<?xml version="1.0" encoding="UTF-8"?>
<testsuite xmlns:xsi="http://www.w3.org/2001/XMLSchema-instance" xsi:noNamespaceSchemaLocation="https://maven.apache.org/surefire/maven-surefire-plugin/xsd/surefire-test-report-3.0.xsd" version="3.0" name="org.apache.hive.hcatalog.pig.TestParquetHCatLoader" time="60.874" tests="14" errors="1" skipped="0" failures="0">
  <properties>
    <property name="sun.desktop" value="gnome"/>
    <property name="build.test.dir" value="/home/alex/Repositories/hive/hcatalog/hcatalog-pig-adapter/target/tmp"/>
    <property name="awt.toolkit" value="sun.awt.X11.XToolkit"/>
    <property name="test.tmp.dir.uri" value="file:///home/alex/Repositories/hive/hcatalog/hcatalog-pig-adapter/target/tmp"/>
    <property name="file.encoding.pkg" value="sun.io"/>
    <property name="java.specification.version" value="1.8"/>
    <property name="qfile" value=""/>
    <property name="log4j.configurationFile" value="file:///home/alex/Repositories/hive/hcatalog/hcatalog-pig-adapter/target/testconf/hive-log4j2.properties"/>
    <property name="sun.cpu.isalist" value=""/>
    <property name="test.warehouse.dir" value="pfile:///home/alex/Repositories/hive/hcatalog/hcatalog-pig-adapter/target/warehouse"/>
    <property name="sun.jnu.encoding" value="UTF-8"/>
    <property name="java.class.path" value="/home/alex/Repositories/hive/hcatalog/hcatalog-pig-adapter/target/test-classes:/home/alex/Repositories/hive/hcatalog/hcatalog-pig-adapter/target/classes:/home/alex/Repositories/hive/hcatalog/core/target/classes:/home/alex/Repositories/hive/cli/target/classes:/home/alex/Repositories/hive/service/target/classes:/home/alex/Repositories/hive/llap-server/target/classes:/home/alex/.m2/repository/com/lmax/disruptor/3.3.7/disruptor-3.3.7.jar:/home/alex/Repositories/hive/llap-common/target/test-classes:/home/alex/Repositories/hive/hplsql/target/classes:/home/alex/.m2/repository/org/antlr/antlr4-runtime/4.5/antlr4-runtime-4.5.jar:/home/alex/.m2/repository/org/abego/treelayout/org.abego.treelayout.core/1.0.1/org.abego.treelayout.core-1.0.1.jar:/home/alex/.m2/repository/javax/servlet/jsp/javax.servlet.jsp-api/2.3.1/javax.servlet.jsp-api-2.3.1.jar:/home/alex/.m2/repository/org/eclipse/jetty/jetty-runner/9.3.27.v20190418/jetty-runner-9.3.27.v20190418.jar:/home/alex/.m2/repository/org/eclipse/jetty/jetty-plus/9.3.27.v20190418/jetty-plus-9.3.27.v20190418.jar:/home/alex/.m2/repository/org/eclipse/jetty/jetty-annotations/9.3.27.v20190418/jetty-annotations-9.3.27.v20190418.jar:/home/alex/.m2/repository/org/ow2/asm/asm-commons/6.0/asm-commons-6.0.jar:/home/alex/.m2/repository/org/ow2/asm/asm-tree/6.0/asm-tree-6.0.jar:/home/alex/.m2/repository/org/eclipse/jetty/jetty-jaas/9.3.27.v20190418/jetty-jaas-9.3.27.v20190418.jar:/home/alex/.m2/repository/org/eclipse/jetty/websocket/websocket-server/9.3.27.v20190418/websocket-server-9.3.27.v20190418.jar:/home/alex/.m2/repository/org/eclipse/jetty/websocket/websocket-common/9.3.27.v20190418/websocket-common-9.3.27.v20190418.jar:/home/alex/.m2/repository/org/eclipse/jetty/websocket/websocket-api/9.3.27.v20190418/websocket-api-9.3.27.v20190418.jar:/home/alex/.m2/repository/org/eclipse/jetty/websocket/websocket-client/9.3.27.v20190418/websocket-client-9.3.27.v20190418.jar:/home/alex/.m2/repository/org/eclipse/jetty/websocket/websocket-servlet/9.3.27.v20190418/websocket-servlet-9.3.27.v20190418.jar:/home/alex/.m2/repository/org/eclipse/jetty/jetty-jndi/9.3.27.v20190418/jetty-jndi-9.3.27.v20190418.jar:/home/alex/.m2/repository/org/eclipse/jetty/apache-jsp/9.3.27.v20190418/apache-jsp-9.3.27.v20190418.jar:/home/alex/.m2/repository/org/eclipse/jetty/toolchain/jetty-schemas/3.1/jetty-schemas-3.1.jar:/home/alex/.m2/repository/org/eclipse/jdt/core/compiler/ecj/4.4.2/ecj-4.4.2.jar:/home/alex/.m2/repository/org/eclipse/jetty/apache-jstl/9.3.27.v20190418/apache-jstl-9.3.27.v20190418.jar:/home/alex/.m2/repository/org/apache/taglibs/taglibs-standard-spec/1.2.5/taglibs-standard-spec-1.2.5.jar:/home/alex/.m2/repository/org/apache/taglibs/taglibs-standard-impl/1.2.5/taglibs-standard-impl-1.2.5.jar:/home/alex/.m2/repository/org/bouncycastle/bcprov-jdk15on/1.64/bcprov-jdk15on-1.64.jar:/home/alex/.m2/repository/org/apache/santuario/xmlsec/2.2.1/xmlsec-2.2.1.jar:/home/alex/.m2/repository/org/jamon/jamon-runtime/2.3.1/jamon-runtime-2.3.1.jar:/home/alex/Repositories/hive/common/target/classes:/home/alex/Repositories/hive/classification/target/classes:/home/alex/.m2/repository/org/eclipse/jetty/jetty-http/9.3.27.v20190418/jetty-http-9.3.27.v20190418.jar:/home/alex/.m2/repository/org/eclipse/jetty/jetty-rewrite/9.3.27.v20190418/jetty-rewrite-9.3.27.v20190418.jar:/home/alex/.m2/repository/org/eclipse/jetty/jetty-client/9.3.27.v20190418/jetty-client-9.3.27.v20190418.jar:/home/alex/.m2/repository/org/apache/logging/log4j/log4j-web/2.13.2/log4j-web-2.13.2.jar:/home/alex/.m2/repository/net/sf/jpam/jpam/1.1/jpam-1.1.jar:/home/alex/Repositories/hive/metastore/target/classes:/home/alex/Repositories/hive/ql/target/classes:/home/alex/.m2/repository/com/google/guava/guava/19.0/guava-19.0.jar:/home/alex/.m2/repository/com/fasterxml/jackson/core/jackson-annotations/2.12.0/jackson-annotations-2.12.0.jar:/home/alex/.m2/repository/com/fasterxml/jackson/core/jackson-core/2.12.0/jackson-core-2.12.0.jar:/home/alex/.m2/repository/com/fasterxml/jackson/core/jackson-databind/2.12.0/jackson-databind-2.12.0.jar:/home/alex/.m2/repository/org/apache/hadoop/hadoop-annotations/3.1.0/hadoop-annotations-3.1.0.jar:/usr/lib/jvm/java-8-openjdk-amd64/jre/../lib/tools.jar:/home/alex/.m2/repository/org/apache/hadoop/hadoop-archives/3.1.0/hadoop-archives-3.1.0.jar:/home/alex/.m2/repository/org/apache/hadoop/hadoop-common/3.1.0/hadoop-common-3.1.0.jar:/home/alex/.m2/repository/commons-cli/commons-cli/1.4/commons-cli-1.4.jar:/home/alex/.m2/repository/org/apache/commons/commons-math3/3.6.1/commons-math3-3.6.1.jar:/home/alex/.m2/repository/commons-codec/commons-codec/1.15/commons-codec-1.15.jar:/home/alex/.m2/repository/commons-io/commons-io/2.6/commons-io-2.6.jar:/home/alex/.m2/repository/commons-net/commons-net/3.6/commons-net-3.6.jar:/home/alex/.m2/repository/commons-collections/commons-collections/3.2.2/commons-collections-3.2.2.jar:/home/alex/.m2/repository/javax/servlet/javax.servlet-api/3.1.0/javax.servlet-api-3.1.0.jar:/home/alex/.m2/repository/org/eclipse/jetty/jetty-server/9.3.27.v20190418/jetty-server-9.3.27.v20190418.jar:/home/alex/.m2/repository/org/eclipse/jetty/jetty-io/9.3.27.v20190418/jetty-io-9.3.27.v20190418.jar:/home/alex/.m2/repository/org/eclipse/jetty/jetty-util/9.3.27.v20190418/jetty-util-9.3.27.v20190418.jar:/home/alex/.m2/repository/org/eclipse/jetty/jetty-servlet/9.3.27.v20190418/jetty-servlet-9.3.27.v20190418.jar:/home/alex/.m2/repository/org/eclipse/jetty/jetty-security/9.3.27.v20190418/jetty-security-9.3.27.v20190418.jar:/home/alex/.m2/repository/org/eclipse/jetty/jetty-webapp/9.3.27.v20190418/jetty-webapp-9.3.27.v20190418.jar:/home/alex/.m2/repository/org/eclipse/jetty/jetty-xml/9.3.27.v20190418/jetty-xml-9.3.27.v20190418.jar:/home/alex/.m2/repository/javax/servlet/jsp/jsp-api/2.1/jsp-api-2.1.jar:/home/alex/.m2/repository/com/sun/jersey/jersey-core/1.19/jersey-core-1.19.jar:/home/alex/.m2/repository/javax/ws/rs/jsr311-api/1.1.1/jsr311-api-1.1.1.jar:/home/alex/.m2/repository/com/sun/jersey/jersey-json/1.19/jersey-json-1.19.jar:/home/alex/.m2/repository/org/codehaus/jettison/jettison/1.1/jettison-1.1.jar:/home/alex/.m2/repository/com/sun/xml/bind/jaxb-impl/2.2.3-1/jaxb-impl-2.2.3-1.jar:/home/alex/.m2/repository/org/codehaus/jackson/jackson-jaxrs/1.9.2/jackson-jaxrs-1.9.2.jar:/home/alex/.m2/repository/org/codehaus/jackson/jackson-xc/1.9.2/jackson-xc-1.9.2.jar:/home/alex/.m2/repository/com/sun/jersey/jersey-server/1.19/jersey-server-1.19.jar:/home/alex/.m2/repository/log4j/log4j/1.2.17/log4j-1.2.17.jar:/home/alex/.m2/repository/commons-lang/commons-lang/2.6/commons-lang-2.6.jar:/home/alex/.m2/repository/org/apache/commons/commons-configuration2/2.1.1/commons-configuration2-2.1.1.jar:/home/alex/.m2/repository/org/apache/commons/commons-lang3/3.4/commons-lang3-3.4.jar:/home/alex/.m2/repository/org/apache/avro/avro/1.8.2/avro-1.8.2.jar:/home/alex/.m2/repository/com/thoughtworks/paranamer/paranamer/2.8/paranamer-2.8.jar:/home/alex/.m2/repository/org/xerial/snappy/snappy-java/1.1.4/snappy-java-1.1.4.jar:/home/alex/.m2/repository/org/tukaani/xz/1.5/xz-1.5.jar:/home/alex/.m2/repository/com/google/re2j/re2j/1.2/re2j-1.2.jar:/home/alex/.m2/repository/com/google/protobuf/protobuf-java/2.5.0/protobuf-java-2.5.0.jar:/home/alex/.m2/repository/com/google/code/gson/gson/2.2.4/gson-2.2.4.jar:/home/alex/.m2/repository/org/apache/hadoop/hadoop-auth/3.1.0/hadoop-auth-3.1.0.jar:/home/alex/.m2/repository/com/nimbusds/nimbus-jose-jwt/4.41.1/nimbus-jose-jwt-4.41.1.jar:/home/alex/.m2/repository/com/github/stephenc/jcip/jcip-annotations/1.0-1/jcip-annotations-1.0-1.jar:/home/alex/.m2/repository/net/minidev/json-smart/2.3/json-smart-2.3.jar:/home/alex/.m2/repository/net/minidev/accessors-smart/1.2/accessors-smart-1.2.jar:/home/alex/.m2/repository/org/ow2/asm/asm/5.0.4/asm-5.0.4.jar:/home/alex/.m2/repository/com/jcraft/jsch/0.1.54/jsch-0.1.54.jar:/home/alex/.m2/repository/com/google/code/findbugs/jsr305/3.0.0/jsr305-3.0.0.jar:/home/alex/.m2/repository/org/apache/htrace/htrace-core4/4.1.0-incubating/htrace-core4-4.1.0-incubating.jar:/home/alex/.m2/repository/org/apache/commons/commons-compress/1.21/commons-compress-1.21.jar:/home/alex/.m2/repository/org/apache/kerby/kerb-simplekdc/1.0.1/kerb-simplekdc-1.0.1.jar:/home/alex/.m2/repository/org/apache/kerby/kerb-client/1.0.1/kerb-client-1.0.1.jar:/home/alex/.m2/repository/org/apache/kerby/kerby-config/1.0.1/kerby-config-1.0.1.jar:/home/alex/.m2/repository/org/apache/kerby/kerb-core/1.0.1/kerb-core-1.0.1.jar:/home/alex/.m2/repository/org/apache/kerby/kerby-pkix/1.0.1/kerby-pkix-1.0.1.jar:/home/alex/.m2/repository/org/apache/kerby/kerby-asn1/1.0.1/kerby-asn1-1.0.1.jar:/home/alex/.m2/repository/org/apache/kerby/kerby-util/1.0.1/kerby-util-1.0.1.jar:/home/alex/.m2/repository/org/apache/kerby/kerb-common/1.0.1/kerb-common-1.0.1.jar:/home/alex/.m2/repository/org/apache/kerby/kerb-crypto/1.0.1/kerb-crypto-1.0.1.jar:/home/alex/.m2/repository/org/apache/kerby/kerb-util/1.0.1/kerb-util-1.0.1.jar:/home/alex/.m2/repository/org/apache/kerby/token-provider/1.0.1/token-provider-1.0.1.jar:/home/alex/.m2/repository/org/apache/kerby/kerb-admin/1.0.1/kerb-admin-1.0.1.jar:/home/alex/.m2/repository/org/apache/kerby/kerb-server/1.0.1/kerb-server-1.0.1.jar:/home/alex/.m2/repository/org/apache/kerby/kerb-identity/1.0.1/kerb-identity-1.0.1.jar:/home/alex/.m2/repository/org/apache/kerby/kerby-xdr/1.0.1/kerby-xdr-1.0.1.jar:/home/alex/.m2/repository/org/codehaus/woodstox/stax2-api/3.1.4/stax2-api-3.1.4.jar:/home/alex/.m2/repository/com/fasterxml/woodstox/woodstox-core/5.0.3/woodstox-core-5.0.3.jar:/home/alex/.m2/repository/org/apache/hadoop/hadoop-mapreduce-client-jobclient/3.1.0/hadoop-mapreduce-client-jobclient-3.1.0.jar:/home/alex/.m2/repository/com/google/inject/extensions/guice-servlet/4.0/guice-servlet-4.0.jar:/home/alex/.m2/repository/com/google/inject/guice/4.0/guice-4.0.jar:/home/alex/.m2/repository/aopalliance/aopalliance/1.0/aopalliance-1.0.jar:/home/alex/.m2/repository/org/apache/hadoop/hadoop-mapreduce-client-core/3.1.0/hadoop-mapreduce-client-core-3.1.0.jar:/home/alex/.m2/repository/org/apache/hadoop/hadoop-yarn-client/3.1.0/hadoop-yarn-client-3.1.0.jar:/home/alex/.m2/repository/org/apache/hadoop/hadoop-yarn-api/3.1.0/hadoop-yarn-api-3.1.0.jar:/home/alex/.m2/repository/org/apache/hadoop/hadoop-yarn-common/3.1.0/hadoop-yarn-common-3.1.0.jar:/home/alex/.m2/repository/javax/xml/bind/jaxb-api/2.2.11/jaxb-api-2.2.11.jar:/home/alex/.m2/repository/com/sun/jersey/jersey-client/1.19/jersey-client-1.19.jar:/home/alex/.m2/repository/com/sun/jersey/contribs/jersey-guice/1.19/jersey-guice-1.19.jar:/home/alex/.m2/repository/com/fasterxml/jackson/module/jackson-module-jaxb-annotations/2.12.0/jackson-module-jaxb-annotations-2.12.0.jar:/home/alex/.m2/repository/jakarta/xml/bind/jakarta.xml.bind-api/2.3.2/jakarta.xml.bind-api-2.3.2.jar:/home/alex/.m2/repository/jakarta/activation/jakarta.activation-api/1.2.1/jakarta.activation-api-1.2.1.jar:/home/alex/.m2/repository/com/fasterxml/jackson/jaxrs/jackson-jaxrs-json-provider/2.12.0/jackson-jaxrs-json-provider-2.12.0.jar:/home/alex/.m2/repository/org/apache/hadoop/hadoop-hdfs-client/3.1.0/hadoop-hdfs-client-3.1.0.jar:/home/alex/.m2/repository/com/squareup/okhttp/okhttp/2.7.5/okhttp-2.7.5.jar:/home/alex/.m2/repository/com/squareup/okio/okio/1.6.0/okio-1.6.0.jar:/home/alex/.m2/repository/org/apache/pig/pig/0.16.0/pig-0.16.0-h2.jar:/home/alex/.m2/repository/xmlenc/xmlenc/0.52/xmlenc-0.52.jar:/home/alex/.m2/repository/commons-httpclient/commons-httpclient/3.1/commons-httpclient-3.1.jar:/home/alex/.m2/repository/org/mortbay/jetty/jetty/6.1.26/jetty-6.1.26.jar:/home/alex/.m2/repository/org/mortbay/jetty/servlet-api/2.5-20081211/servlet-api-2.5-20081211.jar:/home/alex/.m2/repository/org/mortbay/jetty/jetty-util/6.1.26/jetty-util-6.1.26.jar:/home/alex/.m2/repository/org/mortbay/jetty/jsp-api-2.1/6.1.14/jsp-api-2.1-6.1.14.jar:/home/alex/.m2/repository/org/mortbay/jetty/jsp-2.1/6.1.14/jsp-2.1-6.1.14.jar:/home/alex/.m2/repository/org/eclipse/jdt/core/3.1.1/core-3.1.1.jar:/home/alex/.m2/repository/ant/ant/1.6.5/ant-1.6.5.jar:/home/alex/.m2/repository/commons-el/commons-el/1.0/commons-el-1.0.jar:/home/alex/.m2/repository/net/java/dev/jets3t/jets3t/0.7.1/jets3t-0.7.1.jar:/home/alex/.m2/repository/org/mortbay/jetty/servlet-api-2.5/6.1.14/servlet-api-2.5-6.1.14.jar:/home/alex/.m2/repository/net/sf/kosmosfs/kfs/0.3/kfs-0.3.jar:/home/alex/.m2/repository/junit/junit/4.13/junit-4.13.jar:/home/alex/.m2/repository/org/hamcrest/hamcrest-core/1.3/hamcrest-core-1.3.jar:/home/alex/.m2/repository/hsqldb/hsqldb/1.8.0.10/hsqldb-1.8.0.10.jar:/home/alex/.m2/repository/oro/oro/2.0.8/oro-2.0.8.jar:/home/alex/.m2/repository/org/antlr/ST4/4.0.4/ST4-4.0.4.jar:/home/alex/.m2/repository/org/antlr/antlr-runtime/3.5.2/antlr-runtime-3.5.2.jar:/home/alex/.m2/repository/dk/brics/automaton/automaton/1.11-8/automaton-1.11-8.jar:/home/alex/.m2/repository/org/codehaus/jackson/jackson-mapper-asl/1.8.8/jackson-mapper-asl-1.8.8.jar:/home/alex/.m2/repository/org/codehaus/jackson/jackson-core-asl/1.8.8/jackson-core-asl-1.8.8.jar:/home/alex/.m2/repository/org/apache/ivy/ivy/2.2.0/ivy-2.2.0.jar:/home/alex/.m2/repository/org/apache/hadoop/hadoop-hdfs/3.1.0/hadoop-hdfs-3.1.0.jar:/home/alex/.m2/repository/org/eclipse/jetty/jetty-util-ajax/9.3.19.v20170502/jetty-util-ajax-9.3.19.v20170502.jar:/home/alex/.m2/repository/commons-logging/commons-logging/1.1.3/commons-logging-1.1.3.jar:/home/alex/.m2/repository/commons-daemon/commons-daemon/1.0.13/commons-daemon-1.0.13.jar:/home/alex/.m2/repository/io/netty/netty-all/4.1.65.Final/netty-all-4.1.65.Final.jar:/home/alex/.m2/repository/org/fusesource/leveldbjni/leveldbjni-all/1.8/leveldbjni-all-1.8.jar:/home/alex/.m2/repository/joda-time/joda-time/2.9.9/joda-time-2.9.9.jar:/home/alex/Repositories/hive/hcatalog/core/target/test-classes:/home/alex/.m2/repository/jline/jline/0.9.94/jline-0.9.94.jar:/home/alex/Repositories/hive/ql/target/test-classes:/home/alex/.m2/repository/org/apache/atlas/atlas-client-v2/2.1.0/atlas-client-v2-2.1.0.jar:/home/alex/.m2/repository/cglib/cglib/2.2.2/cglib-2.2.2.jar:/home/alex/.m2/repository/asm/asm/3.3.1/asm-3.3.1.jar:/home/alex/.m2/repository/org/apache/atlas/atlas-client-common/2.1.0/atlas-client-common-2.1.0.jar:/home/alex/.m2/repository/org/apache/atlas/atlas-intg/2.1.0/atlas-intg-2.1.0.jar:/home/alex/.m2/repository/commons-validator/commons-validator/1.6/commons-validator-1.6.jar:/home/alex/.m2/repository/commons-digester/commons-digester/1.8.1/commons-digester-1.8.1.jar:/home/alex/.m2/repository/com/fasterxml/jackson/jaxrs/jackson-jaxrs-base/2.12.0/jackson-jaxrs-base-2.12.0.jar:/home/alex/.m2/repository/javax/inject/javax.inject/1/javax.inject-1.jar:/home/alex/.m2/repository/org/springframework/spring-context/4.3.20.RELEASE/spring-context-4.3.20.RELEASE.jar:/home/alex/.m2/repository/org/springframework/spring-aop/4.3.20.RELEASE/spring-aop-4.3.20.RELEASE.jar:/home/alex/.m2/repository/org/springframework/spring-beans/4.3.20.RELEASE/spring-beans-4.3.20.RELEASE.jar:/home/alex/.m2/repository/org/springframework/spring-core/4.3.20.RELEASE/spring-core-4.3.20.RELEASE.jar:/home/alex/.m2/repository/org/springframework/spring-expression/4.3.20.RELEASE/spring-expression-4.3.20.RELEASE.jar:/home/alex/.m2/repository/commons-configuration/commons-configuration/1.10/commons-configuration-1.10.jar:/home/alex/Repositories/hive/vector-code-gen/target/classes:/home/alex/.m2/repository/org/apache/velocity/velocity/1.5/velocity-1.5.jar:/home/alex/Repositories/hive/serde/target/classes:/home/alex/.m2/repository/org/apache/arrow/arrow-vector/0.15.1/arrow-vector-0.15.1.jar:/home/alex/.m2/repository/org/apache/arrow/arrow-format/0.15.1/arrow-format-0.15.1.jar:/home/alex/.m2/repository/org/apache/arrow/arrow-memory/0.15.1/arrow-memory-0.15.1.jar:/home/alex/.m2/repository/com/google/flatbuffers/flatbuffers-java/1.9.0/flatbuffers-java-1.9.0.jar:/home/alex/.m2/repository/com/carrotsearch/hppc/0.7.2/hppc-0.7.2.jar:/home/alex/.m2/repository/com/github/davidmoten/flatbuffers-java/1.6.0.1/flatbuffers-java-1.6.0.1.jar:/home/alex/Repositories/hive/parser/target/classes:/home/alex/Repositories/hive/udf/target/classes:/home/alex/Repositories/hive/service-rpc/target/classes:/home/alex/Repositories/hive/llap-client/target/classes:/home/alex/Repositories/hive/llap-common/target/classes:/home/alex/.m2/repository/io/jsonwebtoken/jjwt-api/0.10.5/jjwt-api-0.10.5.jar:/home/alex/.m2/repository/io/jsonwebtoken/jjwt-impl/0.10.5/jjwt-impl-0.10.5.jar:/home/alex/.m2/repository/io/jsonwebtoken/jjwt-jackson/0.10.5/jjwt-jackson-0.10.5.jar:/home/alex/Repositories/hive/llap-tez/target/classes:/home/alex/Repositories/hive/shims/aggregator/target/classes:/home/alex/Repositories/hive/shims/common/target/classes:/home/alex/Repositories/hive/shims/0.23/target/classes:/home/alex/.m2/repository/org/apache/hadoop/hadoop-yarn-server-resourcemanager/3.1.0/hadoop-yarn-server-resourcemanager-3.1.0.jar:/home/alex/.m2/repository/org/apache/hadoop/hadoop-yarn-server-common/3.1.0/hadoop-yarn-server-common-3.1.0.jar:/home/alex/.m2/repository/org/apache/geronimo/specs/geronimo-jcache_1.0_spec/1.0-alpha-1/geronimo-jcache_1.0_spec-1.0-alpha-1.jar:/home/alex/.m2/repository/org/ehcache/ehcache/3.3.1/ehcache-3.3.1.jar:/home/alex/.m2/repository/com/zaxxer/HikariCP-java7/2.4.12/HikariCP-java7-2.4.12.jar:/home/alex/.m2/repository/org/apache/hadoop/hadoop-yarn-server-applicationhistoryservice/3.1.0/hadoop-yarn-server-applicationhistoryservice-3.1.0.jar:/home/alex/.m2/repository/de/ruedigermoeller/fst/2.50/fst-2.50.jar:/home/alex/.m2/repository/com/cedarsoftware/java-util/1.9.0/java-util-1.9.0.jar:/home/alex/.m2/repository/com/cedarsoftware/json-io/2.5.1/json-io-2.5.1.jar:/home/alex/Repositories/hive/shims/scheduler/target/classes:/home/alex/Repositories/hive/spark-client/target/classes:/home/alex/.m2/repository/com/fasterxml/jackson/module/jackson-module-scala_2.12/2.12.0/jackson-module-scala_2.12-2.12.0.jar:/home/alex/.m2/repository/org/scala-lang/scala-library/2.12.10/scala-library-2.12.10.jar:/home/alex/.m2/repository/org/apache/spark/spark-core_2.12/2.4.5/spark-core_2.12-2.4.5.jar:/home/alex/.m2/repository/com/twitter/chill_2.12/0.9.3/chill_2.12-0.9.3.jar:/home/alex/.m2/repository/com/twitter/chill-java/0.9.3/chill-java-0.9.3.jar:/home/alex/.m2/repository/org/apache/xbean/xbean-asm6-shaded/4.8/xbean-asm6-shaded-4.8.jar:/home/alex/.m2/repository/org/apache/hadoop/hadoop-client/3.1.0/hadoop-client-3.1.0.jar:/home/alex/.m2/repository/org/apache/spark/spark-launcher_2.12/2.4.5/spark-launcher_2.12-2.4.5.jar:/home/alex/.m2/repository/org/apache/spark/spark-kvstore_2.12/2.4.5/spark-kvstore_2.12-2.4.5.jar:/home/alex/.m2/repository/org/apache/spark/spark-network-common_2.12/2.4.5/spark-network-common_2.12-2.4.5.jar:/home/alex/.m2/repository/org/apache/spark/spark-network-shuffle_2.12/2.4.5/spark-network-shuffle_2.12-2.4.5.jar:/home/alex/.m2/repository/org/apache/spark/spark-unsafe_2.12/2.4.5/spark-unsafe_2.12-2.4.5.jar:/home/alex/.m2/repository/javax/activation/activation/1.1.1/activation-1.1.1.jar:/home/alex/.m2/repository/org/slf4j/jul-to-slf4j/1.7.16/jul-to-slf4j-1.7.16.jar:/home/alex/.m2/repository/org/slf4j/jcl-over-slf4j/1.7.16/jcl-over-slf4j-1.7.16.jar:/home/alex/.m2/repository/com/ning/compress-lzf/1.0.3/compress-lzf-1.0.3.jar:/home/alex/.m2/repository/org/roaringbitmap/RoaringBitmap/0.7.45/RoaringBitmap-0.7.45.jar:/home/alex/.m2/repository/org/roaringbitmap/shims/0.7.45/shims-0.7.45.jar:/home/alex/.m2/repository/org/json4s/json4s-jackson_2.12/3.5.3/json4s-jackson_2.12-3.5.3.jar:/home/alex/.m2/repository/org/json4s/json4s-core_2.12/3.5.3/json4s-core_2.12-3.5.3.jar:/home/alex/.m2/repository/org/json4s/json4s-ast_2.12/3.5.3/json4s-ast_2.12-3.5.3.jar:/home/alex/.m2/repository/org/json4s/json4s-scalap_2.12/3.5.3/json4s-scalap_2.12-3.5.3.jar:/home/alex/.m2/repository/org/scala-lang/modules/scala-xml_2.12/1.0.6/scala-xml_2.12-1.0.6.jar:/home/alex/.m2/repository/com/clearspring/analytics/stream/2.7.0/stream-2.7.0.jar:/home/alex/.m2/repository/io/dropwizard/metrics/metrics-graphite/3.1.5/metrics-graphite-3.1.5.jar:/home/alex/.m2/repository/net/razorvine/pyrolite/4.13/pyrolite-4.13.jar:/home/alex/.m2/repository/net/sf/py4j/py4j/0.10.7/py4j-0.10.7.jar:/home/alex/.m2/repository/org/apache/spark/spark-tags_2.12/2.4.5/spark-tags_2.12-2.4.5.jar:/home/alex/.m2/repository/org/apache/commons/commons-crypto/1.0.0/commons-crypto-1.0.0.jar:/home/alex/.m2/repository/org/spark-project/spark/unused/1.0.0/unused-1.0.0.jar:/home/alex/.m2/repository/org/apache/spark/spark-yarn_2.12/2.4.5/spark-yarn_2.12-2.4.5.jar:/home/alex/.m2/repository/org/apache/hadoop/hadoop-yarn-server-web-proxy/3.1.0/hadoop-yarn-server-web-proxy-3.1.0.jar:/home/alex/Repositories/hive/storage-api/target/classes:/home/alex/.m2/repository/com/amazonaws/secretsmanager/aws-secretsmanager-caching-java/1.0.1/aws-secretsmanager-caching-java-1.0.1.jar:/home/alex/.m2/repository/com/esotericsoftware/kryo/5.0.3/kryo-5.0.3.jar:/home/alex/.m2/repository/com/esotericsoftware/minlog/1.3.1/minlog-1.3.1.jar:/home/alex/.m2/repository/com/esotericsoftware/reflectasm/1.11.9/reflectasm-1.11.9.jar:/home/alex/.m2/repository/org/apache/parquet/parquet-hadoop-bundle/1.11.1/parquet-hadoop-bundle-1.11.1.jar:/home/alex/.m2/repository/org/apache/commons/commons-collections4/4.1/commons-collections4-4.1.jar:/home/alex/.m2/repository/org/apache/commons/commons-text/1.8/commons-text-1.8.jar:/home/alex/.m2/repository/javolution/javolution/5.5.1/javolution-5.5.1.jar:/home/alex/.m2/repository/org/apache/logging/log4j/log4j-1.2-api/2.13.2/log4j-1.2-api-2.13.2.jar:/home/alex/.m2/repository/org/apache/logging/log4j/log4j-api/2.13.2/log4j-api-2.13.2.jar:/home/alex/.m2/repository/org/apache/logging/log4j/log4j-core/2.13.2/log4j-core-2.13.2.jar:/home/alex/.m2/repository/org/apache/logging/log4j/log4j-slf4j-impl/2.13.2/log4j-slf4j-impl-2.13.2.jar:/home/alex/.m2/repository/org/apache/avro/avro-mapred/1.8.2/avro-mapred-1.8.2-hadoop2.jar:/home/alex/.m2/repository/org/apache/avro/avro-ipc/1.8.2/avro-ipc-1.8.2.jar:/home/alex/.m2/repository/org/apache/ant/ant/1.9.1/ant-1.9.1.jar:/home/alex/.m2/repository/org/apache/ant/ant-launcher/1.9.1/ant-launcher-1.9.1.jar:/home/alex/.m2/repository/org/apache/thrift/libfb303/0.9.3/libfb303-0.9.3.jar:/home/alex/.m2/repository/org/apache/hadoop/hadoop-yarn-registry/3.1.0/hadoop-yarn-registry-3.1.0.jar:/home/alex/.m2/repository/dnsjava/dnsjava/2.1.7/dnsjava-2.1.7.jar:/home/alex/.m2/repository/org/apache/orc/orc-tools/1.6.9/orc-tools-1.6.9.jar:/home/alex/.m2/repository/com/opencsv/opencsv/3.9/opencsv-3.9.jar:/home/alex/.m2/repository/org/threeten/threetenbp/1.3.5/threetenbp-1.3.5.jar:/home/alex/.m2/repository/org/apache/thrift/libthrift/0.14.1/libthrift-0.14.1.jar:/home/alex/.m2/repository/org/apache/httpcomponents/httpcore/4.4.13/httpcore-4.4.13.jar:/home/alex/.m2/repository/org/apache/tomcat/embed/tomcat-embed-core/8.5.46/tomcat-embed-core-8.5.46.jar:/home/alex/.m2/repository/org/apache/tomcat/tomcat-annotations-api/8.5.46/tomcat-annotations-api-8.5.46.jar:/home/alex/.m2/repository/javax/annotation/javax.annotation-api/1.3.2/javax.annotation-api-1.3.2.jar:/home/alex/.m2/repository/org/apache/zookeeper/zookeeper/3.5.5/zookeeper-3.5.5.jar:/home/alex/.m2/repository/org/apache/zookeeper/zookeeper-jute/3.5.5/zookeeper-jute-3.5.5.jar:/home/alex/.m2/repository/org/apache/yetus/audience-annotations/0.5.0/audience-annotations-0.5.0.jar:/home/alex/.m2/repository/org/apache/curator/curator-framework/4.2.0/curator-framework-4.2.0.jar:/home/alex/.m2/repository/org/apache/datasketches/datasketches-hive/1.1.0-incubating/datasketches-hive-1.1.0-incubating.jar:/home/alex/.m2/repository/org/apache/datasketches/datasketches-java/1.3.0-incubating/datasketches-java-1.3.0-incubating.jar:/home/alex/.m2/repository/org/apache/datasketches/datasketches-memory/1.2.0-incubating/datasketches-memory-1.2.0-incubating.jar:/home/alex/.m2/repository/org/slf4j/slf4j-simple/1.7.27/slf4j-simple-1.7.27.jar:/home/alex/.m2/repository/org/codehaus/groovy/groovy-all/2.4.11/groovy-all-2.4.11.jar:/home/alex/.m2/repository/org/jodd/jodd-util/6.0.0/jodd-util-6.0.0.jar:/home/alex/.m2/repository/com/fasterxml/jackson/dataformat/jackson-dataformat-yaml/2.12.0/jackson-dataformat-yaml-2.12.0.jar:/home/alex/.m2/repository/org/yaml/snakeyaml/1.27/snakeyaml-1.27.jar:/home/alex/.m2/repository/org/datanucleus/datanucleus-core/5.2.4/datanucleus-core-5.2.4.jar:/home/alex/.m2/repository/org/apache/calcite/calcite-core/1.25.0/calcite-core-1.25.0.jar:/home/alex/.m2/repository/org/apache/calcite/calcite-linq4j/1.25.0/calcite-linq4j-1.25.0.jar:/home/alex/.m2/repository/org/apiguardian/apiguardian-api/1.1.0/apiguardian-api-1.1.0.jar:/home/alex/.m2/repository/com/esri/geometry/esri-geometry-api/2.2.0/esri-geometry-api-2.2.0.jar:/home/alex/.m2/repository/com/yahoo/datasketches/sketches-core/0.9.0/sketches-core-0.9.0.jar:/home/alex/.m2/repository/com/yahoo/datasketches/memory/0.9.0/memory-0.9.0.jar:/home/alex/.m2/repository/org/apache/calcite/calcite-druid/1.25.0/calcite-druid-1.25.0.jar:/home/alex/.m2/repository/org/apache/calcite/avatica/avatica/1.12.0/avatica-1.12.0.jar:/home/alex/.m2/repository/com/googlecode/javaewah/JavaEWAH/0.3.2/JavaEWAH-0.3.2.jar:/home/alex/.m2/repository/com/tdunning/json/1.8/json-1.8.jar:/home/alex/.m2/repository/stax/stax-api/1.0.1/stax-api-1.0.1.jar:/home/alex/.m2/repository/net/sf/opencsv/opencsv/2.3/opencsv-2.3.jar:/home/alex/Repositories/hive/standalone-metastore/metastore-server/target/classes:/home/alex/.m2/repository/org/reflections/reflections/0.9.10/reflections-0.9.10.jar:/home/alex/.m2/repository/org/javassist/javassist/3.19.0-GA/javassist-3.19.0-GA.jar:/home/alex/.m2/repository/com/jayway/jsonpath/json-path/2.4.0/json-path-2.4.0.jar:/home/alex/.m2/repository/org/codehaus/janino/commons-compiler/3.0.11/commons-compiler-3.0.11.jar:/home/alex/.m2/repository/org/codehaus/janino/janino/3.0.11/janino-3.0.11.jar:/home/alex/.m2/repository/com/sun/jersey/contribs/jersey-multipart/1.19/jersey-multipart-1.19.jar:/home/alex/.m2/repository/org/jvnet/mimepull/mimepull/1.9.3/mimepull-1.9.3.jar:/home/alex/.m2/repository/org/apache/kafka/kafka-clients/2.5.0/kafka-clients-2.5.0.jar:/home/alex/.m2/repository/com/github/luben/zstd-jni/1.4.4-7/zstd-jni-1.4.4-7.jar:/home/alex/.m2/repository/org/lz4/lz4-java/1.7.1/lz4-java-1.7.1.jar:/home/alex/.m2/repository/org/apache/hadoop/hadoop-hdfs/3.1.0/hadoop-hdfs-3.1.0-tests.jar:/home/alex/Repositories/hive/standalone-metastore/metastore-server/target/test-classes:/home/alex/Repositories/hive/standalone-metastore/metastore-common/target/classes:/home/alex/.m2/repository/com/github/ben-manes/caffeine/caffeine/2.8.4/caffeine-2.8.4.jar:/home/alex/.m2/repository/org/checkerframework/checker-qual/3.4.0/checker-qual-3.4.0.jar:/home/alex/.m2/repository/com/google/errorprone/error_prone_annotations/2.3.4/error_prone_annotations-2.3.4.jar:/home/alex/.m2/repository/org/apache/orc/orc-core/1.6.9/orc-core-1.6.9.jar:/home/alex/.m2/repository/org/apache/orc/orc-shims/1.6.9/orc-shims-1.6.9.jar:/home/alex/.m2/repository/io/airlift/aircompressor/0.19/aircompressor-0.19.jar:/home/alex/.m2/repository/org/jetbrains/annotations/17.0.0/annotations-17.0.0.jar:/home/alex/.m2/repository/org/threeten/threeten-extra/1.5.0/threeten-extra-1.5.0.jar:/home/alex/.m2/repository/com/github/joshelser/dropwizard-metrics-hadoop-metrics2-reporter/0.1.2/dropwizard-metrics-hadoop-metrics2-reporter-0.1.2.jar:/home/alex/.m2/repository/com/zaxxer/HikariCP/2.6.1/HikariCP-2.6.1.jar:/home/alex/.m2/repository/org/apache/commons/commons-dbcp2/2.7.0/commons-dbcp2-2.7.0.jar:/home/alex/.m2/repository/org/apache/commons/commons-pool2/2.7.0/commons-pool2-2.7.0.jar:/home/alex/.m2/repository/io/dropwizard/metrics/metrics-core/3.1.0/metrics-core-3.1.0.jar:/home/alex/.m2/repository/io/dropwizard/metrics/metrics-jvm/3.1.0/metrics-jvm-3.1.0.jar:/home/alex/.m2/repository/io/dropwizard/metrics/metrics-json/3.1.0/metrics-json-3.1.0.jar:/home/alex/.m2/repository/org/apache/derby/derby/10.14.1.0/derby-10.14.1.0.jar:/home/alex/.m2/repository/commons-beanutils/commons-beanutils/1.9.4/commons-beanutils-1.9.4.jar:/home/alex/.m2/repository/org/datanucleus/datanucleus-api-jdo/5.2.4/datanucleus-api-jdo-5.2.4.jar:/home/alex/.m2/repository/org/datanucleus/datanucleus-rdbms/5.2.4/datanucleus-rdbms-5.2.4.jar:/home/alex/.m2/repository/org/datanucleus/javax.jdo/3.2.0-release/javax.jdo-3.2.0-release.jar:/home/alex/.m2/repository/javax/transaction/javax.transaction-api/1.3/javax.transaction-api-1.3.jar:/home/alex/.m2/repository/org/glassfish/corba/glassfish-corba-omgapi/4.2.2/glassfish-corba-omgapi-4.2.2.jar:/home/alex/.m2/repository/sqlline/sqlline/1.9.0/sqlline-1.9.0.jar:/home/alex/.m2/repository/org/jline/jline-terminal/3.12.1/jline-terminal-3.12.1.jar:/home/alex/.m2/repository/org/jline/jline-reader/3.12.1/jline-reader-3.12.1.jar:/home/alex/.m2/repository/org/jline/jline-terminal-jansi/3.12.1/jline-terminal-jansi-3.12.1.jar:/home/alex/.m2/repository/org/fusesource/jansi/jansi/1.18/jansi-1.18.jar:/home/alex/.m2/repository/org/jline/jline-terminal-jna/3.12.1/jline-terminal-jna-3.12.1.jar:/home/alex/.m2/repository/net/java/dev/jna/jna/5.3.1/jna-5.3.1.jar:/home/alex/.m2/repository/org/jline/jline-builtins/3.12.1/jline-builtins-3.12.1.jar:/home/alex/.m2/repository/org/jline/jline-style/3.12.1/jline-style-3.12.1.jar:/home/alex/.m2/repository/com/cronutils/cron-utils/9.1.3/cron-utils-9.1.3.jar:/home/alex/.m2/repository/org/glassfish/javax.el/3.0.0/javax.el-3.0.0.jar:/home/alex/.m2/repository/com/oracle/database/jdbc/ojdbc8/21.3.0.0/ojdbc8-21.3.0.0.jar:/home/alex/.m2/repository/mysql/mysql-connector-java/8.0.27/mysql-connector-java-8.0.27.jar:/home/alex/.m2/repository/com/microsoft/sqlserver/mssql-jdbc/6.2.1.jre8/mssql-jdbc-6.2.1.jre8.jar:/home/alex/.m2/repository/org/postgresql/postgresql/42.2.14/postgresql-42.2.14.jar:/home/alex/.m2/repository/org/apache/hadoop/hadoop-mapreduce-client-common/3.1.0/hadoop-mapreduce-client-common-3.1.0.jar:/home/alex/.m2/repository/org/apache/hadoop/hadoop-common/3.1.0/hadoop-common-3.1.0-tests.jar:/home/alex/.m2/repository/org/apache/httpcomponents/httpclient/4.5.13/httpclient-4.5.13.jar:/home/alex/.m2/repository/org/apache/curator/curator-client/4.2.0/curator-client-4.2.0.jar:/home/alex/.m2/repository/org/apache/curator/curator-recipes/4.2.0/curator-recipes-4.2.0.jar:/home/alex/.m2/repository/com/sun/jersey/jersey-servlet/1.19/jersey-servlet-1.19.jar:/home/alex/.m2/repository/org/slf4j/slf4j-api/1.7.30/slf4j-api-1.7.30.jar:/home/alex/.m2/repository/org/mockito/mockito-core/3.4.4/mockito-core-3.4.4.jar:/home/alex/.m2/repository/net/bytebuddy/byte-buddy/1.10.13/byte-buddy-1.10.13.jar:/home/alex/.m2/repository/net/bytebuddy/byte-buddy-agent/1.10.13/byte-buddy-agent-1.10.13.jar:/home/alex/.m2/repository/org/objenesis/objenesis/2.6/objenesis-2.6.jar:/home/alex/Repositories/hive/hcatalog/hcatalog-pig-adapter/target/testconf:/home/alex/Repositories/hive/hcatalog/hcatalog-pig-adapter/../../conf:"/>
    <property name="run_disabled" value=""/>
    <property name="java.vm.vendor" value="Private Build"/>
    <property name="sun.arch.data.model" value="64"/>
    <property name="hadoop.version" value="3.1.0"/>
    <property name="java.vendor.url" value="http://java.oracle.com/"/>
    <property name="user.timezone" value=""/>
    <property name="user.country.format" value="PT"/>
    <property name="test.local.warehouse.dir" value="pfile:///home/alex/Repositories/hive/hcatalog/hcatalog-pig-adapter/target/localfs/warehouse"/>
    <property name="os.name" value="Linux"/>
    <property name="java.vm.specification.version" value="1.8"/>
    <property name="test.tmp.dir" value="/home/alex/Repositories/hive/hcatalog/hcatalog-pig-adapter/target/tmp"/>
    <property name="test.build.data" value="/home/alex/Repositories/hive/hcatalog/hcatalog-pig-adapter/target/tmp"/>
    <property name="clustermode" value=""/>
    <property name="sun.java.launcher" value="SUN_STANDARD"/>
    <property name="user.country" value="US"/>
    <property name="test.data.files" value="/home/alex/Repositories/hive/hcatalog/hcatalog-pig-adapter/../../data/files"/>
    <property name="sun.boot.library.path" value="/usr/lib/jvm/java-8-openjdk-amd64/jre/lib/amd64"/>
    <property name="sun.java.command" value="/home/alex/Repositories/hive/hcatalog/hcatalog-pig-adapter/target/surefire/surefirebooter7225598279290602193.jar /home/alex/Repositories/hive/hcatalog/hcatalog-pig-adapter/target/surefire 2024-05-01T09-25-38_262-jvmRun1 surefire5875080625641518120tmp surefire_9597843434761544657378tmp"/>
    <property name="surefire.test.class.path" value="/home/alex/Repositories/hive/hcatalog/hcatalog-pig-adapter/target/test-classes:/home/alex/Repositories/hive/hcatalog/hcatalog-pig-adapter/target/classes:/home/alex/Repositories/hive/hcatalog/core/target/classes:/home/alex/Repositories/hive/cli/target/classes:/home/alex/Repositories/hive/service/target/classes:/home/alex/Repositories/hive/llap-server/target/classes:/home/alex/.m2/repository/com/lmax/disruptor/3.3.7/disruptor-3.3.7.jar:/home/alex/Repositories/hive/llap-common/target/test-classes:/home/alex/Repositories/hive/hplsql/target/classes:/home/alex/.m2/repository/org/antlr/antlr4-runtime/4.5/antlr4-runtime-4.5.jar:/home/alex/.m2/repository/org/abego/treelayout/org.abego.treelayout.core/1.0.1/org.abego.treelayout.core-1.0.1.jar:/home/alex/.m2/repository/javax/servlet/jsp/javax.servlet.jsp-api/2.3.1/javax.servlet.jsp-api-2.3.1.jar:/home/alex/.m2/repository/org/eclipse/jetty/jetty-runner/9.3.27.v20190418/jetty-runner-9.3.27.v20190418.jar:/home/alex/.m2/repository/org/eclipse/jetty/jetty-plus/9.3.27.v20190418/jetty-plus-9.3.27.v20190418.jar:/home/alex/.m2/repository/org/eclipse/jetty/jetty-annotations/9.3.27.v20190418/jetty-annotations-9.3.27.v20190418.jar:/home/alex/.m2/repository/org/ow2/asm/asm-commons/6.0/asm-commons-6.0.jar:/home/alex/.m2/repository/org/ow2/asm/asm-tree/6.0/asm-tree-6.0.jar:/home/alex/.m2/repository/org/eclipse/jetty/jetty-jaas/9.3.27.v20190418/jetty-jaas-9.3.27.v20190418.jar:/home/alex/.m2/repository/org/eclipse/jetty/websocket/websocket-server/9.3.27.v20190418/websocket-server-9.3.27.v20190418.jar:/home/alex/.m2/repository/org/eclipse/jetty/websocket/websocket-common/9.3.27.v20190418/websocket-common-9.3.27.v20190418.jar:/home/alex/.m2/repository/org/eclipse/jetty/websocket/websocket-api/9.3.27.v20190418/websocket-api-9.3.27.v20190418.jar:/home/alex/.m2/repository/org/eclipse/jetty/websocket/websocket-client/9.3.27.v20190418/websocket-client-9.3.27.v20190418.jar:/home/alex/.m2/repository/org/eclipse/jetty/websocket/websocket-servlet/9.3.27.v20190418/websocket-servlet-9.3.27.v20190418.jar:/home/alex/.m2/repository/org/eclipse/jetty/jetty-jndi/9.3.27.v20190418/jetty-jndi-9.3.27.v20190418.jar:/home/alex/.m2/repository/org/eclipse/jetty/apache-jsp/9.3.27.v20190418/apache-jsp-9.3.27.v20190418.jar:/home/alex/.m2/repository/org/eclipse/jetty/toolchain/jetty-schemas/3.1/jetty-schemas-3.1.jar:/home/alex/.m2/repository/org/eclipse/jdt/core/compiler/ecj/4.4.2/ecj-4.4.2.jar:/home/alex/.m2/repository/org/eclipse/jetty/apache-jstl/9.3.27.v20190418/apache-jstl-9.3.27.v20190418.jar:/home/alex/.m2/repository/org/apache/taglibs/taglibs-standard-spec/1.2.5/taglibs-standard-spec-1.2.5.jar:/home/alex/.m2/repository/org/apache/taglibs/taglibs-standard-impl/1.2.5/taglibs-standard-impl-1.2.5.jar:/home/alex/.m2/repository/org/bouncycastle/bcprov-jdk15on/1.64/bcprov-jdk15on-1.64.jar:/home/alex/.m2/repository/org/apache/santuario/xmlsec/2.2.1/xmlsec-2.2.1.jar:/home/alex/.m2/repository/org/jamon/jamon-runtime/2.3.1/jamon-runtime-2.3.1.jar:/home/alex/Repositories/hive/common/target/classes:/home/alex/Repositories/hive/classification/target/classes:/home/alex/.m2/repository/org/eclipse/jetty/jetty-http/9.3.27.v20190418/jetty-http-9.3.27.v20190418.jar:/home/alex/.m2/repository/org/eclipse/jetty/jetty-rewrite/9.3.27.v20190418/jetty-rewrite-9.3.27.v20190418.jar:/home/alex/.m2/repository/org/eclipse/jetty/jetty-client/9.3.27.v20190418/jetty-client-9.3.27.v20190418.jar:/home/alex/.m2/repository/org/apache/logging/log4j/log4j-web/2.13.2/log4j-web-2.13.2.jar:/home/alex/.m2/repository/net/sf/jpam/jpam/1.1/jpam-1.1.jar:/home/alex/Repositories/hive/metastore/target/classes:/home/alex/Repositories/hive/ql/target/classes:/home/alex/.m2/repository/com/google/guava/guava/19.0/guava-19.0.jar:/home/alex/.m2/repository/com/fasterxml/jackson/core/jackson-annotations/2.12.0/jackson-annotations-2.12.0.jar:/home/alex/.m2/repository/com/fasterxml/jackson/core/jackson-core/2.12.0/jackson-core-2.12.0.jar:/home/alex/.m2/repository/com/fasterxml/jackson/core/jackson-databind/2.12.0/jackson-databind-2.12.0.jar:/home/alex/.m2/repository/org/apache/hadoop/hadoop-annotations/3.1.0/hadoop-annotations-3.1.0.jar:/usr/lib/jvm/java-8-openjdk-amd64/jre/../lib/tools.jar:/home/alex/.m2/repository/org/apache/hadoop/hadoop-archives/3.1.0/hadoop-archives-3.1.0.jar:/home/alex/.m2/repository/org/apache/hadoop/hadoop-common/3.1.0/hadoop-common-3.1.0.jar:/home/alex/.m2/repository/commons-cli/commons-cli/1.4/commons-cli-1.4.jar:/home/alex/.m2/repository/org/apache/commons/commons-math3/3.6.1/commons-math3-3.6.1.jar:/home/alex/.m2/repository/commons-codec/commons-codec/1.15/commons-codec-1.15.jar:/home/alex/.m2/repository/commons-io/commons-io/2.6/commons-io-2.6.jar:/home/alex/.m2/repository/commons-net/commons-net/3.6/commons-net-3.6.jar:/home/alex/.m2/repository/commons-collections/commons-collections/3.2.2/commons-collections-3.2.2.jar:/home/alex/.m2/repository/javax/servlet/javax.servlet-api/3.1.0/javax.servlet-api-3.1.0.jar:/home/alex/.m2/repository/org/eclipse/jetty/jetty-server/9.3.27.v20190418/jetty-server-9.3.27.v20190418.jar:/home/alex/.m2/repository/org/eclipse/jetty/jetty-io/9.3.27.v20190418/jetty-io-9.3.27.v20190418.jar:/home/alex/.m2/repository/org/eclipse/jetty/jetty-util/9.3.27.v20190418/jetty-util-9.3.27.v20190418.jar:/home/alex/.m2/repository/org/eclipse/jetty/jetty-servlet/9.3.27.v20190418/jetty-servlet-9.3.27.v20190418.jar:/home/alex/.m2/repository/org/eclipse/jetty/jetty-security/9.3.27.v20190418/jetty-security-9.3.27.v20190418.jar:/home/alex/.m2/repository/org/eclipse/jetty/jetty-webapp/9.3.27.v20190418/jetty-webapp-9.3.27.v20190418.jar:/home/alex/.m2/repository/org/eclipse/jetty/jetty-xml/9.3.27.v20190418/jetty-xml-9.3.27.v20190418.jar:/home/alex/.m2/repository/javax/servlet/jsp/jsp-api/2.1/jsp-api-2.1.jar:/home/alex/.m2/repository/com/sun/jersey/jersey-core/1.19/jersey-core-1.19.jar:/home/alex/.m2/repository/javax/ws/rs/jsr311-api/1.1.1/jsr311-api-1.1.1.jar:/home/alex/.m2/repository/com/sun/jersey/jersey-json/1.19/jersey-json-1.19.jar:/home/alex/.m2/repository/org/codehaus/jettison/jettison/1.1/jettison-1.1.jar:/home/alex/.m2/repository/com/sun/xml/bind/jaxb-impl/2.2.3-1/jaxb-impl-2.2.3-1.jar:/home/alex/.m2/repository/org/codehaus/jackson/jackson-jaxrs/1.9.2/jackson-jaxrs-1.9.2.jar:/home/alex/.m2/repository/org/codehaus/jackson/jackson-xc/1.9.2/jackson-xc-1.9.2.jar:/home/alex/.m2/repository/com/sun/jersey/jersey-server/1.19/jersey-server-1.19.jar:/home/alex/.m2/repository/log4j/log4j/1.2.17/log4j-1.2.17.jar:/home/alex/.m2/repository/commons-lang/commons-lang/2.6/commons-lang-2.6.jar:/home/alex/.m2/repository/org/apache/commons/commons-configuration2/2.1.1/commons-configuration2-2.1.1.jar:/home/alex/.m2/repository/org/apache/commons/commons-lang3/3.4/commons-lang3-3.4.jar:/home/alex/.m2/repository/org/apache/avro/avro/1.8.2/avro-1.8.2.jar:/home/alex/.m2/repository/com/thoughtworks/paranamer/paranamer/2.8/paranamer-2.8.jar:/home/alex/.m2/repository/org/xerial/snappy/snappy-java/1.1.4/snappy-java-1.1.4.jar:/home/alex/.m2/repository/org/tukaani/xz/1.5/xz-1.5.jar:/home/alex/.m2/repository/com/google/re2j/re2j/1.2/re2j-1.2.jar:/home/alex/.m2/repository/com/google/protobuf/protobuf-java/2.5.0/protobuf-java-2.5.0.jar:/home/alex/.m2/repository/com/google/code/gson/gson/2.2.4/gson-2.2.4.jar:/home/alex/.m2/repository/org/apache/hadoop/hadoop-auth/3.1.0/hadoop-auth-3.1.0.jar:/home/alex/.m2/repository/com/nimbusds/nimbus-jose-jwt/4.41.1/nimbus-jose-jwt-4.41.1.jar:/home/alex/.m2/repository/com/github/stephenc/jcip/jcip-annotations/1.0-1/jcip-annotations-1.0-1.jar:/home/alex/.m2/repository/net/minidev/json-smart/2.3/json-smart-2.3.jar:/home/alex/.m2/repository/net/minidev/accessors-smart/1.2/accessors-smart-1.2.jar:/home/alex/.m2/repository/org/ow2/asm/asm/5.0.4/asm-5.0.4.jar:/home/alex/.m2/repository/com/jcraft/jsch/0.1.54/jsch-0.1.54.jar:/home/alex/.m2/repository/com/google/code/findbugs/jsr305/3.0.0/jsr305-3.0.0.jar:/home/alex/.m2/repository/org/apache/htrace/htrace-core4/4.1.0-incubating/htrace-core4-4.1.0-incubating.jar:/home/alex/.m2/repository/org/apache/commons/commons-compress/1.21/commons-compress-1.21.jar:/home/alex/.m2/repository/org/apache/kerby/kerb-simplekdc/1.0.1/kerb-simplekdc-1.0.1.jar:/home/alex/.m2/repository/org/apache/kerby/kerb-client/1.0.1/kerb-client-1.0.1.jar:/home/alex/.m2/repository/org/apache/kerby/kerby-config/1.0.1/kerby-config-1.0.1.jar:/home/alex/.m2/repository/org/apache/kerby/kerb-core/1.0.1/kerb-core-1.0.1.jar:/home/alex/.m2/repository/org/apache/kerby/kerby-pkix/1.0.1/kerby-pkix-1.0.1.jar:/home/alex/.m2/repository/org/apache/kerby/kerby-asn1/1.0.1/kerby-asn1-1.0.1.jar:/home/alex/.m2/repository/org/apache/kerby/kerby-util/1.0.1/kerby-util-1.0.1.jar:/home/alex/.m2/repository/org/apache/kerby/kerb-common/1.0.1/kerb-common-1.0.1.jar:/home/alex/.m2/repository/org/apache/kerby/kerb-crypto/1.0.1/kerb-crypto-1.0.1.jar:/home/alex/.m2/repository/org/apache/kerby/kerb-util/1.0.1/kerb-util-1.0.1.jar:/home/alex/.m2/repository/org/apache/kerby/token-provider/1.0.1/token-provider-1.0.1.jar:/home/alex/.m2/repository/org/apache/kerby/kerb-admin/1.0.1/kerb-admin-1.0.1.jar:/home/alex/.m2/repository/org/apache/kerby/kerb-server/1.0.1/kerb-server-1.0.1.jar:/home/alex/.m2/repository/org/apache/kerby/kerb-identity/1.0.1/kerb-identity-1.0.1.jar:/home/alex/.m2/repository/org/apache/kerby/kerby-xdr/1.0.1/kerby-xdr-1.0.1.jar:/home/alex/.m2/repository/org/codehaus/woodstox/stax2-api/3.1.4/stax2-api-3.1.4.jar:/home/alex/.m2/repository/com/fasterxml/woodstox/woodstox-core/5.0.3/woodstox-core-5.0.3.jar:/home/alex/.m2/repository/org/apache/hadoop/hadoop-mapreduce-client-jobclient/3.1.0/hadoop-mapreduce-client-jobclient-3.1.0.jar:/home/alex/.m2/repository/com/google/inject/extensions/guice-servlet/4.0/guice-servlet-4.0.jar:/home/alex/.m2/repository/com/google/inject/guice/4.0/guice-4.0.jar:/home/alex/.m2/repository/aopalliance/aopalliance/1.0/aopalliance-1.0.jar:/home/alex/.m2/repository/org/apache/hadoop/hadoop-mapreduce-client-core/3.1.0/hadoop-mapreduce-client-core-3.1.0.jar:/home/alex/.m2/repository/org/apache/hadoop/hadoop-yarn-client/3.1.0/hadoop-yarn-client-3.1.0.jar:/home/alex/.m2/repository/org/apache/hadoop/hadoop-yarn-api/3.1.0/hadoop-yarn-api-3.1.0.jar:/home/alex/.m2/repository/org/apache/hadoop/hadoop-yarn-common/3.1.0/hadoop-yarn-common-3.1.0.jar:/home/alex/.m2/repository/javax/xml/bind/jaxb-api/2.2.11/jaxb-api-2.2.11.jar:/home/alex/.m2/repository/com/sun/jersey/jersey-client/1.19/jersey-client-1.19.jar:/home/alex/.m2/repository/com/sun/jersey/contribs/jersey-guice/1.19/jersey-guice-1.19.jar:/home/alex/.m2/repository/com/fasterxml/jackson/module/jackson-module-jaxb-annotations/2.12.0/jackson-module-jaxb-annotations-2.12.0.jar:/home/alex/.m2/repository/jakarta/xml/bind/jakarta.xml.bind-api/2.3.2/jakarta.xml.bind-api-2.3.2.jar:/home/alex/.m2/repository/jakarta/activation/jakarta.activation-api/1.2.1/jakarta.activation-api-1.2.1.jar:/home/alex/.m2/repository/com/fasterxml/jackson/jaxrs/jackson-jaxrs-json-provider/2.12.0/jackson-jaxrs-json-provider-2.12.0.jar:/home/alex/.m2/repository/org/apache/hadoop/hadoop-hdfs-client/3.1.0/hadoop-hdfs-client-3.1.0.jar:/home/alex/.m2/repository/com/squareup/okhttp/okhttp/2.7.5/okhttp-2.7.5.jar:/home/alex/.m2/repository/com/squareup/okio/okio/1.6.0/okio-1.6.0.jar:/home/alex/.m2/repository/org/apache/pig/pig/0.16.0/pig-0.16.0-h2.jar:/home/alex/.m2/repository/xmlenc/xmlenc/0.52/xmlenc-0.52.jar:/home/alex/.m2/repository/commons-httpclient/commons-httpclient/3.1/commons-httpclient-3.1.jar:/home/alex/.m2/repository/org/mortbay/jetty/jetty/6.1.26/jetty-6.1.26.jar:/home/alex/.m2/repository/org/mortbay/jetty/servlet-api/2.5-20081211/servlet-api-2.5-20081211.jar:/home/alex/.m2/repository/org/mortbay/jetty/jetty-util/6.1.26/jetty-util-6.1.26.jar:/home/alex/.m2/repository/org/mortbay/jetty/jsp-api-2.1/6.1.14/jsp-api-2.1-6.1.14.jar:/home/alex/.m2/repository/org/mortbay/jetty/jsp-2.1/6.1.14/jsp-2.1-6.1.14.jar:/home/alex/.m2/repository/org/eclipse/jdt/core/3.1.1/core-3.1.1.jar:/home/alex/.m2/repository/ant/ant/1.6.5/ant-1.6.5.jar:/home/alex/.m2/repository/commons-el/commons-el/1.0/commons-el-1.0.jar:/home/alex/.m2/repository/net/java/dev/jets3t/jets3t/0.7.1/jets3t-0.7.1.jar:/home/alex/.m2/repository/org/mortbay/jetty/servlet-api-2.5/6.1.14/servlet-api-2.5-6.1.14.jar:/home/alex/.m2/repository/net/sf/kosmosfs/kfs/0.3/kfs-0.3.jar:/home/alex/.m2/repository/junit/junit/4.13/junit-4.13.jar:/home/alex/.m2/repository/org/hamcrest/hamcrest-core/1.3/hamcrest-core-1.3.jar:/home/alex/.m2/repository/hsqldb/hsqldb/1.8.0.10/hsqldb-1.8.0.10.jar:/home/alex/.m2/repository/oro/oro/2.0.8/oro-2.0.8.jar:/home/alex/.m2/repository/org/antlr/ST4/4.0.4/ST4-4.0.4.jar:/home/alex/.m2/repository/org/antlr/antlr-runtime/3.5.2/antlr-runtime-3.5.2.jar:/home/alex/.m2/repository/dk/brics/automaton/automaton/1.11-8/automaton-1.11-8.jar:/home/alex/.m2/repository/org/codehaus/jackson/jackson-mapper-asl/1.8.8/jackson-mapper-asl-1.8.8.jar:/home/alex/.m2/repository/org/codehaus/jackson/jackson-core-asl/1.8.8/jackson-core-asl-1.8.8.jar:/home/alex/.m2/repository/org/apache/ivy/ivy/2.2.0/ivy-2.2.0.jar:/home/alex/.m2/repository/org/apache/hadoop/hadoop-hdfs/3.1.0/hadoop-hdfs-3.1.0.jar:/home/alex/.m2/repository/org/eclipse/jetty/jetty-util-ajax/9.3.19.v20170502/jetty-util-ajax-9.3.19.v20170502.jar:/home/alex/.m2/repository/commons-logging/commons-logging/1.1.3/commons-logging-1.1.3.jar:/home/alex/.m2/repository/commons-daemon/commons-daemon/1.0.13/commons-daemon-1.0.13.jar:/home/alex/.m2/repository/io/netty/netty-all/4.1.65.Final/netty-all-4.1.65.Final.jar:/home/alex/.m2/repository/org/fusesource/leveldbjni/leveldbjni-all/1.8/leveldbjni-all-1.8.jar:/home/alex/.m2/repository/joda-time/joda-time/2.9.9/joda-time-2.9.9.jar:/home/alex/Repositories/hive/hcatalog/core/target/test-classes:/home/alex/.m2/repository/jline/jline/0.9.94/jline-0.9.94.jar:/home/alex/Repositories/hive/ql/target/test-classes:/home/alex/.m2/repository/org/apache/atlas/atlas-client-v2/2.1.0/atlas-client-v2-2.1.0.jar:/home/alex/.m2/repository/cglib/cglib/2.2.2/cglib-2.2.2.jar:/home/alex/.m2/repository/asm/asm/3.3.1/asm-3.3.1.jar:/home/alex/.m2/repository/org/apache/atlas/atlas-client-common/2.1.0/atlas-client-common-2.1.0.jar:/home/alex/.m2/repository/org/apache/atlas/atlas-intg/2.1.0/atlas-intg-2.1.0.jar:/home/alex/.m2/repository/commons-validator/commons-validator/1.6/commons-validator-1.6.jar:/home/alex/.m2/repository/commons-digester/commons-digester/1.8.1/commons-digester-1.8.1.jar:/home/alex/.m2/repository/com/fasterxml/jackson/jaxrs/jackson-jaxrs-base/2.12.0/jackson-jaxrs-base-2.12.0.jar:/home/alex/.m2/repository/javax/inject/javax.inject/1/javax.inject-1.jar:/home/alex/.m2/repository/org/springframework/spring-context/4.3.20.RELEASE/spring-context-4.3.20.RELEASE.jar:/home/alex/.m2/repository/org/springframework/spring-aop/4.3.20.RELEASE/spring-aop-4.3.20.RELEASE.jar:/home/alex/.m2/repository/org/springframework/spring-beans/4.3.20.RELEASE/spring-beans-4.3.20.RELEASE.jar:/home/alex/.m2/repository/org/springframework/spring-core/4.3.20.RELEASE/spring-core-4.3.20.RELEASE.jar:/home/alex/.m2/repository/org/springframework/spring-expression/4.3.20.RELEASE/spring-expression-4.3.20.RELEASE.jar:/home/alex/.m2/repository/commons-configuration/commons-configuration/1.10/commons-configuration-1.10.jar:/home/alex/Repositories/hive/vector-code-gen/target/classes:/home/alex/.m2/repository/org/apache/velocity/velocity/1.5/velocity-1.5.jar:/home/alex/Repositories/hive/serde/target/classes:/home/alex/.m2/repository/org/apache/arrow/arrow-vector/0.15.1/arrow-vector-0.15.1.jar:/home/alex/.m2/repository/org/apache/arrow/arrow-format/0.15.1/arrow-format-0.15.1.jar:/home/alex/.m2/repository/org/apache/arrow/arrow-memory/0.15.1/arrow-memory-0.15.1.jar:/home/alex/.m2/repository/com/google/flatbuffers/flatbuffers-java/1.9.0/flatbuffers-java-1.9.0.jar:/home/alex/.m2/repository/com/carrotsearch/hppc/0.7.2/hppc-0.7.2.jar:/home/alex/.m2/repository/com/github/davidmoten/flatbuffers-java/1.6.0.1/flatbuffers-java-1.6.0.1.jar:/home/alex/Repositories/hive/parser/target/classes:/home/alex/Repositories/hive/udf/target/classes:/home/alex/Repositories/hive/service-rpc/target/classes:/home/alex/Repositories/hive/llap-client/target/classes:/home/alex/Repositories/hive/llap-common/target/classes:/home/alex/.m2/repository/io/jsonwebtoken/jjwt-api/0.10.5/jjwt-api-0.10.5.jar:/home/alex/.m2/repository/io/jsonwebtoken/jjwt-impl/0.10.5/jjwt-impl-0.10.5.jar:/home/alex/.m2/repository/io/jsonwebtoken/jjwt-jackson/0.10.5/jjwt-jackson-0.10.5.jar:/home/alex/Repositories/hive/llap-tez/target/classes:/home/alex/Repositories/hive/shims/aggregator/target/classes:/home/alex/Repositories/hive/shims/common/target/classes:/home/alex/Repositories/hive/shims/0.23/target/classes:/home/alex/.m2/repository/org/apache/hadoop/hadoop-yarn-server-resourcemanager/3.1.0/hadoop-yarn-server-resourcemanager-3.1.0.jar:/home/alex/.m2/repository/org/apache/hadoop/hadoop-yarn-server-common/3.1.0/hadoop-yarn-server-common-3.1.0.jar:/home/alex/.m2/repository/org/apache/geronimo/specs/geronimo-jcache_1.0_spec/1.0-alpha-1/geronimo-jcache_1.0_spec-1.0-alpha-1.jar:/home/alex/.m2/repository/org/ehcache/ehcache/3.3.1/ehcache-3.3.1.jar:/home/alex/.m2/repository/com/zaxxer/HikariCP-java7/2.4.12/HikariCP-java7-2.4.12.jar:/home/alex/.m2/repository/org/apache/hadoop/hadoop-yarn-server-applicationhistoryservice/3.1.0/hadoop-yarn-server-applicationhistoryservice-3.1.0.jar:/home/alex/.m2/repository/de/ruedigermoeller/fst/2.50/fst-2.50.jar:/home/alex/.m2/repository/com/cedarsoftware/java-util/1.9.0/java-util-1.9.0.jar:/home/alex/.m2/repository/com/cedarsoftware/json-io/2.5.1/json-io-2.5.1.jar:/home/alex/Repositories/hive/shims/scheduler/target/classes:/home/alex/Repositories/hive/spark-client/target/classes:/home/alex/.m2/repository/com/fasterxml/jackson/module/jackson-module-scala_2.12/2.12.0/jackson-module-scala_2.12-2.12.0.jar:/home/alex/.m2/repository/org/scala-lang/scala-library/2.12.10/scala-library-2.12.10.jar:/home/alex/.m2/repository/org/apache/spark/spark-core_2.12/2.4.5/spark-core_2.12-2.4.5.jar:/home/alex/.m2/repository/com/twitter/chill_2.12/0.9.3/chill_2.12-0.9.3.jar:/home/alex/.m2/repository/com/twitter/chill-java/0.9.3/chill-java-0.9.3.jar:/home/alex/.m2/repository/org/apache/xbean/xbean-asm6-shaded/4.8/xbean-asm6-shaded-4.8.jar:/home/alex/.m2/repository/org/apache/hadoop/hadoop-client/3.1.0/hadoop-client-3.1.0.jar:/home/alex/.m2/repository/org/apache/spark/spark-launcher_2.12/2.4.5/spark-launcher_2.12-2.4.5.jar:/home/alex/.m2/repository/org/apache/spark/spark-kvstore_2.12/2.4.5/spark-kvstore_2.12-2.4.5.jar:/home/alex/.m2/repository/org/apache/spark/spark-network-common_2.12/2.4.5/spark-network-common_2.12-2.4.5.jar:/home/alex/.m2/repository/org/apache/spark/spark-network-shuffle_2.12/2.4.5/spark-network-shuffle_2.12-2.4.5.jar:/home/alex/.m2/repository/org/apache/spark/spark-unsafe_2.12/2.4.5/spark-unsafe_2.12-2.4.5.jar:/home/alex/.m2/repository/javax/activation/activation/1.1.1/activation-1.1.1.jar:/home/alex/.m2/repository/org/slf4j/jul-to-slf4j/1.7.16/jul-to-slf4j-1.7.16.jar:/home/alex/.m2/repository/org/slf4j/jcl-over-slf4j/1.7.16/jcl-over-slf4j-1.7.16.jar:/home/alex/.m2/repository/com/ning/compress-lzf/1.0.3/compress-lzf-1.0.3.jar:/home/alex/.m2/repository/org/roaringbitmap/RoaringBitmap/0.7.45/RoaringBitmap-0.7.45.jar:/home/alex/.m2/repository/org/roaringbitmap/shims/0.7.45/shims-0.7.45.jar:/home/alex/.m2/repository/org/json4s/json4s-jackson_2.12/3.5.3/json4s-jackson_2.12-3.5.3.jar:/home/alex/.m2/repository/org/json4s/json4s-core_2.12/3.5.3/json4s-core_2.12-3.5.3.jar:/home/alex/.m2/repository/org/json4s/json4s-ast_2.12/3.5.3/json4s-ast_2.12-3.5.3.jar:/home/alex/.m2/repository/org/json4s/json4s-scalap_2.12/3.5.3/json4s-scalap_2.12-3.5.3.jar:/home/alex/.m2/repository/org/scala-lang/modules/scala-xml_2.12/1.0.6/scala-xml_2.12-1.0.6.jar:/home/alex/.m2/repository/com/clearspring/analytics/stream/2.7.0/stream-2.7.0.jar:/home/alex/.m2/repository/io/dropwizard/metrics/metrics-graphite/3.1.5/metrics-graphite-3.1.5.jar:/home/alex/.m2/repository/net/razorvine/pyrolite/4.13/pyrolite-4.13.jar:/home/alex/.m2/repository/net/sf/py4j/py4j/0.10.7/py4j-0.10.7.jar:/home/alex/.m2/repository/org/apache/spark/spark-tags_2.12/2.4.5/spark-tags_2.12-2.4.5.jar:/home/alex/.m2/repository/org/apache/commons/commons-crypto/1.0.0/commons-crypto-1.0.0.jar:/home/alex/.m2/repository/org/spark-project/spark/unused/1.0.0/unused-1.0.0.jar:/home/alex/.m2/repository/org/apache/spark/spark-yarn_2.12/2.4.5/spark-yarn_2.12-2.4.5.jar:/home/alex/.m2/repository/org/apache/hadoop/hadoop-yarn-server-web-proxy/3.1.0/hadoop-yarn-server-web-proxy-3.1.0.jar:/home/alex/Repositories/hive/storage-api/target/classes:/home/alex/.m2/repository/com/amazonaws/secretsmanager/aws-secretsmanager-caching-java/1.0.1/aws-secretsmanager-caching-java-1.0.1.jar:/home/alex/.m2/repository/com/esotericsoftware/kryo/5.0.3/kryo-5.0.3.jar:/home/alex/.m2/repository/com/esotericsoftware/minlog/1.3.1/minlog-1.3.1.jar:/home/alex/.m2/repository/com/esotericsoftware/reflectasm/1.11.9/reflectasm-1.11.9.jar:/home/alex/.m2/repository/org/apache/parquet/parquet-hadoop-bundle/1.11.1/parquet-hadoop-bundle-1.11.1.jar:/home/alex/.m2/repository/org/apache/commons/commons-collections4/4.1/commons-collections4-4.1.jar:/home/alex/.m2/repository/org/apache/commons/commons-text/1.8/commons-text-1.8.jar:/home/alex/.m2/repository/javolution/javolution/5.5.1/javolution-5.5.1.jar:/home/alex/.m2/repository/org/apache/logging/log4j/log4j-1.2-api/2.13.2/log4j-1.2-api-2.13.2.jar:/home/alex/.m2/repository/org/apache/logging/log4j/log4j-api/2.13.2/log4j-api-2.13.2.jar:/home/alex/.m2/repository/org/apache/logging/log4j/log4j-core/2.13.2/log4j-core-2.13.2.jar:/home/alex/.m2/repository/org/apache/logging/log4j/log4j-slf4j-impl/2.13.2/log4j-slf4j-impl-2.13.2.jar:/home/alex/.m2/repository/org/apache/avro/avro-mapred/1.8.2/avro-mapred-1.8.2-hadoop2.jar:/home/alex/.m2/repository/org/apache/avro/avro-ipc/1.8.2/avro-ipc-1.8.2.jar:/home/alex/.m2/repository/org/apache/ant/ant/1.9.1/ant-1.9.1.jar:/home/alex/.m2/repository/org/apache/ant/ant-launcher/1.9.1/ant-launcher-1.9.1.jar:/home/alex/.m2/repository/org/apache/thrift/libfb303/0.9.3/libfb303-0.9.3.jar:/home/alex/.m2/repository/org/apache/hadoop/hadoop-yarn-registry/3.1.0/hadoop-yarn-registry-3.1.0.jar:/home/alex/.m2/repository/dnsjava/dnsjava/2.1.7/dnsjava-2.1.7.jar:/home/alex/.m2/repository/org/apache/orc/orc-tools/1.6.9/orc-tools-1.6.9.jar:/home/alex/.m2/repository/com/opencsv/opencsv/3.9/opencsv-3.9.jar:/home/alex/.m2/repository/org/threeten/threetenbp/1.3.5/threetenbp-1.3.5.jar:/home/alex/.m2/repository/org/apache/thrift/libthrift/0.14.1/libthrift-0.14.1.jar:/home/alex/.m2/repository/org/apache/httpcomponents/httpcore/4.4.13/httpcore-4.4.13.jar:/home/alex/.m2/repository/org/apache/tomcat/embed/tomcat-embed-core/8.5.46/tomcat-embed-core-8.5.46.jar:/home/alex/.m2/repository/org/apache/tomcat/tomcat-annotations-api/8.5.46/tomcat-annotations-api-8.5.46.jar:/home/alex/.m2/repository/javax/annotation/javax.annotation-api/1.3.2/javax.annotation-api-1.3.2.jar:/home/alex/.m2/repository/org/apache/zookeeper/zookeeper/3.5.5/zookeeper-3.5.5.jar:/home/alex/.m2/repository/org/apache/zookeeper/zookeeper-jute/3.5.5/zookeeper-jute-3.5.5.jar:/home/alex/.m2/repository/org/apache/yetus/audience-annotations/0.5.0/audience-annotations-0.5.0.jar:/home/alex/.m2/repository/org/apache/curator/curator-framework/4.2.0/curator-framework-4.2.0.jar:/home/alex/.m2/repository/org/apache/datasketches/datasketches-hive/1.1.0-incubating/datasketches-hive-1.1.0-incubating.jar:/home/alex/.m2/repository/org/apache/datasketches/datasketches-java/1.3.0-incubating/datasketches-java-1.3.0-incubating.jar:/home/alex/.m2/repository/org/apache/datasketches/datasketches-memory/1.2.0-incubating/datasketches-memory-1.2.0-incubating.jar:/home/alex/.m2/repository/org/slf4j/slf4j-simple/1.7.27/slf4j-simple-1.7.27.jar:/home/alex/.m2/repository/org/codehaus/groovy/groovy-all/2.4.11/groovy-all-2.4.11.jar:/home/alex/.m2/repository/org/jodd/jodd-util/6.0.0/jodd-util-6.0.0.jar:/home/alex/.m2/repository/com/fasterxml/jackson/dataformat/jackson-dataformat-yaml/2.12.0/jackson-dataformat-yaml-2.12.0.jar:/home/alex/.m2/repository/org/yaml/snakeyaml/1.27/snakeyaml-1.27.jar:/home/alex/.m2/repository/org/datanucleus/datanucleus-core/5.2.4/datanucleus-core-5.2.4.jar:/home/alex/.m2/repository/org/apache/calcite/calcite-core/1.25.0/calcite-core-1.25.0.jar:/home/alex/.m2/repository/org/apache/calcite/calcite-linq4j/1.25.0/calcite-linq4j-1.25.0.jar:/home/alex/.m2/repository/org/apiguardian/apiguardian-api/1.1.0/apiguardian-api-1.1.0.jar:/home/alex/.m2/repository/com/esri/geometry/esri-geometry-api/2.2.0/esri-geometry-api-2.2.0.jar:/home/alex/.m2/repository/com/yahoo/datasketches/sketches-core/0.9.0/sketches-core-0.9.0.jar:/home/alex/.m2/repository/com/yahoo/datasketches/memory/0.9.0/memory-0.9.0.jar:/home/alex/.m2/repository/org/apache/calcite/calcite-druid/1.25.0/calcite-druid-1.25.0.jar:/home/alex/.m2/repository/org/apache/calcite/avatica/avatica/1.12.0/avatica-1.12.0.jar:/home/alex/.m2/repository/com/googlecode/javaewah/JavaEWAH/0.3.2/JavaEWAH-0.3.2.jar:/home/alex/.m2/repository/com/tdunning/json/1.8/json-1.8.jar:/home/alex/.m2/repository/stax/stax-api/1.0.1/stax-api-1.0.1.jar:/home/alex/.m2/repository/net/sf/opencsv/opencsv/2.3/opencsv-2.3.jar:/home/alex/Repositories/hive/standalone-metastore/metastore-server/target/classes:/home/alex/.m2/repository/org/reflections/reflections/0.9.10/reflections-0.9.10.jar:/home/alex/.m2/repository/org/javassist/javassist/3.19.0-GA/javassist-3.19.0-GA.jar:/home/alex/.m2/repository/com/jayway/jsonpath/json-path/2.4.0/json-path-2.4.0.jar:/home/alex/.m2/repository/org/codehaus/janino/commons-compiler/3.0.11/commons-compiler-3.0.11.jar:/home/alex/.m2/repository/org/codehaus/janino/janino/3.0.11/janino-3.0.11.jar:/home/alex/.m2/repository/com/sun/jersey/contribs/jersey-multipart/1.19/jersey-multipart-1.19.jar:/home/alex/.m2/repository/org/jvnet/mimepull/mimepull/1.9.3/mimepull-1.9.3.jar:/home/alex/.m2/repository/org/apache/kafka/kafka-clients/2.5.0/kafka-clients-2.5.0.jar:/home/alex/.m2/repository/com/github/luben/zstd-jni/1.4.4-7/zstd-jni-1.4.4-7.jar:/home/alex/.m2/repository/org/lz4/lz4-java/1.7.1/lz4-java-1.7.1.jar:/home/alex/.m2/repository/org/apache/hadoop/hadoop-hdfs/3.1.0/hadoop-hdfs-3.1.0-tests.jar:/home/alex/Repositories/hive/standalone-metastore/metastore-server/target/test-classes:/home/alex/Repositories/hive/standalone-metastore/metastore-common/target/classes:/home/alex/.m2/repository/com/github/ben-manes/caffeine/caffeine/2.8.4/caffeine-2.8.4.jar:/home/alex/.m2/repository/org/checkerframework/checker-qual/3.4.0/checker-qual-3.4.0.jar:/home/alex/.m2/repository/com/google/errorprone/error_prone_annotations/2.3.4/error_prone_annotations-2.3.4.jar:/home/alex/.m2/repository/org/apache/orc/orc-core/1.6.9/orc-core-1.6.9.jar:/home/alex/.m2/repository/org/apache/orc/orc-shims/1.6.9/orc-shims-1.6.9.jar:/home/alex/.m2/repository/io/airlift/aircompressor/0.19/aircompressor-0.19.jar:/home/alex/.m2/repository/org/jetbrains/annotations/17.0.0/annotations-17.0.0.jar:/home/alex/.m2/repository/org/threeten/threeten-extra/1.5.0/threeten-extra-1.5.0.jar:/home/alex/.m2/repository/com/github/joshelser/dropwizard-metrics-hadoop-metrics2-reporter/0.1.2/dropwizard-metrics-hadoop-metrics2-reporter-0.1.2.jar:/home/alex/.m2/repository/com/zaxxer/HikariCP/2.6.1/HikariCP-2.6.1.jar:/home/alex/.m2/repository/org/apache/commons/commons-dbcp2/2.7.0/commons-dbcp2-2.7.0.jar:/home/alex/.m2/repository/org/apache/commons/commons-pool2/2.7.0/commons-pool2-2.7.0.jar:/home/alex/.m2/repository/io/dropwizard/metrics/metrics-core/3.1.0/metrics-core-3.1.0.jar:/home/alex/.m2/repository/io/dropwizard/metrics/metrics-jvm/3.1.0/metrics-jvm-3.1.0.jar:/home/alex/.m2/repository/io/dropwizard/metrics/metrics-json/3.1.0/metrics-json-3.1.0.jar:/home/alex/.m2/repository/org/apache/derby/derby/10.14.1.0/derby-10.14.1.0.jar:/home/alex/.m2/repository/commons-beanutils/commons-beanutils/1.9.4/commons-beanutils-1.9.4.jar:/home/alex/.m2/repository/org/datanucleus/datanucleus-api-jdo/5.2.4/datanucleus-api-jdo-5.2.4.jar:/home/alex/.m2/repository/org/datanucleus/datanucleus-rdbms/5.2.4/datanucleus-rdbms-5.2.4.jar:/home/alex/.m2/repository/org/datanucleus/javax.jdo/3.2.0-release/javax.jdo-3.2.0-release.jar:/home/alex/.m2/repository/javax/transaction/javax.transaction-api/1.3/javax.transaction-api-1.3.jar:/home/alex/.m2/repository/org/glassfish/corba/glassfish-corba-omgapi/4.2.2/glassfish-corba-omgapi-4.2.2.jar:/home/alex/.m2/repository/sqlline/sqlline/1.9.0/sqlline-1.9.0.jar:/home/alex/.m2/repository/org/jline/jline-terminal/3.12.1/jline-terminal-3.12.1.jar:/home/alex/.m2/repository/org/jline/jline-reader/3.12.1/jline-reader-3.12.1.jar:/home/alex/.m2/repository/org/jline/jline-terminal-jansi/3.12.1/jline-terminal-jansi-3.12.1.jar:/home/alex/.m2/repository/org/fusesource/jansi/jansi/1.18/jansi-1.18.jar:/home/alex/.m2/repository/org/jline/jline-terminal-jna/3.12.1/jline-terminal-jna-3.12.1.jar:/home/alex/.m2/repository/net/java/dev/jna/jna/5.3.1/jna-5.3.1.jar:/home/alex/.m2/repository/org/jline/jline-builtins/3.12.1/jline-builtins-3.12.1.jar:/home/alex/.m2/repository/org/jline/jline-style/3.12.1/jline-style-3.12.1.jar:/home/alex/.m2/repository/com/cronutils/cron-utils/9.1.3/cron-utils-9.1.3.jar:/home/alex/.m2/repository/org/glassfish/javax.el/3.0.0/javax.el-3.0.0.jar:/home/alex/.m2/repository/com/oracle/database/jdbc/ojdbc8/21.3.0.0/ojdbc8-21.3.0.0.jar:/home/alex/.m2/repository/mysql/mysql-connector-java/8.0.27/mysql-connector-java-8.0.27.jar:/home/alex/.m2/repository/com/microsoft/sqlserver/mssql-jdbc/6.2.1.jre8/mssql-jdbc-6.2.1.jre8.jar:/home/alex/.m2/repository/org/postgresql/postgresql/42.2.14/postgresql-42.2.14.jar:/home/alex/.m2/repository/org/apache/hadoop/hadoop-mapreduce-client-common/3.1.0/hadoop-mapreduce-client-common-3.1.0.jar:/home/alex/.m2/repository/org/apache/hadoop/hadoop-common/3.1.0/hadoop-common-3.1.0-tests.jar:/home/alex/.m2/repository/org/apache/httpcomponents/httpclient/4.5.13/httpclient-4.5.13.jar:/home/alex/.m2/repository/org/apache/curator/curator-client/4.2.0/curator-client-4.2.0.jar:/home/alex/.m2/repository/org/apache/curator/curator-recipes/4.2.0/curator-recipes-4.2.0.jar:/home/alex/.m2/repository/com/sun/jersey/jersey-servlet/1.19/jersey-servlet-1.19.jar:/home/alex/.m2/repository/org/slf4j/slf4j-api/1.7.30/slf4j-api-1.7.30.jar:/home/alex/.m2/repository/org/mockito/mockito-core/3.4.4/mockito-core-3.4.4.jar:/home/alex/.m2/repository/net/bytebuddy/byte-buddy/1.10.13/byte-buddy-1.10.13.jar:/home/alex/.m2/repository/net/bytebuddy/byte-buddy-agent/1.10.13/byte-buddy-agent-1.10.13.jar:/home/alex/.m2/repository/org/objenesis/objenesis/2.6/objenesis-2.6.jar:/home/alex/Repositories/hive/hcatalog/hcatalog-pig-adapter/target/testconf:/home/alex/Repositories/hive/hcatalog/hcatalog-pig-adapter/../../conf:"/>
    <property name="sun.cpu.endian" value="little"/>
    <property name="user.home" value="/home/alex"/>
    <property name="user.language" value="en"/>
    <property name="java.specification.vendor" value="Oracle Corporation"/>
    <property name="java.home" value="/usr/lib/jvm/java-8-openjdk-amd64/jre"/>
    <property name="java.security.krb5.conf" value="/home/alex/Repositories/hive/hcatalog/hcatalog-pig-adapter/target/testconf/krb5.conf"/>
    <property name="file.separator" value="/"/>
    <property name="basedir" value="/home/alex/Repositories/hive/hcatalog/hcatalog-pig-adapter"/>
    <property name="line.separator" value="&#10;"/>
    <property name="java.vm.specification.vendor" value="Oracle Corporation"/>
    <property name="java.specification.name" value="Java Platform API Specification"/>
    <property name="test.dfs.mkdir" value=""/>
    <property name="derby.stream.error.file" value="/home/alex/Repositories/hive/hcatalog/hcatalog-pig-adapter/target/tmp/derby.log"/>
    <property name="java.awt.graphicsenv" value="sun.awt.X11GraphicsEnvironment"/>
    <property name="surefire.real.class.path" value="/home/alex/Repositories/hive/hcatalog/hcatalog-pig-adapter/target/surefire/surefirebooter7225598279290602193.jar"/>
    <property name="sun.boot.class.path" value="/usr/lib/jvm/java-8-openjdk-amd64/jre/lib/resources.jar:/usr/lib/jvm/java-8-openjdk-amd64/jre/lib/rt.jar:/usr/lib/jvm/java-8-openjdk-amd64/jre/lib/sunrsasign.jar:/usr/lib/jvm/java-8-openjdk-amd64/jre/lib/jsse.jar:/usr/lib/jvm/java-8-openjdk-amd64/jre/lib/jce.jar:/usr/lib/jvm/java-8-openjdk-amd64/jre/lib/charsets.jar:/usr/lib/jvm/java-8-openjdk-amd64/jre/lib/jfr.jar:/usr/lib/jvm/java-8-openjdk-amd64/jre/classes"/>
    <property name="hadoop.log.dir" value="/home/alex/Repositories/hive/hcatalog/hcatalog-pig-adapter/target/tmp"/>
    <property name="log4j.debug" value="true"/>
    <property name="sun.management.compiler" value="HotSpot 64-Bit Tiered Compilers"/>
    <property name="spark.home" value=""/>
    <property name="java.runtime.version" value="1.8.0_402-8u402-ga-2ubuntu1~22.04-b06"/>
    <property name="user.name" value="alex"/>
    <property name="java.net.preferIPv4Stack" value="true"/>
    <property name="test.src.tables" value=""/>
    <property name="path.separator" value=":"/>
    <property name="os.version" value="6.5.0-28-generic"/>
    <property name="java.endorsed.dirs" value="/usr/lib/jvm/java-8-openjdk-amd64/jre/lib/endorsed"/>
    <property name="java.runtime.name" value="OpenJDK Runtime Environment"/>
    <property name="hive.test.console.log.level" value="INFO"/>
    <property name="file.encoding" value="UTF-8"/>
    <property name="java.vm.name" value="OpenJDK 64-Bit Server VM"/>
    <property name="qfile_regex" value=""/>
    <property name="hadoop.bin.path" value="/home/alex/Repositories/hive/hcatalog/hcatalog-pig-adapter/../../testutils/hadoop"/>
    <property name="localRepository" value="/home/alex/.m2/repository"/>
    <property name="build.dir" value="/home/alex/Repositories/hive/hcatalog/hcatalog-pig-adapter/target"/>
    <property name="mapred.job.tracker" value="local"/>
    <property name="java.vendor.url.bug" value="http://bugreport.sun.com/bugreport/"/>
    <property name="java.io.tmpdir" value="/home/alex/Repositories/hive/hcatalog/hcatalog-pig-adapter/target/tmp"/>
    <property name="maven.local.repository" value="/home/alex/.m2/repository"/>
    <property name="java.version" value="1.8.0_402"/>
    <property name="user.dir" value="/home/alex/Repositories/hive/hcatalog/hcatalog-pig-adapter"/>
    <property name="os.arch" value="amd64"/>
    <property name="hive.version" value="4.0.0-SNAPSHOT"/>
    <property name="java.vm.specification.name" value="Java Virtual Machine Specification"/>
    <property name="user.language.format" value="pt"/>
    <property name="java.awt.printerjob" value="sun.print.PSPrinterJob"/>
    <property name="antlr.version" value="3.5.2"/>
    <property name="sun.os.patch.level" value="unknown"/>
    <property name="derby.version" value="10.14.1.0"/>
    <property name="test.data.dir" value="/home/alex/Repositories/hive/hcatalog/hcatalog-pig-adapter/../../data/files"/>
    <property name="java.library.path" value="/usr/java/packages/lib/amd64:/usr/lib/x86_64-linux-gnu/jni:/lib/x86_64-linux-gnu:/usr/lib/x86_64-linux-gnu:/usr/lib/jni:/lib:/usr/lib"/>
    <property name="java.vendor" value="Private Build"/>
    <property name="java.vm.info" value="mixed mode"/>
    <property name="java.vm.version" value="25.402-b06"/>
    <property name="java.specification.maintenance.version" value="5"/>
    <property name="sun.io.unicode.encoding" value="UnicodeLittle"/>
    <property name="java.ext.dirs" value="/usr/lib/jvm/java-8-openjdk-amd64/jre/lib/ext:/usr/java/packages/lib/ext"/>
    <property name="initScript" value=""/>
    <property name="java.class.version" value="52.0"/>
    <property name="test.output.overwrite" value=""/>
    <property name="hive.root" value="/home/alex/Repositories/hive/hcatalog/hcatalog-pig-adapter/../../"/>
  </properties>
  <testcase name="testSchemaLoadComplex" classname="org.apache.hive.hcatalog.pig.TestParquetHCatLoader" time="15.975"/>
  <testcase name="testReadMissingPartitionBasicNeg" classname="org.apache.hive.hcatalog.pig.TestParquetHCatLoader" time="5.325">
    <error message="org.apache.hadoop.mapred.InvalidInputException: Input path does not exist: file:/home/alex/Repositories/hive/hcatalog/hcatalog-pig-adapter/build/test/data/org.apache.hive.hcatalog.mapreduce.HCatBaseTest-1714567133524/warehouse/junit_parted_basic/bkt=0" type="java.io.IOException"><![CDATA[java.io.IOException: org.apache.hadoop.mapred.InvalidInputException: Input path does not exist: file:/home/alex/Repositories/hive/hcatalog/hcatalog-pig-adapter/build/test/data/org.apache.hive.hcatalog.mapreduce.HCatBaseTest-1714567133524/warehouse/junit_parted_basic/bkt=0
	at org.apache.hadoop.hive.ql.exec.FetchOperator.getNextRow(FetchOperator.java:622)
	at org.apache.hadoop.hive.ql.exec.FetchOperator.pushRow(FetchOperator.java:529)
	at org.apache.hadoop.hive.ql.exec.FetchTask.fetch(FetchTask.java:150)
	at org.apache.hadoop.hive.ql.Driver.getFetchingTableResults(Driver.java:716)
	at org.apache.hadoop.hive.ql.Driver.getResults(Driver.java:668)
	at org.apache.hadoop.hive.ql.reexec.ReExecDriver.getResults(ReExecDriver.java:241)
	at org.apache.hive.hcatalog.pig.AbstractHCatLoaderTest.testReadMissingPartitionBasicNeg(AbstractHCatLoaderTest.java:435)
	at sun.reflect.NativeMethodAccessorImpl.invoke0(Native Method)
	at sun.reflect.NativeMethodAccessorImpl.invoke(NativeMethodAccessorImpl.java:62)
	at sun.reflect.DelegatingMethodAccessorImpl.invoke(DelegatingMethodAccessorImpl.java:43)
	at java.lang.reflect.Method.invoke(Method.java:498)
	at org.junit.runners.model.FrameworkMethod$1.runReflectiveCall(FrameworkMethod.java:59)
	at org.junit.internal.runners.model.ReflectiveCallable.run(ReflectiveCallable.java:12)
	at org.junit.runners.model.FrameworkMethod.invokeExplosively(FrameworkMethod.java:56)
	at org.junit.internal.runners.statements.InvokeMethod.evaluate(InvokeMethod.java:17)
	at org.junit.internal.runners.statements.RunBefores.evaluate(RunBefores.java:26)
	at org.junit.internal.runners.statements.RunAfters.evaluate(RunAfters.java:27)
	at org.junit.runners.ParentRunner$3.evaluate(ParentRunner.java:306)
	at org.junit.runners.BlockJUnit4ClassRunner$1.evaluate(BlockJUnit4ClassRunner.java:100)
	at org.junit.runners.ParentRunner.runLeaf(ParentRunner.java:366)
	at org.junit.runners.BlockJUnit4ClassRunner.runChild(BlockJUnit4ClassRunner.java:103)
	at org.junit.runners.BlockJUnit4ClassRunner.runChild(BlockJUnit4ClassRunner.java:63)
	at org.junit.runners.ParentRunner$4.run(ParentRunner.java:331)
	at org.junit.runners.ParentRunner$1.schedule(ParentRunner.java:79)
	at org.junit.runners.ParentRunner.runChildren(ParentRunner.java:329)
	at org.junit.runners.ParentRunner.access$100(ParentRunner.java:66)
	at org.junit.runners.ParentRunner$2.evaluate(ParentRunner.java:293)
	at org.junit.internal.runners.statements.RunBefores.evaluate(RunBefores.java:26)
	at org.junit.runners.ParentRunner$3.evaluate(ParentRunner.java:306)
	at org.junit.runners.ParentRunner.run(ParentRunner.java:413)
	at org.apache.maven.surefire.junit4.JUnit4Provider.execute(JUnit4Provider.java:365)
	at org.apache.maven.surefire.junit4.JUnit4Provider.executeWithRerun(JUnit4Provider.java:273)
	at org.apache.maven.surefire.junit4.JUnit4Provider.executeTestSet(JUnit4Provider.java:238)
	at org.apache.maven.surefire.junit4.JUnit4Provider.invoke(JUnit4Provider.java:159)
	at org.apache.maven.surefire.booter.ForkedBooter.runSuitesInProcess(ForkedBooter.java:377)
	at org.apache.maven.surefire.booter.ForkedBooter.execute(ForkedBooter.java:138)
	at org.apache.maven.surefire.booter.ForkedBooter.run(ForkedBooter.java:465)
	at org.apache.maven.surefire.booter.ForkedBooter.main(ForkedBooter.java:451)
Caused by: org.apache.hadoop.mapred.InvalidInputException: Input path does not exist: file:/home/alex/Repositories/hive/hcatalog/hcatalog-pig-adapter/build/test/data/org.apache.hive.hcatalog.mapreduce.HCatBaseTest-1714567133524/warehouse/junit_parted_basic/bkt=0
	at org.apache.hadoop.mapred.FileInputFormat.singleThreadedListStatus(FileInputFormat.java:294)
	at org.apache.hadoop.mapred.FileInputFormat.listStatus(FileInputFormat.java:236)
	at org.apache.hadoop.mapred.FileInputFormat.getSplits(FileInputFormat.java:322)
	at org.apache.hadoop.hive.ql.exec.FetchOperator.generateWrappedSplits(FetchOperator.java:435)
	at org.apache.hadoop.hive.ql.exec.FetchOperator.getNextSplits(FetchOperator.java:402)
	at org.apache.hadoop.hive.ql.exec.FetchOperator.getRecordReader(FetchOperator.java:306)
	at org.apache.hadoop.hive.ql.exec.FetchOperator.getNextRow(FetchOperator.java:560)
	... 37 more
]]></error>
    <system-out><![CDATA[log4j: Could not find root logger information. Is this OK?
log4j: Finished configuring.
log4j: Could not find root logger information. Is this OK?
log4j: Finished configuring.
log4j: Could not find root logger information. Is this OK?
log4j: Finished configuring.
]]></system-out>
    <system-err><![CDATA[2024-05-01T05:39:09,683  WARN [main] conf.HiveConf: HiveConf of name hive.llap.io.cache.orc.size does not exist
2024-05-01T05:39:09,683  WARN [main] conf.HiveConf: HiveConf of name hive.dummyparam.test.server.specific.config.override does not exist
2024-05-01T05:39:09,683  WARN [main] conf.HiveConf: HiveConf of name hive.metastore.metadb.dir does not exist
2024-05-01T05:39:09,684  WARN [main] conf.HiveConf: HiveConf of name hive.llap.io.cache.orc.alloc.min does not exist
2024-05-01T05:39:09,684  WARN [main] conf.HiveConf: HiveConf of name hive.dummyparam.test.server.specific.config.hivesite does not exist
2024-05-01T05:39:09,684  WARN [main] conf.HiveConf: HiveConf of name hive.llap.io.cache.orc.alloc.max does not exist
2024-05-01T05:39:09,684  WARN [main] conf.HiveConf: HiveConf of name hive.metastore.client.cache.maxSize does not exist
2024-05-01T05:39:09,684  WARN [main] conf.HiveConf: HiveConf of name hive.dummyparam.test.server.specific.config.metastoresite does not exist
2024-05-01T05:39:09,684  WARN [main] conf.HiveConf: HiveConf of name hive.metastore.client.cache.recordStats does not exist
2024-05-01T05:39:09,684  WARN [main] conf.HiveConf: HiveConf of name hive.llap.io.cache.orc.arena.size does not exist
2024-05-01T05:39:09,684  WARN [main] conf.HiveConf: HiveConf of name hive.stats.key.prefix.reserve.length does not exist
2024-05-01T05:39:09,687  INFO [main] metastore.HiveMetaStoreClient: HMS client filtering is enabled.
2024-05-01T05:39:09,687  INFO [main] metastore.PersistenceManagerProvider: Configuration datanucleus.autoStartMechanismMode is not set. Defaulting to 'ignored'
2024-05-01T05:39:09,687  INFO [main] metastore.ObjectStore: RawStore: org.apache.hadoop.hive.metastore.ObjectStore@6060146b, with PersistenceManager: org.datanucleus.api.jdo.JDOPersistenceManager@98712fa will be shutdown
2024-05-01T05:39:09,688  INFO [main] metastore.ObjectStore: RawStore: org.apache.hadoop.hive.metastore.ObjectStore@6060146b, with PersistenceManager: org.datanucleus.api.jdo.JDOPersistenceManager@38cbbd0b created in the thread with id: 1
2024-05-01T05:39:09,723  INFO [main] metastore.HMSHandler: HMS server filtering is disabled by configuration
Hive Session ID = 6f5bc1cb-86f7-44f8-9ee8-bcd0c3f27314
2024-05-01T05:39:09,724  INFO [main] SessionState: Hive Session ID = 6f5bc1cb-86f7-44f8-9ee8-bcd0c3f27314
ivysettings.xml file not found in HIVE_HOME or HIVE_CONF_DIR,file:/home/alex/.m2/repository/org/apache/pig/pig/0.16.0/pig-0.16.0-h2.jar!/ivysettings.xml will be used
2024-05-01T05:39:09,724  INFO [main] DependencyResolver: ivysettings.xml file not found in HIVE_HOME or HIVE_CONF_DIR,file:/home/alex/.m2/repository/org/apache/pig/pig/0.16.0/pig-0.16.0-h2.jar!/ivysettings.xml will be used
2024-05-01T05:39:09,731  INFO [main] session.SessionState: Created HDFS directory: /home/alex/Repositories/hive/hcatalog/hcatalog-pig-adapter/target/tmp/scratchdir/alex/6f5bc1cb-86f7-44f8-9ee8-bcd0c3f27314
2024-05-01T05:39:09,734  INFO [main] session.SessionState: Created local directory: /home/alex/Repositories/hive/hcatalog/hcatalog-pig-adapter/target/tmp/localscratchdir/6f5bc1cb-86f7-44f8-9ee8-bcd0c3f27314
2024-05-01T05:39:09,736  INFO [main] session.SessionState: Created HDFS directory: /home/alex/Repositories/hive/hcatalog/hcatalog-pig-adapter/target/tmp/scratchdir/alex/6f5bc1cb-86f7-44f8-9ee8-bcd0c3f27314/_tmp_space.db
2024-05-01T05:39:09,737  INFO [main] ql.Driver: Compiling command(queryId=alex_20240501053909_1a23d5e5-4008-482e-aa1d-d0d0aac0e71d): use default
2024-05-01T05:39:09,738  INFO [main] HiveMetaStore.audit: ugi=alex	ip=unknown-ip-addr	cmd=get_database: default	
2024-05-01T05:39:09,740  INFO [main] ql.Driver: Semantic Analysis Completed (retrial = false)
2024-05-01T05:39:09,740  INFO [main] ql.Driver: Created Hive schema: Schema(fieldSchemas:null, properties:null)
2024-05-01T05:39:09,740  INFO [main] metadata.Hive: Dumping metastore api call timing information for : compilation phase
2024-05-01T05:39:09,740  INFO [main] metadata.Hive: Total time spent in each metastore function (ms): {isCompatibleWith_(Configuration)=1, getDatabase_(String)=2, flushCache_()=0}
2024-05-01T05:39:09,741  INFO [main] ql.Driver: Completed compiling command(queryId=alex_20240501053909_1a23d5e5-4008-482e-aa1d-d0d0aac0e71d); Time taken: 0.003 seconds
2024-05-01T05:39:09,741  INFO [main] reexec.ReExecDriver: Execution #1 of query
2024-05-01T05:39:09,741  INFO [main] ql.Driver: Concurrency mode is disabled, not creating a lock manager
2024-05-01T05:39:09,741  INFO [main] ql.Driver: Executing command(queryId=alex_20240501053909_1a23d5e5-4008-482e-aa1d-d0d0aac0e71d): use default
2024-05-01T05:39:09,741  INFO [main] ql.Driver: Starting task [Stage-0:DDL] in serial mode
2024-05-01T05:39:09,741  INFO [main] HiveMetaStore.audit: ugi=alex	ip=unknown-ip-addr	cmd=get_database: default	
2024-05-01T05:39:09,742  INFO [main] HiveMetaStore.audit: ugi=alex	ip=unknown-ip-addr	cmd=get_database: default	
2024-05-01T05:39:09,743  INFO [main] metadata.Hive: Dumping metastore api call timing information for : execution phase
2024-05-01T05:39:09,743  INFO [main] metadata.Hive: Total time spent in each metastore function (ms): {isCompatibleWith_(Configuration)=0, getDatabase_(String)=2}
2024-05-01T05:39:09,743  INFO [main] ql.Driver: Completed executing command(queryId=alex_20240501053909_1a23d5e5-4008-482e-aa1d-d0d0aac0e71d); Time taken: 0.002 seconds
2024-05-01T05:39:09,744  INFO [main] ql.Driver: Compiling command(queryId=alex_20240501053909_1a23d5e5-4008-482e-aa1d-d0d0aac0e71d): create table junit_unparted_basic(a int, b string) stored as PARQUET TBLPROPERTIES ('transactional'='false')
2024-05-01T05:39:09,745  INFO [main] parse.CalcitePlanner: Starting caching scope for: alex_20240501053909_1a23d5e5-4008-482e-aa1d-d0d0aac0e71d
2024-05-01T05:39:09,745  INFO [main] parse.CalcitePlanner: Starting Semantic Analysis
2024-05-01T05:39:09,745  INFO [main] sqlstd.SQLStdHiveAccessController: Created SQLStdHiveAccessController for session context : HiveAuthzSessionContext [sessionString=6f5bc1cb-86f7-44f8-9ee8-bcd0c3f27314, clientType=HIVECLI]
2024-05-01T05:39:09,745  INFO [main] metastore.HiveMetaStoreClient: Mestastore configuration metastore.filter.hook changed from org.apache.hadoop.hive.metastore.DefaultMetaStoreFilterHookImpl to org.apache.hadoop.hive.ql.security.authorization.plugin.AuthorizationMetaStoreFilterHook
2024-05-01T05:39:09,745  INFO [main] HiveMetaStore.audit: ugi=alex	ip=unknown-ip-addr	cmd=Cleaning up thread local RawStore...	
2024-05-01T05:39:09,745  INFO [main] metastore.ObjectStore: RawStore: org.apache.hadoop.hive.metastore.ObjectStore@6060146b, with PersistenceManager: org.datanucleus.api.jdo.JDOPersistenceManager@38cbbd0b will be shutdown
2024-05-01T05:39:09,745  INFO [main] HiveMetaStore.audit: ugi=alex	ip=unknown-ip-addr	cmd=Done cleaning up thread local RawStore	
2024-05-01T05:39:09,745  INFO [main] metastore.HiveMetaStoreClient: Closed a connection to metastore, current connections: -4
2024-05-01T05:39:09,746  INFO [main] metastore.HiveMetaStoreClient: HMS client filtering is enabled.
2024-05-01T05:39:09,746  INFO [main] metastore.HMSHandler: 0: Opening raw store with implementation class:org.apache.hadoop.hive.metastore.ObjectStore
2024-05-01T05:39:09,747  INFO [main] metastore.PersistenceManagerProvider: Configuration datanucleus.autoStartMechanismMode is not set. Defaulting to 'ignored'
2024-05-01T05:39:09,747  INFO [main] metastore.ObjectStore: RawStore: org.apache.hadoop.hive.metastore.ObjectStore@5629e904, with PersistenceManager: null will be shutdown
2024-05-01T05:39:09,747  INFO [main] metastore.ObjectStore: RawStore: org.apache.hadoop.hive.metastore.ObjectStore@5629e904, with PersistenceManager: org.datanucleus.api.jdo.JDOPersistenceManager@40fd25c7 created in the thread with id: 1
2024-05-01T05:39:09,750  INFO [main] metastore.HMSHandler: Created RawStore: org.apache.hadoop.hive.metastore.ObjectStore@5629e904 from thread id: 1
2024-05-01T05:39:09,750  INFO [main] metastore.HMSHandler: HMS server filtering is disabled by configuration
2024-05-01T05:39:09,750  INFO [main] metastore.RetryingMetaStoreClient: RetryingMetaStoreClient proxy=class org.apache.hadoop.hive.ql.metadata.SessionHiveMetaStoreClient ugi=alex (auth:SIMPLE) retries=1 delay=1 lifetime=0
2024-05-01T05:39:09,750  INFO [main] parse.CalcitePlanner: Creating table default.junit_unparted_basic position=13
2024-05-01T05:39:09,751  INFO [main] metastore.HiveMetaStoreClient: HMS client filtering is enabled.
2024-05-01T05:39:09,751  INFO [main] metastore.PersistenceManagerProvider: Configuration datanucleus.autoStartMechanismMode is not set. Defaulting to 'ignored'
2024-05-01T05:39:09,751  INFO [main] metastore.ObjectStore: RawStore: org.apache.hadoop.hive.metastore.ObjectStore@5629e904, with PersistenceManager: org.datanucleus.api.jdo.JDOPersistenceManager@40fd25c7 will be shutdown
2024-05-01T05:39:09,752  INFO [main] metastore.ObjectStore: RawStore: org.apache.hadoop.hive.metastore.ObjectStore@5629e904, with PersistenceManager: org.datanucleus.api.jdo.JDOPersistenceManager@3695e4f2 created in the thread with id: 1
2024-05-01T05:39:09,754  INFO [main] metastore.HMSHandler: HMS server filtering is disabled by configuration
2024-05-01T05:39:09,754  INFO [main] metastore.RetryingMetaStoreClient: RetryingMetaStoreClient proxy=class org.apache.hadoop.hive.ql.metadata.SessionHiveMetaStoreClient ugi=alex (auth:SIMPLE) retries=1 delay=1 lifetime=0
2024-05-01T05:39:09,754  INFO [main] HiveMetaStore.audit: ugi=alex	ip=unknown-ip-addr	cmd=get_database: default	
2024-05-01T05:39:09,756  INFO [main] parse.CalcitePlanner: Ending caching scope for: alex_20240501053909_1a23d5e5-4008-482e-aa1d-d0d0aac0e71d
2024-05-01T05:39:09,756  INFO [main] ql.Driver: Semantic Analysis Completed (retrial = false)
2024-05-01T05:39:09,756  INFO [main] ql.Driver: Created Hive schema: Schema(fieldSchemas:null, properties:null)
2024-05-01T05:39:09,756  INFO [main] metadata.Hive: Dumping metastore api call timing information for : compilation phase
2024-05-01T05:39:09,756  INFO [main] metadata.Hive: Total time spent in each metastore function (ms): {}
2024-05-01T05:39:09,756  INFO [main] ql.Driver: Completed compiling command(queryId=alex_20240501053909_1a23d5e5-4008-482e-aa1d-d0d0aac0e71d); Time taken: 0.012 seconds
2024-05-01T05:39:09,756  INFO [main] reexec.ReExecDriver: Execution #1 of query
2024-05-01T05:39:09,756  INFO [main] ql.Driver: Concurrency mode is disabled, not creating a lock manager
2024-05-01T05:39:09,756  INFO [main] ql.Driver: Executing command(queryId=alex_20240501053909_1a23d5e5-4008-482e-aa1d-d0d0aac0e71d): create table junit_unparted_basic(a int, b string) stored as PARQUET TBLPROPERTIES ('transactional'='false')
2024-05-01T05:39:09,756  INFO [main] ql.Driver: Starting task [Stage-0:DDL] in serial mode
2024-05-01T05:39:09,756  INFO [main] metastore.HiveMetaStoreClient: Mestastore configuration metastore.filter.hook changed from org.apache.hadoop.hive.ql.security.authorization.plugin.AuthorizationMetaStoreFilterHook to org.apache.hadoop.hive.metastore.DefaultMetaStoreFilterHookImpl
2024-05-01T05:39:09,756  INFO [main] HiveMetaStore.audit: ugi=alex	ip=unknown-ip-addr	cmd=Cleaning up thread local RawStore...	
2024-05-01T05:39:09,756  INFO [main] metastore.ObjectStore: RawStore: org.apache.hadoop.hive.metastore.ObjectStore@5629e904, with PersistenceManager: org.datanucleus.api.jdo.JDOPersistenceManager@3695e4f2 will be shutdown
2024-05-01T05:39:09,757  INFO [main] HiveMetaStore.audit: ugi=alex	ip=unknown-ip-addr	cmd=Done cleaning up thread local RawStore	
2024-05-01T05:39:09,757  INFO [main] metastore.HiveMetaStoreClient: Closed a connection to metastore, current connections: -5
2024-05-01T05:39:09,758  INFO [main] metastore.HiveMetaStoreClient: HMS client filtering is enabled.
2024-05-01T05:39:09,758  INFO [main] metastore.HMSHandler: 0: Opening raw store with implementation class:org.apache.hadoop.hive.metastore.ObjectStore
2024-05-01T05:39:09,758  INFO [main] metastore.PersistenceManagerProvider: Configuration datanucleus.autoStartMechanismMode is not set. Defaulting to 'ignored'
2024-05-01T05:39:09,758  INFO [main] metastore.ObjectStore: RawStore: org.apache.hadoop.hive.metastore.ObjectStore@1a2b23f2, with PersistenceManager: null will be shutdown
2024-05-01T05:39:09,759  INFO [main] metastore.ObjectStore: RawStore: org.apache.hadoop.hive.metastore.ObjectStore@1a2b23f2, with PersistenceManager: org.datanucleus.api.jdo.JDOPersistenceManager@47166740 created in the thread with id: 1
2024-05-01T05:39:09,762  INFO [main] metastore.HMSHandler: Created RawStore: org.apache.hadoop.hive.metastore.ObjectStore@1a2b23f2 from thread id: 1
2024-05-01T05:39:09,762  INFO [main] metastore.HMSHandler: HMS server filtering is disabled by configuration
2024-05-01T05:39:09,762  INFO [main] metastore.RetryingMetaStoreClient: RetryingMetaStoreClient proxy=class org.apache.hadoop.hive.ql.metadata.SessionHiveMetaStoreClient ugi=alex (auth:SIMPLE) retries=1 delay=1 lifetime=0
2024-05-01T05:39:09,762  INFO [main] HiveMetaStore.audit: ugi=alex	ip=unknown-ip-addr	cmd=create_table_req: Table(tableName:junit_unparted_basic, dbName:default, owner:alex, createTime:1714567149, lastAccessTime:0, retention:0, sd:StorageDescriptor(cols:[FieldSchema(name:a, type:int, comment:null), FieldSchema(name:b, type:string, comment:null)], location:null, inputFormat:org.apache.hadoop.hive.ql.io.parquet.MapredParquetInputFormat, outputFormat:org.apache.hadoop.hive.ql.io.parquet.MapredParquetOutputFormat, compressed:false, numBuckets:-1, serdeInfo:SerDeInfo(name:null, serializationLib:org.apache.hadoop.hive.ql.io.parquet.serde.ParquetHiveSerDe, parameters:{serialization.format=1}), bucketCols:[], sortCols:[], parameters:{}, skewedInfo:SkewedInfo(skewedColNames:[], skewedColValues:[], skewedColValueLocationMaps:{}), storedAsSubDirectories:false), partitionKeys:[], parameters:{totalSize=0, numRows=0, rawDataSize=0, COLUMN_STATS_ACCURATE={"BASIC_STATS":"true","COLUMN_STATS":{"a":"true","b":"true"}}, numFiles=0, bucketing_version=2, numFilesErasureCoded=0, transactional=false}, viewOriginalText:null, viewExpandedText:null, tableType:MANAGED_TABLE, privileges:PrincipalPrivilegeSet(userPrivileges:{alex=[PrivilegeGrantInfo(privilege:INSERT, createTime:-1, grantor:alex, grantorType:USER, grantOption:true), PrivilegeGrantInfo(privilege:SELECT, createTime:-1, grantor:alex, grantorType:USER, grantOption:true), PrivilegeGrantInfo(privilege:UPDATE, createTime:-1, grantor:alex, grantorType:USER, grantOption:true), PrivilegeGrantInfo(privilege:DELETE, createTime:-1, grantor:alex, grantorType:USER, grantOption:true)]}, groupPrivileges:null, rolePrivileges:null), temporary:false, catName:hive, ownerType:USER)	
2024-05-01T05:39:09,768  INFO [main] utils.FileUtils: Creating directory if it doesn't exist: file:/home/alex/Repositories/hive/hcatalog/hcatalog-pig-adapter/build/test/data/org.apache.hive.hcatalog.mapreduce.HCatBaseTest-1714567133524/warehouse/junit_unparted_basic
2024-05-01T05:39:09,811  INFO [main] metadata.Hive: Dumping metastore api call timing information for : execution phase
2024-05-01T05:39:09,811  INFO [main] metadata.Hive: Total time spent in each metastore function (ms): {createTable_(Table)=49}
2024-05-01T05:39:09,811  INFO [main] ql.Driver: Completed executing command(queryId=alex_20240501053909_1a23d5e5-4008-482e-aa1d-d0d0aac0e71d); Time taken: 0.055 seconds
2024-05-01T05:39:09,812  INFO [main] ql.Driver: Compiling command(queryId=alex_20240501053909_1a23d5e5-4008-482e-aa1d-d0d0aac0e71d): use default
2024-05-01T05:39:09,812  INFO [main] HiveMetaStore.audit: ugi=alex	ip=unknown-ip-addr	cmd=get_database: default	
2024-05-01T05:39:09,813  INFO [main] ql.Driver: Semantic Analysis Completed (retrial = false)
2024-05-01T05:39:09,813  INFO [main] ql.Driver: Created Hive schema: Schema(fieldSchemas:null, properties:null)
2024-05-01T05:39:09,814  INFO [main] metadata.Hive: Dumping metastore api call timing information for : compilation phase
2024-05-01T05:39:09,814  INFO [main] metadata.Hive: Total time spent in each metastore function (ms): {isCompatibleWith_(Configuration)=0, getDatabase_(String)=1, flushCache_()=0}
2024-05-01T05:39:09,814  INFO [main] ql.Driver: Completed compiling command(queryId=alex_20240501053909_1a23d5e5-4008-482e-aa1d-d0d0aac0e71d); Time taken: 0.001 seconds
2024-05-01T05:39:09,814  INFO [main] reexec.ReExecDriver: Execution #1 of query
2024-05-01T05:39:09,814  INFO [main] ql.Driver: Concurrency mode is disabled, not creating a lock manager
2024-05-01T05:39:09,814  INFO [main] ql.Driver: Executing command(queryId=alex_20240501053909_1a23d5e5-4008-482e-aa1d-d0d0aac0e71d): use default
2024-05-01T05:39:09,814  INFO [main] ql.Driver: Starting task [Stage-0:DDL] in serial mode
2024-05-01T05:39:09,814  INFO [main] HiveMetaStore.audit: ugi=alex	ip=unknown-ip-addr	cmd=get_database: default	
2024-05-01T05:39:09,815  INFO [main] HiveMetaStore.audit: ugi=alex	ip=unknown-ip-addr	cmd=get_database: default	
2024-05-01T05:39:09,816  INFO [main] metadata.Hive: Dumping metastore api call timing information for : execution phase
2024-05-01T05:39:09,816  INFO [main] metadata.Hive: Total time spent in each metastore function (ms): {isCompatibleWith_(Configuration)=0, getDatabase_(String)=2}
2024-05-01T05:39:09,816  INFO [main] ql.Driver: Completed executing command(queryId=alex_20240501053909_1a23d5e5-4008-482e-aa1d-d0d0aac0e71d); Time taken: 0.002 seconds
2024-05-01T05:39:09,817  INFO [main] ql.Driver: Compiling command(queryId=alex_20240501053909_1a23d5e5-4008-482e-aa1d-d0d0aac0e71d): create table junit_unparted_complex(name string, studentid int, contact struct<phno:string,email:string>, currently_registered_courses array<string>, current_grades map<string,string>, phnos array<struct<phno:string,type:string>>) stored as PARQUET TBLPROPERTIES ('transactional'='false')
2024-05-01T05:39:09,819  INFO [main] parse.CalcitePlanner: Starting caching scope for: alex_20240501053909_1a23d5e5-4008-482e-aa1d-d0d0aac0e71d
2024-05-01T05:39:09,819  INFO [main] parse.CalcitePlanner: Starting Semantic Analysis
2024-05-01T05:39:09,819  INFO [main] parse.CalcitePlanner: Creating table default.junit_unparted_complex position=13
2024-05-01T05:39:09,819  INFO [main] HiveMetaStore.audit: ugi=alex	ip=unknown-ip-addr	cmd=get_database: default	
2024-05-01T05:39:09,820  INFO [main] parse.CalcitePlanner: Ending caching scope for: alex_20240501053909_1a23d5e5-4008-482e-aa1d-d0d0aac0e71d
2024-05-01T05:39:09,820  INFO [main] ql.Driver: Semantic Analysis Completed (retrial = false)
2024-05-01T05:39:09,820  INFO [main] ql.Driver: Created Hive schema: Schema(fieldSchemas:null, properties:null)
2024-05-01T05:39:09,820  INFO [main] metadata.Hive: Dumping metastore api call timing information for : compilation phase
2024-05-01T05:39:09,820  INFO [main] metadata.Hive: Total time spent in each metastore function (ms): {isCompatibleWith_(Configuration)=0, getDatabase_(String)=1, flushCache_()=0}
2024-05-01T05:39:09,821  INFO [main] ql.Driver: Completed compiling command(queryId=alex_20240501053909_1a23d5e5-4008-482e-aa1d-d0d0aac0e71d); Time taken: 0.003 seconds
2024-05-01T05:39:09,821  INFO [main] reexec.ReExecDriver: Execution #1 of query
2024-05-01T05:39:09,821  INFO [main] ql.Driver: Concurrency mode is disabled, not creating a lock manager
2024-05-01T05:39:09,821  INFO [main] ql.Driver: Executing command(queryId=alex_20240501053909_1a23d5e5-4008-482e-aa1d-d0d0aac0e71d): create table junit_unparted_complex(name string, studentid int, contact struct<phno:string,email:string>, currently_registered_courses array<string>, current_grades map<string,string>, phnos array<struct<phno:string,type:string>>) stored as PARQUET TBLPROPERTIES ('transactional'='false')
2024-05-01T05:39:09,821  INFO [main] ql.Driver: Starting task [Stage-0:DDL] in serial mode
2024-05-01T05:39:09,822  INFO [main] HiveMetaStore.audit: ugi=alex	ip=unknown-ip-addr	cmd=create_table_req: Table(tableName:junit_unparted_complex, dbName:default, owner:alex, createTime:1714567149, lastAccessTime:0, retention:0, sd:StorageDescriptor(cols:[FieldSchema(name:name, type:string, comment:null), FieldSchema(name:studentid, type:int, comment:null), FieldSchema(name:contact, type:struct<phno:string,email:string>, comment:null), FieldSchema(name:currently_registered_courses, type:array<string>, comment:null), FieldSchema(name:current_grades, type:map<string,string>, comment:null), FieldSchema(name:phnos, type:array<struct<phno:string,type:string>>, comment:null)], location:null, inputFormat:org.apache.hadoop.hive.ql.io.parquet.MapredParquetInputFormat, outputFormat:org.apache.hadoop.hive.ql.io.parquet.MapredParquetOutputFormat, compressed:false, numBuckets:-1, serdeInfo:SerDeInfo(name:null, serializationLib:org.apache.hadoop.hive.ql.io.parquet.serde.ParquetHiveSerDe, parameters:{serialization.format=1}), bucketCols:[], sortCols:[], parameters:{}, skewedInfo:SkewedInfo(skewedColNames:[], skewedColValues:[], skewedColValueLocationMaps:{}), storedAsSubDirectories:false), partitionKeys:[], parameters:{totalSize=0, numRows=0, rawDataSize=0, COLUMN_STATS_ACCURATE={"BASIC_STATS":"true","COLUMN_STATS":{"contact":"true","current_grades":"true","currently_registered_courses":"true","name":"true","phnos":"true","studentid":"true"}}, numFiles=0, bucketing_version=2, numFilesErasureCoded=0, transactional=false}, viewOriginalText:null, viewExpandedText:null, tableType:MANAGED_TABLE, privileges:PrincipalPrivilegeSet(userPrivileges:{alex=[PrivilegeGrantInfo(privilege:INSERT, createTime:-1, grantor:alex, grantorType:USER, grantOption:true), PrivilegeGrantInfo(privilege:SELECT, createTime:-1, grantor:alex, grantorType:USER, grantOption:true), PrivilegeGrantInfo(privilege:UPDATE, createTime:-1, grantor:alex, grantorType:USER, grantOption:true), PrivilegeGrantInfo(privilege:DELETE, createTime:-1, grantor:alex, grantorType:USER, grantOption:true)]}, groupPrivileges:null, rolePrivileges:null), temporary:false, catName:hive, ownerType:USER)	
2024-05-01T05:39:09,825  INFO [main] utils.FileUtils: Creating directory if it doesn't exist: file:/home/alex/Repositories/hive/hcatalog/hcatalog-pig-adapter/build/test/data/org.apache.hive.hcatalog.mapreduce.HCatBaseTest-1714567133524/warehouse/junit_unparted_complex
2024-05-01T05:39:09,842  INFO [main] metadata.Hive: Dumping metastore api call timing information for : execution phase
2024-05-01T05:39:09,842  INFO [main] metadata.Hive: Total time spent in each metastore function (ms): {isCompatibleWith_(Configuration)=0, createTable_(Table)=19}
2024-05-01T05:39:09,842  INFO [main] ql.Driver: Completed executing command(queryId=alex_20240501053909_1a23d5e5-4008-482e-aa1d-d0d0aac0e71d); Time taken: 0.021 seconds
2024-05-01T05:39:09,842  INFO [main] ql.Driver: Compiling command(queryId=alex_20240501053909_1a23d5e5-4008-482e-aa1d-d0d0aac0e71d): use default
2024-05-01T05:39:09,843  INFO [main] HiveMetaStore.audit: ugi=alex	ip=unknown-ip-addr	cmd=get_database: default	
2024-05-01T05:39:09,844  INFO [main] ql.Driver: Semantic Analysis Completed (retrial = false)
2024-05-01T05:39:09,844  INFO [main] ql.Driver: Created Hive schema: Schema(fieldSchemas:null, properties:null)
2024-05-01T05:39:09,844  INFO [main] metadata.Hive: Dumping metastore api call timing information for : compilation phase
2024-05-01T05:39:09,844  INFO [main] metadata.Hive: Total time spent in each metastore function (ms): {isCompatibleWith_(Configuration)=0, getDatabase_(String)=1, flushCache_()=0}
2024-05-01T05:39:09,844  INFO [main] ql.Driver: Completed compiling command(queryId=alex_20240501053909_1a23d5e5-4008-482e-aa1d-d0d0aac0e71d); Time taken: 0.002 seconds
2024-05-01T05:39:09,845  INFO [main] reexec.ReExecDriver: Execution #1 of query
2024-05-01T05:39:09,845  INFO [main] ql.Driver: Concurrency mode is disabled, not creating a lock manager
2024-05-01T05:39:09,845  INFO [main] ql.Driver: Executing command(queryId=alex_20240501053909_1a23d5e5-4008-482e-aa1d-d0d0aac0e71d): use default
2024-05-01T05:39:09,845  INFO [main] ql.Driver: Starting task [Stage-0:DDL] in serial mode
2024-05-01T05:39:09,845  INFO [main] HiveMetaStore.audit: ugi=alex	ip=unknown-ip-addr	cmd=get_database: default	
2024-05-01T05:39:09,846  INFO [main] HiveMetaStore.audit: ugi=alex	ip=unknown-ip-addr	cmd=get_database: default	
2024-05-01T05:39:09,848  INFO [main] metadata.Hive: Dumping metastore api call timing information for : execution phase
2024-05-01T05:39:09,848  INFO [main] metadata.Hive: Total time spent in each metastore function (ms): {isCompatibleWith_(Configuration)=0, getDatabase_(String)=2}
2024-05-01T05:39:09,848  INFO [main] ql.Driver: Completed executing command(queryId=alex_20240501053909_1a23d5e5-4008-482e-aa1d-d0d0aac0e71d); Time taken: 0.003 seconds
2024-05-01T05:39:09,848  INFO [main] ql.Driver: Compiling command(queryId=alex_20240501053909_1a23d5e5-4008-482e-aa1d-d0d0aac0e71d): create table junit_parted_basic(a int, b string) partitioned by (bkt string) stored as PARQUET TBLPROPERTIES ('transactional'='false')
2024-05-01T05:39:09,849  INFO [main] parse.CalcitePlanner: Starting caching scope for: alex_20240501053909_1a23d5e5-4008-482e-aa1d-d0d0aac0e71d
2024-05-01T05:39:09,850  INFO [main] parse.CalcitePlanner: Starting Semantic Analysis
2024-05-01T05:39:09,850  INFO [main] parse.CalcitePlanner: Creating table default.junit_parted_basic position=13
2024-05-01T05:39:09,850  INFO [main] HiveMetaStore.audit: ugi=alex	ip=unknown-ip-addr	cmd=get_database: default	
2024-05-01T05:39:09,852  INFO [main] parse.CalcitePlanner: Ending caching scope for: alex_20240501053909_1a23d5e5-4008-482e-aa1d-d0d0aac0e71d
2024-05-01T05:39:09,852  INFO [main] ql.Driver: Semantic Analysis Completed (retrial = false)
2024-05-01T05:39:09,852  INFO [main] ql.Driver: Created Hive schema: Schema(fieldSchemas:null, properties:null)
2024-05-01T05:39:09,852  INFO [main] metadata.Hive: Dumping metastore api call timing information for : compilation phase
2024-05-01T05:39:09,852  INFO [main] metadata.Hive: Total time spent in each metastore function (ms): {isCompatibleWith_(Configuration)=0, getDatabase_(String)=2, flushCache_()=0}
2024-05-01T05:39:09,852  INFO [main] ql.Driver: Completed compiling command(queryId=alex_20240501053909_1a23d5e5-4008-482e-aa1d-d0d0aac0e71d); Time taken: 0.004 seconds
2024-05-01T05:39:09,852  INFO [main] reexec.ReExecDriver: Execution #1 of query
2024-05-01T05:39:09,852  INFO [main] ql.Driver: Concurrency mode is disabled, not creating a lock manager
2024-05-01T05:39:09,852  INFO [main] ql.Driver: Executing command(queryId=alex_20240501053909_1a23d5e5-4008-482e-aa1d-d0d0aac0e71d): create table junit_parted_basic(a int, b string) partitioned by (bkt string) stored as PARQUET TBLPROPERTIES ('transactional'='false')
2024-05-01T05:39:09,852  INFO [main] ql.Driver: Starting task [Stage-0:DDL] in serial mode
2024-05-01T05:39:09,853  INFO [main] HiveMetaStore.audit: ugi=alex	ip=unknown-ip-addr	cmd=create_table_req: Table(tableName:junit_parted_basic, dbName:default, owner:alex, createTime:1714567149, lastAccessTime:0, retention:0, sd:StorageDescriptor(cols:[FieldSchema(name:a, type:int, comment:null), FieldSchema(name:b, type:string, comment:null)], location:null, inputFormat:org.apache.hadoop.hive.ql.io.parquet.MapredParquetInputFormat, outputFormat:org.apache.hadoop.hive.ql.io.parquet.MapredParquetOutputFormat, compressed:false, numBuckets:-1, serdeInfo:SerDeInfo(name:null, serializationLib:org.apache.hadoop.hive.ql.io.parquet.serde.ParquetHiveSerDe, parameters:{serialization.format=1}), bucketCols:[], sortCols:[], parameters:{}, skewedInfo:SkewedInfo(skewedColNames:[], skewedColValues:[], skewedColValueLocationMaps:{}), storedAsSubDirectories:false), partitionKeys:[FieldSchema(name:bkt, type:string, comment:null)], parameters:{bucketing_version=2, transactional=false}, viewOriginalText:null, viewExpandedText:null, tableType:MANAGED_TABLE, privileges:PrincipalPrivilegeSet(userPrivileges:{alex=[PrivilegeGrantInfo(privilege:INSERT, createTime:-1, grantor:alex, grantorType:USER, grantOption:true), PrivilegeGrantInfo(privilege:SELECT, createTime:-1, grantor:alex, grantorType:USER, grantOption:true), PrivilegeGrantInfo(privilege:UPDATE, createTime:-1, grantor:alex, grantorType:USER, grantOption:true), PrivilegeGrantInfo(privilege:DELETE, createTime:-1, grantor:alex, grantorType:USER, grantOption:true)]}, groupPrivileges:null, rolePrivileges:null), temporary:false, catName:hive, ownerType:USER)	
2024-05-01T05:39:09,856  INFO [main] utils.FileUtils: Creating directory if it doesn't exist: file:/home/alex/Repositories/hive/hcatalog/hcatalog-pig-adapter/build/test/data/org.apache.hive.hcatalog.mapreduce.HCatBaseTest-1714567133524/warehouse/junit_parted_basic
2024-05-01T05:39:09,871  INFO [main] metadata.Hive: Dumping metastore api call timing information for : execution phase
2024-05-01T05:39:09,871  INFO [main] metadata.Hive: Total time spent in each metastore function (ms): {isCompatibleWith_(Configuration)=0, createTable_(Table)=18}
2024-05-01T05:39:09,871  INFO [main] ql.Driver: Completed executing command(queryId=alex_20240501053909_1a23d5e5-4008-482e-aa1d-d0d0aac0e71d); Time taken: 0.019 seconds
2024-05-01T05:39:09,872  INFO [main] ql.Driver: Compiling command(queryId=alex_20240501053909_1a23d5e5-4008-482e-aa1d-d0d0aac0e71d): use default
2024-05-01T05:39:09,872  INFO [main] HiveMetaStore.audit: ugi=alex	ip=unknown-ip-addr	cmd=get_database: default	
2024-05-01T05:39:09,874  INFO [main] ql.Driver: Semantic Analysis Completed (retrial = false)
2024-05-01T05:39:09,874  INFO [main] ql.Driver: Created Hive schema: Schema(fieldSchemas:null, properties:null)
2024-05-01T05:39:09,874  INFO [main] metadata.Hive: Dumping metastore api call timing information for : compilation phase
2024-05-01T05:39:09,874  INFO [main] metadata.Hive: Total time spent in each metastore function (ms): {isCompatibleWith_(Configuration)=0, getDatabase_(String)=2, flushCache_()=0}
2024-05-01T05:39:09,874  INFO [main] ql.Driver: Completed compiling command(queryId=alex_20240501053909_1a23d5e5-4008-482e-aa1d-d0d0aac0e71d); Time taken: 0.002 seconds
2024-05-01T05:39:09,874  INFO [main] reexec.ReExecDriver: Execution #1 of query
2024-05-01T05:39:09,874  INFO [main] ql.Driver: Concurrency mode is disabled, not creating a lock manager
2024-05-01T05:39:09,874  INFO [main] ql.Driver: Executing command(queryId=alex_20240501053909_1a23d5e5-4008-482e-aa1d-d0d0aac0e71d): use default
2024-05-01T05:39:09,874  INFO [main] ql.Driver: Starting task [Stage-0:DDL] in serial mode
2024-05-01T05:39:09,875  INFO [main] HiveMetaStore.audit: ugi=alex	ip=unknown-ip-addr	cmd=get_database: default	
2024-05-01T05:39:09,876  INFO [main] HiveMetaStore.audit: ugi=alex	ip=unknown-ip-addr	cmd=get_database: default	
2024-05-01T05:39:09,877  INFO [main] metadata.Hive: Dumping metastore api call timing information for : execution phase
2024-05-01T05:39:09,877  INFO [main] metadata.Hive: Total time spent in each metastore function (ms): {isCompatibleWith_(Configuration)=0, getDatabase_(String)=3}
2024-05-01T05:39:09,877  INFO [main] ql.Driver: Completed executing command(queryId=alex_20240501053909_1a23d5e5-4008-482e-aa1d-d0d0aac0e71d); Time taken: 0.003 seconds
2024-05-01T05:39:09,877  INFO [main] ql.Driver: Compiling command(queryId=alex_20240501053909_1a23d5e5-4008-482e-aa1d-d0d0aac0e71d): create table junit_specific_size(a int, b string) stored as PARQUET TBLPROPERTIES ('transactional'='false')
2024-05-01T05:39:09,878  INFO [main] parse.CalcitePlanner: Starting caching scope for: alex_20240501053909_1a23d5e5-4008-482e-aa1d-d0d0aac0e71d
2024-05-01T05:39:09,878  INFO [main] parse.CalcitePlanner: Starting Semantic Analysis
2024-05-01T05:39:09,878  INFO [main] parse.CalcitePlanner: Creating table default.junit_specific_size position=13
2024-05-01T05:39:09,879  INFO [main] HiveMetaStore.audit: ugi=alex	ip=unknown-ip-addr	cmd=get_database: default	
2024-05-01T05:39:09,880  INFO [main] parse.CalcitePlanner: Ending caching scope for: alex_20240501053909_1a23d5e5-4008-482e-aa1d-d0d0aac0e71d
2024-05-01T05:39:09,880  INFO [main] ql.Driver: Semantic Analysis Completed (retrial = false)
2024-05-01T05:39:09,880  INFO [main] ql.Driver: Created Hive schema: Schema(fieldSchemas:null, properties:null)
2024-05-01T05:39:09,880  INFO [main] metadata.Hive: Dumping metastore api call timing information for : compilation phase
2024-05-01T05:39:09,880  INFO [main] metadata.Hive: Total time spent in each metastore function (ms): {isCompatibleWith_(Configuration)=0, getDatabase_(String)=2, flushCache_()=0}
2024-05-01T05:39:09,880  INFO [main] ql.Driver: Completed compiling command(queryId=alex_20240501053909_1a23d5e5-4008-482e-aa1d-d0d0aac0e71d); Time taken: 0.003 seconds
2024-05-01T05:39:09,880  INFO [main] reexec.ReExecDriver: Execution #1 of query
2024-05-01T05:39:09,880  INFO [main] ql.Driver: Concurrency mode is disabled, not creating a lock manager
2024-05-01T05:39:09,880  INFO [main] ql.Driver: Executing command(queryId=alex_20240501053909_1a23d5e5-4008-482e-aa1d-d0d0aac0e71d): create table junit_specific_size(a int, b string) stored as PARQUET TBLPROPERTIES ('transactional'='false')
2024-05-01T05:39:09,880  INFO [main] ql.Driver: Starting task [Stage-0:DDL] in serial mode
2024-05-01T05:39:09,881  INFO [main] HiveMetaStore.audit: ugi=alex	ip=unknown-ip-addr	cmd=create_table_req: Table(tableName:junit_specific_size, dbName:default, owner:alex, createTime:1714567149, lastAccessTime:0, retention:0, sd:StorageDescriptor(cols:[FieldSchema(name:a, type:int, comment:null), FieldSchema(name:b, type:string, comment:null)], location:null, inputFormat:org.apache.hadoop.hive.ql.io.parquet.MapredParquetInputFormat, outputFormat:org.apache.hadoop.hive.ql.io.parquet.MapredParquetOutputFormat, compressed:false, numBuckets:-1, serdeInfo:SerDeInfo(name:null, serializationLib:org.apache.hadoop.hive.ql.io.parquet.serde.ParquetHiveSerDe, parameters:{serialization.format=1}), bucketCols:[], sortCols:[], parameters:{}, skewedInfo:SkewedInfo(skewedColNames:[], skewedColValues:[], skewedColValueLocationMaps:{}), storedAsSubDirectories:false), partitionKeys:[], parameters:{totalSize=0, numRows=0, rawDataSize=0, COLUMN_STATS_ACCURATE={"BASIC_STATS":"true","COLUMN_STATS":{"a":"true","b":"true"}}, numFiles=0, bucketing_version=2, numFilesErasureCoded=0, transactional=false}, viewOriginalText:null, viewExpandedText:null, tableType:MANAGED_TABLE, privileges:PrincipalPrivilegeSet(userPrivileges:{alex=[PrivilegeGrantInfo(privilege:INSERT, createTime:-1, grantor:alex, grantorType:USER, grantOption:true), PrivilegeGrantInfo(privilege:SELECT, createTime:-1, grantor:alex, grantorType:USER, grantOption:true), PrivilegeGrantInfo(privilege:UPDATE, createTime:-1, grantor:alex, grantorType:USER, grantOption:true), PrivilegeGrantInfo(privilege:DELETE, createTime:-1, grantor:alex, grantorType:USER, grantOption:true)]}, groupPrivileges:null, rolePrivileges:null), temporary:false, catName:hive, ownerType:USER)	
2024-05-01T05:39:09,884  INFO [main] utils.FileUtils: Creating directory if it doesn't exist: file:/home/alex/Repositories/hive/hcatalog/hcatalog-pig-adapter/build/test/data/org.apache.hive.hcatalog.mapreduce.HCatBaseTest-1714567133524/warehouse/junit_specific_size
2024-05-01T05:39:09,900  INFO [main] metadata.Hive: Dumping metastore api call timing information for : execution phase
2024-05-01T05:39:09,900  INFO [main] metadata.Hive: Total time spent in each metastore function (ms): {isCompatibleWith_(Configuration)=1, createTable_(Table)=18}
2024-05-01T05:39:09,900  INFO [main] ql.Driver: Completed executing command(queryId=alex_20240501053909_1a23d5e5-4008-482e-aa1d-d0d0aac0e71d); Time taken: 0.02 seconds
2024-05-01T05:39:09,900  INFO [main] ql.Driver: Compiling command(queryId=alex_20240501053909_1a23d5e5-4008-482e-aa1d-d0d0aac0e71d): create database if not exists junit_specific_db
2024-05-01T05:39:09,901  INFO [main] ql.Driver: Semantic Analysis Completed (retrial = false)
2024-05-01T05:39:09,901  INFO [main] ql.Driver: Created Hive schema: Schema(fieldSchemas:null, properties:null)
2024-05-01T05:39:09,901  INFO [main] metadata.Hive: Dumping metastore api call timing information for : compilation phase
2024-05-01T05:39:09,901  INFO [main] metadata.Hive: Total time spent in each metastore function (ms): {isCompatibleWith_(Configuration)=0, flushCache_()=0}
2024-05-01T05:39:09,901  INFO [main] ql.Driver: Completed compiling command(queryId=alex_20240501053909_1a23d5e5-4008-482e-aa1d-d0d0aac0e71d); Time taken: 0.001 seconds
2024-05-01T05:39:09,901  INFO [main] reexec.ReExecDriver: Execution #1 of query
2024-05-01T05:39:09,902  INFO [main] ql.Driver: Concurrency mode is disabled, not creating a lock manager
2024-05-01T05:39:09,902  INFO [main] ql.Driver: Executing command(queryId=alex_20240501053909_1a23d5e5-4008-482e-aa1d-d0d0aac0e71d): create database if not exists junit_specific_db
2024-05-01T05:39:09,902  INFO [main] ql.Driver: Starting task [Stage-0:DDL] in serial mode
2024-05-01T05:39:09,902  WARN [main] exec.DDLTask: metastore.warehouse.external.dir is not set, falling back to metastore.warehouse.dir. This could cause external tables to use to managed tablespace.
2024-05-01T05:39:09,902  INFO [main] HiveMetaStore.audit: ugi=alex	ip=unknown-ip-addr	cmd=create_database: Database(name:junit_specific_db, description:null, locationUri:file:/home/alex/Repositories/hive/hcatalog/hcatalog-pig-adapter/build/test/data/org.apache.hive.hcatalog.mapreduce.HCatBaseTest-1714567133524/warehouse/junit_specific_db.db, parameters:null, ownerName:alex, ownerType:USER, catalogName:hive, type:NATIVE)	
2024-05-01T05:39:09,907  INFO [main] metastore.HMSHandler: Creating database path in external directory file:/home/alex/Repositories/hive/hcatalog/hcatalog-pig-adapter/build/test/data/org.apache.hive.hcatalog.mapreduce.HCatBaseTest-1714567133524/warehouse/junit_specific_db.db
2024-05-01T05:39:09,907  INFO [main] utils.FileUtils: Creating directory if it doesn't exist: file:/home/alex/Repositories/hive/hcatalog/hcatalog-pig-adapter/build/test/data/org.apache.hive.hcatalog.mapreduce.HCatBaseTest-1714567133524/warehouse/junit_specific_db.db
2024-05-01T05:39:09,910  INFO [main] metastore.HMSHandler: Created database path in external directory file:/home/alex/Repositories/hive/hcatalog/hcatalog-pig-adapter/build/test/data/org.apache.hive.hcatalog.mapreduce.HCatBaseTest-1714567133524/warehouse/junit_specific_db.db
2024-05-01T05:39:09,913  INFO [main] metadata.Hive: Dumping metastore api call timing information for : execution phase
2024-05-01T05:39:09,914  INFO [main] metadata.Hive: Total time spent in each metastore function (ms): {isCompatibleWith_(Configuration)=0, createDatabase_(Database)=11}
2024-05-01T05:39:09,914  INFO [main] ql.Driver: Completed executing command(queryId=alex_20240501053909_1a23d5e5-4008-482e-aa1d-d0d0aac0e71d); Time taken: 0.011 seconds
2024-05-01T05:39:09,914  INFO [main] ql.Driver: Compiling command(queryId=alex_20240501053909_1a23d5e5-4008-482e-aa1d-d0d0aac0e71d): use junit_specific_db
2024-05-01T05:39:09,914  INFO [main] HiveMetaStore.audit: ugi=alex	ip=unknown-ip-addr	cmd=get_database: junit_specific_db	
2024-05-01T05:39:09,915  INFO [main] ql.Driver: Semantic Analysis Completed (retrial = false)
2024-05-01T05:39:09,915  INFO [main] ql.Driver: Created Hive schema: Schema(fieldSchemas:null, properties:null)
2024-05-01T05:39:09,915  INFO [main] metadata.Hive: Dumping metastore api call timing information for : compilation phase
2024-05-01T05:39:09,916  INFO [main] metadata.Hive: Total time spent in each metastore function (ms): {isCompatibleWith_(Configuration)=0, getDatabase_(String)=1, flushCache_()=0}
2024-05-01T05:39:09,916  INFO [main] ql.Driver: Completed compiling command(queryId=alex_20240501053909_1a23d5e5-4008-482e-aa1d-d0d0aac0e71d); Time taken: 0.001 seconds
2024-05-01T05:39:09,916  INFO [main] reexec.ReExecDriver: Execution #1 of query
2024-05-01T05:39:09,916  INFO [main] ql.Driver: Concurrency mode is disabled, not creating a lock manager
2024-05-01T05:39:09,916  INFO [main] ql.Driver: Executing command(queryId=alex_20240501053909_1a23d5e5-4008-482e-aa1d-d0d0aac0e71d): use junit_specific_db
2024-05-01T05:39:09,916  INFO [main] ql.Driver: Starting task [Stage-0:DDL] in serial mode
2024-05-01T05:39:09,916  INFO [main] HiveMetaStore.audit: ugi=alex	ip=unknown-ip-addr	cmd=get_database: junit_specific_db	
2024-05-01T05:39:09,917  INFO [main] HiveMetaStore.audit: ugi=alex	ip=unknown-ip-addr	cmd=get_database: junit_specific_db	
2024-05-01T05:39:09,918  INFO [main] metadata.Hive: Dumping metastore api call timing information for : execution phase
2024-05-01T05:39:09,918  INFO [main] metadata.Hive: Total time spent in each metastore function (ms): {isCompatibleWith_(Configuration)=0, getDatabase_(String)=2}
2024-05-01T05:39:09,918  INFO [main] ql.Driver: Completed executing command(queryId=alex_20240501053909_1a23d5e5-4008-482e-aa1d-d0d0aac0e71d); Time taken: 0.002 seconds
2024-05-01T05:39:09,918  INFO [main] ql.Driver: Compiling command(queryId=alex_20240501053909_1a23d5e5-4008-482e-aa1d-d0d0aac0e71d): create table junit_specific_size2(a int, b string) stored as PARQUET TBLPROPERTIES ('transactional'='false')
2024-05-01T05:39:09,919  INFO [main] parse.CalcitePlanner: Starting caching scope for: alex_20240501053909_1a23d5e5-4008-482e-aa1d-d0d0aac0e71d
2024-05-01T05:39:09,919  INFO [main] parse.CalcitePlanner: Starting Semantic Analysis
2024-05-01T05:39:09,919  INFO [main] parse.CalcitePlanner: Creating table junit_specific_db.junit_specific_size2 position=13
2024-05-01T05:39:09,919  INFO [main] HiveMetaStore.audit: ugi=alex	ip=unknown-ip-addr	cmd=get_database: junit_specific_db	
2024-05-01T05:39:09,920  INFO [main] parse.CalcitePlanner: Ending caching scope for: alex_20240501053909_1a23d5e5-4008-482e-aa1d-d0d0aac0e71d
2024-05-01T05:39:09,920  INFO [main] ql.Driver: Semantic Analysis Completed (retrial = false)
2024-05-01T05:39:09,920  INFO [main] ql.Driver: Created Hive schema: Schema(fieldSchemas:null, properties:null)
2024-05-01T05:39:09,920  INFO [main] metadata.Hive: Dumping metastore api call timing information for : compilation phase
2024-05-01T05:39:09,920  INFO [main] metadata.Hive: Total time spent in each metastore function (ms): {isCompatibleWith_(Configuration)=0, getDatabase_(String)=1, flushCache_()=0}
2024-05-01T05:39:09,920  INFO [main] ql.Driver: Completed compiling command(queryId=alex_20240501053909_1a23d5e5-4008-482e-aa1d-d0d0aac0e71d); Time taken: 0.002 seconds
2024-05-01T05:39:09,920  INFO [main] reexec.ReExecDriver: Execution #1 of query
2024-05-01T05:39:09,920  INFO [main] ql.Driver: Concurrency mode is disabled, not creating a lock manager
2024-05-01T05:39:09,920  INFO [main] ql.Driver: Executing command(queryId=alex_20240501053909_1a23d5e5-4008-482e-aa1d-d0d0aac0e71d): create table junit_specific_size2(a int, b string) stored as PARQUET TBLPROPERTIES ('transactional'='false')
2024-05-01T05:39:09,921  INFO [main] ql.Driver: Starting task [Stage-0:DDL] in serial mode
2024-05-01T05:39:09,922  INFO [main] HiveMetaStore.audit: ugi=alex	ip=unknown-ip-addr	cmd=create_table_req: Table(tableName:junit_specific_size2, dbName:junit_specific_db, owner:alex, createTime:1714567149, lastAccessTime:0, retention:0, sd:StorageDescriptor(cols:[FieldSchema(name:a, type:int, comment:null), FieldSchema(name:b, type:string, comment:null)], location:null, inputFormat:org.apache.hadoop.hive.ql.io.parquet.MapredParquetInputFormat, outputFormat:org.apache.hadoop.hive.ql.io.parquet.MapredParquetOutputFormat, compressed:false, numBuckets:-1, serdeInfo:SerDeInfo(name:null, serializationLib:org.apache.hadoop.hive.ql.io.parquet.serde.ParquetHiveSerDe, parameters:{serialization.format=1}), bucketCols:[], sortCols:[], parameters:{}, skewedInfo:SkewedInfo(skewedColNames:[], skewedColValues:[], skewedColValueLocationMaps:{}), storedAsSubDirectories:false), partitionKeys:[], parameters:{totalSize=0, numRows=0, rawDataSize=0, COLUMN_STATS_ACCURATE={"BASIC_STATS":"true","COLUMN_STATS":{"a":"true","b":"true"}}, numFiles=0, bucketing_version=2, numFilesErasureCoded=0, transactional=false}, viewOriginalText:null, viewExpandedText:null, tableType:MANAGED_TABLE, privileges:PrincipalPrivilegeSet(userPrivileges:{alex=[PrivilegeGrantInfo(privilege:INSERT, createTime:-1, grantor:alex, grantorType:USER, grantOption:true), PrivilegeGrantInfo(privilege:SELECT, createTime:-1, grantor:alex, grantorType:USER, grantOption:true), PrivilegeGrantInfo(privilege:UPDATE, createTime:-1, grantor:alex, grantorType:USER, grantOption:true), PrivilegeGrantInfo(privilege:DELETE, createTime:-1, grantor:alex, grantorType:USER, grantOption:true)]}, groupPrivileges:null, rolePrivileges:null), temporary:false, catName:hive, ownerType:USER)	
2024-05-01T05:39:09,924  INFO [main] utils.FileUtils: Creating directory if it doesn't exist: file:/home/alex/Repositories/hive/hcatalog/hcatalog-pig-adapter/build/test/data/org.apache.hive.hcatalog.mapreduce.HCatBaseTest-1714567133524/warehouse/junit_specific_db.db/junit_specific_size2
2024-05-01T05:39:09,937  INFO [main] metadata.Hive: Dumping metastore api call timing information for : execution phase
2024-05-01T05:39:09,937  INFO [main] metadata.Hive: Total time spent in each metastore function (ms): {isCompatibleWith_(Configuration)=0, createTable_(Table)=15}
2024-05-01T05:39:09,937  INFO [main] ql.Driver: Completed executing command(queryId=alex_20240501053909_1a23d5e5-4008-482e-aa1d-d0d0aac0e71d); Time taken: 0.017 seconds
2024-05-01T05:39:09,937  INFO [main] ql.Driver: Compiling command(queryId=alex_20240501053909_1a23d5e5-4008-482e-aa1d-d0d0aac0e71d): use default
2024-05-01T05:39:09,938  INFO [main] HiveMetaStore.audit: ugi=alex	ip=unknown-ip-addr	cmd=get_database: default	
2024-05-01T05:39:09,939  INFO [main] ql.Driver: Semantic Analysis Completed (retrial = false)
2024-05-01T05:39:09,939  INFO [main] ql.Driver: Created Hive schema: Schema(fieldSchemas:null, properties:null)
2024-05-01T05:39:09,939  INFO [main] metadata.Hive: Dumping metastore api call timing information for : compilation phase
2024-05-01T05:39:09,939  INFO [main] metadata.Hive: Total time spent in each metastore function (ms): {isCompatibleWith_(Configuration)=0, getDatabase_(String)=1, flushCache_()=0}
2024-05-01T05:39:09,939  INFO [main] ql.Driver: Completed compiling command(queryId=alex_20240501053909_1a23d5e5-4008-482e-aa1d-d0d0aac0e71d); Time taken: 0.002 seconds
2024-05-01T05:39:09,940  INFO [main] reexec.ReExecDriver: Execution #1 of query
2024-05-01T05:39:09,940  INFO [main] ql.Driver: Concurrency mode is disabled, not creating a lock manager
2024-05-01T05:39:09,940  INFO [main] ql.Driver: Executing command(queryId=alex_20240501053909_1a23d5e5-4008-482e-aa1d-d0d0aac0e71d): use default
2024-05-01T05:39:09,940  INFO [main] ql.Driver: Starting task [Stage-0:DDL] in serial mode
2024-05-01T05:39:09,940  INFO [main] HiveMetaStore.audit: ugi=alex	ip=unknown-ip-addr	cmd=get_database: default	
2024-05-01T05:39:09,941  INFO [main] HiveMetaStore.audit: ugi=alex	ip=unknown-ip-addr	cmd=get_database: default	
2024-05-01T05:39:09,942  INFO [main] metadata.Hive: Dumping metastore api call timing information for : execution phase
2024-05-01T05:39:09,942  INFO [main] metadata.Hive: Total time spent in each metastore function (ms): {isCompatibleWith_(Configuration)=0, getDatabase_(String)=2}
2024-05-01T05:39:09,942  INFO [main] ql.Driver: Completed executing command(queryId=alex_20240501053909_1a23d5e5-4008-482e-aa1d-d0d0aac0e71d); Time taken: 0.002 seconds
2024-05-01T05:39:09,943  INFO [main] ql.Driver: Compiling command(queryId=alex_20240501053909_1a23d5e5-4008-482e-aa1d-d0d0aac0e71d): create table junit_parted_date(b string) partitioned by (dt date) stored as PARQUET TBLPROPERTIES ('transactional'='false')
2024-05-01T05:39:09,943  INFO [main] parse.CalcitePlanner: Starting caching scope for: alex_20240501053909_1a23d5e5-4008-482e-aa1d-d0d0aac0e71d
2024-05-01T05:39:09,944  INFO [main] parse.CalcitePlanner: Starting Semantic Analysis
2024-05-01T05:39:09,944  INFO [main] parse.CalcitePlanner: Creating table default.junit_parted_date position=13
2024-05-01T05:39:09,944  INFO [main] HiveMetaStore.audit: ugi=alex	ip=unknown-ip-addr	cmd=get_database: default	
2024-05-01T05:39:09,945  INFO [main] parse.CalcitePlanner: Ending caching scope for: alex_20240501053909_1a23d5e5-4008-482e-aa1d-d0d0aac0e71d
2024-05-01T05:39:09,945  INFO [main] ql.Driver: Semantic Analysis Completed (retrial = false)
2024-05-01T05:39:09,945  INFO [main] ql.Driver: Created Hive schema: Schema(fieldSchemas:null, properties:null)
2024-05-01T05:39:09,945  INFO [main] metadata.Hive: Dumping metastore api call timing information for : compilation phase
2024-05-01T05:39:09,945  INFO [main] metadata.Hive: Total time spent in each metastore function (ms): {isCompatibleWith_(Configuration)=0, getDatabase_(String)=1, flushCache_()=0}
2024-05-01T05:39:09,945  INFO [main] ql.Driver: Completed compiling command(queryId=alex_20240501053909_1a23d5e5-4008-482e-aa1d-d0d0aac0e71d); Time taken: 0.002 seconds
2024-05-01T05:39:09,945  INFO [main] reexec.ReExecDriver: Execution #1 of query
2024-05-01T05:39:09,945  INFO [main] ql.Driver: Concurrency mode is disabled, not creating a lock manager
2024-05-01T05:39:09,945  INFO [main] ql.Driver: Executing command(queryId=alex_20240501053909_1a23d5e5-4008-482e-aa1d-d0d0aac0e71d): create table junit_parted_date(b string) partitioned by (dt date) stored as PARQUET TBLPROPERTIES ('transactional'='false')
2024-05-01T05:39:09,946  INFO [main] ql.Driver: Starting task [Stage-0:DDL] in serial mode
2024-05-01T05:39:09,946  INFO [main] HiveMetaStore.audit: ugi=alex	ip=unknown-ip-addr	cmd=create_table_req: Table(tableName:junit_parted_date, dbName:default, owner:alex, createTime:1714567149, lastAccessTime:0, retention:0, sd:StorageDescriptor(cols:[FieldSchema(name:b, type:string, comment:null)], location:null, inputFormat:org.apache.hadoop.hive.ql.io.parquet.MapredParquetInputFormat, outputFormat:org.apache.hadoop.hive.ql.io.parquet.MapredParquetOutputFormat, compressed:false, numBuckets:-1, serdeInfo:SerDeInfo(name:null, serializationLib:org.apache.hadoop.hive.ql.io.parquet.serde.ParquetHiveSerDe, parameters:{serialization.format=1}), bucketCols:[], sortCols:[], parameters:{}, skewedInfo:SkewedInfo(skewedColNames:[], skewedColValues:[], skewedColValueLocationMaps:{}), storedAsSubDirectories:false), partitionKeys:[FieldSchema(name:dt, type:date, comment:null)], parameters:{bucketing_version=2, transactional=false}, viewOriginalText:null, viewExpandedText:null, tableType:MANAGED_TABLE, privileges:PrincipalPrivilegeSet(userPrivileges:{alex=[PrivilegeGrantInfo(privilege:INSERT, createTime:-1, grantor:alex, grantorType:USER, grantOption:true), PrivilegeGrantInfo(privilege:SELECT, createTime:-1, grantor:alex, grantorType:USER, grantOption:true), PrivilegeGrantInfo(privilege:UPDATE, createTime:-1, grantor:alex, grantorType:USER, grantOption:true), PrivilegeGrantInfo(privilege:DELETE, createTime:-1, grantor:alex, grantorType:USER, grantOption:true)]}, groupPrivileges:null, rolePrivileges:null), temporary:false, catName:hive, ownerType:USER)	
2024-05-01T05:39:09,949  INFO [main] utils.FileUtils: Creating directory if it doesn't exist: file:/home/alex/Repositories/hive/hcatalog/hcatalog-pig-adapter/build/test/data/org.apache.hive.hcatalog.mapreduce.HCatBaseTest-1714567133524/warehouse/junit_parted_date
2024-05-01T05:39:09,961  INFO [main] metadata.Hive: Dumping metastore api call timing information for : execution phase
2024-05-01T05:39:09,961  INFO [main] metadata.Hive: Total time spent in each metastore function (ms): {isCompatibleWith_(Configuration)=0, createTable_(Table)=15}
2024-05-01T05:39:09,961  INFO [main] ql.Driver: Completed executing command(queryId=alex_20240501053909_1a23d5e5-4008-482e-aa1d-d0d0aac0e71d); Time taken: 0.016 seconds
2024-05-01T05:39:09,962  INFO [main] ql.Driver: Compiling command(queryId=alex_20240501053909_1a23d5e5-4008-482e-aa1d-d0d0aac0e71d): create table junit_unparted_alltypes( c_boolean boolean, c_tinyint tinyint, c_smallint smallint, c_int int, c_bigint bigint, c_float float, c_double double, c_decimal decimal(5,2), c_string string, c_char char(10), c_varchar varchar(20), c_binary binary, c_date date, c_timestamp timestamp)ROW FORMAT DELIMITED FIELDS TERMINATED BY '	' STORED AS TEXTFILE
2024-05-01T05:39:09,964  INFO [main] parse.CalcitePlanner: Starting caching scope for: alex_20240501053909_1a23d5e5-4008-482e-aa1d-d0d0aac0e71d
2024-05-01T05:39:09,964  INFO [main] parse.CalcitePlanner: Starting Semantic Analysis
2024-05-01T05:39:09,964  INFO [main] parse.CalcitePlanner: Creating table default.junit_unparted_alltypes position=13
2024-05-01T05:39:09,964  INFO [main] HiveMetaStore.audit: ugi=alex	ip=unknown-ip-addr	cmd=get_database: default	
2024-05-01T05:39:09,966  INFO [main] parse.CalcitePlanner: Ending caching scope for: alex_20240501053909_1a23d5e5-4008-482e-aa1d-d0d0aac0e71d
2024-05-01T05:39:09,966  INFO [main] ql.Driver: Semantic Analysis Completed (retrial = false)
2024-05-01T05:39:09,966  INFO [main] ql.Driver: Created Hive schema: Schema(fieldSchemas:null, properties:null)
2024-05-01T05:39:09,966  INFO [main] metadata.Hive: Dumping metastore api call timing information for : compilation phase
2024-05-01T05:39:09,966  INFO [main] metadata.Hive: Total time spent in each metastore function (ms): {isCompatibleWith_(Configuration)=0, getDatabase_(String)=1, flushCache_()=0}
2024-05-01T05:39:09,966  INFO [main] ql.Driver: Completed compiling command(queryId=alex_20240501053909_1a23d5e5-4008-482e-aa1d-d0d0aac0e71d); Time taken: 0.004 seconds
2024-05-01T05:39:09,966  INFO [main] reexec.ReExecDriver: Execution #1 of query
2024-05-01T05:39:09,966  INFO [main] ql.Driver: Concurrency mode is disabled, not creating a lock manager
2024-05-01T05:39:09,966  INFO [main] ql.Driver: Executing command(queryId=alex_20240501053909_1a23d5e5-4008-482e-aa1d-d0d0aac0e71d): create table junit_unparted_alltypes( c_boolean boolean, c_tinyint tinyint, c_smallint smallint, c_int int, c_bigint bigint, c_float float, c_double double, c_decimal decimal(5,2), c_string string, c_char char(10), c_varchar varchar(20), c_binary binary, c_date date, c_timestamp timestamp)ROW FORMAT DELIMITED FIELDS TERMINATED BY '	' STORED AS TEXTFILE
2024-05-01T05:39:09,966  INFO [main] ql.Driver: Starting task [Stage-0:DDL] in serial mode
2024-05-01T05:39:09,968  INFO [main] HiveMetaStore.audit: ugi=alex	ip=unknown-ip-addr	cmd=create_table_req: Table(tableName:junit_unparted_alltypes, dbName:default, owner:alex, createTime:1714567149, lastAccessTime:0, retention:0, sd:StorageDescriptor(cols:[FieldSchema(name:c_boolean, type:boolean, comment:null), FieldSchema(name:c_tinyint, type:tinyint, comment:null), FieldSchema(name:c_smallint, type:smallint, comment:null), FieldSchema(name:c_int, type:int, comment:null), FieldSchema(name:c_bigint, type:bigint, comment:null), FieldSchema(name:c_float, type:float, comment:null), FieldSchema(name:c_double, type:double, comment:null), FieldSchema(name:c_decimal, type:decimal(5,2), comment:null), FieldSchema(name:c_string, type:string, comment:null), FieldSchema(name:c_char, type:char(10), comment:null), FieldSchema(name:c_varchar, type:varchar(20), comment:null), FieldSchema(name:c_binary, type:binary, comment:null), FieldSchema(name:c_date, type:date, comment:null), FieldSchema(name:c_timestamp, type:timestamp, comment:null)], location:null, inputFormat:org.apache.hadoop.mapred.TextInputFormat, outputFormat:org.apache.hadoop.hive.ql.io.HiveIgnoreKeyTextOutputFormat, compressed:false, numBuckets:-1, serdeInfo:SerDeInfo(name:null, serializationLib:org.apache.hadoop.hive.serde2.lazy.LazySimpleSerDe, parameters:{field.delim=	, serialization.format=	}), bucketCols:[], sortCols:[], parameters:{}, skewedInfo:SkewedInfo(skewedColNames:[], skewedColValues:[], skewedColValueLocationMaps:{}), storedAsSubDirectories:false), partitionKeys:[], parameters:{totalSize=0, numRows=0, rawDataSize=0, COLUMN_STATS_ACCURATE={"BASIC_STATS":"true","COLUMN_STATS":{"c_bigint":"true","c_binary":"true","c_boolean":"true","c_char":"true","c_date":"true","c_decimal":"true","c_double":"true","c_float":"true","c_int":"true","c_smallint":"true","c_string":"true","c_timestamp":"true","c_tinyint":"true","c_varchar":"true"}}, numFiles=0, bucketing_version=2, numFilesErasureCoded=0}, viewOriginalText:null, viewExpandedText:null, tableType:MANAGED_TABLE, privileges:PrincipalPrivilegeSet(userPrivileges:{alex=[PrivilegeGrantInfo(privilege:INSERT, createTime:-1, grantor:alex, grantorType:USER, grantOption:true), PrivilegeGrantInfo(privilege:SELECT, createTime:-1, grantor:alex, grantorType:USER, grantOption:true), PrivilegeGrantInfo(privilege:UPDATE, createTime:-1, grantor:alex, grantorType:USER, grantOption:true), PrivilegeGrantInfo(privilege:DELETE, createTime:-1, grantor:alex, grantorType:USER, grantOption:true)]}, groupPrivileges:null, rolePrivileges:null), temporary:false, catName:hive, ownerType:USER)	
2024-05-01T05:39:09,971  INFO [main] utils.FileUtils: Creating directory if it doesn't exist: file:/home/alex/Repositories/hive/hcatalog/hcatalog-pig-adapter/build/test/data/org.apache.hive.hcatalog.mapreduce.HCatBaseTest-1714567133524/warehouse/junit_unparted_alltypes
2024-05-01T05:39:09,986  INFO [main] metadata.Hive: Dumping metastore api call timing information for : execution phase
2024-05-01T05:39:09,986  INFO [main] metadata.Hive: Total time spent in each metastore function (ms): {isCompatibleWith_(Configuration)=0, createTable_(Table)=19}
2024-05-01T05:39:09,986  INFO [main] ql.Driver: Completed executing command(queryId=alex_20240501053909_1a23d5e5-4008-482e-aa1d-d0d0aac0e71d); Time taken: 0.02 seconds
2024-05-01T05:39:09,986  INFO [main] ql.Driver: Compiling command(queryId=alex_20240501053909_1a23d5e5-4008-482e-aa1d-d0d0aac0e71d): load data local inpath '/home/alex/Repositories/hive/hcatalog/hcatalog-pig-adapter/build/test/data/org.apache.hive.hcatalog.mapreduce.HCatBaseTest-1714567133524/alltypes.input.data' into table junit_unparted_alltypes
2024-05-01T05:39:09,987  INFO [main] parse.LoadSemanticAnalyzer: Starting caching scope for: alex_20240501053909_1a23d5e5-4008-482e-aa1d-d0d0aac0e71d
2024-05-01T05:39:09,988  INFO [main] HiveMetaStore.audit: ugi=alex	ip=unknown-ip-addr	cmd=get_table : tbl=hive.default.junit_unparted_alltypes	
2024-05-01T05:39:10,034  INFO [main] metastore.HMSHandler: Skipping translation for processor with null
2024-05-01T05:39:10,035  INFO [main] parse.LoadSemanticAnalyzer: Ending caching scope for: alex_20240501053909_1a23d5e5-4008-482e-aa1d-d0d0aac0e71d
2024-05-01T05:39:10,035  INFO [main] ql.Driver: Semantic Analysis Completed (retrial = false)
2024-05-01T05:39:10,035  INFO [main] ql.Driver: Created Hive schema: Schema(fieldSchemas:null, properties:null)
2024-05-01T05:39:10,035  INFO [main] metadata.Hive: Dumping metastore api call timing information for : compilation phase
2024-05-01T05:39:10,035  INFO [main] metadata.Hive: Total time spent in each metastore function (ms): {isCompatibleWith_(Configuration)=0, getTable_(GetTableRequest)=46, flushCache_()=0}
2024-05-01T05:39:10,035  INFO [main] ql.Driver: Completed compiling command(queryId=alex_20240501053909_1a23d5e5-4008-482e-aa1d-d0d0aac0e71d); Time taken: 0.049 seconds
2024-05-01T05:39:10,036  INFO [main] reexec.ReExecDriver: Execution #1 of query
2024-05-01T05:39:10,036  INFO [main] ql.Driver: Concurrency mode is disabled, not creating a lock manager
2024-05-01T05:39:10,036  INFO [main] ql.Driver: Executing command(queryId=alex_20240501053909_1a23d5e5-4008-482e-aa1d-d0d0aac0e71d): load data local inpath '/home/alex/Repositories/hive/hcatalog/hcatalog-pig-adapter/build/test/data/org.apache.hive.hcatalog.mapreduce.HCatBaseTest-1714567133524/alltypes.input.data' into table junit_unparted_alltypes
2024-05-01T05:39:10,036  INFO [main] ql.Driver: Starting task [Stage-0:MOVE] in serial mode
Loading data to table default.junit_unparted_alltypes
2024-05-01T05:39:10,036  INFO [main] exec.Task: Loading data to table default.junit_unparted_alltypes from file:/home/alex/Repositories/hive/hcatalog/hcatalog-pig-adapter/build/test/data/org.apache.hive.hcatalog.mapreduce.HCatBaseTest-1714567133524/alltypes.input.data
2024-05-01T05:39:10,037  INFO [main] HiveMetaStore.audit: ugi=alex	ip=unknown-ip-addr	cmd=get_table : tbl=hive.default.junit_unparted_alltypes	
2024-05-01T05:39:10,043  INFO [main] metastore.HMSHandler: Skipping translation for processor with null
2024-05-01T05:39:10,044  INFO [main] HiveMetaStore.audit: ugi=alex	ip=unknown-ip-addr	cmd=get_table : tbl=hive.default.junit_unparted_alltypes	
2024-05-01T05:39:10,051  INFO [main] metastore.HMSHandler: Skipping translation for processor with null
2024-05-01T05:39:10,063  WARN [main] metadata.Hive: Cannot get a table snapshot for junit_unparted_alltypes
2024-05-01T05:39:10,063  INFO [main] HiveMetaStore.audit: ugi=alex	ip=unknown-ip-addr	cmd=alter_table: hive.default.junit_unparted_alltypes newtbl=junit_unparted_alltypes	
2024-05-01T05:39:10,083  INFO [main] ql.Driver: Starting task [Stage-1:STATS] in serial mode
2024-05-01T05:39:10,084  INFO [main] HiveMetaStore.audit: ugi=alex	ip=unknown-ip-addr	cmd=get_table : tbl=hive.default.junit_unparted_alltypes	
2024-05-01T05:39:10,090  INFO [main] metastore.HMSHandler: Skipping translation for processor with null
2024-05-01T05:39:10,090  INFO [main] stats.BasicStatsTask: Executing stats task
2024-05-01T05:39:10,091  INFO [main] HiveMetaStore.audit: ugi=alex	ip=unknown-ip-addr	cmd=get_table : tbl=hive.default.junit_unparted_alltypes	
2024-05-01T05:39:10,097  INFO [main] metastore.HMSHandler: Skipping translation for processor with null
2024-05-01T05:39:10,098  WARN [main] metadata.Hive: Cannot get a table snapshot for junit_unparted_alltypes
2024-05-01T05:39:10,098  INFO [main] HiveMetaStore.audit: ugi=alex	ip=unknown-ip-addr	cmd=alter_table: hive.default.junit_unparted_alltypes newtbl=junit_unparted_alltypes	
2024-05-01T05:39:10,115  INFO [main] stats.BasicStatsTask: Table default.junit_unparted_alltypes stats: [numFiles=1, numRows=0, totalSize=329, rawDataSize=0, numFilesErasureCoded=0]
2024-05-01T05:39:10,115  INFO [main] metadata.Hive: Dumping metastore api call timing information for : execution phase
2024-05-01T05:39:10,115  INFO [main] metadata.Hive: Total time spent in each metastore function (ms): {isCompatibleWith_(Configuration)=0, getTable_(GetTableRequest)=28, alter_table_(String, String, String, Table, EnvironmentContext, String)=37}
2024-05-01T05:39:10,115  INFO [main] ql.Driver: Completed executing command(queryId=alex_20240501053909_1a23d5e5-4008-482e-aa1d-d0d0aac0e71d); Time taken: 0.079 seconds
2024-05-01T05:39:10,139  INFO [main] executionengine.HExecutionEngine: Connecting to hadoop file system at: file:///
2024-05-01T05:39:10,139  INFO [main] pig.PigServer: Pig Script ID for the session: PIG-default-88cec679-1bdd-42bc-b8b8-31d6e7abcbd6
2024-05-01T05:39:10,335  WARN [main] conf.HiveConf: HiveConf of name hive.llap.io.cache.orc.size does not exist
2024-05-01T05:39:10,335  WARN [main] conf.HiveConf: HiveConf of name hive.dummyparam.test.server.specific.config.override does not exist
2024-05-01T05:39:10,335  WARN [main] conf.HiveConf: HiveConf of name hive.metastore.metadb.dir does not exist
2024-05-01T05:39:10,335  WARN [main] conf.HiveConf: HiveConf of name hive.llap.io.cache.orc.alloc.min does not exist
2024-05-01T05:39:10,335  WARN [main] conf.HiveConf: HiveConf of name hive.dummyparam.test.server.specific.config.hivesite does not exist
2024-05-01T05:39:10,335  WARN [main] conf.HiveConf: HiveConf of name hive.llap.io.cache.orc.alloc.max does not exist
2024-05-01T05:39:10,335  WARN [main] conf.HiveConf: HiveConf of name hive.metastore.client.cache.maxSize does not exist
2024-05-01T05:39:10,335  WARN [main] conf.HiveConf: HiveConf of name hive.dummyparam.test.server.specific.config.metastoresite does not exist
2024-05-01T05:39:10,335  WARN [main] conf.HiveConf: HiveConf of name hive.metastore.client.cache.recordStats does not exist
2024-05-01T05:39:10,336  WARN [main] conf.HiveConf: HiveConf of name hive.llap.io.cache.orc.arena.size does not exist
2024-05-01T05:39:10,336  WARN [main] conf.HiveConf: HiveConf of name hive.stats.key.prefix.reserve.length does not exist
2024-05-01T05:39:10,336  INFO [main] common.HCatUtil: mapreduce.lib.hcatoutput.hive.conf not set. Generating configuration differences.
2024-05-01T05:39:10,337  INFO [main] common.HCatUtil: Configuration differences={datanucleus.connectionPool.maxPoolSize=4, hive.llap.io.cache.orc.alloc.max=2097152, javax.jdo.option.ConnectionUserName=APP, test.property1=value1, hive.stats.column.autogather=true, hive.query.results.cache.enabled=false, fs.pfile.impl=org.apache.hadoop.fs.ProxyLocalFileSystem, hive.querylog.location=${test.tmp.dir}/tmp, hive.metastore.rawstore.impl=org.apache.hadoop.hive.metastore.ObjectStore, hive.llap.io.use.lrfu=true, javax.jdo.option.ConnectionPassword=mine, hive.jar.path=${maven.local.repository}/org/apache/hive/hive-exec/${hive.version}/hive-exec-${hive.version}.jar, hive.default.rcfile.serde=org.apache.hadoop.hive.serde2.columnar.ColumnarSerDe, datanucleus.schema.autoCreateAll=true, test.data.scripts=${hive.root}/data/scripts, hive.users.in.admin.role=hive_admin_user, hive.llap.io.cache.orc.size=8388608, test.var.hiveconf.property=${hive.exec.default.partition.name}, hive.dummyparam.test.server.specific.config.hivesite=from.hive-site.xml, hive.exec.mode.local.auto=false, hive.materializedview.rewriting=true, hive.dummyparam.test.server.specific.config.override=from.hive-site.xml, hive.fetch.task.conversion=minimal, hive.metastore.metadb.dir=file://${test.tmp.dir}/metadb/, hive.conf.restricted.list=dummy.config.value, hive.server2.operation.log.purgePolicy.timeToLive=5s, hive.query.reexecution.stats.persist.scope=query, hive.cbo.fallback.strategy=TEST, hive.input.format=org.apache.hadoop.hive.ql.io.CombineHiveInputFormat, hive.security.authorization.manager=org.apache.hadoop.hive.ql.security.authorization.plugin.sqlstd.SQLStdHiveAuthorizerFactoryForTest, test.data.files=${hive.root}/data/files, hive.metastore.client.cache.enabled=true, hive.stats.key.prefix.reserve.length=0, hive.exec.local.scratchdir=${test.tmp.dir}/localscratchdir/, hive.exec.submit.local.task.via.child=false, hive.auto.convert.join=false, hive.llap.io.cache.orc.alloc.min=32768, hive.stats.fetch.bitvector=true, hive.llap.io.allocator.direct=false, hive.metastore.schema.verification=false, javax.jdo.option.ConnectionDriverName=org.apache.derby.jdbc.EmbeddedDriver, hive.support.concurrency=true, hive.in.test=true, hive.metastore.warehouse.dir=${test.warehouse.dir}, hive.llap.io.cache.orc.arena.size=8388608, hive.exec.scratchdir=${test.tmp.dir}/scratchdir, test.log.dir=${test.tmp.dir}/log/, hive.exec.post.hooks=org.apache.hadoop.hive.ql.hooks.PostExecutePrinter, javax.jdo.option.ConnectionURL=jdbc:derby:memory:${test.tmp.dir}/junit_metastore_db;create=true, hive.llap.cache.allow.synthetic.fileid=true, hive.scheduled.queries.executor.enabled=false, hive.ignore.mapjoin.hint=false, hive.metastore.client.cache.maxSize=10Mb, hive.metastore.client.cache.recordStats=true, hive.mapjoin.max.gc.time.percentage=0.99, hive.test.dummystats.aggregator=value2, hive.exec.pre.hooks=org.apache.hadoop.hive.ql.hooks.PreExecutePrinter, org.apache.hadoop.hive.ql.hooks.EnforceReadOnlyTables, org.apache.hadoop.hive.ql.hooks.MaterializedViewRegistryPropertiesHook, iceberg.hive.keep.stats=true, hive.strict.timestamp.conversion=false}
2024-05-01T05:39:10,338  INFO [main] HiveMetaStore.audit: ugi=alex	ip=unknown-ip-addr	cmd=get_databases: @hive#NonExistentDatabaseUsedForHealthCheck	
2024-05-01T05:39:10,341  INFO [main] HiveMetaStore.audit: ugi=alex	ip=unknown-ip-addr	cmd=get_table : tbl=hive.default.junit_unparted_basic	
2024-05-01T05:39:10,347  INFO [main] metastore.HMSHandler: Skipping translation for processor with null
2024-05-01T05:39:10,370  WARN [main] conf.HiveConf: HiveConf of name hive.llap.io.cache.orc.size does not exist
2024-05-01T05:39:10,370  WARN [main] conf.HiveConf: HiveConf of name hive.dummyparam.test.server.specific.config.override does not exist
2024-05-01T05:39:10,371  WARN [main] conf.HiveConf: HiveConf of name hive.metastore.metadb.dir does not exist
2024-05-01T05:39:10,371  WARN [main] conf.HiveConf: HiveConf of name hive.llap.io.cache.orc.alloc.min does not exist
2024-05-01T05:39:10,371  WARN [main] conf.HiveConf: HiveConf of name hive.dummyparam.test.server.specific.config.hivesite does not exist
2024-05-01T05:39:10,371  WARN [main] conf.HiveConf: HiveConf of name hive.llap.io.cache.orc.alloc.max does not exist
2024-05-01T05:39:10,371  WARN [main] conf.HiveConf: HiveConf of name hive.metastore.client.cache.maxSize does not exist
2024-05-01T05:39:10,371  WARN [main] conf.HiveConf: HiveConf of name hive.dummyparam.test.server.specific.config.metastoresite does not exist
2024-05-01T05:39:10,371  WARN [main] conf.HiveConf: HiveConf of name hive.metastore.client.cache.recordStats does not exist
2024-05-01T05:39:10,371  WARN [main] conf.HiveConf: HiveConf of name hive.llap.io.cache.orc.arena.size does not exist
2024-05-01T05:39:10,371  WARN [main] conf.HiveConf: HiveConf of name hive.stats.key.prefix.reserve.length does not exist
2024-05-01T05:39:10,371  INFO [main] common.HCatUtil: mapreduce.lib.hcatoutput.hive.conf is set. Applying configuration differences.
2024-05-01T05:39:10,372  INFO [main] HiveMetaStore.audit: ugi=alex	ip=unknown-ip-addr	cmd=get_databases: @hive#NonExistentDatabaseUsedForHealthCheck	
2024-05-01T05:39:10,389  WARN [main] conf.HiveConf: HiveConf of name hive.llap.io.cache.orc.size does not exist
2024-05-01T05:39:10,389  WARN [main] conf.HiveConf: HiveConf of name hive.dummyparam.test.server.specific.config.override does not exist
2024-05-01T05:39:10,389  WARN [main] conf.HiveConf: HiveConf of name hive.metastore.metadb.dir does not exist
2024-05-01T05:39:10,389  WARN [main] conf.HiveConf: HiveConf of name hive.llap.io.cache.orc.alloc.min does not exist
2024-05-01T05:39:10,389  WARN [main] conf.HiveConf: HiveConf of name hive.dummyparam.test.server.specific.config.hivesite does not exist
2024-05-01T05:39:10,389  WARN [main] conf.HiveConf: HiveConf of name hive.llap.io.cache.orc.alloc.max does not exist
2024-05-01T05:39:10,389  WARN [main] conf.HiveConf: HiveConf of name hive.metastore.client.cache.maxSize does not exist
2024-05-01T05:39:10,389  WARN [main] conf.HiveConf: HiveConf of name hive.dummyparam.test.server.specific.config.metastoresite does not exist
2024-05-01T05:39:10,389  WARN [main] conf.HiveConf: HiveConf of name hive.metastore.client.cache.recordStats does not exist
2024-05-01T05:39:10,389  WARN [main] conf.HiveConf: HiveConf of name hive.llap.io.cache.orc.arena.size does not exist
2024-05-01T05:39:10,389  WARN [main] conf.HiveConf: HiveConf of name hive.stats.key.prefix.reserve.length does not exist
2024-05-01T05:39:10,390  INFO [main] common.HCatUtil: mapreduce.lib.hcatoutput.hive.conf not set. Generating configuration differences.
2024-05-01T05:39:10,390  INFO [main] common.HCatUtil: Configuration differences={datanucleus.connectionPool.maxPoolSize=4, hive.llap.io.cache.orc.alloc.max=2097152, javax.jdo.option.ConnectionUserName=APP, test.property1=value1, hive.stats.column.autogather=true, hive.query.results.cache.enabled=false, fs.pfile.impl=org.apache.hadoop.fs.ProxyLocalFileSystem, hive.querylog.location=${test.tmp.dir}/tmp, hive.metastore.rawstore.impl=org.apache.hadoop.hive.metastore.ObjectStore, hive.llap.io.use.lrfu=true, javax.jdo.option.ConnectionPassword=mine, hive.jar.path=${maven.local.repository}/org/apache/hive/hive-exec/${hive.version}/hive-exec-${hive.version}.jar, hive.default.rcfile.serde=org.apache.hadoop.hive.serde2.columnar.ColumnarSerDe, datanucleus.schema.autoCreateAll=true, test.data.scripts=${hive.root}/data/scripts, hive.users.in.admin.role=hive_admin_user, hive.llap.io.cache.orc.size=8388608, test.var.hiveconf.property=${hive.exec.default.partition.name}, hive.dummyparam.test.server.specific.config.hivesite=from.hive-site.xml, hive.exec.mode.local.auto=false, hive.materializedview.rewriting=true, hive.dummyparam.test.server.specific.config.override=from.hive-site.xml, hive.fetch.task.conversion=minimal, hive.metastore.metadb.dir=file://${test.tmp.dir}/metadb/, hive.conf.restricted.list=dummy.config.value, hive.server2.operation.log.purgePolicy.timeToLive=5s, hive.query.reexecution.stats.persist.scope=query, hive.cbo.fallback.strategy=TEST, hive.input.format=org.apache.hadoop.hive.ql.io.CombineHiveInputFormat, hive.security.authorization.manager=org.apache.hadoop.hive.ql.security.authorization.plugin.sqlstd.SQLStdHiveAuthorizerFactoryForTest, test.data.files=${hive.root}/data/files, hive.metastore.client.cache.enabled=true, hive.stats.key.prefix.reserve.length=0, hive.exec.local.scratchdir=${test.tmp.dir}/localscratchdir/, hive.exec.submit.local.task.via.child=false, hive.auto.convert.join=false, hive.llap.io.cache.orc.alloc.min=32768, hive.stats.fetch.bitvector=true, hive.llap.io.allocator.direct=false, hive.metastore.schema.verification=false, javax.jdo.option.ConnectionDriverName=org.apache.derby.jdbc.EmbeddedDriver, hive.support.concurrency=true, hive.in.test=true, hive.metastore.warehouse.dir=${test.warehouse.dir}, hive.llap.io.cache.orc.arena.size=8388608, hive.exec.scratchdir=${test.tmp.dir}/scratchdir, test.log.dir=${test.tmp.dir}/log/, hive.exec.post.hooks=org.apache.hadoop.hive.ql.hooks.PostExecutePrinter, javax.jdo.option.ConnectionURL=jdbc:derby:memory:${test.tmp.dir}/junit_metastore_db;create=true, hive.llap.cache.allow.synthetic.fileid=true, hive.scheduled.queries.executor.enabled=false, hive.ignore.mapjoin.hint=false, hive.metastore.client.cache.maxSize=10Mb, hive.metastore.client.cache.recordStats=true, hive.mapjoin.max.gc.time.percentage=0.99, hive.test.dummystats.aggregator=value2, hive.exec.pre.hooks=org.apache.hadoop.hive.ql.hooks.PreExecutePrinter, org.apache.hadoop.hive.ql.hooks.EnforceReadOnlyTables, org.apache.hadoop.hive.ql.hooks.MaterializedViewRegistryPropertiesHook, iceberg.hive.keep.stats=true, hive.strict.timestamp.conversion=false}
2024-05-01T05:39:10,391  INFO [main] HiveMetaStore.audit: ugi=alex	ip=unknown-ip-addr	cmd=get_databases: @hive#NonExistentDatabaseUsedForHealthCheck	
2024-05-01T05:39:10,393  INFO [main] HiveMetaStore.audit: ugi=alex	ip=unknown-ip-addr	cmd=get_table : tbl=hive.default.junit_specific_size	
2024-05-01T05:39:10,400  INFO [main] metastore.HMSHandler: Skipping translation for processor with null
2024-05-01T05:39:10,432  WARN [main] conf.HiveConf: HiveConf of name hive.llap.io.cache.orc.size does not exist
2024-05-01T05:39:10,432  WARN [main] conf.HiveConf: HiveConf of name hive.dummyparam.test.server.specific.config.override does not exist
2024-05-01T05:39:10,432  WARN [main] conf.HiveConf: HiveConf of name hive.metastore.metadb.dir does not exist
2024-05-01T05:39:10,432  WARN [main] conf.HiveConf: HiveConf of name hive.llap.io.cache.orc.alloc.min does not exist
2024-05-01T05:39:10,432  WARN [main] conf.HiveConf: HiveConf of name hive.dummyparam.test.server.specific.config.hivesite does not exist
2024-05-01T05:39:10,432  WARN [main] conf.HiveConf: HiveConf of name hive.llap.io.cache.orc.alloc.max does not exist
2024-05-01T05:39:10,432  WARN [main] conf.HiveConf: HiveConf of name hive.metastore.client.cache.maxSize does not exist
2024-05-01T05:39:10,432  WARN [main] conf.HiveConf: HiveConf of name hive.dummyparam.test.server.specific.config.metastoresite does not exist
2024-05-01T05:39:10,433  WARN [main] conf.HiveConf: HiveConf of name hive.metastore.client.cache.recordStats does not exist
2024-05-01T05:39:10,433  WARN [main] conf.HiveConf: HiveConf of name hive.llap.io.cache.orc.arena.size does not exist
2024-05-01T05:39:10,433  WARN [main] conf.HiveConf: HiveConf of name hive.stats.key.prefix.reserve.length does not exist
2024-05-01T05:39:10,433  INFO [main] common.HCatUtil: mapreduce.lib.hcatoutput.hive.conf is set. Applying configuration differences.
2024-05-01T05:39:10,433  INFO [main] HiveMetaStore.audit: ugi=alex	ip=unknown-ip-addr	cmd=get_databases: @hive#NonExistentDatabaseUsedForHealthCheck	
2024-05-01T05:39:10,454  WARN [main] conf.HiveConf: HiveConf of name hive.llap.io.cache.orc.size does not exist
2024-05-01T05:39:10,454  WARN [main] conf.HiveConf: HiveConf of name hive.dummyparam.test.server.specific.config.override does not exist
2024-05-01T05:39:10,454  WARN [main] conf.HiveConf: HiveConf of name hive.metastore.metadb.dir does not exist
2024-05-01T05:39:10,454  WARN [main] conf.HiveConf: HiveConf of name hive.llap.io.cache.orc.alloc.min does not exist
2024-05-01T05:39:10,454  WARN [main] conf.HiveConf: HiveConf of name hive.dummyparam.test.server.specific.config.hivesite does not exist
2024-05-01T05:39:10,454  WARN [main] conf.HiveConf: HiveConf of name hive.llap.io.cache.orc.alloc.max does not exist
2024-05-01T05:39:10,454  WARN [main] conf.HiveConf: HiveConf of name hive.metastore.client.cache.maxSize does not exist
2024-05-01T05:39:10,454  WARN [main] conf.HiveConf: HiveConf of name hive.dummyparam.test.server.specific.config.metastoresite does not exist
2024-05-01T05:39:10,454  WARN [main] conf.HiveConf: HiveConf of name hive.metastore.client.cache.recordStats does not exist
2024-05-01T05:39:10,454  WARN [main] conf.HiveConf: HiveConf of name hive.llap.io.cache.orc.arena.size does not exist
2024-05-01T05:39:10,454  WARN [main] conf.HiveConf: HiveConf of name hive.stats.key.prefix.reserve.length does not exist
2024-05-01T05:39:10,454  INFO [main] common.HCatUtil: mapreduce.lib.hcatoutput.hive.conf not set. Generating configuration differences.
2024-05-01T05:39:10,455  INFO [main] common.HCatUtil: Configuration differences={datanucleus.connectionPool.maxPoolSize=4, hive.llap.io.cache.orc.alloc.max=2097152, javax.jdo.option.ConnectionUserName=APP, test.property1=value1, hive.stats.column.autogather=true, hive.query.results.cache.enabled=false, fs.pfile.impl=org.apache.hadoop.fs.ProxyLocalFileSystem, hive.querylog.location=${test.tmp.dir}/tmp, hive.metastore.rawstore.impl=org.apache.hadoop.hive.metastore.ObjectStore, hive.llap.io.use.lrfu=true, javax.jdo.option.ConnectionPassword=mine, hive.jar.path=${maven.local.repository}/org/apache/hive/hive-exec/${hive.version}/hive-exec-${hive.version}.jar, hive.default.rcfile.serde=org.apache.hadoop.hive.serde2.columnar.ColumnarSerDe, datanucleus.schema.autoCreateAll=true, test.data.scripts=${hive.root}/data/scripts, hive.users.in.admin.role=hive_admin_user, hive.llap.io.cache.orc.size=8388608, test.var.hiveconf.property=${hive.exec.default.partition.name}, hive.dummyparam.test.server.specific.config.hivesite=from.hive-site.xml, hive.exec.mode.local.auto=false, hive.materializedview.rewriting=true, hive.dummyparam.test.server.specific.config.override=from.hive-site.xml, hive.fetch.task.conversion=minimal, hive.metastore.metadb.dir=file://${test.tmp.dir}/metadb/, hive.conf.restricted.list=dummy.config.value, hive.server2.operation.log.purgePolicy.timeToLive=5s, hive.query.reexecution.stats.persist.scope=query, hive.cbo.fallback.strategy=TEST, hive.input.format=org.apache.hadoop.hive.ql.io.CombineHiveInputFormat, hive.security.authorization.manager=org.apache.hadoop.hive.ql.security.authorization.plugin.sqlstd.SQLStdHiveAuthorizerFactoryForTest, test.data.files=${hive.root}/data/files, hive.metastore.client.cache.enabled=true, hive.stats.key.prefix.reserve.length=0, hive.exec.local.scratchdir=${test.tmp.dir}/localscratchdir/, hive.exec.submit.local.task.via.child=false, hive.auto.convert.join=false, hive.llap.io.cache.orc.alloc.min=32768, hive.stats.fetch.bitvector=true, hive.llap.io.allocator.direct=false, hive.metastore.schema.verification=false, javax.jdo.option.ConnectionDriverName=org.apache.derby.jdbc.EmbeddedDriver, hive.support.concurrency=true, hive.in.test=true, hive.metastore.warehouse.dir=${test.warehouse.dir}, hive.llap.io.cache.orc.arena.size=8388608, hive.exec.scratchdir=${test.tmp.dir}/scratchdir, test.log.dir=${test.tmp.dir}/log/, hive.exec.post.hooks=org.apache.hadoop.hive.ql.hooks.PostExecutePrinter, javax.jdo.option.ConnectionURL=jdbc:derby:memory:${test.tmp.dir}/junit_metastore_db;create=true, hive.llap.cache.allow.synthetic.fileid=true, hive.scheduled.queries.executor.enabled=false, hive.ignore.mapjoin.hint=false, hive.metastore.client.cache.maxSize=10Mb, hive.metastore.client.cache.recordStats=true, hive.mapjoin.max.gc.time.percentage=0.99, hive.test.dummystats.aggregator=value2, hive.exec.pre.hooks=org.apache.hadoop.hive.ql.hooks.PreExecutePrinter, org.apache.hadoop.hive.ql.hooks.EnforceReadOnlyTables, org.apache.hadoop.hive.ql.hooks.MaterializedViewRegistryPropertiesHook, iceberg.hive.keep.stats=true, hive.strict.timestamp.conversion=false}
2024-05-01T05:39:10,457  INFO [main] HiveMetaStore.audit: ugi=alex	ip=unknown-ip-addr	cmd=get_databases: @hive#NonExistentDatabaseUsedForHealthCheck	
2024-05-01T05:39:10,458  INFO [main] HiveMetaStore.audit: ugi=alex	ip=unknown-ip-addr	cmd=get_table : tbl=hive.junit_specific_db.junit_specific_size2	
2024-05-01T05:39:10,464  INFO [main] metastore.HMSHandler: Skipping translation for processor with null
2024-05-01T05:39:10,486  WARN [main] conf.HiveConf: HiveConf of name hive.llap.io.cache.orc.size does not exist
2024-05-01T05:39:10,486  WARN [main] conf.HiveConf: HiveConf of name hive.dummyparam.test.server.specific.config.override does not exist
2024-05-01T05:39:10,486  WARN [main] conf.HiveConf: HiveConf of name hive.metastore.metadb.dir does not exist
2024-05-01T05:39:10,486  WARN [main] conf.HiveConf: HiveConf of name hive.llap.io.cache.orc.alloc.min does not exist
2024-05-01T05:39:10,486  WARN [main] conf.HiveConf: HiveConf of name hive.dummyparam.test.server.specific.config.hivesite does not exist
2024-05-01T05:39:10,486  WARN [main] conf.HiveConf: HiveConf of name hive.llap.io.cache.orc.alloc.max does not exist
2024-05-01T05:39:10,486  WARN [main] conf.HiveConf: HiveConf of name hive.metastore.client.cache.maxSize does not exist
2024-05-01T05:39:10,486  WARN [main] conf.HiveConf: HiveConf of name hive.dummyparam.test.server.specific.config.metastoresite does not exist
2024-05-01T05:39:10,486  WARN [main] conf.HiveConf: HiveConf of name hive.metastore.client.cache.recordStats does not exist
2024-05-01T05:39:10,486  WARN [main] conf.HiveConf: HiveConf of name hive.llap.io.cache.orc.arena.size does not exist
2024-05-01T05:39:10,486  WARN [main] conf.HiveConf: HiveConf of name hive.stats.key.prefix.reserve.length does not exist
2024-05-01T05:39:10,486  INFO [main] common.HCatUtil: mapreduce.lib.hcatoutput.hive.conf is set. Applying configuration differences.
2024-05-01T05:39:10,487  INFO [main] HiveMetaStore.audit: ugi=alex	ip=unknown-ip-addr	cmd=get_databases: @hive#NonExistentDatabaseUsedForHealthCheck	
2024-05-01T05:39:10,504  WARN [main] conf.HiveConf: HiveConf of name hive.llap.io.cache.orc.size does not exist
2024-05-01T05:39:10,504  WARN [main] conf.HiveConf: HiveConf of name hive.dummyparam.test.server.specific.config.override does not exist
2024-05-01T05:39:10,504  WARN [main] conf.HiveConf: HiveConf of name hive.metastore.metadb.dir does not exist
2024-05-01T05:39:10,504  WARN [main] conf.HiveConf: HiveConf of name hive.llap.io.cache.orc.alloc.min does not exist
2024-05-01T05:39:10,504  WARN [main] conf.HiveConf: HiveConf of name hive.dummyparam.test.server.specific.config.hivesite does not exist
2024-05-01T05:39:10,504  WARN [main] conf.HiveConf: HiveConf of name hive.llap.io.cache.orc.alloc.max does not exist
2024-05-01T05:39:10,504  WARN [main] conf.HiveConf: HiveConf of name hive.metastore.client.cache.maxSize does not exist
2024-05-01T05:39:10,504  WARN [main] conf.HiveConf: HiveConf of name hive.dummyparam.test.server.specific.config.metastoresite does not exist
2024-05-01T05:39:10,504  WARN [main] conf.HiveConf: HiveConf of name hive.metastore.client.cache.recordStats does not exist
2024-05-01T05:39:10,504  WARN [main] conf.HiveConf: HiveConf of name hive.llap.io.cache.orc.arena.size does not exist
2024-05-01T05:39:10,504  WARN [main] conf.HiveConf: HiveConf of name hive.stats.key.prefix.reserve.length does not exist
2024-05-01T05:39:10,504  INFO [main] common.HCatUtil: mapreduce.lib.hcatoutput.hive.conf not set. Generating configuration differences.
2024-05-01T05:39:10,505  INFO [main] common.HCatUtil: Configuration differences={datanucleus.connectionPool.maxPoolSize=4, hive.llap.io.cache.orc.alloc.max=2097152, javax.jdo.option.ConnectionUserName=APP, test.property1=value1, hive.stats.column.autogather=true, hive.query.results.cache.enabled=false, fs.pfile.impl=org.apache.hadoop.fs.ProxyLocalFileSystem, hive.querylog.location=${test.tmp.dir}/tmp, hive.metastore.rawstore.impl=org.apache.hadoop.hive.metastore.ObjectStore, hive.llap.io.use.lrfu=true, javax.jdo.option.ConnectionPassword=mine, hive.jar.path=${maven.local.repository}/org/apache/hive/hive-exec/${hive.version}/hive-exec-${hive.version}.jar, hive.default.rcfile.serde=org.apache.hadoop.hive.serde2.columnar.ColumnarSerDe, datanucleus.schema.autoCreateAll=true, test.data.scripts=${hive.root}/data/scripts, hive.users.in.admin.role=hive_admin_user, hive.llap.io.cache.orc.size=8388608, test.var.hiveconf.property=${hive.exec.default.partition.name}, hive.dummyparam.test.server.specific.config.hivesite=from.hive-site.xml, hive.exec.mode.local.auto=false, hive.materializedview.rewriting=true, hive.dummyparam.test.server.specific.config.override=from.hive-site.xml, hive.fetch.task.conversion=minimal, hive.metastore.metadb.dir=file://${test.tmp.dir}/metadb/, hive.conf.restricted.list=dummy.config.value, hive.server2.operation.log.purgePolicy.timeToLive=5s, hive.query.reexecution.stats.persist.scope=query, hive.cbo.fallback.strategy=TEST, hive.input.format=org.apache.hadoop.hive.ql.io.CombineHiveInputFormat, hive.security.authorization.manager=org.apache.hadoop.hive.ql.security.authorization.plugin.sqlstd.SQLStdHiveAuthorizerFactoryForTest, test.data.files=${hive.root}/data/files, hive.metastore.client.cache.enabled=true, hive.stats.key.prefix.reserve.length=0, hive.exec.local.scratchdir=${test.tmp.dir}/localscratchdir/, hive.exec.submit.local.task.via.child=false, hive.auto.convert.join=false, hive.llap.io.cache.orc.alloc.min=32768, hive.stats.fetch.bitvector=true, hive.llap.io.allocator.direct=false, hive.metastore.schema.verification=false, javax.jdo.option.ConnectionDriverName=org.apache.derby.jdbc.EmbeddedDriver, hive.support.concurrency=true, hive.in.test=true, hive.metastore.warehouse.dir=${test.warehouse.dir}, hive.llap.io.cache.orc.arena.size=8388608, hive.exec.scratchdir=${test.tmp.dir}/scratchdir, test.log.dir=${test.tmp.dir}/log/, hive.exec.post.hooks=org.apache.hadoop.hive.ql.hooks.PostExecutePrinter, javax.jdo.option.ConnectionURL=jdbc:derby:memory:${test.tmp.dir}/junit_metastore_db;create=true, hive.llap.cache.allow.synthetic.fileid=true, hive.scheduled.queries.executor.enabled=false, hive.ignore.mapjoin.hint=false, hive.metastore.client.cache.maxSize=10Mb, hive.metastore.client.cache.recordStats=true, hive.mapjoin.max.gc.time.percentage=0.99, hive.test.dummystats.aggregator=value2, hive.exec.pre.hooks=org.apache.hadoop.hive.ql.hooks.PreExecutePrinter, org.apache.hadoop.hive.ql.hooks.EnforceReadOnlyTables, org.apache.hadoop.hive.ql.hooks.MaterializedViewRegistryPropertiesHook, iceberg.hive.keep.stats=true, hive.strict.timestamp.conversion=false}
2024-05-01T05:39:10,506  INFO [main] HiveMetaStore.audit: ugi=alex	ip=unknown-ip-addr	cmd=get_databases: @hive#NonExistentDatabaseUsedForHealthCheck	
2024-05-01T05:39:10,507  INFO [main] HiveMetaStore.audit: ugi=alex	ip=unknown-ip-addr	cmd=get_table : tbl=hive.default.junit_parted_basic	
2024-05-01T05:39:10,513  INFO [main] metastore.HMSHandler: Skipping translation for processor with null
2024-05-01T05:39:10,535  WARN [main] conf.HiveConf: HiveConf of name hive.llap.io.cache.orc.size does not exist
2024-05-01T05:39:10,535  WARN [main] conf.HiveConf: HiveConf of name hive.dummyparam.test.server.specific.config.override does not exist
2024-05-01T05:39:10,535  WARN [main] conf.HiveConf: HiveConf of name hive.metastore.metadb.dir does not exist
2024-05-01T05:39:10,535  WARN [main] conf.HiveConf: HiveConf of name hive.llap.io.cache.orc.alloc.min does not exist
2024-05-01T05:39:10,535  WARN [main] conf.HiveConf: HiveConf of name hive.dummyparam.test.server.specific.config.hivesite does not exist
2024-05-01T05:39:10,535  WARN [main] conf.HiveConf: HiveConf of name hive.llap.io.cache.orc.alloc.max does not exist
2024-05-01T05:39:10,535  WARN [main] conf.HiveConf: HiveConf of name hive.metastore.client.cache.maxSize does not exist
2024-05-01T05:39:10,535  WARN [main] conf.HiveConf: HiveConf of name hive.dummyparam.test.server.specific.config.metastoresite does not exist
2024-05-01T05:39:10,535  WARN [main] conf.HiveConf: HiveConf of name hive.metastore.client.cache.recordStats does not exist
2024-05-01T05:39:10,535  WARN [main] conf.HiveConf: HiveConf of name hive.llap.io.cache.orc.arena.size does not exist
2024-05-01T05:39:10,535  WARN [main] conf.HiveConf: HiveConf of name hive.stats.key.prefix.reserve.length does not exist
2024-05-01T05:39:10,535  INFO [main] common.HCatUtil: mapreduce.lib.hcatoutput.hive.conf is set. Applying configuration differences.
2024-05-01T05:39:10,536  INFO [main] HiveMetaStore.audit: ugi=alex	ip=unknown-ip-addr	cmd=get_databases: @hive#NonExistentDatabaseUsedForHealthCheck	
2024-05-01T05:39:10,553  WARN [main] conf.HiveConf: HiveConf of name hive.llap.io.cache.orc.size does not exist
2024-05-01T05:39:10,553  WARN [main] conf.HiveConf: HiveConf of name hive.dummyparam.test.server.specific.config.override does not exist
2024-05-01T05:39:10,553  WARN [main] conf.HiveConf: HiveConf of name hive.metastore.metadb.dir does not exist
2024-05-01T05:39:10,553  WARN [main] conf.HiveConf: HiveConf of name hive.llap.io.cache.orc.alloc.min does not exist
2024-05-01T05:39:10,553  WARN [main] conf.HiveConf: HiveConf of name hive.dummyparam.test.server.specific.config.hivesite does not exist
2024-05-01T05:39:10,553  WARN [main] conf.HiveConf: HiveConf of name hive.llap.io.cache.orc.alloc.max does not exist
2024-05-01T05:39:10,553  WARN [main] conf.HiveConf: HiveConf of name hive.metastore.client.cache.maxSize does not exist
2024-05-01T05:39:10,553  WARN [main] conf.HiveConf: HiveConf of name hive.dummyparam.test.server.specific.config.metastoresite does not exist
2024-05-01T05:39:10,553  WARN [main] conf.HiveConf: HiveConf of name hive.metastore.client.cache.recordStats does not exist
2024-05-01T05:39:10,553  WARN [main] conf.HiveConf: HiveConf of name hive.llap.io.cache.orc.arena.size does not exist
2024-05-01T05:39:10,553  WARN [main] conf.HiveConf: HiveConf of name hive.stats.key.prefix.reserve.length does not exist
2024-05-01T05:39:10,553  INFO [main] common.HCatUtil: mapreduce.lib.hcatoutput.hive.conf not set. Generating configuration differences.
2024-05-01T05:39:10,554  INFO [main] common.HCatUtil: Configuration differences={datanucleus.connectionPool.maxPoolSize=4, hive.llap.io.cache.orc.alloc.max=2097152, javax.jdo.option.ConnectionUserName=APP, test.property1=value1, hive.stats.column.autogather=true, hive.query.results.cache.enabled=false, fs.pfile.impl=org.apache.hadoop.fs.ProxyLocalFileSystem, hive.querylog.location=${test.tmp.dir}/tmp, hive.metastore.rawstore.impl=org.apache.hadoop.hive.metastore.ObjectStore, hive.llap.io.use.lrfu=true, javax.jdo.option.ConnectionPassword=mine, hive.jar.path=${maven.local.repository}/org/apache/hive/hive-exec/${hive.version}/hive-exec-${hive.version}.jar, hive.default.rcfile.serde=org.apache.hadoop.hive.serde2.columnar.ColumnarSerDe, datanucleus.schema.autoCreateAll=true, test.data.scripts=${hive.root}/data/scripts, hive.users.in.admin.role=hive_admin_user, hive.llap.io.cache.orc.size=8388608, test.var.hiveconf.property=${hive.exec.default.partition.name}, hive.dummyparam.test.server.specific.config.hivesite=from.hive-site.xml, hive.exec.mode.local.auto=false, hive.materializedview.rewriting=true, hive.dummyparam.test.server.specific.config.override=from.hive-site.xml, hive.fetch.task.conversion=minimal, hive.metastore.metadb.dir=file://${test.tmp.dir}/metadb/, hive.conf.restricted.list=dummy.config.value, hive.server2.operation.log.purgePolicy.timeToLive=5s, hive.query.reexecution.stats.persist.scope=query, hive.cbo.fallback.strategy=TEST, hive.input.format=org.apache.hadoop.hive.ql.io.CombineHiveInputFormat, hive.security.authorization.manager=org.apache.hadoop.hive.ql.security.authorization.plugin.sqlstd.SQLStdHiveAuthorizerFactoryForTest, test.data.files=${hive.root}/data/files, hive.metastore.client.cache.enabled=true, hive.stats.key.prefix.reserve.length=0, hive.exec.local.scratchdir=${test.tmp.dir}/localscratchdir/, hive.exec.submit.local.task.via.child=false, hive.auto.convert.join=false, hive.llap.io.cache.orc.alloc.min=32768, hive.stats.fetch.bitvector=true, hive.llap.io.allocator.direct=false, hive.metastore.schema.verification=false, javax.jdo.option.ConnectionDriverName=org.apache.derby.jdbc.EmbeddedDriver, hive.support.concurrency=true, hive.in.test=true, hive.metastore.warehouse.dir=${test.warehouse.dir}, hive.llap.io.cache.orc.arena.size=8388608, hive.exec.scratchdir=${test.tmp.dir}/scratchdir, test.log.dir=${test.tmp.dir}/log/, hive.exec.post.hooks=org.apache.hadoop.hive.ql.hooks.PostExecutePrinter, javax.jdo.option.ConnectionURL=jdbc:derby:memory:${test.tmp.dir}/junit_metastore_db;create=true, hive.llap.cache.allow.synthetic.fileid=true, hive.scheduled.queries.executor.enabled=false, hive.ignore.mapjoin.hint=false, hive.metastore.client.cache.maxSize=10Mb, hive.metastore.client.cache.recordStats=true, hive.mapjoin.max.gc.time.percentage=0.99, hive.test.dummystats.aggregator=value2, hive.exec.pre.hooks=org.apache.hadoop.hive.ql.hooks.PreExecutePrinter, org.apache.hadoop.hive.ql.hooks.EnforceReadOnlyTables, org.apache.hadoop.hive.ql.hooks.MaterializedViewRegistryPropertiesHook, iceberg.hive.keep.stats=true, hive.strict.timestamp.conversion=false}
2024-05-01T05:39:10,555  INFO [main] HiveMetaStore.audit: ugi=alex	ip=unknown-ip-addr	cmd=get_databases: @hive#NonExistentDatabaseUsedForHealthCheck	
2024-05-01T05:39:10,556  INFO [main] HiveMetaStore.audit: ugi=alex	ip=unknown-ip-addr	cmd=get_table : tbl=hive.default.junit_parted_basic	
2024-05-01T05:39:10,562  INFO [main] metastore.HMSHandler: Skipping translation for processor with null
2024-05-01T05:39:10,583  WARN [main] conf.HiveConf: HiveConf of name hive.llap.io.cache.orc.size does not exist
2024-05-01T05:39:10,583  WARN [main] conf.HiveConf: HiveConf of name hive.dummyparam.test.server.specific.config.override does not exist
2024-05-01T05:39:10,583  WARN [main] conf.HiveConf: HiveConf of name hive.metastore.metadb.dir does not exist
2024-05-01T05:39:10,583  WARN [main] conf.HiveConf: HiveConf of name hive.llap.io.cache.orc.alloc.min does not exist
2024-05-01T05:39:10,583  WARN [main] conf.HiveConf: HiveConf of name hive.dummyparam.test.server.specific.config.hivesite does not exist
2024-05-01T05:39:10,583  WARN [main] conf.HiveConf: HiveConf of name hive.llap.io.cache.orc.alloc.max does not exist
2024-05-01T05:39:10,583  WARN [main] conf.HiveConf: HiveConf of name hive.metastore.client.cache.maxSize does not exist
2024-05-01T05:39:10,583  WARN [main] conf.HiveConf: HiveConf of name hive.dummyparam.test.server.specific.config.metastoresite does not exist
2024-05-01T05:39:10,583  WARN [main] conf.HiveConf: HiveConf of name hive.metastore.client.cache.recordStats does not exist
2024-05-01T05:39:10,583  WARN [main] conf.HiveConf: HiveConf of name hive.llap.io.cache.orc.arena.size does not exist
2024-05-01T05:39:10,583  WARN [main] conf.HiveConf: HiveConf of name hive.stats.key.prefix.reserve.length does not exist
2024-05-01T05:39:10,583  INFO [main] common.HCatUtil: mapreduce.lib.hcatoutput.hive.conf is set. Applying configuration differences.
2024-05-01T05:39:10,584  INFO [main] HiveMetaStore.audit: ugi=alex	ip=unknown-ip-addr	cmd=get_databases: @hive#NonExistentDatabaseUsedForHealthCheck	
2024-05-01T05:39:10,600  WARN [main] conf.HiveConf: HiveConf of name hive.llap.io.cache.orc.size does not exist
2024-05-01T05:39:10,600  WARN [main] conf.HiveConf: HiveConf of name hive.dummyparam.test.server.specific.config.override does not exist
2024-05-01T05:39:10,600  WARN [main] conf.HiveConf: HiveConf of name hive.metastore.metadb.dir does not exist
2024-05-01T05:39:10,600  WARN [main] conf.HiveConf: HiveConf of name hive.llap.io.cache.orc.alloc.min does not exist
2024-05-01T05:39:10,600  WARN [main] conf.HiveConf: HiveConf of name hive.dummyparam.test.server.specific.config.hivesite does not exist
2024-05-01T05:39:10,600  WARN [main] conf.HiveConf: HiveConf of name hive.llap.io.cache.orc.alloc.max does not exist
2024-05-01T05:39:10,600  WARN [main] conf.HiveConf: HiveConf of name hive.metastore.client.cache.maxSize does not exist
2024-05-01T05:39:10,600  WARN [main] conf.HiveConf: HiveConf of name hive.dummyparam.test.server.specific.config.metastoresite does not exist
2024-05-01T05:39:10,600  WARN [main] conf.HiveConf: HiveConf of name hive.metastore.client.cache.recordStats does not exist
2024-05-01T05:39:10,600  WARN [main] conf.HiveConf: HiveConf of name hive.llap.io.cache.orc.arena.size does not exist
2024-05-01T05:39:10,600  WARN [main] conf.HiveConf: HiveConf of name hive.stats.key.prefix.reserve.length does not exist
2024-05-01T05:39:10,600  INFO [main] common.HCatUtil: mapreduce.lib.hcatoutput.hive.conf not set. Generating configuration differences.
2024-05-01T05:39:10,601  INFO [main] common.HCatUtil: Configuration differences={datanucleus.connectionPool.maxPoolSize=4, hive.llap.io.cache.orc.alloc.max=2097152, javax.jdo.option.ConnectionUserName=APP, test.property1=value1, hive.stats.column.autogather=true, hive.query.results.cache.enabled=false, fs.pfile.impl=org.apache.hadoop.fs.ProxyLocalFileSystem, hive.querylog.location=${test.tmp.dir}/tmp, hive.metastore.rawstore.impl=org.apache.hadoop.hive.metastore.ObjectStore, hive.llap.io.use.lrfu=true, javax.jdo.option.ConnectionPassword=mine, hive.jar.path=${maven.local.repository}/org/apache/hive/hive-exec/${hive.version}/hive-exec-${hive.version}.jar, hive.default.rcfile.serde=org.apache.hadoop.hive.serde2.columnar.ColumnarSerDe, datanucleus.schema.autoCreateAll=true, test.data.scripts=${hive.root}/data/scripts, hive.users.in.admin.role=hive_admin_user, hive.llap.io.cache.orc.size=8388608, test.var.hiveconf.property=${hive.exec.default.partition.name}, hive.dummyparam.test.server.specific.config.hivesite=from.hive-site.xml, hive.exec.mode.local.auto=false, hive.materializedview.rewriting=true, hive.dummyparam.test.server.specific.config.override=from.hive-site.xml, hive.fetch.task.conversion=minimal, hive.metastore.metadb.dir=file://${test.tmp.dir}/metadb/, hive.conf.restricted.list=dummy.config.value, hive.server2.operation.log.purgePolicy.timeToLive=5s, hive.query.reexecution.stats.persist.scope=query, hive.cbo.fallback.strategy=TEST, hive.input.format=org.apache.hadoop.hive.ql.io.CombineHiveInputFormat, hive.security.authorization.manager=org.apache.hadoop.hive.ql.security.authorization.plugin.sqlstd.SQLStdHiveAuthorizerFactoryForTest, test.data.files=${hive.root}/data/files, hive.metastore.client.cache.enabled=true, hive.stats.key.prefix.reserve.length=0, hive.exec.local.scratchdir=${test.tmp.dir}/localscratchdir/, hive.exec.submit.local.task.via.child=false, hive.auto.convert.join=false, hive.llap.io.cache.orc.alloc.min=32768, hive.stats.fetch.bitvector=true, hive.llap.io.allocator.direct=false, hive.metastore.schema.verification=false, javax.jdo.option.ConnectionDriverName=org.apache.derby.jdbc.EmbeddedDriver, hive.support.concurrency=true, hive.in.test=true, hive.metastore.warehouse.dir=${test.warehouse.dir}, hive.llap.io.cache.orc.arena.size=8388608, hive.exec.scratchdir=${test.tmp.dir}/scratchdir, test.log.dir=${test.tmp.dir}/log/, hive.exec.post.hooks=org.apache.hadoop.hive.ql.hooks.PostExecutePrinter, javax.jdo.option.ConnectionURL=jdbc:derby:memory:${test.tmp.dir}/junit_metastore_db;create=true, hive.llap.cache.allow.synthetic.fileid=true, hive.scheduled.queries.executor.enabled=false, hive.ignore.mapjoin.hint=false, hive.metastore.client.cache.maxSize=10Mb, hive.metastore.client.cache.recordStats=true, hive.mapjoin.max.gc.time.percentage=0.99, hive.test.dummystats.aggregator=value2, hive.exec.pre.hooks=org.apache.hadoop.hive.ql.hooks.PreExecutePrinter, org.apache.hadoop.hive.ql.hooks.EnforceReadOnlyTables, org.apache.hadoop.hive.ql.hooks.MaterializedViewRegistryPropertiesHook, iceberg.hive.keep.stats=true, hive.strict.timestamp.conversion=false}
2024-05-01T05:39:10,602  INFO [main] HiveMetaStore.audit: ugi=alex	ip=unknown-ip-addr	cmd=get_databases: @hive#NonExistentDatabaseUsedForHealthCheck	
2024-05-01T05:39:10,603  INFO [main] HiveMetaStore.audit: ugi=alex	ip=unknown-ip-addr	cmd=get_table : tbl=hive.default.junit_unparted_complex	
2024-05-01T05:39:10,608  INFO [main] metastore.HMSHandler: Skipping translation for processor with null
2024-05-01T05:39:10,632  WARN [main] conf.HiveConf: HiveConf of name hive.llap.io.cache.orc.size does not exist
2024-05-01T05:39:10,632  WARN [main] conf.HiveConf: HiveConf of name hive.dummyparam.test.server.specific.config.override does not exist
2024-05-01T05:39:10,632  WARN [main] conf.HiveConf: HiveConf of name hive.metastore.metadb.dir does not exist
2024-05-01T05:39:10,632  WARN [main] conf.HiveConf: HiveConf of name hive.llap.io.cache.orc.alloc.min does not exist
2024-05-01T05:39:10,632  WARN [main] conf.HiveConf: HiveConf of name hive.dummyparam.test.server.specific.config.hivesite does not exist
2024-05-01T05:39:10,632  WARN [main] conf.HiveConf: HiveConf of name hive.llap.io.cache.orc.alloc.max does not exist
2024-05-01T05:39:10,632  WARN [main] conf.HiveConf: HiveConf of name hive.metastore.client.cache.maxSize does not exist
2024-05-01T05:39:10,632  WARN [main] conf.HiveConf: HiveConf of name hive.dummyparam.test.server.specific.config.metastoresite does not exist
2024-05-01T05:39:10,632  WARN [main] conf.HiveConf: HiveConf of name hive.metastore.client.cache.recordStats does not exist
2024-05-01T05:39:10,632  WARN [main] conf.HiveConf: HiveConf of name hive.llap.io.cache.orc.arena.size does not exist
2024-05-01T05:39:10,632  WARN [main] conf.HiveConf: HiveConf of name hive.stats.key.prefix.reserve.length does not exist
2024-05-01T05:39:10,632  INFO [main] common.HCatUtil: mapreduce.lib.hcatoutput.hive.conf is set. Applying configuration differences.
2024-05-01T05:39:10,633  INFO [main] HiveMetaStore.audit: ugi=alex	ip=unknown-ip-addr	cmd=get_databases: @hive#NonExistentDatabaseUsedForHealthCheck	
2024-05-01T05:39:10,648  WARN [main] conf.HiveConf: HiveConf of name hive.llap.io.cache.orc.size does not exist
2024-05-01T05:39:10,649  WARN [main] conf.HiveConf: HiveConf of name hive.dummyparam.test.server.specific.config.override does not exist
2024-05-01T05:39:10,649  WARN [main] conf.HiveConf: HiveConf of name hive.metastore.metadb.dir does not exist
2024-05-01T05:39:10,649  WARN [main] conf.HiveConf: HiveConf of name hive.llap.io.cache.orc.alloc.min does not exist
2024-05-01T05:39:10,649  WARN [main] conf.HiveConf: HiveConf of name hive.dummyparam.test.server.specific.config.hivesite does not exist
2024-05-01T05:39:10,649  WARN [main] conf.HiveConf: HiveConf of name hive.llap.io.cache.orc.alloc.max does not exist
2024-05-01T05:39:10,649  WARN [main] conf.HiveConf: HiveConf of name hive.metastore.client.cache.maxSize does not exist
2024-05-01T05:39:10,649  WARN [main] conf.HiveConf: HiveConf of name hive.dummyparam.test.server.specific.config.metastoresite does not exist
2024-05-01T05:39:10,649  WARN [main] conf.HiveConf: HiveConf of name hive.metastore.client.cache.recordStats does not exist
2024-05-01T05:39:10,649  WARN [main] conf.HiveConf: HiveConf of name hive.llap.io.cache.orc.arena.size does not exist
2024-05-01T05:39:10,649  WARN [main] conf.HiveConf: HiveConf of name hive.stats.key.prefix.reserve.length does not exist
2024-05-01T05:39:10,649  INFO [main] common.HCatUtil: mapreduce.lib.hcatoutput.hive.conf not set. Generating configuration differences.
2024-05-01T05:39:10,650  INFO [main] common.HCatUtil: Configuration differences={datanucleus.connectionPool.maxPoolSize=4, hive.llap.io.cache.orc.alloc.max=2097152, javax.jdo.option.ConnectionUserName=APP, test.property1=value1, hive.stats.column.autogather=true, hive.query.results.cache.enabled=false, fs.pfile.impl=org.apache.hadoop.fs.ProxyLocalFileSystem, hive.querylog.location=${test.tmp.dir}/tmp, hive.metastore.rawstore.impl=org.apache.hadoop.hive.metastore.ObjectStore, hive.llap.io.use.lrfu=true, javax.jdo.option.ConnectionPassword=mine, hive.jar.path=${maven.local.repository}/org/apache/hive/hive-exec/${hive.version}/hive-exec-${hive.version}.jar, hive.default.rcfile.serde=org.apache.hadoop.hive.serde2.columnar.ColumnarSerDe, datanucleus.schema.autoCreateAll=true, test.data.scripts=${hive.root}/data/scripts, hive.users.in.admin.role=hive_admin_user, hive.llap.io.cache.orc.size=8388608, test.var.hiveconf.property=${hive.exec.default.partition.name}, hive.dummyparam.test.server.specific.config.hivesite=from.hive-site.xml, hive.exec.mode.local.auto=false, hive.materializedview.rewriting=true, hive.dummyparam.test.server.specific.config.override=from.hive-site.xml, hive.fetch.task.conversion=minimal, hive.metastore.metadb.dir=file://${test.tmp.dir}/metadb/, hive.conf.restricted.list=dummy.config.value, hive.server2.operation.log.purgePolicy.timeToLive=5s, hive.query.reexecution.stats.persist.scope=query, hive.cbo.fallback.strategy=TEST, hive.input.format=org.apache.hadoop.hive.ql.io.CombineHiveInputFormat, hive.security.authorization.manager=org.apache.hadoop.hive.ql.security.authorization.plugin.sqlstd.SQLStdHiveAuthorizerFactoryForTest, test.data.files=${hive.root}/data/files, hive.metastore.client.cache.enabled=true, hive.stats.key.prefix.reserve.length=0, hive.exec.local.scratchdir=${test.tmp.dir}/localscratchdir/, hive.exec.submit.local.task.via.child=false, hive.auto.convert.join=false, hive.llap.io.cache.orc.alloc.min=32768, hive.stats.fetch.bitvector=true, hive.llap.io.allocator.direct=false, hive.metastore.schema.verification=false, javax.jdo.option.ConnectionDriverName=org.apache.derby.jdbc.EmbeddedDriver, hive.support.concurrency=true, hive.in.test=true, hive.metastore.warehouse.dir=${test.warehouse.dir}, hive.llap.io.cache.orc.arena.size=8388608, hive.exec.scratchdir=${test.tmp.dir}/scratchdir, test.log.dir=${test.tmp.dir}/log/, hive.exec.post.hooks=org.apache.hadoop.hive.ql.hooks.PostExecutePrinter, javax.jdo.option.ConnectionURL=jdbc:derby:memory:${test.tmp.dir}/junit_metastore_db;create=true, hive.llap.cache.allow.synthetic.fileid=true, hive.scheduled.queries.executor.enabled=false, hive.ignore.mapjoin.hint=false, hive.metastore.client.cache.maxSize=10Mb, hive.metastore.client.cache.recordStats=true, hive.mapjoin.max.gc.time.percentage=0.99, hive.test.dummystats.aggregator=value2, hive.exec.pre.hooks=org.apache.hadoop.hive.ql.hooks.PreExecutePrinter, org.apache.hadoop.hive.ql.hooks.EnforceReadOnlyTables, org.apache.hadoop.hive.ql.hooks.MaterializedViewRegistryPropertiesHook, iceberg.hive.keep.stats=true, hive.strict.timestamp.conversion=false}
2024-05-01T05:39:10,651  INFO [main] HiveMetaStore.audit: ugi=alex	ip=unknown-ip-addr	cmd=get_databases: @hive#NonExistentDatabaseUsedForHealthCheck	
2024-05-01T05:39:10,652  INFO [main] HiveMetaStore.audit: ugi=alex	ip=unknown-ip-addr	cmd=get_table : tbl=hive.default.junit_parted_date	
2024-05-01T05:39:10,661  INFO [main] metastore.HMSHandler: Skipping translation for processor with null
2024-05-01T05:39:10,681  WARN [main] conf.HiveConf: HiveConf of name hive.llap.io.cache.orc.size does not exist
2024-05-01T05:39:10,682  WARN [main] conf.HiveConf: HiveConf of name hive.dummyparam.test.server.specific.config.override does not exist
2024-05-01T05:39:10,682  WARN [main] conf.HiveConf: HiveConf of name hive.metastore.metadb.dir does not exist
2024-05-01T05:39:10,682  WARN [main] conf.HiveConf: HiveConf of name hive.llap.io.cache.orc.alloc.min does not exist
2024-05-01T05:39:10,682  WARN [main] conf.HiveConf: HiveConf of name hive.dummyparam.test.server.specific.config.hivesite does not exist
2024-05-01T05:39:10,682  WARN [main] conf.HiveConf: HiveConf of name hive.llap.io.cache.orc.alloc.max does not exist
2024-05-01T05:39:10,682  WARN [main] conf.HiveConf: HiveConf of name hive.metastore.client.cache.maxSize does not exist
2024-05-01T05:39:10,682  WARN [main] conf.HiveConf: HiveConf of name hive.dummyparam.test.server.specific.config.metastoresite does not exist
2024-05-01T05:39:10,682  WARN [main] conf.HiveConf: HiveConf of name hive.metastore.client.cache.recordStats does not exist
2024-05-01T05:39:10,682  WARN [main] conf.HiveConf: HiveConf of name hive.llap.io.cache.orc.arena.size does not exist
2024-05-01T05:39:10,682  WARN [main] conf.HiveConf: HiveConf of name hive.stats.key.prefix.reserve.length does not exist
2024-05-01T05:39:10,682  INFO [main] common.HCatUtil: mapreduce.lib.hcatoutput.hive.conf is set. Applying configuration differences.
2024-05-01T05:39:10,682  INFO [main] HiveMetaStore.audit: ugi=alex	ip=unknown-ip-addr	cmd=get_databases: @hive#NonExistentDatabaseUsedForHealthCheck	
2024-05-01T05:39:10,685  INFO [main] pigstats.ScriptState: Pig features used in the script: FILTER
2024-05-01T05:39:10,694  INFO [main] optimizer.LogicalPlanOptimizer: {RULES_ENABLED=[AddForEach, ColumnMapKeyPrune, ConstantCalculator, GroupByConstParallelSetter, LimitOptimizer, LoadTypeCastInserter, MergeFilter, MergeForEach, PartitionFilterOptimizer, PredicatePushdownOptimizer, PushDownForEachFlatten, PushUpFilter, SplitFilter, StreamTypeCastInserter]}
2024-05-01T05:39:10,699  INFO [main] mapReduceLayer.MRCompiler: File concatenation threshold: 100 optimistic? false
2024-05-01T05:39:10,700  INFO [main] mapReduceLayer.MultiQueryOptimizer: MR plan size before optimization: 8
2024-05-01T05:39:10,700  INFO [main] mapReduceLayer.MultiQueryOptimizer: Merged 5 map-only splittees.
2024-05-01T05:39:10,700  INFO [main] mapReduceLayer.MultiQueryOptimizer: Merged 5 out of total 6 MR operators.
2024-05-01T05:39:10,700  INFO [main] mapReduceLayer.MultiQueryOptimizer: MR plan size after optimization: 3
2024-05-01T05:39:10,706  WARN [main] impl.MetricsSystemImpl: JobTracker metrics system already initialized!
2024-05-01T05:39:10,707  INFO [main] mapreduce.MRScriptState: Pig script settings are added to the job
2024-05-01T05:39:10,708  INFO [main] mapReduceLayer.JobControlCompiler: mapred.job.reduce.markreset.buffer.percent is not set, set to default 0.3
2024-05-01T05:39:10,709  INFO [main] mapReduceLayer.JobControlCompiler: Setting up multi store job
2024-05-01T05:39:10,710  INFO [main] data.SchemaTupleFrontend: Key [pig.schematuple] is false, will not generate code.
2024-05-01T05:39:10,710  INFO [main] data.SchemaTupleFrontend: Starting process to move generated code to distributed cacche
2024-05-01T05:39:10,710  INFO [main] data.SchemaTupleFrontend: Distributed cache not supported or needed in local mode. Setting key [pig.schematuple.local.dir] with code temp directory: /home/alex/Repositories/hive/hcatalog/hcatalog-pig-adapter/target/tmp/1714567150710-0
2024-05-01T05:39:10,717  INFO [main] mapreduce.MRScriptState: Pig script settings are added to the job
2024-05-01T05:39:10,717  INFO [main] mapReduceLayer.JobControlCompiler: mapred.job.reduce.markreset.buffer.percent is not set, set to default 0.3
2024-05-01T05:39:10,718  INFO [main] mapReduceLayer.JobControlCompiler: Setting up single store job
2024-05-01T05:39:10,719  INFO [main] data.SchemaTupleFrontend: Key [pig.schematuple] is false, will not generate code.
2024-05-01T05:39:10,719  INFO [main] data.SchemaTupleFrontend: Starting process to move generated code to distributed cacche
2024-05-01T05:39:10,719  INFO [main] data.SchemaTupleFrontend: Distributed cache not supported or needed in local mode. Setting key [pig.schematuple.local.dir] with code temp directory: /home/alex/Repositories/hive/hcatalog/hcatalog-pig-adapter/target/tmp/1714567150718-0
2024-05-01T05:39:10,725  INFO [main] mapreduce.MRScriptState: Pig script settings are added to the job
2024-05-01T05:39:10,725  INFO [main] mapReduceLayer.JobControlCompiler: mapred.job.reduce.markreset.buffer.percent is not set, set to default 0.3
2024-05-01T05:39:10,726  INFO [main] mapReduceLayer.JobControlCompiler: Setting up single store job
2024-05-01T05:39:10,726  INFO [main] data.SchemaTupleFrontend: Key [pig.schematuple] is false, will not generate code.
2024-05-01T05:39:10,726  INFO [main] data.SchemaTupleFrontend: Starting process to move generated code to distributed cacche
2024-05-01T05:39:10,726  INFO [main] data.SchemaTupleFrontend: Distributed cache not supported or needed in local mode. Setting key [pig.schematuple.local.dir] with code temp directory: /home/alex/Repositories/hive/hcatalog/hcatalog-pig-adapter/target/tmp/1714567150726-0
2024-05-01T05:39:10,733  INFO [main] mapReduceLayer.MapReduceLauncher: 3 map-reduce job(s) waiting for submission.
2024-05-01T05:39:10,735  WARN [JobControl] impl.MetricsSystemImpl: JobTracker metrics system already initialized!
2024-05-01T05:39:10,752  WARN [JobControl] conf.HiveConf: HiveConf of name hive.llap.io.cache.orc.size does not exist
2024-05-01T05:39:10,752  WARN [JobControl] conf.HiveConf: HiveConf of name hive.dummyparam.test.server.specific.config.override does not exist
2024-05-01T05:39:10,752  WARN [JobControl] conf.HiveConf: HiveConf of name hive.metastore.metadb.dir does not exist
2024-05-01T05:39:10,752  WARN [JobControl] conf.HiveConf: HiveConf of name hive.llap.io.cache.orc.alloc.min does not exist
2024-05-01T05:39:10,752  WARN [JobControl] conf.HiveConf: HiveConf of name hive.dummyparam.test.server.specific.config.hivesite does not exist
2024-05-01T05:39:10,752  WARN [JobControl] conf.HiveConf: HiveConf of name hive.llap.io.cache.orc.alloc.max does not exist
2024-05-01T05:39:10,752  WARN [JobControl] conf.HiveConf: HiveConf of name hive.metastore.client.cache.maxSize does not exist
2024-05-01T05:39:10,753  WARN [JobControl] conf.HiveConf: HiveConf of name hive.dummyparam.test.server.specific.config.metastoresite does not exist
2024-05-01T05:39:10,753  WARN [JobControl] conf.HiveConf: HiveConf of name hive.metastore.client.cache.recordStats does not exist
2024-05-01T05:39:10,753  WARN [JobControl] conf.HiveConf: HiveConf of name hive.llap.io.cache.orc.arena.size does not exist
2024-05-01T05:39:10,753  WARN [JobControl] conf.HiveConf: HiveConf of name hive.stats.key.prefix.reserve.length does not exist
2024-05-01T05:39:10,753  INFO [JobControl] common.HCatUtil: mapreduce.lib.hcatoutput.hive.conf is set. Applying configuration differences.
2024-05-01T05:39:10,753  INFO [JobControl] metastore.HiveMetaStoreClient: HMS client filtering is enabled.
2024-05-01T05:39:10,754  INFO [JobControl] metastore.HMSHandler: 6: Opening raw store with implementation class:org.apache.hadoop.hive.metastore.ObjectStore
2024-05-01T05:39:10,754  INFO [JobControl] metastore.PersistenceManagerProvider: Configuration datanucleus.autoStartMechanismMode is not set. Defaulting to 'ignored'
2024-05-01T05:39:10,754  INFO [JobControl] metastore.ObjectStore: RawStore: org.apache.hadoop.hive.metastore.ObjectStore@585c35e5, with PersistenceManager: null will be shutdown
2024-05-01T05:39:10,754  INFO [JobControl] metastore.ObjectStore: RawStore: org.apache.hadoop.hive.metastore.ObjectStore@585c35e5, with PersistenceManager: org.datanucleus.api.jdo.JDOPersistenceManager@87f4c74 created in the thread with id: 346
2024-05-01T05:39:10,757  INFO [JobControl] metastore.HMSHandler: Created RawStore: org.apache.hadoop.hive.metastore.ObjectStore@585c35e5 from thread id: 346
2024-05-01T05:39:10,757  INFO [JobControl] metastore.HMSHandler: HMS server filtering is disabled by configuration
2024-05-01T05:39:10,757  INFO [JobControl] metastore.RetryingMetaStoreClient: RetryingMetaStoreClient proxy=class org.apache.hive.hcatalog.common.HiveClientCache$CacheableHiveMetaStoreClient ugi=alex (auth:SIMPLE) retries=1 delay=1 lifetime=0
2024-05-01T05:39:10,758  INFO [JobControl] HiveMetaStore.audit: ugi=alex	ip=unknown-ip-addr	cmd=get_databases: @hive#NonExistentDatabaseUsedForHealthCheck	
2024-05-01T05:39:10,777  WARN [JobControl] conf.HiveConf: HiveConf of name hive.llap.io.cache.orc.size does not exist
2024-05-01T05:39:10,777  WARN [JobControl] conf.HiveConf: HiveConf of name hive.dummyparam.test.server.specific.config.override does not exist
2024-05-01T05:39:10,777  WARN [JobControl] conf.HiveConf: HiveConf of name hive.metastore.metadb.dir does not exist
2024-05-01T05:39:10,777  WARN [JobControl] conf.HiveConf: HiveConf of name hive.llap.io.cache.orc.alloc.min does not exist
2024-05-01T05:39:10,777  WARN [JobControl] conf.HiveConf: HiveConf of name hive.dummyparam.test.server.specific.config.hivesite does not exist
2024-05-01T05:39:10,778  WARN [JobControl] conf.HiveConf: HiveConf of name hive.llap.io.cache.orc.alloc.max does not exist
2024-05-01T05:39:10,778  WARN [JobControl] conf.HiveConf: HiveConf of name hive.metastore.client.cache.maxSize does not exist
2024-05-01T05:39:10,778  WARN [JobControl] conf.HiveConf: HiveConf of name hive.dummyparam.test.server.specific.config.metastoresite does not exist
2024-05-01T05:39:10,778  WARN [JobControl] conf.HiveConf: HiveConf of name hive.metastore.client.cache.recordStats does not exist
2024-05-01T05:39:10,778  WARN [JobControl] conf.HiveConf: HiveConf of name hive.llap.io.cache.orc.arena.size does not exist
2024-05-01T05:39:10,778  WARN [JobControl] conf.HiveConf: HiveConf of name hive.stats.key.prefix.reserve.length does not exist
2024-05-01T05:39:10,778  INFO [JobControl] common.HCatUtil: mapreduce.lib.hcatoutput.hive.conf is set. Applying configuration differences.
2024-05-01T05:39:10,778  INFO [JobControl] HiveMetaStore.audit: ugi=alex	ip=unknown-ip-addr	cmd=get_databases: @hive#NonExistentDatabaseUsedForHealthCheck	
2024-05-01T05:39:10,796  WARN [JobControl] conf.HiveConf: HiveConf of name hive.llap.io.cache.orc.size does not exist
2024-05-01T05:39:10,796  WARN [JobControl] conf.HiveConf: HiveConf of name hive.dummyparam.test.server.specific.config.override does not exist
2024-05-01T05:39:10,796  WARN [JobControl] conf.HiveConf: HiveConf of name hive.metastore.metadb.dir does not exist
2024-05-01T05:39:10,796  WARN [JobControl] conf.HiveConf: HiveConf of name hive.llap.io.cache.orc.alloc.min does not exist
2024-05-01T05:39:10,796  WARN [JobControl] conf.HiveConf: HiveConf of name hive.dummyparam.test.server.specific.config.hivesite does not exist
2024-05-01T05:39:10,796  WARN [JobControl] conf.HiveConf: HiveConf of name hive.llap.io.cache.orc.alloc.max does not exist
2024-05-01T05:39:10,796  WARN [JobControl] conf.HiveConf: HiveConf of name hive.metastore.client.cache.maxSize does not exist
2024-05-01T05:39:10,796  WARN [JobControl] conf.HiveConf: HiveConf of name hive.dummyparam.test.server.specific.config.metastoresite does not exist
2024-05-01T05:39:10,796  WARN [JobControl] conf.HiveConf: HiveConf of name hive.metastore.client.cache.recordStats does not exist
2024-05-01T05:39:10,796  WARN [JobControl] conf.HiveConf: HiveConf of name hive.llap.io.cache.orc.arena.size does not exist
2024-05-01T05:39:10,796  WARN [JobControl] conf.HiveConf: HiveConf of name hive.stats.key.prefix.reserve.length does not exist
2024-05-01T05:39:10,797  INFO [JobControl] common.HCatUtil: mapreduce.lib.hcatoutput.hive.conf is set. Applying configuration differences.
2024-05-01T05:39:10,797  INFO [JobControl] HiveMetaStore.audit: ugi=alex	ip=unknown-ip-addr	cmd=get_databases: @hive#NonExistentDatabaseUsedForHealthCheck	
2024-05-01T05:39:10,814  WARN [JobControl] conf.HiveConf: HiveConf of name hive.llap.io.cache.orc.size does not exist
2024-05-01T05:39:10,814  WARN [JobControl] conf.HiveConf: HiveConf of name hive.dummyparam.test.server.specific.config.override does not exist
2024-05-01T05:39:10,814  WARN [JobControl] conf.HiveConf: HiveConf of name hive.metastore.metadb.dir does not exist
2024-05-01T05:39:10,814  WARN [JobControl] conf.HiveConf: HiveConf of name hive.llap.io.cache.orc.alloc.min does not exist
2024-05-01T05:39:10,814  WARN [JobControl] conf.HiveConf: HiveConf of name hive.dummyparam.test.server.specific.config.hivesite does not exist
2024-05-01T05:39:10,814  WARN [JobControl] conf.HiveConf: HiveConf of name hive.llap.io.cache.orc.alloc.max does not exist
2024-05-01T05:39:10,814  WARN [JobControl] conf.HiveConf: HiveConf of name hive.metastore.client.cache.maxSize does not exist
2024-05-01T05:39:10,814  WARN [JobControl] conf.HiveConf: HiveConf of name hive.dummyparam.test.server.specific.config.metastoresite does not exist
2024-05-01T05:39:10,814  WARN [JobControl] conf.HiveConf: HiveConf of name hive.metastore.client.cache.recordStats does not exist
2024-05-01T05:39:10,814  WARN [JobControl] conf.HiveConf: HiveConf of name hive.llap.io.cache.orc.arena.size does not exist
2024-05-01T05:39:10,814  WARN [JobControl] conf.HiveConf: HiveConf of name hive.stats.key.prefix.reserve.length does not exist
2024-05-01T05:39:10,814  INFO [JobControl] common.HCatUtil: mapreduce.lib.hcatoutput.hive.conf is set. Applying configuration differences.
2024-05-01T05:39:10,815  INFO [JobControl] HiveMetaStore.audit: ugi=alex	ip=unknown-ip-addr	cmd=get_databases: @hive#NonExistentDatabaseUsedForHealthCheck	
2024-05-01T05:39:10,833  WARN [JobControl] conf.HiveConf: HiveConf of name hive.llap.io.cache.orc.size does not exist
2024-05-01T05:39:10,833  WARN [JobControl] conf.HiveConf: HiveConf of name hive.dummyparam.test.server.specific.config.override does not exist
2024-05-01T05:39:10,833  WARN [JobControl] conf.HiveConf: HiveConf of name hive.metastore.metadb.dir does not exist
2024-05-01T05:39:10,833  WARN [JobControl] conf.HiveConf: HiveConf of name hive.llap.io.cache.orc.alloc.min does not exist
2024-05-01T05:39:10,833  WARN [JobControl] conf.HiveConf: HiveConf of name hive.dummyparam.test.server.specific.config.hivesite does not exist
2024-05-01T05:39:10,833  WARN [JobControl] conf.HiveConf: HiveConf of name hive.llap.io.cache.orc.alloc.max does not exist
2024-05-01T05:39:10,833  WARN [JobControl] conf.HiveConf: HiveConf of name hive.metastore.client.cache.maxSize does not exist
2024-05-01T05:39:10,833  WARN [JobControl] conf.HiveConf: HiveConf of name hive.dummyparam.test.server.specific.config.metastoresite does not exist
2024-05-01T05:39:10,833  WARN [JobControl] conf.HiveConf: HiveConf of name hive.metastore.client.cache.recordStats does not exist
2024-05-01T05:39:10,833  WARN [JobControl] conf.HiveConf: HiveConf of name hive.llap.io.cache.orc.arena.size does not exist
2024-05-01T05:39:10,833  WARN [JobControl] conf.HiveConf: HiveConf of name hive.stats.key.prefix.reserve.length does not exist
2024-05-01T05:39:10,833  INFO [JobControl] common.HCatUtil: mapreduce.lib.hcatoutput.hive.conf is set. Applying configuration differences.
2024-05-01T05:39:10,834  INFO [JobControl] HiveMetaStore.audit: ugi=alex	ip=unknown-ip-addr	cmd=get_databases: @hive#NonExistentDatabaseUsedForHealthCheck	
2024-05-01T05:39:10,849  WARN [JobControl] mapreduce.JobResourceUploader: Hadoop command-line option parsing not performed. Implement the Tool interface and execute your application with ToolRunner to remedy this.
2024-05-01T05:39:10,854  WARN [JobControl] mapreduce.JobResourceUploader: No job jar file set.  User classes may not be found. See Job or Job#setJar(String).
2024-05-01T05:39:10,855  INFO [JobControl] builtin.PigStorage: Using PigTextInputFormat
2024-05-01T05:39:10,856  INFO [JobControl] input.FileInputFormat: Total input files to process : 1
2024-05-01T05:39:10,856  INFO [JobControl] util.MapRedUtil: Total input paths to process : 1
2024-05-01T05:39:10,856  INFO [JobControl] util.MapRedUtil: Total input paths (combined) to process : 1
2024-05-01T05:39:10,877  INFO [JobControl] mapreduce.JobSubmitter: number of splits:1
2024-05-01T05:39:10,893  INFO [JobControl] mapreduce.JobSubmitter: Submitting tokens for job: job_local46602031_0004
2024-05-01T05:39:10,893  INFO [JobControl] mapreduce.JobSubmitter: Executing with tokens: []
2024-05-01T05:39:10,953  INFO [JobControl] mapreduce.Job: The url to track the job: http://localhost:8080/
2024-05-01T05:39:10,954  INFO [Thread-324] mapred.LocalJobRunner: OutputCommitter set in config null
2024-05-01T05:39:10,954  WARN [JobControl] impl.MetricsSystemImpl: JobTracker metrics system already initialized!
2024-05-01T05:39:10,960  INFO [Thread-324] output.FileOutputCommitter: File Output Committer Algorithm version is 2
2024-05-01T05:39:10,960  INFO [Thread-324] output.FileOutputCommitter: FileOutputCommitter skip cleanup _temporary folders under output directory:false, ignore cleanup failures: false
2024-05-01T05:39:10,964  INFO [Thread-324] output.FileOutputCommitter: File Output Committer Algorithm version is 2
2024-05-01T05:39:10,964  INFO [Thread-324] output.FileOutputCommitter: FileOutputCommitter skip cleanup _temporary folders under output directory:false, ignore cleanup failures: false
2024-05-01T05:39:10,967  INFO [Thread-324] output.FileOutputCommitter: File Output Committer Algorithm version is 2
2024-05-01T05:39:10,967  INFO [Thread-324] output.FileOutputCommitter: FileOutputCommitter skip cleanup _temporary folders under output directory:false, ignore cleanup failures: false
2024-05-01T05:39:10,969  INFO [Thread-324] output.FileOutputCommitter: File Output Committer Algorithm version is 2
2024-05-01T05:39:10,969  INFO [Thread-324] output.FileOutputCommitter: FileOutputCommitter skip cleanup _temporary folders under output directory:false, ignore cleanup failures: false
2024-05-01T05:39:10,972  WARN [JobControl] conf.HiveConf: HiveConf of name hive.llap.io.cache.orc.size does not exist
2024-05-01T05:39:10,972  WARN [JobControl] conf.HiveConf: HiveConf of name hive.dummyparam.test.server.specific.config.override does not exist
2024-05-01T05:39:10,972  WARN [JobControl] conf.HiveConf: HiveConf of name hive.metastore.metadb.dir does not exist
2024-05-01T05:39:10,972  WARN [JobControl] conf.HiveConf: HiveConf of name hive.llap.io.cache.orc.alloc.min does not exist
2024-05-01T05:39:10,972  WARN [JobControl] conf.HiveConf: HiveConf of name hive.dummyparam.test.server.specific.config.hivesite does not exist
2024-05-01T05:39:10,972  WARN [JobControl] conf.HiveConf: HiveConf of name hive.llap.io.cache.orc.alloc.max does not exist
2024-05-01T05:39:10,972  WARN [JobControl] conf.HiveConf: HiveConf of name hive.metastore.client.cache.maxSize does not exist
2024-05-01T05:39:10,972  WARN [JobControl] conf.HiveConf: HiveConf of name hive.dummyparam.test.server.specific.config.metastoresite does not exist
2024-05-01T05:39:10,972  WARN [JobControl] conf.HiveConf: HiveConf of name hive.metastore.client.cache.recordStats does not exist
2024-05-01T05:39:10,972  WARN [JobControl] conf.HiveConf: HiveConf of name hive.llap.io.cache.orc.arena.size does not exist
2024-05-01T05:39:10,972  WARN [JobControl] conf.HiveConf: HiveConf of name hive.stats.key.prefix.reserve.length does not exist
2024-05-01T05:39:10,972  INFO [JobControl] common.HCatUtil: mapreduce.lib.hcatoutput.hive.conf is set. Applying configuration differences.
2024-05-01T05:39:10,972  INFO [Thread-324] output.FileOutputCommitter: File Output Committer Algorithm version is 2
2024-05-01T05:39:10,972  INFO [Thread-324] output.FileOutputCommitter: FileOutputCommitter skip cleanup _temporary folders under output directory:false, ignore cleanup failures: false
2024-05-01T05:39:10,972  INFO [JobControl] HiveMetaStore.audit: ugi=alex	ip=unknown-ip-addr	cmd=get_databases: @hive#NonExistentDatabaseUsedForHealthCheck	
2024-05-01T05:39:10,973  INFO [Thread-324] mapred.LocalJobRunner: OutputCommitter is org.apache.pig.backend.hadoop.executionengine.mapReduceLayer.PigOutputCommitter
2024-05-01T05:39:10,975  INFO [Thread-324] output.FileOutputCommitter: File Output Committer Algorithm version is 2
2024-05-01T05:39:10,975  INFO [Thread-324] output.FileOutputCommitter: FileOutputCommitter skip cleanup _temporary folders under output directory:false, ignore cleanup failures: false
2024-05-01T05:39:10,979  WARN [JobControl] mapreduce.JobResourceUploader: Hadoop command-line option parsing not performed. Implement the Tool interface and execute your application with ToolRunner to remedy this.
2024-05-01T05:39:10,984  WARN [JobControl] mapreduce.JobResourceUploader: No job jar file set.  User classes may not be found. See Job or Job#setJar(String).
2024-05-01T05:39:10,984  INFO [Thread-324] output.FileOutputCommitter: File Output Committer Algorithm version is 2
2024-05-01T05:39:10,984  INFO [Thread-324] output.FileOutputCommitter: FileOutputCommitter skip cleanup _temporary folders under output directory:false, ignore cleanup failures: false
2024-05-01T05:39:10,985  INFO [JobControl] builtin.PigStorage: Using PigTextInputFormat
2024-05-01T05:39:10,985  INFO [JobControl] input.FileInputFormat: Total input files to process : 1
2024-05-01T05:39:10,985  INFO [JobControl] util.MapRedUtil: Total input paths to process : 1
2024-05-01T05:39:10,986  INFO [JobControl] util.MapRedUtil: Total input paths (combined) to process : 1
2024-05-01T05:39:10,993  INFO [Thread-324] output.FileOutputCommitter: File Output Committer Algorithm version is 2
2024-05-01T05:39:10,993  INFO [Thread-324] output.FileOutputCommitter: FileOutputCommitter skip cleanup _temporary folders under output directory:false, ignore cleanup failures: false
2024-05-01T05:39:11,004  INFO [Thread-324] output.FileOutputCommitter: File Output Committer Algorithm version is 2
2024-05-01T05:39:11,004  INFO [Thread-324] output.FileOutputCommitter: FileOutputCommitter skip cleanup _temporary folders under output directory:false, ignore cleanup failures: false
2024-05-01T05:39:11,007  INFO [JobControl] mapreduce.JobSubmitter: number of splits:1
2024-05-01T05:39:11,016  INFO [Thread-324] output.FileOutputCommitter: File Output Committer Algorithm version is 2
2024-05-01T05:39:11,016  INFO [Thread-324] output.FileOutputCommitter: FileOutputCommitter skip cleanup _temporary folders under output directory:false, ignore cleanup failures: false
2024-05-01T05:39:11,028  INFO [JobControl] mapreduce.JobSubmitter: Submitting tokens for job: job_local148193504_0005
2024-05-01T05:39:11,028  INFO [JobControl] mapreduce.JobSubmitter: Executing with tokens: []
2024-05-01T05:39:11,029  INFO [Thread-324] mapred.LocalJobRunner: Waiting for map tasks
2024-05-01T05:39:11,029  INFO [LocalJobRunner Map Task Executor #0] mapred.LocalJobRunner: Starting task: attempt_local46602031_0004_m_000000_0
2024-05-01T05:39:11,036  INFO [LocalJobRunner Map Task Executor #0] output.FileOutputCommitter: File Output Committer Algorithm version is 2
2024-05-01T05:39:11,036  INFO [LocalJobRunner Map Task Executor #0] output.FileOutputCommitter: FileOutputCommitter skip cleanup _temporary folders under output directory:false, ignore cleanup failures: false
2024-05-01T05:39:11,039  INFO [LocalJobRunner Map Task Executor #0] output.FileOutputCommitter: File Output Committer Algorithm version is 2
2024-05-01T05:39:11,039  INFO [LocalJobRunner Map Task Executor #0] output.FileOutputCommitter: FileOutputCommitter skip cleanup _temporary folders under output directory:false, ignore cleanup failures: false
2024-05-01T05:39:11,043  INFO [LocalJobRunner Map Task Executor #0] output.FileOutputCommitter: File Output Committer Algorithm version is 2
2024-05-01T05:39:11,043  INFO [LocalJobRunner Map Task Executor #0] output.FileOutputCommitter: FileOutputCommitter skip cleanup _temporary folders under output directory:false, ignore cleanup failures: false
2024-05-01T05:39:11,048  INFO [LocalJobRunner Map Task Executor #0] output.FileOutputCommitter: File Output Committer Algorithm version is 2
2024-05-01T05:39:11,048  INFO [LocalJobRunner Map Task Executor #0] output.FileOutputCommitter: FileOutputCommitter skip cleanup _temporary folders under output directory:false, ignore cleanup failures: false
2024-05-01T05:39:11,051  INFO [LocalJobRunner Map Task Executor #0] output.FileOutputCommitter: File Output Committer Algorithm version is 2
2024-05-01T05:39:11,052  INFO [LocalJobRunner Map Task Executor #0] output.FileOutputCommitter: FileOutputCommitter skip cleanup _temporary folders under output directory:false, ignore cleanup failures: false
2024-05-01T05:39:11,054  INFO [LocalJobRunner Map Task Executor #0] output.FileOutputCommitter: File Output Committer Algorithm version is 2
2024-05-01T05:39:11,054  INFO [LocalJobRunner Map Task Executor #0] output.FileOutputCommitter: FileOutputCommitter skip cleanup _temporary folders under output directory:false, ignore cleanup failures: false
2024-05-01T05:39:11,055  INFO [LocalJobRunner Map Task Executor #0] output.FileOutputCommitter: File Output Committer Algorithm version is 2
2024-05-01T05:39:11,055  INFO [LocalJobRunner Map Task Executor #0] output.FileOutputCommitter: FileOutputCommitter skip cleanup _temporary folders under output directory:false, ignore cleanup failures: false
2024-05-01T05:39:11,056  INFO [LocalJobRunner Map Task Executor #0] output.FileOutputCommitter: File Output Committer Algorithm version is 2
2024-05-01T05:39:11,056  INFO [LocalJobRunner Map Task Executor #0] output.FileOutputCommitter: FileOutputCommitter skip cleanup _temporary folders under output directory:false, ignore cleanup failures: false
2024-05-01T05:39:11,057  INFO [LocalJobRunner Map Task Executor #0] output.FileOutputCommitter: File Output Committer Algorithm version is 2
2024-05-01T05:39:11,057  INFO [LocalJobRunner Map Task Executor #0] output.FileOutputCommitter: FileOutputCommitter skip cleanup _temporary folders under output directory:false, ignore cleanup failures: false
2024-05-01T05:39:11,058  INFO [LocalJobRunner Map Task Executor #0] output.FileOutputCommitter: File Output Committer Algorithm version is 2
2024-05-01T05:39:11,058  INFO [LocalJobRunner Map Task Executor #0] output.FileOutputCommitter: FileOutputCommitter skip cleanup _temporary folders under output directory:false, ignore cleanup failures: false
2024-05-01T05:39:11,059  INFO [LocalJobRunner Map Task Executor #0] mapred.Task:  Using ResourceCalculatorProcessTree : [ ]
2024-05-01T05:39:11,059  INFO [LocalJobRunner Map Task Executor #0] mapred.MapTask: Processing split: Number of splits :1
Total Length = 54
Input split[0]:
   Length = 54
   ClassName: org.apache.hadoop.mapreduce.lib.input.FileSplit
   Locations:

-----------------------

2024-05-01T05:39:11,061  INFO [LocalJobRunner Map Task Executor #0] builtin.PigStorage: Using PigTextInputFormat
2024-05-01T05:39:11,062  INFO [LocalJobRunner Map Task Executor #0] mapReduceLayer.PigRecordReader: Current split being processed file:/home/alex/Repositories/hive/hcatalog/hcatalog-pig-adapter/build/test/data/org.apache.hive.hcatalog.mapreduce.HCatBaseTest-1714567133524/basic.input.data:0+54
2024-05-01T05:39:11,063  INFO [LocalJobRunner Map Task Executor #0] util.SpillableMemoryManager: Selected heap (PS Old Gen) of size 1431830528 to monitor. collectionUsageThreshold = 1064828928, usageThreshold = 1064828928
2024-05-01T05:39:11,064  INFO [LocalJobRunner Map Task Executor #0] data.SchemaTupleBackend: Key [pig.schematuple] was not set... will not generate code.
2024-05-01T05:39:11,067  INFO [LocalJobRunner Map Task Executor #0] mapReduceLayer.PigMapOnly$Map: Aliases being processed per job phase (AliasName[line,offset]): M: A[1,4],A[-1,-1],B2[6,5],B[5,4],C2[9,5],C[8,4] C:  R: 
2024-05-01T05:39:11,070  INFO [LocalJobRunner Map Task Executor #0] output.FileOutputCommitter: File Output Committer Algorithm version is 2
2024-05-01T05:39:11,070  INFO [LocalJobRunner Map Task Executor #0] output.FileOutputCommitter: FileOutputCommitter skip cleanup _temporary folders under output directory:false, ignore cleanup failures: false
2024-05-01T05:39:11,072  INFO [LocalJobRunner Map Task Executor #0] write.ParquetRecordWriterWrapper: initialize serde with table properties.
2024-05-01T05:39:11,072  INFO [LocalJobRunner Map Task Executor #0] write.ParquetRecordWriterWrapper: creating real writer to write at file:/home/alex/Repositories/hive/hcatalog/hcatalog-pig-adapter/build/test/data/org.apache.hive.hcatalog.mapreduce.HCatBaseTest-1714567133524/warehouse/junit_unparted_basic/_SCRATCH0,5261393120777338/_temporary/0/_temporary/attempt_local46602031_0004_m_000000_0/part-m-00000
2024-05-01T05:39:11,072  INFO [LocalJobRunner Map Task Executor #0] codec.CodecConfig: Compression set to false
2024-05-01T05:39:11,072  INFO [LocalJobRunner Map Task Executor #0] codec.CodecConfig: Compression: UNCOMPRESSED
2024-05-01T05:39:11,073  INFO [LocalJobRunner Map Task Executor #0] hadoop.ParquetOutputFormat: Parquet block size to 134217728
2024-05-01T05:39:11,073  INFO [LocalJobRunner Map Task Executor #0] hadoop.ParquetOutputFormat: Parquet page size to 1048576
2024-05-01T05:39:11,073  INFO [LocalJobRunner Map Task Executor #0] hadoop.ParquetOutputFormat: Parquet dictionary page size to 1048576
2024-05-01T05:39:11,073  INFO [LocalJobRunner Map Task Executor #0] hadoop.ParquetOutputFormat: Dictionary is on
2024-05-01T05:39:11,073  INFO [LocalJobRunner Map Task Executor #0] hadoop.ParquetOutputFormat: Validation is off
2024-05-01T05:39:11,073  INFO [LocalJobRunner Map Task Executor #0] hadoop.ParquetOutputFormat: Writer version is: PARQUET_1_0
2024-05-01T05:39:11,073  INFO [LocalJobRunner Map Task Executor #0] hadoop.ParquetOutputFormat: Maximum row group padding size is 8388608 bytes
2024-05-01T05:39:11,073  INFO [LocalJobRunner Map Task Executor #0] hadoop.ParquetOutputFormat: Page size checking is: estimated
2024-05-01T05:39:11,073  INFO [LocalJobRunner Map Task Executor #0] hadoop.ParquetOutputFormat: Min row count for page size check is: 100
2024-05-01T05:39:11,073  INFO [LocalJobRunner Map Task Executor #0] hadoop.ParquetOutputFormat: Max row count for page size check is: 10000
2024-05-01T05:39:11,073  INFO [LocalJobRunner Map Task Executor #0] hadoop.ParquetOutputFormat: Truncate length for column indexes is: 64
2024-05-01T05:39:11,073  INFO [LocalJobRunner Map Task Executor #0] hadoop.ParquetOutputFormat: Truncate length for statistics min/max  is: 2147483647
2024-05-01T05:39:11,073  INFO [LocalJobRunner Map Task Executor #0] hadoop.ParquetOutputFormat: Page row count limit to 20000
2024-05-01T05:39:11,073  INFO [LocalJobRunner Map Task Executor #0] hadoop.ParquetOutputFormat: Writing page checksums is: on
2024-05-01T05:39:11,086  INFO [LocalJobRunner Map Task Executor #0] write.ParquetRecordWriterWrapper: real writer: org.apache.parquet.hadoop.ParquetRecordWriter@4545b0f3
2024-05-01T05:39:11,090  INFO [LocalJobRunner Map Task Executor #0] output.FileOutputCommitter: File Output Committer Algorithm version is 2
2024-05-01T05:39:11,090  INFO [LocalJobRunner Map Task Executor #0] output.FileOutputCommitter: FileOutputCommitter skip cleanup _temporary folders under output directory:false, ignore cleanup failures: false
2024-05-01T05:39:11,091  INFO [LocalJobRunner Map Task Executor #0] write.ParquetRecordWriterWrapper: initialize serde with table properties.
2024-05-01T05:39:11,091  INFO [LocalJobRunner Map Task Executor #0] write.ParquetRecordWriterWrapper: creating real writer to write at file:/home/alex/Repositories/hive/hcatalog/hcatalog-pig-adapter/build/test/data/org.apache.hive.hcatalog.mapreduce.HCatBaseTest-1714567133524/warehouse/junit_specific_size/_SCRATCH0,2106132260312733/_temporary/0/_temporary/attempt_local46602031_0004_m_000000_0/part-m-00000
2024-05-01T05:39:11,091  INFO [LocalJobRunner Map Task Executor #0] codec.CodecConfig: Compression set to false
2024-05-01T05:39:11,091  INFO [LocalJobRunner Map Task Executor #0] codec.CodecConfig: Compression: UNCOMPRESSED
2024-05-01T05:39:11,091  INFO [LocalJobRunner Map Task Executor #0] hadoop.ParquetOutputFormat: Parquet block size to 134217728
2024-05-01T05:39:11,092  INFO [LocalJobRunner Map Task Executor #0] hadoop.ParquetOutputFormat: Parquet page size to 1048576
2024-05-01T05:39:11,092  INFO [LocalJobRunner Map Task Executor #0] hadoop.ParquetOutputFormat: Parquet dictionary page size to 1048576
2024-05-01T05:39:11,092  INFO [LocalJobRunner Map Task Executor #0] hadoop.ParquetOutputFormat: Dictionary is on
2024-05-01T05:39:11,092  INFO [LocalJobRunner Map Task Executor #0] hadoop.ParquetOutputFormat: Validation is off
2024-05-01T05:39:11,092  INFO [LocalJobRunner Map Task Executor #0] hadoop.ParquetOutputFormat: Writer version is: PARQUET_1_0
2024-05-01T05:39:11,092  INFO [LocalJobRunner Map Task Executor #0] hadoop.ParquetOutputFormat: Maximum row group padding size is 8388608 bytes
2024-05-01T05:39:11,092  INFO [LocalJobRunner Map Task Executor #0] hadoop.ParquetOutputFormat: Page size checking is: estimated
2024-05-01T05:39:11,092  INFO [LocalJobRunner Map Task Executor #0] hadoop.ParquetOutputFormat: Min row count for page size check is: 100
2024-05-01T05:39:11,092  INFO [LocalJobRunner Map Task Executor #0] hadoop.ParquetOutputFormat: Max row count for page size check is: 10000
2024-05-01T05:39:11,092  INFO [LocalJobRunner Map Task Executor #0] hadoop.ParquetOutputFormat: Truncate length for column indexes is: 64
2024-05-01T05:39:11,092  INFO [LocalJobRunner Map Task Executor #0] hadoop.ParquetOutputFormat: Truncate length for statistics min/max  is: 2147483647
2024-05-01T05:39:11,092  INFO [LocalJobRunner Map Task Executor #0] hadoop.ParquetOutputFormat: Page row count limit to 20000
2024-05-01T05:39:11,092  INFO [LocalJobRunner Map Task Executor #0] hadoop.ParquetOutputFormat: Writing page checksums is: on
2024-05-01T05:39:11,096  INFO [JobControl] mapreduce.Job: The url to track the job: http://localhost:8080/
2024-05-01T05:39:11,097  INFO [Thread-364] mapred.LocalJobRunner: OutputCommitter set in config null
2024-05-01T05:39:11,097  WARN [JobControl] impl.MetricsSystemImpl: JobTracker metrics system already initialized!
2024-05-01T05:39:11,105  INFO [Thread-364] mapred.LocalJobRunner: OutputCommitter is org.apache.pig.backend.hadoop.executionengine.mapReduceLayer.PigOutputCommitter
2024-05-01T05:39:11,107  INFO [Thread-364] mapred.LocalJobRunner: Waiting for map tasks
2024-05-01T05:39:11,108  INFO [LocalJobRunner Map Task Executor #0] mapred.LocalJobRunner: Starting task: attempt_local148193504_0005_m_000000_0
2024-05-01T05:39:11,108  INFO [LocalJobRunner Map Task Executor #0] write.ParquetRecordWriterWrapper: real writer: org.apache.parquet.hadoop.ParquetRecordWriter@119d673
2024-05-01T05:39:11,113  INFO [LocalJobRunner Map Task Executor #0] output.FileOutputCommitter: File Output Committer Algorithm version is 2
2024-05-01T05:39:11,113  INFO [LocalJobRunner Map Task Executor #0] output.FileOutputCommitter: FileOutputCommitter skip cleanup _temporary folders under output directory:false, ignore cleanup failures: false
2024-05-01T05:39:11,115  INFO [LocalJobRunner Map Task Executor #0] write.ParquetRecordWriterWrapper: initialize serde with table properties.
2024-05-01T05:39:11,115  INFO [LocalJobRunner Map Task Executor #0] write.ParquetRecordWriterWrapper: creating real writer to write at file:/home/alex/Repositories/hive/hcatalog/hcatalog-pig-adapter/build/test/data/org.apache.hive.hcatalog.mapreduce.HCatBaseTest-1714567133524/warehouse/junit_specific_db.db/junit_specific_size2/_SCRATCH0,6087219473580949/_temporary/0/_temporary/attempt_local46602031_0004_m_000000_0/part-m-00000
2024-05-01T05:39:11,115  INFO [LocalJobRunner Map Task Executor #0] codec.CodecConfig: Compression set to false
2024-05-01T05:39:11,115  INFO [LocalJobRunner Map Task Executor #0] codec.CodecConfig: Compression: UNCOMPRESSED
2024-05-01T05:39:11,116  INFO [LocalJobRunner Map Task Executor #0] hadoop.ParquetOutputFormat: Parquet block size to 134217728
2024-05-01T05:39:11,116  INFO [LocalJobRunner Map Task Executor #0] hadoop.ParquetOutputFormat: Parquet page size to 1048576
2024-05-01T05:39:11,116  INFO [LocalJobRunner Map Task Executor #0] hadoop.ParquetOutputFormat: Parquet dictionary page size to 1048576
2024-05-01T05:39:11,116  INFO [LocalJobRunner Map Task Executor #0] hadoop.ParquetOutputFormat: Dictionary is on
2024-05-01T05:39:11,116  INFO [LocalJobRunner Map Task Executor #0] hadoop.ParquetOutputFormat: Validation is off
2024-05-01T05:39:11,116  INFO [LocalJobRunner Map Task Executor #0] hadoop.ParquetOutputFormat: Writer version is: PARQUET_1_0
2024-05-01T05:39:11,116  INFO [LocalJobRunner Map Task Executor #0] hadoop.ParquetOutputFormat: Maximum row group padding size is 8388608 bytes
2024-05-01T05:39:11,116  INFO [LocalJobRunner Map Task Executor #0] hadoop.ParquetOutputFormat: Page size checking is: estimated
2024-05-01T05:39:11,116  INFO [LocalJobRunner Map Task Executor #0] hadoop.ParquetOutputFormat: Min row count for page size check is: 100
2024-05-01T05:39:11,116  INFO [LocalJobRunner Map Task Executor #0] hadoop.ParquetOutputFormat: Max row count for page size check is: 10000
2024-05-01T05:39:11,116  INFO [LocalJobRunner Map Task Executor #0] hadoop.ParquetOutputFormat: Truncate length for column indexes is: 64
2024-05-01T05:39:11,116  INFO [LocalJobRunner Map Task Executor #0] hadoop.ParquetOutputFormat: Truncate length for statistics min/max  is: 2147483647
2024-05-01T05:39:11,116  INFO [LocalJobRunner Map Task Executor #0] hadoop.ParquetOutputFormat: Page row count limit to 20000
2024-05-01T05:39:11,116  INFO [LocalJobRunner Map Task Executor #0] hadoop.ParquetOutputFormat: Writing page checksums is: on
2024-05-01T05:39:11,116  INFO [LocalJobRunner Map Task Executor #0] mapred.Task:  Using ResourceCalculatorProcessTree : [ ]
2024-05-01T05:39:11,118  INFO [LocalJobRunner Map Task Executor #0] mapred.MapTask: Processing split: Number of splits :1
Total Length = 65
Input split[0]:
   Length = 65
   ClassName: org.apache.hadoop.mapreduce.lib.input.FileSplit
   Locations:

-----------------------

2024-05-01T05:39:11,120  INFO [LocalJobRunner Map Task Executor #0] builtin.PigStorage: Using PigTextInputFormat
2024-05-01T05:39:11,120  INFO [LocalJobRunner Map Task Executor #0] mapReduceLayer.PigRecordReader: Current split being processed file:/home/alex/Repositories/hive/hcatalog/hcatalog-pig-adapter/build/test/data/org.apache.hive.hcatalog.mapreduce.HCatBaseTest-1714567133524/datetimestamp.input.data:0+65
2024-05-01T05:39:11,122  WARN [JobControl] conf.HiveConf: HiveConf of name hive.llap.io.cache.orc.size does not exist
2024-05-01T05:39:11,122  WARN [JobControl] conf.HiveConf: HiveConf of name hive.dummyparam.test.server.specific.config.override does not exist
2024-05-01T05:39:11,122  WARN [JobControl] conf.HiveConf: HiveConf of name hive.metastore.metadb.dir does not exist
2024-05-01T05:39:11,122  WARN [JobControl] conf.HiveConf: HiveConf of name hive.llap.io.cache.orc.alloc.min does not exist
2024-05-01T05:39:11,122  WARN [JobControl] conf.HiveConf: HiveConf of name hive.dummyparam.test.server.specific.config.hivesite does not exist
2024-05-01T05:39:11,122  WARN [JobControl] conf.HiveConf: HiveConf of name hive.llap.io.cache.orc.alloc.max does not exist
2024-05-01T05:39:11,123  WARN [JobControl] conf.HiveConf: HiveConf of name hive.metastore.client.cache.maxSize does not exist
2024-05-01T05:39:11,123  WARN [JobControl] conf.HiveConf: HiveConf of name hive.dummyparam.test.server.specific.config.metastoresite does not exist
2024-05-01T05:39:11,123  WARN [JobControl] conf.HiveConf: HiveConf of name hive.metastore.client.cache.recordStats does not exist
2024-05-01T05:39:11,123  WARN [JobControl] conf.HiveConf: HiveConf of name hive.llap.io.cache.orc.arena.size does not exist
2024-05-01T05:39:11,123  WARN [JobControl] conf.HiveConf: HiveConf of name hive.stats.key.prefix.reserve.length does not exist
2024-05-01T05:39:11,123  INFO [JobControl] common.HCatUtil: mapreduce.lib.hcatoutput.hive.conf is set. Applying configuration differences.
2024-05-01T05:39:11,123  INFO [JobControl] HiveMetaStore.audit: ugi=alex	ip=unknown-ip-addr	cmd=get_databases: @hive#NonExistentDatabaseUsedForHealthCheck	
2024-05-01T05:39:11,126  INFO [LocalJobRunner Map Task Executor #0] util.SpillableMemoryManager: Selected heap (PS Old Gen) of size 1431830528 to monitor. collectionUsageThreshold = 1064828928, usageThreshold = 1064828928
2024-05-01T05:39:11,126  WARN [LocalJobRunner Map Task Executor #0] data.SchemaTupleBackend: SchemaTupleBackend has already been initialized
2024-05-01T05:39:11,128  INFO [LocalJobRunner Map Task Executor #0] mapReduceLayer.PigMapOnly$Map: Aliases being processed per job phase (AliasName[line,offset]): M: E[13,4],F[-1,-1] C:  R: 
2024-05-01T05:39:11,129  INFO [LocalJobRunner Map Task Executor #0] write.ParquetRecordWriterWrapper: real writer: org.apache.parquet.hadoop.ParquetRecordWriter@7ce37cc0
2024-05-01T05:39:11,134  INFO [LocalJobRunner Map Task Executor #0] output.FileOutputCommitter: File Output Committer Algorithm version is 2
2024-05-01T05:39:11,134  INFO [LocalJobRunner Map Task Executor #0] output.FileOutputCommitter: FileOutputCommitter skip cleanup _temporary folders under output directory:false, ignore cleanup failures: false
2024-05-01T05:39:11,134  WARN [JobControl] mapreduce.JobResourceUploader: Hadoop command-line option parsing not performed. Implement the Tool interface and execute your application with ToolRunner to remedy this.
2024-05-01T05:39:11,135  INFO [LocalJobRunner Map Task Executor #0] output.FileOutputCommitter: File Output Committer Algorithm version is 2
2024-05-01T05:39:11,135  INFO [LocalJobRunner Map Task Executor #0] output.FileOutputCommitter: FileOutputCommitter skip cleanup _temporary folders under output directory:false, ignore cleanup failures: false
2024-05-01T05:39:11,138  INFO [LocalJobRunner Map Task Executor #0] write.ParquetRecordWriterWrapper: initialize serde with table properties.
2024-05-01T05:39:11,138  INFO [LocalJobRunner Map Task Executor #0] write.ParquetRecordWriterWrapper: creating real writer to write at file:/home/alex/Repositories/hive/hcatalog/hcatalog-pig-adapter/build/test/data/org.apache.hive.hcatalog.mapreduce.HCatBaseTest-1714567133524/warehouse/junit_parted_basic/_SCRATCH0,9325638464570121/bkt=0/_temporary/0/_temporary/attempt_local46602031_0004_m_000000_0/part-m-00000
2024-05-01T05:39:11,138  INFO [LocalJobRunner Map Task Executor #0] codec.CodecConfig: Compression set to false
2024-05-01T05:39:11,138  INFO [LocalJobRunner Map Task Executor #0] codec.CodecConfig: Compression: UNCOMPRESSED
2024-05-01T05:39:11,138  INFO [LocalJobRunner Map Task Executor #0] hadoop.ParquetOutputFormat: Parquet block size to 134217728
2024-05-01T05:39:11,138  INFO [LocalJobRunner Map Task Executor #0] hadoop.ParquetOutputFormat: Parquet page size to 1048576
2024-05-01T05:39:11,138  INFO [LocalJobRunner Map Task Executor #0] hadoop.ParquetOutputFormat: Parquet dictionary page size to 1048576
2024-05-01T05:39:11,138  INFO [LocalJobRunner Map Task Executor #0] hadoop.ParquetOutputFormat: Dictionary is on
2024-05-01T05:39:11,138  INFO [LocalJobRunner Map Task Executor #0] hadoop.ParquetOutputFormat: Validation is off
2024-05-01T05:39:11,138  INFO [LocalJobRunner Map Task Executor #0] hadoop.ParquetOutputFormat: Writer version is: PARQUET_1_0
2024-05-01T05:39:11,138  INFO [LocalJobRunner Map Task Executor #0] hadoop.ParquetOutputFormat: Maximum row group padding size is 8388608 bytes
2024-05-01T05:39:11,138  INFO [LocalJobRunner Map Task Executor #0] hadoop.ParquetOutputFormat: Page size checking is: estimated
2024-05-01T05:39:11,138  INFO [LocalJobRunner Map Task Executor #0] hadoop.ParquetOutputFormat: Min row count for page size check is: 100
2024-05-01T05:39:11,138  INFO [LocalJobRunner Map Task Executor #0] hadoop.ParquetOutputFormat: Max row count for page size check is: 10000
2024-05-01T05:39:11,138  INFO [LocalJobRunner Map Task Executor #0] hadoop.ParquetOutputFormat: Truncate length for column indexes is: 64
2024-05-01T05:39:11,138  INFO [LocalJobRunner Map Task Executor #0] hadoop.ParquetOutputFormat: Truncate length for statistics min/max  is: 2147483647
2024-05-01T05:39:11,138  INFO [LocalJobRunner Map Task Executor #0] hadoop.ParquetOutputFormat: Page row count limit to 20000
2024-05-01T05:39:11,138  INFO [LocalJobRunner Map Task Executor #0] hadoop.ParquetOutputFormat: Writing page checksums is: on
2024-05-01T05:39:11,140  WARN [JobControl] mapreduce.JobResourceUploader: No job jar file set.  User classes may not be found. See Job or Job#setJar(String).
2024-05-01T05:39:11,141  INFO [JobControl] builtin.PigStorage: Using PigTextInputFormat
2024-05-01T05:39:11,175  INFO [JobControl] input.FileInputFormat: Total input files to process : 1
2024-05-01T05:39:11,175  INFO [JobControl] util.MapRedUtil: Total input paths to process : 1
2024-05-01T05:39:11,175  INFO [JobControl] util.MapRedUtil: Total input paths (combined) to process : 1
2024-05-01T05:39:11,178  INFO [LocalJobRunner Map Task Executor #0] output.FileOutputCommitter: File Output Committer Algorithm version is 2
2024-05-01T05:39:11,179  INFO [LocalJobRunner Map Task Executor #0] output.FileOutputCommitter: FileOutputCommitter skip cleanup _temporary folders under output directory:false, ignore cleanup failures: false
2024-05-01T05:39:11,179  INFO [LocalJobRunner Map Task Executor #0] write.ParquetRecordWriterWrapper: initialize serde with table properties.
2024-05-01T05:39:11,179  INFO [LocalJobRunner Map Task Executor #0] write.ParquetRecordWriterWrapper: creating real writer to write at file:/home/alex/Repositories/hive/hcatalog/hcatalog-pig-adapter/build/test/data/org.apache.hive.hcatalog.mapreduce.HCatBaseTest-1714567133524/warehouse/junit_parted_date/_DYN0.7690776804284887/dt=2016-07-14 15%3A10%3A15/_temporary/0/_temporary/attempt_local148193504_0005_m_000000_0/part-m-00000
2024-05-01T05:39:11,179  INFO [LocalJobRunner Map Task Executor #0] codec.CodecConfig: Compression set to false
2024-05-01T05:39:11,179  INFO [LocalJobRunner Map Task Executor #0] codec.CodecConfig: Compression: UNCOMPRESSED
2024-05-01T05:39:11,179  INFO [LocalJobRunner Map Task Executor #0] hadoop.ParquetOutputFormat: Parquet block size to 134217728
2024-05-01T05:39:11,179  INFO [LocalJobRunner Map Task Executor #0] hadoop.ParquetOutputFormat: Parquet page size to 1048576
2024-05-01T05:39:11,179  INFO [LocalJobRunner Map Task Executor #0] hadoop.ParquetOutputFormat: Parquet dictionary page size to 1048576
2024-05-01T05:39:11,179  INFO [LocalJobRunner Map Task Executor #0] hadoop.ParquetOutputFormat: Dictionary is on
2024-05-01T05:39:11,179  INFO [LocalJobRunner Map Task Executor #0] hadoop.ParquetOutputFormat: Validation is off
2024-05-01T05:39:11,180  INFO [LocalJobRunner Map Task Executor #0] hadoop.ParquetOutputFormat: Writer version is: PARQUET_1_0
2024-05-01T05:39:11,180  INFO [LocalJobRunner Map Task Executor #0] hadoop.ParquetOutputFormat: Maximum row group padding size is 8388608 bytes
2024-05-01T05:39:11,180  INFO [LocalJobRunner Map Task Executor #0] hadoop.ParquetOutputFormat: Page size checking is: estimated
2024-05-01T05:39:11,180  INFO [LocalJobRunner Map Task Executor #0] hadoop.ParquetOutputFormat: Min row count for page size check is: 100
2024-05-01T05:39:11,180  INFO [LocalJobRunner Map Task Executor #0] hadoop.ParquetOutputFormat: Max row count for page size check is: 10000
2024-05-01T05:39:11,180  INFO [LocalJobRunner Map Task Executor #0] hadoop.ParquetOutputFormat: Truncate length for column indexes is: 64
2024-05-01T05:39:11,180  INFO [LocalJobRunner Map Task Executor #0] hadoop.ParquetOutputFormat: Truncate length for statistics min/max  is: 2147483647
2024-05-01T05:39:11,180  INFO [LocalJobRunner Map Task Executor #0] hadoop.ParquetOutputFormat: Page row count limit to 20000
2024-05-01T05:39:11,180  INFO [LocalJobRunner Map Task Executor #0] hadoop.ParquetOutputFormat: Writing page checksums is: on
2024-05-01T05:39:11,184  INFO [LocalJobRunner Map Task Executor #0] write.ParquetRecordWriterWrapper: real writer: org.apache.parquet.hadoop.ParquetRecordWriter@3a94c18a
2024-05-01T05:39:11,189  INFO [LocalJobRunner Map Task Executor #0] output.FileOutputCommitter: File Output Committer Algorithm version is 2
2024-05-01T05:39:11,189  INFO [LocalJobRunner Map Task Executor #0] output.FileOutputCommitter: FileOutputCommitter skip cleanup _temporary folders under output directory:false, ignore cleanup failures: false
2024-05-01T05:39:11,190  INFO [LocalJobRunner Map Task Executor #0] write.ParquetRecordWriterWrapper: initialize serde with table properties.
2024-05-01T05:39:11,190  INFO [LocalJobRunner Map Task Executor #0] write.ParquetRecordWriterWrapper: creating real writer to write at file:/home/alex/Repositories/hive/hcatalog/hcatalog-pig-adapter/build/test/data/org.apache.hive.hcatalog.mapreduce.HCatBaseTest-1714567133524/warehouse/junit_parted_basic/_SCRATCH0,6740274597525444/bkt=1/_temporary/0/_temporary/attempt_local46602031_0004_m_000000_0/part-m-00000
2024-05-01T05:39:11,190  INFO [LocalJobRunner Map Task Executor #0] codec.CodecConfig: Compression set to false
2024-05-01T05:39:11,190  INFO [LocalJobRunner Map Task Executor #0] codec.CodecConfig: Compression: UNCOMPRESSED
2024-05-01T05:39:11,190  INFO [LocalJobRunner Map Task Executor #0] hadoop.ParquetOutputFormat: Parquet block size to 134217728
2024-05-01T05:39:11,190  INFO [LocalJobRunner Map Task Executor #0] hadoop.ParquetOutputFormat: Parquet page size to 1048576
2024-05-01T05:39:11,190  INFO [LocalJobRunner Map Task Executor #0] hadoop.ParquetOutputFormat: Parquet dictionary page size to 1048576
2024-05-01T05:39:11,190  INFO [LocalJobRunner Map Task Executor #0] hadoop.ParquetOutputFormat: Dictionary is on
2024-05-01T05:39:11,190  INFO [LocalJobRunner Map Task Executor #0] hadoop.ParquetOutputFormat: Validation is off
2024-05-01T05:39:11,190  INFO [LocalJobRunner Map Task Executor #0] hadoop.ParquetOutputFormat: Writer version is: PARQUET_1_0
2024-05-01T05:39:11,190  INFO [LocalJobRunner Map Task Executor #0] hadoop.ParquetOutputFormat: Maximum row group padding size is 8388608 bytes
2024-05-01T05:39:11,190  INFO [LocalJobRunner Map Task Executor #0] hadoop.ParquetOutputFormat: Page size checking is: estimated
2024-05-01T05:39:11,191  INFO [LocalJobRunner Map Task Executor #0] hadoop.ParquetOutputFormat: Min row count for page size check is: 100
2024-05-01T05:39:11,191  INFO [LocalJobRunner Map Task Executor #0] hadoop.ParquetOutputFormat: Max row count for page size check is: 10000
2024-05-01T05:39:11,191  INFO [LocalJobRunner Map Task Executor #0] hadoop.ParquetOutputFormat: Truncate length for column indexes is: 64
2024-05-01T05:39:11,191  INFO [LocalJobRunner Map Task Executor #0] hadoop.ParquetOutputFormat: Truncate length for statistics min/max  is: 2147483647
2024-05-01T05:39:11,191  INFO [LocalJobRunner Map Task Executor #0] hadoop.ParquetOutputFormat: Page row count limit to 20000
2024-05-01T05:39:11,191  INFO [LocalJobRunner Map Task Executor #0] hadoop.ParquetOutputFormat: Writing page checksums is: on
2024-05-01T05:39:11,191  INFO [LocalJobRunner Map Task Executor #0] write.ParquetRecordWriterWrapper: real writer: org.apache.parquet.hadoop.ParquetRecordWriter@6f7ef40c
2024-05-01T05:39:11,195  INFO [LocalJobRunner Map Task Executor #0] output.FileOutputCommitter: File Output Committer Algorithm version is 2
2024-05-01T05:39:11,195  INFO [LocalJobRunner Map Task Executor #0] output.FileOutputCommitter: FileOutputCommitter skip cleanup _temporary folders under output directory:false, ignore cleanup failures: false
2024-05-01T05:39:11,196  INFO [JobControl] mapreduce.JobSubmitter: number of splits:1
2024-05-01T05:39:11,202  INFO [LocalJobRunner Map Task Executor #0] write.ParquetRecordWriterWrapper: real writer: org.apache.parquet.hadoop.ParquetRecordWriter@2059cc0b
2024-05-01T05:39:11,204  INFO [LocalJobRunner Map Task Executor #0] output.FileOutputCommitter: File Output Committer Algorithm version is 2
2024-05-01T05:39:11,204  INFO [LocalJobRunner Map Task Executor #0] output.FileOutputCommitter: FileOutputCommitter skip cleanup _temporary folders under output directory:false, ignore cleanup failures: false
2024-05-01T05:39:11,205  INFO [LocalJobRunner Map Task Executor #0] write.ParquetRecordWriterWrapper: initialize serde with table properties.
2024-05-01T05:39:11,205  INFO [LocalJobRunner Map Task Executor #0] write.ParquetRecordWriterWrapper: creating real writer to write at file:/home/alex/Repositories/hive/hcatalog/hcatalog-pig-adapter/build/test/data/org.apache.hive.hcatalog.mapreduce.HCatBaseTest-1714567133524/warehouse/junit_parted_date/_DYN0.7690776804284887/dt=2016-07-15 18%3A54%3A55/_temporary/0/_temporary/attempt_local148193504_0005_m_000000_0/part-m-00000
2024-05-01T05:39:11,205  INFO [LocalJobRunner Map Task Executor #0] codec.CodecConfig: Compression set to false
2024-05-01T05:39:11,205  INFO [LocalJobRunner Map Task Executor #0] codec.CodecConfig: Compression: UNCOMPRESSED
2024-05-01T05:39:11,205  INFO [LocalJobRunner Map Task Executor #0] hadoop.ParquetOutputFormat: Parquet block size to 134217728
2024-05-01T05:39:11,205  INFO [LocalJobRunner Map Task Executor #0] hadoop.ParquetOutputFormat: Parquet page size to 1048576
2024-05-01T05:39:11,205  INFO [LocalJobRunner Map Task Executor #0] hadoop.ParquetOutputFormat: Parquet dictionary page size to 1048576
2024-05-01T05:39:11,205  INFO [LocalJobRunner Map Task Executor #0] hadoop.ParquetOutputFormat: Dictionary is on
2024-05-01T05:39:11,205  INFO [LocalJobRunner Map Task Executor #0] hadoop.ParquetOutputFormat: Validation is off
2024-05-01T05:39:11,205  INFO [LocalJobRunner Map Task Executor #0] hadoop.ParquetOutputFormat: Writer version is: PARQUET_1_0
2024-05-01T05:39:11,205  INFO [LocalJobRunner Map Task Executor #0] hadoop.ParquetOutputFormat: Maximum row group padding size is 8388608 bytes
2024-05-01T05:39:11,205  INFO [LocalJobRunner Map Task Executor #0] hadoop.ParquetOutputFormat: Page size checking is: estimated
2024-05-01T05:39:11,205  INFO [LocalJobRunner Map Task Executor #0] hadoop.ParquetOutputFormat: Min row count for page size check is: 100
2024-05-01T05:39:11,205  INFO [LocalJobRunner Map Task Executor #0] hadoop.ParquetOutputFormat: Max row count for page size check is: 10000
2024-05-01T05:39:11,205  INFO [LocalJobRunner Map Task Executor #0] hadoop.ParquetOutputFormat: Truncate length for column indexes is: 64
2024-05-01T05:39:11,205  INFO [LocalJobRunner Map Task Executor #0] hadoop.ParquetOutputFormat: Truncate length for statistics min/max  is: 2147483647
2024-05-01T05:39:11,205  INFO [LocalJobRunner Map Task Executor #0] hadoop.ParquetOutputFormat: Page row count limit to 20000
2024-05-01T05:39:11,205  INFO [LocalJobRunner Map Task Executor #0] hadoop.ParquetOutputFormat: Writing page checksums is: on
2024-05-01T05:39:11,213  INFO [JobControl] mapreduce.JobSubmitter: Submitting tokens for job: job_local864060700_0006
2024-05-01T05:39:11,213  INFO [JobControl] mapreduce.JobSubmitter: Executing with tokens: []
2024-05-01T05:39:11,217  INFO [LocalJobRunner Map Task Executor #0] write.ParquetRecordWriterWrapper: real writer: org.apache.parquet.hadoop.ParquetRecordWriter@6529636e
2024-05-01T05:39:11,219  INFO [LocalJobRunner Map Task Executor #0] mapred.LocalJobRunner: 
2024-05-01T05:39:11,226  INFO [LocalJobRunner Map Task Executor #0] mapreduce.TaskCommitContextRegistry: Registering committer for TaskAttemptID:attempt_local148193504_0005_m_000000_0@file:/home/alex/Repositories/hive/hcatalog/hcatalog-pig-adapter/build/test/data/org.apache.hive.hcatalog.mapreduce.HCatBaseTest-1714567133524/warehouse/junit_parted_date/_DYN0.7690776804284887/dt=__HIVE_DEFAULT_PARTITION__
2024-05-01T05:39:11,226  INFO [LocalJobRunner Map Task Executor #0] mapred.Task: Task:attempt_local148193504_0005_m_000000_0 is done. And is in the process of committing
2024-05-01T05:39:11,227  INFO [LocalJobRunner Map Task Executor #0] mapred.LocalJobRunner: 
2024-05-01T05:39:11,228  INFO [LocalJobRunner Map Task Executor #0] mapred.Task: Task attempt_local148193504_0005_m_000000_0 is allowed to commit now
2024-05-01T05:39:11,229  INFO [LocalJobRunner Map Task Executor #0] mapreduce.TaskCommitContextRegistry: Committing TaskAttempt:attempt_local148193504_0005_m_000000_0@file:/home/alex/Repositories/hive/hcatalog/hcatalog-pig-adapter/build/test/data/org.apache.hive.hcatalog.mapreduce.HCatBaseTest-1714567133524/warehouse/junit_parted_date/_DYN0.7690776804284887/dt=__HIVE_DEFAULT_PARTITION__
2024-05-01T05:39:11,229  INFO [LocalJobRunner Map Task Executor #0] mapreduce.DynamicPartitionFileRecordWriterContainer: Committing task-attempt for file:/home/alex/Repositories/hive/hcatalog/hcatalog-pig-adapter/build/test/data/org.apache.hive.hcatalog.mapreduce.HCatBaseTest-1714567133524/warehouse/junit_parted_date/_DYN0.7690776804284887/dt=2016-07-14 15%3A10%3A15
2024-05-01T05:39:11,230  INFO [LocalJobRunner Map Task Executor #0] output.FileOutputCommitter: Saved output of task 'attempt_local148193504_0005_m_000000_0' to file:/home/alex/Repositories/hive/hcatalog/hcatalog-pig-adapter/build/test/data/org.apache.hive.hcatalog.mapreduce.HCatBaseTest-1714567133524/warehouse/junit_parted_date/_DYN0.7690776804284887/dt=2016-07-14 15%3A10%3A15
2024-05-01T05:39:11,230  INFO [LocalJobRunner Map Task Executor #0] mapreduce.DynamicPartitionFileRecordWriterContainer: Committing task-attempt for file:/home/alex/Repositories/hive/hcatalog/hcatalog-pig-adapter/build/test/data/org.apache.hive.hcatalog.mapreduce.HCatBaseTest-1714567133524/warehouse/junit_parted_date/_DYN0.7690776804284887/dt=2016-07-15 18%3A54%3A55
2024-05-01T05:39:11,231  INFO [LocalJobRunner Map Task Executor #0] output.FileOutputCommitter: Saved output of task 'attempt_local148193504_0005_m_000000_0' to file:/home/alex/Repositories/hive/hcatalog/hcatalog-pig-adapter/build/test/data/org.apache.hive.hcatalog.mapreduce.HCatBaseTest-1714567133524/warehouse/junit_parted_date/_DYN0.7690776804284887/dt=2016-07-15 18%3A54%3A55
2024-05-01T05:39:11,232  INFO [LocalJobRunner Map Task Executor #0] mapreduce.TaskCommitContextRegistry: Discarding all cleanup for TaskAttemptID:attempt_local148193504_0005_m_000000_0@file:/home/alex/Repositories/hive/hcatalog/hcatalog-pig-adapter/build/test/data/org.apache.hive.hcatalog.mapreduce.HCatBaseTest-1714567133524/warehouse/junit_parted_date/_DYN0.7690776804284887/dt=__HIVE_DEFAULT_PARTITION__
2024-05-01T05:39:11,233  INFO [LocalJobRunner Map Task Executor #0] mapred.LocalJobRunner: map
2024-05-01T05:39:11,233  INFO [LocalJobRunner Map Task Executor #0] mapred.Task: Task 'attempt_local148193504_0005_m_000000_0' done.
2024-05-01T05:39:11,233  INFO [LocalJobRunner Map Task Executor #0] mapred.Task: Final Counters for attempt_local148193504_0005_m_000000_0: Counters: 16
	File System Counters
		FILE: Number of bytes read=16305
		FILE: Number of bytes written=3271536
		FILE: Number of read operations=0
		FILE: Number of large read operations=0
		FILE: Number of write operations=0
	Map-Reduce Framework
		Map input records=2
		Map output records=2
		Input split bytes=494
		Spilled Records=0
		Failed Shuffles=0
		Merged Map outputs=0
		GC time elapsed (ms)=33
		Total committed heap usage (bytes)=1010302976
	MultiStoreCounters
		Output records in _2_junit_specific_db.junit_specific_size2=0
	File Input Format Counters 
		Bytes Read=0
	File Output Format Counters 
		Bytes Written=0
2024-05-01T05:39:11,233  INFO [LocalJobRunner Map Task Executor #0] mapred.LocalJobRunner: Finishing task: attempt_local148193504_0005_m_000000_0
2024-05-01T05:39:11,233  INFO [Thread-364] mapred.LocalJobRunner: map task executor complete.
2024-05-01T05:39:11,234  INFO [main] mapReduceLayer.MapReduceLauncher: HadoopJobId: job_local46602031_0004
2024-05-01T05:39:11,234  INFO [main] mapReduceLayer.MapReduceLauncher: Processing aliases A,B,B2,C,C2
2024-05-01T05:39:11,234  INFO [main] mapReduceLayer.MapReduceLauncher: detailed locations: M: A[1,4],A[-1,-1],B2[6,5],B[5,4],C2[9,5],C[8,4] C:  R: 
2024-05-01T05:39:11,236  INFO [main] mapReduceLayer.MapReduceLauncher: HadoopJobId: job_local148193504_0005
2024-05-01T05:39:11,236  INFO [main] mapReduceLayer.MapReduceLauncher: Processing aliases E,F
2024-05-01T05:39:11,236  INFO [main] mapReduceLayer.MapReduceLauncher: detailed locations: M: E[13,4],F[-1,-1] C:  R: 
2024-05-01T05:39:11,239  INFO [LocalJobRunner Map Task Executor #0] mapred.LocalJobRunner: 
2024-05-01T05:39:11,239  INFO [LocalJobRunner Map Task Executor #0] mapred.Task: Task:attempt_local46602031_0004_m_000000_0 is done. And is in the process of committing
2024-05-01T05:39:11,240  INFO [LocalJobRunner Map Task Executor #0] output.FileOutputCommitter: File Output Committer Algorithm version is 2
2024-05-01T05:39:11,240  INFO [LocalJobRunner Map Task Executor #0] output.FileOutputCommitter: FileOutputCommitter skip cleanup _temporary folders under output directory:false, ignore cleanup failures: false
2024-05-01T05:39:11,241  INFO [Thread-364] output.FileOutputCommitter: File Output Committer Algorithm version is 2
2024-05-01T05:39:11,241  INFO [Thread-364] output.FileOutputCommitter: FileOutputCommitter skip cleanup _temporary folders under output directory:false, ignore cleanup failures: false
2024-05-01T05:39:11,246  INFO [LocalJobRunner Map Task Executor #0] mapred.LocalJobRunner: 
2024-05-01T05:39:11,246  INFO [LocalJobRunner Map Task Executor #0] mapred.Task: Task attempt_local46602031_0004_m_000000_0 is allowed to commit now
2024-05-01T05:39:11,247  INFO [LocalJobRunner Map Task Executor #0] output.FileOutputCommitter: File Output Committer Algorithm version is 2
2024-05-01T05:39:11,247  INFO [LocalJobRunner Map Task Executor #0] output.FileOutputCommitter: FileOutputCommitter skip cleanup _temporary folders under output directory:false, ignore cleanup failures: false
2024-05-01T05:39:11,248  INFO [LocalJobRunner Map Task Executor #0] output.FileOutputCommitter: Saved output of task 'attempt_local46602031_0004_m_000000_0' to file:/home/alex/Repositories/hive/hcatalog/hcatalog-pig-adapter/build/test/data/org.apache.hive.hcatalog.mapreduce.HCatBaseTest-1714567133524/warehouse/junit_unparted_basic/_SCRATCH0,5261393120777338
2024-05-01T05:39:11,249  INFO [LocalJobRunner Map Task Executor #0] output.FileOutputCommitter: File Output Committer Algorithm version is 2
2024-05-01T05:39:11,249  INFO [LocalJobRunner Map Task Executor #0] output.FileOutputCommitter: FileOutputCommitter skip cleanup _temporary folders under output directory:false, ignore cleanup failures: false
2024-05-01T05:39:11,249  INFO [Thread-364] output.FileOutputCommitter: File Output Committer Algorithm version is 2
2024-05-01T05:39:11,249  INFO [Thread-364] output.FileOutputCommitter: FileOutputCommitter skip cleanup _temporary folders under output directory:false, ignore cleanup failures: false
2024-05-01T05:39:11,250  INFO [LocalJobRunner Map Task Executor #0] output.FileOutputCommitter: Saved output of task 'attempt_local46602031_0004_m_000000_0' to file:/home/alex/Repositories/hive/hcatalog/hcatalog-pig-adapter/build/test/data/org.apache.hive.hcatalog.mapreduce.HCatBaseTest-1714567133524/warehouse/junit_specific_size/_SCRATCH0,2106132260312733
2024-05-01T05:39:11,251  INFO [LocalJobRunner Map Task Executor #0] output.FileOutputCommitter: File Output Committer Algorithm version is 2
2024-05-01T05:39:11,252  INFO [LocalJobRunner Map Task Executor #0] output.FileOutputCommitter: FileOutputCommitter skip cleanup _temporary folders under output directory:false, ignore cleanup failures: false
2024-05-01T05:39:11,253  INFO [LocalJobRunner Map Task Executor #0] output.FileOutputCommitter: Saved output of task 'attempt_local46602031_0004_m_000000_0' to file:/home/alex/Repositories/hive/hcatalog/hcatalog-pig-adapter/build/test/data/org.apache.hive.hcatalog.mapreduce.HCatBaseTest-1714567133524/warehouse/junit_specific_db.db/junit_specific_size2/_SCRATCH0,6087219473580949
2024-05-01T05:39:11,254  INFO [LocalJobRunner Map Task Executor #0] output.FileOutputCommitter: File Output Committer Algorithm version is 2
2024-05-01T05:39:11,254  INFO [LocalJobRunner Map Task Executor #0] output.FileOutputCommitter: FileOutputCommitter skip cleanup _temporary folders under output directory:false, ignore cleanup failures: false
2024-05-01T05:39:11,255  INFO [LocalJobRunner Map Task Executor #0] output.FileOutputCommitter: Saved output of task 'attempt_local46602031_0004_m_000000_0' to file:/home/alex/Repositories/hive/hcatalog/hcatalog-pig-adapter/build/test/data/org.apache.hive.hcatalog.mapreduce.HCatBaseTest-1714567133524/warehouse/junit_parted_basic/_SCRATCH0,9325638464570121/bkt=0
2024-05-01T05:39:11,256  INFO [LocalJobRunner Map Task Executor #0] output.FileOutputCommitter: File Output Committer Algorithm version is 2
2024-05-01T05:39:11,256  INFO [LocalJobRunner Map Task Executor #0] output.FileOutputCommitter: FileOutputCommitter skip cleanup _temporary folders under output directory:false, ignore cleanup failures: false
2024-05-01T05:39:11,257  INFO [LocalJobRunner Map Task Executor #0] output.FileOutputCommitter: Saved output of task 'attempt_local46602031_0004_m_000000_0' to file:/home/alex/Repositories/hive/hcatalog/hcatalog-pig-adapter/build/test/data/org.apache.hive.hcatalog.mapreduce.HCatBaseTest-1714567133524/warehouse/junit_parted_basic/_SCRATCH0,6740274597525444/bkt=1
2024-05-01T05:39:11,258  INFO [LocalJobRunner Map Task Executor #0] mapred.LocalJobRunner: map
2024-05-01T05:39:11,258  INFO [LocalJobRunner Map Task Executor #0] mapred.Task: Task 'attempt_local46602031_0004_m_000000_0' done.
2024-05-01T05:39:11,258  INFO [LocalJobRunner Map Task Executor #0] mapred.Task: Final Counters for attempt_local46602031_0004_m_000000_0: Counters: 20
	File System Counters
		FILE: Number of bytes read=17793
		FILE: Number of bytes written=3272203
		FILE: Number of read operations=0
		FILE: Number of large read operations=0
		FILE: Number of write operations=0
	Map-Reduce Framework
		Map input records=9
		Map output records=0
		Input split bytes=486
		Spilled Records=0
		Failed Shuffles=0
		Merged Map outputs=0
		GC time elapsed (ms)=33
		Total committed heap usage (bytes)=1010302976
	MultiStoreCounters
		Output records in _0_junit_unparted_basic=9
		Output records in _1_junit_specific_size=9
		Output records in _2_junit_specific_db.junit_specific_size2=9
		Output records in _3_junit_parted_basic=3
		Output records in _4_junit_parted_basic=6
	File Input Format Counters 
		Bytes Read=0
	File Output Format Counters 
		Bytes Written=0
2024-05-01T05:39:11,258  INFO [LocalJobRunner Map Task Executor #0] mapred.LocalJobRunner: Finishing task: attempt_local46602031_0004_m_000000_0
2024-05-01T05:39:11,258  INFO [Thread-324] mapred.LocalJobRunner: map task executor complete.
2024-05-01T05:39:11,277  INFO [JobControl] mapreduce.Job: The url to track the job: http://localhost:8080/
2024-05-01T05:39:11,277  INFO [main] mapReduceLayer.MapReduceLauncher: HadoopJobId: job_local864060700_0006
2024-05-01T05:39:11,277  INFO [main] mapReduceLayer.MapReduceLauncher: Processing aliases D
2024-05-01T05:39:11,277  INFO [Thread-418] mapred.LocalJobRunner: OutputCommitter set in config null
2024-05-01T05:39:11,277  INFO [main] mapReduceLayer.MapReduceLauncher: detailed locations: M: D[11,4],D[-1,-1] C:  R: 
2024-05-01T05:39:11,279  INFO [main] mapReduceLayer.MapReduceLauncher: 33% complete
2024-05-01T05:39:11,279  INFO [main] mapReduceLayer.MapReduceLauncher: Running jobs are [job_local46602031_0004,job_local148193504_0005,job_local864060700_0006]
2024-05-01T05:39:11,284  INFO [Thread-418] output.FileOutputCommitter: File Output Committer Algorithm version is 2
2024-05-01T05:39:11,284  INFO [Thread-418] output.FileOutputCommitter: FileOutputCommitter skip cleanup _temporary folders under output directory:false, ignore cleanup failures: false
2024-05-01T05:39:11,285  INFO [Thread-418] mapred.LocalJobRunner: OutputCommitter is org.apache.pig.backend.hadoop.executionengine.mapReduceLayer.PigOutputCommitter
2024-05-01T05:39:11,286  INFO [Thread-418] output.FileOutputCommitter: File Output Committer Algorithm version is 2
2024-05-01T05:39:11,286  INFO [Thread-418] output.FileOutputCommitter: FileOutputCommitter skip cleanup _temporary folders under output directory:false, ignore cleanup failures: false
2024-05-01T05:39:11,294  INFO [Thread-418] mapred.LocalJobRunner: Waiting for map tasks
2024-05-01T05:39:11,295  INFO [LocalJobRunner Map Task Executor #0] mapred.LocalJobRunner: Starting task: attempt_local864060700_0006_m_000000_0
2024-05-01T05:39:11,301  WARN [Thread-364] conf.HiveConf: HiveConf of name hive.llap.io.cache.orc.size does not exist
2024-05-01T05:39:11,301  INFO [LocalJobRunner Map Task Executor #0] output.FileOutputCommitter: File Output Committer Algorithm version is 2
2024-05-01T05:39:11,301  WARN [Thread-364] conf.HiveConf: HiveConf of name hive.dummyparam.test.server.specific.config.override does not exist
2024-05-01T05:39:11,301  INFO [LocalJobRunner Map Task Executor #0] output.FileOutputCommitter: FileOutputCommitter skip cleanup _temporary folders under output directory:false, ignore cleanup failures: false
2024-05-01T05:39:11,301  WARN [Thread-364] conf.HiveConf: HiveConf of name hive.metastore.metadb.dir does not exist
2024-05-01T05:39:11,301  WARN [Thread-364] conf.HiveConf: HiveConf of name hive.llap.io.cache.orc.alloc.min does not exist
2024-05-01T05:39:11,301  WARN [Thread-364] conf.HiveConf: HiveConf of name hive.dummyparam.test.server.specific.config.hivesite does not exist
2024-05-01T05:39:11,302  WARN [Thread-364] conf.HiveConf: HiveConf of name hive.llap.io.cache.orc.alloc.max does not exist
2024-05-01T05:39:11,302  WARN [Thread-364] conf.HiveConf: HiveConf of name hive.metastore.client.cache.maxSize does not exist
2024-05-01T05:39:11,302  WARN [Thread-364] conf.HiveConf: HiveConf of name hive.dummyparam.test.server.specific.config.metastoresite does not exist
2024-05-01T05:39:11,302  WARN [Thread-364] conf.HiveConf: HiveConf of name hive.metastore.client.cache.recordStats does not exist
2024-05-01T05:39:11,302  WARN [Thread-364] conf.HiveConf: HiveConf of name hive.llap.io.cache.orc.arena.size does not exist
2024-05-01T05:39:11,302  WARN [Thread-364] conf.HiveConf: HiveConf of name hive.stats.key.prefix.reserve.length does not exist
2024-05-01T05:39:11,302  INFO [Thread-364] common.HCatUtil: mapreduce.lib.hcatoutput.hive.conf is set. Applying configuration differences.
2024-05-01T05:39:11,303  INFO [Thread-364] metastore.HiveMetaStoreClient: HMS client filtering is enabled.
2024-05-01T05:39:11,304  INFO [Thread-364] metastore.HMSHandler: 7: Opening raw store with implementation class:org.apache.hadoop.hive.metastore.ObjectStore
2024-05-01T05:39:11,304  INFO [LocalJobRunner Map Task Executor #0] output.FileOutputCommitter: File Output Committer Algorithm version is 2
2024-05-01T05:39:11,304  INFO [LocalJobRunner Map Task Executor #0] output.FileOutputCommitter: FileOutputCommitter skip cleanup _temporary folders under output directory:false, ignore cleanup failures: false
2024-05-01T05:39:11,304  INFO [Thread-364] metastore.PersistenceManagerProvider: Configuration datanucleus.autoStartMechanismMode is not set. Defaulting to 'ignored'
2024-05-01T05:39:11,304  INFO [LocalJobRunner Map Task Executor #0] mapred.Task:  Using ResourceCalculatorProcessTree : [ ]
2024-05-01T05:39:11,304  INFO [Thread-364] metastore.ObjectStore: RawStore: org.apache.hadoop.hive.metastore.ObjectStore@6b84f2db, with PersistenceManager: null will be shutdown
2024-05-01T05:39:11,304  INFO [Thread-364] metastore.ObjectStore: RawStore: org.apache.hadoop.hive.metastore.ObjectStore@6b84f2db, with PersistenceManager: org.datanucleus.api.jdo.JDOPersistenceManager@536cdc92 created in the thread with id: 406
2024-05-01T05:39:11,305  INFO [LocalJobRunner Map Task Executor #0] mapred.MapTask: Processing split: Number of splits :1
Total Length = 342
Input split[0]:
   Length = 342
   ClassName: org.apache.hadoop.mapreduce.lib.input.FileSplit
   Locations:

-----------------------

2024-05-01T05:39:11,306  INFO [LocalJobRunner Map Task Executor #0] builtin.PigStorage: Using PigTextInputFormat
2024-05-01T05:39:11,306  INFO [LocalJobRunner Map Task Executor #0] mapReduceLayer.PigRecordReader: Current split being processed file:/home/alex/Repositories/hive/hcatalog/hcatalog-pig-adapter/build/test/data/org.apache.hive.hcatalog.mapreduce.HCatBaseTest-1714567133524/complex.input.data:0+342
2024-05-01T05:39:11,307  INFO [Thread-364] metastore.HMSHandler: Created RawStore: org.apache.hadoop.hive.metastore.ObjectStore@6b84f2db from thread id: 406
2024-05-01T05:39:11,307  INFO [Thread-364] metastore.HMSHandler: HMS server filtering is disabled by configuration
2024-05-01T05:39:11,307  INFO [Thread-364] metastore.RetryingMetaStoreClient: RetryingMetaStoreClient proxy=class org.apache.hive.hcatalog.common.HiveClientCache$CacheableHiveMetaStoreClient ugi=alex (auth:SIMPLE) retries=1 delay=1 lifetime=0
2024-05-01T05:39:11,307  INFO [Thread-364] HiveMetaStore.audit: ugi=alex	ip=unknown-ip-addr	cmd=get_databases: @hive#NonExistentDatabaseUsedForHealthCheck	
2024-05-01T05:39:11,310  INFO [LocalJobRunner Map Task Executor #0] output.FileOutputCommitter: File Output Committer Algorithm version is 2
2024-05-01T05:39:11,310  INFO [LocalJobRunner Map Task Executor #0] output.FileOutputCommitter: FileOutputCommitter skip cleanup _temporary folders under output directory:false, ignore cleanup failures: false
2024-05-01T05:39:11,312  INFO [LocalJobRunner Map Task Executor #0] write.ParquetRecordWriterWrapper: initialize serde with table properties.
2024-05-01T05:39:11,312  INFO [LocalJobRunner Map Task Executor #0] write.ParquetRecordWriterWrapper: creating real writer to write at file:/home/alex/Repositories/hive/hcatalog/hcatalog-pig-adapter/build/test/data/org.apache.hive.hcatalog.mapreduce.HCatBaseTest-1714567133524/warehouse/junit_unparted_complex/_SCRATCH0,27220457721531344/_temporary/0/_temporary/attempt_local864060700_0006_m_000000_0/part-m-00000
2024-05-01T05:39:11,312  INFO [LocalJobRunner Map Task Executor #0] codec.CodecConfig: Compression set to false
2024-05-01T05:39:11,312  INFO [LocalJobRunner Map Task Executor #0] codec.CodecConfig: Compression: UNCOMPRESSED
2024-05-01T05:39:11,312  INFO [LocalJobRunner Map Task Executor #0] hadoop.ParquetOutputFormat: Parquet block size to 134217728
2024-05-01T05:39:11,312  INFO [LocalJobRunner Map Task Executor #0] hadoop.ParquetOutputFormat: Parquet page size to 1048576
2024-05-01T05:39:11,312  INFO [LocalJobRunner Map Task Executor #0] hadoop.ParquetOutputFormat: Parquet dictionary page size to 1048576
2024-05-01T05:39:11,312  INFO [LocalJobRunner Map Task Executor #0] hadoop.ParquetOutputFormat: Dictionary is on
2024-05-01T05:39:11,312  INFO [LocalJobRunner Map Task Executor #0] hadoop.ParquetOutputFormat: Validation is off
2024-05-01T05:39:11,312  INFO [LocalJobRunner Map Task Executor #0] hadoop.ParquetOutputFormat: Writer version is: PARQUET_1_0
2024-05-01T05:39:11,312  INFO [LocalJobRunner Map Task Executor #0] hadoop.ParquetOutputFormat: Maximum row group padding size is 8388608 bytes
2024-05-01T05:39:11,312  INFO [LocalJobRunner Map Task Executor #0] hadoop.ParquetOutputFormat: Page size checking is: estimated
2024-05-01T05:39:11,312  INFO [LocalJobRunner Map Task Executor #0] hadoop.ParquetOutputFormat: Min row count for page size check is: 100
2024-05-01T05:39:11,312  INFO [LocalJobRunner Map Task Executor #0] hadoop.ParquetOutputFormat: Max row count for page size check is: 10000
2024-05-01T05:39:11,312  INFO [LocalJobRunner Map Task Executor #0] hadoop.ParquetOutputFormat: Truncate length for column indexes is: 64
2024-05-01T05:39:11,313  INFO [LocalJobRunner Map Task Executor #0] hadoop.ParquetOutputFormat: Truncate length for statistics min/max  is: 2147483647
2024-05-01T05:39:11,313  INFO [LocalJobRunner Map Task Executor #0] hadoop.ParquetOutputFormat: Page row count limit to 20000
2024-05-01T05:39:11,313  INFO [LocalJobRunner Map Task Executor #0] hadoop.ParquetOutputFormat: Writing page checksums is: on
2024-05-01T05:39:11,318  WARN [Thread-324] conf.HiveConf: HiveConf of name hive.llap.io.cache.orc.size does not exist
2024-05-01T05:39:11,318  WARN [Thread-324] conf.HiveConf: HiveConf of name hive.dummyparam.test.server.specific.config.override does not exist
2024-05-01T05:39:11,318  WARN [Thread-324] conf.HiveConf: HiveConf of name hive.metastore.metadb.dir does not exist
2024-05-01T05:39:11,318  WARN [Thread-324] conf.HiveConf: HiveConf of name hive.llap.io.cache.orc.alloc.min does not exist
2024-05-01T05:39:11,318  WARN [Thread-324] conf.HiveConf: HiveConf of name hive.dummyparam.test.server.specific.config.hivesite does not exist
2024-05-01T05:39:11,318  WARN [Thread-324] conf.HiveConf: HiveConf of name hive.llap.io.cache.orc.alloc.max does not exist
2024-05-01T05:39:11,319  WARN [Thread-324] conf.HiveConf: HiveConf of name hive.metastore.client.cache.maxSize does not exist
2024-05-01T05:39:11,319  WARN [Thread-324] conf.HiveConf: HiveConf of name hive.dummyparam.test.server.specific.config.metastoresite does not exist
2024-05-01T05:39:11,319  WARN [Thread-324] conf.HiveConf: HiveConf of name hive.metastore.client.cache.recordStats does not exist
2024-05-01T05:39:11,319  WARN [Thread-324] conf.HiveConf: HiveConf of name hive.llap.io.cache.orc.arena.size does not exist
2024-05-01T05:39:11,319  WARN [Thread-324] conf.HiveConf: HiveConf of name hive.stats.key.prefix.reserve.length does not exist
2024-05-01T05:39:11,319  INFO [Thread-324] common.HCatUtil: mapreduce.lib.hcatoutput.hive.conf is set. Applying configuration differences.
2024-05-01T05:39:11,320  INFO [Thread-324] metastore.HiveMetaStoreClient: HMS client filtering is enabled.
2024-05-01T05:39:11,321  INFO [Thread-324] metastore.HMSHandler: 8: Opening raw store with implementation class:org.apache.hadoop.hive.metastore.ObjectStore
2024-05-01T05:39:11,321  INFO [Thread-324] metastore.PersistenceManagerProvider: Configuration datanucleus.autoStartMechanismMode is not set. Defaulting to 'ignored'
2024-05-01T05:39:11,321  INFO [Thread-324] metastore.ObjectStore: RawStore: org.apache.hadoop.hive.metastore.ObjectStore@77496375, with PersistenceManager: null will be shutdown
2024-05-01T05:39:11,321  INFO [Thread-324] metastore.ObjectStore: RawStore: org.apache.hadoop.hive.metastore.ObjectStore@77496375, with PersistenceManager: org.datanucleus.api.jdo.JDOPersistenceManager@36e2748a created in the thread with id: 366
2024-05-01T05:39:11,324  INFO [Thread-324] metastore.HMSHandler: Created RawStore: org.apache.hadoop.hive.metastore.ObjectStore@77496375 from thread id: 366
2024-05-01T05:39:11,324  INFO [Thread-324] metastore.HMSHandler: HMS server filtering is disabled by configuration
2024-05-01T05:39:11,324  INFO [Thread-324] metastore.RetryingMetaStoreClient: RetryingMetaStoreClient proxy=class org.apache.hive.hcatalog.common.HiveClientCache$CacheableHiveMetaStoreClient ugi=alex (auth:SIMPLE) retries=1 delay=1 lifetime=0
2024-05-01T05:39:11,325  INFO [Thread-324] HiveMetaStore.audit: ugi=alex	ip=unknown-ip-addr	cmd=get_databases: @hive#NonExistentDatabaseUsedForHealthCheck	
2024-05-01T05:39:11,327  INFO [Thread-324] HiveMetaStore.audit: ugi=alex	ip=unknown-ip-addr	cmd=alter_table: hive.default.junit_unparted_basic newtbl=junit_unparted_basic	
2024-05-01T05:39:11,329  INFO [LocalJobRunner Map Task Executor #0] write.ParquetRecordWriterWrapper: real writer: org.apache.parquet.hadoop.ParquetRecordWriter@5e09df5a
2024-05-01T05:39:11,332  INFO [LocalJobRunner Map Task Executor #0] util.SpillableMemoryManager: Selected heap (PS Old Gen) of size 1431830528 to monitor. collectionUsageThreshold = 1064828928, usageThreshold = 1064828928
2024-05-01T05:39:11,332  WARN [LocalJobRunner Map Task Executor #0] data.SchemaTupleBackend: SchemaTupleBackend has already been initialized
2024-05-01T05:39:11,335  INFO [LocalJobRunner Map Task Executor #0] mapReduceLayer.PigMapOnly$Map: Aliases being processed per job phase (AliasName[line,offset]): M: D[11,4],D[-1,-1] C:  R: 
2024-05-01T05:39:11,341  INFO [LocalJobRunner Map Task Executor #0] mapred.LocalJobRunner: 
2024-05-01T05:39:11,345  INFO [Thread-324] utils.MetaStoreServerUtils: Updating table stats for junit_unparted_basic
2024-05-01T05:39:11,345  INFO [Thread-324] utils.MetaStoreServerUtils: Updated size of table junit_unparted_basic to 647
2024-05-01T05:39:11,351  INFO [Thread-324] mapreduce.FileOutputCommitterContainer: Cancelling delegation token for the job.
2024-05-01T05:39:11,358  INFO [LocalJobRunner Map Task Executor #0] mapred.Task: Task:attempt_local864060700_0006_m_000000_0 is done. And is in the process of committing
2024-05-01T05:39:11,359  INFO [LocalJobRunner Map Task Executor #0] output.FileOutputCommitter: File Output Committer Algorithm version is 2
2024-05-01T05:39:11,359  INFO [LocalJobRunner Map Task Executor #0] output.FileOutputCommitter: FileOutputCommitter skip cleanup _temporary folders under output directory:false, ignore cleanup failures: false
2024-05-01T05:39:11,360  INFO [LocalJobRunner Map Task Executor #0] mapred.LocalJobRunner: 
2024-05-01T05:39:11,360  INFO [LocalJobRunner Map Task Executor #0] mapred.Task: Task attempt_local864060700_0006_m_000000_0 is allowed to commit now
2024-05-01T05:39:11,361  INFO [LocalJobRunner Map Task Executor #0] output.FileOutputCommitter: File Output Committer Algorithm version is 2
2024-05-01T05:39:11,361  INFO [LocalJobRunner Map Task Executor #0] output.FileOutputCommitter: FileOutputCommitter skip cleanup _temporary folders under output directory:false, ignore cleanup failures: false
2024-05-01T05:39:11,362  INFO [LocalJobRunner Map Task Executor #0] output.FileOutputCommitter: Saved output of task 'attempt_local864060700_0006_m_000000_0' to file:/home/alex/Repositories/hive/hcatalog/hcatalog-pig-adapter/build/test/data/org.apache.hive.hcatalog.mapreduce.HCatBaseTest-1714567133524/warehouse/junit_unparted_complex/_SCRATCH0,27220457721531344
2024-05-01T05:39:11,362  INFO [LocalJobRunner Map Task Executor #0] mapred.LocalJobRunner: map
2024-05-01T05:39:11,362  INFO [LocalJobRunner Map Task Executor #0] mapred.Task: Task 'attempt_local864060700_0006_m_000000_0' done.
2024-05-01T05:39:11,363  INFO [LocalJobRunner Map Task Executor #0] mapred.Task: Final Counters for attempt_local864060700_0006_m_000000_0: Counters: 15
	File System Counters
		FILE: Number of bytes read=20463
		FILE: Number of bytes written=3690657
		FILE: Number of read operations=0
		FILE: Number of large read operations=0
		FILE: Number of write operations=0
	Map-Reduce Framework
		Map input records=2
		Map output records=2
		Input split bytes=488
		Spilled Records=0
		Failed Shuffles=0
		Merged Map outputs=0
		GC time elapsed (ms)=0
		Total committed heap usage (bytes)=1010302976
	File Input Format Counters 
		Bytes Read=0
	File Output Format Counters 
		Bytes Written=0
2024-05-01T05:39:11,363  INFO [LocalJobRunner Map Task Executor #0] mapred.LocalJobRunner: Finishing task: attempt_local864060700_0006_m_000000_0
2024-05-01T05:39:11,363  INFO [Thread-418] mapred.LocalJobRunner: map task executor complete.
2024-05-01T05:39:11,365  WARN [Thread-364] conf.HiveConf: HiveConf of name hive.llap.io.cache.orc.size does not exist
2024-05-01T05:39:11,365  WARN [Thread-364] conf.HiveConf: HiveConf of name hive.dummyparam.test.server.specific.config.override does not exist
2024-05-01T05:39:11,365  WARN [Thread-364] conf.HiveConf: HiveConf of name hive.metastore.metadb.dir does not exist
2024-05-01T05:39:11,365  WARN [Thread-364] conf.HiveConf: HiveConf of name hive.llap.io.cache.orc.alloc.min does not exist
2024-05-01T05:39:11,365  WARN [Thread-364] conf.HiveConf: HiveConf of name hive.dummyparam.test.server.specific.config.hivesite does not exist
2024-05-01T05:39:11,365  WARN [Thread-364] conf.HiveConf: HiveConf of name hive.llap.io.cache.orc.alloc.max does not exist
2024-05-01T05:39:11,365  WARN [Thread-364] conf.HiveConf: HiveConf of name hive.metastore.client.cache.maxSize does not exist
2024-05-01T05:39:11,365  WARN [Thread-364] conf.HiveConf: HiveConf of name hive.dummyparam.test.server.specific.config.metastoresite does not exist
2024-05-01T05:39:11,365  WARN [Thread-364] conf.HiveConf: HiveConf of name hive.metastore.client.cache.recordStats does not exist
2024-05-01T05:39:11,365  WARN [Thread-364] conf.HiveConf: HiveConf of name hive.llap.io.cache.orc.arena.size does not exist
2024-05-01T05:39:11,365  WARN [Thread-364] conf.HiveConf: HiveConf of name hive.stats.key.prefix.reserve.length does not exist
2024-05-01T05:39:11,366  INFO [Thread-364] mapreduce.FileOutputCommitterContainer: HAR not is not being used. The table junit_parted_date has new partitions [{dt=2016-07-14 15:10:15}, {dt=2016-07-15 18:54:55}].
2024-05-01T05:39:11,401  WARN [Thread-324] conf.HiveConf: HiveConf of name hive.llap.io.cache.orc.size does not exist
2024-05-01T05:39:11,401  WARN [Thread-324] conf.HiveConf: HiveConf of name hive.dummyparam.test.server.specific.config.override does not exist
2024-05-01T05:39:11,401  WARN [Thread-324] conf.HiveConf: HiveConf of name hive.metastore.metadb.dir does not exist
2024-05-01T05:39:11,401  WARN [Thread-324] conf.HiveConf: HiveConf of name hive.llap.io.cache.orc.alloc.min does not exist
2024-05-01T05:39:11,401  WARN [Thread-324] conf.HiveConf: HiveConf of name hive.dummyparam.test.server.specific.config.hivesite does not exist
2024-05-01T05:39:11,401  WARN [Thread-324] conf.HiveConf: HiveConf of name hive.llap.io.cache.orc.alloc.max does not exist
2024-05-01T05:39:11,401  WARN [Thread-324] conf.HiveConf: HiveConf of name hive.metastore.client.cache.maxSize does not exist
2024-05-01T05:39:11,401  WARN [Thread-324] conf.HiveConf: HiveConf of name hive.dummyparam.test.server.specific.config.metastoresite does not exist
2024-05-01T05:39:11,401  WARN [Thread-324] conf.HiveConf: HiveConf of name hive.metastore.client.cache.recordStats does not exist
2024-05-01T05:39:11,401  WARN [Thread-324] conf.HiveConf: HiveConf of name hive.llap.io.cache.orc.arena.size does not exist
2024-05-01T05:39:11,402  WARN [Thread-324] conf.HiveConf: HiveConf of name hive.stats.key.prefix.reserve.length does not exist
2024-05-01T05:39:11,402  INFO [Thread-324] common.HCatUtil: mapreduce.lib.hcatoutput.hive.conf is set. Applying configuration differences.
2024-05-01T05:39:11,402  INFO [Thread-324] HiveMetaStore.audit: ugi=alex	ip=unknown-ip-addr	cmd=get_databases: @hive#NonExistentDatabaseUsedForHealthCheck	
2024-05-01T05:39:11,404  INFO [Thread-324] mapreduce.FileOutputCommitterContainer: FileOutputCommitterContainer::cancelDelegationTokens(): Could not find tokenStrForm, or HCAT_KEY_TOKEN_SIGNATURE. Skipping token cancellation.
2024-05-01T05:39:11,411  INFO [Thread-364] HiveMetaStore.audit: ugi=alex	ip=unknown-ip-addr	cmd=add_partition	
2024-05-01T05:39:11,411  INFO [Thread-364] HiveMetaStore.audit: ugi=alex	ip=unknown-ip-addr	cmd=add_partitions	
2024-05-01T05:39:11,424  WARN [Thread-418] conf.HiveConf: HiveConf of name hive.llap.io.cache.orc.size does not exist
2024-05-01T05:39:11,424  WARN [Thread-418] conf.HiveConf: HiveConf of name hive.dummyparam.test.server.specific.config.override does not exist
2024-05-01T05:39:11,424  WARN [Thread-418] conf.HiveConf: HiveConf of name hive.metastore.metadb.dir does not exist
2024-05-01T05:39:11,424  WARN [Thread-418] conf.HiveConf: HiveConf of name hive.llap.io.cache.orc.alloc.min does not exist
2024-05-01T05:39:11,424  WARN [Thread-418] conf.HiveConf: HiveConf of name hive.dummyparam.test.server.specific.config.hivesite does not exist
2024-05-01T05:39:11,424  WARN [Thread-418] conf.HiveConf: HiveConf of name hive.llap.io.cache.orc.alloc.max does not exist
2024-05-01T05:39:11,425  WARN [Thread-418] conf.HiveConf: HiveConf of name hive.metastore.client.cache.maxSize does not exist
2024-05-01T05:39:11,425  WARN [Thread-418] conf.HiveConf: HiveConf of name hive.dummyparam.test.server.specific.config.metastoresite does not exist
2024-05-01T05:39:11,425  WARN [Thread-418] conf.HiveConf: HiveConf of name hive.metastore.client.cache.recordStats does not exist
2024-05-01T05:39:11,425  WARN [Thread-418] conf.HiveConf: HiveConf of name hive.llap.io.cache.orc.arena.size does not exist
2024-05-01T05:39:11,425  WARN [Thread-418] conf.HiveConf: HiveConf of name hive.stats.key.prefix.reserve.length does not exist
2024-05-01T05:39:11,425  INFO [Thread-418] common.HCatUtil: mapreduce.lib.hcatoutput.hive.conf is set. Applying configuration differences.
2024-05-01T05:39:11,427  INFO [Thread-418] metastore.HiveMetaStoreClient: HMS client filtering is enabled.
2024-05-01T05:39:11,427  INFO [Thread-418] metastore.HMSHandler: 9: Opening raw store with implementation class:org.apache.hadoop.hive.metastore.ObjectStore
2024-05-01T05:39:11,427  INFO [Thread-418] metastore.PersistenceManagerProvider: Configuration datanucleus.autoStartMechanismMode is not set. Defaulting to 'ignored'
2024-05-01T05:39:11,428  INFO [Thread-418] metastore.ObjectStore: RawStore: org.apache.hadoop.hive.metastore.ObjectStore@39f0f942, with PersistenceManager: null will be shutdown
2024-05-01T05:39:11,428  INFO [Thread-418] metastore.ObjectStore: RawStore: org.apache.hadoop.hive.metastore.ObjectStore@39f0f942, with PersistenceManager: org.datanucleus.api.jdo.JDOPersistenceManager@522841fc created in the thread with id: 464
2024-05-01T05:39:11,428  INFO [HMSHandler #4] utils.MetaStoreServerUtils: Updating partition stats fast for: junit_parted_date
2024-05-01T05:39:11,430  INFO [HMSHandler #4] utils.MetaStoreServerUtils: Updated size to 476
2024-05-01T05:39:11,431  INFO [HMSHandler #5] utils.MetaStoreServerUtils: Updating partition stats fast for: junit_parted_date
2024-05-01T05:39:11,431  INFO [Thread-418] metastore.HMSHandler: Created RawStore: org.apache.hadoop.hive.metastore.ObjectStore@39f0f942 from thread id: 464
2024-05-01T05:39:11,431  INFO [HMSHandler #5] utils.MetaStoreServerUtils: Updated size to 469
2024-05-01T05:39:11,431  INFO [Thread-418] metastore.HMSHandler: HMS server filtering is disabled by configuration
2024-05-01T05:39:11,431  INFO [Thread-418] metastore.RetryingMetaStoreClient: RetryingMetaStoreClient proxy=class org.apache.hive.hcatalog.common.HiveClientCache$CacheableHiveMetaStoreClient ugi=alex (auth:SIMPLE) retries=1 delay=1 lifetime=0
2024-05-01T05:39:11,432  INFO [Thread-418] HiveMetaStore.audit: ugi=alex	ip=unknown-ip-addr	cmd=get_databases: @hive#NonExistentDatabaseUsedForHealthCheck	
2024-05-01T05:39:11,438  INFO [Thread-418] HiveMetaStore.audit: ugi=alex	ip=unknown-ip-addr	cmd=alter_table: hive.default.junit_unparted_complex newtbl=junit_unparted_complex	
2024-05-01T05:39:11,453  INFO [Thread-418] utils.MetaStoreServerUtils: Updating table stats for junit_unparted_complex
2024-05-01T05:39:11,454  INFO [Thread-418] utils.MetaStoreServerUtils: Updated size of table junit_unparted_complex to 2660
2024-05-01T05:39:11,460  INFO [Thread-418] mapreduce.FileOutputCommitterContainer: Cancelling delegation token for the job.
2024-05-01T05:39:11,476  WARN [Thread-324] conf.HiveConf: HiveConf of name hive.llap.io.cache.orc.size does not exist
2024-05-01T05:39:11,476  WARN [Thread-324] conf.HiveConf: HiveConf of name hive.dummyparam.test.server.specific.config.override does not exist
2024-05-01T05:39:11,476  WARN [Thread-324] conf.HiveConf: HiveConf of name hive.metastore.metadb.dir does not exist
2024-05-01T05:39:11,477  WARN [Thread-324] conf.HiveConf: HiveConf of name hive.llap.io.cache.orc.alloc.min does not exist
2024-05-01T05:39:11,477  WARN [Thread-324] conf.HiveConf: HiveConf of name hive.dummyparam.test.server.specific.config.hivesite does not exist
2024-05-01T05:39:11,477  WARN [Thread-324] conf.HiveConf: HiveConf of name hive.llap.io.cache.orc.alloc.max does not exist
2024-05-01T05:39:11,477  WARN [Thread-324] conf.HiveConf: HiveConf of name hive.metastore.client.cache.maxSize does not exist
2024-05-01T05:39:11,477  WARN [Thread-324] conf.HiveConf: HiveConf of name hive.dummyparam.test.server.specific.config.metastoresite does not exist
2024-05-01T05:39:11,477  WARN [Thread-324] conf.HiveConf: HiveConf of name hive.metastore.client.cache.recordStats does not exist
2024-05-01T05:39:11,477  WARN [Thread-324] conf.HiveConf: HiveConf of name hive.llap.io.cache.orc.arena.size does not exist
2024-05-01T05:39:11,477  WARN [Thread-324] conf.HiveConf: HiveConf of name hive.stats.key.prefix.reserve.length does not exist
2024-05-01T05:39:11,477  INFO [Thread-324] common.HCatUtil: mapreduce.lib.hcatoutput.hive.conf is set. Applying configuration differences.
2024-05-01T05:39:11,477  INFO [Thread-324] HiveMetaStore.audit: ugi=alex	ip=unknown-ip-addr	cmd=get_databases: @hive#NonExistentDatabaseUsedForHealthCheck	
2024-05-01T05:39:11,480  INFO [Thread-324] HiveMetaStore.audit: ugi=alex	ip=unknown-ip-addr	cmd=alter_table: hive.default.junit_specific_size newtbl=junit_specific_size	
2024-05-01T05:39:11,492  INFO [Thread-324] utils.MetaStoreServerUtils: Updating table stats for junit_specific_size
2024-05-01T05:39:11,493  INFO [Thread-324] utils.MetaStoreServerUtils: Updated size of table junit_specific_size to 647
2024-05-01T05:39:11,498  INFO [Thread-324] mapreduce.FileOutputCommitterContainer: Cancelling delegation token for the job.
2024-05-01T05:39:11,518  WARN [Thread-418] conf.HiveConf: HiveConf of name hive.llap.io.cache.orc.size does not exist
2024-05-01T05:39:11,518  WARN [Thread-418] conf.HiveConf: HiveConf of name hive.dummyparam.test.server.specific.config.override does not exist
2024-05-01T05:39:11,518  WARN [Thread-418] conf.HiveConf: HiveConf of name hive.metastore.metadb.dir does not exist
2024-05-01T05:39:11,518  WARN [Thread-418] conf.HiveConf: HiveConf of name hive.llap.io.cache.orc.alloc.min does not exist
2024-05-01T05:39:11,518  WARN [Thread-418] conf.HiveConf: HiveConf of name hive.dummyparam.test.server.specific.config.hivesite does not exist
2024-05-01T05:39:11,518  WARN [Thread-418] conf.HiveConf: HiveConf of name hive.llap.io.cache.orc.alloc.max does not exist
2024-05-01T05:39:11,518  WARN [Thread-418] conf.HiveConf: HiveConf of name hive.metastore.client.cache.maxSize does not exist
2024-05-01T05:39:11,518  WARN [Thread-418] conf.HiveConf: HiveConf of name hive.dummyparam.test.server.specific.config.metastoresite does not exist
2024-05-01T05:39:11,518  WARN [Thread-418] conf.HiveConf: HiveConf of name hive.metastore.client.cache.recordStats does not exist
2024-05-01T05:39:11,518  WARN [Thread-418] conf.HiveConf: HiveConf of name hive.llap.io.cache.orc.arena.size does not exist
2024-05-01T05:39:11,518  WARN [Thread-418] conf.HiveConf: HiveConf of name hive.stats.key.prefix.reserve.length does not exist
2024-05-01T05:39:11,518  INFO [Thread-418] common.HCatUtil: mapreduce.lib.hcatoutput.hive.conf is set. Applying configuration differences.
2024-05-01T05:39:11,519  INFO [Thread-418] HiveMetaStore.audit: ugi=alex	ip=unknown-ip-addr	cmd=get_databases: @hive#NonExistentDatabaseUsedForHealthCheck	
2024-05-01T05:39:11,520  INFO [Thread-418] mapreduce.FileOutputCommitterContainer: FileOutputCommitterContainer::cancelDelegationTokens(): Could not find tokenStrForm, or HCAT_KEY_TOKEN_SIGNATURE. Skipping token cancellation.
2024-05-01T05:39:11,547  WARN [Thread-324] conf.HiveConf: HiveConf of name hive.llap.io.cache.orc.size does not exist
2024-05-01T05:39:11,547  WARN [Thread-324] conf.HiveConf: HiveConf of name hive.dummyparam.test.server.specific.config.override does not exist
2024-05-01T05:39:11,547  WARN [Thread-324] conf.HiveConf: HiveConf of name hive.metastore.metadb.dir does not exist
2024-05-01T05:39:11,547  WARN [Thread-324] conf.HiveConf: HiveConf of name hive.llap.io.cache.orc.alloc.min does not exist
2024-05-01T05:39:11,547  WARN [Thread-324] conf.HiveConf: HiveConf of name hive.dummyparam.test.server.specific.config.hivesite does not exist
2024-05-01T05:39:11,547  WARN [Thread-324] conf.HiveConf: HiveConf of name hive.llap.io.cache.orc.alloc.max does not exist
2024-05-01T05:39:11,547  WARN [Thread-324] conf.HiveConf: HiveConf of name hive.metastore.client.cache.maxSize does not exist
2024-05-01T05:39:11,547  WARN [Thread-324] conf.HiveConf: HiveConf of name hive.dummyparam.test.server.specific.config.metastoresite does not exist
2024-05-01T05:39:11,547  WARN [Thread-324] conf.HiveConf: HiveConf of name hive.metastore.client.cache.recordStats does not exist
2024-05-01T05:39:11,547  WARN [Thread-324] conf.HiveConf: HiveConf of name hive.llap.io.cache.orc.arena.size does not exist
2024-05-01T05:39:11,547  WARN [Thread-324] conf.HiveConf: HiveConf of name hive.stats.key.prefix.reserve.length does not exist
2024-05-01T05:39:11,547  INFO [Thread-324] common.HCatUtil: mapreduce.lib.hcatoutput.hive.conf is set. Applying configuration differences.
2024-05-01T05:39:11,548  INFO [Thread-324] HiveMetaStore.audit: ugi=alex	ip=unknown-ip-addr	cmd=get_databases: @hive#NonExistentDatabaseUsedForHealthCheck	
2024-05-01T05:39:11,549  INFO [Thread-324] mapreduce.FileOutputCommitterContainer: FileOutputCommitterContainer::cancelDelegationTokens(): Could not find tokenStrForm, or HCAT_KEY_TOKEN_SIGNATURE. Skipping token cancellation.
2024-05-01T05:39:11,550  INFO [Thread-364] mapreduce.FileOutputCommitterContainer: Cancelling delegation token for the job.
2024-05-01T05:39:11,595  WARN [Thread-364] conf.HiveConf: HiveConf of name hive.llap.io.cache.orc.size does not exist
2024-05-01T05:39:11,595  WARN [Thread-364] conf.HiveConf: HiveConf of name hive.dummyparam.test.server.specific.config.override does not exist
2024-05-01T05:39:11,595  WARN [Thread-364] conf.HiveConf: HiveConf of name hive.metastore.metadb.dir does not exist
2024-05-01T05:39:11,595  WARN [Thread-364] conf.HiveConf: HiveConf of name hive.llap.io.cache.orc.alloc.min does not exist
2024-05-01T05:39:11,595  WARN [Thread-364] conf.HiveConf: HiveConf of name hive.dummyparam.test.server.specific.config.hivesite does not exist
2024-05-01T05:39:11,595  WARN [Thread-364] conf.HiveConf: HiveConf of name hive.llap.io.cache.orc.alloc.max does not exist
2024-05-01T05:39:11,595  WARN [Thread-364] conf.HiveConf: HiveConf of name hive.metastore.client.cache.maxSize does not exist
2024-05-01T05:39:11,595  WARN [Thread-364] conf.HiveConf: HiveConf of name hive.dummyparam.test.server.specific.config.metastoresite does not exist
2024-05-01T05:39:11,595  WARN [Thread-364] conf.HiveConf: HiveConf of name hive.metastore.client.cache.recordStats does not exist
2024-05-01T05:39:11,595  WARN [Thread-364] conf.HiveConf: HiveConf of name hive.llap.io.cache.orc.arena.size does not exist
2024-05-01T05:39:11,596  WARN [Thread-364] conf.HiveConf: HiveConf of name hive.stats.key.prefix.reserve.length does not exist
2024-05-01T05:39:11,596  INFO [Thread-364] common.HCatUtil: mapreduce.lib.hcatoutput.hive.conf is set. Applying configuration differences.
2024-05-01T05:39:11,596  INFO [Thread-364] HiveMetaStore.audit: ugi=alex	ip=unknown-ip-addr	cmd=get_databases: @hive#NonExistentDatabaseUsedForHealthCheck	
2024-05-01T05:39:11,597  INFO [Thread-364] mapreduce.FileOutputCommitterContainer: FileOutputCommitterContainer::cancelDelegationTokens(): Could not find tokenStrForm, or HCAT_KEY_TOKEN_SIGNATURE. Skipping token cancellation.
2024-05-01T05:39:11,602  WARN [Thread-324] conf.HiveConf: HiveConf of name hive.llap.io.cache.orc.size does not exist
2024-05-01T05:39:11,602  WARN [Thread-324] conf.HiveConf: HiveConf of name hive.dummyparam.test.server.specific.config.override does not exist
2024-05-01T05:39:11,602  WARN [Thread-324] conf.HiveConf: HiveConf of name hive.metastore.metadb.dir does not exist
2024-05-01T05:39:11,602  WARN [Thread-324] conf.HiveConf: HiveConf of name hive.llap.io.cache.orc.alloc.min does not exist
2024-05-01T05:39:11,602  WARN [Thread-324] conf.HiveConf: HiveConf of name hive.dummyparam.test.server.specific.config.hivesite does not exist
2024-05-01T05:39:11,602  WARN [Thread-324] conf.HiveConf: HiveConf of name hive.llap.io.cache.orc.alloc.max does not exist
2024-05-01T05:39:11,602  WARN [Thread-324] conf.HiveConf: HiveConf of name hive.metastore.client.cache.maxSize does not exist
2024-05-01T05:39:11,602  WARN [Thread-324] conf.HiveConf: HiveConf of name hive.dummyparam.test.server.specific.config.metastoresite does not exist
2024-05-01T05:39:11,602  WARN [Thread-324] conf.HiveConf: HiveConf of name hive.metastore.client.cache.recordStats does not exist
2024-05-01T05:39:11,602  WARN [Thread-324] conf.HiveConf: HiveConf of name hive.llap.io.cache.orc.arena.size does not exist
2024-05-01T05:39:11,602  WARN [Thread-324] conf.HiveConf: HiveConf of name hive.stats.key.prefix.reserve.length does not exist
2024-05-01T05:39:11,602  INFO [Thread-324] common.HCatUtil: mapreduce.lib.hcatoutput.hive.conf is set. Applying configuration differences.
2024-05-01T05:39:11,603  INFO [Thread-324] HiveMetaStore.audit: ugi=alex	ip=unknown-ip-addr	cmd=get_databases: @hive#NonExistentDatabaseUsedForHealthCheck	
2024-05-01T05:39:11,605  INFO [Thread-324] HiveMetaStore.audit: ugi=alex	ip=unknown-ip-addr	cmd=alter_table: hive.junit_specific_db.junit_specific_size2 newtbl=junit_specific_size2	
2024-05-01T05:39:11,614  INFO [Thread-324] utils.MetaStoreServerUtils: Updating table stats for junit_specific_size2
2024-05-01T05:39:11,614  INFO [Thread-324] utils.MetaStoreServerUtils: Updated size of table junit_specific_size2 to 647
2024-05-01T05:39:11,618  INFO [Thread-324] mapreduce.FileOutputCommitterContainer: Cancelling delegation token for the job.
2024-05-01T05:39:11,657  WARN [Thread-324] conf.HiveConf: HiveConf of name hive.llap.io.cache.orc.size does not exist
2024-05-01T05:39:11,657  WARN [Thread-324] conf.HiveConf: HiveConf of name hive.dummyparam.test.server.specific.config.override does not exist
2024-05-01T05:39:11,657  WARN [Thread-324] conf.HiveConf: HiveConf of name hive.metastore.metadb.dir does not exist
2024-05-01T05:39:11,657  WARN [Thread-324] conf.HiveConf: HiveConf of name hive.llap.io.cache.orc.alloc.min does not exist
2024-05-01T05:39:11,657  WARN [Thread-324] conf.HiveConf: HiveConf of name hive.dummyparam.test.server.specific.config.hivesite does not exist
2024-05-01T05:39:11,657  WARN [Thread-324] conf.HiveConf: HiveConf of name hive.llap.io.cache.orc.alloc.max does not exist
2024-05-01T05:39:11,657  WARN [Thread-324] conf.HiveConf: HiveConf of name hive.metastore.client.cache.maxSize does not exist
2024-05-01T05:39:11,657  WARN [Thread-324] conf.HiveConf: HiveConf of name hive.dummyparam.test.server.specific.config.metastoresite does not exist
2024-05-01T05:39:11,657  WARN [Thread-324] conf.HiveConf: HiveConf of name hive.metastore.client.cache.recordStats does not exist
2024-05-01T05:39:11,657  WARN [Thread-324] conf.HiveConf: HiveConf of name hive.llap.io.cache.orc.arena.size does not exist
2024-05-01T05:39:11,657  WARN [Thread-324] conf.HiveConf: HiveConf of name hive.stats.key.prefix.reserve.length does not exist
2024-05-01T05:39:11,658  INFO [Thread-324] common.HCatUtil: mapreduce.lib.hcatoutput.hive.conf is set. Applying configuration differences.
2024-05-01T05:39:11,658  INFO [Thread-324] HiveMetaStore.audit: ugi=alex	ip=unknown-ip-addr	cmd=get_databases: @hive#NonExistentDatabaseUsedForHealthCheck	
2024-05-01T05:39:11,659  INFO [Thread-324] mapreduce.FileOutputCommitterContainer: FileOutputCommitterContainer::cancelDelegationTokens(): Could not find tokenStrForm, or HCAT_KEY_TOKEN_SIGNATURE. Skipping token cancellation.
2024-05-01T05:39:11,704  WARN [Thread-324] conf.HiveConf: HiveConf of name hive.llap.io.cache.orc.size does not exist
2024-05-01T05:39:11,704  WARN [Thread-324] conf.HiveConf: HiveConf of name hive.dummyparam.test.server.specific.config.override does not exist
2024-05-01T05:39:11,704  WARN [Thread-324] conf.HiveConf: HiveConf of name hive.metastore.metadb.dir does not exist
2024-05-01T05:39:11,704  WARN [Thread-324] conf.HiveConf: HiveConf of name hive.llap.io.cache.orc.alloc.min does not exist
2024-05-01T05:39:11,704  WARN [Thread-324] conf.HiveConf: HiveConf of name hive.dummyparam.test.server.specific.config.hivesite does not exist
2024-05-01T05:39:11,704  WARN [Thread-324] conf.HiveConf: HiveConf of name hive.llap.io.cache.orc.alloc.max does not exist
2024-05-01T05:39:11,704  WARN [Thread-324] conf.HiveConf: HiveConf of name hive.metastore.client.cache.maxSize does not exist
2024-05-01T05:39:11,704  WARN [Thread-324] conf.HiveConf: HiveConf of name hive.dummyparam.test.server.specific.config.metastoresite does not exist
2024-05-01T05:39:11,704  WARN [Thread-324] conf.HiveConf: HiveConf of name hive.metastore.client.cache.recordStats does not exist
2024-05-01T05:39:11,704  WARN [Thread-324] conf.HiveConf: HiveConf of name hive.llap.io.cache.orc.arena.size does not exist
2024-05-01T05:39:11,704  WARN [Thread-324] conf.HiveConf: HiveConf of name hive.stats.key.prefix.reserve.length does not exist
2024-05-01T05:39:11,705  INFO [Thread-324] common.HCatUtil: mapreduce.lib.hcatoutput.hive.conf is set. Applying configuration differences.
2024-05-01T05:39:11,705  INFO [Thread-324] HiveMetaStore.audit: ugi=alex	ip=unknown-ip-addr	cmd=get_databases: @hive#NonExistentDatabaseUsedForHealthCheck	
2024-05-01T05:39:11,747  WARN [Thread-324] conf.HiveConf: HiveConf of name hive.llap.io.cache.orc.size does not exist
2024-05-01T05:39:11,747  WARN [Thread-324] conf.HiveConf: HiveConf of name hive.dummyparam.test.server.specific.config.override does not exist
2024-05-01T05:39:11,747  WARN [Thread-324] conf.HiveConf: HiveConf of name hive.metastore.metadb.dir does not exist
2024-05-01T05:39:11,747  WARN [Thread-324] conf.HiveConf: HiveConf of name hive.llap.io.cache.orc.alloc.min does not exist
2024-05-01T05:39:11,748  WARN [Thread-324] conf.HiveConf: HiveConf of name hive.dummyparam.test.server.specific.config.hivesite does not exist
2024-05-01T05:39:11,748  WARN [Thread-324] conf.HiveConf: HiveConf of name hive.llap.io.cache.orc.alloc.max does not exist
2024-05-01T05:39:11,748  WARN [Thread-324] conf.HiveConf: HiveConf of name hive.metastore.client.cache.maxSize does not exist
2024-05-01T05:39:11,748  WARN [Thread-324] conf.HiveConf: HiveConf of name hive.dummyparam.test.server.specific.config.metastoresite does not exist
2024-05-01T05:39:11,748  WARN [Thread-324] conf.HiveConf: HiveConf of name hive.metastore.client.cache.recordStats does not exist
2024-05-01T05:39:11,748  WARN [Thread-324] conf.HiveConf: HiveConf of name hive.llap.io.cache.orc.arena.size does not exist
2024-05-01T05:39:11,748  WARN [Thread-324] conf.HiveConf: HiveConf of name hive.stats.key.prefix.reserve.length does not exist
2024-05-01T05:39:11,748  INFO [Thread-324] mapreduce.FileOutputCommitterContainer: HAR not is not being used. The table junit_parted_basic has new partitions [{bkt=0}].
2024-05-01T05:39:11,749  INFO [Thread-324] HiveMetaStore.audit: ugi=alex	ip=unknown-ip-addr	cmd=get_partition : tbl=hive.default.junit_parted_basic[0]	
2024-05-01T05:39:11,752  INFO [Thread-324] HiveMetaStore.audit: ugi=alex	ip=unknown-ip-addr	cmd=add_partition	
2024-05-01T05:39:11,752  INFO [Thread-324] HiveMetaStore.audit: ugi=alex	ip=unknown-ip-addr	cmd=add_partitions	
2024-05-01T05:39:11,758  INFO [HMSHandler #6] utils.MetaStoreServerUtils: Updating partition stats fast for: junit_parted_basic
2024-05-01T05:39:11,758  INFO [HMSHandler #6] utils.MetaStoreServerUtils: Updated size to 597
2024-05-01T05:39:11,779  INFO [main] mapReduceLayer.MapReduceLauncher: 83% complete
2024-05-01T05:39:11,779  INFO [main] mapReduceLayer.MapReduceLauncher: Running jobs are [job_local46602031_0004]
2024-05-01T05:39:11,781  WARN [main] impl.MetricsSystemImpl: JobTracker metrics system already initialized!
2024-05-01T05:39:11,782  WARN [main] impl.MetricsSystemImpl: JobTracker metrics system already initialized!
2024-05-01T05:39:11,782  WARN [main] impl.MetricsSystemImpl: JobTracker metrics system already initialized!
2024-05-01T05:39:11,787  INFO [Thread-324] mapreduce.FileOutputCommitterContainer: Cancelling delegation token for the job.
2024-05-01T05:39:11,799  WARN [main] impl.MetricsSystemImpl: JobTracker metrics system already initialized!
2024-05-01T05:39:11,800  WARN [main] impl.MetricsSystemImpl: JobTracker metrics system already initialized!
2024-05-01T05:39:11,801  WARN [main] impl.MetricsSystemImpl: JobTracker metrics system already initialized!
2024-05-01T05:39:11,827  WARN [Thread-324] conf.HiveConf: HiveConf of name hive.llap.io.cache.orc.size does not exist
2024-05-01T05:39:11,827  WARN [Thread-324] conf.HiveConf: HiveConf of name hive.dummyparam.test.server.specific.config.override does not exist
2024-05-01T05:39:11,827  WARN [Thread-324] conf.HiveConf: HiveConf of name hive.metastore.metadb.dir does not exist
2024-05-01T05:39:11,828  WARN [Thread-324] conf.HiveConf: HiveConf of name hive.llap.io.cache.orc.alloc.min does not exist
2024-05-01T05:39:11,828  WARN [Thread-324] conf.HiveConf: HiveConf of name hive.dummyparam.test.server.specific.config.hivesite does not exist
2024-05-01T05:39:11,828  WARN [Thread-324] conf.HiveConf: HiveConf of name hive.llap.io.cache.orc.alloc.max does not exist
2024-05-01T05:39:11,828  WARN [Thread-324] conf.HiveConf: HiveConf of name hive.metastore.client.cache.maxSize does not exist
2024-05-01T05:39:11,828  WARN [Thread-324] conf.HiveConf: HiveConf of name hive.dummyparam.test.server.specific.config.metastoresite does not exist
2024-05-01T05:39:11,828  WARN [Thread-324] conf.HiveConf: HiveConf of name hive.metastore.client.cache.recordStats does not exist
2024-05-01T05:39:11,828  WARN [Thread-324] conf.HiveConf: HiveConf of name hive.llap.io.cache.orc.arena.size does not exist
2024-05-01T05:39:11,828  WARN [Thread-324] conf.HiveConf: HiveConf of name hive.stats.key.prefix.reserve.length does not exist
2024-05-01T05:39:11,828  INFO [Thread-324] common.HCatUtil: mapreduce.lib.hcatoutput.hive.conf is set. Applying configuration differences.
2024-05-01T05:39:11,828  INFO [Thread-324] HiveMetaStore.audit: ugi=alex	ip=unknown-ip-addr	cmd=get_databases: @hive#NonExistentDatabaseUsedForHealthCheck	
2024-05-01T05:39:11,829  INFO [Thread-324] mapreduce.FileOutputCommitterContainer: FileOutputCommitterContainer::cancelDelegationTokens(): Could not find tokenStrForm, or HCAT_KEY_TOKEN_SIGNATURE. Skipping token cancellation.
2024-05-01T05:39:11,875  WARN [Thread-324] conf.HiveConf: HiveConf of name hive.llap.io.cache.orc.size does not exist
2024-05-01T05:39:11,875  WARN [Thread-324] conf.HiveConf: HiveConf of name hive.dummyparam.test.server.specific.config.override does not exist
2024-05-01T05:39:11,875  WARN [Thread-324] conf.HiveConf: HiveConf of name hive.metastore.metadb.dir does not exist
2024-05-01T05:39:11,875  WARN [Thread-324] conf.HiveConf: HiveConf of name hive.llap.io.cache.orc.alloc.min does not exist
2024-05-01T05:39:11,875  WARN [Thread-324] conf.HiveConf: HiveConf of name hive.dummyparam.test.server.specific.config.hivesite does not exist
2024-05-01T05:39:11,875  WARN [Thread-324] conf.HiveConf: HiveConf of name hive.llap.io.cache.orc.alloc.max does not exist
2024-05-01T05:39:11,875  WARN [Thread-324] conf.HiveConf: HiveConf of name hive.metastore.client.cache.maxSize does not exist
2024-05-01T05:39:11,875  WARN [Thread-324] conf.HiveConf: HiveConf of name hive.dummyparam.test.server.specific.config.metastoresite does not exist
2024-05-01T05:39:11,875  WARN [Thread-324] conf.HiveConf: HiveConf of name hive.metastore.client.cache.recordStats does not exist
2024-05-01T05:39:11,875  WARN [Thread-324] conf.HiveConf: HiveConf of name hive.llap.io.cache.orc.arena.size does not exist
2024-05-01T05:39:11,875  WARN [Thread-324] conf.HiveConf: HiveConf of name hive.stats.key.prefix.reserve.length does not exist
2024-05-01T05:39:11,875  INFO [Thread-324] common.HCatUtil: mapreduce.lib.hcatoutput.hive.conf is set. Applying configuration differences.
2024-05-01T05:39:11,876  INFO [Thread-324] HiveMetaStore.audit: ugi=alex	ip=unknown-ip-addr	cmd=get_databases: @hive#NonExistentDatabaseUsedForHealthCheck	
2024-05-01T05:39:11,880  INFO [Thread-324] mapreduce.FileOutputCommitterContainer: HAR not is not being used. The table junit_parted_basic has new partitions [{bkt=1}].
2024-05-01T05:39:11,881  INFO [Thread-324] HiveMetaStore.audit: ugi=alex	ip=unknown-ip-addr	cmd=get_partition : tbl=hive.default.junit_parted_basic[1]	
2024-05-01T05:39:11,883  INFO [Thread-324] HiveMetaStore.audit: ugi=alex	ip=unknown-ip-addr	cmd=add_partition	
2024-05-01T05:39:11,883  INFO [Thread-324] HiveMetaStore.audit: ugi=alex	ip=unknown-ip-addr	cmd=add_partitions	
2024-05-01T05:39:11,888  INFO [HMSHandler #7] utils.MetaStoreServerUtils: Updating partition stats fast for: junit_parted_basic
2024-05-01T05:39:11,888  INFO [HMSHandler #7] utils.MetaStoreServerUtils: Updated size to 635
2024-05-01T05:39:11,919  INFO [Thread-324] mapreduce.FileOutputCommitterContainer: Cancelling delegation token for the job.
2024-05-01T05:39:11,965  WARN [Thread-324] conf.HiveConf: HiveConf of name hive.llap.io.cache.orc.size does not exist
2024-05-01T05:39:11,965  WARN [Thread-324] conf.HiveConf: HiveConf of name hive.dummyparam.test.server.specific.config.override does not exist
2024-05-01T05:39:11,965  WARN [Thread-324] conf.HiveConf: HiveConf of name hive.metastore.metadb.dir does not exist
2024-05-01T05:39:11,965  WARN [Thread-324] conf.HiveConf: HiveConf of name hive.llap.io.cache.orc.alloc.min does not exist
2024-05-01T05:39:11,965  WARN [Thread-324] conf.HiveConf: HiveConf of name hive.dummyparam.test.server.specific.config.hivesite does not exist
2024-05-01T05:39:11,965  WARN [Thread-324] conf.HiveConf: HiveConf of name hive.llap.io.cache.orc.alloc.max does not exist
2024-05-01T05:39:11,966  WARN [Thread-324] conf.HiveConf: HiveConf of name hive.metastore.client.cache.maxSize does not exist
2024-05-01T05:39:11,966  WARN [Thread-324] conf.HiveConf: HiveConf of name hive.dummyparam.test.server.specific.config.metastoresite does not exist
2024-05-01T05:39:11,966  WARN [Thread-324] conf.HiveConf: HiveConf of name hive.metastore.client.cache.recordStats does not exist
2024-05-01T05:39:11,966  WARN [Thread-324] conf.HiveConf: HiveConf of name hive.llap.io.cache.orc.arena.size does not exist
2024-05-01T05:39:11,966  WARN [Thread-324] conf.HiveConf: HiveConf of name hive.stats.key.prefix.reserve.length does not exist
2024-05-01T05:39:11,966  INFO [Thread-324] common.HCatUtil: mapreduce.lib.hcatoutput.hive.conf is set. Applying configuration differences.
2024-05-01T05:39:11,966  INFO [Thread-324] HiveMetaStore.audit: ugi=alex	ip=unknown-ip-addr	cmd=get_databases: @hive#NonExistentDatabaseUsedForHealthCheck	
2024-05-01T05:39:11,967  INFO [Thread-324] mapreduce.FileOutputCommitterContainer: FileOutputCommitterContainer::cancelDelegationTokens(): Could not find tokenStrForm, or HCAT_KEY_TOKEN_SIGNATURE. Skipping token cancellation.
2024-05-01T05:39:12,080  WARN [main] impl.MetricsSystemImpl: JobTracker metrics system already initialized!
2024-05-01T05:39:12,081  WARN [main] impl.MetricsSystemImpl: JobTracker metrics system already initialized!
2024-05-01T05:39:12,082  WARN [main] impl.MetricsSystemImpl: JobTracker metrics system already initialized!
2024-05-01T05:39:12,084  INFO [main] pigstats.JobStats: using output size reader: org.apache.pig.backend.hadoop.executionengine.mapReduceLayer.FileBasedOutputSizeReader
2024-05-01T05:39:12,084  WARN [main] pigstats.JobStats: unable to find the output file
java.io.FileNotFoundException: File junit_unparted_basic does not exist
	at org.apache.hadoop.fs.RawLocalFileSystem.listStatus(RawLocalFileSystem.java:464) ~[hadoop-common-3.1.0.jar:?]
	at org.apache.hadoop.fs.FileSystem.listStatus(FileSystem.java:1919) ~[hadoop-common-3.1.0.jar:?]
	at org.apache.hadoop.fs.FileSystem.listStatus(FileSystem.java:1961) ~[hadoop-common-3.1.0.jar:?]
	at org.apache.hadoop.fs.ChecksumFileSystem.listStatus(ChecksumFileSystem.java:678) ~[hadoop-common-3.1.0.jar:?]
	at org.apache.pig.backend.hadoop.executionengine.mapReduceLayer.FileBasedOutputSizeReader.getOutputSize(FileBasedOutputSizeReader.java:81) ~[pig-0.16.0-h2.jar:?]
	at org.apache.pig.tools.pigstats.JobStats.getOutputSize(JobStats.java:351) [pig-0.16.0-h2.jar:?]
	at org.apache.pig.tools.pigstats.mapreduce.MRJobStats.addOneOutputStats(MRJobStats.java:461) [pig-0.16.0-h2.jar:?]
	at org.apache.pig.tools.pigstats.mapreduce.MRJobStats.addOutputStatistics(MRJobStats.java:443) [pig-0.16.0-h2.jar:?]
	at org.apache.pig.tools.pigstats.mapreduce.MRPigStatsUtil.addSuccessJobStats(MRPigStatsUtil.java:237) [pig-0.16.0-h2.jar:?]
	at org.apache.pig.tools.pigstats.mapreduce.MRPigStatsUtil.accumulateStats(MRPigStatsUtil.java:165) [pig-0.16.0-h2.jar:?]
	at org.apache.pig.backend.hadoop.executionengine.mapReduceLayer.MapReduceLauncher.launchPig(MapReduceLauncher.java:360) [pig-0.16.0-h2.jar:?]
	at org.apache.pig.backend.hadoop.executionengine.HExecutionEngine.launchPig(HExecutionEngine.java:308) [pig-0.16.0-h2.jar:?]
	at org.apache.pig.PigServer.launchPlan(PigServer.java:1474) [pig-0.16.0-h2.jar:?]
	at org.apache.pig.PigServer.executeCompiledLogicalPlan(PigServer.java:1459) [pig-0.16.0-h2.jar:?]
	at org.apache.pig.PigServer.execute(PigServer.java:1448) [pig-0.16.0-h2.jar:?]
	at org.apache.pig.PigServer.executeBatch(PigServer.java:488) [pig-0.16.0-h2.jar:?]
	at org.apache.pig.PigServer.executeBatch(PigServer.java:471) [pig-0.16.0-h2.jar:?]
	at org.apache.hive.hcatalog.pig.AbstractHCatLoaderTest.setUpTest(AbstractHCatLoaderTest.java:226) [test-classes/:?]
	at sun.reflect.NativeMethodAccessorImpl.invoke0(Native Method) ~[?:1.8.0_402]
	at sun.reflect.NativeMethodAccessorImpl.invoke(NativeMethodAccessorImpl.java:62) ~[?:1.8.0_402]
	at sun.reflect.DelegatingMethodAccessorImpl.invoke(DelegatingMethodAccessorImpl.java:43) ~[?:1.8.0_402]
	at java.lang.reflect.Method.invoke(Method.java:498) ~[?:1.8.0_402]
	at org.junit.runners.model.FrameworkMethod$1.runReflectiveCall(FrameworkMethod.java:59) [junit-4.13.jar:4.13]
	at org.junit.internal.runners.model.ReflectiveCallable.run(ReflectiveCallable.java:12) [junit-4.13.jar:4.13]
	at org.junit.runners.model.FrameworkMethod.invokeExplosively(FrameworkMethod.java:56) [junit-4.13.jar:4.13]
	at org.junit.internal.runners.statements.RunBefores.invokeMethod(RunBefores.java:33) [junit-4.13.jar:4.13]
	at org.junit.internal.runners.statements.RunBefores.evaluate(RunBefores.java:24) [junit-4.13.jar:4.13]
	at org.junit.internal.runners.statements.RunAfters.evaluate(RunAfters.java:27) [junit-4.13.jar:4.13]
	at org.junit.runners.ParentRunner$3.evaluate(ParentRunner.java:306) [junit-4.13.jar:4.13]
	at org.junit.runners.BlockJUnit4ClassRunner$1.evaluate(BlockJUnit4ClassRunner.java:100) [junit-4.13.jar:4.13]
	at org.junit.runners.ParentRunner.runLeaf(ParentRunner.java:366) [junit-4.13.jar:4.13]
	at org.junit.runners.BlockJUnit4ClassRunner.runChild(BlockJUnit4ClassRunner.java:103) [junit-4.13.jar:4.13]
	at org.junit.runners.BlockJUnit4ClassRunner.runChild(BlockJUnit4ClassRunner.java:63) [junit-4.13.jar:4.13]
	at org.junit.runners.ParentRunner$4.run(ParentRunner.java:331) [junit-4.13.jar:4.13]
	at org.junit.runners.ParentRunner$1.schedule(ParentRunner.java:79) [junit-4.13.jar:4.13]
	at org.junit.runners.ParentRunner.runChildren(ParentRunner.java:329) [junit-4.13.jar:4.13]
	at org.junit.runners.ParentRunner.access$100(ParentRunner.java:66) [junit-4.13.jar:4.13]
	at org.junit.runners.ParentRunner$2.evaluate(ParentRunner.java:293) [junit-4.13.jar:4.13]
	at org.junit.internal.runners.statements.RunBefores.evaluate(RunBefores.java:26) [junit-4.13.jar:4.13]
	at org.junit.runners.ParentRunner$3.evaluate(ParentRunner.java:306) [junit-4.13.jar:4.13]
	at org.junit.runners.ParentRunner.run(ParentRunner.java:413) [junit-4.13.jar:4.13]
	at org.apache.maven.surefire.junit4.JUnit4Provider.execute(JUnit4Provider.java:365) [surefire-junit4-3.0.0-M4.jar:3.0.0-M4]
	at org.apache.maven.surefire.junit4.JUnit4Provider.executeWithRerun(JUnit4Provider.java:273) [surefire-junit4-3.0.0-M4.jar:3.0.0-M4]
	at org.apache.maven.surefire.junit4.JUnit4Provider.executeTestSet(JUnit4Provider.java:238) [surefire-junit4-3.0.0-M4.jar:3.0.0-M4]
	at org.apache.maven.surefire.junit4.JUnit4Provider.invoke(JUnit4Provider.java:159) [surefire-junit4-3.0.0-M4.jar:3.0.0-M4]
	at org.apache.maven.surefire.booter.ForkedBooter.runSuitesInProcess(ForkedBooter.java:377) [surefire-booter-3.0.0-M4.jar:3.0.0-M4]
	at org.apache.maven.surefire.booter.ForkedBooter.execute(ForkedBooter.java:138) [surefire-booter-3.0.0-M4.jar:3.0.0-M4]
	at org.apache.maven.surefire.booter.ForkedBooter.run(ForkedBooter.java:465) [surefire-booter-3.0.0-M4.jar:3.0.0-M4]
	at org.apache.maven.surefire.booter.ForkedBooter.main(ForkedBooter.java:451) [surefire-booter-3.0.0-M4.jar:3.0.0-M4]
2024-05-01T05:39:12,084  INFO [main] pigstats.JobStats: using output size reader: org.apache.pig.backend.hadoop.executionengine.mapReduceLayer.FileBasedOutputSizeReader
2024-05-01T05:39:12,084  WARN [main] pigstats.JobStats: unable to find the output file
java.io.FileNotFoundException: File junit_specific_size does not exist
	at org.apache.hadoop.fs.RawLocalFileSystem.listStatus(RawLocalFileSystem.java:464) ~[hadoop-common-3.1.0.jar:?]
	at org.apache.hadoop.fs.FileSystem.listStatus(FileSystem.java:1919) ~[hadoop-common-3.1.0.jar:?]
	at org.apache.hadoop.fs.FileSystem.listStatus(FileSystem.java:1961) ~[hadoop-common-3.1.0.jar:?]
	at org.apache.hadoop.fs.ChecksumFileSystem.listStatus(ChecksumFileSystem.java:678) ~[hadoop-common-3.1.0.jar:?]
	at org.apache.pig.backend.hadoop.executionengine.mapReduceLayer.FileBasedOutputSizeReader.getOutputSize(FileBasedOutputSizeReader.java:81) ~[pig-0.16.0-h2.jar:?]
	at org.apache.pig.tools.pigstats.JobStats.getOutputSize(JobStats.java:351) [pig-0.16.0-h2.jar:?]
	at org.apache.pig.tools.pigstats.mapreduce.MRJobStats.addOneOutputStats(MRJobStats.java:461) [pig-0.16.0-h2.jar:?]
	at org.apache.pig.tools.pigstats.mapreduce.MRJobStats.addOutputStatistics(MRJobStats.java:443) [pig-0.16.0-h2.jar:?]
	at org.apache.pig.tools.pigstats.mapreduce.MRPigStatsUtil.addSuccessJobStats(MRPigStatsUtil.java:237) [pig-0.16.0-h2.jar:?]
	at org.apache.pig.tools.pigstats.mapreduce.MRPigStatsUtil.accumulateStats(MRPigStatsUtil.java:165) [pig-0.16.0-h2.jar:?]
	at org.apache.pig.backend.hadoop.executionengine.mapReduceLayer.MapReduceLauncher.launchPig(MapReduceLauncher.java:360) [pig-0.16.0-h2.jar:?]
	at org.apache.pig.backend.hadoop.executionengine.HExecutionEngine.launchPig(HExecutionEngine.java:308) [pig-0.16.0-h2.jar:?]
	at org.apache.pig.PigServer.launchPlan(PigServer.java:1474) [pig-0.16.0-h2.jar:?]
	at org.apache.pig.PigServer.executeCompiledLogicalPlan(PigServer.java:1459) [pig-0.16.0-h2.jar:?]
	at org.apache.pig.PigServer.execute(PigServer.java:1448) [pig-0.16.0-h2.jar:?]
	at org.apache.pig.PigServer.executeBatch(PigServer.java:488) [pig-0.16.0-h2.jar:?]
	at org.apache.pig.PigServer.executeBatch(PigServer.java:471) [pig-0.16.0-h2.jar:?]
	at org.apache.hive.hcatalog.pig.AbstractHCatLoaderTest.setUpTest(AbstractHCatLoaderTest.java:226) [test-classes/:?]
	at sun.reflect.NativeMethodAccessorImpl.invoke0(Native Method) ~[?:1.8.0_402]
	at sun.reflect.NativeMethodAccessorImpl.invoke(NativeMethodAccessorImpl.java:62) ~[?:1.8.0_402]
	at sun.reflect.DelegatingMethodAccessorImpl.invoke(DelegatingMethodAccessorImpl.java:43) ~[?:1.8.0_402]
	at java.lang.reflect.Method.invoke(Method.java:498) ~[?:1.8.0_402]
	at org.junit.runners.model.FrameworkMethod$1.runReflectiveCall(FrameworkMethod.java:59) [junit-4.13.jar:4.13]
	at org.junit.internal.runners.model.ReflectiveCallable.run(ReflectiveCallable.java:12) [junit-4.13.jar:4.13]
	at org.junit.runners.model.FrameworkMethod.invokeExplosively(FrameworkMethod.java:56) [junit-4.13.jar:4.13]
	at org.junit.internal.runners.statements.RunBefores.invokeMethod(RunBefores.java:33) [junit-4.13.jar:4.13]
	at org.junit.internal.runners.statements.RunBefores.evaluate(RunBefores.java:24) [junit-4.13.jar:4.13]
	at org.junit.internal.runners.statements.RunAfters.evaluate(RunAfters.java:27) [junit-4.13.jar:4.13]
	at org.junit.runners.ParentRunner$3.evaluate(ParentRunner.java:306) [junit-4.13.jar:4.13]
	at org.junit.runners.BlockJUnit4ClassRunner$1.evaluate(BlockJUnit4ClassRunner.java:100) [junit-4.13.jar:4.13]
	at org.junit.runners.ParentRunner.runLeaf(ParentRunner.java:366) [junit-4.13.jar:4.13]
	at org.junit.runners.BlockJUnit4ClassRunner.runChild(BlockJUnit4ClassRunner.java:103) [junit-4.13.jar:4.13]
	at org.junit.runners.BlockJUnit4ClassRunner.runChild(BlockJUnit4ClassRunner.java:63) [junit-4.13.jar:4.13]
	at org.junit.runners.ParentRunner$4.run(ParentRunner.java:331) [junit-4.13.jar:4.13]
	at org.junit.runners.ParentRunner$1.schedule(ParentRunner.java:79) [junit-4.13.jar:4.13]
	at org.junit.runners.ParentRunner.runChildren(ParentRunner.java:329) [junit-4.13.jar:4.13]
	at org.junit.runners.ParentRunner.access$100(ParentRunner.java:66) [junit-4.13.jar:4.13]
	at org.junit.runners.ParentRunner$2.evaluate(ParentRunner.java:293) [junit-4.13.jar:4.13]
	at org.junit.internal.runners.statements.RunBefores.evaluate(RunBefores.java:26) [junit-4.13.jar:4.13]
	at org.junit.runners.ParentRunner$3.evaluate(ParentRunner.java:306) [junit-4.13.jar:4.13]
	at org.junit.runners.ParentRunner.run(ParentRunner.java:413) [junit-4.13.jar:4.13]
	at org.apache.maven.surefire.junit4.JUnit4Provider.execute(JUnit4Provider.java:365) [surefire-junit4-3.0.0-M4.jar:3.0.0-M4]
	at org.apache.maven.surefire.junit4.JUnit4Provider.executeWithRerun(JUnit4Provider.java:273) [surefire-junit4-3.0.0-M4.jar:3.0.0-M4]
	at org.apache.maven.surefire.junit4.JUnit4Provider.executeTestSet(JUnit4Provider.java:238) [surefire-junit4-3.0.0-M4.jar:3.0.0-M4]
	at org.apache.maven.surefire.junit4.JUnit4Provider.invoke(JUnit4Provider.java:159) [surefire-junit4-3.0.0-M4.jar:3.0.0-M4]
	at org.apache.maven.surefire.booter.ForkedBooter.runSuitesInProcess(ForkedBooter.java:377) [surefire-booter-3.0.0-M4.jar:3.0.0-M4]
	at org.apache.maven.surefire.booter.ForkedBooter.execute(ForkedBooter.java:138) [surefire-booter-3.0.0-M4.jar:3.0.0-M4]
	at org.apache.maven.surefire.booter.ForkedBooter.run(ForkedBooter.java:465) [surefire-booter-3.0.0-M4.jar:3.0.0-M4]
	at org.apache.maven.surefire.booter.ForkedBooter.main(ForkedBooter.java:451) [surefire-booter-3.0.0-M4.jar:3.0.0-M4]
2024-05-01T05:39:12,085  INFO [main] pigstats.JobStats: using output size reader: org.apache.pig.backend.hadoop.executionengine.mapReduceLayer.FileBasedOutputSizeReader
2024-05-01T05:39:12,085  WARN [main] pigstats.JobStats: unable to find the output file
java.io.FileNotFoundException: File junit_specific_db.junit_specific_size2 does not exist
	at org.apache.hadoop.fs.RawLocalFileSystem.listStatus(RawLocalFileSystem.java:464) ~[hadoop-common-3.1.0.jar:?]
	at org.apache.hadoop.fs.FileSystem.listStatus(FileSystem.java:1919) ~[hadoop-common-3.1.0.jar:?]
	at org.apache.hadoop.fs.FileSystem.listStatus(FileSystem.java:1961) ~[hadoop-common-3.1.0.jar:?]
	at org.apache.hadoop.fs.ChecksumFileSystem.listStatus(ChecksumFileSystem.java:678) ~[hadoop-common-3.1.0.jar:?]
	at org.apache.pig.backend.hadoop.executionengine.mapReduceLayer.FileBasedOutputSizeReader.getOutputSize(FileBasedOutputSizeReader.java:81) ~[pig-0.16.0-h2.jar:?]
	at org.apache.pig.tools.pigstats.JobStats.getOutputSize(JobStats.java:351) [pig-0.16.0-h2.jar:?]
	at org.apache.pig.tools.pigstats.mapreduce.MRJobStats.addOneOutputStats(MRJobStats.java:461) [pig-0.16.0-h2.jar:?]
	at org.apache.pig.tools.pigstats.mapreduce.MRJobStats.addOutputStatistics(MRJobStats.java:443) [pig-0.16.0-h2.jar:?]
	at org.apache.pig.tools.pigstats.mapreduce.MRPigStatsUtil.addSuccessJobStats(MRPigStatsUtil.java:237) [pig-0.16.0-h2.jar:?]
	at org.apache.pig.tools.pigstats.mapreduce.MRPigStatsUtil.accumulateStats(MRPigStatsUtil.java:165) [pig-0.16.0-h2.jar:?]
	at org.apache.pig.backend.hadoop.executionengine.mapReduceLayer.MapReduceLauncher.launchPig(MapReduceLauncher.java:360) [pig-0.16.0-h2.jar:?]
	at org.apache.pig.backend.hadoop.executionengine.HExecutionEngine.launchPig(HExecutionEngine.java:308) [pig-0.16.0-h2.jar:?]
	at org.apache.pig.PigServer.launchPlan(PigServer.java:1474) [pig-0.16.0-h2.jar:?]
	at org.apache.pig.PigServer.executeCompiledLogicalPlan(PigServer.java:1459) [pig-0.16.0-h2.jar:?]
	at org.apache.pig.PigServer.execute(PigServer.java:1448) [pig-0.16.0-h2.jar:?]
	at org.apache.pig.PigServer.executeBatch(PigServer.java:488) [pig-0.16.0-h2.jar:?]
	at org.apache.pig.PigServer.executeBatch(PigServer.java:471) [pig-0.16.0-h2.jar:?]
	at org.apache.hive.hcatalog.pig.AbstractHCatLoaderTest.setUpTest(AbstractHCatLoaderTest.java:226) [test-classes/:?]
	at sun.reflect.NativeMethodAccessorImpl.invoke0(Native Method) ~[?:1.8.0_402]
	at sun.reflect.NativeMethodAccessorImpl.invoke(NativeMethodAccessorImpl.java:62) ~[?:1.8.0_402]
	at sun.reflect.DelegatingMethodAccessorImpl.invoke(DelegatingMethodAccessorImpl.java:43) ~[?:1.8.0_402]
	at java.lang.reflect.Method.invoke(Method.java:498) ~[?:1.8.0_402]
	at org.junit.runners.model.FrameworkMethod$1.runReflectiveCall(FrameworkMethod.java:59) [junit-4.13.jar:4.13]
	at org.junit.internal.runners.model.ReflectiveCallable.run(ReflectiveCallable.java:12) [junit-4.13.jar:4.13]
	at org.junit.runners.model.FrameworkMethod.invokeExplosively(FrameworkMethod.java:56) [junit-4.13.jar:4.13]
	at org.junit.internal.runners.statements.RunBefores.invokeMethod(RunBefores.java:33) [junit-4.13.jar:4.13]
	at org.junit.internal.runners.statements.RunBefores.evaluate(RunBefores.java:24) [junit-4.13.jar:4.13]
	at org.junit.internal.runners.statements.RunAfters.evaluate(RunAfters.java:27) [junit-4.13.jar:4.13]
	at org.junit.runners.ParentRunner$3.evaluate(ParentRunner.java:306) [junit-4.13.jar:4.13]
	at org.junit.runners.BlockJUnit4ClassRunner$1.evaluate(BlockJUnit4ClassRunner.java:100) [junit-4.13.jar:4.13]
	at org.junit.runners.ParentRunner.runLeaf(ParentRunner.java:366) [junit-4.13.jar:4.13]
	at org.junit.runners.BlockJUnit4ClassRunner.runChild(BlockJUnit4ClassRunner.java:103) [junit-4.13.jar:4.13]
	at org.junit.runners.BlockJUnit4ClassRunner.runChild(BlockJUnit4ClassRunner.java:63) [junit-4.13.jar:4.13]
	at org.junit.runners.ParentRunner$4.run(ParentRunner.java:331) [junit-4.13.jar:4.13]
	at org.junit.runners.ParentRunner$1.schedule(ParentRunner.java:79) [junit-4.13.jar:4.13]
	at org.junit.runners.ParentRunner.runChildren(ParentRunner.java:329) [junit-4.13.jar:4.13]
	at org.junit.runners.ParentRunner.access$100(ParentRunner.java:66) [junit-4.13.jar:4.13]
	at org.junit.runners.ParentRunner$2.evaluate(ParentRunner.java:293) [junit-4.13.jar:4.13]
	at org.junit.internal.runners.statements.RunBefores.evaluate(RunBefores.java:26) [junit-4.13.jar:4.13]
	at org.junit.runners.ParentRunner$3.evaluate(ParentRunner.java:306) [junit-4.13.jar:4.13]
	at org.junit.runners.ParentRunner.run(ParentRunner.java:413) [junit-4.13.jar:4.13]
	at org.apache.maven.surefire.junit4.JUnit4Provider.execute(JUnit4Provider.java:365) [surefire-junit4-3.0.0-M4.jar:3.0.0-M4]
	at org.apache.maven.surefire.junit4.JUnit4Provider.executeWithRerun(JUnit4Provider.java:273) [surefire-junit4-3.0.0-M4.jar:3.0.0-M4]
	at org.apache.maven.surefire.junit4.JUnit4Provider.executeTestSet(JUnit4Provider.java:238) [surefire-junit4-3.0.0-M4.jar:3.0.0-M4]
	at org.apache.maven.surefire.junit4.JUnit4Provider.invoke(JUnit4Provider.java:159) [surefire-junit4-3.0.0-M4.jar:3.0.0-M4]
	at org.apache.maven.surefire.booter.ForkedBooter.runSuitesInProcess(ForkedBooter.java:377) [surefire-booter-3.0.0-M4.jar:3.0.0-M4]
	at org.apache.maven.surefire.booter.ForkedBooter.execute(ForkedBooter.java:138) [surefire-booter-3.0.0-M4.jar:3.0.0-M4]
	at org.apache.maven.surefire.booter.ForkedBooter.run(ForkedBooter.java:465) [surefire-booter-3.0.0-M4.jar:3.0.0-M4]
	at org.apache.maven.surefire.booter.ForkedBooter.main(ForkedBooter.java:451) [surefire-booter-3.0.0-M4.jar:3.0.0-M4]
2024-05-01T05:39:12,085  INFO [main] pigstats.JobStats: using output size reader: org.apache.pig.backend.hadoop.executionengine.mapReduceLayer.FileBasedOutputSizeReader
2024-05-01T05:39:12,085  WARN [main] pigstats.JobStats: unable to find the output file
java.io.FileNotFoundException: File junit_parted_basic does not exist
	at org.apache.hadoop.fs.RawLocalFileSystem.listStatus(RawLocalFileSystem.java:464) ~[hadoop-common-3.1.0.jar:?]
	at org.apache.hadoop.fs.FileSystem.listStatus(FileSystem.java:1919) ~[hadoop-common-3.1.0.jar:?]
	at org.apache.hadoop.fs.FileSystem.listStatus(FileSystem.java:1961) ~[hadoop-common-3.1.0.jar:?]
	at org.apache.hadoop.fs.ChecksumFileSystem.listStatus(ChecksumFileSystem.java:678) ~[hadoop-common-3.1.0.jar:?]
	at org.apache.pig.backend.hadoop.executionengine.mapReduceLayer.FileBasedOutputSizeReader.getOutputSize(FileBasedOutputSizeReader.java:81) ~[pig-0.16.0-h2.jar:?]
	at org.apache.pig.tools.pigstats.JobStats.getOutputSize(JobStats.java:351) [pig-0.16.0-h2.jar:?]
	at org.apache.pig.tools.pigstats.mapreduce.MRJobStats.addOneOutputStats(MRJobStats.java:461) [pig-0.16.0-h2.jar:?]
	at org.apache.pig.tools.pigstats.mapreduce.MRJobStats.addOutputStatistics(MRJobStats.java:443) [pig-0.16.0-h2.jar:?]
	at org.apache.pig.tools.pigstats.mapreduce.MRPigStatsUtil.addSuccessJobStats(MRPigStatsUtil.java:237) [pig-0.16.0-h2.jar:?]
	at org.apache.pig.tools.pigstats.mapreduce.MRPigStatsUtil.accumulateStats(MRPigStatsUtil.java:165) [pig-0.16.0-h2.jar:?]
	at org.apache.pig.backend.hadoop.executionengine.mapReduceLayer.MapReduceLauncher.launchPig(MapReduceLauncher.java:360) [pig-0.16.0-h2.jar:?]
	at org.apache.pig.backend.hadoop.executionengine.HExecutionEngine.launchPig(HExecutionEngine.java:308) [pig-0.16.0-h2.jar:?]
	at org.apache.pig.PigServer.launchPlan(PigServer.java:1474) [pig-0.16.0-h2.jar:?]
	at org.apache.pig.PigServer.executeCompiledLogicalPlan(PigServer.java:1459) [pig-0.16.0-h2.jar:?]
	at org.apache.pig.PigServer.execute(PigServer.java:1448) [pig-0.16.0-h2.jar:?]
	at org.apache.pig.PigServer.executeBatch(PigServer.java:488) [pig-0.16.0-h2.jar:?]
	at org.apache.pig.PigServer.executeBatch(PigServer.java:471) [pig-0.16.0-h2.jar:?]
	at org.apache.hive.hcatalog.pig.AbstractHCatLoaderTest.setUpTest(AbstractHCatLoaderTest.java:226) [test-classes/:?]
	at sun.reflect.NativeMethodAccessorImpl.invoke0(Native Method) ~[?:1.8.0_402]
	at sun.reflect.NativeMethodAccessorImpl.invoke(NativeMethodAccessorImpl.java:62) ~[?:1.8.0_402]
	at sun.reflect.DelegatingMethodAccessorImpl.invoke(DelegatingMethodAccessorImpl.java:43) ~[?:1.8.0_402]
	at java.lang.reflect.Method.invoke(Method.java:498) ~[?:1.8.0_402]
	at org.junit.runners.model.FrameworkMethod$1.runReflectiveCall(FrameworkMethod.java:59) [junit-4.13.jar:4.13]
	at org.junit.internal.runners.model.ReflectiveCallable.run(ReflectiveCallable.java:12) [junit-4.13.jar:4.13]
	at org.junit.runners.model.FrameworkMethod.invokeExplosively(FrameworkMethod.java:56) [junit-4.13.jar:4.13]
	at org.junit.internal.runners.statements.RunBefores.invokeMethod(RunBefores.java:33) [junit-4.13.jar:4.13]
	at org.junit.internal.runners.statements.RunBefores.evaluate(RunBefores.java:24) [junit-4.13.jar:4.13]
	at org.junit.internal.runners.statements.RunAfters.evaluate(RunAfters.java:27) [junit-4.13.jar:4.13]
	at org.junit.runners.ParentRunner$3.evaluate(ParentRunner.java:306) [junit-4.13.jar:4.13]
	at org.junit.runners.BlockJUnit4ClassRunner$1.evaluate(BlockJUnit4ClassRunner.java:100) [junit-4.13.jar:4.13]
	at org.junit.runners.ParentRunner.runLeaf(ParentRunner.java:366) [junit-4.13.jar:4.13]
	at org.junit.runners.BlockJUnit4ClassRunner.runChild(BlockJUnit4ClassRunner.java:103) [junit-4.13.jar:4.13]
	at org.junit.runners.BlockJUnit4ClassRunner.runChild(BlockJUnit4ClassRunner.java:63) [junit-4.13.jar:4.13]
	at org.junit.runners.ParentRunner$4.run(ParentRunner.java:331) [junit-4.13.jar:4.13]
	at org.junit.runners.ParentRunner$1.schedule(ParentRunner.java:79) [junit-4.13.jar:4.13]
	at org.junit.runners.ParentRunner.runChildren(ParentRunner.java:329) [junit-4.13.jar:4.13]
	at org.junit.runners.ParentRunner.access$100(ParentRunner.java:66) [junit-4.13.jar:4.13]
	at org.junit.runners.ParentRunner$2.evaluate(ParentRunner.java:293) [junit-4.13.jar:4.13]
	at org.junit.internal.runners.statements.RunBefores.evaluate(RunBefores.java:26) [junit-4.13.jar:4.13]
	at org.junit.runners.ParentRunner$3.evaluate(ParentRunner.java:306) [junit-4.13.jar:4.13]
	at org.junit.runners.ParentRunner.run(ParentRunner.java:413) [junit-4.13.jar:4.13]
	at org.apache.maven.surefire.junit4.JUnit4Provider.execute(JUnit4Provider.java:365) [surefire-junit4-3.0.0-M4.jar:3.0.0-M4]
	at org.apache.maven.surefire.junit4.JUnit4Provider.executeWithRerun(JUnit4Provider.java:273) [surefire-junit4-3.0.0-M4.jar:3.0.0-M4]
	at org.apache.maven.surefire.junit4.JUnit4Provider.executeTestSet(JUnit4Provider.java:238) [surefire-junit4-3.0.0-M4.jar:3.0.0-M4]
	at org.apache.maven.surefire.junit4.JUnit4Provider.invoke(JUnit4Provider.java:159) [surefire-junit4-3.0.0-M4.jar:3.0.0-M4]
	at org.apache.maven.surefire.booter.ForkedBooter.runSuitesInProcess(ForkedBooter.java:377) [surefire-booter-3.0.0-M4.jar:3.0.0-M4]
	at org.apache.maven.surefire.booter.ForkedBooter.execute(ForkedBooter.java:138) [surefire-booter-3.0.0-M4.jar:3.0.0-M4]
	at org.apache.maven.surefire.booter.ForkedBooter.run(ForkedBooter.java:465) [surefire-booter-3.0.0-M4.jar:3.0.0-M4]
	at org.apache.maven.surefire.booter.ForkedBooter.main(ForkedBooter.java:451) [surefire-booter-3.0.0-M4.jar:3.0.0-M4]
2024-05-01T05:39:12,086  INFO [main] pigstats.JobStats: using output size reader: org.apache.pig.backend.hadoop.executionengine.mapReduceLayer.FileBasedOutputSizeReader
2024-05-01T05:39:12,086  WARN [main] pigstats.JobStats: unable to find the output file
java.io.FileNotFoundException: File junit_parted_basic does not exist
	at org.apache.hadoop.fs.RawLocalFileSystem.listStatus(RawLocalFileSystem.java:464) ~[hadoop-common-3.1.0.jar:?]
	at org.apache.hadoop.fs.FileSystem.listStatus(FileSystem.java:1919) ~[hadoop-common-3.1.0.jar:?]
	at org.apache.hadoop.fs.FileSystem.listStatus(FileSystem.java:1961) ~[hadoop-common-3.1.0.jar:?]
	at org.apache.hadoop.fs.ChecksumFileSystem.listStatus(ChecksumFileSystem.java:678) ~[hadoop-common-3.1.0.jar:?]
	at org.apache.pig.backend.hadoop.executionengine.mapReduceLayer.FileBasedOutputSizeReader.getOutputSize(FileBasedOutputSizeReader.java:81) ~[pig-0.16.0-h2.jar:?]
	at org.apache.pig.tools.pigstats.JobStats.getOutputSize(JobStats.java:351) [pig-0.16.0-h2.jar:?]
	at org.apache.pig.tools.pigstats.mapreduce.MRJobStats.addOneOutputStats(MRJobStats.java:461) [pig-0.16.0-h2.jar:?]
	at org.apache.pig.tools.pigstats.mapreduce.MRJobStats.addOutputStatistics(MRJobStats.java:443) [pig-0.16.0-h2.jar:?]
	at org.apache.pig.tools.pigstats.mapreduce.MRPigStatsUtil.addSuccessJobStats(MRPigStatsUtil.java:237) [pig-0.16.0-h2.jar:?]
	at org.apache.pig.tools.pigstats.mapreduce.MRPigStatsUtil.accumulateStats(MRPigStatsUtil.java:165) [pig-0.16.0-h2.jar:?]
	at org.apache.pig.backend.hadoop.executionengine.mapReduceLayer.MapReduceLauncher.launchPig(MapReduceLauncher.java:360) [pig-0.16.0-h2.jar:?]
	at org.apache.pig.backend.hadoop.executionengine.HExecutionEngine.launchPig(HExecutionEngine.java:308) [pig-0.16.0-h2.jar:?]
	at org.apache.pig.PigServer.launchPlan(PigServer.java:1474) [pig-0.16.0-h2.jar:?]
	at org.apache.pig.PigServer.executeCompiledLogicalPlan(PigServer.java:1459) [pig-0.16.0-h2.jar:?]
	at org.apache.pig.PigServer.execute(PigServer.java:1448) [pig-0.16.0-h2.jar:?]
	at org.apache.pig.PigServer.executeBatch(PigServer.java:488) [pig-0.16.0-h2.jar:?]
	at org.apache.pig.PigServer.executeBatch(PigServer.java:471) [pig-0.16.0-h2.jar:?]
	at org.apache.hive.hcatalog.pig.AbstractHCatLoaderTest.setUpTest(AbstractHCatLoaderTest.java:226) [test-classes/:?]
	at sun.reflect.NativeMethodAccessorImpl.invoke0(Native Method) ~[?:1.8.0_402]
	at sun.reflect.NativeMethodAccessorImpl.invoke(NativeMethodAccessorImpl.java:62) ~[?:1.8.0_402]
	at sun.reflect.DelegatingMethodAccessorImpl.invoke(DelegatingMethodAccessorImpl.java:43) ~[?:1.8.0_402]
	at java.lang.reflect.Method.invoke(Method.java:498) ~[?:1.8.0_402]
	at org.junit.runners.model.FrameworkMethod$1.runReflectiveCall(FrameworkMethod.java:59) [junit-4.13.jar:4.13]
	at org.junit.internal.runners.model.ReflectiveCallable.run(ReflectiveCallable.java:12) [junit-4.13.jar:4.13]
	at org.junit.runners.model.FrameworkMethod.invokeExplosively(FrameworkMethod.java:56) [junit-4.13.jar:4.13]
	at org.junit.internal.runners.statements.RunBefores.invokeMethod(RunBefores.java:33) [junit-4.13.jar:4.13]
	at org.junit.internal.runners.statements.RunBefores.evaluate(RunBefores.java:24) [junit-4.13.jar:4.13]
	at org.junit.internal.runners.statements.RunAfters.evaluate(RunAfters.java:27) [junit-4.13.jar:4.13]
	at org.junit.runners.ParentRunner$3.evaluate(ParentRunner.java:306) [junit-4.13.jar:4.13]
	at org.junit.runners.BlockJUnit4ClassRunner$1.evaluate(BlockJUnit4ClassRunner.java:100) [junit-4.13.jar:4.13]
	at org.junit.runners.ParentRunner.runLeaf(ParentRunner.java:366) [junit-4.13.jar:4.13]
	at org.junit.runners.BlockJUnit4ClassRunner.runChild(BlockJUnit4ClassRunner.java:103) [junit-4.13.jar:4.13]
	at org.junit.runners.BlockJUnit4ClassRunner.runChild(BlockJUnit4ClassRunner.java:63) [junit-4.13.jar:4.13]
	at org.junit.runners.ParentRunner$4.run(ParentRunner.java:331) [junit-4.13.jar:4.13]
	at org.junit.runners.ParentRunner$1.schedule(ParentRunner.java:79) [junit-4.13.jar:4.13]
	at org.junit.runners.ParentRunner.runChildren(ParentRunner.java:329) [junit-4.13.jar:4.13]
	at org.junit.runners.ParentRunner.access$100(ParentRunner.java:66) [junit-4.13.jar:4.13]
	at org.junit.runners.ParentRunner$2.evaluate(ParentRunner.java:293) [junit-4.13.jar:4.13]
	at org.junit.internal.runners.statements.RunBefores.evaluate(RunBefores.java:26) [junit-4.13.jar:4.13]
	at org.junit.runners.ParentRunner$3.evaluate(ParentRunner.java:306) [junit-4.13.jar:4.13]
	at org.junit.runners.ParentRunner.run(ParentRunner.java:413) [junit-4.13.jar:4.13]
	at org.apache.maven.surefire.junit4.JUnit4Provider.execute(JUnit4Provider.java:365) [surefire-junit4-3.0.0-M4.jar:3.0.0-M4]
	at org.apache.maven.surefire.junit4.JUnit4Provider.executeWithRerun(JUnit4Provider.java:273) [surefire-junit4-3.0.0-M4.jar:3.0.0-M4]
	at org.apache.maven.surefire.junit4.JUnit4Provider.executeTestSet(JUnit4Provider.java:238) [surefire-junit4-3.0.0-M4.jar:3.0.0-M4]
	at org.apache.maven.surefire.junit4.JUnit4Provider.invoke(JUnit4Provider.java:159) [surefire-junit4-3.0.0-M4.jar:3.0.0-M4]
	at org.apache.maven.surefire.booter.ForkedBooter.runSuitesInProcess(ForkedBooter.java:377) [surefire-booter-3.0.0-M4.jar:3.0.0-M4]
	at org.apache.maven.surefire.booter.ForkedBooter.execute(ForkedBooter.java:138) [surefire-booter-3.0.0-M4.jar:3.0.0-M4]
	at org.apache.maven.surefire.booter.ForkedBooter.run(ForkedBooter.java:465) [surefire-booter-3.0.0-M4.jar:3.0.0-M4]
	at org.apache.maven.surefire.booter.ForkedBooter.main(ForkedBooter.java:451) [surefire-booter-3.0.0-M4.jar:3.0.0-M4]
2024-05-01T05:39:12,086  INFO [main] mapReduceLayer.MapReduceLauncher: 100% complete
2024-05-01T05:39:12,087  INFO [main] mapreduce.SimplePigStats: Script Statistics: 

HadoopVersion	PigVersion	UserId	StartedAt	FinishedAt	Features
3.1.0	0.16.0	alex	2024-05-01 05:39:10	2024-05-01 05:39:12	FILTER

Success!

Job Stats (time in seconds):
JobId	Maps	Reduces	MaxMapTime	MinMapTime	AvgMapTime	MedianMapTime	MaxReduceTime	MinReduceTime	AvgReduceTime	MedianReducetime	Alias	Feature	Outputs
job_local148193504_0005	1	0	n/a	n/a	n/a	n/a	0	0	0	0	E,F	MAP_ONLY	junit_parted_date,
job_local46602031_0004	1	0	n/a	n/a	n/a	n/a	0	0	0	0	A,B,B2,C,C2	MULTI_QUERY,MAP_ONLY	junit_unparted_basic,junit_specific_size,junit_specific_db.junit_specific_size2,junit_parted_basic,junit_parted_basic,
job_local864060700_0006	1	0	n/a	n/a	n/a	n/a	0	0	0	0	D	MAP_ONLY	junit_unparted_complex,

Input(s):
Successfully read 9 records from: "/home/alex/Repositories/hive/hcatalog/hcatalog-pig-adapter/build/test/data/org.apache.hive.hcatalog.mapreduce.HCatBaseTest-1714567133524/basic.input.data"
Successfully read 2 records from: "/home/alex/Repositories/hive/hcatalog/hcatalog-pig-adapter/build/test/data/org.apache.hive.hcatalog.mapreduce.HCatBaseTest-1714567133524/datetimestamp.input.data"
Successfully read 2 records from: "/home/alex/Repositories/hive/hcatalog/hcatalog-pig-adapter/build/test/data/org.apache.hive.hcatalog.mapreduce.HCatBaseTest-1714567133524/complex.input.data"

Output(s):
Successfully stored 9 records in: "junit_unparted_basic"
Successfully stored 9 records in: "junit_specific_size"
Successfully stored 9 records in: "junit_specific_db.junit_specific_size2"
Successfully stored 3 records in: "junit_parted_basic"
Successfully stored 6 records in: "junit_parted_basic"
Successfully stored 2 records in: "junit_parted_date"
Successfully stored 2 records in: "junit_unparted_complex"

Counters:
Total records written : 40
Total bytes written : 0
Spillable Memory Manager spill count : 0
Total bags proactively spilled: 0
Total records proactively spilled: 0

Job DAG:
job_local46602031_0004
job_local148193504_0005
job_local864060700_0006


2024-05-01T05:39:12,087  WARN [main] impl.MetricsSystemImpl: JobTracker metrics system already initialized!
2024-05-01T05:39:12,088  WARN [main] impl.MetricsSystemImpl: JobTracker metrics system already initialized!
2024-05-01T05:39:12,089  WARN [main] impl.MetricsSystemImpl: JobTracker metrics system already initialized!
2024-05-01T05:39:12,090  WARN [main] impl.MetricsSystemImpl: JobTracker metrics system already initialized!
2024-05-01T05:39:12,092  WARN [main] impl.MetricsSystemImpl: JobTracker metrics system already initialized!
2024-05-01T05:39:12,093  WARN [main] impl.MetricsSystemImpl: JobTracker metrics system already initialized!
2024-05-01T05:39:12,093  INFO [main] mapReduceLayer.MapReduceLauncher: Success!
2024-05-01T05:39:12,124  INFO [main] executionengine.HExecutionEngine: Connecting to hadoop file system at: file:///
2024-05-01T05:39:12,125  INFO [main] pig.PigServer: Pig Script ID for the session: PIG-default-88cec679-1bdd-42bc-b8b8-31d6e7abcbd6
2024-05-01T05:39:12,126  INFO [main] ql.Driver: Compiling command(queryId=alex_20240501053909_1a23d5e5-4008-482e-aa1d-d0d0aac0e71d): select * from junit_parted_basic
2024-05-01T05:39:12,128  INFO [main] parse.CalcitePlanner: Starting caching scope for: alex_20240501053909_1a23d5e5-4008-482e-aa1d-d0d0aac0e71d
2024-05-01T05:39:12,128  INFO [main] parse.CalcitePlanner: Starting Semantic Analysis
2024-05-01T05:39:12,131  INFO [main] parse.CalcitePlanner: Completed phase 1 of Semantic Analysis
2024-05-01T05:39:12,131  INFO [main] parse.CalcitePlanner: Get metadata for source tables
2024-05-01T05:39:12,132  INFO [main] HiveMetaStore.audit: ugi=alex	ip=unknown-ip-addr	cmd=get_table : tbl=hive.default.junit_parted_basic	
2024-05-01T05:39:12,138  INFO [main] metastore.HMSHandler: Skipping translation for processor with null
2024-05-01T05:39:12,138  INFO [main] parse.CalcitePlanner: Get metadata for subqueries
2024-05-01T05:39:12,138  INFO [main] parse.CalcitePlanner: Get metadata for destination tables
2024-05-01T05:39:12,138  INFO [main] parse.CalcitePlanner: Completed getting MetaData in Semantic Analysis
2024-05-01T05:39:13,550  INFO [main] HiveMetaStore.audit: ugi=alex	ip=unknown-ip-addr	cmd=get_all_table_constraints : tbl=hive.default.junit_parted_basic	
2024-05-01T05:39:14,097  INFO [main] calcite.RelOptHiveTable: Calculating column statistics for default.junit_parted_basic, projIndxSet: [0, 1, 2], allowMissingStats: true
2024-05-01T05:39:14,100  INFO [main] HiveMetaStore.audit: ugi=alex	ip=unknown-ip-addr	cmd=get_partitions : tbl=hive.default.junit_parted_basic	
2024-05-01T05:39:14,149  INFO [main] HiveMetaStore.audit: ugi=alex	ip=unknown-ip-addr	cmd=get_aggr_stats_for: table=hive.default.junit_parted_basic	
2024-05-01T05:39:14,170  WARN [main] calcite.RelOptHiveTable: No Stats for default@junit_parted_basic, Columns: a, b
No Stats for default@junit_parted_basic, Columns: a, b
2024-05-01T05:39:14,170  INFO [main] SessionState: No Stats for default@junit_parted_basic, Columns: a, b
2024-05-01T05:39:14,274  INFO [main] parse.CalcitePlanner: Get metadata for source tables
2024-05-01T05:39:14,275  INFO [main] parse.CalcitePlanner: Get metadata for subqueries
2024-05-01T05:39:14,275  INFO [main] parse.CalcitePlanner: Get metadata for destination tables
2024-05-01T05:39:14,332  INFO [main] common.FileUtils: Creating directory if it doesn't exist: file:/home/alex/Repositories/hive/hcatalog/hcatalog-pig-adapter/target/tmp/localscratchdir/6f5bc1cb-86f7-44f8-9ee8-bcd0c3f27314/hive_2024-05-01_05-39-12_126_2370223547640477589-1/-mr-10001/.hive-staging_hive_2024-05-01_05-39-12_126_2370223547640477589-1
2024-05-01T05:39:14,349  INFO [main] parse.CalcitePlanner: CBO Succeeded; optimized logical plan.
2024-05-01T05:39:14,425  INFO [main] optimizer.BucketVersionPopulator: not considering bucketingVersion for: TS[0] because it has -1<2 buckets 
2024-05-01T05:39:14,454  INFO [main] parse.CalcitePlanner: Completed plan generation
2024-05-01T05:39:14,454  INFO [main] parse.CalcitePlanner: Ending caching scope for: alex_20240501053909_1a23d5e5-4008-482e-aa1d-d0d0aac0e71d
2024-05-01T05:39:14,454  INFO [main] ql.Driver: Semantic Analysis Completed (retrial = false)
2024-05-01T05:39:14,454  INFO [main] ql.Driver: Created Hive schema: Schema(fieldSchemas:[FieldSchema(name:junit_parted_basic.a, type:int, comment:null), FieldSchema(name:junit_parted_basic.b, type:string, comment:null), FieldSchema(name:junit_parted_basic.bkt, type:string, comment:null)], properties:null)
2024-05-01T05:39:14,474  INFO [main] exec.TableScanOperator: Initializing Operator: TS[0]
2024-05-01T05:39:14,474  INFO [main] exec.SelectOperator: Initializing Operator: SEL[1]
2024-05-01T05:39:14,480  INFO [main] exec.SelectOperator: SELECT struct<a:int,b:string,bkt:string>
2024-05-01T05:39:14,481  INFO [main] exec.ListSinkOperator: Initializing Operator: LIST_SINK[3]
2024-05-01T05:39:14,487  INFO [main] metadata.Hive: Dumping metastore api call timing information for : compilation phase
2024-05-01T05:39:14,487  INFO [main] metadata.Hive: Total time spent in each metastore function (ms): {isCompatibleWith_(Configuration)=0, listPartitions_(String, String, short)=36, getAllTableConstraints_(AllTableConstraintsRequest)=53, getTable_(GetTableRequest)=6, flushCache_()=0, getAggrColStatsFor_(String, String, List, List, String, String)=20}
2024-05-01T05:39:14,487  INFO [main] ql.Driver: Completed compiling command(queryId=alex_20240501053909_1a23d5e5-4008-482e-aa1d-d0d0aac0e71d); Time taken: 2.361 seconds
2024-05-01T05:39:14,487  INFO [main] reexec.ReExecDriver: Execution #1 of query
2024-05-01T05:39:14,487  INFO [main] ql.Driver: Concurrency mode is disabled, not creating a lock manager
2024-05-01T05:39:14,487  INFO [main] ql.Driver: Executing command(queryId=alex_20240501053909_1a23d5e5-4008-482e-aa1d-d0d0aac0e71d): select * from junit_parted_basic
2024-05-01T05:39:14,487  INFO [main] metadata.Hive: Dumping metastore api call timing information for : execution phase
2024-05-01T05:39:14,487  INFO [main] metadata.Hive: Total time spent in each metastore function (ms): {}
2024-05-01T05:39:14,487  INFO [main] ql.Driver: Completed executing command(queryId=alex_20240501053909_1a23d5e5-4008-482e-aa1d-d0d0aac0e71d); Time taken: 0.0 seconds
2024-05-01T05:39:14,497  INFO [main] exec.TableScanOperator: Closing Operator: TS[0]
2024-05-01T05:39:14,497  INFO [main] exec.TableScanOperator: RECORDS_OUT_INTERMEDIATE:0, RECORDS_OUT_OPERATOR_TS_0:0, 
2024-05-01T05:39:14,497  INFO [main] exec.SelectOperator: Closing Operator: SEL[1]
2024-05-01T05:39:14,497  INFO [main] exec.SelectOperator: RECORDS_OUT_INTERMEDIATE:0, RECORDS_OUT_OPERATOR_SEL_1:0, 
2024-05-01T05:39:14,497  INFO [main] exec.ListSinkOperator: Closing Operator: LIST_SINK[3]
2024-05-01T05:39:14,497  INFO [main] exec.ListSinkOperator: RECORDS_OUT_INTERMEDIATE:0, RECORDS_OUT_OPERATOR_LIST_SINK_3:0, 
2024-05-01T05:39:14,498  INFO [main] ql.Context: Deleting scratch dir: file:/home/alex/Repositories/hive/hcatalog/hcatalog-pig-adapter/target/tmp/localscratchdir/6f5bc1cb-86f7-44f8-9ee8-bcd0c3f27314/hive_2024-05-01_05-39-12_126_2370223547640477589-1
2024-05-01T05:39:14,498  INFO [main] cleanup.SyncCleanupService: Deleted directory: file:/home/alex/Repositories/hive/hcatalog/hcatalog-pig-adapter/target/tmp/localscratchdir/6f5bc1cb-86f7-44f8-9ee8-bcd0c3f27314/hive_2024-05-01_05-39-12_126_2370223547640477589-1 on fs with scheme file
2024-05-01T05:39:14,498  INFO [main] ql.Driver: Compiling command(queryId=alex_20240501053909_1a23d5e5-4008-482e-aa1d-d0d0aac0e71d): drop table if exists junit_unparted_basic
2024-05-01T05:39:14,499  INFO [main] HiveMetaStore.audit: ugi=alex	ip=unknown-ip-addr	cmd=get_table : tbl=hive.default.junit_unparted_basic	
2024-05-01T05:39:14,504  INFO [main] metastore.HMSHandler: Skipping translation for processor with null
2024-05-01T05:39:14,504  INFO [main] ql.Driver: Semantic Analysis Completed (retrial = false)
2024-05-01T05:39:14,504  INFO [main] ql.Driver: Created Hive schema: Schema(fieldSchemas:null, properties:null)
2024-05-01T05:39:14,505  INFO [main] metadata.Hive: Dumping metastore api call timing information for : compilation phase
2024-05-01T05:39:14,505  INFO [main] metadata.Hive: Total time spent in each metastore function (ms): {isCompatibleWith_(Configuration)=0, getTable_(GetTableRequest)=5, flushCache_()=0}
2024-05-01T05:39:14,505  INFO [main] ql.Driver: Completed compiling command(queryId=alex_20240501053909_1a23d5e5-4008-482e-aa1d-d0d0aac0e71d); Time taken: 0.006 seconds
2024-05-01T05:39:14,505  INFO [main] reexec.ReExecDriver: Execution #1 of query
2024-05-01T05:39:14,505  INFO [main] ql.Driver: Concurrency mode is disabled, not creating a lock manager
2024-05-01T05:39:14,505  INFO [main] ql.Driver: Executing command(queryId=alex_20240501053909_1a23d5e5-4008-482e-aa1d-d0d0aac0e71d): drop table if exists junit_unparted_basic
2024-05-01T05:39:14,505  INFO [main] ql.Driver: Starting task [Stage-0:DDL] in serial mode
2024-05-01T05:39:14,505  INFO [main] HiveMetaStore.audit: ugi=alex	ip=unknown-ip-addr	cmd=get_table : tbl=hive.default.junit_unparted_basic	
2024-05-01T05:39:14,511  INFO [main] metastore.HMSHandler: Skipping translation for processor with null
2024-05-01T05:39:14,511  INFO [main] HiveMetaStore.audit: ugi=alex	ip=unknown-ip-addr	cmd=get_table : tbl=hive.default.junit_unparted_basic	
2024-05-01T05:39:14,517  INFO [main] metastore.HMSHandler: Skipping translation for processor with null
2024-05-01T05:39:14,517  INFO [main] HiveMetaStore.audit: ugi=alex	ip=unknown-ip-addr	cmd=drop_table : tbl=hive.default.junit_unparted_basic	
2024-05-01T05:39:14,614  INFO [main] metadata.Hive: Dumping metastore api call timing information for : execution phase
2024-05-01T05:39:14,614  INFO [main] metadata.Hive: Total time spent in each metastore function (ms): {isCompatibleWith_(Configuration)=0, dropTable_(String, String, boolean, boolean, boolean)=103, getTable_(GetTableRequest)=6}
2024-05-01T05:39:14,614  INFO [main] ql.Driver: Completed executing command(queryId=alex_20240501053909_1a23d5e5-4008-482e-aa1d-d0d0aac0e71d); Time taken: 0.109 seconds
2024-05-01T05:39:14,615  INFO [main] ql.Driver: Compiling command(queryId=alex_20240501053909_1a23d5e5-4008-482e-aa1d-d0d0aac0e71d): drop table if exists junit_unparted_complex
2024-05-01T05:39:14,615  INFO [main] HiveMetaStore.audit: ugi=alex	ip=unknown-ip-addr	cmd=get_table : tbl=hive.default.junit_unparted_complex	
2024-05-01T05:39:14,620  INFO [main] metastore.HMSHandler: Skipping translation for processor with null
2024-05-01T05:39:14,621  INFO [main] ql.Driver: Semantic Analysis Completed (retrial = false)
2024-05-01T05:39:14,621  INFO [main] ql.Driver: Created Hive schema: Schema(fieldSchemas:null, properties:null)
2024-05-01T05:39:14,621  INFO [main] metadata.Hive: Dumping metastore api call timing information for : compilation phase
2024-05-01T05:39:14,621  INFO [main] metadata.Hive: Total time spent in each metastore function (ms): {isCompatibleWith_(Configuration)=0, getTable_(GetTableRequest)=6, flushCache_()=0}
2024-05-01T05:39:14,621  INFO [main] ql.Driver: Completed compiling command(queryId=alex_20240501053909_1a23d5e5-4008-482e-aa1d-d0d0aac0e71d); Time taken: 0.006 seconds
2024-05-01T05:39:14,621  INFO [main] reexec.ReExecDriver: Execution #1 of query
2024-05-01T05:39:14,621  INFO [main] ql.Driver: Concurrency mode is disabled, not creating a lock manager
2024-05-01T05:39:14,621  INFO [main] ql.Driver: Executing command(queryId=alex_20240501053909_1a23d5e5-4008-482e-aa1d-d0d0aac0e71d): drop table if exists junit_unparted_complex
2024-05-01T05:39:14,621  INFO [main] ql.Driver: Starting task [Stage-0:DDL] in serial mode
2024-05-01T05:39:14,622  INFO [main] HiveMetaStore.audit: ugi=alex	ip=unknown-ip-addr	cmd=get_table : tbl=hive.default.junit_unparted_complex	
2024-05-01T05:39:14,627  INFO [main] metastore.HMSHandler: Skipping translation for processor with null
2024-05-01T05:39:14,627  INFO [main] HiveMetaStore.audit: ugi=alex	ip=unknown-ip-addr	cmd=get_table : tbl=hive.default.junit_unparted_complex	
2024-05-01T05:39:14,632  INFO [main] metastore.HMSHandler: Skipping translation for processor with null
2024-05-01T05:39:14,632  INFO [main] HiveMetaStore.audit: ugi=alex	ip=unknown-ip-addr	cmd=drop_table : tbl=hive.default.junit_unparted_complex	
2024-05-01T05:39:14,650  INFO [main] metadata.Hive: Dumping metastore api call timing information for : execution phase
2024-05-01T05:39:14,650  INFO [main] metadata.Hive: Total time spent in each metastore function (ms): {isCompatibleWith_(Configuration)=0, dropTable_(String, String, boolean, boolean, boolean)=23, getTable_(GetTableRequest)=6}
2024-05-01T05:39:14,650  INFO [main] ql.Driver: Completed executing command(queryId=alex_20240501053909_1a23d5e5-4008-482e-aa1d-d0d0aac0e71d); Time taken: 0.029 seconds
2024-05-01T05:39:14,651  INFO [main] ql.Driver: Compiling command(queryId=alex_20240501053909_1a23d5e5-4008-482e-aa1d-d0d0aac0e71d): drop table if exists junit_parted_basic
2024-05-01T05:39:14,652  INFO [main] HiveMetaStore.audit: ugi=alex	ip=unknown-ip-addr	cmd=get_table : tbl=hive.default.junit_parted_basic	
2024-05-01T05:39:14,656  INFO [main] metastore.HMSHandler: Skipping translation for processor with null
2024-05-01T05:39:14,656  INFO [main] ql.Driver: Semantic Analysis Completed (retrial = false)
2024-05-01T05:39:14,656  INFO [main] ql.Driver: Created Hive schema: Schema(fieldSchemas:null, properties:null)
2024-05-01T05:39:14,656  INFO [main] metadata.Hive: Dumping metastore api call timing information for : compilation phase
2024-05-01T05:39:14,657  INFO [main] metadata.Hive: Total time spent in each metastore function (ms): {isCompatibleWith_(Configuration)=0, getTable_(GetTableRequest)=4, flushCache_()=0}
2024-05-01T05:39:14,657  INFO [main] ql.Driver: Completed compiling command(queryId=alex_20240501053909_1a23d5e5-4008-482e-aa1d-d0d0aac0e71d); Time taken: 0.005 seconds
2024-05-01T05:39:14,657  INFO [main] reexec.ReExecDriver: Execution #1 of query
2024-05-01T05:39:14,657  INFO [main] ql.Driver: Concurrency mode is disabled, not creating a lock manager
2024-05-01T05:39:14,657  INFO [main] ql.Driver: Executing command(queryId=alex_20240501053909_1a23d5e5-4008-482e-aa1d-d0d0aac0e71d): drop table if exists junit_parted_basic
2024-05-01T05:39:14,657  INFO [main] ql.Driver: Starting task [Stage-0:DDL] in serial mode
2024-05-01T05:39:14,657  INFO [main] HiveMetaStore.audit: ugi=alex	ip=unknown-ip-addr	cmd=get_table : tbl=hive.default.junit_parted_basic	
2024-05-01T05:39:14,662  INFO [main] metastore.HMSHandler: Skipping translation for processor with null
2024-05-01T05:39:14,662  INFO [main] HiveMetaStore.audit: ugi=alex	ip=unknown-ip-addr	cmd=get_table : tbl=hive.default.junit_parted_basic	
2024-05-01T05:39:14,667  INFO [main] metastore.HMSHandler: Skipping translation for processor with null
2024-05-01T05:39:14,667  INFO [main] HiveMetaStore.audit: ugi=alex	ip=unknown-ip-addr	cmd=drop_table : tbl=hive.default.junit_parted_basic	
2024-05-01T05:39:14,723  INFO [main] metadata.Hive: Dumping metastore api call timing information for : execution phase
2024-05-01T05:39:14,723  INFO [main] metadata.Hive: Total time spent in each metastore function (ms): {isCompatibleWith_(Configuration)=0, dropTable_(String, String, boolean, boolean, boolean)=61, getTable_(GetTableRequest)=5}
2024-05-01T05:39:14,723  INFO [main] ql.Driver: Completed executing command(queryId=alex_20240501053909_1a23d5e5-4008-482e-aa1d-d0d0aac0e71d); Time taken: 0.066 seconds
2024-05-01T05:39:14,724  INFO [main] ql.Driver: Compiling command(queryId=alex_20240501053909_1a23d5e5-4008-482e-aa1d-d0d0aac0e71d): drop table if exists junit_specific_size
2024-05-01T05:39:14,724  INFO [main] HiveMetaStore.audit: ugi=alex	ip=unknown-ip-addr	cmd=get_table : tbl=hive.default.junit_specific_size	
2024-05-01T05:39:14,729  INFO [main] metastore.HMSHandler: Skipping translation for processor with null
2024-05-01T05:39:14,729  INFO [main] ql.Driver: Semantic Analysis Completed (retrial = false)
2024-05-01T05:39:14,729  INFO [main] ql.Driver: Created Hive schema: Schema(fieldSchemas:null, properties:null)
2024-05-01T05:39:14,729  INFO [main] metadata.Hive: Dumping metastore api call timing information for : compilation phase
2024-05-01T05:39:14,729  INFO [main] metadata.Hive: Total time spent in each metastore function (ms): {isCompatibleWith_(Configuration)=0, getTable_(GetTableRequest)=5, flushCache_()=0}
2024-05-01T05:39:14,730  INFO [main] ql.Driver: Completed compiling command(queryId=alex_20240501053909_1a23d5e5-4008-482e-aa1d-d0d0aac0e71d); Time taken: 0.005 seconds
2024-05-01T05:39:14,730  INFO [main] reexec.ReExecDriver: Execution #1 of query
2024-05-01T05:39:14,730  INFO [main] ql.Driver: Concurrency mode is disabled, not creating a lock manager
2024-05-01T05:39:14,730  INFO [main] ql.Driver: Executing command(queryId=alex_20240501053909_1a23d5e5-4008-482e-aa1d-d0d0aac0e71d): drop table if exists junit_specific_size
2024-05-01T05:39:14,730  INFO [main] ql.Driver: Starting task [Stage-0:DDL] in serial mode
2024-05-01T05:39:14,730  INFO [main] HiveMetaStore.audit: ugi=alex	ip=unknown-ip-addr	cmd=get_table : tbl=hive.default.junit_specific_size	
2024-05-01T05:39:14,735  INFO [main] metastore.HMSHandler: Skipping translation for processor with null
2024-05-01T05:39:14,735  INFO [main] HiveMetaStore.audit: ugi=alex	ip=unknown-ip-addr	cmd=get_table : tbl=hive.default.junit_specific_size	
2024-05-01T05:39:14,740  INFO [main] metastore.HMSHandler: Skipping translation for processor with null
2024-05-01T05:39:14,740  INFO [main] HiveMetaStore.audit: ugi=alex	ip=unknown-ip-addr	cmd=drop_table : tbl=hive.default.junit_specific_size	
2024-05-01T05:39:14,758  INFO [main] metadata.Hive: Dumping metastore api call timing information for : execution phase
2024-05-01T05:39:14,758  INFO [main] metadata.Hive: Total time spent in each metastore function (ms): {isCompatibleWith_(Configuration)=0, dropTable_(String, String, boolean, boolean, boolean)=23, getTable_(GetTableRequest)=5}
2024-05-01T05:39:14,758  INFO [main] ql.Driver: Completed executing command(queryId=alex_20240501053909_1a23d5e5-4008-482e-aa1d-d0d0aac0e71d); Time taken: 0.028 seconds
2024-05-01T05:39:14,759  INFO [main] ql.Driver: Compiling command(queryId=alex_20240501053909_1a23d5e5-4008-482e-aa1d-d0d0aac0e71d): drop table if exists junit_parted_date
2024-05-01T05:39:14,759  INFO [main] HiveMetaStore.audit: ugi=alex	ip=unknown-ip-addr	cmd=get_table : tbl=hive.default.junit_parted_date	
2024-05-01T05:39:14,764  INFO [main] metastore.HMSHandler: Skipping translation for processor with null
2024-05-01T05:39:14,764  INFO [main] ql.Driver: Semantic Analysis Completed (retrial = false)
2024-05-01T05:39:14,764  INFO [main] ql.Driver: Created Hive schema: Schema(fieldSchemas:null, properties:null)
2024-05-01T05:39:14,764  INFO [main] metadata.Hive: Dumping metastore api call timing information for : compilation phase
2024-05-01T05:39:14,764  INFO [main] metadata.Hive: Total time spent in each metastore function (ms): {isCompatibleWith_(Configuration)=0, getTable_(GetTableRequest)=5, flushCache_()=0}
2024-05-01T05:39:14,764  INFO [main] ql.Driver: Completed compiling command(queryId=alex_20240501053909_1a23d5e5-4008-482e-aa1d-d0d0aac0e71d); Time taken: 0.006 seconds
2024-05-01T05:39:14,764  INFO [main] reexec.ReExecDriver: Execution #1 of query
2024-05-01T05:39:14,764  INFO [main] ql.Driver: Concurrency mode is disabled, not creating a lock manager
2024-05-01T05:39:14,765  INFO [main] ql.Driver: Executing command(queryId=alex_20240501053909_1a23d5e5-4008-482e-aa1d-d0d0aac0e71d): drop table if exists junit_parted_date
2024-05-01T05:39:14,765  INFO [main] ql.Driver: Starting task [Stage-0:DDL] in serial mode
2024-05-01T05:39:14,765  INFO [main] HiveMetaStore.audit: ugi=alex	ip=unknown-ip-addr	cmd=get_table : tbl=hive.default.junit_parted_date	
2024-05-01T05:39:14,770  INFO [main] metastore.HMSHandler: Skipping translation for processor with null
2024-05-01T05:39:14,770  INFO [main] HiveMetaStore.audit: ugi=alex	ip=unknown-ip-addr	cmd=get_table : tbl=hive.default.junit_parted_date	
2024-05-01T05:39:14,774  INFO [main] metastore.HMSHandler: Skipping translation for processor with null
2024-05-01T05:39:14,774  INFO [main] HiveMetaStore.audit: ugi=alex	ip=unknown-ip-addr	cmd=drop_table : tbl=hive.default.junit_parted_date	
2024-05-01T05:39:14,824  INFO [main] metadata.Hive: Dumping metastore api call timing information for : execution phase
2024-05-01T05:39:14,824  INFO [main] metadata.Hive: Total time spent in each metastore function (ms): {isCompatibleWith_(Configuration)=0, dropTable_(String, String, boolean, boolean, boolean)=54, getTable_(GetTableRequest)=5}
2024-05-01T05:39:14,824  INFO [main] ql.Driver: Completed executing command(queryId=alex_20240501053909_1a23d5e5-4008-482e-aa1d-d0d0aac0e71d); Time taken: 0.06 seconds
2024-05-01T05:39:14,824  INFO [main] ql.Driver: Compiling command(queryId=alex_20240501053909_1a23d5e5-4008-482e-aa1d-d0d0aac0e71d): drop table if exists junit_unparted_alltypes
2024-05-01T05:39:14,825  INFO [main] HiveMetaStore.audit: ugi=alex	ip=unknown-ip-addr	cmd=get_table : tbl=hive.default.junit_unparted_alltypes	
2024-05-01T05:39:14,830  INFO [main] metastore.HMSHandler: Skipping translation for processor with null
2024-05-01T05:39:14,830  INFO [main] ql.Driver: Semantic Analysis Completed (retrial = false)
2024-05-01T05:39:14,830  INFO [main] ql.Driver: Created Hive schema: Schema(fieldSchemas:null, properties:null)
2024-05-01T05:39:14,830  INFO [main] metadata.Hive: Dumping metastore api call timing information for : compilation phase
2024-05-01T05:39:14,830  INFO [main] metadata.Hive: Total time spent in each metastore function (ms): {isCompatibleWith_(Configuration)=0, getTable_(GetTableRequest)=5, flushCache_()=0}
2024-05-01T05:39:14,830  INFO [main] ql.Driver: Completed compiling command(queryId=alex_20240501053909_1a23d5e5-4008-482e-aa1d-d0d0aac0e71d); Time taken: 0.006 seconds
2024-05-01T05:39:14,830  INFO [main] reexec.ReExecDriver: Execution #1 of query
2024-05-01T05:39:14,830  INFO [main] ql.Driver: Concurrency mode is disabled, not creating a lock manager
2024-05-01T05:39:14,830  INFO [main] ql.Driver: Executing command(queryId=alex_20240501053909_1a23d5e5-4008-482e-aa1d-d0d0aac0e71d): drop table if exists junit_unparted_alltypes
2024-05-01T05:39:14,830  INFO [main] ql.Driver: Starting task [Stage-0:DDL] in serial mode
2024-05-01T05:39:14,831  INFO [main] HiveMetaStore.audit: ugi=alex	ip=unknown-ip-addr	cmd=get_table : tbl=hive.default.junit_unparted_alltypes	
2024-05-01T05:39:14,836  INFO [main] metastore.HMSHandler: Skipping translation for processor with null
2024-05-01T05:39:14,836  INFO [main] HiveMetaStore.audit: ugi=alex	ip=unknown-ip-addr	cmd=get_table : tbl=hive.default.junit_unparted_alltypes	
2024-05-01T05:39:14,842  INFO [main] metastore.HMSHandler: Skipping translation for processor with null
2024-05-01T05:39:14,842  INFO [main] HiveMetaStore.audit: ugi=alex	ip=unknown-ip-addr	cmd=drop_table : tbl=hive.default.junit_unparted_alltypes	
2024-05-01T05:39:14,859  INFO [main] metadata.Hive: Dumping metastore api call timing information for : execution phase
2024-05-01T05:39:14,859  INFO [main] metadata.Hive: Total time spent in each metastore function (ms): {isCompatibleWith_(Configuration)=0, dropTable_(String, String, boolean, boolean, boolean)=23, getTable_(GetTableRequest)=5}
2024-05-01T05:39:14,859  INFO [main] ql.Driver: Completed executing command(queryId=alex_20240501053909_1a23d5e5-4008-482e-aa1d-d0d0aac0e71d); Time taken: 0.029 seconds
2024-05-01T05:39:14,860  INFO [main] ql.Driver: Compiling command(queryId=alex_20240501053909_1a23d5e5-4008-482e-aa1d-d0d0aac0e71d): drop database if exists junit_specific_db cascade
2024-05-01T05:39:14,860  INFO [main] HiveMetaStore.audit: ugi=alex	ip=unknown-ip-addr	cmd=get_database: junit_specific_db	
2024-05-01T05:39:14,862  INFO [main] HiveMetaStore.audit: ugi=alex	ip=unknown-ip-addr	cmd=get_multi_table : db=junit_specific_db tbls=null	
2024-05-01T05:39:14,868  INFO [main] HiveMetaStore.audit: ugi=alex	ip=unknown-ip-addr	cmd=get_multi_table : db=junit_specific_db tbls=junit_specific_size2	
2024-05-01T05:39:14,879  INFO [main] ql.Driver: Semantic Analysis Completed (retrial = false)
2024-05-01T05:39:14,879  INFO [main] ql.Driver: Created Hive schema: Schema(fieldSchemas:null, properties:null)
2024-05-01T05:39:14,880  INFO [main] metadata.Hive: Dumping metastore api call timing information for : compilation phase
2024-05-01T05:39:14,880  INFO [main] metadata.Hive: Total time spent in each metastore function (ms): {isCompatibleWith_(Configuration)=0, getDatabase_(String)=1, flushCache_()=0, getTables_(String, String)=7, getTableObjectsByName_(String, List)=11}
2024-05-01T05:39:14,880  INFO [main] ql.Driver: Completed compiling command(queryId=alex_20240501053909_1a23d5e5-4008-482e-aa1d-d0d0aac0e71d); Time taken: 0.019 seconds
2024-05-01T05:39:14,880  INFO [main] reexec.ReExecDriver: Execution #1 of query
2024-05-01T05:39:14,880  INFO [main] ql.Driver: Concurrency mode is disabled, not creating a lock manager
2024-05-01T05:39:14,880  INFO [main] ql.Driver: Executing command(queryId=alex_20240501053909_1a23d5e5-4008-482e-aa1d-d0d0aac0e71d): drop database if exists junit_specific_db cascade
2024-05-01T05:39:14,880  INFO [main] ql.Driver: Starting task [Stage-0:DDL] in serial mode
2024-05-01T05:39:14,880  INFO [main] HiveMetaStore.audit: ugi=alex	ip=unknown-ip-addr	cmd=get_database: junit_specific_db	
2024-05-01T05:39:14,881  INFO [main] HiveMetaStore.audit: ugi=alex	ip=unknown-ip-addr	cmd=get_tables_by_type: db=@hive#junit_specific_db pat=.*,type=MATERIALIZED_VIEW	
2024-05-01T05:39:14,881  INFO [main] HiveMetaStore.audit: ugi=alex	ip=unknown-ip-addr	cmd=getTablesByTypeCore: catName=hive: db=junit_specific_db pat=.*,type=MATERIALIZED_VIEW	
2024-05-01T05:39:14,886  INFO [main] HiveMetaStore.audit: ugi=alex	ip=unknown-ip-addr	cmd=get_all_tables: db=@hive#junit_specific_db	
2024-05-01T05:39:14,889  INFO [main] HiveMetaStore.audit: ugi=alex	ip=unknown-ip-addr	cmd=get_multi_table : db=junit_specific_db tbls=junit_specific_size2	
2024-05-01T05:39:14,893  INFO [main] HiveMetaStore.audit: ugi=alex	ip=unknown-ip-addr	cmd=drop_database: @hive#junit_specific_db	
2024-05-01T05:39:14,894  INFO [main] HiveMetaStore.audit: ugi=alex	ip=unknown-ip-addr	cmd=get_all_tables: db=@hive#junit_specific_db	
2024-05-01T05:39:14,895  INFO [main] HiveMetaStore.audit: ugi=alex	ip=unknown-ip-addr	cmd=get_functions: db=@hive#junit_specific_db pat=*	
2024-05-01T05:39:14,899  INFO [main] HiveMetaStore.audit: ugi=alex	ip=unknown-ip-addr	cmd=get_all_stored_procedures	
2024-05-01T05:39:14,902  INFO [main] HiveMetaStore.audit: ugi=alex	ip=unknown-ip-addr	cmd=get_all_packages	
2024-05-01T05:39:14,905  INFO [main] HiveMetaStore.audit: ugi=alex	ip=unknown-ip-addr	cmd=getTablesByTypeCore: catName=hive: db=junit_specific_db pat=.*,type=MATERIALIZED_VIEW	
2024-05-01T05:39:14,909  INFO [main] HiveMetaStore.audit: ugi=alex	ip=unknown-ip-addr	cmd=drop_table : tbl=hive.junit_specific_db.junit_specific_size2	
2024-05-01T05:39:14,921  INFO [main] metastore.ObjectStore: Dropping database hive.junit_specific_db along with all tables
2024-05-01T05:39:14,938  INFO [main] txn.TxnHandler: Non-retryable error in cleanupRecords : Table/View 'TXN_COMPONENTS' does not exist. (SQLState=42X05, ErrorCode=20000)
2024-05-01T05:39:14,938  WARN [main] txn.TxnHandler: Cannot perform cleanup since metastore table does not exist
2024-05-01T05:39:14,941  WARN [main] utils.FileUtils: File file:/home/alex/Repositories/hive/hcatalog/hcatalog-pig-adapter/build/test/data/org.apache.hive.hcatalog.mapreduce.HCatBaseTest-1714567133524/warehouse/junit_specific_db.db does not exist; Force to delete it.
2024-05-01T05:39:14,941 ERROR [main] utils.FileUtils: Failed to delete file:/home/alex/Repositories/hive/hcatalog/hcatalog-pig-adapter/build/test/data/org.apache.hive.hcatalog.mapreduce.HCatBaseTest-1714567133524/warehouse/junit_specific_db.db
2024-05-01T05:39:14,941  INFO [main] metadata.Hive: Dumping metastore api call timing information for : execution phase
2024-05-01T05:39:14,941  INFO [main] metadata.Hive: Total time spent in each metastore function (ms): {isCompatibleWith_(Configuration)=0, dropDatabase_(String, boolean, boolean, boolean)=61}
2024-05-01T05:39:14,942  INFO [main] ql.Driver: Completed executing command(queryId=alex_20240501053909_1a23d5e5-4008-482e-aa1d-d0d0aac0e71d); Time taken: 0.061 seconds
]]></system-err>
  </testcase>
  <testcase name="testColumnarStorePushdown2" classname="org.apache.hive.hcatalog.pig.TestParquetHCatLoader" time="4.84"/>
  <testcase name="testGetInputBytes" classname="org.apache.hive.hcatalog.pig.TestParquetHCatLoader" time="2.837"/>
  <testcase name="testProjectionsBasic" classname="org.apache.hive.hcatalog.pig.TestParquetHCatLoader" time="3.57"/>
  <testcase name="testConvertBooleanToInt" classname="org.apache.hive.hcatalog.pig.TestParquetHCatLoader" time="3.355"/>
  <testcase name="testReadDataBasic" classname="org.apache.hive.hcatalog.pig.TestParquetHCatLoader" time="2.999"/>
  <testcase name="testColumnarStorePushdown" classname="org.apache.hive.hcatalog.pig.TestParquetHCatLoader" time="3.037"/>
  <testcase name="testGetInputBytesMultipleTables" classname="org.apache.hive.hcatalog.pig.TestParquetHCatLoader" time="2.597"/>
  <testcase name="testDatePartitionPushUp" classname="org.apache.hive.hcatalog.pig.TestParquetHCatLoader" time="3.087"/>
  <testcase name="testSchemaLoadPrimitiveTypes" classname="org.apache.hive.hcatalog.pig.TestParquetHCatLoader" time="2.693"/>
  <testcase name="testSchemaLoadBasic" classname="org.apache.hive.hcatalog.pig.TestParquetHCatLoader" time="2.517"/>
  <testcase name="testReadPartitionedBasic" classname="org.apache.hive.hcatalog.pig.TestParquetHCatLoader" time="4.024"/>
  <testcase name="testReadDataPrimitiveTypes" classname="org.apache.hive.hcatalog.pig.TestParquetHCatLoader" time="2.937"/>
</testsuite>