<?xml version="1.0" encoding="UTF-8"?>
<testsuite xmlns:xsi="http://www.w3.org/2001/XMLSchema-instance" xsi:noNamespaceSchemaLocation="https://maven.apache.org/surefire/maven-surefire-plugin/xsd/surefire-test-report-3.0.xsd" version="3.0" name="org.apache.hive.beeline.cli.TestHiveCli" time="48.266" tests="28" errors="1" skipped="0" failures="17">
  <properties>
    <property name="build.test.dir" value="/home/alex/Repositories/hive/beeline/target/tmp"/>
    <property name="awt.toolkit" value="sun.awt.X11.XToolkit"/>
    <property name="test.tmp.dir.uri" value="file:///home/alex/Repositories/hive/beeline/target/tmp"/>
    <property name="java.specification.version" value="1.8"/>
    <property name="qfile" value=""/>
    <property name="test.warehouse.dir" value="pfile:///home/alex/Repositories/hive/beeline/target/warehouse"/>
    <property name="sun.cpu.isalist" value=""/>
    <property name="sun.jnu.encoding" value="UTF-8"/>
    <property name="run_disabled" value=""/>
    <property name="sun.arch.data.model" value="64"/>
    <property name="java.vendor.url" value="http://java.oracle.com/"/>
    <property name="user.country.format" value="PT"/>
    <property name="test.tmp.dir" value="/home/alex/Repositories/hive/beeline/target/tmp"/>
    <property name="sun.boot.library.path" value="/usr/lib/jvm/java-8-openjdk-amd64/jre/lib/amd64"/>
    <property name="sun.java.command" value="/home/alex/Repositories/hive/beeline/target/surefire/surefirebooter6915144450905260574.jar /home/alex/Repositories/hive/beeline/target/surefire 2024-05-01T09-25-38_262-jvmRun1 surefire844241681821404359tmp surefire_872192541575243194560tmp"/>
    <property name="java.specification.vendor" value="Oracle Corporation"/>
    <property name="java.home" value="/usr/lib/jvm/java-8-openjdk-amd64/jre"/>
    <property name="file.separator" value="/"/>
    <property name="basedir" value="/home/alex/Repositories/hive/beeline"/>
    <property name="line.separator" value="&#10;"/>
    <property name="java.vm.specification.vendor" value="Oracle Corporation"/>
    <property name="java.specification.name" value="Java Platform API Specification"/>
    <property name="derby.stream.error.file" value="/home/alex/Repositories/hive/beeline/target/tmp/derby.log"/>
    <property name="log4j.debug" value="true"/>
    <property name="sun.boot.class.path" value="/usr/lib/jvm/java-8-openjdk-amd64/jre/lib/resources.jar:/usr/lib/jvm/java-8-openjdk-amd64/jre/lib/rt.jar:/usr/lib/jvm/java-8-openjdk-amd64/jre/lib/sunrsasign.jar:/usr/lib/jvm/java-8-openjdk-amd64/jre/lib/jsse.jar:/usr/lib/jvm/java-8-openjdk-amd64/jre/lib/jce.jar:/usr/lib/jvm/java-8-openjdk-amd64/jre/lib/charsets.jar:/usr/lib/jvm/java-8-openjdk-amd64/jre/lib/jfr.jar:/usr/lib/jvm/java-8-openjdk-amd64/jre/classes"/>
    <property name="sun.management.compiler" value="HotSpot 64-Bit Tiered Compilers"/>
    <property name="spark.home" value=""/>
    <property name="java.runtime.version" value="1.8.0_402-8u402-ga-2ubuntu1~22.04-b06"/>
    <property name="user.name" value="alex"/>
    <property name="test.src.tables" value=""/>
    <property name="file.encoding" value="UTF-8"/>
    <property name="yyy" value="5"/>
    <property name="qfile_regex" value=""/>
    <property name="hadoop.bin.path" value="/home/alex/Repositories/hive/beeline/../testutils/hadoop"/>
    <property name="localRepository" value="/home/alex/.m2/repository"/>
    <property name="build.dir" value="/home/alex/Repositories/hive/beeline/target"/>
    <property name="mapred.job.tracker" value="local"/>
    <property name="java.io.tmpdir" value="/home/alex/Repositories/hive/beeline/target/tmp"/>
    <property name="com.zaxxer.hikari.pool_number" value="3"/>
    <property name="java.version" value="1.8.0_402"/>
    <property name="hive.version" value="4.0.0-SNAPSHOT"/>
    <property name="java.vm.specification.name" value="Java Virtual Machine Specification"/>
    <property name="java.awt.printerjob" value="sun.print.PSPrinterJob"/>
    <property name="sun.os.patch.level" value="unknown"/>
    <property name="test.data.dir" value="/home/alex/Repositories/hive/beeline/../data/files"/>
    <property name="java.library.path" value="/usr/java/packages/lib/amd64:/usr/lib/x86_64-linux-gnu/jni:/lib/x86_64-linux-gnu:/usr/lib/x86_64-linux-gnu:/usr/lib/jni:/lib:/usr/lib"/>
    <property name="java.vendor" value="Private Build"/>
    <property name="java.specification.maintenance.version" value="5"/>
    <property name="sun.io.unicode.encoding" value="UnicodeLittle"/>
    <property name="xxx" value="5"/>
    <property name="initScript" value=""/>
    <property name="sun.desktop" value="gnome"/>
    <property name="calcite.enable.rexnode.digest.normalize" value="false"/>
    <property name="file.encoding.pkg" value="sun.io"/>
    <property name="log4j.configurationFile" value="file:///home/alex/Repositories/hive/beeline/target/testconf/hive-log4j2.properties"/>
    <property name="java.class.path" value="/home/alex/Repositories/hive/beeline/target/test-classes:/home/alex/Repositories/hive/beeline/target/classes:/home/alex/Repositories/hive/common/target/classes:/home/alex/Repositories/hive/classification/target/classes:/home/alex/Repositories/hive/storage-api/target/classes:/home/alex/Repositories/hive/standalone-metastore/metastore-common/target/classes:/home/alex/.m2/repository/com/github/ben-manes/caffeine/caffeine/2.8.4/caffeine-2.8.4.jar:/home/alex/.m2/repository/org/checkerframework/checker-qual/3.4.0/checker-qual-3.4.0.jar:/home/alex/.m2/repository/com/google/errorprone/error_prone_annotations/2.3.4/error_prone_annotations-2.3.4.jar:/home/alex/.m2/repository/com/google/guava/guava/19.0/guava-19.0.jar:/home/alex/.m2/repository/org/apache/commons/commons-lang3/3.9/commons-lang3-3.9.jar:/home/alex/.m2/repository/org/apache/commons/commons-math3/3.6.1/commons-math3-3.6.1.jar:/home/alex/.m2/repository/org/apache/orc/orc-core/1.6.9/orc-core-1.6.9.jar:/home/alex/.m2/repository/org/apache/orc/orc-shims/1.6.9/orc-shims-1.6.9.jar:/home/alex/.m2/repository/io/airlift/aircompressor/0.19/aircompressor-0.19.jar:/home/alex/.m2/repository/javax/xml/bind/jaxb-api/2.2.11/jaxb-api-2.2.11.jar:/home/alex/.m2/repository/org/jetbrains/annotations/17.0.0/annotations-17.0.0.jar:/home/alex/.m2/repository/org/threeten/threeten-extra/1.5.0/threeten-extra-1.5.0.jar:/home/alex/.m2/repository/javax/servlet/javax.servlet-api/3.1.0/javax.servlet-api-3.1.0.jar:/home/alex/.m2/repository/org/eclipse/jetty/jetty-http/9.3.27.v20190418/jetty-http-9.3.27.v20190418.jar:/home/alex/.m2/repository/org/eclipse/jetty/jetty-rewrite/9.3.27.v20190418/jetty-rewrite-9.3.27.v20190418.jar:/home/alex/.m2/repository/org/eclipse/jetty/jetty-client/9.3.27.v20190418/jetty-client-9.3.27.v20190418.jar:/home/alex/.m2/repository/org/eclipse/jetty/jetty-server/9.3.27.v20190418/jetty-server-9.3.27.v20190418.jar:/home/alex/.m2/repository/org/eclipse/jetty/jetty-io/9.3.27.v20190418/jetty-io-9.3.27.v20190418.jar:/home/alex/.m2/repository/org/eclipse/jetty/jetty-servlet/9.3.27.v20190418/jetty-servlet-9.3.27.v20190418.jar:/home/alex/.m2/repository/org/eclipse/jetty/jetty-security/9.3.27.v20190418/jetty-security-9.3.27.v20190418.jar:/home/alex/.m2/repository/org/eclipse/jetty/jetty-webapp/9.3.27.v20190418/jetty-webapp-9.3.27.v20190418.jar:/home/alex/.m2/repository/org/eclipse/jetty/jetty-xml/9.3.27.v20190418/jetty-xml-9.3.27.v20190418.jar:/home/alex/.m2/repository/joda-time/joda-time/2.9.9/joda-time-2.9.9.jar:/home/alex/.m2/repository/org/apache/logging/log4j/log4j-1.2-api/2.13.2/log4j-1.2-api-2.13.2.jar:/home/alex/.m2/repository/org/apache/logging/log4j/log4j-web/2.13.2/log4j-web-2.13.2.jar:/home/alex/.m2/repository/org/apache/commons/commons-compress/1.21/commons-compress-1.21.jar:/home/alex/.m2/repository/org/apache/ant/ant/1.9.1/ant-1.9.1.jar:/home/alex/.m2/repository/org/apache/ant/ant-launcher/1.9.1/ant-launcher-1.9.1.jar:/home/alex/.m2/repository/net/sf/jpam/jpam/1.1/jpam-1.1.jar:/home/alex/.m2/repository/com/tdunning/json/1.8/json-1.8.jar:/home/alex/.m2/repository/io/dropwizard/metrics/metrics-core/3.1.0/metrics-core-3.1.0.jar:/home/alex/.m2/repository/io/dropwizard/metrics/metrics-jvm/3.1.0/metrics-jvm-3.1.0.jar:/home/alex/.m2/repository/io/dropwizard/metrics/metrics-json/3.1.0/metrics-json-3.1.0.jar:/home/alex/.m2/repository/com/fasterxml/jackson/core/jackson-databind/2.12.0/jackson-databind-2.12.0.jar:/home/alex/.m2/repository/com/github/joshelser/dropwizard-metrics-hadoop-metrics2-reporter/0.1.2/dropwizard-metrics-hadoop-metrics2-reporter-0.1.2.jar:/home/alex/.m2/repository/javolution/javolution/5.5.1/javolution-5.5.1.jar:/home/alex/Repositories/hive/metastore/target/classes:/home/alex/Repositories/hive/serde/target/classes:/home/alex/.m2/repository/org/apache/arrow/arrow-vector/0.15.1/arrow-vector-0.15.1.jar:/home/alex/.m2/repository/org/apache/arrow/arrow-format/0.15.1/arrow-format-0.15.1.jar:/home/alex/.m2/repository/org/apache/arrow/arrow-memory/0.15.1/arrow-memory-0.15.1.jar:/home/alex/.m2/repository/com/google/flatbuffers/flatbuffers-java/1.9.0/flatbuffers-java-1.9.0.jar:/home/alex/.m2/repository/com/carrotsearch/hppc/0.7.2/hppc-0.7.2.jar:/home/alex/.m2/repository/com/github/davidmoten/flatbuffers-java/1.6.0.1/flatbuffers-java-1.6.0.1.jar:/home/alex/.m2/repository/org/apache/derby/derby/10.14.1.0/derby-10.14.1.0.jar:/home/alex/.m2/repository/org/antlr/antlr-runtime/3.5.2/antlr-runtime-3.5.2.jar:/home/alex/.m2/repository/org/apache/thrift/libfb303/0.9.3/libfb303-0.9.3.jar:/home/alex/Repositories/hive/shims/aggregator/target/classes:/home/alex/Repositories/hive/shims/common/target/classes:/home/alex/Repositories/hive/shims/0.23/target/classes:/home/alex/.m2/repository/org/apache/hadoop/hadoop-yarn-server-resourcemanager/3.1.0/hadoop-yarn-server-resourcemanager-3.1.0.jar:/home/alex/.m2/repository/org/eclipse/jetty/jetty-util-ajax/9.3.19.v20170502/jetty-util-ajax-9.3.19.v20170502.jar:/home/alex/.m2/repository/org/apache/hadoop/hadoop-yarn-server-common/3.1.0/hadoop-yarn-server-common-3.1.0.jar:/home/alex/.m2/repository/org/apache/geronimo/specs/geronimo-jcache_1.0_spec/1.0-alpha-1/geronimo-jcache_1.0_spec-1.0-alpha-1.jar:/home/alex/.m2/repository/org/ehcache/ehcache/3.3.1/ehcache-3.3.1.jar:/home/alex/.m2/repository/com/zaxxer/HikariCP-java7/2.4.12/HikariCP-java7-2.4.12.jar:/home/alex/.m2/repository/org/apache/hadoop/hadoop-yarn-server-applicationhistoryservice/3.1.0/hadoop-yarn-server-applicationhistoryservice-3.1.0.jar:/home/alex/.m2/repository/de/ruedigermoeller/fst/2.50/fst-2.50.jar:/home/alex/.m2/repository/com/cedarsoftware/java-util/1.9.0/java-util-1.9.0.jar:/home/alex/.m2/repository/com/cedarsoftware/json-io/2.5.1/json-io-2.5.1.jar:/home/alex/.m2/repository/org/apache/hadoop/hadoop-yarn-server-web-proxy/3.1.0/hadoop-yarn-server-web-proxy-3.1.0.jar:/home/alex/.m2/repository/org/fusesource/leveldbjni/leveldbjni-all/1.8/leveldbjni-all-1.8.jar:/home/alex/Repositories/hive/shims/scheduler/target/classes:/home/alex/Repositories/hive/jdbc/target/classes:/home/alex/Repositories/hive/llap-client/target/classes:/home/alex/Repositories/hive/llap-common/target/classes:/home/alex/.m2/repository/io/jsonwebtoken/jjwt-api/0.10.5/jjwt-api-0.10.5.jar:/home/alex/.m2/repository/io/jsonwebtoken/jjwt-impl/0.10.5/jjwt-impl-0.10.5.jar:/home/alex/.m2/repository/io/jsonwebtoken/jjwt-jackson/0.10.5/jjwt-jackson-0.10.5.jar:/home/alex/Repositories/hive/service-rpc/target/classes:/home/alex/.m2/repository/org/apache/httpcomponents/httpclient/4.5.13/httpclient-4.5.13.jar:/home/alex/.m2/repository/org/apache/httpcomponents/httpcore/4.4.13/httpcore-4.4.13.jar:/home/alex/.m2/repository/org/apache/zookeeper/zookeeper/3.5.5/zookeeper-3.5.5.jar:/home/alex/.m2/repository/org/apache/zookeeper/zookeeper-jute/3.5.5/zookeeper-jute-3.5.5.jar:/home/alex/.m2/repository/org/apache/yetus/audience-annotations/0.5.0/audience-annotations-0.5.0.jar:/home/alex/.m2/repository/org/apache/curator/curator-framework/4.2.0/curator-framework-4.2.0.jar:/home/alex/Repositories/hive/standalone-metastore/metastore-server/target/classes:/home/alex/.m2/repository/com/google/protobuf/protobuf-java/2.5.0/protobuf-java-2.5.0.jar:/home/alex/.m2/repository/com/zaxxer/HikariCP/2.6.1/HikariCP-2.6.1.jar:/home/alex/.m2/repository/org/apache/commons/commons-dbcp2/2.7.0/commons-dbcp2-2.7.0.jar:/home/alex/.m2/repository/org/apache/commons/commons-pool2/2.7.0/commons-pool2-2.7.0.jar:/home/alex/.m2/repository/commons-beanutils/commons-beanutils/1.9.4/commons-beanutils-1.9.4.jar:/home/alex/.m2/repository/org/apache/logging/log4j/log4j-core/2.13.2/log4j-core-2.13.2.jar:/home/alex/.m2/repository/org/datanucleus/datanucleus-api-jdo/5.2.4/datanucleus-api-jdo-5.2.4.jar:/home/alex/.m2/repository/org/datanucleus/datanucleus-core/5.2.4/datanucleus-core-5.2.4.jar:/home/alex/.m2/repository/org/datanucleus/datanucleus-rdbms/5.2.4/datanucleus-rdbms-5.2.4.jar:/home/alex/.m2/repository/org/datanucleus/javax.jdo/3.2.0-release/javax.jdo-3.2.0-release.jar:/home/alex/.m2/repository/javax/transaction/javax.transaction-api/1.3/javax.transaction-api-1.3.jar:/home/alex/.m2/repository/org/glassfish/corba/glassfish-corba-omgapi/4.2.2/glassfish-corba-omgapi-4.2.2.jar:/home/alex/.m2/repository/sqlline/sqlline/1.9.0/sqlline-1.9.0.jar:/home/alex/.m2/repository/org/jline/jline-terminal/3.12.1/jline-terminal-3.12.1.jar:/home/alex/.m2/repository/org/jline/jline-reader/3.12.1/jline-reader-3.12.1.jar:/home/alex/.m2/repository/org/jline/jline-terminal-jansi/3.12.1/jline-terminal-jansi-3.12.1.jar:/home/alex/.m2/repository/org/fusesource/jansi/jansi/1.18/jansi-1.18.jar:/home/alex/.m2/repository/org/jline/jline-terminal-jna/3.12.1/jline-terminal-jna-3.12.1.jar:/home/alex/.m2/repository/net/java/dev/jna/jna/5.3.1/jna-5.3.1.jar:/home/alex/.m2/repository/org/jline/jline-builtins/3.12.1/jline-builtins-3.12.1.jar:/home/alex/.m2/repository/org/jline/jline-style/3.12.1/jline-style-3.12.1.jar:/home/alex/.m2/repository/commons-logging/commons-logging/1.1.3/commons-logging-1.1.3.jar:/home/alex/.m2/repository/com/cronutils/cron-utils/9.1.3/cron-utils-9.1.3.jar:/home/alex/.m2/repository/org/glassfish/javax.el/3.0.0/javax.el-3.0.0.jar:/home/alex/.m2/repository/com/oracle/database/jdbc/ojdbc8/21.3.0.0/ojdbc8-21.3.0.0.jar:/home/alex/.m2/repository/mysql/mysql-connector-java/8.0.27/mysql-connector-java-8.0.27.jar:/home/alex/.m2/repository/com/microsoft/sqlserver/mssql-jdbc/6.2.1.jre8/mssql-jdbc-6.2.1.jre8.jar:/home/alex/.m2/repository/commons-cli/commons-cli/1.4/commons-cli-1.4.jar:/home/alex/.m2/repository/commons-io/commons-io/2.6/commons-io-2.6.jar:/home/alex/.m2/repository/com/fasterxml/jackson/core/jackson-core/2.12.0/jackson-core-2.12.0.jar:/home/alex/.m2/repository/jline/jline/2.14.6/jline-2.14.6.jar:/home/alex/.m2/repository/org/apache/hadoop/hadoop-common/3.1.0/hadoop-common-3.1.0.jar:/home/alex/.m2/repository/org/apache/hadoop/hadoop-annotations/3.1.0/hadoop-annotations-3.1.0.jar:/usr/lib/jvm/java-8-openjdk-amd64/jre/../lib/tools.jar:/home/alex/.m2/repository/commons-codec/commons-codec/1.15/commons-codec-1.15.jar:/home/alex/.m2/repository/commons-net/commons-net/3.6/commons-net-3.6.jar:/home/alex/.m2/repository/commons-collections/commons-collections/3.2.2/commons-collections-3.2.2.jar:/home/alex/.m2/repository/org/eclipse/jetty/jetty-util/9.3.27.v20190418/jetty-util-9.3.27.v20190418.jar:/home/alex/.m2/repository/javax/servlet/jsp/jsp-api/2.1/jsp-api-2.1.jar:/home/alex/.m2/repository/com/sun/jersey/jersey-core/1.19/jersey-core-1.19.jar:/home/alex/.m2/repository/javax/ws/rs/jsr311-api/1.1.1/jsr311-api-1.1.1.jar:/home/alex/.m2/repository/com/sun/jersey/jersey-servlet/1.19/jersey-servlet-1.19.jar:/home/alex/.m2/repository/com/sun/jersey/jersey-json/1.19/jersey-json-1.19.jar:/home/alex/.m2/repository/org/codehaus/jettison/jettison/1.1/jettison-1.1.jar:/home/alex/.m2/repository/com/sun/xml/bind/jaxb-impl/2.2.3-1/jaxb-impl-2.2.3-1.jar:/home/alex/.m2/repository/org/codehaus/jackson/jackson-core-asl/1.9.2/jackson-core-asl-1.9.2.jar:/home/alex/.m2/repository/org/codehaus/jackson/jackson-mapper-asl/1.9.2/jackson-mapper-asl-1.9.2.jar:/home/alex/.m2/repository/org/codehaus/jackson/jackson-jaxrs/1.9.2/jackson-jaxrs-1.9.2.jar:/home/alex/.m2/repository/org/codehaus/jackson/jackson-xc/1.9.2/jackson-xc-1.9.2.jar:/home/alex/.m2/repository/com/sun/jersey/jersey-server/1.19/jersey-server-1.19.jar:/home/alex/.m2/repository/commons-lang/commons-lang/2.6/commons-lang-2.6.jar:/home/alex/.m2/repository/org/apache/commons/commons-configuration2/2.1.1/commons-configuration2-2.1.1.jar:/home/alex/.m2/repository/org/apache/avro/avro/1.8.2/avro-1.8.2.jar:/home/alex/.m2/repository/com/thoughtworks/paranamer/paranamer/2.8/paranamer-2.8.jar:/home/alex/.m2/repository/org/xerial/snappy/snappy-java/1.1.4/snappy-java-1.1.4.jar:/home/alex/.m2/repository/org/tukaani/xz/1.5/xz-1.5.jar:/home/alex/.m2/repository/com/google/re2j/re2j/1.2/re2j-1.2.jar:/home/alex/.m2/repository/com/google/code/gson/gson/2.2.4/gson-2.2.4.jar:/home/alex/.m2/repository/org/apache/hadoop/hadoop-auth/3.1.0/hadoop-auth-3.1.0.jar:/home/alex/.m2/repository/com/nimbusds/nimbus-jose-jwt/4.41.1/nimbus-jose-jwt-4.41.1.jar:/home/alex/.m2/repository/com/github/stephenc/jcip/jcip-annotations/1.0-1/jcip-annotations-1.0-1.jar:/home/alex/.m2/repository/net/minidev/json-smart/2.3/json-smart-2.3.jar:/home/alex/.m2/repository/net/minidev/accessors-smart/1.2/accessors-smart-1.2.jar:/home/alex/.m2/repository/com/jcraft/jsch/0.1.54/jsch-0.1.54.jar:/home/alex/.m2/repository/com/google/code/findbugs/jsr305/3.0.0/jsr305-3.0.0.jar:/home/alex/.m2/repository/org/apache/htrace/htrace-core4/4.1.0-incubating/htrace-core4-4.1.0-incubating.jar:/home/alex/.m2/repository/org/apache/kerby/kerb-simplekdc/1.0.1/kerb-simplekdc-1.0.1.jar:/home/alex/.m2/repository/org/apache/kerby/kerb-client/1.0.1/kerb-client-1.0.1.jar:/home/alex/.m2/repository/org/apache/kerby/kerby-config/1.0.1/kerby-config-1.0.1.jar:/home/alex/.m2/repository/org/apache/kerby/kerb-core/1.0.1/kerb-core-1.0.1.jar:/home/alex/.m2/repository/org/apache/kerby/kerby-pkix/1.0.1/kerby-pkix-1.0.1.jar:/home/alex/.m2/repository/org/apache/kerby/kerby-asn1/1.0.1/kerby-asn1-1.0.1.jar:/home/alex/.m2/repository/org/apache/kerby/kerby-util/1.0.1/kerby-util-1.0.1.jar:/home/alex/.m2/repository/org/apache/kerby/kerb-common/1.0.1/kerb-common-1.0.1.jar:/home/alex/.m2/repository/org/apache/kerby/kerb-crypto/1.0.1/kerb-crypto-1.0.1.jar:/home/alex/.m2/repository/org/apache/kerby/kerb-util/1.0.1/kerb-util-1.0.1.jar:/home/alex/.m2/repository/org/apache/kerby/token-provider/1.0.1/token-provider-1.0.1.jar:/home/alex/.m2/repository/org/apache/kerby/kerb-admin/1.0.1/kerb-admin-1.0.1.jar:/home/alex/.m2/repository/org/apache/kerby/kerb-server/1.0.1/kerb-server-1.0.1.jar:/home/alex/.m2/repository/org/apache/kerby/kerb-identity/1.0.1/kerb-identity-1.0.1.jar:/home/alex/.m2/repository/org/apache/kerby/kerby-xdr/1.0.1/kerby-xdr-1.0.1.jar:/home/alex/.m2/repository/org/codehaus/woodstox/stax2-api/3.1.4/stax2-api-3.1.4.jar:/home/alex/.m2/repository/com/fasterxml/woodstox/woodstox-core/5.0.3/woodstox-core-5.0.3.jar:/home/alex/.m2/repository/org/apache/thrift/libthrift/0.14.1/libthrift-0.14.1.jar:/home/alex/.m2/repository/org/apache/tomcat/embed/tomcat-embed-core/8.5.46/tomcat-embed-core-8.5.46.jar:/home/alex/.m2/repository/org/apache/tomcat/tomcat-annotations-api/8.5.46/tomcat-annotations-api-8.5.46.jar:/home/alex/.m2/repository/javax/annotation/javax.annotation-api/1.3.2/javax.annotation-api-1.3.2.jar:/home/alex/.m2/repository/net/sf/supercsv/super-csv/2.2.0/super-csv-2.2.0.jar:/home/alex/.m2/repository/org/apache/logging/log4j/log4j-slf4j-impl/2.13.2/log4j-slf4j-impl-2.13.2.jar:/home/alex/.m2/repository/org/apache/logging/log4j/log4j-api/2.13.2/log4j-api-2.13.2.jar:/home/alex/Repositories/hive/ql/target/test-classes:/home/alex/.m2/repository/org/apache/atlas/atlas-client-v2/2.1.0/atlas-client-v2-2.1.0.jar:/home/alex/.m2/repository/cglib/cglib/2.2.2/cglib-2.2.2.jar:/home/alex/.m2/repository/asm/asm/3.3.1/asm-3.3.1.jar:/home/alex/.m2/repository/org/apache/atlas/atlas-client-common/2.1.0/atlas-client-common-2.1.0.jar:/home/alex/.m2/repository/com/sun/jersey/jersey-client/1.19/jersey-client-1.19.jar:/home/alex/.m2/repository/org/apache/atlas/atlas-intg/2.1.0/atlas-intg-2.1.0.jar:/home/alex/.m2/repository/commons-validator/commons-validator/1.6/commons-validator-1.6.jar:/home/alex/.m2/repository/commons-digester/commons-digester/1.8.1/commons-digester-1.8.1.jar:/home/alex/.m2/repository/com/fasterxml/jackson/jaxrs/jackson-jaxrs-base/2.12.0/jackson-jaxrs-base-2.12.0.jar:/home/alex/.m2/repository/com/fasterxml/jackson/jaxrs/jackson-jaxrs-json-provider/2.12.0/jackson-jaxrs-json-provider-2.12.0.jar:/home/alex/.m2/repository/javax/inject/javax.inject/1/javax.inject-1.jar:/home/alex/.m2/repository/org/springframework/spring-context/4.3.20.RELEASE/spring-context-4.3.20.RELEASE.jar:/home/alex/.m2/repository/org/springframework/spring-aop/4.3.20.RELEASE/spring-aop-4.3.20.RELEASE.jar:/home/alex/.m2/repository/org/springframework/spring-beans/4.3.20.RELEASE/spring-beans-4.3.20.RELEASE.jar:/home/alex/.m2/repository/org/springframework/spring-core/4.3.20.RELEASE/spring-core-4.3.20.RELEASE.jar:/home/alex/.m2/repository/org/springframework/spring-expression/4.3.20.RELEASE/spring-expression-4.3.20.RELEASE.jar:/home/alex/.m2/repository/commons-configuration/commons-configuration/1.10/commons-configuration-1.10.jar:/home/alex/Repositories/hive/vector-code-gen/target/classes:/home/alex/.m2/repository/org/apache/velocity/velocity/1.5/velocity-1.5.jar:/home/alex/.m2/repository/oro/oro/2.0.8/oro-2.0.8.jar:/home/alex/Repositories/hive/parser/target/classes:/home/alex/Repositories/hive/udf/target/classes:/home/alex/Repositories/hive/llap-tez/target/classes:/home/alex/Repositories/hive/spark-client/target/classes:/home/alex/.m2/repository/io/netty/netty-all/4.1.65.Final/netty-all-4.1.65.Final.jar:/home/alex/.m2/repository/com/fasterxml/jackson/module/jackson-module-scala_2.12/2.12.0/jackson-module-scala_2.12-2.12.0.jar:/home/alex/.m2/repository/org/scala-lang/scala-library/2.12.10/scala-library-2.12.10.jar:/home/alex/.m2/repository/org/apache/spark/spark-core_2.12/2.4.5/spark-core_2.12-2.4.5.jar:/home/alex/.m2/repository/com/twitter/chill_2.12/0.9.3/chill_2.12-0.9.3.jar:/home/alex/.m2/repository/com/twitter/chill-java/0.9.3/chill-java-0.9.3.jar:/home/alex/.m2/repository/org/apache/xbean/xbean-asm6-shaded/4.8/xbean-asm6-shaded-4.8.jar:/home/alex/.m2/repository/org/apache/hadoop/hadoop-client/3.1.0/hadoop-client-3.1.0.jar:/home/alex/.m2/repository/org/apache/hadoop/hadoop-mapreduce-client-jobclient/3.1.0/hadoop-mapreduce-client-jobclient-3.1.0.jar:/home/alex/.m2/repository/org/apache/hadoop/hadoop-mapreduce-client-common/3.1.0/hadoop-mapreduce-client-common-3.1.0.jar:/home/alex/.m2/repository/org/apache/spark/spark-launcher_2.12/2.4.5/spark-launcher_2.12-2.4.5.jar:/home/alex/.m2/repository/org/apache/spark/spark-kvstore_2.12/2.4.5/spark-kvstore_2.12-2.4.5.jar:/home/alex/.m2/repository/org/apache/spark/spark-network-common_2.12/2.4.5/spark-network-common_2.12-2.4.5.jar:/home/alex/.m2/repository/org/apache/spark/spark-network-shuffle_2.12/2.4.5/spark-network-shuffle_2.12-2.4.5.jar:/home/alex/.m2/repository/org/apache/spark/spark-unsafe_2.12/2.4.5/spark-unsafe_2.12-2.4.5.jar:/home/alex/.m2/repository/javax/activation/activation/1.1.1/activation-1.1.1.jar:/home/alex/.m2/repository/org/slf4j/jul-to-slf4j/1.7.16/jul-to-slf4j-1.7.16.jar:/home/alex/.m2/repository/org/slf4j/jcl-over-slf4j/1.7.16/jcl-over-slf4j-1.7.16.jar:/home/alex/.m2/repository/com/ning/compress-lzf/1.0.3/compress-lzf-1.0.3.jar:/home/alex/.m2/repository/org/roaringbitmap/RoaringBitmap/0.7.45/RoaringBitmap-0.7.45.jar:/home/alex/.m2/repository/org/roaringbitmap/shims/0.7.45/shims-0.7.45.jar:/home/alex/.m2/repository/org/json4s/json4s-jackson_2.12/3.5.3/json4s-jackson_2.12-3.5.3.jar:/home/alex/.m2/repository/org/json4s/json4s-core_2.12/3.5.3/json4s-core_2.12-3.5.3.jar:/home/alex/.m2/repository/org/json4s/json4s-ast_2.12/3.5.3/json4s-ast_2.12-3.5.3.jar:/home/alex/.m2/repository/org/json4s/json4s-scalap_2.12/3.5.3/json4s-scalap_2.12-3.5.3.jar:/home/alex/.m2/repository/org/scala-lang/modules/scala-xml_2.12/1.0.6/scala-xml_2.12-1.0.6.jar:/home/alex/.m2/repository/com/clearspring/analytics/stream/2.7.0/stream-2.7.0.jar:/home/alex/.m2/repository/io/dropwizard/metrics/metrics-graphite/3.1.5/metrics-graphite-3.1.5.jar:/home/alex/.m2/repository/net/razorvine/pyrolite/4.13/pyrolite-4.13.jar:/home/alex/.m2/repository/net/sf/py4j/py4j/0.10.7/py4j-0.10.7.jar:/home/alex/.m2/repository/org/apache/spark/spark-tags_2.12/2.4.5/spark-tags_2.12-2.4.5.jar:/home/alex/.m2/repository/org/apache/commons/commons-crypto/1.0.0/commons-crypto-1.0.0.jar:/home/alex/.m2/repository/org/spark-project/spark/unused/1.0.0/unused-1.0.0.jar:/home/alex/.m2/repository/org/apache/spark/spark-yarn_2.12/2.4.5/spark-yarn_2.12-2.4.5.jar:/home/alex/.m2/repository/com/amazonaws/secretsmanager/aws-secretsmanager-caching-java/1.0.1/aws-secretsmanager-caching-java-1.0.1.jar:/home/alex/.m2/repository/com/esotericsoftware/kryo/5.0.3/kryo-5.0.3.jar:/home/alex/.m2/repository/com/esotericsoftware/minlog/1.3.1/minlog-1.3.1.jar:/home/alex/.m2/repository/com/esotericsoftware/reflectasm/1.11.9/reflectasm-1.11.9.jar:/home/alex/.m2/repository/org/apache/parquet/parquet-hadoop-bundle/1.11.1/parquet-hadoop-bundle-1.11.1.jar:/home/alex/.m2/repository/org/apache/commons/commons-collections4/4.1/commons-collections4-4.1.jar:/home/alex/.m2/repository/org/apache/commons/commons-text/1.8/commons-text-1.8.jar:/home/alex/.m2/repository/org/antlr/ST4/4.0.4/ST4-4.0.4.jar:/home/alex/.m2/repository/org/apache/avro/avro-mapred/1.8.2/avro-mapred-1.8.2-hadoop2.jar:/home/alex/.m2/repository/org/apache/avro/avro-ipc/1.8.2/avro-ipc-1.8.2.jar:/home/alex/.m2/repository/org/mortbay/jetty/jetty/6.1.26/jetty-6.1.26.jar:/home/alex/.m2/repository/org/apache/hadoop/hadoop-yarn-registry/3.1.0/hadoop-yarn-registry-3.1.0.jar:/home/alex/.m2/repository/org/apache/hadoop/hadoop-yarn-api/3.1.0/hadoop-yarn-api-3.1.0.jar:/home/alex/.m2/repository/commons-daemon/commons-daemon/1.0.13/commons-daemon-1.0.13.jar:/home/alex/.m2/repository/dnsjava/dnsjava/2.1.7/dnsjava-2.1.7.jar:/home/alex/.m2/repository/org/apache/orc/orc-tools/1.6.9/orc-tools-1.6.9.jar:/home/alex/.m2/repository/com/opencsv/opencsv/3.9/opencsv-3.9.jar:/home/alex/.m2/repository/org/apache/hadoop/hadoop-hdfs/3.1.0/hadoop-hdfs-3.1.0.jar:/home/alex/.m2/repository/org/threeten/threetenbp/1.3.5/threetenbp-1.3.5.jar:/home/alex/.m2/repository/org/apache/ivy/ivy/2.4.0/ivy-2.4.0.jar:/home/alex/.m2/repository/org/apache/datasketches/datasketches-hive/1.1.0-incubating/datasketches-hive-1.1.0-incubating.jar:/home/alex/.m2/repository/org/apache/datasketches/datasketches-java/1.3.0-incubating/datasketches-java-1.3.0-incubating.jar:/home/alex/.m2/repository/org/apache/datasketches/datasketches-memory/1.2.0-incubating/datasketches-memory-1.2.0-incubating.jar:/home/alex/.m2/repository/org/slf4j/slf4j-simple/1.7.27/slf4j-simple-1.7.27.jar:/home/alex/.m2/repository/org/codehaus/groovy/groovy-all/2.4.11/groovy-all-2.4.11.jar:/home/alex/.m2/repository/org/jodd/jodd-util/6.0.0/jodd-util-6.0.0.jar:/home/alex/.m2/repository/com/fasterxml/jackson/core/jackson-annotations/2.12.0/jackson-annotations-2.12.0.jar:/home/alex/.m2/repository/com/fasterxml/jackson/dataformat/jackson-dataformat-yaml/2.12.0/jackson-dataformat-yaml-2.12.0.jar:/home/alex/.m2/repository/org/yaml/snakeyaml/1.27/snakeyaml-1.27.jar:/home/alex/.m2/repository/org/apache/calcite/calcite-core/1.25.0/calcite-core-1.25.0.jar:/home/alex/.m2/repository/org/apache/calcite/calcite-linq4j/1.25.0/calcite-linq4j-1.25.0.jar:/home/alex/.m2/repository/com/esri/geometry/esri-geometry-api/2.2.0/esri-geometry-api-2.2.0.jar:/home/alex/.m2/repository/com/yahoo/datasketches/sketches-core/0.9.0/sketches-core-0.9.0.jar:/home/alex/.m2/repository/com/yahoo/datasketches/memory/0.9.0/memory-0.9.0.jar:/home/alex/.m2/repository/org/apache/calcite/calcite-druid/1.25.0/calcite-druid-1.25.0.jar:/home/alex/.m2/repository/org/apache/calcite/avatica/avatica/1.12.0/avatica-1.12.0.jar:/home/alex/.m2/repository/com/googlecode/javaewah/JavaEWAH/0.3.2/JavaEWAH-0.3.2.jar:/home/alex/.m2/repository/stax/stax-api/1.0.1/stax-api-1.0.1.jar:/home/alex/.m2/repository/net/sf/opencsv/opencsv/2.3/opencsv-2.3.jar:/home/alex/.m2/repository/org/reflections/reflections/0.9.10/reflections-0.9.10.jar:/home/alex/.m2/repository/org/javassist/javassist/3.19.0-GA/javassist-3.19.0-GA.jar:/home/alex/.m2/repository/com/jayway/jsonpath/json-path/2.4.0/json-path-2.4.0.jar:/home/alex/.m2/repository/org/codehaus/janino/commons-compiler/3.0.11/commons-compiler-3.0.11.jar:/home/alex/.m2/repository/org/codehaus/janino/janino/3.0.11/janino-3.0.11.jar:/home/alex/.m2/repository/com/sun/jersey/contribs/jersey-multipart/1.19/jersey-multipart-1.19.jar:/home/alex/.m2/repository/org/jvnet/mimepull/mimepull/1.9.3/mimepull-1.9.3.jar:/home/alex/.m2/repository/org/apache/kafka/kafka-clients/2.5.0/kafka-clients-2.5.0.jar:/home/alex/.m2/repository/com/github/luben/zstd-jni/1.4.4-7/zstd-jni-1.4.4-7.jar:/home/alex/.m2/repository/org/lz4/lz4-java/1.7.1/lz4-java-1.7.1.jar:/home/alex/Repositories/hive/service/target/classes:/home/alex/Repositories/hive/ql/target/classes:/home/alex/Repositories/hive/llap-server/target/classes:/home/alex/.m2/repository/com/lmax/disruptor/3.3.7/disruptor-3.3.7.jar:/home/alex/Repositories/hive/llap-common/target/test-classes:/home/alex/Repositories/hive/hplsql/target/classes:/home/alex/.m2/repository/org/antlr/antlr4-runtime/4.5/antlr4-runtime-4.5.jar:/home/alex/.m2/repository/org/abego/treelayout/org.abego.treelayout.core/1.0.1/org.abego.treelayout.core-1.0.1.jar:/home/alex/.m2/repository/javax/servlet/jsp/javax.servlet.jsp-api/2.3.1/javax.servlet.jsp-api-2.3.1.jar:/home/alex/.m2/repository/org/eclipse/jetty/jetty-runner/9.3.27.v20190418/jetty-runner-9.3.27.v20190418.jar:/home/alex/.m2/repository/org/eclipse/jetty/jetty-plus/9.3.27.v20190418/jetty-plus-9.3.27.v20190418.jar:/home/alex/.m2/repository/org/eclipse/jetty/jetty-annotations/9.3.27.v20190418/jetty-annotations-9.3.27.v20190418.jar:/home/alex/.m2/repository/org/ow2/asm/asm/6.0/asm-6.0.jar:/home/alex/.m2/repository/org/ow2/asm/asm-commons/6.0/asm-commons-6.0.jar:/home/alex/.m2/repository/org/ow2/asm/asm-tree/6.0/asm-tree-6.0.jar:/home/alex/.m2/repository/org/eclipse/jetty/jetty-jaas/9.3.27.v20190418/jetty-jaas-9.3.27.v20190418.jar:/home/alex/.m2/repository/org/eclipse/jetty/websocket/websocket-server/9.3.27.v20190418/websocket-server-9.3.27.v20190418.jar:/home/alex/.m2/repository/org/eclipse/jetty/websocket/websocket-common/9.3.27.v20190418/websocket-common-9.3.27.v20190418.jar:/home/alex/.m2/repository/org/eclipse/jetty/websocket/websocket-api/9.3.27.v20190418/websocket-api-9.3.27.v20190418.jar:/home/alex/.m2/repository/org/eclipse/jetty/websocket/websocket-client/9.3.27.v20190418/websocket-client-9.3.27.v20190418.jar:/home/alex/.m2/repository/org/eclipse/jetty/websocket/websocket-servlet/9.3.27.v20190418/websocket-servlet-9.3.27.v20190418.jar:/home/alex/.m2/repository/org/eclipse/jetty/jetty-jndi/9.3.27.v20190418/jetty-jndi-9.3.27.v20190418.jar:/home/alex/.m2/repository/org/eclipse/jetty/apache-jsp/9.3.27.v20190418/apache-jsp-9.3.27.v20190418.jar:/home/alex/.m2/repository/org/eclipse/jetty/toolchain/jetty-schemas/3.1/jetty-schemas-3.1.jar:/home/alex/.m2/repository/org/eclipse/jdt/core/compiler/ecj/4.4.2/ecj-4.4.2.jar:/home/alex/.m2/repository/org/eclipse/jetty/apache-jstl/9.3.27.v20190418/apache-jstl-9.3.27.v20190418.jar:/home/alex/.m2/repository/org/apache/taglibs/taglibs-standard-spec/1.2.5/taglibs-standard-spec-1.2.5.jar:/home/alex/.m2/repository/org/apache/taglibs/taglibs-standard-impl/1.2.5/taglibs-standard-impl-1.2.5.jar:/home/alex/.m2/repository/org/apache/curator/curator-client/4.2.0/curator-client-4.2.0.jar:/home/alex/.m2/repository/org/apache/curator/curator-recipes/4.2.0/curator-recipes-4.2.0.jar:/home/alex/.m2/repository/org/pac4j/pac4j-saml-opensamlv3/4.0.3/pac4j-saml-opensamlv3-4.0.3.jar:/home/alex/.m2/repository/org/pac4j/pac4j-core/4.0.3/pac4j-core-4.0.3.jar:/home/alex/.m2/repository/org/opensaml/opensaml-core/3.4.5/opensaml-core-3.4.5.jar:/home/alex/.m2/repository/net/shibboleth/utilities/java-support/7.5.1/java-support-7.5.1.jar:/home/alex/.m2/repository/org/opensaml/opensaml-saml-api/3.4.5/opensaml-saml-api-3.4.5.jar:/home/alex/.m2/repository/org/opensaml/opensaml-storage-api/3.4.5/opensaml-storage-api-3.4.5.jar:/home/alex/.m2/repository/org/opensaml/opensaml-saml-impl/3.4.5/opensaml-saml-impl-3.4.5.jar:/home/alex/.m2/repository/org/opensaml/opensaml-soap-impl/3.4.5/opensaml-soap-impl-3.4.5.jar:/home/alex/.m2/repository/org/opensaml/opensaml-soap-api/3.4.5/opensaml-soap-api-3.4.5.jar:/home/alex/.m2/repository/org/opensaml/opensaml-xmlsec-api/3.4.5/opensaml-xmlsec-api-3.4.5.jar:/home/alex/.m2/repository/org/opensaml/opensaml-security-api/3.4.5/opensaml-security-api-3.4.5.jar:/home/alex/.m2/repository/org/opensaml/opensaml-security-impl/3.4.5/opensaml-security-impl-3.4.5.jar:/home/alex/.m2/repository/org/opensaml/opensaml-profile-api/3.4.5/opensaml-profile-api-3.4.5.jar:/home/alex/.m2/repository/org/opensaml/opensaml-profile-impl/3.4.5/opensaml-profile-impl-3.4.5.jar:/home/alex/.m2/repository/org/opensaml/opensaml-messaging-api/3.4.5/opensaml-messaging-api-3.4.5.jar:/home/alex/.m2/repository/org/opensaml/opensaml-messaging-impl/3.4.5/opensaml-messaging-impl-3.4.5.jar:/home/alex/.m2/repository/org/opensaml/opensaml-storage-impl/3.4.5/opensaml-storage-impl-3.4.5.jar:/home/alex/.m2/repository/org/ldaptive/ldaptive/1.0.13/ldaptive-1.0.13.jar:/home/alex/.m2/repository/javax/json/javax.json-api/1.0/javax.json-api-1.0.jar:/home/alex/.m2/repository/net/spy/spymemcached/2.12.3/spymemcached-2.12.3.jar:/home/alex/.m2/repository/org/glassfish/javax.json/1.0.4/javax.json-1.0.4.jar:/home/alex/.m2/repository/org/opensaml/opensaml-xmlsec-impl/3.4.5/opensaml-xmlsec-impl-3.4.5.jar:/home/alex/.m2/repository/org/cryptacular/cryptacular/1.2.4/cryptacular-1.2.4.jar:/home/alex/.m2/repository/net/shibboleth/tool/xmlsectool/2.0.0/xmlsectool-2.0.0.jar:/home/alex/.m2/repository/com/beust/jcommander/1.48/jcommander-1.48.jar:/home/alex/.m2/repository/org/bouncycastle/bcprov-jdk15on/1.64/bcprov-jdk15on-1.64.jar:/home/alex/.m2/repository/org/apache/santuario/xmlsec/2.2.1/xmlsec-2.2.1.jar:/home/alex/.m2/repository/org/jamon/jamon-runtime/2.3.1/jamon-runtime-2.3.1.jar:/home/alex/.m2/repository/org/apache/hadoop/hadoop-mapreduce-client-core/3.1.0/hadoop-mapreduce-client-core-3.1.0.jar:/home/alex/.m2/repository/org/apache/hadoop/hadoop-yarn-client/3.1.0/hadoop-yarn-client-3.1.0.jar:/home/alex/.m2/repository/org/apache/hadoop/hadoop-yarn-common/3.1.0/hadoop-yarn-common-3.1.0.jar:/home/alex/.m2/repository/com/google/inject/guice/4.0/guice-4.0.jar:/home/alex/.m2/repository/aopalliance/aopalliance/1.0/aopalliance-1.0.jar:/home/alex/.m2/repository/com/sun/jersey/contribs/jersey-guice/1.19/jersey-guice-1.19.jar:/home/alex/.m2/repository/com/fasterxml/jackson/module/jackson-module-jaxb-annotations/2.12.0/jackson-module-jaxb-annotations-2.12.0.jar:/home/alex/.m2/repository/jakarta/xml/bind/jakarta.xml.bind-api/2.3.2/jakarta.xml.bind-api-2.3.2.jar:/home/alex/.m2/repository/jakarta/activation/jakarta.activation-api/1.2.1/jakarta.activation-api-1.2.1.jar:/home/alex/.m2/repository/org/apache/hadoop/hadoop-hdfs-client/3.1.0/hadoop-hdfs-client-3.1.0.jar:/home/alex/.m2/repository/com/squareup/okhttp/okhttp/2.7.5/okhttp-2.7.5.jar:/home/alex/.m2/repository/com/squareup/okio/okio/1.6.0/okio-1.6.0.jar:/home/alex/.m2/repository/com/google/inject/extensions/guice-servlet/4.0/guice-servlet-4.0.jar:/home/alex/.m2/repository/junit/junit/4.13/junit-4.13.jar:/home/alex/.m2/repository/org/hamcrest/hamcrest-core/1.3/hamcrest-core-1.3.jar:/home/alex/.m2/repository/org/junit/jupiter/junit-jupiter-engine/5.6.2/junit-jupiter-engine-5.6.2.jar:/home/alex/.m2/repository/org/apiguardian/apiguardian-api/1.1.0/apiguardian-api-1.1.0.jar:/home/alex/.m2/repository/org/junit/platform/junit-platform-engine/1.6.2/junit-platform-engine-1.6.2.jar:/home/alex/.m2/repository/org/opentest4j/opentest4j/1.2.0/opentest4j-1.2.0.jar:/home/alex/.m2/repository/org/junit/platform/junit-platform-commons/1.6.2/junit-platform-commons-1.6.2.jar:/home/alex/.m2/repository/org/junit/jupiter/junit-jupiter-api/5.6.2/junit-jupiter-api-5.6.2.jar:/home/alex/.m2/repository/org/junit/vintage/junit-vintage-engine/5.6.2/junit-vintage-engine-5.6.2.jar:/home/alex/.m2/repository/org/powermock/powermock-module-junit4/2.0.2/powermock-module-junit4-2.0.2.jar:/home/alex/.m2/repository/org/powermock/powermock-module-junit4-common/2.0.2/powermock-module-junit4-common-2.0.2.jar:/home/alex/.m2/repository/org/powermock/powermock-reflect/2.0.2/powermock-reflect-2.0.2.jar:/home/alex/.m2/repository/org/powermock/powermock-core/2.0.2/powermock-core-2.0.2.jar:/home/alex/.m2/repository/org/powermock/powermock-api-mockito2/2.0.2/powermock-api-mockito2-2.0.2.jar:/home/alex/.m2/repository/org/powermock/powermock-api-support/2.0.2/powermock-api-support-2.0.2.jar:/home/alex/.m2/repository/org/postgresql/postgresql/42.2.14/postgresql-42.2.14.jar:/home/alex/.m2/repository/org/slf4j/slf4j-api/1.7.30/slf4j-api-1.7.30.jar:/home/alex/.m2/repository/org/mockito/mockito-core/3.4.4/mockito-core-3.4.4.jar:/home/alex/.m2/repository/net/bytebuddy/byte-buddy/1.10.13/byte-buddy-1.10.13.jar:/home/alex/.m2/repository/net/bytebuddy/byte-buddy-agent/1.10.13/byte-buddy-agent-1.10.13.jar:/home/alex/.m2/repository/org/objenesis/objenesis/2.6/objenesis-2.6.jar:/home/alex/Repositories/hive/beeline/target/testconf:/home/alex/Repositories/hive/beeline/../conf:"/>
    <property name="java.vm.vendor" value="Private Build"/>
    <property name="hadoop.version" value="3.1.0"/>
    <property name="user.timezone" value="US/Pacific"/>
    <property name="test.local.warehouse.dir" value="pfile:///home/alex/Repositories/hive/beeline/target/localfs/warehouse"/>
    <property name="os.name" value="Linux"/>
    <property name="java.vm.specification.version" value="1.8"/>
    <property name="test.build.data" value="/home/alex/Repositories/hive/beeline/target/tmp"/>
    <property name="clustermode" value=""/>
    <property name="sun.java.launcher" value="SUN_STANDARD"/>
    <property name="user.country" value="US"/>
    <property name="test.data.files" value="/home/alex/Repositories/hive/beeline/../data/files"/>
    <property name="surefire.test.class.path" value="/home/alex/Repositories/hive/beeline/target/test-classes:/home/alex/Repositories/hive/beeline/target/classes:/home/alex/Repositories/hive/common/target/classes:/home/alex/Repositories/hive/classification/target/classes:/home/alex/Repositories/hive/storage-api/target/classes:/home/alex/Repositories/hive/standalone-metastore/metastore-common/target/classes:/home/alex/.m2/repository/com/github/ben-manes/caffeine/caffeine/2.8.4/caffeine-2.8.4.jar:/home/alex/.m2/repository/org/checkerframework/checker-qual/3.4.0/checker-qual-3.4.0.jar:/home/alex/.m2/repository/com/google/errorprone/error_prone_annotations/2.3.4/error_prone_annotations-2.3.4.jar:/home/alex/.m2/repository/com/google/guava/guava/19.0/guava-19.0.jar:/home/alex/.m2/repository/org/apache/commons/commons-lang3/3.9/commons-lang3-3.9.jar:/home/alex/.m2/repository/org/apache/commons/commons-math3/3.6.1/commons-math3-3.6.1.jar:/home/alex/.m2/repository/org/apache/orc/orc-core/1.6.9/orc-core-1.6.9.jar:/home/alex/.m2/repository/org/apache/orc/orc-shims/1.6.9/orc-shims-1.6.9.jar:/home/alex/.m2/repository/io/airlift/aircompressor/0.19/aircompressor-0.19.jar:/home/alex/.m2/repository/javax/xml/bind/jaxb-api/2.2.11/jaxb-api-2.2.11.jar:/home/alex/.m2/repository/org/jetbrains/annotations/17.0.0/annotations-17.0.0.jar:/home/alex/.m2/repository/org/threeten/threeten-extra/1.5.0/threeten-extra-1.5.0.jar:/home/alex/.m2/repository/javax/servlet/javax.servlet-api/3.1.0/javax.servlet-api-3.1.0.jar:/home/alex/.m2/repository/org/eclipse/jetty/jetty-http/9.3.27.v20190418/jetty-http-9.3.27.v20190418.jar:/home/alex/.m2/repository/org/eclipse/jetty/jetty-rewrite/9.3.27.v20190418/jetty-rewrite-9.3.27.v20190418.jar:/home/alex/.m2/repository/org/eclipse/jetty/jetty-client/9.3.27.v20190418/jetty-client-9.3.27.v20190418.jar:/home/alex/.m2/repository/org/eclipse/jetty/jetty-server/9.3.27.v20190418/jetty-server-9.3.27.v20190418.jar:/home/alex/.m2/repository/org/eclipse/jetty/jetty-io/9.3.27.v20190418/jetty-io-9.3.27.v20190418.jar:/home/alex/.m2/repository/org/eclipse/jetty/jetty-servlet/9.3.27.v20190418/jetty-servlet-9.3.27.v20190418.jar:/home/alex/.m2/repository/org/eclipse/jetty/jetty-security/9.3.27.v20190418/jetty-security-9.3.27.v20190418.jar:/home/alex/.m2/repository/org/eclipse/jetty/jetty-webapp/9.3.27.v20190418/jetty-webapp-9.3.27.v20190418.jar:/home/alex/.m2/repository/org/eclipse/jetty/jetty-xml/9.3.27.v20190418/jetty-xml-9.3.27.v20190418.jar:/home/alex/.m2/repository/joda-time/joda-time/2.9.9/joda-time-2.9.9.jar:/home/alex/.m2/repository/org/apache/logging/log4j/log4j-1.2-api/2.13.2/log4j-1.2-api-2.13.2.jar:/home/alex/.m2/repository/org/apache/logging/log4j/log4j-web/2.13.2/log4j-web-2.13.2.jar:/home/alex/.m2/repository/org/apache/commons/commons-compress/1.21/commons-compress-1.21.jar:/home/alex/.m2/repository/org/apache/ant/ant/1.9.1/ant-1.9.1.jar:/home/alex/.m2/repository/org/apache/ant/ant-launcher/1.9.1/ant-launcher-1.9.1.jar:/home/alex/.m2/repository/net/sf/jpam/jpam/1.1/jpam-1.1.jar:/home/alex/.m2/repository/com/tdunning/json/1.8/json-1.8.jar:/home/alex/.m2/repository/io/dropwizard/metrics/metrics-core/3.1.0/metrics-core-3.1.0.jar:/home/alex/.m2/repository/io/dropwizard/metrics/metrics-jvm/3.1.0/metrics-jvm-3.1.0.jar:/home/alex/.m2/repository/io/dropwizard/metrics/metrics-json/3.1.0/metrics-json-3.1.0.jar:/home/alex/.m2/repository/com/fasterxml/jackson/core/jackson-databind/2.12.0/jackson-databind-2.12.0.jar:/home/alex/.m2/repository/com/github/joshelser/dropwizard-metrics-hadoop-metrics2-reporter/0.1.2/dropwizard-metrics-hadoop-metrics2-reporter-0.1.2.jar:/home/alex/.m2/repository/javolution/javolution/5.5.1/javolution-5.5.1.jar:/home/alex/Repositories/hive/metastore/target/classes:/home/alex/Repositories/hive/serde/target/classes:/home/alex/.m2/repository/org/apache/arrow/arrow-vector/0.15.1/arrow-vector-0.15.1.jar:/home/alex/.m2/repository/org/apache/arrow/arrow-format/0.15.1/arrow-format-0.15.1.jar:/home/alex/.m2/repository/org/apache/arrow/arrow-memory/0.15.1/arrow-memory-0.15.1.jar:/home/alex/.m2/repository/com/google/flatbuffers/flatbuffers-java/1.9.0/flatbuffers-java-1.9.0.jar:/home/alex/.m2/repository/com/carrotsearch/hppc/0.7.2/hppc-0.7.2.jar:/home/alex/.m2/repository/com/github/davidmoten/flatbuffers-java/1.6.0.1/flatbuffers-java-1.6.0.1.jar:/home/alex/.m2/repository/org/apache/derby/derby/10.14.1.0/derby-10.14.1.0.jar:/home/alex/.m2/repository/org/antlr/antlr-runtime/3.5.2/antlr-runtime-3.5.2.jar:/home/alex/.m2/repository/org/apache/thrift/libfb303/0.9.3/libfb303-0.9.3.jar:/home/alex/Repositories/hive/shims/aggregator/target/classes:/home/alex/Repositories/hive/shims/common/target/classes:/home/alex/Repositories/hive/shims/0.23/target/classes:/home/alex/.m2/repository/org/apache/hadoop/hadoop-yarn-server-resourcemanager/3.1.0/hadoop-yarn-server-resourcemanager-3.1.0.jar:/home/alex/.m2/repository/org/eclipse/jetty/jetty-util-ajax/9.3.19.v20170502/jetty-util-ajax-9.3.19.v20170502.jar:/home/alex/.m2/repository/org/apache/hadoop/hadoop-yarn-server-common/3.1.0/hadoop-yarn-server-common-3.1.0.jar:/home/alex/.m2/repository/org/apache/geronimo/specs/geronimo-jcache_1.0_spec/1.0-alpha-1/geronimo-jcache_1.0_spec-1.0-alpha-1.jar:/home/alex/.m2/repository/org/ehcache/ehcache/3.3.1/ehcache-3.3.1.jar:/home/alex/.m2/repository/com/zaxxer/HikariCP-java7/2.4.12/HikariCP-java7-2.4.12.jar:/home/alex/.m2/repository/org/apache/hadoop/hadoop-yarn-server-applicationhistoryservice/3.1.0/hadoop-yarn-server-applicationhistoryservice-3.1.0.jar:/home/alex/.m2/repository/de/ruedigermoeller/fst/2.50/fst-2.50.jar:/home/alex/.m2/repository/com/cedarsoftware/java-util/1.9.0/java-util-1.9.0.jar:/home/alex/.m2/repository/com/cedarsoftware/json-io/2.5.1/json-io-2.5.1.jar:/home/alex/.m2/repository/org/apache/hadoop/hadoop-yarn-server-web-proxy/3.1.0/hadoop-yarn-server-web-proxy-3.1.0.jar:/home/alex/.m2/repository/org/fusesource/leveldbjni/leveldbjni-all/1.8/leveldbjni-all-1.8.jar:/home/alex/Repositories/hive/shims/scheduler/target/classes:/home/alex/Repositories/hive/jdbc/target/classes:/home/alex/Repositories/hive/llap-client/target/classes:/home/alex/Repositories/hive/llap-common/target/classes:/home/alex/.m2/repository/io/jsonwebtoken/jjwt-api/0.10.5/jjwt-api-0.10.5.jar:/home/alex/.m2/repository/io/jsonwebtoken/jjwt-impl/0.10.5/jjwt-impl-0.10.5.jar:/home/alex/.m2/repository/io/jsonwebtoken/jjwt-jackson/0.10.5/jjwt-jackson-0.10.5.jar:/home/alex/Repositories/hive/service-rpc/target/classes:/home/alex/.m2/repository/org/apache/httpcomponents/httpclient/4.5.13/httpclient-4.5.13.jar:/home/alex/.m2/repository/org/apache/httpcomponents/httpcore/4.4.13/httpcore-4.4.13.jar:/home/alex/.m2/repository/org/apache/zookeeper/zookeeper/3.5.5/zookeeper-3.5.5.jar:/home/alex/.m2/repository/org/apache/zookeeper/zookeeper-jute/3.5.5/zookeeper-jute-3.5.5.jar:/home/alex/.m2/repository/org/apache/yetus/audience-annotations/0.5.0/audience-annotations-0.5.0.jar:/home/alex/.m2/repository/org/apache/curator/curator-framework/4.2.0/curator-framework-4.2.0.jar:/home/alex/Repositories/hive/standalone-metastore/metastore-server/target/classes:/home/alex/.m2/repository/com/google/protobuf/protobuf-java/2.5.0/protobuf-java-2.5.0.jar:/home/alex/.m2/repository/com/zaxxer/HikariCP/2.6.1/HikariCP-2.6.1.jar:/home/alex/.m2/repository/org/apache/commons/commons-dbcp2/2.7.0/commons-dbcp2-2.7.0.jar:/home/alex/.m2/repository/org/apache/commons/commons-pool2/2.7.0/commons-pool2-2.7.0.jar:/home/alex/.m2/repository/commons-beanutils/commons-beanutils/1.9.4/commons-beanutils-1.9.4.jar:/home/alex/.m2/repository/org/apache/logging/log4j/log4j-core/2.13.2/log4j-core-2.13.2.jar:/home/alex/.m2/repository/org/datanucleus/datanucleus-api-jdo/5.2.4/datanucleus-api-jdo-5.2.4.jar:/home/alex/.m2/repository/org/datanucleus/datanucleus-core/5.2.4/datanucleus-core-5.2.4.jar:/home/alex/.m2/repository/org/datanucleus/datanucleus-rdbms/5.2.4/datanucleus-rdbms-5.2.4.jar:/home/alex/.m2/repository/org/datanucleus/javax.jdo/3.2.0-release/javax.jdo-3.2.0-release.jar:/home/alex/.m2/repository/javax/transaction/javax.transaction-api/1.3/javax.transaction-api-1.3.jar:/home/alex/.m2/repository/org/glassfish/corba/glassfish-corba-omgapi/4.2.2/glassfish-corba-omgapi-4.2.2.jar:/home/alex/.m2/repository/sqlline/sqlline/1.9.0/sqlline-1.9.0.jar:/home/alex/.m2/repository/org/jline/jline-terminal/3.12.1/jline-terminal-3.12.1.jar:/home/alex/.m2/repository/org/jline/jline-reader/3.12.1/jline-reader-3.12.1.jar:/home/alex/.m2/repository/org/jline/jline-terminal-jansi/3.12.1/jline-terminal-jansi-3.12.1.jar:/home/alex/.m2/repository/org/fusesource/jansi/jansi/1.18/jansi-1.18.jar:/home/alex/.m2/repository/org/jline/jline-terminal-jna/3.12.1/jline-terminal-jna-3.12.1.jar:/home/alex/.m2/repository/net/java/dev/jna/jna/5.3.1/jna-5.3.1.jar:/home/alex/.m2/repository/org/jline/jline-builtins/3.12.1/jline-builtins-3.12.1.jar:/home/alex/.m2/repository/org/jline/jline-style/3.12.1/jline-style-3.12.1.jar:/home/alex/.m2/repository/commons-logging/commons-logging/1.1.3/commons-logging-1.1.3.jar:/home/alex/.m2/repository/com/cronutils/cron-utils/9.1.3/cron-utils-9.1.3.jar:/home/alex/.m2/repository/org/glassfish/javax.el/3.0.0/javax.el-3.0.0.jar:/home/alex/.m2/repository/com/oracle/database/jdbc/ojdbc8/21.3.0.0/ojdbc8-21.3.0.0.jar:/home/alex/.m2/repository/mysql/mysql-connector-java/8.0.27/mysql-connector-java-8.0.27.jar:/home/alex/.m2/repository/com/microsoft/sqlserver/mssql-jdbc/6.2.1.jre8/mssql-jdbc-6.2.1.jre8.jar:/home/alex/.m2/repository/commons-cli/commons-cli/1.4/commons-cli-1.4.jar:/home/alex/.m2/repository/commons-io/commons-io/2.6/commons-io-2.6.jar:/home/alex/.m2/repository/com/fasterxml/jackson/core/jackson-core/2.12.0/jackson-core-2.12.0.jar:/home/alex/.m2/repository/jline/jline/2.14.6/jline-2.14.6.jar:/home/alex/.m2/repository/org/apache/hadoop/hadoop-common/3.1.0/hadoop-common-3.1.0.jar:/home/alex/.m2/repository/org/apache/hadoop/hadoop-annotations/3.1.0/hadoop-annotations-3.1.0.jar:/usr/lib/jvm/java-8-openjdk-amd64/jre/../lib/tools.jar:/home/alex/.m2/repository/commons-codec/commons-codec/1.15/commons-codec-1.15.jar:/home/alex/.m2/repository/commons-net/commons-net/3.6/commons-net-3.6.jar:/home/alex/.m2/repository/commons-collections/commons-collections/3.2.2/commons-collections-3.2.2.jar:/home/alex/.m2/repository/org/eclipse/jetty/jetty-util/9.3.27.v20190418/jetty-util-9.3.27.v20190418.jar:/home/alex/.m2/repository/javax/servlet/jsp/jsp-api/2.1/jsp-api-2.1.jar:/home/alex/.m2/repository/com/sun/jersey/jersey-core/1.19/jersey-core-1.19.jar:/home/alex/.m2/repository/javax/ws/rs/jsr311-api/1.1.1/jsr311-api-1.1.1.jar:/home/alex/.m2/repository/com/sun/jersey/jersey-servlet/1.19/jersey-servlet-1.19.jar:/home/alex/.m2/repository/com/sun/jersey/jersey-json/1.19/jersey-json-1.19.jar:/home/alex/.m2/repository/org/codehaus/jettison/jettison/1.1/jettison-1.1.jar:/home/alex/.m2/repository/com/sun/xml/bind/jaxb-impl/2.2.3-1/jaxb-impl-2.2.3-1.jar:/home/alex/.m2/repository/org/codehaus/jackson/jackson-core-asl/1.9.2/jackson-core-asl-1.9.2.jar:/home/alex/.m2/repository/org/codehaus/jackson/jackson-mapper-asl/1.9.2/jackson-mapper-asl-1.9.2.jar:/home/alex/.m2/repository/org/codehaus/jackson/jackson-jaxrs/1.9.2/jackson-jaxrs-1.9.2.jar:/home/alex/.m2/repository/org/codehaus/jackson/jackson-xc/1.9.2/jackson-xc-1.9.2.jar:/home/alex/.m2/repository/com/sun/jersey/jersey-server/1.19/jersey-server-1.19.jar:/home/alex/.m2/repository/commons-lang/commons-lang/2.6/commons-lang-2.6.jar:/home/alex/.m2/repository/org/apache/commons/commons-configuration2/2.1.1/commons-configuration2-2.1.1.jar:/home/alex/.m2/repository/org/apache/avro/avro/1.8.2/avro-1.8.2.jar:/home/alex/.m2/repository/com/thoughtworks/paranamer/paranamer/2.8/paranamer-2.8.jar:/home/alex/.m2/repository/org/xerial/snappy/snappy-java/1.1.4/snappy-java-1.1.4.jar:/home/alex/.m2/repository/org/tukaani/xz/1.5/xz-1.5.jar:/home/alex/.m2/repository/com/google/re2j/re2j/1.2/re2j-1.2.jar:/home/alex/.m2/repository/com/google/code/gson/gson/2.2.4/gson-2.2.4.jar:/home/alex/.m2/repository/org/apache/hadoop/hadoop-auth/3.1.0/hadoop-auth-3.1.0.jar:/home/alex/.m2/repository/com/nimbusds/nimbus-jose-jwt/4.41.1/nimbus-jose-jwt-4.41.1.jar:/home/alex/.m2/repository/com/github/stephenc/jcip/jcip-annotations/1.0-1/jcip-annotations-1.0-1.jar:/home/alex/.m2/repository/net/minidev/json-smart/2.3/json-smart-2.3.jar:/home/alex/.m2/repository/net/minidev/accessors-smart/1.2/accessors-smart-1.2.jar:/home/alex/.m2/repository/com/jcraft/jsch/0.1.54/jsch-0.1.54.jar:/home/alex/.m2/repository/com/google/code/findbugs/jsr305/3.0.0/jsr305-3.0.0.jar:/home/alex/.m2/repository/org/apache/htrace/htrace-core4/4.1.0-incubating/htrace-core4-4.1.0-incubating.jar:/home/alex/.m2/repository/org/apache/kerby/kerb-simplekdc/1.0.1/kerb-simplekdc-1.0.1.jar:/home/alex/.m2/repository/org/apache/kerby/kerb-client/1.0.1/kerb-client-1.0.1.jar:/home/alex/.m2/repository/org/apache/kerby/kerby-config/1.0.1/kerby-config-1.0.1.jar:/home/alex/.m2/repository/org/apache/kerby/kerb-core/1.0.1/kerb-core-1.0.1.jar:/home/alex/.m2/repository/org/apache/kerby/kerby-pkix/1.0.1/kerby-pkix-1.0.1.jar:/home/alex/.m2/repository/org/apache/kerby/kerby-asn1/1.0.1/kerby-asn1-1.0.1.jar:/home/alex/.m2/repository/org/apache/kerby/kerby-util/1.0.1/kerby-util-1.0.1.jar:/home/alex/.m2/repository/org/apache/kerby/kerb-common/1.0.1/kerb-common-1.0.1.jar:/home/alex/.m2/repository/org/apache/kerby/kerb-crypto/1.0.1/kerb-crypto-1.0.1.jar:/home/alex/.m2/repository/org/apache/kerby/kerb-util/1.0.1/kerb-util-1.0.1.jar:/home/alex/.m2/repository/org/apache/kerby/token-provider/1.0.1/token-provider-1.0.1.jar:/home/alex/.m2/repository/org/apache/kerby/kerb-admin/1.0.1/kerb-admin-1.0.1.jar:/home/alex/.m2/repository/org/apache/kerby/kerb-server/1.0.1/kerb-server-1.0.1.jar:/home/alex/.m2/repository/org/apache/kerby/kerb-identity/1.0.1/kerb-identity-1.0.1.jar:/home/alex/.m2/repository/org/apache/kerby/kerby-xdr/1.0.1/kerby-xdr-1.0.1.jar:/home/alex/.m2/repository/org/codehaus/woodstox/stax2-api/3.1.4/stax2-api-3.1.4.jar:/home/alex/.m2/repository/com/fasterxml/woodstox/woodstox-core/5.0.3/woodstox-core-5.0.3.jar:/home/alex/.m2/repository/org/apache/thrift/libthrift/0.14.1/libthrift-0.14.1.jar:/home/alex/.m2/repository/org/apache/tomcat/embed/tomcat-embed-core/8.5.46/tomcat-embed-core-8.5.46.jar:/home/alex/.m2/repository/org/apache/tomcat/tomcat-annotations-api/8.5.46/tomcat-annotations-api-8.5.46.jar:/home/alex/.m2/repository/javax/annotation/javax.annotation-api/1.3.2/javax.annotation-api-1.3.2.jar:/home/alex/.m2/repository/net/sf/supercsv/super-csv/2.2.0/super-csv-2.2.0.jar:/home/alex/.m2/repository/org/apache/logging/log4j/log4j-slf4j-impl/2.13.2/log4j-slf4j-impl-2.13.2.jar:/home/alex/.m2/repository/org/apache/logging/log4j/log4j-api/2.13.2/log4j-api-2.13.2.jar:/home/alex/Repositories/hive/ql/target/test-classes:/home/alex/.m2/repository/org/apache/atlas/atlas-client-v2/2.1.0/atlas-client-v2-2.1.0.jar:/home/alex/.m2/repository/cglib/cglib/2.2.2/cglib-2.2.2.jar:/home/alex/.m2/repository/asm/asm/3.3.1/asm-3.3.1.jar:/home/alex/.m2/repository/org/apache/atlas/atlas-client-common/2.1.0/atlas-client-common-2.1.0.jar:/home/alex/.m2/repository/com/sun/jersey/jersey-client/1.19/jersey-client-1.19.jar:/home/alex/.m2/repository/org/apache/atlas/atlas-intg/2.1.0/atlas-intg-2.1.0.jar:/home/alex/.m2/repository/commons-validator/commons-validator/1.6/commons-validator-1.6.jar:/home/alex/.m2/repository/commons-digester/commons-digester/1.8.1/commons-digester-1.8.1.jar:/home/alex/.m2/repository/com/fasterxml/jackson/jaxrs/jackson-jaxrs-base/2.12.0/jackson-jaxrs-base-2.12.0.jar:/home/alex/.m2/repository/com/fasterxml/jackson/jaxrs/jackson-jaxrs-json-provider/2.12.0/jackson-jaxrs-json-provider-2.12.0.jar:/home/alex/.m2/repository/javax/inject/javax.inject/1/javax.inject-1.jar:/home/alex/.m2/repository/org/springframework/spring-context/4.3.20.RELEASE/spring-context-4.3.20.RELEASE.jar:/home/alex/.m2/repository/org/springframework/spring-aop/4.3.20.RELEASE/spring-aop-4.3.20.RELEASE.jar:/home/alex/.m2/repository/org/springframework/spring-beans/4.3.20.RELEASE/spring-beans-4.3.20.RELEASE.jar:/home/alex/.m2/repository/org/springframework/spring-core/4.3.20.RELEASE/spring-core-4.3.20.RELEASE.jar:/home/alex/.m2/repository/org/springframework/spring-expression/4.3.20.RELEASE/spring-expression-4.3.20.RELEASE.jar:/home/alex/.m2/repository/commons-configuration/commons-configuration/1.10/commons-configuration-1.10.jar:/home/alex/Repositories/hive/vector-code-gen/target/classes:/home/alex/.m2/repository/org/apache/velocity/velocity/1.5/velocity-1.5.jar:/home/alex/.m2/repository/oro/oro/2.0.8/oro-2.0.8.jar:/home/alex/Repositories/hive/parser/target/classes:/home/alex/Repositories/hive/udf/target/classes:/home/alex/Repositories/hive/llap-tez/target/classes:/home/alex/Repositories/hive/spark-client/target/classes:/home/alex/.m2/repository/io/netty/netty-all/4.1.65.Final/netty-all-4.1.65.Final.jar:/home/alex/.m2/repository/com/fasterxml/jackson/module/jackson-module-scala_2.12/2.12.0/jackson-module-scala_2.12-2.12.0.jar:/home/alex/.m2/repository/org/scala-lang/scala-library/2.12.10/scala-library-2.12.10.jar:/home/alex/.m2/repository/org/apache/spark/spark-core_2.12/2.4.5/spark-core_2.12-2.4.5.jar:/home/alex/.m2/repository/com/twitter/chill_2.12/0.9.3/chill_2.12-0.9.3.jar:/home/alex/.m2/repository/com/twitter/chill-java/0.9.3/chill-java-0.9.3.jar:/home/alex/.m2/repository/org/apache/xbean/xbean-asm6-shaded/4.8/xbean-asm6-shaded-4.8.jar:/home/alex/.m2/repository/org/apache/hadoop/hadoop-client/3.1.0/hadoop-client-3.1.0.jar:/home/alex/.m2/repository/org/apache/hadoop/hadoop-mapreduce-client-jobclient/3.1.0/hadoop-mapreduce-client-jobclient-3.1.0.jar:/home/alex/.m2/repository/org/apache/hadoop/hadoop-mapreduce-client-common/3.1.0/hadoop-mapreduce-client-common-3.1.0.jar:/home/alex/.m2/repository/org/apache/spark/spark-launcher_2.12/2.4.5/spark-launcher_2.12-2.4.5.jar:/home/alex/.m2/repository/org/apache/spark/spark-kvstore_2.12/2.4.5/spark-kvstore_2.12-2.4.5.jar:/home/alex/.m2/repository/org/apache/spark/spark-network-common_2.12/2.4.5/spark-network-common_2.12-2.4.5.jar:/home/alex/.m2/repository/org/apache/spark/spark-network-shuffle_2.12/2.4.5/spark-network-shuffle_2.12-2.4.5.jar:/home/alex/.m2/repository/org/apache/spark/spark-unsafe_2.12/2.4.5/spark-unsafe_2.12-2.4.5.jar:/home/alex/.m2/repository/javax/activation/activation/1.1.1/activation-1.1.1.jar:/home/alex/.m2/repository/org/slf4j/jul-to-slf4j/1.7.16/jul-to-slf4j-1.7.16.jar:/home/alex/.m2/repository/org/slf4j/jcl-over-slf4j/1.7.16/jcl-over-slf4j-1.7.16.jar:/home/alex/.m2/repository/com/ning/compress-lzf/1.0.3/compress-lzf-1.0.3.jar:/home/alex/.m2/repository/org/roaringbitmap/RoaringBitmap/0.7.45/RoaringBitmap-0.7.45.jar:/home/alex/.m2/repository/org/roaringbitmap/shims/0.7.45/shims-0.7.45.jar:/home/alex/.m2/repository/org/json4s/json4s-jackson_2.12/3.5.3/json4s-jackson_2.12-3.5.3.jar:/home/alex/.m2/repository/org/json4s/json4s-core_2.12/3.5.3/json4s-core_2.12-3.5.3.jar:/home/alex/.m2/repository/org/json4s/json4s-ast_2.12/3.5.3/json4s-ast_2.12-3.5.3.jar:/home/alex/.m2/repository/org/json4s/json4s-scalap_2.12/3.5.3/json4s-scalap_2.12-3.5.3.jar:/home/alex/.m2/repository/org/scala-lang/modules/scala-xml_2.12/1.0.6/scala-xml_2.12-1.0.6.jar:/home/alex/.m2/repository/com/clearspring/analytics/stream/2.7.0/stream-2.7.0.jar:/home/alex/.m2/repository/io/dropwizard/metrics/metrics-graphite/3.1.5/metrics-graphite-3.1.5.jar:/home/alex/.m2/repository/net/razorvine/pyrolite/4.13/pyrolite-4.13.jar:/home/alex/.m2/repository/net/sf/py4j/py4j/0.10.7/py4j-0.10.7.jar:/home/alex/.m2/repository/org/apache/spark/spark-tags_2.12/2.4.5/spark-tags_2.12-2.4.5.jar:/home/alex/.m2/repository/org/apache/commons/commons-crypto/1.0.0/commons-crypto-1.0.0.jar:/home/alex/.m2/repository/org/spark-project/spark/unused/1.0.0/unused-1.0.0.jar:/home/alex/.m2/repository/org/apache/spark/spark-yarn_2.12/2.4.5/spark-yarn_2.12-2.4.5.jar:/home/alex/.m2/repository/com/amazonaws/secretsmanager/aws-secretsmanager-caching-java/1.0.1/aws-secretsmanager-caching-java-1.0.1.jar:/home/alex/.m2/repository/com/esotericsoftware/kryo/5.0.3/kryo-5.0.3.jar:/home/alex/.m2/repository/com/esotericsoftware/minlog/1.3.1/minlog-1.3.1.jar:/home/alex/.m2/repository/com/esotericsoftware/reflectasm/1.11.9/reflectasm-1.11.9.jar:/home/alex/.m2/repository/org/apache/parquet/parquet-hadoop-bundle/1.11.1/parquet-hadoop-bundle-1.11.1.jar:/home/alex/.m2/repository/org/apache/commons/commons-collections4/4.1/commons-collections4-4.1.jar:/home/alex/.m2/repository/org/apache/commons/commons-text/1.8/commons-text-1.8.jar:/home/alex/.m2/repository/org/antlr/ST4/4.0.4/ST4-4.0.4.jar:/home/alex/.m2/repository/org/apache/avro/avro-mapred/1.8.2/avro-mapred-1.8.2-hadoop2.jar:/home/alex/.m2/repository/org/apache/avro/avro-ipc/1.8.2/avro-ipc-1.8.2.jar:/home/alex/.m2/repository/org/mortbay/jetty/jetty/6.1.26/jetty-6.1.26.jar:/home/alex/.m2/repository/org/apache/hadoop/hadoop-yarn-registry/3.1.0/hadoop-yarn-registry-3.1.0.jar:/home/alex/.m2/repository/org/apache/hadoop/hadoop-yarn-api/3.1.0/hadoop-yarn-api-3.1.0.jar:/home/alex/.m2/repository/commons-daemon/commons-daemon/1.0.13/commons-daemon-1.0.13.jar:/home/alex/.m2/repository/dnsjava/dnsjava/2.1.7/dnsjava-2.1.7.jar:/home/alex/.m2/repository/org/apache/orc/orc-tools/1.6.9/orc-tools-1.6.9.jar:/home/alex/.m2/repository/com/opencsv/opencsv/3.9/opencsv-3.9.jar:/home/alex/.m2/repository/org/apache/hadoop/hadoop-hdfs/3.1.0/hadoop-hdfs-3.1.0.jar:/home/alex/.m2/repository/org/threeten/threetenbp/1.3.5/threetenbp-1.3.5.jar:/home/alex/.m2/repository/org/apache/ivy/ivy/2.4.0/ivy-2.4.0.jar:/home/alex/.m2/repository/org/apache/datasketches/datasketches-hive/1.1.0-incubating/datasketches-hive-1.1.0-incubating.jar:/home/alex/.m2/repository/org/apache/datasketches/datasketches-java/1.3.0-incubating/datasketches-java-1.3.0-incubating.jar:/home/alex/.m2/repository/org/apache/datasketches/datasketches-memory/1.2.0-incubating/datasketches-memory-1.2.0-incubating.jar:/home/alex/.m2/repository/org/slf4j/slf4j-simple/1.7.27/slf4j-simple-1.7.27.jar:/home/alex/.m2/repository/org/codehaus/groovy/groovy-all/2.4.11/groovy-all-2.4.11.jar:/home/alex/.m2/repository/org/jodd/jodd-util/6.0.0/jodd-util-6.0.0.jar:/home/alex/.m2/repository/com/fasterxml/jackson/core/jackson-annotations/2.12.0/jackson-annotations-2.12.0.jar:/home/alex/.m2/repository/com/fasterxml/jackson/dataformat/jackson-dataformat-yaml/2.12.0/jackson-dataformat-yaml-2.12.0.jar:/home/alex/.m2/repository/org/yaml/snakeyaml/1.27/snakeyaml-1.27.jar:/home/alex/.m2/repository/org/apache/calcite/calcite-core/1.25.0/calcite-core-1.25.0.jar:/home/alex/.m2/repository/org/apache/calcite/calcite-linq4j/1.25.0/calcite-linq4j-1.25.0.jar:/home/alex/.m2/repository/com/esri/geometry/esri-geometry-api/2.2.0/esri-geometry-api-2.2.0.jar:/home/alex/.m2/repository/com/yahoo/datasketches/sketches-core/0.9.0/sketches-core-0.9.0.jar:/home/alex/.m2/repository/com/yahoo/datasketches/memory/0.9.0/memory-0.9.0.jar:/home/alex/.m2/repository/org/apache/calcite/calcite-druid/1.25.0/calcite-druid-1.25.0.jar:/home/alex/.m2/repository/org/apache/calcite/avatica/avatica/1.12.0/avatica-1.12.0.jar:/home/alex/.m2/repository/com/googlecode/javaewah/JavaEWAH/0.3.2/JavaEWAH-0.3.2.jar:/home/alex/.m2/repository/stax/stax-api/1.0.1/stax-api-1.0.1.jar:/home/alex/.m2/repository/net/sf/opencsv/opencsv/2.3/opencsv-2.3.jar:/home/alex/.m2/repository/org/reflections/reflections/0.9.10/reflections-0.9.10.jar:/home/alex/.m2/repository/org/javassist/javassist/3.19.0-GA/javassist-3.19.0-GA.jar:/home/alex/.m2/repository/com/jayway/jsonpath/json-path/2.4.0/json-path-2.4.0.jar:/home/alex/.m2/repository/org/codehaus/janino/commons-compiler/3.0.11/commons-compiler-3.0.11.jar:/home/alex/.m2/repository/org/codehaus/janino/janino/3.0.11/janino-3.0.11.jar:/home/alex/.m2/repository/com/sun/jersey/contribs/jersey-multipart/1.19/jersey-multipart-1.19.jar:/home/alex/.m2/repository/org/jvnet/mimepull/mimepull/1.9.3/mimepull-1.9.3.jar:/home/alex/.m2/repository/org/apache/kafka/kafka-clients/2.5.0/kafka-clients-2.5.0.jar:/home/alex/.m2/repository/com/github/luben/zstd-jni/1.4.4-7/zstd-jni-1.4.4-7.jar:/home/alex/.m2/repository/org/lz4/lz4-java/1.7.1/lz4-java-1.7.1.jar:/home/alex/Repositories/hive/service/target/classes:/home/alex/Repositories/hive/ql/target/classes:/home/alex/Repositories/hive/llap-server/target/classes:/home/alex/.m2/repository/com/lmax/disruptor/3.3.7/disruptor-3.3.7.jar:/home/alex/Repositories/hive/llap-common/target/test-classes:/home/alex/Repositories/hive/hplsql/target/classes:/home/alex/.m2/repository/org/antlr/antlr4-runtime/4.5/antlr4-runtime-4.5.jar:/home/alex/.m2/repository/org/abego/treelayout/org.abego.treelayout.core/1.0.1/org.abego.treelayout.core-1.0.1.jar:/home/alex/.m2/repository/javax/servlet/jsp/javax.servlet.jsp-api/2.3.1/javax.servlet.jsp-api-2.3.1.jar:/home/alex/.m2/repository/org/eclipse/jetty/jetty-runner/9.3.27.v20190418/jetty-runner-9.3.27.v20190418.jar:/home/alex/.m2/repository/org/eclipse/jetty/jetty-plus/9.3.27.v20190418/jetty-plus-9.3.27.v20190418.jar:/home/alex/.m2/repository/org/eclipse/jetty/jetty-annotations/9.3.27.v20190418/jetty-annotations-9.3.27.v20190418.jar:/home/alex/.m2/repository/org/ow2/asm/asm/6.0/asm-6.0.jar:/home/alex/.m2/repository/org/ow2/asm/asm-commons/6.0/asm-commons-6.0.jar:/home/alex/.m2/repository/org/ow2/asm/asm-tree/6.0/asm-tree-6.0.jar:/home/alex/.m2/repository/org/eclipse/jetty/jetty-jaas/9.3.27.v20190418/jetty-jaas-9.3.27.v20190418.jar:/home/alex/.m2/repository/org/eclipse/jetty/websocket/websocket-server/9.3.27.v20190418/websocket-server-9.3.27.v20190418.jar:/home/alex/.m2/repository/org/eclipse/jetty/websocket/websocket-common/9.3.27.v20190418/websocket-common-9.3.27.v20190418.jar:/home/alex/.m2/repository/org/eclipse/jetty/websocket/websocket-api/9.3.27.v20190418/websocket-api-9.3.27.v20190418.jar:/home/alex/.m2/repository/org/eclipse/jetty/websocket/websocket-client/9.3.27.v20190418/websocket-client-9.3.27.v20190418.jar:/home/alex/.m2/repository/org/eclipse/jetty/websocket/websocket-servlet/9.3.27.v20190418/websocket-servlet-9.3.27.v20190418.jar:/home/alex/.m2/repository/org/eclipse/jetty/jetty-jndi/9.3.27.v20190418/jetty-jndi-9.3.27.v20190418.jar:/home/alex/.m2/repository/org/eclipse/jetty/apache-jsp/9.3.27.v20190418/apache-jsp-9.3.27.v20190418.jar:/home/alex/.m2/repository/org/eclipse/jetty/toolchain/jetty-schemas/3.1/jetty-schemas-3.1.jar:/home/alex/.m2/repository/org/eclipse/jdt/core/compiler/ecj/4.4.2/ecj-4.4.2.jar:/home/alex/.m2/repository/org/eclipse/jetty/apache-jstl/9.3.27.v20190418/apache-jstl-9.3.27.v20190418.jar:/home/alex/.m2/repository/org/apache/taglibs/taglibs-standard-spec/1.2.5/taglibs-standard-spec-1.2.5.jar:/home/alex/.m2/repository/org/apache/taglibs/taglibs-standard-impl/1.2.5/taglibs-standard-impl-1.2.5.jar:/home/alex/.m2/repository/org/apache/curator/curator-client/4.2.0/curator-client-4.2.0.jar:/home/alex/.m2/repository/org/apache/curator/curator-recipes/4.2.0/curator-recipes-4.2.0.jar:/home/alex/.m2/repository/org/pac4j/pac4j-saml-opensamlv3/4.0.3/pac4j-saml-opensamlv3-4.0.3.jar:/home/alex/.m2/repository/org/pac4j/pac4j-core/4.0.3/pac4j-core-4.0.3.jar:/home/alex/.m2/repository/org/opensaml/opensaml-core/3.4.5/opensaml-core-3.4.5.jar:/home/alex/.m2/repository/net/shibboleth/utilities/java-support/7.5.1/java-support-7.5.1.jar:/home/alex/.m2/repository/org/opensaml/opensaml-saml-api/3.4.5/opensaml-saml-api-3.4.5.jar:/home/alex/.m2/repository/org/opensaml/opensaml-storage-api/3.4.5/opensaml-storage-api-3.4.5.jar:/home/alex/.m2/repository/org/opensaml/opensaml-saml-impl/3.4.5/opensaml-saml-impl-3.4.5.jar:/home/alex/.m2/repository/org/opensaml/opensaml-soap-impl/3.4.5/opensaml-soap-impl-3.4.5.jar:/home/alex/.m2/repository/org/opensaml/opensaml-soap-api/3.4.5/opensaml-soap-api-3.4.5.jar:/home/alex/.m2/repository/org/opensaml/opensaml-xmlsec-api/3.4.5/opensaml-xmlsec-api-3.4.5.jar:/home/alex/.m2/repository/org/opensaml/opensaml-security-api/3.4.5/opensaml-security-api-3.4.5.jar:/home/alex/.m2/repository/org/opensaml/opensaml-security-impl/3.4.5/opensaml-security-impl-3.4.5.jar:/home/alex/.m2/repository/org/opensaml/opensaml-profile-api/3.4.5/opensaml-profile-api-3.4.5.jar:/home/alex/.m2/repository/org/opensaml/opensaml-profile-impl/3.4.5/opensaml-profile-impl-3.4.5.jar:/home/alex/.m2/repository/org/opensaml/opensaml-messaging-api/3.4.5/opensaml-messaging-api-3.4.5.jar:/home/alex/.m2/repository/org/opensaml/opensaml-messaging-impl/3.4.5/opensaml-messaging-impl-3.4.5.jar:/home/alex/.m2/repository/org/opensaml/opensaml-storage-impl/3.4.5/opensaml-storage-impl-3.4.5.jar:/home/alex/.m2/repository/org/ldaptive/ldaptive/1.0.13/ldaptive-1.0.13.jar:/home/alex/.m2/repository/javax/json/javax.json-api/1.0/javax.json-api-1.0.jar:/home/alex/.m2/repository/net/spy/spymemcached/2.12.3/spymemcached-2.12.3.jar:/home/alex/.m2/repository/org/glassfish/javax.json/1.0.4/javax.json-1.0.4.jar:/home/alex/.m2/repository/org/opensaml/opensaml-xmlsec-impl/3.4.5/opensaml-xmlsec-impl-3.4.5.jar:/home/alex/.m2/repository/org/cryptacular/cryptacular/1.2.4/cryptacular-1.2.4.jar:/home/alex/.m2/repository/net/shibboleth/tool/xmlsectool/2.0.0/xmlsectool-2.0.0.jar:/home/alex/.m2/repository/com/beust/jcommander/1.48/jcommander-1.48.jar:/home/alex/.m2/repository/org/bouncycastle/bcprov-jdk15on/1.64/bcprov-jdk15on-1.64.jar:/home/alex/.m2/repository/org/apache/santuario/xmlsec/2.2.1/xmlsec-2.2.1.jar:/home/alex/.m2/repository/org/jamon/jamon-runtime/2.3.1/jamon-runtime-2.3.1.jar:/home/alex/.m2/repository/org/apache/hadoop/hadoop-mapreduce-client-core/3.1.0/hadoop-mapreduce-client-core-3.1.0.jar:/home/alex/.m2/repository/org/apache/hadoop/hadoop-yarn-client/3.1.0/hadoop-yarn-client-3.1.0.jar:/home/alex/.m2/repository/org/apache/hadoop/hadoop-yarn-common/3.1.0/hadoop-yarn-common-3.1.0.jar:/home/alex/.m2/repository/com/google/inject/guice/4.0/guice-4.0.jar:/home/alex/.m2/repository/aopalliance/aopalliance/1.0/aopalliance-1.0.jar:/home/alex/.m2/repository/com/sun/jersey/contribs/jersey-guice/1.19/jersey-guice-1.19.jar:/home/alex/.m2/repository/com/fasterxml/jackson/module/jackson-module-jaxb-annotations/2.12.0/jackson-module-jaxb-annotations-2.12.0.jar:/home/alex/.m2/repository/jakarta/xml/bind/jakarta.xml.bind-api/2.3.2/jakarta.xml.bind-api-2.3.2.jar:/home/alex/.m2/repository/jakarta/activation/jakarta.activation-api/1.2.1/jakarta.activation-api-1.2.1.jar:/home/alex/.m2/repository/org/apache/hadoop/hadoop-hdfs-client/3.1.0/hadoop-hdfs-client-3.1.0.jar:/home/alex/.m2/repository/com/squareup/okhttp/okhttp/2.7.5/okhttp-2.7.5.jar:/home/alex/.m2/repository/com/squareup/okio/okio/1.6.0/okio-1.6.0.jar:/home/alex/.m2/repository/com/google/inject/extensions/guice-servlet/4.0/guice-servlet-4.0.jar:/home/alex/.m2/repository/junit/junit/4.13/junit-4.13.jar:/home/alex/.m2/repository/org/hamcrest/hamcrest-core/1.3/hamcrest-core-1.3.jar:/home/alex/.m2/repository/org/junit/jupiter/junit-jupiter-engine/5.6.2/junit-jupiter-engine-5.6.2.jar:/home/alex/.m2/repository/org/apiguardian/apiguardian-api/1.1.0/apiguardian-api-1.1.0.jar:/home/alex/.m2/repository/org/junit/platform/junit-platform-engine/1.6.2/junit-platform-engine-1.6.2.jar:/home/alex/.m2/repository/org/opentest4j/opentest4j/1.2.0/opentest4j-1.2.0.jar:/home/alex/.m2/repository/org/junit/platform/junit-platform-commons/1.6.2/junit-platform-commons-1.6.2.jar:/home/alex/.m2/repository/org/junit/jupiter/junit-jupiter-api/5.6.2/junit-jupiter-api-5.6.2.jar:/home/alex/.m2/repository/org/junit/vintage/junit-vintage-engine/5.6.2/junit-vintage-engine-5.6.2.jar:/home/alex/.m2/repository/org/powermock/powermock-module-junit4/2.0.2/powermock-module-junit4-2.0.2.jar:/home/alex/.m2/repository/org/powermock/powermock-module-junit4-common/2.0.2/powermock-module-junit4-common-2.0.2.jar:/home/alex/.m2/repository/org/powermock/powermock-reflect/2.0.2/powermock-reflect-2.0.2.jar:/home/alex/.m2/repository/org/powermock/powermock-core/2.0.2/powermock-core-2.0.2.jar:/home/alex/.m2/repository/org/powermock/powermock-api-mockito2/2.0.2/powermock-api-mockito2-2.0.2.jar:/home/alex/.m2/repository/org/powermock/powermock-api-support/2.0.2/powermock-api-support-2.0.2.jar:/home/alex/.m2/repository/org/postgresql/postgresql/42.2.14/postgresql-42.2.14.jar:/home/alex/.m2/repository/org/slf4j/slf4j-api/1.7.30/slf4j-api-1.7.30.jar:/home/alex/.m2/repository/org/mockito/mockito-core/3.4.4/mockito-core-3.4.4.jar:/home/alex/.m2/repository/net/bytebuddy/byte-buddy/1.10.13/byte-buddy-1.10.13.jar:/home/alex/.m2/repository/net/bytebuddy/byte-buddy-agent/1.10.13/byte-buddy-agent-1.10.13.jar:/home/alex/.m2/repository/org/objenesis/objenesis/2.6/objenesis-2.6.jar:/home/alex/Repositories/hive/beeline/target/testconf:/home/alex/Repositories/hive/beeline/../conf:"/>
    <property name="sun.cpu.endian" value="little"/>
    <property name="user.home" value="/home/alex"/>
    <property name="user.language" value="en"/>
    <property name="java.security.krb5.conf" value="/home/alex/Repositories/hive/beeline/target/testconf/krb5.conf"/>
    <property name="test.dfs.mkdir" value=""/>
    <property name="java.awt.graphicsenv" value="sun.awt.X11GraphicsEnvironment"/>
    <property name="surefire.real.class.path" value="/home/alex/Repositories/hive/beeline/target/surefire/surefirebooter6915144450905260574.jar"/>
    <property name="hadoop.log.dir" value="/home/alex/Repositories/hive/beeline/target/tmp"/>
    <property name="java.net.preferIPv4Stack" value="true"/>
    <property name="path.separator" value=":"/>
    <property name="os.version" value="6.5.0-28-generic"/>
    <property name="java.endorsed.dirs" value="/usr/lib/jvm/java-8-openjdk-amd64/jre/lib/endorsed"/>
    <property name="java.runtime.name" value="OpenJDK Runtime Environment"/>
    <property name="hive.test.console.log.level" value="INFO"/>
    <property name="java.vm.name" value="OpenJDK 64-Bit Server VM"/>
    <property name="java.vendor.url.bug" value="http://bugreport.sun.com/bugreport/"/>
    <property name="maven.local.repository" value="/home/alex/.m2/repository"/>
    <property name="user.dir" value="/home/alex/Repositories/hive/beeline"/>
    <property name="os.arch" value="amd64"/>
    <property name="user.language.format" value="pt"/>
    <property name="antlr.version" value="3.5.2"/>
    <property name="derby.version" value="10.14.1.0"/>
    <property name="java.vm.info" value="mixed mode"/>
    <property name="java.vm.version" value="25.402-b06"/>
    <property name="java.ext.dirs" value="/usr/lib/jvm/java-8-openjdk-amd64/jre/lib/ext:/usr/java/packages/lib/ext"/>
    <property name="datanucleus.schema.autoCreateAll" value="true"/>
    <property name="java.class.version" value="52.0"/>
    <property name="test.output.overwrite" value=""/>
    <property name="hive.root" value="/home/alex/Repositories/hive/beeline/../"/>
  </properties>
  <testcase name="testSetPromptValue" classname="org.apache.hive.beeline.cli.TestHiveCli" time="9.225">
    <error type="java.lang.NullPointerException"><![CDATA[java.lang.NullPointerException
	at org.apache.hive.beeline.cli.TestHiveCli.executeCMD(TestHiveCli.java:255)
	at org.apache.hive.beeline.cli.TestHiveCli.initFromFile(TestHiveCli.java:321)
	at org.apache.hive.beeline.cli.TestHiveCli.setup(TestHiveCli.java:294)
	at sun.reflect.NativeMethodAccessorImpl.invoke0(Native Method)
	at sun.reflect.NativeMethodAccessorImpl.invoke(NativeMethodAccessorImpl.java:62)
	at sun.reflect.DelegatingMethodAccessorImpl.invoke(DelegatingMethodAccessorImpl.java:43)
	at java.lang.reflect.Method.invoke(Method.java:498)
	at org.junit.runners.model.FrameworkMethod$1.runReflectiveCall(FrameworkMethod.java:59)
	at org.junit.internal.runners.model.ReflectiveCallable.run(ReflectiveCallable.java:12)
	at org.junit.runners.model.FrameworkMethod.invokeExplosively(FrameworkMethod.java:56)
	at org.junit.internal.runners.statements.RunBefores.invokeMethod(RunBefores.java:33)
	at org.junit.internal.runners.statements.RunBefores.evaluate(RunBefores.java:24)
	at org.junit.internal.runners.statements.RunAfters.evaluate(RunAfters.java:27)
	at org.junit.runners.ParentRunner$3.evaluate(ParentRunner.java:306)
	at org.junit.runners.BlockJUnit4ClassRunner$1.evaluate(BlockJUnit4ClassRunner.java:100)
	at org.junit.runners.ParentRunner.runLeaf(ParentRunner.java:366)
	at org.junit.runners.BlockJUnit4ClassRunner.runChild(BlockJUnit4ClassRunner.java:103)
	at org.junit.runners.BlockJUnit4ClassRunner.runChild(BlockJUnit4ClassRunner.java:63)
	at org.junit.runners.ParentRunner$4.run(ParentRunner.java:331)
	at org.junit.runners.ParentRunner$1.schedule(ParentRunner.java:79)
	at org.junit.runners.ParentRunner.runChildren(ParentRunner.java:329)
	at org.junit.runners.ParentRunner.access$100(ParentRunner.java:66)
	at org.junit.runners.ParentRunner$2.evaluate(ParentRunner.java:293)
	at org.junit.internal.runners.statements.RunBefores.evaluate(RunBefores.java:26)
	at org.junit.runners.ParentRunner$3.evaluate(ParentRunner.java:306)
	at org.junit.runners.ParentRunner.run(ParentRunner.java:413)
	at org.junit.runner.JUnitCore.run(JUnitCore.java:137)
	at org.junit.runner.JUnitCore.run(JUnitCore.java:115)
	at org.junit.vintage.engine.execution.RunnerExecutor.execute(RunnerExecutor.java:43)
	at java.util.stream.ForEachOps$ForEachOp$OfRef.accept(ForEachOps.java:183)
	at java.util.stream.ReferencePipeline$3$1.accept(ReferencePipeline.java:193)
	at java.util.Iterator.forEachRemaining(Iterator.java:116)
	at java.util.Spliterators$IteratorSpliterator.forEachRemaining(Spliterators.java:1801)
	at java.util.stream.AbstractPipeline.copyInto(AbstractPipeline.java:482)
	at java.util.stream.AbstractPipeline.wrapAndCopyInto(AbstractPipeline.java:472)
	at java.util.stream.ForEachOps$ForEachOp.evaluateSequential(ForEachOps.java:150)
	at java.util.stream.ForEachOps$ForEachOp$OfRef.evaluateSequential(ForEachOps.java:173)
	at java.util.stream.AbstractPipeline.evaluate(AbstractPipeline.java:234)
	at java.util.stream.ReferencePipeline.forEach(ReferencePipeline.java:485)
	at org.junit.vintage.engine.VintageTestEngine.executeAllChildren(VintageTestEngine.java:82)
	at org.junit.vintage.engine.VintageTestEngine.execute(VintageTestEngine.java:73)
	at org.junit.platform.launcher.core.DefaultLauncher.execute(DefaultLauncher.java:248)
	at org.junit.platform.launcher.core.DefaultLauncher.lambda$execute$5(DefaultLauncher.java:211)
	at org.junit.platform.launcher.core.DefaultLauncher.withInterceptedStreams(DefaultLauncher.java:226)
	at org.junit.platform.launcher.core.DefaultLauncher.execute(DefaultLauncher.java:199)
	at org.junit.platform.launcher.core.DefaultLauncher.execute(DefaultLauncher.java:132)
	at org.apache.maven.surefire.junitplatform.JUnitPlatformProvider.invokeAllTests(JUnitPlatformProvider.java:154)
	at org.apache.maven.surefire.junitplatform.JUnitPlatformProvider.invoke(JUnitPlatformProvider.java:123)
	at org.apache.maven.surefire.booter.ForkedBooter.runSuitesInProcess(ForkedBooter.java:377)
	at org.apache.maven.surefire.booter.ForkedBooter.execute(ForkedBooter.java:138)
	at org.apache.maven.surefire.booter.ForkedBooter.run(ForkedBooter.java:465)
	at org.apache.maven.surefire.booter.ForkedBooter.main(ForkedBooter.java:451)
]]></error>
    <system-err><![CDATA[SLF4J: Class path contains multiple SLF4J bindings.
SLF4J: Found binding in [jar:file:/home/alex/.m2/repository/org/apache/logging/log4j/log4j-slf4j-impl/2.13.2/log4j-slf4j-impl-2.13.2.jar!/org/slf4j/impl/StaticLoggerBinder.class]
SLF4J: Found binding in [jar:file:/home/alex/.m2/repository/org/slf4j/slf4j-simple/1.7.27/slf4j-simple-1.7.27.jar!/org/slf4j/impl/StaticLoggerBinder.class]
SLF4J: See http://www.slf4j.org/codes.html#multiple_bindings for an explanation.
SLF4J: Actual binding is of type [org.apache.logging.slf4j.Log4jLoggerFactory]
DEBUG StatusLogger Using ShutdownCallbackRegistry class org.apache.logging.log4j.core.util.DefaultShutdownCallbackRegistry
DEBUG StatusLogger Took 0,073869 seconds to load 250 plugins from sun.misc.Launcher$AppClassLoader@7f31245a
DEBUG StatusLogger PluginManager 'Converter' found 46 plugins
DEBUG StatusLogger Starting OutputStreamManager SYSTEM_OUT.false.false-1
DEBUG StatusLogger Starting LoggerContext[name=7f31245a, org.apache.logging.log4j.core.LoggerContext@76b1e9b8]...
DEBUG StatusLogger Reconfiguration started for context[name=7f31245a] at URI null (org.apache.logging.log4j.core.LoggerContext@76b1e9b8) with optional ClassLoader: null
DEBUG StatusLogger PluginManager 'ConfigurationFactory' found 6 plugins
DEBUG StatusLogger Using configurationFactory org.apache.logging.log4j.core.config.ConfigurationFactory$Factory@7a35b0f5
DEBUG StatusLogger Apache Log4j Core 2.13.2 initializing configuration org.apache.logging.log4j.core.config.properties.PropertiesConfiguration@2a693f59
DEBUG StatusLogger Installed 2 script engines
DEBUG StatusLogger Groovy Scripting Engine version: 2.0, language: Groovy, threading: MULTITHREADED, compile: true, names: [groovy, Groovy], factory class: org.codehaus.groovy.jsr223.GroovyScriptEngineFactory
DEBUG StatusLogger Oracle Nashorn version: 1.8.0_402, language: ECMAScript, threading: Not Thread Safe, compile: true, names: [nashorn, Nashorn, js, JS, JavaScript, javascript, ECMAScript, ecmascript], factory class: jdk.nashorn.api.scripting.NashornScriptEngineFactory
INFO StatusLogger Scanning for classes in '/home/alex/Repositories/hive/common/target/classes/org/apache/hadoop/hive/ql/log' matching criteria annotated with @Plugin
DEBUG StatusLogger Checking to see if class org.apache.hadoop.hive.ql.log.PerfLogger matches criteria annotated with @Plugin
INFO StatusLogger Scanning for classes in '/home/alex/Repositories/hive/ql/target/test-classes/org/apache/hadoop/hive/ql/log' matching criteria annotated with @Plugin
DEBUG StatusLogger Checking to see if class org.apache.hadoop.hive.ql.log.TestSlidingFilenameRolloverStrategy matches criteria annotated with @Plugin
DEBUG StatusLogger Checking to see if class org.apache.hadoop.hive.ql.log.TestSyslogInputFormat matches criteria annotated with @Plugin
DEBUG StatusLogger Checking to see if class org.apache.hadoop.hive.ql.log.TestLog4j2Appenders matches criteria annotated with @Plugin
INFO StatusLogger Scanning for classes in '/home/alex/Repositories/hive/ql/target/classes/org/apache/hadoop/hive/ql/log' matching criteria annotated with @Plugin
DEBUG StatusLogger Checking to see if class org.apache.hadoop.hive.ql.log.PidFilePatternConverter matches criteria annotated with @Plugin
DEBUG StatusLogger Checking to see if class org.apache.hadoop.hive.ql.log.LogDivertAppenderForTest$TestFilter matches criteria annotated with @Plugin
DEBUG StatusLogger Checking to see if class org.apache.hadoop.hive.ql.log.HushableRandomAccessFileAppender matches criteria annotated with @Plugin
DEBUG StatusLogger Checking to see if class org.apache.hadoop.hive.ql.log.LogDivertAppender$NameFilter matches criteria annotated with @Plugin
DEBUG StatusLogger Checking to see if class org.apache.hadoop.hive.ql.log.LogDivertAppenderForTest matches criteria annotated with @Plugin
DEBUG StatusLogger Checking to see if class org.apache.hadoop.hive.ql.log.HiveEventCounter matches criteria annotated with @Plugin
DEBUG StatusLogger Checking to see if class org.apache.hadoop.hive.ql.log.HiveEventCounter$EventCounts matches criteria annotated with @Plugin
DEBUG StatusLogger Checking to see if class org.apache.hadoop.hive.ql.log.SlidingFilenameRolloverStrategy matches criteria annotated with @Plugin
DEBUG StatusLogger Checking to see if class org.apache.hadoop.hive.ql.log.HushableRandomAccessFileAppender$1 matches criteria annotated with @Plugin
DEBUG StatusLogger Checking to see if class org.apache.hadoop.hive.ql.log.SlidingFilenameRolloverStrategy$1 matches criteria annotated with @Plugin
DEBUG StatusLogger Checking to see if class org.apache.hadoop.hive.ql.log.HiveEventCounter$1 matches criteria annotated with @Plugin
DEBUG StatusLogger Checking to see if class org.apache.hadoop.hive.ql.log.LogDivertAppender matches criteria annotated with @Plugin
DEBUG StatusLogger Checking to see if class org.apache.hadoop.hive.ql.log.syslog.SyslogSerDe matches criteria annotated with @Plugin
DEBUG StatusLogger Checking to see if class org.apache.hadoop.hive.ql.log.syslog.SyslogStorageHandler matches criteria annotated with @Plugin
DEBUG StatusLogger Checking to see if class org.apache.hadoop.hive.ql.log.syslog.SyslogInputFormat$Location matches criteria annotated with @Plugin
DEBUG StatusLogger Checking to see if class org.apache.hadoop.hive.ql.log.syslog.SyslogParser matches criteria annotated with @Plugin
DEBUG StatusLogger Checking to see if class org.apache.hadoop.hive.ql.log.syslog.SyslogInputFormat matches criteria annotated with @Plugin
DEBUG StatusLogger Checking to see if class org.apache.hadoop.hive.ql.log.NullAppender matches criteria annotated with @Plugin
DEBUG StatusLogger Took 0,024465 seconds to load 7 plugins from package org.apache.hadoop.hive.ql.log
DEBUG StatusLogger PluginManager 'Core' found 132 plugins
DEBUG StatusLogger PluginManager 'Level' found 0 plugins
DEBUG StatusLogger Building Plugin[name=property, class=org.apache.logging.log4j.core.config.Property].
TRACE StatusLogger TypeConverterRegistry initializing.
DEBUG StatusLogger PluginManager 'TypeConverter' found 26 plugins
DEBUG StatusLogger createProperty(name="hive.log.file", value="hive.log")
DEBUG StatusLogger Building Plugin[name=property, class=org.apache.logging.log4j.core.config.Property].
DEBUG StatusLogger createProperty(name="hive.log.dir", value="/home/alex/Repositories/hive/beeline/target/tmp/log")
DEBUG StatusLogger Building Plugin[name=property, class=org.apache.logging.log4j.core.config.Property].
DEBUG StatusLogger createProperty(name="hive.root.logger", value="DRFA")
DEBUG StatusLogger Building Plugin[name=property, class=org.apache.logging.log4j.core.config.Property].
DEBUG StatusLogger createProperty(name="hive.log.level", value="DEBUG")
DEBUG StatusLogger Building Plugin[name=property, class=org.apache.logging.log4j.core.config.Property].
DEBUG StatusLogger createProperty(name="hive.test.console.log.level", value="INFO")
DEBUG StatusLogger Building Plugin[name=properties, class=org.apache.logging.log4j.core.config.PropertiesPlugin].
DEBUG StatusLogger configureSubstitutor(={hive.log.file=hive.log, hive.log.dir=/home/alex/Repositories/hive/beeline/target/tmp/log, hive.root.logger=DRFA, hive.log.level=DEBUG, hive.test.console.log.level=INFO}, Configuration(HiveLog4j2Test))
DEBUG StatusLogger PluginManager 'Lookup' found 17 plugins
DEBUG StatusLogger Building Plugin[name=logger, class=org.apache.logging.log4j.core.config.LoggerConfig].
DEBUG StatusLogger createLogger(additivity="true", level="WARN", name="org.apache.hadoop.ipc", includeLocation="null", ={}, ={}, Configuration(HiveLog4j2Test), Filter=null)
DEBUG StatusLogger Building Plugin[name=logger, class=org.apache.logging.log4j.core.config.LoggerConfig].
DEBUG StatusLogger createLogger(additivity="true", level="INFO", name="org.apache.hadoop.security", includeLocation="null", ={}, ={}, Configuration(HiveLog4j2Test), Filter=null)
DEBUG StatusLogger Building Plugin[name=logger, class=org.apache.logging.log4j.core.config.LoggerConfig].
DEBUG StatusLogger createLogger(additivity="true", level="INFO", name="org.apache.hadoop.hdfs", includeLocation="null", ={}, ={}, Configuration(HiveLog4j2Test), Filter=null)
DEBUG StatusLogger Building Plugin[name=logger, class=org.apache.logging.log4j.core.config.LoggerConfig].
DEBUG StatusLogger createLogger(additivity="true", level="WARN", name="org.apache.hadoop.hdfs.server", includeLocation="null", ={}, ={}, Configuration(HiveLog4j2Test), Filter=null)
DEBUG StatusLogger Building Plugin[name=logger, class=org.apache.logging.log4j.core.config.LoggerConfig].
DEBUG StatusLogger createLogger(additivity="true", level="INFO", name="org.apache.hadoop.metrics2", includeLocation="null", ={}, ={}, Configuration(HiveLog4j2Test), Filter=null)
DEBUG StatusLogger Building Plugin[name=logger, class=org.apache.logging.log4j.core.config.LoggerConfig].
DEBUG StatusLogger createLogger(additivity="true", level="INFO", name="org.mortbay", includeLocation="null", ={}, ={}, Configuration(HiveLog4j2Test), Filter=null)
DEBUG StatusLogger Building Plugin[name=logger, class=org.apache.logging.log4j.core.config.LoggerConfig].
DEBUG StatusLogger createLogger(additivity="true", level="INFO", name="org.apache.hadoop.yarn", includeLocation="null", ={}, ={}, Configuration(HiveLog4j2Test), Filter=null)
DEBUG StatusLogger Building Plugin[name=logger, class=org.apache.logging.log4j.core.config.LoggerConfig].
DEBUG StatusLogger createLogger(additivity="true", level="WARN", name="org.apache.hadoop.yarn.server", includeLocation="null", ={}, ={}, Configuration(HiveLog4j2Test), Filter=null)
DEBUG StatusLogger Building Plugin[name=logger, class=org.apache.logging.log4j.core.config.LoggerConfig].
DEBUG StatusLogger createLogger(additivity="true", level="INFO", name="org.apache.tez", includeLocation="null", ={}, ={}, Configuration(HiveLog4j2Test), Filter=null)
DEBUG StatusLogger Building Plugin[name=logger, class=org.apache.logging.log4j.core.config.LoggerConfig].
DEBUG StatusLogger createLogger(additivity="true", level="ERROR", name="org.apache.hadoop.conf.Configuration", includeLocation="null", ={}, ={}, Configuration(HiveLog4j2Test), Filter=null)
DEBUG StatusLogger Building Plugin[name=logger, class=org.apache.logging.log4j.core.config.LoggerConfig].
DEBUG StatusLogger createLogger(additivity="true", level="INFO", name="org.apache.zookeeper", includeLocation="null", ={}, ={}, Configuration(HiveLog4j2Test), Filter=null)
DEBUG StatusLogger Building Plugin[name=logger, class=org.apache.logging.log4j.core.config.LoggerConfig].
DEBUG StatusLogger createLogger(additivity="true", level="WARN", name="org.apache.zookeeper.server.ServerCnxn", includeLocation="null", ={}, ={}, Configuration(HiveLog4j2Test), Filter=null)
DEBUG StatusLogger Building Plugin[name=logger, class=org.apache.logging.log4j.core.config.LoggerConfig].
DEBUG StatusLogger createLogger(additivity="true", level="WARN", name="org.apache.zookeeper.server.NIOServerCnxn", includeLocation="null", ={}, ={}, Configuration(HiveLog4j2Test), Filter=null)
DEBUG StatusLogger Building Plugin[name=logger, class=org.apache.logging.log4j.core.config.LoggerConfig].
DEBUG StatusLogger createLogger(additivity="true", level="WARN", name="org.apache.zookeeper.ClientCnxn", includeLocation="null", ={}, ={}, Configuration(HiveLog4j2Test), Filter=null)
DEBUG StatusLogger Building Plugin[name=logger, class=org.apache.logging.log4j.core.config.LoggerConfig].
DEBUG StatusLogger createLogger(additivity="true", level="WARN", name="org.apache.zookeeper.ClientCnxnSocket", includeLocation="null", ={}, ={}, Configuration(HiveLog4j2Test), Filter=null)
DEBUG StatusLogger Building Plugin[name=logger, class=org.apache.logging.log4j.core.config.LoggerConfig].
DEBUG StatusLogger createLogger(additivity="true", level="WARN", name="org.apache.zookeeper.ClientCnxnSocketNIO", includeLocation="null", ={}, ={}, Configuration(HiveLog4j2Test), Filter=null)
DEBUG StatusLogger Building Plugin[name=logger, class=org.apache.logging.log4j.core.config.LoggerConfig].
DEBUG StatusLogger createLogger(additivity="true", level="ERROR", name="DataNucleus", includeLocation="null", ={}, ={}, Configuration(HiveLog4j2Test), Filter=null)
DEBUG StatusLogger Building Plugin[name=logger, class=org.apache.logging.log4j.core.config.LoggerConfig].
DEBUG StatusLogger createLogger(additivity="true", level="ERROR", name="Datastore", includeLocation="null", ={}, ={}, Configuration(HiveLog4j2Test), Filter=null)
DEBUG StatusLogger Building Plugin[name=logger, class=org.apache.logging.log4j.core.config.LoggerConfig].
DEBUG StatusLogger createLogger(additivity="true", level="ERROR", name="JPOX", includeLocation="null", ={}, ={}, Configuration(HiveLog4j2Test), Filter=null)
DEBUG StatusLogger Building Plugin[name=logger, class=org.apache.logging.log4j.core.config.LoggerConfig].
DEBUG StatusLogger createLogger(additivity="true", level="INFO", name="org.apache.hadoop.hive.ql.exec.Operator", includeLocation="null", ={}, ={}, Configuration(HiveLog4j2Test), Filter=null)
DEBUG StatusLogger Building Plugin[name=logger, class=org.apache.logging.log4j.core.config.LoggerConfig].
DEBUG StatusLogger createLogger(additivity="true", level="INFO", name="org.apache.hadoop.hive.serde2.lazy", includeLocation="null", ={}, ={}, Configuration(HiveLog4j2Test), Filter=null)
DEBUG StatusLogger Building Plugin[name=logger, class=org.apache.logging.log4j.core.config.LoggerConfig].
DEBUG StatusLogger createLogger(additivity="true", level="INFO", name="org.apache.hadoop.hive.metastore.ObjectStore", includeLocation="null", ={}, ={}, Configuration(HiveLog4j2Test), Filter=null)
DEBUG StatusLogger Building Plugin[name=logger, class=org.apache.logging.log4j.core.config.LoggerConfig].
DEBUG StatusLogger createLogger(additivity="true", level="INFO", name="org.apache.calcite.plan.RelOptPlanner", includeLocation="null", ={}, ={}, Configuration(HiveLog4j2Test), Filter=null)
DEBUG StatusLogger Building Plugin[name=logger, class=org.apache.logging.log4j.core.config.LoggerConfig].
DEBUG StatusLogger createLogger(additivity="true", level="INFO", name="com.amazonaws", includeLocation="null", ={}, ={}, Configuration(HiveLog4j2Test), Filter=null)
DEBUG StatusLogger Building Plugin[name=logger, class=org.apache.logging.log4j.core.config.LoggerConfig].
DEBUG StatusLogger createLogger(additivity="true", level="INFO", name="org.apache.http", includeLocation="null", ={}, ={}, Configuration(HiveLog4j2Test), Filter=null)
DEBUG StatusLogger Building Plugin[name=logger, class=org.apache.logging.log4j.core.config.LoggerConfig].
DEBUG StatusLogger createLogger(additivity="true", level="WARN", name="org.apache.thrift", includeLocation="null", ={}, ={}, Configuration(HiveLog4j2Test), Filter=null)
DEBUG StatusLogger Building Plugin[name=logger, class=org.apache.logging.log4j.core.config.LoggerConfig].
DEBUG StatusLogger createLogger(additivity="true", level="WARN", name="org.eclipse.jetty", includeLocation="null", ={}, ={}, Configuration(HiveLog4j2Test), Filter=null)
DEBUG StatusLogger Building Plugin[name=logger, class=org.apache.logging.log4j.core.config.LoggerConfig].
DEBUG StatusLogger createLogger(additivity="true", level="WARN", name="BlockStateChange", includeLocation="null", ={}, ={}, Configuration(HiveLog4j2Test), Filter=null)
DEBUG StatusLogger Building Plugin[name=logger, class=org.apache.logging.log4j.core.config.LoggerConfig].
DEBUG StatusLogger createLogger(additivity="true", level="DEBUG", name="org.apache.hadoop.hive.ql.optimizer.SharedWorkOptimizer", includeLocation="null", ={}, ={}, Configuration(HiveLog4j2Test), Filter=null)
DEBUG StatusLogger Building Plugin[name=AppenderRef, class=org.apache.logging.log4j.core.config.AppenderRef].
DEBUG StatusLogger createAppenderRef(ref="console", level="INFO", Filter=null)
DEBUG StatusLogger Building Plugin[name=AppenderRef, class=org.apache.logging.log4j.core.config.AppenderRef].
DEBUG StatusLogger createAppenderRef(ref="DRFA", level="null", Filter=null)
DEBUG StatusLogger Building Plugin[name=root, class=org.apache.logging.log4j.core.config.LoggerConfig$RootLogger].
DEBUG StatusLogger createLogger(additivity="null", level="DEBUG", includeLocation="null", ={console, DRFA}, ={}, Configuration(HiveLog4j2Test), Filter=null)
DEBUG StatusLogger Building Plugin[name=loggers, class=org.apache.logging.log4j.core.config.LoggersPlugin].
DEBUG StatusLogger createLoggers(={org.apache.hadoop.ipc, org.apache.hadoop.security, org.apache.hadoop.hdfs, org.apache.hadoop.hdfs.server, org.apache.hadoop.metrics2, org.mortbay, org.apache.hadoop.yarn, org.apache.hadoop.yarn.server, org.apache.tez, org.apache.hadoop.conf.Configuration, org.apache.zookeeper, org.apache.zookeeper.server.ServerCnxn, org.apache.zookeeper.server.NIOServerCnxn, org.apache.zookeeper.ClientCnxn, org.apache.zookeeper.ClientCnxnSocket, org.apache.zookeeper.ClientCnxnSocketNIO, DataNucleus, Datastore, JPOX, org.apache.hadoop.hive.ql.exec.Operator, org.apache.hadoop.hive.serde2.lazy, org.apache.hadoop.hive.metastore.ObjectStore, org.apache.calcite.plan.RelOptPlanner, com.amazonaws, org.apache.http, org.apache.thrift, org.eclipse.jetty, BlockStateChange, org.apache.hadoop.hive.ql.optimizer.SharedWorkOptimizer, root})
DEBUG StatusLogger Building Plugin[name=layout, class=org.apache.logging.log4j.core.layout.PatternLayout].
DEBUG StatusLogger PatternLayout$Builder(pattern="%d{ISO8601} %5p [%t] %c{2}: %m%n", PatternSelector=null, Configuration(HiveLog4j2Test), Replace=null, charset="null", alwaysWriteExceptions="null", disableAnsi="null", noConsoleNoAnsi="null", header="null", footer="null")
DEBUG StatusLogger PluginManager 'Converter' found 46 plugins
DEBUG StatusLogger Building Plugin[name=appender, class=org.apache.logging.log4j.core.appender.ConsoleAppender].
DEBUG StatusLogger ConsoleAppender$Builder(target="SYSTEM_ERR", follow="null", direct="null", bufferedIo="null", bufferSize="null", immediateFlush="null", ignoreExceptions="null", PatternLayout(%d{ISO8601} %5p [%t] %c{2}: %m%n), name="console", Configuration(HiveLog4j2Test), Filter=null, ={})
DEBUG StatusLogger Starting OutputStreamManager SYSTEM_ERR.false.false
DEBUG StatusLogger Building Plugin[name=layout, class=org.apache.logging.log4j.core.layout.PatternLayout].
DEBUG StatusLogger PatternLayout$Builder(pattern="%d{ISO8601} %5p [%t] %c{2}: %m%n", PatternSelector=null, Configuration(HiveLog4j2Test), Replace=null, charset="null", alwaysWriteExceptions="null", disableAnsi="null", noConsoleNoAnsi="null", header="null", footer="null")
DEBUG StatusLogger Building Plugin[name=TimeBasedTriggeringPolicy, class=org.apache.logging.log4j.core.appender.rolling.TimeBasedTriggeringPolicy].
DEBUG StatusLogger TimeBasedTriggeringPolicy$Builder(interval="1", modulate="true", maxRandomDelay="null")
DEBUG StatusLogger Building Plugin[name=Policies, class=org.apache.logging.log4j.core.appender.rolling.CompositeTriggeringPolicy].
DEBUG StatusLogger createPolicy(={TimeBasedTriggeringPolicy(nextRolloverMillis=0, interval=1, modulate=true)})
DEBUG StatusLogger Building Plugin[name=DefaultRolloverStrategy, class=org.apache.logging.log4j.core.appender.rolling.DefaultRolloverStrategy].
DEBUG StatusLogger DefaultRolloverStrategy$Builder(max="30", min="null", fileIndex="null", compressionLevel="null", ={}, stopCustomActionsOnError="null", tempCompressedFilePattern="null", Configuration(HiveLog4j2Test))
DEBUG StatusLogger Building Plugin[name=appender, class=org.apache.logging.log4j.core.appender.RollingRandomAccessFileAppender].
DEBUG StatusLogger RollingRandomAccessFileAppender$Builder(fileName="/home/alex/Repositories/hive/beeline/target/tmp/log/hive.log", filePattern="/home/alex/Repositories/hive/beeline/target/tmp/log/hive.log.%d{yyyy-MM-dd}", append="null", Policies(CompositeTriggeringPolicy(policies=[TimeBasedTriggeringPolicy(nextRolloverMillis=0, interval=1, modulate=true)])), DefaultRolloverStrategy(DefaultRolloverStrategy(min=1, max=30, useMax=true)), advertise="null", advertiseURI="null", filePermissions="null", fileOwner="null", fileGroup="null", bufferedIo="null", bufferSize="null", immediateFlush="null", ignoreExceptions="null", PatternLayout(%d{ISO8601} %5p [%t] %c{2}: %m%n), name="DRFA", Configuration(HiveLog4j2Test), Filter=null, ={})
TRACE StatusLogger RandomAccessFile /home/alex/Repositories/hive/beeline/target/tmp/log/hive.log seek to 0
DEBUG StatusLogger Starting RollingRandomAccessFileManager /home/alex/Repositories/hive/beeline/target/tmp/log/hive.log
DEBUG StatusLogger PluginManager 'FileConverter' found 3 plugins
DEBUG StatusLogger Setting prev file time to 2024-05-01T04:57:33.443-0700
DEBUG StatusLogger Initializing triggering policy CompositeTriggeringPolicy(policies=[TimeBasedTriggeringPolicy(nextRolloverMillis=0, interval=1, modulate=true)])
DEBUG StatusLogger Initializing triggering policy TimeBasedTriggeringPolicy(nextRolloverMillis=0, interval=1, modulate=true)
TRACE StatusLogger PatternProcessor.getNextTime returning 2024/05/02-00:00:00.000, nextFileTime=2024/05/01-00:00:00.000, prevFileTime=1969/12/31-16:00:00.000, current=2024/05/01-04:57:33.450, freq=DAILY
TRACE StatusLogger PatternProcessor.getNextTime returning 2024/05/02-00:00:00.000, nextFileTime=2024/05/01-00:00:00.000, prevFileTime=2024/05/01-00:00:00.000, current=2024/05/01-04:57:33.451, freq=DAILY
DEBUG StatusLogger Building Plugin[name=appenders, class=org.apache.logging.log4j.core.config.AppendersPlugin].
DEBUG StatusLogger createAppenders(={console, DRFA})
DEBUG StatusLogger Configuration org.apache.logging.log4j.core.config.properties.PropertiesConfiguration@2a693f59 initialized
DEBUG StatusLogger Starting configuration org.apache.logging.log4j.core.config.properties.PropertiesConfiguration@2a693f59
DEBUG StatusLogger Started configuration org.apache.logging.log4j.core.config.properties.PropertiesConfiguration@2a693f59 OK.
TRACE StatusLogger Stopping org.apache.logging.log4j.core.config.DefaultConfiguration@65e98b1c...
TRACE StatusLogger DefaultConfiguration notified 1 ReliabilityStrategies that config will be stopped.
TRACE StatusLogger DefaultConfiguration stopping root LoggerConfig.
TRACE StatusLogger DefaultConfiguration notifying ReliabilityStrategies that appenders will be stopped.
TRACE StatusLogger DefaultConfiguration stopping remaining Appenders.
DEBUG StatusLogger Shutting down OutputStreamManager SYSTEM_OUT.false.false-1
DEBUG StatusLogger OutputStream closed
DEBUG StatusLogger Shut down OutputStreamManager SYSTEM_OUT.false.false-1, all resources released: true
DEBUG StatusLogger Appender DefaultConsole-1 stopped with status true
TRACE StatusLogger DefaultConfiguration stopped 1 remaining Appenders.
TRACE StatusLogger DefaultConfiguration cleaning Appenders from 1 LoggerConfigs.
DEBUG StatusLogger Stopped org.apache.logging.log4j.core.config.DefaultConfiguration@65e98b1c OK
TRACE StatusLogger Reregistering MBeans after reconfigure. Selector=org.apache.logging.log4j.core.selector.ClassLoaderContextSelector@4af0df05
TRACE StatusLogger Reregistering context (1/1): '7f31245a' org.apache.logging.log4j.core.LoggerContext@76b1e9b8
TRACE StatusLogger Unregistering but no MBeans found matching 'org.apache.logging.log4j2:type=7f31245a'
TRACE StatusLogger Unregistering but no MBeans found matching 'org.apache.logging.log4j2:type=7f31245a,component=StatusLogger'
TRACE StatusLogger Unregistering but no MBeans found matching 'org.apache.logging.log4j2:type=7f31245a,component=ContextSelector'
TRACE StatusLogger Unregistering but no MBeans found matching 'org.apache.logging.log4j2:type=7f31245a,component=Loggers,name=*'
TRACE StatusLogger Unregistering but no MBeans found matching 'org.apache.logging.log4j2:type=7f31245a,component=Appenders,name=*'
TRACE StatusLogger Unregistering but no MBeans found matching 'org.apache.logging.log4j2:type=7f31245a,component=AsyncAppenders,name=*'
TRACE StatusLogger Unregistering but no MBeans found matching 'org.apache.logging.log4j2:type=7f31245a,component=AsyncLoggerRingBuffer'
TRACE StatusLogger Unregistering but no MBeans found matching 'org.apache.logging.log4j2:type=7f31245a,component=Loggers,name=*,subtype=RingBuffer'
DEBUG StatusLogger Registering MBean org.apache.logging.log4j2:type=7f31245a
DEBUG StatusLogger Registering MBean org.apache.logging.log4j2:type=7f31245a,component=StatusLogger
DEBUG StatusLogger Registering MBean org.apache.logging.log4j2:type=7f31245a,component=ContextSelector
DEBUG StatusLogger Registering MBean org.apache.logging.log4j2:type=7f31245a,component=Loggers,name=
DEBUG StatusLogger Registering MBean org.apache.logging.log4j2:type=7f31245a,component=Loggers,name=org.apache.tez
DEBUG StatusLogger Registering MBean org.apache.logging.log4j2:type=7f31245a,component=Loggers,name=com.amazonaws
DEBUG StatusLogger Registering MBean org.apache.logging.log4j2:type=7f31245a,component=Loggers,name=org.apache.thrift
DEBUG StatusLogger Registering MBean org.apache.logging.log4j2:type=7f31245a,component=Loggers,name=org.eclipse.jetty
DEBUG StatusLogger Registering MBean org.apache.logging.log4j2:type=7f31245a,component=Loggers,name=BlockStateChange
DEBUG StatusLogger Registering MBean org.apache.logging.log4j2:type=7f31245a,component=Loggers,name=org.apache.hadoop.metrics2
DEBUG StatusLogger Registering MBean org.apache.logging.log4j2:type=7f31245a,component=Loggers,name=org.apache.zookeeper.ClientCnxn
DEBUG StatusLogger Registering MBean org.apache.logging.log4j2:type=7f31245a,component=Loggers,name=org.apache.zookeeper
DEBUG StatusLogger Registering MBean org.apache.logging.log4j2:type=7f31245a,component=Loggers,name=org.apache.hadoop.security
DEBUG StatusLogger Registering MBean org.apache.logging.log4j2:type=7f31245a,component=Loggers,name=JPOX
DEBUG StatusLogger Registering MBean org.apache.logging.log4j2:type=7f31245a,component=Loggers,name=org.apache.hadoop.hive.ql.optimizer.SharedWorkOptimizer
DEBUG StatusLogger Registering MBean org.apache.logging.log4j2:type=7f31245a,component=Loggers,name=org.apache.hadoop.yarn.server
DEBUG StatusLogger Registering MBean org.apache.logging.log4j2:type=7f31245a,component=Loggers,name=org.apache.hadoop.conf.Configuration
DEBUG StatusLogger Registering MBean org.apache.logging.log4j2:type=7f31245a,component=Loggers,name=org.apache.hadoop.yarn
DEBUG StatusLogger Registering MBean org.apache.logging.log4j2:type=7f31245a,component=Loggers,name=org.apache.zookeeper.ClientCnxnSocketNIO
DEBUG StatusLogger Registering MBean org.apache.logging.log4j2:type=7f31245a,component=Loggers,name=org.apache.zookeeper.server.ServerCnxn
DEBUG StatusLogger Registering MBean org.apache.logging.log4j2:type=7f31245a,component=Loggers,name=org.apache.hadoop.hdfs
DEBUG StatusLogger Registering MBean org.apache.logging.log4j2:type=7f31245a,component=Loggers,name=org.apache.hadoop.hdfs.server
DEBUG StatusLogger Registering MBean org.apache.logging.log4j2:type=7f31245a,component=Loggers,name=org.apache.hadoop.hive.serde2.lazy
DEBUG StatusLogger Registering MBean org.apache.logging.log4j2:type=7f31245a,component=Loggers,name=org.apache.zookeeper.ClientCnxnSocket
DEBUG StatusLogger Registering MBean org.apache.logging.log4j2:type=7f31245a,component=Loggers,name=org.mortbay
DEBUG StatusLogger Registering MBean org.apache.logging.log4j2:type=7f31245a,component=Loggers,name=org.apache.http
DEBUG StatusLogger Registering MBean org.apache.logging.log4j2:type=7f31245a,component=Loggers,name=org.apache.hadoop.hive.ql.exec.Operator
DEBUG StatusLogger Registering MBean org.apache.logging.log4j2:type=7f31245a,component=Loggers,name=DataNucleus
DEBUG StatusLogger Registering MBean org.apache.logging.log4j2:type=7f31245a,component=Loggers,name=Datastore
DEBUG StatusLogger Registering MBean org.apache.logging.log4j2:type=7f31245a,component=Loggers,name=org.apache.hadoop.hive.metastore.ObjectStore
DEBUG StatusLogger Registering MBean org.apache.logging.log4j2:type=7f31245a,component=Loggers,name=org.apache.hadoop.ipc
DEBUG StatusLogger Registering MBean org.apache.logging.log4j2:type=7f31245a,component=Loggers,name=org.apache.zookeeper.server.NIOServerCnxn
DEBUG StatusLogger Registering MBean org.apache.logging.log4j2:type=7f31245a,component=Loggers,name=org.apache.calcite.plan.RelOptPlanner
DEBUG StatusLogger Registering MBean org.apache.logging.log4j2:type=7f31245a,component=Appenders,name=console
DEBUG StatusLogger Registering MBean org.apache.logging.log4j2:type=7f31245a,component=Appenders,name=DRFA
TRACE StatusLogger Using default SystemClock for timestamps.
DEBUG StatusLogger org.apache.logging.log4j.core.util.SystemClock does not support precise timestamps.
TRACE StatusLogger Using DummyNanoClock for nanosecond timestamps.
DEBUG StatusLogger Reconfiguration complete for context[name=7f31245a] at URI /home/alex/Repositories/hive/beeline/target/testconf/hive-log4j2.properties (org.apache.logging.log4j.core.LoggerContext@76b1e9b8) with optional ClassLoader: null
DEBUG StatusLogger Shutdown hook enabled. Registering a new one.
DEBUG StatusLogger LoggerContext[name=7f31245a, org.apache.logging.log4j.core.LoggerContext@76b1e9b8] started OK.
2024-05-01T04:57:33,554  INFO [main] conf.HiveConf: Found configuration file file:/home/alex/Repositories/hive/beeline/target/test-classes/hive-site.xml
DEBUG StatusLogger AsyncLogger.ThreadNameStrategy=UNCACHED (user specified null, default is UNCACHED)
TRACE StatusLogger Using default SystemClock for timestamps.
DEBUG StatusLogger org.apache.logging.log4j.core.util.SystemClock does not support precise timestamps.
2024-05-01T04:57:33,992  WARN [main] util.NativeCodeLoader: Unable to load native-hadoop library for your platform... using builtin-java classes where applicable
2024-05-01T04:57:34,052  WARN [main] conf.HiveConf: HiveConf of name hive.dummyparam.test.server.specific.config.override does not exist
2024-05-01T04:57:34,053  WARN [main] conf.HiveConf: HiveConf of name hive.dummyparam.test.server.specific.config.metastoresite does not exist
Connecting to jdbc:hive2://
2024-05-01T04:57:34,462  WARN [main] conf.HiveConf: HiveConf of name hive.dummyparam.test.server.specific.config.override does not exist
2024-05-01T04:57:34,463  WARN [main] conf.HiveConf: HiveConf of name hive.dummyparam.test.server.specific.config.hiveserver2site does not exist
2024-05-01T04:57:34,463  WARN [main] conf.HiveConf: HiveConf of name hive.dummyparam.test.server.specific.config.metastoresite does not exist
Hive Session ID = 702067e9-1a7d-4a23-9b3b-1f1b6cc26186
2024-05-01T04:57:34,508  INFO [main] SessionState: Hive Session ID = 702067e9-1a7d-4a23-9b3b-1f1b6cc26186
ivysettings.xml file not found in HIVE_HOME or HIVE_CONF_DIR,/home/alex/Repositories/hive/conf/ivysettings.xml will be used
2024-05-01T04:57:34,528  INFO [main] DependencyResolver: ivysettings.xml file not found in HIVE_HOME or HIVE_CONF_DIR,/home/alex/Repositories/hive/conf/ivysettings.xml will be used
2024-05-01T04:57:34,836  INFO [main] session.SessionState: Created local directory: /home/alex/Repositories/hive/beeline/target/tmp/alex
2024-05-01T04:57:34,839  INFO [main] session.SessionState: Created HDFS directory: /tmp/hive/alex/702067e9-1a7d-4a23-9b3b-1f1b6cc26186
2024-05-01T04:57:34,842  INFO [main] session.SessionState: Created local directory: /home/alex/Repositories/hive/beeline/target/tmp/alex/702067e9-1a7d-4a23-9b3b-1f1b6cc26186
2024-05-01T04:57:34,846  INFO [main] session.SessionState: Created HDFS directory: /tmp/hive/alex/702067e9-1a7d-4a23-9b3b-1f1b6cc26186/_tmp_space.db
2024-05-01T04:57:34,870  INFO [main] sqlstd.SQLStdHiveAccessController: Created SQLStdHiveAccessController for session context : HiveAuthzSessionContext [sessionString=702067e9-1a7d-4a23-9b3b-1f1b6cc26186, clientType=HIVESERVER2]
2024-05-01T04:57:34,983  INFO [main] metastore.HiveMetaStoreClient: HMS client filtering is enabled.
2024-05-01T04:57:35,171  INFO [main] metastore.HMSHandler: 0: Opening raw store with implementation class:org.apache.hadoop.hive.metastore.ObjectStore
2024-05-01T04:57:35,220  INFO [main] metastore.PersistenceManagerProvider: Configuration datanucleus.autoStartMechanismMode is not set. Defaulting to 'ignored'
2024-05-01T04:57:35,229  INFO [main] metastore.PersistenceManagerProvider: Updating the pmf due to property change
2024-05-01T04:57:35,229  INFO [main] metastore.PersistenceManagerProvider: Current pmf properties are uninitialized
2024-05-01T04:57:35,256  WARN [main] hikari.HikariConfig: HikariPool-1 - leakDetectionThreshold is less than 2000ms or more than maxLifetime, disabling it.
2024-05-01T04:57:35,261  INFO [main] hikari.HikariDataSource: HikariPool-1 - Starting...
2024-05-01T04:57:35,997  INFO [main] pool.PoolBase: HikariPool-1 - Driver does not support get/set network timeout for connections. (Feature not implemented: No details.)
2024-05-01T04:57:36,000  INFO [main] hikari.HikariDataSource: HikariPool-1 - Start completed.
2024-05-01T04:57:36,655  INFO [main] metastore.PersistenceManagerProvider: Setting MetaStore object pin classes with hive.metastore.cache.pinobjtypes="Table,StorageDescriptor,SerDeInfo,Partition,Database,Type,FieldSchema,Order"
2024-05-01T04:57:36,655  INFO [main] metastore.ObjectStore: RawStore: org.apache.hadoop.hive.metastore.ObjectStore@76ad6715, with PersistenceManager: null will be shutdown
2024-05-01T04:57:36,679  INFO [main] metastore.ObjectStore: RawStore: org.apache.hadoop.hive.metastore.ObjectStore@76ad6715, with PersistenceManager: org.datanucleus.api.jdo.JDOPersistenceManager@34780cd9 created in the thread with id: 1
2024-05-01T04:57:39,649  WARN [main] metastore.ObjectStore: Version information not found in metastore. metastore.schema.verification is not enabled so recording the schema version 4.0.0
2024-05-01T04:57:39,649  WARN [main] metastore.ObjectStore: setMetaStoreSchemaVersion called but recording version is disabled: version = 4.0.0, comment = Set by MetaStore alex@127.0.1.1
2024-05-01T04:57:39,649  INFO [main] metastore.HMSHandler: Created RawStore: org.apache.hadoop.hive.metastore.ObjectStore@76ad6715 from thread id: 1
2024-05-01T04:57:39,799  INFO [main] metastore.HMSHandler: Started creating a default database with name: default
2024-05-01T04:57:39,835  INFO [main] metastore.HMSHandler: Successfully created a default database with name: default
2024-05-01T04:57:39,885  INFO [main] metastore.HMSHandler: Added admin role in metastore
2024-05-01T04:57:39,887  INFO [main] metastore.HMSHandler: Added public role in metastore
2024-05-01T04:57:39,950  INFO [main] metastore.HMSHandler: No user is added in admin role, since config is empty
2024-05-01T04:57:39,955  INFO [main] metastore.HMSHandler: Scheduling for org.apache.hadoop.hive.metastore.events.EventCleanerTask service with frequency 0ms.
2024-05-01T04:57:39,956  INFO [main] metastore.HMSHandler: Scheduling for org.apache.hadoop.hive.metastore.RuntimeStatsCleanerTask service with frequency 3600000ms.
2024-05-01T04:57:39,958  INFO [main] metastore.HMSHandler: Scheduling for org.apache.hadoop.hive.metastore.HiveProtoEventsCleanerTask service with frequency 86400000ms.
2024-05-01T04:57:39,981  WARN [main] hikari.HikariConfig: HikariPool-2 - leakDetectionThreshold is less than 2000ms or more than maxLifetime, disabling it.
2024-05-01T04:57:39,985  INFO [main] hikari.HikariDataSource: HikariPool-2 - Starting...
2024-05-01T04:57:39,987  INFO [main] pool.PoolBase: HikariPool-2 - Driver does not support get/set network timeout for connections. (Feature not implemented: No details.)
2024-05-01T04:57:39,987  INFO [main] hikari.HikariDataSource: HikariPool-2 - Start completed.
2024-05-01T04:57:39,989  WARN [main] hikari.HikariConfig: HikariPool-3 - leakDetectionThreshold is less than 2000ms or more than maxLifetime, disabling it.
2024-05-01T04:57:39,992  INFO [main] hikari.HikariDataSource: HikariPool-3 - Starting...
2024-05-01T04:57:39,994  INFO [main] pool.PoolBase: HikariPool-3 - Driver does not support get/set network timeout for connections. (Feature not implemented: No details.)
2024-05-01T04:57:39,994  INFO [main] hikari.HikariDataSource: HikariPool-3 - Start completed.
2024-05-01T04:57:40,001  INFO [main] metastore.HMSHandler: Scheduling for org.apache.hadoop.hive.metastore.metrics.AcidMetricService service with frequency 300000ms.
2024-05-01T04:57:40,002  INFO [main] metastore.HMSHandler: Scheduling for org.apache.hadoop.hive.metastore.ReplicationMetricsMaintTask service with frequency 86400000ms.
2024-05-01T04:57:40,003  INFO [main] metastore.HMSHandler: Scheduling for org.apache.hadoop.hive.metastore.ScheduledQueryExecutionsMaintTask service with frequency 60000ms.
2024-05-01T04:57:40,005  INFO [main] metastore.HMSHandler: HMS server filtering is disabled by configuration
2024-05-01T04:57:40,139  INFO [main] metastore.RetryingMetaStoreClient: RetryingMetaStoreClient proxy=class org.apache.hadoop.hive.ql.metadata.SessionHiveMetaStoreClient ugi=alex (auth:SIMPLE) retries=1 delay=1 lifetime=0
2024-05-01T04:57:40,999  WARN [main] exec.FunctionRegistry: UDF Class org.apache.datasketches.hive.cpc.UnionSketchUDF does not have description. Please annotate the class with the org.apache.hadoop.hive.ql.exec.Description annotation and provide the description of the function.
2024-05-01T04:57:41,004  WARN [main] exec.FunctionRegistry: UDF Class org.apache.datasketches.hive.hll.UnionSketchUDF does not have description. Please annotate the class with the org.apache.hadoop.hive.ql.exec.Description annotation and provide the description of the function.
2024-05-01T04:57:41,009  WARN [main] exec.FunctionRegistry: UDF Class org.apache.datasketches.hive.theta.IntersectSketchUDF does not have description. Please annotate the class with the org.apache.hadoop.hive.ql.exec.Description annotation and provide the description of the function.
2024-05-01T04:57:41,010  WARN [main] exec.FunctionRegistry: UDF Class org.apache.datasketches.hive.theta.EstimateSketchUDF does not have description. Please annotate the class with the org.apache.hadoop.hive.ql.exec.Description annotation and provide the description of the function.
2024-05-01T04:57:41,010  WARN [main] exec.FunctionRegistry: UDF Class org.apache.datasketches.hive.theta.ExcludeSketchUDF does not have description. Please annotate the class with the org.apache.hadoop.hive.ql.exec.Description annotation and provide the description of the function.
2024-05-01T04:57:41,012  WARN [main] exec.FunctionRegistry: UDF Class org.apache.datasketches.hive.theta.UnionSketchUDF does not have description. Please annotate the class with the org.apache.hadoop.hive.ql.exec.Description annotation and provide the description of the function.
2024-05-01T04:57:41,012  WARN [main] exec.FunctionRegistry: UDF Class org.apache.datasketches.hive.tuple.ArrayOfDoublesSketchToValuesUDTF does not have description. Please annotate the class with the org.apache.hadoop.hive.ql.exec.Description annotation and provide the description of the function.
2024-05-01T04:57:41,110  INFO [main] service.CompositeService: Operation log root directory is created: /home/alex/Repositories/hive/beeline/target/tmp/alex/operation_logs
2024-05-01T04:57:41,112  INFO [main] service.CompositeService: HiveServer2: Background operation thread pool size: 100
2024-05-01T04:57:41,112  INFO [main] service.CompositeService: HiveServer2: Background operation thread wait queue size: 100
2024-05-01T04:57:41,112  INFO [main] service.CompositeService: HiveServer2: Background operation thread keepalive time: 10 seconds
2024-05-01T04:57:41,114  INFO [main] service.CompositeService: Connections limit are user: 0 ipaddress: 0 user-ipaddress: 0
2024-05-01T04:57:41,117  INFO [main] cleanup.EventualCleanupService: EventualCleanupService started with 10 threads and queue of size 10000
2024-05-01T04:57:41,125  INFO [main] service.AbstractService: Service:OperationManager is inited.
DEBUG StatusLogger Building Plugin[name=appender, class=org.apache.hadoop.hive.ql.log.NullAppender].
DEBUG StatusLogger createNullAppender()
DEBUG StatusLogger PluginManager 'Converter' found 46 plugins
DEBUG StatusLogger Starting OutputStreamManager SYSTEM_OUT.false.false-2
DEBUG StatusLogger Log4j2 ConfigurationScheduler starting 2 threads
DEBUG StatusLogger Building Plugin[name=appender, class=org.apache.hadoop.hive.ql.log.NullAppender].
DEBUG StatusLogger createNullAppender()
DEBUG StatusLogger PluginManager 'Converter' found 46 plugins
DEBUG StatusLogger Starting OutputStreamManager SYSTEM_OUT.false.false-3
2024-05-01T04:57:41,138  INFO [main] service.AbstractService: Service:SessionManager is inited.
2024-05-01T04:57:41,138  INFO [main] service.AbstractService: Service:CLIService is inited.
2024-05-01T04:57:41,138  INFO [main] service.AbstractService: Service:OperationManager is started.
2024-05-01T04:57:41,138  INFO [main] service.AbstractService: Service:SessionManager is started.
2024-05-01T04:57:41,140  INFO [main] service.AbstractService: Service:CLIService is started.
2024-05-01T04:57:41,140  INFO [main] service.AbstractService: Service:ThriftBinaryCLIService is inited.
2024-05-01T04:57:41,143  INFO [main] thrift.ThriftCLIService: Client protocol version: HIVE_CLI_SERVICE_PROTOCOL_V10
2024-05-01T04:57:41,148  INFO [main] thrift.ThriftCLIService: Creating Hive session handle for user [null] from IP null
ivysettings.xml file not found in HIVE_HOME or HIVE_CONF_DIR,/home/alex/Repositories/hive/conf/ivysettings.xml will be used
2024-05-01T04:57:41,155  INFO [main] DependencyResolver: ivysettings.xml file not found in HIVE_HOME or HIVE_CONF_DIR,/home/alex/Repositories/hive/conf/ivysettings.xml will be used
2024-05-01T04:57:41,167  INFO [main] session.SessionState: Created HDFS directory: /tmp/hive/alex/44c0cd61-b74f-4ee3-b2b5-742d3f41844d
2024-05-01T04:57:41,171  INFO [main] session.SessionState: Created local directory: /home/alex/Repositories/hive/beeline/target/tmp/alex/44c0cd61-b74f-4ee3-b2b5-742d3f41844d
2024-05-01T04:57:41,175  INFO [main] session.SessionState: Created HDFS directory: /tmp/hive/alex/44c0cd61-b74f-4ee3-b2b5-742d3f41844d/_tmp_space.db
2024-05-01T04:57:41,178  INFO [main] session.SessionState: Reloading auxiliary JAR files
2024-05-01T04:57:41,179  WARN [main] session.SessionState: Configuration hive.reloadable.aux.jars.path not specified
2024-05-01T04:57:41,180  INFO [main] metastore.HiveMetaStoreClient: HMS client filtering is enabled.
2024-05-01T04:57:41,181  INFO [main] metastore.PersistenceManagerProvider: Configuration datanucleus.autoStartMechanismMode is not set. Defaulting to 'ignored'
2024-05-01T04:57:41,183  INFO [main] metastore.ObjectStore: RawStore: org.apache.hadoop.hive.metastore.ObjectStore@76ad6715, with PersistenceManager: org.datanucleus.api.jdo.JDOPersistenceManager@34780cd9 will be shutdown
2024-05-01T04:57:41,184  INFO [main] metastore.ObjectStore: RawStore: org.apache.hadoop.hive.metastore.ObjectStore@76ad6715, with PersistenceManager: org.datanucleus.api.jdo.JDOPersistenceManager@6d6cd1e0 created in the thread with id: 1
2024-05-01T04:57:41,203  INFO [main] metastore.HMSHandler: HMS server filtering is disabled by configuration
2024-05-01T04:57:41,203  INFO [main] metastore.RetryingMetaStoreClient: RetryingMetaStoreClient proxy=class org.apache.hadoop.hive.ql.metadata.SessionHiveMetaStoreClient ugi=alex (auth:SIMPLE) retries=1 delay=1 lifetime=0
2024-05-01T04:57:41,205  INFO [main] HiveMetaStore.audit: ugi=alex	ip=unknown-ip-addr	cmd=get_all_functions	
2024-05-01T04:57:41,287  INFO [main] HiveMetaStore.audit: ugi=alex	ip=unknown-ip-addr	cmd=Cleaning up thread local RawStore...	
2024-05-01T04:57:41,288  INFO [main] metastore.ObjectStore: RawStore: org.apache.hadoop.hive.metastore.ObjectStore@76ad6715, with PersistenceManager: org.datanucleus.api.jdo.JDOPersistenceManager@6d6cd1e0 will be shutdown
2024-05-01T04:57:41,288  INFO [main] HiveMetaStore.audit: ugi=alex	ip=unknown-ip-addr	cmd=Done cleaning up thread local RawStore	
2024-05-01T04:57:41,288  INFO [main] metastore.HiveMetaStoreClient: Closed a connection to metastore, current connections: -1
2024-05-01T04:57:41,290  INFO [main] session.HiveSessionImpl: Operation log session directory is created: /home/alex/Repositories/hive/beeline/target/tmp/alex/operation_logs/44c0cd61-b74f-4ee3-b2b5-742d3f41844d
2024-05-01T04:57:41,294  INFO [main] service.CompositeService: Session opened, SessionHandle [44c0cd61-b74f-4ee3-b2b5-742d3f41844d], current sessions:1
2024-05-01T04:57:41,298  INFO [main] thrift.ThriftCLIService: Login attempt is successful for user : null
Connected to: Apache Hive (version 4.0.0-SNAPSHOT)
Error: Couldn't load manifest attributes. (state=,code=0)
Transaction isolation: TRANSACTION_REPEATABLE_READ
2024-05-01T04:57:41,434  WARN [main] conf.HiveConf: HiveConf of name hive.dummyparam.test.server.specific.config.override does not exist
2024-05-01T04:57:41,434  WARN [main] conf.HiveConf: HiveConf of name hive.dummyparam.test.server.specific.config.hiveserver2site does not exist
2024-05-01T04:57:41,434  WARN [main] conf.HiveConf: HiveConf of name hive.dummyparam.test.server.specific.config.metastoresite does not exist
2024-05-01T04:57:41,439  INFO [44c0cd61-b74f-4ee3-b2b5-742d3f41844d main] session.HiveSessionImpl: executing set
2024-05-01T04:57:41,466  INFO [44c0cd61-b74f-4ee3-b2b5-742d3f41844d main] operation.HiveCommandOperation: Putting temp output to file /home/alex/Repositories/hive/beeline/target/tmp/alex/44c0cd61-b74f-4ee3-b2b5-742d3f41844d1189432623807713005.pipeout and error output to file /home/alex/Repositories/hive/beeline/target/tmp/alex/44c0cd61-b74f-4ee3-b2b5-742d3f41844d2126372704549434406.pipeout
2024-05-01T04:57:41,466  INFO [44c0cd61-b74f-4ee3-b2b5-742d3f41844d main] operation.OperationManager: Adding operation: OperationHandle [opType=EXECUTE_STATEMENT, getHandleIdentifier()=e1ee6c61-0747-4062-9187-6fbc192957e5] SessionHandle [44c0cd61-b74f-4ee3-b2b5-742d3f41844d]
2024-05-01T04:57:41,472  INFO [44c0cd61-b74f-4ee3-b2b5-742d3f41844d main] common.LogUtils: Thread context registration is done.
DEBUG StatusLogger Building Plugin[name=filter, class=org.apache.hadoop.hive.ql.log.LogDivertAppender$NameFilter].
DEBUG StatusLogger createFilter(loggingLevel="EXECUTION")
DEBUG StatusLogger Building Plugin[name=layout, class=org.apache.logging.log4j.core.layout.PatternLayout].
DEBUG StatusLogger PatternLayout$Builder(pattern="%-5p : %m%n", PatternSelector=null, Configuration(HiveLog4j2Test), Replace=null, charset="null", alwaysWriteExceptions="null", disableAnsi="null", noConsoleNoAnsi="null", header="null", footer="null")
DEBUG StatusLogger Building Plugin[name=appender, class=org.apache.hadoop.hive.ql.log.HushableRandomAccessFileAppender].
DEBUG StatusLogger createAppender(fileName="/home/alex/Repositories/hive/beeline/target/tmp/alex/operation_logs/44c0cd61-b74f-4ee3-b2b5-742d3f41844d/alex_20240501045741_0ec44020-7fdf-46ec-9f81-c6ea59dd1486", append="null", name="query-file-appender", immediateFlush="null", bufferSize="null", ignoreExceptions="null", PatternLayout(org.apache.logging.log4j.core.layout.PatternLayout with name PatternLayout), NameFilter(org.apache.hadoop.hive.ql.log.LogDivertAppender$NameFilter with name NameFilter), advertise="null", advertiseURI="null", Configuration(HiveLog4j2Test))
DEBUG StatusLogger Starting RandomAccessFileManager /home/alex/Repositories/hive/beeline/target/tmp/alex/operation_logs/44c0cd61-b74f-4ee3-b2b5-742d3f41844d/alex_20240501045741_0ec44020-7fdf-46ec-9f81-c6ea59dd1486
DEBUG StatusLogger Building Plugin[name=, class=org.apache.hadoop.hive.ql.log.LogDivertAppenderForTest$TestFilter].
DEBUG StatusLogger createFilter()
DEBUG StatusLogger Building Plugin[name=, class=org.apache.logging.log4j.core.layout.PatternLayout].
DEBUG StatusLogger PatternLayout$Builder(pattern="%-5p : %m%n", PatternSelector=null, Configuration(HiveLog4j2Test), Replace=null, charset="null", alwaysWriteExceptions="null", disableAnsi="null", noConsoleNoAnsi="null", header="null", footer="null")
DEBUG StatusLogger Building Plugin[name=appender, class=org.apache.hadoop.hive.ql.log.HushableRandomAccessFileAppender].
DEBUG StatusLogger createAppender(fileName="/home/alex/Repositories/hive/beeline/target/tmp/alex/operation_logs/44c0cd61-b74f-4ee3-b2b5-742d3f41844d/alex_20240501045741_0ec44020-7fdf-46ec-9f81-c6ea59dd1486.test", append="null", name="test-query-file-appender", immediateFlush="null", bufferSize="null", ignoreExceptions="null", PatternLayout(org.apache.logging.log4j.core.layout.PatternLayout with name PatternLayout), test-filter(org.apache.hadoop.hive.ql.log.LogDivertAppenderForTest$TestFilter with name test-filter), advertise="null", advertiseURI="null", Configuration(HiveLog4j2Test))
DEBUG StatusLogger Starting RandomAccessFileManager /home/alex/Repositories/hive/beeline/target/tmp/alex/operation_logs/44c0cd61-b74f-4ee3-b2b5-742d3f41844d/alex_20240501045741_0ec44020-7fdf-46ec-9f81-c6ea59dd1486.test
2024-05-01T04:57:41,486  INFO [44c0cd61-b74f-4ee3-b2b5-742d3f41844d main] operation.HiveCommandOperation: [opType=EXECUTE_STATEMENT, queryId=alex_20240501045741_0ec44020-7fdf-46ec-9f81-c6ea59dd1486, startTime=1714564661460, sessionId=44c0cd61-b74f-4ee3-b2b5-742d3f41844d, createTime=1714564661151, userName=null, ipAddress=null]
2024-05-01T04:57:41,510  INFO [44c0cd61-b74f-4ee3-b2b5-742d3f41844d main] common.LogUtils: Unregistered logging context.
2024-05-01T04:57:41,583  INFO [44c0cd61-b74f-4ee3-b2b5-742d3f41844d main] operation.OperationManager: Closing operation: OperationHandle [opType=EXECUTE_STATEMENT, getHandleIdentifier()=e1ee6c61-0747-4062-9187-6fbc192957e5]
2024-05-01T04:57:41,583  INFO [44c0cd61-b74f-4ee3-b2b5-742d3f41844d main] operation.OperationManager: Removed queryId: alex_20240501045741_0ec44020-7fdf-46ec-9f81-c6ea59dd1486 corresponding to operation: OperationHandle [opType=EXECUTE_STATEMENT, getHandleIdentifier()=e1ee6c61-0747-4062-9187-6fbc192957e5] with tag: null
2024-05-01T04:57:41,585  INFO [44c0cd61-b74f-4ee3-b2b5-742d3f41844d main] operation.HiveCommandOperation: Closing operation log /home/alex/Repositories/hive/beeline/target/tmp/alex/operation_logs/44c0cd61-b74f-4ee3-b2b5-742d3f41844d/alex_20240501045741_0ec44020-7fdf-46ec-9f81-c6ea59dd1486 without delay
hive> create database if not exists test;
2024-05-01T04:57:41,638  INFO [44c0cd61-b74f-4ee3-b2b5-742d3f41844d main] session.HiveSessionImpl: executing create database if not exists test
2024-05-01T04:57:41,642  INFO [44c0cd61-b74f-4ee3-b2b5-742d3f41844d main] operation.OperationManager: Adding operation: OperationHandle [opType=EXECUTE_STATEMENT, getHandleIdentifier()=2a8c14f1-305d-4861-8a39-f7f5a8693115] SessionHandle [44c0cd61-b74f-4ee3-b2b5-742d3f41844d]
2024-05-01T04:57:41,642  INFO [44c0cd61-b74f-4ee3-b2b5-742d3f41844d main] common.LogUtils: Thread context registration is done.
DEBUG StatusLogger Building Plugin[name=filter, class=org.apache.hadoop.hive.ql.log.LogDivertAppender$NameFilter].
DEBUG StatusLogger createFilter(loggingLevel="EXECUTION")
DEBUG StatusLogger Building Plugin[name=layout, class=org.apache.logging.log4j.core.layout.PatternLayout].
DEBUG StatusLogger PatternLayout$Builder(pattern="%-5p : %m%n", PatternSelector=null, Configuration(HiveLog4j2Test), Replace=null, charset="null", alwaysWriteExceptions="null", disableAnsi="null", noConsoleNoAnsi="null", header="null", footer="null")
DEBUG StatusLogger Building Plugin[name=appender, class=org.apache.hadoop.hive.ql.log.HushableRandomAccessFileAppender].
DEBUG StatusLogger createAppender(fileName="/home/alex/Repositories/hive/beeline/target/tmp/alex/operation_logs/44c0cd61-b74f-4ee3-b2b5-742d3f41844d/alex_20240501045741_2937dfb7-ff30-48a0-9e14-1c9606eeb5fc", append="null", name="query-file-appender", immediateFlush="null", bufferSize="null", ignoreExceptions="null", PatternLayout(org.apache.logging.log4j.core.layout.PatternLayout with name PatternLayout), NameFilter(org.apache.hadoop.hive.ql.log.LogDivertAppender$NameFilter with name NameFilter), advertise="null", advertiseURI="null", Configuration(HiveLog4j2Test))
DEBUG StatusLogger Starting RandomAccessFileManager /home/alex/Repositories/hive/beeline/target/tmp/alex/operation_logs/44c0cd61-b74f-4ee3-b2b5-742d3f41844d/alex_20240501045741_2937dfb7-ff30-48a0-9e14-1c9606eeb5fc
DEBUG StatusLogger Building Plugin[name=, class=org.apache.hadoop.hive.ql.log.LogDivertAppenderForTest$TestFilter].
DEBUG StatusLogger createFilter()
DEBUG StatusLogger Building Plugin[name=, class=org.apache.logging.log4j.core.layout.PatternLayout].
DEBUG StatusLogger PatternLayout$Builder(pattern="%-5p : %m%n", PatternSelector=null, Configuration(HiveLog4j2Test), Replace=null, charset="null", alwaysWriteExceptions="null", disableAnsi="null", noConsoleNoAnsi="null", header="null", footer="null")
DEBUG StatusLogger Building Plugin[name=appender, class=org.apache.hadoop.hive.ql.log.HushableRandomAccessFileAppender].
DEBUG StatusLogger createAppender(fileName="/home/alex/Repositories/hive/beeline/target/tmp/alex/operation_logs/44c0cd61-b74f-4ee3-b2b5-742d3f41844d/alex_20240501045741_2937dfb7-ff30-48a0-9e14-1c9606eeb5fc.test", append="null", name="test-query-file-appender", immediateFlush="null", bufferSize="null", ignoreExceptions="null", PatternLayout(org.apache.logging.log4j.core.layout.PatternLayout with name PatternLayout), test-filter(org.apache.hadoop.hive.ql.log.LogDivertAppenderForTest$TestFilter with name test-filter), advertise="null", advertiseURI="null", Configuration(HiveLog4j2Test))
DEBUG StatusLogger Starting RandomAccessFileManager /home/alex/Repositories/hive/beeline/target/tmp/alex/operation_logs/44c0cd61-b74f-4ee3-b2b5-742d3f41844d/alex_20240501045741_2937dfb7-ff30-48a0-9e14-1c9606eeb5fc.test
2024-05-01T04:57:41,646  INFO [44c0cd61-b74f-4ee3-b2b5-742d3f41844d main] operation.SQLOperation: [opType=EXECUTE_STATEMENT, queryId=alex_20240501045741_2937dfb7-ff30-48a0-9e14-1c9606eeb5fc, startTime=1714564661640, sessionId=44c0cd61-b74f-4ee3-b2b5-742d3f41844d, createTime=1714564661151, userName=null, ipAddress=null]
2024-05-01T04:57:41,737  WARN [Metastore-RuntimeStats-Loader-1] conf.HiveConf: HiveConf of name hive.dummyparam.test.server.specific.config.override does not exist
2024-05-01T04:57:41,737  WARN [Metastore-RuntimeStats-Loader-1] conf.HiveConf: HiveConf of name hive.dummyparam.test.server.specific.config.hiveserver2site does not exist
2024-05-01T04:57:41,738  WARN [Metastore-RuntimeStats-Loader-1] conf.HiveConf: HiveConf of name hive.dummyparam.test.server.specific.config.metastoresite does not exist
2024-05-01T04:57:41,740  INFO [Metastore-RuntimeStats-Loader-1] metastore.HiveMetaStoreClient: HMS client filtering is enabled.
2024-05-01T04:57:41,741  INFO [Metastore-RuntimeStats-Loader-1] metastore.HMSHandler: 1: Opening raw store with implementation class:org.apache.hadoop.hive.metastore.ObjectStore
2024-05-01T04:57:41,741  INFO [Metastore-RuntimeStats-Loader-1] metastore.PersistenceManagerProvider: Configuration datanucleus.autoStartMechanismMode is not set. Defaulting to 'ignored'
2024-05-01T04:57:41,743  INFO [Metastore-RuntimeStats-Loader-1] metastore.ObjectStore: RawStore: org.apache.hadoop.hive.metastore.ObjectStore@2028b018, with PersistenceManager: null will be shutdown
2024-05-01T04:57:41,743  INFO [Metastore-RuntimeStats-Loader-1] metastore.ObjectStore: RawStore: org.apache.hadoop.hive.metastore.ObjectStore@2028b018, with PersistenceManager: org.datanucleus.api.jdo.JDOPersistenceManager@6486eed7 created in the thread with id: 87
2024-05-01T04:57:41,747  INFO [44c0cd61-b74f-4ee3-b2b5-742d3f41844d main] ql.Driver: Compiling command(queryId=alex_20240501045741_2937dfb7-ff30-48a0-9e14-1c9606eeb5fc): create database if not exists test
2024-05-01T04:57:41,759  INFO [Metastore-RuntimeStats-Loader-1] metastore.HMSHandler: Created RawStore: org.apache.hadoop.hive.metastore.ObjectStore@2028b018 from thread id: 87
2024-05-01T04:57:41,759  INFO [Metastore-RuntimeStats-Loader-1] metastore.HMSHandler: HMS server filtering is disabled by configuration
2024-05-01T04:57:41,760  INFO [Metastore-RuntimeStats-Loader-1] metastore.RetryingMetaStoreClient: RetryingMetaStoreClient proxy=class org.apache.hadoop.hive.ql.metadata.SessionHiveMetaStoreClient ugi=alex (auth:SIMPLE) retries=1 delay=1 lifetime=0
2024-05-01T04:57:41,760  INFO [Metastore-RuntimeStats-Loader-1] HiveMetaStore.audit: ugi=alex	ip=unknown-ip-addr	cmd=get_runtime_stats	
2024-05-01T04:57:42,514  INFO [44c0cd61-b74f-4ee3-b2b5-742d3f41844d main] metastore.HMSHandler: 0: Opening raw store with implementation class:org.apache.hadoop.hive.metastore.ObjectStore
2024-05-01T04:57:42,516  INFO [44c0cd61-b74f-4ee3-b2b5-742d3f41844d main] metastore.ObjectStore: RawStore: org.apache.hadoop.hive.metastore.ObjectStore@3a2546d6, with PersistenceManager: null will be shutdown
2024-05-01T04:57:42,516  INFO [44c0cd61-b74f-4ee3-b2b5-742d3f41844d main] metastore.ObjectStore: RawStore: org.apache.hadoop.hive.metastore.ObjectStore@3a2546d6, with PersistenceManager: org.datanucleus.api.jdo.JDOPersistenceManager@7282af25 created in the thread with id: 1
2024-05-01T04:57:42,521  INFO [44c0cd61-b74f-4ee3-b2b5-742d3f41844d main] metastore.HMSHandler: Created RawStore: org.apache.hadoop.hive.metastore.ObjectStore@3a2546d6 from thread id: 1
2024-05-01T04:57:42,698  INFO [44c0cd61-b74f-4ee3-b2b5-742d3f41844d main] reflections.Reflections: Reflections took 140 ms to scan 2 urls, producing 53 keys and 784 values 
2024-05-01T04:57:42,844  INFO [44c0cd61-b74f-4ee3-b2b5-742d3f41844d main] reflections.Reflections: Reflections took 80 ms to scan 2 urls, producing 53 keys and 784 values 
2024-05-01T04:57:42,970  INFO [44c0cd61-b74f-4ee3-b2b5-742d3f41844d main] reflections.Reflections: Reflections took 119 ms to scan 2 urls, producing 53 keys and 784 values 
2024-05-01T04:57:43,077  INFO [44c0cd61-b74f-4ee3-b2b5-742d3f41844d main] reflections.Reflections: Reflections took 92 ms to scan 2 urls, producing 53 keys and 784 values 
2024-05-01T04:57:43,187  INFO [44c0cd61-b74f-4ee3-b2b5-742d3f41844d main] ql.Driver: Semantic Analysis Completed (retrial = false)
2024-05-01T04:57:43,187  INFO [44c0cd61-b74f-4ee3-b2b5-742d3f41844d main] ql.Driver: Created Hive schema: Schema(fieldSchemas:null, properties:null)
2024-05-01T04:57:43,193  INFO [44c0cd61-b74f-4ee3-b2b5-742d3f41844d main] metadata.Hive: Dumping metastore api call timing information for : compilation phase
2024-05-01T04:57:43,193  INFO [44c0cd61-b74f-4ee3-b2b5-742d3f41844d main] metadata.Hive: Total time spent in each metastore function (ms): {isCompatibleWith_(Configuration)=0, flushCache_()=8, getAllFunctions_()=82}
2024-05-01T04:57:43,193  INFO [44c0cd61-b74f-4ee3-b2b5-742d3f41844d main] ql.Driver: Completed compiling command(queryId=alex_20240501045741_2937dfb7-ff30-48a0-9e14-1c9606eeb5fc); Time taken: 1.447 seconds
2024-05-01T04:57:43,195  INFO [44c0cd61-b74f-4ee3-b2b5-742d3f41844d main] common.LogUtils: Unregistered logging context.
2024-05-01T04:57:43,197  INFO [HiveServer2-Background-Pool: Thread-88] common.LogUtils: Thread context registration is done.
2024-05-01T04:57:43,197  INFO [HiveServer2-Background-Pool: Thread-88] reexec.ReExecDriver: Execution #1 of query
2024-05-01T04:57:43,198  INFO [HiveServer2-Background-Pool: Thread-88] ql.Driver: Concurrency mode is disabled, not creating a lock manager
2024-05-01T04:57:43,203  INFO [HiveServer2-Background-Pool: Thread-88] ql.Driver: Executing command(queryId=alex_20240501045741_2937dfb7-ff30-48a0-9e14-1c9606eeb5fc): create database if not exists test
2024-05-01T04:57:43,210  INFO [HiveServer2-Background-Pool: Thread-88] ql.Driver: Starting task [Stage-0:DDL] in serial mode
2024-05-01T04:57:43,213  INFO [HiveServer2-Background-Pool: Thread-88] sqlstd.SQLStdHiveAccessController: Created SQLStdHiveAccessController for session context : HiveAuthzSessionContext [sessionString=44c0cd61-b74f-4ee3-b2b5-742d3f41844d, clientType=HIVESERVER2]
2024-05-01T04:57:43,213  WARN [HiveServer2-Background-Pool: Thread-88] exec.DDLTask: metastore.warehouse.external.dir is not set, falling back to metastore.warehouse.dir. This could cause external tables to use to managed tablespace.
2024-05-01T04:57:43,215  INFO [HiveServer2-Background-Pool: Thread-88] HiveMetaStore.audit: ugi=alex	ip=unknown-ip-addr	cmd=create_database: Database(name:test, description:null, locationUri:file:/home/alex/Repositories/hive/beeline/target/tmp/warehouse/test.db, parameters:null, ownerName:alex, ownerType:USER, catalogName:hive, type:NATIVE)	
2024-05-01T04:57:43,216  INFO [HiveServer2-Background-Pool: Thread-88] metastore.HMSHandler: 2: Opening raw store with implementation class:org.apache.hadoop.hive.metastore.ObjectStore
2024-05-01T04:57:43,218  INFO [HiveServer2-Background-Pool: Thread-88] metastore.ObjectStore: RawStore: org.apache.hadoop.hive.metastore.ObjectStore@124578a6, with PersistenceManager: null will be shutdown
2024-05-01T04:57:43,218  INFO [HiveServer2-Background-Pool: Thread-88] metastore.ObjectStore: RawStore: org.apache.hadoop.hive.metastore.ObjectStore@124578a6, with PersistenceManager: org.datanucleus.api.jdo.JDOPersistenceManager@4aa0d554 created in the thread with id: 88
2024-05-01T04:57:43,224  INFO [HiveServer2-Background-Pool: Thread-88] metastore.HMSHandler: Created RawStore: org.apache.hadoop.hive.metastore.ObjectStore@124578a6 from thread id: 88
2024-05-01T04:57:43,234  INFO [HiveServer2-Background-Pool: Thread-88] metastore.HMSHandler: Creating database path in external directory file:/home/alex/Repositories/hive/beeline/target/tmp/warehouse/test.db
2024-05-01T04:57:43,236  INFO [HiveServer2-Background-Pool: Thread-88] utils.FileUtils: Creating directory if it doesn't exist: file:/home/alex/Repositories/hive/beeline/target/tmp/warehouse/test.db
2024-05-01T04:57:43,244  INFO [HiveServer2-Background-Pool: Thread-88] metastore.HMSHandler: Created database path in external directory file:/home/alex/Repositories/hive/beeline/target/tmp/warehouse/test.db
2024-05-01T04:57:43,263  INFO [HiveServer2-Background-Pool: Thread-88] metadata.Hive: Dumping metastore api call timing information for : execution phase
2024-05-01T04:57:43,263  INFO [HiveServer2-Background-Pool: Thread-88] metadata.Hive: Total time spent in each metastore function (ms): {isCompatibleWith_(Configuration)=0, createDatabase_(Database)=48}
2024-05-01T04:57:43,263  INFO [HiveServer2-Background-Pool: Thread-88] ql.Driver: Completed executing command(queryId=alex_20240501045741_2937dfb7-ff30-48a0-9e14-1c9606eeb5fc); Time taken: 0.061 seconds
2024-05-01T04:57:43,263  INFO [HiveServer2-Background-Pool: Thread-88] common.LogUtils: Unregistered logging context.
INFO  : Compiling command(queryId=alex_20240501045741_2937dfb7-ff30-48a0-9e14-1c9606eeb5fc): create database if not exists test
INFO  : Semantic Analysis Completed (retrial = false)
INFO  : Created Hive schema: Schema(fieldSchemas:null, properties:null)
INFO  : Completed compiling command(queryId=alex_20240501045741_2937dfb7-ff30-48a0-9e14-1c9606eeb5fc); Time taken: 1.447 seconds
INFO  : Concurrency mode is disabled, not creating a lock manager
INFO  : Executing command(queryId=alex_20240501045741_2937dfb7-ff30-48a0-9e14-1c9606eeb5fc): create database if not exists test
INFO  : Starting task [Stage-0:DDL] in serial mode
DEBUG : Task getting executed using mapred tag : alex_20240501045741_2937dfb7-ff30-48a0-9e14-1c9606eeb5fc,userid=null
INFO  : Completed executing command(queryId=alex_20240501045741_2937dfb7-ff30-48a0-9e14-1c9606eeb5fc); Time taken: 0.061 seconds
DEBUG : Shutting down query create database if not exists test
2024-05-01T04:57:43,266  INFO [44c0cd61-b74f-4ee3-b2b5-742d3f41844d main] operation.OperationManager: Closing operation: OperationHandle [opType=EXECUTE_STATEMENT, getHandleIdentifier()=2a8c14f1-305d-4861-8a39-f7f5a8693115]
2024-05-01T04:57:43,266  INFO [44c0cd61-b74f-4ee3-b2b5-742d3f41844d main] operation.OperationManager: Removed queryId: alex_20240501045741_2937dfb7-ff30-48a0-9e14-1c9606eeb5fc corresponding to operation: OperationHandle [opType=EXECUTE_STATEMENT, getHandleIdentifier()=2a8c14f1-305d-4861-8a39-f7f5a8693115] with tag: null
2024-05-01T04:57:43,266  INFO [44c0cd61-b74f-4ee3-b2b5-742d3f41844d main] operation.SQLOperation: Closing operation log /home/alex/Repositories/hive/beeline/target/tmp/alex/operation_logs/44c0cd61-b74f-4ee3-b2b5-742d3f41844d/alex_20240501045741_2937dfb7-ff30-48a0-9e14-1c9606eeb5fc without delay
Error: Failed to wait for operation to complete (state=08S01,code=0)
Closing: 0: jdbc:hive2://
2024-05-01T04:57:43,269  INFO [main] service.CompositeService: Session closed, SessionHandle [44c0cd61-b74f-4ee3-b2b5-742d3f41844d], current sessions:0
2024-05-01T04:57:43,269  INFO [44c0cd61-b74f-4ee3-b2b5-742d3f41844d main] session.HiveSessionImpl: Operation log session directory is deleted: /home/alex/Repositories/hive/beeline/target/tmp/alex/operation_logs/44c0cd61-b74f-4ee3-b2b5-742d3f41844d
2024-05-01T04:57:43,270  INFO [main] cleanup.EventualCleanupService: Delete /tmp/hive/alex/44c0cd61-b74f-4ee3-b2b5-742d3f41844d operation was queued
2024-05-01T04:57:43,270  INFO [main] cleanup.EventualCleanupService: Delete /home/alex/Repositories/hive/beeline/target/tmp/alex/44c0cd61-b74f-4ee3-b2b5-742d3f41844d operation was queued
2024-05-01T04:57:43,271  INFO [EventualCleanupService thread 1] cleanup.EventualCleanupService: Deleted /home/alex/Repositories/hive/beeline/target/tmp/alex/44c0cd61-b74f-4ee3-b2b5-742d3f41844d
2024-05-01T04:57:43,271  INFO [EventualCleanupService thread 0] cleanup.EventualCleanupService: Deleted /tmp/hive/alex/44c0cd61-b74f-4ee3-b2b5-742d3f41844d
2024-05-01T04:57:43,277  INFO [main] HiveMetaStore.audit: ugi=alex	ip=unknown-ip-addr	cmd=Cleaning up thread local RawStore...	
2024-05-01T04:57:43,277  INFO [main] metastore.ObjectStore: RawStore: org.apache.hadoop.hive.metastore.ObjectStore@3a2546d6, with PersistenceManager: org.datanucleus.api.jdo.JDOPersistenceManager@7282af25 will be shutdown
2024-05-01T04:57:43,277  INFO [main] HiveMetaStore.audit: ugi=alex	ip=unknown-ip-addr	cmd=Done cleaning up thread local RawStore	
2024-05-01T04:57:43,278  INFO [main] metastore.HiveMetaStoreClient: Closed a connection to metastore, current connections: -2
]]></system-err>
  </testcase>
  <testcase name="testSourceCmd2" classname="org.apache.hive.beeline.cli.TestHiveCli" time="0.767">
    <failure type="java.lang.AssertionError"><![CDATA[java.lang.AssertionError: The expected keyword "sc3" occur in the output: 
	at org.junit.Assert.fail(Assert.java:89)
	at org.junit.Assert.assertTrue(Assert.java:42)
	at org.apache.hive.beeline.cli.TestHiveCli.verifyCMD(TestHiveCli.java:270)
	at org.apache.hive.beeline.cli.TestHiveCli.testSourceCmd2(TestHiveCli.java:122)
	at sun.reflect.NativeMethodAccessorImpl.invoke0(Native Method)
	at sun.reflect.NativeMethodAccessorImpl.invoke(NativeMethodAccessorImpl.java:62)
	at sun.reflect.DelegatingMethodAccessorImpl.invoke(DelegatingMethodAccessorImpl.java:43)
	at java.lang.reflect.Method.invoke(Method.java:498)
	at org.junit.runners.model.FrameworkMethod$1.runReflectiveCall(FrameworkMethod.java:59)
	at org.junit.internal.runners.model.ReflectiveCallable.run(ReflectiveCallable.java:12)
	at org.junit.runners.model.FrameworkMethod.invokeExplosively(FrameworkMethod.java:56)
	at org.junit.internal.runners.statements.InvokeMethod.evaluate(InvokeMethod.java:17)
	at org.junit.internal.runners.statements.RunBefores.evaluate(RunBefores.java:26)
	at org.junit.internal.runners.statements.RunAfters.evaluate(RunAfters.java:27)
	at org.junit.runners.ParentRunner$3.evaluate(ParentRunner.java:306)
	at org.junit.runners.BlockJUnit4ClassRunner$1.evaluate(BlockJUnit4ClassRunner.java:100)
	at org.junit.runners.ParentRunner.runLeaf(ParentRunner.java:366)
	at org.junit.runners.BlockJUnit4ClassRunner.runChild(BlockJUnit4ClassRunner.java:103)
	at org.junit.runners.BlockJUnit4ClassRunner.runChild(BlockJUnit4ClassRunner.java:63)
	at org.junit.runners.ParentRunner$4.run(ParentRunner.java:331)
	at org.junit.runners.ParentRunner$1.schedule(ParentRunner.java:79)
	at org.junit.runners.ParentRunner.runChildren(ParentRunner.java:329)
	at org.junit.runners.ParentRunner.access$100(ParentRunner.java:66)
	at org.junit.runners.ParentRunner$2.evaluate(ParentRunner.java:293)
	at org.junit.internal.runners.statements.RunBefores.evaluate(RunBefores.java:26)
	at org.junit.runners.ParentRunner$3.evaluate(ParentRunner.java:306)
	at org.junit.runners.ParentRunner.run(ParentRunner.java:413)
	at org.junit.runner.JUnitCore.run(JUnitCore.java:137)
	at org.junit.runner.JUnitCore.run(JUnitCore.java:115)
	at org.junit.vintage.engine.execution.RunnerExecutor.execute(RunnerExecutor.java:43)
	at java.util.stream.ForEachOps$ForEachOp$OfRef.accept(ForEachOps.java:183)
	at java.util.stream.ReferencePipeline$3$1.accept(ReferencePipeline.java:193)
	at java.util.Iterator.forEachRemaining(Iterator.java:116)
	at java.util.Spliterators$IteratorSpliterator.forEachRemaining(Spliterators.java:1801)
	at java.util.stream.AbstractPipeline.copyInto(AbstractPipeline.java:482)
	at java.util.stream.AbstractPipeline.wrapAndCopyInto(AbstractPipeline.java:472)
	at java.util.stream.ForEachOps$ForEachOp.evaluateSequential(ForEachOps.java:150)
	at java.util.stream.ForEachOps$ForEachOp$OfRef.evaluateSequential(ForEachOps.java:173)
	at java.util.stream.AbstractPipeline.evaluate(AbstractPipeline.java:234)
	at java.util.stream.ReferencePipeline.forEach(ReferencePipeline.java:485)
	at org.junit.vintage.engine.VintageTestEngine.executeAllChildren(VintageTestEngine.java:82)
	at org.junit.vintage.engine.VintageTestEngine.execute(VintageTestEngine.java:73)
	at org.junit.platform.launcher.core.DefaultLauncher.execute(DefaultLauncher.java:248)
	at org.junit.platform.launcher.core.DefaultLauncher.lambda$execute$5(DefaultLauncher.java:211)
	at org.junit.platform.launcher.core.DefaultLauncher.withInterceptedStreams(DefaultLauncher.java:226)
	at org.junit.platform.launcher.core.DefaultLauncher.execute(DefaultLauncher.java:199)
	at org.junit.platform.launcher.core.DefaultLauncher.execute(DefaultLauncher.java:132)
	at org.apache.maven.surefire.junitplatform.JUnitPlatformProvider.invokeAllTests(JUnitPlatformProvider.java:154)
	at org.apache.maven.surefire.junitplatform.JUnitPlatformProvider.invoke(JUnitPlatformProvider.java:123)
	at org.apache.maven.surefire.booter.ForkedBooter.runSuitesInProcess(ForkedBooter.java:377)
	at org.apache.maven.surefire.booter.ForkedBooter.execute(ForkedBooter.java:138)
	at org.apache.maven.surefire.booter.ForkedBooter.run(ForkedBooter.java:465)
	at org.apache.maven.surefire.booter.ForkedBooter.main(ForkedBooter.java:451)
]]></failure>
    <system-err><![CDATA[2024-05-01T04:57:43,295 ERROR [main] cli.TestHiveCli: Failed to execute command due to the error: java.lang.NullPointerException: Null output stream
2024-05-01T04:57:43,357  WARN [main] conf.HiveConf: HiveConf of name hive.dummyparam.test.server.specific.config.override does not exist
2024-05-01T04:57:43,358  WARN [main] conf.HiveConf: HiveConf of name hive.dummyparam.test.server.specific.config.hiveserver2site does not exist
2024-05-01T04:57:43,359  WARN [main] conf.HiveConf: HiveConf of name hive.dummyparam.test.server.specific.config.metastoresite does not exist
2024-05-01T04:57:43,360  INFO [main] SessionState: Hive Session ID = 775b659a-953d-406a-bed7-1edee354c006
2024-05-01T04:57:43,360  INFO [main] DependencyResolver: ivysettings.xml file not found in HIVE_HOME or HIVE_CONF_DIR,/home/alex/Repositories/hive/conf/ivysettings.xml will be used
2024-05-01T04:57:43,369  INFO [main] session.SessionState: Created HDFS directory: /tmp/hive/alex/775b659a-953d-406a-bed7-1edee354c006
2024-05-01T04:57:43,373  INFO [main] session.SessionState: Created local directory: /home/alex/Repositories/hive/beeline/target/tmp/alex/775b659a-953d-406a-bed7-1edee354c006
2024-05-01T04:57:43,377  INFO [main] session.SessionState: Created HDFS directory: /tmp/hive/alex/775b659a-953d-406a-bed7-1edee354c006/_tmp_space.db
2024-05-01T04:57:43,377  INFO [main] sqlstd.SQLStdHiveAccessController: Created SQLStdHiveAccessController for session context : HiveAuthzSessionContext [sessionString=775b659a-953d-406a-bed7-1edee354c006, clientType=HIVESERVER2]
2024-05-01T04:57:43,378  INFO [main] metastore.HiveMetaStoreClient: HMS client filtering is enabled.
2024-05-01T04:57:43,379  INFO [main] metastore.HMSHandler: 0: Opening raw store with implementation class:org.apache.hadoop.hive.metastore.ObjectStore
2024-05-01T04:57:43,380  INFO [main] metastore.PersistenceManagerProvider: Configuration datanucleus.autoStartMechanismMode is not set. Defaulting to 'ignored'
2024-05-01T04:57:43,380  INFO [main] metastore.ObjectStore: RawStore: org.apache.hadoop.hive.metastore.ObjectStore@6ce15112, with PersistenceManager: null will be shutdown
2024-05-01T04:57:43,381  INFO [main] metastore.ObjectStore: RawStore: org.apache.hadoop.hive.metastore.ObjectStore@6ce15112, with PersistenceManager: org.datanucleus.api.jdo.JDOPersistenceManager@ba4f370 created in the thread with id: 1
2024-05-01T04:57:43,385  INFO [main] metastore.HMSHandler: Created RawStore: org.apache.hadoop.hive.metastore.ObjectStore@6ce15112 from thread id: 1
2024-05-01T04:57:43,386  INFO [main] metastore.HMSHandler: HMS server filtering is disabled by configuration
2024-05-01T04:57:43,386  INFO [main] metastore.RetryingMetaStoreClient: RetryingMetaStoreClient proxy=class org.apache.hadoop.hive.ql.metadata.SessionHiveMetaStoreClient ugi=alex (auth:SIMPLE) retries=1 delay=1 lifetime=0
2024-05-01T04:57:43,387  INFO [main] service.CompositeService: Operation log root directory is created: /home/alex/Repositories/hive/beeline/target/tmp/alex/operation_logs
2024-05-01T04:57:43,387  INFO [main] service.CompositeService: HiveServer2: Background operation thread pool size: 100
2024-05-01T04:57:43,387  INFO [main] service.CompositeService: HiveServer2: Background operation thread wait queue size: 100
2024-05-01T04:57:43,387  INFO [main] service.CompositeService: HiveServer2: Background operation thread keepalive time: 10 seconds
2024-05-01T04:57:43,387  INFO [main] service.CompositeService: Connections limit are user: 0 ipaddress: 0 user-ipaddress: 0
2024-05-01T04:57:43,388  INFO [main] cleanup.EventualCleanupService: EventualCleanupService started with 10 threads and queue of size 10000
ERROR StatusLogger Log4j2 ConfigurationScheduler attempted to increment scheduled items after start
ERROR StatusLogger Log4j2 ConfigurationScheduler attempted to increment scheduled items after start
2024-05-01T04:57:43,390  INFO [main] service.AbstractService: Service:OperationManager is inited.
2024-05-01T04:57:43,390  INFO [main] service.AbstractService: Service:SessionManager is inited.
2024-05-01T04:57:43,390  INFO [main] service.AbstractService: Service:CLIService is inited.
2024-05-01T04:57:43,390  INFO [main] service.AbstractService: Service:OperationManager is started.
2024-05-01T04:57:43,390  INFO [main] service.AbstractService: Service:SessionManager is started.
2024-05-01T04:57:43,390  INFO [main] service.AbstractService: Service:CLIService is started.
2024-05-01T04:57:43,390  INFO [main] service.AbstractService: Service:ThriftBinaryCLIService is inited.
2024-05-01T04:57:43,391  INFO [main] thrift.ThriftCLIService: Client protocol version: HIVE_CLI_SERVICE_PROTOCOL_V10
2024-05-01T04:57:43,391  INFO [main] thrift.ThriftCLIService: Creating Hive session handle for user [null] from IP null
2024-05-01T04:57:43,392  INFO [main] DependencyResolver: ivysettings.xml file not found in HIVE_HOME or HIVE_CONF_DIR,/home/alex/Repositories/hive/conf/ivysettings.xml will be used
2024-05-01T04:57:43,400  INFO [main] session.SessionState: Created HDFS directory: /tmp/hive/alex/3ae9d0b7-9c31-4417-87bd-e04df6197fa5
2024-05-01T04:57:43,405  INFO [main] session.SessionState: Created local directory: /home/alex/Repositories/hive/beeline/target/tmp/alex/3ae9d0b7-9c31-4417-87bd-e04df6197fa5
2024-05-01T04:57:43,408  INFO [main] session.SessionState: Created HDFS directory: /tmp/hive/alex/3ae9d0b7-9c31-4417-87bd-e04df6197fa5/_tmp_space.db
2024-05-01T04:57:43,409  INFO [main] session.SessionState: Reloading auxiliary JAR files
2024-05-01T04:57:43,409  WARN [main] session.SessionState: Configuration hive.reloadable.aux.jars.path not specified
2024-05-01T04:57:43,409  INFO [main] HiveMetaStore.audit: ugi=alex	ip=unknown-ip-addr	cmd=Cleaning up thread local RawStore...	
2024-05-01T04:57:43,409  INFO [main] metastore.ObjectStore: RawStore: org.apache.hadoop.hive.metastore.ObjectStore@6ce15112, with PersistenceManager: org.datanucleus.api.jdo.JDOPersistenceManager@ba4f370 will be shutdown
2024-05-01T04:57:43,409  INFO [main] HiveMetaStore.audit: ugi=alex	ip=unknown-ip-addr	cmd=Done cleaning up thread local RawStore	
2024-05-01T04:57:43,409  INFO [main] metastore.HiveMetaStoreClient: Closed a connection to metastore, current connections: -3
2024-05-01T04:57:43,410  INFO [main] session.HiveSessionImpl: Operation log session directory is created: /home/alex/Repositories/hive/beeline/target/tmp/alex/operation_logs/3ae9d0b7-9c31-4417-87bd-e04df6197fa5
2024-05-01T04:57:43,410  INFO [main] service.CompositeService: Session opened, SessionHandle [3ae9d0b7-9c31-4417-87bd-e04df6197fa5], current sessions:1
2024-05-01T04:57:43,410  INFO [main] thrift.ThriftCLIService: Login attempt is successful for user : null
2024-05-01T04:57:43,469  WARN [main] conf.HiveConf: HiveConf of name hive.dummyparam.test.server.specific.config.override does not exist
2024-05-01T04:57:43,470  WARN [main] conf.HiveConf: HiveConf of name hive.dummyparam.test.server.specific.config.hiveserver2site does not exist
2024-05-01T04:57:43,470  WARN [main] conf.HiveConf: HiveConf of name hive.dummyparam.test.server.specific.config.metastoresite does not exist
2024-05-01T04:57:43,471  INFO [3ae9d0b7-9c31-4417-87bd-e04df6197fa5 main] session.HiveSessionImpl: executing set
2024-05-01T04:57:43,472  INFO [3ae9d0b7-9c31-4417-87bd-e04df6197fa5 main] operation.HiveCommandOperation: Putting temp output to file /home/alex/Repositories/hive/beeline/target/tmp/alex/3ae9d0b7-9c31-4417-87bd-e04df6197fa53410263419919687590.pipeout and error output to file /home/alex/Repositories/hive/beeline/target/tmp/alex/3ae9d0b7-9c31-4417-87bd-e04df6197fa52898922602724526554.pipeout
2024-05-01T04:57:43,472  INFO [3ae9d0b7-9c31-4417-87bd-e04df6197fa5 main] operation.OperationManager: Adding operation: OperationHandle [opType=EXECUTE_STATEMENT, getHandleIdentifier()=028bff9a-8b78-438e-8edb-bac38a934a7a] SessionHandle [3ae9d0b7-9c31-4417-87bd-e04df6197fa5]
2024-05-01T04:57:43,472  INFO [3ae9d0b7-9c31-4417-87bd-e04df6197fa5 main] common.LogUtils: Thread context registration is done.
DEBUG StatusLogger Building Plugin[name=filter, class=org.apache.hadoop.hive.ql.log.LogDivertAppender$NameFilter].
DEBUG StatusLogger createFilter(loggingLevel="EXECUTION")
DEBUG StatusLogger Building Plugin[name=layout, class=org.apache.logging.log4j.core.layout.PatternLayout].
DEBUG StatusLogger PatternLayout$Builder(pattern="%-5p : %m%n", PatternSelector=null, Configuration(HiveLog4j2Test), Replace=null, charset="null", alwaysWriteExceptions="null", disableAnsi="null", noConsoleNoAnsi="null", header="null", footer="null")
DEBUG StatusLogger Building Plugin[name=appender, class=org.apache.hadoop.hive.ql.log.HushableRandomAccessFileAppender].
DEBUG StatusLogger createAppender(fileName="/home/alex/Repositories/hive/beeline/target/tmp/alex/operation_logs/3ae9d0b7-9c31-4417-87bd-e04df6197fa5/alex_20240501045743_0280f791-dc1e-466f-a077-e58d73d47345", append="null", name="query-file-appender", immediateFlush="null", bufferSize="null", ignoreExceptions="null", PatternLayout(org.apache.logging.log4j.core.layout.PatternLayout with name PatternLayout), NameFilter(org.apache.hadoop.hive.ql.log.LogDivertAppender$NameFilter with name NameFilter), advertise="null", advertiseURI="null", Configuration(HiveLog4j2Test))
DEBUG StatusLogger Starting RandomAccessFileManager /home/alex/Repositories/hive/beeline/target/tmp/alex/operation_logs/3ae9d0b7-9c31-4417-87bd-e04df6197fa5/alex_20240501045743_0280f791-dc1e-466f-a077-e58d73d47345
DEBUG StatusLogger Building Plugin[name=, class=org.apache.hadoop.hive.ql.log.LogDivertAppenderForTest$TestFilter].
DEBUG StatusLogger createFilter()
DEBUG StatusLogger Building Plugin[name=, class=org.apache.logging.log4j.core.layout.PatternLayout].
DEBUG StatusLogger PatternLayout$Builder(pattern="%-5p : %m%n", PatternSelector=null, Configuration(HiveLog4j2Test), Replace=null, charset="null", alwaysWriteExceptions="null", disableAnsi="null", noConsoleNoAnsi="null", header="null", footer="null")
DEBUG StatusLogger Building Plugin[name=appender, class=org.apache.hadoop.hive.ql.log.HushableRandomAccessFileAppender].
DEBUG StatusLogger createAppender(fileName="/home/alex/Repositories/hive/beeline/target/tmp/alex/operation_logs/3ae9d0b7-9c31-4417-87bd-e04df6197fa5/alex_20240501045743_0280f791-dc1e-466f-a077-e58d73d47345.test", append="null", name="test-query-file-appender", immediateFlush="null", bufferSize="null", ignoreExceptions="null", PatternLayout(org.apache.logging.log4j.core.layout.PatternLayout with name PatternLayout), test-filter(org.apache.hadoop.hive.ql.log.LogDivertAppenderForTest$TestFilter with name test-filter), advertise="null", advertiseURI="null", Configuration(HiveLog4j2Test))
DEBUG StatusLogger Starting RandomAccessFileManager /home/alex/Repositories/hive/beeline/target/tmp/alex/operation_logs/3ae9d0b7-9c31-4417-87bd-e04df6197fa5/alex_20240501045743_0280f791-dc1e-466f-a077-e58d73d47345.test
2024-05-01T04:57:43,478  INFO [3ae9d0b7-9c31-4417-87bd-e04df6197fa5 main] operation.HiveCommandOperation: [opType=EXECUTE_STATEMENT, queryId=alex_20240501045743_0280f791-dc1e-466f-a077-e58d73d47345, startTime=1714564663471, sessionId=3ae9d0b7-9c31-4417-87bd-e04df6197fa5, createTime=1714564663391, userName=null, ipAddress=null]
2024-05-01T04:57:43,490  INFO [3ae9d0b7-9c31-4417-87bd-e04df6197fa5 main] common.LogUtils: Unregistered logging context.
2024-05-01T04:57:43,495  INFO [3ae9d0b7-9c31-4417-87bd-e04df6197fa5 main] operation.OperationManager: Closing operation: OperationHandle [opType=EXECUTE_STATEMENT, getHandleIdentifier()=028bff9a-8b78-438e-8edb-bac38a934a7a]
2024-05-01T04:57:43,495  INFO [3ae9d0b7-9c31-4417-87bd-e04df6197fa5 main] operation.OperationManager: Removed queryId: alex_20240501045743_0280f791-dc1e-466f-a077-e58d73d47345 corresponding to operation: OperationHandle [opType=EXECUTE_STATEMENT, getHandleIdentifier()=028bff9a-8b78-438e-8edb-bac38a934a7a] with tag: null
2024-05-01T04:57:43,496  INFO [3ae9d0b7-9c31-4417-87bd-e04df6197fa5 main] operation.HiveCommandOperation: Closing operation log /home/alex/Repositories/hive/beeline/target/tmp/alex/operation_logs/3ae9d0b7-9c31-4417-87bd-e04df6197fa5/alex_20240501045743_0280f791-dc1e-466f-a077-e58d73d47345 without delay
2024-05-01T04:57:43,500  INFO [3ae9d0b7-9c31-4417-87bd-e04df6197fa5 main] session.HiveSessionImpl: executing use test
2024-05-01T04:57:43,502  INFO [3ae9d0b7-9c31-4417-87bd-e04df6197fa5 main] operation.OperationManager: Adding operation: OperationHandle [opType=EXECUTE_STATEMENT, getHandleIdentifier()=19de1176-0e7a-4ceb-8eef-02ef1478ce1d] SessionHandle [3ae9d0b7-9c31-4417-87bd-e04df6197fa5]
2024-05-01T04:57:43,502  INFO [3ae9d0b7-9c31-4417-87bd-e04df6197fa5 main] common.LogUtils: Thread context registration is done.
DEBUG StatusLogger Building Plugin[name=filter, class=org.apache.hadoop.hive.ql.log.LogDivertAppender$NameFilter].
DEBUG StatusLogger createFilter(loggingLevel="EXECUTION")
DEBUG StatusLogger Building Plugin[name=layout, class=org.apache.logging.log4j.core.layout.PatternLayout].
DEBUG StatusLogger PatternLayout$Builder(pattern="%-5p : %m%n", PatternSelector=null, Configuration(HiveLog4j2Test), Replace=null, charset="null", alwaysWriteExceptions="null", disableAnsi="null", noConsoleNoAnsi="null", header="null", footer="null")
DEBUG StatusLogger Building Plugin[name=appender, class=org.apache.hadoop.hive.ql.log.HushableRandomAccessFileAppender].
DEBUG StatusLogger createAppender(fileName="/home/alex/Repositories/hive/beeline/target/tmp/alex/operation_logs/3ae9d0b7-9c31-4417-87bd-e04df6197fa5/alex_20240501045743_eb5b6e35-adb6-4185-a2f0-66cb225f97bd", append="null", name="query-file-appender", immediateFlush="null", bufferSize="null", ignoreExceptions="null", PatternLayout(org.apache.logging.log4j.core.layout.PatternLayout with name PatternLayout), NameFilter(org.apache.hadoop.hive.ql.log.LogDivertAppender$NameFilter with name NameFilter), advertise="null", advertiseURI="null", Configuration(HiveLog4j2Test))
DEBUG StatusLogger Starting RandomAccessFileManager /home/alex/Repositories/hive/beeline/target/tmp/alex/operation_logs/3ae9d0b7-9c31-4417-87bd-e04df6197fa5/alex_20240501045743_eb5b6e35-adb6-4185-a2f0-66cb225f97bd
DEBUG StatusLogger Building Plugin[name=, class=org.apache.hadoop.hive.ql.log.LogDivertAppenderForTest$TestFilter].
DEBUG StatusLogger createFilter()
DEBUG StatusLogger Building Plugin[name=, class=org.apache.logging.log4j.core.layout.PatternLayout].
DEBUG StatusLogger PatternLayout$Builder(pattern="%-5p : %m%n", PatternSelector=null, Configuration(HiveLog4j2Test), Replace=null, charset="null", alwaysWriteExceptions="null", disableAnsi="null", noConsoleNoAnsi="null", header="null", footer="null")
DEBUG StatusLogger Building Plugin[name=appender, class=org.apache.hadoop.hive.ql.log.HushableRandomAccessFileAppender].
DEBUG StatusLogger createAppender(fileName="/home/alex/Repositories/hive/beeline/target/tmp/alex/operation_logs/3ae9d0b7-9c31-4417-87bd-e04df6197fa5/alex_20240501045743_eb5b6e35-adb6-4185-a2f0-66cb225f97bd.test", append="null", name="test-query-file-appender", immediateFlush="null", bufferSize="null", ignoreExceptions="null", PatternLayout(org.apache.logging.log4j.core.layout.PatternLayout with name PatternLayout), test-filter(org.apache.hadoop.hive.ql.log.LogDivertAppenderForTest$TestFilter with name test-filter), advertise="null", advertiseURI="null", Configuration(HiveLog4j2Test))
DEBUG StatusLogger Starting RandomAccessFileManager /home/alex/Repositories/hive/beeline/target/tmp/alex/operation_logs/3ae9d0b7-9c31-4417-87bd-e04df6197fa5/alex_20240501045743_eb5b6e35-adb6-4185-a2f0-66cb225f97bd.test
2024-05-01T04:57:43,508  INFO [3ae9d0b7-9c31-4417-87bd-e04df6197fa5 main] operation.SQLOperation: [opType=EXECUTE_STATEMENT, queryId=alex_20240501045743_eb5b6e35-adb6-4185-a2f0-66cb225f97bd, startTime=1714564663501, sessionId=3ae9d0b7-9c31-4417-87bd-e04df6197fa5, createTime=1714564663391, userName=null, ipAddress=null]
2024-05-01T04:57:43,510  INFO [3ae9d0b7-9c31-4417-87bd-e04df6197fa5 main] ql.Driver: Compiling command(queryId=alex_20240501045743_eb5b6e35-adb6-4185-a2f0-66cb225f97bd): use test
2024-05-01T04:57:43,511  INFO [3ae9d0b7-9c31-4417-87bd-e04df6197fa5 main] metastore.HiveMetaStoreClient: HMS client filtering is enabled.
2024-05-01T04:57:43,512  INFO [3ae9d0b7-9c31-4417-87bd-e04df6197fa5 main] metastore.HMSHandler: 0: Opening raw store with implementation class:org.apache.hadoop.hive.metastore.ObjectStore
2024-05-01T04:57:43,512  INFO [3ae9d0b7-9c31-4417-87bd-e04df6197fa5 main] metastore.PersistenceManagerProvider: Configuration datanucleus.autoStartMechanismMode is not set. Defaulting to 'ignored'
2024-05-01T04:57:43,513  INFO [3ae9d0b7-9c31-4417-87bd-e04df6197fa5 main] metastore.ObjectStore: RawStore: org.apache.hadoop.hive.metastore.ObjectStore@15586843, with PersistenceManager: null will be shutdown
2024-05-01T04:57:43,513  INFO [3ae9d0b7-9c31-4417-87bd-e04df6197fa5 main] metastore.ObjectStore: RawStore: org.apache.hadoop.hive.metastore.ObjectStore@15586843, with PersistenceManager: org.datanucleus.api.jdo.JDOPersistenceManager@4fbb1144 created in the thread with id: 1
2024-05-01T04:57:43,519  INFO [3ae9d0b7-9c31-4417-87bd-e04df6197fa5 main] metastore.HMSHandler: Created RawStore: org.apache.hadoop.hive.metastore.ObjectStore@15586843 from thread id: 1
2024-05-01T04:57:43,519  INFO [3ae9d0b7-9c31-4417-87bd-e04df6197fa5 main] metastore.HMSHandler: HMS server filtering is disabled by configuration
2024-05-01T04:57:43,519  INFO [3ae9d0b7-9c31-4417-87bd-e04df6197fa5 main] metastore.RetryingMetaStoreClient: RetryingMetaStoreClient proxy=class org.apache.hadoop.hive.ql.metadata.SessionHiveMetaStoreClient ugi=alex (auth:SIMPLE) retries=1 delay=1 lifetime=0
2024-05-01T04:57:43,520  INFO [3ae9d0b7-9c31-4417-87bd-e04df6197fa5 main] HiveMetaStore.audit: ugi=alex	ip=unknown-ip-addr	cmd=get_database: test	
2024-05-01T04:57:43,530  INFO [3ae9d0b7-9c31-4417-87bd-e04df6197fa5 main] ql.Driver: Semantic Analysis Completed (retrial = false)
2024-05-01T04:57:43,531  INFO [3ae9d0b7-9c31-4417-87bd-e04df6197fa5 main] ql.Driver: Created Hive schema: Schema(fieldSchemas:null, properties:null)
2024-05-01T04:57:43,531  INFO [3ae9d0b7-9c31-4417-87bd-e04df6197fa5 main] metadata.Hive: Dumping metastore api call timing information for : compilation phase
2024-05-01T04:57:43,531  INFO [3ae9d0b7-9c31-4417-87bd-e04df6197fa5 main] metadata.Hive: Total time spent in each metastore function (ms): {isCompatibleWith_(Configuration)=0, getDatabase_(String)=10, flushCache_()=1}
2024-05-01T04:57:43,531  INFO [3ae9d0b7-9c31-4417-87bd-e04df6197fa5 main] ql.Driver: Completed compiling command(queryId=alex_20240501045743_eb5b6e35-adb6-4185-a2f0-66cb225f97bd); Time taken: 0.021 seconds
2024-05-01T04:57:43,531  INFO [3ae9d0b7-9c31-4417-87bd-e04df6197fa5 main] common.LogUtils: Unregistered logging context.
2024-05-01T04:57:43,532  INFO [HiveServer2-Background-Pool: Thread-113] common.LogUtils: Thread context registration is done.
2024-05-01T04:57:43,532  INFO [HiveServer2-Background-Pool: Thread-113] reexec.ReExecDriver: Execution #1 of query
2024-05-01T04:57:43,533  INFO [HiveServer2-Background-Pool: Thread-113] ql.Driver: Concurrency mode is disabled, not creating a lock manager
2024-05-01T04:57:43,533  INFO [HiveServer2-Background-Pool: Thread-113] ql.Driver: Executing command(queryId=alex_20240501045743_eb5b6e35-adb6-4185-a2f0-66cb225f97bd): use test
2024-05-01T04:57:43,534  INFO [HiveServer2-Background-Pool: Thread-113] ql.Driver: Starting task [Stage-0:DDL] in serial mode
2024-05-01T04:57:43,535  INFO [HiveServer2-Background-Pool: Thread-113] HiveMetaStore.audit: ugi=alex	ip=unknown-ip-addr	cmd=get_database: test	
2024-05-01T04:57:43,536  INFO [HiveServer2-Background-Pool: Thread-113] metastore.HMSHandler: 3: Opening raw store with implementation class:org.apache.hadoop.hive.metastore.ObjectStore
2024-05-01T04:57:43,538  INFO [HiveServer2-Background-Pool: Thread-113] metastore.ObjectStore: RawStore: org.apache.hadoop.hive.metastore.ObjectStore@408b1f0e, with PersistenceManager: null will be shutdown
2024-05-01T04:57:43,539  INFO [HiveServer2-Background-Pool: Thread-113] metastore.ObjectStore: RawStore: org.apache.hadoop.hive.metastore.ObjectStore@408b1f0e, with PersistenceManager: org.datanucleus.api.jdo.JDOPersistenceManager@589897b created in the thread with id: 113
2024-05-01T04:57:43,544  INFO [HiveServer2-Background-Pool: Thread-113] metastore.HMSHandler: Created RawStore: org.apache.hadoop.hive.metastore.ObjectStore@408b1f0e from thread id: 113
2024-05-01T04:57:43,546  INFO [HiveServer2-Background-Pool: Thread-113] HiveMetaStore.audit: ugi=alex	ip=unknown-ip-addr	cmd=get_database: test	
2024-05-01T04:57:43,548  INFO [HiveServer2-Background-Pool: Thread-113] metadata.Hive: Dumping metastore api call timing information for : execution phase
2024-05-01T04:57:43,548  INFO [HiveServer2-Background-Pool: Thread-113] metadata.Hive: Total time spent in each metastore function (ms): {isCompatibleWith_(Configuration)=0, getDatabase_(String)=12}
2024-05-01T04:57:43,548  INFO [HiveServer2-Background-Pool: Thread-113] ql.Driver: Completed executing command(queryId=alex_20240501045743_eb5b6e35-adb6-4185-a2f0-66cb225f97bd); Time taken: 0.015 seconds
2024-05-01T04:57:43,548  INFO [HiveServer2-Background-Pool: Thread-113] common.LogUtils: Unregistered logging context.
2024-05-01T04:57:43,551  INFO [3ae9d0b7-9c31-4417-87bd-e04df6197fa5 main] operation.OperationManager: Closing operation: OperationHandle [opType=EXECUTE_STATEMENT, getHandleIdentifier()=19de1176-0e7a-4ceb-8eef-02ef1478ce1d]
2024-05-01T04:57:43,551  INFO [3ae9d0b7-9c31-4417-87bd-e04df6197fa5 main] operation.OperationManager: Removed queryId: alex_20240501045743_eb5b6e35-adb6-4185-a2f0-66cb225f97bd corresponding to operation: OperationHandle [opType=EXECUTE_STATEMENT, getHandleIdentifier()=19de1176-0e7a-4ceb-8eef-02ef1478ce1d] with tag: null
2024-05-01T04:57:43,551  INFO [3ae9d0b7-9c31-4417-87bd-e04df6197fa5 main] operation.SQLOperation: Closing operation log /home/alex/Repositories/hive/beeline/target/tmp/alex/operation_logs/3ae9d0b7-9c31-4417-87bd-e04df6197fa5/alex_20240501045743_eb5b6e35-adb6-4185-a2f0-66cb225f97bd without delay
2024-05-01T04:57:43,610  WARN [main] conf.HiveConf: HiveConf of name hive.dummyparam.test.server.specific.config.override does not exist
2024-05-01T04:57:43,610  WARN [main] conf.HiveConf: HiveConf of name hive.dummyparam.test.server.specific.config.hiveserver2site does not exist
2024-05-01T04:57:43,610  WARN [main] conf.HiveConf: HiveConf of name hive.dummyparam.test.server.specific.config.metastoresite does not exist
2024-05-01T04:57:43,611  INFO [3ae9d0b7-9c31-4417-87bd-e04df6197fa5 main] session.HiveSessionImpl: executing set
2024-05-01T04:57:43,611  INFO [3ae9d0b7-9c31-4417-87bd-e04df6197fa5 main] operation.HiveCommandOperation: Putting temp output to file /home/alex/Repositories/hive/beeline/target/tmp/alex/3ae9d0b7-9c31-4417-87bd-e04df6197fa53410263419919687590.pipeout and error output to file /home/alex/Repositories/hive/beeline/target/tmp/alex/3ae9d0b7-9c31-4417-87bd-e04df6197fa52898922602724526554.pipeout
2024-05-01T04:57:43,612  INFO [3ae9d0b7-9c31-4417-87bd-e04df6197fa5 main] operation.OperationManager: Adding operation: OperationHandle [opType=EXECUTE_STATEMENT, getHandleIdentifier()=8737f44d-d82f-4cdb-8296-b0ed17069d75] SessionHandle [3ae9d0b7-9c31-4417-87bd-e04df6197fa5]
2024-05-01T04:57:43,612  INFO [3ae9d0b7-9c31-4417-87bd-e04df6197fa5 main] common.LogUtils: Thread context registration is done.
DEBUG StatusLogger Building Plugin[name=filter, class=org.apache.hadoop.hive.ql.log.LogDivertAppender$NameFilter].
DEBUG StatusLogger createFilter(loggingLevel="EXECUTION")
DEBUG StatusLogger Building Plugin[name=layout, class=org.apache.logging.log4j.core.layout.PatternLayout].
DEBUG StatusLogger PatternLayout$Builder(pattern="%-5p : %m%n", PatternSelector=null, Configuration(HiveLog4j2Test), Replace=null, charset="null", alwaysWriteExceptions="null", disableAnsi="null", noConsoleNoAnsi="null", header="null", footer="null")
DEBUG StatusLogger Building Plugin[name=appender, class=org.apache.hadoop.hive.ql.log.HushableRandomAccessFileAppender].
DEBUG StatusLogger createAppender(fileName="/home/alex/Repositories/hive/beeline/target/tmp/alex/operation_logs/3ae9d0b7-9c31-4417-87bd-e04df6197fa5/alex_20240501045743_13dfe008-fd1c-43e5-977e-fc8ba0ff5fa8", append="null", name="query-file-appender", immediateFlush="null", bufferSize="null", ignoreExceptions="null", PatternLayout(org.apache.logging.log4j.core.layout.PatternLayout with name PatternLayout), NameFilter(org.apache.hadoop.hive.ql.log.LogDivertAppender$NameFilter with name NameFilter), advertise="null", advertiseURI="null", Configuration(HiveLog4j2Test))
DEBUG StatusLogger Starting RandomAccessFileManager /home/alex/Repositories/hive/beeline/target/tmp/alex/operation_logs/3ae9d0b7-9c31-4417-87bd-e04df6197fa5/alex_20240501045743_13dfe008-fd1c-43e5-977e-fc8ba0ff5fa8
DEBUG StatusLogger Building Plugin[name=, class=org.apache.hadoop.hive.ql.log.LogDivertAppenderForTest$TestFilter].
DEBUG StatusLogger createFilter()
DEBUG StatusLogger Building Plugin[name=, class=org.apache.logging.log4j.core.layout.PatternLayout].
DEBUG StatusLogger PatternLayout$Builder(pattern="%-5p : %m%n", PatternSelector=null, Configuration(HiveLog4j2Test), Replace=null, charset="null", alwaysWriteExceptions="null", disableAnsi="null", noConsoleNoAnsi="null", header="null", footer="null")
DEBUG StatusLogger Building Plugin[name=appender, class=org.apache.hadoop.hive.ql.log.HushableRandomAccessFileAppender].
DEBUG StatusLogger createAppender(fileName="/home/alex/Repositories/hive/beeline/target/tmp/alex/operation_logs/3ae9d0b7-9c31-4417-87bd-e04df6197fa5/alex_20240501045743_13dfe008-fd1c-43e5-977e-fc8ba0ff5fa8.test", append="null", name="test-query-file-appender", immediateFlush="null", bufferSize="null", ignoreExceptions="null", PatternLayout(org.apache.logging.log4j.core.layout.PatternLayout with name PatternLayout), test-filter(org.apache.hadoop.hive.ql.log.LogDivertAppenderForTest$TestFilter with name test-filter), advertise="null", advertiseURI="null", Configuration(HiveLog4j2Test))
DEBUG StatusLogger Starting RandomAccessFileManager /home/alex/Repositories/hive/beeline/target/tmp/alex/operation_logs/3ae9d0b7-9c31-4417-87bd-e04df6197fa5/alex_20240501045743_13dfe008-fd1c-43e5-977e-fc8ba0ff5fa8.test
2024-05-01T04:57:43,616  INFO [3ae9d0b7-9c31-4417-87bd-e04df6197fa5 main] operation.HiveCommandOperation: [opType=EXECUTE_STATEMENT, queryId=alex_20240501045743_13dfe008-fd1c-43e5-977e-fc8ba0ff5fa8, startTime=1714564663611, sessionId=3ae9d0b7-9c31-4417-87bd-e04df6197fa5, createTime=1714564663391, userName=null, ipAddress=null]
2024-05-01T04:57:43,625  INFO [3ae9d0b7-9c31-4417-87bd-e04df6197fa5 main] common.LogUtils: Unregistered logging context.
2024-05-01T04:57:43,630  INFO [3ae9d0b7-9c31-4417-87bd-e04df6197fa5 main] operation.OperationManager: Closing operation: OperationHandle [opType=EXECUTE_STATEMENT, getHandleIdentifier()=8737f44d-d82f-4cdb-8296-b0ed17069d75]
2024-05-01T04:57:43,631  INFO [3ae9d0b7-9c31-4417-87bd-e04df6197fa5 main] operation.OperationManager: Removed queryId: alex_20240501045743_13dfe008-fd1c-43e5-977e-fc8ba0ff5fa8 corresponding to operation: OperationHandle [opType=EXECUTE_STATEMENT, getHandleIdentifier()=8737f44d-d82f-4cdb-8296-b0ed17069d75] with tag: null
2024-05-01T04:57:43,631  INFO [3ae9d0b7-9c31-4417-87bd-e04df6197fa5 main] operation.HiveCommandOperation: Closing operation log /home/alex/Repositories/hive/beeline/target/tmp/alex/operation_logs/3ae9d0b7-9c31-4417-87bd-e04df6197fa5/alex_20240501045743_13dfe008-fd1c-43e5-977e-fc8ba0ff5fa8 without delay
2024-05-01T04:57:43,634  INFO [3ae9d0b7-9c31-4417-87bd-e04df6197fa5 main] session.HiveSessionImpl: executing create table if not exists test.testSrcTbl3(sc3 string)
2024-05-01T04:57:43,635  INFO [3ae9d0b7-9c31-4417-87bd-e04df6197fa5 main] operation.OperationManager: Adding operation: OperationHandle [opType=EXECUTE_STATEMENT, getHandleIdentifier()=36608a7a-52a7-4814-991f-95e522c08b66] SessionHandle [3ae9d0b7-9c31-4417-87bd-e04df6197fa5]
2024-05-01T04:57:43,635  INFO [3ae9d0b7-9c31-4417-87bd-e04df6197fa5 main] common.LogUtils: Thread context registration is done.
DEBUG StatusLogger Building Plugin[name=filter, class=org.apache.hadoop.hive.ql.log.LogDivertAppender$NameFilter].
DEBUG StatusLogger createFilter(loggingLevel="EXECUTION")
DEBUG StatusLogger Building Plugin[name=layout, class=org.apache.logging.log4j.core.layout.PatternLayout].
DEBUG StatusLogger PatternLayout$Builder(pattern="%-5p : %m%n", PatternSelector=null, Configuration(HiveLog4j2Test), Replace=null, charset="null", alwaysWriteExceptions="null", disableAnsi="null", noConsoleNoAnsi="null", header="null", footer="null")
DEBUG StatusLogger Building Plugin[name=appender, class=org.apache.hadoop.hive.ql.log.HushableRandomAccessFileAppender].
DEBUG StatusLogger createAppender(fileName="/home/alex/Repositories/hive/beeline/target/tmp/alex/operation_logs/3ae9d0b7-9c31-4417-87bd-e04df6197fa5/alex_20240501045743_4738df18-17ae-41c3-9de9-bf2f158d50a5", append="null", name="query-file-appender", immediateFlush="null", bufferSize="null", ignoreExceptions="null", PatternLayout(org.apache.logging.log4j.core.layout.PatternLayout with name PatternLayout), NameFilter(org.apache.hadoop.hive.ql.log.LogDivertAppender$NameFilter with name NameFilter), advertise="null", advertiseURI="null", Configuration(HiveLog4j2Test))
DEBUG StatusLogger Starting RandomAccessFileManager /home/alex/Repositories/hive/beeline/target/tmp/alex/operation_logs/3ae9d0b7-9c31-4417-87bd-e04df6197fa5/alex_20240501045743_4738df18-17ae-41c3-9de9-bf2f158d50a5
DEBUG StatusLogger Building Plugin[name=, class=org.apache.hadoop.hive.ql.log.LogDivertAppenderForTest$TestFilter].
DEBUG StatusLogger createFilter()
DEBUG StatusLogger Building Plugin[name=, class=org.apache.logging.log4j.core.layout.PatternLayout].
DEBUG StatusLogger PatternLayout$Builder(pattern="%-5p : %m%n", PatternSelector=null, Configuration(HiveLog4j2Test), Replace=null, charset="null", alwaysWriteExceptions="null", disableAnsi="null", noConsoleNoAnsi="null", header="null", footer="null")
DEBUG StatusLogger Building Plugin[name=appender, class=org.apache.hadoop.hive.ql.log.HushableRandomAccessFileAppender].
DEBUG StatusLogger createAppender(fileName="/home/alex/Repositories/hive/beeline/target/tmp/alex/operation_logs/3ae9d0b7-9c31-4417-87bd-e04df6197fa5/alex_20240501045743_4738df18-17ae-41c3-9de9-bf2f158d50a5.test", append="null", name="test-query-file-appender", immediateFlush="null", bufferSize="null", ignoreExceptions="null", PatternLayout(org.apache.logging.log4j.core.layout.PatternLayout with name PatternLayout), test-filter(org.apache.hadoop.hive.ql.log.LogDivertAppenderForTest$TestFilter with name test-filter), advertise="null", advertiseURI="null", Configuration(HiveLog4j2Test))
DEBUG StatusLogger Starting RandomAccessFileManager /home/alex/Repositories/hive/beeline/target/tmp/alex/operation_logs/3ae9d0b7-9c31-4417-87bd-e04df6197fa5/alex_20240501045743_4738df18-17ae-41c3-9de9-bf2f158d50a5.test
2024-05-01T04:57:43,641  INFO [3ae9d0b7-9c31-4417-87bd-e04df6197fa5 main] operation.SQLOperation: [opType=EXECUTE_STATEMENT, queryId=alex_20240501045743_4738df18-17ae-41c3-9de9-bf2f158d50a5, startTime=1714564663634, sessionId=3ae9d0b7-9c31-4417-87bd-e04df6197fa5, createTime=1714564663391, userName=null, ipAddress=null]
2024-05-01T04:57:43,643  INFO [3ae9d0b7-9c31-4417-87bd-e04df6197fa5 main] ql.Driver: Compiling command(queryId=alex_20240501045743_4738df18-17ae-41c3-9de9-bf2f158d50a5): create table if not exists test.testSrcTbl3(sc3 string)
2024-05-01T04:57:43,736  INFO [3ae9d0b7-9c31-4417-87bd-e04df6197fa5 main] parse.CalcitePlanner: Starting caching scope for: alex_20240501045743_4738df18-17ae-41c3-9de9-bf2f158d50a5
2024-05-01T04:57:43,740  INFO [3ae9d0b7-9c31-4417-87bd-e04df6197fa5 main] parse.CalcitePlanner: Starting Semantic Analysis
2024-05-01T04:57:43,740  INFO [3ae9d0b7-9c31-4417-87bd-e04df6197fa5 main] sqlstd.SQLStdHiveAccessController: Created SQLStdHiveAccessController for session context : HiveAuthzSessionContext [sessionString=3ae9d0b7-9c31-4417-87bd-e04df6197fa5, clientType=HIVESERVER2]
2024-05-01T04:57:43,747  INFO [3ae9d0b7-9c31-4417-87bd-e04df6197fa5 main] parse.CalcitePlanner: Creating table test.testSrcTbl3 position=27
2024-05-01T04:57:43,762  INFO [3ae9d0b7-9c31-4417-87bd-e04df6197fa5 main] HiveMetaStore.audit: ugi=alex	ip=unknown-ip-addr	cmd=get_table : tbl=hive.test.testSrcTbl3	
2024-05-01T04:57:43,774  INFO [3ae9d0b7-9c31-4417-87bd-e04df6197fa5 main] HiveMetaStore.audit: ugi=alex	ip=unknown-ip-addr	cmd=get_database: test	
2024-05-01T04:57:43,784  INFO [3ae9d0b7-9c31-4417-87bd-e04df6197fa5 main] parse.CalcitePlanner: Ending caching scope for: alex_20240501045743_4738df18-17ae-41c3-9de9-bf2f158d50a5
2024-05-01T04:57:43,784  INFO [3ae9d0b7-9c31-4417-87bd-e04df6197fa5 main] ql.Driver: Semantic Analysis Completed (retrial = false)
2024-05-01T04:57:43,784  INFO [3ae9d0b7-9c31-4417-87bd-e04df6197fa5 main] ql.Driver: Created Hive schema: Schema(fieldSchemas:null, properties:null)
2024-05-01T04:57:43,785  INFO [3ae9d0b7-9c31-4417-87bd-e04df6197fa5 main] metadata.Hive: Dumping metastore api call timing information for : compilation phase
2024-05-01T04:57:43,785  INFO [3ae9d0b7-9c31-4417-87bd-e04df6197fa5 main] metadata.Hive: Total time spent in each metastore function (ms): {isCompatibleWith_(Configuration)=0, getDatabase_(String)=1, flushCache_()=0}
2024-05-01T04:57:43,785  INFO [3ae9d0b7-9c31-4417-87bd-e04df6197fa5 main] ql.Driver: Completed compiling command(queryId=alex_20240501045743_4738df18-17ae-41c3-9de9-bf2f158d50a5); Time taken: 0.141 seconds
2024-05-01T04:57:43,785  INFO [3ae9d0b7-9c31-4417-87bd-e04df6197fa5 main] common.LogUtils: Unregistered logging context.
2024-05-01T04:57:43,786  INFO [HiveServer2-Background-Pool: Thread-116] common.LogUtils: Thread context registration is done.
2024-05-01T04:57:43,786  INFO [HiveServer2-Background-Pool: Thread-116] reexec.ReExecDriver: Execution #1 of query
2024-05-01T04:57:43,787  INFO [HiveServer2-Background-Pool: Thread-116] ql.Driver: Concurrency mode is disabled, not creating a lock manager
2024-05-01T04:57:43,787  INFO [HiveServer2-Background-Pool: Thread-116] ql.Driver: Executing command(queryId=alex_20240501045743_4738df18-17ae-41c3-9de9-bf2f158d50a5): create table if not exists test.testSrcTbl3(sc3 string)
2024-05-01T04:57:43,788  INFO [HiveServer2-Background-Pool: Thread-116] ql.Driver: Starting task [Stage-0:DDL] in serial mode
2024-05-01T04:57:43,889  INFO [HiveServer2-Background-Pool: Thread-116] HiveMetaStore.audit: ugi=alex	ip=unknown-ip-addr	cmd=create_table_req: Table(tableName:testSrcTbl3, dbName:test, owner:alex, createTime:1714564663, lastAccessTime:0, retention:0, sd:StorageDescriptor(cols:[FieldSchema(name:sc3, type:string, comment:null)], location:null, inputFormat:org.apache.hadoop.mapred.TextInputFormat, outputFormat:org.apache.hadoop.hive.ql.io.HiveIgnoreKeyTextOutputFormat, compressed:false, numBuckets:-1, serdeInfo:SerDeInfo(name:null, serializationLib:org.apache.hadoop.hive.serde2.lazy.LazySimpleSerDe, parameters:{serialization.format=1}), bucketCols:[], sortCols:[], parameters:{}, skewedInfo:SkewedInfo(skewedColNames:[], skewedColValues:[], skewedColValueLocationMaps:{}), storedAsSubDirectories:false), partitionKeys:[], parameters:{totalSize=0, numRows=0, rawDataSize=0, COLUMN_STATS_ACCURATE={"BASIC_STATS":"true","COLUMN_STATS":{"sc3":"true"}}, numFiles=0, bucketing_version=2, numFilesErasureCoded=0}, viewOriginalText:null, viewExpandedText:null, tableType:MANAGED_TABLE, privileges:PrincipalPrivilegeSet(userPrivileges:{alex=[PrivilegeGrantInfo(privilege:INSERT, createTime:-1, grantor:alex, grantorType:USER, grantOption:true), PrivilegeGrantInfo(privilege:SELECT, createTime:-1, grantor:alex, grantorType:USER, grantOption:true), PrivilegeGrantInfo(privilege:UPDATE, createTime:-1, grantor:alex, grantorType:USER, grantOption:true), PrivilegeGrantInfo(privilege:DELETE, createTime:-1, grantor:alex, grantorType:USER, grantOption:true)]}, groupPrivileges:null, rolePrivileges:null), temporary:false, catName:hive, ownerType:USER)	
2024-05-01T04:57:43,890  INFO [HiveServer2-Background-Pool: Thread-116] metastore.HMSHandler: 4: Opening raw store with implementation class:org.apache.hadoop.hive.metastore.ObjectStore
2024-05-01T04:57:43,891  INFO [HiveServer2-Background-Pool: Thread-116] metastore.ObjectStore: RawStore: org.apache.hadoop.hive.metastore.ObjectStore@40ce6519, with PersistenceManager: null will be shutdown
2024-05-01T04:57:43,891  INFO [HiveServer2-Background-Pool: Thread-116] metastore.ObjectStore: RawStore: org.apache.hadoop.hive.metastore.ObjectStore@40ce6519, with PersistenceManager: org.datanucleus.api.jdo.JDOPersistenceManager@f8eeb0b created in the thread with id: 116
2024-05-01T04:57:43,895  INFO [HiveServer2-Background-Pool: Thread-116] metastore.HMSHandler: Created RawStore: org.apache.hadoop.hive.metastore.ObjectStore@40ce6519 from thread id: 116
2024-05-01T04:57:43,900  INFO [HiveServer2-Background-Pool: Thread-116] utils.FileUtils: Creating directory if it doesn't exist: file:/home/alex/Repositories/hive/beeline/target/tmp/warehouse/test.db/testsrctbl3
2024-05-01T04:57:44,046  INFO [HiveServer2-Background-Pool: Thread-116] metadata.Hive: Dumping metastore api call timing information for : execution phase
2024-05-01T04:57:44,046  INFO [HiveServer2-Background-Pool: Thread-116] metadata.Hive: Total time spent in each metastore function (ms): {isCompatibleWith_(Configuration)=0, createTable_(Table)=156}
2024-05-01T04:57:44,046  INFO [HiveServer2-Background-Pool: Thread-116] ql.Driver: Completed executing command(queryId=alex_20240501045743_4738df18-17ae-41c3-9de9-bf2f158d50a5); Time taken: 0.259 seconds
2024-05-01T04:57:44,046  INFO [HiveServer2-Background-Pool: Thread-116] common.LogUtils: Unregistered logging context.
2024-05-01T04:57:44,048  INFO [3ae9d0b7-9c31-4417-87bd-e04df6197fa5 main] operation.OperationManager: Closing operation: OperationHandle [opType=EXECUTE_STATEMENT, getHandleIdentifier()=36608a7a-52a7-4814-991f-95e522c08b66]
2024-05-01T04:57:44,048  INFO [3ae9d0b7-9c31-4417-87bd-e04df6197fa5 main] operation.OperationManager: Removed queryId: alex_20240501045743_4738df18-17ae-41c3-9de9-bf2f158d50a5 corresponding to operation: OperationHandle [opType=EXECUTE_STATEMENT, getHandleIdentifier()=36608a7a-52a7-4814-991f-95e522c08b66] with tag: null
2024-05-01T04:57:44,049  INFO [3ae9d0b7-9c31-4417-87bd-e04df6197fa5 main] operation.SQLOperation: Closing operation log /home/alex/Repositories/hive/beeline/target/tmp/alex/operation_logs/3ae9d0b7-9c31-4417-87bd-e04df6197fa5/alex_20240501045743_4738df18-17ae-41c3-9de9-bf2f158d50a5 without delay
2024-05-01T04:57:44,054  INFO [main] service.CompositeService: Session closed, SessionHandle [3ae9d0b7-9c31-4417-87bd-e04df6197fa5], current sessions:0
2024-05-01T04:57:44,054  INFO [3ae9d0b7-9c31-4417-87bd-e04df6197fa5 main] session.HiveSessionImpl: Operation log session directory is deleted: /home/alex/Repositories/hive/beeline/target/tmp/alex/operation_logs/3ae9d0b7-9c31-4417-87bd-e04df6197fa5
2024-05-01T04:57:44,054  INFO [main] cleanup.EventualCleanupService: Delete /tmp/hive/alex/3ae9d0b7-9c31-4417-87bd-e04df6197fa5 operation was queued
2024-05-01T04:57:44,055  INFO [main] cleanup.EventualCleanupService: Delete /home/alex/Repositories/hive/beeline/target/tmp/alex/3ae9d0b7-9c31-4417-87bd-e04df6197fa5 operation was queued
2024-05-01T04:57:44,055  INFO [EventualCleanupService thread 0] cleanup.EventualCleanupService: Deleted /tmp/hive/alex/3ae9d0b7-9c31-4417-87bd-e04df6197fa5
2024-05-01T04:57:44,055  INFO [EventualCleanupService thread 1] cleanup.EventualCleanupService: Deleted /home/alex/Repositories/hive/beeline/target/tmp/alex/3ae9d0b7-9c31-4417-87bd-e04df6197fa5
2024-05-01T04:57:44,056  INFO [main] HiveMetaStore.audit: ugi=alex	ip=unknown-ip-addr	cmd=Cleaning up thread local RawStore...	
2024-05-01T04:57:44,056  INFO [main] metastore.ObjectStore: RawStore: org.apache.hadoop.hive.metastore.ObjectStore@15586843, with PersistenceManager: org.datanucleus.api.jdo.JDOPersistenceManager@4fbb1144 will be shutdown
2024-05-01T04:57:44,056  INFO [main] HiveMetaStore.audit: ugi=alex	ip=unknown-ip-addr	cmd=Done cleaning up thread local RawStore	
2024-05-01T04:57:44,056  INFO [main] metastore.HiveMetaStoreClient: Closed a connection to metastore, current connections: -4
]]></system-err>
  </testcase>
  <testcase name="testSourceCmd3" classname="org.apache.hive.beeline.cli.TestHiveCli" time="0.714">
    <failure type="java.lang.AssertionError"><![CDATA[java.lang.AssertionError: Supported return code is 2 while the actual is 0
	at org.junit.Assert.fail(Assert.java:89)
	at org.apache.hive.beeline.cli.TestHiveCli.executeCMD(TestHiveCli.java:256)
	at org.apache.hive.beeline.cli.TestHiveCli.verifyCMD(TestHiveCli.java:266)
	at org.apache.hive.beeline.cli.TestHiveCli.testSourceCmd3(TestHiveCli.java:130)
	at sun.reflect.NativeMethodAccessorImpl.invoke0(Native Method)
	at sun.reflect.NativeMethodAccessorImpl.invoke(NativeMethodAccessorImpl.java:62)
	at sun.reflect.DelegatingMethodAccessorImpl.invoke(DelegatingMethodAccessorImpl.java:43)
	at java.lang.reflect.Method.invoke(Method.java:498)
	at org.junit.runners.model.FrameworkMethod$1.runReflectiveCall(FrameworkMethod.java:59)
	at org.junit.internal.runners.model.ReflectiveCallable.run(ReflectiveCallable.java:12)
	at org.junit.runners.model.FrameworkMethod.invokeExplosively(FrameworkMethod.java:56)
	at org.junit.internal.runners.statements.InvokeMethod.evaluate(InvokeMethod.java:17)
	at org.junit.internal.runners.statements.RunBefores.evaluate(RunBefores.java:26)
	at org.junit.internal.runners.statements.RunAfters.evaluate(RunAfters.java:27)
	at org.junit.runners.ParentRunner$3.evaluate(ParentRunner.java:306)
	at org.junit.runners.BlockJUnit4ClassRunner$1.evaluate(BlockJUnit4ClassRunner.java:100)
	at org.junit.runners.ParentRunner.runLeaf(ParentRunner.java:366)
	at org.junit.runners.BlockJUnit4ClassRunner.runChild(BlockJUnit4ClassRunner.java:103)
	at org.junit.runners.BlockJUnit4ClassRunner.runChild(BlockJUnit4ClassRunner.java:63)
	at org.junit.runners.ParentRunner$4.run(ParentRunner.java:331)
	at org.junit.runners.ParentRunner$1.schedule(ParentRunner.java:79)
	at org.junit.runners.ParentRunner.runChildren(ParentRunner.java:329)
	at org.junit.runners.ParentRunner.access$100(ParentRunner.java:66)
	at org.junit.runners.ParentRunner$2.evaluate(ParentRunner.java:293)
	at org.junit.internal.runners.statements.RunBefores.evaluate(RunBefores.java:26)
	at org.junit.runners.ParentRunner$3.evaluate(ParentRunner.java:306)
	at org.junit.runners.ParentRunner.run(ParentRunner.java:413)
	at org.junit.runner.JUnitCore.run(JUnitCore.java:137)
	at org.junit.runner.JUnitCore.run(JUnitCore.java:115)
	at org.junit.vintage.engine.execution.RunnerExecutor.execute(RunnerExecutor.java:43)
	at java.util.stream.ForEachOps$ForEachOp$OfRef.accept(ForEachOps.java:183)
	at java.util.stream.ReferencePipeline$3$1.accept(ReferencePipeline.java:193)
	at java.util.Iterator.forEachRemaining(Iterator.java:116)
	at java.util.Spliterators$IteratorSpliterator.forEachRemaining(Spliterators.java:1801)
	at java.util.stream.AbstractPipeline.copyInto(AbstractPipeline.java:482)
	at java.util.stream.AbstractPipeline.wrapAndCopyInto(AbstractPipeline.java:472)
	at java.util.stream.ForEachOps$ForEachOp.evaluateSequential(ForEachOps.java:150)
	at java.util.stream.ForEachOps$ForEachOp$OfRef.evaluateSequential(ForEachOps.java:173)
	at java.util.stream.AbstractPipeline.evaluate(AbstractPipeline.java:234)
	at java.util.stream.ReferencePipeline.forEach(ReferencePipeline.java:485)
	at org.junit.vintage.engine.VintageTestEngine.executeAllChildren(VintageTestEngine.java:82)
	at org.junit.vintage.engine.VintageTestEngine.execute(VintageTestEngine.java:73)
	at org.junit.platform.launcher.core.DefaultLauncher.execute(DefaultLauncher.java:248)
	at org.junit.platform.launcher.core.DefaultLauncher.lambda$execute$5(DefaultLauncher.java:211)
	at org.junit.platform.launcher.core.DefaultLauncher.withInterceptedStreams(DefaultLauncher.java:226)
	at org.junit.platform.launcher.core.DefaultLauncher.execute(DefaultLauncher.java:199)
	at org.junit.platform.launcher.core.DefaultLauncher.execute(DefaultLauncher.java:132)
	at org.apache.maven.surefire.junitplatform.JUnitPlatformProvider.invokeAllTests(JUnitPlatformProvider.java:154)
	at org.apache.maven.surefire.junitplatform.JUnitPlatformProvider.invoke(JUnitPlatformProvider.java:123)
	at org.apache.maven.surefire.booter.ForkedBooter.runSuitesInProcess(ForkedBooter.java:377)
	at org.apache.maven.surefire.booter.ForkedBooter.execute(ForkedBooter.java:138)
	at org.apache.maven.surefire.booter.ForkedBooter.run(ForkedBooter.java:465)
	at org.apache.maven.surefire.booter.ForkedBooter.main(ForkedBooter.java:451)
]]></failure>
    <system-err><![CDATA[2024-05-01T04:57:44,058 ERROR [main] cli.TestHiveCli: Failed to execute command due to the error: java.lang.NullPointerException: Null output stream
2024-05-01T04:57:44,124  WARN [main] conf.HiveConf: HiveConf of name hive.dummyparam.test.server.specific.config.override does not exist
2024-05-01T04:57:44,125  WARN [main] conf.HiveConf: HiveConf of name hive.dummyparam.test.server.specific.config.hiveserver2site does not exist
2024-05-01T04:57:44,125  WARN [main] conf.HiveConf: HiveConf of name hive.dummyparam.test.server.specific.config.metastoresite does not exist
2024-05-01T04:57:44,126  INFO [main] SessionState: Hive Session ID = 84101779-9eb0-4a22-b5de-82d57c86459b
2024-05-01T04:57:44,126  INFO [main] DependencyResolver: ivysettings.xml file not found in HIVE_HOME or HIVE_CONF_DIR,/home/alex/Repositories/hive/conf/ivysettings.xml will be used
2024-05-01T04:57:44,135  INFO [main] session.SessionState: Created HDFS directory: /tmp/hive/alex/84101779-9eb0-4a22-b5de-82d57c86459b
2024-05-01T04:57:44,140  INFO [main] session.SessionState: Created local directory: /home/alex/Repositories/hive/beeline/target/tmp/alex/84101779-9eb0-4a22-b5de-82d57c86459b
2024-05-01T04:57:44,143  INFO [main] session.SessionState: Created HDFS directory: /tmp/hive/alex/84101779-9eb0-4a22-b5de-82d57c86459b/_tmp_space.db
2024-05-01T04:57:44,144  INFO [main] sqlstd.SQLStdHiveAccessController: Created SQLStdHiveAccessController for session context : HiveAuthzSessionContext [sessionString=84101779-9eb0-4a22-b5de-82d57c86459b, clientType=HIVESERVER2]
2024-05-01T04:57:44,144  INFO [main] metastore.HiveMetaStoreClient: HMS client filtering is enabled.
2024-05-01T04:57:44,145  INFO [main] metastore.HMSHandler: 0: Opening raw store with implementation class:org.apache.hadoop.hive.metastore.ObjectStore
2024-05-01T04:57:44,145  INFO [main] metastore.PersistenceManagerProvider: Configuration datanucleus.autoStartMechanismMode is not set. Defaulting to 'ignored'
2024-05-01T04:57:44,146  INFO [main] metastore.ObjectStore: RawStore: org.apache.hadoop.hive.metastore.ObjectStore@2712e8f4, with PersistenceManager: null will be shutdown
2024-05-01T04:57:44,146  INFO [main] metastore.ObjectStore: RawStore: org.apache.hadoop.hive.metastore.ObjectStore@2712e8f4, with PersistenceManager: org.datanucleus.api.jdo.JDOPersistenceManager@5896cb9c created in the thread with id: 1
2024-05-01T04:57:44,157  INFO [main] metastore.HMSHandler: Created RawStore: org.apache.hadoop.hive.metastore.ObjectStore@2712e8f4 from thread id: 1
2024-05-01T04:57:44,157  INFO [main] metastore.HMSHandler: HMS server filtering is disabled by configuration
2024-05-01T04:57:44,158  INFO [main] metastore.RetryingMetaStoreClient: RetryingMetaStoreClient proxy=class org.apache.hadoop.hive.ql.metadata.SessionHiveMetaStoreClient ugi=alex (auth:SIMPLE) retries=1 delay=1 lifetime=0
2024-05-01T04:57:44,158  INFO [main] service.CompositeService: Operation log root directory is created: /home/alex/Repositories/hive/beeline/target/tmp/alex/operation_logs
2024-05-01T04:57:44,158  INFO [main] service.CompositeService: HiveServer2: Background operation thread pool size: 100
2024-05-01T04:57:44,158  INFO [main] service.CompositeService: HiveServer2: Background operation thread wait queue size: 100
2024-05-01T04:57:44,158  INFO [main] service.CompositeService: HiveServer2: Background operation thread keepalive time: 10 seconds
2024-05-01T04:57:44,158  INFO [main] service.CompositeService: Connections limit are user: 0 ipaddress: 0 user-ipaddress: 0
2024-05-01T04:57:44,160  INFO [main] cleanup.EventualCleanupService: EventualCleanupService started with 10 threads and queue of size 10000
ERROR StatusLogger Log4j2 ConfigurationScheduler attempted to increment scheduled items after start
ERROR StatusLogger Log4j2 ConfigurationScheduler attempted to increment scheduled items after start
2024-05-01T04:57:44,162  INFO [main] service.AbstractService: Service:OperationManager is inited.
2024-05-01T04:57:44,162  INFO [main] service.AbstractService: Service:SessionManager is inited.
2024-05-01T04:57:44,162  INFO [main] service.AbstractService: Service:CLIService is inited.
2024-05-01T04:57:44,162  INFO [main] service.AbstractService: Service:OperationManager is started.
2024-05-01T04:57:44,162  INFO [main] service.AbstractService: Service:SessionManager is started.
2024-05-01T04:57:44,162  INFO [main] service.AbstractService: Service:CLIService is started.
2024-05-01T04:57:44,162  INFO [main] service.AbstractService: Service:ThriftBinaryCLIService is inited.
2024-05-01T04:57:44,163  INFO [main] thrift.ThriftCLIService: Client protocol version: HIVE_CLI_SERVICE_PROTOCOL_V10
2024-05-01T04:57:44,163  INFO [main] thrift.ThriftCLIService: Creating Hive session handle for user [null] from IP null
2024-05-01T04:57:44,164  INFO [main] DependencyResolver: ivysettings.xml file not found in HIVE_HOME or HIVE_CONF_DIR,/home/alex/Repositories/hive/conf/ivysettings.xml will be used
2024-05-01T04:57:44,174  INFO [main] session.SessionState: Created HDFS directory: /tmp/hive/alex/9fc31706-9a48-400f-be61-16337863b09b
2024-05-01T04:57:44,178  INFO [main] session.SessionState: Created local directory: /home/alex/Repositories/hive/beeline/target/tmp/alex/9fc31706-9a48-400f-be61-16337863b09b
2024-05-01T04:57:44,182  INFO [main] session.SessionState: Created HDFS directory: /tmp/hive/alex/9fc31706-9a48-400f-be61-16337863b09b/_tmp_space.db
2024-05-01T04:57:44,182  INFO [main] session.SessionState: Reloading auxiliary JAR files
2024-05-01T04:57:44,182  WARN [main] session.SessionState: Configuration hive.reloadable.aux.jars.path not specified
2024-05-01T04:57:44,182  INFO [main] HiveMetaStore.audit: ugi=alex	ip=unknown-ip-addr	cmd=Cleaning up thread local RawStore...	
2024-05-01T04:57:44,183  INFO [main] metastore.ObjectStore: RawStore: org.apache.hadoop.hive.metastore.ObjectStore@2712e8f4, with PersistenceManager: org.datanucleus.api.jdo.JDOPersistenceManager@5896cb9c will be shutdown
2024-05-01T04:57:44,183  INFO [main] HiveMetaStore.audit: ugi=alex	ip=unknown-ip-addr	cmd=Done cleaning up thread local RawStore	
2024-05-01T04:57:44,183  INFO [main] metastore.HiveMetaStoreClient: Closed a connection to metastore, current connections: -5
2024-05-01T04:57:44,183  INFO [main] session.HiveSessionImpl: Operation log session directory is created: /home/alex/Repositories/hive/beeline/target/tmp/alex/operation_logs/9fc31706-9a48-400f-be61-16337863b09b
2024-05-01T04:57:44,183  INFO [main] service.CompositeService: Session opened, SessionHandle [9fc31706-9a48-400f-be61-16337863b09b], current sessions:1
2024-05-01T04:57:44,183  INFO [main] thrift.ThriftCLIService: Login attempt is successful for user : null
2024-05-01T04:57:44,242  WARN [main] conf.HiveConf: HiveConf of name hive.dummyparam.test.server.specific.config.override does not exist
2024-05-01T04:57:44,243  WARN [main] conf.HiveConf: HiveConf of name hive.dummyparam.test.server.specific.config.hiveserver2site does not exist
2024-05-01T04:57:44,243  WARN [main] conf.HiveConf: HiveConf of name hive.dummyparam.test.server.specific.config.metastoresite does not exist
2024-05-01T04:57:44,243  INFO [9fc31706-9a48-400f-be61-16337863b09b main] session.HiveSessionImpl: executing set
2024-05-01T04:57:44,244  INFO [9fc31706-9a48-400f-be61-16337863b09b main] operation.HiveCommandOperation: Putting temp output to file /home/alex/Repositories/hive/beeline/target/tmp/alex/9fc31706-9a48-400f-be61-16337863b09b291181455820671526.pipeout and error output to file /home/alex/Repositories/hive/beeline/target/tmp/alex/9fc31706-9a48-400f-be61-16337863b09b5179411683352976636.pipeout
2024-05-01T04:57:44,244  INFO [9fc31706-9a48-400f-be61-16337863b09b main] operation.OperationManager: Adding operation: OperationHandle [opType=EXECUTE_STATEMENT, getHandleIdentifier()=b94c4e26-3276-4cfd-b929-dd2ee16245c5] SessionHandle [9fc31706-9a48-400f-be61-16337863b09b]
2024-05-01T04:57:44,244  INFO [9fc31706-9a48-400f-be61-16337863b09b main] common.LogUtils: Thread context registration is done.
DEBUG StatusLogger Building Plugin[name=filter, class=org.apache.hadoop.hive.ql.log.LogDivertAppender$NameFilter].
DEBUG StatusLogger createFilter(loggingLevel="EXECUTION")
DEBUG StatusLogger Building Plugin[name=layout, class=org.apache.logging.log4j.core.layout.PatternLayout].
DEBUG StatusLogger PatternLayout$Builder(pattern="%-5p : %m%n", PatternSelector=null, Configuration(HiveLog4j2Test), Replace=null, charset="null", alwaysWriteExceptions="null", disableAnsi="null", noConsoleNoAnsi="null", header="null", footer="null")
DEBUG StatusLogger Building Plugin[name=appender, class=org.apache.hadoop.hive.ql.log.HushableRandomAccessFileAppender].
DEBUG StatusLogger createAppender(fileName="/home/alex/Repositories/hive/beeline/target/tmp/alex/operation_logs/9fc31706-9a48-400f-be61-16337863b09b/alex_20240501045744_90825d62-1413-44ca-ad8a-809c82d30b10", append="null", name="query-file-appender", immediateFlush="null", bufferSize="null", ignoreExceptions="null", PatternLayout(org.apache.logging.log4j.core.layout.PatternLayout with name PatternLayout), NameFilter(org.apache.hadoop.hive.ql.log.LogDivertAppender$NameFilter with name NameFilter), advertise="null", advertiseURI="null", Configuration(HiveLog4j2Test))
DEBUG StatusLogger Starting RandomAccessFileManager /home/alex/Repositories/hive/beeline/target/tmp/alex/operation_logs/9fc31706-9a48-400f-be61-16337863b09b/alex_20240501045744_90825d62-1413-44ca-ad8a-809c82d30b10
DEBUG StatusLogger Building Plugin[name=, class=org.apache.hadoop.hive.ql.log.LogDivertAppenderForTest$TestFilter].
DEBUG StatusLogger createFilter()
DEBUG StatusLogger Building Plugin[name=, class=org.apache.logging.log4j.core.layout.PatternLayout].
DEBUG StatusLogger PatternLayout$Builder(pattern="%-5p : %m%n", PatternSelector=null, Configuration(HiveLog4j2Test), Replace=null, charset="null", alwaysWriteExceptions="null", disableAnsi="null", noConsoleNoAnsi="null", header="null", footer="null")
DEBUG StatusLogger Building Plugin[name=appender, class=org.apache.hadoop.hive.ql.log.HushableRandomAccessFileAppender].
DEBUG StatusLogger createAppender(fileName="/home/alex/Repositories/hive/beeline/target/tmp/alex/operation_logs/9fc31706-9a48-400f-be61-16337863b09b/alex_20240501045744_90825d62-1413-44ca-ad8a-809c82d30b10.test", append="null", name="test-query-file-appender", immediateFlush="null", bufferSize="null", ignoreExceptions="null", PatternLayout(org.apache.logging.log4j.core.layout.PatternLayout with name PatternLayout), test-filter(org.apache.hadoop.hive.ql.log.LogDivertAppenderForTest$TestFilter with name test-filter), advertise="null", advertiseURI="null", Configuration(HiveLog4j2Test))
DEBUG StatusLogger Starting RandomAccessFileManager /home/alex/Repositories/hive/beeline/target/tmp/alex/operation_logs/9fc31706-9a48-400f-be61-16337863b09b/alex_20240501045744_90825d62-1413-44ca-ad8a-809c82d30b10.test
2024-05-01T04:57:44,251  INFO [9fc31706-9a48-400f-be61-16337863b09b main] operation.HiveCommandOperation: [opType=EXECUTE_STATEMENT, queryId=alex_20240501045744_90825d62-1413-44ca-ad8a-809c82d30b10, startTime=1714564664243, sessionId=9fc31706-9a48-400f-be61-16337863b09b, createTime=1714564664163, userName=null, ipAddress=null]
2024-05-01T04:57:44,264  INFO [9fc31706-9a48-400f-be61-16337863b09b main] common.LogUtils: Unregistered logging context.
2024-05-01T04:57:44,277  INFO [9fc31706-9a48-400f-be61-16337863b09b main] operation.OperationManager: Closing operation: OperationHandle [opType=EXECUTE_STATEMENT, getHandleIdentifier()=b94c4e26-3276-4cfd-b929-dd2ee16245c5]
2024-05-01T04:57:44,277  INFO [9fc31706-9a48-400f-be61-16337863b09b main] operation.OperationManager: Removed queryId: alex_20240501045744_90825d62-1413-44ca-ad8a-809c82d30b10 corresponding to operation: OperationHandle [opType=EXECUTE_STATEMENT, getHandleIdentifier()=b94c4e26-3276-4cfd-b929-dd2ee16245c5] with tag: null
2024-05-01T04:57:44,281  INFO [9fc31706-9a48-400f-be61-16337863b09b main] operation.HiveCommandOperation: Closing operation log /home/alex/Repositories/hive/beeline/target/tmp/alex/operation_logs/9fc31706-9a48-400f-be61-16337863b09b/alex_20240501045744_90825d62-1413-44ca-ad8a-809c82d30b10 without delay
2024-05-01T04:57:44,285  INFO [9fc31706-9a48-400f-be61-16337863b09b main] session.HiveSessionImpl: executing use test
2024-05-01T04:57:44,287  INFO [9fc31706-9a48-400f-be61-16337863b09b main] operation.OperationManager: Adding operation: OperationHandle [opType=EXECUTE_STATEMENT, getHandleIdentifier()=699594b3-53e4-4b3c-87fc-744cdbe7b8b8] SessionHandle [9fc31706-9a48-400f-be61-16337863b09b]
2024-05-01T04:57:44,287  INFO [9fc31706-9a48-400f-be61-16337863b09b main] common.LogUtils: Thread context registration is done.
DEBUG StatusLogger Building Plugin[name=filter, class=org.apache.hadoop.hive.ql.log.LogDivertAppender$NameFilter].
DEBUG StatusLogger createFilter(loggingLevel="EXECUTION")
DEBUG StatusLogger Building Plugin[name=layout, class=org.apache.logging.log4j.core.layout.PatternLayout].
DEBUG StatusLogger PatternLayout$Builder(pattern="%-5p : %m%n", PatternSelector=null, Configuration(HiveLog4j2Test), Replace=null, charset="null", alwaysWriteExceptions="null", disableAnsi="null", noConsoleNoAnsi="null", header="null", footer="null")
DEBUG StatusLogger Building Plugin[name=appender, class=org.apache.hadoop.hive.ql.log.HushableRandomAccessFileAppender].
DEBUG StatusLogger createAppender(fileName="/home/alex/Repositories/hive/beeline/target/tmp/alex/operation_logs/9fc31706-9a48-400f-be61-16337863b09b/alex_20240501045744_62af5fae-4621-4620-90ad-c866559aa5a3", append="null", name="query-file-appender", immediateFlush="null", bufferSize="null", ignoreExceptions="null", PatternLayout(org.apache.logging.log4j.core.layout.PatternLayout with name PatternLayout), NameFilter(org.apache.hadoop.hive.ql.log.LogDivertAppender$NameFilter with name NameFilter), advertise="null", advertiseURI="null", Configuration(HiveLog4j2Test))
DEBUG StatusLogger Starting RandomAccessFileManager /home/alex/Repositories/hive/beeline/target/tmp/alex/operation_logs/9fc31706-9a48-400f-be61-16337863b09b/alex_20240501045744_62af5fae-4621-4620-90ad-c866559aa5a3
DEBUG StatusLogger Building Plugin[name=, class=org.apache.hadoop.hive.ql.log.LogDivertAppenderForTest$TestFilter].
DEBUG StatusLogger createFilter()
DEBUG StatusLogger Building Plugin[name=, class=org.apache.logging.log4j.core.layout.PatternLayout].
DEBUG StatusLogger PatternLayout$Builder(pattern="%-5p : %m%n", PatternSelector=null, Configuration(HiveLog4j2Test), Replace=null, charset="null", alwaysWriteExceptions="null", disableAnsi="null", noConsoleNoAnsi="null", header="null", footer="null")
DEBUG StatusLogger Building Plugin[name=appender, class=org.apache.hadoop.hive.ql.log.HushableRandomAccessFileAppender].
DEBUG StatusLogger createAppender(fileName="/home/alex/Repositories/hive/beeline/target/tmp/alex/operation_logs/9fc31706-9a48-400f-be61-16337863b09b/alex_20240501045744_62af5fae-4621-4620-90ad-c866559aa5a3.test", append="null", name="test-query-file-appender", immediateFlush="null", bufferSize="null", ignoreExceptions="null", PatternLayout(org.apache.logging.log4j.core.layout.PatternLayout with name PatternLayout), test-filter(org.apache.hadoop.hive.ql.log.LogDivertAppenderForTest$TestFilter with name test-filter), advertise="null", advertiseURI="null", Configuration(HiveLog4j2Test))
DEBUG StatusLogger Starting RandomAccessFileManager /home/alex/Repositories/hive/beeline/target/tmp/alex/operation_logs/9fc31706-9a48-400f-be61-16337863b09b/alex_20240501045744_62af5fae-4621-4620-90ad-c866559aa5a3.test
2024-05-01T04:57:44,295  INFO [9fc31706-9a48-400f-be61-16337863b09b main] operation.SQLOperation: [opType=EXECUTE_STATEMENT, queryId=alex_20240501045744_62af5fae-4621-4620-90ad-c866559aa5a3, startTime=1714564664286, sessionId=9fc31706-9a48-400f-be61-16337863b09b, createTime=1714564664163, userName=null, ipAddress=null]
2024-05-01T04:57:44,297  INFO [9fc31706-9a48-400f-be61-16337863b09b main] ql.Driver: Compiling command(queryId=alex_20240501045744_62af5fae-4621-4620-90ad-c866559aa5a3): use test
2024-05-01T04:57:44,299  INFO [9fc31706-9a48-400f-be61-16337863b09b main] metastore.HiveMetaStoreClient: HMS client filtering is enabled.
2024-05-01T04:57:44,300  INFO [9fc31706-9a48-400f-be61-16337863b09b main] metastore.HMSHandler: 0: Opening raw store with implementation class:org.apache.hadoop.hive.metastore.ObjectStore
2024-05-01T04:57:44,300  INFO [9fc31706-9a48-400f-be61-16337863b09b main] metastore.PersistenceManagerProvider: Configuration datanucleus.autoStartMechanismMode is not set. Defaulting to 'ignored'
2024-05-01T04:57:44,301  INFO [9fc31706-9a48-400f-be61-16337863b09b main] metastore.ObjectStore: RawStore: org.apache.hadoop.hive.metastore.ObjectStore@704d3b00, with PersistenceManager: null will be shutdown
2024-05-01T04:57:44,301  INFO [9fc31706-9a48-400f-be61-16337863b09b main] metastore.ObjectStore: RawStore: org.apache.hadoop.hive.metastore.ObjectStore@704d3b00, with PersistenceManager: org.datanucleus.api.jdo.JDOPersistenceManager@21e484b created in the thread with id: 1
2024-05-01T04:57:44,309  INFO [9fc31706-9a48-400f-be61-16337863b09b main] metastore.HMSHandler: Created RawStore: org.apache.hadoop.hive.metastore.ObjectStore@704d3b00 from thread id: 1
2024-05-01T04:57:44,309  INFO [9fc31706-9a48-400f-be61-16337863b09b main] metastore.HMSHandler: HMS server filtering is disabled by configuration
2024-05-01T04:57:44,310  INFO [9fc31706-9a48-400f-be61-16337863b09b main] metastore.RetryingMetaStoreClient: RetryingMetaStoreClient proxy=class org.apache.hadoop.hive.ql.metadata.SessionHiveMetaStoreClient ugi=alex (auth:SIMPLE) retries=1 delay=1 lifetime=0
2024-05-01T04:57:44,311  INFO [9fc31706-9a48-400f-be61-16337863b09b main] HiveMetaStore.audit: ugi=alex	ip=unknown-ip-addr	cmd=get_database: test	
2024-05-01T04:57:44,313  INFO [9fc31706-9a48-400f-be61-16337863b09b main] ql.Driver: Semantic Analysis Completed (retrial = false)
2024-05-01T04:57:44,313  INFO [9fc31706-9a48-400f-be61-16337863b09b main] ql.Driver: Created Hive schema: Schema(fieldSchemas:null, properties:null)
2024-05-01T04:57:44,313  INFO [9fc31706-9a48-400f-be61-16337863b09b main] metadata.Hive: Dumping metastore api call timing information for : compilation phase
2024-05-01T04:57:44,313  INFO [9fc31706-9a48-400f-be61-16337863b09b main] metadata.Hive: Total time spent in each metastore function (ms): {isCompatibleWith_(Configuration)=0, getDatabase_(String)=2, flushCache_()=0}
2024-05-01T04:57:44,314  INFO [9fc31706-9a48-400f-be61-16337863b09b main] ql.Driver: Completed compiling command(queryId=alex_20240501045744_62af5fae-4621-4620-90ad-c866559aa5a3); Time taken: 0.016 seconds
2024-05-01T04:57:44,314  INFO [9fc31706-9a48-400f-be61-16337863b09b main] common.LogUtils: Unregistered logging context.
2024-05-01T04:57:44,317  INFO [HiveServer2-Background-Pool: Thread-140] common.LogUtils: Thread context registration is done.
2024-05-01T04:57:44,317  INFO [HiveServer2-Background-Pool: Thread-140] reexec.ReExecDriver: Execution #1 of query
2024-05-01T04:57:44,317  INFO [HiveServer2-Background-Pool: Thread-140] ql.Driver: Concurrency mode is disabled, not creating a lock manager
2024-05-01T04:57:44,318  INFO [HiveServer2-Background-Pool: Thread-140] ql.Driver: Executing command(queryId=alex_20240501045744_62af5fae-4621-4620-90ad-c866559aa5a3): use test
2024-05-01T04:57:44,318  INFO [HiveServer2-Background-Pool: Thread-140] ql.Driver: Starting task [Stage-0:DDL] in serial mode
2024-05-01T04:57:44,320  INFO [HiveServer2-Background-Pool: Thread-140] HiveMetaStore.audit: ugi=alex	ip=unknown-ip-addr	cmd=get_database: test	
2024-05-01T04:57:44,322  INFO [HiveServer2-Background-Pool: Thread-140] metastore.HMSHandler: 5: Opening raw store with implementation class:org.apache.hadoop.hive.metastore.ObjectStore
2024-05-01T04:57:44,323  INFO [HiveServer2-Background-Pool: Thread-140] metastore.ObjectStore: RawStore: org.apache.hadoop.hive.metastore.ObjectStore@4154e76d, with PersistenceManager: null will be shutdown
2024-05-01T04:57:44,323  INFO [HiveServer2-Background-Pool: Thread-140] metastore.ObjectStore: RawStore: org.apache.hadoop.hive.metastore.ObjectStore@4154e76d, with PersistenceManager: org.datanucleus.api.jdo.JDOPersistenceManager@4567123 created in the thread with id: 140
2024-05-01T04:57:44,329  INFO [HiveServer2-Background-Pool: Thread-140] metastore.HMSHandler: Created RawStore: org.apache.hadoop.hive.metastore.ObjectStore@4154e76d from thread id: 140
2024-05-01T04:57:44,331  INFO [HiveServer2-Background-Pool: Thread-140] HiveMetaStore.audit: ugi=alex	ip=unknown-ip-addr	cmd=get_database: test	
2024-05-01T04:57:44,333  INFO [HiveServer2-Background-Pool: Thread-140] metadata.Hive: Dumping metastore api call timing information for : execution phase
2024-05-01T04:57:44,333  INFO [HiveServer2-Background-Pool: Thread-140] metadata.Hive: Total time spent in each metastore function (ms): {isCompatibleWith_(Configuration)=0, getDatabase_(String)=14}
2024-05-01T04:57:44,333  INFO [HiveServer2-Background-Pool: Thread-140] ql.Driver: Completed executing command(queryId=alex_20240501045744_62af5fae-4621-4620-90ad-c866559aa5a3); Time taken: 0.015 seconds
2024-05-01T04:57:44,334  INFO [HiveServer2-Background-Pool: Thread-140] common.LogUtils: Unregistered logging context.
2024-05-01T04:57:44,337  INFO [9fc31706-9a48-400f-be61-16337863b09b main] operation.OperationManager: Closing operation: OperationHandle [opType=EXECUTE_STATEMENT, getHandleIdentifier()=699594b3-53e4-4b3c-87fc-744cdbe7b8b8]
2024-05-01T04:57:44,337  INFO [9fc31706-9a48-400f-be61-16337863b09b main] operation.OperationManager: Removed queryId: alex_20240501045744_62af5fae-4621-4620-90ad-c866559aa5a3 corresponding to operation: OperationHandle [opType=EXECUTE_STATEMENT, getHandleIdentifier()=699594b3-53e4-4b3c-87fc-744cdbe7b8b8] with tag: null
2024-05-01T04:57:44,338  INFO [9fc31706-9a48-400f-be61-16337863b09b main] operation.SQLOperation: Closing operation log /home/alex/Repositories/hive/beeline/target/tmp/alex/operation_logs/9fc31706-9a48-400f-be61-16337863b09b/alex_20240501045744_62af5fae-4621-4620-90ad-c866559aa5a3 without delay
2024-05-01T04:57:44,408  WARN [main] conf.HiveConf: HiveConf of name hive.dummyparam.test.server.specific.config.override does not exist
2024-05-01T04:57:44,408  WARN [main] conf.HiveConf: HiveConf of name hive.dummyparam.test.server.specific.config.hiveserver2site does not exist
2024-05-01T04:57:44,408  WARN [main] conf.HiveConf: HiveConf of name hive.dummyparam.test.server.specific.config.metastoresite does not exist
2024-05-01T04:57:44,408  INFO [9fc31706-9a48-400f-be61-16337863b09b main] session.HiveSessionImpl: executing set
2024-05-01T04:57:44,409  INFO [9fc31706-9a48-400f-be61-16337863b09b main] operation.HiveCommandOperation: Putting temp output to file /home/alex/Repositories/hive/beeline/target/tmp/alex/9fc31706-9a48-400f-be61-16337863b09b291181455820671526.pipeout and error output to file /home/alex/Repositories/hive/beeline/target/tmp/alex/9fc31706-9a48-400f-be61-16337863b09b5179411683352976636.pipeout
2024-05-01T04:57:44,409  INFO [9fc31706-9a48-400f-be61-16337863b09b main] operation.OperationManager: Adding operation: OperationHandle [opType=EXECUTE_STATEMENT, getHandleIdentifier()=a2f05472-cae2-422b-9d22-46ac78d8e86f] SessionHandle [9fc31706-9a48-400f-be61-16337863b09b]
2024-05-01T04:57:44,410  INFO [9fc31706-9a48-400f-be61-16337863b09b main] common.LogUtils: Thread context registration is done.
DEBUG StatusLogger Building Plugin[name=filter, class=org.apache.hadoop.hive.ql.log.LogDivertAppender$NameFilter].
DEBUG StatusLogger createFilter(loggingLevel="EXECUTION")
DEBUG StatusLogger Building Plugin[name=layout, class=org.apache.logging.log4j.core.layout.PatternLayout].
DEBUG StatusLogger PatternLayout$Builder(pattern="%-5p : %m%n", PatternSelector=null, Configuration(HiveLog4j2Test), Replace=null, charset="null", alwaysWriteExceptions="null", disableAnsi="null", noConsoleNoAnsi="null", header="null", footer="null")
DEBUG StatusLogger Building Plugin[name=appender, class=org.apache.hadoop.hive.ql.log.HushableRandomAccessFileAppender].
DEBUG StatusLogger createAppender(fileName="/home/alex/Repositories/hive/beeline/target/tmp/alex/operation_logs/9fc31706-9a48-400f-be61-16337863b09b/alex_20240501045744_f5f486c9-0950-4bc4-b58a-60a6285a459e", append="null", name="query-file-appender", immediateFlush="null", bufferSize="null", ignoreExceptions="null", PatternLayout(org.apache.logging.log4j.core.layout.PatternLayout with name PatternLayout), NameFilter(org.apache.hadoop.hive.ql.log.LogDivertAppender$NameFilter with name NameFilter), advertise="null", advertiseURI="null", Configuration(HiveLog4j2Test))
DEBUG StatusLogger Starting RandomAccessFileManager /home/alex/Repositories/hive/beeline/target/tmp/alex/operation_logs/9fc31706-9a48-400f-be61-16337863b09b/alex_20240501045744_f5f486c9-0950-4bc4-b58a-60a6285a459e
DEBUG StatusLogger Building Plugin[name=, class=org.apache.hadoop.hive.ql.log.LogDivertAppenderForTest$TestFilter].
DEBUG StatusLogger createFilter()
DEBUG StatusLogger Building Plugin[name=, class=org.apache.logging.log4j.core.layout.PatternLayout].
DEBUG StatusLogger PatternLayout$Builder(pattern="%-5p : %m%n", PatternSelector=null, Configuration(HiveLog4j2Test), Replace=null, charset="null", alwaysWriteExceptions="null", disableAnsi="null", noConsoleNoAnsi="null", header="null", footer="null")
DEBUG StatusLogger Building Plugin[name=appender, class=org.apache.hadoop.hive.ql.log.HushableRandomAccessFileAppender].
DEBUG StatusLogger createAppender(fileName="/home/alex/Repositories/hive/beeline/target/tmp/alex/operation_logs/9fc31706-9a48-400f-be61-16337863b09b/alex_20240501045744_f5f486c9-0950-4bc4-b58a-60a6285a459e.test", append="null", name="test-query-file-appender", immediateFlush="null", bufferSize="null", ignoreExceptions="null", PatternLayout(org.apache.logging.log4j.core.layout.PatternLayout with name PatternLayout), test-filter(org.apache.hadoop.hive.ql.log.LogDivertAppenderForTest$TestFilter with name test-filter), advertise="null", advertiseURI="null", Configuration(HiveLog4j2Test))
DEBUG StatusLogger Starting RandomAccessFileManager /home/alex/Repositories/hive/beeline/target/tmp/alex/operation_logs/9fc31706-9a48-400f-be61-16337863b09b/alex_20240501045744_f5f486c9-0950-4bc4-b58a-60a6285a459e.test
2024-05-01T04:57:44,414  INFO [9fc31706-9a48-400f-be61-16337863b09b main] operation.HiveCommandOperation: [opType=EXECUTE_STATEMENT, queryId=alex_20240501045744_f5f486c9-0950-4bc4-b58a-60a6285a459e, startTime=1714564664409, sessionId=9fc31706-9a48-400f-be61-16337863b09b, createTime=1714564664163, userName=null, ipAddress=null]
2024-05-01T04:57:44,424  INFO [9fc31706-9a48-400f-be61-16337863b09b main] common.LogUtils: Unregistered logging context.
2024-05-01T04:57:44,427  INFO [9fc31706-9a48-400f-be61-16337863b09b main] operation.OperationManager: Closing operation: OperationHandle [opType=EXECUTE_STATEMENT, getHandleIdentifier()=a2f05472-cae2-422b-9d22-46ac78d8e86f]
2024-05-01T04:57:44,427  INFO [9fc31706-9a48-400f-be61-16337863b09b main] operation.OperationManager: Removed queryId: alex_20240501045744_f5f486c9-0950-4bc4-b58a-60a6285a459e corresponding to operation: OperationHandle [opType=EXECUTE_STATEMENT, getHandleIdentifier()=a2f05472-cae2-422b-9d22-46ac78d8e86f] with tag: null
2024-05-01T04:57:44,428  INFO [9fc31706-9a48-400f-be61-16337863b09b main] operation.HiveCommandOperation: Closing operation log /home/alex/Repositories/hive/beeline/target/tmp/alex/operation_logs/9fc31706-9a48-400f-be61-16337863b09b/alex_20240501045744_f5f486c9-0950-4bc4-b58a-60a6285a459e without delay
2024-05-01T04:57:44,430  INFO [9fc31706-9a48-400f-be61-16337863b09b main] session.HiveSessionImpl: executing show tables
2024-05-01T04:57:44,430  INFO [9fc31706-9a48-400f-be61-16337863b09b main] operation.OperationManager: Adding operation: OperationHandle [opType=EXECUTE_STATEMENT, getHandleIdentifier()=dc993a42-037b-4b01-a76d-90e6062e3ac2] SessionHandle [9fc31706-9a48-400f-be61-16337863b09b]
2024-05-01T04:57:44,431  INFO [9fc31706-9a48-400f-be61-16337863b09b main] common.LogUtils: Thread context registration is done.
DEBUG StatusLogger Building Plugin[name=filter, class=org.apache.hadoop.hive.ql.log.LogDivertAppender$NameFilter].
DEBUG StatusLogger createFilter(loggingLevel="EXECUTION")
DEBUG StatusLogger Building Plugin[name=layout, class=org.apache.logging.log4j.core.layout.PatternLayout].
DEBUG StatusLogger PatternLayout$Builder(pattern="%-5p : %m%n", PatternSelector=null, Configuration(HiveLog4j2Test), Replace=null, charset="null", alwaysWriteExceptions="null", disableAnsi="null", noConsoleNoAnsi="null", header="null", footer="null")
DEBUG StatusLogger Building Plugin[name=appender, class=org.apache.hadoop.hive.ql.log.HushableRandomAccessFileAppender].
DEBUG StatusLogger createAppender(fileName="/home/alex/Repositories/hive/beeline/target/tmp/alex/operation_logs/9fc31706-9a48-400f-be61-16337863b09b/alex_20240501045744_429d4a12-5b8b-42dd-8d8d-3c14a1672ab9", append="null", name="query-file-appender", immediateFlush="null", bufferSize="null", ignoreExceptions="null", PatternLayout(org.apache.logging.log4j.core.layout.PatternLayout with name PatternLayout), NameFilter(org.apache.hadoop.hive.ql.log.LogDivertAppender$NameFilter with name NameFilter), advertise="null", advertiseURI="null", Configuration(HiveLog4j2Test))
DEBUG StatusLogger Starting RandomAccessFileManager /home/alex/Repositories/hive/beeline/target/tmp/alex/operation_logs/9fc31706-9a48-400f-be61-16337863b09b/alex_20240501045744_429d4a12-5b8b-42dd-8d8d-3c14a1672ab9
DEBUG StatusLogger Building Plugin[name=, class=org.apache.hadoop.hive.ql.log.LogDivertAppenderForTest$TestFilter].
DEBUG StatusLogger createFilter()
DEBUG StatusLogger Building Plugin[name=, class=org.apache.logging.log4j.core.layout.PatternLayout].
DEBUG StatusLogger PatternLayout$Builder(pattern="%-5p : %m%n", PatternSelector=null, Configuration(HiveLog4j2Test), Replace=null, charset="null", alwaysWriteExceptions="null", disableAnsi="null", noConsoleNoAnsi="null", header="null", footer="null")
DEBUG StatusLogger Building Plugin[name=appender, class=org.apache.hadoop.hive.ql.log.HushableRandomAccessFileAppender].
DEBUG StatusLogger createAppender(fileName="/home/alex/Repositories/hive/beeline/target/tmp/alex/operation_logs/9fc31706-9a48-400f-be61-16337863b09b/alex_20240501045744_429d4a12-5b8b-42dd-8d8d-3c14a1672ab9.test", append="null", name="test-query-file-appender", immediateFlush="null", bufferSize="null", ignoreExceptions="null", PatternLayout(org.apache.logging.log4j.core.layout.PatternLayout with name PatternLayout), test-filter(org.apache.hadoop.hive.ql.log.LogDivertAppenderForTest$TestFilter with name test-filter), advertise="null", advertiseURI="null", Configuration(HiveLog4j2Test))
DEBUG StatusLogger Starting RandomAccessFileManager /home/alex/Repositories/hive/beeline/target/tmp/alex/operation_logs/9fc31706-9a48-400f-be61-16337863b09b/alex_20240501045744_429d4a12-5b8b-42dd-8d8d-3c14a1672ab9.test
2024-05-01T04:57:44,434  INFO [9fc31706-9a48-400f-be61-16337863b09b main] operation.SQLOperation: [opType=EXECUTE_STATEMENT, queryId=alex_20240501045744_429d4a12-5b8b-42dd-8d8d-3c14a1672ab9, startTime=1714564664430, sessionId=9fc31706-9a48-400f-be61-16337863b09b, createTime=1714564664163, userName=null, ipAddress=null]
2024-05-01T04:57:44,436  INFO [9fc31706-9a48-400f-be61-16337863b09b main] ql.Driver: Compiling command(queryId=alex_20240501045744_429d4a12-5b8b-42dd-8d8d-3c14a1672ab9): show tables
2024-05-01T04:57:44,469  INFO [9fc31706-9a48-400f-be61-16337863b09b main] HiveMetaStore.audit: ugi=alex	ip=unknown-ip-addr	cmd=get_database: test	
2024-05-01T04:57:44,471  INFO [9fc31706-9a48-400f-be61-16337863b09b main] ql.Driver: Semantic Analysis Completed (retrial = false)
2024-05-01T04:57:44,472  INFO [9fc31706-9a48-400f-be61-16337863b09b main] ql.Driver: Created Hive schema: Schema(fieldSchemas:[FieldSchema(name:tab_name, type:string, comment:from deserializer)], properties:null)
2024-05-01T04:57:44,655  INFO [9fc31706-9a48-400f-be61-16337863b09b main] exec.ListSinkOperator: Initializing Operator: LIST_SINK[0]
2024-05-01T04:57:44,661  INFO [9fc31706-9a48-400f-be61-16337863b09b main] metadata.Hive: Dumping metastore api call timing information for : compilation phase
2024-05-01T04:57:44,661  INFO [9fc31706-9a48-400f-be61-16337863b09b main] metadata.Hive: Total time spent in each metastore function (ms): {isCompatibleWith_(Configuration)=0, getDatabase_(String)=1, flushCache_()=0}
2024-05-01T04:57:44,661  INFO [9fc31706-9a48-400f-be61-16337863b09b main] ql.Driver: Completed compiling command(queryId=alex_20240501045744_429d4a12-5b8b-42dd-8d8d-3c14a1672ab9); Time taken: 0.225 seconds
2024-05-01T04:57:44,662  INFO [9fc31706-9a48-400f-be61-16337863b09b main] common.LogUtils: Unregistered logging context.
2024-05-01T04:57:44,663  INFO [HiveServer2-Background-Pool: Thread-144] common.LogUtils: Thread context registration is done.
2024-05-01T04:57:44,663  INFO [HiveServer2-Background-Pool: Thread-144] reexec.ReExecDriver: Execution #1 of query
2024-05-01T04:57:44,663  INFO [HiveServer2-Background-Pool: Thread-144] ql.Driver: Concurrency mode is disabled, not creating a lock manager
2024-05-01T04:57:44,664  INFO [HiveServer2-Background-Pool: Thread-144] ql.Driver: Executing command(queryId=alex_20240501045744_429d4a12-5b8b-42dd-8d8d-3c14a1672ab9): show tables
2024-05-01T04:57:44,664  INFO [HiveServer2-Background-Pool: Thread-144] ql.Driver: Starting task [Stage-0:DDL] in serial mode
2024-05-01T04:57:44,665  INFO [HiveServer2-Background-Pool: Thread-144] HiveMetaStore.audit: ugi=alex	ip=unknown-ip-addr	cmd=get_database: test	
2024-05-01T04:57:44,666  INFO [HiveServer2-Background-Pool: Thread-144] metastore.HMSHandler: 6: Opening raw store with implementation class:org.apache.hadoop.hive.metastore.ObjectStore
2024-05-01T04:57:44,667  INFO [HiveServer2-Background-Pool: Thread-144] metastore.ObjectStore: RawStore: org.apache.hadoop.hive.metastore.ObjectStore@4212815f, with PersistenceManager: null will be shutdown
2024-05-01T04:57:44,667  INFO [HiveServer2-Background-Pool: Thread-144] metastore.ObjectStore: RawStore: org.apache.hadoop.hive.metastore.ObjectStore@4212815f, with PersistenceManager: org.datanucleus.api.jdo.JDOPersistenceManager@7100779 created in the thread with id: 144
2024-05-01T04:57:44,673  INFO [HiveServer2-Background-Pool: Thread-144] metastore.HMSHandler: Created RawStore: org.apache.hadoop.hive.metastore.ObjectStore@4212815f from thread id: 144
2024-05-01T04:57:44,677  INFO [HiveServer2-Background-Pool: Thread-144] HiveMetaStore.audit: ugi=alex	ip=unknown-ip-addr	cmd=get_multi_table : db=test tbls=null	
2024-05-01T04:57:44,741  INFO [HiveServer2-Background-Pool: Thread-144] sqlstd.SQLStdHiveAccessController: Created SQLStdHiveAccessController for session context : HiveAuthzSessionContext [sessionString=9fc31706-9a48-400f-be61-16337863b09b, clientType=HIVESERVER2]
2024-05-01T04:57:44,759  INFO [HiveServer2-Background-Pool: Thread-144] metadata.Hive: Dumping metastore api call timing information for : execution phase
2024-05-01T04:57:44,759  INFO [HiveServer2-Background-Pool: Thread-144] metadata.Hive: Total time spent in each metastore function (ms): {isCompatibleWith_(Configuration)=1, getDatabase_(String)=9, getTables_(String, String)=68}
2024-05-01T04:57:44,759  INFO [HiveServer2-Background-Pool: Thread-144] ql.Driver: Completed executing command(queryId=alex_20240501045744_429d4a12-5b8b-42dd-8d8d-3c14a1672ab9); Time taken: 0.095 seconds
2024-05-01T04:57:44,760  INFO [HiveServer2-Background-Pool: Thread-144] common.LogUtils: Unregistered logging context.
2024-05-01T04:57:44,762  INFO [9fc31706-9a48-400f-be61-16337863b09b main] operation.OperationManager: Closing operation: OperationHandle [opType=EXECUTE_STATEMENT, getHandleIdentifier()=dc993a42-037b-4b01-a76d-90e6062e3ac2]
2024-05-01T04:57:44,762  INFO [9fc31706-9a48-400f-be61-16337863b09b main] operation.OperationManager: Removed queryId: alex_20240501045744_429d4a12-5b8b-42dd-8d8d-3c14a1672ab9 corresponding to operation: OperationHandle [opType=EXECUTE_STATEMENT, getHandleIdentifier()=dc993a42-037b-4b01-a76d-90e6062e3ac2] with tag: null
2024-05-01T04:57:44,762  INFO [9fc31706-9a48-400f-be61-16337863b09b main] ql.Context: Deleting scratch dir: file:/home/alex/Repositories/hive/beeline/target/tmp/alex/9fc31706-9a48-400f-be61-16337863b09b/hive_2024-05-01_04-57-44_436_5719179479123054586-1
2024-05-01T04:57:44,763  INFO [9fc31706-9a48-400f-be61-16337863b09b main] cleanup.EventualCleanupService: Delete file:/home/alex/Repositories/hive/beeline/target/tmp/alex/9fc31706-9a48-400f-be61-16337863b09b/hive_2024-05-01_04-57-44_436_5719179479123054586-1 operation was queued
2024-05-01T04:57:44,763  INFO [9fc31706-9a48-400f-be61-16337863b09b main] exec.ListSinkOperator: Closing Operator: LIST_SINK[0]
2024-05-01T04:57:44,763  INFO [EventualCleanupService thread 0] cleanup.EventualCleanupService: Deleted file:/home/alex/Repositories/hive/beeline/target/tmp/alex/9fc31706-9a48-400f-be61-16337863b09b/hive_2024-05-01_04-57-44_436_5719179479123054586-1
2024-05-01T04:57:44,764  INFO [9fc31706-9a48-400f-be61-16337863b09b main] exec.ListSinkOperator: RECORDS_OUT_INTERMEDIATE:0, RECORDS_OUT_OPERATOR_LIST_SINK_0:0, 
2024-05-01T04:57:44,764  INFO [9fc31706-9a48-400f-be61-16337863b09b main] operation.SQLOperation: Closing operation log /home/alex/Repositories/hive/beeline/target/tmp/alex/operation_logs/9fc31706-9a48-400f-be61-16337863b09b/alex_20240501045744_429d4a12-5b8b-42dd-8d8d-3c14a1672ab9 without delay
2024-05-01T04:57:44,769  INFO [main] service.CompositeService: Session closed, SessionHandle [9fc31706-9a48-400f-be61-16337863b09b], current sessions:0
2024-05-01T04:57:44,769  INFO [9fc31706-9a48-400f-be61-16337863b09b main] session.HiveSessionImpl: Operation log session directory is deleted: /home/alex/Repositories/hive/beeline/target/tmp/alex/operation_logs/9fc31706-9a48-400f-be61-16337863b09b
2024-05-01T04:57:44,770  INFO [main] cleanup.EventualCleanupService: Delete /tmp/hive/alex/9fc31706-9a48-400f-be61-16337863b09b operation was queued
2024-05-01T04:57:44,770  INFO [main] cleanup.EventualCleanupService: Delete /home/alex/Repositories/hive/beeline/target/tmp/alex/9fc31706-9a48-400f-be61-16337863b09b operation was queued
2024-05-01T04:57:44,770  INFO [EventualCleanupService thread 1] cleanup.EventualCleanupService: Deleted /tmp/hive/alex/9fc31706-9a48-400f-be61-16337863b09b
2024-05-01T04:57:44,770  INFO [EventualCleanupService thread 2] cleanup.EventualCleanupService: Deleted /home/alex/Repositories/hive/beeline/target/tmp/alex/9fc31706-9a48-400f-be61-16337863b09b
2024-05-01T04:57:44,771  INFO [main] HiveMetaStore.audit: ugi=alex	ip=unknown-ip-addr	cmd=Cleaning up thread local RawStore...	
2024-05-01T04:57:44,771  INFO [main] metastore.ObjectStore: RawStore: org.apache.hadoop.hive.metastore.ObjectStore@704d3b00, with PersistenceManager: org.datanucleus.api.jdo.JDOPersistenceManager@21e484b will be shutdown
2024-05-01T04:57:44,772  INFO [main] HiveMetaStore.audit: ugi=alex	ip=unknown-ip-addr	cmd=Done cleaning up thread local RawStore	
2024-05-01T04:57:44,772  INFO [main] metastore.HiveMetaStoreClient: Closed a connection to metastore, current connections: -6
2024-05-01T04:57:44,772 ERROR [main] cli.TestHiveCli: Failed due to the error:Connecting to jdbc:hive2://
Hive Session ID = 84101779-9eb0-4a22-b5de-82d57c86459b
ivysettings.xml file not found in HIVE_HOME or HIVE_CONF_DIR,/home/alex/Repositories/hive/conf/ivysettings.xml will be used
ivysettings.xml file not found in HIVE_HOME or HIVE_CONF_DIR,/home/alex/Repositories/hive/conf/ivysettings.xml will be used
Connected to: Apache Hive (version 4.0.0-SNAPSHOT)
Error: Couldn't load manifest attributes. (state=,code=0)
Transaction isolation: TRANSACTION_REPEATABLE_READ
INFO  : Compiling command(queryId=alex_20240501045744_62af5fae-4621-4620-90ad-c866559aa5a3): use test
INFO  : Semantic Analysis Completed (retrial = false)
INFO  : Created Hive schema: Schema(fieldSchemas:null, properties:null)
INFO  : Completed compiling command(queryId=alex_20240501045744_62af5fae-4621-4620-90ad-c866559aa5a3); Time taken: 0.016 seconds
INFO  : Concurrency mode is disabled, not creating a lock manager
INFO  : Executing command(queryId=alex_20240501045744_62af5fae-4621-4620-90ad-c866559aa5a3): use test
INFO  : Starting task [Stage-0:DDL] in serial mode
DEBUG : Task getting executed using mapred tag : alex_20240501045744_62af5fae-4621-4620-90ad-c866559aa5a3,userid=null
INFO  : Completed executing command(queryId=alex_20240501045744_62af5fae-4621-4620-90ad-c866559aa5a3); Time taken: 0.015 seconds
DEBUG : Shutting down query use test
Error: Failed to wait for operation to complete (state=08S01,code=0)
Beeline version ??? by Apache Hive
hive> source /home/alex/Repositories/hive/beeline/target/tmp/test5921001963989438883.sql;desc testSrcTbl4;
INFO  : Compiling command(queryId=alex_20240501045744_429d4a12-5b8b-42dd-8d8d-3c14a1672ab9): show tables
INFO  : Semantic Analysis Completed (retrial = false)
INFO  : Created Hive schema: Schema(fieldSchemas:[FieldSchema(name:tab_name, type:string, comment:from deserializer)], properties:null)
INFO  : Completed compiling command(queryId=alex_20240501045744_429d4a12-5b8b-42dd-8d8d-3c14a1672ab9); Time taken: 0.225 seconds
INFO  : Concurrency mode is disabled, not creating a lock manager
INFO  : Executing command(queryId=alex_20240501045744_429d4a12-5b8b-42dd-8d8d-3c14a1672ab9): show tables
INFO  : Starting task [Stage-0:DDL] in serial mode
DEBUG : Task getting executed using mapred tag : alex_20240501045744_429d4a12-5b8b-42dd-8d8d-3c14a1672ab9,userid=null
INFO  : Completed executing command(queryId=alex_20240501045744_429d4a12-5b8b-42dd-8d8d-3c14a1672ab9); Time taken: 0.095 seconds
DEBUG : Shutting down query show tables
Error: Failed to wait for operation to complete (state=08S01,code=0)
hive> quit;
Closing: 0: jdbc:hive2://

]]></system-err>
  </testcase>
  <testcase name="testSourceCmd4" classname="org.apache.hive.beeline.cli.TestHiveCli" time="0.344">
    <failure type="java.lang.AssertionError"><![CDATA[java.lang.AssertionError: Supported return code is 0 while the actual is 2
	at org.junit.Assert.fail(Assert.java:89)
	at org.apache.hive.beeline.cli.TestHiveCli.executeCMD(TestHiveCli.java:256)
	at org.apache.hive.beeline.cli.TestHiveCli.verifyCMD(TestHiveCli.java:266)
	at org.apache.hive.beeline.cli.TestHiveCli.testSourceCmd4(TestHiveCli.java:138)
	at sun.reflect.NativeMethodAccessorImpl.invoke0(Native Method)
	at sun.reflect.NativeMethodAccessorImpl.invoke(NativeMethodAccessorImpl.java:62)
	at sun.reflect.DelegatingMethodAccessorImpl.invoke(DelegatingMethodAccessorImpl.java:43)
	at java.lang.reflect.Method.invoke(Method.java:498)
	at org.junit.runners.model.FrameworkMethod$1.runReflectiveCall(FrameworkMethod.java:59)
	at org.junit.internal.runners.model.ReflectiveCallable.run(ReflectiveCallable.java:12)
	at org.junit.runners.model.FrameworkMethod.invokeExplosively(FrameworkMethod.java:56)
	at org.junit.internal.runners.statements.InvokeMethod.evaluate(InvokeMethod.java:17)
	at org.junit.internal.runners.statements.RunBefores.evaluate(RunBefores.java:26)
	at org.junit.internal.runners.statements.RunAfters.evaluate(RunAfters.java:27)
	at org.junit.runners.ParentRunner$3.evaluate(ParentRunner.java:306)
	at org.junit.runners.BlockJUnit4ClassRunner$1.evaluate(BlockJUnit4ClassRunner.java:100)
	at org.junit.runners.ParentRunner.runLeaf(ParentRunner.java:366)
	at org.junit.runners.BlockJUnit4ClassRunner.runChild(BlockJUnit4ClassRunner.java:103)
	at org.junit.runners.BlockJUnit4ClassRunner.runChild(BlockJUnit4ClassRunner.java:63)
	at org.junit.runners.ParentRunner$4.run(ParentRunner.java:331)
	at org.junit.runners.ParentRunner$1.schedule(ParentRunner.java:79)
	at org.junit.runners.ParentRunner.runChildren(ParentRunner.java:329)
	at org.junit.runners.ParentRunner.access$100(ParentRunner.java:66)
	at org.junit.runners.ParentRunner$2.evaluate(ParentRunner.java:293)
	at org.junit.internal.runners.statements.RunBefores.evaluate(RunBefores.java:26)
	at org.junit.runners.ParentRunner$3.evaluate(ParentRunner.java:306)
	at org.junit.runners.ParentRunner.run(ParentRunner.java:413)
	at org.junit.runner.JUnitCore.run(JUnitCore.java:137)
	at org.junit.runner.JUnitCore.run(JUnitCore.java:115)
	at org.junit.vintage.engine.execution.RunnerExecutor.execute(RunnerExecutor.java:43)
	at java.util.stream.ForEachOps$ForEachOp$OfRef.accept(ForEachOps.java:183)
	at java.util.stream.ReferencePipeline$3$1.accept(ReferencePipeline.java:193)
	at java.util.Iterator.forEachRemaining(Iterator.java:116)
	at java.util.Spliterators$IteratorSpliterator.forEachRemaining(Spliterators.java:1801)
	at java.util.stream.AbstractPipeline.copyInto(AbstractPipeline.java:482)
	at java.util.stream.AbstractPipeline.wrapAndCopyInto(AbstractPipeline.java:472)
	at java.util.stream.ForEachOps$ForEachOp.evaluateSequential(ForEachOps.java:150)
	at java.util.stream.ForEachOps$ForEachOp$OfRef.evaluateSequential(ForEachOps.java:173)
	at java.util.stream.AbstractPipeline.evaluate(AbstractPipeline.java:234)
	at java.util.stream.ReferencePipeline.forEach(ReferencePipeline.java:485)
	at org.junit.vintage.engine.VintageTestEngine.executeAllChildren(VintageTestEngine.java:82)
	at org.junit.vintage.engine.VintageTestEngine.execute(VintageTestEngine.java:73)
	at org.junit.platform.launcher.core.DefaultLauncher.execute(DefaultLauncher.java:248)
	at org.junit.platform.launcher.core.DefaultLauncher.lambda$execute$5(DefaultLauncher.java:211)
	at org.junit.platform.launcher.core.DefaultLauncher.withInterceptedStreams(DefaultLauncher.java:226)
	at org.junit.platform.launcher.core.DefaultLauncher.execute(DefaultLauncher.java:199)
	at org.junit.platform.launcher.core.DefaultLauncher.execute(DefaultLauncher.java:132)
	at org.apache.maven.surefire.junitplatform.JUnitPlatformProvider.invokeAllTests(JUnitPlatformProvider.java:154)
	at org.apache.maven.surefire.junitplatform.JUnitPlatformProvider.invoke(JUnitPlatformProvider.java:123)
	at org.apache.maven.surefire.booter.ForkedBooter.runSuitesInProcess(ForkedBooter.java:377)
	at org.apache.maven.surefire.booter.ForkedBooter.execute(ForkedBooter.java:138)
	at org.apache.maven.surefire.booter.ForkedBooter.run(ForkedBooter.java:465)
	at org.apache.maven.surefire.booter.ForkedBooter.main(ForkedBooter.java:451)
]]></failure>
    <system-err><![CDATA[2024-05-01T04:57:44,773 ERROR [main] cli.TestHiveCli: Failed to execute command due to the error: java.lang.NullPointerException: Null output stream
2024-05-01T04:57:44,829  WARN [main] conf.HiveConf: HiveConf of name hive.dummyparam.test.server.specific.config.override does not exist
2024-05-01T04:57:44,829  WARN [main] conf.HiveConf: HiveConf of name hive.dummyparam.test.server.specific.config.hiveserver2site does not exist
2024-05-01T04:57:44,829  WARN [main] conf.HiveConf: HiveConf of name hive.dummyparam.test.server.specific.config.metastoresite does not exist
2024-05-01T04:57:44,830  INFO [main] SessionState: Hive Session ID = 924bf272-5865-4d1e-8af5-dba788210a74
2024-05-01T04:57:44,830  INFO [main] DependencyResolver: ivysettings.xml file not found in HIVE_HOME or HIVE_CONF_DIR,/home/alex/Repositories/hive/conf/ivysettings.xml will be used
2024-05-01T04:57:44,839  INFO [main] session.SessionState: Created HDFS directory: /tmp/hive/alex/924bf272-5865-4d1e-8af5-dba788210a74
2024-05-01T04:57:44,842  INFO [main] session.SessionState: Created local directory: /home/alex/Repositories/hive/beeline/target/tmp/alex/924bf272-5865-4d1e-8af5-dba788210a74
2024-05-01T04:57:44,846  INFO [main] session.SessionState: Created HDFS directory: /tmp/hive/alex/924bf272-5865-4d1e-8af5-dba788210a74/_tmp_space.db
2024-05-01T04:57:44,846  INFO [main] sqlstd.SQLStdHiveAccessController: Created SQLStdHiveAccessController for session context : HiveAuthzSessionContext [sessionString=924bf272-5865-4d1e-8af5-dba788210a74, clientType=HIVESERVER2]
2024-05-01T04:57:44,847  INFO [main] metastore.HiveMetaStoreClient: HMS client filtering is enabled.
2024-05-01T04:57:44,847  INFO [main] metastore.HMSHandler: 0: Opening raw store with implementation class:org.apache.hadoop.hive.metastore.ObjectStore
2024-05-01T04:57:44,848  INFO [main] metastore.PersistenceManagerProvider: Configuration datanucleus.autoStartMechanismMode is not set. Defaulting to 'ignored'
2024-05-01T04:57:44,848  INFO [main] metastore.ObjectStore: RawStore: org.apache.hadoop.hive.metastore.ObjectStore@4ccdacf5, with PersistenceManager: null will be shutdown
2024-05-01T04:57:44,848  INFO [main] metastore.ObjectStore: RawStore: org.apache.hadoop.hive.metastore.ObjectStore@4ccdacf5, with PersistenceManager: org.datanucleus.api.jdo.JDOPersistenceManager@5aa6da2 created in the thread with id: 1
2024-05-01T04:57:44,853  INFO [main] metastore.HMSHandler: Created RawStore: org.apache.hadoop.hive.metastore.ObjectStore@4ccdacf5 from thread id: 1
2024-05-01T04:57:44,853  INFO [main] metastore.HMSHandler: HMS server filtering is disabled by configuration
2024-05-01T04:57:44,853  INFO [main] metastore.RetryingMetaStoreClient: RetryingMetaStoreClient proxy=class org.apache.hadoop.hive.ql.metadata.SessionHiveMetaStoreClient ugi=alex (auth:SIMPLE) retries=1 delay=1 lifetime=0
2024-05-01T04:57:44,853  INFO [main] service.CompositeService: Operation log root directory is created: /home/alex/Repositories/hive/beeline/target/tmp/alex/operation_logs
2024-05-01T04:57:44,854  INFO [main] service.CompositeService: HiveServer2: Background operation thread pool size: 100
2024-05-01T04:57:44,854  INFO [main] service.CompositeService: HiveServer2: Background operation thread wait queue size: 100
2024-05-01T04:57:44,854  INFO [main] service.CompositeService: HiveServer2: Background operation thread keepalive time: 10 seconds
2024-05-01T04:57:44,854  INFO [main] service.CompositeService: Connections limit are user: 0 ipaddress: 0 user-ipaddress: 0
2024-05-01T04:57:44,855  INFO [main] cleanup.EventualCleanupService: EventualCleanupService started with 10 threads and queue of size 10000
ERROR StatusLogger Log4j2 ConfigurationScheduler attempted to increment scheduled items after start
ERROR StatusLogger Log4j2 ConfigurationScheduler attempted to increment scheduled items after start
2024-05-01T04:57:44,857  INFO [main] service.AbstractService: Service:OperationManager is inited.
2024-05-01T04:57:44,857  INFO [main] service.AbstractService: Service:SessionManager is inited.
2024-05-01T04:57:44,857  INFO [main] service.AbstractService: Service:CLIService is inited.
2024-05-01T04:57:44,857  INFO [main] service.AbstractService: Service:OperationManager is started.
2024-05-01T04:57:44,857  INFO [main] service.AbstractService: Service:SessionManager is started.
2024-05-01T04:57:44,857  INFO [main] service.AbstractService: Service:CLIService is started.
2024-05-01T04:57:44,858  INFO [main] service.AbstractService: Service:ThriftBinaryCLIService is inited.
2024-05-01T04:57:44,858  INFO [main] thrift.ThriftCLIService: Client protocol version: HIVE_CLI_SERVICE_PROTOCOL_V10
2024-05-01T04:57:44,858  INFO [main] thrift.ThriftCLIService: Creating Hive session handle for user [null] from IP null
2024-05-01T04:57:44,859  INFO [main] DependencyResolver: ivysettings.xml file not found in HIVE_HOME or HIVE_CONF_DIR,/home/alex/Repositories/hive/conf/ivysettings.xml will be used
2024-05-01T04:57:44,868  INFO [main] session.SessionState: Created HDFS directory: /tmp/hive/alex/6ebc0c3e-ca22-49b7-9b07-41911650f49b
2024-05-01T04:57:44,872  INFO [main] session.SessionState: Created local directory: /home/alex/Repositories/hive/beeline/target/tmp/alex/6ebc0c3e-ca22-49b7-9b07-41911650f49b
2024-05-01T04:57:44,875  INFO [main] session.SessionState: Created HDFS directory: /tmp/hive/alex/6ebc0c3e-ca22-49b7-9b07-41911650f49b/_tmp_space.db
2024-05-01T04:57:44,875  INFO [main] session.SessionState: Reloading auxiliary JAR files
2024-05-01T04:57:44,876  WARN [main] session.SessionState: Configuration hive.reloadable.aux.jars.path not specified
2024-05-01T04:57:44,876  INFO [main] HiveMetaStore.audit: ugi=alex	ip=unknown-ip-addr	cmd=Cleaning up thread local RawStore...	
2024-05-01T04:57:44,876  INFO [main] metastore.ObjectStore: RawStore: org.apache.hadoop.hive.metastore.ObjectStore@4ccdacf5, with PersistenceManager: org.datanucleus.api.jdo.JDOPersistenceManager@5aa6da2 will be shutdown
2024-05-01T04:57:44,876  INFO [main] HiveMetaStore.audit: ugi=alex	ip=unknown-ip-addr	cmd=Done cleaning up thread local RawStore	
2024-05-01T04:57:44,876  INFO [main] metastore.HiveMetaStoreClient: Closed a connection to metastore, current connections: -7
2024-05-01T04:57:44,876  INFO [main] session.HiveSessionImpl: Operation log session directory is created: /home/alex/Repositories/hive/beeline/target/tmp/alex/operation_logs/6ebc0c3e-ca22-49b7-9b07-41911650f49b
2024-05-01T04:57:44,876  INFO [main] service.CompositeService: Session opened, SessionHandle [6ebc0c3e-ca22-49b7-9b07-41911650f49b], current sessions:1
2024-05-01T04:57:44,876  INFO [main] thrift.ThriftCLIService: Login attempt is successful for user : null
2024-05-01T04:57:44,927  WARN [main] conf.HiveConf: HiveConf of name hive.dummyparam.test.server.specific.config.override does not exist
2024-05-01T04:57:44,927  WARN [main] conf.HiveConf: HiveConf of name hive.dummyparam.test.server.specific.config.hiveserver2site does not exist
2024-05-01T04:57:44,928  WARN [main] conf.HiveConf: HiveConf of name hive.dummyparam.test.server.specific.config.metastoresite does not exist
2024-05-01T04:57:44,928  INFO [6ebc0c3e-ca22-49b7-9b07-41911650f49b main] session.HiveSessionImpl: executing set
2024-05-01T04:57:44,929  INFO [6ebc0c3e-ca22-49b7-9b07-41911650f49b main] operation.HiveCommandOperation: Putting temp output to file /home/alex/Repositories/hive/beeline/target/tmp/alex/6ebc0c3e-ca22-49b7-9b07-41911650f49b8481454148176254216.pipeout and error output to file /home/alex/Repositories/hive/beeline/target/tmp/alex/6ebc0c3e-ca22-49b7-9b07-41911650f49b6959912797666682946.pipeout
2024-05-01T04:57:44,929  INFO [6ebc0c3e-ca22-49b7-9b07-41911650f49b main] operation.OperationManager: Adding operation: OperationHandle [opType=EXECUTE_STATEMENT, getHandleIdentifier()=084ce798-0a1d-4ff1-b9f0-5b3be65774ce] SessionHandle [6ebc0c3e-ca22-49b7-9b07-41911650f49b]
2024-05-01T04:57:44,929  INFO [6ebc0c3e-ca22-49b7-9b07-41911650f49b main] common.LogUtils: Thread context registration is done.
DEBUG StatusLogger Building Plugin[name=filter, class=org.apache.hadoop.hive.ql.log.LogDivertAppender$NameFilter].
DEBUG StatusLogger createFilter(loggingLevel="EXECUTION")
DEBUG StatusLogger Building Plugin[name=layout, class=org.apache.logging.log4j.core.layout.PatternLayout].
DEBUG StatusLogger PatternLayout$Builder(pattern="%-5p : %m%n", PatternSelector=null, Configuration(HiveLog4j2Test), Replace=null, charset="null", alwaysWriteExceptions="null", disableAnsi="null", noConsoleNoAnsi="null", header="null", footer="null")
DEBUG StatusLogger Building Plugin[name=appender, class=org.apache.hadoop.hive.ql.log.HushableRandomAccessFileAppender].
DEBUG StatusLogger createAppender(fileName="/home/alex/Repositories/hive/beeline/target/tmp/alex/operation_logs/6ebc0c3e-ca22-49b7-9b07-41911650f49b/alex_20240501045744_02a722a8-4fee-4e82-b1fa-1f9582184f70", append="null", name="query-file-appender", immediateFlush="null", bufferSize="null", ignoreExceptions="null", PatternLayout(org.apache.logging.log4j.core.layout.PatternLayout with name PatternLayout), NameFilter(org.apache.hadoop.hive.ql.log.LogDivertAppender$NameFilter with name NameFilter), advertise="null", advertiseURI="null", Configuration(HiveLog4j2Test))
DEBUG StatusLogger Starting RandomAccessFileManager /home/alex/Repositories/hive/beeline/target/tmp/alex/operation_logs/6ebc0c3e-ca22-49b7-9b07-41911650f49b/alex_20240501045744_02a722a8-4fee-4e82-b1fa-1f9582184f70
DEBUG StatusLogger Building Plugin[name=, class=org.apache.hadoop.hive.ql.log.LogDivertAppenderForTest$TestFilter].
DEBUG StatusLogger createFilter()
DEBUG StatusLogger Building Plugin[name=, class=org.apache.logging.log4j.core.layout.PatternLayout].
DEBUG StatusLogger PatternLayout$Builder(pattern="%-5p : %m%n", PatternSelector=null, Configuration(HiveLog4j2Test), Replace=null, charset="null", alwaysWriteExceptions="null", disableAnsi="null", noConsoleNoAnsi="null", header="null", footer="null")
DEBUG StatusLogger Building Plugin[name=appender, class=org.apache.hadoop.hive.ql.log.HushableRandomAccessFileAppender].
DEBUG StatusLogger createAppender(fileName="/home/alex/Repositories/hive/beeline/target/tmp/alex/operation_logs/6ebc0c3e-ca22-49b7-9b07-41911650f49b/alex_20240501045744_02a722a8-4fee-4e82-b1fa-1f9582184f70.test", append="null", name="test-query-file-appender", immediateFlush="null", bufferSize="null", ignoreExceptions="null", PatternLayout(org.apache.logging.log4j.core.layout.PatternLayout with name PatternLayout), test-filter(org.apache.hadoop.hive.ql.log.LogDivertAppenderForTest$TestFilter with name test-filter), advertise="null", advertiseURI="null", Configuration(HiveLog4j2Test))
DEBUG StatusLogger Starting RandomAccessFileManager /home/alex/Repositories/hive/beeline/target/tmp/alex/operation_logs/6ebc0c3e-ca22-49b7-9b07-41911650f49b/alex_20240501045744_02a722a8-4fee-4e82-b1fa-1f9582184f70.test
2024-05-01T04:57:44,933  INFO [6ebc0c3e-ca22-49b7-9b07-41911650f49b main] operation.HiveCommandOperation: [opType=EXECUTE_STATEMENT, queryId=alex_20240501045744_02a722a8-4fee-4e82-b1fa-1f9582184f70, startTime=1714564664928, sessionId=6ebc0c3e-ca22-49b7-9b07-41911650f49b, createTime=1714564664858, userName=null, ipAddress=null]
2024-05-01T04:57:44,942  INFO [6ebc0c3e-ca22-49b7-9b07-41911650f49b main] common.LogUtils: Unregistered logging context.
2024-05-01T04:57:44,945  INFO [6ebc0c3e-ca22-49b7-9b07-41911650f49b main] operation.OperationManager: Closing operation: OperationHandle [opType=EXECUTE_STATEMENT, getHandleIdentifier()=084ce798-0a1d-4ff1-b9f0-5b3be65774ce]
2024-05-01T04:57:44,945  INFO [6ebc0c3e-ca22-49b7-9b07-41911650f49b main] operation.OperationManager: Removed queryId: alex_20240501045744_02a722a8-4fee-4e82-b1fa-1f9582184f70 corresponding to operation: OperationHandle [opType=EXECUTE_STATEMENT, getHandleIdentifier()=084ce798-0a1d-4ff1-b9f0-5b3be65774ce] with tag: null
2024-05-01T04:57:44,946  INFO [6ebc0c3e-ca22-49b7-9b07-41911650f49b main] operation.HiveCommandOperation: Closing operation log /home/alex/Repositories/hive/beeline/target/tmp/alex/operation_logs/6ebc0c3e-ca22-49b7-9b07-41911650f49b/alex_20240501045744_02a722a8-4fee-4e82-b1fa-1f9582184f70 without delay
2024-05-01T04:57:44,949  INFO [6ebc0c3e-ca22-49b7-9b07-41911650f49b main] session.HiveSessionImpl: executing use test
2024-05-01T04:57:44,949  INFO [6ebc0c3e-ca22-49b7-9b07-41911650f49b main] operation.OperationManager: Adding operation: OperationHandle [opType=EXECUTE_STATEMENT, getHandleIdentifier()=d5752a1b-d25c-49be-8de3-263173a55d7a] SessionHandle [6ebc0c3e-ca22-49b7-9b07-41911650f49b]
2024-05-01T04:57:44,949  INFO [6ebc0c3e-ca22-49b7-9b07-41911650f49b main] common.LogUtils: Thread context registration is done.
DEBUG StatusLogger Building Plugin[name=filter, class=org.apache.hadoop.hive.ql.log.LogDivertAppender$NameFilter].
DEBUG StatusLogger createFilter(loggingLevel="EXECUTION")
DEBUG StatusLogger Building Plugin[name=layout, class=org.apache.logging.log4j.core.layout.PatternLayout].
DEBUG StatusLogger PatternLayout$Builder(pattern="%-5p : %m%n", PatternSelector=null, Configuration(HiveLog4j2Test), Replace=null, charset="null", alwaysWriteExceptions="null", disableAnsi="null", noConsoleNoAnsi="null", header="null", footer="null")
DEBUG StatusLogger Building Plugin[name=appender, class=org.apache.hadoop.hive.ql.log.HushableRandomAccessFileAppender].
DEBUG StatusLogger createAppender(fileName="/home/alex/Repositories/hive/beeline/target/tmp/alex/operation_logs/6ebc0c3e-ca22-49b7-9b07-41911650f49b/alex_20240501045744_1bbb6b51-ff20-4693-b75d-34eb248ebe48", append="null", name="query-file-appender", immediateFlush="null", bufferSize="null", ignoreExceptions="null", PatternLayout(org.apache.logging.log4j.core.layout.PatternLayout with name PatternLayout), NameFilter(org.apache.hadoop.hive.ql.log.LogDivertAppender$NameFilter with name NameFilter), advertise="null", advertiseURI="null", Configuration(HiveLog4j2Test))
DEBUG StatusLogger Starting RandomAccessFileManager /home/alex/Repositories/hive/beeline/target/tmp/alex/operation_logs/6ebc0c3e-ca22-49b7-9b07-41911650f49b/alex_20240501045744_1bbb6b51-ff20-4693-b75d-34eb248ebe48
DEBUG StatusLogger Building Plugin[name=, class=org.apache.hadoop.hive.ql.log.LogDivertAppenderForTest$TestFilter].
DEBUG StatusLogger createFilter()
DEBUG StatusLogger Building Plugin[name=, class=org.apache.logging.log4j.core.layout.PatternLayout].
DEBUG StatusLogger PatternLayout$Builder(pattern="%-5p : %m%n", PatternSelector=null, Configuration(HiveLog4j2Test), Replace=null, charset="null", alwaysWriteExceptions="null", disableAnsi="null", noConsoleNoAnsi="null", header="null", footer="null")
DEBUG StatusLogger Building Plugin[name=appender, class=org.apache.hadoop.hive.ql.log.HushableRandomAccessFileAppender].
DEBUG StatusLogger createAppender(fileName="/home/alex/Repositories/hive/beeline/target/tmp/alex/operation_logs/6ebc0c3e-ca22-49b7-9b07-41911650f49b/alex_20240501045744_1bbb6b51-ff20-4693-b75d-34eb248ebe48.test", append="null", name="test-query-file-appender", immediateFlush="null", bufferSize="null", ignoreExceptions="null", PatternLayout(org.apache.logging.log4j.core.layout.PatternLayout with name PatternLayout), test-filter(org.apache.hadoop.hive.ql.log.LogDivertAppenderForTest$TestFilter with name test-filter), advertise="null", advertiseURI="null", Configuration(HiveLog4j2Test))
DEBUG StatusLogger Starting RandomAccessFileManager /home/alex/Repositories/hive/beeline/target/tmp/alex/operation_logs/6ebc0c3e-ca22-49b7-9b07-41911650f49b/alex_20240501045744_1bbb6b51-ff20-4693-b75d-34eb248ebe48.test
2024-05-01T04:57:44,953  INFO [6ebc0c3e-ca22-49b7-9b07-41911650f49b main] operation.SQLOperation: [opType=EXECUTE_STATEMENT, queryId=alex_20240501045744_1bbb6b51-ff20-4693-b75d-34eb248ebe48, startTime=1714564664949, sessionId=6ebc0c3e-ca22-49b7-9b07-41911650f49b, createTime=1714564664858, userName=null, ipAddress=null]
2024-05-01T04:57:44,954  INFO [6ebc0c3e-ca22-49b7-9b07-41911650f49b main] ql.Driver: Compiling command(queryId=alex_20240501045744_1bbb6b51-ff20-4693-b75d-34eb248ebe48): use test
2024-05-01T04:57:44,956  INFO [6ebc0c3e-ca22-49b7-9b07-41911650f49b main] metastore.HiveMetaStoreClient: HMS client filtering is enabled.
2024-05-01T04:57:44,957  INFO [6ebc0c3e-ca22-49b7-9b07-41911650f49b main] metastore.HMSHandler: 0: Opening raw store with implementation class:org.apache.hadoop.hive.metastore.ObjectStore
2024-05-01T04:57:44,957  INFO [6ebc0c3e-ca22-49b7-9b07-41911650f49b main] metastore.PersistenceManagerProvider: Configuration datanucleus.autoStartMechanismMode is not set. Defaulting to 'ignored'
2024-05-01T04:57:44,958  INFO [6ebc0c3e-ca22-49b7-9b07-41911650f49b main] metastore.ObjectStore: RawStore: org.apache.hadoop.hive.metastore.ObjectStore@6ce2e079, with PersistenceManager: null will be shutdown
2024-05-01T04:57:44,958  INFO [6ebc0c3e-ca22-49b7-9b07-41911650f49b main] metastore.ObjectStore: RawStore: org.apache.hadoop.hive.metastore.ObjectStore@6ce2e079, with PersistenceManager: org.datanucleus.api.jdo.JDOPersistenceManager@3e39e0fb created in the thread with id: 1
2024-05-01T04:57:44,963  INFO [6ebc0c3e-ca22-49b7-9b07-41911650f49b main] metastore.HMSHandler: Created RawStore: org.apache.hadoop.hive.metastore.ObjectStore@6ce2e079 from thread id: 1
2024-05-01T04:57:44,963  INFO [6ebc0c3e-ca22-49b7-9b07-41911650f49b main] metastore.HMSHandler: HMS server filtering is disabled by configuration
2024-05-01T04:57:44,963  INFO [6ebc0c3e-ca22-49b7-9b07-41911650f49b main] metastore.RetryingMetaStoreClient: RetryingMetaStoreClient proxy=class org.apache.hadoop.hive.ql.metadata.SessionHiveMetaStoreClient ugi=alex (auth:SIMPLE) retries=1 delay=1 lifetime=0
2024-05-01T04:57:44,964  INFO [6ebc0c3e-ca22-49b7-9b07-41911650f49b main] HiveMetaStore.audit: ugi=alex	ip=unknown-ip-addr	cmd=get_database: test	
2024-05-01T04:57:44,966  INFO [6ebc0c3e-ca22-49b7-9b07-41911650f49b main] ql.Driver: Semantic Analysis Completed (retrial = false)
2024-05-01T04:57:44,966  INFO [6ebc0c3e-ca22-49b7-9b07-41911650f49b main] ql.Driver: Created Hive schema: Schema(fieldSchemas:null, properties:null)
2024-05-01T04:57:44,966  INFO [6ebc0c3e-ca22-49b7-9b07-41911650f49b main] metadata.Hive: Dumping metastore api call timing information for : compilation phase
2024-05-01T04:57:44,966  INFO [6ebc0c3e-ca22-49b7-9b07-41911650f49b main] metadata.Hive: Total time spent in each metastore function (ms): {isCompatibleWith_(Configuration)=1, getDatabase_(String)=2, flushCache_()=0}
2024-05-01T04:57:44,966  INFO [6ebc0c3e-ca22-49b7-9b07-41911650f49b main] ql.Driver: Completed compiling command(queryId=alex_20240501045744_1bbb6b51-ff20-4693-b75d-34eb248ebe48); Time taken: 0.012 seconds
2024-05-01T04:57:44,967  INFO [6ebc0c3e-ca22-49b7-9b07-41911650f49b main] common.LogUtils: Unregistered logging context.
2024-05-01T04:57:44,968  INFO [HiveServer2-Background-Pool: Thread-169] common.LogUtils: Thread context registration is done.
2024-05-01T04:57:44,968  INFO [HiveServer2-Background-Pool: Thread-169] reexec.ReExecDriver: Execution #1 of query
2024-05-01T04:57:44,968  INFO [HiveServer2-Background-Pool: Thread-169] ql.Driver: Concurrency mode is disabled, not creating a lock manager
2024-05-01T04:57:44,968  INFO [HiveServer2-Background-Pool: Thread-169] ql.Driver: Executing command(queryId=alex_20240501045744_1bbb6b51-ff20-4693-b75d-34eb248ebe48): use test
2024-05-01T04:57:44,969  INFO [HiveServer2-Background-Pool: Thread-169] ql.Driver: Starting task [Stage-0:DDL] in serial mode
2024-05-01T04:57:44,970  INFO [HiveServer2-Background-Pool: Thread-169] HiveMetaStore.audit: ugi=alex	ip=unknown-ip-addr	cmd=get_database: test	
2024-05-01T04:57:44,971  INFO [HiveServer2-Background-Pool: Thread-169] metastore.HMSHandler: 7: Opening raw store with implementation class:org.apache.hadoop.hive.metastore.ObjectStore
2024-05-01T04:57:44,972  INFO [HiveServer2-Background-Pool: Thread-169] metastore.ObjectStore: RawStore: org.apache.hadoop.hive.metastore.ObjectStore@bf3a9df, with PersistenceManager: null will be shutdown
2024-05-01T04:57:44,972  INFO [HiveServer2-Background-Pool: Thread-169] metastore.ObjectStore: RawStore: org.apache.hadoop.hive.metastore.ObjectStore@bf3a9df, with PersistenceManager: org.datanucleus.api.jdo.JDOPersistenceManager@4ef126c5 created in the thread with id: 169
2024-05-01T04:57:44,978  INFO [HiveServer2-Background-Pool: Thread-169] metastore.HMSHandler: Created RawStore: org.apache.hadoop.hive.metastore.ObjectStore@bf3a9df from thread id: 169
2024-05-01T04:57:44,980  INFO [HiveServer2-Background-Pool: Thread-169] HiveMetaStore.audit: ugi=alex	ip=unknown-ip-addr	cmd=get_database: test	
2024-05-01T04:57:44,982  INFO [HiveServer2-Background-Pool: Thread-169] metadata.Hive: Dumping metastore api call timing information for : execution phase
2024-05-01T04:57:44,982  INFO [HiveServer2-Background-Pool: Thread-169] metadata.Hive: Total time spent in each metastore function (ms): {isCompatibleWith_(Configuration)=0, getDatabase_(String)=11}
2024-05-01T04:57:44,982  INFO [HiveServer2-Background-Pool: Thread-169] ql.Driver: Completed executing command(queryId=alex_20240501045744_1bbb6b51-ff20-4693-b75d-34eb248ebe48); Time taken: 0.014 seconds
2024-05-01T04:57:44,982  INFO [HiveServer2-Background-Pool: Thread-169] common.LogUtils: Unregistered logging context.
2024-05-01T04:57:44,985  INFO [6ebc0c3e-ca22-49b7-9b07-41911650f49b main] operation.OperationManager: Closing operation: OperationHandle [opType=EXECUTE_STATEMENT, getHandleIdentifier()=d5752a1b-d25c-49be-8de3-263173a55d7a]
2024-05-01T04:57:44,985  INFO [6ebc0c3e-ca22-49b7-9b07-41911650f49b main] operation.OperationManager: Removed queryId: alex_20240501045744_1bbb6b51-ff20-4693-b75d-34eb248ebe48 corresponding to operation: OperationHandle [opType=EXECUTE_STATEMENT, getHandleIdentifier()=d5752a1b-d25c-49be-8de3-263173a55d7a] with tag: null
2024-05-01T04:57:44,986  INFO [6ebc0c3e-ca22-49b7-9b07-41911650f49b main] operation.SQLOperation: Closing operation log /home/alex/Repositories/hive/beeline/target/tmp/alex/operation_logs/6ebc0c3e-ca22-49b7-9b07-41911650f49b/alex_20240501045744_1bbb6b51-ff20-4693-b75d-34eb248ebe48 without delay
2024-05-01T04:57:45,043  WARN [main] conf.HiveConf: HiveConf of name hive.dummyparam.test.server.specific.config.override does not exist
2024-05-01T04:57:45,043  WARN [main] conf.HiveConf: HiveConf of name hive.dummyparam.test.server.specific.config.hiveserver2site does not exist
2024-05-01T04:57:45,044  WARN [main] conf.HiveConf: HiveConf of name hive.dummyparam.test.server.specific.config.metastoresite does not exist
2024-05-01T04:57:45,044  INFO [6ebc0c3e-ca22-49b7-9b07-41911650f49b main] session.HiveSessionImpl: executing set
2024-05-01T04:57:45,045  INFO [6ebc0c3e-ca22-49b7-9b07-41911650f49b main] operation.HiveCommandOperation: Putting temp output to file /home/alex/Repositories/hive/beeline/target/tmp/alex/6ebc0c3e-ca22-49b7-9b07-41911650f49b8481454148176254216.pipeout and error output to file /home/alex/Repositories/hive/beeline/target/tmp/alex/6ebc0c3e-ca22-49b7-9b07-41911650f49b6959912797666682946.pipeout
2024-05-01T04:57:45,045  INFO [6ebc0c3e-ca22-49b7-9b07-41911650f49b main] operation.OperationManager: Adding operation: OperationHandle [opType=EXECUTE_STATEMENT, getHandleIdentifier()=be2b00f2-85ed-4bef-aa1f-81fe855dbec2] SessionHandle [6ebc0c3e-ca22-49b7-9b07-41911650f49b]
2024-05-01T04:57:45,045  INFO [6ebc0c3e-ca22-49b7-9b07-41911650f49b main] common.LogUtils: Thread context registration is done.
DEBUG StatusLogger Building Plugin[name=filter, class=org.apache.hadoop.hive.ql.log.LogDivertAppender$NameFilter].
DEBUG StatusLogger createFilter(loggingLevel="EXECUTION")
DEBUG StatusLogger Building Plugin[name=layout, class=org.apache.logging.log4j.core.layout.PatternLayout].
DEBUG StatusLogger PatternLayout$Builder(pattern="%-5p : %m%n", PatternSelector=null, Configuration(HiveLog4j2Test), Replace=null, charset="null", alwaysWriteExceptions="null", disableAnsi="null", noConsoleNoAnsi="null", header="null", footer="null")
DEBUG StatusLogger Building Plugin[name=appender, class=org.apache.hadoop.hive.ql.log.HushableRandomAccessFileAppender].
DEBUG StatusLogger createAppender(fileName="/home/alex/Repositories/hive/beeline/target/tmp/alex/operation_logs/6ebc0c3e-ca22-49b7-9b07-41911650f49b/alex_20240501045745_bec2e20a-3739-49b5-874a-e6584f7026a6", append="null", name="query-file-appender", immediateFlush="null", bufferSize="null", ignoreExceptions="null", PatternLayout(org.apache.logging.log4j.core.layout.PatternLayout with name PatternLayout), NameFilter(org.apache.hadoop.hive.ql.log.LogDivertAppender$NameFilter with name NameFilter), advertise="null", advertiseURI="null", Configuration(HiveLog4j2Test))
DEBUG StatusLogger Starting RandomAccessFileManager /home/alex/Repositories/hive/beeline/target/tmp/alex/operation_logs/6ebc0c3e-ca22-49b7-9b07-41911650f49b/alex_20240501045745_bec2e20a-3739-49b5-874a-e6584f7026a6
DEBUG StatusLogger Building Plugin[name=, class=org.apache.hadoop.hive.ql.log.LogDivertAppenderForTest$TestFilter].
DEBUG StatusLogger createFilter()
DEBUG StatusLogger Building Plugin[name=, class=org.apache.logging.log4j.core.layout.PatternLayout].
DEBUG StatusLogger PatternLayout$Builder(pattern="%-5p : %m%n", PatternSelector=null, Configuration(HiveLog4j2Test), Replace=null, charset="null", alwaysWriteExceptions="null", disableAnsi="null", noConsoleNoAnsi="null", header="null", footer="null")
DEBUG StatusLogger Building Plugin[name=appender, class=org.apache.hadoop.hive.ql.log.HushableRandomAccessFileAppender].
DEBUG StatusLogger createAppender(fileName="/home/alex/Repositories/hive/beeline/target/tmp/alex/operation_logs/6ebc0c3e-ca22-49b7-9b07-41911650f49b/alex_20240501045745_bec2e20a-3739-49b5-874a-e6584f7026a6.test", append="null", name="test-query-file-appender", immediateFlush="null", bufferSize="null", ignoreExceptions="null", PatternLayout(org.apache.logging.log4j.core.layout.PatternLayout with name PatternLayout), test-filter(org.apache.hadoop.hive.ql.log.LogDivertAppenderForTest$TestFilter with name test-filter), advertise="null", advertiseURI="null", Configuration(HiveLog4j2Test))
DEBUG StatusLogger Starting RandomAccessFileManager /home/alex/Repositories/hive/beeline/target/tmp/alex/operation_logs/6ebc0c3e-ca22-49b7-9b07-41911650f49b/alex_20240501045745_bec2e20a-3739-49b5-874a-e6584f7026a6.test
2024-05-01T04:57:45,049  INFO [6ebc0c3e-ca22-49b7-9b07-41911650f49b main] operation.HiveCommandOperation: [opType=EXECUTE_STATEMENT, queryId=alex_20240501045745_bec2e20a-3739-49b5-874a-e6584f7026a6, startTime=1714564665044, sessionId=6ebc0c3e-ca22-49b7-9b07-41911650f49b, createTime=1714564664858, userName=null, ipAddress=null]
2024-05-01T04:57:45,057  INFO [6ebc0c3e-ca22-49b7-9b07-41911650f49b main] common.LogUtils: Unregistered logging context.
2024-05-01T04:57:45,060  INFO [6ebc0c3e-ca22-49b7-9b07-41911650f49b main] operation.OperationManager: Closing operation: OperationHandle [opType=EXECUTE_STATEMENT, getHandleIdentifier()=be2b00f2-85ed-4bef-aa1f-81fe855dbec2]
2024-05-01T04:57:45,060  INFO [6ebc0c3e-ca22-49b7-9b07-41911650f49b main] operation.OperationManager: Removed queryId: alex_20240501045745_bec2e20a-3739-49b5-874a-e6584f7026a6 corresponding to operation: OperationHandle [opType=EXECUTE_STATEMENT, getHandleIdentifier()=be2b00f2-85ed-4bef-aa1f-81fe855dbec2] with tag: null
2024-05-01T04:57:45,061  INFO [6ebc0c3e-ca22-49b7-9b07-41911650f49b main] operation.HiveCommandOperation: Closing operation log /home/alex/Repositories/hive/beeline/target/tmp/alex/operation_logs/6ebc0c3e-ca22-49b7-9b07-41911650f49b/alex_20240501045745_bec2e20a-3739-49b5-874a-e6584f7026a6 without delay
2024-05-01T04:57:45,063  INFO [6ebc0c3e-ca22-49b7-9b07-41911650f49b main] session.HiveSessionImpl: executing show tables
2024-05-01T04:57:45,064  INFO [6ebc0c3e-ca22-49b7-9b07-41911650f49b main] operation.OperationManager: Adding operation: OperationHandle [opType=EXECUTE_STATEMENT, getHandleIdentifier()=eb72c0b3-3a71-4409-83aa-d6d88283637a] SessionHandle [6ebc0c3e-ca22-49b7-9b07-41911650f49b]
2024-05-01T04:57:45,064  INFO [6ebc0c3e-ca22-49b7-9b07-41911650f49b main] common.LogUtils: Thread context registration is done.
DEBUG StatusLogger Building Plugin[name=filter, class=org.apache.hadoop.hive.ql.log.LogDivertAppender$NameFilter].
DEBUG StatusLogger createFilter(loggingLevel="EXECUTION")
DEBUG StatusLogger Building Plugin[name=layout, class=org.apache.logging.log4j.core.layout.PatternLayout].
DEBUG StatusLogger PatternLayout$Builder(pattern="%-5p : %m%n", PatternSelector=null, Configuration(HiveLog4j2Test), Replace=null, charset="null", alwaysWriteExceptions="null", disableAnsi="null", noConsoleNoAnsi="null", header="null", footer="null")
DEBUG StatusLogger Building Plugin[name=appender, class=org.apache.hadoop.hive.ql.log.HushableRandomAccessFileAppender].
DEBUG StatusLogger createAppender(fileName="/home/alex/Repositories/hive/beeline/target/tmp/alex/operation_logs/6ebc0c3e-ca22-49b7-9b07-41911650f49b/alex_20240501045745_2faaa8d4-a5a9-44c4-b298-2f88e6220d63", append="null", name="query-file-appender", immediateFlush="null", bufferSize="null", ignoreExceptions="null", PatternLayout(org.apache.logging.log4j.core.layout.PatternLayout with name PatternLayout), NameFilter(org.apache.hadoop.hive.ql.log.LogDivertAppender$NameFilter with name NameFilter), advertise="null", advertiseURI="null", Configuration(HiveLog4j2Test))
DEBUG StatusLogger Starting RandomAccessFileManager /home/alex/Repositories/hive/beeline/target/tmp/alex/operation_logs/6ebc0c3e-ca22-49b7-9b07-41911650f49b/alex_20240501045745_2faaa8d4-a5a9-44c4-b298-2f88e6220d63
DEBUG StatusLogger Building Plugin[name=, class=org.apache.hadoop.hive.ql.log.LogDivertAppenderForTest$TestFilter].
DEBUG StatusLogger createFilter()
DEBUG StatusLogger Building Plugin[name=, class=org.apache.logging.log4j.core.layout.PatternLayout].
DEBUG StatusLogger PatternLayout$Builder(pattern="%-5p : %m%n", PatternSelector=null, Configuration(HiveLog4j2Test), Replace=null, charset="null", alwaysWriteExceptions="null", disableAnsi="null", noConsoleNoAnsi="null", header="null", footer="null")
DEBUG StatusLogger Building Plugin[name=appender, class=org.apache.hadoop.hive.ql.log.HushableRandomAccessFileAppender].
DEBUG StatusLogger createAppender(fileName="/home/alex/Repositories/hive/beeline/target/tmp/alex/operation_logs/6ebc0c3e-ca22-49b7-9b07-41911650f49b/alex_20240501045745_2faaa8d4-a5a9-44c4-b298-2f88e6220d63.test", append="null", name="test-query-file-appender", immediateFlush="null", bufferSize="null", ignoreExceptions="null", PatternLayout(org.apache.logging.log4j.core.layout.PatternLayout with name PatternLayout), test-filter(org.apache.hadoop.hive.ql.log.LogDivertAppenderForTest$TestFilter with name test-filter), advertise="null", advertiseURI="null", Configuration(HiveLog4j2Test))
DEBUG StatusLogger Starting RandomAccessFileManager /home/alex/Repositories/hive/beeline/target/tmp/alex/operation_logs/6ebc0c3e-ca22-49b7-9b07-41911650f49b/alex_20240501045745_2faaa8d4-a5a9-44c4-b298-2f88e6220d63.test
2024-05-01T04:57:45,068  INFO [6ebc0c3e-ca22-49b7-9b07-41911650f49b main] operation.SQLOperation: [opType=EXECUTE_STATEMENT, queryId=alex_20240501045745_2faaa8d4-a5a9-44c4-b298-2f88e6220d63, startTime=1714564665063, sessionId=6ebc0c3e-ca22-49b7-9b07-41911650f49b, createTime=1714564664858, userName=null, ipAddress=null]
2024-05-01T04:57:45,068  INFO [6ebc0c3e-ca22-49b7-9b07-41911650f49b main] ql.Driver: Compiling command(queryId=alex_20240501045745_2faaa8d4-a5a9-44c4-b298-2f88e6220d63): show tables
2024-05-01T04:57:45,073  INFO [6ebc0c3e-ca22-49b7-9b07-41911650f49b main] HiveMetaStore.audit: ugi=alex	ip=unknown-ip-addr	cmd=get_database: test	
2024-05-01T04:57:45,075  INFO [6ebc0c3e-ca22-49b7-9b07-41911650f49b main] ql.Driver: Semantic Analysis Completed (retrial = false)
2024-05-01T04:57:45,075  INFO [6ebc0c3e-ca22-49b7-9b07-41911650f49b main] ql.Driver: Created Hive schema: Schema(fieldSchemas:[FieldSchema(name:tab_name, type:string, comment:from deserializer)], properties:null)
2024-05-01T04:57:45,076  INFO [6ebc0c3e-ca22-49b7-9b07-41911650f49b main] exec.ListSinkOperator: Initializing Operator: LIST_SINK[0]
2024-05-01T04:57:45,077  INFO [6ebc0c3e-ca22-49b7-9b07-41911650f49b main] metadata.Hive: Dumping metastore api call timing information for : compilation phase
2024-05-01T04:57:45,077  INFO [6ebc0c3e-ca22-49b7-9b07-41911650f49b main] metadata.Hive: Total time spent in each metastore function (ms): {isCompatibleWith_(Configuration)=0, getDatabase_(String)=2, flushCache_()=0}
2024-05-01T04:57:45,077  INFO [6ebc0c3e-ca22-49b7-9b07-41911650f49b main] ql.Driver: Completed compiling command(queryId=alex_20240501045745_2faaa8d4-a5a9-44c4-b298-2f88e6220d63); Time taken: 0.009 seconds
2024-05-01T04:57:45,077  INFO [6ebc0c3e-ca22-49b7-9b07-41911650f49b main] common.LogUtils: Unregistered logging context.
2024-05-01T04:57:45,078  INFO [HiveServer2-Background-Pool: Thread-173] common.LogUtils: Thread context registration is done.
2024-05-01T04:57:45,078  INFO [HiveServer2-Background-Pool: Thread-173] reexec.ReExecDriver: Execution #1 of query
2024-05-01T04:57:45,079  INFO [HiveServer2-Background-Pool: Thread-173] ql.Driver: Concurrency mode is disabled, not creating a lock manager
2024-05-01T04:57:45,079  INFO [HiveServer2-Background-Pool: Thread-173] ql.Driver: Executing command(queryId=alex_20240501045745_2faaa8d4-a5a9-44c4-b298-2f88e6220d63): show tables
2024-05-01T04:57:45,080  INFO [HiveServer2-Background-Pool: Thread-173] ql.Driver: Starting task [Stage-0:DDL] in serial mode
2024-05-01T04:57:45,080  INFO [HiveServer2-Background-Pool: Thread-173] HiveMetaStore.audit: ugi=alex	ip=unknown-ip-addr	cmd=get_database: test	
2024-05-01T04:57:45,081  INFO [HiveServer2-Background-Pool: Thread-173] metastore.HMSHandler: 8: Opening raw store with implementation class:org.apache.hadoop.hive.metastore.ObjectStore
2024-05-01T04:57:45,082  INFO [HiveServer2-Background-Pool: Thread-173] metastore.ObjectStore: RawStore: org.apache.hadoop.hive.metastore.ObjectStore@45f88ec7, with PersistenceManager: null will be shutdown
2024-05-01T04:57:45,082  INFO [HiveServer2-Background-Pool: Thread-173] metastore.ObjectStore: RawStore: org.apache.hadoop.hive.metastore.ObjectStore@45f88ec7, with PersistenceManager: org.datanucleus.api.jdo.JDOPersistenceManager@5c3d51af created in the thread with id: 173
2024-05-01T04:57:45,086  INFO [HiveServer2-Background-Pool: Thread-173] metastore.HMSHandler: Created RawStore: org.apache.hadoop.hive.metastore.ObjectStore@45f88ec7 from thread id: 173
2024-05-01T04:57:45,088  INFO [HiveServer2-Background-Pool: Thread-173] HiveMetaStore.audit: ugi=alex	ip=unknown-ip-addr	cmd=get_multi_table : db=test tbls=null	
2024-05-01T04:57:45,100  INFO [HiveServer2-Background-Pool: Thread-173] sqlstd.SQLStdHiveAccessController: Created SQLStdHiveAccessController for session context : HiveAuthzSessionContext [sessionString=6ebc0c3e-ca22-49b7-9b07-41911650f49b, clientType=HIVESERVER2]
2024-05-01T04:57:45,107  INFO [HiveServer2-Background-Pool: Thread-173] metadata.Hive: Dumping metastore api call timing information for : execution phase
2024-05-01T04:57:45,107  INFO [HiveServer2-Background-Pool: Thread-173] metadata.Hive: Total time spent in each metastore function (ms): {isCompatibleWith_(Configuration)=0, getDatabase_(String)=7, getTables_(String, String)=13}
2024-05-01T04:57:45,108  INFO [HiveServer2-Background-Pool: Thread-173] ql.Driver: Completed executing command(queryId=alex_20240501045745_2faaa8d4-a5a9-44c4-b298-2f88e6220d63); Time taken: 0.028 seconds
2024-05-01T04:57:45,108  INFO [HiveServer2-Background-Pool: Thread-173] common.LogUtils: Unregistered logging context.
2024-05-01T04:57:45,109  INFO [6ebc0c3e-ca22-49b7-9b07-41911650f49b main] operation.OperationManager: Closing operation: OperationHandle [opType=EXECUTE_STATEMENT, getHandleIdentifier()=eb72c0b3-3a71-4409-83aa-d6d88283637a]
2024-05-01T04:57:45,109  INFO [6ebc0c3e-ca22-49b7-9b07-41911650f49b main] operation.OperationManager: Removed queryId: alex_20240501045745_2faaa8d4-a5a9-44c4-b298-2f88e6220d63 corresponding to operation: OperationHandle [opType=EXECUTE_STATEMENT, getHandleIdentifier()=eb72c0b3-3a71-4409-83aa-d6d88283637a] with tag: null
2024-05-01T04:57:45,110  INFO [6ebc0c3e-ca22-49b7-9b07-41911650f49b main] ql.Context: Deleting scratch dir: file:/home/alex/Repositories/hive/beeline/target/tmp/alex/6ebc0c3e-ca22-49b7-9b07-41911650f49b/hive_2024-05-01_04-57-45_068_6258919976851411434-1
2024-05-01T04:57:45,110  INFO [6ebc0c3e-ca22-49b7-9b07-41911650f49b main] cleanup.EventualCleanupService: Delete file:/home/alex/Repositories/hive/beeline/target/tmp/alex/6ebc0c3e-ca22-49b7-9b07-41911650f49b/hive_2024-05-01_04-57-45_068_6258919976851411434-1 operation was queued
2024-05-01T04:57:45,110  INFO [6ebc0c3e-ca22-49b7-9b07-41911650f49b main] exec.ListSinkOperator: Closing Operator: LIST_SINK[0]
2024-05-01T04:57:45,110  INFO [6ebc0c3e-ca22-49b7-9b07-41911650f49b main] exec.ListSinkOperator: RECORDS_OUT_INTERMEDIATE:0, RECORDS_OUT_OPERATOR_LIST_SINK_0:0, 
2024-05-01T04:57:45,110  INFO [6ebc0c3e-ca22-49b7-9b07-41911650f49b main] operation.SQLOperation: Closing operation log /home/alex/Repositories/hive/beeline/target/tmp/alex/operation_logs/6ebc0c3e-ca22-49b7-9b07-41911650f49b/alex_20240501045745_2faaa8d4-a5a9-44c4-b298-2f88e6220d63 without delay
2024-05-01T04:57:45,110  INFO [EventualCleanupService thread 0] cleanup.EventualCleanupService: Deleted file:/home/alex/Repositories/hive/beeline/target/tmp/alex/6ebc0c3e-ca22-49b7-9b07-41911650f49b/hive_2024-05-01_04-57-45_068_6258919976851411434-1
2024-05-01T04:57:45,114  INFO [main] service.CompositeService: Session closed, SessionHandle [6ebc0c3e-ca22-49b7-9b07-41911650f49b], current sessions:0
2024-05-01T04:57:45,115  INFO [6ebc0c3e-ca22-49b7-9b07-41911650f49b main] session.HiveSessionImpl: Operation log session directory is deleted: /home/alex/Repositories/hive/beeline/target/tmp/alex/operation_logs/6ebc0c3e-ca22-49b7-9b07-41911650f49b
2024-05-01T04:57:45,115  INFO [main] cleanup.EventualCleanupService: Delete /tmp/hive/alex/6ebc0c3e-ca22-49b7-9b07-41911650f49b operation was queued
2024-05-01T04:57:45,115  INFO [main] cleanup.EventualCleanupService: Delete /home/alex/Repositories/hive/beeline/target/tmp/alex/6ebc0c3e-ca22-49b7-9b07-41911650f49b operation was queued
2024-05-01T04:57:45,116  INFO [EventualCleanupService thread 1] cleanup.EventualCleanupService: Deleted /tmp/hive/alex/6ebc0c3e-ca22-49b7-9b07-41911650f49b
2024-05-01T04:57:45,116  INFO [EventualCleanupService thread 2] cleanup.EventualCleanupService: Deleted /home/alex/Repositories/hive/beeline/target/tmp/alex/6ebc0c3e-ca22-49b7-9b07-41911650f49b
2024-05-01T04:57:45,116  INFO [main] HiveMetaStore.audit: ugi=alex	ip=unknown-ip-addr	cmd=Cleaning up thread local RawStore...	
2024-05-01T04:57:45,116  INFO [main] metastore.ObjectStore: RawStore: org.apache.hadoop.hive.metastore.ObjectStore@6ce2e079, with PersistenceManager: org.datanucleus.api.jdo.JDOPersistenceManager@3e39e0fb will be shutdown
2024-05-01T04:57:45,117  INFO [main] HiveMetaStore.audit: ugi=alex	ip=unknown-ip-addr	cmd=Done cleaning up thread local RawStore	
2024-05-01T04:57:45,117  INFO [main] metastore.HiveMetaStoreClient: Closed a connection to metastore, current connections: -8
2024-05-01T04:57:45,117 ERROR [main] cli.TestHiveCli: Failed due to the error:Connecting to jdbc:hive2://
Hive Session ID = 924bf272-5865-4d1e-8af5-dba788210a74
ivysettings.xml file not found in HIVE_HOME or HIVE_CONF_DIR,/home/alex/Repositories/hive/conf/ivysettings.xml will be used
ivysettings.xml file not found in HIVE_HOME or HIVE_CONF_DIR,/home/alex/Repositories/hive/conf/ivysettings.xml will be used
Connected to: Apache Hive (version 4.0.0-SNAPSHOT)
Error: Couldn't load manifest attributes. (state=,code=0)
Transaction isolation: TRANSACTION_REPEATABLE_READ
INFO  : Compiling command(queryId=alex_20240501045744_1bbb6b51-ff20-4693-b75d-34eb248ebe48): use test
INFO  : Semantic Analysis Completed (retrial = false)
INFO  : Created Hive schema: Schema(fieldSchemas:null, properties:null)
INFO  : Completed compiling command(queryId=alex_20240501045744_1bbb6b51-ff20-4693-b75d-34eb248ebe48); Time taken: 0.012 seconds
INFO  : Concurrency mode is disabled, not creating a lock manager
INFO  : Executing command(queryId=alex_20240501045744_1bbb6b51-ff20-4693-b75d-34eb248ebe48): use test
INFO  : Starting task [Stage-0:DDL] in serial mode
DEBUG : Task getting executed using mapred tag : alex_20240501045744_1bbb6b51-ff20-4693-b75d-34eb248ebe48,userid=null
INFO  : Completed executing command(queryId=alex_20240501045744_1bbb6b51-ff20-4693-b75d-34eb248ebe48); Time taken: 0.014 seconds
DEBUG : Shutting down query use test
Error: Failed to wait for operation to complete (state=08S01,code=0)
Beeline version ??? by Apache Hive
hive> source /home/alex/Repositories/hive/beeline/target/tmp/test9089532680777388135.sql;
INFO  : Compiling command(queryId=alex_20240501045745_2faaa8d4-a5a9-44c4-b298-2f88e6220d63): show tables
INFO  : Semantic Analysis Completed (retrial = false)
INFO  : Created Hive schema: Schema(fieldSchemas:[FieldSchema(name:tab_name, type:string, comment:from deserializer)], properties:null)
INFO  : Completed compiling command(queryId=alex_20240501045745_2faaa8d4-a5a9-44c4-b298-2f88e6220d63); Time taken: 0.009 seconds
INFO  : Concurrency mode is disabled, not creating a lock manager
INFO  : Executing command(queryId=alex_20240501045745_2faaa8d4-a5a9-44c4-b298-2f88e6220d63): show tables
INFO  : Starting task [Stage-0:DDL] in serial mode
DEBUG : Task getting executed using mapred tag : alex_20240501045745_2faaa8d4-a5a9-44c4-b298-2f88e6220d63,userid=null
INFO  : Completed executing command(queryId=alex_20240501045745_2faaa8d4-a5a9-44c4-b298-2f88e6220d63); Time taken: 0.028 seconds
DEBUG : Shutting down query show tables
Error: Failed to wait for operation to complete (state=08S01,code=0)
hive> Closing: 0: jdbc:hive2://

]]></system-err>
  </testcase>
  <testcase name="testInvalidOptions2" classname="org.apache.hive.beeline.cli.TestHiveCli" time="0.004"/>
  <testcase name="testCmd" classname="org.apache.hive.beeline.cli.TestHiveCli" time="0.243">
    <failure type="java.lang.AssertionError"><![CDATA[java.lang.AssertionError: The expected keyword "src" occur in the output: 
	at org.junit.Assert.fail(Assert.java:89)
	at org.junit.Assert.assertTrue(Assert.java:42)
	at org.apache.hive.beeline.cli.TestHiveCli.verifyCMD(TestHiveCli.java:270)
	at org.apache.hive.beeline.cli.TestHiveCli.testCmd(TestHiveCli.java:72)
	at sun.reflect.NativeMethodAccessorImpl.invoke0(Native Method)
	at sun.reflect.NativeMethodAccessorImpl.invoke(NativeMethodAccessorImpl.java:62)
	at sun.reflect.DelegatingMethodAccessorImpl.invoke(DelegatingMethodAccessorImpl.java:43)
	at java.lang.reflect.Method.invoke(Method.java:498)
	at org.junit.runners.model.FrameworkMethod$1.runReflectiveCall(FrameworkMethod.java:59)
	at org.junit.internal.runners.model.ReflectiveCallable.run(ReflectiveCallable.java:12)
	at org.junit.runners.model.FrameworkMethod.invokeExplosively(FrameworkMethod.java:56)
	at org.junit.internal.runners.statements.InvokeMethod.evaluate(InvokeMethod.java:17)
	at org.junit.internal.runners.statements.RunBefores.evaluate(RunBefores.java:26)
	at org.junit.internal.runners.statements.RunAfters.evaluate(RunAfters.java:27)
	at org.junit.runners.ParentRunner$3.evaluate(ParentRunner.java:306)
	at org.junit.runners.BlockJUnit4ClassRunner$1.evaluate(BlockJUnit4ClassRunner.java:100)
	at org.junit.runners.ParentRunner.runLeaf(ParentRunner.java:366)
	at org.junit.runners.BlockJUnit4ClassRunner.runChild(BlockJUnit4ClassRunner.java:103)
	at org.junit.runners.BlockJUnit4ClassRunner.runChild(BlockJUnit4ClassRunner.java:63)
	at org.junit.runners.ParentRunner$4.run(ParentRunner.java:331)
	at org.junit.runners.ParentRunner$1.schedule(ParentRunner.java:79)
	at org.junit.runners.ParentRunner.runChildren(ParentRunner.java:329)
	at org.junit.runners.ParentRunner.access$100(ParentRunner.java:66)
	at org.junit.runners.ParentRunner$2.evaluate(ParentRunner.java:293)
	at org.junit.internal.runners.statements.RunBefores.evaluate(RunBefores.java:26)
	at org.junit.runners.ParentRunner$3.evaluate(ParentRunner.java:306)
	at org.junit.runners.ParentRunner.run(ParentRunner.java:413)
	at org.junit.runner.JUnitCore.run(JUnitCore.java:137)
	at org.junit.runner.JUnitCore.run(JUnitCore.java:115)
	at org.junit.vintage.engine.execution.RunnerExecutor.execute(RunnerExecutor.java:43)
	at java.util.stream.ForEachOps$ForEachOp$OfRef.accept(ForEachOps.java:183)
	at java.util.stream.ReferencePipeline$3$1.accept(ReferencePipeline.java:193)
	at java.util.Iterator.forEachRemaining(Iterator.java:116)
	at java.util.Spliterators$IteratorSpliterator.forEachRemaining(Spliterators.java:1801)
	at java.util.stream.AbstractPipeline.copyInto(AbstractPipeline.java:482)
	at java.util.stream.AbstractPipeline.wrapAndCopyInto(AbstractPipeline.java:472)
	at java.util.stream.ForEachOps$ForEachOp.evaluateSequential(ForEachOps.java:150)
	at java.util.stream.ForEachOps$ForEachOp$OfRef.evaluateSequential(ForEachOps.java:173)
	at java.util.stream.AbstractPipeline.evaluate(AbstractPipeline.java:234)
	at java.util.stream.ReferencePipeline.forEach(ReferencePipeline.java:485)
	at org.junit.vintage.engine.VintageTestEngine.executeAllChildren(VintageTestEngine.java:82)
	at org.junit.vintage.engine.VintageTestEngine.execute(VintageTestEngine.java:73)
	at org.junit.platform.launcher.core.DefaultLauncher.execute(DefaultLauncher.java:248)
	at org.junit.platform.launcher.core.DefaultLauncher.lambda$execute$5(DefaultLauncher.java:211)
	at org.junit.platform.launcher.core.DefaultLauncher.withInterceptedStreams(DefaultLauncher.java:226)
	at org.junit.platform.launcher.core.DefaultLauncher.execute(DefaultLauncher.java:199)
	at org.junit.platform.launcher.core.DefaultLauncher.execute(DefaultLauncher.java:132)
	at org.apache.maven.surefire.junitplatform.JUnitPlatformProvider.invokeAllTests(JUnitPlatformProvider.java:154)
	at org.apache.maven.surefire.junitplatform.JUnitPlatformProvider.invoke(JUnitPlatformProvider.java:123)
	at org.apache.maven.surefire.booter.ForkedBooter.runSuitesInProcess(ForkedBooter.java:377)
	at org.apache.maven.surefire.booter.ForkedBooter.execute(ForkedBooter.java:138)
	at org.apache.maven.surefire.booter.ForkedBooter.run(ForkedBooter.java:465)
	at org.apache.maven.surefire.booter.ForkedBooter.main(ForkedBooter.java:451)
]]></failure>
    <system-err><![CDATA[2024-05-01T04:57:45,123 ERROR [main] cli.TestHiveCli: Failed to execute command due to the error: java.lang.NullPointerException: Null output stream
2024-05-01T04:57:45,176  WARN [main] conf.HiveConf: HiveConf of name hive.dummyparam.test.server.specific.config.override does not exist
2024-05-01T04:57:45,176  WARN [main] conf.HiveConf: HiveConf of name hive.dummyparam.test.server.specific.config.hiveserver2site does not exist
2024-05-01T04:57:45,176  WARN [main] conf.HiveConf: HiveConf of name hive.dummyparam.test.server.specific.config.metastoresite does not exist
2024-05-01T04:57:45,177  INFO [main] SessionState: Hive Session ID = fabdb938-76bb-46a6-98b5-d334a1347fba
2024-05-01T04:57:45,177  INFO [main] DependencyResolver: ivysettings.xml file not found in HIVE_HOME or HIVE_CONF_DIR,/home/alex/Repositories/hive/conf/ivysettings.xml will be used
2024-05-01T04:57:45,185  INFO [main] session.SessionState: Created HDFS directory: /tmp/hive/alex/fabdb938-76bb-46a6-98b5-d334a1347fba
2024-05-01T04:57:45,188  INFO [main] session.SessionState: Created local directory: /home/alex/Repositories/hive/beeline/target/tmp/alex/fabdb938-76bb-46a6-98b5-d334a1347fba
2024-05-01T04:57:45,192  INFO [main] session.SessionState: Created HDFS directory: /tmp/hive/alex/fabdb938-76bb-46a6-98b5-d334a1347fba/_tmp_space.db
2024-05-01T04:57:45,192  INFO [main] sqlstd.SQLStdHiveAccessController: Created SQLStdHiveAccessController for session context : HiveAuthzSessionContext [sessionString=fabdb938-76bb-46a6-98b5-d334a1347fba, clientType=HIVESERVER2]
2024-05-01T04:57:45,193  INFO [main] metastore.HiveMetaStoreClient: HMS client filtering is enabled.
2024-05-01T04:57:45,194  INFO [main] metastore.HMSHandler: 0: Opening raw store with implementation class:org.apache.hadoop.hive.metastore.ObjectStore
2024-05-01T04:57:45,194  INFO [main] metastore.PersistenceManagerProvider: Configuration datanucleus.autoStartMechanismMode is not set. Defaulting to 'ignored'
2024-05-01T04:57:45,195  INFO [main] metastore.ObjectStore: RawStore: org.apache.hadoop.hive.metastore.ObjectStore@660296d5, with PersistenceManager: null will be shutdown
2024-05-01T04:57:45,195  INFO [main] metastore.ObjectStore: RawStore: org.apache.hadoop.hive.metastore.ObjectStore@660296d5, with PersistenceManager: org.datanucleus.api.jdo.JDOPersistenceManager@6d3163a6 created in the thread with id: 1
2024-05-01T04:57:45,199  INFO [main] metastore.HMSHandler: Created RawStore: org.apache.hadoop.hive.metastore.ObjectStore@660296d5 from thread id: 1
2024-05-01T04:57:45,200  INFO [main] metastore.HMSHandler: HMS server filtering is disabled by configuration
2024-05-01T04:57:45,200  INFO [main] metastore.RetryingMetaStoreClient: RetryingMetaStoreClient proxy=class org.apache.hadoop.hive.ql.metadata.SessionHiveMetaStoreClient ugi=alex (auth:SIMPLE) retries=1 delay=1 lifetime=0
2024-05-01T04:57:45,200  INFO [main] service.CompositeService: Operation log root directory is created: /home/alex/Repositories/hive/beeline/target/tmp/alex/operation_logs
2024-05-01T04:57:45,200  INFO [main] service.CompositeService: HiveServer2: Background operation thread pool size: 100
2024-05-01T04:57:45,200  INFO [main] service.CompositeService: HiveServer2: Background operation thread wait queue size: 100
2024-05-01T04:57:45,200  INFO [main] service.CompositeService: HiveServer2: Background operation thread keepalive time: 10 seconds
2024-05-01T04:57:45,200  INFO [main] service.CompositeService: Connections limit are user: 0 ipaddress: 0 user-ipaddress: 0
2024-05-01T04:57:45,202  INFO [main] cleanup.EventualCleanupService: EventualCleanupService started with 10 threads and queue of size 10000
ERROR StatusLogger Log4j2 ConfigurationScheduler attempted to increment scheduled items after start
ERROR StatusLogger Log4j2 ConfigurationScheduler attempted to increment scheduled items after start
2024-05-01T04:57:45,203  INFO [main] service.AbstractService: Service:OperationManager is inited.
2024-05-01T04:57:45,203  INFO [main] service.AbstractService: Service:SessionManager is inited.
2024-05-01T04:57:45,204  INFO [main] service.AbstractService: Service:CLIService is inited.
2024-05-01T04:57:45,204  INFO [main] service.AbstractService: Service:OperationManager is started.
2024-05-01T04:57:45,204  INFO [main] service.AbstractService: Service:SessionManager is started.
2024-05-01T04:57:45,204  INFO [main] service.AbstractService: Service:CLIService is started.
2024-05-01T04:57:45,204  INFO [main] service.AbstractService: Service:ThriftBinaryCLIService is inited.
2024-05-01T04:57:45,204  INFO [main] thrift.ThriftCLIService: Client protocol version: HIVE_CLI_SERVICE_PROTOCOL_V10
2024-05-01T04:57:45,204  INFO [main] thrift.ThriftCLIService: Creating Hive session handle for user [null] from IP null
2024-05-01T04:57:45,206  INFO [main] DependencyResolver: ivysettings.xml file not found in HIVE_HOME or HIVE_CONF_DIR,/home/alex/Repositories/hive/conf/ivysettings.xml will be used
2024-05-01T04:57:45,213  INFO [main] session.SessionState: Created HDFS directory: /tmp/hive/alex/8c942d09-ff88-4826-9583-564cca126a24
2024-05-01T04:57:45,217  INFO [main] session.SessionState: Created local directory: /home/alex/Repositories/hive/beeline/target/tmp/alex/8c942d09-ff88-4826-9583-564cca126a24
2024-05-01T04:57:45,222  INFO [main] session.SessionState: Created HDFS directory: /tmp/hive/alex/8c942d09-ff88-4826-9583-564cca126a24/_tmp_space.db
2024-05-01T04:57:45,222  INFO [main] session.SessionState: Reloading auxiliary JAR files
2024-05-01T04:57:45,222  WARN [main] session.SessionState: Configuration hive.reloadable.aux.jars.path not specified
2024-05-01T04:57:45,223  INFO [main] HiveMetaStore.audit: ugi=alex	ip=unknown-ip-addr	cmd=Cleaning up thread local RawStore...	
2024-05-01T04:57:45,223  INFO [main] metastore.ObjectStore: RawStore: org.apache.hadoop.hive.metastore.ObjectStore@660296d5, with PersistenceManager: org.datanucleus.api.jdo.JDOPersistenceManager@6d3163a6 will be shutdown
2024-05-01T04:57:45,223  INFO [main] HiveMetaStore.audit: ugi=alex	ip=unknown-ip-addr	cmd=Done cleaning up thread local RawStore	
2024-05-01T04:57:45,223  INFO [main] metastore.HiveMetaStoreClient: Closed a connection to metastore, current connections: -9
2024-05-01T04:57:45,223  INFO [main] session.HiveSessionImpl: Operation log session directory is created: /home/alex/Repositories/hive/beeline/target/tmp/alex/operation_logs/8c942d09-ff88-4826-9583-564cca126a24
2024-05-01T04:57:45,223  INFO [main] service.CompositeService: Session opened, SessionHandle [8c942d09-ff88-4826-9583-564cca126a24], current sessions:1
2024-05-01T04:57:45,223  INFO [main] thrift.ThriftCLIService: Login attempt is successful for user : null
2024-05-01T04:57:45,276  WARN [main] conf.HiveConf: HiveConf of name hive.dummyparam.test.server.specific.config.override does not exist
2024-05-01T04:57:45,276  WARN [main] conf.HiveConf: HiveConf of name hive.dummyparam.test.server.specific.config.hiveserver2site does not exist
2024-05-01T04:57:45,277  WARN [main] conf.HiveConf: HiveConf of name hive.dummyparam.test.server.specific.config.metastoresite does not exist
2024-05-01T04:57:45,277  INFO [8c942d09-ff88-4826-9583-564cca126a24 main] session.HiveSessionImpl: executing set
2024-05-01T04:57:45,278  INFO [8c942d09-ff88-4826-9583-564cca126a24 main] operation.HiveCommandOperation: Putting temp output to file /home/alex/Repositories/hive/beeline/target/tmp/alex/8c942d09-ff88-4826-9583-564cca126a246230123407769690678.pipeout and error output to file /home/alex/Repositories/hive/beeline/target/tmp/alex/8c942d09-ff88-4826-9583-564cca126a244804505491764540537.pipeout
2024-05-01T04:57:45,278  INFO [8c942d09-ff88-4826-9583-564cca126a24 main] operation.OperationManager: Adding operation: OperationHandle [opType=EXECUTE_STATEMENT, getHandleIdentifier()=cfbfce20-e160-4c97-8f4e-02a57be8a999] SessionHandle [8c942d09-ff88-4826-9583-564cca126a24]
2024-05-01T04:57:45,278  INFO [8c942d09-ff88-4826-9583-564cca126a24 main] common.LogUtils: Thread context registration is done.
DEBUG StatusLogger Building Plugin[name=filter, class=org.apache.hadoop.hive.ql.log.LogDivertAppender$NameFilter].
DEBUG StatusLogger createFilter(loggingLevel="EXECUTION")
DEBUG StatusLogger Building Plugin[name=layout, class=org.apache.logging.log4j.core.layout.PatternLayout].
DEBUG StatusLogger PatternLayout$Builder(pattern="%-5p : %m%n", PatternSelector=null, Configuration(HiveLog4j2Test), Replace=null, charset="null", alwaysWriteExceptions="null", disableAnsi="null", noConsoleNoAnsi="null", header="null", footer="null")
DEBUG StatusLogger Building Plugin[name=appender, class=org.apache.hadoop.hive.ql.log.HushableRandomAccessFileAppender].
DEBUG StatusLogger createAppender(fileName="/home/alex/Repositories/hive/beeline/target/tmp/alex/operation_logs/8c942d09-ff88-4826-9583-564cca126a24/alex_20240501045745_ffb15164-5106-4627-8115-46be4a7f7a10", append="null", name="query-file-appender", immediateFlush="null", bufferSize="null", ignoreExceptions="null", PatternLayout(org.apache.logging.log4j.core.layout.PatternLayout with name PatternLayout), NameFilter(org.apache.hadoop.hive.ql.log.LogDivertAppender$NameFilter with name NameFilter), advertise="null", advertiseURI="null", Configuration(HiveLog4j2Test))
DEBUG StatusLogger Starting RandomAccessFileManager /home/alex/Repositories/hive/beeline/target/tmp/alex/operation_logs/8c942d09-ff88-4826-9583-564cca126a24/alex_20240501045745_ffb15164-5106-4627-8115-46be4a7f7a10
DEBUG StatusLogger Building Plugin[name=, class=org.apache.hadoop.hive.ql.log.LogDivertAppenderForTest$TestFilter].
DEBUG StatusLogger createFilter()
DEBUG StatusLogger Building Plugin[name=, class=org.apache.logging.log4j.core.layout.PatternLayout].
DEBUG StatusLogger PatternLayout$Builder(pattern="%-5p : %m%n", PatternSelector=null, Configuration(HiveLog4j2Test), Replace=null, charset="null", alwaysWriteExceptions="null", disableAnsi="null", noConsoleNoAnsi="null", header="null", footer="null")
DEBUG StatusLogger Building Plugin[name=appender, class=org.apache.hadoop.hive.ql.log.HushableRandomAccessFileAppender].
DEBUG StatusLogger createAppender(fileName="/home/alex/Repositories/hive/beeline/target/tmp/alex/operation_logs/8c942d09-ff88-4826-9583-564cca126a24/alex_20240501045745_ffb15164-5106-4627-8115-46be4a7f7a10.test", append="null", name="test-query-file-appender", immediateFlush="null", bufferSize="null", ignoreExceptions="null", PatternLayout(org.apache.logging.log4j.core.layout.PatternLayout with name PatternLayout), test-filter(org.apache.hadoop.hive.ql.log.LogDivertAppenderForTest$TestFilter with name test-filter), advertise="null", advertiseURI="null", Configuration(HiveLog4j2Test))
DEBUG StatusLogger Starting RandomAccessFileManager /home/alex/Repositories/hive/beeline/target/tmp/alex/operation_logs/8c942d09-ff88-4826-9583-564cca126a24/alex_20240501045745_ffb15164-5106-4627-8115-46be4a7f7a10.test
2024-05-01T04:57:45,281  INFO [8c942d09-ff88-4826-9583-564cca126a24 main] operation.HiveCommandOperation: [opType=EXECUTE_STATEMENT, queryId=alex_20240501045745_ffb15164-5106-4627-8115-46be4a7f7a10, startTime=1714564665277, sessionId=8c942d09-ff88-4826-9583-564cca126a24, createTime=1714564665204, userName=null, ipAddress=null]
2024-05-01T04:57:45,290  INFO [8c942d09-ff88-4826-9583-564cca126a24 main] common.LogUtils: Unregistered logging context.
2024-05-01T04:57:45,293  INFO [8c942d09-ff88-4826-9583-564cca126a24 main] operation.OperationManager: Closing operation: OperationHandle [opType=EXECUTE_STATEMENT, getHandleIdentifier()=cfbfce20-e160-4c97-8f4e-02a57be8a999]
2024-05-01T04:57:45,293  INFO [8c942d09-ff88-4826-9583-564cca126a24 main] operation.OperationManager: Removed queryId: alex_20240501045745_ffb15164-5106-4627-8115-46be4a7f7a10 corresponding to operation: OperationHandle [opType=EXECUTE_STATEMENT, getHandleIdentifier()=cfbfce20-e160-4c97-8f4e-02a57be8a999] with tag: null
2024-05-01T04:57:45,294  INFO [8c942d09-ff88-4826-9583-564cca126a24 main] operation.HiveCommandOperation: Closing operation log /home/alex/Repositories/hive/beeline/target/tmp/alex/operation_logs/8c942d09-ff88-4826-9583-564cca126a24/alex_20240501045745_ffb15164-5106-4627-8115-46be4a7f7a10 without delay
2024-05-01T04:57:45,303  INFO [8c942d09-ff88-4826-9583-564cca126a24 main] session.HiveSessionImpl: executing show tables
2024-05-01T04:57:45,304  INFO [8c942d09-ff88-4826-9583-564cca126a24 main] operation.OperationManager: Adding operation: OperationHandle [opType=EXECUTE_STATEMENT, getHandleIdentifier()=5c628755-65a1-4e2d-a817-19d3f37f4eb6] SessionHandle [8c942d09-ff88-4826-9583-564cca126a24]
2024-05-01T04:57:45,304  INFO [8c942d09-ff88-4826-9583-564cca126a24 main] common.LogUtils: Thread context registration is done.
DEBUG StatusLogger Building Plugin[name=filter, class=org.apache.hadoop.hive.ql.log.LogDivertAppender$NameFilter].
DEBUG StatusLogger createFilter(loggingLevel="EXECUTION")
DEBUG StatusLogger Building Plugin[name=layout, class=org.apache.logging.log4j.core.layout.PatternLayout].
DEBUG StatusLogger PatternLayout$Builder(pattern="%-5p : %m%n", PatternSelector=null, Configuration(HiveLog4j2Test), Replace=null, charset="null", alwaysWriteExceptions="null", disableAnsi="null", noConsoleNoAnsi="null", header="null", footer="null")
DEBUG StatusLogger Building Plugin[name=appender, class=org.apache.hadoop.hive.ql.log.HushableRandomAccessFileAppender].
DEBUG StatusLogger createAppender(fileName="/home/alex/Repositories/hive/beeline/target/tmp/alex/operation_logs/8c942d09-ff88-4826-9583-564cca126a24/alex_20240501045745_5e339b01-bf36-4474-b99a-e220621ea89f", append="null", name="query-file-appender", immediateFlush="null", bufferSize="null", ignoreExceptions="null", PatternLayout(org.apache.logging.log4j.core.layout.PatternLayout with name PatternLayout), NameFilter(org.apache.hadoop.hive.ql.log.LogDivertAppender$NameFilter with name NameFilter), advertise="null", advertiseURI="null", Configuration(HiveLog4j2Test))
DEBUG StatusLogger Starting RandomAccessFileManager /home/alex/Repositories/hive/beeline/target/tmp/alex/operation_logs/8c942d09-ff88-4826-9583-564cca126a24/alex_20240501045745_5e339b01-bf36-4474-b99a-e220621ea89f
DEBUG StatusLogger Building Plugin[name=, class=org.apache.hadoop.hive.ql.log.LogDivertAppenderForTest$TestFilter].
DEBUG StatusLogger createFilter()
DEBUG StatusLogger Building Plugin[name=, class=org.apache.logging.log4j.core.layout.PatternLayout].
DEBUG StatusLogger PatternLayout$Builder(pattern="%-5p : %m%n", PatternSelector=null, Configuration(HiveLog4j2Test), Replace=null, charset="null", alwaysWriteExceptions="null", disableAnsi="null", noConsoleNoAnsi="null", header="null", footer="null")
DEBUG StatusLogger Building Plugin[name=appender, class=org.apache.hadoop.hive.ql.log.HushableRandomAccessFileAppender].
DEBUG StatusLogger createAppender(fileName="/home/alex/Repositories/hive/beeline/target/tmp/alex/operation_logs/8c942d09-ff88-4826-9583-564cca126a24/alex_20240501045745_5e339b01-bf36-4474-b99a-e220621ea89f.test", append="null", name="test-query-file-appender", immediateFlush="null", bufferSize="null", ignoreExceptions="null", PatternLayout(org.apache.logging.log4j.core.layout.PatternLayout with name PatternLayout), test-filter(org.apache.hadoop.hive.ql.log.LogDivertAppenderForTest$TestFilter with name test-filter), advertise="null", advertiseURI="null", Configuration(HiveLog4j2Test))
DEBUG StatusLogger Starting RandomAccessFileManager /home/alex/Repositories/hive/beeline/target/tmp/alex/operation_logs/8c942d09-ff88-4826-9583-564cca126a24/alex_20240501045745_5e339b01-bf36-4474-b99a-e220621ea89f.test
2024-05-01T04:57:45,309  INFO [8c942d09-ff88-4826-9583-564cca126a24 main] operation.SQLOperation: [opType=EXECUTE_STATEMENT, queryId=alex_20240501045745_5e339b01-bf36-4474-b99a-e220621ea89f, startTime=1714564665303, sessionId=8c942d09-ff88-4826-9583-564cca126a24, createTime=1714564665204, userName=null, ipAddress=null]
2024-05-01T04:57:45,310  INFO [8c942d09-ff88-4826-9583-564cca126a24 main] ql.Driver: Compiling command(queryId=alex_20240501045745_5e339b01-bf36-4474-b99a-e220621ea89f): show tables
2024-05-01T04:57:45,311  INFO [8c942d09-ff88-4826-9583-564cca126a24 main] metastore.HiveMetaStoreClient: HMS client filtering is enabled.
2024-05-01T04:57:45,311  INFO [8c942d09-ff88-4826-9583-564cca126a24 main] metastore.HMSHandler: 0: Opening raw store with implementation class:org.apache.hadoop.hive.metastore.ObjectStore
2024-05-01T04:57:45,312  INFO [8c942d09-ff88-4826-9583-564cca126a24 main] metastore.PersistenceManagerProvider: Configuration datanucleus.autoStartMechanismMode is not set. Defaulting to 'ignored'
2024-05-01T04:57:45,313  INFO [8c942d09-ff88-4826-9583-564cca126a24 main] metastore.ObjectStore: RawStore: org.apache.hadoop.hive.metastore.ObjectStore@8af1c49, with PersistenceManager: null will be shutdown
2024-05-01T04:57:45,313  INFO [8c942d09-ff88-4826-9583-564cca126a24 main] metastore.ObjectStore: RawStore: org.apache.hadoop.hive.metastore.ObjectStore@8af1c49, with PersistenceManager: org.datanucleus.api.jdo.JDOPersistenceManager@70d5d96b created in the thread with id: 1
2024-05-01T04:57:45,318  INFO [8c942d09-ff88-4826-9583-564cca126a24 main] metastore.HMSHandler: Created RawStore: org.apache.hadoop.hive.metastore.ObjectStore@8af1c49 from thread id: 1
2024-05-01T04:57:45,318  INFO [8c942d09-ff88-4826-9583-564cca126a24 main] metastore.HMSHandler: HMS server filtering is disabled by configuration
2024-05-01T04:57:45,318  INFO [8c942d09-ff88-4826-9583-564cca126a24 main] metastore.RetryingMetaStoreClient: RetryingMetaStoreClient proxy=class org.apache.hadoop.hive.ql.metadata.SessionHiveMetaStoreClient ugi=alex (auth:SIMPLE) retries=1 delay=1 lifetime=0
2024-05-01T04:57:45,323  INFO [8c942d09-ff88-4826-9583-564cca126a24 main] HiveMetaStore.audit: ugi=alex	ip=unknown-ip-addr	cmd=get_database: default	
2024-05-01T04:57:45,325  INFO [8c942d09-ff88-4826-9583-564cca126a24 main] ql.Driver: Semantic Analysis Completed (retrial = false)
2024-05-01T04:57:45,325  INFO [8c942d09-ff88-4826-9583-564cca126a24 main] ql.Driver: Created Hive schema: Schema(fieldSchemas:[FieldSchema(name:tab_name, type:string, comment:from deserializer)], properties:null)
2024-05-01T04:57:45,326  INFO [8c942d09-ff88-4826-9583-564cca126a24 main] exec.ListSinkOperator: Initializing Operator: LIST_SINK[0]
2024-05-01T04:57:45,326  INFO [8c942d09-ff88-4826-9583-564cca126a24 main] metadata.Hive: Dumping metastore api call timing information for : compilation phase
2024-05-01T04:57:45,326  INFO [8c942d09-ff88-4826-9583-564cca126a24 main] metadata.Hive: Total time spent in each metastore function (ms): {isCompatibleWith_(Configuration)=0, getDatabase_(String)=2, flushCache_()=0}
2024-05-01T04:57:45,326  INFO [8c942d09-ff88-4826-9583-564cca126a24 main] ql.Driver: Completed compiling command(queryId=alex_20240501045745_5e339b01-bf36-4474-b99a-e220621ea89f); Time taken: 0.016 seconds
2024-05-01T04:57:45,327  INFO [8c942d09-ff88-4826-9583-564cca126a24 main] common.LogUtils: Unregistered logging context.
2024-05-01T04:57:45,327  INFO [HiveServer2-Background-Pool: Thread-200] common.LogUtils: Thread context registration is done.
2024-05-01T04:57:45,328  INFO [HiveServer2-Background-Pool: Thread-200] reexec.ReExecDriver: Execution #1 of query
2024-05-01T04:57:45,328  INFO [HiveServer2-Background-Pool: Thread-200] ql.Driver: Concurrency mode is disabled, not creating a lock manager
2024-05-01T04:57:45,328  INFO [HiveServer2-Background-Pool: Thread-200] ql.Driver: Executing command(queryId=alex_20240501045745_5e339b01-bf36-4474-b99a-e220621ea89f): show tables
2024-05-01T04:57:45,329  INFO [HiveServer2-Background-Pool: Thread-200] ql.Driver: Starting task [Stage-0:DDL] in serial mode
2024-05-01T04:57:45,330  INFO [HiveServer2-Background-Pool: Thread-200] HiveMetaStore.audit: ugi=alex	ip=unknown-ip-addr	cmd=get_database: default	
2024-05-01T04:57:45,331  INFO [HiveServer2-Background-Pool: Thread-200] metastore.HMSHandler: 9: Opening raw store with implementation class:org.apache.hadoop.hive.metastore.ObjectStore
2024-05-01T04:57:45,331  INFO [HiveServer2-Background-Pool: Thread-200] metastore.ObjectStore: RawStore: org.apache.hadoop.hive.metastore.ObjectStore@84594af, with PersistenceManager: null will be shutdown
2024-05-01T04:57:45,332  INFO [HiveServer2-Background-Pool: Thread-200] metastore.ObjectStore: RawStore: org.apache.hadoop.hive.metastore.ObjectStore@84594af, with PersistenceManager: org.datanucleus.api.jdo.JDOPersistenceManager@5746bcd3 created in the thread with id: 200
2024-05-01T04:57:45,335  INFO [HiveServer2-Background-Pool: Thread-200] metastore.HMSHandler: Created RawStore: org.apache.hadoop.hive.metastore.ObjectStore@84594af from thread id: 200
2024-05-01T04:57:45,337  INFO [HiveServer2-Background-Pool: Thread-200] HiveMetaStore.audit: ugi=alex	ip=unknown-ip-addr	cmd=get_multi_table : db=default tbls=null	
2024-05-01T04:57:45,340  INFO [HiveServer2-Background-Pool: Thread-200] sqlstd.SQLStdHiveAccessController: Created SQLStdHiveAccessController for session context : HiveAuthzSessionContext [sessionString=8c942d09-ff88-4826-9583-564cca126a24, clientType=HIVESERVER2]
2024-05-01T04:57:45,348  INFO [HiveServer2-Background-Pool: Thread-200] metadata.Hive: Dumping metastore api call timing information for : execution phase
2024-05-01T04:57:45,348  INFO [HiveServer2-Background-Pool: Thread-200] metadata.Hive: Total time spent in each metastore function (ms): {isCompatibleWith_(Configuration)=0, getDatabase_(String)=7, getTables_(String, String)=4}
2024-05-01T04:57:45,348  INFO [HiveServer2-Background-Pool: Thread-200] ql.Driver: Completed executing command(queryId=alex_20240501045745_5e339b01-bf36-4474-b99a-e220621ea89f); Time taken: 0.02 seconds
2024-05-01T04:57:45,348  INFO [HiveServer2-Background-Pool: Thread-200] common.LogUtils: Unregistered logging context.
2024-05-01T04:57:45,351  INFO [8c942d09-ff88-4826-9583-564cca126a24 main] operation.OperationManager: Closing operation: OperationHandle [opType=EXECUTE_STATEMENT, getHandleIdentifier()=5c628755-65a1-4e2d-a817-19d3f37f4eb6]
2024-05-01T04:57:45,351  INFO [8c942d09-ff88-4826-9583-564cca126a24 main] operation.OperationManager: Removed queryId: alex_20240501045745_5e339b01-bf36-4474-b99a-e220621ea89f corresponding to operation: OperationHandle [opType=EXECUTE_STATEMENT, getHandleIdentifier()=5c628755-65a1-4e2d-a817-19d3f37f4eb6] with tag: null
2024-05-01T04:57:45,351  INFO [8c942d09-ff88-4826-9583-564cca126a24 main] ql.Context: Deleting scratch dir: file:/home/alex/Repositories/hive/beeline/target/tmp/alex/8c942d09-ff88-4826-9583-564cca126a24/hive_2024-05-01_04-57-45_309_1466563834465206495-1
2024-05-01T04:57:45,351  INFO [8c942d09-ff88-4826-9583-564cca126a24 main] cleanup.EventualCleanupService: Delete file:/home/alex/Repositories/hive/beeline/target/tmp/alex/8c942d09-ff88-4826-9583-564cca126a24/hive_2024-05-01_04-57-45_309_1466563834465206495-1 operation was queued
2024-05-01T04:57:45,351  INFO [8c942d09-ff88-4826-9583-564cca126a24 main] exec.ListSinkOperator: Closing Operator: LIST_SINK[0]
2024-05-01T04:57:45,351  INFO [8c942d09-ff88-4826-9583-564cca126a24 main] exec.ListSinkOperator: RECORDS_OUT_INTERMEDIATE:0, RECORDS_OUT_OPERATOR_LIST_SINK_0:0, 
2024-05-01T04:57:45,352  INFO [8c942d09-ff88-4826-9583-564cca126a24 main] operation.SQLOperation: Closing operation log /home/alex/Repositories/hive/beeline/target/tmp/alex/operation_logs/8c942d09-ff88-4826-9583-564cca126a24/alex_20240501045745_5e339b01-bf36-4474-b99a-e220621ea89f without delay
2024-05-01T04:57:45,352  INFO [EventualCleanupService thread 0] cleanup.EventualCleanupService: Deleted file:/home/alex/Repositories/hive/beeline/target/tmp/alex/8c942d09-ff88-4826-9583-564cca126a24/hive_2024-05-01_04-57-45_309_1466563834465206495-1
2024-05-01T04:57:45,363  INFO [main] service.CompositeService: Session closed, SessionHandle [8c942d09-ff88-4826-9583-564cca126a24], current sessions:0
2024-05-01T04:57:45,363  INFO [8c942d09-ff88-4826-9583-564cca126a24 main] session.HiveSessionImpl: Operation log session directory is deleted: /home/alex/Repositories/hive/beeline/target/tmp/alex/operation_logs/8c942d09-ff88-4826-9583-564cca126a24
2024-05-01T04:57:45,364  INFO [main] cleanup.EventualCleanupService: Delete /tmp/hive/alex/8c942d09-ff88-4826-9583-564cca126a24 operation was queued
2024-05-01T04:57:45,364  INFO [main] cleanup.EventualCleanupService: Delete /home/alex/Repositories/hive/beeline/target/tmp/alex/8c942d09-ff88-4826-9583-564cca126a24 operation was queued
2024-05-01T04:57:45,364  INFO [EventualCleanupService thread 1] cleanup.EventualCleanupService: Deleted /tmp/hive/alex/8c942d09-ff88-4826-9583-564cca126a24
2024-05-01T04:57:45,364  INFO [EventualCleanupService thread 2] cleanup.EventualCleanupService: Deleted /home/alex/Repositories/hive/beeline/target/tmp/alex/8c942d09-ff88-4826-9583-564cca126a24
2024-05-01T04:57:45,365  INFO [main] HiveMetaStore.audit: ugi=alex	ip=unknown-ip-addr	cmd=Cleaning up thread local RawStore...	
2024-05-01T04:57:45,365  INFO [main] metastore.ObjectStore: RawStore: org.apache.hadoop.hive.metastore.ObjectStore@8af1c49, with PersistenceManager: org.datanucleus.api.jdo.JDOPersistenceManager@70d5d96b will be shutdown
2024-05-01T04:57:45,365  INFO [main] HiveMetaStore.audit: ugi=alex	ip=unknown-ip-addr	cmd=Done cleaning up thread local RawStore	
2024-05-01T04:57:45,365  INFO [main] metastore.HiveMetaStoreClient: Closed a connection to metastore, current connections: -10
]]></system-err>
  </testcase>
  <testcase name="testHelp" classname="org.apache.hive.beeline.cli.TestHiveCli" time="0.002"/>
  <testcase name="testSourceCmd" classname="org.apache.hive.beeline.cli.TestHiveCli" time="0.354">
    <failure type="java.lang.AssertionError"><![CDATA[java.lang.AssertionError: The expected keyword "sc1" occur in the output: 
	at org.junit.Assert.fail(Assert.java:89)
	at org.junit.Assert.assertTrue(Assert.java:42)
	at org.apache.hive.beeline.cli.TestHiveCli.verifyCMD(TestHiveCli.java:270)
	at org.apache.hive.beeline.cli.TestHiveCli.testSourceCmd(TestHiveCli.java:114)
	at sun.reflect.NativeMethodAccessorImpl.invoke0(Native Method)
	at sun.reflect.NativeMethodAccessorImpl.invoke(NativeMethodAccessorImpl.java:62)
	at sun.reflect.DelegatingMethodAccessorImpl.invoke(DelegatingMethodAccessorImpl.java:43)
	at java.lang.reflect.Method.invoke(Method.java:498)
	at org.junit.runners.model.FrameworkMethod$1.runReflectiveCall(FrameworkMethod.java:59)
	at org.junit.internal.runners.model.ReflectiveCallable.run(ReflectiveCallable.java:12)
	at org.junit.runners.model.FrameworkMethod.invokeExplosively(FrameworkMethod.java:56)
	at org.junit.internal.runners.statements.InvokeMethod.evaluate(InvokeMethod.java:17)
	at org.junit.internal.runners.statements.RunBefores.evaluate(RunBefores.java:26)
	at org.junit.internal.runners.statements.RunAfters.evaluate(RunAfters.java:27)
	at org.junit.runners.ParentRunner$3.evaluate(ParentRunner.java:306)
	at org.junit.runners.BlockJUnit4ClassRunner$1.evaluate(BlockJUnit4ClassRunner.java:100)
	at org.junit.runners.ParentRunner.runLeaf(ParentRunner.java:366)
	at org.junit.runners.BlockJUnit4ClassRunner.runChild(BlockJUnit4ClassRunner.java:103)
	at org.junit.runners.BlockJUnit4ClassRunner.runChild(BlockJUnit4ClassRunner.java:63)
	at org.junit.runners.ParentRunner$4.run(ParentRunner.java:331)
	at org.junit.runners.ParentRunner$1.schedule(ParentRunner.java:79)
	at org.junit.runners.ParentRunner.runChildren(ParentRunner.java:329)
	at org.junit.runners.ParentRunner.access$100(ParentRunner.java:66)
	at org.junit.runners.ParentRunner$2.evaluate(ParentRunner.java:293)
	at org.junit.internal.runners.statements.RunBefores.evaluate(RunBefores.java:26)
	at org.junit.runners.ParentRunner$3.evaluate(ParentRunner.java:306)
	at org.junit.runners.ParentRunner.run(ParentRunner.java:413)
	at org.junit.runner.JUnitCore.run(JUnitCore.java:137)
	at org.junit.runner.JUnitCore.run(JUnitCore.java:115)
	at org.junit.vintage.engine.execution.RunnerExecutor.execute(RunnerExecutor.java:43)
	at java.util.stream.ForEachOps$ForEachOp$OfRef.accept(ForEachOps.java:183)
	at java.util.stream.ReferencePipeline$3$1.accept(ReferencePipeline.java:193)
	at java.util.Iterator.forEachRemaining(Iterator.java:116)
	at java.util.Spliterators$IteratorSpliterator.forEachRemaining(Spliterators.java:1801)
	at java.util.stream.AbstractPipeline.copyInto(AbstractPipeline.java:482)
	at java.util.stream.AbstractPipeline.wrapAndCopyInto(AbstractPipeline.java:472)
	at java.util.stream.ForEachOps$ForEachOp.evaluateSequential(ForEachOps.java:150)
	at java.util.stream.ForEachOps$ForEachOp$OfRef.evaluateSequential(ForEachOps.java:173)
	at java.util.stream.AbstractPipeline.evaluate(AbstractPipeline.java:234)
	at java.util.stream.ReferencePipeline.forEach(ReferencePipeline.java:485)
	at org.junit.vintage.engine.VintageTestEngine.executeAllChildren(VintageTestEngine.java:82)
	at org.junit.vintage.engine.VintageTestEngine.execute(VintageTestEngine.java:73)
	at org.junit.platform.launcher.core.DefaultLauncher.execute(DefaultLauncher.java:248)
	at org.junit.platform.launcher.core.DefaultLauncher.lambda$execute$5(DefaultLauncher.java:211)
	at org.junit.platform.launcher.core.DefaultLauncher.withInterceptedStreams(DefaultLauncher.java:226)
	at org.junit.platform.launcher.core.DefaultLauncher.execute(DefaultLauncher.java:199)
	at org.junit.platform.launcher.core.DefaultLauncher.execute(DefaultLauncher.java:132)
	at org.apache.maven.surefire.junitplatform.JUnitPlatformProvider.invokeAllTests(JUnitPlatformProvider.java:154)
	at org.apache.maven.surefire.junitplatform.JUnitPlatformProvider.invoke(JUnitPlatformProvider.java:123)
	at org.apache.maven.surefire.booter.ForkedBooter.runSuitesInProcess(ForkedBooter.java:377)
	at org.apache.maven.surefire.booter.ForkedBooter.execute(ForkedBooter.java:138)
	at org.apache.maven.surefire.booter.ForkedBooter.run(ForkedBooter.java:465)
	at org.apache.maven.surefire.booter.ForkedBooter.main(ForkedBooter.java:451)
]]></failure>
    <system-err><![CDATA[2024-05-01T04:57:45,369 ERROR [main] cli.TestHiveCli: Failed to execute command due to the error: java.lang.NullPointerException: Null output stream
2024-05-01T04:57:45,431  WARN [main] conf.HiveConf: HiveConf of name hive.dummyparam.test.server.specific.config.override does not exist
2024-05-01T04:57:45,431  WARN [main] conf.HiveConf: HiveConf of name hive.dummyparam.test.server.specific.config.hiveserver2site does not exist
2024-05-01T04:57:45,431  WARN [main] conf.HiveConf: HiveConf of name hive.dummyparam.test.server.specific.config.metastoresite does not exist
2024-05-01T04:57:45,432  INFO [main] SessionState: Hive Session ID = 061924b9-c71a-4537-9a61-6a3d06642b52
2024-05-01T04:57:45,432  INFO [main] DependencyResolver: ivysettings.xml file not found in HIVE_HOME or HIVE_CONF_DIR,/home/alex/Repositories/hive/conf/ivysettings.xml will be used
2024-05-01T04:57:45,440  INFO [main] session.SessionState: Created HDFS directory: /tmp/hive/alex/061924b9-c71a-4537-9a61-6a3d06642b52
2024-05-01T04:57:45,443  INFO [main] session.SessionState: Created local directory: /home/alex/Repositories/hive/beeline/target/tmp/alex/061924b9-c71a-4537-9a61-6a3d06642b52
2024-05-01T04:57:45,446  INFO [main] session.SessionState: Created HDFS directory: /tmp/hive/alex/061924b9-c71a-4537-9a61-6a3d06642b52/_tmp_space.db
2024-05-01T04:57:45,447  INFO [main] sqlstd.SQLStdHiveAccessController: Created SQLStdHiveAccessController for session context : HiveAuthzSessionContext [sessionString=061924b9-c71a-4537-9a61-6a3d06642b52, clientType=HIVESERVER2]
2024-05-01T04:57:45,448  INFO [main] metastore.HiveMetaStoreClient: HMS client filtering is enabled.
2024-05-01T04:57:45,448  INFO [main] metastore.HMSHandler: 0: Opening raw store with implementation class:org.apache.hadoop.hive.metastore.ObjectStore
2024-05-01T04:57:45,448  INFO [main] metastore.PersistenceManagerProvider: Configuration datanucleus.autoStartMechanismMode is not set. Defaulting to 'ignored'
2024-05-01T04:57:45,449  INFO [main] metastore.ObjectStore: RawStore: org.apache.hadoop.hive.metastore.ObjectStore@73b0ed03, with PersistenceManager: null will be shutdown
2024-05-01T04:57:45,449  INFO [main] metastore.ObjectStore: RawStore: org.apache.hadoop.hive.metastore.ObjectStore@73b0ed03, with PersistenceManager: org.datanucleus.api.jdo.JDOPersistenceManager@55061418 created in the thread with id: 1
2024-05-01T04:57:45,452  INFO [main] metastore.HMSHandler: Created RawStore: org.apache.hadoop.hive.metastore.ObjectStore@73b0ed03 from thread id: 1
2024-05-01T04:57:45,452  INFO [main] metastore.HMSHandler: HMS server filtering is disabled by configuration
2024-05-01T04:57:45,453  INFO [main] metastore.RetryingMetaStoreClient: RetryingMetaStoreClient proxy=class org.apache.hadoop.hive.ql.metadata.SessionHiveMetaStoreClient ugi=alex (auth:SIMPLE) retries=1 delay=1 lifetime=0
2024-05-01T04:57:45,453  INFO [main] service.CompositeService: Operation log root directory is created: /home/alex/Repositories/hive/beeline/target/tmp/alex/operation_logs
2024-05-01T04:57:45,453  INFO [main] service.CompositeService: HiveServer2: Background operation thread pool size: 100
2024-05-01T04:57:45,453  INFO [main] service.CompositeService: HiveServer2: Background operation thread wait queue size: 100
2024-05-01T04:57:45,453  INFO [main] service.CompositeService: HiveServer2: Background operation thread keepalive time: 10 seconds
2024-05-01T04:57:45,453  INFO [main] service.CompositeService: Connections limit are user: 0 ipaddress: 0 user-ipaddress: 0
2024-05-01T04:57:45,455  INFO [main] cleanup.EventualCleanupService: EventualCleanupService started with 10 threads and queue of size 10000
ERROR StatusLogger Log4j2 ConfigurationScheduler attempted to increment scheduled items after start
ERROR StatusLogger Log4j2 ConfigurationScheduler attempted to increment scheduled items after start
2024-05-01T04:57:45,456  INFO [main] service.AbstractService: Service:OperationManager is inited.
2024-05-01T04:57:45,456  INFO [main] service.AbstractService: Service:SessionManager is inited.
2024-05-01T04:57:45,456  INFO [main] service.AbstractService: Service:CLIService is inited.
2024-05-01T04:57:45,456  INFO [main] service.AbstractService: Service:OperationManager is started.
2024-05-01T04:57:45,456  INFO [main] service.AbstractService: Service:SessionManager is started.
2024-05-01T04:57:45,457  INFO [main] service.AbstractService: Service:CLIService is started.
2024-05-01T04:57:45,457  INFO [main] service.AbstractService: Service:ThriftBinaryCLIService is inited.
2024-05-01T04:57:45,457  INFO [main] thrift.ThriftCLIService: Client protocol version: HIVE_CLI_SERVICE_PROTOCOL_V10
2024-05-01T04:57:45,457  INFO [main] thrift.ThriftCLIService: Creating Hive session handle for user [null] from IP null
2024-05-01T04:57:45,458  INFO [main] DependencyResolver: ivysettings.xml file not found in HIVE_HOME or HIVE_CONF_DIR,/home/alex/Repositories/hive/conf/ivysettings.xml will be used
2024-05-01T04:57:45,465  INFO [main] session.SessionState: Created HDFS directory: /tmp/hive/alex/6450b6a8-3d1b-4de3-9476-6671e4c8e997
2024-05-01T04:57:45,469  INFO [main] session.SessionState: Created local directory: /home/alex/Repositories/hive/beeline/target/tmp/alex/6450b6a8-3d1b-4de3-9476-6671e4c8e997
2024-05-01T04:57:45,472  INFO [main] session.SessionState: Created HDFS directory: /tmp/hive/alex/6450b6a8-3d1b-4de3-9476-6671e4c8e997/_tmp_space.db
2024-05-01T04:57:45,472  INFO [main] session.SessionState: Reloading auxiliary JAR files
2024-05-01T04:57:45,472  WARN [main] session.SessionState: Configuration hive.reloadable.aux.jars.path not specified
2024-05-01T04:57:45,473  INFO [main] HiveMetaStore.audit: ugi=alex	ip=unknown-ip-addr	cmd=Cleaning up thread local RawStore...	
2024-05-01T04:57:45,473  INFO [main] metastore.ObjectStore: RawStore: org.apache.hadoop.hive.metastore.ObjectStore@73b0ed03, with PersistenceManager: org.datanucleus.api.jdo.JDOPersistenceManager@55061418 will be shutdown
2024-05-01T04:57:45,473  INFO [main] HiveMetaStore.audit: ugi=alex	ip=unknown-ip-addr	cmd=Done cleaning up thread local RawStore	
2024-05-01T04:57:45,473  INFO [main] metastore.HiveMetaStoreClient: Closed a connection to metastore, current connections: -11
2024-05-01T04:57:45,474  INFO [main] session.HiveSessionImpl: Operation log session directory is created: /home/alex/Repositories/hive/beeline/target/tmp/alex/operation_logs/6450b6a8-3d1b-4de3-9476-6671e4c8e997
2024-05-01T04:57:45,474  INFO [main] service.CompositeService: Session opened, SessionHandle [6450b6a8-3d1b-4de3-9476-6671e4c8e997], current sessions:1
2024-05-01T04:57:45,474  INFO [main] thrift.ThriftCLIService: Login attempt is successful for user : null
2024-05-01T04:57:45,524  WARN [main] conf.HiveConf: HiveConf of name hive.dummyparam.test.server.specific.config.override does not exist
2024-05-01T04:57:45,524  WARN [main] conf.HiveConf: HiveConf of name hive.dummyparam.test.server.specific.config.hiveserver2site does not exist
2024-05-01T04:57:45,524  WARN [main] conf.HiveConf: HiveConf of name hive.dummyparam.test.server.specific.config.metastoresite does not exist
2024-05-01T04:57:45,525  INFO [6450b6a8-3d1b-4de3-9476-6671e4c8e997 main] session.HiveSessionImpl: executing set
2024-05-01T04:57:45,525  INFO [6450b6a8-3d1b-4de3-9476-6671e4c8e997 main] operation.HiveCommandOperation: Putting temp output to file /home/alex/Repositories/hive/beeline/target/tmp/alex/6450b6a8-3d1b-4de3-9476-6671e4c8e9972397717908423522689.pipeout and error output to file /home/alex/Repositories/hive/beeline/target/tmp/alex/6450b6a8-3d1b-4de3-9476-6671e4c8e9974587836532336146622.pipeout
2024-05-01T04:57:45,525  INFO [6450b6a8-3d1b-4de3-9476-6671e4c8e997 main] operation.OperationManager: Adding operation: OperationHandle [opType=EXECUTE_STATEMENT, getHandleIdentifier()=b0ab4500-0828-4056-89ac-dce42d345671] SessionHandle [6450b6a8-3d1b-4de3-9476-6671e4c8e997]
2024-05-01T04:57:45,525  INFO [6450b6a8-3d1b-4de3-9476-6671e4c8e997 main] common.LogUtils: Thread context registration is done.
DEBUG StatusLogger Building Plugin[name=filter, class=org.apache.hadoop.hive.ql.log.LogDivertAppender$NameFilter].
DEBUG StatusLogger createFilter(loggingLevel="EXECUTION")
DEBUG StatusLogger Building Plugin[name=layout, class=org.apache.logging.log4j.core.layout.PatternLayout].
DEBUG StatusLogger PatternLayout$Builder(pattern="%-5p : %m%n", PatternSelector=null, Configuration(HiveLog4j2Test), Replace=null, charset="null", alwaysWriteExceptions="null", disableAnsi="null", noConsoleNoAnsi="null", header="null", footer="null")
DEBUG StatusLogger Building Plugin[name=appender, class=org.apache.hadoop.hive.ql.log.HushableRandomAccessFileAppender].
DEBUG StatusLogger createAppender(fileName="/home/alex/Repositories/hive/beeline/target/tmp/alex/operation_logs/6450b6a8-3d1b-4de3-9476-6671e4c8e997/alex_20240501045745_210b120b-303a-4458-995e-4c68be300561", append="null", name="query-file-appender", immediateFlush="null", bufferSize="null", ignoreExceptions="null", PatternLayout(org.apache.logging.log4j.core.layout.PatternLayout with name PatternLayout), NameFilter(org.apache.hadoop.hive.ql.log.LogDivertAppender$NameFilter with name NameFilter), advertise="null", advertiseURI="null", Configuration(HiveLog4j2Test))
DEBUG StatusLogger Starting RandomAccessFileManager /home/alex/Repositories/hive/beeline/target/tmp/alex/operation_logs/6450b6a8-3d1b-4de3-9476-6671e4c8e997/alex_20240501045745_210b120b-303a-4458-995e-4c68be300561
DEBUG StatusLogger Building Plugin[name=, class=org.apache.hadoop.hive.ql.log.LogDivertAppenderForTest$TestFilter].
DEBUG StatusLogger createFilter()
DEBUG StatusLogger Building Plugin[name=, class=org.apache.logging.log4j.core.layout.PatternLayout].
DEBUG StatusLogger PatternLayout$Builder(pattern="%-5p : %m%n", PatternSelector=null, Configuration(HiveLog4j2Test), Replace=null, charset="null", alwaysWriteExceptions="null", disableAnsi="null", noConsoleNoAnsi="null", header="null", footer="null")
DEBUG StatusLogger Building Plugin[name=appender, class=org.apache.hadoop.hive.ql.log.HushableRandomAccessFileAppender].
DEBUG StatusLogger createAppender(fileName="/home/alex/Repositories/hive/beeline/target/tmp/alex/operation_logs/6450b6a8-3d1b-4de3-9476-6671e4c8e997/alex_20240501045745_210b120b-303a-4458-995e-4c68be300561.test", append="null", name="test-query-file-appender", immediateFlush="null", bufferSize="null", ignoreExceptions="null", PatternLayout(org.apache.logging.log4j.core.layout.PatternLayout with name PatternLayout), test-filter(org.apache.hadoop.hive.ql.log.LogDivertAppenderForTest$TestFilter with name test-filter), advertise="null", advertiseURI="null", Configuration(HiveLog4j2Test))
DEBUG StatusLogger Starting RandomAccessFileManager /home/alex/Repositories/hive/beeline/target/tmp/alex/operation_logs/6450b6a8-3d1b-4de3-9476-6671e4c8e997/alex_20240501045745_210b120b-303a-4458-995e-4c68be300561.test
2024-05-01T04:57:45,529  INFO [6450b6a8-3d1b-4de3-9476-6671e4c8e997 main] operation.HiveCommandOperation: [opType=EXECUTE_STATEMENT, queryId=alex_20240501045745_210b120b-303a-4458-995e-4c68be300561, startTime=1714564665525, sessionId=6450b6a8-3d1b-4de3-9476-6671e4c8e997, createTime=1714564665457, userName=null, ipAddress=null]
2024-05-01T04:57:45,537  INFO [6450b6a8-3d1b-4de3-9476-6671e4c8e997 main] common.LogUtils: Unregistered logging context.
2024-05-01T04:57:45,540  INFO [6450b6a8-3d1b-4de3-9476-6671e4c8e997 main] operation.OperationManager: Closing operation: OperationHandle [opType=EXECUTE_STATEMENT, getHandleIdentifier()=b0ab4500-0828-4056-89ac-dce42d345671]
2024-05-01T04:57:45,540  INFO [6450b6a8-3d1b-4de3-9476-6671e4c8e997 main] operation.OperationManager: Removed queryId: alex_20240501045745_210b120b-303a-4458-995e-4c68be300561 corresponding to operation: OperationHandle [opType=EXECUTE_STATEMENT, getHandleIdentifier()=b0ab4500-0828-4056-89ac-dce42d345671] with tag: null
2024-05-01T04:57:45,541  INFO [6450b6a8-3d1b-4de3-9476-6671e4c8e997 main] operation.HiveCommandOperation: Closing operation log /home/alex/Repositories/hive/beeline/target/tmp/alex/operation_logs/6450b6a8-3d1b-4de3-9476-6671e4c8e997/alex_20240501045745_210b120b-303a-4458-995e-4c68be300561 without delay
2024-05-01T04:57:45,543  INFO [6450b6a8-3d1b-4de3-9476-6671e4c8e997 main] session.HiveSessionImpl: executing use test
2024-05-01T04:57:45,544  INFO [6450b6a8-3d1b-4de3-9476-6671e4c8e997 main] operation.OperationManager: Adding operation: OperationHandle [opType=EXECUTE_STATEMENT, getHandleIdentifier()=361a6b5f-cc17-4fad-8497-dd0423e3b0e5] SessionHandle [6450b6a8-3d1b-4de3-9476-6671e4c8e997]
2024-05-01T04:57:45,545  INFO [6450b6a8-3d1b-4de3-9476-6671e4c8e997 main] common.LogUtils: Thread context registration is done.
DEBUG StatusLogger Building Plugin[name=filter, class=org.apache.hadoop.hive.ql.log.LogDivertAppender$NameFilter].
DEBUG StatusLogger createFilter(loggingLevel="EXECUTION")
DEBUG StatusLogger Building Plugin[name=layout, class=org.apache.logging.log4j.core.layout.PatternLayout].
DEBUG StatusLogger PatternLayout$Builder(pattern="%-5p : %m%n", PatternSelector=null, Configuration(HiveLog4j2Test), Replace=null, charset="null", alwaysWriteExceptions="null", disableAnsi="null", noConsoleNoAnsi="null", header="null", footer="null")
DEBUG StatusLogger Building Plugin[name=appender, class=org.apache.hadoop.hive.ql.log.HushableRandomAccessFileAppender].
DEBUG StatusLogger createAppender(fileName="/home/alex/Repositories/hive/beeline/target/tmp/alex/operation_logs/6450b6a8-3d1b-4de3-9476-6671e4c8e997/alex_20240501045745_4c5f1449-b0f6-4992-9757-2dbf5dd746cc", append="null", name="query-file-appender", immediateFlush="null", bufferSize="null", ignoreExceptions="null", PatternLayout(org.apache.logging.log4j.core.layout.PatternLayout with name PatternLayout), NameFilter(org.apache.hadoop.hive.ql.log.LogDivertAppender$NameFilter with name NameFilter), advertise="null", advertiseURI="null", Configuration(HiveLog4j2Test))
DEBUG StatusLogger Starting RandomAccessFileManager /home/alex/Repositories/hive/beeline/target/tmp/alex/operation_logs/6450b6a8-3d1b-4de3-9476-6671e4c8e997/alex_20240501045745_4c5f1449-b0f6-4992-9757-2dbf5dd746cc
DEBUG StatusLogger Building Plugin[name=, class=org.apache.hadoop.hive.ql.log.LogDivertAppenderForTest$TestFilter].
DEBUG StatusLogger createFilter()
DEBUG StatusLogger Building Plugin[name=, class=org.apache.logging.log4j.core.layout.PatternLayout].
DEBUG StatusLogger PatternLayout$Builder(pattern="%-5p : %m%n", PatternSelector=null, Configuration(HiveLog4j2Test), Replace=null, charset="null", alwaysWriteExceptions="null", disableAnsi="null", noConsoleNoAnsi="null", header="null", footer="null")
DEBUG StatusLogger Building Plugin[name=appender, class=org.apache.hadoop.hive.ql.log.HushableRandomAccessFileAppender].
DEBUG StatusLogger createAppender(fileName="/home/alex/Repositories/hive/beeline/target/tmp/alex/operation_logs/6450b6a8-3d1b-4de3-9476-6671e4c8e997/alex_20240501045745_4c5f1449-b0f6-4992-9757-2dbf5dd746cc.test", append="null", name="test-query-file-appender", immediateFlush="null", bufferSize="null", ignoreExceptions="null", PatternLayout(org.apache.logging.log4j.core.layout.PatternLayout with name PatternLayout), test-filter(org.apache.hadoop.hive.ql.log.LogDivertAppenderForTest$TestFilter with name test-filter), advertise="null", advertiseURI="null", Configuration(HiveLog4j2Test))
DEBUG StatusLogger Starting RandomAccessFileManager /home/alex/Repositories/hive/beeline/target/tmp/alex/operation_logs/6450b6a8-3d1b-4de3-9476-6671e4c8e997/alex_20240501045745_4c5f1449-b0f6-4992-9757-2dbf5dd746cc.test
2024-05-01T04:57:45,549  INFO [6450b6a8-3d1b-4de3-9476-6671e4c8e997 main] operation.SQLOperation: [opType=EXECUTE_STATEMENT, queryId=alex_20240501045745_4c5f1449-b0f6-4992-9757-2dbf5dd746cc, startTime=1714564665544, sessionId=6450b6a8-3d1b-4de3-9476-6671e4c8e997, createTime=1714564665457, userName=null, ipAddress=null]
2024-05-01T04:57:45,551  INFO [6450b6a8-3d1b-4de3-9476-6671e4c8e997 main] ql.Driver: Compiling command(queryId=alex_20240501045745_4c5f1449-b0f6-4992-9757-2dbf5dd746cc): use test
2024-05-01T04:57:45,552  INFO [6450b6a8-3d1b-4de3-9476-6671e4c8e997 main] metastore.HiveMetaStoreClient: HMS client filtering is enabled.
2024-05-01T04:57:45,553  INFO [6450b6a8-3d1b-4de3-9476-6671e4c8e997 main] metastore.HMSHandler: 0: Opening raw store with implementation class:org.apache.hadoop.hive.metastore.ObjectStore
2024-05-01T04:57:45,553  INFO [6450b6a8-3d1b-4de3-9476-6671e4c8e997 main] metastore.PersistenceManagerProvider: Configuration datanucleus.autoStartMechanismMode is not set. Defaulting to 'ignored'
2024-05-01T04:57:45,554  INFO [6450b6a8-3d1b-4de3-9476-6671e4c8e997 main] metastore.ObjectStore: RawStore: org.apache.hadoop.hive.metastore.ObjectStore@5368e981, with PersistenceManager: null will be shutdown
2024-05-01T04:57:45,554  INFO [6450b6a8-3d1b-4de3-9476-6671e4c8e997 main] metastore.ObjectStore: RawStore: org.apache.hadoop.hive.metastore.ObjectStore@5368e981, with PersistenceManager: org.datanucleus.api.jdo.JDOPersistenceManager@1c171746 created in the thread with id: 1
2024-05-01T04:57:45,558  INFO [6450b6a8-3d1b-4de3-9476-6671e4c8e997 main] metastore.HMSHandler: Created RawStore: org.apache.hadoop.hive.metastore.ObjectStore@5368e981 from thread id: 1
2024-05-01T04:57:45,558  INFO [6450b6a8-3d1b-4de3-9476-6671e4c8e997 main] metastore.HMSHandler: HMS server filtering is disabled by configuration
2024-05-01T04:57:45,559  INFO [6450b6a8-3d1b-4de3-9476-6671e4c8e997 main] metastore.RetryingMetaStoreClient: RetryingMetaStoreClient proxy=class org.apache.hadoop.hive.ql.metadata.SessionHiveMetaStoreClient ugi=alex (auth:SIMPLE) retries=1 delay=1 lifetime=0
2024-05-01T04:57:45,559  INFO [6450b6a8-3d1b-4de3-9476-6671e4c8e997 main] HiveMetaStore.audit: ugi=alex	ip=unknown-ip-addr	cmd=get_database: test	
2024-05-01T04:57:45,561  INFO [6450b6a8-3d1b-4de3-9476-6671e4c8e997 main] ql.Driver: Semantic Analysis Completed (retrial = false)
2024-05-01T04:57:45,561  INFO [6450b6a8-3d1b-4de3-9476-6671e4c8e997 main] ql.Driver: Created Hive schema: Schema(fieldSchemas:null, properties:null)
2024-05-01T04:57:45,561  INFO [6450b6a8-3d1b-4de3-9476-6671e4c8e997 main] metadata.Hive: Dumping metastore api call timing information for : compilation phase
2024-05-01T04:57:45,561  INFO [6450b6a8-3d1b-4de3-9476-6671e4c8e997 main] metadata.Hive: Total time spent in each metastore function (ms): {isCompatibleWith_(Configuration)=0, getDatabase_(String)=2, flushCache_()=0}
2024-05-01T04:57:45,561  INFO [6450b6a8-3d1b-4de3-9476-6671e4c8e997 main] ql.Driver: Completed compiling command(queryId=alex_20240501045745_4c5f1449-b0f6-4992-9757-2dbf5dd746cc); Time taken: 0.01 seconds
2024-05-01T04:57:45,562  INFO [6450b6a8-3d1b-4de3-9476-6671e4c8e997 main] common.LogUtils: Unregistered logging context.
2024-05-01T04:57:45,562  INFO [HiveServer2-Background-Pool: Thread-226] common.LogUtils: Thread context registration is done.
2024-05-01T04:57:45,562  INFO [HiveServer2-Background-Pool: Thread-226] reexec.ReExecDriver: Execution #1 of query
2024-05-01T04:57:45,563  INFO [HiveServer2-Background-Pool: Thread-226] ql.Driver: Concurrency mode is disabled, not creating a lock manager
2024-05-01T04:57:45,563  INFO [HiveServer2-Background-Pool: Thread-226] ql.Driver: Executing command(queryId=alex_20240501045745_4c5f1449-b0f6-4992-9757-2dbf5dd746cc): use test
2024-05-01T04:57:45,563  INFO [HiveServer2-Background-Pool: Thread-226] ql.Driver: Starting task [Stage-0:DDL] in serial mode
2024-05-01T04:57:45,564  INFO [HiveServer2-Background-Pool: Thread-226] HiveMetaStore.audit: ugi=alex	ip=unknown-ip-addr	cmd=get_database: test	
2024-05-01T04:57:45,565  INFO [HiveServer2-Background-Pool: Thread-226] metastore.HMSHandler: 10: Opening raw store with implementation class:org.apache.hadoop.hive.metastore.ObjectStore
2024-05-01T04:57:45,565  INFO [HiveServer2-Background-Pool: Thread-226] metastore.ObjectStore: RawStore: org.apache.hadoop.hive.metastore.ObjectStore@62ec2623, with PersistenceManager: null will be shutdown
2024-05-01T04:57:45,566  INFO [HiveServer2-Background-Pool: Thread-226] metastore.ObjectStore: RawStore: org.apache.hadoop.hive.metastore.ObjectStore@62ec2623, with PersistenceManager: org.datanucleus.api.jdo.JDOPersistenceManager@27eeb41a created in the thread with id: 226
2024-05-01T04:57:45,569  INFO [HiveServer2-Background-Pool: Thread-226] metastore.HMSHandler: Created RawStore: org.apache.hadoop.hive.metastore.ObjectStore@62ec2623 from thread id: 226
2024-05-01T04:57:45,571  INFO [HiveServer2-Background-Pool: Thread-226] HiveMetaStore.audit: ugi=alex	ip=unknown-ip-addr	cmd=get_database: test	
2024-05-01T04:57:45,573  INFO [HiveServer2-Background-Pool: Thread-226] metadata.Hive: Dumping metastore api call timing information for : execution phase
2024-05-01T04:57:45,573  INFO [HiveServer2-Background-Pool: Thread-226] metadata.Hive: Total time spent in each metastore function (ms): {isCompatibleWith_(Configuration)=0, getDatabase_(String)=8}
2024-05-01T04:57:45,573  INFO [HiveServer2-Background-Pool: Thread-226] ql.Driver: Completed executing command(queryId=alex_20240501045745_4c5f1449-b0f6-4992-9757-2dbf5dd746cc); Time taken: 0.01 seconds
2024-05-01T04:57:45,573  INFO [HiveServer2-Background-Pool: Thread-226] common.LogUtils: Unregistered logging context.
2024-05-01T04:57:45,576  INFO [6450b6a8-3d1b-4de3-9476-6671e4c8e997 main] operation.OperationManager: Closing operation: OperationHandle [opType=EXECUTE_STATEMENT, getHandleIdentifier()=361a6b5f-cc17-4fad-8497-dd0423e3b0e5]
2024-05-01T04:57:45,576  INFO [6450b6a8-3d1b-4de3-9476-6671e4c8e997 main] operation.OperationManager: Removed queryId: alex_20240501045745_4c5f1449-b0f6-4992-9757-2dbf5dd746cc corresponding to operation: OperationHandle [opType=EXECUTE_STATEMENT, getHandleIdentifier()=361a6b5f-cc17-4fad-8497-dd0423e3b0e5] with tag: null
2024-05-01T04:57:45,576  INFO [6450b6a8-3d1b-4de3-9476-6671e4c8e997 main] operation.SQLOperation: Closing operation log /home/alex/Repositories/hive/beeline/target/tmp/alex/operation_logs/6450b6a8-3d1b-4de3-9476-6671e4c8e997/alex_20240501045745_4c5f1449-b0f6-4992-9757-2dbf5dd746cc without delay
2024-05-01T04:57:45,631  WARN [main] conf.HiveConf: HiveConf of name hive.dummyparam.test.server.specific.config.override does not exist
2024-05-01T04:57:45,631  WARN [main] conf.HiveConf: HiveConf of name hive.dummyparam.test.server.specific.config.hiveserver2site does not exist
2024-05-01T04:57:45,632  WARN [main] conf.HiveConf: HiveConf of name hive.dummyparam.test.server.specific.config.metastoresite does not exist
2024-05-01T04:57:45,632  INFO [6450b6a8-3d1b-4de3-9476-6671e4c8e997 main] session.HiveSessionImpl: executing set
2024-05-01T04:57:45,633  INFO [6450b6a8-3d1b-4de3-9476-6671e4c8e997 main] operation.HiveCommandOperation: Putting temp output to file /home/alex/Repositories/hive/beeline/target/tmp/alex/6450b6a8-3d1b-4de3-9476-6671e4c8e9972397717908423522689.pipeout and error output to file /home/alex/Repositories/hive/beeline/target/tmp/alex/6450b6a8-3d1b-4de3-9476-6671e4c8e9974587836532336146622.pipeout
2024-05-01T04:57:45,633  INFO [6450b6a8-3d1b-4de3-9476-6671e4c8e997 main] operation.OperationManager: Adding operation: OperationHandle [opType=EXECUTE_STATEMENT, getHandleIdentifier()=b189db85-c039-46a1-a0cd-30edc762628e] SessionHandle [6450b6a8-3d1b-4de3-9476-6671e4c8e997]
2024-05-01T04:57:45,633  INFO [6450b6a8-3d1b-4de3-9476-6671e4c8e997 main] common.LogUtils: Thread context registration is done.
DEBUG StatusLogger Building Plugin[name=filter, class=org.apache.hadoop.hive.ql.log.LogDivertAppender$NameFilter].
DEBUG StatusLogger createFilter(loggingLevel="EXECUTION")
DEBUG StatusLogger Building Plugin[name=layout, class=org.apache.logging.log4j.core.layout.PatternLayout].
DEBUG StatusLogger PatternLayout$Builder(pattern="%-5p : %m%n", PatternSelector=null, Configuration(HiveLog4j2Test), Replace=null, charset="null", alwaysWriteExceptions="null", disableAnsi="null", noConsoleNoAnsi="null", header="null", footer="null")
DEBUG StatusLogger Building Plugin[name=appender, class=org.apache.hadoop.hive.ql.log.HushableRandomAccessFileAppender].
DEBUG StatusLogger createAppender(fileName="/home/alex/Repositories/hive/beeline/target/tmp/alex/operation_logs/6450b6a8-3d1b-4de3-9476-6671e4c8e997/alex_20240501045745_aa1794b6-9329-48ff-9aee-1bfc5eed00dc", append="null", name="query-file-appender", immediateFlush="null", bufferSize="null", ignoreExceptions="null", PatternLayout(org.apache.logging.log4j.core.layout.PatternLayout with name PatternLayout), NameFilter(org.apache.hadoop.hive.ql.log.LogDivertAppender$NameFilter with name NameFilter), advertise="null", advertiseURI="null", Configuration(HiveLog4j2Test))
DEBUG StatusLogger Starting RandomAccessFileManager /home/alex/Repositories/hive/beeline/target/tmp/alex/operation_logs/6450b6a8-3d1b-4de3-9476-6671e4c8e997/alex_20240501045745_aa1794b6-9329-48ff-9aee-1bfc5eed00dc
DEBUG StatusLogger Building Plugin[name=, class=org.apache.hadoop.hive.ql.log.LogDivertAppenderForTest$TestFilter].
DEBUG StatusLogger createFilter()
DEBUG StatusLogger Building Plugin[name=, class=org.apache.logging.log4j.core.layout.PatternLayout].
DEBUG StatusLogger PatternLayout$Builder(pattern="%-5p : %m%n", PatternSelector=null, Configuration(HiveLog4j2Test), Replace=null, charset="null", alwaysWriteExceptions="null", disableAnsi="null", noConsoleNoAnsi="null", header="null", footer="null")
DEBUG StatusLogger Building Plugin[name=appender, class=org.apache.hadoop.hive.ql.log.HushableRandomAccessFileAppender].
DEBUG StatusLogger createAppender(fileName="/home/alex/Repositories/hive/beeline/target/tmp/alex/operation_logs/6450b6a8-3d1b-4de3-9476-6671e4c8e997/alex_20240501045745_aa1794b6-9329-48ff-9aee-1bfc5eed00dc.test", append="null", name="test-query-file-appender", immediateFlush="null", bufferSize="null", ignoreExceptions="null", PatternLayout(org.apache.logging.log4j.core.layout.PatternLayout with name PatternLayout), test-filter(org.apache.hadoop.hive.ql.log.LogDivertAppenderForTest$TestFilter with name test-filter), advertise="null", advertiseURI="null", Configuration(HiveLog4j2Test))
DEBUG StatusLogger Starting RandomAccessFileManager /home/alex/Repositories/hive/beeline/target/tmp/alex/operation_logs/6450b6a8-3d1b-4de3-9476-6671e4c8e997/alex_20240501045745_aa1794b6-9329-48ff-9aee-1bfc5eed00dc.test
2024-05-01T04:57:45,637  INFO [6450b6a8-3d1b-4de3-9476-6671e4c8e997 main] operation.HiveCommandOperation: [opType=EXECUTE_STATEMENT, queryId=alex_20240501045745_aa1794b6-9329-48ff-9aee-1bfc5eed00dc, startTime=1714564665632, sessionId=6450b6a8-3d1b-4de3-9476-6671e4c8e997, createTime=1714564665457, userName=null, ipAddress=null]
2024-05-01T04:57:45,645  INFO [6450b6a8-3d1b-4de3-9476-6671e4c8e997 main] common.LogUtils: Unregistered logging context.
2024-05-01T04:57:45,650  INFO [6450b6a8-3d1b-4de3-9476-6671e4c8e997 main] operation.OperationManager: Closing operation: OperationHandle [opType=EXECUTE_STATEMENT, getHandleIdentifier()=b189db85-c039-46a1-a0cd-30edc762628e]
2024-05-01T04:57:45,650  INFO [6450b6a8-3d1b-4de3-9476-6671e4c8e997 main] operation.OperationManager: Removed queryId: alex_20240501045745_aa1794b6-9329-48ff-9aee-1bfc5eed00dc corresponding to operation: OperationHandle [opType=EXECUTE_STATEMENT, getHandleIdentifier()=b189db85-c039-46a1-a0cd-30edc762628e] with tag: null
2024-05-01T04:57:45,650  INFO [6450b6a8-3d1b-4de3-9476-6671e4c8e997 main] operation.HiveCommandOperation: Closing operation log /home/alex/Repositories/hive/beeline/target/tmp/alex/operation_logs/6450b6a8-3d1b-4de3-9476-6671e4c8e997/alex_20240501045745_aa1794b6-9329-48ff-9aee-1bfc5eed00dc without delay
2024-05-01T04:57:45,652  INFO [6450b6a8-3d1b-4de3-9476-6671e4c8e997 main] session.HiveSessionImpl: executing create table if not exists test.testSrcTbl(sc1 string)
2024-05-01T04:57:45,653  INFO [6450b6a8-3d1b-4de3-9476-6671e4c8e997 main] operation.OperationManager: Adding operation: OperationHandle [opType=EXECUTE_STATEMENT, getHandleIdentifier()=fd24eeab-06f5-46c2-9791-43ef22adf51d] SessionHandle [6450b6a8-3d1b-4de3-9476-6671e4c8e997]
2024-05-01T04:57:45,653  INFO [6450b6a8-3d1b-4de3-9476-6671e4c8e997 main] common.LogUtils: Thread context registration is done.
DEBUG StatusLogger Building Plugin[name=filter, class=org.apache.hadoop.hive.ql.log.LogDivertAppender$NameFilter].
DEBUG StatusLogger createFilter(loggingLevel="EXECUTION")
DEBUG StatusLogger Building Plugin[name=layout, class=org.apache.logging.log4j.core.layout.PatternLayout].
DEBUG StatusLogger PatternLayout$Builder(pattern="%-5p : %m%n", PatternSelector=null, Configuration(HiveLog4j2Test), Replace=null, charset="null", alwaysWriteExceptions="null", disableAnsi="null", noConsoleNoAnsi="null", header="null", footer="null")
DEBUG StatusLogger Building Plugin[name=appender, class=org.apache.hadoop.hive.ql.log.HushableRandomAccessFileAppender].
DEBUG StatusLogger createAppender(fileName="/home/alex/Repositories/hive/beeline/target/tmp/alex/operation_logs/6450b6a8-3d1b-4de3-9476-6671e4c8e997/alex_20240501045745_a41c3a0e-3e65-47f6-8517-5a7665773fd3", append="null", name="query-file-appender", immediateFlush="null", bufferSize="null", ignoreExceptions="null", PatternLayout(org.apache.logging.log4j.core.layout.PatternLayout with name PatternLayout), NameFilter(org.apache.hadoop.hive.ql.log.LogDivertAppender$NameFilter with name NameFilter), advertise="null", advertiseURI="null", Configuration(HiveLog4j2Test))
DEBUG StatusLogger Starting RandomAccessFileManager /home/alex/Repositories/hive/beeline/target/tmp/alex/operation_logs/6450b6a8-3d1b-4de3-9476-6671e4c8e997/alex_20240501045745_a41c3a0e-3e65-47f6-8517-5a7665773fd3
DEBUG StatusLogger Building Plugin[name=, class=org.apache.hadoop.hive.ql.log.LogDivertAppenderForTest$TestFilter].
DEBUG StatusLogger createFilter()
DEBUG StatusLogger Building Plugin[name=, class=org.apache.logging.log4j.core.layout.PatternLayout].
DEBUG StatusLogger PatternLayout$Builder(pattern="%-5p : %m%n", PatternSelector=null, Configuration(HiveLog4j2Test), Replace=null, charset="null", alwaysWriteExceptions="null", disableAnsi="null", noConsoleNoAnsi="null", header="null", footer="null")
DEBUG StatusLogger Building Plugin[name=appender, class=org.apache.hadoop.hive.ql.log.HushableRandomAccessFileAppender].
DEBUG StatusLogger createAppender(fileName="/home/alex/Repositories/hive/beeline/target/tmp/alex/operation_logs/6450b6a8-3d1b-4de3-9476-6671e4c8e997/alex_20240501045745_a41c3a0e-3e65-47f6-8517-5a7665773fd3.test", append="null", name="test-query-file-appender", immediateFlush="null", bufferSize="null", ignoreExceptions="null", PatternLayout(org.apache.logging.log4j.core.layout.PatternLayout with name PatternLayout), test-filter(org.apache.hadoop.hive.ql.log.LogDivertAppenderForTest$TestFilter with name test-filter), advertise="null", advertiseURI="null", Configuration(HiveLog4j2Test))
DEBUG StatusLogger Starting RandomAccessFileManager /home/alex/Repositories/hive/beeline/target/tmp/alex/operation_logs/6450b6a8-3d1b-4de3-9476-6671e4c8e997/alex_20240501045745_a41c3a0e-3e65-47f6-8517-5a7665773fd3.test
2024-05-01T04:57:45,657  INFO [6450b6a8-3d1b-4de3-9476-6671e4c8e997 main] operation.SQLOperation: [opType=EXECUTE_STATEMENT, queryId=alex_20240501045745_a41c3a0e-3e65-47f6-8517-5a7665773fd3, startTime=1714564665653, sessionId=6450b6a8-3d1b-4de3-9476-6671e4c8e997, createTime=1714564665457, userName=null, ipAddress=null]
2024-05-01T04:57:45,658  INFO [6450b6a8-3d1b-4de3-9476-6671e4c8e997 main] ql.Driver: Compiling command(queryId=alex_20240501045745_a41c3a0e-3e65-47f6-8517-5a7665773fd3): create table if not exists test.testSrcTbl(sc1 string)
2024-05-01T04:57:45,659  INFO [6450b6a8-3d1b-4de3-9476-6671e4c8e997 main] parse.CalcitePlanner: Starting caching scope for: alex_20240501045745_a41c3a0e-3e65-47f6-8517-5a7665773fd3
2024-05-01T04:57:45,659  INFO [6450b6a8-3d1b-4de3-9476-6671e4c8e997 main] parse.CalcitePlanner: Starting Semantic Analysis
2024-05-01T04:57:45,659  INFO [6450b6a8-3d1b-4de3-9476-6671e4c8e997 main] sqlstd.SQLStdHiveAccessController: Created SQLStdHiveAccessController for session context : HiveAuthzSessionContext [sessionString=6450b6a8-3d1b-4de3-9476-6671e4c8e997, clientType=HIVESERVER2]
2024-05-01T04:57:45,659  INFO [6450b6a8-3d1b-4de3-9476-6671e4c8e997 main] parse.CalcitePlanner: Creating table test.testSrcTbl position=27
2024-05-01T04:57:45,660  INFO [6450b6a8-3d1b-4de3-9476-6671e4c8e997 main] HiveMetaStore.audit: ugi=alex	ip=unknown-ip-addr	cmd=get_table : tbl=hive.test.testSrcTbl	
2024-05-01T04:57:45,669  INFO [6450b6a8-3d1b-4de3-9476-6671e4c8e997 main] HiveMetaStore.audit: ugi=alex	ip=unknown-ip-addr	cmd=get_database: test	
2024-05-01T04:57:45,671  INFO [6450b6a8-3d1b-4de3-9476-6671e4c8e997 main] parse.CalcitePlanner: Ending caching scope for: alex_20240501045745_a41c3a0e-3e65-47f6-8517-5a7665773fd3
2024-05-01T04:57:45,671  INFO [6450b6a8-3d1b-4de3-9476-6671e4c8e997 main] ql.Driver: Semantic Analysis Completed (retrial = false)
2024-05-01T04:57:45,671  INFO [6450b6a8-3d1b-4de3-9476-6671e4c8e997 main] ql.Driver: Created Hive schema: Schema(fieldSchemas:null, properties:null)
2024-05-01T04:57:45,671  INFO [6450b6a8-3d1b-4de3-9476-6671e4c8e997 main] metadata.Hive: Dumping metastore api call timing information for : compilation phase
2024-05-01T04:57:45,671  INFO [6450b6a8-3d1b-4de3-9476-6671e4c8e997 main] metadata.Hive: Total time spent in each metastore function (ms): {isCompatibleWith_(Configuration)=0, getDatabase_(String)=2, flushCache_()=0}
2024-05-01T04:57:45,671  INFO [6450b6a8-3d1b-4de3-9476-6671e4c8e997 main] ql.Driver: Completed compiling command(queryId=alex_20240501045745_a41c3a0e-3e65-47f6-8517-5a7665773fd3); Time taken: 0.013 seconds
2024-05-01T04:57:45,672  INFO [6450b6a8-3d1b-4de3-9476-6671e4c8e997 main] common.LogUtils: Unregistered logging context.
2024-05-01T04:57:45,672  INFO [HiveServer2-Background-Pool: Thread-229] common.LogUtils: Thread context registration is done.
2024-05-01T04:57:45,672  INFO [HiveServer2-Background-Pool: Thread-229] reexec.ReExecDriver: Execution #1 of query
2024-05-01T04:57:45,672  INFO [HiveServer2-Background-Pool: Thread-229] ql.Driver: Concurrency mode is disabled, not creating a lock manager
2024-05-01T04:57:45,673  INFO [HiveServer2-Background-Pool: Thread-229] ql.Driver: Executing command(queryId=alex_20240501045745_a41c3a0e-3e65-47f6-8517-5a7665773fd3): create table if not exists test.testSrcTbl(sc1 string)
2024-05-01T04:57:45,673  INFO [HiveServer2-Background-Pool: Thread-229] ql.Driver: Starting task [Stage-0:DDL] in serial mode
2024-05-01T04:57:45,674  INFO [HiveServer2-Background-Pool: Thread-229] HiveMetaStore.audit: ugi=alex	ip=unknown-ip-addr	cmd=create_table_req: Table(tableName:testSrcTbl, dbName:test, owner:alex, createTime:1714564665, lastAccessTime:0, retention:0, sd:StorageDescriptor(cols:[FieldSchema(name:sc1, type:string, comment:null)], location:null, inputFormat:org.apache.hadoop.mapred.TextInputFormat, outputFormat:org.apache.hadoop.hive.ql.io.HiveIgnoreKeyTextOutputFormat, compressed:false, numBuckets:-1, serdeInfo:SerDeInfo(name:null, serializationLib:org.apache.hadoop.hive.serde2.lazy.LazySimpleSerDe, parameters:{serialization.format=1}), bucketCols:[], sortCols:[], parameters:{}, skewedInfo:SkewedInfo(skewedColNames:[], skewedColValues:[], skewedColValueLocationMaps:{}), storedAsSubDirectories:false), partitionKeys:[], parameters:{totalSize=0, numRows=0, rawDataSize=0, COLUMN_STATS_ACCURATE={"BASIC_STATS":"true","COLUMN_STATS":{"sc1":"true"}}, numFiles=0, bucketing_version=2, numFilesErasureCoded=0}, viewOriginalText:null, viewExpandedText:null, tableType:MANAGED_TABLE, privileges:PrincipalPrivilegeSet(userPrivileges:{alex=[PrivilegeGrantInfo(privilege:INSERT, createTime:-1, grantor:alex, grantorType:USER, grantOption:true), PrivilegeGrantInfo(privilege:SELECT, createTime:-1, grantor:alex, grantorType:USER, grantOption:true), PrivilegeGrantInfo(privilege:UPDATE, createTime:-1, grantor:alex, grantorType:USER, grantOption:true), PrivilegeGrantInfo(privilege:DELETE, createTime:-1, grantor:alex, grantorType:USER, grantOption:true)]}, groupPrivileges:null, rolePrivileges:null), temporary:false, catName:hive, ownerType:USER)	
2024-05-01T04:57:45,675  INFO [HiveServer2-Background-Pool: Thread-229] metastore.HMSHandler: 11: Opening raw store with implementation class:org.apache.hadoop.hive.metastore.ObjectStore
2024-05-01T04:57:45,676  INFO [HiveServer2-Background-Pool: Thread-229] metastore.ObjectStore: RawStore: org.apache.hadoop.hive.metastore.ObjectStore@6e730c56, with PersistenceManager: null will be shutdown
2024-05-01T04:57:45,676  INFO [HiveServer2-Background-Pool: Thread-229] metastore.ObjectStore: RawStore: org.apache.hadoop.hive.metastore.ObjectStore@6e730c56, with PersistenceManager: org.datanucleus.api.jdo.JDOPersistenceManager@756538 created in the thread with id: 229
2024-05-01T04:57:45,679  INFO [HiveServer2-Background-Pool: Thread-229] metastore.HMSHandler: Created RawStore: org.apache.hadoop.hive.metastore.ObjectStore@6e730c56 from thread id: 229
2024-05-01T04:57:45,682  INFO [HiveServer2-Background-Pool: Thread-229] utils.FileUtils: Creating directory if it doesn't exist: file:/home/alex/Repositories/hive/beeline/target/tmp/warehouse/test.db/testsrctbl
2024-05-01T04:57:45,712  INFO [HiveServer2-Background-Pool: Thread-229] metadata.Hive: Dumping metastore api call timing information for : execution phase
2024-05-01T04:57:45,712  INFO [HiveServer2-Background-Pool: Thread-229] metadata.Hive: Total time spent in each metastore function (ms): {isCompatibleWith_(Configuration)=0, createTable_(Table)=38}
2024-05-01T04:57:45,712  INFO [HiveServer2-Background-Pool: Thread-229] ql.Driver: Completed executing command(queryId=alex_20240501045745_a41c3a0e-3e65-47f6-8517-5a7665773fd3); Time taken: 0.039 seconds
2024-05-01T04:57:45,713  INFO [HiveServer2-Background-Pool: Thread-229] common.LogUtils: Unregistered logging context.
2024-05-01T04:57:45,714  INFO [6450b6a8-3d1b-4de3-9476-6671e4c8e997 main] operation.OperationManager: Closing operation: OperationHandle [opType=EXECUTE_STATEMENT, getHandleIdentifier()=fd24eeab-06f5-46c2-9791-43ef22adf51d]
2024-05-01T04:57:45,715  INFO [6450b6a8-3d1b-4de3-9476-6671e4c8e997 main] operation.OperationManager: Removed queryId: alex_20240501045745_a41c3a0e-3e65-47f6-8517-5a7665773fd3 corresponding to operation: OperationHandle [opType=EXECUTE_STATEMENT, getHandleIdentifier()=fd24eeab-06f5-46c2-9791-43ef22adf51d] with tag: null
2024-05-01T04:57:45,715  INFO [6450b6a8-3d1b-4de3-9476-6671e4c8e997 main] operation.SQLOperation: Closing operation log /home/alex/Repositories/hive/beeline/target/tmp/alex/operation_logs/6450b6a8-3d1b-4de3-9476-6671e4c8e997/alex_20240501045745_a41c3a0e-3e65-47f6-8517-5a7665773fd3 without delay
2024-05-01T04:57:45,720  INFO [main] service.CompositeService: Session closed, SessionHandle [6450b6a8-3d1b-4de3-9476-6671e4c8e997], current sessions:0
2024-05-01T04:57:45,720  INFO [6450b6a8-3d1b-4de3-9476-6671e4c8e997 main] session.HiveSessionImpl: Operation log session directory is deleted: /home/alex/Repositories/hive/beeline/target/tmp/alex/operation_logs/6450b6a8-3d1b-4de3-9476-6671e4c8e997
2024-05-01T04:57:45,721  INFO [main] cleanup.EventualCleanupService: Delete /tmp/hive/alex/6450b6a8-3d1b-4de3-9476-6671e4c8e997 operation was queued
2024-05-01T04:57:45,721  INFO [main] cleanup.EventualCleanupService: Delete /home/alex/Repositories/hive/beeline/target/tmp/alex/6450b6a8-3d1b-4de3-9476-6671e4c8e997 operation was queued
2024-05-01T04:57:45,721  INFO [EventualCleanupService thread 0] cleanup.EventualCleanupService: Deleted /tmp/hive/alex/6450b6a8-3d1b-4de3-9476-6671e4c8e997
2024-05-01T04:57:45,721  INFO [EventualCleanupService thread 1] cleanup.EventualCleanupService: Deleted /home/alex/Repositories/hive/beeline/target/tmp/alex/6450b6a8-3d1b-4de3-9476-6671e4c8e997
2024-05-01T04:57:45,722  INFO [main] HiveMetaStore.audit: ugi=alex	ip=unknown-ip-addr	cmd=Cleaning up thread local RawStore...	
2024-05-01T04:57:45,722  INFO [main] metastore.ObjectStore: RawStore: org.apache.hadoop.hive.metastore.ObjectStore@5368e981, with PersistenceManager: org.datanucleus.api.jdo.JDOPersistenceManager@1c171746 will be shutdown
2024-05-01T04:57:45,722  INFO [main] HiveMetaStore.audit: ugi=alex	ip=unknown-ip-addr	cmd=Done cleaning up thread local RawStore	
2024-05-01T04:57:45,722  INFO [main] metastore.HiveMetaStoreClient: Closed a connection to metastore, current connections: -12
]]></system-err>
  </testcase>
  <testcase name="testSqlFromCmdWithDBName" classname="org.apache.hive.beeline.cli.TestHiveCli" time="0.23">
    <failure type="java.lang.AssertionError"><![CDATA[java.lang.AssertionError: Supported return code is 0 while the actual is 1
	at org.junit.Assert.fail(Assert.java:89)
	at org.apache.hive.beeline.cli.TestHiveCli.executeCMD(TestHiveCli.java:256)
	at org.apache.hive.beeline.cli.TestHiveCli.verifyCMD(TestHiveCli.java:266)
	at org.apache.hive.beeline.cli.TestHiveCli.testSqlFromCmdWithDBName(TestHiveCli.java:166)
	at sun.reflect.NativeMethodAccessorImpl.invoke0(Native Method)
	at sun.reflect.NativeMethodAccessorImpl.invoke(NativeMethodAccessorImpl.java:62)
	at sun.reflect.DelegatingMethodAccessorImpl.invoke(DelegatingMethodAccessorImpl.java:43)
	at java.lang.reflect.Method.invoke(Method.java:498)
	at org.junit.runners.model.FrameworkMethod$1.runReflectiveCall(FrameworkMethod.java:59)
	at org.junit.internal.runners.model.ReflectiveCallable.run(ReflectiveCallable.java:12)
	at org.junit.runners.model.FrameworkMethod.invokeExplosively(FrameworkMethod.java:56)
	at org.junit.internal.runners.statements.InvokeMethod.evaluate(InvokeMethod.java:17)
	at org.junit.internal.runners.statements.RunBefores.evaluate(RunBefores.java:26)
	at org.junit.internal.runners.statements.RunAfters.evaluate(RunAfters.java:27)
	at org.junit.runners.ParentRunner$3.evaluate(ParentRunner.java:306)
	at org.junit.runners.BlockJUnit4ClassRunner$1.evaluate(BlockJUnit4ClassRunner.java:100)
	at org.junit.runners.ParentRunner.runLeaf(ParentRunner.java:366)
	at org.junit.runners.BlockJUnit4ClassRunner.runChild(BlockJUnit4ClassRunner.java:103)
	at org.junit.runners.BlockJUnit4ClassRunner.runChild(BlockJUnit4ClassRunner.java:63)
	at org.junit.runners.ParentRunner$4.run(ParentRunner.java:331)
	at org.junit.runners.ParentRunner$1.schedule(ParentRunner.java:79)
	at org.junit.runners.ParentRunner.runChildren(ParentRunner.java:329)
	at org.junit.runners.ParentRunner.access$100(ParentRunner.java:66)
	at org.junit.runners.ParentRunner$2.evaluate(ParentRunner.java:293)
	at org.junit.internal.runners.statements.RunBefores.evaluate(RunBefores.java:26)
	at org.junit.runners.ParentRunner$3.evaluate(ParentRunner.java:306)
	at org.junit.runners.ParentRunner.run(ParentRunner.java:413)
	at org.junit.runner.JUnitCore.run(JUnitCore.java:137)
	at org.junit.runner.JUnitCore.run(JUnitCore.java:115)
	at org.junit.vintage.engine.execution.RunnerExecutor.execute(RunnerExecutor.java:43)
	at java.util.stream.ForEachOps$ForEachOp$OfRef.accept(ForEachOps.java:183)
	at java.util.stream.ReferencePipeline$3$1.accept(ReferencePipeline.java:193)
	at java.util.Iterator.forEachRemaining(Iterator.java:116)
	at java.util.Spliterators$IteratorSpliterator.forEachRemaining(Spliterators.java:1801)
	at java.util.stream.AbstractPipeline.copyInto(AbstractPipeline.java:482)
	at java.util.stream.AbstractPipeline.wrapAndCopyInto(AbstractPipeline.java:472)
	at java.util.stream.ForEachOps$ForEachOp.evaluateSequential(ForEachOps.java:150)
	at java.util.stream.ForEachOps$ForEachOp$OfRef.evaluateSequential(ForEachOps.java:173)
	at java.util.stream.AbstractPipeline.evaluate(AbstractPipeline.java:234)
	at java.util.stream.ReferencePipeline.forEach(ReferencePipeline.java:485)
	at org.junit.vintage.engine.VintageTestEngine.executeAllChildren(VintageTestEngine.java:82)
	at org.junit.vintage.engine.VintageTestEngine.execute(VintageTestEngine.java:73)
	at org.junit.platform.launcher.core.DefaultLauncher.execute(DefaultLauncher.java:248)
	at org.junit.platform.launcher.core.DefaultLauncher.lambda$execute$5(DefaultLauncher.java:211)
	at org.junit.platform.launcher.core.DefaultLauncher.withInterceptedStreams(DefaultLauncher.java:226)
	at org.junit.platform.launcher.core.DefaultLauncher.execute(DefaultLauncher.java:199)
	at org.junit.platform.launcher.core.DefaultLauncher.execute(DefaultLauncher.java:132)
	at org.apache.maven.surefire.junitplatform.JUnitPlatformProvider.invokeAllTests(JUnitPlatformProvider.java:154)
	at org.apache.maven.surefire.junitplatform.JUnitPlatformProvider.invoke(JUnitPlatformProvider.java:123)
	at org.apache.maven.surefire.booter.ForkedBooter.runSuitesInProcess(ForkedBooter.java:377)
	at org.apache.maven.surefire.booter.ForkedBooter.execute(ForkedBooter.java:138)
	at org.apache.maven.surefire.booter.ForkedBooter.run(ForkedBooter.java:465)
	at org.apache.maven.surefire.booter.ForkedBooter.main(ForkedBooter.java:451)
]]></failure>
    <system-err><![CDATA[2024-05-01T04:57:45,724 ERROR [main] cli.TestHiveCli: Failed to execute command due to the error: java.lang.NullPointerException: Null output stream
2024-05-01T04:57:45,774  WARN [main] conf.HiveConf: HiveConf of name hive.dummyparam.test.server.specific.config.override does not exist
2024-05-01T04:57:45,775  WARN [main] conf.HiveConf: HiveConf of name hive.dummyparam.test.server.specific.config.hiveserver2site does not exist
2024-05-01T04:57:45,775  WARN [main] conf.HiveConf: HiveConf of name hive.dummyparam.test.server.specific.config.metastoresite does not exist
2024-05-01T04:57:45,775  INFO [main] SessionState: Hive Session ID = bb184b72-e3f8-4825-8d35-a88dbe440947
2024-05-01T04:57:45,776  INFO [main] DependencyResolver: ivysettings.xml file not found in HIVE_HOME or HIVE_CONF_DIR,/home/alex/Repositories/hive/conf/ivysettings.xml will be used
2024-05-01T04:57:45,783  INFO [main] session.SessionState: Created HDFS directory: /tmp/hive/alex/bb184b72-e3f8-4825-8d35-a88dbe440947
2024-05-01T04:57:45,787  INFO [main] session.SessionState: Created local directory: /home/alex/Repositories/hive/beeline/target/tmp/alex/bb184b72-e3f8-4825-8d35-a88dbe440947
2024-05-01T04:57:45,790  INFO [main] session.SessionState: Created HDFS directory: /tmp/hive/alex/bb184b72-e3f8-4825-8d35-a88dbe440947/_tmp_space.db
2024-05-01T04:57:45,790  INFO [main] sqlstd.SQLStdHiveAccessController: Created SQLStdHiveAccessController for session context : HiveAuthzSessionContext [sessionString=bb184b72-e3f8-4825-8d35-a88dbe440947, clientType=HIVESERVER2]
2024-05-01T04:57:45,791  INFO [main] metastore.HiveMetaStoreClient: HMS client filtering is enabled.
2024-05-01T04:57:45,791  INFO [main] metastore.HMSHandler: 0: Opening raw store with implementation class:org.apache.hadoop.hive.metastore.ObjectStore
2024-05-01T04:57:45,792  INFO [main] metastore.PersistenceManagerProvider: Configuration datanucleus.autoStartMechanismMode is not set. Defaulting to 'ignored'
2024-05-01T04:57:45,792  INFO [main] metastore.ObjectStore: RawStore: org.apache.hadoop.hive.metastore.ObjectStore@478530cb, with PersistenceManager: null will be shutdown
2024-05-01T04:57:45,792  INFO [main] metastore.ObjectStore: RawStore: org.apache.hadoop.hive.metastore.ObjectStore@478530cb, with PersistenceManager: org.datanucleus.api.jdo.JDOPersistenceManager@5be7b749 created in the thread with id: 1
2024-05-01T04:57:45,795  INFO [main] metastore.HMSHandler: Created RawStore: org.apache.hadoop.hive.metastore.ObjectStore@478530cb from thread id: 1
2024-05-01T04:57:45,795  INFO [main] metastore.HMSHandler: HMS server filtering is disabled by configuration
2024-05-01T04:57:45,795  INFO [main] metastore.RetryingMetaStoreClient: RetryingMetaStoreClient proxy=class org.apache.hadoop.hive.ql.metadata.SessionHiveMetaStoreClient ugi=alex (auth:SIMPLE) retries=1 delay=1 lifetime=0
2024-05-01T04:57:45,796  INFO [main] service.CompositeService: Operation log root directory is created: /home/alex/Repositories/hive/beeline/target/tmp/alex/operation_logs
2024-05-01T04:57:45,796  INFO [main] service.CompositeService: HiveServer2: Background operation thread pool size: 100
2024-05-01T04:57:45,796  INFO [main] service.CompositeService: HiveServer2: Background operation thread wait queue size: 100
2024-05-01T04:57:45,796  INFO [main] service.CompositeService: HiveServer2: Background operation thread keepalive time: 10 seconds
2024-05-01T04:57:45,796  INFO [main] service.CompositeService: Connections limit are user: 0 ipaddress: 0 user-ipaddress: 0
2024-05-01T04:57:45,797  INFO [main] cleanup.EventualCleanupService: EventualCleanupService started with 10 threads and queue of size 10000
ERROR StatusLogger Log4j2 ConfigurationScheduler attempted to increment scheduled items after start
ERROR StatusLogger Log4j2 ConfigurationScheduler attempted to increment scheduled items after start
2024-05-01T04:57:45,799  INFO [main] service.AbstractService: Service:OperationManager is inited.
2024-05-01T04:57:45,799  INFO [main] service.AbstractService: Service:SessionManager is inited.
2024-05-01T04:57:45,799  INFO [main] service.AbstractService: Service:CLIService is inited.
2024-05-01T04:57:45,799  INFO [main] service.AbstractService: Service:OperationManager is started.
2024-05-01T04:57:45,799  INFO [main] service.AbstractService: Service:SessionManager is started.
2024-05-01T04:57:45,799  INFO [main] service.AbstractService: Service:CLIService is started.
2024-05-01T04:57:45,799  INFO [main] service.AbstractService: Service:ThriftBinaryCLIService is inited.
2024-05-01T04:57:45,799  INFO [main] thrift.ThriftCLIService: Client protocol version: HIVE_CLI_SERVICE_PROTOCOL_V10
2024-05-01T04:57:45,799  INFO [main] thrift.ThriftCLIService: Creating Hive session handle for user [null] from IP null
2024-05-01T04:57:45,800  INFO [main] DependencyResolver: ivysettings.xml file not found in HIVE_HOME or HIVE_CONF_DIR,/home/alex/Repositories/hive/conf/ivysettings.xml will be used
2024-05-01T04:57:45,808  INFO [main] session.SessionState: Created HDFS directory: /tmp/hive/alex/55af1105-41c1-415e-9340-495e956a5a62
2024-05-01T04:57:45,811  INFO [main] session.SessionState: Created local directory: /home/alex/Repositories/hive/beeline/target/tmp/alex/55af1105-41c1-415e-9340-495e956a5a62
2024-05-01T04:57:45,814  INFO [main] session.SessionState: Created HDFS directory: /tmp/hive/alex/55af1105-41c1-415e-9340-495e956a5a62/_tmp_space.db
2024-05-01T04:57:45,815  INFO [main] session.SessionState: Reloading auxiliary JAR files
2024-05-01T04:57:45,815  WARN [main] session.SessionState: Configuration hive.reloadable.aux.jars.path not specified
2024-05-01T04:57:45,815  INFO [main] HiveMetaStore.audit: ugi=alex	ip=unknown-ip-addr	cmd=Cleaning up thread local RawStore...	
2024-05-01T04:57:45,815  INFO [main] metastore.ObjectStore: RawStore: org.apache.hadoop.hive.metastore.ObjectStore@478530cb, with PersistenceManager: org.datanucleus.api.jdo.JDOPersistenceManager@5be7b749 will be shutdown
2024-05-01T04:57:45,815  INFO [main] HiveMetaStore.audit: ugi=alex	ip=unknown-ip-addr	cmd=Done cleaning up thread local RawStore	
2024-05-01T04:57:45,815  INFO [main] metastore.HiveMetaStoreClient: Closed a connection to metastore, current connections: -13
2024-05-01T04:57:45,815  INFO [main] session.HiveSessionImpl: Operation log session directory is created: /home/alex/Repositories/hive/beeline/target/tmp/alex/operation_logs/55af1105-41c1-415e-9340-495e956a5a62
2024-05-01T04:57:45,815  INFO [main] service.CompositeService: Session opened, SessionHandle [55af1105-41c1-415e-9340-495e956a5a62], current sessions:1
2024-05-01T04:57:45,815  INFO [main] thrift.ThriftCLIService: Login attempt is successful for user : null
2024-05-01T04:57:45,862  WARN [main] conf.HiveConf: HiveConf of name hive.dummyparam.test.server.specific.config.override does not exist
2024-05-01T04:57:45,863  WARN [main] conf.HiveConf: HiveConf of name hive.dummyparam.test.server.specific.config.hiveserver2site does not exist
2024-05-01T04:57:45,863  WARN [main] conf.HiveConf: HiveConf of name hive.dummyparam.test.server.specific.config.metastoresite does not exist
2024-05-01T04:57:45,863  INFO [55af1105-41c1-415e-9340-495e956a5a62 main] session.HiveSessionImpl: executing set
2024-05-01T04:57:45,864  INFO [55af1105-41c1-415e-9340-495e956a5a62 main] operation.HiveCommandOperation: Putting temp output to file /home/alex/Repositories/hive/beeline/target/tmp/alex/55af1105-41c1-415e-9340-495e956a5a622410046658684982670.pipeout and error output to file /home/alex/Repositories/hive/beeline/target/tmp/alex/55af1105-41c1-415e-9340-495e956a5a627298416650137387436.pipeout
2024-05-01T04:57:45,864  INFO [55af1105-41c1-415e-9340-495e956a5a62 main] operation.OperationManager: Adding operation: OperationHandle [opType=EXECUTE_STATEMENT, getHandleIdentifier()=d659e4a6-04d2-4fe4-91f3-622f197fe48f] SessionHandle [55af1105-41c1-415e-9340-495e956a5a62]
2024-05-01T04:57:45,864  INFO [55af1105-41c1-415e-9340-495e956a5a62 main] common.LogUtils: Thread context registration is done.
DEBUG StatusLogger Building Plugin[name=filter, class=org.apache.hadoop.hive.ql.log.LogDivertAppender$NameFilter].
DEBUG StatusLogger createFilter(loggingLevel="EXECUTION")
DEBUG StatusLogger Building Plugin[name=layout, class=org.apache.logging.log4j.core.layout.PatternLayout].
DEBUG StatusLogger PatternLayout$Builder(pattern="%-5p : %m%n", PatternSelector=null, Configuration(HiveLog4j2Test), Replace=null, charset="null", alwaysWriteExceptions="null", disableAnsi="null", noConsoleNoAnsi="null", header="null", footer="null")
DEBUG StatusLogger Building Plugin[name=appender, class=org.apache.hadoop.hive.ql.log.HushableRandomAccessFileAppender].
DEBUG StatusLogger createAppender(fileName="/home/alex/Repositories/hive/beeline/target/tmp/alex/operation_logs/55af1105-41c1-415e-9340-495e956a5a62/alex_20240501045745_e374f3d7-dc7e-4bb0-a0bb-3c4a55738222", append="null", name="query-file-appender", immediateFlush="null", bufferSize="null", ignoreExceptions="null", PatternLayout(org.apache.logging.log4j.core.layout.PatternLayout with name PatternLayout), NameFilter(org.apache.hadoop.hive.ql.log.LogDivertAppender$NameFilter with name NameFilter), advertise="null", advertiseURI="null", Configuration(HiveLog4j2Test))
DEBUG StatusLogger Starting RandomAccessFileManager /home/alex/Repositories/hive/beeline/target/tmp/alex/operation_logs/55af1105-41c1-415e-9340-495e956a5a62/alex_20240501045745_e374f3d7-dc7e-4bb0-a0bb-3c4a55738222
DEBUG StatusLogger Building Plugin[name=, class=org.apache.hadoop.hive.ql.log.LogDivertAppenderForTest$TestFilter].
DEBUG StatusLogger createFilter()
DEBUG StatusLogger Building Plugin[name=, class=org.apache.logging.log4j.core.layout.PatternLayout].
DEBUG StatusLogger PatternLayout$Builder(pattern="%-5p : %m%n", PatternSelector=null, Configuration(HiveLog4j2Test), Replace=null, charset="null", alwaysWriteExceptions="null", disableAnsi="null", noConsoleNoAnsi="null", header="null", footer="null")
DEBUG StatusLogger Building Plugin[name=appender, class=org.apache.hadoop.hive.ql.log.HushableRandomAccessFileAppender].
DEBUG StatusLogger createAppender(fileName="/home/alex/Repositories/hive/beeline/target/tmp/alex/operation_logs/55af1105-41c1-415e-9340-495e956a5a62/alex_20240501045745_e374f3d7-dc7e-4bb0-a0bb-3c4a55738222.test", append="null", name="test-query-file-appender", immediateFlush="null", bufferSize="null", ignoreExceptions="null", PatternLayout(org.apache.logging.log4j.core.layout.PatternLayout with name PatternLayout), test-filter(org.apache.hadoop.hive.ql.log.LogDivertAppenderForTest$TestFilter with name test-filter), advertise="null", advertiseURI="null", Configuration(HiveLog4j2Test))
DEBUG StatusLogger Starting RandomAccessFileManager /home/alex/Repositories/hive/beeline/target/tmp/alex/operation_logs/55af1105-41c1-415e-9340-495e956a5a62/alex_20240501045745_e374f3d7-dc7e-4bb0-a0bb-3c4a55738222.test
2024-05-01T04:57:45,868  INFO [55af1105-41c1-415e-9340-495e956a5a62 main] operation.HiveCommandOperation: [opType=EXECUTE_STATEMENT, queryId=alex_20240501045745_e374f3d7-dc7e-4bb0-a0bb-3c4a55738222, startTime=1714564665863, sessionId=55af1105-41c1-415e-9340-495e956a5a62, createTime=1714564665799, userName=null, ipAddress=null]
2024-05-01T04:57:45,876  INFO [55af1105-41c1-415e-9340-495e956a5a62 main] common.LogUtils: Unregistered logging context.
2024-05-01T04:57:45,879  INFO [55af1105-41c1-415e-9340-495e956a5a62 main] operation.OperationManager: Closing operation: OperationHandle [opType=EXECUTE_STATEMENT, getHandleIdentifier()=d659e4a6-04d2-4fe4-91f3-622f197fe48f]
2024-05-01T04:57:45,879  INFO [55af1105-41c1-415e-9340-495e956a5a62 main] operation.OperationManager: Removed queryId: alex_20240501045745_e374f3d7-dc7e-4bb0-a0bb-3c4a55738222 corresponding to operation: OperationHandle [opType=EXECUTE_STATEMENT, getHandleIdentifier()=d659e4a6-04d2-4fe4-91f3-622f197fe48f] with tag: null
2024-05-01T04:57:45,880  INFO [55af1105-41c1-415e-9340-495e956a5a62 main] operation.HiveCommandOperation: Closing operation log /home/alex/Repositories/hive/beeline/target/tmp/alex/operation_logs/55af1105-41c1-415e-9340-495e956a5a62/alex_20240501045745_e374f3d7-dc7e-4bb0-a0bb-3c4a55738222 without delay
2024-05-01T04:57:45,882  INFO [55af1105-41c1-415e-9340-495e956a5a62 main] session.HiveSessionImpl: executing use test
2024-05-01T04:57:45,883  INFO [55af1105-41c1-415e-9340-495e956a5a62 main] operation.OperationManager: Adding operation: OperationHandle [opType=EXECUTE_STATEMENT, getHandleIdentifier()=cd3c4688-67d2-498a-a2dc-573c415463bc] SessionHandle [55af1105-41c1-415e-9340-495e956a5a62]
2024-05-01T04:57:45,883  INFO [55af1105-41c1-415e-9340-495e956a5a62 main] common.LogUtils: Thread context registration is done.
DEBUG StatusLogger Building Plugin[name=filter, class=org.apache.hadoop.hive.ql.log.LogDivertAppender$NameFilter].
DEBUG StatusLogger createFilter(loggingLevel="EXECUTION")
DEBUG StatusLogger Building Plugin[name=layout, class=org.apache.logging.log4j.core.layout.PatternLayout].
DEBUG StatusLogger PatternLayout$Builder(pattern="%-5p : %m%n", PatternSelector=null, Configuration(HiveLog4j2Test), Replace=null, charset="null", alwaysWriteExceptions="null", disableAnsi="null", noConsoleNoAnsi="null", header="null", footer="null")
DEBUG StatusLogger Building Plugin[name=appender, class=org.apache.hadoop.hive.ql.log.HushableRandomAccessFileAppender].
DEBUG StatusLogger createAppender(fileName="/home/alex/Repositories/hive/beeline/target/tmp/alex/operation_logs/55af1105-41c1-415e-9340-495e956a5a62/alex_20240501045745_e69670fa-7194-4201-be00-5a4f9d3449d0", append="null", name="query-file-appender", immediateFlush="null", bufferSize="null", ignoreExceptions="null", PatternLayout(org.apache.logging.log4j.core.layout.PatternLayout with name PatternLayout), NameFilter(org.apache.hadoop.hive.ql.log.LogDivertAppender$NameFilter with name NameFilter), advertise="null", advertiseURI="null", Configuration(HiveLog4j2Test))
DEBUG StatusLogger Starting RandomAccessFileManager /home/alex/Repositories/hive/beeline/target/tmp/alex/operation_logs/55af1105-41c1-415e-9340-495e956a5a62/alex_20240501045745_e69670fa-7194-4201-be00-5a4f9d3449d0
DEBUG StatusLogger Building Plugin[name=, class=org.apache.hadoop.hive.ql.log.LogDivertAppenderForTest$TestFilter].
DEBUG StatusLogger createFilter()
DEBUG StatusLogger Building Plugin[name=, class=org.apache.logging.log4j.core.layout.PatternLayout].
DEBUG StatusLogger PatternLayout$Builder(pattern="%-5p : %m%n", PatternSelector=null, Configuration(HiveLog4j2Test), Replace=null, charset="null", alwaysWriteExceptions="null", disableAnsi="null", noConsoleNoAnsi="null", header="null", footer="null")
DEBUG StatusLogger Building Plugin[name=appender, class=org.apache.hadoop.hive.ql.log.HushableRandomAccessFileAppender].
DEBUG StatusLogger createAppender(fileName="/home/alex/Repositories/hive/beeline/target/tmp/alex/operation_logs/55af1105-41c1-415e-9340-495e956a5a62/alex_20240501045745_e69670fa-7194-4201-be00-5a4f9d3449d0.test", append="null", name="test-query-file-appender", immediateFlush="null", bufferSize="null", ignoreExceptions="null", PatternLayout(org.apache.logging.log4j.core.layout.PatternLayout with name PatternLayout), test-filter(org.apache.hadoop.hive.ql.log.LogDivertAppenderForTest$TestFilter with name test-filter), advertise="null", advertiseURI="null", Configuration(HiveLog4j2Test))
DEBUG StatusLogger Starting RandomAccessFileManager /home/alex/Repositories/hive/beeline/target/tmp/alex/operation_logs/55af1105-41c1-415e-9340-495e956a5a62/alex_20240501045745_e69670fa-7194-4201-be00-5a4f9d3449d0.test
2024-05-01T04:57:45,886  INFO [55af1105-41c1-415e-9340-495e956a5a62 main] operation.SQLOperation: [opType=EXECUTE_STATEMENT, queryId=alex_20240501045745_e69670fa-7194-4201-be00-5a4f9d3449d0, startTime=1714564665882, sessionId=55af1105-41c1-415e-9340-495e956a5a62, createTime=1714564665799, userName=null, ipAddress=null]
2024-05-01T04:57:45,888  INFO [55af1105-41c1-415e-9340-495e956a5a62 main] ql.Driver: Compiling command(queryId=alex_20240501045745_e69670fa-7194-4201-be00-5a4f9d3449d0): use test
2024-05-01T04:57:45,888  INFO [55af1105-41c1-415e-9340-495e956a5a62 main] metastore.HiveMetaStoreClient: HMS client filtering is enabled.
2024-05-01T04:57:45,889  INFO [55af1105-41c1-415e-9340-495e956a5a62 main] metastore.HMSHandler: 0: Opening raw store with implementation class:org.apache.hadoop.hive.metastore.ObjectStore
2024-05-01T04:57:45,889  INFO [55af1105-41c1-415e-9340-495e956a5a62 main] metastore.PersistenceManagerProvider: Configuration datanucleus.autoStartMechanismMode is not set. Defaulting to 'ignored'
2024-05-01T04:57:45,890  INFO [55af1105-41c1-415e-9340-495e956a5a62 main] metastore.ObjectStore: RawStore: org.apache.hadoop.hive.metastore.ObjectStore@72001c71, with PersistenceManager: null will be shutdown
2024-05-01T04:57:45,890  INFO [55af1105-41c1-415e-9340-495e956a5a62 main] metastore.ObjectStore: RawStore: org.apache.hadoop.hive.metastore.ObjectStore@72001c71, with PersistenceManager: org.datanucleus.api.jdo.JDOPersistenceManager@e7b0bec created in the thread with id: 1
2024-05-01T04:57:45,892  INFO [55af1105-41c1-415e-9340-495e956a5a62 main] metastore.HMSHandler: Created RawStore: org.apache.hadoop.hive.metastore.ObjectStore@72001c71 from thread id: 1
2024-05-01T04:57:45,893  INFO [55af1105-41c1-415e-9340-495e956a5a62 main] metastore.HMSHandler: HMS server filtering is disabled by configuration
2024-05-01T04:57:45,893  INFO [55af1105-41c1-415e-9340-495e956a5a62 main] metastore.RetryingMetaStoreClient: RetryingMetaStoreClient proxy=class org.apache.hadoop.hive.ql.metadata.SessionHiveMetaStoreClient ugi=alex (auth:SIMPLE) retries=1 delay=1 lifetime=0
2024-05-01T04:57:45,893  INFO [55af1105-41c1-415e-9340-495e956a5a62 main] HiveMetaStore.audit: ugi=alex	ip=unknown-ip-addr	cmd=get_database: test	
2024-05-01T04:57:45,895  INFO [55af1105-41c1-415e-9340-495e956a5a62 main] ql.Driver: Semantic Analysis Completed (retrial = false)
2024-05-01T04:57:45,895  INFO [55af1105-41c1-415e-9340-495e956a5a62 main] ql.Driver: Created Hive schema: Schema(fieldSchemas:null, properties:null)
2024-05-01T04:57:45,895  INFO [55af1105-41c1-415e-9340-495e956a5a62 main] metadata.Hive: Dumping metastore api call timing information for : compilation phase
2024-05-01T04:57:45,895  INFO [55af1105-41c1-415e-9340-495e956a5a62 main] metadata.Hive: Total time spent in each metastore function (ms): {isCompatibleWith_(Configuration)=0, getDatabase_(String)=2, flushCache_()=0}
2024-05-01T04:57:45,895  INFO [55af1105-41c1-415e-9340-495e956a5a62 main] ql.Driver: Completed compiling command(queryId=alex_20240501045745_e69670fa-7194-4201-be00-5a4f9d3449d0); Time taken: 0.007 seconds
2024-05-01T04:57:45,895  INFO [55af1105-41c1-415e-9340-495e956a5a62 main] common.LogUtils: Unregistered logging context.
2024-05-01T04:57:45,896  INFO [HiveServer2-Background-Pool: Thread-253] common.LogUtils: Thread context registration is done.
2024-05-01T04:57:45,896  INFO [HiveServer2-Background-Pool: Thread-253] reexec.ReExecDriver: Execution #1 of query
2024-05-01T04:57:45,897  INFO [HiveServer2-Background-Pool: Thread-253] ql.Driver: Concurrency mode is disabled, not creating a lock manager
2024-05-01T04:57:45,897  INFO [HiveServer2-Background-Pool: Thread-253] ql.Driver: Executing command(queryId=alex_20240501045745_e69670fa-7194-4201-be00-5a4f9d3449d0): use test
2024-05-01T04:57:45,897  INFO [HiveServer2-Background-Pool: Thread-253] ql.Driver: Starting task [Stage-0:DDL] in serial mode
2024-05-01T04:57:45,898  INFO [HiveServer2-Background-Pool: Thread-253] HiveMetaStore.audit: ugi=alex	ip=unknown-ip-addr	cmd=get_database: test	
2024-05-01T04:57:45,899  INFO [HiveServer2-Background-Pool: Thread-253] metastore.HMSHandler: 12: Opening raw store with implementation class:org.apache.hadoop.hive.metastore.ObjectStore
2024-05-01T04:57:45,900  INFO [HiveServer2-Background-Pool: Thread-253] metastore.ObjectStore: RawStore: org.apache.hadoop.hive.metastore.ObjectStore@6040ce22, with PersistenceManager: null will be shutdown
2024-05-01T04:57:45,900  INFO [HiveServer2-Background-Pool: Thread-253] metastore.ObjectStore: RawStore: org.apache.hadoop.hive.metastore.ObjectStore@6040ce22, with PersistenceManager: org.datanucleus.api.jdo.JDOPersistenceManager@25424c4e created in the thread with id: 253
2024-05-01T04:57:45,903  INFO [HiveServer2-Background-Pool: Thread-253] metastore.HMSHandler: Created RawStore: org.apache.hadoop.hive.metastore.ObjectStore@6040ce22 from thread id: 253
2024-05-01T04:57:45,904  INFO [HiveServer2-Background-Pool: Thread-253] HiveMetaStore.audit: ugi=alex	ip=unknown-ip-addr	cmd=get_database: test	
2024-05-01T04:57:45,906  INFO [HiveServer2-Background-Pool: Thread-253] metadata.Hive: Dumping metastore api call timing information for : execution phase
2024-05-01T04:57:45,906  INFO [HiveServer2-Background-Pool: Thread-253] metadata.Hive: Total time spent in each metastore function (ms): {isCompatibleWith_(Configuration)=0, getDatabase_(String)=8}
2024-05-01T04:57:45,906  INFO [HiveServer2-Background-Pool: Thread-253] ql.Driver: Completed executing command(queryId=alex_20240501045745_e69670fa-7194-4201-be00-5a4f9d3449d0); Time taken: 0.009 seconds
2024-05-01T04:57:45,907  INFO [HiveServer2-Background-Pool: Thread-253] common.LogUtils: Unregistered logging context.
2024-05-01T04:57:45,910  INFO [55af1105-41c1-415e-9340-495e956a5a62 main] operation.OperationManager: Closing operation: OperationHandle [opType=EXECUTE_STATEMENT, getHandleIdentifier()=cd3c4688-67d2-498a-a2dc-573c415463bc]
2024-05-01T04:57:45,910  INFO [55af1105-41c1-415e-9340-495e956a5a62 main] operation.OperationManager: Removed queryId: alex_20240501045745_e69670fa-7194-4201-be00-5a4f9d3449d0 corresponding to operation: OperationHandle [opType=EXECUTE_STATEMENT, getHandleIdentifier()=cd3c4688-67d2-498a-a2dc-573c415463bc] with tag: null
2024-05-01T04:57:45,910  INFO [55af1105-41c1-415e-9340-495e956a5a62 main] operation.SQLOperation: Closing operation log /home/alex/Repositories/hive/beeline/target/tmp/alex/operation_logs/55af1105-41c1-415e-9340-495e956a5a62/alex_20240501045745_e69670fa-7194-4201-be00-5a4f9d3449d0 without delay
2024-05-01T04:57:45,911  INFO [55af1105-41c1-415e-9340-495e956a5a62 main] session.HiveSessionImpl: executing show tables
2024-05-01T04:57:45,912  INFO [55af1105-41c1-415e-9340-495e956a5a62 main] operation.OperationManager: Adding operation: OperationHandle [opType=EXECUTE_STATEMENT, getHandleIdentifier()=caec0835-5db3-4e38-a41e-c16c2192bdcc] SessionHandle [55af1105-41c1-415e-9340-495e956a5a62]
2024-05-01T04:57:45,912  INFO [55af1105-41c1-415e-9340-495e956a5a62 main] common.LogUtils: Thread context registration is done.
DEBUG StatusLogger Building Plugin[name=filter, class=org.apache.hadoop.hive.ql.log.LogDivertAppender$NameFilter].
DEBUG StatusLogger createFilter(loggingLevel="EXECUTION")
DEBUG StatusLogger Building Plugin[name=layout, class=org.apache.logging.log4j.core.layout.PatternLayout].
DEBUG StatusLogger PatternLayout$Builder(pattern="%-5p : %m%n", PatternSelector=null, Configuration(HiveLog4j2Test), Replace=null, charset="null", alwaysWriteExceptions="null", disableAnsi="null", noConsoleNoAnsi="null", header="null", footer="null")
DEBUG StatusLogger Building Plugin[name=appender, class=org.apache.hadoop.hive.ql.log.HushableRandomAccessFileAppender].
DEBUG StatusLogger createAppender(fileName="/home/alex/Repositories/hive/beeline/target/tmp/alex/operation_logs/55af1105-41c1-415e-9340-495e956a5a62/alex_20240501045745_b5019881-3b0b-4a58-9180-2fa16e526cc1", append="null", name="query-file-appender", immediateFlush="null", bufferSize="null", ignoreExceptions="null", PatternLayout(org.apache.logging.log4j.core.layout.PatternLayout with name PatternLayout), NameFilter(org.apache.hadoop.hive.ql.log.LogDivertAppender$NameFilter with name NameFilter), advertise="null", advertiseURI="null", Configuration(HiveLog4j2Test))
DEBUG StatusLogger Starting RandomAccessFileManager /home/alex/Repositories/hive/beeline/target/tmp/alex/operation_logs/55af1105-41c1-415e-9340-495e956a5a62/alex_20240501045745_b5019881-3b0b-4a58-9180-2fa16e526cc1
DEBUG StatusLogger Building Plugin[name=, class=org.apache.hadoop.hive.ql.log.LogDivertAppenderForTest$TestFilter].
DEBUG StatusLogger createFilter()
DEBUG StatusLogger Building Plugin[name=, class=org.apache.logging.log4j.core.layout.PatternLayout].
DEBUG StatusLogger PatternLayout$Builder(pattern="%-5p : %m%n", PatternSelector=null, Configuration(HiveLog4j2Test), Replace=null, charset="null", alwaysWriteExceptions="null", disableAnsi="null", noConsoleNoAnsi="null", header="null", footer="null")
DEBUG StatusLogger Building Plugin[name=appender, class=org.apache.hadoop.hive.ql.log.HushableRandomAccessFileAppender].
DEBUG StatusLogger createAppender(fileName="/home/alex/Repositories/hive/beeline/target/tmp/alex/operation_logs/55af1105-41c1-415e-9340-495e956a5a62/alex_20240501045745_b5019881-3b0b-4a58-9180-2fa16e526cc1.test", append="null", name="test-query-file-appender", immediateFlush="null", bufferSize="null", ignoreExceptions="null", PatternLayout(org.apache.logging.log4j.core.layout.PatternLayout with name PatternLayout), test-filter(org.apache.hadoop.hive.ql.log.LogDivertAppenderForTest$TestFilter with name test-filter), advertise="null", advertiseURI="null", Configuration(HiveLog4j2Test))
DEBUG StatusLogger Starting RandomAccessFileManager /home/alex/Repositories/hive/beeline/target/tmp/alex/operation_logs/55af1105-41c1-415e-9340-495e956a5a62/alex_20240501045745_b5019881-3b0b-4a58-9180-2fa16e526cc1.test
2024-05-01T04:57:45,916  INFO [55af1105-41c1-415e-9340-495e956a5a62 main] operation.SQLOperation: [opType=EXECUTE_STATEMENT, queryId=alex_20240501045745_b5019881-3b0b-4a58-9180-2fa16e526cc1, startTime=1714564665911, sessionId=55af1105-41c1-415e-9340-495e956a5a62, createTime=1714564665799, userName=null, ipAddress=null]
2024-05-01T04:57:45,917  INFO [55af1105-41c1-415e-9340-495e956a5a62 main] ql.Driver: Compiling command(queryId=alex_20240501045745_b5019881-3b0b-4a58-9180-2fa16e526cc1): show tables
2024-05-01T04:57:45,921  INFO [55af1105-41c1-415e-9340-495e956a5a62 main] HiveMetaStore.audit: ugi=alex	ip=unknown-ip-addr	cmd=get_database: test	
2024-05-01T04:57:45,922  INFO [55af1105-41c1-415e-9340-495e956a5a62 main] ql.Driver: Semantic Analysis Completed (retrial = false)
2024-05-01T04:57:45,923  INFO [55af1105-41c1-415e-9340-495e956a5a62 main] ql.Driver: Created Hive schema: Schema(fieldSchemas:[FieldSchema(name:tab_name, type:string, comment:from deserializer)], properties:null)
2024-05-01T04:57:45,923  INFO [55af1105-41c1-415e-9340-495e956a5a62 main] exec.ListSinkOperator: Initializing Operator: LIST_SINK[0]
2024-05-01T04:57:45,924  INFO [55af1105-41c1-415e-9340-495e956a5a62 main] metadata.Hive: Dumping metastore api call timing information for : compilation phase
2024-05-01T04:57:45,924  INFO [55af1105-41c1-415e-9340-495e956a5a62 main] metadata.Hive: Total time spent in each metastore function (ms): {isCompatibleWith_(Configuration)=0, getDatabase_(String)=1, flushCache_()=0}
2024-05-01T04:57:45,924  INFO [55af1105-41c1-415e-9340-495e956a5a62 main] ql.Driver: Completed compiling command(queryId=alex_20240501045745_b5019881-3b0b-4a58-9180-2fa16e526cc1); Time taken: 0.007 seconds
2024-05-01T04:57:45,924  INFO [55af1105-41c1-415e-9340-495e956a5a62 main] common.LogUtils: Unregistered logging context.
2024-05-01T04:57:45,924  INFO [HiveServer2-Background-Pool: Thread-257] common.LogUtils: Thread context registration is done.
2024-05-01T04:57:45,924  INFO [HiveServer2-Background-Pool: Thread-257] reexec.ReExecDriver: Execution #1 of query
2024-05-01T04:57:45,925  INFO [HiveServer2-Background-Pool: Thread-257] ql.Driver: Concurrency mode is disabled, not creating a lock manager
2024-05-01T04:57:45,925  INFO [HiveServer2-Background-Pool: Thread-257] ql.Driver: Executing command(queryId=alex_20240501045745_b5019881-3b0b-4a58-9180-2fa16e526cc1): show tables
2024-05-01T04:57:45,926  INFO [HiveServer2-Background-Pool: Thread-257] ql.Driver: Starting task [Stage-0:DDL] in serial mode
2024-05-01T04:57:45,926  INFO [HiveServer2-Background-Pool: Thread-257] HiveMetaStore.audit: ugi=alex	ip=unknown-ip-addr	cmd=get_database: test	
2024-05-01T04:57:45,927  INFO [HiveServer2-Background-Pool: Thread-257] metastore.HMSHandler: 13: Opening raw store with implementation class:org.apache.hadoop.hive.metastore.ObjectStore
2024-05-01T04:57:45,927  INFO [HiveServer2-Background-Pool: Thread-257] metastore.ObjectStore: RawStore: org.apache.hadoop.hive.metastore.ObjectStore@5f4abedf, with PersistenceManager: null will be shutdown
2024-05-01T04:57:45,928  INFO [HiveServer2-Background-Pool: Thread-257] metastore.ObjectStore: RawStore: org.apache.hadoop.hive.metastore.ObjectStore@5f4abedf, with PersistenceManager: org.datanucleus.api.jdo.JDOPersistenceManager@1a482b52 created in the thread with id: 257
2024-05-01T04:57:45,930  INFO [HiveServer2-Background-Pool: Thread-257] metastore.HMSHandler: Created RawStore: org.apache.hadoop.hive.metastore.ObjectStore@5f4abedf from thread id: 257
2024-05-01T04:57:45,932  INFO [HiveServer2-Background-Pool: Thread-257] HiveMetaStore.audit: ugi=alex	ip=unknown-ip-addr	cmd=get_multi_table : db=test tbls=null	
2024-05-01T04:57:45,940  INFO [HiveServer2-Background-Pool: Thread-257] sqlstd.SQLStdHiveAccessController: Created SQLStdHiveAccessController for session context : HiveAuthzSessionContext [sessionString=55af1105-41c1-415e-9340-495e956a5a62, clientType=HIVESERVER2]
2024-05-01T04:57:45,947  INFO [HiveServer2-Background-Pool: Thread-257] metadata.Hive: Dumping metastore api call timing information for : execution phase
2024-05-01T04:57:45,947  INFO [HiveServer2-Background-Pool: Thread-257] metadata.Hive: Total time spent in each metastore function (ms): {isCompatibleWith_(Configuration)=0, getDatabase_(String)=5, getTables_(String, String)=9}
2024-05-01T04:57:45,947  INFO [HiveServer2-Background-Pool: Thread-257] ql.Driver: Completed executing command(queryId=alex_20240501045745_b5019881-3b0b-4a58-9180-2fa16e526cc1); Time taken: 0.022 seconds
2024-05-01T04:57:45,947  INFO [HiveServer2-Background-Pool: Thread-257] common.LogUtils: Unregistered logging context.
2024-05-01T04:57:45,949  INFO [55af1105-41c1-415e-9340-495e956a5a62 main] operation.OperationManager: Closing operation: OperationHandle [opType=EXECUTE_STATEMENT, getHandleIdentifier()=caec0835-5db3-4e38-a41e-c16c2192bdcc]
2024-05-01T04:57:45,949  INFO [55af1105-41c1-415e-9340-495e956a5a62 main] operation.OperationManager: Removed queryId: alex_20240501045745_b5019881-3b0b-4a58-9180-2fa16e526cc1 corresponding to operation: OperationHandle [opType=EXECUTE_STATEMENT, getHandleIdentifier()=caec0835-5db3-4e38-a41e-c16c2192bdcc] with tag: null
2024-05-01T04:57:45,950  INFO [55af1105-41c1-415e-9340-495e956a5a62 main] ql.Context: Deleting scratch dir: file:/home/alex/Repositories/hive/beeline/target/tmp/alex/55af1105-41c1-415e-9340-495e956a5a62/hive_2024-05-01_04-57-45_916_5222399371617762072-1
2024-05-01T04:57:45,950  INFO [55af1105-41c1-415e-9340-495e956a5a62 main] cleanup.EventualCleanupService: Delete file:/home/alex/Repositories/hive/beeline/target/tmp/alex/55af1105-41c1-415e-9340-495e956a5a62/hive_2024-05-01_04-57-45_916_5222399371617762072-1 operation was queued
2024-05-01T04:57:45,950  INFO [55af1105-41c1-415e-9340-495e956a5a62 main] exec.ListSinkOperator: Closing Operator: LIST_SINK[0]
2024-05-01T04:57:45,950  INFO [55af1105-41c1-415e-9340-495e956a5a62 main] exec.ListSinkOperator: RECORDS_OUT_INTERMEDIATE:0, RECORDS_OUT_OPERATOR_LIST_SINK_0:0, 
2024-05-01T04:57:45,950  INFO [55af1105-41c1-415e-9340-495e956a5a62 main] operation.SQLOperation: Closing operation log /home/alex/Repositories/hive/beeline/target/tmp/alex/operation_logs/55af1105-41c1-415e-9340-495e956a5a62/alex_20240501045745_b5019881-3b0b-4a58-9180-2fa16e526cc1 without delay
2024-05-01T04:57:45,950  INFO [EventualCleanupService thread 0] cleanup.EventualCleanupService: Deleted file:/home/alex/Repositories/hive/beeline/target/tmp/alex/55af1105-41c1-415e-9340-495e956a5a62/hive_2024-05-01_04-57-45_916_5222399371617762072-1
2024-05-01T04:57:45,950  INFO [main] service.CompositeService: Session closed, SessionHandle [55af1105-41c1-415e-9340-495e956a5a62], current sessions:0
2024-05-01T04:57:45,951  INFO [55af1105-41c1-415e-9340-495e956a5a62 main] session.HiveSessionImpl: Operation log session directory is deleted: /home/alex/Repositories/hive/beeline/target/tmp/alex/operation_logs/55af1105-41c1-415e-9340-495e956a5a62
2024-05-01T04:57:45,952  INFO [main] cleanup.EventualCleanupService: Delete /tmp/hive/alex/55af1105-41c1-415e-9340-495e956a5a62 operation was queued
2024-05-01T04:57:45,952  INFO [main] cleanup.EventualCleanupService: Delete /home/alex/Repositories/hive/beeline/target/tmp/alex/55af1105-41c1-415e-9340-495e956a5a62 operation was queued
2024-05-01T04:57:45,952  INFO [EventualCleanupService thread 1] cleanup.EventualCleanupService: Deleted /tmp/hive/alex/55af1105-41c1-415e-9340-495e956a5a62
2024-05-01T04:57:45,952  INFO [EventualCleanupService thread 2] cleanup.EventualCleanupService: Deleted /home/alex/Repositories/hive/beeline/target/tmp/alex/55af1105-41c1-415e-9340-495e956a5a62
2024-05-01T04:57:45,952  INFO [main] HiveMetaStore.audit: ugi=alex	ip=unknown-ip-addr	cmd=Cleaning up thread local RawStore...	
2024-05-01T04:57:45,953  INFO [main] metastore.ObjectStore: RawStore: org.apache.hadoop.hive.metastore.ObjectStore@72001c71, with PersistenceManager: org.datanucleus.api.jdo.JDOPersistenceManager@e7b0bec will be shutdown
2024-05-01T04:57:45,953  INFO [main] HiveMetaStore.audit: ugi=alex	ip=unknown-ip-addr	cmd=Done cleaning up thread local RawStore	
2024-05-01T04:57:45,953  INFO [main] metastore.HiveMetaStoreClient: Closed a connection to metastore, current connections: -14
2024-05-01T04:57:45,953 ERROR [main] cli.TestHiveCli: Failed due to the error:Connecting to jdbc:hive2://
Hive Session ID = bb184b72-e3f8-4825-8d35-a88dbe440947
ivysettings.xml file not found in HIVE_HOME or HIVE_CONF_DIR,/home/alex/Repositories/hive/conf/ivysettings.xml will be used
ivysettings.xml file not found in HIVE_HOME or HIVE_CONF_DIR,/home/alex/Repositories/hive/conf/ivysettings.xml will be used
Connected to: Apache Hive (version 4.0.0-SNAPSHOT)
Error: Couldn't load manifest attributes. (state=,code=0)
Transaction isolation: TRANSACTION_REPEATABLE_READ
INFO  : Compiling command(queryId=alex_20240501045745_e69670fa-7194-4201-be00-5a4f9d3449d0): use test
INFO  : Semantic Analysis Completed (retrial = false)
INFO  : Created Hive schema: Schema(fieldSchemas:null, properties:null)
INFO  : Completed compiling command(queryId=alex_20240501045745_e69670fa-7194-4201-be00-5a4f9d3449d0); Time taken: 0.007 seconds
INFO  : Concurrency mode is disabled, not creating a lock manager
INFO  : Executing command(queryId=alex_20240501045745_e69670fa-7194-4201-be00-5a4f9d3449d0): use test
INFO  : Starting task [Stage-0:DDL] in serial mode
DEBUG : Task getting executed using mapred tag : alex_20240501045745_e69670fa-7194-4201-be00-5a4f9d3449d0,userid=null
INFO  : Completed executing command(queryId=alex_20240501045745_e69670fa-7194-4201-be00-5a4f9d3449d0); Time taken: 0.009 seconds
DEBUG : Shutting down query use test
Error: Failed to wait for operation to complete (state=08S01,code=0)
INFO  : Compiling command(queryId=alex_20240501045745_b5019881-3b0b-4a58-9180-2fa16e526cc1): show tables
INFO  : Semantic Analysis Completed (retrial = false)
INFO  : Created Hive schema: Schema(fieldSchemas:[FieldSchema(name:tab_name, type:string, comment:from deserializer)], properties:null)
INFO  : Completed compiling command(queryId=alex_20240501045745_b5019881-3b0b-4a58-9180-2fa16e526cc1); Time taken: 0.007 seconds
INFO  : Concurrency mode is disabled, not creating a lock manager
INFO  : Executing command(queryId=alex_20240501045745_b5019881-3b0b-4a58-9180-2fa16e526cc1): show tables
INFO  : Starting task [Stage-0:DDL] in serial mode
DEBUG : Task getting executed using mapred tag : alex_20240501045745_b5019881-3b0b-4a58-9180-2fa16e526cc1,userid=null
INFO  : Completed executing command(queryId=alex_20240501045745_b5019881-3b0b-4a58-9180-2fa16e526cc1); Time taken: 0.022 seconds
DEBUG : Shutting down query show tables
Error: Failed to wait for operation to complete (state=08S01,code=0)
Closing: 0: jdbc:hive2://

]]></system-err>
  </testcase>
  <testcase name="testCommentStripping" classname="org.apache.hive.beeline.cli.TestHiveCli" time="0.263"/>
  <testcase name="testUseCurrentDB1" classname="org.apache.hive.beeline.cli.TestHiveCli" time="0.227">
    <failure type="java.lang.AssertionError"><![CDATA[java.lang.AssertionError: 
The expected keyword "hive (testDB)>" occur in the output: Connecting to jdbc:hive2://
Hive Session ID = 5ba6c5b3-d57a-4f58-89b4-e4c60a565d4d
ivysettings.xml file not found in HIVE_HOME or HIVE_CONF_DIR,/home/alex/Repositories/hive/conf/ivysettings.xml will be used
ivysettings.xml file not found in HIVE_HOME or HIVE_CONF_DIR,/home/alex/Repositories/hive/conf/ivysettings.xml will be used
Connected to: Apache Hive (version 4.0.0-SNAPSHOT)
Error: Couldn't load manifest attributes. (state=,code=0)
Transaction isolation: TRANSACTION_REPEATABLE_READ
Beeline version ??? by Apache Hive
hive> create database if not exists testDB; set hive.cli.print.current.db=true;use testDB;
INFO  : Compiling command(queryId=alex_20240501045746_22b974f3-0cd2-47f0-876c-4baee21a4727): create database if not exists testDB
INFO  : Semantic Analysis Completed (retrial = false)
INFO  : Created Hive schema: Schema(fieldSchemas:null, properties:null)
INFO  : Completed compiling command(queryId=alex_20240501045746_22b974f3-0cd2-47f0-876c-4baee21a4727); Time taken: 0.006 seconds
INFO  : Concurrency mode is disabled, not creating a lock manager
INFO  : Executing command(queryId=alex_20240501045746_22b974f3-0cd2-47f0-876c-4baee21a4727): create database if not exists testDB
INFO  : Starting task [Stage-0:DDL] in serial mode
DEBUG : Task getting executed using mapred tag : alex_20240501045746_22b974f3-0cd2-47f0-876c-4baee21a4727,userid=null
INFO  : Completed executing command(queryId=alex_20240501045746_22b974f3-0cd2-47f0-876c-4baee21a4727); Time taken: 0.014 seconds
DEBUG : Shutting down query create database if not exists testDB
Error: Failed to wait for operation to complete (state=08S01,code=0)
hive> use default;drop if exists testDB;
INFO  : Compiling command(queryId=alex_20240501045746_0bcc82e7-bce2-46e8-80fd-177bf8047988): use default
INFO  : Semantic Analysis Completed (retrial = false)
INFO  : Created Hive schema: Schema(fieldSchemas:null, properties:null)
INFO  : Completed compiling command(queryId=alex_20240501045746_0bcc82e7-bce2-46e8-80fd-177bf8047988); Time taken: 0.002 seconds
INFO  : Concurrency mode is disabled, not creating a lock manager
INFO  : Executing command(queryId=alex_20240501045746_0bcc82e7-bce2-46e8-80fd-177bf8047988): use default
INFO  : Starting task [Stage-0:DDL] in serial mode
DEBUG : Task getting executed using mapred tag : alex_20240501045746_0bcc82e7-bce2-46e8-80fd-177bf8047988,userid=null
INFO  : Completed executing command(queryId=alex_20240501045746_0bcc82e7-bce2-46e8-80fd-177bf8047988); Time taken: 0.007 seconds
DEBUG : Shutting down query use default
Error: Failed to wait for operation to complete (state=08S01,code=0)
hive> Closing: 0: jdbc:hive2://

	at org.junit.Assert.fail(Assert.java:89)
	at org.junit.Assert.assertTrue(Assert.java:42)
	at org.apache.hive.beeline.cli.TestHiveCli.verifyCMD(TestHiveCli.java:270)
	at org.apache.hive.beeline.cli.TestHiveCli.testUseCurrentDB1(TestHiveCli.java:212)
	at sun.reflect.NativeMethodAccessorImpl.invoke0(Native Method)
	at sun.reflect.NativeMethodAccessorImpl.invoke(NativeMethodAccessorImpl.java:62)
	at sun.reflect.DelegatingMethodAccessorImpl.invoke(DelegatingMethodAccessorImpl.java:43)
	at java.lang.reflect.Method.invoke(Method.java:498)
	at org.junit.runners.model.FrameworkMethod$1.runReflectiveCall(FrameworkMethod.java:59)
	at org.junit.internal.runners.model.ReflectiveCallable.run(ReflectiveCallable.java:12)
	at org.junit.runners.model.FrameworkMethod.invokeExplosively(FrameworkMethod.java:56)
	at org.junit.internal.runners.statements.InvokeMethod.evaluate(InvokeMethod.java:17)
	at org.junit.internal.runners.statements.RunBefores.evaluate(RunBefores.java:26)
	at org.junit.internal.runners.statements.RunAfters.evaluate(RunAfters.java:27)
	at org.junit.runners.ParentRunner$3.evaluate(ParentRunner.java:306)
	at org.junit.runners.BlockJUnit4ClassRunner$1.evaluate(BlockJUnit4ClassRunner.java:100)
	at org.junit.runners.ParentRunner.runLeaf(ParentRunner.java:366)
	at org.junit.runners.BlockJUnit4ClassRunner.runChild(BlockJUnit4ClassRunner.java:103)
	at org.junit.runners.BlockJUnit4ClassRunner.runChild(BlockJUnit4ClassRunner.java:63)
	at org.junit.runners.ParentRunner$4.run(ParentRunner.java:331)
	at org.junit.runners.ParentRunner$1.schedule(ParentRunner.java:79)
	at org.junit.runners.ParentRunner.runChildren(ParentRunner.java:329)
	at org.junit.runners.ParentRunner.access$100(ParentRunner.java:66)
	at org.junit.runners.ParentRunner$2.evaluate(ParentRunner.java:293)
	at org.junit.internal.runners.statements.RunBefores.evaluate(RunBefores.java:26)
	at org.junit.runners.ParentRunner$3.evaluate(ParentRunner.java:306)
	at org.junit.runners.ParentRunner.run(ParentRunner.java:413)
	at org.junit.runner.JUnitCore.run(JUnitCore.java:137)
	at org.junit.runner.JUnitCore.run(JUnitCore.java:115)
	at org.junit.vintage.engine.execution.RunnerExecutor.execute(RunnerExecutor.java:43)
	at java.util.stream.ForEachOps$ForEachOp$OfRef.accept(ForEachOps.java:183)
	at java.util.stream.ReferencePipeline$3$1.accept(ReferencePipeline.java:193)
	at java.util.Iterator.forEachRemaining(Iterator.java:116)
	at java.util.Spliterators$IteratorSpliterator.forEachRemaining(Spliterators.java:1801)
	at java.util.stream.AbstractPipeline.copyInto(AbstractPipeline.java:482)
	at java.util.stream.AbstractPipeline.wrapAndCopyInto(AbstractPipeline.java:472)
	at java.util.stream.ForEachOps$ForEachOp.evaluateSequential(ForEachOps.java:150)
	at java.util.stream.ForEachOps$ForEachOp$OfRef.evaluateSequential(ForEachOps.java:173)
	at java.util.stream.AbstractPipeline.evaluate(AbstractPipeline.java:234)
	at java.util.stream.ReferencePipeline.forEach(ReferencePipeline.java:485)
	at org.junit.vintage.engine.VintageTestEngine.executeAllChildren(VintageTestEngine.java:82)
	at org.junit.vintage.engine.VintageTestEngine.execute(VintageTestEngine.java:73)
	at org.junit.platform.launcher.core.DefaultLauncher.execute(DefaultLauncher.java:248)
	at org.junit.platform.launcher.core.DefaultLauncher.lambda$execute$5(DefaultLauncher.java:211)
	at org.junit.platform.launcher.core.DefaultLauncher.withInterceptedStreams(DefaultLauncher.java:226)
	at org.junit.platform.launcher.core.DefaultLauncher.execute(DefaultLauncher.java:199)
	at org.junit.platform.launcher.core.DefaultLauncher.execute(DefaultLauncher.java:132)
	at org.apache.maven.surefire.junitplatform.JUnitPlatformProvider.invokeAllTests(JUnitPlatformProvider.java:154)
	at org.apache.maven.surefire.junitplatform.JUnitPlatformProvider.invoke(JUnitPlatformProvider.java:123)
	at org.apache.maven.surefire.booter.ForkedBooter.runSuitesInProcess(ForkedBooter.java:377)
	at org.apache.maven.surefire.booter.ForkedBooter.execute(ForkedBooter.java:138)
	at org.apache.maven.surefire.booter.ForkedBooter.run(ForkedBooter.java:465)
	at org.apache.maven.surefire.booter.ForkedBooter.main(ForkedBooter.java:451)
]]></failure>
    <system-err><![CDATA[2024-05-01T04:57:46,218 ERROR [main] cli.TestHiveCli: Failed to execute command due to the error: java.lang.NullPointerException: Null output stream
2024-05-01T04:57:46,267  WARN [main] conf.HiveConf: HiveConf of name hive.dummyparam.test.server.specific.config.override does not exist
2024-05-01T04:57:46,268  WARN [main] conf.HiveConf: HiveConf of name hive.dummyparam.test.server.specific.config.hiveserver2site does not exist
2024-05-01T04:57:46,268  WARN [main] conf.HiveConf: HiveConf of name hive.dummyparam.test.server.specific.config.metastoresite does not exist
2024-05-01T04:57:46,268  INFO [main] SessionState: Hive Session ID = 5ba6c5b3-d57a-4f58-89b4-e4c60a565d4d
2024-05-01T04:57:46,269  INFO [main] DependencyResolver: ivysettings.xml file not found in HIVE_HOME or HIVE_CONF_DIR,/home/alex/Repositories/hive/conf/ivysettings.xml will be used
2024-05-01T04:57:46,276  INFO [main] session.SessionState: Created HDFS directory: /tmp/hive/alex/5ba6c5b3-d57a-4f58-89b4-e4c60a565d4d
2024-05-01T04:57:46,279  INFO [main] session.SessionState: Created local directory: /home/alex/Repositories/hive/beeline/target/tmp/alex/5ba6c5b3-d57a-4f58-89b4-e4c60a565d4d
2024-05-01T04:57:46,283  INFO [main] session.SessionState: Created HDFS directory: /tmp/hive/alex/5ba6c5b3-d57a-4f58-89b4-e4c60a565d4d/_tmp_space.db
2024-05-01T04:57:46,284  INFO [main] sqlstd.SQLStdHiveAccessController: Created SQLStdHiveAccessController for session context : HiveAuthzSessionContext [sessionString=5ba6c5b3-d57a-4f58-89b4-e4c60a565d4d, clientType=HIVESERVER2]
2024-05-01T04:57:46,284  INFO [main] metastore.HiveMetaStoreClient: HMS client filtering is enabled.
2024-05-01T04:57:46,285  INFO [main] metastore.HMSHandler: 0: Opening raw store with implementation class:org.apache.hadoop.hive.metastore.ObjectStore
2024-05-01T04:57:46,285  INFO [main] metastore.PersistenceManagerProvider: Configuration datanucleus.autoStartMechanismMode is not set. Defaulting to 'ignored'
2024-05-01T04:57:46,285  INFO [main] metastore.ObjectStore: RawStore: org.apache.hadoop.hive.metastore.ObjectStore@534d0e20, with PersistenceManager: null will be shutdown
2024-05-01T04:57:46,286  INFO [main] metastore.ObjectStore: RawStore: org.apache.hadoop.hive.metastore.ObjectStore@534d0e20, with PersistenceManager: org.datanucleus.api.jdo.JDOPersistenceManager@7d18338b created in the thread with id: 1
2024-05-01T04:57:46,288  INFO [main] metastore.HMSHandler: Created RawStore: org.apache.hadoop.hive.metastore.ObjectStore@534d0e20 from thread id: 1
2024-05-01T04:57:46,288  INFO [main] metastore.HMSHandler: HMS server filtering is disabled by configuration
2024-05-01T04:57:46,288  INFO [main] metastore.RetryingMetaStoreClient: RetryingMetaStoreClient proxy=class org.apache.hadoop.hive.ql.metadata.SessionHiveMetaStoreClient ugi=alex (auth:SIMPLE) retries=1 delay=1 lifetime=0
2024-05-01T04:57:46,289  INFO [main] service.CompositeService: Operation log root directory is created: /home/alex/Repositories/hive/beeline/target/tmp/alex/operation_logs
2024-05-01T04:57:46,289  INFO [main] service.CompositeService: HiveServer2: Background operation thread pool size: 100
2024-05-01T04:57:46,289  INFO [main] service.CompositeService: HiveServer2: Background operation thread wait queue size: 100
2024-05-01T04:57:46,289  INFO [main] service.CompositeService: HiveServer2: Background operation thread keepalive time: 10 seconds
2024-05-01T04:57:46,289  INFO [main] service.CompositeService: Connections limit are user: 0 ipaddress: 0 user-ipaddress: 0
2024-05-01T04:57:46,290  INFO [main] cleanup.EventualCleanupService: EventualCleanupService started with 10 threads and queue of size 10000
ERROR StatusLogger Log4j2 ConfigurationScheduler attempted to increment scheduled items after start
ERROR StatusLogger Log4j2 ConfigurationScheduler attempted to increment scheduled items after start
2024-05-01T04:57:46,291  INFO [main] service.AbstractService: Service:OperationManager is inited.
2024-05-01T04:57:46,291  INFO [main] service.AbstractService: Service:SessionManager is inited.
2024-05-01T04:57:46,291  INFO [main] service.AbstractService: Service:CLIService is inited.
2024-05-01T04:57:46,291  INFO [main] service.AbstractService: Service:OperationManager is started.
2024-05-01T04:57:46,291  INFO [main] service.AbstractService: Service:SessionManager is started.
2024-05-01T04:57:46,292  INFO [main] service.AbstractService: Service:CLIService is started.
2024-05-01T04:57:46,292  INFO [main] service.AbstractService: Service:ThriftBinaryCLIService is inited.
2024-05-01T04:57:46,292  INFO [main] thrift.ThriftCLIService: Client protocol version: HIVE_CLI_SERVICE_PROTOCOL_V10
2024-05-01T04:57:46,292  INFO [main] thrift.ThriftCLIService: Creating Hive session handle for user [null] from IP null
2024-05-01T04:57:46,293  INFO [main] DependencyResolver: ivysettings.xml file not found in HIVE_HOME or HIVE_CONF_DIR,/home/alex/Repositories/hive/conf/ivysettings.xml will be used
2024-05-01T04:57:46,300  INFO [main] session.SessionState: Created HDFS directory: /tmp/hive/alex/553e87dc-9251-4680-8cba-bf372415232d
2024-05-01T04:57:46,304  INFO [main] session.SessionState: Created local directory: /home/alex/Repositories/hive/beeline/target/tmp/alex/553e87dc-9251-4680-8cba-bf372415232d
2024-05-01T04:57:46,307  INFO [main] session.SessionState: Created HDFS directory: /tmp/hive/alex/553e87dc-9251-4680-8cba-bf372415232d/_tmp_space.db
2024-05-01T04:57:46,307  INFO [main] session.SessionState: Reloading auxiliary JAR files
2024-05-01T04:57:46,307  WARN [main] session.SessionState: Configuration hive.reloadable.aux.jars.path not specified
2024-05-01T04:57:46,308  INFO [main] HiveMetaStore.audit: ugi=alex	ip=unknown-ip-addr	cmd=Cleaning up thread local RawStore...	
2024-05-01T04:57:46,308  INFO [main] metastore.ObjectStore: RawStore: org.apache.hadoop.hive.metastore.ObjectStore@534d0e20, with PersistenceManager: org.datanucleus.api.jdo.JDOPersistenceManager@7d18338b will be shutdown
2024-05-01T04:57:46,308  INFO [main] HiveMetaStore.audit: ugi=alex	ip=unknown-ip-addr	cmd=Done cleaning up thread local RawStore	
2024-05-01T04:57:46,308  INFO [main] metastore.HiveMetaStoreClient: Closed a connection to metastore, current connections: -16
2024-05-01T04:57:46,308  INFO [main] session.HiveSessionImpl: Operation log session directory is created: /home/alex/Repositories/hive/beeline/target/tmp/alex/operation_logs/553e87dc-9251-4680-8cba-bf372415232d
2024-05-01T04:57:46,309  INFO [main] service.CompositeService: Session opened, SessionHandle [553e87dc-9251-4680-8cba-bf372415232d], current sessions:1
2024-05-01T04:57:46,309  INFO [main] thrift.ThriftCLIService: Login attempt is successful for user : null
2024-05-01T04:57:46,357  WARN [main] conf.HiveConf: HiveConf of name hive.dummyparam.test.server.specific.config.override does not exist
2024-05-01T04:57:46,357  WARN [main] conf.HiveConf: HiveConf of name hive.dummyparam.test.server.specific.config.hiveserver2site does not exist
2024-05-01T04:57:46,357  WARN [main] conf.HiveConf: HiveConf of name hive.dummyparam.test.server.specific.config.metastoresite does not exist
2024-05-01T04:57:46,357  INFO [553e87dc-9251-4680-8cba-bf372415232d main] session.HiveSessionImpl: executing set
2024-05-01T04:57:46,358  INFO [553e87dc-9251-4680-8cba-bf372415232d main] operation.HiveCommandOperation: Putting temp output to file /home/alex/Repositories/hive/beeline/target/tmp/alex/553e87dc-9251-4680-8cba-bf372415232d4751422097287542494.pipeout and error output to file /home/alex/Repositories/hive/beeline/target/tmp/alex/553e87dc-9251-4680-8cba-bf372415232d7209719530489578888.pipeout
2024-05-01T04:57:46,358  INFO [553e87dc-9251-4680-8cba-bf372415232d main] operation.OperationManager: Adding operation: OperationHandle [opType=EXECUTE_STATEMENT, getHandleIdentifier()=71562c5f-293e-4b85-ab6b-697c9e12d5d9] SessionHandle [553e87dc-9251-4680-8cba-bf372415232d]
2024-05-01T04:57:46,358  INFO [553e87dc-9251-4680-8cba-bf372415232d main] common.LogUtils: Thread context registration is done.
DEBUG StatusLogger Building Plugin[name=filter, class=org.apache.hadoop.hive.ql.log.LogDivertAppender$NameFilter].
DEBUG StatusLogger createFilter(loggingLevel="EXECUTION")
DEBUG StatusLogger Building Plugin[name=layout, class=org.apache.logging.log4j.core.layout.PatternLayout].
DEBUG StatusLogger PatternLayout$Builder(pattern="%-5p : %m%n", PatternSelector=null, Configuration(HiveLog4j2Test), Replace=null, charset="null", alwaysWriteExceptions="null", disableAnsi="null", noConsoleNoAnsi="null", header="null", footer="null")
DEBUG StatusLogger Building Plugin[name=appender, class=org.apache.hadoop.hive.ql.log.HushableRandomAccessFileAppender].
DEBUG StatusLogger createAppender(fileName="/home/alex/Repositories/hive/beeline/target/tmp/alex/operation_logs/553e87dc-9251-4680-8cba-bf372415232d/alex_20240501045746_9ea29a7a-3477-4aad-8bfc-81aef6ca86c1", append="null", name="query-file-appender", immediateFlush="null", bufferSize="null", ignoreExceptions="null", PatternLayout(org.apache.logging.log4j.core.layout.PatternLayout with name PatternLayout), NameFilter(org.apache.hadoop.hive.ql.log.LogDivertAppender$NameFilter with name NameFilter), advertise="null", advertiseURI="null", Configuration(HiveLog4j2Test))
DEBUG StatusLogger Starting RandomAccessFileManager /home/alex/Repositories/hive/beeline/target/tmp/alex/operation_logs/553e87dc-9251-4680-8cba-bf372415232d/alex_20240501045746_9ea29a7a-3477-4aad-8bfc-81aef6ca86c1
DEBUG StatusLogger Building Plugin[name=, class=org.apache.hadoop.hive.ql.log.LogDivertAppenderForTest$TestFilter].
DEBUG StatusLogger createFilter()
DEBUG StatusLogger Building Plugin[name=, class=org.apache.logging.log4j.core.layout.PatternLayout].
DEBUG StatusLogger PatternLayout$Builder(pattern="%-5p : %m%n", PatternSelector=null, Configuration(HiveLog4j2Test), Replace=null, charset="null", alwaysWriteExceptions="null", disableAnsi="null", noConsoleNoAnsi="null", header="null", footer="null")
DEBUG StatusLogger Building Plugin[name=appender, class=org.apache.hadoop.hive.ql.log.HushableRandomAccessFileAppender].
DEBUG StatusLogger createAppender(fileName="/home/alex/Repositories/hive/beeline/target/tmp/alex/operation_logs/553e87dc-9251-4680-8cba-bf372415232d/alex_20240501045746_9ea29a7a-3477-4aad-8bfc-81aef6ca86c1.test", append="null", name="test-query-file-appender", immediateFlush="null", bufferSize="null", ignoreExceptions="null", PatternLayout(org.apache.logging.log4j.core.layout.PatternLayout with name PatternLayout), test-filter(org.apache.hadoop.hive.ql.log.LogDivertAppenderForTest$TestFilter with name test-filter), advertise="null", advertiseURI="null", Configuration(HiveLog4j2Test))
DEBUG StatusLogger Starting RandomAccessFileManager /home/alex/Repositories/hive/beeline/target/tmp/alex/operation_logs/553e87dc-9251-4680-8cba-bf372415232d/alex_20240501045746_9ea29a7a-3477-4aad-8bfc-81aef6ca86c1.test
2024-05-01T04:57:46,362  INFO [553e87dc-9251-4680-8cba-bf372415232d main] operation.HiveCommandOperation: [opType=EXECUTE_STATEMENT, queryId=alex_20240501045746_9ea29a7a-3477-4aad-8bfc-81aef6ca86c1, startTime=1714564666358, sessionId=553e87dc-9251-4680-8cba-bf372415232d, createTime=1714564666292, userName=null, ipAddress=null]
2024-05-01T04:57:46,370  INFO [553e87dc-9251-4680-8cba-bf372415232d main] common.LogUtils: Unregistered logging context.
2024-05-01T04:57:46,372  INFO [553e87dc-9251-4680-8cba-bf372415232d main] operation.OperationManager: Closing operation: OperationHandle [opType=EXECUTE_STATEMENT, getHandleIdentifier()=71562c5f-293e-4b85-ab6b-697c9e12d5d9]
2024-05-01T04:57:46,372  INFO [553e87dc-9251-4680-8cba-bf372415232d main] operation.OperationManager: Removed queryId: alex_20240501045746_9ea29a7a-3477-4aad-8bfc-81aef6ca86c1 corresponding to operation: OperationHandle [opType=EXECUTE_STATEMENT, getHandleIdentifier()=71562c5f-293e-4b85-ab6b-697c9e12d5d9] with tag: null
2024-05-01T04:57:46,373  INFO [553e87dc-9251-4680-8cba-bf372415232d main] operation.HiveCommandOperation: Closing operation log /home/alex/Repositories/hive/beeline/target/tmp/alex/operation_logs/553e87dc-9251-4680-8cba-bf372415232d/alex_20240501045746_9ea29a7a-3477-4aad-8bfc-81aef6ca86c1 without delay
2024-05-01T04:57:46,385  INFO [553e87dc-9251-4680-8cba-bf372415232d main] session.HiveSessionImpl: executing create database if not exists testDB
2024-05-01T04:57:46,386  INFO [553e87dc-9251-4680-8cba-bf372415232d main] operation.OperationManager: Adding operation: OperationHandle [opType=EXECUTE_STATEMENT, getHandleIdentifier()=de4bcc2f-af28-4a8f-9008-38816feefca0] SessionHandle [553e87dc-9251-4680-8cba-bf372415232d]
2024-05-01T04:57:46,386  INFO [553e87dc-9251-4680-8cba-bf372415232d main] common.LogUtils: Thread context registration is done.
DEBUG StatusLogger Building Plugin[name=filter, class=org.apache.hadoop.hive.ql.log.LogDivertAppender$NameFilter].
DEBUG StatusLogger createFilter(loggingLevel="EXECUTION")
DEBUG StatusLogger Building Plugin[name=layout, class=org.apache.logging.log4j.core.layout.PatternLayout].
DEBUG StatusLogger PatternLayout$Builder(pattern="%-5p : %m%n", PatternSelector=null, Configuration(HiveLog4j2Test), Replace=null, charset="null", alwaysWriteExceptions="null", disableAnsi="null", noConsoleNoAnsi="null", header="null", footer="null")
DEBUG StatusLogger Building Plugin[name=appender, class=org.apache.hadoop.hive.ql.log.HushableRandomAccessFileAppender].
DEBUG StatusLogger createAppender(fileName="/home/alex/Repositories/hive/beeline/target/tmp/alex/operation_logs/553e87dc-9251-4680-8cba-bf372415232d/alex_20240501045746_22b974f3-0cd2-47f0-876c-4baee21a4727", append="null", name="query-file-appender", immediateFlush="null", bufferSize="null", ignoreExceptions="null", PatternLayout(org.apache.logging.log4j.core.layout.PatternLayout with name PatternLayout), NameFilter(org.apache.hadoop.hive.ql.log.LogDivertAppender$NameFilter with name NameFilter), advertise="null", advertiseURI="null", Configuration(HiveLog4j2Test))
DEBUG StatusLogger Starting RandomAccessFileManager /home/alex/Repositories/hive/beeline/target/tmp/alex/operation_logs/553e87dc-9251-4680-8cba-bf372415232d/alex_20240501045746_22b974f3-0cd2-47f0-876c-4baee21a4727
DEBUG StatusLogger Building Plugin[name=, class=org.apache.hadoop.hive.ql.log.LogDivertAppenderForTest$TestFilter].
DEBUG StatusLogger createFilter()
DEBUG StatusLogger Building Plugin[name=, class=org.apache.logging.log4j.core.layout.PatternLayout].
DEBUG StatusLogger PatternLayout$Builder(pattern="%-5p : %m%n", PatternSelector=null, Configuration(HiveLog4j2Test), Replace=null, charset="null", alwaysWriteExceptions="null", disableAnsi="null", noConsoleNoAnsi="null", header="null", footer="null")
DEBUG StatusLogger Building Plugin[name=appender, class=org.apache.hadoop.hive.ql.log.HushableRandomAccessFileAppender].
DEBUG StatusLogger createAppender(fileName="/home/alex/Repositories/hive/beeline/target/tmp/alex/operation_logs/553e87dc-9251-4680-8cba-bf372415232d/alex_20240501045746_22b974f3-0cd2-47f0-876c-4baee21a4727.test", append="null", name="test-query-file-appender", immediateFlush="null", bufferSize="null", ignoreExceptions="null", PatternLayout(org.apache.logging.log4j.core.layout.PatternLayout with name PatternLayout), test-filter(org.apache.hadoop.hive.ql.log.LogDivertAppenderForTest$TestFilter with name test-filter), advertise="null", advertiseURI="null", Configuration(HiveLog4j2Test))
DEBUG StatusLogger Starting RandomAccessFileManager /home/alex/Repositories/hive/beeline/target/tmp/alex/operation_logs/553e87dc-9251-4680-8cba-bf372415232d/alex_20240501045746_22b974f3-0cd2-47f0-876c-4baee21a4727.test
2024-05-01T04:57:46,389  INFO [553e87dc-9251-4680-8cba-bf372415232d main] operation.SQLOperation: [opType=EXECUTE_STATEMENT, queryId=alex_20240501045746_22b974f3-0cd2-47f0-876c-4baee21a4727, startTime=1714564666385, sessionId=553e87dc-9251-4680-8cba-bf372415232d, createTime=1714564666292, userName=null, ipAddress=null]
2024-05-01T04:57:46,390  INFO [553e87dc-9251-4680-8cba-bf372415232d main] ql.Driver: Compiling command(queryId=alex_20240501045746_22b974f3-0cd2-47f0-876c-4baee21a4727): create database if not exists testDB
2024-05-01T04:57:46,391  INFO [553e87dc-9251-4680-8cba-bf372415232d main] metastore.HiveMetaStoreClient: HMS client filtering is enabled.
2024-05-01T04:57:46,392  INFO [553e87dc-9251-4680-8cba-bf372415232d main] metastore.HMSHandler: 0: Opening raw store with implementation class:org.apache.hadoop.hive.metastore.ObjectStore
2024-05-01T04:57:46,392  INFO [553e87dc-9251-4680-8cba-bf372415232d main] metastore.PersistenceManagerProvider: Configuration datanucleus.autoStartMechanismMode is not set. Defaulting to 'ignored'
2024-05-01T04:57:46,392  INFO [553e87dc-9251-4680-8cba-bf372415232d main] metastore.ObjectStore: RawStore: org.apache.hadoop.hive.metastore.ObjectStore@1f6c4ae, with PersistenceManager: null will be shutdown
2024-05-01T04:57:46,392  INFO [553e87dc-9251-4680-8cba-bf372415232d main] metastore.ObjectStore: RawStore: org.apache.hadoop.hive.metastore.ObjectStore@1f6c4ae, with PersistenceManager: org.datanucleus.api.jdo.JDOPersistenceManager@26270b77 created in the thread with id: 1
2024-05-01T04:57:46,395  INFO [553e87dc-9251-4680-8cba-bf372415232d main] metastore.HMSHandler: Created RawStore: org.apache.hadoop.hive.metastore.ObjectStore@1f6c4ae from thread id: 1
2024-05-01T04:57:46,395  INFO [553e87dc-9251-4680-8cba-bf372415232d main] metastore.HMSHandler: HMS server filtering is disabled by configuration
2024-05-01T04:57:46,395  INFO [553e87dc-9251-4680-8cba-bf372415232d main] metastore.RetryingMetaStoreClient: RetryingMetaStoreClient proxy=class org.apache.hadoop.hive.ql.metadata.SessionHiveMetaStoreClient ugi=alex (auth:SIMPLE) retries=1 delay=1 lifetime=0
2024-05-01T04:57:46,396  INFO [553e87dc-9251-4680-8cba-bf372415232d main] ql.Driver: Semantic Analysis Completed (retrial = false)
2024-05-01T04:57:46,396  INFO [553e87dc-9251-4680-8cba-bf372415232d main] ql.Driver: Created Hive schema: Schema(fieldSchemas:null, properties:null)
2024-05-01T04:57:46,396  INFO [553e87dc-9251-4680-8cba-bf372415232d main] metadata.Hive: Dumping metastore api call timing information for : compilation phase
2024-05-01T04:57:46,396  INFO [553e87dc-9251-4680-8cba-bf372415232d main] metadata.Hive: Total time spent in each metastore function (ms): {isCompatibleWith_(Configuration)=0, flushCache_()=0}
2024-05-01T04:57:46,396  INFO [553e87dc-9251-4680-8cba-bf372415232d main] ql.Driver: Completed compiling command(queryId=alex_20240501045746_22b974f3-0cd2-47f0-876c-4baee21a4727); Time taken: 0.006 seconds
2024-05-01T04:57:46,396  INFO [553e87dc-9251-4680-8cba-bf372415232d main] common.LogUtils: Unregistered logging context.
2024-05-01T04:57:46,397  INFO [HiveServer2-Background-Pool: Thread-304] common.LogUtils: Thread context registration is done.
2024-05-01T04:57:46,397  INFO [HiveServer2-Background-Pool: Thread-304] reexec.ReExecDriver: Execution #1 of query
2024-05-01T04:57:46,398  INFO [HiveServer2-Background-Pool: Thread-304] ql.Driver: Concurrency mode is disabled, not creating a lock manager
2024-05-01T04:57:46,398  INFO [HiveServer2-Background-Pool: Thread-304] ql.Driver: Executing command(queryId=alex_20240501045746_22b974f3-0cd2-47f0-876c-4baee21a4727): create database if not exists testDB
2024-05-01T04:57:46,398  INFO [HiveServer2-Background-Pool: Thread-304] ql.Driver: Starting task [Stage-0:DDL] in serial mode
2024-05-01T04:57:46,399  INFO [HiveServer2-Background-Pool: Thread-304] sqlstd.SQLStdHiveAccessController: Created SQLStdHiveAccessController for session context : HiveAuthzSessionContext [sessionString=553e87dc-9251-4680-8cba-bf372415232d, clientType=HIVESERVER2]
2024-05-01T04:57:46,399  WARN [HiveServer2-Background-Pool: Thread-304] exec.DDLTask: metastore.warehouse.external.dir is not set, falling back to metastore.warehouse.dir. This could cause external tables to use to managed tablespace.
2024-05-01T04:57:46,399  INFO [HiveServer2-Background-Pool: Thread-304] HiveMetaStore.audit: ugi=alex	ip=unknown-ip-addr	cmd=create_database: Database(name:testDB, description:null, locationUri:file:/home/alex/Repositories/hive/beeline/target/tmp/warehouse/testdb.db, parameters:null, ownerName:alex, ownerType:USER, catalogName:hive, type:NATIVE)	
2024-05-01T04:57:46,400  INFO [HiveServer2-Background-Pool: Thread-304] metastore.HMSHandler: 14: Opening raw store with implementation class:org.apache.hadoop.hive.metastore.ObjectStore
2024-05-01T04:57:46,401  INFO [HiveServer2-Background-Pool: Thread-304] metastore.ObjectStore: RawStore: org.apache.hadoop.hive.metastore.ObjectStore@349119db, with PersistenceManager: null will be shutdown
2024-05-01T04:57:46,401  INFO [HiveServer2-Background-Pool: Thread-304] metastore.ObjectStore: RawStore: org.apache.hadoop.hive.metastore.ObjectStore@349119db, with PersistenceManager: org.datanucleus.api.jdo.JDOPersistenceManager@7193812d created in the thread with id: 304
2024-05-01T04:57:46,404  INFO [HiveServer2-Background-Pool: Thread-304] metastore.HMSHandler: Created RawStore: org.apache.hadoop.hive.metastore.ObjectStore@349119db from thread id: 304
2024-05-01T04:57:46,406  INFO [HiveServer2-Background-Pool: Thread-304] metastore.HMSHandler: Creating database path in external directory file:/home/alex/Repositories/hive/beeline/target/tmp/warehouse/testdb.db
2024-05-01T04:57:46,406  INFO [HiveServer2-Background-Pool: Thread-304] utils.FileUtils: Creating directory if it doesn't exist: file:/home/alex/Repositories/hive/beeline/target/tmp/warehouse/testdb.db
2024-05-01T04:57:46,409  INFO [HiveServer2-Background-Pool: Thread-304] metastore.HMSHandler: Created database path in external directory file:/home/alex/Repositories/hive/beeline/target/tmp/warehouse/testdb.db
2024-05-01T04:57:46,412  INFO [HiveServer2-Background-Pool: Thread-304] metadata.Hive: Dumping metastore api call timing information for : execution phase
2024-05-01T04:57:46,412  INFO [HiveServer2-Background-Pool: Thread-304] metadata.Hive: Total time spent in each metastore function (ms): {isCompatibleWith_(Configuration)=0, createDatabase_(Database)=13}
2024-05-01T04:57:46,412  INFO [HiveServer2-Background-Pool: Thread-304] ql.Driver: Completed executing command(queryId=alex_20240501045746_22b974f3-0cd2-47f0-876c-4baee21a4727); Time taken: 0.014 seconds
2024-05-01T04:57:46,413  INFO [HiveServer2-Background-Pool: Thread-304] common.LogUtils: Unregistered logging context.
2024-05-01T04:57:46,415  INFO [553e87dc-9251-4680-8cba-bf372415232d main] operation.OperationManager: Closing operation: OperationHandle [opType=EXECUTE_STATEMENT, getHandleIdentifier()=de4bcc2f-af28-4a8f-9008-38816feefca0]
2024-05-01T04:57:46,415  INFO [553e87dc-9251-4680-8cba-bf372415232d main] operation.OperationManager: Removed queryId: alex_20240501045746_22b974f3-0cd2-47f0-876c-4baee21a4727 corresponding to operation: OperationHandle [opType=EXECUTE_STATEMENT, getHandleIdentifier()=de4bcc2f-af28-4a8f-9008-38816feefca0] with tag: null
2024-05-01T04:57:46,415  INFO [553e87dc-9251-4680-8cba-bf372415232d main] operation.SQLOperation: Closing operation log /home/alex/Repositories/hive/beeline/target/tmp/alex/operation_logs/553e87dc-9251-4680-8cba-bf372415232d/alex_20240501045746_22b974f3-0cd2-47f0-876c-4baee21a4727 without delay
2024-05-01T04:57:46,420  INFO [553e87dc-9251-4680-8cba-bf372415232d main] session.HiveSessionImpl: executing use default
2024-05-01T04:57:46,421  INFO [553e87dc-9251-4680-8cba-bf372415232d main] operation.OperationManager: Adding operation: OperationHandle [opType=EXECUTE_STATEMENT, getHandleIdentifier()=7474e431-7292-46a4-a108-fed09965cc6a] SessionHandle [553e87dc-9251-4680-8cba-bf372415232d]
2024-05-01T04:57:46,421  INFO [553e87dc-9251-4680-8cba-bf372415232d main] common.LogUtils: Thread context registration is done.
DEBUG StatusLogger Building Plugin[name=filter, class=org.apache.hadoop.hive.ql.log.LogDivertAppender$NameFilter].
DEBUG StatusLogger createFilter(loggingLevel="EXECUTION")
DEBUG StatusLogger Building Plugin[name=layout, class=org.apache.logging.log4j.core.layout.PatternLayout].
DEBUG StatusLogger PatternLayout$Builder(pattern="%-5p : %m%n", PatternSelector=null, Configuration(HiveLog4j2Test), Replace=null, charset="null", alwaysWriteExceptions="null", disableAnsi="null", noConsoleNoAnsi="null", header="null", footer="null")
DEBUG StatusLogger Building Plugin[name=appender, class=org.apache.hadoop.hive.ql.log.HushableRandomAccessFileAppender].
DEBUG StatusLogger createAppender(fileName="/home/alex/Repositories/hive/beeline/target/tmp/alex/operation_logs/553e87dc-9251-4680-8cba-bf372415232d/alex_20240501045746_0bcc82e7-bce2-46e8-80fd-177bf8047988", append="null", name="query-file-appender", immediateFlush="null", bufferSize="null", ignoreExceptions="null", PatternLayout(org.apache.logging.log4j.core.layout.PatternLayout with name PatternLayout), NameFilter(org.apache.hadoop.hive.ql.log.LogDivertAppender$NameFilter with name NameFilter), advertise="null", advertiseURI="null", Configuration(HiveLog4j2Test))
DEBUG StatusLogger Starting RandomAccessFileManager /home/alex/Repositories/hive/beeline/target/tmp/alex/operation_logs/553e87dc-9251-4680-8cba-bf372415232d/alex_20240501045746_0bcc82e7-bce2-46e8-80fd-177bf8047988
DEBUG StatusLogger Building Plugin[name=, class=org.apache.hadoop.hive.ql.log.LogDivertAppenderForTest$TestFilter].
DEBUG StatusLogger createFilter()
DEBUG StatusLogger Building Plugin[name=, class=org.apache.logging.log4j.core.layout.PatternLayout].
DEBUG StatusLogger PatternLayout$Builder(pattern="%-5p : %m%n", PatternSelector=null, Configuration(HiveLog4j2Test), Replace=null, charset="null", alwaysWriteExceptions="null", disableAnsi="null", noConsoleNoAnsi="null", header="null", footer="null")
DEBUG StatusLogger Building Plugin[name=appender, class=org.apache.hadoop.hive.ql.log.HushableRandomAccessFileAppender].
DEBUG StatusLogger createAppender(fileName="/home/alex/Repositories/hive/beeline/target/tmp/alex/operation_logs/553e87dc-9251-4680-8cba-bf372415232d/alex_20240501045746_0bcc82e7-bce2-46e8-80fd-177bf8047988.test", append="null", name="test-query-file-appender", immediateFlush="null", bufferSize="null", ignoreExceptions="null", PatternLayout(org.apache.logging.log4j.core.layout.PatternLayout with name PatternLayout), test-filter(org.apache.hadoop.hive.ql.log.LogDivertAppenderForTest$TestFilter with name test-filter), advertise="null", advertiseURI="null", Configuration(HiveLog4j2Test))
DEBUG StatusLogger Starting RandomAccessFileManager /home/alex/Repositories/hive/beeline/target/tmp/alex/operation_logs/553e87dc-9251-4680-8cba-bf372415232d/alex_20240501045746_0bcc82e7-bce2-46e8-80fd-177bf8047988.test
2024-05-01T04:57:46,425  INFO [553e87dc-9251-4680-8cba-bf372415232d main] operation.SQLOperation: [opType=EXECUTE_STATEMENT, queryId=alex_20240501045746_0bcc82e7-bce2-46e8-80fd-177bf8047988, startTime=1714564666420, sessionId=553e87dc-9251-4680-8cba-bf372415232d, createTime=1714564666292, userName=null, ipAddress=null]
2024-05-01T04:57:46,426  INFO [553e87dc-9251-4680-8cba-bf372415232d main] ql.Driver: Compiling command(queryId=alex_20240501045746_0bcc82e7-bce2-46e8-80fd-177bf8047988): use default
2024-05-01T04:57:46,427  INFO [553e87dc-9251-4680-8cba-bf372415232d main] HiveMetaStore.audit: ugi=alex	ip=unknown-ip-addr	cmd=get_database: default	
2024-05-01T04:57:46,428  INFO [553e87dc-9251-4680-8cba-bf372415232d main] ql.Driver: Semantic Analysis Completed (retrial = false)
2024-05-01T04:57:46,428  INFO [553e87dc-9251-4680-8cba-bf372415232d main] ql.Driver: Created Hive schema: Schema(fieldSchemas:null, properties:null)
2024-05-01T04:57:46,428  INFO [553e87dc-9251-4680-8cba-bf372415232d main] metadata.Hive: Dumping metastore api call timing information for : compilation phase
2024-05-01T04:57:46,428  INFO [553e87dc-9251-4680-8cba-bf372415232d main] metadata.Hive: Total time spent in each metastore function (ms): {isCompatibleWith_(Configuration)=0, getDatabase_(String)=1, flushCache_()=0}
2024-05-01T04:57:46,429  INFO [553e87dc-9251-4680-8cba-bf372415232d main] ql.Driver: Completed compiling command(queryId=alex_20240501045746_0bcc82e7-bce2-46e8-80fd-177bf8047988); Time taken: 0.002 seconds
2024-05-01T04:57:46,429  INFO [553e87dc-9251-4680-8cba-bf372415232d main] common.LogUtils: Unregistered logging context.
2024-05-01T04:57:46,429  INFO [HiveServer2-Background-Pool: Thread-308] common.LogUtils: Thread context registration is done.
2024-05-01T04:57:46,429  INFO [HiveServer2-Background-Pool: Thread-308] reexec.ReExecDriver: Execution #1 of query
2024-05-01T04:57:46,430  INFO [HiveServer2-Background-Pool: Thread-308] ql.Driver: Concurrency mode is disabled, not creating a lock manager
2024-05-01T04:57:46,430  INFO [HiveServer2-Background-Pool: Thread-308] ql.Driver: Executing command(queryId=alex_20240501045746_0bcc82e7-bce2-46e8-80fd-177bf8047988): use default
2024-05-01T04:57:46,430  INFO [HiveServer2-Background-Pool: Thread-308] ql.Driver: Starting task [Stage-0:DDL] in serial mode
2024-05-01T04:57:46,431  INFO [HiveServer2-Background-Pool: Thread-308] HiveMetaStore.audit: ugi=alex	ip=unknown-ip-addr	cmd=get_database: default	
2024-05-01T04:57:46,431  INFO [HiveServer2-Background-Pool: Thread-308] metastore.HMSHandler: 15: Opening raw store with implementation class:org.apache.hadoop.hive.metastore.ObjectStore
2024-05-01T04:57:46,432  INFO [HiveServer2-Background-Pool: Thread-308] metastore.ObjectStore: RawStore: org.apache.hadoop.hive.metastore.ObjectStore@5feff7e5, with PersistenceManager: null will be shutdown
2024-05-01T04:57:46,432  INFO [HiveServer2-Background-Pool: Thread-308] metastore.ObjectStore: RawStore: org.apache.hadoop.hive.metastore.ObjectStore@5feff7e5, with PersistenceManager: org.datanucleus.api.jdo.JDOPersistenceManager@1aed627c created in the thread with id: 308
2024-05-01T04:57:46,435  INFO [HiveServer2-Background-Pool: Thread-308] metastore.HMSHandler: Created RawStore: org.apache.hadoop.hive.metastore.ObjectStore@5feff7e5 from thread id: 308
2024-05-01T04:57:46,436  INFO [HiveServer2-Background-Pool: Thread-308] HiveMetaStore.audit: ugi=alex	ip=unknown-ip-addr	cmd=get_database: default	
2024-05-01T04:57:46,437  INFO [HiveServer2-Background-Pool: Thread-308] metadata.Hive: Dumping metastore api call timing information for : execution phase
2024-05-01T04:57:46,437  INFO [HiveServer2-Background-Pool: Thread-308] metadata.Hive: Total time spent in each metastore function (ms): {isCompatibleWith_(Configuration)=1, getDatabase_(String)=6}
2024-05-01T04:57:46,437  INFO [HiveServer2-Background-Pool: Thread-308] ql.Driver: Completed executing command(queryId=alex_20240501045746_0bcc82e7-bce2-46e8-80fd-177bf8047988); Time taken: 0.007 seconds
2024-05-01T04:57:46,437  INFO [HiveServer2-Background-Pool: Thread-308] common.LogUtils: Unregistered logging context.
2024-05-01T04:57:46,438  INFO [553e87dc-9251-4680-8cba-bf372415232d main] operation.OperationManager: Closing operation: OperationHandle [opType=EXECUTE_STATEMENT, getHandleIdentifier()=7474e431-7292-46a4-a108-fed09965cc6a]
2024-05-01T04:57:46,439  INFO [553e87dc-9251-4680-8cba-bf372415232d main] operation.OperationManager: Removed queryId: alex_20240501045746_0bcc82e7-bce2-46e8-80fd-177bf8047988 corresponding to operation: OperationHandle [opType=EXECUTE_STATEMENT, getHandleIdentifier()=7474e431-7292-46a4-a108-fed09965cc6a] with tag: null
2024-05-01T04:57:46,439  INFO [553e87dc-9251-4680-8cba-bf372415232d main] operation.SQLOperation: Closing operation log /home/alex/Repositories/hive/beeline/target/tmp/alex/operation_logs/553e87dc-9251-4680-8cba-bf372415232d/alex_20240501045746_0bcc82e7-bce2-46e8-80fd-177bf8047988 without delay
2024-05-01T04:57:46,443  INFO [main] service.CompositeService: Session closed, SessionHandle [553e87dc-9251-4680-8cba-bf372415232d], current sessions:0
2024-05-01T04:57:46,443  INFO [553e87dc-9251-4680-8cba-bf372415232d main] session.HiveSessionImpl: Operation log session directory is deleted: /home/alex/Repositories/hive/beeline/target/tmp/alex/operation_logs/553e87dc-9251-4680-8cba-bf372415232d
2024-05-01T04:57:46,443  INFO [main] cleanup.EventualCleanupService: Delete /tmp/hive/alex/553e87dc-9251-4680-8cba-bf372415232d operation was queued
2024-05-01T04:57:46,444  INFO [main] cleanup.EventualCleanupService: Delete /home/alex/Repositories/hive/beeline/target/tmp/alex/553e87dc-9251-4680-8cba-bf372415232d operation was queued
2024-05-01T04:57:46,444  INFO [EventualCleanupService thread 1] cleanup.EventualCleanupService: Deleted /home/alex/Repositories/hive/beeline/target/tmp/alex/553e87dc-9251-4680-8cba-bf372415232d
2024-05-01T04:57:46,444  INFO [EventualCleanupService thread 0] cleanup.EventualCleanupService: Deleted /tmp/hive/alex/553e87dc-9251-4680-8cba-bf372415232d
2024-05-01T04:57:46,444  INFO [main] HiveMetaStore.audit: ugi=alex	ip=unknown-ip-addr	cmd=Cleaning up thread local RawStore...	
2024-05-01T04:57:46,444  INFO [main] metastore.ObjectStore: RawStore: org.apache.hadoop.hive.metastore.ObjectStore@1f6c4ae, with PersistenceManager: org.datanucleus.api.jdo.JDOPersistenceManager@26270b77 will be shutdown
2024-05-01T04:57:46,444  INFO [main] HiveMetaStore.audit: ugi=alex	ip=unknown-ip-addr	cmd=Done cleaning up thread local RawStore	
2024-05-01T04:57:46,444  INFO [main] metastore.HiveMetaStoreClient: Closed a connection to metastore, current connections: -17
]]></system-err>
  </testcase>
  <testcase name="testUseCurrentDB2" classname="org.apache.hive.beeline.cli.TestHiveCli" time="0.23">
    <failure type="java.lang.AssertionError"><![CDATA[java.lang.AssertionError: 
The expected keyword "hive (testDB)>" occur in the output: Connecting to jdbc:hive2://
Hive Session ID = cc4abdca-5832-404d-82b4-4b306698a905
ivysettings.xml file not found in HIVE_HOME or HIVE_CONF_DIR,/home/alex/Repositories/hive/conf/ivysettings.xml will be used
ivysettings.xml file not found in HIVE_HOME or HIVE_CONF_DIR,/home/alex/Repositories/hive/conf/ivysettings.xml will be used
Connected to: Apache Hive (version 4.0.0-SNAPSHOT)
Error: Couldn't load manifest attributes. (state=,code=0)
Transaction isolation: TRANSACTION_REPEATABLE_READ
Beeline version ??? by Apache Hive
hive> create database if not exists testDB; set hive.cli.print.current.db=true;use
. . > testDB;
INFO  : Compiling command(queryId=alex_20240501045746_e52bb5eb-067e-44b5-a82e-892670964ab7): create database if not exists testDB
INFO  : Semantic Analysis Completed (retrial = false)
INFO  : Created Hive schema: Schema(fieldSchemas:null, properties:null)
INFO  : Completed compiling command(queryId=alex_20240501045746_e52bb5eb-067e-44b5-a82e-892670964ab7); Time taken: 0.005 seconds
INFO  : Concurrency mode is disabled, not creating a lock manager
INFO  : Executing command(queryId=alex_20240501045746_e52bb5eb-067e-44b5-a82e-892670964ab7): create database if not exists testDB
INFO  : Starting task [Stage-0:DDL] in serial mode
DEBUG : Task getting executed using mapred tag : alex_20240501045746_e52bb5eb-067e-44b5-a82e-892670964ab7,userid=null
INFO  : Completed executing command(queryId=alex_20240501045746_e52bb5eb-067e-44b5-a82e-892670964ab7); Time taken: 0.01 seconds
DEBUG : Shutting down query create database if not exists testDB
Error: Failed to wait for operation to complete (state=08S01,code=0)
hive> use default;drop if exists testDB;
INFO  : Compiling command(queryId=alex_20240501045746_c0cbf321-c4fb-49e6-b64b-56fb6d895704): use default
INFO  : Semantic Analysis Completed (retrial = false)
INFO  : Created Hive schema: Schema(fieldSchemas:null, properties:null)
INFO  : Completed compiling command(queryId=alex_20240501045746_c0cbf321-c4fb-49e6-b64b-56fb6d895704); Time taken: 0.004 seconds
INFO  : Concurrency mode is disabled, not creating a lock manager
INFO  : Executing command(queryId=alex_20240501045746_c0cbf321-c4fb-49e6-b64b-56fb6d895704): use default
INFO  : Starting task [Stage-0:DDL] in serial mode
DEBUG : Task getting executed using mapred tag : alex_20240501045746_c0cbf321-c4fb-49e6-b64b-56fb6d895704,userid=null
INFO  : Completed executing command(queryId=alex_20240501045746_c0cbf321-c4fb-49e6-b64b-56fb6d895704); Time taken: 0.007 seconds
DEBUG : Shutting down query use default
Error: Failed to wait for operation to complete (state=08S01,code=0)
hive> Closing: 0: jdbc:hive2://

	at org.junit.Assert.fail(Assert.java:89)
	at org.junit.Assert.assertTrue(Assert.java:42)
	at org.apache.hive.beeline.cli.TestHiveCli.verifyCMD(TestHiveCli.java:270)
	at org.apache.hive.beeline.cli.TestHiveCli.testUseCurrentDB2(TestHiveCli.java:219)
	at sun.reflect.NativeMethodAccessorImpl.invoke0(Native Method)
	at sun.reflect.NativeMethodAccessorImpl.invoke(NativeMethodAccessorImpl.java:62)
	at sun.reflect.DelegatingMethodAccessorImpl.invoke(DelegatingMethodAccessorImpl.java:43)
	at java.lang.reflect.Method.invoke(Method.java:498)
	at org.junit.runners.model.FrameworkMethod$1.runReflectiveCall(FrameworkMethod.java:59)
	at org.junit.internal.runners.model.ReflectiveCallable.run(ReflectiveCallable.java:12)
	at org.junit.runners.model.FrameworkMethod.invokeExplosively(FrameworkMethod.java:56)
	at org.junit.internal.runners.statements.InvokeMethod.evaluate(InvokeMethod.java:17)
	at org.junit.internal.runners.statements.RunBefores.evaluate(RunBefores.java:26)
	at org.junit.internal.runners.statements.RunAfters.evaluate(RunAfters.java:27)
	at org.junit.runners.ParentRunner$3.evaluate(ParentRunner.java:306)
	at org.junit.runners.BlockJUnit4ClassRunner$1.evaluate(BlockJUnit4ClassRunner.java:100)
	at org.junit.runners.ParentRunner.runLeaf(ParentRunner.java:366)
	at org.junit.runners.BlockJUnit4ClassRunner.runChild(BlockJUnit4ClassRunner.java:103)
	at org.junit.runners.BlockJUnit4ClassRunner.runChild(BlockJUnit4ClassRunner.java:63)
	at org.junit.runners.ParentRunner$4.run(ParentRunner.java:331)
	at org.junit.runners.ParentRunner$1.schedule(ParentRunner.java:79)
	at org.junit.runners.ParentRunner.runChildren(ParentRunner.java:329)
	at org.junit.runners.ParentRunner.access$100(ParentRunner.java:66)
	at org.junit.runners.ParentRunner$2.evaluate(ParentRunner.java:293)
	at org.junit.internal.runners.statements.RunBefores.evaluate(RunBefores.java:26)
	at org.junit.runners.ParentRunner$3.evaluate(ParentRunner.java:306)
	at org.junit.runners.ParentRunner.run(ParentRunner.java:413)
	at org.junit.runner.JUnitCore.run(JUnitCore.java:137)
	at org.junit.runner.JUnitCore.run(JUnitCore.java:115)
	at org.junit.vintage.engine.execution.RunnerExecutor.execute(RunnerExecutor.java:43)
	at java.util.stream.ForEachOps$ForEachOp$OfRef.accept(ForEachOps.java:183)
	at java.util.stream.ReferencePipeline$3$1.accept(ReferencePipeline.java:193)
	at java.util.Iterator.forEachRemaining(Iterator.java:116)
	at java.util.Spliterators$IteratorSpliterator.forEachRemaining(Spliterators.java:1801)
	at java.util.stream.AbstractPipeline.copyInto(AbstractPipeline.java:482)
	at java.util.stream.AbstractPipeline.wrapAndCopyInto(AbstractPipeline.java:472)
	at java.util.stream.ForEachOps$ForEachOp.evaluateSequential(ForEachOps.java:150)
	at java.util.stream.ForEachOps$ForEachOp$OfRef.evaluateSequential(ForEachOps.java:173)
	at java.util.stream.AbstractPipeline.evaluate(AbstractPipeline.java:234)
	at java.util.stream.ReferencePipeline.forEach(ReferencePipeline.java:485)
	at org.junit.vintage.engine.VintageTestEngine.executeAllChildren(VintageTestEngine.java:82)
	at org.junit.vintage.engine.VintageTestEngine.execute(VintageTestEngine.java:73)
	at org.junit.platform.launcher.core.DefaultLauncher.execute(DefaultLauncher.java:248)
	at org.junit.platform.launcher.core.DefaultLauncher.lambda$execute$5(DefaultLauncher.java:211)
	at org.junit.platform.launcher.core.DefaultLauncher.withInterceptedStreams(DefaultLauncher.java:226)
	at org.junit.platform.launcher.core.DefaultLauncher.execute(DefaultLauncher.java:199)
	at org.junit.platform.launcher.core.DefaultLauncher.execute(DefaultLauncher.java:132)
	at org.apache.maven.surefire.junitplatform.JUnitPlatformProvider.invokeAllTests(JUnitPlatformProvider.java:154)
	at org.apache.maven.surefire.junitplatform.JUnitPlatformProvider.invoke(JUnitPlatformProvider.java:123)
	at org.apache.maven.surefire.booter.ForkedBooter.runSuitesInProcess(ForkedBooter.java:377)
	at org.apache.maven.surefire.booter.ForkedBooter.execute(ForkedBooter.java:138)
	at org.apache.maven.surefire.booter.ForkedBooter.run(ForkedBooter.java:465)
	at org.apache.maven.surefire.booter.ForkedBooter.main(ForkedBooter.java:451)
]]></failure>
    <system-err><![CDATA[2024-05-01T04:57:46,446 ERROR [main] cli.TestHiveCli: Failed to execute command due to the error: java.lang.NullPointerException: Null output stream
2024-05-01T04:57:46,494  WARN [main] conf.HiveConf: HiveConf of name hive.dummyparam.test.server.specific.config.override does not exist
2024-05-01T04:57:46,494  WARN [main] conf.HiveConf: HiveConf of name hive.dummyparam.test.server.specific.config.hiveserver2site does not exist
2024-05-01T04:57:46,495  WARN [main] conf.HiveConf: HiveConf of name hive.dummyparam.test.server.specific.config.metastoresite does not exist
2024-05-01T04:57:46,495  INFO [main] SessionState: Hive Session ID = cc4abdca-5832-404d-82b4-4b306698a905
2024-05-01T04:57:46,496  INFO [main] DependencyResolver: ivysettings.xml file not found in HIVE_HOME or HIVE_CONF_DIR,/home/alex/Repositories/hive/conf/ivysettings.xml will be used
2024-05-01T04:57:46,503  INFO [main] session.SessionState: Created HDFS directory: /tmp/hive/alex/cc4abdca-5832-404d-82b4-4b306698a905
2024-05-01T04:57:46,506  INFO [main] session.SessionState: Created local directory: /home/alex/Repositories/hive/beeline/target/tmp/alex/cc4abdca-5832-404d-82b4-4b306698a905
2024-05-01T04:57:46,509  INFO [main] session.SessionState: Created HDFS directory: /tmp/hive/alex/cc4abdca-5832-404d-82b4-4b306698a905/_tmp_space.db
2024-05-01T04:57:46,510  INFO [main] sqlstd.SQLStdHiveAccessController: Created SQLStdHiveAccessController for session context : HiveAuthzSessionContext [sessionString=cc4abdca-5832-404d-82b4-4b306698a905, clientType=HIVESERVER2]
2024-05-01T04:57:46,511  INFO [main] metastore.HiveMetaStoreClient: HMS client filtering is enabled.
2024-05-01T04:57:46,512  INFO [main] metastore.HMSHandler: 0: Opening raw store with implementation class:org.apache.hadoop.hive.metastore.ObjectStore
2024-05-01T04:57:46,512  INFO [main] metastore.PersistenceManagerProvider: Configuration datanucleus.autoStartMechanismMode is not set. Defaulting to 'ignored'
2024-05-01T04:57:46,512  INFO [main] metastore.ObjectStore: RawStore: org.apache.hadoop.hive.metastore.ObjectStore@64665781, with PersistenceManager: null will be shutdown
2024-05-01T04:57:46,512  INFO [main] metastore.ObjectStore: RawStore: org.apache.hadoop.hive.metastore.ObjectStore@64665781, with PersistenceManager: org.datanucleus.api.jdo.JDOPersistenceManager@4c2bea52 created in the thread with id: 1
2024-05-01T04:57:46,516  INFO [main] metastore.HMSHandler: Created RawStore: org.apache.hadoop.hive.metastore.ObjectStore@64665781 from thread id: 1
2024-05-01T04:57:46,516  INFO [main] metastore.HMSHandler: HMS server filtering is disabled by configuration
2024-05-01T04:57:46,516  INFO [main] metastore.RetryingMetaStoreClient: RetryingMetaStoreClient proxy=class org.apache.hadoop.hive.ql.metadata.SessionHiveMetaStoreClient ugi=alex (auth:SIMPLE) retries=1 delay=1 lifetime=0
2024-05-01T04:57:46,516  INFO [main] service.CompositeService: Operation log root directory is created: /home/alex/Repositories/hive/beeline/target/tmp/alex/operation_logs
2024-05-01T04:57:46,517  INFO [main] service.CompositeService: HiveServer2: Background operation thread pool size: 100
2024-05-01T04:57:46,517  INFO [main] service.CompositeService: HiveServer2: Background operation thread wait queue size: 100
2024-05-01T04:57:46,517  INFO [main] service.CompositeService: HiveServer2: Background operation thread keepalive time: 10 seconds
2024-05-01T04:57:46,517  INFO [main] service.CompositeService: Connections limit are user: 0 ipaddress: 0 user-ipaddress: 0
2024-05-01T04:57:46,518  INFO [main] cleanup.EventualCleanupService: EventualCleanupService started with 10 threads and queue of size 10000
ERROR StatusLogger Log4j2 ConfigurationScheduler attempted to increment scheduled items after start
ERROR StatusLogger Log4j2 ConfigurationScheduler attempted to increment scheduled items after start
2024-05-01T04:57:46,520  INFO [main] service.AbstractService: Service:OperationManager is inited.
2024-05-01T04:57:46,520  INFO [main] service.AbstractService: Service:SessionManager is inited.
2024-05-01T04:57:46,520  INFO [main] service.AbstractService: Service:CLIService is inited.
2024-05-01T04:57:46,520  INFO [main] service.AbstractService: Service:OperationManager is started.
2024-05-01T04:57:46,520  INFO [main] service.AbstractService: Service:SessionManager is started.
2024-05-01T04:57:46,520  INFO [main] service.AbstractService: Service:CLIService is started.
2024-05-01T04:57:46,520  INFO [main] service.AbstractService: Service:ThriftBinaryCLIService is inited.
2024-05-01T04:57:46,520  INFO [main] thrift.ThriftCLIService: Client protocol version: HIVE_CLI_SERVICE_PROTOCOL_V10
2024-05-01T04:57:46,520  INFO [main] thrift.ThriftCLIService: Creating Hive session handle for user [null] from IP null
2024-05-01T04:57:46,522  INFO [main] DependencyResolver: ivysettings.xml file not found in HIVE_HOME or HIVE_CONF_DIR,/home/alex/Repositories/hive/conf/ivysettings.xml will be used
2024-05-01T04:57:46,529  INFO [main] session.SessionState: Created HDFS directory: /tmp/hive/alex/f3a029b3-ab9f-4831-bd7d-2662c453de4b
2024-05-01T04:57:46,533  INFO [main] session.SessionState: Created local directory: /home/alex/Repositories/hive/beeline/target/tmp/alex/f3a029b3-ab9f-4831-bd7d-2662c453de4b
2024-05-01T04:57:46,536  INFO [main] session.SessionState: Created HDFS directory: /tmp/hive/alex/f3a029b3-ab9f-4831-bd7d-2662c453de4b/_tmp_space.db
2024-05-01T04:57:46,536  INFO [main] session.SessionState: Reloading auxiliary JAR files
2024-05-01T04:57:46,536  WARN [main] session.SessionState: Configuration hive.reloadable.aux.jars.path not specified
2024-05-01T04:57:46,536  INFO [main] HiveMetaStore.audit: ugi=alex	ip=unknown-ip-addr	cmd=Cleaning up thread local RawStore...	
2024-05-01T04:57:46,536  INFO [main] metastore.ObjectStore: RawStore: org.apache.hadoop.hive.metastore.ObjectStore@64665781, with PersistenceManager: org.datanucleus.api.jdo.JDOPersistenceManager@4c2bea52 will be shutdown
2024-05-01T04:57:46,537  INFO [main] HiveMetaStore.audit: ugi=alex	ip=unknown-ip-addr	cmd=Done cleaning up thread local RawStore	
2024-05-01T04:57:46,537  INFO [main] metastore.HiveMetaStoreClient: Closed a connection to metastore, current connections: -18
2024-05-01T04:57:46,537  INFO [main] session.HiveSessionImpl: Operation log session directory is created: /home/alex/Repositories/hive/beeline/target/tmp/alex/operation_logs/f3a029b3-ab9f-4831-bd7d-2662c453de4b
2024-05-01T04:57:46,537  INFO [main] service.CompositeService: Session opened, SessionHandle [f3a029b3-ab9f-4831-bd7d-2662c453de4b], current sessions:1
2024-05-01T04:57:46,537  INFO [main] thrift.ThriftCLIService: Login attempt is successful for user : null
2024-05-01T04:57:46,590  WARN [main] conf.HiveConf: HiveConf of name hive.dummyparam.test.server.specific.config.override does not exist
2024-05-01T04:57:46,591  WARN [main] conf.HiveConf: HiveConf of name hive.dummyparam.test.server.specific.config.hiveserver2site does not exist
2024-05-01T04:57:46,591  WARN [main] conf.HiveConf: HiveConf of name hive.dummyparam.test.server.specific.config.metastoresite does not exist
2024-05-01T04:57:46,592  INFO [f3a029b3-ab9f-4831-bd7d-2662c453de4b main] session.HiveSessionImpl: executing set
2024-05-01T04:57:46,593  INFO [f3a029b3-ab9f-4831-bd7d-2662c453de4b main] operation.HiveCommandOperation: Putting temp output to file /home/alex/Repositories/hive/beeline/target/tmp/alex/f3a029b3-ab9f-4831-bd7d-2662c453de4b8834501991427833930.pipeout and error output to file /home/alex/Repositories/hive/beeline/target/tmp/alex/f3a029b3-ab9f-4831-bd7d-2662c453de4b5890087103736747030.pipeout
2024-05-01T04:57:46,593  INFO [f3a029b3-ab9f-4831-bd7d-2662c453de4b main] operation.OperationManager: Adding operation: OperationHandle [opType=EXECUTE_STATEMENT, getHandleIdentifier()=f82a0029-d426-44d0-b8e0-ebdd13d492f7] SessionHandle [f3a029b3-ab9f-4831-bd7d-2662c453de4b]
2024-05-01T04:57:46,593  INFO [f3a029b3-ab9f-4831-bd7d-2662c453de4b main] common.LogUtils: Thread context registration is done.
DEBUG StatusLogger Building Plugin[name=filter, class=org.apache.hadoop.hive.ql.log.LogDivertAppender$NameFilter].
DEBUG StatusLogger createFilter(loggingLevel="EXECUTION")
DEBUG StatusLogger Building Plugin[name=layout, class=org.apache.logging.log4j.core.layout.PatternLayout].
DEBUG StatusLogger PatternLayout$Builder(pattern="%-5p : %m%n", PatternSelector=null, Configuration(HiveLog4j2Test), Replace=null, charset="null", alwaysWriteExceptions="null", disableAnsi="null", noConsoleNoAnsi="null", header="null", footer="null")
DEBUG StatusLogger Building Plugin[name=appender, class=org.apache.hadoop.hive.ql.log.HushableRandomAccessFileAppender].
DEBUG StatusLogger createAppender(fileName="/home/alex/Repositories/hive/beeline/target/tmp/alex/operation_logs/f3a029b3-ab9f-4831-bd7d-2662c453de4b/alex_20240501045746_63bddf32-2758-4031-933e-932c0be4b1b6", append="null", name="query-file-appender", immediateFlush="null", bufferSize="null", ignoreExceptions="null", PatternLayout(org.apache.logging.log4j.core.layout.PatternLayout with name PatternLayout), NameFilter(org.apache.hadoop.hive.ql.log.LogDivertAppender$NameFilter with name NameFilter), advertise="null", advertiseURI="null", Configuration(HiveLog4j2Test))
DEBUG StatusLogger Starting RandomAccessFileManager /home/alex/Repositories/hive/beeline/target/tmp/alex/operation_logs/f3a029b3-ab9f-4831-bd7d-2662c453de4b/alex_20240501045746_63bddf32-2758-4031-933e-932c0be4b1b6
DEBUG StatusLogger Building Plugin[name=, class=org.apache.hadoop.hive.ql.log.LogDivertAppenderForTest$TestFilter].
DEBUG StatusLogger createFilter()
DEBUG StatusLogger Building Plugin[name=, class=org.apache.logging.log4j.core.layout.PatternLayout].
DEBUG StatusLogger PatternLayout$Builder(pattern="%-5p : %m%n", PatternSelector=null, Configuration(HiveLog4j2Test), Replace=null, charset="null", alwaysWriteExceptions="null", disableAnsi="null", noConsoleNoAnsi="null", header="null", footer="null")
DEBUG StatusLogger Building Plugin[name=appender, class=org.apache.hadoop.hive.ql.log.HushableRandomAccessFileAppender].
DEBUG StatusLogger createAppender(fileName="/home/alex/Repositories/hive/beeline/target/tmp/alex/operation_logs/f3a029b3-ab9f-4831-bd7d-2662c453de4b/alex_20240501045746_63bddf32-2758-4031-933e-932c0be4b1b6.test", append="null", name="test-query-file-appender", immediateFlush="null", bufferSize="null", ignoreExceptions="null", PatternLayout(org.apache.logging.log4j.core.layout.PatternLayout with name PatternLayout), test-filter(org.apache.hadoop.hive.ql.log.LogDivertAppenderForTest$TestFilter with name test-filter), advertise="null", advertiseURI="null", Configuration(HiveLog4j2Test))
DEBUG StatusLogger Starting RandomAccessFileManager /home/alex/Repositories/hive/beeline/target/tmp/alex/operation_logs/f3a029b3-ab9f-4831-bd7d-2662c453de4b/alex_20240501045746_63bddf32-2758-4031-933e-932c0be4b1b6.test
2024-05-01T04:57:46,598  INFO [f3a029b3-ab9f-4831-bd7d-2662c453de4b main] operation.HiveCommandOperation: [opType=EXECUTE_STATEMENT, queryId=alex_20240501045746_63bddf32-2758-4031-933e-932c0be4b1b6, startTime=1714564666592, sessionId=f3a029b3-ab9f-4831-bd7d-2662c453de4b, createTime=1714564666520, userName=null, ipAddress=null]
2024-05-01T04:57:46,607  INFO [f3a029b3-ab9f-4831-bd7d-2662c453de4b main] common.LogUtils: Unregistered logging context.
2024-05-01T04:57:46,610  INFO [f3a029b3-ab9f-4831-bd7d-2662c453de4b main] operation.OperationManager: Closing operation: OperationHandle [opType=EXECUTE_STATEMENT, getHandleIdentifier()=f82a0029-d426-44d0-b8e0-ebdd13d492f7]
2024-05-01T04:57:46,610  INFO [f3a029b3-ab9f-4831-bd7d-2662c453de4b main] operation.OperationManager: Removed queryId: alex_20240501045746_63bddf32-2758-4031-933e-932c0be4b1b6 corresponding to operation: OperationHandle [opType=EXECUTE_STATEMENT, getHandleIdentifier()=f82a0029-d426-44d0-b8e0-ebdd13d492f7] with tag: null
2024-05-01T04:57:46,611  INFO [f3a029b3-ab9f-4831-bd7d-2662c453de4b main] operation.HiveCommandOperation: Closing operation log /home/alex/Repositories/hive/beeline/target/tmp/alex/operation_logs/f3a029b3-ab9f-4831-bd7d-2662c453de4b/alex_20240501045746_63bddf32-2758-4031-933e-932c0be4b1b6 without delay
2024-05-01T04:57:46,622  INFO [f3a029b3-ab9f-4831-bd7d-2662c453de4b main] session.HiveSessionImpl: executing create database if not exists testDB
2024-05-01T04:57:46,623  INFO [f3a029b3-ab9f-4831-bd7d-2662c453de4b main] operation.OperationManager: Adding operation: OperationHandle [opType=EXECUTE_STATEMENT, getHandleIdentifier()=889a0468-3375-44cc-b9e1-f615618eff36] SessionHandle [f3a029b3-ab9f-4831-bd7d-2662c453de4b]
2024-05-01T04:57:46,623  INFO [f3a029b3-ab9f-4831-bd7d-2662c453de4b main] common.LogUtils: Thread context registration is done.
DEBUG StatusLogger Building Plugin[name=filter, class=org.apache.hadoop.hive.ql.log.LogDivertAppender$NameFilter].
DEBUG StatusLogger createFilter(loggingLevel="EXECUTION")
DEBUG StatusLogger Building Plugin[name=layout, class=org.apache.logging.log4j.core.layout.PatternLayout].
DEBUG StatusLogger PatternLayout$Builder(pattern="%-5p : %m%n", PatternSelector=null, Configuration(HiveLog4j2Test), Replace=null, charset="null", alwaysWriteExceptions="null", disableAnsi="null", noConsoleNoAnsi="null", header="null", footer="null")
DEBUG StatusLogger Building Plugin[name=appender, class=org.apache.hadoop.hive.ql.log.HushableRandomAccessFileAppender].
DEBUG StatusLogger createAppender(fileName="/home/alex/Repositories/hive/beeline/target/tmp/alex/operation_logs/f3a029b3-ab9f-4831-bd7d-2662c453de4b/alex_20240501045746_e52bb5eb-067e-44b5-a82e-892670964ab7", append="null", name="query-file-appender", immediateFlush="null", bufferSize="null", ignoreExceptions="null", PatternLayout(org.apache.logging.log4j.core.layout.PatternLayout with name PatternLayout), NameFilter(org.apache.hadoop.hive.ql.log.LogDivertAppender$NameFilter with name NameFilter), advertise="null", advertiseURI="null", Configuration(HiveLog4j2Test))
DEBUG StatusLogger Starting RandomAccessFileManager /home/alex/Repositories/hive/beeline/target/tmp/alex/operation_logs/f3a029b3-ab9f-4831-bd7d-2662c453de4b/alex_20240501045746_e52bb5eb-067e-44b5-a82e-892670964ab7
DEBUG StatusLogger Building Plugin[name=, class=org.apache.hadoop.hive.ql.log.LogDivertAppenderForTest$TestFilter].
DEBUG StatusLogger createFilter()
DEBUG StatusLogger Building Plugin[name=, class=org.apache.logging.log4j.core.layout.PatternLayout].
DEBUG StatusLogger PatternLayout$Builder(pattern="%-5p : %m%n", PatternSelector=null, Configuration(HiveLog4j2Test), Replace=null, charset="null", alwaysWriteExceptions="null", disableAnsi="null", noConsoleNoAnsi="null", header="null", footer="null")
DEBUG StatusLogger Building Plugin[name=appender, class=org.apache.hadoop.hive.ql.log.HushableRandomAccessFileAppender].
DEBUG StatusLogger createAppender(fileName="/home/alex/Repositories/hive/beeline/target/tmp/alex/operation_logs/f3a029b3-ab9f-4831-bd7d-2662c453de4b/alex_20240501045746_e52bb5eb-067e-44b5-a82e-892670964ab7.test", append="null", name="test-query-file-appender", immediateFlush="null", bufferSize="null", ignoreExceptions="null", PatternLayout(org.apache.logging.log4j.core.layout.PatternLayout with name PatternLayout), test-filter(org.apache.hadoop.hive.ql.log.LogDivertAppenderForTest$TestFilter with name test-filter), advertise="null", advertiseURI="null", Configuration(HiveLog4j2Test))
DEBUG StatusLogger Starting RandomAccessFileManager /home/alex/Repositories/hive/beeline/target/tmp/alex/operation_logs/f3a029b3-ab9f-4831-bd7d-2662c453de4b/alex_20240501045746_e52bb5eb-067e-44b5-a82e-892670964ab7.test
2024-05-01T04:57:46,626  INFO [f3a029b3-ab9f-4831-bd7d-2662c453de4b main] operation.SQLOperation: [opType=EXECUTE_STATEMENT, queryId=alex_20240501045746_e52bb5eb-067e-44b5-a82e-892670964ab7, startTime=1714564666622, sessionId=f3a029b3-ab9f-4831-bd7d-2662c453de4b, createTime=1714564666520, userName=null, ipAddress=null]
2024-05-01T04:57:46,627  INFO [f3a029b3-ab9f-4831-bd7d-2662c453de4b main] ql.Driver: Compiling command(queryId=alex_20240501045746_e52bb5eb-067e-44b5-a82e-892670964ab7): create database if not exists testDB
2024-05-01T04:57:46,628  INFO [f3a029b3-ab9f-4831-bd7d-2662c453de4b main] metastore.HiveMetaStoreClient: HMS client filtering is enabled.
2024-05-01T04:57:46,628  INFO [f3a029b3-ab9f-4831-bd7d-2662c453de4b main] metastore.HMSHandler: 0: Opening raw store with implementation class:org.apache.hadoop.hive.metastore.ObjectStore
2024-05-01T04:57:46,628  INFO [f3a029b3-ab9f-4831-bd7d-2662c453de4b main] metastore.PersistenceManagerProvider: Configuration datanucleus.autoStartMechanismMode is not set. Defaulting to 'ignored'
2024-05-01T04:57:46,629  INFO [f3a029b3-ab9f-4831-bd7d-2662c453de4b main] metastore.ObjectStore: RawStore: org.apache.hadoop.hive.metastore.ObjectStore@2b6fcca1, with PersistenceManager: null will be shutdown
2024-05-01T04:57:46,629  INFO [f3a029b3-ab9f-4831-bd7d-2662c453de4b main] metastore.ObjectStore: RawStore: org.apache.hadoop.hive.metastore.ObjectStore@2b6fcca1, with PersistenceManager: org.datanucleus.api.jdo.JDOPersistenceManager@39f93225 created in the thread with id: 1
2024-05-01T04:57:46,631  INFO [f3a029b3-ab9f-4831-bd7d-2662c453de4b main] metastore.HMSHandler: Created RawStore: org.apache.hadoop.hive.metastore.ObjectStore@2b6fcca1 from thread id: 1
2024-05-01T04:57:46,631  INFO [f3a029b3-ab9f-4831-bd7d-2662c453de4b main] metastore.HMSHandler: HMS server filtering is disabled by configuration
2024-05-01T04:57:46,631  INFO [f3a029b3-ab9f-4831-bd7d-2662c453de4b main] metastore.RetryingMetaStoreClient: RetryingMetaStoreClient proxy=class org.apache.hadoop.hive.ql.metadata.SessionHiveMetaStoreClient ugi=alex (auth:SIMPLE) retries=1 delay=1 lifetime=0
2024-05-01T04:57:46,631  INFO [f3a029b3-ab9f-4831-bd7d-2662c453de4b main] ql.Driver: Semantic Analysis Completed (retrial = false)
2024-05-01T04:57:46,632  INFO [f3a029b3-ab9f-4831-bd7d-2662c453de4b main] ql.Driver: Created Hive schema: Schema(fieldSchemas:null, properties:null)
2024-05-01T04:57:46,632  INFO [f3a029b3-ab9f-4831-bd7d-2662c453de4b main] metadata.Hive: Dumping metastore api call timing information for : compilation phase
2024-05-01T04:57:46,632  INFO [f3a029b3-ab9f-4831-bd7d-2662c453de4b main] metadata.Hive: Total time spent in each metastore function (ms): {isCompatibleWith_(Configuration)=0, flushCache_()=0}
2024-05-01T04:57:46,632  INFO [f3a029b3-ab9f-4831-bd7d-2662c453de4b main] ql.Driver: Completed compiling command(queryId=alex_20240501045746_e52bb5eb-067e-44b5-a82e-892670964ab7); Time taken: 0.005 seconds
2024-05-01T04:57:46,632  INFO [f3a029b3-ab9f-4831-bd7d-2662c453de4b main] common.LogUtils: Unregistered logging context.
2024-05-01T04:57:46,633  INFO [HiveServer2-Background-Pool: Thread-331] common.LogUtils: Thread context registration is done.
2024-05-01T04:57:46,633  INFO [HiveServer2-Background-Pool: Thread-331] reexec.ReExecDriver: Execution #1 of query
2024-05-01T04:57:46,633  INFO [HiveServer2-Background-Pool: Thread-331] ql.Driver: Concurrency mode is disabled, not creating a lock manager
2024-05-01T04:57:46,633  INFO [HiveServer2-Background-Pool: Thread-331] ql.Driver: Executing command(queryId=alex_20240501045746_e52bb5eb-067e-44b5-a82e-892670964ab7): create database if not exists testDB
2024-05-01T04:57:46,634  INFO [HiveServer2-Background-Pool: Thread-331] ql.Driver: Starting task [Stage-0:DDL] in serial mode
2024-05-01T04:57:46,634  INFO [HiveServer2-Background-Pool: Thread-331] sqlstd.SQLStdHiveAccessController: Created SQLStdHiveAccessController for session context : HiveAuthzSessionContext [sessionString=f3a029b3-ab9f-4831-bd7d-2662c453de4b, clientType=HIVESERVER2]
2024-05-01T04:57:46,634  WARN [HiveServer2-Background-Pool: Thread-331] exec.DDLTask: metastore.warehouse.external.dir is not set, falling back to metastore.warehouse.dir. This could cause external tables to use to managed tablespace.
2024-05-01T04:57:46,635  INFO [HiveServer2-Background-Pool: Thread-331] HiveMetaStore.audit: ugi=alex	ip=unknown-ip-addr	cmd=create_database: Database(name:testDB, description:null, locationUri:file:/home/alex/Repositories/hive/beeline/target/tmp/warehouse/testdb.db, parameters:null, ownerName:alex, ownerType:USER, catalogName:hive, type:NATIVE)	
2024-05-01T04:57:46,635  INFO [HiveServer2-Background-Pool: Thread-331] metastore.HMSHandler: 16: Opening raw store with implementation class:org.apache.hadoop.hive.metastore.ObjectStore
2024-05-01T04:57:46,636  INFO [HiveServer2-Background-Pool: Thread-331] metastore.ObjectStore: RawStore: org.apache.hadoop.hive.metastore.ObjectStore@558ba850, with PersistenceManager: null will be shutdown
2024-05-01T04:57:46,636  INFO [HiveServer2-Background-Pool: Thread-331] metastore.ObjectStore: RawStore: org.apache.hadoop.hive.metastore.ObjectStore@558ba850, with PersistenceManager: org.datanucleus.api.jdo.JDOPersistenceManager@10893c85 created in the thread with id: 331
2024-05-01T04:57:46,639  INFO [HiveServer2-Background-Pool: Thread-331] metastore.HMSHandler: Created RawStore: org.apache.hadoop.hive.metastore.ObjectStore@558ba850 from thread id: 331
2024-05-01T04:57:46,642 ERROR [HiveServer2-Background-Pool: Thread-331] metastore.RetryingHMSHandler: AlreadyExistsException(message:Database testDB already exists)
	at org.apache.hadoop.hive.metastore.HMSHandler.create_database(HMSHandler.java:1472)
	at sun.reflect.NativeMethodAccessorImpl.invoke0(Native Method)
	at sun.reflect.NativeMethodAccessorImpl.invoke(NativeMethodAccessorImpl.java:62)
	at sun.reflect.DelegatingMethodAccessorImpl.invoke(DelegatingMethodAccessorImpl.java:43)
	at java.lang.reflect.Method.invoke(Method.java:498)
	at org.apache.hadoop.hive.metastore.RetryingHMSHandler.invokeInternal(RetryingHMSHandler.java:147)
	at org.apache.hadoop.hive.metastore.RetryingHMSHandler.invoke(RetryingHMSHandler.java:108)
	at com.sun.proxy.$Proxy40.create_database(Unknown Source)
	at org.apache.hadoop.hive.metastore.HiveMetaStoreClient.createDatabase(HiveMetaStoreClient.java:1151)
	at sun.reflect.NativeMethodAccessorImpl.invoke0(Native Method)
	at sun.reflect.NativeMethodAccessorImpl.invoke(NativeMethodAccessorImpl.java:62)
	at sun.reflect.DelegatingMethodAccessorImpl.invoke(DelegatingMethodAccessorImpl.java:43)
	at java.lang.reflect.Method.invoke(Method.java:498)
	at org.apache.hadoop.hive.metastore.RetryingMetaStoreClient.invoke(RetryingMetaStoreClient.java:218)
	at com.sun.proxy.$Proxy41.createDatabase(Unknown Source)
	at org.apache.hadoop.hive.ql.metadata.Hive.createDatabase(Hive.java:605)
	at org.apache.hadoop.hive.ql.ddl.database.create.CreateDatabaseOperation.execute(CreateDatabaseOperation.java:68)
	at org.apache.hadoop.hive.ql.ddl.DDLTask.execute(DDLTask.java:84)
	at org.apache.hadoop.hive.ql.exec.Task.executeTask(Task.java:212)
	at org.apache.hadoop.hive.ql.exec.TaskRunner.runSequential(TaskRunner.java:105)
	at org.apache.hadoop.hive.ql.Executor.launchTask(Executor.java:361)
	at org.apache.hadoop.hive.ql.Executor.launchTasks(Executor.java:334)
	at org.apache.hadoop.hive.ql.Executor.runTasks(Executor.java:245)
	at org.apache.hadoop.hive.ql.Executor.execute(Executor.java:108)
	at org.apache.hadoop.hive.ql.Driver.execute(Driver.java:348)
	at org.apache.hadoop.hive.ql.Driver.runInternal(Driver.java:204)
	at org.apache.hadoop.hive.ql.Driver.run(Driver.java:153)
	at org.apache.hadoop.hive.ql.Driver.run(Driver.java:148)
	at org.apache.hadoop.hive.ql.reexec.ReExecDriver.run(ReExecDriver.java:164)
	at org.apache.hive.service.cli.operation.SQLOperation.runQuery(SQLOperation.java:233)
	at org.apache.hive.service.cli.operation.SQLOperation.access$500(SQLOperation.java:88)
	at org.apache.hive.service.cli.operation.SQLOperation$BackgroundWork$1.run(SQLOperation.java:336)
	at java.security.AccessController.doPrivileged(Native Method)
	at javax.security.auth.Subject.doAs(Subject.java:422)
	at org.apache.hadoop.security.UserGroupInformation.doAs(UserGroupInformation.java:1682)
	at org.apache.hive.service.cli.operation.SQLOperation$BackgroundWork.run(SQLOperation.java:356)
	at java.util.concurrent.Executors$RunnableAdapter.call(Executors.java:511)
	at java.util.concurrent.FutureTask.run(FutureTask.java:266)
	at java.util.concurrent.ThreadPoolExecutor.runWorker(ThreadPoolExecutor.java:1149)
	at java.util.concurrent.ThreadPoolExecutor$Worker.run(ThreadPoolExecutor.java:624)
	at java.lang.Thread.run(Thread.java:750)

2024-05-01T04:57:46,643  INFO [HiveServer2-Background-Pool: Thread-331] metadata.Hive: Dumping metastore api call timing information for : execution phase
2024-05-01T04:57:46,643  INFO [HiveServer2-Background-Pool: Thread-331] metadata.Hive: Total time spent in each metastore function (ms): {isCompatibleWith_(Configuration)=0}
2024-05-01T04:57:46,643  INFO [HiveServer2-Background-Pool: Thread-331] ql.Driver: Completed executing command(queryId=alex_20240501045746_e52bb5eb-067e-44b5-a82e-892670964ab7); Time taken: 0.01 seconds
2024-05-01T04:57:46,643  INFO [HiveServer2-Background-Pool: Thread-331] common.LogUtils: Unregistered logging context.
2024-05-01T04:57:46,646  INFO [f3a029b3-ab9f-4831-bd7d-2662c453de4b main] operation.OperationManager: Closing operation: OperationHandle [opType=EXECUTE_STATEMENT, getHandleIdentifier()=889a0468-3375-44cc-b9e1-f615618eff36]
2024-05-01T04:57:46,646  INFO [f3a029b3-ab9f-4831-bd7d-2662c453de4b main] operation.OperationManager: Removed queryId: alex_20240501045746_e52bb5eb-067e-44b5-a82e-892670964ab7 corresponding to operation: OperationHandle [opType=EXECUTE_STATEMENT, getHandleIdentifier()=889a0468-3375-44cc-b9e1-f615618eff36] with tag: null
2024-05-01T04:57:46,646  INFO [f3a029b3-ab9f-4831-bd7d-2662c453de4b main] operation.SQLOperation: Closing operation log /home/alex/Repositories/hive/beeline/target/tmp/alex/operation_logs/f3a029b3-ab9f-4831-bd7d-2662c453de4b/alex_20240501045746_e52bb5eb-067e-44b5-a82e-892670964ab7 without delay
2024-05-01T04:57:46,650  INFO [f3a029b3-ab9f-4831-bd7d-2662c453de4b main] session.HiveSessionImpl: executing use default
2024-05-01T04:57:46,651  INFO [f3a029b3-ab9f-4831-bd7d-2662c453de4b main] operation.OperationManager: Adding operation: OperationHandle [opType=EXECUTE_STATEMENT, getHandleIdentifier()=95076825-740e-48f8-a9c0-b1444aae8d5d] SessionHandle [f3a029b3-ab9f-4831-bd7d-2662c453de4b]
2024-05-01T04:57:46,651  INFO [f3a029b3-ab9f-4831-bd7d-2662c453de4b main] common.LogUtils: Thread context registration is done.
DEBUG StatusLogger Building Plugin[name=filter, class=org.apache.hadoop.hive.ql.log.LogDivertAppender$NameFilter].
DEBUG StatusLogger createFilter(loggingLevel="EXECUTION")
DEBUG StatusLogger Building Plugin[name=layout, class=org.apache.logging.log4j.core.layout.PatternLayout].
DEBUG StatusLogger PatternLayout$Builder(pattern="%-5p : %m%n", PatternSelector=null, Configuration(HiveLog4j2Test), Replace=null, charset="null", alwaysWriteExceptions="null", disableAnsi="null", noConsoleNoAnsi="null", header="null", footer="null")
DEBUG StatusLogger Building Plugin[name=appender, class=org.apache.hadoop.hive.ql.log.HushableRandomAccessFileAppender].
DEBUG StatusLogger createAppender(fileName="/home/alex/Repositories/hive/beeline/target/tmp/alex/operation_logs/f3a029b3-ab9f-4831-bd7d-2662c453de4b/alex_20240501045746_c0cbf321-c4fb-49e6-b64b-56fb6d895704", append="null", name="query-file-appender", immediateFlush="null", bufferSize="null", ignoreExceptions="null", PatternLayout(org.apache.logging.log4j.core.layout.PatternLayout with name PatternLayout), NameFilter(org.apache.hadoop.hive.ql.log.LogDivertAppender$NameFilter with name NameFilter), advertise="null", advertiseURI="null", Configuration(HiveLog4j2Test))
DEBUG StatusLogger Starting RandomAccessFileManager /home/alex/Repositories/hive/beeline/target/tmp/alex/operation_logs/f3a029b3-ab9f-4831-bd7d-2662c453de4b/alex_20240501045746_c0cbf321-c4fb-49e6-b64b-56fb6d895704
DEBUG StatusLogger Building Plugin[name=, class=org.apache.hadoop.hive.ql.log.LogDivertAppenderForTest$TestFilter].
DEBUG StatusLogger createFilter()
DEBUG StatusLogger Building Plugin[name=, class=org.apache.logging.log4j.core.layout.PatternLayout].
DEBUG StatusLogger PatternLayout$Builder(pattern="%-5p : %m%n", PatternSelector=null, Configuration(HiveLog4j2Test), Replace=null, charset="null", alwaysWriteExceptions="null", disableAnsi="null", noConsoleNoAnsi="null", header="null", footer="null")
DEBUG StatusLogger Building Plugin[name=appender, class=org.apache.hadoop.hive.ql.log.HushableRandomAccessFileAppender].
DEBUG StatusLogger createAppender(fileName="/home/alex/Repositories/hive/beeline/target/tmp/alex/operation_logs/f3a029b3-ab9f-4831-bd7d-2662c453de4b/alex_20240501045746_c0cbf321-c4fb-49e6-b64b-56fb6d895704.test", append="null", name="test-query-file-appender", immediateFlush="null", bufferSize="null", ignoreExceptions="null", PatternLayout(org.apache.logging.log4j.core.layout.PatternLayout with name PatternLayout), test-filter(org.apache.hadoop.hive.ql.log.LogDivertAppenderForTest$TestFilter with name test-filter), advertise="null", advertiseURI="null", Configuration(HiveLog4j2Test))
DEBUG StatusLogger Starting RandomAccessFileManager /home/alex/Repositories/hive/beeline/target/tmp/alex/operation_logs/f3a029b3-ab9f-4831-bd7d-2662c453de4b/alex_20240501045746_c0cbf321-c4fb-49e6-b64b-56fb6d895704.test
2024-05-01T04:57:46,655  INFO [f3a029b3-ab9f-4831-bd7d-2662c453de4b main] operation.SQLOperation: [opType=EXECUTE_STATEMENT, queryId=alex_20240501045746_c0cbf321-c4fb-49e6-b64b-56fb6d895704, startTime=1714564666651, sessionId=f3a029b3-ab9f-4831-bd7d-2662c453de4b, createTime=1714564666520, userName=null, ipAddress=null]
2024-05-01T04:57:46,656  INFO [f3a029b3-ab9f-4831-bd7d-2662c453de4b main] ql.Driver: Compiling command(queryId=alex_20240501045746_c0cbf321-c4fb-49e6-b64b-56fb6d895704): use default
2024-05-01T04:57:46,657  INFO [f3a029b3-ab9f-4831-bd7d-2662c453de4b main] HiveMetaStore.audit: ugi=alex	ip=unknown-ip-addr	cmd=get_database: default	
2024-05-01T04:57:46,659  INFO [f3a029b3-ab9f-4831-bd7d-2662c453de4b main] ql.Driver: Semantic Analysis Completed (retrial = false)
2024-05-01T04:57:46,659  INFO [f3a029b3-ab9f-4831-bd7d-2662c453de4b main] ql.Driver: Created Hive schema: Schema(fieldSchemas:null, properties:null)
2024-05-01T04:57:46,659  INFO [f3a029b3-ab9f-4831-bd7d-2662c453de4b main] metadata.Hive: Dumping metastore api call timing information for : compilation phase
2024-05-01T04:57:46,659  INFO [f3a029b3-ab9f-4831-bd7d-2662c453de4b main] metadata.Hive: Total time spent in each metastore function (ms): {isCompatibleWith_(Configuration)=0, getDatabase_(String)=1, flushCache_()=1}
2024-05-01T04:57:46,659  INFO [f3a029b3-ab9f-4831-bd7d-2662c453de4b main] ql.Driver: Completed compiling command(queryId=alex_20240501045746_c0cbf321-c4fb-49e6-b64b-56fb6d895704); Time taken: 0.004 seconds
2024-05-01T04:57:46,659  INFO [f3a029b3-ab9f-4831-bd7d-2662c453de4b main] common.LogUtils: Unregistered logging context.
2024-05-01T04:57:46,659  INFO [HiveServer2-Background-Pool: Thread-334] common.LogUtils: Thread context registration is done.
2024-05-01T04:57:46,660  INFO [HiveServer2-Background-Pool: Thread-334] reexec.ReExecDriver: Execution #1 of query
2024-05-01T04:57:46,660  INFO [HiveServer2-Background-Pool: Thread-334] ql.Driver: Concurrency mode is disabled, not creating a lock manager
2024-05-01T04:57:46,660  INFO [HiveServer2-Background-Pool: Thread-334] ql.Driver: Executing command(queryId=alex_20240501045746_c0cbf321-c4fb-49e6-b64b-56fb6d895704): use default
2024-05-01T04:57:46,661  INFO [HiveServer2-Background-Pool: Thread-334] ql.Driver: Starting task [Stage-0:DDL] in serial mode
2024-05-01T04:57:46,661  INFO [HiveServer2-Background-Pool: Thread-334] HiveMetaStore.audit: ugi=alex	ip=unknown-ip-addr	cmd=get_database: default	
2024-05-01T04:57:46,662  INFO [HiveServer2-Background-Pool: Thread-334] metastore.HMSHandler: 17: Opening raw store with implementation class:org.apache.hadoop.hive.metastore.ObjectStore
2024-05-01T04:57:46,662  INFO [HiveServer2-Background-Pool: Thread-334] metastore.ObjectStore: RawStore: org.apache.hadoop.hive.metastore.ObjectStore@701d6d64, with PersistenceManager: null will be shutdown
2024-05-01T04:57:46,662  INFO [HiveServer2-Background-Pool: Thread-334] metastore.ObjectStore: RawStore: org.apache.hadoop.hive.metastore.ObjectStore@701d6d64, with PersistenceManager: org.datanucleus.api.jdo.JDOPersistenceManager@351ffd03 created in the thread with id: 334
2024-05-01T04:57:46,665  INFO [HiveServer2-Background-Pool: Thread-334] metastore.HMSHandler: Created RawStore: org.apache.hadoop.hive.metastore.ObjectStore@701d6d64 from thread id: 334
2024-05-01T04:57:46,666  INFO [HiveServer2-Background-Pool: Thread-334] HiveMetaStore.audit: ugi=alex	ip=unknown-ip-addr	cmd=get_database: default	
2024-05-01T04:57:46,667  INFO [HiveServer2-Background-Pool: Thread-334] metadata.Hive: Dumping metastore api call timing information for : execution phase
2024-05-01T04:57:46,667  INFO [HiveServer2-Background-Pool: Thread-334] metadata.Hive: Total time spent in each metastore function (ms): {isCompatibleWith_(Configuration)=0, getDatabase_(String)=6}
2024-05-01T04:57:46,667  INFO [HiveServer2-Background-Pool: Thread-334] ql.Driver: Completed executing command(queryId=alex_20240501045746_c0cbf321-c4fb-49e6-b64b-56fb6d895704); Time taken: 0.007 seconds
2024-05-01T04:57:46,668  INFO [HiveServer2-Background-Pool: Thread-334] common.LogUtils: Unregistered logging context.
2024-05-01T04:57:46,669  INFO [f3a029b3-ab9f-4831-bd7d-2662c453de4b main] operation.OperationManager: Closing operation: OperationHandle [opType=EXECUTE_STATEMENT, getHandleIdentifier()=95076825-740e-48f8-a9c0-b1444aae8d5d]
2024-05-01T04:57:46,669  INFO [f3a029b3-ab9f-4831-bd7d-2662c453de4b main] operation.OperationManager: Removed queryId: alex_20240501045746_c0cbf321-c4fb-49e6-b64b-56fb6d895704 corresponding to operation: OperationHandle [opType=EXECUTE_STATEMENT, getHandleIdentifier()=95076825-740e-48f8-a9c0-b1444aae8d5d] with tag: null
2024-05-01T04:57:46,669  INFO [f3a029b3-ab9f-4831-bd7d-2662c453de4b main] operation.SQLOperation: Closing operation log /home/alex/Repositories/hive/beeline/target/tmp/alex/operation_logs/f3a029b3-ab9f-4831-bd7d-2662c453de4b/alex_20240501045746_c0cbf321-c4fb-49e6-b64b-56fb6d895704 without delay
2024-05-01T04:57:46,674  INFO [main] service.CompositeService: Session closed, SessionHandle [f3a029b3-ab9f-4831-bd7d-2662c453de4b], current sessions:0
2024-05-01T04:57:46,674  INFO [f3a029b3-ab9f-4831-bd7d-2662c453de4b main] session.HiveSessionImpl: Operation log session directory is deleted: /home/alex/Repositories/hive/beeline/target/tmp/alex/operation_logs/f3a029b3-ab9f-4831-bd7d-2662c453de4b
2024-05-01T04:57:46,674  INFO [main] cleanup.EventualCleanupService: Delete /tmp/hive/alex/f3a029b3-ab9f-4831-bd7d-2662c453de4b operation was queued
2024-05-01T04:57:46,674  INFO [main] cleanup.EventualCleanupService: Delete /home/alex/Repositories/hive/beeline/target/tmp/alex/f3a029b3-ab9f-4831-bd7d-2662c453de4b operation was queued
2024-05-01T04:57:46,675  INFO [EventualCleanupService thread 0] cleanup.EventualCleanupService: Deleted /tmp/hive/alex/f3a029b3-ab9f-4831-bd7d-2662c453de4b
2024-05-01T04:57:46,675  INFO [EventualCleanupService thread 1] cleanup.EventualCleanupService: Deleted /home/alex/Repositories/hive/beeline/target/tmp/alex/f3a029b3-ab9f-4831-bd7d-2662c453de4b
2024-05-01T04:57:46,675  INFO [main] HiveMetaStore.audit: ugi=alex	ip=unknown-ip-addr	cmd=Cleaning up thread local RawStore...	
2024-05-01T04:57:46,675  INFO [main] metastore.ObjectStore: RawStore: org.apache.hadoop.hive.metastore.ObjectStore@2b6fcca1, with PersistenceManager: org.datanucleus.api.jdo.JDOPersistenceManager@39f93225 will be shutdown
2024-05-01T04:57:46,675  INFO [main] HiveMetaStore.audit: ugi=alex	ip=unknown-ip-addr	cmd=Done cleaning up thread local RawStore	
2024-05-01T04:57:46,676  INFO [main] metastore.HiveMetaStoreClient: Closed a connection to metastore, current connections: -19
]]></system-err>
  </testcase>
  <testcase name="testUseCurrentDB3" classname="org.apache.hive.beeline.cli.TestHiveCli" time="0.222">
    <failure type="java.lang.AssertionError"><![CDATA[java.lang.AssertionError: 
The expected keyword "hive (testDB)>" occur in the output: Connecting to jdbc:hive2://
Hive Session ID = bbe096a9-9176-4f28-a116-fb053acb2307
ivysettings.xml file not found in HIVE_HOME or HIVE_CONF_DIR,/home/alex/Repositories/hive/conf/ivysettings.xml will be used
ivysettings.xml file not found in HIVE_HOME or HIVE_CONF_DIR,/home/alex/Repositories/hive/conf/ivysettings.xml will be used
Connected to: Apache Hive (version 4.0.0-SNAPSHOT)
Error: Couldn't load manifest attributes. (state=,code=0)
Transaction isolation: TRANSACTION_REPEATABLE_READ
Beeline version ??? by Apache Hive
hive> create database if not exists testDB; set hive.cli.print.current.db=true;use  testDB;
INFO  : Compiling command(queryId=alex_20240501045746_ebe58f79-326d-482a-b2db-64c1299fee33): create database if not exists testDB
INFO  : Semantic Analysis Completed (retrial = false)
INFO  : Created Hive schema: Schema(fieldSchemas:null, properties:null)
INFO  : Completed compiling command(queryId=alex_20240501045746_ebe58f79-326d-482a-b2db-64c1299fee33); Time taken: 0.006 seconds
INFO  : Concurrency mode is disabled, not creating a lock manager
INFO  : Executing command(queryId=alex_20240501045746_ebe58f79-326d-482a-b2db-64c1299fee33): create database if not exists testDB
INFO  : Starting task [Stage-0:DDL] in serial mode
DEBUG : Task getting executed using mapred tag : alex_20240501045746_ebe58f79-326d-482a-b2db-64c1299fee33,userid=null
INFO  : Completed executing command(queryId=alex_20240501045746_ebe58f79-326d-482a-b2db-64c1299fee33); Time taken: 0.007 seconds
DEBUG : Shutting down query create database if not exists testDB
Error: Failed to wait for operation to complete (state=08S01,code=0)
hive> use default;drop if exists testDB;
INFO  : Compiling command(queryId=alex_20240501045746_5b169096-bc82-44bb-a5c5-73b424d9a7b2): use default
INFO  : Semantic Analysis Completed (retrial = false)
INFO  : Created Hive schema: Schema(fieldSchemas:null, properties:null)
INFO  : Completed compiling command(queryId=alex_20240501045746_5b169096-bc82-44bb-a5c5-73b424d9a7b2); Time taken: 0.003 seconds
INFO  : Concurrency mode is disabled, not creating a lock manager
INFO  : Executing command(queryId=alex_20240501045746_5b169096-bc82-44bb-a5c5-73b424d9a7b2): use default
INFO  : Starting task [Stage-0:DDL] in serial mode
DEBUG : Task getting executed using mapred tag : alex_20240501045746_5b169096-bc82-44bb-a5c5-73b424d9a7b2,userid=null
INFO  : Completed executing command(queryId=alex_20240501045746_5b169096-bc82-44bb-a5c5-73b424d9a7b2); Time taken: 0.009 seconds
DEBUG : Shutting down query use default
Error: Failed to wait for operation to complete (state=08S01,code=0)
hive> Closing: 0: jdbc:hive2://

	at org.junit.Assert.fail(Assert.java:89)
	at org.junit.Assert.assertTrue(Assert.java:42)
	at org.apache.hive.beeline.cli.TestHiveCli.verifyCMD(TestHiveCli.java:270)
	at org.apache.hive.beeline.cli.TestHiveCli.testUseCurrentDB3(TestHiveCli.java:226)
	at sun.reflect.NativeMethodAccessorImpl.invoke0(Native Method)
	at sun.reflect.NativeMethodAccessorImpl.invoke(NativeMethodAccessorImpl.java:62)
	at sun.reflect.DelegatingMethodAccessorImpl.invoke(DelegatingMethodAccessorImpl.java:43)
	at java.lang.reflect.Method.invoke(Method.java:498)
	at org.junit.runners.model.FrameworkMethod$1.runReflectiveCall(FrameworkMethod.java:59)
	at org.junit.internal.runners.model.ReflectiveCallable.run(ReflectiveCallable.java:12)
	at org.junit.runners.model.FrameworkMethod.invokeExplosively(FrameworkMethod.java:56)
	at org.junit.internal.runners.statements.InvokeMethod.evaluate(InvokeMethod.java:17)
	at org.junit.internal.runners.statements.RunBefores.evaluate(RunBefores.java:26)
	at org.junit.internal.runners.statements.RunAfters.evaluate(RunAfters.java:27)
	at org.junit.runners.ParentRunner$3.evaluate(ParentRunner.java:306)
	at org.junit.runners.BlockJUnit4ClassRunner$1.evaluate(BlockJUnit4ClassRunner.java:100)
	at org.junit.runners.ParentRunner.runLeaf(ParentRunner.java:366)
	at org.junit.runners.BlockJUnit4ClassRunner.runChild(BlockJUnit4ClassRunner.java:103)
	at org.junit.runners.BlockJUnit4ClassRunner.runChild(BlockJUnit4ClassRunner.java:63)
	at org.junit.runners.ParentRunner$4.run(ParentRunner.java:331)
	at org.junit.runners.ParentRunner$1.schedule(ParentRunner.java:79)
	at org.junit.runners.ParentRunner.runChildren(ParentRunner.java:329)
	at org.junit.runners.ParentRunner.access$100(ParentRunner.java:66)
	at org.junit.runners.ParentRunner$2.evaluate(ParentRunner.java:293)
	at org.junit.internal.runners.statements.RunBefores.evaluate(RunBefores.java:26)
	at org.junit.runners.ParentRunner$3.evaluate(ParentRunner.java:306)
	at org.junit.runners.ParentRunner.run(ParentRunner.java:413)
	at org.junit.runner.JUnitCore.run(JUnitCore.java:137)
	at org.junit.runner.JUnitCore.run(JUnitCore.java:115)
	at org.junit.vintage.engine.execution.RunnerExecutor.execute(RunnerExecutor.java:43)
	at java.util.stream.ForEachOps$ForEachOp$OfRef.accept(ForEachOps.java:183)
	at java.util.stream.ReferencePipeline$3$1.accept(ReferencePipeline.java:193)
	at java.util.Iterator.forEachRemaining(Iterator.java:116)
	at java.util.Spliterators$IteratorSpliterator.forEachRemaining(Spliterators.java:1801)
	at java.util.stream.AbstractPipeline.copyInto(AbstractPipeline.java:482)
	at java.util.stream.AbstractPipeline.wrapAndCopyInto(AbstractPipeline.java:472)
	at java.util.stream.ForEachOps$ForEachOp.evaluateSequential(ForEachOps.java:150)
	at java.util.stream.ForEachOps$ForEachOp$OfRef.evaluateSequential(ForEachOps.java:173)
	at java.util.stream.AbstractPipeline.evaluate(AbstractPipeline.java:234)
	at java.util.stream.ReferencePipeline.forEach(ReferencePipeline.java:485)
	at org.junit.vintage.engine.VintageTestEngine.executeAllChildren(VintageTestEngine.java:82)
	at org.junit.vintage.engine.VintageTestEngine.execute(VintageTestEngine.java:73)
	at org.junit.platform.launcher.core.DefaultLauncher.execute(DefaultLauncher.java:248)
	at org.junit.platform.launcher.core.DefaultLauncher.lambda$execute$5(DefaultLauncher.java:211)
	at org.junit.platform.launcher.core.DefaultLauncher.withInterceptedStreams(DefaultLauncher.java:226)
	at org.junit.platform.launcher.core.DefaultLauncher.execute(DefaultLauncher.java:199)
	at org.junit.platform.launcher.core.DefaultLauncher.execute(DefaultLauncher.java:132)
	at org.apache.maven.surefire.junitplatform.JUnitPlatformProvider.invokeAllTests(JUnitPlatformProvider.java:154)
	at org.apache.maven.surefire.junitplatform.JUnitPlatformProvider.invoke(JUnitPlatformProvider.java:123)
	at org.apache.maven.surefire.booter.ForkedBooter.runSuitesInProcess(ForkedBooter.java:377)
	at org.apache.maven.surefire.booter.ForkedBooter.execute(ForkedBooter.java:138)
	at org.apache.maven.surefire.booter.ForkedBooter.run(ForkedBooter.java:465)
	at org.apache.maven.surefire.booter.ForkedBooter.main(ForkedBooter.java:451)
]]></failure>
    <system-err><![CDATA[2024-05-01T04:57:46,677 ERROR [main] cli.TestHiveCli: Failed to execute command due to the error: java.lang.NullPointerException: Null output stream
2024-05-01T04:57:46,727  WARN [main] conf.HiveConf: HiveConf of name hive.dummyparam.test.server.specific.config.override does not exist
2024-05-01T04:57:46,728  WARN [main] conf.HiveConf: HiveConf of name hive.dummyparam.test.server.specific.config.hiveserver2site does not exist
2024-05-01T04:57:46,728  WARN [main] conf.HiveConf: HiveConf of name hive.dummyparam.test.server.specific.config.metastoresite does not exist
2024-05-01T04:57:46,728  INFO [main] SessionState: Hive Session ID = bbe096a9-9176-4f28-a116-fb053acb2307
2024-05-01T04:57:46,729  INFO [main] DependencyResolver: ivysettings.xml file not found in HIVE_HOME or HIVE_CONF_DIR,/home/alex/Repositories/hive/conf/ivysettings.xml will be used
2024-05-01T04:57:46,736  INFO [main] session.SessionState: Created HDFS directory: /tmp/hive/alex/bbe096a9-9176-4f28-a116-fb053acb2307
2024-05-01T04:57:46,739  INFO [main] session.SessionState: Created local directory: /home/alex/Repositories/hive/beeline/target/tmp/alex/bbe096a9-9176-4f28-a116-fb053acb2307
2024-05-01T04:57:46,743  INFO [main] session.SessionState: Created HDFS directory: /tmp/hive/alex/bbe096a9-9176-4f28-a116-fb053acb2307/_tmp_space.db
2024-05-01T04:57:46,743  INFO [main] sqlstd.SQLStdHiveAccessController: Created SQLStdHiveAccessController for session context : HiveAuthzSessionContext [sessionString=bbe096a9-9176-4f28-a116-fb053acb2307, clientType=HIVESERVER2]
2024-05-01T04:57:46,744  INFO [main] metastore.HiveMetaStoreClient: HMS client filtering is enabled.
2024-05-01T04:57:46,744  INFO [main] metastore.HMSHandler: 0: Opening raw store with implementation class:org.apache.hadoop.hive.metastore.ObjectStore
2024-05-01T04:57:46,745  INFO [main] metastore.PersistenceManagerProvider: Configuration datanucleus.autoStartMechanismMode is not set. Defaulting to 'ignored'
2024-05-01T04:57:46,745  INFO [main] metastore.ObjectStore: RawStore: org.apache.hadoop.hive.metastore.ObjectStore@343d1d25, with PersistenceManager: null will be shutdown
2024-05-01T04:57:46,745  INFO [main] metastore.ObjectStore: RawStore: org.apache.hadoop.hive.metastore.ObjectStore@343d1d25, with PersistenceManager: org.datanucleus.api.jdo.JDOPersistenceManager@762da62b created in the thread with id: 1
2024-05-01T04:57:46,747  INFO [main] metastore.HMSHandler: Created RawStore: org.apache.hadoop.hive.metastore.ObjectStore@343d1d25 from thread id: 1
2024-05-01T04:57:46,748  INFO [main] metastore.HMSHandler: HMS server filtering is disabled by configuration
2024-05-01T04:57:46,748  INFO [main] metastore.RetryingMetaStoreClient: RetryingMetaStoreClient proxy=class org.apache.hadoop.hive.ql.metadata.SessionHiveMetaStoreClient ugi=alex (auth:SIMPLE) retries=1 delay=1 lifetime=0
2024-05-01T04:57:46,748  INFO [main] service.CompositeService: Operation log root directory is created: /home/alex/Repositories/hive/beeline/target/tmp/alex/operation_logs
2024-05-01T04:57:46,748  INFO [main] service.CompositeService: HiveServer2: Background operation thread pool size: 100
2024-05-01T04:57:46,748  INFO [main] service.CompositeService: HiveServer2: Background operation thread wait queue size: 100
2024-05-01T04:57:46,748  INFO [main] service.CompositeService: HiveServer2: Background operation thread keepalive time: 10 seconds
2024-05-01T04:57:46,748  INFO [main] service.CompositeService: Connections limit are user: 0 ipaddress: 0 user-ipaddress: 0
2024-05-01T04:57:46,749  INFO [main] cleanup.EventualCleanupService: EventualCleanupService started with 10 threads and queue of size 10000
ERROR StatusLogger Log4j2 ConfigurationScheduler attempted to increment scheduled items after start
ERROR StatusLogger Log4j2 ConfigurationScheduler attempted to increment scheduled items after start
2024-05-01T04:57:46,751  INFO [main] service.AbstractService: Service:OperationManager is inited.
2024-05-01T04:57:46,751  INFO [main] service.AbstractService: Service:SessionManager is inited.
2024-05-01T04:57:46,751  INFO [main] service.AbstractService: Service:CLIService is inited.
2024-05-01T04:57:46,751  INFO [main] service.AbstractService: Service:OperationManager is started.
2024-05-01T04:57:46,751  INFO [main] service.AbstractService: Service:SessionManager is started.
2024-05-01T04:57:46,751  INFO [main] service.AbstractService: Service:CLIService is started.
2024-05-01T04:57:46,751  INFO [main] service.AbstractService: Service:ThriftBinaryCLIService is inited.
2024-05-01T04:57:46,751  INFO [main] thrift.ThriftCLIService: Client protocol version: HIVE_CLI_SERVICE_PROTOCOL_V10
2024-05-01T04:57:46,751  INFO [main] thrift.ThriftCLIService: Creating Hive session handle for user [null] from IP null
2024-05-01T04:57:46,753  INFO [main] DependencyResolver: ivysettings.xml file not found in HIVE_HOME or HIVE_CONF_DIR,/home/alex/Repositories/hive/conf/ivysettings.xml will be used
2024-05-01T04:57:46,760  INFO [main] session.SessionState: Created HDFS directory: /tmp/hive/alex/913acb0b-ada4-4aa4-87cf-0e50d826f3db
2024-05-01T04:57:46,764  INFO [main] session.SessionState: Created local directory: /home/alex/Repositories/hive/beeline/target/tmp/alex/913acb0b-ada4-4aa4-87cf-0e50d826f3db
2024-05-01T04:57:46,767  INFO [main] session.SessionState: Created HDFS directory: /tmp/hive/alex/913acb0b-ada4-4aa4-87cf-0e50d826f3db/_tmp_space.db
2024-05-01T04:57:46,767  INFO [main] session.SessionState: Reloading auxiliary JAR files
2024-05-01T04:57:46,767  WARN [main] session.SessionState: Configuration hive.reloadable.aux.jars.path not specified
2024-05-01T04:57:46,768  INFO [main] HiveMetaStore.audit: ugi=alex	ip=unknown-ip-addr	cmd=Cleaning up thread local RawStore...	
2024-05-01T04:57:46,768  INFO [main] metastore.ObjectStore: RawStore: org.apache.hadoop.hive.metastore.ObjectStore@343d1d25, with PersistenceManager: org.datanucleus.api.jdo.JDOPersistenceManager@762da62b will be shutdown
2024-05-01T04:57:46,768  INFO [main] HiveMetaStore.audit: ugi=alex	ip=unknown-ip-addr	cmd=Done cleaning up thread local RawStore	
2024-05-01T04:57:46,768  INFO [main] metastore.HiveMetaStoreClient: Closed a connection to metastore, current connections: -20
2024-05-01T04:57:46,768  INFO [main] session.HiveSessionImpl: Operation log session directory is created: /home/alex/Repositories/hive/beeline/target/tmp/alex/operation_logs/913acb0b-ada4-4aa4-87cf-0e50d826f3db
2024-05-01T04:57:46,768  INFO [main] service.CompositeService: Session opened, SessionHandle [913acb0b-ada4-4aa4-87cf-0e50d826f3db], current sessions:1
2024-05-01T04:57:46,768  INFO [main] thrift.ThriftCLIService: Login attempt is successful for user : null
2024-05-01T04:57:46,817  WARN [main] conf.HiveConf: HiveConf of name hive.dummyparam.test.server.specific.config.override does not exist
2024-05-01T04:57:46,817  WARN [main] conf.HiveConf: HiveConf of name hive.dummyparam.test.server.specific.config.hiveserver2site does not exist
2024-05-01T04:57:46,817  WARN [main] conf.HiveConf: HiveConf of name hive.dummyparam.test.server.specific.config.metastoresite does not exist
2024-05-01T04:57:46,818  INFO [913acb0b-ada4-4aa4-87cf-0e50d826f3db main] session.HiveSessionImpl: executing set
2024-05-01T04:57:46,818  INFO [913acb0b-ada4-4aa4-87cf-0e50d826f3db main] operation.HiveCommandOperation: Putting temp output to file /home/alex/Repositories/hive/beeline/target/tmp/alex/913acb0b-ada4-4aa4-87cf-0e50d826f3db8921352983119547318.pipeout and error output to file /home/alex/Repositories/hive/beeline/target/tmp/alex/913acb0b-ada4-4aa4-87cf-0e50d826f3db1511191788822280195.pipeout
2024-05-01T04:57:46,819  INFO [913acb0b-ada4-4aa4-87cf-0e50d826f3db main] operation.OperationManager: Adding operation: OperationHandle [opType=EXECUTE_STATEMENT, getHandleIdentifier()=e5eb240c-5f16-4647-8f84-d8ad455e0b80] SessionHandle [913acb0b-ada4-4aa4-87cf-0e50d826f3db]
2024-05-01T04:57:46,819  INFO [913acb0b-ada4-4aa4-87cf-0e50d826f3db main] common.LogUtils: Thread context registration is done.
DEBUG StatusLogger Building Plugin[name=filter, class=org.apache.hadoop.hive.ql.log.LogDivertAppender$NameFilter].
DEBUG StatusLogger createFilter(loggingLevel="EXECUTION")
DEBUG StatusLogger Building Plugin[name=layout, class=org.apache.logging.log4j.core.layout.PatternLayout].
DEBUG StatusLogger PatternLayout$Builder(pattern="%-5p : %m%n", PatternSelector=null, Configuration(HiveLog4j2Test), Replace=null, charset="null", alwaysWriteExceptions="null", disableAnsi="null", noConsoleNoAnsi="null", header="null", footer="null")
DEBUG StatusLogger Building Plugin[name=appender, class=org.apache.hadoop.hive.ql.log.HushableRandomAccessFileAppender].
DEBUG StatusLogger createAppender(fileName="/home/alex/Repositories/hive/beeline/target/tmp/alex/operation_logs/913acb0b-ada4-4aa4-87cf-0e50d826f3db/alex_20240501045746_c5db096c-a146-4c1a-9eb1-1d322fa4dd06", append="null", name="query-file-appender", immediateFlush="null", bufferSize="null", ignoreExceptions="null", PatternLayout(org.apache.logging.log4j.core.layout.PatternLayout with name PatternLayout), NameFilter(org.apache.hadoop.hive.ql.log.LogDivertAppender$NameFilter with name NameFilter), advertise="null", advertiseURI="null", Configuration(HiveLog4j2Test))
DEBUG StatusLogger Starting RandomAccessFileManager /home/alex/Repositories/hive/beeline/target/tmp/alex/operation_logs/913acb0b-ada4-4aa4-87cf-0e50d826f3db/alex_20240501045746_c5db096c-a146-4c1a-9eb1-1d322fa4dd06
DEBUG StatusLogger Building Plugin[name=, class=org.apache.hadoop.hive.ql.log.LogDivertAppenderForTest$TestFilter].
DEBUG StatusLogger createFilter()
DEBUG StatusLogger Building Plugin[name=, class=org.apache.logging.log4j.core.layout.PatternLayout].
DEBUG StatusLogger PatternLayout$Builder(pattern="%-5p : %m%n", PatternSelector=null, Configuration(HiveLog4j2Test), Replace=null, charset="null", alwaysWriteExceptions="null", disableAnsi="null", noConsoleNoAnsi="null", header="null", footer="null")
DEBUG StatusLogger Building Plugin[name=appender, class=org.apache.hadoop.hive.ql.log.HushableRandomAccessFileAppender].
DEBUG StatusLogger createAppender(fileName="/home/alex/Repositories/hive/beeline/target/tmp/alex/operation_logs/913acb0b-ada4-4aa4-87cf-0e50d826f3db/alex_20240501045746_c5db096c-a146-4c1a-9eb1-1d322fa4dd06.test", append="null", name="test-query-file-appender", immediateFlush="null", bufferSize="null", ignoreExceptions="null", PatternLayout(org.apache.logging.log4j.core.layout.PatternLayout with name PatternLayout), test-filter(org.apache.hadoop.hive.ql.log.LogDivertAppenderForTest$TestFilter with name test-filter), advertise="null", advertiseURI="null", Configuration(HiveLog4j2Test))
DEBUG StatusLogger Starting RandomAccessFileManager /home/alex/Repositories/hive/beeline/target/tmp/alex/operation_logs/913acb0b-ada4-4aa4-87cf-0e50d826f3db/alex_20240501045746_c5db096c-a146-4c1a-9eb1-1d322fa4dd06.test
2024-05-01T04:57:46,822  INFO [913acb0b-ada4-4aa4-87cf-0e50d826f3db main] operation.HiveCommandOperation: [opType=EXECUTE_STATEMENT, queryId=alex_20240501045746_c5db096c-a146-4c1a-9eb1-1d322fa4dd06, startTime=1714564666818, sessionId=913acb0b-ada4-4aa4-87cf-0e50d826f3db, createTime=1714564666751, userName=null, ipAddress=null]
2024-05-01T04:57:46,832  INFO [913acb0b-ada4-4aa4-87cf-0e50d826f3db main] common.LogUtils: Unregistered logging context.
2024-05-01T04:57:46,834  INFO [913acb0b-ada4-4aa4-87cf-0e50d826f3db main] operation.OperationManager: Closing operation: OperationHandle [opType=EXECUTE_STATEMENT, getHandleIdentifier()=e5eb240c-5f16-4647-8f84-d8ad455e0b80]
2024-05-01T04:57:46,834  INFO [913acb0b-ada4-4aa4-87cf-0e50d826f3db main] operation.OperationManager: Removed queryId: alex_20240501045746_c5db096c-a146-4c1a-9eb1-1d322fa4dd06 corresponding to operation: OperationHandle [opType=EXECUTE_STATEMENT, getHandleIdentifier()=e5eb240c-5f16-4647-8f84-d8ad455e0b80] with tag: null
2024-05-01T04:57:46,835  INFO [913acb0b-ada4-4aa4-87cf-0e50d826f3db main] operation.HiveCommandOperation: Closing operation log /home/alex/Repositories/hive/beeline/target/tmp/alex/operation_logs/913acb0b-ada4-4aa4-87cf-0e50d826f3db/alex_20240501045746_c5db096c-a146-4c1a-9eb1-1d322fa4dd06 without delay
2024-05-01T04:57:46,842  INFO [913acb0b-ada4-4aa4-87cf-0e50d826f3db main] session.HiveSessionImpl: executing create database if not exists testDB
2024-05-01T04:57:46,843  INFO [913acb0b-ada4-4aa4-87cf-0e50d826f3db main] operation.OperationManager: Adding operation: OperationHandle [opType=EXECUTE_STATEMENT, getHandleIdentifier()=3e46bf89-0a07-40de-b33e-bbbef76a4cd6] SessionHandle [913acb0b-ada4-4aa4-87cf-0e50d826f3db]
2024-05-01T04:57:46,843  INFO [913acb0b-ada4-4aa4-87cf-0e50d826f3db main] common.LogUtils: Thread context registration is done.
DEBUG StatusLogger Building Plugin[name=filter, class=org.apache.hadoop.hive.ql.log.LogDivertAppender$NameFilter].
DEBUG StatusLogger createFilter(loggingLevel="EXECUTION")
DEBUG StatusLogger Building Plugin[name=layout, class=org.apache.logging.log4j.core.layout.PatternLayout].
DEBUG StatusLogger PatternLayout$Builder(pattern="%-5p : %m%n", PatternSelector=null, Configuration(HiveLog4j2Test), Replace=null, charset="null", alwaysWriteExceptions="null", disableAnsi="null", noConsoleNoAnsi="null", header="null", footer="null")
DEBUG StatusLogger Building Plugin[name=appender, class=org.apache.hadoop.hive.ql.log.HushableRandomAccessFileAppender].
DEBUG StatusLogger createAppender(fileName="/home/alex/Repositories/hive/beeline/target/tmp/alex/operation_logs/913acb0b-ada4-4aa4-87cf-0e50d826f3db/alex_20240501045746_ebe58f79-326d-482a-b2db-64c1299fee33", append="null", name="query-file-appender", immediateFlush="null", bufferSize="null", ignoreExceptions="null", PatternLayout(org.apache.logging.log4j.core.layout.PatternLayout with name PatternLayout), NameFilter(org.apache.hadoop.hive.ql.log.LogDivertAppender$NameFilter with name NameFilter), advertise="null", advertiseURI="null", Configuration(HiveLog4j2Test))
DEBUG StatusLogger Starting RandomAccessFileManager /home/alex/Repositories/hive/beeline/target/tmp/alex/operation_logs/913acb0b-ada4-4aa4-87cf-0e50d826f3db/alex_20240501045746_ebe58f79-326d-482a-b2db-64c1299fee33
DEBUG StatusLogger Building Plugin[name=, class=org.apache.hadoop.hive.ql.log.LogDivertAppenderForTest$TestFilter].
DEBUG StatusLogger createFilter()
DEBUG StatusLogger Building Plugin[name=, class=org.apache.logging.log4j.core.layout.PatternLayout].
DEBUG StatusLogger PatternLayout$Builder(pattern="%-5p : %m%n", PatternSelector=null, Configuration(HiveLog4j2Test), Replace=null, charset="null", alwaysWriteExceptions="null", disableAnsi="null", noConsoleNoAnsi="null", header="null", footer="null")
DEBUG StatusLogger Building Plugin[name=appender, class=org.apache.hadoop.hive.ql.log.HushableRandomAccessFileAppender].
DEBUG StatusLogger createAppender(fileName="/home/alex/Repositories/hive/beeline/target/tmp/alex/operation_logs/913acb0b-ada4-4aa4-87cf-0e50d826f3db/alex_20240501045746_ebe58f79-326d-482a-b2db-64c1299fee33.test", append="null", name="test-query-file-appender", immediateFlush="null", bufferSize="null", ignoreExceptions="null", PatternLayout(org.apache.logging.log4j.core.layout.PatternLayout with name PatternLayout), test-filter(org.apache.hadoop.hive.ql.log.LogDivertAppenderForTest$TestFilter with name test-filter), advertise="null", advertiseURI="null", Configuration(HiveLog4j2Test))
DEBUG StatusLogger Starting RandomAccessFileManager /home/alex/Repositories/hive/beeline/target/tmp/alex/operation_logs/913acb0b-ada4-4aa4-87cf-0e50d826f3db/alex_20240501045746_ebe58f79-326d-482a-b2db-64c1299fee33.test
2024-05-01T04:57:46,846  INFO [913acb0b-ada4-4aa4-87cf-0e50d826f3db main] operation.SQLOperation: [opType=EXECUTE_STATEMENT, queryId=alex_20240501045746_ebe58f79-326d-482a-b2db-64c1299fee33, startTime=1714564666842, sessionId=913acb0b-ada4-4aa4-87cf-0e50d826f3db, createTime=1714564666751, userName=null, ipAddress=null]
2024-05-01T04:57:46,847  INFO [913acb0b-ada4-4aa4-87cf-0e50d826f3db main] ql.Driver: Compiling command(queryId=alex_20240501045746_ebe58f79-326d-482a-b2db-64c1299fee33): create database if not exists testDB
2024-05-01T04:57:46,849  INFO [913acb0b-ada4-4aa4-87cf-0e50d826f3db main] metastore.HiveMetaStoreClient: HMS client filtering is enabled.
2024-05-01T04:57:46,849  INFO [913acb0b-ada4-4aa4-87cf-0e50d826f3db main] metastore.HMSHandler: 0: Opening raw store with implementation class:org.apache.hadoop.hive.metastore.ObjectStore
2024-05-01T04:57:46,849  INFO [913acb0b-ada4-4aa4-87cf-0e50d826f3db main] metastore.PersistenceManagerProvider: Configuration datanucleus.autoStartMechanismMode is not set. Defaulting to 'ignored'
2024-05-01T04:57:46,850  INFO [913acb0b-ada4-4aa4-87cf-0e50d826f3db main] metastore.ObjectStore: RawStore: org.apache.hadoop.hive.metastore.ObjectStore@3de45b6c, with PersistenceManager: null will be shutdown
2024-05-01T04:57:46,850  INFO [913acb0b-ada4-4aa4-87cf-0e50d826f3db main] metastore.ObjectStore: RawStore: org.apache.hadoop.hive.metastore.ObjectStore@3de45b6c, with PersistenceManager: org.datanucleus.api.jdo.JDOPersistenceManager@37caecda created in the thread with id: 1
2024-05-01T04:57:46,852  INFO [913acb0b-ada4-4aa4-87cf-0e50d826f3db main] metastore.HMSHandler: Created RawStore: org.apache.hadoop.hive.metastore.ObjectStore@3de45b6c from thread id: 1
2024-05-01T04:57:46,852  INFO [913acb0b-ada4-4aa4-87cf-0e50d826f3db main] metastore.HMSHandler: HMS server filtering is disabled by configuration
2024-05-01T04:57:46,853  INFO [913acb0b-ada4-4aa4-87cf-0e50d826f3db main] metastore.RetryingMetaStoreClient: RetryingMetaStoreClient proxy=class org.apache.hadoop.hive.ql.metadata.SessionHiveMetaStoreClient ugi=alex (auth:SIMPLE) retries=1 delay=1 lifetime=0
2024-05-01T04:57:46,853  INFO [913acb0b-ada4-4aa4-87cf-0e50d826f3db main] ql.Driver: Semantic Analysis Completed (retrial = false)
2024-05-01T04:57:46,853  INFO [913acb0b-ada4-4aa4-87cf-0e50d826f3db main] ql.Driver: Created Hive schema: Schema(fieldSchemas:null, properties:null)
2024-05-01T04:57:46,853  INFO [913acb0b-ada4-4aa4-87cf-0e50d826f3db main] metadata.Hive: Dumping metastore api call timing information for : compilation phase
2024-05-01T04:57:46,853  INFO [913acb0b-ada4-4aa4-87cf-0e50d826f3db main] metadata.Hive: Total time spent in each metastore function (ms): {isCompatibleWith_(Configuration)=0, flushCache_()=0}
2024-05-01T04:57:46,853  INFO [913acb0b-ada4-4aa4-87cf-0e50d826f3db main] ql.Driver: Completed compiling command(queryId=alex_20240501045746_ebe58f79-326d-482a-b2db-64c1299fee33); Time taken: 0.006 seconds
2024-05-01T04:57:46,853  INFO [913acb0b-ada4-4aa4-87cf-0e50d826f3db main] common.LogUtils: Unregistered logging context.
2024-05-01T04:57:46,854  INFO [HiveServer2-Background-Pool: Thread-357] common.LogUtils: Thread context registration is done.
2024-05-01T04:57:46,854  INFO [HiveServer2-Background-Pool: Thread-357] reexec.ReExecDriver: Execution #1 of query
2024-05-01T04:57:46,855  INFO [HiveServer2-Background-Pool: Thread-357] ql.Driver: Concurrency mode is disabled, not creating a lock manager
2024-05-01T04:57:46,855  INFO [HiveServer2-Background-Pool: Thread-357] ql.Driver: Executing command(queryId=alex_20240501045746_ebe58f79-326d-482a-b2db-64c1299fee33): create database if not exists testDB
2024-05-01T04:57:46,855  INFO [HiveServer2-Background-Pool: Thread-357] ql.Driver: Starting task [Stage-0:DDL] in serial mode
2024-05-01T04:57:46,856  INFO [HiveServer2-Background-Pool: Thread-357] sqlstd.SQLStdHiveAccessController: Created SQLStdHiveAccessController for session context : HiveAuthzSessionContext [sessionString=913acb0b-ada4-4aa4-87cf-0e50d826f3db, clientType=HIVESERVER2]
2024-05-01T04:57:46,856  WARN [HiveServer2-Background-Pool: Thread-357] exec.DDLTask: metastore.warehouse.external.dir is not set, falling back to metastore.warehouse.dir. This could cause external tables to use to managed tablespace.
2024-05-01T04:57:46,857  INFO [HiveServer2-Background-Pool: Thread-357] HiveMetaStore.audit: ugi=alex	ip=unknown-ip-addr	cmd=create_database: Database(name:testDB, description:null, locationUri:file:/home/alex/Repositories/hive/beeline/target/tmp/warehouse/testdb.db, parameters:null, ownerName:alex, ownerType:USER, catalogName:hive, type:NATIVE)	
2024-05-01T04:57:46,858  INFO [HiveServer2-Background-Pool: Thread-357] metastore.HMSHandler: 18: Opening raw store with implementation class:org.apache.hadoop.hive.metastore.ObjectStore
2024-05-01T04:57:46,858  INFO [HiveServer2-Background-Pool: Thread-357] metastore.ObjectStore: RawStore: org.apache.hadoop.hive.metastore.ObjectStore@473dc771, with PersistenceManager: null will be shutdown
2024-05-01T04:57:46,858  INFO [HiveServer2-Background-Pool: Thread-357] metastore.ObjectStore: RawStore: org.apache.hadoop.hive.metastore.ObjectStore@473dc771, with PersistenceManager: org.datanucleus.api.jdo.JDOPersistenceManager@23f41f2 created in the thread with id: 357
2024-05-01T04:57:46,861  INFO [HiveServer2-Background-Pool: Thread-357] metastore.HMSHandler: Created RawStore: org.apache.hadoop.hive.metastore.ObjectStore@473dc771 from thread id: 357
2024-05-01T04:57:46,862 ERROR [HiveServer2-Background-Pool: Thread-357] metastore.RetryingHMSHandler: AlreadyExistsException(message:Database testDB already exists)
	at org.apache.hadoop.hive.metastore.HMSHandler.create_database(HMSHandler.java:1472)
	at sun.reflect.NativeMethodAccessorImpl.invoke0(Native Method)
	at sun.reflect.NativeMethodAccessorImpl.invoke(NativeMethodAccessorImpl.java:62)
	at sun.reflect.DelegatingMethodAccessorImpl.invoke(DelegatingMethodAccessorImpl.java:43)
	at java.lang.reflect.Method.invoke(Method.java:498)
	at org.apache.hadoop.hive.metastore.RetryingHMSHandler.invokeInternal(RetryingHMSHandler.java:147)
	at org.apache.hadoop.hive.metastore.RetryingHMSHandler.invoke(RetryingHMSHandler.java:108)
	at com.sun.proxy.$Proxy40.create_database(Unknown Source)
	at org.apache.hadoop.hive.metastore.HiveMetaStoreClient.createDatabase(HiveMetaStoreClient.java:1151)
	at sun.reflect.NativeMethodAccessorImpl.invoke0(Native Method)
	at sun.reflect.NativeMethodAccessorImpl.invoke(NativeMethodAccessorImpl.java:62)
	at sun.reflect.DelegatingMethodAccessorImpl.invoke(DelegatingMethodAccessorImpl.java:43)
	at java.lang.reflect.Method.invoke(Method.java:498)
	at org.apache.hadoop.hive.metastore.RetryingMetaStoreClient.invoke(RetryingMetaStoreClient.java:218)
	at com.sun.proxy.$Proxy41.createDatabase(Unknown Source)
	at org.apache.hadoop.hive.ql.metadata.Hive.createDatabase(Hive.java:605)
	at org.apache.hadoop.hive.ql.ddl.database.create.CreateDatabaseOperation.execute(CreateDatabaseOperation.java:68)
	at org.apache.hadoop.hive.ql.ddl.DDLTask.execute(DDLTask.java:84)
	at org.apache.hadoop.hive.ql.exec.Task.executeTask(Task.java:212)
	at org.apache.hadoop.hive.ql.exec.TaskRunner.runSequential(TaskRunner.java:105)
	at org.apache.hadoop.hive.ql.Executor.launchTask(Executor.java:361)
	at org.apache.hadoop.hive.ql.Executor.launchTasks(Executor.java:334)
	at org.apache.hadoop.hive.ql.Executor.runTasks(Executor.java:245)
	at org.apache.hadoop.hive.ql.Executor.execute(Executor.java:108)
	at org.apache.hadoop.hive.ql.Driver.execute(Driver.java:348)
	at org.apache.hadoop.hive.ql.Driver.runInternal(Driver.java:204)
	at org.apache.hadoop.hive.ql.Driver.run(Driver.java:153)
	at org.apache.hadoop.hive.ql.Driver.run(Driver.java:148)
	at org.apache.hadoop.hive.ql.reexec.ReExecDriver.run(ReExecDriver.java:164)
	at org.apache.hive.service.cli.operation.SQLOperation.runQuery(SQLOperation.java:233)
	at org.apache.hive.service.cli.operation.SQLOperation.access$500(SQLOperation.java:88)
	at org.apache.hive.service.cli.operation.SQLOperation$BackgroundWork$1.run(SQLOperation.java:336)
	at java.security.AccessController.doPrivileged(Native Method)
	at javax.security.auth.Subject.doAs(Subject.java:422)
	at org.apache.hadoop.security.UserGroupInformation.doAs(UserGroupInformation.java:1682)
	at org.apache.hive.service.cli.operation.SQLOperation$BackgroundWork.run(SQLOperation.java:356)
	at java.util.concurrent.Executors$RunnableAdapter.call(Executors.java:511)
	at java.util.concurrent.FutureTask.run(FutureTask.java:266)
	at java.util.concurrent.ThreadPoolExecutor.runWorker(ThreadPoolExecutor.java:1149)
	at java.util.concurrent.ThreadPoolExecutor$Worker.run(ThreadPoolExecutor.java:624)
	at java.lang.Thread.run(Thread.java:750)

2024-05-01T04:57:46,862  INFO [HiveServer2-Background-Pool: Thread-357] metadata.Hive: Dumping metastore api call timing information for : execution phase
2024-05-01T04:57:46,862  INFO [HiveServer2-Background-Pool: Thread-357] metadata.Hive: Total time spent in each metastore function (ms): {isCompatibleWith_(Configuration)=0}
2024-05-01T04:57:46,862  INFO [HiveServer2-Background-Pool: Thread-357] ql.Driver: Completed executing command(queryId=alex_20240501045746_ebe58f79-326d-482a-b2db-64c1299fee33); Time taken: 0.007 seconds
2024-05-01T04:57:46,863  INFO [HiveServer2-Background-Pool: Thread-357] common.LogUtils: Unregistered logging context.
2024-05-01T04:57:46,866  INFO [913acb0b-ada4-4aa4-87cf-0e50d826f3db main] operation.OperationManager: Closing operation: OperationHandle [opType=EXECUTE_STATEMENT, getHandleIdentifier()=3e46bf89-0a07-40de-b33e-bbbef76a4cd6]
2024-05-01T04:57:46,866  INFO [913acb0b-ada4-4aa4-87cf-0e50d826f3db main] operation.OperationManager: Removed queryId: alex_20240501045746_ebe58f79-326d-482a-b2db-64c1299fee33 corresponding to operation: OperationHandle [opType=EXECUTE_STATEMENT, getHandleIdentifier()=3e46bf89-0a07-40de-b33e-bbbef76a4cd6] with tag: null
2024-05-01T04:57:46,866  INFO [913acb0b-ada4-4aa4-87cf-0e50d826f3db main] operation.SQLOperation: Closing operation log /home/alex/Repositories/hive/beeline/target/tmp/alex/operation_logs/913acb0b-ada4-4aa4-87cf-0e50d826f3db/alex_20240501045746_ebe58f79-326d-482a-b2db-64c1299fee33 without delay
2024-05-01T04:57:46,871  INFO [913acb0b-ada4-4aa4-87cf-0e50d826f3db main] session.HiveSessionImpl: executing use default
2024-05-01T04:57:46,872  INFO [913acb0b-ada4-4aa4-87cf-0e50d826f3db main] operation.OperationManager: Adding operation: OperationHandle [opType=EXECUTE_STATEMENT, getHandleIdentifier()=2ffdc11d-3621-43e5-8242-b477cdea8675] SessionHandle [913acb0b-ada4-4aa4-87cf-0e50d826f3db]
2024-05-01T04:57:46,872  INFO [913acb0b-ada4-4aa4-87cf-0e50d826f3db main] common.LogUtils: Thread context registration is done.
DEBUG StatusLogger Building Plugin[name=filter, class=org.apache.hadoop.hive.ql.log.LogDivertAppender$NameFilter].
DEBUG StatusLogger createFilter(loggingLevel="EXECUTION")
DEBUG StatusLogger Building Plugin[name=layout, class=org.apache.logging.log4j.core.layout.PatternLayout].
DEBUG StatusLogger PatternLayout$Builder(pattern="%-5p : %m%n", PatternSelector=null, Configuration(HiveLog4j2Test), Replace=null, charset="null", alwaysWriteExceptions="null", disableAnsi="null", noConsoleNoAnsi="null", header="null", footer="null")
DEBUG StatusLogger Building Plugin[name=appender, class=org.apache.hadoop.hive.ql.log.HushableRandomAccessFileAppender].
DEBUG StatusLogger createAppender(fileName="/home/alex/Repositories/hive/beeline/target/tmp/alex/operation_logs/913acb0b-ada4-4aa4-87cf-0e50d826f3db/alex_20240501045746_5b169096-bc82-44bb-a5c5-73b424d9a7b2", append="null", name="query-file-appender", immediateFlush="null", bufferSize="null", ignoreExceptions="null", PatternLayout(org.apache.logging.log4j.core.layout.PatternLayout with name PatternLayout), NameFilter(org.apache.hadoop.hive.ql.log.LogDivertAppender$NameFilter with name NameFilter), advertise="null", advertiseURI="null", Configuration(HiveLog4j2Test))
DEBUG StatusLogger Starting RandomAccessFileManager /home/alex/Repositories/hive/beeline/target/tmp/alex/operation_logs/913acb0b-ada4-4aa4-87cf-0e50d826f3db/alex_20240501045746_5b169096-bc82-44bb-a5c5-73b424d9a7b2
DEBUG StatusLogger Building Plugin[name=, class=org.apache.hadoop.hive.ql.log.LogDivertAppenderForTest$TestFilter].
DEBUG StatusLogger createFilter()
DEBUG StatusLogger Building Plugin[name=, class=org.apache.logging.log4j.core.layout.PatternLayout].
DEBUG StatusLogger PatternLayout$Builder(pattern="%-5p : %m%n", PatternSelector=null, Configuration(HiveLog4j2Test), Replace=null, charset="null", alwaysWriteExceptions="null", disableAnsi="null", noConsoleNoAnsi="null", header="null", footer="null")
DEBUG StatusLogger Building Plugin[name=appender, class=org.apache.hadoop.hive.ql.log.HushableRandomAccessFileAppender].
DEBUG StatusLogger createAppender(fileName="/home/alex/Repositories/hive/beeline/target/tmp/alex/operation_logs/913acb0b-ada4-4aa4-87cf-0e50d826f3db/alex_20240501045746_5b169096-bc82-44bb-a5c5-73b424d9a7b2.test", append="null", name="test-query-file-appender", immediateFlush="null", bufferSize="null", ignoreExceptions="null", PatternLayout(org.apache.logging.log4j.core.layout.PatternLayout with name PatternLayout), test-filter(org.apache.hadoop.hive.ql.log.LogDivertAppenderForTest$TestFilter with name test-filter), advertise="null", advertiseURI="null", Configuration(HiveLog4j2Test))
DEBUG StatusLogger Starting RandomAccessFileManager /home/alex/Repositories/hive/beeline/target/tmp/alex/operation_logs/913acb0b-ada4-4aa4-87cf-0e50d826f3db/alex_20240501045746_5b169096-bc82-44bb-a5c5-73b424d9a7b2.test
2024-05-01T04:57:46,876  INFO [913acb0b-ada4-4aa4-87cf-0e50d826f3db main] operation.SQLOperation: [opType=EXECUTE_STATEMENT, queryId=alex_20240501045746_5b169096-bc82-44bb-a5c5-73b424d9a7b2, startTime=1714564666871, sessionId=913acb0b-ada4-4aa4-87cf-0e50d826f3db, createTime=1714564666751, userName=null, ipAddress=null]
2024-05-01T04:57:46,877  INFO [913acb0b-ada4-4aa4-87cf-0e50d826f3db main] ql.Driver: Compiling command(queryId=alex_20240501045746_5b169096-bc82-44bb-a5c5-73b424d9a7b2): use default
2024-05-01T04:57:46,878  INFO [913acb0b-ada4-4aa4-87cf-0e50d826f3db main] HiveMetaStore.audit: ugi=alex	ip=unknown-ip-addr	cmd=get_database: default	
2024-05-01T04:57:46,879  INFO [913acb0b-ada4-4aa4-87cf-0e50d826f3db main] ql.Driver: Semantic Analysis Completed (retrial = false)
2024-05-01T04:57:46,880  INFO [913acb0b-ada4-4aa4-87cf-0e50d826f3db main] ql.Driver: Created Hive schema: Schema(fieldSchemas:null, properties:null)
2024-05-01T04:57:46,880  INFO [913acb0b-ada4-4aa4-87cf-0e50d826f3db main] metadata.Hive: Dumping metastore api call timing information for : compilation phase
2024-05-01T04:57:46,880  INFO [913acb0b-ada4-4aa4-87cf-0e50d826f3db main] metadata.Hive: Total time spent in each metastore function (ms): {isCompatibleWith_(Configuration)=1, getDatabase_(String)=1, flushCache_()=0}
2024-05-01T04:57:46,880  INFO [913acb0b-ada4-4aa4-87cf-0e50d826f3db main] ql.Driver: Completed compiling command(queryId=alex_20240501045746_5b169096-bc82-44bb-a5c5-73b424d9a7b2); Time taken: 0.003 seconds
2024-05-01T04:57:46,880  INFO [913acb0b-ada4-4aa4-87cf-0e50d826f3db main] common.LogUtils: Unregistered logging context.
2024-05-01T04:57:46,880  INFO [HiveServer2-Background-Pool: Thread-360] common.LogUtils: Thread context registration is done.
2024-05-01T04:57:46,881  INFO [HiveServer2-Background-Pool: Thread-360] reexec.ReExecDriver: Execution #1 of query
2024-05-01T04:57:46,881  INFO [HiveServer2-Background-Pool: Thread-360] ql.Driver: Concurrency mode is disabled, not creating a lock manager
2024-05-01T04:57:46,881  INFO [HiveServer2-Background-Pool: Thread-360] ql.Driver: Executing command(queryId=alex_20240501045746_5b169096-bc82-44bb-a5c5-73b424d9a7b2): use default
2024-05-01T04:57:46,882  INFO [HiveServer2-Background-Pool: Thread-360] ql.Driver: Starting task [Stage-0:DDL] in serial mode
2024-05-01T04:57:46,882  INFO [HiveServer2-Background-Pool: Thread-360] HiveMetaStore.audit: ugi=alex	ip=unknown-ip-addr	cmd=get_database: default	
2024-05-01T04:57:46,883  INFO [HiveServer2-Background-Pool: Thread-360] metastore.HMSHandler: 19: Opening raw store with implementation class:org.apache.hadoop.hive.metastore.ObjectStore
2024-05-01T04:57:46,884  INFO [HiveServer2-Background-Pool: Thread-360] metastore.ObjectStore: RawStore: org.apache.hadoop.hive.metastore.ObjectStore@50bd0a71, with PersistenceManager: null will be shutdown
2024-05-01T04:57:46,884  INFO [HiveServer2-Background-Pool: Thread-360] metastore.ObjectStore: RawStore: org.apache.hadoop.hive.metastore.ObjectStore@50bd0a71, with PersistenceManager: org.datanucleus.api.jdo.JDOPersistenceManager@15bf8e02 created in the thread with id: 360
2024-05-01T04:57:46,887  INFO [HiveServer2-Background-Pool: Thread-360] metastore.HMSHandler: Created RawStore: org.apache.hadoop.hive.metastore.ObjectStore@50bd0a71 from thread id: 360
2024-05-01T04:57:46,888  INFO [HiveServer2-Background-Pool: Thread-360] HiveMetaStore.audit: ugi=alex	ip=unknown-ip-addr	cmd=get_database: default	
2024-05-01T04:57:46,890  INFO [HiveServer2-Background-Pool: Thread-360] metadata.Hive: Dumping metastore api call timing information for : execution phase
2024-05-01T04:57:46,890  INFO [HiveServer2-Background-Pool: Thread-360] metadata.Hive: Total time spent in each metastore function (ms): {isCompatibleWith_(Configuration)=0, getDatabase_(String)=7}
2024-05-01T04:57:46,890  INFO [HiveServer2-Background-Pool: Thread-360] ql.Driver: Completed executing command(queryId=alex_20240501045746_5b169096-bc82-44bb-a5c5-73b424d9a7b2); Time taken: 0.009 seconds
2024-05-01T04:57:46,890  INFO [HiveServer2-Background-Pool: Thread-360] common.LogUtils: Unregistered logging context.
2024-05-01T04:57:46,892  INFO [913acb0b-ada4-4aa4-87cf-0e50d826f3db main] operation.OperationManager: Closing operation: OperationHandle [opType=EXECUTE_STATEMENT, getHandleIdentifier()=2ffdc11d-3621-43e5-8242-b477cdea8675]
2024-05-01T04:57:46,892  INFO [913acb0b-ada4-4aa4-87cf-0e50d826f3db main] operation.OperationManager: Removed queryId: alex_20240501045746_5b169096-bc82-44bb-a5c5-73b424d9a7b2 corresponding to operation: OperationHandle [opType=EXECUTE_STATEMENT, getHandleIdentifier()=2ffdc11d-3621-43e5-8242-b477cdea8675] with tag: null
2024-05-01T04:57:46,892  INFO [913acb0b-ada4-4aa4-87cf-0e50d826f3db main] operation.SQLOperation: Closing operation log /home/alex/Repositories/hive/beeline/target/tmp/alex/operation_logs/913acb0b-ada4-4aa4-87cf-0e50d826f3db/alex_20240501045746_5b169096-bc82-44bb-a5c5-73b424d9a7b2 without delay
2024-05-01T04:57:46,897  INFO [main] service.CompositeService: Session closed, SessionHandle [913acb0b-ada4-4aa4-87cf-0e50d826f3db], current sessions:0
2024-05-01T04:57:46,897  INFO [913acb0b-ada4-4aa4-87cf-0e50d826f3db main] session.HiveSessionImpl: Operation log session directory is deleted: /home/alex/Repositories/hive/beeline/target/tmp/alex/operation_logs/913acb0b-ada4-4aa4-87cf-0e50d826f3db
2024-05-01T04:57:46,897  INFO [main] cleanup.EventualCleanupService: Delete /tmp/hive/alex/913acb0b-ada4-4aa4-87cf-0e50d826f3db operation was queued
2024-05-01T04:57:46,897  INFO [main] cleanup.EventualCleanupService: Delete /home/alex/Repositories/hive/beeline/target/tmp/alex/913acb0b-ada4-4aa4-87cf-0e50d826f3db operation was queued
2024-05-01T04:57:46,898  INFO [EventualCleanupService thread 1] cleanup.EventualCleanupService: Deleted /home/alex/Repositories/hive/beeline/target/tmp/alex/913acb0b-ada4-4aa4-87cf-0e50d826f3db
2024-05-01T04:57:46,898  INFO [EventualCleanupService thread 0] cleanup.EventualCleanupService: Deleted /tmp/hive/alex/913acb0b-ada4-4aa4-87cf-0e50d826f3db
2024-05-01T04:57:46,899  INFO [main] HiveMetaStore.audit: ugi=alex	ip=unknown-ip-addr	cmd=Cleaning up thread local RawStore...	
2024-05-01T04:57:46,899  INFO [main] metastore.ObjectStore: RawStore: org.apache.hadoop.hive.metastore.ObjectStore@3de45b6c, with PersistenceManager: org.datanucleus.api.jdo.JDOPersistenceManager@37caecda will be shutdown
2024-05-01T04:57:46,899  INFO [main] HiveMetaStore.audit: ugi=alex	ip=unknown-ip-addr	cmd=Done cleaning up thread local RawStore	
2024-05-01T04:57:46,899  INFO [main] metastore.HiveMetaStoreClient: Closed a connection to metastore, current connections: -21
]]></system-err>
  </testcase>
  <testcase name="testDatabaseOptions" classname="org.apache.hive.beeline.cli.TestHiveCli" time="0.285">
    <failure type="java.lang.AssertionError"><![CDATA[java.lang.AssertionError: The expected keyword "testtbl" occur in the output: 
	at org.junit.Assert.fail(Assert.java:89)
	at org.junit.Assert.assertTrue(Assert.java:42)
	at org.apache.hive.beeline.cli.TestHiveCli.verifyCMD(TestHiveCli.java:270)
	at org.apache.hive.beeline.cli.TestHiveCli.testDatabaseOptions(TestHiveCli.java:107)
	at sun.reflect.NativeMethodAccessorImpl.invoke0(Native Method)
	at sun.reflect.NativeMethodAccessorImpl.invoke(NativeMethodAccessorImpl.java:62)
	at sun.reflect.DelegatingMethodAccessorImpl.invoke(DelegatingMethodAccessorImpl.java:43)
	at java.lang.reflect.Method.invoke(Method.java:498)
	at org.junit.runners.model.FrameworkMethod$1.runReflectiveCall(FrameworkMethod.java:59)
	at org.junit.internal.runners.model.ReflectiveCallable.run(ReflectiveCallable.java:12)
	at org.junit.runners.model.FrameworkMethod.invokeExplosively(FrameworkMethod.java:56)
	at org.junit.internal.runners.statements.InvokeMethod.evaluate(InvokeMethod.java:17)
	at org.junit.internal.runners.statements.RunBefores.evaluate(RunBefores.java:26)
	at org.junit.internal.runners.statements.RunAfters.evaluate(RunAfters.java:27)
	at org.junit.runners.ParentRunner$3.evaluate(ParentRunner.java:306)
	at org.junit.runners.BlockJUnit4ClassRunner$1.evaluate(BlockJUnit4ClassRunner.java:100)
	at org.junit.runners.ParentRunner.runLeaf(ParentRunner.java:366)
	at org.junit.runners.BlockJUnit4ClassRunner.runChild(BlockJUnit4ClassRunner.java:103)
	at org.junit.runners.BlockJUnit4ClassRunner.runChild(BlockJUnit4ClassRunner.java:63)
	at org.junit.runners.ParentRunner$4.run(ParentRunner.java:331)
	at org.junit.runners.ParentRunner$1.schedule(ParentRunner.java:79)
	at org.junit.runners.ParentRunner.runChildren(ParentRunner.java:329)
	at org.junit.runners.ParentRunner.access$100(ParentRunner.java:66)
	at org.junit.runners.ParentRunner$2.evaluate(ParentRunner.java:293)
	at org.junit.internal.runners.statements.RunBefores.evaluate(RunBefores.java:26)
	at org.junit.runners.ParentRunner$3.evaluate(ParentRunner.java:306)
	at org.junit.runners.ParentRunner.run(ParentRunner.java:413)
	at org.junit.runner.JUnitCore.run(JUnitCore.java:137)
	at org.junit.runner.JUnitCore.run(JUnitCore.java:115)
	at org.junit.vintage.engine.execution.RunnerExecutor.execute(RunnerExecutor.java:43)
	at java.util.stream.ForEachOps$ForEachOp$OfRef.accept(ForEachOps.java:183)
	at java.util.stream.ReferencePipeline$3$1.accept(ReferencePipeline.java:193)
	at java.util.Iterator.forEachRemaining(Iterator.java:116)
	at java.util.Spliterators$IteratorSpliterator.forEachRemaining(Spliterators.java:1801)
	at java.util.stream.AbstractPipeline.copyInto(AbstractPipeline.java:482)
	at java.util.stream.AbstractPipeline.wrapAndCopyInto(AbstractPipeline.java:472)
	at java.util.stream.ForEachOps$ForEachOp.evaluateSequential(ForEachOps.java:150)
	at java.util.stream.ForEachOps$ForEachOp$OfRef.evaluateSequential(ForEachOps.java:173)
	at java.util.stream.AbstractPipeline.evaluate(AbstractPipeline.java:234)
	at java.util.stream.ReferencePipeline.forEach(ReferencePipeline.java:485)
	at org.junit.vintage.engine.VintageTestEngine.executeAllChildren(VintageTestEngine.java:82)
	at org.junit.vintage.engine.VintageTestEngine.execute(VintageTestEngine.java:73)
	at org.junit.platform.launcher.core.DefaultLauncher.execute(DefaultLauncher.java:248)
	at org.junit.platform.launcher.core.DefaultLauncher.lambda$execute$5(DefaultLauncher.java:211)
	at org.junit.platform.launcher.core.DefaultLauncher.withInterceptedStreams(DefaultLauncher.java:226)
	at org.junit.platform.launcher.core.DefaultLauncher.execute(DefaultLauncher.java:199)
	at org.junit.platform.launcher.core.DefaultLauncher.execute(DefaultLauncher.java:132)
	at org.apache.maven.surefire.junitplatform.JUnitPlatformProvider.invokeAllTests(JUnitPlatformProvider.java:154)
	at org.apache.maven.surefire.junitplatform.JUnitPlatformProvider.invoke(JUnitPlatformProvider.java:123)
	at org.apache.maven.surefire.booter.ForkedBooter.runSuitesInProcess(ForkedBooter.java:377)
	at org.apache.maven.surefire.booter.ForkedBooter.execute(ForkedBooter.java:138)
	at org.apache.maven.surefire.booter.ForkedBooter.run(ForkedBooter.java:465)
	at org.apache.maven.surefire.booter.ForkedBooter.main(ForkedBooter.java:451)
]]></failure>
    <system-err><![CDATA[2024-05-01T04:57:46,900 ERROR [main] cli.TestHiveCli: Failed to execute command due to the error: java.lang.NullPointerException: Null output stream
2024-05-01T04:57:46,951  WARN [main] conf.HiveConf: HiveConf of name hive.dummyparam.test.server.specific.config.override does not exist
2024-05-01T04:57:46,952  WARN [main] conf.HiveConf: HiveConf of name hive.dummyparam.test.server.specific.config.hiveserver2site does not exist
2024-05-01T04:57:46,952  WARN [main] conf.HiveConf: HiveConf of name hive.dummyparam.test.server.specific.config.metastoresite does not exist
2024-05-01T04:57:46,952  INFO [main] SessionState: Hive Session ID = 7fde70af-859b-473a-b450-2a6b58a5001a
2024-05-01T04:57:46,953  INFO [main] DependencyResolver: ivysettings.xml file not found in HIVE_HOME or HIVE_CONF_DIR,/home/alex/Repositories/hive/conf/ivysettings.xml will be used
2024-05-01T04:57:46,960  INFO [main] session.SessionState: Created HDFS directory: /tmp/hive/alex/7fde70af-859b-473a-b450-2a6b58a5001a
2024-05-01T04:57:46,963  INFO [main] session.SessionState: Created local directory: /home/alex/Repositories/hive/beeline/target/tmp/alex/7fde70af-859b-473a-b450-2a6b58a5001a
2024-05-01T04:57:46,966  INFO [main] session.SessionState: Created HDFS directory: /tmp/hive/alex/7fde70af-859b-473a-b450-2a6b58a5001a/_tmp_space.db
2024-05-01T04:57:46,967  INFO [main] sqlstd.SQLStdHiveAccessController: Created SQLStdHiveAccessController for session context : HiveAuthzSessionContext [sessionString=7fde70af-859b-473a-b450-2a6b58a5001a, clientType=HIVESERVER2]
2024-05-01T04:57:46,967  INFO [main] metastore.HiveMetaStoreClient: HMS client filtering is enabled.
2024-05-01T04:57:46,968  INFO [main] metastore.HMSHandler: 0: Opening raw store with implementation class:org.apache.hadoop.hive.metastore.ObjectStore
2024-05-01T04:57:46,968  INFO [main] metastore.PersistenceManagerProvider: Configuration datanucleus.autoStartMechanismMode is not set. Defaulting to 'ignored'
2024-05-01T04:57:46,969  INFO [main] metastore.ObjectStore: RawStore: org.apache.hadoop.hive.metastore.ObjectStore@2676d96a, with PersistenceManager: null will be shutdown
2024-05-01T04:57:46,969  INFO [main] metastore.ObjectStore: RawStore: org.apache.hadoop.hive.metastore.ObjectStore@2676d96a, with PersistenceManager: org.datanucleus.api.jdo.JDOPersistenceManager@12266084 created in the thread with id: 1
2024-05-01T04:57:46,971  INFO [main] metastore.HMSHandler: Created RawStore: org.apache.hadoop.hive.metastore.ObjectStore@2676d96a from thread id: 1
2024-05-01T04:57:46,971  INFO [main] metastore.HMSHandler: HMS server filtering is disabled by configuration
2024-05-01T04:57:46,972  INFO [main] metastore.RetryingMetaStoreClient: RetryingMetaStoreClient proxy=class org.apache.hadoop.hive.ql.metadata.SessionHiveMetaStoreClient ugi=alex (auth:SIMPLE) retries=1 delay=1 lifetime=0
2024-05-01T04:57:46,972  INFO [main] service.CompositeService: Operation log root directory is created: /home/alex/Repositories/hive/beeline/target/tmp/alex/operation_logs
2024-05-01T04:57:46,972  INFO [main] service.CompositeService: HiveServer2: Background operation thread pool size: 100
2024-05-01T04:57:46,972  INFO [main] service.CompositeService: HiveServer2: Background operation thread wait queue size: 100
2024-05-01T04:57:46,972  INFO [main] service.CompositeService: HiveServer2: Background operation thread keepalive time: 10 seconds
2024-05-01T04:57:46,972  INFO [main] service.CompositeService: Connections limit are user: 0 ipaddress: 0 user-ipaddress: 0
2024-05-01T04:57:46,974  INFO [main] cleanup.EventualCleanupService: EventualCleanupService started with 10 threads and queue of size 10000
ERROR StatusLogger Log4j2 ConfigurationScheduler attempted to increment scheduled items after start
ERROR StatusLogger Log4j2 ConfigurationScheduler attempted to increment scheduled items after start
2024-05-01T04:57:46,975  INFO [main] service.AbstractService: Service:OperationManager is inited.
2024-05-01T04:57:46,975  INFO [main] service.AbstractService: Service:SessionManager is inited.
2024-05-01T04:57:46,975  INFO [main] service.AbstractService: Service:CLIService is inited.
2024-05-01T04:57:46,975  INFO [main] service.AbstractService: Service:OperationManager is started.
2024-05-01T04:57:46,975  INFO [main] service.AbstractService: Service:SessionManager is started.
2024-05-01T04:57:46,975  INFO [main] service.AbstractService: Service:CLIService is started.
2024-05-01T04:57:46,975  INFO [main] service.AbstractService: Service:ThriftBinaryCLIService is inited.
2024-05-01T04:57:46,975  INFO [main] thrift.ThriftCLIService: Client protocol version: HIVE_CLI_SERVICE_PROTOCOL_V10
2024-05-01T04:57:46,975  INFO [main] thrift.ThriftCLIService: Creating Hive session handle for user [null] from IP null
2024-05-01T04:57:46,977  INFO [main] DependencyResolver: ivysettings.xml file not found in HIVE_HOME or HIVE_CONF_DIR,/home/alex/Repositories/hive/conf/ivysettings.xml will be used
2024-05-01T04:57:46,984  INFO [main] session.SessionState: Created HDFS directory: /tmp/hive/alex/48cac680-a794-400c-9069-61883afa434c
2024-05-01T04:57:46,988  INFO [main] session.SessionState: Created local directory: /home/alex/Repositories/hive/beeline/target/tmp/alex/48cac680-a794-400c-9069-61883afa434c
2024-05-01T04:57:46,991  INFO [main] session.SessionState: Created HDFS directory: /tmp/hive/alex/48cac680-a794-400c-9069-61883afa434c/_tmp_space.db
2024-05-01T04:57:46,991  INFO [main] session.SessionState: Reloading auxiliary JAR files
2024-05-01T04:57:46,991  WARN [main] session.SessionState: Configuration hive.reloadable.aux.jars.path not specified
2024-05-01T04:57:46,991  INFO [main] HiveMetaStore.audit: ugi=alex	ip=unknown-ip-addr	cmd=Cleaning up thread local RawStore...	
2024-05-01T04:57:46,992  INFO [main] metastore.ObjectStore: RawStore: org.apache.hadoop.hive.metastore.ObjectStore@2676d96a, with PersistenceManager: org.datanucleus.api.jdo.JDOPersistenceManager@12266084 will be shutdown
2024-05-01T04:57:46,992  INFO [main] HiveMetaStore.audit: ugi=alex	ip=unknown-ip-addr	cmd=Done cleaning up thread local RawStore	
2024-05-01T04:57:46,992  INFO [main] metastore.HiveMetaStoreClient: Closed a connection to metastore, current connections: -22
2024-05-01T04:57:46,992  INFO [main] session.HiveSessionImpl: Operation log session directory is created: /home/alex/Repositories/hive/beeline/target/tmp/alex/operation_logs/48cac680-a794-400c-9069-61883afa434c
2024-05-01T04:57:46,992  INFO [main] service.CompositeService: Session opened, SessionHandle [48cac680-a794-400c-9069-61883afa434c], current sessions:1
2024-05-01T04:57:46,992  INFO [main] thrift.ThriftCLIService: Login attempt is successful for user : null
2024-05-01T04:57:47,046  WARN [main] conf.HiveConf: HiveConf of name hive.dummyparam.test.server.specific.config.override does not exist
2024-05-01T04:57:47,046  WARN [main] conf.HiveConf: HiveConf of name hive.dummyparam.test.server.specific.config.hiveserver2site does not exist
2024-05-01T04:57:47,046  WARN [main] conf.HiveConf: HiveConf of name hive.dummyparam.test.server.specific.config.metastoresite does not exist
2024-05-01T04:57:47,047  INFO [48cac680-a794-400c-9069-61883afa434c main] session.HiveSessionImpl: executing set
2024-05-01T04:57:47,047  INFO [48cac680-a794-400c-9069-61883afa434c main] operation.HiveCommandOperation: Putting temp output to file /home/alex/Repositories/hive/beeline/target/tmp/alex/48cac680-a794-400c-9069-61883afa434c1192634963798652562.pipeout and error output to file /home/alex/Repositories/hive/beeline/target/tmp/alex/48cac680-a794-400c-9069-61883afa434c6428594132128926565.pipeout
2024-05-01T04:57:47,047  INFO [48cac680-a794-400c-9069-61883afa434c main] operation.OperationManager: Adding operation: OperationHandle [opType=EXECUTE_STATEMENT, getHandleIdentifier()=da75d98a-02b4-4106-8d6e-53454f87aa25] SessionHandle [48cac680-a794-400c-9069-61883afa434c]
2024-05-01T04:57:47,048  INFO [48cac680-a794-400c-9069-61883afa434c main] common.LogUtils: Thread context registration is done.
DEBUG StatusLogger Building Plugin[name=filter, class=org.apache.hadoop.hive.ql.log.LogDivertAppender$NameFilter].
DEBUG StatusLogger createFilter(loggingLevel="EXECUTION")
DEBUG StatusLogger Building Plugin[name=layout, class=org.apache.logging.log4j.core.layout.PatternLayout].
DEBUG StatusLogger PatternLayout$Builder(pattern="%-5p : %m%n", PatternSelector=null, Configuration(HiveLog4j2Test), Replace=null, charset="null", alwaysWriteExceptions="null", disableAnsi="null", noConsoleNoAnsi="null", header="null", footer="null")
DEBUG StatusLogger Building Plugin[name=appender, class=org.apache.hadoop.hive.ql.log.HushableRandomAccessFileAppender].
DEBUG StatusLogger createAppender(fileName="/home/alex/Repositories/hive/beeline/target/tmp/alex/operation_logs/48cac680-a794-400c-9069-61883afa434c/alex_20240501045747_5f3e069e-262c-4a46-85a3-f4a59c0ad2b0", append="null", name="query-file-appender", immediateFlush="null", bufferSize="null", ignoreExceptions="null", PatternLayout(org.apache.logging.log4j.core.layout.PatternLayout with name PatternLayout), NameFilter(org.apache.hadoop.hive.ql.log.LogDivertAppender$NameFilter with name NameFilter), advertise="null", advertiseURI="null", Configuration(HiveLog4j2Test))
DEBUG StatusLogger Starting RandomAccessFileManager /home/alex/Repositories/hive/beeline/target/tmp/alex/operation_logs/48cac680-a794-400c-9069-61883afa434c/alex_20240501045747_5f3e069e-262c-4a46-85a3-f4a59c0ad2b0
DEBUG StatusLogger Building Plugin[name=, class=org.apache.hadoop.hive.ql.log.LogDivertAppenderForTest$TestFilter].
DEBUG StatusLogger createFilter()
DEBUG StatusLogger Building Plugin[name=, class=org.apache.logging.log4j.core.layout.PatternLayout].
DEBUG StatusLogger PatternLayout$Builder(pattern="%-5p : %m%n", PatternSelector=null, Configuration(HiveLog4j2Test), Replace=null, charset="null", alwaysWriteExceptions="null", disableAnsi="null", noConsoleNoAnsi="null", header="null", footer="null")
DEBUG StatusLogger Building Plugin[name=appender, class=org.apache.hadoop.hive.ql.log.HushableRandomAccessFileAppender].
DEBUG StatusLogger createAppender(fileName="/home/alex/Repositories/hive/beeline/target/tmp/alex/operation_logs/48cac680-a794-400c-9069-61883afa434c/alex_20240501045747_5f3e069e-262c-4a46-85a3-f4a59c0ad2b0.test", append="null", name="test-query-file-appender", immediateFlush="null", bufferSize="null", ignoreExceptions="null", PatternLayout(org.apache.logging.log4j.core.layout.PatternLayout with name PatternLayout), test-filter(org.apache.hadoop.hive.ql.log.LogDivertAppenderForTest$TestFilter with name test-filter), advertise="null", advertiseURI="null", Configuration(HiveLog4j2Test))
DEBUG StatusLogger Starting RandomAccessFileManager /home/alex/Repositories/hive/beeline/target/tmp/alex/operation_logs/48cac680-a794-400c-9069-61883afa434c/alex_20240501045747_5f3e069e-262c-4a46-85a3-f4a59c0ad2b0.test
2024-05-01T04:57:47,052  INFO [48cac680-a794-400c-9069-61883afa434c main] operation.HiveCommandOperation: [opType=EXECUTE_STATEMENT, queryId=alex_20240501045747_5f3e069e-262c-4a46-85a3-f4a59c0ad2b0, startTime=1714564667047, sessionId=48cac680-a794-400c-9069-61883afa434c, createTime=1714564666975, userName=null, ipAddress=null]
2024-05-01T04:57:47,062  INFO [48cac680-a794-400c-9069-61883afa434c main] common.LogUtils: Unregistered logging context.
2024-05-01T04:57:47,066  INFO [48cac680-a794-400c-9069-61883afa434c main] operation.OperationManager: Closing operation: OperationHandle [opType=EXECUTE_STATEMENT, getHandleIdentifier()=da75d98a-02b4-4106-8d6e-53454f87aa25]
2024-05-01T04:57:47,066  INFO [48cac680-a794-400c-9069-61883afa434c main] operation.OperationManager: Removed queryId: alex_20240501045747_5f3e069e-262c-4a46-85a3-f4a59c0ad2b0 corresponding to operation: OperationHandle [opType=EXECUTE_STATEMENT, getHandleIdentifier()=da75d98a-02b4-4106-8d6e-53454f87aa25] with tag: null
2024-05-01T04:57:47,067  INFO [48cac680-a794-400c-9069-61883afa434c main] operation.HiveCommandOperation: Closing operation log /home/alex/Repositories/hive/beeline/target/tmp/alex/operation_logs/48cac680-a794-400c-9069-61883afa434c/alex_20240501045747_5f3e069e-262c-4a46-85a3-f4a59c0ad2b0 without delay
2024-05-01T04:57:47,102  INFO [48cac680-a794-400c-9069-61883afa434c main] session.HiveSessionImpl: executing use test
2024-05-01T04:57:47,102  INFO [48cac680-a794-400c-9069-61883afa434c main] operation.OperationManager: Adding operation: OperationHandle [opType=EXECUTE_STATEMENT, getHandleIdentifier()=70052cc0-5241-4da3-aec9-123b71b6e25c] SessionHandle [48cac680-a794-400c-9069-61883afa434c]
2024-05-01T04:57:47,103  INFO [48cac680-a794-400c-9069-61883afa434c main] common.LogUtils: Thread context registration is done.
DEBUG StatusLogger Building Plugin[name=filter, class=org.apache.hadoop.hive.ql.log.LogDivertAppender$NameFilter].
DEBUG StatusLogger createFilter(loggingLevel="EXECUTION")
DEBUG StatusLogger Building Plugin[name=layout, class=org.apache.logging.log4j.core.layout.PatternLayout].
DEBUG StatusLogger PatternLayout$Builder(pattern="%-5p : %m%n", PatternSelector=null, Configuration(HiveLog4j2Test), Replace=null, charset="null", alwaysWriteExceptions="null", disableAnsi="null", noConsoleNoAnsi="null", header="null", footer="null")
DEBUG StatusLogger Building Plugin[name=appender, class=org.apache.hadoop.hive.ql.log.HushableRandomAccessFileAppender].
DEBUG StatusLogger createAppender(fileName="/home/alex/Repositories/hive/beeline/target/tmp/alex/operation_logs/48cac680-a794-400c-9069-61883afa434c/alex_20240501045747_f27a7551-88c1-482a-88e4-c10e90237343", append="null", name="query-file-appender", immediateFlush="null", bufferSize="null", ignoreExceptions="null", PatternLayout(org.apache.logging.log4j.core.layout.PatternLayout with name PatternLayout), NameFilter(org.apache.hadoop.hive.ql.log.LogDivertAppender$NameFilter with name NameFilter), advertise="null", advertiseURI="null", Configuration(HiveLog4j2Test))
DEBUG StatusLogger Starting RandomAccessFileManager /home/alex/Repositories/hive/beeline/target/tmp/alex/operation_logs/48cac680-a794-400c-9069-61883afa434c/alex_20240501045747_f27a7551-88c1-482a-88e4-c10e90237343
DEBUG StatusLogger Building Plugin[name=, class=org.apache.hadoop.hive.ql.log.LogDivertAppenderForTest$TestFilter].
DEBUG StatusLogger createFilter()
DEBUG StatusLogger Building Plugin[name=, class=org.apache.logging.log4j.core.layout.PatternLayout].
DEBUG StatusLogger PatternLayout$Builder(pattern="%-5p : %m%n", PatternSelector=null, Configuration(HiveLog4j2Test), Replace=null, charset="null", alwaysWriteExceptions="null", disableAnsi="null", noConsoleNoAnsi="null", header="null", footer="null")
DEBUG StatusLogger Building Plugin[name=appender, class=org.apache.hadoop.hive.ql.log.HushableRandomAccessFileAppender].
DEBUG StatusLogger createAppender(fileName="/home/alex/Repositories/hive/beeline/target/tmp/alex/operation_logs/48cac680-a794-400c-9069-61883afa434c/alex_20240501045747_f27a7551-88c1-482a-88e4-c10e90237343.test", append="null", name="test-query-file-appender", immediateFlush="null", bufferSize="null", ignoreExceptions="null", PatternLayout(org.apache.logging.log4j.core.layout.PatternLayout with name PatternLayout), test-filter(org.apache.hadoop.hive.ql.log.LogDivertAppenderForTest$TestFilter with name test-filter), advertise="null", advertiseURI="null", Configuration(HiveLog4j2Test))
DEBUG StatusLogger Starting RandomAccessFileManager /home/alex/Repositories/hive/beeline/target/tmp/alex/operation_logs/48cac680-a794-400c-9069-61883afa434c/alex_20240501045747_f27a7551-88c1-482a-88e4-c10e90237343.test
2024-05-01T04:57:47,106  INFO [48cac680-a794-400c-9069-61883afa434c main] operation.SQLOperation: [opType=EXECUTE_STATEMENT, queryId=alex_20240501045747_f27a7551-88c1-482a-88e4-c10e90237343, startTime=1714564667102, sessionId=48cac680-a794-400c-9069-61883afa434c, createTime=1714564666975, userName=null, ipAddress=null]
2024-05-01T04:57:47,107  INFO [48cac680-a794-400c-9069-61883afa434c main] ql.Driver: Compiling command(queryId=alex_20240501045747_f27a7551-88c1-482a-88e4-c10e90237343): use test
2024-05-01T04:57:47,108  INFO [48cac680-a794-400c-9069-61883afa434c main] metastore.HiveMetaStoreClient: HMS client filtering is enabled.
2024-05-01T04:57:47,108  INFO [48cac680-a794-400c-9069-61883afa434c main] metastore.HMSHandler: 0: Opening raw store with implementation class:org.apache.hadoop.hive.metastore.ObjectStore
2024-05-01T04:57:47,108  INFO [48cac680-a794-400c-9069-61883afa434c main] metastore.PersistenceManagerProvider: Configuration datanucleus.autoStartMechanismMode is not set. Defaulting to 'ignored'
2024-05-01T04:57:47,109  INFO [48cac680-a794-400c-9069-61883afa434c main] metastore.ObjectStore: RawStore: org.apache.hadoop.hive.metastore.ObjectStore@2ac05a33, with PersistenceManager: null will be shutdown
2024-05-01T04:57:47,109  INFO [48cac680-a794-400c-9069-61883afa434c main] metastore.ObjectStore: RawStore: org.apache.hadoop.hive.metastore.ObjectStore@2ac05a33, with PersistenceManager: org.datanucleus.api.jdo.JDOPersistenceManager@35af52dc created in the thread with id: 1
2024-05-01T04:57:47,111  INFO [48cac680-a794-400c-9069-61883afa434c main] metastore.HMSHandler: Created RawStore: org.apache.hadoop.hive.metastore.ObjectStore@2ac05a33 from thread id: 1
2024-05-01T04:57:47,111  INFO [48cac680-a794-400c-9069-61883afa434c main] metastore.HMSHandler: HMS server filtering is disabled by configuration
2024-05-01T04:57:47,111  INFO [48cac680-a794-400c-9069-61883afa434c main] metastore.RetryingMetaStoreClient: RetryingMetaStoreClient proxy=class org.apache.hadoop.hive.ql.metadata.SessionHiveMetaStoreClient ugi=alex (auth:SIMPLE) retries=1 delay=1 lifetime=0
2024-05-01T04:57:47,112  INFO [48cac680-a794-400c-9069-61883afa434c main] HiveMetaStore.audit: ugi=alex	ip=unknown-ip-addr	cmd=get_database: test	
2024-05-01T04:57:47,113  INFO [48cac680-a794-400c-9069-61883afa434c main] ql.Driver: Semantic Analysis Completed (retrial = false)
2024-05-01T04:57:47,113  INFO [48cac680-a794-400c-9069-61883afa434c main] ql.Driver: Created Hive schema: Schema(fieldSchemas:null, properties:null)
2024-05-01T04:57:47,113  INFO [48cac680-a794-400c-9069-61883afa434c main] metadata.Hive: Dumping metastore api call timing information for : compilation phase
2024-05-01T04:57:47,113  INFO [48cac680-a794-400c-9069-61883afa434c main] metadata.Hive: Total time spent in each metastore function (ms): {isCompatibleWith_(Configuration)=0, getDatabase_(String)=1, flushCache_()=0}
2024-05-01T04:57:47,113  INFO [48cac680-a794-400c-9069-61883afa434c main] ql.Driver: Completed compiling command(queryId=alex_20240501045747_f27a7551-88c1-482a-88e4-c10e90237343); Time taken: 0.006 seconds
2024-05-01T04:57:47,113  INFO [48cac680-a794-400c-9069-61883afa434c main] common.LogUtils: Unregistered logging context.
2024-05-01T04:57:47,114  INFO [HiveServer2-Background-Pool: Thread-383] common.LogUtils: Thread context registration is done.
2024-05-01T04:57:47,114  INFO [HiveServer2-Background-Pool: Thread-383] reexec.ReExecDriver: Execution #1 of query
2024-05-01T04:57:47,114  INFO [HiveServer2-Background-Pool: Thread-383] ql.Driver: Concurrency mode is disabled, not creating a lock manager
2024-05-01T04:57:47,115  INFO [HiveServer2-Background-Pool: Thread-383] ql.Driver: Executing command(queryId=alex_20240501045747_f27a7551-88c1-482a-88e4-c10e90237343): use test
2024-05-01T04:57:47,115  INFO [HiveServer2-Background-Pool: Thread-383] ql.Driver: Starting task [Stage-0:DDL] in serial mode
2024-05-01T04:57:47,116  INFO [HiveServer2-Background-Pool: Thread-383] HiveMetaStore.audit: ugi=alex	ip=unknown-ip-addr	cmd=get_database: test	
2024-05-01T04:57:47,116  INFO [HiveServer2-Background-Pool: Thread-383] metastore.HMSHandler: 20: Opening raw store with implementation class:org.apache.hadoop.hive.metastore.ObjectStore
2024-05-01T04:57:47,117  INFO [HiveServer2-Background-Pool: Thread-383] metastore.ObjectStore: RawStore: org.apache.hadoop.hive.metastore.ObjectStore@56cae271, with PersistenceManager: null will be shutdown
2024-05-01T04:57:47,117  INFO [HiveServer2-Background-Pool: Thread-383] metastore.ObjectStore: RawStore: org.apache.hadoop.hive.metastore.ObjectStore@56cae271, with PersistenceManager: org.datanucleus.api.jdo.JDOPersistenceManager@13c876cc created in the thread with id: 383
2024-05-01T04:57:47,119  INFO [HiveServer2-Background-Pool: Thread-383] metastore.HMSHandler: Created RawStore: org.apache.hadoop.hive.metastore.ObjectStore@56cae271 from thread id: 383
2024-05-01T04:57:47,120  INFO [HiveServer2-Background-Pool: Thread-383] HiveMetaStore.audit: ugi=alex	ip=unknown-ip-addr	cmd=get_database: test	
2024-05-01T04:57:47,121  INFO [HiveServer2-Background-Pool: Thread-383] metadata.Hive: Dumping metastore api call timing information for : execution phase
2024-05-01T04:57:47,121  INFO [HiveServer2-Background-Pool: Thread-383] metadata.Hive: Total time spent in each metastore function (ms): {isCompatibleWith_(Configuration)=0, getDatabase_(String)=6}
2024-05-01T04:57:47,122  INFO [HiveServer2-Background-Pool: Thread-383] ql.Driver: Completed executing command(queryId=alex_20240501045747_f27a7551-88c1-482a-88e4-c10e90237343); Time taken: 0.006 seconds
2024-05-01T04:57:47,122  INFO [HiveServer2-Background-Pool: Thread-383] common.LogUtils: Unregistered logging context.
2024-05-01T04:57:47,124  INFO [48cac680-a794-400c-9069-61883afa434c main] operation.OperationManager: Closing operation: OperationHandle [opType=EXECUTE_STATEMENT, getHandleIdentifier()=70052cc0-5241-4da3-aec9-123b71b6e25c]
2024-05-01T04:57:47,124  INFO [48cac680-a794-400c-9069-61883afa434c main] operation.OperationManager: Removed queryId: alex_20240501045747_f27a7551-88c1-482a-88e4-c10e90237343 corresponding to operation: OperationHandle [opType=EXECUTE_STATEMENT, getHandleIdentifier()=70052cc0-5241-4da3-aec9-123b71b6e25c] with tag: null
2024-05-01T04:57:47,125  INFO [48cac680-a794-400c-9069-61883afa434c main] operation.SQLOperation: Closing operation log /home/alex/Repositories/hive/beeline/target/tmp/alex/operation_logs/48cac680-a794-400c-9069-61883afa434c/alex_20240501045747_f27a7551-88c1-482a-88e4-c10e90237343 without delay
2024-05-01T04:57:47,134  INFO [48cac680-a794-400c-9069-61883afa434c main] session.HiveSessionImpl: executing show tables
2024-05-01T04:57:47,135  INFO [48cac680-a794-400c-9069-61883afa434c main] operation.OperationManager: Adding operation: OperationHandle [opType=EXECUTE_STATEMENT, getHandleIdentifier()=ce3b6d6b-941c-4c23-98f6-d934bcfa3fb9] SessionHandle [48cac680-a794-400c-9069-61883afa434c]
2024-05-01T04:57:47,135  INFO [48cac680-a794-400c-9069-61883afa434c main] common.LogUtils: Thread context registration is done.
DEBUG StatusLogger Building Plugin[name=filter, class=org.apache.hadoop.hive.ql.log.LogDivertAppender$NameFilter].
DEBUG StatusLogger createFilter(loggingLevel="EXECUTION")
DEBUG StatusLogger Building Plugin[name=layout, class=org.apache.logging.log4j.core.layout.PatternLayout].
DEBUG StatusLogger PatternLayout$Builder(pattern="%-5p : %m%n", PatternSelector=null, Configuration(HiveLog4j2Test), Replace=null, charset="null", alwaysWriteExceptions="null", disableAnsi="null", noConsoleNoAnsi="null", header="null", footer="null")
DEBUG StatusLogger Building Plugin[name=appender, class=org.apache.hadoop.hive.ql.log.HushableRandomAccessFileAppender].
DEBUG StatusLogger createAppender(fileName="/home/alex/Repositories/hive/beeline/target/tmp/alex/operation_logs/48cac680-a794-400c-9069-61883afa434c/alex_20240501045747_4af088ab-4667-4646-ac39-db51e6ed3959", append="null", name="query-file-appender", immediateFlush="null", bufferSize="null", ignoreExceptions="null", PatternLayout(org.apache.logging.log4j.core.layout.PatternLayout with name PatternLayout), NameFilter(org.apache.hadoop.hive.ql.log.LogDivertAppender$NameFilter with name NameFilter), advertise="null", advertiseURI="null", Configuration(HiveLog4j2Test))
DEBUG StatusLogger Starting RandomAccessFileManager /home/alex/Repositories/hive/beeline/target/tmp/alex/operation_logs/48cac680-a794-400c-9069-61883afa434c/alex_20240501045747_4af088ab-4667-4646-ac39-db51e6ed3959
DEBUG StatusLogger Building Plugin[name=, class=org.apache.hadoop.hive.ql.log.LogDivertAppenderForTest$TestFilter].
DEBUG StatusLogger createFilter()
DEBUG StatusLogger Building Plugin[name=, class=org.apache.logging.log4j.core.layout.PatternLayout].
DEBUG StatusLogger PatternLayout$Builder(pattern="%-5p : %m%n", PatternSelector=null, Configuration(HiveLog4j2Test), Replace=null, charset="null", alwaysWriteExceptions="null", disableAnsi="null", noConsoleNoAnsi="null", header="null", footer="null")
DEBUG StatusLogger Building Plugin[name=appender, class=org.apache.hadoop.hive.ql.log.HushableRandomAccessFileAppender].
DEBUG StatusLogger createAppender(fileName="/home/alex/Repositories/hive/beeline/target/tmp/alex/operation_logs/48cac680-a794-400c-9069-61883afa434c/alex_20240501045747_4af088ab-4667-4646-ac39-db51e6ed3959.test", append="null", name="test-query-file-appender", immediateFlush="null", bufferSize="null", ignoreExceptions="null", PatternLayout(org.apache.logging.log4j.core.layout.PatternLayout with name PatternLayout), test-filter(org.apache.hadoop.hive.ql.log.LogDivertAppenderForTest$TestFilter with name test-filter), advertise="null", advertiseURI="null", Configuration(HiveLog4j2Test))
DEBUG StatusLogger Starting RandomAccessFileManager /home/alex/Repositories/hive/beeline/target/tmp/alex/operation_logs/48cac680-a794-400c-9069-61883afa434c/alex_20240501045747_4af088ab-4667-4646-ac39-db51e6ed3959.test
2024-05-01T04:57:47,139  INFO [48cac680-a794-400c-9069-61883afa434c main] operation.SQLOperation: [opType=EXECUTE_STATEMENT, queryId=alex_20240501045747_4af088ab-4667-4646-ac39-db51e6ed3959, startTime=1714564667134, sessionId=48cac680-a794-400c-9069-61883afa434c, createTime=1714564666975, userName=null, ipAddress=null]
2024-05-01T04:57:47,140  INFO [48cac680-a794-400c-9069-61883afa434c main] ql.Driver: Compiling command(queryId=alex_20240501045747_4af088ab-4667-4646-ac39-db51e6ed3959): show tables
2024-05-01T04:57:47,144  INFO [48cac680-a794-400c-9069-61883afa434c main] HiveMetaStore.audit: ugi=alex	ip=unknown-ip-addr	cmd=get_database: test	
2024-05-01T04:57:47,146  INFO [48cac680-a794-400c-9069-61883afa434c main] ql.Driver: Semantic Analysis Completed (retrial = false)
2024-05-01T04:57:47,146  INFO [48cac680-a794-400c-9069-61883afa434c main] ql.Driver: Created Hive schema: Schema(fieldSchemas:[FieldSchema(name:tab_name, type:string, comment:from deserializer)], properties:null)
2024-05-01T04:57:47,147  INFO [48cac680-a794-400c-9069-61883afa434c main] exec.ListSinkOperator: Initializing Operator: LIST_SINK[0]
2024-05-01T04:57:47,147  INFO [48cac680-a794-400c-9069-61883afa434c main] metadata.Hive: Dumping metastore api call timing information for : compilation phase
2024-05-01T04:57:47,147  INFO [48cac680-a794-400c-9069-61883afa434c main] metadata.Hive: Total time spent in each metastore function (ms): {isCompatibleWith_(Configuration)=0, getDatabase_(String)=2, flushCache_()=1}
2024-05-01T04:57:47,148  INFO [48cac680-a794-400c-9069-61883afa434c main] ql.Driver: Completed compiling command(queryId=alex_20240501045747_4af088ab-4667-4646-ac39-db51e6ed3959); Time taken: 0.007 seconds
2024-05-01T04:57:47,148  INFO [48cac680-a794-400c-9069-61883afa434c main] common.LogUtils: Unregistered logging context.
2024-05-01T04:57:47,148  INFO [HiveServer2-Background-Pool: Thread-387] common.LogUtils: Thread context registration is done.
2024-05-01T04:57:47,150  INFO [HiveServer2-Background-Pool: Thread-387] reexec.ReExecDriver: Execution #1 of query
2024-05-01T04:57:47,150  INFO [HiveServer2-Background-Pool: Thread-387] ql.Driver: Concurrency mode is disabled, not creating a lock manager
2024-05-01T04:57:47,151  INFO [HiveServer2-Background-Pool: Thread-387] ql.Driver: Executing command(queryId=alex_20240501045747_4af088ab-4667-4646-ac39-db51e6ed3959): show tables
2024-05-01T04:57:47,151  INFO [HiveServer2-Background-Pool: Thread-387] ql.Driver: Starting task [Stage-0:DDL] in serial mode
2024-05-01T04:57:47,152  INFO [HiveServer2-Background-Pool: Thread-387] HiveMetaStore.audit: ugi=alex	ip=unknown-ip-addr	cmd=get_database: test	
2024-05-01T04:57:47,152  INFO [HiveServer2-Background-Pool: Thread-387] metastore.HMSHandler: 21: Opening raw store with implementation class:org.apache.hadoop.hive.metastore.ObjectStore
2024-05-01T04:57:47,153  INFO [HiveServer2-Background-Pool: Thread-387] metastore.ObjectStore: RawStore: org.apache.hadoop.hive.metastore.ObjectStore@41a79aa6, with PersistenceManager: null will be shutdown
2024-05-01T04:57:47,153  INFO [HiveServer2-Background-Pool: Thread-387] metastore.ObjectStore: RawStore: org.apache.hadoop.hive.metastore.ObjectStore@41a79aa6, with PersistenceManager: org.datanucleus.api.jdo.JDOPersistenceManager@4a50cf6 created in the thread with id: 387
2024-05-01T04:57:47,157  INFO [HiveServer2-Background-Pool: Thread-387] metastore.HMSHandler: Created RawStore: org.apache.hadoop.hive.metastore.ObjectStore@41a79aa6 from thread id: 387
2024-05-01T04:57:47,159  INFO [HiveServer2-Background-Pool: Thread-387] HiveMetaStore.audit: ugi=alex	ip=unknown-ip-addr	cmd=get_multi_table : db=test tbls=null	
2024-05-01T04:57:47,165  INFO [HiveServer2-Background-Pool: Thread-387] sqlstd.SQLStdHiveAccessController: Created SQLStdHiveAccessController for session context : HiveAuthzSessionContext [sessionString=48cac680-a794-400c-9069-61883afa434c, clientType=HIVESERVER2]
2024-05-01T04:57:47,173  INFO [HiveServer2-Background-Pool: Thread-387] metadata.Hive: Dumping metastore api call timing information for : execution phase
2024-05-01T04:57:47,173  INFO [HiveServer2-Background-Pool: Thread-387] metadata.Hive: Total time spent in each metastore function (ms): {isCompatibleWith_(Configuration)=0, getDatabase_(String)=6, getTables_(String, String)=7}
2024-05-01T04:57:47,173  INFO [HiveServer2-Background-Pool: Thread-387] ql.Driver: Completed executing command(queryId=alex_20240501045747_4af088ab-4667-4646-ac39-db51e6ed3959); Time taken: 0.022 seconds
2024-05-01T04:57:47,175  INFO [HiveServer2-Background-Pool: Thread-387] common.LogUtils: Unregistered logging context.
2024-05-01T04:57:47,177  INFO [48cac680-a794-400c-9069-61883afa434c main] operation.OperationManager: Closing operation: OperationHandle [opType=EXECUTE_STATEMENT, getHandleIdentifier()=ce3b6d6b-941c-4c23-98f6-d934bcfa3fb9]
2024-05-01T04:57:47,177  INFO [48cac680-a794-400c-9069-61883afa434c main] operation.OperationManager: Removed queryId: alex_20240501045747_4af088ab-4667-4646-ac39-db51e6ed3959 corresponding to operation: OperationHandle [opType=EXECUTE_STATEMENT, getHandleIdentifier()=ce3b6d6b-941c-4c23-98f6-d934bcfa3fb9] with tag: null
2024-05-01T04:57:47,177  INFO [48cac680-a794-400c-9069-61883afa434c main] ql.Context: Deleting scratch dir: file:/home/alex/Repositories/hive/beeline/target/tmp/alex/48cac680-a794-400c-9069-61883afa434c/hive_2024-05-01_04-57-47_140_7648600147578134631-1
2024-05-01T04:57:47,177  INFO [48cac680-a794-400c-9069-61883afa434c main] cleanup.EventualCleanupService: Delete file:/home/alex/Repositories/hive/beeline/target/tmp/alex/48cac680-a794-400c-9069-61883afa434c/hive_2024-05-01_04-57-47_140_7648600147578134631-1 operation was queued
2024-05-01T04:57:47,178  INFO [48cac680-a794-400c-9069-61883afa434c main] exec.ListSinkOperator: Closing Operator: LIST_SINK[0]
2024-05-01T04:57:47,178  INFO [48cac680-a794-400c-9069-61883afa434c main] exec.ListSinkOperator: RECORDS_OUT_INTERMEDIATE:0, RECORDS_OUT_OPERATOR_LIST_SINK_0:0, 
2024-05-01T04:57:47,178  INFO [48cac680-a794-400c-9069-61883afa434c main] operation.SQLOperation: Closing operation log /home/alex/Repositories/hive/beeline/target/tmp/alex/operation_logs/48cac680-a794-400c-9069-61883afa434c/alex_20240501045747_4af088ab-4667-4646-ac39-db51e6ed3959 without delay
2024-05-01T04:57:47,178  INFO [EventualCleanupService thread 0] cleanup.EventualCleanupService: Deleted file:/home/alex/Repositories/hive/beeline/target/tmp/alex/48cac680-a794-400c-9069-61883afa434c/hive_2024-05-01_04-57-47_140_7648600147578134631-1
2024-05-01T04:57:47,182  INFO [main] service.CompositeService: Session closed, SessionHandle [48cac680-a794-400c-9069-61883afa434c], current sessions:0
2024-05-01T04:57:47,182  INFO [48cac680-a794-400c-9069-61883afa434c main] session.HiveSessionImpl: Operation log session directory is deleted: /home/alex/Repositories/hive/beeline/target/tmp/alex/operation_logs/48cac680-a794-400c-9069-61883afa434c
2024-05-01T04:57:47,184  INFO [main] cleanup.EventualCleanupService: Delete /tmp/hive/alex/48cac680-a794-400c-9069-61883afa434c operation was queued
2024-05-01T04:57:47,184  INFO [main] cleanup.EventualCleanupService: Delete /home/alex/Repositories/hive/beeline/target/tmp/alex/48cac680-a794-400c-9069-61883afa434c operation was queued
2024-05-01T04:57:47,184  INFO [EventualCleanupService thread 1] cleanup.EventualCleanupService: Deleted /tmp/hive/alex/48cac680-a794-400c-9069-61883afa434c
2024-05-01T04:57:47,184  INFO [EventualCleanupService thread 2] cleanup.EventualCleanupService: Deleted /home/alex/Repositories/hive/beeline/target/tmp/alex/48cac680-a794-400c-9069-61883afa434c
2024-05-01T04:57:47,185  INFO [main] HiveMetaStore.audit: ugi=alex	ip=unknown-ip-addr	cmd=Cleaning up thread local RawStore...	
2024-05-01T04:57:47,185  INFO [main] metastore.ObjectStore: RawStore: org.apache.hadoop.hive.metastore.ObjectStore@2ac05a33, with PersistenceManager: org.datanucleus.api.jdo.JDOPersistenceManager@35af52dc will be shutdown
2024-05-01T04:57:47,185  INFO [main] HiveMetaStore.audit: ugi=alex	ip=unknown-ip-addr	cmd=Done cleaning up thread local RawStore	
2024-05-01T04:57:47,185  INFO [main] metastore.HiveMetaStoreClient: Closed a connection to metastore, current connections: -23
]]></system-err>
  </testcase>
  <testcase name="testNoErrorDB" classname="org.apache.hive.beeline.cli.TestHiveCli" time="0.195">
    <failure type="java.lang.AssertionError"><![CDATA[java.lang.AssertionError: Supported return code is 0 while the actual is 1
	at org.junit.Assert.fail(Assert.java:89)
	at org.apache.hive.beeline.cli.TestHiveCli.executeCMD(TestHiveCli.java:256)
	at org.apache.hive.beeline.cli.TestHiveCli.verifyCMD(TestHiveCli.java:266)
	at org.apache.hive.beeline.cli.TestHiveCli.testNoErrorDB(TestHiveCli.java:239)
	at sun.reflect.NativeMethodAccessorImpl.invoke0(Native Method)
	at sun.reflect.NativeMethodAccessorImpl.invoke(NativeMethodAccessorImpl.java:62)
	at sun.reflect.DelegatingMethodAccessorImpl.invoke(DelegatingMethodAccessorImpl.java:43)
	at java.lang.reflect.Method.invoke(Method.java:498)
	at org.junit.runners.model.FrameworkMethod$1.runReflectiveCall(FrameworkMethod.java:59)
	at org.junit.internal.runners.model.ReflectiveCallable.run(ReflectiveCallable.java:12)
	at org.junit.runners.model.FrameworkMethod.invokeExplosively(FrameworkMethod.java:56)
	at org.junit.internal.runners.statements.InvokeMethod.evaluate(InvokeMethod.java:17)
	at org.junit.internal.runners.statements.RunBefores.evaluate(RunBefores.java:26)
	at org.junit.internal.runners.statements.RunAfters.evaluate(RunAfters.java:27)
	at org.junit.runners.ParentRunner$3.evaluate(ParentRunner.java:306)
	at org.junit.runners.BlockJUnit4ClassRunner$1.evaluate(BlockJUnit4ClassRunner.java:100)
	at org.junit.runners.ParentRunner.runLeaf(ParentRunner.java:366)
	at org.junit.runners.BlockJUnit4ClassRunner.runChild(BlockJUnit4ClassRunner.java:103)
	at org.junit.runners.BlockJUnit4ClassRunner.runChild(BlockJUnit4ClassRunner.java:63)
	at org.junit.runners.ParentRunner$4.run(ParentRunner.java:331)
	at org.junit.runners.ParentRunner$1.schedule(ParentRunner.java:79)
	at org.junit.runners.ParentRunner.runChildren(ParentRunner.java:329)
	at org.junit.runners.ParentRunner.access$100(ParentRunner.java:66)
	at org.junit.runners.ParentRunner$2.evaluate(ParentRunner.java:293)
	at org.junit.internal.runners.statements.RunBefores.evaluate(RunBefores.java:26)
	at org.junit.runners.ParentRunner$3.evaluate(ParentRunner.java:306)
	at org.junit.runners.ParentRunner.run(ParentRunner.java:413)
	at org.junit.runner.JUnitCore.run(JUnitCore.java:137)
	at org.junit.runner.JUnitCore.run(JUnitCore.java:115)
	at org.junit.vintage.engine.execution.RunnerExecutor.execute(RunnerExecutor.java:43)
	at java.util.stream.ForEachOps$ForEachOp$OfRef.accept(ForEachOps.java:183)
	at java.util.stream.ReferencePipeline$3$1.accept(ReferencePipeline.java:193)
	at java.util.Iterator.forEachRemaining(Iterator.java:116)
	at java.util.Spliterators$IteratorSpliterator.forEachRemaining(Spliterators.java:1801)
	at java.util.stream.AbstractPipeline.copyInto(AbstractPipeline.java:482)
	at java.util.stream.AbstractPipeline.wrapAndCopyInto(AbstractPipeline.java:472)
	at java.util.stream.ForEachOps$ForEachOp.evaluateSequential(ForEachOps.java:150)
	at java.util.stream.ForEachOps$ForEachOp$OfRef.evaluateSequential(ForEachOps.java:173)
	at java.util.stream.AbstractPipeline.evaluate(AbstractPipeline.java:234)
	at java.util.stream.ReferencePipeline.forEach(ReferencePipeline.java:485)
	at org.junit.vintage.engine.VintageTestEngine.executeAllChildren(VintageTestEngine.java:82)
	at org.junit.vintage.engine.VintageTestEngine.execute(VintageTestEngine.java:73)
	at org.junit.platform.launcher.core.DefaultLauncher.execute(DefaultLauncher.java:248)
	at org.junit.platform.launcher.core.DefaultLauncher.lambda$execute$5(DefaultLauncher.java:211)
	at org.junit.platform.launcher.core.DefaultLauncher.withInterceptedStreams(DefaultLauncher.java:226)
	at org.junit.platform.launcher.core.DefaultLauncher.execute(DefaultLauncher.java:199)
	at org.junit.platform.launcher.core.DefaultLauncher.execute(DefaultLauncher.java:132)
	at org.apache.maven.surefire.junitplatform.JUnitPlatformProvider.invokeAllTests(JUnitPlatformProvider.java:154)
	at org.apache.maven.surefire.junitplatform.JUnitPlatformProvider.invoke(JUnitPlatformProvider.java:123)
	at org.apache.maven.surefire.booter.ForkedBooter.runSuitesInProcess(ForkedBooter.java:377)
	at org.apache.maven.surefire.booter.ForkedBooter.execute(ForkedBooter.java:138)
	at org.apache.maven.surefire.booter.ForkedBooter.run(ForkedBooter.java:465)
	at org.apache.maven.surefire.booter.ForkedBooter.main(ForkedBooter.java:451)
]]></failure>
    <system-err><![CDATA[2024-05-01T04:57:47,186 ERROR [main] cli.TestHiveCli: Failed to execute command due to the error: java.lang.NullPointerException: Null output stream
2024-05-01T04:57:47,234  WARN [main] conf.HiveConf: HiveConf of name hive.dummyparam.test.server.specific.config.override does not exist
2024-05-01T04:57:47,234  WARN [main] conf.HiveConf: HiveConf of name hive.dummyparam.test.server.specific.config.hiveserver2site does not exist
2024-05-01T04:57:47,234  WARN [main] conf.HiveConf: HiveConf of name hive.dummyparam.test.server.specific.config.metastoresite does not exist
2024-05-01T04:57:47,235  INFO [main] SessionState: Hive Session ID = 3ff8f4d4-ca6f-4ac8-8bf5-5e5245db0f6a
2024-05-01T04:57:47,235  INFO [main] DependencyResolver: ivysettings.xml file not found in HIVE_HOME or HIVE_CONF_DIR,/home/alex/Repositories/hive/conf/ivysettings.xml will be used
2024-05-01T04:57:47,242  INFO [main] session.SessionState: Created HDFS directory: /tmp/hive/alex/3ff8f4d4-ca6f-4ac8-8bf5-5e5245db0f6a
2024-05-01T04:57:47,246  INFO [main] session.SessionState: Created local directory: /home/alex/Repositories/hive/beeline/target/tmp/alex/3ff8f4d4-ca6f-4ac8-8bf5-5e5245db0f6a
2024-05-01T04:57:47,249  INFO [main] session.SessionState: Created HDFS directory: /tmp/hive/alex/3ff8f4d4-ca6f-4ac8-8bf5-5e5245db0f6a/_tmp_space.db
2024-05-01T04:57:47,249  INFO [main] sqlstd.SQLStdHiveAccessController: Created SQLStdHiveAccessController for session context : HiveAuthzSessionContext [sessionString=3ff8f4d4-ca6f-4ac8-8bf5-5e5245db0f6a, clientType=HIVESERVER2]
2024-05-01T04:57:47,250  INFO [main] metastore.HiveMetaStoreClient: HMS client filtering is enabled.
2024-05-01T04:57:47,250  INFO [main] metastore.HMSHandler: 0: Opening raw store with implementation class:org.apache.hadoop.hive.metastore.ObjectStore
2024-05-01T04:57:47,250  INFO [main] metastore.PersistenceManagerProvider: Configuration datanucleus.autoStartMechanismMode is not set. Defaulting to 'ignored'
2024-05-01T04:57:47,251  INFO [main] metastore.ObjectStore: RawStore: org.apache.hadoop.hive.metastore.ObjectStore@295f2d1b, with PersistenceManager: null will be shutdown
2024-05-01T04:57:47,251  INFO [main] metastore.ObjectStore: RawStore: org.apache.hadoop.hive.metastore.ObjectStore@295f2d1b, with PersistenceManager: org.datanucleus.api.jdo.JDOPersistenceManager@65015a49 created in the thread with id: 1
2024-05-01T04:57:47,253  INFO [main] metastore.HMSHandler: Created RawStore: org.apache.hadoop.hive.metastore.ObjectStore@295f2d1b from thread id: 1
2024-05-01T04:57:47,253  INFO [main] metastore.HMSHandler: HMS server filtering is disabled by configuration
2024-05-01T04:57:47,253  INFO [main] metastore.RetryingMetaStoreClient: RetryingMetaStoreClient proxy=class org.apache.hadoop.hive.ql.metadata.SessionHiveMetaStoreClient ugi=alex (auth:SIMPLE) retries=1 delay=1 lifetime=0
2024-05-01T04:57:47,254  INFO [main] service.CompositeService: Operation log root directory is created: /home/alex/Repositories/hive/beeline/target/tmp/alex/operation_logs
2024-05-01T04:57:47,254  INFO [main] service.CompositeService: HiveServer2: Background operation thread pool size: 100
2024-05-01T04:57:47,254  INFO [main] service.CompositeService: HiveServer2: Background operation thread wait queue size: 100
2024-05-01T04:57:47,254  INFO [main] service.CompositeService: HiveServer2: Background operation thread keepalive time: 10 seconds
2024-05-01T04:57:47,254  INFO [main] service.CompositeService: Connections limit are user: 0 ipaddress: 0 user-ipaddress: 0
2024-05-01T04:57:47,256  INFO [main] cleanup.EventualCleanupService: EventualCleanupService started with 10 threads and queue of size 10000
ERROR StatusLogger Log4j2 ConfigurationScheduler attempted to increment scheduled items after start
ERROR StatusLogger Log4j2 ConfigurationScheduler attempted to increment scheduled items after start
2024-05-01T04:57:47,257  INFO [main] service.AbstractService: Service:OperationManager is inited.
2024-05-01T04:57:47,257  INFO [main] service.AbstractService: Service:SessionManager is inited.
2024-05-01T04:57:47,257  INFO [main] service.AbstractService: Service:CLIService is inited.
2024-05-01T04:57:47,257  INFO [main] service.AbstractService: Service:OperationManager is started.
2024-05-01T04:57:47,257  INFO [main] service.AbstractService: Service:SessionManager is started.
2024-05-01T04:57:47,257  INFO [main] service.AbstractService: Service:CLIService is started.
2024-05-01T04:57:47,257  INFO [main] service.AbstractService: Service:ThriftBinaryCLIService is inited.
2024-05-01T04:57:47,258  INFO [main] thrift.ThriftCLIService: Client protocol version: HIVE_CLI_SERVICE_PROTOCOL_V10
2024-05-01T04:57:47,258  INFO [main] thrift.ThriftCLIService: Creating Hive session handle for user [null] from IP null
2024-05-01T04:57:47,259  INFO [main] DependencyResolver: ivysettings.xml file not found in HIVE_HOME or HIVE_CONF_DIR,/home/alex/Repositories/hive/conf/ivysettings.xml will be used
2024-05-01T04:57:47,266  INFO [main] session.SessionState: Created HDFS directory: /tmp/hive/alex/30e53f41-dd14-40f3-a443-1dd616df591d
2024-05-01T04:57:47,269  INFO [main] session.SessionState: Created local directory: /home/alex/Repositories/hive/beeline/target/tmp/alex/30e53f41-dd14-40f3-a443-1dd616df591d
2024-05-01T04:57:47,273  INFO [main] session.SessionState: Created HDFS directory: /tmp/hive/alex/30e53f41-dd14-40f3-a443-1dd616df591d/_tmp_space.db
2024-05-01T04:57:47,273  INFO [main] session.SessionState: Reloading auxiliary JAR files
2024-05-01T04:57:47,273  WARN [main] session.SessionState: Configuration hive.reloadable.aux.jars.path not specified
2024-05-01T04:57:47,273  INFO [main] HiveMetaStore.audit: ugi=alex	ip=unknown-ip-addr	cmd=Cleaning up thread local RawStore...	
2024-05-01T04:57:47,273  INFO [main] metastore.ObjectStore: RawStore: org.apache.hadoop.hive.metastore.ObjectStore@295f2d1b, with PersistenceManager: org.datanucleus.api.jdo.JDOPersistenceManager@65015a49 will be shutdown
2024-05-01T04:57:47,274  INFO [main] HiveMetaStore.audit: ugi=alex	ip=unknown-ip-addr	cmd=Done cleaning up thread local RawStore	
2024-05-01T04:57:47,274  INFO [main] metastore.HiveMetaStoreClient: Closed a connection to metastore, current connections: -24
2024-05-01T04:57:47,274  INFO [main] session.HiveSessionImpl: Operation log session directory is created: /home/alex/Repositories/hive/beeline/target/tmp/alex/operation_logs/30e53f41-dd14-40f3-a443-1dd616df591d
2024-05-01T04:57:47,274  INFO [main] service.CompositeService: Session opened, SessionHandle [30e53f41-dd14-40f3-a443-1dd616df591d], current sessions:1
2024-05-01T04:57:47,274  INFO [main] thrift.ThriftCLIService: Login attempt is successful for user : null
2024-05-01T04:57:47,321  WARN [main] conf.HiveConf: HiveConf of name hive.dummyparam.test.server.specific.config.override does not exist
2024-05-01T04:57:47,321  WARN [main] conf.HiveConf: HiveConf of name hive.dummyparam.test.server.specific.config.hiveserver2site does not exist
2024-05-01T04:57:47,321  WARN [main] conf.HiveConf: HiveConf of name hive.dummyparam.test.server.specific.config.metastoresite does not exist
2024-05-01T04:57:47,321  INFO [30e53f41-dd14-40f3-a443-1dd616df591d main] session.HiveSessionImpl: executing set
2024-05-01T04:57:47,322  INFO [30e53f41-dd14-40f3-a443-1dd616df591d main] operation.HiveCommandOperation: Putting temp output to file /home/alex/Repositories/hive/beeline/target/tmp/alex/30e53f41-dd14-40f3-a443-1dd616df591d6169434713377968776.pipeout and error output to file /home/alex/Repositories/hive/beeline/target/tmp/alex/30e53f41-dd14-40f3-a443-1dd616df591d2582321220571695769.pipeout
2024-05-01T04:57:47,322  INFO [30e53f41-dd14-40f3-a443-1dd616df591d main] operation.OperationManager: Adding operation: OperationHandle [opType=EXECUTE_STATEMENT, getHandleIdentifier()=3a0342fb-a354-4e03-a826-cf5ba3218455] SessionHandle [30e53f41-dd14-40f3-a443-1dd616df591d]
2024-05-01T04:57:47,322  INFO [30e53f41-dd14-40f3-a443-1dd616df591d main] common.LogUtils: Thread context registration is done.
DEBUG StatusLogger Building Plugin[name=filter, class=org.apache.hadoop.hive.ql.log.LogDivertAppender$NameFilter].
DEBUG StatusLogger createFilter(loggingLevel="EXECUTION")
DEBUG StatusLogger Building Plugin[name=layout, class=org.apache.logging.log4j.core.layout.PatternLayout].
DEBUG StatusLogger PatternLayout$Builder(pattern="%-5p : %m%n", PatternSelector=null, Configuration(HiveLog4j2Test), Replace=null, charset="null", alwaysWriteExceptions="null", disableAnsi="null", noConsoleNoAnsi="null", header="null", footer="null")
DEBUG StatusLogger Building Plugin[name=appender, class=org.apache.hadoop.hive.ql.log.HushableRandomAccessFileAppender].
DEBUG StatusLogger createAppender(fileName="/home/alex/Repositories/hive/beeline/target/tmp/alex/operation_logs/30e53f41-dd14-40f3-a443-1dd616df591d/alex_20240501045747_83e8f07f-851f-4be6-86c6-0c96f840c9ed", append="null", name="query-file-appender", immediateFlush="null", bufferSize="null", ignoreExceptions="null", PatternLayout(org.apache.logging.log4j.core.layout.PatternLayout with name PatternLayout), NameFilter(org.apache.hadoop.hive.ql.log.LogDivertAppender$NameFilter with name NameFilter), advertise="null", advertiseURI="null", Configuration(HiveLog4j2Test))
DEBUG StatusLogger Starting RandomAccessFileManager /home/alex/Repositories/hive/beeline/target/tmp/alex/operation_logs/30e53f41-dd14-40f3-a443-1dd616df591d/alex_20240501045747_83e8f07f-851f-4be6-86c6-0c96f840c9ed
DEBUG StatusLogger Building Plugin[name=, class=org.apache.hadoop.hive.ql.log.LogDivertAppenderForTest$TestFilter].
DEBUG StatusLogger createFilter()
DEBUG StatusLogger Building Plugin[name=, class=org.apache.logging.log4j.core.layout.PatternLayout].
DEBUG StatusLogger PatternLayout$Builder(pattern="%-5p : %m%n", PatternSelector=null, Configuration(HiveLog4j2Test), Replace=null, charset="null", alwaysWriteExceptions="null", disableAnsi="null", noConsoleNoAnsi="null", header="null", footer="null")
DEBUG StatusLogger Building Plugin[name=appender, class=org.apache.hadoop.hive.ql.log.HushableRandomAccessFileAppender].
DEBUG StatusLogger createAppender(fileName="/home/alex/Repositories/hive/beeline/target/tmp/alex/operation_logs/30e53f41-dd14-40f3-a443-1dd616df591d/alex_20240501045747_83e8f07f-851f-4be6-86c6-0c96f840c9ed.test", append="null", name="test-query-file-appender", immediateFlush="null", bufferSize="null", ignoreExceptions="null", PatternLayout(org.apache.logging.log4j.core.layout.PatternLayout with name PatternLayout), test-filter(org.apache.hadoop.hive.ql.log.LogDivertAppenderForTest$TestFilter with name test-filter), advertise="null", advertiseURI="null", Configuration(HiveLog4j2Test))
DEBUG StatusLogger Starting RandomAccessFileManager /home/alex/Repositories/hive/beeline/target/tmp/alex/operation_logs/30e53f41-dd14-40f3-a443-1dd616df591d/alex_20240501045747_83e8f07f-851f-4be6-86c6-0c96f840c9ed.test
2024-05-01T04:57:47,326  INFO [30e53f41-dd14-40f3-a443-1dd616df591d main] operation.HiveCommandOperation: [opType=EXECUTE_STATEMENT, queryId=alex_20240501045747_83e8f07f-851f-4be6-86c6-0c96f840c9ed, startTime=1714564667322, sessionId=30e53f41-dd14-40f3-a443-1dd616df591d, createTime=1714564667258, userName=null, ipAddress=null]
2024-05-01T04:57:47,334  INFO [30e53f41-dd14-40f3-a443-1dd616df591d main] common.LogUtils: Unregistered logging context.
2024-05-01T04:57:47,337  INFO [30e53f41-dd14-40f3-a443-1dd616df591d main] operation.OperationManager: Closing operation: OperationHandle [opType=EXECUTE_STATEMENT, getHandleIdentifier()=3a0342fb-a354-4e03-a826-cf5ba3218455]
2024-05-01T04:57:47,337  INFO [30e53f41-dd14-40f3-a443-1dd616df591d main] operation.OperationManager: Removed queryId: alex_20240501045747_83e8f07f-851f-4be6-86c6-0c96f840c9ed corresponding to operation: OperationHandle [opType=EXECUTE_STATEMENT, getHandleIdentifier()=3a0342fb-a354-4e03-a826-cf5ba3218455] with tag: null
2024-05-01T04:57:47,338  INFO [30e53f41-dd14-40f3-a443-1dd616df591d main] operation.HiveCommandOperation: Closing operation log /home/alex/Repositories/hive/beeline/target/tmp/alex/operation_logs/30e53f41-dd14-40f3-a443-1dd616df591d/alex_20240501045747_83e8f07f-851f-4be6-86c6-0c96f840c9ed without delay
2024-05-01T04:57:47,340  INFO [30e53f41-dd14-40f3-a443-1dd616df591d main] session.HiveSessionImpl: executing show tables
2024-05-01T04:57:47,341  INFO [30e53f41-dd14-40f3-a443-1dd616df591d main] operation.OperationManager: Adding operation: OperationHandle [opType=EXECUTE_STATEMENT, getHandleIdentifier()=3cc3fb6f-35ee-49e3-958b-e87dd88081ce] SessionHandle [30e53f41-dd14-40f3-a443-1dd616df591d]
2024-05-01T04:57:47,341  INFO [30e53f41-dd14-40f3-a443-1dd616df591d main] common.LogUtils: Thread context registration is done.
DEBUG StatusLogger Building Plugin[name=filter, class=org.apache.hadoop.hive.ql.log.LogDivertAppender$NameFilter].
DEBUG StatusLogger createFilter(loggingLevel="EXECUTION")
DEBUG StatusLogger Building Plugin[name=layout, class=org.apache.logging.log4j.core.layout.PatternLayout].
DEBUG StatusLogger PatternLayout$Builder(pattern="%-5p : %m%n", PatternSelector=null, Configuration(HiveLog4j2Test), Replace=null, charset="null", alwaysWriteExceptions="null", disableAnsi="null", noConsoleNoAnsi="null", header="null", footer="null")
DEBUG StatusLogger Building Plugin[name=appender, class=org.apache.hadoop.hive.ql.log.HushableRandomAccessFileAppender].
DEBUG StatusLogger createAppender(fileName="/home/alex/Repositories/hive/beeline/target/tmp/alex/operation_logs/30e53f41-dd14-40f3-a443-1dd616df591d/alex_20240501045747_420ec66c-a07f-44e4-a08c-947a744d6d8c", append="null", name="query-file-appender", immediateFlush="null", bufferSize="null", ignoreExceptions="null", PatternLayout(org.apache.logging.log4j.core.layout.PatternLayout with name PatternLayout), NameFilter(org.apache.hadoop.hive.ql.log.LogDivertAppender$NameFilter with name NameFilter), advertise="null", advertiseURI="null", Configuration(HiveLog4j2Test))
DEBUG StatusLogger Starting RandomAccessFileManager /home/alex/Repositories/hive/beeline/target/tmp/alex/operation_logs/30e53f41-dd14-40f3-a443-1dd616df591d/alex_20240501045747_420ec66c-a07f-44e4-a08c-947a744d6d8c
DEBUG StatusLogger Building Plugin[name=, class=org.apache.hadoop.hive.ql.log.LogDivertAppenderForTest$TestFilter].
DEBUG StatusLogger createFilter()
DEBUG StatusLogger Building Plugin[name=, class=org.apache.logging.log4j.core.layout.PatternLayout].
DEBUG StatusLogger PatternLayout$Builder(pattern="%-5p : %m%n", PatternSelector=null, Configuration(HiveLog4j2Test), Replace=null, charset="null", alwaysWriteExceptions="null", disableAnsi="null", noConsoleNoAnsi="null", header="null", footer="null")
DEBUG StatusLogger Building Plugin[name=appender, class=org.apache.hadoop.hive.ql.log.HushableRandomAccessFileAppender].
DEBUG StatusLogger createAppender(fileName="/home/alex/Repositories/hive/beeline/target/tmp/alex/operation_logs/30e53f41-dd14-40f3-a443-1dd616df591d/alex_20240501045747_420ec66c-a07f-44e4-a08c-947a744d6d8c.test", append="null", name="test-query-file-appender", immediateFlush="null", bufferSize="null", ignoreExceptions="null", PatternLayout(org.apache.logging.log4j.core.layout.PatternLayout with name PatternLayout), test-filter(org.apache.hadoop.hive.ql.log.LogDivertAppenderForTest$TestFilter with name test-filter), advertise="null", advertiseURI="null", Configuration(HiveLog4j2Test))
DEBUG StatusLogger Starting RandomAccessFileManager /home/alex/Repositories/hive/beeline/target/tmp/alex/operation_logs/30e53f41-dd14-40f3-a443-1dd616df591d/alex_20240501045747_420ec66c-a07f-44e4-a08c-947a744d6d8c.test
2024-05-01T04:57:47,344  INFO [30e53f41-dd14-40f3-a443-1dd616df591d main] operation.SQLOperation: [opType=EXECUTE_STATEMENT, queryId=alex_20240501045747_420ec66c-a07f-44e4-a08c-947a744d6d8c, startTime=1714564667340, sessionId=30e53f41-dd14-40f3-a443-1dd616df591d, createTime=1714564667258, userName=null, ipAddress=null]
2024-05-01T04:57:47,345  INFO [30e53f41-dd14-40f3-a443-1dd616df591d main] ql.Driver: Compiling command(queryId=alex_20240501045747_420ec66c-a07f-44e4-a08c-947a744d6d8c): show tables
2024-05-01T04:57:47,346  INFO [30e53f41-dd14-40f3-a443-1dd616df591d main] metastore.HiveMetaStoreClient: HMS client filtering is enabled.
2024-05-01T04:57:47,346  INFO [30e53f41-dd14-40f3-a443-1dd616df591d main] metastore.HMSHandler: 0: Opening raw store with implementation class:org.apache.hadoop.hive.metastore.ObjectStore
2024-05-01T04:57:47,346  INFO [30e53f41-dd14-40f3-a443-1dd616df591d main] metastore.PersistenceManagerProvider: Configuration datanucleus.autoStartMechanismMode is not set. Defaulting to 'ignored'
2024-05-01T04:57:47,347  INFO [30e53f41-dd14-40f3-a443-1dd616df591d main] metastore.ObjectStore: RawStore: org.apache.hadoop.hive.metastore.ObjectStore@290807e5, with PersistenceManager: null will be shutdown
2024-05-01T04:57:47,347  INFO [30e53f41-dd14-40f3-a443-1dd616df591d main] metastore.ObjectStore: RawStore: org.apache.hadoop.hive.metastore.ObjectStore@290807e5, with PersistenceManager: org.datanucleus.api.jdo.JDOPersistenceManager@60bc308b created in the thread with id: 1
2024-05-01T04:57:47,349  INFO [30e53f41-dd14-40f3-a443-1dd616df591d main] metastore.HMSHandler: Created RawStore: org.apache.hadoop.hive.metastore.ObjectStore@290807e5 from thread id: 1
2024-05-01T04:57:47,349  INFO [30e53f41-dd14-40f3-a443-1dd616df591d main] metastore.HMSHandler: HMS server filtering is disabled by configuration
2024-05-01T04:57:47,349  INFO [30e53f41-dd14-40f3-a443-1dd616df591d main] metastore.RetryingMetaStoreClient: RetryingMetaStoreClient proxy=class org.apache.hadoop.hive.ql.metadata.SessionHiveMetaStoreClient ugi=alex (auth:SIMPLE) retries=1 delay=1 lifetime=0
2024-05-01T04:57:47,353  INFO [30e53f41-dd14-40f3-a443-1dd616df591d main] HiveMetaStore.audit: ugi=alex	ip=unknown-ip-addr	cmd=get_database: default	
2024-05-01T04:57:47,354  INFO [30e53f41-dd14-40f3-a443-1dd616df591d main] ql.Driver: Semantic Analysis Completed (retrial = false)
2024-05-01T04:57:47,354  INFO [30e53f41-dd14-40f3-a443-1dd616df591d main] ql.Driver: Created Hive schema: Schema(fieldSchemas:[FieldSchema(name:tab_name, type:string, comment:from deserializer)], properties:null)
2024-05-01T04:57:47,355  INFO [30e53f41-dd14-40f3-a443-1dd616df591d main] exec.ListSinkOperator: Initializing Operator: LIST_SINK[0]
2024-05-01T04:57:47,355  INFO [30e53f41-dd14-40f3-a443-1dd616df591d main] metadata.Hive: Dumping metastore api call timing information for : compilation phase
2024-05-01T04:57:47,355  INFO [30e53f41-dd14-40f3-a443-1dd616df591d main] metadata.Hive: Total time spent in each metastore function (ms): {isCompatibleWith_(Configuration)=0, getDatabase_(String)=1, flushCache_()=0}
2024-05-01T04:57:47,355  INFO [30e53f41-dd14-40f3-a443-1dd616df591d main] ql.Driver: Completed compiling command(queryId=alex_20240501045747_420ec66c-a07f-44e4-a08c-947a744d6d8c); Time taken: 0.01 seconds
2024-05-01T04:57:47,356  INFO [30e53f41-dd14-40f3-a443-1dd616df591d main] common.LogUtils: Unregistered logging context.
2024-05-01T04:57:47,356  INFO [HiveServer2-Background-Pool: Thread-413] common.LogUtils: Thread context registration is done.
2024-05-01T04:57:47,356  INFO [HiveServer2-Background-Pool: Thread-413] reexec.ReExecDriver: Execution #1 of query
2024-05-01T04:57:47,357  INFO [HiveServer2-Background-Pool: Thread-413] ql.Driver: Concurrency mode is disabled, not creating a lock manager
2024-05-01T04:57:47,357  INFO [HiveServer2-Background-Pool: Thread-413] ql.Driver: Executing command(queryId=alex_20240501045747_420ec66c-a07f-44e4-a08c-947a744d6d8c): show tables
2024-05-01T04:57:47,357  INFO [HiveServer2-Background-Pool: Thread-413] ql.Driver: Starting task [Stage-0:DDL] in serial mode
2024-05-01T04:57:47,358  INFO [HiveServer2-Background-Pool: Thread-413] HiveMetaStore.audit: ugi=alex	ip=unknown-ip-addr	cmd=get_database: default	
2024-05-01T04:57:47,359  INFO [HiveServer2-Background-Pool: Thread-413] metastore.HMSHandler: 22: Opening raw store with implementation class:org.apache.hadoop.hive.metastore.ObjectStore
2024-05-01T04:57:47,359  INFO [HiveServer2-Background-Pool: Thread-413] metastore.ObjectStore: RawStore: org.apache.hadoop.hive.metastore.ObjectStore@34b9dfc4, with PersistenceManager: null will be shutdown
2024-05-01T04:57:47,360  INFO [HiveServer2-Background-Pool: Thread-413] metastore.ObjectStore: RawStore: org.apache.hadoop.hive.metastore.ObjectStore@34b9dfc4, with PersistenceManager: org.datanucleus.api.jdo.JDOPersistenceManager@71bb5737 created in the thread with id: 413
2024-05-01T04:57:47,363  INFO [HiveServer2-Background-Pool: Thread-413] metastore.HMSHandler: Created RawStore: org.apache.hadoop.hive.metastore.ObjectStore@34b9dfc4 from thread id: 413
2024-05-01T04:57:47,364  INFO [HiveServer2-Background-Pool: Thread-413] HiveMetaStore.audit: ugi=alex	ip=unknown-ip-addr	cmd=get_multi_table : db=default tbls=null	
2024-05-01T04:57:47,367  INFO [HiveServer2-Background-Pool: Thread-413] sqlstd.SQLStdHiveAccessController: Created SQLStdHiveAccessController for session context : HiveAuthzSessionContext [sessionString=30e53f41-dd14-40f3-a443-1dd616df591d, clientType=HIVESERVER2]
2024-05-01T04:57:47,374  INFO [HiveServer2-Background-Pool: Thread-413] metadata.Hive: Dumping metastore api call timing information for : execution phase
2024-05-01T04:57:47,374  INFO [HiveServer2-Background-Pool: Thread-413] metadata.Hive: Total time spent in each metastore function (ms): {isCompatibleWith_(Configuration)=1, getDatabase_(String)=5, getTables_(String, String)=4}
2024-05-01T04:57:47,374  INFO [HiveServer2-Background-Pool: Thread-413] ql.Driver: Completed executing command(queryId=alex_20240501045747_420ec66c-a07f-44e4-a08c-947a744d6d8c); Time taken: 0.017 seconds
2024-05-01T04:57:47,375  INFO [HiveServer2-Background-Pool: Thread-413] common.LogUtils: Unregistered logging context.
2024-05-01T04:57:47,377  INFO [30e53f41-dd14-40f3-a443-1dd616df591d main] operation.OperationManager: Closing operation: OperationHandle [opType=EXECUTE_STATEMENT, getHandleIdentifier()=3cc3fb6f-35ee-49e3-958b-e87dd88081ce]
2024-05-01T04:57:47,377  INFO [30e53f41-dd14-40f3-a443-1dd616df591d main] operation.OperationManager: Removed queryId: alex_20240501045747_420ec66c-a07f-44e4-a08c-947a744d6d8c corresponding to operation: OperationHandle [opType=EXECUTE_STATEMENT, getHandleIdentifier()=3cc3fb6f-35ee-49e3-958b-e87dd88081ce] with tag: null
2024-05-01T04:57:47,377  INFO [30e53f41-dd14-40f3-a443-1dd616df591d main] ql.Context: Deleting scratch dir: file:/home/alex/Repositories/hive/beeline/target/tmp/alex/30e53f41-dd14-40f3-a443-1dd616df591d/hive_2024-05-01_04-57-47_345_9090238207521883662-1
2024-05-01T04:57:47,377  INFO [30e53f41-dd14-40f3-a443-1dd616df591d main] cleanup.EventualCleanupService: Delete file:/home/alex/Repositories/hive/beeline/target/tmp/alex/30e53f41-dd14-40f3-a443-1dd616df591d/hive_2024-05-01_04-57-47_345_9090238207521883662-1 operation was queued
2024-05-01T04:57:47,377  INFO [30e53f41-dd14-40f3-a443-1dd616df591d main] exec.ListSinkOperator: Closing Operator: LIST_SINK[0]
2024-05-01T04:57:47,378  INFO [30e53f41-dd14-40f3-a443-1dd616df591d main] exec.ListSinkOperator: RECORDS_OUT_INTERMEDIATE:0, RECORDS_OUT_OPERATOR_LIST_SINK_0:0, 
2024-05-01T04:57:47,378  INFO [30e53f41-dd14-40f3-a443-1dd616df591d main] operation.SQLOperation: Closing operation log /home/alex/Repositories/hive/beeline/target/tmp/alex/operation_logs/30e53f41-dd14-40f3-a443-1dd616df591d/alex_20240501045747_420ec66c-a07f-44e4-a08c-947a744d6d8c without delay
2024-05-01T04:57:47,378  INFO [main] service.CompositeService: Session closed, SessionHandle [30e53f41-dd14-40f3-a443-1dd616df591d], current sessions:0
2024-05-01T04:57:47,378  INFO [EventualCleanupService thread 0] cleanup.EventualCleanupService: Deleted file:/home/alex/Repositories/hive/beeline/target/tmp/alex/30e53f41-dd14-40f3-a443-1dd616df591d/hive_2024-05-01_04-57-47_345_9090238207521883662-1
2024-05-01T04:57:47,378  INFO [30e53f41-dd14-40f3-a443-1dd616df591d main] session.HiveSessionImpl: Operation log session directory is deleted: /home/alex/Repositories/hive/beeline/target/tmp/alex/operation_logs/30e53f41-dd14-40f3-a443-1dd616df591d
2024-05-01T04:57:47,378  INFO [main] cleanup.EventualCleanupService: Delete /tmp/hive/alex/30e53f41-dd14-40f3-a443-1dd616df591d operation was queued
2024-05-01T04:57:47,378  INFO [main] cleanup.EventualCleanupService: Delete /home/alex/Repositories/hive/beeline/target/tmp/alex/30e53f41-dd14-40f3-a443-1dd616df591d operation was queued
2024-05-01T04:57:47,379  INFO [EventualCleanupService thread 2] cleanup.EventualCleanupService: Deleted /home/alex/Repositories/hive/beeline/target/tmp/alex/30e53f41-dd14-40f3-a443-1dd616df591d
2024-05-01T04:57:47,379  INFO [EventualCleanupService thread 1] cleanup.EventualCleanupService: Deleted /tmp/hive/alex/30e53f41-dd14-40f3-a443-1dd616df591d
2024-05-01T04:57:47,379  INFO [main] HiveMetaStore.audit: ugi=alex	ip=unknown-ip-addr	cmd=Cleaning up thread local RawStore...	
2024-05-01T04:57:47,379  INFO [main] metastore.ObjectStore: RawStore: org.apache.hadoop.hive.metastore.ObjectStore@290807e5, with PersistenceManager: org.datanucleus.api.jdo.JDOPersistenceManager@60bc308b will be shutdown
2024-05-01T04:57:47,379  INFO [main] HiveMetaStore.audit: ugi=alex	ip=unknown-ip-addr	cmd=Done cleaning up thread local RawStore	
2024-05-01T04:57:47,380  INFO [main] metastore.HiveMetaStoreClient: Closed a connection to metastore, current connections: -25
2024-05-01T04:57:47,380 ERROR [main] cli.TestHiveCli: Failed due to the error:Connecting to jdbc:hive2://
Hive Session ID = 3ff8f4d4-ca6f-4ac8-8bf5-5e5245db0f6a
ivysettings.xml file not found in HIVE_HOME or HIVE_CONF_DIR,/home/alex/Repositories/hive/conf/ivysettings.xml will be used
ivysettings.xml file not found in HIVE_HOME or HIVE_CONF_DIR,/home/alex/Repositories/hive/conf/ivysettings.xml will be used
Connected to: Apache Hive (version 4.0.0-SNAPSHOT)
Error: Couldn't load manifest attributes. (state=,code=0)
Transaction isolation: TRANSACTION_REPEATABLE_READ
INFO  : Compiling command(queryId=alex_20240501045747_420ec66c-a07f-44e4-a08c-947a744d6d8c): show tables
INFO  : Semantic Analysis Completed (retrial = false)
INFO  : Created Hive schema: Schema(fieldSchemas:[FieldSchema(name:tab_name, type:string, comment:from deserializer)], properties:null)
INFO  : Completed compiling command(queryId=alex_20240501045747_420ec66c-a07f-44e4-a08c-947a744d6d8c); Time taken: 0.01 seconds
INFO  : Concurrency mode is disabled, not creating a lock manager
INFO  : Executing command(queryId=alex_20240501045747_420ec66c-a07f-44e4-a08c-947a744d6d8c): show tables
INFO  : Starting task [Stage-0:DDL] in serial mode
DEBUG : Task getting executed using mapred tag : alex_20240501045747_420ec66c-a07f-44e4-a08c-947a744d6d8c,userid=null
INFO  : Completed executing command(queryId=alex_20240501045747_420ec66c-a07f-44e4-a08c-947a744d6d8c); Time taken: 0.017 seconds
DEBUG : Shutting down query show tables
Error: Failed to wait for operation to complete (state=08S01,code=0)
Closing: 0: jdbc:hive2://

]]></system-err>
  </testcase>
  <testcase name="testUseInvalidDB" classname="org.apache.hive.beeline.cli.TestHiveCli" time="0.27"/>
  <testcase name="testErrOutput" classname="org.apache.hive.beeline.cli.TestHiveCli" time="0.226"/>
  <testcase name="testSqlFromCmdWithComments1" classname="org.apache.hive.beeline.cli.TestHiveCli" time="0.221">
    <failure type="java.lang.AssertionError"><![CDATA[java.lang.AssertionError: Supported return code is 0 while the actual is 1
	at org.junit.Assert.fail(Assert.java:89)
	at org.apache.hive.beeline.cli.TestHiveCli.executeCMD(TestHiveCli.java:256)
	at org.apache.hive.beeline.cli.TestHiveCli.verifyCMD(TestHiveCli.java:266)
	at org.apache.hive.beeline.cli.TestHiveCli.testSqlFromCmdWithComments1(TestHiveCli.java:150)
	at sun.reflect.NativeMethodAccessorImpl.invoke0(Native Method)
	at sun.reflect.NativeMethodAccessorImpl.invoke(NativeMethodAccessorImpl.java:62)
	at sun.reflect.DelegatingMethodAccessorImpl.invoke(DelegatingMethodAccessorImpl.java:43)
	at java.lang.reflect.Method.invoke(Method.java:498)
	at org.junit.runners.model.FrameworkMethod$1.runReflectiveCall(FrameworkMethod.java:59)
	at org.junit.internal.runners.model.ReflectiveCallable.run(ReflectiveCallable.java:12)
	at org.junit.runners.model.FrameworkMethod.invokeExplosively(FrameworkMethod.java:56)
	at org.junit.internal.runners.statements.InvokeMethod.evaluate(InvokeMethod.java:17)
	at org.junit.internal.runners.statements.RunBefores.evaluate(RunBefores.java:26)
	at org.junit.internal.runners.statements.RunAfters.evaluate(RunAfters.java:27)
	at org.junit.runners.ParentRunner$3.evaluate(ParentRunner.java:306)
	at org.junit.runners.BlockJUnit4ClassRunner$1.evaluate(BlockJUnit4ClassRunner.java:100)
	at org.junit.runners.ParentRunner.runLeaf(ParentRunner.java:366)
	at org.junit.runners.BlockJUnit4ClassRunner.runChild(BlockJUnit4ClassRunner.java:103)
	at org.junit.runners.BlockJUnit4ClassRunner.runChild(BlockJUnit4ClassRunner.java:63)
	at org.junit.runners.ParentRunner$4.run(ParentRunner.java:331)
	at org.junit.runners.ParentRunner$1.schedule(ParentRunner.java:79)
	at org.junit.runners.ParentRunner.runChildren(ParentRunner.java:329)
	at org.junit.runners.ParentRunner.access$100(ParentRunner.java:66)
	at org.junit.runners.ParentRunner$2.evaluate(ParentRunner.java:293)
	at org.junit.internal.runners.statements.RunBefores.evaluate(RunBefores.java:26)
	at org.junit.runners.ParentRunner$3.evaluate(ParentRunner.java:306)
	at org.junit.runners.ParentRunner.run(ParentRunner.java:413)
	at org.junit.runner.JUnitCore.run(JUnitCore.java:137)
	at org.junit.runner.JUnitCore.run(JUnitCore.java:115)
	at org.junit.vintage.engine.execution.RunnerExecutor.execute(RunnerExecutor.java:43)
	at java.util.stream.ForEachOps$ForEachOp$OfRef.accept(ForEachOps.java:183)
	at java.util.stream.ReferencePipeline$3$1.accept(ReferencePipeline.java:193)
	at java.util.Iterator.forEachRemaining(Iterator.java:116)
	at java.util.Spliterators$IteratorSpliterator.forEachRemaining(Spliterators.java:1801)
	at java.util.stream.AbstractPipeline.copyInto(AbstractPipeline.java:482)
	at java.util.stream.AbstractPipeline.wrapAndCopyInto(AbstractPipeline.java:472)
	at java.util.stream.ForEachOps$ForEachOp.evaluateSequential(ForEachOps.java:150)
	at java.util.stream.ForEachOps$ForEachOp$OfRef.evaluateSequential(ForEachOps.java:173)
	at java.util.stream.AbstractPipeline.evaluate(AbstractPipeline.java:234)
	at java.util.stream.ReferencePipeline.forEach(ReferencePipeline.java:485)
	at org.junit.vintage.engine.VintageTestEngine.executeAllChildren(VintageTestEngine.java:82)
	at org.junit.vintage.engine.VintageTestEngine.execute(VintageTestEngine.java:73)
	at org.junit.platform.launcher.core.DefaultLauncher.execute(DefaultLauncher.java:248)
	at org.junit.platform.launcher.core.DefaultLauncher.lambda$execute$5(DefaultLauncher.java:211)
	at org.junit.platform.launcher.core.DefaultLauncher.withInterceptedStreams(DefaultLauncher.java:226)
	at org.junit.platform.launcher.core.DefaultLauncher.execute(DefaultLauncher.java:199)
	at org.junit.platform.launcher.core.DefaultLauncher.execute(DefaultLauncher.java:132)
	at org.apache.maven.surefire.junitplatform.JUnitPlatformProvider.invokeAllTests(JUnitPlatformProvider.java:154)
	at org.apache.maven.surefire.junitplatform.JUnitPlatformProvider.invoke(JUnitPlatformProvider.java:123)
	at org.apache.maven.surefire.booter.ForkedBooter.runSuitesInProcess(ForkedBooter.java:377)
	at org.apache.maven.surefire.booter.ForkedBooter.execute(ForkedBooter.java:138)
	at org.apache.maven.surefire.booter.ForkedBooter.run(ForkedBooter.java:465)
	at org.apache.maven.surefire.booter.ForkedBooter.main(ForkedBooter.java:451)
]]></failure>
    <system-err><![CDATA[2024-05-01T04:57:47,877 ERROR [main] cli.TestHiveCli: Failed to execute command due to the error: java.lang.NullPointerException: Null output stream
2024-05-01T04:57:47,937  WARN [main] conf.HiveConf: HiveConf of name hive.dummyparam.test.server.specific.config.override does not exist
2024-05-01T04:57:47,937  WARN [main] conf.HiveConf: HiveConf of name hive.dummyparam.test.server.specific.config.hiveserver2site does not exist
2024-05-01T04:57:47,937  WARN [main] conf.HiveConf: HiveConf of name hive.dummyparam.test.server.specific.config.metastoresite does not exist
2024-05-01T04:57:47,937  INFO [main] SessionState: Hive Session ID = d9994dda-a7b9-429c-8377-ec9e310077a2
2024-05-01T04:57:47,938  INFO [main] DependencyResolver: ivysettings.xml file not found in HIVE_HOME or HIVE_CONF_DIR,/home/alex/Repositories/hive/conf/ivysettings.xml will be used
2024-05-01T04:57:47,946  INFO [main] session.SessionState: Created HDFS directory: /tmp/hive/alex/d9994dda-a7b9-429c-8377-ec9e310077a2
2024-05-01T04:57:47,949  INFO [main] session.SessionState: Created local directory: /home/alex/Repositories/hive/beeline/target/tmp/alex/d9994dda-a7b9-429c-8377-ec9e310077a2
2024-05-01T04:57:47,952  INFO [main] session.SessionState: Created HDFS directory: /tmp/hive/alex/d9994dda-a7b9-429c-8377-ec9e310077a2/_tmp_space.db
2024-05-01T04:57:47,953  INFO [main] sqlstd.SQLStdHiveAccessController: Created SQLStdHiveAccessController for session context : HiveAuthzSessionContext [sessionString=d9994dda-a7b9-429c-8377-ec9e310077a2, clientType=HIVESERVER2]
2024-05-01T04:57:47,954  INFO [main] metastore.HiveMetaStoreClient: HMS client filtering is enabled.
2024-05-01T04:57:47,954  INFO [main] metastore.HMSHandler: 0: Opening raw store with implementation class:org.apache.hadoop.hive.metastore.ObjectStore
2024-05-01T04:57:47,955  INFO [main] metastore.PersistenceManagerProvider: Configuration datanucleus.autoStartMechanismMode is not set. Defaulting to 'ignored'
2024-05-01T04:57:47,955  INFO [main] metastore.ObjectStore: RawStore: org.apache.hadoop.hive.metastore.ObjectStore@7f1ad846, with PersistenceManager: null will be shutdown
2024-05-01T04:57:47,955  INFO [main] metastore.ObjectStore: RawStore: org.apache.hadoop.hive.metastore.ObjectStore@7f1ad846, with PersistenceManager: org.datanucleus.api.jdo.JDOPersistenceManager@5d5ae6aa created in the thread with id: 1
2024-05-01T04:57:47,958  INFO [main] metastore.HMSHandler: Created RawStore: org.apache.hadoop.hive.metastore.ObjectStore@7f1ad846 from thread id: 1
2024-05-01T04:57:47,959  INFO [main] metastore.HMSHandler: HMS server filtering is disabled by configuration
2024-05-01T04:57:47,959  INFO [main] metastore.RetryingMetaStoreClient: RetryingMetaStoreClient proxy=class org.apache.hadoop.hive.ql.metadata.SessionHiveMetaStoreClient ugi=alex (auth:SIMPLE) retries=1 delay=1 lifetime=0
2024-05-01T04:57:47,959  INFO [main] service.CompositeService: Operation log root directory is created: /home/alex/Repositories/hive/beeline/target/tmp/alex/operation_logs
2024-05-01T04:57:47,959  INFO [main] service.CompositeService: HiveServer2: Background operation thread pool size: 100
2024-05-01T04:57:47,959  INFO [main] service.CompositeService: HiveServer2: Background operation thread wait queue size: 100
2024-05-01T04:57:47,959  INFO [main] service.CompositeService: HiveServer2: Background operation thread keepalive time: 10 seconds
2024-05-01T04:57:47,959  INFO [main] service.CompositeService: Connections limit are user: 0 ipaddress: 0 user-ipaddress: 0
2024-05-01T04:57:47,965  INFO [main] cleanup.EventualCleanupService: EventualCleanupService started with 10 threads and queue of size 10000
ERROR StatusLogger Log4j2 ConfigurationScheduler attempted to increment scheduled items after start
ERROR StatusLogger Log4j2 ConfigurationScheduler attempted to increment scheduled items after start
2024-05-01T04:57:47,966  INFO [main] service.AbstractService: Service:OperationManager is inited.
2024-05-01T04:57:47,966  INFO [main] service.AbstractService: Service:SessionManager is inited.
2024-05-01T04:57:47,966  INFO [main] service.AbstractService: Service:CLIService is inited.
2024-05-01T04:57:47,966  INFO [main] service.AbstractService: Service:OperationManager is started.
2024-05-01T04:57:47,966  INFO [main] service.AbstractService: Service:SessionManager is started.
2024-05-01T04:57:47,966  INFO [main] service.AbstractService: Service:CLIService is started.
2024-05-01T04:57:47,966  INFO [main] service.AbstractService: Service:ThriftBinaryCLIService is inited.
2024-05-01T04:57:47,966  INFO [main] thrift.ThriftCLIService: Client protocol version: HIVE_CLI_SERVICE_PROTOCOL_V10
2024-05-01T04:57:47,967  INFO [main] thrift.ThriftCLIService: Creating Hive session handle for user [null] from IP null
2024-05-01T04:57:47,968  INFO [main] DependencyResolver: ivysettings.xml file not found in HIVE_HOME or HIVE_CONF_DIR,/home/alex/Repositories/hive/conf/ivysettings.xml will be used
2024-05-01T04:57:47,975  INFO [main] session.SessionState: Created HDFS directory: /tmp/hive/alex/ad5f1c48-c160-4367-a2df-9a4cc67407c6
2024-05-01T04:57:47,979  INFO [main] session.SessionState: Created local directory: /home/alex/Repositories/hive/beeline/target/tmp/alex/ad5f1c48-c160-4367-a2df-9a4cc67407c6
2024-05-01T04:57:47,983  INFO [main] session.SessionState: Created HDFS directory: /tmp/hive/alex/ad5f1c48-c160-4367-a2df-9a4cc67407c6/_tmp_space.db
2024-05-01T04:57:47,983  INFO [main] session.SessionState: Reloading auxiliary JAR files
2024-05-01T04:57:47,983  WARN [main] session.SessionState: Configuration hive.reloadable.aux.jars.path not specified
2024-05-01T04:57:47,983  INFO [main] HiveMetaStore.audit: ugi=alex	ip=unknown-ip-addr	cmd=Cleaning up thread local RawStore...	
2024-05-01T04:57:47,983  INFO [main] metastore.ObjectStore: RawStore: org.apache.hadoop.hive.metastore.ObjectStore@7f1ad846, with PersistenceManager: org.datanucleus.api.jdo.JDOPersistenceManager@5d5ae6aa will be shutdown
2024-05-01T04:57:47,983  INFO [main] HiveMetaStore.audit: ugi=alex	ip=unknown-ip-addr	cmd=Done cleaning up thread local RawStore	
2024-05-01T04:57:47,984  INFO [main] metastore.HiveMetaStoreClient: Closed a connection to metastore, current connections: -30
2024-05-01T04:57:47,984  INFO [main] session.HiveSessionImpl: Operation log session directory is created: /home/alex/Repositories/hive/beeline/target/tmp/alex/operation_logs/ad5f1c48-c160-4367-a2df-9a4cc67407c6
2024-05-01T04:57:47,984  INFO [main] service.CompositeService: Session opened, SessionHandle [ad5f1c48-c160-4367-a2df-9a4cc67407c6], current sessions:1
2024-05-01T04:57:47,984  INFO [main] thrift.ThriftCLIService: Login attempt is successful for user : null
2024-05-01T04:57:48,036  WARN [main] conf.HiveConf: HiveConf of name hive.dummyparam.test.server.specific.config.override does not exist
2024-05-01T04:57:48,036  WARN [main] conf.HiveConf: HiveConf of name hive.dummyparam.test.server.specific.config.hiveserver2site does not exist
2024-05-01T04:57:48,036  WARN [main] conf.HiveConf: HiveConf of name hive.dummyparam.test.server.specific.config.metastoresite does not exist
2024-05-01T04:57:48,036  INFO [ad5f1c48-c160-4367-a2df-9a4cc67407c6 main] session.HiveSessionImpl: executing set
2024-05-01T04:57:48,037  INFO [ad5f1c48-c160-4367-a2df-9a4cc67407c6 main] operation.HiveCommandOperation: Putting temp output to file /home/alex/Repositories/hive/beeline/target/tmp/alex/ad5f1c48-c160-4367-a2df-9a4cc67407c61593501171565354944.pipeout and error output to file /home/alex/Repositories/hive/beeline/target/tmp/alex/ad5f1c48-c160-4367-a2df-9a4cc67407c64183239419756927065.pipeout
2024-05-01T04:57:48,037  INFO [ad5f1c48-c160-4367-a2df-9a4cc67407c6 main] operation.OperationManager: Adding operation: OperationHandle [opType=EXECUTE_STATEMENT, getHandleIdentifier()=1e5aec7d-21e0-46e2-8a8d-6fef1c2d93cc] SessionHandle [ad5f1c48-c160-4367-a2df-9a4cc67407c6]
2024-05-01T04:57:48,037  INFO [ad5f1c48-c160-4367-a2df-9a4cc67407c6 main] common.LogUtils: Thread context registration is done.
DEBUG StatusLogger Building Plugin[name=filter, class=org.apache.hadoop.hive.ql.log.LogDivertAppender$NameFilter].
DEBUG StatusLogger createFilter(loggingLevel="EXECUTION")
DEBUG StatusLogger Building Plugin[name=layout, class=org.apache.logging.log4j.core.layout.PatternLayout].
DEBUG StatusLogger PatternLayout$Builder(pattern="%-5p : %m%n", PatternSelector=null, Configuration(HiveLog4j2Test), Replace=null, charset="null", alwaysWriteExceptions="null", disableAnsi="null", noConsoleNoAnsi="null", header="null", footer="null")
DEBUG StatusLogger Building Plugin[name=appender, class=org.apache.hadoop.hive.ql.log.HushableRandomAccessFileAppender].
DEBUG StatusLogger createAppender(fileName="/home/alex/Repositories/hive/beeline/target/tmp/alex/operation_logs/ad5f1c48-c160-4367-a2df-9a4cc67407c6/alex_20240501045748_497f858d-f8bb-4f49-9749-f1dbb03067e2", append="null", name="query-file-appender", immediateFlush="null", bufferSize="null", ignoreExceptions="null", PatternLayout(org.apache.logging.log4j.core.layout.PatternLayout with name PatternLayout), NameFilter(org.apache.hadoop.hive.ql.log.LogDivertAppender$NameFilter with name NameFilter), advertise="null", advertiseURI="null", Configuration(HiveLog4j2Test))
DEBUG StatusLogger Starting RandomAccessFileManager /home/alex/Repositories/hive/beeline/target/tmp/alex/operation_logs/ad5f1c48-c160-4367-a2df-9a4cc67407c6/alex_20240501045748_497f858d-f8bb-4f49-9749-f1dbb03067e2
DEBUG StatusLogger Building Plugin[name=, class=org.apache.hadoop.hive.ql.log.LogDivertAppenderForTest$TestFilter].
DEBUG StatusLogger createFilter()
DEBUG StatusLogger Building Plugin[name=, class=org.apache.logging.log4j.core.layout.PatternLayout].
DEBUG StatusLogger PatternLayout$Builder(pattern="%-5p : %m%n", PatternSelector=null, Configuration(HiveLog4j2Test), Replace=null, charset="null", alwaysWriteExceptions="null", disableAnsi="null", noConsoleNoAnsi="null", header="null", footer="null")
DEBUG StatusLogger Building Plugin[name=appender, class=org.apache.hadoop.hive.ql.log.HushableRandomAccessFileAppender].
DEBUG StatusLogger createAppender(fileName="/home/alex/Repositories/hive/beeline/target/tmp/alex/operation_logs/ad5f1c48-c160-4367-a2df-9a4cc67407c6/alex_20240501045748_497f858d-f8bb-4f49-9749-f1dbb03067e2.test", append="null", name="test-query-file-appender", immediateFlush="null", bufferSize="null", ignoreExceptions="null", PatternLayout(org.apache.logging.log4j.core.layout.PatternLayout with name PatternLayout), test-filter(org.apache.hadoop.hive.ql.log.LogDivertAppenderForTest$TestFilter with name test-filter), advertise="null", advertiseURI="null", Configuration(HiveLog4j2Test))
DEBUG StatusLogger Starting RandomAccessFileManager /home/alex/Repositories/hive/beeline/target/tmp/alex/operation_logs/ad5f1c48-c160-4367-a2df-9a4cc67407c6/alex_20240501045748_497f858d-f8bb-4f49-9749-f1dbb03067e2.test
2024-05-01T04:57:48,040  INFO [ad5f1c48-c160-4367-a2df-9a4cc67407c6 main] operation.HiveCommandOperation: [opType=EXECUTE_STATEMENT, queryId=alex_20240501045748_497f858d-f8bb-4f49-9749-f1dbb03067e2, startTime=1714564668037, sessionId=ad5f1c48-c160-4367-a2df-9a4cc67407c6, createTime=1714564667967, userName=null, ipAddress=null]
2024-05-01T04:57:48,049  INFO [ad5f1c48-c160-4367-a2df-9a4cc67407c6 main] common.LogUtils: Unregistered logging context.
2024-05-01T04:57:48,051  INFO [ad5f1c48-c160-4367-a2df-9a4cc67407c6 main] operation.OperationManager: Closing operation: OperationHandle [opType=EXECUTE_STATEMENT, getHandleIdentifier()=1e5aec7d-21e0-46e2-8a8d-6fef1c2d93cc]
2024-05-01T04:57:48,051  INFO [ad5f1c48-c160-4367-a2df-9a4cc67407c6 main] operation.OperationManager: Removed queryId: alex_20240501045748_497f858d-f8bb-4f49-9749-f1dbb03067e2 corresponding to operation: OperationHandle [opType=EXECUTE_STATEMENT, getHandleIdentifier()=1e5aec7d-21e0-46e2-8a8d-6fef1c2d93cc] with tag: null
2024-05-01T04:57:48,052  INFO [ad5f1c48-c160-4367-a2df-9a4cc67407c6 main] operation.HiveCommandOperation: Closing operation log /home/alex/Repositories/hive/beeline/target/tmp/alex/operation_logs/ad5f1c48-c160-4367-a2df-9a4cc67407c6/alex_20240501045748_497f858d-f8bb-4f49-9749-f1dbb03067e2 without delay
2024-05-01T04:57:48,054  INFO [ad5f1c48-c160-4367-a2df-9a4cc67407c6 main] session.HiveSessionImpl: executing show databases
2024-05-01T04:57:48,055  INFO [ad5f1c48-c160-4367-a2df-9a4cc67407c6 main] operation.OperationManager: Adding operation: OperationHandle [opType=EXECUTE_STATEMENT, getHandleIdentifier()=bd3121ad-facf-49c1-a9b0-27739cd7b59e] SessionHandle [ad5f1c48-c160-4367-a2df-9a4cc67407c6]
2024-05-01T04:57:48,055  INFO [ad5f1c48-c160-4367-a2df-9a4cc67407c6 main] common.LogUtils: Thread context registration is done.
DEBUG StatusLogger Building Plugin[name=filter, class=org.apache.hadoop.hive.ql.log.LogDivertAppender$NameFilter].
DEBUG StatusLogger createFilter(loggingLevel="EXECUTION")
DEBUG StatusLogger Building Plugin[name=layout, class=org.apache.logging.log4j.core.layout.PatternLayout].
DEBUG StatusLogger PatternLayout$Builder(pattern="%-5p : %m%n", PatternSelector=null, Configuration(HiveLog4j2Test), Replace=null, charset="null", alwaysWriteExceptions="null", disableAnsi="null", noConsoleNoAnsi="null", header="null", footer="null")
DEBUG StatusLogger Building Plugin[name=appender, class=org.apache.hadoop.hive.ql.log.HushableRandomAccessFileAppender].
DEBUG StatusLogger createAppender(fileName="/home/alex/Repositories/hive/beeline/target/tmp/alex/operation_logs/ad5f1c48-c160-4367-a2df-9a4cc67407c6/alex_20240501045748_4316d6e6-9d4a-48e3-be32-bae53fc81cca", append="null", name="query-file-appender", immediateFlush="null", bufferSize="null", ignoreExceptions="null", PatternLayout(org.apache.logging.log4j.core.layout.PatternLayout with name PatternLayout), NameFilter(org.apache.hadoop.hive.ql.log.LogDivertAppender$NameFilter with name NameFilter), advertise="null", advertiseURI="null", Configuration(HiveLog4j2Test))
DEBUG StatusLogger Starting RandomAccessFileManager /home/alex/Repositories/hive/beeline/target/tmp/alex/operation_logs/ad5f1c48-c160-4367-a2df-9a4cc67407c6/alex_20240501045748_4316d6e6-9d4a-48e3-be32-bae53fc81cca
DEBUG StatusLogger Building Plugin[name=, class=org.apache.hadoop.hive.ql.log.LogDivertAppenderForTest$TestFilter].
DEBUG StatusLogger createFilter()
DEBUG StatusLogger Building Plugin[name=, class=org.apache.logging.log4j.core.layout.PatternLayout].
DEBUG StatusLogger PatternLayout$Builder(pattern="%-5p : %m%n", PatternSelector=null, Configuration(HiveLog4j2Test), Replace=null, charset="null", alwaysWriteExceptions="null", disableAnsi="null", noConsoleNoAnsi="null", header="null", footer="null")
DEBUG StatusLogger Building Plugin[name=appender, class=org.apache.hadoop.hive.ql.log.HushableRandomAccessFileAppender].
DEBUG StatusLogger createAppender(fileName="/home/alex/Repositories/hive/beeline/target/tmp/alex/operation_logs/ad5f1c48-c160-4367-a2df-9a4cc67407c6/alex_20240501045748_4316d6e6-9d4a-48e3-be32-bae53fc81cca.test", append="null", name="test-query-file-appender", immediateFlush="null", bufferSize="null", ignoreExceptions="null", PatternLayout(org.apache.logging.log4j.core.layout.PatternLayout with name PatternLayout), test-filter(org.apache.hadoop.hive.ql.log.LogDivertAppenderForTest$TestFilter with name test-filter), advertise="null", advertiseURI="null", Configuration(HiveLog4j2Test))
DEBUG StatusLogger Starting RandomAccessFileManager /home/alex/Repositories/hive/beeline/target/tmp/alex/operation_logs/ad5f1c48-c160-4367-a2df-9a4cc67407c6/alex_20240501045748_4316d6e6-9d4a-48e3-be32-bae53fc81cca.test
2024-05-01T04:57:48,058  INFO [ad5f1c48-c160-4367-a2df-9a4cc67407c6 main] operation.SQLOperation: [opType=EXECUTE_STATEMENT, queryId=alex_20240501045748_4316d6e6-9d4a-48e3-be32-bae53fc81cca, startTime=1714564668054, sessionId=ad5f1c48-c160-4367-a2df-9a4cc67407c6, createTime=1714564667967, userName=null, ipAddress=null]
2024-05-01T04:57:48,059  INFO [ad5f1c48-c160-4367-a2df-9a4cc67407c6 main] ql.Driver: Compiling command(queryId=alex_20240501045748_4316d6e6-9d4a-48e3-be32-bae53fc81cca): show databases
2024-05-01T04:57:48,060  INFO [ad5f1c48-c160-4367-a2df-9a4cc67407c6 main] metastore.HiveMetaStoreClient: HMS client filtering is enabled.
2024-05-01T04:57:48,060  INFO [ad5f1c48-c160-4367-a2df-9a4cc67407c6 main] metastore.HMSHandler: 0: Opening raw store with implementation class:org.apache.hadoop.hive.metastore.ObjectStore
2024-05-01T04:57:48,060  INFO [ad5f1c48-c160-4367-a2df-9a4cc67407c6 main] metastore.PersistenceManagerProvider: Configuration datanucleus.autoStartMechanismMode is not set. Defaulting to 'ignored'
2024-05-01T04:57:48,061  INFO [ad5f1c48-c160-4367-a2df-9a4cc67407c6 main] metastore.ObjectStore: RawStore: org.apache.hadoop.hive.metastore.ObjectStore@12e3f4ae, with PersistenceManager: null will be shutdown
2024-05-01T04:57:48,061  INFO [ad5f1c48-c160-4367-a2df-9a4cc67407c6 main] metastore.ObjectStore: RawStore: org.apache.hadoop.hive.metastore.ObjectStore@12e3f4ae, with PersistenceManager: org.datanucleus.api.jdo.JDOPersistenceManager@537451d5 created in the thread with id: 1
2024-05-01T04:57:48,063  INFO [ad5f1c48-c160-4367-a2df-9a4cc67407c6 main] metastore.HMSHandler: Created RawStore: org.apache.hadoop.hive.metastore.ObjectStore@12e3f4ae from thread id: 1
2024-05-01T04:57:48,063  INFO [ad5f1c48-c160-4367-a2df-9a4cc67407c6 main] metastore.HMSHandler: HMS server filtering is disabled by configuration
2024-05-01T04:57:48,063  INFO [ad5f1c48-c160-4367-a2df-9a4cc67407c6 main] metastore.RetryingMetaStoreClient: RetryingMetaStoreClient proxy=class org.apache.hadoop.hive.ql.metadata.SessionHiveMetaStoreClient ugi=alex (auth:SIMPLE) retries=1 delay=1 lifetime=0
2024-05-01T04:57:48,067  INFO [ad5f1c48-c160-4367-a2df-9a4cc67407c6 main] ql.Driver: Semantic Analysis Completed (retrial = false)
2024-05-01T04:57:48,068  INFO [ad5f1c48-c160-4367-a2df-9a4cc67407c6 main] ql.Driver: Created Hive schema: Schema(fieldSchemas:[FieldSchema(name:database_name, type:string, comment:from deserializer)], properties:null)
2024-05-01T04:57:48,068  INFO [ad5f1c48-c160-4367-a2df-9a4cc67407c6 main] exec.ListSinkOperator: Initializing Operator: LIST_SINK[0]
2024-05-01T04:57:48,069  INFO [ad5f1c48-c160-4367-a2df-9a4cc67407c6 main] metadata.Hive: Dumping metastore api call timing information for : compilation phase
2024-05-01T04:57:48,069  INFO [ad5f1c48-c160-4367-a2df-9a4cc67407c6 main] metadata.Hive: Total time spent in each metastore function (ms): {isCompatibleWith_(Configuration)=0, flushCache_()=1}
2024-05-01T04:57:48,069  INFO [ad5f1c48-c160-4367-a2df-9a4cc67407c6 main] ql.Driver: Completed compiling command(queryId=alex_20240501045748_4316d6e6-9d4a-48e3-be32-bae53fc81cca); Time taken: 0.01 seconds
2024-05-01T04:57:48,069  INFO [ad5f1c48-c160-4367-a2df-9a4cc67407c6 main] common.LogUtils: Unregistered logging context.
2024-05-01T04:57:48,070  INFO [HiveServer2-Background-Pool: Thread-488] common.LogUtils: Thread context registration is done.
2024-05-01T04:57:48,070  INFO [HiveServer2-Background-Pool: Thread-488] reexec.ReExecDriver: Execution #1 of query
2024-05-01T04:57:48,071  INFO [HiveServer2-Background-Pool: Thread-488] ql.Driver: Concurrency mode is disabled, not creating a lock manager
2024-05-01T04:57:48,071  INFO [HiveServer2-Background-Pool: Thread-488] ql.Driver: Executing command(queryId=alex_20240501045748_4316d6e6-9d4a-48e3-be32-bae53fc81cca): show databases
2024-05-01T04:57:48,071  INFO [HiveServer2-Background-Pool: Thread-488] ql.Driver: Starting task [Stage-0:DDL] in serial mode
2024-05-01T04:57:48,072  INFO [HiveServer2-Background-Pool: Thread-488] HiveMetaStore.audit: ugi=alex	ip=unknown-ip-addr	cmd=get_databases: @hive#	
2024-05-01T04:57:48,073  INFO [HiveServer2-Background-Pool: Thread-488] metastore.HMSHandler: 24: Opening raw store with implementation class:org.apache.hadoop.hive.metastore.ObjectStore
2024-05-01T04:57:48,073  INFO [HiveServer2-Background-Pool: Thread-488] metastore.ObjectStore: RawStore: org.apache.hadoop.hive.metastore.ObjectStore@53ec10a1, with PersistenceManager: null will be shutdown
2024-05-01T04:57:48,074  INFO [HiveServer2-Background-Pool: Thread-488] metastore.ObjectStore: RawStore: org.apache.hadoop.hive.metastore.ObjectStore@53ec10a1, with PersistenceManager: org.datanucleus.api.jdo.JDOPersistenceManager@16ee84b8 created in the thread with id: 488
2024-05-01T04:57:48,076  INFO [HiveServer2-Background-Pool: Thread-488] metastore.HMSHandler: Created RawStore: org.apache.hadoop.hive.metastore.ObjectStore@53ec10a1 from thread id: 488
2024-05-01T04:57:48,083  INFO [HiveServer2-Background-Pool: Thread-488] sqlstd.SQLStdHiveAccessController: Created SQLStdHiveAccessController for session context : HiveAuthzSessionContext [sessionString=ad5f1c48-c160-4367-a2df-9a4cc67407c6, clientType=HIVESERVER2]
2024-05-01T04:57:48,083  INFO [HiveServer2-Background-Pool: Thread-488] exec.DDLTask: Found 3 database(s) matching the SHOW DATABASES statement.
2024-05-01T04:57:48,091  INFO [HiveServer2-Background-Pool: Thread-488] metadata.Hive: Dumping metastore api call timing information for : execution phase
2024-05-01T04:57:48,092  INFO [HiveServer2-Background-Pool: Thread-488] metadata.Hive: Total time spent in each metastore function (ms): {isCompatibleWith_(Configuration)=0, getAllDatabases_()=11}
2024-05-01T04:57:48,092  INFO [HiveServer2-Background-Pool: Thread-488] ql.Driver: Completed executing command(queryId=alex_20240501045748_4316d6e6-9d4a-48e3-be32-bae53fc81cca); Time taken: 0.02 seconds
2024-05-01T04:57:48,092  INFO [HiveServer2-Background-Pool: Thread-488] common.LogUtils: Unregistered logging context.
2024-05-01T04:57:48,095  INFO [ad5f1c48-c160-4367-a2df-9a4cc67407c6 main] operation.OperationManager: Closing operation: OperationHandle [opType=EXECUTE_STATEMENT, getHandleIdentifier()=bd3121ad-facf-49c1-a9b0-27739cd7b59e]
2024-05-01T04:57:48,095  INFO [ad5f1c48-c160-4367-a2df-9a4cc67407c6 main] operation.OperationManager: Removed queryId: alex_20240501045748_4316d6e6-9d4a-48e3-be32-bae53fc81cca corresponding to operation: OperationHandle [opType=EXECUTE_STATEMENT, getHandleIdentifier()=bd3121ad-facf-49c1-a9b0-27739cd7b59e] with tag: null
2024-05-01T04:57:48,095  INFO [ad5f1c48-c160-4367-a2df-9a4cc67407c6 main] ql.Context: Deleting scratch dir: file:/home/alex/Repositories/hive/beeline/target/tmp/alex/ad5f1c48-c160-4367-a2df-9a4cc67407c6/hive_2024-05-01_04-57-48_059_1818810958566241408-1
2024-05-01T04:57:48,095  INFO [ad5f1c48-c160-4367-a2df-9a4cc67407c6 main] cleanup.EventualCleanupService: Delete file:/home/alex/Repositories/hive/beeline/target/tmp/alex/ad5f1c48-c160-4367-a2df-9a4cc67407c6/hive_2024-05-01_04-57-48_059_1818810958566241408-1 operation was queued
2024-05-01T04:57:48,095  INFO [ad5f1c48-c160-4367-a2df-9a4cc67407c6 main] exec.ListSinkOperator: Closing Operator: LIST_SINK[0]
2024-05-01T04:57:48,095  INFO [ad5f1c48-c160-4367-a2df-9a4cc67407c6 main] exec.ListSinkOperator: RECORDS_OUT_INTERMEDIATE:0, RECORDS_OUT_OPERATOR_LIST_SINK_0:0, 
2024-05-01T04:57:48,095  INFO [ad5f1c48-c160-4367-a2df-9a4cc67407c6 main] operation.SQLOperation: Closing operation log /home/alex/Repositories/hive/beeline/target/tmp/alex/operation_logs/ad5f1c48-c160-4367-a2df-9a4cc67407c6/alex_20240501045748_4316d6e6-9d4a-48e3-be32-bae53fc81cca without delay
2024-05-01T04:57:48,095  INFO [EventualCleanupService thread 0] cleanup.EventualCleanupService: Deleted file:/home/alex/Repositories/hive/beeline/target/tmp/alex/ad5f1c48-c160-4367-a2df-9a4cc67407c6/hive_2024-05-01_04-57-48_059_1818810958566241408-1
2024-05-01T04:57:48,096  INFO [main] service.CompositeService: Session closed, SessionHandle [ad5f1c48-c160-4367-a2df-9a4cc67407c6], current sessions:0
2024-05-01T04:57:48,096  INFO [ad5f1c48-c160-4367-a2df-9a4cc67407c6 main] session.HiveSessionImpl: Operation log session directory is deleted: /home/alex/Repositories/hive/beeline/target/tmp/alex/operation_logs/ad5f1c48-c160-4367-a2df-9a4cc67407c6
2024-05-01T04:57:48,096  INFO [main] cleanup.EventualCleanupService: Delete /tmp/hive/alex/ad5f1c48-c160-4367-a2df-9a4cc67407c6 operation was queued
2024-05-01T04:57:48,096  INFO [main] cleanup.EventualCleanupService: Delete /home/alex/Repositories/hive/beeline/target/tmp/alex/ad5f1c48-c160-4367-a2df-9a4cc67407c6 operation was queued
2024-05-01T04:57:48,096  INFO [EventualCleanupService thread 1] cleanup.EventualCleanupService: Deleted /home/alex/Repositories/hive/beeline/target/tmp/alex/ad5f1c48-c160-4367-a2df-9a4cc67407c6
2024-05-01T04:57:48,097  INFO [EventualCleanupService thread 2] cleanup.EventualCleanupService: Deleted /tmp/hive/alex/ad5f1c48-c160-4367-a2df-9a4cc67407c6
2024-05-01T04:57:48,097  INFO [main] HiveMetaStore.audit: ugi=alex	ip=unknown-ip-addr	cmd=Cleaning up thread local RawStore...	
2024-05-01T04:57:48,097  INFO [main] metastore.ObjectStore: RawStore: org.apache.hadoop.hive.metastore.ObjectStore@12e3f4ae, with PersistenceManager: org.datanucleus.api.jdo.JDOPersistenceManager@537451d5 will be shutdown
2024-05-01T04:57:48,097  INFO [main] HiveMetaStore.audit: ugi=alex	ip=unknown-ip-addr	cmd=Done cleaning up thread local RawStore	
2024-05-01T04:57:48,097  INFO [main] metastore.HiveMetaStoreClient: Closed a connection to metastore, current connections: -31
2024-05-01T04:57:48,098 ERROR [main] cli.TestHiveCli: Failed due to the error:Connecting to jdbc:hive2://
Hive Session ID = d9994dda-a7b9-429c-8377-ec9e310077a2
ivysettings.xml file not found in HIVE_HOME or HIVE_CONF_DIR,/home/alex/Repositories/hive/conf/ivysettings.xml will be used
ivysettings.xml file not found in HIVE_HOME or HIVE_CONF_DIR,/home/alex/Repositories/hive/conf/ivysettings.xml will be used
Connected to: Apache Hive (version 4.0.0-SNAPSHOT)
Error: Couldn't load manifest attributes. (state=,code=0)
Transaction isolation: TRANSACTION_REPEATABLE_READ
INFO  : Compiling command(queryId=alex_20240501045748_4316d6e6-9d4a-48e3-be32-bae53fc81cca): show databases
INFO  : Semantic Analysis Completed (retrial = false)
INFO  : Created Hive schema: Schema(fieldSchemas:[FieldSchema(name:database_name, type:string, comment:from deserializer)], properties:null)
INFO  : Completed compiling command(queryId=alex_20240501045748_4316d6e6-9d4a-48e3-be32-bae53fc81cca); Time taken: 0.01 seconds
INFO  : Concurrency mode is disabled, not creating a lock manager
INFO  : Executing command(queryId=alex_20240501045748_4316d6e6-9d4a-48e3-be32-bae53fc81cca): show databases
INFO  : Starting task [Stage-0:DDL] in serial mode
DEBUG : Task getting executed using mapred tag : alex_20240501045748_4316d6e6-9d4a-48e3-be32-bae53fc81cca,userid=null
INFO  : Completed executing command(queryId=alex_20240501045748_4316d6e6-9d4a-48e3-be32-bae53fc81cca); Time taken: 0.02 seconds
DEBUG : Shutting down query show databases
Error: Failed to wait for operation to complete (state=08S01,code=0)
Closing: 0: jdbc:hive2://

]]></system-err>
  </testcase>
  <testcase name="testSqlFromCmdWithComments2" classname="org.apache.hive.beeline.cli.TestHiveCli" time="0.181"/>
  <testcase name="testSqlFromCmdWithComments3" classname="org.apache.hive.beeline.cli.TestHiveCli" time="0.195">
    <failure type="java.lang.AssertionError"><![CDATA[java.lang.AssertionError: Supported return code is 0 while the actual is 1
	at org.junit.Assert.fail(Assert.java:89)
	at org.apache.hive.beeline.cli.TestHiveCli.executeCMD(TestHiveCli.java:256)
	at org.apache.hive.beeline.cli.TestHiveCli.verifyCMD(TestHiveCli.java:266)
	at org.apache.hive.beeline.cli.TestHiveCli.testSqlFromCmdWithComments3(TestHiveCli.java:160)
	at sun.reflect.NativeMethodAccessorImpl.invoke0(Native Method)
	at sun.reflect.NativeMethodAccessorImpl.invoke(NativeMethodAccessorImpl.java:62)
	at sun.reflect.DelegatingMethodAccessorImpl.invoke(DelegatingMethodAccessorImpl.java:43)
	at java.lang.reflect.Method.invoke(Method.java:498)
	at org.junit.runners.model.FrameworkMethod$1.runReflectiveCall(FrameworkMethod.java:59)
	at org.junit.internal.runners.model.ReflectiveCallable.run(ReflectiveCallable.java:12)
	at org.junit.runners.model.FrameworkMethod.invokeExplosively(FrameworkMethod.java:56)
	at org.junit.internal.runners.statements.InvokeMethod.evaluate(InvokeMethod.java:17)
	at org.junit.internal.runners.statements.RunBefores.evaluate(RunBefores.java:26)
	at org.junit.internal.runners.statements.RunAfters.evaluate(RunAfters.java:27)
	at org.junit.runners.ParentRunner$3.evaluate(ParentRunner.java:306)
	at org.junit.runners.BlockJUnit4ClassRunner$1.evaluate(BlockJUnit4ClassRunner.java:100)
	at org.junit.runners.ParentRunner.runLeaf(ParentRunner.java:366)
	at org.junit.runners.BlockJUnit4ClassRunner.runChild(BlockJUnit4ClassRunner.java:103)
	at org.junit.runners.BlockJUnit4ClassRunner.runChild(BlockJUnit4ClassRunner.java:63)
	at org.junit.runners.ParentRunner$4.run(ParentRunner.java:331)
	at org.junit.runners.ParentRunner$1.schedule(ParentRunner.java:79)
	at org.junit.runners.ParentRunner.runChildren(ParentRunner.java:329)
	at org.junit.runners.ParentRunner.access$100(ParentRunner.java:66)
	at org.junit.runners.ParentRunner$2.evaluate(ParentRunner.java:293)
	at org.junit.internal.runners.statements.RunBefores.evaluate(RunBefores.java:26)
	at org.junit.runners.ParentRunner$3.evaluate(ParentRunner.java:306)
	at org.junit.runners.ParentRunner.run(ParentRunner.java:413)
	at org.junit.runner.JUnitCore.run(JUnitCore.java:137)
	at org.junit.runner.JUnitCore.run(JUnitCore.java:115)
	at org.junit.vintage.engine.execution.RunnerExecutor.execute(RunnerExecutor.java:43)
	at java.util.stream.ForEachOps$ForEachOp$OfRef.accept(ForEachOps.java:183)
	at java.util.stream.ReferencePipeline$3$1.accept(ReferencePipeline.java:193)
	at java.util.Iterator.forEachRemaining(Iterator.java:116)
	at java.util.Spliterators$IteratorSpliterator.forEachRemaining(Spliterators.java:1801)
	at java.util.stream.AbstractPipeline.copyInto(AbstractPipeline.java:482)
	at java.util.stream.AbstractPipeline.wrapAndCopyInto(AbstractPipeline.java:472)
	at java.util.stream.ForEachOps$ForEachOp.evaluateSequential(ForEachOps.java:150)
	at java.util.stream.ForEachOps$ForEachOp$OfRef.evaluateSequential(ForEachOps.java:173)
	at java.util.stream.AbstractPipeline.evaluate(AbstractPipeline.java:234)
	at java.util.stream.ReferencePipeline.forEach(ReferencePipeline.java:485)
	at org.junit.vintage.engine.VintageTestEngine.executeAllChildren(VintageTestEngine.java:82)
	at org.junit.vintage.engine.VintageTestEngine.execute(VintageTestEngine.java:73)
	at org.junit.platform.launcher.core.DefaultLauncher.execute(DefaultLauncher.java:248)
	at org.junit.platform.launcher.core.DefaultLauncher.lambda$execute$5(DefaultLauncher.java:211)
	at org.junit.platform.launcher.core.DefaultLauncher.withInterceptedStreams(DefaultLauncher.java:226)
	at org.junit.platform.launcher.core.DefaultLauncher.execute(DefaultLauncher.java:199)
	at org.junit.platform.launcher.core.DefaultLauncher.execute(DefaultLauncher.java:132)
	at org.apache.maven.surefire.junitplatform.JUnitPlatformProvider.invokeAllTests(JUnitPlatformProvider.java:154)
	at org.apache.maven.surefire.junitplatform.JUnitPlatformProvider.invoke(JUnitPlatformProvider.java:123)
	at org.apache.maven.surefire.booter.ForkedBooter.runSuitesInProcess(ForkedBooter.java:377)
	at org.apache.maven.surefire.booter.ForkedBooter.execute(ForkedBooter.java:138)
	at org.apache.maven.surefire.booter.ForkedBooter.run(ForkedBooter.java:465)
	at org.apache.maven.surefire.booter.ForkedBooter.main(ForkedBooter.java:451)
]]></failure>
    <system-err><![CDATA[2024-05-01T04:57:48,281 ERROR [main] cli.TestHiveCli: Failed to execute command due to the error: java.lang.NullPointerException: Null output stream
2024-05-01T04:57:48,333  WARN [main] conf.HiveConf: HiveConf of name hive.dummyparam.test.server.specific.config.override does not exist
2024-05-01T04:57:48,333  WARN [main] conf.HiveConf: HiveConf of name hive.dummyparam.test.server.specific.config.hiveserver2site does not exist
2024-05-01T04:57:48,333  WARN [main] conf.HiveConf: HiveConf of name hive.dummyparam.test.server.specific.config.metastoresite does not exist
2024-05-01T04:57:48,333  INFO [main] SessionState: Hive Session ID = c45b9b94-e5c4-4989-a793-39e0e4bfd953
2024-05-01T04:57:48,334  INFO [main] DependencyResolver: ivysettings.xml file not found in HIVE_HOME or HIVE_CONF_DIR,/home/alex/Repositories/hive/conf/ivysettings.xml will be used
2024-05-01T04:57:48,341  INFO [main] session.SessionState: Created HDFS directory: /tmp/hive/alex/c45b9b94-e5c4-4989-a793-39e0e4bfd953
2024-05-01T04:57:48,344  INFO [main] session.SessionState: Created local directory: /home/alex/Repositories/hive/beeline/target/tmp/alex/c45b9b94-e5c4-4989-a793-39e0e4bfd953
2024-05-01T04:57:48,348  INFO [main] session.SessionState: Created HDFS directory: /tmp/hive/alex/c45b9b94-e5c4-4989-a793-39e0e4bfd953/_tmp_space.db
2024-05-01T04:57:48,349  INFO [main] sqlstd.SQLStdHiveAccessController: Created SQLStdHiveAccessController for session context : HiveAuthzSessionContext [sessionString=c45b9b94-e5c4-4989-a793-39e0e4bfd953, clientType=HIVESERVER2]
2024-05-01T04:57:48,349  INFO [main] metastore.HiveMetaStoreClient: HMS client filtering is enabled.
2024-05-01T04:57:48,350  INFO [main] metastore.HMSHandler: 0: Opening raw store with implementation class:org.apache.hadoop.hive.metastore.ObjectStore
2024-05-01T04:57:48,350  INFO [main] metastore.PersistenceManagerProvider: Configuration datanucleus.autoStartMechanismMode is not set. Defaulting to 'ignored'
2024-05-01T04:57:48,350  INFO [main] metastore.ObjectStore: RawStore: org.apache.hadoop.hive.metastore.ObjectStore@69d021c1, with PersistenceManager: null will be shutdown
2024-05-01T04:57:48,350  INFO [main] metastore.ObjectStore: RawStore: org.apache.hadoop.hive.metastore.ObjectStore@69d021c1, with PersistenceManager: org.datanucleus.api.jdo.JDOPersistenceManager@6d5508a5 created in the thread with id: 1
2024-05-01T04:57:48,353  INFO [main] metastore.HMSHandler: Created RawStore: org.apache.hadoop.hive.metastore.ObjectStore@69d021c1 from thread id: 1
2024-05-01T04:57:48,353  INFO [main] metastore.HMSHandler: HMS server filtering is disabled by configuration
2024-05-01T04:57:48,353  INFO [main] metastore.RetryingMetaStoreClient: RetryingMetaStoreClient proxy=class org.apache.hadoop.hive.ql.metadata.SessionHiveMetaStoreClient ugi=alex (auth:SIMPLE) retries=1 delay=1 lifetime=0
2024-05-01T04:57:48,353  INFO [main] service.CompositeService: Operation log root directory is created: /home/alex/Repositories/hive/beeline/target/tmp/alex/operation_logs
2024-05-01T04:57:48,353  INFO [main] service.CompositeService: HiveServer2: Background operation thread pool size: 100
2024-05-01T04:57:48,353  INFO [main] service.CompositeService: HiveServer2: Background operation thread wait queue size: 100
2024-05-01T04:57:48,353  INFO [main] service.CompositeService: HiveServer2: Background operation thread keepalive time: 10 seconds
2024-05-01T04:57:48,354  INFO [main] service.CompositeService: Connections limit are user: 0 ipaddress: 0 user-ipaddress: 0
2024-05-01T04:57:48,355  INFO [main] cleanup.EventualCleanupService: EventualCleanupService started with 10 threads and queue of size 10000
ERROR StatusLogger Log4j2 ConfigurationScheduler attempted to increment scheduled items after start
ERROR StatusLogger Log4j2 ConfigurationScheduler attempted to increment scheduled items after start
2024-05-01T04:57:48,356  INFO [main] service.AbstractService: Service:OperationManager is inited.
2024-05-01T04:57:48,356  INFO [main] service.AbstractService: Service:SessionManager is inited.
2024-05-01T04:57:48,356  INFO [main] service.AbstractService: Service:CLIService is inited.
2024-05-01T04:57:48,356  INFO [main] service.AbstractService: Service:OperationManager is started.
2024-05-01T04:57:48,356  INFO [main] service.AbstractService: Service:SessionManager is started.
2024-05-01T04:57:48,356  INFO [main] service.AbstractService: Service:CLIService is started.
2024-05-01T04:57:48,357  INFO [main] service.AbstractService: Service:ThriftBinaryCLIService is inited.
2024-05-01T04:57:48,357  INFO [main] thrift.ThriftCLIService: Client protocol version: HIVE_CLI_SERVICE_PROTOCOL_V10
2024-05-01T04:57:48,357  INFO [main] thrift.ThriftCLIService: Creating Hive session handle for user [null] from IP null
2024-05-01T04:57:48,358  INFO [main] DependencyResolver: ivysettings.xml file not found in HIVE_HOME or HIVE_CONF_DIR,/home/alex/Repositories/hive/conf/ivysettings.xml will be used
2024-05-01T04:57:48,365  INFO [main] session.SessionState: Created HDFS directory: /tmp/hive/alex/5fb01fab-8b4b-4e56-9efe-81eb547b9d28
2024-05-01T04:57:48,368  INFO [main] session.SessionState: Created local directory: /home/alex/Repositories/hive/beeline/target/tmp/alex/5fb01fab-8b4b-4e56-9efe-81eb547b9d28
2024-05-01T04:57:48,372  INFO [main] session.SessionState: Created HDFS directory: /tmp/hive/alex/5fb01fab-8b4b-4e56-9efe-81eb547b9d28/_tmp_space.db
2024-05-01T04:57:48,372  INFO [main] session.SessionState: Reloading auxiliary JAR files
2024-05-01T04:57:48,372  WARN [main] session.SessionState: Configuration hive.reloadable.aux.jars.path not specified
2024-05-01T04:57:48,372  INFO [main] HiveMetaStore.audit: ugi=alex	ip=unknown-ip-addr	cmd=Cleaning up thread local RawStore...	
2024-05-01T04:57:48,372  INFO [main] metastore.ObjectStore: RawStore: org.apache.hadoop.hive.metastore.ObjectStore@69d021c1, with PersistenceManager: org.datanucleus.api.jdo.JDOPersistenceManager@6d5508a5 will be shutdown
2024-05-01T04:57:48,372  INFO [main] HiveMetaStore.audit: ugi=alex	ip=unknown-ip-addr	cmd=Done cleaning up thread local RawStore	
2024-05-01T04:57:48,372  INFO [main] metastore.HiveMetaStoreClient: Closed a connection to metastore, current connections: -33
2024-05-01T04:57:48,372  INFO [main] session.HiveSessionImpl: Operation log session directory is created: /home/alex/Repositories/hive/beeline/target/tmp/alex/operation_logs/5fb01fab-8b4b-4e56-9efe-81eb547b9d28
2024-05-01T04:57:48,372  INFO [main] service.CompositeService: Session opened, SessionHandle [5fb01fab-8b4b-4e56-9efe-81eb547b9d28], current sessions:1
2024-05-01T04:57:48,372  INFO [main] thrift.ThriftCLIService: Login attempt is successful for user : null
2024-05-01T04:57:48,420  WARN [main] conf.HiveConf: HiveConf of name hive.dummyparam.test.server.specific.config.override does not exist
2024-05-01T04:57:48,420  WARN [main] conf.HiveConf: HiveConf of name hive.dummyparam.test.server.specific.config.hiveserver2site does not exist
2024-05-01T04:57:48,420  WARN [main] conf.HiveConf: HiveConf of name hive.dummyparam.test.server.specific.config.metastoresite does not exist
2024-05-01T04:57:48,420  INFO [5fb01fab-8b4b-4e56-9efe-81eb547b9d28 main] session.HiveSessionImpl: executing set
2024-05-01T04:57:48,421  INFO [5fb01fab-8b4b-4e56-9efe-81eb547b9d28 main] operation.HiveCommandOperation: Putting temp output to file /home/alex/Repositories/hive/beeline/target/tmp/alex/5fb01fab-8b4b-4e56-9efe-81eb547b9d288646328700229098308.pipeout and error output to file /home/alex/Repositories/hive/beeline/target/tmp/alex/5fb01fab-8b4b-4e56-9efe-81eb547b9d28410560711910158852.pipeout
2024-05-01T04:57:48,421  INFO [5fb01fab-8b4b-4e56-9efe-81eb547b9d28 main] operation.OperationManager: Adding operation: OperationHandle [opType=EXECUTE_STATEMENT, getHandleIdentifier()=77dbe5d9-f4a9-41ec-a287-3eff46c8e6f0] SessionHandle [5fb01fab-8b4b-4e56-9efe-81eb547b9d28]
2024-05-01T04:57:48,421  INFO [5fb01fab-8b4b-4e56-9efe-81eb547b9d28 main] common.LogUtils: Thread context registration is done.
DEBUG StatusLogger Building Plugin[name=filter, class=org.apache.hadoop.hive.ql.log.LogDivertAppender$NameFilter].
DEBUG StatusLogger createFilter(loggingLevel="EXECUTION")
DEBUG StatusLogger Building Plugin[name=layout, class=org.apache.logging.log4j.core.layout.PatternLayout].
DEBUG StatusLogger PatternLayout$Builder(pattern="%-5p : %m%n", PatternSelector=null, Configuration(HiveLog4j2Test), Replace=null, charset="null", alwaysWriteExceptions="null", disableAnsi="null", noConsoleNoAnsi="null", header="null", footer="null")
DEBUG StatusLogger Building Plugin[name=appender, class=org.apache.hadoop.hive.ql.log.HushableRandomAccessFileAppender].
DEBUG StatusLogger createAppender(fileName="/home/alex/Repositories/hive/beeline/target/tmp/alex/operation_logs/5fb01fab-8b4b-4e56-9efe-81eb547b9d28/alex_20240501045748_7e3c0c77-65e1-46b9-9051-f6102414e60b", append="null", name="query-file-appender", immediateFlush="null", bufferSize="null", ignoreExceptions="null", PatternLayout(org.apache.logging.log4j.core.layout.PatternLayout with name PatternLayout), NameFilter(org.apache.hadoop.hive.ql.log.LogDivertAppender$NameFilter with name NameFilter), advertise="null", advertiseURI="null", Configuration(HiveLog4j2Test))
DEBUG StatusLogger Starting RandomAccessFileManager /home/alex/Repositories/hive/beeline/target/tmp/alex/operation_logs/5fb01fab-8b4b-4e56-9efe-81eb547b9d28/alex_20240501045748_7e3c0c77-65e1-46b9-9051-f6102414e60b
DEBUG StatusLogger Building Plugin[name=, class=org.apache.hadoop.hive.ql.log.LogDivertAppenderForTest$TestFilter].
DEBUG StatusLogger createFilter()
DEBUG StatusLogger Building Plugin[name=, class=org.apache.logging.log4j.core.layout.PatternLayout].
DEBUG StatusLogger PatternLayout$Builder(pattern="%-5p : %m%n", PatternSelector=null, Configuration(HiveLog4j2Test), Replace=null, charset="null", alwaysWriteExceptions="null", disableAnsi="null", noConsoleNoAnsi="null", header="null", footer="null")
DEBUG StatusLogger Building Plugin[name=appender, class=org.apache.hadoop.hive.ql.log.HushableRandomAccessFileAppender].
DEBUG StatusLogger createAppender(fileName="/home/alex/Repositories/hive/beeline/target/tmp/alex/operation_logs/5fb01fab-8b4b-4e56-9efe-81eb547b9d28/alex_20240501045748_7e3c0c77-65e1-46b9-9051-f6102414e60b.test", append="null", name="test-query-file-appender", immediateFlush="null", bufferSize="null", ignoreExceptions="null", PatternLayout(org.apache.logging.log4j.core.layout.PatternLayout with name PatternLayout), test-filter(org.apache.hadoop.hive.ql.log.LogDivertAppenderForTest$TestFilter with name test-filter), advertise="null", advertiseURI="null", Configuration(HiveLog4j2Test))
DEBUG StatusLogger Starting RandomAccessFileManager /home/alex/Repositories/hive/beeline/target/tmp/alex/operation_logs/5fb01fab-8b4b-4e56-9efe-81eb547b9d28/alex_20240501045748_7e3c0c77-65e1-46b9-9051-f6102414e60b.test
2024-05-01T04:57:48,425  INFO [5fb01fab-8b4b-4e56-9efe-81eb547b9d28 main] operation.HiveCommandOperation: [opType=EXECUTE_STATEMENT, queryId=alex_20240501045748_7e3c0c77-65e1-46b9-9051-f6102414e60b, startTime=1714564668420, sessionId=5fb01fab-8b4b-4e56-9efe-81eb547b9d28, createTime=1714564668357, userName=null, ipAddress=null]
2024-05-01T04:57:48,434  INFO [5fb01fab-8b4b-4e56-9efe-81eb547b9d28 main] common.LogUtils: Unregistered logging context.
2024-05-01T04:57:48,436  INFO [5fb01fab-8b4b-4e56-9efe-81eb547b9d28 main] operation.OperationManager: Closing operation: OperationHandle [opType=EXECUTE_STATEMENT, getHandleIdentifier()=77dbe5d9-f4a9-41ec-a287-3eff46c8e6f0]
2024-05-01T04:57:48,436  INFO [5fb01fab-8b4b-4e56-9efe-81eb547b9d28 main] operation.OperationManager: Removed queryId: alex_20240501045748_7e3c0c77-65e1-46b9-9051-f6102414e60b corresponding to operation: OperationHandle [opType=EXECUTE_STATEMENT, getHandleIdentifier()=77dbe5d9-f4a9-41ec-a287-3eff46c8e6f0] with tag: null
2024-05-01T04:57:48,437  INFO [5fb01fab-8b4b-4e56-9efe-81eb547b9d28 main] operation.HiveCommandOperation: Closing operation log /home/alex/Repositories/hive/beeline/target/tmp/alex/operation_logs/5fb01fab-8b4b-4e56-9efe-81eb547b9d28/alex_20240501045748_7e3c0c77-65e1-46b9-9051-f6102414e60b without delay
2024-05-01T04:57:48,439  INFO [5fb01fab-8b4b-4e56-9efe-81eb547b9d28 main] session.HiveSessionImpl: executing show databases
2024-05-01T04:57:48,439  INFO [5fb01fab-8b4b-4e56-9efe-81eb547b9d28 main] operation.OperationManager: Adding operation: OperationHandle [opType=EXECUTE_STATEMENT, getHandleIdentifier()=a1db5a3a-a88c-471b-b55d-9f407d1795f4] SessionHandle [5fb01fab-8b4b-4e56-9efe-81eb547b9d28]
2024-05-01T04:57:48,440  INFO [5fb01fab-8b4b-4e56-9efe-81eb547b9d28 main] common.LogUtils: Thread context registration is done.
DEBUG StatusLogger Building Plugin[name=filter, class=org.apache.hadoop.hive.ql.log.LogDivertAppender$NameFilter].
DEBUG StatusLogger createFilter(loggingLevel="EXECUTION")
DEBUG StatusLogger Building Plugin[name=layout, class=org.apache.logging.log4j.core.layout.PatternLayout].
DEBUG StatusLogger PatternLayout$Builder(pattern="%-5p : %m%n", PatternSelector=null, Configuration(HiveLog4j2Test), Replace=null, charset="null", alwaysWriteExceptions="null", disableAnsi="null", noConsoleNoAnsi="null", header="null", footer="null")
DEBUG StatusLogger Building Plugin[name=appender, class=org.apache.hadoop.hive.ql.log.HushableRandomAccessFileAppender].
DEBUG StatusLogger createAppender(fileName="/home/alex/Repositories/hive/beeline/target/tmp/alex/operation_logs/5fb01fab-8b4b-4e56-9efe-81eb547b9d28/alex_20240501045748_25f9adcf-f2eb-4280-bbbb-706dd21c4aee", append="null", name="query-file-appender", immediateFlush="null", bufferSize="null", ignoreExceptions="null", PatternLayout(org.apache.logging.log4j.core.layout.PatternLayout with name PatternLayout), NameFilter(org.apache.hadoop.hive.ql.log.LogDivertAppender$NameFilter with name NameFilter), advertise="null", advertiseURI="null", Configuration(HiveLog4j2Test))
DEBUG StatusLogger Starting RandomAccessFileManager /home/alex/Repositories/hive/beeline/target/tmp/alex/operation_logs/5fb01fab-8b4b-4e56-9efe-81eb547b9d28/alex_20240501045748_25f9adcf-f2eb-4280-bbbb-706dd21c4aee
DEBUG StatusLogger Building Plugin[name=, class=org.apache.hadoop.hive.ql.log.LogDivertAppenderForTest$TestFilter].
DEBUG StatusLogger createFilter()
DEBUG StatusLogger Building Plugin[name=, class=org.apache.logging.log4j.core.layout.PatternLayout].
DEBUG StatusLogger PatternLayout$Builder(pattern="%-5p : %m%n", PatternSelector=null, Configuration(HiveLog4j2Test), Replace=null, charset="null", alwaysWriteExceptions="null", disableAnsi="null", noConsoleNoAnsi="null", header="null", footer="null")
DEBUG StatusLogger Building Plugin[name=appender, class=org.apache.hadoop.hive.ql.log.HushableRandomAccessFileAppender].
DEBUG StatusLogger createAppender(fileName="/home/alex/Repositories/hive/beeline/target/tmp/alex/operation_logs/5fb01fab-8b4b-4e56-9efe-81eb547b9d28/alex_20240501045748_25f9adcf-f2eb-4280-bbbb-706dd21c4aee.test", append="null", name="test-query-file-appender", immediateFlush="null", bufferSize="null", ignoreExceptions="null", PatternLayout(org.apache.logging.log4j.core.layout.PatternLayout with name PatternLayout), test-filter(org.apache.hadoop.hive.ql.log.LogDivertAppenderForTest$TestFilter with name test-filter), advertise="null", advertiseURI="null", Configuration(HiveLog4j2Test))
DEBUG StatusLogger Starting RandomAccessFileManager /home/alex/Repositories/hive/beeline/target/tmp/alex/operation_logs/5fb01fab-8b4b-4e56-9efe-81eb547b9d28/alex_20240501045748_25f9adcf-f2eb-4280-bbbb-706dd21c4aee.test
2024-05-01T04:57:48,443  INFO [5fb01fab-8b4b-4e56-9efe-81eb547b9d28 main] operation.SQLOperation: [opType=EXECUTE_STATEMENT, queryId=alex_20240501045748_25f9adcf-f2eb-4280-bbbb-706dd21c4aee, startTime=1714564668439, sessionId=5fb01fab-8b4b-4e56-9efe-81eb547b9d28, createTime=1714564668357, userName=null, ipAddress=null]
2024-05-01T04:57:48,443  INFO [5fb01fab-8b4b-4e56-9efe-81eb547b9d28 main] ql.Driver: Compiling command(queryId=alex_20240501045748_25f9adcf-f2eb-4280-bbbb-706dd21c4aee): show databases
2024-05-01T04:57:48,444  INFO [5fb01fab-8b4b-4e56-9efe-81eb547b9d28 main] metastore.HiveMetaStoreClient: HMS client filtering is enabled.
2024-05-01T04:57:48,445  INFO [5fb01fab-8b4b-4e56-9efe-81eb547b9d28 main] metastore.HMSHandler: 0: Opening raw store with implementation class:org.apache.hadoop.hive.metastore.ObjectStore
2024-05-01T04:57:48,445  INFO [5fb01fab-8b4b-4e56-9efe-81eb547b9d28 main] metastore.PersistenceManagerProvider: Configuration datanucleus.autoStartMechanismMode is not set. Defaulting to 'ignored'
2024-05-01T04:57:48,445  INFO [5fb01fab-8b4b-4e56-9efe-81eb547b9d28 main] metastore.ObjectStore: RawStore: org.apache.hadoop.hive.metastore.ObjectStore@114badf0, with PersistenceManager: null will be shutdown
2024-05-01T04:57:48,446  INFO [5fb01fab-8b4b-4e56-9efe-81eb547b9d28 main] metastore.ObjectStore: RawStore: org.apache.hadoop.hive.metastore.ObjectStore@114badf0, with PersistenceManager: org.datanucleus.api.jdo.JDOPersistenceManager@19e8fe55 created in the thread with id: 1
2024-05-01T04:57:48,447  INFO [5fb01fab-8b4b-4e56-9efe-81eb547b9d28 main] metastore.HMSHandler: Created RawStore: org.apache.hadoop.hive.metastore.ObjectStore@114badf0 from thread id: 1
2024-05-01T04:57:48,448  INFO [5fb01fab-8b4b-4e56-9efe-81eb547b9d28 main] metastore.HMSHandler: HMS server filtering is disabled by configuration
2024-05-01T04:57:48,448  INFO [5fb01fab-8b4b-4e56-9efe-81eb547b9d28 main] metastore.RetryingMetaStoreClient: RetryingMetaStoreClient proxy=class org.apache.hadoop.hive.ql.metadata.SessionHiveMetaStoreClient ugi=alex (auth:SIMPLE) retries=1 delay=1 lifetime=0
2024-05-01T04:57:48,451  INFO [5fb01fab-8b4b-4e56-9efe-81eb547b9d28 main] ql.Driver: Semantic Analysis Completed (retrial = false)
2024-05-01T04:57:48,452  INFO [5fb01fab-8b4b-4e56-9efe-81eb547b9d28 main] ql.Driver: Created Hive schema: Schema(fieldSchemas:[FieldSchema(name:database_name, type:string, comment:from deserializer)], properties:null)
2024-05-01T04:57:48,452  INFO [5fb01fab-8b4b-4e56-9efe-81eb547b9d28 main] exec.ListSinkOperator: Initializing Operator: LIST_SINK[0]
2024-05-01T04:57:48,453  INFO [5fb01fab-8b4b-4e56-9efe-81eb547b9d28 main] metadata.Hive: Dumping metastore api call timing information for : compilation phase
2024-05-01T04:57:48,453  INFO [5fb01fab-8b4b-4e56-9efe-81eb547b9d28 main] metadata.Hive: Total time spent in each metastore function (ms): {isCompatibleWith_(Configuration)=0, flushCache_()=0}
2024-05-01T04:57:48,453  INFO [5fb01fab-8b4b-4e56-9efe-81eb547b9d28 main] ql.Driver: Completed compiling command(queryId=alex_20240501045748_25f9adcf-f2eb-4280-bbbb-706dd21c4aee); Time taken: 0.01 seconds
2024-05-01T04:57:48,453  INFO [5fb01fab-8b4b-4e56-9efe-81eb547b9d28 main] common.LogUtils: Unregistered logging context.
2024-05-01T04:57:48,454  INFO [HiveServer2-Background-Pool: Thread-535] common.LogUtils: Thread context registration is done.
2024-05-01T04:57:48,454  INFO [HiveServer2-Background-Pool: Thread-535] reexec.ReExecDriver: Execution #1 of query
2024-05-01T04:57:48,455  INFO [HiveServer2-Background-Pool: Thread-535] ql.Driver: Concurrency mode is disabled, not creating a lock manager
2024-05-01T04:57:48,455  INFO [HiveServer2-Background-Pool: Thread-535] ql.Driver: Executing command(queryId=alex_20240501045748_25f9adcf-f2eb-4280-bbbb-706dd21c4aee): show databases
2024-05-01T04:57:48,455  INFO [HiveServer2-Background-Pool: Thread-535] ql.Driver: Starting task [Stage-0:DDL] in serial mode
2024-05-01T04:57:48,456  INFO [HiveServer2-Background-Pool: Thread-535] HiveMetaStore.audit: ugi=alex	ip=unknown-ip-addr	cmd=get_databases: @hive#	
2024-05-01T04:57:48,457  INFO [HiveServer2-Background-Pool: Thread-535] metastore.HMSHandler: 25: Opening raw store with implementation class:org.apache.hadoop.hive.metastore.ObjectStore
2024-05-01T04:57:48,457  INFO [HiveServer2-Background-Pool: Thread-535] metastore.ObjectStore: RawStore: org.apache.hadoop.hive.metastore.ObjectStore@3b7a729c, with PersistenceManager: null will be shutdown
2024-05-01T04:57:48,457  INFO [HiveServer2-Background-Pool: Thread-535] metastore.ObjectStore: RawStore: org.apache.hadoop.hive.metastore.ObjectStore@3b7a729c, with PersistenceManager: org.datanucleus.api.jdo.JDOPersistenceManager@7e78fb97 created in the thread with id: 535
2024-05-01T04:57:48,460  INFO [HiveServer2-Background-Pool: Thread-535] metastore.HMSHandler: Created RawStore: org.apache.hadoop.hive.metastore.ObjectStore@3b7a729c from thread id: 535
2024-05-01T04:57:48,462  INFO [HiveServer2-Background-Pool: Thread-535] sqlstd.SQLStdHiveAccessController: Created SQLStdHiveAccessController for session context : HiveAuthzSessionContext [sessionString=5fb01fab-8b4b-4e56-9efe-81eb547b9d28, clientType=HIVESERVER2]
2024-05-01T04:57:48,462  INFO [HiveServer2-Background-Pool: Thread-535] exec.DDLTask: Found 3 database(s) matching the SHOW DATABASES statement.
2024-05-01T04:57:48,469  INFO [HiveServer2-Background-Pool: Thread-535] metadata.Hive: Dumping metastore api call timing information for : execution phase
2024-05-01T04:57:48,469  INFO [HiveServer2-Background-Pool: Thread-535] metadata.Hive: Total time spent in each metastore function (ms): {isCompatibleWith_(Configuration)=0, getAllDatabases_()=6}
2024-05-01T04:57:48,469  INFO [HiveServer2-Background-Pool: Thread-535] ql.Driver: Completed executing command(queryId=alex_20240501045748_25f9adcf-f2eb-4280-bbbb-706dd21c4aee); Time taken: 0.014 seconds
2024-05-01T04:57:48,470  INFO [HiveServer2-Background-Pool: Thread-535] common.LogUtils: Unregistered logging context.
2024-05-01T04:57:48,473  INFO [5fb01fab-8b4b-4e56-9efe-81eb547b9d28 main] operation.OperationManager: Closing operation: OperationHandle [opType=EXECUTE_STATEMENT, getHandleIdentifier()=a1db5a3a-a88c-471b-b55d-9f407d1795f4]
2024-05-01T04:57:48,473  INFO [5fb01fab-8b4b-4e56-9efe-81eb547b9d28 main] operation.OperationManager: Removed queryId: alex_20240501045748_25f9adcf-f2eb-4280-bbbb-706dd21c4aee corresponding to operation: OperationHandle [opType=EXECUTE_STATEMENT, getHandleIdentifier()=a1db5a3a-a88c-471b-b55d-9f407d1795f4] with tag: null
2024-05-01T04:57:48,473  INFO [5fb01fab-8b4b-4e56-9efe-81eb547b9d28 main] ql.Context: Deleting scratch dir: file:/home/alex/Repositories/hive/beeline/target/tmp/alex/5fb01fab-8b4b-4e56-9efe-81eb547b9d28/hive_2024-05-01_04-57-48_443_6307886330517640009-1
2024-05-01T04:57:48,473  INFO [5fb01fab-8b4b-4e56-9efe-81eb547b9d28 main] cleanup.EventualCleanupService: Delete file:/home/alex/Repositories/hive/beeline/target/tmp/alex/5fb01fab-8b4b-4e56-9efe-81eb547b9d28/hive_2024-05-01_04-57-48_443_6307886330517640009-1 operation was queued
2024-05-01T04:57:48,473  INFO [5fb01fab-8b4b-4e56-9efe-81eb547b9d28 main] exec.ListSinkOperator: Closing Operator: LIST_SINK[0]
2024-05-01T04:57:48,473  INFO [5fb01fab-8b4b-4e56-9efe-81eb547b9d28 main] exec.ListSinkOperator: RECORDS_OUT_INTERMEDIATE:0, RECORDS_OUT_OPERATOR_LIST_SINK_0:0, 
2024-05-01T04:57:48,473  INFO [5fb01fab-8b4b-4e56-9efe-81eb547b9d28 main] operation.SQLOperation: Closing operation log /home/alex/Repositories/hive/beeline/target/tmp/alex/operation_logs/5fb01fab-8b4b-4e56-9efe-81eb547b9d28/alex_20240501045748_25f9adcf-f2eb-4280-bbbb-706dd21c4aee without delay
2024-05-01T04:57:48,473  INFO [EventualCleanupService thread 0] cleanup.EventualCleanupService: Deleted file:/home/alex/Repositories/hive/beeline/target/tmp/alex/5fb01fab-8b4b-4e56-9efe-81eb547b9d28/hive_2024-05-01_04-57-48_443_6307886330517640009-1
2024-05-01T04:57:48,473  INFO [main] service.CompositeService: Session closed, SessionHandle [5fb01fab-8b4b-4e56-9efe-81eb547b9d28], current sessions:0
2024-05-01T04:57:48,473  INFO [5fb01fab-8b4b-4e56-9efe-81eb547b9d28 main] session.HiveSessionImpl: Operation log session directory is deleted: /home/alex/Repositories/hive/beeline/target/tmp/alex/operation_logs/5fb01fab-8b4b-4e56-9efe-81eb547b9d28
2024-05-01T04:57:48,474  INFO [main] cleanup.EventualCleanupService: Delete /tmp/hive/alex/5fb01fab-8b4b-4e56-9efe-81eb547b9d28 operation was queued
2024-05-01T04:57:48,474  INFO [main] cleanup.EventualCleanupService: Delete /home/alex/Repositories/hive/beeline/target/tmp/alex/5fb01fab-8b4b-4e56-9efe-81eb547b9d28 operation was queued
2024-05-01T04:57:48,474  INFO [EventualCleanupService thread 2] cleanup.EventualCleanupService: Deleted /home/alex/Repositories/hive/beeline/target/tmp/alex/5fb01fab-8b4b-4e56-9efe-81eb547b9d28
2024-05-01T04:57:48,474  INFO [EventualCleanupService thread 1] cleanup.EventualCleanupService: Deleted /tmp/hive/alex/5fb01fab-8b4b-4e56-9efe-81eb547b9d28
2024-05-01T04:57:48,474  INFO [main] HiveMetaStore.audit: ugi=alex	ip=unknown-ip-addr	cmd=Cleaning up thread local RawStore...	
2024-05-01T04:57:48,474  INFO [main] metastore.ObjectStore: RawStore: org.apache.hadoop.hive.metastore.ObjectStore@114badf0, with PersistenceManager: org.datanucleus.api.jdo.JDOPersistenceManager@19e8fe55 will be shutdown
2024-05-01T04:57:48,475  INFO [main] HiveMetaStore.audit: ugi=alex	ip=unknown-ip-addr	cmd=Done cleaning up thread local RawStore	
2024-05-01T04:57:48,475  INFO [main] metastore.HiveMetaStoreClient: Closed a connection to metastore, current connections: -34
2024-05-01T04:57:48,475 ERROR [main] cli.TestHiveCli: Failed due to the error:Connecting to jdbc:hive2://
Hive Session ID = c45b9b94-e5c4-4989-a793-39e0e4bfd953
ivysettings.xml file not found in HIVE_HOME or HIVE_CONF_DIR,/home/alex/Repositories/hive/conf/ivysettings.xml will be used
ivysettings.xml file not found in HIVE_HOME or HIVE_CONF_DIR,/home/alex/Repositories/hive/conf/ivysettings.xml will be used
Connected to: Apache Hive (version 4.0.0-SNAPSHOT)
Error: Couldn't load manifest attributes. (state=,code=0)
Transaction isolation: TRANSACTION_REPEATABLE_READ
INFO  : Compiling command(queryId=alex_20240501045748_25f9adcf-f2eb-4280-bbbb-706dd21c4aee): show databases
INFO  : Semantic Analysis Completed (retrial = false)
INFO  : Created Hive schema: Schema(fieldSchemas:[FieldSchema(name:database_name, type:string, comment:from deserializer)], properties:null)
INFO  : Completed compiling command(queryId=alex_20240501045748_25f9adcf-f2eb-4280-bbbb-706dd21c4aee); Time taken: 0.01 seconds
INFO  : Concurrency mode is disabled, not creating a lock manager
INFO  : Executing command(queryId=alex_20240501045748_25f9adcf-f2eb-4280-bbbb-706dd21c4aee): show databases
INFO  : Starting task [Stage-0:DDL] in serial mode
DEBUG : Task getting executed using mapred tag : alex_20240501045748_25f9adcf-f2eb-4280-bbbb-706dd21c4aee,userid=null
INFO  : Completed executing command(queryId=alex_20240501045748_25f9adcf-f2eb-4280-bbbb-706dd21c4aee); Time taken: 0.014 seconds
DEBUG : Shutting down query show databases
Error: Failed to wait for operation to complete (state=08S01,code=0)
Closing: 0: jdbc:hive2://

]]></system-err>
  </testcase>
  <testcase name="testSqlFromCmd" classname="org.apache.hive.beeline.cli.TestHiveCli" time="0.198">
    <failure type="java.lang.AssertionError"><![CDATA[java.lang.AssertionError: Supported return code is 0 while the actual is 1
	at org.junit.Assert.fail(Assert.java:89)
	at org.apache.hive.beeline.cli.TestHiveCli.executeCMD(TestHiveCli.java:256)
	at org.apache.hive.beeline.cli.TestHiveCli.verifyCMD(TestHiveCli.java:266)
	at org.apache.hive.beeline.cli.TestHiveCli.testSqlFromCmd(TestHiveCli.java:145)
	at sun.reflect.NativeMethodAccessorImpl.invoke0(Native Method)
	at sun.reflect.NativeMethodAccessorImpl.invoke(NativeMethodAccessorImpl.java:62)
	at sun.reflect.DelegatingMethodAccessorImpl.invoke(DelegatingMethodAccessorImpl.java:43)
	at java.lang.reflect.Method.invoke(Method.java:498)
	at org.junit.runners.model.FrameworkMethod$1.runReflectiveCall(FrameworkMethod.java:59)
	at org.junit.internal.runners.model.ReflectiveCallable.run(ReflectiveCallable.java:12)
	at org.junit.runners.model.FrameworkMethod.invokeExplosively(FrameworkMethod.java:56)
	at org.junit.internal.runners.statements.InvokeMethod.evaluate(InvokeMethod.java:17)
	at org.junit.internal.runners.statements.RunBefores.evaluate(RunBefores.java:26)
	at org.junit.internal.runners.statements.RunAfters.evaluate(RunAfters.java:27)
	at org.junit.runners.ParentRunner$3.evaluate(ParentRunner.java:306)
	at org.junit.runners.BlockJUnit4ClassRunner$1.evaluate(BlockJUnit4ClassRunner.java:100)
	at org.junit.runners.ParentRunner.runLeaf(ParentRunner.java:366)
	at org.junit.runners.BlockJUnit4ClassRunner.runChild(BlockJUnit4ClassRunner.java:103)
	at org.junit.runners.BlockJUnit4ClassRunner.runChild(BlockJUnit4ClassRunner.java:63)
	at org.junit.runners.ParentRunner$4.run(ParentRunner.java:331)
	at org.junit.runners.ParentRunner$1.schedule(ParentRunner.java:79)
	at org.junit.runners.ParentRunner.runChildren(ParentRunner.java:329)
	at org.junit.runners.ParentRunner.access$100(ParentRunner.java:66)
	at org.junit.runners.ParentRunner$2.evaluate(ParentRunner.java:293)
	at org.junit.internal.runners.statements.RunBefores.evaluate(RunBefores.java:26)
	at org.junit.runners.ParentRunner$3.evaluate(ParentRunner.java:306)
	at org.junit.runners.ParentRunner.run(ParentRunner.java:413)
	at org.junit.runner.JUnitCore.run(JUnitCore.java:137)
	at org.junit.runner.JUnitCore.run(JUnitCore.java:115)
	at org.junit.vintage.engine.execution.RunnerExecutor.execute(RunnerExecutor.java:43)
	at java.util.stream.ForEachOps$ForEachOp$OfRef.accept(ForEachOps.java:183)
	at java.util.stream.ReferencePipeline$3$1.accept(ReferencePipeline.java:193)
	at java.util.Iterator.forEachRemaining(Iterator.java:116)
	at java.util.Spliterators$IteratorSpliterator.forEachRemaining(Spliterators.java:1801)
	at java.util.stream.AbstractPipeline.copyInto(AbstractPipeline.java:482)
	at java.util.stream.AbstractPipeline.wrapAndCopyInto(AbstractPipeline.java:472)
	at java.util.stream.ForEachOps$ForEachOp.evaluateSequential(ForEachOps.java:150)
	at java.util.stream.ForEachOps$ForEachOp$OfRef.evaluateSequential(ForEachOps.java:173)
	at java.util.stream.AbstractPipeline.evaluate(AbstractPipeline.java:234)
	at java.util.stream.ReferencePipeline.forEach(ReferencePipeline.java:485)
	at org.junit.vintage.engine.VintageTestEngine.executeAllChildren(VintageTestEngine.java:82)
	at org.junit.vintage.engine.VintageTestEngine.execute(VintageTestEngine.java:73)
	at org.junit.platform.launcher.core.DefaultLauncher.execute(DefaultLauncher.java:248)
	at org.junit.platform.launcher.core.DefaultLauncher.lambda$execute$5(DefaultLauncher.java:211)
	at org.junit.platform.launcher.core.DefaultLauncher.withInterceptedStreams(DefaultLauncher.java:226)
	at org.junit.platform.launcher.core.DefaultLauncher.execute(DefaultLauncher.java:199)
	at org.junit.platform.launcher.core.DefaultLauncher.execute(DefaultLauncher.java:132)
	at org.apache.maven.surefire.junitplatform.JUnitPlatformProvider.invokeAllTests(JUnitPlatformProvider.java:154)
	at org.apache.maven.surefire.junitplatform.JUnitPlatformProvider.invoke(JUnitPlatformProvider.java:123)
	at org.apache.maven.surefire.booter.ForkedBooter.runSuitesInProcess(ForkedBooter.java:377)
	at org.apache.maven.surefire.booter.ForkedBooter.execute(ForkedBooter.java:138)
	at org.apache.maven.surefire.booter.ForkedBooter.run(ForkedBooter.java:465)
	at org.apache.maven.surefire.booter.ForkedBooter.main(ForkedBooter.java:451)
]]></failure>
    <system-err><![CDATA[2024-05-01T04:57:48,479 ERROR [main] cli.TestHiveCli: Failed to execute command due to the error: java.lang.NullPointerException: Null output stream
2024-05-01T04:57:48,528  WARN [main] conf.HiveConf: HiveConf of name hive.dummyparam.test.server.specific.config.override does not exist
2024-05-01T04:57:48,528  WARN [main] conf.HiveConf: HiveConf of name hive.dummyparam.test.server.specific.config.hiveserver2site does not exist
2024-05-01T04:57:48,528  WARN [main] conf.HiveConf: HiveConf of name hive.dummyparam.test.server.specific.config.metastoresite does not exist
2024-05-01T04:57:48,528  INFO [main] SessionState: Hive Session ID = 391a7cc6-5b10-47b1-99ac-a15767ae2f07
2024-05-01T04:57:48,529  INFO [main] DependencyResolver: ivysettings.xml file not found in HIVE_HOME or HIVE_CONF_DIR,/home/alex/Repositories/hive/conf/ivysettings.xml will be used
2024-05-01T04:57:48,536  INFO [main] session.SessionState: Created HDFS directory: /tmp/hive/alex/391a7cc6-5b10-47b1-99ac-a15767ae2f07
2024-05-01T04:57:48,540  INFO [main] session.SessionState: Created local directory: /home/alex/Repositories/hive/beeline/target/tmp/alex/391a7cc6-5b10-47b1-99ac-a15767ae2f07
2024-05-01T04:57:48,543  INFO [main] session.SessionState: Created HDFS directory: /tmp/hive/alex/391a7cc6-5b10-47b1-99ac-a15767ae2f07/_tmp_space.db
2024-05-01T04:57:48,544  INFO [main] sqlstd.SQLStdHiveAccessController: Created SQLStdHiveAccessController for session context : HiveAuthzSessionContext [sessionString=391a7cc6-5b10-47b1-99ac-a15767ae2f07, clientType=HIVESERVER2]
2024-05-01T04:57:48,544  INFO [main] metastore.HiveMetaStoreClient: HMS client filtering is enabled.
2024-05-01T04:57:48,545  INFO [main] metastore.HMSHandler: 0: Opening raw store with implementation class:org.apache.hadoop.hive.metastore.ObjectStore
2024-05-01T04:57:48,545  INFO [main] metastore.PersistenceManagerProvider: Configuration datanucleus.autoStartMechanismMode is not set. Defaulting to 'ignored'
2024-05-01T04:57:48,545  INFO [main] metastore.ObjectStore: RawStore: org.apache.hadoop.hive.metastore.ObjectStore@5d15789f, with PersistenceManager: null will be shutdown
2024-05-01T04:57:48,545  INFO [main] metastore.ObjectStore: RawStore: org.apache.hadoop.hive.metastore.ObjectStore@5d15789f, with PersistenceManager: org.datanucleus.api.jdo.JDOPersistenceManager@5abb7a8f created in the thread with id: 1
2024-05-01T04:57:48,547  INFO [main] metastore.HMSHandler: Created RawStore: org.apache.hadoop.hive.metastore.ObjectStore@5d15789f from thread id: 1
2024-05-01T04:57:48,547  INFO [main] metastore.HMSHandler: HMS server filtering is disabled by configuration
2024-05-01T04:57:48,547  INFO [main] metastore.RetryingMetaStoreClient: RetryingMetaStoreClient proxy=class org.apache.hadoop.hive.ql.metadata.SessionHiveMetaStoreClient ugi=alex (auth:SIMPLE) retries=1 delay=1 lifetime=0
2024-05-01T04:57:48,548  INFO [main] service.CompositeService: Operation log root directory is created: /home/alex/Repositories/hive/beeline/target/tmp/alex/operation_logs
2024-05-01T04:57:48,548  INFO [main] service.CompositeService: HiveServer2: Background operation thread pool size: 100
2024-05-01T04:57:48,548  INFO [main] service.CompositeService: HiveServer2: Background operation thread wait queue size: 100
2024-05-01T04:57:48,548  INFO [main] service.CompositeService: HiveServer2: Background operation thread keepalive time: 10 seconds
2024-05-01T04:57:48,548  INFO [main] service.CompositeService: Connections limit are user: 0 ipaddress: 0 user-ipaddress: 0
2024-05-01T04:57:48,549  INFO [main] cleanup.EventualCleanupService: EventualCleanupService started with 10 threads and queue of size 10000
ERROR StatusLogger Log4j2 ConfigurationScheduler attempted to increment scheduled items after start
ERROR StatusLogger Log4j2 ConfigurationScheduler attempted to increment scheduled items after start
2024-05-01T04:57:48,551  INFO [main] service.AbstractService: Service:OperationManager is inited.
2024-05-01T04:57:48,551  INFO [main] service.AbstractService: Service:SessionManager is inited.
2024-05-01T04:57:48,551  INFO [main] service.AbstractService: Service:CLIService is inited.
2024-05-01T04:57:48,551  INFO [main] service.AbstractService: Service:OperationManager is started.
2024-05-01T04:57:48,551  INFO [main] service.AbstractService: Service:SessionManager is started.
2024-05-01T04:57:48,551  INFO [main] service.AbstractService: Service:CLIService is started.
2024-05-01T04:57:48,551  INFO [main] service.AbstractService: Service:ThriftBinaryCLIService is inited.
2024-05-01T04:57:48,551  INFO [main] thrift.ThriftCLIService: Client protocol version: HIVE_CLI_SERVICE_PROTOCOL_V10
2024-05-01T04:57:48,551  INFO [main] thrift.ThriftCLIService: Creating Hive session handle for user [null] from IP null
2024-05-01T04:57:48,552  INFO [main] DependencyResolver: ivysettings.xml file not found in HIVE_HOME or HIVE_CONF_DIR,/home/alex/Repositories/hive/conf/ivysettings.xml will be used
2024-05-01T04:57:48,560  INFO [main] session.SessionState: Created HDFS directory: /tmp/hive/alex/6802187e-968f-4ad1-9905-de88fe39a2d9
2024-05-01T04:57:48,563  INFO [main] session.SessionState: Created local directory: /home/alex/Repositories/hive/beeline/target/tmp/alex/6802187e-968f-4ad1-9905-de88fe39a2d9
2024-05-01T04:57:48,567  INFO [main] session.SessionState: Created HDFS directory: /tmp/hive/alex/6802187e-968f-4ad1-9905-de88fe39a2d9/_tmp_space.db
2024-05-01T04:57:48,567  INFO [main] session.SessionState: Reloading auxiliary JAR files
2024-05-01T04:57:48,567  WARN [main] session.SessionState: Configuration hive.reloadable.aux.jars.path not specified
2024-05-01T04:57:48,567  INFO [main] HiveMetaStore.audit: ugi=alex	ip=unknown-ip-addr	cmd=Cleaning up thread local RawStore...	
2024-05-01T04:57:48,567  INFO [main] metastore.ObjectStore: RawStore: org.apache.hadoop.hive.metastore.ObjectStore@5d15789f, with PersistenceManager: org.datanucleus.api.jdo.JDOPersistenceManager@5abb7a8f will be shutdown
2024-05-01T04:57:48,568  INFO [main] HiveMetaStore.audit: ugi=alex	ip=unknown-ip-addr	cmd=Done cleaning up thread local RawStore	
2024-05-01T04:57:48,568  INFO [main] metastore.HiveMetaStoreClient: Closed a connection to metastore, current connections: -35
2024-05-01T04:57:48,568  INFO [main] session.HiveSessionImpl: Operation log session directory is created: /home/alex/Repositories/hive/beeline/target/tmp/alex/operation_logs/6802187e-968f-4ad1-9905-de88fe39a2d9
2024-05-01T04:57:48,568  INFO [main] service.CompositeService: Session opened, SessionHandle [6802187e-968f-4ad1-9905-de88fe39a2d9], current sessions:1
2024-05-01T04:57:48,568  INFO [main] thrift.ThriftCLIService: Login attempt is successful for user : null
2024-05-01T04:57:48,616  WARN [main] conf.HiveConf: HiveConf of name hive.dummyparam.test.server.specific.config.override does not exist
2024-05-01T04:57:48,616  WARN [main] conf.HiveConf: HiveConf of name hive.dummyparam.test.server.specific.config.hiveserver2site does not exist
2024-05-01T04:57:48,616  WARN [main] conf.HiveConf: HiveConf of name hive.dummyparam.test.server.specific.config.metastoresite does not exist
2024-05-01T04:57:48,616  INFO [6802187e-968f-4ad1-9905-de88fe39a2d9 main] session.HiveSessionImpl: executing set
2024-05-01T04:57:48,617  INFO [6802187e-968f-4ad1-9905-de88fe39a2d9 main] operation.HiveCommandOperation: Putting temp output to file /home/alex/Repositories/hive/beeline/target/tmp/alex/6802187e-968f-4ad1-9905-de88fe39a2d99155003330126295320.pipeout and error output to file /home/alex/Repositories/hive/beeline/target/tmp/alex/6802187e-968f-4ad1-9905-de88fe39a2d96493881224068322884.pipeout
2024-05-01T04:57:48,617  INFO [6802187e-968f-4ad1-9905-de88fe39a2d9 main] operation.OperationManager: Adding operation: OperationHandle [opType=EXECUTE_STATEMENT, getHandleIdentifier()=a45d1251-6a1d-4615-8706-3ba94872b0bf] SessionHandle [6802187e-968f-4ad1-9905-de88fe39a2d9]
2024-05-01T04:57:48,617  INFO [6802187e-968f-4ad1-9905-de88fe39a2d9 main] common.LogUtils: Thread context registration is done.
DEBUG StatusLogger Building Plugin[name=filter, class=org.apache.hadoop.hive.ql.log.LogDivertAppender$NameFilter].
DEBUG StatusLogger createFilter(loggingLevel="EXECUTION")
DEBUG StatusLogger Building Plugin[name=layout, class=org.apache.logging.log4j.core.layout.PatternLayout].
DEBUG StatusLogger PatternLayout$Builder(pattern="%-5p : %m%n", PatternSelector=null, Configuration(HiveLog4j2Test), Replace=null, charset="null", alwaysWriteExceptions="null", disableAnsi="null", noConsoleNoAnsi="null", header="null", footer="null")
DEBUG StatusLogger Building Plugin[name=appender, class=org.apache.hadoop.hive.ql.log.HushableRandomAccessFileAppender].
DEBUG StatusLogger createAppender(fileName="/home/alex/Repositories/hive/beeline/target/tmp/alex/operation_logs/6802187e-968f-4ad1-9905-de88fe39a2d9/alex_20240501045748_7d1fb718-e8d1-4575-984d-ecd5bb03873f", append="null", name="query-file-appender", immediateFlush="null", bufferSize="null", ignoreExceptions="null", PatternLayout(org.apache.logging.log4j.core.layout.PatternLayout with name PatternLayout), NameFilter(org.apache.hadoop.hive.ql.log.LogDivertAppender$NameFilter with name NameFilter), advertise="null", advertiseURI="null", Configuration(HiveLog4j2Test))
DEBUG StatusLogger Starting RandomAccessFileManager /home/alex/Repositories/hive/beeline/target/tmp/alex/operation_logs/6802187e-968f-4ad1-9905-de88fe39a2d9/alex_20240501045748_7d1fb718-e8d1-4575-984d-ecd5bb03873f
DEBUG StatusLogger Building Plugin[name=, class=org.apache.hadoop.hive.ql.log.LogDivertAppenderForTest$TestFilter].
DEBUG StatusLogger createFilter()
DEBUG StatusLogger Building Plugin[name=, class=org.apache.logging.log4j.core.layout.PatternLayout].
DEBUG StatusLogger PatternLayout$Builder(pattern="%-5p : %m%n", PatternSelector=null, Configuration(HiveLog4j2Test), Replace=null, charset="null", alwaysWriteExceptions="null", disableAnsi="null", noConsoleNoAnsi="null", header="null", footer="null")
DEBUG StatusLogger Building Plugin[name=appender, class=org.apache.hadoop.hive.ql.log.HushableRandomAccessFileAppender].
DEBUG StatusLogger createAppender(fileName="/home/alex/Repositories/hive/beeline/target/tmp/alex/operation_logs/6802187e-968f-4ad1-9905-de88fe39a2d9/alex_20240501045748_7d1fb718-e8d1-4575-984d-ecd5bb03873f.test", append="null", name="test-query-file-appender", immediateFlush="null", bufferSize="null", ignoreExceptions="null", PatternLayout(org.apache.logging.log4j.core.layout.PatternLayout with name PatternLayout), test-filter(org.apache.hadoop.hive.ql.log.LogDivertAppenderForTest$TestFilter with name test-filter), advertise="null", advertiseURI="null", Configuration(HiveLog4j2Test))
DEBUG StatusLogger Starting RandomAccessFileManager /home/alex/Repositories/hive/beeline/target/tmp/alex/operation_logs/6802187e-968f-4ad1-9905-de88fe39a2d9/alex_20240501045748_7d1fb718-e8d1-4575-984d-ecd5bb03873f.test
2024-05-01T04:57:48,620  INFO [6802187e-968f-4ad1-9905-de88fe39a2d9 main] operation.HiveCommandOperation: [opType=EXECUTE_STATEMENT, queryId=alex_20240501045748_7d1fb718-e8d1-4575-984d-ecd5bb03873f, startTime=1714564668616, sessionId=6802187e-968f-4ad1-9905-de88fe39a2d9, createTime=1714564668551, userName=null, ipAddress=null]
2024-05-01T04:57:48,630  INFO [6802187e-968f-4ad1-9905-de88fe39a2d9 main] common.LogUtils: Unregistered logging context.
2024-05-01T04:57:48,633  INFO [6802187e-968f-4ad1-9905-de88fe39a2d9 main] operation.OperationManager: Closing operation: OperationHandle [opType=EXECUTE_STATEMENT, getHandleIdentifier()=a45d1251-6a1d-4615-8706-3ba94872b0bf]
2024-05-01T04:57:48,633  INFO [6802187e-968f-4ad1-9905-de88fe39a2d9 main] operation.OperationManager: Removed queryId: alex_20240501045748_7d1fb718-e8d1-4575-984d-ecd5bb03873f corresponding to operation: OperationHandle [opType=EXECUTE_STATEMENT, getHandleIdentifier()=a45d1251-6a1d-4615-8706-3ba94872b0bf] with tag: null
2024-05-01T04:57:48,634  INFO [6802187e-968f-4ad1-9905-de88fe39a2d9 main] operation.HiveCommandOperation: Closing operation log /home/alex/Repositories/hive/beeline/target/tmp/alex/operation_logs/6802187e-968f-4ad1-9905-de88fe39a2d9/alex_20240501045748_7d1fb718-e8d1-4575-984d-ecd5bb03873f without delay
2024-05-01T04:57:48,636  INFO [6802187e-968f-4ad1-9905-de88fe39a2d9 main] session.HiveSessionImpl: executing show databases
2024-05-01T04:57:48,637  INFO [6802187e-968f-4ad1-9905-de88fe39a2d9 main] operation.OperationManager: Adding operation: OperationHandle [opType=EXECUTE_STATEMENT, getHandleIdentifier()=990f918c-af36-4769-9d4f-c586c868f852] SessionHandle [6802187e-968f-4ad1-9905-de88fe39a2d9]
2024-05-01T04:57:48,637  INFO [6802187e-968f-4ad1-9905-de88fe39a2d9 main] common.LogUtils: Thread context registration is done.
DEBUG StatusLogger Building Plugin[name=filter, class=org.apache.hadoop.hive.ql.log.LogDivertAppender$NameFilter].
DEBUG StatusLogger createFilter(loggingLevel="EXECUTION")
DEBUG StatusLogger Building Plugin[name=layout, class=org.apache.logging.log4j.core.layout.PatternLayout].
DEBUG StatusLogger PatternLayout$Builder(pattern="%-5p : %m%n", PatternSelector=null, Configuration(HiveLog4j2Test), Replace=null, charset="null", alwaysWriteExceptions="null", disableAnsi="null", noConsoleNoAnsi="null", header="null", footer="null")
DEBUG StatusLogger Building Plugin[name=appender, class=org.apache.hadoop.hive.ql.log.HushableRandomAccessFileAppender].
DEBUG StatusLogger createAppender(fileName="/home/alex/Repositories/hive/beeline/target/tmp/alex/operation_logs/6802187e-968f-4ad1-9905-de88fe39a2d9/alex_20240501045748_8f85571b-2af1-4270-91cf-ded64f2a2796", append="null", name="query-file-appender", immediateFlush="null", bufferSize="null", ignoreExceptions="null", PatternLayout(org.apache.logging.log4j.core.layout.PatternLayout with name PatternLayout), NameFilter(org.apache.hadoop.hive.ql.log.LogDivertAppender$NameFilter with name NameFilter), advertise="null", advertiseURI="null", Configuration(HiveLog4j2Test))
DEBUG StatusLogger Starting RandomAccessFileManager /home/alex/Repositories/hive/beeline/target/tmp/alex/operation_logs/6802187e-968f-4ad1-9905-de88fe39a2d9/alex_20240501045748_8f85571b-2af1-4270-91cf-ded64f2a2796
DEBUG StatusLogger Building Plugin[name=, class=org.apache.hadoop.hive.ql.log.LogDivertAppenderForTest$TestFilter].
DEBUG StatusLogger createFilter()
DEBUG StatusLogger Building Plugin[name=, class=org.apache.logging.log4j.core.layout.PatternLayout].
DEBUG StatusLogger PatternLayout$Builder(pattern="%-5p : %m%n", PatternSelector=null, Configuration(HiveLog4j2Test), Replace=null, charset="null", alwaysWriteExceptions="null", disableAnsi="null", noConsoleNoAnsi="null", header="null", footer="null")
DEBUG StatusLogger Building Plugin[name=appender, class=org.apache.hadoop.hive.ql.log.HushableRandomAccessFileAppender].
DEBUG StatusLogger createAppender(fileName="/home/alex/Repositories/hive/beeline/target/tmp/alex/operation_logs/6802187e-968f-4ad1-9905-de88fe39a2d9/alex_20240501045748_8f85571b-2af1-4270-91cf-ded64f2a2796.test", append="null", name="test-query-file-appender", immediateFlush="null", bufferSize="null", ignoreExceptions="null", PatternLayout(org.apache.logging.log4j.core.layout.PatternLayout with name PatternLayout), test-filter(org.apache.hadoop.hive.ql.log.LogDivertAppenderForTest$TestFilter with name test-filter), advertise="null", advertiseURI="null", Configuration(HiveLog4j2Test))
DEBUG StatusLogger Starting RandomAccessFileManager /home/alex/Repositories/hive/beeline/target/tmp/alex/operation_logs/6802187e-968f-4ad1-9905-de88fe39a2d9/alex_20240501045748_8f85571b-2af1-4270-91cf-ded64f2a2796.test
2024-05-01T04:57:48,641  INFO [6802187e-968f-4ad1-9905-de88fe39a2d9 main] operation.SQLOperation: [opType=EXECUTE_STATEMENT, queryId=alex_20240501045748_8f85571b-2af1-4270-91cf-ded64f2a2796, startTime=1714564668636, sessionId=6802187e-968f-4ad1-9905-de88fe39a2d9, createTime=1714564668551, userName=null, ipAddress=null]
2024-05-01T04:57:48,642  INFO [6802187e-968f-4ad1-9905-de88fe39a2d9 main] ql.Driver: Compiling command(queryId=alex_20240501045748_8f85571b-2af1-4270-91cf-ded64f2a2796): show databases
2024-05-01T04:57:48,642  INFO [6802187e-968f-4ad1-9905-de88fe39a2d9 main] metastore.HiveMetaStoreClient: HMS client filtering is enabled.
2024-05-01T04:57:48,643  INFO [6802187e-968f-4ad1-9905-de88fe39a2d9 main] metastore.HMSHandler: 0: Opening raw store with implementation class:org.apache.hadoop.hive.metastore.ObjectStore
2024-05-01T04:57:48,643  INFO [6802187e-968f-4ad1-9905-de88fe39a2d9 main] metastore.PersistenceManagerProvider: Configuration datanucleus.autoStartMechanismMode is not set. Defaulting to 'ignored'
2024-05-01T04:57:48,643  INFO [6802187e-968f-4ad1-9905-de88fe39a2d9 main] metastore.ObjectStore: RawStore: org.apache.hadoop.hive.metastore.ObjectStore@57f1a1de, with PersistenceManager: null will be shutdown
2024-05-01T04:57:48,644  INFO [6802187e-968f-4ad1-9905-de88fe39a2d9 main] metastore.ObjectStore: RawStore: org.apache.hadoop.hive.metastore.ObjectStore@57f1a1de, with PersistenceManager: org.datanucleus.api.jdo.JDOPersistenceManager@4a6ef712 created in the thread with id: 1
2024-05-01T04:57:48,645  INFO [6802187e-968f-4ad1-9905-de88fe39a2d9 main] metastore.HMSHandler: Created RawStore: org.apache.hadoop.hive.metastore.ObjectStore@57f1a1de from thread id: 1
2024-05-01T04:57:48,646  INFO [6802187e-968f-4ad1-9905-de88fe39a2d9 main] metastore.HMSHandler: HMS server filtering is disabled by configuration
2024-05-01T04:57:48,646  INFO [6802187e-968f-4ad1-9905-de88fe39a2d9 main] metastore.RetryingMetaStoreClient: RetryingMetaStoreClient proxy=class org.apache.hadoop.hive.ql.metadata.SessionHiveMetaStoreClient ugi=alex (auth:SIMPLE) retries=1 delay=1 lifetime=0
2024-05-01T04:57:48,649  INFO [6802187e-968f-4ad1-9905-de88fe39a2d9 main] ql.Driver: Semantic Analysis Completed (retrial = false)
2024-05-01T04:57:48,650  INFO [6802187e-968f-4ad1-9905-de88fe39a2d9 main] ql.Driver: Created Hive schema: Schema(fieldSchemas:[FieldSchema(name:database_name, type:string, comment:from deserializer)], properties:null)
2024-05-01T04:57:48,650  INFO [6802187e-968f-4ad1-9905-de88fe39a2d9 main] exec.ListSinkOperator: Initializing Operator: LIST_SINK[0]
2024-05-01T04:57:48,651  INFO [6802187e-968f-4ad1-9905-de88fe39a2d9 main] metadata.Hive: Dumping metastore api call timing information for : compilation phase
2024-05-01T04:57:48,651  INFO [6802187e-968f-4ad1-9905-de88fe39a2d9 main] metadata.Hive: Total time spent in each metastore function (ms): {isCompatibleWith_(Configuration)=0, flushCache_()=0}
2024-05-01T04:57:48,651  INFO [6802187e-968f-4ad1-9905-de88fe39a2d9 main] ql.Driver: Completed compiling command(queryId=alex_20240501045748_8f85571b-2af1-4270-91cf-ded64f2a2796); Time taken: 0.009 seconds
2024-05-01T04:57:48,651  INFO [6802187e-968f-4ad1-9905-de88fe39a2d9 main] common.LogUtils: Unregistered logging context.
2024-05-01T04:57:48,652  INFO [HiveServer2-Background-Pool: Thread-561] common.LogUtils: Thread context registration is done.
2024-05-01T04:57:48,652  INFO [HiveServer2-Background-Pool: Thread-561] reexec.ReExecDriver: Execution #1 of query
2024-05-01T04:57:48,652  INFO [HiveServer2-Background-Pool: Thread-561] ql.Driver: Concurrency mode is disabled, not creating a lock manager
2024-05-01T04:57:48,653  INFO [HiveServer2-Background-Pool: Thread-561] ql.Driver: Executing command(queryId=alex_20240501045748_8f85571b-2af1-4270-91cf-ded64f2a2796): show databases
2024-05-01T04:57:48,653  INFO [HiveServer2-Background-Pool: Thread-561] ql.Driver: Starting task [Stage-0:DDL] in serial mode
2024-05-01T04:57:48,654  INFO [HiveServer2-Background-Pool: Thread-561] HiveMetaStore.audit: ugi=alex	ip=unknown-ip-addr	cmd=get_databases: @hive#	
2024-05-01T04:57:48,655  INFO [HiveServer2-Background-Pool: Thread-561] metastore.HMSHandler: 26: Opening raw store with implementation class:org.apache.hadoop.hive.metastore.ObjectStore
2024-05-01T04:57:48,655  INFO [HiveServer2-Background-Pool: Thread-561] metastore.ObjectStore: RawStore: org.apache.hadoop.hive.metastore.ObjectStore@752bb8, with PersistenceManager: null will be shutdown
2024-05-01T04:57:48,655  INFO [HiveServer2-Background-Pool: Thread-561] metastore.ObjectStore: RawStore: org.apache.hadoop.hive.metastore.ObjectStore@752bb8, with PersistenceManager: org.datanucleus.api.jdo.JDOPersistenceManager@4577b5d2 created in the thread with id: 561
2024-05-01T04:57:48,658  INFO [HiveServer2-Background-Pool: Thread-561] metastore.HMSHandler: Created RawStore: org.apache.hadoop.hive.metastore.ObjectStore@752bb8 from thread id: 561
2024-05-01T04:57:48,659  INFO [HiveServer2-Background-Pool: Thread-561] sqlstd.SQLStdHiveAccessController: Created SQLStdHiveAccessController for session context : HiveAuthzSessionContext [sessionString=6802187e-968f-4ad1-9905-de88fe39a2d9, clientType=HIVESERVER2]
2024-05-01T04:57:48,660  INFO [HiveServer2-Background-Pool: Thread-561] exec.DDLTask: Found 3 database(s) matching the SHOW DATABASES statement.
2024-05-01T04:57:48,667  INFO [HiveServer2-Background-Pool: Thread-561] metadata.Hive: Dumping metastore api call timing information for : execution phase
2024-05-01T04:57:48,667  INFO [HiveServer2-Background-Pool: Thread-561] metadata.Hive: Total time spent in each metastore function (ms): {isCompatibleWith_(Configuration)=0, getAllDatabases_()=6}
2024-05-01T04:57:48,667  INFO [HiveServer2-Background-Pool: Thread-561] ql.Driver: Completed executing command(queryId=alex_20240501045748_8f85571b-2af1-4270-91cf-ded64f2a2796); Time taken: 0.014 seconds
2024-05-01T04:57:48,667  INFO [HiveServer2-Background-Pool: Thread-561] common.LogUtils: Unregistered logging context.
2024-05-01T04:57:48,670  INFO [6802187e-968f-4ad1-9905-de88fe39a2d9 main] operation.OperationManager: Closing operation: OperationHandle [opType=EXECUTE_STATEMENT, getHandleIdentifier()=990f918c-af36-4769-9d4f-c586c868f852]
2024-05-01T04:57:48,670  INFO [6802187e-968f-4ad1-9905-de88fe39a2d9 main] operation.OperationManager: Removed queryId: alex_20240501045748_8f85571b-2af1-4270-91cf-ded64f2a2796 corresponding to operation: OperationHandle [opType=EXECUTE_STATEMENT, getHandleIdentifier()=990f918c-af36-4769-9d4f-c586c868f852] with tag: null
2024-05-01T04:57:48,671  INFO [6802187e-968f-4ad1-9905-de88fe39a2d9 main] ql.Context: Deleting scratch dir: file:/home/alex/Repositories/hive/beeline/target/tmp/alex/6802187e-968f-4ad1-9905-de88fe39a2d9/hive_2024-05-01_04-57-48_641_7534635645547951123-1
2024-05-01T04:57:48,671  INFO [6802187e-968f-4ad1-9905-de88fe39a2d9 main] cleanup.EventualCleanupService: Delete file:/home/alex/Repositories/hive/beeline/target/tmp/alex/6802187e-968f-4ad1-9905-de88fe39a2d9/hive_2024-05-01_04-57-48_641_7534635645547951123-1 operation was queued
2024-05-01T04:57:48,671  INFO [6802187e-968f-4ad1-9905-de88fe39a2d9 main] exec.ListSinkOperator: Closing Operator: LIST_SINK[0]
2024-05-01T04:57:48,671  INFO [6802187e-968f-4ad1-9905-de88fe39a2d9 main] exec.ListSinkOperator: RECORDS_OUT_INTERMEDIATE:0, RECORDS_OUT_OPERATOR_LIST_SINK_0:0, 
2024-05-01T04:57:48,671  INFO [6802187e-968f-4ad1-9905-de88fe39a2d9 main] operation.SQLOperation: Closing operation log /home/alex/Repositories/hive/beeline/target/tmp/alex/operation_logs/6802187e-968f-4ad1-9905-de88fe39a2d9/alex_20240501045748_8f85571b-2af1-4270-91cf-ded64f2a2796 without delay
2024-05-01T04:57:48,671  INFO [main] service.CompositeService: Session closed, SessionHandle [6802187e-968f-4ad1-9905-de88fe39a2d9], current sessions:0
2024-05-01T04:57:48,671  INFO [EventualCleanupService thread 0] cleanup.EventualCleanupService: Deleted file:/home/alex/Repositories/hive/beeline/target/tmp/alex/6802187e-968f-4ad1-9905-de88fe39a2d9/hive_2024-05-01_04-57-48_641_7534635645547951123-1
2024-05-01T04:57:48,671  INFO [6802187e-968f-4ad1-9905-de88fe39a2d9 main] session.HiveSessionImpl: Operation log session directory is deleted: /home/alex/Repositories/hive/beeline/target/tmp/alex/operation_logs/6802187e-968f-4ad1-9905-de88fe39a2d9
2024-05-01T04:57:48,671  INFO [main] cleanup.EventualCleanupService: Delete /tmp/hive/alex/6802187e-968f-4ad1-9905-de88fe39a2d9 operation was queued
2024-05-01T04:57:48,672  INFO [main] cleanup.EventualCleanupService: Delete /home/alex/Repositories/hive/beeline/target/tmp/alex/6802187e-968f-4ad1-9905-de88fe39a2d9 operation was queued
2024-05-01T04:57:48,672  INFO [EventualCleanupService thread 2] cleanup.EventualCleanupService: Deleted /home/alex/Repositories/hive/beeline/target/tmp/alex/6802187e-968f-4ad1-9905-de88fe39a2d9
2024-05-01T04:57:48,672  INFO [EventualCleanupService thread 1] cleanup.EventualCleanupService: Deleted /tmp/hive/alex/6802187e-968f-4ad1-9905-de88fe39a2d9
2024-05-01T04:57:48,672  INFO [main] HiveMetaStore.audit: ugi=alex	ip=unknown-ip-addr	cmd=Cleaning up thread local RawStore...	
2024-05-01T04:57:48,672  INFO [main] metastore.ObjectStore: RawStore: org.apache.hadoop.hive.metastore.ObjectStore@57f1a1de, with PersistenceManager: org.datanucleus.api.jdo.JDOPersistenceManager@4a6ef712 will be shutdown
2024-05-01T04:57:48,672  INFO [main] HiveMetaStore.audit: ugi=alex	ip=unknown-ip-addr	cmd=Done cleaning up thread local RawStore	
2024-05-01T04:57:48,672  INFO [main] metastore.HiveMetaStoreClient: Closed a connection to metastore, current connections: -36
2024-05-01T04:57:48,673 ERROR [main] cli.TestHiveCli: Failed due to the error:Connecting to jdbc:hive2://
Hive Session ID = 391a7cc6-5b10-47b1-99ac-a15767ae2f07
ivysettings.xml file not found in HIVE_HOME or HIVE_CONF_DIR,/home/alex/Repositories/hive/conf/ivysettings.xml will be used
ivysettings.xml file not found in HIVE_HOME or HIVE_CONF_DIR,/home/alex/Repositories/hive/conf/ivysettings.xml will be used
Connected to: Apache Hive (version 4.0.0-SNAPSHOT)
Error: Couldn't load manifest attributes. (state=,code=0)
Transaction isolation: TRANSACTION_REPEATABLE_READ
INFO  : Compiling command(queryId=alex_20240501045748_8f85571b-2af1-4270-91cf-ded64f2a2796): show databases
INFO  : Semantic Analysis Completed (retrial = false)
INFO  : Created Hive schema: Schema(fieldSchemas:[FieldSchema(name:database_name, type:string, comment:from deserializer)], properties:null)
INFO  : Completed compiling command(queryId=alex_20240501045748_8f85571b-2af1-4270-91cf-ded64f2a2796); Time taken: 0.009 seconds
INFO  : Concurrency mode is disabled, not creating a lock manager
INFO  : Executing command(queryId=alex_20240501045748_8f85571b-2af1-4270-91cf-ded64f2a2796): show databases
INFO  : Starting task [Stage-0:DDL] in serial mode
DEBUG : Task getting executed using mapred tag : alex_20240501045748_8f85571b-2af1-4270-91cf-ded64f2a2796,userid=null
INFO  : Completed executing command(queryId=alex_20240501045748_8f85571b-2af1-4270-91cf-ded64f2a2796); Time taken: 0.014 seconds
DEBUG : Shutting down query show databases
Error: Failed to wait for operation to complete (state=08S01,code=0)
Closing: 0: jdbc:hive2://

]]></system-err>
  </testcase>
  <testcase name="testInvalidDatabaseOptions" classname="org.apache.hive.beeline.cli.TestHiveCli" time="0.217"/>
  <testcase name="testVariables" classname="org.apache.hive.beeline.cli.TestHiveCli" time="0.338"/>
  <testcase name="testInvalidOptions" classname="org.apache.hive.beeline.cli.TestHiveCli" time="0.002"/>
  <testcase name="testVariablesForSource" classname="org.apache.hive.beeline.cli.TestHiveCli" time="0.538">
    <failure type="java.lang.AssertionError"><![CDATA[java.lang.AssertionError: Supported return code is 0 while the actual is 2
	at org.junit.Assert.fail(Assert.java:89)
	at org.apache.hive.beeline.cli.TestHiveCli.executeCMD(TestHiveCli.java:256)
	at org.apache.hive.beeline.cli.TestHiveCli.verifyCMD(TestHiveCli.java:266)
	at org.apache.hive.beeline.cli.TestHiveCli.testVariablesForSource(TestHiveCli.java:198)
	at sun.reflect.NativeMethodAccessorImpl.invoke0(Native Method)
	at sun.reflect.NativeMethodAccessorImpl.invoke(NativeMethodAccessorImpl.java:62)
	at sun.reflect.DelegatingMethodAccessorImpl.invoke(DelegatingMethodAccessorImpl.java:43)
	at java.lang.reflect.Method.invoke(Method.java:498)
	at org.junit.runners.model.FrameworkMethod$1.runReflectiveCall(FrameworkMethod.java:59)
	at org.junit.internal.runners.model.ReflectiveCallable.run(ReflectiveCallable.java:12)
	at org.junit.runners.model.FrameworkMethod.invokeExplosively(FrameworkMethod.java:56)
	at org.junit.internal.runners.statements.InvokeMethod.evaluate(InvokeMethod.java:17)
	at org.junit.internal.runners.statements.RunBefores.evaluate(RunBefores.java:26)
	at org.junit.internal.runners.statements.RunAfters.evaluate(RunAfters.java:27)
	at org.junit.runners.ParentRunner$3.evaluate(ParentRunner.java:306)
	at org.junit.runners.BlockJUnit4ClassRunner$1.evaluate(BlockJUnit4ClassRunner.java:100)
	at org.junit.runners.ParentRunner.runLeaf(ParentRunner.java:366)
	at org.junit.runners.BlockJUnit4ClassRunner.runChild(BlockJUnit4ClassRunner.java:103)
	at org.junit.runners.BlockJUnit4ClassRunner.runChild(BlockJUnit4ClassRunner.java:63)
	at org.junit.runners.ParentRunner$4.run(ParentRunner.java:331)
	at org.junit.runners.ParentRunner$1.schedule(ParentRunner.java:79)
	at org.junit.runners.ParentRunner.runChildren(ParentRunner.java:329)
	at org.junit.runners.ParentRunner.access$100(ParentRunner.java:66)
	at org.junit.runners.ParentRunner$2.evaluate(ParentRunner.java:293)
	at org.junit.internal.runners.statements.RunBefores.evaluate(RunBefores.java:26)
	at org.junit.runners.ParentRunner$3.evaluate(ParentRunner.java:306)
	at org.junit.runners.ParentRunner.run(ParentRunner.java:413)
	at org.junit.runner.JUnitCore.run(JUnitCore.java:137)
	at org.junit.runner.JUnitCore.run(JUnitCore.java:115)
	at org.junit.vintage.engine.execution.RunnerExecutor.execute(RunnerExecutor.java:43)
	at java.util.stream.ForEachOps$ForEachOp$OfRef.accept(ForEachOps.java:183)
	at java.util.stream.ReferencePipeline$3$1.accept(ReferencePipeline.java:193)
	at java.util.Iterator.forEachRemaining(Iterator.java:116)
	at java.util.Spliterators$IteratorSpliterator.forEachRemaining(Spliterators.java:1801)
	at java.util.stream.AbstractPipeline.copyInto(AbstractPipeline.java:482)
	at java.util.stream.AbstractPipeline.wrapAndCopyInto(AbstractPipeline.java:472)
	at java.util.stream.ForEachOps$ForEachOp.evaluateSequential(ForEachOps.java:150)
	at java.util.stream.ForEachOps$ForEachOp$OfRef.evaluateSequential(ForEachOps.java:173)
	at java.util.stream.AbstractPipeline.evaluate(AbstractPipeline.java:234)
	at java.util.stream.ReferencePipeline.forEach(ReferencePipeline.java:485)
	at org.junit.vintage.engine.VintageTestEngine.executeAllChildren(VintageTestEngine.java:82)
	at org.junit.vintage.engine.VintageTestEngine.execute(VintageTestEngine.java:73)
	at org.junit.platform.launcher.core.DefaultLauncher.execute(DefaultLauncher.java:248)
	at org.junit.platform.launcher.core.DefaultLauncher.lambda$execute$5(DefaultLauncher.java:211)
	at org.junit.platform.launcher.core.DefaultLauncher.withInterceptedStreams(DefaultLauncher.java:226)
	at org.junit.platform.launcher.core.DefaultLauncher.execute(DefaultLauncher.java:199)
	at org.junit.platform.launcher.core.DefaultLauncher.execute(DefaultLauncher.java:132)
	at org.apache.maven.surefire.junitplatform.JUnitPlatformProvider.invokeAllTests(JUnitPlatformProvider.java:154)
	at org.apache.maven.surefire.junitplatform.JUnitPlatformProvider.invoke(JUnitPlatformProvider.java:123)
	at org.apache.maven.surefire.booter.ForkedBooter.runSuitesInProcess(ForkedBooter.java:377)
	at org.apache.maven.surefire.booter.ForkedBooter.execute(ForkedBooter.java:138)
	at org.apache.maven.surefire.booter.ForkedBooter.run(ForkedBooter.java:465)
	at org.apache.maven.surefire.booter.ForkedBooter.main(ForkedBooter.java:451)
]]></failure>
    <system-err><![CDATA[2024-05-01T04:57:49,230 ERROR [main] cli.TestHiveCli: Failed to execute command due to the error: java.lang.NullPointerException: Null output stream
2024-05-01T04:57:49,279  WARN [main] conf.HiveConf: HiveConf of name hive.dummyparam.test.server.specific.config.override does not exist
2024-05-01T04:57:49,279  WARN [main] conf.HiveConf: HiveConf of name hive.dummyparam.test.server.specific.config.hiveserver2site does not exist
2024-05-01T04:57:49,279  WARN [main] conf.HiveConf: HiveConf of name hive.dummyparam.test.server.specific.config.metastoresite does not exist
2024-05-01T04:57:49,280  INFO [main] SessionState: Hive Session ID = a72f8186-1b85-45bf-bcfd-56a5a66f9b3a
2024-05-01T04:57:49,280  INFO [main] DependencyResolver: ivysettings.xml file not found in HIVE_HOME or HIVE_CONF_DIR,/home/alex/Repositories/hive/conf/ivysettings.xml will be used
2024-05-01T04:57:49,288  INFO [main] session.SessionState: Created HDFS directory: /tmp/hive/alex/a72f8186-1b85-45bf-bcfd-56a5a66f9b3a
2024-05-01T04:57:49,291  INFO [main] session.SessionState: Created local directory: /home/alex/Repositories/hive/beeline/target/tmp/alex/a72f8186-1b85-45bf-bcfd-56a5a66f9b3a
2024-05-01T04:57:49,295  INFO [main] session.SessionState: Created HDFS directory: /tmp/hive/alex/a72f8186-1b85-45bf-bcfd-56a5a66f9b3a/_tmp_space.db
2024-05-01T04:57:49,295  INFO [main] sqlstd.SQLStdHiveAccessController: Created SQLStdHiveAccessController for session context : HiveAuthzSessionContext [sessionString=a72f8186-1b85-45bf-bcfd-56a5a66f9b3a, clientType=HIVESERVER2]
2024-05-01T04:57:49,296  INFO [main] metastore.HiveMetaStoreClient: HMS client filtering is enabled.
2024-05-01T04:57:49,296  INFO [main] metastore.HMSHandler: 0: Opening raw store with implementation class:org.apache.hadoop.hive.metastore.ObjectStore
2024-05-01T04:57:49,296  INFO [main] metastore.PersistenceManagerProvider: Configuration datanucleus.autoStartMechanismMode is not set. Defaulting to 'ignored'
2024-05-01T04:57:49,297  INFO [main] metastore.ObjectStore: RawStore: org.apache.hadoop.hive.metastore.ObjectStore@3a917017, with PersistenceManager: null will be shutdown
2024-05-01T04:57:49,297  INFO [main] metastore.ObjectStore: RawStore: org.apache.hadoop.hive.metastore.ObjectStore@3a917017, with PersistenceManager: org.datanucleus.api.jdo.JDOPersistenceManager@1ed12d10 created in the thread with id: 1
2024-05-01T04:57:49,298  INFO [main] metastore.HMSHandler: Created RawStore: org.apache.hadoop.hive.metastore.ObjectStore@3a917017 from thread id: 1
2024-05-01T04:57:49,299  INFO [main] metastore.HMSHandler: HMS server filtering is disabled by configuration
2024-05-01T04:57:49,299  INFO [main] metastore.RetryingMetaStoreClient: RetryingMetaStoreClient proxy=class org.apache.hadoop.hive.ql.metadata.SessionHiveMetaStoreClient ugi=alex (auth:SIMPLE) retries=1 delay=1 lifetime=0
2024-05-01T04:57:49,299  INFO [main] service.CompositeService: Operation log root directory is created: /home/alex/Repositories/hive/beeline/target/tmp/alex/operation_logs
2024-05-01T04:57:49,299  INFO [main] service.CompositeService: HiveServer2: Background operation thread pool size: 100
2024-05-01T04:57:49,299  INFO [main] service.CompositeService: HiveServer2: Background operation thread wait queue size: 100
2024-05-01T04:57:49,299  INFO [main] service.CompositeService: HiveServer2: Background operation thread keepalive time: 10 seconds
2024-05-01T04:57:49,299  INFO [main] service.CompositeService: Connections limit are user: 0 ipaddress: 0 user-ipaddress: 0
2024-05-01T04:57:49,300  INFO [main] cleanup.EventualCleanupService: EventualCleanupService started with 10 threads and queue of size 10000
ERROR StatusLogger Log4j2 ConfigurationScheduler attempted to increment scheduled items after start
ERROR StatusLogger Log4j2 ConfigurationScheduler attempted to increment scheduled items after start
2024-05-01T04:57:49,302  INFO [main] service.AbstractService: Service:OperationManager is inited.
2024-05-01T04:57:49,302  INFO [main] service.AbstractService: Service:SessionManager is inited.
2024-05-01T04:57:49,302  INFO [main] service.AbstractService: Service:CLIService is inited.
2024-05-01T04:57:49,302  INFO [main] service.AbstractService: Service:OperationManager is started.
2024-05-01T04:57:49,302  INFO [main] service.AbstractService: Service:SessionManager is started.
2024-05-01T04:57:49,302  INFO [main] service.AbstractService: Service:CLIService is started.
2024-05-01T04:57:49,302  INFO [main] service.AbstractService: Service:ThriftBinaryCLIService is inited.
2024-05-01T04:57:49,302  INFO [main] thrift.ThriftCLIService: Client protocol version: HIVE_CLI_SERVICE_PROTOCOL_V10
2024-05-01T04:57:49,302  INFO [main] thrift.ThriftCLIService: Creating Hive session handle for user [null] from IP null
2024-05-01T04:57:49,303  INFO [main] DependencyResolver: ivysettings.xml file not found in HIVE_HOME or HIVE_CONF_DIR,/home/alex/Repositories/hive/conf/ivysettings.xml will be used
2024-05-01T04:57:49,311  INFO [main] session.SessionState: Created HDFS directory: /tmp/hive/alex/cfddd998-7594-4db7-be0b-f4121503eabd
2024-05-01T04:57:49,314  INFO [main] session.SessionState: Created local directory: /home/alex/Repositories/hive/beeline/target/tmp/alex/cfddd998-7594-4db7-be0b-f4121503eabd
2024-05-01T04:57:49,318  INFO [main] session.SessionState: Created HDFS directory: /tmp/hive/alex/cfddd998-7594-4db7-be0b-f4121503eabd/_tmp_space.db
2024-05-01T04:57:49,319  INFO [main] session.SessionState: Reloading auxiliary JAR files
2024-05-01T04:57:49,319  WARN [main] session.SessionState: Configuration hive.reloadable.aux.jars.path not specified
2024-05-01T04:57:49,319  INFO [main] HiveMetaStore.audit: ugi=alex	ip=unknown-ip-addr	cmd=Cleaning up thread local RawStore...	
2024-05-01T04:57:49,319  INFO [main] metastore.ObjectStore: RawStore: org.apache.hadoop.hive.metastore.ObjectStore@3a917017, with PersistenceManager: org.datanucleus.api.jdo.JDOPersistenceManager@1ed12d10 will be shutdown
2024-05-01T04:57:49,319  INFO [main] HiveMetaStore.audit: ugi=alex	ip=unknown-ip-addr	cmd=Done cleaning up thread local RawStore	
2024-05-01T04:57:49,319  INFO [main] metastore.HiveMetaStoreClient: Closed a connection to metastore, current connections: -40
2024-05-01T04:57:49,319  INFO [main] session.HiveSessionImpl: Operation log session directory is created: /home/alex/Repositories/hive/beeline/target/tmp/alex/operation_logs/cfddd998-7594-4db7-be0b-f4121503eabd
2024-05-01T04:57:49,319  INFO [main] service.CompositeService: Session opened, SessionHandle [cfddd998-7594-4db7-be0b-f4121503eabd], current sessions:1
2024-05-01T04:57:49,319  INFO [main] thrift.ThriftCLIService: Login attempt is successful for user : null
2024-05-01T04:57:49,366  WARN [main] conf.HiveConf: HiveConf of name hive.dummyparam.test.server.specific.config.override does not exist
2024-05-01T04:57:49,366  WARN [main] conf.HiveConf: HiveConf of name hive.dummyparam.test.server.specific.config.hiveserver2site does not exist
2024-05-01T04:57:49,366  WARN [main] conf.HiveConf: HiveConf of name hive.dummyparam.test.server.specific.config.metastoresite does not exist
2024-05-01T04:57:49,367  INFO [cfddd998-7594-4db7-be0b-f4121503eabd main] session.HiveSessionImpl: executing set
2024-05-01T04:57:49,367  INFO [cfddd998-7594-4db7-be0b-f4121503eabd main] operation.HiveCommandOperation: Putting temp output to file /home/alex/Repositories/hive/beeline/target/tmp/alex/cfddd998-7594-4db7-be0b-f4121503eabd8072664818385067388.pipeout and error output to file /home/alex/Repositories/hive/beeline/target/tmp/alex/cfddd998-7594-4db7-be0b-f4121503eabd8026839654350635238.pipeout
2024-05-01T04:57:49,367  INFO [cfddd998-7594-4db7-be0b-f4121503eabd main] operation.OperationManager: Adding operation: OperationHandle [opType=EXECUTE_STATEMENT, getHandleIdentifier()=abd7581f-f407-43af-9e17-06610fca8798] SessionHandle [cfddd998-7594-4db7-be0b-f4121503eabd]
2024-05-01T04:57:49,367  INFO [cfddd998-7594-4db7-be0b-f4121503eabd main] common.LogUtils: Thread context registration is done.
DEBUG StatusLogger Building Plugin[name=filter, class=org.apache.hadoop.hive.ql.log.LogDivertAppender$NameFilter].
DEBUG StatusLogger createFilter(loggingLevel="EXECUTION")
DEBUG StatusLogger Building Plugin[name=layout, class=org.apache.logging.log4j.core.layout.PatternLayout].
DEBUG StatusLogger PatternLayout$Builder(pattern="%-5p : %m%n", PatternSelector=null, Configuration(HiveLog4j2Test), Replace=null, charset="null", alwaysWriteExceptions="null", disableAnsi="null", noConsoleNoAnsi="null", header="null", footer="null")
DEBUG StatusLogger Building Plugin[name=appender, class=org.apache.hadoop.hive.ql.log.HushableRandomAccessFileAppender].
DEBUG StatusLogger createAppender(fileName="/home/alex/Repositories/hive/beeline/target/tmp/alex/operation_logs/cfddd998-7594-4db7-be0b-f4121503eabd/alex_20240501045749_58bed3c8-cda3-42e7-b929-a7d3c3ee7546", append="null", name="query-file-appender", immediateFlush="null", bufferSize="null", ignoreExceptions="null", PatternLayout(org.apache.logging.log4j.core.layout.PatternLayout with name PatternLayout), NameFilter(org.apache.hadoop.hive.ql.log.LogDivertAppender$NameFilter with name NameFilter), advertise="null", advertiseURI="null", Configuration(HiveLog4j2Test))
DEBUG StatusLogger Starting RandomAccessFileManager /home/alex/Repositories/hive/beeline/target/tmp/alex/operation_logs/cfddd998-7594-4db7-be0b-f4121503eabd/alex_20240501045749_58bed3c8-cda3-42e7-b929-a7d3c3ee7546
DEBUG StatusLogger Building Plugin[name=, class=org.apache.hadoop.hive.ql.log.LogDivertAppenderForTest$TestFilter].
DEBUG StatusLogger createFilter()
DEBUG StatusLogger Building Plugin[name=, class=org.apache.logging.log4j.core.layout.PatternLayout].
DEBUG StatusLogger PatternLayout$Builder(pattern="%-5p : %m%n", PatternSelector=null, Configuration(HiveLog4j2Test), Replace=null, charset="null", alwaysWriteExceptions="null", disableAnsi="null", noConsoleNoAnsi="null", header="null", footer="null")
DEBUG StatusLogger Building Plugin[name=appender, class=org.apache.hadoop.hive.ql.log.HushableRandomAccessFileAppender].
DEBUG StatusLogger createAppender(fileName="/home/alex/Repositories/hive/beeline/target/tmp/alex/operation_logs/cfddd998-7594-4db7-be0b-f4121503eabd/alex_20240501045749_58bed3c8-cda3-42e7-b929-a7d3c3ee7546.test", append="null", name="test-query-file-appender", immediateFlush="null", bufferSize="null", ignoreExceptions="null", PatternLayout(org.apache.logging.log4j.core.layout.PatternLayout with name PatternLayout), test-filter(org.apache.hadoop.hive.ql.log.LogDivertAppenderForTest$TestFilter with name test-filter), advertise="null", advertiseURI="null", Configuration(HiveLog4j2Test))
DEBUG StatusLogger Starting RandomAccessFileManager /home/alex/Repositories/hive/beeline/target/tmp/alex/operation_logs/cfddd998-7594-4db7-be0b-f4121503eabd/alex_20240501045749_58bed3c8-cda3-42e7-b929-a7d3c3ee7546.test
2024-05-01T04:57:49,370  INFO [cfddd998-7594-4db7-be0b-f4121503eabd main] operation.HiveCommandOperation: [opType=EXECUTE_STATEMENT, queryId=alex_20240501045749_58bed3c8-cda3-42e7-b929-a7d3c3ee7546, startTime=1714564669367, sessionId=cfddd998-7594-4db7-be0b-f4121503eabd, createTime=1714564669302, userName=null, ipAddress=null]
2024-05-01T04:57:49,379  INFO [cfddd998-7594-4db7-be0b-f4121503eabd main] common.LogUtils: Unregistered logging context.
2024-05-01T04:57:49,382  INFO [cfddd998-7594-4db7-be0b-f4121503eabd main] operation.OperationManager: Closing operation: OperationHandle [opType=EXECUTE_STATEMENT, getHandleIdentifier()=abd7581f-f407-43af-9e17-06610fca8798]
2024-05-01T04:57:49,382  INFO [cfddd998-7594-4db7-be0b-f4121503eabd main] operation.OperationManager: Removed queryId: alex_20240501045749_58bed3c8-cda3-42e7-b929-a7d3c3ee7546 corresponding to operation: OperationHandle [opType=EXECUTE_STATEMENT, getHandleIdentifier()=abd7581f-f407-43af-9e17-06610fca8798] with tag: null
2024-05-01T04:57:49,382  INFO [cfddd998-7594-4db7-be0b-f4121503eabd main] operation.HiveCommandOperation: Closing operation log /home/alex/Repositories/hive/beeline/target/tmp/alex/operation_logs/cfddd998-7594-4db7-be0b-f4121503eabd/alex_20240501045749_58bed3c8-cda3-42e7-b929-a7d3c3ee7546 without delay
2024-05-01T04:57:49,384  INFO [cfddd998-7594-4db7-be0b-f4121503eabd main] session.HiveSessionImpl: executing use test
2024-05-01T04:57:49,385  INFO [cfddd998-7594-4db7-be0b-f4121503eabd main] operation.OperationManager: Adding operation: OperationHandle [opType=EXECUTE_STATEMENT, getHandleIdentifier()=8c9e5050-064c-4e1a-a3c6-79097745b594] SessionHandle [cfddd998-7594-4db7-be0b-f4121503eabd]
2024-05-01T04:57:49,385  INFO [cfddd998-7594-4db7-be0b-f4121503eabd main] common.LogUtils: Thread context registration is done.
DEBUG StatusLogger Building Plugin[name=filter, class=org.apache.hadoop.hive.ql.log.LogDivertAppender$NameFilter].
DEBUG StatusLogger createFilter(loggingLevel="EXECUTION")
DEBUG StatusLogger Building Plugin[name=layout, class=org.apache.logging.log4j.core.layout.PatternLayout].
DEBUG StatusLogger PatternLayout$Builder(pattern="%-5p : %m%n", PatternSelector=null, Configuration(HiveLog4j2Test), Replace=null, charset="null", alwaysWriteExceptions="null", disableAnsi="null", noConsoleNoAnsi="null", header="null", footer="null")
DEBUG StatusLogger Building Plugin[name=appender, class=org.apache.hadoop.hive.ql.log.HushableRandomAccessFileAppender].
DEBUG StatusLogger createAppender(fileName="/home/alex/Repositories/hive/beeline/target/tmp/alex/operation_logs/cfddd998-7594-4db7-be0b-f4121503eabd/alex_20240501045749_43137e2b-2cda-48d4-90e7-7016e3354502", append="null", name="query-file-appender", immediateFlush="null", bufferSize="null", ignoreExceptions="null", PatternLayout(org.apache.logging.log4j.core.layout.PatternLayout with name PatternLayout), NameFilter(org.apache.hadoop.hive.ql.log.LogDivertAppender$NameFilter with name NameFilter), advertise="null", advertiseURI="null", Configuration(HiveLog4j2Test))
DEBUG StatusLogger Starting RandomAccessFileManager /home/alex/Repositories/hive/beeline/target/tmp/alex/operation_logs/cfddd998-7594-4db7-be0b-f4121503eabd/alex_20240501045749_43137e2b-2cda-48d4-90e7-7016e3354502
DEBUG StatusLogger Building Plugin[name=, class=org.apache.hadoop.hive.ql.log.LogDivertAppenderForTest$TestFilter].
DEBUG StatusLogger createFilter()
DEBUG StatusLogger Building Plugin[name=, class=org.apache.logging.log4j.core.layout.PatternLayout].
DEBUG StatusLogger PatternLayout$Builder(pattern="%-5p : %m%n", PatternSelector=null, Configuration(HiveLog4j2Test), Replace=null, charset="null", alwaysWriteExceptions="null", disableAnsi="null", noConsoleNoAnsi="null", header="null", footer="null")
DEBUG StatusLogger Building Plugin[name=appender, class=org.apache.hadoop.hive.ql.log.HushableRandomAccessFileAppender].
DEBUG StatusLogger createAppender(fileName="/home/alex/Repositories/hive/beeline/target/tmp/alex/operation_logs/cfddd998-7594-4db7-be0b-f4121503eabd/alex_20240501045749_43137e2b-2cda-48d4-90e7-7016e3354502.test", append="null", name="test-query-file-appender", immediateFlush="null", bufferSize="null", ignoreExceptions="null", PatternLayout(org.apache.logging.log4j.core.layout.PatternLayout with name PatternLayout), test-filter(org.apache.hadoop.hive.ql.log.LogDivertAppenderForTest$TestFilter with name test-filter), advertise="null", advertiseURI="null", Configuration(HiveLog4j2Test))
DEBUG StatusLogger Starting RandomAccessFileManager /home/alex/Repositories/hive/beeline/target/tmp/alex/operation_logs/cfddd998-7594-4db7-be0b-f4121503eabd/alex_20240501045749_43137e2b-2cda-48d4-90e7-7016e3354502.test
2024-05-01T04:57:49,388  INFO [cfddd998-7594-4db7-be0b-f4121503eabd main] operation.SQLOperation: [opType=EXECUTE_STATEMENT, queryId=alex_20240501045749_43137e2b-2cda-48d4-90e7-7016e3354502, startTime=1714564669385, sessionId=cfddd998-7594-4db7-be0b-f4121503eabd, createTime=1714564669302, userName=null, ipAddress=null]
2024-05-01T04:57:49,389  INFO [cfddd998-7594-4db7-be0b-f4121503eabd main] ql.Driver: Compiling command(queryId=alex_20240501045749_43137e2b-2cda-48d4-90e7-7016e3354502): use test
2024-05-01T04:57:49,390  INFO [cfddd998-7594-4db7-be0b-f4121503eabd main] metastore.HiveMetaStoreClient: HMS client filtering is enabled.
2024-05-01T04:57:49,390  INFO [cfddd998-7594-4db7-be0b-f4121503eabd main] metastore.HMSHandler: 0: Opening raw store with implementation class:org.apache.hadoop.hive.metastore.ObjectStore
2024-05-01T04:57:49,390  INFO [cfddd998-7594-4db7-be0b-f4121503eabd main] metastore.PersistenceManagerProvider: Configuration datanucleus.autoStartMechanismMode is not set. Defaulting to 'ignored'
2024-05-01T04:57:49,391  INFO [cfddd998-7594-4db7-be0b-f4121503eabd main] metastore.ObjectStore: RawStore: org.apache.hadoop.hive.metastore.ObjectStore@1cfa7ee0, with PersistenceManager: null will be shutdown
2024-05-01T04:57:49,391  INFO [cfddd998-7594-4db7-be0b-f4121503eabd main] metastore.ObjectStore: RawStore: org.apache.hadoop.hive.metastore.ObjectStore@1cfa7ee0, with PersistenceManager: org.datanucleus.api.jdo.JDOPersistenceManager@612290d created in the thread with id: 1
2024-05-01T04:57:49,392  INFO [cfddd998-7594-4db7-be0b-f4121503eabd main] metastore.HMSHandler: Created RawStore: org.apache.hadoop.hive.metastore.ObjectStore@1cfa7ee0 from thread id: 1
2024-05-01T04:57:49,392  INFO [cfddd998-7594-4db7-be0b-f4121503eabd main] metastore.HMSHandler: HMS server filtering is disabled by configuration
2024-05-01T04:57:49,393  INFO [cfddd998-7594-4db7-be0b-f4121503eabd main] metastore.RetryingMetaStoreClient: RetryingMetaStoreClient proxy=class org.apache.hadoop.hive.ql.metadata.SessionHiveMetaStoreClient ugi=alex (auth:SIMPLE) retries=1 delay=1 lifetime=0
2024-05-01T04:57:49,393  INFO [cfddd998-7594-4db7-be0b-f4121503eabd main] HiveMetaStore.audit: ugi=alex	ip=unknown-ip-addr	cmd=get_database: test	
2024-05-01T04:57:49,394  INFO [cfddd998-7594-4db7-be0b-f4121503eabd main] ql.Driver: Semantic Analysis Completed (retrial = false)
2024-05-01T04:57:49,394  INFO [cfddd998-7594-4db7-be0b-f4121503eabd main] ql.Driver: Created Hive schema: Schema(fieldSchemas:null, properties:null)
2024-05-01T04:57:49,394  INFO [cfddd998-7594-4db7-be0b-f4121503eabd main] metadata.Hive: Dumping metastore api call timing information for : compilation phase
2024-05-01T04:57:49,394  INFO [cfddd998-7594-4db7-be0b-f4121503eabd main] metadata.Hive: Total time spent in each metastore function (ms): {isCompatibleWith_(Configuration)=0, getDatabase_(String)=1, flushCache_()=0}
2024-05-01T04:57:49,394  INFO [cfddd998-7594-4db7-be0b-f4121503eabd main] ql.Driver: Completed compiling command(queryId=alex_20240501045749_43137e2b-2cda-48d4-90e7-7016e3354502); Time taken: 0.005 seconds
2024-05-01T04:57:49,395  INFO [cfddd998-7594-4db7-be0b-f4121503eabd main] common.LogUtils: Unregistered logging context.
2024-05-01T04:57:49,395  INFO [HiveServer2-Background-Pool: Thread-637] common.LogUtils: Thread context registration is done.
2024-05-01T04:57:49,396  INFO [HiveServer2-Background-Pool: Thread-637] reexec.ReExecDriver: Execution #1 of query
2024-05-01T04:57:49,396  INFO [HiveServer2-Background-Pool: Thread-637] ql.Driver: Concurrency mode is disabled, not creating a lock manager
2024-05-01T04:57:49,397  INFO [HiveServer2-Background-Pool: Thread-637] ql.Driver: Executing command(queryId=alex_20240501045749_43137e2b-2cda-48d4-90e7-7016e3354502): use test
2024-05-01T04:57:49,397  INFO [HiveServer2-Background-Pool: Thread-637] ql.Driver: Starting task [Stage-0:DDL] in serial mode
2024-05-01T04:57:49,398  INFO [HiveServer2-Background-Pool: Thread-637] HiveMetaStore.audit: ugi=alex	ip=unknown-ip-addr	cmd=get_database: test	
2024-05-01T04:57:49,398  INFO [HiveServer2-Background-Pool: Thread-637] metastore.HMSHandler: 28: Opening raw store with implementation class:org.apache.hadoop.hive.metastore.ObjectStore
2024-05-01T04:57:49,399  INFO [HiveServer2-Background-Pool: Thread-637] metastore.ObjectStore: RawStore: org.apache.hadoop.hive.metastore.ObjectStore@6b4c385f, with PersistenceManager: null will be shutdown
2024-05-01T04:57:49,399  INFO [HiveServer2-Background-Pool: Thread-637] metastore.ObjectStore: RawStore: org.apache.hadoop.hive.metastore.ObjectStore@6b4c385f, with PersistenceManager: org.datanucleus.api.jdo.JDOPersistenceManager@2e4ebb52 created in the thread with id: 637
2024-05-01T04:57:49,401  INFO [HiveServer2-Background-Pool: Thread-637] metastore.HMSHandler: Created RawStore: org.apache.hadoop.hive.metastore.ObjectStore@6b4c385f from thread id: 637
2024-05-01T04:57:49,402  INFO [HiveServer2-Background-Pool: Thread-637] HiveMetaStore.audit: ugi=alex	ip=unknown-ip-addr	cmd=get_database: test	
2024-05-01T04:57:49,403  INFO [HiveServer2-Background-Pool: Thread-637] metadata.Hive: Dumping metastore api call timing information for : execution phase
2024-05-01T04:57:49,403  INFO [HiveServer2-Background-Pool: Thread-637] metadata.Hive: Total time spent in each metastore function (ms): {isCompatibleWith_(Configuration)=0, getDatabase_(String)=5}
2024-05-01T04:57:49,403  INFO [HiveServer2-Background-Pool: Thread-637] ql.Driver: Completed executing command(queryId=alex_20240501045749_43137e2b-2cda-48d4-90e7-7016e3354502); Time taken: 0.006 seconds
2024-05-01T04:57:49,404  INFO [HiveServer2-Background-Pool: Thread-637] common.LogUtils: Unregistered logging context.
2024-05-01T04:57:49,408  INFO [cfddd998-7594-4db7-be0b-f4121503eabd main] operation.OperationManager: Closing operation: OperationHandle [opType=EXECUTE_STATEMENT, getHandleIdentifier()=8c9e5050-064c-4e1a-a3c6-79097745b594]
2024-05-01T04:57:49,408  INFO [cfddd998-7594-4db7-be0b-f4121503eabd main] operation.OperationManager: Removed queryId: alex_20240501045749_43137e2b-2cda-48d4-90e7-7016e3354502 corresponding to operation: OperationHandle [opType=EXECUTE_STATEMENT, getHandleIdentifier()=8c9e5050-064c-4e1a-a3c6-79097745b594] with tag: null
2024-05-01T04:57:49,408  INFO [cfddd998-7594-4db7-be0b-f4121503eabd main] operation.SQLOperation: Closing operation log /home/alex/Repositories/hive/beeline/target/tmp/alex/operation_logs/cfddd998-7594-4db7-be0b-f4121503eabd/alex_20240501045749_43137e2b-2cda-48d4-90e7-7016e3354502 without delay
2024-05-01T04:57:49,414  INFO [cfddd998-7594-4db7-be0b-f4121503eabd main] session.HiveSessionImpl: executing set hiveconf:zzz=/home/alex/Repositories/hive/beeline/target/tmp/test5159990394438536617.sql
2024-05-01T04:57:49,414  INFO [cfddd998-7594-4db7-be0b-f4121503eabd main] operation.HiveCommandOperation: Putting temp output to file /home/alex/Repositories/hive/beeline/target/tmp/alex/cfddd998-7594-4db7-be0b-f4121503eabd8072664818385067388.pipeout and error output to file /home/alex/Repositories/hive/beeline/target/tmp/alex/cfddd998-7594-4db7-be0b-f4121503eabd8026839654350635238.pipeout
2024-05-01T04:57:49,414  INFO [cfddd998-7594-4db7-be0b-f4121503eabd main] operation.OperationManager: Adding operation: OperationHandle [opType=EXECUTE_STATEMENT, getHandleIdentifier()=eed94660-610e-4e3c-8285-5055ce13ce01] SessionHandle [cfddd998-7594-4db7-be0b-f4121503eabd]
2024-05-01T04:57:49,414  INFO [cfddd998-7594-4db7-be0b-f4121503eabd main] common.LogUtils: Thread context registration is done.
DEBUG StatusLogger Building Plugin[name=filter, class=org.apache.hadoop.hive.ql.log.LogDivertAppender$NameFilter].
DEBUG StatusLogger createFilter(loggingLevel="EXECUTION")
DEBUG StatusLogger Building Plugin[name=layout, class=org.apache.logging.log4j.core.layout.PatternLayout].
DEBUG StatusLogger PatternLayout$Builder(pattern="%-5p : %m%n", PatternSelector=null, Configuration(HiveLog4j2Test), Replace=null, charset="null", alwaysWriteExceptions="null", disableAnsi="null", noConsoleNoAnsi="null", header="null", footer="null")
DEBUG StatusLogger Building Plugin[name=appender, class=org.apache.hadoop.hive.ql.log.HushableRandomAccessFileAppender].
DEBUG StatusLogger createAppender(fileName="/home/alex/Repositories/hive/beeline/target/tmp/alex/operation_logs/cfddd998-7594-4db7-be0b-f4121503eabd/alex_20240501045749_86745e31-1808-4ece-9fa1-3a8e33c2f46d", append="null", name="query-file-appender", immediateFlush="null", bufferSize="null", ignoreExceptions="null", PatternLayout(org.apache.logging.log4j.core.layout.PatternLayout with name PatternLayout), NameFilter(org.apache.hadoop.hive.ql.log.LogDivertAppender$NameFilter with name NameFilter), advertise="null", advertiseURI="null", Configuration(HiveLog4j2Test))
DEBUG StatusLogger Starting RandomAccessFileManager /home/alex/Repositories/hive/beeline/target/tmp/alex/operation_logs/cfddd998-7594-4db7-be0b-f4121503eabd/alex_20240501045749_86745e31-1808-4ece-9fa1-3a8e33c2f46d
DEBUG StatusLogger Building Plugin[name=, class=org.apache.hadoop.hive.ql.log.LogDivertAppenderForTest$TestFilter].
DEBUG StatusLogger createFilter()
DEBUG StatusLogger Building Plugin[name=, class=org.apache.logging.log4j.core.layout.PatternLayout].
DEBUG StatusLogger PatternLayout$Builder(pattern="%-5p : %m%n", PatternSelector=null, Configuration(HiveLog4j2Test), Replace=null, charset="null", alwaysWriteExceptions="null", disableAnsi="null", noConsoleNoAnsi="null", header="null", footer="null")
DEBUG StatusLogger Building Plugin[name=appender, class=org.apache.hadoop.hive.ql.log.HushableRandomAccessFileAppender].
DEBUG StatusLogger createAppender(fileName="/home/alex/Repositories/hive/beeline/target/tmp/alex/operation_logs/cfddd998-7594-4db7-be0b-f4121503eabd/alex_20240501045749_86745e31-1808-4ece-9fa1-3a8e33c2f46d.test", append="null", name="test-query-file-appender", immediateFlush="null", bufferSize="null", ignoreExceptions="null", PatternLayout(org.apache.logging.log4j.core.layout.PatternLayout with name PatternLayout), test-filter(org.apache.hadoop.hive.ql.log.LogDivertAppenderForTest$TestFilter with name test-filter), advertise="null", advertiseURI="null", Configuration(HiveLog4j2Test))
DEBUG StatusLogger Starting RandomAccessFileManager /home/alex/Repositories/hive/beeline/target/tmp/alex/operation_logs/cfddd998-7594-4db7-be0b-f4121503eabd/alex_20240501045749_86745e31-1808-4ece-9fa1-3a8e33c2f46d.test
2024-05-01T04:57:49,417  INFO [cfddd998-7594-4db7-be0b-f4121503eabd main] operation.HiveCommandOperation: [opType=EXECUTE_STATEMENT, queryId=alex_20240501045749_86745e31-1808-4ece-9fa1-3a8e33c2f46d, startTime=1714564669414, sessionId=cfddd998-7594-4db7-be0b-f4121503eabd, createTime=1714564669302, userName=null, ipAddress=null]
2024-05-01T04:57:49,417  INFO [cfddd998-7594-4db7-be0b-f4121503eabd main] common.LogUtils: Unregistered logging context.
2024-05-01T04:57:49,419  INFO [cfddd998-7594-4db7-be0b-f4121503eabd main] operation.OperationManager: Closing operation: OperationHandle [opType=EXECUTE_STATEMENT, getHandleIdentifier()=eed94660-610e-4e3c-8285-5055ce13ce01]
2024-05-01T04:57:49,419  INFO [cfddd998-7594-4db7-be0b-f4121503eabd main] operation.OperationManager: Removed queryId: alex_20240501045749_86745e31-1808-4ece-9fa1-3a8e33c2f46d corresponding to operation: OperationHandle [opType=EXECUTE_STATEMENT, getHandleIdentifier()=eed94660-610e-4e3c-8285-5055ce13ce01] with tag: null
2024-05-01T04:57:49,419  INFO [cfddd998-7594-4db7-be0b-f4121503eabd main] operation.HiveCommandOperation: Closing operation log /home/alex/Repositories/hive/beeline/target/tmp/alex/operation_logs/cfddd998-7594-4db7-be0b-f4121503eabd/alex_20240501045749_86745e31-1808-4ece-9fa1-3a8e33c2f46d without delay
2024-05-01T04:57:49,467  WARN [main] conf.HiveConf: HiveConf of name hive.dummyparam.test.server.specific.config.override does not exist
2024-05-01T04:57:49,467  WARN [main] conf.HiveConf: HiveConf of name hive.dummyparam.test.server.specific.config.hiveserver2site does not exist
2024-05-01T04:57:49,467  WARN [main] conf.HiveConf: HiveConf of name hive.dummyparam.test.server.specific.config.metastoresite does not exist
2024-05-01T04:57:49,467  INFO [cfddd998-7594-4db7-be0b-f4121503eabd main] session.HiveSessionImpl: executing set
2024-05-01T04:57:49,468  INFO [cfddd998-7594-4db7-be0b-f4121503eabd main] operation.HiveCommandOperation: Putting temp output to file /home/alex/Repositories/hive/beeline/target/tmp/alex/cfddd998-7594-4db7-be0b-f4121503eabd8072664818385067388.pipeout and error output to file /home/alex/Repositories/hive/beeline/target/tmp/alex/cfddd998-7594-4db7-be0b-f4121503eabd8026839654350635238.pipeout
2024-05-01T04:57:49,468  INFO [cfddd998-7594-4db7-be0b-f4121503eabd main] operation.OperationManager: Adding operation: OperationHandle [opType=EXECUTE_STATEMENT, getHandleIdentifier()=f7144a93-7b43-437c-bbb7-64aa57d653fe] SessionHandle [cfddd998-7594-4db7-be0b-f4121503eabd]
2024-05-01T04:57:49,468  INFO [cfddd998-7594-4db7-be0b-f4121503eabd main] common.LogUtils: Thread context registration is done.
DEBUG StatusLogger Building Plugin[name=filter, class=org.apache.hadoop.hive.ql.log.LogDivertAppender$NameFilter].
DEBUG StatusLogger createFilter(loggingLevel="EXECUTION")
DEBUG StatusLogger Building Plugin[name=layout, class=org.apache.logging.log4j.core.layout.PatternLayout].
DEBUG StatusLogger PatternLayout$Builder(pattern="%-5p : %m%n", PatternSelector=null, Configuration(HiveLog4j2Test), Replace=null, charset="null", alwaysWriteExceptions="null", disableAnsi="null", noConsoleNoAnsi="null", header="null", footer="null")
DEBUG StatusLogger Building Plugin[name=appender, class=org.apache.hadoop.hive.ql.log.HushableRandomAccessFileAppender].
DEBUG StatusLogger createAppender(fileName="/home/alex/Repositories/hive/beeline/target/tmp/alex/operation_logs/cfddd998-7594-4db7-be0b-f4121503eabd/alex_20240501045749_1b64bb28-843d-41f7-926b-f327f35b7e21", append="null", name="query-file-appender", immediateFlush="null", bufferSize="null", ignoreExceptions="null", PatternLayout(org.apache.logging.log4j.core.layout.PatternLayout with name PatternLayout), NameFilter(org.apache.hadoop.hive.ql.log.LogDivertAppender$NameFilter with name NameFilter), advertise="null", advertiseURI="null", Configuration(HiveLog4j2Test))
DEBUG StatusLogger Starting RandomAccessFileManager /home/alex/Repositories/hive/beeline/target/tmp/alex/operation_logs/cfddd998-7594-4db7-be0b-f4121503eabd/alex_20240501045749_1b64bb28-843d-41f7-926b-f327f35b7e21
DEBUG StatusLogger Building Plugin[name=, class=org.apache.hadoop.hive.ql.log.LogDivertAppenderForTest$TestFilter].
DEBUG StatusLogger createFilter()
DEBUG StatusLogger Building Plugin[name=, class=org.apache.logging.log4j.core.layout.PatternLayout].
DEBUG StatusLogger PatternLayout$Builder(pattern="%-5p : %m%n", PatternSelector=null, Configuration(HiveLog4j2Test), Replace=null, charset="null", alwaysWriteExceptions="null", disableAnsi="null", noConsoleNoAnsi="null", header="null", footer="null")
DEBUG StatusLogger Building Plugin[name=appender, class=org.apache.hadoop.hive.ql.log.HushableRandomAccessFileAppender].
DEBUG StatusLogger createAppender(fileName="/home/alex/Repositories/hive/beeline/target/tmp/alex/operation_logs/cfddd998-7594-4db7-be0b-f4121503eabd/alex_20240501045749_1b64bb28-843d-41f7-926b-f327f35b7e21.test", append="null", name="test-query-file-appender", immediateFlush="null", bufferSize="null", ignoreExceptions="null", PatternLayout(org.apache.logging.log4j.core.layout.PatternLayout with name PatternLayout), test-filter(org.apache.hadoop.hive.ql.log.LogDivertAppenderForTest$TestFilter with name test-filter), advertise="null", advertiseURI="null", Configuration(HiveLog4j2Test))
DEBUG StatusLogger Starting RandomAccessFileManager /home/alex/Repositories/hive/beeline/target/tmp/alex/operation_logs/cfddd998-7594-4db7-be0b-f4121503eabd/alex_20240501045749_1b64bb28-843d-41f7-926b-f327f35b7e21.test
2024-05-01T04:57:49,471  INFO [cfddd998-7594-4db7-be0b-f4121503eabd main] operation.HiveCommandOperation: [opType=EXECUTE_STATEMENT, queryId=alex_20240501045749_1b64bb28-843d-41f7-926b-f327f35b7e21, startTime=1714564669467, sessionId=cfddd998-7594-4db7-be0b-f4121503eabd, createTime=1714564669302, userName=null, ipAddress=null]
2024-05-01T04:57:49,479  INFO [cfddd998-7594-4db7-be0b-f4121503eabd main] common.LogUtils: Unregistered logging context.
2024-05-01T04:57:49,481  INFO [cfddd998-7594-4db7-be0b-f4121503eabd main] operation.OperationManager: Closing operation: OperationHandle [opType=EXECUTE_STATEMENT, getHandleIdentifier()=f7144a93-7b43-437c-bbb7-64aa57d653fe]
2024-05-01T04:57:49,481  INFO [cfddd998-7594-4db7-be0b-f4121503eabd main] operation.OperationManager: Removed queryId: alex_20240501045749_1b64bb28-843d-41f7-926b-f327f35b7e21 corresponding to operation: OperationHandle [opType=EXECUTE_STATEMENT, getHandleIdentifier()=f7144a93-7b43-437c-bbb7-64aa57d653fe] with tag: null
2024-05-01T04:57:49,482  INFO [cfddd998-7594-4db7-be0b-f4121503eabd main] operation.HiveCommandOperation: Closing operation log /home/alex/Repositories/hive/beeline/target/tmp/alex/operation_logs/cfddd998-7594-4db7-be0b-f4121503eabd/alex_20240501045749_1b64bb28-843d-41f7-926b-f327f35b7e21 without delay
2024-05-01T04:57:49,539  WARN [main] conf.HiveConf: HiveConf of name hive.dummyparam.test.server.specific.config.override does not exist
2024-05-01T04:57:49,539  WARN [main] conf.HiveConf: HiveConf of name hive.dummyparam.test.server.specific.config.hiveserver2site does not exist
2024-05-01T04:57:49,540  WARN [main] conf.HiveConf: HiveConf of name hive.dummyparam.test.server.specific.config.metastoresite does not exist
2024-05-01T04:57:49,540  INFO [cfddd998-7594-4db7-be0b-f4121503eabd main] session.HiveSessionImpl: executing set
2024-05-01T04:57:49,540  INFO [cfddd998-7594-4db7-be0b-f4121503eabd main] operation.HiveCommandOperation: Putting temp output to file /home/alex/Repositories/hive/beeline/target/tmp/alex/cfddd998-7594-4db7-be0b-f4121503eabd8072664818385067388.pipeout and error output to file /home/alex/Repositories/hive/beeline/target/tmp/alex/cfddd998-7594-4db7-be0b-f4121503eabd8026839654350635238.pipeout
2024-05-01T04:57:49,540  INFO [cfddd998-7594-4db7-be0b-f4121503eabd main] operation.OperationManager: Adding operation: OperationHandle [opType=EXECUTE_STATEMENT, getHandleIdentifier()=466decfb-f6b1-4629-9583-a2960eec80b9] SessionHandle [cfddd998-7594-4db7-be0b-f4121503eabd]
2024-05-01T04:57:49,541  INFO [cfddd998-7594-4db7-be0b-f4121503eabd main] common.LogUtils: Thread context registration is done.
DEBUG StatusLogger Building Plugin[name=filter, class=org.apache.hadoop.hive.ql.log.LogDivertAppender$NameFilter].
DEBUG StatusLogger createFilter(loggingLevel="EXECUTION")
DEBUG StatusLogger Building Plugin[name=layout, class=org.apache.logging.log4j.core.layout.PatternLayout].
DEBUG StatusLogger PatternLayout$Builder(pattern="%-5p : %m%n", PatternSelector=null, Configuration(HiveLog4j2Test), Replace=null, charset="null", alwaysWriteExceptions="null", disableAnsi="null", noConsoleNoAnsi="null", header="null", footer="null")
DEBUG StatusLogger Building Plugin[name=appender, class=org.apache.hadoop.hive.ql.log.HushableRandomAccessFileAppender].
DEBUG StatusLogger createAppender(fileName="/home/alex/Repositories/hive/beeline/target/tmp/alex/operation_logs/cfddd998-7594-4db7-be0b-f4121503eabd/alex_20240501045749_73b1fede-368e-4c2b-8854-0fd4d1ee73d4", append="null", name="query-file-appender", immediateFlush="null", bufferSize="null", ignoreExceptions="null", PatternLayout(org.apache.logging.log4j.core.layout.PatternLayout with name PatternLayout), NameFilter(org.apache.hadoop.hive.ql.log.LogDivertAppender$NameFilter with name NameFilter), advertise="null", advertiseURI="null", Configuration(HiveLog4j2Test))
DEBUG StatusLogger Starting RandomAccessFileManager /home/alex/Repositories/hive/beeline/target/tmp/alex/operation_logs/cfddd998-7594-4db7-be0b-f4121503eabd/alex_20240501045749_73b1fede-368e-4c2b-8854-0fd4d1ee73d4
DEBUG StatusLogger Building Plugin[name=, class=org.apache.hadoop.hive.ql.log.LogDivertAppenderForTest$TestFilter].
DEBUG StatusLogger createFilter()
DEBUG StatusLogger Building Plugin[name=, class=org.apache.logging.log4j.core.layout.PatternLayout].
DEBUG StatusLogger PatternLayout$Builder(pattern="%-5p : %m%n", PatternSelector=null, Configuration(HiveLog4j2Test), Replace=null, charset="null", alwaysWriteExceptions="null", disableAnsi="null", noConsoleNoAnsi="null", header="null", footer="null")
DEBUG StatusLogger Building Plugin[name=appender, class=org.apache.hadoop.hive.ql.log.HushableRandomAccessFileAppender].
DEBUG StatusLogger createAppender(fileName="/home/alex/Repositories/hive/beeline/target/tmp/alex/operation_logs/cfddd998-7594-4db7-be0b-f4121503eabd/alex_20240501045749_73b1fede-368e-4c2b-8854-0fd4d1ee73d4.test", append="null", name="test-query-file-appender", immediateFlush="null", bufferSize="null", ignoreExceptions="null", PatternLayout(org.apache.logging.log4j.core.layout.PatternLayout with name PatternLayout), test-filter(org.apache.hadoop.hive.ql.log.LogDivertAppenderForTest$TestFilter with name test-filter), advertise="null", advertiseURI="null", Configuration(HiveLog4j2Test))
DEBUG StatusLogger Starting RandomAccessFileManager /home/alex/Repositories/hive/beeline/target/tmp/alex/operation_logs/cfddd998-7594-4db7-be0b-f4121503eabd/alex_20240501045749_73b1fede-368e-4c2b-8854-0fd4d1ee73d4.test
2024-05-01T04:57:49,544  INFO [cfddd998-7594-4db7-be0b-f4121503eabd main] operation.HiveCommandOperation: [opType=EXECUTE_STATEMENT, queryId=alex_20240501045749_73b1fede-368e-4c2b-8854-0fd4d1ee73d4, startTime=1714564669540, sessionId=cfddd998-7594-4db7-be0b-f4121503eabd, createTime=1714564669302, userName=null, ipAddress=null]
2024-05-01T04:57:49,551  INFO [cfddd998-7594-4db7-be0b-f4121503eabd main] common.LogUtils: Unregistered logging context.
2024-05-01T04:57:49,554  INFO [cfddd998-7594-4db7-be0b-f4121503eabd main] operation.OperationManager: Closing operation: OperationHandle [opType=EXECUTE_STATEMENT, getHandleIdentifier()=466decfb-f6b1-4629-9583-a2960eec80b9]
2024-05-01T04:57:49,554  INFO [cfddd998-7594-4db7-be0b-f4121503eabd main] operation.OperationManager: Removed queryId: alex_20240501045749_73b1fede-368e-4c2b-8854-0fd4d1ee73d4 corresponding to operation: OperationHandle [opType=EXECUTE_STATEMENT, getHandleIdentifier()=466decfb-f6b1-4629-9583-a2960eec80b9] with tag: null
2024-05-01T04:57:49,554  INFO [cfddd998-7594-4db7-be0b-f4121503eabd main] operation.HiveCommandOperation: Closing operation log /home/alex/Repositories/hive/beeline/target/tmp/alex/operation_logs/cfddd998-7594-4db7-be0b-f4121503eabd/alex_20240501045749_73b1fede-368e-4c2b-8854-0fd4d1ee73d4 without delay
2024-05-01T04:57:49,556  INFO [cfddd998-7594-4db7-be0b-f4121503eabd main] session.HiveSessionImpl: executing create table if not exists test.testSrcTbl2(sc2 string)
2024-05-01T04:57:49,556  INFO [cfddd998-7594-4db7-be0b-f4121503eabd main] operation.OperationManager: Adding operation: OperationHandle [opType=EXECUTE_STATEMENT, getHandleIdentifier()=ba433e06-b3cd-4dd5-ba68-1051f766d06a] SessionHandle [cfddd998-7594-4db7-be0b-f4121503eabd]
2024-05-01T04:57:49,557  INFO [cfddd998-7594-4db7-be0b-f4121503eabd main] common.LogUtils: Thread context registration is done.
DEBUG StatusLogger Building Plugin[name=filter, class=org.apache.hadoop.hive.ql.log.LogDivertAppender$NameFilter].
DEBUG StatusLogger createFilter(loggingLevel="EXECUTION")
DEBUG StatusLogger Building Plugin[name=layout, class=org.apache.logging.log4j.core.layout.PatternLayout].
DEBUG StatusLogger PatternLayout$Builder(pattern="%-5p : %m%n", PatternSelector=null, Configuration(HiveLog4j2Test), Replace=null, charset="null", alwaysWriteExceptions="null", disableAnsi="null", noConsoleNoAnsi="null", header="null", footer="null")
DEBUG StatusLogger Building Plugin[name=appender, class=org.apache.hadoop.hive.ql.log.HushableRandomAccessFileAppender].
DEBUG StatusLogger createAppender(fileName="/home/alex/Repositories/hive/beeline/target/tmp/alex/operation_logs/cfddd998-7594-4db7-be0b-f4121503eabd/alex_20240501045749_6b44cb2b-1f17-4bbb-b4bf-6b758302fec7", append="null", name="query-file-appender", immediateFlush="null", bufferSize="null", ignoreExceptions="null", PatternLayout(org.apache.logging.log4j.core.layout.PatternLayout with name PatternLayout), NameFilter(org.apache.hadoop.hive.ql.log.LogDivertAppender$NameFilter with name NameFilter), advertise="null", advertiseURI="null", Configuration(HiveLog4j2Test))
DEBUG StatusLogger Starting RandomAccessFileManager /home/alex/Repositories/hive/beeline/target/tmp/alex/operation_logs/cfddd998-7594-4db7-be0b-f4121503eabd/alex_20240501045749_6b44cb2b-1f17-4bbb-b4bf-6b758302fec7
DEBUG StatusLogger Building Plugin[name=, class=org.apache.hadoop.hive.ql.log.LogDivertAppenderForTest$TestFilter].
DEBUG StatusLogger createFilter()
DEBUG StatusLogger Building Plugin[name=, class=org.apache.logging.log4j.core.layout.PatternLayout].
DEBUG StatusLogger PatternLayout$Builder(pattern="%-5p : %m%n", PatternSelector=null, Configuration(HiveLog4j2Test), Replace=null, charset="null", alwaysWriteExceptions="null", disableAnsi="null", noConsoleNoAnsi="null", header="null", footer="null")
DEBUG StatusLogger Building Plugin[name=appender, class=org.apache.hadoop.hive.ql.log.HushableRandomAccessFileAppender].
DEBUG StatusLogger createAppender(fileName="/home/alex/Repositories/hive/beeline/target/tmp/alex/operation_logs/cfddd998-7594-4db7-be0b-f4121503eabd/alex_20240501045749_6b44cb2b-1f17-4bbb-b4bf-6b758302fec7.test", append="null", name="test-query-file-appender", immediateFlush="null", bufferSize="null", ignoreExceptions="null", PatternLayout(org.apache.logging.log4j.core.layout.PatternLayout with name PatternLayout), test-filter(org.apache.hadoop.hive.ql.log.LogDivertAppenderForTest$TestFilter with name test-filter), advertise="null", advertiseURI="null", Configuration(HiveLog4j2Test))
DEBUG StatusLogger Starting RandomAccessFileManager /home/alex/Repositories/hive/beeline/target/tmp/alex/operation_logs/cfddd998-7594-4db7-be0b-f4121503eabd/alex_20240501045749_6b44cb2b-1f17-4bbb-b4bf-6b758302fec7.test
2024-05-01T04:57:49,559  INFO [cfddd998-7594-4db7-be0b-f4121503eabd main] operation.SQLOperation: [opType=EXECUTE_STATEMENT, queryId=alex_20240501045749_6b44cb2b-1f17-4bbb-b4bf-6b758302fec7, startTime=1714564669556, sessionId=cfddd998-7594-4db7-be0b-f4121503eabd, createTime=1714564669302, userName=null, ipAddress=null]
2024-05-01T04:57:49,560  INFO [cfddd998-7594-4db7-be0b-f4121503eabd main] ql.Driver: Compiling command(queryId=alex_20240501045749_6b44cb2b-1f17-4bbb-b4bf-6b758302fec7): create table if not exists test.testSrcTbl2(sc2 string)
2024-05-01T04:57:49,561  INFO [cfddd998-7594-4db7-be0b-f4121503eabd main] parse.CalcitePlanner: Starting caching scope for: alex_20240501045749_6b44cb2b-1f17-4bbb-b4bf-6b758302fec7
2024-05-01T04:57:49,561  INFO [cfddd998-7594-4db7-be0b-f4121503eabd main] parse.CalcitePlanner: Starting Semantic Analysis
2024-05-01T04:57:49,561  INFO [cfddd998-7594-4db7-be0b-f4121503eabd main] sqlstd.SQLStdHiveAccessController: Created SQLStdHiveAccessController for session context : HiveAuthzSessionContext [sessionString=cfddd998-7594-4db7-be0b-f4121503eabd, clientType=HIVESERVER2]
2024-05-01T04:57:49,562  INFO [cfddd998-7594-4db7-be0b-f4121503eabd main] parse.CalcitePlanner: Creating table test.testSrcTbl2 position=27
2024-05-01T04:57:49,562  INFO [cfddd998-7594-4db7-be0b-f4121503eabd main] HiveMetaStore.audit: ugi=alex	ip=unknown-ip-addr	cmd=get_table : tbl=hive.test.testSrcTbl2	
2024-05-01T04:57:49,563  INFO [cfddd998-7594-4db7-be0b-f4121503eabd main] HiveMetaStore.audit: ugi=alex	ip=unknown-ip-addr	cmd=get_database: test	
2024-05-01T04:57:49,564  INFO [cfddd998-7594-4db7-be0b-f4121503eabd main] parse.CalcitePlanner: Ending caching scope for: alex_20240501045749_6b44cb2b-1f17-4bbb-b4bf-6b758302fec7
2024-05-01T04:57:49,564  INFO [cfddd998-7594-4db7-be0b-f4121503eabd main] ql.Driver: Semantic Analysis Completed (retrial = false)
2024-05-01T04:57:49,564  INFO [cfddd998-7594-4db7-be0b-f4121503eabd main] ql.Driver: Created Hive schema: Schema(fieldSchemas:null, properties:null)
2024-05-01T04:57:49,564  INFO [cfddd998-7594-4db7-be0b-f4121503eabd main] metadata.Hive: Dumping metastore api call timing information for : compilation phase
2024-05-01T04:57:49,564  INFO [cfddd998-7594-4db7-be0b-f4121503eabd main] metadata.Hive: Total time spent in each metastore function (ms): {isCompatibleWith_(Configuration)=0, getDatabase_(String)=1, flushCache_()=0}
2024-05-01T04:57:49,564  INFO [cfddd998-7594-4db7-be0b-f4121503eabd main] ql.Driver: Completed compiling command(queryId=alex_20240501045749_6b44cb2b-1f17-4bbb-b4bf-6b758302fec7); Time taken: 0.004 seconds
2024-05-01T04:57:49,565  INFO [cfddd998-7594-4db7-be0b-f4121503eabd main] common.LogUtils: Unregistered logging context.
2024-05-01T04:57:49,565  INFO [HiveServer2-Background-Pool: Thread-641] common.LogUtils: Thread context registration is done.
2024-05-01T04:57:49,566  INFO [HiveServer2-Background-Pool: Thread-641] reexec.ReExecDriver: Execution #1 of query
2024-05-01T04:57:49,566  INFO [HiveServer2-Background-Pool: Thread-641] ql.Driver: Concurrency mode is disabled, not creating a lock manager
2024-05-01T04:57:49,566  INFO [HiveServer2-Background-Pool: Thread-641] ql.Driver: Executing command(queryId=alex_20240501045749_6b44cb2b-1f17-4bbb-b4bf-6b758302fec7): create table if not exists test.testSrcTbl2(sc2 string)
2024-05-01T04:57:49,567  INFO [HiveServer2-Background-Pool: Thread-641] ql.Driver: Starting task [Stage-0:DDL] in serial mode
2024-05-01T04:57:49,568  INFO [HiveServer2-Background-Pool: Thread-641] HiveMetaStore.audit: ugi=alex	ip=unknown-ip-addr	cmd=create_table_req: Table(tableName:testSrcTbl2, dbName:test, owner:alex, createTime:1714564669, lastAccessTime:0, retention:0, sd:StorageDescriptor(cols:[FieldSchema(name:sc2, type:string, comment:null)], location:null, inputFormat:org.apache.hadoop.mapred.TextInputFormat, outputFormat:org.apache.hadoop.hive.ql.io.HiveIgnoreKeyTextOutputFormat, compressed:false, numBuckets:-1, serdeInfo:SerDeInfo(name:null, serializationLib:org.apache.hadoop.hive.serde2.lazy.LazySimpleSerDe, parameters:{serialization.format=1}), bucketCols:[], sortCols:[], parameters:{}, skewedInfo:SkewedInfo(skewedColNames:[], skewedColValues:[], skewedColValueLocationMaps:{}), storedAsSubDirectories:false), partitionKeys:[], parameters:{totalSize=0, numRows=0, rawDataSize=0, COLUMN_STATS_ACCURATE={"BASIC_STATS":"true","COLUMN_STATS":{"sc2":"true"}}, numFiles=0, bucketing_version=2, numFilesErasureCoded=0}, viewOriginalText:null, viewExpandedText:null, tableType:MANAGED_TABLE, privileges:PrincipalPrivilegeSet(userPrivileges:{alex=[PrivilegeGrantInfo(privilege:INSERT, createTime:-1, grantor:alex, grantorType:USER, grantOption:true), PrivilegeGrantInfo(privilege:SELECT, createTime:-1, grantor:alex, grantorType:USER, grantOption:true), PrivilegeGrantInfo(privilege:UPDATE, createTime:-1, grantor:alex, grantorType:USER, grantOption:true), PrivilegeGrantInfo(privilege:DELETE, createTime:-1, grantor:alex, grantorType:USER, grantOption:true)]}, groupPrivileges:null, rolePrivileges:null), temporary:false, catName:hive, ownerType:USER)	
2024-05-01T04:57:49,569  INFO [HiveServer2-Background-Pool: Thread-641] metastore.HMSHandler: 29: Opening raw store with implementation class:org.apache.hadoop.hive.metastore.ObjectStore
2024-05-01T04:57:49,570  INFO [HiveServer2-Background-Pool: Thread-641] metastore.ObjectStore: RawStore: org.apache.hadoop.hive.metastore.ObjectStore@6cc6dd29, with PersistenceManager: null will be shutdown
2024-05-01T04:57:49,570  INFO [HiveServer2-Background-Pool: Thread-641] metastore.ObjectStore: RawStore: org.apache.hadoop.hive.metastore.ObjectStore@6cc6dd29, with PersistenceManager: org.datanucleus.api.jdo.JDOPersistenceManager@2e5011a1 created in the thread with id: 641
2024-05-01T04:57:49,572  INFO [HiveServer2-Background-Pool: Thread-641] metastore.HMSHandler: Created RawStore: org.apache.hadoop.hive.metastore.ObjectStore@6cc6dd29 from thread id: 641
2024-05-01T04:57:49,575  INFO [HiveServer2-Background-Pool: Thread-641] utils.FileUtils: Creating directory if it doesn't exist: file:/home/alex/Repositories/hive/beeline/target/tmp/warehouse/test.db/testsrctbl2
2024-05-01T04:57:49,609  INFO [HiveServer2-Background-Pool: Thread-641] metadata.Hive: Dumping metastore api call timing information for : execution phase
2024-05-01T04:57:49,609  INFO [HiveServer2-Background-Pool: Thread-641] metadata.Hive: Total time spent in each metastore function (ms): {isCompatibleWith_(Configuration)=0, createTable_(Table)=41}
2024-05-01T04:57:49,609  INFO [HiveServer2-Background-Pool: Thread-641] ql.Driver: Completed executing command(queryId=alex_20240501045749_6b44cb2b-1f17-4bbb-b4bf-6b758302fec7); Time taken: 0.043 seconds
2024-05-01T04:57:49,610  INFO [HiveServer2-Background-Pool: Thread-641] common.LogUtils: Unregistered logging context.
2024-05-01T04:57:49,612  INFO [cfddd998-7594-4db7-be0b-f4121503eabd main] operation.OperationManager: Closing operation: OperationHandle [opType=EXECUTE_STATEMENT, getHandleIdentifier()=ba433e06-b3cd-4dd5-ba68-1051f766d06a]
2024-05-01T04:57:49,612  INFO [cfddd998-7594-4db7-be0b-f4121503eabd main] operation.OperationManager: Removed queryId: alex_20240501045749_6b44cb2b-1f17-4bbb-b4bf-6b758302fec7 corresponding to operation: OperationHandle [opType=EXECUTE_STATEMENT, getHandleIdentifier()=ba433e06-b3cd-4dd5-ba68-1051f766d06a] with tag: null
2024-05-01T04:57:49,612  INFO [cfddd998-7594-4db7-be0b-f4121503eabd main] operation.SQLOperation: Closing operation log /home/alex/Repositories/hive/beeline/target/tmp/alex/operation_logs/cfddd998-7594-4db7-be0b-f4121503eabd/alex_20240501045749_6b44cb2b-1f17-4bbb-b4bf-6b758302fec7 without delay
2024-05-01T04:57:49,617  INFO [cfddd998-7594-4db7-be0b-f4121503eabd main] session.HiveSessionImpl: executing desc testSrcTbl2
2024-05-01T04:57:49,617  INFO [cfddd998-7594-4db7-be0b-f4121503eabd main] operation.OperationManager: Adding operation: OperationHandle [opType=EXECUTE_STATEMENT, getHandleIdentifier()=5dbd4c0f-69e8-42c7-aadf-d60c7b2627d3] SessionHandle [cfddd998-7594-4db7-be0b-f4121503eabd]
2024-05-01T04:57:49,617  INFO [cfddd998-7594-4db7-be0b-f4121503eabd main] common.LogUtils: Thread context registration is done.
DEBUG StatusLogger Building Plugin[name=filter, class=org.apache.hadoop.hive.ql.log.LogDivertAppender$NameFilter].
DEBUG StatusLogger createFilter(loggingLevel="EXECUTION")
DEBUG StatusLogger Building Plugin[name=layout, class=org.apache.logging.log4j.core.layout.PatternLayout].
DEBUG StatusLogger PatternLayout$Builder(pattern="%-5p : %m%n", PatternSelector=null, Configuration(HiveLog4j2Test), Replace=null, charset="null", alwaysWriteExceptions="null", disableAnsi="null", noConsoleNoAnsi="null", header="null", footer="null")
DEBUG StatusLogger Building Plugin[name=appender, class=org.apache.hadoop.hive.ql.log.HushableRandomAccessFileAppender].
DEBUG StatusLogger createAppender(fileName="/home/alex/Repositories/hive/beeline/target/tmp/alex/operation_logs/cfddd998-7594-4db7-be0b-f4121503eabd/alex_20240501045749_105d85ac-0467-4b65-bcf1-fe3096f5c93d", append="null", name="query-file-appender", immediateFlush="null", bufferSize="null", ignoreExceptions="null", PatternLayout(org.apache.logging.log4j.core.layout.PatternLayout with name PatternLayout), NameFilter(org.apache.hadoop.hive.ql.log.LogDivertAppender$NameFilter with name NameFilter), advertise="null", advertiseURI="null", Configuration(HiveLog4j2Test))
DEBUG StatusLogger Starting RandomAccessFileManager /home/alex/Repositories/hive/beeline/target/tmp/alex/operation_logs/cfddd998-7594-4db7-be0b-f4121503eabd/alex_20240501045749_105d85ac-0467-4b65-bcf1-fe3096f5c93d
DEBUG StatusLogger Building Plugin[name=, class=org.apache.hadoop.hive.ql.log.LogDivertAppenderForTest$TestFilter].
DEBUG StatusLogger createFilter()
DEBUG StatusLogger Building Plugin[name=, class=org.apache.logging.log4j.core.layout.PatternLayout].
DEBUG StatusLogger PatternLayout$Builder(pattern="%-5p : %m%n", PatternSelector=null, Configuration(HiveLog4j2Test), Replace=null, charset="null", alwaysWriteExceptions="null", disableAnsi="null", noConsoleNoAnsi="null", header="null", footer="null")
DEBUG StatusLogger Building Plugin[name=appender, class=org.apache.hadoop.hive.ql.log.HushableRandomAccessFileAppender].
DEBUG StatusLogger createAppender(fileName="/home/alex/Repositories/hive/beeline/target/tmp/alex/operation_logs/cfddd998-7594-4db7-be0b-f4121503eabd/alex_20240501045749_105d85ac-0467-4b65-bcf1-fe3096f5c93d.test", append="null", name="test-query-file-appender", immediateFlush="null", bufferSize="null", ignoreExceptions="null", PatternLayout(org.apache.logging.log4j.core.layout.PatternLayout with name PatternLayout), test-filter(org.apache.hadoop.hive.ql.log.LogDivertAppenderForTest$TestFilter with name test-filter), advertise="null", advertiseURI="null", Configuration(HiveLog4j2Test))
DEBUG StatusLogger Starting RandomAccessFileManager /home/alex/Repositories/hive/beeline/target/tmp/alex/operation_logs/cfddd998-7594-4db7-be0b-f4121503eabd/alex_20240501045749_105d85ac-0467-4b65-bcf1-fe3096f5c93d.test
2024-05-01T04:57:49,620  INFO [cfddd998-7594-4db7-be0b-f4121503eabd main] operation.SQLOperation: [opType=EXECUTE_STATEMENT, queryId=alex_20240501045749_105d85ac-0467-4b65-bcf1-fe3096f5c93d, startTime=1714564669617, sessionId=cfddd998-7594-4db7-be0b-f4121503eabd, createTime=1714564669302, userName=null, ipAddress=null]
2024-05-01T04:57:49,621  INFO [cfddd998-7594-4db7-be0b-f4121503eabd main] ql.Driver: Compiling command(queryId=alex_20240501045749_105d85ac-0467-4b65-bcf1-fe3096f5c93d): desc testSrcTbl2
2024-05-01T04:57:49,626  INFO [cfddd998-7594-4db7-be0b-f4121503eabd main] HiveMetaStore.audit: ugi=alex	ip=unknown-ip-addr	cmd=get_database: test	
2024-05-01T04:57:49,627  INFO [cfddd998-7594-4db7-be0b-f4121503eabd main] HiveMetaStore.audit: ugi=alex	ip=unknown-ip-addr	cmd=get_table : tbl=hive.test.testSrcTbl2	
2024-05-01T04:57:49,713  INFO [cfddd998-7594-4db7-be0b-f4121503eabd main] ql.Driver: Semantic Analysis Completed (retrial = false)
2024-05-01T04:57:49,713  INFO [cfddd998-7594-4db7-be0b-f4121503eabd main] ql.Driver: Created Hive schema: Schema(fieldSchemas:[FieldSchema(name:col_name, type:string, comment:from deserializer), FieldSchema(name:data_type, type:string, comment:from deserializer), FieldSchema(name:comment, type:string, comment:from deserializer)], properties:null)
2024-05-01T04:57:49,714  INFO [cfddd998-7594-4db7-be0b-f4121503eabd main] exec.ListSinkOperator: Initializing Operator: LIST_SINK[0]
2024-05-01T04:57:49,714  INFO [cfddd998-7594-4db7-be0b-f4121503eabd main] metadata.Hive: Dumping metastore api call timing information for : compilation phase
2024-05-01T04:57:49,714  INFO [cfddd998-7594-4db7-be0b-f4121503eabd main] metadata.Hive: Total time spent in each metastore function (ms): {isCompatibleWith_(Configuration)=0, getDatabase_(String)=1, getTable_(GetTableRequest)=86, flushCache_()=1}
2024-05-01T04:57:49,714  INFO [cfddd998-7594-4db7-be0b-f4121503eabd main] ql.Driver: Completed compiling command(queryId=alex_20240501045749_105d85ac-0467-4b65-bcf1-fe3096f5c93d); Time taken: 0.093 seconds
2024-05-01T04:57:49,714  INFO [cfddd998-7594-4db7-be0b-f4121503eabd main] common.LogUtils: Unregistered logging context.
2024-05-01T04:57:49,715  INFO [HiveServer2-Background-Pool: Thread-646] common.LogUtils: Thread context registration is done.
2024-05-01T04:57:49,715  INFO [HiveServer2-Background-Pool: Thread-646] reexec.ReExecDriver: Execution #1 of query
2024-05-01T04:57:49,716  INFO [HiveServer2-Background-Pool: Thread-646] ql.Driver: Concurrency mode is disabled, not creating a lock manager
2024-05-01T04:57:49,716  INFO [HiveServer2-Background-Pool: Thread-646] ql.Driver: Executing command(queryId=alex_20240501045749_105d85ac-0467-4b65-bcf1-fe3096f5c93d): desc testSrcTbl2
2024-05-01T04:57:49,716  INFO [HiveServer2-Background-Pool: Thread-646] ql.Driver: Starting task [Stage-0:DDL] in serial mode
2024-05-01T04:57:49,718  INFO [HiveServer2-Background-Pool: Thread-646] HiveMetaStore.audit: ugi=alex	ip=unknown-ip-addr	cmd=get_table : tbl=hive.test.testSrcTbl2	
2024-05-01T04:57:49,719  INFO [HiveServer2-Background-Pool: Thread-646] metastore.HMSHandler: 30: Opening raw store with implementation class:org.apache.hadoop.hive.metastore.ObjectStore
2024-05-01T04:57:49,719  INFO [HiveServer2-Background-Pool: Thread-646] metastore.ObjectStore: RawStore: org.apache.hadoop.hive.metastore.ObjectStore@1bc85b7, with PersistenceManager: null will be shutdown
2024-05-01T04:57:49,720  INFO [HiveServer2-Background-Pool: Thread-646] metastore.ObjectStore: RawStore: org.apache.hadoop.hive.metastore.ObjectStore@1bc85b7, with PersistenceManager: org.datanucleus.api.jdo.JDOPersistenceManager@44be0be4 created in the thread with id: 646
2024-05-01T04:57:49,727  INFO [HiveServer2-Background-Pool: Thread-646] metastore.HMSHandler: Created RawStore: org.apache.hadoop.hive.metastore.ObjectStore@1bc85b7 from thread id: 646
2024-05-01T04:57:49,758  INFO [HiveServer2-Background-Pool: Thread-646] metadata.Hive: Dumping metastore api call timing information for : execution phase
2024-05-01T04:57:49,758  INFO [HiveServer2-Background-Pool: Thread-646] metadata.Hive: Total time spent in each metastore function (ms): {isCompatibleWith_(Configuration)=1, getTable_(GetTableRequest)=25}
2024-05-01T04:57:49,758  INFO [HiveServer2-Background-Pool: Thread-646] ql.Driver: Completed executing command(queryId=alex_20240501045749_105d85ac-0467-4b65-bcf1-fe3096f5c93d); Time taken: 0.042 seconds
2024-05-01T04:57:49,759  INFO [HiveServer2-Background-Pool: Thread-646] common.LogUtils: Unregistered logging context.
2024-05-01T04:57:49,761  INFO [cfddd998-7594-4db7-be0b-f4121503eabd main] operation.OperationManager: Closing operation: OperationHandle [opType=EXECUTE_STATEMENT, getHandleIdentifier()=5dbd4c0f-69e8-42c7-aadf-d60c7b2627d3]
2024-05-01T04:57:49,761  INFO [cfddd998-7594-4db7-be0b-f4121503eabd main] operation.OperationManager: Removed queryId: alex_20240501045749_105d85ac-0467-4b65-bcf1-fe3096f5c93d corresponding to operation: OperationHandle [opType=EXECUTE_STATEMENT, getHandleIdentifier()=5dbd4c0f-69e8-42c7-aadf-d60c7b2627d3] with tag: null
2024-05-01T04:57:49,761  INFO [cfddd998-7594-4db7-be0b-f4121503eabd main] ql.Context: Deleting scratch dir: file:/home/alex/Repositories/hive/beeline/target/tmp/alex/cfddd998-7594-4db7-be0b-f4121503eabd/hive_2024-05-01_04-57-49_621_6456733548897772410-1
2024-05-01T04:57:49,761  INFO [cfddd998-7594-4db7-be0b-f4121503eabd main] cleanup.EventualCleanupService: Delete file:/home/alex/Repositories/hive/beeline/target/tmp/alex/cfddd998-7594-4db7-be0b-f4121503eabd/hive_2024-05-01_04-57-49_621_6456733548897772410-1 operation was queued
2024-05-01T04:57:49,761  INFO [cfddd998-7594-4db7-be0b-f4121503eabd main] exec.ListSinkOperator: Closing Operator: LIST_SINK[0]
2024-05-01T04:57:49,761  INFO [cfddd998-7594-4db7-be0b-f4121503eabd main] exec.ListSinkOperator: RECORDS_OUT_INTERMEDIATE:0, RECORDS_OUT_OPERATOR_LIST_SINK_0:0, 
2024-05-01T04:57:49,762  INFO [cfddd998-7594-4db7-be0b-f4121503eabd main] operation.SQLOperation: Closing operation log /home/alex/Repositories/hive/beeline/target/tmp/alex/operation_logs/cfddd998-7594-4db7-be0b-f4121503eabd/alex_20240501045749_105d85ac-0467-4b65-bcf1-fe3096f5c93d without delay
2024-05-01T04:57:49,762  INFO [EventualCleanupService thread 0] cleanup.EventualCleanupService: Deleted file:/home/alex/Repositories/hive/beeline/target/tmp/alex/cfddd998-7594-4db7-be0b-f4121503eabd/hive_2024-05-01_04-57-49_621_6456733548897772410-1
2024-05-01T04:57:49,766  INFO [main] service.CompositeService: Session closed, SessionHandle [cfddd998-7594-4db7-be0b-f4121503eabd], current sessions:0
2024-05-01T04:57:49,766  INFO [cfddd998-7594-4db7-be0b-f4121503eabd main] session.HiveSessionImpl: Operation log session directory is deleted: /home/alex/Repositories/hive/beeline/target/tmp/alex/operation_logs/cfddd998-7594-4db7-be0b-f4121503eabd
2024-05-01T04:57:49,767  INFO [main] cleanup.EventualCleanupService: Delete /tmp/hive/alex/cfddd998-7594-4db7-be0b-f4121503eabd operation was queued
2024-05-01T04:57:49,767  INFO [main] cleanup.EventualCleanupService: Delete /home/alex/Repositories/hive/beeline/target/tmp/alex/cfddd998-7594-4db7-be0b-f4121503eabd operation was queued
2024-05-01T04:57:49,767  INFO [EventualCleanupService thread 2] cleanup.EventualCleanupService: Deleted /home/alex/Repositories/hive/beeline/target/tmp/alex/cfddd998-7594-4db7-be0b-f4121503eabd
2024-05-01T04:57:49,767  INFO [EventualCleanupService thread 1] cleanup.EventualCleanupService: Deleted /tmp/hive/alex/cfddd998-7594-4db7-be0b-f4121503eabd
2024-05-01T04:57:49,767  INFO [main] HiveMetaStore.audit: ugi=alex	ip=unknown-ip-addr	cmd=Cleaning up thread local RawStore...	
2024-05-01T04:57:49,768  INFO [main] metastore.ObjectStore: RawStore: org.apache.hadoop.hive.metastore.ObjectStore@1cfa7ee0, with PersistenceManager: org.datanucleus.api.jdo.JDOPersistenceManager@612290d will be shutdown
2024-05-01T04:57:49,768  INFO [main] HiveMetaStore.audit: ugi=alex	ip=unknown-ip-addr	cmd=Done cleaning up thread local RawStore	
2024-05-01T04:57:49,768  INFO [main] metastore.HiveMetaStoreClient: Closed a connection to metastore, current connections: -41
2024-05-01T04:57:49,768 ERROR [main] cli.TestHiveCli: Failed due to the error:Connecting to jdbc:hive2://
Hive Session ID = a72f8186-1b85-45bf-bcfd-56a5a66f9b3a
ivysettings.xml file not found in HIVE_HOME or HIVE_CONF_DIR,/home/alex/Repositories/hive/conf/ivysettings.xml will be used
ivysettings.xml file not found in HIVE_HOME or HIVE_CONF_DIR,/home/alex/Repositories/hive/conf/ivysettings.xml will be used
Connected to: Apache Hive (version 4.0.0-SNAPSHOT)
Error: Couldn't load manifest attributes. (state=,code=0)
Transaction isolation: TRANSACTION_REPEATABLE_READ
INFO  : Compiling command(queryId=alex_20240501045749_43137e2b-2cda-48d4-90e7-7016e3354502): use test
INFO  : Semantic Analysis Completed (retrial = false)
INFO  : Created Hive schema: Schema(fieldSchemas:null, properties:null)
INFO  : Completed compiling command(queryId=alex_20240501045749_43137e2b-2cda-48d4-90e7-7016e3354502); Time taken: 0.005 seconds
INFO  : Concurrency mode is disabled, not creating a lock manager
INFO  : Executing command(queryId=alex_20240501045749_43137e2b-2cda-48d4-90e7-7016e3354502): use test
INFO  : Starting task [Stage-0:DDL] in serial mode
DEBUG : Task getting executed using mapred tag : alex_20240501045749_43137e2b-2cda-48d4-90e7-7016e3354502,userid=null
INFO  : Completed executing command(queryId=alex_20240501045749_43137e2b-2cda-48d4-90e7-7016e3354502); Time taken: 0.006 seconds
DEBUG : Shutting down query use test
Error: Failed to wait for operation to complete (state=08S01,code=0)
Beeline version ??? by Apache Hive
hive> set hiveconf:zzz=/home/alex/Repositories/hive/beeline/target/tmp/test5159990394438536617.sql;
No rows affected (0,005 seconds)
hive> source ${hiveconf:zzz};
INFO  : Compiling command(queryId=alex_20240501045749_6b44cb2b-1f17-4bbb-b4bf-6b758302fec7): create table if not exists test.testSrcTbl2(sc2 string)
INFO  : Semantic Analysis Completed (retrial = false)
INFO  : Created Hive schema: Schema(fieldSchemas:null, properties:null)
INFO  : Completed compiling command(queryId=alex_20240501045749_6b44cb2b-1f17-4bbb-b4bf-6b758302fec7); Time taken: 0.004 seconds
INFO  : Concurrency mode is disabled, not creating a lock manager
INFO  : Executing command(queryId=alex_20240501045749_6b44cb2b-1f17-4bbb-b4bf-6b758302fec7): create table if not exists test.testSrcTbl2(sc2 string)
INFO  : Starting task [Stage-0:DDL] in serial mode
DEBUG : Task getting executed using mapred tag : alex_20240501045749_6b44cb2b-1f17-4bbb-b4bf-6b758302fec7,userid=null
INFO  : Completed executing command(queryId=alex_20240501045749_6b44cb2b-1f17-4bbb-b4bf-6b758302fec7); Time taken: 0.043 seconds
DEBUG : Shutting down query create table if not exists test.testSrcTbl2(sc2 string)
Error: Failed to wait for operation to complete (state=08S01,code=0)
hive> desc testSrcTbl2;
INFO  : Compiling command(queryId=alex_20240501045749_105d85ac-0467-4b65-bcf1-fe3096f5c93d): desc testSrcTbl2
INFO  : Semantic Analysis Completed (retrial = false)
INFO  : Created Hive schema: Schema(fieldSchemas:[FieldSchema(name:col_name, type:string, comment:from deserializer), FieldSchema(name:data_type, type:string, comment:from deserializer), FieldSchema(name:comment, type:string, comment:from deserializer)], properties:null)
INFO  : Completed compiling command(queryId=alex_20240501045749_105d85ac-0467-4b65-bcf1-fe3096f5c93d); Time taken: 0.093 seconds
INFO  : Concurrency mode is disabled, not creating a lock manager
INFO  : Executing command(queryId=alex_20240501045749_105d85ac-0467-4b65-bcf1-fe3096f5c93d): desc testSrcTbl2
INFO  : Starting task [Stage-0:DDL] in serial mode
DEBUG : Task getting executed using mapred tag : alex_20240501045749_105d85ac-0467-4b65-bcf1-fe3096f5c93d,userid=null
INFO  : Completed executing command(queryId=alex_20240501045749_105d85ac-0467-4b65-bcf1-fe3096f5c93d); Time taken: 0.042 seconds
DEBUG : Shutting down query desc testSrcTbl2
Error: Failed to wait for operation to complete (state=08S01,code=0)
hive> Closing: 0: jdbc:hive2://

]]></system-err>
  </testcase>
  <testcase name="testSetHeaderValue" classname="org.apache.hive.beeline.cli.TestHiveCli" time="2.617">
    <failure type="java.lang.AssertionError"><![CDATA[java.lang.AssertionError: The expected keyword "testtbl.a testtbl.b" occur in the output: 
	at org.junit.Assert.fail(Assert.java:89)
	at org.junit.Assert.assertTrue(Assert.java:42)
	at org.apache.hive.beeline.cli.TestHiveCli.verifyCMD(TestHiveCli.java:270)
	at org.apache.hive.beeline.cli.TestHiveCli.testSetHeaderValue(TestHiveCli.java:89)
	at sun.reflect.NativeMethodAccessorImpl.invoke0(Native Method)
	at sun.reflect.NativeMethodAccessorImpl.invoke(NativeMethodAccessorImpl.java:62)
	at sun.reflect.DelegatingMethodAccessorImpl.invoke(DelegatingMethodAccessorImpl.java:43)
	at java.lang.reflect.Method.invoke(Method.java:498)
	at org.junit.runners.model.FrameworkMethod$1.runReflectiveCall(FrameworkMethod.java:59)
	at org.junit.internal.runners.model.ReflectiveCallable.run(ReflectiveCallable.java:12)
	at org.junit.runners.model.FrameworkMethod.invokeExplosively(FrameworkMethod.java:56)
	at org.junit.internal.runners.statements.InvokeMethod.evaluate(InvokeMethod.java:17)
	at org.junit.internal.runners.statements.RunBefores.evaluate(RunBefores.java:26)
	at org.junit.internal.runners.statements.RunAfters.evaluate(RunAfters.java:27)
	at org.junit.runners.ParentRunner$3.evaluate(ParentRunner.java:306)
	at org.junit.runners.BlockJUnit4ClassRunner$1.evaluate(BlockJUnit4ClassRunner.java:100)
	at org.junit.runners.ParentRunner.runLeaf(ParentRunner.java:366)
	at org.junit.runners.BlockJUnit4ClassRunner.runChild(BlockJUnit4ClassRunner.java:103)
	at org.junit.runners.BlockJUnit4ClassRunner.runChild(BlockJUnit4ClassRunner.java:63)
	at org.junit.runners.ParentRunner$4.run(ParentRunner.java:331)
	at org.junit.runners.ParentRunner$1.schedule(ParentRunner.java:79)
	at org.junit.runners.ParentRunner.runChildren(ParentRunner.java:329)
	at org.junit.runners.ParentRunner.access$100(ParentRunner.java:66)
	at org.junit.runners.ParentRunner$2.evaluate(ParentRunner.java:293)
	at org.junit.internal.runners.statements.RunBefores.evaluate(RunBefores.java:26)
	at org.junit.runners.ParentRunner$3.evaluate(ParentRunner.java:306)
	at org.junit.runners.ParentRunner.run(ParentRunner.java:413)
	at org.junit.runner.JUnitCore.run(JUnitCore.java:137)
	at org.junit.runner.JUnitCore.run(JUnitCore.java:115)
	at org.junit.vintage.engine.execution.RunnerExecutor.execute(RunnerExecutor.java:43)
	at java.util.stream.ForEachOps$ForEachOp$OfRef.accept(ForEachOps.java:183)
	at java.util.stream.ReferencePipeline$3$1.accept(ReferencePipeline.java:193)
	at java.util.Iterator.forEachRemaining(Iterator.java:116)
	at java.util.Spliterators$IteratorSpliterator.forEachRemaining(Spliterators.java:1801)
	at java.util.stream.AbstractPipeline.copyInto(AbstractPipeline.java:482)
	at java.util.stream.AbstractPipeline.wrapAndCopyInto(AbstractPipeline.java:472)
	at java.util.stream.ForEachOps$ForEachOp.evaluateSequential(ForEachOps.java:150)
	at java.util.stream.ForEachOps$ForEachOp$OfRef.evaluateSequential(ForEachOps.java:173)
	at java.util.stream.AbstractPipeline.evaluate(AbstractPipeline.java:234)
	at java.util.stream.ReferencePipeline.forEach(ReferencePipeline.java:485)
	at org.junit.vintage.engine.VintageTestEngine.executeAllChildren(VintageTestEngine.java:82)
	at org.junit.vintage.engine.VintageTestEngine.execute(VintageTestEngine.java:73)
	at org.junit.platform.launcher.core.DefaultLauncher.execute(DefaultLauncher.java:248)
	at org.junit.platform.launcher.core.DefaultLauncher.lambda$execute$5(DefaultLauncher.java:211)
	at org.junit.platform.launcher.core.DefaultLauncher.withInterceptedStreams(DefaultLauncher.java:226)
	at org.junit.platform.launcher.core.DefaultLauncher.execute(DefaultLauncher.java:199)
	at org.junit.platform.launcher.core.DefaultLauncher.execute(DefaultLauncher.java:132)
	at org.apache.maven.surefire.junitplatform.JUnitPlatformProvider.invokeAllTests(JUnitPlatformProvider.java:154)
	at org.apache.maven.surefire.junitplatform.JUnitPlatformProvider.invoke(JUnitPlatformProvider.java:123)
	at org.apache.maven.surefire.booter.ForkedBooter.runSuitesInProcess(ForkedBooter.java:377)
	at org.apache.maven.surefire.booter.ForkedBooter.execute(ForkedBooter.java:138)
	at org.apache.maven.surefire.booter.ForkedBooter.run(ForkedBooter.java:465)
	at org.apache.maven.surefire.booter.ForkedBooter.main(ForkedBooter.java:451)
]]></failure>
    <system-err><![CDATA[2024-05-01T04:57:49,769 ERROR [main] cli.TestHiveCli: Failed to execute command due to the error: java.lang.NullPointerException: Null output stream
2024-05-01T04:57:49,819  WARN [main] conf.HiveConf: HiveConf of name hive.dummyparam.test.server.specific.config.override does not exist
2024-05-01T04:57:49,819  WARN [main] conf.HiveConf: HiveConf of name hive.dummyparam.test.server.specific.config.hiveserver2site does not exist
2024-05-01T04:57:49,819  WARN [main] conf.HiveConf: HiveConf of name hive.dummyparam.test.server.specific.config.metastoresite does not exist
2024-05-01T04:57:49,819  INFO [main] SessionState: Hive Session ID = e766684b-e1db-42dc-b3ba-dfb6c2c9df3a
2024-05-01T04:57:49,820  INFO [main] DependencyResolver: ivysettings.xml file not found in HIVE_HOME or HIVE_CONF_DIR,/home/alex/Repositories/hive/conf/ivysettings.xml will be used
2024-05-01T04:57:49,827  INFO [main] session.SessionState: Created HDFS directory: /tmp/hive/alex/e766684b-e1db-42dc-b3ba-dfb6c2c9df3a
2024-05-01T04:57:49,831  INFO [main] session.SessionState: Created local directory: /home/alex/Repositories/hive/beeline/target/tmp/alex/e766684b-e1db-42dc-b3ba-dfb6c2c9df3a
2024-05-01T04:57:49,877  INFO [main] session.SessionState: Created HDFS directory: /tmp/hive/alex/e766684b-e1db-42dc-b3ba-dfb6c2c9df3a/_tmp_space.db
2024-05-01T04:57:49,877  INFO [main] sqlstd.SQLStdHiveAccessController: Created SQLStdHiveAccessController for session context : HiveAuthzSessionContext [sessionString=e766684b-e1db-42dc-b3ba-dfb6c2c9df3a, clientType=HIVESERVER2]
2024-05-01T04:57:49,878  INFO [main] metastore.HiveMetaStoreClient: HMS client filtering is enabled.
2024-05-01T04:57:49,878  INFO [main] metastore.HMSHandler: 0: Opening raw store with implementation class:org.apache.hadoop.hive.metastore.ObjectStore
2024-05-01T04:57:49,878  INFO [main] metastore.PersistenceManagerProvider: Configuration datanucleus.autoStartMechanismMode is not set. Defaulting to 'ignored'
2024-05-01T04:57:49,879  INFO [main] metastore.ObjectStore: RawStore: org.apache.hadoop.hive.metastore.ObjectStore@389bc2d3, with PersistenceManager: null will be shutdown
2024-05-01T04:57:49,879  INFO [main] metastore.ObjectStore: RawStore: org.apache.hadoop.hive.metastore.ObjectStore@389bc2d3, with PersistenceManager: org.datanucleus.api.jdo.JDOPersistenceManager@442310fd created in the thread with id: 1
2024-05-01T04:57:49,880  INFO [main] metastore.HMSHandler: Created RawStore: org.apache.hadoop.hive.metastore.ObjectStore@389bc2d3 from thread id: 1
2024-05-01T04:57:49,880  INFO [main] metastore.HMSHandler: HMS server filtering is disabled by configuration
2024-05-01T04:57:49,880  INFO [main] metastore.RetryingMetaStoreClient: RetryingMetaStoreClient proxy=class org.apache.hadoop.hive.ql.metadata.SessionHiveMetaStoreClient ugi=alex (auth:SIMPLE) retries=1 delay=1 lifetime=0
2024-05-01T04:57:49,881  INFO [main] service.CompositeService: Operation log root directory is created: /home/alex/Repositories/hive/beeline/target/tmp/alex/operation_logs
2024-05-01T04:57:49,881  INFO [main] service.CompositeService: HiveServer2: Background operation thread pool size: 100
2024-05-01T04:57:49,881  INFO [main] service.CompositeService: HiveServer2: Background operation thread wait queue size: 100
2024-05-01T04:57:49,881  INFO [main] service.CompositeService: HiveServer2: Background operation thread keepalive time: 10 seconds
2024-05-01T04:57:49,881  INFO [main] service.CompositeService: Connections limit are user: 0 ipaddress: 0 user-ipaddress: 0
2024-05-01T04:57:49,882  INFO [main] cleanup.EventualCleanupService: EventualCleanupService started with 10 threads and queue of size 10000
ERROR StatusLogger Log4j2 ConfigurationScheduler attempted to increment scheduled items after start
ERROR StatusLogger Log4j2 ConfigurationScheduler attempted to increment scheduled items after start
2024-05-01T04:57:49,883  INFO [main] service.AbstractService: Service:OperationManager is inited.
2024-05-01T04:57:49,884  INFO [main] service.AbstractService: Service:SessionManager is inited.
2024-05-01T04:57:49,884  INFO [main] service.AbstractService: Service:CLIService is inited.
2024-05-01T04:57:49,884  INFO [main] service.AbstractService: Service:OperationManager is started.
2024-05-01T04:57:49,884  INFO [main] service.AbstractService: Service:SessionManager is started.
2024-05-01T04:57:49,884  INFO [main] service.AbstractService: Service:CLIService is started.
2024-05-01T04:57:49,884  INFO [main] service.AbstractService: Service:ThriftBinaryCLIService is inited.
2024-05-01T04:57:49,884  INFO [main] thrift.ThriftCLIService: Client protocol version: HIVE_CLI_SERVICE_PROTOCOL_V10
2024-05-01T04:57:49,884  INFO [main] thrift.ThriftCLIService: Creating Hive session handle for user [null] from IP null
2024-05-01T04:57:49,885  INFO [main] DependencyResolver: ivysettings.xml file not found in HIVE_HOME or HIVE_CONF_DIR,/home/alex/Repositories/hive/conf/ivysettings.xml will be used
2024-05-01T04:57:49,892  INFO [main] session.SessionState: Created HDFS directory: /tmp/hive/alex/bab32567-b4d7-4082-be97-7cd6efb646b2
2024-05-01T04:57:49,896  INFO [main] session.SessionState: Created local directory: /home/alex/Repositories/hive/beeline/target/tmp/alex/bab32567-b4d7-4082-be97-7cd6efb646b2
2024-05-01T04:57:49,899  INFO [main] session.SessionState: Created HDFS directory: /tmp/hive/alex/bab32567-b4d7-4082-be97-7cd6efb646b2/_tmp_space.db
2024-05-01T04:57:49,900  INFO [main] session.SessionState: Reloading auxiliary JAR files
2024-05-01T04:57:49,900  WARN [main] session.SessionState: Configuration hive.reloadable.aux.jars.path not specified
2024-05-01T04:57:49,900  INFO [main] HiveMetaStore.audit: ugi=alex	ip=unknown-ip-addr	cmd=Cleaning up thread local RawStore...	
2024-05-01T04:57:49,900  INFO [main] metastore.ObjectStore: RawStore: org.apache.hadoop.hive.metastore.ObjectStore@389bc2d3, with PersistenceManager: org.datanucleus.api.jdo.JDOPersistenceManager@442310fd will be shutdown
2024-05-01T04:57:49,900  INFO [main] HiveMetaStore.audit: ugi=alex	ip=unknown-ip-addr	cmd=Done cleaning up thread local RawStore	
2024-05-01T04:57:49,900  INFO [main] metastore.HiveMetaStoreClient: Closed a connection to metastore, current connections: -42
2024-05-01T04:57:49,900  INFO [main] session.HiveSessionImpl: Operation log session directory is created: /home/alex/Repositories/hive/beeline/target/tmp/alex/operation_logs/bab32567-b4d7-4082-be97-7cd6efb646b2
2024-05-01T04:57:49,900  INFO [main] service.CompositeService: Session opened, SessionHandle [bab32567-b4d7-4082-be97-7cd6efb646b2], current sessions:1
2024-05-01T04:57:49,900  INFO [main] thrift.ThriftCLIService: Login attempt is successful for user : null
2024-05-01T04:57:49,947  WARN [main] conf.HiveConf: HiveConf of name hive.dummyparam.test.server.specific.config.override does not exist
2024-05-01T04:57:49,947  WARN [main] conf.HiveConf: HiveConf of name hive.dummyparam.test.server.specific.config.hiveserver2site does not exist
2024-05-01T04:57:49,947  WARN [main] conf.HiveConf: HiveConf of name hive.dummyparam.test.server.specific.config.metastoresite does not exist
2024-05-01T04:57:49,948  INFO [bab32567-b4d7-4082-be97-7cd6efb646b2 main] session.HiveSessionImpl: executing set
2024-05-01T04:57:49,948  INFO [bab32567-b4d7-4082-be97-7cd6efb646b2 main] operation.HiveCommandOperation: Putting temp output to file /home/alex/Repositories/hive/beeline/target/tmp/alex/bab32567-b4d7-4082-be97-7cd6efb646b23219345249460673298.pipeout and error output to file /home/alex/Repositories/hive/beeline/target/tmp/alex/bab32567-b4d7-4082-be97-7cd6efb646b25788754073803236914.pipeout
2024-05-01T04:57:49,948  INFO [bab32567-b4d7-4082-be97-7cd6efb646b2 main] operation.OperationManager: Adding operation: OperationHandle [opType=EXECUTE_STATEMENT, getHandleIdentifier()=c34d19ba-c8e9-45cd-97b0-4463da558373] SessionHandle [bab32567-b4d7-4082-be97-7cd6efb646b2]
2024-05-01T04:57:49,948  INFO [bab32567-b4d7-4082-be97-7cd6efb646b2 main] common.LogUtils: Thread context registration is done.
DEBUG StatusLogger Building Plugin[name=filter, class=org.apache.hadoop.hive.ql.log.LogDivertAppender$NameFilter].
DEBUG StatusLogger createFilter(loggingLevel="EXECUTION")
DEBUG StatusLogger Building Plugin[name=layout, class=org.apache.logging.log4j.core.layout.PatternLayout].
DEBUG StatusLogger PatternLayout$Builder(pattern="%-5p : %m%n", PatternSelector=null, Configuration(HiveLog4j2Test), Replace=null, charset="null", alwaysWriteExceptions="null", disableAnsi="null", noConsoleNoAnsi="null", header="null", footer="null")
DEBUG StatusLogger Building Plugin[name=appender, class=org.apache.hadoop.hive.ql.log.HushableRandomAccessFileAppender].
DEBUG StatusLogger createAppender(fileName="/home/alex/Repositories/hive/beeline/target/tmp/alex/operation_logs/bab32567-b4d7-4082-be97-7cd6efb646b2/alex_20240501045749_a517e964-60ef-44e1-a626-8b9b761b5bd4", append="null", name="query-file-appender", immediateFlush="null", bufferSize="null", ignoreExceptions="null", PatternLayout(org.apache.logging.log4j.core.layout.PatternLayout with name PatternLayout), NameFilter(org.apache.hadoop.hive.ql.log.LogDivertAppender$NameFilter with name NameFilter), advertise="null", advertiseURI="null", Configuration(HiveLog4j2Test))
DEBUG StatusLogger Starting RandomAccessFileManager /home/alex/Repositories/hive/beeline/target/tmp/alex/operation_logs/bab32567-b4d7-4082-be97-7cd6efb646b2/alex_20240501045749_a517e964-60ef-44e1-a626-8b9b761b5bd4
DEBUG StatusLogger Building Plugin[name=, class=org.apache.hadoop.hive.ql.log.LogDivertAppenderForTest$TestFilter].
DEBUG StatusLogger createFilter()
DEBUG StatusLogger Building Plugin[name=, class=org.apache.logging.log4j.core.layout.PatternLayout].
DEBUG StatusLogger PatternLayout$Builder(pattern="%-5p : %m%n", PatternSelector=null, Configuration(HiveLog4j2Test), Replace=null, charset="null", alwaysWriteExceptions="null", disableAnsi="null", noConsoleNoAnsi="null", header="null", footer="null")
DEBUG StatusLogger Building Plugin[name=appender, class=org.apache.hadoop.hive.ql.log.HushableRandomAccessFileAppender].
DEBUG StatusLogger createAppender(fileName="/home/alex/Repositories/hive/beeline/target/tmp/alex/operation_logs/bab32567-b4d7-4082-be97-7cd6efb646b2/alex_20240501045749_a517e964-60ef-44e1-a626-8b9b761b5bd4.test", append="null", name="test-query-file-appender", immediateFlush="null", bufferSize="null", ignoreExceptions="null", PatternLayout(org.apache.logging.log4j.core.layout.PatternLayout with name PatternLayout), test-filter(org.apache.hadoop.hive.ql.log.LogDivertAppenderForTest$TestFilter with name test-filter), advertise="null", advertiseURI="null", Configuration(HiveLog4j2Test))
DEBUG StatusLogger Starting RandomAccessFileManager /home/alex/Repositories/hive/beeline/target/tmp/alex/operation_logs/bab32567-b4d7-4082-be97-7cd6efb646b2/alex_20240501045749_a517e964-60ef-44e1-a626-8b9b761b5bd4.test
2024-05-01T04:57:49,952  INFO [bab32567-b4d7-4082-be97-7cd6efb646b2 main] operation.HiveCommandOperation: [opType=EXECUTE_STATEMENT, queryId=alex_20240501045749_a517e964-60ef-44e1-a626-8b9b761b5bd4, startTime=1714564669948, sessionId=bab32567-b4d7-4082-be97-7cd6efb646b2, createTime=1714564669884, userName=null, ipAddress=null]
2024-05-01T04:57:49,959  INFO [bab32567-b4d7-4082-be97-7cd6efb646b2 main] common.LogUtils: Unregistered logging context.
2024-05-01T04:57:49,962  INFO [bab32567-b4d7-4082-be97-7cd6efb646b2 main] operation.OperationManager: Closing operation: OperationHandle [opType=EXECUTE_STATEMENT, getHandleIdentifier()=c34d19ba-c8e9-45cd-97b0-4463da558373]
2024-05-01T04:57:49,962  INFO [bab32567-b4d7-4082-be97-7cd6efb646b2 main] operation.OperationManager: Removed queryId: alex_20240501045749_a517e964-60ef-44e1-a626-8b9b761b5bd4 corresponding to operation: OperationHandle [opType=EXECUTE_STATEMENT, getHandleIdentifier()=c34d19ba-c8e9-45cd-97b0-4463da558373] with tag: null
2024-05-01T04:57:49,963  INFO [bab32567-b4d7-4082-be97-7cd6efb646b2 main] operation.HiveCommandOperation: Closing operation log /home/alex/Repositories/hive/beeline/target/tmp/alex/operation_logs/bab32567-b4d7-4082-be97-7cd6efb646b2/alex_20240501045749_a517e964-60ef-44e1-a626-8b9b761b5bd4 without delay
2024-05-01T04:57:49,969  INFO [bab32567-b4d7-4082-be97-7cd6efb646b2 main] session.HiveSessionImpl: executing create database if not exists test
2024-05-01T04:57:49,970  INFO [bab32567-b4d7-4082-be97-7cd6efb646b2 main] operation.OperationManager: Adding operation: OperationHandle [opType=EXECUTE_STATEMENT, getHandleIdentifier()=cfa1daf4-fc5f-4307-8471-9037aa3d8b97] SessionHandle [bab32567-b4d7-4082-be97-7cd6efb646b2]
2024-05-01T04:57:49,970  INFO [bab32567-b4d7-4082-be97-7cd6efb646b2 main] common.LogUtils: Thread context registration is done.
DEBUG StatusLogger Building Plugin[name=filter, class=org.apache.hadoop.hive.ql.log.LogDivertAppender$NameFilter].
DEBUG StatusLogger createFilter(loggingLevel="EXECUTION")
DEBUG StatusLogger Building Plugin[name=layout, class=org.apache.logging.log4j.core.layout.PatternLayout].
DEBUG StatusLogger PatternLayout$Builder(pattern="%-5p : %m%n", PatternSelector=null, Configuration(HiveLog4j2Test), Replace=null, charset="null", alwaysWriteExceptions="null", disableAnsi="null", noConsoleNoAnsi="null", header="null", footer="null")
DEBUG StatusLogger Building Plugin[name=appender, class=org.apache.hadoop.hive.ql.log.HushableRandomAccessFileAppender].
DEBUG StatusLogger createAppender(fileName="/home/alex/Repositories/hive/beeline/target/tmp/alex/operation_logs/bab32567-b4d7-4082-be97-7cd6efb646b2/alex_20240501045749_cd809a2b-7462-46b9-971c-06552e824f17", append="null", name="query-file-appender", immediateFlush="null", bufferSize="null", ignoreExceptions="null", PatternLayout(org.apache.logging.log4j.core.layout.PatternLayout with name PatternLayout), NameFilter(org.apache.hadoop.hive.ql.log.LogDivertAppender$NameFilter with name NameFilter), advertise="null", advertiseURI="null", Configuration(HiveLog4j2Test))
DEBUG StatusLogger Starting RandomAccessFileManager /home/alex/Repositories/hive/beeline/target/tmp/alex/operation_logs/bab32567-b4d7-4082-be97-7cd6efb646b2/alex_20240501045749_cd809a2b-7462-46b9-971c-06552e824f17
DEBUG StatusLogger Building Plugin[name=, class=org.apache.hadoop.hive.ql.log.LogDivertAppenderForTest$TestFilter].
DEBUG StatusLogger createFilter()
DEBUG StatusLogger Building Plugin[name=, class=org.apache.logging.log4j.core.layout.PatternLayout].
DEBUG StatusLogger PatternLayout$Builder(pattern="%-5p : %m%n", PatternSelector=null, Configuration(HiveLog4j2Test), Replace=null, charset="null", alwaysWriteExceptions="null", disableAnsi="null", noConsoleNoAnsi="null", header="null", footer="null")
DEBUG StatusLogger Building Plugin[name=appender, class=org.apache.hadoop.hive.ql.log.HushableRandomAccessFileAppender].
DEBUG StatusLogger createAppender(fileName="/home/alex/Repositories/hive/beeline/target/tmp/alex/operation_logs/bab32567-b4d7-4082-be97-7cd6efb646b2/alex_20240501045749_cd809a2b-7462-46b9-971c-06552e824f17.test", append="null", name="test-query-file-appender", immediateFlush="null", bufferSize="null", ignoreExceptions="null", PatternLayout(org.apache.logging.log4j.core.layout.PatternLayout with name PatternLayout), test-filter(org.apache.hadoop.hive.ql.log.LogDivertAppenderForTest$TestFilter with name test-filter), advertise="null", advertiseURI="null", Configuration(HiveLog4j2Test))
DEBUG StatusLogger Starting RandomAccessFileManager /home/alex/Repositories/hive/beeline/target/tmp/alex/operation_logs/bab32567-b4d7-4082-be97-7cd6efb646b2/alex_20240501045749_cd809a2b-7462-46b9-971c-06552e824f17.test
2024-05-01T04:57:49,973  INFO [bab32567-b4d7-4082-be97-7cd6efb646b2 main] operation.SQLOperation: [opType=EXECUTE_STATEMENT, queryId=alex_20240501045749_cd809a2b-7462-46b9-971c-06552e824f17, startTime=1714564669969, sessionId=bab32567-b4d7-4082-be97-7cd6efb646b2, createTime=1714564669884, userName=null, ipAddress=null]
2024-05-01T04:57:49,974  INFO [bab32567-b4d7-4082-be97-7cd6efb646b2 main] ql.Driver: Compiling command(queryId=alex_20240501045749_cd809a2b-7462-46b9-971c-06552e824f17): create database if not exists test
2024-05-01T04:57:49,975  INFO [bab32567-b4d7-4082-be97-7cd6efb646b2 main] metastore.HiveMetaStoreClient: HMS client filtering is enabled.
2024-05-01T04:57:49,975  INFO [bab32567-b4d7-4082-be97-7cd6efb646b2 main] metastore.HMSHandler: 0: Opening raw store with implementation class:org.apache.hadoop.hive.metastore.ObjectStore
2024-05-01T04:57:49,975  INFO [bab32567-b4d7-4082-be97-7cd6efb646b2 main] metastore.PersistenceManagerProvider: Configuration datanucleus.autoStartMechanismMode is not set. Defaulting to 'ignored'
2024-05-01T04:57:49,976  INFO [bab32567-b4d7-4082-be97-7cd6efb646b2 main] metastore.ObjectStore: RawStore: org.apache.hadoop.hive.metastore.ObjectStore@438c0aaf, with PersistenceManager: null will be shutdown
2024-05-01T04:57:49,976  INFO [bab32567-b4d7-4082-be97-7cd6efb646b2 main] metastore.ObjectStore: RawStore: org.apache.hadoop.hive.metastore.ObjectStore@438c0aaf, with PersistenceManager: org.datanucleus.api.jdo.JDOPersistenceManager@7577589 created in the thread with id: 1
2024-05-01T04:57:49,978  INFO [bab32567-b4d7-4082-be97-7cd6efb646b2 main] metastore.HMSHandler: Created RawStore: org.apache.hadoop.hive.metastore.ObjectStore@438c0aaf from thread id: 1
2024-05-01T04:57:49,978  INFO [bab32567-b4d7-4082-be97-7cd6efb646b2 main] metastore.HMSHandler: HMS server filtering is disabled by configuration
2024-05-01T04:57:49,979  INFO [bab32567-b4d7-4082-be97-7cd6efb646b2 main] metastore.RetryingMetaStoreClient: RetryingMetaStoreClient proxy=class org.apache.hadoop.hive.ql.metadata.SessionHiveMetaStoreClient ugi=alex (auth:SIMPLE) retries=1 delay=1 lifetime=0
2024-05-01T04:57:49,979  INFO [bab32567-b4d7-4082-be97-7cd6efb646b2 main] ql.Driver: Semantic Analysis Completed (retrial = false)
2024-05-01T04:57:49,979  INFO [bab32567-b4d7-4082-be97-7cd6efb646b2 main] ql.Driver: Created Hive schema: Schema(fieldSchemas:null, properties:null)
2024-05-01T04:57:49,979  INFO [bab32567-b4d7-4082-be97-7cd6efb646b2 main] metadata.Hive: Dumping metastore api call timing information for : compilation phase
2024-05-01T04:57:49,979  INFO [bab32567-b4d7-4082-be97-7cd6efb646b2 main] metadata.Hive: Total time spent in each metastore function (ms): {isCompatibleWith_(Configuration)=0, flushCache_()=0}
2024-05-01T04:57:49,979  INFO [bab32567-b4d7-4082-be97-7cd6efb646b2 main] ql.Driver: Completed compiling command(queryId=alex_20240501045749_cd809a2b-7462-46b9-971c-06552e824f17); Time taken: 0.005 seconds
2024-05-01T04:57:49,979  INFO [bab32567-b4d7-4082-be97-7cd6efb646b2 main] common.LogUtils: Unregistered logging context.
2024-05-01T04:57:49,980  INFO [HiveServer2-Background-Pool: Thread-671] common.LogUtils: Thread context registration is done.
2024-05-01T04:57:49,980  INFO [HiveServer2-Background-Pool: Thread-671] reexec.ReExecDriver: Execution #1 of query
2024-05-01T04:57:49,981  INFO [HiveServer2-Background-Pool: Thread-671] ql.Driver: Concurrency mode is disabled, not creating a lock manager
2024-05-01T04:57:49,981  INFO [HiveServer2-Background-Pool: Thread-671] ql.Driver: Executing command(queryId=alex_20240501045749_cd809a2b-7462-46b9-971c-06552e824f17): create database if not exists test
2024-05-01T04:57:49,982  INFO [HiveServer2-Background-Pool: Thread-671] ql.Driver: Starting task [Stage-0:DDL] in serial mode
2024-05-01T04:57:49,982  INFO [HiveServer2-Background-Pool: Thread-671] sqlstd.SQLStdHiveAccessController: Created SQLStdHiveAccessController for session context : HiveAuthzSessionContext [sessionString=bab32567-b4d7-4082-be97-7cd6efb646b2, clientType=HIVESERVER2]
2024-05-01T04:57:49,983  WARN [HiveServer2-Background-Pool: Thread-671] exec.DDLTask: metastore.warehouse.external.dir is not set, falling back to metastore.warehouse.dir. This could cause external tables to use to managed tablespace.
2024-05-01T04:57:49,983  INFO [HiveServer2-Background-Pool: Thread-671] HiveMetaStore.audit: ugi=alex	ip=unknown-ip-addr	cmd=create_database: Database(name:test, description:null, locationUri:file:/home/alex/Repositories/hive/beeline/target/tmp/warehouse/test.db, parameters:null, ownerName:alex, ownerType:USER, catalogName:hive, type:NATIVE)	
2024-05-01T04:57:49,984  INFO [HiveServer2-Background-Pool: Thread-671] metastore.HMSHandler: 31: Opening raw store with implementation class:org.apache.hadoop.hive.metastore.ObjectStore
2024-05-01T04:57:49,985  INFO [HiveServer2-Background-Pool: Thread-671] metastore.ObjectStore: RawStore: org.apache.hadoop.hive.metastore.ObjectStore@268337df, with PersistenceManager: null will be shutdown
2024-05-01T04:57:49,985  INFO [HiveServer2-Background-Pool: Thread-671] metastore.ObjectStore: RawStore: org.apache.hadoop.hive.metastore.ObjectStore@268337df, with PersistenceManager: org.datanucleus.api.jdo.JDOPersistenceManager@6381bd6b created in the thread with id: 671
2024-05-01T04:57:49,988  INFO [HiveServer2-Background-Pool: Thread-671] metastore.HMSHandler: Created RawStore: org.apache.hadoop.hive.metastore.ObjectStore@268337df from thread id: 671
2024-05-01T04:57:49,989 ERROR [HiveServer2-Background-Pool: Thread-671] metastore.RetryingHMSHandler: AlreadyExistsException(message:Database test already exists)
	at org.apache.hadoop.hive.metastore.HMSHandler.create_database(HMSHandler.java:1472)
	at sun.reflect.NativeMethodAccessorImpl.invoke0(Native Method)
	at sun.reflect.NativeMethodAccessorImpl.invoke(NativeMethodAccessorImpl.java:62)
	at sun.reflect.DelegatingMethodAccessorImpl.invoke(DelegatingMethodAccessorImpl.java:43)
	at java.lang.reflect.Method.invoke(Method.java:498)
	at org.apache.hadoop.hive.metastore.RetryingHMSHandler.invokeInternal(RetryingHMSHandler.java:147)
	at org.apache.hadoop.hive.metastore.RetryingHMSHandler.invoke(RetryingHMSHandler.java:108)
	at com.sun.proxy.$Proxy40.create_database(Unknown Source)
	at org.apache.hadoop.hive.metastore.HiveMetaStoreClient.createDatabase(HiveMetaStoreClient.java:1151)
	at sun.reflect.NativeMethodAccessorImpl.invoke0(Native Method)
	at sun.reflect.NativeMethodAccessorImpl.invoke(NativeMethodAccessorImpl.java:62)
	at sun.reflect.DelegatingMethodAccessorImpl.invoke(DelegatingMethodAccessorImpl.java:43)
	at java.lang.reflect.Method.invoke(Method.java:498)
	at org.apache.hadoop.hive.metastore.RetryingMetaStoreClient.invoke(RetryingMetaStoreClient.java:218)
	at com.sun.proxy.$Proxy41.createDatabase(Unknown Source)
	at org.apache.hadoop.hive.ql.metadata.Hive.createDatabase(Hive.java:605)
	at org.apache.hadoop.hive.ql.ddl.database.create.CreateDatabaseOperation.execute(CreateDatabaseOperation.java:68)
	at org.apache.hadoop.hive.ql.ddl.DDLTask.execute(DDLTask.java:84)
	at org.apache.hadoop.hive.ql.exec.Task.executeTask(Task.java:212)
	at org.apache.hadoop.hive.ql.exec.TaskRunner.runSequential(TaskRunner.java:105)
	at org.apache.hadoop.hive.ql.Executor.launchTask(Executor.java:361)
	at org.apache.hadoop.hive.ql.Executor.launchTasks(Executor.java:334)
	at org.apache.hadoop.hive.ql.Executor.runTasks(Executor.java:245)
	at org.apache.hadoop.hive.ql.Executor.execute(Executor.java:108)
	at org.apache.hadoop.hive.ql.Driver.execute(Driver.java:348)
	at org.apache.hadoop.hive.ql.Driver.runInternal(Driver.java:204)
	at org.apache.hadoop.hive.ql.Driver.run(Driver.java:153)
	at org.apache.hadoop.hive.ql.Driver.run(Driver.java:148)
	at org.apache.hadoop.hive.ql.reexec.ReExecDriver.run(ReExecDriver.java:164)
	at org.apache.hive.service.cli.operation.SQLOperation.runQuery(SQLOperation.java:233)
	at org.apache.hive.service.cli.operation.SQLOperation.access$500(SQLOperation.java:88)
	at org.apache.hive.service.cli.operation.SQLOperation$BackgroundWork$1.run(SQLOperation.java:336)
	at java.security.AccessController.doPrivileged(Native Method)
	at javax.security.auth.Subject.doAs(Subject.java:422)
	at org.apache.hadoop.security.UserGroupInformation.doAs(UserGroupInformation.java:1682)
	at org.apache.hive.service.cli.operation.SQLOperation$BackgroundWork.run(SQLOperation.java:356)
	at java.util.concurrent.Executors$RunnableAdapter.call(Executors.java:511)
	at java.util.concurrent.FutureTask.run(FutureTask.java:266)
	at java.util.concurrent.ThreadPoolExecutor.runWorker(ThreadPoolExecutor.java:1149)
	at java.util.concurrent.ThreadPoolExecutor$Worker.run(ThreadPoolExecutor.java:624)
	at java.lang.Thread.run(Thread.java:750)

2024-05-01T04:57:49,989  INFO [HiveServer2-Background-Pool: Thread-671] metadata.Hive: Dumping metastore api call timing information for : execution phase
2024-05-01T04:57:49,989  INFO [HiveServer2-Background-Pool: Thread-671] metadata.Hive: Total time spent in each metastore function (ms): {isCompatibleWith_(Configuration)=0}
2024-05-01T04:57:49,989  INFO [HiveServer2-Background-Pool: Thread-671] ql.Driver: Completed executing command(queryId=alex_20240501045749_cd809a2b-7462-46b9-971c-06552e824f17); Time taken: 0.008 seconds
2024-05-01T04:57:49,990  INFO [HiveServer2-Background-Pool: Thread-671] common.LogUtils: Unregistered logging context.
2024-05-01T04:57:49,993  INFO [bab32567-b4d7-4082-be97-7cd6efb646b2 main] operation.OperationManager: Closing operation: OperationHandle [opType=EXECUTE_STATEMENT, getHandleIdentifier()=cfa1daf4-fc5f-4307-8471-9037aa3d8b97]
2024-05-01T04:57:49,993  INFO [bab32567-b4d7-4082-be97-7cd6efb646b2 main] operation.OperationManager: Removed queryId: alex_20240501045749_cd809a2b-7462-46b9-971c-06552e824f17 corresponding to operation: OperationHandle [opType=EXECUTE_STATEMENT, getHandleIdentifier()=cfa1daf4-fc5f-4307-8471-9037aa3d8b97] with tag: null
2024-05-01T04:57:49,994  INFO [bab32567-b4d7-4082-be97-7cd6efb646b2 main] operation.SQLOperation: Closing operation log /home/alex/Repositories/hive/beeline/target/tmp/alex/operation_logs/bab32567-b4d7-4082-be97-7cd6efb646b2/alex_20240501045749_cd809a2b-7462-46b9-971c-06552e824f17 without delay
2024-05-01T04:57:49,999  INFO [bab32567-b4d7-4082-be97-7cd6efb646b2 main] session.HiveSessionImpl: executing create table if not exists test.testTbl(a string, b string)
2024-05-01T04:57:49,999  INFO [bab32567-b4d7-4082-be97-7cd6efb646b2 main] operation.OperationManager: Adding operation: OperationHandle [opType=EXECUTE_STATEMENT, getHandleIdentifier()=81d92b47-7cbb-4dbc-843c-a3a901a68a72] SessionHandle [bab32567-b4d7-4082-be97-7cd6efb646b2]
2024-05-01T04:57:49,999  INFO [bab32567-b4d7-4082-be97-7cd6efb646b2 main] common.LogUtils: Thread context registration is done.
DEBUG StatusLogger Building Plugin[name=filter, class=org.apache.hadoop.hive.ql.log.LogDivertAppender$NameFilter].
DEBUG StatusLogger createFilter(loggingLevel="EXECUTION")
DEBUG StatusLogger Building Plugin[name=layout, class=org.apache.logging.log4j.core.layout.PatternLayout].
DEBUG StatusLogger PatternLayout$Builder(pattern="%-5p : %m%n", PatternSelector=null, Configuration(HiveLog4j2Test), Replace=null, charset="null", alwaysWriteExceptions="null", disableAnsi="null", noConsoleNoAnsi="null", header="null", footer="null")
DEBUG StatusLogger Building Plugin[name=appender, class=org.apache.hadoop.hive.ql.log.HushableRandomAccessFileAppender].
DEBUG StatusLogger createAppender(fileName="/home/alex/Repositories/hive/beeline/target/tmp/alex/operation_logs/bab32567-b4d7-4082-be97-7cd6efb646b2/alex_20240501045749_f65dae1f-aac8-4381-92da-37ccae1495e3", append="null", name="query-file-appender", immediateFlush="null", bufferSize="null", ignoreExceptions="null", PatternLayout(org.apache.logging.log4j.core.layout.PatternLayout with name PatternLayout), NameFilter(org.apache.hadoop.hive.ql.log.LogDivertAppender$NameFilter with name NameFilter), advertise="null", advertiseURI="null", Configuration(HiveLog4j2Test))
DEBUG StatusLogger Starting RandomAccessFileManager /home/alex/Repositories/hive/beeline/target/tmp/alex/operation_logs/bab32567-b4d7-4082-be97-7cd6efb646b2/alex_20240501045749_f65dae1f-aac8-4381-92da-37ccae1495e3
DEBUG StatusLogger Building Plugin[name=, class=org.apache.hadoop.hive.ql.log.LogDivertAppenderForTest$TestFilter].
DEBUG StatusLogger createFilter()
DEBUG StatusLogger Building Plugin[name=, class=org.apache.logging.log4j.core.layout.PatternLayout].
DEBUG StatusLogger PatternLayout$Builder(pattern="%-5p : %m%n", PatternSelector=null, Configuration(HiveLog4j2Test), Replace=null, charset="null", alwaysWriteExceptions="null", disableAnsi="null", noConsoleNoAnsi="null", header="null", footer="null")
DEBUG StatusLogger Building Plugin[name=appender, class=org.apache.hadoop.hive.ql.log.HushableRandomAccessFileAppender].
DEBUG StatusLogger createAppender(fileName="/home/alex/Repositories/hive/beeline/target/tmp/alex/operation_logs/bab32567-b4d7-4082-be97-7cd6efb646b2/alex_20240501045749_f65dae1f-aac8-4381-92da-37ccae1495e3.test", append="null", name="test-query-file-appender", immediateFlush="null", bufferSize="null", ignoreExceptions="null", PatternLayout(org.apache.logging.log4j.core.layout.PatternLayout with name PatternLayout), test-filter(org.apache.hadoop.hive.ql.log.LogDivertAppenderForTest$TestFilter with name test-filter), advertise="null", advertiseURI="null", Configuration(HiveLog4j2Test))
DEBUG StatusLogger Starting RandomAccessFileManager /home/alex/Repositories/hive/beeline/target/tmp/alex/operation_logs/bab32567-b4d7-4082-be97-7cd6efb646b2/alex_20240501045749_f65dae1f-aac8-4381-92da-37ccae1495e3.test
2024-05-01T04:57:50,002  INFO [bab32567-b4d7-4082-be97-7cd6efb646b2 main] operation.SQLOperation: [opType=EXECUTE_STATEMENT, queryId=alex_20240501045749_f65dae1f-aac8-4381-92da-37ccae1495e3, startTime=1714564669999, sessionId=bab32567-b4d7-4082-be97-7cd6efb646b2, createTime=1714564669884, userName=null, ipAddress=null]
2024-05-01T04:57:50,002  INFO [bab32567-b4d7-4082-be97-7cd6efb646b2 main] ql.Driver: Compiling command(queryId=alex_20240501045749_f65dae1f-aac8-4381-92da-37ccae1495e3): create table if not exists test.testTbl(a string, b string)
2024-05-01T04:57:50,003  INFO [bab32567-b4d7-4082-be97-7cd6efb646b2 main] parse.CalcitePlanner: Starting caching scope for: alex_20240501045749_f65dae1f-aac8-4381-92da-37ccae1495e3
2024-05-01T04:57:50,003  INFO [bab32567-b4d7-4082-be97-7cd6efb646b2 main] parse.CalcitePlanner: Starting Semantic Analysis
2024-05-01T04:57:50,003  INFO [bab32567-b4d7-4082-be97-7cd6efb646b2 main] parse.CalcitePlanner: Creating table test.testTbl position=27
2024-05-01T04:57:50,004  INFO [bab32567-b4d7-4082-be97-7cd6efb646b2 main] HiveMetaStore.audit: ugi=alex	ip=unknown-ip-addr	cmd=get_table : tbl=hive.test.testTbl	
2024-05-01T04:57:50,005  INFO [bab32567-b4d7-4082-be97-7cd6efb646b2 main] HiveMetaStore.audit: ugi=alex	ip=unknown-ip-addr	cmd=get_database: test	
2024-05-01T04:57:50,006  INFO [bab32567-b4d7-4082-be97-7cd6efb646b2 main] parse.CalcitePlanner: Ending caching scope for: alex_20240501045749_f65dae1f-aac8-4381-92da-37ccae1495e3
2024-05-01T04:57:50,006  INFO [bab32567-b4d7-4082-be97-7cd6efb646b2 main] ql.Driver: Semantic Analysis Completed (retrial = false)
2024-05-01T04:57:50,006  INFO [bab32567-b4d7-4082-be97-7cd6efb646b2 main] ql.Driver: Created Hive schema: Schema(fieldSchemas:null, properties:null)
2024-05-01T04:57:50,006  INFO [bab32567-b4d7-4082-be97-7cd6efb646b2 main] metadata.Hive: Dumping metastore api call timing information for : compilation phase
2024-05-01T04:57:50,006  INFO [bab32567-b4d7-4082-be97-7cd6efb646b2 main] metadata.Hive: Total time spent in each metastore function (ms): {isCompatibleWith_(Configuration)=0, getDatabase_(String)=1, flushCache_()=0}
2024-05-01T04:57:50,006  INFO [bab32567-b4d7-4082-be97-7cd6efb646b2 main] ql.Driver: Completed compiling command(queryId=alex_20240501045749_f65dae1f-aac8-4381-92da-37ccae1495e3); Time taken: 0.004 seconds
2024-05-01T04:57:50,006  INFO [bab32567-b4d7-4082-be97-7cd6efb646b2 main] common.LogUtils: Unregistered logging context.
2024-05-01T04:57:50,007  INFO [HiveServer2-Background-Pool: Thread-674] common.LogUtils: Thread context registration is done.
2024-05-01T04:57:50,007  INFO [HiveServer2-Background-Pool: Thread-674] reexec.ReExecDriver: Execution #1 of query
2024-05-01T04:57:50,008  INFO [HiveServer2-Background-Pool: Thread-674] ql.Driver: Concurrency mode is disabled, not creating a lock manager
2024-05-01T04:57:50,008  INFO [HiveServer2-Background-Pool: Thread-674] ql.Driver: Executing command(queryId=alex_20240501045749_f65dae1f-aac8-4381-92da-37ccae1495e3): create table if not exists test.testTbl(a string, b string)
2024-05-01T04:57:50,009  INFO [HiveServer2-Background-Pool: Thread-674] ql.Driver: Starting task [Stage-0:DDL] in serial mode
2024-05-01T04:57:50,010  INFO [HiveServer2-Background-Pool: Thread-674] HiveMetaStore.audit: ugi=alex	ip=unknown-ip-addr	cmd=create_table_req: Table(tableName:testTbl, dbName:test, owner:alex, createTime:1714564670, lastAccessTime:0, retention:0, sd:StorageDescriptor(cols:[FieldSchema(name:a, type:string, comment:null), FieldSchema(name:b, type:string, comment:null)], location:null, inputFormat:org.apache.hadoop.mapred.TextInputFormat, outputFormat:org.apache.hadoop.hive.ql.io.HiveIgnoreKeyTextOutputFormat, compressed:false, numBuckets:-1, serdeInfo:SerDeInfo(name:null, serializationLib:org.apache.hadoop.hive.serde2.lazy.LazySimpleSerDe, parameters:{serialization.format=1}), bucketCols:[], sortCols:[], parameters:{}, skewedInfo:SkewedInfo(skewedColNames:[], skewedColValues:[], skewedColValueLocationMaps:{}), storedAsSubDirectories:false), partitionKeys:[], parameters:{totalSize=0, numRows=0, rawDataSize=0, COLUMN_STATS_ACCURATE={"BASIC_STATS":"true","COLUMN_STATS":{"a":"true","b":"true"}}, numFiles=0, bucketing_version=2, numFilesErasureCoded=0}, viewOriginalText:null, viewExpandedText:null, tableType:MANAGED_TABLE, privileges:PrincipalPrivilegeSet(userPrivileges:{alex=[PrivilegeGrantInfo(privilege:INSERT, createTime:-1, grantor:alex, grantorType:USER, grantOption:true), PrivilegeGrantInfo(privilege:SELECT, createTime:-1, grantor:alex, grantorType:USER, grantOption:true), PrivilegeGrantInfo(privilege:UPDATE, createTime:-1, grantor:alex, grantorType:USER, grantOption:true), PrivilegeGrantInfo(privilege:DELETE, createTime:-1, grantor:alex, grantorType:USER, grantOption:true)]}, groupPrivileges:null, rolePrivileges:null), temporary:false, catName:hive, ownerType:USER)	
2024-05-01T04:57:50,010  INFO [HiveServer2-Background-Pool: Thread-674] metastore.HMSHandler: 32: Opening raw store with implementation class:org.apache.hadoop.hive.metastore.ObjectStore
2024-05-01T04:57:50,011  INFO [HiveServer2-Background-Pool: Thread-674] metastore.ObjectStore: RawStore: org.apache.hadoop.hive.metastore.ObjectStore@382c5fe8, with PersistenceManager: null will be shutdown
2024-05-01T04:57:50,011  INFO [HiveServer2-Background-Pool: Thread-674] metastore.ObjectStore: RawStore: org.apache.hadoop.hive.metastore.ObjectStore@382c5fe8, with PersistenceManager: org.datanucleus.api.jdo.JDOPersistenceManager@7a1259c9 created in the thread with id: 674
2024-05-01T04:57:50,013  INFO [HiveServer2-Background-Pool: Thread-674] metastore.HMSHandler: Created RawStore: org.apache.hadoop.hive.metastore.ObjectStore@382c5fe8 from thread id: 674
2024-05-01T04:57:50,015  INFO [HiveServer2-Background-Pool: Thread-674] utils.FileUtils: Creating directory if it doesn't exist: file:/home/alex/Repositories/hive/beeline/target/tmp/warehouse/test.db/testtbl
2024-05-01T04:57:50,035  INFO [HiveServer2-Background-Pool: Thread-674] metadata.Hive: Dumping metastore api call timing information for : execution phase
2024-05-01T04:57:50,035  INFO [HiveServer2-Background-Pool: Thread-674] metadata.Hive: Total time spent in each metastore function (ms): {isCompatibleWith_(Configuration)=0, createTable_(Table)=26}
2024-05-01T04:57:50,035  INFO [HiveServer2-Background-Pool: Thread-674] ql.Driver: Completed executing command(queryId=alex_20240501045749_f65dae1f-aac8-4381-92da-37ccae1495e3); Time taken: 0.027 seconds
2024-05-01T04:57:50,036  INFO [HiveServer2-Background-Pool: Thread-674] common.LogUtils: Unregistered logging context.
2024-05-01T04:57:50,037  INFO [bab32567-b4d7-4082-be97-7cd6efb646b2 main] operation.OperationManager: Closing operation: OperationHandle [opType=EXECUTE_STATEMENT, getHandleIdentifier()=81d92b47-7cbb-4dbc-843c-a3a901a68a72]
2024-05-01T04:57:50,037  INFO [bab32567-b4d7-4082-be97-7cd6efb646b2 main] operation.OperationManager: Removed queryId: alex_20240501045749_f65dae1f-aac8-4381-92da-37ccae1495e3 corresponding to operation: OperationHandle [opType=EXECUTE_STATEMENT, getHandleIdentifier()=81d92b47-7cbb-4dbc-843c-a3a901a68a72] with tag: null
2024-05-01T04:57:50,038  INFO [bab32567-b4d7-4082-be97-7cd6efb646b2 main] operation.SQLOperation: Closing operation log /home/alex/Repositories/hive/beeline/target/tmp/alex/operation_logs/bab32567-b4d7-4082-be97-7cd6efb646b2/alex_20240501045749_f65dae1f-aac8-4381-92da-37ccae1495e3 without delay
2024-05-01T04:57:50,042  INFO [bab32567-b4d7-4082-be97-7cd6efb646b2 main] session.HiveSessionImpl: executing set hive.cli.print.header=true
2024-05-01T04:57:50,043  INFO [bab32567-b4d7-4082-be97-7cd6efb646b2 main] operation.HiveCommandOperation: Putting temp output to file /home/alex/Repositories/hive/beeline/target/tmp/alex/bab32567-b4d7-4082-be97-7cd6efb646b23219345249460673298.pipeout and error output to file /home/alex/Repositories/hive/beeline/target/tmp/alex/bab32567-b4d7-4082-be97-7cd6efb646b25788754073803236914.pipeout
2024-05-01T04:57:50,043  INFO [bab32567-b4d7-4082-be97-7cd6efb646b2 main] operation.OperationManager: Adding operation: OperationHandle [opType=EXECUTE_STATEMENT, getHandleIdentifier()=8c097db1-512e-48c8-b3be-0373959dd4d8] SessionHandle [bab32567-b4d7-4082-be97-7cd6efb646b2]
2024-05-01T04:57:50,043  INFO [bab32567-b4d7-4082-be97-7cd6efb646b2 main] common.LogUtils: Thread context registration is done.
DEBUG StatusLogger Building Plugin[name=filter, class=org.apache.hadoop.hive.ql.log.LogDivertAppender$NameFilter].
DEBUG StatusLogger createFilter(loggingLevel="EXECUTION")
DEBUG StatusLogger Building Plugin[name=layout, class=org.apache.logging.log4j.core.layout.PatternLayout].
DEBUG StatusLogger PatternLayout$Builder(pattern="%-5p : %m%n", PatternSelector=null, Configuration(HiveLog4j2Test), Replace=null, charset="null", alwaysWriteExceptions="null", disableAnsi="null", noConsoleNoAnsi="null", header="null", footer="null")
DEBUG StatusLogger Building Plugin[name=appender, class=org.apache.hadoop.hive.ql.log.HushableRandomAccessFileAppender].
DEBUG StatusLogger createAppender(fileName="/home/alex/Repositories/hive/beeline/target/tmp/alex/operation_logs/bab32567-b4d7-4082-be97-7cd6efb646b2/alex_20240501045750_4b36d304-2391-4d09-8996-7dfb07fe8688", append="null", name="query-file-appender", immediateFlush="null", bufferSize="null", ignoreExceptions="null", PatternLayout(org.apache.logging.log4j.core.layout.PatternLayout with name PatternLayout), NameFilter(org.apache.hadoop.hive.ql.log.LogDivertAppender$NameFilter with name NameFilter), advertise="null", advertiseURI="null", Configuration(HiveLog4j2Test))
DEBUG StatusLogger Starting RandomAccessFileManager /home/alex/Repositories/hive/beeline/target/tmp/alex/operation_logs/bab32567-b4d7-4082-be97-7cd6efb646b2/alex_20240501045750_4b36d304-2391-4d09-8996-7dfb07fe8688
DEBUG StatusLogger Building Plugin[name=, class=org.apache.hadoop.hive.ql.log.LogDivertAppenderForTest$TestFilter].
DEBUG StatusLogger createFilter()
DEBUG StatusLogger Building Plugin[name=, class=org.apache.logging.log4j.core.layout.PatternLayout].
DEBUG StatusLogger PatternLayout$Builder(pattern="%-5p : %m%n", PatternSelector=null, Configuration(HiveLog4j2Test), Replace=null, charset="null", alwaysWriteExceptions="null", disableAnsi="null", noConsoleNoAnsi="null", header="null", footer="null")
DEBUG StatusLogger Building Plugin[name=appender, class=org.apache.hadoop.hive.ql.log.HushableRandomAccessFileAppender].
DEBUG StatusLogger createAppender(fileName="/home/alex/Repositories/hive/beeline/target/tmp/alex/operation_logs/bab32567-b4d7-4082-be97-7cd6efb646b2/alex_20240501045750_4b36d304-2391-4d09-8996-7dfb07fe8688.test", append="null", name="test-query-file-appender", immediateFlush="null", bufferSize="null", ignoreExceptions="null", PatternLayout(org.apache.logging.log4j.core.layout.PatternLayout with name PatternLayout), test-filter(org.apache.hadoop.hive.ql.log.LogDivertAppenderForTest$TestFilter with name test-filter), advertise="null", advertiseURI="null", Configuration(HiveLog4j2Test))
DEBUG StatusLogger Starting RandomAccessFileManager /home/alex/Repositories/hive/beeline/target/tmp/alex/operation_logs/bab32567-b4d7-4082-be97-7cd6efb646b2/alex_20240501045750_4b36d304-2391-4d09-8996-7dfb07fe8688.test
2024-05-01T04:57:50,046  INFO [bab32567-b4d7-4082-be97-7cd6efb646b2 main] operation.HiveCommandOperation: [opType=EXECUTE_STATEMENT, queryId=alex_20240501045750_4b36d304-2391-4d09-8996-7dfb07fe8688, startTime=1714564670042, sessionId=bab32567-b4d7-4082-be97-7cd6efb646b2, createTime=1714564669884, userName=null, ipAddress=null]
2024-05-01T04:57:50,046  INFO [bab32567-b4d7-4082-be97-7cd6efb646b2 main] common.LogUtils: Unregistered logging context.
2024-05-01T04:57:50,048  INFO [bab32567-b4d7-4082-be97-7cd6efb646b2 main] operation.OperationManager: Closing operation: OperationHandle [opType=EXECUTE_STATEMENT, getHandleIdentifier()=8c097db1-512e-48c8-b3be-0373959dd4d8]
2024-05-01T04:57:50,048  INFO [bab32567-b4d7-4082-be97-7cd6efb646b2 main] operation.OperationManager: Removed queryId: alex_20240501045750_4b36d304-2391-4d09-8996-7dfb07fe8688 corresponding to operation: OperationHandle [opType=EXECUTE_STATEMENT, getHandleIdentifier()=8c097db1-512e-48c8-b3be-0373959dd4d8] with tag: null
2024-05-01T04:57:50,048  INFO [bab32567-b4d7-4082-be97-7cd6efb646b2 main] operation.HiveCommandOperation: Closing operation log /home/alex/Repositories/hive/beeline/target/tmp/alex/operation_logs/bab32567-b4d7-4082-be97-7cd6efb646b2/alex_20240501045750_4b36d304-2391-4d09-8996-7dfb07fe8688 without delay
2024-05-01T04:57:50,097  WARN [main] conf.HiveConf: HiveConf of name hive.dummyparam.test.server.specific.config.override does not exist
2024-05-01T04:57:50,097  WARN [main] conf.HiveConf: HiveConf of name hive.dummyparam.test.server.specific.config.hiveserver2site does not exist
2024-05-01T04:57:50,097  WARN [main] conf.HiveConf: HiveConf of name hive.dummyparam.test.server.specific.config.metastoresite does not exist
2024-05-01T04:57:50,097  INFO [bab32567-b4d7-4082-be97-7cd6efb646b2 main] session.HiveSessionImpl: executing set
2024-05-01T04:57:50,097  INFO [bab32567-b4d7-4082-be97-7cd6efb646b2 main] operation.HiveCommandOperation: Putting temp output to file /home/alex/Repositories/hive/beeline/target/tmp/alex/bab32567-b4d7-4082-be97-7cd6efb646b23219345249460673298.pipeout and error output to file /home/alex/Repositories/hive/beeline/target/tmp/alex/bab32567-b4d7-4082-be97-7cd6efb646b25788754073803236914.pipeout
2024-05-01T04:57:50,098  INFO [bab32567-b4d7-4082-be97-7cd6efb646b2 main] operation.OperationManager: Adding operation: OperationHandle [opType=EXECUTE_STATEMENT, getHandleIdentifier()=c1ff4602-3b1c-4bac-a84d-42af30606d54] SessionHandle [bab32567-b4d7-4082-be97-7cd6efb646b2]
2024-05-01T04:57:50,098  INFO [bab32567-b4d7-4082-be97-7cd6efb646b2 main] common.LogUtils: Thread context registration is done.
DEBUG StatusLogger Building Plugin[name=filter, class=org.apache.hadoop.hive.ql.log.LogDivertAppender$NameFilter].
DEBUG StatusLogger createFilter(loggingLevel="EXECUTION")
DEBUG StatusLogger Building Plugin[name=layout, class=org.apache.logging.log4j.core.layout.PatternLayout].
DEBUG StatusLogger PatternLayout$Builder(pattern="%-5p : %m%n", PatternSelector=null, Configuration(HiveLog4j2Test), Replace=null, charset="null", alwaysWriteExceptions="null", disableAnsi="null", noConsoleNoAnsi="null", header="null", footer="null")
DEBUG StatusLogger Building Plugin[name=appender, class=org.apache.hadoop.hive.ql.log.HushableRandomAccessFileAppender].
DEBUG StatusLogger createAppender(fileName="/home/alex/Repositories/hive/beeline/target/tmp/alex/operation_logs/bab32567-b4d7-4082-be97-7cd6efb646b2/alex_20240501045750_c790a282-a5d6-4c02-8b8e-335283735fa0", append="null", name="query-file-appender", immediateFlush="null", bufferSize="null", ignoreExceptions="null", PatternLayout(org.apache.logging.log4j.core.layout.PatternLayout with name PatternLayout), NameFilter(org.apache.hadoop.hive.ql.log.LogDivertAppender$NameFilter with name NameFilter), advertise="null", advertiseURI="null", Configuration(HiveLog4j2Test))
DEBUG StatusLogger Starting RandomAccessFileManager /home/alex/Repositories/hive/beeline/target/tmp/alex/operation_logs/bab32567-b4d7-4082-be97-7cd6efb646b2/alex_20240501045750_c790a282-a5d6-4c02-8b8e-335283735fa0
DEBUG StatusLogger Building Plugin[name=, class=org.apache.hadoop.hive.ql.log.LogDivertAppenderForTest$TestFilter].
DEBUG StatusLogger createFilter()
DEBUG StatusLogger Building Plugin[name=, class=org.apache.logging.log4j.core.layout.PatternLayout].
DEBUG StatusLogger PatternLayout$Builder(pattern="%-5p : %m%n", PatternSelector=null, Configuration(HiveLog4j2Test), Replace=null, charset="null", alwaysWriteExceptions="null", disableAnsi="null", noConsoleNoAnsi="null", header="null", footer="null")
DEBUG StatusLogger Building Plugin[name=appender, class=org.apache.hadoop.hive.ql.log.HushableRandomAccessFileAppender].
DEBUG StatusLogger createAppender(fileName="/home/alex/Repositories/hive/beeline/target/tmp/alex/operation_logs/bab32567-b4d7-4082-be97-7cd6efb646b2/alex_20240501045750_c790a282-a5d6-4c02-8b8e-335283735fa0.test", append="null", name="test-query-file-appender", immediateFlush="null", bufferSize="null", ignoreExceptions="null", PatternLayout(org.apache.logging.log4j.core.layout.PatternLayout with name PatternLayout), test-filter(org.apache.hadoop.hive.ql.log.LogDivertAppenderForTest$TestFilter with name test-filter), advertise="null", advertiseURI="null", Configuration(HiveLog4j2Test))
DEBUG StatusLogger Starting RandomAccessFileManager /home/alex/Repositories/hive/beeline/target/tmp/alex/operation_logs/bab32567-b4d7-4082-be97-7cd6efb646b2/alex_20240501045750_c790a282-a5d6-4c02-8b8e-335283735fa0.test
2024-05-01T04:57:50,100  INFO [bab32567-b4d7-4082-be97-7cd6efb646b2 main] operation.HiveCommandOperation: [opType=EXECUTE_STATEMENT, queryId=alex_20240501045750_c790a282-a5d6-4c02-8b8e-335283735fa0, startTime=1714564670097, sessionId=bab32567-b4d7-4082-be97-7cd6efb646b2, createTime=1714564669884, userName=null, ipAddress=null]
2024-05-01T04:57:50,108  INFO [bab32567-b4d7-4082-be97-7cd6efb646b2 main] common.LogUtils: Unregistered logging context.
2024-05-01T04:57:50,111  INFO [bab32567-b4d7-4082-be97-7cd6efb646b2 main] operation.OperationManager: Closing operation: OperationHandle [opType=EXECUTE_STATEMENT, getHandleIdentifier()=c1ff4602-3b1c-4bac-a84d-42af30606d54]
2024-05-01T04:57:50,111  INFO [bab32567-b4d7-4082-be97-7cd6efb646b2 main] operation.OperationManager: Removed queryId: alex_20240501045750_c790a282-a5d6-4c02-8b8e-335283735fa0 corresponding to operation: OperationHandle [opType=EXECUTE_STATEMENT, getHandleIdentifier()=c1ff4602-3b1c-4bac-a84d-42af30606d54] with tag: null
2024-05-01T04:57:50,111  INFO [bab32567-b4d7-4082-be97-7cd6efb646b2 main] operation.HiveCommandOperation: Closing operation log /home/alex/Repositories/hive/beeline/target/tmp/alex/operation_logs/bab32567-b4d7-4082-be97-7cd6efb646b2/alex_20240501045750_c790a282-a5d6-4c02-8b8e-335283735fa0 without delay
2024-05-01T04:57:50,117  INFO [bab32567-b4d7-4082-be97-7cd6efb646b2 main] session.HiveSessionImpl: executing select * from test.testTbl
2024-05-01T04:57:50,118  INFO [bab32567-b4d7-4082-be97-7cd6efb646b2 main] operation.OperationManager: Adding operation: OperationHandle [opType=EXECUTE_STATEMENT, getHandleIdentifier()=86a9b05d-9d6f-4b90-a173-e0ee6bcc7e38] SessionHandle [bab32567-b4d7-4082-be97-7cd6efb646b2]
2024-05-01T04:57:50,118  INFO [bab32567-b4d7-4082-be97-7cd6efb646b2 main] common.LogUtils: Thread context registration is done.
DEBUG StatusLogger Building Plugin[name=filter, class=org.apache.hadoop.hive.ql.log.LogDivertAppender$NameFilter].
DEBUG StatusLogger createFilter(loggingLevel="EXECUTION")
DEBUG StatusLogger Building Plugin[name=layout, class=org.apache.logging.log4j.core.layout.PatternLayout].
DEBUG StatusLogger PatternLayout$Builder(pattern="%-5p : %m%n", PatternSelector=null, Configuration(HiveLog4j2Test), Replace=null, charset="null", alwaysWriteExceptions="null", disableAnsi="null", noConsoleNoAnsi="null", header="null", footer="null")
DEBUG StatusLogger Building Plugin[name=appender, class=org.apache.hadoop.hive.ql.log.HushableRandomAccessFileAppender].
DEBUG StatusLogger createAppender(fileName="/home/alex/Repositories/hive/beeline/target/tmp/alex/operation_logs/bab32567-b4d7-4082-be97-7cd6efb646b2/alex_20240501045750_4ef7ade3-ca5c-411d-91d9-292800c48d75", append="null", name="query-file-appender", immediateFlush="null", bufferSize="null", ignoreExceptions="null", PatternLayout(org.apache.logging.log4j.core.layout.PatternLayout with name PatternLayout), NameFilter(org.apache.hadoop.hive.ql.log.LogDivertAppender$NameFilter with name NameFilter), advertise="null", advertiseURI="null", Configuration(HiveLog4j2Test))
DEBUG StatusLogger Starting RandomAccessFileManager /home/alex/Repositories/hive/beeline/target/tmp/alex/operation_logs/bab32567-b4d7-4082-be97-7cd6efb646b2/alex_20240501045750_4ef7ade3-ca5c-411d-91d9-292800c48d75
DEBUG StatusLogger Building Plugin[name=, class=org.apache.hadoop.hive.ql.log.LogDivertAppenderForTest$TestFilter].
DEBUG StatusLogger createFilter()
DEBUG StatusLogger Building Plugin[name=, class=org.apache.logging.log4j.core.layout.PatternLayout].
DEBUG StatusLogger PatternLayout$Builder(pattern="%-5p : %m%n", PatternSelector=null, Configuration(HiveLog4j2Test), Replace=null, charset="null", alwaysWriteExceptions="null", disableAnsi="null", noConsoleNoAnsi="null", header="null", footer="null")
DEBUG StatusLogger Building Plugin[name=appender, class=org.apache.hadoop.hive.ql.log.HushableRandomAccessFileAppender].
DEBUG StatusLogger createAppender(fileName="/home/alex/Repositories/hive/beeline/target/tmp/alex/operation_logs/bab32567-b4d7-4082-be97-7cd6efb646b2/alex_20240501045750_4ef7ade3-ca5c-411d-91d9-292800c48d75.test", append="null", name="test-query-file-appender", immediateFlush="null", bufferSize="null", ignoreExceptions="null", PatternLayout(org.apache.logging.log4j.core.layout.PatternLayout with name PatternLayout), test-filter(org.apache.hadoop.hive.ql.log.LogDivertAppenderForTest$TestFilter with name test-filter), advertise="null", advertiseURI="null", Configuration(HiveLog4j2Test))
DEBUG StatusLogger Starting RandomAccessFileManager /home/alex/Repositories/hive/beeline/target/tmp/alex/operation_logs/bab32567-b4d7-4082-be97-7cd6efb646b2/alex_20240501045750_4ef7ade3-ca5c-411d-91d9-292800c48d75.test
2024-05-01T04:57:50,121  INFO [bab32567-b4d7-4082-be97-7cd6efb646b2 main] operation.SQLOperation: [opType=EXECUTE_STATEMENT, queryId=alex_20240501045750_4ef7ade3-ca5c-411d-91d9-292800c48d75, startTime=1714564670118, sessionId=bab32567-b4d7-4082-be97-7cd6efb646b2, createTime=1714564669884, userName=null, ipAddress=null]
2024-05-01T04:57:50,122  INFO [bab32567-b4d7-4082-be97-7cd6efb646b2 main] ql.Driver: Compiling command(queryId=alex_20240501045750_4ef7ade3-ca5c-411d-91d9-292800c48d75): select * from test.testTbl
2024-05-01T04:57:50,123  INFO [bab32567-b4d7-4082-be97-7cd6efb646b2 main] parse.CalcitePlanner: Starting caching scope for: alex_20240501045750_4ef7ade3-ca5c-411d-91d9-292800c48d75
2024-05-01T04:57:50,123  INFO [bab32567-b4d7-4082-be97-7cd6efb646b2 main] parse.CalcitePlanner: Starting Semantic Analysis
2024-05-01T04:57:50,127  INFO [bab32567-b4d7-4082-be97-7cd6efb646b2 main] parse.CalcitePlanner: Completed phase 1 of Semantic Analysis
2024-05-01T04:57:50,128  INFO [bab32567-b4d7-4082-be97-7cd6efb646b2 main] parse.CalcitePlanner: Get metadata for source tables
2024-05-01T04:57:50,128  INFO [bab32567-b4d7-4082-be97-7cd6efb646b2 main] HiveMetaStore.audit: ugi=alex	ip=unknown-ip-addr	cmd=get_table : tbl=hive.test.testtbl	
2024-05-01T04:57:50,140  INFO [bab32567-b4d7-4082-be97-7cd6efb646b2 main] parse.CalcitePlanner: Get metadata for subqueries
2024-05-01T04:57:50,140  INFO [bab32567-b4d7-4082-be97-7cd6efb646b2 main] parse.CalcitePlanner: Get metadata for destination tables
2024-05-01T04:57:50,146  INFO [bab32567-b4d7-4082-be97-7cd6efb646b2 main] parse.CalcitePlanner: Completed getting MetaData in Semantic Analysis
2024-05-01T04:57:51,397  INFO [bab32567-b4d7-4082-be97-7cd6efb646b2 main] HiveMetaStore.audit: ugi=alex	ip=unknown-ip-addr	cmd=get_all_table_constraints : tbl=hive.test.testtbl	
2024-05-01T04:57:51,985  INFO [bab32567-b4d7-4082-be97-7cd6efb646b2 main] calcite.RelOptHiveTable: Calculating column statistics for test.testtbl, projIndxSet: [0, 1], allowMissingStats: true
2024-05-01T04:57:52,002  INFO [bab32567-b4d7-4082-be97-7cd6efb646b2 main] HiveMetaStore.audit: ugi=alex	ip=unknown-ip-addr	cmd=get_table_statistics_req: table=hive.test.testtbl	
2024-05-01T04:57:52,022  WARN [bab32567-b4d7-4082-be97-7cd6efb646b2 main] calcite.RelOptHiveTable: No Stats for test@testtbl, Columns: a, b
2024-05-01T04:57:52,022  INFO [bab32567-b4d7-4082-be97-7cd6efb646b2 main] SessionState: No Stats for test@testtbl, Columns: a, b
2024-05-01T04:57:52,152  INFO [bab32567-b4d7-4082-be97-7cd6efb646b2 main] parse.CalcitePlanner: Get metadata for source tables
2024-05-01T04:57:52,152  INFO [bab32567-b4d7-4082-be97-7cd6efb646b2 main] parse.CalcitePlanner: Get metadata for subqueries
2024-05-01T04:57:52,152  INFO [bab32567-b4d7-4082-be97-7cd6efb646b2 main] parse.CalcitePlanner: Get metadata for destination tables
2024-05-01T04:57:52,175  INFO [bab32567-b4d7-4082-be97-7cd6efb646b2 main] common.FileUtils: Creating directory if it doesn't exist: file:/home/alex/Repositories/hive/beeline/target/tmp/alex/bab32567-b4d7-4082-be97-7cd6efb646b2/hive_2024-05-01_04-57-50_121_7020466617783751757-1/-mr-10001/.hive-staging_hive_2024-05-01_04-57-50_121_7020466617783751757-1
2024-05-01T04:57:52,195  INFO [bab32567-b4d7-4082-be97-7cd6efb646b2 main] parse.CalcitePlanner: CBO Succeeded; optimized logical plan.
2024-05-01T04:57:52,326  INFO [bab32567-b4d7-4082-be97-7cd6efb646b2 main] optimizer.BucketVersionPopulator: not considering bucketingVersion for: TS[0] because it has -1<2 buckets 
2024-05-01T04:57:52,352  INFO [bab32567-b4d7-4082-be97-7cd6efb646b2 main] parse.CalcitePlanner: Completed plan generation
2024-05-01T04:57:52,352  INFO [bab32567-b4d7-4082-be97-7cd6efb646b2 main] parse.CalcitePlanner: Ending caching scope for: alex_20240501045750_4ef7ade3-ca5c-411d-91d9-292800c48d75
2024-05-01T04:57:52,352  INFO [bab32567-b4d7-4082-be97-7cd6efb646b2 main] ql.Driver: Semantic Analysis Completed (retrial = false)
2024-05-01T04:57:52,352  INFO [bab32567-b4d7-4082-be97-7cd6efb646b2 main] ql.Driver: Created Hive schema: Schema(fieldSchemas:[FieldSchema(name:testtbl.a, type:string, comment:null), FieldSchema(name:testtbl.b, type:string, comment:null)], properties:null)
2024-05-01T04:57:52,356  INFO [bab32567-b4d7-4082-be97-7cd6efb646b2 main] exec.TableScanOperator: Initializing Operator: TS[0]
2024-05-01T04:57:52,357  INFO [bab32567-b4d7-4082-be97-7cd6efb646b2 main] exec.SelectOperator: Initializing Operator: SEL[1]
2024-05-01T04:57:52,364  INFO [bab32567-b4d7-4082-be97-7cd6efb646b2 main] exec.SelectOperator: SELECT struct<a:string,b:string>
2024-05-01T04:57:52,364  INFO [bab32567-b4d7-4082-be97-7cd6efb646b2 main] exec.ListSinkOperator: Initializing Operator: LIST_SINK[3]
2024-05-01T04:57:52,364  INFO [bab32567-b4d7-4082-be97-7cd6efb646b2 main] metadata.Hive: Dumping metastore api call timing information for : compilation phase
2024-05-01T04:57:52,365  INFO [bab32567-b4d7-4082-be97-7cd6efb646b2 main] metadata.Hive: Total time spent in each metastore function (ms): {getTableColumnStatistics_(String, String, List, String)=17, isCompatibleWith_(Configuration)=0, getAllTableConstraints_(AllTableConstraintsRequest)=80, getTable_(GetTableRequest)=9, flushCache_()=0}
2024-05-01T04:57:52,365  INFO [bab32567-b4d7-4082-be97-7cd6efb646b2 main] ql.Driver: Completed compiling command(queryId=alex_20240501045750_4ef7ade3-ca5c-411d-91d9-292800c48d75); Time taken: 2.242 seconds
2024-05-01T04:57:52,365  INFO [bab32567-b4d7-4082-be97-7cd6efb646b2 main] common.LogUtils: Unregistered logging context.
2024-05-01T04:57:52,365  INFO [HiveServer2-Background-Pool: Thread-682] common.LogUtils: Thread context registration is done.
2024-05-01T04:57:52,366  INFO [HiveServer2-Background-Pool: Thread-682] reexec.ReExecDriver: Execution #1 of query
2024-05-01T04:57:52,366  INFO [HiveServer2-Background-Pool: Thread-682] ql.Driver: Concurrency mode is disabled, not creating a lock manager
2024-05-01T04:57:52,367  INFO [HiveServer2-Background-Pool: Thread-682] ql.Driver: Executing command(queryId=alex_20240501045750_4ef7ade3-ca5c-411d-91d9-292800c48d75): select * from test.testTbl
2024-05-01T04:57:52,367  INFO [HiveServer2-Background-Pool: Thread-682] metadata.Hive: Dumping metastore api call timing information for : execution phase
2024-05-01T04:57:52,367  INFO [HiveServer2-Background-Pool: Thread-682] metadata.Hive: Total time spent in each metastore function (ms): {}
2024-05-01T04:57:52,367  INFO [HiveServer2-Background-Pool: Thread-682] ql.Driver: Completed executing command(queryId=alex_20240501045750_4ef7ade3-ca5c-411d-91d9-292800c48d75); Time taken: 0.0 seconds
2024-05-01T04:57:52,368  INFO [HiveServer2-Background-Pool: Thread-682] common.LogUtils: Unregistered logging context.
2024-05-01T04:57:52,370  INFO [bab32567-b4d7-4082-be97-7cd6efb646b2 main] operation.OperationManager: Closing operation: OperationHandle [opType=EXECUTE_STATEMENT, getHandleIdentifier()=86a9b05d-9d6f-4b90-a173-e0ee6bcc7e38]
2024-05-01T04:57:52,370  INFO [bab32567-b4d7-4082-be97-7cd6efb646b2 main] operation.OperationManager: Removed queryId: alex_20240501045750_4ef7ade3-ca5c-411d-91d9-292800c48d75 corresponding to operation: OperationHandle [opType=EXECUTE_STATEMENT, getHandleIdentifier()=86a9b05d-9d6f-4b90-a173-e0ee6bcc7e38] with tag: null
2024-05-01T04:57:52,370  INFO [bab32567-b4d7-4082-be97-7cd6efb646b2 main] ql.Context: Deleting scratch dir: file:/home/alex/Repositories/hive/beeline/target/tmp/alex/bab32567-b4d7-4082-be97-7cd6efb646b2/hive_2024-05-01_04-57-50_121_7020466617783751757-1
2024-05-01T04:57:52,370  INFO [bab32567-b4d7-4082-be97-7cd6efb646b2 main] cleanup.EventualCleanupService: Delete file:/home/alex/Repositories/hive/beeline/target/tmp/alex/bab32567-b4d7-4082-be97-7cd6efb646b2/hive_2024-05-01_04-57-50_121_7020466617783751757-1 operation was queued
2024-05-01T04:57:52,370  INFO [bab32567-b4d7-4082-be97-7cd6efb646b2 main] exec.TableScanOperator: Closing Operator: TS[0]
2024-05-01T04:57:52,370  INFO [bab32567-b4d7-4082-be97-7cd6efb646b2 main] exec.TableScanOperator: RECORDS_OUT_INTERMEDIATE:0, RECORDS_OUT_OPERATOR_TS_0:0, 
2024-05-01T04:57:52,370  INFO [bab32567-b4d7-4082-be97-7cd6efb646b2 main] exec.SelectOperator: Closing Operator: SEL[1]
2024-05-01T04:57:52,371  INFO [bab32567-b4d7-4082-be97-7cd6efb646b2 main] exec.SelectOperator: RECORDS_OUT_INTERMEDIATE:0, RECORDS_OUT_OPERATOR_SEL_1:0, 
2024-05-01T04:57:52,371  INFO [bab32567-b4d7-4082-be97-7cd6efb646b2 main] exec.ListSinkOperator: Closing Operator: LIST_SINK[3]
2024-05-01T04:57:52,371  INFO [bab32567-b4d7-4082-be97-7cd6efb646b2 main] exec.ListSinkOperator: RECORDS_OUT_INTERMEDIATE:0, RECORDS_OUT_OPERATOR_LIST_SINK_3:0, 
2024-05-01T04:57:52,371  INFO [bab32567-b4d7-4082-be97-7cd6efb646b2 main] operation.SQLOperation: Closing operation log /home/alex/Repositories/hive/beeline/target/tmp/alex/operation_logs/bab32567-b4d7-4082-be97-7cd6efb646b2/alex_20240501045750_4ef7ade3-ca5c-411d-91d9-292800c48d75 without delay
2024-05-01T04:57:52,371  INFO [EventualCleanupService thread 0] cleanup.EventualCleanupService: Deleted file:/home/alex/Repositories/hive/beeline/target/tmp/alex/bab32567-b4d7-4082-be97-7cd6efb646b2/hive_2024-05-01_04-57-50_121_7020466617783751757-1
2024-05-01T04:57:52,383  INFO [main] service.CompositeService: Session closed, SessionHandle [bab32567-b4d7-4082-be97-7cd6efb646b2], current sessions:0
2024-05-01T04:57:52,383  INFO [bab32567-b4d7-4082-be97-7cd6efb646b2 main] session.HiveSessionImpl: Operation log session directory is deleted: /home/alex/Repositories/hive/beeline/target/tmp/alex/operation_logs/bab32567-b4d7-4082-be97-7cd6efb646b2
2024-05-01T04:57:52,383  INFO [main] cleanup.EventualCleanupService: Delete /tmp/hive/alex/bab32567-b4d7-4082-be97-7cd6efb646b2 operation was queued
2024-05-01T04:57:52,384  INFO [main] cleanup.EventualCleanupService: Delete /home/alex/Repositories/hive/beeline/target/tmp/alex/bab32567-b4d7-4082-be97-7cd6efb646b2 operation was queued
2024-05-01T04:57:52,384  INFO [EventualCleanupService thread 2] cleanup.EventualCleanupService: Deleted /home/alex/Repositories/hive/beeline/target/tmp/alex/bab32567-b4d7-4082-be97-7cd6efb646b2
2024-05-01T04:57:52,384  INFO [EventualCleanupService thread 1] cleanup.EventualCleanupService: Deleted /tmp/hive/alex/bab32567-b4d7-4082-be97-7cd6efb646b2
2024-05-01T04:57:52,384  INFO [main] HiveMetaStore.audit: ugi=alex	ip=unknown-ip-addr	cmd=Cleaning up thread local RawStore...	
2024-05-01T04:57:52,384  INFO [main] metastore.ObjectStore: RawStore: org.apache.hadoop.hive.metastore.ObjectStore@438c0aaf, with PersistenceManager: org.datanucleus.api.jdo.JDOPersistenceManager@7577589 will be shutdown
2024-05-01T04:57:52,384  INFO [main] HiveMetaStore.audit: ugi=alex	ip=unknown-ip-addr	cmd=Done cleaning up thread local RawStore	
2024-05-01T04:57:52,384  INFO [main] metastore.HiveMetaStoreClient: Closed a connection to metastore, current connections: -43
]]></system-err>
  </testcase>
  <testcase name="testInValidCmd" classname="org.apache.hive.beeline.cli.TestHiveCli" time="0.242"/>
  <testcase name="testSqlFromCmdWithEmbeddedQuotes" classname="org.apache.hive.beeline.cli.TestHiveCli" time="28.488">
    <failure type="java.lang.AssertionError"><![CDATA[java.lang.AssertionError: Supported return code is 0 while the actual is 1
	at org.junit.Assert.fail(Assert.java:89)
	at org.apache.hive.beeline.cli.TestHiveCli.executeCMD(TestHiveCli.java:256)
	at org.apache.hive.beeline.cli.TestHiveCli.verifyCMD(TestHiveCli.java:266)
	at org.apache.hive.beeline.cli.TestHiveCli.testSqlFromCmdWithEmbeddedQuotes(TestHiveCli.java:172)
	at sun.reflect.NativeMethodAccessorImpl.invoke0(Native Method)
	at sun.reflect.NativeMethodAccessorImpl.invoke(NativeMethodAccessorImpl.java:62)
	at sun.reflect.DelegatingMethodAccessorImpl.invoke(DelegatingMethodAccessorImpl.java:43)
	at java.lang.reflect.Method.invoke(Method.java:498)
	at org.junit.runners.model.FrameworkMethod$1.runReflectiveCall(FrameworkMethod.java:59)
	at org.junit.internal.runners.model.ReflectiveCallable.run(ReflectiveCallable.java:12)
	at org.junit.runners.model.FrameworkMethod.invokeExplosively(FrameworkMethod.java:56)
	at org.junit.internal.runners.statements.InvokeMethod.evaluate(InvokeMethod.java:17)
	at org.junit.internal.runners.statements.RunBefores.evaluate(RunBefores.java:26)
	at org.junit.internal.runners.statements.RunAfters.evaluate(RunAfters.java:27)
	at org.junit.runners.ParentRunner$3.evaluate(ParentRunner.java:306)
	at org.junit.runners.BlockJUnit4ClassRunner$1.evaluate(BlockJUnit4ClassRunner.java:100)
	at org.junit.runners.ParentRunner.runLeaf(ParentRunner.java:366)
	at org.junit.runners.BlockJUnit4ClassRunner.runChild(BlockJUnit4ClassRunner.java:103)
	at org.junit.runners.BlockJUnit4ClassRunner.runChild(BlockJUnit4ClassRunner.java:63)
	at org.junit.runners.ParentRunner$4.run(ParentRunner.java:331)
	at org.junit.runners.ParentRunner$1.schedule(ParentRunner.java:79)
	at org.junit.runners.ParentRunner.runChildren(ParentRunner.java:329)
	at org.junit.runners.ParentRunner.access$100(ParentRunner.java:66)
	at org.junit.runners.ParentRunner$2.evaluate(ParentRunner.java:293)
	at org.junit.internal.runners.statements.RunBefores.evaluate(RunBefores.java:26)
	at org.junit.runners.ParentRunner$3.evaluate(ParentRunner.java:306)
	at org.junit.runners.ParentRunner.run(ParentRunner.java:413)
	at org.junit.runner.JUnitCore.run(JUnitCore.java:137)
	at org.junit.runner.JUnitCore.run(JUnitCore.java:115)
	at org.junit.vintage.engine.execution.RunnerExecutor.execute(RunnerExecutor.java:43)
	at java.util.stream.ForEachOps$ForEachOp$OfRef.accept(ForEachOps.java:183)
	at java.util.stream.ReferencePipeline$3$1.accept(ReferencePipeline.java:193)
	at java.util.Iterator.forEachRemaining(Iterator.java:116)
	at java.util.Spliterators$IteratorSpliterator.forEachRemaining(Spliterators.java:1801)
	at java.util.stream.AbstractPipeline.copyInto(AbstractPipeline.java:482)
	at java.util.stream.AbstractPipeline.wrapAndCopyInto(AbstractPipeline.java:472)
	at java.util.stream.ForEachOps$ForEachOp.evaluateSequential(ForEachOps.java:150)
	at java.util.stream.ForEachOps$ForEachOp$OfRef.evaluateSequential(ForEachOps.java:173)
	at java.util.stream.AbstractPipeline.evaluate(AbstractPipeline.java:234)
	at java.util.stream.ReferencePipeline.forEach(ReferencePipeline.java:485)
	at org.junit.vintage.engine.VintageTestEngine.executeAllChildren(VintageTestEngine.java:82)
	at org.junit.vintage.engine.VintageTestEngine.execute(VintageTestEngine.java:73)
	at org.junit.platform.launcher.core.DefaultLauncher.execute(DefaultLauncher.java:248)
	at org.junit.platform.launcher.core.DefaultLauncher.lambda$execute$5(DefaultLauncher.java:211)
	at org.junit.platform.launcher.core.DefaultLauncher.withInterceptedStreams(DefaultLauncher.java:226)
	at org.junit.platform.launcher.core.DefaultLauncher.execute(DefaultLauncher.java:199)
	at org.junit.platform.launcher.core.DefaultLauncher.execute(DefaultLauncher.java:132)
	at org.apache.maven.surefire.junitplatform.JUnitPlatformProvider.invokeAllTests(JUnitPlatformProvider.java:154)
	at org.apache.maven.surefire.junitplatform.JUnitPlatformProvider.invoke(JUnitPlatformProvider.java:123)
	at org.apache.maven.surefire.booter.ForkedBooter.runSuitesInProcess(ForkedBooter.java:377)
	at org.apache.maven.surefire.booter.ForkedBooter.execute(ForkedBooter.java:138)
	at org.apache.maven.surefire.booter.ForkedBooter.run(ForkedBooter.java:465)
	at org.apache.maven.surefire.booter.ForkedBooter.main(ForkedBooter.java:451)
]]></failure>
    <system-err><![CDATA[2024-05-01T04:57:52,627 ERROR [main] cli.TestHiveCli: Failed to execute command due to the error: java.lang.NullPointerException: Null output stream
2024-05-01T04:57:52,676  WARN [main] conf.HiveConf: HiveConf of name hive.dummyparam.test.server.specific.config.override does not exist
2024-05-01T04:57:52,676  WARN [main] conf.HiveConf: HiveConf of name hive.dummyparam.test.server.specific.config.hiveserver2site does not exist
2024-05-01T04:57:52,676  WARN [main] conf.HiveConf: HiveConf of name hive.dummyparam.test.server.specific.config.metastoresite does not exist
2024-05-01T04:57:52,677  INFO [main] SessionState: Hive Session ID = 1a18bb5a-9ab2-4814-b34e-3424019f7f03
2024-05-01T04:57:52,677  INFO [main] DependencyResolver: ivysettings.xml file not found in HIVE_HOME or HIVE_CONF_DIR,/home/alex/Repositories/hive/conf/ivysettings.xml will be used
2024-05-01T04:57:52,685  INFO [main] session.SessionState: Created HDFS directory: /tmp/hive/alex/1a18bb5a-9ab2-4814-b34e-3424019f7f03
2024-05-01T04:57:52,688  INFO [main] session.SessionState: Created local directory: /home/alex/Repositories/hive/beeline/target/tmp/alex/1a18bb5a-9ab2-4814-b34e-3424019f7f03
2024-05-01T04:57:52,692  INFO [main] session.SessionState: Created HDFS directory: /tmp/hive/alex/1a18bb5a-9ab2-4814-b34e-3424019f7f03/_tmp_space.db
2024-05-01T04:57:52,692  INFO [main] sqlstd.SQLStdHiveAccessController: Created SQLStdHiveAccessController for session context : HiveAuthzSessionContext [sessionString=1a18bb5a-9ab2-4814-b34e-3424019f7f03, clientType=HIVESERVER2]
2024-05-01T04:57:52,693  INFO [main] metastore.HiveMetaStoreClient: HMS client filtering is enabled.
2024-05-01T04:57:52,694  INFO [main] metastore.HMSHandler: 0: Opening raw store with implementation class:org.apache.hadoop.hive.metastore.ObjectStore
2024-05-01T04:57:52,694  INFO [main] metastore.PersistenceManagerProvider: Configuration datanucleus.autoStartMechanismMode is not set. Defaulting to 'ignored'
2024-05-01T04:57:52,694  INFO [main] metastore.ObjectStore: RawStore: org.apache.hadoop.hive.metastore.ObjectStore@ccea4be, with PersistenceManager: null will be shutdown
2024-05-01T04:57:52,694  INFO [main] metastore.ObjectStore: RawStore: org.apache.hadoop.hive.metastore.ObjectStore@ccea4be, with PersistenceManager: org.datanucleus.api.jdo.JDOPersistenceManager@40f931ec created in the thread with id: 1
2024-05-01T04:57:52,696  INFO [main] metastore.HMSHandler: Created RawStore: org.apache.hadoop.hive.metastore.ObjectStore@ccea4be from thread id: 1
2024-05-01T04:57:52,696  INFO [main] metastore.HMSHandler: HMS server filtering is disabled by configuration
2024-05-01T04:57:52,696  INFO [main] metastore.RetryingMetaStoreClient: RetryingMetaStoreClient proxy=class org.apache.hadoop.hive.ql.metadata.SessionHiveMetaStoreClient ugi=alex (auth:SIMPLE) retries=1 delay=1 lifetime=0
2024-05-01T04:57:52,696  INFO [main] service.CompositeService: Operation log root directory is created: /home/alex/Repositories/hive/beeline/target/tmp/alex/operation_logs
2024-05-01T04:57:52,696  INFO [main] service.CompositeService: HiveServer2: Background operation thread pool size: 100
2024-05-01T04:57:52,697  INFO [main] service.CompositeService: HiveServer2: Background operation thread wait queue size: 100
2024-05-01T04:57:52,697  INFO [main] service.CompositeService: HiveServer2: Background operation thread keepalive time: 10 seconds
2024-05-01T04:57:52,697  INFO [main] service.CompositeService: Connections limit are user: 0 ipaddress: 0 user-ipaddress: 0
2024-05-01T04:57:52,698  INFO [main] cleanup.EventualCleanupService: EventualCleanupService started with 10 threads and queue of size 10000
ERROR StatusLogger Log4j2 ConfigurationScheduler attempted to increment scheduled items after start
ERROR StatusLogger Log4j2 ConfigurationScheduler attempted to increment scheduled items after start
2024-05-01T04:57:52,700  INFO [main] service.AbstractService: Service:OperationManager is inited.
2024-05-01T04:57:52,700  INFO [main] service.AbstractService: Service:SessionManager is inited.
2024-05-01T04:57:52,700  INFO [main] service.AbstractService: Service:CLIService is inited.
2024-05-01T04:57:52,700  INFO [main] service.AbstractService: Service:OperationManager is started.
2024-05-01T04:57:52,700  INFO [main] service.AbstractService: Service:SessionManager is started.
2024-05-01T04:57:52,700  INFO [main] service.AbstractService: Service:CLIService is started.
2024-05-01T04:57:52,700  INFO [main] service.AbstractService: Service:ThriftBinaryCLIService is inited.
2024-05-01T04:57:52,700  INFO [main] thrift.ThriftCLIService: Client protocol version: HIVE_CLI_SERVICE_PROTOCOL_V10
2024-05-01T04:57:52,700  INFO [main] thrift.ThriftCLIService: Creating Hive session handle for user [null] from IP null
2024-05-01T04:57:52,701  INFO [main] DependencyResolver: ivysettings.xml file not found in HIVE_HOME or HIVE_CONF_DIR,/home/alex/Repositories/hive/conf/ivysettings.xml will be used
2024-05-01T04:57:52,709  INFO [main] session.SessionState: Created HDFS directory: /tmp/hive/alex/8f5b6707-5470-47f0-997e-dbf92106d6fb
2024-05-01T04:57:52,712  INFO [main] session.SessionState: Created local directory: /home/alex/Repositories/hive/beeline/target/tmp/alex/8f5b6707-5470-47f0-997e-dbf92106d6fb
2024-05-01T04:57:52,716  INFO [main] session.SessionState: Created HDFS directory: /tmp/hive/alex/8f5b6707-5470-47f0-997e-dbf92106d6fb/_tmp_space.db
2024-05-01T04:57:52,716  INFO [main] session.SessionState: Reloading auxiliary JAR files
2024-05-01T04:57:52,716  WARN [main] session.SessionState: Configuration hive.reloadable.aux.jars.path not specified
2024-05-01T04:57:52,716  INFO [main] HiveMetaStore.audit: ugi=alex	ip=unknown-ip-addr	cmd=Cleaning up thread local RawStore...	
2024-05-01T04:57:52,716  INFO [main] metastore.ObjectStore: RawStore: org.apache.hadoop.hive.metastore.ObjectStore@ccea4be, with PersistenceManager: org.datanucleus.api.jdo.JDOPersistenceManager@40f931ec will be shutdown
2024-05-01T04:57:52,716  INFO [main] HiveMetaStore.audit: ugi=alex	ip=unknown-ip-addr	cmd=Done cleaning up thread local RawStore	
2024-05-01T04:57:52,716  INFO [main] metastore.HiveMetaStoreClient: Closed a connection to metastore, current connections: -45
2024-05-01T04:57:52,717  INFO [main] session.HiveSessionImpl: Operation log session directory is created: /home/alex/Repositories/hive/beeline/target/tmp/alex/operation_logs/8f5b6707-5470-47f0-997e-dbf92106d6fb
2024-05-01T04:57:52,717  INFO [main] service.CompositeService: Session opened, SessionHandle [8f5b6707-5470-47f0-997e-dbf92106d6fb], current sessions:1
2024-05-01T04:57:52,717  INFO [main] thrift.ThriftCLIService: Login attempt is successful for user : null
2024-05-01T04:57:52,763  WARN [main] conf.HiveConf: HiveConf of name hive.dummyparam.test.server.specific.config.override does not exist
2024-05-01T04:57:52,763  WARN [main] conf.HiveConf: HiveConf of name hive.dummyparam.test.server.specific.config.hiveserver2site does not exist
2024-05-01T04:57:52,764  WARN [main] conf.HiveConf: HiveConf of name hive.dummyparam.test.server.specific.config.metastoresite does not exist
2024-05-01T04:57:52,764  INFO [8f5b6707-5470-47f0-997e-dbf92106d6fb main] session.HiveSessionImpl: executing set
2024-05-01T04:57:52,764  INFO [8f5b6707-5470-47f0-997e-dbf92106d6fb main] operation.HiveCommandOperation: Putting temp output to file /home/alex/Repositories/hive/beeline/target/tmp/alex/8f5b6707-5470-47f0-997e-dbf92106d6fb1687320423286132883.pipeout and error output to file /home/alex/Repositories/hive/beeline/target/tmp/alex/8f5b6707-5470-47f0-997e-dbf92106d6fb880551587896278482.pipeout
2024-05-01T04:57:52,764  INFO [8f5b6707-5470-47f0-997e-dbf92106d6fb main] operation.OperationManager: Adding operation: OperationHandle [opType=EXECUTE_STATEMENT, getHandleIdentifier()=0bf5631b-cb42-425b-9793-a8c90c3edd3d] SessionHandle [8f5b6707-5470-47f0-997e-dbf92106d6fb]
2024-05-01T04:57:52,764  INFO [8f5b6707-5470-47f0-997e-dbf92106d6fb main] common.LogUtils: Thread context registration is done.
DEBUG StatusLogger Building Plugin[name=filter, class=org.apache.hadoop.hive.ql.log.LogDivertAppender$NameFilter].
DEBUG StatusLogger createFilter(loggingLevel="EXECUTION")
DEBUG StatusLogger Building Plugin[name=layout, class=org.apache.logging.log4j.core.layout.PatternLayout].
DEBUG StatusLogger PatternLayout$Builder(pattern="%-5p : %m%n", PatternSelector=null, Configuration(HiveLog4j2Test), Replace=null, charset="null", alwaysWriteExceptions="null", disableAnsi="null", noConsoleNoAnsi="null", header="null", footer="null")
DEBUG StatusLogger Building Plugin[name=appender, class=org.apache.hadoop.hive.ql.log.HushableRandomAccessFileAppender].
DEBUG StatusLogger createAppender(fileName="/home/alex/Repositories/hive/beeline/target/tmp/alex/operation_logs/8f5b6707-5470-47f0-997e-dbf92106d6fb/alex_20240501045752_651982aa-976c-4e94-abc5-09d15936e6e3", append="null", name="query-file-appender", immediateFlush="null", bufferSize="null", ignoreExceptions="null", PatternLayout(org.apache.logging.log4j.core.layout.PatternLayout with name PatternLayout), NameFilter(org.apache.hadoop.hive.ql.log.LogDivertAppender$NameFilter with name NameFilter), advertise="null", advertiseURI="null", Configuration(HiveLog4j2Test))
DEBUG StatusLogger Starting RandomAccessFileManager /home/alex/Repositories/hive/beeline/target/tmp/alex/operation_logs/8f5b6707-5470-47f0-997e-dbf92106d6fb/alex_20240501045752_651982aa-976c-4e94-abc5-09d15936e6e3
DEBUG StatusLogger Building Plugin[name=, class=org.apache.hadoop.hive.ql.log.LogDivertAppenderForTest$TestFilter].
DEBUG StatusLogger createFilter()
DEBUG StatusLogger Building Plugin[name=, class=org.apache.logging.log4j.core.layout.PatternLayout].
DEBUG StatusLogger PatternLayout$Builder(pattern="%-5p : %m%n", PatternSelector=null, Configuration(HiveLog4j2Test), Replace=null, charset="null", alwaysWriteExceptions="null", disableAnsi="null", noConsoleNoAnsi="null", header="null", footer="null")
DEBUG StatusLogger Building Plugin[name=appender, class=org.apache.hadoop.hive.ql.log.HushableRandomAccessFileAppender].
DEBUG StatusLogger createAppender(fileName="/home/alex/Repositories/hive/beeline/target/tmp/alex/operation_logs/8f5b6707-5470-47f0-997e-dbf92106d6fb/alex_20240501045752_651982aa-976c-4e94-abc5-09d15936e6e3.test", append="null", name="test-query-file-appender", immediateFlush="null", bufferSize="null", ignoreExceptions="null", PatternLayout(org.apache.logging.log4j.core.layout.PatternLayout with name PatternLayout), test-filter(org.apache.hadoop.hive.ql.log.LogDivertAppenderForTest$TestFilter with name test-filter), advertise="null", advertiseURI="null", Configuration(HiveLog4j2Test))
DEBUG StatusLogger Starting RandomAccessFileManager /home/alex/Repositories/hive/beeline/target/tmp/alex/operation_logs/8f5b6707-5470-47f0-997e-dbf92106d6fb/alex_20240501045752_651982aa-976c-4e94-abc5-09d15936e6e3.test
2024-05-01T04:57:52,767  INFO [8f5b6707-5470-47f0-997e-dbf92106d6fb main] operation.HiveCommandOperation: [opType=EXECUTE_STATEMENT, queryId=alex_20240501045752_651982aa-976c-4e94-abc5-09d15936e6e3, startTime=1714564672764, sessionId=8f5b6707-5470-47f0-997e-dbf92106d6fb, createTime=1714564672700, userName=null, ipAddress=null]
2024-05-01T04:57:52,775  INFO [8f5b6707-5470-47f0-997e-dbf92106d6fb main] common.LogUtils: Unregistered logging context.
2024-05-01T04:57:52,777  INFO [8f5b6707-5470-47f0-997e-dbf92106d6fb main] operation.OperationManager: Closing operation: OperationHandle [opType=EXECUTE_STATEMENT, getHandleIdentifier()=0bf5631b-cb42-425b-9793-a8c90c3edd3d]
2024-05-01T04:57:52,777  INFO [8f5b6707-5470-47f0-997e-dbf92106d6fb main] operation.OperationManager: Removed queryId: alex_20240501045752_651982aa-976c-4e94-abc5-09d15936e6e3 corresponding to operation: OperationHandle [opType=EXECUTE_STATEMENT, getHandleIdentifier()=0bf5631b-cb42-425b-9793-a8c90c3edd3d] with tag: null
2024-05-01T04:57:52,778  INFO [8f5b6707-5470-47f0-997e-dbf92106d6fb main] operation.HiveCommandOperation: Closing operation log /home/alex/Repositories/hive/beeline/target/tmp/alex/operation_logs/8f5b6707-5470-47f0-997e-dbf92106d6fb/alex_20240501045752_651982aa-976c-4e94-abc5-09d15936e6e3 without delay
2024-05-01T04:58:20,991  INFO [8f5b6707-5470-47f0-997e-dbf92106d6fb main] session.HiveSessionImpl: executing select "hive"
2024-05-01T04:58:20,992  INFO [8f5b6707-5470-47f0-997e-dbf92106d6fb main] operation.OperationManager: Adding operation: OperationHandle [opType=EXECUTE_STATEMENT, getHandleIdentifier()=89f6db27-fa5a-4f92-be95-e687726e78f0] SessionHandle [8f5b6707-5470-47f0-997e-dbf92106d6fb]
2024-05-01T04:58:20,992  INFO [8f5b6707-5470-47f0-997e-dbf92106d6fb main] common.LogUtils: Thread context registration is done.
DEBUG StatusLogger Building Plugin[name=filter, class=org.apache.hadoop.hive.ql.log.LogDivertAppender$NameFilter].
DEBUG StatusLogger createFilter(loggingLevel="EXECUTION")
DEBUG StatusLogger Building Plugin[name=layout, class=org.apache.logging.log4j.core.layout.PatternLayout].
DEBUG StatusLogger PatternLayout$Builder(pattern="%-5p : %m%n", PatternSelector=null, Configuration(HiveLog4j2Test), Replace=null, charset="null", alwaysWriteExceptions="null", disableAnsi="null", noConsoleNoAnsi="null", header="null", footer="null")
DEBUG StatusLogger Building Plugin[name=appender, class=org.apache.hadoop.hive.ql.log.HushableRandomAccessFileAppender].
DEBUG StatusLogger createAppender(fileName="/home/alex/Repositories/hive/beeline/target/tmp/alex/operation_logs/8f5b6707-5470-47f0-997e-dbf92106d6fb/alex_20240501045820_c2787895-215c-4577-b22a-b2238cbd8371", append="null", name="query-file-appender", immediateFlush="null", bufferSize="null", ignoreExceptions="null", PatternLayout(org.apache.logging.log4j.core.layout.PatternLayout with name PatternLayout), NameFilter(org.apache.hadoop.hive.ql.log.LogDivertAppender$NameFilter with name NameFilter), advertise="null", advertiseURI="null", Configuration(HiveLog4j2Test))
DEBUG StatusLogger Starting RandomAccessFileManager /home/alex/Repositories/hive/beeline/target/tmp/alex/operation_logs/8f5b6707-5470-47f0-997e-dbf92106d6fb/alex_20240501045820_c2787895-215c-4577-b22a-b2238cbd8371
DEBUG StatusLogger Building Plugin[name=, class=org.apache.hadoop.hive.ql.log.LogDivertAppenderForTest$TestFilter].
DEBUG StatusLogger createFilter()
DEBUG StatusLogger Building Plugin[name=, class=org.apache.logging.log4j.core.layout.PatternLayout].
DEBUG StatusLogger PatternLayout$Builder(pattern="%-5p : %m%n", PatternSelector=null, Configuration(HiveLog4j2Test), Replace=null, charset="null", alwaysWriteExceptions="null", disableAnsi="null", noConsoleNoAnsi="null", header="null", footer="null")
DEBUG StatusLogger Building Plugin[name=appender, class=org.apache.hadoop.hive.ql.log.HushableRandomAccessFileAppender].
DEBUG StatusLogger createAppender(fileName="/home/alex/Repositories/hive/beeline/target/tmp/alex/operation_logs/8f5b6707-5470-47f0-997e-dbf92106d6fb/alex_20240501045820_c2787895-215c-4577-b22a-b2238cbd8371.test", append="null", name="test-query-file-appender", immediateFlush="null", bufferSize="null", ignoreExceptions="null", PatternLayout(org.apache.logging.log4j.core.layout.PatternLayout with name PatternLayout), test-filter(org.apache.hadoop.hive.ql.log.LogDivertAppenderForTest$TestFilter with name test-filter), advertise="null", advertiseURI="null", Configuration(HiveLog4j2Test))
DEBUG StatusLogger Starting RandomAccessFileManager /home/alex/Repositories/hive/beeline/target/tmp/alex/operation_logs/8f5b6707-5470-47f0-997e-dbf92106d6fb/alex_20240501045820_c2787895-215c-4577-b22a-b2238cbd8371.test
2024-05-01T04:58:20,995  INFO [8f5b6707-5470-47f0-997e-dbf92106d6fb main] operation.SQLOperation: [opType=EXECUTE_STATEMENT, queryId=alex_20240501045820_c2787895-215c-4577-b22a-b2238cbd8371, startTime=1714564700992, sessionId=8f5b6707-5470-47f0-997e-dbf92106d6fb, createTime=1714564672700, userName=null, ipAddress=null]
2024-05-01T04:58:20,996  INFO [8f5b6707-5470-47f0-997e-dbf92106d6fb main] ql.Driver: Compiling command(queryId=alex_20240501045820_c2787895-215c-4577-b22a-b2238cbd8371): select "hive"
2024-05-01T04:58:20,999  INFO [8f5b6707-5470-47f0-997e-dbf92106d6fb main] metastore.HiveMetaStoreClient: HMS client filtering is enabled.
2024-05-01T04:58:20,999  INFO [8f5b6707-5470-47f0-997e-dbf92106d6fb main] metastore.HMSHandler: 0: Opening raw store with implementation class:org.apache.hadoop.hive.metastore.ObjectStore
2024-05-01T04:58:20,999  INFO [8f5b6707-5470-47f0-997e-dbf92106d6fb main] metastore.PersistenceManagerProvider: Configuration datanucleus.autoStartMechanismMode is not set. Defaulting to 'ignored'
2024-05-01T04:58:21,000  INFO [8f5b6707-5470-47f0-997e-dbf92106d6fb main] metastore.ObjectStore: RawStore: org.apache.hadoop.hive.metastore.ObjectStore@640028f2, with PersistenceManager: null will be shutdown
2024-05-01T04:58:21,000  INFO [8f5b6707-5470-47f0-997e-dbf92106d6fb main] metastore.ObjectStore: RawStore: org.apache.hadoop.hive.metastore.ObjectStore@640028f2, with PersistenceManager: org.datanucleus.api.jdo.JDOPersistenceManager@48b744fd created in the thread with id: 1
2024-05-01T04:58:21,002  INFO [8f5b6707-5470-47f0-997e-dbf92106d6fb main] metastore.HMSHandler: Created RawStore: org.apache.hadoop.hive.metastore.ObjectStore@640028f2 from thread id: 1
2024-05-01T04:58:21,002  INFO [8f5b6707-5470-47f0-997e-dbf92106d6fb main] metastore.HMSHandler: HMS server filtering is disabled by configuration
2024-05-01T04:58:21,002  INFO [8f5b6707-5470-47f0-997e-dbf92106d6fb main] metastore.RetryingMetaStoreClient: RetryingMetaStoreClient proxy=class org.apache.hadoop.hive.ql.metadata.SessionHiveMetaStoreClient ugi=alex (auth:SIMPLE) retries=1 delay=1 lifetime=0
2024-05-01T04:58:21,002  INFO [8f5b6707-5470-47f0-997e-dbf92106d6fb main] parse.CalcitePlanner: Starting caching scope for: alex_20240501045820_c2787895-215c-4577-b22a-b2238cbd8371
2024-05-01T04:58:21,002  INFO [8f5b6707-5470-47f0-997e-dbf92106d6fb main] parse.CalcitePlanner: Starting Semantic Analysis
2024-05-01T04:58:21,003  INFO [8f5b6707-5470-47f0-997e-dbf92106d6fb main] sqlstd.SQLStdHiveAccessController: Created SQLStdHiveAccessController for session context : HiveAuthzSessionContext [sessionString=8f5b6707-5470-47f0-997e-dbf92106d6fb, clientType=HIVESERVER2]
2024-05-01T04:58:21,003  INFO [8f5b6707-5470-47f0-997e-dbf92106d6fb main] parse.CalcitePlanner: Completed phase 1 of Semantic Analysis
2024-05-01T04:58:21,003  INFO [8f5b6707-5470-47f0-997e-dbf92106d6fb main] parse.CalcitePlanner: Get metadata for source tables
2024-05-01T04:58:21,003  INFO [8f5b6707-5470-47f0-997e-dbf92106d6fb main] parse.CalcitePlanner: Get metadata for subqueries
2024-05-01T04:58:21,003  INFO [8f5b6707-5470-47f0-997e-dbf92106d6fb main] parse.CalcitePlanner: Get metadata for destination tables
2024-05-01T04:58:21,003  INFO [8f5b6707-5470-47f0-997e-dbf92106d6fb main] parse.CalcitePlanner: Completed getting MetaData in Semantic Analysis
2024-05-01T04:58:21,020  INFO [8f5b6707-5470-47f0-997e-dbf92106d6fb main] HiveMetaStore.audit: ugi=alex	ip=unknown-ip-addr	cmd=get_all_table_constraints : tbl=hive._dummy_database._dummy_table	
2024-05-01T04:58:21,076  INFO [8f5b6707-5470-47f0-997e-dbf92106d6fb main] parse.CalcitePlanner: Get metadata for source tables
2024-05-01T04:58:21,076  INFO [8f5b6707-5470-47f0-997e-dbf92106d6fb main] HiveMetaStore.audit: ugi=alex	ip=unknown-ip-addr	cmd=get_table : tbl=hive._dummy_database._dummy_table	
2024-05-01T04:58:21,078  INFO [8f5b6707-5470-47f0-997e-dbf92106d6fb main] parse.CalcitePlanner: Get metadata for subqueries
2024-05-01T04:58:21,078  INFO [8f5b6707-5470-47f0-997e-dbf92106d6fb main] parse.CalcitePlanner: Get metadata for destination tables
2024-05-01T04:58:21,087  INFO [8f5b6707-5470-47f0-997e-dbf92106d6fb main] common.FileUtils: Creating directory if it doesn't exist: file:/home/alex/Repositories/hive/beeline/target/tmp/alex/8f5b6707-5470-47f0-997e-dbf92106d6fb/hive_2024-05-01_04-58-20_996_2528463800581954830-1/-mr-10001/.hive-staging_hive_2024-05-01_04-58-20_996_2528463800581954830-1
2024-05-01T04:58:21,096  INFO [8f5b6707-5470-47f0-997e-dbf92106d6fb main] parse.CalcitePlanner: CBO Succeeded; optimized logical plan.
2024-05-01T04:58:21,099  INFO [8f5b6707-5470-47f0-997e-dbf92106d6fb main] optimizer.BucketVersionPopulator: not considering bucketingVersion for: TS[0] because it has -1<2 buckets 
2024-05-01T04:58:21,100  INFO [8f5b6707-5470-47f0-997e-dbf92106d6fb main] parse.CalcitePlanner: Completed plan generation
2024-05-01T04:58:21,100  INFO [8f5b6707-5470-47f0-997e-dbf92106d6fb main] parse.CalcitePlanner: Ending caching scope for: alex_20240501045820_c2787895-215c-4577-b22a-b2238cbd8371
2024-05-01T04:58:21,100  INFO [8f5b6707-5470-47f0-997e-dbf92106d6fb main] ql.Driver: Semantic Analysis Completed (retrial = false)
2024-05-01T04:58:21,100  INFO [8f5b6707-5470-47f0-997e-dbf92106d6fb main] ql.Driver: Created Hive schema: Schema(fieldSchemas:[FieldSchema(name:_c0, type:string, comment:null)], properties:null)
2024-05-01T04:58:21,101  INFO [8f5b6707-5470-47f0-997e-dbf92106d6fb main] exec.TableScanOperator: Initializing Operator: TS[0]
2024-05-01T04:58:21,101  INFO [8f5b6707-5470-47f0-997e-dbf92106d6fb main] exec.SelectOperator: Initializing Operator: SEL[1]
2024-05-01T04:58:21,101  INFO [8f5b6707-5470-47f0-997e-dbf92106d6fb main] exec.SelectOperator: SELECT null
2024-05-01T04:58:21,102  INFO [8f5b6707-5470-47f0-997e-dbf92106d6fb main] exec.ListSinkOperator: Initializing Operator: LIST_SINK[3]
2024-05-01T04:58:21,102  INFO [8f5b6707-5470-47f0-997e-dbf92106d6fb main] metadata.Hive: Dumping metastore api call timing information for : compilation phase
2024-05-01T04:58:21,102  INFO [8f5b6707-5470-47f0-997e-dbf92106d6fb main] metadata.Hive: Total time spent in each metastore function (ms): {isCompatibleWith_(Configuration)=0, getAllTableConstraints_(AllTableConstraintsRequest)=3, flushCache_()=0}
2024-05-01T04:58:21,102  INFO [8f5b6707-5470-47f0-997e-dbf92106d6fb main] ql.Driver: Completed compiling command(queryId=alex_20240501045820_c2787895-215c-4577-b22a-b2238cbd8371); Time taken: 0.106 seconds
2024-05-01T04:58:21,102  INFO [8f5b6707-5470-47f0-997e-dbf92106d6fb main] common.LogUtils: Unregistered logging context.
2024-05-01T04:58:21,104  INFO [HiveServer2-Background-Pool: Thread-730] common.LogUtils: Thread context registration is done.
2024-05-01T04:58:21,105  INFO [HiveServer2-Background-Pool: Thread-730] reexec.ReExecDriver: Execution #1 of query
2024-05-01T04:58:21,105  INFO [HiveServer2-Background-Pool: Thread-730] ql.Driver: Concurrency mode is disabled, not creating a lock manager
2024-05-01T04:58:21,106  INFO [HiveServer2-Background-Pool: Thread-730] ql.Driver: Executing command(queryId=alex_20240501045820_c2787895-215c-4577-b22a-b2238cbd8371): select "hive"
2024-05-01T04:58:21,106  INFO [HiveServer2-Background-Pool: Thread-730] metadata.Hive: Dumping metastore api call timing information for : execution phase
2024-05-01T04:58:21,106  INFO [HiveServer2-Background-Pool: Thread-730] metadata.Hive: Total time spent in each metastore function (ms): {}
2024-05-01T04:58:21,106  INFO [HiveServer2-Background-Pool: Thread-730] ql.Driver: Completed executing command(queryId=alex_20240501045820_c2787895-215c-4577-b22a-b2238cbd8371); Time taken: 0.0 seconds
2024-05-01T04:58:21,107  INFO [HiveServer2-Background-Pool: Thread-730] common.LogUtils: Unregistered logging context.
2024-05-01T04:58:21,112  INFO [8f5b6707-5470-47f0-997e-dbf92106d6fb main] operation.OperationManager: Closing operation: OperationHandle [opType=EXECUTE_STATEMENT, getHandleIdentifier()=89f6db27-fa5a-4f92-be95-e687726e78f0]
2024-05-01T04:58:21,112  INFO [8f5b6707-5470-47f0-997e-dbf92106d6fb main] operation.OperationManager: Removed queryId: alex_20240501045820_c2787895-215c-4577-b22a-b2238cbd8371 corresponding to operation: OperationHandle [opType=EXECUTE_STATEMENT, getHandleIdentifier()=89f6db27-fa5a-4f92-be95-e687726e78f0] with tag: null
2024-05-01T04:58:21,112  INFO [8f5b6707-5470-47f0-997e-dbf92106d6fb main] ql.Context: Deleting scratch dir: file:/home/alex/Repositories/hive/beeline/target/tmp/alex/8f5b6707-5470-47f0-997e-dbf92106d6fb/hive_2024-05-01_04-58-20_996_2528463800581954830-1
2024-05-01T04:58:21,112  INFO [8f5b6707-5470-47f0-997e-dbf92106d6fb main] cleanup.EventualCleanupService: Delete file:/home/alex/Repositories/hive/beeline/target/tmp/alex/8f5b6707-5470-47f0-997e-dbf92106d6fb/hive_2024-05-01_04-58-20_996_2528463800581954830-1 operation was queued
2024-05-01T04:58:21,112  INFO [8f5b6707-5470-47f0-997e-dbf92106d6fb main] exec.TableScanOperator: Closing Operator: TS[0]
2024-05-01T04:58:21,113  INFO [8f5b6707-5470-47f0-997e-dbf92106d6fb main] exec.TableScanOperator: RECORDS_OUT_INTERMEDIATE:0, RECORDS_OUT_OPERATOR_TS_0:0, 
2024-05-01T04:58:21,113  INFO [8f5b6707-5470-47f0-997e-dbf92106d6fb main] exec.SelectOperator: Closing Operator: SEL[1]
2024-05-01T04:58:21,113  INFO [8f5b6707-5470-47f0-997e-dbf92106d6fb main] exec.SelectOperator: RECORDS_OUT_INTERMEDIATE:0, RECORDS_OUT_OPERATOR_SEL_1:0, 
2024-05-01T04:58:21,113  INFO [8f5b6707-5470-47f0-997e-dbf92106d6fb main] exec.ListSinkOperator: Closing Operator: LIST_SINK[3]
2024-05-01T04:58:21,113  INFO [8f5b6707-5470-47f0-997e-dbf92106d6fb main] exec.ListSinkOperator: RECORDS_OUT_INTERMEDIATE:0, RECORDS_OUT_OPERATOR_LIST_SINK_3:0, 
2024-05-01T04:58:21,113  INFO [8f5b6707-5470-47f0-997e-dbf92106d6fb main] operation.SQLOperation: Closing operation log /home/alex/Repositories/hive/beeline/target/tmp/alex/operation_logs/8f5b6707-5470-47f0-997e-dbf92106d6fb/alex_20240501045820_c2787895-215c-4577-b22a-b2238cbd8371 without delay
2024-05-01T04:58:21,113  INFO [EventualCleanupService thread 0] cleanup.EventualCleanupService: Deleted file:/home/alex/Repositories/hive/beeline/target/tmp/alex/8f5b6707-5470-47f0-997e-dbf92106d6fb/hive_2024-05-01_04-58-20_996_2528463800581954830-1
2024-05-01T04:58:21,114  INFO [main] service.CompositeService: Session closed, SessionHandle [8f5b6707-5470-47f0-997e-dbf92106d6fb], current sessions:0
2024-05-01T04:58:21,114  INFO [8f5b6707-5470-47f0-997e-dbf92106d6fb main] session.HiveSessionImpl: Operation log session directory is deleted: /home/alex/Repositories/hive/beeline/target/tmp/alex/operation_logs/8f5b6707-5470-47f0-997e-dbf92106d6fb
2024-05-01T04:58:21,114  INFO [main] cleanup.EventualCleanupService: Delete /tmp/hive/alex/8f5b6707-5470-47f0-997e-dbf92106d6fb operation was queued
2024-05-01T04:58:21,114  INFO [main] cleanup.EventualCleanupService: Delete /home/alex/Repositories/hive/beeline/target/tmp/alex/8f5b6707-5470-47f0-997e-dbf92106d6fb operation was queued
2024-05-01T04:58:21,114  INFO [EventualCleanupService thread 2] cleanup.EventualCleanupService: Deleted /home/alex/Repositories/hive/beeline/target/tmp/alex/8f5b6707-5470-47f0-997e-dbf92106d6fb
2024-05-01T04:58:21,114  INFO [EventualCleanupService thread 1] cleanup.EventualCleanupService: Deleted /tmp/hive/alex/8f5b6707-5470-47f0-997e-dbf92106d6fb
2024-05-01T04:58:21,115  INFO [main] HiveMetaStore.audit: ugi=alex	ip=unknown-ip-addr	cmd=Cleaning up thread local RawStore...	
2024-05-01T04:58:21,115  INFO [main] metastore.ObjectStore: RawStore: org.apache.hadoop.hive.metastore.ObjectStore@640028f2, with PersistenceManager: org.datanucleus.api.jdo.JDOPersistenceManager@48b744fd will be shutdown
2024-05-01T04:58:21,115  INFO [main] HiveMetaStore.audit: ugi=alex	ip=unknown-ip-addr	cmd=Done cleaning up thread local RawStore	
2024-05-01T04:58:21,115  INFO [main] metastore.HiveMetaStoreClient: Closed a connection to metastore, current connections: -46
2024-05-01T04:58:21,115 ERROR [main] cli.TestHiveCli: Failed due to the error:Connecting to jdbc:hive2://
Hive Session ID = 1a18bb5a-9ab2-4814-b34e-3424019f7f03
ivysettings.xml file not found in HIVE_HOME or HIVE_CONF_DIR,/home/alex/Repositories/hive/conf/ivysettings.xml will be used
ivysettings.xml file not found in HIVE_HOME or HIVE_CONF_DIR,/home/alex/Repositories/hive/conf/ivysettings.xml will be used
Connected to: Apache Hive (version 4.0.0-SNAPSHOT)
Error: Couldn't load manifest attributes. (state=,code=0)
Transaction isolation: TRANSACTION_REPEATABLE_READ
. . > INFO  : Compiling command(queryId=alex_20240501045820_c2787895-215c-4577-b22a-b2238cbd8371): select "hive"
INFO  : Semantic Analysis Completed (retrial = false)
INFO  : Created Hive schema: Schema(fieldSchemas:[FieldSchema(name:_c0, type:string, comment:null)], properties:null)
INFO  : Completed compiling command(queryId=alex_20240501045820_c2787895-215c-4577-b22a-b2238cbd8371); Time taken: 0.106 seconds
INFO  : Concurrency mode is disabled, not creating a lock manager
INFO  : Executing command(queryId=alex_20240501045820_c2787895-215c-4577-b22a-b2238cbd8371): select "hive"
INFO  : Completed executing command(queryId=alex_20240501045820_c2787895-215c-4577-b22a-b2238cbd8371); Time taken: 0.0 seconds
DEBUG : Shutting down query select "hive"
Error: Failed to wait for operation to complete (state=08S01,code=0)
Closing: 0: jdbc:hive2://

]]></system-err>
  </testcase>
</testsuite>