<?xml version="1.0" encoding="UTF-8"?>
<testsuite xmlns:xsi="http://www.w3.org/2001/XMLSchema-instance" xsi:noNamespaceSchemaLocation="https://maven.apache.org/surefire/maven-surefire-plugin/xsd/surefire-test-report-3.0.xsd" version="3.0" name="org.apache.hive.beeline.cli.TestHiveCli" time="47.683" tests="28" errors="1" skipped="0" failures="17">
  <properties>
    <property name="build.test.dir" value="/home/alex/Repositories/hive/beeline/target/tmp"/>
    <property name="awt.toolkit" value="sun.awt.X11.XToolkit"/>
    <property name="test.tmp.dir.uri" value="file:///home/alex/Repositories/hive/beeline/target/tmp"/>
    <property name="java.specification.version" value="1.8"/>
    <property name="qfile" value=""/>
    <property name="sun.cpu.isalist" value=""/>
    <property name="test.warehouse.dir" value="pfile:///home/alex/Repositories/hive/beeline/target/warehouse"/>
    <property name="sun.jnu.encoding" value="UTF-8"/>
    <property name="run_disabled" value=""/>
    <property name="nondexPrintstack" value="false"/>
    <property name="sun.arch.data.model" value="64"/>
    <property name="java.vendor.url" value="http://java.oracle.com/"/>
    <property name="user.country.format" value="PT"/>
    <property name="test.tmp.dir" value="/home/alex/Repositories/hive/beeline/target/tmp"/>
    <property name="sun.boot.library.path" value="/usr/lib/jvm/java-8-openjdk-amd64/jre/lib/amd64"/>
    <property name="sun.java.command" value="/home/alex/Repositories/hive/beeline/target/surefire/surefirebooter3123169513200746970.jar /home/alex/Repositories/hive/beeline/target/surefire 2024-04-23T21-59-46_173-jvmRun1 surefire685494957994466590tmp surefire_35045413817280019228725tmp"/>
    <property name="nondexExecid" value="ZS0v2REGZ1BQ6GRPKwF1La3Rb2FRehuY8y44Oehq4l8="/>
    <property name="java.specification.vendor" value="Oracle Corporation"/>
    <property name="java.home" value="/usr/lib/jvm/java-8-openjdk-amd64/jre"/>
    <property name="file.separator" value="/"/>
    <property name="basedir" value="/home/alex/Repositories/hive/beeline"/>
    <property name="nondexEnd" value="9223372036854775807"/>
    <property name="line.separator" value="&#10;"/>
    <property name="java.specification.name" value="Java Platform API Specification"/>
    <property name="derby.stream.error.file" value="/home/alex/Repositories/hive/beeline/target/tmp/derby.log"/>
    <property name="java.vm.specification.vendor" value="Oracle Corporation"/>
    <property name="log4j.debug" value="true"/>
    <property name="sun.boot.class.path" value="/home/alex/Repositories/hive/beeline/.nondex/nondex-instr.jar:/home/alex/.m2/repository/edu/illinois/nondex-common/2.1.7/nondex-common-2.1.7.jar:/home/alex/.m2/repository/edu/illinois/nondex-annotations/2.1.7/nondex-annotations-2.1.7.jar:/usr/lib/jvm/java-8-openjdk-amd64/jre/lib/resources.jar:/usr/lib/jvm/java-8-openjdk-amd64/jre/lib/rt.jar:/usr/lib/jvm/java-8-openjdk-amd64/jre/lib/sunrsasign.jar:/usr/lib/jvm/java-8-openjdk-amd64/jre/lib/jsse.jar:/usr/lib/jvm/java-8-openjdk-amd64/jre/lib/jce.jar:/usr/lib/jvm/java-8-openjdk-amd64/jre/lib/charsets.jar:/usr/lib/jvm/java-8-openjdk-amd64/jre/lib/jfr.jar:/usr/lib/jvm/java-8-openjdk-amd64/jre/classes"/>
    <property name="sun.management.compiler" value="HotSpot 64-Bit Tiered Compilers"/>
    <property name="spark.home" value=""/>
    <property name="java.runtime.version" value="1.8.0_402-8u402-ga-2ubuntu1~22.04-b06"/>
    <property name="user.name" value="alex"/>
    <property name="test.src.tables" value=""/>
    <property name="file.encoding" value="UTF-8"/>
    <property name="yyy" value="5"/>
    <property name="qfile_regex" value=""/>
    <property name="hadoop.bin.path" value="/home/alex/Repositories/hive/beeline/../testutils/hadoop"/>
    <property name="localRepository" value="/home/alex/.m2/repository"/>
    <property name="nondexDir" value="/home/alex/Repositories/hive/beeline/.nondex"/>
    <property name="build.dir" value="/home/alex/Repositories/hive/beeline/target"/>
    <property name="nondexJarDir" value="/home/alex/Repositories/hive/beeline/.nondex"/>
    <property name="mapred.job.tracker" value="local"/>
    <property name="java.io.tmpdir" value="/home/alex/Repositories/hive/beeline/target/tmp"/>
    <property name="com.zaxxer.hikari.pool_number" value="3"/>
    <property name="java.version" value="1.8.0_402"/>
    <property name="hive.version" value="4.0.0-SNAPSHOT"/>
    <property name="java.vm.specification.name" value="Java Virtual Machine Specification"/>
    <property name="java.awt.printerjob" value="sun.print.PSPrinterJob"/>
    <property name="sun.os.patch.level" value="unknown"/>
    <property name="java.library.path" value="/usr/java/packages/lib/amd64:/usr/lib/x86_64-linux-gnu/jni:/lib/x86_64-linux-gnu:/usr/lib/x86_64-linux-gnu:/usr/lib/jni:/lib:/usr/lib"/>
    <property name="test.data.dir" value="/home/alex/Repositories/hive/beeline/../data/files"/>
    <property name="java.vendor" value="Private Build"/>
    <property name="java.specification.maintenance.version" value="5"/>
    <property name="xxx" value="5"/>
    <property name="sun.io.unicode.encoding" value="UnicodeLittle"/>
    <property name="initScript" value=""/>
    <property name="sun.desktop" value="gnome"/>
    <property name="calcite.enable.rexnode.digest.normalize" value="false"/>
    <property name="nondexStart" value="0"/>
    <property name="file.encoding.pkg" value="sun.io"/>
    <property name="log4j.configurationFile" value="file:///home/alex/Repositories/hive/beeline/target/testconf/hive-log4j2.properties"/>
    <property name="java.class.path" value="/home/alex/Repositories/hive/beeline/target/test-classes:/home/alex/Repositories/hive/beeline/target/classes:/home/alex/Repositories/hive/common/target/classes:/home/alex/Repositories/hive/classification/target/classes:/home/alex/Repositories/hive/storage-api/target/classes:/home/alex/Repositories/hive/standalone-metastore/metastore-common/target/classes:/home/alex/.m2/repository/com/github/ben-manes/caffeine/caffeine/2.8.4/caffeine-2.8.4.jar:/home/alex/.m2/repository/org/checkerframework/checker-qual/3.4.0/checker-qual-3.4.0.jar:/home/alex/.m2/repository/com/google/errorprone/error_prone_annotations/2.3.4/error_prone_annotations-2.3.4.jar:/home/alex/.m2/repository/com/google/guava/guava/19.0/guava-19.0.jar:/home/alex/.m2/repository/org/apache/commons/commons-lang3/3.9/commons-lang3-3.9.jar:/home/alex/.m2/repository/org/apache/commons/commons-math3/3.6.1/commons-math3-3.6.1.jar:/home/alex/.m2/repository/org/apache/orc/orc-core/1.6.9/orc-core-1.6.9.jar:/home/alex/.m2/repository/org/apache/orc/orc-shims/1.6.9/orc-shims-1.6.9.jar:/home/alex/.m2/repository/io/airlift/aircompressor/0.19/aircompressor-0.19.jar:/home/alex/.m2/repository/javax/xml/bind/jaxb-api/2.2.11/jaxb-api-2.2.11.jar:/home/alex/.m2/repository/org/jetbrains/annotations/17.0.0/annotations-17.0.0.jar:/home/alex/.m2/repository/org/threeten/threeten-extra/1.5.0/threeten-extra-1.5.0.jar:/home/alex/.m2/repository/javax/servlet/javax.servlet-api/3.1.0/javax.servlet-api-3.1.0.jar:/home/alex/.m2/repository/org/eclipse/jetty/jetty-http/9.3.27.v20190418/jetty-http-9.3.27.v20190418.jar:/home/alex/.m2/repository/org/eclipse/jetty/jetty-rewrite/9.3.27.v20190418/jetty-rewrite-9.3.27.v20190418.jar:/home/alex/.m2/repository/org/eclipse/jetty/jetty-client/9.3.27.v20190418/jetty-client-9.3.27.v20190418.jar:/home/alex/.m2/repository/org/eclipse/jetty/jetty-server/9.3.27.v20190418/jetty-server-9.3.27.v20190418.jar:/home/alex/.m2/repository/org/eclipse/jetty/jetty-io/9.3.27.v20190418/jetty-io-9.3.27.v20190418.jar:/home/alex/.m2/repository/org/eclipse/jetty/jetty-servlet/9.3.27.v20190418/jetty-servlet-9.3.27.v20190418.jar:/home/alex/.m2/repository/org/eclipse/jetty/jetty-security/9.3.27.v20190418/jetty-security-9.3.27.v20190418.jar:/home/alex/.m2/repository/org/eclipse/jetty/jetty-webapp/9.3.27.v20190418/jetty-webapp-9.3.27.v20190418.jar:/home/alex/.m2/repository/org/eclipse/jetty/jetty-xml/9.3.27.v20190418/jetty-xml-9.3.27.v20190418.jar:/home/alex/.m2/repository/joda-time/joda-time/2.9.9/joda-time-2.9.9.jar:/home/alex/.m2/repository/org/apache/logging/log4j/log4j-1.2-api/2.13.2/log4j-1.2-api-2.13.2.jar:/home/alex/.m2/repository/org/apache/logging/log4j/log4j-web/2.13.2/log4j-web-2.13.2.jar:/home/alex/.m2/repository/org/apache/commons/commons-compress/1.21/commons-compress-1.21.jar:/home/alex/.m2/repository/org/apache/ant/ant/1.9.1/ant-1.9.1.jar:/home/alex/.m2/repository/org/apache/ant/ant-launcher/1.9.1/ant-launcher-1.9.1.jar:/home/alex/.m2/repository/net/sf/jpam/jpam/1.1/jpam-1.1.jar:/home/alex/.m2/repository/com/tdunning/json/1.8/json-1.8.jar:/home/alex/.m2/repository/io/dropwizard/metrics/metrics-core/3.1.0/metrics-core-3.1.0.jar:/home/alex/.m2/repository/io/dropwizard/metrics/metrics-jvm/3.1.0/metrics-jvm-3.1.0.jar:/home/alex/.m2/repository/io/dropwizard/metrics/metrics-json/3.1.0/metrics-json-3.1.0.jar:/home/alex/.m2/repository/com/fasterxml/jackson/core/jackson-databind/2.12.0/jackson-databind-2.12.0.jar:/home/alex/.m2/repository/com/github/joshelser/dropwizard-metrics-hadoop-metrics2-reporter/0.1.2/dropwizard-metrics-hadoop-metrics2-reporter-0.1.2.jar:/home/alex/.m2/repository/javolution/javolution/5.5.1/javolution-5.5.1.jar:/home/alex/Repositories/hive/metastore/target/classes:/home/alex/Repositories/hive/serde/target/classes:/home/alex/.m2/repository/org/apache/arrow/arrow-vector/0.15.1/arrow-vector-0.15.1.jar:/home/alex/.m2/repository/org/apache/arrow/arrow-format/0.15.1/arrow-format-0.15.1.jar:/home/alex/.m2/repository/org/apache/arrow/arrow-memory/0.15.1/arrow-memory-0.15.1.jar:/home/alex/.m2/repository/com/google/flatbuffers/flatbuffers-java/1.9.0/flatbuffers-java-1.9.0.jar:/home/alex/.m2/repository/com/carrotsearch/hppc/0.7.2/hppc-0.7.2.jar:/home/alex/.m2/repository/com/github/davidmoten/flatbuffers-java/1.6.0.1/flatbuffers-java-1.6.0.1.jar:/home/alex/.m2/repository/org/apache/derby/derby/10.14.1.0/derby-10.14.1.0.jar:/home/alex/.m2/repository/org/antlr/antlr-runtime/3.5.2/antlr-runtime-3.5.2.jar:/home/alex/.m2/repository/org/apache/thrift/libfb303/0.9.3/libfb303-0.9.3.jar:/home/alex/Repositories/hive/shims/aggregator/target/classes:/home/alex/Repositories/hive/shims/common/target/classes:/home/alex/Repositories/hive/shims/0.23/target/classes:/home/alex/.m2/repository/org/apache/hadoop/hadoop-yarn-server-resourcemanager/3.1.0/hadoop-yarn-server-resourcemanager-3.1.0.jar:/home/alex/.m2/repository/org/eclipse/jetty/jetty-util-ajax/9.3.19.v20170502/jetty-util-ajax-9.3.19.v20170502.jar:/home/alex/.m2/repository/org/apache/hadoop/hadoop-yarn-server-common/3.1.0/hadoop-yarn-server-common-3.1.0.jar:/home/alex/.m2/repository/org/apache/geronimo/specs/geronimo-jcache_1.0_spec/1.0-alpha-1/geronimo-jcache_1.0_spec-1.0-alpha-1.jar:/home/alex/.m2/repository/org/ehcache/ehcache/3.3.1/ehcache-3.3.1.jar:/home/alex/.m2/repository/com/zaxxer/HikariCP-java7/2.4.12/HikariCP-java7-2.4.12.jar:/home/alex/.m2/repository/org/apache/hadoop/hadoop-yarn-server-applicationhistoryservice/3.1.0/hadoop-yarn-server-applicationhistoryservice-3.1.0.jar:/home/alex/.m2/repository/de/ruedigermoeller/fst/2.50/fst-2.50.jar:/home/alex/.m2/repository/com/cedarsoftware/java-util/1.9.0/java-util-1.9.0.jar:/home/alex/.m2/repository/com/cedarsoftware/json-io/2.5.1/json-io-2.5.1.jar:/home/alex/.m2/repository/org/apache/hadoop/hadoop-yarn-server-web-proxy/3.1.0/hadoop-yarn-server-web-proxy-3.1.0.jar:/home/alex/.m2/repository/org/fusesource/leveldbjni/leveldbjni-all/1.8/leveldbjni-all-1.8.jar:/home/alex/Repositories/hive/shims/scheduler/target/classes:/home/alex/Repositories/hive/jdbc/target/classes:/home/alex/Repositories/hive/llap-client/target/classes:/home/alex/Repositories/hive/llap-common/target/classes:/home/alex/.m2/repository/io/jsonwebtoken/jjwt-api/0.10.5/jjwt-api-0.10.5.jar:/home/alex/.m2/repository/io/jsonwebtoken/jjwt-impl/0.10.5/jjwt-impl-0.10.5.jar:/home/alex/.m2/repository/io/jsonwebtoken/jjwt-jackson/0.10.5/jjwt-jackson-0.10.5.jar:/home/alex/Repositories/hive/service-rpc/target/classes:/home/alex/.m2/repository/org/apache/httpcomponents/httpclient/4.5.13/httpclient-4.5.13.jar:/home/alex/.m2/repository/org/apache/httpcomponents/httpcore/4.4.13/httpcore-4.4.13.jar:/home/alex/.m2/repository/org/apache/zookeeper/zookeeper/3.5.5/zookeeper-3.5.5.jar:/home/alex/.m2/repository/org/apache/zookeeper/zookeeper-jute/3.5.5/zookeeper-jute-3.5.5.jar:/home/alex/.m2/repository/org/apache/yetus/audience-annotations/0.5.0/audience-annotations-0.5.0.jar:/home/alex/.m2/repository/org/apache/curator/curator-framework/4.2.0/curator-framework-4.2.0.jar:/home/alex/Repositories/hive/standalone-metastore/metastore-server/target/classes:/home/alex/.m2/repository/com/google/protobuf/protobuf-java/2.5.0/protobuf-java-2.5.0.jar:/home/alex/.m2/repository/com/zaxxer/HikariCP/2.6.1/HikariCP-2.6.1.jar:/home/alex/.m2/repository/org/apache/commons/commons-dbcp2/2.7.0/commons-dbcp2-2.7.0.jar:/home/alex/.m2/repository/org/apache/commons/commons-pool2/2.7.0/commons-pool2-2.7.0.jar:/home/alex/.m2/repository/commons-beanutils/commons-beanutils/1.9.4/commons-beanutils-1.9.4.jar:/home/alex/.m2/repository/org/apache/logging/log4j/log4j-core/2.13.2/log4j-core-2.13.2.jar:/home/alex/.m2/repository/org/datanucleus/datanucleus-api-jdo/5.2.4/datanucleus-api-jdo-5.2.4.jar:/home/alex/.m2/repository/org/datanucleus/datanucleus-core/5.2.4/datanucleus-core-5.2.4.jar:/home/alex/.m2/repository/org/datanucleus/datanucleus-rdbms/5.2.4/datanucleus-rdbms-5.2.4.jar:/home/alex/.m2/repository/org/datanucleus/javax.jdo/3.2.0-release/javax.jdo-3.2.0-release.jar:/home/alex/.m2/repository/javax/transaction/javax.transaction-api/1.3/javax.transaction-api-1.3.jar:/home/alex/.m2/repository/org/glassfish/corba/glassfish-corba-omgapi/4.2.2/glassfish-corba-omgapi-4.2.2.jar:/home/alex/.m2/repository/sqlline/sqlline/1.9.0/sqlline-1.9.0.jar:/home/alex/.m2/repository/org/jline/jline-terminal/3.12.1/jline-terminal-3.12.1.jar:/home/alex/.m2/repository/org/jline/jline-reader/3.12.1/jline-reader-3.12.1.jar:/home/alex/.m2/repository/org/jline/jline-terminal-jansi/3.12.1/jline-terminal-jansi-3.12.1.jar:/home/alex/.m2/repository/org/fusesource/jansi/jansi/1.18/jansi-1.18.jar:/home/alex/.m2/repository/org/jline/jline-terminal-jna/3.12.1/jline-terminal-jna-3.12.1.jar:/home/alex/.m2/repository/net/java/dev/jna/jna/5.3.1/jna-5.3.1.jar:/home/alex/.m2/repository/org/jline/jline-builtins/3.12.1/jline-builtins-3.12.1.jar:/home/alex/.m2/repository/org/jline/jline-style/3.12.1/jline-style-3.12.1.jar:/home/alex/.m2/repository/commons-logging/commons-logging/1.1.3/commons-logging-1.1.3.jar:/home/alex/.m2/repository/com/cronutils/cron-utils/9.1.3/cron-utils-9.1.3.jar:/home/alex/.m2/repository/org/glassfish/javax.el/3.0.0/javax.el-3.0.0.jar:/home/alex/.m2/repository/com/oracle/database/jdbc/ojdbc8/21.3.0.0/ojdbc8-21.3.0.0.jar:/home/alex/.m2/repository/mysql/mysql-connector-java/8.0.27/mysql-connector-java-8.0.27.jar:/home/alex/.m2/repository/com/microsoft/sqlserver/mssql-jdbc/6.2.1.jre8/mssql-jdbc-6.2.1.jre8.jar:/home/alex/.m2/repository/commons-cli/commons-cli/1.4/commons-cli-1.4.jar:/home/alex/.m2/repository/commons-io/commons-io/2.6/commons-io-2.6.jar:/home/alex/.m2/repository/com/fasterxml/jackson/core/jackson-core/2.12.0/jackson-core-2.12.0.jar:/home/alex/.m2/repository/jline/jline/2.14.6/jline-2.14.6.jar:/home/alex/.m2/repository/org/apache/hadoop/hadoop-common/3.1.0/hadoop-common-3.1.0.jar:/home/alex/.m2/repository/org/apache/hadoop/hadoop-annotations/3.1.0/hadoop-annotations-3.1.0.jar:/usr/lib/jvm/java-8-openjdk-amd64/jre/../lib/tools.jar:/home/alex/.m2/repository/commons-codec/commons-codec/1.15/commons-codec-1.15.jar:/home/alex/.m2/repository/commons-net/commons-net/3.6/commons-net-3.6.jar:/home/alex/.m2/repository/commons-collections/commons-collections/3.2.2/commons-collections-3.2.2.jar:/home/alex/.m2/repository/org/eclipse/jetty/jetty-util/9.3.27.v20190418/jetty-util-9.3.27.v20190418.jar:/home/alex/.m2/repository/javax/servlet/jsp/jsp-api/2.1/jsp-api-2.1.jar:/home/alex/.m2/repository/com/sun/jersey/jersey-core/1.19/jersey-core-1.19.jar:/home/alex/.m2/repository/javax/ws/rs/jsr311-api/1.1.1/jsr311-api-1.1.1.jar:/home/alex/.m2/repository/com/sun/jersey/jersey-servlet/1.19/jersey-servlet-1.19.jar:/home/alex/.m2/repository/com/sun/jersey/jersey-json/1.19/jersey-json-1.19.jar:/home/alex/.m2/repository/org/codehaus/jettison/jettison/1.1/jettison-1.1.jar:/home/alex/.m2/repository/com/sun/xml/bind/jaxb-impl/2.2.3-1/jaxb-impl-2.2.3-1.jar:/home/alex/.m2/repository/org/codehaus/jackson/jackson-core-asl/1.9.2/jackson-core-asl-1.9.2.jar:/home/alex/.m2/repository/org/codehaus/jackson/jackson-mapper-asl/1.9.2/jackson-mapper-asl-1.9.2.jar:/home/alex/.m2/repository/org/codehaus/jackson/jackson-jaxrs/1.9.2/jackson-jaxrs-1.9.2.jar:/home/alex/.m2/repository/org/codehaus/jackson/jackson-xc/1.9.2/jackson-xc-1.9.2.jar:/home/alex/.m2/repository/com/sun/jersey/jersey-server/1.19/jersey-server-1.19.jar:/home/alex/.m2/repository/commons-lang/commons-lang/2.6/commons-lang-2.6.jar:/home/alex/.m2/repository/org/apache/commons/commons-configuration2/2.1.1/commons-configuration2-2.1.1.jar:/home/alex/.m2/repository/org/apache/avro/avro/1.8.2/avro-1.8.2.jar:/home/alex/.m2/repository/com/thoughtworks/paranamer/paranamer/2.8/paranamer-2.8.jar:/home/alex/.m2/repository/org/xerial/snappy/snappy-java/1.1.4/snappy-java-1.1.4.jar:/home/alex/.m2/repository/org/tukaani/xz/1.5/xz-1.5.jar:/home/alex/.m2/repository/com/google/re2j/re2j/1.2/re2j-1.2.jar:/home/alex/.m2/repository/com/google/code/gson/gson/2.2.4/gson-2.2.4.jar:/home/alex/.m2/repository/org/apache/hadoop/hadoop-auth/3.1.0/hadoop-auth-3.1.0.jar:/home/alex/.m2/repository/com/nimbusds/nimbus-jose-jwt/4.41.1/nimbus-jose-jwt-4.41.1.jar:/home/alex/.m2/repository/com/github/stephenc/jcip/jcip-annotations/1.0-1/jcip-annotations-1.0-1.jar:/home/alex/.m2/repository/net/minidev/json-smart/2.3/json-smart-2.3.jar:/home/alex/.m2/repository/net/minidev/accessors-smart/1.2/accessors-smart-1.2.jar:/home/alex/.m2/repository/com/jcraft/jsch/0.1.54/jsch-0.1.54.jar:/home/alex/.m2/repository/com/google/code/findbugs/jsr305/3.0.0/jsr305-3.0.0.jar:/home/alex/.m2/repository/org/apache/htrace/htrace-core4/4.1.0-incubating/htrace-core4-4.1.0-incubating.jar:/home/alex/.m2/repository/org/apache/kerby/kerb-simplekdc/1.0.1/kerb-simplekdc-1.0.1.jar:/home/alex/.m2/repository/org/apache/kerby/kerb-client/1.0.1/kerb-client-1.0.1.jar:/home/alex/.m2/repository/org/apache/kerby/kerby-config/1.0.1/kerby-config-1.0.1.jar:/home/alex/.m2/repository/org/apache/kerby/kerb-core/1.0.1/kerb-core-1.0.1.jar:/home/alex/.m2/repository/org/apache/kerby/kerby-pkix/1.0.1/kerby-pkix-1.0.1.jar:/home/alex/.m2/repository/org/apache/kerby/kerby-asn1/1.0.1/kerby-asn1-1.0.1.jar:/home/alex/.m2/repository/org/apache/kerby/kerby-util/1.0.1/kerby-util-1.0.1.jar:/home/alex/.m2/repository/org/apache/kerby/kerb-common/1.0.1/kerb-common-1.0.1.jar:/home/alex/.m2/repository/org/apache/kerby/kerb-crypto/1.0.1/kerb-crypto-1.0.1.jar:/home/alex/.m2/repository/org/apache/kerby/kerb-util/1.0.1/kerb-util-1.0.1.jar:/home/alex/.m2/repository/org/apache/kerby/token-provider/1.0.1/token-provider-1.0.1.jar:/home/alex/.m2/repository/org/apache/kerby/kerb-admin/1.0.1/kerb-admin-1.0.1.jar:/home/alex/.m2/repository/org/apache/kerby/kerb-server/1.0.1/kerb-server-1.0.1.jar:/home/alex/.m2/repository/org/apache/kerby/kerb-identity/1.0.1/kerb-identity-1.0.1.jar:/home/alex/.m2/repository/org/apache/kerby/kerby-xdr/1.0.1/kerby-xdr-1.0.1.jar:/home/alex/.m2/repository/org/codehaus/woodstox/stax2-api/3.1.4/stax2-api-3.1.4.jar:/home/alex/.m2/repository/com/fasterxml/woodstox/woodstox-core/5.0.3/woodstox-core-5.0.3.jar:/home/alex/.m2/repository/org/apache/thrift/libthrift/0.14.1/libthrift-0.14.1.jar:/home/alex/.m2/repository/org/apache/tomcat/embed/tomcat-embed-core/8.5.46/tomcat-embed-core-8.5.46.jar:/home/alex/.m2/repository/org/apache/tomcat/tomcat-annotations-api/8.5.46/tomcat-annotations-api-8.5.46.jar:/home/alex/.m2/repository/javax/annotation/javax.annotation-api/1.3.2/javax.annotation-api-1.3.2.jar:/home/alex/.m2/repository/net/sf/supercsv/super-csv/2.2.0/super-csv-2.2.0.jar:/home/alex/.m2/repository/org/apache/logging/log4j/log4j-slf4j-impl/2.13.2/log4j-slf4j-impl-2.13.2.jar:/home/alex/.m2/repository/org/apache/logging/log4j/log4j-api/2.13.2/log4j-api-2.13.2.jar:/home/alex/Repositories/hive/ql/target/test-classes:/home/alex/.m2/repository/org/apache/atlas/atlas-client-v2/2.1.0/atlas-client-v2-2.1.0.jar:/home/alex/.m2/repository/cglib/cglib/2.2.2/cglib-2.2.2.jar:/home/alex/.m2/repository/asm/asm/3.3.1/asm-3.3.1.jar:/home/alex/.m2/repository/org/apache/atlas/atlas-client-common/2.1.0/atlas-client-common-2.1.0.jar:/home/alex/.m2/repository/com/sun/jersey/jersey-client/1.19/jersey-client-1.19.jar:/home/alex/.m2/repository/org/apache/atlas/atlas-intg/2.1.0/atlas-intg-2.1.0.jar:/home/alex/.m2/repository/commons-validator/commons-validator/1.6/commons-validator-1.6.jar:/home/alex/.m2/repository/commons-digester/commons-digester/1.8.1/commons-digester-1.8.1.jar:/home/alex/.m2/repository/com/fasterxml/jackson/jaxrs/jackson-jaxrs-base/2.12.0/jackson-jaxrs-base-2.12.0.jar:/home/alex/.m2/repository/com/fasterxml/jackson/jaxrs/jackson-jaxrs-json-provider/2.12.0/jackson-jaxrs-json-provider-2.12.0.jar:/home/alex/.m2/repository/javax/inject/javax.inject/1/javax.inject-1.jar:/home/alex/.m2/repository/org/springframework/spring-context/4.3.20.RELEASE/spring-context-4.3.20.RELEASE.jar:/home/alex/.m2/repository/org/springframework/spring-aop/4.3.20.RELEASE/spring-aop-4.3.20.RELEASE.jar:/home/alex/.m2/repository/org/springframework/spring-beans/4.3.20.RELEASE/spring-beans-4.3.20.RELEASE.jar:/home/alex/.m2/repository/org/springframework/spring-core/4.3.20.RELEASE/spring-core-4.3.20.RELEASE.jar:/home/alex/.m2/repository/org/springframework/spring-expression/4.3.20.RELEASE/spring-expression-4.3.20.RELEASE.jar:/home/alex/.m2/repository/commons-configuration/commons-configuration/1.10/commons-configuration-1.10.jar:/home/alex/Repositories/hive/vector-code-gen/target/classes:/home/alex/.m2/repository/org/apache/velocity/velocity/1.5/velocity-1.5.jar:/home/alex/.m2/repository/oro/oro/2.0.8/oro-2.0.8.jar:/home/alex/Repositories/hive/parser/target/classes:/home/alex/Repositories/hive/udf/target/classes:/home/alex/Repositories/hive/llap-tez/target/classes:/home/alex/Repositories/hive/spark-client/target/classes:/home/alex/.m2/repository/io/netty/netty-all/4.1.65.Final/netty-all-4.1.65.Final.jar:/home/alex/.m2/repository/com/fasterxml/jackson/module/jackson-module-scala_2.12/2.12.0/jackson-module-scala_2.12-2.12.0.jar:/home/alex/.m2/repository/org/scala-lang/scala-library/2.12.10/scala-library-2.12.10.jar:/home/alex/.m2/repository/org/apache/spark/spark-core_2.12/2.4.5/spark-core_2.12-2.4.5.jar:/home/alex/.m2/repository/com/twitter/chill_2.12/0.9.3/chill_2.12-0.9.3.jar:/home/alex/.m2/repository/com/twitter/chill-java/0.9.3/chill-java-0.9.3.jar:/home/alex/.m2/repository/org/apache/xbean/xbean-asm6-shaded/4.8/xbean-asm6-shaded-4.8.jar:/home/alex/.m2/repository/org/apache/hadoop/hadoop-client/3.1.0/hadoop-client-3.1.0.jar:/home/alex/.m2/repository/org/apache/hadoop/hadoop-mapreduce-client-jobclient/3.1.0/hadoop-mapreduce-client-jobclient-3.1.0.jar:/home/alex/.m2/repository/org/apache/hadoop/hadoop-mapreduce-client-common/3.1.0/hadoop-mapreduce-client-common-3.1.0.jar:/home/alex/.m2/repository/org/apache/spark/spark-launcher_2.12/2.4.5/spark-launcher_2.12-2.4.5.jar:/home/alex/.m2/repository/org/apache/spark/spark-kvstore_2.12/2.4.5/spark-kvstore_2.12-2.4.5.jar:/home/alex/.m2/repository/org/apache/spark/spark-network-common_2.12/2.4.5/spark-network-common_2.12-2.4.5.jar:/home/alex/.m2/repository/org/apache/spark/spark-network-shuffle_2.12/2.4.5/spark-network-shuffle_2.12-2.4.5.jar:/home/alex/.m2/repository/org/apache/spark/spark-unsafe_2.12/2.4.5/spark-unsafe_2.12-2.4.5.jar:/home/alex/.m2/repository/javax/activation/activation/1.1.1/activation-1.1.1.jar:/home/alex/.m2/repository/org/slf4j/jul-to-slf4j/1.7.16/jul-to-slf4j-1.7.16.jar:/home/alex/.m2/repository/org/slf4j/jcl-over-slf4j/1.7.16/jcl-over-slf4j-1.7.16.jar:/home/alex/.m2/repository/com/ning/compress-lzf/1.0.3/compress-lzf-1.0.3.jar:/home/alex/.m2/repository/org/roaringbitmap/RoaringBitmap/0.7.45/RoaringBitmap-0.7.45.jar:/home/alex/.m2/repository/org/roaringbitmap/shims/0.7.45/shims-0.7.45.jar:/home/alex/.m2/repository/org/json4s/json4s-jackson_2.12/3.5.3/json4s-jackson_2.12-3.5.3.jar:/home/alex/.m2/repository/org/json4s/json4s-core_2.12/3.5.3/json4s-core_2.12-3.5.3.jar:/home/alex/.m2/repository/org/json4s/json4s-ast_2.12/3.5.3/json4s-ast_2.12-3.5.3.jar:/home/alex/.m2/repository/org/json4s/json4s-scalap_2.12/3.5.3/json4s-scalap_2.12-3.5.3.jar:/home/alex/.m2/repository/org/scala-lang/modules/scala-xml_2.12/1.0.6/scala-xml_2.12-1.0.6.jar:/home/alex/.m2/repository/com/clearspring/analytics/stream/2.7.0/stream-2.7.0.jar:/home/alex/.m2/repository/io/dropwizard/metrics/metrics-graphite/3.1.5/metrics-graphite-3.1.5.jar:/home/alex/.m2/repository/net/razorvine/pyrolite/4.13/pyrolite-4.13.jar:/home/alex/.m2/repository/net/sf/py4j/py4j/0.10.7/py4j-0.10.7.jar:/home/alex/.m2/repository/org/apache/spark/spark-tags_2.12/2.4.5/spark-tags_2.12-2.4.5.jar:/home/alex/.m2/repository/org/apache/commons/commons-crypto/1.0.0/commons-crypto-1.0.0.jar:/home/alex/.m2/repository/org/spark-project/spark/unused/1.0.0/unused-1.0.0.jar:/home/alex/.m2/repository/org/apache/spark/spark-yarn_2.12/2.4.5/spark-yarn_2.12-2.4.5.jar:/home/alex/.m2/repository/com/amazonaws/secretsmanager/aws-secretsmanager-caching-java/1.0.1/aws-secretsmanager-caching-java-1.0.1.jar:/home/alex/.m2/repository/com/esotericsoftware/kryo/5.0.3/kryo-5.0.3.jar:/home/alex/.m2/repository/com/esotericsoftware/minlog/1.3.1/minlog-1.3.1.jar:/home/alex/.m2/repository/com/esotericsoftware/reflectasm/1.11.9/reflectasm-1.11.9.jar:/home/alex/.m2/repository/org/apache/parquet/parquet-hadoop-bundle/1.11.1/parquet-hadoop-bundle-1.11.1.jar:/home/alex/.m2/repository/org/apache/commons/commons-collections4/4.1/commons-collections4-4.1.jar:/home/alex/.m2/repository/org/apache/commons/commons-text/1.8/commons-text-1.8.jar:/home/alex/.m2/repository/org/antlr/ST4/4.0.4/ST4-4.0.4.jar:/home/alex/.m2/repository/org/apache/avro/avro-mapred/1.8.2/avro-mapred-1.8.2-hadoop2.jar:/home/alex/.m2/repository/org/apache/avro/avro-ipc/1.8.2/avro-ipc-1.8.2.jar:/home/alex/.m2/repository/org/mortbay/jetty/jetty/6.1.26/jetty-6.1.26.jar:/home/alex/.m2/repository/org/apache/hadoop/hadoop-yarn-registry/3.1.0/hadoop-yarn-registry-3.1.0.jar:/home/alex/.m2/repository/org/apache/hadoop/hadoop-yarn-api/3.1.0/hadoop-yarn-api-3.1.0.jar:/home/alex/.m2/repository/commons-daemon/commons-daemon/1.0.13/commons-daemon-1.0.13.jar:/home/alex/.m2/repository/dnsjava/dnsjava/2.1.7/dnsjava-2.1.7.jar:/home/alex/.m2/repository/org/apache/orc/orc-tools/1.6.9/orc-tools-1.6.9.jar:/home/alex/.m2/repository/com/opencsv/opencsv/3.9/opencsv-3.9.jar:/home/alex/.m2/repository/org/apache/hadoop/hadoop-hdfs/3.1.0/hadoop-hdfs-3.1.0.jar:/home/alex/.m2/repository/org/threeten/threetenbp/1.3.5/threetenbp-1.3.5.jar:/home/alex/.m2/repository/org/apache/ivy/ivy/2.4.0/ivy-2.4.0.jar:/home/alex/.m2/repository/org/apache/datasketches/datasketches-hive/1.1.0-incubating/datasketches-hive-1.1.0-incubating.jar:/home/alex/.m2/repository/org/apache/datasketches/datasketches-java/1.3.0-incubating/datasketches-java-1.3.0-incubating.jar:/home/alex/.m2/repository/org/apache/datasketches/datasketches-memory/1.2.0-incubating/datasketches-memory-1.2.0-incubating.jar:/home/alex/.m2/repository/org/slf4j/slf4j-simple/1.7.27/slf4j-simple-1.7.27.jar:/home/alex/.m2/repository/org/codehaus/groovy/groovy-all/2.4.11/groovy-all-2.4.11.jar:/home/alex/.m2/repository/org/jodd/jodd-util/6.0.0/jodd-util-6.0.0.jar:/home/alex/.m2/repository/com/fasterxml/jackson/core/jackson-annotations/2.12.0/jackson-annotations-2.12.0.jar:/home/alex/.m2/repository/com/fasterxml/jackson/dataformat/jackson-dataformat-yaml/2.12.0/jackson-dataformat-yaml-2.12.0.jar:/home/alex/.m2/repository/org/yaml/snakeyaml/1.27/snakeyaml-1.27.jar:/home/alex/.m2/repository/org/apache/calcite/calcite-core/1.25.0/calcite-core-1.25.0.jar:/home/alex/.m2/repository/org/apache/calcite/calcite-linq4j/1.25.0/calcite-linq4j-1.25.0.jar:/home/alex/.m2/repository/com/esri/geometry/esri-geometry-api/2.2.0/esri-geometry-api-2.2.0.jar:/home/alex/.m2/repository/com/yahoo/datasketches/sketches-core/0.9.0/sketches-core-0.9.0.jar:/home/alex/.m2/repository/com/yahoo/datasketches/memory/0.9.0/memory-0.9.0.jar:/home/alex/.m2/repository/org/apache/calcite/calcite-druid/1.25.0/calcite-druid-1.25.0.jar:/home/alex/.m2/repository/org/apache/calcite/avatica/avatica/1.12.0/avatica-1.12.0.jar:/home/alex/.m2/repository/com/googlecode/javaewah/JavaEWAH/0.3.2/JavaEWAH-0.3.2.jar:/home/alex/.m2/repository/stax/stax-api/1.0.1/stax-api-1.0.1.jar:/home/alex/.m2/repository/net/sf/opencsv/opencsv/2.3/opencsv-2.3.jar:/home/alex/.m2/repository/org/reflections/reflections/0.9.10/reflections-0.9.10.jar:/home/alex/.m2/repository/org/javassist/javassist/3.19.0-GA/javassist-3.19.0-GA.jar:/home/alex/.m2/repository/com/jayway/jsonpath/json-path/2.4.0/json-path-2.4.0.jar:/home/alex/.m2/repository/org/codehaus/janino/commons-compiler/3.0.11/commons-compiler-3.0.11.jar:/home/alex/.m2/repository/org/codehaus/janino/janino/3.0.11/janino-3.0.11.jar:/home/alex/.m2/repository/com/sun/jersey/contribs/jersey-multipart/1.19/jersey-multipart-1.19.jar:/home/alex/.m2/repository/org/jvnet/mimepull/mimepull/1.9.3/mimepull-1.9.3.jar:/home/alex/.m2/repository/org/apache/kafka/kafka-clients/2.5.0/kafka-clients-2.5.0.jar:/home/alex/.m2/repository/com/github/luben/zstd-jni/1.4.4-7/zstd-jni-1.4.4-7.jar:/home/alex/.m2/repository/org/lz4/lz4-java/1.7.1/lz4-java-1.7.1.jar:/home/alex/Repositories/hive/service/target/classes:/home/alex/Repositories/hive/ql/target/classes:/home/alex/Repositories/hive/llap-server/target/classes:/home/alex/.m2/repository/com/lmax/disruptor/3.3.7/disruptor-3.3.7.jar:/home/alex/Repositories/hive/llap-common/target/test-classes:/home/alex/Repositories/hive/hplsql/target/classes:/home/alex/.m2/repository/org/antlr/antlr4-runtime/4.5/antlr4-runtime-4.5.jar:/home/alex/.m2/repository/org/abego/treelayout/org.abego.treelayout.core/1.0.1/org.abego.treelayout.core-1.0.1.jar:/home/alex/.m2/repository/javax/servlet/jsp/javax.servlet.jsp-api/2.3.1/javax.servlet.jsp-api-2.3.1.jar:/home/alex/.m2/repository/org/eclipse/jetty/jetty-runner/9.3.27.v20190418/jetty-runner-9.3.27.v20190418.jar:/home/alex/.m2/repository/org/eclipse/jetty/jetty-plus/9.3.27.v20190418/jetty-plus-9.3.27.v20190418.jar:/home/alex/.m2/repository/org/eclipse/jetty/jetty-annotations/9.3.27.v20190418/jetty-annotations-9.3.27.v20190418.jar:/home/alex/.m2/repository/org/ow2/asm/asm/6.0/asm-6.0.jar:/home/alex/.m2/repository/org/ow2/asm/asm-commons/6.0/asm-commons-6.0.jar:/home/alex/.m2/repository/org/ow2/asm/asm-tree/6.0/asm-tree-6.0.jar:/home/alex/.m2/repository/org/eclipse/jetty/jetty-jaas/9.3.27.v20190418/jetty-jaas-9.3.27.v20190418.jar:/home/alex/.m2/repository/org/eclipse/jetty/websocket/websocket-server/9.3.27.v20190418/websocket-server-9.3.27.v20190418.jar:/home/alex/.m2/repository/org/eclipse/jetty/websocket/websocket-common/9.3.27.v20190418/websocket-common-9.3.27.v20190418.jar:/home/alex/.m2/repository/org/eclipse/jetty/websocket/websocket-api/9.3.27.v20190418/websocket-api-9.3.27.v20190418.jar:/home/alex/.m2/repository/org/eclipse/jetty/websocket/websocket-client/9.3.27.v20190418/websocket-client-9.3.27.v20190418.jar:/home/alex/.m2/repository/org/eclipse/jetty/websocket/websocket-servlet/9.3.27.v20190418/websocket-servlet-9.3.27.v20190418.jar:/home/alex/.m2/repository/org/eclipse/jetty/jetty-jndi/9.3.27.v20190418/jetty-jndi-9.3.27.v20190418.jar:/home/alex/.m2/repository/org/eclipse/jetty/apache-jsp/9.3.27.v20190418/apache-jsp-9.3.27.v20190418.jar:/home/alex/.m2/repository/org/eclipse/jetty/toolchain/jetty-schemas/3.1/jetty-schemas-3.1.jar:/home/alex/.m2/repository/org/eclipse/jdt/core/compiler/ecj/4.4.2/ecj-4.4.2.jar:/home/alex/.m2/repository/org/eclipse/jetty/apache-jstl/9.3.27.v20190418/apache-jstl-9.3.27.v20190418.jar:/home/alex/.m2/repository/org/apache/taglibs/taglibs-standard-spec/1.2.5/taglibs-standard-spec-1.2.5.jar:/home/alex/.m2/repository/org/apache/taglibs/taglibs-standard-impl/1.2.5/taglibs-standard-impl-1.2.5.jar:/home/alex/.m2/repository/org/apache/curator/curator-client/4.2.0/curator-client-4.2.0.jar:/home/alex/.m2/repository/org/apache/curator/curator-recipes/4.2.0/curator-recipes-4.2.0.jar:/home/alex/.m2/repository/org/pac4j/pac4j-saml-opensamlv3/4.0.3/pac4j-saml-opensamlv3-4.0.3.jar:/home/alex/.m2/repository/org/pac4j/pac4j-core/4.0.3/pac4j-core-4.0.3.jar:/home/alex/.m2/repository/org/opensaml/opensaml-core/3.4.5/opensaml-core-3.4.5.jar:/home/alex/.m2/repository/net/shibboleth/utilities/java-support/7.5.1/java-support-7.5.1.jar:/home/alex/.m2/repository/org/opensaml/opensaml-saml-api/3.4.5/opensaml-saml-api-3.4.5.jar:/home/alex/.m2/repository/org/opensaml/opensaml-storage-api/3.4.5/opensaml-storage-api-3.4.5.jar:/home/alex/.m2/repository/org/opensaml/opensaml-saml-impl/3.4.5/opensaml-saml-impl-3.4.5.jar:/home/alex/.m2/repository/org/opensaml/opensaml-soap-impl/3.4.5/opensaml-soap-impl-3.4.5.jar:/home/alex/.m2/repository/org/opensaml/opensaml-soap-api/3.4.5/opensaml-soap-api-3.4.5.jar:/home/alex/.m2/repository/org/opensaml/opensaml-xmlsec-api/3.4.5/opensaml-xmlsec-api-3.4.5.jar:/home/alex/.m2/repository/org/opensaml/opensaml-security-api/3.4.5/opensaml-security-api-3.4.5.jar:/home/alex/.m2/repository/org/opensaml/opensaml-security-impl/3.4.5/opensaml-security-impl-3.4.5.jar:/home/alex/.m2/repository/org/opensaml/opensaml-profile-api/3.4.5/opensaml-profile-api-3.4.5.jar:/home/alex/.m2/repository/org/opensaml/opensaml-profile-impl/3.4.5/opensaml-profile-impl-3.4.5.jar:/home/alex/.m2/repository/org/opensaml/opensaml-messaging-api/3.4.5/opensaml-messaging-api-3.4.5.jar:/home/alex/.m2/repository/org/opensaml/opensaml-messaging-impl/3.4.5/opensaml-messaging-impl-3.4.5.jar:/home/alex/.m2/repository/org/opensaml/opensaml-storage-impl/3.4.5/opensaml-storage-impl-3.4.5.jar:/home/alex/.m2/repository/org/ldaptive/ldaptive/1.0.13/ldaptive-1.0.13.jar:/home/alex/.m2/repository/javax/json/javax.json-api/1.0/javax.json-api-1.0.jar:/home/alex/.m2/repository/net/spy/spymemcached/2.12.3/spymemcached-2.12.3.jar:/home/alex/.m2/repository/org/glassfish/javax.json/1.0.4/javax.json-1.0.4.jar:/home/alex/.m2/repository/org/opensaml/opensaml-xmlsec-impl/3.4.5/opensaml-xmlsec-impl-3.4.5.jar:/home/alex/.m2/repository/org/cryptacular/cryptacular/1.2.4/cryptacular-1.2.4.jar:/home/alex/.m2/repository/net/shibboleth/tool/xmlsectool/2.0.0/xmlsectool-2.0.0.jar:/home/alex/.m2/repository/com/beust/jcommander/1.48/jcommander-1.48.jar:/home/alex/.m2/repository/org/bouncycastle/bcprov-jdk15on/1.64/bcprov-jdk15on-1.64.jar:/home/alex/.m2/repository/org/apache/santuario/xmlsec/2.2.1/xmlsec-2.2.1.jar:/home/alex/.m2/repository/org/jamon/jamon-runtime/2.3.1/jamon-runtime-2.3.1.jar:/home/alex/.m2/repository/org/apache/hadoop/hadoop-mapreduce-client-core/3.1.0/hadoop-mapreduce-client-core-3.1.0.jar:/home/alex/.m2/repository/org/apache/hadoop/hadoop-yarn-client/3.1.0/hadoop-yarn-client-3.1.0.jar:/home/alex/.m2/repository/org/apache/hadoop/hadoop-yarn-common/3.1.0/hadoop-yarn-common-3.1.0.jar:/home/alex/.m2/repository/com/google/inject/guice/4.0/guice-4.0.jar:/home/alex/.m2/repository/aopalliance/aopalliance/1.0/aopalliance-1.0.jar:/home/alex/.m2/repository/com/sun/jersey/contribs/jersey-guice/1.19/jersey-guice-1.19.jar:/home/alex/.m2/repository/com/fasterxml/jackson/module/jackson-module-jaxb-annotations/2.12.0/jackson-module-jaxb-annotations-2.12.0.jar:/home/alex/.m2/repository/jakarta/xml/bind/jakarta.xml.bind-api/2.3.2/jakarta.xml.bind-api-2.3.2.jar:/home/alex/.m2/repository/jakarta/activation/jakarta.activation-api/1.2.1/jakarta.activation-api-1.2.1.jar:/home/alex/.m2/repository/org/apache/hadoop/hadoop-hdfs-client/3.1.0/hadoop-hdfs-client-3.1.0.jar:/home/alex/.m2/repository/com/squareup/okhttp/okhttp/2.7.5/okhttp-2.7.5.jar:/home/alex/.m2/repository/com/squareup/okio/okio/1.6.0/okio-1.6.0.jar:/home/alex/.m2/repository/com/google/inject/extensions/guice-servlet/4.0/guice-servlet-4.0.jar:/home/alex/.m2/repository/junit/junit/4.13/junit-4.13.jar:/home/alex/.m2/repository/org/hamcrest/hamcrest-core/1.3/hamcrest-core-1.3.jar:/home/alex/.m2/repository/org/junit/jupiter/junit-jupiter-engine/5.6.2/junit-jupiter-engine-5.6.2.jar:/home/alex/.m2/repository/org/apiguardian/apiguardian-api/1.1.0/apiguardian-api-1.1.0.jar:/home/alex/.m2/repository/org/junit/platform/junit-platform-engine/1.6.2/junit-platform-engine-1.6.2.jar:/home/alex/.m2/repository/org/opentest4j/opentest4j/1.2.0/opentest4j-1.2.0.jar:/home/alex/.m2/repository/org/junit/platform/junit-platform-commons/1.6.2/junit-platform-commons-1.6.2.jar:/home/alex/.m2/repository/org/junit/jupiter/junit-jupiter-api/5.6.2/junit-jupiter-api-5.6.2.jar:/home/alex/.m2/repository/org/junit/vintage/junit-vintage-engine/5.6.2/junit-vintage-engine-5.6.2.jar:/home/alex/.m2/repository/org/powermock/powermock-module-junit4/2.0.2/powermock-module-junit4-2.0.2.jar:/home/alex/.m2/repository/org/powermock/powermock-module-junit4-common/2.0.2/powermock-module-junit4-common-2.0.2.jar:/home/alex/.m2/repository/org/powermock/powermock-reflect/2.0.2/powermock-reflect-2.0.2.jar:/home/alex/.m2/repository/org/powermock/powermock-core/2.0.2/powermock-core-2.0.2.jar:/home/alex/.m2/repository/org/powermock/powermock-api-mockito2/2.0.2/powermock-api-mockito2-2.0.2.jar:/home/alex/.m2/repository/org/powermock/powermock-api-support/2.0.2/powermock-api-support-2.0.2.jar:/home/alex/.m2/repository/org/postgresql/postgresql/42.2.14/postgresql-42.2.14.jar:/home/alex/.m2/repository/org/slf4j/slf4j-api/1.7.30/slf4j-api-1.7.30.jar:/home/alex/.m2/repository/org/mockito/mockito-core/3.4.4/mockito-core-3.4.4.jar:/home/alex/.m2/repository/net/bytebuddy/byte-buddy/1.10.13/byte-buddy-1.10.13.jar:/home/alex/.m2/repository/net/bytebuddy/byte-buddy-agent/1.10.13/byte-buddy-agent-1.10.13.jar:/home/alex/.m2/repository/org/objenesis/objenesis/2.6/objenesis-2.6.jar:/home/alex/Repositories/hive/beeline/target/testconf:/home/alex/Repositories/hive/beeline/../conf:"/>
    <property name="java.vm.vendor" value="Private Build"/>
    <property name="hadoop.version" value="3.1.0"/>
    <property name="user.timezone" value="US/Pacific"/>
    <property name="test.local.warehouse.dir" value="pfile:///home/alex/Repositories/hive/beeline/target/localfs/warehouse"/>
    <property name="java.vm.specification.version" value="1.8"/>
    <property name="os.name" value="Linux"/>
    <property name="clustermode" value=""/>
    <property name="test.build.data" value="/home/alex/Repositories/hive/beeline/target/tmp"/>
    <property name="sun.java.launcher" value="SUN_STANDARD"/>
    <property name="user.country" value="US"/>
    <property name="test.data.files" value="/home/alex/Repositories/hive/beeline/../data/files"/>
    <property name="nondexLogging" value="CONFIG"/>
    <property name="surefire.test.class.path" value="/home/alex/Repositories/hive/beeline/target/test-classes:/home/alex/Repositories/hive/beeline/target/classes:/home/alex/Repositories/hive/common/target/classes:/home/alex/Repositories/hive/classification/target/classes:/home/alex/Repositories/hive/storage-api/target/classes:/home/alex/Repositories/hive/standalone-metastore/metastore-common/target/classes:/home/alex/.m2/repository/com/github/ben-manes/caffeine/caffeine/2.8.4/caffeine-2.8.4.jar:/home/alex/.m2/repository/org/checkerframework/checker-qual/3.4.0/checker-qual-3.4.0.jar:/home/alex/.m2/repository/com/google/errorprone/error_prone_annotations/2.3.4/error_prone_annotations-2.3.4.jar:/home/alex/.m2/repository/com/google/guava/guava/19.0/guava-19.0.jar:/home/alex/.m2/repository/org/apache/commons/commons-lang3/3.9/commons-lang3-3.9.jar:/home/alex/.m2/repository/org/apache/commons/commons-math3/3.6.1/commons-math3-3.6.1.jar:/home/alex/.m2/repository/org/apache/orc/orc-core/1.6.9/orc-core-1.6.9.jar:/home/alex/.m2/repository/org/apache/orc/orc-shims/1.6.9/orc-shims-1.6.9.jar:/home/alex/.m2/repository/io/airlift/aircompressor/0.19/aircompressor-0.19.jar:/home/alex/.m2/repository/javax/xml/bind/jaxb-api/2.2.11/jaxb-api-2.2.11.jar:/home/alex/.m2/repository/org/jetbrains/annotations/17.0.0/annotations-17.0.0.jar:/home/alex/.m2/repository/org/threeten/threeten-extra/1.5.0/threeten-extra-1.5.0.jar:/home/alex/.m2/repository/javax/servlet/javax.servlet-api/3.1.0/javax.servlet-api-3.1.0.jar:/home/alex/.m2/repository/org/eclipse/jetty/jetty-http/9.3.27.v20190418/jetty-http-9.3.27.v20190418.jar:/home/alex/.m2/repository/org/eclipse/jetty/jetty-rewrite/9.3.27.v20190418/jetty-rewrite-9.3.27.v20190418.jar:/home/alex/.m2/repository/org/eclipse/jetty/jetty-client/9.3.27.v20190418/jetty-client-9.3.27.v20190418.jar:/home/alex/.m2/repository/org/eclipse/jetty/jetty-server/9.3.27.v20190418/jetty-server-9.3.27.v20190418.jar:/home/alex/.m2/repository/org/eclipse/jetty/jetty-io/9.3.27.v20190418/jetty-io-9.3.27.v20190418.jar:/home/alex/.m2/repository/org/eclipse/jetty/jetty-servlet/9.3.27.v20190418/jetty-servlet-9.3.27.v20190418.jar:/home/alex/.m2/repository/org/eclipse/jetty/jetty-security/9.3.27.v20190418/jetty-security-9.3.27.v20190418.jar:/home/alex/.m2/repository/org/eclipse/jetty/jetty-webapp/9.3.27.v20190418/jetty-webapp-9.3.27.v20190418.jar:/home/alex/.m2/repository/org/eclipse/jetty/jetty-xml/9.3.27.v20190418/jetty-xml-9.3.27.v20190418.jar:/home/alex/.m2/repository/joda-time/joda-time/2.9.9/joda-time-2.9.9.jar:/home/alex/.m2/repository/org/apache/logging/log4j/log4j-1.2-api/2.13.2/log4j-1.2-api-2.13.2.jar:/home/alex/.m2/repository/org/apache/logging/log4j/log4j-web/2.13.2/log4j-web-2.13.2.jar:/home/alex/.m2/repository/org/apache/commons/commons-compress/1.21/commons-compress-1.21.jar:/home/alex/.m2/repository/org/apache/ant/ant/1.9.1/ant-1.9.1.jar:/home/alex/.m2/repository/org/apache/ant/ant-launcher/1.9.1/ant-launcher-1.9.1.jar:/home/alex/.m2/repository/net/sf/jpam/jpam/1.1/jpam-1.1.jar:/home/alex/.m2/repository/com/tdunning/json/1.8/json-1.8.jar:/home/alex/.m2/repository/io/dropwizard/metrics/metrics-core/3.1.0/metrics-core-3.1.0.jar:/home/alex/.m2/repository/io/dropwizard/metrics/metrics-jvm/3.1.0/metrics-jvm-3.1.0.jar:/home/alex/.m2/repository/io/dropwizard/metrics/metrics-json/3.1.0/metrics-json-3.1.0.jar:/home/alex/.m2/repository/com/fasterxml/jackson/core/jackson-databind/2.12.0/jackson-databind-2.12.0.jar:/home/alex/.m2/repository/com/github/joshelser/dropwizard-metrics-hadoop-metrics2-reporter/0.1.2/dropwizard-metrics-hadoop-metrics2-reporter-0.1.2.jar:/home/alex/.m2/repository/javolution/javolution/5.5.1/javolution-5.5.1.jar:/home/alex/Repositories/hive/metastore/target/classes:/home/alex/Repositories/hive/serde/target/classes:/home/alex/.m2/repository/org/apache/arrow/arrow-vector/0.15.1/arrow-vector-0.15.1.jar:/home/alex/.m2/repository/org/apache/arrow/arrow-format/0.15.1/arrow-format-0.15.1.jar:/home/alex/.m2/repository/org/apache/arrow/arrow-memory/0.15.1/arrow-memory-0.15.1.jar:/home/alex/.m2/repository/com/google/flatbuffers/flatbuffers-java/1.9.0/flatbuffers-java-1.9.0.jar:/home/alex/.m2/repository/com/carrotsearch/hppc/0.7.2/hppc-0.7.2.jar:/home/alex/.m2/repository/com/github/davidmoten/flatbuffers-java/1.6.0.1/flatbuffers-java-1.6.0.1.jar:/home/alex/.m2/repository/org/apache/derby/derby/10.14.1.0/derby-10.14.1.0.jar:/home/alex/.m2/repository/org/antlr/antlr-runtime/3.5.2/antlr-runtime-3.5.2.jar:/home/alex/.m2/repository/org/apache/thrift/libfb303/0.9.3/libfb303-0.9.3.jar:/home/alex/Repositories/hive/shims/aggregator/target/classes:/home/alex/Repositories/hive/shims/common/target/classes:/home/alex/Repositories/hive/shims/0.23/target/classes:/home/alex/.m2/repository/org/apache/hadoop/hadoop-yarn-server-resourcemanager/3.1.0/hadoop-yarn-server-resourcemanager-3.1.0.jar:/home/alex/.m2/repository/org/eclipse/jetty/jetty-util-ajax/9.3.19.v20170502/jetty-util-ajax-9.3.19.v20170502.jar:/home/alex/.m2/repository/org/apache/hadoop/hadoop-yarn-server-common/3.1.0/hadoop-yarn-server-common-3.1.0.jar:/home/alex/.m2/repository/org/apache/geronimo/specs/geronimo-jcache_1.0_spec/1.0-alpha-1/geronimo-jcache_1.0_spec-1.0-alpha-1.jar:/home/alex/.m2/repository/org/ehcache/ehcache/3.3.1/ehcache-3.3.1.jar:/home/alex/.m2/repository/com/zaxxer/HikariCP-java7/2.4.12/HikariCP-java7-2.4.12.jar:/home/alex/.m2/repository/org/apache/hadoop/hadoop-yarn-server-applicationhistoryservice/3.1.0/hadoop-yarn-server-applicationhistoryservice-3.1.0.jar:/home/alex/.m2/repository/de/ruedigermoeller/fst/2.50/fst-2.50.jar:/home/alex/.m2/repository/com/cedarsoftware/java-util/1.9.0/java-util-1.9.0.jar:/home/alex/.m2/repository/com/cedarsoftware/json-io/2.5.1/json-io-2.5.1.jar:/home/alex/.m2/repository/org/apache/hadoop/hadoop-yarn-server-web-proxy/3.1.0/hadoop-yarn-server-web-proxy-3.1.0.jar:/home/alex/.m2/repository/org/fusesource/leveldbjni/leveldbjni-all/1.8/leveldbjni-all-1.8.jar:/home/alex/Repositories/hive/shims/scheduler/target/classes:/home/alex/Repositories/hive/jdbc/target/classes:/home/alex/Repositories/hive/llap-client/target/classes:/home/alex/Repositories/hive/llap-common/target/classes:/home/alex/.m2/repository/io/jsonwebtoken/jjwt-api/0.10.5/jjwt-api-0.10.5.jar:/home/alex/.m2/repository/io/jsonwebtoken/jjwt-impl/0.10.5/jjwt-impl-0.10.5.jar:/home/alex/.m2/repository/io/jsonwebtoken/jjwt-jackson/0.10.5/jjwt-jackson-0.10.5.jar:/home/alex/Repositories/hive/service-rpc/target/classes:/home/alex/.m2/repository/org/apache/httpcomponents/httpclient/4.5.13/httpclient-4.5.13.jar:/home/alex/.m2/repository/org/apache/httpcomponents/httpcore/4.4.13/httpcore-4.4.13.jar:/home/alex/.m2/repository/org/apache/zookeeper/zookeeper/3.5.5/zookeeper-3.5.5.jar:/home/alex/.m2/repository/org/apache/zookeeper/zookeeper-jute/3.5.5/zookeeper-jute-3.5.5.jar:/home/alex/.m2/repository/org/apache/yetus/audience-annotations/0.5.0/audience-annotations-0.5.0.jar:/home/alex/.m2/repository/org/apache/curator/curator-framework/4.2.0/curator-framework-4.2.0.jar:/home/alex/Repositories/hive/standalone-metastore/metastore-server/target/classes:/home/alex/.m2/repository/com/google/protobuf/protobuf-java/2.5.0/protobuf-java-2.5.0.jar:/home/alex/.m2/repository/com/zaxxer/HikariCP/2.6.1/HikariCP-2.6.1.jar:/home/alex/.m2/repository/org/apache/commons/commons-dbcp2/2.7.0/commons-dbcp2-2.7.0.jar:/home/alex/.m2/repository/org/apache/commons/commons-pool2/2.7.0/commons-pool2-2.7.0.jar:/home/alex/.m2/repository/commons-beanutils/commons-beanutils/1.9.4/commons-beanutils-1.9.4.jar:/home/alex/.m2/repository/org/apache/logging/log4j/log4j-core/2.13.2/log4j-core-2.13.2.jar:/home/alex/.m2/repository/org/datanucleus/datanucleus-api-jdo/5.2.4/datanucleus-api-jdo-5.2.4.jar:/home/alex/.m2/repository/org/datanucleus/datanucleus-core/5.2.4/datanucleus-core-5.2.4.jar:/home/alex/.m2/repository/org/datanucleus/datanucleus-rdbms/5.2.4/datanucleus-rdbms-5.2.4.jar:/home/alex/.m2/repository/org/datanucleus/javax.jdo/3.2.0-release/javax.jdo-3.2.0-release.jar:/home/alex/.m2/repository/javax/transaction/javax.transaction-api/1.3/javax.transaction-api-1.3.jar:/home/alex/.m2/repository/org/glassfish/corba/glassfish-corba-omgapi/4.2.2/glassfish-corba-omgapi-4.2.2.jar:/home/alex/.m2/repository/sqlline/sqlline/1.9.0/sqlline-1.9.0.jar:/home/alex/.m2/repository/org/jline/jline-terminal/3.12.1/jline-terminal-3.12.1.jar:/home/alex/.m2/repository/org/jline/jline-reader/3.12.1/jline-reader-3.12.1.jar:/home/alex/.m2/repository/org/jline/jline-terminal-jansi/3.12.1/jline-terminal-jansi-3.12.1.jar:/home/alex/.m2/repository/org/fusesource/jansi/jansi/1.18/jansi-1.18.jar:/home/alex/.m2/repository/org/jline/jline-terminal-jna/3.12.1/jline-terminal-jna-3.12.1.jar:/home/alex/.m2/repository/net/java/dev/jna/jna/5.3.1/jna-5.3.1.jar:/home/alex/.m2/repository/org/jline/jline-builtins/3.12.1/jline-builtins-3.12.1.jar:/home/alex/.m2/repository/org/jline/jline-style/3.12.1/jline-style-3.12.1.jar:/home/alex/.m2/repository/commons-logging/commons-logging/1.1.3/commons-logging-1.1.3.jar:/home/alex/.m2/repository/com/cronutils/cron-utils/9.1.3/cron-utils-9.1.3.jar:/home/alex/.m2/repository/org/glassfish/javax.el/3.0.0/javax.el-3.0.0.jar:/home/alex/.m2/repository/com/oracle/database/jdbc/ojdbc8/21.3.0.0/ojdbc8-21.3.0.0.jar:/home/alex/.m2/repository/mysql/mysql-connector-java/8.0.27/mysql-connector-java-8.0.27.jar:/home/alex/.m2/repository/com/microsoft/sqlserver/mssql-jdbc/6.2.1.jre8/mssql-jdbc-6.2.1.jre8.jar:/home/alex/.m2/repository/commons-cli/commons-cli/1.4/commons-cli-1.4.jar:/home/alex/.m2/repository/commons-io/commons-io/2.6/commons-io-2.6.jar:/home/alex/.m2/repository/com/fasterxml/jackson/core/jackson-core/2.12.0/jackson-core-2.12.0.jar:/home/alex/.m2/repository/jline/jline/2.14.6/jline-2.14.6.jar:/home/alex/.m2/repository/org/apache/hadoop/hadoop-common/3.1.0/hadoop-common-3.1.0.jar:/home/alex/.m2/repository/org/apache/hadoop/hadoop-annotations/3.1.0/hadoop-annotations-3.1.0.jar:/usr/lib/jvm/java-8-openjdk-amd64/jre/../lib/tools.jar:/home/alex/.m2/repository/commons-codec/commons-codec/1.15/commons-codec-1.15.jar:/home/alex/.m2/repository/commons-net/commons-net/3.6/commons-net-3.6.jar:/home/alex/.m2/repository/commons-collections/commons-collections/3.2.2/commons-collections-3.2.2.jar:/home/alex/.m2/repository/org/eclipse/jetty/jetty-util/9.3.27.v20190418/jetty-util-9.3.27.v20190418.jar:/home/alex/.m2/repository/javax/servlet/jsp/jsp-api/2.1/jsp-api-2.1.jar:/home/alex/.m2/repository/com/sun/jersey/jersey-core/1.19/jersey-core-1.19.jar:/home/alex/.m2/repository/javax/ws/rs/jsr311-api/1.1.1/jsr311-api-1.1.1.jar:/home/alex/.m2/repository/com/sun/jersey/jersey-servlet/1.19/jersey-servlet-1.19.jar:/home/alex/.m2/repository/com/sun/jersey/jersey-json/1.19/jersey-json-1.19.jar:/home/alex/.m2/repository/org/codehaus/jettison/jettison/1.1/jettison-1.1.jar:/home/alex/.m2/repository/com/sun/xml/bind/jaxb-impl/2.2.3-1/jaxb-impl-2.2.3-1.jar:/home/alex/.m2/repository/org/codehaus/jackson/jackson-core-asl/1.9.2/jackson-core-asl-1.9.2.jar:/home/alex/.m2/repository/org/codehaus/jackson/jackson-mapper-asl/1.9.2/jackson-mapper-asl-1.9.2.jar:/home/alex/.m2/repository/org/codehaus/jackson/jackson-jaxrs/1.9.2/jackson-jaxrs-1.9.2.jar:/home/alex/.m2/repository/org/codehaus/jackson/jackson-xc/1.9.2/jackson-xc-1.9.2.jar:/home/alex/.m2/repository/com/sun/jersey/jersey-server/1.19/jersey-server-1.19.jar:/home/alex/.m2/repository/commons-lang/commons-lang/2.6/commons-lang-2.6.jar:/home/alex/.m2/repository/org/apache/commons/commons-configuration2/2.1.1/commons-configuration2-2.1.1.jar:/home/alex/.m2/repository/org/apache/avro/avro/1.8.2/avro-1.8.2.jar:/home/alex/.m2/repository/com/thoughtworks/paranamer/paranamer/2.8/paranamer-2.8.jar:/home/alex/.m2/repository/org/xerial/snappy/snappy-java/1.1.4/snappy-java-1.1.4.jar:/home/alex/.m2/repository/org/tukaani/xz/1.5/xz-1.5.jar:/home/alex/.m2/repository/com/google/re2j/re2j/1.2/re2j-1.2.jar:/home/alex/.m2/repository/com/google/code/gson/gson/2.2.4/gson-2.2.4.jar:/home/alex/.m2/repository/org/apache/hadoop/hadoop-auth/3.1.0/hadoop-auth-3.1.0.jar:/home/alex/.m2/repository/com/nimbusds/nimbus-jose-jwt/4.41.1/nimbus-jose-jwt-4.41.1.jar:/home/alex/.m2/repository/com/github/stephenc/jcip/jcip-annotations/1.0-1/jcip-annotations-1.0-1.jar:/home/alex/.m2/repository/net/minidev/json-smart/2.3/json-smart-2.3.jar:/home/alex/.m2/repository/net/minidev/accessors-smart/1.2/accessors-smart-1.2.jar:/home/alex/.m2/repository/com/jcraft/jsch/0.1.54/jsch-0.1.54.jar:/home/alex/.m2/repository/com/google/code/findbugs/jsr305/3.0.0/jsr305-3.0.0.jar:/home/alex/.m2/repository/org/apache/htrace/htrace-core4/4.1.0-incubating/htrace-core4-4.1.0-incubating.jar:/home/alex/.m2/repository/org/apache/kerby/kerb-simplekdc/1.0.1/kerb-simplekdc-1.0.1.jar:/home/alex/.m2/repository/org/apache/kerby/kerb-client/1.0.1/kerb-client-1.0.1.jar:/home/alex/.m2/repository/org/apache/kerby/kerby-config/1.0.1/kerby-config-1.0.1.jar:/home/alex/.m2/repository/org/apache/kerby/kerb-core/1.0.1/kerb-core-1.0.1.jar:/home/alex/.m2/repository/org/apache/kerby/kerby-pkix/1.0.1/kerby-pkix-1.0.1.jar:/home/alex/.m2/repository/org/apache/kerby/kerby-asn1/1.0.1/kerby-asn1-1.0.1.jar:/home/alex/.m2/repository/org/apache/kerby/kerby-util/1.0.1/kerby-util-1.0.1.jar:/home/alex/.m2/repository/org/apache/kerby/kerb-common/1.0.1/kerb-common-1.0.1.jar:/home/alex/.m2/repository/org/apache/kerby/kerb-crypto/1.0.1/kerb-crypto-1.0.1.jar:/home/alex/.m2/repository/org/apache/kerby/kerb-util/1.0.1/kerb-util-1.0.1.jar:/home/alex/.m2/repository/org/apache/kerby/token-provider/1.0.1/token-provider-1.0.1.jar:/home/alex/.m2/repository/org/apache/kerby/kerb-admin/1.0.1/kerb-admin-1.0.1.jar:/home/alex/.m2/repository/org/apache/kerby/kerb-server/1.0.1/kerb-server-1.0.1.jar:/home/alex/.m2/repository/org/apache/kerby/kerb-identity/1.0.1/kerb-identity-1.0.1.jar:/home/alex/.m2/repository/org/apache/kerby/kerby-xdr/1.0.1/kerby-xdr-1.0.1.jar:/home/alex/.m2/repository/org/codehaus/woodstox/stax2-api/3.1.4/stax2-api-3.1.4.jar:/home/alex/.m2/repository/com/fasterxml/woodstox/woodstox-core/5.0.3/woodstox-core-5.0.3.jar:/home/alex/.m2/repository/org/apache/thrift/libthrift/0.14.1/libthrift-0.14.1.jar:/home/alex/.m2/repository/org/apache/tomcat/embed/tomcat-embed-core/8.5.46/tomcat-embed-core-8.5.46.jar:/home/alex/.m2/repository/org/apache/tomcat/tomcat-annotations-api/8.5.46/tomcat-annotations-api-8.5.46.jar:/home/alex/.m2/repository/javax/annotation/javax.annotation-api/1.3.2/javax.annotation-api-1.3.2.jar:/home/alex/.m2/repository/net/sf/supercsv/super-csv/2.2.0/super-csv-2.2.0.jar:/home/alex/.m2/repository/org/apache/logging/log4j/log4j-slf4j-impl/2.13.2/log4j-slf4j-impl-2.13.2.jar:/home/alex/.m2/repository/org/apache/logging/log4j/log4j-api/2.13.2/log4j-api-2.13.2.jar:/home/alex/Repositories/hive/ql/target/test-classes:/home/alex/.m2/repository/org/apache/atlas/atlas-client-v2/2.1.0/atlas-client-v2-2.1.0.jar:/home/alex/.m2/repository/cglib/cglib/2.2.2/cglib-2.2.2.jar:/home/alex/.m2/repository/asm/asm/3.3.1/asm-3.3.1.jar:/home/alex/.m2/repository/org/apache/atlas/atlas-client-common/2.1.0/atlas-client-common-2.1.0.jar:/home/alex/.m2/repository/com/sun/jersey/jersey-client/1.19/jersey-client-1.19.jar:/home/alex/.m2/repository/org/apache/atlas/atlas-intg/2.1.0/atlas-intg-2.1.0.jar:/home/alex/.m2/repository/commons-validator/commons-validator/1.6/commons-validator-1.6.jar:/home/alex/.m2/repository/commons-digester/commons-digester/1.8.1/commons-digester-1.8.1.jar:/home/alex/.m2/repository/com/fasterxml/jackson/jaxrs/jackson-jaxrs-base/2.12.0/jackson-jaxrs-base-2.12.0.jar:/home/alex/.m2/repository/com/fasterxml/jackson/jaxrs/jackson-jaxrs-json-provider/2.12.0/jackson-jaxrs-json-provider-2.12.0.jar:/home/alex/.m2/repository/javax/inject/javax.inject/1/javax.inject-1.jar:/home/alex/.m2/repository/org/springframework/spring-context/4.3.20.RELEASE/spring-context-4.3.20.RELEASE.jar:/home/alex/.m2/repository/org/springframework/spring-aop/4.3.20.RELEASE/spring-aop-4.3.20.RELEASE.jar:/home/alex/.m2/repository/org/springframework/spring-beans/4.3.20.RELEASE/spring-beans-4.3.20.RELEASE.jar:/home/alex/.m2/repository/org/springframework/spring-core/4.3.20.RELEASE/spring-core-4.3.20.RELEASE.jar:/home/alex/.m2/repository/org/springframework/spring-expression/4.3.20.RELEASE/spring-expression-4.3.20.RELEASE.jar:/home/alex/.m2/repository/commons-configuration/commons-configuration/1.10/commons-configuration-1.10.jar:/home/alex/Repositories/hive/vector-code-gen/target/classes:/home/alex/.m2/repository/org/apache/velocity/velocity/1.5/velocity-1.5.jar:/home/alex/.m2/repository/oro/oro/2.0.8/oro-2.0.8.jar:/home/alex/Repositories/hive/parser/target/classes:/home/alex/Repositories/hive/udf/target/classes:/home/alex/Repositories/hive/llap-tez/target/classes:/home/alex/Repositories/hive/spark-client/target/classes:/home/alex/.m2/repository/io/netty/netty-all/4.1.65.Final/netty-all-4.1.65.Final.jar:/home/alex/.m2/repository/com/fasterxml/jackson/module/jackson-module-scala_2.12/2.12.0/jackson-module-scala_2.12-2.12.0.jar:/home/alex/.m2/repository/org/scala-lang/scala-library/2.12.10/scala-library-2.12.10.jar:/home/alex/.m2/repository/org/apache/spark/spark-core_2.12/2.4.5/spark-core_2.12-2.4.5.jar:/home/alex/.m2/repository/com/twitter/chill_2.12/0.9.3/chill_2.12-0.9.3.jar:/home/alex/.m2/repository/com/twitter/chill-java/0.9.3/chill-java-0.9.3.jar:/home/alex/.m2/repository/org/apache/xbean/xbean-asm6-shaded/4.8/xbean-asm6-shaded-4.8.jar:/home/alex/.m2/repository/org/apache/hadoop/hadoop-client/3.1.0/hadoop-client-3.1.0.jar:/home/alex/.m2/repository/org/apache/hadoop/hadoop-mapreduce-client-jobclient/3.1.0/hadoop-mapreduce-client-jobclient-3.1.0.jar:/home/alex/.m2/repository/org/apache/hadoop/hadoop-mapreduce-client-common/3.1.0/hadoop-mapreduce-client-common-3.1.0.jar:/home/alex/.m2/repository/org/apache/spark/spark-launcher_2.12/2.4.5/spark-launcher_2.12-2.4.5.jar:/home/alex/.m2/repository/org/apache/spark/spark-kvstore_2.12/2.4.5/spark-kvstore_2.12-2.4.5.jar:/home/alex/.m2/repository/org/apache/spark/spark-network-common_2.12/2.4.5/spark-network-common_2.12-2.4.5.jar:/home/alex/.m2/repository/org/apache/spark/spark-network-shuffle_2.12/2.4.5/spark-network-shuffle_2.12-2.4.5.jar:/home/alex/.m2/repository/org/apache/spark/spark-unsafe_2.12/2.4.5/spark-unsafe_2.12-2.4.5.jar:/home/alex/.m2/repository/javax/activation/activation/1.1.1/activation-1.1.1.jar:/home/alex/.m2/repository/org/slf4j/jul-to-slf4j/1.7.16/jul-to-slf4j-1.7.16.jar:/home/alex/.m2/repository/org/slf4j/jcl-over-slf4j/1.7.16/jcl-over-slf4j-1.7.16.jar:/home/alex/.m2/repository/com/ning/compress-lzf/1.0.3/compress-lzf-1.0.3.jar:/home/alex/.m2/repository/org/roaringbitmap/RoaringBitmap/0.7.45/RoaringBitmap-0.7.45.jar:/home/alex/.m2/repository/org/roaringbitmap/shims/0.7.45/shims-0.7.45.jar:/home/alex/.m2/repository/org/json4s/json4s-jackson_2.12/3.5.3/json4s-jackson_2.12-3.5.3.jar:/home/alex/.m2/repository/org/json4s/json4s-core_2.12/3.5.3/json4s-core_2.12-3.5.3.jar:/home/alex/.m2/repository/org/json4s/json4s-ast_2.12/3.5.3/json4s-ast_2.12-3.5.3.jar:/home/alex/.m2/repository/org/json4s/json4s-scalap_2.12/3.5.3/json4s-scalap_2.12-3.5.3.jar:/home/alex/.m2/repository/org/scala-lang/modules/scala-xml_2.12/1.0.6/scala-xml_2.12-1.0.6.jar:/home/alex/.m2/repository/com/clearspring/analytics/stream/2.7.0/stream-2.7.0.jar:/home/alex/.m2/repository/io/dropwizard/metrics/metrics-graphite/3.1.5/metrics-graphite-3.1.5.jar:/home/alex/.m2/repository/net/razorvine/pyrolite/4.13/pyrolite-4.13.jar:/home/alex/.m2/repository/net/sf/py4j/py4j/0.10.7/py4j-0.10.7.jar:/home/alex/.m2/repository/org/apache/spark/spark-tags_2.12/2.4.5/spark-tags_2.12-2.4.5.jar:/home/alex/.m2/repository/org/apache/commons/commons-crypto/1.0.0/commons-crypto-1.0.0.jar:/home/alex/.m2/repository/org/spark-project/spark/unused/1.0.0/unused-1.0.0.jar:/home/alex/.m2/repository/org/apache/spark/spark-yarn_2.12/2.4.5/spark-yarn_2.12-2.4.5.jar:/home/alex/.m2/repository/com/amazonaws/secretsmanager/aws-secretsmanager-caching-java/1.0.1/aws-secretsmanager-caching-java-1.0.1.jar:/home/alex/.m2/repository/com/esotericsoftware/kryo/5.0.3/kryo-5.0.3.jar:/home/alex/.m2/repository/com/esotericsoftware/minlog/1.3.1/minlog-1.3.1.jar:/home/alex/.m2/repository/com/esotericsoftware/reflectasm/1.11.9/reflectasm-1.11.9.jar:/home/alex/.m2/repository/org/apache/parquet/parquet-hadoop-bundle/1.11.1/parquet-hadoop-bundle-1.11.1.jar:/home/alex/.m2/repository/org/apache/commons/commons-collections4/4.1/commons-collections4-4.1.jar:/home/alex/.m2/repository/org/apache/commons/commons-text/1.8/commons-text-1.8.jar:/home/alex/.m2/repository/org/antlr/ST4/4.0.4/ST4-4.0.4.jar:/home/alex/.m2/repository/org/apache/avro/avro-mapred/1.8.2/avro-mapred-1.8.2-hadoop2.jar:/home/alex/.m2/repository/org/apache/avro/avro-ipc/1.8.2/avro-ipc-1.8.2.jar:/home/alex/.m2/repository/org/mortbay/jetty/jetty/6.1.26/jetty-6.1.26.jar:/home/alex/.m2/repository/org/apache/hadoop/hadoop-yarn-registry/3.1.0/hadoop-yarn-registry-3.1.0.jar:/home/alex/.m2/repository/org/apache/hadoop/hadoop-yarn-api/3.1.0/hadoop-yarn-api-3.1.0.jar:/home/alex/.m2/repository/commons-daemon/commons-daemon/1.0.13/commons-daemon-1.0.13.jar:/home/alex/.m2/repository/dnsjava/dnsjava/2.1.7/dnsjava-2.1.7.jar:/home/alex/.m2/repository/org/apache/orc/orc-tools/1.6.9/orc-tools-1.6.9.jar:/home/alex/.m2/repository/com/opencsv/opencsv/3.9/opencsv-3.9.jar:/home/alex/.m2/repository/org/apache/hadoop/hadoop-hdfs/3.1.0/hadoop-hdfs-3.1.0.jar:/home/alex/.m2/repository/org/threeten/threetenbp/1.3.5/threetenbp-1.3.5.jar:/home/alex/.m2/repository/org/apache/ivy/ivy/2.4.0/ivy-2.4.0.jar:/home/alex/.m2/repository/org/apache/datasketches/datasketches-hive/1.1.0-incubating/datasketches-hive-1.1.0-incubating.jar:/home/alex/.m2/repository/org/apache/datasketches/datasketches-java/1.3.0-incubating/datasketches-java-1.3.0-incubating.jar:/home/alex/.m2/repository/org/apache/datasketches/datasketches-memory/1.2.0-incubating/datasketches-memory-1.2.0-incubating.jar:/home/alex/.m2/repository/org/slf4j/slf4j-simple/1.7.27/slf4j-simple-1.7.27.jar:/home/alex/.m2/repository/org/codehaus/groovy/groovy-all/2.4.11/groovy-all-2.4.11.jar:/home/alex/.m2/repository/org/jodd/jodd-util/6.0.0/jodd-util-6.0.0.jar:/home/alex/.m2/repository/com/fasterxml/jackson/core/jackson-annotations/2.12.0/jackson-annotations-2.12.0.jar:/home/alex/.m2/repository/com/fasterxml/jackson/dataformat/jackson-dataformat-yaml/2.12.0/jackson-dataformat-yaml-2.12.0.jar:/home/alex/.m2/repository/org/yaml/snakeyaml/1.27/snakeyaml-1.27.jar:/home/alex/.m2/repository/org/apache/calcite/calcite-core/1.25.0/calcite-core-1.25.0.jar:/home/alex/.m2/repository/org/apache/calcite/calcite-linq4j/1.25.0/calcite-linq4j-1.25.0.jar:/home/alex/.m2/repository/com/esri/geometry/esri-geometry-api/2.2.0/esri-geometry-api-2.2.0.jar:/home/alex/.m2/repository/com/yahoo/datasketches/sketches-core/0.9.0/sketches-core-0.9.0.jar:/home/alex/.m2/repository/com/yahoo/datasketches/memory/0.9.0/memory-0.9.0.jar:/home/alex/.m2/repository/org/apache/calcite/calcite-druid/1.25.0/calcite-druid-1.25.0.jar:/home/alex/.m2/repository/org/apache/calcite/avatica/avatica/1.12.0/avatica-1.12.0.jar:/home/alex/.m2/repository/com/googlecode/javaewah/JavaEWAH/0.3.2/JavaEWAH-0.3.2.jar:/home/alex/.m2/repository/stax/stax-api/1.0.1/stax-api-1.0.1.jar:/home/alex/.m2/repository/net/sf/opencsv/opencsv/2.3/opencsv-2.3.jar:/home/alex/.m2/repository/org/reflections/reflections/0.9.10/reflections-0.9.10.jar:/home/alex/.m2/repository/org/javassist/javassist/3.19.0-GA/javassist-3.19.0-GA.jar:/home/alex/.m2/repository/com/jayway/jsonpath/json-path/2.4.0/json-path-2.4.0.jar:/home/alex/.m2/repository/org/codehaus/janino/commons-compiler/3.0.11/commons-compiler-3.0.11.jar:/home/alex/.m2/repository/org/codehaus/janino/janino/3.0.11/janino-3.0.11.jar:/home/alex/.m2/repository/com/sun/jersey/contribs/jersey-multipart/1.19/jersey-multipart-1.19.jar:/home/alex/.m2/repository/org/jvnet/mimepull/mimepull/1.9.3/mimepull-1.9.3.jar:/home/alex/.m2/repository/org/apache/kafka/kafka-clients/2.5.0/kafka-clients-2.5.0.jar:/home/alex/.m2/repository/com/github/luben/zstd-jni/1.4.4-7/zstd-jni-1.4.4-7.jar:/home/alex/.m2/repository/org/lz4/lz4-java/1.7.1/lz4-java-1.7.1.jar:/home/alex/Repositories/hive/service/target/classes:/home/alex/Repositories/hive/ql/target/classes:/home/alex/Repositories/hive/llap-server/target/classes:/home/alex/.m2/repository/com/lmax/disruptor/3.3.7/disruptor-3.3.7.jar:/home/alex/Repositories/hive/llap-common/target/test-classes:/home/alex/Repositories/hive/hplsql/target/classes:/home/alex/.m2/repository/org/antlr/antlr4-runtime/4.5/antlr4-runtime-4.5.jar:/home/alex/.m2/repository/org/abego/treelayout/org.abego.treelayout.core/1.0.1/org.abego.treelayout.core-1.0.1.jar:/home/alex/.m2/repository/javax/servlet/jsp/javax.servlet.jsp-api/2.3.1/javax.servlet.jsp-api-2.3.1.jar:/home/alex/.m2/repository/org/eclipse/jetty/jetty-runner/9.3.27.v20190418/jetty-runner-9.3.27.v20190418.jar:/home/alex/.m2/repository/org/eclipse/jetty/jetty-plus/9.3.27.v20190418/jetty-plus-9.3.27.v20190418.jar:/home/alex/.m2/repository/org/eclipse/jetty/jetty-annotations/9.3.27.v20190418/jetty-annotations-9.3.27.v20190418.jar:/home/alex/.m2/repository/org/ow2/asm/asm/6.0/asm-6.0.jar:/home/alex/.m2/repository/org/ow2/asm/asm-commons/6.0/asm-commons-6.0.jar:/home/alex/.m2/repository/org/ow2/asm/asm-tree/6.0/asm-tree-6.0.jar:/home/alex/.m2/repository/org/eclipse/jetty/jetty-jaas/9.3.27.v20190418/jetty-jaas-9.3.27.v20190418.jar:/home/alex/.m2/repository/org/eclipse/jetty/websocket/websocket-server/9.3.27.v20190418/websocket-server-9.3.27.v20190418.jar:/home/alex/.m2/repository/org/eclipse/jetty/websocket/websocket-common/9.3.27.v20190418/websocket-common-9.3.27.v20190418.jar:/home/alex/.m2/repository/org/eclipse/jetty/websocket/websocket-api/9.3.27.v20190418/websocket-api-9.3.27.v20190418.jar:/home/alex/.m2/repository/org/eclipse/jetty/websocket/websocket-client/9.3.27.v20190418/websocket-client-9.3.27.v20190418.jar:/home/alex/.m2/repository/org/eclipse/jetty/websocket/websocket-servlet/9.3.27.v20190418/websocket-servlet-9.3.27.v20190418.jar:/home/alex/.m2/repository/org/eclipse/jetty/jetty-jndi/9.3.27.v20190418/jetty-jndi-9.3.27.v20190418.jar:/home/alex/.m2/repository/org/eclipse/jetty/apache-jsp/9.3.27.v20190418/apache-jsp-9.3.27.v20190418.jar:/home/alex/.m2/repository/org/eclipse/jetty/toolchain/jetty-schemas/3.1/jetty-schemas-3.1.jar:/home/alex/.m2/repository/org/eclipse/jdt/core/compiler/ecj/4.4.2/ecj-4.4.2.jar:/home/alex/.m2/repository/org/eclipse/jetty/apache-jstl/9.3.27.v20190418/apache-jstl-9.3.27.v20190418.jar:/home/alex/.m2/repository/org/apache/taglibs/taglibs-standard-spec/1.2.5/taglibs-standard-spec-1.2.5.jar:/home/alex/.m2/repository/org/apache/taglibs/taglibs-standard-impl/1.2.5/taglibs-standard-impl-1.2.5.jar:/home/alex/.m2/repository/org/apache/curator/curator-client/4.2.0/curator-client-4.2.0.jar:/home/alex/.m2/repository/org/apache/curator/curator-recipes/4.2.0/curator-recipes-4.2.0.jar:/home/alex/.m2/repository/org/pac4j/pac4j-saml-opensamlv3/4.0.3/pac4j-saml-opensamlv3-4.0.3.jar:/home/alex/.m2/repository/org/pac4j/pac4j-core/4.0.3/pac4j-core-4.0.3.jar:/home/alex/.m2/repository/org/opensaml/opensaml-core/3.4.5/opensaml-core-3.4.5.jar:/home/alex/.m2/repository/net/shibboleth/utilities/java-support/7.5.1/java-support-7.5.1.jar:/home/alex/.m2/repository/org/opensaml/opensaml-saml-api/3.4.5/opensaml-saml-api-3.4.5.jar:/home/alex/.m2/repository/org/opensaml/opensaml-storage-api/3.4.5/opensaml-storage-api-3.4.5.jar:/home/alex/.m2/repository/org/opensaml/opensaml-saml-impl/3.4.5/opensaml-saml-impl-3.4.5.jar:/home/alex/.m2/repository/org/opensaml/opensaml-soap-impl/3.4.5/opensaml-soap-impl-3.4.5.jar:/home/alex/.m2/repository/org/opensaml/opensaml-soap-api/3.4.5/opensaml-soap-api-3.4.5.jar:/home/alex/.m2/repository/org/opensaml/opensaml-xmlsec-api/3.4.5/opensaml-xmlsec-api-3.4.5.jar:/home/alex/.m2/repository/org/opensaml/opensaml-security-api/3.4.5/opensaml-security-api-3.4.5.jar:/home/alex/.m2/repository/org/opensaml/opensaml-security-impl/3.4.5/opensaml-security-impl-3.4.5.jar:/home/alex/.m2/repository/org/opensaml/opensaml-profile-api/3.4.5/opensaml-profile-api-3.4.5.jar:/home/alex/.m2/repository/org/opensaml/opensaml-profile-impl/3.4.5/opensaml-profile-impl-3.4.5.jar:/home/alex/.m2/repository/org/opensaml/opensaml-messaging-api/3.4.5/opensaml-messaging-api-3.4.5.jar:/home/alex/.m2/repository/org/opensaml/opensaml-messaging-impl/3.4.5/opensaml-messaging-impl-3.4.5.jar:/home/alex/.m2/repository/org/opensaml/opensaml-storage-impl/3.4.5/opensaml-storage-impl-3.4.5.jar:/home/alex/.m2/repository/org/ldaptive/ldaptive/1.0.13/ldaptive-1.0.13.jar:/home/alex/.m2/repository/javax/json/javax.json-api/1.0/javax.json-api-1.0.jar:/home/alex/.m2/repository/net/spy/spymemcached/2.12.3/spymemcached-2.12.3.jar:/home/alex/.m2/repository/org/glassfish/javax.json/1.0.4/javax.json-1.0.4.jar:/home/alex/.m2/repository/org/opensaml/opensaml-xmlsec-impl/3.4.5/opensaml-xmlsec-impl-3.4.5.jar:/home/alex/.m2/repository/org/cryptacular/cryptacular/1.2.4/cryptacular-1.2.4.jar:/home/alex/.m2/repository/net/shibboleth/tool/xmlsectool/2.0.0/xmlsectool-2.0.0.jar:/home/alex/.m2/repository/com/beust/jcommander/1.48/jcommander-1.48.jar:/home/alex/.m2/repository/org/bouncycastle/bcprov-jdk15on/1.64/bcprov-jdk15on-1.64.jar:/home/alex/.m2/repository/org/apache/santuario/xmlsec/2.2.1/xmlsec-2.2.1.jar:/home/alex/.m2/repository/org/jamon/jamon-runtime/2.3.1/jamon-runtime-2.3.1.jar:/home/alex/.m2/repository/org/apache/hadoop/hadoop-mapreduce-client-core/3.1.0/hadoop-mapreduce-client-core-3.1.0.jar:/home/alex/.m2/repository/org/apache/hadoop/hadoop-yarn-client/3.1.0/hadoop-yarn-client-3.1.0.jar:/home/alex/.m2/repository/org/apache/hadoop/hadoop-yarn-common/3.1.0/hadoop-yarn-common-3.1.0.jar:/home/alex/.m2/repository/com/google/inject/guice/4.0/guice-4.0.jar:/home/alex/.m2/repository/aopalliance/aopalliance/1.0/aopalliance-1.0.jar:/home/alex/.m2/repository/com/sun/jersey/contribs/jersey-guice/1.19/jersey-guice-1.19.jar:/home/alex/.m2/repository/com/fasterxml/jackson/module/jackson-module-jaxb-annotations/2.12.0/jackson-module-jaxb-annotations-2.12.0.jar:/home/alex/.m2/repository/jakarta/xml/bind/jakarta.xml.bind-api/2.3.2/jakarta.xml.bind-api-2.3.2.jar:/home/alex/.m2/repository/jakarta/activation/jakarta.activation-api/1.2.1/jakarta.activation-api-1.2.1.jar:/home/alex/.m2/repository/org/apache/hadoop/hadoop-hdfs-client/3.1.0/hadoop-hdfs-client-3.1.0.jar:/home/alex/.m2/repository/com/squareup/okhttp/okhttp/2.7.5/okhttp-2.7.5.jar:/home/alex/.m2/repository/com/squareup/okio/okio/1.6.0/okio-1.6.0.jar:/home/alex/.m2/repository/com/google/inject/extensions/guice-servlet/4.0/guice-servlet-4.0.jar:/home/alex/.m2/repository/junit/junit/4.13/junit-4.13.jar:/home/alex/.m2/repository/org/hamcrest/hamcrest-core/1.3/hamcrest-core-1.3.jar:/home/alex/.m2/repository/org/junit/jupiter/junit-jupiter-engine/5.6.2/junit-jupiter-engine-5.6.2.jar:/home/alex/.m2/repository/org/apiguardian/apiguardian-api/1.1.0/apiguardian-api-1.1.0.jar:/home/alex/.m2/repository/org/junit/platform/junit-platform-engine/1.6.2/junit-platform-engine-1.6.2.jar:/home/alex/.m2/repository/org/opentest4j/opentest4j/1.2.0/opentest4j-1.2.0.jar:/home/alex/.m2/repository/org/junit/platform/junit-platform-commons/1.6.2/junit-platform-commons-1.6.2.jar:/home/alex/.m2/repository/org/junit/jupiter/junit-jupiter-api/5.6.2/junit-jupiter-api-5.6.2.jar:/home/alex/.m2/repository/org/junit/vintage/junit-vintage-engine/5.6.2/junit-vintage-engine-5.6.2.jar:/home/alex/.m2/repository/org/powermock/powermock-module-junit4/2.0.2/powermock-module-junit4-2.0.2.jar:/home/alex/.m2/repository/org/powermock/powermock-module-junit4-common/2.0.2/powermock-module-junit4-common-2.0.2.jar:/home/alex/.m2/repository/org/powermock/powermock-reflect/2.0.2/powermock-reflect-2.0.2.jar:/home/alex/.m2/repository/org/powermock/powermock-core/2.0.2/powermock-core-2.0.2.jar:/home/alex/.m2/repository/org/powermock/powermock-api-mockito2/2.0.2/powermock-api-mockito2-2.0.2.jar:/home/alex/.m2/repository/org/powermock/powermock-api-support/2.0.2/powermock-api-support-2.0.2.jar:/home/alex/.m2/repository/org/postgresql/postgresql/42.2.14/postgresql-42.2.14.jar:/home/alex/.m2/repository/org/slf4j/slf4j-api/1.7.30/slf4j-api-1.7.30.jar:/home/alex/.m2/repository/org/mockito/mockito-core/3.4.4/mockito-core-3.4.4.jar:/home/alex/.m2/repository/net/bytebuddy/byte-buddy/1.10.13/byte-buddy-1.10.13.jar:/home/alex/.m2/repository/net/bytebuddy/byte-buddy-agent/1.10.13/byte-buddy-agent-1.10.13.jar:/home/alex/.m2/repository/org/objenesis/objenesis/2.6/objenesis-2.6.jar:/home/alex/Repositories/hive/beeline/target/testconf:/home/alex/Repositories/hive/beeline/../conf:"/>
    <property name="sun.cpu.endian" value="little"/>
    <property name="user.home" value="/home/alex"/>
    <property name="user.language" value="en"/>
    <property name="java.security.krb5.conf" value="/home/alex/Repositories/hive/beeline/target/testconf/krb5.conf"/>
    <property name="test.dfs.mkdir" value=""/>
    <property name="java.awt.graphicsenv" value="sun.awt.X11GraphicsEnvironment"/>
    <property name="nondexFilter" value=".*"/>
    <property name="nondexSeed" value="933178"/>
    <property name="surefire.real.class.path" value="/home/alex/Repositories/hive/beeline/target/surefire/surefirebooter3123169513200746970.jar"/>
    <property name="hadoop.log.dir" value="/home/alex/Repositories/hive/beeline/target/tmp"/>
    <property name="java.net.preferIPv4Stack" value="true"/>
    <property name="path.separator" value=":"/>
    <property name="os.version" value="6.5.0-28-generic"/>
    <property name="java.endorsed.dirs" value="/usr/lib/jvm/java-8-openjdk-amd64/jre/lib/endorsed"/>
    <property name="java.runtime.name" value="OpenJDK Runtime Environment"/>
    <property name="hive.test.console.log.level" value="INFO"/>
    <property name="java.vm.name" value="OpenJDK 64-Bit Server VM"/>
    <property name="java.vendor.url.bug" value="http://bugreport.sun.com/bugreport/"/>
    <property name="maven.local.repository" value="/home/alex/.m2/repository"/>
    <property name="user.dir" value="/home/alex/Repositories/hive/beeline"/>
    <property name="os.arch" value="amd64"/>
    <property name="nondexMode" value="FULL"/>
    <property name="user.language.format" value="pt"/>
    <property name="antlr.version" value="3.5.2"/>
    <property name="derby.version" value="10.14.1.0"/>
    <property name="java.vm.info" value="mixed mode"/>
    <property name="java.vm.version" value="25.402-b06"/>
    <property name="java.ext.dirs" value="/usr/lib/jvm/java-8-openjdk-amd64/jre/lib/ext:/usr/java/packages/lib/ext"/>
    <property name="datanucleus.schema.autoCreateAll" value="true"/>
    <property name="java.class.version" value="52.0"/>
    <property name="test.output.overwrite" value=""/>
    <property name="hive.root" value="/home/alex/Repositories/hive/beeline/../"/>
  </properties>
  <testcase name="testSetPromptValue" classname="org.apache.hive.beeline.cli.TestHiveCli" time="9.191">
    <error type="java.lang.NullPointerException"><![CDATA[java.lang.NullPointerException
	at org.apache.hive.beeline.cli.TestHiveCli.executeCMD(TestHiveCli.java:255)
	at org.apache.hive.beeline.cli.TestHiveCli.initFromFile(TestHiveCli.java:321)
	at org.apache.hive.beeline.cli.TestHiveCli.setup(TestHiveCli.java:294)
	at sun.reflect.NativeMethodAccessorImpl.invoke0(Native Method)
	at sun.reflect.NativeMethodAccessorImpl.invoke(NativeMethodAccessorImpl.java:62)
	at sun.reflect.DelegatingMethodAccessorImpl.invoke(DelegatingMethodAccessorImpl.java:43)
	at java.lang.reflect.Method.invoke(Method.java:498)
	at org.junit.runners.model.FrameworkMethod$1.runReflectiveCall(FrameworkMethod.java:59)
	at org.junit.internal.runners.model.ReflectiveCallable.run(ReflectiveCallable.java:12)
	at org.junit.runners.model.FrameworkMethod.invokeExplosively(FrameworkMethod.java:56)
	at org.junit.internal.runners.statements.RunBefores.invokeMethod(RunBefores.java:33)
	at org.junit.internal.runners.statements.RunBefores.evaluate(RunBefores.java:24)
	at org.junit.internal.runners.statements.RunAfters.evaluate(RunAfters.java:27)
	at org.junit.runners.ParentRunner$3.evaluate(ParentRunner.java:306)
	at org.junit.runners.BlockJUnit4ClassRunner$1.evaluate(BlockJUnit4ClassRunner.java:100)
	at org.junit.runners.ParentRunner.runLeaf(ParentRunner.java:366)
	at org.junit.runners.BlockJUnit4ClassRunner.runChild(BlockJUnit4ClassRunner.java:103)
	at org.junit.runners.BlockJUnit4ClassRunner.runChild(BlockJUnit4ClassRunner.java:63)
	at org.junit.runners.ParentRunner$4.run(ParentRunner.java:331)
	at org.junit.runners.ParentRunner$1.schedule(ParentRunner.java:79)
	at org.junit.runners.ParentRunner.runChildren(ParentRunner.java:329)
	at org.junit.runners.ParentRunner.access$100(ParentRunner.java:66)
	at org.junit.runners.ParentRunner$2.evaluate(ParentRunner.java:293)
	at org.junit.internal.runners.statements.RunBefores.evaluate(RunBefores.java:26)
	at org.junit.runners.ParentRunner$3.evaluate(ParentRunner.java:306)
	at org.junit.runners.ParentRunner.run(ParentRunner.java:413)
	at org.junit.runner.JUnitCore.run(JUnitCore.java:137)
	at org.junit.runner.JUnitCore.run(JUnitCore.java:115)
	at org.junit.vintage.engine.execution.RunnerExecutor.execute(RunnerExecutor.java:43)
	at java.util.stream.ForEachOps$ForEachOp$OfRef.accept(ForEachOps.java:183)
	at java.util.stream.ReferencePipeline$3$1.accept(ReferencePipeline.java:193)
	at java.util.Iterator.forEachRemaining(Iterator.java:116)
	at java.util.Spliterators$IteratorSpliterator.forEachRemaining(Spliterators.java:1801)
	at java.util.stream.AbstractPipeline.copyInto(AbstractPipeline.java:482)
	at java.util.stream.AbstractPipeline.wrapAndCopyInto(AbstractPipeline.java:472)
	at java.util.stream.ForEachOps$ForEachOp.evaluateSequential(ForEachOps.java:150)
	at java.util.stream.ForEachOps$ForEachOp$OfRef.evaluateSequential(ForEachOps.java:173)
	at java.util.stream.AbstractPipeline.evaluate(AbstractPipeline.java:234)
	at java.util.stream.ReferencePipeline.forEach(ReferencePipeline.java:485)
	at org.junit.vintage.engine.VintageTestEngine.executeAllChildren(VintageTestEngine.java:82)
	at org.junit.vintage.engine.VintageTestEngine.execute(VintageTestEngine.java:73)
	at org.junit.platform.launcher.core.DefaultLauncher.execute(DefaultLauncher.java:248)
	at org.junit.platform.launcher.core.DefaultLauncher.lambda$execute$5(DefaultLauncher.java:211)
	at org.junit.platform.launcher.core.DefaultLauncher.withInterceptedStreams(DefaultLauncher.java:226)
	at org.junit.platform.launcher.core.DefaultLauncher.execute(DefaultLauncher.java:199)
	at org.junit.platform.launcher.core.DefaultLauncher.execute(DefaultLauncher.java:132)
	at org.apache.maven.surefire.junitplatform.JUnitPlatformProvider.invokeAllTests(JUnitPlatformProvider.java:154)
	at org.apache.maven.surefire.junitplatform.JUnitPlatformProvider.invoke(JUnitPlatformProvider.java:123)
	at org.apache.maven.surefire.booter.ForkedBooter.runSuitesInProcess(ForkedBooter.java:377)
	at org.apache.maven.surefire.booter.ForkedBooter.execute(ForkedBooter.java:138)
	at org.apache.maven.surefire.booter.ForkedBooter.run(ForkedBooter.java:465)
	at org.apache.maven.surefire.booter.ForkedBooter.main(ForkedBooter.java:451)
]]></error>
    <system-err><![CDATA[SLF4J: Class path contains multiple SLF4J bindings.
SLF4J: Found binding in [jar:file:/home/alex/.m2/repository/org/apache/logging/log4j/log4j-slf4j-impl/2.13.2/log4j-slf4j-impl-2.13.2.jar!/org/slf4j/impl/StaticLoggerBinder.class]
SLF4J: Found binding in [jar:file:/home/alex/.m2/repository/org/slf4j/slf4j-simple/1.7.27/slf4j-simple-1.7.27.jar!/org/slf4j/impl/StaticLoggerBinder.class]
SLF4J: See http://www.slf4j.org/codes.html#multiple_bindings for an explanation.
SLF4J: Actual binding is of type [org.apache.logging.slf4j.Log4jLoggerFactory]
DEBUG StatusLogger Using ShutdownCallbackRegistry class org.apache.logging.log4j.core.util.DefaultShutdownCallbackRegistry
DEBUG StatusLogger Took 0,092024 seconds to load 250 plugins from sun.misc.Launcher$AppClassLoader@330bedb4
DEBUG StatusLogger PluginManager 'Converter' found 46 plugins
DEBUG StatusLogger Starting OutputStreamManager SYSTEM_OUT.false.false-1
DEBUG StatusLogger Starting LoggerContext[name=330bedb4, org.apache.logging.log4j.core.LoggerContext@6fa51cd4]...
DEBUG StatusLogger Reconfiguration started for context[name=330bedb4] at URI null (org.apache.logging.log4j.core.LoggerContext@6fa51cd4) with optional ClassLoader: null
DEBUG StatusLogger PluginManager 'ConfigurationFactory' found 6 plugins
DEBUG StatusLogger Using configurationFactory org.apache.logging.log4j.core.config.ConfigurationFactory$Factory@25be7b63
DEBUG StatusLogger Apache Log4j Core 2.13.2 initializing configuration org.apache.logging.log4j.core.config.properties.PropertiesConfiguration@6a8658ff
DEBUG StatusLogger Installed 2 script engines
DEBUG StatusLogger Oracle Nashorn version: 1.8.0_402, language: ECMAScript, threading: Not Thread Safe, compile: true, names: [nashorn, Nashorn, js, JS, JavaScript, javascript, ECMAScript, ecmascript], factory class: jdk.nashorn.api.scripting.NashornScriptEngineFactory
DEBUG StatusLogger Groovy Scripting Engine version: 2.0, language: Groovy, threading: MULTITHREADED, compile: true, names: [groovy, Groovy], factory class: org.codehaus.groovy.jsr223.GroovyScriptEngineFactory
INFO StatusLogger Scanning for classes in '/home/alex/Repositories/hive/common/target/classes/org/apache/hadoop/hive/ql/log' matching criteria annotated with @Plugin
DEBUG StatusLogger Checking to see if class org.apache.hadoop.hive.ql.log.PerfLogger matches criteria annotated with @Plugin
INFO StatusLogger Scanning for classes in '/home/alex/Repositories/hive/ql/target/test-classes/org/apache/hadoop/hive/ql/log' matching criteria annotated with @Plugin
DEBUG StatusLogger Checking to see if class org.apache.hadoop.hive.ql.log.TestLog4j2Appenders matches criteria annotated with @Plugin
DEBUG StatusLogger Checking to see if class org.apache.hadoop.hive.ql.log.TestSlidingFilenameRolloverStrategy matches criteria annotated with @Plugin
DEBUG StatusLogger Checking to see if class org.apache.hadoop.hive.ql.log.TestSyslogInputFormat matches criteria annotated with @Plugin
INFO StatusLogger Scanning for classes in '/home/alex/Repositories/hive/ql/target/classes/org/apache/hadoop/hive/ql/log' matching criteria annotated with @Plugin
DEBUG StatusLogger Checking to see if class org.apache.hadoop.hive.ql.log.HushableRandomAccessFileAppender$1 matches criteria annotated with @Plugin
DEBUG StatusLogger Checking to see if class org.apache.hadoop.hive.ql.log.HushableRandomAccessFileAppender matches criteria annotated with @Plugin
DEBUG StatusLogger Checking to see if class org.apache.hadoop.hive.ql.log.LogDivertAppenderForTest$TestFilter matches criteria annotated with @Plugin
DEBUG StatusLogger Checking to see if class org.apache.hadoop.hive.ql.log.SlidingFilenameRolloverStrategy$1 matches criteria annotated with @Plugin
DEBUG StatusLogger Checking to see if class org.apache.hadoop.hive.ql.log.NullAppender matches criteria annotated with @Plugin
DEBUG StatusLogger Checking to see if class org.apache.hadoop.hive.ql.log.PidFilePatternConverter matches criteria annotated with @Plugin
DEBUG StatusLogger Checking to see if class org.apache.hadoop.hive.ql.log.HiveEventCounter matches criteria annotated with @Plugin
DEBUG StatusLogger Checking to see if class org.apache.hadoop.hive.ql.log.LogDivertAppender matches criteria annotated with @Plugin
DEBUG StatusLogger Checking to see if class org.apache.hadoop.hive.ql.log.LogDivertAppender$NameFilter matches criteria annotated with @Plugin
DEBUG StatusLogger Checking to see if class org.apache.hadoop.hive.ql.log.SlidingFilenameRolloverStrategy matches criteria annotated with @Plugin
DEBUG StatusLogger Checking to see if class org.apache.hadoop.hive.ql.log.HiveEventCounter$1 matches criteria annotated with @Plugin
DEBUG StatusLogger Checking to see if class org.apache.hadoop.hive.ql.log.syslog.SyslogSerDe matches criteria annotated with @Plugin
DEBUG StatusLogger Checking to see if class org.apache.hadoop.hive.ql.log.syslog.SyslogStorageHandler matches criteria annotated with @Plugin
DEBUG StatusLogger Checking to see if class org.apache.hadoop.hive.ql.log.syslog.SyslogInputFormat matches criteria annotated with @Plugin
DEBUG StatusLogger Checking to see if class org.apache.hadoop.hive.ql.log.syslog.SyslogInputFormat$Location matches criteria annotated with @Plugin
DEBUG StatusLogger Checking to see if class org.apache.hadoop.hive.ql.log.syslog.SyslogParser matches criteria annotated with @Plugin
DEBUG StatusLogger Checking to see if class org.apache.hadoop.hive.ql.log.LogDivertAppenderForTest matches criteria annotated with @Plugin
DEBUG StatusLogger Checking to see if class org.apache.hadoop.hive.ql.log.HiveEventCounter$EventCounts matches criteria annotated with @Plugin
DEBUG StatusLogger Took 0,043090 seconds to load 7 plugins from package org.apache.hadoop.hive.ql.log
DEBUG StatusLogger PluginManager 'Core' found 132 plugins
DEBUG StatusLogger PluginManager 'Level' found 0 plugins
DEBUG StatusLogger Building Plugin[name=property, class=org.apache.logging.log4j.core.config.Property].
TRACE StatusLogger TypeConverterRegistry initializing.
DEBUG StatusLogger PluginManager 'TypeConverter' found 26 plugins
DEBUG StatusLogger createProperty(name="hive.log.file", value="hive.log")
DEBUG StatusLogger Building Plugin[name=property, class=org.apache.logging.log4j.core.config.Property].
DEBUG StatusLogger createProperty(name="hive.log.dir", value="/home/alex/Repositories/hive/beeline/target/tmp/log")
DEBUG StatusLogger Building Plugin[name=property, class=org.apache.logging.log4j.core.config.Property].
DEBUG StatusLogger createProperty(name="hive.root.logger", value="DRFA")
DEBUG StatusLogger Building Plugin[name=property, class=org.apache.logging.log4j.core.config.Property].
DEBUG StatusLogger createProperty(name="hive.log.level", value="DEBUG")
DEBUG StatusLogger Building Plugin[name=property, class=org.apache.logging.log4j.core.config.Property].
DEBUG StatusLogger createProperty(name="hive.test.console.log.level", value="INFO")
DEBUG StatusLogger Building Plugin[name=properties, class=org.apache.logging.log4j.core.config.PropertiesPlugin].
DEBUG StatusLogger configureSubstitutor(={hive.log.file=hive.log, hive.log.dir=/home/alex/Repositories/hive/beeline/target/tmp/log, hive.root.logger=DRFA, hive.log.level=DEBUG, hive.test.console.log.level=INFO}, Configuration(HiveLog4j2Test))
DEBUG StatusLogger PluginManager 'Lookup' found 17 plugins
DEBUG StatusLogger Building Plugin[name=logger, class=org.apache.logging.log4j.core.config.LoggerConfig].
DEBUG StatusLogger createLogger(additivity="true", level="WARN", name="org.apache.hadoop.ipc", includeLocation="null", ={}, ={}, Configuration(HiveLog4j2Test), Filter=null)
DEBUG StatusLogger Building Plugin[name=logger, class=org.apache.logging.log4j.core.config.LoggerConfig].
DEBUG StatusLogger createLogger(additivity="true", level="INFO", name="org.apache.hadoop.security", includeLocation="null", ={}, ={}, Configuration(HiveLog4j2Test), Filter=null)
DEBUG StatusLogger Building Plugin[name=logger, class=org.apache.logging.log4j.core.config.LoggerConfig].
DEBUG StatusLogger createLogger(additivity="true", level="INFO", name="org.apache.hadoop.hdfs", includeLocation="null", ={}, ={}, Configuration(HiveLog4j2Test), Filter=null)
DEBUG StatusLogger Building Plugin[name=logger, class=org.apache.logging.log4j.core.config.LoggerConfig].
DEBUG StatusLogger createLogger(additivity="true", level="WARN", name="org.apache.hadoop.hdfs.server", includeLocation="null", ={}, ={}, Configuration(HiveLog4j2Test), Filter=null)
DEBUG StatusLogger Building Plugin[name=logger, class=org.apache.logging.log4j.core.config.LoggerConfig].
DEBUG StatusLogger createLogger(additivity="true", level="INFO", name="org.apache.hadoop.metrics2", includeLocation="null", ={}, ={}, Configuration(HiveLog4j2Test), Filter=null)
DEBUG StatusLogger Building Plugin[name=logger, class=org.apache.logging.log4j.core.config.LoggerConfig].
DEBUG StatusLogger createLogger(additivity="true", level="INFO", name="org.mortbay", includeLocation="null", ={}, ={}, Configuration(HiveLog4j2Test), Filter=null)
DEBUG StatusLogger Building Plugin[name=logger, class=org.apache.logging.log4j.core.config.LoggerConfig].
DEBUG StatusLogger createLogger(additivity="true", level="INFO", name="org.apache.hadoop.yarn", includeLocation="null", ={}, ={}, Configuration(HiveLog4j2Test), Filter=null)
DEBUG StatusLogger Building Plugin[name=logger, class=org.apache.logging.log4j.core.config.LoggerConfig].
DEBUG StatusLogger createLogger(additivity="true", level="WARN", name="org.apache.hadoop.yarn.server", includeLocation="null", ={}, ={}, Configuration(HiveLog4j2Test), Filter=null)
DEBUG StatusLogger Building Plugin[name=logger, class=org.apache.logging.log4j.core.config.LoggerConfig].
DEBUG StatusLogger createLogger(additivity="true", level="INFO", name="org.apache.tez", includeLocation="null", ={}, ={}, Configuration(HiveLog4j2Test), Filter=null)
DEBUG StatusLogger Building Plugin[name=logger, class=org.apache.logging.log4j.core.config.LoggerConfig].
DEBUG StatusLogger createLogger(additivity="true", level="ERROR", name="org.apache.hadoop.conf.Configuration", includeLocation="null", ={}, ={}, Configuration(HiveLog4j2Test), Filter=null)
DEBUG StatusLogger Building Plugin[name=logger, class=org.apache.logging.log4j.core.config.LoggerConfig].
DEBUG StatusLogger createLogger(additivity="true", level="INFO", name="org.apache.zookeeper", includeLocation="null", ={}, ={}, Configuration(HiveLog4j2Test), Filter=null)
DEBUG StatusLogger Building Plugin[name=logger, class=org.apache.logging.log4j.core.config.LoggerConfig].
DEBUG StatusLogger createLogger(additivity="true", level="WARN", name="org.apache.zookeeper.server.ServerCnxn", includeLocation="null", ={}, ={}, Configuration(HiveLog4j2Test), Filter=null)
DEBUG StatusLogger Building Plugin[name=logger, class=org.apache.logging.log4j.core.config.LoggerConfig].
DEBUG StatusLogger createLogger(additivity="true", level="WARN", name="org.apache.zookeeper.server.NIOServerCnxn", includeLocation="null", ={}, ={}, Configuration(HiveLog4j2Test), Filter=null)
DEBUG StatusLogger Building Plugin[name=logger, class=org.apache.logging.log4j.core.config.LoggerConfig].
DEBUG StatusLogger createLogger(additivity="true", level="WARN", name="org.apache.zookeeper.ClientCnxn", includeLocation="null", ={}, ={}, Configuration(HiveLog4j2Test), Filter=null)
DEBUG StatusLogger Building Plugin[name=logger, class=org.apache.logging.log4j.core.config.LoggerConfig].
DEBUG StatusLogger createLogger(additivity="true", level="WARN", name="org.apache.zookeeper.ClientCnxnSocket", includeLocation="null", ={}, ={}, Configuration(HiveLog4j2Test), Filter=null)
DEBUG StatusLogger Building Plugin[name=logger, class=org.apache.logging.log4j.core.config.LoggerConfig].
DEBUG StatusLogger createLogger(additivity="true", level="WARN", name="org.apache.zookeeper.ClientCnxnSocketNIO", includeLocation="null", ={}, ={}, Configuration(HiveLog4j2Test), Filter=null)
DEBUG StatusLogger Building Plugin[name=logger, class=org.apache.logging.log4j.core.config.LoggerConfig].
DEBUG StatusLogger createLogger(additivity="true", level="ERROR", name="DataNucleus", includeLocation="null", ={}, ={}, Configuration(HiveLog4j2Test), Filter=null)
DEBUG StatusLogger Building Plugin[name=logger, class=org.apache.logging.log4j.core.config.LoggerConfig].
DEBUG StatusLogger createLogger(additivity="true", level="ERROR", name="Datastore", includeLocation="null", ={}, ={}, Configuration(HiveLog4j2Test), Filter=null)
DEBUG StatusLogger Building Plugin[name=logger, class=org.apache.logging.log4j.core.config.LoggerConfig].
DEBUG StatusLogger createLogger(additivity="true", level="ERROR", name="JPOX", includeLocation="null", ={}, ={}, Configuration(HiveLog4j2Test), Filter=null)
DEBUG StatusLogger Building Plugin[name=logger, class=org.apache.logging.log4j.core.config.LoggerConfig].
DEBUG StatusLogger createLogger(additivity="true", level="INFO", name="org.apache.hadoop.hive.ql.exec.Operator", includeLocation="null", ={}, ={}, Configuration(HiveLog4j2Test), Filter=null)
DEBUG StatusLogger Building Plugin[name=logger, class=org.apache.logging.log4j.core.config.LoggerConfig].
DEBUG StatusLogger createLogger(additivity="true", level="INFO", name="org.apache.hadoop.hive.serde2.lazy", includeLocation="null", ={}, ={}, Configuration(HiveLog4j2Test), Filter=null)
DEBUG StatusLogger Building Plugin[name=logger, class=org.apache.logging.log4j.core.config.LoggerConfig].
DEBUG StatusLogger createLogger(additivity="true", level="INFO", name="org.apache.hadoop.hive.metastore.ObjectStore", includeLocation="null", ={}, ={}, Configuration(HiveLog4j2Test), Filter=null)
DEBUG StatusLogger Building Plugin[name=logger, class=org.apache.logging.log4j.core.config.LoggerConfig].
DEBUG StatusLogger createLogger(additivity="true", level="INFO", name="org.apache.calcite.plan.RelOptPlanner", includeLocation="null", ={}, ={}, Configuration(HiveLog4j2Test), Filter=null)
DEBUG StatusLogger Building Plugin[name=logger, class=org.apache.logging.log4j.core.config.LoggerConfig].
DEBUG StatusLogger createLogger(additivity="true", level="INFO", name="com.amazonaws", includeLocation="null", ={}, ={}, Configuration(HiveLog4j2Test), Filter=null)
DEBUG StatusLogger Building Plugin[name=logger, class=org.apache.logging.log4j.core.config.LoggerConfig].
DEBUG StatusLogger createLogger(additivity="true", level="INFO", name="org.apache.http", includeLocation="null", ={}, ={}, Configuration(HiveLog4j2Test), Filter=null)
DEBUG StatusLogger Building Plugin[name=logger, class=org.apache.logging.log4j.core.config.LoggerConfig].
DEBUG StatusLogger createLogger(additivity="true", level="WARN", name="org.apache.thrift", includeLocation="null", ={}, ={}, Configuration(HiveLog4j2Test), Filter=null)
DEBUG StatusLogger Building Plugin[name=logger, class=org.apache.logging.log4j.core.config.LoggerConfig].
DEBUG StatusLogger createLogger(additivity="true", level="WARN", name="org.eclipse.jetty", includeLocation="null", ={}, ={}, Configuration(HiveLog4j2Test), Filter=null)
DEBUG StatusLogger Building Plugin[name=logger, class=org.apache.logging.log4j.core.config.LoggerConfig].
DEBUG StatusLogger createLogger(additivity="true", level="WARN", name="BlockStateChange", includeLocation="null", ={}, ={}, Configuration(HiveLog4j2Test), Filter=null)
DEBUG StatusLogger Building Plugin[name=logger, class=org.apache.logging.log4j.core.config.LoggerConfig].
DEBUG StatusLogger createLogger(additivity="true", level="DEBUG", name="org.apache.hadoop.hive.ql.optimizer.SharedWorkOptimizer", includeLocation="null", ={}, ={}, Configuration(HiveLog4j2Test), Filter=null)
DEBUG StatusLogger Building Plugin[name=AppenderRef, class=org.apache.logging.log4j.core.config.AppenderRef].
DEBUG StatusLogger createAppenderRef(ref="console", level="INFO", Filter=null)
DEBUG StatusLogger Building Plugin[name=AppenderRef, class=org.apache.logging.log4j.core.config.AppenderRef].
DEBUG StatusLogger createAppenderRef(ref="DRFA", level="null", Filter=null)
DEBUG StatusLogger Building Plugin[name=root, class=org.apache.logging.log4j.core.config.LoggerConfig$RootLogger].
DEBUG StatusLogger createLogger(additivity="null", level="DEBUG", includeLocation="null", ={console, DRFA}, ={}, Configuration(HiveLog4j2Test), Filter=null)
DEBUG StatusLogger Building Plugin[name=loggers, class=org.apache.logging.log4j.core.config.LoggersPlugin].
DEBUG StatusLogger createLoggers(={org.apache.hadoop.ipc, org.apache.hadoop.security, org.apache.hadoop.hdfs, org.apache.hadoop.hdfs.server, org.apache.hadoop.metrics2, org.mortbay, org.apache.hadoop.yarn, org.apache.hadoop.yarn.server, org.apache.tez, org.apache.hadoop.conf.Configuration, org.apache.zookeeper, org.apache.zookeeper.server.ServerCnxn, org.apache.zookeeper.server.NIOServerCnxn, org.apache.zookeeper.ClientCnxn, org.apache.zookeeper.ClientCnxnSocket, org.apache.zookeeper.ClientCnxnSocketNIO, DataNucleus, Datastore, JPOX, org.apache.hadoop.hive.ql.exec.Operator, org.apache.hadoop.hive.serde2.lazy, org.apache.hadoop.hive.metastore.ObjectStore, org.apache.calcite.plan.RelOptPlanner, com.amazonaws, org.apache.http, org.apache.thrift, org.eclipse.jetty, BlockStateChange, org.apache.hadoop.hive.ql.optimizer.SharedWorkOptimizer, root})
DEBUG StatusLogger Building Plugin[name=layout, class=org.apache.logging.log4j.core.layout.PatternLayout].
DEBUG StatusLogger PatternLayout$Builder(Configuration(HiveLog4j2Test), PatternSelector=null, alwaysWriteExceptions="null", Replace=null, pattern="%d{ISO8601} %5p [%t] %c{2}: %m%n", footer="null", charset="null", noConsoleNoAnsi="null", disableAnsi="null", header="null")
DEBUG StatusLogger PluginManager 'Converter' found 46 plugins
DEBUG StatusLogger Building Plugin[name=appender, class=org.apache.logging.log4j.core.appender.ConsoleAppender].
DEBUG StatusLogger ConsoleAppender$Builder(target="SYSTEM_ERR", follow="null", direct="null", bufferSize="null", bufferedIo="null", immediateFlush="null", PatternLayout(%d{ISO8601} %5p [%t] %c{2}: %m%n), ignoreExceptions="null", Configuration(HiveLog4j2Test), name="console", Filter=null, ={})
DEBUG StatusLogger Starting OutputStreamManager SYSTEM_ERR.false.false
DEBUG StatusLogger Building Plugin[name=layout, class=org.apache.logging.log4j.core.layout.PatternLayout].
DEBUG StatusLogger PatternLayout$Builder(charset="null", PatternSelector=null, noConsoleNoAnsi="null", Replace=null, footer="null", Configuration(HiveLog4j2Test), disableAnsi="null", alwaysWriteExceptions="null", header="null", pattern="%d{ISO8601} %5p [%t] %c{2}: %m%n")
DEBUG StatusLogger Building Plugin[name=TimeBasedTriggeringPolicy, class=org.apache.logging.log4j.core.appender.rolling.TimeBasedTriggeringPolicy].
DEBUG StatusLogger TimeBasedTriggeringPolicy$Builder(maxRandomDelay="null", interval="1", modulate="true")
DEBUG StatusLogger Building Plugin[name=Policies, class=org.apache.logging.log4j.core.appender.rolling.CompositeTriggeringPolicy].
DEBUG StatusLogger createPolicy(={TimeBasedTriggeringPolicy(nextRolloverMillis=0, interval=1, modulate=true)})
DEBUG StatusLogger Building Plugin[name=DefaultRolloverStrategy, class=org.apache.logging.log4j.core.appender.rolling.DefaultRolloverStrategy].
DEBUG StatusLogger DefaultRolloverStrategy$Builder(max="30", Configuration(HiveLog4j2Test), fileIndex="null", min="null", ={}, compressionLevel="null", stopCustomActionsOnError="null", tempCompressedFilePattern="null")
DEBUG StatusLogger Building Plugin[name=appender, class=org.apache.logging.log4j.core.appender.RollingRandomAccessFileAppender].
DEBUG StatusLogger RollingRandomAccessFileAppender$Builder(filePermissions="null", filePattern="/home/alex/Repositories/hive/beeline/target/tmp/log/hive.log.%d{yyyy-MM-dd}", DefaultRolloverStrategy(DefaultRolloverStrategy(min=1, max=30, useMax=true)), fileName="/home/alex/Repositories/hive/beeline/target/tmp/log/hive.log", advertise="null", append="null", Policies(CompositeTriggeringPolicy(policies=[TimeBasedTriggeringPolicy(nextRolloverMillis=0, interval=1, modulate=true)])), fileOwner="null", fileGroup="null", advertiseURI="null", bufferSize="null", bufferedIo="null", immediateFlush="null", Configuration(HiveLog4j2Test), name="DRFA", ignoreExceptions="null", PatternLayout(%d{ISO8601} %5p [%t] %c{2}: %m%n), Filter=null, ={})
TRACE StatusLogger RandomAccessFile /home/alex/Repositories/hive/beeline/target/tmp/log/hive.log seek to 3075564
DEBUG StatusLogger Starting RollingRandomAccessFileManager /home/alex/Repositories/hive/beeline/target/tmp/log/hive.log
DEBUG StatusLogger PluginManager 'FileConverter' found 3 plugins
DEBUG StatusLogger Setting prev file time to 2024-04-24T08:08:32.643-0700
DEBUG StatusLogger Initializing triggering policy CompositeTriggeringPolicy(policies=[TimeBasedTriggeringPolicy(nextRolloverMillis=0, interval=1, modulate=true)])
DEBUG StatusLogger Initializing triggering policy TimeBasedTriggeringPolicy(nextRolloverMillis=0, interval=1, modulate=true)
TRACE StatusLogger PatternProcessor.getNextTime returning 2024/04/25-00:00:00.000, nextFileTime=2024/04/24-00:00:00.000, prevFileTime=1969/12/31-16:00:00.000, current=2024/04/24-08:08:36.465, freq=DAILY
TRACE StatusLogger PatternProcessor.getNextTime returning 2024/04/25-00:00:00.000, nextFileTime=2024/04/24-00:00:00.000, prevFileTime=2024/04/24-00:00:00.000, current=2024/04/24-08:08:36.466, freq=DAILY
DEBUG StatusLogger Building Plugin[name=appenders, class=org.apache.logging.log4j.core.config.AppendersPlugin].
DEBUG StatusLogger createAppenders(={console, DRFA})
DEBUG StatusLogger Configuration org.apache.logging.log4j.core.config.properties.PropertiesConfiguration@6a8658ff initialized
DEBUG StatusLogger Starting configuration org.apache.logging.log4j.core.config.properties.PropertiesConfiguration@6a8658ff
DEBUG StatusLogger Started configuration org.apache.logging.log4j.core.config.properties.PropertiesConfiguration@6a8658ff OK.
TRACE StatusLogger Stopping org.apache.logging.log4j.core.config.DefaultConfiguration@1757cd72...
TRACE StatusLogger DefaultConfiguration notified 1 ReliabilityStrategies that config will be stopped.
TRACE StatusLogger DefaultConfiguration stopping root LoggerConfig.
TRACE StatusLogger DefaultConfiguration notifying ReliabilityStrategies that appenders will be stopped.
TRACE StatusLogger DefaultConfiguration stopping remaining Appenders.
DEBUG StatusLogger Shutting down OutputStreamManager SYSTEM_OUT.false.false-1
DEBUG StatusLogger OutputStream closed
DEBUG StatusLogger Shut down OutputStreamManager SYSTEM_OUT.false.false-1, all resources released: true
DEBUG StatusLogger Appender DefaultConsole-1 stopped with status true
TRACE StatusLogger DefaultConfiguration stopped 1 remaining Appenders.
TRACE StatusLogger DefaultConfiguration cleaning Appenders from 1 LoggerConfigs.
DEBUG StatusLogger Stopped org.apache.logging.log4j.core.config.DefaultConfiguration@1757cd72 OK
TRACE StatusLogger Reregistering MBeans after reconfigure. Selector=org.apache.logging.log4j.core.selector.ClassLoaderContextSelector@56e8b606
TRACE StatusLogger Reregistering context (1/1): '330bedb4' org.apache.logging.log4j.core.LoggerContext@6fa51cd4
TRACE StatusLogger Unregistering but no MBeans found matching 'org.apache.logging.log4j2:type=330bedb4'
TRACE StatusLogger Unregistering but no MBeans found matching 'org.apache.logging.log4j2:type=330bedb4,component=StatusLogger'
TRACE StatusLogger Unregistering but no MBeans found matching 'org.apache.logging.log4j2:type=330bedb4,component=ContextSelector'
TRACE StatusLogger Unregistering but no MBeans found matching 'org.apache.logging.log4j2:type=330bedb4,component=Loggers,name=*'
TRACE StatusLogger Unregistering but no MBeans found matching 'org.apache.logging.log4j2:type=330bedb4,component=Appenders,name=*'
TRACE StatusLogger Unregistering but no MBeans found matching 'org.apache.logging.log4j2:type=330bedb4,component=AsyncAppenders,name=*'
TRACE StatusLogger Unregistering but no MBeans found matching 'org.apache.logging.log4j2:type=330bedb4,component=AsyncLoggerRingBuffer'
TRACE StatusLogger Unregistering but no MBeans found matching 'org.apache.logging.log4j2:type=330bedb4,component=Loggers,name=*,subtype=RingBuffer'
DEBUG StatusLogger Registering MBean org.apache.logging.log4j2:type=330bedb4
DEBUG StatusLogger Registering MBean org.apache.logging.log4j2:type=330bedb4,component=StatusLogger
DEBUG StatusLogger Registering MBean org.apache.logging.log4j2:type=330bedb4,component=ContextSelector
DEBUG StatusLogger Registering MBean org.apache.logging.log4j2:type=330bedb4,component=Loggers,name=Datastore
DEBUG StatusLogger Registering MBean org.apache.logging.log4j2:type=330bedb4,component=Loggers,name=org.apache.hadoop.hive.metastore.ObjectStore
DEBUG StatusLogger Registering MBean org.apache.logging.log4j2:type=330bedb4,component=Loggers,name=org.apache.hadoop.ipc
DEBUG StatusLogger Registering MBean org.apache.logging.log4j2:type=330bedb4,component=Loggers,name=com.amazonaws
DEBUG StatusLogger Registering MBean org.apache.logging.log4j2:type=330bedb4,component=Loggers,name=org.apache.thrift
DEBUG StatusLogger Registering MBean org.apache.logging.log4j2:type=330bedb4,component=Loggers,name=org.apache.hadoop.metrics2
DEBUG StatusLogger Registering MBean org.apache.logging.log4j2:type=330bedb4,component=Loggers,name=org.apache.zookeeper.ClientCnxn
DEBUG StatusLogger Registering MBean org.apache.logging.log4j2:type=330bedb4,component=Loggers,name=org.apache.zookeeper.ClientCnxnSocket
DEBUG StatusLogger Registering MBean org.apache.logging.log4j2:type=330bedb4,component=Loggers,name=org.apache.hadoop.conf.Configuration
DEBUG StatusLogger Registering MBean org.apache.logging.log4j2:type=330bedb4,component=Loggers,name=org.apache.hadoop.yarn
DEBUG StatusLogger Registering MBean org.apache.logging.log4j2:type=330bedb4,component=Loggers,name=org.apache.zookeeper.ClientCnxnSocketNIO
DEBUG StatusLogger Registering MBean org.apache.logging.log4j2:type=330bedb4,component=Loggers,name=org.apache.zookeeper
DEBUG StatusLogger Registering MBean org.apache.logging.log4j2:type=330bedb4,component=Loggers,name=org.apache.hadoop.security
DEBUG StatusLogger Registering MBean org.apache.logging.log4j2:type=330bedb4,component=Loggers,name=JPOX
DEBUG StatusLogger Registering MBean org.apache.logging.log4j2:type=330bedb4,component=Loggers,name=org.apache.calcite.plan.RelOptPlanner
DEBUG StatusLogger Registering MBean org.apache.logging.log4j2:type=330bedb4,component=Loggers,name=org.apache.hadoop.yarn.server
DEBUG StatusLogger Registering MBean org.apache.logging.log4j2:type=330bedb4,component=Loggers,name=org.apache.hadoop.hive.ql.exec.Operator
DEBUG StatusLogger Registering MBean org.apache.logging.log4j2:type=330bedb4,component=Loggers,name=org.apache.zookeeper.server.NIOServerCnxn
DEBUG StatusLogger Registering MBean org.apache.logging.log4j2:type=330bedb4,component=Loggers,name=org.apache.hadoop.hdfs.server
DEBUG StatusLogger Registering MBean org.apache.logging.log4j2:type=330bedb4,component=Loggers,name=org.apache.hadoop.hive.serde2.lazy
DEBUG StatusLogger Registering MBean org.apache.logging.log4j2:type=330bedb4,component=Loggers,name=
DEBUG StatusLogger Registering MBean org.apache.logging.log4j2:type=330bedb4,component=Loggers,name=org.eclipse.jetty
DEBUG StatusLogger Registering MBean org.apache.logging.log4j2:type=330bedb4,component=Loggers,name=BlockStateChange
DEBUG StatusLogger Registering MBean org.apache.logging.log4j2:type=330bedb4,component=Loggers,name=org.apache.http
DEBUG StatusLogger Registering MBean org.apache.logging.log4j2:type=330bedb4,component=Loggers,name=org.apache.tez
DEBUG StatusLogger Registering MBean org.apache.logging.log4j2:type=330bedb4,component=Loggers,name=org.mortbay
DEBUG StatusLogger Registering MBean org.apache.logging.log4j2:type=330bedb4,component=Loggers,name=org.apache.hadoop.hdfs
DEBUG StatusLogger Registering MBean org.apache.logging.log4j2:type=330bedb4,component=Loggers,name=org.apache.zookeeper.server.ServerCnxn
DEBUG StatusLogger Registering MBean org.apache.logging.log4j2:type=330bedb4,component=Loggers,name=org.apache.hadoop.hive.ql.optimizer.SharedWorkOptimizer
DEBUG StatusLogger Registering MBean org.apache.logging.log4j2:type=330bedb4,component=Loggers,name=DataNucleus
DEBUG StatusLogger Registering MBean org.apache.logging.log4j2:type=330bedb4,component=Appenders,name=console
DEBUG StatusLogger Registering MBean org.apache.logging.log4j2:type=330bedb4,component=Appenders,name=DRFA
TRACE StatusLogger Using default SystemClock for timestamps.
DEBUG StatusLogger org.apache.logging.log4j.core.util.SystemClock does not support precise timestamps.
TRACE StatusLogger Using DummyNanoClock for nanosecond timestamps.
DEBUG StatusLogger Reconfiguration complete for context[name=330bedb4] at URI /home/alex/Repositories/hive/beeline/target/testconf/hive-log4j2.properties (org.apache.logging.log4j.core.LoggerContext@6fa51cd4) with optional ClassLoader: null
DEBUG StatusLogger Shutdown hook enabled. Registering a new one.
DEBUG StatusLogger LoggerContext[name=330bedb4, org.apache.logging.log4j.core.LoggerContext@6fa51cd4] started OK.
2024-04-24T08:08:36,600  INFO [main] conf.HiveConf: Found configuration file file:/home/alex/Repositories/hive/beeline/target/test-classes/hive-site.xml
DEBUG StatusLogger AsyncLogger.ThreadNameStrategy=UNCACHED (user specified null, default is UNCACHED)
TRACE StatusLogger Using default SystemClock for timestamps.
DEBUG StatusLogger org.apache.logging.log4j.core.util.SystemClock does not support precise timestamps.
2024-04-24T08:08:37,114  WARN [main] util.NativeCodeLoader: Unable to load native-hadoop library for your platform... using builtin-java classes where applicable
2024-04-24T08:08:37,190  WARN [main] conf.HiveConf: HiveConf of name hive.dummyparam.test.server.specific.config.override does not exist
2024-04-24T08:08:37,191  WARN [main] conf.HiveConf: HiveConf of name hive.dummyparam.test.server.specific.config.metastoresite does not exist
Connecting to jdbc:hive2://
2024-04-24T08:08:37,710  WARN [main] conf.HiveConf: HiveConf of name hive.dummyparam.test.server.specific.config.override does not exist
2024-04-24T08:08:37,711  WARN [main] conf.HiveConf: HiveConf of name hive.dummyparam.test.server.specific.config.hiveserver2site does not exist
2024-04-24T08:08:37,712  WARN [main] conf.HiveConf: HiveConf of name hive.dummyparam.test.server.specific.config.metastoresite does not exist
Hive Session ID = e0195ffe-457a-4e28-8c79-dcb4a47cbdd8
2024-04-24T08:08:37,766  INFO [main] SessionState: Hive Session ID = e0195ffe-457a-4e28-8c79-dcb4a47cbdd8
ivysettings.xml file not found in HIVE_HOME or HIVE_CONF_DIR,/home/alex/Repositories/hive/conf/ivysettings.xml will be used
2024-04-24T08:08:37,788  INFO [main] DependencyResolver: ivysettings.xml file not found in HIVE_HOME or HIVE_CONF_DIR,/home/alex/Repositories/hive/conf/ivysettings.xml will be used
2024-04-24T08:08:38,109  INFO [main] session.SessionState: Created HDFS directory: /tmp/hive/alex/e0195ffe-457a-4e28-8c79-dcb4a47cbdd8
2024-04-24T08:08:38,112  INFO [main] session.SessionState: Created local directory: /home/alex/Repositories/hive/beeline/target/tmp/alex/e0195ffe-457a-4e28-8c79-dcb4a47cbdd8
2024-04-24T08:08:38,116  INFO [main] session.SessionState: Created HDFS directory: /tmp/hive/alex/e0195ffe-457a-4e28-8c79-dcb4a47cbdd8/_tmp_space.db
2024-04-24T08:08:38,144  INFO [main] sqlstd.SQLStdHiveAccessController: Created SQLStdHiveAccessController for session context : HiveAuthzSessionContext [sessionString=e0195ffe-457a-4e28-8c79-dcb4a47cbdd8, clientType=HIVESERVER2]
2024-04-24T08:08:38,258  INFO [main] metastore.HiveMetaStoreClient: HMS client filtering is enabled.
2024-04-24T08:08:38,443  INFO [main] metastore.HMSHandler: 0: Opening raw store with implementation class:org.apache.hadoop.hive.metastore.ObjectStore
2024-04-24T08:08:38,481  INFO [main] metastore.PersistenceManagerProvider: Configuration datanucleus.autoStartMechanismMode is not set. Defaulting to 'ignored'
2024-04-24T08:08:38,490  INFO [main] metastore.PersistenceManagerProvider: Updating the pmf due to property change
2024-04-24T08:08:38,490  INFO [main] metastore.PersistenceManagerProvider: Current pmf properties are uninitialized
2024-04-24T08:08:38,513  WARN [main] hikari.HikariConfig: HikariPool-1 - leakDetectionThreshold is less than 2000ms or more than maxLifetime, disabling it.
2024-04-24T08:08:38,518  INFO [main] hikari.HikariDataSource: HikariPool-1 - Starting...
2024-04-24T08:08:38,971  INFO [main] pool.PoolBase: HikariPool-1 - Driver does not support get/set network timeout for connections. (Feature not implemented: No details.)
2024-04-24T08:08:38,975  INFO [main] hikari.HikariDataSource: HikariPool-1 - Start completed.
2024-04-24T08:08:39,795  INFO [main] metastore.PersistenceManagerProvider: Setting MetaStore object pin classes with hive.metastore.cache.pinobjtypes="Table,StorageDescriptor,SerDeInfo,Partition,Database,Type,FieldSchema,Order"
2024-04-24T08:08:39,795  INFO [main] metastore.ObjectStore: RawStore: org.apache.hadoop.hive.metastore.ObjectStore@fc807c1, with PersistenceManager: null will be shutdown
2024-04-24T08:08:39,829  INFO [main] metastore.ObjectStore: RawStore: org.apache.hadoop.hive.metastore.ObjectStore@fc807c1, with PersistenceManager: org.datanucleus.api.jdo.JDOPersistenceManager@45acdd11 created in the thread with id: 1
2024-04-24T08:08:42,395  WARN [main] metastore.ObjectStore: Version information not found in metastore. metastore.schema.verification is not enabled so recording the schema version 4.0.0
2024-04-24T08:08:42,395  WARN [main] metastore.ObjectStore: setMetaStoreSchemaVersion called but recording version is disabled: version = 4.0.0, comment = Set by MetaStore alex@127.0.1.1
2024-04-24T08:08:42,395  INFO [main] metastore.HMSHandler: Created RawStore: org.apache.hadoop.hive.metastore.ObjectStore@fc807c1 from thread id: 1
2024-04-24T08:08:42,475  INFO [main] metastore.HMSHandler: Added admin role in metastore
2024-04-24T08:08:42,478  INFO [main] metastore.HMSHandler: Added public role in metastore
2024-04-24T08:08:42,505  INFO [main] metastore.HMSHandler: No user is added in admin role, since config is empty
2024-04-24T08:08:42,512  INFO [main] metastore.HMSHandler: Scheduling for org.apache.hadoop.hive.metastore.events.EventCleanerTask service with frequency 0ms.
2024-04-24T08:08:42,515  INFO [main] metastore.HMSHandler: Scheduling for org.apache.hadoop.hive.metastore.HiveProtoEventsCleanerTask service with frequency 86400000ms.
2024-04-24T08:08:42,516  INFO [main] metastore.HMSHandler: Scheduling for org.apache.hadoop.hive.metastore.ReplicationMetricsMaintTask service with frequency 86400000ms.
2024-04-24T08:08:42,516  INFO [main] metastore.HMSHandler: Scheduling for org.apache.hadoop.hive.metastore.ScheduledQueryExecutionsMaintTask service with frequency 60000ms.
2024-04-24T08:08:42,539  WARN [main] hikari.HikariConfig: HikariPool-2 - leakDetectionThreshold is less than 2000ms or more than maxLifetime, disabling it.
2024-04-24T08:08:42,543  INFO [main] hikari.HikariDataSource: HikariPool-2 - Starting...
2024-04-24T08:08:42,545  INFO [main] pool.PoolBase: HikariPool-2 - Driver does not support get/set network timeout for connections. (Feature not implemented: No details.)
2024-04-24T08:08:42,546  INFO [main] hikari.HikariDataSource: HikariPool-2 - Start completed.
2024-04-24T08:08:42,549  WARN [main] hikari.HikariConfig: HikariPool-3 - leakDetectionThreshold is less than 2000ms or more than maxLifetime, disabling it.
2024-04-24T08:08:42,553  INFO [main] hikari.HikariDataSource: HikariPool-3 - Starting...
2024-04-24T08:08:42,555  INFO [main] pool.PoolBase: HikariPool-3 - Driver does not support get/set network timeout for connections. (Feature not implemented: No details.)
2024-04-24T08:08:42,556  INFO [main] hikari.HikariDataSource: HikariPool-3 - Start completed.
2024-04-24T08:08:42,563  INFO [main] metastore.HMSHandler: Scheduling for org.apache.hadoop.hive.metastore.metrics.AcidMetricService service with frequency 300000ms.
2024-04-24T08:08:42,564  INFO [main] metastore.HMSHandler: Scheduling for org.apache.hadoop.hive.metastore.RuntimeStatsCleanerTask service with frequency 3600000ms.
2024-04-24T08:08:42,567  INFO [main] metastore.HMSHandler: HMS server filtering is disabled by configuration
2024-04-24T08:08:42,722  INFO [main] metastore.RetryingMetaStoreClient: RetryingMetaStoreClient proxy=class org.apache.hadoop.hive.ql.metadata.SessionHiveMetaStoreClient ugi=alex (auth:SIMPLE) retries=1 delay=1 lifetime=0
2024-04-24T08:08:43,579  WARN [main] exec.FunctionRegistry: UDF Class org.apache.datasketches.hive.tuple.ArrayOfDoublesSketchToValuesUDTF does not have description. Please annotate the class with the org.apache.hadoop.hive.ql.exec.Description annotation and provide the description of the function.
2024-04-24T08:08:43,582  WARN [main] exec.FunctionRegistry: UDF Class org.apache.datasketches.hive.cpc.UnionSketchUDF does not have description. Please annotate the class with the org.apache.hadoop.hive.ql.exec.Description annotation and provide the description of the function.
2024-04-24T08:08:43,593  WARN [main] exec.FunctionRegistry: UDF Class org.apache.datasketches.hive.theta.IntersectSketchUDF does not have description. Please annotate the class with the org.apache.hadoop.hive.ql.exec.Description annotation and provide the description of the function.
2024-04-24T08:08:43,595  WARN [main] exec.FunctionRegistry: UDF Class org.apache.datasketches.hive.theta.UnionSketchUDF does not have description. Please annotate the class with the org.apache.hadoop.hive.ql.exec.Description annotation and provide the description of the function.
2024-04-24T08:08:43,595  WARN [main] exec.FunctionRegistry: UDF Class org.apache.datasketches.hive.theta.ExcludeSketchUDF does not have description. Please annotate the class with the org.apache.hadoop.hive.ql.exec.Description annotation and provide the description of the function.
2024-04-24T08:08:43,595  WARN [main] exec.FunctionRegistry: UDF Class org.apache.datasketches.hive.theta.EstimateSketchUDF does not have description. Please annotate the class with the org.apache.hadoop.hive.ql.exec.Description annotation and provide the description of the function.
2024-04-24T08:08:43,598  WARN [main] exec.FunctionRegistry: UDF Class org.apache.datasketches.hive.hll.UnionSketchUDF does not have description. Please annotate the class with the org.apache.hadoop.hive.ql.exec.Description annotation and provide the description of the function.
2024-04-24T08:08:43,686  INFO [main] service.CompositeService: Operation log root directory is created: /home/alex/Repositories/hive/beeline/target/tmp/alex/operation_logs
2024-04-24T08:08:43,688  INFO [main] service.CompositeService: HiveServer2: Background operation thread pool size: 100
2024-04-24T08:08:43,688  INFO [main] service.CompositeService: HiveServer2: Background operation thread wait queue size: 100
2024-04-24T08:08:43,688  INFO [main] service.CompositeService: HiveServer2: Background operation thread keepalive time: 10 seconds
2024-04-24T08:08:43,690  INFO [main] service.CompositeService: Connections limit are user: 0 ipaddress: 0 user-ipaddress: 0
2024-04-24T08:08:43,694  INFO [main] cleanup.EventualCleanupService: EventualCleanupService started with 10 threads and queue of size 10000
2024-04-24T08:08:43,701  INFO [main] service.AbstractService: Service:OperationManager is inited.
DEBUG StatusLogger Building Plugin[name=appender, class=org.apache.hadoop.hive.ql.log.NullAppender].
DEBUG StatusLogger createNullAppender()
DEBUG StatusLogger PluginManager 'Converter' found 46 plugins
DEBUG StatusLogger Starting OutputStreamManager SYSTEM_OUT.false.false-2
DEBUG StatusLogger Log4j2 ConfigurationScheduler starting 2 threads
DEBUG StatusLogger Building Plugin[name=appender, class=org.apache.hadoop.hive.ql.log.NullAppender].
DEBUG StatusLogger createNullAppender()
DEBUG StatusLogger PluginManager 'Converter' found 46 plugins
DEBUG StatusLogger Starting OutputStreamManager SYSTEM_OUT.false.false-3
2024-04-24T08:08:43,722  INFO [main] service.AbstractService: Service:SessionManager is inited.
2024-04-24T08:08:43,723  INFO [main] service.AbstractService: Service:CLIService is inited.
2024-04-24T08:08:43,723  INFO [main] service.AbstractService: Service:OperationManager is started.
2024-04-24T08:08:43,723  INFO [main] service.AbstractService: Service:SessionManager is started.
2024-04-24T08:08:43,724  INFO [main] service.AbstractService: Service:CLIService is started.
2024-04-24T08:08:43,725  INFO [main] service.AbstractService: Service:ThriftBinaryCLIService is inited.
2024-04-24T08:08:43,727  INFO [main] thrift.ThriftCLIService: Client protocol version: HIVE_CLI_SERVICE_PROTOCOL_V10
2024-04-24T08:08:43,732  INFO [main] thrift.ThriftCLIService: Creating Hive session handle for user [null] from IP null
ivysettings.xml file not found in HIVE_HOME or HIVE_CONF_DIR,/home/alex/Repositories/hive/conf/ivysettings.xml will be used
2024-04-24T08:08:43,739  INFO [main] DependencyResolver: ivysettings.xml file not found in HIVE_HOME or HIVE_CONF_DIR,/home/alex/Repositories/hive/conf/ivysettings.xml will be used
2024-04-24T08:08:43,749  INFO [main] session.SessionState: Created HDFS directory: /tmp/hive/alex/5e30d62e-cce4-4e0b-831d-6698a559f8f5
2024-04-24T08:08:43,753  INFO [main] session.SessionState: Created local directory: /home/alex/Repositories/hive/beeline/target/tmp/alex/5e30d62e-cce4-4e0b-831d-6698a559f8f5
2024-04-24T08:08:43,757  INFO [main] session.SessionState: Created HDFS directory: /tmp/hive/alex/5e30d62e-cce4-4e0b-831d-6698a559f8f5/_tmp_space.db
2024-04-24T08:08:43,760  INFO [main] session.SessionState: Reloading auxiliary JAR files
2024-04-24T08:08:43,761  WARN [main] session.SessionState: Configuration hive.reloadable.aux.jars.path not specified
2024-04-24T08:08:43,763  INFO [main] metastore.HiveMetaStoreClient: HMS client filtering is enabled.
2024-04-24T08:08:43,764  INFO [main] metastore.PersistenceManagerProvider: Configuration datanucleus.autoStartMechanismMode is not set. Defaulting to 'ignored'
2024-04-24T08:08:43,766  INFO [main] metastore.ObjectStore: RawStore: org.apache.hadoop.hive.metastore.ObjectStore@fc807c1, with PersistenceManager: org.datanucleus.api.jdo.JDOPersistenceManager@45acdd11 will be shutdown
2024-04-24T08:08:43,767  INFO [main] metastore.ObjectStore: RawStore: org.apache.hadoop.hive.metastore.ObjectStore@fc807c1, with PersistenceManager: org.datanucleus.api.jdo.JDOPersistenceManager@632b305d created in the thread with id: 1
2024-04-24T08:08:43,772  INFO [main] metastore.HMSHandler: HMS server filtering is disabled by configuration
2024-04-24T08:08:43,773  INFO [main] metastore.RetryingMetaStoreClient: RetryingMetaStoreClient proxy=class org.apache.hadoop.hive.ql.metadata.SessionHiveMetaStoreClient ugi=alex (auth:SIMPLE) retries=1 delay=1 lifetime=0
2024-04-24T08:08:43,775  INFO [main] HiveMetaStore.audit: ugi=alex	ip=unknown-ip-addr	cmd=get_all_functions	
2024-04-24T08:08:43,800  INFO [main] HiveMetaStore.audit: ugi=alex	ip=unknown-ip-addr	cmd=Cleaning up thread local RawStore...	
2024-04-24T08:08:43,800  INFO [main] metastore.ObjectStore: RawStore: org.apache.hadoop.hive.metastore.ObjectStore@fc807c1, with PersistenceManager: org.datanucleus.api.jdo.JDOPersistenceManager@632b305d will be shutdown
2024-04-24T08:08:43,800  INFO [main] HiveMetaStore.audit: ugi=alex	ip=unknown-ip-addr	cmd=Done cleaning up thread local RawStore	
2024-04-24T08:08:43,801  INFO [main] metastore.HiveMetaStoreClient: Closed a connection to metastore, current connections: -1
2024-04-24T08:08:43,802  INFO [main] session.HiveSessionImpl: Operation log session directory is created: /home/alex/Repositories/hive/beeline/target/tmp/alex/operation_logs/5e30d62e-cce4-4e0b-831d-6698a559f8f5
2024-04-24T08:08:43,808  INFO [main] service.CompositeService: Session opened, SessionHandle [5e30d62e-cce4-4e0b-831d-6698a559f8f5], current sessions:1
2024-04-24T08:08:43,812  INFO [main] thrift.ThriftCLIService: Login attempt is successful for user : null
Connected to: Apache Hive (version 4.0.0-SNAPSHOT)
Error: Couldn't load manifest attributes. (state=,code=0)
Transaction isolation: TRANSACTION_REPEATABLE_READ
2024-04-24T08:08:43,956  WARN [main] conf.HiveConf: HiveConf of name hive.dummyparam.test.server.specific.config.hiveserver2site does not exist
2024-04-24T08:08:43,956  WARN [main] conf.HiveConf: HiveConf of name hive.dummyparam.test.server.specific.config.metastoresite does not exist
2024-04-24T08:08:43,957  WARN [main] conf.HiveConf: HiveConf of name hive.dummyparam.test.server.specific.config.override does not exist
2024-04-24T08:08:43,961  INFO [5e30d62e-cce4-4e0b-831d-6698a559f8f5 main] session.HiveSessionImpl: executing set
2024-04-24T08:08:43,993  INFO [5e30d62e-cce4-4e0b-831d-6698a559f8f5 main] operation.HiveCommandOperation: Putting temp output to file /home/alex/Repositories/hive/beeline/target/tmp/alex/5e30d62e-cce4-4e0b-831d-6698a559f8f57835241329983220998.pipeout and error output to file /home/alex/Repositories/hive/beeline/target/tmp/alex/5e30d62e-cce4-4e0b-831d-6698a559f8f51833445592425031442.pipeout
2024-04-24T08:08:43,993  INFO [5e30d62e-cce4-4e0b-831d-6698a559f8f5 main] operation.OperationManager: Adding operation: OperationHandle [opType=EXECUTE_STATEMENT, getHandleIdentifier()=0b210240-9074-44db-b266-029266b4a323] SessionHandle [5e30d62e-cce4-4e0b-831d-6698a559f8f5]
2024-04-24T08:08:43,998  INFO [5e30d62e-cce4-4e0b-831d-6698a559f8f5 main] common.LogUtils: Thread context registration is done.
DEBUG StatusLogger Building Plugin[name=filter, class=org.apache.hadoop.hive.ql.log.LogDivertAppender$NameFilter].
DEBUG StatusLogger createFilter(loggingLevel="EXECUTION")
DEBUG StatusLogger Building Plugin[name=layout, class=org.apache.logging.log4j.core.layout.PatternLayout].
DEBUG StatusLogger PatternLayout$Builder(PatternSelector=null, noConsoleNoAnsi="null", footer="null", disableAnsi="null", pattern="%-5p : %m%n", header="null", charset="null", alwaysWriteExceptions="null", Configuration(HiveLog4j2Test), Replace=null)
DEBUG StatusLogger Building Plugin[name=appender, class=org.apache.hadoop.hive.ql.log.HushableRandomAccessFileAppender].
DEBUG StatusLogger createAppender(fileName="/home/alex/Repositories/hive/beeline/target/tmp/alex/operation_logs/5e30d62e-cce4-4e0b-831d-6698a559f8f5/alex_20240424080843_adb7e985-51e7-41b1-8d8a-a0353b3932b2", append="null", name="query-file-appender", immediateFlush="null", bufferSize="null", ignoreExceptions="null", PatternLayout(org.apache.logging.log4j.core.layout.PatternLayout with name PatternLayout), NameFilter(org.apache.hadoop.hive.ql.log.LogDivertAppender$NameFilter with name NameFilter), advertise="null", advertiseURI="null", Configuration(HiveLog4j2Test))
DEBUG StatusLogger Starting RandomAccessFileManager /home/alex/Repositories/hive/beeline/target/tmp/alex/operation_logs/5e30d62e-cce4-4e0b-831d-6698a559f8f5/alex_20240424080843_adb7e985-51e7-41b1-8d8a-a0353b3932b2
DEBUG StatusLogger Building Plugin[name=, class=org.apache.hadoop.hive.ql.log.LogDivertAppenderForTest$TestFilter].
DEBUG StatusLogger createFilter()
DEBUG StatusLogger Building Plugin[name=, class=org.apache.logging.log4j.core.layout.PatternLayout].
DEBUG StatusLogger PatternLayout$Builder(Replace=null, PatternSelector=null, Configuration(HiveLog4j2Test), header="null", noConsoleNoAnsi="null", pattern="%-5p : %m%n", footer="null", charset="null", disableAnsi="null", alwaysWriteExceptions="null")
DEBUG StatusLogger Building Plugin[name=appender, class=org.apache.hadoop.hive.ql.log.HushableRandomAccessFileAppender].
DEBUG StatusLogger createAppender(fileName="/home/alex/Repositories/hive/beeline/target/tmp/alex/operation_logs/5e30d62e-cce4-4e0b-831d-6698a559f8f5/alex_20240424080843_adb7e985-51e7-41b1-8d8a-a0353b3932b2.test", append="null", name="test-query-file-appender", immediateFlush="null", bufferSize="null", ignoreExceptions="null", PatternLayout(org.apache.logging.log4j.core.layout.PatternLayout with name PatternLayout), test-filter(org.apache.hadoop.hive.ql.log.LogDivertAppenderForTest$TestFilter with name test-filter), advertise="null", advertiseURI="null", Configuration(HiveLog4j2Test))
DEBUG StatusLogger Starting RandomAccessFileManager /home/alex/Repositories/hive/beeline/target/tmp/alex/operation_logs/5e30d62e-cce4-4e0b-831d-6698a559f8f5/alex_20240424080843_adb7e985-51e7-41b1-8d8a-a0353b3932b2.test
2024-04-24T08:08:44,017  INFO [5e30d62e-cce4-4e0b-831d-6698a559f8f5 main] operation.HiveCommandOperation: [opType=EXECUTE_STATEMENT, queryId=alex_20240424080843_adb7e985-51e7-41b1-8d8a-a0353b3932b2, startTime=1713971323986, sessionId=5e30d62e-cce4-4e0b-831d-6698a559f8f5, createTime=1713971323735, userName=null, ipAddress=null]
2024-04-24T08:08:44,188  INFO [5e30d62e-cce4-4e0b-831d-6698a559f8f5 main] common.LogUtils: Unregistered logging context.
2024-04-24T08:08:44,238  INFO [5e30d62e-cce4-4e0b-831d-6698a559f8f5 main] operation.OperationManager: Closing operation: OperationHandle [opType=EXECUTE_STATEMENT, getHandleIdentifier()=0b210240-9074-44db-b266-029266b4a323]
2024-04-24T08:08:44,238  INFO [5e30d62e-cce4-4e0b-831d-6698a559f8f5 main] operation.OperationManager: Removed queryId: alex_20240424080843_adb7e985-51e7-41b1-8d8a-a0353b3932b2 corresponding to operation: OperationHandle [opType=EXECUTE_STATEMENT, getHandleIdentifier()=0b210240-9074-44db-b266-029266b4a323] with tag: null
2024-04-24T08:08:44,240  INFO [5e30d62e-cce4-4e0b-831d-6698a559f8f5 main] operation.HiveCommandOperation: Closing operation log /home/alex/Repositories/hive/beeline/target/tmp/alex/operation_logs/5e30d62e-cce4-4e0b-831d-6698a559f8f5/alex_20240424080843_adb7e985-51e7-41b1-8d8a-a0353b3932b2 without delay
hive> create database if not exists test;
2024-04-24T08:08:44,286  INFO [5e30d62e-cce4-4e0b-831d-6698a559f8f5 main] session.HiveSessionImpl: executing create database if not exists test
2024-04-24T08:08:44,290  INFO [5e30d62e-cce4-4e0b-831d-6698a559f8f5 main] operation.OperationManager: Adding operation: OperationHandle [opType=EXECUTE_STATEMENT, getHandleIdentifier()=7dfbe10c-e0bd-423d-a975-783053234515] SessionHandle [5e30d62e-cce4-4e0b-831d-6698a559f8f5]
2024-04-24T08:08:44,290  INFO [5e30d62e-cce4-4e0b-831d-6698a559f8f5 main] common.LogUtils: Thread context registration is done.
DEBUG StatusLogger Building Plugin[name=filter, class=org.apache.hadoop.hive.ql.log.LogDivertAppender$NameFilter].
DEBUG StatusLogger createFilter(loggingLevel="EXECUTION")
DEBUG StatusLogger Building Plugin[name=layout, class=org.apache.logging.log4j.core.layout.PatternLayout].
DEBUG StatusLogger PatternLayout$Builder(charset="null", Configuration(HiveLog4j2Test), Replace=null, disableAnsi="null", pattern="%-5p : %m%n", PatternSelector=null, header="null", footer="null", noConsoleNoAnsi="null", alwaysWriteExceptions="null")
DEBUG StatusLogger Building Plugin[name=appender, class=org.apache.hadoop.hive.ql.log.HushableRandomAccessFileAppender].
DEBUG StatusLogger createAppender(fileName="/home/alex/Repositories/hive/beeline/target/tmp/alex/operation_logs/5e30d62e-cce4-4e0b-831d-6698a559f8f5/alex_20240424080844_d5308e12-3989-4e53-90ad-74edfe2eb2df", append="null", name="query-file-appender", immediateFlush="null", bufferSize="null", ignoreExceptions="null", PatternLayout(org.apache.logging.log4j.core.layout.PatternLayout with name PatternLayout), NameFilter(org.apache.hadoop.hive.ql.log.LogDivertAppender$NameFilter with name NameFilter), advertise="null", advertiseURI="null", Configuration(HiveLog4j2Test))
DEBUG StatusLogger Starting RandomAccessFileManager /home/alex/Repositories/hive/beeline/target/tmp/alex/operation_logs/5e30d62e-cce4-4e0b-831d-6698a559f8f5/alex_20240424080844_d5308e12-3989-4e53-90ad-74edfe2eb2df
DEBUG StatusLogger Building Plugin[name=, class=org.apache.hadoop.hive.ql.log.LogDivertAppenderForTest$TestFilter].
DEBUG StatusLogger createFilter()
DEBUG StatusLogger Building Plugin[name=, class=org.apache.logging.log4j.core.layout.PatternLayout].
DEBUG StatusLogger PatternLayout$Builder(pattern="%-5p : %m%n", PatternSelector=null, header="null", charset="null", footer="null", noConsoleNoAnsi="null", Configuration(HiveLog4j2Test), disableAnsi="null", Replace=null, alwaysWriteExceptions="null")
DEBUG StatusLogger Building Plugin[name=appender, class=org.apache.hadoop.hive.ql.log.HushableRandomAccessFileAppender].
DEBUG StatusLogger createAppender(fileName="/home/alex/Repositories/hive/beeline/target/tmp/alex/operation_logs/5e30d62e-cce4-4e0b-831d-6698a559f8f5/alex_20240424080844_d5308e12-3989-4e53-90ad-74edfe2eb2df.test", append="null", name="test-query-file-appender", immediateFlush="null", bufferSize="null", ignoreExceptions="null", PatternLayout(org.apache.logging.log4j.core.layout.PatternLayout with name PatternLayout), test-filter(org.apache.hadoop.hive.ql.log.LogDivertAppenderForTest$TestFilter with name test-filter), advertise="null", advertiseURI="null", Configuration(HiveLog4j2Test))
DEBUG StatusLogger Starting RandomAccessFileManager /home/alex/Repositories/hive/beeline/target/tmp/alex/operation_logs/5e30d62e-cce4-4e0b-831d-6698a559f8f5/alex_20240424080844_d5308e12-3989-4e53-90ad-74edfe2eb2df.test
2024-04-24T08:08:44,299  INFO [5e30d62e-cce4-4e0b-831d-6698a559f8f5 main] operation.SQLOperation: [opType=EXECUTE_STATEMENT, queryId=alex_20240424080844_d5308e12-3989-4e53-90ad-74edfe2eb2df, startTime=1713971324287, sessionId=5e30d62e-cce4-4e0b-831d-6698a559f8f5, createTime=1713971323735, userName=null, ipAddress=null]
2024-04-24T08:08:44,384  WARN [Metastore-RuntimeStats-Loader-1] conf.HiveConf: HiveConf of name hive.dummyparam.test.server.specific.config.metastoresite does not exist
2024-04-24T08:08:44,384  WARN [Metastore-RuntimeStats-Loader-1] conf.HiveConf: HiveConf of name hive.dummyparam.test.server.specific.config.override does not exist
2024-04-24T08:08:44,384  WARN [Metastore-RuntimeStats-Loader-1] conf.HiveConf: HiveConf of name hive.dummyparam.test.server.specific.config.hiveserver2site does not exist
2024-04-24T08:08:44,386  INFO [5e30d62e-cce4-4e0b-831d-6698a559f8f5 main] ql.Driver: Compiling command(queryId=alex_20240424080844_d5308e12-3989-4e53-90ad-74edfe2eb2df): create database if not exists test
2024-04-24T08:08:44,387  INFO [Metastore-RuntimeStats-Loader-1] metastore.HiveMetaStoreClient: HMS client filtering is enabled.
2024-04-24T08:08:44,389  INFO [Metastore-RuntimeStats-Loader-1] metastore.HMSHandler: 1: Opening raw store with implementation class:org.apache.hadoop.hive.metastore.ObjectStore
2024-04-24T08:08:44,389  INFO [Metastore-RuntimeStats-Loader-1] metastore.PersistenceManagerProvider: Configuration datanucleus.autoStartMechanismMode is not set. Defaulting to 'ignored'
2024-04-24T08:08:44,391  INFO [Metastore-RuntimeStats-Loader-1] metastore.ObjectStore: RawStore: org.apache.hadoop.hive.metastore.ObjectStore@598f010a, with PersistenceManager: null will be shutdown
2024-04-24T08:08:44,392  INFO [Metastore-RuntimeStats-Loader-1] metastore.ObjectStore: RawStore: org.apache.hadoop.hive.metastore.ObjectStore@598f010a, with PersistenceManager: org.datanucleus.api.jdo.JDOPersistenceManager@74c20693 created in the thread with id: 87
2024-04-24T08:08:44,403  INFO [Metastore-RuntimeStats-Loader-1] metastore.HMSHandler: Created RawStore: org.apache.hadoop.hive.metastore.ObjectStore@598f010a from thread id: 87
2024-04-24T08:08:44,403  INFO [Metastore-RuntimeStats-Loader-1] metastore.HMSHandler: HMS server filtering is disabled by configuration
2024-04-24T08:08:44,404  INFO [Metastore-RuntimeStats-Loader-1] metastore.RetryingMetaStoreClient: RetryingMetaStoreClient proxy=class org.apache.hadoop.hive.ql.metadata.SessionHiveMetaStoreClient ugi=alex (auth:SIMPLE) retries=1 delay=1 lifetime=0
2024-04-24T08:08:44,404  INFO [Metastore-RuntimeStats-Loader-1] HiveMetaStore.audit: ugi=alex	ip=unknown-ip-addr	cmd=get_runtime_stats	
2024-04-24T08:08:45,188  INFO [5e30d62e-cce4-4e0b-831d-6698a559f8f5 main] metastore.HMSHandler: 0: Opening raw store with implementation class:org.apache.hadoop.hive.metastore.ObjectStore
2024-04-24T08:08:45,189  INFO [5e30d62e-cce4-4e0b-831d-6698a559f8f5 main] metastore.ObjectStore: RawStore: org.apache.hadoop.hive.metastore.ObjectStore@355ce6a6, with PersistenceManager: null will be shutdown
2024-04-24T08:08:45,190  INFO [5e30d62e-cce4-4e0b-831d-6698a559f8f5 main] metastore.ObjectStore: RawStore: org.apache.hadoop.hive.metastore.ObjectStore@355ce6a6, with PersistenceManager: org.datanucleus.api.jdo.JDOPersistenceManager@20440c6c created in the thread with id: 1
2024-04-24T08:08:45,196  INFO [5e30d62e-cce4-4e0b-831d-6698a559f8f5 main] metastore.HMSHandler: Created RawStore: org.apache.hadoop.hive.metastore.ObjectStore@355ce6a6 from thread id: 1
2024-04-24T08:08:45,491  INFO [5e30d62e-cce4-4e0b-831d-6698a559f8f5 main] reflections.Reflections: Reflections took 260 ms to scan 2 urls, producing 53 keys and 784 values 
2024-04-24T08:08:45,800  INFO [5e30d62e-cce4-4e0b-831d-6698a559f8f5 main] reflections.Reflections: Reflections took 219 ms to scan 2 urls, producing 53 keys and 784 values 
2024-04-24T08:08:46,041  INFO [5e30d62e-cce4-4e0b-831d-6698a559f8f5 main] reflections.Reflections: Reflections took 233 ms to scan 2 urls, producing 53 keys and 784 values 
2024-04-24T08:08:46,220  INFO [5e30d62e-cce4-4e0b-831d-6698a559f8f5 main] reflections.Reflections: Reflections took 163 ms to scan 2 urls, producing 53 keys and 784 values 
2024-04-24T08:08:46,324  INFO [5e30d62e-cce4-4e0b-831d-6698a559f8f5 main] ql.Driver: Semantic Analysis Completed (retrial = false)
2024-04-24T08:08:46,324  INFO [5e30d62e-cce4-4e0b-831d-6698a559f8f5 main] ql.Driver: Created Hive schema: Schema(fieldSchemas:null, properties:null)
2024-04-24T08:08:46,329  INFO [5e30d62e-cce4-4e0b-831d-6698a559f8f5 main] metadata.Hive: Dumping metastore api call timing information for : compilation phase
2024-04-24T08:08:46,329  INFO [5e30d62e-cce4-4e0b-831d-6698a559f8f5 main] metadata.Hive: Total time spent in each metastore function (ms): {flushCache_()=11, getAllFunctions_()=25, isCompatibleWith_(Configuration)=0}
2024-04-24T08:08:46,330  INFO [5e30d62e-cce4-4e0b-831d-6698a559f8f5 main] ql.Driver: Completed compiling command(queryId=alex_20240424080844_d5308e12-3989-4e53-90ad-74edfe2eb2df); Time taken: 1.944 seconds
2024-04-24T08:08:46,332  INFO [5e30d62e-cce4-4e0b-831d-6698a559f8f5 main] common.LogUtils: Unregistered logging context.
2024-04-24T08:08:46,334  INFO [HiveServer2-Background-Pool: Thread-88] common.LogUtils: Thread context registration is done.
2024-04-24T08:08:46,334  INFO [HiveServer2-Background-Pool: Thread-88] reexec.ReExecDriver: Execution #1 of query
2024-04-24T08:08:46,335  INFO [HiveServer2-Background-Pool: Thread-88] ql.Driver: Concurrency mode is disabled, not creating a lock manager
2024-04-24T08:08:46,339  INFO [HiveServer2-Background-Pool: Thread-88] ql.Driver: Executing command(queryId=alex_20240424080844_d5308e12-3989-4e53-90ad-74edfe2eb2df): create database if not exists test
2024-04-24T08:08:46,346  INFO [HiveServer2-Background-Pool: Thread-88] ql.Driver: Starting task [Stage-0:DDL] in serial mode
2024-04-24T08:08:46,348  INFO [HiveServer2-Background-Pool: Thread-88] sqlstd.SQLStdHiveAccessController: Created SQLStdHiveAccessController for session context : HiveAuthzSessionContext [sessionString=5e30d62e-cce4-4e0b-831d-6698a559f8f5, clientType=HIVESERVER2]
2024-04-24T08:08:46,349  WARN [HiveServer2-Background-Pool: Thread-88] exec.DDLTask: metastore.warehouse.external.dir is not set, falling back to metastore.warehouse.dir. This could cause external tables to use to managed tablespace.
2024-04-24T08:08:46,350  INFO [HiveServer2-Background-Pool: Thread-88] HiveMetaStore.audit: ugi=alex	ip=unknown-ip-addr	cmd=create_database: Database(name:test, description:null, locationUri:file:/home/alex/Repositories/hive/beeline/target/tmp/warehouse/test.db, parameters:null, ownerName:alex, ownerType:USER, catalogName:hive, type:NATIVE)	
2024-04-24T08:08:46,352  INFO [HiveServer2-Background-Pool: Thread-88] metastore.HMSHandler: 2: Opening raw store with implementation class:org.apache.hadoop.hive.metastore.ObjectStore
2024-04-24T08:08:46,353  INFO [HiveServer2-Background-Pool: Thread-88] metastore.ObjectStore: RawStore: org.apache.hadoop.hive.metastore.ObjectStore@10ae9176, with PersistenceManager: null will be shutdown
2024-04-24T08:08:46,353  INFO [HiveServer2-Background-Pool: Thread-88] metastore.ObjectStore: RawStore: org.apache.hadoop.hive.metastore.ObjectStore@10ae9176, with PersistenceManager: org.datanucleus.api.jdo.JDOPersistenceManager@62280089 created in the thread with id: 88
2024-04-24T08:08:46,359  INFO [HiveServer2-Background-Pool: Thread-88] metastore.HMSHandler: Created RawStore: org.apache.hadoop.hive.metastore.ObjectStore@10ae9176 from thread id: 88
2024-04-24T08:08:46,365 ERROR [HiveServer2-Background-Pool: Thread-88] metastore.RetryingHMSHandler: AlreadyExistsException(message:Database test already exists)
	at org.apache.hadoop.hive.metastore.HMSHandler.create_database(HMSHandler.java:1472)
	at sun.reflect.NativeMethodAccessorImpl.invoke0(Native Method)
	at sun.reflect.NativeMethodAccessorImpl.invoke(NativeMethodAccessorImpl.java:62)
	at sun.reflect.DelegatingMethodAccessorImpl.invoke(DelegatingMethodAccessorImpl.java:43)
	at java.lang.reflect.Method.invoke(Method.java:498)
	at org.apache.hadoop.hive.metastore.RetryingHMSHandler.invokeInternal(RetryingHMSHandler.java:147)
	at org.apache.hadoop.hive.metastore.RetryingHMSHandler.invoke(RetryingHMSHandler.java:108)
	at com.sun.proxy.$Proxy40.create_database(Unknown Source)
	at org.apache.hadoop.hive.metastore.HiveMetaStoreClient.createDatabase(HiveMetaStoreClient.java:1151)
	at sun.reflect.NativeMethodAccessorImpl.invoke0(Native Method)
	at sun.reflect.NativeMethodAccessorImpl.invoke(NativeMethodAccessorImpl.java:62)
	at sun.reflect.DelegatingMethodAccessorImpl.invoke(DelegatingMethodAccessorImpl.java:43)
	at java.lang.reflect.Method.invoke(Method.java:498)
	at org.apache.hadoop.hive.metastore.RetryingMetaStoreClient.invoke(RetryingMetaStoreClient.java:218)
	at com.sun.proxy.$Proxy41.createDatabase(Unknown Source)
	at org.apache.hadoop.hive.ql.metadata.Hive.createDatabase(Hive.java:605)
	at org.apache.hadoop.hive.ql.ddl.database.create.CreateDatabaseOperation.execute(CreateDatabaseOperation.java:68)
	at org.apache.hadoop.hive.ql.ddl.DDLTask.execute(DDLTask.java:84)
	at org.apache.hadoop.hive.ql.exec.Task.executeTask(Task.java:212)
	at org.apache.hadoop.hive.ql.exec.TaskRunner.runSequential(TaskRunner.java:105)
	at org.apache.hadoop.hive.ql.Executor.launchTask(Executor.java:361)
	at org.apache.hadoop.hive.ql.Executor.launchTasks(Executor.java:334)
	at org.apache.hadoop.hive.ql.Executor.runTasks(Executor.java:245)
	at org.apache.hadoop.hive.ql.Executor.execute(Executor.java:108)
	at org.apache.hadoop.hive.ql.Driver.execute(Driver.java:348)
	at org.apache.hadoop.hive.ql.Driver.runInternal(Driver.java:204)
	at org.apache.hadoop.hive.ql.Driver.run(Driver.java:153)
	at org.apache.hadoop.hive.ql.Driver.run(Driver.java:148)
	at org.apache.hadoop.hive.ql.reexec.ReExecDriver.run(ReExecDriver.java:164)
	at org.apache.hive.service.cli.operation.SQLOperation.runQuery(SQLOperation.java:233)
	at org.apache.hive.service.cli.operation.SQLOperation.access$500(SQLOperation.java:88)
	at org.apache.hive.service.cli.operation.SQLOperation$BackgroundWork$1.run(SQLOperation.java:336)
	at java.security.AccessController.doPrivileged(Native Method)
	at javax.security.auth.Subject.doAs(Subject.java:422)
	at org.apache.hadoop.security.UserGroupInformation.doAs(UserGroupInformation.java:1682)
	at org.apache.hive.service.cli.operation.SQLOperation$BackgroundWork.run(SQLOperation.java:356)
	at java.util.concurrent.Executors$RunnableAdapter.call(Executors.java:511)
	at java.util.concurrent.FutureTask.run(FutureTask.java:266)
	at java.util.concurrent.ThreadPoolExecutor.runWorker(ThreadPoolExecutor.java:1149)
	at java.util.concurrent.ThreadPoolExecutor$Worker.run(ThreadPoolExecutor.java:624)
	at java.lang.Thread.run(Thread.java:750)

2024-04-24T08:08:46,367  INFO [HiveServer2-Background-Pool: Thread-88] metadata.Hive: Dumping metastore api call timing information for : execution phase
2024-04-24T08:08:46,367  INFO [HiveServer2-Background-Pool: Thread-88] metadata.Hive: Total time spent in each metastore function (ms): {isCompatibleWith_(Configuration)=0}
2024-04-24T08:08:46,368  INFO [HiveServer2-Background-Pool: Thread-88] ql.Driver: Completed executing command(queryId=alex_20240424080844_d5308e12-3989-4e53-90ad-74edfe2eb2df); Time taken: 0.027 seconds
2024-04-24T08:08:46,369  INFO [HiveServer2-Background-Pool: Thread-88] common.LogUtils: Unregistered logging context.
INFO  : Compiling command(queryId=alex_20240424080844_d5308e12-3989-4e53-90ad-74edfe2eb2df): create database if not exists test
INFO  : Semantic Analysis Completed (retrial = false)
INFO  : Created Hive schema: Schema(fieldSchemas:null, properties:null)
INFO  : Completed compiling command(queryId=alex_20240424080844_d5308e12-3989-4e53-90ad-74edfe2eb2df); Time taken: 1.944 seconds
INFO  : Concurrency mode is disabled, not creating a lock manager
INFO  : Executing command(queryId=alex_20240424080844_d5308e12-3989-4e53-90ad-74edfe2eb2df): create database if not exists test
INFO  : Starting task [Stage-0:DDL] in serial mode
DEBUG : Task getting executed using mapred tag : alex_20240424080844_d5308e12-3989-4e53-90ad-74edfe2eb2df,userid=null
INFO  : Completed executing command(queryId=alex_20240424080844_d5308e12-3989-4e53-90ad-74edfe2eb2df); Time taken: 0.027 seconds
DEBUG : Shutting down query create database if not exists test
2024-04-24T08:08:46,372  INFO [5e30d62e-cce4-4e0b-831d-6698a559f8f5 main] operation.OperationManager: Closing operation: OperationHandle [opType=EXECUTE_STATEMENT, getHandleIdentifier()=7dfbe10c-e0bd-423d-a975-783053234515]
2024-04-24T08:08:46,372  INFO [5e30d62e-cce4-4e0b-831d-6698a559f8f5 main] operation.OperationManager: Removed queryId: alex_20240424080844_d5308e12-3989-4e53-90ad-74edfe2eb2df corresponding to operation: OperationHandle [opType=EXECUTE_STATEMENT, getHandleIdentifier()=7dfbe10c-e0bd-423d-a975-783053234515] with tag: null
2024-04-24T08:08:46,372  INFO [5e30d62e-cce4-4e0b-831d-6698a559f8f5 main] operation.SQLOperation: Closing operation log /home/alex/Repositories/hive/beeline/target/tmp/alex/operation_logs/5e30d62e-cce4-4e0b-831d-6698a559f8f5/alex_20240424080844_d5308e12-3989-4e53-90ad-74edfe2eb2df without delay
Error: Failed to wait for operation to complete (state=08S01,code=0)
Closing: 0: jdbc:hive2://
2024-04-24T08:08:46,374  INFO [main] service.CompositeService: Session closed, SessionHandle [5e30d62e-cce4-4e0b-831d-6698a559f8f5], current sessions:0
2024-04-24T08:08:46,375  INFO [5e30d62e-cce4-4e0b-831d-6698a559f8f5 main] session.HiveSessionImpl: Operation log session directory is deleted: /home/alex/Repositories/hive/beeline/target/tmp/alex/operation_logs/5e30d62e-cce4-4e0b-831d-6698a559f8f5
2024-04-24T08:08:46,376  INFO [main] cleanup.EventualCleanupService: Delete /tmp/hive/alex/5e30d62e-cce4-4e0b-831d-6698a559f8f5 operation was queued
2024-04-24T08:08:46,376  INFO [main] cleanup.EventualCleanupService: Delete /home/alex/Repositories/hive/beeline/target/tmp/alex/5e30d62e-cce4-4e0b-831d-6698a559f8f5 operation was queued
2024-04-24T08:08:46,377  INFO [EventualCleanupService thread 1] cleanup.EventualCleanupService: Deleted /home/alex/Repositories/hive/beeline/target/tmp/alex/5e30d62e-cce4-4e0b-831d-6698a559f8f5
2024-04-24T08:08:46,377  INFO [EventualCleanupService thread 0] cleanup.EventualCleanupService: Deleted /tmp/hive/alex/5e30d62e-cce4-4e0b-831d-6698a559f8f5
2024-04-24T08:08:46,384  INFO [main] HiveMetaStore.audit: ugi=alex	ip=unknown-ip-addr	cmd=Cleaning up thread local RawStore...	
2024-04-24T08:08:46,384  INFO [main] metastore.ObjectStore: RawStore: org.apache.hadoop.hive.metastore.ObjectStore@355ce6a6, with PersistenceManager: org.datanucleus.api.jdo.JDOPersistenceManager@20440c6c will be shutdown
2024-04-24T08:08:46,384  INFO [main] HiveMetaStore.audit: ugi=alex	ip=unknown-ip-addr	cmd=Done cleaning up thread local RawStore	
2024-04-24T08:08:46,385  INFO [main] metastore.HiveMetaStoreClient: Closed a connection to metastore, current connections: -2
]]></system-err>
  </testcase>
  <testcase name="testSourceCmd2" classname="org.apache.hive.beeline.cli.TestHiveCli" time="0.822">
    <failure type="java.lang.AssertionError"><![CDATA[java.lang.AssertionError: The expected keyword "sc3" occur in the output: 
	at org.junit.Assert.fail(Assert.java:89)
	at org.junit.Assert.assertTrue(Assert.java:42)
	at org.apache.hive.beeline.cli.TestHiveCli.verifyCMD(TestHiveCli.java:270)
	at org.apache.hive.beeline.cli.TestHiveCli.testSourceCmd2(TestHiveCli.java:122)
	at sun.reflect.NativeMethodAccessorImpl.invoke0(Native Method)
	at sun.reflect.NativeMethodAccessorImpl.invoke(NativeMethodAccessorImpl.java:62)
	at sun.reflect.DelegatingMethodAccessorImpl.invoke(DelegatingMethodAccessorImpl.java:43)
	at java.lang.reflect.Method.invoke(Method.java:498)
	at org.junit.runners.model.FrameworkMethod$1.runReflectiveCall(FrameworkMethod.java:59)
	at org.junit.internal.runners.model.ReflectiveCallable.run(ReflectiveCallable.java:12)
	at org.junit.runners.model.FrameworkMethod.invokeExplosively(FrameworkMethod.java:56)
	at org.junit.internal.runners.statements.InvokeMethod.evaluate(InvokeMethod.java:17)
	at org.junit.internal.runners.statements.RunBefores.evaluate(RunBefores.java:26)
	at org.junit.internal.runners.statements.RunAfters.evaluate(RunAfters.java:27)
	at org.junit.runners.ParentRunner$3.evaluate(ParentRunner.java:306)
	at org.junit.runners.BlockJUnit4ClassRunner$1.evaluate(BlockJUnit4ClassRunner.java:100)
	at org.junit.runners.ParentRunner.runLeaf(ParentRunner.java:366)
	at org.junit.runners.BlockJUnit4ClassRunner.runChild(BlockJUnit4ClassRunner.java:103)
	at org.junit.runners.BlockJUnit4ClassRunner.runChild(BlockJUnit4ClassRunner.java:63)
	at org.junit.runners.ParentRunner$4.run(ParentRunner.java:331)
	at org.junit.runners.ParentRunner$1.schedule(ParentRunner.java:79)
	at org.junit.runners.ParentRunner.runChildren(ParentRunner.java:329)
	at org.junit.runners.ParentRunner.access$100(ParentRunner.java:66)
	at org.junit.runners.ParentRunner$2.evaluate(ParentRunner.java:293)
	at org.junit.internal.runners.statements.RunBefores.evaluate(RunBefores.java:26)
	at org.junit.runners.ParentRunner$3.evaluate(ParentRunner.java:306)
	at org.junit.runners.ParentRunner.run(ParentRunner.java:413)
	at org.junit.runner.JUnitCore.run(JUnitCore.java:137)
	at org.junit.runner.JUnitCore.run(JUnitCore.java:115)
	at org.junit.vintage.engine.execution.RunnerExecutor.execute(RunnerExecutor.java:43)
	at java.util.stream.ForEachOps$ForEachOp$OfRef.accept(ForEachOps.java:183)
	at java.util.stream.ReferencePipeline$3$1.accept(ReferencePipeline.java:193)
	at java.util.Iterator.forEachRemaining(Iterator.java:116)
	at java.util.Spliterators$IteratorSpliterator.forEachRemaining(Spliterators.java:1801)
	at java.util.stream.AbstractPipeline.copyInto(AbstractPipeline.java:482)
	at java.util.stream.AbstractPipeline.wrapAndCopyInto(AbstractPipeline.java:472)
	at java.util.stream.ForEachOps$ForEachOp.evaluateSequential(ForEachOps.java:150)
	at java.util.stream.ForEachOps$ForEachOp$OfRef.evaluateSequential(ForEachOps.java:173)
	at java.util.stream.AbstractPipeline.evaluate(AbstractPipeline.java:234)
	at java.util.stream.ReferencePipeline.forEach(ReferencePipeline.java:485)
	at org.junit.vintage.engine.VintageTestEngine.executeAllChildren(VintageTestEngine.java:82)
	at org.junit.vintage.engine.VintageTestEngine.execute(VintageTestEngine.java:73)
	at org.junit.platform.launcher.core.DefaultLauncher.execute(DefaultLauncher.java:248)
	at org.junit.platform.launcher.core.DefaultLauncher.lambda$execute$5(DefaultLauncher.java:211)
	at org.junit.platform.launcher.core.DefaultLauncher.withInterceptedStreams(DefaultLauncher.java:226)
	at org.junit.platform.launcher.core.DefaultLauncher.execute(DefaultLauncher.java:199)
	at org.junit.platform.launcher.core.DefaultLauncher.execute(DefaultLauncher.java:132)
	at org.apache.maven.surefire.junitplatform.JUnitPlatformProvider.invokeAllTests(JUnitPlatformProvider.java:154)
	at org.apache.maven.surefire.junitplatform.JUnitPlatformProvider.invoke(JUnitPlatformProvider.java:123)
	at org.apache.maven.surefire.booter.ForkedBooter.runSuitesInProcess(ForkedBooter.java:377)
	at org.apache.maven.surefire.booter.ForkedBooter.execute(ForkedBooter.java:138)
	at org.apache.maven.surefire.booter.ForkedBooter.run(ForkedBooter.java:465)
	at org.apache.maven.surefire.booter.ForkedBooter.main(ForkedBooter.java:451)
]]></failure>
    <system-err><![CDATA[2024-04-24T08:08:46,400 ERROR [main] cli.TestHiveCli: Failed to execute command due to the error: java.lang.NullPointerException: Null output stream
2024-04-24T08:08:46,456  WARN [main] conf.HiveConf: HiveConf of name hive.dummyparam.test.server.specific.config.hiveserver2site does not exist
2024-04-24T08:08:46,456  WARN [main] conf.HiveConf: HiveConf of name hive.dummyparam.test.server.specific.config.override does not exist
2024-04-24T08:08:46,457  WARN [main] conf.HiveConf: HiveConf of name hive.dummyparam.test.server.specific.config.metastoresite does not exist
2024-04-24T08:08:46,458  INFO [main] SessionState: Hive Session ID = b830c0ae-13e2-4de9-afd7-0cccacff7c12
2024-04-24T08:08:46,458  INFO [main] DependencyResolver: ivysettings.xml file not found in HIVE_HOME or HIVE_CONF_DIR,/home/alex/Repositories/hive/conf/ivysettings.xml will be used
2024-04-24T08:08:46,467  INFO [main] session.SessionState: Created HDFS directory: /tmp/hive/alex/b830c0ae-13e2-4de9-afd7-0cccacff7c12
2024-04-24T08:08:46,470  INFO [main] session.SessionState: Created local directory: /home/alex/Repositories/hive/beeline/target/tmp/alex/b830c0ae-13e2-4de9-afd7-0cccacff7c12
2024-04-24T08:08:46,474  INFO [main] session.SessionState: Created HDFS directory: /tmp/hive/alex/b830c0ae-13e2-4de9-afd7-0cccacff7c12/_tmp_space.db
2024-04-24T08:08:46,475  INFO [main] sqlstd.SQLStdHiveAccessController: Created SQLStdHiveAccessController for session context : HiveAuthzSessionContext [sessionString=b830c0ae-13e2-4de9-afd7-0cccacff7c12, clientType=HIVESERVER2]
2024-04-24T08:08:46,476  INFO [main] metastore.HiveMetaStoreClient: HMS client filtering is enabled.
2024-04-24T08:08:46,477  INFO [main] metastore.HMSHandler: 0: Opening raw store with implementation class:org.apache.hadoop.hive.metastore.ObjectStore
2024-04-24T08:08:46,477  INFO [main] metastore.PersistenceManagerProvider: Configuration datanucleus.autoStartMechanismMode is not set. Defaulting to 'ignored'
2024-04-24T08:08:46,478  INFO [main] metastore.ObjectStore: RawStore: org.apache.hadoop.hive.metastore.ObjectStore@47058864, with PersistenceManager: null will be shutdown
2024-04-24T08:08:46,479  INFO [main] metastore.ObjectStore: RawStore: org.apache.hadoop.hive.metastore.ObjectStore@47058864, with PersistenceManager: org.datanucleus.api.jdo.JDOPersistenceManager@ad3f70a created in the thread with id: 1
2024-04-24T08:08:46,483  INFO [main] metastore.HMSHandler: Created RawStore: org.apache.hadoop.hive.metastore.ObjectStore@47058864 from thread id: 1
2024-04-24T08:08:46,483  INFO [main] metastore.HMSHandler: HMS server filtering is disabled by configuration
2024-04-24T08:08:46,484  INFO [main] metastore.RetryingMetaStoreClient: RetryingMetaStoreClient proxy=class org.apache.hadoop.hive.ql.metadata.SessionHiveMetaStoreClient ugi=alex (auth:SIMPLE) retries=1 delay=1 lifetime=0
2024-04-24T08:08:46,484  INFO [main] service.CompositeService: Operation log root directory is created: /home/alex/Repositories/hive/beeline/target/tmp/alex/operation_logs
2024-04-24T08:08:46,484  INFO [main] service.CompositeService: HiveServer2: Background operation thread pool size: 100
2024-04-24T08:08:46,484  INFO [main] service.CompositeService: HiveServer2: Background operation thread wait queue size: 100
2024-04-24T08:08:46,484  INFO [main] service.CompositeService: HiveServer2: Background operation thread keepalive time: 10 seconds
2024-04-24T08:08:46,485  INFO [main] service.CompositeService: Connections limit are user: 0 ipaddress: 0 user-ipaddress: 0
2024-04-24T08:08:46,486  INFO [main] cleanup.EventualCleanupService: EventualCleanupService started with 10 threads and queue of size 10000
ERROR StatusLogger Log4j2 ConfigurationScheduler attempted to increment scheduled items after start
ERROR StatusLogger Log4j2 ConfigurationScheduler attempted to increment scheduled items after start
2024-04-24T08:08:46,488  INFO [main] service.AbstractService: Service:OperationManager is inited.
2024-04-24T08:08:46,488  INFO [main] service.AbstractService: Service:SessionManager is inited.
2024-04-24T08:08:46,489  INFO [main] service.AbstractService: Service:CLIService is inited.
2024-04-24T08:08:46,489  INFO [main] service.AbstractService: Service:OperationManager is started.
2024-04-24T08:08:46,489  INFO [main] service.AbstractService: Service:SessionManager is started.
2024-04-24T08:08:46,489  INFO [main] service.AbstractService: Service:CLIService is started.
2024-04-24T08:08:46,489  INFO [main] service.AbstractService: Service:ThriftBinaryCLIService is inited.
2024-04-24T08:08:46,489  INFO [main] thrift.ThriftCLIService: Client protocol version: HIVE_CLI_SERVICE_PROTOCOL_V10
2024-04-24T08:08:46,489  INFO [main] thrift.ThriftCLIService: Creating Hive session handle for user [null] from IP null
2024-04-24T08:08:46,491  INFO [main] DependencyResolver: ivysettings.xml file not found in HIVE_HOME or HIVE_CONF_DIR,/home/alex/Repositories/hive/conf/ivysettings.xml will be used
2024-04-24T08:08:46,499  INFO [main] session.SessionState: Created HDFS directory: /tmp/hive/alex/ff6eaf0a-8d9f-4bc7-bd1d-d04cd021c1a4
2024-04-24T08:08:46,502  INFO [main] session.SessionState: Created local directory: /home/alex/Repositories/hive/beeline/target/tmp/alex/ff6eaf0a-8d9f-4bc7-bd1d-d04cd021c1a4
2024-04-24T08:08:46,506  INFO [main] session.SessionState: Created HDFS directory: /tmp/hive/alex/ff6eaf0a-8d9f-4bc7-bd1d-d04cd021c1a4/_tmp_space.db
2024-04-24T08:08:46,506  INFO [main] session.SessionState: Reloading auxiliary JAR files
2024-04-24T08:08:46,506  WARN [main] session.SessionState: Configuration hive.reloadable.aux.jars.path not specified
2024-04-24T08:08:46,506  INFO [main] HiveMetaStore.audit: ugi=alex	ip=unknown-ip-addr	cmd=Cleaning up thread local RawStore...	
2024-04-24T08:08:46,506  INFO [main] metastore.ObjectStore: RawStore: org.apache.hadoop.hive.metastore.ObjectStore@47058864, with PersistenceManager: org.datanucleus.api.jdo.JDOPersistenceManager@ad3f70a will be shutdown
2024-04-24T08:08:46,506  INFO [main] HiveMetaStore.audit: ugi=alex	ip=unknown-ip-addr	cmd=Done cleaning up thread local RawStore	
2024-04-24T08:08:46,506  INFO [main] metastore.HiveMetaStoreClient: Closed a connection to metastore, current connections: -3
2024-04-24T08:08:46,507  INFO [main] session.HiveSessionImpl: Operation log session directory is created: /home/alex/Repositories/hive/beeline/target/tmp/alex/operation_logs/ff6eaf0a-8d9f-4bc7-bd1d-d04cd021c1a4
2024-04-24T08:08:46,507  INFO [main] service.CompositeService: Session opened, SessionHandle [ff6eaf0a-8d9f-4bc7-bd1d-d04cd021c1a4], current sessions:1
2024-04-24T08:08:46,507  INFO [main] thrift.ThriftCLIService: Login attempt is successful for user : null
2024-04-24T08:08:46,567  WARN [main] conf.HiveConf: HiveConf of name hive.dummyparam.test.server.specific.config.override does not exist
2024-04-24T08:08:46,567  WARN [main] conf.HiveConf: HiveConf of name hive.dummyparam.test.server.specific.config.metastoresite does not exist
2024-04-24T08:08:46,567  WARN [main] conf.HiveConf: HiveConf of name hive.dummyparam.test.server.specific.config.hiveserver2site does not exist
2024-04-24T08:08:46,568  INFO [ff6eaf0a-8d9f-4bc7-bd1d-d04cd021c1a4 main] session.HiveSessionImpl: executing set
2024-04-24T08:08:46,570  INFO [ff6eaf0a-8d9f-4bc7-bd1d-d04cd021c1a4 main] operation.HiveCommandOperation: Putting temp output to file /home/alex/Repositories/hive/beeline/target/tmp/alex/ff6eaf0a-8d9f-4bc7-bd1d-d04cd021c1a48423904323544122581.pipeout and error output to file /home/alex/Repositories/hive/beeline/target/tmp/alex/ff6eaf0a-8d9f-4bc7-bd1d-d04cd021c1a44244677370639960181.pipeout
2024-04-24T08:08:46,570  INFO [ff6eaf0a-8d9f-4bc7-bd1d-d04cd021c1a4 main] operation.OperationManager: Adding operation: OperationHandle [opType=EXECUTE_STATEMENT, getHandleIdentifier()=fb37d310-c275-4f2d-9c8f-1caeb8ead439] SessionHandle [ff6eaf0a-8d9f-4bc7-bd1d-d04cd021c1a4]
2024-04-24T08:08:46,571  INFO [ff6eaf0a-8d9f-4bc7-bd1d-d04cd021c1a4 main] common.LogUtils: Thread context registration is done.
DEBUG StatusLogger Building Plugin[name=filter, class=org.apache.hadoop.hive.ql.log.LogDivertAppender$NameFilter].
DEBUG StatusLogger createFilter(loggingLevel="EXECUTION")
DEBUG StatusLogger Building Plugin[name=layout, class=org.apache.logging.log4j.core.layout.PatternLayout].
DEBUG StatusLogger PatternLayout$Builder(header="null", disableAnsi="null", noConsoleNoAnsi="null", footer="null", Configuration(HiveLog4j2Test), Replace=null, pattern="%-5p : %m%n", PatternSelector=null, alwaysWriteExceptions="null", charset="null")
DEBUG StatusLogger Building Plugin[name=appender, class=org.apache.hadoop.hive.ql.log.HushableRandomAccessFileAppender].
DEBUG StatusLogger createAppender(fileName="/home/alex/Repositories/hive/beeline/target/tmp/alex/operation_logs/ff6eaf0a-8d9f-4bc7-bd1d-d04cd021c1a4/alex_20240424080846_440d70e6-144d-4a9a-82af-9e98ea931e66", append="null", name="query-file-appender", immediateFlush="null", bufferSize="null", ignoreExceptions="null", PatternLayout(org.apache.logging.log4j.core.layout.PatternLayout with name PatternLayout), NameFilter(org.apache.hadoop.hive.ql.log.LogDivertAppender$NameFilter with name NameFilter), advertise="null", advertiseURI="null", Configuration(HiveLog4j2Test))
DEBUG StatusLogger Starting RandomAccessFileManager /home/alex/Repositories/hive/beeline/target/tmp/alex/operation_logs/ff6eaf0a-8d9f-4bc7-bd1d-d04cd021c1a4/alex_20240424080846_440d70e6-144d-4a9a-82af-9e98ea931e66
DEBUG StatusLogger Building Plugin[name=, class=org.apache.hadoop.hive.ql.log.LogDivertAppenderForTest$TestFilter].
DEBUG StatusLogger createFilter()
DEBUG StatusLogger Building Plugin[name=, class=org.apache.logging.log4j.core.layout.PatternLayout].
DEBUG StatusLogger PatternLayout$Builder(header="null", alwaysWriteExceptions="null", disableAnsi="null", Replace=null, Configuration(HiveLog4j2Test), PatternSelector=null, footer="null", pattern="%-5p : %m%n", charset="null", noConsoleNoAnsi="null")
DEBUG StatusLogger Building Plugin[name=appender, class=org.apache.hadoop.hive.ql.log.HushableRandomAccessFileAppender].
DEBUG StatusLogger createAppender(fileName="/home/alex/Repositories/hive/beeline/target/tmp/alex/operation_logs/ff6eaf0a-8d9f-4bc7-bd1d-d04cd021c1a4/alex_20240424080846_440d70e6-144d-4a9a-82af-9e98ea931e66.test", append="null", name="test-query-file-appender", immediateFlush="null", bufferSize="null", ignoreExceptions="null", PatternLayout(org.apache.logging.log4j.core.layout.PatternLayout with name PatternLayout), test-filter(org.apache.hadoop.hive.ql.log.LogDivertAppenderForTest$TestFilter with name test-filter), advertise="null", advertiseURI="null", Configuration(HiveLog4j2Test))
DEBUG StatusLogger Starting RandomAccessFileManager /home/alex/Repositories/hive/beeline/target/tmp/alex/operation_logs/ff6eaf0a-8d9f-4bc7-bd1d-d04cd021c1a4/alex_20240424080846_440d70e6-144d-4a9a-82af-9e98ea931e66.test
2024-04-24T08:08:46,581  INFO [ff6eaf0a-8d9f-4bc7-bd1d-d04cd021c1a4 main] operation.HiveCommandOperation: [opType=EXECUTE_STATEMENT, queryId=alex_20240424080846_440d70e6-144d-4a9a-82af-9e98ea931e66, startTime=1713971326568, sessionId=ff6eaf0a-8d9f-4bc7-bd1d-d04cd021c1a4, createTime=1713971326489, userName=null, ipAddress=null]
2024-04-24T08:08:46,693  INFO [ff6eaf0a-8d9f-4bc7-bd1d-d04cd021c1a4 main] common.LogUtils: Unregistered logging context.
2024-04-24T08:08:46,696  INFO [ff6eaf0a-8d9f-4bc7-bd1d-d04cd021c1a4 main] operation.OperationManager: Closing operation: OperationHandle [opType=EXECUTE_STATEMENT, getHandleIdentifier()=fb37d310-c275-4f2d-9c8f-1caeb8ead439]
2024-04-24T08:08:46,696  INFO [ff6eaf0a-8d9f-4bc7-bd1d-d04cd021c1a4 main] operation.OperationManager: Removed queryId: alex_20240424080846_440d70e6-144d-4a9a-82af-9e98ea931e66 corresponding to operation: OperationHandle [opType=EXECUTE_STATEMENT, getHandleIdentifier()=fb37d310-c275-4f2d-9c8f-1caeb8ead439] with tag: null
2024-04-24T08:08:46,697  INFO [ff6eaf0a-8d9f-4bc7-bd1d-d04cd021c1a4 main] operation.HiveCommandOperation: Closing operation log /home/alex/Repositories/hive/beeline/target/tmp/alex/operation_logs/ff6eaf0a-8d9f-4bc7-bd1d-d04cd021c1a4/alex_20240424080846_440d70e6-144d-4a9a-82af-9e98ea931e66 without delay
2024-04-24T08:08:46,701  INFO [ff6eaf0a-8d9f-4bc7-bd1d-d04cd021c1a4 main] session.HiveSessionImpl: executing use test
2024-04-24T08:08:46,702  INFO [ff6eaf0a-8d9f-4bc7-bd1d-d04cd021c1a4 main] operation.OperationManager: Adding operation: OperationHandle [opType=EXECUTE_STATEMENT, getHandleIdentifier()=747b2e9c-d7e8-46fd-ad09-cf00f2622e3f] SessionHandle [ff6eaf0a-8d9f-4bc7-bd1d-d04cd021c1a4]
2024-04-24T08:08:46,703  INFO [ff6eaf0a-8d9f-4bc7-bd1d-d04cd021c1a4 main] common.LogUtils: Thread context registration is done.
DEBUG StatusLogger Building Plugin[name=filter, class=org.apache.hadoop.hive.ql.log.LogDivertAppender$NameFilter].
DEBUG StatusLogger createFilter(loggingLevel="EXECUTION")
DEBUG StatusLogger Building Plugin[name=layout, class=org.apache.logging.log4j.core.layout.PatternLayout].
DEBUG StatusLogger PatternLayout$Builder(disableAnsi="null", header="null", PatternSelector=null, pattern="%-5p : %m%n", Configuration(HiveLog4j2Test), alwaysWriteExceptions="null", Replace=null, footer="null", charset="null", noConsoleNoAnsi="null")
DEBUG StatusLogger Building Plugin[name=appender, class=org.apache.hadoop.hive.ql.log.HushableRandomAccessFileAppender].
DEBUG StatusLogger createAppender(fileName="/home/alex/Repositories/hive/beeline/target/tmp/alex/operation_logs/ff6eaf0a-8d9f-4bc7-bd1d-d04cd021c1a4/alex_20240424080846_652f478c-1387-4a84-a1fc-c0f5a19a8aa9", append="null", name="query-file-appender", immediateFlush="null", bufferSize="null", ignoreExceptions="null", PatternLayout(org.apache.logging.log4j.core.layout.PatternLayout with name PatternLayout), NameFilter(org.apache.hadoop.hive.ql.log.LogDivertAppender$NameFilter with name NameFilter), advertise="null", advertiseURI="null", Configuration(HiveLog4j2Test))
DEBUG StatusLogger Starting RandomAccessFileManager /home/alex/Repositories/hive/beeline/target/tmp/alex/operation_logs/ff6eaf0a-8d9f-4bc7-bd1d-d04cd021c1a4/alex_20240424080846_652f478c-1387-4a84-a1fc-c0f5a19a8aa9
DEBUG StatusLogger Building Plugin[name=, class=org.apache.hadoop.hive.ql.log.LogDivertAppenderForTest$TestFilter].
DEBUG StatusLogger createFilter()
DEBUG StatusLogger Building Plugin[name=, class=org.apache.logging.log4j.core.layout.PatternLayout].
DEBUG StatusLogger PatternLayout$Builder(disableAnsi="null", PatternSelector=null, Configuration(HiveLog4j2Test), charset="null", Replace=null, footer="null", noConsoleNoAnsi="null", pattern="%-5p : %m%n", alwaysWriteExceptions="null", header="null")
DEBUG StatusLogger Building Plugin[name=appender, class=org.apache.hadoop.hive.ql.log.HushableRandomAccessFileAppender].
DEBUG StatusLogger createAppender(fileName="/home/alex/Repositories/hive/beeline/target/tmp/alex/operation_logs/ff6eaf0a-8d9f-4bc7-bd1d-d04cd021c1a4/alex_20240424080846_652f478c-1387-4a84-a1fc-c0f5a19a8aa9.test", append="null", name="test-query-file-appender", immediateFlush="null", bufferSize="null", ignoreExceptions="null", PatternLayout(org.apache.logging.log4j.core.layout.PatternLayout with name PatternLayout), test-filter(org.apache.hadoop.hive.ql.log.LogDivertAppenderForTest$TestFilter with name test-filter), advertise="null", advertiseURI="null", Configuration(HiveLog4j2Test))
DEBUG StatusLogger Starting RandomAccessFileManager /home/alex/Repositories/hive/beeline/target/tmp/alex/operation_logs/ff6eaf0a-8d9f-4bc7-bd1d-d04cd021c1a4/alex_20240424080846_652f478c-1387-4a84-a1fc-c0f5a19a8aa9.test
2024-04-24T08:08:46,711  INFO [ff6eaf0a-8d9f-4bc7-bd1d-d04cd021c1a4 main] operation.SQLOperation: [opType=EXECUTE_STATEMENT, queryId=alex_20240424080846_652f478c-1387-4a84-a1fc-c0f5a19a8aa9, startTime=1713971326701, sessionId=ff6eaf0a-8d9f-4bc7-bd1d-d04cd021c1a4, createTime=1713971326489, userName=null, ipAddress=null]
2024-04-24T08:08:46,713  INFO [ff6eaf0a-8d9f-4bc7-bd1d-d04cd021c1a4 main] ql.Driver: Compiling command(queryId=alex_20240424080846_652f478c-1387-4a84-a1fc-c0f5a19a8aa9): use test
2024-04-24T08:08:46,714  INFO [ff6eaf0a-8d9f-4bc7-bd1d-d04cd021c1a4 main] metastore.HiveMetaStoreClient: HMS client filtering is enabled.
2024-04-24T08:08:46,715  INFO [ff6eaf0a-8d9f-4bc7-bd1d-d04cd021c1a4 main] metastore.HMSHandler: 0: Opening raw store with implementation class:org.apache.hadoop.hive.metastore.ObjectStore
2024-04-24T08:08:46,716  INFO [ff6eaf0a-8d9f-4bc7-bd1d-d04cd021c1a4 main] metastore.PersistenceManagerProvider: Configuration datanucleus.autoStartMechanismMode is not set. Defaulting to 'ignored'
2024-04-24T08:08:46,716  INFO [ff6eaf0a-8d9f-4bc7-bd1d-d04cd021c1a4 main] metastore.ObjectStore: RawStore: org.apache.hadoop.hive.metastore.ObjectStore@1b46392c, with PersistenceManager: null will be shutdown
2024-04-24T08:08:46,717  INFO [ff6eaf0a-8d9f-4bc7-bd1d-d04cd021c1a4 main] metastore.ObjectStore: RawStore: org.apache.hadoop.hive.metastore.ObjectStore@1b46392c, with PersistenceManager: org.datanucleus.api.jdo.JDOPersistenceManager@cf01c2e created in the thread with id: 1
2024-04-24T08:08:46,721  INFO [ff6eaf0a-8d9f-4bc7-bd1d-d04cd021c1a4 main] metastore.HMSHandler: Created RawStore: org.apache.hadoop.hive.metastore.ObjectStore@1b46392c from thread id: 1
2024-04-24T08:08:46,722  INFO [ff6eaf0a-8d9f-4bc7-bd1d-d04cd021c1a4 main] metastore.HMSHandler: HMS server filtering is disabled by configuration
2024-04-24T08:08:46,722  INFO [ff6eaf0a-8d9f-4bc7-bd1d-d04cd021c1a4 main] metastore.RetryingMetaStoreClient: RetryingMetaStoreClient proxy=class org.apache.hadoop.hive.ql.metadata.SessionHiveMetaStoreClient ugi=alex (auth:SIMPLE) retries=1 delay=1 lifetime=0
2024-04-24T08:08:46,723  INFO [ff6eaf0a-8d9f-4bc7-bd1d-d04cd021c1a4 main] HiveMetaStore.audit: ugi=alex	ip=unknown-ip-addr	cmd=get_database: test	
2024-04-24T08:08:46,727  INFO [ff6eaf0a-8d9f-4bc7-bd1d-d04cd021c1a4 main] ql.Driver: Semantic Analysis Completed (retrial = false)
2024-04-24T08:08:46,727  INFO [ff6eaf0a-8d9f-4bc7-bd1d-d04cd021c1a4 main] ql.Driver: Created Hive schema: Schema(fieldSchemas:null, properties:null)
2024-04-24T08:08:46,727  INFO [ff6eaf0a-8d9f-4bc7-bd1d-d04cd021c1a4 main] metadata.Hive: Dumping metastore api call timing information for : compilation phase
2024-04-24T08:08:46,727  INFO [ff6eaf0a-8d9f-4bc7-bd1d-d04cd021c1a4 main] metadata.Hive: Total time spent in each metastore function (ms): {getDatabase_(String)=3, flushCache_()=0, isCompatibleWith_(Configuration)=0}
2024-04-24T08:08:46,728  INFO [ff6eaf0a-8d9f-4bc7-bd1d-d04cd021c1a4 main] ql.Driver: Completed compiling command(queryId=alex_20240424080846_652f478c-1387-4a84-a1fc-c0f5a19a8aa9); Time taken: 0.015 seconds
2024-04-24T08:08:46,729  INFO [ff6eaf0a-8d9f-4bc7-bd1d-d04cd021c1a4 main] common.LogUtils: Unregistered logging context.
2024-04-24T08:08:46,729  INFO [HiveServer2-Background-Pool: Thread-111] common.LogUtils: Thread context registration is done.
2024-04-24T08:08:46,730  INFO [HiveServer2-Background-Pool: Thread-111] reexec.ReExecDriver: Execution #1 of query
2024-04-24T08:08:46,730  INFO [HiveServer2-Background-Pool: Thread-111] ql.Driver: Concurrency mode is disabled, not creating a lock manager
2024-04-24T08:08:46,730  INFO [HiveServer2-Background-Pool: Thread-111] ql.Driver: Executing command(queryId=alex_20240424080846_652f478c-1387-4a84-a1fc-c0f5a19a8aa9): use test
2024-04-24T08:08:46,731  INFO [HiveServer2-Background-Pool: Thread-111] ql.Driver: Starting task [Stage-0:DDL] in serial mode
2024-04-24T08:08:46,732  INFO [HiveServer2-Background-Pool: Thread-111] HiveMetaStore.audit: ugi=alex	ip=unknown-ip-addr	cmd=get_database: test	
2024-04-24T08:08:46,734  INFO [HiveServer2-Background-Pool: Thread-111] metastore.HMSHandler: 3: Opening raw store with implementation class:org.apache.hadoop.hive.metastore.ObjectStore
2024-04-24T08:08:46,735  INFO [HiveServer2-Background-Pool: Thread-111] metastore.ObjectStore: RawStore: org.apache.hadoop.hive.metastore.ObjectStore@73f80d05, with PersistenceManager: null will be shutdown
2024-04-24T08:08:46,735  INFO [HiveServer2-Background-Pool: Thread-111] metastore.ObjectStore: RawStore: org.apache.hadoop.hive.metastore.ObjectStore@73f80d05, with PersistenceManager: org.datanucleus.api.jdo.JDOPersistenceManager@36fa8d1e created in the thread with id: 111
2024-04-24T08:08:46,739  INFO [HiveServer2-Background-Pool: Thread-111] metastore.HMSHandler: Created RawStore: org.apache.hadoop.hive.metastore.ObjectStore@73f80d05 from thread id: 111
2024-04-24T08:08:46,741  INFO [HiveServer2-Background-Pool: Thread-111] HiveMetaStore.audit: ugi=alex	ip=unknown-ip-addr	cmd=get_database: test	
2024-04-24T08:08:46,743  INFO [HiveServer2-Background-Pool: Thread-111] metadata.Hive: Dumping metastore api call timing information for : execution phase
2024-04-24T08:08:46,743  INFO [HiveServer2-Background-Pool: Thread-111] metadata.Hive: Total time spent in each metastore function (ms): {isCompatibleWith_(Configuration)=0, getDatabase_(String)=11}
2024-04-24T08:08:46,743  INFO [HiveServer2-Background-Pool: Thread-111] ql.Driver: Completed executing command(queryId=alex_20240424080846_652f478c-1387-4a84-a1fc-c0f5a19a8aa9); Time taken: 0.013 seconds
2024-04-24T08:08:46,744  INFO [HiveServer2-Background-Pool: Thread-111] common.LogUtils: Unregistered logging context.
2024-04-24T08:08:46,746  INFO [ff6eaf0a-8d9f-4bc7-bd1d-d04cd021c1a4 main] operation.OperationManager: Closing operation: OperationHandle [opType=EXECUTE_STATEMENT, getHandleIdentifier()=747b2e9c-d7e8-46fd-ad09-cf00f2622e3f]
2024-04-24T08:08:46,747  INFO [ff6eaf0a-8d9f-4bc7-bd1d-d04cd021c1a4 main] operation.OperationManager: Removed queryId: alex_20240424080846_652f478c-1387-4a84-a1fc-c0f5a19a8aa9 corresponding to operation: OperationHandle [opType=EXECUTE_STATEMENT, getHandleIdentifier()=747b2e9c-d7e8-46fd-ad09-cf00f2622e3f] with tag: null
2024-04-24T08:08:46,747  INFO [ff6eaf0a-8d9f-4bc7-bd1d-d04cd021c1a4 main] operation.SQLOperation: Closing operation log /home/alex/Repositories/hive/beeline/target/tmp/alex/operation_logs/ff6eaf0a-8d9f-4bc7-bd1d-d04cd021c1a4/alex_20240424080846_652f478c-1387-4a84-a1fc-c0f5a19a8aa9 without delay
2024-04-24T08:08:46,804  WARN [main] conf.HiveConf: HiveConf of name hive.dummyparam.test.server.specific.config.metastoresite does not exist
2024-04-24T08:08:46,804  WARN [main] conf.HiveConf: HiveConf of name hive.dummyparam.test.server.specific.config.hiveserver2site does not exist
2024-04-24T08:08:46,805  WARN [main] conf.HiveConf: HiveConf of name hive.dummyparam.test.server.specific.config.override does not exist
2024-04-24T08:08:46,805  INFO [ff6eaf0a-8d9f-4bc7-bd1d-d04cd021c1a4 main] session.HiveSessionImpl: executing set
2024-04-24T08:08:46,807  INFO [ff6eaf0a-8d9f-4bc7-bd1d-d04cd021c1a4 main] operation.HiveCommandOperation: Putting temp output to file /home/alex/Repositories/hive/beeline/target/tmp/alex/ff6eaf0a-8d9f-4bc7-bd1d-d04cd021c1a48423904323544122581.pipeout and error output to file /home/alex/Repositories/hive/beeline/target/tmp/alex/ff6eaf0a-8d9f-4bc7-bd1d-d04cd021c1a44244677370639960181.pipeout
2024-04-24T08:08:46,807  INFO [ff6eaf0a-8d9f-4bc7-bd1d-d04cd021c1a4 main] operation.OperationManager: Adding operation: OperationHandle [opType=EXECUTE_STATEMENT, getHandleIdentifier()=4e48d4af-3eb5-40f3-8d51-c85b36fdd418] SessionHandle [ff6eaf0a-8d9f-4bc7-bd1d-d04cd021c1a4]
2024-04-24T08:08:46,808  INFO [ff6eaf0a-8d9f-4bc7-bd1d-d04cd021c1a4 main] common.LogUtils: Thread context registration is done.
DEBUG StatusLogger Building Plugin[name=filter, class=org.apache.hadoop.hive.ql.log.LogDivertAppender$NameFilter].
DEBUG StatusLogger createFilter(loggingLevel="EXECUTION")
DEBUG StatusLogger Building Plugin[name=layout, class=org.apache.logging.log4j.core.layout.PatternLayout].
DEBUG StatusLogger PatternLayout$Builder(Configuration(HiveLog4j2Test), charset="null", footer="null", PatternSelector=null, alwaysWriteExceptions="null", disableAnsi="null", Replace=null, pattern="%-5p : %m%n", noConsoleNoAnsi="null", header="null")
DEBUG StatusLogger Building Plugin[name=appender, class=org.apache.hadoop.hive.ql.log.HushableRandomAccessFileAppender].
DEBUG StatusLogger createAppender(fileName="/home/alex/Repositories/hive/beeline/target/tmp/alex/operation_logs/ff6eaf0a-8d9f-4bc7-bd1d-d04cd021c1a4/alex_20240424080846_c4c2f77f-2ffe-4ca7-9986-38078d732052", append="null", name="query-file-appender", immediateFlush="null", bufferSize="null", ignoreExceptions="null", PatternLayout(org.apache.logging.log4j.core.layout.PatternLayout with name PatternLayout), NameFilter(org.apache.hadoop.hive.ql.log.LogDivertAppender$NameFilter with name NameFilter), advertise="null", advertiseURI="null", Configuration(HiveLog4j2Test))
DEBUG StatusLogger Starting RandomAccessFileManager /home/alex/Repositories/hive/beeline/target/tmp/alex/operation_logs/ff6eaf0a-8d9f-4bc7-bd1d-d04cd021c1a4/alex_20240424080846_c4c2f77f-2ffe-4ca7-9986-38078d732052
DEBUG StatusLogger Building Plugin[name=, class=org.apache.hadoop.hive.ql.log.LogDivertAppenderForTest$TestFilter].
DEBUG StatusLogger createFilter()
DEBUG StatusLogger Building Plugin[name=, class=org.apache.logging.log4j.core.layout.PatternLayout].
DEBUG StatusLogger PatternLayout$Builder(pattern="%-5p : %m%n", Configuration(HiveLog4j2Test), charset="null", disableAnsi="null", PatternSelector=null, footer="null", noConsoleNoAnsi="null", Replace=null, header="null", alwaysWriteExceptions="null")
DEBUG StatusLogger Building Plugin[name=appender, class=org.apache.hadoop.hive.ql.log.HushableRandomAccessFileAppender].
DEBUG StatusLogger createAppender(fileName="/home/alex/Repositories/hive/beeline/target/tmp/alex/operation_logs/ff6eaf0a-8d9f-4bc7-bd1d-d04cd021c1a4/alex_20240424080846_c4c2f77f-2ffe-4ca7-9986-38078d732052.test", append="null", name="test-query-file-appender", immediateFlush="null", bufferSize="null", ignoreExceptions="null", PatternLayout(org.apache.logging.log4j.core.layout.PatternLayout with name PatternLayout), test-filter(org.apache.hadoop.hive.ql.log.LogDivertAppenderForTest$TestFilter with name test-filter), advertise="null", advertiseURI="null", Configuration(HiveLog4j2Test))
DEBUG StatusLogger Starting RandomAccessFileManager /home/alex/Repositories/hive/beeline/target/tmp/alex/operation_logs/ff6eaf0a-8d9f-4bc7-bd1d-d04cd021c1a4/alex_20240424080846_c4c2f77f-2ffe-4ca7-9986-38078d732052.test
2024-04-24T08:08:46,816  INFO [ff6eaf0a-8d9f-4bc7-bd1d-d04cd021c1a4 main] operation.HiveCommandOperation: [opType=EXECUTE_STATEMENT, queryId=alex_20240424080846_c4c2f77f-2ffe-4ca7-9986-38078d732052, startTime=1713971326806, sessionId=ff6eaf0a-8d9f-4bc7-bd1d-d04cd021c1a4, createTime=1713971326489, userName=null, ipAddress=null]
2024-04-24T08:08:46,920  INFO [ff6eaf0a-8d9f-4bc7-bd1d-d04cd021c1a4 main] common.LogUtils: Unregistered logging context.
2024-04-24T08:08:46,925  INFO [ff6eaf0a-8d9f-4bc7-bd1d-d04cd021c1a4 main] operation.OperationManager: Closing operation: OperationHandle [opType=EXECUTE_STATEMENT, getHandleIdentifier()=4e48d4af-3eb5-40f3-8d51-c85b36fdd418]
2024-04-24T08:08:46,925  INFO [ff6eaf0a-8d9f-4bc7-bd1d-d04cd021c1a4 main] operation.OperationManager: Removed queryId: alex_20240424080846_c4c2f77f-2ffe-4ca7-9986-38078d732052 corresponding to operation: OperationHandle [opType=EXECUTE_STATEMENT, getHandleIdentifier()=4e48d4af-3eb5-40f3-8d51-c85b36fdd418] with tag: null
2024-04-24T08:08:46,926  INFO [ff6eaf0a-8d9f-4bc7-bd1d-d04cd021c1a4 main] operation.HiveCommandOperation: Closing operation log /home/alex/Repositories/hive/beeline/target/tmp/alex/operation_logs/ff6eaf0a-8d9f-4bc7-bd1d-d04cd021c1a4/alex_20240424080846_c4c2f77f-2ffe-4ca7-9986-38078d732052 without delay
2024-04-24T08:08:46,928  INFO [ff6eaf0a-8d9f-4bc7-bd1d-d04cd021c1a4 main] session.HiveSessionImpl: executing create table if not exists test.testSrcTbl3(sc3 string)
2024-04-24T08:08:46,930  INFO [ff6eaf0a-8d9f-4bc7-bd1d-d04cd021c1a4 main] operation.OperationManager: Adding operation: OperationHandle [opType=EXECUTE_STATEMENT, getHandleIdentifier()=682edf96-65de-442d-8047-1072521081d7] SessionHandle [ff6eaf0a-8d9f-4bc7-bd1d-d04cd021c1a4]
2024-04-24T08:08:46,931  INFO [ff6eaf0a-8d9f-4bc7-bd1d-d04cd021c1a4 main] common.LogUtils: Thread context registration is done.
DEBUG StatusLogger Building Plugin[name=filter, class=org.apache.hadoop.hive.ql.log.LogDivertAppender$NameFilter].
DEBUG StatusLogger createFilter(loggingLevel="EXECUTION")
DEBUG StatusLogger Building Plugin[name=layout, class=org.apache.logging.log4j.core.layout.PatternLayout].
DEBUG StatusLogger PatternLayout$Builder(Replace=null, pattern="%-5p : %m%n", charset="null", noConsoleNoAnsi="null", alwaysWriteExceptions="null", header="null", disableAnsi="null", PatternSelector=null, footer="null", Configuration(HiveLog4j2Test))
DEBUG StatusLogger Building Plugin[name=appender, class=org.apache.hadoop.hive.ql.log.HushableRandomAccessFileAppender].
DEBUG StatusLogger createAppender(fileName="/home/alex/Repositories/hive/beeline/target/tmp/alex/operation_logs/ff6eaf0a-8d9f-4bc7-bd1d-d04cd021c1a4/alex_20240424080846_4710e227-08c6-4a82-952a-646d22bf7603", append="null", name="query-file-appender", immediateFlush="null", bufferSize="null", ignoreExceptions="null", PatternLayout(org.apache.logging.log4j.core.layout.PatternLayout with name PatternLayout), NameFilter(org.apache.hadoop.hive.ql.log.LogDivertAppender$NameFilter with name NameFilter), advertise="null", advertiseURI="null", Configuration(HiveLog4j2Test))
DEBUG StatusLogger Starting RandomAccessFileManager /home/alex/Repositories/hive/beeline/target/tmp/alex/operation_logs/ff6eaf0a-8d9f-4bc7-bd1d-d04cd021c1a4/alex_20240424080846_4710e227-08c6-4a82-952a-646d22bf7603
DEBUG StatusLogger Building Plugin[name=, class=org.apache.hadoop.hive.ql.log.LogDivertAppenderForTest$TestFilter].
DEBUG StatusLogger createFilter()
DEBUG StatusLogger Building Plugin[name=, class=org.apache.logging.log4j.core.layout.PatternLayout].
DEBUG StatusLogger PatternLayout$Builder(alwaysWriteExceptions="null", disableAnsi="null", pattern="%-5p : %m%n", PatternSelector=null, Configuration(HiveLog4j2Test), footer="null", header="null", noConsoleNoAnsi="null", Replace=null, charset="null")
DEBUG StatusLogger Building Plugin[name=appender, class=org.apache.hadoop.hive.ql.log.HushableRandomAccessFileAppender].
DEBUG StatusLogger createAppender(fileName="/home/alex/Repositories/hive/beeline/target/tmp/alex/operation_logs/ff6eaf0a-8d9f-4bc7-bd1d-d04cd021c1a4/alex_20240424080846_4710e227-08c6-4a82-952a-646d22bf7603.test", append="null", name="test-query-file-appender", immediateFlush="null", bufferSize="null", ignoreExceptions="null", PatternLayout(org.apache.logging.log4j.core.layout.PatternLayout with name PatternLayout), test-filter(org.apache.hadoop.hive.ql.log.LogDivertAppenderForTest$TestFilter with name test-filter), advertise="null", advertiseURI="null", Configuration(HiveLog4j2Test))
DEBUG StatusLogger Starting RandomAccessFileManager /home/alex/Repositories/hive/beeline/target/tmp/alex/operation_logs/ff6eaf0a-8d9f-4bc7-bd1d-d04cd021c1a4/alex_20240424080846_4710e227-08c6-4a82-952a-646d22bf7603.test
2024-04-24T08:08:46,940  INFO [ff6eaf0a-8d9f-4bc7-bd1d-d04cd021c1a4 main] operation.SQLOperation: [opType=EXECUTE_STATEMENT, queryId=alex_20240424080846_4710e227-08c6-4a82-952a-646d22bf7603, startTime=1713971326929, sessionId=ff6eaf0a-8d9f-4bc7-bd1d-d04cd021c1a4, createTime=1713971326489, userName=null, ipAddress=null]
2024-04-24T08:08:46,941  INFO [ff6eaf0a-8d9f-4bc7-bd1d-d04cd021c1a4 main] ql.Driver: Compiling command(queryId=alex_20240424080846_4710e227-08c6-4a82-952a-646d22bf7603): create table if not exists test.testSrcTbl3(sc3 string)
2024-04-24T08:08:47,024  INFO [ff6eaf0a-8d9f-4bc7-bd1d-d04cd021c1a4 main] parse.CalcitePlanner: Starting caching scope for: alex_20240424080846_4710e227-08c6-4a82-952a-646d22bf7603
2024-04-24T08:08:47,027  INFO [ff6eaf0a-8d9f-4bc7-bd1d-d04cd021c1a4 main] parse.CalcitePlanner: Starting Semantic Analysis
2024-04-24T08:08:47,028  INFO [ff6eaf0a-8d9f-4bc7-bd1d-d04cd021c1a4 main] sqlstd.SQLStdHiveAccessController: Created SQLStdHiveAccessController for session context : HiveAuthzSessionContext [sessionString=ff6eaf0a-8d9f-4bc7-bd1d-d04cd021c1a4, clientType=HIVESERVER2]
2024-04-24T08:08:47,035  INFO [ff6eaf0a-8d9f-4bc7-bd1d-d04cd021c1a4 main] parse.CalcitePlanner: Creating table test.testSrcTbl3 position=27
2024-04-24T08:08:47,048  INFO [ff6eaf0a-8d9f-4bc7-bd1d-d04cd021c1a4 main] HiveMetaStore.audit: ugi=alex	ip=unknown-ip-addr	cmd=get_table : tbl=hive.test.testSrcTbl3	
2024-04-24T08:08:47,201  INFO [ff6eaf0a-8d9f-4bc7-bd1d-d04cd021c1a4 main] parse.CalcitePlanner: Ending caching scope for: alex_20240424080846_4710e227-08c6-4a82-952a-646d22bf7603
2024-04-24T08:08:47,201  INFO [ff6eaf0a-8d9f-4bc7-bd1d-d04cd021c1a4 main] ql.Driver: Semantic Analysis Completed (retrial = false)
2024-04-24T08:08:47,201  INFO [ff6eaf0a-8d9f-4bc7-bd1d-d04cd021c1a4 main] ql.Driver: Created Hive schema: Schema(fieldSchemas:null, properties:null)
2024-04-24T08:08:47,201  INFO [ff6eaf0a-8d9f-4bc7-bd1d-d04cd021c1a4 main] metadata.Hive: Dumping metastore api call timing information for : compilation phase
2024-04-24T08:08:47,202  INFO [ff6eaf0a-8d9f-4bc7-bd1d-d04cd021c1a4 main] metadata.Hive: Total time spent in each metastore function (ms): {flushCache_()=0, isCompatibleWith_(Configuration)=0, getTable_(GetTableRequest)=153}
2024-04-24T08:08:47,202  INFO [ff6eaf0a-8d9f-4bc7-bd1d-d04cd021c1a4 main] ql.Driver: Completed compiling command(queryId=alex_20240424080846_4710e227-08c6-4a82-952a-646d22bf7603); Time taken: 0.26 seconds
2024-04-24T08:08:47,203  INFO [HiveServer2-Background-Pool: Thread-114] common.LogUtils: Thread context registration is done.
2024-04-24T08:08:47,203  INFO [ff6eaf0a-8d9f-4bc7-bd1d-d04cd021c1a4 main] common.LogUtils: Unregistered logging context.
2024-04-24T08:08:47,204  INFO [HiveServer2-Background-Pool: Thread-114] reexec.ReExecDriver: Execution #1 of query
2024-04-24T08:08:47,204  INFO [HiveServer2-Background-Pool: Thread-114] ql.Driver: Concurrency mode is disabled, not creating a lock manager
2024-04-24T08:08:47,204  INFO [HiveServer2-Background-Pool: Thread-114] ql.Driver: Executing command(queryId=alex_20240424080846_4710e227-08c6-4a82-952a-646d22bf7603): create table if not exists test.testSrcTbl3(sc3 string)
2024-04-24T08:08:47,205  INFO [HiveServer2-Background-Pool: Thread-114] metadata.Hive: Dumping metastore api call timing information for : execution phase
2024-04-24T08:08:47,205  INFO [HiveServer2-Background-Pool: Thread-114] metadata.Hive: Total time spent in each metastore function (ms): {}
2024-04-24T08:08:47,206  INFO [HiveServer2-Background-Pool: Thread-114] ql.Driver: Completed executing command(queryId=alex_20240424080846_4710e227-08c6-4a82-952a-646d22bf7603); Time taken: 0.001 seconds
2024-04-24T08:08:47,207  INFO [HiveServer2-Background-Pool: Thread-114] common.LogUtils: Unregistered logging context.
2024-04-24T08:08:47,209  INFO [ff6eaf0a-8d9f-4bc7-bd1d-d04cd021c1a4 main] operation.OperationManager: Closing operation: OperationHandle [opType=EXECUTE_STATEMENT, getHandleIdentifier()=682edf96-65de-442d-8047-1072521081d7]
2024-04-24T08:08:47,209  INFO [ff6eaf0a-8d9f-4bc7-bd1d-d04cd021c1a4 main] operation.OperationManager: Removed queryId: alex_20240424080846_4710e227-08c6-4a82-952a-646d22bf7603 corresponding to operation: OperationHandle [opType=EXECUTE_STATEMENT, getHandleIdentifier()=682edf96-65de-442d-8047-1072521081d7] with tag: null
2024-04-24T08:08:47,209  INFO [ff6eaf0a-8d9f-4bc7-bd1d-d04cd021c1a4 main] operation.SQLOperation: Closing operation log /home/alex/Repositories/hive/beeline/target/tmp/alex/operation_logs/ff6eaf0a-8d9f-4bc7-bd1d-d04cd021c1a4/alex_20240424080846_4710e227-08c6-4a82-952a-646d22bf7603 without delay
2024-04-24T08:08:47,214  INFO [main] service.CompositeService: Session closed, SessionHandle [ff6eaf0a-8d9f-4bc7-bd1d-d04cd021c1a4], current sessions:0
2024-04-24T08:08:47,215  INFO [ff6eaf0a-8d9f-4bc7-bd1d-d04cd021c1a4 main] session.HiveSessionImpl: Operation log session directory is deleted: /home/alex/Repositories/hive/beeline/target/tmp/alex/operation_logs/ff6eaf0a-8d9f-4bc7-bd1d-d04cd021c1a4
2024-04-24T08:08:47,215  INFO [main] cleanup.EventualCleanupService: Delete /tmp/hive/alex/ff6eaf0a-8d9f-4bc7-bd1d-d04cd021c1a4 operation was queued
2024-04-24T08:08:47,215  INFO [main] cleanup.EventualCleanupService: Delete /home/alex/Repositories/hive/beeline/target/tmp/alex/ff6eaf0a-8d9f-4bc7-bd1d-d04cd021c1a4 operation was queued
2024-04-24T08:08:47,216  INFO [EventualCleanupService thread 0] cleanup.EventualCleanupService: Deleted /tmp/hive/alex/ff6eaf0a-8d9f-4bc7-bd1d-d04cd021c1a4
2024-04-24T08:08:47,216  INFO [EventualCleanupService thread 1] cleanup.EventualCleanupService: Deleted /home/alex/Repositories/hive/beeline/target/tmp/alex/ff6eaf0a-8d9f-4bc7-bd1d-d04cd021c1a4
2024-04-24T08:08:47,217  INFO [main] HiveMetaStore.audit: ugi=alex	ip=unknown-ip-addr	cmd=Cleaning up thread local RawStore...	
2024-04-24T08:08:47,217  INFO [main] metastore.ObjectStore: RawStore: org.apache.hadoop.hive.metastore.ObjectStore@1b46392c, with PersistenceManager: org.datanucleus.api.jdo.JDOPersistenceManager@cf01c2e will be shutdown
2024-04-24T08:08:47,218  INFO [main] HiveMetaStore.audit: ugi=alex	ip=unknown-ip-addr	cmd=Done cleaning up thread local RawStore	
2024-04-24T08:08:47,218  INFO [main] metastore.HiveMetaStoreClient: Closed a connection to metastore, current connections: -4
]]></system-err>
  </testcase>
  <testcase name="testSourceCmd3" classname="org.apache.hive.beeline.cli.TestHiveCli" time="0.744">
    <failure type="java.lang.AssertionError"><![CDATA[java.lang.AssertionError: Supported return code is 2 while the actual is 0
	at org.junit.Assert.fail(Assert.java:89)
	at org.apache.hive.beeline.cli.TestHiveCli.executeCMD(TestHiveCli.java:256)
	at org.apache.hive.beeline.cli.TestHiveCli.verifyCMD(TestHiveCli.java:266)
	at org.apache.hive.beeline.cli.TestHiveCli.testSourceCmd3(TestHiveCli.java:130)
	at sun.reflect.NativeMethodAccessorImpl.invoke0(Native Method)
	at sun.reflect.NativeMethodAccessorImpl.invoke(NativeMethodAccessorImpl.java:62)
	at sun.reflect.DelegatingMethodAccessorImpl.invoke(DelegatingMethodAccessorImpl.java:43)
	at java.lang.reflect.Method.invoke(Method.java:498)
	at org.junit.runners.model.FrameworkMethod$1.runReflectiveCall(FrameworkMethod.java:59)
	at org.junit.internal.runners.model.ReflectiveCallable.run(ReflectiveCallable.java:12)
	at org.junit.runners.model.FrameworkMethod.invokeExplosively(FrameworkMethod.java:56)
	at org.junit.internal.runners.statements.InvokeMethod.evaluate(InvokeMethod.java:17)
	at org.junit.internal.runners.statements.RunBefores.evaluate(RunBefores.java:26)
	at org.junit.internal.runners.statements.RunAfters.evaluate(RunAfters.java:27)
	at org.junit.runners.ParentRunner$3.evaluate(ParentRunner.java:306)
	at org.junit.runners.BlockJUnit4ClassRunner$1.evaluate(BlockJUnit4ClassRunner.java:100)
	at org.junit.runners.ParentRunner.runLeaf(ParentRunner.java:366)
	at org.junit.runners.BlockJUnit4ClassRunner.runChild(BlockJUnit4ClassRunner.java:103)
	at org.junit.runners.BlockJUnit4ClassRunner.runChild(BlockJUnit4ClassRunner.java:63)
	at org.junit.runners.ParentRunner$4.run(ParentRunner.java:331)
	at org.junit.runners.ParentRunner$1.schedule(ParentRunner.java:79)
	at org.junit.runners.ParentRunner.runChildren(ParentRunner.java:329)
	at org.junit.runners.ParentRunner.access$100(ParentRunner.java:66)
	at org.junit.runners.ParentRunner$2.evaluate(ParentRunner.java:293)
	at org.junit.internal.runners.statements.RunBefores.evaluate(RunBefores.java:26)
	at org.junit.runners.ParentRunner$3.evaluate(ParentRunner.java:306)
	at org.junit.runners.ParentRunner.run(ParentRunner.java:413)
	at org.junit.runner.JUnitCore.run(JUnitCore.java:137)
	at org.junit.runner.JUnitCore.run(JUnitCore.java:115)
	at org.junit.vintage.engine.execution.RunnerExecutor.execute(RunnerExecutor.java:43)
	at java.util.stream.ForEachOps$ForEachOp$OfRef.accept(ForEachOps.java:183)
	at java.util.stream.ReferencePipeline$3$1.accept(ReferencePipeline.java:193)
	at java.util.Iterator.forEachRemaining(Iterator.java:116)
	at java.util.Spliterators$IteratorSpliterator.forEachRemaining(Spliterators.java:1801)
	at java.util.stream.AbstractPipeline.copyInto(AbstractPipeline.java:482)
	at java.util.stream.AbstractPipeline.wrapAndCopyInto(AbstractPipeline.java:472)
	at java.util.stream.ForEachOps$ForEachOp.evaluateSequential(ForEachOps.java:150)
	at java.util.stream.ForEachOps$ForEachOp$OfRef.evaluateSequential(ForEachOps.java:173)
	at java.util.stream.AbstractPipeline.evaluate(AbstractPipeline.java:234)
	at java.util.stream.ReferencePipeline.forEach(ReferencePipeline.java:485)
	at org.junit.vintage.engine.VintageTestEngine.executeAllChildren(VintageTestEngine.java:82)
	at org.junit.vintage.engine.VintageTestEngine.execute(VintageTestEngine.java:73)
	at org.junit.platform.launcher.core.DefaultLauncher.execute(DefaultLauncher.java:248)
	at org.junit.platform.launcher.core.DefaultLauncher.lambda$execute$5(DefaultLauncher.java:211)
	at org.junit.platform.launcher.core.DefaultLauncher.withInterceptedStreams(DefaultLauncher.java:226)
	at org.junit.platform.launcher.core.DefaultLauncher.execute(DefaultLauncher.java:199)
	at org.junit.platform.launcher.core.DefaultLauncher.execute(DefaultLauncher.java:132)
	at org.apache.maven.surefire.junitplatform.JUnitPlatformProvider.invokeAllTests(JUnitPlatformProvider.java:154)
	at org.apache.maven.surefire.junitplatform.JUnitPlatformProvider.invoke(JUnitPlatformProvider.java:123)
	at org.apache.maven.surefire.booter.ForkedBooter.runSuitesInProcess(ForkedBooter.java:377)
	at org.apache.maven.surefire.booter.ForkedBooter.execute(ForkedBooter.java:138)
	at org.apache.maven.surefire.booter.ForkedBooter.run(ForkedBooter.java:465)
	at org.apache.maven.surefire.booter.ForkedBooter.main(ForkedBooter.java:451)
]]></failure>
    <system-err><![CDATA[2024-04-24T08:08:47,219 ERROR [main] cli.TestHiveCli: Failed to execute command due to the error: java.lang.NullPointerException: Null output stream
2024-04-24T08:08:47,273  WARN [main] conf.HiveConf: HiveConf of name hive.dummyparam.test.server.specific.config.metastoresite does not exist
2024-04-24T08:08:47,273  WARN [main] conf.HiveConf: HiveConf of name hive.dummyparam.test.server.specific.config.override does not exist
2024-04-24T08:08:47,273  WARN [main] conf.HiveConf: HiveConf of name hive.dummyparam.test.server.specific.config.hiveserver2site does not exist
2024-04-24T08:08:47,274  INFO [main] SessionState: Hive Session ID = 360b317a-eef1-48ac-bda5-c4562c3aeb76
2024-04-24T08:08:47,275  INFO [main] DependencyResolver: ivysettings.xml file not found in HIVE_HOME or HIVE_CONF_DIR,/home/alex/Repositories/hive/conf/ivysettings.xml will be used
2024-04-24T08:08:47,283  INFO [main] session.SessionState: Created HDFS directory: /tmp/hive/alex/360b317a-eef1-48ac-bda5-c4562c3aeb76
2024-04-24T08:08:47,287  INFO [main] session.SessionState: Created local directory: /home/alex/Repositories/hive/beeline/target/tmp/alex/360b317a-eef1-48ac-bda5-c4562c3aeb76
2024-04-24T08:08:47,291  INFO [main] session.SessionState: Created HDFS directory: /tmp/hive/alex/360b317a-eef1-48ac-bda5-c4562c3aeb76/_tmp_space.db
2024-04-24T08:08:47,291  INFO [main] sqlstd.SQLStdHiveAccessController: Created SQLStdHiveAccessController for session context : HiveAuthzSessionContext [sessionString=360b317a-eef1-48ac-bda5-c4562c3aeb76, clientType=HIVESERVER2]
2024-04-24T08:08:47,292  INFO [main] metastore.HiveMetaStoreClient: HMS client filtering is enabled.
2024-04-24T08:08:47,293  INFO [main] metastore.HMSHandler: 0: Opening raw store with implementation class:org.apache.hadoop.hive.metastore.ObjectStore
2024-04-24T08:08:47,293  INFO [main] metastore.PersistenceManagerProvider: Configuration datanucleus.autoStartMechanismMode is not set. Defaulting to 'ignored'
2024-04-24T08:08:47,294  INFO [main] metastore.ObjectStore: RawStore: org.apache.hadoop.hive.metastore.ObjectStore@3c16528d, with PersistenceManager: null will be shutdown
2024-04-24T08:08:47,294  INFO [main] metastore.ObjectStore: RawStore: org.apache.hadoop.hive.metastore.ObjectStore@3c16528d, with PersistenceManager: org.datanucleus.api.jdo.JDOPersistenceManager@2e45a357 created in the thread with id: 1
2024-04-24T08:08:47,299  INFO [main] metastore.HMSHandler: Created RawStore: org.apache.hadoop.hive.metastore.ObjectStore@3c16528d from thread id: 1
2024-04-24T08:08:47,299  INFO [main] metastore.HMSHandler: HMS server filtering is disabled by configuration
2024-04-24T08:08:47,299  INFO [main] metastore.RetryingMetaStoreClient: RetryingMetaStoreClient proxy=class org.apache.hadoop.hive.ql.metadata.SessionHiveMetaStoreClient ugi=alex (auth:SIMPLE) retries=1 delay=1 lifetime=0
2024-04-24T08:08:47,300  INFO [main] service.CompositeService: Operation log root directory is created: /home/alex/Repositories/hive/beeline/target/tmp/alex/operation_logs
2024-04-24T08:08:47,300  INFO [main] service.CompositeService: HiveServer2: Background operation thread pool size: 100
2024-04-24T08:08:47,300  INFO [main] service.CompositeService: HiveServer2: Background operation thread wait queue size: 100
2024-04-24T08:08:47,300  INFO [main] service.CompositeService: HiveServer2: Background operation thread keepalive time: 10 seconds
2024-04-24T08:08:47,300  INFO [main] service.CompositeService: Connections limit are user: 0 ipaddress: 0 user-ipaddress: 0
2024-04-24T08:08:47,301  INFO [main] cleanup.EventualCleanupService: EventualCleanupService started with 10 threads and queue of size 10000
ERROR StatusLogger Log4j2 ConfigurationScheduler attempted to increment scheduled items after start
ERROR StatusLogger Log4j2 ConfigurationScheduler attempted to increment scheduled items after start
2024-04-24T08:08:47,303  INFO [main] service.AbstractService: Service:OperationManager is inited.
2024-04-24T08:08:47,303  INFO [main] service.AbstractService: Service:SessionManager is inited.
2024-04-24T08:08:47,303  INFO [main] service.AbstractService: Service:CLIService is inited.
2024-04-24T08:08:47,303  INFO [main] service.AbstractService: Service:OperationManager is started.
2024-04-24T08:08:47,303  INFO [main] service.AbstractService: Service:SessionManager is started.
2024-04-24T08:08:47,303  INFO [main] service.AbstractService: Service:CLIService is started.
2024-04-24T08:08:47,303  INFO [main] service.AbstractService: Service:ThriftBinaryCLIService is inited.
2024-04-24T08:08:47,304  INFO [main] thrift.ThriftCLIService: Client protocol version: HIVE_CLI_SERVICE_PROTOCOL_V10
2024-04-24T08:08:47,304  INFO [main] thrift.ThriftCLIService: Creating Hive session handle for user [null] from IP null
2024-04-24T08:08:47,306  INFO [main] DependencyResolver: ivysettings.xml file not found in HIVE_HOME or HIVE_CONF_DIR,/home/alex/Repositories/hive/conf/ivysettings.xml will be used
2024-04-24T08:08:47,313  INFO [main] session.SessionState: Created HDFS directory: /tmp/hive/alex/e65882b9-4771-4ed2-b1df-0e4d5f66bba9
2024-04-24T08:08:47,317  INFO [main] session.SessionState: Created local directory: /home/alex/Repositories/hive/beeline/target/tmp/alex/e65882b9-4771-4ed2-b1df-0e4d5f66bba9
2024-04-24T08:08:47,320  INFO [main] session.SessionState: Created HDFS directory: /tmp/hive/alex/e65882b9-4771-4ed2-b1df-0e4d5f66bba9/_tmp_space.db
2024-04-24T08:08:47,321  INFO [main] session.SessionState: Reloading auxiliary JAR files
2024-04-24T08:08:47,321  WARN [main] session.SessionState: Configuration hive.reloadable.aux.jars.path not specified
2024-04-24T08:08:47,321  INFO [main] HiveMetaStore.audit: ugi=alex	ip=unknown-ip-addr	cmd=Cleaning up thread local RawStore...	
2024-04-24T08:08:47,321  INFO [main] metastore.ObjectStore: RawStore: org.apache.hadoop.hive.metastore.ObjectStore@3c16528d, with PersistenceManager: org.datanucleus.api.jdo.JDOPersistenceManager@2e45a357 will be shutdown
2024-04-24T08:08:47,321  INFO [main] HiveMetaStore.audit: ugi=alex	ip=unknown-ip-addr	cmd=Done cleaning up thread local RawStore	
2024-04-24T08:08:47,321  INFO [main] metastore.HiveMetaStoreClient: Closed a connection to metastore, current connections: -5
2024-04-24T08:08:47,321  INFO [main] session.HiveSessionImpl: Operation log session directory is created: /home/alex/Repositories/hive/beeline/target/tmp/alex/operation_logs/e65882b9-4771-4ed2-b1df-0e4d5f66bba9
2024-04-24T08:08:47,321  INFO [main] service.CompositeService: Session opened, SessionHandle [e65882b9-4771-4ed2-b1df-0e4d5f66bba9], current sessions:1
2024-04-24T08:08:47,321  INFO [main] thrift.ThriftCLIService: Login attempt is successful for user : null
2024-04-24T08:08:47,373  WARN [main] conf.HiveConf: HiveConf of name hive.dummyparam.test.server.specific.config.metastoresite does not exist
2024-04-24T08:08:47,374  WARN [main] conf.HiveConf: HiveConf of name hive.dummyparam.test.server.specific.config.hiveserver2site does not exist
2024-04-24T08:08:47,374  WARN [main] conf.HiveConf: HiveConf of name hive.dummyparam.test.server.specific.config.override does not exist
2024-04-24T08:08:47,374  INFO [e65882b9-4771-4ed2-b1df-0e4d5f66bba9 main] session.HiveSessionImpl: executing set
2024-04-24T08:08:47,375  INFO [e65882b9-4771-4ed2-b1df-0e4d5f66bba9 main] operation.HiveCommandOperation: Putting temp output to file /home/alex/Repositories/hive/beeline/target/tmp/alex/e65882b9-4771-4ed2-b1df-0e4d5f66bba91163474455820956126.pipeout and error output to file /home/alex/Repositories/hive/beeline/target/tmp/alex/e65882b9-4771-4ed2-b1df-0e4d5f66bba97230193922574850852.pipeout
2024-04-24T08:08:47,376  INFO [e65882b9-4771-4ed2-b1df-0e4d5f66bba9 main] operation.OperationManager: Adding operation: OperationHandle [opType=EXECUTE_STATEMENT, getHandleIdentifier()=37ce00ec-4796-4b20-88b1-b1e22560a56b] SessionHandle [e65882b9-4771-4ed2-b1df-0e4d5f66bba9]
2024-04-24T08:08:47,376  INFO [e65882b9-4771-4ed2-b1df-0e4d5f66bba9 main] common.LogUtils: Thread context registration is done.
DEBUG StatusLogger Building Plugin[name=filter, class=org.apache.hadoop.hive.ql.log.LogDivertAppender$NameFilter].
DEBUG StatusLogger createFilter(loggingLevel="EXECUTION")
DEBUG StatusLogger Building Plugin[name=layout, class=org.apache.logging.log4j.core.layout.PatternLayout].
DEBUG StatusLogger PatternLayout$Builder(pattern="%-5p : %m%n", header="null", disableAnsi="null", footer="null", alwaysWriteExceptions="null", Configuration(HiveLog4j2Test), noConsoleNoAnsi="null", Replace=null, charset="null", PatternSelector=null)
DEBUG StatusLogger Building Plugin[name=appender, class=org.apache.hadoop.hive.ql.log.HushableRandomAccessFileAppender].
DEBUG StatusLogger createAppender(fileName="/home/alex/Repositories/hive/beeline/target/tmp/alex/operation_logs/e65882b9-4771-4ed2-b1df-0e4d5f66bba9/alex_20240424080847_d2acfb1c-7789-4dbb-b801-4bea32705f16", append="null", name="query-file-appender", immediateFlush="null", bufferSize="null", ignoreExceptions="null", PatternLayout(org.apache.logging.log4j.core.layout.PatternLayout with name PatternLayout), NameFilter(org.apache.hadoop.hive.ql.log.LogDivertAppender$NameFilter with name NameFilter), advertise="null", advertiseURI="null", Configuration(HiveLog4j2Test))
DEBUG StatusLogger Starting RandomAccessFileManager /home/alex/Repositories/hive/beeline/target/tmp/alex/operation_logs/e65882b9-4771-4ed2-b1df-0e4d5f66bba9/alex_20240424080847_d2acfb1c-7789-4dbb-b801-4bea32705f16
DEBUG StatusLogger Building Plugin[name=, class=org.apache.hadoop.hive.ql.log.LogDivertAppenderForTest$TestFilter].
DEBUG StatusLogger createFilter()
DEBUG StatusLogger Building Plugin[name=, class=org.apache.logging.log4j.core.layout.PatternLayout].
DEBUG StatusLogger PatternLayout$Builder(noConsoleNoAnsi="null", disableAnsi="null", charset="null", pattern="%-5p : %m%n", alwaysWriteExceptions="null", footer="null", Replace=null, Configuration(HiveLog4j2Test), PatternSelector=null, header="null")
DEBUG StatusLogger Building Plugin[name=appender, class=org.apache.hadoop.hive.ql.log.HushableRandomAccessFileAppender].
DEBUG StatusLogger createAppender(fileName="/home/alex/Repositories/hive/beeline/target/tmp/alex/operation_logs/e65882b9-4771-4ed2-b1df-0e4d5f66bba9/alex_20240424080847_d2acfb1c-7789-4dbb-b801-4bea32705f16.test", append="null", name="test-query-file-appender", immediateFlush="null", bufferSize="null", ignoreExceptions="null", PatternLayout(org.apache.logging.log4j.core.layout.PatternLayout with name PatternLayout), test-filter(org.apache.hadoop.hive.ql.log.LogDivertAppenderForTest$TestFilter with name test-filter), advertise="null", advertiseURI="null", Configuration(HiveLog4j2Test))
DEBUG StatusLogger Starting RandomAccessFileManager /home/alex/Repositories/hive/beeline/target/tmp/alex/operation_logs/e65882b9-4771-4ed2-b1df-0e4d5f66bba9/alex_20240424080847_d2acfb1c-7789-4dbb-b801-4bea32705f16.test
2024-04-24T08:08:47,384  INFO [e65882b9-4771-4ed2-b1df-0e4d5f66bba9 main] operation.HiveCommandOperation: [opType=EXECUTE_STATEMENT, queryId=alex_20240424080847_d2acfb1c-7789-4dbb-b801-4bea32705f16, startTime=1713971327374, sessionId=e65882b9-4771-4ed2-b1df-0e4d5f66bba9, createTime=1713971327304, userName=null, ipAddress=null]
2024-04-24T08:08:47,490  INFO [e65882b9-4771-4ed2-b1df-0e4d5f66bba9 main] common.LogUtils: Unregistered logging context.
2024-04-24T08:08:47,493  INFO [e65882b9-4771-4ed2-b1df-0e4d5f66bba9 main] operation.OperationManager: Closing operation: OperationHandle [opType=EXECUTE_STATEMENT, getHandleIdentifier()=37ce00ec-4796-4b20-88b1-b1e22560a56b]
2024-04-24T08:08:47,493  INFO [e65882b9-4771-4ed2-b1df-0e4d5f66bba9 main] operation.OperationManager: Removed queryId: alex_20240424080847_d2acfb1c-7789-4dbb-b801-4bea32705f16 corresponding to operation: OperationHandle [opType=EXECUTE_STATEMENT, getHandleIdentifier()=37ce00ec-4796-4b20-88b1-b1e22560a56b] with tag: null
2024-04-24T08:08:47,494  INFO [e65882b9-4771-4ed2-b1df-0e4d5f66bba9 main] operation.HiveCommandOperation: Closing operation log /home/alex/Repositories/hive/beeline/target/tmp/alex/operation_logs/e65882b9-4771-4ed2-b1df-0e4d5f66bba9/alex_20240424080847_d2acfb1c-7789-4dbb-b801-4bea32705f16 without delay
2024-04-24T08:08:47,497  INFO [e65882b9-4771-4ed2-b1df-0e4d5f66bba9 main] session.HiveSessionImpl: executing use test
2024-04-24T08:08:47,498  INFO [e65882b9-4771-4ed2-b1df-0e4d5f66bba9 main] operation.OperationManager: Adding operation: OperationHandle [opType=EXECUTE_STATEMENT, getHandleIdentifier()=6d7dccc4-142b-4d87-a939-022370162e23] SessionHandle [e65882b9-4771-4ed2-b1df-0e4d5f66bba9]
2024-04-24T08:08:47,498  INFO [e65882b9-4771-4ed2-b1df-0e4d5f66bba9 main] common.LogUtils: Thread context registration is done.
DEBUG StatusLogger Building Plugin[name=filter, class=org.apache.hadoop.hive.ql.log.LogDivertAppender$NameFilter].
DEBUG StatusLogger createFilter(loggingLevel="EXECUTION")
DEBUG StatusLogger Building Plugin[name=layout, class=org.apache.logging.log4j.core.layout.PatternLayout].
DEBUG StatusLogger PatternLayout$Builder(noConsoleNoAnsi="null", charset="null", footer="null", alwaysWriteExceptions="null", header="null", Configuration(HiveLog4j2Test), pattern="%-5p : %m%n", PatternSelector=null, Replace=null, disableAnsi="null")
DEBUG StatusLogger Building Plugin[name=appender, class=org.apache.hadoop.hive.ql.log.HushableRandomAccessFileAppender].
DEBUG StatusLogger createAppender(fileName="/home/alex/Repositories/hive/beeline/target/tmp/alex/operation_logs/e65882b9-4771-4ed2-b1df-0e4d5f66bba9/alex_20240424080847_dbc4e5c4-22aa-47ef-b389-41e275b83696", append="null", name="query-file-appender", immediateFlush="null", bufferSize="null", ignoreExceptions="null", PatternLayout(org.apache.logging.log4j.core.layout.PatternLayout with name PatternLayout), NameFilter(org.apache.hadoop.hive.ql.log.LogDivertAppender$NameFilter with name NameFilter), advertise="null", advertiseURI="null", Configuration(HiveLog4j2Test))
DEBUG StatusLogger Starting RandomAccessFileManager /home/alex/Repositories/hive/beeline/target/tmp/alex/operation_logs/e65882b9-4771-4ed2-b1df-0e4d5f66bba9/alex_20240424080847_dbc4e5c4-22aa-47ef-b389-41e275b83696
DEBUG StatusLogger Building Plugin[name=, class=org.apache.hadoop.hive.ql.log.LogDivertAppenderForTest$TestFilter].
DEBUG StatusLogger createFilter()
DEBUG StatusLogger Building Plugin[name=, class=org.apache.logging.log4j.core.layout.PatternLayout].
DEBUG StatusLogger PatternLayout$Builder(noConsoleNoAnsi="null", header="null", disableAnsi="null", footer="null", PatternSelector=null, charset="null", pattern="%-5p : %m%n", alwaysWriteExceptions="null", Replace=null, Configuration(HiveLog4j2Test))
DEBUG StatusLogger Building Plugin[name=appender, class=org.apache.hadoop.hive.ql.log.HushableRandomAccessFileAppender].
DEBUG StatusLogger createAppender(fileName="/home/alex/Repositories/hive/beeline/target/tmp/alex/operation_logs/e65882b9-4771-4ed2-b1df-0e4d5f66bba9/alex_20240424080847_dbc4e5c4-22aa-47ef-b389-41e275b83696.test", append="null", name="test-query-file-appender", immediateFlush="null", bufferSize="null", ignoreExceptions="null", PatternLayout(org.apache.logging.log4j.core.layout.PatternLayout with name PatternLayout), test-filter(org.apache.hadoop.hive.ql.log.LogDivertAppenderForTest$TestFilter with name test-filter), advertise="null", advertiseURI="null", Configuration(HiveLog4j2Test))
DEBUG StatusLogger Starting RandomAccessFileManager /home/alex/Repositories/hive/beeline/target/tmp/alex/operation_logs/e65882b9-4771-4ed2-b1df-0e4d5f66bba9/alex_20240424080847_dbc4e5c4-22aa-47ef-b389-41e275b83696.test
2024-04-24T08:08:47,507  INFO [e65882b9-4771-4ed2-b1df-0e4d5f66bba9 main] operation.SQLOperation: [opType=EXECUTE_STATEMENT, queryId=alex_20240424080847_dbc4e5c4-22aa-47ef-b389-41e275b83696, startTime=1713971327497, sessionId=e65882b9-4771-4ed2-b1df-0e4d5f66bba9, createTime=1713971327304, userName=null, ipAddress=null]
2024-04-24T08:08:47,508  INFO [e65882b9-4771-4ed2-b1df-0e4d5f66bba9 main] ql.Driver: Compiling command(queryId=alex_20240424080847_dbc4e5c4-22aa-47ef-b389-41e275b83696): use test
2024-04-24T08:08:47,509  INFO [e65882b9-4771-4ed2-b1df-0e4d5f66bba9 main] metastore.HiveMetaStoreClient: HMS client filtering is enabled.
2024-04-24T08:08:47,511  INFO [e65882b9-4771-4ed2-b1df-0e4d5f66bba9 main] metastore.HMSHandler: 0: Opening raw store with implementation class:org.apache.hadoop.hive.metastore.ObjectStore
2024-04-24T08:08:47,511  INFO [e65882b9-4771-4ed2-b1df-0e4d5f66bba9 main] metastore.PersistenceManagerProvider: Configuration datanucleus.autoStartMechanismMode is not set. Defaulting to 'ignored'
2024-04-24T08:08:47,512  INFO [e65882b9-4771-4ed2-b1df-0e4d5f66bba9 main] metastore.ObjectStore: RawStore: org.apache.hadoop.hive.metastore.ObjectStore@60928a61, with PersistenceManager: null will be shutdown
2024-04-24T08:08:47,512  INFO [e65882b9-4771-4ed2-b1df-0e4d5f66bba9 main] metastore.ObjectStore: RawStore: org.apache.hadoop.hive.metastore.ObjectStore@60928a61, with PersistenceManager: org.datanucleus.api.jdo.JDOPersistenceManager@27358a19 created in the thread with id: 1
2024-04-24T08:08:47,516  INFO [e65882b9-4771-4ed2-b1df-0e4d5f66bba9 main] metastore.HMSHandler: Created RawStore: org.apache.hadoop.hive.metastore.ObjectStore@60928a61 from thread id: 1
2024-04-24T08:08:47,516  INFO [e65882b9-4771-4ed2-b1df-0e4d5f66bba9 main] metastore.HMSHandler: HMS server filtering is disabled by configuration
2024-04-24T08:08:47,517  INFO [e65882b9-4771-4ed2-b1df-0e4d5f66bba9 main] metastore.RetryingMetaStoreClient: RetryingMetaStoreClient proxy=class org.apache.hadoop.hive.ql.metadata.SessionHiveMetaStoreClient ugi=alex (auth:SIMPLE) retries=1 delay=1 lifetime=0
2024-04-24T08:08:47,517  INFO [e65882b9-4771-4ed2-b1df-0e4d5f66bba9 main] HiveMetaStore.audit: ugi=alex	ip=unknown-ip-addr	cmd=get_database: test	
2024-04-24T08:08:47,519  INFO [e65882b9-4771-4ed2-b1df-0e4d5f66bba9 main] ql.Driver: Semantic Analysis Completed (retrial = false)
2024-04-24T08:08:47,519  INFO [e65882b9-4771-4ed2-b1df-0e4d5f66bba9 main] ql.Driver: Created Hive schema: Schema(fieldSchemas:null, properties:null)
2024-04-24T08:08:47,519  INFO [e65882b9-4771-4ed2-b1df-0e4d5f66bba9 main] metadata.Hive: Dumping metastore api call timing information for : compilation phase
2024-04-24T08:08:47,520  INFO [e65882b9-4771-4ed2-b1df-0e4d5f66bba9 main] metadata.Hive: Total time spent in each metastore function (ms): {flushCache_()=0, getDatabase_(String)=2, isCompatibleWith_(Configuration)=0}
2024-04-24T08:08:47,520  INFO [e65882b9-4771-4ed2-b1df-0e4d5f66bba9 main] ql.Driver: Completed compiling command(queryId=alex_20240424080847_dbc4e5c4-22aa-47ef-b389-41e275b83696); Time taken: 0.011 seconds
2024-04-24T08:08:47,522  INFO [e65882b9-4771-4ed2-b1df-0e4d5f66bba9 main] common.LogUtils: Unregistered logging context.
2024-04-24T08:08:47,522  INFO [HiveServer2-Background-Pool: Thread-136] common.LogUtils: Thread context registration is done.
2024-04-24T08:08:47,522  INFO [HiveServer2-Background-Pool: Thread-136] reexec.ReExecDriver: Execution #1 of query
2024-04-24T08:08:47,522  INFO [HiveServer2-Background-Pool: Thread-136] ql.Driver: Concurrency mode is disabled, not creating a lock manager
2024-04-24T08:08:47,523  INFO [HiveServer2-Background-Pool: Thread-136] ql.Driver: Executing command(queryId=alex_20240424080847_dbc4e5c4-22aa-47ef-b389-41e275b83696): use test
2024-04-24T08:08:47,523  INFO [HiveServer2-Background-Pool: Thread-136] ql.Driver: Starting task [Stage-0:DDL] in serial mode
2024-04-24T08:08:47,525  INFO [HiveServer2-Background-Pool: Thread-136] HiveMetaStore.audit: ugi=alex	ip=unknown-ip-addr	cmd=get_database: test	
2024-04-24T08:08:47,527  INFO [HiveServer2-Background-Pool: Thread-136] metastore.HMSHandler: 4: Opening raw store with implementation class:org.apache.hadoop.hive.metastore.ObjectStore
2024-04-24T08:08:47,528  INFO [HiveServer2-Background-Pool: Thread-136] metastore.ObjectStore: RawStore: org.apache.hadoop.hive.metastore.ObjectStore@13bab947, with PersistenceManager: null will be shutdown
2024-04-24T08:08:47,528  INFO [HiveServer2-Background-Pool: Thread-136] metastore.ObjectStore: RawStore: org.apache.hadoop.hive.metastore.ObjectStore@13bab947, with PersistenceManager: org.datanucleus.api.jdo.JDOPersistenceManager@56b82554 created in the thread with id: 136
2024-04-24T08:08:47,532  INFO [HiveServer2-Background-Pool: Thread-136] metastore.HMSHandler: Created RawStore: org.apache.hadoop.hive.metastore.ObjectStore@13bab947 from thread id: 136
2024-04-24T08:08:47,534  INFO [HiveServer2-Background-Pool: Thread-136] HiveMetaStore.audit: ugi=alex	ip=unknown-ip-addr	cmd=get_database: test	
2024-04-24T08:08:47,536  INFO [HiveServer2-Background-Pool: Thread-136] metadata.Hive: Dumping metastore api call timing information for : execution phase
2024-04-24T08:08:47,536  INFO [HiveServer2-Background-Pool: Thread-136] metadata.Hive: Total time spent in each metastore function (ms): {getDatabase_(String)=12, isCompatibleWith_(Configuration)=0}
2024-04-24T08:08:47,537  INFO [HiveServer2-Background-Pool: Thread-136] ql.Driver: Completed executing command(queryId=alex_20240424080847_dbc4e5c4-22aa-47ef-b389-41e275b83696); Time taken: 0.013 seconds
2024-04-24T08:08:47,537  INFO [HiveServer2-Background-Pool: Thread-136] common.LogUtils: Unregistered logging context.
2024-04-24T08:08:47,540  INFO [e65882b9-4771-4ed2-b1df-0e4d5f66bba9 main] operation.OperationManager: Closing operation: OperationHandle [opType=EXECUTE_STATEMENT, getHandleIdentifier()=6d7dccc4-142b-4d87-a939-022370162e23]
2024-04-24T08:08:47,540  INFO [e65882b9-4771-4ed2-b1df-0e4d5f66bba9 main] operation.OperationManager: Removed queryId: alex_20240424080847_dbc4e5c4-22aa-47ef-b389-41e275b83696 corresponding to operation: OperationHandle [opType=EXECUTE_STATEMENT, getHandleIdentifier()=6d7dccc4-142b-4d87-a939-022370162e23] with tag: null
2024-04-24T08:08:47,540  INFO [e65882b9-4771-4ed2-b1df-0e4d5f66bba9 main] operation.SQLOperation: Closing operation log /home/alex/Repositories/hive/beeline/target/tmp/alex/operation_logs/e65882b9-4771-4ed2-b1df-0e4d5f66bba9/alex_20240424080847_dbc4e5c4-22aa-47ef-b389-41e275b83696 without delay
2024-04-24T08:08:47,642  WARN [main] conf.HiveConf: HiveConf of name hive.dummyparam.test.server.specific.config.override does not exist
2024-04-24T08:08:47,643  WARN [main] conf.HiveConf: HiveConf of name hive.dummyparam.test.server.specific.config.metastoresite does not exist
2024-04-24T08:08:47,643  WARN [main] conf.HiveConf: HiveConf of name hive.dummyparam.test.server.specific.config.hiveserver2site does not exist
2024-04-24T08:08:47,643  INFO [e65882b9-4771-4ed2-b1df-0e4d5f66bba9 main] session.HiveSessionImpl: executing set
2024-04-24T08:08:47,645  INFO [e65882b9-4771-4ed2-b1df-0e4d5f66bba9 main] operation.HiveCommandOperation: Putting temp output to file /home/alex/Repositories/hive/beeline/target/tmp/alex/e65882b9-4771-4ed2-b1df-0e4d5f66bba91163474455820956126.pipeout and error output to file /home/alex/Repositories/hive/beeline/target/tmp/alex/e65882b9-4771-4ed2-b1df-0e4d5f66bba97230193922574850852.pipeout
2024-04-24T08:08:47,645  INFO [e65882b9-4771-4ed2-b1df-0e4d5f66bba9 main] operation.OperationManager: Adding operation: OperationHandle [opType=EXECUTE_STATEMENT, getHandleIdentifier()=1fa2ce7a-979d-4a0a-b9d2-b383ed077a9f] SessionHandle [e65882b9-4771-4ed2-b1df-0e4d5f66bba9]
2024-04-24T08:08:47,645  INFO [e65882b9-4771-4ed2-b1df-0e4d5f66bba9 main] common.LogUtils: Thread context registration is done.
DEBUG StatusLogger Building Plugin[name=filter, class=org.apache.hadoop.hive.ql.log.LogDivertAppender$NameFilter].
DEBUG StatusLogger createFilter(loggingLevel="EXECUTION")
DEBUG StatusLogger Building Plugin[name=layout, class=org.apache.logging.log4j.core.layout.PatternLayout].
DEBUG StatusLogger PatternLayout$Builder(PatternSelector=null, disableAnsi="null", footer="null", charset="null", alwaysWriteExceptions="null", pattern="%-5p : %m%n", noConsoleNoAnsi="null", header="null", Replace=null, Configuration(HiveLog4j2Test))
DEBUG StatusLogger Building Plugin[name=appender, class=org.apache.hadoop.hive.ql.log.HushableRandomAccessFileAppender].
DEBUG StatusLogger createAppender(fileName="/home/alex/Repositories/hive/beeline/target/tmp/alex/operation_logs/e65882b9-4771-4ed2-b1df-0e4d5f66bba9/alex_20240424080847_b7effcc1-fb21-40b0-93f8-e3dd76f527f2", append="null", name="query-file-appender", immediateFlush="null", bufferSize="null", ignoreExceptions="null", PatternLayout(org.apache.logging.log4j.core.layout.PatternLayout with name PatternLayout), NameFilter(org.apache.hadoop.hive.ql.log.LogDivertAppender$NameFilter with name NameFilter), advertise="null", advertiseURI="null", Configuration(HiveLog4j2Test))
DEBUG StatusLogger Starting RandomAccessFileManager /home/alex/Repositories/hive/beeline/target/tmp/alex/operation_logs/e65882b9-4771-4ed2-b1df-0e4d5f66bba9/alex_20240424080847_b7effcc1-fb21-40b0-93f8-e3dd76f527f2
DEBUG StatusLogger Building Plugin[name=, class=org.apache.hadoop.hive.ql.log.LogDivertAppenderForTest$TestFilter].
DEBUG StatusLogger createFilter()
DEBUG StatusLogger Building Plugin[name=, class=org.apache.logging.log4j.core.layout.PatternLayout].
DEBUG StatusLogger PatternLayout$Builder(noConsoleNoAnsi="null", Configuration(HiveLog4j2Test), PatternSelector=null, pattern="%-5p : %m%n", charset="null", alwaysWriteExceptions="null", footer="null", header="null", disableAnsi="null", Replace=null)
DEBUG StatusLogger Building Plugin[name=appender, class=org.apache.hadoop.hive.ql.log.HushableRandomAccessFileAppender].
DEBUG StatusLogger createAppender(fileName="/home/alex/Repositories/hive/beeline/target/tmp/alex/operation_logs/e65882b9-4771-4ed2-b1df-0e4d5f66bba9/alex_20240424080847_b7effcc1-fb21-40b0-93f8-e3dd76f527f2.test", append="null", name="test-query-file-appender", immediateFlush="null", bufferSize="null", ignoreExceptions="null", PatternLayout(org.apache.logging.log4j.core.layout.PatternLayout with name PatternLayout), test-filter(org.apache.hadoop.hive.ql.log.LogDivertAppenderForTest$TestFilter with name test-filter), advertise="null", advertiseURI="null", Configuration(HiveLog4j2Test))
DEBUG StatusLogger Starting RandomAccessFileManager /home/alex/Repositories/hive/beeline/target/tmp/alex/operation_logs/e65882b9-4771-4ed2-b1df-0e4d5f66bba9/alex_20240424080847_b7effcc1-fb21-40b0-93f8-e3dd76f527f2.test
2024-04-24T08:08:47,654  INFO [e65882b9-4771-4ed2-b1df-0e4d5f66bba9 main] operation.HiveCommandOperation: [opType=EXECUTE_STATEMENT, queryId=alex_20240424080847_b7effcc1-fb21-40b0-93f8-e3dd76f527f2, startTime=1713971327644, sessionId=e65882b9-4771-4ed2-b1df-0e4d5f66bba9, createTime=1713971327304, userName=null, ipAddress=null]
2024-04-24T08:08:47,779  INFO [e65882b9-4771-4ed2-b1df-0e4d5f66bba9 main] common.LogUtils: Unregistered logging context.
2024-04-24T08:08:47,782  INFO [e65882b9-4771-4ed2-b1df-0e4d5f66bba9 main] operation.OperationManager: Closing operation: OperationHandle [opType=EXECUTE_STATEMENT, getHandleIdentifier()=1fa2ce7a-979d-4a0a-b9d2-b383ed077a9f]
2024-04-24T08:08:47,782  INFO [e65882b9-4771-4ed2-b1df-0e4d5f66bba9 main] operation.OperationManager: Removed queryId: alex_20240424080847_b7effcc1-fb21-40b0-93f8-e3dd76f527f2 corresponding to operation: OperationHandle [opType=EXECUTE_STATEMENT, getHandleIdentifier()=1fa2ce7a-979d-4a0a-b9d2-b383ed077a9f] with tag: null
2024-04-24T08:08:47,782  INFO [e65882b9-4771-4ed2-b1df-0e4d5f66bba9 main] operation.HiveCommandOperation: Closing operation log /home/alex/Repositories/hive/beeline/target/tmp/alex/operation_logs/e65882b9-4771-4ed2-b1df-0e4d5f66bba9/alex_20240424080847_b7effcc1-fb21-40b0-93f8-e3dd76f527f2 without delay
2024-04-24T08:08:47,784  INFO [e65882b9-4771-4ed2-b1df-0e4d5f66bba9 main] session.HiveSessionImpl: executing show tables
2024-04-24T08:08:47,786  INFO [e65882b9-4771-4ed2-b1df-0e4d5f66bba9 main] operation.OperationManager: Adding operation: OperationHandle [opType=EXECUTE_STATEMENT, getHandleIdentifier()=3bace852-f3e3-43c1-967d-22a1f3e13e11] SessionHandle [e65882b9-4771-4ed2-b1df-0e4d5f66bba9]
2024-04-24T08:08:47,786  INFO [e65882b9-4771-4ed2-b1df-0e4d5f66bba9 main] common.LogUtils: Thread context registration is done.
DEBUG StatusLogger Building Plugin[name=filter, class=org.apache.hadoop.hive.ql.log.LogDivertAppender$NameFilter].
DEBUG StatusLogger createFilter(loggingLevel="EXECUTION")
DEBUG StatusLogger Building Plugin[name=layout, class=org.apache.logging.log4j.core.layout.PatternLayout].
DEBUG StatusLogger PatternLayout$Builder(Replace=null, Configuration(HiveLog4j2Test), noConsoleNoAnsi="null", footer="null", disableAnsi="null", alwaysWriteExceptions="null", charset="null", pattern="%-5p : %m%n", header="null", PatternSelector=null)
DEBUG StatusLogger Building Plugin[name=appender, class=org.apache.hadoop.hive.ql.log.HushableRandomAccessFileAppender].
DEBUG StatusLogger createAppender(fileName="/home/alex/Repositories/hive/beeline/target/tmp/alex/operation_logs/e65882b9-4771-4ed2-b1df-0e4d5f66bba9/alex_20240424080847_9379a21d-e3bb-4eac-be8f-ce638f58d7bf", append="null", name="query-file-appender", immediateFlush="null", bufferSize="null", ignoreExceptions="null", PatternLayout(org.apache.logging.log4j.core.layout.PatternLayout with name PatternLayout), NameFilter(org.apache.hadoop.hive.ql.log.LogDivertAppender$NameFilter with name NameFilter), advertise="null", advertiseURI="null", Configuration(HiveLog4j2Test))
DEBUG StatusLogger Starting RandomAccessFileManager /home/alex/Repositories/hive/beeline/target/tmp/alex/operation_logs/e65882b9-4771-4ed2-b1df-0e4d5f66bba9/alex_20240424080847_9379a21d-e3bb-4eac-be8f-ce638f58d7bf
DEBUG StatusLogger Building Plugin[name=, class=org.apache.hadoop.hive.ql.log.LogDivertAppenderForTest$TestFilter].
DEBUG StatusLogger createFilter()
DEBUG StatusLogger Building Plugin[name=, class=org.apache.logging.log4j.core.layout.PatternLayout].
DEBUG StatusLogger PatternLayout$Builder(charset="null", noConsoleNoAnsi="null", Configuration(HiveLog4j2Test), alwaysWriteExceptions="null", Replace=null, header="null", PatternSelector=null, footer="null", pattern="%-5p : %m%n", disableAnsi="null")
DEBUG StatusLogger Building Plugin[name=appender, class=org.apache.hadoop.hive.ql.log.HushableRandomAccessFileAppender].
DEBUG StatusLogger createAppender(fileName="/home/alex/Repositories/hive/beeline/target/tmp/alex/operation_logs/e65882b9-4771-4ed2-b1df-0e4d5f66bba9/alex_20240424080847_9379a21d-e3bb-4eac-be8f-ce638f58d7bf.test", append="null", name="test-query-file-appender", immediateFlush="null", bufferSize="null", ignoreExceptions="null", PatternLayout(org.apache.logging.log4j.core.layout.PatternLayout with name PatternLayout), test-filter(org.apache.hadoop.hive.ql.log.LogDivertAppenderForTest$TestFilter with name test-filter), advertise="null", advertiseURI="null", Configuration(HiveLog4j2Test))
DEBUG StatusLogger Starting RandomAccessFileManager /home/alex/Repositories/hive/beeline/target/tmp/alex/operation_logs/e65882b9-4771-4ed2-b1df-0e4d5f66bba9/alex_20240424080847_9379a21d-e3bb-4eac-be8f-ce638f58d7bf.test
2024-04-24T08:08:47,795  INFO [e65882b9-4771-4ed2-b1df-0e4d5f66bba9 main] operation.SQLOperation: [opType=EXECUTE_STATEMENT, queryId=alex_20240424080847_9379a21d-e3bb-4eac-be8f-ce638f58d7bf, startTime=1713971327785, sessionId=e65882b9-4771-4ed2-b1df-0e4d5f66bba9, createTime=1713971327304, userName=null, ipAddress=null]
2024-04-24T08:08:47,796  INFO [e65882b9-4771-4ed2-b1df-0e4d5f66bba9 main] ql.Driver: Compiling command(queryId=alex_20240424080847_9379a21d-e3bb-4eac-be8f-ce638f58d7bf): show tables
2024-04-24T08:08:47,802  INFO [e65882b9-4771-4ed2-b1df-0e4d5f66bba9 main] HiveMetaStore.audit: ugi=alex	ip=unknown-ip-addr	cmd=get_database: test	
2024-04-24T08:08:47,807  INFO [e65882b9-4771-4ed2-b1df-0e4d5f66bba9 main] ql.Driver: Semantic Analysis Completed (retrial = false)
2024-04-24T08:08:47,830  INFO [e65882b9-4771-4ed2-b1df-0e4d5f66bba9 main] ql.Driver: Created Hive schema: Schema(fieldSchemas:[FieldSchema(name:tab_name, type:string, comment:from deserializer)], properties:null)
2024-04-24T08:08:47,886  INFO [e65882b9-4771-4ed2-b1df-0e4d5f66bba9 main] exec.ListSinkOperator: Initializing Operator: LIST_SINK[0]
2024-04-24T08:08:47,892  INFO [e65882b9-4771-4ed2-b1df-0e4d5f66bba9 main] metadata.Hive: Dumping metastore api call timing information for : compilation phase
2024-04-24T08:08:47,892  INFO [e65882b9-4771-4ed2-b1df-0e4d5f66bba9 main] metadata.Hive: Total time spent in each metastore function (ms): {isCompatibleWith_(Configuration)=0, flushCache_()=0, getDatabase_(String)=3}
2024-04-24T08:08:47,893  INFO [e65882b9-4771-4ed2-b1df-0e4d5f66bba9 main] ql.Driver: Completed compiling command(queryId=alex_20240424080847_9379a21d-e3bb-4eac-be8f-ce638f58d7bf); Time taken: 0.096 seconds
2024-04-24T08:08:47,894  INFO [HiveServer2-Background-Pool: Thread-140] common.LogUtils: Thread context registration is done.
2024-04-24T08:08:47,894  INFO [e65882b9-4771-4ed2-b1df-0e4d5f66bba9 main] common.LogUtils: Unregistered logging context.
2024-04-24T08:08:47,894  INFO [HiveServer2-Background-Pool: Thread-140] reexec.ReExecDriver: Execution #1 of query
2024-04-24T08:08:47,894  INFO [HiveServer2-Background-Pool: Thread-140] ql.Driver: Concurrency mode is disabled, not creating a lock manager
2024-04-24T08:08:47,895  INFO [HiveServer2-Background-Pool: Thread-140] ql.Driver: Executing command(queryId=alex_20240424080847_9379a21d-e3bb-4eac-be8f-ce638f58d7bf): show tables
2024-04-24T08:08:47,896  INFO [HiveServer2-Background-Pool: Thread-140] ql.Driver: Starting task [Stage-0:DDL] in serial mode
2024-04-24T08:08:47,897  INFO [HiveServer2-Background-Pool: Thread-140] HiveMetaStore.audit: ugi=alex	ip=unknown-ip-addr	cmd=get_database: test	
2024-04-24T08:08:47,900  INFO [HiveServer2-Background-Pool: Thread-140] metastore.HMSHandler: 5: Opening raw store with implementation class:org.apache.hadoop.hive.metastore.ObjectStore
2024-04-24T08:08:47,901  INFO [HiveServer2-Background-Pool: Thread-140] metastore.ObjectStore: RawStore: org.apache.hadoop.hive.metastore.ObjectStore@781122cd, with PersistenceManager: null will be shutdown
2024-04-24T08:08:47,901  INFO [HiveServer2-Background-Pool: Thread-140] metastore.ObjectStore: RawStore: org.apache.hadoop.hive.metastore.ObjectStore@781122cd, with PersistenceManager: org.datanucleus.api.jdo.JDOPersistenceManager@3d13a3ab created in the thread with id: 140
2024-04-24T08:08:47,906  INFO [HiveServer2-Background-Pool: Thread-140] metastore.HMSHandler: Created RawStore: org.apache.hadoop.hive.metastore.ObjectStore@781122cd from thread id: 140
2024-04-24T08:08:47,913  INFO [HiveServer2-Background-Pool: Thread-140] HiveMetaStore.audit: ugi=alex	ip=unknown-ip-addr	cmd=get_multi_table : db=test tbls=null	
2024-04-24T08:08:47,935  INFO [HiveServer2-Background-Pool: Thread-140] sqlstd.SQLStdHiveAccessController: Created SQLStdHiveAccessController for session context : HiveAuthzSessionContext [sessionString=e65882b9-4771-4ed2-b1df-0e4d5f66bba9, clientType=HIVESERVER2]
2024-04-24T08:08:47,951  INFO [HiveServer2-Background-Pool: Thread-140] metadata.Hive: Dumping metastore api call timing information for : execution phase
2024-04-24T08:08:47,951  INFO [HiveServer2-Background-Pool: Thread-140] metadata.Hive: Total time spent in each metastore function (ms): {isCompatibleWith_(Configuration)=0, getDatabase_(String)=12, getTables_(String, String)=27}
2024-04-24T08:08:47,951  INFO [HiveServer2-Background-Pool: Thread-140] ql.Driver: Completed executing command(queryId=alex_20240424080847_9379a21d-e3bb-4eac-be8f-ce638f58d7bf); Time taken: 0.056 seconds
2024-04-24T08:08:47,952  INFO [HiveServer2-Background-Pool: Thread-140] common.LogUtils: Unregistered logging context.
2024-04-24T08:08:47,954  INFO [e65882b9-4771-4ed2-b1df-0e4d5f66bba9 main] operation.OperationManager: Closing operation: OperationHandle [opType=EXECUTE_STATEMENT, getHandleIdentifier()=3bace852-f3e3-43c1-967d-22a1f3e13e11]
2024-04-24T08:08:47,954  INFO [e65882b9-4771-4ed2-b1df-0e4d5f66bba9 main] operation.OperationManager: Removed queryId: alex_20240424080847_9379a21d-e3bb-4eac-be8f-ce638f58d7bf corresponding to operation: OperationHandle [opType=EXECUTE_STATEMENT, getHandleIdentifier()=3bace852-f3e3-43c1-967d-22a1f3e13e11] with tag: null
2024-04-24T08:08:47,954  INFO [e65882b9-4771-4ed2-b1df-0e4d5f66bba9 main] ql.Context: Deleting scratch dir: file:/home/alex/Repositories/hive/beeline/target/tmp/alex/e65882b9-4771-4ed2-b1df-0e4d5f66bba9/hive_2024-04-24_08-08-47_796_6199122061815479789-1
2024-04-24T08:08:47,954  INFO [e65882b9-4771-4ed2-b1df-0e4d5f66bba9 main] cleanup.EventualCleanupService: Delete file:/home/alex/Repositories/hive/beeline/target/tmp/alex/e65882b9-4771-4ed2-b1df-0e4d5f66bba9/hive_2024-04-24_08-08-47_796_6199122061815479789-1 operation was queued
2024-04-24T08:08:47,954  INFO [e65882b9-4771-4ed2-b1df-0e4d5f66bba9 main] exec.ListSinkOperator: Closing Operator: LIST_SINK[0]
2024-04-24T08:08:47,955  INFO [EventualCleanupService thread 0] cleanup.EventualCleanupService: Deleted file:/home/alex/Repositories/hive/beeline/target/tmp/alex/e65882b9-4771-4ed2-b1df-0e4d5f66bba9/hive_2024-04-24_08-08-47_796_6199122061815479789-1
2024-04-24T08:08:47,955  INFO [e65882b9-4771-4ed2-b1df-0e4d5f66bba9 main] exec.ListSinkOperator: RECORDS_OUT_OPERATOR_LIST_SINK_0:0, RECORDS_OUT_INTERMEDIATE:0, 
2024-04-24T08:08:47,955  INFO [e65882b9-4771-4ed2-b1df-0e4d5f66bba9 main] operation.SQLOperation: Closing operation log /home/alex/Repositories/hive/beeline/target/tmp/alex/operation_logs/e65882b9-4771-4ed2-b1df-0e4d5f66bba9/alex_20240424080847_9379a21d-e3bb-4eac-be8f-ce638f58d7bf without delay
2024-04-24T08:08:47,960  INFO [main] service.CompositeService: Session closed, SessionHandle [e65882b9-4771-4ed2-b1df-0e4d5f66bba9], current sessions:0
2024-04-24T08:08:47,960  INFO [e65882b9-4771-4ed2-b1df-0e4d5f66bba9 main] session.HiveSessionImpl: Operation log session directory is deleted: /home/alex/Repositories/hive/beeline/target/tmp/alex/operation_logs/e65882b9-4771-4ed2-b1df-0e4d5f66bba9
2024-04-24T08:08:47,961  INFO [main] cleanup.EventualCleanupService: Delete /tmp/hive/alex/e65882b9-4771-4ed2-b1df-0e4d5f66bba9 operation was queued
2024-04-24T08:08:47,961  INFO [main] cleanup.EventualCleanupService: Delete /home/alex/Repositories/hive/beeline/target/tmp/alex/e65882b9-4771-4ed2-b1df-0e4d5f66bba9 operation was queued
2024-04-24T08:08:47,961  INFO [EventualCleanupService thread 2] cleanup.EventualCleanupService: Deleted /home/alex/Repositories/hive/beeline/target/tmp/alex/e65882b9-4771-4ed2-b1df-0e4d5f66bba9
2024-04-24T08:08:47,961  INFO [EventualCleanupService thread 1] cleanup.EventualCleanupService: Deleted /tmp/hive/alex/e65882b9-4771-4ed2-b1df-0e4d5f66bba9
2024-04-24T08:08:47,962  INFO [main] HiveMetaStore.audit: ugi=alex	ip=unknown-ip-addr	cmd=Cleaning up thread local RawStore...	
2024-04-24T08:08:47,962  INFO [main] metastore.ObjectStore: RawStore: org.apache.hadoop.hive.metastore.ObjectStore@60928a61, with PersistenceManager: org.datanucleus.api.jdo.JDOPersistenceManager@27358a19 will be shutdown
2024-04-24T08:08:47,962  INFO [main] HiveMetaStore.audit: ugi=alex	ip=unknown-ip-addr	cmd=Done cleaning up thread local RawStore	
2024-04-24T08:08:47,962  INFO [main] metastore.HiveMetaStoreClient: Closed a connection to metastore, current connections: -6
2024-04-24T08:08:47,963 ERROR [main] cli.TestHiveCli: Failed due to the error:Connecting to jdbc:hive2://
Hive Session ID = 360b317a-eef1-48ac-bda5-c4562c3aeb76
ivysettings.xml file not found in HIVE_HOME or HIVE_CONF_DIR,/home/alex/Repositories/hive/conf/ivysettings.xml will be used
ivysettings.xml file not found in HIVE_HOME or HIVE_CONF_DIR,/home/alex/Repositories/hive/conf/ivysettings.xml will be used
Connected to: Apache Hive (version 4.0.0-SNAPSHOT)
Error: Couldn't load manifest attributes. (state=,code=0)
Transaction isolation: TRANSACTION_REPEATABLE_READ
INFO  : Compiling command(queryId=alex_20240424080847_dbc4e5c4-22aa-47ef-b389-41e275b83696): use test
INFO  : Semantic Analysis Completed (retrial = false)
INFO  : Created Hive schema: Schema(fieldSchemas:null, properties:null)
INFO  : Completed compiling command(queryId=alex_20240424080847_dbc4e5c4-22aa-47ef-b389-41e275b83696); Time taken: 0.011 seconds
INFO  : Concurrency mode is disabled, not creating a lock manager
INFO  : Executing command(queryId=alex_20240424080847_dbc4e5c4-22aa-47ef-b389-41e275b83696): use test
INFO  : Starting task [Stage-0:DDL] in serial mode
DEBUG : Task getting executed using mapred tag : alex_20240424080847_dbc4e5c4-22aa-47ef-b389-41e275b83696,userid=null
INFO  : Completed executing command(queryId=alex_20240424080847_dbc4e5c4-22aa-47ef-b389-41e275b83696); Time taken: 0.013 seconds
DEBUG : Shutting down query use test
Error: Failed to wait for operation to complete (state=08S01,code=0)
Beeline version ??? by Apache Hive
hive> source /home/alex/Repositories/hive/beeline/target/tmp/test9191930701350862061.sql;desc testSrcTbl4;
INFO  : Compiling command(queryId=alex_20240424080847_9379a21d-e3bb-4eac-be8f-ce638f58d7bf): show tables
INFO  : Semantic Analysis Completed (retrial = false)
INFO  : Created Hive schema: Schema(fieldSchemas:[FieldSchema(name:tab_name, type:string, comment:from deserializer)], properties:null)
INFO  : Completed compiling command(queryId=alex_20240424080847_9379a21d-e3bb-4eac-be8f-ce638f58d7bf); Time taken: 0.096 seconds
INFO  : Concurrency mode is disabled, not creating a lock manager
INFO  : Executing command(queryId=alex_20240424080847_9379a21d-e3bb-4eac-be8f-ce638f58d7bf): show tables
INFO  : Starting task [Stage-0:DDL] in serial mode
DEBUG : Task getting executed using mapred tag : alex_20240424080847_9379a21d-e3bb-4eac-be8f-ce638f58d7bf,userid=null
INFO  : Completed executing command(queryId=alex_20240424080847_9379a21d-e3bb-4eac-be8f-ce638f58d7bf); Time taken: 0.056 seconds
DEBUG : Shutting down query show tables
Error: Failed to wait for operation to complete (state=08S01,code=0)
hive> quit;
Closing: 0: jdbc:hive2://

]]></system-err>
  </testcase>
  <testcase name="testSourceCmd4" classname="org.apache.hive.beeline.cli.TestHiveCli" time="0.574">
    <failure type="java.lang.AssertionError"><![CDATA[java.lang.AssertionError: Supported return code is 0 while the actual is 2
	at org.junit.Assert.fail(Assert.java:89)
	at org.apache.hive.beeline.cli.TestHiveCli.executeCMD(TestHiveCli.java:256)
	at org.apache.hive.beeline.cli.TestHiveCli.verifyCMD(TestHiveCli.java:266)
	at org.apache.hive.beeline.cli.TestHiveCli.testSourceCmd4(TestHiveCli.java:138)
	at sun.reflect.NativeMethodAccessorImpl.invoke0(Native Method)
	at sun.reflect.NativeMethodAccessorImpl.invoke(NativeMethodAccessorImpl.java:62)
	at sun.reflect.DelegatingMethodAccessorImpl.invoke(DelegatingMethodAccessorImpl.java:43)
	at java.lang.reflect.Method.invoke(Method.java:498)
	at org.junit.runners.model.FrameworkMethod$1.runReflectiveCall(FrameworkMethod.java:59)
	at org.junit.internal.runners.model.ReflectiveCallable.run(ReflectiveCallable.java:12)
	at org.junit.runners.model.FrameworkMethod.invokeExplosively(FrameworkMethod.java:56)
	at org.junit.internal.runners.statements.InvokeMethod.evaluate(InvokeMethod.java:17)
	at org.junit.internal.runners.statements.RunBefores.evaluate(RunBefores.java:26)
	at org.junit.internal.runners.statements.RunAfters.evaluate(RunAfters.java:27)
	at org.junit.runners.ParentRunner$3.evaluate(ParentRunner.java:306)
	at org.junit.runners.BlockJUnit4ClassRunner$1.evaluate(BlockJUnit4ClassRunner.java:100)
	at org.junit.runners.ParentRunner.runLeaf(ParentRunner.java:366)
	at org.junit.runners.BlockJUnit4ClassRunner.runChild(BlockJUnit4ClassRunner.java:103)
	at org.junit.runners.BlockJUnit4ClassRunner.runChild(BlockJUnit4ClassRunner.java:63)
	at org.junit.runners.ParentRunner$4.run(ParentRunner.java:331)
	at org.junit.runners.ParentRunner$1.schedule(ParentRunner.java:79)
	at org.junit.runners.ParentRunner.runChildren(ParentRunner.java:329)
	at org.junit.runners.ParentRunner.access$100(ParentRunner.java:66)
	at org.junit.runners.ParentRunner$2.evaluate(ParentRunner.java:293)
	at org.junit.internal.runners.statements.RunBefores.evaluate(RunBefores.java:26)
	at org.junit.runners.ParentRunner$3.evaluate(ParentRunner.java:306)
	at org.junit.runners.ParentRunner.run(ParentRunner.java:413)
	at org.junit.runner.JUnitCore.run(JUnitCore.java:137)
	at org.junit.runner.JUnitCore.run(JUnitCore.java:115)
	at org.junit.vintage.engine.execution.RunnerExecutor.execute(RunnerExecutor.java:43)
	at java.util.stream.ForEachOps$ForEachOp$OfRef.accept(ForEachOps.java:183)
	at java.util.stream.ReferencePipeline$3$1.accept(ReferencePipeline.java:193)
	at java.util.Iterator.forEachRemaining(Iterator.java:116)
	at java.util.Spliterators$IteratorSpliterator.forEachRemaining(Spliterators.java:1801)
	at java.util.stream.AbstractPipeline.copyInto(AbstractPipeline.java:482)
	at java.util.stream.AbstractPipeline.wrapAndCopyInto(AbstractPipeline.java:472)
	at java.util.stream.ForEachOps$ForEachOp.evaluateSequential(ForEachOps.java:150)
	at java.util.stream.ForEachOps$ForEachOp$OfRef.evaluateSequential(ForEachOps.java:173)
	at java.util.stream.AbstractPipeline.evaluate(AbstractPipeline.java:234)
	at java.util.stream.ReferencePipeline.forEach(ReferencePipeline.java:485)
	at org.junit.vintage.engine.VintageTestEngine.executeAllChildren(VintageTestEngine.java:82)
	at org.junit.vintage.engine.VintageTestEngine.execute(VintageTestEngine.java:73)
	at org.junit.platform.launcher.core.DefaultLauncher.execute(DefaultLauncher.java:248)
	at org.junit.platform.launcher.core.DefaultLauncher.lambda$execute$5(DefaultLauncher.java:211)
	at org.junit.platform.launcher.core.DefaultLauncher.withInterceptedStreams(DefaultLauncher.java:226)
	at org.junit.platform.launcher.core.DefaultLauncher.execute(DefaultLauncher.java:199)
	at org.junit.platform.launcher.core.DefaultLauncher.execute(DefaultLauncher.java:132)
	at org.apache.maven.surefire.junitplatform.JUnitPlatformProvider.invokeAllTests(JUnitPlatformProvider.java:154)
	at org.apache.maven.surefire.junitplatform.JUnitPlatformProvider.invoke(JUnitPlatformProvider.java:123)
	at org.apache.maven.surefire.booter.ForkedBooter.runSuitesInProcess(ForkedBooter.java:377)
	at org.apache.maven.surefire.booter.ForkedBooter.execute(ForkedBooter.java:138)
	at org.apache.maven.surefire.booter.ForkedBooter.run(ForkedBooter.java:465)
	at org.apache.maven.surefire.booter.ForkedBooter.main(ForkedBooter.java:451)
]]></failure>
    <system-err><![CDATA[2024-04-24T08:08:47,964 ERROR [main] cli.TestHiveCli: Failed to execute command due to the error: java.lang.NullPointerException: Null output stream
2024-04-24T08:08:48,014  WARN [main] conf.HiveConf: HiveConf of name hive.dummyparam.test.server.specific.config.override does not exist
2024-04-24T08:08:48,015  WARN [main] conf.HiveConf: HiveConf of name hive.dummyparam.test.server.specific.config.hiveserver2site does not exist
2024-04-24T08:08:48,015  WARN [main] conf.HiveConf: HiveConf of name hive.dummyparam.test.server.specific.config.metastoresite does not exist
2024-04-24T08:08:48,015  INFO [main] SessionState: Hive Session ID = 78623278-6fb4-4f65-ace0-9785fdc8cdc9
2024-04-24T08:08:48,016  INFO [main] DependencyResolver: ivysettings.xml file not found in HIVE_HOME or HIVE_CONF_DIR,/home/alex/Repositories/hive/conf/ivysettings.xml will be used
2024-04-24T08:08:48,024  INFO [main] session.SessionState: Created HDFS directory: /tmp/hive/alex/78623278-6fb4-4f65-ace0-9785fdc8cdc9
2024-04-24T08:08:48,027  INFO [main] session.SessionState: Created local directory: /home/alex/Repositories/hive/beeline/target/tmp/alex/78623278-6fb4-4f65-ace0-9785fdc8cdc9
2024-04-24T08:08:48,030  INFO [main] session.SessionState: Created HDFS directory: /tmp/hive/alex/78623278-6fb4-4f65-ace0-9785fdc8cdc9/_tmp_space.db
2024-04-24T08:08:48,031  INFO [main] sqlstd.SQLStdHiveAccessController: Created SQLStdHiveAccessController for session context : HiveAuthzSessionContext [sessionString=78623278-6fb4-4f65-ace0-9785fdc8cdc9, clientType=HIVESERVER2]
2024-04-24T08:08:48,032  INFO [main] metastore.HiveMetaStoreClient: HMS client filtering is enabled.
2024-04-24T08:08:48,033  INFO [main] metastore.HMSHandler: 0: Opening raw store with implementation class:org.apache.hadoop.hive.metastore.ObjectStore
2024-04-24T08:08:48,033  INFO [main] metastore.PersistenceManagerProvider: Configuration datanucleus.autoStartMechanismMode is not set. Defaulting to 'ignored'
2024-04-24T08:08:48,034  INFO [main] metastore.ObjectStore: RawStore: org.apache.hadoop.hive.metastore.ObjectStore@23f60b7d, with PersistenceManager: null will be shutdown
2024-04-24T08:08:48,034  INFO [main] metastore.ObjectStore: RawStore: org.apache.hadoop.hive.metastore.ObjectStore@23f60b7d, with PersistenceManager: org.datanucleus.api.jdo.JDOPersistenceManager@2ba9f986 created in the thread with id: 1
2024-04-24T08:08:48,038  INFO [main] metastore.HMSHandler: Created RawStore: org.apache.hadoop.hive.metastore.ObjectStore@23f60b7d from thread id: 1
2024-04-24T08:08:48,038  INFO [main] metastore.HMSHandler: HMS server filtering is disabled by configuration
2024-04-24T08:08:48,038  INFO [main] metastore.RetryingMetaStoreClient: RetryingMetaStoreClient proxy=class org.apache.hadoop.hive.ql.metadata.SessionHiveMetaStoreClient ugi=alex (auth:SIMPLE) retries=1 delay=1 lifetime=0
2024-04-24T08:08:48,038  INFO [main] service.CompositeService: Operation log root directory is created: /home/alex/Repositories/hive/beeline/target/tmp/alex/operation_logs
2024-04-24T08:08:48,039  INFO [main] service.CompositeService: HiveServer2: Background operation thread pool size: 100
2024-04-24T08:08:48,039  INFO [main] service.CompositeService: HiveServer2: Background operation thread wait queue size: 100
2024-04-24T08:08:48,039  INFO [main] service.CompositeService: HiveServer2: Background operation thread keepalive time: 10 seconds
2024-04-24T08:08:48,039  INFO [main] service.CompositeService: Connections limit are user: 0 ipaddress: 0 user-ipaddress: 0
2024-04-24T08:08:48,041  INFO [main] cleanup.EventualCleanupService: EventualCleanupService started with 10 threads and queue of size 10000
ERROR StatusLogger Log4j2 ConfigurationScheduler attempted to increment scheduled items after start
ERROR StatusLogger Log4j2 ConfigurationScheduler attempted to increment scheduled items after start
2024-04-24T08:08:48,042  INFO [main] service.AbstractService: Service:OperationManager is inited.
2024-04-24T08:08:48,042  INFO [main] service.AbstractService: Service:SessionManager is inited.
2024-04-24T08:08:48,042  INFO [main] service.AbstractService: Service:CLIService is inited.
2024-04-24T08:08:48,043  INFO [main] service.AbstractService: Service:OperationManager is started.
2024-04-24T08:08:48,043  INFO [main] service.AbstractService: Service:SessionManager is started.
2024-04-24T08:08:48,043  INFO [main] service.AbstractService: Service:CLIService is started.
2024-04-24T08:08:48,043  INFO [main] service.AbstractService: Service:ThriftBinaryCLIService is inited.
2024-04-24T08:08:48,043  INFO [main] thrift.ThriftCLIService: Client protocol version: HIVE_CLI_SERVICE_PROTOCOL_V10
2024-04-24T08:08:48,043  INFO [main] thrift.ThriftCLIService: Creating Hive session handle for user [null] from IP null
2024-04-24T08:08:48,044  INFO [main] DependencyResolver: ivysettings.xml file not found in HIVE_HOME or HIVE_CONF_DIR,/home/alex/Repositories/hive/conf/ivysettings.xml will be used
2024-04-24T08:08:48,052  INFO [main] session.SessionState: Created HDFS directory: /tmp/hive/alex/5a09c230-1914-4b22-888f-737c82eb46ae
2024-04-24T08:08:48,056  INFO [main] session.SessionState: Created local directory: /home/alex/Repositories/hive/beeline/target/tmp/alex/5a09c230-1914-4b22-888f-737c82eb46ae
2024-04-24T08:08:48,059  INFO [main] session.SessionState: Created HDFS directory: /tmp/hive/alex/5a09c230-1914-4b22-888f-737c82eb46ae/_tmp_space.db
2024-04-24T08:08:48,059  INFO [main] session.SessionState: Reloading auxiliary JAR files
2024-04-24T08:08:48,059  WARN [main] session.SessionState: Configuration hive.reloadable.aux.jars.path not specified
2024-04-24T08:08:48,059  INFO [main] HiveMetaStore.audit: ugi=alex	ip=unknown-ip-addr	cmd=Cleaning up thread local RawStore...	
2024-04-24T08:08:48,059  INFO [main] metastore.ObjectStore: RawStore: org.apache.hadoop.hive.metastore.ObjectStore@23f60b7d, with PersistenceManager: org.datanucleus.api.jdo.JDOPersistenceManager@2ba9f986 will be shutdown
2024-04-24T08:08:48,059  INFO [main] HiveMetaStore.audit: ugi=alex	ip=unknown-ip-addr	cmd=Done cleaning up thread local RawStore	
2024-04-24T08:08:48,059  INFO [main] metastore.HiveMetaStoreClient: Closed a connection to metastore, current connections: -7
2024-04-24T08:08:48,060  INFO [main] session.HiveSessionImpl: Operation log session directory is created: /home/alex/Repositories/hive/beeline/target/tmp/alex/operation_logs/5a09c230-1914-4b22-888f-737c82eb46ae
2024-04-24T08:08:48,060  INFO [main] service.CompositeService: Session opened, SessionHandle [5a09c230-1914-4b22-888f-737c82eb46ae], current sessions:1
2024-04-24T08:08:48,060  INFO [main] thrift.ThriftCLIService: Login attempt is successful for user : null
2024-04-24T08:08:48,111  WARN [main] conf.HiveConf: HiveConf of name hive.dummyparam.test.server.specific.config.override does not exist
2024-04-24T08:08:48,112  WARN [main] conf.HiveConf: HiveConf of name hive.dummyparam.test.server.specific.config.hiveserver2site does not exist
2024-04-24T08:08:48,112  WARN [main] conf.HiveConf: HiveConf of name hive.dummyparam.test.server.specific.config.metastoresite does not exist
2024-04-24T08:08:48,112  INFO [5a09c230-1914-4b22-888f-737c82eb46ae main] session.HiveSessionImpl: executing set
2024-04-24T08:08:48,113  INFO [5a09c230-1914-4b22-888f-737c82eb46ae main] operation.HiveCommandOperation: Putting temp output to file /home/alex/Repositories/hive/beeline/target/tmp/alex/5a09c230-1914-4b22-888f-737c82eb46ae7339503221355234145.pipeout and error output to file /home/alex/Repositories/hive/beeline/target/tmp/alex/5a09c230-1914-4b22-888f-737c82eb46ae5880941052370907314.pipeout
2024-04-24T08:08:48,114  INFO [5a09c230-1914-4b22-888f-737c82eb46ae main] operation.OperationManager: Adding operation: OperationHandle [opType=EXECUTE_STATEMENT, getHandleIdentifier()=d43df306-8ff3-4b59-8be9-f159affc4351] SessionHandle [5a09c230-1914-4b22-888f-737c82eb46ae]
2024-04-24T08:08:48,114  INFO [5a09c230-1914-4b22-888f-737c82eb46ae main] common.LogUtils: Thread context registration is done.
DEBUG StatusLogger Building Plugin[name=filter, class=org.apache.hadoop.hive.ql.log.LogDivertAppender$NameFilter].
DEBUG StatusLogger createFilter(loggingLevel="EXECUTION")
DEBUG StatusLogger Building Plugin[name=layout, class=org.apache.logging.log4j.core.layout.PatternLayout].
DEBUG StatusLogger PatternLayout$Builder(disableAnsi="null", Configuration(HiveLog4j2Test), pattern="%-5p : %m%n", footer="null", charset="null", PatternSelector=null, noConsoleNoAnsi="null", Replace=null, alwaysWriteExceptions="null", header="null")
DEBUG StatusLogger Building Plugin[name=appender, class=org.apache.hadoop.hive.ql.log.HushableRandomAccessFileAppender].
DEBUG StatusLogger createAppender(fileName="/home/alex/Repositories/hive/beeline/target/tmp/alex/operation_logs/5a09c230-1914-4b22-888f-737c82eb46ae/alex_20240424080848_9b02c057-559d-4909-bc73-cb9c8c58e6f3", append="null", name="query-file-appender", immediateFlush="null", bufferSize="null", ignoreExceptions="null", PatternLayout(org.apache.logging.log4j.core.layout.PatternLayout with name PatternLayout), NameFilter(org.apache.hadoop.hive.ql.log.LogDivertAppender$NameFilter with name NameFilter), advertise="null", advertiseURI="null", Configuration(HiveLog4j2Test))
DEBUG StatusLogger Starting RandomAccessFileManager /home/alex/Repositories/hive/beeline/target/tmp/alex/operation_logs/5a09c230-1914-4b22-888f-737c82eb46ae/alex_20240424080848_9b02c057-559d-4909-bc73-cb9c8c58e6f3
DEBUG StatusLogger Building Plugin[name=, class=org.apache.hadoop.hive.ql.log.LogDivertAppenderForTest$TestFilter].
DEBUG StatusLogger createFilter()
DEBUG StatusLogger Building Plugin[name=, class=org.apache.logging.log4j.core.layout.PatternLayout].
DEBUG StatusLogger PatternLayout$Builder(alwaysWriteExceptions="null", pattern="%-5p : %m%n", footer="null", Replace=null, PatternSelector=null, header="null", noConsoleNoAnsi="null", charset="null", Configuration(HiveLog4j2Test), disableAnsi="null")
DEBUG StatusLogger Building Plugin[name=appender, class=org.apache.hadoop.hive.ql.log.HushableRandomAccessFileAppender].
DEBUG StatusLogger createAppender(fileName="/home/alex/Repositories/hive/beeline/target/tmp/alex/operation_logs/5a09c230-1914-4b22-888f-737c82eb46ae/alex_20240424080848_9b02c057-559d-4909-bc73-cb9c8c58e6f3.test", append="null", name="test-query-file-appender", immediateFlush="null", bufferSize="null", ignoreExceptions="null", PatternLayout(org.apache.logging.log4j.core.layout.PatternLayout with name PatternLayout), test-filter(org.apache.hadoop.hive.ql.log.LogDivertAppenderForTest$TestFilter with name test-filter), advertise="null", advertiseURI="null", Configuration(HiveLog4j2Test))
DEBUG StatusLogger Starting RandomAccessFileManager /home/alex/Repositories/hive/beeline/target/tmp/alex/operation_logs/5a09c230-1914-4b22-888f-737c82eb46ae/alex_20240424080848_9b02c057-559d-4909-bc73-cb9c8c58e6f3.test
2024-04-24T08:08:48,122  INFO [5a09c230-1914-4b22-888f-737c82eb46ae main] operation.HiveCommandOperation: [opType=EXECUTE_STATEMENT, queryId=alex_20240424080848_9b02c057-559d-4909-bc73-cb9c8c58e6f3, startTime=1713971328112, sessionId=5a09c230-1914-4b22-888f-737c82eb46ae, createTime=1713971328043, userName=null, ipAddress=null]
2024-04-24T08:08:48,230  INFO [5a09c230-1914-4b22-888f-737c82eb46ae main] common.LogUtils: Unregistered logging context.
2024-04-24T08:08:48,234  INFO [5a09c230-1914-4b22-888f-737c82eb46ae main] operation.OperationManager: Closing operation: OperationHandle [opType=EXECUTE_STATEMENT, getHandleIdentifier()=d43df306-8ff3-4b59-8be9-f159affc4351]
2024-04-24T08:08:48,234  INFO [5a09c230-1914-4b22-888f-737c82eb46ae main] operation.OperationManager: Removed queryId: alex_20240424080848_9b02c057-559d-4909-bc73-cb9c8c58e6f3 corresponding to operation: OperationHandle [opType=EXECUTE_STATEMENT, getHandleIdentifier()=d43df306-8ff3-4b59-8be9-f159affc4351] with tag: null
2024-04-24T08:08:48,234  INFO [5a09c230-1914-4b22-888f-737c82eb46ae main] operation.HiveCommandOperation: Closing operation log /home/alex/Repositories/hive/beeline/target/tmp/alex/operation_logs/5a09c230-1914-4b22-888f-737c82eb46ae/alex_20240424080848_9b02c057-559d-4909-bc73-cb9c8c58e6f3 without delay
2024-04-24T08:08:48,237  INFO [5a09c230-1914-4b22-888f-737c82eb46ae main] session.HiveSessionImpl: executing use test
2024-04-24T08:08:48,239  INFO [5a09c230-1914-4b22-888f-737c82eb46ae main] operation.OperationManager: Adding operation: OperationHandle [opType=EXECUTE_STATEMENT, getHandleIdentifier()=a0ca2a6f-1122-4161-97b8-dce89556de8e] SessionHandle [5a09c230-1914-4b22-888f-737c82eb46ae]
2024-04-24T08:08:48,239  INFO [5a09c230-1914-4b22-888f-737c82eb46ae main] common.LogUtils: Thread context registration is done.
DEBUG StatusLogger Building Plugin[name=filter, class=org.apache.hadoop.hive.ql.log.LogDivertAppender$NameFilter].
DEBUG StatusLogger createFilter(loggingLevel="EXECUTION")
DEBUG StatusLogger Building Plugin[name=layout, class=org.apache.logging.log4j.core.layout.PatternLayout].
DEBUG StatusLogger PatternLayout$Builder(disableAnsi="null", alwaysWriteExceptions="null", footer="null", header="null", noConsoleNoAnsi="null", Configuration(HiveLog4j2Test), Replace=null, charset="null", PatternSelector=null, pattern="%-5p : %m%n")
DEBUG StatusLogger Building Plugin[name=appender, class=org.apache.hadoop.hive.ql.log.HushableRandomAccessFileAppender].
DEBUG StatusLogger createAppender(fileName="/home/alex/Repositories/hive/beeline/target/tmp/alex/operation_logs/5a09c230-1914-4b22-888f-737c82eb46ae/alex_20240424080848_999ba3d1-5d78-43a5-aa6d-8a5c83434ef3", append="null", name="query-file-appender", immediateFlush="null", bufferSize="null", ignoreExceptions="null", PatternLayout(org.apache.logging.log4j.core.layout.PatternLayout with name PatternLayout), NameFilter(org.apache.hadoop.hive.ql.log.LogDivertAppender$NameFilter with name NameFilter), advertise="null", advertiseURI="null", Configuration(HiveLog4j2Test))
DEBUG StatusLogger Starting RandomAccessFileManager /home/alex/Repositories/hive/beeline/target/tmp/alex/operation_logs/5a09c230-1914-4b22-888f-737c82eb46ae/alex_20240424080848_999ba3d1-5d78-43a5-aa6d-8a5c83434ef3
DEBUG StatusLogger Building Plugin[name=, class=org.apache.hadoop.hive.ql.log.LogDivertAppenderForTest$TestFilter].
DEBUG StatusLogger createFilter()
DEBUG StatusLogger Building Plugin[name=, class=org.apache.logging.log4j.core.layout.PatternLayout].
DEBUG StatusLogger PatternLayout$Builder(footer="null", noConsoleNoAnsi="null", pattern="%-5p : %m%n", Configuration(HiveLog4j2Test), PatternSelector=null, charset="null", header="null", alwaysWriteExceptions="null", Replace=null, disableAnsi="null")
DEBUG StatusLogger Building Plugin[name=appender, class=org.apache.hadoop.hive.ql.log.HushableRandomAccessFileAppender].
DEBUG StatusLogger createAppender(fileName="/home/alex/Repositories/hive/beeline/target/tmp/alex/operation_logs/5a09c230-1914-4b22-888f-737c82eb46ae/alex_20240424080848_999ba3d1-5d78-43a5-aa6d-8a5c83434ef3.test", append="null", name="test-query-file-appender", immediateFlush="null", bufferSize="null", ignoreExceptions="null", PatternLayout(org.apache.logging.log4j.core.layout.PatternLayout with name PatternLayout), test-filter(org.apache.hadoop.hive.ql.log.LogDivertAppenderForTest$TestFilter with name test-filter), advertise="null", advertiseURI="null", Configuration(HiveLog4j2Test))
DEBUG StatusLogger Starting RandomAccessFileManager /home/alex/Repositories/hive/beeline/target/tmp/alex/operation_logs/5a09c230-1914-4b22-888f-737c82eb46ae/alex_20240424080848_999ba3d1-5d78-43a5-aa6d-8a5c83434ef3.test
2024-04-24T08:08:48,247  INFO [5a09c230-1914-4b22-888f-737c82eb46ae main] operation.SQLOperation: [opType=EXECUTE_STATEMENT, queryId=alex_20240424080848_999ba3d1-5d78-43a5-aa6d-8a5c83434ef3, startTime=1713971328237, sessionId=5a09c230-1914-4b22-888f-737c82eb46ae, createTime=1713971328043, userName=null, ipAddress=null]
2024-04-24T08:08:48,249  INFO [5a09c230-1914-4b22-888f-737c82eb46ae main] ql.Driver: Compiling command(queryId=alex_20240424080848_999ba3d1-5d78-43a5-aa6d-8a5c83434ef3): use test
2024-04-24T08:08:48,250  INFO [5a09c230-1914-4b22-888f-737c82eb46ae main] metastore.HiveMetaStoreClient: HMS client filtering is enabled.
2024-04-24T08:08:48,251  INFO [5a09c230-1914-4b22-888f-737c82eb46ae main] metastore.HMSHandler: 0: Opening raw store with implementation class:org.apache.hadoop.hive.metastore.ObjectStore
2024-04-24T08:08:48,252  INFO [5a09c230-1914-4b22-888f-737c82eb46ae main] metastore.PersistenceManagerProvider: Configuration datanucleus.autoStartMechanismMode is not set. Defaulting to 'ignored'
2024-04-24T08:08:48,252  INFO [5a09c230-1914-4b22-888f-737c82eb46ae main] metastore.ObjectStore: RawStore: org.apache.hadoop.hive.metastore.ObjectStore@6ce15112, with PersistenceManager: null will be shutdown
2024-04-24T08:08:48,253  INFO [5a09c230-1914-4b22-888f-737c82eb46ae main] metastore.ObjectStore: RawStore: org.apache.hadoop.hive.metastore.ObjectStore@6ce15112, with PersistenceManager: org.datanucleus.api.jdo.JDOPersistenceManager@ba4f370 created in the thread with id: 1
2024-04-24T08:08:48,257  INFO [5a09c230-1914-4b22-888f-737c82eb46ae main] metastore.HMSHandler: Created RawStore: org.apache.hadoop.hive.metastore.ObjectStore@6ce15112 from thread id: 1
2024-04-24T08:08:48,257  INFO [5a09c230-1914-4b22-888f-737c82eb46ae main] metastore.HMSHandler: HMS server filtering is disabled by configuration
2024-04-24T08:08:48,257  INFO [5a09c230-1914-4b22-888f-737c82eb46ae main] metastore.RetryingMetaStoreClient: RetryingMetaStoreClient proxy=class org.apache.hadoop.hive.ql.metadata.SessionHiveMetaStoreClient ugi=alex (auth:SIMPLE) retries=1 delay=1 lifetime=0
2024-04-24T08:08:48,258  INFO [5a09c230-1914-4b22-888f-737c82eb46ae main] HiveMetaStore.audit: ugi=alex	ip=unknown-ip-addr	cmd=get_database: test	
2024-04-24T08:08:48,260  INFO [5a09c230-1914-4b22-888f-737c82eb46ae main] ql.Driver: Semantic Analysis Completed (retrial = false)
2024-04-24T08:08:48,260  INFO [5a09c230-1914-4b22-888f-737c82eb46ae main] ql.Driver: Created Hive schema: Schema(fieldSchemas:null, properties:null)
2024-04-24T08:08:48,261  INFO [5a09c230-1914-4b22-888f-737c82eb46ae main] metadata.Hive: Dumping metastore api call timing information for : compilation phase
2024-04-24T08:08:48,261  INFO [5a09c230-1914-4b22-888f-737c82eb46ae main] metadata.Hive: Total time spent in each metastore function (ms): {isCompatibleWith_(Configuration)=1, flushCache_()=0, getDatabase_(String)=2}
2024-04-24T08:08:48,261  INFO [5a09c230-1914-4b22-888f-737c82eb46ae main] ql.Driver: Completed compiling command(queryId=alex_20240424080848_999ba3d1-5d78-43a5-aa6d-8a5c83434ef3); Time taken: 0.012 seconds
2024-04-24T08:08:48,263  INFO [HiveServer2-Background-Pool: Thread-165] common.LogUtils: Thread context registration is done.
2024-04-24T08:08:48,263  INFO [5a09c230-1914-4b22-888f-737c82eb46ae main] common.LogUtils: Unregistered logging context.
2024-04-24T08:08:48,263  INFO [HiveServer2-Background-Pool: Thread-165] reexec.ReExecDriver: Execution #1 of query
2024-04-24T08:08:48,264  INFO [HiveServer2-Background-Pool: Thread-165] ql.Driver: Concurrency mode is disabled, not creating a lock manager
2024-04-24T08:08:48,264  INFO [HiveServer2-Background-Pool: Thread-165] ql.Driver: Executing command(queryId=alex_20240424080848_999ba3d1-5d78-43a5-aa6d-8a5c83434ef3): use test
2024-04-24T08:08:48,265  INFO [HiveServer2-Background-Pool: Thread-165] ql.Driver: Starting task [Stage-0:DDL] in serial mode
2024-04-24T08:08:48,267  INFO [HiveServer2-Background-Pool: Thread-165] HiveMetaStore.audit: ugi=alex	ip=unknown-ip-addr	cmd=get_database: test	
2024-04-24T08:08:48,268  INFO [HiveServer2-Background-Pool: Thread-165] metastore.HMSHandler: 6: Opening raw store with implementation class:org.apache.hadoop.hive.metastore.ObjectStore
2024-04-24T08:08:48,269  INFO [HiveServer2-Background-Pool: Thread-165] metastore.ObjectStore: RawStore: org.apache.hadoop.hive.metastore.ObjectStore@3811259b, with PersistenceManager: null will be shutdown
2024-04-24T08:08:48,269  INFO [HiveServer2-Background-Pool: Thread-165] metastore.ObjectStore: RawStore: org.apache.hadoop.hive.metastore.ObjectStore@3811259b, with PersistenceManager: org.datanucleus.api.jdo.JDOPersistenceManager@7d13bcfd created in the thread with id: 165
2024-04-24T08:08:48,273  INFO [HiveServer2-Background-Pool: Thread-165] metastore.HMSHandler: Created RawStore: org.apache.hadoop.hive.metastore.ObjectStore@3811259b from thread id: 165
2024-04-24T08:08:48,275  INFO [HiveServer2-Background-Pool: Thread-165] HiveMetaStore.audit: ugi=alex	ip=unknown-ip-addr	cmd=get_database: test	
2024-04-24T08:08:48,278  INFO [HiveServer2-Background-Pool: Thread-165] metadata.Hive: Dumping metastore api call timing information for : execution phase
2024-04-24T08:08:48,278  INFO [HiveServer2-Background-Pool: Thread-165] metadata.Hive: Total time spent in each metastore function (ms): {isCompatibleWith_(Configuration)=1, getDatabase_(String)=11}
2024-04-24T08:08:48,278  INFO [HiveServer2-Background-Pool: Thread-165] ql.Driver: Completed executing command(queryId=alex_20240424080848_999ba3d1-5d78-43a5-aa6d-8a5c83434ef3); Time taken: 0.014 seconds
2024-04-24T08:08:48,278  INFO [HiveServer2-Background-Pool: Thread-165] common.LogUtils: Unregistered logging context.
2024-04-24T08:08:48,282  INFO [5a09c230-1914-4b22-888f-737c82eb46ae main] operation.OperationManager: Closing operation: OperationHandle [opType=EXECUTE_STATEMENT, getHandleIdentifier()=a0ca2a6f-1122-4161-97b8-dce89556de8e]
2024-04-24T08:08:48,282  INFO [5a09c230-1914-4b22-888f-737c82eb46ae main] operation.OperationManager: Removed queryId: alex_20240424080848_999ba3d1-5d78-43a5-aa6d-8a5c83434ef3 corresponding to operation: OperationHandle [opType=EXECUTE_STATEMENT, getHandleIdentifier()=a0ca2a6f-1122-4161-97b8-dce89556de8e] with tag: null
2024-04-24T08:08:48,282  INFO [5a09c230-1914-4b22-888f-737c82eb46ae main] operation.SQLOperation: Closing operation log /home/alex/Repositories/hive/beeline/target/tmp/alex/operation_logs/5a09c230-1914-4b22-888f-737c82eb46ae/alex_20240424080848_999ba3d1-5d78-43a5-aa6d-8a5c83434ef3 without delay
2024-04-24T08:08:48,346  WARN [main] conf.HiveConf: HiveConf of name hive.dummyparam.test.server.specific.config.hiveserver2site does not exist
2024-04-24T08:08:48,346  WARN [main] conf.HiveConf: HiveConf of name hive.dummyparam.test.server.specific.config.metastoresite does not exist
2024-04-24T08:08:48,346  WARN [main] conf.HiveConf: HiveConf of name hive.dummyparam.test.server.specific.config.override does not exist
2024-04-24T08:08:48,347  INFO [5a09c230-1914-4b22-888f-737c82eb46ae main] session.HiveSessionImpl: executing set
2024-04-24T08:08:48,348  INFO [5a09c230-1914-4b22-888f-737c82eb46ae main] operation.HiveCommandOperation: Putting temp output to file /home/alex/Repositories/hive/beeline/target/tmp/alex/5a09c230-1914-4b22-888f-737c82eb46ae7339503221355234145.pipeout and error output to file /home/alex/Repositories/hive/beeline/target/tmp/alex/5a09c230-1914-4b22-888f-737c82eb46ae5880941052370907314.pipeout
2024-04-24T08:08:48,348  INFO [5a09c230-1914-4b22-888f-737c82eb46ae main] operation.OperationManager: Adding operation: OperationHandle [opType=EXECUTE_STATEMENT, getHandleIdentifier()=f096080f-a71a-4eec-be70-c0a8abd4e30c] SessionHandle [5a09c230-1914-4b22-888f-737c82eb46ae]
2024-04-24T08:08:48,349  INFO [5a09c230-1914-4b22-888f-737c82eb46ae main] common.LogUtils: Thread context registration is done.
DEBUG StatusLogger Building Plugin[name=filter, class=org.apache.hadoop.hive.ql.log.LogDivertAppender$NameFilter].
DEBUG StatusLogger createFilter(loggingLevel="EXECUTION")
DEBUG StatusLogger Building Plugin[name=layout, class=org.apache.logging.log4j.core.layout.PatternLayout].
DEBUG StatusLogger PatternLayout$Builder(PatternSelector=null, alwaysWriteExceptions="null", pattern="%-5p : %m%n", noConsoleNoAnsi="null", footer="null", header="null", charset="null", Replace=null, disableAnsi="null", Configuration(HiveLog4j2Test))
DEBUG StatusLogger Building Plugin[name=appender, class=org.apache.hadoop.hive.ql.log.HushableRandomAccessFileAppender].
DEBUG StatusLogger createAppender(fileName="/home/alex/Repositories/hive/beeline/target/tmp/alex/operation_logs/5a09c230-1914-4b22-888f-737c82eb46ae/alex_20240424080848_798ca9d2-22d0-4a2e-afd9-1321ab2d5812", append="null", name="query-file-appender", immediateFlush="null", bufferSize="null", ignoreExceptions="null", PatternLayout(org.apache.logging.log4j.core.layout.PatternLayout with name PatternLayout), NameFilter(org.apache.hadoop.hive.ql.log.LogDivertAppender$NameFilter with name NameFilter), advertise="null", advertiseURI="null", Configuration(HiveLog4j2Test))
DEBUG StatusLogger Starting RandomAccessFileManager /home/alex/Repositories/hive/beeline/target/tmp/alex/operation_logs/5a09c230-1914-4b22-888f-737c82eb46ae/alex_20240424080848_798ca9d2-22d0-4a2e-afd9-1321ab2d5812
DEBUG StatusLogger Building Plugin[name=, class=org.apache.hadoop.hive.ql.log.LogDivertAppenderForTest$TestFilter].
DEBUG StatusLogger createFilter()
DEBUG StatusLogger Building Plugin[name=, class=org.apache.logging.log4j.core.layout.PatternLayout].
DEBUG StatusLogger PatternLayout$Builder(Replace=null, alwaysWriteExceptions="null", PatternSelector=null, header="null", footer="null", noConsoleNoAnsi="null", pattern="%-5p : %m%n", charset="null", Configuration(HiveLog4j2Test), disableAnsi="null")
DEBUG StatusLogger Building Plugin[name=appender, class=org.apache.hadoop.hive.ql.log.HushableRandomAccessFileAppender].
DEBUG StatusLogger createAppender(fileName="/home/alex/Repositories/hive/beeline/target/tmp/alex/operation_logs/5a09c230-1914-4b22-888f-737c82eb46ae/alex_20240424080848_798ca9d2-22d0-4a2e-afd9-1321ab2d5812.test", append="null", name="test-query-file-appender", immediateFlush="null", bufferSize="null", ignoreExceptions="null", PatternLayout(org.apache.logging.log4j.core.layout.PatternLayout with name PatternLayout), test-filter(org.apache.hadoop.hive.ql.log.LogDivertAppenderForTest$TestFilter with name test-filter), advertise="null", advertiseURI="null", Configuration(HiveLog4j2Test))
DEBUG StatusLogger Starting RandomAccessFileManager /home/alex/Repositories/hive/beeline/target/tmp/alex/operation_logs/5a09c230-1914-4b22-888f-737c82eb46ae/alex_20240424080848_798ca9d2-22d0-4a2e-afd9-1321ab2d5812.test
2024-04-24T08:08:48,356  INFO [5a09c230-1914-4b22-888f-737c82eb46ae main] operation.HiveCommandOperation: [opType=EXECUTE_STATEMENT, queryId=alex_20240424080848_798ca9d2-22d0-4a2e-afd9-1321ab2d5812, startTime=1713971328347, sessionId=5a09c230-1914-4b22-888f-737c82eb46ae, createTime=1713971328043, userName=null, ipAddress=null]
2024-04-24T08:08:48,472  INFO [5a09c230-1914-4b22-888f-737c82eb46ae main] common.LogUtils: Unregistered logging context.
2024-04-24T08:08:48,478  INFO [5a09c230-1914-4b22-888f-737c82eb46ae main] operation.OperationManager: Closing operation: OperationHandle [opType=EXECUTE_STATEMENT, getHandleIdentifier()=f096080f-a71a-4eec-be70-c0a8abd4e30c]
2024-04-24T08:08:48,478  INFO [5a09c230-1914-4b22-888f-737c82eb46ae main] operation.OperationManager: Removed queryId: alex_20240424080848_798ca9d2-22d0-4a2e-afd9-1321ab2d5812 corresponding to operation: OperationHandle [opType=EXECUTE_STATEMENT, getHandleIdentifier()=f096080f-a71a-4eec-be70-c0a8abd4e30c] with tag: null
2024-04-24T08:08:48,478  INFO [5a09c230-1914-4b22-888f-737c82eb46ae main] operation.HiveCommandOperation: Closing operation log /home/alex/Repositories/hive/beeline/target/tmp/alex/operation_logs/5a09c230-1914-4b22-888f-737c82eb46ae/alex_20240424080848_798ca9d2-22d0-4a2e-afd9-1321ab2d5812 without delay
2024-04-24T08:08:48,480  INFO [5a09c230-1914-4b22-888f-737c82eb46ae main] session.HiveSessionImpl: executing show tables
2024-04-24T08:08:48,481  INFO [5a09c230-1914-4b22-888f-737c82eb46ae main] operation.OperationManager: Adding operation: OperationHandle [opType=EXECUTE_STATEMENT, getHandleIdentifier()=1560eb58-a4f5-491c-88ce-90b44f50e55c] SessionHandle [5a09c230-1914-4b22-888f-737c82eb46ae]
2024-04-24T08:08:48,481  INFO [5a09c230-1914-4b22-888f-737c82eb46ae main] common.LogUtils: Thread context registration is done.
DEBUG StatusLogger Building Plugin[name=filter, class=org.apache.hadoop.hive.ql.log.LogDivertAppender$NameFilter].
DEBUG StatusLogger createFilter(loggingLevel="EXECUTION")
DEBUG StatusLogger Building Plugin[name=layout, class=org.apache.logging.log4j.core.layout.PatternLayout].
DEBUG StatusLogger PatternLayout$Builder(Configuration(HiveLog4j2Test), pattern="%-5p : %m%n", Replace=null, noConsoleNoAnsi="null", header="null", charset="null", disableAnsi="null", alwaysWriteExceptions="null", footer="null", PatternSelector=null)
DEBUG StatusLogger Building Plugin[name=appender, class=org.apache.hadoop.hive.ql.log.HushableRandomAccessFileAppender].
DEBUG StatusLogger createAppender(fileName="/home/alex/Repositories/hive/beeline/target/tmp/alex/operation_logs/5a09c230-1914-4b22-888f-737c82eb46ae/alex_20240424080848_c56a9f5a-6db9-4264-961e-0d52aa4b97f3", append="null", name="query-file-appender", immediateFlush="null", bufferSize="null", ignoreExceptions="null", PatternLayout(org.apache.logging.log4j.core.layout.PatternLayout with name PatternLayout), NameFilter(org.apache.hadoop.hive.ql.log.LogDivertAppender$NameFilter with name NameFilter), advertise="null", advertiseURI="null", Configuration(HiveLog4j2Test))
DEBUG StatusLogger Starting RandomAccessFileManager /home/alex/Repositories/hive/beeline/target/tmp/alex/operation_logs/5a09c230-1914-4b22-888f-737c82eb46ae/alex_20240424080848_c56a9f5a-6db9-4264-961e-0d52aa4b97f3
DEBUG StatusLogger Building Plugin[name=, class=org.apache.hadoop.hive.ql.log.LogDivertAppenderForTest$TestFilter].
DEBUG StatusLogger createFilter()
DEBUG StatusLogger Building Plugin[name=, class=org.apache.logging.log4j.core.layout.PatternLayout].
DEBUG StatusLogger PatternLayout$Builder(Configuration(HiveLog4j2Test), charset="null", header="null", Replace=null, pattern="%-5p : %m%n", alwaysWriteExceptions="null", disableAnsi="null", PatternSelector=null, footer="null", noConsoleNoAnsi="null")
DEBUG StatusLogger Building Plugin[name=appender, class=org.apache.hadoop.hive.ql.log.HushableRandomAccessFileAppender].
DEBUG StatusLogger createAppender(fileName="/home/alex/Repositories/hive/beeline/target/tmp/alex/operation_logs/5a09c230-1914-4b22-888f-737c82eb46ae/alex_20240424080848_c56a9f5a-6db9-4264-961e-0d52aa4b97f3.test", append="null", name="test-query-file-appender", immediateFlush="null", bufferSize="null", ignoreExceptions="null", PatternLayout(org.apache.logging.log4j.core.layout.PatternLayout with name PatternLayout), test-filter(org.apache.hadoop.hive.ql.log.LogDivertAppenderForTest$TestFilter with name test-filter), advertise="null", advertiseURI="null", Configuration(HiveLog4j2Test))
DEBUG StatusLogger Starting RandomAccessFileManager /home/alex/Repositories/hive/beeline/target/tmp/alex/operation_logs/5a09c230-1914-4b22-888f-737c82eb46ae/alex_20240424080848_c56a9f5a-6db9-4264-961e-0d52aa4b97f3.test
2024-04-24T08:08:48,490  INFO [5a09c230-1914-4b22-888f-737c82eb46ae main] operation.SQLOperation: [opType=EXECUTE_STATEMENT, queryId=alex_20240424080848_c56a9f5a-6db9-4264-961e-0d52aa4b97f3, startTime=1713971328480, sessionId=5a09c230-1914-4b22-888f-737c82eb46ae, createTime=1713971328043, userName=null, ipAddress=null]
2024-04-24T08:08:48,491  INFO [5a09c230-1914-4b22-888f-737c82eb46ae main] ql.Driver: Compiling command(queryId=alex_20240424080848_c56a9f5a-6db9-4264-961e-0d52aa4b97f3): show tables
2024-04-24T08:08:48,496  INFO [5a09c230-1914-4b22-888f-737c82eb46ae main] HiveMetaStore.audit: ugi=alex	ip=unknown-ip-addr	cmd=get_database: test	
2024-04-24T08:08:48,498  INFO [5a09c230-1914-4b22-888f-737c82eb46ae main] ql.Driver: Semantic Analysis Completed (retrial = false)
2024-04-24T08:08:48,498  INFO [5a09c230-1914-4b22-888f-737c82eb46ae main] ql.Driver: Created Hive schema: Schema(fieldSchemas:[FieldSchema(name:tab_name, type:string, comment:from deserializer)], properties:null)
2024-04-24T08:08:48,499  INFO [5a09c230-1914-4b22-888f-737c82eb46ae main] exec.ListSinkOperator: Initializing Operator: LIST_SINK[0]
2024-04-24T08:08:48,500  INFO [5a09c230-1914-4b22-888f-737c82eb46ae main] metadata.Hive: Dumping metastore api call timing information for : compilation phase
2024-04-24T08:08:48,500  INFO [5a09c230-1914-4b22-888f-737c82eb46ae main] metadata.Hive: Total time spent in each metastore function (ms): {getDatabase_(String)=3, isCompatibleWith_(Configuration)=0, flushCache_()=1}
2024-04-24T08:08:48,500  INFO [5a09c230-1914-4b22-888f-737c82eb46ae main] ql.Driver: Completed compiling command(queryId=alex_20240424080848_c56a9f5a-6db9-4264-961e-0d52aa4b97f3); Time taken: 0.009 seconds
2024-04-24T08:08:48,501  INFO [HiveServer2-Background-Pool: Thread-169] common.LogUtils: Thread context registration is done.
2024-04-24T08:08:48,501  INFO [5a09c230-1914-4b22-888f-737c82eb46ae main] common.LogUtils: Unregistered logging context.
2024-04-24T08:08:48,501  INFO [HiveServer2-Background-Pool: Thread-169] reexec.ReExecDriver: Execution #1 of query
2024-04-24T08:08:48,502  INFO [HiveServer2-Background-Pool: Thread-169] ql.Driver: Concurrency mode is disabled, not creating a lock manager
2024-04-24T08:08:48,502  INFO [HiveServer2-Background-Pool: Thread-169] ql.Driver: Executing command(queryId=alex_20240424080848_c56a9f5a-6db9-4264-961e-0d52aa4b97f3): show tables
2024-04-24T08:08:48,503  INFO [HiveServer2-Background-Pool: Thread-169] ql.Driver: Starting task [Stage-0:DDL] in serial mode
2024-04-24T08:08:48,504  INFO [HiveServer2-Background-Pool: Thread-169] HiveMetaStore.audit: ugi=alex	ip=unknown-ip-addr	cmd=get_database: test	
2024-04-24T08:08:48,505  INFO [HiveServer2-Background-Pool: Thread-169] metastore.HMSHandler: 7: Opening raw store with implementation class:org.apache.hadoop.hive.metastore.ObjectStore
2024-04-24T08:08:48,506  INFO [HiveServer2-Background-Pool: Thread-169] metastore.ObjectStore: RawStore: org.apache.hadoop.hive.metastore.ObjectStore@475733a8, with PersistenceManager: null will be shutdown
2024-04-24T08:08:48,506  INFO [HiveServer2-Background-Pool: Thread-169] metastore.ObjectStore: RawStore: org.apache.hadoop.hive.metastore.ObjectStore@475733a8, with PersistenceManager: org.datanucleus.api.jdo.JDOPersistenceManager@255a526 created in the thread with id: 169
2024-04-24T08:08:48,512  INFO [HiveServer2-Background-Pool: Thread-169] metastore.HMSHandler: Created RawStore: org.apache.hadoop.hive.metastore.ObjectStore@475733a8 from thread id: 169
2024-04-24T08:08:48,515  INFO [HiveServer2-Background-Pool: Thread-169] HiveMetaStore.audit: ugi=alex	ip=unknown-ip-addr	cmd=get_multi_table : db=test tbls=null	
2024-04-24T08:08:48,520  INFO [HiveServer2-Background-Pool: Thread-169] sqlstd.SQLStdHiveAccessController: Created SQLStdHiveAccessController for session context : HiveAuthzSessionContext [sessionString=5a09c230-1914-4b22-888f-737c82eb46ae, clientType=HIVESERVER2]
2024-04-24T08:08:48,527  INFO [HiveServer2-Background-Pool: Thread-169] metadata.Hive: Dumping metastore api call timing information for : execution phase
2024-04-24T08:08:48,527  INFO [HiveServer2-Background-Pool: Thread-169] metadata.Hive: Total time spent in each metastore function (ms): {getTables_(String, String)=6, getDatabase_(String)=10, isCompatibleWith_(Configuration)=1}
2024-04-24T08:08:48,528  INFO [HiveServer2-Background-Pool: Thread-169] ql.Driver: Completed executing command(queryId=alex_20240424080848_c56a9f5a-6db9-4264-961e-0d52aa4b97f3); Time taken: 0.025 seconds
2024-04-24T08:08:48,528  INFO [HiveServer2-Background-Pool: Thread-169] common.LogUtils: Unregistered logging context.
2024-04-24T08:08:48,529  INFO [5a09c230-1914-4b22-888f-737c82eb46ae main] operation.OperationManager: Closing operation: OperationHandle [opType=EXECUTE_STATEMENT, getHandleIdentifier()=1560eb58-a4f5-491c-88ce-90b44f50e55c]
2024-04-24T08:08:48,529  INFO [5a09c230-1914-4b22-888f-737c82eb46ae main] operation.OperationManager: Removed queryId: alex_20240424080848_c56a9f5a-6db9-4264-961e-0d52aa4b97f3 corresponding to operation: OperationHandle [opType=EXECUTE_STATEMENT, getHandleIdentifier()=1560eb58-a4f5-491c-88ce-90b44f50e55c] with tag: null
2024-04-24T08:08:48,529  INFO [5a09c230-1914-4b22-888f-737c82eb46ae main] ql.Context: Deleting scratch dir: file:/home/alex/Repositories/hive/beeline/target/tmp/alex/5a09c230-1914-4b22-888f-737c82eb46ae/hive_2024-04-24_08-08-48_491_2221183136623068117-1
2024-04-24T08:08:48,529  INFO [5a09c230-1914-4b22-888f-737c82eb46ae main] cleanup.EventualCleanupService: Delete file:/home/alex/Repositories/hive/beeline/target/tmp/alex/5a09c230-1914-4b22-888f-737c82eb46ae/hive_2024-04-24_08-08-48_491_2221183136623068117-1 operation was queued
2024-04-24T08:08:48,530  INFO [5a09c230-1914-4b22-888f-737c82eb46ae main] exec.ListSinkOperator: Closing Operator: LIST_SINK[0]
2024-04-24T08:08:48,530  INFO [5a09c230-1914-4b22-888f-737c82eb46ae main] exec.ListSinkOperator: RECORDS_OUT_OPERATOR_LIST_SINK_0:0, RECORDS_OUT_INTERMEDIATE:0, 
2024-04-24T08:08:48,530  INFO [5a09c230-1914-4b22-888f-737c82eb46ae main] operation.SQLOperation: Closing operation log /home/alex/Repositories/hive/beeline/target/tmp/alex/operation_logs/5a09c230-1914-4b22-888f-737c82eb46ae/alex_20240424080848_c56a9f5a-6db9-4264-961e-0d52aa4b97f3 without delay
2024-04-24T08:08:48,530  INFO [EventualCleanupService thread 0] cleanup.EventualCleanupService: Deleted file:/home/alex/Repositories/hive/beeline/target/tmp/alex/5a09c230-1914-4b22-888f-737c82eb46ae/hive_2024-04-24_08-08-48_491_2221183136623068117-1
2024-04-24T08:08:48,534  INFO [main] service.CompositeService: Session closed, SessionHandle [5a09c230-1914-4b22-888f-737c82eb46ae], current sessions:0
2024-04-24T08:08:48,535  INFO [5a09c230-1914-4b22-888f-737c82eb46ae main] session.HiveSessionImpl: Operation log session directory is deleted: /home/alex/Repositories/hive/beeline/target/tmp/alex/operation_logs/5a09c230-1914-4b22-888f-737c82eb46ae
2024-04-24T08:08:48,535  INFO [main] cleanup.EventualCleanupService: Delete /tmp/hive/alex/5a09c230-1914-4b22-888f-737c82eb46ae operation was queued
2024-04-24T08:08:48,535  INFO [main] cleanup.EventualCleanupService: Delete /home/alex/Repositories/hive/beeline/target/tmp/alex/5a09c230-1914-4b22-888f-737c82eb46ae operation was queued
2024-04-24T08:08:48,535  INFO [EventualCleanupService thread 2] cleanup.EventualCleanupService: Deleted /home/alex/Repositories/hive/beeline/target/tmp/alex/5a09c230-1914-4b22-888f-737c82eb46ae
2024-04-24T08:08:48,535  INFO [EventualCleanupService thread 1] cleanup.EventualCleanupService: Deleted /tmp/hive/alex/5a09c230-1914-4b22-888f-737c82eb46ae
2024-04-24T08:08:48,536  INFO [main] HiveMetaStore.audit: ugi=alex	ip=unknown-ip-addr	cmd=Cleaning up thread local RawStore...	
2024-04-24T08:08:48,536  INFO [main] metastore.ObjectStore: RawStore: org.apache.hadoop.hive.metastore.ObjectStore@6ce15112, with PersistenceManager: org.datanucleus.api.jdo.JDOPersistenceManager@ba4f370 will be shutdown
2024-04-24T08:08:48,536  INFO [main] HiveMetaStore.audit: ugi=alex	ip=unknown-ip-addr	cmd=Done cleaning up thread local RawStore	
2024-04-24T08:08:48,536  INFO [main] metastore.HiveMetaStoreClient: Closed a connection to metastore, current connections: -8
2024-04-24T08:08:48,536 ERROR [main] cli.TestHiveCli: Failed due to the error:Connecting to jdbc:hive2://
Hive Session ID = 78623278-6fb4-4f65-ace0-9785fdc8cdc9
ivysettings.xml file not found in HIVE_HOME or HIVE_CONF_DIR,/home/alex/Repositories/hive/conf/ivysettings.xml will be used
ivysettings.xml file not found in HIVE_HOME or HIVE_CONF_DIR,/home/alex/Repositories/hive/conf/ivysettings.xml will be used
Connected to: Apache Hive (version 4.0.0-SNAPSHOT)
Error: Couldn't load manifest attributes. (state=,code=0)
Transaction isolation: TRANSACTION_REPEATABLE_READ
INFO  : Compiling command(queryId=alex_20240424080848_999ba3d1-5d78-43a5-aa6d-8a5c83434ef3): use test
INFO  : Semantic Analysis Completed (retrial = false)
INFO  : Created Hive schema: Schema(fieldSchemas:null, properties:null)
INFO  : Completed compiling command(queryId=alex_20240424080848_999ba3d1-5d78-43a5-aa6d-8a5c83434ef3); Time taken: 0.012 seconds
INFO  : Concurrency mode is disabled, not creating a lock manager
INFO  : Executing command(queryId=alex_20240424080848_999ba3d1-5d78-43a5-aa6d-8a5c83434ef3): use test
INFO  : Starting task [Stage-0:DDL] in serial mode
DEBUG : Task getting executed using mapred tag : alex_20240424080848_999ba3d1-5d78-43a5-aa6d-8a5c83434ef3,userid=null
INFO  : Completed executing command(queryId=alex_20240424080848_999ba3d1-5d78-43a5-aa6d-8a5c83434ef3); Time taken: 0.014 seconds
DEBUG : Shutting down query use test
Error: Failed to wait for operation to complete (state=08S01,code=0)
Beeline version ??? by Apache Hive
hive> source /home/alex/Repositories/hive/beeline/target/tmp/test1674684574462879600.sql;
INFO  : Compiling command(queryId=alex_20240424080848_c56a9f5a-6db9-4264-961e-0d52aa4b97f3): show tables
INFO  : Semantic Analysis Completed (retrial = false)
INFO  : Created Hive schema: Schema(fieldSchemas:[FieldSchema(name:tab_name, type:string, comment:from deserializer)], properties:null)
INFO  : Completed compiling command(queryId=alex_20240424080848_c56a9f5a-6db9-4264-961e-0d52aa4b97f3); Time taken: 0.009 seconds
INFO  : Concurrency mode is disabled, not creating a lock manager
INFO  : Executing command(queryId=alex_20240424080848_c56a9f5a-6db9-4264-961e-0d52aa4b97f3): show tables
INFO  : Starting task [Stage-0:DDL] in serial mode
DEBUG : Task getting executed using mapred tag : alex_20240424080848_c56a9f5a-6db9-4264-961e-0d52aa4b97f3,userid=null
INFO  : Completed executing command(queryId=alex_20240424080848_c56a9f5a-6db9-4264-961e-0d52aa4b97f3); Time taken: 0.025 seconds
DEBUG : Shutting down query show tables
Error: Failed to wait for operation to complete (state=08S01,code=0)
hive> Closing: 0: jdbc:hive2://

]]></system-err>
  </testcase>
  <testcase name="testInvalidOptions2" classname="org.apache.hive.beeline.cli.TestHiveCli" time="0.005"/>
  <testcase name="testCmd" classname="org.apache.hive.beeline.cli.TestHiveCli" time="0.368">
    <failure type="java.lang.AssertionError"><![CDATA[java.lang.AssertionError: The expected keyword "src" occur in the output: 
	at org.junit.Assert.fail(Assert.java:89)
	at org.junit.Assert.assertTrue(Assert.java:42)
	at org.apache.hive.beeline.cli.TestHiveCli.verifyCMD(TestHiveCli.java:270)
	at org.apache.hive.beeline.cli.TestHiveCli.testCmd(TestHiveCli.java:72)
	at sun.reflect.NativeMethodAccessorImpl.invoke0(Native Method)
	at sun.reflect.NativeMethodAccessorImpl.invoke(NativeMethodAccessorImpl.java:62)
	at sun.reflect.DelegatingMethodAccessorImpl.invoke(DelegatingMethodAccessorImpl.java:43)
	at java.lang.reflect.Method.invoke(Method.java:498)
	at org.junit.runners.model.FrameworkMethod$1.runReflectiveCall(FrameworkMethod.java:59)
	at org.junit.internal.runners.model.ReflectiveCallable.run(ReflectiveCallable.java:12)
	at org.junit.runners.model.FrameworkMethod.invokeExplosively(FrameworkMethod.java:56)
	at org.junit.internal.runners.statements.InvokeMethod.evaluate(InvokeMethod.java:17)
	at org.junit.internal.runners.statements.RunBefores.evaluate(RunBefores.java:26)
	at org.junit.internal.runners.statements.RunAfters.evaluate(RunAfters.java:27)
	at org.junit.runners.ParentRunner$3.evaluate(ParentRunner.java:306)
	at org.junit.runners.BlockJUnit4ClassRunner$1.evaluate(BlockJUnit4ClassRunner.java:100)
	at org.junit.runners.ParentRunner.runLeaf(ParentRunner.java:366)
	at org.junit.runners.BlockJUnit4ClassRunner.runChild(BlockJUnit4ClassRunner.java:103)
	at org.junit.runners.BlockJUnit4ClassRunner.runChild(BlockJUnit4ClassRunner.java:63)
	at org.junit.runners.ParentRunner$4.run(ParentRunner.java:331)
	at org.junit.runners.ParentRunner$1.schedule(ParentRunner.java:79)
	at org.junit.runners.ParentRunner.runChildren(ParentRunner.java:329)
	at org.junit.runners.ParentRunner.access$100(ParentRunner.java:66)
	at org.junit.runners.ParentRunner$2.evaluate(ParentRunner.java:293)
	at org.junit.internal.runners.statements.RunBefores.evaluate(RunBefores.java:26)
	at org.junit.runners.ParentRunner$3.evaluate(ParentRunner.java:306)
	at org.junit.runners.ParentRunner.run(ParentRunner.java:413)
	at org.junit.runner.JUnitCore.run(JUnitCore.java:137)
	at org.junit.runner.JUnitCore.run(JUnitCore.java:115)
	at org.junit.vintage.engine.execution.RunnerExecutor.execute(RunnerExecutor.java:43)
	at java.util.stream.ForEachOps$ForEachOp$OfRef.accept(ForEachOps.java:183)
	at java.util.stream.ReferencePipeline$3$1.accept(ReferencePipeline.java:193)
	at java.util.Iterator.forEachRemaining(Iterator.java:116)
	at java.util.Spliterators$IteratorSpliterator.forEachRemaining(Spliterators.java:1801)
	at java.util.stream.AbstractPipeline.copyInto(AbstractPipeline.java:482)
	at java.util.stream.AbstractPipeline.wrapAndCopyInto(AbstractPipeline.java:472)
	at java.util.stream.ForEachOps$ForEachOp.evaluateSequential(ForEachOps.java:150)
	at java.util.stream.ForEachOps$ForEachOp$OfRef.evaluateSequential(ForEachOps.java:173)
	at java.util.stream.AbstractPipeline.evaluate(AbstractPipeline.java:234)
	at java.util.stream.ReferencePipeline.forEach(ReferencePipeline.java:485)
	at org.junit.vintage.engine.VintageTestEngine.executeAllChildren(VintageTestEngine.java:82)
	at org.junit.vintage.engine.VintageTestEngine.execute(VintageTestEngine.java:73)
	at org.junit.platform.launcher.core.DefaultLauncher.execute(DefaultLauncher.java:248)
	at org.junit.platform.launcher.core.DefaultLauncher.lambda$execute$5(DefaultLauncher.java:211)
	at org.junit.platform.launcher.core.DefaultLauncher.withInterceptedStreams(DefaultLauncher.java:226)
	at org.junit.platform.launcher.core.DefaultLauncher.execute(DefaultLauncher.java:199)
	at org.junit.platform.launcher.core.DefaultLauncher.execute(DefaultLauncher.java:132)
	at org.apache.maven.surefire.junitplatform.JUnitPlatformProvider.invokeAllTests(JUnitPlatformProvider.java:154)
	at org.apache.maven.surefire.junitplatform.JUnitPlatformProvider.invoke(JUnitPlatformProvider.java:123)
	at org.apache.maven.surefire.booter.ForkedBooter.runSuitesInProcess(ForkedBooter.java:377)
	at org.apache.maven.surefire.booter.ForkedBooter.execute(ForkedBooter.java:138)
	at org.apache.maven.surefire.booter.ForkedBooter.run(ForkedBooter.java:465)
	at org.apache.maven.surefire.booter.ForkedBooter.main(ForkedBooter.java:451)
]]></failure>
    <system-err><![CDATA[2024-04-24T08:08:48,546 ERROR [main] cli.TestHiveCli: Failed to execute command due to the error: java.lang.NullPointerException: Null output stream
2024-04-24T08:08:48,596  WARN [main] conf.HiveConf: HiveConf of name hive.dummyparam.test.server.specific.config.hiveserver2site does not exist
2024-04-24T08:08:48,597  WARN [main] conf.HiveConf: HiveConf of name hive.dummyparam.test.server.specific.config.override does not exist
2024-04-24T08:08:48,597  WARN [main] conf.HiveConf: HiveConf of name hive.dummyparam.test.server.specific.config.metastoresite does not exist
2024-04-24T08:08:48,597  INFO [main] SessionState: Hive Session ID = de09a1c4-286b-43cb-9b71-9904646c8345
2024-04-24T08:08:48,598  INFO [main] DependencyResolver: ivysettings.xml file not found in HIVE_HOME or HIVE_CONF_DIR,/home/alex/Repositories/hive/conf/ivysettings.xml will be used
2024-04-24T08:08:48,605  INFO [main] session.SessionState: Created HDFS directory: /tmp/hive/alex/de09a1c4-286b-43cb-9b71-9904646c8345
2024-04-24T08:08:48,608  INFO [main] session.SessionState: Created local directory: /home/alex/Repositories/hive/beeline/target/tmp/alex/de09a1c4-286b-43cb-9b71-9904646c8345
2024-04-24T08:08:48,612  INFO [main] session.SessionState: Created HDFS directory: /tmp/hive/alex/de09a1c4-286b-43cb-9b71-9904646c8345/_tmp_space.db
2024-04-24T08:08:48,612  INFO [main] sqlstd.SQLStdHiveAccessController: Created SQLStdHiveAccessController for session context : HiveAuthzSessionContext [sessionString=de09a1c4-286b-43cb-9b71-9904646c8345, clientType=HIVESERVER2]
2024-04-24T08:08:48,613  INFO [main] metastore.HiveMetaStoreClient: HMS client filtering is enabled.
2024-04-24T08:08:48,614  INFO [main] metastore.HMSHandler: 0: Opening raw store with implementation class:org.apache.hadoop.hive.metastore.ObjectStore
2024-04-24T08:08:48,614  INFO [main] metastore.PersistenceManagerProvider: Configuration datanucleus.autoStartMechanismMode is not set. Defaulting to 'ignored'
2024-04-24T08:08:48,615  INFO [main] metastore.ObjectStore: RawStore: org.apache.hadoop.hive.metastore.ObjectStore@4438b862, with PersistenceManager: null will be shutdown
2024-04-24T08:08:48,615  INFO [main] metastore.ObjectStore: RawStore: org.apache.hadoop.hive.metastore.ObjectStore@4438b862, with PersistenceManager: org.datanucleus.api.jdo.JDOPersistenceManager@17b6ad97 created in the thread with id: 1
2024-04-24T08:08:48,619  INFO [main] metastore.HMSHandler: Created RawStore: org.apache.hadoop.hive.metastore.ObjectStore@4438b862 from thread id: 1
2024-04-24T08:08:48,619  INFO [main] metastore.HMSHandler: HMS server filtering is disabled by configuration
2024-04-24T08:08:48,620  INFO [main] metastore.RetryingMetaStoreClient: RetryingMetaStoreClient proxy=class org.apache.hadoop.hive.ql.metadata.SessionHiveMetaStoreClient ugi=alex (auth:SIMPLE) retries=1 delay=1 lifetime=0
2024-04-24T08:08:48,620  INFO [main] service.CompositeService: Operation log root directory is created: /home/alex/Repositories/hive/beeline/target/tmp/alex/operation_logs
2024-04-24T08:08:48,620  INFO [main] service.CompositeService: HiveServer2: Background operation thread pool size: 100
2024-04-24T08:08:48,620  INFO [main] service.CompositeService: HiveServer2: Background operation thread wait queue size: 100
2024-04-24T08:08:48,621  INFO [main] service.CompositeService: HiveServer2: Background operation thread keepalive time: 10 seconds
2024-04-24T08:08:48,621  INFO [main] service.CompositeService: Connections limit are user: 0 ipaddress: 0 user-ipaddress: 0
2024-04-24T08:08:48,622  INFO [main] cleanup.EventualCleanupService: EventualCleanupService started with 10 threads and queue of size 10000
ERROR StatusLogger Log4j2 ConfigurationScheduler attempted to increment scheduled items after start
ERROR StatusLogger Log4j2 ConfigurationScheduler attempted to increment scheduled items after start
2024-04-24T08:08:48,624  INFO [main] service.AbstractService: Service:OperationManager is inited.
2024-04-24T08:08:48,624  INFO [main] service.AbstractService: Service:SessionManager is inited.
2024-04-24T08:08:48,624  INFO [main] service.AbstractService: Service:CLIService is inited.
2024-04-24T08:08:48,624  INFO [main] service.AbstractService: Service:OperationManager is started.
2024-04-24T08:08:48,625  INFO [main] service.AbstractService: Service:SessionManager is started.
2024-04-24T08:08:48,625  INFO [main] service.AbstractService: Service:CLIService is started.
2024-04-24T08:08:48,625  INFO [main] service.AbstractService: Service:ThriftBinaryCLIService is inited.
2024-04-24T08:08:48,625  INFO [main] thrift.ThriftCLIService: Client protocol version: HIVE_CLI_SERVICE_PROTOCOL_V10
2024-04-24T08:08:48,625  INFO [main] thrift.ThriftCLIService: Creating Hive session handle for user [null] from IP null
2024-04-24T08:08:48,626  INFO [main] DependencyResolver: ivysettings.xml file not found in HIVE_HOME or HIVE_CONF_DIR,/home/alex/Repositories/hive/conf/ivysettings.xml will be used
2024-04-24T08:08:48,633  INFO [main] session.SessionState: Created HDFS directory: /tmp/hive/alex/17ee4b5b-9b59-4e78-94b9-31868cace810
2024-04-24T08:08:48,637  INFO [main] session.SessionState: Created local directory: /home/alex/Repositories/hive/beeline/target/tmp/alex/17ee4b5b-9b59-4e78-94b9-31868cace810
2024-04-24T08:08:48,640  INFO [main] session.SessionState: Created HDFS directory: /tmp/hive/alex/17ee4b5b-9b59-4e78-94b9-31868cace810/_tmp_space.db
2024-04-24T08:08:48,640  INFO [main] session.SessionState: Reloading auxiliary JAR files
2024-04-24T08:08:48,640  WARN [main] session.SessionState: Configuration hive.reloadable.aux.jars.path not specified
2024-04-24T08:08:48,640  INFO [main] HiveMetaStore.audit: ugi=alex	ip=unknown-ip-addr	cmd=Cleaning up thread local RawStore...	
2024-04-24T08:08:48,641  INFO [main] metastore.ObjectStore: RawStore: org.apache.hadoop.hive.metastore.ObjectStore@4438b862, with PersistenceManager: org.datanucleus.api.jdo.JDOPersistenceManager@17b6ad97 will be shutdown
2024-04-24T08:08:48,641  INFO [main] HiveMetaStore.audit: ugi=alex	ip=unknown-ip-addr	cmd=Done cleaning up thread local RawStore	
2024-04-24T08:08:48,641  INFO [main] metastore.HiveMetaStoreClient: Closed a connection to metastore, current connections: -9
2024-04-24T08:08:48,641  INFO [main] session.HiveSessionImpl: Operation log session directory is created: /home/alex/Repositories/hive/beeline/target/tmp/alex/operation_logs/17ee4b5b-9b59-4e78-94b9-31868cace810
2024-04-24T08:08:48,641  INFO [main] service.CompositeService: Session opened, SessionHandle [17ee4b5b-9b59-4e78-94b9-31868cace810], current sessions:1
2024-04-24T08:08:48,641  INFO [main] thrift.ThriftCLIService: Login attempt is successful for user : null
2024-04-24T08:08:48,693  WARN [main] conf.HiveConf: HiveConf of name hive.dummyparam.test.server.specific.config.override does not exist
2024-04-24T08:08:48,693  WARN [main] conf.HiveConf: HiveConf of name hive.dummyparam.test.server.specific.config.hiveserver2site does not exist
2024-04-24T08:08:48,693  WARN [main] conf.HiveConf: HiveConf of name hive.dummyparam.test.server.specific.config.metastoresite does not exist
2024-04-24T08:08:48,694  INFO [17ee4b5b-9b59-4e78-94b9-31868cace810 main] session.HiveSessionImpl: executing set
2024-04-24T08:08:48,695  INFO [17ee4b5b-9b59-4e78-94b9-31868cace810 main] operation.HiveCommandOperation: Putting temp output to file /home/alex/Repositories/hive/beeline/target/tmp/alex/17ee4b5b-9b59-4e78-94b9-31868cace8101232690233856899062.pipeout and error output to file /home/alex/Repositories/hive/beeline/target/tmp/alex/17ee4b5b-9b59-4e78-94b9-31868cace8101891107017226218395.pipeout
2024-04-24T08:08:48,695  INFO [17ee4b5b-9b59-4e78-94b9-31868cace810 main] operation.OperationManager: Adding operation: OperationHandle [opType=EXECUTE_STATEMENT, getHandleIdentifier()=c4b8affd-7f76-451c-a181-f21e55fa3a62] SessionHandle [17ee4b5b-9b59-4e78-94b9-31868cace810]
2024-04-24T08:08:48,695  INFO [17ee4b5b-9b59-4e78-94b9-31868cace810 main] common.LogUtils: Thread context registration is done.
DEBUG StatusLogger Building Plugin[name=filter, class=org.apache.hadoop.hive.ql.log.LogDivertAppender$NameFilter].
DEBUG StatusLogger createFilter(loggingLevel="EXECUTION")
DEBUG StatusLogger Building Plugin[name=layout, class=org.apache.logging.log4j.core.layout.PatternLayout].
DEBUG StatusLogger PatternLayout$Builder(pattern="%-5p : %m%n", alwaysWriteExceptions="null", disableAnsi="null", PatternSelector=null, Configuration(HiveLog4j2Test), header="null", charset="null", footer="null", noConsoleNoAnsi="null", Replace=null)
DEBUG StatusLogger Building Plugin[name=appender, class=org.apache.hadoop.hive.ql.log.HushableRandomAccessFileAppender].
DEBUG StatusLogger createAppender(fileName="/home/alex/Repositories/hive/beeline/target/tmp/alex/operation_logs/17ee4b5b-9b59-4e78-94b9-31868cace810/alex_20240424080848_8ecc3e81-cba7-40f3-a7d7-c0ae32aba1d4", append="null", name="query-file-appender", immediateFlush="null", bufferSize="null", ignoreExceptions="null", PatternLayout(org.apache.logging.log4j.core.layout.PatternLayout with name PatternLayout), NameFilter(org.apache.hadoop.hive.ql.log.LogDivertAppender$NameFilter with name NameFilter), advertise="null", advertiseURI="null", Configuration(HiveLog4j2Test))
DEBUG StatusLogger Starting RandomAccessFileManager /home/alex/Repositories/hive/beeline/target/tmp/alex/operation_logs/17ee4b5b-9b59-4e78-94b9-31868cace810/alex_20240424080848_8ecc3e81-cba7-40f3-a7d7-c0ae32aba1d4
DEBUG StatusLogger Building Plugin[name=, class=org.apache.hadoop.hive.ql.log.LogDivertAppenderForTest$TestFilter].
DEBUG StatusLogger createFilter()
DEBUG StatusLogger Building Plugin[name=, class=org.apache.logging.log4j.core.layout.PatternLayout].
DEBUG StatusLogger PatternLayout$Builder(disableAnsi="null", pattern="%-5p : %m%n", charset="null", PatternSelector=null, noConsoleNoAnsi="null", Configuration(HiveLog4j2Test), header="null", Replace=null, footer="null", alwaysWriteExceptions="null")
DEBUG StatusLogger Building Plugin[name=appender, class=org.apache.hadoop.hive.ql.log.HushableRandomAccessFileAppender].
DEBUG StatusLogger createAppender(fileName="/home/alex/Repositories/hive/beeline/target/tmp/alex/operation_logs/17ee4b5b-9b59-4e78-94b9-31868cace810/alex_20240424080848_8ecc3e81-cba7-40f3-a7d7-c0ae32aba1d4.test", append="null", name="test-query-file-appender", immediateFlush="null", bufferSize="null", ignoreExceptions="null", PatternLayout(org.apache.logging.log4j.core.layout.PatternLayout with name PatternLayout), test-filter(org.apache.hadoop.hive.ql.log.LogDivertAppenderForTest$TestFilter with name test-filter), advertise="null", advertiseURI="null", Configuration(HiveLog4j2Test))
DEBUG StatusLogger Starting RandomAccessFileManager /home/alex/Repositories/hive/beeline/target/tmp/alex/operation_logs/17ee4b5b-9b59-4e78-94b9-31868cace810/alex_20240424080848_8ecc3e81-cba7-40f3-a7d7-c0ae32aba1d4.test
2024-04-24T08:08:48,703  INFO [17ee4b5b-9b59-4e78-94b9-31868cace810 main] operation.HiveCommandOperation: [opType=EXECUTE_STATEMENT, queryId=alex_20240424080848_8ecc3e81-cba7-40f3-a7d7-c0ae32aba1d4, startTime=1713971328694, sessionId=17ee4b5b-9b59-4e78-94b9-31868cace810, createTime=1713971328625, userName=null, ipAddress=null]
2024-04-24T08:08:48,813  INFO [17ee4b5b-9b59-4e78-94b9-31868cace810 main] common.LogUtils: Unregistered logging context.
2024-04-24T08:08:48,816  INFO [17ee4b5b-9b59-4e78-94b9-31868cace810 main] operation.OperationManager: Closing operation: OperationHandle [opType=EXECUTE_STATEMENT, getHandleIdentifier()=c4b8affd-7f76-451c-a181-f21e55fa3a62]
2024-04-24T08:08:48,816  INFO [17ee4b5b-9b59-4e78-94b9-31868cace810 main] operation.OperationManager: Removed queryId: alex_20240424080848_8ecc3e81-cba7-40f3-a7d7-c0ae32aba1d4 corresponding to operation: OperationHandle [opType=EXECUTE_STATEMENT, getHandleIdentifier()=c4b8affd-7f76-451c-a181-f21e55fa3a62] with tag: null
2024-04-24T08:08:48,817  INFO [17ee4b5b-9b59-4e78-94b9-31868cace810 main] operation.HiveCommandOperation: Closing operation log /home/alex/Repositories/hive/beeline/target/tmp/alex/operation_logs/17ee4b5b-9b59-4e78-94b9-31868cace810/alex_20240424080848_8ecc3e81-cba7-40f3-a7d7-c0ae32aba1d4 without delay
2024-04-24T08:08:48,825  INFO [17ee4b5b-9b59-4e78-94b9-31868cace810 main] session.HiveSessionImpl: executing show tables
2024-04-24T08:08:48,827  INFO [17ee4b5b-9b59-4e78-94b9-31868cace810 main] operation.OperationManager: Adding operation: OperationHandle [opType=EXECUTE_STATEMENT, getHandleIdentifier()=8d45059d-d2ef-43ed-b683-f92aa834d948] SessionHandle [17ee4b5b-9b59-4e78-94b9-31868cace810]
2024-04-24T08:08:48,828  INFO [17ee4b5b-9b59-4e78-94b9-31868cace810 main] common.LogUtils: Thread context registration is done.
DEBUG StatusLogger Building Plugin[name=filter, class=org.apache.hadoop.hive.ql.log.LogDivertAppender$NameFilter].
DEBUG StatusLogger createFilter(loggingLevel="EXECUTION")
DEBUG StatusLogger Building Plugin[name=layout, class=org.apache.logging.log4j.core.layout.PatternLayout].
DEBUG StatusLogger PatternLayout$Builder(noConsoleNoAnsi="null", pattern="%-5p : %m%n", footer="null", charset="null", Configuration(HiveLog4j2Test), disableAnsi="null", header="null", Replace=null, alwaysWriteExceptions="null", PatternSelector=null)
DEBUG StatusLogger Building Plugin[name=appender, class=org.apache.hadoop.hive.ql.log.HushableRandomAccessFileAppender].
DEBUG StatusLogger createAppender(fileName="/home/alex/Repositories/hive/beeline/target/tmp/alex/operation_logs/17ee4b5b-9b59-4e78-94b9-31868cace810/alex_20240424080848_d2d2c444-cef8-418c-bc69-38e38d9bd7c9", append="null", name="query-file-appender", immediateFlush="null", bufferSize="null", ignoreExceptions="null", PatternLayout(org.apache.logging.log4j.core.layout.PatternLayout with name PatternLayout), NameFilter(org.apache.hadoop.hive.ql.log.LogDivertAppender$NameFilter with name NameFilter), advertise="null", advertiseURI="null", Configuration(HiveLog4j2Test))
DEBUG StatusLogger Starting RandomAccessFileManager /home/alex/Repositories/hive/beeline/target/tmp/alex/operation_logs/17ee4b5b-9b59-4e78-94b9-31868cace810/alex_20240424080848_d2d2c444-cef8-418c-bc69-38e38d9bd7c9
DEBUG StatusLogger Building Plugin[name=, class=org.apache.hadoop.hive.ql.log.LogDivertAppenderForTest$TestFilter].
DEBUG StatusLogger createFilter()
DEBUG StatusLogger Building Plugin[name=, class=org.apache.logging.log4j.core.layout.PatternLayout].
DEBUG StatusLogger PatternLayout$Builder(PatternSelector=null, Configuration(HiveLog4j2Test), alwaysWriteExceptions="null", Replace=null, footer="null", noConsoleNoAnsi="null", header="null", pattern="%-5p : %m%n", charset="null", disableAnsi="null")
DEBUG StatusLogger Building Plugin[name=appender, class=org.apache.hadoop.hive.ql.log.HushableRandomAccessFileAppender].
DEBUG StatusLogger createAppender(fileName="/home/alex/Repositories/hive/beeline/target/tmp/alex/operation_logs/17ee4b5b-9b59-4e78-94b9-31868cace810/alex_20240424080848_d2d2c444-cef8-418c-bc69-38e38d9bd7c9.test", append="null", name="test-query-file-appender", immediateFlush="null", bufferSize="null", ignoreExceptions="null", PatternLayout(org.apache.logging.log4j.core.layout.PatternLayout with name PatternLayout), test-filter(org.apache.hadoop.hive.ql.log.LogDivertAppenderForTest$TestFilter with name test-filter), advertise="null", advertiseURI="null", Configuration(HiveLog4j2Test))
DEBUG StatusLogger Starting RandomAccessFileManager /home/alex/Repositories/hive/beeline/target/tmp/alex/operation_logs/17ee4b5b-9b59-4e78-94b9-31868cace810/alex_20240424080848_d2d2c444-cef8-418c-bc69-38e38d9bd7c9.test
2024-04-24T08:08:48,838  INFO [17ee4b5b-9b59-4e78-94b9-31868cace810 main] operation.SQLOperation: [opType=EXECUTE_STATEMENT, queryId=alex_20240424080848_d2d2c444-cef8-418c-bc69-38e38d9bd7c9, startTime=1713971328825, sessionId=17ee4b5b-9b59-4e78-94b9-31868cace810, createTime=1713971328625, userName=null, ipAddress=null]
2024-04-24T08:08:48,839  INFO [17ee4b5b-9b59-4e78-94b9-31868cace810 main] ql.Driver: Compiling command(queryId=alex_20240424080848_d2d2c444-cef8-418c-bc69-38e38d9bd7c9): show tables
2024-04-24T08:08:48,841  INFO [17ee4b5b-9b59-4e78-94b9-31868cace810 main] metastore.HiveMetaStoreClient: HMS client filtering is enabled.
2024-04-24T08:08:48,843  INFO [17ee4b5b-9b59-4e78-94b9-31868cace810 main] metastore.HMSHandler: 0: Opening raw store with implementation class:org.apache.hadoop.hive.metastore.ObjectStore
2024-04-24T08:08:48,843  INFO [17ee4b5b-9b59-4e78-94b9-31868cace810 main] metastore.PersistenceManagerProvider: Configuration datanucleus.autoStartMechanismMode is not set. Defaulting to 'ignored'
2024-04-24T08:08:48,844  INFO [17ee4b5b-9b59-4e78-94b9-31868cace810 main] metastore.ObjectStore: RawStore: org.apache.hadoop.hive.metastore.ObjectStore@c732e1c, with PersistenceManager: null will be shutdown
2024-04-24T08:08:48,845  INFO [17ee4b5b-9b59-4e78-94b9-31868cace810 main] metastore.ObjectStore: RawStore: org.apache.hadoop.hive.metastore.ObjectStore@c732e1c, with PersistenceManager: org.datanucleus.api.jdo.JDOPersistenceManager@6aad919c created in the thread with id: 1
2024-04-24T08:08:48,850  INFO [17ee4b5b-9b59-4e78-94b9-31868cace810 main] metastore.HMSHandler: Created RawStore: org.apache.hadoop.hive.metastore.ObjectStore@c732e1c from thread id: 1
2024-04-24T08:08:48,850  INFO [17ee4b5b-9b59-4e78-94b9-31868cace810 main] metastore.HMSHandler: HMS server filtering is disabled by configuration
2024-04-24T08:08:48,851  INFO [17ee4b5b-9b59-4e78-94b9-31868cace810 main] metastore.RetryingMetaStoreClient: RetryingMetaStoreClient proxy=class org.apache.hadoop.hive.ql.metadata.SessionHiveMetaStoreClient ugi=alex (auth:SIMPLE) retries=1 delay=1 lifetime=0
2024-04-24T08:08:48,855  INFO [17ee4b5b-9b59-4e78-94b9-31868cace810 main] HiveMetaStore.audit: ugi=alex	ip=unknown-ip-addr	cmd=get_database: default	
2024-04-24T08:08:48,859  INFO [17ee4b5b-9b59-4e78-94b9-31868cace810 main] ql.Driver: Semantic Analysis Completed (retrial = false)
2024-04-24T08:08:48,860  INFO [17ee4b5b-9b59-4e78-94b9-31868cace810 main] ql.Driver: Created Hive schema: Schema(fieldSchemas:[FieldSchema(name:tab_name, type:string, comment:from deserializer)], properties:null)
2024-04-24T08:08:48,861  INFO [17ee4b5b-9b59-4e78-94b9-31868cace810 main] exec.ListSinkOperator: Initializing Operator: LIST_SINK[0]
2024-04-24T08:08:48,862  INFO [17ee4b5b-9b59-4e78-94b9-31868cace810 main] metadata.Hive: Dumping metastore api call timing information for : compilation phase
2024-04-24T08:08:48,862  INFO [17ee4b5b-9b59-4e78-94b9-31868cace810 main] metadata.Hive: Total time spent in each metastore function (ms): {flushCache_()=0, getDatabase_(String)=4, isCompatibleWith_(Configuration)=0}
2024-04-24T08:08:48,862  INFO [17ee4b5b-9b59-4e78-94b9-31868cace810 main] ql.Driver: Completed compiling command(queryId=alex_20240424080848_d2d2c444-cef8-418c-bc69-38e38d9bd7c9); Time taken: 0.023 seconds
2024-04-24T08:08:48,864  INFO [HiveServer2-Background-Pool: Thread-196] common.LogUtils: Thread context registration is done.
2024-04-24T08:08:48,864  INFO [17ee4b5b-9b59-4e78-94b9-31868cace810 main] common.LogUtils: Unregistered logging context.
2024-04-24T08:08:48,864  INFO [HiveServer2-Background-Pool: Thread-196] reexec.ReExecDriver: Execution #1 of query
2024-04-24T08:08:48,864  INFO [HiveServer2-Background-Pool: Thread-196] ql.Driver: Concurrency mode is disabled, not creating a lock manager
2024-04-24T08:08:48,865  INFO [HiveServer2-Background-Pool: Thread-196] ql.Driver: Executing command(queryId=alex_20240424080848_d2d2c444-cef8-418c-bc69-38e38d9bd7c9): show tables
2024-04-24T08:08:48,865  INFO [HiveServer2-Background-Pool: Thread-196] ql.Driver: Starting task [Stage-0:DDL] in serial mode
2024-04-24T08:08:48,867  INFO [HiveServer2-Background-Pool: Thread-196] HiveMetaStore.audit: ugi=alex	ip=unknown-ip-addr	cmd=get_database: default	
2024-04-24T08:08:48,868  INFO [HiveServer2-Background-Pool: Thread-196] metastore.HMSHandler: 8: Opening raw store with implementation class:org.apache.hadoop.hive.metastore.ObjectStore
2024-04-24T08:08:48,869  INFO [HiveServer2-Background-Pool: Thread-196] metastore.ObjectStore: RawStore: org.apache.hadoop.hive.metastore.ObjectStore@3cc0a75c, with PersistenceManager: null will be shutdown
2024-04-24T08:08:48,869  INFO [HiveServer2-Background-Pool: Thread-196] metastore.ObjectStore: RawStore: org.apache.hadoop.hive.metastore.ObjectStore@3cc0a75c, with PersistenceManager: org.datanucleus.api.jdo.JDOPersistenceManager@79c23ea0 created in the thread with id: 196
2024-04-24T08:08:48,874  INFO [HiveServer2-Background-Pool: Thread-196] metastore.HMSHandler: Created RawStore: org.apache.hadoop.hive.metastore.ObjectStore@3cc0a75c from thread id: 196
2024-04-24T08:08:48,879  INFO [HiveServer2-Background-Pool: Thread-196] HiveMetaStore.audit: ugi=alex	ip=unknown-ip-addr	cmd=get_multi_table : db=default tbls=null	
2024-04-24T08:08:48,885  INFO [HiveServer2-Background-Pool: Thread-196] sqlstd.SQLStdHiveAccessController: Created SQLStdHiveAccessController for session context : HiveAuthzSessionContext [sessionString=17ee4b5b-9b59-4e78-94b9-31868cace810, clientType=HIVESERVER2]
2024-04-24T08:08:48,894  INFO [HiveServer2-Background-Pool: Thread-196] metadata.Hive: Dumping metastore api call timing information for : execution phase
2024-04-24T08:08:48,894  INFO [HiveServer2-Background-Pool: Thread-196] metadata.Hive: Total time spent in each metastore function (ms): {isCompatibleWith_(Configuration)=0, getTables_(String, String)=9, getDatabase_(String)=10}
2024-04-24T08:08:48,894  INFO [HiveServer2-Background-Pool: Thread-196] ql.Driver: Completed executing command(queryId=alex_20240424080848_d2d2c444-cef8-418c-bc69-38e38d9bd7c9); Time taken: 0.028 seconds
2024-04-24T08:08:48,895  INFO [HiveServer2-Background-Pool: Thread-196] common.LogUtils: Unregistered logging context.
2024-04-24T08:08:48,897  INFO [17ee4b5b-9b59-4e78-94b9-31868cace810 main] operation.OperationManager: Closing operation: OperationHandle [opType=EXECUTE_STATEMENT, getHandleIdentifier()=8d45059d-d2ef-43ed-b683-f92aa834d948]
2024-04-24T08:08:48,898  INFO [17ee4b5b-9b59-4e78-94b9-31868cace810 main] operation.OperationManager: Removed queryId: alex_20240424080848_d2d2c444-cef8-418c-bc69-38e38d9bd7c9 corresponding to operation: OperationHandle [opType=EXECUTE_STATEMENT, getHandleIdentifier()=8d45059d-d2ef-43ed-b683-f92aa834d948] with tag: null
2024-04-24T08:08:48,898  INFO [17ee4b5b-9b59-4e78-94b9-31868cace810 main] ql.Context: Deleting scratch dir: file:/home/alex/Repositories/hive/beeline/target/tmp/alex/17ee4b5b-9b59-4e78-94b9-31868cace810/hive_2024-04-24_08-08-48_839_5495461409606440012-1
2024-04-24T08:08:48,898  INFO [17ee4b5b-9b59-4e78-94b9-31868cace810 main] cleanup.EventualCleanupService: Delete file:/home/alex/Repositories/hive/beeline/target/tmp/alex/17ee4b5b-9b59-4e78-94b9-31868cace810/hive_2024-04-24_08-08-48_839_5495461409606440012-1 operation was queued
2024-04-24T08:08:48,898  INFO [17ee4b5b-9b59-4e78-94b9-31868cace810 main] exec.ListSinkOperator: Closing Operator: LIST_SINK[0]
2024-04-24T08:08:48,898  INFO [EventualCleanupService thread 0] cleanup.EventualCleanupService: Deleted file:/home/alex/Repositories/hive/beeline/target/tmp/alex/17ee4b5b-9b59-4e78-94b9-31868cace810/hive_2024-04-24_08-08-48_839_5495461409606440012-1
2024-04-24T08:08:48,899  INFO [17ee4b5b-9b59-4e78-94b9-31868cace810 main] exec.ListSinkOperator: RECORDS_OUT_INTERMEDIATE:0, RECORDS_OUT_OPERATOR_LIST_SINK_0:0, 
2024-04-24T08:08:48,899  INFO [17ee4b5b-9b59-4e78-94b9-31868cace810 main] operation.SQLOperation: Closing operation log /home/alex/Repositories/hive/beeline/target/tmp/alex/operation_logs/17ee4b5b-9b59-4e78-94b9-31868cace810/alex_20240424080848_d2d2c444-cef8-418c-bc69-38e38d9bd7c9 without delay
2024-04-24T08:08:48,907  INFO [main] service.CompositeService: Session closed, SessionHandle [17ee4b5b-9b59-4e78-94b9-31868cace810], current sessions:0
2024-04-24T08:08:48,907  INFO [17ee4b5b-9b59-4e78-94b9-31868cace810 main] session.HiveSessionImpl: Operation log session directory is deleted: /home/alex/Repositories/hive/beeline/target/tmp/alex/operation_logs/17ee4b5b-9b59-4e78-94b9-31868cace810
2024-04-24T08:08:48,908  INFO [main] cleanup.EventualCleanupService: Delete /tmp/hive/alex/17ee4b5b-9b59-4e78-94b9-31868cace810 operation was queued
2024-04-24T08:08:48,908  INFO [main] cleanup.EventualCleanupService: Delete /home/alex/Repositories/hive/beeline/target/tmp/alex/17ee4b5b-9b59-4e78-94b9-31868cace810 operation was queued
2024-04-24T08:08:48,908  INFO [EventualCleanupService thread 2] cleanup.EventualCleanupService: Deleted /home/alex/Repositories/hive/beeline/target/tmp/alex/17ee4b5b-9b59-4e78-94b9-31868cace810
2024-04-24T08:08:48,908  INFO [EventualCleanupService thread 1] cleanup.EventualCleanupService: Deleted /tmp/hive/alex/17ee4b5b-9b59-4e78-94b9-31868cace810
2024-04-24T08:08:48,910  INFO [main] HiveMetaStore.audit: ugi=alex	ip=unknown-ip-addr	cmd=Cleaning up thread local RawStore...	
2024-04-24T08:08:48,910  INFO [main] metastore.ObjectStore: RawStore: org.apache.hadoop.hive.metastore.ObjectStore@c732e1c, with PersistenceManager: org.datanucleus.api.jdo.JDOPersistenceManager@6aad919c will be shutdown
2024-04-24T08:08:48,910  INFO [main] HiveMetaStore.audit: ugi=alex	ip=unknown-ip-addr	cmd=Done cleaning up thread local RawStore	
2024-04-24T08:08:48,910  INFO [main] metastore.HiveMetaStoreClient: Closed a connection to metastore, current connections: -10
]]></system-err>
  </testcase>
  <testcase name="testHelp" classname="org.apache.hive.beeline.cli.TestHiveCli" time="0.002"/>
  <testcase name="testSourceCmd" classname="org.apache.hive.beeline.cli.TestHiveCli" time="0.567">
    <failure type="java.lang.AssertionError"><![CDATA[java.lang.AssertionError: The expected keyword "sc1" occur in the output: 
	at org.junit.Assert.fail(Assert.java:89)
	at org.junit.Assert.assertTrue(Assert.java:42)
	at org.apache.hive.beeline.cli.TestHiveCli.verifyCMD(TestHiveCli.java:270)
	at org.apache.hive.beeline.cli.TestHiveCli.testSourceCmd(TestHiveCli.java:114)
	at sun.reflect.NativeMethodAccessorImpl.invoke0(Native Method)
	at sun.reflect.NativeMethodAccessorImpl.invoke(NativeMethodAccessorImpl.java:62)
	at sun.reflect.DelegatingMethodAccessorImpl.invoke(DelegatingMethodAccessorImpl.java:43)
	at java.lang.reflect.Method.invoke(Method.java:498)
	at org.junit.runners.model.FrameworkMethod$1.runReflectiveCall(FrameworkMethod.java:59)
	at org.junit.internal.runners.model.ReflectiveCallable.run(ReflectiveCallable.java:12)
	at org.junit.runners.model.FrameworkMethod.invokeExplosively(FrameworkMethod.java:56)
	at org.junit.internal.runners.statements.InvokeMethod.evaluate(InvokeMethod.java:17)
	at org.junit.internal.runners.statements.RunBefores.evaluate(RunBefores.java:26)
	at org.junit.internal.runners.statements.RunAfters.evaluate(RunAfters.java:27)
	at org.junit.runners.ParentRunner$3.evaluate(ParentRunner.java:306)
	at org.junit.runners.BlockJUnit4ClassRunner$1.evaluate(BlockJUnit4ClassRunner.java:100)
	at org.junit.runners.ParentRunner.runLeaf(ParentRunner.java:366)
	at org.junit.runners.BlockJUnit4ClassRunner.runChild(BlockJUnit4ClassRunner.java:103)
	at org.junit.runners.BlockJUnit4ClassRunner.runChild(BlockJUnit4ClassRunner.java:63)
	at org.junit.runners.ParentRunner$4.run(ParentRunner.java:331)
	at org.junit.runners.ParentRunner$1.schedule(ParentRunner.java:79)
	at org.junit.runners.ParentRunner.runChildren(ParentRunner.java:329)
	at org.junit.runners.ParentRunner.access$100(ParentRunner.java:66)
	at org.junit.runners.ParentRunner$2.evaluate(ParentRunner.java:293)
	at org.junit.internal.runners.statements.RunBefores.evaluate(RunBefores.java:26)
	at org.junit.runners.ParentRunner$3.evaluate(ParentRunner.java:306)
	at org.junit.runners.ParentRunner.run(ParentRunner.java:413)
	at org.junit.runner.JUnitCore.run(JUnitCore.java:137)
	at org.junit.runner.JUnitCore.run(JUnitCore.java:115)
	at org.junit.vintage.engine.execution.RunnerExecutor.execute(RunnerExecutor.java:43)
	at java.util.stream.ForEachOps$ForEachOp$OfRef.accept(ForEachOps.java:183)
	at java.util.stream.ReferencePipeline$3$1.accept(ReferencePipeline.java:193)
	at java.util.Iterator.forEachRemaining(Iterator.java:116)
	at java.util.Spliterators$IteratorSpliterator.forEachRemaining(Spliterators.java:1801)
	at java.util.stream.AbstractPipeline.copyInto(AbstractPipeline.java:482)
	at java.util.stream.AbstractPipeline.wrapAndCopyInto(AbstractPipeline.java:472)
	at java.util.stream.ForEachOps$ForEachOp.evaluateSequential(ForEachOps.java:150)
	at java.util.stream.ForEachOps$ForEachOp$OfRef.evaluateSequential(ForEachOps.java:173)
	at java.util.stream.AbstractPipeline.evaluate(AbstractPipeline.java:234)
	at java.util.stream.ReferencePipeline.forEach(ReferencePipeline.java:485)
	at org.junit.vintage.engine.VintageTestEngine.executeAllChildren(VintageTestEngine.java:82)
	at org.junit.vintage.engine.VintageTestEngine.execute(VintageTestEngine.java:73)
	at org.junit.platform.launcher.core.DefaultLauncher.execute(DefaultLauncher.java:248)
	at org.junit.platform.launcher.core.DefaultLauncher.lambda$execute$5(DefaultLauncher.java:211)
	at org.junit.platform.launcher.core.DefaultLauncher.withInterceptedStreams(DefaultLauncher.java:226)
	at org.junit.platform.launcher.core.DefaultLauncher.execute(DefaultLauncher.java:199)
	at org.junit.platform.launcher.core.DefaultLauncher.execute(DefaultLauncher.java:132)
	at org.apache.maven.surefire.junitplatform.JUnitPlatformProvider.invokeAllTests(JUnitPlatformProvider.java:154)
	at org.apache.maven.surefire.junitplatform.JUnitPlatformProvider.invoke(JUnitPlatformProvider.java:123)
	at org.apache.maven.surefire.booter.ForkedBooter.runSuitesInProcess(ForkedBooter.java:377)
	at org.apache.maven.surefire.booter.ForkedBooter.execute(ForkedBooter.java:138)
	at org.apache.maven.surefire.booter.ForkedBooter.run(ForkedBooter.java:465)
	at org.apache.maven.surefire.booter.ForkedBooter.main(ForkedBooter.java:451)
]]></failure>
    <system-err><![CDATA[2024-04-24T08:08:48,914 ERROR [main] cli.TestHiveCli: Failed to execute command due to the error: java.lang.NullPointerException: Null output stream
2024-04-24T08:08:48,974  WARN [main] conf.HiveConf: HiveConf of name hive.dummyparam.test.server.specific.config.override does not exist
2024-04-24T08:08:48,974  WARN [main] conf.HiveConf: HiveConf of name hive.dummyparam.test.server.specific.config.hiveserver2site does not exist
2024-04-24T08:08:48,974  WARN [main] conf.HiveConf: HiveConf of name hive.dummyparam.test.server.specific.config.metastoresite does not exist
2024-04-24T08:08:48,974  INFO [main] SessionState: Hive Session ID = 68815b6f-dad8-43c7-abef-a8cc9603cff0
2024-04-24T08:08:48,975  INFO [main] DependencyResolver: ivysettings.xml file not found in HIVE_HOME or HIVE_CONF_DIR,/home/alex/Repositories/hive/conf/ivysettings.xml will be used
2024-04-24T08:08:48,981  INFO [main] session.SessionState: Created HDFS directory: /tmp/hive/alex/68815b6f-dad8-43c7-abef-a8cc9603cff0
2024-04-24T08:08:48,985  INFO [main] session.SessionState: Created local directory: /home/alex/Repositories/hive/beeline/target/tmp/alex/68815b6f-dad8-43c7-abef-a8cc9603cff0
2024-04-24T08:08:48,987  INFO [main] session.SessionState: Created HDFS directory: /tmp/hive/alex/68815b6f-dad8-43c7-abef-a8cc9603cff0/_tmp_space.db
2024-04-24T08:08:48,988  INFO [main] sqlstd.SQLStdHiveAccessController: Created SQLStdHiveAccessController for session context : HiveAuthzSessionContext [sessionString=68815b6f-dad8-43c7-abef-a8cc9603cff0, clientType=HIVESERVER2]
2024-04-24T08:08:48,989  INFO [main] metastore.HiveMetaStoreClient: HMS client filtering is enabled.
2024-04-24T08:08:48,990  INFO [main] metastore.HMSHandler: 0: Opening raw store with implementation class:org.apache.hadoop.hive.metastore.ObjectStore
2024-04-24T08:08:48,990  INFO [main] metastore.PersistenceManagerProvider: Configuration datanucleus.autoStartMechanismMode is not set. Defaulting to 'ignored'
2024-04-24T08:08:48,990  INFO [main] metastore.ObjectStore: RawStore: org.apache.hadoop.hive.metastore.ObjectStore@43deba42, with PersistenceManager: null will be shutdown
2024-04-24T08:08:48,991  INFO [main] metastore.ObjectStore: RawStore: org.apache.hadoop.hive.metastore.ObjectStore@43deba42, with PersistenceManager: org.datanucleus.api.jdo.JDOPersistenceManager@e795a1d created in the thread with id: 1
2024-04-24T08:08:48,994  INFO [main] metastore.HMSHandler: Created RawStore: org.apache.hadoop.hive.metastore.ObjectStore@43deba42 from thread id: 1
2024-04-24T08:08:48,994  INFO [main] metastore.HMSHandler: HMS server filtering is disabled by configuration
2024-04-24T08:08:48,994  INFO [main] metastore.RetryingMetaStoreClient: RetryingMetaStoreClient proxy=class org.apache.hadoop.hive.ql.metadata.SessionHiveMetaStoreClient ugi=alex (auth:SIMPLE) retries=1 delay=1 lifetime=0
2024-04-24T08:08:48,995  INFO [main] service.CompositeService: Operation log root directory is created: /home/alex/Repositories/hive/beeline/target/tmp/alex/operation_logs
2024-04-24T08:08:48,995  INFO [main] service.CompositeService: HiveServer2: Background operation thread pool size: 100
2024-04-24T08:08:48,995  INFO [main] service.CompositeService: HiveServer2: Background operation thread wait queue size: 100
2024-04-24T08:08:48,995  INFO [main] service.CompositeService: HiveServer2: Background operation thread keepalive time: 10 seconds
2024-04-24T08:08:48,995  INFO [main] service.CompositeService: Connections limit are user: 0 ipaddress: 0 user-ipaddress: 0
2024-04-24T08:08:48,997  INFO [main] cleanup.EventualCleanupService: EventualCleanupService started with 10 threads and queue of size 10000
ERROR StatusLogger Log4j2 ConfigurationScheduler attempted to increment scheduled items after start
ERROR StatusLogger Log4j2 ConfigurationScheduler attempted to increment scheduled items after start
2024-04-24T08:08:48,999  INFO [main] service.AbstractService: Service:OperationManager is inited.
2024-04-24T08:08:48,999  INFO [main] service.AbstractService: Service:SessionManager is inited.
2024-04-24T08:08:48,999  INFO [main] service.AbstractService: Service:CLIService is inited.
2024-04-24T08:08:48,999  INFO [main] service.AbstractService: Service:OperationManager is started.
2024-04-24T08:08:48,999  INFO [main] service.AbstractService: Service:SessionManager is started.
2024-04-24T08:08:48,999  INFO [main] service.AbstractService: Service:CLIService is started.
2024-04-24T08:08:48,999  INFO [main] service.AbstractService: Service:ThriftBinaryCLIService is inited.
2024-04-24T08:08:48,999  INFO [main] thrift.ThriftCLIService: Client protocol version: HIVE_CLI_SERVICE_PROTOCOL_V10
2024-04-24T08:08:48,999  INFO [main] thrift.ThriftCLIService: Creating Hive session handle for user [null] from IP null
2024-04-24T08:08:49,001  INFO [main] DependencyResolver: ivysettings.xml file not found in HIVE_HOME or HIVE_CONF_DIR,/home/alex/Repositories/hive/conf/ivysettings.xml will be used
2024-04-24T08:08:49,008  INFO [main] session.SessionState: Created HDFS directory: /tmp/hive/alex/66417590-609b-4c2c-a3e1-e56fb43d92ae
2024-04-24T08:08:49,011  INFO [main] session.SessionState: Created local directory: /home/alex/Repositories/hive/beeline/target/tmp/alex/66417590-609b-4c2c-a3e1-e56fb43d92ae
2024-04-24T08:08:49,014  INFO [main] session.SessionState: Created HDFS directory: /tmp/hive/alex/66417590-609b-4c2c-a3e1-e56fb43d92ae/_tmp_space.db
2024-04-24T08:08:49,015  INFO [main] session.SessionState: Reloading auxiliary JAR files
2024-04-24T08:08:49,015  WARN [main] session.SessionState: Configuration hive.reloadable.aux.jars.path not specified
2024-04-24T08:08:49,015  INFO [main] HiveMetaStore.audit: ugi=alex	ip=unknown-ip-addr	cmd=Cleaning up thread local RawStore...	
2024-04-24T08:08:49,015  INFO [main] metastore.ObjectStore: RawStore: org.apache.hadoop.hive.metastore.ObjectStore@43deba42, with PersistenceManager: org.datanucleus.api.jdo.JDOPersistenceManager@e795a1d will be shutdown
2024-04-24T08:08:49,015  INFO [main] HiveMetaStore.audit: ugi=alex	ip=unknown-ip-addr	cmd=Done cleaning up thread local RawStore	
2024-04-24T08:08:49,015  INFO [main] metastore.HiveMetaStoreClient: Closed a connection to metastore, current connections: -11
2024-04-24T08:08:49,015  INFO [main] session.HiveSessionImpl: Operation log session directory is created: /home/alex/Repositories/hive/beeline/target/tmp/alex/operation_logs/66417590-609b-4c2c-a3e1-e56fb43d92ae
2024-04-24T08:08:49,015  INFO [main] service.CompositeService: Session opened, SessionHandle [66417590-609b-4c2c-a3e1-e56fb43d92ae], current sessions:1
2024-04-24T08:08:49,015  INFO [main] thrift.ThriftCLIService: Login attempt is successful for user : null
2024-04-24T08:08:49,062  WARN [main] conf.HiveConf: HiveConf of name hive.dummyparam.test.server.specific.config.hiveserver2site does not exist
2024-04-24T08:08:49,062  WARN [main] conf.HiveConf: HiveConf of name hive.dummyparam.test.server.specific.config.override does not exist
2024-04-24T08:08:49,062  WARN [main] conf.HiveConf: HiveConf of name hive.dummyparam.test.server.specific.config.metastoresite does not exist
2024-04-24T08:08:49,063  INFO [66417590-609b-4c2c-a3e1-e56fb43d92ae main] session.HiveSessionImpl: executing set
2024-04-24T08:08:49,064  INFO [66417590-609b-4c2c-a3e1-e56fb43d92ae main] operation.HiveCommandOperation: Putting temp output to file /home/alex/Repositories/hive/beeline/target/tmp/alex/66417590-609b-4c2c-a3e1-e56fb43d92ae2052832028136882723.pipeout and error output to file /home/alex/Repositories/hive/beeline/target/tmp/alex/66417590-609b-4c2c-a3e1-e56fb43d92ae1580550844756327699.pipeout
2024-04-24T08:08:49,064  INFO [66417590-609b-4c2c-a3e1-e56fb43d92ae main] operation.OperationManager: Adding operation: OperationHandle [opType=EXECUTE_STATEMENT, getHandleIdentifier()=c525d9b1-7e06-4f46-a87a-8661c90e7e3c] SessionHandle [66417590-609b-4c2c-a3e1-e56fb43d92ae]
2024-04-24T08:08:49,064  INFO [66417590-609b-4c2c-a3e1-e56fb43d92ae main] common.LogUtils: Thread context registration is done.
DEBUG StatusLogger Building Plugin[name=filter, class=org.apache.hadoop.hive.ql.log.LogDivertAppender$NameFilter].
DEBUG StatusLogger createFilter(loggingLevel="EXECUTION")
DEBUG StatusLogger Building Plugin[name=layout, class=org.apache.logging.log4j.core.layout.PatternLayout].
DEBUG StatusLogger PatternLayout$Builder(Replace=null, PatternSelector=null, disableAnsi="null", alwaysWriteExceptions="null", noConsoleNoAnsi="null", pattern="%-5p : %m%n", charset="null", header="null", footer="null", Configuration(HiveLog4j2Test))
DEBUG StatusLogger Building Plugin[name=appender, class=org.apache.hadoop.hive.ql.log.HushableRandomAccessFileAppender].
DEBUG StatusLogger createAppender(fileName="/home/alex/Repositories/hive/beeline/target/tmp/alex/operation_logs/66417590-609b-4c2c-a3e1-e56fb43d92ae/alex_20240424080849_aaab0ee1-2ad3-40dd-adab-36e79a570e4b", append="null", name="query-file-appender", immediateFlush="null", bufferSize="null", ignoreExceptions="null", PatternLayout(org.apache.logging.log4j.core.layout.PatternLayout with name PatternLayout), NameFilter(org.apache.hadoop.hive.ql.log.LogDivertAppender$NameFilter with name NameFilter), advertise="null", advertiseURI="null", Configuration(HiveLog4j2Test))
DEBUG StatusLogger Starting RandomAccessFileManager /home/alex/Repositories/hive/beeline/target/tmp/alex/operation_logs/66417590-609b-4c2c-a3e1-e56fb43d92ae/alex_20240424080849_aaab0ee1-2ad3-40dd-adab-36e79a570e4b
DEBUG StatusLogger Building Plugin[name=, class=org.apache.hadoop.hive.ql.log.LogDivertAppenderForTest$TestFilter].
DEBUG StatusLogger createFilter()
DEBUG StatusLogger Building Plugin[name=, class=org.apache.logging.log4j.core.layout.PatternLayout].
DEBUG StatusLogger PatternLayout$Builder(pattern="%-5p : %m%n", Configuration(HiveLog4j2Test), PatternSelector=null, header="null", footer="null", charset="null", alwaysWriteExceptions="null", disableAnsi="null", Replace=null, noConsoleNoAnsi="null")
DEBUG StatusLogger Building Plugin[name=appender, class=org.apache.hadoop.hive.ql.log.HushableRandomAccessFileAppender].
DEBUG StatusLogger createAppender(fileName="/home/alex/Repositories/hive/beeline/target/tmp/alex/operation_logs/66417590-609b-4c2c-a3e1-e56fb43d92ae/alex_20240424080849_aaab0ee1-2ad3-40dd-adab-36e79a570e4b.test", append="null", name="test-query-file-appender", immediateFlush="null", bufferSize="null", ignoreExceptions="null", PatternLayout(org.apache.logging.log4j.core.layout.PatternLayout with name PatternLayout), test-filter(org.apache.hadoop.hive.ql.log.LogDivertAppenderForTest$TestFilter with name test-filter), advertise="null", advertiseURI="null", Configuration(HiveLog4j2Test))
DEBUG StatusLogger Starting RandomAccessFileManager /home/alex/Repositories/hive/beeline/target/tmp/alex/operation_logs/66417590-609b-4c2c-a3e1-e56fb43d92ae/alex_20240424080849_aaab0ee1-2ad3-40dd-adab-36e79a570e4b.test
2024-04-24T08:08:49,072  INFO [66417590-609b-4c2c-a3e1-e56fb43d92ae main] operation.HiveCommandOperation: [opType=EXECUTE_STATEMENT, queryId=alex_20240424080849_aaab0ee1-2ad3-40dd-adab-36e79a570e4b, startTime=1713971329063, sessionId=66417590-609b-4c2c-a3e1-e56fb43d92ae, createTime=1713971328999, userName=null, ipAddress=null]
2024-04-24T08:08:49,179  INFO [66417590-609b-4c2c-a3e1-e56fb43d92ae main] common.LogUtils: Unregistered logging context.
2024-04-24T08:08:49,184  INFO [66417590-609b-4c2c-a3e1-e56fb43d92ae main] operation.OperationManager: Closing operation: OperationHandle [opType=EXECUTE_STATEMENT, getHandleIdentifier()=c525d9b1-7e06-4f46-a87a-8661c90e7e3c]
2024-04-24T08:08:49,184  INFO [66417590-609b-4c2c-a3e1-e56fb43d92ae main] operation.OperationManager: Removed queryId: alex_20240424080849_aaab0ee1-2ad3-40dd-adab-36e79a570e4b corresponding to operation: OperationHandle [opType=EXECUTE_STATEMENT, getHandleIdentifier()=c525d9b1-7e06-4f46-a87a-8661c90e7e3c] with tag: null
2024-04-24T08:08:49,185  INFO [66417590-609b-4c2c-a3e1-e56fb43d92ae main] operation.HiveCommandOperation: Closing operation log /home/alex/Repositories/hive/beeline/target/tmp/alex/operation_logs/66417590-609b-4c2c-a3e1-e56fb43d92ae/alex_20240424080849_aaab0ee1-2ad3-40dd-adab-36e79a570e4b without delay
2024-04-24T08:08:49,188  INFO [66417590-609b-4c2c-a3e1-e56fb43d92ae main] session.HiveSessionImpl: executing use test
2024-04-24T08:08:49,189  INFO [66417590-609b-4c2c-a3e1-e56fb43d92ae main] operation.OperationManager: Adding operation: OperationHandle [opType=EXECUTE_STATEMENT, getHandleIdentifier()=f9d73a7a-10db-4394-8c95-dcbe2ea26820] SessionHandle [66417590-609b-4c2c-a3e1-e56fb43d92ae]
2024-04-24T08:08:49,190  INFO [66417590-609b-4c2c-a3e1-e56fb43d92ae main] common.LogUtils: Thread context registration is done.
DEBUG StatusLogger Building Plugin[name=filter, class=org.apache.hadoop.hive.ql.log.LogDivertAppender$NameFilter].
DEBUG StatusLogger createFilter(loggingLevel="EXECUTION")
DEBUG StatusLogger Building Plugin[name=layout, class=org.apache.logging.log4j.core.layout.PatternLayout].
DEBUG StatusLogger PatternLayout$Builder(footer="null", disableAnsi="null", Configuration(HiveLog4j2Test), charset="null", Replace=null, alwaysWriteExceptions="null", header="null", noConsoleNoAnsi="null", PatternSelector=null, pattern="%-5p : %m%n")
DEBUG StatusLogger Building Plugin[name=appender, class=org.apache.hadoop.hive.ql.log.HushableRandomAccessFileAppender].
DEBUG StatusLogger createAppender(fileName="/home/alex/Repositories/hive/beeline/target/tmp/alex/operation_logs/66417590-609b-4c2c-a3e1-e56fb43d92ae/alex_20240424080849_66098d75-0186-482a-a7dc-84ae30602b09", append="null", name="query-file-appender", immediateFlush="null", bufferSize="null", ignoreExceptions="null", PatternLayout(org.apache.logging.log4j.core.layout.PatternLayout with name PatternLayout), NameFilter(org.apache.hadoop.hive.ql.log.LogDivertAppender$NameFilter with name NameFilter), advertise="null", advertiseURI="null", Configuration(HiveLog4j2Test))
DEBUG StatusLogger Starting RandomAccessFileManager /home/alex/Repositories/hive/beeline/target/tmp/alex/operation_logs/66417590-609b-4c2c-a3e1-e56fb43d92ae/alex_20240424080849_66098d75-0186-482a-a7dc-84ae30602b09
DEBUG StatusLogger Building Plugin[name=, class=org.apache.hadoop.hive.ql.log.LogDivertAppenderForTest$TestFilter].
DEBUG StatusLogger createFilter()
DEBUG StatusLogger Building Plugin[name=, class=org.apache.logging.log4j.core.layout.PatternLayout].
DEBUG StatusLogger PatternLayout$Builder(charset="null", disableAnsi="null", Replace=null, alwaysWriteExceptions="null", header="null", PatternSelector=null, noConsoleNoAnsi="null", footer="null", pattern="%-5p : %m%n", Configuration(HiveLog4j2Test))
DEBUG StatusLogger Building Plugin[name=appender, class=org.apache.hadoop.hive.ql.log.HushableRandomAccessFileAppender].
DEBUG StatusLogger createAppender(fileName="/home/alex/Repositories/hive/beeline/target/tmp/alex/operation_logs/66417590-609b-4c2c-a3e1-e56fb43d92ae/alex_20240424080849_66098d75-0186-482a-a7dc-84ae30602b09.test", append="null", name="test-query-file-appender", immediateFlush="null", bufferSize="null", ignoreExceptions="null", PatternLayout(org.apache.logging.log4j.core.layout.PatternLayout with name PatternLayout), test-filter(org.apache.hadoop.hive.ql.log.LogDivertAppenderForTest$TestFilter with name test-filter), advertise="null", advertiseURI="null", Configuration(HiveLog4j2Test))
DEBUG StatusLogger Starting RandomAccessFileManager /home/alex/Repositories/hive/beeline/target/tmp/alex/operation_logs/66417590-609b-4c2c-a3e1-e56fb43d92ae/alex_20240424080849_66098d75-0186-482a-a7dc-84ae30602b09.test
2024-04-24T08:08:49,202  INFO [66417590-609b-4c2c-a3e1-e56fb43d92ae main] operation.SQLOperation: [opType=EXECUTE_STATEMENT, queryId=alex_20240424080849_66098d75-0186-482a-a7dc-84ae30602b09, startTime=1713971329188, sessionId=66417590-609b-4c2c-a3e1-e56fb43d92ae, createTime=1713971328999, userName=null, ipAddress=null]
2024-04-24T08:08:49,203  INFO [66417590-609b-4c2c-a3e1-e56fb43d92ae main] ql.Driver: Compiling command(queryId=alex_20240424080849_66098d75-0186-482a-a7dc-84ae30602b09): use test
2024-04-24T08:08:49,205  INFO [66417590-609b-4c2c-a3e1-e56fb43d92ae main] metastore.HiveMetaStoreClient: HMS client filtering is enabled.
2024-04-24T08:08:49,207  INFO [66417590-609b-4c2c-a3e1-e56fb43d92ae main] metastore.HMSHandler: 0: Opening raw store with implementation class:org.apache.hadoop.hive.metastore.ObjectStore
2024-04-24T08:08:49,207  INFO [66417590-609b-4c2c-a3e1-e56fb43d92ae main] metastore.PersistenceManagerProvider: Configuration datanucleus.autoStartMechanismMode is not set. Defaulting to 'ignored'
2024-04-24T08:08:49,208  INFO [66417590-609b-4c2c-a3e1-e56fb43d92ae main] metastore.ObjectStore: RawStore: org.apache.hadoop.hive.metastore.ObjectStore@18e6b72b, with PersistenceManager: null will be shutdown
2024-04-24T08:08:49,209  INFO [66417590-609b-4c2c-a3e1-e56fb43d92ae main] metastore.ObjectStore: RawStore: org.apache.hadoop.hive.metastore.ObjectStore@18e6b72b, with PersistenceManager: org.datanucleus.api.jdo.JDOPersistenceManager@316d30ad created in the thread with id: 1
2024-04-24T08:08:49,214  INFO [66417590-609b-4c2c-a3e1-e56fb43d92ae main] metastore.HMSHandler: Created RawStore: org.apache.hadoop.hive.metastore.ObjectStore@18e6b72b from thread id: 1
2024-04-24T08:08:49,214  INFO [66417590-609b-4c2c-a3e1-e56fb43d92ae main] metastore.HMSHandler: HMS server filtering is disabled by configuration
2024-04-24T08:08:49,214  INFO [66417590-609b-4c2c-a3e1-e56fb43d92ae main] metastore.RetryingMetaStoreClient: RetryingMetaStoreClient proxy=class org.apache.hadoop.hive.ql.metadata.SessionHiveMetaStoreClient ugi=alex (auth:SIMPLE) retries=1 delay=1 lifetime=0
2024-04-24T08:08:49,217  INFO [66417590-609b-4c2c-a3e1-e56fb43d92ae main] HiveMetaStore.audit: ugi=alex	ip=unknown-ip-addr	cmd=get_database: test	
2024-04-24T08:08:49,219  INFO [66417590-609b-4c2c-a3e1-e56fb43d92ae main] ql.Driver: Semantic Analysis Completed (retrial = false)
2024-04-24T08:08:49,219  INFO [66417590-609b-4c2c-a3e1-e56fb43d92ae main] ql.Driver: Created Hive schema: Schema(fieldSchemas:null, properties:null)
2024-04-24T08:08:49,220  INFO [66417590-609b-4c2c-a3e1-e56fb43d92ae main] metadata.Hive: Dumping metastore api call timing information for : compilation phase
2024-04-24T08:08:49,220  INFO [66417590-609b-4c2c-a3e1-e56fb43d92ae main] metadata.Hive: Total time spent in each metastore function (ms): {isCompatibleWith_(Configuration)=0, getDatabase_(String)=4, flushCache_()=1}
2024-04-24T08:08:49,220  INFO [66417590-609b-4c2c-a3e1-e56fb43d92ae main] ql.Driver: Completed compiling command(queryId=alex_20240424080849_66098d75-0186-482a-a7dc-84ae30602b09); Time taken: 0.017 seconds
2024-04-24T08:08:49,222  INFO [HiveServer2-Background-Pool: Thread-222] common.LogUtils: Thread context registration is done.
2024-04-24T08:08:49,222  INFO [66417590-609b-4c2c-a3e1-e56fb43d92ae main] common.LogUtils: Unregistered logging context.
2024-04-24T08:08:49,222  INFO [HiveServer2-Background-Pool: Thread-222] reexec.ReExecDriver: Execution #1 of query
2024-04-24T08:08:49,222  INFO [HiveServer2-Background-Pool: Thread-222] ql.Driver: Concurrency mode is disabled, not creating a lock manager
2024-04-24T08:08:49,223  INFO [HiveServer2-Background-Pool: Thread-222] ql.Driver: Executing command(queryId=alex_20240424080849_66098d75-0186-482a-a7dc-84ae30602b09): use test
2024-04-24T08:08:49,224  INFO [HiveServer2-Background-Pool: Thread-222] ql.Driver: Starting task [Stage-0:DDL] in serial mode
2024-04-24T08:08:49,225  INFO [HiveServer2-Background-Pool: Thread-222] HiveMetaStore.audit: ugi=alex	ip=unknown-ip-addr	cmd=get_database: test	
2024-04-24T08:08:49,227  INFO [HiveServer2-Background-Pool: Thread-222] metastore.HMSHandler: 9: Opening raw store with implementation class:org.apache.hadoop.hive.metastore.ObjectStore
2024-04-24T08:08:49,228  INFO [HiveServer2-Background-Pool: Thread-222] metastore.ObjectStore: RawStore: org.apache.hadoop.hive.metastore.ObjectStore@66d69f05, with PersistenceManager: null will be shutdown
2024-04-24T08:08:49,228  INFO [HiveServer2-Background-Pool: Thread-222] metastore.ObjectStore: RawStore: org.apache.hadoop.hive.metastore.ObjectStore@66d69f05, with PersistenceManager: org.datanucleus.api.jdo.JDOPersistenceManager@23d40dbb created in the thread with id: 222
2024-04-24T08:08:49,233  INFO [HiveServer2-Background-Pool: Thread-222] metastore.HMSHandler: Created RawStore: org.apache.hadoop.hive.metastore.ObjectStore@66d69f05 from thread id: 222
2024-04-24T08:08:49,235  INFO [HiveServer2-Background-Pool: Thread-222] HiveMetaStore.audit: ugi=alex	ip=unknown-ip-addr	cmd=get_database: test	
2024-04-24T08:08:49,237  INFO [HiveServer2-Background-Pool: Thread-222] metadata.Hive: Dumping metastore api call timing information for : execution phase
2024-04-24T08:08:49,238  INFO [HiveServer2-Background-Pool: Thread-222] metadata.Hive: Total time spent in each metastore function (ms): {isCompatibleWith_(Configuration)=0, getDatabase_(String)=13}
2024-04-24T08:08:49,238  INFO [HiveServer2-Background-Pool: Thread-222] ql.Driver: Completed executing command(queryId=alex_20240424080849_66098d75-0186-482a-a7dc-84ae30602b09); Time taken: 0.014 seconds
2024-04-24T08:08:49,239  INFO [HiveServer2-Background-Pool: Thread-222] common.LogUtils: Unregistered logging context.
2024-04-24T08:08:49,242  INFO [66417590-609b-4c2c-a3e1-e56fb43d92ae main] operation.OperationManager: Closing operation: OperationHandle [opType=EXECUTE_STATEMENT, getHandleIdentifier()=f9d73a7a-10db-4394-8c95-dcbe2ea26820]
2024-04-24T08:08:49,243  INFO [66417590-609b-4c2c-a3e1-e56fb43d92ae main] operation.OperationManager: Removed queryId: alex_20240424080849_66098d75-0186-482a-a7dc-84ae30602b09 corresponding to operation: OperationHandle [opType=EXECUTE_STATEMENT, getHandleIdentifier()=f9d73a7a-10db-4394-8c95-dcbe2ea26820] with tag: null
2024-04-24T08:08:49,243  INFO [66417590-609b-4c2c-a3e1-e56fb43d92ae main] operation.SQLOperation: Closing operation log /home/alex/Repositories/hive/beeline/target/tmp/alex/operation_logs/66417590-609b-4c2c-a3e1-e56fb43d92ae/alex_20240424080849_66098d75-0186-482a-a7dc-84ae30602b09 without delay
2024-04-24T08:08:49,315  WARN [main] conf.HiveConf: HiveConf of name hive.dummyparam.test.server.specific.config.override does not exist
2024-04-24T08:08:49,315  WARN [main] conf.HiveConf: HiveConf of name hive.dummyparam.test.server.specific.config.hiveserver2site does not exist
2024-04-24T08:08:49,315  WARN [main] conf.HiveConf: HiveConf of name hive.dummyparam.test.server.specific.config.metastoresite does not exist
2024-04-24T08:08:49,316  INFO [66417590-609b-4c2c-a3e1-e56fb43d92ae main] session.HiveSessionImpl: executing set
2024-04-24T08:08:49,317  INFO [66417590-609b-4c2c-a3e1-e56fb43d92ae main] operation.HiveCommandOperation: Putting temp output to file /home/alex/Repositories/hive/beeline/target/tmp/alex/66417590-609b-4c2c-a3e1-e56fb43d92ae2052832028136882723.pipeout and error output to file /home/alex/Repositories/hive/beeline/target/tmp/alex/66417590-609b-4c2c-a3e1-e56fb43d92ae1580550844756327699.pipeout
2024-04-24T08:08:49,318  INFO [66417590-609b-4c2c-a3e1-e56fb43d92ae main] operation.OperationManager: Adding operation: OperationHandle [opType=EXECUTE_STATEMENT, getHandleIdentifier()=47497030-0cee-4f5f-bea0-6f2506d4c4d0] SessionHandle [66417590-609b-4c2c-a3e1-e56fb43d92ae]
2024-04-24T08:08:49,318  INFO [66417590-609b-4c2c-a3e1-e56fb43d92ae main] common.LogUtils: Thread context registration is done.
DEBUG StatusLogger Building Plugin[name=filter, class=org.apache.hadoop.hive.ql.log.LogDivertAppender$NameFilter].
DEBUG StatusLogger createFilter(loggingLevel="EXECUTION")
DEBUG StatusLogger Building Plugin[name=layout, class=org.apache.logging.log4j.core.layout.PatternLayout].
DEBUG StatusLogger PatternLayout$Builder(header="null", alwaysWriteExceptions="null", Configuration(HiveLog4j2Test), footer="null", pattern="%-5p : %m%n", disableAnsi="null", Replace=null, PatternSelector=null, noConsoleNoAnsi="null", charset="null")
DEBUG StatusLogger Building Plugin[name=appender, class=org.apache.hadoop.hive.ql.log.HushableRandomAccessFileAppender].
DEBUG StatusLogger createAppender(fileName="/home/alex/Repositories/hive/beeline/target/tmp/alex/operation_logs/66417590-609b-4c2c-a3e1-e56fb43d92ae/alex_20240424080849_5bfa214e-3bf6-483c-a5b9-bdafded38071", append="null", name="query-file-appender", immediateFlush="null", bufferSize="null", ignoreExceptions="null", PatternLayout(org.apache.logging.log4j.core.layout.PatternLayout with name PatternLayout), NameFilter(org.apache.hadoop.hive.ql.log.LogDivertAppender$NameFilter with name NameFilter), advertise="null", advertiseURI="null", Configuration(HiveLog4j2Test))
DEBUG StatusLogger Starting RandomAccessFileManager /home/alex/Repositories/hive/beeline/target/tmp/alex/operation_logs/66417590-609b-4c2c-a3e1-e56fb43d92ae/alex_20240424080849_5bfa214e-3bf6-483c-a5b9-bdafded38071
DEBUG StatusLogger Building Plugin[name=, class=org.apache.hadoop.hive.ql.log.LogDivertAppenderForTest$TestFilter].
DEBUG StatusLogger createFilter()
DEBUG StatusLogger Building Plugin[name=, class=org.apache.logging.log4j.core.layout.PatternLayout].
DEBUG StatusLogger PatternLayout$Builder(disableAnsi="null", header="null", noConsoleNoAnsi="null", PatternSelector=null, alwaysWriteExceptions="null", Configuration(HiveLog4j2Test), pattern="%-5p : %m%n", footer="null", charset="null", Replace=null)
DEBUG StatusLogger Building Plugin[name=appender, class=org.apache.hadoop.hive.ql.log.HushableRandomAccessFileAppender].
DEBUG StatusLogger createAppender(fileName="/home/alex/Repositories/hive/beeline/target/tmp/alex/operation_logs/66417590-609b-4c2c-a3e1-e56fb43d92ae/alex_20240424080849_5bfa214e-3bf6-483c-a5b9-bdafded38071.test", append="null", name="test-query-file-appender", immediateFlush="null", bufferSize="null", ignoreExceptions="null", PatternLayout(org.apache.logging.log4j.core.layout.PatternLayout with name PatternLayout), test-filter(org.apache.hadoop.hive.ql.log.LogDivertAppenderForTest$TestFilter with name test-filter), advertise="null", advertiseURI="null", Configuration(HiveLog4j2Test))
DEBUG StatusLogger Starting RandomAccessFileManager /home/alex/Repositories/hive/beeline/target/tmp/alex/operation_logs/66417590-609b-4c2c-a3e1-e56fb43d92ae/alex_20240424080849_5bfa214e-3bf6-483c-a5b9-bdafded38071.test
2024-04-24T08:08:49,328  INFO [66417590-609b-4c2c-a3e1-e56fb43d92ae main] operation.HiveCommandOperation: [opType=EXECUTE_STATEMENT, queryId=alex_20240424080849_5bfa214e-3bf6-483c-a5b9-bdafded38071, startTime=1713971329316, sessionId=66417590-609b-4c2c-a3e1-e56fb43d92ae, createTime=1713971328999, userName=null, ipAddress=null]
2024-04-24T08:08:49,433  INFO [66417590-609b-4c2c-a3e1-e56fb43d92ae main] common.LogUtils: Unregistered logging context.
2024-04-24T08:08:49,436  INFO [66417590-609b-4c2c-a3e1-e56fb43d92ae main] operation.OperationManager: Closing operation: OperationHandle [opType=EXECUTE_STATEMENT, getHandleIdentifier()=47497030-0cee-4f5f-bea0-6f2506d4c4d0]
2024-04-24T08:08:49,436  INFO [66417590-609b-4c2c-a3e1-e56fb43d92ae main] operation.OperationManager: Removed queryId: alex_20240424080849_5bfa214e-3bf6-483c-a5b9-bdafded38071 corresponding to operation: OperationHandle [opType=EXECUTE_STATEMENT, getHandleIdentifier()=47497030-0cee-4f5f-bea0-6f2506d4c4d0] with tag: null
2024-04-24T08:08:49,437  INFO [66417590-609b-4c2c-a3e1-e56fb43d92ae main] operation.HiveCommandOperation: Closing operation log /home/alex/Repositories/hive/beeline/target/tmp/alex/operation_logs/66417590-609b-4c2c-a3e1-e56fb43d92ae/alex_20240424080849_5bfa214e-3bf6-483c-a5b9-bdafded38071 without delay
2024-04-24T08:08:49,438  INFO [66417590-609b-4c2c-a3e1-e56fb43d92ae main] session.HiveSessionImpl: executing create table if not exists test.testSrcTbl(sc1 string)
2024-04-24T08:08:49,439  INFO [66417590-609b-4c2c-a3e1-e56fb43d92ae main] operation.OperationManager: Adding operation: OperationHandle [opType=EXECUTE_STATEMENT, getHandleIdentifier()=ef449e67-91e4-4b2c-906a-42480adc9883] SessionHandle [66417590-609b-4c2c-a3e1-e56fb43d92ae]
2024-04-24T08:08:49,440  INFO [66417590-609b-4c2c-a3e1-e56fb43d92ae main] common.LogUtils: Thread context registration is done.
DEBUG StatusLogger Building Plugin[name=filter, class=org.apache.hadoop.hive.ql.log.LogDivertAppender$NameFilter].
DEBUG StatusLogger createFilter(loggingLevel="EXECUTION")
DEBUG StatusLogger Building Plugin[name=layout, class=org.apache.logging.log4j.core.layout.PatternLayout].
DEBUG StatusLogger PatternLayout$Builder(header="null", footer="null", noConsoleNoAnsi="null", Configuration(HiveLog4j2Test), PatternSelector=null, pattern="%-5p : %m%n", charset="null", disableAnsi="null", alwaysWriteExceptions="null", Replace=null)
DEBUG StatusLogger Building Plugin[name=appender, class=org.apache.hadoop.hive.ql.log.HushableRandomAccessFileAppender].
DEBUG StatusLogger createAppender(fileName="/home/alex/Repositories/hive/beeline/target/tmp/alex/operation_logs/66417590-609b-4c2c-a3e1-e56fb43d92ae/alex_20240424080849_f8f15cd0-3afb-494a-88bc-e6c6f10e0061", append="null", name="query-file-appender", immediateFlush="null", bufferSize="null", ignoreExceptions="null", PatternLayout(org.apache.logging.log4j.core.layout.PatternLayout with name PatternLayout), NameFilter(org.apache.hadoop.hive.ql.log.LogDivertAppender$NameFilter with name NameFilter), advertise="null", advertiseURI="null", Configuration(HiveLog4j2Test))
DEBUG StatusLogger Starting RandomAccessFileManager /home/alex/Repositories/hive/beeline/target/tmp/alex/operation_logs/66417590-609b-4c2c-a3e1-e56fb43d92ae/alex_20240424080849_f8f15cd0-3afb-494a-88bc-e6c6f10e0061
DEBUG StatusLogger Building Plugin[name=, class=org.apache.hadoop.hive.ql.log.LogDivertAppenderForTest$TestFilter].
DEBUG StatusLogger createFilter()
DEBUG StatusLogger Building Plugin[name=, class=org.apache.logging.log4j.core.layout.PatternLayout].
DEBUG StatusLogger PatternLayout$Builder(header="null", disableAnsi="null", Configuration(HiveLog4j2Test), noConsoleNoAnsi="null", pattern="%-5p : %m%n", charset="null", footer="null", PatternSelector=null, alwaysWriteExceptions="null", Replace=null)
DEBUG StatusLogger Building Plugin[name=appender, class=org.apache.hadoop.hive.ql.log.HushableRandomAccessFileAppender].
DEBUG StatusLogger createAppender(fileName="/home/alex/Repositories/hive/beeline/target/tmp/alex/operation_logs/66417590-609b-4c2c-a3e1-e56fb43d92ae/alex_20240424080849_f8f15cd0-3afb-494a-88bc-e6c6f10e0061.test", append="null", name="test-query-file-appender", immediateFlush="null", bufferSize="null", ignoreExceptions="null", PatternLayout(org.apache.logging.log4j.core.layout.PatternLayout with name PatternLayout), test-filter(org.apache.hadoop.hive.ql.log.LogDivertAppenderForTest$TestFilter with name test-filter), advertise="null", advertiseURI="null", Configuration(HiveLog4j2Test))
DEBUG StatusLogger Starting RandomAccessFileManager /home/alex/Repositories/hive/beeline/target/tmp/alex/operation_logs/66417590-609b-4c2c-a3e1-e56fb43d92ae/alex_20240424080849_f8f15cd0-3afb-494a-88bc-e6c6f10e0061.test
2024-04-24T08:08:49,447  INFO [66417590-609b-4c2c-a3e1-e56fb43d92ae main] operation.SQLOperation: [opType=EXECUTE_STATEMENT, queryId=alex_20240424080849_f8f15cd0-3afb-494a-88bc-e6c6f10e0061, startTime=1713971329438, sessionId=66417590-609b-4c2c-a3e1-e56fb43d92ae, createTime=1713971328999, userName=null, ipAddress=null]
2024-04-24T08:08:49,448  INFO [66417590-609b-4c2c-a3e1-e56fb43d92ae main] ql.Driver: Compiling command(queryId=alex_20240424080849_f8f15cd0-3afb-494a-88bc-e6c6f10e0061): create table if not exists test.testSrcTbl(sc1 string)
2024-04-24T08:08:49,449  INFO [66417590-609b-4c2c-a3e1-e56fb43d92ae main] parse.CalcitePlanner: Starting caching scope for: alex_20240424080849_f8f15cd0-3afb-494a-88bc-e6c6f10e0061
2024-04-24T08:08:49,449  INFO [66417590-609b-4c2c-a3e1-e56fb43d92ae main] parse.CalcitePlanner: Starting Semantic Analysis
2024-04-24T08:08:49,450  INFO [66417590-609b-4c2c-a3e1-e56fb43d92ae main] sqlstd.SQLStdHiveAccessController: Created SQLStdHiveAccessController for session context : HiveAuthzSessionContext [sessionString=66417590-609b-4c2c-a3e1-e56fb43d92ae, clientType=HIVESERVER2]
2024-04-24T08:08:49,450  INFO [66417590-609b-4c2c-a3e1-e56fb43d92ae main] parse.CalcitePlanner: Creating table test.testSrcTbl position=27
2024-04-24T08:08:49,450  INFO [66417590-609b-4c2c-a3e1-e56fb43d92ae main] HiveMetaStore.audit: ugi=alex	ip=unknown-ip-addr	cmd=get_table : tbl=hive.test.testSrcTbl	
2024-04-24T08:08:49,469  INFO [66417590-609b-4c2c-a3e1-e56fb43d92ae main] parse.CalcitePlanner: Ending caching scope for: alex_20240424080849_f8f15cd0-3afb-494a-88bc-e6c6f10e0061
2024-04-24T08:08:49,469  INFO [66417590-609b-4c2c-a3e1-e56fb43d92ae main] ql.Driver: Semantic Analysis Completed (retrial = false)
2024-04-24T08:08:49,469  INFO [66417590-609b-4c2c-a3e1-e56fb43d92ae main] ql.Driver: Created Hive schema: Schema(fieldSchemas:null, properties:null)
2024-04-24T08:08:49,469  INFO [66417590-609b-4c2c-a3e1-e56fb43d92ae main] metadata.Hive: Dumping metastore api call timing information for : compilation phase
2024-04-24T08:08:49,469  INFO [66417590-609b-4c2c-a3e1-e56fb43d92ae main] metadata.Hive: Total time spent in each metastore function (ms): {isCompatibleWith_(Configuration)=0, flushCache_()=0, getTable_(GetTableRequest)=19}
2024-04-24T08:08:49,470  INFO [66417590-609b-4c2c-a3e1-e56fb43d92ae main] ql.Driver: Completed compiling command(queryId=alex_20240424080849_f8f15cd0-3afb-494a-88bc-e6c6f10e0061); Time taken: 0.021 seconds
2024-04-24T08:08:49,470  INFO [HiveServer2-Background-Pool: Thread-225] common.LogUtils: Thread context registration is done.
2024-04-24T08:08:49,470  INFO [66417590-609b-4c2c-a3e1-e56fb43d92ae main] common.LogUtils: Unregistered logging context.
2024-04-24T08:08:49,470  INFO [HiveServer2-Background-Pool: Thread-225] reexec.ReExecDriver: Execution #1 of query
2024-04-24T08:08:49,471  INFO [HiveServer2-Background-Pool: Thread-225] ql.Driver: Concurrency mode is disabled, not creating a lock manager
2024-04-24T08:08:49,471  INFO [HiveServer2-Background-Pool: Thread-225] ql.Driver: Executing command(queryId=alex_20240424080849_f8f15cd0-3afb-494a-88bc-e6c6f10e0061): create table if not exists test.testSrcTbl(sc1 string)
2024-04-24T08:08:49,472  INFO [HiveServer2-Background-Pool: Thread-225] metadata.Hive: Dumping metastore api call timing information for : execution phase
2024-04-24T08:08:49,472  INFO [HiveServer2-Background-Pool: Thread-225] metadata.Hive: Total time spent in each metastore function (ms): {}
2024-04-24T08:08:49,472  INFO [HiveServer2-Background-Pool: Thread-225] ql.Driver: Completed executing command(queryId=alex_20240424080849_f8f15cd0-3afb-494a-88bc-e6c6f10e0061); Time taken: 0.001 seconds
2024-04-24T08:08:49,473  INFO [HiveServer2-Background-Pool: Thread-225] common.LogUtils: Unregistered logging context.
2024-04-24T08:08:49,474  INFO [66417590-609b-4c2c-a3e1-e56fb43d92ae main] operation.OperationManager: Closing operation: OperationHandle [opType=EXECUTE_STATEMENT, getHandleIdentifier()=ef449e67-91e4-4b2c-906a-42480adc9883]
2024-04-24T08:08:49,474  INFO [66417590-609b-4c2c-a3e1-e56fb43d92ae main] operation.OperationManager: Removed queryId: alex_20240424080849_f8f15cd0-3afb-494a-88bc-e6c6f10e0061 corresponding to operation: OperationHandle [opType=EXECUTE_STATEMENT, getHandleIdentifier()=ef449e67-91e4-4b2c-906a-42480adc9883] with tag: null
2024-04-24T08:08:49,474  INFO [66417590-609b-4c2c-a3e1-e56fb43d92ae main] operation.SQLOperation: Closing operation log /home/alex/Repositories/hive/beeline/target/tmp/alex/operation_logs/66417590-609b-4c2c-a3e1-e56fb43d92ae/alex_20240424080849_f8f15cd0-3afb-494a-88bc-e6c6f10e0061 without delay
2024-04-24T08:08:49,478  INFO [main] service.CompositeService: Session closed, SessionHandle [66417590-609b-4c2c-a3e1-e56fb43d92ae], current sessions:0
2024-04-24T08:08:49,479  INFO [66417590-609b-4c2c-a3e1-e56fb43d92ae main] session.HiveSessionImpl: Operation log session directory is deleted: /home/alex/Repositories/hive/beeline/target/tmp/alex/operation_logs/66417590-609b-4c2c-a3e1-e56fb43d92ae
2024-04-24T08:08:49,479  INFO [main] cleanup.EventualCleanupService: Delete /tmp/hive/alex/66417590-609b-4c2c-a3e1-e56fb43d92ae operation was queued
2024-04-24T08:08:49,480  INFO [main] cleanup.EventualCleanupService: Delete /home/alex/Repositories/hive/beeline/target/tmp/alex/66417590-609b-4c2c-a3e1-e56fb43d92ae operation was queued
2024-04-24T08:08:49,480  INFO [EventualCleanupService thread 0] cleanup.EventualCleanupService: Deleted /tmp/hive/alex/66417590-609b-4c2c-a3e1-e56fb43d92ae
2024-04-24T08:08:49,480  INFO [EventualCleanupService thread 1] cleanup.EventualCleanupService: Deleted /home/alex/Repositories/hive/beeline/target/tmp/alex/66417590-609b-4c2c-a3e1-e56fb43d92ae
2024-04-24T08:08:49,481  INFO [main] HiveMetaStore.audit: ugi=alex	ip=unknown-ip-addr	cmd=Cleaning up thread local RawStore...	
2024-04-24T08:08:49,481  INFO [main] metastore.ObjectStore: RawStore: org.apache.hadoop.hive.metastore.ObjectStore@18e6b72b, with PersistenceManager: org.datanucleus.api.jdo.JDOPersistenceManager@316d30ad will be shutdown
2024-04-24T08:08:49,481  INFO [main] HiveMetaStore.audit: ugi=alex	ip=unknown-ip-addr	cmd=Done cleaning up thread local RawStore	
2024-04-24T08:08:49,481  INFO [main] metastore.HiveMetaStoreClient: Closed a connection to metastore, current connections: -12
]]></system-err>
  </testcase>
  <testcase name="testSqlFromCmdWithDBName" classname="org.apache.hive.beeline.cli.TestHiveCli" time="0.383">
    <failure type="java.lang.AssertionError"><![CDATA[java.lang.AssertionError: Supported return code is 0 while the actual is 1
	at org.junit.Assert.fail(Assert.java:89)
	at org.apache.hive.beeline.cli.TestHiveCli.executeCMD(TestHiveCli.java:256)
	at org.apache.hive.beeline.cli.TestHiveCli.verifyCMD(TestHiveCli.java:266)
	at org.apache.hive.beeline.cli.TestHiveCli.testSqlFromCmdWithDBName(TestHiveCli.java:166)
	at sun.reflect.NativeMethodAccessorImpl.invoke0(Native Method)
	at sun.reflect.NativeMethodAccessorImpl.invoke(NativeMethodAccessorImpl.java:62)
	at sun.reflect.DelegatingMethodAccessorImpl.invoke(DelegatingMethodAccessorImpl.java:43)
	at java.lang.reflect.Method.invoke(Method.java:498)
	at org.junit.runners.model.FrameworkMethod$1.runReflectiveCall(FrameworkMethod.java:59)
	at org.junit.internal.runners.model.ReflectiveCallable.run(ReflectiveCallable.java:12)
	at org.junit.runners.model.FrameworkMethod.invokeExplosively(FrameworkMethod.java:56)
	at org.junit.internal.runners.statements.InvokeMethod.evaluate(InvokeMethod.java:17)
	at org.junit.internal.runners.statements.RunBefores.evaluate(RunBefores.java:26)
	at org.junit.internal.runners.statements.RunAfters.evaluate(RunAfters.java:27)
	at org.junit.runners.ParentRunner$3.evaluate(ParentRunner.java:306)
	at org.junit.runners.BlockJUnit4ClassRunner$1.evaluate(BlockJUnit4ClassRunner.java:100)
	at org.junit.runners.ParentRunner.runLeaf(ParentRunner.java:366)
	at org.junit.runners.BlockJUnit4ClassRunner.runChild(BlockJUnit4ClassRunner.java:103)
	at org.junit.runners.BlockJUnit4ClassRunner.runChild(BlockJUnit4ClassRunner.java:63)
	at org.junit.runners.ParentRunner$4.run(ParentRunner.java:331)
	at org.junit.runners.ParentRunner$1.schedule(ParentRunner.java:79)
	at org.junit.runners.ParentRunner.runChildren(ParentRunner.java:329)
	at org.junit.runners.ParentRunner.access$100(ParentRunner.java:66)
	at org.junit.runners.ParentRunner$2.evaluate(ParentRunner.java:293)
	at org.junit.internal.runners.statements.RunBefores.evaluate(RunBefores.java:26)
	at org.junit.runners.ParentRunner$3.evaluate(ParentRunner.java:306)
	at org.junit.runners.ParentRunner.run(ParentRunner.java:413)
	at org.junit.runner.JUnitCore.run(JUnitCore.java:137)
	at org.junit.runner.JUnitCore.run(JUnitCore.java:115)
	at org.junit.vintage.engine.execution.RunnerExecutor.execute(RunnerExecutor.java:43)
	at java.util.stream.ForEachOps$ForEachOp$OfRef.accept(ForEachOps.java:183)
	at java.util.stream.ReferencePipeline$3$1.accept(ReferencePipeline.java:193)
	at java.util.Iterator.forEachRemaining(Iterator.java:116)
	at java.util.Spliterators$IteratorSpliterator.forEachRemaining(Spliterators.java:1801)
	at java.util.stream.AbstractPipeline.copyInto(AbstractPipeline.java:482)
	at java.util.stream.AbstractPipeline.wrapAndCopyInto(AbstractPipeline.java:472)
	at java.util.stream.ForEachOps$ForEachOp.evaluateSequential(ForEachOps.java:150)
	at java.util.stream.ForEachOps$ForEachOp$OfRef.evaluateSequential(ForEachOps.java:173)
	at java.util.stream.AbstractPipeline.evaluate(AbstractPipeline.java:234)
	at java.util.stream.ReferencePipeline.forEach(ReferencePipeline.java:485)
	at org.junit.vintage.engine.VintageTestEngine.executeAllChildren(VintageTestEngine.java:82)
	at org.junit.vintage.engine.VintageTestEngine.execute(VintageTestEngine.java:73)
	at org.junit.platform.launcher.core.DefaultLauncher.execute(DefaultLauncher.java:248)
	at org.junit.platform.launcher.core.DefaultLauncher.lambda$execute$5(DefaultLauncher.java:211)
	at org.junit.platform.launcher.core.DefaultLauncher.withInterceptedStreams(DefaultLauncher.java:226)
	at org.junit.platform.launcher.core.DefaultLauncher.execute(DefaultLauncher.java:199)
	at org.junit.platform.launcher.core.DefaultLauncher.execute(DefaultLauncher.java:132)
	at org.apache.maven.surefire.junitplatform.JUnitPlatformProvider.invokeAllTests(JUnitPlatformProvider.java:154)
	at org.apache.maven.surefire.junitplatform.JUnitPlatformProvider.invoke(JUnitPlatformProvider.java:123)
	at org.apache.maven.surefire.booter.ForkedBooter.runSuitesInProcess(ForkedBooter.java:377)
	at org.apache.maven.surefire.booter.ForkedBooter.execute(ForkedBooter.java:138)
	at org.apache.maven.surefire.booter.ForkedBooter.run(ForkedBooter.java:465)
	at org.apache.maven.surefire.booter.ForkedBooter.main(ForkedBooter.java:451)
]]></failure>
    <system-err><![CDATA[2024-04-24T08:08:49,482 ERROR [main] cli.TestHiveCli: Failed to execute command due to the error: java.lang.NullPointerException: Null output stream
2024-04-24T08:08:49,535  WARN [main] conf.HiveConf: HiveConf of name hive.dummyparam.test.server.specific.config.metastoresite does not exist
2024-04-24T08:08:49,535  WARN [main] conf.HiveConf: HiveConf of name hive.dummyparam.test.server.specific.config.override does not exist
2024-04-24T08:08:49,535  WARN [main] conf.HiveConf: HiveConf of name hive.dummyparam.test.server.specific.config.hiveserver2site does not exist
2024-04-24T08:08:49,536  INFO [main] SessionState: Hive Session ID = 82a507d7-8cf5-4d5c-b195-e4462bbe984f
2024-04-24T08:08:49,537  INFO [main] DependencyResolver: ivysettings.xml file not found in HIVE_HOME or HIVE_CONF_DIR,/home/alex/Repositories/hive/conf/ivysettings.xml will be used
2024-04-24T08:08:49,546  INFO [main] session.SessionState: Created HDFS directory: /tmp/hive/alex/82a507d7-8cf5-4d5c-b195-e4462bbe984f
2024-04-24T08:08:49,549  INFO [main] session.SessionState: Created local directory: /home/alex/Repositories/hive/beeline/target/tmp/alex/82a507d7-8cf5-4d5c-b195-e4462bbe984f
2024-04-24T08:08:49,553  INFO [main] session.SessionState: Created HDFS directory: /tmp/hive/alex/82a507d7-8cf5-4d5c-b195-e4462bbe984f/_tmp_space.db
2024-04-24T08:08:49,553  INFO [main] sqlstd.SQLStdHiveAccessController: Created SQLStdHiveAccessController for session context : HiveAuthzSessionContext [sessionString=82a507d7-8cf5-4d5c-b195-e4462bbe984f, clientType=HIVESERVER2]
2024-04-24T08:08:49,555  INFO [main] metastore.HiveMetaStoreClient: HMS client filtering is enabled.
2024-04-24T08:08:49,557  INFO [main] metastore.HMSHandler: 0: Opening raw store with implementation class:org.apache.hadoop.hive.metastore.ObjectStore
2024-04-24T08:08:49,558  INFO [main] metastore.PersistenceManagerProvider: Configuration datanucleus.autoStartMechanismMode is not set. Defaulting to 'ignored'
2024-04-24T08:08:49,558  INFO [main] metastore.ObjectStore: RawStore: org.apache.hadoop.hive.metastore.ObjectStore@144a5e6e, with PersistenceManager: null will be shutdown
2024-04-24T08:08:49,559  INFO [main] metastore.ObjectStore: RawStore: org.apache.hadoop.hive.metastore.ObjectStore@144a5e6e, with PersistenceManager: org.datanucleus.api.jdo.JDOPersistenceManager@2707c790 created in the thread with id: 1
2024-04-24T08:08:49,564  INFO [main] metastore.HMSHandler: Created RawStore: org.apache.hadoop.hive.metastore.ObjectStore@144a5e6e from thread id: 1
2024-04-24T08:08:49,564  INFO [main] metastore.HMSHandler: HMS server filtering is disabled by configuration
2024-04-24T08:08:49,565  INFO [main] metastore.RetryingMetaStoreClient: RetryingMetaStoreClient proxy=class org.apache.hadoop.hive.ql.metadata.SessionHiveMetaStoreClient ugi=alex (auth:SIMPLE) retries=1 delay=1 lifetime=0
2024-04-24T08:08:49,565  INFO [main] service.CompositeService: Operation log root directory is created: /home/alex/Repositories/hive/beeline/target/tmp/alex/operation_logs
2024-04-24T08:08:49,565  INFO [main] service.CompositeService: HiveServer2: Background operation thread pool size: 100
2024-04-24T08:08:49,566  INFO [main] service.CompositeService: HiveServer2: Background operation thread wait queue size: 100
2024-04-24T08:08:49,566  INFO [main] service.CompositeService: HiveServer2: Background operation thread keepalive time: 10 seconds
2024-04-24T08:08:49,566  INFO [main] service.CompositeService: Connections limit are user: 0 ipaddress: 0 user-ipaddress: 0
2024-04-24T08:08:49,567  INFO [main] cleanup.EventualCleanupService: EventualCleanupService started with 10 threads and queue of size 10000
ERROR StatusLogger Log4j2 ConfigurationScheduler attempted to increment scheduled items after start
ERROR StatusLogger Log4j2 ConfigurationScheduler attempted to increment scheduled items after start
2024-04-24T08:08:49,569  INFO [main] service.AbstractService: Service:OperationManager is inited.
2024-04-24T08:08:49,570  INFO [main] service.AbstractService: Service:SessionManager is inited.
2024-04-24T08:08:49,570  INFO [main] service.AbstractService: Service:CLIService is inited.
2024-04-24T08:08:49,570  INFO [main] service.AbstractService: Service:OperationManager is started.
2024-04-24T08:08:49,570  INFO [main] service.AbstractService: Service:SessionManager is started.
2024-04-24T08:08:49,570  INFO [main] service.AbstractService: Service:CLIService is started.
2024-04-24T08:08:49,570  INFO [main] service.AbstractService: Service:ThriftBinaryCLIService is inited.
2024-04-24T08:08:49,570  INFO [main] thrift.ThriftCLIService: Client protocol version: HIVE_CLI_SERVICE_PROTOCOL_V10
2024-04-24T08:08:49,570  INFO [main] thrift.ThriftCLIService: Creating Hive session handle for user [null] from IP null
2024-04-24T08:08:49,573  INFO [main] DependencyResolver: ivysettings.xml file not found in HIVE_HOME or HIVE_CONF_DIR,/home/alex/Repositories/hive/conf/ivysettings.xml will be used
2024-04-24T08:08:49,582  INFO [main] session.SessionState: Created HDFS directory: /tmp/hive/alex/8e87506a-5fad-417b-978e-b03ed2518197
2024-04-24T08:08:49,585  INFO [main] session.SessionState: Created local directory: /home/alex/Repositories/hive/beeline/target/tmp/alex/8e87506a-5fad-417b-978e-b03ed2518197
2024-04-24T08:08:49,589  INFO [main] session.SessionState: Created HDFS directory: /tmp/hive/alex/8e87506a-5fad-417b-978e-b03ed2518197/_tmp_space.db
2024-04-24T08:08:49,589  INFO [main] session.SessionState: Reloading auxiliary JAR files
2024-04-24T08:08:49,589  WARN [main] session.SessionState: Configuration hive.reloadable.aux.jars.path not specified
2024-04-24T08:08:49,589  INFO [main] HiveMetaStore.audit: ugi=alex	ip=unknown-ip-addr	cmd=Cleaning up thread local RawStore...	
2024-04-24T08:08:49,589  INFO [main] metastore.ObjectStore: RawStore: org.apache.hadoop.hive.metastore.ObjectStore@144a5e6e, with PersistenceManager: org.datanucleus.api.jdo.JDOPersistenceManager@2707c790 will be shutdown
2024-04-24T08:08:49,590  INFO [main] HiveMetaStore.audit: ugi=alex	ip=unknown-ip-addr	cmd=Done cleaning up thread local RawStore	
2024-04-24T08:08:49,590  INFO [main] metastore.HiveMetaStoreClient: Closed a connection to metastore, current connections: -13
2024-04-24T08:08:49,590  INFO [main] session.HiveSessionImpl: Operation log session directory is created: /home/alex/Repositories/hive/beeline/target/tmp/alex/operation_logs/8e87506a-5fad-417b-978e-b03ed2518197
2024-04-24T08:08:49,590  INFO [main] service.CompositeService: Session opened, SessionHandle [8e87506a-5fad-417b-978e-b03ed2518197], current sessions:1
2024-04-24T08:08:49,591  INFO [main] thrift.ThriftCLIService: Login attempt is successful for user : null
2024-04-24T08:08:49,648  WARN [main] conf.HiveConf: HiveConf of name hive.dummyparam.test.server.specific.config.metastoresite does not exist
2024-04-24T08:08:49,648  WARN [main] conf.HiveConf: HiveConf of name hive.dummyparam.test.server.specific.config.hiveserver2site does not exist
2024-04-24T08:08:49,648  WARN [main] conf.HiveConf: HiveConf of name hive.dummyparam.test.server.specific.config.override does not exist
2024-04-24T08:08:49,649  INFO [8e87506a-5fad-417b-978e-b03ed2518197 main] session.HiveSessionImpl: executing set
2024-04-24T08:08:49,650  INFO [8e87506a-5fad-417b-978e-b03ed2518197 main] operation.HiveCommandOperation: Putting temp output to file /home/alex/Repositories/hive/beeline/target/tmp/alex/8e87506a-5fad-417b-978e-b03ed2518197956310634987904938.pipeout and error output to file /home/alex/Repositories/hive/beeline/target/tmp/alex/8e87506a-5fad-417b-978e-b03ed25181971874795879109980157.pipeout
2024-04-24T08:08:49,650  INFO [8e87506a-5fad-417b-978e-b03ed2518197 main] operation.OperationManager: Adding operation: OperationHandle [opType=EXECUTE_STATEMENT, getHandleIdentifier()=5ad7d9df-1ffc-48cf-84d8-0d93f31d2b88] SessionHandle [8e87506a-5fad-417b-978e-b03ed2518197]
2024-04-24T08:08:49,651  INFO [8e87506a-5fad-417b-978e-b03ed2518197 main] common.LogUtils: Thread context registration is done.
DEBUG StatusLogger Building Plugin[name=filter, class=org.apache.hadoop.hive.ql.log.LogDivertAppender$NameFilter].
DEBUG StatusLogger createFilter(loggingLevel="EXECUTION")
DEBUG StatusLogger Building Plugin[name=layout, class=org.apache.logging.log4j.core.layout.PatternLayout].
DEBUG StatusLogger PatternLayout$Builder(Replace=null, header="null", disableAnsi="null", noConsoleNoAnsi="null", PatternSelector=null, alwaysWriteExceptions="null", charset="null", Configuration(HiveLog4j2Test), pattern="%-5p : %m%n", footer="null")
DEBUG StatusLogger Building Plugin[name=appender, class=org.apache.hadoop.hive.ql.log.HushableRandomAccessFileAppender].
DEBUG StatusLogger createAppender(fileName="/home/alex/Repositories/hive/beeline/target/tmp/alex/operation_logs/8e87506a-5fad-417b-978e-b03ed2518197/alex_20240424080849_14d81432-d0b7-4841-addf-a5b5d9590464", append="null", name="query-file-appender", immediateFlush="null", bufferSize="null", ignoreExceptions="null", PatternLayout(org.apache.logging.log4j.core.layout.PatternLayout with name PatternLayout), NameFilter(org.apache.hadoop.hive.ql.log.LogDivertAppender$NameFilter with name NameFilter), advertise="null", advertiseURI="null", Configuration(HiveLog4j2Test))
DEBUG StatusLogger Starting RandomAccessFileManager /home/alex/Repositories/hive/beeline/target/tmp/alex/operation_logs/8e87506a-5fad-417b-978e-b03ed2518197/alex_20240424080849_14d81432-d0b7-4841-addf-a5b5d9590464
DEBUG StatusLogger Building Plugin[name=, class=org.apache.hadoop.hive.ql.log.LogDivertAppenderForTest$TestFilter].
DEBUG StatusLogger createFilter()
DEBUG StatusLogger Building Plugin[name=, class=org.apache.logging.log4j.core.layout.PatternLayout].
DEBUG StatusLogger PatternLayout$Builder(Replace=null, pattern="%-5p : %m%n", header="null", Configuration(HiveLog4j2Test), PatternSelector=null, charset="null", disableAnsi="null", footer="null", alwaysWriteExceptions="null", noConsoleNoAnsi="null")
DEBUG StatusLogger Building Plugin[name=appender, class=org.apache.hadoop.hive.ql.log.HushableRandomAccessFileAppender].
DEBUG StatusLogger createAppender(fileName="/home/alex/Repositories/hive/beeline/target/tmp/alex/operation_logs/8e87506a-5fad-417b-978e-b03ed2518197/alex_20240424080849_14d81432-d0b7-4841-addf-a5b5d9590464.test", append="null", name="test-query-file-appender", immediateFlush="null", bufferSize="null", ignoreExceptions="null", PatternLayout(org.apache.logging.log4j.core.layout.PatternLayout with name PatternLayout), test-filter(org.apache.hadoop.hive.ql.log.LogDivertAppenderForTest$TestFilter with name test-filter), advertise="null", advertiseURI="null", Configuration(HiveLog4j2Test))
DEBUG StatusLogger Starting RandomAccessFileManager /home/alex/Repositories/hive/beeline/target/tmp/alex/operation_logs/8e87506a-5fad-417b-978e-b03ed2518197/alex_20240424080849_14d81432-d0b7-4841-addf-a5b5d9590464.test
2024-04-24T08:08:49,659  INFO [8e87506a-5fad-417b-978e-b03ed2518197 main] operation.HiveCommandOperation: [opType=EXECUTE_STATEMENT, queryId=alex_20240424080849_14d81432-d0b7-4841-addf-a5b5d9590464, startTime=1713971329649, sessionId=8e87506a-5fad-417b-978e-b03ed2518197, createTime=1713971329570, userName=null, ipAddress=null]
2024-04-24T08:08:49,768  INFO [8e87506a-5fad-417b-978e-b03ed2518197 main] common.LogUtils: Unregistered logging context.
2024-04-24T08:08:49,771  INFO [8e87506a-5fad-417b-978e-b03ed2518197 main] operation.OperationManager: Closing operation: OperationHandle [opType=EXECUTE_STATEMENT, getHandleIdentifier()=5ad7d9df-1ffc-48cf-84d8-0d93f31d2b88]
2024-04-24T08:08:49,771  INFO [8e87506a-5fad-417b-978e-b03ed2518197 main] operation.OperationManager: Removed queryId: alex_20240424080849_14d81432-d0b7-4841-addf-a5b5d9590464 corresponding to operation: OperationHandle [opType=EXECUTE_STATEMENT, getHandleIdentifier()=5ad7d9df-1ffc-48cf-84d8-0d93f31d2b88] with tag: null
2024-04-24T08:08:49,772  INFO [8e87506a-5fad-417b-978e-b03ed2518197 main] operation.HiveCommandOperation: Closing operation log /home/alex/Repositories/hive/beeline/target/tmp/alex/operation_logs/8e87506a-5fad-417b-978e-b03ed2518197/alex_20240424080849_14d81432-d0b7-4841-addf-a5b5d9590464 without delay
2024-04-24T08:08:49,774  INFO [8e87506a-5fad-417b-978e-b03ed2518197 main] session.HiveSessionImpl: executing use test
2024-04-24T08:08:49,775  INFO [8e87506a-5fad-417b-978e-b03ed2518197 main] operation.OperationManager: Adding operation: OperationHandle [opType=EXECUTE_STATEMENT, getHandleIdentifier()=b5e6ea90-4296-4603-b937-b91451fcdb6c] SessionHandle [8e87506a-5fad-417b-978e-b03ed2518197]
2024-04-24T08:08:49,775  INFO [8e87506a-5fad-417b-978e-b03ed2518197 main] common.LogUtils: Thread context registration is done.
DEBUG StatusLogger Building Plugin[name=filter, class=org.apache.hadoop.hive.ql.log.LogDivertAppender$NameFilter].
DEBUG StatusLogger createFilter(loggingLevel="EXECUTION")
DEBUG StatusLogger Building Plugin[name=layout, class=org.apache.logging.log4j.core.layout.PatternLayout].
DEBUG StatusLogger PatternLayout$Builder(PatternSelector=null, noConsoleNoAnsi="null", disableAnsi="null", header="null", footer="null", charset="null", Configuration(HiveLog4j2Test), alwaysWriteExceptions="null", Replace=null, pattern="%-5p : %m%n")
DEBUG StatusLogger Building Plugin[name=appender, class=org.apache.hadoop.hive.ql.log.HushableRandomAccessFileAppender].
DEBUG StatusLogger createAppender(fileName="/home/alex/Repositories/hive/beeline/target/tmp/alex/operation_logs/8e87506a-5fad-417b-978e-b03ed2518197/alex_20240424080849_c23779b6-29fb-4b66-8413-ea93286ccc84", append="null", name="query-file-appender", immediateFlush="null", bufferSize="null", ignoreExceptions="null", PatternLayout(org.apache.logging.log4j.core.layout.PatternLayout with name PatternLayout), NameFilter(org.apache.hadoop.hive.ql.log.LogDivertAppender$NameFilter with name NameFilter), advertise="null", advertiseURI="null", Configuration(HiveLog4j2Test))
DEBUG StatusLogger Starting RandomAccessFileManager /home/alex/Repositories/hive/beeline/target/tmp/alex/operation_logs/8e87506a-5fad-417b-978e-b03ed2518197/alex_20240424080849_c23779b6-29fb-4b66-8413-ea93286ccc84
DEBUG StatusLogger Building Plugin[name=, class=org.apache.hadoop.hive.ql.log.LogDivertAppenderForTest$TestFilter].
DEBUG StatusLogger createFilter()
DEBUG StatusLogger Building Plugin[name=, class=org.apache.logging.log4j.core.layout.PatternLayout].
DEBUG StatusLogger PatternLayout$Builder(Configuration(HiveLog4j2Test), PatternSelector=null, alwaysWriteExceptions="null", charset="null", disableAnsi="null", Replace=null, noConsoleNoAnsi="null", footer="null", pattern="%-5p : %m%n", header="null")
DEBUG StatusLogger Building Plugin[name=appender, class=org.apache.hadoop.hive.ql.log.HushableRandomAccessFileAppender].
DEBUG StatusLogger createAppender(fileName="/home/alex/Repositories/hive/beeline/target/tmp/alex/operation_logs/8e87506a-5fad-417b-978e-b03ed2518197/alex_20240424080849_c23779b6-29fb-4b66-8413-ea93286ccc84.test", append="null", name="test-query-file-appender", immediateFlush="null", bufferSize="null", ignoreExceptions="null", PatternLayout(org.apache.logging.log4j.core.layout.PatternLayout with name PatternLayout), test-filter(org.apache.hadoop.hive.ql.log.LogDivertAppenderForTest$TestFilter with name test-filter), advertise="null", advertiseURI="null", Configuration(HiveLog4j2Test))
DEBUG StatusLogger Starting RandomAccessFileManager /home/alex/Repositories/hive/beeline/target/tmp/alex/operation_logs/8e87506a-5fad-417b-978e-b03ed2518197/alex_20240424080849_c23779b6-29fb-4b66-8413-ea93286ccc84.test
2024-04-24T08:08:49,783  INFO [8e87506a-5fad-417b-978e-b03ed2518197 main] operation.SQLOperation: [opType=EXECUTE_STATEMENT, queryId=alex_20240424080849_c23779b6-29fb-4b66-8413-ea93286ccc84, startTime=1713971329774, sessionId=8e87506a-5fad-417b-978e-b03ed2518197, createTime=1713971329570, userName=null, ipAddress=null]
2024-04-24T08:08:49,784  INFO [8e87506a-5fad-417b-978e-b03ed2518197 main] ql.Driver: Compiling command(queryId=alex_20240424080849_c23779b6-29fb-4b66-8413-ea93286ccc84): use test
2024-04-24T08:08:49,785  INFO [8e87506a-5fad-417b-978e-b03ed2518197 main] metastore.HiveMetaStoreClient: HMS client filtering is enabled.
2024-04-24T08:08:49,786  INFO [8e87506a-5fad-417b-978e-b03ed2518197 main] metastore.HMSHandler: 0: Opening raw store with implementation class:org.apache.hadoop.hive.metastore.ObjectStore
2024-04-24T08:08:49,786  INFO [8e87506a-5fad-417b-978e-b03ed2518197 main] metastore.PersistenceManagerProvider: Configuration datanucleus.autoStartMechanismMode is not set. Defaulting to 'ignored'
2024-04-24T08:08:49,787  INFO [8e87506a-5fad-417b-978e-b03ed2518197 main] metastore.ObjectStore: RawStore: org.apache.hadoop.hive.metastore.ObjectStore@3193e21d, with PersistenceManager: null will be shutdown
2024-04-24T08:08:49,787  INFO [8e87506a-5fad-417b-978e-b03ed2518197 main] metastore.ObjectStore: RawStore: org.apache.hadoop.hive.metastore.ObjectStore@3193e21d, with PersistenceManager: org.datanucleus.api.jdo.JDOPersistenceManager@79604abe created in the thread with id: 1
2024-04-24T08:08:49,790  INFO [8e87506a-5fad-417b-978e-b03ed2518197 main] metastore.HMSHandler: Created RawStore: org.apache.hadoop.hive.metastore.ObjectStore@3193e21d from thread id: 1
2024-04-24T08:08:49,790  INFO [8e87506a-5fad-417b-978e-b03ed2518197 main] metastore.HMSHandler: HMS server filtering is disabled by configuration
2024-04-24T08:08:49,790  INFO [8e87506a-5fad-417b-978e-b03ed2518197 main] metastore.RetryingMetaStoreClient: RetryingMetaStoreClient proxy=class org.apache.hadoop.hive.ql.metadata.SessionHiveMetaStoreClient ugi=alex (auth:SIMPLE) retries=1 delay=1 lifetime=0
2024-04-24T08:08:49,791  INFO [8e87506a-5fad-417b-978e-b03ed2518197 main] HiveMetaStore.audit: ugi=alex	ip=unknown-ip-addr	cmd=get_database: test	
2024-04-24T08:08:49,792  INFO [8e87506a-5fad-417b-978e-b03ed2518197 main] ql.Driver: Semantic Analysis Completed (retrial = false)
2024-04-24T08:08:49,792  INFO [8e87506a-5fad-417b-978e-b03ed2518197 main] ql.Driver: Created Hive schema: Schema(fieldSchemas:null, properties:null)
2024-04-24T08:08:49,793  INFO [8e87506a-5fad-417b-978e-b03ed2518197 main] metadata.Hive: Dumping metastore api call timing information for : compilation phase
2024-04-24T08:08:49,793  INFO [8e87506a-5fad-417b-978e-b03ed2518197 main] metadata.Hive: Total time spent in each metastore function (ms): {isCompatibleWith_(Configuration)=0, flushCache_()=0, getDatabase_(String)=1}
2024-04-24T08:08:49,793  INFO [8e87506a-5fad-417b-978e-b03ed2518197 main] ql.Driver: Completed compiling command(queryId=alex_20240424080849_c23779b6-29fb-4b66-8413-ea93286ccc84); Time taken: 0.008 seconds
2024-04-24T08:08:49,794  INFO [HiveServer2-Background-Pool: Thread-247] common.LogUtils: Thread context registration is done.
2024-04-24T08:08:49,794  INFO [8e87506a-5fad-417b-978e-b03ed2518197 main] common.LogUtils: Unregistered logging context.
2024-04-24T08:08:49,794  INFO [HiveServer2-Background-Pool: Thread-247] reexec.ReExecDriver: Execution #1 of query
2024-04-24T08:08:49,795  INFO [HiveServer2-Background-Pool: Thread-247] ql.Driver: Concurrency mode is disabled, not creating a lock manager
2024-04-24T08:08:49,795  INFO [HiveServer2-Background-Pool: Thread-247] ql.Driver: Executing command(queryId=alex_20240424080849_c23779b6-29fb-4b66-8413-ea93286ccc84): use test
2024-04-24T08:08:49,796  INFO [HiveServer2-Background-Pool: Thread-247] ql.Driver: Starting task [Stage-0:DDL] in serial mode
2024-04-24T08:08:49,797  INFO [HiveServer2-Background-Pool: Thread-247] HiveMetaStore.audit: ugi=alex	ip=unknown-ip-addr	cmd=get_database: test	
2024-04-24T08:08:49,798  INFO [HiveServer2-Background-Pool: Thread-247] metastore.HMSHandler: 10: Opening raw store with implementation class:org.apache.hadoop.hive.metastore.ObjectStore
2024-04-24T08:08:49,798  INFO [HiveServer2-Background-Pool: Thread-247] metastore.ObjectStore: RawStore: org.apache.hadoop.hive.metastore.ObjectStore@c78d5d7, with PersistenceManager: null will be shutdown
2024-04-24T08:08:49,798  INFO [HiveServer2-Background-Pool: Thread-247] metastore.ObjectStore: RawStore: org.apache.hadoop.hive.metastore.ObjectStore@c78d5d7, with PersistenceManager: org.datanucleus.api.jdo.JDOPersistenceManager@497a5a3c created in the thread with id: 247
2024-04-24T08:08:49,802  INFO [HiveServer2-Background-Pool: Thread-247] metastore.HMSHandler: Created RawStore: org.apache.hadoop.hive.metastore.ObjectStore@c78d5d7 from thread id: 247
2024-04-24T08:08:49,804  INFO [HiveServer2-Background-Pool: Thread-247] HiveMetaStore.audit: ugi=alex	ip=unknown-ip-addr	cmd=get_database: test	
2024-04-24T08:08:49,805  INFO [HiveServer2-Background-Pool: Thread-247] metadata.Hive: Dumping metastore api call timing information for : execution phase
2024-04-24T08:08:49,806  INFO [HiveServer2-Background-Pool: Thread-247] metadata.Hive: Total time spent in each metastore function (ms): {isCompatibleWith_(Configuration)=0, getDatabase_(String)=9}
2024-04-24T08:08:49,806  INFO [HiveServer2-Background-Pool: Thread-247] ql.Driver: Completed executing command(queryId=alex_20240424080849_c23779b6-29fb-4b66-8413-ea93286ccc84); Time taken: 0.01 seconds
2024-04-24T08:08:49,807  INFO [HiveServer2-Background-Pool: Thread-247] common.LogUtils: Unregistered logging context.
2024-04-24T08:08:49,810  INFO [8e87506a-5fad-417b-978e-b03ed2518197 main] operation.OperationManager: Closing operation: OperationHandle [opType=EXECUTE_STATEMENT, getHandleIdentifier()=b5e6ea90-4296-4603-b937-b91451fcdb6c]
2024-04-24T08:08:49,810  INFO [8e87506a-5fad-417b-978e-b03ed2518197 main] operation.OperationManager: Removed queryId: alex_20240424080849_c23779b6-29fb-4b66-8413-ea93286ccc84 corresponding to operation: OperationHandle [opType=EXECUTE_STATEMENT, getHandleIdentifier()=b5e6ea90-4296-4603-b937-b91451fcdb6c] with tag: null
2024-04-24T08:08:49,810  INFO [8e87506a-5fad-417b-978e-b03ed2518197 main] operation.SQLOperation: Closing operation log /home/alex/Repositories/hive/beeline/target/tmp/alex/operation_logs/8e87506a-5fad-417b-978e-b03ed2518197/alex_20240424080849_c23779b6-29fb-4b66-8413-ea93286ccc84 without delay
2024-04-24T08:08:49,811  INFO [8e87506a-5fad-417b-978e-b03ed2518197 main] session.HiveSessionImpl: executing show tables
2024-04-24T08:08:49,812  INFO [8e87506a-5fad-417b-978e-b03ed2518197 main] operation.OperationManager: Adding operation: OperationHandle [opType=EXECUTE_STATEMENT, getHandleIdentifier()=c2378798-8155-49fd-8b60-49279ce14132] SessionHandle [8e87506a-5fad-417b-978e-b03ed2518197]
2024-04-24T08:08:49,813  INFO [8e87506a-5fad-417b-978e-b03ed2518197 main] common.LogUtils: Thread context registration is done.
DEBUG StatusLogger Building Plugin[name=filter, class=org.apache.hadoop.hive.ql.log.LogDivertAppender$NameFilter].
DEBUG StatusLogger createFilter(loggingLevel="EXECUTION")
DEBUG StatusLogger Building Plugin[name=layout, class=org.apache.logging.log4j.core.layout.PatternLayout].
DEBUG StatusLogger PatternLayout$Builder(header="null", Replace=null, alwaysWriteExceptions="null", Configuration(HiveLog4j2Test), disableAnsi="null", noConsoleNoAnsi="null", PatternSelector=null, charset="null", pattern="%-5p : %m%n", footer="null")
DEBUG StatusLogger Building Plugin[name=appender, class=org.apache.hadoop.hive.ql.log.HushableRandomAccessFileAppender].
DEBUG StatusLogger createAppender(fileName="/home/alex/Repositories/hive/beeline/target/tmp/alex/operation_logs/8e87506a-5fad-417b-978e-b03ed2518197/alex_20240424080849_1dd71eeb-ba5e-4d42-8a68-2f2d0520a401", append="null", name="query-file-appender", immediateFlush="null", bufferSize="null", ignoreExceptions="null", PatternLayout(org.apache.logging.log4j.core.layout.PatternLayout with name PatternLayout), NameFilter(org.apache.hadoop.hive.ql.log.LogDivertAppender$NameFilter with name NameFilter), advertise="null", advertiseURI="null", Configuration(HiveLog4j2Test))
DEBUG StatusLogger Starting RandomAccessFileManager /home/alex/Repositories/hive/beeline/target/tmp/alex/operation_logs/8e87506a-5fad-417b-978e-b03ed2518197/alex_20240424080849_1dd71eeb-ba5e-4d42-8a68-2f2d0520a401
DEBUG StatusLogger Building Plugin[name=, class=org.apache.hadoop.hive.ql.log.LogDivertAppenderForTest$TestFilter].
DEBUG StatusLogger createFilter()
DEBUG StatusLogger Building Plugin[name=, class=org.apache.logging.log4j.core.layout.PatternLayout].
DEBUG StatusLogger PatternLayout$Builder(pattern="%-5p : %m%n", noConsoleNoAnsi="null", disableAnsi="null", Replace=null, Configuration(HiveLog4j2Test), charset="null", header="null", PatternSelector=null, footer="null", alwaysWriteExceptions="null")
DEBUG StatusLogger Building Plugin[name=appender, class=org.apache.hadoop.hive.ql.log.HushableRandomAccessFileAppender].
DEBUG StatusLogger createAppender(fileName="/home/alex/Repositories/hive/beeline/target/tmp/alex/operation_logs/8e87506a-5fad-417b-978e-b03ed2518197/alex_20240424080849_1dd71eeb-ba5e-4d42-8a68-2f2d0520a401.test", append="null", name="test-query-file-appender", immediateFlush="null", bufferSize="null", ignoreExceptions="null", PatternLayout(org.apache.logging.log4j.core.layout.PatternLayout with name PatternLayout), test-filter(org.apache.hadoop.hive.ql.log.LogDivertAppenderForTest$TestFilter with name test-filter), advertise="null", advertiseURI="null", Configuration(HiveLog4j2Test))
DEBUG StatusLogger Starting RandomAccessFileManager /home/alex/Repositories/hive/beeline/target/tmp/alex/operation_logs/8e87506a-5fad-417b-978e-b03ed2518197/alex_20240424080849_1dd71eeb-ba5e-4d42-8a68-2f2d0520a401.test
2024-04-24T08:08:49,820  INFO [8e87506a-5fad-417b-978e-b03ed2518197 main] operation.SQLOperation: [opType=EXECUTE_STATEMENT, queryId=alex_20240424080849_1dd71eeb-ba5e-4d42-8a68-2f2d0520a401, startTime=1713971329811, sessionId=8e87506a-5fad-417b-978e-b03ed2518197, createTime=1713971329570, userName=null, ipAddress=null]
2024-04-24T08:08:49,821  INFO [8e87506a-5fad-417b-978e-b03ed2518197 main] ql.Driver: Compiling command(queryId=alex_20240424080849_1dd71eeb-ba5e-4d42-8a68-2f2d0520a401): show tables
2024-04-24T08:08:49,826  INFO [8e87506a-5fad-417b-978e-b03ed2518197 main] HiveMetaStore.audit: ugi=alex	ip=unknown-ip-addr	cmd=get_database: test	
2024-04-24T08:08:49,828  INFO [8e87506a-5fad-417b-978e-b03ed2518197 main] ql.Driver: Semantic Analysis Completed (retrial = false)
2024-04-24T08:08:49,828  INFO [8e87506a-5fad-417b-978e-b03ed2518197 main] ql.Driver: Created Hive schema: Schema(fieldSchemas:[FieldSchema(name:tab_name, type:string, comment:from deserializer)], properties:null)
2024-04-24T08:08:49,829  INFO [8e87506a-5fad-417b-978e-b03ed2518197 main] exec.ListSinkOperator: Initializing Operator: LIST_SINK[0]
2024-04-24T08:08:49,829  INFO [8e87506a-5fad-417b-978e-b03ed2518197 main] metadata.Hive: Dumping metastore api call timing information for : compilation phase
2024-04-24T08:08:49,830  INFO [8e87506a-5fad-417b-978e-b03ed2518197 main] metadata.Hive: Total time spent in each metastore function (ms): {getDatabase_(String)=2, isCompatibleWith_(Configuration)=0, flushCache_()=0}
2024-04-24T08:08:49,830  INFO [8e87506a-5fad-417b-978e-b03ed2518197 main] ql.Driver: Completed compiling command(queryId=alex_20240424080849_1dd71eeb-ba5e-4d42-8a68-2f2d0520a401); Time taken: 0.008 seconds
2024-04-24T08:08:49,831  INFO [HiveServer2-Background-Pool: Thread-251] common.LogUtils: Thread context registration is done.
2024-04-24T08:08:49,831  INFO [8e87506a-5fad-417b-978e-b03ed2518197 main] common.LogUtils: Unregistered logging context.
2024-04-24T08:08:49,831  INFO [HiveServer2-Background-Pool: Thread-251] reexec.ReExecDriver: Execution #1 of query
2024-04-24T08:08:49,832  INFO [HiveServer2-Background-Pool: Thread-251] ql.Driver: Concurrency mode is disabled, not creating a lock manager
2024-04-24T08:08:49,833  INFO [HiveServer2-Background-Pool: Thread-251] ql.Driver: Executing command(queryId=alex_20240424080849_1dd71eeb-ba5e-4d42-8a68-2f2d0520a401): show tables
2024-04-24T08:08:49,834  INFO [HiveServer2-Background-Pool: Thread-251] ql.Driver: Starting task [Stage-0:DDL] in serial mode
2024-04-24T08:08:49,835  INFO [HiveServer2-Background-Pool: Thread-251] HiveMetaStore.audit: ugi=alex	ip=unknown-ip-addr	cmd=get_database: test	
2024-04-24T08:08:49,837  INFO [HiveServer2-Background-Pool: Thread-251] metastore.HMSHandler: 11: Opening raw store with implementation class:org.apache.hadoop.hive.metastore.ObjectStore
2024-04-24T08:08:49,838  INFO [HiveServer2-Background-Pool: Thread-251] metastore.ObjectStore: RawStore: org.apache.hadoop.hive.metastore.ObjectStore@2642091c, with PersistenceManager: null will be shutdown
2024-04-24T08:08:49,839  INFO [HiveServer2-Background-Pool: Thread-251] metastore.ObjectStore: RawStore: org.apache.hadoop.hive.metastore.ObjectStore@2642091c, with PersistenceManager: org.datanucleus.api.jdo.JDOPersistenceManager@634093b0 created in the thread with id: 251
2024-04-24T08:08:49,842  INFO [HiveServer2-Background-Pool: Thread-251] metastore.HMSHandler: Created RawStore: org.apache.hadoop.hive.metastore.ObjectStore@2642091c from thread id: 251
2024-04-24T08:08:49,845  INFO [HiveServer2-Background-Pool: Thread-251] HiveMetaStore.audit: ugi=alex	ip=unknown-ip-addr	cmd=get_multi_table : db=test tbls=null	
2024-04-24T08:08:49,851  INFO [HiveServer2-Background-Pool: Thread-251] sqlstd.SQLStdHiveAccessController: Created SQLStdHiveAccessController for session context : HiveAuthzSessionContext [sessionString=8e87506a-5fad-417b-978e-b03ed2518197, clientType=HIVESERVER2]
2024-04-24T08:08:49,859  INFO [HiveServer2-Background-Pool: Thread-251] metadata.Hive: Dumping metastore api call timing information for : execution phase
2024-04-24T08:08:49,859  INFO [HiveServer2-Background-Pool: Thread-251] metadata.Hive: Total time spent in each metastore function (ms): {getTables_(String, String)=8, getDatabase_(String)=10, isCompatibleWith_(Configuration)=0}
2024-04-24T08:08:49,859  INFO [HiveServer2-Background-Pool: Thread-251] ql.Driver: Completed executing command(queryId=alex_20240424080849_1dd71eeb-ba5e-4d42-8a68-2f2d0520a401); Time taken: 0.026 seconds
2024-04-24T08:08:49,860  INFO [HiveServer2-Background-Pool: Thread-251] common.LogUtils: Unregistered logging context.
2024-04-24T08:08:49,861  INFO [8e87506a-5fad-417b-978e-b03ed2518197 main] operation.OperationManager: Closing operation: OperationHandle [opType=EXECUTE_STATEMENT, getHandleIdentifier()=c2378798-8155-49fd-8b60-49279ce14132]
2024-04-24T08:08:49,861  INFO [8e87506a-5fad-417b-978e-b03ed2518197 main] operation.OperationManager: Removed queryId: alex_20240424080849_1dd71eeb-ba5e-4d42-8a68-2f2d0520a401 corresponding to operation: OperationHandle [opType=EXECUTE_STATEMENT, getHandleIdentifier()=c2378798-8155-49fd-8b60-49279ce14132] with tag: null
2024-04-24T08:08:49,861  INFO [8e87506a-5fad-417b-978e-b03ed2518197 main] ql.Context: Deleting scratch dir: file:/home/alex/Repositories/hive/beeline/target/tmp/alex/8e87506a-5fad-417b-978e-b03ed2518197/hive_2024-04-24_08-08-49_821_224513056841101455-1
2024-04-24T08:08:49,861  INFO [8e87506a-5fad-417b-978e-b03ed2518197 main] cleanup.EventualCleanupService: Delete file:/home/alex/Repositories/hive/beeline/target/tmp/alex/8e87506a-5fad-417b-978e-b03ed2518197/hive_2024-04-24_08-08-49_821_224513056841101455-1 operation was queued
2024-04-24T08:08:49,861  INFO [8e87506a-5fad-417b-978e-b03ed2518197 main] exec.ListSinkOperator: Closing Operator: LIST_SINK[0]
2024-04-24T08:08:49,861  INFO [8e87506a-5fad-417b-978e-b03ed2518197 main] exec.ListSinkOperator: RECORDS_OUT_OPERATOR_LIST_SINK_0:0, RECORDS_OUT_INTERMEDIATE:0, 
2024-04-24T08:08:49,861  INFO [8e87506a-5fad-417b-978e-b03ed2518197 main] operation.SQLOperation: Closing operation log /home/alex/Repositories/hive/beeline/target/tmp/alex/operation_logs/8e87506a-5fad-417b-978e-b03ed2518197/alex_20240424080849_1dd71eeb-ba5e-4d42-8a68-2f2d0520a401 without delay
2024-04-24T08:08:49,862  INFO [EventualCleanupService thread 0] cleanup.EventualCleanupService: Deleted file:/home/alex/Repositories/hive/beeline/target/tmp/alex/8e87506a-5fad-417b-978e-b03ed2518197/hive_2024-04-24_08-08-49_821_224513056841101455-1
2024-04-24T08:08:49,862  INFO [main] service.CompositeService: Session closed, SessionHandle [8e87506a-5fad-417b-978e-b03ed2518197], current sessions:0
2024-04-24T08:08:49,862  INFO [8e87506a-5fad-417b-978e-b03ed2518197 main] session.HiveSessionImpl: Operation log session directory is deleted: /home/alex/Repositories/hive/beeline/target/tmp/alex/operation_logs/8e87506a-5fad-417b-978e-b03ed2518197
2024-04-24T08:08:49,863  INFO [main] cleanup.EventualCleanupService: Delete /tmp/hive/alex/8e87506a-5fad-417b-978e-b03ed2518197 operation was queued
2024-04-24T08:08:49,863  INFO [main] cleanup.EventualCleanupService: Delete /home/alex/Repositories/hive/beeline/target/tmp/alex/8e87506a-5fad-417b-978e-b03ed2518197 operation was queued
2024-04-24T08:08:49,863  INFO [EventualCleanupService thread 2] cleanup.EventualCleanupService: Deleted /home/alex/Repositories/hive/beeline/target/tmp/alex/8e87506a-5fad-417b-978e-b03ed2518197
2024-04-24T08:08:49,863  INFO [EventualCleanupService thread 1] cleanup.EventualCleanupService: Deleted /tmp/hive/alex/8e87506a-5fad-417b-978e-b03ed2518197
2024-04-24T08:08:49,864  INFO [main] HiveMetaStore.audit: ugi=alex	ip=unknown-ip-addr	cmd=Cleaning up thread local RawStore...	
2024-04-24T08:08:49,864  INFO [main] metastore.ObjectStore: RawStore: org.apache.hadoop.hive.metastore.ObjectStore@3193e21d, with PersistenceManager: org.datanucleus.api.jdo.JDOPersistenceManager@79604abe will be shutdown
2024-04-24T08:08:49,864  INFO [main] HiveMetaStore.audit: ugi=alex	ip=unknown-ip-addr	cmd=Done cleaning up thread local RawStore	
2024-04-24T08:08:49,864  INFO [main] metastore.HiveMetaStoreClient: Closed a connection to metastore, current connections: -14
2024-04-24T08:08:49,864 ERROR [main] cli.TestHiveCli: Failed due to the error:Connecting to jdbc:hive2://
Hive Session ID = 82a507d7-8cf5-4d5c-b195-e4462bbe984f
ivysettings.xml file not found in HIVE_HOME or HIVE_CONF_DIR,/home/alex/Repositories/hive/conf/ivysettings.xml will be used
ivysettings.xml file not found in HIVE_HOME or HIVE_CONF_DIR,/home/alex/Repositories/hive/conf/ivysettings.xml will be used
Connected to: Apache Hive (version 4.0.0-SNAPSHOT)
Error: Couldn't load manifest attributes. (state=,code=0)
Transaction isolation: TRANSACTION_REPEATABLE_READ
INFO  : Compiling command(queryId=alex_20240424080849_c23779b6-29fb-4b66-8413-ea93286ccc84): use test
INFO  : Semantic Analysis Completed (retrial = false)
INFO  : Created Hive schema: Schema(fieldSchemas:null, properties:null)
INFO  : Completed compiling command(queryId=alex_20240424080849_c23779b6-29fb-4b66-8413-ea93286ccc84); Time taken: 0.008 seconds
INFO  : Concurrency mode is disabled, not creating a lock manager
INFO  : Executing command(queryId=alex_20240424080849_c23779b6-29fb-4b66-8413-ea93286ccc84): use test
INFO  : Starting task [Stage-0:DDL] in serial mode
DEBUG : Task getting executed using mapred tag : alex_20240424080849_c23779b6-29fb-4b66-8413-ea93286ccc84,userid=null
INFO  : Completed executing command(queryId=alex_20240424080849_c23779b6-29fb-4b66-8413-ea93286ccc84); Time taken: 0.01 seconds
DEBUG : Shutting down query use test
Error: Failed to wait for operation to complete (state=08S01,code=0)
INFO  : Compiling command(queryId=alex_20240424080849_1dd71eeb-ba5e-4d42-8a68-2f2d0520a401): show tables
INFO  : Semantic Analysis Completed (retrial = false)
INFO  : Created Hive schema: Schema(fieldSchemas:[FieldSchema(name:tab_name, type:string, comment:from deserializer)], properties:null)
INFO  : Completed compiling command(queryId=alex_20240424080849_1dd71eeb-ba5e-4d42-8a68-2f2d0520a401); Time taken: 0.008 seconds
INFO  : Concurrency mode is disabled, not creating a lock manager
INFO  : Executing command(queryId=alex_20240424080849_1dd71eeb-ba5e-4d42-8a68-2f2d0520a401): show tables
INFO  : Starting task [Stage-0:DDL] in serial mode
DEBUG : Task getting executed using mapred tag : alex_20240424080849_1dd71eeb-ba5e-4d42-8a68-2f2d0520a401,userid=null
INFO  : Completed executing command(queryId=alex_20240424080849_1dd71eeb-ba5e-4d42-8a68-2f2d0520a401); Time taken: 0.026 seconds
DEBUG : Shutting down query show tables
Error: Failed to wait for operation to complete (state=08S01,code=0)
Closing: 0: jdbc:hive2://

]]></system-err>
  </testcase>
  <testcase name="testCommentStripping" classname="org.apache.hive.beeline.cli.TestHiveCli" time="0.478"/>
  <testcase name="testUseCurrentDB1" classname="org.apache.hive.beeline.cli.TestHiveCli" time="0.392">
    <failure type="java.lang.AssertionError"><![CDATA[java.lang.AssertionError: 
The expected keyword "hive (testDB)>" occur in the output: Connecting to jdbc:hive2://
Hive Session ID = dc0938c2-ce97-4e32-b365-430e88ccaf1e
ivysettings.xml file not found in HIVE_HOME or HIVE_CONF_DIR,/home/alex/Repositories/hive/conf/ivysettings.xml will be used
ivysettings.xml file not found in HIVE_HOME or HIVE_CONF_DIR,/home/alex/Repositories/hive/conf/ivysettings.xml will be used
Connected to: Apache Hive (version 4.0.0-SNAPSHOT)
Error: Couldn't load manifest attributes. (state=,code=0)
Transaction isolation: TRANSACTION_REPEATABLE_READ
Beeline version ??? by Apache Hive
hive> create database if not exists testDB; set hive.cli.print.current.db=true;use testDB;
INFO  : Compiling command(queryId=alex_20240424080850_2c22f222-0b23-41d4-aa4c-5da32d739623): create database if not exists testDB
INFO  : Semantic Analysis Completed (retrial = false)
INFO  : Created Hive schema: Schema(fieldSchemas:null, properties:null)
INFO  : Completed compiling command(queryId=alex_20240424080850_2c22f222-0b23-41d4-aa4c-5da32d739623); Time taken: 0.01 seconds
INFO  : Concurrency mode is disabled, not creating a lock manager
INFO  : Executing command(queryId=alex_20240424080850_2c22f222-0b23-41d4-aa4c-5da32d739623): create database if not exists testDB
INFO  : Starting task [Stage-0:DDL] in serial mode
DEBUG : Task getting executed using mapred tag : alex_20240424080850_2c22f222-0b23-41d4-aa4c-5da32d739623,userid=null
INFO  : Completed executing command(queryId=alex_20240424080850_2c22f222-0b23-41d4-aa4c-5da32d739623); Time taken: 0.011 seconds
DEBUG : Shutting down query create database if not exists testDB
Error: Failed to wait for operation to complete (state=08S01,code=0)
hive> use default;drop if exists testDB;
INFO  : Compiling command(queryId=alex_20240424080850_8416cccd-a59a-4077-94f1-0c8e496b7aa7): use default
INFO  : Semantic Analysis Completed (retrial = false)
INFO  : Created Hive schema: Schema(fieldSchemas:null, properties:null)
INFO  : Completed compiling command(queryId=alex_20240424080850_8416cccd-a59a-4077-94f1-0c8e496b7aa7); Time taken: 0.003 seconds
INFO  : Concurrency mode is disabled, not creating a lock manager
INFO  : Executing command(queryId=alex_20240424080850_8416cccd-a59a-4077-94f1-0c8e496b7aa7): use default
INFO  : Starting task [Stage-0:DDL] in serial mode
DEBUG : Task getting executed using mapred tag : alex_20240424080850_8416cccd-a59a-4077-94f1-0c8e496b7aa7,userid=null
INFO  : Completed executing command(queryId=alex_20240424080850_8416cccd-a59a-4077-94f1-0c8e496b7aa7); Time taken: 0.01 seconds
DEBUG : Shutting down query use default
Error: Failed to wait for operation to complete (state=08S01,code=0)
hive> Closing: 0: jdbc:hive2://

	at org.junit.Assert.fail(Assert.java:89)
	at org.junit.Assert.assertTrue(Assert.java:42)
	at org.apache.hive.beeline.cli.TestHiveCli.verifyCMD(TestHiveCli.java:270)
	at org.apache.hive.beeline.cli.TestHiveCli.testUseCurrentDB1(TestHiveCli.java:212)
	at sun.reflect.NativeMethodAccessorImpl.invoke0(Native Method)
	at sun.reflect.NativeMethodAccessorImpl.invoke(NativeMethodAccessorImpl.java:62)
	at sun.reflect.DelegatingMethodAccessorImpl.invoke(DelegatingMethodAccessorImpl.java:43)
	at java.lang.reflect.Method.invoke(Method.java:498)
	at org.junit.runners.model.FrameworkMethod$1.runReflectiveCall(FrameworkMethod.java:59)
	at org.junit.internal.runners.model.ReflectiveCallable.run(ReflectiveCallable.java:12)
	at org.junit.runners.model.FrameworkMethod.invokeExplosively(FrameworkMethod.java:56)
	at org.junit.internal.runners.statements.InvokeMethod.evaluate(InvokeMethod.java:17)
	at org.junit.internal.runners.statements.RunBefores.evaluate(RunBefores.java:26)
	at org.junit.internal.runners.statements.RunAfters.evaluate(RunAfters.java:27)
	at org.junit.runners.ParentRunner$3.evaluate(ParentRunner.java:306)
	at org.junit.runners.BlockJUnit4ClassRunner$1.evaluate(BlockJUnit4ClassRunner.java:100)
	at org.junit.runners.ParentRunner.runLeaf(ParentRunner.java:366)
	at org.junit.runners.BlockJUnit4ClassRunner.runChild(BlockJUnit4ClassRunner.java:103)
	at org.junit.runners.BlockJUnit4ClassRunner.runChild(BlockJUnit4ClassRunner.java:63)
	at org.junit.runners.ParentRunner$4.run(ParentRunner.java:331)
	at org.junit.runners.ParentRunner$1.schedule(ParentRunner.java:79)
	at org.junit.runners.ParentRunner.runChildren(ParentRunner.java:329)
	at org.junit.runners.ParentRunner.access$100(ParentRunner.java:66)
	at org.junit.runners.ParentRunner$2.evaluate(ParentRunner.java:293)
	at org.junit.internal.runners.statements.RunBefores.evaluate(RunBefores.java:26)
	at org.junit.runners.ParentRunner$3.evaluate(ParentRunner.java:306)
	at org.junit.runners.ParentRunner.run(ParentRunner.java:413)
	at org.junit.runner.JUnitCore.run(JUnitCore.java:137)
	at org.junit.runner.JUnitCore.run(JUnitCore.java:115)
	at org.junit.vintage.engine.execution.RunnerExecutor.execute(RunnerExecutor.java:43)
	at java.util.stream.ForEachOps$ForEachOp$OfRef.accept(ForEachOps.java:183)
	at java.util.stream.ReferencePipeline$3$1.accept(ReferencePipeline.java:193)
	at java.util.Iterator.forEachRemaining(Iterator.java:116)
	at java.util.Spliterators$IteratorSpliterator.forEachRemaining(Spliterators.java:1801)
	at java.util.stream.AbstractPipeline.copyInto(AbstractPipeline.java:482)
	at java.util.stream.AbstractPipeline.wrapAndCopyInto(AbstractPipeline.java:472)
	at java.util.stream.ForEachOps$ForEachOp.evaluateSequential(ForEachOps.java:150)
	at java.util.stream.ForEachOps$ForEachOp$OfRef.evaluateSequential(ForEachOps.java:173)
	at java.util.stream.AbstractPipeline.evaluate(AbstractPipeline.java:234)
	at java.util.stream.ReferencePipeline.forEach(ReferencePipeline.java:485)
	at org.junit.vintage.engine.VintageTestEngine.executeAllChildren(VintageTestEngine.java:82)
	at org.junit.vintage.engine.VintageTestEngine.execute(VintageTestEngine.java:73)
	at org.junit.platform.launcher.core.DefaultLauncher.execute(DefaultLauncher.java:248)
	at org.junit.platform.launcher.core.DefaultLauncher.lambda$execute$5(DefaultLauncher.java:211)
	at org.junit.platform.launcher.core.DefaultLauncher.withInterceptedStreams(DefaultLauncher.java:226)
	at org.junit.platform.launcher.core.DefaultLauncher.execute(DefaultLauncher.java:199)
	at org.junit.platform.launcher.core.DefaultLauncher.execute(DefaultLauncher.java:132)
	at org.apache.maven.surefire.junitplatform.JUnitPlatformProvider.invokeAllTests(JUnitPlatformProvider.java:154)
	at org.apache.maven.surefire.junitplatform.JUnitPlatformProvider.invoke(JUnitPlatformProvider.java:123)
	at org.apache.maven.surefire.booter.ForkedBooter.runSuitesInProcess(ForkedBooter.java:377)
	at org.apache.maven.surefire.booter.ForkedBooter.execute(ForkedBooter.java:138)
	at org.apache.maven.surefire.booter.ForkedBooter.run(ForkedBooter.java:465)
	at org.apache.maven.surefire.booter.ForkedBooter.main(ForkedBooter.java:451)
]]></failure>
    <system-err><![CDATA[2024-04-24T08:08:50,344 ERROR [main] cli.TestHiveCli: Failed to execute command due to the error: java.lang.NullPointerException: Null output stream
2024-04-24T08:08:50,399  WARN [main] conf.HiveConf: HiveConf of name hive.dummyparam.test.server.specific.config.override does not exist
2024-04-24T08:08:50,399  WARN [main] conf.HiveConf: HiveConf of name hive.dummyparam.test.server.specific.config.metastoresite does not exist
2024-04-24T08:08:50,400  WARN [main] conf.HiveConf: HiveConf of name hive.dummyparam.test.server.specific.config.hiveserver2site does not exist
2024-04-24T08:08:50,400  INFO [main] SessionState: Hive Session ID = dc0938c2-ce97-4e32-b365-430e88ccaf1e
2024-04-24T08:08:50,401  INFO [main] DependencyResolver: ivysettings.xml file not found in HIVE_HOME or HIVE_CONF_DIR,/home/alex/Repositories/hive/conf/ivysettings.xml will be used
2024-04-24T08:08:50,408  INFO [main] session.SessionState: Created HDFS directory: /tmp/hive/alex/dc0938c2-ce97-4e32-b365-430e88ccaf1e
2024-04-24T08:08:50,411  INFO [main] session.SessionState: Created local directory: /home/alex/Repositories/hive/beeline/target/tmp/alex/dc0938c2-ce97-4e32-b365-430e88ccaf1e
2024-04-24T08:08:50,414  INFO [main] session.SessionState: Created HDFS directory: /tmp/hive/alex/dc0938c2-ce97-4e32-b365-430e88ccaf1e/_tmp_space.db
2024-04-24T08:08:50,415  INFO [main] sqlstd.SQLStdHiveAccessController: Created SQLStdHiveAccessController for session context : HiveAuthzSessionContext [sessionString=dc0938c2-ce97-4e32-b365-430e88ccaf1e, clientType=HIVESERVER2]
2024-04-24T08:08:50,417  INFO [main] metastore.HiveMetaStoreClient: HMS client filtering is enabled.
2024-04-24T08:08:50,418  INFO [main] metastore.HMSHandler: 0: Opening raw store with implementation class:org.apache.hadoop.hive.metastore.ObjectStore
2024-04-24T08:08:50,418  INFO [main] metastore.PersistenceManagerProvider: Configuration datanucleus.autoStartMechanismMode is not set. Defaulting to 'ignored'
2024-04-24T08:08:50,418  INFO [main] metastore.ObjectStore: RawStore: org.apache.hadoop.hive.metastore.ObjectStore@77c692b4, with PersistenceManager: null will be shutdown
2024-04-24T08:08:50,419  INFO [main] metastore.ObjectStore: RawStore: org.apache.hadoop.hive.metastore.ObjectStore@77c692b4, with PersistenceManager: org.datanucleus.api.jdo.JDOPersistenceManager@5fa0141f created in the thread with id: 1
2024-04-24T08:08:50,422  INFO [main] metastore.HMSHandler: Created RawStore: org.apache.hadoop.hive.metastore.ObjectStore@77c692b4 from thread id: 1
2024-04-24T08:08:50,423  INFO [main] metastore.HMSHandler: HMS server filtering is disabled by configuration
2024-04-24T08:08:50,423  INFO [main] metastore.RetryingMetaStoreClient: RetryingMetaStoreClient proxy=class org.apache.hadoop.hive.ql.metadata.SessionHiveMetaStoreClient ugi=alex (auth:SIMPLE) retries=1 delay=1 lifetime=0
2024-04-24T08:08:50,423  INFO [main] service.CompositeService: Operation log root directory is created: /home/alex/Repositories/hive/beeline/target/tmp/alex/operation_logs
2024-04-24T08:08:50,424  INFO [main] service.CompositeService: HiveServer2: Background operation thread pool size: 100
2024-04-24T08:08:50,424  INFO [main] service.CompositeService: HiveServer2: Background operation thread wait queue size: 100
2024-04-24T08:08:50,424  INFO [main] service.CompositeService: HiveServer2: Background operation thread keepalive time: 10 seconds
2024-04-24T08:08:50,424  INFO [main] service.CompositeService: Connections limit are user: 0 ipaddress: 0 user-ipaddress: 0
2024-04-24T08:08:50,425  INFO [main] cleanup.EventualCleanupService: EventualCleanupService started with 10 threads and queue of size 10000
ERROR StatusLogger Log4j2 ConfigurationScheduler attempted to increment scheduled items after start
ERROR StatusLogger Log4j2 ConfigurationScheduler attempted to increment scheduled items after start
2024-04-24T08:08:50,427  INFO [main] service.AbstractService: Service:OperationManager is inited.
2024-04-24T08:08:50,427  INFO [main] service.AbstractService: Service:SessionManager is inited.
2024-04-24T08:08:50,427  INFO [main] service.AbstractService: Service:CLIService is inited.
2024-04-24T08:08:50,427  INFO [main] service.AbstractService: Service:OperationManager is started.
2024-04-24T08:08:50,427  INFO [main] service.AbstractService: Service:SessionManager is started.
2024-04-24T08:08:50,427  INFO [main] service.AbstractService: Service:CLIService is started.
2024-04-24T08:08:50,427  INFO [main] service.AbstractService: Service:ThriftBinaryCLIService is inited.
2024-04-24T08:08:50,427  INFO [main] thrift.ThriftCLIService: Client protocol version: HIVE_CLI_SERVICE_PROTOCOL_V10
2024-04-24T08:08:50,427  INFO [main] thrift.ThriftCLIService: Creating Hive session handle for user [null] from IP null
2024-04-24T08:08:50,429  INFO [main] DependencyResolver: ivysettings.xml file not found in HIVE_HOME or HIVE_CONF_DIR,/home/alex/Repositories/hive/conf/ivysettings.xml will be used
2024-04-24T08:08:50,436  INFO [main] session.SessionState: Created HDFS directory: /tmp/hive/alex/c168518b-5f15-40d5-b247-1142e6c63b0b
2024-04-24T08:08:50,456  INFO [main] session.SessionState: Created local directory: /home/alex/Repositories/hive/beeline/target/tmp/alex/c168518b-5f15-40d5-b247-1142e6c63b0b
2024-04-24T08:08:50,461  INFO [main] session.SessionState: Created HDFS directory: /tmp/hive/alex/c168518b-5f15-40d5-b247-1142e6c63b0b/_tmp_space.db
2024-04-24T08:08:50,461  INFO [main] session.SessionState: Reloading auxiliary JAR files
2024-04-24T08:08:50,461  WARN [main] session.SessionState: Configuration hive.reloadable.aux.jars.path not specified
2024-04-24T08:08:50,462  INFO [main] HiveMetaStore.audit: ugi=alex	ip=unknown-ip-addr	cmd=Cleaning up thread local RawStore...	
2024-04-24T08:08:50,462  INFO [main] metastore.ObjectStore: RawStore: org.apache.hadoop.hive.metastore.ObjectStore@77c692b4, with PersistenceManager: org.datanucleus.api.jdo.JDOPersistenceManager@5fa0141f will be shutdown
2024-04-24T08:08:50,462  INFO [main] HiveMetaStore.audit: ugi=alex	ip=unknown-ip-addr	cmd=Done cleaning up thread local RawStore	
2024-04-24T08:08:50,462  INFO [main] metastore.HiveMetaStoreClient: Closed a connection to metastore, current connections: -16
2024-04-24T08:08:50,462  INFO [main] session.HiveSessionImpl: Operation log session directory is created: /home/alex/Repositories/hive/beeline/target/tmp/alex/operation_logs/c168518b-5f15-40d5-b247-1142e6c63b0b
2024-04-24T08:08:50,462  INFO [main] service.CompositeService: Session opened, SessionHandle [c168518b-5f15-40d5-b247-1142e6c63b0b], current sessions:1
2024-04-24T08:08:50,462  INFO [main] thrift.ThriftCLIService: Login attempt is successful for user : null
2024-04-24T08:08:50,510  WARN [main] conf.HiveConf: HiveConf of name hive.dummyparam.test.server.specific.config.hiveserver2site does not exist
2024-04-24T08:08:50,510  WARN [main] conf.HiveConf: HiveConf of name hive.dummyparam.test.server.specific.config.override does not exist
2024-04-24T08:08:50,511  WARN [main] conf.HiveConf: HiveConf of name hive.dummyparam.test.server.specific.config.metastoresite does not exist
2024-04-24T08:08:50,511  INFO [c168518b-5f15-40d5-b247-1142e6c63b0b main] session.HiveSessionImpl: executing set
2024-04-24T08:08:50,513  INFO [c168518b-5f15-40d5-b247-1142e6c63b0b main] operation.HiveCommandOperation: Putting temp output to file /home/alex/Repositories/hive/beeline/target/tmp/alex/c168518b-5f15-40d5-b247-1142e6c63b0b1047420942400459347.pipeout and error output to file /home/alex/Repositories/hive/beeline/target/tmp/alex/c168518b-5f15-40d5-b247-1142e6c63b0b3607197532696172876.pipeout
2024-04-24T08:08:50,513  INFO [c168518b-5f15-40d5-b247-1142e6c63b0b main] operation.OperationManager: Adding operation: OperationHandle [opType=EXECUTE_STATEMENT, getHandleIdentifier()=1293e327-757a-480a-acb5-d99cac62792c] SessionHandle [c168518b-5f15-40d5-b247-1142e6c63b0b]
2024-04-24T08:08:50,513  INFO [c168518b-5f15-40d5-b247-1142e6c63b0b main] common.LogUtils: Thread context registration is done.
DEBUG StatusLogger Building Plugin[name=filter, class=org.apache.hadoop.hive.ql.log.LogDivertAppender$NameFilter].
DEBUG StatusLogger createFilter(loggingLevel="EXECUTION")
DEBUG StatusLogger Building Plugin[name=layout, class=org.apache.logging.log4j.core.layout.PatternLayout].
DEBUG StatusLogger PatternLayout$Builder(PatternSelector=null, pattern="%-5p : %m%n", header="null", charset="null", Configuration(HiveLog4j2Test), footer="null", disableAnsi="null", Replace=null, alwaysWriteExceptions="null", noConsoleNoAnsi="null")
DEBUG StatusLogger Building Plugin[name=appender, class=org.apache.hadoop.hive.ql.log.HushableRandomAccessFileAppender].
DEBUG StatusLogger createAppender(fileName="/home/alex/Repositories/hive/beeline/target/tmp/alex/operation_logs/c168518b-5f15-40d5-b247-1142e6c63b0b/alex_20240424080850_09005aca-9d13-4ee9-89cc-fc2c1c61af9a", append="null", name="query-file-appender", immediateFlush="null", bufferSize="null", ignoreExceptions="null", PatternLayout(org.apache.logging.log4j.core.layout.PatternLayout with name PatternLayout), NameFilter(org.apache.hadoop.hive.ql.log.LogDivertAppender$NameFilter with name NameFilter), advertise="null", advertiseURI="null", Configuration(HiveLog4j2Test))
DEBUG StatusLogger Starting RandomAccessFileManager /home/alex/Repositories/hive/beeline/target/tmp/alex/operation_logs/c168518b-5f15-40d5-b247-1142e6c63b0b/alex_20240424080850_09005aca-9d13-4ee9-89cc-fc2c1c61af9a
DEBUG StatusLogger Building Plugin[name=, class=org.apache.hadoop.hive.ql.log.LogDivertAppenderForTest$TestFilter].
DEBUG StatusLogger createFilter()
DEBUG StatusLogger Building Plugin[name=, class=org.apache.logging.log4j.core.layout.PatternLayout].
DEBUG StatusLogger PatternLayout$Builder(header="null", PatternSelector=null, Configuration(HiveLog4j2Test), alwaysWriteExceptions="null", charset="null", disableAnsi="null", footer="null", Replace=null, pattern="%-5p : %m%n", noConsoleNoAnsi="null")
DEBUG StatusLogger Building Plugin[name=appender, class=org.apache.hadoop.hive.ql.log.HushableRandomAccessFileAppender].
DEBUG StatusLogger createAppender(fileName="/home/alex/Repositories/hive/beeline/target/tmp/alex/operation_logs/c168518b-5f15-40d5-b247-1142e6c63b0b/alex_20240424080850_09005aca-9d13-4ee9-89cc-fc2c1c61af9a.test", append="null", name="test-query-file-appender", immediateFlush="null", bufferSize="null", ignoreExceptions="null", PatternLayout(org.apache.logging.log4j.core.layout.PatternLayout with name PatternLayout), test-filter(org.apache.hadoop.hive.ql.log.LogDivertAppenderForTest$TestFilter with name test-filter), advertise="null", advertiseURI="null", Configuration(HiveLog4j2Test))
DEBUG StatusLogger Starting RandomAccessFileManager /home/alex/Repositories/hive/beeline/target/tmp/alex/operation_logs/c168518b-5f15-40d5-b247-1142e6c63b0b/alex_20240424080850_09005aca-9d13-4ee9-89cc-fc2c1c61af9a.test
2024-04-24T08:08:50,521  INFO [c168518b-5f15-40d5-b247-1142e6c63b0b main] operation.HiveCommandOperation: [opType=EXECUTE_STATEMENT, queryId=alex_20240424080850_09005aca-9d13-4ee9-89cc-fc2c1c61af9a, startTime=1713971330511, sessionId=c168518b-5f15-40d5-b247-1142e6c63b0b, createTime=1713971330427, userName=null, ipAddress=null]
2024-04-24T08:08:50,643  INFO [c168518b-5f15-40d5-b247-1142e6c63b0b main] common.LogUtils: Unregistered logging context.
2024-04-24T08:08:50,646  INFO [c168518b-5f15-40d5-b247-1142e6c63b0b main] operation.OperationManager: Closing operation: OperationHandle [opType=EXECUTE_STATEMENT, getHandleIdentifier()=1293e327-757a-480a-acb5-d99cac62792c]
2024-04-24T08:08:50,646  INFO [c168518b-5f15-40d5-b247-1142e6c63b0b main] operation.OperationManager: Removed queryId: alex_20240424080850_09005aca-9d13-4ee9-89cc-fc2c1c61af9a corresponding to operation: OperationHandle [opType=EXECUTE_STATEMENT, getHandleIdentifier()=1293e327-757a-480a-acb5-d99cac62792c] with tag: null
2024-04-24T08:08:50,646  INFO [c168518b-5f15-40d5-b247-1142e6c63b0b main] operation.HiveCommandOperation: Closing operation log /home/alex/Repositories/hive/beeline/target/tmp/alex/operation_logs/c168518b-5f15-40d5-b247-1142e6c63b0b/alex_20240424080850_09005aca-9d13-4ee9-89cc-fc2c1c61af9a without delay
2024-04-24T08:08:50,654  INFO [c168518b-5f15-40d5-b247-1142e6c63b0b main] session.HiveSessionImpl: executing create database if not exists testDB
2024-04-24T08:08:50,657  INFO [c168518b-5f15-40d5-b247-1142e6c63b0b main] operation.OperationManager: Adding operation: OperationHandle [opType=EXECUTE_STATEMENT, getHandleIdentifier()=6353dfcc-1066-425a-b367-298693644ca6] SessionHandle [c168518b-5f15-40d5-b247-1142e6c63b0b]
2024-04-24T08:08:50,657  INFO [c168518b-5f15-40d5-b247-1142e6c63b0b main] common.LogUtils: Thread context registration is done.
DEBUG StatusLogger Building Plugin[name=filter, class=org.apache.hadoop.hive.ql.log.LogDivertAppender$NameFilter].
DEBUG StatusLogger createFilter(loggingLevel="EXECUTION")
DEBUG StatusLogger Building Plugin[name=layout, class=org.apache.logging.log4j.core.layout.PatternLayout].
DEBUG StatusLogger PatternLayout$Builder(disableAnsi="null", charset="null", noConsoleNoAnsi="null", Replace=null, pattern="%-5p : %m%n", footer="null", Configuration(HiveLog4j2Test), PatternSelector=null, alwaysWriteExceptions="null", header="null")
DEBUG StatusLogger Building Plugin[name=appender, class=org.apache.hadoop.hive.ql.log.HushableRandomAccessFileAppender].
DEBUG StatusLogger createAppender(fileName="/home/alex/Repositories/hive/beeline/target/tmp/alex/operation_logs/c168518b-5f15-40d5-b247-1142e6c63b0b/alex_20240424080850_2c22f222-0b23-41d4-aa4c-5da32d739623", append="null", name="query-file-appender", immediateFlush="null", bufferSize="null", ignoreExceptions="null", PatternLayout(org.apache.logging.log4j.core.layout.PatternLayout with name PatternLayout), NameFilter(org.apache.hadoop.hive.ql.log.LogDivertAppender$NameFilter with name NameFilter), advertise="null", advertiseURI="null", Configuration(HiveLog4j2Test))
DEBUG StatusLogger Starting RandomAccessFileManager /home/alex/Repositories/hive/beeline/target/tmp/alex/operation_logs/c168518b-5f15-40d5-b247-1142e6c63b0b/alex_20240424080850_2c22f222-0b23-41d4-aa4c-5da32d739623
DEBUG StatusLogger Building Plugin[name=, class=org.apache.hadoop.hive.ql.log.LogDivertAppenderForTest$TestFilter].
DEBUG StatusLogger createFilter()
DEBUG StatusLogger Building Plugin[name=, class=org.apache.logging.log4j.core.layout.PatternLayout].
DEBUG StatusLogger PatternLayout$Builder(noConsoleNoAnsi="null", PatternSelector=null, Configuration(HiveLog4j2Test), alwaysWriteExceptions="null", disableAnsi="null", footer="null", charset="null", header="null", pattern="%-5p : %m%n", Replace=null)
DEBUG StatusLogger Building Plugin[name=appender, class=org.apache.hadoop.hive.ql.log.HushableRandomAccessFileAppender].
DEBUG StatusLogger createAppender(fileName="/home/alex/Repositories/hive/beeline/target/tmp/alex/operation_logs/c168518b-5f15-40d5-b247-1142e6c63b0b/alex_20240424080850_2c22f222-0b23-41d4-aa4c-5da32d739623.test", append="null", name="test-query-file-appender", immediateFlush="null", bufferSize="null", ignoreExceptions="null", PatternLayout(org.apache.logging.log4j.core.layout.PatternLayout with name PatternLayout), test-filter(org.apache.hadoop.hive.ql.log.LogDivertAppenderForTest$TestFilter with name test-filter), advertise="null", advertiseURI="null", Configuration(HiveLog4j2Test))
DEBUG StatusLogger Starting RandomAccessFileManager /home/alex/Repositories/hive/beeline/target/tmp/alex/operation_logs/c168518b-5f15-40d5-b247-1142e6c63b0b/alex_20240424080850_2c22f222-0b23-41d4-aa4c-5da32d739623.test
2024-04-24T08:08:50,666  INFO [c168518b-5f15-40d5-b247-1142e6c63b0b main] operation.SQLOperation: [opType=EXECUTE_STATEMENT, queryId=alex_20240424080850_2c22f222-0b23-41d4-aa4c-5da32d739623, startTime=1713971330655, sessionId=c168518b-5f15-40d5-b247-1142e6c63b0b, createTime=1713971330427, userName=null, ipAddress=null]
2024-04-24T08:08:50,667  INFO [c168518b-5f15-40d5-b247-1142e6c63b0b main] ql.Driver: Compiling command(queryId=alex_20240424080850_2c22f222-0b23-41d4-aa4c-5da32d739623): create database if not exists testDB
2024-04-24T08:08:50,669  INFO [c168518b-5f15-40d5-b247-1142e6c63b0b main] metastore.HiveMetaStoreClient: HMS client filtering is enabled.
2024-04-24T08:08:50,670  INFO [c168518b-5f15-40d5-b247-1142e6c63b0b main] metastore.HMSHandler: 0: Opening raw store with implementation class:org.apache.hadoop.hive.metastore.ObjectStore
2024-04-24T08:08:50,670  INFO [c168518b-5f15-40d5-b247-1142e6c63b0b main] metastore.PersistenceManagerProvider: Configuration datanucleus.autoStartMechanismMode is not set. Defaulting to 'ignored'
2024-04-24T08:08:50,670  INFO [c168518b-5f15-40d5-b247-1142e6c63b0b main] metastore.ObjectStore: RawStore: org.apache.hadoop.hive.metastore.ObjectStore@68d8eb4f, with PersistenceManager: null will be shutdown
2024-04-24T08:08:50,671  INFO [c168518b-5f15-40d5-b247-1142e6c63b0b main] metastore.ObjectStore: RawStore: org.apache.hadoop.hive.metastore.ObjectStore@68d8eb4f, with PersistenceManager: org.datanucleus.api.jdo.JDOPersistenceManager@64757d56 created in the thread with id: 1
2024-04-24T08:08:50,676  INFO [c168518b-5f15-40d5-b247-1142e6c63b0b main] metastore.HMSHandler: Created RawStore: org.apache.hadoop.hive.metastore.ObjectStore@68d8eb4f from thread id: 1
2024-04-24T08:08:50,676  INFO [c168518b-5f15-40d5-b247-1142e6c63b0b main] metastore.HMSHandler: HMS server filtering is disabled by configuration
2024-04-24T08:08:50,676  INFO [c168518b-5f15-40d5-b247-1142e6c63b0b main] metastore.RetryingMetaStoreClient: RetryingMetaStoreClient proxy=class org.apache.hadoop.hive.ql.metadata.SessionHiveMetaStoreClient ugi=alex (auth:SIMPLE) retries=1 delay=1 lifetime=0
2024-04-24T08:08:50,677  INFO [c168518b-5f15-40d5-b247-1142e6c63b0b main] ql.Driver: Semantic Analysis Completed (retrial = false)
2024-04-24T08:08:50,677  INFO [c168518b-5f15-40d5-b247-1142e6c63b0b main] ql.Driver: Created Hive schema: Schema(fieldSchemas:null, properties:null)
2024-04-24T08:08:50,677  INFO [c168518b-5f15-40d5-b247-1142e6c63b0b main] metadata.Hive: Dumping metastore api call timing information for : compilation phase
2024-04-24T08:08:50,677  INFO [c168518b-5f15-40d5-b247-1142e6c63b0b main] metadata.Hive: Total time spent in each metastore function (ms): {flushCache_()=0, isCompatibleWith_(Configuration)=1}
2024-04-24T08:08:50,677  INFO [c168518b-5f15-40d5-b247-1142e6c63b0b main] ql.Driver: Completed compiling command(queryId=alex_20240424080850_2c22f222-0b23-41d4-aa4c-5da32d739623); Time taken: 0.01 seconds
2024-04-24T08:08:50,679  INFO [HiveServer2-Background-Pool: Thread-298] common.LogUtils: Thread context registration is done.
2024-04-24T08:08:50,679  INFO [c168518b-5f15-40d5-b247-1142e6c63b0b main] common.LogUtils: Unregistered logging context.
2024-04-24T08:08:50,679  INFO [HiveServer2-Background-Pool: Thread-298] reexec.ReExecDriver: Execution #1 of query
2024-04-24T08:08:50,679  INFO [HiveServer2-Background-Pool: Thread-298] ql.Driver: Concurrency mode is disabled, not creating a lock manager
2024-04-24T08:08:50,680  INFO [HiveServer2-Background-Pool: Thread-298] ql.Driver: Executing command(queryId=alex_20240424080850_2c22f222-0b23-41d4-aa4c-5da32d739623): create database if not exists testDB
2024-04-24T08:08:50,681  INFO [HiveServer2-Background-Pool: Thread-298] ql.Driver: Starting task [Stage-0:DDL] in serial mode
2024-04-24T08:08:50,681  INFO [HiveServer2-Background-Pool: Thread-298] sqlstd.SQLStdHiveAccessController: Created SQLStdHiveAccessController for session context : HiveAuthzSessionContext [sessionString=c168518b-5f15-40d5-b247-1142e6c63b0b, clientType=HIVESERVER2]
2024-04-24T08:08:50,682  WARN [HiveServer2-Background-Pool: Thread-298] exec.DDLTask: metastore.warehouse.external.dir is not set, falling back to metastore.warehouse.dir. This could cause external tables to use to managed tablespace.
2024-04-24T08:08:50,683  INFO [HiveServer2-Background-Pool: Thread-298] HiveMetaStore.audit: ugi=alex	ip=unknown-ip-addr	cmd=create_database: Database(name:testDB, description:null, locationUri:file:/home/alex/Repositories/hive/beeline/target/tmp/warehouse/testdb.db, parameters:null, ownerName:alex, ownerType:USER, catalogName:hive, type:NATIVE)	
2024-04-24T08:08:50,684  INFO [HiveServer2-Background-Pool: Thread-298] metastore.HMSHandler: 12: Opening raw store with implementation class:org.apache.hadoop.hive.metastore.ObjectStore
2024-04-24T08:08:50,685  INFO [HiveServer2-Background-Pool: Thread-298] metastore.ObjectStore: RawStore: org.apache.hadoop.hive.metastore.ObjectStore@45ae0c3, with PersistenceManager: null will be shutdown
2024-04-24T08:08:50,685  INFO [HiveServer2-Background-Pool: Thread-298] metastore.ObjectStore: RawStore: org.apache.hadoop.hive.metastore.ObjectStore@45ae0c3, with PersistenceManager: org.datanucleus.api.jdo.JDOPersistenceManager@41587e2c created in the thread with id: 298
2024-04-24T08:08:50,689  INFO [HiveServer2-Background-Pool: Thread-298] metastore.HMSHandler: Created RawStore: org.apache.hadoop.hive.metastore.ObjectStore@45ae0c3 from thread id: 298
2024-04-24T08:08:50,691 ERROR [HiveServer2-Background-Pool: Thread-298] metastore.RetryingHMSHandler: AlreadyExistsException(message:Database testDB already exists)
	at org.apache.hadoop.hive.metastore.HMSHandler.create_database(HMSHandler.java:1472)
	at sun.reflect.NativeMethodAccessorImpl.invoke0(Native Method)
	at sun.reflect.NativeMethodAccessorImpl.invoke(NativeMethodAccessorImpl.java:62)
	at sun.reflect.DelegatingMethodAccessorImpl.invoke(DelegatingMethodAccessorImpl.java:43)
	at java.lang.reflect.Method.invoke(Method.java:498)
	at org.apache.hadoop.hive.metastore.RetryingHMSHandler.invokeInternal(RetryingHMSHandler.java:147)
	at org.apache.hadoop.hive.metastore.RetryingHMSHandler.invoke(RetryingHMSHandler.java:108)
	at com.sun.proxy.$Proxy40.create_database(Unknown Source)
	at org.apache.hadoop.hive.metastore.HiveMetaStoreClient.createDatabase(HiveMetaStoreClient.java:1151)
	at sun.reflect.NativeMethodAccessorImpl.invoke0(Native Method)
	at sun.reflect.NativeMethodAccessorImpl.invoke(NativeMethodAccessorImpl.java:62)
	at sun.reflect.DelegatingMethodAccessorImpl.invoke(DelegatingMethodAccessorImpl.java:43)
	at java.lang.reflect.Method.invoke(Method.java:498)
	at org.apache.hadoop.hive.metastore.RetryingMetaStoreClient.invoke(RetryingMetaStoreClient.java:218)
	at com.sun.proxy.$Proxy41.createDatabase(Unknown Source)
	at org.apache.hadoop.hive.ql.metadata.Hive.createDatabase(Hive.java:605)
	at org.apache.hadoop.hive.ql.ddl.database.create.CreateDatabaseOperation.execute(CreateDatabaseOperation.java:68)
	at org.apache.hadoop.hive.ql.ddl.DDLTask.execute(DDLTask.java:84)
	at org.apache.hadoop.hive.ql.exec.Task.executeTask(Task.java:212)
	at org.apache.hadoop.hive.ql.exec.TaskRunner.runSequential(TaskRunner.java:105)
	at org.apache.hadoop.hive.ql.Executor.launchTask(Executor.java:361)
	at org.apache.hadoop.hive.ql.Executor.launchTasks(Executor.java:334)
	at org.apache.hadoop.hive.ql.Executor.runTasks(Executor.java:245)
	at org.apache.hadoop.hive.ql.Executor.execute(Executor.java:108)
	at org.apache.hadoop.hive.ql.Driver.execute(Driver.java:348)
	at org.apache.hadoop.hive.ql.Driver.runInternal(Driver.java:204)
	at org.apache.hadoop.hive.ql.Driver.run(Driver.java:153)
	at org.apache.hadoop.hive.ql.Driver.run(Driver.java:148)
	at org.apache.hadoop.hive.ql.reexec.ReExecDriver.run(ReExecDriver.java:164)
	at org.apache.hive.service.cli.operation.SQLOperation.runQuery(SQLOperation.java:233)
	at org.apache.hive.service.cli.operation.SQLOperation.access$500(SQLOperation.java:88)
	at org.apache.hive.service.cli.operation.SQLOperation$BackgroundWork$1.run(SQLOperation.java:336)
	at java.security.AccessController.doPrivileged(Native Method)
	at javax.security.auth.Subject.doAs(Subject.java:422)
	at org.apache.hadoop.security.UserGroupInformation.doAs(UserGroupInformation.java:1682)
	at org.apache.hive.service.cli.operation.SQLOperation$BackgroundWork.run(SQLOperation.java:356)
	at java.util.concurrent.Executors$RunnableAdapter.call(Executors.java:511)
	at java.util.concurrent.FutureTask.run(FutureTask.java:266)
	at java.util.concurrent.ThreadPoolExecutor.runWorker(ThreadPoolExecutor.java:1149)
	at java.util.concurrent.ThreadPoolExecutor$Worker.run(ThreadPoolExecutor.java:624)
	at java.lang.Thread.run(Thread.java:750)

2024-04-24T08:08:50,691  INFO [HiveServer2-Background-Pool: Thread-298] metadata.Hive: Dumping metastore api call timing information for : execution phase
2024-04-24T08:08:50,692  INFO [HiveServer2-Background-Pool: Thread-298] metadata.Hive: Total time spent in each metastore function (ms): {isCompatibleWith_(Configuration)=0}
2024-04-24T08:08:50,692  INFO [HiveServer2-Background-Pool: Thread-298] ql.Driver: Completed executing command(queryId=alex_20240424080850_2c22f222-0b23-41d4-aa4c-5da32d739623); Time taken: 0.011 seconds
2024-04-24T08:08:50,693  INFO [HiveServer2-Background-Pool: Thread-298] common.LogUtils: Unregistered logging context.
2024-04-24T08:08:50,695  INFO [c168518b-5f15-40d5-b247-1142e6c63b0b main] operation.OperationManager: Closing operation: OperationHandle [opType=EXECUTE_STATEMENT, getHandleIdentifier()=6353dfcc-1066-425a-b367-298693644ca6]
2024-04-24T08:08:50,695  INFO [c168518b-5f15-40d5-b247-1142e6c63b0b main] operation.OperationManager: Removed queryId: alex_20240424080850_2c22f222-0b23-41d4-aa4c-5da32d739623 corresponding to operation: OperationHandle [opType=EXECUTE_STATEMENT, getHandleIdentifier()=6353dfcc-1066-425a-b367-298693644ca6] with tag: null
2024-04-24T08:08:50,695  INFO [c168518b-5f15-40d5-b247-1142e6c63b0b main] operation.SQLOperation: Closing operation log /home/alex/Repositories/hive/beeline/target/tmp/alex/operation_logs/c168518b-5f15-40d5-b247-1142e6c63b0b/alex_20240424080850_2c22f222-0b23-41d4-aa4c-5da32d739623 without delay
2024-04-24T08:08:50,700  INFO [c168518b-5f15-40d5-b247-1142e6c63b0b main] session.HiveSessionImpl: executing use default
2024-04-24T08:08:50,702  INFO [c168518b-5f15-40d5-b247-1142e6c63b0b main] operation.OperationManager: Adding operation: OperationHandle [opType=EXECUTE_STATEMENT, getHandleIdentifier()=2940d050-6c7d-4799-b2ab-a167bd5308c2] SessionHandle [c168518b-5f15-40d5-b247-1142e6c63b0b]
2024-04-24T08:08:50,702  INFO [c168518b-5f15-40d5-b247-1142e6c63b0b main] common.LogUtils: Thread context registration is done.
DEBUG StatusLogger Building Plugin[name=filter, class=org.apache.hadoop.hive.ql.log.LogDivertAppender$NameFilter].
DEBUG StatusLogger createFilter(loggingLevel="EXECUTION")
DEBUG StatusLogger Building Plugin[name=layout, class=org.apache.logging.log4j.core.layout.PatternLayout].
DEBUG StatusLogger PatternLayout$Builder(alwaysWriteExceptions="null", header="null", footer="null", pattern="%-5p : %m%n", charset="null", Replace=null, Configuration(HiveLog4j2Test), PatternSelector=null, disableAnsi="null", noConsoleNoAnsi="null")
DEBUG StatusLogger Building Plugin[name=appender, class=org.apache.hadoop.hive.ql.log.HushableRandomAccessFileAppender].
DEBUG StatusLogger createAppender(fileName="/home/alex/Repositories/hive/beeline/target/tmp/alex/operation_logs/c168518b-5f15-40d5-b247-1142e6c63b0b/alex_20240424080850_8416cccd-a59a-4077-94f1-0c8e496b7aa7", append="null", name="query-file-appender", immediateFlush="null", bufferSize="null", ignoreExceptions="null", PatternLayout(org.apache.logging.log4j.core.layout.PatternLayout with name PatternLayout), NameFilter(org.apache.hadoop.hive.ql.log.LogDivertAppender$NameFilter with name NameFilter), advertise="null", advertiseURI="null", Configuration(HiveLog4j2Test))
DEBUG StatusLogger Starting RandomAccessFileManager /home/alex/Repositories/hive/beeline/target/tmp/alex/operation_logs/c168518b-5f15-40d5-b247-1142e6c63b0b/alex_20240424080850_8416cccd-a59a-4077-94f1-0c8e496b7aa7
DEBUG StatusLogger Building Plugin[name=, class=org.apache.hadoop.hive.ql.log.LogDivertAppenderForTest$TestFilter].
DEBUG StatusLogger createFilter()
DEBUG StatusLogger Building Plugin[name=, class=org.apache.logging.log4j.core.layout.PatternLayout].
DEBUG StatusLogger PatternLayout$Builder(noConsoleNoAnsi="null", footer="null", Replace=null, disableAnsi="null", PatternSelector=null, header="null", charset="null", Configuration(HiveLog4j2Test), pattern="%-5p : %m%n", alwaysWriteExceptions="null")
DEBUG StatusLogger Building Plugin[name=appender, class=org.apache.hadoop.hive.ql.log.HushableRandomAccessFileAppender].
DEBUG StatusLogger createAppender(fileName="/home/alex/Repositories/hive/beeline/target/tmp/alex/operation_logs/c168518b-5f15-40d5-b247-1142e6c63b0b/alex_20240424080850_8416cccd-a59a-4077-94f1-0c8e496b7aa7.test", append="null", name="test-query-file-appender", immediateFlush="null", bufferSize="null", ignoreExceptions="null", PatternLayout(org.apache.logging.log4j.core.layout.PatternLayout with name PatternLayout), test-filter(org.apache.hadoop.hive.ql.log.LogDivertAppenderForTest$TestFilter with name test-filter), advertise="null", advertiseURI="null", Configuration(HiveLog4j2Test))
DEBUG StatusLogger Starting RandomAccessFileManager /home/alex/Repositories/hive/beeline/target/tmp/alex/operation_logs/c168518b-5f15-40d5-b247-1142e6c63b0b/alex_20240424080850_8416cccd-a59a-4077-94f1-0c8e496b7aa7.test
2024-04-24T08:08:50,710  INFO [c168518b-5f15-40d5-b247-1142e6c63b0b main] operation.SQLOperation: [opType=EXECUTE_STATEMENT, queryId=alex_20240424080850_8416cccd-a59a-4077-94f1-0c8e496b7aa7, startTime=1713971330700, sessionId=c168518b-5f15-40d5-b247-1142e6c63b0b, createTime=1713971330427, userName=null, ipAddress=null]
2024-04-24T08:08:50,711  INFO [c168518b-5f15-40d5-b247-1142e6c63b0b main] ql.Driver: Compiling command(queryId=alex_20240424080850_8416cccd-a59a-4077-94f1-0c8e496b7aa7): use default
2024-04-24T08:08:50,712  INFO [c168518b-5f15-40d5-b247-1142e6c63b0b main] HiveMetaStore.audit: ugi=alex	ip=unknown-ip-addr	cmd=get_database: default	
2024-04-24T08:08:50,714  INFO [c168518b-5f15-40d5-b247-1142e6c63b0b main] ql.Driver: Semantic Analysis Completed (retrial = false)
2024-04-24T08:08:50,714  INFO [c168518b-5f15-40d5-b247-1142e6c63b0b main] ql.Driver: Created Hive schema: Schema(fieldSchemas:null, properties:null)
2024-04-24T08:08:50,714  INFO [c168518b-5f15-40d5-b247-1142e6c63b0b main] metadata.Hive: Dumping metastore api call timing information for : compilation phase
2024-04-24T08:08:50,714  INFO [c168518b-5f15-40d5-b247-1142e6c63b0b main] metadata.Hive: Total time spent in each metastore function (ms): {isCompatibleWith_(Configuration)=0, getDatabase_(String)=2, flushCache_()=1}
2024-04-24T08:08:50,715  INFO [c168518b-5f15-40d5-b247-1142e6c63b0b main] ql.Driver: Completed compiling command(queryId=alex_20240424080850_8416cccd-a59a-4077-94f1-0c8e496b7aa7); Time taken: 0.003 seconds
2024-04-24T08:08:50,715  INFO [HiveServer2-Background-Pool: Thread-301] common.LogUtils: Thread context registration is done.
2024-04-24T08:08:50,715  INFO [c168518b-5f15-40d5-b247-1142e6c63b0b main] common.LogUtils: Unregistered logging context.
2024-04-24T08:08:50,715  INFO [HiveServer2-Background-Pool: Thread-301] reexec.ReExecDriver: Execution #1 of query
2024-04-24T08:08:50,716  INFO [HiveServer2-Background-Pool: Thread-301] ql.Driver: Concurrency mode is disabled, not creating a lock manager
2024-04-24T08:08:50,716  INFO [HiveServer2-Background-Pool: Thread-301] ql.Driver: Executing command(queryId=alex_20240424080850_8416cccd-a59a-4077-94f1-0c8e496b7aa7): use default
2024-04-24T08:08:50,717  INFO [HiveServer2-Background-Pool: Thread-301] ql.Driver: Starting task [Stage-0:DDL] in serial mode
2024-04-24T08:08:50,717  INFO [HiveServer2-Background-Pool: Thread-301] HiveMetaStore.audit: ugi=alex	ip=unknown-ip-addr	cmd=get_database: default	
2024-04-24T08:08:50,719  INFO [HiveServer2-Background-Pool: Thread-301] metastore.HMSHandler: 13: Opening raw store with implementation class:org.apache.hadoop.hive.metastore.ObjectStore
2024-04-24T08:08:50,719  INFO [HiveServer2-Background-Pool: Thread-301] metastore.ObjectStore: RawStore: org.apache.hadoop.hive.metastore.ObjectStore@1e523416, with PersistenceManager: null will be shutdown
2024-04-24T08:08:50,719  INFO [HiveServer2-Background-Pool: Thread-301] metastore.ObjectStore: RawStore: org.apache.hadoop.hive.metastore.ObjectStore@1e523416, with PersistenceManager: org.datanucleus.api.jdo.JDOPersistenceManager@5b50a9b8 created in the thread with id: 301
2024-04-24T08:08:50,723  INFO [HiveServer2-Background-Pool: Thread-301] metastore.HMSHandler: Created RawStore: org.apache.hadoop.hive.metastore.ObjectStore@1e523416 from thread id: 301
2024-04-24T08:08:50,725  INFO [HiveServer2-Background-Pool: Thread-301] HiveMetaStore.audit: ugi=alex	ip=unknown-ip-addr	cmd=get_database: default	
2024-04-24T08:08:50,726  INFO [HiveServer2-Background-Pool: Thread-301] metadata.Hive: Dumping metastore api call timing information for : execution phase
2024-04-24T08:08:50,726  INFO [HiveServer2-Background-Pool: Thread-301] metadata.Hive: Total time spent in each metastore function (ms): {isCompatibleWith_(Configuration)=0, getDatabase_(String)=9}
2024-04-24T08:08:50,726  INFO [HiveServer2-Background-Pool: Thread-301] ql.Driver: Completed executing command(queryId=alex_20240424080850_8416cccd-a59a-4077-94f1-0c8e496b7aa7); Time taken: 0.01 seconds
2024-04-24T08:08:50,727  INFO [HiveServer2-Background-Pool: Thread-301] common.LogUtils: Unregistered logging context.
2024-04-24T08:08:50,728  INFO [c168518b-5f15-40d5-b247-1142e6c63b0b main] operation.OperationManager: Closing operation: OperationHandle [opType=EXECUTE_STATEMENT, getHandleIdentifier()=2940d050-6c7d-4799-b2ab-a167bd5308c2]
2024-04-24T08:08:50,728  INFO [c168518b-5f15-40d5-b247-1142e6c63b0b main] operation.OperationManager: Removed queryId: alex_20240424080850_8416cccd-a59a-4077-94f1-0c8e496b7aa7 corresponding to operation: OperationHandle [opType=EXECUTE_STATEMENT, getHandleIdentifier()=2940d050-6c7d-4799-b2ab-a167bd5308c2] with tag: null
2024-04-24T08:08:50,728  INFO [c168518b-5f15-40d5-b247-1142e6c63b0b main] operation.SQLOperation: Closing operation log /home/alex/Repositories/hive/beeline/target/tmp/alex/operation_logs/c168518b-5f15-40d5-b247-1142e6c63b0b/alex_20240424080850_8416cccd-a59a-4077-94f1-0c8e496b7aa7 without delay
2024-04-24T08:08:50,732  INFO [main] service.CompositeService: Session closed, SessionHandle [c168518b-5f15-40d5-b247-1142e6c63b0b], current sessions:0
2024-04-24T08:08:50,733  INFO [c168518b-5f15-40d5-b247-1142e6c63b0b main] session.HiveSessionImpl: Operation log session directory is deleted: /home/alex/Repositories/hive/beeline/target/tmp/alex/operation_logs/c168518b-5f15-40d5-b247-1142e6c63b0b
2024-04-24T08:08:50,734  INFO [main] cleanup.EventualCleanupService: Delete /tmp/hive/alex/c168518b-5f15-40d5-b247-1142e6c63b0b operation was queued
2024-04-24T08:08:50,734  INFO [main] cleanup.EventualCleanupService: Delete /home/alex/Repositories/hive/beeline/target/tmp/alex/c168518b-5f15-40d5-b247-1142e6c63b0b operation was queued
2024-04-24T08:08:50,734  INFO [EventualCleanupService thread 1] cleanup.EventualCleanupService: Deleted /home/alex/Repositories/hive/beeline/target/tmp/alex/c168518b-5f15-40d5-b247-1142e6c63b0b
2024-04-24T08:08:50,734  INFO [EventualCleanupService thread 0] cleanup.EventualCleanupService: Deleted /tmp/hive/alex/c168518b-5f15-40d5-b247-1142e6c63b0b
2024-04-24T08:08:50,735  INFO [main] HiveMetaStore.audit: ugi=alex	ip=unknown-ip-addr	cmd=Cleaning up thread local RawStore...	
2024-04-24T08:08:50,735  INFO [main] metastore.ObjectStore: RawStore: org.apache.hadoop.hive.metastore.ObjectStore@68d8eb4f, with PersistenceManager: org.datanucleus.api.jdo.JDOPersistenceManager@64757d56 will be shutdown
2024-04-24T08:08:50,735  INFO [main] HiveMetaStore.audit: ugi=alex	ip=unknown-ip-addr	cmd=Done cleaning up thread local RawStore	
2024-04-24T08:08:50,735  INFO [main] metastore.HiveMetaStoreClient: Closed a connection to metastore, current connections: -17
]]></system-err>
  </testcase>
  <testcase name="testUseCurrentDB2" classname="org.apache.hive.beeline.cli.TestHiveCli" time="0.338">
    <failure type="java.lang.AssertionError"><![CDATA[java.lang.AssertionError: 
The expected keyword "hive (testDB)>" occur in the output: Connecting to jdbc:hive2://
Hive Session ID = cf6a8047-143e-49da-890b-7de78f545c5e
ivysettings.xml file not found in HIVE_HOME or HIVE_CONF_DIR,/home/alex/Repositories/hive/conf/ivysettings.xml will be used
ivysettings.xml file not found in HIVE_HOME or HIVE_CONF_DIR,/home/alex/Repositories/hive/conf/ivysettings.xml will be used
Connected to: Apache Hive (version 4.0.0-SNAPSHOT)
Error: Couldn't load manifest attributes. (state=,code=0)
Transaction isolation: TRANSACTION_REPEATABLE_READ
Beeline version ??? by Apache Hive
hive> create database if not exists testDB; set hive.cli.print.current.db=true;use
. . > testDB;
INFO  : Compiling command(queryId=alex_20240424080851_6bd4ca71-94f3-4023-bdbf-1e075b039bd2): create database if not exists testDB
INFO  : Semantic Analysis Completed (retrial = false)
INFO  : Created Hive schema: Schema(fieldSchemas:null, properties:null)
INFO  : Completed compiling command(queryId=alex_20240424080851_6bd4ca71-94f3-4023-bdbf-1e075b039bd2); Time taken: 0.007 seconds
INFO  : Concurrency mode is disabled, not creating a lock manager
INFO  : Executing command(queryId=alex_20240424080851_6bd4ca71-94f3-4023-bdbf-1e075b039bd2): create database if not exists testDB
INFO  : Starting task [Stage-0:DDL] in serial mode
DEBUG : Task getting executed using mapred tag : alex_20240424080851_6bd4ca71-94f3-4023-bdbf-1e075b039bd2,userid=null
INFO  : Completed executing command(queryId=alex_20240424080851_6bd4ca71-94f3-4023-bdbf-1e075b039bd2); Time taken: 0.01 seconds
DEBUG : Shutting down query create database if not exists testDB
Error: Failed to wait for operation to complete (state=08S01,code=0)
hive> use default;drop if exists testDB;
INFO  : Compiling command(queryId=alex_20240424080851_89082532-8586-4e3b-8907-e4fff1b5c37b): use default
INFO  : Semantic Analysis Completed (retrial = false)
INFO  : Created Hive schema: Schema(fieldSchemas:null, properties:null)
INFO  : Completed compiling command(queryId=alex_20240424080851_89082532-8586-4e3b-8907-e4fff1b5c37b); Time taken: 0.004 seconds
INFO  : Concurrency mode is disabled, not creating a lock manager
INFO  : Executing command(queryId=alex_20240424080851_89082532-8586-4e3b-8907-e4fff1b5c37b): use default
INFO  : Starting task [Stage-0:DDL] in serial mode
DEBUG : Task getting executed using mapred tag : alex_20240424080851_89082532-8586-4e3b-8907-e4fff1b5c37b,userid=null
INFO  : Completed executing command(queryId=alex_20240424080851_89082532-8586-4e3b-8907-e4fff1b5c37b); Time taken: 0.008 seconds
DEBUG : Shutting down query use default
Error: Failed to wait for operation to complete (state=08S01,code=0)
hive> Closing: 0: jdbc:hive2://

	at org.junit.Assert.fail(Assert.java:89)
	at org.junit.Assert.assertTrue(Assert.java:42)
	at org.apache.hive.beeline.cli.TestHiveCli.verifyCMD(TestHiveCli.java:270)
	at org.apache.hive.beeline.cli.TestHiveCli.testUseCurrentDB2(TestHiveCli.java:219)
	at sun.reflect.NativeMethodAccessorImpl.invoke0(Native Method)
	at sun.reflect.NativeMethodAccessorImpl.invoke(NativeMethodAccessorImpl.java:62)
	at sun.reflect.DelegatingMethodAccessorImpl.invoke(DelegatingMethodAccessorImpl.java:43)
	at java.lang.reflect.Method.invoke(Method.java:498)
	at org.junit.runners.model.FrameworkMethod$1.runReflectiveCall(FrameworkMethod.java:59)
	at org.junit.internal.runners.model.ReflectiveCallable.run(ReflectiveCallable.java:12)
	at org.junit.runners.model.FrameworkMethod.invokeExplosively(FrameworkMethod.java:56)
	at org.junit.internal.runners.statements.InvokeMethod.evaluate(InvokeMethod.java:17)
	at org.junit.internal.runners.statements.RunBefores.evaluate(RunBefores.java:26)
	at org.junit.internal.runners.statements.RunAfters.evaluate(RunAfters.java:27)
	at org.junit.runners.ParentRunner$3.evaluate(ParentRunner.java:306)
	at org.junit.runners.BlockJUnit4ClassRunner$1.evaluate(BlockJUnit4ClassRunner.java:100)
	at org.junit.runners.ParentRunner.runLeaf(ParentRunner.java:366)
	at org.junit.runners.BlockJUnit4ClassRunner.runChild(BlockJUnit4ClassRunner.java:103)
	at org.junit.runners.BlockJUnit4ClassRunner.runChild(BlockJUnit4ClassRunner.java:63)
	at org.junit.runners.ParentRunner$4.run(ParentRunner.java:331)
	at org.junit.runners.ParentRunner$1.schedule(ParentRunner.java:79)
	at org.junit.runners.ParentRunner.runChildren(ParentRunner.java:329)
	at org.junit.runners.ParentRunner.access$100(ParentRunner.java:66)
	at org.junit.runners.ParentRunner$2.evaluate(ParentRunner.java:293)
	at org.junit.internal.runners.statements.RunBefores.evaluate(RunBefores.java:26)
	at org.junit.runners.ParentRunner$3.evaluate(ParentRunner.java:306)
	at org.junit.runners.ParentRunner.run(ParentRunner.java:413)
	at org.junit.runner.JUnitCore.run(JUnitCore.java:137)
	at org.junit.runner.JUnitCore.run(JUnitCore.java:115)
	at org.junit.vintage.engine.execution.RunnerExecutor.execute(RunnerExecutor.java:43)
	at java.util.stream.ForEachOps$ForEachOp$OfRef.accept(ForEachOps.java:183)
	at java.util.stream.ReferencePipeline$3$1.accept(ReferencePipeline.java:193)
	at java.util.Iterator.forEachRemaining(Iterator.java:116)
	at java.util.Spliterators$IteratorSpliterator.forEachRemaining(Spliterators.java:1801)
	at java.util.stream.AbstractPipeline.copyInto(AbstractPipeline.java:482)
	at java.util.stream.AbstractPipeline.wrapAndCopyInto(AbstractPipeline.java:472)
	at java.util.stream.ForEachOps$ForEachOp.evaluateSequential(ForEachOps.java:150)
	at java.util.stream.ForEachOps$ForEachOp$OfRef.evaluateSequential(ForEachOps.java:173)
	at java.util.stream.AbstractPipeline.evaluate(AbstractPipeline.java:234)
	at java.util.stream.ReferencePipeline.forEach(ReferencePipeline.java:485)
	at org.junit.vintage.engine.VintageTestEngine.executeAllChildren(VintageTestEngine.java:82)
	at org.junit.vintage.engine.VintageTestEngine.execute(VintageTestEngine.java:73)
	at org.junit.platform.launcher.core.DefaultLauncher.execute(DefaultLauncher.java:248)
	at org.junit.platform.launcher.core.DefaultLauncher.lambda$execute$5(DefaultLauncher.java:211)
	at org.junit.platform.launcher.core.DefaultLauncher.withInterceptedStreams(DefaultLauncher.java:226)
	at org.junit.platform.launcher.core.DefaultLauncher.execute(DefaultLauncher.java:199)
	at org.junit.platform.launcher.core.DefaultLauncher.execute(DefaultLauncher.java:132)
	at org.apache.maven.surefire.junitplatform.JUnitPlatformProvider.invokeAllTests(JUnitPlatformProvider.java:154)
	at org.apache.maven.surefire.junitplatform.JUnitPlatformProvider.invoke(JUnitPlatformProvider.java:123)
	at org.apache.maven.surefire.booter.ForkedBooter.runSuitesInProcess(ForkedBooter.java:377)
	at org.apache.maven.surefire.booter.ForkedBooter.execute(ForkedBooter.java:138)
	at org.apache.maven.surefire.booter.ForkedBooter.run(ForkedBooter.java:465)
	at org.apache.maven.surefire.booter.ForkedBooter.main(ForkedBooter.java:451)
]]></failure>
    <system-err><![CDATA[2024-04-24T08:08:50,736 ERROR [main] cli.TestHiveCli: Failed to execute command due to the error: java.lang.NullPointerException: Null output stream
2024-04-24T08:08:50,783  WARN [main] conf.HiveConf: HiveConf of name hive.dummyparam.test.server.specific.config.hiveserver2site does not exist
2024-04-24T08:08:50,784  WARN [main] conf.HiveConf: HiveConf of name hive.dummyparam.test.server.specific.config.metastoresite does not exist
2024-04-24T08:08:50,784  WARN [main] conf.HiveConf: HiveConf of name hive.dummyparam.test.server.specific.config.override does not exist
2024-04-24T08:08:50,784  INFO [main] SessionState: Hive Session ID = cf6a8047-143e-49da-890b-7de78f545c5e
2024-04-24T08:08:50,785  INFO [main] DependencyResolver: ivysettings.xml file not found in HIVE_HOME or HIVE_CONF_DIR,/home/alex/Repositories/hive/conf/ivysettings.xml will be used
2024-04-24T08:08:50,792  INFO [main] session.SessionState: Created HDFS directory: /tmp/hive/alex/cf6a8047-143e-49da-890b-7de78f545c5e
2024-04-24T08:08:50,795  INFO [main] session.SessionState: Created local directory: /home/alex/Repositories/hive/beeline/target/tmp/alex/cf6a8047-143e-49da-890b-7de78f545c5e
2024-04-24T08:08:50,798  INFO [main] session.SessionState: Created HDFS directory: /tmp/hive/alex/cf6a8047-143e-49da-890b-7de78f545c5e/_tmp_space.db
2024-04-24T08:08:50,798  INFO [main] sqlstd.SQLStdHiveAccessController: Created SQLStdHiveAccessController for session context : HiveAuthzSessionContext [sessionString=cf6a8047-143e-49da-890b-7de78f545c5e, clientType=HIVESERVER2]
2024-04-24T08:08:50,800  INFO [main] metastore.HiveMetaStoreClient: HMS client filtering is enabled.
2024-04-24T08:08:50,801  INFO [main] metastore.HMSHandler: 0: Opening raw store with implementation class:org.apache.hadoop.hive.metastore.ObjectStore
2024-04-24T08:08:50,801  INFO [main] metastore.PersistenceManagerProvider: Configuration datanucleus.autoStartMechanismMode is not set. Defaulting to 'ignored'
2024-04-24T08:08:50,801  INFO [main] metastore.ObjectStore: RawStore: org.apache.hadoop.hive.metastore.ObjectStore@11bdab37, with PersistenceManager: null will be shutdown
2024-04-24T08:08:50,802  INFO [main] metastore.ObjectStore: RawStore: org.apache.hadoop.hive.metastore.ObjectStore@11bdab37, with PersistenceManager: org.datanucleus.api.jdo.JDOPersistenceManager@280484c7 created in the thread with id: 1
2024-04-24T08:08:50,804  INFO [main] metastore.HMSHandler: Created RawStore: org.apache.hadoop.hive.metastore.ObjectStore@11bdab37 from thread id: 1
2024-04-24T08:08:50,804  INFO [main] metastore.HMSHandler: HMS server filtering is disabled by configuration
2024-04-24T08:08:50,804  INFO [main] metastore.RetryingMetaStoreClient: RetryingMetaStoreClient proxy=class org.apache.hadoop.hive.ql.metadata.SessionHiveMetaStoreClient ugi=alex (auth:SIMPLE) retries=1 delay=1 lifetime=0
2024-04-24T08:08:50,805  INFO [main] service.CompositeService: Operation log root directory is created: /home/alex/Repositories/hive/beeline/target/tmp/alex/operation_logs
2024-04-24T08:08:50,805  INFO [main] service.CompositeService: HiveServer2: Background operation thread pool size: 100
2024-04-24T08:08:50,805  INFO [main] service.CompositeService: HiveServer2: Background operation thread wait queue size: 100
2024-04-24T08:08:50,805  INFO [main] service.CompositeService: HiveServer2: Background operation thread keepalive time: 10 seconds
2024-04-24T08:08:50,805  INFO [main] service.CompositeService: Connections limit are user: 0 ipaddress: 0 user-ipaddress: 0
2024-04-24T08:08:50,806  INFO [main] cleanup.EventualCleanupService: EventualCleanupService started with 10 threads and queue of size 10000
ERROR StatusLogger Log4j2 ConfigurationScheduler attempted to increment scheduled items after start
ERROR StatusLogger Log4j2 ConfigurationScheduler attempted to increment scheduled items after start
2024-04-24T08:08:50,808  INFO [main] service.AbstractService: Service:OperationManager is inited.
2024-04-24T08:08:50,808  INFO [main] service.AbstractService: Service:SessionManager is inited.
2024-04-24T08:08:50,808  INFO [main] service.AbstractService: Service:CLIService is inited.
2024-04-24T08:08:50,808  INFO [main] service.AbstractService: Service:OperationManager is started.
2024-04-24T08:08:50,808  INFO [main] service.AbstractService: Service:SessionManager is started.
2024-04-24T08:08:50,808  INFO [main] service.AbstractService: Service:CLIService is started.
2024-04-24T08:08:50,808  INFO [main] service.AbstractService: Service:ThriftBinaryCLIService is inited.
2024-04-24T08:08:50,808  INFO [main] thrift.ThriftCLIService: Client protocol version: HIVE_CLI_SERVICE_PROTOCOL_V10
2024-04-24T08:08:50,808  INFO [main] thrift.ThriftCLIService: Creating Hive session handle for user [null] from IP null
2024-04-24T08:08:50,811  INFO [main] DependencyResolver: ivysettings.xml file not found in HIVE_HOME or HIVE_CONF_DIR,/home/alex/Repositories/hive/conf/ivysettings.xml will be used
2024-04-24T08:08:50,818  INFO [main] session.SessionState: Created HDFS directory: /tmp/hive/alex/87b12984-7b9c-4c29-ad1a-a9a99fb63f7a
2024-04-24T08:08:50,821  INFO [main] session.SessionState: Created local directory: /home/alex/Repositories/hive/beeline/target/tmp/alex/87b12984-7b9c-4c29-ad1a-a9a99fb63f7a
2024-04-24T08:08:50,824  INFO [main] session.SessionState: Created HDFS directory: /tmp/hive/alex/87b12984-7b9c-4c29-ad1a-a9a99fb63f7a/_tmp_space.db
2024-04-24T08:08:50,824  INFO [main] session.SessionState: Reloading auxiliary JAR files
2024-04-24T08:08:50,824  WARN [main] session.SessionState: Configuration hive.reloadable.aux.jars.path not specified
2024-04-24T08:08:50,824  INFO [main] HiveMetaStore.audit: ugi=alex	ip=unknown-ip-addr	cmd=Cleaning up thread local RawStore...	
2024-04-24T08:08:50,824  INFO [main] metastore.ObjectStore: RawStore: org.apache.hadoop.hive.metastore.ObjectStore@11bdab37, with PersistenceManager: org.datanucleus.api.jdo.JDOPersistenceManager@280484c7 will be shutdown
2024-04-24T08:08:50,825  INFO [main] HiveMetaStore.audit: ugi=alex	ip=unknown-ip-addr	cmd=Done cleaning up thread local RawStore	
2024-04-24T08:08:50,825  INFO [main] metastore.HiveMetaStoreClient: Closed a connection to metastore, current connections: -18
2024-04-24T08:08:50,825  INFO [main] session.HiveSessionImpl: Operation log session directory is created: /home/alex/Repositories/hive/beeline/target/tmp/alex/operation_logs/87b12984-7b9c-4c29-ad1a-a9a99fb63f7a
2024-04-24T08:08:50,825  INFO [main] service.CompositeService: Session opened, SessionHandle [87b12984-7b9c-4c29-ad1a-a9a99fb63f7a], current sessions:1
2024-04-24T08:08:50,825  INFO [main] thrift.ThriftCLIService: Login attempt is successful for user : null
2024-04-24T08:08:50,870  WARN [main] conf.HiveConf: HiveConf of name hive.dummyparam.test.server.specific.config.override does not exist
2024-04-24T08:08:50,871  WARN [main] conf.HiveConf: HiveConf of name hive.dummyparam.test.server.specific.config.hiveserver2site does not exist
2024-04-24T08:08:50,871  WARN [main] conf.HiveConf: HiveConf of name hive.dummyparam.test.server.specific.config.metastoresite does not exist
2024-04-24T08:08:50,871  INFO [87b12984-7b9c-4c29-ad1a-a9a99fb63f7a main] session.HiveSessionImpl: executing set
2024-04-24T08:08:50,872  INFO [87b12984-7b9c-4c29-ad1a-a9a99fb63f7a main] operation.HiveCommandOperation: Putting temp output to file /home/alex/Repositories/hive/beeline/target/tmp/alex/87b12984-7b9c-4c29-ad1a-a9a99fb63f7a6042080986474460324.pipeout and error output to file /home/alex/Repositories/hive/beeline/target/tmp/alex/87b12984-7b9c-4c29-ad1a-a9a99fb63f7a2909058869001452124.pipeout
2024-04-24T08:08:50,872  INFO [87b12984-7b9c-4c29-ad1a-a9a99fb63f7a main] operation.OperationManager: Adding operation: OperationHandle [opType=EXECUTE_STATEMENT, getHandleIdentifier()=8e30c9c0-9f35-489f-89ba-2e2261749bf1] SessionHandle [87b12984-7b9c-4c29-ad1a-a9a99fb63f7a]
2024-04-24T08:08:50,873  INFO [87b12984-7b9c-4c29-ad1a-a9a99fb63f7a main] common.LogUtils: Thread context registration is done.
DEBUG StatusLogger Building Plugin[name=filter, class=org.apache.hadoop.hive.ql.log.LogDivertAppender$NameFilter].
DEBUG StatusLogger createFilter(loggingLevel="EXECUTION")
DEBUG StatusLogger Building Plugin[name=layout, class=org.apache.logging.log4j.core.layout.PatternLayout].
DEBUG StatusLogger PatternLayout$Builder(disableAnsi="null", Configuration(HiveLog4j2Test), pattern="%-5p : %m%n", header="null", PatternSelector=null, Replace=null, footer="null", charset="null", noConsoleNoAnsi="null", alwaysWriteExceptions="null")
DEBUG StatusLogger Building Plugin[name=appender, class=org.apache.hadoop.hive.ql.log.HushableRandomAccessFileAppender].
DEBUG StatusLogger createAppender(fileName="/home/alex/Repositories/hive/beeline/target/tmp/alex/operation_logs/87b12984-7b9c-4c29-ad1a-a9a99fb63f7a/alex_20240424080850_266a8697-ea94-4bc3-8c86-cfc0f6d0725c", append="null", name="query-file-appender", immediateFlush="null", bufferSize="null", ignoreExceptions="null", PatternLayout(org.apache.logging.log4j.core.layout.PatternLayout with name PatternLayout), NameFilter(org.apache.hadoop.hive.ql.log.LogDivertAppender$NameFilter with name NameFilter), advertise="null", advertiseURI="null", Configuration(HiveLog4j2Test))
DEBUG StatusLogger Starting RandomAccessFileManager /home/alex/Repositories/hive/beeline/target/tmp/alex/operation_logs/87b12984-7b9c-4c29-ad1a-a9a99fb63f7a/alex_20240424080850_266a8697-ea94-4bc3-8c86-cfc0f6d0725c
DEBUG StatusLogger Building Plugin[name=, class=org.apache.hadoop.hive.ql.log.LogDivertAppenderForTest$TestFilter].
DEBUG StatusLogger createFilter()
DEBUG StatusLogger Building Plugin[name=, class=org.apache.logging.log4j.core.layout.PatternLayout].
DEBUG StatusLogger PatternLayout$Builder(alwaysWriteExceptions="null", charset="null", noConsoleNoAnsi="null", disableAnsi="null", pattern="%-5p : %m%n", footer="null", PatternSelector=null, Replace=null, Configuration(HiveLog4j2Test), header="null")
DEBUG StatusLogger Building Plugin[name=appender, class=org.apache.hadoop.hive.ql.log.HushableRandomAccessFileAppender].
DEBUG StatusLogger createAppender(fileName="/home/alex/Repositories/hive/beeline/target/tmp/alex/operation_logs/87b12984-7b9c-4c29-ad1a-a9a99fb63f7a/alex_20240424080850_266a8697-ea94-4bc3-8c86-cfc0f6d0725c.test", append="null", name="test-query-file-appender", immediateFlush="null", bufferSize="null", ignoreExceptions="null", PatternLayout(org.apache.logging.log4j.core.layout.PatternLayout with name PatternLayout), test-filter(org.apache.hadoop.hive.ql.log.LogDivertAppenderForTest$TestFilter with name test-filter), advertise="null", advertiseURI="null", Configuration(HiveLog4j2Test))
DEBUG StatusLogger Starting RandomAccessFileManager /home/alex/Repositories/hive/beeline/target/tmp/alex/operation_logs/87b12984-7b9c-4c29-ad1a-a9a99fb63f7a/alex_20240424080850_266a8697-ea94-4bc3-8c86-cfc0f6d0725c.test
2024-04-24T08:08:50,880  INFO [87b12984-7b9c-4c29-ad1a-a9a99fb63f7a main] operation.HiveCommandOperation: [opType=EXECUTE_STATEMENT, queryId=alex_20240424080850_266a8697-ea94-4bc3-8c86-cfc0f6d0725c, startTime=1713971330871, sessionId=87b12984-7b9c-4c29-ad1a-a9a99fb63f7a, createTime=1713971330808, userName=null, ipAddress=null]
2024-04-24T08:08:50,985  INFO [87b12984-7b9c-4c29-ad1a-a9a99fb63f7a main] common.LogUtils: Unregistered logging context.
2024-04-24T08:08:50,987  INFO [87b12984-7b9c-4c29-ad1a-a9a99fb63f7a main] operation.OperationManager: Closing operation: OperationHandle [opType=EXECUTE_STATEMENT, getHandleIdentifier()=8e30c9c0-9f35-489f-89ba-2e2261749bf1]
2024-04-24T08:08:50,987  INFO [87b12984-7b9c-4c29-ad1a-a9a99fb63f7a main] operation.OperationManager: Removed queryId: alex_20240424080850_266a8697-ea94-4bc3-8c86-cfc0f6d0725c corresponding to operation: OperationHandle [opType=EXECUTE_STATEMENT, getHandleIdentifier()=8e30c9c0-9f35-489f-89ba-2e2261749bf1] with tag: null
2024-04-24T08:08:50,988  INFO [87b12984-7b9c-4c29-ad1a-a9a99fb63f7a main] operation.HiveCommandOperation: Closing operation log /home/alex/Repositories/hive/beeline/target/tmp/alex/operation_logs/87b12984-7b9c-4c29-ad1a-a9a99fb63f7a/alex_20240424080850_266a8697-ea94-4bc3-8c86-cfc0f6d0725c without delay
2024-04-24T08:08:51,002  INFO [87b12984-7b9c-4c29-ad1a-a9a99fb63f7a main] session.HiveSessionImpl: executing create database if not exists testDB
2024-04-24T08:08:51,004  INFO [87b12984-7b9c-4c29-ad1a-a9a99fb63f7a main] operation.OperationManager: Adding operation: OperationHandle [opType=EXECUTE_STATEMENT, getHandleIdentifier()=c5bc8def-2f64-40dd-a56a-8fdc9929f7ec] SessionHandle [87b12984-7b9c-4c29-ad1a-a9a99fb63f7a]
2024-04-24T08:08:51,004  INFO [87b12984-7b9c-4c29-ad1a-a9a99fb63f7a main] common.LogUtils: Thread context registration is done.
DEBUG StatusLogger Building Plugin[name=filter, class=org.apache.hadoop.hive.ql.log.LogDivertAppender$NameFilter].
DEBUG StatusLogger createFilter(loggingLevel="EXECUTION")
DEBUG StatusLogger Building Plugin[name=layout, class=org.apache.logging.log4j.core.layout.PatternLayout].
DEBUG StatusLogger PatternLayout$Builder(charset="null", pattern="%-5p : %m%n", PatternSelector=null, noConsoleNoAnsi="null", disableAnsi="null", header="null", Replace=null, footer="null", Configuration(HiveLog4j2Test), alwaysWriteExceptions="null")
DEBUG StatusLogger Building Plugin[name=appender, class=org.apache.hadoop.hive.ql.log.HushableRandomAccessFileAppender].
DEBUG StatusLogger createAppender(fileName="/home/alex/Repositories/hive/beeline/target/tmp/alex/operation_logs/87b12984-7b9c-4c29-ad1a-a9a99fb63f7a/alex_20240424080851_6bd4ca71-94f3-4023-bdbf-1e075b039bd2", append="null", name="query-file-appender", immediateFlush="null", bufferSize="null", ignoreExceptions="null", PatternLayout(org.apache.logging.log4j.core.layout.PatternLayout with name PatternLayout), NameFilter(org.apache.hadoop.hive.ql.log.LogDivertAppender$NameFilter with name NameFilter), advertise="null", advertiseURI="null", Configuration(HiveLog4j2Test))
DEBUG StatusLogger Starting RandomAccessFileManager /home/alex/Repositories/hive/beeline/target/tmp/alex/operation_logs/87b12984-7b9c-4c29-ad1a-a9a99fb63f7a/alex_20240424080851_6bd4ca71-94f3-4023-bdbf-1e075b039bd2
DEBUG StatusLogger Building Plugin[name=, class=org.apache.hadoop.hive.ql.log.LogDivertAppenderForTest$TestFilter].
DEBUG StatusLogger createFilter()
DEBUG StatusLogger Building Plugin[name=, class=org.apache.logging.log4j.core.layout.PatternLayout].
DEBUG StatusLogger PatternLayout$Builder(noConsoleNoAnsi="null", charset="null", pattern="%-5p : %m%n", header="null", PatternSelector=null, Replace=null, disableAnsi="null", alwaysWriteExceptions="null", footer="null", Configuration(HiveLog4j2Test))
DEBUG StatusLogger Building Plugin[name=appender, class=org.apache.hadoop.hive.ql.log.HushableRandomAccessFileAppender].
DEBUG StatusLogger createAppender(fileName="/home/alex/Repositories/hive/beeline/target/tmp/alex/operation_logs/87b12984-7b9c-4c29-ad1a-a9a99fb63f7a/alex_20240424080851_6bd4ca71-94f3-4023-bdbf-1e075b039bd2.test", append="null", name="test-query-file-appender", immediateFlush="null", bufferSize="null", ignoreExceptions="null", PatternLayout(org.apache.logging.log4j.core.layout.PatternLayout with name PatternLayout), test-filter(org.apache.hadoop.hive.ql.log.LogDivertAppenderForTest$TestFilter with name test-filter), advertise="null", advertiseURI="null", Configuration(HiveLog4j2Test))
DEBUG StatusLogger Starting RandomAccessFileManager /home/alex/Repositories/hive/beeline/target/tmp/alex/operation_logs/87b12984-7b9c-4c29-ad1a-a9a99fb63f7a/alex_20240424080851_6bd4ca71-94f3-4023-bdbf-1e075b039bd2.test
2024-04-24T08:08:51,011  INFO [87b12984-7b9c-4c29-ad1a-a9a99fb63f7a main] operation.SQLOperation: [opType=EXECUTE_STATEMENT, queryId=alex_20240424080851_6bd4ca71-94f3-4023-bdbf-1e075b039bd2, startTime=1713971331003, sessionId=87b12984-7b9c-4c29-ad1a-a9a99fb63f7a, createTime=1713971330808, userName=null, ipAddress=null]
2024-04-24T08:08:51,012  INFO [87b12984-7b9c-4c29-ad1a-a9a99fb63f7a main] ql.Driver: Compiling command(queryId=alex_20240424080851_6bd4ca71-94f3-4023-bdbf-1e075b039bd2): create database if not exists testDB
2024-04-24T08:08:51,013  INFO [87b12984-7b9c-4c29-ad1a-a9a99fb63f7a main] metastore.HiveMetaStoreClient: HMS client filtering is enabled.
2024-04-24T08:08:51,014  INFO [87b12984-7b9c-4c29-ad1a-a9a99fb63f7a main] metastore.HMSHandler: 0: Opening raw store with implementation class:org.apache.hadoop.hive.metastore.ObjectStore
2024-04-24T08:08:51,015  INFO [87b12984-7b9c-4c29-ad1a-a9a99fb63f7a main] metastore.PersistenceManagerProvider: Configuration datanucleus.autoStartMechanismMode is not set. Defaulting to 'ignored'
2024-04-24T08:08:51,015  INFO [87b12984-7b9c-4c29-ad1a-a9a99fb63f7a main] metastore.ObjectStore: RawStore: org.apache.hadoop.hive.metastore.ObjectStore@29f3185c, with PersistenceManager: null will be shutdown
2024-04-24T08:08:51,016  INFO [87b12984-7b9c-4c29-ad1a-a9a99fb63f7a main] metastore.ObjectStore: RawStore: org.apache.hadoop.hive.metastore.ObjectStore@29f3185c, with PersistenceManager: org.datanucleus.api.jdo.JDOPersistenceManager@74bbc273 created in the thread with id: 1
2024-04-24T08:08:51,018  INFO [87b12984-7b9c-4c29-ad1a-a9a99fb63f7a main] metastore.HMSHandler: Created RawStore: org.apache.hadoop.hive.metastore.ObjectStore@29f3185c from thread id: 1
2024-04-24T08:08:51,018  INFO [87b12984-7b9c-4c29-ad1a-a9a99fb63f7a main] metastore.HMSHandler: HMS server filtering is disabled by configuration
2024-04-24T08:08:51,018  INFO [87b12984-7b9c-4c29-ad1a-a9a99fb63f7a main] metastore.RetryingMetaStoreClient: RetryingMetaStoreClient proxy=class org.apache.hadoop.hive.ql.metadata.SessionHiveMetaStoreClient ugi=alex (auth:SIMPLE) retries=1 delay=1 lifetime=0
2024-04-24T08:08:51,019  INFO [87b12984-7b9c-4c29-ad1a-a9a99fb63f7a main] ql.Driver: Semantic Analysis Completed (retrial = false)
2024-04-24T08:08:51,019  INFO [87b12984-7b9c-4c29-ad1a-a9a99fb63f7a main] ql.Driver: Created Hive schema: Schema(fieldSchemas:null, properties:null)
2024-04-24T08:08:51,019  INFO [87b12984-7b9c-4c29-ad1a-a9a99fb63f7a main] metadata.Hive: Dumping metastore api call timing information for : compilation phase
2024-04-24T08:08:51,019  INFO [87b12984-7b9c-4c29-ad1a-a9a99fb63f7a main] metadata.Hive: Total time spent in each metastore function (ms): {isCompatibleWith_(Configuration)=0, flushCache_()=0}
2024-04-24T08:08:51,019  INFO [87b12984-7b9c-4c29-ad1a-a9a99fb63f7a main] ql.Driver: Completed compiling command(queryId=alex_20240424080851_6bd4ca71-94f3-4023-bdbf-1e075b039bd2); Time taken: 0.007 seconds
2024-04-24T08:08:51,021  INFO [HiveServer2-Background-Pool: Thread-324] common.LogUtils: Thread context registration is done.
2024-04-24T08:08:51,021  INFO [HiveServer2-Background-Pool: Thread-324] reexec.ReExecDriver: Execution #1 of query
2024-04-24T08:08:51,021  INFO [87b12984-7b9c-4c29-ad1a-a9a99fb63f7a main] common.LogUtils: Unregistered logging context.
2024-04-24T08:08:51,021  INFO [HiveServer2-Background-Pool: Thread-324] ql.Driver: Concurrency mode is disabled, not creating a lock manager
2024-04-24T08:08:51,022  INFO [HiveServer2-Background-Pool: Thread-324] ql.Driver: Executing command(queryId=alex_20240424080851_6bd4ca71-94f3-4023-bdbf-1e075b039bd2): create database if not exists testDB
2024-04-24T08:08:51,022  INFO [HiveServer2-Background-Pool: Thread-324] ql.Driver: Starting task [Stage-0:DDL] in serial mode
2024-04-24T08:08:51,023  INFO [HiveServer2-Background-Pool: Thread-324] sqlstd.SQLStdHiveAccessController: Created SQLStdHiveAccessController for session context : HiveAuthzSessionContext [sessionString=87b12984-7b9c-4c29-ad1a-a9a99fb63f7a, clientType=HIVESERVER2]
2024-04-24T08:08:51,023  WARN [HiveServer2-Background-Pool: Thread-324] exec.DDLTask: metastore.warehouse.external.dir is not set, falling back to metastore.warehouse.dir. This could cause external tables to use to managed tablespace.
2024-04-24T08:08:51,025  INFO [HiveServer2-Background-Pool: Thread-324] HiveMetaStore.audit: ugi=alex	ip=unknown-ip-addr	cmd=create_database: Database(name:testDB, description:null, locationUri:file:/home/alex/Repositories/hive/beeline/target/tmp/warehouse/testdb.db, parameters:null, ownerName:alex, ownerType:USER, catalogName:hive, type:NATIVE)	
2024-04-24T08:08:51,026  INFO [HiveServer2-Background-Pool: Thread-324] metastore.HMSHandler: 14: Opening raw store with implementation class:org.apache.hadoop.hive.metastore.ObjectStore
2024-04-24T08:08:51,026  INFO [HiveServer2-Background-Pool: Thread-324] metastore.ObjectStore: RawStore: org.apache.hadoop.hive.metastore.ObjectStore@5b14fd21, with PersistenceManager: null will be shutdown
2024-04-24T08:08:51,026  INFO [HiveServer2-Background-Pool: Thread-324] metastore.ObjectStore: RawStore: org.apache.hadoop.hive.metastore.ObjectStore@5b14fd21, with PersistenceManager: org.datanucleus.api.jdo.JDOPersistenceManager@1e167827 created in the thread with id: 324
2024-04-24T08:08:51,029  INFO [HiveServer2-Background-Pool: Thread-324] metastore.HMSHandler: Created RawStore: org.apache.hadoop.hive.metastore.ObjectStore@5b14fd21 from thread id: 324
2024-04-24T08:08:51,030 ERROR [HiveServer2-Background-Pool: Thread-324] metastore.RetryingHMSHandler: AlreadyExistsException(message:Database testDB already exists)
	at org.apache.hadoop.hive.metastore.HMSHandler.create_database(HMSHandler.java:1472)
	at sun.reflect.NativeMethodAccessorImpl.invoke0(Native Method)
	at sun.reflect.NativeMethodAccessorImpl.invoke(NativeMethodAccessorImpl.java:62)
	at sun.reflect.DelegatingMethodAccessorImpl.invoke(DelegatingMethodAccessorImpl.java:43)
	at java.lang.reflect.Method.invoke(Method.java:498)
	at org.apache.hadoop.hive.metastore.RetryingHMSHandler.invokeInternal(RetryingHMSHandler.java:147)
	at org.apache.hadoop.hive.metastore.RetryingHMSHandler.invoke(RetryingHMSHandler.java:108)
	at com.sun.proxy.$Proxy40.create_database(Unknown Source)
	at org.apache.hadoop.hive.metastore.HiveMetaStoreClient.createDatabase(HiveMetaStoreClient.java:1151)
	at sun.reflect.NativeMethodAccessorImpl.invoke0(Native Method)
	at sun.reflect.NativeMethodAccessorImpl.invoke(NativeMethodAccessorImpl.java:62)
	at sun.reflect.DelegatingMethodAccessorImpl.invoke(DelegatingMethodAccessorImpl.java:43)
	at java.lang.reflect.Method.invoke(Method.java:498)
	at org.apache.hadoop.hive.metastore.RetryingMetaStoreClient.invoke(RetryingMetaStoreClient.java:218)
	at com.sun.proxy.$Proxy41.createDatabase(Unknown Source)
	at org.apache.hadoop.hive.ql.metadata.Hive.createDatabase(Hive.java:605)
	at org.apache.hadoop.hive.ql.ddl.database.create.CreateDatabaseOperation.execute(CreateDatabaseOperation.java:68)
	at org.apache.hadoop.hive.ql.ddl.DDLTask.execute(DDLTask.java:84)
	at org.apache.hadoop.hive.ql.exec.Task.executeTask(Task.java:212)
	at org.apache.hadoop.hive.ql.exec.TaskRunner.runSequential(TaskRunner.java:105)
	at org.apache.hadoop.hive.ql.Executor.launchTask(Executor.java:361)
	at org.apache.hadoop.hive.ql.Executor.launchTasks(Executor.java:334)
	at org.apache.hadoop.hive.ql.Executor.runTasks(Executor.java:245)
	at org.apache.hadoop.hive.ql.Executor.execute(Executor.java:108)
	at org.apache.hadoop.hive.ql.Driver.execute(Driver.java:348)
	at org.apache.hadoop.hive.ql.Driver.runInternal(Driver.java:204)
	at org.apache.hadoop.hive.ql.Driver.run(Driver.java:153)
	at org.apache.hadoop.hive.ql.Driver.run(Driver.java:148)
	at org.apache.hadoop.hive.ql.reexec.ReExecDriver.run(ReExecDriver.java:164)
	at org.apache.hive.service.cli.operation.SQLOperation.runQuery(SQLOperation.java:233)
	at org.apache.hive.service.cli.operation.SQLOperation.access$500(SQLOperation.java:88)
	at org.apache.hive.service.cli.operation.SQLOperation$BackgroundWork$1.run(SQLOperation.java:336)
	at java.security.AccessController.doPrivileged(Native Method)
	at javax.security.auth.Subject.doAs(Subject.java:422)
	at org.apache.hadoop.security.UserGroupInformation.doAs(UserGroupInformation.java:1682)
	at org.apache.hive.service.cli.operation.SQLOperation$BackgroundWork.run(SQLOperation.java:356)
	at java.util.concurrent.Executors$RunnableAdapter.call(Executors.java:511)
	at java.util.concurrent.FutureTask.run(FutureTask.java:266)
	at java.util.concurrent.ThreadPoolExecutor.runWorker(ThreadPoolExecutor.java:1149)
	at java.util.concurrent.ThreadPoolExecutor$Worker.run(ThreadPoolExecutor.java:624)
	at java.lang.Thread.run(Thread.java:750)

2024-04-24T08:08:51,031  INFO [HiveServer2-Background-Pool: Thread-324] metadata.Hive: Dumping metastore api call timing information for : execution phase
2024-04-24T08:08:51,031  INFO [HiveServer2-Background-Pool: Thread-324] metadata.Hive: Total time spent in each metastore function (ms): {isCompatibleWith_(Configuration)=0}
2024-04-24T08:08:51,031  INFO [HiveServer2-Background-Pool: Thread-324] ql.Driver: Completed executing command(queryId=alex_20240424080851_6bd4ca71-94f3-4023-bdbf-1e075b039bd2); Time taken: 0.01 seconds
2024-04-24T08:08:51,032  INFO [HiveServer2-Background-Pool: Thread-324] common.LogUtils: Unregistered logging context.
2024-04-24T08:08:51,034  INFO [87b12984-7b9c-4c29-ad1a-a9a99fb63f7a main] operation.OperationManager: Closing operation: OperationHandle [opType=EXECUTE_STATEMENT, getHandleIdentifier()=c5bc8def-2f64-40dd-a56a-8fdc9929f7ec]
2024-04-24T08:08:51,034  INFO [87b12984-7b9c-4c29-ad1a-a9a99fb63f7a main] operation.OperationManager: Removed queryId: alex_20240424080851_6bd4ca71-94f3-4023-bdbf-1e075b039bd2 corresponding to operation: OperationHandle [opType=EXECUTE_STATEMENT, getHandleIdentifier()=c5bc8def-2f64-40dd-a56a-8fdc9929f7ec] with tag: null
2024-04-24T08:08:51,035  INFO [87b12984-7b9c-4c29-ad1a-a9a99fb63f7a main] operation.SQLOperation: Closing operation log /home/alex/Repositories/hive/beeline/target/tmp/alex/operation_logs/87b12984-7b9c-4c29-ad1a-a9a99fb63f7a/alex_20240424080851_6bd4ca71-94f3-4023-bdbf-1e075b039bd2 without delay
2024-04-24T08:08:51,039  INFO [87b12984-7b9c-4c29-ad1a-a9a99fb63f7a main] session.HiveSessionImpl: executing use default
2024-04-24T08:08:51,040  INFO [87b12984-7b9c-4c29-ad1a-a9a99fb63f7a main] operation.OperationManager: Adding operation: OperationHandle [opType=EXECUTE_STATEMENT, getHandleIdentifier()=b083230e-8b9d-4c09-9b5b-c7a197de5d86] SessionHandle [87b12984-7b9c-4c29-ad1a-a9a99fb63f7a]
2024-04-24T08:08:51,041  INFO [87b12984-7b9c-4c29-ad1a-a9a99fb63f7a main] common.LogUtils: Thread context registration is done.
DEBUG StatusLogger Building Plugin[name=filter, class=org.apache.hadoop.hive.ql.log.LogDivertAppender$NameFilter].
DEBUG StatusLogger createFilter(loggingLevel="EXECUTION")
DEBUG StatusLogger Building Plugin[name=layout, class=org.apache.logging.log4j.core.layout.PatternLayout].
DEBUG StatusLogger PatternLayout$Builder(noConsoleNoAnsi="null", header="null", Configuration(HiveLog4j2Test), pattern="%-5p : %m%n", alwaysWriteExceptions="null", footer="null", charset="null", Replace=null, PatternSelector=null, disableAnsi="null")
DEBUG StatusLogger Building Plugin[name=appender, class=org.apache.hadoop.hive.ql.log.HushableRandomAccessFileAppender].
DEBUG StatusLogger createAppender(fileName="/home/alex/Repositories/hive/beeline/target/tmp/alex/operation_logs/87b12984-7b9c-4c29-ad1a-a9a99fb63f7a/alex_20240424080851_89082532-8586-4e3b-8907-e4fff1b5c37b", append="null", name="query-file-appender", immediateFlush="null", bufferSize="null", ignoreExceptions="null", PatternLayout(org.apache.logging.log4j.core.layout.PatternLayout with name PatternLayout), NameFilter(org.apache.hadoop.hive.ql.log.LogDivertAppender$NameFilter with name NameFilter), advertise="null", advertiseURI="null", Configuration(HiveLog4j2Test))
DEBUG StatusLogger Starting RandomAccessFileManager /home/alex/Repositories/hive/beeline/target/tmp/alex/operation_logs/87b12984-7b9c-4c29-ad1a-a9a99fb63f7a/alex_20240424080851_89082532-8586-4e3b-8907-e4fff1b5c37b
DEBUG StatusLogger Building Plugin[name=, class=org.apache.hadoop.hive.ql.log.LogDivertAppenderForTest$TestFilter].
DEBUG StatusLogger createFilter()
DEBUG StatusLogger Building Plugin[name=, class=org.apache.logging.log4j.core.layout.PatternLayout].
DEBUG StatusLogger PatternLayout$Builder(Replace=null, charset="null", disableAnsi="null", alwaysWriteExceptions="null", noConsoleNoAnsi="null", pattern="%-5p : %m%n", PatternSelector=null, Configuration(HiveLog4j2Test), header="null", footer="null")
DEBUG StatusLogger Building Plugin[name=appender, class=org.apache.hadoop.hive.ql.log.HushableRandomAccessFileAppender].
DEBUG StatusLogger createAppender(fileName="/home/alex/Repositories/hive/beeline/target/tmp/alex/operation_logs/87b12984-7b9c-4c29-ad1a-a9a99fb63f7a/alex_20240424080851_89082532-8586-4e3b-8907-e4fff1b5c37b.test", append="null", name="test-query-file-appender", immediateFlush="null", bufferSize="null", ignoreExceptions="null", PatternLayout(org.apache.logging.log4j.core.layout.PatternLayout with name PatternLayout), test-filter(org.apache.hadoop.hive.ql.log.LogDivertAppenderForTest$TestFilter with name test-filter), advertise="null", advertiseURI="null", Configuration(HiveLog4j2Test))
DEBUG StatusLogger Starting RandomAccessFileManager /home/alex/Repositories/hive/beeline/target/tmp/alex/operation_logs/87b12984-7b9c-4c29-ad1a-a9a99fb63f7a/alex_20240424080851_89082532-8586-4e3b-8907-e4fff1b5c37b.test
2024-04-24T08:08:51,049  INFO [87b12984-7b9c-4c29-ad1a-a9a99fb63f7a main] operation.SQLOperation: [opType=EXECUTE_STATEMENT, queryId=alex_20240424080851_89082532-8586-4e3b-8907-e4fff1b5c37b, startTime=1713971331039, sessionId=87b12984-7b9c-4c29-ad1a-a9a99fb63f7a, createTime=1713971330808, userName=null, ipAddress=null]
2024-04-24T08:08:51,050  INFO [87b12984-7b9c-4c29-ad1a-a9a99fb63f7a main] ql.Driver: Compiling command(queryId=alex_20240424080851_89082532-8586-4e3b-8907-e4fff1b5c37b): use default
2024-04-24T08:08:51,052  INFO [87b12984-7b9c-4c29-ad1a-a9a99fb63f7a main] HiveMetaStore.audit: ugi=alex	ip=unknown-ip-addr	cmd=get_database: default	
2024-04-24T08:08:51,054  INFO [87b12984-7b9c-4c29-ad1a-a9a99fb63f7a main] ql.Driver: Semantic Analysis Completed (retrial = false)
2024-04-24T08:08:51,054  INFO [87b12984-7b9c-4c29-ad1a-a9a99fb63f7a main] ql.Driver: Created Hive schema: Schema(fieldSchemas:null, properties:null)
2024-04-24T08:08:51,054  INFO [87b12984-7b9c-4c29-ad1a-a9a99fb63f7a main] metadata.Hive: Dumping metastore api call timing information for : compilation phase
2024-04-24T08:08:51,054  INFO [87b12984-7b9c-4c29-ad1a-a9a99fb63f7a main] metadata.Hive: Total time spent in each metastore function (ms): {getDatabase_(String)=2, flushCache_()=1, isCompatibleWith_(Configuration)=0}
2024-04-24T08:08:51,055  INFO [87b12984-7b9c-4c29-ad1a-a9a99fb63f7a main] ql.Driver: Completed compiling command(queryId=alex_20240424080851_89082532-8586-4e3b-8907-e4fff1b5c37b); Time taken: 0.004 seconds
2024-04-24T08:08:51,056  INFO [HiveServer2-Background-Pool: Thread-327] common.LogUtils: Thread context registration is done.
2024-04-24T08:08:51,056  INFO [87b12984-7b9c-4c29-ad1a-a9a99fb63f7a main] common.LogUtils: Unregistered logging context.
2024-04-24T08:08:51,056  INFO [HiveServer2-Background-Pool: Thread-327] reexec.ReExecDriver: Execution #1 of query
2024-04-24T08:08:51,056  INFO [HiveServer2-Background-Pool: Thread-327] ql.Driver: Concurrency mode is disabled, not creating a lock manager
2024-04-24T08:08:51,057  INFO [HiveServer2-Background-Pool: Thread-327] ql.Driver: Executing command(queryId=alex_20240424080851_89082532-8586-4e3b-8907-e4fff1b5c37b): use default
2024-04-24T08:08:51,057  INFO [HiveServer2-Background-Pool: Thread-327] ql.Driver: Starting task [Stage-0:DDL] in serial mode
2024-04-24T08:08:51,058  INFO [HiveServer2-Background-Pool: Thread-327] HiveMetaStore.audit: ugi=alex	ip=unknown-ip-addr	cmd=get_database: default	
2024-04-24T08:08:51,059  INFO [HiveServer2-Background-Pool: Thread-327] metastore.HMSHandler: 15: Opening raw store with implementation class:org.apache.hadoop.hive.metastore.ObjectStore
2024-04-24T08:08:51,059  INFO [HiveServer2-Background-Pool: Thread-327] metastore.ObjectStore: RawStore: org.apache.hadoop.hive.metastore.ObjectStore@c2a3d54, with PersistenceManager: null will be shutdown
2024-04-24T08:08:51,060  INFO [HiveServer2-Background-Pool: Thread-327] metastore.ObjectStore: RawStore: org.apache.hadoop.hive.metastore.ObjectStore@c2a3d54, with PersistenceManager: org.datanucleus.api.jdo.JDOPersistenceManager@4928b2b5 created in the thread with id: 327
2024-04-24T08:08:51,062  INFO [HiveServer2-Background-Pool: Thread-327] metastore.HMSHandler: Created RawStore: org.apache.hadoop.hive.metastore.ObjectStore@c2a3d54 from thread id: 327
2024-04-24T08:08:51,064  INFO [HiveServer2-Background-Pool: Thread-327] HiveMetaStore.audit: ugi=alex	ip=unknown-ip-addr	cmd=get_database: default	
2024-04-24T08:08:51,065  INFO [HiveServer2-Background-Pool: Thread-327] metadata.Hive: Dumping metastore api call timing information for : execution phase
2024-04-24T08:08:51,065  INFO [HiveServer2-Background-Pool: Thread-327] metadata.Hive: Total time spent in each metastore function (ms): {isCompatibleWith_(Configuration)=0, getDatabase_(String)=8}
2024-04-24T08:08:51,065  INFO [HiveServer2-Background-Pool: Thread-327] ql.Driver: Completed executing command(queryId=alex_20240424080851_89082532-8586-4e3b-8907-e4fff1b5c37b); Time taken: 0.008 seconds
2024-04-24T08:08:51,066  INFO [HiveServer2-Background-Pool: Thread-327] common.LogUtils: Unregistered logging context.
2024-04-24T08:08:51,067  INFO [87b12984-7b9c-4c29-ad1a-a9a99fb63f7a main] operation.OperationManager: Closing operation: OperationHandle [opType=EXECUTE_STATEMENT, getHandleIdentifier()=b083230e-8b9d-4c09-9b5b-c7a197de5d86]
2024-04-24T08:08:51,067  INFO [87b12984-7b9c-4c29-ad1a-a9a99fb63f7a main] operation.OperationManager: Removed queryId: alex_20240424080851_89082532-8586-4e3b-8907-e4fff1b5c37b corresponding to operation: OperationHandle [opType=EXECUTE_STATEMENT, getHandleIdentifier()=b083230e-8b9d-4c09-9b5b-c7a197de5d86] with tag: null
2024-04-24T08:08:51,067  INFO [87b12984-7b9c-4c29-ad1a-a9a99fb63f7a main] operation.SQLOperation: Closing operation log /home/alex/Repositories/hive/beeline/target/tmp/alex/operation_logs/87b12984-7b9c-4c29-ad1a-a9a99fb63f7a/alex_20240424080851_89082532-8586-4e3b-8907-e4fff1b5c37b without delay
2024-04-24T08:08:51,071  INFO [main] service.CompositeService: Session closed, SessionHandle [87b12984-7b9c-4c29-ad1a-a9a99fb63f7a], current sessions:0
2024-04-24T08:08:51,072  INFO [87b12984-7b9c-4c29-ad1a-a9a99fb63f7a main] session.HiveSessionImpl: Operation log session directory is deleted: /home/alex/Repositories/hive/beeline/target/tmp/alex/operation_logs/87b12984-7b9c-4c29-ad1a-a9a99fb63f7a
2024-04-24T08:08:51,072  INFO [main] cleanup.EventualCleanupService: Delete /tmp/hive/alex/87b12984-7b9c-4c29-ad1a-a9a99fb63f7a operation was queued
2024-04-24T08:08:51,072  INFO [main] cleanup.EventualCleanupService: Delete /home/alex/Repositories/hive/beeline/target/tmp/alex/87b12984-7b9c-4c29-ad1a-a9a99fb63f7a operation was queued
2024-04-24T08:08:51,072  INFO [EventualCleanupService thread 1] cleanup.EventualCleanupService: Deleted /home/alex/Repositories/hive/beeline/target/tmp/alex/87b12984-7b9c-4c29-ad1a-a9a99fb63f7a
2024-04-24T08:08:51,072  INFO [EventualCleanupService thread 0] cleanup.EventualCleanupService: Deleted /tmp/hive/alex/87b12984-7b9c-4c29-ad1a-a9a99fb63f7a
2024-04-24T08:08:51,073  INFO [main] HiveMetaStore.audit: ugi=alex	ip=unknown-ip-addr	cmd=Cleaning up thread local RawStore...	
2024-04-24T08:08:51,073  INFO [main] metastore.ObjectStore: RawStore: org.apache.hadoop.hive.metastore.ObjectStore@29f3185c, with PersistenceManager: org.datanucleus.api.jdo.JDOPersistenceManager@74bbc273 will be shutdown
2024-04-24T08:08:51,073  INFO [main] HiveMetaStore.audit: ugi=alex	ip=unknown-ip-addr	cmd=Done cleaning up thread local RawStore	
2024-04-24T08:08:51,073  INFO [main] metastore.HiveMetaStoreClient: Closed a connection to metastore, current connections: -19
]]></system-err>
  </testcase>
  <testcase name="testUseCurrentDB3" classname="org.apache.hive.beeline.cli.TestHiveCli" time="0.341">
    <failure type="java.lang.AssertionError"><![CDATA[java.lang.AssertionError: 
The expected keyword "hive (testDB)>" occur in the output: Connecting to jdbc:hive2://
Hive Session ID = fb6b35de-0197-4c69-84ba-64a1ff6090e2
ivysettings.xml file not found in HIVE_HOME or HIVE_CONF_DIR,/home/alex/Repositories/hive/conf/ivysettings.xml will be used
ivysettings.xml file not found in HIVE_HOME or HIVE_CONF_DIR,/home/alex/Repositories/hive/conf/ivysettings.xml will be used
Connected to: Apache Hive (version 4.0.0-SNAPSHOT)
Error: Couldn't load manifest attributes. (state=,code=0)
Transaction isolation: TRANSACTION_REPEATABLE_READ
Beeline version ??? by Apache Hive
hive> create database if not exists testDB; set hive.cli.print.current.db=true;use  testDB;
INFO  : Compiling command(queryId=alex_20240424080851_6319e058-5cf0-4b5b-91cd-c1884d7b494a): create database if not exists testDB
INFO  : Semantic Analysis Completed (retrial = false)
INFO  : Created Hive schema: Schema(fieldSchemas:null, properties:null)
INFO  : Completed compiling command(queryId=alex_20240424080851_6319e058-5cf0-4b5b-91cd-c1884d7b494a); Time taken: 0.007 seconds
INFO  : Concurrency mode is disabled, not creating a lock manager
INFO  : Executing command(queryId=alex_20240424080851_6319e058-5cf0-4b5b-91cd-c1884d7b494a): create database if not exists testDB
INFO  : Starting task [Stage-0:DDL] in serial mode
DEBUG : Task getting executed using mapred tag : alex_20240424080851_6319e058-5cf0-4b5b-91cd-c1884d7b494a,userid=null
INFO  : Completed executing command(queryId=alex_20240424080851_6319e058-5cf0-4b5b-91cd-c1884d7b494a); Time taken: 0.01 seconds
DEBUG : Shutting down query create database if not exists testDB
Error: Failed to wait for operation to complete (state=08S01,code=0)
hive> use default;drop if exists testDB;
INFO  : Compiling command(queryId=alex_20240424080851_a49db6fd-713d-4c0e-b34d-86b7d7b378f4): use default
INFO  : Semantic Analysis Completed (retrial = false)
INFO  : Created Hive schema: Schema(fieldSchemas:null, properties:null)
INFO  : Completed compiling command(queryId=alex_20240424080851_a49db6fd-713d-4c0e-b34d-86b7d7b378f4); Time taken: 0.003 seconds
INFO  : Concurrency mode is disabled, not creating a lock manager
INFO  : Executing command(queryId=alex_20240424080851_a49db6fd-713d-4c0e-b34d-86b7d7b378f4): use default
INFO  : Starting task [Stage-0:DDL] in serial mode
DEBUG : Task getting executed using mapred tag : alex_20240424080851_a49db6fd-713d-4c0e-b34d-86b7d7b378f4,userid=null
INFO  : Completed executing command(queryId=alex_20240424080851_a49db6fd-713d-4c0e-b34d-86b7d7b378f4); Time taken: 0.012 seconds
DEBUG : Shutting down query use default
Error: Failed to wait for operation to complete (state=08S01,code=0)
hive> Closing: 0: jdbc:hive2://

	at org.junit.Assert.fail(Assert.java:89)
	at org.junit.Assert.assertTrue(Assert.java:42)
	at org.apache.hive.beeline.cli.TestHiveCli.verifyCMD(TestHiveCli.java:270)
	at org.apache.hive.beeline.cli.TestHiveCli.testUseCurrentDB3(TestHiveCli.java:226)
	at sun.reflect.NativeMethodAccessorImpl.invoke0(Native Method)
	at sun.reflect.NativeMethodAccessorImpl.invoke(NativeMethodAccessorImpl.java:62)
	at sun.reflect.DelegatingMethodAccessorImpl.invoke(DelegatingMethodAccessorImpl.java:43)
	at java.lang.reflect.Method.invoke(Method.java:498)
	at org.junit.runners.model.FrameworkMethod$1.runReflectiveCall(FrameworkMethod.java:59)
	at org.junit.internal.runners.model.ReflectiveCallable.run(ReflectiveCallable.java:12)
	at org.junit.runners.model.FrameworkMethod.invokeExplosively(FrameworkMethod.java:56)
	at org.junit.internal.runners.statements.InvokeMethod.evaluate(InvokeMethod.java:17)
	at org.junit.internal.runners.statements.RunBefores.evaluate(RunBefores.java:26)
	at org.junit.internal.runners.statements.RunAfters.evaluate(RunAfters.java:27)
	at org.junit.runners.ParentRunner$3.evaluate(ParentRunner.java:306)
	at org.junit.runners.BlockJUnit4ClassRunner$1.evaluate(BlockJUnit4ClassRunner.java:100)
	at org.junit.runners.ParentRunner.runLeaf(ParentRunner.java:366)
	at org.junit.runners.BlockJUnit4ClassRunner.runChild(BlockJUnit4ClassRunner.java:103)
	at org.junit.runners.BlockJUnit4ClassRunner.runChild(BlockJUnit4ClassRunner.java:63)
	at org.junit.runners.ParentRunner$4.run(ParentRunner.java:331)
	at org.junit.runners.ParentRunner$1.schedule(ParentRunner.java:79)
	at org.junit.runners.ParentRunner.runChildren(ParentRunner.java:329)
	at org.junit.runners.ParentRunner.access$100(ParentRunner.java:66)
	at org.junit.runners.ParentRunner$2.evaluate(ParentRunner.java:293)
	at org.junit.internal.runners.statements.RunBefores.evaluate(RunBefores.java:26)
	at org.junit.runners.ParentRunner$3.evaluate(ParentRunner.java:306)
	at org.junit.runners.ParentRunner.run(ParentRunner.java:413)
	at org.junit.runner.JUnitCore.run(JUnitCore.java:137)
	at org.junit.runner.JUnitCore.run(JUnitCore.java:115)
	at org.junit.vintage.engine.execution.RunnerExecutor.execute(RunnerExecutor.java:43)
	at java.util.stream.ForEachOps$ForEachOp$OfRef.accept(ForEachOps.java:183)
	at java.util.stream.ReferencePipeline$3$1.accept(ReferencePipeline.java:193)
	at java.util.Iterator.forEachRemaining(Iterator.java:116)
	at java.util.Spliterators$IteratorSpliterator.forEachRemaining(Spliterators.java:1801)
	at java.util.stream.AbstractPipeline.copyInto(AbstractPipeline.java:482)
	at java.util.stream.AbstractPipeline.wrapAndCopyInto(AbstractPipeline.java:472)
	at java.util.stream.ForEachOps$ForEachOp.evaluateSequential(ForEachOps.java:150)
	at java.util.stream.ForEachOps$ForEachOp$OfRef.evaluateSequential(ForEachOps.java:173)
	at java.util.stream.AbstractPipeline.evaluate(AbstractPipeline.java:234)
	at java.util.stream.ReferencePipeline.forEach(ReferencePipeline.java:485)
	at org.junit.vintage.engine.VintageTestEngine.executeAllChildren(VintageTestEngine.java:82)
	at org.junit.vintage.engine.VintageTestEngine.execute(VintageTestEngine.java:73)
	at org.junit.platform.launcher.core.DefaultLauncher.execute(DefaultLauncher.java:248)
	at org.junit.platform.launcher.core.DefaultLauncher.lambda$execute$5(DefaultLauncher.java:211)
	at org.junit.platform.launcher.core.DefaultLauncher.withInterceptedStreams(DefaultLauncher.java:226)
	at org.junit.platform.launcher.core.DefaultLauncher.execute(DefaultLauncher.java:199)
	at org.junit.platform.launcher.core.DefaultLauncher.execute(DefaultLauncher.java:132)
	at org.apache.maven.surefire.junitplatform.JUnitPlatformProvider.invokeAllTests(JUnitPlatformProvider.java:154)
	at org.apache.maven.surefire.junitplatform.JUnitPlatformProvider.invoke(JUnitPlatformProvider.java:123)
	at org.apache.maven.surefire.booter.ForkedBooter.runSuitesInProcess(ForkedBooter.java:377)
	at org.apache.maven.surefire.booter.ForkedBooter.execute(ForkedBooter.java:138)
	at org.apache.maven.surefire.booter.ForkedBooter.run(ForkedBooter.java:465)
	at org.apache.maven.surefire.booter.ForkedBooter.main(ForkedBooter.java:451)
]]></failure>
    <system-err><![CDATA[2024-04-24T08:08:51,075 ERROR [main] cli.TestHiveCli: Failed to execute command due to the error: java.lang.NullPointerException: Null output stream
2024-04-24T08:08:51,120  WARN [main] conf.HiveConf: HiveConf of name hive.dummyparam.test.server.specific.config.hiveserver2site does not exist
2024-04-24T08:08:51,121  WARN [main] conf.HiveConf: HiveConf of name hive.dummyparam.test.server.specific.config.metastoresite does not exist
2024-04-24T08:08:51,121  WARN [main] conf.HiveConf: HiveConf of name hive.dummyparam.test.server.specific.config.override does not exist
2024-04-24T08:08:51,122  INFO [main] SessionState: Hive Session ID = fb6b35de-0197-4c69-84ba-64a1ff6090e2
2024-04-24T08:08:51,122  INFO [main] DependencyResolver: ivysettings.xml file not found in HIVE_HOME or HIVE_CONF_DIR,/home/alex/Repositories/hive/conf/ivysettings.xml will be used
2024-04-24T08:08:51,129  INFO [main] session.SessionState: Created HDFS directory: /tmp/hive/alex/fb6b35de-0197-4c69-84ba-64a1ff6090e2
2024-04-24T08:08:51,133  INFO [main] session.SessionState: Created local directory: /home/alex/Repositories/hive/beeline/target/tmp/alex/fb6b35de-0197-4c69-84ba-64a1ff6090e2
2024-04-24T08:08:51,136  INFO [main] session.SessionState: Created HDFS directory: /tmp/hive/alex/fb6b35de-0197-4c69-84ba-64a1ff6090e2/_tmp_space.db
2024-04-24T08:08:51,136  INFO [main] sqlstd.SQLStdHiveAccessController: Created SQLStdHiveAccessController for session context : HiveAuthzSessionContext [sessionString=fb6b35de-0197-4c69-84ba-64a1ff6090e2, clientType=HIVESERVER2]
2024-04-24T08:08:51,137  INFO [main] metastore.HiveMetaStoreClient: HMS client filtering is enabled.
2024-04-24T08:08:51,138  INFO [main] metastore.HMSHandler: 0: Opening raw store with implementation class:org.apache.hadoop.hive.metastore.ObjectStore
2024-04-24T08:08:51,138  INFO [main] metastore.PersistenceManagerProvider: Configuration datanucleus.autoStartMechanismMode is not set. Defaulting to 'ignored'
2024-04-24T08:08:51,138  INFO [main] metastore.ObjectStore: RawStore: org.apache.hadoop.hive.metastore.ObjectStore@53b7bf01, with PersistenceManager: null will be shutdown
2024-04-24T08:08:51,139  INFO [main] metastore.ObjectStore: RawStore: org.apache.hadoop.hive.metastore.ObjectStore@53b7bf01, with PersistenceManager: org.datanucleus.api.jdo.JDOPersistenceManager@139089a4 created in the thread with id: 1
2024-04-24T08:08:51,142  INFO [main] metastore.HMSHandler: Created RawStore: org.apache.hadoop.hive.metastore.ObjectStore@53b7bf01 from thread id: 1
2024-04-24T08:08:51,142  INFO [main] metastore.HMSHandler: HMS server filtering is disabled by configuration
2024-04-24T08:08:51,143  INFO [main] metastore.RetryingMetaStoreClient: RetryingMetaStoreClient proxy=class org.apache.hadoop.hive.ql.metadata.SessionHiveMetaStoreClient ugi=alex (auth:SIMPLE) retries=1 delay=1 lifetime=0
2024-04-24T08:08:51,143  INFO [main] service.CompositeService: Operation log root directory is created: /home/alex/Repositories/hive/beeline/target/tmp/alex/operation_logs
2024-04-24T08:08:51,143  INFO [main] service.CompositeService: HiveServer2: Background operation thread pool size: 100
2024-04-24T08:08:51,143  INFO [main] service.CompositeService: HiveServer2: Background operation thread wait queue size: 100
2024-04-24T08:08:51,143  INFO [main] service.CompositeService: HiveServer2: Background operation thread keepalive time: 10 seconds
2024-04-24T08:08:51,143  INFO [main] service.CompositeService: Connections limit are user: 0 ipaddress: 0 user-ipaddress: 0
2024-04-24T08:08:51,144  INFO [main] cleanup.EventualCleanupService: EventualCleanupService started with 10 threads and queue of size 10000
ERROR StatusLogger Log4j2 ConfigurationScheduler attempted to increment scheduled items after start
ERROR StatusLogger Log4j2 ConfigurationScheduler attempted to increment scheduled items after start
2024-04-24T08:08:51,146  INFO [main] service.AbstractService: Service:OperationManager is inited.
2024-04-24T08:08:51,146  INFO [main] service.AbstractService: Service:SessionManager is inited.
2024-04-24T08:08:51,146  INFO [main] service.AbstractService: Service:CLIService is inited.
2024-04-24T08:08:51,146  INFO [main] service.AbstractService: Service:OperationManager is started.
2024-04-24T08:08:51,146  INFO [main] service.AbstractService: Service:SessionManager is started.
2024-04-24T08:08:51,146  INFO [main] service.AbstractService: Service:CLIService is started.
2024-04-24T08:08:51,147  INFO [main] service.AbstractService: Service:ThriftBinaryCLIService is inited.
2024-04-24T08:08:51,147  INFO [main] thrift.ThriftCLIService: Client protocol version: HIVE_CLI_SERVICE_PROTOCOL_V10
2024-04-24T08:08:51,147  INFO [main] thrift.ThriftCLIService: Creating Hive session handle for user [null] from IP null
2024-04-24T08:08:51,148  INFO [main] DependencyResolver: ivysettings.xml file not found in HIVE_HOME or HIVE_CONF_DIR,/home/alex/Repositories/hive/conf/ivysettings.xml will be used
2024-04-24T08:08:51,155  INFO [main] session.SessionState: Created HDFS directory: /tmp/hive/alex/5b91c742-62b4-4004-b056-22fe507a7725
2024-04-24T08:08:51,158  INFO [main] session.SessionState: Created local directory: /home/alex/Repositories/hive/beeline/target/tmp/alex/5b91c742-62b4-4004-b056-22fe507a7725
2024-04-24T08:08:51,161  INFO [main] session.SessionState: Created HDFS directory: /tmp/hive/alex/5b91c742-62b4-4004-b056-22fe507a7725/_tmp_space.db
2024-04-24T08:08:51,161  INFO [main] session.SessionState: Reloading auxiliary JAR files
2024-04-24T08:08:51,161  WARN [main] session.SessionState: Configuration hive.reloadable.aux.jars.path not specified
2024-04-24T08:08:51,161  INFO [main] HiveMetaStore.audit: ugi=alex	ip=unknown-ip-addr	cmd=Cleaning up thread local RawStore...	
2024-04-24T08:08:51,161  INFO [main] metastore.ObjectStore: RawStore: org.apache.hadoop.hive.metastore.ObjectStore@53b7bf01, with PersistenceManager: org.datanucleus.api.jdo.JDOPersistenceManager@139089a4 will be shutdown
2024-04-24T08:08:51,162  INFO [main] HiveMetaStore.audit: ugi=alex	ip=unknown-ip-addr	cmd=Done cleaning up thread local RawStore	
2024-04-24T08:08:51,162  INFO [main] metastore.HiveMetaStoreClient: Closed a connection to metastore, current connections: -20
2024-04-24T08:08:51,162  INFO [main] session.HiveSessionImpl: Operation log session directory is created: /home/alex/Repositories/hive/beeline/target/tmp/alex/operation_logs/5b91c742-62b4-4004-b056-22fe507a7725
2024-04-24T08:08:51,162  INFO [main] service.CompositeService: Session opened, SessionHandle [5b91c742-62b4-4004-b056-22fe507a7725], current sessions:1
2024-04-24T08:08:51,162  INFO [main] thrift.ThriftCLIService: Login attempt is successful for user : null
2024-04-24T08:08:51,212  WARN [main] conf.HiveConf: HiveConf of name hive.dummyparam.test.server.specific.config.override does not exist
2024-04-24T08:08:51,212  WARN [main] conf.HiveConf: HiveConf of name hive.dummyparam.test.server.specific.config.metastoresite does not exist
2024-04-24T08:08:51,212  WARN [main] conf.HiveConf: HiveConf of name hive.dummyparam.test.server.specific.config.hiveserver2site does not exist
2024-04-24T08:08:51,213  INFO [5b91c742-62b4-4004-b056-22fe507a7725 main] session.HiveSessionImpl: executing set
2024-04-24T08:08:51,214  INFO [5b91c742-62b4-4004-b056-22fe507a7725 main] operation.HiveCommandOperation: Putting temp output to file /home/alex/Repositories/hive/beeline/target/tmp/alex/5b91c742-62b4-4004-b056-22fe507a77255574898558221183253.pipeout and error output to file /home/alex/Repositories/hive/beeline/target/tmp/alex/5b91c742-62b4-4004-b056-22fe507a77254120874589931727461.pipeout
2024-04-24T08:08:51,214  INFO [5b91c742-62b4-4004-b056-22fe507a7725 main] operation.OperationManager: Adding operation: OperationHandle [opType=EXECUTE_STATEMENT, getHandleIdentifier()=b07ae46c-eb06-4d94-be80-55ce33be3606] SessionHandle [5b91c742-62b4-4004-b056-22fe507a7725]
2024-04-24T08:08:51,214  INFO [5b91c742-62b4-4004-b056-22fe507a7725 main] common.LogUtils: Thread context registration is done.
DEBUG StatusLogger Building Plugin[name=filter, class=org.apache.hadoop.hive.ql.log.LogDivertAppender$NameFilter].
DEBUG StatusLogger createFilter(loggingLevel="EXECUTION")
DEBUG StatusLogger Building Plugin[name=layout, class=org.apache.logging.log4j.core.layout.PatternLayout].
DEBUG StatusLogger PatternLayout$Builder(Replace=null, pattern="%-5p : %m%n", Configuration(HiveLog4j2Test), charset="null", disableAnsi="null", alwaysWriteExceptions="null", noConsoleNoAnsi="null", PatternSelector=null, footer="null", header="null")
DEBUG StatusLogger Building Plugin[name=appender, class=org.apache.hadoop.hive.ql.log.HushableRandomAccessFileAppender].
DEBUG StatusLogger createAppender(fileName="/home/alex/Repositories/hive/beeline/target/tmp/alex/operation_logs/5b91c742-62b4-4004-b056-22fe507a7725/alex_20240424080851_8a60fca1-01ca-4526-86ca-03f968103040", append="null", name="query-file-appender", immediateFlush="null", bufferSize="null", ignoreExceptions="null", PatternLayout(org.apache.logging.log4j.core.layout.PatternLayout with name PatternLayout), NameFilter(org.apache.hadoop.hive.ql.log.LogDivertAppender$NameFilter with name NameFilter), advertise="null", advertiseURI="null", Configuration(HiveLog4j2Test))
DEBUG StatusLogger Starting RandomAccessFileManager /home/alex/Repositories/hive/beeline/target/tmp/alex/operation_logs/5b91c742-62b4-4004-b056-22fe507a7725/alex_20240424080851_8a60fca1-01ca-4526-86ca-03f968103040
DEBUG StatusLogger Building Plugin[name=, class=org.apache.hadoop.hive.ql.log.LogDivertAppenderForTest$TestFilter].
DEBUG StatusLogger createFilter()
DEBUG StatusLogger Building Plugin[name=, class=org.apache.logging.log4j.core.layout.PatternLayout].
DEBUG StatusLogger PatternLayout$Builder(header="null", alwaysWriteExceptions="null", disableAnsi="null", noConsoleNoAnsi="null", charset="null", footer="null", Replace=null, pattern="%-5p : %m%n", Configuration(HiveLog4j2Test), PatternSelector=null)
DEBUG StatusLogger Building Plugin[name=appender, class=org.apache.hadoop.hive.ql.log.HushableRandomAccessFileAppender].
DEBUG StatusLogger createAppender(fileName="/home/alex/Repositories/hive/beeline/target/tmp/alex/operation_logs/5b91c742-62b4-4004-b056-22fe507a7725/alex_20240424080851_8a60fca1-01ca-4526-86ca-03f968103040.test", append="null", name="test-query-file-appender", immediateFlush="null", bufferSize="null", ignoreExceptions="null", PatternLayout(org.apache.logging.log4j.core.layout.PatternLayout with name PatternLayout), test-filter(org.apache.hadoop.hive.ql.log.LogDivertAppenderForTest$TestFilter with name test-filter), advertise="null", advertiseURI="null", Configuration(HiveLog4j2Test))
DEBUG StatusLogger Starting RandomAccessFileManager /home/alex/Repositories/hive/beeline/target/tmp/alex/operation_logs/5b91c742-62b4-4004-b056-22fe507a7725/alex_20240424080851_8a60fca1-01ca-4526-86ca-03f968103040.test
2024-04-24T08:08:51,223  INFO [5b91c742-62b4-4004-b056-22fe507a7725 main] operation.HiveCommandOperation: [opType=EXECUTE_STATEMENT, queryId=alex_20240424080851_8a60fca1-01ca-4526-86ca-03f968103040, startTime=1713971331213, sessionId=5b91c742-62b4-4004-b056-22fe507a7725, createTime=1713971331147, userName=null, ipAddress=null]
2024-04-24T08:08:51,327  INFO [5b91c742-62b4-4004-b056-22fe507a7725 main] common.LogUtils: Unregistered logging context.
2024-04-24T08:08:51,330  INFO [5b91c742-62b4-4004-b056-22fe507a7725 main] operation.OperationManager: Closing operation: OperationHandle [opType=EXECUTE_STATEMENT, getHandleIdentifier()=b07ae46c-eb06-4d94-be80-55ce33be3606]
2024-04-24T08:08:51,330  INFO [5b91c742-62b4-4004-b056-22fe507a7725 main] operation.OperationManager: Removed queryId: alex_20240424080851_8a60fca1-01ca-4526-86ca-03f968103040 corresponding to operation: OperationHandle [opType=EXECUTE_STATEMENT, getHandleIdentifier()=b07ae46c-eb06-4d94-be80-55ce33be3606] with tag: null
2024-04-24T08:08:51,331  INFO [5b91c742-62b4-4004-b056-22fe507a7725 main] operation.HiveCommandOperation: Closing operation log /home/alex/Repositories/hive/beeline/target/tmp/alex/operation_logs/5b91c742-62b4-4004-b056-22fe507a7725/alex_20240424080851_8a60fca1-01ca-4526-86ca-03f968103040 without delay
2024-04-24T08:08:51,338  INFO [5b91c742-62b4-4004-b056-22fe507a7725 main] session.HiveSessionImpl: executing create database if not exists testDB
2024-04-24T08:08:51,339  INFO [5b91c742-62b4-4004-b056-22fe507a7725 main] operation.OperationManager: Adding operation: OperationHandle [opType=EXECUTE_STATEMENT, getHandleIdentifier()=d71fd0cb-66b3-47fd-9577-81ce37f18422] SessionHandle [5b91c742-62b4-4004-b056-22fe507a7725]
2024-04-24T08:08:51,340  INFO [5b91c742-62b4-4004-b056-22fe507a7725 main] common.LogUtils: Thread context registration is done.
DEBUG StatusLogger Building Plugin[name=filter, class=org.apache.hadoop.hive.ql.log.LogDivertAppender$NameFilter].
DEBUG StatusLogger createFilter(loggingLevel="EXECUTION")
DEBUG StatusLogger Building Plugin[name=layout, class=org.apache.logging.log4j.core.layout.PatternLayout].
DEBUG StatusLogger PatternLayout$Builder(Replace=null, footer="null", PatternSelector=null, pattern="%-5p : %m%n", noConsoleNoAnsi="null", disableAnsi="null", alwaysWriteExceptions="null", header="null", Configuration(HiveLog4j2Test), charset="null")
DEBUG StatusLogger Building Plugin[name=appender, class=org.apache.hadoop.hive.ql.log.HushableRandomAccessFileAppender].
DEBUG StatusLogger createAppender(fileName="/home/alex/Repositories/hive/beeline/target/tmp/alex/operation_logs/5b91c742-62b4-4004-b056-22fe507a7725/alex_20240424080851_6319e058-5cf0-4b5b-91cd-c1884d7b494a", append="null", name="query-file-appender", immediateFlush="null", bufferSize="null", ignoreExceptions="null", PatternLayout(org.apache.logging.log4j.core.layout.PatternLayout with name PatternLayout), NameFilter(org.apache.hadoop.hive.ql.log.LogDivertAppender$NameFilter with name NameFilter), advertise="null", advertiseURI="null", Configuration(HiveLog4j2Test))
DEBUG StatusLogger Starting RandomAccessFileManager /home/alex/Repositories/hive/beeline/target/tmp/alex/operation_logs/5b91c742-62b4-4004-b056-22fe507a7725/alex_20240424080851_6319e058-5cf0-4b5b-91cd-c1884d7b494a
DEBUG StatusLogger Building Plugin[name=, class=org.apache.hadoop.hive.ql.log.LogDivertAppenderForTest$TestFilter].
DEBUG StatusLogger createFilter()
DEBUG StatusLogger Building Plugin[name=, class=org.apache.logging.log4j.core.layout.PatternLayout].
DEBUG StatusLogger PatternLayout$Builder(disableAnsi="null", footer="null", alwaysWriteExceptions="null", header="null", charset="null", noConsoleNoAnsi="null", pattern="%-5p : %m%n", Configuration(HiveLog4j2Test), Replace=null, PatternSelector=null)
DEBUG StatusLogger Building Plugin[name=appender, class=org.apache.hadoop.hive.ql.log.HushableRandomAccessFileAppender].
DEBUG StatusLogger createAppender(fileName="/home/alex/Repositories/hive/beeline/target/tmp/alex/operation_logs/5b91c742-62b4-4004-b056-22fe507a7725/alex_20240424080851_6319e058-5cf0-4b5b-91cd-c1884d7b494a.test", append="null", name="test-query-file-appender", immediateFlush="null", bufferSize="null", ignoreExceptions="null", PatternLayout(org.apache.logging.log4j.core.layout.PatternLayout with name PatternLayout), test-filter(org.apache.hadoop.hive.ql.log.LogDivertAppenderForTest$TestFilter with name test-filter), advertise="null", advertiseURI="null", Configuration(HiveLog4j2Test))
DEBUG StatusLogger Starting RandomAccessFileManager /home/alex/Repositories/hive/beeline/target/tmp/alex/operation_logs/5b91c742-62b4-4004-b056-22fe507a7725/alex_20240424080851_6319e058-5cf0-4b5b-91cd-c1884d7b494a.test
2024-04-24T08:08:51,351  INFO [5b91c742-62b4-4004-b056-22fe507a7725 main] operation.SQLOperation: [opType=EXECUTE_STATEMENT, queryId=alex_20240424080851_6319e058-5cf0-4b5b-91cd-c1884d7b494a, startTime=1713971331338, sessionId=5b91c742-62b4-4004-b056-22fe507a7725, createTime=1713971331147, userName=null, ipAddress=null]
2024-04-24T08:08:51,352  INFO [5b91c742-62b4-4004-b056-22fe507a7725 main] ql.Driver: Compiling command(queryId=alex_20240424080851_6319e058-5cf0-4b5b-91cd-c1884d7b494a): create database if not exists testDB
2024-04-24T08:08:51,353  INFO [5b91c742-62b4-4004-b056-22fe507a7725 main] metastore.HiveMetaStoreClient: HMS client filtering is enabled.
2024-04-24T08:08:51,355  INFO [5b91c742-62b4-4004-b056-22fe507a7725 main] metastore.HMSHandler: 0: Opening raw store with implementation class:org.apache.hadoop.hive.metastore.ObjectStore
2024-04-24T08:08:51,355  INFO [5b91c742-62b4-4004-b056-22fe507a7725 main] metastore.PersistenceManagerProvider: Configuration datanucleus.autoStartMechanismMode is not set. Defaulting to 'ignored'
2024-04-24T08:08:51,355  INFO [5b91c742-62b4-4004-b056-22fe507a7725 main] metastore.ObjectStore: RawStore: org.apache.hadoop.hive.metastore.ObjectStore@5be7b749, with PersistenceManager: null will be shutdown
2024-04-24T08:08:51,356  INFO [5b91c742-62b4-4004-b056-22fe507a7725 main] metastore.ObjectStore: RawStore: org.apache.hadoop.hive.metastore.ObjectStore@5be7b749, with PersistenceManager: org.datanucleus.api.jdo.JDOPersistenceManager@44aeae34 created in the thread with id: 1
2024-04-24T08:08:51,358  INFO [5b91c742-62b4-4004-b056-22fe507a7725 main] metastore.HMSHandler: Created RawStore: org.apache.hadoop.hive.metastore.ObjectStore@5be7b749 from thread id: 1
2024-04-24T08:08:51,358  INFO [5b91c742-62b4-4004-b056-22fe507a7725 main] metastore.HMSHandler: HMS server filtering is disabled by configuration
2024-04-24T08:08:51,358  INFO [5b91c742-62b4-4004-b056-22fe507a7725 main] metastore.RetryingMetaStoreClient: RetryingMetaStoreClient proxy=class org.apache.hadoop.hive.ql.metadata.SessionHiveMetaStoreClient ugi=alex (auth:SIMPLE) retries=1 delay=1 lifetime=0
2024-04-24T08:08:51,359  INFO [5b91c742-62b4-4004-b056-22fe507a7725 main] ql.Driver: Semantic Analysis Completed (retrial = false)
2024-04-24T08:08:51,359  INFO [5b91c742-62b4-4004-b056-22fe507a7725 main] ql.Driver: Created Hive schema: Schema(fieldSchemas:null, properties:null)
2024-04-24T08:08:51,359  INFO [5b91c742-62b4-4004-b056-22fe507a7725 main] metadata.Hive: Dumping metastore api call timing information for : compilation phase
2024-04-24T08:08:51,359  INFO [5b91c742-62b4-4004-b056-22fe507a7725 main] metadata.Hive: Total time spent in each metastore function (ms): {isCompatibleWith_(Configuration)=0, flushCache_()=0}
2024-04-24T08:08:51,359  INFO [5b91c742-62b4-4004-b056-22fe507a7725 main] ql.Driver: Completed compiling command(queryId=alex_20240424080851_6319e058-5cf0-4b5b-91cd-c1884d7b494a); Time taken: 0.007 seconds
2024-04-24T08:08:51,361  INFO [5b91c742-62b4-4004-b056-22fe507a7725 main] common.LogUtils: Unregistered logging context.
2024-04-24T08:08:51,361  INFO [HiveServer2-Background-Pool: Thread-350] common.LogUtils: Thread context registration is done.
2024-04-24T08:08:51,361  INFO [HiveServer2-Background-Pool: Thread-350] reexec.ReExecDriver: Execution #1 of query
2024-04-24T08:08:51,361  INFO [HiveServer2-Background-Pool: Thread-350] ql.Driver: Concurrency mode is disabled, not creating a lock manager
2024-04-24T08:08:51,361  INFO [HiveServer2-Background-Pool: Thread-350] ql.Driver: Executing command(queryId=alex_20240424080851_6319e058-5cf0-4b5b-91cd-c1884d7b494a): create database if not exists testDB
2024-04-24T08:08:51,362  INFO [HiveServer2-Background-Pool: Thread-350] ql.Driver: Starting task [Stage-0:DDL] in serial mode
2024-04-24T08:08:51,363  INFO [HiveServer2-Background-Pool: Thread-350] sqlstd.SQLStdHiveAccessController: Created SQLStdHiveAccessController for session context : HiveAuthzSessionContext [sessionString=5b91c742-62b4-4004-b056-22fe507a7725, clientType=HIVESERVER2]
2024-04-24T08:08:51,363  WARN [HiveServer2-Background-Pool: Thread-350] exec.DDLTask: metastore.warehouse.external.dir is not set, falling back to metastore.warehouse.dir. This could cause external tables to use to managed tablespace.
2024-04-24T08:08:51,364  INFO [HiveServer2-Background-Pool: Thread-350] HiveMetaStore.audit: ugi=alex	ip=unknown-ip-addr	cmd=create_database: Database(name:testDB, description:null, locationUri:file:/home/alex/Repositories/hive/beeline/target/tmp/warehouse/testdb.db, parameters:null, ownerName:alex, ownerType:USER, catalogName:hive, type:NATIVE)	
2024-04-24T08:08:51,365  INFO [HiveServer2-Background-Pool: Thread-350] metastore.HMSHandler: 16: Opening raw store with implementation class:org.apache.hadoop.hive.metastore.ObjectStore
2024-04-24T08:08:51,366  INFO [HiveServer2-Background-Pool: Thread-350] metastore.ObjectStore: RawStore: org.apache.hadoop.hive.metastore.ObjectStore@593f404b, with PersistenceManager: null will be shutdown
2024-04-24T08:08:51,366  INFO [HiveServer2-Background-Pool: Thread-350] metastore.ObjectStore: RawStore: org.apache.hadoop.hive.metastore.ObjectStore@593f404b, with PersistenceManager: org.datanucleus.api.jdo.JDOPersistenceManager@1c3dc508 created in the thread with id: 350
2024-04-24T08:08:51,369  INFO [HiveServer2-Background-Pool: Thread-350] metastore.HMSHandler: Created RawStore: org.apache.hadoop.hive.metastore.ObjectStore@593f404b from thread id: 350
2024-04-24T08:08:51,371 ERROR [HiveServer2-Background-Pool: Thread-350] metastore.RetryingHMSHandler: AlreadyExistsException(message:Database testDB already exists)
	at org.apache.hadoop.hive.metastore.HMSHandler.create_database(HMSHandler.java:1472)
	at sun.reflect.NativeMethodAccessorImpl.invoke0(Native Method)
	at sun.reflect.NativeMethodAccessorImpl.invoke(NativeMethodAccessorImpl.java:62)
	at sun.reflect.DelegatingMethodAccessorImpl.invoke(DelegatingMethodAccessorImpl.java:43)
	at java.lang.reflect.Method.invoke(Method.java:498)
	at org.apache.hadoop.hive.metastore.RetryingHMSHandler.invokeInternal(RetryingHMSHandler.java:147)
	at org.apache.hadoop.hive.metastore.RetryingHMSHandler.invoke(RetryingHMSHandler.java:108)
	at com.sun.proxy.$Proxy40.create_database(Unknown Source)
	at org.apache.hadoop.hive.metastore.HiveMetaStoreClient.createDatabase(HiveMetaStoreClient.java:1151)
	at sun.reflect.NativeMethodAccessorImpl.invoke0(Native Method)
	at sun.reflect.NativeMethodAccessorImpl.invoke(NativeMethodAccessorImpl.java:62)
	at sun.reflect.DelegatingMethodAccessorImpl.invoke(DelegatingMethodAccessorImpl.java:43)
	at java.lang.reflect.Method.invoke(Method.java:498)
	at org.apache.hadoop.hive.metastore.RetryingMetaStoreClient.invoke(RetryingMetaStoreClient.java:218)
	at com.sun.proxy.$Proxy41.createDatabase(Unknown Source)
	at org.apache.hadoop.hive.ql.metadata.Hive.createDatabase(Hive.java:605)
	at org.apache.hadoop.hive.ql.ddl.database.create.CreateDatabaseOperation.execute(CreateDatabaseOperation.java:68)
	at org.apache.hadoop.hive.ql.ddl.DDLTask.execute(DDLTask.java:84)
	at org.apache.hadoop.hive.ql.exec.Task.executeTask(Task.java:212)
	at org.apache.hadoop.hive.ql.exec.TaskRunner.runSequential(TaskRunner.java:105)
	at org.apache.hadoop.hive.ql.Executor.launchTask(Executor.java:361)
	at org.apache.hadoop.hive.ql.Executor.launchTasks(Executor.java:334)
	at org.apache.hadoop.hive.ql.Executor.runTasks(Executor.java:245)
	at org.apache.hadoop.hive.ql.Executor.execute(Executor.java:108)
	at org.apache.hadoop.hive.ql.Driver.execute(Driver.java:348)
	at org.apache.hadoop.hive.ql.Driver.runInternal(Driver.java:204)
	at org.apache.hadoop.hive.ql.Driver.run(Driver.java:153)
	at org.apache.hadoop.hive.ql.Driver.run(Driver.java:148)
	at org.apache.hadoop.hive.ql.reexec.ReExecDriver.run(ReExecDriver.java:164)
	at org.apache.hive.service.cli.operation.SQLOperation.runQuery(SQLOperation.java:233)
	at org.apache.hive.service.cli.operation.SQLOperation.access$500(SQLOperation.java:88)
	at org.apache.hive.service.cli.operation.SQLOperation$BackgroundWork$1.run(SQLOperation.java:336)
	at java.security.AccessController.doPrivileged(Native Method)
	at javax.security.auth.Subject.doAs(Subject.java:422)
	at org.apache.hadoop.security.UserGroupInformation.doAs(UserGroupInformation.java:1682)
	at org.apache.hive.service.cli.operation.SQLOperation$BackgroundWork.run(SQLOperation.java:356)
	at java.util.concurrent.Executors$RunnableAdapter.call(Executors.java:511)
	at java.util.concurrent.FutureTask.run(FutureTask.java:266)
	at java.util.concurrent.ThreadPoolExecutor.runWorker(ThreadPoolExecutor.java:1149)
	at java.util.concurrent.ThreadPoolExecutor$Worker.run(ThreadPoolExecutor.java:624)
	at java.lang.Thread.run(Thread.java:750)

2024-04-24T08:08:51,371  INFO [HiveServer2-Background-Pool: Thread-350] metadata.Hive: Dumping metastore api call timing information for : execution phase
2024-04-24T08:08:51,371  INFO [HiveServer2-Background-Pool: Thread-350] metadata.Hive: Total time spent in each metastore function (ms): {isCompatibleWith_(Configuration)=0}
2024-04-24T08:08:51,371  INFO [HiveServer2-Background-Pool: Thread-350] ql.Driver: Completed executing command(queryId=alex_20240424080851_6319e058-5cf0-4b5b-91cd-c1884d7b494a); Time taken: 0.01 seconds
2024-04-24T08:08:51,372  INFO [HiveServer2-Background-Pool: Thread-350] common.LogUtils: Unregistered logging context.
2024-04-24T08:08:51,374  INFO [5b91c742-62b4-4004-b056-22fe507a7725 main] operation.OperationManager: Closing operation: OperationHandle [opType=EXECUTE_STATEMENT, getHandleIdentifier()=d71fd0cb-66b3-47fd-9577-81ce37f18422]
2024-04-24T08:08:51,374  INFO [5b91c742-62b4-4004-b056-22fe507a7725 main] operation.OperationManager: Removed queryId: alex_20240424080851_6319e058-5cf0-4b5b-91cd-c1884d7b494a corresponding to operation: OperationHandle [opType=EXECUTE_STATEMENT, getHandleIdentifier()=d71fd0cb-66b3-47fd-9577-81ce37f18422] with tag: null
2024-04-24T08:08:51,374  INFO [5b91c742-62b4-4004-b056-22fe507a7725 main] operation.SQLOperation: Closing operation log /home/alex/Repositories/hive/beeline/target/tmp/alex/operation_logs/5b91c742-62b4-4004-b056-22fe507a7725/alex_20240424080851_6319e058-5cf0-4b5b-91cd-c1884d7b494a without delay
2024-04-24T08:08:51,379  INFO [5b91c742-62b4-4004-b056-22fe507a7725 main] session.HiveSessionImpl: executing use default
2024-04-24T08:08:51,380  INFO [5b91c742-62b4-4004-b056-22fe507a7725 main] operation.OperationManager: Adding operation: OperationHandle [opType=EXECUTE_STATEMENT, getHandleIdentifier()=6b9c3495-8495-4f9b-b243-a24f143b282f] SessionHandle [5b91c742-62b4-4004-b056-22fe507a7725]
2024-04-24T08:08:51,380  INFO [5b91c742-62b4-4004-b056-22fe507a7725 main] common.LogUtils: Thread context registration is done.
DEBUG StatusLogger Building Plugin[name=filter, class=org.apache.hadoop.hive.ql.log.LogDivertAppender$NameFilter].
DEBUG StatusLogger createFilter(loggingLevel="EXECUTION")
DEBUG StatusLogger Building Plugin[name=layout, class=org.apache.logging.log4j.core.layout.PatternLayout].
DEBUG StatusLogger PatternLayout$Builder(noConsoleNoAnsi="null", footer="null", charset="null", alwaysWriteExceptions="null", Configuration(HiveLog4j2Test), Replace=null, pattern="%-5p : %m%n", PatternSelector=null, disableAnsi="null", header="null")
DEBUG StatusLogger Building Plugin[name=appender, class=org.apache.hadoop.hive.ql.log.HushableRandomAccessFileAppender].
DEBUG StatusLogger createAppender(fileName="/home/alex/Repositories/hive/beeline/target/tmp/alex/operation_logs/5b91c742-62b4-4004-b056-22fe507a7725/alex_20240424080851_a49db6fd-713d-4c0e-b34d-86b7d7b378f4", append="null", name="query-file-appender", immediateFlush="null", bufferSize="null", ignoreExceptions="null", PatternLayout(org.apache.logging.log4j.core.layout.PatternLayout with name PatternLayout), NameFilter(org.apache.hadoop.hive.ql.log.LogDivertAppender$NameFilter with name NameFilter), advertise="null", advertiseURI="null", Configuration(HiveLog4j2Test))
DEBUG StatusLogger Starting RandomAccessFileManager /home/alex/Repositories/hive/beeline/target/tmp/alex/operation_logs/5b91c742-62b4-4004-b056-22fe507a7725/alex_20240424080851_a49db6fd-713d-4c0e-b34d-86b7d7b378f4
DEBUG StatusLogger Building Plugin[name=, class=org.apache.hadoop.hive.ql.log.LogDivertAppenderForTest$TestFilter].
DEBUG StatusLogger createFilter()
DEBUG StatusLogger Building Plugin[name=, class=org.apache.logging.log4j.core.layout.PatternLayout].
DEBUG StatusLogger PatternLayout$Builder(Configuration(HiveLog4j2Test), alwaysWriteExceptions="null", disableAnsi="null", noConsoleNoAnsi="null", header="null", charset="null", Replace=null, pattern="%-5p : %m%n", PatternSelector=null, footer="null")
DEBUG StatusLogger Building Plugin[name=appender, class=org.apache.hadoop.hive.ql.log.HushableRandomAccessFileAppender].
DEBUG StatusLogger createAppender(fileName="/home/alex/Repositories/hive/beeline/target/tmp/alex/operation_logs/5b91c742-62b4-4004-b056-22fe507a7725/alex_20240424080851_a49db6fd-713d-4c0e-b34d-86b7d7b378f4.test", append="null", name="test-query-file-appender", immediateFlush="null", bufferSize="null", ignoreExceptions="null", PatternLayout(org.apache.logging.log4j.core.layout.PatternLayout with name PatternLayout), test-filter(org.apache.hadoop.hive.ql.log.LogDivertAppenderForTest$TestFilter with name test-filter), advertise="null", advertiseURI="null", Configuration(HiveLog4j2Test))
DEBUG StatusLogger Starting RandomAccessFileManager /home/alex/Repositories/hive/beeline/target/tmp/alex/operation_logs/5b91c742-62b4-4004-b056-22fe507a7725/alex_20240424080851_a49db6fd-713d-4c0e-b34d-86b7d7b378f4.test
2024-04-24T08:08:51,387  INFO [5b91c742-62b4-4004-b056-22fe507a7725 main] operation.SQLOperation: [opType=EXECUTE_STATEMENT, queryId=alex_20240424080851_a49db6fd-713d-4c0e-b34d-86b7d7b378f4, startTime=1713971331379, sessionId=5b91c742-62b4-4004-b056-22fe507a7725, createTime=1713971331147, userName=null, ipAddress=null]
2024-04-24T08:08:51,388  INFO [5b91c742-62b4-4004-b056-22fe507a7725 main] ql.Driver: Compiling command(queryId=alex_20240424080851_a49db6fd-713d-4c0e-b34d-86b7d7b378f4): use default
2024-04-24T08:08:51,389  INFO [5b91c742-62b4-4004-b056-22fe507a7725 main] HiveMetaStore.audit: ugi=alex	ip=unknown-ip-addr	cmd=get_database: default	
2024-04-24T08:08:51,391  INFO [5b91c742-62b4-4004-b056-22fe507a7725 main] ql.Driver: Semantic Analysis Completed (retrial = false)
2024-04-24T08:08:51,391  INFO [5b91c742-62b4-4004-b056-22fe507a7725 main] ql.Driver: Created Hive schema: Schema(fieldSchemas:null, properties:null)
2024-04-24T08:08:51,391  INFO [5b91c742-62b4-4004-b056-22fe507a7725 main] metadata.Hive: Dumping metastore api call timing information for : compilation phase
2024-04-24T08:08:51,391  INFO [5b91c742-62b4-4004-b056-22fe507a7725 main] metadata.Hive: Total time spent in each metastore function (ms): {flushCache_()=0, getDatabase_(String)=2, isCompatibleWith_(Configuration)=0}
2024-04-24T08:08:51,391  INFO [5b91c742-62b4-4004-b056-22fe507a7725 main] ql.Driver: Completed compiling command(queryId=alex_20240424080851_a49db6fd-713d-4c0e-b34d-86b7d7b378f4); Time taken: 0.003 seconds
2024-04-24T08:08:51,392  INFO [HiveServer2-Background-Pool: Thread-353] common.LogUtils: Thread context registration is done.
2024-04-24T08:08:51,392  INFO [5b91c742-62b4-4004-b056-22fe507a7725 main] common.LogUtils: Unregistered logging context.
2024-04-24T08:08:51,392  INFO [HiveServer2-Background-Pool: Thread-353] reexec.ReExecDriver: Execution #1 of query
2024-04-24T08:08:51,393  INFO [HiveServer2-Background-Pool: Thread-353] ql.Driver: Concurrency mode is disabled, not creating a lock manager
2024-04-24T08:08:51,394  INFO [HiveServer2-Background-Pool: Thread-353] ql.Driver: Executing command(queryId=alex_20240424080851_a49db6fd-713d-4c0e-b34d-86b7d7b378f4): use default
2024-04-24T08:08:51,394  INFO [HiveServer2-Background-Pool: Thread-353] ql.Driver: Starting task [Stage-0:DDL] in serial mode
2024-04-24T08:08:51,395  INFO [HiveServer2-Background-Pool: Thread-353] HiveMetaStore.audit: ugi=alex	ip=unknown-ip-addr	cmd=get_database: default	
2024-04-24T08:08:51,396  INFO [HiveServer2-Background-Pool: Thread-353] metastore.HMSHandler: 17: Opening raw store with implementation class:org.apache.hadoop.hive.metastore.ObjectStore
2024-04-24T08:08:51,397  INFO [HiveServer2-Background-Pool: Thread-353] metastore.ObjectStore: RawStore: org.apache.hadoop.hive.metastore.ObjectStore@7d4d968a, with PersistenceManager: null will be shutdown
2024-04-24T08:08:51,397  INFO [HiveServer2-Background-Pool: Thread-353] metastore.ObjectStore: RawStore: org.apache.hadoop.hive.metastore.ObjectStore@7d4d968a, with PersistenceManager: org.datanucleus.api.jdo.JDOPersistenceManager@384f0747 created in the thread with id: 353
2024-04-24T08:08:51,401  INFO [HiveServer2-Background-Pool: Thread-353] metastore.HMSHandler: Created RawStore: org.apache.hadoop.hive.metastore.ObjectStore@7d4d968a from thread id: 353
2024-04-24T08:08:51,403  INFO [HiveServer2-Background-Pool: Thread-353] HiveMetaStore.audit: ugi=alex	ip=unknown-ip-addr	cmd=get_database: default	
2024-04-24T08:08:51,405  INFO [HiveServer2-Background-Pool: Thread-353] metadata.Hive: Dumping metastore api call timing information for : execution phase
2024-04-24T08:08:51,405  INFO [HiveServer2-Background-Pool: Thread-353] metadata.Hive: Total time spent in each metastore function (ms): {isCompatibleWith_(Configuration)=0, getDatabase_(String)=11}
2024-04-24T08:08:51,406  INFO [HiveServer2-Background-Pool: Thread-353] ql.Driver: Completed executing command(queryId=alex_20240424080851_a49db6fd-713d-4c0e-b34d-86b7d7b378f4); Time taken: 0.012 seconds
2024-04-24T08:08:51,406  INFO [HiveServer2-Background-Pool: Thread-353] common.LogUtils: Unregistered logging context.
2024-04-24T08:08:51,408  INFO [5b91c742-62b4-4004-b056-22fe507a7725 main] operation.OperationManager: Closing operation: OperationHandle [opType=EXECUTE_STATEMENT, getHandleIdentifier()=6b9c3495-8495-4f9b-b243-a24f143b282f]
2024-04-24T08:08:51,408  INFO [5b91c742-62b4-4004-b056-22fe507a7725 main] operation.OperationManager: Removed queryId: alex_20240424080851_a49db6fd-713d-4c0e-b34d-86b7d7b378f4 corresponding to operation: OperationHandle [opType=EXECUTE_STATEMENT, getHandleIdentifier()=6b9c3495-8495-4f9b-b243-a24f143b282f] with tag: null
2024-04-24T08:08:51,408  INFO [5b91c742-62b4-4004-b056-22fe507a7725 main] operation.SQLOperation: Closing operation log /home/alex/Repositories/hive/beeline/target/tmp/alex/operation_logs/5b91c742-62b4-4004-b056-22fe507a7725/alex_20240424080851_a49db6fd-713d-4c0e-b34d-86b7d7b378f4 without delay
2024-04-24T08:08:51,412  INFO [main] service.CompositeService: Session closed, SessionHandle [5b91c742-62b4-4004-b056-22fe507a7725], current sessions:0
2024-04-24T08:08:51,412  INFO [5b91c742-62b4-4004-b056-22fe507a7725 main] session.HiveSessionImpl: Operation log session directory is deleted: /home/alex/Repositories/hive/beeline/target/tmp/alex/operation_logs/5b91c742-62b4-4004-b056-22fe507a7725
2024-04-24T08:08:51,413  INFO [main] cleanup.EventualCleanupService: Delete /tmp/hive/alex/5b91c742-62b4-4004-b056-22fe507a7725 operation was queued
2024-04-24T08:08:51,413  INFO [main] cleanup.EventualCleanupService: Delete /home/alex/Repositories/hive/beeline/target/tmp/alex/5b91c742-62b4-4004-b056-22fe507a7725 operation was queued
2024-04-24T08:08:51,413  INFO [EventualCleanupService thread 1] cleanup.EventualCleanupService: Deleted /home/alex/Repositories/hive/beeline/target/tmp/alex/5b91c742-62b4-4004-b056-22fe507a7725
2024-04-24T08:08:51,413  INFO [EventualCleanupService thread 0] cleanup.EventualCleanupService: Deleted /tmp/hive/alex/5b91c742-62b4-4004-b056-22fe507a7725
2024-04-24T08:08:51,414  INFO [main] HiveMetaStore.audit: ugi=alex	ip=unknown-ip-addr	cmd=Cleaning up thread local RawStore...	
2024-04-24T08:08:51,414  INFO [main] metastore.ObjectStore: RawStore: org.apache.hadoop.hive.metastore.ObjectStore@5be7b749, with PersistenceManager: org.datanucleus.api.jdo.JDOPersistenceManager@44aeae34 will be shutdown
2024-04-24T08:08:51,414  INFO [main] HiveMetaStore.audit: ugi=alex	ip=unknown-ip-addr	cmd=Done cleaning up thread local RawStore	
2024-04-24T08:08:51,414  INFO [main] metastore.HiveMetaStoreClient: Closed a connection to metastore, current connections: -21
]]></system-err>
  </testcase>
  <testcase name="testDatabaseOptions" classname="org.apache.hive.beeline.cli.TestHiveCli" time="0.353">
    <failure type="java.lang.AssertionError"><![CDATA[java.lang.AssertionError: The expected keyword "testtbl" occur in the output: 
	at org.junit.Assert.fail(Assert.java:89)
	at org.junit.Assert.assertTrue(Assert.java:42)
	at org.apache.hive.beeline.cli.TestHiveCli.verifyCMD(TestHiveCli.java:270)
	at org.apache.hive.beeline.cli.TestHiveCli.testDatabaseOptions(TestHiveCli.java:107)
	at sun.reflect.NativeMethodAccessorImpl.invoke0(Native Method)
	at sun.reflect.NativeMethodAccessorImpl.invoke(NativeMethodAccessorImpl.java:62)
	at sun.reflect.DelegatingMethodAccessorImpl.invoke(DelegatingMethodAccessorImpl.java:43)
	at java.lang.reflect.Method.invoke(Method.java:498)
	at org.junit.runners.model.FrameworkMethod$1.runReflectiveCall(FrameworkMethod.java:59)
	at org.junit.internal.runners.model.ReflectiveCallable.run(ReflectiveCallable.java:12)
	at org.junit.runners.model.FrameworkMethod.invokeExplosively(FrameworkMethod.java:56)
	at org.junit.internal.runners.statements.InvokeMethod.evaluate(InvokeMethod.java:17)
	at org.junit.internal.runners.statements.RunBefores.evaluate(RunBefores.java:26)
	at org.junit.internal.runners.statements.RunAfters.evaluate(RunAfters.java:27)
	at org.junit.runners.ParentRunner$3.evaluate(ParentRunner.java:306)
	at org.junit.runners.BlockJUnit4ClassRunner$1.evaluate(BlockJUnit4ClassRunner.java:100)
	at org.junit.runners.ParentRunner.runLeaf(ParentRunner.java:366)
	at org.junit.runners.BlockJUnit4ClassRunner.runChild(BlockJUnit4ClassRunner.java:103)
	at org.junit.runners.BlockJUnit4ClassRunner.runChild(BlockJUnit4ClassRunner.java:63)
	at org.junit.runners.ParentRunner$4.run(ParentRunner.java:331)
	at org.junit.runners.ParentRunner$1.schedule(ParentRunner.java:79)
	at org.junit.runners.ParentRunner.runChildren(ParentRunner.java:329)
	at org.junit.runners.ParentRunner.access$100(ParentRunner.java:66)
	at org.junit.runners.ParentRunner$2.evaluate(ParentRunner.java:293)
	at org.junit.internal.runners.statements.RunBefores.evaluate(RunBefores.java:26)
	at org.junit.runners.ParentRunner$3.evaluate(ParentRunner.java:306)
	at org.junit.runners.ParentRunner.run(ParentRunner.java:413)
	at org.junit.runner.JUnitCore.run(JUnitCore.java:137)
	at org.junit.runner.JUnitCore.run(JUnitCore.java:115)
	at org.junit.vintage.engine.execution.RunnerExecutor.execute(RunnerExecutor.java:43)
	at java.util.stream.ForEachOps$ForEachOp$OfRef.accept(ForEachOps.java:183)
	at java.util.stream.ReferencePipeline$3$1.accept(ReferencePipeline.java:193)
	at java.util.Iterator.forEachRemaining(Iterator.java:116)
	at java.util.Spliterators$IteratorSpliterator.forEachRemaining(Spliterators.java:1801)
	at java.util.stream.AbstractPipeline.copyInto(AbstractPipeline.java:482)
	at java.util.stream.AbstractPipeline.wrapAndCopyInto(AbstractPipeline.java:472)
	at java.util.stream.ForEachOps$ForEachOp.evaluateSequential(ForEachOps.java:150)
	at java.util.stream.ForEachOps$ForEachOp$OfRef.evaluateSequential(ForEachOps.java:173)
	at java.util.stream.AbstractPipeline.evaluate(AbstractPipeline.java:234)
	at java.util.stream.ReferencePipeline.forEach(ReferencePipeline.java:485)
	at org.junit.vintage.engine.VintageTestEngine.executeAllChildren(VintageTestEngine.java:82)
	at org.junit.vintage.engine.VintageTestEngine.execute(VintageTestEngine.java:73)
	at org.junit.platform.launcher.core.DefaultLauncher.execute(DefaultLauncher.java:248)
	at org.junit.platform.launcher.core.DefaultLauncher.lambda$execute$5(DefaultLauncher.java:211)
	at org.junit.platform.launcher.core.DefaultLauncher.withInterceptedStreams(DefaultLauncher.java:226)
	at org.junit.platform.launcher.core.DefaultLauncher.execute(DefaultLauncher.java:199)
	at org.junit.platform.launcher.core.DefaultLauncher.execute(DefaultLauncher.java:132)
	at org.apache.maven.surefire.junitplatform.JUnitPlatformProvider.invokeAllTests(JUnitPlatformProvider.java:154)
	at org.apache.maven.surefire.junitplatform.JUnitPlatformProvider.invoke(JUnitPlatformProvider.java:123)
	at org.apache.maven.surefire.booter.ForkedBooter.runSuitesInProcess(ForkedBooter.java:377)
	at org.apache.maven.surefire.booter.ForkedBooter.execute(ForkedBooter.java:138)
	at org.apache.maven.surefire.booter.ForkedBooter.run(ForkedBooter.java:465)
	at org.apache.maven.surefire.booter.ForkedBooter.main(ForkedBooter.java:451)
]]></failure>
    <system-err><![CDATA[2024-04-24T08:08:51,416 ERROR [main] cli.TestHiveCli: Failed to execute command due to the error: java.lang.NullPointerException: Null output stream
2024-04-24T08:08:51,466  WARN [main] conf.HiveConf: HiveConf of name hive.dummyparam.test.server.specific.config.metastoresite does not exist
2024-04-24T08:08:51,466  WARN [main] conf.HiveConf: HiveConf of name hive.dummyparam.test.server.specific.config.override does not exist
2024-04-24T08:08:51,467  WARN [main] conf.HiveConf: HiveConf of name hive.dummyparam.test.server.specific.config.hiveserver2site does not exist
2024-04-24T08:08:51,467  INFO [main] SessionState: Hive Session ID = 4a18bf79-c4c2-4196-9ae5-bf1d9289cd77
2024-04-24T08:08:51,468  INFO [main] DependencyResolver: ivysettings.xml file not found in HIVE_HOME or HIVE_CONF_DIR,/home/alex/Repositories/hive/conf/ivysettings.xml will be used
2024-04-24T08:08:51,475  INFO [main] session.SessionState: Created HDFS directory: /tmp/hive/alex/4a18bf79-c4c2-4196-9ae5-bf1d9289cd77
2024-04-24T08:08:51,478  INFO [main] session.SessionState: Created local directory: /home/alex/Repositories/hive/beeline/target/tmp/alex/4a18bf79-c4c2-4196-9ae5-bf1d9289cd77
2024-04-24T08:08:51,481  INFO [main] session.SessionState: Created HDFS directory: /tmp/hive/alex/4a18bf79-c4c2-4196-9ae5-bf1d9289cd77/_tmp_space.db
2024-04-24T08:08:51,482  INFO [main] sqlstd.SQLStdHiveAccessController: Created SQLStdHiveAccessController for session context : HiveAuthzSessionContext [sessionString=4a18bf79-c4c2-4196-9ae5-bf1d9289cd77, clientType=HIVESERVER2]
2024-04-24T08:08:51,483  INFO [main] metastore.HiveMetaStoreClient: HMS client filtering is enabled.
2024-04-24T08:08:51,484  INFO [main] metastore.HMSHandler: 0: Opening raw store with implementation class:org.apache.hadoop.hive.metastore.ObjectStore
2024-04-24T08:08:51,484  INFO [main] metastore.PersistenceManagerProvider: Configuration datanucleus.autoStartMechanismMode is not set. Defaulting to 'ignored'
2024-04-24T08:08:51,484  INFO [main] metastore.ObjectStore: RawStore: org.apache.hadoop.hive.metastore.ObjectStore@72001c71, with PersistenceManager: null will be shutdown
2024-04-24T08:08:51,485  INFO [main] metastore.ObjectStore: RawStore: org.apache.hadoop.hive.metastore.ObjectStore@72001c71, with PersistenceManager: org.datanucleus.api.jdo.JDOPersistenceManager@e7b0bec created in the thread with id: 1
2024-04-24T08:08:51,487  INFO [main] metastore.HMSHandler: Created RawStore: org.apache.hadoop.hive.metastore.ObjectStore@72001c71 from thread id: 1
2024-04-24T08:08:51,487  INFO [main] metastore.HMSHandler: HMS server filtering is disabled by configuration
2024-04-24T08:08:51,488  INFO [main] metastore.RetryingMetaStoreClient: RetryingMetaStoreClient proxy=class org.apache.hadoop.hive.ql.metadata.SessionHiveMetaStoreClient ugi=alex (auth:SIMPLE) retries=1 delay=1 lifetime=0
2024-04-24T08:08:51,488  INFO [main] service.CompositeService: Operation log root directory is created: /home/alex/Repositories/hive/beeline/target/tmp/alex/operation_logs
2024-04-24T08:08:51,488  INFO [main] service.CompositeService: HiveServer2: Background operation thread pool size: 100
2024-04-24T08:08:51,488  INFO [main] service.CompositeService: HiveServer2: Background operation thread wait queue size: 100
2024-04-24T08:08:51,488  INFO [main] service.CompositeService: HiveServer2: Background operation thread keepalive time: 10 seconds
2024-04-24T08:08:51,488  INFO [main] service.CompositeService: Connections limit are user: 0 ipaddress: 0 user-ipaddress: 0
2024-04-24T08:08:51,490  INFO [main] cleanup.EventualCleanupService: EventualCleanupService started with 10 threads and queue of size 10000
ERROR StatusLogger Log4j2 ConfigurationScheduler attempted to increment scheduled items after start
ERROR StatusLogger Log4j2 ConfigurationScheduler attempted to increment scheduled items after start
2024-04-24T08:08:51,492  INFO [main] service.AbstractService: Service:OperationManager is inited.
2024-04-24T08:08:51,492  INFO [main] service.AbstractService: Service:SessionManager is inited.
2024-04-24T08:08:51,492  INFO [main] service.AbstractService: Service:CLIService is inited.
2024-04-24T08:08:51,492  INFO [main] service.AbstractService: Service:OperationManager is started.
2024-04-24T08:08:51,492  INFO [main] service.AbstractService: Service:SessionManager is started.
2024-04-24T08:08:51,492  INFO [main] service.AbstractService: Service:CLIService is started.
2024-04-24T08:08:51,492  INFO [main] service.AbstractService: Service:ThriftBinaryCLIService is inited.
2024-04-24T08:08:51,492  INFO [main] thrift.ThriftCLIService: Client protocol version: HIVE_CLI_SERVICE_PROTOCOL_V10
2024-04-24T08:08:51,492  INFO [main] thrift.ThriftCLIService: Creating Hive session handle for user [null] from IP null
2024-04-24T08:08:51,494  INFO [main] DependencyResolver: ivysettings.xml file not found in HIVE_HOME or HIVE_CONF_DIR,/home/alex/Repositories/hive/conf/ivysettings.xml will be used
2024-04-24T08:08:51,501  INFO [main] session.SessionState: Created HDFS directory: /tmp/hive/alex/964a01a0-d6ee-475f-89b8-8beadb4721c2
2024-04-24T08:08:51,504  INFO [main] session.SessionState: Created local directory: /home/alex/Repositories/hive/beeline/target/tmp/alex/964a01a0-d6ee-475f-89b8-8beadb4721c2
2024-04-24T08:08:51,507  INFO [main] session.SessionState: Created HDFS directory: /tmp/hive/alex/964a01a0-d6ee-475f-89b8-8beadb4721c2/_tmp_space.db
2024-04-24T08:08:51,507  INFO [main] session.SessionState: Reloading auxiliary JAR files
2024-04-24T08:08:51,507  WARN [main] session.SessionState: Configuration hive.reloadable.aux.jars.path not specified
2024-04-24T08:08:51,507  INFO [main] HiveMetaStore.audit: ugi=alex	ip=unknown-ip-addr	cmd=Cleaning up thread local RawStore...	
2024-04-24T08:08:51,508  INFO [main] metastore.ObjectStore: RawStore: org.apache.hadoop.hive.metastore.ObjectStore@72001c71, with PersistenceManager: org.datanucleus.api.jdo.JDOPersistenceManager@e7b0bec will be shutdown
2024-04-24T08:08:51,508  INFO [main] HiveMetaStore.audit: ugi=alex	ip=unknown-ip-addr	cmd=Done cleaning up thread local RawStore	
2024-04-24T08:08:51,508  INFO [main] metastore.HiveMetaStoreClient: Closed a connection to metastore, current connections: -22
2024-04-24T08:08:51,508  INFO [main] session.HiveSessionImpl: Operation log session directory is created: /home/alex/Repositories/hive/beeline/target/tmp/alex/operation_logs/964a01a0-d6ee-475f-89b8-8beadb4721c2
2024-04-24T08:08:51,508  INFO [main] service.CompositeService: Session opened, SessionHandle [964a01a0-d6ee-475f-89b8-8beadb4721c2], current sessions:1
2024-04-24T08:08:51,508  INFO [main] thrift.ThriftCLIService: Login attempt is successful for user : null
2024-04-24T08:08:51,554  WARN [main] conf.HiveConf: HiveConf of name hive.dummyparam.test.server.specific.config.hiveserver2site does not exist
2024-04-24T08:08:51,554  WARN [main] conf.HiveConf: HiveConf of name hive.dummyparam.test.server.specific.config.metastoresite does not exist
2024-04-24T08:08:51,554  WARN [main] conf.HiveConf: HiveConf of name hive.dummyparam.test.server.specific.config.override does not exist
2024-04-24T08:08:51,554  INFO [964a01a0-d6ee-475f-89b8-8beadb4721c2 main] session.HiveSessionImpl: executing set
2024-04-24T08:08:51,555  INFO [964a01a0-d6ee-475f-89b8-8beadb4721c2 main] operation.HiveCommandOperation: Putting temp output to file /home/alex/Repositories/hive/beeline/target/tmp/alex/964a01a0-d6ee-475f-89b8-8beadb4721c27447878522693151042.pipeout and error output to file /home/alex/Repositories/hive/beeline/target/tmp/alex/964a01a0-d6ee-475f-89b8-8beadb4721c2173740880642432791.pipeout
2024-04-24T08:08:51,555  INFO [964a01a0-d6ee-475f-89b8-8beadb4721c2 main] operation.OperationManager: Adding operation: OperationHandle [opType=EXECUTE_STATEMENT, getHandleIdentifier()=4bcf263c-b74f-4f73-868b-458f4d2bc22e] SessionHandle [964a01a0-d6ee-475f-89b8-8beadb4721c2]
2024-04-24T08:08:51,556  INFO [964a01a0-d6ee-475f-89b8-8beadb4721c2 main] common.LogUtils: Thread context registration is done.
DEBUG StatusLogger Building Plugin[name=filter, class=org.apache.hadoop.hive.ql.log.LogDivertAppender$NameFilter].
DEBUG StatusLogger createFilter(loggingLevel="EXECUTION")
DEBUG StatusLogger Building Plugin[name=layout, class=org.apache.logging.log4j.core.layout.PatternLayout].
DEBUG StatusLogger PatternLayout$Builder(header="null", alwaysWriteExceptions="null", disableAnsi="null", footer="null", PatternSelector=null, pattern="%-5p : %m%n", Replace=null, charset="null", Configuration(HiveLog4j2Test), noConsoleNoAnsi="null")
DEBUG StatusLogger Building Plugin[name=appender, class=org.apache.hadoop.hive.ql.log.HushableRandomAccessFileAppender].
DEBUG StatusLogger createAppender(fileName="/home/alex/Repositories/hive/beeline/target/tmp/alex/operation_logs/964a01a0-d6ee-475f-89b8-8beadb4721c2/alex_20240424080851_c23666f2-72f5-4b52-9d3e-f1f1db9996b7", append="null", name="query-file-appender", immediateFlush="null", bufferSize="null", ignoreExceptions="null", PatternLayout(org.apache.logging.log4j.core.layout.PatternLayout with name PatternLayout), NameFilter(org.apache.hadoop.hive.ql.log.LogDivertAppender$NameFilter with name NameFilter), advertise="null", advertiseURI="null", Configuration(HiveLog4j2Test))
DEBUG StatusLogger Starting RandomAccessFileManager /home/alex/Repositories/hive/beeline/target/tmp/alex/operation_logs/964a01a0-d6ee-475f-89b8-8beadb4721c2/alex_20240424080851_c23666f2-72f5-4b52-9d3e-f1f1db9996b7
DEBUG StatusLogger Building Plugin[name=, class=org.apache.hadoop.hive.ql.log.LogDivertAppenderForTest$TestFilter].
DEBUG StatusLogger createFilter()
DEBUG StatusLogger Building Plugin[name=, class=org.apache.logging.log4j.core.layout.PatternLayout].
DEBUG StatusLogger PatternLayout$Builder(alwaysWriteExceptions="null", PatternSelector=null, pattern="%-5p : %m%n", footer="null", charset="null", noConsoleNoAnsi="null", Configuration(HiveLog4j2Test), header="null", disableAnsi="null", Replace=null)
DEBUG StatusLogger Building Plugin[name=appender, class=org.apache.hadoop.hive.ql.log.HushableRandomAccessFileAppender].
DEBUG StatusLogger createAppender(fileName="/home/alex/Repositories/hive/beeline/target/tmp/alex/operation_logs/964a01a0-d6ee-475f-89b8-8beadb4721c2/alex_20240424080851_c23666f2-72f5-4b52-9d3e-f1f1db9996b7.test", append="null", name="test-query-file-appender", immediateFlush="null", bufferSize="null", ignoreExceptions="null", PatternLayout(org.apache.logging.log4j.core.layout.PatternLayout with name PatternLayout), test-filter(org.apache.hadoop.hive.ql.log.LogDivertAppenderForTest$TestFilter with name test-filter), advertise="null", advertiseURI="null", Configuration(HiveLog4j2Test))
DEBUG StatusLogger Starting RandomAccessFileManager /home/alex/Repositories/hive/beeline/target/tmp/alex/operation_logs/964a01a0-d6ee-475f-89b8-8beadb4721c2/alex_20240424080851_c23666f2-72f5-4b52-9d3e-f1f1db9996b7.test
2024-04-24T08:08:51,564  INFO [964a01a0-d6ee-475f-89b8-8beadb4721c2 main] operation.HiveCommandOperation: [opType=EXECUTE_STATEMENT, queryId=alex_20240424080851_c23666f2-72f5-4b52-9d3e-f1f1db9996b7, startTime=1713971331554, sessionId=964a01a0-d6ee-475f-89b8-8beadb4721c2, createTime=1713971331492, userName=null, ipAddress=null]
2024-04-24T08:08:51,668  INFO [964a01a0-d6ee-475f-89b8-8beadb4721c2 main] common.LogUtils: Unregistered logging context.
2024-04-24T08:08:51,670  INFO [964a01a0-d6ee-475f-89b8-8beadb4721c2 main] operation.OperationManager: Closing operation: OperationHandle [opType=EXECUTE_STATEMENT, getHandleIdentifier()=4bcf263c-b74f-4f73-868b-458f4d2bc22e]
2024-04-24T08:08:51,670  INFO [964a01a0-d6ee-475f-89b8-8beadb4721c2 main] operation.OperationManager: Removed queryId: alex_20240424080851_c23666f2-72f5-4b52-9d3e-f1f1db9996b7 corresponding to operation: OperationHandle [opType=EXECUTE_STATEMENT, getHandleIdentifier()=4bcf263c-b74f-4f73-868b-458f4d2bc22e] with tag: null
2024-04-24T08:08:51,671  INFO [964a01a0-d6ee-475f-89b8-8beadb4721c2 main] operation.HiveCommandOperation: Closing operation log /home/alex/Repositories/hive/beeline/target/tmp/alex/operation_logs/964a01a0-d6ee-475f-89b8-8beadb4721c2/alex_20240424080851_c23666f2-72f5-4b52-9d3e-f1f1db9996b7 without delay
2024-04-24T08:08:51,673  INFO [964a01a0-d6ee-475f-89b8-8beadb4721c2 main] session.HiveSessionImpl: executing use test
2024-04-24T08:08:51,674  INFO [964a01a0-d6ee-475f-89b8-8beadb4721c2 main] operation.OperationManager: Adding operation: OperationHandle [opType=EXECUTE_STATEMENT, getHandleIdentifier()=be697096-47d9-40b2-97d7-d72ffbe0e1b6] SessionHandle [964a01a0-d6ee-475f-89b8-8beadb4721c2]
2024-04-24T08:08:51,675  INFO [964a01a0-d6ee-475f-89b8-8beadb4721c2 main] common.LogUtils: Thread context registration is done.
DEBUG StatusLogger Building Plugin[name=filter, class=org.apache.hadoop.hive.ql.log.LogDivertAppender$NameFilter].
DEBUG StatusLogger createFilter(loggingLevel="EXECUTION")
DEBUG StatusLogger Building Plugin[name=layout, class=org.apache.logging.log4j.core.layout.PatternLayout].
DEBUG StatusLogger PatternLayout$Builder(header="null", Configuration(HiveLog4j2Test), pattern="%-5p : %m%n", Replace=null, PatternSelector=null, charset="null", footer="null", disableAnsi="null", noConsoleNoAnsi="null", alwaysWriteExceptions="null")
DEBUG StatusLogger Building Plugin[name=appender, class=org.apache.hadoop.hive.ql.log.HushableRandomAccessFileAppender].
DEBUG StatusLogger createAppender(fileName="/home/alex/Repositories/hive/beeline/target/tmp/alex/operation_logs/964a01a0-d6ee-475f-89b8-8beadb4721c2/alex_20240424080851_3febbb06-9cad-429f-81d5-a6b545b4ff46", append="null", name="query-file-appender", immediateFlush="null", bufferSize="null", ignoreExceptions="null", PatternLayout(org.apache.logging.log4j.core.layout.PatternLayout with name PatternLayout), NameFilter(org.apache.hadoop.hive.ql.log.LogDivertAppender$NameFilter with name NameFilter), advertise="null", advertiseURI="null", Configuration(HiveLog4j2Test))
DEBUG StatusLogger Starting RandomAccessFileManager /home/alex/Repositories/hive/beeline/target/tmp/alex/operation_logs/964a01a0-d6ee-475f-89b8-8beadb4721c2/alex_20240424080851_3febbb06-9cad-429f-81d5-a6b545b4ff46
DEBUG StatusLogger Building Plugin[name=, class=org.apache.hadoop.hive.ql.log.LogDivertAppenderForTest$TestFilter].
DEBUG StatusLogger createFilter()
DEBUG StatusLogger Building Plugin[name=, class=org.apache.logging.log4j.core.layout.PatternLayout].
DEBUG StatusLogger PatternLayout$Builder(noConsoleNoAnsi="null", disableAnsi="null", Configuration(HiveLog4j2Test), footer="null", pattern="%-5p : %m%n", PatternSelector=null, charset="null", alwaysWriteExceptions="null", header="null", Replace=null)
DEBUG StatusLogger Building Plugin[name=appender, class=org.apache.hadoop.hive.ql.log.HushableRandomAccessFileAppender].
DEBUG StatusLogger createAppender(fileName="/home/alex/Repositories/hive/beeline/target/tmp/alex/operation_logs/964a01a0-d6ee-475f-89b8-8beadb4721c2/alex_20240424080851_3febbb06-9cad-429f-81d5-a6b545b4ff46.test", append="null", name="test-query-file-appender", immediateFlush="null", bufferSize="null", ignoreExceptions="null", PatternLayout(org.apache.logging.log4j.core.layout.PatternLayout with name PatternLayout), test-filter(org.apache.hadoop.hive.ql.log.LogDivertAppenderForTest$TestFilter with name test-filter), advertise="null", advertiseURI="null", Configuration(HiveLog4j2Test))
DEBUG StatusLogger Starting RandomAccessFileManager /home/alex/Repositories/hive/beeline/target/tmp/alex/operation_logs/964a01a0-d6ee-475f-89b8-8beadb4721c2/alex_20240424080851_3febbb06-9cad-429f-81d5-a6b545b4ff46.test
2024-04-24T08:08:51,681  INFO [964a01a0-d6ee-475f-89b8-8beadb4721c2 main] operation.SQLOperation: [opType=EXECUTE_STATEMENT, queryId=alex_20240424080851_3febbb06-9cad-429f-81d5-a6b545b4ff46, startTime=1713971331673, sessionId=964a01a0-d6ee-475f-89b8-8beadb4721c2, createTime=1713971331492, userName=null, ipAddress=null]
2024-04-24T08:08:51,682  INFO [964a01a0-d6ee-475f-89b8-8beadb4721c2 main] ql.Driver: Compiling command(queryId=alex_20240424080851_3febbb06-9cad-429f-81d5-a6b545b4ff46): use test
2024-04-24T08:08:51,684  INFO [964a01a0-d6ee-475f-89b8-8beadb4721c2 main] metastore.HiveMetaStoreClient: HMS client filtering is enabled.
2024-04-24T08:08:51,685  INFO [964a01a0-d6ee-475f-89b8-8beadb4721c2 main] metastore.HMSHandler: 0: Opening raw store with implementation class:org.apache.hadoop.hive.metastore.ObjectStore
2024-04-24T08:08:51,685  INFO [964a01a0-d6ee-475f-89b8-8beadb4721c2 main] metastore.PersistenceManagerProvider: Configuration datanucleus.autoStartMechanismMode is not set. Defaulting to 'ignored'
2024-04-24T08:08:51,685  INFO [964a01a0-d6ee-475f-89b8-8beadb4721c2 main] metastore.ObjectStore: RawStore: org.apache.hadoop.hive.metastore.ObjectStore@5dd747c1, with PersistenceManager: null will be shutdown
2024-04-24T08:08:51,686  INFO [964a01a0-d6ee-475f-89b8-8beadb4721c2 main] metastore.ObjectStore: RawStore: org.apache.hadoop.hive.metastore.ObjectStore@5dd747c1, with PersistenceManager: org.datanucleus.api.jdo.JDOPersistenceManager@1bdafb01 created in the thread with id: 1
2024-04-24T08:08:51,688  INFO [964a01a0-d6ee-475f-89b8-8beadb4721c2 main] metastore.HMSHandler: Created RawStore: org.apache.hadoop.hive.metastore.ObjectStore@5dd747c1 from thread id: 1
2024-04-24T08:08:51,688  INFO [964a01a0-d6ee-475f-89b8-8beadb4721c2 main] metastore.HMSHandler: HMS server filtering is disabled by configuration
2024-04-24T08:08:51,688  INFO [964a01a0-d6ee-475f-89b8-8beadb4721c2 main] metastore.RetryingMetaStoreClient: RetryingMetaStoreClient proxy=class org.apache.hadoop.hive.ql.metadata.SessionHiveMetaStoreClient ugi=alex (auth:SIMPLE) retries=1 delay=1 lifetime=0
2024-04-24T08:08:51,689  INFO [964a01a0-d6ee-475f-89b8-8beadb4721c2 main] HiveMetaStore.audit: ugi=alex	ip=unknown-ip-addr	cmd=get_database: test	
2024-04-24T08:08:51,690  INFO [964a01a0-d6ee-475f-89b8-8beadb4721c2 main] ql.Driver: Semantic Analysis Completed (retrial = false)
2024-04-24T08:08:51,690  INFO [964a01a0-d6ee-475f-89b8-8beadb4721c2 main] ql.Driver: Created Hive schema: Schema(fieldSchemas:null, properties:null)
2024-04-24T08:08:51,690  INFO [964a01a0-d6ee-475f-89b8-8beadb4721c2 main] metadata.Hive: Dumping metastore api call timing information for : compilation phase
2024-04-24T08:08:51,691  INFO [964a01a0-d6ee-475f-89b8-8beadb4721c2 main] metadata.Hive: Total time spent in each metastore function (ms): {getDatabase_(String)=1, flushCache_()=0, isCompatibleWith_(Configuration)=0}
2024-04-24T08:08:51,691  INFO [964a01a0-d6ee-475f-89b8-8beadb4721c2 main] ql.Driver: Completed compiling command(queryId=alex_20240424080851_3febbb06-9cad-429f-81d5-a6b545b4ff46); Time taken: 0.008 seconds
2024-04-24T08:08:51,692  INFO [HiveServer2-Background-Pool: Thread-376] common.LogUtils: Thread context registration is done.
2024-04-24T08:08:51,692  INFO [HiveServer2-Background-Pool: Thread-376] reexec.ReExecDriver: Execution #1 of query
2024-04-24T08:08:51,692  INFO [964a01a0-d6ee-475f-89b8-8beadb4721c2 main] common.LogUtils: Unregistered logging context.
2024-04-24T08:08:51,692  INFO [HiveServer2-Background-Pool: Thread-376] ql.Driver: Concurrency mode is disabled, not creating a lock manager
2024-04-24T08:08:51,693  INFO [HiveServer2-Background-Pool: Thread-376] ql.Driver: Executing command(queryId=alex_20240424080851_3febbb06-9cad-429f-81d5-a6b545b4ff46): use test
2024-04-24T08:08:51,693  INFO [HiveServer2-Background-Pool: Thread-376] ql.Driver: Starting task [Stage-0:DDL] in serial mode
2024-04-24T08:08:51,694  INFO [HiveServer2-Background-Pool: Thread-376] HiveMetaStore.audit: ugi=alex	ip=unknown-ip-addr	cmd=get_database: test	
2024-04-24T08:08:51,695  INFO [HiveServer2-Background-Pool: Thread-376] metastore.HMSHandler: 18: Opening raw store with implementation class:org.apache.hadoop.hive.metastore.ObjectStore
2024-04-24T08:08:51,696  INFO [HiveServer2-Background-Pool: Thread-376] metastore.ObjectStore: RawStore: org.apache.hadoop.hive.metastore.ObjectStore@61b6546a, with PersistenceManager: null will be shutdown
2024-04-24T08:08:51,696  INFO [HiveServer2-Background-Pool: Thread-376] metastore.ObjectStore: RawStore: org.apache.hadoop.hive.metastore.ObjectStore@61b6546a, with PersistenceManager: org.datanucleus.api.jdo.JDOPersistenceManager@24b4c638 created in the thread with id: 376
2024-04-24T08:08:51,699  INFO [HiveServer2-Background-Pool: Thread-376] metastore.HMSHandler: Created RawStore: org.apache.hadoop.hive.metastore.ObjectStore@61b6546a from thread id: 376
2024-04-24T08:08:51,701  INFO [HiveServer2-Background-Pool: Thread-376] HiveMetaStore.audit: ugi=alex	ip=unknown-ip-addr	cmd=get_database: test	
2024-04-24T08:08:51,703  INFO [HiveServer2-Background-Pool: Thread-376] metadata.Hive: Dumping metastore api call timing information for : execution phase
2024-04-24T08:08:51,703  INFO [HiveServer2-Background-Pool: Thread-376] metadata.Hive: Total time spent in each metastore function (ms): {isCompatibleWith_(Configuration)=1, getDatabase_(String)=8}
2024-04-24T08:08:51,703  INFO [HiveServer2-Background-Pool: Thread-376] ql.Driver: Completed executing command(queryId=alex_20240424080851_3febbb06-9cad-429f-81d5-a6b545b4ff46); Time taken: 0.009 seconds
2024-04-24T08:08:51,703  INFO [HiveServer2-Background-Pool: Thread-376] common.LogUtils: Unregistered logging context.
2024-04-24T08:08:51,706  INFO [964a01a0-d6ee-475f-89b8-8beadb4721c2 main] operation.OperationManager: Closing operation: OperationHandle [opType=EXECUTE_STATEMENT, getHandleIdentifier()=be697096-47d9-40b2-97d7-d72ffbe0e1b6]
2024-04-24T08:08:51,706  INFO [964a01a0-d6ee-475f-89b8-8beadb4721c2 main] operation.OperationManager: Removed queryId: alex_20240424080851_3febbb06-9cad-429f-81d5-a6b545b4ff46 corresponding to operation: OperationHandle [opType=EXECUTE_STATEMENT, getHandleIdentifier()=be697096-47d9-40b2-97d7-d72ffbe0e1b6] with tag: null
2024-04-24T08:08:51,706  INFO [964a01a0-d6ee-475f-89b8-8beadb4721c2 main] operation.SQLOperation: Closing operation log /home/alex/Repositories/hive/beeline/target/tmp/alex/operation_logs/964a01a0-d6ee-475f-89b8-8beadb4721c2/alex_20240424080851_3febbb06-9cad-429f-81d5-a6b545b4ff46 without delay
2024-04-24T08:08:51,715  INFO [964a01a0-d6ee-475f-89b8-8beadb4721c2 main] session.HiveSessionImpl: executing show tables
2024-04-24T08:08:51,716  INFO [964a01a0-d6ee-475f-89b8-8beadb4721c2 main] operation.OperationManager: Adding operation: OperationHandle [opType=EXECUTE_STATEMENT, getHandleIdentifier()=a31a78fc-9ffb-4669-9f9e-09f7c1f821c3] SessionHandle [964a01a0-d6ee-475f-89b8-8beadb4721c2]
2024-04-24T08:08:51,717  INFO [964a01a0-d6ee-475f-89b8-8beadb4721c2 main] common.LogUtils: Thread context registration is done.
DEBUG StatusLogger Building Plugin[name=filter, class=org.apache.hadoop.hive.ql.log.LogDivertAppender$NameFilter].
DEBUG StatusLogger createFilter(loggingLevel="EXECUTION")
DEBUG StatusLogger Building Plugin[name=layout, class=org.apache.logging.log4j.core.layout.PatternLayout].
DEBUG StatusLogger PatternLayout$Builder(Configuration(HiveLog4j2Test), pattern="%-5p : %m%n", noConsoleNoAnsi="null", disableAnsi="null", PatternSelector=null, charset="null", Replace=null, alwaysWriteExceptions="null", footer="null", header="null")
DEBUG StatusLogger Building Plugin[name=appender, class=org.apache.hadoop.hive.ql.log.HushableRandomAccessFileAppender].
DEBUG StatusLogger createAppender(fileName="/home/alex/Repositories/hive/beeline/target/tmp/alex/operation_logs/964a01a0-d6ee-475f-89b8-8beadb4721c2/alex_20240424080851_e8870dfb-ab59-4d8f-af74-0df4bfb1911b", append="null", name="query-file-appender", immediateFlush="null", bufferSize="null", ignoreExceptions="null", PatternLayout(org.apache.logging.log4j.core.layout.PatternLayout with name PatternLayout), NameFilter(org.apache.hadoop.hive.ql.log.LogDivertAppender$NameFilter with name NameFilter), advertise="null", advertiseURI="null", Configuration(HiveLog4j2Test))
DEBUG StatusLogger Starting RandomAccessFileManager /home/alex/Repositories/hive/beeline/target/tmp/alex/operation_logs/964a01a0-d6ee-475f-89b8-8beadb4721c2/alex_20240424080851_e8870dfb-ab59-4d8f-af74-0df4bfb1911b
DEBUG StatusLogger Building Plugin[name=, class=org.apache.hadoop.hive.ql.log.LogDivertAppenderForTest$TestFilter].
DEBUG StatusLogger createFilter()
DEBUG StatusLogger Building Plugin[name=, class=org.apache.logging.log4j.core.layout.PatternLayout].
DEBUG StatusLogger PatternLayout$Builder(charset="null", Replace=null, Configuration(HiveLog4j2Test), footer="null", disableAnsi="null", noConsoleNoAnsi="null", header="null", pattern="%-5p : %m%n", alwaysWriteExceptions="null", PatternSelector=null)
DEBUG StatusLogger Building Plugin[name=appender, class=org.apache.hadoop.hive.ql.log.HushableRandomAccessFileAppender].
DEBUG StatusLogger createAppender(fileName="/home/alex/Repositories/hive/beeline/target/tmp/alex/operation_logs/964a01a0-d6ee-475f-89b8-8beadb4721c2/alex_20240424080851_e8870dfb-ab59-4d8f-af74-0df4bfb1911b.test", append="null", name="test-query-file-appender", immediateFlush="null", bufferSize="null", ignoreExceptions="null", PatternLayout(org.apache.logging.log4j.core.layout.PatternLayout with name PatternLayout), test-filter(org.apache.hadoop.hive.ql.log.LogDivertAppenderForTest$TestFilter with name test-filter), advertise="null", advertiseURI="null", Configuration(HiveLog4j2Test))
DEBUG StatusLogger Starting RandomAccessFileManager /home/alex/Repositories/hive/beeline/target/tmp/alex/operation_logs/964a01a0-d6ee-475f-89b8-8beadb4721c2/alex_20240424080851_e8870dfb-ab59-4d8f-af74-0df4bfb1911b.test
2024-04-24T08:08:51,724  INFO [964a01a0-d6ee-475f-89b8-8beadb4721c2 main] operation.SQLOperation: [opType=EXECUTE_STATEMENT, queryId=alex_20240424080851_e8870dfb-ab59-4d8f-af74-0df4bfb1911b, startTime=1713971331715, sessionId=964a01a0-d6ee-475f-89b8-8beadb4721c2, createTime=1713971331492, userName=null, ipAddress=null]
2024-04-24T08:08:51,725  INFO [964a01a0-d6ee-475f-89b8-8beadb4721c2 main] ql.Driver: Compiling command(queryId=alex_20240424080851_e8870dfb-ab59-4d8f-af74-0df4bfb1911b): show tables
2024-04-24T08:08:51,730  INFO [964a01a0-d6ee-475f-89b8-8beadb4721c2 main] HiveMetaStore.audit: ugi=alex	ip=unknown-ip-addr	cmd=get_database: test	
2024-04-24T08:08:51,731  INFO [964a01a0-d6ee-475f-89b8-8beadb4721c2 main] ql.Driver: Semantic Analysis Completed (retrial = false)
2024-04-24T08:08:51,731  INFO [964a01a0-d6ee-475f-89b8-8beadb4721c2 main] ql.Driver: Created Hive schema: Schema(fieldSchemas:[FieldSchema(name:tab_name, type:string, comment:from deserializer)], properties:null)
2024-04-24T08:08:51,732  INFO [964a01a0-d6ee-475f-89b8-8beadb4721c2 main] exec.ListSinkOperator: Initializing Operator: LIST_SINK[0]
2024-04-24T08:08:51,733  INFO [964a01a0-d6ee-475f-89b8-8beadb4721c2 main] metadata.Hive: Dumping metastore api call timing information for : compilation phase
2024-04-24T08:08:51,733  INFO [964a01a0-d6ee-475f-89b8-8beadb4721c2 main] metadata.Hive: Total time spent in each metastore function (ms): {flushCache_()=0, isCompatibleWith_(Configuration)=0, getDatabase_(String)=2}
2024-04-24T08:08:51,733  INFO [964a01a0-d6ee-475f-89b8-8beadb4721c2 main] ql.Driver: Completed compiling command(queryId=alex_20240424080851_e8870dfb-ab59-4d8f-af74-0df4bfb1911b); Time taken: 0.008 seconds
2024-04-24T08:08:51,734  INFO [HiveServer2-Background-Pool: Thread-380] common.LogUtils: Thread context registration is done.
2024-04-24T08:08:51,734  INFO [964a01a0-d6ee-475f-89b8-8beadb4721c2 main] common.LogUtils: Unregistered logging context.
2024-04-24T08:08:51,734  INFO [HiveServer2-Background-Pool: Thread-380] reexec.ReExecDriver: Execution #1 of query
2024-04-24T08:08:51,735  INFO [HiveServer2-Background-Pool: Thread-380] ql.Driver: Concurrency mode is disabled, not creating a lock manager
2024-04-24T08:08:51,737  INFO [HiveServer2-Background-Pool: Thread-380] ql.Driver: Executing command(queryId=alex_20240424080851_e8870dfb-ab59-4d8f-af74-0df4bfb1911b): show tables
2024-04-24T08:08:51,737  INFO [HiveServer2-Background-Pool: Thread-380] ql.Driver: Starting task [Stage-0:DDL] in serial mode
2024-04-24T08:08:51,738  INFO [HiveServer2-Background-Pool: Thread-380] HiveMetaStore.audit: ugi=alex	ip=unknown-ip-addr	cmd=get_database: test	
2024-04-24T08:08:51,739  INFO [HiveServer2-Background-Pool: Thread-380] metastore.HMSHandler: 19: Opening raw store with implementation class:org.apache.hadoop.hive.metastore.ObjectStore
2024-04-24T08:08:51,740  INFO [HiveServer2-Background-Pool: Thread-380] metastore.ObjectStore: RawStore: org.apache.hadoop.hive.metastore.ObjectStore@fb77cd1, with PersistenceManager: null will be shutdown
2024-04-24T08:08:51,740  INFO [HiveServer2-Background-Pool: Thread-380] metastore.ObjectStore: RawStore: org.apache.hadoop.hive.metastore.ObjectStore@fb77cd1, with PersistenceManager: org.datanucleus.api.jdo.JDOPersistenceManager@4ab5f343 created in the thread with id: 380
2024-04-24T08:08:51,743  INFO [HiveServer2-Background-Pool: Thread-380] metastore.HMSHandler: Created RawStore: org.apache.hadoop.hive.metastore.ObjectStore@fb77cd1 from thread id: 380
2024-04-24T08:08:51,745  INFO [HiveServer2-Background-Pool: Thread-380] HiveMetaStore.audit: ugi=alex	ip=unknown-ip-addr	cmd=get_multi_table : db=test tbls=null	
2024-04-24T08:08:51,750  INFO [HiveServer2-Background-Pool: Thread-380] sqlstd.SQLStdHiveAccessController: Created SQLStdHiveAccessController for session context : HiveAuthzSessionContext [sessionString=964a01a0-d6ee-475f-89b8-8beadb4721c2, clientType=HIVESERVER2]
2024-04-24T08:08:51,757  INFO [HiveServer2-Background-Pool: Thread-380] metadata.Hive: Dumping metastore api call timing information for : execution phase
2024-04-24T08:08:51,758  INFO [HiveServer2-Background-Pool: Thread-380] metadata.Hive: Total time spent in each metastore function (ms): {getDatabase_(String)=6, isCompatibleWith_(Configuration)=1, getTables_(String, String)=7}
2024-04-24T08:08:51,758  INFO [HiveServer2-Background-Pool: Thread-380] ql.Driver: Completed executing command(queryId=alex_20240424080851_e8870dfb-ab59-4d8f-af74-0df4bfb1911b); Time taken: 0.021 seconds
2024-04-24T08:08:51,759  INFO [HiveServer2-Background-Pool: Thread-380] common.LogUtils: Unregistered logging context.
2024-04-24T08:08:51,761  INFO [964a01a0-d6ee-475f-89b8-8beadb4721c2 main] operation.OperationManager: Closing operation: OperationHandle [opType=EXECUTE_STATEMENT, getHandleIdentifier()=a31a78fc-9ffb-4669-9f9e-09f7c1f821c3]
2024-04-24T08:08:51,761  INFO [964a01a0-d6ee-475f-89b8-8beadb4721c2 main] operation.OperationManager: Removed queryId: alex_20240424080851_e8870dfb-ab59-4d8f-af74-0df4bfb1911b corresponding to operation: OperationHandle [opType=EXECUTE_STATEMENT, getHandleIdentifier()=a31a78fc-9ffb-4669-9f9e-09f7c1f821c3] with tag: null
2024-04-24T08:08:51,762  INFO [964a01a0-d6ee-475f-89b8-8beadb4721c2 main] ql.Context: Deleting scratch dir: file:/home/alex/Repositories/hive/beeline/target/tmp/alex/964a01a0-d6ee-475f-89b8-8beadb4721c2/hive_2024-04-24_08-08-51_725_7746912581998619751-1
2024-04-24T08:08:51,762  INFO [964a01a0-d6ee-475f-89b8-8beadb4721c2 main] cleanup.EventualCleanupService: Delete file:/home/alex/Repositories/hive/beeline/target/tmp/alex/964a01a0-d6ee-475f-89b8-8beadb4721c2/hive_2024-04-24_08-08-51_725_7746912581998619751-1 operation was queued
2024-04-24T08:08:51,762  INFO [964a01a0-d6ee-475f-89b8-8beadb4721c2 main] exec.ListSinkOperator: Closing Operator: LIST_SINK[0]
2024-04-24T08:08:51,762  INFO [964a01a0-d6ee-475f-89b8-8beadb4721c2 main] exec.ListSinkOperator: RECORDS_OUT_OPERATOR_LIST_SINK_0:0, RECORDS_OUT_INTERMEDIATE:0, 
2024-04-24T08:08:51,762  INFO [964a01a0-d6ee-475f-89b8-8beadb4721c2 main] operation.SQLOperation: Closing operation log /home/alex/Repositories/hive/beeline/target/tmp/alex/operation_logs/964a01a0-d6ee-475f-89b8-8beadb4721c2/alex_20240424080851_e8870dfb-ab59-4d8f-af74-0df4bfb1911b without delay
2024-04-24T08:08:51,762  INFO [EventualCleanupService thread 0] cleanup.EventualCleanupService: Deleted file:/home/alex/Repositories/hive/beeline/target/tmp/alex/964a01a0-d6ee-475f-89b8-8beadb4721c2/hive_2024-04-24_08-08-51_725_7746912581998619751-1
2024-04-24T08:08:51,767  INFO [main] service.CompositeService: Session closed, SessionHandle [964a01a0-d6ee-475f-89b8-8beadb4721c2], current sessions:0
2024-04-24T08:08:51,767  INFO [964a01a0-d6ee-475f-89b8-8beadb4721c2 main] session.HiveSessionImpl: Operation log session directory is deleted: /home/alex/Repositories/hive/beeline/target/tmp/alex/operation_logs/964a01a0-d6ee-475f-89b8-8beadb4721c2
2024-04-24T08:08:51,767  INFO [main] cleanup.EventualCleanupService: Delete /tmp/hive/alex/964a01a0-d6ee-475f-89b8-8beadb4721c2 operation was queued
2024-04-24T08:08:51,768  INFO [main] cleanup.EventualCleanupService: Delete /home/alex/Repositories/hive/beeline/target/tmp/alex/964a01a0-d6ee-475f-89b8-8beadb4721c2 operation was queued
2024-04-24T08:08:51,768  INFO [EventualCleanupService thread 2] cleanup.EventualCleanupService: Deleted /home/alex/Repositories/hive/beeline/target/tmp/alex/964a01a0-d6ee-475f-89b8-8beadb4721c2
2024-04-24T08:08:51,768  INFO [EventualCleanupService thread 1] cleanup.EventualCleanupService: Deleted /tmp/hive/alex/964a01a0-d6ee-475f-89b8-8beadb4721c2
2024-04-24T08:08:51,769  INFO [main] HiveMetaStore.audit: ugi=alex	ip=unknown-ip-addr	cmd=Cleaning up thread local RawStore...	
2024-04-24T08:08:51,769  INFO [main] metastore.ObjectStore: RawStore: org.apache.hadoop.hive.metastore.ObjectStore@5dd747c1, with PersistenceManager: org.datanucleus.api.jdo.JDOPersistenceManager@1bdafb01 will be shutdown
2024-04-24T08:08:51,769  INFO [main] HiveMetaStore.audit: ugi=alex	ip=unknown-ip-addr	cmd=Done cleaning up thread local RawStore	
2024-04-24T08:08:51,769  INFO [main] metastore.HiveMetaStoreClient: Closed a connection to metastore, current connections: -23
]]></system-err>
  </testcase>
  <testcase name="testNoErrorDB" classname="org.apache.hive.beeline.cli.TestHiveCli" time="0.303">
    <failure type="java.lang.AssertionError"><![CDATA[java.lang.AssertionError: Supported return code is 0 while the actual is 1
	at org.junit.Assert.fail(Assert.java:89)
	at org.apache.hive.beeline.cli.TestHiveCli.executeCMD(TestHiveCli.java:256)
	at org.apache.hive.beeline.cli.TestHiveCli.verifyCMD(TestHiveCli.java:266)
	at org.apache.hive.beeline.cli.TestHiveCli.testNoErrorDB(TestHiveCli.java:239)
	at sun.reflect.NativeMethodAccessorImpl.invoke0(Native Method)
	at sun.reflect.NativeMethodAccessorImpl.invoke(NativeMethodAccessorImpl.java:62)
	at sun.reflect.DelegatingMethodAccessorImpl.invoke(DelegatingMethodAccessorImpl.java:43)
	at java.lang.reflect.Method.invoke(Method.java:498)
	at org.junit.runners.model.FrameworkMethod$1.runReflectiveCall(FrameworkMethod.java:59)
	at org.junit.internal.runners.model.ReflectiveCallable.run(ReflectiveCallable.java:12)
	at org.junit.runners.model.FrameworkMethod.invokeExplosively(FrameworkMethod.java:56)
	at org.junit.internal.runners.statements.InvokeMethod.evaluate(InvokeMethod.java:17)
	at org.junit.internal.runners.statements.RunBefores.evaluate(RunBefores.java:26)
	at org.junit.internal.runners.statements.RunAfters.evaluate(RunAfters.java:27)
	at org.junit.runners.ParentRunner$3.evaluate(ParentRunner.java:306)
	at org.junit.runners.BlockJUnit4ClassRunner$1.evaluate(BlockJUnit4ClassRunner.java:100)
	at org.junit.runners.ParentRunner.runLeaf(ParentRunner.java:366)
	at org.junit.runners.BlockJUnit4ClassRunner.runChild(BlockJUnit4ClassRunner.java:103)
	at org.junit.runners.BlockJUnit4ClassRunner.runChild(BlockJUnit4ClassRunner.java:63)
	at org.junit.runners.ParentRunner$4.run(ParentRunner.java:331)
	at org.junit.runners.ParentRunner$1.schedule(ParentRunner.java:79)
	at org.junit.runners.ParentRunner.runChildren(ParentRunner.java:329)
	at org.junit.runners.ParentRunner.access$100(ParentRunner.java:66)
	at org.junit.runners.ParentRunner$2.evaluate(ParentRunner.java:293)
	at org.junit.internal.runners.statements.RunBefores.evaluate(RunBefores.java:26)
	at org.junit.runners.ParentRunner$3.evaluate(ParentRunner.java:306)
	at org.junit.runners.ParentRunner.run(ParentRunner.java:413)
	at org.junit.runner.JUnitCore.run(JUnitCore.java:137)
	at org.junit.runner.JUnitCore.run(JUnitCore.java:115)
	at org.junit.vintage.engine.execution.RunnerExecutor.execute(RunnerExecutor.java:43)
	at java.util.stream.ForEachOps$ForEachOp$OfRef.accept(ForEachOps.java:183)
	at java.util.stream.ReferencePipeline$3$1.accept(ReferencePipeline.java:193)
	at java.util.Iterator.forEachRemaining(Iterator.java:116)
	at java.util.Spliterators$IteratorSpliterator.forEachRemaining(Spliterators.java:1801)
	at java.util.stream.AbstractPipeline.copyInto(AbstractPipeline.java:482)
	at java.util.stream.AbstractPipeline.wrapAndCopyInto(AbstractPipeline.java:472)
	at java.util.stream.ForEachOps$ForEachOp.evaluateSequential(ForEachOps.java:150)
	at java.util.stream.ForEachOps$ForEachOp$OfRef.evaluateSequential(ForEachOps.java:173)
	at java.util.stream.AbstractPipeline.evaluate(AbstractPipeline.java:234)
	at java.util.stream.ReferencePipeline.forEach(ReferencePipeline.java:485)
	at org.junit.vintage.engine.VintageTestEngine.executeAllChildren(VintageTestEngine.java:82)
	at org.junit.vintage.engine.VintageTestEngine.execute(VintageTestEngine.java:73)
	at org.junit.platform.launcher.core.DefaultLauncher.execute(DefaultLauncher.java:248)
	at org.junit.platform.launcher.core.DefaultLauncher.lambda$execute$5(DefaultLauncher.java:211)
	at org.junit.platform.launcher.core.DefaultLauncher.withInterceptedStreams(DefaultLauncher.java:226)
	at org.junit.platform.launcher.core.DefaultLauncher.execute(DefaultLauncher.java:199)
	at org.junit.platform.launcher.core.DefaultLauncher.execute(DefaultLauncher.java:132)
	at org.apache.maven.surefire.junitplatform.JUnitPlatformProvider.invokeAllTests(JUnitPlatformProvider.java:154)
	at org.apache.maven.surefire.junitplatform.JUnitPlatformProvider.invoke(JUnitPlatformProvider.java:123)
	at org.apache.maven.surefire.booter.ForkedBooter.runSuitesInProcess(ForkedBooter.java:377)
	at org.apache.maven.surefire.booter.ForkedBooter.execute(ForkedBooter.java:138)
	at org.apache.maven.surefire.booter.ForkedBooter.run(ForkedBooter.java:465)
	at org.apache.maven.surefire.booter.ForkedBooter.main(ForkedBooter.java:451)
]]></failure>
    <system-err><![CDATA[2024-04-24T08:08:51,770 ERROR [main] cli.TestHiveCli: Failed to execute command due to the error: java.lang.NullPointerException: Null output stream
2024-04-24T08:08:51,816  WARN [main] conf.HiveConf: HiveConf of name hive.dummyparam.test.server.specific.config.override does not exist
2024-04-24T08:08:51,817  WARN [main] conf.HiveConf: HiveConf of name hive.dummyparam.test.server.specific.config.metastoresite does not exist
2024-04-24T08:08:51,817  WARN [main] conf.HiveConf: HiveConf of name hive.dummyparam.test.server.specific.config.hiveserver2site does not exist
2024-04-24T08:08:51,817  INFO [main] SessionState: Hive Session ID = ee303d27-fd70-4c84-bb14-4ff46cdad342
2024-04-24T08:08:51,817  INFO [main] DependencyResolver: ivysettings.xml file not found in HIVE_HOME or HIVE_CONF_DIR,/home/alex/Repositories/hive/conf/ivysettings.xml will be used
2024-04-24T08:08:51,824  INFO [main] session.SessionState: Created HDFS directory: /tmp/hive/alex/ee303d27-fd70-4c84-bb14-4ff46cdad342
2024-04-24T08:08:51,827  INFO [main] session.SessionState: Created local directory: /home/alex/Repositories/hive/beeline/target/tmp/alex/ee303d27-fd70-4c84-bb14-4ff46cdad342
2024-04-24T08:08:51,830  INFO [main] session.SessionState: Created HDFS directory: /tmp/hive/alex/ee303d27-fd70-4c84-bb14-4ff46cdad342/_tmp_space.db
2024-04-24T08:08:51,830  INFO [main] sqlstd.SQLStdHiveAccessController: Created SQLStdHiveAccessController for session context : HiveAuthzSessionContext [sessionString=ee303d27-fd70-4c84-bb14-4ff46cdad342, clientType=HIVESERVER2]
2024-04-24T08:08:51,831  INFO [main] metastore.HiveMetaStoreClient: HMS client filtering is enabled.
2024-04-24T08:08:51,832  INFO [main] metastore.HMSHandler: 0: Opening raw store with implementation class:org.apache.hadoop.hive.metastore.ObjectStore
2024-04-24T08:08:51,832  INFO [main] metastore.PersistenceManagerProvider: Configuration datanucleus.autoStartMechanismMode is not set. Defaulting to 'ignored'
2024-04-24T08:08:51,832  INFO [main] metastore.ObjectStore: RawStore: org.apache.hadoop.hive.metastore.ObjectStore@d949bc4, with PersistenceManager: null will be shutdown
2024-04-24T08:08:51,833  INFO [main] metastore.ObjectStore: RawStore: org.apache.hadoop.hive.metastore.ObjectStore@d949bc4, with PersistenceManager: org.datanucleus.api.jdo.JDOPersistenceManager@7079f8f0 created in the thread with id: 1
2024-04-24T08:08:51,836  INFO [main] metastore.HMSHandler: Created RawStore: org.apache.hadoop.hive.metastore.ObjectStore@d949bc4 from thread id: 1
2024-04-24T08:08:51,836  INFO [main] metastore.HMSHandler: HMS server filtering is disabled by configuration
2024-04-24T08:08:51,836  INFO [main] metastore.RetryingMetaStoreClient: RetryingMetaStoreClient proxy=class org.apache.hadoop.hive.ql.metadata.SessionHiveMetaStoreClient ugi=alex (auth:SIMPLE) retries=1 delay=1 lifetime=0
2024-04-24T08:08:51,837  INFO [main] service.CompositeService: Operation log root directory is created: /home/alex/Repositories/hive/beeline/target/tmp/alex/operation_logs
2024-04-24T08:08:51,837  INFO [main] service.CompositeService: HiveServer2: Background operation thread pool size: 100
2024-04-24T08:08:51,837  INFO [main] service.CompositeService: HiveServer2: Background operation thread wait queue size: 100
2024-04-24T08:08:51,837  INFO [main] service.CompositeService: HiveServer2: Background operation thread keepalive time: 10 seconds
2024-04-24T08:08:51,837  INFO [main] service.CompositeService: Connections limit are user: 0 ipaddress: 0 user-ipaddress: 0
2024-04-24T08:08:51,839  INFO [main] cleanup.EventualCleanupService: EventualCleanupService started with 10 threads and queue of size 10000
ERROR StatusLogger Log4j2 ConfigurationScheduler attempted to increment scheduled items after start
ERROR StatusLogger Log4j2 ConfigurationScheduler attempted to increment scheduled items after start
2024-04-24T08:08:51,840  INFO [main] service.AbstractService: Service:OperationManager is inited.
2024-04-24T08:08:51,840  INFO [main] service.AbstractService: Service:SessionManager is inited.
2024-04-24T08:08:51,840  INFO [main] service.AbstractService: Service:CLIService is inited.
2024-04-24T08:08:51,840  INFO [main] service.AbstractService: Service:OperationManager is started.
2024-04-24T08:08:51,840  INFO [main] service.AbstractService: Service:SessionManager is started.
2024-04-24T08:08:51,840  INFO [main] service.AbstractService: Service:CLIService is started.
2024-04-24T08:08:51,840  INFO [main] service.AbstractService: Service:ThriftBinaryCLIService is inited.
2024-04-24T08:08:51,840  INFO [main] thrift.ThriftCLIService: Client protocol version: HIVE_CLI_SERVICE_PROTOCOL_V10
2024-04-24T08:08:51,841  INFO [main] thrift.ThriftCLIService: Creating Hive session handle for user [null] from IP null
2024-04-24T08:08:51,842  INFO [main] DependencyResolver: ivysettings.xml file not found in HIVE_HOME or HIVE_CONF_DIR,/home/alex/Repositories/hive/conf/ivysettings.xml will be used
2024-04-24T08:08:51,849  INFO [main] session.SessionState: Created HDFS directory: /tmp/hive/alex/6c5b3f62-d8e6-416b-bcb5-d6b505ef1b49
2024-04-24T08:08:51,852  INFO [main] session.SessionState: Created local directory: /home/alex/Repositories/hive/beeline/target/tmp/alex/6c5b3f62-d8e6-416b-bcb5-d6b505ef1b49
2024-04-24T08:08:51,856  INFO [main] session.SessionState: Created HDFS directory: /tmp/hive/alex/6c5b3f62-d8e6-416b-bcb5-d6b505ef1b49/_tmp_space.db
2024-04-24T08:08:51,856  INFO [main] session.SessionState: Reloading auxiliary JAR files
2024-04-24T08:08:51,856  WARN [main] session.SessionState: Configuration hive.reloadable.aux.jars.path not specified
2024-04-24T08:08:51,856  INFO [main] HiveMetaStore.audit: ugi=alex	ip=unknown-ip-addr	cmd=Cleaning up thread local RawStore...	
2024-04-24T08:08:51,856  INFO [main] metastore.ObjectStore: RawStore: org.apache.hadoop.hive.metastore.ObjectStore@d949bc4, with PersistenceManager: org.datanucleus.api.jdo.JDOPersistenceManager@7079f8f0 will be shutdown
2024-04-24T08:08:51,856  INFO [main] HiveMetaStore.audit: ugi=alex	ip=unknown-ip-addr	cmd=Done cleaning up thread local RawStore	
2024-04-24T08:08:51,856  INFO [main] metastore.HiveMetaStoreClient: Closed a connection to metastore, current connections: -24
2024-04-24T08:08:51,856  INFO [main] session.HiveSessionImpl: Operation log session directory is created: /home/alex/Repositories/hive/beeline/target/tmp/alex/operation_logs/6c5b3f62-d8e6-416b-bcb5-d6b505ef1b49
2024-04-24T08:08:51,856  INFO [main] service.CompositeService: Session opened, SessionHandle [6c5b3f62-d8e6-416b-bcb5-d6b505ef1b49], current sessions:1
2024-04-24T08:08:51,856  INFO [main] thrift.ThriftCLIService: Login attempt is successful for user : null
2024-04-24T08:08:51,901  WARN [main] conf.HiveConf: HiveConf of name hive.dummyparam.test.server.specific.config.metastoresite does not exist
2024-04-24T08:08:51,901  WARN [main] conf.HiveConf: HiveConf of name hive.dummyparam.test.server.specific.config.override does not exist
2024-04-24T08:08:51,901  WARN [main] conf.HiveConf: HiveConf of name hive.dummyparam.test.server.specific.config.hiveserver2site does not exist
2024-04-24T08:08:51,902  INFO [6c5b3f62-d8e6-416b-bcb5-d6b505ef1b49 main] session.HiveSessionImpl: executing set
2024-04-24T08:08:51,903  INFO [6c5b3f62-d8e6-416b-bcb5-d6b505ef1b49 main] operation.HiveCommandOperation: Putting temp output to file /home/alex/Repositories/hive/beeline/target/tmp/alex/6c5b3f62-d8e6-416b-bcb5-d6b505ef1b496441123895541622612.pipeout and error output to file /home/alex/Repositories/hive/beeline/target/tmp/alex/6c5b3f62-d8e6-416b-bcb5-d6b505ef1b498449755155308243873.pipeout
2024-04-24T08:08:51,903  INFO [6c5b3f62-d8e6-416b-bcb5-d6b505ef1b49 main] operation.OperationManager: Adding operation: OperationHandle [opType=EXECUTE_STATEMENT, getHandleIdentifier()=0390a554-1218-4871-8da5-976b96b17ac9] SessionHandle [6c5b3f62-d8e6-416b-bcb5-d6b505ef1b49]
2024-04-24T08:08:51,904  INFO [6c5b3f62-d8e6-416b-bcb5-d6b505ef1b49 main] common.LogUtils: Thread context registration is done.
DEBUG StatusLogger Building Plugin[name=filter, class=org.apache.hadoop.hive.ql.log.LogDivertAppender$NameFilter].
DEBUG StatusLogger createFilter(loggingLevel="EXECUTION")
DEBUG StatusLogger Building Plugin[name=layout, class=org.apache.logging.log4j.core.layout.PatternLayout].
DEBUG StatusLogger PatternLayout$Builder(alwaysWriteExceptions="null", charset="null", header="null", Configuration(HiveLog4j2Test), footer="null", pattern="%-5p : %m%n", PatternSelector=null, disableAnsi="null", Replace=null, noConsoleNoAnsi="null")
DEBUG StatusLogger Building Plugin[name=appender, class=org.apache.hadoop.hive.ql.log.HushableRandomAccessFileAppender].
DEBUG StatusLogger createAppender(fileName="/home/alex/Repositories/hive/beeline/target/tmp/alex/operation_logs/6c5b3f62-d8e6-416b-bcb5-d6b505ef1b49/alex_20240424080851_6158ae24-ffe4-44e3-aad4-27908f5374ef", append="null", name="query-file-appender", immediateFlush="null", bufferSize="null", ignoreExceptions="null", PatternLayout(org.apache.logging.log4j.core.layout.PatternLayout with name PatternLayout), NameFilter(org.apache.hadoop.hive.ql.log.LogDivertAppender$NameFilter with name NameFilter), advertise="null", advertiseURI="null", Configuration(HiveLog4j2Test))
DEBUG StatusLogger Starting RandomAccessFileManager /home/alex/Repositories/hive/beeline/target/tmp/alex/operation_logs/6c5b3f62-d8e6-416b-bcb5-d6b505ef1b49/alex_20240424080851_6158ae24-ffe4-44e3-aad4-27908f5374ef
DEBUG StatusLogger Building Plugin[name=, class=org.apache.hadoop.hive.ql.log.LogDivertAppenderForTest$TestFilter].
DEBUG StatusLogger createFilter()
DEBUG StatusLogger Building Plugin[name=, class=org.apache.logging.log4j.core.layout.PatternLayout].
DEBUG StatusLogger PatternLayout$Builder(disableAnsi="null", header="null", footer="null", pattern="%-5p : %m%n", alwaysWriteExceptions="null", noConsoleNoAnsi="null", Configuration(HiveLog4j2Test), Replace=null, charset="null", PatternSelector=null)
DEBUG StatusLogger Building Plugin[name=appender, class=org.apache.hadoop.hive.ql.log.HushableRandomAccessFileAppender].
DEBUG StatusLogger createAppender(fileName="/home/alex/Repositories/hive/beeline/target/tmp/alex/operation_logs/6c5b3f62-d8e6-416b-bcb5-d6b505ef1b49/alex_20240424080851_6158ae24-ffe4-44e3-aad4-27908f5374ef.test", append="null", name="test-query-file-appender", immediateFlush="null", bufferSize="null", ignoreExceptions="null", PatternLayout(org.apache.logging.log4j.core.layout.PatternLayout with name PatternLayout), test-filter(org.apache.hadoop.hive.ql.log.LogDivertAppenderForTest$TestFilter with name test-filter), advertise="null", advertiseURI="null", Configuration(HiveLog4j2Test))
DEBUG StatusLogger Starting RandomAccessFileManager /home/alex/Repositories/hive/beeline/target/tmp/alex/operation_logs/6c5b3f62-d8e6-416b-bcb5-d6b505ef1b49/alex_20240424080851_6158ae24-ffe4-44e3-aad4-27908f5374ef.test
2024-04-24T08:08:51,911  INFO [6c5b3f62-d8e6-416b-bcb5-d6b505ef1b49 main] operation.HiveCommandOperation: [opType=EXECUTE_STATEMENT, queryId=alex_20240424080851_6158ae24-ffe4-44e3-aad4-27908f5374ef, startTime=1713971331902, sessionId=6c5b3f62-d8e6-416b-bcb5-d6b505ef1b49, createTime=1713971331841, userName=null, ipAddress=null]
2024-04-24T08:08:52,015  INFO [6c5b3f62-d8e6-416b-bcb5-d6b505ef1b49 main] common.LogUtils: Unregistered logging context.
2024-04-24T08:08:52,017  INFO [6c5b3f62-d8e6-416b-bcb5-d6b505ef1b49 main] operation.OperationManager: Closing operation: OperationHandle [opType=EXECUTE_STATEMENT, getHandleIdentifier()=0390a554-1218-4871-8da5-976b96b17ac9]
2024-04-24T08:08:52,017  INFO [6c5b3f62-d8e6-416b-bcb5-d6b505ef1b49 main] operation.OperationManager: Removed queryId: alex_20240424080851_6158ae24-ffe4-44e3-aad4-27908f5374ef corresponding to operation: OperationHandle [opType=EXECUTE_STATEMENT, getHandleIdentifier()=0390a554-1218-4871-8da5-976b96b17ac9] with tag: null
2024-04-24T08:08:52,018  INFO [6c5b3f62-d8e6-416b-bcb5-d6b505ef1b49 main] operation.HiveCommandOperation: Closing operation log /home/alex/Repositories/hive/beeline/target/tmp/alex/operation_logs/6c5b3f62-d8e6-416b-bcb5-d6b505ef1b49/alex_20240424080851_6158ae24-ffe4-44e3-aad4-27908f5374ef without delay
2024-04-24T08:08:52,020  INFO [6c5b3f62-d8e6-416b-bcb5-d6b505ef1b49 main] session.HiveSessionImpl: executing show tables
2024-04-24T08:08:52,021  INFO [6c5b3f62-d8e6-416b-bcb5-d6b505ef1b49 main] operation.OperationManager: Adding operation: OperationHandle [opType=EXECUTE_STATEMENT, getHandleIdentifier()=e6823159-aec7-49c9-9bd8-c714bff3a61b] SessionHandle [6c5b3f62-d8e6-416b-bcb5-d6b505ef1b49]
2024-04-24T08:08:52,022  INFO [6c5b3f62-d8e6-416b-bcb5-d6b505ef1b49 main] common.LogUtils: Thread context registration is done.
DEBUG StatusLogger Building Plugin[name=filter, class=org.apache.hadoop.hive.ql.log.LogDivertAppender$NameFilter].
DEBUG StatusLogger createFilter(loggingLevel="EXECUTION")
DEBUG StatusLogger Building Plugin[name=layout, class=org.apache.logging.log4j.core.layout.PatternLayout].
DEBUG StatusLogger PatternLayout$Builder(footer="null", Replace=null, PatternSelector=null, alwaysWriteExceptions="null", Configuration(HiveLog4j2Test), header="null", disableAnsi="null", pattern="%-5p : %m%n", noConsoleNoAnsi="null", charset="null")
DEBUG StatusLogger Building Plugin[name=appender, class=org.apache.hadoop.hive.ql.log.HushableRandomAccessFileAppender].
DEBUG StatusLogger createAppender(fileName="/home/alex/Repositories/hive/beeline/target/tmp/alex/operation_logs/6c5b3f62-d8e6-416b-bcb5-d6b505ef1b49/alex_20240424080852_5b0b9fdd-e820-4acf-9ee7-7ce2d044562b", append="null", name="query-file-appender", immediateFlush="null", bufferSize="null", ignoreExceptions="null", PatternLayout(org.apache.logging.log4j.core.layout.PatternLayout with name PatternLayout), NameFilter(org.apache.hadoop.hive.ql.log.LogDivertAppender$NameFilter with name NameFilter), advertise="null", advertiseURI="null", Configuration(HiveLog4j2Test))
DEBUG StatusLogger Starting RandomAccessFileManager /home/alex/Repositories/hive/beeline/target/tmp/alex/operation_logs/6c5b3f62-d8e6-416b-bcb5-d6b505ef1b49/alex_20240424080852_5b0b9fdd-e820-4acf-9ee7-7ce2d044562b
DEBUG StatusLogger Building Plugin[name=, class=org.apache.hadoop.hive.ql.log.LogDivertAppenderForTest$TestFilter].
DEBUG StatusLogger createFilter()
DEBUG StatusLogger Building Plugin[name=, class=org.apache.logging.log4j.core.layout.PatternLayout].
DEBUG StatusLogger PatternLayout$Builder(disableAnsi="null", charset="null", alwaysWriteExceptions="null", noConsoleNoAnsi="null", PatternSelector=null, Replace=null, footer="null", Configuration(HiveLog4j2Test), pattern="%-5p : %m%n", header="null")
DEBUG StatusLogger Building Plugin[name=appender, class=org.apache.hadoop.hive.ql.log.HushableRandomAccessFileAppender].
DEBUG StatusLogger createAppender(fileName="/home/alex/Repositories/hive/beeline/target/tmp/alex/operation_logs/6c5b3f62-d8e6-416b-bcb5-d6b505ef1b49/alex_20240424080852_5b0b9fdd-e820-4acf-9ee7-7ce2d044562b.test", append="null", name="test-query-file-appender", immediateFlush="null", bufferSize="null", ignoreExceptions="null", PatternLayout(org.apache.logging.log4j.core.layout.PatternLayout with name PatternLayout), test-filter(org.apache.hadoop.hive.ql.log.LogDivertAppenderForTest$TestFilter with name test-filter), advertise="null", advertiseURI="null", Configuration(HiveLog4j2Test))
DEBUG StatusLogger Starting RandomAccessFileManager /home/alex/Repositories/hive/beeline/target/tmp/alex/operation_logs/6c5b3f62-d8e6-416b-bcb5-d6b505ef1b49/alex_20240424080852_5b0b9fdd-e820-4acf-9ee7-7ce2d044562b.test
2024-04-24T08:08:52,029  INFO [6c5b3f62-d8e6-416b-bcb5-d6b505ef1b49 main] operation.SQLOperation: [opType=EXECUTE_STATEMENT, queryId=alex_20240424080852_5b0b9fdd-e820-4acf-9ee7-7ce2d044562b, startTime=1713971332020, sessionId=6c5b3f62-d8e6-416b-bcb5-d6b505ef1b49, createTime=1713971331841, userName=null, ipAddress=null]
2024-04-24T08:08:52,030  INFO [6c5b3f62-d8e6-416b-bcb5-d6b505ef1b49 main] ql.Driver: Compiling command(queryId=alex_20240424080852_5b0b9fdd-e820-4acf-9ee7-7ce2d044562b): show tables
2024-04-24T08:08:52,031  INFO [6c5b3f62-d8e6-416b-bcb5-d6b505ef1b49 main] metastore.HiveMetaStoreClient: HMS client filtering is enabled.
2024-04-24T08:08:52,032  INFO [6c5b3f62-d8e6-416b-bcb5-d6b505ef1b49 main] metastore.HMSHandler: 0: Opening raw store with implementation class:org.apache.hadoop.hive.metastore.ObjectStore
2024-04-24T08:08:52,032  INFO [6c5b3f62-d8e6-416b-bcb5-d6b505ef1b49 main] metastore.PersistenceManagerProvider: Configuration datanucleus.autoStartMechanismMode is not set. Defaulting to 'ignored'
2024-04-24T08:08:52,033  INFO [6c5b3f62-d8e6-416b-bcb5-d6b505ef1b49 main] metastore.ObjectStore: RawStore: org.apache.hadoop.hive.metastore.ObjectStore@5f3f57ff, with PersistenceManager: null will be shutdown
2024-04-24T08:08:52,033  INFO [6c5b3f62-d8e6-416b-bcb5-d6b505ef1b49 main] metastore.ObjectStore: RawStore: org.apache.hadoop.hive.metastore.ObjectStore@5f3f57ff, with PersistenceManager: org.datanucleus.api.jdo.JDOPersistenceManager@6200b644 created in the thread with id: 1
2024-04-24T08:08:52,035  INFO [6c5b3f62-d8e6-416b-bcb5-d6b505ef1b49 main] metastore.HMSHandler: Created RawStore: org.apache.hadoop.hive.metastore.ObjectStore@5f3f57ff from thread id: 1
2024-04-24T08:08:52,035  INFO [6c5b3f62-d8e6-416b-bcb5-d6b505ef1b49 main] metastore.HMSHandler: HMS server filtering is disabled by configuration
2024-04-24T08:08:52,035  INFO [6c5b3f62-d8e6-416b-bcb5-d6b505ef1b49 main] metastore.RetryingMetaStoreClient: RetryingMetaStoreClient proxy=class org.apache.hadoop.hive.ql.metadata.SessionHiveMetaStoreClient ugi=alex (auth:SIMPLE) retries=1 delay=1 lifetime=0
2024-04-24T08:08:52,039  INFO [6c5b3f62-d8e6-416b-bcb5-d6b505ef1b49 main] HiveMetaStore.audit: ugi=alex	ip=unknown-ip-addr	cmd=get_database: default	
2024-04-24T08:08:52,041  INFO [6c5b3f62-d8e6-416b-bcb5-d6b505ef1b49 main] ql.Driver: Semantic Analysis Completed (retrial = false)
2024-04-24T08:08:52,041  INFO [6c5b3f62-d8e6-416b-bcb5-d6b505ef1b49 main] ql.Driver: Created Hive schema: Schema(fieldSchemas:[FieldSchema(name:tab_name, type:string, comment:from deserializer)], properties:null)
2024-04-24T08:08:52,042  INFO [6c5b3f62-d8e6-416b-bcb5-d6b505ef1b49 main] exec.ListSinkOperator: Initializing Operator: LIST_SINK[0]
2024-04-24T08:08:52,042  INFO [6c5b3f62-d8e6-416b-bcb5-d6b505ef1b49 main] metadata.Hive: Dumping metastore api call timing information for : compilation phase
2024-04-24T08:08:52,043  INFO [6c5b3f62-d8e6-416b-bcb5-d6b505ef1b49 main] metadata.Hive: Total time spent in each metastore function (ms): {getDatabase_(String)=2, flushCache_()=0, isCompatibleWith_(Configuration)=0}
2024-04-24T08:08:52,043  INFO [6c5b3f62-d8e6-416b-bcb5-d6b505ef1b49 main] ql.Driver: Completed compiling command(queryId=alex_20240424080852_5b0b9fdd-e820-4acf-9ee7-7ce2d044562b); Time taken: 0.012 seconds
2024-04-24T08:08:52,044  INFO [HiveServer2-Background-Pool: Thread-406] common.LogUtils: Thread context registration is done.
2024-04-24T08:08:52,044  INFO [HiveServer2-Background-Pool: Thread-406] reexec.ReExecDriver: Execution #1 of query
2024-04-24T08:08:52,044  INFO [6c5b3f62-d8e6-416b-bcb5-d6b505ef1b49 main] common.LogUtils: Unregistered logging context.
2024-04-24T08:08:52,045  INFO [HiveServer2-Background-Pool: Thread-406] ql.Driver: Concurrency mode is disabled, not creating a lock manager
2024-04-24T08:08:52,045  INFO [HiveServer2-Background-Pool: Thread-406] ql.Driver: Executing command(queryId=alex_20240424080852_5b0b9fdd-e820-4acf-9ee7-7ce2d044562b): show tables
2024-04-24T08:08:52,046  INFO [HiveServer2-Background-Pool: Thread-406] ql.Driver: Starting task [Stage-0:DDL] in serial mode
2024-04-24T08:08:52,047  INFO [HiveServer2-Background-Pool: Thread-406] HiveMetaStore.audit: ugi=alex	ip=unknown-ip-addr	cmd=get_database: default	
2024-04-24T08:08:52,048  INFO [HiveServer2-Background-Pool: Thread-406] metastore.HMSHandler: 20: Opening raw store with implementation class:org.apache.hadoop.hive.metastore.ObjectStore
2024-04-24T08:08:52,049  INFO [HiveServer2-Background-Pool: Thread-406] metastore.ObjectStore: RawStore: org.apache.hadoop.hive.metastore.ObjectStore@1ddfad96, with PersistenceManager: null will be shutdown
2024-04-24T08:08:52,049  INFO [HiveServer2-Background-Pool: Thread-406] metastore.ObjectStore: RawStore: org.apache.hadoop.hive.metastore.ObjectStore@1ddfad96, with PersistenceManager: org.datanucleus.api.jdo.JDOPersistenceManager@58dd2049 created in the thread with id: 406
2024-04-24T08:08:52,052  INFO [HiveServer2-Background-Pool: Thread-406] metastore.HMSHandler: Created RawStore: org.apache.hadoop.hive.metastore.ObjectStore@1ddfad96 from thread id: 406
2024-04-24T08:08:52,054  INFO [HiveServer2-Background-Pool: Thread-406] HiveMetaStore.audit: ugi=alex	ip=unknown-ip-addr	cmd=get_multi_table : db=default tbls=null	
2024-04-24T08:08:52,058  INFO [HiveServer2-Background-Pool: Thread-406] sqlstd.SQLStdHiveAccessController: Created SQLStdHiveAccessController for session context : HiveAuthzSessionContext [sessionString=6c5b3f62-d8e6-416b-bcb5-d6b505ef1b49, clientType=HIVESERVER2]
2024-04-24T08:08:52,065  INFO [HiveServer2-Background-Pool: Thread-406] metadata.Hive: Dumping metastore api call timing information for : execution phase
2024-04-24T08:08:52,065  INFO [HiveServer2-Background-Pool: Thread-406] metadata.Hive: Total time spent in each metastore function (ms): {getDatabase_(String)=6, isCompatibleWith_(Configuration)=0, getTables_(String, String)=5}
2024-04-24T08:08:52,065  INFO [HiveServer2-Background-Pool: Thread-406] ql.Driver: Completed executing command(queryId=alex_20240424080852_5b0b9fdd-e820-4acf-9ee7-7ce2d044562b); Time taken: 0.02 seconds
2024-04-24T08:08:52,066  INFO [HiveServer2-Background-Pool: Thread-406] common.LogUtils: Unregistered logging context.
2024-04-24T08:08:52,069  INFO [6c5b3f62-d8e6-416b-bcb5-d6b505ef1b49 main] operation.OperationManager: Closing operation: OperationHandle [opType=EXECUTE_STATEMENT, getHandleIdentifier()=e6823159-aec7-49c9-9bd8-c714bff3a61b]
2024-04-24T08:08:52,069  INFO [6c5b3f62-d8e6-416b-bcb5-d6b505ef1b49 main] operation.OperationManager: Removed queryId: alex_20240424080852_5b0b9fdd-e820-4acf-9ee7-7ce2d044562b corresponding to operation: OperationHandle [opType=EXECUTE_STATEMENT, getHandleIdentifier()=e6823159-aec7-49c9-9bd8-c714bff3a61b] with tag: null
2024-04-24T08:08:52,070  INFO [6c5b3f62-d8e6-416b-bcb5-d6b505ef1b49 main] ql.Context: Deleting scratch dir: file:/home/alex/Repositories/hive/beeline/target/tmp/alex/6c5b3f62-d8e6-416b-bcb5-d6b505ef1b49/hive_2024-04-24_08-08-52_030_2636187401403198042-1
2024-04-24T08:08:52,070  INFO [6c5b3f62-d8e6-416b-bcb5-d6b505ef1b49 main] cleanup.EventualCleanupService: Delete file:/home/alex/Repositories/hive/beeline/target/tmp/alex/6c5b3f62-d8e6-416b-bcb5-d6b505ef1b49/hive_2024-04-24_08-08-52_030_2636187401403198042-1 operation was queued
2024-04-24T08:08:52,070  INFO [6c5b3f62-d8e6-416b-bcb5-d6b505ef1b49 main] exec.ListSinkOperator: Closing Operator: LIST_SINK[0]
2024-04-24T08:08:52,070  INFO [6c5b3f62-d8e6-416b-bcb5-d6b505ef1b49 main] exec.ListSinkOperator: RECORDS_OUT_OPERATOR_LIST_SINK_0:0, RECORDS_OUT_INTERMEDIATE:0, 
2024-04-24T08:08:52,070  INFO [6c5b3f62-d8e6-416b-bcb5-d6b505ef1b49 main] operation.SQLOperation: Closing operation log /home/alex/Repositories/hive/beeline/target/tmp/alex/operation_logs/6c5b3f62-d8e6-416b-bcb5-d6b505ef1b49/alex_20240424080852_5b0b9fdd-e820-4acf-9ee7-7ce2d044562b without delay
2024-04-24T08:08:52,070  INFO [main] service.CompositeService: Session closed, SessionHandle [6c5b3f62-d8e6-416b-bcb5-d6b505ef1b49], current sessions:0
2024-04-24T08:08:52,070  INFO [EventualCleanupService thread 0] cleanup.EventualCleanupService: Deleted file:/home/alex/Repositories/hive/beeline/target/tmp/alex/6c5b3f62-d8e6-416b-bcb5-d6b505ef1b49/hive_2024-04-24_08-08-52_030_2636187401403198042-1
2024-04-24T08:08:52,071  INFO [6c5b3f62-d8e6-416b-bcb5-d6b505ef1b49 main] session.HiveSessionImpl: Operation log session directory is deleted: /home/alex/Repositories/hive/beeline/target/tmp/alex/operation_logs/6c5b3f62-d8e6-416b-bcb5-d6b505ef1b49
2024-04-24T08:08:52,071  INFO [main] cleanup.EventualCleanupService: Delete /tmp/hive/alex/6c5b3f62-d8e6-416b-bcb5-d6b505ef1b49 operation was queued
2024-04-24T08:08:52,071  INFO [main] cleanup.EventualCleanupService: Delete /home/alex/Repositories/hive/beeline/target/tmp/alex/6c5b3f62-d8e6-416b-bcb5-d6b505ef1b49 operation was queued
2024-04-24T08:08:52,071  INFO [EventualCleanupService thread 2] cleanup.EventualCleanupService: Deleted /home/alex/Repositories/hive/beeline/target/tmp/alex/6c5b3f62-d8e6-416b-bcb5-d6b505ef1b49
2024-04-24T08:08:52,071  INFO [EventualCleanupService thread 1] cleanup.EventualCleanupService: Deleted /tmp/hive/alex/6c5b3f62-d8e6-416b-bcb5-d6b505ef1b49
2024-04-24T08:08:52,072  INFO [main] HiveMetaStore.audit: ugi=alex	ip=unknown-ip-addr	cmd=Cleaning up thread local RawStore...	
2024-04-24T08:08:52,072  INFO [main] metastore.ObjectStore: RawStore: org.apache.hadoop.hive.metastore.ObjectStore@5f3f57ff, with PersistenceManager: org.datanucleus.api.jdo.JDOPersistenceManager@6200b644 will be shutdown
2024-04-24T08:08:52,072  INFO [main] HiveMetaStore.audit: ugi=alex	ip=unknown-ip-addr	cmd=Done cleaning up thread local RawStore	
2024-04-24T08:08:52,072  INFO [main] metastore.HiveMetaStoreClient: Closed a connection to metastore, current connections: -25
2024-04-24T08:08:52,072 ERROR [main] cli.TestHiveCli: Failed due to the error:Connecting to jdbc:hive2://
Hive Session ID = ee303d27-fd70-4c84-bb14-4ff46cdad342
ivysettings.xml file not found in HIVE_HOME or HIVE_CONF_DIR,/home/alex/Repositories/hive/conf/ivysettings.xml will be used
ivysettings.xml file not found in HIVE_HOME or HIVE_CONF_DIR,/home/alex/Repositories/hive/conf/ivysettings.xml will be used
Connected to: Apache Hive (version 4.0.0-SNAPSHOT)
Error: Couldn't load manifest attributes. (state=,code=0)
Transaction isolation: TRANSACTION_REPEATABLE_READ
INFO  : Compiling command(queryId=alex_20240424080852_5b0b9fdd-e820-4acf-9ee7-7ce2d044562b): show tables
INFO  : Semantic Analysis Completed (retrial = false)
INFO  : Created Hive schema: Schema(fieldSchemas:[FieldSchema(name:tab_name, type:string, comment:from deserializer)], properties:null)
INFO  : Completed compiling command(queryId=alex_20240424080852_5b0b9fdd-e820-4acf-9ee7-7ce2d044562b); Time taken: 0.012 seconds
INFO  : Concurrency mode is disabled, not creating a lock manager
INFO  : Executing command(queryId=alex_20240424080852_5b0b9fdd-e820-4acf-9ee7-7ce2d044562b): show tables
INFO  : Starting task [Stage-0:DDL] in serial mode
DEBUG : Task getting executed using mapred tag : alex_20240424080852_5b0b9fdd-e820-4acf-9ee7-7ce2d044562b,userid=null
INFO  : Completed executing command(queryId=alex_20240424080852_5b0b9fdd-e820-4acf-9ee7-7ce2d044562b); Time taken: 0.02 seconds
DEBUG : Shutting down query show tables
Error: Failed to wait for operation to complete (state=08S01,code=0)
Closing: 0: jdbc:hive2://

]]></system-err>
  </testcase>
  <testcase name="testUseInvalidDB" classname="org.apache.hive.beeline.cli.TestHiveCli" time="0.488"/>
  <testcase name="testErrOutput" classname="org.apache.hive.beeline.cli.TestHiveCli" time="0.345"/>
  <testcase name="testSqlFromCmdWithComments1" classname="org.apache.hive.beeline.cli.TestHiveCli" time="0.34">
    <failure type="java.lang.AssertionError"><![CDATA[java.lang.AssertionError: Supported return code is 0 while the actual is 1
	at org.junit.Assert.fail(Assert.java:89)
	at org.apache.hive.beeline.cli.TestHiveCli.executeCMD(TestHiveCli.java:256)
	at org.apache.hive.beeline.cli.TestHiveCli.verifyCMD(TestHiveCli.java:266)
	at org.apache.hive.beeline.cli.TestHiveCli.testSqlFromCmdWithComments1(TestHiveCli.java:150)
	at sun.reflect.NativeMethodAccessorImpl.invoke0(Native Method)
	at sun.reflect.NativeMethodAccessorImpl.invoke(NativeMethodAccessorImpl.java:62)
	at sun.reflect.DelegatingMethodAccessorImpl.invoke(DelegatingMethodAccessorImpl.java:43)
	at java.lang.reflect.Method.invoke(Method.java:498)
	at org.junit.runners.model.FrameworkMethod$1.runReflectiveCall(FrameworkMethod.java:59)
	at org.junit.internal.runners.model.ReflectiveCallable.run(ReflectiveCallable.java:12)
	at org.junit.runners.model.FrameworkMethod.invokeExplosively(FrameworkMethod.java:56)
	at org.junit.internal.runners.statements.InvokeMethod.evaluate(InvokeMethod.java:17)
	at org.junit.internal.runners.statements.RunBefores.evaluate(RunBefores.java:26)
	at org.junit.internal.runners.statements.RunAfters.evaluate(RunAfters.java:27)
	at org.junit.runners.ParentRunner$3.evaluate(ParentRunner.java:306)
	at org.junit.runners.BlockJUnit4ClassRunner$1.evaluate(BlockJUnit4ClassRunner.java:100)
	at org.junit.runners.ParentRunner.runLeaf(ParentRunner.java:366)
	at org.junit.runners.BlockJUnit4ClassRunner.runChild(BlockJUnit4ClassRunner.java:103)
	at org.junit.runners.BlockJUnit4ClassRunner.runChild(BlockJUnit4ClassRunner.java:63)
	at org.junit.runners.ParentRunner$4.run(ParentRunner.java:331)
	at org.junit.runners.ParentRunner$1.schedule(ParentRunner.java:79)
	at org.junit.runners.ParentRunner.runChildren(ParentRunner.java:329)
	at org.junit.runners.ParentRunner.access$100(ParentRunner.java:66)
	at org.junit.runners.ParentRunner$2.evaluate(ParentRunner.java:293)
	at org.junit.internal.runners.statements.RunBefores.evaluate(RunBefores.java:26)
	at org.junit.runners.ParentRunner$3.evaluate(ParentRunner.java:306)
	at org.junit.runners.ParentRunner.run(ParentRunner.java:413)
	at org.junit.runner.JUnitCore.run(JUnitCore.java:137)
	at org.junit.runner.JUnitCore.run(JUnitCore.java:115)
	at org.junit.vintage.engine.execution.RunnerExecutor.execute(RunnerExecutor.java:43)
	at java.util.stream.ForEachOps$ForEachOp$OfRef.accept(ForEachOps.java:183)
	at java.util.stream.ReferencePipeline$3$1.accept(ReferencePipeline.java:193)
	at java.util.Iterator.forEachRemaining(Iterator.java:116)
	at java.util.Spliterators$IteratorSpliterator.forEachRemaining(Spliterators.java:1801)
	at java.util.stream.AbstractPipeline.copyInto(AbstractPipeline.java:482)
	at java.util.stream.AbstractPipeline.wrapAndCopyInto(AbstractPipeline.java:472)
	at java.util.stream.ForEachOps$ForEachOp.evaluateSequential(ForEachOps.java:150)
	at java.util.stream.ForEachOps$ForEachOp$OfRef.evaluateSequential(ForEachOps.java:173)
	at java.util.stream.AbstractPipeline.evaluate(AbstractPipeline.java:234)
	at java.util.stream.ReferencePipeline.forEach(ReferencePipeline.java:485)
	at org.junit.vintage.engine.VintageTestEngine.executeAllChildren(VintageTestEngine.java:82)
	at org.junit.vintage.engine.VintageTestEngine.execute(VintageTestEngine.java:73)
	at org.junit.platform.launcher.core.DefaultLauncher.execute(DefaultLauncher.java:248)
	at org.junit.platform.launcher.core.DefaultLauncher.lambda$execute$5(DefaultLauncher.java:211)
	at org.junit.platform.launcher.core.DefaultLauncher.withInterceptedStreams(DefaultLauncher.java:226)
	at org.junit.platform.launcher.core.DefaultLauncher.execute(DefaultLauncher.java:199)
	at org.junit.platform.launcher.core.DefaultLauncher.execute(DefaultLauncher.java:132)
	at org.apache.maven.surefire.junitplatform.JUnitPlatformProvider.invokeAllTests(JUnitPlatformProvider.java:154)
	at org.apache.maven.surefire.junitplatform.JUnitPlatformProvider.invoke(JUnitPlatformProvider.java:123)
	at org.apache.maven.surefire.booter.ForkedBooter.runSuitesInProcess(ForkedBooter.java:377)
	at org.apache.maven.surefire.booter.ForkedBooter.execute(ForkedBooter.java:138)
	at org.apache.maven.surefire.booter.ForkedBooter.run(ForkedBooter.java:465)
	at org.apache.maven.surefire.booter.ForkedBooter.main(ForkedBooter.java:451)
]]></failure>
    <system-err><![CDATA[2024-04-24T08:08:52,907 ERROR [main] cli.TestHiveCli: Failed to execute command due to the error: java.lang.NullPointerException: Null output stream
2024-04-24T08:08:52,954  WARN [main] conf.HiveConf: HiveConf of name hive.dummyparam.test.server.specific.config.hiveserver2site does not exist
2024-04-24T08:08:52,954  WARN [main] conf.HiveConf: HiveConf of name hive.dummyparam.test.server.specific.config.metastoresite does not exist
2024-04-24T08:08:52,954  WARN [main] conf.HiveConf: HiveConf of name hive.dummyparam.test.server.specific.config.override does not exist
2024-04-24T08:08:52,954  INFO [main] SessionState: Hive Session ID = 961aea03-1ac9-48bc-b86b-879b7a1e5815
2024-04-24T08:08:52,955  INFO [main] DependencyResolver: ivysettings.xml file not found in HIVE_HOME or HIVE_CONF_DIR,/home/alex/Repositories/hive/conf/ivysettings.xml will be used
2024-04-24T08:08:52,962  INFO [main] session.SessionState: Created HDFS directory: /tmp/hive/alex/961aea03-1ac9-48bc-b86b-879b7a1e5815
2024-04-24T08:08:52,965  INFO [main] session.SessionState: Created local directory: /home/alex/Repositories/hive/beeline/target/tmp/alex/961aea03-1ac9-48bc-b86b-879b7a1e5815
2024-04-24T08:08:52,968  INFO [main] session.SessionState: Created HDFS directory: /tmp/hive/alex/961aea03-1ac9-48bc-b86b-879b7a1e5815/_tmp_space.db
2024-04-24T08:08:52,968  INFO [main] sqlstd.SQLStdHiveAccessController: Created SQLStdHiveAccessController for session context : HiveAuthzSessionContext [sessionString=961aea03-1ac9-48bc-b86b-879b7a1e5815, clientType=HIVESERVER2]
2024-04-24T08:08:52,969  INFO [main] metastore.HiveMetaStoreClient: HMS client filtering is enabled.
2024-04-24T08:08:52,970  INFO [main] metastore.HMSHandler: 0: Opening raw store with implementation class:org.apache.hadoop.hive.metastore.ObjectStore
2024-04-24T08:08:52,970  INFO [main] metastore.PersistenceManagerProvider: Configuration datanucleus.autoStartMechanismMode is not set. Defaulting to 'ignored'
2024-04-24T08:08:52,971  INFO [main] metastore.ObjectStore: RawStore: org.apache.hadoop.hive.metastore.ObjectStore@65262308, with PersistenceManager: null will be shutdown
2024-04-24T08:08:52,971  INFO [main] metastore.ObjectStore: RawStore: org.apache.hadoop.hive.metastore.ObjectStore@65262308, with PersistenceManager: org.datanucleus.api.jdo.JDOPersistenceManager@792e8181 created in the thread with id: 1
2024-04-24T08:08:52,973  INFO [main] metastore.HMSHandler: Created RawStore: org.apache.hadoop.hive.metastore.ObjectStore@65262308 from thread id: 1
2024-04-24T08:08:52,973  INFO [main] metastore.HMSHandler: HMS server filtering is disabled by configuration
2024-04-24T08:08:52,974  INFO [main] metastore.RetryingMetaStoreClient: RetryingMetaStoreClient proxy=class org.apache.hadoop.hive.ql.metadata.SessionHiveMetaStoreClient ugi=alex (auth:SIMPLE) retries=1 delay=1 lifetime=0
2024-04-24T08:08:52,974  INFO [main] service.CompositeService: Operation log root directory is created: /home/alex/Repositories/hive/beeline/target/tmp/alex/operation_logs
2024-04-24T08:08:52,974  INFO [main] service.CompositeService: HiveServer2: Background operation thread pool size: 100
2024-04-24T08:08:52,974  INFO [main] service.CompositeService: HiveServer2: Background operation thread wait queue size: 100
2024-04-24T08:08:52,974  INFO [main] service.CompositeService: HiveServer2: Background operation thread keepalive time: 10 seconds
2024-04-24T08:08:52,974  INFO [main] service.CompositeService: Connections limit are user: 0 ipaddress: 0 user-ipaddress: 0
2024-04-24T08:08:52,976  INFO [main] cleanup.EventualCleanupService: EventualCleanupService started with 10 threads and queue of size 10000
ERROR StatusLogger Log4j2 ConfigurationScheduler attempted to increment scheduled items after start
ERROR StatusLogger Log4j2 ConfigurationScheduler attempted to increment scheduled items after start
2024-04-24T08:08:52,977  INFO [main] service.AbstractService: Service:OperationManager is inited.
2024-04-24T08:08:52,977  INFO [main] service.AbstractService: Service:SessionManager is inited.
2024-04-24T08:08:52,977  INFO [main] service.AbstractService: Service:CLIService is inited.
2024-04-24T08:08:52,977  INFO [main] service.AbstractService: Service:OperationManager is started.
2024-04-24T08:08:52,977  INFO [main] service.AbstractService: Service:SessionManager is started.
2024-04-24T08:08:52,978  INFO [main] service.AbstractService: Service:CLIService is started.
2024-04-24T08:08:52,978  INFO [main] service.AbstractService: Service:ThriftBinaryCLIService is inited.
2024-04-24T08:08:52,978  INFO [main] thrift.ThriftCLIService: Client protocol version: HIVE_CLI_SERVICE_PROTOCOL_V10
2024-04-24T08:08:52,978  INFO [main] thrift.ThriftCLIService: Creating Hive session handle for user [null] from IP null
2024-04-24T08:08:52,980  INFO [main] DependencyResolver: ivysettings.xml file not found in HIVE_HOME or HIVE_CONF_DIR,/home/alex/Repositories/hive/conf/ivysettings.xml will be used
2024-04-24T08:08:52,987  INFO [main] session.SessionState: Created HDFS directory: /tmp/hive/alex/74b857da-ae6f-4f76-8586-d0af280d6156
2024-04-24T08:08:52,990  INFO [main] session.SessionState: Created local directory: /home/alex/Repositories/hive/beeline/target/tmp/alex/74b857da-ae6f-4f76-8586-d0af280d6156
2024-04-24T08:08:52,994  INFO [main] session.SessionState: Created HDFS directory: /tmp/hive/alex/74b857da-ae6f-4f76-8586-d0af280d6156/_tmp_space.db
2024-04-24T08:08:52,994  INFO [main] session.SessionState: Reloading auxiliary JAR files
2024-04-24T08:08:52,994  WARN [main] session.SessionState: Configuration hive.reloadable.aux.jars.path not specified
2024-04-24T08:08:52,994  INFO [main] HiveMetaStore.audit: ugi=alex	ip=unknown-ip-addr	cmd=Cleaning up thread local RawStore...	
2024-04-24T08:08:52,994  INFO [main] metastore.ObjectStore: RawStore: org.apache.hadoop.hive.metastore.ObjectStore@65262308, with PersistenceManager: org.datanucleus.api.jdo.JDOPersistenceManager@792e8181 will be shutdown
2024-04-24T08:08:52,994  INFO [main] HiveMetaStore.audit: ugi=alex	ip=unknown-ip-addr	cmd=Done cleaning up thread local RawStore	
2024-04-24T08:08:52,994  INFO [main] metastore.HiveMetaStoreClient: Closed a connection to metastore, current connections: -30
2024-04-24T08:08:52,995  INFO [main] session.HiveSessionImpl: Operation log session directory is created: /home/alex/Repositories/hive/beeline/target/tmp/alex/operation_logs/74b857da-ae6f-4f76-8586-d0af280d6156
2024-04-24T08:08:52,995  INFO [main] service.CompositeService: Session opened, SessionHandle [74b857da-ae6f-4f76-8586-d0af280d6156], current sessions:1
2024-04-24T08:08:52,995  INFO [main] thrift.ThriftCLIService: Login attempt is successful for user : null
2024-04-24T08:08:53,053  WARN [main] conf.HiveConf: HiveConf of name hive.dummyparam.test.server.specific.config.override does not exist
2024-04-24T08:08:53,053  WARN [main] conf.HiveConf: HiveConf of name hive.dummyparam.test.server.specific.config.metastoresite does not exist
2024-04-24T08:08:53,053  WARN [main] conf.HiveConf: HiveConf of name hive.dummyparam.test.server.specific.config.hiveserver2site does not exist
2024-04-24T08:08:53,054  INFO [74b857da-ae6f-4f76-8586-d0af280d6156 main] session.HiveSessionImpl: executing set
2024-04-24T08:08:53,056  INFO [74b857da-ae6f-4f76-8586-d0af280d6156 main] operation.HiveCommandOperation: Putting temp output to file /home/alex/Repositories/hive/beeline/target/tmp/alex/74b857da-ae6f-4f76-8586-d0af280d61562821552487705250957.pipeout and error output to file /home/alex/Repositories/hive/beeline/target/tmp/alex/74b857da-ae6f-4f76-8586-d0af280d61562479255936092511737.pipeout
2024-04-24T08:08:53,057  INFO [74b857da-ae6f-4f76-8586-d0af280d6156 main] operation.OperationManager: Adding operation: OperationHandle [opType=EXECUTE_STATEMENT, getHandleIdentifier()=87311468-8e6b-4019-a4f8-1981648b237b] SessionHandle [74b857da-ae6f-4f76-8586-d0af280d6156]
2024-04-24T08:08:53,057  INFO [74b857da-ae6f-4f76-8586-d0af280d6156 main] common.LogUtils: Thread context registration is done.
DEBUG StatusLogger Building Plugin[name=filter, class=org.apache.hadoop.hive.ql.log.LogDivertAppender$NameFilter].
DEBUG StatusLogger createFilter(loggingLevel="EXECUTION")
DEBUG StatusLogger Building Plugin[name=layout, class=org.apache.logging.log4j.core.layout.PatternLayout].
DEBUG StatusLogger PatternLayout$Builder(pattern="%-5p : %m%n", charset="null", noConsoleNoAnsi="null", footer="null", disableAnsi="null", Configuration(HiveLog4j2Test), alwaysWriteExceptions="null", PatternSelector=null, header="null", Replace=null)
DEBUG StatusLogger Building Plugin[name=appender, class=org.apache.hadoop.hive.ql.log.HushableRandomAccessFileAppender].
DEBUG StatusLogger createAppender(fileName="/home/alex/Repositories/hive/beeline/target/tmp/alex/operation_logs/74b857da-ae6f-4f76-8586-d0af280d6156/alex_20240424080853_9468db37-2f86-4e71-ade4-fa91b3118443", append="null", name="query-file-appender", immediateFlush="null", bufferSize="null", ignoreExceptions="null", PatternLayout(org.apache.logging.log4j.core.layout.PatternLayout with name PatternLayout), NameFilter(org.apache.hadoop.hive.ql.log.LogDivertAppender$NameFilter with name NameFilter), advertise="null", advertiseURI="null", Configuration(HiveLog4j2Test))
DEBUG StatusLogger Starting RandomAccessFileManager /home/alex/Repositories/hive/beeline/target/tmp/alex/operation_logs/74b857da-ae6f-4f76-8586-d0af280d6156/alex_20240424080853_9468db37-2f86-4e71-ade4-fa91b3118443
DEBUG StatusLogger Building Plugin[name=, class=org.apache.hadoop.hive.ql.log.LogDivertAppenderForTest$TestFilter].
DEBUG StatusLogger createFilter()
DEBUG StatusLogger Building Plugin[name=, class=org.apache.logging.log4j.core.layout.PatternLayout].
DEBUG StatusLogger PatternLayout$Builder(noConsoleNoAnsi="null", disableAnsi="null", Replace=null, Configuration(HiveLog4j2Test), footer="null", alwaysWriteExceptions="null", pattern="%-5p : %m%n", PatternSelector=null, charset="null", header="null")
DEBUG StatusLogger Building Plugin[name=appender, class=org.apache.hadoop.hive.ql.log.HushableRandomAccessFileAppender].
DEBUG StatusLogger createAppender(fileName="/home/alex/Repositories/hive/beeline/target/tmp/alex/operation_logs/74b857da-ae6f-4f76-8586-d0af280d6156/alex_20240424080853_9468db37-2f86-4e71-ade4-fa91b3118443.test", append="null", name="test-query-file-appender", immediateFlush="null", bufferSize="null", ignoreExceptions="null", PatternLayout(org.apache.logging.log4j.core.layout.PatternLayout with name PatternLayout), test-filter(org.apache.hadoop.hive.ql.log.LogDivertAppenderForTest$TestFilter with name test-filter), advertise="null", advertiseURI="null", Configuration(HiveLog4j2Test))
DEBUG StatusLogger Starting RandomAccessFileManager /home/alex/Repositories/hive/beeline/target/tmp/alex/operation_logs/74b857da-ae6f-4f76-8586-d0af280d6156/alex_20240424080853_9468db37-2f86-4e71-ade4-fa91b3118443.test
2024-04-24T08:08:53,067  INFO [74b857da-ae6f-4f76-8586-d0af280d6156 main] operation.HiveCommandOperation: [opType=EXECUTE_STATEMENT, queryId=alex_20240424080853_9468db37-2f86-4e71-ade4-fa91b3118443, startTime=1713971333054, sessionId=74b857da-ae6f-4f76-8586-d0af280d6156, createTime=1713971332978, userName=null, ipAddress=null]
2024-04-24T08:08:53,186  INFO [74b857da-ae6f-4f76-8586-d0af280d6156 main] common.LogUtils: Unregistered logging context.
2024-04-24T08:08:53,187  INFO [74b857da-ae6f-4f76-8586-d0af280d6156 main] operation.OperationManager: Closing operation: OperationHandle [opType=EXECUTE_STATEMENT, getHandleIdentifier()=87311468-8e6b-4019-a4f8-1981648b237b]
2024-04-24T08:08:53,188  INFO [74b857da-ae6f-4f76-8586-d0af280d6156 main] operation.OperationManager: Removed queryId: alex_20240424080853_9468db37-2f86-4e71-ade4-fa91b3118443 corresponding to operation: OperationHandle [opType=EXECUTE_STATEMENT, getHandleIdentifier()=87311468-8e6b-4019-a4f8-1981648b237b] with tag: null
2024-04-24T08:08:53,188  INFO [74b857da-ae6f-4f76-8586-d0af280d6156 main] operation.HiveCommandOperation: Closing operation log /home/alex/Repositories/hive/beeline/target/tmp/alex/operation_logs/74b857da-ae6f-4f76-8586-d0af280d6156/alex_20240424080853_9468db37-2f86-4e71-ade4-fa91b3118443 without delay
2024-04-24T08:08:53,190  INFO [74b857da-ae6f-4f76-8586-d0af280d6156 main] session.HiveSessionImpl: executing show databases
2024-04-24T08:08:53,191  INFO [74b857da-ae6f-4f76-8586-d0af280d6156 main] operation.OperationManager: Adding operation: OperationHandle [opType=EXECUTE_STATEMENT, getHandleIdentifier()=5ddf8e89-c6ba-418b-8180-eec6f2a7dc85] SessionHandle [74b857da-ae6f-4f76-8586-d0af280d6156]
2024-04-24T08:08:53,192  INFO [74b857da-ae6f-4f76-8586-d0af280d6156 main] common.LogUtils: Thread context registration is done.
DEBUG StatusLogger Building Plugin[name=filter, class=org.apache.hadoop.hive.ql.log.LogDivertAppender$NameFilter].
DEBUG StatusLogger createFilter(loggingLevel="EXECUTION")
DEBUG StatusLogger Building Plugin[name=layout, class=org.apache.logging.log4j.core.layout.PatternLayout].
DEBUG StatusLogger PatternLayout$Builder(pattern="%-5p : %m%n", header="null", footer="null", PatternSelector=null, charset="null", Configuration(HiveLog4j2Test), disableAnsi="null", alwaysWriteExceptions="null", Replace=null, noConsoleNoAnsi="null")
DEBUG StatusLogger Building Plugin[name=appender, class=org.apache.hadoop.hive.ql.log.HushableRandomAccessFileAppender].
DEBUG StatusLogger createAppender(fileName="/home/alex/Repositories/hive/beeline/target/tmp/alex/operation_logs/74b857da-ae6f-4f76-8586-d0af280d6156/alex_20240424080853_b5495be8-456e-4da0-9b34-1d177584889c", append="null", name="query-file-appender", immediateFlush="null", bufferSize="null", ignoreExceptions="null", PatternLayout(org.apache.logging.log4j.core.layout.PatternLayout with name PatternLayout), NameFilter(org.apache.hadoop.hive.ql.log.LogDivertAppender$NameFilter with name NameFilter), advertise="null", advertiseURI="null", Configuration(HiveLog4j2Test))
DEBUG StatusLogger Starting RandomAccessFileManager /home/alex/Repositories/hive/beeline/target/tmp/alex/operation_logs/74b857da-ae6f-4f76-8586-d0af280d6156/alex_20240424080853_b5495be8-456e-4da0-9b34-1d177584889c
DEBUG StatusLogger Building Plugin[name=, class=org.apache.hadoop.hive.ql.log.LogDivertAppenderForTest$TestFilter].
DEBUG StatusLogger createFilter()
DEBUG StatusLogger Building Plugin[name=, class=org.apache.logging.log4j.core.layout.PatternLayout].
DEBUG StatusLogger PatternLayout$Builder(Configuration(HiveLog4j2Test), charset="null", alwaysWriteExceptions="null", footer="null", PatternSelector=null, pattern="%-5p : %m%n", noConsoleNoAnsi="null", Replace=null, header="null", disableAnsi="null")
DEBUG StatusLogger Building Plugin[name=appender, class=org.apache.hadoop.hive.ql.log.HushableRandomAccessFileAppender].
DEBUG StatusLogger createAppender(fileName="/home/alex/Repositories/hive/beeline/target/tmp/alex/operation_logs/74b857da-ae6f-4f76-8586-d0af280d6156/alex_20240424080853_b5495be8-456e-4da0-9b34-1d177584889c.test", append="null", name="test-query-file-appender", immediateFlush="null", bufferSize="null", ignoreExceptions="null", PatternLayout(org.apache.logging.log4j.core.layout.PatternLayout with name PatternLayout), test-filter(org.apache.hadoop.hive.ql.log.LogDivertAppenderForTest$TestFilter with name test-filter), advertise="null", advertiseURI="null", Configuration(HiveLog4j2Test))
DEBUG StatusLogger Starting RandomAccessFileManager /home/alex/Repositories/hive/beeline/target/tmp/alex/operation_logs/74b857da-ae6f-4f76-8586-d0af280d6156/alex_20240424080853_b5495be8-456e-4da0-9b34-1d177584889c.test
2024-04-24T08:08:53,199  INFO [74b857da-ae6f-4f76-8586-d0af280d6156 main] operation.SQLOperation: [opType=EXECUTE_STATEMENT, queryId=alex_20240424080853_b5495be8-456e-4da0-9b34-1d177584889c, startTime=1713971333190, sessionId=74b857da-ae6f-4f76-8586-d0af280d6156, createTime=1713971332978, userName=null, ipAddress=null]
2024-04-24T08:08:53,200  INFO [74b857da-ae6f-4f76-8586-d0af280d6156 main] ql.Driver: Compiling command(queryId=alex_20240424080853_b5495be8-456e-4da0-9b34-1d177584889c): show databases
2024-04-24T08:08:53,201  INFO [74b857da-ae6f-4f76-8586-d0af280d6156 main] metastore.HiveMetaStoreClient: HMS client filtering is enabled.
2024-04-24T08:08:53,203  INFO [74b857da-ae6f-4f76-8586-d0af280d6156 main] metastore.HMSHandler: 0: Opening raw store with implementation class:org.apache.hadoop.hive.metastore.ObjectStore
2024-04-24T08:08:53,203  INFO [74b857da-ae6f-4f76-8586-d0af280d6156 main] metastore.PersistenceManagerProvider: Configuration datanucleus.autoStartMechanismMode is not set. Defaulting to 'ignored'
2024-04-24T08:08:53,203  INFO [74b857da-ae6f-4f76-8586-d0af280d6156 main] metastore.ObjectStore: RawStore: org.apache.hadoop.hive.metastore.ObjectStore@66e12c3b, with PersistenceManager: null will be shutdown
2024-04-24T08:08:53,204  INFO [74b857da-ae6f-4f76-8586-d0af280d6156 main] metastore.ObjectStore: RawStore: org.apache.hadoop.hive.metastore.ObjectStore@66e12c3b, with PersistenceManager: org.datanucleus.api.jdo.JDOPersistenceManager@44485db created in the thread with id: 1
2024-04-24T08:08:53,206  INFO [74b857da-ae6f-4f76-8586-d0af280d6156 main] metastore.HMSHandler: Created RawStore: org.apache.hadoop.hive.metastore.ObjectStore@66e12c3b from thread id: 1
2024-04-24T08:08:53,206  INFO [74b857da-ae6f-4f76-8586-d0af280d6156 main] metastore.HMSHandler: HMS server filtering is disabled by configuration
2024-04-24T08:08:53,206  INFO [74b857da-ae6f-4f76-8586-d0af280d6156 main] metastore.RetryingMetaStoreClient: RetryingMetaStoreClient proxy=class org.apache.hadoop.hive.ql.metadata.SessionHiveMetaStoreClient ugi=alex (auth:SIMPLE) retries=1 delay=1 lifetime=0
2024-04-24T08:08:53,210  INFO [74b857da-ae6f-4f76-8586-d0af280d6156 main] ql.Driver: Semantic Analysis Completed (retrial = false)
2024-04-24T08:08:53,210  INFO [74b857da-ae6f-4f76-8586-d0af280d6156 main] ql.Driver: Created Hive schema: Schema(fieldSchemas:[FieldSchema(name:database_name, type:string, comment:from deserializer)], properties:null)
2024-04-24T08:08:53,211  INFO [74b857da-ae6f-4f76-8586-d0af280d6156 main] exec.ListSinkOperator: Initializing Operator: LIST_SINK[0]
2024-04-24T08:08:53,211  INFO [74b857da-ae6f-4f76-8586-d0af280d6156 main] metadata.Hive: Dumping metastore api call timing information for : compilation phase
2024-04-24T08:08:53,212  INFO [74b857da-ae6f-4f76-8586-d0af280d6156 main] metadata.Hive: Total time spent in each metastore function (ms): {isCompatibleWith_(Configuration)=0, flushCache_()=0}
2024-04-24T08:08:53,212  INFO [74b857da-ae6f-4f76-8586-d0af280d6156 main] ql.Driver: Completed compiling command(queryId=alex_20240424080853_b5495be8-456e-4da0-9b34-1d177584889c); Time taken: 0.011 seconds
2024-04-24T08:08:53,213  INFO [HiveServer2-Background-Pool: Thread-481] common.LogUtils: Thread context registration is done.
2024-04-24T08:08:53,213  INFO [74b857da-ae6f-4f76-8586-d0af280d6156 main] common.LogUtils: Unregistered logging context.
2024-04-24T08:08:53,213  INFO [HiveServer2-Background-Pool: Thread-481] reexec.ReExecDriver: Execution #1 of query
2024-04-24T08:08:53,214  INFO [HiveServer2-Background-Pool: Thread-481] ql.Driver: Concurrency mode is disabled, not creating a lock manager
2024-04-24T08:08:53,214  INFO [HiveServer2-Background-Pool: Thread-481] ql.Driver: Executing command(queryId=alex_20240424080853_b5495be8-456e-4da0-9b34-1d177584889c): show databases
2024-04-24T08:08:53,215  INFO [HiveServer2-Background-Pool: Thread-481] ql.Driver: Starting task [Stage-0:DDL] in serial mode
2024-04-24T08:08:53,216  INFO [HiveServer2-Background-Pool: Thread-481] HiveMetaStore.audit: ugi=alex	ip=unknown-ip-addr	cmd=get_databases: @hive#	
2024-04-24T08:08:53,217  INFO [HiveServer2-Background-Pool: Thread-481] metastore.HMSHandler: 22: Opening raw store with implementation class:org.apache.hadoop.hive.metastore.ObjectStore
2024-04-24T08:08:53,217  INFO [HiveServer2-Background-Pool: Thread-481] metastore.ObjectStore: RawStore: org.apache.hadoop.hive.metastore.ObjectStore@740870b4, with PersistenceManager: null will be shutdown
2024-04-24T08:08:53,218  INFO [HiveServer2-Background-Pool: Thread-481] metastore.ObjectStore: RawStore: org.apache.hadoop.hive.metastore.ObjectStore@740870b4, with PersistenceManager: org.datanucleus.api.jdo.JDOPersistenceManager@310af051 created in the thread with id: 481
2024-04-24T08:08:53,220  INFO [HiveServer2-Background-Pool: Thread-481] metastore.HMSHandler: Created RawStore: org.apache.hadoop.hive.metastore.ObjectStore@740870b4 from thread id: 481
2024-04-24T08:08:53,230  INFO [HiveServer2-Background-Pool: Thread-481] sqlstd.SQLStdHiveAccessController: Created SQLStdHiveAccessController for session context : HiveAuthzSessionContext [sessionString=74b857da-ae6f-4f76-8586-d0af280d6156, clientType=HIVESERVER2]
2024-04-24T08:08:53,231  INFO [HiveServer2-Background-Pool: Thread-481] exec.DDLTask: Found 3 database(s) matching the SHOW DATABASES statement.
2024-04-24T08:08:53,239  INFO [HiveServer2-Background-Pool: Thread-481] metadata.Hive: Dumping metastore api call timing information for : execution phase
2024-04-24T08:08:53,239  INFO [HiveServer2-Background-Pool: Thread-481] metadata.Hive: Total time spent in each metastore function (ms): {isCompatibleWith_(Configuration)=0, getAllDatabases_()=15}
2024-04-24T08:08:53,239  INFO [HiveServer2-Background-Pool: Thread-481] ql.Driver: Completed executing command(queryId=alex_20240424080853_b5495be8-456e-4da0-9b34-1d177584889c); Time taken: 0.025 seconds
2024-04-24T08:08:53,240  INFO [HiveServer2-Background-Pool: Thread-481] common.LogUtils: Unregistered logging context.
2024-04-24T08:08:53,243  INFO [74b857da-ae6f-4f76-8586-d0af280d6156 main] operation.OperationManager: Closing operation: OperationHandle [opType=EXECUTE_STATEMENT, getHandleIdentifier()=5ddf8e89-c6ba-418b-8180-eec6f2a7dc85]
2024-04-24T08:08:53,243  INFO [74b857da-ae6f-4f76-8586-d0af280d6156 main] operation.OperationManager: Removed queryId: alex_20240424080853_b5495be8-456e-4da0-9b34-1d177584889c corresponding to operation: OperationHandle [opType=EXECUTE_STATEMENT, getHandleIdentifier()=5ddf8e89-c6ba-418b-8180-eec6f2a7dc85] with tag: null
2024-04-24T08:08:53,243  INFO [74b857da-ae6f-4f76-8586-d0af280d6156 main] ql.Context: Deleting scratch dir: file:/home/alex/Repositories/hive/beeline/target/tmp/alex/74b857da-ae6f-4f76-8586-d0af280d6156/hive_2024-04-24_08-08-53_200_1410088071108837741-1
2024-04-24T08:08:53,243  INFO [74b857da-ae6f-4f76-8586-d0af280d6156 main] cleanup.EventualCleanupService: Delete file:/home/alex/Repositories/hive/beeline/target/tmp/alex/74b857da-ae6f-4f76-8586-d0af280d6156/hive_2024-04-24_08-08-53_200_1410088071108837741-1 operation was queued
2024-04-24T08:08:53,243  INFO [74b857da-ae6f-4f76-8586-d0af280d6156 main] exec.ListSinkOperator: Closing Operator: LIST_SINK[0]
2024-04-24T08:08:53,243  INFO [74b857da-ae6f-4f76-8586-d0af280d6156 main] exec.ListSinkOperator: RECORDS_OUT_INTERMEDIATE:0, RECORDS_OUT_OPERATOR_LIST_SINK_0:0, 
2024-04-24T08:08:53,243  INFO [74b857da-ae6f-4f76-8586-d0af280d6156 main] operation.SQLOperation: Closing operation log /home/alex/Repositories/hive/beeline/target/tmp/alex/operation_logs/74b857da-ae6f-4f76-8586-d0af280d6156/alex_20240424080853_b5495be8-456e-4da0-9b34-1d177584889c without delay
2024-04-24T08:08:53,243  INFO [EventualCleanupService thread 0] cleanup.EventualCleanupService: Deleted file:/home/alex/Repositories/hive/beeline/target/tmp/alex/74b857da-ae6f-4f76-8586-d0af280d6156/hive_2024-04-24_08-08-53_200_1410088071108837741-1
2024-04-24T08:08:53,244  INFO [main] service.CompositeService: Session closed, SessionHandle [74b857da-ae6f-4f76-8586-d0af280d6156], current sessions:0
2024-04-24T08:08:53,244  INFO [74b857da-ae6f-4f76-8586-d0af280d6156 main] session.HiveSessionImpl: Operation log session directory is deleted: /home/alex/Repositories/hive/beeline/target/tmp/alex/operation_logs/74b857da-ae6f-4f76-8586-d0af280d6156
2024-04-24T08:08:53,245  INFO [main] cleanup.EventualCleanupService: Delete /tmp/hive/alex/74b857da-ae6f-4f76-8586-d0af280d6156 operation was queued
2024-04-24T08:08:53,245  INFO [main] cleanup.EventualCleanupService: Delete /home/alex/Repositories/hive/beeline/target/tmp/alex/74b857da-ae6f-4f76-8586-d0af280d6156 operation was queued
2024-04-24T08:08:53,245  INFO [EventualCleanupService thread 1] cleanup.EventualCleanupService: Deleted /tmp/hive/alex/74b857da-ae6f-4f76-8586-d0af280d6156
2024-04-24T08:08:53,245  INFO [EventualCleanupService thread 2] cleanup.EventualCleanupService: Deleted /home/alex/Repositories/hive/beeline/target/tmp/alex/74b857da-ae6f-4f76-8586-d0af280d6156
2024-04-24T08:08:53,246  INFO [main] HiveMetaStore.audit: ugi=alex	ip=unknown-ip-addr	cmd=Cleaning up thread local RawStore...	
2024-04-24T08:08:53,246  INFO [main] metastore.ObjectStore: RawStore: org.apache.hadoop.hive.metastore.ObjectStore@66e12c3b, with PersistenceManager: org.datanucleus.api.jdo.JDOPersistenceManager@44485db will be shutdown
2024-04-24T08:08:53,246  INFO [main] HiveMetaStore.audit: ugi=alex	ip=unknown-ip-addr	cmd=Done cleaning up thread local RawStore	
2024-04-24T08:08:53,246  INFO [main] metastore.HiveMetaStoreClient: Closed a connection to metastore, current connections: -31
2024-04-24T08:08:53,246 ERROR [main] cli.TestHiveCli: Failed due to the error:Connecting to jdbc:hive2://
Hive Session ID = 961aea03-1ac9-48bc-b86b-879b7a1e5815
ivysettings.xml file not found in HIVE_HOME or HIVE_CONF_DIR,/home/alex/Repositories/hive/conf/ivysettings.xml will be used
ivysettings.xml file not found in HIVE_HOME or HIVE_CONF_DIR,/home/alex/Repositories/hive/conf/ivysettings.xml will be used
Connected to: Apache Hive (version 4.0.0-SNAPSHOT)
Error: Couldn't load manifest attributes. (state=,code=0)
Transaction isolation: TRANSACTION_REPEATABLE_READ
INFO  : Compiling command(queryId=alex_20240424080853_b5495be8-456e-4da0-9b34-1d177584889c): show databases
INFO  : Semantic Analysis Completed (retrial = false)
INFO  : Created Hive schema: Schema(fieldSchemas:[FieldSchema(name:database_name, type:string, comment:from deserializer)], properties:null)
INFO  : Completed compiling command(queryId=alex_20240424080853_b5495be8-456e-4da0-9b34-1d177584889c); Time taken: 0.011 seconds
INFO  : Concurrency mode is disabled, not creating a lock manager
INFO  : Executing command(queryId=alex_20240424080853_b5495be8-456e-4da0-9b34-1d177584889c): show databases
INFO  : Starting task [Stage-0:DDL] in serial mode
DEBUG : Task getting executed using mapred tag : alex_20240424080853_b5495be8-456e-4da0-9b34-1d177584889c,userid=null
INFO  : Completed executing command(queryId=alex_20240424080853_b5495be8-456e-4da0-9b34-1d177584889c); Time taken: 0.025 seconds
DEBUG : Shutting down query show databases
Error: Failed to wait for operation to complete (state=08S01,code=0)
Closing: 0: jdbc:hive2://

]]></system-err>
  </testcase>
  <testcase name="testSqlFromCmdWithComments2" classname="org.apache.hive.beeline.cli.TestHiveCli" time="0.299"/>
  <testcase name="testSqlFromCmdWithComments3" classname="org.apache.hive.beeline.cli.TestHiveCli" time="0.3">
    <failure type="java.lang.AssertionError"><![CDATA[java.lang.AssertionError: Supported return code is 0 while the actual is 1
	at org.junit.Assert.fail(Assert.java:89)
	at org.apache.hive.beeline.cli.TestHiveCli.executeCMD(TestHiveCli.java:256)
	at org.apache.hive.beeline.cli.TestHiveCli.verifyCMD(TestHiveCli.java:266)
	at org.apache.hive.beeline.cli.TestHiveCli.testSqlFromCmdWithComments3(TestHiveCli.java:160)
	at sun.reflect.NativeMethodAccessorImpl.invoke0(Native Method)
	at sun.reflect.NativeMethodAccessorImpl.invoke(NativeMethodAccessorImpl.java:62)
	at sun.reflect.DelegatingMethodAccessorImpl.invoke(DelegatingMethodAccessorImpl.java:43)
	at java.lang.reflect.Method.invoke(Method.java:498)
	at org.junit.runners.model.FrameworkMethod$1.runReflectiveCall(FrameworkMethod.java:59)
	at org.junit.internal.runners.model.ReflectiveCallable.run(ReflectiveCallable.java:12)
	at org.junit.runners.model.FrameworkMethod.invokeExplosively(FrameworkMethod.java:56)
	at org.junit.internal.runners.statements.InvokeMethod.evaluate(InvokeMethod.java:17)
	at org.junit.internal.runners.statements.RunBefores.evaluate(RunBefores.java:26)
	at org.junit.internal.runners.statements.RunAfters.evaluate(RunAfters.java:27)
	at org.junit.runners.ParentRunner$3.evaluate(ParentRunner.java:306)
	at org.junit.runners.BlockJUnit4ClassRunner$1.evaluate(BlockJUnit4ClassRunner.java:100)
	at org.junit.runners.ParentRunner.runLeaf(ParentRunner.java:366)
	at org.junit.runners.BlockJUnit4ClassRunner.runChild(BlockJUnit4ClassRunner.java:103)
	at org.junit.runners.BlockJUnit4ClassRunner.runChild(BlockJUnit4ClassRunner.java:63)
	at org.junit.runners.ParentRunner$4.run(ParentRunner.java:331)
	at org.junit.runners.ParentRunner$1.schedule(ParentRunner.java:79)
	at org.junit.runners.ParentRunner.runChildren(ParentRunner.java:329)
	at org.junit.runners.ParentRunner.access$100(ParentRunner.java:66)
	at org.junit.runners.ParentRunner$2.evaluate(ParentRunner.java:293)
	at org.junit.internal.runners.statements.RunBefores.evaluate(RunBefores.java:26)
	at org.junit.runners.ParentRunner$3.evaluate(ParentRunner.java:306)
	at org.junit.runners.ParentRunner.run(ParentRunner.java:413)
	at org.junit.runner.JUnitCore.run(JUnitCore.java:137)
	at org.junit.runner.JUnitCore.run(JUnitCore.java:115)
	at org.junit.vintage.engine.execution.RunnerExecutor.execute(RunnerExecutor.java:43)
	at java.util.stream.ForEachOps$ForEachOp$OfRef.accept(ForEachOps.java:183)
	at java.util.stream.ReferencePipeline$3$1.accept(ReferencePipeline.java:193)
	at java.util.Iterator.forEachRemaining(Iterator.java:116)
	at java.util.Spliterators$IteratorSpliterator.forEachRemaining(Spliterators.java:1801)
	at java.util.stream.AbstractPipeline.copyInto(AbstractPipeline.java:482)
	at java.util.stream.AbstractPipeline.wrapAndCopyInto(AbstractPipeline.java:472)
	at java.util.stream.ForEachOps$ForEachOp.evaluateSequential(ForEachOps.java:150)
	at java.util.stream.ForEachOps$ForEachOp$OfRef.evaluateSequential(ForEachOps.java:173)
	at java.util.stream.AbstractPipeline.evaluate(AbstractPipeline.java:234)
	at java.util.stream.ReferencePipeline.forEach(ReferencePipeline.java:485)
	at org.junit.vintage.engine.VintageTestEngine.executeAllChildren(VintageTestEngine.java:82)
	at org.junit.vintage.engine.VintageTestEngine.execute(VintageTestEngine.java:73)
	at org.junit.platform.launcher.core.DefaultLauncher.execute(DefaultLauncher.java:248)
	at org.junit.platform.launcher.core.DefaultLauncher.lambda$execute$5(DefaultLauncher.java:211)
	at org.junit.platform.launcher.core.DefaultLauncher.withInterceptedStreams(DefaultLauncher.java:226)
	at org.junit.platform.launcher.core.DefaultLauncher.execute(DefaultLauncher.java:199)
	at org.junit.platform.launcher.core.DefaultLauncher.execute(DefaultLauncher.java:132)
	at org.apache.maven.surefire.junitplatform.JUnitPlatformProvider.invokeAllTests(JUnitPlatformProvider.java:154)
	at org.apache.maven.surefire.junitplatform.JUnitPlatformProvider.invoke(JUnitPlatformProvider.java:123)
	at org.apache.maven.surefire.booter.ForkedBooter.runSuitesInProcess(ForkedBooter.java:377)
	at org.apache.maven.surefire.booter.ForkedBooter.execute(ForkedBooter.java:138)
	at org.apache.maven.surefire.booter.ForkedBooter.run(ForkedBooter.java:465)
	at org.apache.maven.surefire.booter.ForkedBooter.main(ForkedBooter.java:451)
]]></failure>
    <system-err><![CDATA[2024-04-24T08:08:53,547 ERROR [main] cli.TestHiveCli: Failed to execute command due to the error: java.lang.NullPointerException: Null output stream
2024-04-24T08:08:53,593  WARN [main] conf.HiveConf: HiveConf of name hive.dummyparam.test.server.specific.config.override does not exist
2024-04-24T08:08:53,593  WARN [main] conf.HiveConf: HiveConf of name hive.dummyparam.test.server.specific.config.hiveserver2site does not exist
2024-04-24T08:08:53,594  WARN [main] conf.HiveConf: HiveConf of name hive.dummyparam.test.server.specific.config.metastoresite does not exist
2024-04-24T08:08:53,594  INFO [main] SessionState: Hive Session ID = b930ef50-a578-4114-90d7-4222b9d4a02c
2024-04-24T08:08:53,594  INFO [main] DependencyResolver: ivysettings.xml file not found in HIVE_HOME or HIVE_CONF_DIR,/home/alex/Repositories/hive/conf/ivysettings.xml will be used
2024-04-24T08:08:53,601  INFO [main] session.SessionState: Created HDFS directory: /tmp/hive/alex/b930ef50-a578-4114-90d7-4222b9d4a02c
2024-04-24T08:08:53,604  INFO [main] session.SessionState: Created local directory: /home/alex/Repositories/hive/beeline/target/tmp/alex/b930ef50-a578-4114-90d7-4222b9d4a02c
2024-04-24T08:08:53,607  INFO [main] session.SessionState: Created HDFS directory: /tmp/hive/alex/b930ef50-a578-4114-90d7-4222b9d4a02c/_tmp_space.db
2024-04-24T08:08:53,608  INFO [main] sqlstd.SQLStdHiveAccessController: Created SQLStdHiveAccessController for session context : HiveAuthzSessionContext [sessionString=b930ef50-a578-4114-90d7-4222b9d4a02c, clientType=HIVESERVER2]
2024-04-24T08:08:53,609  INFO [main] metastore.HiveMetaStoreClient: HMS client filtering is enabled.
2024-04-24T08:08:53,610  INFO [main] metastore.HMSHandler: 0: Opening raw store with implementation class:org.apache.hadoop.hive.metastore.ObjectStore
2024-04-24T08:08:53,610  INFO [main] metastore.PersistenceManagerProvider: Configuration datanucleus.autoStartMechanismMode is not set. Defaulting to 'ignored'
2024-04-24T08:08:53,610  INFO [main] metastore.ObjectStore: RawStore: org.apache.hadoop.hive.metastore.ObjectStore@145fe8ab, with PersistenceManager: null will be shutdown
2024-04-24T08:08:53,610  INFO [main] metastore.ObjectStore: RawStore: org.apache.hadoop.hive.metastore.ObjectStore@145fe8ab, with PersistenceManager: org.datanucleus.api.jdo.JDOPersistenceManager@3b347439 created in the thread with id: 1
2024-04-24T08:08:53,612  INFO [main] metastore.HMSHandler: Created RawStore: org.apache.hadoop.hive.metastore.ObjectStore@145fe8ab from thread id: 1
2024-04-24T08:08:53,612  INFO [main] metastore.HMSHandler: HMS server filtering is disabled by configuration
2024-04-24T08:08:53,612  INFO [main] metastore.RetryingMetaStoreClient: RetryingMetaStoreClient proxy=class org.apache.hadoop.hive.ql.metadata.SessionHiveMetaStoreClient ugi=alex (auth:SIMPLE) retries=1 delay=1 lifetime=0
2024-04-24T08:08:53,613  INFO [main] service.CompositeService: Operation log root directory is created: /home/alex/Repositories/hive/beeline/target/tmp/alex/operation_logs
2024-04-24T08:08:53,613  INFO [main] service.CompositeService: HiveServer2: Background operation thread pool size: 100
2024-04-24T08:08:53,613  INFO [main] service.CompositeService: HiveServer2: Background operation thread wait queue size: 100
2024-04-24T08:08:53,613  INFO [main] service.CompositeService: HiveServer2: Background operation thread keepalive time: 10 seconds
2024-04-24T08:08:53,613  INFO [main] service.CompositeService: Connections limit are user: 0 ipaddress: 0 user-ipaddress: 0
2024-04-24T08:08:53,614  INFO [main] cleanup.EventualCleanupService: EventualCleanupService started with 10 threads and queue of size 10000
ERROR StatusLogger Log4j2 ConfigurationScheduler attempted to increment scheduled items after start
ERROR StatusLogger Log4j2 ConfigurationScheduler attempted to increment scheduled items after start
2024-04-24T08:08:53,616  INFO [main] service.AbstractService: Service:OperationManager is inited.
2024-04-24T08:08:53,616  INFO [main] service.AbstractService: Service:SessionManager is inited.
2024-04-24T08:08:53,617  INFO [main] service.AbstractService: Service:CLIService is inited.
2024-04-24T08:08:53,617  INFO [main] service.AbstractService: Service:OperationManager is started.
2024-04-24T08:08:53,617  INFO [main] service.AbstractService: Service:SessionManager is started.
2024-04-24T08:08:53,617  INFO [main] service.AbstractService: Service:CLIService is started.
2024-04-24T08:08:53,617  INFO [main] service.AbstractService: Service:ThriftBinaryCLIService is inited.
2024-04-24T08:08:53,617  INFO [main] thrift.ThriftCLIService: Client protocol version: HIVE_CLI_SERVICE_PROTOCOL_V10
2024-04-24T08:08:53,617  INFO [main] thrift.ThriftCLIService: Creating Hive session handle for user [null] from IP null
2024-04-24T08:08:53,618  INFO [main] DependencyResolver: ivysettings.xml file not found in HIVE_HOME or HIVE_CONF_DIR,/home/alex/Repositories/hive/conf/ivysettings.xml will be used
2024-04-24T08:08:53,625  INFO [main] session.SessionState: Created HDFS directory: /tmp/hive/alex/98549fe1-e612-4a80-8f2b-f59817704382
2024-04-24T08:08:53,629  INFO [main] session.SessionState: Created local directory: /home/alex/Repositories/hive/beeline/target/tmp/alex/98549fe1-e612-4a80-8f2b-f59817704382
2024-04-24T08:08:53,632  INFO [main] session.SessionState: Created HDFS directory: /tmp/hive/alex/98549fe1-e612-4a80-8f2b-f59817704382/_tmp_space.db
2024-04-24T08:08:53,632  INFO [main] session.SessionState: Reloading auxiliary JAR files
2024-04-24T08:08:53,632  WARN [main] session.SessionState: Configuration hive.reloadable.aux.jars.path not specified
2024-04-24T08:08:53,632  INFO [main] HiveMetaStore.audit: ugi=alex	ip=unknown-ip-addr	cmd=Cleaning up thread local RawStore...	
2024-04-24T08:08:53,632  INFO [main] metastore.ObjectStore: RawStore: org.apache.hadoop.hive.metastore.ObjectStore@145fe8ab, with PersistenceManager: org.datanucleus.api.jdo.JDOPersistenceManager@3b347439 will be shutdown
2024-04-24T08:08:53,632  INFO [main] HiveMetaStore.audit: ugi=alex	ip=unknown-ip-addr	cmd=Done cleaning up thread local RawStore	
2024-04-24T08:08:53,632  INFO [main] metastore.HiveMetaStoreClient: Closed a connection to metastore, current connections: -33
2024-04-24T08:08:53,632  INFO [main] session.HiveSessionImpl: Operation log session directory is created: /home/alex/Repositories/hive/beeline/target/tmp/alex/operation_logs/98549fe1-e612-4a80-8f2b-f59817704382
2024-04-24T08:08:53,632  INFO [main] service.CompositeService: Session opened, SessionHandle [98549fe1-e612-4a80-8f2b-f59817704382], current sessions:1
2024-04-24T08:08:53,632  INFO [main] thrift.ThriftCLIService: Login attempt is successful for user : null
2024-04-24T08:08:53,676  WARN [main] conf.HiveConf: HiveConf of name hive.dummyparam.test.server.specific.config.hiveserver2site does not exist
2024-04-24T08:08:53,676  WARN [main] conf.HiveConf: HiveConf of name hive.dummyparam.test.server.specific.config.metastoresite does not exist
2024-04-24T08:08:53,676  WARN [main] conf.HiveConf: HiveConf of name hive.dummyparam.test.server.specific.config.override does not exist
2024-04-24T08:08:53,677  INFO [98549fe1-e612-4a80-8f2b-f59817704382 main] session.HiveSessionImpl: executing set
2024-04-24T08:08:53,678  INFO [98549fe1-e612-4a80-8f2b-f59817704382 main] operation.HiveCommandOperation: Putting temp output to file /home/alex/Repositories/hive/beeline/target/tmp/alex/98549fe1-e612-4a80-8f2b-f598177043823844148967489104855.pipeout and error output to file /home/alex/Repositories/hive/beeline/target/tmp/alex/98549fe1-e612-4a80-8f2b-f598177043822707469635256271319.pipeout
2024-04-24T08:08:53,678  INFO [98549fe1-e612-4a80-8f2b-f59817704382 main] operation.OperationManager: Adding operation: OperationHandle [opType=EXECUTE_STATEMENT, getHandleIdentifier()=1e178fa6-7672-4eef-a338-ff792d598688] SessionHandle [98549fe1-e612-4a80-8f2b-f59817704382]
2024-04-24T08:08:53,678  INFO [98549fe1-e612-4a80-8f2b-f59817704382 main] common.LogUtils: Thread context registration is done.
DEBUG StatusLogger Building Plugin[name=filter, class=org.apache.hadoop.hive.ql.log.LogDivertAppender$NameFilter].
DEBUG StatusLogger createFilter(loggingLevel="EXECUTION")
DEBUG StatusLogger Building Plugin[name=layout, class=org.apache.logging.log4j.core.layout.PatternLayout].
DEBUG StatusLogger PatternLayout$Builder(Configuration(HiveLog4j2Test), alwaysWriteExceptions="null", Replace=null, noConsoleNoAnsi="null", charset="null", PatternSelector=null, footer="null", disableAnsi="null", pattern="%-5p : %m%n", header="null")
DEBUG StatusLogger Building Plugin[name=appender, class=org.apache.hadoop.hive.ql.log.HushableRandomAccessFileAppender].
DEBUG StatusLogger createAppender(fileName="/home/alex/Repositories/hive/beeline/target/tmp/alex/operation_logs/98549fe1-e612-4a80-8f2b-f59817704382/alex_20240424080853_99ba0777-7e45-417f-95cf-9a837055bb1d", append="null", name="query-file-appender", immediateFlush="null", bufferSize="null", ignoreExceptions="null", PatternLayout(org.apache.logging.log4j.core.layout.PatternLayout with name PatternLayout), NameFilter(org.apache.hadoop.hive.ql.log.LogDivertAppender$NameFilter with name NameFilter), advertise="null", advertiseURI="null", Configuration(HiveLog4j2Test))
DEBUG StatusLogger Starting RandomAccessFileManager /home/alex/Repositories/hive/beeline/target/tmp/alex/operation_logs/98549fe1-e612-4a80-8f2b-f59817704382/alex_20240424080853_99ba0777-7e45-417f-95cf-9a837055bb1d
DEBUG StatusLogger Building Plugin[name=, class=org.apache.hadoop.hive.ql.log.LogDivertAppenderForTest$TestFilter].
DEBUG StatusLogger createFilter()
DEBUG StatusLogger Building Plugin[name=, class=org.apache.logging.log4j.core.layout.PatternLayout].
DEBUG StatusLogger PatternLayout$Builder(header="null", disableAnsi="null", footer="null", pattern="%-5p : %m%n", charset="null", PatternSelector=null, alwaysWriteExceptions="null", noConsoleNoAnsi="null", Configuration(HiveLog4j2Test), Replace=null)
DEBUG StatusLogger Building Plugin[name=appender, class=org.apache.hadoop.hive.ql.log.HushableRandomAccessFileAppender].
DEBUG StatusLogger createAppender(fileName="/home/alex/Repositories/hive/beeline/target/tmp/alex/operation_logs/98549fe1-e612-4a80-8f2b-f59817704382/alex_20240424080853_99ba0777-7e45-417f-95cf-9a837055bb1d.test", append="null", name="test-query-file-appender", immediateFlush="null", bufferSize="null", ignoreExceptions="null", PatternLayout(org.apache.logging.log4j.core.layout.PatternLayout with name PatternLayout), test-filter(org.apache.hadoop.hive.ql.log.LogDivertAppenderForTest$TestFilter with name test-filter), advertise="null", advertiseURI="null", Configuration(HiveLog4j2Test))
DEBUG StatusLogger Starting RandomAccessFileManager /home/alex/Repositories/hive/beeline/target/tmp/alex/operation_logs/98549fe1-e612-4a80-8f2b-f59817704382/alex_20240424080853_99ba0777-7e45-417f-95cf-9a837055bb1d.test
2024-04-24T08:08:53,688  INFO [98549fe1-e612-4a80-8f2b-f59817704382 main] operation.HiveCommandOperation: [opType=EXECUTE_STATEMENT, queryId=alex_20240424080853_99ba0777-7e45-417f-95cf-9a837055bb1d, startTime=1713971333677, sessionId=98549fe1-e612-4a80-8f2b-f59817704382, createTime=1713971333617, userName=null, ipAddress=null]
2024-04-24T08:08:53,793  INFO [98549fe1-e612-4a80-8f2b-f59817704382 main] common.LogUtils: Unregistered logging context.
2024-04-24T08:08:53,796  INFO [98549fe1-e612-4a80-8f2b-f59817704382 main] operation.OperationManager: Closing operation: OperationHandle [opType=EXECUTE_STATEMENT, getHandleIdentifier()=1e178fa6-7672-4eef-a338-ff792d598688]
2024-04-24T08:08:53,796  INFO [98549fe1-e612-4a80-8f2b-f59817704382 main] operation.OperationManager: Removed queryId: alex_20240424080853_99ba0777-7e45-417f-95cf-9a837055bb1d corresponding to operation: OperationHandle [opType=EXECUTE_STATEMENT, getHandleIdentifier()=1e178fa6-7672-4eef-a338-ff792d598688] with tag: null
2024-04-24T08:08:53,797  INFO [98549fe1-e612-4a80-8f2b-f59817704382 main] operation.HiveCommandOperation: Closing operation log /home/alex/Repositories/hive/beeline/target/tmp/alex/operation_logs/98549fe1-e612-4a80-8f2b-f59817704382/alex_20240424080853_99ba0777-7e45-417f-95cf-9a837055bb1d without delay
2024-04-24T08:08:53,798  INFO [98549fe1-e612-4a80-8f2b-f59817704382 main] session.HiveSessionImpl: executing show databases
2024-04-24T08:08:53,799  INFO [98549fe1-e612-4a80-8f2b-f59817704382 main] operation.OperationManager: Adding operation: OperationHandle [opType=EXECUTE_STATEMENT, getHandleIdentifier()=20eb0c9e-5b14-4f77-a0ba-c167af507c7a] SessionHandle [98549fe1-e612-4a80-8f2b-f59817704382]
2024-04-24T08:08:53,800  INFO [98549fe1-e612-4a80-8f2b-f59817704382 main] common.LogUtils: Thread context registration is done.
DEBUG StatusLogger Building Plugin[name=filter, class=org.apache.hadoop.hive.ql.log.LogDivertAppender$NameFilter].
DEBUG StatusLogger createFilter(loggingLevel="EXECUTION")
DEBUG StatusLogger Building Plugin[name=layout, class=org.apache.logging.log4j.core.layout.PatternLayout].
DEBUG StatusLogger PatternLayout$Builder(charset="null", footer="null", disableAnsi="null", noConsoleNoAnsi="null", pattern="%-5p : %m%n", Configuration(HiveLog4j2Test), header="null", PatternSelector=null, alwaysWriteExceptions="null", Replace=null)
DEBUG StatusLogger Building Plugin[name=appender, class=org.apache.hadoop.hive.ql.log.HushableRandomAccessFileAppender].
DEBUG StatusLogger createAppender(fileName="/home/alex/Repositories/hive/beeline/target/tmp/alex/operation_logs/98549fe1-e612-4a80-8f2b-f59817704382/alex_20240424080853_b973c7cd-cb4a-45db-a53b-c64a3d8bcf69", append="null", name="query-file-appender", immediateFlush="null", bufferSize="null", ignoreExceptions="null", PatternLayout(org.apache.logging.log4j.core.layout.PatternLayout with name PatternLayout), NameFilter(org.apache.hadoop.hive.ql.log.LogDivertAppender$NameFilter with name NameFilter), advertise="null", advertiseURI="null", Configuration(HiveLog4j2Test))
DEBUG StatusLogger Starting RandomAccessFileManager /home/alex/Repositories/hive/beeline/target/tmp/alex/operation_logs/98549fe1-e612-4a80-8f2b-f59817704382/alex_20240424080853_b973c7cd-cb4a-45db-a53b-c64a3d8bcf69
DEBUG StatusLogger Building Plugin[name=, class=org.apache.hadoop.hive.ql.log.LogDivertAppenderForTest$TestFilter].
DEBUG StatusLogger createFilter()
DEBUG StatusLogger Building Plugin[name=, class=org.apache.logging.log4j.core.layout.PatternLayout].
DEBUG StatusLogger PatternLayout$Builder(noConsoleNoAnsi="null", PatternSelector=null, charset="null", Configuration(HiveLog4j2Test), footer="null", Replace=null, pattern="%-5p : %m%n", header="null", disableAnsi="null", alwaysWriteExceptions="null")
DEBUG StatusLogger Building Plugin[name=appender, class=org.apache.hadoop.hive.ql.log.HushableRandomAccessFileAppender].
DEBUG StatusLogger createAppender(fileName="/home/alex/Repositories/hive/beeline/target/tmp/alex/operation_logs/98549fe1-e612-4a80-8f2b-f59817704382/alex_20240424080853_b973c7cd-cb4a-45db-a53b-c64a3d8bcf69.test", append="null", name="test-query-file-appender", immediateFlush="null", bufferSize="null", ignoreExceptions="null", PatternLayout(org.apache.logging.log4j.core.layout.PatternLayout with name PatternLayout), test-filter(org.apache.hadoop.hive.ql.log.LogDivertAppenderForTest$TestFilter with name test-filter), advertise="null", advertiseURI="null", Configuration(HiveLog4j2Test))
DEBUG StatusLogger Starting RandomAccessFileManager /home/alex/Repositories/hive/beeline/target/tmp/alex/operation_logs/98549fe1-e612-4a80-8f2b-f59817704382/alex_20240424080853_b973c7cd-cb4a-45db-a53b-c64a3d8bcf69.test
2024-04-24T08:08:53,807  INFO [98549fe1-e612-4a80-8f2b-f59817704382 main] operation.SQLOperation: [opType=EXECUTE_STATEMENT, queryId=alex_20240424080853_b973c7cd-cb4a-45db-a53b-c64a3d8bcf69, startTime=1713971333798, sessionId=98549fe1-e612-4a80-8f2b-f59817704382, createTime=1713971333617, userName=null, ipAddress=null]
2024-04-24T08:08:53,808  INFO [98549fe1-e612-4a80-8f2b-f59817704382 main] ql.Driver: Compiling command(queryId=alex_20240424080853_b973c7cd-cb4a-45db-a53b-c64a3d8bcf69): show databases
2024-04-24T08:08:53,810  INFO [98549fe1-e612-4a80-8f2b-f59817704382 main] metastore.HiveMetaStoreClient: HMS client filtering is enabled.
2024-04-24T08:08:53,811  INFO [98549fe1-e612-4a80-8f2b-f59817704382 main] metastore.HMSHandler: 0: Opening raw store with implementation class:org.apache.hadoop.hive.metastore.ObjectStore
2024-04-24T08:08:53,812  INFO [98549fe1-e612-4a80-8f2b-f59817704382 main] metastore.PersistenceManagerProvider: Configuration datanucleus.autoStartMechanismMode is not set. Defaulting to 'ignored'
2024-04-24T08:08:53,812  INFO [98549fe1-e612-4a80-8f2b-f59817704382 main] metastore.ObjectStore: RawStore: org.apache.hadoop.hive.metastore.ObjectStore@3bdbf8d3, with PersistenceManager: null will be shutdown
2024-04-24T08:08:53,812  INFO [98549fe1-e612-4a80-8f2b-f59817704382 main] metastore.ObjectStore: RawStore: org.apache.hadoop.hive.metastore.ObjectStore@3bdbf8d3, with PersistenceManager: org.datanucleus.api.jdo.JDOPersistenceManager@f2becb2 created in the thread with id: 1
2024-04-24T08:08:53,815  INFO [98549fe1-e612-4a80-8f2b-f59817704382 main] metastore.HMSHandler: Created RawStore: org.apache.hadoop.hive.metastore.ObjectStore@3bdbf8d3 from thread id: 1
2024-04-24T08:08:53,815  INFO [98549fe1-e612-4a80-8f2b-f59817704382 main] metastore.HMSHandler: HMS server filtering is disabled by configuration
2024-04-24T08:08:53,815  INFO [98549fe1-e612-4a80-8f2b-f59817704382 main] metastore.RetryingMetaStoreClient: RetryingMetaStoreClient proxy=class org.apache.hadoop.hive.ql.metadata.SessionHiveMetaStoreClient ugi=alex (auth:SIMPLE) retries=1 delay=1 lifetime=0
2024-04-24T08:08:53,818  INFO [98549fe1-e612-4a80-8f2b-f59817704382 main] ql.Driver: Semantic Analysis Completed (retrial = false)
2024-04-24T08:08:53,819  INFO [98549fe1-e612-4a80-8f2b-f59817704382 main] ql.Driver: Created Hive schema: Schema(fieldSchemas:[FieldSchema(name:database_name, type:string, comment:from deserializer)], properties:null)
2024-04-24T08:08:53,820  INFO [98549fe1-e612-4a80-8f2b-f59817704382 main] exec.ListSinkOperator: Initializing Operator: LIST_SINK[0]
2024-04-24T08:08:53,820  INFO [98549fe1-e612-4a80-8f2b-f59817704382 main] metadata.Hive: Dumping metastore api call timing information for : compilation phase
2024-04-24T08:08:53,820  INFO [98549fe1-e612-4a80-8f2b-f59817704382 main] metadata.Hive: Total time spent in each metastore function (ms): {flushCache_()=0, isCompatibleWith_(Configuration)=0}
2024-04-24T08:08:53,821  INFO [98549fe1-e612-4a80-8f2b-f59817704382 main] ql.Driver: Completed compiling command(queryId=alex_20240424080853_b973c7cd-cb4a-45db-a53b-c64a3d8bcf69); Time taken: 0.012 seconds
2024-04-24T08:08:53,822  INFO [98549fe1-e612-4a80-8f2b-f59817704382 main] common.LogUtils: Unregistered logging context.
2024-04-24T08:08:53,822  INFO [HiveServer2-Background-Pool: Thread-528] common.LogUtils: Thread context registration is done.
2024-04-24T08:08:53,822  INFO [HiveServer2-Background-Pool: Thread-528] reexec.ReExecDriver: Execution #1 of query
2024-04-24T08:08:53,823  INFO [HiveServer2-Background-Pool: Thread-528] ql.Driver: Concurrency mode is disabled, not creating a lock manager
2024-04-24T08:08:53,823  INFO [HiveServer2-Background-Pool: Thread-528] ql.Driver: Executing command(queryId=alex_20240424080853_b973c7cd-cb4a-45db-a53b-c64a3d8bcf69): show databases
2024-04-24T08:08:53,823  INFO [HiveServer2-Background-Pool: Thread-528] ql.Driver: Starting task [Stage-0:DDL] in serial mode
2024-04-24T08:08:53,824  INFO [HiveServer2-Background-Pool: Thread-528] HiveMetaStore.audit: ugi=alex	ip=unknown-ip-addr	cmd=get_databases: @hive#	
2024-04-24T08:08:53,825  INFO [HiveServer2-Background-Pool: Thread-528] metastore.HMSHandler: 23: Opening raw store with implementation class:org.apache.hadoop.hive.metastore.ObjectStore
2024-04-24T08:08:53,826  INFO [HiveServer2-Background-Pool: Thread-528] metastore.ObjectStore: RawStore: org.apache.hadoop.hive.metastore.ObjectStore@1afe4663, with PersistenceManager: null will be shutdown
2024-04-24T08:08:53,826  INFO [HiveServer2-Background-Pool: Thread-528] metastore.ObjectStore: RawStore: org.apache.hadoop.hive.metastore.ObjectStore@1afe4663, with PersistenceManager: org.datanucleus.api.jdo.JDOPersistenceManager@5ffccb58 created in the thread with id: 528
2024-04-24T08:08:53,829  INFO [HiveServer2-Background-Pool: Thread-528] metastore.HMSHandler: Created RawStore: org.apache.hadoop.hive.metastore.ObjectStore@1afe4663 from thread id: 528
2024-04-24T08:08:53,832  INFO [HiveServer2-Background-Pool: Thread-528] sqlstd.SQLStdHiveAccessController: Created SQLStdHiveAccessController for session context : HiveAuthzSessionContext [sessionString=98549fe1-e612-4a80-8f2b-f59817704382, clientType=HIVESERVER2]
2024-04-24T08:08:53,832  INFO [HiveServer2-Background-Pool: Thread-528] exec.DDLTask: Found 3 database(s) matching the SHOW DATABASES statement.
2024-04-24T08:08:53,838  INFO [HiveServer2-Background-Pool: Thread-528] metadata.Hive: Dumping metastore api call timing information for : execution phase
2024-04-24T08:08:53,838  INFO [HiveServer2-Background-Pool: Thread-528] metadata.Hive: Total time spent in each metastore function (ms): {getAllDatabases_()=8, isCompatibleWith_(Configuration)=0}
2024-04-24T08:08:53,839  INFO [HiveServer2-Background-Pool: Thread-528] ql.Driver: Completed executing command(queryId=alex_20240424080853_b973c7cd-cb4a-45db-a53b-c64a3d8bcf69); Time taken: 0.015 seconds
2024-04-24T08:08:53,839  INFO [HiveServer2-Background-Pool: Thread-528] common.LogUtils: Unregistered logging context.
2024-04-24T08:08:53,842  INFO [98549fe1-e612-4a80-8f2b-f59817704382 main] operation.OperationManager: Closing operation: OperationHandle [opType=EXECUTE_STATEMENT, getHandleIdentifier()=20eb0c9e-5b14-4f77-a0ba-c167af507c7a]
2024-04-24T08:08:53,842  INFO [98549fe1-e612-4a80-8f2b-f59817704382 main] operation.OperationManager: Removed queryId: alex_20240424080853_b973c7cd-cb4a-45db-a53b-c64a3d8bcf69 corresponding to operation: OperationHandle [opType=EXECUTE_STATEMENT, getHandleIdentifier()=20eb0c9e-5b14-4f77-a0ba-c167af507c7a] with tag: null
2024-04-24T08:08:53,842  INFO [98549fe1-e612-4a80-8f2b-f59817704382 main] ql.Context: Deleting scratch dir: file:/home/alex/Repositories/hive/beeline/target/tmp/alex/98549fe1-e612-4a80-8f2b-f59817704382/hive_2024-04-24_08-08-53_808_1788591405138216815-1
2024-04-24T08:08:53,842  INFO [98549fe1-e612-4a80-8f2b-f59817704382 main] cleanup.EventualCleanupService: Delete file:/home/alex/Repositories/hive/beeline/target/tmp/alex/98549fe1-e612-4a80-8f2b-f59817704382/hive_2024-04-24_08-08-53_808_1788591405138216815-1 operation was queued
2024-04-24T08:08:53,842  INFO [98549fe1-e612-4a80-8f2b-f59817704382 main] exec.ListSinkOperator: Closing Operator: LIST_SINK[0]
2024-04-24T08:08:53,842  INFO [98549fe1-e612-4a80-8f2b-f59817704382 main] exec.ListSinkOperator: RECORDS_OUT_INTERMEDIATE:0, RECORDS_OUT_OPERATOR_LIST_SINK_0:0, 
2024-04-24T08:08:53,843  INFO [EventualCleanupService thread 0] cleanup.EventualCleanupService: Deleted file:/home/alex/Repositories/hive/beeline/target/tmp/alex/98549fe1-e612-4a80-8f2b-f59817704382/hive_2024-04-24_08-08-53_808_1788591405138216815-1
2024-04-24T08:08:53,843  INFO [98549fe1-e612-4a80-8f2b-f59817704382 main] operation.SQLOperation: Closing operation log /home/alex/Repositories/hive/beeline/target/tmp/alex/operation_logs/98549fe1-e612-4a80-8f2b-f59817704382/alex_20240424080853_b973c7cd-cb4a-45db-a53b-c64a3d8bcf69 without delay
2024-04-24T08:08:53,843  INFO [main] service.CompositeService: Session closed, SessionHandle [98549fe1-e612-4a80-8f2b-f59817704382], current sessions:0
2024-04-24T08:08:53,843  INFO [98549fe1-e612-4a80-8f2b-f59817704382 main] session.HiveSessionImpl: Operation log session directory is deleted: /home/alex/Repositories/hive/beeline/target/tmp/alex/operation_logs/98549fe1-e612-4a80-8f2b-f59817704382
2024-04-24T08:08:53,844  INFO [main] cleanup.EventualCleanupService: Delete /tmp/hive/alex/98549fe1-e612-4a80-8f2b-f59817704382 operation was queued
2024-04-24T08:08:53,844  INFO [main] cleanup.EventualCleanupService: Delete /home/alex/Repositories/hive/beeline/target/tmp/alex/98549fe1-e612-4a80-8f2b-f59817704382 operation was queued
2024-04-24T08:08:53,844  INFO [EventualCleanupService thread 2] cleanup.EventualCleanupService: Deleted /home/alex/Repositories/hive/beeline/target/tmp/alex/98549fe1-e612-4a80-8f2b-f59817704382
2024-04-24T08:08:53,844  INFO [EventualCleanupService thread 1] cleanup.EventualCleanupService: Deleted /tmp/hive/alex/98549fe1-e612-4a80-8f2b-f59817704382
2024-04-24T08:08:53,845  INFO [main] HiveMetaStore.audit: ugi=alex	ip=unknown-ip-addr	cmd=Cleaning up thread local RawStore...	
2024-04-24T08:08:53,845  INFO [main] metastore.ObjectStore: RawStore: org.apache.hadoop.hive.metastore.ObjectStore@3bdbf8d3, with PersistenceManager: org.datanucleus.api.jdo.JDOPersistenceManager@f2becb2 will be shutdown
2024-04-24T08:08:53,845  INFO [main] HiveMetaStore.audit: ugi=alex	ip=unknown-ip-addr	cmd=Done cleaning up thread local RawStore	
2024-04-24T08:08:53,845  INFO [main] metastore.HiveMetaStoreClient: Closed a connection to metastore, current connections: -34
2024-04-24T08:08:53,846 ERROR [main] cli.TestHiveCli: Failed due to the error:Connecting to jdbc:hive2://
Hive Session ID = b930ef50-a578-4114-90d7-4222b9d4a02c
ivysettings.xml file not found in HIVE_HOME or HIVE_CONF_DIR,/home/alex/Repositories/hive/conf/ivysettings.xml will be used
ivysettings.xml file not found in HIVE_HOME or HIVE_CONF_DIR,/home/alex/Repositories/hive/conf/ivysettings.xml will be used
Connected to: Apache Hive (version 4.0.0-SNAPSHOT)
Error: Couldn't load manifest attributes. (state=,code=0)
Transaction isolation: TRANSACTION_REPEATABLE_READ
INFO  : Compiling command(queryId=alex_20240424080853_b973c7cd-cb4a-45db-a53b-c64a3d8bcf69): show databases
INFO  : Semantic Analysis Completed (retrial = false)
INFO  : Created Hive schema: Schema(fieldSchemas:[FieldSchema(name:database_name, type:string, comment:from deserializer)], properties:null)
INFO  : Completed compiling command(queryId=alex_20240424080853_b973c7cd-cb4a-45db-a53b-c64a3d8bcf69); Time taken: 0.012 seconds
INFO  : Concurrency mode is disabled, not creating a lock manager
INFO  : Executing command(queryId=alex_20240424080853_b973c7cd-cb4a-45db-a53b-c64a3d8bcf69): show databases
INFO  : Starting task [Stage-0:DDL] in serial mode
DEBUG : Task getting executed using mapred tag : alex_20240424080853_b973c7cd-cb4a-45db-a53b-c64a3d8bcf69,userid=null
INFO  : Completed executing command(queryId=alex_20240424080853_b973c7cd-cb4a-45db-a53b-c64a3d8bcf69); Time taken: 0.015 seconds
DEBUG : Shutting down query show databases
Error: Failed to wait for operation to complete (state=08S01,code=0)
Closing: 0: jdbc:hive2://

]]></system-err>
  </testcase>
  <testcase name="testSqlFromCmd" classname="org.apache.hive.beeline.cli.TestHiveCli" time="0.308">
    <failure type="java.lang.AssertionError"><![CDATA[java.lang.AssertionError: Supported return code is 0 while the actual is 1
	at org.junit.Assert.fail(Assert.java:89)
	at org.apache.hive.beeline.cli.TestHiveCli.executeCMD(TestHiveCli.java:256)
	at org.apache.hive.beeline.cli.TestHiveCli.verifyCMD(TestHiveCli.java:266)
	at org.apache.hive.beeline.cli.TestHiveCli.testSqlFromCmd(TestHiveCli.java:145)
	at sun.reflect.NativeMethodAccessorImpl.invoke0(Native Method)
	at sun.reflect.NativeMethodAccessorImpl.invoke(NativeMethodAccessorImpl.java:62)
	at sun.reflect.DelegatingMethodAccessorImpl.invoke(DelegatingMethodAccessorImpl.java:43)
	at java.lang.reflect.Method.invoke(Method.java:498)
	at org.junit.runners.model.FrameworkMethod$1.runReflectiveCall(FrameworkMethod.java:59)
	at org.junit.internal.runners.model.ReflectiveCallable.run(ReflectiveCallable.java:12)
	at org.junit.runners.model.FrameworkMethod.invokeExplosively(FrameworkMethod.java:56)
	at org.junit.internal.runners.statements.InvokeMethod.evaluate(InvokeMethod.java:17)
	at org.junit.internal.runners.statements.RunBefores.evaluate(RunBefores.java:26)
	at org.junit.internal.runners.statements.RunAfters.evaluate(RunAfters.java:27)
	at org.junit.runners.ParentRunner$3.evaluate(ParentRunner.java:306)
	at org.junit.runners.BlockJUnit4ClassRunner$1.evaluate(BlockJUnit4ClassRunner.java:100)
	at org.junit.runners.ParentRunner.runLeaf(ParentRunner.java:366)
	at org.junit.runners.BlockJUnit4ClassRunner.runChild(BlockJUnit4ClassRunner.java:103)
	at org.junit.runners.BlockJUnit4ClassRunner.runChild(BlockJUnit4ClassRunner.java:63)
	at org.junit.runners.ParentRunner$4.run(ParentRunner.java:331)
	at org.junit.runners.ParentRunner$1.schedule(ParentRunner.java:79)
	at org.junit.runners.ParentRunner.runChildren(ParentRunner.java:329)
	at org.junit.runners.ParentRunner.access$100(ParentRunner.java:66)
	at org.junit.runners.ParentRunner$2.evaluate(ParentRunner.java:293)
	at org.junit.internal.runners.statements.RunBefores.evaluate(RunBefores.java:26)
	at org.junit.runners.ParentRunner$3.evaluate(ParentRunner.java:306)
	at org.junit.runners.ParentRunner.run(ParentRunner.java:413)
	at org.junit.runner.JUnitCore.run(JUnitCore.java:137)
	at org.junit.runner.JUnitCore.run(JUnitCore.java:115)
	at org.junit.vintage.engine.execution.RunnerExecutor.execute(RunnerExecutor.java:43)
	at java.util.stream.ForEachOps$ForEachOp$OfRef.accept(ForEachOps.java:183)
	at java.util.stream.ReferencePipeline$3$1.accept(ReferencePipeline.java:193)
	at java.util.Iterator.forEachRemaining(Iterator.java:116)
	at java.util.Spliterators$IteratorSpliterator.forEachRemaining(Spliterators.java:1801)
	at java.util.stream.AbstractPipeline.copyInto(AbstractPipeline.java:482)
	at java.util.stream.AbstractPipeline.wrapAndCopyInto(AbstractPipeline.java:472)
	at java.util.stream.ForEachOps$ForEachOp.evaluateSequential(ForEachOps.java:150)
	at java.util.stream.ForEachOps$ForEachOp$OfRef.evaluateSequential(ForEachOps.java:173)
	at java.util.stream.AbstractPipeline.evaluate(AbstractPipeline.java:234)
	at java.util.stream.ReferencePipeline.forEach(ReferencePipeline.java:485)
	at org.junit.vintage.engine.VintageTestEngine.executeAllChildren(VintageTestEngine.java:82)
	at org.junit.vintage.engine.VintageTestEngine.execute(VintageTestEngine.java:73)
	at org.junit.platform.launcher.core.DefaultLauncher.execute(DefaultLauncher.java:248)
	at org.junit.platform.launcher.core.DefaultLauncher.lambda$execute$5(DefaultLauncher.java:211)
	at org.junit.platform.launcher.core.DefaultLauncher.withInterceptedStreams(DefaultLauncher.java:226)
	at org.junit.platform.launcher.core.DefaultLauncher.execute(DefaultLauncher.java:199)
	at org.junit.platform.launcher.core.DefaultLauncher.execute(DefaultLauncher.java:132)
	at org.apache.maven.surefire.junitplatform.JUnitPlatformProvider.invokeAllTests(JUnitPlatformProvider.java:154)
	at org.apache.maven.surefire.junitplatform.JUnitPlatformProvider.invoke(JUnitPlatformProvider.java:123)
	at org.apache.maven.surefire.booter.ForkedBooter.runSuitesInProcess(ForkedBooter.java:377)
	at org.apache.maven.surefire.booter.ForkedBooter.execute(ForkedBooter.java:138)
	at org.apache.maven.surefire.booter.ForkedBooter.run(ForkedBooter.java:465)
	at org.apache.maven.surefire.booter.ForkedBooter.main(ForkedBooter.java:451)
]]></failure>
    <system-err><![CDATA[2024-04-24T08:08:53,847 ERROR [main] cli.TestHiveCli: Failed to execute command due to the error: java.lang.NullPointerException: Null output stream
2024-04-24T08:08:53,892  WARN [main] conf.HiveConf: HiveConf of name hive.dummyparam.test.server.specific.config.metastoresite does not exist
2024-04-24T08:08:53,892  WARN [main] conf.HiveConf: HiveConf of name hive.dummyparam.test.server.specific.config.hiveserver2site does not exist
2024-04-24T08:08:53,892  WARN [main] conf.HiveConf: HiveConf of name hive.dummyparam.test.server.specific.config.override does not exist
2024-04-24T08:08:53,893  INFO [main] SessionState: Hive Session ID = f68003a0-98ac-4960-a2b2-c10ffe0728ae
2024-04-24T08:08:53,893  INFO [main] DependencyResolver: ivysettings.xml file not found in HIVE_HOME or HIVE_CONF_DIR,/home/alex/Repositories/hive/conf/ivysettings.xml will be used
2024-04-24T08:08:53,900  INFO [main] session.SessionState: Created HDFS directory: /tmp/hive/alex/f68003a0-98ac-4960-a2b2-c10ffe0728ae
2024-04-24T08:08:53,903  INFO [main] session.SessionState: Created local directory: /home/alex/Repositories/hive/beeline/target/tmp/alex/f68003a0-98ac-4960-a2b2-c10ffe0728ae
2024-04-24T08:08:53,907  INFO [main] session.SessionState: Created HDFS directory: /tmp/hive/alex/f68003a0-98ac-4960-a2b2-c10ffe0728ae/_tmp_space.db
2024-04-24T08:08:53,907  INFO [main] sqlstd.SQLStdHiveAccessController: Created SQLStdHiveAccessController for session context : HiveAuthzSessionContext [sessionString=f68003a0-98ac-4960-a2b2-c10ffe0728ae, clientType=HIVESERVER2]
2024-04-24T08:08:53,908  INFO [main] metastore.HiveMetaStoreClient: HMS client filtering is enabled.
2024-04-24T08:08:53,909  INFO [main] metastore.HMSHandler: 0: Opening raw store with implementation class:org.apache.hadoop.hive.metastore.ObjectStore
2024-04-24T08:08:53,909  INFO [main] metastore.PersistenceManagerProvider: Configuration datanucleus.autoStartMechanismMode is not set. Defaulting to 'ignored'
2024-04-24T08:08:53,909  INFO [main] metastore.ObjectStore: RawStore: org.apache.hadoop.hive.metastore.ObjectStore@5dce5c03, with PersistenceManager: null will be shutdown
2024-04-24T08:08:53,910  INFO [main] metastore.ObjectStore: RawStore: org.apache.hadoop.hive.metastore.ObjectStore@5dce5c03, with PersistenceManager: org.datanucleus.api.jdo.JDOPersistenceManager@b76b7d8 created in the thread with id: 1
2024-04-24T08:08:53,912  INFO [main] metastore.HMSHandler: Created RawStore: org.apache.hadoop.hive.metastore.ObjectStore@5dce5c03 from thread id: 1
2024-04-24T08:08:53,912  INFO [main] metastore.HMSHandler: HMS server filtering is disabled by configuration
2024-04-24T08:08:53,912  INFO [main] metastore.RetryingMetaStoreClient: RetryingMetaStoreClient proxy=class org.apache.hadoop.hive.ql.metadata.SessionHiveMetaStoreClient ugi=alex (auth:SIMPLE) retries=1 delay=1 lifetime=0
2024-04-24T08:08:53,912  INFO [main] service.CompositeService: Operation log root directory is created: /home/alex/Repositories/hive/beeline/target/tmp/alex/operation_logs
2024-04-24T08:08:53,913  INFO [main] service.CompositeService: HiveServer2: Background operation thread pool size: 100
2024-04-24T08:08:53,913  INFO [main] service.CompositeService: HiveServer2: Background operation thread wait queue size: 100
2024-04-24T08:08:53,913  INFO [main] service.CompositeService: HiveServer2: Background operation thread keepalive time: 10 seconds
2024-04-24T08:08:53,913  INFO [main] service.CompositeService: Connections limit are user: 0 ipaddress: 0 user-ipaddress: 0
2024-04-24T08:08:53,914  INFO [main] cleanup.EventualCleanupService: EventualCleanupService started with 10 threads and queue of size 10000
ERROR StatusLogger Log4j2 ConfigurationScheduler attempted to increment scheduled items after start
ERROR StatusLogger Log4j2 ConfigurationScheduler attempted to increment scheduled items after start
2024-04-24T08:08:53,916  INFO [main] service.AbstractService: Service:OperationManager is inited.
2024-04-24T08:08:53,916  INFO [main] service.AbstractService: Service:SessionManager is inited.
2024-04-24T08:08:53,916  INFO [main] service.AbstractService: Service:CLIService is inited.
2024-04-24T08:08:53,916  INFO [main] service.AbstractService: Service:OperationManager is started.
2024-04-24T08:08:53,916  INFO [main] service.AbstractService: Service:SessionManager is started.
2024-04-24T08:08:53,916  INFO [main] service.AbstractService: Service:CLIService is started.
2024-04-24T08:08:53,916  INFO [main] service.AbstractService: Service:ThriftBinaryCLIService is inited.
2024-04-24T08:08:53,916  INFO [main] thrift.ThriftCLIService: Client protocol version: HIVE_CLI_SERVICE_PROTOCOL_V10
2024-04-24T08:08:53,916  INFO [main] thrift.ThriftCLIService: Creating Hive session handle for user [null] from IP null
2024-04-24T08:08:53,918  INFO [main] DependencyResolver: ivysettings.xml file not found in HIVE_HOME or HIVE_CONF_DIR,/home/alex/Repositories/hive/conf/ivysettings.xml will be used
2024-04-24T08:08:53,924  INFO [main] session.SessionState: Created HDFS directory: /tmp/hive/alex/0c1bd327-4f00-471f-9dfb-ceb454210d59
2024-04-24T08:08:53,928  INFO [main] session.SessionState: Created local directory: /home/alex/Repositories/hive/beeline/target/tmp/alex/0c1bd327-4f00-471f-9dfb-ceb454210d59
2024-04-24T08:08:53,931  INFO [main] session.SessionState: Created HDFS directory: /tmp/hive/alex/0c1bd327-4f00-471f-9dfb-ceb454210d59/_tmp_space.db
2024-04-24T08:08:53,931  INFO [main] session.SessionState: Reloading auxiliary JAR files
2024-04-24T08:08:53,931  WARN [main] session.SessionState: Configuration hive.reloadable.aux.jars.path not specified
2024-04-24T08:08:53,931  INFO [main] HiveMetaStore.audit: ugi=alex	ip=unknown-ip-addr	cmd=Cleaning up thread local RawStore...	
2024-04-24T08:08:53,931  INFO [main] metastore.ObjectStore: RawStore: org.apache.hadoop.hive.metastore.ObjectStore@5dce5c03, with PersistenceManager: org.datanucleus.api.jdo.JDOPersistenceManager@b76b7d8 will be shutdown
2024-04-24T08:08:53,932  INFO [main] HiveMetaStore.audit: ugi=alex	ip=unknown-ip-addr	cmd=Done cleaning up thread local RawStore	
2024-04-24T08:08:53,932  INFO [main] metastore.HiveMetaStoreClient: Closed a connection to metastore, current connections: -35
2024-04-24T08:08:53,932  INFO [main] session.HiveSessionImpl: Operation log session directory is created: /home/alex/Repositories/hive/beeline/target/tmp/alex/operation_logs/0c1bd327-4f00-471f-9dfb-ceb454210d59
2024-04-24T08:08:53,932  INFO [main] service.CompositeService: Session opened, SessionHandle [0c1bd327-4f00-471f-9dfb-ceb454210d59], current sessions:1
2024-04-24T08:08:53,932  INFO [main] thrift.ThriftCLIService: Login attempt is successful for user : null
2024-04-24T08:08:53,977  WARN [main] conf.HiveConf: HiveConf of name hive.dummyparam.test.server.specific.config.hiveserver2site does not exist
2024-04-24T08:08:53,977  WARN [main] conf.HiveConf: HiveConf of name hive.dummyparam.test.server.specific.config.metastoresite does not exist
2024-04-24T08:08:53,977  WARN [main] conf.HiveConf: HiveConf of name hive.dummyparam.test.server.specific.config.override does not exist
2024-04-24T08:08:53,977  INFO [0c1bd327-4f00-471f-9dfb-ceb454210d59 main] session.HiveSessionImpl: executing set
2024-04-24T08:08:53,978  INFO [0c1bd327-4f00-471f-9dfb-ceb454210d59 main] operation.HiveCommandOperation: Putting temp output to file /home/alex/Repositories/hive/beeline/target/tmp/alex/0c1bd327-4f00-471f-9dfb-ceb454210d594256222961586481214.pipeout and error output to file /home/alex/Repositories/hive/beeline/target/tmp/alex/0c1bd327-4f00-471f-9dfb-ceb454210d598128743386702392234.pipeout
2024-04-24T08:08:53,978  INFO [0c1bd327-4f00-471f-9dfb-ceb454210d59 main] operation.OperationManager: Adding operation: OperationHandle [opType=EXECUTE_STATEMENT, getHandleIdentifier()=3fef6dd2-a92e-4d6e-932c-ad931691e2b2] SessionHandle [0c1bd327-4f00-471f-9dfb-ceb454210d59]
2024-04-24T08:08:53,979  INFO [0c1bd327-4f00-471f-9dfb-ceb454210d59 main] common.LogUtils: Thread context registration is done.
DEBUG StatusLogger Building Plugin[name=filter, class=org.apache.hadoop.hive.ql.log.LogDivertAppender$NameFilter].
DEBUG StatusLogger createFilter(loggingLevel="EXECUTION")
DEBUG StatusLogger Building Plugin[name=layout, class=org.apache.logging.log4j.core.layout.PatternLayout].
DEBUG StatusLogger PatternLayout$Builder(alwaysWriteExceptions="null", disableAnsi="null", header="null", PatternSelector=null, Configuration(HiveLog4j2Test), Replace=null, footer="null", pattern="%-5p : %m%n", noConsoleNoAnsi="null", charset="null")
DEBUG StatusLogger Building Plugin[name=appender, class=org.apache.hadoop.hive.ql.log.HushableRandomAccessFileAppender].
DEBUG StatusLogger createAppender(fileName="/home/alex/Repositories/hive/beeline/target/tmp/alex/operation_logs/0c1bd327-4f00-471f-9dfb-ceb454210d59/alex_20240424080853_8290bd83-d999-4494-b649-b00a781c8c6e", append="null", name="query-file-appender", immediateFlush="null", bufferSize="null", ignoreExceptions="null", PatternLayout(org.apache.logging.log4j.core.layout.PatternLayout with name PatternLayout), NameFilter(org.apache.hadoop.hive.ql.log.LogDivertAppender$NameFilter with name NameFilter), advertise="null", advertiseURI="null", Configuration(HiveLog4j2Test))
DEBUG StatusLogger Starting RandomAccessFileManager /home/alex/Repositories/hive/beeline/target/tmp/alex/operation_logs/0c1bd327-4f00-471f-9dfb-ceb454210d59/alex_20240424080853_8290bd83-d999-4494-b649-b00a781c8c6e
DEBUG StatusLogger Building Plugin[name=, class=org.apache.hadoop.hive.ql.log.LogDivertAppenderForTest$TestFilter].
DEBUG StatusLogger createFilter()
DEBUG StatusLogger Building Plugin[name=, class=org.apache.logging.log4j.core.layout.PatternLayout].
DEBUG StatusLogger PatternLayout$Builder(PatternSelector=null, disableAnsi="null", Replace=null, noConsoleNoAnsi="null", Configuration(HiveLog4j2Test), header="null", charset="null", footer="null", alwaysWriteExceptions="null", pattern="%-5p : %m%n")
DEBUG StatusLogger Building Plugin[name=appender, class=org.apache.hadoop.hive.ql.log.HushableRandomAccessFileAppender].
DEBUG StatusLogger createAppender(fileName="/home/alex/Repositories/hive/beeline/target/tmp/alex/operation_logs/0c1bd327-4f00-471f-9dfb-ceb454210d59/alex_20240424080853_8290bd83-d999-4494-b649-b00a781c8c6e.test", append="null", name="test-query-file-appender", immediateFlush="null", bufferSize="null", ignoreExceptions="null", PatternLayout(org.apache.logging.log4j.core.layout.PatternLayout with name PatternLayout), test-filter(org.apache.hadoop.hive.ql.log.LogDivertAppenderForTest$TestFilter with name test-filter), advertise="null", advertiseURI="null", Configuration(HiveLog4j2Test))
DEBUG StatusLogger Starting RandomAccessFileManager /home/alex/Repositories/hive/beeline/target/tmp/alex/operation_logs/0c1bd327-4f00-471f-9dfb-ceb454210d59/alex_20240424080853_8290bd83-d999-4494-b649-b00a781c8c6e.test
2024-04-24T08:08:53,986  INFO [0c1bd327-4f00-471f-9dfb-ceb454210d59 main] operation.HiveCommandOperation: [opType=EXECUTE_STATEMENT, queryId=alex_20240424080853_8290bd83-d999-4494-b649-b00a781c8c6e, startTime=1713971333977, sessionId=0c1bd327-4f00-471f-9dfb-ceb454210d59, createTime=1713971333916, userName=null, ipAddress=null]
2024-04-24T08:08:54,103  INFO [0c1bd327-4f00-471f-9dfb-ceb454210d59 main] common.LogUtils: Unregistered logging context.
2024-04-24T08:08:54,105  INFO [0c1bd327-4f00-471f-9dfb-ceb454210d59 main] operation.OperationManager: Closing operation: OperationHandle [opType=EXECUTE_STATEMENT, getHandleIdentifier()=3fef6dd2-a92e-4d6e-932c-ad931691e2b2]
2024-04-24T08:08:54,105  INFO [0c1bd327-4f00-471f-9dfb-ceb454210d59 main] operation.OperationManager: Removed queryId: alex_20240424080853_8290bd83-d999-4494-b649-b00a781c8c6e corresponding to operation: OperationHandle [opType=EXECUTE_STATEMENT, getHandleIdentifier()=3fef6dd2-a92e-4d6e-932c-ad931691e2b2] with tag: null
2024-04-24T08:08:54,106  INFO [0c1bd327-4f00-471f-9dfb-ceb454210d59 main] operation.HiveCommandOperation: Closing operation log /home/alex/Repositories/hive/beeline/target/tmp/alex/operation_logs/0c1bd327-4f00-471f-9dfb-ceb454210d59/alex_20240424080853_8290bd83-d999-4494-b649-b00a781c8c6e without delay
2024-04-24T08:08:54,108  INFO [0c1bd327-4f00-471f-9dfb-ceb454210d59 main] session.HiveSessionImpl: executing show databases
2024-04-24T08:08:54,109  INFO [0c1bd327-4f00-471f-9dfb-ceb454210d59 main] operation.OperationManager: Adding operation: OperationHandle [opType=EXECUTE_STATEMENT, getHandleIdentifier()=574fcd42-89d2-4fcc-862d-e8f04b207c46] SessionHandle [0c1bd327-4f00-471f-9dfb-ceb454210d59]
2024-04-24T08:08:54,110  INFO [0c1bd327-4f00-471f-9dfb-ceb454210d59 main] common.LogUtils: Thread context registration is done.
DEBUG StatusLogger Building Plugin[name=filter, class=org.apache.hadoop.hive.ql.log.LogDivertAppender$NameFilter].
DEBUG StatusLogger createFilter(loggingLevel="EXECUTION")
DEBUG StatusLogger Building Plugin[name=layout, class=org.apache.logging.log4j.core.layout.PatternLayout].
DEBUG StatusLogger PatternLayout$Builder(pattern="%-5p : %m%n", Replace=null, PatternSelector=null, Configuration(HiveLog4j2Test), noConsoleNoAnsi="null", disableAnsi="null", alwaysWriteExceptions="null", header="null", charset="null", footer="null")
DEBUG StatusLogger Building Plugin[name=appender, class=org.apache.hadoop.hive.ql.log.HushableRandomAccessFileAppender].
DEBUG StatusLogger createAppender(fileName="/home/alex/Repositories/hive/beeline/target/tmp/alex/operation_logs/0c1bd327-4f00-471f-9dfb-ceb454210d59/alex_20240424080854_1aba20cf-ba99-4bf7-8071-764d1a380187", append="null", name="query-file-appender", immediateFlush="null", bufferSize="null", ignoreExceptions="null", PatternLayout(org.apache.logging.log4j.core.layout.PatternLayout with name PatternLayout), NameFilter(org.apache.hadoop.hive.ql.log.LogDivertAppender$NameFilter with name NameFilter), advertise="null", advertiseURI="null", Configuration(HiveLog4j2Test))
DEBUG StatusLogger Starting RandomAccessFileManager /home/alex/Repositories/hive/beeline/target/tmp/alex/operation_logs/0c1bd327-4f00-471f-9dfb-ceb454210d59/alex_20240424080854_1aba20cf-ba99-4bf7-8071-764d1a380187
DEBUG StatusLogger Building Plugin[name=, class=org.apache.hadoop.hive.ql.log.LogDivertAppenderForTest$TestFilter].
DEBUG StatusLogger createFilter()
DEBUG StatusLogger Building Plugin[name=, class=org.apache.logging.log4j.core.layout.PatternLayout].
DEBUG StatusLogger PatternLayout$Builder(charset="null", pattern="%-5p : %m%n", header="null", alwaysWriteExceptions="null", footer="null", PatternSelector=null, disableAnsi="null", Replace=null, Configuration(HiveLog4j2Test), noConsoleNoAnsi="null")
DEBUG StatusLogger Building Plugin[name=appender, class=org.apache.hadoop.hive.ql.log.HushableRandomAccessFileAppender].
DEBUG StatusLogger createAppender(fileName="/home/alex/Repositories/hive/beeline/target/tmp/alex/operation_logs/0c1bd327-4f00-471f-9dfb-ceb454210d59/alex_20240424080854_1aba20cf-ba99-4bf7-8071-764d1a380187.test", append="null", name="test-query-file-appender", immediateFlush="null", bufferSize="null", ignoreExceptions="null", PatternLayout(org.apache.logging.log4j.core.layout.PatternLayout with name PatternLayout), test-filter(org.apache.hadoop.hive.ql.log.LogDivertAppenderForTest$TestFilter with name test-filter), advertise="null", advertiseURI="null", Configuration(HiveLog4j2Test))
DEBUG StatusLogger Starting RandomAccessFileManager /home/alex/Repositories/hive/beeline/target/tmp/alex/operation_logs/0c1bd327-4f00-471f-9dfb-ceb454210d59/alex_20240424080854_1aba20cf-ba99-4bf7-8071-764d1a380187.test
2024-04-24T08:08:54,117  INFO [0c1bd327-4f00-471f-9dfb-ceb454210d59 main] operation.SQLOperation: [opType=EXECUTE_STATEMENT, queryId=alex_20240424080854_1aba20cf-ba99-4bf7-8071-764d1a380187, startTime=1713971334108, sessionId=0c1bd327-4f00-471f-9dfb-ceb454210d59, createTime=1713971333916, userName=null, ipAddress=null]
2024-04-24T08:08:54,118  INFO [0c1bd327-4f00-471f-9dfb-ceb454210d59 main] ql.Driver: Compiling command(queryId=alex_20240424080854_1aba20cf-ba99-4bf7-8071-764d1a380187): show databases
2024-04-24T08:08:54,119  INFO [0c1bd327-4f00-471f-9dfb-ceb454210d59 main] metastore.HiveMetaStoreClient: HMS client filtering is enabled.
2024-04-24T08:08:54,120  INFO [0c1bd327-4f00-471f-9dfb-ceb454210d59 main] metastore.HMSHandler: 0: Opening raw store with implementation class:org.apache.hadoop.hive.metastore.ObjectStore
2024-04-24T08:08:54,120  INFO [0c1bd327-4f00-471f-9dfb-ceb454210d59 main] metastore.PersistenceManagerProvider: Configuration datanucleus.autoStartMechanismMode is not set. Defaulting to 'ignored'
2024-04-24T08:08:54,121  INFO [0c1bd327-4f00-471f-9dfb-ceb454210d59 main] metastore.ObjectStore: RawStore: org.apache.hadoop.hive.metastore.ObjectStore@f0c1ae1, with PersistenceManager: null will be shutdown
2024-04-24T08:08:54,121  INFO [0c1bd327-4f00-471f-9dfb-ceb454210d59 main] metastore.ObjectStore: RawStore: org.apache.hadoop.hive.metastore.ObjectStore@f0c1ae1, with PersistenceManager: org.datanucleus.api.jdo.JDOPersistenceManager@783dc0e7 created in the thread with id: 1
2024-04-24T08:08:54,123  INFO [0c1bd327-4f00-471f-9dfb-ceb454210d59 main] metastore.HMSHandler: Created RawStore: org.apache.hadoop.hive.metastore.ObjectStore@f0c1ae1 from thread id: 1
2024-04-24T08:08:54,123  INFO [0c1bd327-4f00-471f-9dfb-ceb454210d59 main] metastore.HMSHandler: HMS server filtering is disabled by configuration
2024-04-24T08:08:54,123  INFO [0c1bd327-4f00-471f-9dfb-ceb454210d59 main] metastore.RetryingMetaStoreClient: RetryingMetaStoreClient proxy=class org.apache.hadoop.hive.ql.metadata.SessionHiveMetaStoreClient ugi=alex (auth:SIMPLE) retries=1 delay=1 lifetime=0
2024-04-24T08:08:54,127  INFO [0c1bd327-4f00-471f-9dfb-ceb454210d59 main] ql.Driver: Semantic Analysis Completed (retrial = false)
2024-04-24T08:08:54,127  INFO [0c1bd327-4f00-471f-9dfb-ceb454210d59 main] ql.Driver: Created Hive schema: Schema(fieldSchemas:[FieldSchema(name:database_name, type:string, comment:from deserializer)], properties:null)
2024-04-24T08:08:54,128  INFO [0c1bd327-4f00-471f-9dfb-ceb454210d59 main] exec.ListSinkOperator: Initializing Operator: LIST_SINK[0]
2024-04-24T08:08:54,129  INFO [0c1bd327-4f00-471f-9dfb-ceb454210d59 main] metadata.Hive: Dumping metastore api call timing information for : compilation phase
2024-04-24T08:08:54,129  INFO [0c1bd327-4f00-471f-9dfb-ceb454210d59 main] metadata.Hive: Total time spent in each metastore function (ms): {isCompatibleWith_(Configuration)=0, flushCache_()=0}
2024-04-24T08:08:54,129  INFO [0c1bd327-4f00-471f-9dfb-ceb454210d59 main] ql.Driver: Completed compiling command(queryId=alex_20240424080854_1aba20cf-ba99-4bf7-8071-764d1a380187); Time taken: 0.011 seconds
2024-04-24T08:08:54,130  INFO [HiveServer2-Background-Pool: Thread-554] common.LogUtils: Thread context registration is done.
2024-04-24T08:08:54,131  INFO [0c1bd327-4f00-471f-9dfb-ceb454210d59 main] common.LogUtils: Unregistered logging context.
2024-04-24T08:08:54,131  INFO [HiveServer2-Background-Pool: Thread-554] reexec.ReExecDriver: Execution #1 of query
2024-04-24T08:08:54,131  INFO [HiveServer2-Background-Pool: Thread-554] ql.Driver: Concurrency mode is disabled, not creating a lock manager
2024-04-24T08:08:54,132  INFO [HiveServer2-Background-Pool: Thread-554] ql.Driver: Executing command(queryId=alex_20240424080854_1aba20cf-ba99-4bf7-8071-764d1a380187): show databases
2024-04-24T08:08:54,132  INFO [HiveServer2-Background-Pool: Thread-554] ql.Driver: Starting task [Stage-0:DDL] in serial mode
2024-04-24T08:08:54,133  INFO [HiveServer2-Background-Pool: Thread-554] HiveMetaStore.audit: ugi=alex	ip=unknown-ip-addr	cmd=get_databases: @hive#	
2024-04-24T08:08:54,134  INFO [HiveServer2-Background-Pool: Thread-554] metastore.HMSHandler: 24: Opening raw store with implementation class:org.apache.hadoop.hive.metastore.ObjectStore
2024-04-24T08:08:54,135  INFO [HiveServer2-Background-Pool: Thread-554] metastore.ObjectStore: RawStore: org.apache.hadoop.hive.metastore.ObjectStore@4e27b558, with PersistenceManager: null will be shutdown
2024-04-24T08:08:54,135  INFO [HiveServer2-Background-Pool: Thread-554] metastore.ObjectStore: RawStore: org.apache.hadoop.hive.metastore.ObjectStore@4e27b558, with PersistenceManager: org.datanucleus.api.jdo.JDOPersistenceManager@b2522f8 created in the thread with id: 554
2024-04-24T08:08:54,138  INFO [HiveServer2-Background-Pool: Thread-554] metastore.HMSHandler: Created RawStore: org.apache.hadoop.hive.metastore.ObjectStore@4e27b558 from thread id: 554
2024-04-24T08:08:54,139  INFO [HiveServer2-Background-Pool: Thread-554] sqlstd.SQLStdHiveAccessController: Created SQLStdHiveAccessController for session context : HiveAuthzSessionContext [sessionString=0c1bd327-4f00-471f-9dfb-ceb454210d59, clientType=HIVESERVER2]
2024-04-24T08:08:54,139  INFO [HiveServer2-Background-Pool: Thread-554] exec.DDLTask: Found 3 database(s) matching the SHOW DATABASES statement.
2024-04-24T08:08:54,146  INFO [HiveServer2-Background-Pool: Thread-554] metadata.Hive: Dumping metastore api call timing information for : execution phase
2024-04-24T08:08:54,146  INFO [HiveServer2-Background-Pool: Thread-554] metadata.Hive: Total time spent in each metastore function (ms): {getAllDatabases_()=6, isCompatibleWith_(Configuration)=0}
2024-04-24T08:08:54,147  INFO [HiveServer2-Background-Pool: Thread-554] ql.Driver: Completed executing command(queryId=alex_20240424080854_1aba20cf-ba99-4bf7-8071-764d1a380187); Time taken: 0.014 seconds
2024-04-24T08:08:54,147  INFO [HiveServer2-Background-Pool: Thread-554] common.LogUtils: Unregistered logging context.
2024-04-24T08:08:54,151  INFO [0c1bd327-4f00-471f-9dfb-ceb454210d59 main] operation.OperationManager: Closing operation: OperationHandle [opType=EXECUTE_STATEMENT, getHandleIdentifier()=574fcd42-89d2-4fcc-862d-e8f04b207c46]
2024-04-24T08:08:54,151  INFO [0c1bd327-4f00-471f-9dfb-ceb454210d59 main] operation.OperationManager: Removed queryId: alex_20240424080854_1aba20cf-ba99-4bf7-8071-764d1a380187 corresponding to operation: OperationHandle [opType=EXECUTE_STATEMENT, getHandleIdentifier()=574fcd42-89d2-4fcc-862d-e8f04b207c46] with tag: null
2024-04-24T08:08:54,151  INFO [0c1bd327-4f00-471f-9dfb-ceb454210d59 main] ql.Context: Deleting scratch dir: file:/home/alex/Repositories/hive/beeline/target/tmp/alex/0c1bd327-4f00-471f-9dfb-ceb454210d59/hive_2024-04-24_08-08-54_118_8938155498018241926-1
2024-04-24T08:08:54,151  INFO [0c1bd327-4f00-471f-9dfb-ceb454210d59 main] cleanup.EventualCleanupService: Delete file:/home/alex/Repositories/hive/beeline/target/tmp/alex/0c1bd327-4f00-471f-9dfb-ceb454210d59/hive_2024-04-24_08-08-54_118_8938155498018241926-1 operation was queued
2024-04-24T08:08:54,151  INFO [0c1bd327-4f00-471f-9dfb-ceb454210d59 main] exec.ListSinkOperator: Closing Operator: LIST_SINK[0]
2024-04-24T08:08:54,151  INFO [0c1bd327-4f00-471f-9dfb-ceb454210d59 main] exec.ListSinkOperator: RECORDS_OUT_OPERATOR_LIST_SINK_0:0, RECORDS_OUT_INTERMEDIATE:0, 
2024-04-24T08:08:54,151  INFO [0c1bd327-4f00-471f-9dfb-ceb454210d59 main] operation.SQLOperation: Closing operation log /home/alex/Repositories/hive/beeline/target/tmp/alex/operation_logs/0c1bd327-4f00-471f-9dfb-ceb454210d59/alex_20240424080854_1aba20cf-ba99-4bf7-8071-764d1a380187 without delay
2024-04-24T08:08:54,151  INFO [EventualCleanupService thread 0] cleanup.EventualCleanupService: Deleted file:/home/alex/Repositories/hive/beeline/target/tmp/alex/0c1bd327-4f00-471f-9dfb-ceb454210d59/hive_2024-04-24_08-08-54_118_8938155498018241926-1
2024-04-24T08:08:54,151  INFO [main] service.CompositeService: Session closed, SessionHandle [0c1bd327-4f00-471f-9dfb-ceb454210d59], current sessions:0
2024-04-24T08:08:54,152  INFO [0c1bd327-4f00-471f-9dfb-ceb454210d59 main] session.HiveSessionImpl: Operation log session directory is deleted: /home/alex/Repositories/hive/beeline/target/tmp/alex/operation_logs/0c1bd327-4f00-471f-9dfb-ceb454210d59
2024-04-24T08:08:54,152  INFO [main] cleanup.EventualCleanupService: Delete /tmp/hive/alex/0c1bd327-4f00-471f-9dfb-ceb454210d59 operation was queued
2024-04-24T08:08:54,152  INFO [main] cleanup.EventualCleanupService: Delete /home/alex/Repositories/hive/beeline/target/tmp/alex/0c1bd327-4f00-471f-9dfb-ceb454210d59 operation was queued
2024-04-24T08:08:54,153  INFO [EventualCleanupService thread 2] cleanup.EventualCleanupService: Deleted /home/alex/Repositories/hive/beeline/target/tmp/alex/0c1bd327-4f00-471f-9dfb-ceb454210d59
2024-04-24T08:08:54,153  INFO [EventualCleanupService thread 1] cleanup.EventualCleanupService: Deleted /tmp/hive/alex/0c1bd327-4f00-471f-9dfb-ceb454210d59
2024-04-24T08:08:54,154  INFO [main] HiveMetaStore.audit: ugi=alex	ip=unknown-ip-addr	cmd=Cleaning up thread local RawStore...	
2024-04-24T08:08:54,154  INFO [main] metastore.ObjectStore: RawStore: org.apache.hadoop.hive.metastore.ObjectStore@f0c1ae1, with PersistenceManager: org.datanucleus.api.jdo.JDOPersistenceManager@783dc0e7 will be shutdown
2024-04-24T08:08:54,154  INFO [main] HiveMetaStore.audit: ugi=alex	ip=unknown-ip-addr	cmd=Done cleaning up thread local RawStore	
2024-04-24T08:08:54,154  INFO [main] metastore.HiveMetaStoreClient: Closed a connection to metastore, current connections: -36
2024-04-24T08:08:54,154 ERROR [main] cli.TestHiveCli: Failed due to the error:Connecting to jdbc:hive2://
Hive Session ID = f68003a0-98ac-4960-a2b2-c10ffe0728ae
ivysettings.xml file not found in HIVE_HOME or HIVE_CONF_DIR,/home/alex/Repositories/hive/conf/ivysettings.xml will be used
ivysettings.xml file not found in HIVE_HOME or HIVE_CONF_DIR,/home/alex/Repositories/hive/conf/ivysettings.xml will be used
Connected to: Apache Hive (version 4.0.0-SNAPSHOT)
Error: Couldn't load manifest attributes. (state=,code=0)
Transaction isolation: TRANSACTION_REPEATABLE_READ
INFO  : Compiling command(queryId=alex_20240424080854_1aba20cf-ba99-4bf7-8071-764d1a380187): show databases
INFO  : Semantic Analysis Completed (retrial = false)
INFO  : Created Hive schema: Schema(fieldSchemas:[FieldSchema(name:database_name, type:string, comment:from deserializer)], properties:null)
INFO  : Completed compiling command(queryId=alex_20240424080854_1aba20cf-ba99-4bf7-8071-764d1a380187); Time taken: 0.011 seconds
INFO  : Concurrency mode is disabled, not creating a lock manager
INFO  : Executing command(queryId=alex_20240424080854_1aba20cf-ba99-4bf7-8071-764d1a380187): show databases
INFO  : Starting task [Stage-0:DDL] in serial mode
DEBUG : Task getting executed using mapred tag : alex_20240424080854_1aba20cf-ba99-4bf7-8071-764d1a380187,userid=null
INFO  : Completed executing command(queryId=alex_20240424080854_1aba20cf-ba99-4bf7-8071-764d1a380187); Time taken: 0.014 seconds
DEBUG : Shutting down query show databases
Error: Failed to wait for operation to complete (state=08S01,code=0)
Closing: 0: jdbc:hive2://

]]></system-err>
  </testcase>
  <testcase name="testInvalidDatabaseOptions" classname="org.apache.hive.beeline.cli.TestHiveCli" time="0.38"/>
  <testcase name="testVariables" classname="org.apache.hive.beeline.cli.TestHiveCli" time="0.618"/>
  <testcase name="testInvalidOptions" classname="org.apache.hive.beeline.cli.TestHiveCli" time="0.002"/>
  <testcase name="testVariablesForSource" classname="org.apache.hive.beeline.cli.TestHiveCli" time="0.755">
    <failure type="java.lang.AssertionError"><![CDATA[java.lang.AssertionError: Supported return code is 0 while the actual is 2
	at org.junit.Assert.fail(Assert.java:89)
	at org.apache.hive.beeline.cli.TestHiveCli.executeCMD(TestHiveCli.java:256)
	at org.apache.hive.beeline.cli.TestHiveCli.verifyCMD(TestHiveCli.java:266)
	at org.apache.hive.beeline.cli.TestHiveCli.testVariablesForSource(TestHiveCli.java:198)
	at sun.reflect.NativeMethodAccessorImpl.invoke0(Native Method)
	at sun.reflect.NativeMethodAccessorImpl.invoke(NativeMethodAccessorImpl.java:62)
	at sun.reflect.DelegatingMethodAccessorImpl.invoke(DelegatingMethodAccessorImpl.java:43)
	at java.lang.reflect.Method.invoke(Method.java:498)
	at org.junit.runners.model.FrameworkMethod$1.runReflectiveCall(FrameworkMethod.java:59)
	at org.junit.internal.runners.model.ReflectiveCallable.run(ReflectiveCallable.java:12)
	at org.junit.runners.model.FrameworkMethod.invokeExplosively(FrameworkMethod.java:56)
	at org.junit.internal.runners.statements.InvokeMethod.evaluate(InvokeMethod.java:17)
	at org.junit.internal.runners.statements.RunBefores.evaluate(RunBefores.java:26)
	at org.junit.internal.runners.statements.RunAfters.evaluate(RunAfters.java:27)
	at org.junit.runners.ParentRunner$3.evaluate(ParentRunner.java:306)
	at org.junit.runners.BlockJUnit4ClassRunner$1.evaluate(BlockJUnit4ClassRunner.java:100)
	at org.junit.runners.ParentRunner.runLeaf(ParentRunner.java:366)
	at org.junit.runners.BlockJUnit4ClassRunner.runChild(BlockJUnit4ClassRunner.java:103)
	at org.junit.runners.BlockJUnit4ClassRunner.runChild(BlockJUnit4ClassRunner.java:63)
	at org.junit.runners.ParentRunner$4.run(ParentRunner.java:331)
	at org.junit.runners.ParentRunner$1.schedule(ParentRunner.java:79)
	at org.junit.runners.ParentRunner.runChildren(ParentRunner.java:329)
	at org.junit.runners.ParentRunner.access$100(ParentRunner.java:66)
	at org.junit.runners.ParentRunner$2.evaluate(ParentRunner.java:293)
	at org.junit.internal.runners.statements.RunBefores.evaluate(RunBefores.java:26)
	at org.junit.runners.ParentRunner$3.evaluate(ParentRunner.java:306)
	at org.junit.runners.ParentRunner.run(ParentRunner.java:413)
	at org.junit.runner.JUnitCore.run(JUnitCore.java:137)
	at org.junit.runner.JUnitCore.run(JUnitCore.java:115)
	at org.junit.vintage.engine.execution.RunnerExecutor.execute(RunnerExecutor.java:43)
	at java.util.stream.ForEachOps$ForEachOp$OfRef.accept(ForEachOps.java:183)
	at java.util.stream.ReferencePipeline$3$1.accept(ReferencePipeline.java:193)
	at java.util.Iterator.forEachRemaining(Iterator.java:116)
	at java.util.Spliterators$IteratorSpliterator.forEachRemaining(Spliterators.java:1801)
	at java.util.stream.AbstractPipeline.copyInto(AbstractPipeline.java:482)
	at java.util.stream.AbstractPipeline.wrapAndCopyInto(AbstractPipeline.java:472)
	at java.util.stream.ForEachOps$ForEachOp.evaluateSequential(ForEachOps.java:150)
	at java.util.stream.ForEachOps$ForEachOp$OfRef.evaluateSequential(ForEachOps.java:173)
	at java.util.stream.AbstractPipeline.evaluate(AbstractPipeline.java:234)
	at java.util.stream.ReferencePipeline.forEach(ReferencePipeline.java:485)
	at org.junit.vintage.engine.VintageTestEngine.executeAllChildren(VintageTestEngine.java:82)
	at org.junit.vintage.engine.VintageTestEngine.execute(VintageTestEngine.java:73)
	at org.junit.platform.launcher.core.DefaultLauncher.execute(DefaultLauncher.java:248)
	at org.junit.platform.launcher.core.DefaultLauncher.lambda$execute$5(DefaultLauncher.java:211)
	at org.junit.platform.launcher.core.DefaultLauncher.withInterceptedStreams(DefaultLauncher.java:226)
	at org.junit.platform.launcher.core.DefaultLauncher.execute(DefaultLauncher.java:199)
	at org.junit.platform.launcher.core.DefaultLauncher.execute(DefaultLauncher.java:132)
	at org.apache.maven.surefire.junitplatform.JUnitPlatformProvider.invokeAllTests(JUnitPlatformProvider.java:154)
	at org.apache.maven.surefire.junitplatform.JUnitPlatformProvider.invoke(JUnitPlatformProvider.java:123)
	at org.apache.maven.surefire.booter.ForkedBooter.runSuitesInProcess(ForkedBooter.java:377)
	at org.apache.maven.surefire.booter.ForkedBooter.execute(ForkedBooter.java:138)
	at org.apache.maven.surefire.booter.ForkedBooter.run(ForkedBooter.java:465)
	at org.apache.maven.surefire.booter.ForkedBooter.main(ForkedBooter.java:451)
]]></failure>
    <system-err><![CDATA[2024-04-24T08:08:55,156 ERROR [main] cli.TestHiveCli: Failed to execute command due to the error: java.lang.NullPointerException: Null output stream
2024-04-24T08:08:55,201  WARN [main] conf.HiveConf: HiveConf of name hive.dummyparam.test.server.specific.config.hiveserver2site does not exist
2024-04-24T08:08:55,201  WARN [main] conf.HiveConf: HiveConf of name hive.dummyparam.test.server.specific.config.override does not exist
2024-04-24T08:08:55,201  WARN [main] conf.HiveConf: HiveConf of name hive.dummyparam.test.server.specific.config.metastoresite does not exist
2024-04-24T08:08:55,202  INFO [main] SessionState: Hive Session ID = 338bae6a-7eef-4339-9473-c7f0884846e2
2024-04-24T08:08:55,202  INFO [main] DependencyResolver: ivysettings.xml file not found in HIVE_HOME or HIVE_CONF_DIR,/home/alex/Repositories/hive/conf/ivysettings.xml will be used
2024-04-24T08:08:55,209  INFO [main] session.SessionState: Created HDFS directory: /tmp/hive/alex/338bae6a-7eef-4339-9473-c7f0884846e2
2024-04-24T08:08:55,213  INFO [main] session.SessionState: Created local directory: /home/alex/Repositories/hive/beeline/target/tmp/alex/338bae6a-7eef-4339-9473-c7f0884846e2
2024-04-24T08:08:55,216  INFO [main] session.SessionState: Created HDFS directory: /tmp/hive/alex/338bae6a-7eef-4339-9473-c7f0884846e2/_tmp_space.db
2024-04-24T08:08:55,216  INFO [main] sqlstd.SQLStdHiveAccessController: Created SQLStdHiveAccessController for session context : HiveAuthzSessionContext [sessionString=338bae6a-7eef-4339-9473-c7f0884846e2, clientType=HIVESERVER2]
2024-04-24T08:08:55,217  INFO [main] metastore.HiveMetaStoreClient: HMS client filtering is enabled.
2024-04-24T08:08:55,218  INFO [main] metastore.HMSHandler: 0: Opening raw store with implementation class:org.apache.hadoop.hive.metastore.ObjectStore
2024-04-24T08:08:55,218  INFO [main] metastore.PersistenceManagerProvider: Configuration datanucleus.autoStartMechanismMode is not set. Defaulting to 'ignored'
2024-04-24T08:08:55,219  INFO [main] metastore.ObjectStore: RawStore: org.apache.hadoop.hive.metastore.ObjectStore@df6f19b, with PersistenceManager: null will be shutdown
2024-04-24T08:08:55,219  INFO [main] metastore.ObjectStore: RawStore: org.apache.hadoop.hive.metastore.ObjectStore@df6f19b, with PersistenceManager: org.datanucleus.api.jdo.JDOPersistenceManager@6d842877 created in the thread with id: 1
2024-04-24T08:08:55,221  INFO [main] metastore.HMSHandler: Created RawStore: org.apache.hadoop.hive.metastore.ObjectStore@df6f19b from thread id: 1
2024-04-24T08:08:55,221  INFO [main] metastore.HMSHandler: HMS server filtering is disabled by configuration
2024-04-24T08:08:55,221  INFO [main] metastore.RetryingMetaStoreClient: RetryingMetaStoreClient proxy=class org.apache.hadoop.hive.ql.metadata.SessionHiveMetaStoreClient ugi=alex (auth:SIMPLE) retries=1 delay=1 lifetime=0
2024-04-24T08:08:55,221  INFO [main] service.CompositeService: Operation log root directory is created: /home/alex/Repositories/hive/beeline/target/tmp/alex/operation_logs
2024-04-24T08:08:55,221  INFO [main] service.CompositeService: HiveServer2: Background operation thread pool size: 100
2024-04-24T08:08:55,222  INFO [main] service.CompositeService: HiveServer2: Background operation thread wait queue size: 100
2024-04-24T08:08:55,222  INFO [main] service.CompositeService: HiveServer2: Background operation thread keepalive time: 10 seconds
2024-04-24T08:08:55,222  INFO [main] service.CompositeService: Connections limit are user: 0 ipaddress: 0 user-ipaddress: 0
2024-04-24T08:08:55,223  INFO [main] cleanup.EventualCleanupService: EventualCleanupService started with 10 threads and queue of size 10000
ERROR StatusLogger Log4j2 ConfigurationScheduler attempted to increment scheduled items after start
ERROR StatusLogger Log4j2 ConfigurationScheduler attempted to increment scheduled items after start
2024-04-24T08:08:55,224  INFO [main] service.AbstractService: Service:OperationManager is inited.
2024-04-24T08:08:55,224  INFO [main] service.AbstractService: Service:SessionManager is inited.
2024-04-24T08:08:55,224  INFO [main] service.AbstractService: Service:CLIService is inited.
2024-04-24T08:08:55,224  INFO [main] service.AbstractService: Service:OperationManager is started.
2024-04-24T08:08:55,224  INFO [main] service.AbstractService: Service:SessionManager is started.
2024-04-24T08:08:55,224  INFO [main] service.AbstractService: Service:CLIService is started.
2024-04-24T08:08:55,224  INFO [main] service.AbstractService: Service:ThriftBinaryCLIService is inited.
2024-04-24T08:08:55,224  INFO [main] thrift.ThriftCLIService: Client protocol version: HIVE_CLI_SERVICE_PROTOCOL_V10
2024-04-24T08:08:55,224  INFO [main] thrift.ThriftCLIService: Creating Hive session handle for user [null] from IP null
2024-04-24T08:08:55,226  INFO [main] DependencyResolver: ivysettings.xml file not found in HIVE_HOME or HIVE_CONF_DIR,/home/alex/Repositories/hive/conf/ivysettings.xml will be used
2024-04-24T08:08:55,233  INFO [main] session.SessionState: Created HDFS directory: /tmp/hive/alex/c3eb620b-9cc3-40ae-ae33-83e049d67ee6
2024-04-24T08:08:55,236  INFO [main] session.SessionState: Created local directory: /home/alex/Repositories/hive/beeline/target/tmp/alex/c3eb620b-9cc3-40ae-ae33-83e049d67ee6
2024-04-24T08:08:55,239  INFO [main] session.SessionState: Created HDFS directory: /tmp/hive/alex/c3eb620b-9cc3-40ae-ae33-83e049d67ee6/_tmp_space.db
2024-04-24T08:08:55,239  INFO [main] session.SessionState: Reloading auxiliary JAR files
2024-04-24T08:08:55,239  WARN [main] session.SessionState: Configuration hive.reloadable.aux.jars.path not specified
2024-04-24T08:08:55,239  INFO [main] HiveMetaStore.audit: ugi=alex	ip=unknown-ip-addr	cmd=Cleaning up thread local RawStore...	
2024-04-24T08:08:55,239  INFO [main] metastore.ObjectStore: RawStore: org.apache.hadoop.hive.metastore.ObjectStore@df6f19b, with PersistenceManager: org.datanucleus.api.jdo.JDOPersistenceManager@6d842877 will be shutdown
2024-04-24T08:08:55,239  INFO [main] HiveMetaStore.audit: ugi=alex	ip=unknown-ip-addr	cmd=Done cleaning up thread local RawStore	
2024-04-24T08:08:55,239  INFO [main] metastore.HiveMetaStoreClient: Closed a connection to metastore, current connections: -40
2024-04-24T08:08:55,240  INFO [main] session.HiveSessionImpl: Operation log session directory is created: /home/alex/Repositories/hive/beeline/target/tmp/alex/operation_logs/c3eb620b-9cc3-40ae-ae33-83e049d67ee6
2024-04-24T08:08:55,240  INFO [main] service.CompositeService: Session opened, SessionHandle [c3eb620b-9cc3-40ae-ae33-83e049d67ee6], current sessions:1
2024-04-24T08:08:55,240  INFO [main] thrift.ThriftCLIService: Login attempt is successful for user : null
2024-04-24T08:08:55,289  WARN [main] conf.HiveConf: HiveConf of name hive.dummyparam.test.server.specific.config.hiveserver2site does not exist
2024-04-24T08:08:55,289  WARN [main] conf.HiveConf: HiveConf of name hive.dummyparam.test.server.specific.config.metastoresite does not exist
2024-04-24T08:08:55,289  WARN [main] conf.HiveConf: HiveConf of name hive.dummyparam.test.server.specific.config.override does not exist
2024-04-24T08:08:55,290  INFO [c3eb620b-9cc3-40ae-ae33-83e049d67ee6 main] session.HiveSessionImpl: executing set
2024-04-24T08:08:55,291  INFO [c3eb620b-9cc3-40ae-ae33-83e049d67ee6 main] operation.HiveCommandOperation: Putting temp output to file /home/alex/Repositories/hive/beeline/target/tmp/alex/c3eb620b-9cc3-40ae-ae33-83e049d67ee62053450872917651752.pipeout and error output to file /home/alex/Repositories/hive/beeline/target/tmp/alex/c3eb620b-9cc3-40ae-ae33-83e049d67ee65960459874633006555.pipeout
2024-04-24T08:08:55,291  INFO [c3eb620b-9cc3-40ae-ae33-83e049d67ee6 main] operation.OperationManager: Adding operation: OperationHandle [opType=EXECUTE_STATEMENT, getHandleIdentifier()=3a455e60-458a-4f9a-9934-84e39b9b3200] SessionHandle [c3eb620b-9cc3-40ae-ae33-83e049d67ee6]
2024-04-24T08:08:55,292  INFO [c3eb620b-9cc3-40ae-ae33-83e049d67ee6 main] common.LogUtils: Thread context registration is done.
DEBUG StatusLogger Building Plugin[name=filter, class=org.apache.hadoop.hive.ql.log.LogDivertAppender$NameFilter].
DEBUG StatusLogger createFilter(loggingLevel="EXECUTION")
DEBUG StatusLogger Building Plugin[name=layout, class=org.apache.logging.log4j.core.layout.PatternLayout].
DEBUG StatusLogger PatternLayout$Builder(disableAnsi="null", alwaysWriteExceptions="null", Configuration(HiveLog4j2Test), noConsoleNoAnsi="null", charset="null", footer="null", Replace=null, PatternSelector=null, pattern="%-5p : %m%n", header="null")
DEBUG StatusLogger Building Plugin[name=appender, class=org.apache.hadoop.hive.ql.log.HushableRandomAccessFileAppender].
DEBUG StatusLogger createAppender(fileName="/home/alex/Repositories/hive/beeline/target/tmp/alex/operation_logs/c3eb620b-9cc3-40ae-ae33-83e049d67ee6/alex_20240424080855_fb27a72c-5fbb-44f4-a351-390fb7c30d26", append="null", name="query-file-appender", immediateFlush="null", bufferSize="null", ignoreExceptions="null", PatternLayout(org.apache.logging.log4j.core.layout.PatternLayout with name PatternLayout), NameFilter(org.apache.hadoop.hive.ql.log.LogDivertAppender$NameFilter with name NameFilter), advertise="null", advertiseURI="null", Configuration(HiveLog4j2Test))
DEBUG StatusLogger Starting RandomAccessFileManager /home/alex/Repositories/hive/beeline/target/tmp/alex/operation_logs/c3eb620b-9cc3-40ae-ae33-83e049d67ee6/alex_20240424080855_fb27a72c-5fbb-44f4-a351-390fb7c30d26
DEBUG StatusLogger Building Plugin[name=, class=org.apache.hadoop.hive.ql.log.LogDivertAppenderForTest$TestFilter].
DEBUG StatusLogger createFilter()
DEBUG StatusLogger Building Plugin[name=, class=org.apache.logging.log4j.core.layout.PatternLayout].
DEBUG StatusLogger PatternLayout$Builder(footer="null", Configuration(HiveLog4j2Test), noConsoleNoAnsi="null", disableAnsi="null", alwaysWriteExceptions="null", header="null", Replace=null, pattern="%-5p : %m%n", PatternSelector=null, charset="null")
DEBUG StatusLogger Building Plugin[name=appender, class=org.apache.hadoop.hive.ql.log.HushableRandomAccessFileAppender].
DEBUG StatusLogger createAppender(fileName="/home/alex/Repositories/hive/beeline/target/tmp/alex/operation_logs/c3eb620b-9cc3-40ae-ae33-83e049d67ee6/alex_20240424080855_fb27a72c-5fbb-44f4-a351-390fb7c30d26.test", append="null", name="test-query-file-appender", immediateFlush="null", bufferSize="null", ignoreExceptions="null", PatternLayout(org.apache.logging.log4j.core.layout.PatternLayout with name PatternLayout), test-filter(org.apache.hadoop.hive.ql.log.LogDivertAppenderForTest$TestFilter with name test-filter), advertise="null", advertiseURI="null", Configuration(HiveLog4j2Test))
DEBUG StatusLogger Starting RandomAccessFileManager /home/alex/Repositories/hive/beeline/target/tmp/alex/operation_logs/c3eb620b-9cc3-40ae-ae33-83e049d67ee6/alex_20240424080855_fb27a72c-5fbb-44f4-a351-390fb7c30d26.test
2024-04-24T08:08:55,300  INFO [c3eb620b-9cc3-40ae-ae33-83e049d67ee6 main] operation.HiveCommandOperation: [opType=EXECUTE_STATEMENT, queryId=alex_20240424080855_fb27a72c-5fbb-44f4-a351-390fb7c30d26, startTime=1713971335290, sessionId=c3eb620b-9cc3-40ae-ae33-83e049d67ee6, createTime=1713971335224, userName=null, ipAddress=null]
2024-04-24T08:08:55,403  INFO [c3eb620b-9cc3-40ae-ae33-83e049d67ee6 main] common.LogUtils: Unregistered logging context.
2024-04-24T08:08:55,405  INFO [c3eb620b-9cc3-40ae-ae33-83e049d67ee6 main] operation.OperationManager: Closing operation: OperationHandle [opType=EXECUTE_STATEMENT, getHandleIdentifier()=3a455e60-458a-4f9a-9934-84e39b9b3200]
2024-04-24T08:08:55,405  INFO [c3eb620b-9cc3-40ae-ae33-83e049d67ee6 main] operation.OperationManager: Removed queryId: alex_20240424080855_fb27a72c-5fbb-44f4-a351-390fb7c30d26 corresponding to operation: OperationHandle [opType=EXECUTE_STATEMENT, getHandleIdentifier()=3a455e60-458a-4f9a-9934-84e39b9b3200] with tag: null
2024-04-24T08:08:55,406  INFO [c3eb620b-9cc3-40ae-ae33-83e049d67ee6 main] operation.HiveCommandOperation: Closing operation log /home/alex/Repositories/hive/beeline/target/tmp/alex/operation_logs/c3eb620b-9cc3-40ae-ae33-83e049d67ee6/alex_20240424080855_fb27a72c-5fbb-44f4-a351-390fb7c30d26 without delay
2024-04-24T08:08:55,408  INFO [c3eb620b-9cc3-40ae-ae33-83e049d67ee6 main] session.HiveSessionImpl: executing use test
2024-04-24T08:08:55,409  INFO [c3eb620b-9cc3-40ae-ae33-83e049d67ee6 main] operation.OperationManager: Adding operation: OperationHandle [opType=EXECUTE_STATEMENT, getHandleIdentifier()=fc487a98-a18c-47c4-b1cb-8fec62588d83] SessionHandle [c3eb620b-9cc3-40ae-ae33-83e049d67ee6]
2024-04-24T08:08:55,410  INFO [c3eb620b-9cc3-40ae-ae33-83e049d67ee6 main] common.LogUtils: Thread context registration is done.
DEBUG StatusLogger Building Plugin[name=filter, class=org.apache.hadoop.hive.ql.log.LogDivertAppender$NameFilter].
DEBUG StatusLogger createFilter(loggingLevel="EXECUTION")
DEBUG StatusLogger Building Plugin[name=layout, class=org.apache.logging.log4j.core.layout.PatternLayout].
DEBUG StatusLogger PatternLayout$Builder(footer="null", charset="null", Replace=null, noConsoleNoAnsi="null", header="null", Configuration(HiveLog4j2Test), pattern="%-5p : %m%n", alwaysWriteExceptions="null", PatternSelector=null, disableAnsi="null")
DEBUG StatusLogger Building Plugin[name=appender, class=org.apache.hadoop.hive.ql.log.HushableRandomAccessFileAppender].
DEBUG StatusLogger createAppender(fileName="/home/alex/Repositories/hive/beeline/target/tmp/alex/operation_logs/c3eb620b-9cc3-40ae-ae33-83e049d67ee6/alex_20240424080855_fb45ee2b-dec7-499a-a06e-1a6cc6a2227b", append="null", name="query-file-appender", immediateFlush="null", bufferSize="null", ignoreExceptions="null", PatternLayout(org.apache.logging.log4j.core.layout.PatternLayout with name PatternLayout), NameFilter(org.apache.hadoop.hive.ql.log.LogDivertAppender$NameFilter with name NameFilter), advertise="null", advertiseURI="null", Configuration(HiveLog4j2Test))
DEBUG StatusLogger Starting RandomAccessFileManager /home/alex/Repositories/hive/beeline/target/tmp/alex/operation_logs/c3eb620b-9cc3-40ae-ae33-83e049d67ee6/alex_20240424080855_fb45ee2b-dec7-499a-a06e-1a6cc6a2227b
DEBUG StatusLogger Building Plugin[name=, class=org.apache.hadoop.hive.ql.log.LogDivertAppenderForTest$TestFilter].
DEBUG StatusLogger createFilter()
DEBUG StatusLogger Building Plugin[name=, class=org.apache.logging.log4j.core.layout.PatternLayout].
DEBUG StatusLogger PatternLayout$Builder(header="null", charset="null", Replace=null, disableAnsi="null", Configuration(HiveLog4j2Test), alwaysWriteExceptions="null", noConsoleNoAnsi="null", PatternSelector=null, footer="null", pattern="%-5p : %m%n")
DEBUG StatusLogger Building Plugin[name=appender, class=org.apache.hadoop.hive.ql.log.HushableRandomAccessFileAppender].
DEBUG StatusLogger createAppender(fileName="/home/alex/Repositories/hive/beeline/target/tmp/alex/operation_logs/c3eb620b-9cc3-40ae-ae33-83e049d67ee6/alex_20240424080855_fb45ee2b-dec7-499a-a06e-1a6cc6a2227b.test", append="null", name="test-query-file-appender", immediateFlush="null", bufferSize="null", ignoreExceptions="null", PatternLayout(org.apache.logging.log4j.core.layout.PatternLayout with name PatternLayout), test-filter(org.apache.hadoop.hive.ql.log.LogDivertAppenderForTest$TestFilter with name test-filter), advertise="null", advertiseURI="null", Configuration(HiveLog4j2Test))
DEBUG StatusLogger Starting RandomAccessFileManager /home/alex/Repositories/hive/beeline/target/tmp/alex/operation_logs/c3eb620b-9cc3-40ae-ae33-83e049d67ee6/alex_20240424080855_fb45ee2b-dec7-499a-a06e-1a6cc6a2227b.test
2024-04-24T08:08:55,417  INFO [c3eb620b-9cc3-40ae-ae33-83e049d67ee6 main] operation.SQLOperation: [opType=EXECUTE_STATEMENT, queryId=alex_20240424080855_fb45ee2b-dec7-499a-a06e-1a6cc6a2227b, startTime=1713971335408, sessionId=c3eb620b-9cc3-40ae-ae33-83e049d67ee6, createTime=1713971335224, userName=null, ipAddress=null]
2024-04-24T08:08:55,417  INFO [c3eb620b-9cc3-40ae-ae33-83e049d67ee6 main] ql.Driver: Compiling command(queryId=alex_20240424080855_fb45ee2b-dec7-499a-a06e-1a6cc6a2227b): use test
2024-04-24T08:08:55,419  INFO [c3eb620b-9cc3-40ae-ae33-83e049d67ee6 main] metastore.HiveMetaStoreClient: HMS client filtering is enabled.
2024-04-24T08:08:55,420  INFO [c3eb620b-9cc3-40ae-ae33-83e049d67ee6 main] metastore.HMSHandler: 0: Opening raw store with implementation class:org.apache.hadoop.hive.metastore.ObjectStore
2024-04-24T08:08:55,420  INFO [c3eb620b-9cc3-40ae-ae33-83e049d67ee6 main] metastore.PersistenceManagerProvider: Configuration datanucleus.autoStartMechanismMode is not set. Defaulting to 'ignored'
2024-04-24T08:08:55,420  INFO [c3eb620b-9cc3-40ae-ae33-83e049d67ee6 main] metastore.ObjectStore: RawStore: org.apache.hadoop.hive.metastore.ObjectStore@4d0b7fd5, with PersistenceManager: null will be shutdown
2024-04-24T08:08:55,420  INFO [c3eb620b-9cc3-40ae-ae33-83e049d67ee6 main] metastore.ObjectStore: RawStore: org.apache.hadoop.hive.metastore.ObjectStore@4d0b7fd5, with PersistenceManager: org.datanucleus.api.jdo.JDOPersistenceManager@1ce2029b created in the thread with id: 1
2024-04-24T08:08:55,422  INFO [c3eb620b-9cc3-40ae-ae33-83e049d67ee6 main] metastore.HMSHandler: Created RawStore: org.apache.hadoop.hive.metastore.ObjectStore@4d0b7fd5 from thread id: 1
2024-04-24T08:08:55,422  INFO [c3eb620b-9cc3-40ae-ae33-83e049d67ee6 main] metastore.HMSHandler: HMS server filtering is disabled by configuration
2024-04-24T08:08:55,423  INFO [c3eb620b-9cc3-40ae-ae33-83e049d67ee6 main] metastore.RetryingMetaStoreClient: RetryingMetaStoreClient proxy=class org.apache.hadoop.hive.ql.metadata.SessionHiveMetaStoreClient ugi=alex (auth:SIMPLE) retries=1 delay=1 lifetime=0
2024-04-24T08:08:55,423  INFO [c3eb620b-9cc3-40ae-ae33-83e049d67ee6 main] HiveMetaStore.audit: ugi=alex	ip=unknown-ip-addr	cmd=get_database: test	
2024-04-24T08:08:55,424  INFO [c3eb620b-9cc3-40ae-ae33-83e049d67ee6 main] ql.Driver: Semantic Analysis Completed (retrial = false)
2024-04-24T08:08:55,424  INFO [c3eb620b-9cc3-40ae-ae33-83e049d67ee6 main] ql.Driver: Created Hive schema: Schema(fieldSchemas:null, properties:null)
2024-04-24T08:08:55,425  INFO [c3eb620b-9cc3-40ae-ae33-83e049d67ee6 main] metadata.Hive: Dumping metastore api call timing information for : compilation phase
2024-04-24T08:08:55,425  INFO [c3eb620b-9cc3-40ae-ae33-83e049d67ee6 main] metadata.Hive: Total time spent in each metastore function (ms): {isCompatibleWith_(Configuration)=0, flushCache_()=0, getDatabase_(String)=1}
2024-04-24T08:08:55,425  INFO [c3eb620b-9cc3-40ae-ae33-83e049d67ee6 main] ql.Driver: Completed compiling command(queryId=alex_20240424080855_fb45ee2b-dec7-499a-a06e-1a6cc6a2227b); Time taken: 0.007 seconds
2024-04-24T08:08:55,426  INFO [c3eb620b-9cc3-40ae-ae33-83e049d67ee6 main] common.LogUtils: Unregistered logging context.
2024-04-24T08:08:55,426  INFO [HiveServer2-Background-Pool: Thread-630] common.LogUtils: Thread context registration is done.
2024-04-24T08:08:55,426  INFO [HiveServer2-Background-Pool: Thread-630] reexec.ReExecDriver: Execution #1 of query
2024-04-24T08:08:55,427  INFO [HiveServer2-Background-Pool: Thread-630] ql.Driver: Concurrency mode is disabled, not creating a lock manager
2024-04-24T08:08:55,428  INFO [HiveServer2-Background-Pool: Thread-630] ql.Driver: Executing command(queryId=alex_20240424080855_fb45ee2b-dec7-499a-a06e-1a6cc6a2227b): use test
2024-04-24T08:08:55,428  INFO [HiveServer2-Background-Pool: Thread-630] ql.Driver: Starting task [Stage-0:DDL] in serial mode
2024-04-24T08:08:55,429  INFO [HiveServer2-Background-Pool: Thread-630] HiveMetaStore.audit: ugi=alex	ip=unknown-ip-addr	cmd=get_database: test	
2024-04-24T08:08:55,430  INFO [HiveServer2-Background-Pool: Thread-630] metastore.HMSHandler: 26: Opening raw store with implementation class:org.apache.hadoop.hive.metastore.ObjectStore
2024-04-24T08:08:55,431  INFO [HiveServer2-Background-Pool: Thread-630] metastore.ObjectStore: RawStore: org.apache.hadoop.hive.metastore.ObjectStore@3a2d29f, with PersistenceManager: null will be shutdown
2024-04-24T08:08:55,431  INFO [HiveServer2-Background-Pool: Thread-630] metastore.ObjectStore: RawStore: org.apache.hadoop.hive.metastore.ObjectStore@3a2d29f, with PersistenceManager: org.datanucleus.api.jdo.JDOPersistenceManager@46a05c8f created in the thread with id: 630
2024-04-24T08:08:55,433  INFO [HiveServer2-Background-Pool: Thread-630] metastore.HMSHandler: Created RawStore: org.apache.hadoop.hive.metastore.ObjectStore@3a2d29f from thread id: 630
2024-04-24T08:08:55,435  INFO [HiveServer2-Background-Pool: Thread-630] HiveMetaStore.audit: ugi=alex	ip=unknown-ip-addr	cmd=get_database: test	
2024-04-24T08:08:55,437  INFO [HiveServer2-Background-Pool: Thread-630] metadata.Hive: Dumping metastore api call timing information for : execution phase
2024-04-24T08:08:55,437  INFO [HiveServer2-Background-Pool: Thread-630] metadata.Hive: Total time spent in each metastore function (ms): {getDatabase_(String)=7, isCompatibleWith_(Configuration)=0}
2024-04-24T08:08:55,437  INFO [HiveServer2-Background-Pool: Thread-630] ql.Driver: Completed executing command(queryId=alex_20240424080855_fb45ee2b-dec7-499a-a06e-1a6cc6a2227b); Time taken: 0.009 seconds
2024-04-24T08:08:55,438  INFO [HiveServer2-Background-Pool: Thread-630] common.LogUtils: Unregistered logging context.
2024-04-24T08:08:55,442  INFO [c3eb620b-9cc3-40ae-ae33-83e049d67ee6 main] operation.OperationManager: Closing operation: OperationHandle [opType=EXECUTE_STATEMENT, getHandleIdentifier()=fc487a98-a18c-47c4-b1cb-8fec62588d83]
2024-04-24T08:08:55,442  INFO [c3eb620b-9cc3-40ae-ae33-83e049d67ee6 main] operation.OperationManager: Removed queryId: alex_20240424080855_fb45ee2b-dec7-499a-a06e-1a6cc6a2227b corresponding to operation: OperationHandle [opType=EXECUTE_STATEMENT, getHandleIdentifier()=fc487a98-a18c-47c4-b1cb-8fec62588d83] with tag: null
2024-04-24T08:08:55,442  INFO [c3eb620b-9cc3-40ae-ae33-83e049d67ee6 main] operation.SQLOperation: Closing operation log /home/alex/Repositories/hive/beeline/target/tmp/alex/operation_logs/c3eb620b-9cc3-40ae-ae33-83e049d67ee6/alex_20240424080855_fb45ee2b-dec7-499a-a06e-1a6cc6a2227b without delay
2024-04-24T08:08:55,451  INFO [c3eb620b-9cc3-40ae-ae33-83e049d67ee6 main] session.HiveSessionImpl: executing set hiveconf:zzz=/home/alex/Repositories/hive/beeline/target/tmp/test4535260368827372880.sql
2024-04-24T08:08:55,452  INFO [c3eb620b-9cc3-40ae-ae33-83e049d67ee6 main] operation.HiveCommandOperation: Putting temp output to file /home/alex/Repositories/hive/beeline/target/tmp/alex/c3eb620b-9cc3-40ae-ae33-83e049d67ee62053450872917651752.pipeout and error output to file /home/alex/Repositories/hive/beeline/target/tmp/alex/c3eb620b-9cc3-40ae-ae33-83e049d67ee65960459874633006555.pipeout
2024-04-24T08:08:55,452  INFO [c3eb620b-9cc3-40ae-ae33-83e049d67ee6 main] operation.OperationManager: Adding operation: OperationHandle [opType=EXECUTE_STATEMENT, getHandleIdentifier()=a55bd250-89b8-4c98-af94-d2671fc18e59] SessionHandle [c3eb620b-9cc3-40ae-ae33-83e049d67ee6]
2024-04-24T08:08:55,452  INFO [c3eb620b-9cc3-40ae-ae33-83e049d67ee6 main] common.LogUtils: Thread context registration is done.
DEBUG StatusLogger Building Plugin[name=filter, class=org.apache.hadoop.hive.ql.log.LogDivertAppender$NameFilter].
DEBUG StatusLogger createFilter(loggingLevel="EXECUTION")
DEBUG StatusLogger Building Plugin[name=layout, class=org.apache.logging.log4j.core.layout.PatternLayout].
DEBUG StatusLogger PatternLayout$Builder(charset="null", alwaysWriteExceptions="null", noConsoleNoAnsi="null", Replace=null, Configuration(HiveLog4j2Test), PatternSelector=null, footer="null", pattern="%-5p : %m%n", disableAnsi="null", header="null")
DEBUG StatusLogger Building Plugin[name=appender, class=org.apache.hadoop.hive.ql.log.HushableRandomAccessFileAppender].
DEBUG StatusLogger createAppender(fileName="/home/alex/Repositories/hive/beeline/target/tmp/alex/operation_logs/c3eb620b-9cc3-40ae-ae33-83e049d67ee6/alex_20240424080855_81480f9d-db64-46a7-a225-4fc36393c687", append="null", name="query-file-appender", immediateFlush="null", bufferSize="null", ignoreExceptions="null", PatternLayout(org.apache.logging.log4j.core.layout.PatternLayout with name PatternLayout), NameFilter(org.apache.hadoop.hive.ql.log.LogDivertAppender$NameFilter with name NameFilter), advertise="null", advertiseURI="null", Configuration(HiveLog4j2Test))
DEBUG StatusLogger Starting RandomAccessFileManager /home/alex/Repositories/hive/beeline/target/tmp/alex/operation_logs/c3eb620b-9cc3-40ae-ae33-83e049d67ee6/alex_20240424080855_81480f9d-db64-46a7-a225-4fc36393c687
DEBUG StatusLogger Building Plugin[name=, class=org.apache.hadoop.hive.ql.log.LogDivertAppenderForTest$TestFilter].
DEBUG StatusLogger createFilter()
DEBUG StatusLogger Building Plugin[name=, class=org.apache.logging.log4j.core.layout.PatternLayout].
DEBUG StatusLogger PatternLayout$Builder(pattern="%-5p : %m%n", Replace=null, alwaysWriteExceptions="null", Configuration(HiveLog4j2Test), disableAnsi="null", PatternSelector=null, charset="null", footer="null", noConsoleNoAnsi="null", header="null")
DEBUG StatusLogger Building Plugin[name=appender, class=org.apache.hadoop.hive.ql.log.HushableRandomAccessFileAppender].
DEBUG StatusLogger createAppender(fileName="/home/alex/Repositories/hive/beeline/target/tmp/alex/operation_logs/c3eb620b-9cc3-40ae-ae33-83e049d67ee6/alex_20240424080855_81480f9d-db64-46a7-a225-4fc36393c687.test", append="null", name="test-query-file-appender", immediateFlush="null", bufferSize="null", ignoreExceptions="null", PatternLayout(org.apache.logging.log4j.core.layout.PatternLayout with name PatternLayout), test-filter(org.apache.hadoop.hive.ql.log.LogDivertAppenderForTest$TestFilter with name test-filter), advertise="null", advertiseURI="null", Configuration(HiveLog4j2Test))
DEBUG StatusLogger Starting RandomAccessFileManager /home/alex/Repositories/hive/beeline/target/tmp/alex/operation_logs/c3eb620b-9cc3-40ae-ae33-83e049d67ee6/alex_20240424080855_81480f9d-db64-46a7-a225-4fc36393c687.test
2024-04-24T08:08:55,460  INFO [c3eb620b-9cc3-40ae-ae33-83e049d67ee6 main] operation.HiveCommandOperation: [opType=EXECUTE_STATEMENT, queryId=alex_20240424080855_81480f9d-db64-46a7-a225-4fc36393c687, startTime=1713971335451, sessionId=c3eb620b-9cc3-40ae-ae33-83e049d67ee6, createTime=1713971335224, userName=null, ipAddress=null]
2024-04-24T08:08:55,460  INFO [c3eb620b-9cc3-40ae-ae33-83e049d67ee6 main] common.LogUtils: Unregistered logging context.
2024-04-24T08:08:55,462  INFO [c3eb620b-9cc3-40ae-ae33-83e049d67ee6 main] operation.OperationManager: Closing operation: OperationHandle [opType=EXECUTE_STATEMENT, getHandleIdentifier()=a55bd250-89b8-4c98-af94-d2671fc18e59]
2024-04-24T08:08:55,462  INFO [c3eb620b-9cc3-40ae-ae33-83e049d67ee6 main] operation.OperationManager: Removed queryId: alex_20240424080855_81480f9d-db64-46a7-a225-4fc36393c687 corresponding to operation: OperationHandle [opType=EXECUTE_STATEMENT, getHandleIdentifier()=a55bd250-89b8-4c98-af94-d2671fc18e59] with tag: null
2024-04-24T08:08:55,462  INFO [c3eb620b-9cc3-40ae-ae33-83e049d67ee6 main] operation.HiveCommandOperation: Closing operation log /home/alex/Repositories/hive/beeline/target/tmp/alex/operation_logs/c3eb620b-9cc3-40ae-ae33-83e049d67ee6/alex_20240424080855_81480f9d-db64-46a7-a225-4fc36393c687 without delay
2024-04-24T08:08:55,506  WARN [main] conf.HiveConf: HiveConf of name hive.dummyparam.test.server.specific.config.override does not exist
2024-04-24T08:08:55,507  WARN [main] conf.HiveConf: HiveConf of name hive.dummyparam.test.server.specific.config.hiveserver2site does not exist
2024-04-24T08:08:55,507  WARN [main] conf.HiveConf: HiveConf of name hive.dummyparam.test.server.specific.config.metastoresite does not exist
2024-04-24T08:08:55,507  INFO [c3eb620b-9cc3-40ae-ae33-83e049d67ee6 main] session.HiveSessionImpl: executing set
2024-04-24T08:08:55,508  INFO [c3eb620b-9cc3-40ae-ae33-83e049d67ee6 main] operation.HiveCommandOperation: Putting temp output to file /home/alex/Repositories/hive/beeline/target/tmp/alex/c3eb620b-9cc3-40ae-ae33-83e049d67ee62053450872917651752.pipeout and error output to file /home/alex/Repositories/hive/beeline/target/tmp/alex/c3eb620b-9cc3-40ae-ae33-83e049d67ee65960459874633006555.pipeout
2024-04-24T08:08:55,508  INFO [c3eb620b-9cc3-40ae-ae33-83e049d67ee6 main] operation.OperationManager: Adding operation: OperationHandle [opType=EXECUTE_STATEMENT, getHandleIdentifier()=84b928bb-bb1f-430b-8b80-5f79f364456f] SessionHandle [c3eb620b-9cc3-40ae-ae33-83e049d67ee6]
2024-04-24T08:08:55,508  INFO [c3eb620b-9cc3-40ae-ae33-83e049d67ee6 main] common.LogUtils: Thread context registration is done.
DEBUG StatusLogger Building Plugin[name=filter, class=org.apache.hadoop.hive.ql.log.LogDivertAppender$NameFilter].
DEBUG StatusLogger createFilter(loggingLevel="EXECUTION")
DEBUG StatusLogger Building Plugin[name=layout, class=org.apache.logging.log4j.core.layout.PatternLayout].
DEBUG StatusLogger PatternLayout$Builder(Configuration(HiveLog4j2Test), header="null", PatternSelector=null, pattern="%-5p : %m%n", noConsoleNoAnsi="null", footer="null", disableAnsi="null", alwaysWriteExceptions="null", Replace=null, charset="null")
DEBUG StatusLogger Building Plugin[name=appender, class=org.apache.hadoop.hive.ql.log.HushableRandomAccessFileAppender].
DEBUG StatusLogger createAppender(fileName="/home/alex/Repositories/hive/beeline/target/tmp/alex/operation_logs/c3eb620b-9cc3-40ae-ae33-83e049d67ee6/alex_20240424080855_0ac4be4f-f41f-4e06-994c-f76bbd733535", append="null", name="query-file-appender", immediateFlush="null", bufferSize="null", ignoreExceptions="null", PatternLayout(org.apache.logging.log4j.core.layout.PatternLayout with name PatternLayout), NameFilter(org.apache.hadoop.hive.ql.log.LogDivertAppender$NameFilter with name NameFilter), advertise="null", advertiseURI="null", Configuration(HiveLog4j2Test))
DEBUG StatusLogger Starting RandomAccessFileManager /home/alex/Repositories/hive/beeline/target/tmp/alex/operation_logs/c3eb620b-9cc3-40ae-ae33-83e049d67ee6/alex_20240424080855_0ac4be4f-f41f-4e06-994c-f76bbd733535
DEBUG StatusLogger Building Plugin[name=, class=org.apache.hadoop.hive.ql.log.LogDivertAppenderForTest$TestFilter].
DEBUG StatusLogger createFilter()
DEBUG StatusLogger Building Plugin[name=, class=org.apache.logging.log4j.core.layout.PatternLayout].
DEBUG StatusLogger PatternLayout$Builder(alwaysWriteExceptions="null", footer="null", header="null", Configuration(HiveLog4j2Test), PatternSelector=null, pattern="%-5p : %m%n", Replace=null, disableAnsi="null", charset="null", noConsoleNoAnsi="null")
DEBUG StatusLogger Building Plugin[name=appender, class=org.apache.hadoop.hive.ql.log.HushableRandomAccessFileAppender].
DEBUG StatusLogger createAppender(fileName="/home/alex/Repositories/hive/beeline/target/tmp/alex/operation_logs/c3eb620b-9cc3-40ae-ae33-83e049d67ee6/alex_20240424080855_0ac4be4f-f41f-4e06-994c-f76bbd733535.test", append="null", name="test-query-file-appender", immediateFlush="null", bufferSize="null", ignoreExceptions="null", PatternLayout(org.apache.logging.log4j.core.layout.PatternLayout with name PatternLayout), test-filter(org.apache.hadoop.hive.ql.log.LogDivertAppenderForTest$TestFilter with name test-filter), advertise="null", advertiseURI="null", Configuration(HiveLog4j2Test))
DEBUG StatusLogger Starting RandomAccessFileManager /home/alex/Repositories/hive/beeline/target/tmp/alex/operation_logs/c3eb620b-9cc3-40ae-ae33-83e049d67ee6/alex_20240424080855_0ac4be4f-f41f-4e06-994c-f76bbd733535.test
2024-04-24T08:08:55,516  INFO [c3eb620b-9cc3-40ae-ae33-83e049d67ee6 main] operation.HiveCommandOperation: [opType=EXECUTE_STATEMENT, queryId=alex_20240424080855_0ac4be4f-f41f-4e06-994c-f76bbd733535, startTime=1713971335507, sessionId=c3eb620b-9cc3-40ae-ae33-83e049d67ee6, createTime=1713971335224, userName=null, ipAddress=null]
2024-04-24T08:08:55,615  INFO [c3eb620b-9cc3-40ae-ae33-83e049d67ee6 main] common.LogUtils: Unregistered logging context.
2024-04-24T08:08:55,617  INFO [c3eb620b-9cc3-40ae-ae33-83e049d67ee6 main] operation.OperationManager: Closing operation: OperationHandle [opType=EXECUTE_STATEMENT, getHandleIdentifier()=84b928bb-bb1f-430b-8b80-5f79f364456f]
2024-04-24T08:08:55,617  INFO [c3eb620b-9cc3-40ae-ae33-83e049d67ee6 main] operation.OperationManager: Removed queryId: alex_20240424080855_0ac4be4f-f41f-4e06-994c-f76bbd733535 corresponding to operation: OperationHandle [opType=EXECUTE_STATEMENT, getHandleIdentifier()=84b928bb-bb1f-430b-8b80-5f79f364456f] with tag: null
2024-04-24T08:08:55,618  INFO [c3eb620b-9cc3-40ae-ae33-83e049d67ee6 main] operation.HiveCommandOperation: Closing operation log /home/alex/Repositories/hive/beeline/target/tmp/alex/operation_logs/c3eb620b-9cc3-40ae-ae33-83e049d67ee6/alex_20240424080855_0ac4be4f-f41f-4e06-994c-f76bbd733535 without delay
2024-04-24T08:08:55,666  WARN [main] conf.HiveConf: HiveConf of name hive.dummyparam.test.server.specific.config.override does not exist
2024-04-24T08:08:55,666  WARN [main] conf.HiveConf: HiveConf of name hive.dummyparam.test.server.specific.config.metastoresite does not exist
2024-04-24T08:08:55,667  WARN [main] conf.HiveConf: HiveConf of name hive.dummyparam.test.server.specific.config.hiveserver2site does not exist
2024-04-24T08:08:55,667  INFO [c3eb620b-9cc3-40ae-ae33-83e049d67ee6 main] session.HiveSessionImpl: executing set
2024-04-24T08:08:55,668  INFO [c3eb620b-9cc3-40ae-ae33-83e049d67ee6 main] operation.HiveCommandOperation: Putting temp output to file /home/alex/Repositories/hive/beeline/target/tmp/alex/c3eb620b-9cc3-40ae-ae33-83e049d67ee62053450872917651752.pipeout and error output to file /home/alex/Repositories/hive/beeline/target/tmp/alex/c3eb620b-9cc3-40ae-ae33-83e049d67ee65960459874633006555.pipeout
2024-04-24T08:08:55,668  INFO [c3eb620b-9cc3-40ae-ae33-83e049d67ee6 main] operation.OperationManager: Adding operation: OperationHandle [opType=EXECUTE_STATEMENT, getHandleIdentifier()=cd0f2298-ca1c-451c-a82e-fe7e374c4a83] SessionHandle [c3eb620b-9cc3-40ae-ae33-83e049d67ee6]
2024-04-24T08:08:55,668  INFO [c3eb620b-9cc3-40ae-ae33-83e049d67ee6 main] common.LogUtils: Thread context registration is done.
DEBUG StatusLogger Building Plugin[name=filter, class=org.apache.hadoop.hive.ql.log.LogDivertAppender$NameFilter].
DEBUG StatusLogger createFilter(loggingLevel="EXECUTION")
DEBUG StatusLogger Building Plugin[name=layout, class=org.apache.logging.log4j.core.layout.PatternLayout].
DEBUG StatusLogger PatternLayout$Builder(footer="null", disableAnsi="null", noConsoleNoAnsi="null", charset="null", alwaysWriteExceptions="null", pattern="%-5p : %m%n", header="null", PatternSelector=null, Replace=null, Configuration(HiveLog4j2Test))
DEBUG StatusLogger Building Plugin[name=appender, class=org.apache.hadoop.hive.ql.log.HushableRandomAccessFileAppender].
DEBUG StatusLogger createAppender(fileName="/home/alex/Repositories/hive/beeline/target/tmp/alex/operation_logs/c3eb620b-9cc3-40ae-ae33-83e049d67ee6/alex_20240424080855_3b40c92e-f021-4d7c-a69e-48bc19ad67ae", append="null", name="query-file-appender", immediateFlush="null", bufferSize="null", ignoreExceptions="null", PatternLayout(org.apache.logging.log4j.core.layout.PatternLayout with name PatternLayout), NameFilter(org.apache.hadoop.hive.ql.log.LogDivertAppender$NameFilter with name NameFilter), advertise="null", advertiseURI="null", Configuration(HiveLog4j2Test))
DEBUG StatusLogger Starting RandomAccessFileManager /home/alex/Repositories/hive/beeline/target/tmp/alex/operation_logs/c3eb620b-9cc3-40ae-ae33-83e049d67ee6/alex_20240424080855_3b40c92e-f021-4d7c-a69e-48bc19ad67ae
DEBUG StatusLogger Building Plugin[name=, class=org.apache.hadoop.hive.ql.log.LogDivertAppenderForTest$TestFilter].
DEBUG StatusLogger createFilter()
DEBUG StatusLogger Building Plugin[name=, class=org.apache.logging.log4j.core.layout.PatternLayout].
DEBUG StatusLogger PatternLayout$Builder(Replace=null, header="null", noConsoleNoAnsi="null", footer="null", pattern="%-5p : %m%n", alwaysWriteExceptions="null", Configuration(HiveLog4j2Test), PatternSelector=null, disableAnsi="null", charset="null")
DEBUG StatusLogger Building Plugin[name=appender, class=org.apache.hadoop.hive.ql.log.HushableRandomAccessFileAppender].
DEBUG StatusLogger createAppender(fileName="/home/alex/Repositories/hive/beeline/target/tmp/alex/operation_logs/c3eb620b-9cc3-40ae-ae33-83e049d67ee6/alex_20240424080855_3b40c92e-f021-4d7c-a69e-48bc19ad67ae.test", append="null", name="test-query-file-appender", immediateFlush="null", bufferSize="null", ignoreExceptions="null", PatternLayout(org.apache.logging.log4j.core.layout.PatternLayout with name PatternLayout), test-filter(org.apache.hadoop.hive.ql.log.LogDivertAppenderForTest$TestFilter with name test-filter), advertise="null", advertiseURI="null", Configuration(HiveLog4j2Test))
DEBUG StatusLogger Starting RandomAccessFileManager /home/alex/Repositories/hive/beeline/target/tmp/alex/operation_logs/c3eb620b-9cc3-40ae-ae33-83e049d67ee6/alex_20240424080855_3b40c92e-f021-4d7c-a69e-48bc19ad67ae.test
2024-04-24T08:08:55,676  INFO [c3eb620b-9cc3-40ae-ae33-83e049d67ee6 main] operation.HiveCommandOperation: [opType=EXECUTE_STATEMENT, queryId=alex_20240424080855_3b40c92e-f021-4d7c-a69e-48bc19ad67ae, startTime=1713971335667, sessionId=c3eb620b-9cc3-40ae-ae33-83e049d67ee6, createTime=1713971335224, userName=null, ipAddress=null]
2024-04-24T08:08:55,775  INFO [c3eb620b-9cc3-40ae-ae33-83e049d67ee6 main] common.LogUtils: Unregistered logging context.
2024-04-24T08:08:55,777  INFO [c3eb620b-9cc3-40ae-ae33-83e049d67ee6 main] operation.OperationManager: Closing operation: OperationHandle [opType=EXECUTE_STATEMENT, getHandleIdentifier()=cd0f2298-ca1c-451c-a82e-fe7e374c4a83]
2024-04-24T08:08:55,777  INFO [c3eb620b-9cc3-40ae-ae33-83e049d67ee6 main] operation.OperationManager: Removed queryId: alex_20240424080855_3b40c92e-f021-4d7c-a69e-48bc19ad67ae corresponding to operation: OperationHandle [opType=EXECUTE_STATEMENT, getHandleIdentifier()=cd0f2298-ca1c-451c-a82e-fe7e374c4a83] with tag: null
2024-04-24T08:08:55,777  INFO [c3eb620b-9cc3-40ae-ae33-83e049d67ee6 main] operation.HiveCommandOperation: Closing operation log /home/alex/Repositories/hive/beeline/target/tmp/alex/operation_logs/c3eb620b-9cc3-40ae-ae33-83e049d67ee6/alex_20240424080855_3b40c92e-f021-4d7c-a69e-48bc19ad67ae without delay
2024-04-24T08:08:55,779  INFO [c3eb620b-9cc3-40ae-ae33-83e049d67ee6 main] session.HiveSessionImpl: executing create table if not exists test.testSrcTbl2(sc2 string)
2024-04-24T08:08:55,780  INFO [c3eb620b-9cc3-40ae-ae33-83e049d67ee6 main] operation.OperationManager: Adding operation: OperationHandle [opType=EXECUTE_STATEMENT, getHandleIdentifier()=469bd2cd-1e71-49dd-af9b-690807a38c35] SessionHandle [c3eb620b-9cc3-40ae-ae33-83e049d67ee6]
2024-04-24T08:08:55,780  INFO [c3eb620b-9cc3-40ae-ae33-83e049d67ee6 main] common.LogUtils: Thread context registration is done.
DEBUG StatusLogger Building Plugin[name=filter, class=org.apache.hadoop.hive.ql.log.LogDivertAppender$NameFilter].
DEBUG StatusLogger createFilter(loggingLevel="EXECUTION")
DEBUG StatusLogger Building Plugin[name=layout, class=org.apache.logging.log4j.core.layout.PatternLayout].
DEBUG StatusLogger PatternLayout$Builder(noConsoleNoAnsi="null", pattern="%-5p : %m%n", disableAnsi="null", Configuration(HiveLog4j2Test), alwaysWriteExceptions="null", footer="null", charset="null", header="null", Replace=null, PatternSelector=null)
DEBUG StatusLogger Building Plugin[name=appender, class=org.apache.hadoop.hive.ql.log.HushableRandomAccessFileAppender].
DEBUG StatusLogger createAppender(fileName="/home/alex/Repositories/hive/beeline/target/tmp/alex/operation_logs/c3eb620b-9cc3-40ae-ae33-83e049d67ee6/alex_20240424080855_6053493c-e588-4051-aa03-f4ec86731611", append="null", name="query-file-appender", immediateFlush="null", bufferSize="null", ignoreExceptions="null", PatternLayout(org.apache.logging.log4j.core.layout.PatternLayout with name PatternLayout), NameFilter(org.apache.hadoop.hive.ql.log.LogDivertAppender$NameFilter with name NameFilter), advertise="null", advertiseURI="null", Configuration(HiveLog4j2Test))
DEBUG StatusLogger Starting RandomAccessFileManager /home/alex/Repositories/hive/beeline/target/tmp/alex/operation_logs/c3eb620b-9cc3-40ae-ae33-83e049d67ee6/alex_20240424080855_6053493c-e588-4051-aa03-f4ec86731611
DEBUG StatusLogger Building Plugin[name=, class=org.apache.hadoop.hive.ql.log.LogDivertAppenderForTest$TestFilter].
DEBUG StatusLogger createFilter()
DEBUG StatusLogger Building Plugin[name=, class=org.apache.logging.log4j.core.layout.PatternLayout].
DEBUG StatusLogger PatternLayout$Builder(disableAnsi="null", charset="null", PatternSelector=null, header="null", Configuration(HiveLog4j2Test), Replace=null, noConsoleNoAnsi="null", alwaysWriteExceptions="null", pattern="%-5p : %m%n", footer="null")
DEBUG StatusLogger Building Plugin[name=appender, class=org.apache.hadoop.hive.ql.log.HushableRandomAccessFileAppender].
DEBUG StatusLogger createAppender(fileName="/home/alex/Repositories/hive/beeline/target/tmp/alex/operation_logs/c3eb620b-9cc3-40ae-ae33-83e049d67ee6/alex_20240424080855_6053493c-e588-4051-aa03-f4ec86731611.test", append="null", name="test-query-file-appender", immediateFlush="null", bufferSize="null", ignoreExceptions="null", PatternLayout(org.apache.logging.log4j.core.layout.PatternLayout with name PatternLayout), test-filter(org.apache.hadoop.hive.ql.log.LogDivertAppenderForTest$TestFilter with name test-filter), advertise="null", advertiseURI="null", Configuration(HiveLog4j2Test))
DEBUG StatusLogger Starting RandomAccessFileManager /home/alex/Repositories/hive/beeline/target/tmp/alex/operation_logs/c3eb620b-9cc3-40ae-ae33-83e049d67ee6/alex_20240424080855_6053493c-e588-4051-aa03-f4ec86731611.test
2024-04-24T08:08:55,787  INFO [c3eb620b-9cc3-40ae-ae33-83e049d67ee6 main] operation.SQLOperation: [opType=EXECUTE_STATEMENT, queryId=alex_20240424080855_6053493c-e588-4051-aa03-f4ec86731611, startTime=1713971335779, sessionId=c3eb620b-9cc3-40ae-ae33-83e049d67ee6, createTime=1713971335224, userName=null, ipAddress=null]
2024-04-24T08:08:55,788  INFO [c3eb620b-9cc3-40ae-ae33-83e049d67ee6 main] ql.Driver: Compiling command(queryId=alex_20240424080855_6053493c-e588-4051-aa03-f4ec86731611): create table if not exists test.testSrcTbl2(sc2 string)
2024-04-24T08:08:55,789  INFO [c3eb620b-9cc3-40ae-ae33-83e049d67ee6 main] parse.CalcitePlanner: Starting caching scope for: alex_20240424080855_6053493c-e588-4051-aa03-f4ec86731611
2024-04-24T08:08:55,789  INFO [c3eb620b-9cc3-40ae-ae33-83e049d67ee6 main] parse.CalcitePlanner: Starting Semantic Analysis
2024-04-24T08:08:55,789  INFO [c3eb620b-9cc3-40ae-ae33-83e049d67ee6 main] sqlstd.SQLStdHiveAccessController: Created SQLStdHiveAccessController for session context : HiveAuthzSessionContext [sessionString=c3eb620b-9cc3-40ae-ae33-83e049d67ee6, clientType=HIVESERVER2]
2024-04-24T08:08:55,790  INFO [c3eb620b-9cc3-40ae-ae33-83e049d67ee6 main] parse.CalcitePlanner: Creating table test.testSrcTbl2 position=27
2024-04-24T08:08:55,790  INFO [c3eb620b-9cc3-40ae-ae33-83e049d67ee6 main] HiveMetaStore.audit: ugi=alex	ip=unknown-ip-addr	cmd=get_table : tbl=hive.test.testSrcTbl2	
2024-04-24T08:08:55,805  INFO [c3eb620b-9cc3-40ae-ae33-83e049d67ee6 main] parse.CalcitePlanner: Ending caching scope for: alex_20240424080855_6053493c-e588-4051-aa03-f4ec86731611
2024-04-24T08:08:55,806  INFO [c3eb620b-9cc3-40ae-ae33-83e049d67ee6 main] ql.Driver: Semantic Analysis Completed (retrial = false)
2024-04-24T08:08:55,806  INFO [c3eb620b-9cc3-40ae-ae33-83e049d67ee6 main] ql.Driver: Created Hive schema: Schema(fieldSchemas:null, properties:null)
2024-04-24T08:08:55,806  INFO [c3eb620b-9cc3-40ae-ae33-83e049d67ee6 main] metadata.Hive: Dumping metastore api call timing information for : compilation phase
2024-04-24T08:08:55,806  INFO [c3eb620b-9cc3-40ae-ae33-83e049d67ee6 main] metadata.Hive: Total time spent in each metastore function (ms): {getTable_(GetTableRequest)=15, flushCache_()=0, isCompatibleWith_(Configuration)=0}
2024-04-24T08:08:55,806  INFO [c3eb620b-9cc3-40ae-ae33-83e049d67ee6 main] ql.Driver: Completed compiling command(queryId=alex_20240424080855_6053493c-e588-4051-aa03-f4ec86731611); Time taken: 0.018 seconds
2024-04-24T08:08:55,807  INFO [HiveServer2-Background-Pool: Thread-634] common.LogUtils: Thread context registration is done.
2024-04-24T08:08:55,807  INFO [c3eb620b-9cc3-40ae-ae33-83e049d67ee6 main] common.LogUtils: Unregistered logging context.
2024-04-24T08:08:55,807  INFO [HiveServer2-Background-Pool: Thread-634] reexec.ReExecDriver: Execution #1 of query
2024-04-24T08:08:55,808  INFO [HiveServer2-Background-Pool: Thread-634] ql.Driver: Concurrency mode is disabled, not creating a lock manager
2024-04-24T08:08:55,809  INFO [HiveServer2-Background-Pool: Thread-634] ql.Driver: Executing command(queryId=alex_20240424080855_6053493c-e588-4051-aa03-f4ec86731611): create table if not exists test.testSrcTbl2(sc2 string)
2024-04-24T08:08:55,810  INFO [HiveServer2-Background-Pool: Thread-634] metadata.Hive: Dumping metastore api call timing information for : execution phase
2024-04-24T08:08:55,810  INFO [HiveServer2-Background-Pool: Thread-634] metadata.Hive: Total time spent in each metastore function (ms): {}
2024-04-24T08:08:55,810  INFO [HiveServer2-Background-Pool: Thread-634] ql.Driver: Completed executing command(queryId=alex_20240424080855_6053493c-e588-4051-aa03-f4ec86731611); Time taken: 0.001 seconds
2024-04-24T08:08:55,811  INFO [HiveServer2-Background-Pool: Thread-634] common.LogUtils: Unregistered logging context.
2024-04-24T08:08:55,812  INFO [c3eb620b-9cc3-40ae-ae33-83e049d67ee6 main] operation.OperationManager: Closing operation: OperationHandle [opType=EXECUTE_STATEMENT, getHandleIdentifier()=469bd2cd-1e71-49dd-af9b-690807a38c35]
2024-04-24T08:08:55,812  INFO [c3eb620b-9cc3-40ae-ae33-83e049d67ee6 main] operation.OperationManager: Removed queryId: alex_20240424080855_6053493c-e588-4051-aa03-f4ec86731611 corresponding to operation: OperationHandle [opType=EXECUTE_STATEMENT, getHandleIdentifier()=469bd2cd-1e71-49dd-af9b-690807a38c35] with tag: null
2024-04-24T08:08:55,812  INFO [c3eb620b-9cc3-40ae-ae33-83e049d67ee6 main] operation.SQLOperation: Closing operation log /home/alex/Repositories/hive/beeline/target/tmp/alex/operation_logs/c3eb620b-9cc3-40ae-ae33-83e049d67ee6/alex_20240424080855_6053493c-e588-4051-aa03-f4ec86731611 without delay
2024-04-24T08:08:55,817  INFO [c3eb620b-9cc3-40ae-ae33-83e049d67ee6 main] session.HiveSessionImpl: executing desc testSrcTbl2
2024-04-24T08:08:55,818  INFO [c3eb620b-9cc3-40ae-ae33-83e049d67ee6 main] operation.OperationManager: Adding operation: OperationHandle [opType=EXECUTE_STATEMENT, getHandleIdentifier()=26045fe3-5998-4d38-bd38-0ed4a3858263] SessionHandle [c3eb620b-9cc3-40ae-ae33-83e049d67ee6]
2024-04-24T08:08:55,818  INFO [c3eb620b-9cc3-40ae-ae33-83e049d67ee6 main] common.LogUtils: Thread context registration is done.
DEBUG StatusLogger Building Plugin[name=filter, class=org.apache.hadoop.hive.ql.log.LogDivertAppender$NameFilter].
DEBUG StatusLogger createFilter(loggingLevel="EXECUTION")
DEBUG StatusLogger Building Plugin[name=layout, class=org.apache.logging.log4j.core.layout.PatternLayout].
DEBUG StatusLogger PatternLayout$Builder(footer="null", disableAnsi="null", pattern="%-5p : %m%n", Configuration(HiveLog4j2Test), header="null", Replace=null, PatternSelector=null, charset="null", noConsoleNoAnsi="null", alwaysWriteExceptions="null")
DEBUG StatusLogger Building Plugin[name=appender, class=org.apache.hadoop.hive.ql.log.HushableRandomAccessFileAppender].
DEBUG StatusLogger createAppender(fileName="/home/alex/Repositories/hive/beeline/target/tmp/alex/operation_logs/c3eb620b-9cc3-40ae-ae33-83e049d67ee6/alex_20240424080855_c7132f99-4579-4766-b3dd-4ae2c8998ddc", append="null", name="query-file-appender", immediateFlush="null", bufferSize="null", ignoreExceptions="null", PatternLayout(org.apache.logging.log4j.core.layout.PatternLayout with name PatternLayout), NameFilter(org.apache.hadoop.hive.ql.log.LogDivertAppender$NameFilter with name NameFilter), advertise="null", advertiseURI="null", Configuration(HiveLog4j2Test))
DEBUG StatusLogger Starting RandomAccessFileManager /home/alex/Repositories/hive/beeline/target/tmp/alex/operation_logs/c3eb620b-9cc3-40ae-ae33-83e049d67ee6/alex_20240424080855_c7132f99-4579-4766-b3dd-4ae2c8998ddc
DEBUG StatusLogger Building Plugin[name=, class=org.apache.hadoop.hive.ql.log.LogDivertAppenderForTest$TestFilter].
DEBUG StatusLogger createFilter()
DEBUG StatusLogger Building Plugin[name=, class=org.apache.logging.log4j.core.layout.PatternLayout].
DEBUG StatusLogger PatternLayout$Builder(alwaysWriteExceptions="null", Configuration(HiveLog4j2Test), Replace=null, noConsoleNoAnsi="null", charset="null", PatternSelector=null, footer="null", pattern="%-5p : %m%n", disableAnsi="null", header="null")
DEBUG StatusLogger Building Plugin[name=appender, class=org.apache.hadoop.hive.ql.log.HushableRandomAccessFileAppender].
DEBUG StatusLogger createAppender(fileName="/home/alex/Repositories/hive/beeline/target/tmp/alex/operation_logs/c3eb620b-9cc3-40ae-ae33-83e049d67ee6/alex_20240424080855_c7132f99-4579-4766-b3dd-4ae2c8998ddc.test", append="null", name="test-query-file-appender", immediateFlush="null", bufferSize="null", ignoreExceptions="null", PatternLayout(org.apache.logging.log4j.core.layout.PatternLayout with name PatternLayout), test-filter(org.apache.hadoop.hive.ql.log.LogDivertAppenderForTest$TestFilter with name test-filter), advertise="null", advertiseURI="null", Configuration(HiveLog4j2Test))
DEBUG StatusLogger Starting RandomAccessFileManager /home/alex/Repositories/hive/beeline/target/tmp/alex/operation_logs/c3eb620b-9cc3-40ae-ae33-83e049d67ee6/alex_20240424080855_c7132f99-4579-4766-b3dd-4ae2c8998ddc.test
2024-04-24T08:08:55,825  INFO [c3eb620b-9cc3-40ae-ae33-83e049d67ee6 main] operation.SQLOperation: [opType=EXECUTE_STATEMENT, queryId=alex_20240424080855_c7132f99-4579-4766-b3dd-4ae2c8998ddc, startTime=1713971335817, sessionId=c3eb620b-9cc3-40ae-ae33-83e049d67ee6, createTime=1713971335224, userName=null, ipAddress=null]
2024-04-24T08:08:55,826  INFO [c3eb620b-9cc3-40ae-ae33-83e049d67ee6 main] ql.Driver: Compiling command(queryId=alex_20240424080855_c7132f99-4579-4766-b3dd-4ae2c8998ddc): desc testSrcTbl2
2024-04-24T08:08:55,830  INFO [c3eb620b-9cc3-40ae-ae33-83e049d67ee6 main] HiveMetaStore.audit: ugi=alex	ip=unknown-ip-addr	cmd=get_database: test	
2024-04-24T08:08:55,833  INFO [c3eb620b-9cc3-40ae-ae33-83e049d67ee6 main] HiveMetaStore.audit: ugi=alex	ip=unknown-ip-addr	cmd=get_table : tbl=hive.test.testSrcTbl2	
2024-04-24T08:08:55,852  INFO [c3eb620b-9cc3-40ae-ae33-83e049d67ee6 main] ql.Driver: Semantic Analysis Completed (retrial = false)
2024-04-24T08:08:55,853  INFO [c3eb620b-9cc3-40ae-ae33-83e049d67ee6 main] ql.Driver: Created Hive schema: Schema(fieldSchemas:[FieldSchema(name:col_name, type:string, comment:from deserializer), FieldSchema(name:data_type, type:string, comment:from deserializer), FieldSchema(name:comment, type:string, comment:from deserializer)], properties:null)
2024-04-24T08:08:55,854  INFO [c3eb620b-9cc3-40ae-ae33-83e049d67ee6 main] exec.ListSinkOperator: Initializing Operator: LIST_SINK[0]
2024-04-24T08:08:55,854  INFO [c3eb620b-9cc3-40ae-ae33-83e049d67ee6 main] metadata.Hive: Dumping metastore api call timing information for : compilation phase
2024-04-24T08:08:55,855  INFO [c3eb620b-9cc3-40ae-ae33-83e049d67ee6 main] metadata.Hive: Total time spent in each metastore function (ms): {isCompatibleWith_(Configuration)=0, getDatabase_(String)=3, getTable_(GetTableRequest)=19, flushCache_()=0}
2024-04-24T08:08:55,855  INFO [c3eb620b-9cc3-40ae-ae33-83e049d67ee6 main] ql.Driver: Completed compiling command(queryId=alex_20240424080855_c7132f99-4579-4766-b3dd-4ae2c8998ddc); Time taken: 0.028 seconds
2024-04-24T08:08:55,856  INFO [HiveServer2-Background-Pool: Thread-637] common.LogUtils: Thread context registration is done.
2024-04-24T08:08:55,856  INFO [HiveServer2-Background-Pool: Thread-637] reexec.ReExecDriver: Execution #1 of query
2024-04-24T08:08:55,856  INFO [c3eb620b-9cc3-40ae-ae33-83e049d67ee6 main] common.LogUtils: Unregistered logging context.
2024-04-24T08:08:55,857  INFO [HiveServer2-Background-Pool: Thread-637] ql.Driver: Concurrency mode is disabled, not creating a lock manager
2024-04-24T08:08:55,857  INFO [HiveServer2-Background-Pool: Thread-637] ql.Driver: Executing command(queryId=alex_20240424080855_c7132f99-4579-4766-b3dd-4ae2c8998ddc): desc testSrcTbl2
2024-04-24T08:08:55,858  INFO [HiveServer2-Background-Pool: Thread-637] ql.Driver: Starting task [Stage-0:DDL] in serial mode
2024-04-24T08:08:55,860  INFO [HiveServer2-Background-Pool: Thread-637] HiveMetaStore.audit: ugi=alex	ip=unknown-ip-addr	cmd=get_table : tbl=hive.test.testSrcTbl2	
2024-04-24T08:08:55,861  INFO [HiveServer2-Background-Pool: Thread-637] metastore.HMSHandler: 27: Opening raw store with implementation class:org.apache.hadoop.hive.metastore.ObjectStore
2024-04-24T08:08:55,861  INFO [HiveServer2-Background-Pool: Thread-637] metastore.ObjectStore: RawStore: org.apache.hadoop.hive.metastore.ObjectStore@73d63da, with PersistenceManager: null will be shutdown
2024-04-24T08:08:55,862  INFO [HiveServer2-Background-Pool: Thread-637] metastore.ObjectStore: RawStore: org.apache.hadoop.hive.metastore.ObjectStore@73d63da, with PersistenceManager: org.datanucleus.api.jdo.JDOPersistenceManager@423fed59 created in the thread with id: 637
2024-04-24T08:08:55,864  INFO [HiveServer2-Background-Pool: Thread-637] metastore.HMSHandler: Created RawStore: org.apache.hadoop.hive.metastore.ObjectStore@73d63da from thread id: 637
2024-04-24T08:08:55,900  INFO [HiveServer2-Background-Pool: Thread-637] metadata.Hive: Dumping metastore api call timing information for : execution phase
2024-04-24T08:08:55,900  INFO [HiveServer2-Background-Pool: Thread-637] metadata.Hive: Total time spent in each metastore function (ms): {getTable_(GetTableRequest)=27, isCompatibleWith_(Configuration)=0}
2024-04-24T08:08:55,900  INFO [HiveServer2-Background-Pool: Thread-637] ql.Driver: Completed executing command(queryId=alex_20240424080855_c7132f99-4579-4766-b3dd-4ae2c8998ddc); Time taken: 0.043 seconds
2024-04-24T08:08:55,901  INFO [HiveServer2-Background-Pool: Thread-637] common.LogUtils: Unregistered logging context.
2024-04-24T08:08:55,903  INFO [c3eb620b-9cc3-40ae-ae33-83e049d67ee6 main] operation.OperationManager: Closing operation: OperationHandle [opType=EXECUTE_STATEMENT, getHandleIdentifier()=26045fe3-5998-4d38-bd38-0ed4a3858263]
2024-04-24T08:08:55,903  INFO [c3eb620b-9cc3-40ae-ae33-83e049d67ee6 main] operation.OperationManager: Removed queryId: alex_20240424080855_c7132f99-4579-4766-b3dd-4ae2c8998ddc corresponding to operation: OperationHandle [opType=EXECUTE_STATEMENT, getHandleIdentifier()=26045fe3-5998-4d38-bd38-0ed4a3858263] with tag: null
2024-04-24T08:08:55,903  INFO [c3eb620b-9cc3-40ae-ae33-83e049d67ee6 main] ql.Context: Deleting scratch dir: file:/home/alex/Repositories/hive/beeline/target/tmp/alex/c3eb620b-9cc3-40ae-ae33-83e049d67ee6/hive_2024-04-24_08-08-55_826_406545543204069895-1
2024-04-24T08:08:55,903  INFO [c3eb620b-9cc3-40ae-ae33-83e049d67ee6 main] cleanup.EventualCleanupService: Delete file:/home/alex/Repositories/hive/beeline/target/tmp/alex/c3eb620b-9cc3-40ae-ae33-83e049d67ee6/hive_2024-04-24_08-08-55_826_406545543204069895-1 operation was queued
2024-04-24T08:08:55,903  INFO [c3eb620b-9cc3-40ae-ae33-83e049d67ee6 main] exec.ListSinkOperator: Closing Operator: LIST_SINK[0]
2024-04-24T08:08:55,903  INFO [c3eb620b-9cc3-40ae-ae33-83e049d67ee6 main] exec.ListSinkOperator: RECORDS_OUT_OPERATOR_LIST_SINK_0:0, RECORDS_OUT_INTERMEDIATE:0, 
2024-04-24T08:08:55,903  INFO [EventualCleanupService thread 0] cleanup.EventualCleanupService: Deleted file:/home/alex/Repositories/hive/beeline/target/tmp/alex/c3eb620b-9cc3-40ae-ae33-83e049d67ee6/hive_2024-04-24_08-08-55_826_406545543204069895-1
2024-04-24T08:08:55,903  INFO [c3eb620b-9cc3-40ae-ae33-83e049d67ee6 main] operation.SQLOperation: Closing operation log /home/alex/Repositories/hive/beeline/target/tmp/alex/operation_logs/c3eb620b-9cc3-40ae-ae33-83e049d67ee6/alex_20240424080855_c7132f99-4579-4766-b3dd-4ae2c8998ddc without delay
2024-04-24T08:08:55,907  INFO [main] service.CompositeService: Session closed, SessionHandle [c3eb620b-9cc3-40ae-ae33-83e049d67ee6], current sessions:0
2024-04-24T08:08:55,908  INFO [c3eb620b-9cc3-40ae-ae33-83e049d67ee6 main] session.HiveSessionImpl: Operation log session directory is deleted: /home/alex/Repositories/hive/beeline/target/tmp/alex/operation_logs/c3eb620b-9cc3-40ae-ae33-83e049d67ee6
2024-04-24T08:08:55,908  INFO [main] cleanup.EventualCleanupService: Delete /tmp/hive/alex/c3eb620b-9cc3-40ae-ae33-83e049d67ee6 operation was queued
2024-04-24T08:08:55,908  INFO [main] cleanup.EventualCleanupService: Delete /home/alex/Repositories/hive/beeline/target/tmp/alex/c3eb620b-9cc3-40ae-ae33-83e049d67ee6 operation was queued
2024-04-24T08:08:55,908  INFO [EventualCleanupService thread 2] cleanup.EventualCleanupService: Deleted /home/alex/Repositories/hive/beeline/target/tmp/alex/c3eb620b-9cc3-40ae-ae33-83e049d67ee6
2024-04-24T08:08:55,908  INFO [EventualCleanupService thread 1] cleanup.EventualCleanupService: Deleted /tmp/hive/alex/c3eb620b-9cc3-40ae-ae33-83e049d67ee6
2024-04-24T08:08:55,909  INFO [main] HiveMetaStore.audit: ugi=alex	ip=unknown-ip-addr	cmd=Cleaning up thread local RawStore...	
2024-04-24T08:08:55,909  INFO [main] metastore.ObjectStore: RawStore: org.apache.hadoop.hive.metastore.ObjectStore@4d0b7fd5, with PersistenceManager: org.datanucleus.api.jdo.JDOPersistenceManager@1ce2029b will be shutdown
2024-04-24T08:08:55,910  INFO [main] HiveMetaStore.audit: ugi=alex	ip=unknown-ip-addr	cmd=Done cleaning up thread local RawStore	
2024-04-24T08:08:55,910  INFO [main] metastore.HiveMetaStoreClient: Closed a connection to metastore, current connections: -41
2024-04-24T08:08:55,910 ERROR [main] cli.TestHiveCli: Failed due to the error:Connecting to jdbc:hive2://
Hive Session ID = 338bae6a-7eef-4339-9473-c7f0884846e2
ivysettings.xml file not found in HIVE_HOME or HIVE_CONF_DIR,/home/alex/Repositories/hive/conf/ivysettings.xml will be used
ivysettings.xml file not found in HIVE_HOME or HIVE_CONF_DIR,/home/alex/Repositories/hive/conf/ivysettings.xml will be used
Connected to: Apache Hive (version 4.0.0-SNAPSHOT)
Error: Couldn't load manifest attributes. (state=,code=0)
Transaction isolation: TRANSACTION_REPEATABLE_READ
INFO  : Compiling command(queryId=alex_20240424080855_fb45ee2b-dec7-499a-a06e-1a6cc6a2227b): use test
INFO  : Semantic Analysis Completed (retrial = false)
INFO  : Created Hive schema: Schema(fieldSchemas:null, properties:null)
INFO  : Completed compiling command(queryId=alex_20240424080855_fb45ee2b-dec7-499a-a06e-1a6cc6a2227b); Time taken: 0.007 seconds
INFO  : Concurrency mode is disabled, not creating a lock manager
INFO  : Executing command(queryId=alex_20240424080855_fb45ee2b-dec7-499a-a06e-1a6cc6a2227b): use test
INFO  : Starting task [Stage-0:DDL] in serial mode
DEBUG : Task getting executed using mapred tag : alex_20240424080855_fb45ee2b-dec7-499a-a06e-1a6cc6a2227b,userid=null
INFO  : Completed executing command(queryId=alex_20240424080855_fb45ee2b-dec7-499a-a06e-1a6cc6a2227b); Time taken: 0.009 seconds
DEBUG : Shutting down query use test
Error: Failed to wait for operation to complete (state=08S01,code=0)
Beeline version ??? by Apache Hive
hive> set hiveconf:zzz=/home/alex/Repositories/hive/beeline/target/tmp/test4535260368827372880.sql;
No rows affected (0,01 seconds)
hive> source ${hiveconf:zzz};
INFO  : Compiling command(queryId=alex_20240424080855_6053493c-e588-4051-aa03-f4ec86731611): create table if not exists test.testSrcTbl2(sc2 string)
INFO  : Semantic Analysis Completed (retrial = false)
INFO  : Created Hive schema: Schema(fieldSchemas:null, properties:null)
INFO  : Completed compiling command(queryId=alex_20240424080855_6053493c-e588-4051-aa03-f4ec86731611); Time taken: 0.018 seconds
INFO  : Concurrency mode is disabled, not creating a lock manager
INFO  : Executing command(queryId=alex_20240424080855_6053493c-e588-4051-aa03-f4ec86731611): create table if not exists test.testSrcTbl2(sc2 string)
INFO  : Completed executing command(queryId=alex_20240424080855_6053493c-e588-4051-aa03-f4ec86731611); Time taken: 0.001 seconds
DEBUG : Shutting down query create table if not exists test.testSrcTbl2(sc2 string)
Error: Failed to wait for operation to complete (state=08S01,code=0)
hive> desc testSrcTbl2;
INFO  : Compiling command(queryId=alex_20240424080855_c7132f99-4579-4766-b3dd-4ae2c8998ddc): desc testSrcTbl2
INFO  : Semantic Analysis Completed (retrial = false)
INFO  : Created Hive schema: Schema(fieldSchemas:[FieldSchema(name:col_name, type:string, comment:from deserializer), FieldSchema(name:data_type, type:string, comment:from deserializer), FieldSchema(name:comment, type:string, comment:from deserializer)], properties:null)
INFO  : Completed compiling command(queryId=alex_20240424080855_c7132f99-4579-4766-b3dd-4ae2c8998ddc); Time taken: 0.028 seconds
INFO  : Concurrency mode is disabled, not creating a lock manager
INFO  : Executing command(queryId=alex_20240424080855_c7132f99-4579-4766-b3dd-4ae2c8998ddc): desc testSrcTbl2
INFO  : Starting task [Stage-0:DDL] in serial mode
DEBUG : Task getting executed using mapred tag : alex_20240424080855_c7132f99-4579-4766-b3dd-4ae2c8998ddc,userid=null
INFO  : Completed executing command(queryId=alex_20240424080855_c7132f99-4579-4766-b3dd-4ae2c8998ddc); Time taken: 0.043 seconds
DEBUG : Shutting down query desc testSrcTbl2
Error: Failed to wait for operation to complete (state=08S01,code=0)
hive> Closing: 0: jdbc:hive2://

]]></system-err>
  </testcase>
  <testcase name="testSetHeaderValue" classname="org.apache.hive.beeline.cli.TestHiveCli" time="3.237">
    <failure type="java.lang.AssertionError"><![CDATA[java.lang.AssertionError: The expected keyword "testtbl.a testtbl.b" occur in the output: 
	at org.junit.Assert.fail(Assert.java:89)
	at org.junit.Assert.assertTrue(Assert.java:42)
	at org.apache.hive.beeline.cli.TestHiveCli.verifyCMD(TestHiveCli.java:270)
	at org.apache.hive.beeline.cli.TestHiveCli.testSetHeaderValue(TestHiveCli.java:89)
	at sun.reflect.NativeMethodAccessorImpl.invoke0(Native Method)
	at sun.reflect.NativeMethodAccessorImpl.invoke(NativeMethodAccessorImpl.java:62)
	at sun.reflect.DelegatingMethodAccessorImpl.invoke(DelegatingMethodAccessorImpl.java:43)
	at java.lang.reflect.Method.invoke(Method.java:498)
	at org.junit.runners.model.FrameworkMethod$1.runReflectiveCall(FrameworkMethod.java:59)
	at org.junit.internal.runners.model.ReflectiveCallable.run(ReflectiveCallable.java:12)
	at org.junit.runners.model.FrameworkMethod.invokeExplosively(FrameworkMethod.java:56)
	at org.junit.internal.runners.statements.InvokeMethod.evaluate(InvokeMethod.java:17)
	at org.junit.internal.runners.statements.RunBefores.evaluate(RunBefores.java:26)
	at org.junit.internal.runners.statements.RunAfters.evaluate(RunAfters.java:27)
	at org.junit.runners.ParentRunner$3.evaluate(ParentRunner.java:306)
	at org.junit.runners.BlockJUnit4ClassRunner$1.evaluate(BlockJUnit4ClassRunner.java:100)
	at org.junit.runners.ParentRunner.runLeaf(ParentRunner.java:366)
	at org.junit.runners.BlockJUnit4ClassRunner.runChild(BlockJUnit4ClassRunner.java:103)
	at org.junit.runners.BlockJUnit4ClassRunner.runChild(BlockJUnit4ClassRunner.java:63)
	at org.junit.runners.ParentRunner$4.run(ParentRunner.java:331)
	at org.junit.runners.ParentRunner$1.schedule(ParentRunner.java:79)
	at org.junit.runners.ParentRunner.runChildren(ParentRunner.java:329)
	at org.junit.runners.ParentRunner.access$100(ParentRunner.java:66)
	at org.junit.runners.ParentRunner$2.evaluate(ParentRunner.java:293)
	at org.junit.internal.runners.statements.RunBefores.evaluate(RunBefores.java:26)
	at org.junit.runners.ParentRunner$3.evaluate(ParentRunner.java:306)
	at org.junit.runners.ParentRunner.run(ParentRunner.java:413)
	at org.junit.runner.JUnitCore.run(JUnitCore.java:137)
	at org.junit.runner.JUnitCore.run(JUnitCore.java:115)
	at org.junit.vintage.engine.execution.RunnerExecutor.execute(RunnerExecutor.java:43)
	at java.util.stream.ForEachOps$ForEachOp$OfRef.accept(ForEachOps.java:183)
	at java.util.stream.ReferencePipeline$3$1.accept(ReferencePipeline.java:193)
	at java.util.Iterator.forEachRemaining(Iterator.java:116)
	at java.util.Spliterators$IteratorSpliterator.forEachRemaining(Spliterators.java:1801)
	at java.util.stream.AbstractPipeline.copyInto(AbstractPipeline.java:482)
	at java.util.stream.AbstractPipeline.wrapAndCopyInto(AbstractPipeline.java:472)
	at java.util.stream.ForEachOps$ForEachOp.evaluateSequential(ForEachOps.java:150)
	at java.util.stream.ForEachOps$ForEachOp$OfRef.evaluateSequential(ForEachOps.java:173)
	at java.util.stream.AbstractPipeline.evaluate(AbstractPipeline.java:234)
	at java.util.stream.ReferencePipeline.forEach(ReferencePipeline.java:485)
	at org.junit.vintage.engine.VintageTestEngine.executeAllChildren(VintageTestEngine.java:82)
	at org.junit.vintage.engine.VintageTestEngine.execute(VintageTestEngine.java:73)
	at org.junit.platform.launcher.core.DefaultLauncher.execute(DefaultLauncher.java:248)
	at org.junit.platform.launcher.core.DefaultLauncher.lambda$execute$5(DefaultLauncher.java:211)
	at org.junit.platform.launcher.core.DefaultLauncher.withInterceptedStreams(DefaultLauncher.java:226)
	at org.junit.platform.launcher.core.DefaultLauncher.execute(DefaultLauncher.java:199)
	at org.junit.platform.launcher.core.DefaultLauncher.execute(DefaultLauncher.java:132)
	at org.apache.maven.surefire.junitplatform.JUnitPlatformProvider.invokeAllTests(JUnitPlatformProvider.java:154)
	at org.apache.maven.surefire.junitplatform.JUnitPlatformProvider.invoke(JUnitPlatformProvider.java:123)
	at org.apache.maven.surefire.booter.ForkedBooter.runSuitesInProcess(ForkedBooter.java:377)
	at org.apache.maven.surefire.booter.ForkedBooter.execute(ForkedBooter.java:138)
	at org.apache.maven.surefire.booter.ForkedBooter.run(ForkedBooter.java:465)
	at org.apache.maven.surefire.booter.ForkedBooter.main(ForkedBooter.java:451)
]]></failure>
    <system-err><![CDATA[2024-04-24T08:08:55,911 ERROR [main] cli.TestHiveCli: Failed to execute command due to the error: java.lang.NullPointerException: Null output stream
2024-04-24T08:08:55,956  WARN [main] conf.HiveConf: HiveConf of name hive.dummyparam.test.server.specific.config.hiveserver2site does not exist
2024-04-24T08:08:55,956  WARN [main] conf.HiveConf: HiveConf of name hive.dummyparam.test.server.specific.config.override does not exist
2024-04-24T08:08:55,956  WARN [main] conf.HiveConf: HiveConf of name hive.dummyparam.test.server.specific.config.metastoresite does not exist
2024-04-24T08:08:55,957  INFO [main] SessionState: Hive Session ID = e332753e-8f52-49a7-b11a-45157d6cacea
2024-04-24T08:08:55,957  INFO [main] DependencyResolver: ivysettings.xml file not found in HIVE_HOME or HIVE_CONF_DIR,/home/alex/Repositories/hive/conf/ivysettings.xml will be used
2024-04-24T08:08:55,964  INFO [main] session.SessionState: Created HDFS directory: /tmp/hive/alex/e332753e-8f52-49a7-b11a-45157d6cacea
2024-04-24T08:08:55,968  INFO [main] session.SessionState: Created local directory: /home/alex/Repositories/hive/beeline/target/tmp/alex/e332753e-8f52-49a7-b11a-45157d6cacea
2024-04-24T08:08:55,972  INFO [main] session.SessionState: Created HDFS directory: /tmp/hive/alex/e332753e-8f52-49a7-b11a-45157d6cacea/_tmp_space.db
2024-04-24T08:08:55,972  INFO [main] sqlstd.SQLStdHiveAccessController: Created SQLStdHiveAccessController for session context : HiveAuthzSessionContext [sessionString=e332753e-8f52-49a7-b11a-45157d6cacea, clientType=HIVESERVER2]
2024-04-24T08:08:55,973  INFO [main] metastore.HiveMetaStoreClient: HMS client filtering is enabled.
2024-04-24T08:08:55,974  INFO [main] metastore.HMSHandler: 0: Opening raw store with implementation class:org.apache.hadoop.hive.metastore.ObjectStore
2024-04-24T08:08:55,974  INFO [main] metastore.PersistenceManagerProvider: Configuration datanucleus.autoStartMechanismMode is not set. Defaulting to 'ignored'
2024-04-24T08:08:55,975  INFO [main] metastore.ObjectStore: RawStore: org.apache.hadoop.hive.metastore.ObjectStore@4acc27fd, with PersistenceManager: null will be shutdown
2024-04-24T08:08:55,975  INFO [main] metastore.ObjectStore: RawStore: org.apache.hadoop.hive.metastore.ObjectStore@4acc27fd, with PersistenceManager: org.datanucleus.api.jdo.JDOPersistenceManager@1feb76b9 created in the thread with id: 1
2024-04-24T08:08:55,977  INFO [main] metastore.HMSHandler: Created RawStore: org.apache.hadoop.hive.metastore.ObjectStore@4acc27fd from thread id: 1
2024-04-24T08:08:55,977  INFO [main] metastore.HMSHandler: HMS server filtering is disabled by configuration
2024-04-24T08:08:55,977  INFO [main] metastore.RetryingMetaStoreClient: RetryingMetaStoreClient proxy=class org.apache.hadoop.hive.ql.metadata.SessionHiveMetaStoreClient ugi=alex (auth:SIMPLE) retries=1 delay=1 lifetime=0
2024-04-24T08:08:55,977  INFO [main] service.CompositeService: Operation log root directory is created: /home/alex/Repositories/hive/beeline/target/tmp/alex/operation_logs
2024-04-24T08:08:55,977  INFO [main] service.CompositeService: HiveServer2: Background operation thread pool size: 100
2024-04-24T08:08:55,977  INFO [main] service.CompositeService: HiveServer2: Background operation thread wait queue size: 100
2024-04-24T08:08:55,977  INFO [main] service.CompositeService: HiveServer2: Background operation thread keepalive time: 10 seconds
2024-04-24T08:08:55,977  INFO [main] service.CompositeService: Connections limit are user: 0 ipaddress: 0 user-ipaddress: 0
2024-04-24T08:08:55,979  INFO [main] cleanup.EventualCleanupService: EventualCleanupService started with 10 threads and queue of size 10000
ERROR StatusLogger Log4j2 ConfigurationScheduler attempted to increment scheduled items after start
ERROR StatusLogger Log4j2 ConfigurationScheduler attempted to increment scheduled items after start
2024-04-24T08:08:55,981  INFO [main] service.AbstractService: Service:OperationManager is inited.
2024-04-24T08:08:55,981  INFO [main] service.AbstractService: Service:SessionManager is inited.
2024-04-24T08:08:55,981  INFO [main] service.AbstractService: Service:CLIService is inited.
2024-04-24T08:08:55,981  INFO [main] service.AbstractService: Service:OperationManager is started.
2024-04-24T08:08:55,981  INFO [main] service.AbstractService: Service:SessionManager is started.
2024-04-24T08:08:55,981  INFO [main] service.AbstractService: Service:CLIService is started.
2024-04-24T08:08:55,981  INFO [main] service.AbstractService: Service:ThriftBinaryCLIService is inited.
2024-04-24T08:08:55,981  INFO [main] thrift.ThriftCLIService: Client protocol version: HIVE_CLI_SERVICE_PROTOCOL_V10
2024-04-24T08:08:55,981  INFO [main] thrift.ThriftCLIService: Creating Hive session handle for user [null] from IP null
2024-04-24T08:08:55,983  INFO [main] DependencyResolver: ivysettings.xml file not found in HIVE_HOME or HIVE_CONF_DIR,/home/alex/Repositories/hive/conf/ivysettings.xml will be used
2024-04-24T08:08:55,990  INFO [main] session.SessionState: Created HDFS directory: /tmp/hive/alex/96f4729a-04fe-464f-9dfd-3883505b9b49
2024-04-24T08:08:55,993  INFO [main] session.SessionState: Created local directory: /home/alex/Repositories/hive/beeline/target/tmp/alex/96f4729a-04fe-464f-9dfd-3883505b9b49
2024-04-24T08:08:55,997  INFO [main] session.SessionState: Created HDFS directory: /tmp/hive/alex/96f4729a-04fe-464f-9dfd-3883505b9b49/_tmp_space.db
2024-04-24T08:08:55,997  INFO [main] session.SessionState: Reloading auxiliary JAR files
2024-04-24T08:08:55,997  WARN [main] session.SessionState: Configuration hive.reloadable.aux.jars.path not specified
2024-04-24T08:08:55,997  INFO [main] HiveMetaStore.audit: ugi=alex	ip=unknown-ip-addr	cmd=Cleaning up thread local RawStore...	
2024-04-24T08:08:55,997  INFO [main] metastore.ObjectStore: RawStore: org.apache.hadoop.hive.metastore.ObjectStore@4acc27fd, with PersistenceManager: org.datanucleus.api.jdo.JDOPersistenceManager@1feb76b9 will be shutdown
2024-04-24T08:08:55,997  INFO [main] HiveMetaStore.audit: ugi=alex	ip=unknown-ip-addr	cmd=Done cleaning up thread local RawStore	
2024-04-24T08:08:55,997  INFO [main] metastore.HiveMetaStoreClient: Closed a connection to metastore, current connections: -42
2024-04-24T08:08:55,997  INFO [main] session.HiveSessionImpl: Operation log session directory is created: /home/alex/Repositories/hive/beeline/target/tmp/alex/operation_logs/96f4729a-04fe-464f-9dfd-3883505b9b49
2024-04-24T08:08:55,997  INFO [main] service.CompositeService: Session opened, SessionHandle [96f4729a-04fe-464f-9dfd-3883505b9b49], current sessions:1
2024-04-24T08:08:55,997  INFO [main] thrift.ThriftCLIService: Login attempt is successful for user : null
2024-04-24T08:08:56,043  WARN [main] conf.HiveConf: HiveConf of name hive.dummyparam.test.server.specific.config.metastoresite does not exist
2024-04-24T08:08:56,043  WARN [main] conf.HiveConf: HiveConf of name hive.dummyparam.test.server.specific.config.override does not exist
2024-04-24T08:08:56,044  WARN [main] conf.HiveConf: HiveConf of name hive.dummyparam.test.server.specific.config.hiveserver2site does not exist
2024-04-24T08:08:56,044  INFO [96f4729a-04fe-464f-9dfd-3883505b9b49 main] session.HiveSessionImpl: executing set
2024-04-24T08:08:56,045  INFO [96f4729a-04fe-464f-9dfd-3883505b9b49 main] operation.HiveCommandOperation: Putting temp output to file /home/alex/Repositories/hive/beeline/target/tmp/alex/96f4729a-04fe-464f-9dfd-3883505b9b491472008046295936306.pipeout and error output to file /home/alex/Repositories/hive/beeline/target/tmp/alex/96f4729a-04fe-464f-9dfd-3883505b9b495719536538956521351.pipeout
2024-04-24T08:08:56,045  INFO [96f4729a-04fe-464f-9dfd-3883505b9b49 main] operation.OperationManager: Adding operation: OperationHandle [opType=EXECUTE_STATEMENT, getHandleIdentifier()=11d7078d-edee-49d6-b752-35df5fe51425] SessionHandle [96f4729a-04fe-464f-9dfd-3883505b9b49]
2024-04-24T08:08:56,045  INFO [96f4729a-04fe-464f-9dfd-3883505b9b49 main] common.LogUtils: Thread context registration is done.
DEBUG StatusLogger Building Plugin[name=filter, class=org.apache.hadoop.hive.ql.log.LogDivertAppender$NameFilter].
DEBUG StatusLogger createFilter(loggingLevel="EXECUTION")
DEBUG StatusLogger Building Plugin[name=layout, class=org.apache.logging.log4j.core.layout.PatternLayout].
DEBUG StatusLogger PatternLayout$Builder(disableAnsi="null", noConsoleNoAnsi="null", PatternSelector=null, charset="null", Replace=null, Configuration(HiveLog4j2Test), alwaysWriteExceptions="null", pattern="%-5p : %m%n", header="null", footer="null")
DEBUG StatusLogger Building Plugin[name=appender, class=org.apache.hadoop.hive.ql.log.HushableRandomAccessFileAppender].
DEBUG StatusLogger createAppender(fileName="/home/alex/Repositories/hive/beeline/target/tmp/alex/operation_logs/96f4729a-04fe-464f-9dfd-3883505b9b49/alex_20240424080856_08ade8a3-a515-4e09-adfe-1681630817d3", append="null", name="query-file-appender", immediateFlush="null", bufferSize="null", ignoreExceptions="null", PatternLayout(org.apache.logging.log4j.core.layout.PatternLayout with name PatternLayout), NameFilter(org.apache.hadoop.hive.ql.log.LogDivertAppender$NameFilter with name NameFilter), advertise="null", advertiseURI="null", Configuration(HiveLog4j2Test))
DEBUG StatusLogger Starting RandomAccessFileManager /home/alex/Repositories/hive/beeline/target/tmp/alex/operation_logs/96f4729a-04fe-464f-9dfd-3883505b9b49/alex_20240424080856_08ade8a3-a515-4e09-adfe-1681630817d3
DEBUG StatusLogger Building Plugin[name=, class=org.apache.hadoop.hive.ql.log.LogDivertAppenderForTest$TestFilter].
DEBUG StatusLogger createFilter()
DEBUG StatusLogger Building Plugin[name=, class=org.apache.logging.log4j.core.layout.PatternLayout].
DEBUG StatusLogger PatternLayout$Builder(disableAnsi="null", PatternSelector=null, Configuration(HiveLog4j2Test), alwaysWriteExceptions="null", header="null", charset="null", footer="null", noConsoleNoAnsi="null", Replace=null, pattern="%-5p : %m%n")
DEBUG StatusLogger Building Plugin[name=appender, class=org.apache.hadoop.hive.ql.log.HushableRandomAccessFileAppender].
DEBUG StatusLogger createAppender(fileName="/home/alex/Repositories/hive/beeline/target/tmp/alex/operation_logs/96f4729a-04fe-464f-9dfd-3883505b9b49/alex_20240424080856_08ade8a3-a515-4e09-adfe-1681630817d3.test", append="null", name="test-query-file-appender", immediateFlush="null", bufferSize="null", ignoreExceptions="null", PatternLayout(org.apache.logging.log4j.core.layout.PatternLayout with name PatternLayout), test-filter(org.apache.hadoop.hive.ql.log.LogDivertAppenderForTest$TestFilter with name test-filter), advertise="null", advertiseURI="null", Configuration(HiveLog4j2Test))
DEBUG StatusLogger Starting RandomAccessFileManager /home/alex/Repositories/hive/beeline/target/tmp/alex/operation_logs/96f4729a-04fe-464f-9dfd-3883505b9b49/alex_20240424080856_08ade8a3-a515-4e09-adfe-1681630817d3.test
2024-04-24T08:08:56,054  INFO [96f4729a-04fe-464f-9dfd-3883505b9b49 main] operation.HiveCommandOperation: [opType=EXECUTE_STATEMENT, queryId=alex_20240424080856_08ade8a3-a515-4e09-adfe-1681630817d3, startTime=1713971336044, sessionId=96f4729a-04fe-464f-9dfd-3883505b9b49, createTime=1713971335981, userName=null, ipAddress=null]
2024-04-24T08:08:56,170  INFO [96f4729a-04fe-464f-9dfd-3883505b9b49 main] common.LogUtils: Unregistered logging context.
2024-04-24T08:08:56,172  INFO [96f4729a-04fe-464f-9dfd-3883505b9b49 main] operation.OperationManager: Closing operation: OperationHandle [opType=EXECUTE_STATEMENT, getHandleIdentifier()=11d7078d-edee-49d6-b752-35df5fe51425]
2024-04-24T08:08:56,172  INFO [96f4729a-04fe-464f-9dfd-3883505b9b49 main] operation.OperationManager: Removed queryId: alex_20240424080856_08ade8a3-a515-4e09-adfe-1681630817d3 corresponding to operation: OperationHandle [opType=EXECUTE_STATEMENT, getHandleIdentifier()=11d7078d-edee-49d6-b752-35df5fe51425] with tag: null
2024-04-24T08:08:56,173  INFO [96f4729a-04fe-464f-9dfd-3883505b9b49 main] operation.HiveCommandOperation: Closing operation log /home/alex/Repositories/hive/beeline/target/tmp/alex/operation_logs/96f4729a-04fe-464f-9dfd-3883505b9b49/alex_20240424080856_08ade8a3-a515-4e09-adfe-1681630817d3 without delay
2024-04-24T08:08:56,178  INFO [96f4729a-04fe-464f-9dfd-3883505b9b49 main] session.HiveSessionImpl: executing create database if not exists test
2024-04-24T08:08:56,180  INFO [96f4729a-04fe-464f-9dfd-3883505b9b49 main] operation.OperationManager: Adding operation: OperationHandle [opType=EXECUTE_STATEMENT, getHandleIdentifier()=717ef712-cbb8-405c-93b2-2ad370a1b8cb] SessionHandle [96f4729a-04fe-464f-9dfd-3883505b9b49]
2024-04-24T08:08:56,180  INFO [96f4729a-04fe-464f-9dfd-3883505b9b49 main] common.LogUtils: Thread context registration is done.
DEBUG StatusLogger Building Plugin[name=filter, class=org.apache.hadoop.hive.ql.log.LogDivertAppender$NameFilter].
DEBUG StatusLogger createFilter(loggingLevel="EXECUTION")
DEBUG StatusLogger Building Plugin[name=layout, class=org.apache.logging.log4j.core.layout.PatternLayout].
DEBUG StatusLogger PatternLayout$Builder(charset="null", PatternSelector=null, pattern="%-5p : %m%n", Configuration(HiveLog4j2Test), footer="null", noConsoleNoAnsi="null", header="null", alwaysWriteExceptions="null", Replace=null, disableAnsi="null")
DEBUG StatusLogger Building Plugin[name=appender, class=org.apache.hadoop.hive.ql.log.HushableRandomAccessFileAppender].
DEBUG StatusLogger createAppender(fileName="/home/alex/Repositories/hive/beeline/target/tmp/alex/operation_logs/96f4729a-04fe-464f-9dfd-3883505b9b49/alex_20240424080856_e13370e2-8df6-4be9-b60f-1a92da1cca8b", append="null", name="query-file-appender", immediateFlush="null", bufferSize="null", ignoreExceptions="null", PatternLayout(org.apache.logging.log4j.core.layout.PatternLayout with name PatternLayout), NameFilter(org.apache.hadoop.hive.ql.log.LogDivertAppender$NameFilter with name NameFilter), advertise="null", advertiseURI="null", Configuration(HiveLog4j2Test))
DEBUG StatusLogger Starting RandomAccessFileManager /home/alex/Repositories/hive/beeline/target/tmp/alex/operation_logs/96f4729a-04fe-464f-9dfd-3883505b9b49/alex_20240424080856_e13370e2-8df6-4be9-b60f-1a92da1cca8b
DEBUG StatusLogger Building Plugin[name=, class=org.apache.hadoop.hive.ql.log.LogDivertAppenderForTest$TestFilter].
DEBUG StatusLogger createFilter()
DEBUG StatusLogger Building Plugin[name=, class=org.apache.logging.log4j.core.layout.PatternLayout].
DEBUG StatusLogger PatternLayout$Builder(header="null", noConsoleNoAnsi="null", pattern="%-5p : %m%n", Configuration(HiveLog4j2Test), disableAnsi="null", alwaysWriteExceptions="null", Replace=null, PatternSelector=null, footer="null", charset="null")
DEBUG StatusLogger Building Plugin[name=appender, class=org.apache.hadoop.hive.ql.log.HushableRandomAccessFileAppender].
DEBUG StatusLogger createAppender(fileName="/home/alex/Repositories/hive/beeline/target/tmp/alex/operation_logs/96f4729a-04fe-464f-9dfd-3883505b9b49/alex_20240424080856_e13370e2-8df6-4be9-b60f-1a92da1cca8b.test", append="null", name="test-query-file-appender", immediateFlush="null", bufferSize="null", ignoreExceptions="null", PatternLayout(org.apache.logging.log4j.core.layout.PatternLayout with name PatternLayout), test-filter(org.apache.hadoop.hive.ql.log.LogDivertAppenderForTest$TestFilter with name test-filter), advertise="null", advertiseURI="null", Configuration(HiveLog4j2Test))
DEBUG StatusLogger Starting RandomAccessFileManager /home/alex/Repositories/hive/beeline/target/tmp/alex/operation_logs/96f4729a-04fe-464f-9dfd-3883505b9b49/alex_20240424080856_e13370e2-8df6-4be9-b60f-1a92da1cca8b.test
2024-04-24T08:08:56,187  INFO [96f4729a-04fe-464f-9dfd-3883505b9b49 main] operation.SQLOperation: [opType=EXECUTE_STATEMENT, queryId=alex_20240424080856_e13370e2-8df6-4be9-b60f-1a92da1cca8b, startTime=1713971336178, sessionId=96f4729a-04fe-464f-9dfd-3883505b9b49, createTime=1713971335981, userName=null, ipAddress=null]
2024-04-24T08:08:56,188  INFO [96f4729a-04fe-464f-9dfd-3883505b9b49 main] ql.Driver: Compiling command(queryId=alex_20240424080856_e13370e2-8df6-4be9-b60f-1a92da1cca8b): create database if not exists test
2024-04-24T08:08:56,189  INFO [96f4729a-04fe-464f-9dfd-3883505b9b49 main] metastore.HiveMetaStoreClient: HMS client filtering is enabled.
2024-04-24T08:08:56,190  INFO [96f4729a-04fe-464f-9dfd-3883505b9b49 main] metastore.HMSHandler: 0: Opening raw store with implementation class:org.apache.hadoop.hive.metastore.ObjectStore
2024-04-24T08:08:56,190  INFO [96f4729a-04fe-464f-9dfd-3883505b9b49 main] metastore.PersistenceManagerProvider: Configuration datanucleus.autoStartMechanismMode is not set. Defaulting to 'ignored'
2024-04-24T08:08:56,191  INFO [96f4729a-04fe-464f-9dfd-3883505b9b49 main] metastore.ObjectStore: RawStore: org.apache.hadoop.hive.metastore.ObjectStore@4738131e, with PersistenceManager: null will be shutdown
2024-04-24T08:08:56,191  INFO [96f4729a-04fe-464f-9dfd-3883505b9b49 main] metastore.ObjectStore: RawStore: org.apache.hadoop.hive.metastore.ObjectStore@4738131e, with PersistenceManager: org.datanucleus.api.jdo.JDOPersistenceManager@3b576ee3 created in the thread with id: 1
2024-04-24T08:08:56,193  INFO [96f4729a-04fe-464f-9dfd-3883505b9b49 main] metastore.HMSHandler: Created RawStore: org.apache.hadoop.hive.metastore.ObjectStore@4738131e from thread id: 1
2024-04-24T08:08:56,193  INFO [96f4729a-04fe-464f-9dfd-3883505b9b49 main] metastore.HMSHandler: HMS server filtering is disabled by configuration
2024-04-24T08:08:56,193  INFO [96f4729a-04fe-464f-9dfd-3883505b9b49 main] metastore.RetryingMetaStoreClient: RetryingMetaStoreClient proxy=class org.apache.hadoop.hive.ql.metadata.SessionHiveMetaStoreClient ugi=alex (auth:SIMPLE) retries=1 delay=1 lifetime=0
2024-04-24T08:08:56,193  INFO [96f4729a-04fe-464f-9dfd-3883505b9b49 main] ql.Driver: Semantic Analysis Completed (retrial = false)
2024-04-24T08:08:56,194  INFO [96f4729a-04fe-464f-9dfd-3883505b9b49 main] ql.Driver: Created Hive schema: Schema(fieldSchemas:null, properties:null)
2024-04-24T08:08:56,194  INFO [96f4729a-04fe-464f-9dfd-3883505b9b49 main] metadata.Hive: Dumping metastore api call timing information for : compilation phase
2024-04-24T08:08:56,194  INFO [96f4729a-04fe-464f-9dfd-3883505b9b49 main] metadata.Hive: Total time spent in each metastore function (ms): {isCompatibleWith_(Configuration)=0, flushCache_()=0}
2024-04-24T08:08:56,194  INFO [96f4729a-04fe-464f-9dfd-3883505b9b49 main] ql.Driver: Completed compiling command(queryId=alex_20240424080856_e13370e2-8df6-4be9-b60f-1a92da1cca8b); Time taken: 0.006 seconds
2024-04-24T08:08:56,195  INFO [HiveServer2-Background-Pool: Thread-662] common.LogUtils: Thread context registration is done.
2024-04-24T08:08:56,195  INFO [96f4729a-04fe-464f-9dfd-3883505b9b49 main] common.LogUtils: Unregistered logging context.
2024-04-24T08:08:56,195  INFO [HiveServer2-Background-Pool: Thread-662] reexec.ReExecDriver: Execution #1 of query
2024-04-24T08:08:56,196  INFO [HiveServer2-Background-Pool: Thread-662] ql.Driver: Concurrency mode is disabled, not creating a lock manager
2024-04-24T08:08:56,196  INFO [HiveServer2-Background-Pool: Thread-662] ql.Driver: Executing command(queryId=alex_20240424080856_e13370e2-8df6-4be9-b60f-1a92da1cca8b): create database if not exists test
2024-04-24T08:08:56,197  INFO [HiveServer2-Background-Pool: Thread-662] ql.Driver: Starting task [Stage-0:DDL] in serial mode
2024-04-24T08:08:56,198  INFO [HiveServer2-Background-Pool: Thread-662] sqlstd.SQLStdHiveAccessController: Created SQLStdHiveAccessController for session context : HiveAuthzSessionContext [sessionString=96f4729a-04fe-464f-9dfd-3883505b9b49, clientType=HIVESERVER2]
2024-04-24T08:08:56,198  WARN [HiveServer2-Background-Pool: Thread-662] exec.DDLTask: metastore.warehouse.external.dir is not set, falling back to metastore.warehouse.dir. This could cause external tables to use to managed tablespace.
2024-04-24T08:08:56,199  INFO [HiveServer2-Background-Pool: Thread-662] HiveMetaStore.audit: ugi=alex	ip=unknown-ip-addr	cmd=create_database: Database(name:test, description:null, locationUri:file:/home/alex/Repositories/hive/beeline/target/tmp/warehouse/test.db, parameters:null, ownerName:alex, ownerType:USER, catalogName:hive, type:NATIVE)	
2024-04-24T08:08:56,200  INFO [HiveServer2-Background-Pool: Thread-662] metastore.HMSHandler: 28: Opening raw store with implementation class:org.apache.hadoop.hive.metastore.ObjectStore
2024-04-24T08:08:56,201  INFO [HiveServer2-Background-Pool: Thread-662] metastore.ObjectStore: RawStore: org.apache.hadoop.hive.metastore.ObjectStore@4d62a304, with PersistenceManager: null will be shutdown
2024-04-24T08:08:56,201  INFO [HiveServer2-Background-Pool: Thread-662] metastore.ObjectStore: RawStore: org.apache.hadoop.hive.metastore.ObjectStore@4d62a304, with PersistenceManager: org.datanucleus.api.jdo.JDOPersistenceManager@86034cc created in the thread with id: 662
2024-04-24T08:08:56,203  INFO [HiveServer2-Background-Pool: Thread-662] metastore.HMSHandler: Created RawStore: org.apache.hadoop.hive.metastore.ObjectStore@4d62a304 from thread id: 662
2024-04-24T08:08:56,204 ERROR [HiveServer2-Background-Pool: Thread-662] metastore.RetryingHMSHandler: AlreadyExistsException(message:Database test already exists)
	at org.apache.hadoop.hive.metastore.HMSHandler.create_database(HMSHandler.java:1472)
	at sun.reflect.NativeMethodAccessorImpl.invoke0(Native Method)
	at sun.reflect.NativeMethodAccessorImpl.invoke(NativeMethodAccessorImpl.java:62)
	at sun.reflect.DelegatingMethodAccessorImpl.invoke(DelegatingMethodAccessorImpl.java:43)
	at java.lang.reflect.Method.invoke(Method.java:498)
	at org.apache.hadoop.hive.metastore.RetryingHMSHandler.invokeInternal(RetryingHMSHandler.java:147)
	at org.apache.hadoop.hive.metastore.RetryingHMSHandler.invoke(RetryingHMSHandler.java:108)
	at com.sun.proxy.$Proxy40.create_database(Unknown Source)
	at org.apache.hadoop.hive.metastore.HiveMetaStoreClient.createDatabase(HiveMetaStoreClient.java:1151)
	at sun.reflect.NativeMethodAccessorImpl.invoke0(Native Method)
	at sun.reflect.NativeMethodAccessorImpl.invoke(NativeMethodAccessorImpl.java:62)
	at sun.reflect.DelegatingMethodAccessorImpl.invoke(DelegatingMethodAccessorImpl.java:43)
	at java.lang.reflect.Method.invoke(Method.java:498)
	at org.apache.hadoop.hive.metastore.RetryingMetaStoreClient.invoke(RetryingMetaStoreClient.java:218)
	at com.sun.proxy.$Proxy41.createDatabase(Unknown Source)
	at org.apache.hadoop.hive.ql.metadata.Hive.createDatabase(Hive.java:605)
	at org.apache.hadoop.hive.ql.ddl.database.create.CreateDatabaseOperation.execute(CreateDatabaseOperation.java:68)
	at org.apache.hadoop.hive.ql.ddl.DDLTask.execute(DDLTask.java:84)
	at org.apache.hadoop.hive.ql.exec.Task.executeTask(Task.java:212)
	at org.apache.hadoop.hive.ql.exec.TaskRunner.runSequential(TaskRunner.java:105)
	at org.apache.hadoop.hive.ql.Executor.launchTask(Executor.java:361)
	at org.apache.hadoop.hive.ql.Executor.launchTasks(Executor.java:334)
	at org.apache.hadoop.hive.ql.Executor.runTasks(Executor.java:245)
	at org.apache.hadoop.hive.ql.Executor.execute(Executor.java:108)
	at org.apache.hadoop.hive.ql.Driver.execute(Driver.java:348)
	at org.apache.hadoop.hive.ql.Driver.runInternal(Driver.java:204)
	at org.apache.hadoop.hive.ql.Driver.run(Driver.java:153)
	at org.apache.hadoop.hive.ql.Driver.run(Driver.java:148)
	at org.apache.hadoop.hive.ql.reexec.ReExecDriver.run(ReExecDriver.java:164)
	at org.apache.hive.service.cli.operation.SQLOperation.runQuery(SQLOperation.java:233)
	at org.apache.hive.service.cli.operation.SQLOperation.access$500(SQLOperation.java:88)
	at org.apache.hive.service.cli.operation.SQLOperation$BackgroundWork$1.run(SQLOperation.java:336)
	at java.security.AccessController.doPrivileged(Native Method)
	at javax.security.auth.Subject.doAs(Subject.java:422)
	at org.apache.hadoop.security.UserGroupInformation.doAs(UserGroupInformation.java:1682)
	at org.apache.hive.service.cli.operation.SQLOperation$BackgroundWork.run(SQLOperation.java:356)
	at java.util.concurrent.Executors$RunnableAdapter.call(Executors.java:511)
	at java.util.concurrent.FutureTask.run(FutureTask.java:266)
	at java.util.concurrent.ThreadPoolExecutor.runWorker(ThreadPoolExecutor.java:1149)
	at java.util.concurrent.ThreadPoolExecutor$Worker.run(ThreadPoolExecutor.java:624)
	at java.lang.Thread.run(Thread.java:750)

2024-04-24T08:08:56,205  INFO [HiveServer2-Background-Pool: Thread-662] metadata.Hive: Dumping metastore api call timing information for : execution phase
2024-04-24T08:08:56,205  INFO [HiveServer2-Background-Pool: Thread-662] metadata.Hive: Total time spent in each metastore function (ms): {isCompatibleWith_(Configuration)=0}
2024-04-24T08:08:56,205  INFO [HiveServer2-Background-Pool: Thread-662] ql.Driver: Completed executing command(queryId=alex_20240424080856_e13370e2-8df6-4be9-b60f-1a92da1cca8b); Time taken: 0.009 seconds
2024-04-24T08:08:56,206  INFO [HiveServer2-Background-Pool: Thread-662] common.LogUtils: Unregistered logging context.
2024-04-24T08:08:56,208  INFO [96f4729a-04fe-464f-9dfd-3883505b9b49 main] operation.OperationManager: Closing operation: OperationHandle [opType=EXECUTE_STATEMENT, getHandleIdentifier()=717ef712-cbb8-405c-93b2-2ad370a1b8cb]
2024-04-24T08:08:56,208  INFO [96f4729a-04fe-464f-9dfd-3883505b9b49 main] operation.OperationManager: Removed queryId: alex_20240424080856_e13370e2-8df6-4be9-b60f-1a92da1cca8b corresponding to operation: OperationHandle [opType=EXECUTE_STATEMENT, getHandleIdentifier()=717ef712-cbb8-405c-93b2-2ad370a1b8cb] with tag: null
2024-04-24T08:08:56,209  INFO [96f4729a-04fe-464f-9dfd-3883505b9b49 main] operation.SQLOperation: Closing operation log /home/alex/Repositories/hive/beeline/target/tmp/alex/operation_logs/96f4729a-04fe-464f-9dfd-3883505b9b49/alex_20240424080856_e13370e2-8df6-4be9-b60f-1a92da1cca8b without delay
2024-04-24T08:08:56,214  INFO [96f4729a-04fe-464f-9dfd-3883505b9b49 main] session.HiveSessionImpl: executing create table if not exists test.testTbl(a string, b string)
2024-04-24T08:08:56,215  INFO [96f4729a-04fe-464f-9dfd-3883505b9b49 main] operation.OperationManager: Adding operation: OperationHandle [opType=EXECUTE_STATEMENT, getHandleIdentifier()=144c412b-cd02-4451-a4b0-4a1c101806fd] SessionHandle [96f4729a-04fe-464f-9dfd-3883505b9b49]
2024-04-24T08:08:56,216  INFO [96f4729a-04fe-464f-9dfd-3883505b9b49 main] common.LogUtils: Thread context registration is done.
DEBUG StatusLogger Building Plugin[name=filter, class=org.apache.hadoop.hive.ql.log.LogDivertAppender$NameFilter].
DEBUG StatusLogger createFilter(loggingLevel="EXECUTION")
DEBUG StatusLogger Building Plugin[name=layout, class=org.apache.logging.log4j.core.layout.PatternLayout].
DEBUG StatusLogger PatternLayout$Builder(footer="null", charset="null", alwaysWriteExceptions="null", header="null", noConsoleNoAnsi="null", disableAnsi="null", Replace=null, pattern="%-5p : %m%n", PatternSelector=null, Configuration(HiveLog4j2Test))
DEBUG StatusLogger Building Plugin[name=appender, class=org.apache.hadoop.hive.ql.log.HushableRandomAccessFileAppender].
DEBUG StatusLogger createAppender(fileName="/home/alex/Repositories/hive/beeline/target/tmp/alex/operation_logs/96f4729a-04fe-464f-9dfd-3883505b9b49/alex_20240424080856_df47a146-c9a2-43c0-b9f3-6c7311c1fe10", append="null", name="query-file-appender", immediateFlush="null", bufferSize="null", ignoreExceptions="null", PatternLayout(org.apache.logging.log4j.core.layout.PatternLayout with name PatternLayout), NameFilter(org.apache.hadoop.hive.ql.log.LogDivertAppender$NameFilter with name NameFilter), advertise="null", advertiseURI="null", Configuration(HiveLog4j2Test))
DEBUG StatusLogger Starting RandomAccessFileManager /home/alex/Repositories/hive/beeline/target/tmp/alex/operation_logs/96f4729a-04fe-464f-9dfd-3883505b9b49/alex_20240424080856_df47a146-c9a2-43c0-b9f3-6c7311c1fe10
DEBUG StatusLogger Building Plugin[name=, class=org.apache.hadoop.hive.ql.log.LogDivertAppenderForTest$TestFilter].
DEBUG StatusLogger createFilter()
DEBUG StatusLogger Building Plugin[name=, class=org.apache.logging.log4j.core.layout.PatternLayout].
DEBUG StatusLogger PatternLayout$Builder(disableAnsi="null", noConsoleNoAnsi="null", header="null", PatternSelector=null, alwaysWriteExceptions="null", pattern="%-5p : %m%n", charset="null", Replace=null, Configuration(HiveLog4j2Test), footer="null")
DEBUG StatusLogger Building Plugin[name=appender, class=org.apache.hadoop.hive.ql.log.HushableRandomAccessFileAppender].
DEBUG StatusLogger createAppender(fileName="/home/alex/Repositories/hive/beeline/target/tmp/alex/operation_logs/96f4729a-04fe-464f-9dfd-3883505b9b49/alex_20240424080856_df47a146-c9a2-43c0-b9f3-6c7311c1fe10.test", append="null", name="test-query-file-appender", immediateFlush="null", bufferSize="null", ignoreExceptions="null", PatternLayout(org.apache.logging.log4j.core.layout.PatternLayout with name PatternLayout), test-filter(org.apache.hadoop.hive.ql.log.LogDivertAppenderForTest$TestFilter with name test-filter), advertise="null", advertiseURI="null", Configuration(HiveLog4j2Test))
DEBUG StatusLogger Starting RandomAccessFileManager /home/alex/Repositories/hive/beeline/target/tmp/alex/operation_logs/96f4729a-04fe-464f-9dfd-3883505b9b49/alex_20240424080856_df47a146-c9a2-43c0-b9f3-6c7311c1fe10.test
2024-04-24T08:08:56,227  INFO [96f4729a-04fe-464f-9dfd-3883505b9b49 main] operation.SQLOperation: [opType=EXECUTE_STATEMENT, queryId=alex_20240424080856_df47a146-c9a2-43c0-b9f3-6c7311c1fe10, startTime=1713971336214, sessionId=96f4729a-04fe-464f-9dfd-3883505b9b49, createTime=1713971335981, userName=null, ipAddress=null]
2024-04-24T08:08:56,228  INFO [96f4729a-04fe-464f-9dfd-3883505b9b49 main] ql.Driver: Compiling command(queryId=alex_20240424080856_df47a146-c9a2-43c0-b9f3-6c7311c1fe10): create table if not exists test.testTbl(a string, b string)
2024-04-24T08:08:56,229  INFO [96f4729a-04fe-464f-9dfd-3883505b9b49 main] parse.CalcitePlanner: Starting caching scope for: alex_20240424080856_df47a146-c9a2-43c0-b9f3-6c7311c1fe10
2024-04-24T08:08:56,229  INFO [96f4729a-04fe-464f-9dfd-3883505b9b49 main] parse.CalcitePlanner: Starting Semantic Analysis
2024-04-24T08:08:56,229  INFO [96f4729a-04fe-464f-9dfd-3883505b9b49 main] parse.CalcitePlanner: Creating table test.testTbl position=27
2024-04-24T08:08:56,229  INFO [96f4729a-04fe-464f-9dfd-3883505b9b49 main] HiveMetaStore.audit: ugi=alex	ip=unknown-ip-addr	cmd=get_table : tbl=hive.test.testTbl	
2024-04-24T08:08:56,246  INFO [96f4729a-04fe-464f-9dfd-3883505b9b49 main] parse.CalcitePlanner: Ending caching scope for: alex_20240424080856_df47a146-c9a2-43c0-b9f3-6c7311c1fe10
2024-04-24T08:08:56,246  INFO [96f4729a-04fe-464f-9dfd-3883505b9b49 main] ql.Driver: Semantic Analysis Completed (retrial = false)
2024-04-24T08:08:56,246  INFO [96f4729a-04fe-464f-9dfd-3883505b9b49 main] ql.Driver: Created Hive schema: Schema(fieldSchemas:null, properties:null)
2024-04-24T08:08:56,246  INFO [96f4729a-04fe-464f-9dfd-3883505b9b49 main] metadata.Hive: Dumping metastore api call timing information for : compilation phase
2024-04-24T08:08:56,246  INFO [96f4729a-04fe-464f-9dfd-3883505b9b49 main] metadata.Hive: Total time spent in each metastore function (ms): {flushCache_()=0, getTable_(GetTableRequest)=17, isCompatibleWith_(Configuration)=0}
2024-04-24T08:08:56,247  INFO [96f4729a-04fe-464f-9dfd-3883505b9b49 main] ql.Driver: Completed compiling command(queryId=alex_20240424080856_df47a146-c9a2-43c0-b9f3-6c7311c1fe10); Time taken: 0.018 seconds
2024-04-24T08:08:56,247  INFO [HiveServer2-Background-Pool: Thread-665] common.LogUtils: Thread context registration is done.
2024-04-24T08:08:56,248  INFO [HiveServer2-Background-Pool: Thread-665] reexec.ReExecDriver: Execution #1 of query
2024-04-24T08:08:56,248  INFO [96f4729a-04fe-464f-9dfd-3883505b9b49 main] common.LogUtils: Unregistered logging context.
2024-04-24T08:08:56,248  INFO [HiveServer2-Background-Pool: Thread-665] ql.Driver: Concurrency mode is disabled, not creating a lock manager
2024-04-24T08:08:56,249  INFO [HiveServer2-Background-Pool: Thread-665] ql.Driver: Executing command(queryId=alex_20240424080856_df47a146-c9a2-43c0-b9f3-6c7311c1fe10): create table if not exists test.testTbl(a string, b string)
2024-04-24T08:08:56,250  INFO [HiveServer2-Background-Pool: Thread-665] metadata.Hive: Dumping metastore api call timing information for : execution phase
2024-04-24T08:08:56,250  INFO [HiveServer2-Background-Pool: Thread-665] metadata.Hive: Total time spent in each metastore function (ms): {}
2024-04-24T08:08:56,250  INFO [HiveServer2-Background-Pool: Thread-665] ql.Driver: Completed executing command(queryId=alex_20240424080856_df47a146-c9a2-43c0-b9f3-6c7311c1fe10); Time taken: 0.0 seconds
2024-04-24T08:08:56,251  INFO [HiveServer2-Background-Pool: Thread-665] common.LogUtils: Unregistered logging context.
2024-04-24T08:08:56,252  INFO [96f4729a-04fe-464f-9dfd-3883505b9b49 main] operation.OperationManager: Closing operation: OperationHandle [opType=EXECUTE_STATEMENT, getHandleIdentifier()=144c412b-cd02-4451-a4b0-4a1c101806fd]
2024-04-24T08:08:56,252  INFO [96f4729a-04fe-464f-9dfd-3883505b9b49 main] operation.OperationManager: Removed queryId: alex_20240424080856_df47a146-c9a2-43c0-b9f3-6c7311c1fe10 corresponding to operation: OperationHandle [opType=EXECUTE_STATEMENT, getHandleIdentifier()=144c412b-cd02-4451-a4b0-4a1c101806fd] with tag: null
2024-04-24T08:08:56,252  INFO [96f4729a-04fe-464f-9dfd-3883505b9b49 main] operation.SQLOperation: Closing operation log /home/alex/Repositories/hive/beeline/target/tmp/alex/operation_logs/96f4729a-04fe-464f-9dfd-3883505b9b49/alex_20240424080856_df47a146-c9a2-43c0-b9f3-6c7311c1fe10 without delay
2024-04-24T08:08:56,257  INFO [96f4729a-04fe-464f-9dfd-3883505b9b49 main] session.HiveSessionImpl: executing set hive.cli.print.header=true
2024-04-24T08:08:56,258  INFO [96f4729a-04fe-464f-9dfd-3883505b9b49 main] operation.HiveCommandOperation: Putting temp output to file /home/alex/Repositories/hive/beeline/target/tmp/alex/96f4729a-04fe-464f-9dfd-3883505b9b491472008046295936306.pipeout and error output to file /home/alex/Repositories/hive/beeline/target/tmp/alex/96f4729a-04fe-464f-9dfd-3883505b9b495719536538956521351.pipeout
2024-04-24T08:08:56,258  INFO [96f4729a-04fe-464f-9dfd-3883505b9b49 main] operation.OperationManager: Adding operation: OperationHandle [opType=EXECUTE_STATEMENT, getHandleIdentifier()=53962dbe-39d4-4874-af39-d243c9bf23bb] SessionHandle [96f4729a-04fe-464f-9dfd-3883505b9b49]
2024-04-24T08:08:56,258  INFO [96f4729a-04fe-464f-9dfd-3883505b9b49 main] common.LogUtils: Thread context registration is done.
DEBUG StatusLogger Building Plugin[name=filter, class=org.apache.hadoop.hive.ql.log.LogDivertAppender$NameFilter].
DEBUG StatusLogger createFilter(loggingLevel="EXECUTION")
DEBUG StatusLogger Building Plugin[name=layout, class=org.apache.logging.log4j.core.layout.PatternLayout].
DEBUG StatusLogger PatternLayout$Builder(PatternSelector=null, disableAnsi="null", charset="null", footer="null", Replace=null, noConsoleNoAnsi="null", Configuration(HiveLog4j2Test), alwaysWriteExceptions="null", pattern="%-5p : %m%n", header="null")
DEBUG StatusLogger Building Plugin[name=appender, class=org.apache.hadoop.hive.ql.log.HushableRandomAccessFileAppender].
DEBUG StatusLogger createAppender(fileName="/home/alex/Repositories/hive/beeline/target/tmp/alex/operation_logs/96f4729a-04fe-464f-9dfd-3883505b9b49/alex_20240424080856_3ac2841b-73d6-4c59-9fdd-c86f06590c3b", append="null", name="query-file-appender", immediateFlush="null", bufferSize="null", ignoreExceptions="null", PatternLayout(org.apache.logging.log4j.core.layout.PatternLayout with name PatternLayout), NameFilter(org.apache.hadoop.hive.ql.log.LogDivertAppender$NameFilter with name NameFilter), advertise="null", advertiseURI="null", Configuration(HiveLog4j2Test))
DEBUG StatusLogger Starting RandomAccessFileManager /home/alex/Repositories/hive/beeline/target/tmp/alex/operation_logs/96f4729a-04fe-464f-9dfd-3883505b9b49/alex_20240424080856_3ac2841b-73d6-4c59-9fdd-c86f06590c3b
DEBUG StatusLogger Building Plugin[name=, class=org.apache.hadoop.hive.ql.log.LogDivertAppenderForTest$TestFilter].
DEBUG StatusLogger createFilter()
DEBUG StatusLogger Building Plugin[name=, class=org.apache.logging.log4j.core.layout.PatternLayout].
DEBUG StatusLogger PatternLayout$Builder(header="null", Configuration(HiveLog4j2Test), footer="null", disableAnsi="null", noConsoleNoAnsi="null", PatternSelector=null, charset="null", pattern="%-5p : %m%n", Replace=null, alwaysWriteExceptions="null")
DEBUG StatusLogger Building Plugin[name=appender, class=org.apache.hadoop.hive.ql.log.HushableRandomAccessFileAppender].
DEBUG StatusLogger createAppender(fileName="/home/alex/Repositories/hive/beeline/target/tmp/alex/operation_logs/96f4729a-04fe-464f-9dfd-3883505b9b49/alex_20240424080856_3ac2841b-73d6-4c59-9fdd-c86f06590c3b.test", append="null", name="test-query-file-appender", immediateFlush="null", bufferSize="null", ignoreExceptions="null", PatternLayout(org.apache.logging.log4j.core.layout.PatternLayout with name PatternLayout), test-filter(org.apache.hadoop.hive.ql.log.LogDivertAppenderForTest$TestFilter with name test-filter), advertise="null", advertiseURI="null", Configuration(HiveLog4j2Test))
DEBUG StatusLogger Starting RandomAccessFileManager /home/alex/Repositories/hive/beeline/target/tmp/alex/operation_logs/96f4729a-04fe-464f-9dfd-3883505b9b49/alex_20240424080856_3ac2841b-73d6-4c59-9fdd-c86f06590c3b.test
2024-04-24T08:08:56,265  INFO [96f4729a-04fe-464f-9dfd-3883505b9b49 main] operation.HiveCommandOperation: [opType=EXECUTE_STATEMENT, queryId=alex_20240424080856_3ac2841b-73d6-4c59-9fdd-c86f06590c3b, startTime=1713971336257, sessionId=96f4729a-04fe-464f-9dfd-3883505b9b49, createTime=1713971335981, userName=null, ipAddress=null]
2024-04-24T08:08:56,266  INFO [96f4729a-04fe-464f-9dfd-3883505b9b49 main] common.LogUtils: Unregistered logging context.
2024-04-24T08:08:56,268  INFO [96f4729a-04fe-464f-9dfd-3883505b9b49 main] operation.OperationManager: Closing operation: OperationHandle [opType=EXECUTE_STATEMENT, getHandleIdentifier()=53962dbe-39d4-4874-af39-d243c9bf23bb]
2024-04-24T08:08:56,268  INFO [96f4729a-04fe-464f-9dfd-3883505b9b49 main] operation.OperationManager: Removed queryId: alex_20240424080856_3ac2841b-73d6-4c59-9fdd-c86f06590c3b corresponding to operation: OperationHandle [opType=EXECUTE_STATEMENT, getHandleIdentifier()=53962dbe-39d4-4874-af39-d243c9bf23bb] with tag: null
2024-04-24T08:08:56,268  INFO [96f4729a-04fe-464f-9dfd-3883505b9b49 main] operation.HiveCommandOperation: Closing operation log /home/alex/Repositories/hive/beeline/target/tmp/alex/operation_logs/96f4729a-04fe-464f-9dfd-3883505b9b49/alex_20240424080856_3ac2841b-73d6-4c59-9fdd-c86f06590c3b without delay
2024-04-24T08:08:56,312  WARN [main] conf.HiveConf: HiveConf of name hive.dummyparam.test.server.specific.config.override does not exist
2024-04-24T08:08:56,312  WARN [main] conf.HiveConf: HiveConf of name hive.dummyparam.test.server.specific.config.metastoresite does not exist
2024-04-24T08:08:56,313  WARN [main] conf.HiveConf: HiveConf of name hive.dummyparam.test.server.specific.config.hiveserver2site does not exist
2024-04-24T08:08:56,313  INFO [96f4729a-04fe-464f-9dfd-3883505b9b49 main] session.HiveSessionImpl: executing set
2024-04-24T08:08:56,314  INFO [96f4729a-04fe-464f-9dfd-3883505b9b49 main] operation.HiveCommandOperation: Putting temp output to file /home/alex/Repositories/hive/beeline/target/tmp/alex/96f4729a-04fe-464f-9dfd-3883505b9b491472008046295936306.pipeout and error output to file /home/alex/Repositories/hive/beeline/target/tmp/alex/96f4729a-04fe-464f-9dfd-3883505b9b495719536538956521351.pipeout
2024-04-24T08:08:56,315  INFO [96f4729a-04fe-464f-9dfd-3883505b9b49 main] operation.OperationManager: Adding operation: OperationHandle [opType=EXECUTE_STATEMENT, getHandleIdentifier()=3a871c99-b5ec-48eb-9286-cbf61d096290] SessionHandle [96f4729a-04fe-464f-9dfd-3883505b9b49]
2024-04-24T08:08:56,315  INFO [96f4729a-04fe-464f-9dfd-3883505b9b49 main] common.LogUtils: Thread context registration is done.
DEBUG StatusLogger Building Plugin[name=filter, class=org.apache.hadoop.hive.ql.log.LogDivertAppender$NameFilter].
DEBUG StatusLogger createFilter(loggingLevel="EXECUTION")
DEBUG StatusLogger Building Plugin[name=layout, class=org.apache.logging.log4j.core.layout.PatternLayout].
DEBUG StatusLogger PatternLayout$Builder(Configuration(HiveLog4j2Test), PatternSelector=null, alwaysWriteExceptions="null", charset="null", pattern="%-5p : %m%n", footer="null", Replace=null, header="null", noConsoleNoAnsi="null", disableAnsi="null")
DEBUG StatusLogger Building Plugin[name=appender, class=org.apache.hadoop.hive.ql.log.HushableRandomAccessFileAppender].
DEBUG StatusLogger createAppender(fileName="/home/alex/Repositories/hive/beeline/target/tmp/alex/operation_logs/96f4729a-04fe-464f-9dfd-3883505b9b49/alex_20240424080856_894d8266-0983-408c-9c74-28db6146832c", append="null", name="query-file-appender", immediateFlush="null", bufferSize="null", ignoreExceptions="null", PatternLayout(org.apache.logging.log4j.core.layout.PatternLayout with name PatternLayout), NameFilter(org.apache.hadoop.hive.ql.log.LogDivertAppender$NameFilter with name NameFilter), advertise="null", advertiseURI="null", Configuration(HiveLog4j2Test))
DEBUG StatusLogger Starting RandomAccessFileManager /home/alex/Repositories/hive/beeline/target/tmp/alex/operation_logs/96f4729a-04fe-464f-9dfd-3883505b9b49/alex_20240424080856_894d8266-0983-408c-9c74-28db6146832c
DEBUG StatusLogger Building Plugin[name=, class=org.apache.hadoop.hive.ql.log.LogDivertAppenderForTest$TestFilter].
DEBUG StatusLogger createFilter()
DEBUG StatusLogger Building Plugin[name=, class=org.apache.logging.log4j.core.layout.PatternLayout].
DEBUG StatusLogger PatternLayout$Builder(disableAnsi="null", Replace=null, Configuration(HiveLog4j2Test), alwaysWriteExceptions="null", PatternSelector=null, header="null", noConsoleNoAnsi="null", footer="null", pattern="%-5p : %m%n", charset="null")
DEBUG StatusLogger Building Plugin[name=appender, class=org.apache.hadoop.hive.ql.log.HushableRandomAccessFileAppender].
DEBUG StatusLogger createAppender(fileName="/home/alex/Repositories/hive/beeline/target/tmp/alex/operation_logs/96f4729a-04fe-464f-9dfd-3883505b9b49/alex_20240424080856_894d8266-0983-408c-9c74-28db6146832c.test", append="null", name="test-query-file-appender", immediateFlush="null", bufferSize="null", ignoreExceptions="null", PatternLayout(org.apache.logging.log4j.core.layout.PatternLayout with name PatternLayout), test-filter(org.apache.hadoop.hive.ql.log.LogDivertAppenderForTest$TestFilter with name test-filter), advertise="null", advertiseURI="null", Configuration(HiveLog4j2Test))
DEBUG StatusLogger Starting RandomAccessFileManager /home/alex/Repositories/hive/beeline/target/tmp/alex/operation_logs/96f4729a-04fe-464f-9dfd-3883505b9b49/alex_20240424080856_894d8266-0983-408c-9c74-28db6146832c.test
2024-04-24T08:08:56,323  INFO [96f4729a-04fe-464f-9dfd-3883505b9b49 main] operation.HiveCommandOperation: [opType=EXECUTE_STATEMENT, queryId=alex_20240424080856_894d8266-0983-408c-9c74-28db6146832c, startTime=1713971336313, sessionId=96f4729a-04fe-464f-9dfd-3883505b9b49, createTime=1713971335981, userName=null, ipAddress=null]
2024-04-24T08:08:56,422  INFO [96f4729a-04fe-464f-9dfd-3883505b9b49 main] common.LogUtils: Unregistered logging context.
2024-04-24T08:08:56,424  INFO [96f4729a-04fe-464f-9dfd-3883505b9b49 main] operation.OperationManager: Closing operation: OperationHandle [opType=EXECUTE_STATEMENT, getHandleIdentifier()=3a871c99-b5ec-48eb-9286-cbf61d096290]
2024-04-24T08:08:56,424  INFO [96f4729a-04fe-464f-9dfd-3883505b9b49 main] operation.OperationManager: Removed queryId: alex_20240424080856_894d8266-0983-408c-9c74-28db6146832c corresponding to operation: OperationHandle [opType=EXECUTE_STATEMENT, getHandleIdentifier()=3a871c99-b5ec-48eb-9286-cbf61d096290] with tag: null
2024-04-24T08:08:56,424  INFO [96f4729a-04fe-464f-9dfd-3883505b9b49 main] operation.HiveCommandOperation: Closing operation log /home/alex/Repositories/hive/beeline/target/tmp/alex/operation_logs/96f4729a-04fe-464f-9dfd-3883505b9b49/alex_20240424080856_894d8266-0983-408c-9c74-28db6146832c without delay
2024-04-24T08:08:56,429  INFO [96f4729a-04fe-464f-9dfd-3883505b9b49 main] session.HiveSessionImpl: executing select * from test.testTbl
2024-04-24T08:08:56,431  INFO [96f4729a-04fe-464f-9dfd-3883505b9b49 main] operation.OperationManager: Adding operation: OperationHandle [opType=EXECUTE_STATEMENT, getHandleIdentifier()=fadd8d37-2d38-4834-b83f-1c39ac183d72] SessionHandle [96f4729a-04fe-464f-9dfd-3883505b9b49]
2024-04-24T08:08:56,431  INFO [96f4729a-04fe-464f-9dfd-3883505b9b49 main] common.LogUtils: Thread context registration is done.
DEBUG StatusLogger Building Plugin[name=filter, class=org.apache.hadoop.hive.ql.log.LogDivertAppender$NameFilter].
DEBUG StatusLogger createFilter(loggingLevel="EXECUTION")
DEBUG StatusLogger Building Plugin[name=layout, class=org.apache.logging.log4j.core.layout.PatternLayout].
DEBUG StatusLogger PatternLayout$Builder(Replace=null, charset="null", alwaysWriteExceptions="null", PatternSelector=null, pattern="%-5p : %m%n", Configuration(HiveLog4j2Test), disableAnsi="null", footer="null", header="null", noConsoleNoAnsi="null")
DEBUG StatusLogger Building Plugin[name=appender, class=org.apache.hadoop.hive.ql.log.HushableRandomAccessFileAppender].
DEBUG StatusLogger createAppender(fileName="/home/alex/Repositories/hive/beeline/target/tmp/alex/operation_logs/96f4729a-04fe-464f-9dfd-3883505b9b49/alex_20240424080856_94dadc87-6536-4dbf-b761-f33b6b821c43", append="null", name="query-file-appender", immediateFlush="null", bufferSize="null", ignoreExceptions="null", PatternLayout(org.apache.logging.log4j.core.layout.PatternLayout with name PatternLayout), NameFilter(org.apache.hadoop.hive.ql.log.LogDivertAppender$NameFilter with name NameFilter), advertise="null", advertiseURI="null", Configuration(HiveLog4j2Test))
DEBUG StatusLogger Starting RandomAccessFileManager /home/alex/Repositories/hive/beeline/target/tmp/alex/operation_logs/96f4729a-04fe-464f-9dfd-3883505b9b49/alex_20240424080856_94dadc87-6536-4dbf-b761-f33b6b821c43
DEBUG StatusLogger Building Plugin[name=, class=org.apache.hadoop.hive.ql.log.LogDivertAppenderForTest$TestFilter].
DEBUG StatusLogger createFilter()
DEBUG StatusLogger Building Plugin[name=, class=org.apache.logging.log4j.core.layout.PatternLayout].
DEBUG StatusLogger PatternLayout$Builder(Configuration(HiveLog4j2Test), charset="null", header="null", pattern="%-5p : %m%n", disableAnsi="null", footer="null", noConsoleNoAnsi="null", alwaysWriteExceptions="null", PatternSelector=null, Replace=null)
DEBUG StatusLogger Building Plugin[name=appender, class=org.apache.hadoop.hive.ql.log.HushableRandomAccessFileAppender].
DEBUG StatusLogger createAppender(fileName="/home/alex/Repositories/hive/beeline/target/tmp/alex/operation_logs/96f4729a-04fe-464f-9dfd-3883505b9b49/alex_20240424080856_94dadc87-6536-4dbf-b761-f33b6b821c43.test", append="null", name="test-query-file-appender", immediateFlush="null", bufferSize="null", ignoreExceptions="null", PatternLayout(org.apache.logging.log4j.core.layout.PatternLayout with name PatternLayout), test-filter(org.apache.hadoop.hive.ql.log.LogDivertAppenderForTest$TestFilter with name test-filter), advertise="null", advertiseURI="null", Configuration(HiveLog4j2Test))
DEBUG StatusLogger Starting RandomAccessFileManager /home/alex/Repositories/hive/beeline/target/tmp/alex/operation_logs/96f4729a-04fe-464f-9dfd-3883505b9b49/alex_20240424080856_94dadc87-6536-4dbf-b761-f33b6b821c43.test
2024-04-24T08:08:56,438  INFO [96f4729a-04fe-464f-9dfd-3883505b9b49 main] operation.SQLOperation: [opType=EXECUTE_STATEMENT, queryId=alex_20240424080856_94dadc87-6536-4dbf-b761-f33b6b821c43, startTime=1713971336430, sessionId=96f4729a-04fe-464f-9dfd-3883505b9b49, createTime=1713971335981, userName=null, ipAddress=null]
2024-04-24T08:08:56,439  INFO [96f4729a-04fe-464f-9dfd-3883505b9b49 main] ql.Driver: Compiling command(queryId=alex_20240424080856_94dadc87-6536-4dbf-b761-f33b6b821c43): select * from test.testTbl
2024-04-24T08:08:56,441  INFO [96f4729a-04fe-464f-9dfd-3883505b9b49 main] parse.CalcitePlanner: Starting caching scope for: alex_20240424080856_94dadc87-6536-4dbf-b761-f33b6b821c43
2024-04-24T08:08:56,441  INFO [96f4729a-04fe-464f-9dfd-3883505b9b49 main] parse.CalcitePlanner: Starting Semantic Analysis
2024-04-24T08:08:56,445  INFO [96f4729a-04fe-464f-9dfd-3883505b9b49 main] parse.CalcitePlanner: Completed phase 1 of Semantic Analysis
2024-04-24T08:08:56,445  INFO [96f4729a-04fe-464f-9dfd-3883505b9b49 main] parse.CalcitePlanner: Get metadata for source tables
2024-04-24T08:08:56,445  INFO [96f4729a-04fe-464f-9dfd-3883505b9b49 main] HiveMetaStore.audit: ugi=alex	ip=unknown-ip-addr	cmd=get_table : tbl=hive.test.testtbl	
2024-04-24T08:08:56,464  INFO [96f4729a-04fe-464f-9dfd-3883505b9b49 main] parse.CalcitePlanner: Get metadata for subqueries
2024-04-24T08:08:56,464  INFO [96f4729a-04fe-464f-9dfd-3883505b9b49 main] parse.CalcitePlanner: Get metadata for destination tables
2024-04-24T08:08:56,471  INFO [96f4729a-04fe-464f-9dfd-3883505b9b49 main] parse.CalcitePlanner: Completed getting MetaData in Semantic Analysis
2024-04-24T08:08:56,934  INFO [Finalizer] metastore.ObjectStore: RawStore: org.apache.hadoop.hive.metastore.ObjectStore@10ae9176, with PersistenceManager: org.datanucleus.api.jdo.JDOPersistenceManager@62280089 will be shutdown
2024-04-24T08:08:56,935  INFO [Finalizer] metastore.ObjectStore: RawStore: org.apache.hadoop.hive.metastore.ObjectStore@73f80d05, with PersistenceManager: org.datanucleus.api.jdo.JDOPersistenceManager@36fa8d1e will be shutdown
2024-04-24T08:08:58,030  INFO [96f4729a-04fe-464f-9dfd-3883505b9b49 main] HiveMetaStore.audit: ugi=alex	ip=unknown-ip-addr	cmd=get_all_table_constraints : tbl=hive.test.testtbl	
2024-04-24T08:08:58,715  INFO [96f4729a-04fe-464f-9dfd-3883505b9b49 main] calcite.RelOptHiveTable: Calculating column statistics for test.testtbl, projIndxSet: [0, 1], allowMissingStats: true
2024-04-24T08:08:58,730  INFO [96f4729a-04fe-464f-9dfd-3883505b9b49 main] HiveMetaStore.audit: ugi=alex	ip=unknown-ip-addr	cmd=get_table_statistics_req: table=hive.test.testtbl	
2024-04-24T08:08:58,764  WARN [96f4729a-04fe-464f-9dfd-3883505b9b49 main] calcite.RelOptHiveTable: No Stats for test@testtbl, Columns: b, a
2024-04-24T08:08:58,764  INFO [96f4729a-04fe-464f-9dfd-3883505b9b49 main] SessionState: No Stats for test@testtbl, Columns: b, a
2024-04-24T08:08:58,907  INFO [96f4729a-04fe-464f-9dfd-3883505b9b49 main] parse.CalcitePlanner: Get metadata for source tables
2024-04-24T08:08:58,907  INFO [96f4729a-04fe-464f-9dfd-3883505b9b49 main] parse.CalcitePlanner: Get metadata for subqueries
2024-04-24T08:08:58,907  INFO [96f4729a-04fe-464f-9dfd-3883505b9b49 main] parse.CalcitePlanner: Get metadata for destination tables
2024-04-24T08:08:58,928  INFO [96f4729a-04fe-464f-9dfd-3883505b9b49 main] common.FileUtils: Creating directory if it doesn't exist: file:/home/alex/Repositories/hive/beeline/target/tmp/alex/96f4729a-04fe-464f-9dfd-3883505b9b49/hive_2024-04-24_08-08-56_438_7489884619005361062-1/-mr-10001/.hive-staging_hive_2024-04-24_08-08-56_438_7489884619005361062-1
2024-04-24T08:08:58,952  INFO [96f4729a-04fe-464f-9dfd-3883505b9b49 main] parse.CalcitePlanner: CBO Succeeded; optimized logical plan.
2024-04-24T08:08:59,082  INFO [96f4729a-04fe-464f-9dfd-3883505b9b49 main] optimizer.BucketVersionPopulator: not considering bucketingVersion for: TS[0] because it has -1<2 buckets 
2024-04-24T08:08:59,110  INFO [96f4729a-04fe-464f-9dfd-3883505b9b49 main] parse.CalcitePlanner: Completed plan generation
2024-04-24T08:08:59,110  INFO [96f4729a-04fe-464f-9dfd-3883505b9b49 main] parse.CalcitePlanner: Ending caching scope for: alex_20240424080856_94dadc87-6536-4dbf-b761-f33b6b821c43
2024-04-24T08:08:59,110  INFO [96f4729a-04fe-464f-9dfd-3883505b9b49 main] ql.Driver: Semantic Analysis Completed (retrial = false)
2024-04-24T08:08:59,111  INFO [96f4729a-04fe-464f-9dfd-3883505b9b49 main] ql.Driver: Created Hive schema: Schema(fieldSchemas:[FieldSchema(name:testtbl.a, type:string, comment:null), FieldSchema(name:testtbl.b, type:string, comment:null)], properties:null)
2024-04-24T08:08:59,115  INFO [96f4729a-04fe-464f-9dfd-3883505b9b49 main] exec.TableScanOperator: Initializing Operator: TS[0]
2024-04-24T08:08:59,116  INFO [96f4729a-04fe-464f-9dfd-3883505b9b49 main] exec.SelectOperator: Initializing Operator: SEL[1]
2024-04-24T08:08:59,124  INFO [96f4729a-04fe-464f-9dfd-3883505b9b49 main] exec.SelectOperator: SELECT struct<a:string,b:string>
2024-04-24T08:08:59,124  INFO [96f4729a-04fe-464f-9dfd-3883505b9b49 main] exec.ListSinkOperator: Initializing Operator: LIST_SINK[3]
2024-04-24T08:08:59,124  INFO [96f4729a-04fe-464f-9dfd-3883505b9b49 main] metadata.Hive: Dumping metastore api call timing information for : compilation phase
2024-04-24T08:08:59,124  INFO [96f4729a-04fe-464f-9dfd-3883505b9b49 main] metadata.Hive: Total time spent in each metastore function (ms): {getAllTableConstraints_(AllTableConstraintsRequest)=115, isCompatibleWith_(Configuration)=0, flushCache_()=0, getTableColumnStatistics_(String, String, List, String)=30, getTable_(GetTableRequest)=16}
2024-04-24T08:08:59,125  INFO [96f4729a-04fe-464f-9dfd-3883505b9b49 main] ql.Driver: Completed compiling command(queryId=alex_20240424080856_94dadc87-6536-4dbf-b761-f33b6b821c43); Time taken: 2.686 seconds
2024-04-24T08:08:59,126  INFO [HiveServer2-Background-Pool: Thread-671] common.LogUtils: Thread context registration is done.
2024-04-24T08:08:59,126  INFO [96f4729a-04fe-464f-9dfd-3883505b9b49 main] common.LogUtils: Unregistered logging context.
2024-04-24T08:08:59,126  INFO [HiveServer2-Background-Pool: Thread-671] reexec.ReExecDriver: Execution #1 of query
2024-04-24T08:08:59,126  INFO [HiveServer2-Background-Pool: Thread-671] ql.Driver: Concurrency mode is disabled, not creating a lock manager
2024-04-24T08:08:59,127  INFO [HiveServer2-Background-Pool: Thread-671] ql.Driver: Executing command(queryId=alex_20240424080856_94dadc87-6536-4dbf-b761-f33b6b821c43): select * from test.testTbl
2024-04-24T08:08:59,128  INFO [HiveServer2-Background-Pool: Thread-671] metadata.Hive: Dumping metastore api call timing information for : execution phase
2024-04-24T08:08:59,128  INFO [HiveServer2-Background-Pool: Thread-671] metadata.Hive: Total time spent in each metastore function (ms): {}
2024-04-24T08:08:59,128  INFO [HiveServer2-Background-Pool: Thread-671] ql.Driver: Completed executing command(queryId=alex_20240424080856_94dadc87-6536-4dbf-b761-f33b6b821c43); Time taken: 0.001 seconds
2024-04-24T08:08:59,129  INFO [HiveServer2-Background-Pool: Thread-671] common.LogUtils: Unregistered logging context.
2024-04-24T08:08:59,130  INFO [96f4729a-04fe-464f-9dfd-3883505b9b49 main] operation.OperationManager: Closing operation: OperationHandle [opType=EXECUTE_STATEMENT, getHandleIdentifier()=fadd8d37-2d38-4834-b83f-1c39ac183d72]
2024-04-24T08:08:59,130  INFO [96f4729a-04fe-464f-9dfd-3883505b9b49 main] operation.OperationManager: Removed queryId: alex_20240424080856_94dadc87-6536-4dbf-b761-f33b6b821c43 corresponding to operation: OperationHandle [opType=EXECUTE_STATEMENT, getHandleIdentifier()=fadd8d37-2d38-4834-b83f-1c39ac183d72] with tag: null
2024-04-24T08:08:59,131  INFO [96f4729a-04fe-464f-9dfd-3883505b9b49 main] ql.Context: Deleting scratch dir: file:/home/alex/Repositories/hive/beeline/target/tmp/alex/96f4729a-04fe-464f-9dfd-3883505b9b49/hive_2024-04-24_08-08-56_438_7489884619005361062-1
2024-04-24T08:08:59,131  INFO [96f4729a-04fe-464f-9dfd-3883505b9b49 main] cleanup.EventualCleanupService: Delete file:/home/alex/Repositories/hive/beeline/target/tmp/alex/96f4729a-04fe-464f-9dfd-3883505b9b49/hive_2024-04-24_08-08-56_438_7489884619005361062-1 operation was queued
2024-04-24T08:08:59,131  INFO [96f4729a-04fe-464f-9dfd-3883505b9b49 main] exec.TableScanOperator: Closing Operator: TS[0]
2024-04-24T08:08:59,131  INFO [96f4729a-04fe-464f-9dfd-3883505b9b49 main] exec.TableScanOperator: RECORDS_OUT_OPERATOR_TS_0:0, RECORDS_OUT_INTERMEDIATE:0, 
2024-04-24T08:08:59,131  INFO [96f4729a-04fe-464f-9dfd-3883505b9b49 main] exec.SelectOperator: Closing Operator: SEL[1]
2024-04-24T08:08:59,131  INFO [96f4729a-04fe-464f-9dfd-3883505b9b49 main] exec.SelectOperator: RECORDS_OUT_OPERATOR_SEL_1:0, RECORDS_OUT_INTERMEDIATE:0, 
2024-04-24T08:08:59,131  INFO [EventualCleanupService thread 0] cleanup.EventualCleanupService: Deleted file:/home/alex/Repositories/hive/beeline/target/tmp/alex/96f4729a-04fe-464f-9dfd-3883505b9b49/hive_2024-04-24_08-08-56_438_7489884619005361062-1
2024-04-24T08:08:59,131  INFO [96f4729a-04fe-464f-9dfd-3883505b9b49 main] exec.ListSinkOperator: Closing Operator: LIST_SINK[3]
2024-04-24T08:08:59,132  INFO [96f4729a-04fe-464f-9dfd-3883505b9b49 main] exec.ListSinkOperator: RECORDS_OUT_INTERMEDIATE:0, RECORDS_OUT_OPERATOR_LIST_SINK_3:0, 
2024-04-24T08:08:59,132  INFO [96f4729a-04fe-464f-9dfd-3883505b9b49 main] operation.SQLOperation: Closing operation log /home/alex/Repositories/hive/beeline/target/tmp/alex/operation_logs/96f4729a-04fe-464f-9dfd-3883505b9b49/alex_20240424080856_94dadc87-6536-4dbf-b761-f33b6b821c43 without delay
2024-04-24T08:08:59,143  INFO [main] service.CompositeService: Session closed, SessionHandle [96f4729a-04fe-464f-9dfd-3883505b9b49], current sessions:0
2024-04-24T08:08:59,144  INFO [96f4729a-04fe-464f-9dfd-3883505b9b49 main] session.HiveSessionImpl: Operation log session directory is deleted: /home/alex/Repositories/hive/beeline/target/tmp/alex/operation_logs/96f4729a-04fe-464f-9dfd-3883505b9b49
2024-04-24T08:08:59,145  INFO [main] cleanup.EventualCleanupService: Delete /tmp/hive/alex/96f4729a-04fe-464f-9dfd-3883505b9b49 operation was queued
2024-04-24T08:08:59,145  INFO [main] cleanup.EventualCleanupService: Delete /home/alex/Repositories/hive/beeline/target/tmp/alex/96f4729a-04fe-464f-9dfd-3883505b9b49 operation was queued
2024-04-24T08:08:59,145  INFO [EventualCleanupService thread 2] cleanup.EventualCleanupService: Deleted /home/alex/Repositories/hive/beeline/target/tmp/alex/96f4729a-04fe-464f-9dfd-3883505b9b49
2024-04-24T08:08:59,145  INFO [EventualCleanupService thread 1] cleanup.EventualCleanupService: Deleted /tmp/hive/alex/96f4729a-04fe-464f-9dfd-3883505b9b49
2024-04-24T08:08:59,146  INFO [main] HiveMetaStore.audit: ugi=alex	ip=unknown-ip-addr	cmd=Cleaning up thread local RawStore...	
2024-04-24T08:08:59,146  INFO [main] metastore.ObjectStore: RawStore: org.apache.hadoop.hive.metastore.ObjectStore@4738131e, with PersistenceManager: org.datanucleus.api.jdo.JDOPersistenceManager@3b576ee3 will be shutdown
2024-04-24T08:08:59,146  INFO [main] HiveMetaStore.audit: ugi=alex	ip=unknown-ip-addr	cmd=Done cleaning up thread local RawStore	
2024-04-24T08:08:59,147  INFO [main] metastore.HiveMetaStoreClient: Closed a connection to metastore, current connections: -43
]]></system-err>
  </testcase>
  <testcase name="testInValidCmd" classname="org.apache.hive.beeline.cli.TestHiveCli" time="0.45"/>
  <testcase name="testSqlFromCmdWithEmbeddedQuotes" classname="org.apache.hive.beeline.cli.TestHiveCli" time="23.693">
    <failure type="java.lang.AssertionError"><![CDATA[java.lang.AssertionError: Supported return code is 0 while the actual is 1
	at org.junit.Assert.fail(Assert.java:89)
	at org.apache.hive.beeline.cli.TestHiveCli.executeCMD(TestHiveCli.java:256)
	at org.apache.hive.beeline.cli.TestHiveCli.verifyCMD(TestHiveCli.java:266)
	at org.apache.hive.beeline.cli.TestHiveCli.testSqlFromCmdWithEmbeddedQuotes(TestHiveCli.java:172)
	at sun.reflect.NativeMethodAccessorImpl.invoke0(Native Method)
	at sun.reflect.NativeMethodAccessorImpl.invoke(NativeMethodAccessorImpl.java:62)
	at sun.reflect.DelegatingMethodAccessorImpl.invoke(DelegatingMethodAccessorImpl.java:43)
	at java.lang.reflect.Method.invoke(Method.java:498)
	at org.junit.runners.model.FrameworkMethod$1.runReflectiveCall(FrameworkMethod.java:59)
	at org.junit.internal.runners.model.ReflectiveCallable.run(ReflectiveCallable.java:12)
	at org.junit.runners.model.FrameworkMethod.invokeExplosively(FrameworkMethod.java:56)
	at org.junit.internal.runners.statements.InvokeMethod.evaluate(InvokeMethod.java:17)
	at org.junit.internal.runners.statements.RunBefores.evaluate(RunBefores.java:26)
	at org.junit.internal.runners.statements.RunAfters.evaluate(RunAfters.java:27)
	at org.junit.runners.ParentRunner$3.evaluate(ParentRunner.java:306)
	at org.junit.runners.BlockJUnit4ClassRunner$1.evaluate(BlockJUnit4ClassRunner.java:100)
	at org.junit.runners.ParentRunner.runLeaf(ParentRunner.java:366)
	at org.junit.runners.BlockJUnit4ClassRunner.runChild(BlockJUnit4ClassRunner.java:103)
	at org.junit.runners.BlockJUnit4ClassRunner.runChild(BlockJUnit4ClassRunner.java:63)
	at org.junit.runners.ParentRunner$4.run(ParentRunner.java:331)
	at org.junit.runners.ParentRunner$1.schedule(ParentRunner.java:79)
	at org.junit.runners.ParentRunner.runChildren(ParentRunner.java:329)
	at org.junit.runners.ParentRunner.access$100(ParentRunner.java:66)
	at org.junit.runners.ParentRunner$2.evaluate(ParentRunner.java:293)
	at org.junit.internal.runners.statements.RunBefores.evaluate(RunBefores.java:26)
	at org.junit.runners.ParentRunner$3.evaluate(ParentRunner.java:306)
	at org.junit.runners.ParentRunner.run(ParentRunner.java:413)
	at org.junit.runner.JUnitCore.run(JUnitCore.java:137)
	at org.junit.runner.JUnitCore.run(JUnitCore.java:115)
	at org.junit.vintage.engine.execution.RunnerExecutor.execute(RunnerExecutor.java:43)
	at java.util.stream.ForEachOps$ForEachOp$OfRef.accept(ForEachOps.java:183)
	at java.util.stream.ReferencePipeline$3$1.accept(ReferencePipeline.java:193)
	at java.util.Iterator.forEachRemaining(Iterator.java:116)
	at java.util.Spliterators$IteratorSpliterator.forEachRemaining(Spliterators.java:1801)
	at java.util.stream.AbstractPipeline.copyInto(AbstractPipeline.java:482)
	at java.util.stream.AbstractPipeline.wrapAndCopyInto(AbstractPipeline.java:472)
	at java.util.stream.ForEachOps$ForEachOp.evaluateSequential(ForEachOps.java:150)
	at java.util.stream.ForEachOps$ForEachOp$OfRef.evaluateSequential(ForEachOps.java:173)
	at java.util.stream.AbstractPipeline.evaluate(AbstractPipeline.java:234)
	at java.util.stream.ReferencePipeline.forEach(ReferencePipeline.java:485)
	at org.junit.vintage.engine.VintageTestEngine.executeAllChildren(VintageTestEngine.java:82)
	at org.junit.vintage.engine.VintageTestEngine.execute(VintageTestEngine.java:73)
	at org.junit.platform.launcher.core.DefaultLauncher.execute(DefaultLauncher.java:248)
	at org.junit.platform.launcher.core.DefaultLauncher.lambda$execute$5(DefaultLauncher.java:211)
	at org.junit.platform.launcher.core.DefaultLauncher.withInterceptedStreams(DefaultLauncher.java:226)
	at org.junit.platform.launcher.core.DefaultLauncher.execute(DefaultLauncher.java:199)
	at org.junit.platform.launcher.core.DefaultLauncher.execute(DefaultLauncher.java:132)
	at org.apache.maven.surefire.junitplatform.JUnitPlatformProvider.invokeAllTests(JUnitPlatformProvider.java:154)
	at org.apache.maven.surefire.junitplatform.JUnitPlatformProvider.invoke(JUnitPlatformProvider.java:123)
	at org.apache.maven.surefire.booter.ForkedBooter.runSuitesInProcess(ForkedBooter.java:377)
	at org.apache.maven.surefire.booter.ForkedBooter.execute(ForkedBooter.java:138)
	at org.apache.maven.surefire.booter.ForkedBooter.run(ForkedBooter.java:465)
	at org.apache.maven.surefire.booter.ForkedBooter.main(ForkedBooter.java:451)
]]></failure>
    <system-err><![CDATA[2024-04-24T08:08:59,597 ERROR [main] cli.TestHiveCli: Failed to execute command due to the error: java.lang.NullPointerException: Null output stream
2024-04-24T08:08:59,643  WARN [main] conf.HiveConf: HiveConf of name hive.dummyparam.test.server.specific.config.hiveserver2site does not exist
2024-04-24T08:08:59,644  WARN [main] conf.HiveConf: HiveConf of name hive.dummyparam.test.server.specific.config.override does not exist
2024-04-24T08:08:59,644  WARN [main] conf.HiveConf: HiveConf of name hive.dummyparam.test.server.specific.config.metastoresite does not exist
2024-04-24T08:08:59,644  INFO [main] SessionState: Hive Session ID = fce362b8-6db9-4d5a-b899-08403688565f
2024-04-24T08:08:59,644  INFO [main] DependencyResolver: ivysettings.xml file not found in HIVE_HOME or HIVE_CONF_DIR,/home/alex/Repositories/hive/conf/ivysettings.xml will be used
2024-04-24T08:08:59,652  INFO [main] session.SessionState: Created HDFS directory: /tmp/hive/alex/fce362b8-6db9-4d5a-b899-08403688565f
2024-04-24T08:08:59,655  INFO [main] session.SessionState: Created local directory: /home/alex/Repositories/hive/beeline/target/tmp/alex/fce362b8-6db9-4d5a-b899-08403688565f
2024-04-24T08:08:59,659  INFO [main] session.SessionState: Created HDFS directory: /tmp/hive/alex/fce362b8-6db9-4d5a-b899-08403688565f/_tmp_space.db
2024-04-24T08:08:59,659  INFO [main] sqlstd.SQLStdHiveAccessController: Created SQLStdHiveAccessController for session context : HiveAuthzSessionContext [sessionString=fce362b8-6db9-4d5a-b899-08403688565f, clientType=HIVESERVER2]
2024-04-24T08:08:59,660  INFO [main] metastore.HiveMetaStoreClient: HMS client filtering is enabled.
2024-04-24T08:08:59,661  INFO [main] metastore.HMSHandler: 0: Opening raw store with implementation class:org.apache.hadoop.hive.metastore.ObjectStore
2024-04-24T08:08:59,661  INFO [main] metastore.PersistenceManagerProvider: Configuration datanucleus.autoStartMechanismMode is not set. Defaulting to 'ignored'
2024-04-24T08:08:59,661  INFO [main] metastore.ObjectStore: RawStore: org.apache.hadoop.hive.metastore.ObjectStore@43d84df1, with PersistenceManager: null will be shutdown
2024-04-24T08:08:59,662  INFO [main] metastore.ObjectStore: RawStore: org.apache.hadoop.hive.metastore.ObjectStore@43d84df1, with PersistenceManager: org.datanucleus.api.jdo.JDOPersistenceManager@2318651f created in the thread with id: 1
2024-04-24T08:08:59,663  INFO [main] metastore.HMSHandler: Created RawStore: org.apache.hadoop.hive.metastore.ObjectStore@43d84df1 from thread id: 1
2024-04-24T08:08:59,663  INFO [main] metastore.HMSHandler: HMS server filtering is disabled by configuration
2024-04-24T08:08:59,664  INFO [main] metastore.RetryingMetaStoreClient: RetryingMetaStoreClient proxy=class org.apache.hadoop.hive.ql.metadata.SessionHiveMetaStoreClient ugi=alex (auth:SIMPLE) retries=1 delay=1 lifetime=0
2024-04-24T08:08:59,664  INFO [main] service.CompositeService: Operation log root directory is created: /home/alex/Repositories/hive/beeline/target/tmp/alex/operation_logs
2024-04-24T08:08:59,664  INFO [main] service.CompositeService: HiveServer2: Background operation thread pool size: 100
2024-04-24T08:08:59,664  INFO [main] service.CompositeService: HiveServer2: Background operation thread wait queue size: 100
2024-04-24T08:08:59,664  INFO [main] service.CompositeService: HiveServer2: Background operation thread keepalive time: 10 seconds
2024-04-24T08:08:59,664  INFO [main] service.CompositeService: Connections limit are user: 0 ipaddress: 0 user-ipaddress: 0
2024-04-24T08:08:59,666  INFO [main] cleanup.EventualCleanupService: EventualCleanupService started with 10 threads and queue of size 10000
ERROR StatusLogger Log4j2 ConfigurationScheduler attempted to increment scheduled items after start
ERROR StatusLogger Log4j2 ConfigurationScheduler attempted to increment scheduled items after start
2024-04-24T08:08:59,668  INFO [main] service.AbstractService: Service:OperationManager is inited.
2024-04-24T08:08:59,668  INFO [main] service.AbstractService: Service:SessionManager is inited.
2024-04-24T08:08:59,668  INFO [main] service.AbstractService: Service:CLIService is inited.
2024-04-24T08:08:59,668  INFO [main] service.AbstractService: Service:OperationManager is started.
2024-04-24T08:08:59,668  INFO [main] service.AbstractService: Service:SessionManager is started.
2024-04-24T08:08:59,668  INFO [main] service.AbstractService: Service:CLIService is started.
2024-04-24T08:08:59,668  INFO [main] service.AbstractService: Service:ThriftBinaryCLIService is inited.
2024-04-24T08:08:59,668  INFO [main] thrift.ThriftCLIService: Client protocol version: HIVE_CLI_SERVICE_PROTOCOL_V10
2024-04-24T08:08:59,668  INFO [main] thrift.ThriftCLIService: Creating Hive session handle for user [null] from IP null
2024-04-24T08:08:59,670  INFO [main] DependencyResolver: ivysettings.xml file not found in HIVE_HOME or HIVE_CONF_DIR,/home/alex/Repositories/hive/conf/ivysettings.xml will be used
2024-04-24T08:08:59,677  INFO [main] session.SessionState: Created HDFS directory: /tmp/hive/alex/6c893bab-d463-4b5f-bec2-b28e89cc5ba1
2024-04-24T08:08:59,680  INFO [main] session.SessionState: Created local directory: /home/alex/Repositories/hive/beeline/target/tmp/alex/6c893bab-d463-4b5f-bec2-b28e89cc5ba1
2024-04-24T08:08:59,683  INFO [main] session.SessionState: Created HDFS directory: /tmp/hive/alex/6c893bab-d463-4b5f-bec2-b28e89cc5ba1/_tmp_space.db
2024-04-24T08:08:59,684  INFO [main] session.SessionState: Reloading auxiliary JAR files
2024-04-24T08:08:59,684  WARN [main] session.SessionState: Configuration hive.reloadable.aux.jars.path not specified
2024-04-24T08:08:59,684  INFO [main] HiveMetaStore.audit: ugi=alex	ip=unknown-ip-addr	cmd=Cleaning up thread local RawStore...	
2024-04-24T08:08:59,684  INFO [main] metastore.ObjectStore: RawStore: org.apache.hadoop.hive.metastore.ObjectStore@43d84df1, with PersistenceManager: org.datanucleus.api.jdo.JDOPersistenceManager@2318651f will be shutdown
2024-04-24T08:08:59,684  INFO [main] HiveMetaStore.audit: ugi=alex	ip=unknown-ip-addr	cmd=Done cleaning up thread local RawStore	
2024-04-24T08:08:59,684  INFO [main] metastore.HiveMetaStoreClient: Closed a connection to metastore, current connections: -45
2024-04-24T08:08:59,684  INFO [main] session.HiveSessionImpl: Operation log session directory is created: /home/alex/Repositories/hive/beeline/target/tmp/alex/operation_logs/6c893bab-d463-4b5f-bec2-b28e89cc5ba1
2024-04-24T08:08:59,684  INFO [main] service.CompositeService: Session opened, SessionHandle [6c893bab-d463-4b5f-bec2-b28e89cc5ba1], current sessions:1
2024-04-24T08:08:59,684  INFO [main] thrift.ThriftCLIService: Login attempt is successful for user : null
2024-04-24T08:08:59,729  WARN [main] conf.HiveConf: HiveConf of name hive.dummyparam.test.server.specific.config.override does not exist
2024-04-24T08:08:59,729  WARN [main] conf.HiveConf: HiveConf of name hive.dummyparam.test.server.specific.config.hiveserver2site does not exist
2024-04-24T08:08:59,729  WARN [main] conf.HiveConf: HiveConf of name hive.dummyparam.test.server.specific.config.metastoresite does not exist
2024-04-24T08:08:59,729  INFO [6c893bab-d463-4b5f-bec2-b28e89cc5ba1 main] session.HiveSessionImpl: executing set
2024-04-24T08:08:59,730  INFO [6c893bab-d463-4b5f-bec2-b28e89cc5ba1 main] operation.HiveCommandOperation: Putting temp output to file /home/alex/Repositories/hive/beeline/target/tmp/alex/6c893bab-d463-4b5f-bec2-b28e89cc5ba18900132951312075378.pipeout and error output to file /home/alex/Repositories/hive/beeline/target/tmp/alex/6c893bab-d463-4b5f-bec2-b28e89cc5ba1854177276373615180.pipeout
2024-04-24T08:08:59,731  INFO [6c893bab-d463-4b5f-bec2-b28e89cc5ba1 main] operation.OperationManager: Adding operation: OperationHandle [opType=EXECUTE_STATEMENT, getHandleIdentifier()=fbbfec35-0c78-4bd1-89c3-5dea407c8f73] SessionHandle [6c893bab-d463-4b5f-bec2-b28e89cc5ba1]
2024-04-24T08:08:59,731  INFO [6c893bab-d463-4b5f-bec2-b28e89cc5ba1 main] common.LogUtils: Thread context registration is done.
DEBUG StatusLogger Building Plugin[name=filter, class=org.apache.hadoop.hive.ql.log.LogDivertAppender$NameFilter].
DEBUG StatusLogger createFilter(loggingLevel="EXECUTION")
DEBUG StatusLogger Building Plugin[name=layout, class=org.apache.logging.log4j.core.layout.PatternLayout].
DEBUG StatusLogger PatternLayout$Builder(noConsoleNoAnsi="null", header="null", disableAnsi="null", charset="null", footer="null", pattern="%-5p : %m%n", PatternSelector=null, Replace=null, alwaysWriteExceptions="null", Configuration(HiveLog4j2Test))
DEBUG StatusLogger Building Plugin[name=appender, class=org.apache.hadoop.hive.ql.log.HushableRandomAccessFileAppender].
DEBUG StatusLogger createAppender(fileName="/home/alex/Repositories/hive/beeline/target/tmp/alex/operation_logs/6c893bab-d463-4b5f-bec2-b28e89cc5ba1/alex_20240424080859_19217472-4e95-4262-8662-8dcfafb23693", append="null", name="query-file-appender", immediateFlush="null", bufferSize="null", ignoreExceptions="null", PatternLayout(org.apache.logging.log4j.core.layout.PatternLayout with name PatternLayout), NameFilter(org.apache.hadoop.hive.ql.log.LogDivertAppender$NameFilter with name NameFilter), advertise="null", advertiseURI="null", Configuration(HiveLog4j2Test))
DEBUG StatusLogger Starting RandomAccessFileManager /home/alex/Repositories/hive/beeline/target/tmp/alex/operation_logs/6c893bab-d463-4b5f-bec2-b28e89cc5ba1/alex_20240424080859_19217472-4e95-4262-8662-8dcfafb23693
DEBUG StatusLogger Building Plugin[name=, class=org.apache.hadoop.hive.ql.log.LogDivertAppenderForTest$TestFilter].
DEBUG StatusLogger createFilter()
DEBUG StatusLogger Building Plugin[name=, class=org.apache.logging.log4j.core.layout.PatternLayout].
DEBUG StatusLogger PatternLayout$Builder(alwaysWriteExceptions="null", header="null", noConsoleNoAnsi="null", Configuration(HiveLog4j2Test), disableAnsi="null", charset="null", footer="null", Replace=null, pattern="%-5p : %m%n", PatternSelector=null)
DEBUG StatusLogger Building Plugin[name=appender, class=org.apache.hadoop.hive.ql.log.HushableRandomAccessFileAppender].
DEBUG StatusLogger createAppender(fileName="/home/alex/Repositories/hive/beeline/target/tmp/alex/operation_logs/6c893bab-d463-4b5f-bec2-b28e89cc5ba1/alex_20240424080859_19217472-4e95-4262-8662-8dcfafb23693.test", append="null", name="test-query-file-appender", immediateFlush="null", bufferSize="null", ignoreExceptions="null", PatternLayout(org.apache.logging.log4j.core.layout.PatternLayout with name PatternLayout), test-filter(org.apache.hadoop.hive.ql.log.LogDivertAppenderForTest$TestFilter with name test-filter), advertise="null", advertiseURI="null", Configuration(HiveLog4j2Test))
DEBUG StatusLogger Starting RandomAccessFileManager /home/alex/Repositories/hive/beeline/target/tmp/alex/operation_logs/6c893bab-d463-4b5f-bec2-b28e89cc5ba1/alex_20240424080859_19217472-4e95-4262-8662-8dcfafb23693.test
2024-04-24T08:08:59,738  INFO [6c893bab-d463-4b5f-bec2-b28e89cc5ba1 main] operation.HiveCommandOperation: [opType=EXECUTE_STATEMENT, queryId=alex_20240424080859_19217472-4e95-4262-8662-8dcfafb23693, startTime=1713971339729, sessionId=6c893bab-d463-4b5f-bec2-b28e89cc5ba1, createTime=1713971339668, userName=null, ipAddress=null]
2024-04-24T08:08:59,854  INFO [6c893bab-d463-4b5f-bec2-b28e89cc5ba1 main] common.LogUtils: Unregistered logging context.
2024-04-24T08:08:59,856  INFO [6c893bab-d463-4b5f-bec2-b28e89cc5ba1 main] operation.OperationManager: Closing operation: OperationHandle [opType=EXECUTE_STATEMENT, getHandleIdentifier()=fbbfec35-0c78-4bd1-89c3-5dea407c8f73]
2024-04-24T08:08:59,856  INFO [6c893bab-d463-4b5f-bec2-b28e89cc5ba1 main] operation.OperationManager: Removed queryId: alex_20240424080859_19217472-4e95-4262-8662-8dcfafb23693 corresponding to operation: OperationHandle [opType=EXECUTE_STATEMENT, getHandleIdentifier()=fbbfec35-0c78-4bd1-89c3-5dea407c8f73] with tag: null
2024-04-24T08:08:59,856  INFO [6c893bab-d463-4b5f-bec2-b28e89cc5ba1 main] operation.HiveCommandOperation: Closing operation log /home/alex/Repositories/hive/beeline/target/tmp/alex/operation_logs/6c893bab-d463-4b5f-bec2-b28e89cc5ba1/alex_20240424080859_19217472-4e95-4262-8662-8dcfafb23693 without delay
2024-04-24T08:09:23,095  INFO [6c893bab-d463-4b5f-bec2-b28e89cc5ba1 main] session.HiveSessionImpl: executing select "hive"
2024-04-24T08:09:23,096  INFO [6c893bab-d463-4b5f-bec2-b28e89cc5ba1 main] operation.OperationManager: Adding operation: OperationHandle [opType=EXECUTE_STATEMENT, getHandleIdentifier()=344bcf9f-cb3a-44a3-9764-b31c0e00f567] SessionHandle [6c893bab-d463-4b5f-bec2-b28e89cc5ba1]
2024-04-24T08:09:23,097  INFO [6c893bab-d463-4b5f-bec2-b28e89cc5ba1 main] common.LogUtils: Thread context registration is done.
DEBUG StatusLogger Building Plugin[name=filter, class=org.apache.hadoop.hive.ql.log.LogDivertAppender$NameFilter].
DEBUG StatusLogger createFilter(loggingLevel="EXECUTION")
DEBUG StatusLogger Building Plugin[name=layout, class=org.apache.logging.log4j.core.layout.PatternLayout].
DEBUG StatusLogger PatternLayout$Builder(disableAnsi="null", noConsoleNoAnsi="null", pattern="%-5p : %m%n", PatternSelector=null, charset="null", Configuration(HiveLog4j2Test), alwaysWriteExceptions="null", header="null", Replace=null, footer="null")
DEBUG StatusLogger Building Plugin[name=appender, class=org.apache.hadoop.hive.ql.log.HushableRandomAccessFileAppender].
DEBUG StatusLogger createAppender(fileName="/home/alex/Repositories/hive/beeline/target/tmp/alex/operation_logs/6c893bab-d463-4b5f-bec2-b28e89cc5ba1/alex_20240424080923_c584e6e6-7c9e-4ff7-a780-edb8efc187c0", append="null", name="query-file-appender", immediateFlush="null", bufferSize="null", ignoreExceptions="null", PatternLayout(org.apache.logging.log4j.core.layout.PatternLayout with name PatternLayout), NameFilter(org.apache.hadoop.hive.ql.log.LogDivertAppender$NameFilter with name NameFilter), advertise="null", advertiseURI="null", Configuration(HiveLog4j2Test))
DEBUG StatusLogger Starting RandomAccessFileManager /home/alex/Repositories/hive/beeline/target/tmp/alex/operation_logs/6c893bab-d463-4b5f-bec2-b28e89cc5ba1/alex_20240424080923_c584e6e6-7c9e-4ff7-a780-edb8efc187c0
DEBUG StatusLogger Building Plugin[name=, class=org.apache.hadoop.hive.ql.log.LogDivertAppenderForTest$TestFilter].
DEBUG StatusLogger createFilter()
DEBUG StatusLogger Building Plugin[name=, class=org.apache.logging.log4j.core.layout.PatternLayout].
DEBUG StatusLogger PatternLayout$Builder(footer="null", Configuration(HiveLog4j2Test), PatternSelector=null, charset="null", disableAnsi="null", pattern="%-5p : %m%n", noConsoleNoAnsi="null", header="null", Replace=null, alwaysWriteExceptions="null")
DEBUG StatusLogger Building Plugin[name=appender, class=org.apache.hadoop.hive.ql.log.HushableRandomAccessFileAppender].
DEBUG StatusLogger createAppender(fileName="/home/alex/Repositories/hive/beeline/target/tmp/alex/operation_logs/6c893bab-d463-4b5f-bec2-b28e89cc5ba1/alex_20240424080923_c584e6e6-7c9e-4ff7-a780-edb8efc187c0.test", append="null", name="test-query-file-appender", immediateFlush="null", bufferSize="null", ignoreExceptions="null", PatternLayout(org.apache.logging.log4j.core.layout.PatternLayout with name PatternLayout), test-filter(org.apache.hadoop.hive.ql.log.LogDivertAppenderForTest$TestFilter with name test-filter), advertise="null", advertiseURI="null", Configuration(HiveLog4j2Test))
DEBUG StatusLogger Starting RandomAccessFileManager /home/alex/Repositories/hive/beeline/target/tmp/alex/operation_logs/6c893bab-d463-4b5f-bec2-b28e89cc5ba1/alex_20240424080923_c584e6e6-7c9e-4ff7-a780-edb8efc187c0.test
2024-04-24T08:09:23,105  INFO [6c893bab-d463-4b5f-bec2-b28e89cc5ba1 main] operation.SQLOperation: [opType=EXECUTE_STATEMENT, queryId=alex_20240424080923_c584e6e6-7c9e-4ff7-a780-edb8efc187c0, startTime=1713971363095, sessionId=6c893bab-d463-4b5f-bec2-b28e89cc5ba1, createTime=1713971339668, userName=null, ipAddress=null]
2024-04-24T08:09:23,105  INFO [6c893bab-d463-4b5f-bec2-b28e89cc5ba1 main] ql.Driver: Compiling command(queryId=alex_20240424080923_c584e6e6-7c9e-4ff7-a780-edb8efc187c0): select "hive"
2024-04-24T08:09:23,108  INFO [6c893bab-d463-4b5f-bec2-b28e89cc5ba1 main] metastore.HiveMetaStoreClient: HMS client filtering is enabled.
2024-04-24T08:09:23,109  INFO [6c893bab-d463-4b5f-bec2-b28e89cc5ba1 main] metastore.HMSHandler: 0: Opening raw store with implementation class:org.apache.hadoop.hive.metastore.ObjectStore
2024-04-24T08:09:23,109  INFO [6c893bab-d463-4b5f-bec2-b28e89cc5ba1 main] metastore.PersistenceManagerProvider: Configuration datanucleus.autoStartMechanismMode is not set. Defaulting to 'ignored'
2024-04-24T08:09:23,109  INFO [6c893bab-d463-4b5f-bec2-b28e89cc5ba1 main] metastore.ObjectStore: RawStore: org.apache.hadoop.hive.metastore.ObjectStore@45a4587d, with PersistenceManager: null will be shutdown
2024-04-24T08:09:23,110  INFO [6c893bab-d463-4b5f-bec2-b28e89cc5ba1 main] metastore.ObjectStore: RawStore: org.apache.hadoop.hive.metastore.ObjectStore@45a4587d, with PersistenceManager: org.datanucleus.api.jdo.JDOPersistenceManager@70a91d72 created in the thread with id: 1
2024-04-24T08:09:23,112  INFO [6c893bab-d463-4b5f-bec2-b28e89cc5ba1 main] metastore.HMSHandler: Created RawStore: org.apache.hadoop.hive.metastore.ObjectStore@45a4587d from thread id: 1
2024-04-24T08:09:23,112  INFO [6c893bab-d463-4b5f-bec2-b28e89cc5ba1 main] metastore.HMSHandler: HMS server filtering is disabled by configuration
2024-04-24T08:09:23,112  INFO [6c893bab-d463-4b5f-bec2-b28e89cc5ba1 main] metastore.RetryingMetaStoreClient: RetryingMetaStoreClient proxy=class org.apache.hadoop.hive.ql.metadata.SessionHiveMetaStoreClient ugi=alex (auth:SIMPLE) retries=1 delay=1 lifetime=0
2024-04-24T08:09:23,113  INFO [6c893bab-d463-4b5f-bec2-b28e89cc5ba1 main] parse.CalcitePlanner: Starting caching scope for: alex_20240424080923_c584e6e6-7c9e-4ff7-a780-edb8efc187c0
2024-04-24T08:09:23,113  INFO [6c893bab-d463-4b5f-bec2-b28e89cc5ba1 main] parse.CalcitePlanner: Starting Semantic Analysis
2024-04-24T08:09:23,113  INFO [6c893bab-d463-4b5f-bec2-b28e89cc5ba1 main] sqlstd.SQLStdHiveAccessController: Created SQLStdHiveAccessController for session context : HiveAuthzSessionContext [sessionString=6c893bab-d463-4b5f-bec2-b28e89cc5ba1, clientType=HIVESERVER2]
2024-04-24T08:09:23,113  INFO [6c893bab-d463-4b5f-bec2-b28e89cc5ba1 main] parse.CalcitePlanner: Completed phase 1 of Semantic Analysis
2024-04-24T08:09:23,113  INFO [6c893bab-d463-4b5f-bec2-b28e89cc5ba1 main] parse.CalcitePlanner: Get metadata for source tables
2024-04-24T08:09:23,113  INFO [6c893bab-d463-4b5f-bec2-b28e89cc5ba1 main] parse.CalcitePlanner: Get metadata for subqueries
2024-04-24T08:09:23,113  INFO [6c893bab-d463-4b5f-bec2-b28e89cc5ba1 main] parse.CalcitePlanner: Get metadata for destination tables
2024-04-24T08:09:23,113  INFO [6c893bab-d463-4b5f-bec2-b28e89cc5ba1 main] parse.CalcitePlanner: Completed getting MetaData in Semantic Analysis
2024-04-24T08:09:23,147  INFO [6c893bab-d463-4b5f-bec2-b28e89cc5ba1 main] HiveMetaStore.audit: ugi=alex	ip=unknown-ip-addr	cmd=get_all_table_constraints : tbl=hive._dummy_database._dummy_table	
2024-04-24T08:09:23,242  INFO [6c893bab-d463-4b5f-bec2-b28e89cc5ba1 main] parse.CalcitePlanner: Get metadata for source tables
2024-04-24T08:09:23,242  INFO [6c893bab-d463-4b5f-bec2-b28e89cc5ba1 main] HiveMetaStore.audit: ugi=alex	ip=unknown-ip-addr	cmd=get_table : tbl=hive._dummy_database._dummy_table	
2024-04-24T08:09:23,246  INFO [6c893bab-d463-4b5f-bec2-b28e89cc5ba1 main] parse.CalcitePlanner: Get metadata for subqueries
2024-04-24T08:09:23,246  INFO [6c893bab-d463-4b5f-bec2-b28e89cc5ba1 main] parse.CalcitePlanner: Get metadata for destination tables
2024-04-24T08:09:23,255  INFO [6c893bab-d463-4b5f-bec2-b28e89cc5ba1 main] common.FileUtils: Creating directory if it doesn't exist: file:/home/alex/Repositories/hive/beeline/target/tmp/alex/6c893bab-d463-4b5f-bec2-b28e89cc5ba1/hive_2024-04-24_08-09-23_105_409508214701422858-1/-mr-10001/.hive-staging_hive_2024-04-24_08-09-23_105_409508214701422858-1
2024-04-24T08:09:23,263  INFO [6c893bab-d463-4b5f-bec2-b28e89cc5ba1 main] parse.CalcitePlanner: CBO Succeeded; optimized logical plan.
2024-04-24T08:09:23,268  INFO [6c893bab-d463-4b5f-bec2-b28e89cc5ba1 main] optimizer.BucketVersionPopulator: not considering bucketingVersion for: TS[0] because it has -1<2 buckets 
2024-04-24T08:09:23,269  INFO [6c893bab-d463-4b5f-bec2-b28e89cc5ba1 main] parse.CalcitePlanner: Completed plan generation
2024-04-24T08:09:23,269  INFO [6c893bab-d463-4b5f-bec2-b28e89cc5ba1 main] parse.CalcitePlanner: Ending caching scope for: alex_20240424080923_c584e6e6-7c9e-4ff7-a780-edb8efc187c0
2024-04-24T08:09:23,269  INFO [6c893bab-d463-4b5f-bec2-b28e89cc5ba1 main] ql.Driver: Semantic Analysis Completed (retrial = false)
2024-04-24T08:09:23,270  INFO [6c893bab-d463-4b5f-bec2-b28e89cc5ba1 main] ql.Driver: Created Hive schema: Schema(fieldSchemas:[FieldSchema(name:_c0, type:string, comment:null)], properties:null)
2024-04-24T08:09:23,271  INFO [6c893bab-d463-4b5f-bec2-b28e89cc5ba1 main] exec.TableScanOperator: Initializing Operator: TS[0]
2024-04-24T08:09:23,273  INFO [6c893bab-d463-4b5f-bec2-b28e89cc5ba1 main] exec.SelectOperator: Initializing Operator: SEL[1]
2024-04-24T08:09:23,273  INFO [6c893bab-d463-4b5f-bec2-b28e89cc5ba1 main] exec.SelectOperator: SELECT null
2024-04-24T08:09:23,273  INFO [6c893bab-d463-4b5f-bec2-b28e89cc5ba1 main] exec.ListSinkOperator: Initializing Operator: LIST_SINK[3]
2024-04-24T08:09:23,273  INFO [6c893bab-d463-4b5f-bec2-b28e89cc5ba1 main] metadata.Hive: Dumping metastore api call timing information for : compilation phase
2024-04-24T08:09:23,274  INFO [6c893bab-d463-4b5f-bec2-b28e89cc5ba1 main] metadata.Hive: Total time spent in each metastore function (ms): {getAllTableConstraints_(AllTableConstraintsRequest)=6, flushCache_()=0, isCompatibleWith_(Configuration)=0}
2024-04-24T08:09:23,274  INFO [6c893bab-d463-4b5f-bec2-b28e89cc5ba1 main] ql.Driver: Completed compiling command(queryId=alex_20240424080923_c584e6e6-7c9e-4ff7-a780-edb8efc187c0); Time taken: 0.168 seconds
2024-04-24T08:09:23,277  INFO [HiveServer2-Background-Pool: Thread-719] common.LogUtils: Thread context registration is done.
2024-04-24T08:09:23,277  INFO [HiveServer2-Background-Pool: Thread-719] reexec.ReExecDriver: Execution #1 of query
2024-04-24T08:09:23,278  INFO [HiveServer2-Background-Pool: Thread-719] ql.Driver: Concurrency mode is disabled, not creating a lock manager
2024-04-24T08:09:23,278  INFO [6c893bab-d463-4b5f-bec2-b28e89cc5ba1 main] common.LogUtils: Unregistered logging context.
2024-04-24T08:09:23,278  INFO [HiveServer2-Background-Pool: Thread-719] ql.Driver: Executing command(queryId=alex_20240424080923_c584e6e6-7c9e-4ff7-a780-edb8efc187c0): select "hive"
2024-04-24T08:09:23,279  INFO [HiveServer2-Background-Pool: Thread-719] metadata.Hive: Dumping metastore api call timing information for : execution phase
2024-04-24T08:09:23,279  INFO [HiveServer2-Background-Pool: Thread-719] metadata.Hive: Total time spent in each metastore function (ms): {}
2024-04-24T08:09:23,280  INFO [HiveServer2-Background-Pool: Thread-719] ql.Driver: Completed executing command(queryId=alex_20240424080923_c584e6e6-7c9e-4ff7-a780-edb8efc187c0); Time taken: 0.001 seconds
2024-04-24T08:09:23,281  INFO [HiveServer2-Background-Pool: Thread-719] common.LogUtils: Unregistered logging context.
2024-04-24T08:09:23,285  INFO [6c893bab-d463-4b5f-bec2-b28e89cc5ba1 main] operation.OperationManager: Closing operation: OperationHandle [opType=EXECUTE_STATEMENT, getHandleIdentifier()=344bcf9f-cb3a-44a3-9764-b31c0e00f567]
2024-04-24T08:09:23,286  INFO [6c893bab-d463-4b5f-bec2-b28e89cc5ba1 main] operation.OperationManager: Removed queryId: alex_20240424080923_c584e6e6-7c9e-4ff7-a780-edb8efc187c0 corresponding to operation: OperationHandle [opType=EXECUTE_STATEMENT, getHandleIdentifier()=344bcf9f-cb3a-44a3-9764-b31c0e00f567] with tag: null
2024-04-24T08:09:23,286  INFO [6c893bab-d463-4b5f-bec2-b28e89cc5ba1 main] ql.Context: Deleting scratch dir: file:/home/alex/Repositories/hive/beeline/target/tmp/alex/6c893bab-d463-4b5f-bec2-b28e89cc5ba1/hive_2024-04-24_08-09-23_105_409508214701422858-1
2024-04-24T08:09:23,286  INFO [6c893bab-d463-4b5f-bec2-b28e89cc5ba1 main] cleanup.EventualCleanupService: Delete file:/home/alex/Repositories/hive/beeline/target/tmp/alex/6c893bab-d463-4b5f-bec2-b28e89cc5ba1/hive_2024-04-24_08-09-23_105_409508214701422858-1 operation was queued
2024-04-24T08:09:23,286  INFO [6c893bab-d463-4b5f-bec2-b28e89cc5ba1 main] exec.TableScanOperator: Closing Operator: TS[0]
2024-04-24T08:09:23,286  INFO [6c893bab-d463-4b5f-bec2-b28e89cc5ba1 main] exec.TableScanOperator: RECORDS_OUT_INTERMEDIATE:0, RECORDS_OUT_OPERATOR_TS_0:0, 
2024-04-24T08:09:23,286  INFO [6c893bab-d463-4b5f-bec2-b28e89cc5ba1 main] exec.SelectOperator: Closing Operator: SEL[1]
2024-04-24T08:09:23,287  INFO [6c893bab-d463-4b5f-bec2-b28e89cc5ba1 main] exec.SelectOperator: RECORDS_OUT_OPERATOR_SEL_1:0, RECORDS_OUT_INTERMEDIATE:0, 
2024-04-24T08:09:23,287  INFO [EventualCleanupService thread 0] cleanup.EventualCleanupService: Deleted file:/home/alex/Repositories/hive/beeline/target/tmp/alex/6c893bab-d463-4b5f-bec2-b28e89cc5ba1/hive_2024-04-24_08-09-23_105_409508214701422858-1
2024-04-24T08:09:23,287  INFO [6c893bab-d463-4b5f-bec2-b28e89cc5ba1 main] exec.ListSinkOperator: Closing Operator: LIST_SINK[3]
2024-04-24T08:09:23,287  INFO [6c893bab-d463-4b5f-bec2-b28e89cc5ba1 main] exec.ListSinkOperator: RECORDS_OUT_OPERATOR_LIST_SINK_3:0, RECORDS_OUT_INTERMEDIATE:0, 
2024-04-24T08:09:23,287  INFO [6c893bab-d463-4b5f-bec2-b28e89cc5ba1 main] operation.SQLOperation: Closing operation log /home/alex/Repositories/hive/beeline/target/tmp/alex/operation_logs/6c893bab-d463-4b5f-bec2-b28e89cc5ba1/alex_20240424080923_c584e6e6-7c9e-4ff7-a780-edb8efc187c0 without delay
2024-04-24T08:09:23,288  INFO [main] service.CompositeService: Session closed, SessionHandle [6c893bab-d463-4b5f-bec2-b28e89cc5ba1], current sessions:0
2024-04-24T08:09:23,288  INFO [6c893bab-d463-4b5f-bec2-b28e89cc5ba1 main] session.HiveSessionImpl: Operation log session directory is deleted: /home/alex/Repositories/hive/beeline/target/tmp/alex/operation_logs/6c893bab-d463-4b5f-bec2-b28e89cc5ba1
2024-04-24T08:09:23,288  INFO [main] cleanup.EventualCleanupService: Delete /tmp/hive/alex/6c893bab-d463-4b5f-bec2-b28e89cc5ba1 operation was queued
2024-04-24T08:09:23,288  INFO [main] cleanup.EventualCleanupService: Delete /home/alex/Repositories/hive/beeline/target/tmp/alex/6c893bab-d463-4b5f-bec2-b28e89cc5ba1 operation was queued
2024-04-24T08:09:23,289  INFO [EventualCleanupService thread 2] cleanup.EventualCleanupService: Deleted /home/alex/Repositories/hive/beeline/target/tmp/alex/6c893bab-d463-4b5f-bec2-b28e89cc5ba1
2024-04-24T08:09:23,289  INFO [EventualCleanupService thread 1] cleanup.EventualCleanupService: Deleted /tmp/hive/alex/6c893bab-d463-4b5f-bec2-b28e89cc5ba1
2024-04-24T08:09:23,290  INFO [main] HiveMetaStore.audit: ugi=alex	ip=unknown-ip-addr	cmd=Cleaning up thread local RawStore...	
2024-04-24T08:09:23,290  INFO [main] metastore.ObjectStore: RawStore: org.apache.hadoop.hive.metastore.ObjectStore@45a4587d, with PersistenceManager: org.datanucleus.api.jdo.JDOPersistenceManager@70a91d72 will be shutdown
2024-04-24T08:09:23,290  INFO [main] HiveMetaStore.audit: ugi=alex	ip=unknown-ip-addr	cmd=Done cleaning up thread local RawStore	
2024-04-24T08:09:23,290  INFO [main] metastore.HiveMetaStoreClient: Closed a connection to metastore, current connections: -46
2024-04-24T08:09:23,290 ERROR [main] cli.TestHiveCli: Failed due to the error:Connecting to jdbc:hive2://
Hive Session ID = fce362b8-6db9-4d5a-b899-08403688565f
ivysettings.xml file not found in HIVE_HOME or HIVE_CONF_DIR,/home/alex/Repositories/hive/conf/ivysettings.xml will be used
ivysettings.xml file not found in HIVE_HOME or HIVE_CONF_DIR,/home/alex/Repositories/hive/conf/ivysettings.xml will be used
Connected to: Apache Hive (version 4.0.0-SNAPSHOT)
Error: Couldn't load manifest attributes. (state=,code=0)
Transaction isolation: TRANSACTION_REPEATABLE_READ
. . > INFO  : Compiling command(queryId=alex_20240424080923_c584e6e6-7c9e-4ff7-a780-edb8efc187c0): select "hive"
INFO  : Semantic Analysis Completed (retrial = false)
INFO  : Created Hive schema: Schema(fieldSchemas:[FieldSchema(name:_c0, type:string, comment:null)], properties:null)
INFO  : Completed compiling command(queryId=alex_20240424080923_c584e6e6-7c9e-4ff7-a780-edb8efc187c0); Time taken: 0.168 seconds
INFO  : Concurrency mode is disabled, not creating a lock manager
INFO  : Executing command(queryId=alex_20240424080923_c584e6e6-7c9e-4ff7-a780-edb8efc187c0): select "hive"
INFO  : Completed executing command(queryId=alex_20240424080923_c584e6e6-7c9e-4ff7-a780-edb8efc187c0); Time taken: 0.001 seconds
DEBUG : Shutting down query select "hive"
Error: Failed to wait for operation to complete (state=08S01,code=0)
Closing: 0: jdbc:hive2://

]]></system-err>
  </testcase>
</testsuite>