<?xml version="1.0" encoding="UTF-8"?>
<testsuite xmlns:xsi="http://www.w3.org/2001/XMLSchema-instance" xsi:noNamespaceSchemaLocation="https://maven.apache.org/surefire/maven-surefire-plugin/xsd/surefire-test-report-3.0.xsd" version="3.0" name="org.apache.nifi.toolkit.tls.service.TlsCertificateAuthorityTest" time="1.35" tests="4" errors="0" skipped="0" failures="0">
  <properties>
    <property name="sun.desktop" value="gnome"/>
    <property name="awt.toolkit" value="sun.awt.X11.XToolkit"/>
    <property name="file.encoding.pkg" value="sun.io"/>
    <property name="nondexStart" value="0"/>
    <property name="java.specification.version" value="1.8"/>
    <property name="sun.cpu.isalist" value=""/>
    <property name="sun.jnu.encoding" value="UTF-8"/>
    <property name="java.class.path" value="/home/alex/Repositories/nifi/nifi-toolkit/nifi-toolkit-tls/target/test-classes:/home/alex/Repositories/nifi/nifi-toolkit/nifi-toolkit-tls/target/classes:/home/alex/Repositories/nifi/nifi-commons/nifi-properties/target/classes:/home/alex/Repositories/nifi/nifi-commons/nifi-property-utils/target/classes:/home/alex/Repositories/nifi/nifi-commons/nifi-security-utils/target/classes:/home/alex/Repositories/nifi/nifi-api/target/classes:/home/alex/Repositories/nifi/nifi-commons/nifi-utils/target/classes:/home/alex/Repositories/nifi/nifi-commons/nifi-security-utils-api/target/classes:/home/alex/Repositories/nifi/nifi-commons/nifi-security-kms/target/classes:/home/alex/.m2/repository/org/apache/commons/commons-lang3/3.12.0/commons-lang3-3.12.0.jar:/home/alex/.m2/repository/commons-codec/commons-codec/1.14/commons-codec-1.14.jar:/home/alex/.m2/repository/at/favre/lib/bcrypt/0.9.0/bcrypt-0.9.0.jar:/home/alex/.m2/repository/at/favre/lib/bytes/1.3.0/bytes-1.3.0.jar:/home/alex/.m2/repository/org/apache/commons/commons-configuration2/2.7/commons-configuration2-2.7.jar:/home/alex/.m2/repository/org/apache/commons/commons-text/1.8/commons-text-1.8.jar:/home/alex/.m2/repository/org/slf4j/slf4j-api/1.7.32/slf4j-api-1.7.32.jar:/home/alex/.m2/repository/org/bouncycastle/bcpkix-jdk15on/1.69/bcpkix-jdk15on-1.69.jar:/home/alex/.m2/repository/org/bouncycastle/bcutil-jdk15on/1.69/bcutil-jdk15on-1.69.jar:/home/alex/.m2/repository/org/bouncycastle/bcprov-jdk15on/1.69/bcprov-jdk15on-1.69.jar:/home/alex/.m2/repository/commons-cli/commons-cli/1.4/commons-cli-1.4.jar:/home/alex/.m2/repository/commons-io/commons-io/2.10.0/commons-io-2.10.0.jar:/home/alex/.m2/repository/org/eclipse/jetty/jetty-server/9.4.44.v20210927/jetty-server-9.4.44.v20210927.jar:/home/alex/.m2/repository/javax/servlet/javax.servlet-api/3.1.0/javax.servlet-api-3.1.0.jar:/home/alex/.m2/repository/org/eclipse/jetty/jetty-http/9.4.44.v20210927/jetty-http-9.4.44.v20210927.jar:/home/alex/.m2/repository/org/eclipse/jetty/jetty-util/9.4.44.v20210927/jetty-util-9.4.44.v20210927.jar:/home/alex/.m2/repository/org/eclipse/jetty/jetty-io/9.4.44.v20210927/jetty-io-9.4.44.v20210927.jar:/home/alex/.m2/repository/org/glassfish/jersey/core/jersey-client/2.33/jersey-client-2.33.jar:/home/alex/.m2/repository/jakarta/ws/rs/jakarta.ws.rs-api/2.1.6/jakarta.ws.rs-api-2.1.6.jar:/home/alex/.m2/repository/org/glassfish/jersey/core/jersey-common/2.33/jersey-common-2.33.jar:/home/alex/.m2/repository/jakarta/annotation/jakarta.annotation-api/1.3.5/jakarta.annotation-api-1.3.5.jar:/home/alex/.m2/repository/org/glassfish/hk2/osgi-resource-locator/1.0.3/osgi-resource-locator-1.0.3.jar:/home/alex/.m2/repository/org/glassfish/hk2/external/jakarta.inject/2.6.1/jakarta.inject-2.6.1.jar:/home/alex/.m2/repository/org/glassfish/jersey/inject/jersey-hk2/2.33/jersey-hk2-2.33.jar:/home/alex/.m2/repository/org/glassfish/hk2/hk2-locator/2.6.1/hk2-locator-2.6.1.jar:/home/alex/.m2/repository/org/glassfish/hk2/external/aopalliance-repackaged/2.6.1/aopalliance-repackaged-2.6.1.jar:/home/alex/.m2/repository/org/glassfish/hk2/hk2-api/2.6.1/hk2-api-2.6.1.jar:/home/alex/.m2/repository/org/glassfish/hk2/hk2-utils/2.6.1/hk2-utils-2.6.1.jar:/home/alex/.m2/repository/org/javassist/javassist/3.25.0-GA/javassist-3.25.0-GA.jar:/home/alex/.m2/repository/com/fasterxml/jackson/core/jackson-databind/2.12.3/jackson-databind-2.12.3.jar:/home/alex/.m2/repository/com/fasterxml/jackson/core/jackson-annotations/2.12.3/jackson-annotations-2.12.3.jar:/home/alex/.m2/repository/com/fasterxml/jackson/core/jackson-core/2.12.3/jackson-core-2.12.3.jar:/home/alex/.m2/repository/org/apache/httpcomponents/httpclient/4.5.5/httpclient-4.5.5.jar:/home/alex/.m2/repository/org/apache/httpcomponents/httpcore/4.4.9/httpcore-4.4.9.jar:/home/alex/.m2/repository/commons-logging/commons-logging/1.2/commons-logging-1.2.jar:/home/alex/.m2/repository/org/slf4j/slf4j-simple/1.7.32/slf4j-simple-1.7.32.jar:/home/alex/.m2/repository/org/junit/jupiter/junit-jupiter-api/5.7.2/junit-jupiter-api-5.7.2.jar:/home/alex/.m2/repository/org/apiguardian/apiguardian-api/1.1.0/apiguardian-api-1.1.0.jar:/home/alex/.m2/repository/org/opentest4j/opentest4j/1.2.0/opentest4j-1.2.0.jar:/home/alex/.m2/repository/org/junit/platform/junit-platform-commons/1.7.2/junit-platform-commons-1.7.2.jar:/home/alex/.m2/repository/org/junit/jupiter/junit-jupiter-engine/5.7.2/junit-jupiter-engine-5.7.2.jar:/home/alex/.m2/repository/org/junit/platform/junit-platform-engine/1.7.2/junit-platform-engine-1.7.2.jar:/home/alex/.m2/repository/org/junit/vintage/junit-vintage-engine/5.7.2/junit-vintage-engine-5.7.2.jar:/home/alex/.m2/repository/junit/junit/4.13.2/junit-4.13.2.jar:/home/alex/.m2/repository/org/hamcrest/hamcrest-core/1.3/hamcrest-core-1.3.jar:/home/alex/.m2/repository/org/junit/jupiter/junit-jupiter-params/5.7.2/junit-jupiter-params-5.7.2.jar:/home/alex/.m2/repository/org/mockito/mockito-core/3.11.2/mockito-core-3.11.2.jar:/home/alex/.m2/repository/net/bytebuddy/byte-buddy/1.11.3/byte-buddy-1.11.3.jar:/home/alex/.m2/repository/net/bytebuddy/byte-buddy-agent/1.11.3/byte-buddy-agent-1.11.3.jar:/home/alex/.m2/repository/org/objenesis/objenesis/3.2/objenesis-3.2.jar:/home/alex/.m2/repository/org/mockito/mockito-junit-jupiter/3.11.2/mockito-junit-jupiter-3.11.2.jar:/home/alex/.m2/repository/org/codehaus/groovy/groovy-test/2.5.14/groovy-test-2.5.14.jar:/home/alex/.m2/repository/org/codehaus/groovy/groovy/2.5.14/groovy-2.5.14.jar:"/>
    <property name="java.vm.vendor" value="Private Build"/>
    <property name="nondexPrintstack" value="false"/>
    <property name="sun.arch.data.model" value="64"/>
    <property name="java.vendor.url" value="http://java.oracle.com/"/>
    <property name="user.timezone" value="Europe/Lisbon"/>
    <property name="os.name" value="Linux"/>
    <property name="java.vm.specification.version" value="1.8"/>
    <property name="user.country" value="US"/>
    <property name="sun.java.launcher" value="SUN_STANDARD"/>
    <property name="sun.boot.library.path" value="/usr/lib/jvm/java-8-openjdk-amd64/jre/lib/amd64"/>
    <property name="nondexLogging" value="CONFIG"/>
    <property name="sun.java.command" value="/home/alex/Repositories/nifi/nifi-toolkit/nifi-toolkit-tls/target/surefire/surefirebooter7495236287064537361.jar /home/alex/Repositories/nifi/nifi-toolkit/nifi-toolkit-tls/target/surefire 2024-04-23T18-28-02_696-jvmRun1 surefire4082406245690902521tmp surefire_2046272025964443360805tmp"/>
    <property name="surefire.test.class.path" value="/home/alex/Repositories/nifi/nifi-toolkit/nifi-toolkit-tls/target/test-classes:/home/alex/Repositories/nifi/nifi-toolkit/nifi-toolkit-tls/target/classes:/home/alex/Repositories/nifi/nifi-commons/nifi-properties/target/classes:/home/alex/Repositories/nifi/nifi-commons/nifi-property-utils/target/classes:/home/alex/Repositories/nifi/nifi-commons/nifi-security-utils/target/classes:/home/alex/Repositories/nifi/nifi-api/target/classes:/home/alex/Repositories/nifi/nifi-commons/nifi-utils/target/classes:/home/alex/Repositories/nifi/nifi-commons/nifi-security-utils-api/target/classes:/home/alex/Repositories/nifi/nifi-commons/nifi-security-kms/target/classes:/home/alex/.m2/repository/org/apache/commons/commons-lang3/3.12.0/commons-lang3-3.12.0.jar:/home/alex/.m2/repository/commons-codec/commons-codec/1.14/commons-codec-1.14.jar:/home/alex/.m2/repository/at/favre/lib/bcrypt/0.9.0/bcrypt-0.9.0.jar:/home/alex/.m2/repository/at/favre/lib/bytes/1.3.0/bytes-1.3.0.jar:/home/alex/.m2/repository/org/apache/commons/commons-configuration2/2.7/commons-configuration2-2.7.jar:/home/alex/.m2/repository/org/apache/commons/commons-text/1.8/commons-text-1.8.jar:/home/alex/.m2/repository/org/slf4j/slf4j-api/1.7.32/slf4j-api-1.7.32.jar:/home/alex/.m2/repository/org/bouncycastle/bcpkix-jdk15on/1.69/bcpkix-jdk15on-1.69.jar:/home/alex/.m2/repository/org/bouncycastle/bcutil-jdk15on/1.69/bcutil-jdk15on-1.69.jar:/home/alex/.m2/repository/org/bouncycastle/bcprov-jdk15on/1.69/bcprov-jdk15on-1.69.jar:/home/alex/.m2/repository/commons-cli/commons-cli/1.4/commons-cli-1.4.jar:/home/alex/.m2/repository/commons-io/commons-io/2.10.0/commons-io-2.10.0.jar:/home/alex/.m2/repository/org/eclipse/jetty/jetty-server/9.4.44.v20210927/jetty-server-9.4.44.v20210927.jar:/home/alex/.m2/repository/javax/servlet/javax.servlet-api/3.1.0/javax.servlet-api-3.1.0.jar:/home/alex/.m2/repository/org/eclipse/jetty/jetty-http/9.4.44.v20210927/jetty-http-9.4.44.v20210927.jar:/home/alex/.m2/repository/org/eclipse/jetty/jetty-util/9.4.44.v20210927/jetty-util-9.4.44.v20210927.jar:/home/alex/.m2/repository/org/eclipse/jetty/jetty-io/9.4.44.v20210927/jetty-io-9.4.44.v20210927.jar:/home/alex/.m2/repository/org/glassfish/jersey/core/jersey-client/2.33/jersey-client-2.33.jar:/home/alex/.m2/repository/jakarta/ws/rs/jakarta.ws.rs-api/2.1.6/jakarta.ws.rs-api-2.1.6.jar:/home/alex/.m2/repository/org/glassfish/jersey/core/jersey-common/2.33/jersey-common-2.33.jar:/home/alex/.m2/repository/jakarta/annotation/jakarta.annotation-api/1.3.5/jakarta.annotation-api-1.3.5.jar:/home/alex/.m2/repository/org/glassfish/hk2/osgi-resource-locator/1.0.3/osgi-resource-locator-1.0.3.jar:/home/alex/.m2/repository/org/glassfish/hk2/external/jakarta.inject/2.6.1/jakarta.inject-2.6.1.jar:/home/alex/.m2/repository/org/glassfish/jersey/inject/jersey-hk2/2.33/jersey-hk2-2.33.jar:/home/alex/.m2/repository/org/glassfish/hk2/hk2-locator/2.6.1/hk2-locator-2.6.1.jar:/home/alex/.m2/repository/org/glassfish/hk2/external/aopalliance-repackaged/2.6.1/aopalliance-repackaged-2.6.1.jar:/home/alex/.m2/repository/org/glassfish/hk2/hk2-api/2.6.1/hk2-api-2.6.1.jar:/home/alex/.m2/repository/org/glassfish/hk2/hk2-utils/2.6.1/hk2-utils-2.6.1.jar:/home/alex/.m2/repository/org/javassist/javassist/3.25.0-GA/javassist-3.25.0-GA.jar:/home/alex/.m2/repository/com/fasterxml/jackson/core/jackson-databind/2.12.3/jackson-databind-2.12.3.jar:/home/alex/.m2/repository/com/fasterxml/jackson/core/jackson-annotations/2.12.3/jackson-annotations-2.12.3.jar:/home/alex/.m2/repository/com/fasterxml/jackson/core/jackson-core/2.12.3/jackson-core-2.12.3.jar:/home/alex/.m2/repository/org/apache/httpcomponents/httpclient/4.5.5/httpclient-4.5.5.jar:/home/alex/.m2/repository/org/apache/httpcomponents/httpcore/4.4.9/httpcore-4.4.9.jar:/home/alex/.m2/repository/commons-logging/commons-logging/1.2/commons-logging-1.2.jar:/home/alex/.m2/repository/org/slf4j/slf4j-simple/1.7.32/slf4j-simple-1.7.32.jar:/home/alex/.m2/repository/org/junit/jupiter/junit-jupiter-api/5.7.2/junit-jupiter-api-5.7.2.jar:/home/alex/.m2/repository/org/apiguardian/apiguardian-api/1.1.0/apiguardian-api-1.1.0.jar:/home/alex/.m2/repository/org/opentest4j/opentest4j/1.2.0/opentest4j-1.2.0.jar:/home/alex/.m2/repository/org/junit/platform/junit-platform-commons/1.7.2/junit-platform-commons-1.7.2.jar:/home/alex/.m2/repository/org/junit/jupiter/junit-jupiter-engine/5.7.2/junit-jupiter-engine-5.7.2.jar:/home/alex/.m2/repository/org/junit/platform/junit-platform-engine/1.7.2/junit-platform-engine-1.7.2.jar:/home/alex/.m2/repository/org/junit/vintage/junit-vintage-engine/5.7.2/junit-vintage-engine-5.7.2.jar:/home/alex/.m2/repository/junit/junit/4.13.2/junit-4.13.2.jar:/home/alex/.m2/repository/org/hamcrest/hamcrest-core/1.3/hamcrest-core-1.3.jar:/home/alex/.m2/repository/org/junit/jupiter/junit-jupiter-params/5.7.2/junit-jupiter-params-5.7.2.jar:/home/alex/.m2/repository/org/mockito/mockito-core/3.11.2/mockito-core-3.11.2.jar:/home/alex/.m2/repository/net/bytebuddy/byte-buddy/1.11.3/byte-buddy-1.11.3.jar:/home/alex/.m2/repository/net/bytebuddy/byte-buddy-agent/1.11.3/byte-buddy-agent-1.11.3.jar:/home/alex/.m2/repository/org/objenesis/objenesis/3.2/objenesis-3.2.jar:/home/alex/.m2/repository/org/mockito/mockito-junit-jupiter/3.11.2/mockito-junit-jupiter-3.11.2.jar:/home/alex/.m2/repository/org/codehaus/groovy/groovy-test/2.5.14/groovy-test-2.5.14.jar:/home/alex/.m2/repository/org/codehaus/groovy/groovy/2.5.14/groovy-2.5.14.jar:"/>
    <property name="nondexExecid" value="clean_CYQuoUR+DHn7toAtx39Z+XfIeW6fgOqDpqE5fShog="/>
    <property name="sun.cpu.endian" value="little"/>
    <property name="user.home" value="/home/alex"/>
    <property name="user.language" value="en"/>
    <property name="java.specification.vendor" value="Oracle Corporation"/>
    <property name="java.home" value="/usr/lib/jvm/java-8-openjdk-amd64/jre"/>
    <property name="basedir" value="/home/alex/Repositories/nifi/nifi-toolkit/nifi-toolkit-tls"/>
    <property name="file.separator" value="/"/>
    <property name="nondexEnd" value="9223372036854775807"/>
    <property name="line.separator" value="&#10;"/>
    <property name="java.vm.specification.vendor" value="Oracle Corporation"/>
    <property name="java.specification.name" value="Java Platform API Specification"/>
    <property name="java.awt.graphicsenv" value="sun.awt.X11GraphicsEnvironment"/>
    <property name="java.awt.headless" value="true"/>
    <property name="nondexFilter" value=".*"/>
    <property name="nondexSeed" value="933178"/>
    <property name="surefire.real.class.path" value="/home/alex/Repositories/nifi/nifi-toolkit/nifi-toolkit-tls/target/surefire/surefirebooter7495236287064537361.jar"/>
    <property name="sun.boot.class.path" value="/usr/lib/jvm/java-8-openjdk-amd64/jre/lib/resources.jar:/usr/lib/jvm/java-8-openjdk-amd64/jre/lib/rt.jar:/usr/lib/jvm/java-8-openjdk-amd64/jre/lib/sunrsasign.jar:/usr/lib/jvm/java-8-openjdk-amd64/jre/lib/jsse.jar:/usr/lib/jvm/java-8-openjdk-amd64/jre/lib/jce.jar:/usr/lib/jvm/java-8-openjdk-amd64/jre/lib/charsets.jar:/usr/lib/jvm/java-8-openjdk-amd64/jre/lib/jfr.jar:/usr/lib/jvm/java-8-openjdk-amd64/jre/classes"/>
    <property name="sun.management.compiler" value="HotSpot 64-Bit Tiered Compilers"/>
    <property name="java.runtime.version" value="1.8.0_402-8u402-ga-2ubuntu1~22.04-b06"/>
    <property name="java.net.preferIPv4Stack" value="true"/>
    <property name="user.name" value="alex"/>
    <property name="path.separator" value=":"/>
    <property name="os.version" value="6.5.0-28-generic"/>
    <property name="java.endorsed.dirs" value="/usr/lib/jvm/java-8-openjdk-amd64/jre/lib/endorsed"/>
    <property name="java.runtime.name" value="OpenJDK Runtime Environment"/>
    <property name="file.encoding" value="UTF-8"/>
    <property name="java.vm.name" value="OpenJDK 64-Bit Server VM"/>
    <property name="localRepository" value="/home/alex/.m2/repository"/>
    <property name="nondexDir" value="/home/alex/Repositories/nifi/nifi-toolkit/nifi-toolkit-tls/.nondex"/>
    <property name="nondexJarDir" value=".nondex"/>
    <property name="java.vendor.url.bug" value="http://bugreport.sun.com/bugreport/"/>
    <property name="jetty.git.hash" value="8da83308eeca865e495e53ef315a249d63ba9332"/>
    <property name="java.io.tmpdir" value="/tmp"/>
    <property name="java.version" value="1.8.0_402"/>
    <property name="user.dir" value="/home/alex/Repositories/nifi/nifi-toolkit/nifi-toolkit-tls"/>
    <property name="os.arch" value="amd64"/>
    <property name="nondexMode" value="FULL"/>
    <property name="java.vm.specification.name" value="Java Virtual Machine Specification"/>
    <property name="java.awt.printerjob" value="sun.print.PSPrinterJob"/>
    <property name="sun.os.patch.level" value="unknown"/>
    <property name="java.library.path" value="/usr/java/packages/lib/amd64:/usr/lib/x86_64-linux-gnu/jni:/lib/x86_64-linux-gnu:/usr/lib/x86_64-linux-gnu:/usr/lib/jni:/lib:/usr/lib"/>
    <property name="java.vm.info" value="mixed mode"/>
    <property name="java.vendor" value="Private Build"/>
    <property name="java.vm.version" value="25.402-b06"/>
    <property name="java.specification.maintenance.version" value="5"/>
    <property name="java.ext.dirs" value="/usr/lib/jvm/java-8-openjdk-amd64/jre/lib/ext:/usr/java/packages/lib/ext"/>
    <property name="sun.io.unicode.encoding" value="UnicodeLittle"/>
    <property name="java.class.version" value="52.0"/>
  </properties>
  <testcase name="testClientPkcs12" classname="org.apache.nifi.toolkit.tls.service.TlsCertificateAuthorityTest" time="0.871">
    <system-err><![CDATA[[main] INFO org.eclipse.jetty.util.log - Logging initialized @10149ms to org.eclipse.jetty.util.log.Slf4jLog
[main] INFO org.eclipse.jetty.server.Server - jetty-9.4.44.v20210927; built: 2021-09-27T23:02:44.612Z; git: 8da83308eeca865e495e53ef315a249d63ba9332; jvm 1.8.0_402-8u402-ga-2ubuntu1~22.04-b06
[main] INFO org.eclipse.jetty.server.AbstractConnector - Started ServerConnector@561953e3{SSL, (ssl, http/1.1)}{0.0.0.0:34463}
[main] INFO org.eclipse.jetty.server.Server - Started @10218ms
[main] INFO org.apache.nifi.toolkit.tls.service.client.TlsCertificateAuthorityClient - Requesting new certificate from localhost:34463
[main] INFO org.apache.nifi.toolkit.tls.service.client.TlsCertificateSigningRequestPerformer - Requesting certificate with dn CN=otherHostname,OU=NIFI from localhost:34463
[qtp398088176-21] INFO org.apache.nifi.toolkit.tls.service.server.TlsCertificateAuthorityServiceHandler - Received CSR with DN CN=otherHostname,OU=NIFI
[qtp398088176-21] INFO org.apache.nifi.toolkit.tls.service.server.TlsCertificateAuthorityServiceHandler - Returning code:200 payload {"hmac":"6o6a9mankmVbtjMdEr9iJjOb4K31gY+GC2VUHqRP5U0=","pemEncodedCertificate":"-----BEGIN CERTIFICATE-----\nMIIDdzCCAl+gAwIBAgIKAY8MDh6aAAAAADANBgkqhkiG9w0BAQsFADAjMQ0wCwYD\nVQQLDAROSUZJMRIwEAYDVQQDDAlsb2NhbGhvc3QwHhcNMjQwNDIzMTc0MzIzWhcN\nMjQwNDI4MTc0MzIzWjAnMQ0wCwYDVQQLDAROSUZJMRYwFAYDVQQDDA1vdGhlckhv\nc3RuYW1lMIIBIjANBgkqhkiG9w0BAQEFAAOCAQ8AMIIBCgKCAQEA5eEvkMQ/DTPx\nRaG1AH9AEoykHeiIG+wIRfvnonNc3WoJCLFu4poha3asmV4+dlk7hJC7soa+T9CK\n5hTujzp3oUJq/46xuRsBtXDIF/C+32EaQSN1/fgABIBBhRpr96R/q74DqlpYYCgl\nBYNo+lskS5KNVO6nO+cRKZ1yZr+QqnZdB/L8BmpilDULRIxVK/npt/GTNZ/migJQ\nij3s9/0pRAxmXnB2SPW6H5lztAReHU9OCszi6Ay5R+yBpydy6YmESwiNuDulEaY6\nKVo40IWfrBnU7SY9vz1/Si+Z9xviCKVlg3PDwuN417FGxIVSJWLyRE80M+l9vdxP\nlRv70TMOXQIDAQABo4GoMIGlMB0GA1UdDgQWBBRyItHOzjvNiCgMOS3vg5PIz8qw\nlzAfBgNVHSMEGDAWgBQ05GKLrfzdjmVBEJVj+beZ3iRZAjAOBgNVHQ8BAf8EBAMC\nA/gwCQYDVR0TBAIwADAdBgNVHSUEFjAUBggrBgEFBQcDAgYIKwYBBQUHAwEwKQYD\nVR0RBCIwIIINb3RoZXJIb3N0bmFtZYIPbmlmaS5hcGFjaGUub3JnMA0GCSqGSIb3\nDQEBCwUAA4IBAQA0J0tQBRzDb/1FLaSOQepwV17YsTabdumJGsY88lh/9W2sBm4V\n3wnevHZecQhDzkFbP1VMtO6nYYsYO/cKWsF2DELoo8MytxPs99kyQXMSv2XqP4rK\nEjewzYmyuI62wiT/tIWqMRK5sBJ5SXih+kyZw8gyhTr4cD1z329s7mj8FpeLSwjH\nltTSUF4CbffbSt8gTpStVtUOYmrQpj9hfVX4Gaf7m+gU4yInl2zul4Auvs/0Y9g+\nawWkmJkK1qi7yjILmeoFltauT387RjDD0O6madBvc1rYm64nE7lsiwCmYEEXCfzI\nXbKLg4X2QYOp2lpjaxTBHoEdZ0G0LGxA4/Se\n-----END CERTIFICATE-----\n","error":null} to 127.0.0.1
[main] INFO org.apache.nifi.toolkit.tls.service.client.TlsCertificateSigningRequestPerformer - Got certificate with dn CN=otherHostname, OU=NIFI
[main] INFO org.eclipse.jetty.server.AbstractConnector - Stopped ServerConnector@561953e3{SSL, (ssl, http/1.1)}{0.0.0.0:34463}
]]></system-err>
  </testcase>
  <testcase name="testTokenMismatch" classname="org.apache.nifi.toolkit.tls.service.TlsCertificateAuthorityTest" time="0.146">
    <system-err><![CDATA[[main] INFO org.eclipse.jetty.server.Server - jetty-9.4.44.v20210927; built: 2021-09-27T23:02:44.612Z; git: 8da83308eeca865e495e53ef315a249d63ba9332; jvm 1.8.0_402-8u402-ga-2ubuntu1~22.04-b06
[main] INFO org.eclipse.jetty.server.AbstractConnector - Started ServerConnector@36ab3814{SSL, (ssl, http/1.1)}{0.0.0.0:36771}
[main] INFO org.eclipse.jetty.server.Server - Started @10911ms
[main] INFO org.apache.nifi.toolkit.tls.service.client.TlsCertificateAuthorityClient - Requesting new certificate from localhost:36771
[main] INFO org.apache.nifi.toolkit.tls.service.client.TlsCertificateSigningRequestPerformer - Requesting certificate with dn CN=otherHostname,OU=NIFI from localhost:36771
[qtp1174694918-30] INFO org.apache.nifi.toolkit.tls.service.server.TlsCertificateAuthorityServiceHandler - Returning code:403 payload {"hmac":null,"pemEncodedCertificate":null,"error":"forbidden"} to 127.0.0.1
[main] INFO org.eclipse.jetty.server.AbstractConnector - Stopped ServerConnector@36ab3814{SSL, (ssl, http/1.1)}{0.0.0.0:36771}
]]></system-err>
  </testcase>
  <testcase name="testClientGetCertSamePasswordsForKeyAndKeyStore" classname="org.apache.nifi.toolkit.tls.service.TlsCertificateAuthorityTest" time="0.126">
    <system-err><![CDATA[[main] INFO org.eclipse.jetty.server.Server - jetty-9.4.44.v20210927; built: 2021-09-27T23:02:44.612Z; git: 8da83308eeca865e495e53ef315a249d63ba9332; jvm 1.8.0_402-8u402-ga-2ubuntu1~22.04-b06
[main] INFO org.eclipse.jetty.server.AbstractConnector - Started ServerConnector@889a8a8{SSL, (ssl, http/1.1)}{0.0.0.0:34051}
[main] INFO org.eclipse.jetty.server.Server - Started @11032ms
[main] INFO org.apache.nifi.toolkit.tls.service.client.TlsCertificateAuthorityClient - Requesting new certificate from localhost:34051
[main] INFO org.apache.nifi.toolkit.tls.service.client.TlsCertificateSigningRequestPerformer - Requesting certificate with dn CN=otherHostname,OU=NIFI from localhost:34051
[qtp917156101-39] INFO org.apache.nifi.toolkit.tls.service.server.TlsCertificateAuthorityServiceHandler - Received CSR with DN CN=otherHostname,OU=NIFI
[qtp917156101-39] INFO org.apache.nifi.toolkit.tls.service.server.TlsCertificateAuthorityServiceHandler - Returning code:200 payload {"hmac":"YJX5wi7IdktN0lW7nFBFMQzv1mcKiiS8ji+u+tomwSI=","pemEncodedCertificate":"-----BEGIN CERTIFICATE-----\nMIIDdzCCAl+gAwIBAgIKAY8MDiD9AAAAADANBgkqhkiG9w0BAQsFADAjMQ0wCwYD\nVQQLDAROSUZJMRIwEAYDVQQDDAlsb2NhbGhvc3QwHhcNMjQwNDIzMTc0MzIzWhcN\nMjQwNDI4MTc0MzIzWjAnMQ0wCwYDVQQLDAROSUZJMRYwFAYDVQQDDA1vdGhlckhv\nc3RuYW1lMIIBIjANBgkqhkiG9w0BAQEFAAOCAQ8AMIIBCgKCAQEAqOXDn4zYIvZ/\nHTswPWi78JGnt35e/Ixzxgo+mMB+0rSZW4gcYCulXAZqiFiDCQFi+pL1NpRGkjC3\n7wmggjesBLZ4nNP4hjplPNYAba7+hea0zxqrX+Z0ibeDkpD+n2N+fbqu+Asnz/2Z\nvulvewitHcWk79Tq26J6Eqexy0R9u/IevzGkCL95ylAnjsp+GumMSYwuI+quxllU\nheJemZNn1+4TtFAcGykHOWVCf491wFVr1qh8OLBbaKBLjnpJEshdGWZeLkbgHue9\nUHpEDYYO0RSS1ger/U8QPMBHTf/Yys3TVpbzVQv/xdiQloVtt9//XW0T4L+ko6ke\n4QlDGZOtvwIDAQABo4GoMIGlMB0GA1UdDgQWBBRR1c8l7lTjjskM9MQxIImMLiQz\n3DAfBgNVHSMEGDAWgBRIsQCndI8DG179NGcu0LS4lcBQATAOBgNVHQ8BAf8EBAMC\nA/gwCQYDVR0TBAIwADAdBgNVHSUEFjAUBggrBgEFBQcDAgYIKwYBBQUHAwEwKQYD\nVR0RBCIwIIINb3RoZXJIb3N0bmFtZYIPbmlmaS5hcGFjaGUub3JnMA0GCSqGSIb3\nDQEBCwUAA4IBAQB5IXuPqTNAHOT2lmo/abfPC7xU5Tn2T5PndjXNPHiCrK+uXILM\ncj/92tYJdWDEhNTZhQllRQeaH+srKX3NkGgEF/E+h+69nWYvxzc0wxFMhuJS/ffB\nVhJlIGMMNEOYinI+JTe6wKZPpRhrral5HR5wEZQYdi/YMQAK5H4TGy7K97XYqcnn\n0Pdv2gms6YlFIH3byegG2nucg4b1sSx3EtVHXYbC/OeB62wHiMs1oJRdUdtGolbm\n3gMH2Od9rA+Mde/kSqR0GmRS9eMU4nsx0qOvWrl5N91ZCUBZxbX0Dyu/ngAYHFVx\n7BZVMWyAqvF+zkBlNifKem8T2Q6mRt7ToLLV\n-----END CERTIFICATE-----\n","error":null} to 127.0.0.1
[main] INFO org.apache.nifi.toolkit.tls.service.client.TlsCertificateSigningRequestPerformer - Got certificate with dn CN=otherHostname, OU=NIFI
[main] INFO org.eclipse.jetty.server.AbstractConnector - Stopped ServerConnector@889a8a8{SSL, (ssl, http/1.1)}{0.0.0.0:34051}
]]></system-err>
  </testcase>
  <testcase name="testClientGetCertDifferentPasswordsForKeyAndKeyStore" classname="org.apache.nifi.toolkit.tls.service.TlsCertificateAuthorityTest" time="0.206">
    <system-err><![CDATA[[main] INFO org.eclipse.jetty.server.Server - jetty-9.4.44.v20210927; built: 2021-09-27T23:02:44.612Z; git: 8da83308eeca865e495e53ef315a249d63ba9332; jvm 1.8.0_402-8u402-ga-2ubuntu1~22.04-b06
[main] INFO org.eclipse.jetty.server.AbstractConnector - Started ServerConnector@7e62cfa3{SSL, (ssl, http/1.1)}{0.0.0.0:46359}
[main] INFO org.eclipse.jetty.server.Server - Started @11157ms
[main] INFO org.apache.nifi.toolkit.tls.service.client.TlsCertificateAuthorityClient - Requesting new certificate from localhost:46359
[main] INFO org.apache.nifi.toolkit.tls.service.client.TlsCertificateSigningRequestPerformer - Requesting certificate with dn CN=otherHostname,OU=NIFI from localhost:46359
[qtp1149993098-47] INFO org.apache.nifi.toolkit.tls.service.server.TlsCertificateAuthorityServiceHandler - Received CSR with DN CN=otherHostname,OU=NIFI
[qtp1149993098-47] INFO org.apache.nifi.toolkit.tls.service.server.TlsCertificateAuthorityServiceHandler - Returning code:200 payload {"hmac":"/9Mvcz+ZHYDnUJdztneBOXeDRns8iBuLp/jM3OYV2fo=","pemEncodedCertificate":"-----BEGIN CERTIFICATE-----\nMIIDdzCCAl+gAwIBAgIKAY8MDiHNAAAAADANBgkqhkiG9w0BAQsFADAjMQ0wCwYD\nVQQLDAROSUZJMRIwEAYDVQQDDAlsb2NhbGhvc3QwHhcNMjQwNDIzMTc0MzIzWhcN\nMjQwNDI4MTc0MzIzWjAnMQ0wCwYDVQQLDAROSUZJMRYwFAYDVQQDDA1vdGhlckhv\nc3RuYW1lMIIBIjANBgkqhkiG9w0BAQEFAAOCAQ8AMIIBCgKCAQEAnvftfd55/v6o\nhgvbo1cXpxBN/SxoTD03G/GDJ6NVJLZsn5TzBWIu5Zyn9Sz84D3GRzXIYbZ1Vht8\ndnCYQvHh2bbBl6E6TO5OAICsIP52iufqishvSjhX7vXXESwJyiyDJEA1+TuLQg1c\n2CSOJMMdN12RRpkIs4r4ORyYyP4FgNMGefytb+dOrsq9CXp7hmHug9Yfhca6c9dA\nr9tHjUhnQWTdk6HoBsEm7csILXvGmiwKdqk+4bq2e8W7MHo8XPUJVV1dzJUwyhDM\n/SmLWmQuB2mC+9e+e55MGINBcJgzS54TqW0g1FzDA5ldf4w8TO/vu3A5BF/WQ8i1\nMWNXIlwWIwIDAQABo4GoMIGlMB0GA1UdDgQWBBQVtDxZbsLDK7OH7BLldk4Rl3tZ\nbTAfBgNVHSMEGDAWgBQ2ZkAAIICmkXOfqhEw1fTR0GZpSDAOBgNVHQ8BAf8EBAMC\nA/gwCQYDVR0TBAIwADAdBgNVHSUEFjAUBggrBgEFBQcDAgYIKwYBBQUHAwEwKQYD\nVR0RBCIwIIINb3RoZXJIb3N0bmFtZYIPbmlmaS5hcGFjaGUub3JnMA0GCSqGSIb3\nDQEBCwUAA4IBAQAaSQUhZo9CdrtqfYlvqBS5fG5ZAMwjemv+WNLXpl9EeBclPOEL\nW/+4gHjF8ky/IL1nfPgzF2YoCpNvQxojUbLusKkQagkOWRE5rKFzEP4u+tSGCLEy\nAcB8wq1MW3knIqSU9AB/e5raHcJYaztPs9TrbhwWcf4JVTFoMIW7sslmntfiD1Lr\nshkPoZmto3Avyof2L87uL5cYK+Hls3k2OLHimR39vLZkNrLzFome1QOUBckHxtfh\n1hTmF6IDfn795Fn9CnQZ5pFfVSomz9OPB+NnIzL88/+FkZ0BGpYMiziIgZ+LOQ9w\nv0ofTDICxNFFAPaUo2TNEj8tajp2aDDEO0Bo\n-----END CERTIFICATE-----\n","error":null} to 127.0.0.1
[main] INFO org.apache.nifi.toolkit.tls.service.client.TlsCertificateSigningRequestPerformer - Got certificate with dn CN=otherHostname, OU=NIFI
[main] INFO org.eclipse.jetty.server.AbstractConnector - Stopped ServerConnector@7e62cfa3{SSL, (ssl, http/1.1)}{0.0.0.0:46359}
]]></system-err>
  </testcase>
</testsuite>