<?xml version="1.0" encoding="UTF-8"?>
<testsuite xmlns:xsi="http://www.w3.org/2001/XMLSchema-instance" xsi:noNamespaceSchemaLocation="https://maven.apache.org/surefire/maven-surefire-plugin/xsd/surefire-test-report-3.0.xsd" version="3.0" name="org.apache.hive.hcatalog.pig.TestRCFileHCatLoader" time="227.647" tests="19" errors="18" skipped="0" failures="0">
  <properties>
    <property name="build.test.dir" value="/home/alex/Repositories/hive/hcatalog/hcatalog-pig-adapter/target/tmp"/>
    <property name="awt.toolkit" value="sun.awt.X11.XToolkit"/>
    <property name="test.tmp.dir.uri" value="file:///home/alex/Repositories/hive/hcatalog/hcatalog-pig-adapter/target/tmp"/>
    <property name="java.specification.version" value="1.8"/>
    <property name="qfile" value=""/>
    <property name="test.warehouse.dir" value="pfile:///home/alex/Repositories/hive/hcatalog/hcatalog-pig-adapter/target/warehouse"/>
    <property name="sun.cpu.isalist" value=""/>
    <property name="sun.jnu.encoding" value="UTF-8"/>
    <property name="run_disabled" value=""/>
    <property name="nondexPrintstack" value="false"/>
    <property name="sun.arch.data.model" value="64"/>
    <property name="java.vendor.url" value="http://java.oracle.com/"/>
    <property name="user.country.format" value="PT"/>
    <property name="test.tmp.dir" value="/home/alex/Repositories/hive/hcatalog/hcatalog-pig-adapter/target/tmp"/>
    <property name="sun.boot.library.path" value="/usr/lib/jvm/java-8-openjdk-amd64/jre/lib/amd64"/>
    <property name="sun.java.command" value="/home/alex/Repositories/hive/hcatalog/hcatalog-pig-adapter/target/surefire/surefirebooter4973688839032076597.jar /home/alex/Repositories/hive/hcatalog/hcatalog-pig-adapter/target/surefire 2024-04-23T21-59-46_173-jvmRun1 surefire2523741237435935573tmp surefire_38277223319079980163795tmp"/>
    <property name="nondexExecid" value="nxjEqdb5Gv7xJOjb+kqMKbUawbwn8anYtGY7ryo3M0s="/>
    <property name="java.specification.vendor" value="Oracle Corporation"/>
    <property name="java.home" value="/usr/lib/jvm/java-8-openjdk-amd64/jre"/>
    <property name="basedir" value="/home/alex/Repositories/hive/hcatalog/hcatalog-pig-adapter"/>
    <property name="file.separator" value="/"/>
    <property name="line.separator" value="&#10;"/>
    <property name="nondexEnd" value="9223372036854775807"/>
    <property name="java.specification.name" value="Java Platform API Specification"/>
    <property name="java.vm.specification.vendor" value="Oracle Corporation"/>
    <property name="derby.stream.error.file" value="/home/alex/Repositories/hive/hcatalog/hcatalog-pig-adapter/target/tmp/derby.log"/>
    <property name="sun.boot.class.path" value="/home/alex/Repositories/hive/hcatalog/hcatalog-pig-adapter/.nondex/nondex-instr.jar:/home/alex/.m2/repository/edu/illinois/nondex-common/2.1.7/nondex-common-2.1.7.jar:/home/alex/.m2/repository/edu/illinois/nondex-annotations/2.1.7/nondex-annotations-2.1.7.jar:/usr/lib/jvm/java-8-openjdk-amd64/jre/lib/resources.jar:/usr/lib/jvm/java-8-openjdk-amd64/jre/lib/rt.jar:/usr/lib/jvm/java-8-openjdk-amd64/jre/lib/sunrsasign.jar:/usr/lib/jvm/java-8-openjdk-amd64/jre/lib/jsse.jar:/usr/lib/jvm/java-8-openjdk-amd64/jre/lib/jce.jar:/usr/lib/jvm/java-8-openjdk-amd64/jre/lib/charsets.jar:/usr/lib/jvm/java-8-openjdk-amd64/jre/lib/jfr.jar:/usr/lib/jvm/java-8-openjdk-amd64/jre/classes"/>
    <property name="log4j.debug" value="true"/>
    <property name="sun.management.compiler" value="HotSpot 64-Bit Tiered Compilers"/>
    <property name="spark.home" value=""/>
    <property name="java.runtime.version" value="1.8.0_402-8u402-ga-2ubuntu1~22.04-b06"/>
    <property name="user.name" value="alex"/>
    <property name="test.src.tables" value=""/>
    <property name="file.encoding" value="UTF-8"/>
    <property name="qfile_regex" value=""/>
    <property name="hadoop.bin.path" value="/home/alex/Repositories/hive/hcatalog/hcatalog-pig-adapter/../../testutils/hadoop"/>
    <property name="localRepository" value="/home/alex/.m2/repository"/>
    <property name="nondexDir" value="/home/alex/Repositories/hive/hcatalog/hcatalog-pig-adapter/.nondex"/>
    <property name="build.dir" value="/home/alex/Repositories/hive/hcatalog/hcatalog-pig-adapter/target"/>
    <property name="mapred.job.tracker" value="local"/>
    <property name="nondexJarDir" value="/home/alex/Repositories/hive/hcatalog/hcatalog-pig-adapter/.nondex"/>
    <property name="java.io.tmpdir" value="/home/alex/Repositories/hive/hcatalog/hcatalog-pig-adapter/target/tmp"/>
    <property name="com.zaxxer.hikari.pool_number" value="3"/>
    <property name="java.version" value="1.8.0_402"/>
    <property name="hive.version" value="4.0.0-SNAPSHOT"/>
    <property name="java.vm.specification.name" value="Java Virtual Machine Specification"/>
    <property name="java.awt.printerjob" value="sun.print.PSPrinterJob"/>
    <property name="sun.os.patch.level" value="unknown"/>
    <property name="java.library.path" value="/usr/java/packages/lib/amd64:/usr/lib/x86_64-linux-gnu/jni:/lib/x86_64-linux-gnu:/usr/lib/x86_64-linux-gnu:/usr/lib/jni:/lib:/usr/lib"/>
    <property name="test.data.dir" value="/home/alex/Repositories/hive/hcatalog/hcatalog-pig-adapter/../../data/files"/>
    <property name="java.vendor" value="Private Build"/>
    <property name="java.specification.maintenance.version" value="5"/>
    <property name="sun.io.unicode.encoding" value="UnicodeLittle"/>
    <property name="initScript" value=""/>
    <property name="sun.desktop" value="gnome"/>
    <property name="calcite.enable.rexnode.digest.normalize" value="false"/>
    <property name="file.encoding.pkg" value="sun.io"/>
    <property name="nondexStart" value="0"/>
    <property name="log4j.configurationFile" value="file:///home/alex/Repositories/hive/hcatalog/hcatalog-pig-adapter/target/testconf/hive-log4j2.properties"/>
    <property name="java.class.path" value="/home/alex/Repositories/hive/hcatalog/hcatalog-pig-adapter/target/test-classes:/home/alex/Repositories/hive/hcatalog/hcatalog-pig-adapter/target/classes:/home/alex/Repositories/hive/hcatalog/core/target/classes:/home/alex/Repositories/hive/cli/target/classes:/home/alex/Repositories/hive/service/target/classes:/home/alex/Repositories/hive/llap-server/target/classes:/home/alex/.m2/repository/com/lmax/disruptor/3.3.7/disruptor-3.3.7.jar:/home/alex/Repositories/hive/llap-common/target/test-classes:/home/alex/Repositories/hive/hplsql/target/classes:/home/alex/.m2/repository/org/antlr/antlr4-runtime/4.5/antlr4-runtime-4.5.jar:/home/alex/.m2/repository/org/abego/treelayout/org.abego.treelayout.core/1.0.1/org.abego.treelayout.core-1.0.1.jar:/home/alex/.m2/repository/javax/servlet/jsp/javax.servlet.jsp-api/2.3.1/javax.servlet.jsp-api-2.3.1.jar:/home/alex/.m2/repository/org/eclipse/jetty/jetty-runner/9.3.27.v20190418/jetty-runner-9.3.27.v20190418.jar:/home/alex/.m2/repository/org/eclipse/jetty/jetty-plus/9.3.27.v20190418/jetty-plus-9.3.27.v20190418.jar:/home/alex/.m2/repository/org/eclipse/jetty/jetty-annotations/9.3.27.v20190418/jetty-annotations-9.3.27.v20190418.jar:/home/alex/.m2/repository/org/ow2/asm/asm-commons/6.0/asm-commons-6.0.jar:/home/alex/.m2/repository/org/ow2/asm/asm-tree/6.0/asm-tree-6.0.jar:/home/alex/.m2/repository/org/eclipse/jetty/jetty-jaas/9.3.27.v20190418/jetty-jaas-9.3.27.v20190418.jar:/home/alex/.m2/repository/org/eclipse/jetty/websocket/websocket-server/9.3.27.v20190418/websocket-server-9.3.27.v20190418.jar:/home/alex/.m2/repository/org/eclipse/jetty/websocket/websocket-common/9.3.27.v20190418/websocket-common-9.3.27.v20190418.jar:/home/alex/.m2/repository/org/eclipse/jetty/websocket/websocket-api/9.3.27.v20190418/websocket-api-9.3.27.v20190418.jar:/home/alex/.m2/repository/org/eclipse/jetty/websocket/websocket-client/9.3.27.v20190418/websocket-client-9.3.27.v20190418.jar:/home/alex/.m2/repository/org/eclipse/jetty/websocket/websocket-servlet/9.3.27.v20190418/websocket-servlet-9.3.27.v20190418.jar:/home/alex/.m2/repository/org/eclipse/jetty/jetty-jndi/9.3.27.v20190418/jetty-jndi-9.3.27.v20190418.jar:/home/alex/.m2/repository/org/eclipse/jetty/apache-jsp/9.3.27.v20190418/apache-jsp-9.3.27.v20190418.jar:/home/alex/.m2/repository/org/eclipse/jetty/toolchain/jetty-schemas/3.1/jetty-schemas-3.1.jar:/home/alex/.m2/repository/org/eclipse/jdt/core/compiler/ecj/4.4.2/ecj-4.4.2.jar:/home/alex/.m2/repository/org/eclipse/jetty/apache-jstl/9.3.27.v20190418/apache-jstl-9.3.27.v20190418.jar:/home/alex/.m2/repository/org/apache/taglibs/taglibs-standard-spec/1.2.5/taglibs-standard-spec-1.2.5.jar:/home/alex/.m2/repository/org/apache/taglibs/taglibs-standard-impl/1.2.5/taglibs-standard-impl-1.2.5.jar:/home/alex/.m2/repository/org/bouncycastle/bcprov-jdk15on/1.64/bcprov-jdk15on-1.64.jar:/home/alex/.m2/repository/org/apache/santuario/xmlsec/2.2.1/xmlsec-2.2.1.jar:/home/alex/.m2/repository/org/jamon/jamon-runtime/2.3.1/jamon-runtime-2.3.1.jar:/home/alex/Repositories/hive/common/target/classes:/home/alex/Repositories/hive/classification/target/classes:/home/alex/.m2/repository/org/eclipse/jetty/jetty-http/9.3.27.v20190418/jetty-http-9.3.27.v20190418.jar:/home/alex/.m2/repository/org/eclipse/jetty/jetty-rewrite/9.3.27.v20190418/jetty-rewrite-9.3.27.v20190418.jar:/home/alex/.m2/repository/org/eclipse/jetty/jetty-client/9.3.27.v20190418/jetty-client-9.3.27.v20190418.jar:/home/alex/.m2/repository/org/apache/logging/log4j/log4j-web/2.13.2/log4j-web-2.13.2.jar:/home/alex/.m2/repository/net/sf/jpam/jpam/1.1/jpam-1.1.jar:/home/alex/Repositories/hive/metastore/target/classes:/home/alex/Repositories/hive/ql/target/classes:/home/alex/.m2/repository/com/google/guava/guava/19.0/guava-19.0.jar:/home/alex/.m2/repository/com/fasterxml/jackson/core/jackson-annotations/2.12.0/jackson-annotations-2.12.0.jar:/home/alex/.m2/repository/com/fasterxml/jackson/core/jackson-core/2.12.0/jackson-core-2.12.0.jar:/home/alex/.m2/repository/com/fasterxml/jackson/core/jackson-databind/2.12.0/jackson-databind-2.12.0.jar:/home/alex/.m2/repository/org/apache/hadoop/hadoop-annotations/3.1.0/hadoop-annotations-3.1.0.jar:/usr/lib/jvm/java-8-openjdk-amd64/jre/../lib/tools.jar:/home/alex/.m2/repository/org/apache/hadoop/hadoop-archives/3.1.0/hadoop-archives-3.1.0.jar:/home/alex/.m2/repository/org/apache/hadoop/hadoop-common/3.1.0/hadoop-common-3.1.0.jar:/home/alex/.m2/repository/commons-cli/commons-cli/1.4/commons-cli-1.4.jar:/home/alex/.m2/repository/org/apache/commons/commons-math3/3.6.1/commons-math3-3.6.1.jar:/home/alex/.m2/repository/commons-codec/commons-codec/1.15/commons-codec-1.15.jar:/home/alex/.m2/repository/commons-io/commons-io/2.6/commons-io-2.6.jar:/home/alex/.m2/repository/commons-net/commons-net/3.6/commons-net-3.6.jar:/home/alex/.m2/repository/commons-collections/commons-collections/3.2.2/commons-collections-3.2.2.jar:/home/alex/.m2/repository/javax/servlet/javax.servlet-api/3.1.0/javax.servlet-api-3.1.0.jar:/home/alex/.m2/repository/org/eclipse/jetty/jetty-server/9.3.27.v20190418/jetty-server-9.3.27.v20190418.jar:/home/alex/.m2/repository/org/eclipse/jetty/jetty-io/9.3.27.v20190418/jetty-io-9.3.27.v20190418.jar:/home/alex/.m2/repository/org/eclipse/jetty/jetty-util/9.3.27.v20190418/jetty-util-9.3.27.v20190418.jar:/home/alex/.m2/repository/org/eclipse/jetty/jetty-servlet/9.3.27.v20190418/jetty-servlet-9.3.27.v20190418.jar:/home/alex/.m2/repository/org/eclipse/jetty/jetty-security/9.3.27.v20190418/jetty-security-9.3.27.v20190418.jar:/home/alex/.m2/repository/org/eclipse/jetty/jetty-webapp/9.3.27.v20190418/jetty-webapp-9.3.27.v20190418.jar:/home/alex/.m2/repository/org/eclipse/jetty/jetty-xml/9.3.27.v20190418/jetty-xml-9.3.27.v20190418.jar:/home/alex/.m2/repository/javax/servlet/jsp/jsp-api/2.1/jsp-api-2.1.jar:/home/alex/.m2/repository/com/sun/jersey/jersey-core/1.19/jersey-core-1.19.jar:/home/alex/.m2/repository/javax/ws/rs/jsr311-api/1.1.1/jsr311-api-1.1.1.jar:/home/alex/.m2/repository/com/sun/jersey/jersey-json/1.19/jersey-json-1.19.jar:/home/alex/.m2/repository/org/codehaus/jettison/jettison/1.1/jettison-1.1.jar:/home/alex/.m2/repository/com/sun/xml/bind/jaxb-impl/2.2.3-1/jaxb-impl-2.2.3-1.jar:/home/alex/.m2/repository/org/codehaus/jackson/jackson-jaxrs/1.9.2/jackson-jaxrs-1.9.2.jar:/home/alex/.m2/repository/org/codehaus/jackson/jackson-xc/1.9.2/jackson-xc-1.9.2.jar:/home/alex/.m2/repository/com/sun/jersey/jersey-server/1.19/jersey-server-1.19.jar:/home/alex/.m2/repository/log4j/log4j/1.2.17/log4j-1.2.17.jar:/home/alex/.m2/repository/commons-lang/commons-lang/2.6/commons-lang-2.6.jar:/home/alex/.m2/repository/org/apache/commons/commons-configuration2/2.1.1/commons-configuration2-2.1.1.jar:/home/alex/.m2/repository/org/apache/commons/commons-lang3/3.4/commons-lang3-3.4.jar:/home/alex/.m2/repository/org/apache/avro/avro/1.8.2/avro-1.8.2.jar:/home/alex/.m2/repository/com/thoughtworks/paranamer/paranamer/2.8/paranamer-2.8.jar:/home/alex/.m2/repository/org/xerial/snappy/snappy-java/1.1.4/snappy-java-1.1.4.jar:/home/alex/.m2/repository/org/tukaani/xz/1.5/xz-1.5.jar:/home/alex/.m2/repository/com/google/re2j/re2j/1.2/re2j-1.2.jar:/home/alex/.m2/repository/com/google/protobuf/protobuf-java/2.5.0/protobuf-java-2.5.0.jar:/home/alex/.m2/repository/com/google/code/gson/gson/2.2.4/gson-2.2.4.jar:/home/alex/.m2/repository/org/apache/hadoop/hadoop-auth/3.1.0/hadoop-auth-3.1.0.jar:/home/alex/.m2/repository/com/nimbusds/nimbus-jose-jwt/4.41.1/nimbus-jose-jwt-4.41.1.jar:/home/alex/.m2/repository/com/github/stephenc/jcip/jcip-annotations/1.0-1/jcip-annotations-1.0-1.jar:/home/alex/.m2/repository/net/minidev/json-smart/2.3/json-smart-2.3.jar:/home/alex/.m2/repository/net/minidev/accessors-smart/1.2/accessors-smart-1.2.jar:/home/alex/.m2/repository/org/ow2/asm/asm/5.0.4/asm-5.0.4.jar:/home/alex/.m2/repository/com/jcraft/jsch/0.1.54/jsch-0.1.54.jar:/home/alex/.m2/repository/com/google/code/findbugs/jsr305/3.0.0/jsr305-3.0.0.jar:/home/alex/.m2/repository/org/apache/htrace/htrace-core4/4.1.0-incubating/htrace-core4-4.1.0-incubating.jar:/home/alex/.m2/repository/org/apache/commons/commons-compress/1.21/commons-compress-1.21.jar:/home/alex/.m2/repository/org/apache/kerby/kerb-simplekdc/1.0.1/kerb-simplekdc-1.0.1.jar:/home/alex/.m2/repository/org/apache/kerby/kerb-client/1.0.1/kerb-client-1.0.1.jar:/home/alex/.m2/repository/org/apache/kerby/kerby-config/1.0.1/kerby-config-1.0.1.jar:/home/alex/.m2/repository/org/apache/kerby/kerb-core/1.0.1/kerb-core-1.0.1.jar:/home/alex/.m2/repository/org/apache/kerby/kerby-pkix/1.0.1/kerby-pkix-1.0.1.jar:/home/alex/.m2/repository/org/apache/kerby/kerby-asn1/1.0.1/kerby-asn1-1.0.1.jar:/home/alex/.m2/repository/org/apache/kerby/kerby-util/1.0.1/kerby-util-1.0.1.jar:/home/alex/.m2/repository/org/apache/kerby/kerb-common/1.0.1/kerb-common-1.0.1.jar:/home/alex/.m2/repository/org/apache/kerby/kerb-crypto/1.0.1/kerb-crypto-1.0.1.jar:/home/alex/.m2/repository/org/apache/kerby/kerb-util/1.0.1/kerb-util-1.0.1.jar:/home/alex/.m2/repository/org/apache/kerby/token-provider/1.0.1/token-provider-1.0.1.jar:/home/alex/.m2/repository/org/apache/kerby/kerb-admin/1.0.1/kerb-admin-1.0.1.jar:/home/alex/.m2/repository/org/apache/kerby/kerb-server/1.0.1/kerb-server-1.0.1.jar:/home/alex/.m2/repository/org/apache/kerby/kerb-identity/1.0.1/kerb-identity-1.0.1.jar:/home/alex/.m2/repository/org/apache/kerby/kerby-xdr/1.0.1/kerby-xdr-1.0.1.jar:/home/alex/.m2/repository/org/codehaus/woodstox/stax2-api/3.1.4/stax2-api-3.1.4.jar:/home/alex/.m2/repository/com/fasterxml/woodstox/woodstox-core/5.0.3/woodstox-core-5.0.3.jar:/home/alex/.m2/repository/org/apache/hadoop/hadoop-mapreduce-client-jobclient/3.1.0/hadoop-mapreduce-client-jobclient-3.1.0.jar:/home/alex/.m2/repository/com/google/inject/extensions/guice-servlet/4.0/guice-servlet-4.0.jar:/home/alex/.m2/repository/com/google/inject/guice/4.0/guice-4.0.jar:/home/alex/.m2/repository/aopalliance/aopalliance/1.0/aopalliance-1.0.jar:/home/alex/.m2/repository/org/apache/hadoop/hadoop-mapreduce-client-core/3.1.0/hadoop-mapreduce-client-core-3.1.0.jar:/home/alex/.m2/repository/org/apache/hadoop/hadoop-yarn-client/3.1.0/hadoop-yarn-client-3.1.0.jar:/home/alex/.m2/repository/org/apache/hadoop/hadoop-yarn-api/3.1.0/hadoop-yarn-api-3.1.0.jar:/home/alex/.m2/repository/org/apache/hadoop/hadoop-yarn-common/3.1.0/hadoop-yarn-common-3.1.0.jar:/home/alex/.m2/repository/javax/xml/bind/jaxb-api/2.2.11/jaxb-api-2.2.11.jar:/home/alex/.m2/repository/com/sun/jersey/jersey-client/1.19/jersey-client-1.19.jar:/home/alex/.m2/repository/com/sun/jersey/contribs/jersey-guice/1.19/jersey-guice-1.19.jar:/home/alex/.m2/repository/com/fasterxml/jackson/module/jackson-module-jaxb-annotations/2.12.0/jackson-module-jaxb-annotations-2.12.0.jar:/home/alex/.m2/repository/jakarta/xml/bind/jakarta.xml.bind-api/2.3.2/jakarta.xml.bind-api-2.3.2.jar:/home/alex/.m2/repository/jakarta/activation/jakarta.activation-api/1.2.1/jakarta.activation-api-1.2.1.jar:/home/alex/.m2/repository/com/fasterxml/jackson/jaxrs/jackson-jaxrs-json-provider/2.12.0/jackson-jaxrs-json-provider-2.12.0.jar:/home/alex/.m2/repository/org/apache/hadoop/hadoop-hdfs-client/3.1.0/hadoop-hdfs-client-3.1.0.jar:/home/alex/.m2/repository/com/squareup/okhttp/okhttp/2.7.5/okhttp-2.7.5.jar:/home/alex/.m2/repository/com/squareup/okio/okio/1.6.0/okio-1.6.0.jar:/home/alex/.m2/repository/org/apache/pig/pig/0.16.0/pig-0.16.0-h2.jar:/home/alex/.m2/repository/xmlenc/xmlenc/0.52/xmlenc-0.52.jar:/home/alex/.m2/repository/commons-httpclient/commons-httpclient/3.1/commons-httpclient-3.1.jar:/home/alex/.m2/repository/org/mortbay/jetty/jetty/6.1.26/jetty-6.1.26.jar:/home/alex/.m2/repository/org/mortbay/jetty/servlet-api/2.5-20081211/servlet-api-2.5-20081211.jar:/home/alex/.m2/repository/org/mortbay/jetty/jetty-util/6.1.26/jetty-util-6.1.26.jar:/home/alex/.m2/repository/org/mortbay/jetty/jsp-api-2.1/6.1.14/jsp-api-2.1-6.1.14.jar:/home/alex/.m2/repository/org/mortbay/jetty/jsp-2.1/6.1.14/jsp-2.1-6.1.14.jar:/home/alex/.m2/repository/org/eclipse/jdt/core/3.1.1/core-3.1.1.jar:/home/alex/.m2/repository/ant/ant/1.6.5/ant-1.6.5.jar:/home/alex/.m2/repository/commons-el/commons-el/1.0/commons-el-1.0.jar:/home/alex/.m2/repository/net/java/dev/jets3t/jets3t/0.7.1/jets3t-0.7.1.jar:/home/alex/.m2/repository/org/mortbay/jetty/servlet-api-2.5/6.1.14/servlet-api-2.5-6.1.14.jar:/home/alex/.m2/repository/net/sf/kosmosfs/kfs/0.3/kfs-0.3.jar:/home/alex/.m2/repository/junit/junit/4.13/junit-4.13.jar:/home/alex/.m2/repository/org/hamcrest/hamcrest-core/1.3/hamcrest-core-1.3.jar:/home/alex/.m2/repository/hsqldb/hsqldb/1.8.0.10/hsqldb-1.8.0.10.jar:/home/alex/.m2/repository/oro/oro/2.0.8/oro-2.0.8.jar:/home/alex/.m2/repository/org/antlr/ST4/4.0.4/ST4-4.0.4.jar:/home/alex/.m2/repository/org/antlr/antlr-runtime/3.5.2/antlr-runtime-3.5.2.jar:/home/alex/.m2/repository/dk/brics/automaton/automaton/1.11-8/automaton-1.11-8.jar:/home/alex/.m2/repository/org/codehaus/jackson/jackson-mapper-asl/1.8.8/jackson-mapper-asl-1.8.8.jar:/home/alex/.m2/repository/org/codehaus/jackson/jackson-core-asl/1.8.8/jackson-core-asl-1.8.8.jar:/home/alex/.m2/repository/org/apache/ivy/ivy/2.2.0/ivy-2.2.0.jar:/home/alex/.m2/repository/org/apache/hadoop/hadoop-hdfs/3.1.0/hadoop-hdfs-3.1.0.jar:/home/alex/.m2/repository/org/eclipse/jetty/jetty-util-ajax/9.3.19.v20170502/jetty-util-ajax-9.3.19.v20170502.jar:/home/alex/.m2/repository/commons-logging/commons-logging/1.1.3/commons-logging-1.1.3.jar:/home/alex/.m2/repository/commons-daemon/commons-daemon/1.0.13/commons-daemon-1.0.13.jar:/home/alex/.m2/repository/io/netty/netty-all/4.1.65.Final/netty-all-4.1.65.Final.jar:/home/alex/.m2/repository/org/fusesource/leveldbjni/leveldbjni-all/1.8/leveldbjni-all-1.8.jar:/home/alex/.m2/repository/joda-time/joda-time/2.9.9/joda-time-2.9.9.jar:/home/alex/Repositories/hive/hcatalog/core/target/test-classes:/home/alex/.m2/repository/jline/jline/0.9.94/jline-0.9.94.jar:/home/alex/Repositories/hive/ql/target/test-classes:/home/alex/.m2/repository/org/apache/atlas/atlas-client-v2/2.1.0/atlas-client-v2-2.1.0.jar:/home/alex/.m2/repository/cglib/cglib/2.2.2/cglib-2.2.2.jar:/home/alex/.m2/repository/asm/asm/3.3.1/asm-3.3.1.jar:/home/alex/.m2/repository/org/apache/atlas/atlas-client-common/2.1.0/atlas-client-common-2.1.0.jar:/home/alex/.m2/repository/org/apache/atlas/atlas-intg/2.1.0/atlas-intg-2.1.0.jar:/home/alex/.m2/repository/commons-validator/commons-validator/1.6/commons-validator-1.6.jar:/home/alex/.m2/repository/commons-digester/commons-digester/1.8.1/commons-digester-1.8.1.jar:/home/alex/.m2/repository/com/fasterxml/jackson/jaxrs/jackson-jaxrs-base/2.12.0/jackson-jaxrs-base-2.12.0.jar:/home/alex/.m2/repository/javax/inject/javax.inject/1/javax.inject-1.jar:/home/alex/.m2/repository/org/springframework/spring-context/4.3.20.RELEASE/spring-context-4.3.20.RELEASE.jar:/home/alex/.m2/repository/org/springframework/spring-aop/4.3.20.RELEASE/spring-aop-4.3.20.RELEASE.jar:/home/alex/.m2/repository/org/springframework/spring-beans/4.3.20.RELEASE/spring-beans-4.3.20.RELEASE.jar:/home/alex/.m2/repository/org/springframework/spring-core/4.3.20.RELEASE/spring-core-4.3.20.RELEASE.jar:/home/alex/.m2/repository/org/springframework/spring-expression/4.3.20.RELEASE/spring-expression-4.3.20.RELEASE.jar:/home/alex/.m2/repository/commons-configuration/commons-configuration/1.10/commons-configuration-1.10.jar:/home/alex/Repositories/hive/vector-code-gen/target/classes:/home/alex/.m2/repository/org/apache/velocity/velocity/1.5/velocity-1.5.jar:/home/alex/Repositories/hive/serde/target/classes:/home/alex/.m2/repository/org/apache/arrow/arrow-vector/0.15.1/arrow-vector-0.15.1.jar:/home/alex/.m2/repository/org/apache/arrow/arrow-format/0.15.1/arrow-format-0.15.1.jar:/home/alex/.m2/repository/org/apache/arrow/arrow-memory/0.15.1/arrow-memory-0.15.1.jar:/home/alex/.m2/repository/com/google/flatbuffers/flatbuffers-java/1.9.0/flatbuffers-java-1.9.0.jar:/home/alex/.m2/repository/com/carrotsearch/hppc/0.7.2/hppc-0.7.2.jar:/home/alex/.m2/repository/com/github/davidmoten/flatbuffers-java/1.6.0.1/flatbuffers-java-1.6.0.1.jar:/home/alex/Repositories/hive/parser/target/classes:/home/alex/Repositories/hive/udf/target/classes:/home/alex/Repositories/hive/service-rpc/target/classes:/home/alex/Repositories/hive/llap-client/target/classes:/home/alex/Repositories/hive/llap-common/target/classes:/home/alex/.m2/repository/io/jsonwebtoken/jjwt-api/0.10.5/jjwt-api-0.10.5.jar:/home/alex/.m2/repository/io/jsonwebtoken/jjwt-impl/0.10.5/jjwt-impl-0.10.5.jar:/home/alex/.m2/repository/io/jsonwebtoken/jjwt-jackson/0.10.5/jjwt-jackson-0.10.5.jar:/home/alex/Repositories/hive/llap-tez/target/classes:/home/alex/Repositories/hive/shims/aggregator/target/classes:/home/alex/Repositories/hive/shims/common/target/classes:/home/alex/Repositories/hive/shims/0.23/target/classes:/home/alex/.m2/repository/org/apache/hadoop/hadoop-yarn-server-resourcemanager/3.1.0/hadoop-yarn-server-resourcemanager-3.1.0.jar:/home/alex/.m2/repository/org/apache/hadoop/hadoop-yarn-server-common/3.1.0/hadoop-yarn-server-common-3.1.0.jar:/home/alex/.m2/repository/org/apache/geronimo/specs/geronimo-jcache_1.0_spec/1.0-alpha-1/geronimo-jcache_1.0_spec-1.0-alpha-1.jar:/home/alex/.m2/repository/org/ehcache/ehcache/3.3.1/ehcache-3.3.1.jar:/home/alex/.m2/repository/com/zaxxer/HikariCP-java7/2.4.12/HikariCP-java7-2.4.12.jar:/home/alex/.m2/repository/org/apache/hadoop/hadoop-yarn-server-applicationhistoryservice/3.1.0/hadoop-yarn-server-applicationhistoryservice-3.1.0.jar:/home/alex/.m2/repository/de/ruedigermoeller/fst/2.50/fst-2.50.jar:/home/alex/.m2/repository/com/cedarsoftware/java-util/1.9.0/java-util-1.9.0.jar:/home/alex/.m2/repository/com/cedarsoftware/json-io/2.5.1/json-io-2.5.1.jar:/home/alex/Repositories/hive/shims/scheduler/target/classes:/home/alex/Repositories/hive/spark-client/target/classes:/home/alex/.m2/repository/com/fasterxml/jackson/module/jackson-module-scala_2.12/2.12.0/jackson-module-scala_2.12-2.12.0.jar:/home/alex/.m2/repository/org/scala-lang/scala-library/2.12.10/scala-library-2.12.10.jar:/home/alex/.m2/repository/org/apache/spark/spark-core_2.12/2.4.5/spark-core_2.12-2.4.5.jar:/home/alex/.m2/repository/com/twitter/chill_2.12/0.9.3/chill_2.12-0.9.3.jar:/home/alex/.m2/repository/com/twitter/chill-java/0.9.3/chill-java-0.9.3.jar:/home/alex/.m2/repository/org/apache/xbean/xbean-asm6-shaded/4.8/xbean-asm6-shaded-4.8.jar:/home/alex/.m2/repository/org/apache/hadoop/hadoop-client/3.1.0/hadoop-client-3.1.0.jar:/home/alex/.m2/repository/org/apache/spark/spark-launcher_2.12/2.4.5/spark-launcher_2.12-2.4.5.jar:/home/alex/.m2/repository/org/apache/spark/spark-kvstore_2.12/2.4.5/spark-kvstore_2.12-2.4.5.jar:/home/alex/.m2/repository/org/apache/spark/spark-network-common_2.12/2.4.5/spark-network-common_2.12-2.4.5.jar:/home/alex/.m2/repository/org/apache/spark/spark-network-shuffle_2.12/2.4.5/spark-network-shuffle_2.12-2.4.5.jar:/home/alex/.m2/repository/org/apache/spark/spark-unsafe_2.12/2.4.5/spark-unsafe_2.12-2.4.5.jar:/home/alex/.m2/repository/javax/activation/activation/1.1.1/activation-1.1.1.jar:/home/alex/.m2/repository/org/slf4j/jul-to-slf4j/1.7.16/jul-to-slf4j-1.7.16.jar:/home/alex/.m2/repository/org/slf4j/jcl-over-slf4j/1.7.16/jcl-over-slf4j-1.7.16.jar:/home/alex/.m2/repository/com/ning/compress-lzf/1.0.3/compress-lzf-1.0.3.jar:/home/alex/.m2/repository/org/roaringbitmap/RoaringBitmap/0.7.45/RoaringBitmap-0.7.45.jar:/home/alex/.m2/repository/org/roaringbitmap/shims/0.7.45/shims-0.7.45.jar:/home/alex/.m2/repository/org/json4s/json4s-jackson_2.12/3.5.3/json4s-jackson_2.12-3.5.3.jar:/home/alex/.m2/repository/org/json4s/json4s-core_2.12/3.5.3/json4s-core_2.12-3.5.3.jar:/home/alex/.m2/repository/org/json4s/json4s-ast_2.12/3.5.3/json4s-ast_2.12-3.5.3.jar:/home/alex/.m2/repository/org/json4s/json4s-scalap_2.12/3.5.3/json4s-scalap_2.12-3.5.3.jar:/home/alex/.m2/repository/org/scala-lang/modules/scala-xml_2.12/1.0.6/scala-xml_2.12-1.0.6.jar:/home/alex/.m2/repository/com/clearspring/analytics/stream/2.7.0/stream-2.7.0.jar:/home/alex/.m2/repository/io/dropwizard/metrics/metrics-graphite/3.1.5/metrics-graphite-3.1.5.jar:/home/alex/.m2/repository/net/razorvine/pyrolite/4.13/pyrolite-4.13.jar:/home/alex/.m2/repository/net/sf/py4j/py4j/0.10.7/py4j-0.10.7.jar:/home/alex/.m2/repository/org/apache/spark/spark-tags_2.12/2.4.5/spark-tags_2.12-2.4.5.jar:/home/alex/.m2/repository/org/apache/commons/commons-crypto/1.0.0/commons-crypto-1.0.0.jar:/home/alex/.m2/repository/org/spark-project/spark/unused/1.0.0/unused-1.0.0.jar:/home/alex/.m2/repository/org/apache/spark/spark-yarn_2.12/2.4.5/spark-yarn_2.12-2.4.5.jar:/home/alex/.m2/repository/org/apache/hadoop/hadoop-yarn-server-web-proxy/3.1.0/hadoop-yarn-server-web-proxy-3.1.0.jar:/home/alex/Repositories/hive/storage-api/target/classes:/home/alex/.m2/repository/com/amazonaws/secretsmanager/aws-secretsmanager-caching-java/1.0.1/aws-secretsmanager-caching-java-1.0.1.jar:/home/alex/.m2/repository/com/esotericsoftware/kryo/5.0.3/kryo-5.0.3.jar:/home/alex/.m2/repository/com/esotericsoftware/minlog/1.3.1/minlog-1.3.1.jar:/home/alex/.m2/repository/com/esotericsoftware/reflectasm/1.11.9/reflectasm-1.11.9.jar:/home/alex/.m2/repository/org/apache/parquet/parquet-hadoop-bundle/1.11.1/parquet-hadoop-bundle-1.11.1.jar:/home/alex/.m2/repository/org/apache/commons/commons-collections4/4.1/commons-collections4-4.1.jar:/home/alex/.m2/repository/org/apache/commons/commons-text/1.8/commons-text-1.8.jar:/home/alex/.m2/repository/javolution/javolution/5.5.1/javolution-5.5.1.jar:/home/alex/.m2/repository/org/apache/logging/log4j/log4j-1.2-api/2.13.2/log4j-1.2-api-2.13.2.jar:/home/alex/.m2/repository/org/apache/logging/log4j/log4j-api/2.13.2/log4j-api-2.13.2.jar:/home/alex/.m2/repository/org/apache/logging/log4j/log4j-core/2.13.2/log4j-core-2.13.2.jar:/home/alex/.m2/repository/org/apache/logging/log4j/log4j-slf4j-impl/2.13.2/log4j-slf4j-impl-2.13.2.jar:/home/alex/.m2/repository/org/apache/avro/avro-mapred/1.8.2/avro-mapred-1.8.2-hadoop2.jar:/home/alex/.m2/repository/org/apache/avro/avro-ipc/1.8.2/avro-ipc-1.8.2.jar:/home/alex/.m2/repository/org/apache/ant/ant/1.9.1/ant-1.9.1.jar:/home/alex/.m2/repository/org/apache/ant/ant-launcher/1.9.1/ant-launcher-1.9.1.jar:/home/alex/.m2/repository/org/apache/thrift/libfb303/0.9.3/libfb303-0.9.3.jar:/home/alex/.m2/repository/org/apache/hadoop/hadoop-yarn-registry/3.1.0/hadoop-yarn-registry-3.1.0.jar:/home/alex/.m2/repository/dnsjava/dnsjava/2.1.7/dnsjava-2.1.7.jar:/home/alex/.m2/repository/org/apache/orc/orc-tools/1.6.9/orc-tools-1.6.9.jar:/home/alex/.m2/repository/com/opencsv/opencsv/3.9/opencsv-3.9.jar:/home/alex/.m2/repository/org/threeten/threetenbp/1.3.5/threetenbp-1.3.5.jar:/home/alex/.m2/repository/org/apache/thrift/libthrift/0.14.1/libthrift-0.14.1.jar:/home/alex/.m2/repository/org/apache/httpcomponents/httpcore/4.4.13/httpcore-4.4.13.jar:/home/alex/.m2/repository/org/apache/tomcat/embed/tomcat-embed-core/8.5.46/tomcat-embed-core-8.5.46.jar:/home/alex/.m2/repository/org/apache/tomcat/tomcat-annotations-api/8.5.46/tomcat-annotations-api-8.5.46.jar:/home/alex/.m2/repository/javax/annotation/javax.annotation-api/1.3.2/javax.annotation-api-1.3.2.jar:/home/alex/.m2/repository/org/apache/zookeeper/zookeeper/3.5.5/zookeeper-3.5.5.jar:/home/alex/.m2/repository/org/apache/zookeeper/zookeeper-jute/3.5.5/zookeeper-jute-3.5.5.jar:/home/alex/.m2/repository/org/apache/yetus/audience-annotations/0.5.0/audience-annotations-0.5.0.jar:/home/alex/.m2/repository/org/apache/curator/curator-framework/4.2.0/curator-framework-4.2.0.jar:/home/alex/.m2/repository/org/apache/datasketches/datasketches-hive/1.1.0-incubating/datasketches-hive-1.1.0-incubating.jar:/home/alex/.m2/repository/org/apache/datasketches/datasketches-java/1.3.0-incubating/datasketches-java-1.3.0-incubating.jar:/home/alex/.m2/repository/org/apache/datasketches/datasketches-memory/1.2.0-incubating/datasketches-memory-1.2.0-incubating.jar:/home/alex/.m2/repository/org/slf4j/slf4j-simple/1.7.27/slf4j-simple-1.7.27.jar:/home/alex/.m2/repository/org/codehaus/groovy/groovy-all/2.4.11/groovy-all-2.4.11.jar:/home/alex/.m2/repository/org/jodd/jodd-util/6.0.0/jodd-util-6.0.0.jar:/home/alex/.m2/repository/com/fasterxml/jackson/dataformat/jackson-dataformat-yaml/2.12.0/jackson-dataformat-yaml-2.12.0.jar:/home/alex/.m2/repository/org/yaml/snakeyaml/1.27/snakeyaml-1.27.jar:/home/alex/.m2/repository/org/datanucleus/datanucleus-core/5.2.4/datanucleus-core-5.2.4.jar:/home/alex/.m2/repository/org/apache/calcite/calcite-core/1.25.0/calcite-core-1.25.0.jar:/home/alex/.m2/repository/org/apache/calcite/calcite-linq4j/1.25.0/calcite-linq4j-1.25.0.jar:/home/alex/.m2/repository/org/apiguardian/apiguardian-api/1.1.0/apiguardian-api-1.1.0.jar:/home/alex/.m2/repository/com/esri/geometry/esri-geometry-api/2.2.0/esri-geometry-api-2.2.0.jar:/home/alex/.m2/repository/com/yahoo/datasketches/sketches-core/0.9.0/sketches-core-0.9.0.jar:/home/alex/.m2/repository/com/yahoo/datasketches/memory/0.9.0/memory-0.9.0.jar:/home/alex/.m2/repository/org/apache/calcite/calcite-druid/1.25.0/calcite-druid-1.25.0.jar:/home/alex/.m2/repository/org/apache/calcite/avatica/avatica/1.12.0/avatica-1.12.0.jar:/home/alex/.m2/repository/com/googlecode/javaewah/JavaEWAH/0.3.2/JavaEWAH-0.3.2.jar:/home/alex/.m2/repository/com/tdunning/json/1.8/json-1.8.jar:/home/alex/.m2/repository/stax/stax-api/1.0.1/stax-api-1.0.1.jar:/home/alex/.m2/repository/net/sf/opencsv/opencsv/2.3/opencsv-2.3.jar:/home/alex/Repositories/hive/standalone-metastore/metastore-server/target/classes:/home/alex/.m2/repository/org/reflections/reflections/0.9.10/reflections-0.9.10.jar:/home/alex/.m2/repository/org/javassist/javassist/3.19.0-GA/javassist-3.19.0-GA.jar:/home/alex/.m2/repository/com/jayway/jsonpath/json-path/2.4.0/json-path-2.4.0.jar:/home/alex/.m2/repository/org/codehaus/janino/commons-compiler/3.0.11/commons-compiler-3.0.11.jar:/home/alex/.m2/repository/org/codehaus/janino/janino/3.0.11/janino-3.0.11.jar:/home/alex/.m2/repository/com/sun/jersey/contribs/jersey-multipart/1.19/jersey-multipart-1.19.jar:/home/alex/.m2/repository/org/jvnet/mimepull/mimepull/1.9.3/mimepull-1.9.3.jar:/home/alex/.m2/repository/org/apache/kafka/kafka-clients/2.5.0/kafka-clients-2.5.0.jar:/home/alex/.m2/repository/com/github/luben/zstd-jni/1.4.4-7/zstd-jni-1.4.4-7.jar:/home/alex/.m2/repository/org/lz4/lz4-java/1.7.1/lz4-java-1.7.1.jar:/home/alex/.m2/repository/org/apache/hadoop/hadoop-hdfs/3.1.0/hadoop-hdfs-3.1.0-tests.jar:/home/alex/Repositories/hive/standalone-metastore/metastore-server/target/test-classes:/home/alex/Repositories/hive/standalone-metastore/metastore-common/target/classes:/home/alex/.m2/repository/com/github/ben-manes/caffeine/caffeine/2.8.4/caffeine-2.8.4.jar:/home/alex/.m2/repository/org/checkerframework/checker-qual/3.4.0/checker-qual-3.4.0.jar:/home/alex/.m2/repository/com/google/errorprone/error_prone_annotations/2.3.4/error_prone_annotations-2.3.4.jar:/home/alex/.m2/repository/org/apache/orc/orc-core/1.6.9/orc-core-1.6.9.jar:/home/alex/.m2/repository/org/apache/orc/orc-shims/1.6.9/orc-shims-1.6.9.jar:/home/alex/.m2/repository/io/airlift/aircompressor/0.19/aircompressor-0.19.jar:/home/alex/.m2/repository/org/jetbrains/annotations/17.0.0/annotations-17.0.0.jar:/home/alex/.m2/repository/org/threeten/threeten-extra/1.5.0/threeten-extra-1.5.0.jar:/home/alex/.m2/repository/com/github/joshelser/dropwizard-metrics-hadoop-metrics2-reporter/0.1.2/dropwizard-metrics-hadoop-metrics2-reporter-0.1.2.jar:/home/alex/.m2/repository/com/zaxxer/HikariCP/2.6.1/HikariCP-2.6.1.jar:/home/alex/.m2/repository/org/apache/commons/commons-dbcp2/2.7.0/commons-dbcp2-2.7.0.jar:/home/alex/.m2/repository/org/apache/commons/commons-pool2/2.7.0/commons-pool2-2.7.0.jar:/home/alex/.m2/repository/io/dropwizard/metrics/metrics-core/3.1.0/metrics-core-3.1.0.jar:/home/alex/.m2/repository/io/dropwizard/metrics/metrics-jvm/3.1.0/metrics-jvm-3.1.0.jar:/home/alex/.m2/repository/io/dropwizard/metrics/metrics-json/3.1.0/metrics-json-3.1.0.jar:/home/alex/.m2/repository/org/apache/derby/derby/10.14.1.0/derby-10.14.1.0.jar:/home/alex/.m2/repository/commons-beanutils/commons-beanutils/1.9.4/commons-beanutils-1.9.4.jar:/home/alex/.m2/repository/org/datanucleus/datanucleus-api-jdo/5.2.4/datanucleus-api-jdo-5.2.4.jar:/home/alex/.m2/repository/org/datanucleus/datanucleus-rdbms/5.2.4/datanucleus-rdbms-5.2.4.jar:/home/alex/.m2/repository/org/datanucleus/javax.jdo/3.2.0-release/javax.jdo-3.2.0-release.jar:/home/alex/.m2/repository/javax/transaction/javax.transaction-api/1.3/javax.transaction-api-1.3.jar:/home/alex/.m2/repository/org/glassfish/corba/glassfish-corba-omgapi/4.2.2/glassfish-corba-omgapi-4.2.2.jar:/home/alex/.m2/repository/sqlline/sqlline/1.9.0/sqlline-1.9.0.jar:/home/alex/.m2/repository/org/jline/jline-terminal/3.12.1/jline-terminal-3.12.1.jar:/home/alex/.m2/repository/org/jline/jline-reader/3.12.1/jline-reader-3.12.1.jar:/home/alex/.m2/repository/org/jline/jline-terminal-jansi/3.12.1/jline-terminal-jansi-3.12.1.jar:/home/alex/.m2/repository/org/fusesource/jansi/jansi/1.18/jansi-1.18.jar:/home/alex/.m2/repository/org/jline/jline-terminal-jna/3.12.1/jline-terminal-jna-3.12.1.jar:/home/alex/.m2/repository/net/java/dev/jna/jna/5.3.1/jna-5.3.1.jar:/home/alex/.m2/repository/org/jline/jline-builtins/3.12.1/jline-builtins-3.12.1.jar:/home/alex/.m2/repository/org/jline/jline-style/3.12.1/jline-style-3.12.1.jar:/home/alex/.m2/repository/com/cronutils/cron-utils/9.1.3/cron-utils-9.1.3.jar:/home/alex/.m2/repository/org/glassfish/javax.el/3.0.0/javax.el-3.0.0.jar:/home/alex/.m2/repository/com/oracle/database/jdbc/ojdbc8/21.3.0.0/ojdbc8-21.3.0.0.jar:/home/alex/.m2/repository/mysql/mysql-connector-java/8.0.27/mysql-connector-java-8.0.27.jar:/home/alex/.m2/repository/com/microsoft/sqlserver/mssql-jdbc/6.2.1.jre8/mssql-jdbc-6.2.1.jre8.jar:/home/alex/.m2/repository/org/postgresql/postgresql/42.2.14/postgresql-42.2.14.jar:/home/alex/.m2/repository/org/apache/hadoop/hadoop-mapreduce-client-common/3.1.0/hadoop-mapreduce-client-common-3.1.0.jar:/home/alex/.m2/repository/org/apache/hadoop/hadoop-common/3.1.0/hadoop-common-3.1.0-tests.jar:/home/alex/.m2/repository/org/apache/httpcomponents/httpclient/4.5.13/httpclient-4.5.13.jar:/home/alex/.m2/repository/org/apache/curator/curator-client/4.2.0/curator-client-4.2.0.jar:/home/alex/.m2/repository/org/apache/curator/curator-recipes/4.2.0/curator-recipes-4.2.0.jar:/home/alex/.m2/repository/com/sun/jersey/jersey-servlet/1.19/jersey-servlet-1.19.jar:/home/alex/.m2/repository/org/slf4j/slf4j-api/1.7.30/slf4j-api-1.7.30.jar:/home/alex/.m2/repository/org/mockito/mockito-core/3.4.4/mockito-core-3.4.4.jar:/home/alex/.m2/repository/net/bytebuddy/byte-buddy/1.10.13/byte-buddy-1.10.13.jar:/home/alex/.m2/repository/net/bytebuddy/byte-buddy-agent/1.10.13/byte-buddy-agent-1.10.13.jar:/home/alex/.m2/repository/org/objenesis/objenesis/2.6/objenesis-2.6.jar:/home/alex/Repositories/hive/hcatalog/hcatalog-pig-adapter/target/testconf:/home/alex/Repositories/hive/hcatalog/hcatalog-pig-adapter/../../conf:"/>
    <property name="java.vm.vendor" value="Private Build"/>
    <property name="hadoop.version" value="3.1.0"/>
    <property name="user.timezone" value="US/Pacific"/>
    <property name="test.local.warehouse.dir" value="pfile:///home/alex/Repositories/hive/hcatalog/hcatalog-pig-adapter/target/localfs/warehouse"/>
    <property name="java.vm.specification.version" value="1.8"/>
    <property name="os.name" value="Linux"/>
    <property name="clustermode" value=""/>
    <property name="test.build.data" value="/home/alex/Repositories/hive/hcatalog/hcatalog-pig-adapter/target/tmp"/>
    <property name="sun.java.launcher" value="SUN_STANDARD"/>
    <property name="user.country" value="US"/>
    <property name="test.data.files" value="/home/alex/Repositories/hive/hcatalog/hcatalog-pig-adapter/../../data/files"/>
    <property name="nondexLogging" value="CONFIG"/>
    <property name="surefire.test.class.path" value="/home/alex/Repositories/hive/hcatalog/hcatalog-pig-adapter/target/test-classes:/home/alex/Repositories/hive/hcatalog/hcatalog-pig-adapter/target/classes:/home/alex/Repositories/hive/hcatalog/core/target/classes:/home/alex/Repositories/hive/cli/target/classes:/home/alex/Repositories/hive/service/target/classes:/home/alex/Repositories/hive/llap-server/target/classes:/home/alex/.m2/repository/com/lmax/disruptor/3.3.7/disruptor-3.3.7.jar:/home/alex/Repositories/hive/llap-common/target/test-classes:/home/alex/Repositories/hive/hplsql/target/classes:/home/alex/.m2/repository/org/antlr/antlr4-runtime/4.5/antlr4-runtime-4.5.jar:/home/alex/.m2/repository/org/abego/treelayout/org.abego.treelayout.core/1.0.1/org.abego.treelayout.core-1.0.1.jar:/home/alex/.m2/repository/javax/servlet/jsp/javax.servlet.jsp-api/2.3.1/javax.servlet.jsp-api-2.3.1.jar:/home/alex/.m2/repository/org/eclipse/jetty/jetty-runner/9.3.27.v20190418/jetty-runner-9.3.27.v20190418.jar:/home/alex/.m2/repository/org/eclipse/jetty/jetty-plus/9.3.27.v20190418/jetty-plus-9.3.27.v20190418.jar:/home/alex/.m2/repository/org/eclipse/jetty/jetty-annotations/9.3.27.v20190418/jetty-annotations-9.3.27.v20190418.jar:/home/alex/.m2/repository/org/ow2/asm/asm-commons/6.0/asm-commons-6.0.jar:/home/alex/.m2/repository/org/ow2/asm/asm-tree/6.0/asm-tree-6.0.jar:/home/alex/.m2/repository/org/eclipse/jetty/jetty-jaas/9.3.27.v20190418/jetty-jaas-9.3.27.v20190418.jar:/home/alex/.m2/repository/org/eclipse/jetty/websocket/websocket-server/9.3.27.v20190418/websocket-server-9.3.27.v20190418.jar:/home/alex/.m2/repository/org/eclipse/jetty/websocket/websocket-common/9.3.27.v20190418/websocket-common-9.3.27.v20190418.jar:/home/alex/.m2/repository/org/eclipse/jetty/websocket/websocket-api/9.3.27.v20190418/websocket-api-9.3.27.v20190418.jar:/home/alex/.m2/repository/org/eclipse/jetty/websocket/websocket-client/9.3.27.v20190418/websocket-client-9.3.27.v20190418.jar:/home/alex/.m2/repository/org/eclipse/jetty/websocket/websocket-servlet/9.3.27.v20190418/websocket-servlet-9.3.27.v20190418.jar:/home/alex/.m2/repository/org/eclipse/jetty/jetty-jndi/9.3.27.v20190418/jetty-jndi-9.3.27.v20190418.jar:/home/alex/.m2/repository/org/eclipse/jetty/apache-jsp/9.3.27.v20190418/apache-jsp-9.3.27.v20190418.jar:/home/alex/.m2/repository/org/eclipse/jetty/toolchain/jetty-schemas/3.1/jetty-schemas-3.1.jar:/home/alex/.m2/repository/org/eclipse/jdt/core/compiler/ecj/4.4.2/ecj-4.4.2.jar:/home/alex/.m2/repository/org/eclipse/jetty/apache-jstl/9.3.27.v20190418/apache-jstl-9.3.27.v20190418.jar:/home/alex/.m2/repository/org/apache/taglibs/taglibs-standard-spec/1.2.5/taglibs-standard-spec-1.2.5.jar:/home/alex/.m2/repository/org/apache/taglibs/taglibs-standard-impl/1.2.5/taglibs-standard-impl-1.2.5.jar:/home/alex/.m2/repository/org/bouncycastle/bcprov-jdk15on/1.64/bcprov-jdk15on-1.64.jar:/home/alex/.m2/repository/org/apache/santuario/xmlsec/2.2.1/xmlsec-2.2.1.jar:/home/alex/.m2/repository/org/jamon/jamon-runtime/2.3.1/jamon-runtime-2.3.1.jar:/home/alex/Repositories/hive/common/target/classes:/home/alex/Repositories/hive/classification/target/classes:/home/alex/.m2/repository/org/eclipse/jetty/jetty-http/9.3.27.v20190418/jetty-http-9.3.27.v20190418.jar:/home/alex/.m2/repository/org/eclipse/jetty/jetty-rewrite/9.3.27.v20190418/jetty-rewrite-9.3.27.v20190418.jar:/home/alex/.m2/repository/org/eclipse/jetty/jetty-client/9.3.27.v20190418/jetty-client-9.3.27.v20190418.jar:/home/alex/.m2/repository/org/apache/logging/log4j/log4j-web/2.13.2/log4j-web-2.13.2.jar:/home/alex/.m2/repository/net/sf/jpam/jpam/1.1/jpam-1.1.jar:/home/alex/Repositories/hive/metastore/target/classes:/home/alex/Repositories/hive/ql/target/classes:/home/alex/.m2/repository/com/google/guava/guava/19.0/guava-19.0.jar:/home/alex/.m2/repository/com/fasterxml/jackson/core/jackson-annotations/2.12.0/jackson-annotations-2.12.0.jar:/home/alex/.m2/repository/com/fasterxml/jackson/core/jackson-core/2.12.0/jackson-core-2.12.0.jar:/home/alex/.m2/repository/com/fasterxml/jackson/core/jackson-databind/2.12.0/jackson-databind-2.12.0.jar:/home/alex/.m2/repository/org/apache/hadoop/hadoop-annotations/3.1.0/hadoop-annotations-3.1.0.jar:/usr/lib/jvm/java-8-openjdk-amd64/jre/../lib/tools.jar:/home/alex/.m2/repository/org/apache/hadoop/hadoop-archives/3.1.0/hadoop-archives-3.1.0.jar:/home/alex/.m2/repository/org/apache/hadoop/hadoop-common/3.1.0/hadoop-common-3.1.0.jar:/home/alex/.m2/repository/commons-cli/commons-cli/1.4/commons-cli-1.4.jar:/home/alex/.m2/repository/org/apache/commons/commons-math3/3.6.1/commons-math3-3.6.1.jar:/home/alex/.m2/repository/commons-codec/commons-codec/1.15/commons-codec-1.15.jar:/home/alex/.m2/repository/commons-io/commons-io/2.6/commons-io-2.6.jar:/home/alex/.m2/repository/commons-net/commons-net/3.6/commons-net-3.6.jar:/home/alex/.m2/repository/commons-collections/commons-collections/3.2.2/commons-collections-3.2.2.jar:/home/alex/.m2/repository/javax/servlet/javax.servlet-api/3.1.0/javax.servlet-api-3.1.0.jar:/home/alex/.m2/repository/org/eclipse/jetty/jetty-server/9.3.27.v20190418/jetty-server-9.3.27.v20190418.jar:/home/alex/.m2/repository/org/eclipse/jetty/jetty-io/9.3.27.v20190418/jetty-io-9.3.27.v20190418.jar:/home/alex/.m2/repository/org/eclipse/jetty/jetty-util/9.3.27.v20190418/jetty-util-9.3.27.v20190418.jar:/home/alex/.m2/repository/org/eclipse/jetty/jetty-servlet/9.3.27.v20190418/jetty-servlet-9.3.27.v20190418.jar:/home/alex/.m2/repository/org/eclipse/jetty/jetty-security/9.3.27.v20190418/jetty-security-9.3.27.v20190418.jar:/home/alex/.m2/repository/org/eclipse/jetty/jetty-webapp/9.3.27.v20190418/jetty-webapp-9.3.27.v20190418.jar:/home/alex/.m2/repository/org/eclipse/jetty/jetty-xml/9.3.27.v20190418/jetty-xml-9.3.27.v20190418.jar:/home/alex/.m2/repository/javax/servlet/jsp/jsp-api/2.1/jsp-api-2.1.jar:/home/alex/.m2/repository/com/sun/jersey/jersey-core/1.19/jersey-core-1.19.jar:/home/alex/.m2/repository/javax/ws/rs/jsr311-api/1.1.1/jsr311-api-1.1.1.jar:/home/alex/.m2/repository/com/sun/jersey/jersey-json/1.19/jersey-json-1.19.jar:/home/alex/.m2/repository/org/codehaus/jettison/jettison/1.1/jettison-1.1.jar:/home/alex/.m2/repository/com/sun/xml/bind/jaxb-impl/2.2.3-1/jaxb-impl-2.2.3-1.jar:/home/alex/.m2/repository/org/codehaus/jackson/jackson-jaxrs/1.9.2/jackson-jaxrs-1.9.2.jar:/home/alex/.m2/repository/org/codehaus/jackson/jackson-xc/1.9.2/jackson-xc-1.9.2.jar:/home/alex/.m2/repository/com/sun/jersey/jersey-server/1.19/jersey-server-1.19.jar:/home/alex/.m2/repository/log4j/log4j/1.2.17/log4j-1.2.17.jar:/home/alex/.m2/repository/commons-lang/commons-lang/2.6/commons-lang-2.6.jar:/home/alex/.m2/repository/org/apache/commons/commons-configuration2/2.1.1/commons-configuration2-2.1.1.jar:/home/alex/.m2/repository/org/apache/commons/commons-lang3/3.4/commons-lang3-3.4.jar:/home/alex/.m2/repository/org/apache/avro/avro/1.8.2/avro-1.8.2.jar:/home/alex/.m2/repository/com/thoughtworks/paranamer/paranamer/2.8/paranamer-2.8.jar:/home/alex/.m2/repository/org/xerial/snappy/snappy-java/1.1.4/snappy-java-1.1.4.jar:/home/alex/.m2/repository/org/tukaani/xz/1.5/xz-1.5.jar:/home/alex/.m2/repository/com/google/re2j/re2j/1.2/re2j-1.2.jar:/home/alex/.m2/repository/com/google/protobuf/protobuf-java/2.5.0/protobuf-java-2.5.0.jar:/home/alex/.m2/repository/com/google/code/gson/gson/2.2.4/gson-2.2.4.jar:/home/alex/.m2/repository/org/apache/hadoop/hadoop-auth/3.1.0/hadoop-auth-3.1.0.jar:/home/alex/.m2/repository/com/nimbusds/nimbus-jose-jwt/4.41.1/nimbus-jose-jwt-4.41.1.jar:/home/alex/.m2/repository/com/github/stephenc/jcip/jcip-annotations/1.0-1/jcip-annotations-1.0-1.jar:/home/alex/.m2/repository/net/minidev/json-smart/2.3/json-smart-2.3.jar:/home/alex/.m2/repository/net/minidev/accessors-smart/1.2/accessors-smart-1.2.jar:/home/alex/.m2/repository/org/ow2/asm/asm/5.0.4/asm-5.0.4.jar:/home/alex/.m2/repository/com/jcraft/jsch/0.1.54/jsch-0.1.54.jar:/home/alex/.m2/repository/com/google/code/findbugs/jsr305/3.0.0/jsr305-3.0.0.jar:/home/alex/.m2/repository/org/apache/htrace/htrace-core4/4.1.0-incubating/htrace-core4-4.1.0-incubating.jar:/home/alex/.m2/repository/org/apache/commons/commons-compress/1.21/commons-compress-1.21.jar:/home/alex/.m2/repository/org/apache/kerby/kerb-simplekdc/1.0.1/kerb-simplekdc-1.0.1.jar:/home/alex/.m2/repository/org/apache/kerby/kerb-client/1.0.1/kerb-client-1.0.1.jar:/home/alex/.m2/repository/org/apache/kerby/kerby-config/1.0.1/kerby-config-1.0.1.jar:/home/alex/.m2/repository/org/apache/kerby/kerb-core/1.0.1/kerb-core-1.0.1.jar:/home/alex/.m2/repository/org/apache/kerby/kerby-pkix/1.0.1/kerby-pkix-1.0.1.jar:/home/alex/.m2/repository/org/apache/kerby/kerby-asn1/1.0.1/kerby-asn1-1.0.1.jar:/home/alex/.m2/repository/org/apache/kerby/kerby-util/1.0.1/kerby-util-1.0.1.jar:/home/alex/.m2/repository/org/apache/kerby/kerb-common/1.0.1/kerb-common-1.0.1.jar:/home/alex/.m2/repository/org/apache/kerby/kerb-crypto/1.0.1/kerb-crypto-1.0.1.jar:/home/alex/.m2/repository/org/apache/kerby/kerb-util/1.0.1/kerb-util-1.0.1.jar:/home/alex/.m2/repository/org/apache/kerby/token-provider/1.0.1/token-provider-1.0.1.jar:/home/alex/.m2/repository/org/apache/kerby/kerb-admin/1.0.1/kerb-admin-1.0.1.jar:/home/alex/.m2/repository/org/apache/kerby/kerb-server/1.0.1/kerb-server-1.0.1.jar:/home/alex/.m2/repository/org/apache/kerby/kerb-identity/1.0.1/kerb-identity-1.0.1.jar:/home/alex/.m2/repository/org/apache/kerby/kerby-xdr/1.0.1/kerby-xdr-1.0.1.jar:/home/alex/.m2/repository/org/codehaus/woodstox/stax2-api/3.1.4/stax2-api-3.1.4.jar:/home/alex/.m2/repository/com/fasterxml/woodstox/woodstox-core/5.0.3/woodstox-core-5.0.3.jar:/home/alex/.m2/repository/org/apache/hadoop/hadoop-mapreduce-client-jobclient/3.1.0/hadoop-mapreduce-client-jobclient-3.1.0.jar:/home/alex/.m2/repository/com/google/inject/extensions/guice-servlet/4.0/guice-servlet-4.0.jar:/home/alex/.m2/repository/com/google/inject/guice/4.0/guice-4.0.jar:/home/alex/.m2/repository/aopalliance/aopalliance/1.0/aopalliance-1.0.jar:/home/alex/.m2/repository/org/apache/hadoop/hadoop-mapreduce-client-core/3.1.0/hadoop-mapreduce-client-core-3.1.0.jar:/home/alex/.m2/repository/org/apache/hadoop/hadoop-yarn-client/3.1.0/hadoop-yarn-client-3.1.0.jar:/home/alex/.m2/repository/org/apache/hadoop/hadoop-yarn-api/3.1.0/hadoop-yarn-api-3.1.0.jar:/home/alex/.m2/repository/org/apache/hadoop/hadoop-yarn-common/3.1.0/hadoop-yarn-common-3.1.0.jar:/home/alex/.m2/repository/javax/xml/bind/jaxb-api/2.2.11/jaxb-api-2.2.11.jar:/home/alex/.m2/repository/com/sun/jersey/jersey-client/1.19/jersey-client-1.19.jar:/home/alex/.m2/repository/com/sun/jersey/contribs/jersey-guice/1.19/jersey-guice-1.19.jar:/home/alex/.m2/repository/com/fasterxml/jackson/module/jackson-module-jaxb-annotations/2.12.0/jackson-module-jaxb-annotations-2.12.0.jar:/home/alex/.m2/repository/jakarta/xml/bind/jakarta.xml.bind-api/2.3.2/jakarta.xml.bind-api-2.3.2.jar:/home/alex/.m2/repository/jakarta/activation/jakarta.activation-api/1.2.1/jakarta.activation-api-1.2.1.jar:/home/alex/.m2/repository/com/fasterxml/jackson/jaxrs/jackson-jaxrs-json-provider/2.12.0/jackson-jaxrs-json-provider-2.12.0.jar:/home/alex/.m2/repository/org/apache/hadoop/hadoop-hdfs-client/3.1.0/hadoop-hdfs-client-3.1.0.jar:/home/alex/.m2/repository/com/squareup/okhttp/okhttp/2.7.5/okhttp-2.7.5.jar:/home/alex/.m2/repository/com/squareup/okio/okio/1.6.0/okio-1.6.0.jar:/home/alex/.m2/repository/org/apache/pig/pig/0.16.0/pig-0.16.0-h2.jar:/home/alex/.m2/repository/xmlenc/xmlenc/0.52/xmlenc-0.52.jar:/home/alex/.m2/repository/commons-httpclient/commons-httpclient/3.1/commons-httpclient-3.1.jar:/home/alex/.m2/repository/org/mortbay/jetty/jetty/6.1.26/jetty-6.1.26.jar:/home/alex/.m2/repository/org/mortbay/jetty/servlet-api/2.5-20081211/servlet-api-2.5-20081211.jar:/home/alex/.m2/repository/org/mortbay/jetty/jetty-util/6.1.26/jetty-util-6.1.26.jar:/home/alex/.m2/repository/org/mortbay/jetty/jsp-api-2.1/6.1.14/jsp-api-2.1-6.1.14.jar:/home/alex/.m2/repository/org/mortbay/jetty/jsp-2.1/6.1.14/jsp-2.1-6.1.14.jar:/home/alex/.m2/repository/org/eclipse/jdt/core/3.1.1/core-3.1.1.jar:/home/alex/.m2/repository/ant/ant/1.6.5/ant-1.6.5.jar:/home/alex/.m2/repository/commons-el/commons-el/1.0/commons-el-1.0.jar:/home/alex/.m2/repository/net/java/dev/jets3t/jets3t/0.7.1/jets3t-0.7.1.jar:/home/alex/.m2/repository/org/mortbay/jetty/servlet-api-2.5/6.1.14/servlet-api-2.5-6.1.14.jar:/home/alex/.m2/repository/net/sf/kosmosfs/kfs/0.3/kfs-0.3.jar:/home/alex/.m2/repository/junit/junit/4.13/junit-4.13.jar:/home/alex/.m2/repository/org/hamcrest/hamcrest-core/1.3/hamcrest-core-1.3.jar:/home/alex/.m2/repository/hsqldb/hsqldb/1.8.0.10/hsqldb-1.8.0.10.jar:/home/alex/.m2/repository/oro/oro/2.0.8/oro-2.0.8.jar:/home/alex/.m2/repository/org/antlr/ST4/4.0.4/ST4-4.0.4.jar:/home/alex/.m2/repository/org/antlr/antlr-runtime/3.5.2/antlr-runtime-3.5.2.jar:/home/alex/.m2/repository/dk/brics/automaton/automaton/1.11-8/automaton-1.11-8.jar:/home/alex/.m2/repository/org/codehaus/jackson/jackson-mapper-asl/1.8.8/jackson-mapper-asl-1.8.8.jar:/home/alex/.m2/repository/org/codehaus/jackson/jackson-core-asl/1.8.8/jackson-core-asl-1.8.8.jar:/home/alex/.m2/repository/org/apache/ivy/ivy/2.2.0/ivy-2.2.0.jar:/home/alex/.m2/repository/org/apache/hadoop/hadoop-hdfs/3.1.0/hadoop-hdfs-3.1.0.jar:/home/alex/.m2/repository/org/eclipse/jetty/jetty-util-ajax/9.3.19.v20170502/jetty-util-ajax-9.3.19.v20170502.jar:/home/alex/.m2/repository/commons-logging/commons-logging/1.1.3/commons-logging-1.1.3.jar:/home/alex/.m2/repository/commons-daemon/commons-daemon/1.0.13/commons-daemon-1.0.13.jar:/home/alex/.m2/repository/io/netty/netty-all/4.1.65.Final/netty-all-4.1.65.Final.jar:/home/alex/.m2/repository/org/fusesource/leveldbjni/leveldbjni-all/1.8/leveldbjni-all-1.8.jar:/home/alex/.m2/repository/joda-time/joda-time/2.9.9/joda-time-2.9.9.jar:/home/alex/Repositories/hive/hcatalog/core/target/test-classes:/home/alex/.m2/repository/jline/jline/0.9.94/jline-0.9.94.jar:/home/alex/Repositories/hive/ql/target/test-classes:/home/alex/.m2/repository/org/apache/atlas/atlas-client-v2/2.1.0/atlas-client-v2-2.1.0.jar:/home/alex/.m2/repository/cglib/cglib/2.2.2/cglib-2.2.2.jar:/home/alex/.m2/repository/asm/asm/3.3.1/asm-3.3.1.jar:/home/alex/.m2/repository/org/apache/atlas/atlas-client-common/2.1.0/atlas-client-common-2.1.0.jar:/home/alex/.m2/repository/org/apache/atlas/atlas-intg/2.1.0/atlas-intg-2.1.0.jar:/home/alex/.m2/repository/commons-validator/commons-validator/1.6/commons-validator-1.6.jar:/home/alex/.m2/repository/commons-digester/commons-digester/1.8.1/commons-digester-1.8.1.jar:/home/alex/.m2/repository/com/fasterxml/jackson/jaxrs/jackson-jaxrs-base/2.12.0/jackson-jaxrs-base-2.12.0.jar:/home/alex/.m2/repository/javax/inject/javax.inject/1/javax.inject-1.jar:/home/alex/.m2/repository/org/springframework/spring-context/4.3.20.RELEASE/spring-context-4.3.20.RELEASE.jar:/home/alex/.m2/repository/org/springframework/spring-aop/4.3.20.RELEASE/spring-aop-4.3.20.RELEASE.jar:/home/alex/.m2/repository/org/springframework/spring-beans/4.3.20.RELEASE/spring-beans-4.3.20.RELEASE.jar:/home/alex/.m2/repository/org/springframework/spring-core/4.3.20.RELEASE/spring-core-4.3.20.RELEASE.jar:/home/alex/.m2/repository/org/springframework/spring-expression/4.3.20.RELEASE/spring-expression-4.3.20.RELEASE.jar:/home/alex/.m2/repository/commons-configuration/commons-configuration/1.10/commons-configuration-1.10.jar:/home/alex/Repositories/hive/vector-code-gen/target/classes:/home/alex/.m2/repository/org/apache/velocity/velocity/1.5/velocity-1.5.jar:/home/alex/Repositories/hive/serde/target/classes:/home/alex/.m2/repository/org/apache/arrow/arrow-vector/0.15.1/arrow-vector-0.15.1.jar:/home/alex/.m2/repository/org/apache/arrow/arrow-format/0.15.1/arrow-format-0.15.1.jar:/home/alex/.m2/repository/org/apache/arrow/arrow-memory/0.15.1/arrow-memory-0.15.1.jar:/home/alex/.m2/repository/com/google/flatbuffers/flatbuffers-java/1.9.0/flatbuffers-java-1.9.0.jar:/home/alex/.m2/repository/com/carrotsearch/hppc/0.7.2/hppc-0.7.2.jar:/home/alex/.m2/repository/com/github/davidmoten/flatbuffers-java/1.6.0.1/flatbuffers-java-1.6.0.1.jar:/home/alex/Repositories/hive/parser/target/classes:/home/alex/Repositories/hive/udf/target/classes:/home/alex/Repositories/hive/service-rpc/target/classes:/home/alex/Repositories/hive/llap-client/target/classes:/home/alex/Repositories/hive/llap-common/target/classes:/home/alex/.m2/repository/io/jsonwebtoken/jjwt-api/0.10.5/jjwt-api-0.10.5.jar:/home/alex/.m2/repository/io/jsonwebtoken/jjwt-impl/0.10.5/jjwt-impl-0.10.5.jar:/home/alex/.m2/repository/io/jsonwebtoken/jjwt-jackson/0.10.5/jjwt-jackson-0.10.5.jar:/home/alex/Repositories/hive/llap-tez/target/classes:/home/alex/Repositories/hive/shims/aggregator/target/classes:/home/alex/Repositories/hive/shims/common/target/classes:/home/alex/Repositories/hive/shims/0.23/target/classes:/home/alex/.m2/repository/org/apache/hadoop/hadoop-yarn-server-resourcemanager/3.1.0/hadoop-yarn-server-resourcemanager-3.1.0.jar:/home/alex/.m2/repository/org/apache/hadoop/hadoop-yarn-server-common/3.1.0/hadoop-yarn-server-common-3.1.0.jar:/home/alex/.m2/repository/org/apache/geronimo/specs/geronimo-jcache_1.0_spec/1.0-alpha-1/geronimo-jcache_1.0_spec-1.0-alpha-1.jar:/home/alex/.m2/repository/org/ehcache/ehcache/3.3.1/ehcache-3.3.1.jar:/home/alex/.m2/repository/com/zaxxer/HikariCP-java7/2.4.12/HikariCP-java7-2.4.12.jar:/home/alex/.m2/repository/org/apache/hadoop/hadoop-yarn-server-applicationhistoryservice/3.1.0/hadoop-yarn-server-applicationhistoryservice-3.1.0.jar:/home/alex/.m2/repository/de/ruedigermoeller/fst/2.50/fst-2.50.jar:/home/alex/.m2/repository/com/cedarsoftware/java-util/1.9.0/java-util-1.9.0.jar:/home/alex/.m2/repository/com/cedarsoftware/json-io/2.5.1/json-io-2.5.1.jar:/home/alex/Repositories/hive/shims/scheduler/target/classes:/home/alex/Repositories/hive/spark-client/target/classes:/home/alex/.m2/repository/com/fasterxml/jackson/module/jackson-module-scala_2.12/2.12.0/jackson-module-scala_2.12-2.12.0.jar:/home/alex/.m2/repository/org/scala-lang/scala-library/2.12.10/scala-library-2.12.10.jar:/home/alex/.m2/repository/org/apache/spark/spark-core_2.12/2.4.5/spark-core_2.12-2.4.5.jar:/home/alex/.m2/repository/com/twitter/chill_2.12/0.9.3/chill_2.12-0.9.3.jar:/home/alex/.m2/repository/com/twitter/chill-java/0.9.3/chill-java-0.9.3.jar:/home/alex/.m2/repository/org/apache/xbean/xbean-asm6-shaded/4.8/xbean-asm6-shaded-4.8.jar:/home/alex/.m2/repository/org/apache/hadoop/hadoop-client/3.1.0/hadoop-client-3.1.0.jar:/home/alex/.m2/repository/org/apache/spark/spark-launcher_2.12/2.4.5/spark-launcher_2.12-2.4.5.jar:/home/alex/.m2/repository/org/apache/spark/spark-kvstore_2.12/2.4.5/spark-kvstore_2.12-2.4.5.jar:/home/alex/.m2/repository/org/apache/spark/spark-network-common_2.12/2.4.5/spark-network-common_2.12-2.4.5.jar:/home/alex/.m2/repository/org/apache/spark/spark-network-shuffle_2.12/2.4.5/spark-network-shuffle_2.12-2.4.5.jar:/home/alex/.m2/repository/org/apache/spark/spark-unsafe_2.12/2.4.5/spark-unsafe_2.12-2.4.5.jar:/home/alex/.m2/repository/javax/activation/activation/1.1.1/activation-1.1.1.jar:/home/alex/.m2/repository/org/slf4j/jul-to-slf4j/1.7.16/jul-to-slf4j-1.7.16.jar:/home/alex/.m2/repository/org/slf4j/jcl-over-slf4j/1.7.16/jcl-over-slf4j-1.7.16.jar:/home/alex/.m2/repository/com/ning/compress-lzf/1.0.3/compress-lzf-1.0.3.jar:/home/alex/.m2/repository/org/roaringbitmap/RoaringBitmap/0.7.45/RoaringBitmap-0.7.45.jar:/home/alex/.m2/repository/org/roaringbitmap/shims/0.7.45/shims-0.7.45.jar:/home/alex/.m2/repository/org/json4s/json4s-jackson_2.12/3.5.3/json4s-jackson_2.12-3.5.3.jar:/home/alex/.m2/repository/org/json4s/json4s-core_2.12/3.5.3/json4s-core_2.12-3.5.3.jar:/home/alex/.m2/repository/org/json4s/json4s-ast_2.12/3.5.3/json4s-ast_2.12-3.5.3.jar:/home/alex/.m2/repository/org/json4s/json4s-scalap_2.12/3.5.3/json4s-scalap_2.12-3.5.3.jar:/home/alex/.m2/repository/org/scala-lang/modules/scala-xml_2.12/1.0.6/scala-xml_2.12-1.0.6.jar:/home/alex/.m2/repository/com/clearspring/analytics/stream/2.7.0/stream-2.7.0.jar:/home/alex/.m2/repository/io/dropwizard/metrics/metrics-graphite/3.1.5/metrics-graphite-3.1.5.jar:/home/alex/.m2/repository/net/razorvine/pyrolite/4.13/pyrolite-4.13.jar:/home/alex/.m2/repository/net/sf/py4j/py4j/0.10.7/py4j-0.10.7.jar:/home/alex/.m2/repository/org/apache/spark/spark-tags_2.12/2.4.5/spark-tags_2.12-2.4.5.jar:/home/alex/.m2/repository/org/apache/commons/commons-crypto/1.0.0/commons-crypto-1.0.0.jar:/home/alex/.m2/repository/org/spark-project/spark/unused/1.0.0/unused-1.0.0.jar:/home/alex/.m2/repository/org/apache/spark/spark-yarn_2.12/2.4.5/spark-yarn_2.12-2.4.5.jar:/home/alex/.m2/repository/org/apache/hadoop/hadoop-yarn-server-web-proxy/3.1.0/hadoop-yarn-server-web-proxy-3.1.0.jar:/home/alex/Repositories/hive/storage-api/target/classes:/home/alex/.m2/repository/com/amazonaws/secretsmanager/aws-secretsmanager-caching-java/1.0.1/aws-secretsmanager-caching-java-1.0.1.jar:/home/alex/.m2/repository/com/esotericsoftware/kryo/5.0.3/kryo-5.0.3.jar:/home/alex/.m2/repository/com/esotericsoftware/minlog/1.3.1/minlog-1.3.1.jar:/home/alex/.m2/repository/com/esotericsoftware/reflectasm/1.11.9/reflectasm-1.11.9.jar:/home/alex/.m2/repository/org/apache/parquet/parquet-hadoop-bundle/1.11.1/parquet-hadoop-bundle-1.11.1.jar:/home/alex/.m2/repository/org/apache/commons/commons-collections4/4.1/commons-collections4-4.1.jar:/home/alex/.m2/repository/org/apache/commons/commons-text/1.8/commons-text-1.8.jar:/home/alex/.m2/repository/javolution/javolution/5.5.1/javolution-5.5.1.jar:/home/alex/.m2/repository/org/apache/logging/log4j/log4j-1.2-api/2.13.2/log4j-1.2-api-2.13.2.jar:/home/alex/.m2/repository/org/apache/logging/log4j/log4j-api/2.13.2/log4j-api-2.13.2.jar:/home/alex/.m2/repository/org/apache/logging/log4j/log4j-core/2.13.2/log4j-core-2.13.2.jar:/home/alex/.m2/repository/org/apache/logging/log4j/log4j-slf4j-impl/2.13.2/log4j-slf4j-impl-2.13.2.jar:/home/alex/.m2/repository/org/apache/avro/avro-mapred/1.8.2/avro-mapred-1.8.2-hadoop2.jar:/home/alex/.m2/repository/org/apache/avro/avro-ipc/1.8.2/avro-ipc-1.8.2.jar:/home/alex/.m2/repository/org/apache/ant/ant/1.9.1/ant-1.9.1.jar:/home/alex/.m2/repository/org/apache/ant/ant-launcher/1.9.1/ant-launcher-1.9.1.jar:/home/alex/.m2/repository/org/apache/thrift/libfb303/0.9.3/libfb303-0.9.3.jar:/home/alex/.m2/repository/org/apache/hadoop/hadoop-yarn-registry/3.1.0/hadoop-yarn-registry-3.1.0.jar:/home/alex/.m2/repository/dnsjava/dnsjava/2.1.7/dnsjava-2.1.7.jar:/home/alex/.m2/repository/org/apache/orc/orc-tools/1.6.9/orc-tools-1.6.9.jar:/home/alex/.m2/repository/com/opencsv/opencsv/3.9/opencsv-3.9.jar:/home/alex/.m2/repository/org/threeten/threetenbp/1.3.5/threetenbp-1.3.5.jar:/home/alex/.m2/repository/org/apache/thrift/libthrift/0.14.1/libthrift-0.14.1.jar:/home/alex/.m2/repository/org/apache/httpcomponents/httpcore/4.4.13/httpcore-4.4.13.jar:/home/alex/.m2/repository/org/apache/tomcat/embed/tomcat-embed-core/8.5.46/tomcat-embed-core-8.5.46.jar:/home/alex/.m2/repository/org/apache/tomcat/tomcat-annotations-api/8.5.46/tomcat-annotations-api-8.5.46.jar:/home/alex/.m2/repository/javax/annotation/javax.annotation-api/1.3.2/javax.annotation-api-1.3.2.jar:/home/alex/.m2/repository/org/apache/zookeeper/zookeeper/3.5.5/zookeeper-3.5.5.jar:/home/alex/.m2/repository/org/apache/zookeeper/zookeeper-jute/3.5.5/zookeeper-jute-3.5.5.jar:/home/alex/.m2/repository/org/apache/yetus/audience-annotations/0.5.0/audience-annotations-0.5.0.jar:/home/alex/.m2/repository/org/apache/curator/curator-framework/4.2.0/curator-framework-4.2.0.jar:/home/alex/.m2/repository/org/apache/datasketches/datasketches-hive/1.1.0-incubating/datasketches-hive-1.1.0-incubating.jar:/home/alex/.m2/repository/org/apache/datasketches/datasketches-java/1.3.0-incubating/datasketches-java-1.3.0-incubating.jar:/home/alex/.m2/repository/org/apache/datasketches/datasketches-memory/1.2.0-incubating/datasketches-memory-1.2.0-incubating.jar:/home/alex/.m2/repository/org/slf4j/slf4j-simple/1.7.27/slf4j-simple-1.7.27.jar:/home/alex/.m2/repository/org/codehaus/groovy/groovy-all/2.4.11/groovy-all-2.4.11.jar:/home/alex/.m2/repository/org/jodd/jodd-util/6.0.0/jodd-util-6.0.0.jar:/home/alex/.m2/repository/com/fasterxml/jackson/dataformat/jackson-dataformat-yaml/2.12.0/jackson-dataformat-yaml-2.12.0.jar:/home/alex/.m2/repository/org/yaml/snakeyaml/1.27/snakeyaml-1.27.jar:/home/alex/.m2/repository/org/datanucleus/datanucleus-core/5.2.4/datanucleus-core-5.2.4.jar:/home/alex/.m2/repository/org/apache/calcite/calcite-core/1.25.0/calcite-core-1.25.0.jar:/home/alex/.m2/repository/org/apache/calcite/calcite-linq4j/1.25.0/calcite-linq4j-1.25.0.jar:/home/alex/.m2/repository/org/apiguardian/apiguardian-api/1.1.0/apiguardian-api-1.1.0.jar:/home/alex/.m2/repository/com/esri/geometry/esri-geometry-api/2.2.0/esri-geometry-api-2.2.0.jar:/home/alex/.m2/repository/com/yahoo/datasketches/sketches-core/0.9.0/sketches-core-0.9.0.jar:/home/alex/.m2/repository/com/yahoo/datasketches/memory/0.9.0/memory-0.9.0.jar:/home/alex/.m2/repository/org/apache/calcite/calcite-druid/1.25.0/calcite-druid-1.25.0.jar:/home/alex/.m2/repository/org/apache/calcite/avatica/avatica/1.12.0/avatica-1.12.0.jar:/home/alex/.m2/repository/com/googlecode/javaewah/JavaEWAH/0.3.2/JavaEWAH-0.3.2.jar:/home/alex/.m2/repository/com/tdunning/json/1.8/json-1.8.jar:/home/alex/.m2/repository/stax/stax-api/1.0.1/stax-api-1.0.1.jar:/home/alex/.m2/repository/net/sf/opencsv/opencsv/2.3/opencsv-2.3.jar:/home/alex/Repositories/hive/standalone-metastore/metastore-server/target/classes:/home/alex/.m2/repository/org/reflections/reflections/0.9.10/reflections-0.9.10.jar:/home/alex/.m2/repository/org/javassist/javassist/3.19.0-GA/javassist-3.19.0-GA.jar:/home/alex/.m2/repository/com/jayway/jsonpath/json-path/2.4.0/json-path-2.4.0.jar:/home/alex/.m2/repository/org/codehaus/janino/commons-compiler/3.0.11/commons-compiler-3.0.11.jar:/home/alex/.m2/repository/org/codehaus/janino/janino/3.0.11/janino-3.0.11.jar:/home/alex/.m2/repository/com/sun/jersey/contribs/jersey-multipart/1.19/jersey-multipart-1.19.jar:/home/alex/.m2/repository/org/jvnet/mimepull/mimepull/1.9.3/mimepull-1.9.3.jar:/home/alex/.m2/repository/org/apache/kafka/kafka-clients/2.5.0/kafka-clients-2.5.0.jar:/home/alex/.m2/repository/com/github/luben/zstd-jni/1.4.4-7/zstd-jni-1.4.4-7.jar:/home/alex/.m2/repository/org/lz4/lz4-java/1.7.1/lz4-java-1.7.1.jar:/home/alex/.m2/repository/org/apache/hadoop/hadoop-hdfs/3.1.0/hadoop-hdfs-3.1.0-tests.jar:/home/alex/Repositories/hive/standalone-metastore/metastore-server/target/test-classes:/home/alex/Repositories/hive/standalone-metastore/metastore-common/target/classes:/home/alex/.m2/repository/com/github/ben-manes/caffeine/caffeine/2.8.4/caffeine-2.8.4.jar:/home/alex/.m2/repository/org/checkerframework/checker-qual/3.4.0/checker-qual-3.4.0.jar:/home/alex/.m2/repository/com/google/errorprone/error_prone_annotations/2.3.4/error_prone_annotations-2.3.4.jar:/home/alex/.m2/repository/org/apache/orc/orc-core/1.6.9/orc-core-1.6.9.jar:/home/alex/.m2/repository/org/apache/orc/orc-shims/1.6.9/orc-shims-1.6.9.jar:/home/alex/.m2/repository/io/airlift/aircompressor/0.19/aircompressor-0.19.jar:/home/alex/.m2/repository/org/jetbrains/annotations/17.0.0/annotations-17.0.0.jar:/home/alex/.m2/repository/org/threeten/threeten-extra/1.5.0/threeten-extra-1.5.0.jar:/home/alex/.m2/repository/com/github/joshelser/dropwizard-metrics-hadoop-metrics2-reporter/0.1.2/dropwizard-metrics-hadoop-metrics2-reporter-0.1.2.jar:/home/alex/.m2/repository/com/zaxxer/HikariCP/2.6.1/HikariCP-2.6.1.jar:/home/alex/.m2/repository/org/apache/commons/commons-dbcp2/2.7.0/commons-dbcp2-2.7.0.jar:/home/alex/.m2/repository/org/apache/commons/commons-pool2/2.7.0/commons-pool2-2.7.0.jar:/home/alex/.m2/repository/io/dropwizard/metrics/metrics-core/3.1.0/metrics-core-3.1.0.jar:/home/alex/.m2/repository/io/dropwizard/metrics/metrics-jvm/3.1.0/metrics-jvm-3.1.0.jar:/home/alex/.m2/repository/io/dropwizard/metrics/metrics-json/3.1.0/metrics-json-3.1.0.jar:/home/alex/.m2/repository/org/apache/derby/derby/10.14.1.0/derby-10.14.1.0.jar:/home/alex/.m2/repository/commons-beanutils/commons-beanutils/1.9.4/commons-beanutils-1.9.4.jar:/home/alex/.m2/repository/org/datanucleus/datanucleus-api-jdo/5.2.4/datanucleus-api-jdo-5.2.4.jar:/home/alex/.m2/repository/org/datanucleus/datanucleus-rdbms/5.2.4/datanucleus-rdbms-5.2.4.jar:/home/alex/.m2/repository/org/datanucleus/javax.jdo/3.2.0-release/javax.jdo-3.2.0-release.jar:/home/alex/.m2/repository/javax/transaction/javax.transaction-api/1.3/javax.transaction-api-1.3.jar:/home/alex/.m2/repository/org/glassfish/corba/glassfish-corba-omgapi/4.2.2/glassfish-corba-omgapi-4.2.2.jar:/home/alex/.m2/repository/sqlline/sqlline/1.9.0/sqlline-1.9.0.jar:/home/alex/.m2/repository/org/jline/jline-terminal/3.12.1/jline-terminal-3.12.1.jar:/home/alex/.m2/repository/org/jline/jline-reader/3.12.1/jline-reader-3.12.1.jar:/home/alex/.m2/repository/org/jline/jline-terminal-jansi/3.12.1/jline-terminal-jansi-3.12.1.jar:/home/alex/.m2/repository/org/fusesource/jansi/jansi/1.18/jansi-1.18.jar:/home/alex/.m2/repository/org/jline/jline-terminal-jna/3.12.1/jline-terminal-jna-3.12.1.jar:/home/alex/.m2/repository/net/java/dev/jna/jna/5.3.1/jna-5.3.1.jar:/home/alex/.m2/repository/org/jline/jline-builtins/3.12.1/jline-builtins-3.12.1.jar:/home/alex/.m2/repository/org/jline/jline-style/3.12.1/jline-style-3.12.1.jar:/home/alex/.m2/repository/com/cronutils/cron-utils/9.1.3/cron-utils-9.1.3.jar:/home/alex/.m2/repository/org/glassfish/javax.el/3.0.0/javax.el-3.0.0.jar:/home/alex/.m2/repository/com/oracle/database/jdbc/ojdbc8/21.3.0.0/ojdbc8-21.3.0.0.jar:/home/alex/.m2/repository/mysql/mysql-connector-java/8.0.27/mysql-connector-java-8.0.27.jar:/home/alex/.m2/repository/com/microsoft/sqlserver/mssql-jdbc/6.2.1.jre8/mssql-jdbc-6.2.1.jre8.jar:/home/alex/.m2/repository/org/postgresql/postgresql/42.2.14/postgresql-42.2.14.jar:/home/alex/.m2/repository/org/apache/hadoop/hadoop-mapreduce-client-common/3.1.0/hadoop-mapreduce-client-common-3.1.0.jar:/home/alex/.m2/repository/org/apache/hadoop/hadoop-common/3.1.0/hadoop-common-3.1.0-tests.jar:/home/alex/.m2/repository/org/apache/httpcomponents/httpclient/4.5.13/httpclient-4.5.13.jar:/home/alex/.m2/repository/org/apache/curator/curator-client/4.2.0/curator-client-4.2.0.jar:/home/alex/.m2/repository/org/apache/curator/curator-recipes/4.2.0/curator-recipes-4.2.0.jar:/home/alex/.m2/repository/com/sun/jersey/jersey-servlet/1.19/jersey-servlet-1.19.jar:/home/alex/.m2/repository/org/slf4j/slf4j-api/1.7.30/slf4j-api-1.7.30.jar:/home/alex/.m2/repository/org/mockito/mockito-core/3.4.4/mockito-core-3.4.4.jar:/home/alex/.m2/repository/net/bytebuddy/byte-buddy/1.10.13/byte-buddy-1.10.13.jar:/home/alex/.m2/repository/net/bytebuddy/byte-buddy-agent/1.10.13/byte-buddy-agent-1.10.13.jar:/home/alex/.m2/repository/org/objenesis/objenesis/2.6/objenesis-2.6.jar:/home/alex/Repositories/hive/hcatalog/hcatalog-pig-adapter/target/testconf:/home/alex/Repositories/hive/hcatalog/hcatalog-pig-adapter/../../conf:"/>
    <property name="sun.cpu.endian" value="little"/>
    <property name="user.home" value="/home/alex"/>
    <property name="user.language" value="en"/>
    <property name="java.security.krb5.conf" value="/home/alex/Repositories/hive/hcatalog/hcatalog-pig-adapter/target/testconf/krb5.conf"/>
    <property name="test.dfs.mkdir" value=""/>
    <property name="java.awt.graphicsenv" value="sun.awt.X11GraphicsEnvironment"/>
    <property name="nondexFilter" value=".*"/>
    <property name="nondexSeed" value="1016066"/>
    <property name="surefire.real.class.path" value="/home/alex/Repositories/hive/hcatalog/hcatalog-pig-adapter/target/surefire/surefirebooter4973688839032076597.jar"/>
    <property name="hadoop.log.dir" value="/home/alex/Repositories/hive/hcatalog/hcatalog-pig-adapter/target/tmp"/>
    <property name="java.net.preferIPv4Stack" value="true"/>
    <property name="path.separator" value=":"/>
    <property name="os.version" value="6.5.0-28-generic"/>
    <property name="java.endorsed.dirs" value="/usr/lib/jvm/java-8-openjdk-amd64/jre/lib/endorsed"/>
    <property name="java.runtime.name" value="OpenJDK Runtime Environment"/>
    <property name="hive.test.console.log.level" value="INFO"/>
    <property name="java.vm.name" value="OpenJDK 64-Bit Server VM"/>
    <property name="java.vendor.url.bug" value="http://bugreport.sun.com/bugreport/"/>
    <property name="maven.local.repository" value="/home/alex/.m2/repository"/>
    <property name="user.dir" value="/home/alex/Repositories/hive/hcatalog/hcatalog-pig-adapter"/>
    <property name="os.arch" value="amd64"/>
    <property name="nondexMode" value="FULL"/>
    <property name="user.language.format" value="pt"/>
    <property name="antlr.version" value="3.5.2"/>
    <property name="derby.version" value="10.14.1.0"/>
    <property name="java.vm.info" value="mixed mode"/>
    <property name="java.vm.version" value="25.402-b06"/>
    <property name="java.ext.dirs" value="/usr/lib/jvm/java-8-openjdk-amd64/jre/lib/ext:/usr/java/packages/lib/ext"/>
    <property name="test.output.overwrite" value=""/>
    <property name="java.class.version" value="52.0"/>
    <property name="hive.root" value="/home/alex/Repositories/hive/hcatalog/hcatalog-pig-adapter/../../"/>
  </properties>
  <testcase name="testSchemaLoadComplex" classname="org.apache.hive.hcatalog.pig.TestRCFileHCatLoader" time="34.498">
    <error message="FAILED: Execution Error, return code 40000 from org.apache.hadoop.hive.ql.ddl.DDLTask. MetaException(message:javax.jdo.JDODataStoreException: Exception thrown flushing changes to datastore&#10;NestedThrowables:&#10;java.sql.BatchUpdateException: DELETE on table &apos;DBS&apos; caused a violation of foreign key constraint &apos;TBLS_FK1&apos; for key (2).  The statement has been rolled back.)" type="(responseCode = 40000, errorMessage = FAILED"><![CDATA[(responseCode = 40000, errorMessage = FAILED: Execution Error, return code 40000 from org.apache.hadoop.hive.ql.ddl.DDLTask. MetaException(message:javax.jdo.JDODataStoreException: Exception thrown flushing changes to datastore
NestedThrowables:
java.sql.BatchUpdateException: DELETE on table 'DBS' caused a violation of foreign key constraint 'TBLS_FK1' for key (2).  The statement has been rolled back.), hiveErrorCode = 40000, SQLState = 08S01, exception = MetaException(message:javax.jdo.JDODataStoreException: Exception thrown flushing changes to datastore
NestedThrowables:
java.sql.BatchUpdateException: DELETE on table 'DBS' caused a violation of foreign key constraint 'TBLS_FK1' for key (2).  The statement has been rolled back.))
	at org.apache.hadoop.hive.ql.DriverUtils.createProcessorException(DriverUtils.java:153)
	at org.apache.hadoop.hive.ql.Executor.handleTaskFailure(Executor.java:403)
	at org.apache.hadoop.hive.ql.Executor.handleFinished(Executor.java:285)
	at org.apache.hadoop.hive.ql.Executor.runTasks(Executor.java:246)
	at org.apache.hadoop.hive.ql.Executor.execute(Executor.java:108)
	at org.apache.hadoop.hive.ql.Driver.execute(Driver.java:348)
	at org.apache.hadoop.hive.ql.Driver.runInternal(Driver.java:204)
	at org.apache.hadoop.hive.ql.Driver.run(Driver.java:153)
	at org.apache.hadoop.hive.ql.Driver.run(Driver.java:148)
	at org.apache.hadoop.hive.ql.reexec.ReExecDriver.run(ReExecDriver.java:164)
	at org.apache.hadoop.hive.ql.reexec.ReExecDriver.run(ReExecDriver.java:230)
	at org.apache.hive.hcatalog.pig.AbstractHCatLoaderTest.executeStatementOnDriver(AbstractHCatLoaderTest.java:151)
	at org.apache.hive.hcatalog.pig.AbstractHCatLoaderTest.tearDown(AbstractHCatLoaderTest.java:239)
	at sun.reflect.NativeMethodAccessorImpl.invoke0(Native Method)
	at sun.reflect.NativeMethodAccessorImpl.invoke(NativeMethodAccessorImpl.java:62)
	at sun.reflect.DelegatingMethodAccessorImpl.invoke(DelegatingMethodAccessorImpl.java:43)
	at java.lang.reflect.Method.invoke(Method.java:498)
	at org.junit.runners.model.FrameworkMethod$1.runReflectiveCall(FrameworkMethod.java:59)
	at org.junit.internal.runners.model.ReflectiveCallable.run(ReflectiveCallable.java:12)
	at org.junit.runners.model.FrameworkMethod.invokeExplosively(FrameworkMethod.java:56)
	at org.junit.internal.runners.statements.RunAfters.invokeMethod(RunAfters.java:46)
	at org.junit.internal.runners.statements.RunAfters.evaluate(RunAfters.java:33)
	at org.junit.runners.ParentRunner$3.evaluate(ParentRunner.java:306)
	at org.junit.runners.BlockJUnit4ClassRunner$1.evaluate(BlockJUnit4ClassRunner.java:100)
	at org.junit.runners.ParentRunner.runLeaf(ParentRunner.java:366)
	at org.junit.runners.BlockJUnit4ClassRunner.runChild(BlockJUnit4ClassRunner.java:103)
	at org.junit.runners.BlockJUnit4ClassRunner.runChild(BlockJUnit4ClassRunner.java:63)
	at org.junit.runners.ParentRunner$4.run(ParentRunner.java:331)
	at org.junit.runners.ParentRunner$1.schedule(ParentRunner.java:79)
	at org.junit.runners.ParentRunner.runChildren(ParentRunner.java:329)
	at org.junit.runners.ParentRunner.access$100(ParentRunner.java:66)
	at org.junit.runners.ParentRunner$2.evaluate(ParentRunner.java:293)
	at org.junit.internal.runners.statements.RunBefores.evaluate(RunBefores.java:26)
	at org.junit.runners.ParentRunner$3.evaluate(ParentRunner.java:306)
	at org.junit.runners.ParentRunner.run(ParentRunner.java:413)
	at org.junit.runners.Suite.runChild(Suite.java:128)
	at org.junit.runners.Suite.runChild(Suite.java:27)
	at org.junit.runners.ParentRunner$4.run(ParentRunner.java:331)
	at org.junit.runners.ParentRunner$1.schedule(ParentRunner.java:79)
	at org.junit.runners.ParentRunner.runChildren(ParentRunner.java:329)
	at org.junit.runners.ParentRunner.access$100(ParentRunner.java:66)
	at org.junit.runners.ParentRunner$2.evaluate(ParentRunner.java:293)
	at org.junit.runners.ParentRunner$3.evaluate(ParentRunner.java:306)
	at org.junit.runners.ParentRunner.run(ParentRunner.java:413)
	at org.apache.maven.surefire.junitcore.JUnitCore.run(JUnitCore.java:55)
	at org.apache.maven.surefire.junitcore.JUnitCoreWrapper.createRequestAndRun(JUnitCoreWrapper.java:137)
	at org.apache.maven.surefire.junitcore.JUnitCoreWrapper.executeEager(JUnitCoreWrapper.java:107)
	at org.apache.maven.surefire.junitcore.JUnitCoreWrapper.execute(JUnitCoreWrapper.java:83)
	at org.apache.maven.surefire.junitcore.JUnitCoreWrapper.execute(JUnitCoreWrapper.java:75)
	at org.apache.maven.surefire.junitcore.JUnitCoreProvider.invoke(JUnitCoreProvider.java:158)
	at org.apache.maven.surefire.booter.ForkedBooter.runSuitesInProcess(ForkedBooter.java:377)
	at org.apache.maven.surefire.booter.ForkedBooter.execute(ForkedBooter.java:138)
	at org.apache.maven.surefire.booter.ForkedBooter.run(ForkedBooter.java:465)
	at org.apache.maven.surefire.booter.ForkedBooter.main(ForkedBooter.java:451)
Caused by: org.apache.hadoop.hive.ql.metadata.HiveException: MetaException(message:javax.jdo.JDODataStoreException: Exception thrown flushing changes to datastore
NestedThrowables:
java.sql.BatchUpdateException: DELETE on table 'DBS' caused a violation of foreign key constraint 'TBLS_FK1' for key (2).  The statement has been rolled back.)
	at org.apache.hadoop.hive.ql.metadata.Hive.dropDatabase(Hive.java:666)
	at org.apache.hadoop.hive.ql.ddl.database.drop.DropDatabaseOperation.execute(DropDatabaseOperation.java:52)
	at org.apache.hadoop.hive.ql.ddl.DDLTask.execute(DDLTask.java:84)
	at org.apache.hadoop.hive.ql.exec.Task.executeTask(Task.java:212)
	at org.apache.hadoop.hive.ql.exec.TaskRunner.runSequential(TaskRunner.java:105)
	at org.apache.hadoop.hive.ql.Executor.launchTask(Executor.java:361)
	at org.apache.hadoop.hive.ql.Executor.launchTasks(Executor.java:334)
	at org.apache.hadoop.hive.ql.Executor.runTasks(Executor.java:245)
	... 50 more
Caused by: MetaException(message:javax.jdo.JDODataStoreException: Exception thrown flushing changes to datastore
NestedThrowables:
java.sql.BatchUpdateException: DELETE on table 'DBS' caused a violation of foreign key constraint 'TBLS_FK1' for key (2).  The statement has been rolled back.)
	at org.apache.hadoop.hive.metastore.RetryingHMSHandler.invokeInternal(RetryingHMSHandler.java:209)
	at org.apache.hadoop.hive.metastore.RetryingHMSHandler.invoke(RetryingHMSHandler.java:108)
	at com.sun.proxy.$Proxy35.drop_database(Unknown Source)
	at org.apache.hadoop.hive.metastore.HiveMetaStoreClient.dropDatabaseCascadePerDb(HiveMetaStoreClient.java:1601)
	at org.apache.hadoop.hive.metastore.HiveMetaStoreClient.dropDatabase(HiveMetaStoreClient.java:1532)
	at org.apache.hadoop.hive.metastore.HiveMetaStoreClient.dropDatabase(HiveMetaStoreClient.java:1485)
	at sun.reflect.NativeMethodAccessorImpl.invoke0(Native Method)
	at sun.reflect.NativeMethodAccessorImpl.invoke(NativeMethodAccessorImpl.java:62)
	at sun.reflect.DelegatingMethodAccessorImpl.invoke(DelegatingMethodAccessorImpl.java:43)
	at java.lang.reflect.Method.invoke(Method.java:498)
	at org.apache.hadoop.hive.metastore.RetryingMetaStoreClient.invoke(RetryingMetaStoreClient.java:218)
	at com.sun.proxy.$Proxy45.dropDatabase(Unknown Source)
	at org.apache.hadoop.hive.ql.metadata.Hive.dropDatabase(Hive.java:662)
	... 57 more
Caused by: javax.jdo.JDODataStoreException: Exception thrown flushing changes to datastore
NestedThrowables:
java.sql.BatchUpdateException: DELETE on table 'DBS' caused a violation of foreign key constraint 'TBLS_FK1' for key (2).  The statement has been rolled back.
	at org.datanucleus.api.jdo.NucleusJDOHelper.getJDOExceptionForNucleusException(NucleusJDOHelper.java:542)
	at org.datanucleus.api.jdo.JDOTransaction.commit(JDOTransaction.java:162)
	at org.apache.hadoop.hive.metastore.ObjectStore.commitTransaction(ObjectStore.java:615)
	at sun.reflect.GeneratedMethodAccessor31.invoke(Unknown Source)
	at sun.reflect.DelegatingMethodAccessorImpl.invoke(DelegatingMethodAccessorImpl.java:43)
	at java.lang.reflect.Method.invoke(Method.java:498)
	at org.apache.hadoop.hive.metastore.RawStoreProxy.invoke(RawStoreProxy.java:97)
	at com.sun.proxy.$Proxy32.commitTransaction(Unknown Source)
	at org.apache.hadoop.hive.metastore.HMSHandler.drop_database_core(HMSHandler.java:1790)
	at org.apache.hadoop.hive.metastore.HMSHandler.drop_database(HMSHandler.java:1869)
	at sun.reflect.NativeMethodAccessorImpl.invoke0(Native Method)
	at sun.reflect.NativeMethodAccessorImpl.invoke(NativeMethodAccessorImpl.java:62)
	at sun.reflect.DelegatingMethodAccessorImpl.invoke(DelegatingMethodAccessorImpl.java:43)
	at java.lang.reflect.Method.invoke(Method.java:498)
	at org.apache.hadoop.hive.metastore.RetryingHMSHandler.invokeInternal(RetryingHMSHandler.java:147)
	... 69 more
Caused by: java.sql.BatchUpdateException: DELETE on table 'DBS' caused a violation of foreign key constraint 'TBLS_FK1' for key (2).  The statement has been rolled back.
	at org.apache.derby.impl.jdbc.EmbedStatement.executeLargeBatch(Unknown Source)
	at org.apache.derby.impl.jdbc.EmbedStatement.executeBatch(Unknown Source)
	at com.zaxxer.hikari.pool.ProxyStatement.executeBatch(ProxyStatement.java:128)
	at com.zaxxer.hikari.pool.HikariProxyPreparedStatement.executeBatch(HikariProxyPreparedStatement.java)
	at org.datanucleus.store.rdbms.ParamLoggingPreparedStatement.executeBatch(ParamLoggingPreparedStatement.java:366)
	at org.datanucleus.store.rdbms.SQLController.processConnectionStatement(SQLController.java:675)
	at org.datanucleus.store.rdbms.SQLController.processStatementsForConnection(SQLController.java:643)
	at org.datanucleus.store.rdbms.SQLController$1.transactionFlushed(SQLController.java:729)
	at org.datanucleus.store.connection.AbstractManagedConnection.transactionFlushed(AbstractManagedConnection.java:95)
	at org.datanucleus.store.connection.ConnectionManagerImpl$2.transactionFlushed(ConnectionManagerImpl.java:528)
	at org.datanucleus.TransactionImpl.flush(TransactionImpl.java:222)
	at org.datanucleus.TransactionImpl.commit(TransactionImpl.java:286)
	at org.datanucleus.api.jdo.JDOTransaction.commit(JDOTransaction.java:99)
	... 82 more
Caused by: org.apache.derby.shared.common.error.DerbySQLIntegrityConstraintViolationException: DELETE on table 'DBS' caused a violation of foreign key constraint 'TBLS_FK1' for key (2).  The statement has been rolled back.
	at org.apache.derby.impl.jdbc.SQLExceptionFactory.getSQLException(Unknown Source)
	at org.apache.derby.impl.jdbc.Util.generateCsSQLException(Unknown Source)
	at org.apache.derby.impl.jdbc.TransactionResourceImpl.wrapInSQLException(Unknown Source)
	at org.apache.derby.impl.jdbc.TransactionResourceImpl.handleException(Unknown Source)
	at org.apache.derby.impl.jdbc.EmbedConnection.handleException(Unknown Source)
	at org.apache.derby.impl.jdbc.ConnectionChild.handleException(Unknown Source)
	at org.apache.derby.impl.jdbc.EmbedStatement.executeStatement(Unknown Source)
	at org.apache.derby.impl.jdbc.EmbedPreparedStatement.executeBatchElement(Unknown Source)
	... 95 more
Caused by: ERROR 23503: DELETE on table 'DBS' caused a violation of foreign key constraint 'TBLS_FK1' for key (2).  The statement has been rolled back.
	at org.apache.derby.iapi.error.StandardException.newException(Unknown Source)
	at org.apache.derby.iapi.error.StandardException.newException(Unknown Source)
	at org.apache.derby.impl.sql.execute.ReferencedKeyRIChecker.doCheck(Unknown Source)
	at org.apache.derby.impl.sql.execute.RISetChecker.doPKCheck(Unknown Source)
	at org.apache.derby.impl.sql.execute.DeleteResultSet.collectAffectedRows(Unknown Source)
	at org.apache.derby.impl.sql.execute.DeleteResultSet.open(Unknown Source)
	at org.apache.derby.impl.sql.GenericPreparedStatement.executeStmt(Unknown Source)
	at org.apache.derby.impl.sql.GenericPreparedStatement.execute(Unknown Source)
	... 97 more
]]></error>
    <system-out><![CDATA[log4j: Trying to find [log4j.xml] using context classloader sun.misc.Launcher$AppClassLoader@330bedb4.
log4j: Trying to find [log4j.xml] using sun.misc.Launcher$AppClassLoader@330bedb4 class loader.
log4j: Trying to find [log4j.xml] using ClassLoader.getSystemResource().
log4j: Trying to find [log4j.properties] using context classloader sun.misc.Launcher$AppClassLoader@330bedb4.
log4j: Trying to find [log4j.properties] using sun.misc.Launcher$AppClassLoader@330bedb4 class loader.
log4j: Trying to find [log4j.properties] using ClassLoader.getSystemResource().
log4j: Could not find resource: [null].
log4j: Could not find root logger information. Is this OK?
log4j: Finished configuring.
log4j: Could not find root logger information. Is this OK?
log4j: Finished configuring.
log4j: Could not find root logger information. Is this OK?
log4j: Finished configuring.
K: {name: chararray,studentid: int,contact: (phno: chararray,email: chararray),currently_registered_courses: {innertuple: (innerfield: chararray)},current_grades: map[],phnos: {innertuple: (phno: chararray,type: chararray)}}
]]></system-out>
    <system-err><![CDATA[SLF4J: Class path contains multiple SLF4J bindings.
SLF4J: Found binding in [jar:file:/home/alex/.m2/repository/org/apache/logging/log4j/log4j-slf4j-impl/2.13.2/log4j-slf4j-impl-2.13.2.jar!/org/slf4j/impl/StaticLoggerBinder.class]
SLF4J: Found binding in [jar:file:/home/alex/.m2/repository/org/slf4j/slf4j-simple/1.7.27/slf4j-simple-1.7.27.jar!/org/slf4j/impl/StaticLoggerBinder.class]
SLF4J: See http://www.slf4j.org/codes.html#multiple_bindings for an explanation.
SLF4J: Actual binding is of type [org.apache.logging.slf4j.Log4jLoggerFactory]
DEBUG StatusLogger Using ShutdownCallbackRegistry class org.apache.logging.log4j.core.util.DefaultShutdownCallbackRegistry
DEBUG StatusLogger Took 0,101565 seconds to load 251 plugins from sun.misc.Launcher$AppClassLoader@330bedb4
DEBUG StatusLogger PluginManager 'Converter' found 46 plugins
DEBUG StatusLogger Starting OutputStreamManager SYSTEM_OUT.false.false-1
DEBUG StatusLogger Starting LoggerContext[name=330bedb4, org.apache.logging.log4j.core.LoggerContext@5bda8e08]...
DEBUG StatusLogger Reconfiguration started for context[name=330bedb4] at URI null (org.apache.logging.log4j.core.LoggerContext@5bda8e08) with optional ClassLoader: null
DEBUG StatusLogger PluginManager 'ConfigurationFactory' found 6 plugins
DEBUG StatusLogger Using configurationFactory org.apache.logging.log4j.core.config.ConfigurationFactory$Factory@24313fcc
DEBUG StatusLogger Apache Log4j Core 2.13.2 initializing configuration org.apache.logging.log4j.core.config.properties.PropertiesConfiguration@10aa41f2
DEBUG StatusLogger Installed 2 script engines
DEBUG StatusLogger Groovy Scripting Engine version: 2.0, language: Groovy, threading: MULTITHREADED, compile: true, names: [groovy, Groovy], factory class: org.codehaus.groovy.jsr223.GroovyScriptEngineFactory
DEBUG StatusLogger Oracle Nashorn version: 1.8.0_402, language: ECMAScript, threading: Not Thread Safe, compile: true, names: [nashorn, Nashorn, js, JS, JavaScript, javascript, ECMAScript, ecmascript], factory class: jdk.nashorn.api.scripting.NashornScriptEngineFactory
INFO StatusLogger Scanning for classes in '/home/alex/Repositories/hive/common/target/classes/org/apache/hadoop/hive/ql/log' matching criteria annotated with @Plugin
DEBUG StatusLogger Checking to see if class org.apache.hadoop.hive.ql.log.PerfLogger matches criteria annotated with @Plugin
INFO StatusLogger Scanning for classes in '/home/alex/Repositories/hive/ql/target/classes/org/apache/hadoop/hive/ql/log' matching criteria annotated with @Plugin
DEBUG StatusLogger Checking to see if class org.apache.hadoop.hive.ql.log.LogDivertAppenderForTest$TestFilter matches criteria annotated with @Plugin
DEBUG StatusLogger Checking to see if class org.apache.hadoop.hive.ql.log.LogDivertAppender matches criteria annotated with @Plugin
DEBUG StatusLogger Checking to see if class org.apache.hadoop.hive.ql.log.syslog.SyslogInputFormat matches criteria annotated with @Plugin
DEBUG StatusLogger Checking to see if class org.apache.hadoop.hive.ql.log.syslog.SyslogStorageHandler matches criteria annotated with @Plugin
DEBUG StatusLogger Checking to see if class org.apache.hadoop.hive.ql.log.syslog.SyslogSerDe matches criteria annotated with @Plugin
DEBUG StatusLogger Checking to see if class org.apache.hadoop.hive.ql.log.syslog.SyslogInputFormat$Location matches criteria annotated with @Plugin
DEBUG StatusLogger Checking to see if class org.apache.hadoop.hive.ql.log.syslog.SyslogParser matches criteria annotated with @Plugin
DEBUG StatusLogger Checking to see if class org.apache.hadoop.hive.ql.log.PidFilePatternConverter matches criteria annotated with @Plugin
DEBUG StatusLogger Checking to see if class org.apache.hadoop.hive.ql.log.HiveEventCounter matches criteria annotated with @Plugin
DEBUG StatusLogger Checking to see if class org.apache.hadoop.hive.ql.log.LogDivertAppender$NameFilter matches criteria annotated with @Plugin
DEBUG StatusLogger Checking to see if class org.apache.hadoop.hive.ql.log.LogDivertAppenderForTest matches criteria annotated with @Plugin
DEBUG StatusLogger Checking to see if class org.apache.hadoop.hive.ql.log.HiveEventCounter$EventCounts matches criteria annotated with @Plugin
DEBUG StatusLogger Checking to see if class org.apache.hadoop.hive.ql.log.HushableRandomAccessFileAppender matches criteria annotated with @Plugin
DEBUG StatusLogger Checking to see if class org.apache.hadoop.hive.ql.log.NullAppender matches criteria annotated with @Plugin
DEBUG StatusLogger Checking to see if class org.apache.hadoop.hive.ql.log.HiveEventCounter$1 matches criteria annotated with @Plugin
DEBUG StatusLogger Checking to see if class org.apache.hadoop.hive.ql.log.SlidingFilenameRolloverStrategy$1 matches criteria annotated with @Plugin
DEBUG StatusLogger Checking to see if class org.apache.hadoop.hive.ql.log.HushableRandomAccessFileAppender$1 matches criteria annotated with @Plugin
DEBUG StatusLogger Checking to see if class org.apache.hadoop.hive.ql.log.SlidingFilenameRolloverStrategy matches criteria annotated with @Plugin
INFO StatusLogger Scanning for classes in '/home/alex/Repositories/hive/ql/target/test-classes/org/apache/hadoop/hive/ql/log' matching criteria annotated with @Plugin
DEBUG StatusLogger Checking to see if class org.apache.hadoop.hive.ql.log.TestLog4j2Appenders matches criteria annotated with @Plugin
DEBUG StatusLogger Checking to see if class org.apache.hadoop.hive.ql.log.TestSyslogInputFormat matches criteria annotated with @Plugin
DEBUG StatusLogger Checking to see if class org.apache.hadoop.hive.ql.log.TestSlidingFilenameRolloverStrategy matches criteria annotated with @Plugin
DEBUG StatusLogger Took 0,019393 seconds to load 7 plugins from package org.apache.hadoop.hive.ql.log
DEBUG StatusLogger PluginManager 'Core' found 133 plugins
DEBUG StatusLogger PluginManager 'Level' found 0 plugins
DEBUG StatusLogger Building Plugin[name=property, class=org.apache.logging.log4j.core.config.Property].
TRACE StatusLogger TypeConverterRegistry initializing.
DEBUG StatusLogger PluginManager 'TypeConverter' found 26 plugins
DEBUG StatusLogger createProperty(name="hive.log.file", value="hive.log")
DEBUG StatusLogger Building Plugin[name=property, class=org.apache.logging.log4j.core.config.Property].
DEBUG StatusLogger createProperty(name="hive.log.dir", value="/home/alex/Repositories/hive/hcatalog/hcatalog-pig-adapter/target/tmp/log")
DEBUG StatusLogger Building Plugin[name=property, class=org.apache.logging.log4j.core.config.Property].
DEBUG StatusLogger createProperty(name="hive.root.logger", value="DRFA")
DEBUG StatusLogger Building Plugin[name=property, class=org.apache.logging.log4j.core.config.Property].
DEBUG StatusLogger createProperty(name="hive.log.level", value="DEBUG")
DEBUG StatusLogger Building Plugin[name=property, class=org.apache.logging.log4j.core.config.Property].
DEBUG StatusLogger createProperty(name="hive.test.console.log.level", value="INFO")
DEBUG StatusLogger Building Plugin[name=properties, class=org.apache.logging.log4j.core.config.PropertiesPlugin].
DEBUG StatusLogger configureSubstitutor(={hive.log.file=hive.log, hive.log.dir=/home/alex/Repositories/hive/hcatalog/hcatalog-pig-adapter/target/tmp/log, hive.root.logger=DRFA, hive.log.level=DEBUG, hive.test.console.log.level=INFO}, Configuration(HiveLog4j2Test))
DEBUG StatusLogger PluginManager 'Lookup' found 17 plugins
DEBUG StatusLogger Building Plugin[name=logger, class=org.apache.logging.log4j.core.config.LoggerConfig].
DEBUG StatusLogger createLogger(additivity="true", level="WARN", name="org.apache.hadoop.ipc", includeLocation="null", ={}, ={}, Configuration(HiveLog4j2Test), Filter=null)
DEBUG StatusLogger Building Plugin[name=logger, class=org.apache.logging.log4j.core.config.LoggerConfig].
DEBUG StatusLogger createLogger(additivity="true", level="INFO", name="org.apache.hadoop.security", includeLocation="null", ={}, ={}, Configuration(HiveLog4j2Test), Filter=null)
DEBUG StatusLogger Building Plugin[name=logger, class=org.apache.logging.log4j.core.config.LoggerConfig].
DEBUG StatusLogger createLogger(additivity="true", level="INFO", name="org.apache.hadoop.hdfs", includeLocation="null", ={}, ={}, Configuration(HiveLog4j2Test), Filter=null)
DEBUG StatusLogger Building Plugin[name=logger, class=org.apache.logging.log4j.core.config.LoggerConfig].
DEBUG StatusLogger createLogger(additivity="true", level="WARN", name="org.apache.hadoop.hdfs.server", includeLocation="null", ={}, ={}, Configuration(HiveLog4j2Test), Filter=null)
DEBUG StatusLogger Building Plugin[name=logger, class=org.apache.logging.log4j.core.config.LoggerConfig].
DEBUG StatusLogger createLogger(additivity="true", level="INFO", name="org.apache.hadoop.metrics2", includeLocation="null", ={}, ={}, Configuration(HiveLog4j2Test), Filter=null)
DEBUG StatusLogger Building Plugin[name=logger, class=org.apache.logging.log4j.core.config.LoggerConfig].
DEBUG StatusLogger createLogger(additivity="true", level="INFO", name="org.mortbay", includeLocation="null", ={}, ={}, Configuration(HiveLog4j2Test), Filter=null)
DEBUG StatusLogger Building Plugin[name=logger, class=org.apache.logging.log4j.core.config.LoggerConfig].
DEBUG StatusLogger createLogger(additivity="true", level="INFO", name="org.apache.hadoop.yarn", includeLocation="null", ={}, ={}, Configuration(HiveLog4j2Test), Filter=null)
DEBUG StatusLogger Building Plugin[name=logger, class=org.apache.logging.log4j.core.config.LoggerConfig].
DEBUG StatusLogger createLogger(additivity="true", level="WARN", name="org.apache.hadoop.yarn.server", includeLocation="null", ={}, ={}, Configuration(HiveLog4j2Test), Filter=null)
DEBUG StatusLogger Building Plugin[name=logger, class=org.apache.logging.log4j.core.config.LoggerConfig].
DEBUG StatusLogger createLogger(additivity="true", level="INFO", name="org.apache.tez", includeLocation="null", ={}, ={}, Configuration(HiveLog4j2Test), Filter=null)
DEBUG StatusLogger Building Plugin[name=logger, class=org.apache.logging.log4j.core.config.LoggerConfig].
DEBUG StatusLogger createLogger(additivity="true", level="ERROR", name="org.apache.hadoop.conf.Configuration", includeLocation="null", ={}, ={}, Configuration(HiveLog4j2Test), Filter=null)
DEBUG StatusLogger Building Plugin[name=logger, class=org.apache.logging.log4j.core.config.LoggerConfig].
DEBUG StatusLogger createLogger(additivity="true", level="INFO", name="org.apache.zookeeper", includeLocation="null", ={}, ={}, Configuration(HiveLog4j2Test), Filter=null)
DEBUG StatusLogger Building Plugin[name=logger, class=org.apache.logging.log4j.core.config.LoggerConfig].
DEBUG StatusLogger createLogger(additivity="true", level="WARN", name="org.apache.zookeeper.server.ServerCnxn", includeLocation="null", ={}, ={}, Configuration(HiveLog4j2Test), Filter=null)
DEBUG StatusLogger Building Plugin[name=logger, class=org.apache.logging.log4j.core.config.LoggerConfig].
DEBUG StatusLogger createLogger(additivity="true", level="WARN", name="org.apache.zookeeper.server.NIOServerCnxn", includeLocation="null", ={}, ={}, Configuration(HiveLog4j2Test), Filter=null)
DEBUG StatusLogger Building Plugin[name=logger, class=org.apache.logging.log4j.core.config.LoggerConfig].
DEBUG StatusLogger createLogger(additivity="true", level="WARN", name="org.apache.zookeeper.ClientCnxn", includeLocation="null", ={}, ={}, Configuration(HiveLog4j2Test), Filter=null)
DEBUG StatusLogger Building Plugin[name=logger, class=org.apache.logging.log4j.core.config.LoggerConfig].
DEBUG StatusLogger createLogger(additivity="true", level="WARN", name="org.apache.zookeeper.ClientCnxnSocket", includeLocation="null", ={}, ={}, Configuration(HiveLog4j2Test), Filter=null)
DEBUG StatusLogger Building Plugin[name=logger, class=org.apache.logging.log4j.core.config.LoggerConfig].
DEBUG StatusLogger createLogger(additivity="true", level="WARN", name="org.apache.zookeeper.ClientCnxnSocketNIO", includeLocation="null", ={}, ={}, Configuration(HiveLog4j2Test), Filter=null)
DEBUG StatusLogger Building Plugin[name=logger, class=org.apache.logging.log4j.core.config.LoggerConfig].
DEBUG StatusLogger createLogger(additivity="true", level="ERROR", name="DataNucleus", includeLocation="null", ={}, ={}, Configuration(HiveLog4j2Test), Filter=null)
DEBUG StatusLogger Building Plugin[name=logger, class=org.apache.logging.log4j.core.config.LoggerConfig].
DEBUG StatusLogger createLogger(additivity="true", level="ERROR", name="Datastore", includeLocation="null", ={}, ={}, Configuration(HiveLog4j2Test), Filter=null)
DEBUG StatusLogger Building Plugin[name=logger, class=org.apache.logging.log4j.core.config.LoggerConfig].
DEBUG StatusLogger createLogger(additivity="true", level="ERROR", name="JPOX", includeLocation="null", ={}, ={}, Configuration(HiveLog4j2Test), Filter=null)
DEBUG StatusLogger Building Plugin[name=logger, class=org.apache.logging.log4j.core.config.LoggerConfig].
DEBUG StatusLogger createLogger(additivity="true", level="INFO", name="org.apache.hadoop.hive.ql.exec.Operator", includeLocation="null", ={}, ={}, Configuration(HiveLog4j2Test), Filter=null)
DEBUG StatusLogger Building Plugin[name=logger, class=org.apache.logging.log4j.core.config.LoggerConfig].
DEBUG StatusLogger createLogger(additivity="true", level="INFO", name="org.apache.hadoop.hive.serde2.lazy", includeLocation="null", ={}, ={}, Configuration(HiveLog4j2Test), Filter=null)
DEBUG StatusLogger Building Plugin[name=logger, class=org.apache.logging.log4j.core.config.LoggerConfig].
DEBUG StatusLogger createLogger(additivity="true", level="INFO", name="org.apache.hadoop.hive.metastore.ObjectStore", includeLocation="null", ={}, ={}, Configuration(HiveLog4j2Test), Filter=null)
DEBUG StatusLogger Building Plugin[name=logger, class=org.apache.logging.log4j.core.config.LoggerConfig].
DEBUG StatusLogger createLogger(additivity="true", level="INFO", name="org.apache.calcite.plan.RelOptPlanner", includeLocation="null", ={}, ={}, Configuration(HiveLog4j2Test), Filter=null)
DEBUG StatusLogger Building Plugin[name=logger, class=org.apache.logging.log4j.core.config.LoggerConfig].
DEBUG StatusLogger createLogger(additivity="true", level="INFO", name="com.amazonaws", includeLocation="null", ={}, ={}, Configuration(HiveLog4j2Test), Filter=null)
DEBUG StatusLogger Building Plugin[name=logger, class=org.apache.logging.log4j.core.config.LoggerConfig].
DEBUG StatusLogger createLogger(additivity="true", level="INFO", name="org.apache.http", includeLocation="null", ={}, ={}, Configuration(HiveLog4j2Test), Filter=null)
DEBUG StatusLogger Building Plugin[name=logger, class=org.apache.logging.log4j.core.config.LoggerConfig].
DEBUG StatusLogger createLogger(additivity="true", level="WARN", name="org.apache.thrift", includeLocation="null", ={}, ={}, Configuration(HiveLog4j2Test), Filter=null)
DEBUG StatusLogger Building Plugin[name=logger, class=org.apache.logging.log4j.core.config.LoggerConfig].
DEBUG StatusLogger createLogger(additivity="true", level="WARN", name="org.eclipse.jetty", includeLocation="null", ={}, ={}, Configuration(HiveLog4j2Test), Filter=null)
DEBUG StatusLogger Building Plugin[name=logger, class=org.apache.logging.log4j.core.config.LoggerConfig].
DEBUG StatusLogger createLogger(additivity="true", level="WARN", name="BlockStateChange", includeLocation="null", ={}, ={}, Configuration(HiveLog4j2Test), Filter=null)
DEBUG StatusLogger Building Plugin[name=logger, class=org.apache.logging.log4j.core.config.LoggerConfig].
DEBUG StatusLogger createLogger(additivity="true", level="DEBUG", name="org.apache.hadoop.hive.ql.optimizer.SharedWorkOptimizer", includeLocation="null", ={}, ={}, Configuration(HiveLog4j2Test), Filter=null)
DEBUG StatusLogger Building Plugin[name=AppenderRef, class=org.apache.logging.log4j.core.config.AppenderRef].
DEBUG StatusLogger createAppenderRef(ref="console", level="INFO", Filter=null)
DEBUG StatusLogger Building Plugin[name=AppenderRef, class=org.apache.logging.log4j.core.config.AppenderRef].
DEBUG StatusLogger createAppenderRef(ref="DRFA", level="null", Filter=null)
DEBUG StatusLogger Building Plugin[name=root, class=org.apache.logging.log4j.core.config.LoggerConfig$RootLogger].
DEBUG StatusLogger createLogger(additivity="null", level="DEBUG", includeLocation="null", ={console, DRFA}, ={}, Configuration(HiveLog4j2Test), Filter=null)
DEBUG StatusLogger Building Plugin[name=loggers, class=org.apache.logging.log4j.core.config.LoggersPlugin].
DEBUG StatusLogger createLoggers(={org.apache.hadoop.ipc, org.apache.hadoop.security, org.apache.hadoop.hdfs, org.apache.hadoop.hdfs.server, org.apache.hadoop.metrics2, org.mortbay, org.apache.hadoop.yarn, org.apache.hadoop.yarn.server, org.apache.tez, org.apache.hadoop.conf.Configuration, org.apache.zookeeper, org.apache.zookeeper.server.ServerCnxn, org.apache.zookeeper.server.NIOServerCnxn, org.apache.zookeeper.ClientCnxn, org.apache.zookeeper.ClientCnxnSocket, org.apache.zookeeper.ClientCnxnSocketNIO, DataNucleus, Datastore, JPOX, org.apache.hadoop.hive.ql.exec.Operator, org.apache.hadoop.hive.serde2.lazy, org.apache.hadoop.hive.metastore.ObjectStore, org.apache.calcite.plan.RelOptPlanner, com.amazonaws, org.apache.http, org.apache.thrift, org.eclipse.jetty, BlockStateChange, org.apache.hadoop.hive.ql.optimizer.SharedWorkOptimizer, root})
DEBUG StatusLogger Building Plugin[name=layout, class=org.apache.logging.log4j.core.layout.PatternLayout].
DEBUG StatusLogger PatternLayout$Builder(footer="null", disableAnsi="null", Configuration(HiveLog4j2Test), pattern="%d{ISO8601} %5p [%t] %c{2}: %m%n", Replace=null, noConsoleNoAnsi="null", alwaysWriteExceptions="null", PatternSelector=null, charset="null", header="null")
DEBUG StatusLogger PluginManager 'Converter' found 46 plugins
DEBUG StatusLogger Building Plugin[name=appender, class=org.apache.logging.log4j.core.appender.ConsoleAppender].
DEBUG StatusLogger ConsoleAppender$Builder(follow="null", direct="null", target="SYSTEM_ERR", bufferedIo="null", immediateFlush="null", bufferSize="null", ignoreExceptions="null", Configuration(HiveLog4j2Test), PatternLayout(%d{ISO8601} %5p [%t] %c{2}: %m%n), name="console", Filter=null, ={})
DEBUG StatusLogger Starting OutputStreamManager SYSTEM_ERR.false.false
DEBUG StatusLogger Building Plugin[name=layout, class=org.apache.logging.log4j.core.layout.PatternLayout].
DEBUG StatusLogger PatternLayout$Builder(Configuration(HiveLog4j2Test), header="null", disableAnsi="null", alwaysWriteExceptions="null", Replace=null, footer="null", PatternSelector=null, pattern="%d{ISO8601} %5p [%t] %c{2}: %m%n", charset="null", noConsoleNoAnsi="null")
DEBUG StatusLogger Building Plugin[name=TimeBasedTriggeringPolicy, class=org.apache.logging.log4j.core.appender.rolling.TimeBasedTriggeringPolicy].
DEBUG StatusLogger TimeBasedTriggeringPolicy$Builder(maxRandomDelay="null", modulate="true", interval="1")
DEBUG StatusLogger Building Plugin[name=Policies, class=org.apache.logging.log4j.core.appender.rolling.CompositeTriggeringPolicy].
DEBUG StatusLogger createPolicy(={TimeBasedTriggeringPolicy(nextRolloverMillis=0, interval=1, modulate=true)})
DEBUG StatusLogger Building Plugin[name=DefaultRolloverStrategy, class=org.apache.logging.log4j.core.appender.rolling.DefaultRolloverStrategy].
DEBUG StatusLogger DefaultRolloverStrategy$Builder(fileIndex="null", min="null", tempCompressedFilePattern="null", Configuration(HiveLog4j2Test), stopCustomActionsOnError="null", ={}, compressionLevel="null", max="30")
DEBUG StatusLogger Building Plugin[name=appender, class=org.apache.logging.log4j.core.appender.RollingRandomAccessFileAppender].
DEBUG StatusLogger RollingRandomAccessFileAppender$Builder(fileGroup="null", filePattern="/home/alex/Repositories/hive/hcatalog/hcatalog-pig-adapter/target/tmp/log/hive.log.%d{yyyy-MM-dd}", fileName="/home/alex/Repositories/hive/hcatalog/hcatalog-pig-adapter/target/tmp/log/hive.log", append="null", Policies(CompositeTriggeringPolicy(policies=[TimeBasedTriggeringPolicy(nextRolloverMillis=0, interval=1, modulate=true)])), advertiseURI="null", advertise="null", filePermissions="null", DefaultRolloverStrategy(DefaultRolloverStrategy(min=1, max=30, useMax=true)), fileOwner="null", bufferedIo="null", immediateFlush="null", bufferSize="null", name="DRFA", Configuration(HiveLog4j2Test), PatternLayout(%d{ISO8601} %5p [%t] %c{2}: %m%n), ignoreExceptions="null", ={}, Filter=null)
TRACE StatusLogger RandomAccessFile /home/alex/Repositories/hive/hcatalog/hcatalog-pig-adapter/target/tmp/log/hive.log seek to 675976601
DEBUG StatusLogger Starting RollingRandomAccessFileManager /home/alex/Repositories/hive/hcatalog/hcatalog-pig-adapter/target/tmp/log/hive.log
DEBUG StatusLogger PluginManager 'FileConverter' found 3 plugins
DEBUG StatusLogger Setting prev file time to 2024-04-24T11:26:54.297-0700
DEBUG StatusLogger Initializing triggering policy CompositeTriggeringPolicy(policies=[TimeBasedTriggeringPolicy(nextRolloverMillis=0, interval=1, modulate=true)])
DEBUG StatusLogger Initializing triggering policy TimeBasedTriggeringPolicy(nextRolloverMillis=0, interval=1, modulate=true)
TRACE StatusLogger PatternProcessor.getNextTime returning 2024/04/25-00:00:00.000, nextFileTime=2024/04/24-00:00:00.000, prevFileTime=1969/12/31-16:00:00.000, current=2024/04/24-11:26:55.893, freq=DAILY
TRACE StatusLogger PatternProcessor.getNextTime returning 2024/04/25-00:00:00.000, nextFileTime=2024/04/24-00:00:00.000, prevFileTime=2024/04/24-00:00:00.000, current=2024/04/24-11:26:55.894, freq=DAILY
DEBUG StatusLogger Building Plugin[name=appenders, class=org.apache.logging.log4j.core.config.AppendersPlugin].
DEBUG StatusLogger createAppenders(={console, DRFA})
DEBUG StatusLogger Configuration org.apache.logging.log4j.core.config.properties.PropertiesConfiguration@10aa41f2 initialized
DEBUG StatusLogger Starting configuration org.apache.logging.log4j.core.config.properties.PropertiesConfiguration@10aa41f2
DEBUG StatusLogger Started configuration org.apache.logging.log4j.core.config.properties.PropertiesConfiguration@10aa41f2 OK.
TRACE StatusLogger Stopping org.apache.logging.log4j.core.config.DefaultConfiguration@1d548a08...
TRACE StatusLogger DefaultConfiguration notified 1 ReliabilityStrategies that config will be stopped.
TRACE StatusLogger DefaultConfiguration stopping root LoggerConfig.
TRACE StatusLogger DefaultConfiguration notifying ReliabilityStrategies that appenders will be stopped.
TRACE StatusLogger DefaultConfiguration stopping remaining Appenders.
DEBUG StatusLogger Shutting down OutputStreamManager SYSTEM_OUT.false.false-1
DEBUG StatusLogger OutputStream closed
DEBUG StatusLogger Shut down OutputStreamManager SYSTEM_OUT.false.false-1, all resources released: true
DEBUG StatusLogger Appender DefaultConsole-1 stopped with status true
TRACE StatusLogger DefaultConfiguration stopped 1 remaining Appenders.
TRACE StatusLogger DefaultConfiguration cleaning Appenders from 1 LoggerConfigs.
DEBUG StatusLogger Stopped org.apache.logging.log4j.core.config.DefaultConfiguration@1d548a08 OK
TRACE StatusLogger Reregistering MBeans after reconfigure. Selector=org.apache.logging.log4j.core.selector.ClassLoaderContextSelector@5a3bc7ed
TRACE StatusLogger Reregistering context (1/1): '330bedb4' org.apache.logging.log4j.core.LoggerContext@5bda8e08
TRACE StatusLogger Unregistering but no MBeans found matching 'org.apache.logging.log4j2:type=330bedb4'
TRACE StatusLogger Unregistering but no MBeans found matching 'org.apache.logging.log4j2:type=330bedb4,component=StatusLogger'
TRACE StatusLogger Unregistering but no MBeans found matching 'org.apache.logging.log4j2:type=330bedb4,component=ContextSelector'
TRACE StatusLogger Unregistering but no MBeans found matching 'org.apache.logging.log4j2:type=330bedb4,component=Loggers,name=*'
TRACE StatusLogger Unregistering but no MBeans found matching 'org.apache.logging.log4j2:type=330bedb4,component=Appenders,name=*'
TRACE StatusLogger Unregistering but no MBeans found matching 'org.apache.logging.log4j2:type=330bedb4,component=AsyncAppenders,name=*'
TRACE StatusLogger Unregistering but no MBeans found matching 'org.apache.logging.log4j2:type=330bedb4,component=AsyncLoggerRingBuffer'
TRACE StatusLogger Unregistering but no MBeans found matching 'org.apache.logging.log4j2:type=330bedb4,component=Loggers,name=*,subtype=RingBuffer'
DEBUG StatusLogger Registering MBean org.apache.logging.log4j2:type=330bedb4
DEBUG StatusLogger Registering MBean org.apache.logging.log4j2:type=330bedb4,component=StatusLogger
DEBUG StatusLogger Registering MBean org.apache.logging.log4j2:type=330bedb4,component=ContextSelector
DEBUG StatusLogger Registering MBean org.apache.logging.log4j2:type=330bedb4,component=Loggers,name=org.eclipse.jetty
DEBUG StatusLogger Registering MBean org.apache.logging.log4j2:type=330bedb4,component=Loggers,name=BlockStateChange
DEBUG StatusLogger Registering MBean org.apache.logging.log4j2:type=330bedb4,component=Loggers,name=Datastore
DEBUG StatusLogger Registering MBean org.apache.logging.log4j2:type=330bedb4,component=Loggers,name=org.apache.hadoop.hive.metastore.ObjectStore
DEBUG StatusLogger Registering MBean org.apache.logging.log4j2:type=330bedb4,component=Loggers,name=org.apache.hadoop.yarn.server
DEBUG StatusLogger Registering MBean org.apache.logging.log4j2:type=330bedb4,component=Loggers,name=org.apache.zookeeper.ClientCnxnSocket
DEBUG StatusLogger Registering MBean org.apache.logging.log4j2:type=330bedb4,component=Loggers,name=org.apache.hadoop.metrics2
DEBUG StatusLogger Registering MBean org.apache.logging.log4j2:type=330bedb4,component=Loggers,name=org.apache.zookeeper.ClientCnxn
DEBUG StatusLogger Registering MBean org.apache.logging.log4j2:type=330bedb4,component=Loggers,name=org.apache.http
DEBUG StatusLogger Registering MBean org.apache.logging.log4j2:type=330bedb4,component=Loggers,name=org.apache.hadoop.hive.ql.exec.Operator
DEBUG StatusLogger Registering MBean org.apache.logging.log4j2:type=330bedb4,component=Loggers,name=org.apache.hadoop.conf.Configuration
DEBUG StatusLogger Registering MBean org.apache.logging.log4j2:type=330bedb4,component=Loggers,name=org.apache.calcite.plan.RelOptPlanner
DEBUG StatusLogger Registering MBean org.apache.logging.log4j2:type=330bedb4,component=Loggers,name=org.mortbay
DEBUG StatusLogger Registering MBean org.apache.logging.log4j2:type=330bedb4,component=Loggers,name=org.apache.zookeeper
DEBUG StatusLogger Registering MBean org.apache.logging.log4j2:type=330bedb4,component=Loggers,name=org.apache.hadoop.security
DEBUG StatusLogger Registering MBean org.apache.logging.log4j2:type=330bedb4,component=Loggers,name=JPOX
DEBUG StatusLogger Registering MBean org.apache.logging.log4j2:type=330bedb4,component=Loggers,name=
DEBUG StatusLogger Registering MBean org.apache.logging.log4j2:type=330bedb4,component=Loggers,name=org.apache.hadoop.hdfs
DEBUG StatusLogger Registering MBean org.apache.logging.log4j2:type=330bedb4,component=Loggers,name=org.apache.hadoop.hive.ql.optimizer.SharedWorkOptimizer
DEBUG StatusLogger Registering MBean org.apache.logging.log4j2:type=330bedb4,component=Loggers,name=org.apache.tez
DEBUG StatusLogger Registering MBean org.apache.logging.log4j2:type=330bedb4,component=Loggers,name=org.apache.zookeeper.server.NIOServerCnxn
DEBUG StatusLogger Registering MBean org.apache.logging.log4j2:type=330bedb4,component=Loggers,name=org.apache.hadoop.hdfs.server
DEBUG StatusLogger Registering MBean org.apache.logging.log4j2:type=330bedb4,component=Loggers,name=org.apache.hadoop.hive.serde2.lazy
DEBUG StatusLogger Registering MBean org.apache.logging.log4j2:type=330bedb4,component=Loggers,name=DataNucleus
DEBUG StatusLogger Registering MBean org.apache.logging.log4j2:type=330bedb4,component=Loggers,name=com.amazonaws
DEBUG StatusLogger Registering MBean org.apache.logging.log4j2:type=330bedb4,component=Loggers,name=org.apache.thrift
DEBUG StatusLogger Registering MBean org.apache.logging.log4j2:type=330bedb4,component=Loggers,name=org.apache.zookeeper.server.ServerCnxn
DEBUG StatusLogger Registering MBean org.apache.logging.log4j2:type=330bedb4,component=Loggers,name=org.apache.hadoop.ipc
DEBUG StatusLogger Registering MBean org.apache.logging.log4j2:type=330bedb4,component=Loggers,name=org.apache.hadoop.yarn
DEBUG StatusLogger Registering MBean org.apache.logging.log4j2:type=330bedb4,component=Loggers,name=org.apache.zookeeper.ClientCnxnSocketNIO
DEBUG StatusLogger Registering MBean org.apache.logging.log4j2:type=330bedb4,component=Appenders,name=console
DEBUG StatusLogger Registering MBean org.apache.logging.log4j2:type=330bedb4,component=Appenders,name=DRFA
TRACE StatusLogger Using default SystemClock for timestamps.
DEBUG StatusLogger org.apache.logging.log4j.core.util.SystemClock does not support precise timestamps.
TRACE StatusLogger Using DummyNanoClock for nanosecond timestamps.
DEBUG StatusLogger Reconfiguration complete for context[name=330bedb4] at URI /home/alex/Repositories/hive/hcatalog/hcatalog-pig-adapter/target/testconf/hive-log4j2.properties (org.apache.logging.log4j.core.LoggerContext@5bda8e08) with optional ClassLoader: null
DEBUG StatusLogger Shutdown hook enabled. Registering a new one.
DEBUG StatusLogger LoggerContext[name=330bedb4, org.apache.logging.log4j.core.LoggerContext@5bda8e08] started OK.
2024-04-24T11:26:56,073  INFO [main] mapreduce.HCatBaseTest: Using warehouse directory /home/alex/Repositories/hive/hcatalog/hcatalog-pig-adapter/build/test/data/org.apache.hive.hcatalog.mapreduce.HCatBaseTest-1713983215978/warehouse
DEBUG StatusLogger AsyncLogger.ThreadNameStrategy=UNCACHED (user specified null, default is UNCACHED)
TRACE StatusLogger Using default SystemClock for timestamps.
DEBUG StatusLogger org.apache.logging.log4j.core.util.SystemClock does not support precise timestamps.
2024-04-24T11:26:56,097  INFO [main] conf.HiveConf: Found configuration file file:/home/alex/Repositories/hive/hcatalog/hcatalog-pig-adapter/target/testconf/hive-site.xml
2024-04-24T11:26:56,365  WARN [main] util.NativeCodeLoader: Unable to load native-hadoop library for your platform... using builtin-java classes where applicable
2024-04-24T11:26:56,416  WARN [main] conf.HiveConf: HiveConf of name hive.dummyparam.test.server.specific.config.hivesite does not exist
2024-04-24T11:26:56,416  WARN [main] conf.HiveConf: HiveConf of name hive.stats.key.prefix.reserve.length does not exist
2024-04-24T11:26:56,416  WARN [main] conf.HiveConf: HiveConf of name hive.llap.io.cache.orc.alloc.max does not exist
2024-04-24T11:26:56,417  WARN [main] conf.HiveConf: HiveConf of name hive.dummyparam.test.server.specific.config.metastoresite does not exist
2024-04-24T11:26:56,417  WARN [main] conf.HiveConf: HiveConf of name hive.dummyparam.test.server.specific.config.override does not exist
2024-04-24T11:26:56,417  WARN [main] conf.HiveConf: HiveConf of name hive.llap.io.cache.orc.arena.size does not exist
2024-04-24T11:26:56,417  WARN [main] conf.HiveConf: HiveConf of name hive.metastore.metadb.dir does not exist
2024-04-24T11:26:56,417  WARN [main] conf.HiveConf: HiveConf of name hive.metastore.client.cache.maxSize does not exist
2024-04-24T11:26:56,417  WARN [main] conf.HiveConf: HiveConf of name hive.llap.io.cache.orc.alloc.min does not exist
2024-04-24T11:26:56,418  WARN [main] conf.HiveConf: HiveConf of name hive.llap.io.cache.orc.size does not exist
2024-04-24T11:26:56,418  WARN [main] conf.HiveConf: HiveConf of name hive.metastore.client.cache.recordStats does not exist
2024-04-24T11:26:56,602  INFO [main] metastore.HiveMetaStoreClient: HMS client filtering is enabled.
2024-04-24T11:26:56,819  INFO [main] metastore.HMSHandler: 0: Opening raw store with implementation class:org.apache.hadoop.hive.metastore.ObjectStore
2024-04-24T11:26:56,853  INFO [main] metastore.PersistenceManagerProvider: Configuration datanucleus.autoStartMechanismMode is not set. Defaulting to 'ignored'
2024-04-24T11:26:56,859  INFO [main] metastore.PersistenceManagerProvider: Updating the pmf due to property change
2024-04-24T11:26:56,859  INFO [main] metastore.PersistenceManagerProvider: Current pmf properties are uninitialized
2024-04-24T11:26:56,881  WARN [main] hikari.HikariConfig: HikariPool-1 - leakDetectionThreshold is less than 2000ms or more than maxLifetime, disabling it.
2024-04-24T11:26:56,885  INFO [main] hikari.HikariDataSource: HikariPool-1 - Starting...
2024-04-24T11:26:57,734  INFO [main] pool.PoolBase: HikariPool-1 - Driver does not support get/set network timeout for connections. (Feature not implemented: No details.)
2024-04-24T11:26:57,737  INFO [main] hikari.HikariDataSource: HikariPool-1 - Start completed.
log4j:WARN No appenders could be found for logger (DataNucleus.General).
log4j:WARN Please initialize the log4j system properly.
log4j:WARN See http://logging.apache.org/log4j/1.2/faq.html#noconfig for more info.
2024-04-24T11:26:58,438  INFO [main] metastore.PersistenceManagerProvider: Setting MetaStore object pin classes with hive.metastore.cache.pinobjtypes="Table,StorageDescriptor,SerDeInfo,Partition,Database,Type,FieldSchema,Order"
2024-04-24T11:26:58,438  INFO [main] metastore.ObjectStore: RawStore: org.apache.hadoop.hive.metastore.ObjectStore@1bf39d06, with PersistenceManager: null will be shutdown
2024-04-24T11:26:58,463  INFO [main] metastore.ObjectStore: RawStore: org.apache.hadoop.hive.metastore.ObjectStore@1bf39d06, with PersistenceManager: org.datanucleus.api.jdo.JDOPersistenceManager@1460c81d created in the thread with id: 1
2024-04-24T11:27:00,891  WARN [main] metastore.ObjectStore: Version information not found in metastore. metastore.schema.verification is not enabled so recording the schema version 4.0.0
2024-04-24T11:27:00,891  WARN [main] metastore.ObjectStore: setMetaStoreSchemaVersion called but recording version is disabled: version = 4.0.0, comment = Set by MetaStore alex@127.0.1.1
2024-04-24T11:27:00,891  INFO [main] metastore.HMSHandler: Created RawStore: org.apache.hadoop.hive.metastore.ObjectStore@1bf39d06 from thread id: 1
2024-04-24T11:27:01,123  INFO [main] metastore.HMSHandler: Started creating a default database with name: default
2024-04-24T11:27:01,157  INFO [main] metastore.HMSHandler: Successfully created a default database with name: default
2024-04-24T11:27:01,193  INFO [main] metastore.HMSHandler: Added admin role in metastore
2024-04-24T11:27:01,195  INFO [main] metastore.HMSHandler: Added public role in metastore
2024-04-24T11:27:01,305  INFO [main] metastore.HMSHandler: Added hive_admin_user to admin role
2024-04-24T11:27:01,312  INFO [main] metastore.HMSHandler: Scheduling for org.apache.hadoop.hive.metastore.RuntimeStatsCleanerTask service with frequency 3600000ms.
2024-04-24T11:27:01,313  INFO [main] metastore.HMSHandler: Scheduling for org.apache.hadoop.hive.metastore.events.EventCleanerTask service with frequency 0ms.
2024-04-24T11:27:01,336  WARN [main] hikari.HikariConfig: HikariPool-2 - leakDetectionThreshold is less than 2000ms or more than maxLifetime, disabling it.
2024-04-24T11:27:01,339  INFO [main] hikari.HikariDataSource: HikariPool-2 - Starting...
2024-04-24T11:27:01,340  INFO [main] pool.PoolBase: HikariPool-2 - Driver does not support get/set network timeout for connections. (Feature not implemented: No details.)
2024-04-24T11:27:01,341  INFO [main] hikari.HikariDataSource: HikariPool-2 - Start completed.
2024-04-24T11:27:01,343  WARN [main] hikari.HikariConfig: HikariPool-3 - leakDetectionThreshold is less than 2000ms or more than maxLifetime, disabling it.
2024-04-24T11:27:01,346  INFO [main] hikari.HikariDataSource: HikariPool-3 - Starting...
2024-04-24T11:27:01,347  INFO [main] pool.PoolBase: HikariPool-3 - Driver does not support get/set network timeout for connections. (Feature not implemented: No details.)
2024-04-24T11:27:01,348  INFO [main] hikari.HikariDataSource: HikariPool-3 - Start completed.
2024-04-24T11:27:01,352  INFO [main] metastore.HMSHandler: Scheduling for org.apache.hadoop.hive.metastore.metrics.AcidMetricService service with frequency 300000ms.
2024-04-24T11:27:01,354  INFO [main] metastore.HMSHandler: Scheduling for org.apache.hadoop.hive.metastore.HiveProtoEventsCleanerTask service with frequency 86400000ms.
2024-04-24T11:27:01,355  INFO [main] metastore.HMSHandler: Scheduling for org.apache.hadoop.hive.metastore.ScheduledQueryExecutionsMaintTask service with frequency 60000ms.
2024-04-24T11:27:01,356  INFO [main] metastore.HMSHandler: Scheduling for org.apache.hadoop.hive.metastore.ReplicationMetricsMaintTask service with frequency 86400000ms.
2024-04-24T11:27:01,359  INFO [main] metastore.HMSHandler: HMS server filtering is disabled by configuration
Hive Session ID = 970b638e-6c9f-4dc8-b094-6089678e9354
2024-04-24T11:27:01,560  INFO [main] SessionState: Hive Session ID = 970b638e-6c9f-4dc8-b094-6089678e9354
ivysettings.xml file not found in HIVE_HOME or HIVE_CONF_DIR,file:/home/alex/.m2/repository/org/apache/pig/pig/0.16.0/pig-0.16.0-h2.jar!/ivysettings.xml will be used
2024-04-24T11:27:01,572  INFO [main] DependencyResolver: ivysettings.xml file not found in HIVE_HOME or HIVE_CONF_DIR,file:/home/alex/.m2/repository/org/apache/pig/pig/0.16.0/pig-0.16.0-h2.jar!/ivysettings.xml will be used
2024-04-24T11:27:01,640  INFO [main] session.SessionState: Created HDFS directory: /home/alex/Repositories/hive/hcatalog/hcatalog-pig-adapter/target/tmp/scratchdir/alex/970b638e-6c9f-4dc8-b094-6089678e9354
2024-04-24T11:27:01,643  INFO [main] session.SessionState: Created local directory: /home/alex/Repositories/hive/hcatalog/hcatalog-pig-adapter/target/tmp/localscratchdir/970b638e-6c9f-4dc8-b094-6089678e9354
2024-04-24T11:27:01,647  INFO [main] session.SessionState: Created HDFS directory: /home/alex/Repositories/hive/hcatalog/hcatalog-pig-adapter/target/tmp/scratchdir/alex/970b638e-6c9f-4dc8-b094-6089678e9354/_tmp_space.db
2024-04-24T11:27:01,695  INFO [main] ql.Driver: Compiling command(queryId=alex_20240424112656_1fa93c9f-f499-4778-8e1b-e92b23428248): use default
2024-04-24T11:27:02,919  WARN [main] exec.FunctionRegistry: UDF Class org.apache.datasketches.hive.theta.ExcludeSketchUDF does not have description. Please annotate the class with the org.apache.hadoop.hive.ql.exec.Description annotation and provide the description of the function.
2024-04-24T11:27:02,920  WARN [main] exec.FunctionRegistry: UDF Class org.apache.datasketches.hive.theta.UnionSketchUDF does not have description. Please annotate the class with the org.apache.hadoop.hive.ql.exec.Description annotation and provide the description of the function.
2024-04-24T11:27:02,921  WARN [main] exec.FunctionRegistry: UDF Class org.apache.datasketches.hive.theta.IntersectSketchUDF does not have description. Please annotate the class with the org.apache.hadoop.hive.ql.exec.Description annotation and provide the description of the function.
2024-04-24T11:27:02,922  WARN [main] exec.FunctionRegistry: UDF Class org.apache.datasketches.hive.theta.EstimateSketchUDF does not have description. Please annotate the class with the org.apache.hadoop.hive.ql.exec.Description annotation and provide the description of the function.
2024-04-24T11:27:02,925  WARN [main] exec.FunctionRegistry: UDF Class org.apache.datasketches.hive.tuple.ArrayOfDoublesSketchToValuesUDTF does not have description. Please annotate the class with the org.apache.hadoop.hive.ql.exec.Description annotation and provide the description of the function.
2024-04-24T11:27:02,931  WARN [main] exec.FunctionRegistry: UDF Class org.apache.datasketches.hive.cpc.UnionSketchUDF does not have description. Please annotate the class with the org.apache.hadoop.hive.ql.exec.Description annotation and provide the description of the function.
2024-04-24T11:27:02,934  WARN [main] exec.FunctionRegistry: UDF Class org.apache.datasketches.hive.hll.UnionSketchUDF does not have description. Please annotate the class with the org.apache.hadoop.hive.ql.exec.Description annotation and provide the description of the function.
2024-04-24T11:27:02,996  INFO [main] metastore.HiveMetaStoreClient: HMS client filtering is enabled.
2024-04-24T11:27:02,996  INFO [main] metastore.PersistenceManagerProvider: Configuration datanucleus.autoStartMechanismMode is not set. Defaulting to 'ignored'
2024-04-24T11:27:02,998  INFO [main] metastore.ObjectStore: RawStore: org.apache.hadoop.hive.metastore.ObjectStore@1bf39d06, with PersistenceManager: org.datanucleus.api.jdo.JDOPersistenceManager@1460c81d will be shutdown
2024-04-24T11:27:02,999  INFO [main] metastore.ObjectStore: RawStore: org.apache.hadoop.hive.metastore.ObjectStore@1bf39d06, with PersistenceManager: org.datanucleus.api.jdo.JDOPersistenceManager@418f890f created in the thread with id: 1
2024-04-24T11:27:03,014  INFO [main] metastore.HMSHandler: HMS server filtering is disabled by configuration
2024-04-24T11:27:03,015  INFO [main] metastore.RetryingMetaStoreClient: RetryingMetaStoreClient proxy=class org.apache.hadoop.hive.ql.metadata.SessionHiveMetaStoreClient ugi=alex (auth:SIMPLE) retries=1 delay=1 lifetime=0
2024-04-24T11:27:03,056  INFO [main] HiveMetaStore.audit: ugi=alex	ip=unknown-ip-addr	cmd=get_all_functions	
2024-04-24T11:27:03,380  INFO [main] reflections.Reflections: Reflections took 243 ms to scan 2 urls, producing 53 keys and 784 values 
2024-04-24T11:27:03,559  INFO [main] reflections.Reflections: Reflections took 145 ms to scan 2 urls, producing 53 keys and 784 values 
2024-04-24T11:27:03,696  INFO [main] reflections.Reflections: Reflections took 131 ms to scan 2 urls, producing 53 keys and 784 values 
2024-04-24T11:27:03,704  INFO [main] HiveMetaStore.audit: ugi=alex	ip=unknown-ip-addr	cmd=get_database: default	
2024-04-24T11:27:03,847  INFO [main] reflections.Reflections: Reflections took 126 ms to scan 2 urls, producing 53 keys and 784 values 
2024-04-24T11:27:03,898  INFO [main] ql.Driver: Semantic Analysis Completed (retrial = false)
2024-04-24T11:27:03,901  INFO [main] ql.Driver: Created Hive schema: Schema(fieldSchemas:null, properties:null)
2024-04-24T11:27:03,904  INFO [main] metadata.Hive: Dumping metastore api call timing information for : compilation phase
2024-04-24T11:27:03,904  INFO [main] metadata.Hive: Total time spent in each metastore function (ms): {getAllFunctions_()=50, getDatabase_(String)=14, flushCache_()=0, isCompatibleWith_(Configuration)=1}
2024-04-24T11:27:03,904  INFO [main] ql.Driver: Completed compiling command(queryId=alex_20240424112656_1fa93c9f-f499-4778-8e1b-e92b23428248); Time taken: 2.211 seconds
2024-04-24T11:27:03,905  INFO [main] reexec.ReExecDriver: Execution #1 of query
2024-04-24T11:27:03,905  INFO [main] ql.Driver: Concurrency mode is disabled, not creating a lock manager
2024-04-24T11:27:03,908  INFO [main] ql.Driver: Executing command(queryId=alex_20240424112656_1fa93c9f-f499-4778-8e1b-e92b23428248): use default
2024-04-24T11:27:03,912  INFO [main] ql.Driver: Starting task [Stage-0:DDL] in serial mode
2024-04-24T11:27:03,913  INFO [main] HiveMetaStore.audit: ugi=alex	ip=unknown-ip-addr	cmd=get_database: default	
2024-04-24T11:27:03,915  INFO [main] HiveMetaStore.audit: ugi=alex	ip=unknown-ip-addr	cmd=get_database: default	
2024-04-24T11:27:03,918  INFO [main] metadata.Hive: Dumping metastore api call timing information for : execution phase
2024-04-24T11:27:03,918  INFO [main] metadata.Hive: Total time spent in each metastore function (ms): {getDatabase_(String)=4, isCompatibleWith_(Configuration)=1}
2024-04-24T11:27:03,918  INFO [main] ql.Driver: Completed executing command(queryId=alex_20240424112656_1fa93c9f-f499-4778-8e1b-e92b23428248); Time taken: 0.01 seconds
2024-04-24T11:27:03,920  INFO [main] ql.Driver: Compiling command(queryId=alex_20240424112656_1fa93c9f-f499-4778-8e1b-e92b23428248): create table junit_unparted_basic(a int, b string) stored as RCFILE TBLPROPERTIES ('transactional'='false')
2024-04-24T11:27:03,996  INFO [main] parse.CalcitePlanner: Starting caching scope for: alex_20240424112656_1fa93c9f-f499-4778-8e1b-e92b23428248
2024-04-24T11:27:03,998  INFO [main] parse.CalcitePlanner: Starting Semantic Analysis
2024-04-24T11:27:04,016  INFO [main] sqlstd.SQLStdHiveAccessController: Created SQLStdHiveAccessController for session context : HiveAuthzSessionContext [sessionString=970b638e-6c9f-4dc8-b094-6089678e9354, clientType=HIVECLI]
2024-04-24T11:27:04,018  INFO [main] metastore.HiveMetaStoreClient: Mestastore configuration metastore.filter.hook changed from org.apache.hadoop.hive.metastore.DefaultMetaStoreFilterHookImpl to org.apache.hadoop.hive.ql.security.authorization.plugin.AuthorizationMetaStoreFilterHook
2024-04-24T11:27:04,020  INFO [main] HiveMetaStore.audit: ugi=alex	ip=unknown-ip-addr	cmd=Cleaning up thread local RawStore...	
2024-04-24T11:27:04,020  INFO [main] metastore.ObjectStore: RawStore: org.apache.hadoop.hive.metastore.ObjectStore@1bf39d06, with PersistenceManager: org.datanucleus.api.jdo.JDOPersistenceManager@418f890f will be shutdown
2024-04-24T11:27:04,020  INFO [main] HiveMetaStore.audit: ugi=alex	ip=unknown-ip-addr	cmd=Done cleaning up thread local RawStore	
2024-04-24T11:27:04,020  INFO [main] metastore.HiveMetaStoreClient: Closed a connection to metastore, current connections: -1
2024-04-24T11:27:04,022  INFO [main] metastore.HiveMetaStoreClient: HMS client filtering is enabled.
2024-04-24T11:27:04,023  INFO [main] metastore.HMSHandler: 0: Opening raw store with implementation class:org.apache.hadoop.hive.metastore.ObjectStore
2024-04-24T11:27:04,023  INFO [main] metastore.PersistenceManagerProvider: Configuration datanucleus.autoStartMechanismMode is not set. Defaulting to 'ignored'
2024-04-24T11:27:04,025  INFO [main] metastore.ObjectStore: RawStore: org.apache.hadoop.hive.metastore.ObjectStore@7caf1e5, with PersistenceManager: null will be shutdown
2024-04-24T11:27:04,025  INFO [main] metastore.ObjectStore: RawStore: org.apache.hadoop.hive.metastore.ObjectStore@7caf1e5, with PersistenceManager: org.datanucleus.api.jdo.JDOPersistenceManager@7ddeb27f created in the thread with id: 1
2024-04-24T11:27:04,034  INFO [main] metastore.HMSHandler: Created RawStore: org.apache.hadoop.hive.metastore.ObjectStore@7caf1e5 from thread id: 1
2024-04-24T11:27:04,034  INFO [main] metastore.HMSHandler: HMS server filtering is disabled by configuration
2024-04-24T11:27:04,035  INFO [main] metastore.RetryingMetaStoreClient: RetryingMetaStoreClient proxy=class org.apache.hadoop.hive.ql.metadata.SessionHiveMetaStoreClient ugi=alex (auth:SIMPLE) retries=1 delay=1 lifetime=0
2024-04-24T11:27:04,041  INFO [main] parse.CalcitePlanner: Creating table default.junit_unparted_basic position=13
2024-04-24T11:27:04,054  INFO [main] metastore.HiveMetaStoreClient: HMS client filtering is enabled.
2024-04-24T11:27:04,054  INFO [main] metastore.PersistenceManagerProvider: Configuration datanucleus.autoStartMechanismMode is not set. Defaulting to 'ignored'
2024-04-24T11:27:04,055  INFO [main] metastore.ObjectStore: RawStore: org.apache.hadoop.hive.metastore.ObjectStore@7caf1e5, with PersistenceManager: org.datanucleus.api.jdo.JDOPersistenceManager@7ddeb27f will be shutdown
2024-04-24T11:27:04,055  INFO [main] metastore.ObjectStore: RawStore: org.apache.hadoop.hive.metastore.ObjectStore@7caf1e5, with PersistenceManager: org.datanucleus.api.jdo.JDOPersistenceManager@307c59ea created in the thread with id: 1
2024-04-24T11:27:04,060  INFO [main] metastore.HMSHandler: HMS server filtering is disabled by configuration
2024-04-24T11:27:04,060  INFO [main] metastore.RetryingMetaStoreClient: RetryingMetaStoreClient proxy=class org.apache.hadoop.hive.ql.metadata.SessionHiveMetaStoreClient ugi=alex (auth:SIMPLE) retries=1 delay=1 lifetime=0
2024-04-24T11:27:04,063  INFO [main] HiveMetaStore.audit: ugi=alex	ip=unknown-ip-addr	cmd=get_database: default	
2024-04-24T11:27:04,074  INFO [main] parse.CalcitePlanner: Ending caching scope for: alex_20240424112656_1fa93c9f-f499-4778-8e1b-e92b23428248
2024-04-24T11:27:04,074  INFO [main] ql.Driver: Semantic Analysis Completed (retrial = false)
2024-04-24T11:27:04,074  INFO [main] ql.Driver: Created Hive schema: Schema(fieldSchemas:null, properties:null)
2024-04-24T11:27:04,075  INFO [main] metadata.Hive: Dumping metastore api call timing information for : compilation phase
2024-04-24T11:27:04,075  INFO [main] metadata.Hive: Total time spent in each metastore function (ms): {}
2024-04-24T11:27:04,076  INFO [main] ql.Driver: Completed compiling command(queryId=alex_20240424112656_1fa93c9f-f499-4778-8e1b-e92b23428248); Time taken: 0.156 seconds
2024-04-24T11:27:04,076  INFO [main] reexec.ReExecDriver: Execution #1 of query
2024-04-24T11:27:04,076  INFO [main] ql.Driver: Concurrency mode is disabled, not creating a lock manager
2024-04-24T11:27:04,076  INFO [main] ql.Driver: Executing command(queryId=alex_20240424112656_1fa93c9f-f499-4778-8e1b-e92b23428248): create table junit_unparted_basic(a int, b string) stored as RCFILE TBLPROPERTIES ('transactional'='false')
2024-04-24T11:27:04,076  INFO [main] ql.Driver: Starting task [Stage-0:DDL] in serial mode
2024-04-24T11:27:04,077  INFO [main] metastore.HiveMetaStoreClient: Mestastore configuration metastore.filter.hook changed from org.apache.hadoop.hive.ql.security.authorization.plugin.AuthorizationMetaStoreFilterHook to org.apache.hadoop.hive.metastore.DefaultMetaStoreFilterHookImpl
2024-04-24T11:27:04,077  INFO [main] HiveMetaStore.audit: ugi=alex	ip=unknown-ip-addr	cmd=Cleaning up thread local RawStore...	
2024-04-24T11:27:04,077  INFO [main] metastore.ObjectStore: RawStore: org.apache.hadoop.hive.metastore.ObjectStore@7caf1e5, with PersistenceManager: org.datanucleus.api.jdo.JDOPersistenceManager@307c59ea will be shutdown
2024-04-24T11:27:04,077  INFO [main] HiveMetaStore.audit: ugi=alex	ip=unknown-ip-addr	cmd=Done cleaning up thread local RawStore	
2024-04-24T11:27:04,078  INFO [main] metastore.HiveMetaStoreClient: Closed a connection to metastore, current connections: -2
2024-04-24T11:27:04,187  INFO [main] metastore.HiveMetaStoreClient: HMS client filtering is enabled.
2024-04-24T11:27:04,188  INFO [main] metastore.HMSHandler: 0: Opening raw store with implementation class:org.apache.hadoop.hive.metastore.ObjectStore
2024-04-24T11:27:04,188  INFO [main] metastore.PersistenceManagerProvider: Configuration datanucleus.autoStartMechanismMode is not set. Defaulting to 'ignored'
2024-04-24T11:27:04,189  INFO [main] metastore.ObjectStore: RawStore: org.apache.hadoop.hive.metastore.ObjectStore@65859b44, with PersistenceManager: null will be shutdown
2024-04-24T11:27:04,189  INFO [main] metastore.ObjectStore: RawStore: org.apache.hadoop.hive.metastore.ObjectStore@65859b44, with PersistenceManager: org.datanucleus.api.jdo.JDOPersistenceManager@49653791 created in the thread with id: 1
2024-04-24T11:27:04,194  INFO [main] metastore.HMSHandler: Created RawStore: org.apache.hadoop.hive.metastore.ObjectStore@65859b44 from thread id: 1
2024-04-24T11:27:04,194  INFO [main] metastore.HMSHandler: HMS server filtering is disabled by configuration
2024-04-24T11:27:04,194  INFO [main] metastore.RetryingMetaStoreClient: RetryingMetaStoreClient proxy=class org.apache.hadoop.hive.ql.metadata.SessionHiveMetaStoreClient ugi=alex (auth:SIMPLE) retries=1 delay=1 lifetime=0
2024-04-24T11:27:04,195  INFO [main] HiveMetaStore.audit: ugi=alex	ip=unknown-ip-addr	cmd=create_table_req: Table(tableName:junit_unparted_basic, dbName:default, owner:alex, createTime:1713983224, lastAccessTime:0, retention:0, sd:StorageDescriptor(cols:[FieldSchema(name:a, type:int, comment:null), FieldSchema(name:b, type:string, comment:null)], location:null, inputFormat:org.apache.hadoop.hive.ql.io.RCFileInputFormat, outputFormat:org.apache.hadoop.hive.ql.io.RCFileOutputFormat, compressed:false, numBuckets:-1, serdeInfo:SerDeInfo(name:null, serializationLib:org.apache.hadoop.hive.serde2.columnar.ColumnarSerDe, parameters:{serialization.format=1}), bucketCols:[], sortCols:[], parameters:{}, skewedInfo:SkewedInfo(skewedColNames:[], skewedColValues:[], skewedColValueLocationMaps:{}), storedAsSubDirectories:false), partitionKeys:[], parameters:{COLUMN_STATS_ACCURATE={"BASIC_STATS":"true","COLUMN_STATS":{"a":"true","b":"true"}}, numFilesErasureCoded=0, numRows=0, rawDataSize=0, totalSize=0, bucketing_version=2, transactional=false, numFiles=0}, viewOriginalText:null, viewExpandedText:null, tableType:MANAGED_TABLE, privileges:PrincipalPrivilegeSet(userPrivileges:{alex=[PrivilegeGrantInfo(privilege:INSERT, createTime:-1, grantor:alex, grantorType:USER, grantOption:true), PrivilegeGrantInfo(privilege:SELECT, createTime:-1, grantor:alex, grantorType:USER, grantOption:true), PrivilegeGrantInfo(privilege:UPDATE, createTime:-1, grantor:alex, grantorType:USER, grantOption:true), PrivilegeGrantInfo(privilege:DELETE, createTime:-1, grantor:alex, grantorType:USER, grantOption:true)]}, groupPrivileges:null, rolePrivileges:null), temporary:false, catName:hive, ownerType:USER)	
2024-04-24T11:27:04,213  INFO [main] utils.FileUtils: Creating directory if it doesn't exist: file:/home/alex/Repositories/hive/hcatalog/hcatalog-pig-adapter/build/test/data/org.apache.hive.hcatalog.mapreduce.HCatBaseTest-1713983215978/warehouse/junit_unparted_basic
2024-04-24T11:27:04,361  INFO [main] metadata.Hive: Dumping metastore api call timing information for : execution phase
2024-04-24T11:27:04,361  INFO [main] metadata.Hive: Total time spent in each metastore function (ms): {createTable_(Table)=167}
2024-04-24T11:27:04,362  INFO [main] ql.Driver: Completed executing command(queryId=alex_20240424112656_1fa93c9f-f499-4778-8e1b-e92b23428248); Time taken: 0.285 seconds
2024-04-24T11:27:04,363  INFO [main] ql.Driver: Compiling command(queryId=alex_20240424112656_1fa93c9f-f499-4778-8e1b-e92b23428248): use default
2024-04-24T11:27:04,363  INFO [main] HiveMetaStore.audit: ugi=alex	ip=unknown-ip-addr	cmd=get_database: default	
2024-04-24T11:27:04,366  INFO [main] ql.Driver: Semantic Analysis Completed (retrial = false)
2024-04-24T11:27:04,366  INFO [main] ql.Driver: Created Hive schema: Schema(fieldSchemas:null, properties:null)
2024-04-24T11:27:04,366  INFO [main] metadata.Hive: Dumping metastore api call timing information for : compilation phase
2024-04-24T11:27:04,366  INFO [main] metadata.Hive: Total time spent in each metastore function (ms): {isCompatibleWith_(Configuration)=0, flushCache_()=0, getDatabase_(String)=3}
2024-04-24T11:27:04,367  INFO [main] ql.Driver: Completed compiling command(queryId=alex_20240424112656_1fa93c9f-f499-4778-8e1b-e92b23428248); Time taken: 0.004 seconds
2024-04-24T11:27:04,367  INFO [main] reexec.ReExecDriver: Execution #1 of query
2024-04-24T11:27:04,367  INFO [main] ql.Driver: Concurrency mode is disabled, not creating a lock manager
2024-04-24T11:27:04,367  INFO [main] ql.Driver: Executing command(queryId=alex_20240424112656_1fa93c9f-f499-4778-8e1b-e92b23428248): use default
2024-04-24T11:27:04,367  INFO [main] ql.Driver: Starting task [Stage-0:DDL] in serial mode
2024-04-24T11:27:04,368  INFO [main] HiveMetaStore.audit: ugi=alex	ip=unknown-ip-addr	cmd=get_database: default	
2024-04-24T11:27:04,371  INFO [main] HiveMetaStore.audit: ugi=alex	ip=unknown-ip-addr	cmd=get_database: default	
2024-04-24T11:27:04,373  INFO [main] metadata.Hive: Dumping metastore api call timing information for : execution phase
2024-04-24T11:27:04,373  INFO [main] metadata.Hive: Total time spent in each metastore function (ms): {getDatabase_(String)=5, isCompatibleWith_(Configuration)=0}
2024-04-24T11:27:04,373  INFO [main] ql.Driver: Completed executing command(queryId=alex_20240424112656_1fa93c9f-f499-4778-8e1b-e92b23428248); Time taken: 0.006 seconds
2024-04-24T11:27:04,374  INFO [main] ql.Driver: Compiling command(queryId=alex_20240424112656_1fa93c9f-f499-4778-8e1b-e92b23428248): create table junit_unparted_complex(name string, studentid int, contact struct<phno:string,email:string>, currently_registered_courses array<string>, current_grades map<string,string>, phnos array<struct<phno:string,type:string>>) stored as RCFILE TBLPROPERTIES ('transactional'='false')
2024-04-24T11:27:04,377  INFO [main] parse.CalcitePlanner: Starting caching scope for: alex_20240424112656_1fa93c9f-f499-4778-8e1b-e92b23428248
2024-04-24T11:27:04,377  INFO [main] parse.CalcitePlanner: Starting Semantic Analysis
2024-04-24T11:27:04,377  INFO [main] parse.CalcitePlanner: Creating table default.junit_unparted_complex position=13
2024-04-24T11:27:04,378  INFO [main] HiveMetaStore.audit: ugi=alex	ip=unknown-ip-addr	cmd=get_database: default	
2024-04-24T11:27:04,380  INFO [main] parse.CalcitePlanner: Ending caching scope for: alex_20240424112656_1fa93c9f-f499-4778-8e1b-e92b23428248
2024-04-24T11:27:04,380  INFO [main] ql.Driver: Semantic Analysis Completed (retrial = false)
2024-04-24T11:27:04,381  INFO [main] ql.Driver: Created Hive schema: Schema(fieldSchemas:null, properties:null)
2024-04-24T11:27:04,381  INFO [main] metadata.Hive: Dumping metastore api call timing information for : compilation phase
2024-04-24T11:27:04,381  INFO [main] metadata.Hive: Total time spent in each metastore function (ms): {getDatabase_(String)=2, isCompatibleWith_(Configuration)=0, flushCache_()=0}
2024-04-24T11:27:04,381  INFO [main] ql.Driver: Completed compiling command(queryId=alex_20240424112656_1fa93c9f-f499-4778-8e1b-e92b23428248); Time taken: 0.007 seconds
2024-04-24T11:27:04,381  INFO [main] reexec.ReExecDriver: Execution #1 of query
2024-04-24T11:27:04,381  INFO [main] ql.Driver: Concurrency mode is disabled, not creating a lock manager
2024-04-24T11:27:04,381  INFO [main] ql.Driver: Executing command(queryId=alex_20240424112656_1fa93c9f-f499-4778-8e1b-e92b23428248): create table junit_unparted_complex(name string, studentid int, contact struct<phno:string,email:string>, currently_registered_courses array<string>, current_grades map<string,string>, phnos array<struct<phno:string,type:string>>) stored as RCFILE TBLPROPERTIES ('transactional'='false')
2024-04-24T11:27:04,382  INFO [main] ql.Driver: Starting task [Stage-0:DDL] in serial mode
2024-04-24T11:27:04,388  INFO [main] HiveMetaStore.audit: ugi=alex	ip=unknown-ip-addr	cmd=create_table_req: Table(tableName:junit_unparted_complex, dbName:default, owner:alex, createTime:1713983224, lastAccessTime:0, retention:0, sd:StorageDescriptor(cols:[FieldSchema(name:name, type:string, comment:null), FieldSchema(name:studentid, type:int, comment:null), FieldSchema(name:contact, type:struct<phno:string,email:string>, comment:null), FieldSchema(name:currently_registered_courses, type:array<string>, comment:null), FieldSchema(name:current_grades, type:map<string,string>, comment:null), FieldSchema(name:phnos, type:array<struct<phno:string,type:string>>, comment:null)], location:null, inputFormat:org.apache.hadoop.hive.ql.io.RCFileInputFormat, outputFormat:org.apache.hadoop.hive.ql.io.RCFileOutputFormat, compressed:false, numBuckets:-1, serdeInfo:SerDeInfo(name:null, serializationLib:org.apache.hadoop.hive.serde2.columnar.ColumnarSerDe, parameters:{serialization.format=1}), bucketCols:[], sortCols:[], parameters:{}, skewedInfo:SkewedInfo(skewedColNames:[], skewedColValues:[], skewedColValueLocationMaps:{}), storedAsSubDirectories:false), partitionKeys:[], parameters:{transactional=false, numRows=0, numFiles=0, totalSize=0, bucketing_version=2, numFilesErasureCoded=0, rawDataSize=0, COLUMN_STATS_ACCURATE={"BASIC_STATS":"true","COLUMN_STATS":{"contact":"true","current_grades":"true","currently_registered_courses":"true","name":"true","phnos":"true","studentid":"true"}}}, viewOriginalText:null, viewExpandedText:null, tableType:MANAGED_TABLE, privileges:PrincipalPrivilegeSet(userPrivileges:{alex=[PrivilegeGrantInfo(privilege:INSERT, createTime:-1, grantor:alex, grantorType:USER, grantOption:true), PrivilegeGrantInfo(privilege:SELECT, createTime:-1, grantor:alex, grantorType:USER, grantOption:true), PrivilegeGrantInfo(privilege:UPDATE, createTime:-1, grantor:alex, grantorType:USER, grantOption:true), PrivilegeGrantInfo(privilege:DELETE, createTime:-1, grantor:alex, grantorType:USER, grantOption:true)]}, groupPrivileges:null, rolePrivileges:null), temporary:false, catName:hive, ownerType:USER)	
2024-04-24T11:27:04,403  INFO [main] utils.FileUtils: Creating directory if it doesn't exist: file:/home/alex/Repositories/hive/hcatalog/hcatalog-pig-adapter/build/test/data/org.apache.hive.hcatalog.mapreduce.HCatBaseTest-1713983215978/warehouse/junit_unparted_complex
2024-04-24T11:27:04,438  INFO [main] metadata.Hive: Dumping metastore api call timing information for : execution phase
2024-04-24T11:27:04,438  INFO [main] metadata.Hive: Total time spent in each metastore function (ms): {isCompatibleWith_(Configuration)=0, createTable_(Table)=50}
2024-04-24T11:27:04,438  INFO [main] ql.Driver: Completed executing command(queryId=alex_20240424112656_1fa93c9f-f499-4778-8e1b-e92b23428248); Time taken: 0.057 seconds
2024-04-24T11:27:04,439  INFO [main] ql.Driver: Compiling command(queryId=alex_20240424112656_1fa93c9f-f499-4778-8e1b-e92b23428248): use default
2024-04-24T11:27:04,440  INFO [main] HiveMetaStore.audit: ugi=alex	ip=unknown-ip-addr	cmd=get_database: default	
2024-04-24T11:27:04,443  INFO [main] ql.Driver: Semantic Analysis Completed (retrial = false)
2024-04-24T11:27:04,443  INFO [main] ql.Driver: Created Hive schema: Schema(fieldSchemas:null, properties:null)
2024-04-24T11:27:04,443  INFO [main] metadata.Hive: Dumping metastore api call timing information for : compilation phase
2024-04-24T11:27:04,443  INFO [main] metadata.Hive: Total time spent in each metastore function (ms): {isCompatibleWith_(Configuration)=0, getDatabase_(String)=3, flushCache_()=0}
2024-04-24T11:27:04,443  INFO [main] ql.Driver: Completed compiling command(queryId=alex_20240424112656_1fa93c9f-f499-4778-8e1b-e92b23428248); Time taken: 0.004 seconds
2024-04-24T11:27:04,443  INFO [main] reexec.ReExecDriver: Execution #1 of query
2024-04-24T11:27:04,443  INFO [main] ql.Driver: Concurrency mode is disabled, not creating a lock manager
2024-04-24T11:27:04,444  INFO [main] ql.Driver: Executing command(queryId=alex_20240424112656_1fa93c9f-f499-4778-8e1b-e92b23428248): use default
2024-04-24T11:27:04,444  INFO [main] ql.Driver: Starting task [Stage-0:DDL] in serial mode
2024-04-24T11:27:04,444  INFO [main] HiveMetaStore.audit: ugi=alex	ip=unknown-ip-addr	cmd=get_database: default	
2024-04-24T11:27:04,447  INFO [main] HiveMetaStore.audit: ugi=alex	ip=unknown-ip-addr	cmd=get_database: default	
2024-04-24T11:27:04,449  INFO [main] metadata.Hive: Dumping metastore api call timing information for : execution phase
2024-04-24T11:27:04,449  INFO [main] metadata.Hive: Total time spent in each metastore function (ms): {getDatabase_(String)=5, isCompatibleWith_(Configuration)=0}
2024-04-24T11:27:04,449  INFO [main] ql.Driver: Completed executing command(queryId=alex_20240424112656_1fa93c9f-f499-4778-8e1b-e92b23428248); Time taken: 0.006 seconds
2024-04-24T11:27:04,450  INFO [main] ql.Driver: Compiling command(queryId=alex_20240424112656_1fa93c9f-f499-4778-8e1b-e92b23428248): create table junit_parted_basic(a int, b string) partitioned by (bkt string) stored as RCFILE TBLPROPERTIES ('transactional'='false')
2024-04-24T11:27:04,452  INFO [main] parse.CalcitePlanner: Starting caching scope for: alex_20240424112656_1fa93c9f-f499-4778-8e1b-e92b23428248
2024-04-24T11:27:04,452  INFO [main] parse.CalcitePlanner: Starting Semantic Analysis
2024-04-24T11:27:04,452  INFO [main] parse.CalcitePlanner: Creating table default.junit_parted_basic position=13
2024-04-24T11:27:04,452  INFO [main] HiveMetaStore.audit: ugi=alex	ip=unknown-ip-addr	cmd=get_database: default	
2024-04-24T11:27:04,455  INFO [main] parse.CalcitePlanner: Ending caching scope for: alex_20240424112656_1fa93c9f-f499-4778-8e1b-e92b23428248
2024-04-24T11:27:04,455  INFO [main] ql.Driver: Semantic Analysis Completed (retrial = false)
2024-04-24T11:27:04,455  INFO [main] ql.Driver: Created Hive schema: Schema(fieldSchemas:null, properties:null)
2024-04-24T11:27:04,455  INFO [main] metadata.Hive: Dumping metastore api call timing information for : compilation phase
2024-04-24T11:27:04,456  INFO [main] metadata.Hive: Total time spent in each metastore function (ms): {flushCache_()=0, getDatabase_(String)=3, isCompatibleWith_(Configuration)=1}
2024-04-24T11:27:04,456  INFO [main] ql.Driver: Completed compiling command(queryId=alex_20240424112656_1fa93c9f-f499-4778-8e1b-e92b23428248); Time taken: 0.005 seconds
2024-04-24T11:27:04,456  INFO [main] reexec.ReExecDriver: Execution #1 of query
2024-04-24T11:27:04,456  INFO [main] ql.Driver: Concurrency mode is disabled, not creating a lock manager
2024-04-24T11:27:04,456  INFO [main] ql.Driver: Executing command(queryId=alex_20240424112656_1fa93c9f-f499-4778-8e1b-e92b23428248): create table junit_parted_basic(a int, b string) partitioned by (bkt string) stored as RCFILE TBLPROPERTIES ('transactional'='false')
2024-04-24T11:27:04,457  INFO [main] ql.Driver: Starting task [Stage-0:DDL] in serial mode
2024-04-24T11:27:04,458  INFO [main] HiveMetaStore.audit: ugi=alex	ip=unknown-ip-addr	cmd=create_table_req: Table(tableName:junit_parted_basic, dbName:default, owner:alex, createTime:1713983224, lastAccessTime:0, retention:0, sd:StorageDescriptor(cols:[FieldSchema(name:a, type:int, comment:null), FieldSchema(name:b, type:string, comment:null)], location:null, inputFormat:org.apache.hadoop.hive.ql.io.RCFileInputFormat, outputFormat:org.apache.hadoop.hive.ql.io.RCFileOutputFormat, compressed:false, numBuckets:-1, serdeInfo:SerDeInfo(name:null, serializationLib:org.apache.hadoop.hive.serde2.columnar.ColumnarSerDe, parameters:{serialization.format=1}), bucketCols:[], sortCols:[], parameters:{}, skewedInfo:SkewedInfo(skewedColNames:[], skewedColValues:[], skewedColValueLocationMaps:{}), storedAsSubDirectories:false), partitionKeys:[FieldSchema(name:bkt, type:string, comment:null)], parameters:{transactional=false, bucketing_version=2}, viewOriginalText:null, viewExpandedText:null, tableType:MANAGED_TABLE, privileges:PrincipalPrivilegeSet(userPrivileges:{alex=[PrivilegeGrantInfo(privilege:INSERT, createTime:-1, grantor:alex, grantorType:USER, grantOption:true), PrivilegeGrantInfo(privilege:SELECT, createTime:-1, grantor:alex, grantorType:USER, grantOption:true), PrivilegeGrantInfo(privilege:UPDATE, createTime:-1, grantor:alex, grantorType:USER, grantOption:true), PrivilegeGrantInfo(privilege:DELETE, createTime:-1, grantor:alex, grantorType:USER, grantOption:true)]}, groupPrivileges:null, rolePrivileges:null), temporary:false, catName:hive, ownerType:USER)	
2024-04-24T11:27:04,471  INFO [main] utils.FileUtils: Creating directory if it doesn't exist: file:/home/alex/Repositories/hive/hcatalog/hcatalog-pig-adapter/build/test/data/org.apache.hive.hcatalog.mapreduce.HCatBaseTest-1713983215978/warehouse/junit_parted_basic
2024-04-24T11:27:04,508  INFO [main] metadata.Hive: Dumping metastore api call timing information for : execution phase
2024-04-24T11:27:04,508  INFO [main] metadata.Hive: Total time spent in each metastore function (ms): {isCompatibleWith_(Configuration)=0, createTable_(Table)=49}
2024-04-24T11:27:04,508  INFO [main] ql.Driver: Completed executing command(queryId=alex_20240424112656_1fa93c9f-f499-4778-8e1b-e92b23428248); Time taken: 0.052 seconds
2024-04-24T11:27:04,509  INFO [main] ql.Driver: Compiling command(queryId=alex_20240424112656_1fa93c9f-f499-4778-8e1b-e92b23428248): use default
2024-04-24T11:27:04,510  INFO [main] HiveMetaStore.audit: ugi=alex	ip=unknown-ip-addr	cmd=get_database: default	
2024-04-24T11:27:04,512  INFO [main] ql.Driver: Semantic Analysis Completed (retrial = false)
2024-04-24T11:27:04,512  INFO [main] ql.Driver: Created Hive schema: Schema(fieldSchemas:null, properties:null)
2024-04-24T11:27:04,512  INFO [main] metadata.Hive: Dumping metastore api call timing information for : compilation phase
2024-04-24T11:27:04,512  INFO [main] metadata.Hive: Total time spent in each metastore function (ms): {getDatabase_(String)=2, isCompatibleWith_(Configuration)=0, flushCache_()=0}
2024-04-24T11:27:04,512  INFO [main] ql.Driver: Completed compiling command(queryId=alex_20240424112656_1fa93c9f-f499-4778-8e1b-e92b23428248); Time taken: 0.003 seconds
2024-04-24T11:27:04,513  INFO [main] reexec.ReExecDriver: Execution #1 of query
2024-04-24T11:27:04,513  INFO [main] ql.Driver: Concurrency mode is disabled, not creating a lock manager
2024-04-24T11:27:04,513  INFO [main] ql.Driver: Executing command(queryId=alex_20240424112656_1fa93c9f-f499-4778-8e1b-e92b23428248): use default
2024-04-24T11:27:04,513  INFO [main] ql.Driver: Starting task [Stage-0:DDL] in serial mode
2024-04-24T11:27:04,513  INFO [main] HiveMetaStore.audit: ugi=alex	ip=unknown-ip-addr	cmd=get_database: default	
2024-04-24T11:27:04,516  INFO [main] HiveMetaStore.audit: ugi=alex	ip=unknown-ip-addr	cmd=get_database: default	
2024-04-24T11:27:04,518  INFO [main] metadata.Hive: Dumping metastore api call timing information for : execution phase
2024-04-24T11:27:04,518  INFO [main] metadata.Hive: Total time spent in each metastore function (ms): {getDatabase_(String)=4, isCompatibleWith_(Configuration)=0}
2024-04-24T11:27:04,518  INFO [main] ql.Driver: Completed executing command(queryId=alex_20240424112656_1fa93c9f-f499-4778-8e1b-e92b23428248); Time taken: 0.005 seconds
2024-04-24T11:27:04,519  INFO [main] ql.Driver: Compiling command(queryId=alex_20240424112656_1fa93c9f-f499-4778-8e1b-e92b23428248): create table junit_specific_size(a int, b string) stored as RCFILE TBLPROPERTIES ('transactional'='false')
2024-04-24T11:27:04,520  INFO [main] parse.CalcitePlanner: Starting caching scope for: alex_20240424112656_1fa93c9f-f499-4778-8e1b-e92b23428248
2024-04-24T11:27:04,520  INFO [main] parse.CalcitePlanner: Starting Semantic Analysis
2024-04-24T11:27:04,520  INFO [main] parse.CalcitePlanner: Creating table default.junit_specific_size position=13
2024-04-24T11:27:04,521  INFO [main] HiveMetaStore.audit: ugi=alex	ip=unknown-ip-addr	cmd=get_database: default	
2024-04-24T11:27:04,523  INFO [main] parse.CalcitePlanner: Ending caching scope for: alex_20240424112656_1fa93c9f-f499-4778-8e1b-e92b23428248
2024-04-24T11:27:04,523  INFO [main] ql.Driver: Semantic Analysis Completed (retrial = false)
2024-04-24T11:27:04,524  INFO [main] ql.Driver: Created Hive schema: Schema(fieldSchemas:null, properties:null)
2024-04-24T11:27:04,524  INFO [main] metadata.Hive: Dumping metastore api call timing information for : compilation phase
2024-04-24T11:27:04,524  INFO [main] metadata.Hive: Total time spent in each metastore function (ms): {getDatabase_(String)=3, flushCache_()=0, isCompatibleWith_(Configuration)=0}
2024-04-24T11:27:04,524  INFO [main] ql.Driver: Completed compiling command(queryId=alex_20240424112656_1fa93c9f-f499-4778-8e1b-e92b23428248); Time taken: 0.005 seconds
2024-04-24T11:27:04,524  INFO [main] reexec.ReExecDriver: Execution #1 of query
2024-04-24T11:27:04,524  INFO [main] ql.Driver: Concurrency mode is disabled, not creating a lock manager
2024-04-24T11:27:04,525  INFO [main] ql.Driver: Executing command(queryId=alex_20240424112656_1fa93c9f-f499-4778-8e1b-e92b23428248): create table junit_specific_size(a int, b string) stored as RCFILE TBLPROPERTIES ('transactional'='false')
2024-04-24T11:27:04,525  INFO [main] ql.Driver: Starting task [Stage-0:DDL] in serial mode
2024-04-24T11:27:04,526  INFO [main] HiveMetaStore.audit: ugi=alex	ip=unknown-ip-addr	cmd=create_table_req: Table(tableName:junit_specific_size, dbName:default, owner:alex, createTime:1713983224, lastAccessTime:0, retention:0, sd:StorageDescriptor(cols:[FieldSchema(name:a, type:int, comment:null), FieldSchema(name:b, type:string, comment:null)], location:null, inputFormat:org.apache.hadoop.hive.ql.io.RCFileInputFormat, outputFormat:org.apache.hadoop.hive.ql.io.RCFileOutputFormat, compressed:false, numBuckets:-1, serdeInfo:SerDeInfo(name:null, serializationLib:org.apache.hadoop.hive.serde2.columnar.ColumnarSerDe, parameters:{serialization.format=1}), bucketCols:[], sortCols:[], parameters:{}, skewedInfo:SkewedInfo(skewedColNames:[], skewedColValues:[], skewedColValueLocationMaps:{}), storedAsSubDirectories:false), partitionKeys:[], parameters:{totalSize=0, COLUMN_STATS_ACCURATE={"BASIC_STATS":"true","COLUMN_STATS":{"a":"true","b":"true"}}, rawDataSize=0, transactional=false, numRows=0, numFilesErasureCoded=0, bucketing_version=2, numFiles=0}, viewOriginalText:null, viewExpandedText:null, tableType:MANAGED_TABLE, privileges:PrincipalPrivilegeSet(userPrivileges:{alex=[PrivilegeGrantInfo(privilege:INSERT, createTime:-1, grantor:alex, grantorType:USER, grantOption:true), PrivilegeGrantInfo(privilege:SELECT, createTime:-1, grantor:alex, grantorType:USER, grantOption:true), PrivilegeGrantInfo(privilege:UPDATE, createTime:-1, grantor:alex, grantorType:USER, grantOption:true), PrivilegeGrantInfo(privilege:DELETE, createTime:-1, grantor:alex, grantorType:USER, grantOption:true)]}, groupPrivileges:null, rolePrivileges:null), temporary:false, catName:hive, ownerType:USER)	
2024-04-24T11:27:04,534  INFO [main] utils.FileUtils: Creating directory if it doesn't exist: file:/home/alex/Repositories/hive/hcatalog/hcatalog-pig-adapter/build/test/data/org.apache.hive.hcatalog.mapreduce.HCatBaseTest-1713983215978/warehouse/junit_specific_size
2024-04-24T11:27:04,559  INFO [main] metadata.Hive: Dumping metastore api call timing information for : execution phase
2024-04-24T11:27:04,559  INFO [main] metadata.Hive: Total time spent in each metastore function (ms): {createTable_(Table)=32, isCompatibleWith_(Configuration)=0}
2024-04-24T11:27:04,559  INFO [main] ql.Driver: Completed executing command(queryId=alex_20240424112656_1fa93c9f-f499-4778-8e1b-e92b23428248); Time taken: 0.033 seconds
2024-04-24T11:27:04,559  INFO [main] ql.Driver: Compiling command(queryId=alex_20240424112656_1fa93c9f-f499-4778-8e1b-e92b23428248): create database if not exists junit_specific_db
2024-04-24T11:27:04,561  INFO [main] ql.Driver: Semantic Analysis Completed (retrial = false)
2024-04-24T11:27:04,561  INFO [main] ql.Driver: Created Hive schema: Schema(fieldSchemas:null, properties:null)
2024-04-24T11:27:04,561  INFO [main] metadata.Hive: Dumping metastore api call timing information for : compilation phase
2024-04-24T11:27:04,561  INFO [main] metadata.Hive: Total time spent in each metastore function (ms): {isCompatibleWith_(Configuration)=0, flushCache_()=0}
2024-04-24T11:27:04,561  INFO [main] ql.Driver: Completed compiling command(queryId=alex_20240424112656_1fa93c9f-f499-4778-8e1b-e92b23428248); Time taken: 0.002 seconds
2024-04-24T11:27:04,561  INFO [main] reexec.ReExecDriver: Execution #1 of query
2024-04-24T11:27:04,561  INFO [main] ql.Driver: Concurrency mode is disabled, not creating a lock manager
2024-04-24T11:27:04,561  INFO [main] ql.Driver: Executing command(queryId=alex_20240424112656_1fa93c9f-f499-4778-8e1b-e92b23428248): create database if not exists junit_specific_db
2024-04-24T11:27:04,562  INFO [main] ql.Driver: Starting task [Stage-0:DDL] in serial mode
2024-04-24T11:27:04,562  WARN [main] exec.DDLTask: metastore.warehouse.external.dir is not set, falling back to metastore.warehouse.dir. This could cause external tables to use to managed tablespace.
2024-04-24T11:27:04,563  INFO [main] HiveMetaStore.audit: ugi=alex	ip=unknown-ip-addr	cmd=create_database: Database(name:junit_specific_db, description:null, locationUri:file:/home/alex/Repositories/hive/hcatalog/hcatalog-pig-adapter/build/test/data/org.apache.hive.hcatalog.mapreduce.HCatBaseTest-1713983215978/warehouse/junit_specific_db.db, parameters:null, ownerName:alex, ownerType:USER, catalogName:hive, type:NATIVE)	
2024-04-24T11:27:04,570  INFO [main] metastore.HMSHandler: Creating database path in external directory file:/home/alex/Repositories/hive/hcatalog/hcatalog-pig-adapter/build/test/data/org.apache.hive.hcatalog.mapreduce.HCatBaseTest-1713983215978/warehouse/junit_specific_db.db
2024-04-24T11:27:04,571  INFO [main] utils.FileUtils: Creating directory if it doesn't exist: file:/home/alex/Repositories/hive/hcatalog/hcatalog-pig-adapter/build/test/data/org.apache.hive.hcatalog.mapreduce.HCatBaseTest-1713983215978/warehouse/junit_specific_db.db
2024-04-24T11:27:04,574  INFO [main] metastore.HMSHandler: Created database path in external directory file:/home/alex/Repositories/hive/hcatalog/hcatalog-pig-adapter/build/test/data/org.apache.hive.hcatalog.mapreduce.HCatBaseTest-1713983215978/warehouse/junit_specific_db.db
2024-04-24T11:27:04,578  INFO [main] metadata.Hive: Dumping metastore api call timing information for : execution phase
2024-04-24T11:27:04,578  INFO [main] metadata.Hive: Total time spent in each metastore function (ms): {isCompatibleWith_(Configuration)=0, createDatabase_(Database)=15}
2024-04-24T11:27:04,578  INFO [main] ql.Driver: Completed executing command(queryId=alex_20240424112656_1fa93c9f-f499-4778-8e1b-e92b23428248); Time taken: 0.017 seconds
2024-04-24T11:27:04,579  INFO [main] ql.Driver: Compiling command(queryId=alex_20240424112656_1fa93c9f-f499-4778-8e1b-e92b23428248): use junit_specific_db
2024-04-24T11:27:04,580  INFO [main] HiveMetaStore.audit: ugi=alex	ip=unknown-ip-addr	cmd=get_database: junit_specific_db	
2024-04-24T11:27:04,582  INFO [main] ql.Driver: Semantic Analysis Completed (retrial = false)
2024-04-24T11:27:04,582  INFO [main] ql.Driver: Created Hive schema: Schema(fieldSchemas:null, properties:null)
2024-04-24T11:27:04,582  INFO [main] metadata.Hive: Dumping metastore api call timing information for : compilation phase
2024-04-24T11:27:04,582  INFO [main] metadata.Hive: Total time spent in each metastore function (ms): {isCompatibleWith_(Configuration)=1, flushCache_()=0, getDatabase_(String)=2}
2024-04-24T11:27:04,582  INFO [main] ql.Driver: Completed compiling command(queryId=alex_20240424112656_1fa93c9f-f499-4778-8e1b-e92b23428248); Time taken: 0.003 seconds
2024-04-24T11:27:04,583  INFO [main] reexec.ReExecDriver: Execution #1 of query
2024-04-24T11:27:04,583  INFO [main] ql.Driver: Concurrency mode is disabled, not creating a lock manager
2024-04-24T11:27:04,583  INFO [main] ql.Driver: Executing command(queryId=alex_20240424112656_1fa93c9f-f499-4778-8e1b-e92b23428248): use junit_specific_db
2024-04-24T11:27:04,583  INFO [main] ql.Driver: Starting task [Stage-0:DDL] in serial mode
2024-04-24T11:27:04,583  INFO [main] HiveMetaStore.audit: ugi=alex	ip=unknown-ip-addr	cmd=get_database: junit_specific_db	
2024-04-24T11:27:04,586  INFO [main] HiveMetaStore.audit: ugi=alex	ip=unknown-ip-addr	cmd=get_database: junit_specific_db	
2024-04-24T11:27:04,588  INFO [main] metadata.Hive: Dumping metastore api call timing information for : execution phase
2024-04-24T11:27:04,588  INFO [main] metadata.Hive: Total time spent in each metastore function (ms): {getDatabase_(String)=5, isCompatibleWith_(Configuration)=0}
2024-04-24T11:27:04,589  INFO [main] ql.Driver: Completed executing command(queryId=alex_20240424112656_1fa93c9f-f499-4778-8e1b-e92b23428248); Time taken: 0.005 seconds
2024-04-24T11:27:04,589  INFO [main] ql.Driver: Compiling command(queryId=alex_20240424112656_1fa93c9f-f499-4778-8e1b-e92b23428248): create table junit_specific_size2(a int, b string) stored as RCFILE TBLPROPERTIES ('transactional'='false')
2024-04-24T11:27:04,590  INFO [main] parse.CalcitePlanner: Starting caching scope for: alex_20240424112656_1fa93c9f-f499-4778-8e1b-e92b23428248
2024-04-24T11:27:04,590  INFO [main] parse.CalcitePlanner: Starting Semantic Analysis
2024-04-24T11:27:04,590  INFO [main] parse.CalcitePlanner: Creating table junit_specific_db.junit_specific_size2 position=13
2024-04-24T11:27:04,591  INFO [main] HiveMetaStore.audit: ugi=alex	ip=unknown-ip-addr	cmd=get_database: junit_specific_db	
2024-04-24T11:27:04,593  INFO [main] parse.CalcitePlanner: Ending caching scope for: alex_20240424112656_1fa93c9f-f499-4778-8e1b-e92b23428248
2024-04-24T11:27:04,593  INFO [main] ql.Driver: Semantic Analysis Completed (retrial = false)
2024-04-24T11:27:04,593  INFO [main] ql.Driver: Created Hive schema: Schema(fieldSchemas:null, properties:null)
2024-04-24T11:27:04,593  INFO [main] metadata.Hive: Dumping metastore api call timing information for : compilation phase
2024-04-24T11:27:04,593  INFO [main] metadata.Hive: Total time spent in each metastore function (ms): {isCompatibleWith_(Configuration)=0, flushCache_()=0, getDatabase_(String)=2}
2024-04-24T11:27:04,594  INFO [main] ql.Driver: Completed compiling command(queryId=alex_20240424112656_1fa93c9f-f499-4778-8e1b-e92b23428248); Time taken: 0.004 seconds
2024-04-24T11:27:04,594  INFO [main] reexec.ReExecDriver: Execution #1 of query
2024-04-24T11:27:04,594  INFO [main] ql.Driver: Concurrency mode is disabled, not creating a lock manager
2024-04-24T11:27:04,594  INFO [main] ql.Driver: Executing command(queryId=alex_20240424112656_1fa93c9f-f499-4778-8e1b-e92b23428248): create table junit_specific_size2(a int, b string) stored as RCFILE TBLPROPERTIES ('transactional'='false')
2024-04-24T11:27:04,594  INFO [main] ql.Driver: Starting task [Stage-0:DDL] in serial mode
2024-04-24T11:27:04,596  INFO [main] HiveMetaStore.audit: ugi=alex	ip=unknown-ip-addr	cmd=create_table_req: Table(tableName:junit_specific_size2, dbName:junit_specific_db, owner:alex, createTime:1713983224, lastAccessTime:0, retention:0, sd:StorageDescriptor(cols:[FieldSchema(name:a, type:int, comment:null), FieldSchema(name:b, type:string, comment:null)], location:null, inputFormat:org.apache.hadoop.hive.ql.io.RCFileInputFormat, outputFormat:org.apache.hadoop.hive.ql.io.RCFileOutputFormat, compressed:false, numBuckets:-1, serdeInfo:SerDeInfo(name:null, serializationLib:org.apache.hadoop.hive.serde2.columnar.ColumnarSerDe, parameters:{serialization.format=1}), bucketCols:[], sortCols:[], parameters:{}, skewedInfo:SkewedInfo(skewedColNames:[], skewedColValues:[], skewedColValueLocationMaps:{}), storedAsSubDirectories:false), partitionKeys:[], parameters:{totalSize=0, bucketing_version=2, COLUMN_STATS_ACCURATE={"BASIC_STATS":"true","COLUMN_STATS":{"a":"true","b":"true"}}, transactional=false, numFiles=0, rawDataSize=0, numFilesErasureCoded=0, numRows=0}, viewOriginalText:null, viewExpandedText:null, tableType:MANAGED_TABLE, privileges:PrincipalPrivilegeSet(userPrivileges:{alex=[PrivilegeGrantInfo(privilege:INSERT, createTime:-1, grantor:alex, grantorType:USER, grantOption:true), PrivilegeGrantInfo(privilege:SELECT, createTime:-1, grantor:alex, grantorType:USER, grantOption:true), PrivilegeGrantInfo(privilege:UPDATE, createTime:-1, grantor:alex, grantorType:USER, grantOption:true), PrivilegeGrantInfo(privilege:DELETE, createTime:-1, grantor:alex, grantorType:USER, grantOption:true)]}, groupPrivileges:null, rolePrivileges:null), temporary:false, catName:hive, ownerType:USER)	
2024-04-24T11:27:04,606  INFO [main] utils.FileUtils: Creating directory if it doesn't exist: file:/home/alex/Repositories/hive/hcatalog/hcatalog-pig-adapter/build/test/data/org.apache.hive.hcatalog.mapreduce.HCatBaseTest-1713983215978/warehouse/junit_specific_db.db/junit_specific_size2
2024-04-24T11:27:04,631  INFO [main] metadata.Hive: Dumping metastore api call timing information for : execution phase
2024-04-24T11:27:04,631  INFO [main] metadata.Hive: Total time spent in each metastore function (ms): {isCompatibleWith_(Configuration)=0, createTable_(Table)=34}
2024-04-24T11:27:04,631  INFO [main] ql.Driver: Completed executing command(queryId=alex_20240424112656_1fa93c9f-f499-4778-8e1b-e92b23428248); Time taken: 0.037 seconds
2024-04-24T11:27:04,631  INFO [main] ql.Driver: Compiling command(queryId=alex_20240424112656_1fa93c9f-f499-4778-8e1b-e92b23428248): use default
2024-04-24T11:27:04,632  INFO [main] HiveMetaStore.audit: ugi=alex	ip=unknown-ip-addr	cmd=get_database: default	
2024-04-24T11:27:04,635  INFO [main] ql.Driver: Semantic Analysis Completed (retrial = false)
2024-04-24T11:27:04,635  INFO [main] ql.Driver: Created Hive schema: Schema(fieldSchemas:null, properties:null)
2024-04-24T11:27:04,635  INFO [main] metadata.Hive: Dumping metastore api call timing information for : compilation phase
2024-04-24T11:27:04,635  INFO [main] metadata.Hive: Total time spent in each metastore function (ms): {isCompatibleWith_(Configuration)=0, flushCache_()=0, getDatabase_(String)=2}
2024-04-24T11:27:04,635  INFO [main] ql.Driver: Completed compiling command(queryId=alex_20240424112656_1fa93c9f-f499-4778-8e1b-e92b23428248); Time taken: 0.004 seconds
2024-04-24T11:27:04,635  INFO [main] reexec.ReExecDriver: Execution #1 of query
2024-04-24T11:27:04,635  INFO [main] ql.Driver: Concurrency mode is disabled, not creating a lock manager
2024-04-24T11:27:04,635  INFO [main] ql.Driver: Executing command(queryId=alex_20240424112656_1fa93c9f-f499-4778-8e1b-e92b23428248): use default
2024-04-24T11:27:04,636  INFO [main] ql.Driver: Starting task [Stage-0:DDL] in serial mode
2024-04-24T11:27:04,636  INFO [main] HiveMetaStore.audit: ugi=alex	ip=unknown-ip-addr	cmd=get_database: default	
2024-04-24T11:27:04,639  INFO [main] HiveMetaStore.audit: ugi=alex	ip=unknown-ip-addr	cmd=get_database: default	
2024-04-24T11:27:04,641  INFO [main] metadata.Hive: Dumping metastore api call timing information for : execution phase
2024-04-24T11:27:04,641  INFO [main] metadata.Hive: Total time spent in each metastore function (ms): {getDatabase_(String)=4, isCompatibleWith_(Configuration)=0}
2024-04-24T11:27:04,641  INFO [main] ql.Driver: Completed executing command(queryId=alex_20240424112656_1fa93c9f-f499-4778-8e1b-e92b23428248); Time taken: 0.006 seconds
2024-04-24T11:27:04,642  INFO [main] ql.Driver: Compiling command(queryId=alex_20240424112656_1fa93c9f-f499-4778-8e1b-e92b23428248): create table junit_parted_date(b string) partitioned by (dt date) stored as RCFILE TBLPROPERTIES ('transactional'='false')
2024-04-24T11:27:04,643  INFO [main] parse.CalcitePlanner: Starting caching scope for: alex_20240424112656_1fa93c9f-f499-4778-8e1b-e92b23428248
2024-04-24T11:27:04,644  INFO [main] parse.CalcitePlanner: Starting Semantic Analysis
2024-04-24T11:27:04,644  INFO [main] parse.CalcitePlanner: Creating table default.junit_parted_date position=13
2024-04-24T11:27:04,644  INFO [main] HiveMetaStore.audit: ugi=alex	ip=unknown-ip-addr	cmd=get_database: default	
2024-04-24T11:27:04,646  INFO [main] parse.CalcitePlanner: Ending caching scope for: alex_20240424112656_1fa93c9f-f499-4778-8e1b-e92b23428248
2024-04-24T11:27:04,646  INFO [main] ql.Driver: Semantic Analysis Completed (retrial = false)
2024-04-24T11:27:04,646  INFO [main] ql.Driver: Created Hive schema: Schema(fieldSchemas:null, properties:null)
2024-04-24T11:27:04,646  INFO [main] metadata.Hive: Dumping metastore api call timing information for : compilation phase
2024-04-24T11:27:04,646  INFO [main] metadata.Hive: Total time spent in each metastore function (ms): {isCompatibleWith_(Configuration)=0, flushCache_()=0, getDatabase_(String)=2}
2024-04-24T11:27:04,647  INFO [main] ql.Driver: Completed compiling command(queryId=alex_20240424112656_1fa93c9f-f499-4778-8e1b-e92b23428248); Time taken: 0.004 seconds
2024-04-24T11:27:04,647  INFO [main] reexec.ReExecDriver: Execution #1 of query
2024-04-24T11:27:04,647  INFO [main] ql.Driver: Concurrency mode is disabled, not creating a lock manager
2024-04-24T11:27:04,647  INFO [main] ql.Driver: Executing command(queryId=alex_20240424112656_1fa93c9f-f499-4778-8e1b-e92b23428248): create table junit_parted_date(b string) partitioned by (dt date) stored as RCFILE TBLPROPERTIES ('transactional'='false')
2024-04-24T11:27:04,648  INFO [main] ql.Driver: Starting task [Stage-0:DDL] in serial mode
2024-04-24T11:27:04,649  INFO [main] HiveMetaStore.audit: ugi=alex	ip=unknown-ip-addr	cmd=create_table_req: Table(tableName:junit_parted_date, dbName:default, owner:alex, createTime:1713983224, lastAccessTime:0, retention:0, sd:StorageDescriptor(cols:[FieldSchema(name:b, type:string, comment:null)], location:null, inputFormat:org.apache.hadoop.hive.ql.io.RCFileInputFormat, outputFormat:org.apache.hadoop.hive.ql.io.RCFileOutputFormat, compressed:false, numBuckets:-1, serdeInfo:SerDeInfo(name:null, serializationLib:org.apache.hadoop.hive.serde2.columnar.ColumnarSerDe, parameters:{serialization.format=1}), bucketCols:[], sortCols:[], parameters:{}, skewedInfo:SkewedInfo(skewedColNames:[], skewedColValues:[], skewedColValueLocationMaps:{}), storedAsSubDirectories:false), partitionKeys:[FieldSchema(name:dt, type:date, comment:null)], parameters:{bucketing_version=2, transactional=false}, viewOriginalText:null, viewExpandedText:null, tableType:MANAGED_TABLE, privileges:PrincipalPrivilegeSet(userPrivileges:{alex=[PrivilegeGrantInfo(privilege:INSERT, createTime:-1, grantor:alex, grantorType:USER, grantOption:true), PrivilegeGrantInfo(privilege:SELECT, createTime:-1, grantor:alex, grantorType:USER, grantOption:true), PrivilegeGrantInfo(privilege:UPDATE, createTime:-1, grantor:alex, grantorType:USER, grantOption:true), PrivilegeGrantInfo(privilege:DELETE, createTime:-1, grantor:alex, grantorType:USER, grantOption:true)]}, groupPrivileges:null, rolePrivileges:null), temporary:false, catName:hive, ownerType:USER)	
2024-04-24T11:27:04,656  INFO [main] utils.FileUtils: Creating directory if it doesn't exist: file:/home/alex/Repositories/hive/hcatalog/hcatalog-pig-adapter/build/test/data/org.apache.hive.hcatalog.mapreduce.HCatBaseTest-1713983215978/warehouse/junit_parted_date
2024-04-24T11:27:04,677  INFO [main] metadata.Hive: Dumping metastore api call timing information for : execution phase
2024-04-24T11:27:04,677  INFO [main] metadata.Hive: Total time spent in each metastore function (ms): {isCompatibleWith_(Configuration)=0, createTable_(Table)=28}
2024-04-24T11:27:04,678  INFO [main] ql.Driver: Completed executing command(queryId=alex_20240424112656_1fa93c9f-f499-4778-8e1b-e92b23428248); Time taken: 0.03 seconds
2024-04-24T11:27:04,683  INFO [main] ql.Driver: Compiling command(queryId=alex_20240424112656_1fa93c9f-f499-4778-8e1b-e92b23428248): create table junit_unparted_alltypes( c_boolean boolean, c_tinyint tinyint, c_smallint smallint, c_int int, c_bigint bigint, c_float float, c_double double, c_decimal decimal(5,2), c_string string, c_char char(10), c_varchar varchar(20), c_binary binary, c_date date, c_timestamp timestamp)ROW FORMAT DELIMITED FIELDS TERMINATED BY '	' STORED AS TEXTFILE
2024-04-24T11:27:04,686  INFO [main] parse.CalcitePlanner: Starting caching scope for: alex_20240424112656_1fa93c9f-f499-4778-8e1b-e92b23428248
2024-04-24T11:27:04,686  INFO [main] parse.CalcitePlanner: Starting Semantic Analysis
2024-04-24T11:27:04,686  INFO [main] parse.CalcitePlanner: Creating table default.junit_unparted_alltypes position=13
2024-04-24T11:27:04,689  INFO [main] HiveMetaStore.audit: ugi=alex	ip=unknown-ip-addr	cmd=get_database: default	
2024-04-24T11:27:04,691  INFO [main] parse.CalcitePlanner: Ending caching scope for: alex_20240424112656_1fa93c9f-f499-4778-8e1b-e92b23428248
2024-04-24T11:27:04,692  INFO [main] ql.Driver: Semantic Analysis Completed (retrial = false)
2024-04-24T11:27:04,692  INFO [main] ql.Driver: Created Hive schema: Schema(fieldSchemas:null, properties:null)
2024-04-24T11:27:04,692  INFO [main] metadata.Hive: Dumping metastore api call timing information for : compilation phase
2024-04-24T11:27:04,692  INFO [main] metadata.Hive: Total time spent in each metastore function (ms): {flushCache_()=0, isCompatibleWith_(Configuration)=1, getDatabase_(String)=2}
2024-04-24T11:27:04,692  INFO [main] ql.Driver: Completed compiling command(queryId=alex_20240424112656_1fa93c9f-f499-4778-8e1b-e92b23428248); Time taken: 0.009 seconds
2024-04-24T11:27:04,692  INFO [main] reexec.ReExecDriver: Execution #1 of query
2024-04-24T11:27:04,692  INFO [main] ql.Driver: Concurrency mode is disabled, not creating a lock manager
2024-04-24T11:27:04,693  INFO [main] ql.Driver: Executing command(queryId=alex_20240424112656_1fa93c9f-f499-4778-8e1b-e92b23428248): create table junit_unparted_alltypes( c_boolean boolean, c_tinyint tinyint, c_smallint smallint, c_int int, c_bigint bigint, c_float float, c_double double, c_decimal decimal(5,2), c_string string, c_char char(10), c_varchar varchar(20), c_binary binary, c_date date, c_timestamp timestamp)ROW FORMAT DELIMITED FIELDS TERMINATED BY '	' STORED AS TEXTFILE
2024-04-24T11:27:04,693  INFO [main] ql.Driver: Starting task [Stage-0:DDL] in serial mode
2024-04-24T11:27:04,696  INFO [main] HiveMetaStore.audit: ugi=alex	ip=unknown-ip-addr	cmd=create_table_req: Table(tableName:junit_unparted_alltypes, dbName:default, owner:alex, createTime:1713983224, lastAccessTime:0, retention:0, sd:StorageDescriptor(cols:[FieldSchema(name:c_boolean, type:boolean, comment:null), FieldSchema(name:c_tinyint, type:tinyint, comment:null), FieldSchema(name:c_smallint, type:smallint, comment:null), FieldSchema(name:c_int, type:int, comment:null), FieldSchema(name:c_bigint, type:bigint, comment:null), FieldSchema(name:c_float, type:float, comment:null), FieldSchema(name:c_double, type:double, comment:null), FieldSchema(name:c_decimal, type:decimal(5,2), comment:null), FieldSchema(name:c_string, type:string, comment:null), FieldSchema(name:c_char, type:char(10), comment:null), FieldSchema(name:c_varchar, type:varchar(20), comment:null), FieldSchema(name:c_binary, type:binary, comment:null), FieldSchema(name:c_date, type:date, comment:null), FieldSchema(name:c_timestamp, type:timestamp, comment:null)], location:null, inputFormat:org.apache.hadoop.mapred.TextInputFormat, outputFormat:org.apache.hadoop.hive.ql.io.HiveIgnoreKeyTextOutputFormat, compressed:false, numBuckets:-1, serdeInfo:SerDeInfo(name:null, serializationLib:org.apache.hadoop.hive.serde2.lazy.LazySimpleSerDe, parameters:{serialization.format=	, field.delim=	}), bucketCols:[], sortCols:[], parameters:{}, skewedInfo:SkewedInfo(skewedColNames:[], skewedColValues:[], skewedColValueLocationMaps:{}), storedAsSubDirectories:false), partitionKeys:[], parameters:{COLUMN_STATS_ACCURATE={"BASIC_STATS":"true","COLUMN_STATS":{"c_bigint":"true","c_binary":"true","c_boolean":"true","c_char":"true","c_date":"true","c_decimal":"true","c_double":"true","c_float":"true","c_int":"true","c_smallint":"true","c_string":"true","c_timestamp":"true","c_tinyint":"true","c_varchar":"true"}}, bucketing_version=2, numFilesErasureCoded=0, totalSize=0, numRows=0, numFiles=0, rawDataSize=0}, viewOriginalText:null, viewExpandedText:null, tableType:MANAGED_TABLE, privileges:PrincipalPrivilegeSet(userPrivileges:{alex=[PrivilegeGrantInfo(privilege:INSERT, createTime:-1, grantor:alex, grantorType:USER, grantOption:true), PrivilegeGrantInfo(privilege:SELECT, createTime:-1, grantor:alex, grantorType:USER, grantOption:true), PrivilegeGrantInfo(privilege:UPDATE, createTime:-1, grantor:alex, grantorType:USER, grantOption:true), PrivilegeGrantInfo(privilege:DELETE, createTime:-1, grantor:alex, grantorType:USER, grantOption:true)]}, groupPrivileges:null, rolePrivileges:null), temporary:false, catName:hive, ownerType:USER)	
2024-04-24T11:27:04,704  INFO [main] utils.FileUtils: Creating directory if it doesn't exist: file:/home/alex/Repositories/hive/hcatalog/hcatalog-pig-adapter/build/test/data/org.apache.hive.hcatalog.mapreduce.HCatBaseTest-1713983215978/warehouse/junit_unparted_alltypes
2024-04-24T11:27:04,739  INFO [main] metadata.Hive: Dumping metastore api call timing information for : execution phase
2024-04-24T11:27:04,739  INFO [main] metadata.Hive: Total time spent in each metastore function (ms): {createTable_(Table)=43, isCompatibleWith_(Configuration)=0}
2024-04-24T11:27:04,739  INFO [main] ql.Driver: Completed executing command(queryId=alex_20240424112656_1fa93c9f-f499-4778-8e1b-e92b23428248); Time taken: 0.046 seconds
2024-04-24T11:27:04,740  INFO [main] ql.Driver: Compiling command(queryId=alex_20240424112656_1fa93c9f-f499-4778-8e1b-e92b23428248): load data local inpath '/home/alex/Repositories/hive/hcatalog/hcatalog-pig-adapter/build/test/data/org.apache.hive.hcatalog.mapreduce.HCatBaseTest-1713983215978/alltypes.input.data' into table junit_unparted_alltypes
2024-04-24T11:27:04,742  INFO [main] parse.LoadSemanticAnalyzer: Starting caching scope for: alex_20240424112656_1fa93c9f-f499-4778-8e1b-e92b23428248
2024-04-24T11:27:04,750  INFO [main] HiveMetaStore.audit: ugi=alex	ip=unknown-ip-addr	cmd=get_table : tbl=hive.default.junit_unparted_alltypes	
2024-04-24T11:27:04,834  INFO [main] metastore.HMSHandler: Skipping translation for processor with null
2024-04-24T11:27:04,872  INFO [main] parse.LoadSemanticAnalyzer: Ending caching scope for: alex_20240424112656_1fa93c9f-f499-4778-8e1b-e92b23428248
2024-04-24T11:27:04,872  INFO [main] ql.Driver: Semantic Analysis Completed (retrial = false)
2024-04-24T11:27:04,872  INFO [main] ql.Driver: Created Hive schema: Schema(fieldSchemas:null, properties:null)
2024-04-24T11:27:04,873  INFO [main] metadata.Hive: Dumping metastore api call timing information for : compilation phase
2024-04-24T11:27:04,873  INFO [main] metadata.Hive: Total time spent in each metastore function (ms): {flushCache_()=0, getTable_(GetTableRequest)=87, isCompatibleWith_(Configuration)=0}
2024-04-24T11:27:04,873  INFO [main] ql.Driver: Completed compiling command(queryId=alex_20240424112656_1fa93c9f-f499-4778-8e1b-e92b23428248); Time taken: 0.133 seconds
2024-04-24T11:27:04,873  INFO [main] reexec.ReExecDriver: Execution #1 of query
2024-04-24T11:27:04,873  INFO [main] ql.Driver: Concurrency mode is disabled, not creating a lock manager
2024-04-24T11:27:04,873  INFO [main] ql.Driver: Executing command(queryId=alex_20240424112656_1fa93c9f-f499-4778-8e1b-e92b23428248): load data local inpath '/home/alex/Repositories/hive/hcatalog/hcatalog-pig-adapter/build/test/data/org.apache.hive.hcatalog.mapreduce.HCatBaseTest-1713983215978/alltypes.input.data' into table junit_unparted_alltypes
2024-04-24T11:27:04,874  INFO [main] ql.Driver: Starting task [Stage-0:MOVE] in serial mode
Loading data to table default.junit_unparted_alltypes
2024-04-24T11:27:04,875  INFO [main] exec.Task: Loading data to table default.junit_unparted_alltypes from file:/home/alex/Repositories/hive/hcatalog/hcatalog-pig-adapter/build/test/data/org.apache.hive.hcatalog.mapreduce.HCatBaseTest-1713983215978/alltypes.input.data
2024-04-24T11:27:04,875  INFO [main] HiveMetaStore.audit: ugi=alex	ip=unknown-ip-addr	cmd=get_table : tbl=hive.default.junit_unparted_alltypes	
2024-04-24T11:27:04,892  INFO [main] metastore.HMSHandler: Skipping translation for processor with null
2024-04-24T11:27:04,895  INFO [main] HiveMetaStore.audit: ugi=alex	ip=unknown-ip-addr	cmd=get_table : tbl=hive.default.junit_unparted_alltypes	
2024-04-24T11:27:04,911  INFO [main] metastore.HMSHandler: Skipping translation for processor with null
2024-04-24T11:27:04,932  WARN [main] metadata.Hive: Cannot get a table snapshot for junit_unparted_alltypes
2024-04-24T11:27:04,932  INFO [main] HiveMetaStore.audit: ugi=alex	ip=unknown-ip-addr	cmd=alter_table: hive.default.junit_unparted_alltypes newtbl=junit_unparted_alltypes	
2024-04-24T11:27:04,991  INFO [main] ql.Driver: Starting task [Stage-1:STATS] in serial mode
2024-04-24T11:27:04,992  INFO [main] HiveMetaStore.audit: ugi=alex	ip=unknown-ip-addr	cmd=get_table : tbl=hive.default.junit_unparted_alltypes	
2024-04-24T11:27:05,007  INFO [main] metastore.HMSHandler: Skipping translation for processor with null
2024-04-24T11:27:05,008  INFO [main] stats.BasicStatsTask: Executing stats task
2024-04-24T11:27:05,008  INFO [main] HiveMetaStore.audit: ugi=alex	ip=unknown-ip-addr	cmd=get_table : tbl=hive.default.junit_unparted_alltypes	
2024-04-24T11:27:05,024  INFO [main] metastore.HMSHandler: Skipping translation for processor with null
2024-04-24T11:27:05,028  WARN [main] metadata.Hive: Cannot get a table snapshot for junit_unparted_alltypes
2024-04-24T11:27:05,028  INFO [main] HiveMetaStore.audit: ugi=alex	ip=unknown-ip-addr	cmd=alter_table: hive.default.junit_unparted_alltypes newtbl=junit_unparted_alltypes	
2024-04-24T11:27:05,081  INFO [main] stats.BasicStatsTask: Table default.junit_unparted_alltypes stats: [numFiles=1, numRows=0, totalSize=329, rawDataSize=0, numFilesErasureCoded=0]
2024-04-24T11:27:05,081  INFO [main] metadata.Hive: Dumping metastore api call timing information for : execution phase
2024-04-24T11:27:05,081  INFO [main] metadata.Hive: Total time spent in each metastore function (ms): {isCompatibleWith_(Configuration)=1, alter_table_(String, String, String, Table, EnvironmentContext, String)=109, getTable_(GetTableRequest)=65}
2024-04-24T11:27:05,081  INFO [main] ql.Driver: Completed executing command(queryId=alex_20240424112656_1fa93c9f-f499-4778-8e1b-e92b23428248); Time taken: 0.208 seconds
2024-04-24T11:27:05,133  INFO [main] executionengine.HExecutionEngine: Connecting to hadoop file system at: file:///
2024-04-24T11:27:05,142  INFO [main] pig.PigServer: Pig Script ID for the session: PIG-default-773f6ce7-6369-4b4e-88ef-689d661eecc4
2024-04-24T11:27:05,473  INFO [Finalizer] HiveMetaStore.audit: ugi=alex	ip=unknown-ip-addr	cmd=Done cleaning up thread local RawStore	
2024-04-24T11:27:05,473  INFO [Finalizer] metastore.HiveMetaStoreClient: Closed a connection to metastore, current connections: -3
2024-04-24T11:27:05,734  WARN [main] conf.HiveConf: HiveConf of name hive.llap.io.cache.orc.alloc.min does not exist
2024-04-24T11:27:05,734  WARN [main] conf.HiveConf: HiveConf of name hive.dummyparam.test.server.specific.config.metastoresite does not exist
2024-04-24T11:27:05,734  WARN [main] conf.HiveConf: HiveConf of name hive.metastore.client.cache.maxSize does not exist
2024-04-24T11:27:05,734  WARN [main] conf.HiveConf: HiveConf of name hive.llap.io.cache.orc.alloc.max does not exist
2024-04-24T11:27:05,734  WARN [main] conf.HiveConf: HiveConf of name hive.metastore.client.cache.recordStats does not exist
2024-04-24T11:27:05,735  WARN [main] conf.HiveConf: HiveConf of name hive.llap.io.cache.orc.size does not exist
2024-04-24T11:27:05,735  WARN [main] conf.HiveConf: HiveConf of name hive.stats.key.prefix.reserve.length does not exist
2024-04-24T11:27:05,735  WARN [main] conf.HiveConf: HiveConf of name hive.llap.io.cache.orc.arena.size does not exist
2024-04-24T11:27:05,735  WARN [main] conf.HiveConf: HiveConf of name hive.metastore.metadb.dir does not exist
2024-04-24T11:27:05,735  WARN [main] conf.HiveConf: HiveConf of name hive.dummyparam.test.server.specific.config.hivesite does not exist
2024-04-24T11:27:05,735  WARN [main] conf.HiveConf: HiveConf of name hive.dummyparam.test.server.specific.config.override does not exist
2024-04-24T11:27:05,736  INFO [main] common.HCatUtil: mapreduce.lib.hcatoutput.hive.conf not set. Generating configuration differences.
2024-04-24T11:27:05,737  INFO [main] common.HCatUtil: Configuration differences={datanucleus.connectionPool.maxPoolSize=4, hive.llap.io.cache.orc.alloc.max=2097152, test.property1=value1, javax.jdo.option.ConnectionUserName=APP, hive.stats.column.autogather=true, fs.pfile.impl=org.apache.hadoop.fs.ProxyLocalFileSystem, hive.query.results.cache.enabled=false, hive.querylog.location=${test.tmp.dir}/tmp, hive.llap.io.use.lrfu=true, hive.metastore.rawstore.impl=org.apache.hadoop.hive.metastore.ObjectStore, javax.jdo.option.ConnectionPassword=mine, hive.jar.path=${maven.local.repository}/org/apache/hive/hive-exec/${hive.version}/hive-exec-${hive.version}.jar, hive.default.rcfile.serde=org.apache.hadoop.hive.serde2.columnar.ColumnarSerDe, datanucleus.schema.autoCreateAll=true, test.data.scripts=${hive.root}/data/scripts, hive.users.in.admin.role=hive_admin_user, hive.llap.io.cache.orc.size=8388608, test.var.hiveconf.property=${hive.exec.default.partition.name}, hive.exec.mode.local.auto=false, hive.dummyparam.test.server.specific.config.hivesite=from.hive-site.xml, hive.materializedview.rewriting=true, hive.fetch.task.conversion=minimal, hive.dummyparam.test.server.specific.config.override=from.hive-site.xml, hive.metastore.metadb.dir=file://${test.tmp.dir}/metadb/, hive.server2.operation.log.purgePolicy.timeToLive=5s, hive.conf.restricted.list=dummy.config.value, hive.query.reexecution.stats.persist.scope=query, hive.cbo.fallback.strategy=TEST, hive.input.format=org.apache.hadoop.hive.ql.io.CombineHiveInputFormat, hive.security.authorization.manager=org.apache.hadoop.hive.ql.security.authorization.plugin.sqlstd.SQLStdHiveAuthorizerFactoryForTest, test.data.files=${hive.root}/data/files, hive.metastore.client.cache.enabled=true, hive.stats.key.prefix.reserve.length=0, hive.exec.local.scratchdir=${test.tmp.dir}/localscratchdir/, hive.exec.submit.local.task.via.child=false, hive.auto.convert.join=false, hive.llap.io.cache.orc.alloc.min=32768, hive.stats.fetch.bitvector=true, hive.llap.io.allocator.direct=false, hive.metastore.schema.verification=false, javax.jdo.option.ConnectionDriverName=org.apache.derby.jdbc.EmbeddedDriver, hive.in.test=true, hive.support.concurrency=true, hive.metastore.warehouse.dir=${test.warehouse.dir}, hive.llap.io.cache.orc.arena.size=8388608, hive.exec.scratchdir=${test.tmp.dir}/scratchdir, test.log.dir=${test.tmp.dir}/log/, hive.exec.post.hooks=org.apache.hadoop.hive.ql.hooks.PostExecutePrinter, javax.jdo.option.ConnectionURL=jdbc:derby:memory:${test.tmp.dir}/junit_metastore_db;create=true, hive.ignore.mapjoin.hint=false, hive.llap.cache.allow.synthetic.fileid=true, hive.scheduled.queries.executor.enabled=false, hive.metastore.client.cache.maxSize=10Mb, hive.metastore.client.cache.recordStats=true, hive.mapjoin.max.gc.time.percentage=0.99, hive.test.dummystats.aggregator=value2, hive.exec.pre.hooks=org.apache.hadoop.hive.ql.hooks.PreExecutePrinter, org.apache.hadoop.hive.ql.hooks.EnforceReadOnlyTables, org.apache.hadoop.hive.ql.hooks.MaterializedViewRegistryPropertiesHook, iceberg.hive.keep.stats=true, hive.strict.timestamp.conversion=false}
2024-04-24T11:27:05,746  INFO [main] common.HiveClientCache: Initializing cache: eviction-timeout=120 initial-capacity=50 maximum-capacity=50
2024-04-24T11:27:05,754  INFO [main] metastore.HiveMetaStoreClient: HMS client filtering is enabled.
2024-04-24T11:27:05,754  INFO [main] metastore.PersistenceManagerProvider: Configuration datanucleus.autoStartMechanismMode is not set. Defaulting to 'ignored'
2024-04-24T11:27:05,755  INFO [main] metastore.ObjectStore: RawStore: org.apache.hadoop.hive.metastore.ObjectStore@65859b44, with PersistenceManager: org.datanucleus.api.jdo.JDOPersistenceManager@49653791 will be shutdown
2024-04-24T11:27:05,756  INFO [main] metastore.ObjectStore: RawStore: org.apache.hadoop.hive.metastore.ObjectStore@65859b44, with PersistenceManager: org.datanucleus.api.jdo.JDOPersistenceManager@ef85567 created in the thread with id: 1
2024-04-24T11:27:05,766  INFO [main] metastore.HMSHandler: HMS server filtering is disabled by configuration
2024-04-24T11:27:05,767  INFO [main] metastore.RetryingMetaStoreClient: RetryingMetaStoreClient proxy=class org.apache.hive.hcatalog.common.HiveClientCache$CacheableHiveMetaStoreClient ugi=alex (auth:SIMPLE) retries=1 delay=1 lifetime=0
2024-04-24T11:27:05,807  INFO [main] HiveMetaStore.audit: ugi=alex	ip=unknown-ip-addr	cmd=get_databases: @hive#NonExistentDatabaseUsedForHealthCheck	
2024-04-24T11:27:05,818  INFO [main] HiveMetaStore.audit: ugi=alex	ip=unknown-ip-addr	cmd=get_table : tbl=hive.default.junit_unparted_basic	
2024-04-24T11:27:05,831  INFO [main] metastore.HMSHandler: Skipping translation for processor with null
2024-04-24T11:27:05,907  WARN [main] conf.HiveConf: HiveConf of name hive.llap.io.cache.orc.alloc.min does not exist
2024-04-24T11:27:05,907  WARN [main] conf.HiveConf: HiveConf of name hive.metastore.client.cache.maxSize does not exist
2024-04-24T11:27:05,907  WARN [main] conf.HiveConf: HiveConf of name hive.stats.key.prefix.reserve.length does not exist
2024-04-24T11:27:05,908  WARN [main] conf.HiveConf: HiveConf of name hive.dummyparam.test.server.specific.config.override does not exist
2024-04-24T11:27:05,908  WARN [main] conf.HiveConf: HiveConf of name hive.llap.io.cache.orc.size does not exist
2024-04-24T11:27:05,908  WARN [main] conf.HiveConf: HiveConf of name hive.dummyparam.test.server.specific.config.metastoresite does not exist
2024-04-24T11:27:05,908  WARN [main] conf.HiveConf: HiveConf of name hive.llap.io.cache.orc.alloc.max does not exist
2024-04-24T11:27:05,908  WARN [main] conf.HiveConf: HiveConf of name hive.dummyparam.test.server.specific.config.hivesite does not exist
2024-04-24T11:27:05,908  WARN [main] conf.HiveConf: HiveConf of name hive.metastore.client.cache.recordStats does not exist
2024-04-24T11:27:05,908  WARN [main] conf.HiveConf: HiveConf of name hive.llap.io.cache.orc.arena.size does not exist
2024-04-24T11:27:05,908  WARN [main] conf.HiveConf: HiveConf of name hive.metastore.metadb.dir does not exist
2024-04-24T11:27:05,909  INFO [main] common.HCatUtil: mapreduce.lib.hcatoutput.hive.conf is set. Applying configuration differences.
2024-04-24T11:27:05,912  INFO [main] HiveMetaStore.audit: ugi=alex	ip=unknown-ip-addr	cmd=get_databases: @hive#NonExistentDatabaseUsedForHealthCheck	
2024-04-24T11:27:05,932  WARN [main] conf.HiveConf: HiveConf of name hive.metastore.client.cache.maxSize does not exist
2024-04-24T11:27:05,932  WARN [main] conf.HiveConf: HiveConf of name hive.dummyparam.test.server.specific.config.override does not exist
2024-04-24T11:27:05,932  WARN [main] conf.HiveConf: HiveConf of name hive.metastore.metadb.dir does not exist
2024-04-24T11:27:05,932  WARN [main] conf.HiveConf: HiveConf of name hive.llap.io.cache.orc.size does not exist
2024-04-24T11:27:05,932  WARN [main] conf.HiveConf: HiveConf of name hive.llap.io.cache.orc.alloc.min does not exist
2024-04-24T11:27:05,933  WARN [main] conf.HiveConf: HiveConf of name hive.dummyparam.test.server.specific.config.metastoresite does not exist
2024-04-24T11:27:05,933  WARN [main] conf.HiveConf: HiveConf of name hive.llap.io.cache.orc.arena.size does not exist
2024-04-24T11:27:05,933  WARN [main] conf.HiveConf: HiveConf of name hive.metastore.client.cache.recordStats does not exist
2024-04-24T11:27:05,933  WARN [main] conf.HiveConf: HiveConf of name hive.stats.key.prefix.reserve.length does not exist
2024-04-24T11:27:05,933  WARN [main] conf.HiveConf: HiveConf of name hive.dummyparam.test.server.specific.config.hivesite does not exist
2024-04-24T11:27:05,933  WARN [main] conf.HiveConf: HiveConf of name hive.llap.io.cache.orc.alloc.max does not exist
2024-04-24T11:27:05,933  INFO [main] common.HCatUtil: mapreduce.lib.hcatoutput.hive.conf not set. Generating configuration differences.
2024-04-24T11:27:05,934  INFO [main] common.HCatUtil: Configuration differences={datanucleus.connectionPool.maxPoolSize=4, javax.jdo.option.ConnectionUserName=APP, test.property1=value1, hive.stats.column.autogather=true, hive.llap.io.cache.orc.alloc.max=2097152, hive.query.results.cache.enabled=false, fs.pfile.impl=org.apache.hadoop.fs.ProxyLocalFileSystem, hive.querylog.location=${test.tmp.dir}/tmp, hive.llap.io.use.lrfu=true, hive.metastore.rawstore.impl=org.apache.hadoop.hive.metastore.ObjectStore, javax.jdo.option.ConnectionPassword=mine, hive.jar.path=${maven.local.repository}/org/apache/hive/hive-exec/${hive.version}/hive-exec-${hive.version}.jar, hive.default.rcfile.serde=org.apache.hadoop.hive.serde2.columnar.ColumnarSerDe, test.data.scripts=${hive.root}/data/scripts, datanucleus.schema.autoCreateAll=true, hive.users.in.admin.role=hive_admin_user, hive.llap.io.cache.orc.size=8388608, test.var.hiveconf.property=${hive.exec.default.partition.name}, hive.dummyparam.test.server.specific.config.hivesite=from.hive-site.xml, hive.exec.mode.local.auto=false, hive.materializedview.rewriting=true, hive.dummyparam.test.server.specific.config.override=from.hive-site.xml, hive.fetch.task.conversion=minimal, hive.metastore.metadb.dir=file://${test.tmp.dir}/metadb/, hive.conf.restricted.list=dummy.config.value, hive.server2.operation.log.purgePolicy.timeToLive=5s, hive.query.reexecution.stats.persist.scope=query, hive.cbo.fallback.strategy=TEST, hive.input.format=org.apache.hadoop.hive.ql.io.CombineHiveInputFormat, hive.security.authorization.manager=org.apache.hadoop.hive.ql.security.authorization.plugin.sqlstd.SQLStdHiveAuthorizerFactoryForTest, test.data.files=${hive.root}/data/files, hive.stats.key.prefix.reserve.length=0, hive.metastore.client.cache.enabled=true, hive.exec.local.scratchdir=${test.tmp.dir}/localscratchdir/, hive.exec.submit.local.task.via.child=false, hive.auto.convert.join=false, hive.llap.io.cache.orc.alloc.min=32768, hive.stats.fetch.bitvector=true, hive.llap.io.allocator.direct=false, hive.metastore.schema.verification=false, javax.jdo.option.ConnectionDriverName=org.apache.derby.jdbc.EmbeddedDriver, hive.support.concurrency=true, hive.in.test=true, hive.metastore.warehouse.dir=${test.warehouse.dir}, hive.llap.io.cache.orc.arena.size=8388608, hive.exec.scratchdir=${test.tmp.dir}/scratchdir, test.log.dir=${test.tmp.dir}/log/, hive.exec.post.hooks=org.apache.hadoop.hive.ql.hooks.PostExecutePrinter, javax.jdo.option.ConnectionURL=jdbc:derby:memory:${test.tmp.dir}/junit_metastore_db;create=true, hive.scheduled.queries.executor.enabled=false, hive.ignore.mapjoin.hint=false, hive.llap.cache.allow.synthetic.fileid=true, hive.metastore.client.cache.maxSize=10Mb, hive.metastore.client.cache.recordStats=true, hive.mapjoin.max.gc.time.percentage=0.99, hive.test.dummystats.aggregator=value2, hive.exec.pre.hooks=org.apache.hadoop.hive.ql.hooks.PreExecutePrinter, org.apache.hadoop.hive.ql.hooks.EnforceReadOnlyTables, org.apache.hadoop.hive.ql.hooks.MaterializedViewRegistryPropertiesHook, iceberg.hive.keep.stats=true, hive.strict.timestamp.conversion=false}
2024-04-24T11:27:05,937  INFO [main] HiveMetaStore.audit: ugi=alex	ip=unknown-ip-addr	cmd=get_databases: @hive#NonExistentDatabaseUsedForHealthCheck	
2024-04-24T11:27:05,940  INFO [main] HiveMetaStore.audit: ugi=alex	ip=unknown-ip-addr	cmd=get_table : tbl=hive.default.junit_specific_size	
2024-04-24T11:27:05,956  INFO [main] metastore.HMSHandler: Skipping translation for processor with null
2024-04-24T11:27:05,991  WARN [main] conf.HiveConf: HiveConf of name hive.metastore.metadb.dir does not exist
2024-04-24T11:27:05,991  WARN [main] conf.HiveConf: HiveConf of name hive.metastore.client.cache.recordStats does not exist
2024-04-24T11:27:05,991  WARN [main] conf.HiveConf: HiveConf of name hive.dummyparam.test.server.specific.config.hivesite does not exist
2024-04-24T11:27:05,991  WARN [main] conf.HiveConf: HiveConf of name hive.llap.io.cache.orc.alloc.min does not exist
2024-04-24T11:27:05,991  WARN [main] conf.HiveConf: HiveConf of name hive.dummyparam.test.server.specific.config.metastoresite does not exist
2024-04-24T11:27:05,991  WARN [main] conf.HiveConf: HiveConf of name hive.llap.io.cache.orc.arena.size does not exist
2024-04-24T11:27:05,991  WARN [main] conf.HiveConf: HiveConf of name hive.metastore.client.cache.maxSize does not exist
2024-04-24T11:27:05,991  WARN [main] conf.HiveConf: HiveConf of name hive.llap.io.cache.orc.alloc.max does not exist
2024-04-24T11:27:05,992  WARN [main] conf.HiveConf: HiveConf of name hive.llap.io.cache.orc.size does not exist
2024-04-24T11:27:05,992  WARN [main] conf.HiveConf: HiveConf of name hive.stats.key.prefix.reserve.length does not exist
2024-04-24T11:27:05,992  WARN [main] conf.HiveConf: HiveConf of name hive.dummyparam.test.server.specific.config.override does not exist
2024-04-24T11:27:05,992  INFO [main] common.HCatUtil: mapreduce.lib.hcatoutput.hive.conf is set. Applying configuration differences.
2024-04-24T11:27:05,993  INFO [main] HiveMetaStore.audit: ugi=alex	ip=unknown-ip-addr	cmd=get_databases: @hive#NonExistentDatabaseUsedForHealthCheck	
2024-04-24T11:27:06,023  WARN [main] conf.HiveConf: HiveConf of name hive.metastore.metadb.dir does not exist
2024-04-24T11:27:06,023  WARN [main] conf.HiveConf: HiveConf of name hive.llap.io.cache.orc.size does not exist
2024-04-24T11:27:06,023  WARN [main] conf.HiveConf: HiveConf of name hive.llap.io.cache.orc.alloc.max does not exist
2024-04-24T11:27:06,023  WARN [main] conf.HiveConf: HiveConf of name hive.dummyparam.test.server.specific.config.hivesite does not exist
2024-04-24T11:27:06,023  WARN [main] conf.HiveConf: HiveConf of name hive.stats.key.prefix.reserve.length does not exist
2024-04-24T11:27:06,023  WARN [main] conf.HiveConf: HiveConf of name hive.llap.io.cache.orc.alloc.min does not exist
2024-04-24T11:27:06,023  WARN [main] conf.HiveConf: HiveConf of name hive.dummyparam.test.server.specific.config.metastoresite does not exist
2024-04-24T11:27:06,024  WARN [main] conf.HiveConf: HiveConf of name hive.metastore.client.cache.recordStats does not exist
2024-04-24T11:27:06,024  WARN [main] conf.HiveConf: HiveConf of name hive.metastore.client.cache.maxSize does not exist
2024-04-24T11:27:06,024  WARN [main] conf.HiveConf: HiveConf of name hive.llap.io.cache.orc.arena.size does not exist
2024-04-24T11:27:06,024  WARN [main] conf.HiveConf: HiveConf of name hive.dummyparam.test.server.specific.config.override does not exist
2024-04-24T11:27:06,024  INFO [main] common.HCatUtil: mapreduce.lib.hcatoutput.hive.conf not set. Generating configuration differences.
2024-04-24T11:27:06,025  INFO [main] common.HCatUtil: Configuration differences={datanucleus.connectionPool.maxPoolSize=4, hive.stats.column.autogather=true, test.property1=value1, javax.jdo.option.ConnectionUserName=APP, hive.llap.io.cache.orc.alloc.max=2097152, hive.query.results.cache.enabled=false, fs.pfile.impl=org.apache.hadoop.fs.ProxyLocalFileSystem, hive.querylog.location=${test.tmp.dir}/tmp, hive.llap.io.use.lrfu=true, hive.metastore.rawstore.impl=org.apache.hadoop.hive.metastore.ObjectStore, javax.jdo.option.ConnectionPassword=mine, hive.jar.path=${maven.local.repository}/org/apache/hive/hive-exec/${hive.version}/hive-exec-${hive.version}.jar, hive.default.rcfile.serde=org.apache.hadoop.hive.serde2.columnar.ColumnarSerDe, test.data.scripts=${hive.root}/data/scripts, datanucleus.schema.autoCreateAll=true, hive.users.in.admin.role=hive_admin_user, hive.llap.io.cache.orc.size=8388608, test.var.hiveconf.property=${hive.exec.default.partition.name}, hive.exec.mode.local.auto=false, hive.dummyparam.test.server.specific.config.hivesite=from.hive-site.xml, hive.materializedview.rewriting=true, hive.dummyparam.test.server.specific.config.override=from.hive-site.xml, hive.fetch.task.conversion=minimal, hive.metastore.metadb.dir=file://${test.tmp.dir}/metadb/, hive.server2.operation.log.purgePolicy.timeToLive=5s, hive.conf.restricted.list=dummy.config.value, hive.query.reexecution.stats.persist.scope=query, hive.cbo.fallback.strategy=TEST, hive.input.format=org.apache.hadoop.hive.ql.io.CombineHiveInputFormat, hive.security.authorization.manager=org.apache.hadoop.hive.ql.security.authorization.plugin.sqlstd.SQLStdHiveAuthorizerFactoryForTest, test.data.files=${hive.root}/data/files, hive.stats.key.prefix.reserve.length=0, hive.metastore.client.cache.enabled=true, hive.exec.local.scratchdir=${test.tmp.dir}/localscratchdir/, hive.exec.submit.local.task.via.child=false, hive.auto.convert.join=false, hive.llap.io.cache.orc.alloc.min=32768, hive.stats.fetch.bitvector=true, hive.llap.io.allocator.direct=false, hive.metastore.schema.verification=false, javax.jdo.option.ConnectionDriverName=org.apache.derby.jdbc.EmbeddedDriver, hive.in.test=true, hive.support.concurrency=true, hive.metastore.warehouse.dir=${test.warehouse.dir}, hive.llap.io.cache.orc.arena.size=8388608, hive.exec.scratchdir=${test.tmp.dir}/scratchdir, test.log.dir=${test.tmp.dir}/log/, hive.exec.post.hooks=org.apache.hadoop.hive.ql.hooks.PostExecutePrinter, javax.jdo.option.ConnectionURL=jdbc:derby:memory:${test.tmp.dir}/junit_metastore_db;create=true, hive.llap.cache.allow.synthetic.fileid=true, hive.scheduled.queries.executor.enabled=false, hive.ignore.mapjoin.hint=false, hive.metastore.client.cache.maxSize=10Mb, hive.metastore.client.cache.recordStats=true, hive.mapjoin.max.gc.time.percentage=0.99, hive.test.dummystats.aggregator=value2, hive.exec.pre.hooks=org.apache.hadoop.hive.ql.hooks.PreExecutePrinter, org.apache.hadoop.hive.ql.hooks.EnforceReadOnlyTables, org.apache.hadoop.hive.ql.hooks.MaterializedViewRegistryPropertiesHook, iceberg.hive.keep.stats=true, hive.strict.timestamp.conversion=false}
2024-04-24T11:27:06,027  INFO [main] HiveMetaStore.audit: ugi=alex	ip=unknown-ip-addr	cmd=get_databases: @hive#NonExistentDatabaseUsedForHealthCheck	
2024-04-24T11:27:06,030  INFO [main] HiveMetaStore.audit: ugi=alex	ip=unknown-ip-addr	cmd=get_table : tbl=hive.junit_specific_db.junit_specific_size2	
2024-04-24T11:27:06,043  INFO [main] metastore.HMSHandler: Skipping translation for processor with null
2024-04-24T11:27:06,074  WARN [main] conf.HiveConf: HiveConf of name hive.metastore.metadb.dir does not exist
2024-04-24T11:27:06,074  WARN [main] conf.HiveConf: HiveConf of name hive.metastore.client.cache.recordStats does not exist
2024-04-24T11:27:06,074  WARN [main] conf.HiveConf: HiveConf of name hive.dummyparam.test.server.specific.config.metastoresite does not exist
2024-04-24T11:27:06,074  WARN [main] conf.HiveConf: HiveConf of name hive.stats.key.prefix.reserve.length does not exist
2024-04-24T11:27:06,074  WARN [main] conf.HiveConf: HiveConf of name hive.llap.io.cache.orc.alloc.min does not exist
2024-04-24T11:27:06,074  WARN [main] conf.HiveConf: HiveConf of name hive.llap.io.cache.orc.size does not exist
2024-04-24T11:27:06,074  WARN [main] conf.HiveConf: HiveConf of name hive.llap.io.cache.orc.alloc.max does not exist
2024-04-24T11:27:06,074  WARN [main] conf.HiveConf: HiveConf of name hive.dummyparam.test.server.specific.config.hivesite does not exist
2024-04-24T11:27:06,074  WARN [main] conf.HiveConf: HiveConf of name hive.llap.io.cache.orc.arena.size does not exist
2024-04-24T11:27:06,074  WARN [main] conf.HiveConf: HiveConf of name hive.dummyparam.test.server.specific.config.override does not exist
2024-04-24T11:27:06,074  WARN [main] conf.HiveConf: HiveConf of name hive.metastore.client.cache.maxSize does not exist
2024-04-24T11:27:06,075  INFO [main] common.HCatUtil: mapreduce.lib.hcatoutput.hive.conf is set. Applying configuration differences.
2024-04-24T11:27:06,075  INFO [main] HiveMetaStore.audit: ugi=alex	ip=unknown-ip-addr	cmd=get_databases: @hive#NonExistentDatabaseUsedForHealthCheck	
2024-04-24T11:27:06,094  WARN [main] conf.HiveConf: HiveConf of name hive.metastore.metadb.dir does not exist
2024-04-24T11:27:06,094  WARN [main] conf.HiveConf: HiveConf of name hive.dummyparam.test.server.specific.config.hivesite does not exist
2024-04-24T11:27:06,094  WARN [main] conf.HiveConf: HiveConf of name hive.llap.io.cache.orc.size does not exist
2024-04-24T11:27:06,094  WARN [main] conf.HiveConf: HiveConf of name hive.llap.io.cache.orc.alloc.max does not exist
2024-04-24T11:27:06,094  WARN [main] conf.HiveConf: HiveConf of name hive.stats.key.prefix.reserve.length does not exist
2024-04-24T11:27:06,095  WARN [main] conf.HiveConf: HiveConf of name hive.metastore.client.cache.maxSize does not exist
2024-04-24T11:27:06,095  WARN [main] conf.HiveConf: HiveConf of name hive.metastore.client.cache.recordStats does not exist
2024-04-24T11:27:06,095  WARN [main] conf.HiveConf: HiveConf of name hive.llap.io.cache.orc.arena.size does not exist
2024-04-24T11:27:06,095  WARN [main] conf.HiveConf: HiveConf of name hive.dummyparam.test.server.specific.config.metastoresite does not exist
2024-04-24T11:27:06,095  WARN [main] conf.HiveConf: HiveConf of name hive.dummyparam.test.server.specific.config.override does not exist
2024-04-24T11:27:06,095  WARN [main] conf.HiveConf: HiveConf of name hive.llap.io.cache.orc.alloc.min does not exist
2024-04-24T11:27:06,095  INFO [main] common.HCatUtil: mapreduce.lib.hcatoutput.hive.conf not set. Generating configuration differences.
2024-04-24T11:27:06,096  INFO [main] common.HCatUtil: Configuration differences={datanucleus.connectionPool.maxPoolSize=4, hive.stats.column.autogather=true, test.property1=value1, javax.jdo.option.ConnectionUserName=APP, hive.llap.io.cache.orc.alloc.max=2097152, hive.query.results.cache.enabled=false, fs.pfile.impl=org.apache.hadoop.fs.ProxyLocalFileSystem, hive.querylog.location=${test.tmp.dir}/tmp, hive.llap.io.use.lrfu=true, hive.metastore.rawstore.impl=org.apache.hadoop.hive.metastore.ObjectStore, javax.jdo.option.ConnectionPassword=mine, hive.jar.path=${maven.local.repository}/org/apache/hive/hive-exec/${hive.version}/hive-exec-${hive.version}.jar, hive.default.rcfile.serde=org.apache.hadoop.hive.serde2.columnar.ColumnarSerDe, datanucleus.schema.autoCreateAll=true, test.data.scripts=${hive.root}/data/scripts, hive.users.in.admin.role=hive_admin_user, hive.llap.io.cache.orc.size=8388608, hive.exec.mode.local.auto=false, hive.dummyparam.test.server.specific.config.hivesite=from.hive-site.xml, test.var.hiveconf.property=${hive.exec.default.partition.name}, hive.materializedview.rewriting=true, hive.dummyparam.test.server.specific.config.override=from.hive-site.xml, hive.fetch.task.conversion=minimal, hive.metastore.metadb.dir=file://${test.tmp.dir}/metadb/, hive.conf.restricted.list=dummy.config.value, hive.server2.operation.log.purgePolicy.timeToLive=5s, hive.query.reexecution.stats.persist.scope=query, hive.cbo.fallback.strategy=TEST, hive.input.format=org.apache.hadoop.hive.ql.io.CombineHiveInputFormat, hive.security.authorization.manager=org.apache.hadoop.hive.ql.security.authorization.plugin.sqlstd.SQLStdHiveAuthorizerFactoryForTest, test.data.files=${hive.root}/data/files, hive.metastore.client.cache.enabled=true, hive.stats.key.prefix.reserve.length=0, hive.exec.local.scratchdir=${test.tmp.dir}/localscratchdir/, hive.exec.submit.local.task.via.child=false, hive.auto.convert.join=false, hive.llap.io.cache.orc.alloc.min=32768, hive.stats.fetch.bitvector=true, hive.llap.io.allocator.direct=false, hive.metastore.schema.verification=false, javax.jdo.option.ConnectionDriverName=org.apache.derby.jdbc.EmbeddedDriver, hive.in.test=true, hive.support.concurrency=true, hive.metastore.warehouse.dir=${test.warehouse.dir}, hive.llap.io.cache.orc.arena.size=8388608, hive.exec.scratchdir=${test.tmp.dir}/scratchdir, test.log.dir=${test.tmp.dir}/log/, hive.exec.post.hooks=org.apache.hadoop.hive.ql.hooks.PostExecutePrinter, javax.jdo.option.ConnectionURL=jdbc:derby:memory:${test.tmp.dir}/junit_metastore_db;create=true, hive.llap.cache.allow.synthetic.fileid=true, hive.ignore.mapjoin.hint=false, hive.scheduled.queries.executor.enabled=false, hive.metastore.client.cache.maxSize=10Mb, hive.metastore.client.cache.recordStats=true, hive.mapjoin.max.gc.time.percentage=0.99, hive.test.dummystats.aggregator=value2, hive.exec.pre.hooks=org.apache.hadoop.hive.ql.hooks.PreExecutePrinter, org.apache.hadoop.hive.ql.hooks.EnforceReadOnlyTables, org.apache.hadoop.hive.ql.hooks.MaterializedViewRegistryPropertiesHook, iceberg.hive.keep.stats=true, hive.strict.timestamp.conversion=false}
2024-04-24T11:27:06,097  INFO [main] HiveMetaStore.audit: ugi=alex	ip=unknown-ip-addr	cmd=get_databases: @hive#NonExistentDatabaseUsedForHealthCheck	
2024-04-24T11:27:06,100  INFO [main] HiveMetaStore.audit: ugi=alex	ip=unknown-ip-addr	cmd=get_table : tbl=hive.default.junit_parted_basic	
2024-04-24T11:27:06,115  INFO [main] metastore.HMSHandler: Skipping translation for processor with null
2024-04-24T11:27:06,141  WARN [main] conf.HiveConf: HiveConf of name hive.metastore.metadb.dir does not exist
2024-04-24T11:27:06,141  WARN [main] conf.HiveConf: HiveConf of name hive.dummyparam.test.server.specific.config.override does not exist
2024-04-24T11:27:06,141  WARN [main] conf.HiveConf: HiveConf of name hive.llap.io.cache.orc.arena.size does not exist
2024-04-24T11:27:06,141  WARN [main] conf.HiveConf: HiveConf of name hive.llap.io.cache.orc.alloc.min does not exist
2024-04-24T11:27:06,141  WARN [main] conf.HiveConf: HiveConf of name hive.metastore.client.cache.maxSize does not exist
2024-04-24T11:27:06,141  WARN [main] conf.HiveConf: HiveConf of name hive.stats.key.prefix.reserve.length does not exist
2024-04-24T11:27:06,141  WARN [main] conf.HiveConf: HiveConf of name hive.llap.io.cache.orc.size does not exist
2024-04-24T11:27:06,142  WARN [main] conf.HiveConf: HiveConf of name hive.metastore.client.cache.recordStats does not exist
2024-04-24T11:27:06,142  WARN [main] conf.HiveConf: HiveConf of name hive.llap.io.cache.orc.alloc.max does not exist
2024-04-24T11:27:06,142  WARN [main] conf.HiveConf: HiveConf of name hive.dummyparam.test.server.specific.config.hivesite does not exist
2024-04-24T11:27:06,142  WARN [main] conf.HiveConf: HiveConf of name hive.dummyparam.test.server.specific.config.metastoresite does not exist
2024-04-24T11:27:06,142  INFO [main] common.HCatUtil: mapreduce.lib.hcatoutput.hive.conf is set. Applying configuration differences.
2024-04-24T11:27:06,143  INFO [main] HiveMetaStore.audit: ugi=alex	ip=unknown-ip-addr	cmd=get_databases: @hive#NonExistentDatabaseUsedForHealthCheck	
2024-04-24T11:27:06,161  WARN [main] conf.HiveConf: HiveConf of name hive.llap.io.cache.orc.arena.size does not exist
2024-04-24T11:27:06,161  WARN [main] conf.HiveConf: HiveConf of name hive.dummyparam.test.server.specific.config.metastoresite does not exist
2024-04-24T11:27:06,161  WARN [main] conf.HiveConf: HiveConf of name hive.metastore.client.cache.maxSize does not exist
2024-04-24T11:27:06,161  WARN [main] conf.HiveConf: HiveConf of name hive.llap.io.cache.orc.alloc.min does not exist
2024-04-24T11:27:06,161  WARN [main] conf.HiveConf: HiveConf of name hive.llap.io.cache.orc.alloc.max does not exist
2024-04-24T11:27:06,161  WARN [main] conf.HiveConf: HiveConf of name hive.stats.key.prefix.reserve.length does not exist
2024-04-24T11:27:06,161  WARN [main] conf.HiveConf: HiveConf of name hive.metastore.metadb.dir does not exist
2024-04-24T11:27:06,161  WARN [main] conf.HiveConf: HiveConf of name hive.llap.io.cache.orc.size does not exist
2024-04-24T11:27:06,161  WARN [main] conf.HiveConf: HiveConf of name hive.dummyparam.test.server.specific.config.hivesite does not exist
2024-04-24T11:27:06,161  WARN [main] conf.HiveConf: HiveConf of name hive.dummyparam.test.server.specific.config.override does not exist
2024-04-24T11:27:06,161  WARN [main] conf.HiveConf: HiveConf of name hive.metastore.client.cache.recordStats does not exist
2024-04-24T11:27:06,161  INFO [main] common.HCatUtil: mapreduce.lib.hcatoutput.hive.conf not set. Generating configuration differences.
2024-04-24T11:27:06,162  INFO [main] common.HCatUtil: Configuration differences={datanucleus.connectionPool.maxPoolSize=4, test.property1=value1, javax.jdo.option.ConnectionUserName=APP, hive.stats.column.autogather=true, hive.llap.io.cache.orc.alloc.max=2097152, hive.query.results.cache.enabled=false, fs.pfile.impl=org.apache.hadoop.fs.ProxyLocalFileSystem, hive.querylog.location=${test.tmp.dir}/tmp, hive.metastore.rawstore.impl=org.apache.hadoop.hive.metastore.ObjectStore, hive.llap.io.use.lrfu=true, javax.jdo.option.ConnectionPassword=mine, hive.jar.path=${maven.local.repository}/org/apache/hive/hive-exec/${hive.version}/hive-exec-${hive.version}.jar, hive.default.rcfile.serde=org.apache.hadoop.hive.serde2.columnar.ColumnarSerDe, test.data.scripts=${hive.root}/data/scripts, datanucleus.schema.autoCreateAll=true, hive.users.in.admin.role=hive_admin_user, hive.llap.io.cache.orc.size=8388608, test.var.hiveconf.property=${hive.exec.default.partition.name}, hive.exec.mode.local.auto=false, hive.dummyparam.test.server.specific.config.hivesite=from.hive-site.xml, hive.materializedview.rewriting=true, hive.metastore.metadb.dir=file://${test.tmp.dir}/metadb/, hive.dummyparam.test.server.specific.config.override=from.hive-site.xml, hive.fetch.task.conversion=minimal, hive.server2.operation.log.purgePolicy.timeToLive=5s, hive.conf.restricted.list=dummy.config.value, hive.query.reexecution.stats.persist.scope=query, hive.cbo.fallback.strategy=TEST, hive.input.format=org.apache.hadoop.hive.ql.io.CombineHiveInputFormat, hive.security.authorization.manager=org.apache.hadoop.hive.ql.security.authorization.plugin.sqlstd.SQLStdHiveAuthorizerFactoryForTest, test.data.files=${hive.root}/data/files, hive.stats.key.prefix.reserve.length=0, hive.metastore.client.cache.enabled=true, hive.exec.local.scratchdir=${test.tmp.dir}/localscratchdir/, hive.exec.submit.local.task.via.child=false, hive.auto.convert.join=false, hive.llap.io.cache.orc.alloc.min=32768, hive.stats.fetch.bitvector=true, hive.llap.io.allocator.direct=false, hive.metastore.schema.verification=false, javax.jdo.option.ConnectionDriverName=org.apache.derby.jdbc.EmbeddedDriver, hive.in.test=true, hive.support.concurrency=true, hive.metastore.warehouse.dir=${test.warehouse.dir}, hive.llap.io.cache.orc.arena.size=8388608, hive.exec.scratchdir=${test.tmp.dir}/scratchdir, test.log.dir=${test.tmp.dir}/log/, hive.exec.post.hooks=org.apache.hadoop.hive.ql.hooks.PostExecutePrinter, javax.jdo.option.ConnectionURL=jdbc:derby:memory:${test.tmp.dir}/junit_metastore_db;create=true, hive.llap.cache.allow.synthetic.fileid=true, hive.scheduled.queries.executor.enabled=false, hive.ignore.mapjoin.hint=false, hive.metastore.client.cache.maxSize=10Mb, hive.metastore.client.cache.recordStats=true, hive.mapjoin.max.gc.time.percentage=0.99, hive.test.dummystats.aggregator=value2, hive.exec.pre.hooks=org.apache.hadoop.hive.ql.hooks.PreExecutePrinter, org.apache.hadoop.hive.ql.hooks.EnforceReadOnlyTables, org.apache.hadoop.hive.ql.hooks.MaterializedViewRegistryPropertiesHook, iceberg.hive.keep.stats=true, hive.strict.timestamp.conversion=false}
2024-04-24T11:27:06,163  INFO [main] HiveMetaStore.audit: ugi=alex	ip=unknown-ip-addr	cmd=get_databases: @hive#NonExistentDatabaseUsedForHealthCheck	
2024-04-24T11:27:06,166  INFO [main] HiveMetaStore.audit: ugi=alex	ip=unknown-ip-addr	cmd=get_table : tbl=hive.default.junit_parted_basic	
2024-04-24T11:27:06,179  INFO [main] metastore.HMSHandler: Skipping translation for processor with null
2024-04-24T11:27:06,205  WARN [main] conf.HiveConf: HiveConf of name hive.metastore.client.cache.maxSize does not exist
2024-04-24T11:27:06,205  WARN [main] conf.HiveConf: HiveConf of name hive.metastore.client.cache.recordStats does not exist
2024-04-24T11:27:06,205  WARN [main] conf.HiveConf: HiveConf of name hive.llap.io.cache.orc.alloc.min does not exist
2024-04-24T11:27:06,205  WARN [main] conf.HiveConf: HiveConf of name hive.dummyparam.test.server.specific.config.metastoresite does not exist
2024-04-24T11:27:06,205  WARN [main] conf.HiveConf: HiveConf of name hive.stats.key.prefix.reserve.length does not exist
2024-04-24T11:27:06,205  WARN [main] conf.HiveConf: HiveConf of name hive.llap.io.cache.orc.size does not exist
2024-04-24T11:27:06,205  WARN [main] conf.HiveConf: HiveConf of name hive.llap.io.cache.orc.alloc.max does not exist
2024-04-24T11:27:06,206  WARN [main] conf.HiveConf: HiveConf of name hive.metastore.metadb.dir does not exist
2024-04-24T11:27:06,206  WARN [main] conf.HiveConf: HiveConf of name hive.llap.io.cache.orc.arena.size does not exist
2024-04-24T11:27:06,206  WARN [main] conf.HiveConf: HiveConf of name hive.dummyparam.test.server.specific.config.hivesite does not exist
2024-04-24T11:27:06,206  WARN [main] conf.HiveConf: HiveConf of name hive.dummyparam.test.server.specific.config.override does not exist
2024-04-24T11:27:06,206  INFO [main] common.HCatUtil: mapreduce.lib.hcatoutput.hive.conf is set. Applying configuration differences.
2024-04-24T11:27:06,207  INFO [main] HiveMetaStore.audit: ugi=alex	ip=unknown-ip-addr	cmd=get_databases: @hive#NonExistentDatabaseUsedForHealthCheck	
2024-04-24T11:27:06,229  WARN [main] conf.HiveConf: HiveConf of name hive.llap.io.cache.orc.size does not exist
2024-04-24T11:27:06,229  WARN [main] conf.HiveConf: HiveConf of name hive.metastore.client.cache.maxSize does not exist
2024-04-24T11:27:06,229  WARN [main] conf.HiveConf: HiveConf of name hive.dummyparam.test.server.specific.config.override does not exist
2024-04-24T11:27:06,229  WARN [main] conf.HiveConf: HiveConf of name hive.llap.io.cache.orc.alloc.max does not exist
2024-04-24T11:27:06,229  WARN [main] conf.HiveConf: HiveConf of name hive.dummyparam.test.server.specific.config.hivesite does not exist
2024-04-24T11:27:06,229  WARN [main] conf.HiveConf: HiveConf of name hive.llap.io.cache.orc.alloc.min does not exist
2024-04-24T11:27:06,230  WARN [main] conf.HiveConf: HiveConf of name hive.dummyparam.test.server.specific.config.metastoresite does not exist
2024-04-24T11:27:06,230  WARN [main] conf.HiveConf: HiveConf of name hive.metastore.metadb.dir does not exist
2024-04-24T11:27:06,230  WARN [main] conf.HiveConf: HiveConf of name hive.llap.io.cache.orc.arena.size does not exist
2024-04-24T11:27:06,230  WARN [main] conf.HiveConf: HiveConf of name hive.metastore.client.cache.recordStats does not exist
2024-04-24T11:27:06,230  WARN [main] conf.HiveConf: HiveConf of name hive.stats.key.prefix.reserve.length does not exist
2024-04-24T11:27:06,231  INFO [main] common.HCatUtil: mapreduce.lib.hcatoutput.hive.conf not set. Generating configuration differences.
2024-04-24T11:27:06,232  INFO [main] common.HCatUtil: Configuration differences={datanucleus.connectionPool.maxPoolSize=4, hive.llap.io.cache.orc.alloc.max=2097152, hive.stats.column.autogather=true, javax.jdo.option.ConnectionUserName=APP, test.property1=value1, fs.pfile.impl=org.apache.hadoop.fs.ProxyLocalFileSystem, hive.query.results.cache.enabled=false, hive.querylog.location=${test.tmp.dir}/tmp, hive.metastore.rawstore.impl=org.apache.hadoop.hive.metastore.ObjectStore, hive.llap.io.use.lrfu=true, javax.jdo.option.ConnectionPassword=mine, hive.jar.path=${maven.local.repository}/org/apache/hive/hive-exec/${hive.version}/hive-exec-${hive.version}.jar, hive.default.rcfile.serde=org.apache.hadoop.hive.serde2.columnar.ColumnarSerDe, test.data.scripts=${hive.root}/data/scripts, datanucleus.schema.autoCreateAll=true, hive.users.in.admin.role=hive_admin_user, hive.llap.io.cache.orc.size=8388608, hive.exec.mode.local.auto=false, hive.dummyparam.test.server.specific.config.hivesite=from.hive-site.xml, test.var.hiveconf.property=${hive.exec.default.partition.name}, hive.materializedview.rewriting=true, hive.dummyparam.test.server.specific.config.override=from.hive-site.xml, hive.fetch.task.conversion=minimal, hive.metastore.metadb.dir=file://${test.tmp.dir}/metadb/, hive.conf.restricted.list=dummy.config.value, hive.server2.operation.log.purgePolicy.timeToLive=5s, hive.query.reexecution.stats.persist.scope=query, hive.cbo.fallback.strategy=TEST, hive.input.format=org.apache.hadoop.hive.ql.io.CombineHiveInputFormat, hive.security.authorization.manager=org.apache.hadoop.hive.ql.security.authorization.plugin.sqlstd.SQLStdHiveAuthorizerFactoryForTest, test.data.files=${hive.root}/data/files, hive.metastore.client.cache.enabled=true, hive.stats.key.prefix.reserve.length=0, hive.exec.local.scratchdir=${test.tmp.dir}/localscratchdir/, hive.exec.submit.local.task.via.child=false, hive.auto.convert.join=false, hive.llap.io.cache.orc.alloc.min=32768, hive.stats.fetch.bitvector=true, hive.llap.io.allocator.direct=false, hive.metastore.schema.verification=false, javax.jdo.option.ConnectionDriverName=org.apache.derby.jdbc.EmbeddedDriver, hive.in.test=true, hive.support.concurrency=true, hive.metastore.warehouse.dir=${test.warehouse.dir}, hive.llap.io.cache.orc.arena.size=8388608, hive.exec.scratchdir=${test.tmp.dir}/scratchdir, test.log.dir=${test.tmp.dir}/log/, hive.exec.post.hooks=org.apache.hadoop.hive.ql.hooks.PostExecutePrinter, javax.jdo.option.ConnectionURL=jdbc:derby:memory:${test.tmp.dir}/junit_metastore_db;create=true, hive.llap.cache.allow.synthetic.fileid=true, hive.scheduled.queries.executor.enabled=false, hive.ignore.mapjoin.hint=false, hive.metastore.client.cache.maxSize=10Mb, hive.metastore.client.cache.recordStats=true, hive.mapjoin.max.gc.time.percentage=0.99, hive.test.dummystats.aggregator=value2, hive.exec.pre.hooks=org.apache.hadoop.hive.ql.hooks.PreExecutePrinter, org.apache.hadoop.hive.ql.hooks.EnforceReadOnlyTables, org.apache.hadoop.hive.ql.hooks.MaterializedViewRegistryPropertiesHook, iceberg.hive.keep.stats=true, hive.strict.timestamp.conversion=false}
2024-04-24T11:27:06,233  INFO [main] HiveMetaStore.audit: ugi=alex	ip=unknown-ip-addr	cmd=get_databases: @hive#NonExistentDatabaseUsedForHealthCheck	
2024-04-24T11:27:06,236  INFO [main] HiveMetaStore.audit: ugi=alex	ip=unknown-ip-addr	cmd=get_table : tbl=hive.default.junit_unparted_complex	
2024-04-24T11:27:06,250  INFO [main] metastore.HMSHandler: Skipping translation for processor with null
2024-04-24T11:27:06,293  WARN [main] conf.HiveConf: HiveConf of name hive.llap.io.cache.orc.alloc.max does not exist
2024-04-24T11:27:06,293  WARN [main] conf.HiveConf: HiveConf of name hive.metastore.metadb.dir does not exist
2024-04-24T11:27:06,293  WARN [main] conf.HiveConf: HiveConf of name hive.stats.key.prefix.reserve.length does not exist
2024-04-24T11:27:06,294  WARN [main] conf.HiveConf: HiveConf of name hive.metastore.client.cache.recordStats does not exist
2024-04-24T11:27:06,294  WARN [main] conf.HiveConf: HiveConf of name hive.llap.io.cache.orc.size does not exist
2024-04-24T11:27:06,294  WARN [main] conf.HiveConf: HiveConf of name hive.llap.io.cache.orc.arena.size does not exist
2024-04-24T11:27:06,294  WARN [main] conf.HiveConf: HiveConf of name hive.dummyparam.test.server.specific.config.metastoresite does not exist
2024-04-24T11:27:06,294  WARN [main] conf.HiveConf: HiveConf of name hive.metastore.client.cache.maxSize does not exist
2024-04-24T11:27:06,294  WARN [main] conf.HiveConf: HiveConf of name hive.dummyparam.test.server.specific.config.hivesite does not exist
2024-04-24T11:27:06,294  WARN [main] conf.HiveConf: HiveConf of name hive.dummyparam.test.server.specific.config.override does not exist
2024-04-24T11:27:06,294  WARN [main] conf.HiveConf: HiveConf of name hive.llap.io.cache.orc.alloc.min does not exist
2024-04-24T11:27:06,295  INFO [main] common.HCatUtil: mapreduce.lib.hcatoutput.hive.conf is set. Applying configuration differences.
2024-04-24T11:27:06,295  INFO [main] HiveMetaStore.audit: ugi=alex	ip=unknown-ip-addr	cmd=get_databases: @hive#NonExistentDatabaseUsedForHealthCheck	
2024-04-24T11:27:06,316  WARN [main] conf.HiveConf: HiveConf of name hive.metastore.client.cache.recordStats does not exist
2024-04-24T11:27:06,316  WARN [main] conf.HiveConf: HiveConf of name hive.llap.io.cache.orc.alloc.max does not exist
2024-04-24T11:27:06,316  WARN [main] conf.HiveConf: HiveConf of name hive.metastore.metadb.dir does not exist
2024-04-24T11:27:06,316  WARN [main] conf.HiveConf: HiveConf of name hive.dummyparam.test.server.specific.config.hivesite does not exist
2024-04-24T11:27:06,316  WARN [main] conf.HiveConf: HiveConf of name hive.llap.io.cache.orc.arena.size does not exist
2024-04-24T11:27:06,316  WARN [main] conf.HiveConf: HiveConf of name hive.dummyparam.test.server.specific.config.override does not exist
2024-04-24T11:27:06,316  WARN [main] conf.HiveConf: HiveConf of name hive.stats.key.prefix.reserve.length does not exist
2024-04-24T11:27:06,316  WARN [main] conf.HiveConf: HiveConf of name hive.dummyparam.test.server.specific.config.metastoresite does not exist
2024-04-24T11:27:06,316  WARN [main] conf.HiveConf: HiveConf of name hive.metastore.client.cache.maxSize does not exist
2024-04-24T11:27:06,316  WARN [main] conf.HiveConf: HiveConf of name hive.llap.io.cache.orc.size does not exist
2024-04-24T11:27:06,316  WARN [main] conf.HiveConf: HiveConf of name hive.llap.io.cache.orc.alloc.min does not exist
2024-04-24T11:27:06,317  INFO [main] common.HCatUtil: mapreduce.lib.hcatoutput.hive.conf not set. Generating configuration differences.
2024-04-24T11:27:06,318  INFO [main] common.HCatUtil: Configuration differences={datanucleus.connectionPool.maxPoolSize=4, javax.jdo.option.ConnectionUserName=APP, test.property1=value1, hive.stats.column.autogather=true, hive.llap.io.cache.orc.alloc.max=2097152, fs.pfile.impl=org.apache.hadoop.fs.ProxyLocalFileSystem, hive.query.results.cache.enabled=false, hive.querylog.location=${test.tmp.dir}/tmp, hive.llap.io.use.lrfu=true, hive.metastore.rawstore.impl=org.apache.hadoop.hive.metastore.ObjectStore, javax.jdo.option.ConnectionPassword=mine, hive.jar.path=${maven.local.repository}/org/apache/hive/hive-exec/${hive.version}/hive-exec-${hive.version}.jar, hive.default.rcfile.serde=org.apache.hadoop.hive.serde2.columnar.ColumnarSerDe, datanucleus.schema.autoCreateAll=true, test.data.scripts=${hive.root}/data/scripts, hive.users.in.admin.role=hive_admin_user, hive.llap.io.cache.orc.size=8388608, hive.exec.mode.local.auto=false, test.var.hiveconf.property=${hive.exec.default.partition.name}, hive.dummyparam.test.server.specific.config.hivesite=from.hive-site.xml, hive.materializedview.rewriting=true, hive.metastore.metadb.dir=file://${test.tmp.dir}/metadb/, hive.dummyparam.test.server.specific.config.override=from.hive-site.xml, hive.fetch.task.conversion=minimal, hive.conf.restricted.list=dummy.config.value, hive.server2.operation.log.purgePolicy.timeToLive=5s, hive.query.reexecution.stats.persist.scope=query, hive.cbo.fallback.strategy=TEST, hive.input.format=org.apache.hadoop.hive.ql.io.CombineHiveInputFormat, hive.security.authorization.manager=org.apache.hadoop.hive.ql.security.authorization.plugin.sqlstd.SQLStdHiveAuthorizerFactoryForTest, test.data.files=${hive.root}/data/files, hive.metastore.client.cache.enabled=true, hive.stats.key.prefix.reserve.length=0, hive.exec.local.scratchdir=${test.tmp.dir}/localscratchdir/, hive.exec.submit.local.task.via.child=false, hive.auto.convert.join=false, hive.llap.io.cache.orc.alloc.min=32768, hive.stats.fetch.bitvector=true, hive.llap.io.allocator.direct=false, hive.metastore.schema.verification=false, javax.jdo.option.ConnectionDriverName=org.apache.derby.jdbc.EmbeddedDriver, hive.support.concurrency=true, hive.in.test=true, hive.metastore.warehouse.dir=${test.warehouse.dir}, hive.llap.io.cache.orc.arena.size=8388608, hive.exec.scratchdir=${test.tmp.dir}/scratchdir, test.log.dir=${test.tmp.dir}/log/, hive.exec.post.hooks=org.apache.hadoop.hive.ql.hooks.PostExecutePrinter, javax.jdo.option.ConnectionURL=jdbc:derby:memory:${test.tmp.dir}/junit_metastore_db;create=true, hive.llap.cache.allow.synthetic.fileid=true, hive.scheduled.queries.executor.enabled=false, hive.ignore.mapjoin.hint=false, hive.metastore.client.cache.maxSize=10Mb, hive.metastore.client.cache.recordStats=true, hive.mapjoin.max.gc.time.percentage=0.99, hive.test.dummystats.aggregator=value2, hive.exec.pre.hooks=org.apache.hadoop.hive.ql.hooks.PreExecutePrinter, org.apache.hadoop.hive.ql.hooks.EnforceReadOnlyTables, org.apache.hadoop.hive.ql.hooks.MaterializedViewRegistryPropertiesHook, iceberg.hive.keep.stats=true, hive.strict.timestamp.conversion=false}
2024-04-24T11:27:06,319  INFO [main] HiveMetaStore.audit: ugi=alex	ip=unknown-ip-addr	cmd=get_databases: @hive#NonExistentDatabaseUsedForHealthCheck	
2024-04-24T11:27:06,322  INFO [main] HiveMetaStore.audit: ugi=alex	ip=unknown-ip-addr	cmd=get_table : tbl=hive.default.junit_parted_date	
2024-04-24T11:27:06,344  INFO [main] metastore.HMSHandler: Skipping translation for processor with null
2024-04-24T11:27:06,381  WARN [main] conf.HiveConf: HiveConf of name hive.llap.io.cache.orc.alloc.max does not exist
2024-04-24T11:27:06,381  WARN [main] conf.HiveConf: HiveConf of name hive.metastore.client.cache.recordStats does not exist
2024-04-24T11:27:06,381  WARN [main] conf.HiveConf: HiveConf of name hive.stats.key.prefix.reserve.length does not exist
2024-04-24T11:27:06,381  WARN [main] conf.HiveConf: HiveConf of name hive.dummyparam.test.server.specific.config.metastoresite does not exist
2024-04-24T11:27:06,382  WARN [main] conf.HiveConf: HiveConf of name hive.dummyparam.test.server.specific.config.override does not exist
2024-04-24T11:27:06,382  WARN [main] conf.HiveConf: HiveConf of name hive.llap.io.cache.orc.alloc.min does not exist
2024-04-24T11:27:06,382  WARN [main] conf.HiveConf: HiveConf of name hive.metastore.metadb.dir does not exist
2024-04-24T11:27:06,382  WARN [main] conf.HiveConf: HiveConf of name hive.metastore.client.cache.maxSize does not exist
2024-04-24T11:27:06,382  WARN [main] conf.HiveConf: HiveConf of name hive.llap.io.cache.orc.size does not exist
2024-04-24T11:27:06,382  WARN [main] conf.HiveConf: HiveConf of name hive.llap.io.cache.orc.arena.size does not exist
2024-04-24T11:27:06,382  WARN [main] conf.HiveConf: HiveConf of name hive.dummyparam.test.server.specific.config.hivesite does not exist
2024-04-24T11:27:06,383  INFO [main] common.HCatUtil: mapreduce.lib.hcatoutput.hive.conf is set. Applying configuration differences.
2024-04-24T11:27:06,383  INFO [main] HiveMetaStore.audit: ugi=alex	ip=unknown-ip-addr	cmd=get_databases: @hive#NonExistentDatabaseUsedForHealthCheck	
2024-04-24T11:27:06,402  INFO [main] pigstats.ScriptState: Pig features used in the script: FILTER
2024-04-24T11:27:06,434  INFO [main] optimizer.LogicalPlanOptimizer: {RULES_ENABLED=[AddForEach, ColumnMapKeyPrune, ConstantCalculator, GroupByConstParallelSetter, LimitOptimizer, LoadTypeCastInserter, MergeFilter, MergeForEach, PartitionFilterOptimizer, PredicatePushdownOptimizer, PushDownForEachFlatten, PushUpFilter, SplitFilter, StreamTypeCastInserter]}
2024-04-24T11:27:06,610  INFO [main] util.SpillableMemoryManager: Selected heap (PS Old Gen) of size 1431830528 to monitor. collectionUsageThreshold = 1064828928, usageThreshold = 1064828928
2024-04-24T11:27:06,655  INFO [main] mapReduceLayer.MRCompiler: File concatenation threshold: 100 optimistic? false
2024-04-24T11:27:06,676  INFO [main] mapReduceLayer.MultiQueryOptimizer: MR plan size before optimization: 8
2024-04-24T11:27:06,677  INFO [main] mapReduceLayer.MultiQueryOptimizer: Merged 5 map-only splittees.
2024-04-24T11:27:06,677  INFO [main] mapReduceLayer.MultiQueryOptimizer: Merged 5 out of total 6 MR operators.
2024-04-24T11:27:06,677  INFO [main] mapReduceLayer.MultiQueryOptimizer: MR plan size after optimization: 3
2024-04-24T11:27:06,786  INFO [main] beanutils.FluentPropertyBeanIntrospector: Error when creating PropertyDescriptor for public final void org.apache.commons.configuration2.AbstractConfiguration.setProperty(java.lang.String,java.lang.Object)! Ignoring this property.
2024-04-24T11:27:06,794  WARN [main] impl.MetricsConfig: Cannot locate configuration: tried hadoop-metrics2-jobtracker.properties,hadoop-metrics2.properties
2024-04-24T11:27:06,807  INFO [main] impl.MetricsSystemImpl: Scheduled Metric snapshot period at 10 second(s).
2024-04-24T11:27:06,807  INFO [main] impl.MetricsSystemImpl: JobTracker metrics system started
2024-04-24T11:27:06,826  INFO [main] mapreduce.MRScriptState: Pig script settings are added to the job
2024-04-24T11:27:06,830  INFO [main] mapReduceLayer.JobControlCompiler: mapred.job.reduce.markreset.buffer.percent is not set, set to default 0.3
2024-04-24T11:27:06,838  INFO [main] mapReduceLayer.JobControlCompiler: Setting up single store job
2024-04-24T11:27:06,846  INFO [main] data.SchemaTupleFrontend: Key [pig.schematuple] is false, will not generate code.
2024-04-24T11:27:06,847  INFO [main] data.SchemaTupleFrontend: Starting process to move generated code to distributed cacche
2024-04-24T11:27:06,847  INFO [main] data.SchemaTupleFrontend: Distributed cache not supported or needed in local mode. Setting key [pig.schematuple.local.dir] with code temp directory: /home/alex/Repositories/hive/hcatalog/hcatalog-pig-adapter/target/tmp/1713983226846-0
2024-04-24T11:27:06,876  INFO [main] mapreduce.MRScriptState: Pig script settings are added to the job
2024-04-24T11:27:06,877  INFO [main] mapReduceLayer.JobControlCompiler: mapred.job.reduce.markreset.buffer.percent is not set, set to default 0.3
2024-04-24T11:27:06,879  INFO [main] mapReduceLayer.JobControlCompiler: Setting up multi store job
2024-04-24T11:27:06,879  INFO [main] data.SchemaTupleFrontend: Key [pig.schematuple] is false, will not generate code.
2024-04-24T11:27:06,879  INFO [main] data.SchemaTupleFrontend: Starting process to move generated code to distributed cacche
2024-04-24T11:27:06,879  INFO [main] data.SchemaTupleFrontend: Distributed cache not supported or needed in local mode. Setting key [pig.schematuple.local.dir] with code temp directory: /home/alex/Repositories/hive/hcatalog/hcatalog-pig-adapter/target/tmp/1713983226879-0
2024-04-24T11:27:06,895  INFO [main] mapreduce.MRScriptState: Pig script settings are added to the job
2024-04-24T11:27:06,895  INFO [main] mapReduceLayer.JobControlCompiler: mapred.job.reduce.markreset.buffer.percent is not set, set to default 0.3
2024-04-24T11:27:06,896  INFO [main] mapReduceLayer.JobControlCompiler: Setting up single store job
2024-04-24T11:27:06,897  INFO [main] data.SchemaTupleFrontend: Key [pig.schematuple] is false, will not generate code.
2024-04-24T11:27:06,897  INFO [main] data.SchemaTupleFrontend: Starting process to move generated code to distributed cacche
2024-04-24T11:27:06,897  INFO [main] data.SchemaTupleFrontend: Distributed cache not supported or needed in local mode. Setting key [pig.schematuple.local.dir] with code temp directory: /home/alex/Repositories/hive/hcatalog/hcatalog-pig-adapter/target/tmp/1713983226897-0
2024-04-24T11:27:06,905  INFO [main] mapReduceLayer.MapReduceLauncher: 3 map-reduce job(s) waiting for submission.
2024-04-24T11:27:06,910  WARN [JobControl] impl.MetricsSystemImpl: JobTracker metrics system already initialized!
2024-04-24T11:27:06,936  WARN [JobControl] conf.HiveConf: HiveConf of name hive.llap.io.cache.orc.alloc.min does not exist
2024-04-24T11:27:06,936  WARN [JobControl] conf.HiveConf: HiveConf of name hive.dummyparam.test.server.specific.config.metastoresite does not exist
2024-04-24T11:27:06,936  WARN [JobControl] conf.HiveConf: HiveConf of name hive.llap.io.cache.orc.arena.size does not exist
2024-04-24T11:27:06,936  WARN [JobControl] conf.HiveConf: HiveConf of name hive.llap.io.cache.orc.alloc.max does not exist
2024-04-24T11:27:06,936  WARN [JobControl] conf.HiveConf: HiveConf of name hive.stats.key.prefix.reserve.length does not exist
2024-04-24T11:27:06,936  WARN [JobControl] conf.HiveConf: HiveConf of name hive.dummyparam.test.server.specific.config.hivesite does not exist
2024-04-24T11:27:06,936  WARN [JobControl] conf.HiveConf: HiveConf of name hive.llap.io.cache.orc.size does not exist
2024-04-24T11:27:06,936  WARN [JobControl] conf.HiveConf: HiveConf of name hive.dummyparam.test.server.specific.config.override does not exist
2024-04-24T11:27:06,936  WARN [JobControl] conf.HiveConf: HiveConf of name hive.metastore.client.cache.maxSize does not exist
2024-04-24T11:27:06,937  WARN [JobControl] conf.HiveConf: HiveConf of name hive.metastore.client.cache.recordStats does not exist
2024-04-24T11:27:06,937  WARN [JobControl] conf.HiveConf: HiveConf of name hive.metastore.metadb.dir does not exist
2024-04-24T11:27:06,937  INFO [JobControl] common.HCatUtil: mapreduce.lib.hcatoutput.hive.conf is set. Applying configuration differences.
2024-04-24T11:27:06,938  INFO [JobControl] metastore.HiveMetaStoreClient: HMS client filtering is enabled.
2024-04-24T11:27:06,939  INFO [JobControl] metastore.HMSHandler: 2: Opening raw store with implementation class:org.apache.hadoop.hive.metastore.ObjectStore
2024-04-24T11:27:06,939  INFO [JobControl] metastore.PersistenceManagerProvider: Configuration datanucleus.autoStartMechanismMode is not set. Defaulting to 'ignored'
2024-04-24T11:27:06,940  INFO [JobControl] metastore.ObjectStore: RawStore: org.apache.hadoop.hive.metastore.ObjectStore@36e08a93, with PersistenceManager: null will be shutdown
2024-04-24T11:27:06,940  INFO [JobControl] metastore.ObjectStore: RawStore: org.apache.hadoop.hive.metastore.ObjectStore@36e08a93, with PersistenceManager: org.datanucleus.api.jdo.JDOPersistenceManager@17dd9f8e created in the thread with id: 92
2024-04-24T11:27:06,946  INFO [JobControl] metastore.HMSHandler: Created RawStore: org.apache.hadoop.hive.metastore.ObjectStore@36e08a93 from thread id: 92
2024-04-24T11:27:06,946  INFO [JobControl] metastore.HMSHandler: HMS server filtering is disabled by configuration
2024-04-24T11:27:06,947  INFO [JobControl] metastore.RetryingMetaStoreClient: RetryingMetaStoreClient proxy=class org.apache.hive.hcatalog.common.HiveClientCache$CacheableHiveMetaStoreClient ugi=alex (auth:SIMPLE) retries=1 delay=1 lifetime=0
2024-04-24T11:27:06,947  INFO [JobControl] HiveMetaStore.audit: ugi=alex	ip=unknown-ip-addr	cmd=get_databases: @hive#NonExistentDatabaseUsedForHealthCheck	
2024-04-24T11:27:06,992  WARN [JobControl] mapreduce.JobResourceUploader: Hadoop command-line option parsing not performed. Implement the Tool interface and execute your application with ToolRunner to remedy this.
2024-04-24T11:27:06,999  WARN [JobControl] mapreduce.JobResourceUploader: No job jar file set.  User classes may not be found. See Job or Job#setJar(String).
2024-04-24T11:27:07,007  INFO [JobControl] builtin.PigStorage: Using PigTextInputFormat
2024-04-24T11:27:07,011  INFO [JobControl] input.FileInputFormat: Total input files to process : 1
2024-04-24T11:27:07,011  INFO [JobControl] util.MapRedUtil: Total input paths to process : 1
2024-04-24T11:27:07,022  INFO [JobControl] util.MapRedUtil: Total input paths (combined) to process : 1
2024-04-24T11:27:07,056  INFO [JobControl] mapreduce.JobSubmitter: number of splits:1
2024-04-24T11:27:07,090  INFO [JobControl] mapreduce.JobSubmitter: Submitting tokens for job: job_local1533911921_0001
2024-04-24T11:27:07,090  INFO [JobControl] mapreduce.JobSubmitter: Executing with tokens: []
2024-04-24T11:27:07,224  INFO [JobControl] mapreduce.Job: The url to track the job: http://localhost:8080/
2024-04-24T11:27:07,225  WARN [JobControl] impl.MetricsSystemImpl: JobTracker metrics system already initialized!
2024-04-24T11:27:07,225  INFO [Thread-83] mapred.LocalJobRunner: OutputCommitter set in config null
2024-04-24T11:27:07,244  INFO [Thread-83] mapred.LocalJobRunner: OutputCommitter is org.apache.pig.backend.hadoop.executionengine.mapReduceLayer.PigOutputCommitter
2024-04-24T11:27:07,253  INFO [Thread-83] mapred.LocalJobRunner: Waiting for map tasks
2024-04-24T11:27:07,254  INFO [LocalJobRunner Map Task Executor #0] mapred.LocalJobRunner: Starting task: attempt_local1533911921_0001_m_000000_0
2024-04-24T11:27:07,263  WARN [JobControl] conf.HiveConf: HiveConf of name hive.llap.io.cache.orc.arena.size does not exist
2024-04-24T11:27:07,263  WARN [JobControl] conf.HiveConf: HiveConf of name hive.dummyparam.test.server.specific.config.hivesite does not exist
2024-04-24T11:27:07,263  WARN [JobControl] conf.HiveConf: HiveConf of name hive.llap.io.cache.orc.alloc.max does not exist
2024-04-24T11:27:07,263  WARN [JobControl] conf.HiveConf: HiveConf of name hive.stats.key.prefix.reserve.length does not exist
2024-04-24T11:27:07,264  WARN [JobControl] conf.HiveConf: HiveConf of name hive.metastore.client.cache.maxSize does not exist
2024-04-24T11:27:07,264  WARN [JobControl] conf.HiveConf: HiveConf of name hive.metastore.client.cache.recordStats does not exist
2024-04-24T11:27:07,264  WARN [JobControl] conf.HiveConf: HiveConf of name hive.dummyparam.test.server.specific.config.override does not exist
2024-04-24T11:27:07,264  WARN [JobControl] conf.HiveConf: HiveConf of name hive.llap.io.cache.orc.size does not exist
2024-04-24T11:27:07,264  WARN [JobControl] conf.HiveConf: HiveConf of name hive.dummyparam.test.server.specific.config.metastoresite does not exist
2024-04-24T11:27:07,264  WARN [JobControl] conf.HiveConf: HiveConf of name hive.metastore.metadb.dir does not exist
2024-04-24T11:27:07,264  WARN [JobControl] conf.HiveConf: HiveConf of name hive.llap.io.cache.orc.alloc.min does not exist
2024-04-24T11:27:07,265  INFO [JobControl] common.HCatUtil: mapreduce.lib.hcatoutput.hive.conf is set. Applying configuration differences.
2024-04-24T11:27:07,267  INFO [JobControl] HiveMetaStore.audit: ugi=alex	ip=unknown-ip-addr	cmd=get_databases: @hive#NonExistentDatabaseUsedForHealthCheck	
2024-04-24T11:27:07,300  INFO [LocalJobRunner Map Task Executor #0] mapred.Task:  Using ResourceCalculatorProcessTree : [ ]
2024-04-24T11:27:07,303  INFO [LocalJobRunner Map Task Executor #0] mapred.MapTask: Processing split: Number of splits :1
Total Length = 65
Input split[0]:
   Length = 65
   ClassName: org.apache.hadoop.mapreduce.lib.input.FileSplit
   Locations:

-----------------------

2024-04-24T11:27:07,307  WARN [JobControl] conf.HiveConf: HiveConf of name hive.llap.io.cache.orc.size does not exist
2024-04-24T11:27:07,307  WARN [JobControl] conf.HiveConf: HiveConf of name hive.llap.io.cache.orc.alloc.max does not exist
2024-04-24T11:27:07,308  WARN [JobControl] conf.HiveConf: HiveConf of name hive.metastore.client.cache.recordStats does not exist
2024-04-24T11:27:07,308  WARN [JobControl] conf.HiveConf: HiveConf of name hive.dummyparam.test.server.specific.config.hivesite does not exist
2024-04-24T11:27:07,308  WARN [JobControl] conf.HiveConf: HiveConf of name hive.dummyparam.test.server.specific.config.override does not exist
2024-04-24T11:27:07,308  WARN [JobControl] conf.HiveConf: HiveConf of name hive.metastore.client.cache.maxSize does not exist
2024-04-24T11:27:07,308  WARN [JobControl] conf.HiveConf: HiveConf of name hive.stats.key.prefix.reserve.length does not exist
2024-04-24T11:27:07,308  WARN [JobControl] conf.HiveConf: HiveConf of name hive.llap.io.cache.orc.alloc.min does not exist
2024-04-24T11:27:07,308  WARN [JobControl] conf.HiveConf: HiveConf of name hive.llap.io.cache.orc.arena.size does not exist
2024-04-24T11:27:07,308  WARN [JobControl] conf.HiveConf: HiveConf of name hive.metastore.metadb.dir does not exist
2024-04-24T11:27:07,308  WARN [JobControl] conf.HiveConf: HiveConf of name hive.dummyparam.test.server.specific.config.metastoresite does not exist
2024-04-24T11:27:07,309  INFO [JobControl] common.HCatUtil: mapreduce.lib.hcatoutput.hive.conf is set. Applying configuration differences.
2024-04-24T11:27:07,310  INFO [JobControl] HiveMetaStore.audit: ugi=alex	ip=unknown-ip-addr	cmd=get_databases: @hive#NonExistentDatabaseUsedForHealthCheck	
2024-04-24T11:27:07,310  INFO [LocalJobRunner Map Task Executor #0] builtin.PigStorage: Using PigTextInputFormat
2024-04-24T11:27:07,313  INFO [LocalJobRunner Map Task Executor #0] mapReduceLayer.PigRecordReader: Current split being processed file:/home/alex/Repositories/hive/hcatalog/hcatalog-pig-adapter/build/test/data/org.apache.hive.hcatalog.mapreduce.HCatBaseTest-1713983215978/datetimestamp.input.data:0+65
2024-04-24T11:27:07,328  INFO [LocalJobRunner Map Task Executor #0] util.SpillableMemoryManager: Selected heap (PS Old Gen) of size 1431830528 to monitor. collectionUsageThreshold = 1064828928, usageThreshold = 1064828928
2024-04-24T11:27:07,329  INFO [LocalJobRunner Map Task Executor #0] data.SchemaTupleBackend: Key [pig.schematuple] was not set... will not generate code.
2024-04-24T11:27:07,334  INFO [LocalJobRunner Map Task Executor #0] mapReduceLayer.PigMapOnly$Map: Aliases being processed per job phase (AliasName[line,offset]): M: E[13,4],F[-1,-1] C:  R: 
2024-04-24T11:27:07,348  WARN [JobControl] conf.HiveConf: HiveConf of name hive.metastore.client.cache.recordStats does not exist
2024-04-24T11:27:07,348  WARN [JobControl] conf.HiveConf: HiveConf of name hive.stats.key.prefix.reserve.length does not exist
2024-04-24T11:27:07,349  WARN [JobControl] conf.HiveConf: HiveConf of name hive.dummyparam.test.server.specific.config.hivesite does not exist
2024-04-24T11:27:07,349  WARN [JobControl] conf.HiveConf: HiveConf of name hive.llap.io.cache.orc.size does not exist
2024-04-24T11:27:07,349  WARN [JobControl] conf.HiveConf: HiveConf of name hive.metastore.client.cache.maxSize does not exist
2024-04-24T11:27:07,349  WARN [JobControl] conf.HiveConf: HiveConf of name hive.dummyparam.test.server.specific.config.metastoresite does not exist
2024-04-24T11:27:07,349  WARN [JobControl] conf.HiveConf: HiveConf of name hive.llap.io.cache.orc.alloc.min does not exist
2024-04-24T11:27:07,349  WARN [JobControl] conf.HiveConf: HiveConf of name hive.llap.io.cache.orc.arena.size does not exist
2024-04-24T11:27:07,349  WARN [JobControl] conf.HiveConf: HiveConf of name hive.metastore.metadb.dir does not exist
2024-04-24T11:27:07,349  WARN [JobControl] conf.HiveConf: HiveConf of name hive.llap.io.cache.orc.alloc.max does not exist
2024-04-24T11:27:07,349  WARN [JobControl] conf.HiveConf: HiveConf of name hive.dummyparam.test.server.specific.config.override does not exist
2024-04-24T11:27:07,350  INFO [JobControl] common.HCatUtil: mapreduce.lib.hcatoutput.hive.conf is set. Applying configuration differences.
2024-04-24T11:27:07,351  INFO [JobControl] HiveMetaStore.audit: ugi=alex	ip=unknown-ip-addr	cmd=get_databases: @hive#NonExistentDatabaseUsedForHealthCheck	
2024-04-24T11:27:07,351  INFO [LocalJobRunner Map Task Executor #0] output.FileOutputCommitter: File Output Committer Algorithm version is 2
2024-04-24T11:27:07,351  INFO [LocalJobRunner Map Task Executor #0] output.FileOutputCommitter: FileOutputCommitter skip cleanup _temporary folders under output directory:false, ignore cleanup failures: false
2024-04-24T11:27:07,362  INFO [LocalJobRunner Map Task Executor #0] output.FileOutputCommitter: File Output Committer Algorithm version is 2
2024-04-24T11:27:07,362  INFO [LocalJobRunner Map Task Executor #0] output.FileOutputCommitter: FileOutputCommitter skip cleanup _temporary folders under output directory:false, ignore cleanup failures: false
2024-04-24T11:27:07,388  INFO [LocalJobRunner Map Task Executor #0] output.FileOutputCommitter: File Output Committer Algorithm version is 2
2024-04-24T11:27:07,388  INFO [LocalJobRunner Map Task Executor #0] output.FileOutputCommitter: FileOutputCommitter skip cleanup _temporary folders under output directory:false, ignore cleanup failures: false
2024-04-24T11:27:07,390  WARN [JobControl] conf.HiveConf: HiveConf of name hive.dummyparam.test.server.specific.config.override does not exist
2024-04-24T11:27:07,391  WARN [JobControl] conf.HiveConf: HiveConf of name hive.llap.io.cache.orc.alloc.max does not exist
2024-04-24T11:27:07,391  WARN [JobControl] conf.HiveConf: HiveConf of name hive.dummyparam.test.server.specific.config.hivesite does not exist
2024-04-24T11:27:07,391  WARN [JobControl] conf.HiveConf: HiveConf of name hive.metastore.metadb.dir does not exist
2024-04-24T11:27:07,391  WARN [JobControl] conf.HiveConf: HiveConf of name hive.llap.io.cache.orc.alloc.min does not exist
2024-04-24T11:27:07,391  WARN [JobControl] conf.HiveConf: HiveConf of name hive.llap.io.cache.orc.size does not exist
2024-04-24T11:27:07,391  WARN [JobControl] conf.HiveConf: HiveConf of name hive.metastore.client.cache.recordStats does not exist
2024-04-24T11:27:07,391  WARN [JobControl] conf.HiveConf: HiveConf of name hive.dummyparam.test.server.specific.config.metastoresite does not exist
2024-04-24T11:27:07,391  WARN [JobControl] conf.HiveConf: HiveConf of name hive.stats.key.prefix.reserve.length does not exist
2024-04-24T11:27:07,391  WARN [JobControl] conf.HiveConf: HiveConf of name hive.metastore.client.cache.maxSize does not exist
2024-04-24T11:27:07,392  WARN [JobControl] conf.HiveConf: HiveConf of name hive.llap.io.cache.orc.arena.size does not exist
2024-04-24T11:27:07,392  INFO [JobControl] common.HCatUtil: mapreduce.lib.hcatoutput.hive.conf is set. Applying configuration differences.
2024-04-24T11:27:07,393  INFO [JobControl] HiveMetaStore.audit: ugi=alex	ip=unknown-ip-addr	cmd=get_databases: @hive#NonExistentDatabaseUsedForHealthCheck	
2024-04-24T11:27:07,397  INFO [LocalJobRunner Map Task Executor #0] output.FileOutputCommitter: File Output Committer Algorithm version is 2
2024-04-24T11:27:07,397  INFO [LocalJobRunner Map Task Executor #0] output.FileOutputCommitter: FileOutputCommitter skip cleanup _temporary folders under output directory:false, ignore cleanup failures: false
2024-04-24T11:27:07,408  INFO [main] mapReduceLayer.MapReduceLauncher: HadoopJobId: job_local1533911921_0001
2024-04-24T11:27:07,408  INFO [main] mapReduceLayer.MapReduceLauncher: Processing aliases E,F
2024-04-24T11:27:07,408  INFO [main] mapReduceLayer.MapReduceLauncher: detailed locations: M: E[13,4],F[-1,-1] C:  R: 
2024-04-24T11:27:07,412  INFO [LocalJobRunner Map Task Executor #0] mapred.LocalJobRunner: 
2024-04-24T11:27:07,412  INFO [LocalJobRunner Map Task Executor #0] io.RCFile: Column#0 : Plain Total Column Value Length: 12,  Compr Total Column Value Length: 12
2024-04-24T11:27:07,412  INFO [LocalJobRunner Map Task Executor #0] io.RCFile: Column#0 : Plain Total Column Value Length: 11,  Compr Total Column Value Length: 11
2024-04-24T11:27:07,414  INFO [LocalJobRunner Map Task Executor #0] mapreduce.TaskCommitContextRegistry: Registering committer for TaskAttemptID:attempt_local1533911921_0001_m_000000_0@file:/home/alex/Repositories/hive/hcatalog/hcatalog-pig-adapter/build/test/data/org.apache.hive.hcatalog.mapreduce.HCatBaseTest-1713983215978/warehouse/junit_parted_date/_DYN0.38230650349611517/dt=__HIVE_DEFAULT_PARTITION__
2024-04-24T11:27:07,421  INFO [LocalJobRunner Map Task Executor #0] mapred.Task: Task:attempt_local1533911921_0001_m_000000_0 is done. And is in the process of committing
2024-04-24T11:27:07,423  INFO [LocalJobRunner Map Task Executor #0] mapred.LocalJobRunner: 
2024-04-24T11:27:07,423  INFO [LocalJobRunner Map Task Executor #0] mapred.Task: Task attempt_local1533911921_0001_m_000000_0 is allowed to commit now
2024-04-24T11:27:07,425  INFO [LocalJobRunner Map Task Executor #0] mapreduce.TaskCommitContextRegistry: Committing TaskAttempt:attempt_local1533911921_0001_m_000000_0@file:/home/alex/Repositories/hive/hcatalog/hcatalog-pig-adapter/build/test/data/org.apache.hive.hcatalog.mapreduce.HCatBaseTest-1713983215978/warehouse/junit_parted_date/_DYN0.38230650349611517/dt=__HIVE_DEFAULT_PARTITION__
2024-04-24T11:27:07,425  INFO [LocalJobRunner Map Task Executor #0] mapreduce.DynamicPartitionFileRecordWriterContainer: Committing task-attempt for file:/home/alex/Repositories/hive/hcatalog/hcatalog-pig-adapter/build/test/data/org.apache.hive.hcatalog.mapreduce.HCatBaseTest-1713983215978/warehouse/junit_parted_date/_DYN0.38230650349611517/dt=2016-07-14 15%3A10%3A15
2024-04-24T11:27:07,427  WARN [JobControl] conf.HiveConf: HiveConf of name hive.dummyparam.test.server.specific.config.override does not exist
2024-04-24T11:27:07,427  WARN [JobControl] conf.HiveConf: HiveConf of name hive.llap.io.cache.orc.arena.size does not exist
2024-04-24T11:27:07,427  WARN [JobControl] conf.HiveConf: HiveConf of name hive.dummyparam.test.server.specific.config.hivesite does not exist
2024-04-24T11:27:07,428  WARN [JobControl] conf.HiveConf: HiveConf of name hive.llap.io.cache.orc.alloc.min does not exist
2024-04-24T11:27:07,428  WARN [JobControl] conf.HiveConf: HiveConf of name hive.metastore.client.cache.maxSize does not exist
2024-04-24T11:27:07,428  WARN [JobControl] conf.HiveConf: HiveConf of name hive.metastore.metadb.dir does not exist
2024-04-24T11:27:07,428  WARN [JobControl] conf.HiveConf: HiveConf of name hive.llap.io.cache.orc.alloc.max does not exist
2024-04-24T11:27:07,428  WARN [JobControl] conf.HiveConf: HiveConf of name hive.llap.io.cache.orc.size does not exist
2024-04-24T11:27:07,428  WARN [JobControl] conf.HiveConf: HiveConf of name hive.dummyparam.test.server.specific.config.metastoresite does not exist
2024-04-24T11:27:07,428  WARN [JobControl] conf.HiveConf: HiveConf of name hive.stats.key.prefix.reserve.length does not exist
2024-04-24T11:27:07,428  WARN [JobControl] conf.HiveConf: HiveConf of name hive.metastore.client.cache.recordStats does not exist
2024-04-24T11:27:07,428  INFO [LocalJobRunner Map Task Executor #0] output.FileOutputCommitter: Saved output of task 'attempt_local1533911921_0001_m_000000_0' to file:/home/alex/Repositories/hive/hcatalog/hcatalog-pig-adapter/build/test/data/org.apache.hive.hcatalog.mapreduce.HCatBaseTest-1713983215978/warehouse/junit_parted_date/_DYN0.38230650349611517/dt=2016-07-14 15%3A10%3A15
2024-04-24T11:27:07,428  INFO [LocalJobRunner Map Task Executor #0] mapreduce.DynamicPartitionFileRecordWriterContainer: Committing task-attempt for file:/home/alex/Repositories/hive/hcatalog/hcatalog-pig-adapter/build/test/data/org.apache.hive.hcatalog.mapreduce.HCatBaseTest-1713983215978/warehouse/junit_parted_date/_DYN0.38230650349611517/dt=2016-07-15 18%3A54%3A55
2024-04-24T11:27:07,428  INFO [JobControl] common.HCatUtil: mapreduce.lib.hcatoutput.hive.conf is set. Applying configuration differences.
2024-04-24T11:27:07,429  INFO [JobControl] HiveMetaStore.audit: ugi=alex	ip=unknown-ip-addr	cmd=get_databases: @hive#NonExistentDatabaseUsedForHealthCheck	
2024-04-24T11:27:07,431  INFO [LocalJobRunner Map Task Executor #0] output.FileOutputCommitter: Saved output of task 'attempt_local1533911921_0001_m_000000_0' to file:/home/alex/Repositories/hive/hcatalog/hcatalog-pig-adapter/build/test/data/org.apache.hive.hcatalog.mapreduce.HCatBaseTest-1713983215978/warehouse/junit_parted_date/_DYN0.38230650349611517/dt=2016-07-15 18%3A54%3A55
2024-04-24T11:27:07,431  INFO [LocalJobRunner Map Task Executor #0] mapreduce.TaskCommitContextRegistry: Discarding all cleanup for TaskAttemptID:attempt_local1533911921_0001_m_000000_0@file:/home/alex/Repositories/hive/hcatalog/hcatalog-pig-adapter/build/test/data/org.apache.hive.hcatalog.mapreduce.HCatBaseTest-1713983215978/warehouse/junit_parted_date/_DYN0.38230650349611517/dt=__HIVE_DEFAULT_PARTITION__
2024-04-24T11:27:07,432  INFO [LocalJobRunner Map Task Executor #0] mapred.LocalJobRunner: map
2024-04-24T11:27:07,432  INFO [LocalJobRunner Map Task Executor #0] mapred.Task: Task 'attempt_local1533911921_0001_m_000000_0' done.
2024-04-24T11:27:07,434  INFO [LocalJobRunner Map Task Executor #0] mapred.Task: Final Counters for attempt_local1533911921_0001_m_000000_0: Counters: 15
	File System Counters
		FILE: Number of bytes read=1600
		FILE: Number of bytes written=611126
		FILE: Number of read operations=0
		FILE: Number of large read operations=0
		FILE: Number of write operations=0
	Map-Reduce Framework
		Map input records=2
		Map output records=2
		Input split bytes=494
		Spilled Records=0
		Failed Shuffles=0
		Merged Map outputs=0
		GC time elapsed (ms)=0
		Total committed heap usage (bytes)=920649728
	File Input Format Counters 
		Bytes Read=0
	File Output Format Counters 
		Bytes Written=0
2024-04-24T11:27:07,434  INFO [LocalJobRunner Map Task Executor #0] mapred.LocalJobRunner: Finishing task: attempt_local1533911921_0001_m_000000_0
2024-04-24T11:27:07,435  INFO [Thread-83] mapred.LocalJobRunner: map task executor complete.
2024-04-24T11:27:07,438  WARN [JobControl] mapreduce.JobResourceUploader: Hadoop command-line option parsing not performed. Implement the Tool interface and execute your application with ToolRunner to remedy this.
2024-04-24T11:27:07,444  WARN [JobControl] mapreduce.JobResourceUploader: No job jar file set.  User classes may not be found. See Job or Job#setJar(String).
2024-04-24T11:27:07,446  INFO [JobControl] builtin.PigStorage: Using PigTextInputFormat
2024-04-24T11:27:07,448  INFO [JobControl] input.FileInputFormat: Total input files to process : 1
2024-04-24T11:27:07,448  INFO [JobControl] util.MapRedUtil: Total input paths to process : 1
2024-04-24T11:27:07,448  INFO [JobControl] util.MapRedUtil: Total input paths (combined) to process : 1
2024-04-24T11:27:07,451  INFO [Thread-83] output.FileOutputCommitter: File Output Committer Algorithm version is 2
2024-04-24T11:27:07,451  INFO [Thread-83] output.FileOutputCommitter: FileOutputCommitter skip cleanup _temporary folders under output directory:false, ignore cleanup failures: false
2024-04-24T11:27:07,458  INFO [Thread-83] output.FileOutputCommitter: File Output Committer Algorithm version is 2
2024-04-24T11:27:07,458  INFO [Thread-83] output.FileOutputCommitter: FileOutputCommitter skip cleanup _temporary folders under output directory:false, ignore cleanup failures: false
2024-04-24T11:27:07,470  INFO [JobControl] mapreduce.JobSubmitter: number of splits:1
2024-04-24T11:27:07,485  INFO [JobControl] mapreduce.JobSubmitter: Submitting tokens for job: job_local1346221963_0002
2024-04-24T11:27:07,485  INFO [JobControl] mapreduce.JobSubmitter: Executing with tokens: []
2024-04-24T11:27:07,539  WARN [Thread-83] conf.HiveConf: HiveConf of name hive.metastore.metadb.dir does not exist
2024-04-24T11:27:07,540  WARN [Thread-83] conf.HiveConf: HiveConf of name hive.dummyparam.test.server.specific.config.override does not exist
2024-04-24T11:27:07,540  WARN [Thread-83] conf.HiveConf: HiveConf of name hive.metastore.client.cache.maxSize does not exist
2024-04-24T11:27:07,540  WARN [Thread-83] conf.HiveConf: HiveConf of name hive.dummyparam.test.server.specific.config.hivesite does not exist
2024-04-24T11:27:07,540  WARN [Thread-83] conf.HiveConf: HiveConf of name hive.dummyparam.test.server.specific.config.metastoresite does not exist
2024-04-24T11:27:07,540  WARN [Thread-83] conf.HiveConf: HiveConf of name hive.stats.key.prefix.reserve.length does not exist
2024-04-24T11:27:07,540  WARN [Thread-83] conf.HiveConf: HiveConf of name hive.metastore.client.cache.recordStats does not exist
2024-04-24T11:27:07,540  WARN [Thread-83] conf.HiveConf: HiveConf of name hive.llap.io.cache.orc.arena.size does not exist
2024-04-24T11:27:07,540  WARN [Thread-83] conf.HiveConf: HiveConf of name hive.llap.io.cache.orc.alloc.min does not exist
2024-04-24T11:27:07,540  WARN [Thread-83] conf.HiveConf: HiveConf of name hive.llap.io.cache.orc.size does not exist
2024-04-24T11:27:07,540  WARN [Thread-83] conf.HiveConf: HiveConf of name hive.llap.io.cache.orc.alloc.max does not exist
2024-04-24T11:27:07,541  INFO [Thread-83] common.HCatUtil: mapreduce.lib.hcatoutput.hive.conf is set. Applying configuration differences.
2024-04-24T11:27:07,543  INFO [Thread-83] metastore.HiveMetaStoreClient: HMS client filtering is enabled.
2024-04-24T11:27:07,544  INFO [Thread-83] metastore.HMSHandler: 3: Opening raw store with implementation class:org.apache.hadoop.hive.metastore.ObjectStore
2024-04-24T11:27:07,544  INFO [Thread-83] metastore.PersistenceManagerProvider: Configuration datanucleus.autoStartMechanismMode is not set. Defaulting to 'ignored'
2024-04-24T11:27:07,545  INFO [Thread-83] metastore.ObjectStore: RawStore: org.apache.hadoop.hive.metastore.ObjectStore@7ce76d42, with PersistenceManager: null will be shutdown
2024-04-24T11:27:07,545  INFO [Thread-83] metastore.ObjectStore: RawStore: org.apache.hadoop.hive.metastore.ObjectStore@7ce76d42, with PersistenceManager: org.datanucleus.api.jdo.JDOPersistenceManager@49f1a7e4 created in the thread with id: 111
2024-04-24T11:27:07,550  INFO [Thread-83] metastore.HMSHandler: Created RawStore: org.apache.hadoop.hive.metastore.ObjectStore@7ce76d42 from thread id: 111
2024-04-24T11:27:07,550  INFO [Thread-83] metastore.HMSHandler: HMS server filtering is disabled by configuration
2024-04-24T11:27:07,550  INFO [Thread-83] metastore.RetryingMetaStoreClient: RetryingMetaStoreClient proxy=class org.apache.hive.hcatalog.common.HiveClientCache$CacheableHiveMetaStoreClient ugi=alex (auth:SIMPLE) retries=1 delay=1 lifetime=0
2024-04-24T11:27:07,551  INFO [Thread-83] HiveMetaStore.audit: ugi=alex	ip=unknown-ip-addr	cmd=get_databases: @hive#NonExistentDatabaseUsedForHealthCheck	
2024-04-24T11:27:07,553  INFO [JobControl] mapreduce.Job: The url to track the job: http://localhost:8080/
2024-04-24T11:27:07,553  INFO [main] mapReduceLayer.MapReduceLauncher: HadoopJobId: job_local1346221963_0002
2024-04-24T11:27:07,554  INFO [main] mapReduceLayer.MapReduceLauncher: Processing aliases A,B,B2,C,C2
2024-04-24T11:27:07,554  INFO [Thread-127] mapred.LocalJobRunner: OutputCommitter set in config null
2024-04-24T11:27:07,554  INFO [main] mapReduceLayer.MapReduceLauncher: detailed locations: M: A[1,4],A[-1,-1],B2[6,5],B[5,4],C2[9,5],C[8,4] C:  R: 
2024-04-24T11:27:07,555  WARN [JobControl] impl.MetricsSystemImpl: JobTracker metrics system already initialized!
2024-04-24T11:27:07,562  INFO [Thread-127] output.FileOutputCommitter: File Output Committer Algorithm version is 2
2024-04-24T11:27:07,562  INFO [Thread-127] output.FileOutputCommitter: FileOutputCommitter skip cleanup _temporary folders under output directory:false, ignore cleanup failures: false
2024-04-24T11:27:07,567  INFO [Thread-127] output.FileOutputCommitter: File Output Committer Algorithm version is 2
2024-04-24T11:27:07,567  INFO [Thread-127] output.FileOutputCommitter: FileOutputCommitter skip cleanup _temporary folders under output directory:false, ignore cleanup failures: false
2024-04-24T11:27:07,571  INFO [Thread-127] output.FileOutputCommitter: File Output Committer Algorithm version is 2
2024-04-24T11:27:07,572  INFO [Thread-127] output.FileOutputCommitter: FileOutputCommitter skip cleanup _temporary folders under output directory:false, ignore cleanup failures: false
2024-04-24T11:27:07,577  INFO [Thread-127] output.FileOutputCommitter: File Output Committer Algorithm version is 2
2024-04-24T11:27:07,577  INFO [Thread-127] output.FileOutputCommitter: FileOutputCommitter skip cleanup _temporary folders under output directory:false, ignore cleanup failures: false
2024-04-24T11:27:07,581  INFO [Thread-127] output.FileOutputCommitter: File Output Committer Algorithm version is 2
2024-04-24T11:27:07,581  INFO [Thread-127] output.FileOutputCommitter: FileOutputCommitter skip cleanup _temporary folders under output directory:false, ignore cleanup failures: false
2024-04-24T11:27:07,583  INFO [Thread-127] mapred.LocalJobRunner: OutputCommitter is org.apache.pig.backend.hadoop.executionengine.mapReduceLayer.PigOutputCommitter
2024-04-24T11:27:07,587  INFO [Thread-127] output.FileOutputCommitter: File Output Committer Algorithm version is 2
2024-04-24T11:27:07,587  INFO [Thread-127] output.FileOutputCommitter: FileOutputCommitter skip cleanup _temporary folders under output directory:false, ignore cleanup failures: false
2024-04-24T11:27:07,593  WARN [JobControl] conf.HiveConf: HiveConf of name hive.dummyparam.test.server.specific.config.metastoresite does not exist
2024-04-24T11:27:07,593  WARN [JobControl] conf.HiveConf: HiveConf of name hive.stats.key.prefix.reserve.length does not exist
2024-04-24T11:27:07,593  WARN [JobControl] conf.HiveConf: HiveConf of name hive.llap.io.cache.orc.alloc.min does not exist
2024-04-24T11:27:07,593  WARN [JobControl] conf.HiveConf: HiveConf of name hive.dummyparam.test.server.specific.config.override does not exist
2024-04-24T11:27:07,593  WARN [JobControl] conf.HiveConf: HiveConf of name hive.llap.io.cache.orc.arena.size does not exist
2024-04-24T11:27:07,593  WARN [JobControl] conf.HiveConf: HiveConf of name hive.dummyparam.test.server.specific.config.hivesite does not exist
2024-04-24T11:27:07,594  WARN [JobControl] conf.HiveConf: HiveConf of name hive.llap.io.cache.orc.size does not exist
2024-04-24T11:27:07,594  WARN [JobControl] conf.HiveConf: HiveConf of name hive.metastore.metadb.dir does not exist
2024-04-24T11:27:07,594  WARN [JobControl] conf.HiveConf: HiveConf of name hive.metastore.client.cache.recordStats does not exist
2024-04-24T11:27:07,594  WARN [JobControl] conf.HiveConf: HiveConf of name hive.metastore.client.cache.maxSize does not exist
2024-04-24T11:27:07,594  WARN [JobControl] conf.HiveConf: HiveConf of name hive.llap.io.cache.orc.alloc.max does not exist
2024-04-24T11:27:07,595  INFO [JobControl] common.HCatUtil: mapreduce.lib.hcatoutput.hive.conf is set. Applying configuration differences.
2024-04-24T11:27:07,596  INFO [JobControl] HiveMetaStore.audit: ugi=alex	ip=unknown-ip-addr	cmd=get_databases: @hive#NonExistentDatabaseUsedForHealthCheck	
2024-04-24T11:27:07,600  INFO [Thread-127] output.FileOutputCommitter: File Output Committer Algorithm version is 2
2024-04-24T11:27:07,600  INFO [Thread-127] output.FileOutputCommitter: FileOutputCommitter skip cleanup _temporary folders under output directory:false, ignore cleanup failures: false
2024-04-24T11:27:07,607  WARN [JobControl] mapreduce.JobResourceUploader: Hadoop command-line option parsing not performed. Implement the Tool interface and execute your application with ToolRunner to remedy this.
2024-04-24T11:27:07,612  INFO [Thread-127] output.FileOutputCommitter: File Output Committer Algorithm version is 2
2024-04-24T11:27:07,612  INFO [Thread-127] output.FileOutputCommitter: FileOutputCommitter skip cleanup _temporary folders under output directory:false, ignore cleanup failures: false
2024-04-24T11:27:07,615  WARN [JobControl] mapreduce.JobResourceUploader: No job jar file set.  User classes may not be found. See Job or Job#setJar(String).
2024-04-24T11:27:07,617  INFO [JobControl] builtin.PigStorage: Using PigTextInputFormat
2024-04-24T11:27:07,619  INFO [JobControl] input.FileInputFormat: Total input files to process : 1
2024-04-24T11:27:07,619  INFO [JobControl] util.MapRedUtil: Total input paths to process : 1
2024-04-24T11:27:07,619  INFO [JobControl] util.MapRedUtil: Total input paths (combined) to process : 1
2024-04-24T11:27:07,623  WARN [Thread-83] conf.HiveConf: HiveConf of name hive.dummyparam.test.server.specific.config.metastoresite does not exist
2024-04-24T11:27:07,624  WARN [Thread-83] conf.HiveConf: HiveConf of name hive.metastore.metadb.dir does not exist
2024-04-24T11:27:07,624  WARN [Thread-83] conf.HiveConf: HiveConf of name hive.llap.io.cache.orc.alloc.max does not exist
2024-04-24T11:27:07,624  WARN [Thread-83] conf.HiveConf: HiveConf of name hive.metastore.client.cache.maxSize does not exist
2024-04-24T11:27:07,624  WARN [Thread-83] conf.HiveConf: HiveConf of name hive.llap.io.cache.orc.alloc.min does not exist
2024-04-24T11:27:07,624  WARN [Thread-83] conf.HiveConf: HiveConf of name hive.dummyparam.test.server.specific.config.override does not exist
2024-04-24T11:27:07,624  WARN [Thread-83] conf.HiveConf: HiveConf of name hive.stats.key.prefix.reserve.length does not exist
2024-04-24T11:27:07,624  WARN [Thread-83] conf.HiveConf: HiveConf of name hive.llap.io.cache.orc.arena.size does not exist
2024-04-24T11:27:07,624  WARN [Thread-83] conf.HiveConf: HiveConf of name hive.llap.io.cache.orc.size does not exist
2024-04-24T11:27:07,624  WARN [Thread-83] conf.HiveConf: HiveConf of name hive.metastore.client.cache.recordStats does not exist
2024-04-24T11:27:07,624  WARN [Thread-83] conf.HiveConf: HiveConf of name hive.dummyparam.test.server.specific.config.hivesite does not exist
2024-04-24T11:27:07,625  INFO [Thread-83] mapreduce.FileOutputCommitterContainer: HAR not is not being used. The table junit_parted_date has new partitions [{dt=2016-07-14 15:10:15}, {dt=2016-07-15 18:54:55}].
2024-04-24T11:27:07,626  INFO [Thread-127] output.FileOutputCommitter: File Output Committer Algorithm version is 2
2024-04-24T11:27:07,626  INFO [Thread-127] output.FileOutputCommitter: FileOutputCommitter skip cleanup _temporary folders under output directory:false, ignore cleanup failures: false
2024-04-24T11:27:07,641  INFO [Thread-127] output.FileOutputCommitter: File Output Committer Algorithm version is 2
2024-04-24T11:27:07,641  INFO [Thread-127] output.FileOutputCommitter: FileOutputCommitter skip cleanup _temporary folders under output directory:false, ignore cleanup failures: false
2024-04-24T11:27:07,660  INFO [JobControl] mapreduce.JobSubmitter: number of splits:1
2024-04-24T11:27:07,675  INFO [Thread-127] mapred.LocalJobRunner: Waiting for map tasks
2024-04-24T11:27:07,675  INFO [LocalJobRunner Map Task Executor #0] mapred.LocalJobRunner: Starting task: attempt_local1346221963_0002_m_000000_0
2024-04-24T11:27:07,689  INFO [LocalJobRunner Map Task Executor #0] output.FileOutputCommitter: File Output Committer Algorithm version is 2
2024-04-24T11:27:07,689  INFO [LocalJobRunner Map Task Executor #0] output.FileOutputCommitter: FileOutputCommitter skip cleanup _temporary folders under output directory:false, ignore cleanup failures: false
2024-04-24T11:27:07,689  INFO [JobControl] mapreduce.JobSubmitter: Submitting tokens for job: job_local56531673_0003
2024-04-24T11:27:07,689  INFO [JobControl] mapreduce.JobSubmitter: Executing with tokens: []
2024-04-24T11:27:07,698  INFO [LocalJobRunner Map Task Executor #0] output.FileOutputCommitter: File Output Committer Algorithm version is 2
2024-04-24T11:27:07,698  INFO [LocalJobRunner Map Task Executor #0] output.FileOutputCommitter: FileOutputCommitter skip cleanup _temporary folders under output directory:false, ignore cleanup failures: false
2024-04-24T11:27:07,706  INFO [LocalJobRunner Map Task Executor #0] output.FileOutputCommitter: File Output Committer Algorithm version is 2
2024-04-24T11:27:07,706  INFO [LocalJobRunner Map Task Executor #0] output.FileOutputCommitter: FileOutputCommitter skip cleanup _temporary folders under output directory:false, ignore cleanup failures: false
2024-04-24T11:27:07,708  INFO [Thread-83] HiveMetaStore.audit: ugi=alex	ip=unknown-ip-addr	cmd=add_partition	
2024-04-24T11:27:07,708  INFO [Thread-83] HiveMetaStore.audit: ugi=alex	ip=unknown-ip-addr	cmd=add_partitions	
2024-04-24T11:27:07,719  INFO [LocalJobRunner Map Task Executor #0] output.FileOutputCommitter: File Output Committer Algorithm version is 2
2024-04-24T11:27:07,719  INFO [LocalJobRunner Map Task Executor #0] output.FileOutputCommitter: FileOutputCommitter skip cleanup _temporary folders under output directory:false, ignore cleanup failures: false
2024-04-24T11:27:07,728  INFO [LocalJobRunner Map Task Executor #0] output.FileOutputCommitter: File Output Committer Algorithm version is 2
2024-04-24T11:27:07,728  INFO [LocalJobRunner Map Task Executor #0] output.FileOutputCommitter: FileOutputCommitter skip cleanup _temporary folders under output directory:false, ignore cleanup failures: false
2024-04-24T11:27:07,735  INFO [LocalJobRunner Map Task Executor #0] output.FileOutputCommitter: File Output Committer Algorithm version is 2
2024-04-24T11:27:07,735  INFO [LocalJobRunner Map Task Executor #0] output.FileOutputCommitter: FileOutputCommitter skip cleanup _temporary folders under output directory:false, ignore cleanup failures: false
2024-04-24T11:27:07,741  INFO [LocalJobRunner Map Task Executor #0] output.FileOutputCommitter: File Output Committer Algorithm version is 2
2024-04-24T11:27:07,741  INFO [LocalJobRunner Map Task Executor #0] output.FileOutputCommitter: FileOutputCommitter skip cleanup _temporary folders under output directory:false, ignore cleanup failures: false
2024-04-24T11:27:07,744  INFO [LocalJobRunner Map Task Executor #0] output.FileOutputCommitter: File Output Committer Algorithm version is 2
2024-04-24T11:27:07,744  INFO [LocalJobRunner Map Task Executor #0] output.FileOutputCommitter: FileOutputCommitter skip cleanup _temporary folders under output directory:false, ignore cleanup failures: false
2024-04-24T11:27:07,746  INFO [LocalJobRunner Map Task Executor #0] output.FileOutputCommitter: File Output Committer Algorithm version is 2
2024-04-24T11:27:07,747  INFO [LocalJobRunner Map Task Executor #0] output.FileOutputCommitter: FileOutputCommitter skip cleanup _temporary folders under output directory:false, ignore cleanup failures: false
2024-04-24T11:27:07,749  INFO [LocalJobRunner Map Task Executor #0] output.FileOutputCommitter: File Output Committer Algorithm version is 2
2024-04-24T11:27:07,749  INFO [LocalJobRunner Map Task Executor #0] output.FileOutputCommitter: FileOutputCommitter skip cleanup _temporary folders under output directory:false, ignore cleanup failures: false
2024-04-24T11:27:07,750  INFO [LocalJobRunner Map Task Executor #0] mapred.Task:  Using ResourceCalculatorProcessTree : [ ]
2024-04-24T11:27:07,751  INFO [LocalJobRunner Map Task Executor #0] mapred.MapTask: Processing split: Number of splits :1
Total Length = 54
Input split[0]:
   Length = 54
   ClassName: org.apache.hadoop.mapreduce.lib.input.FileSplit
   Locations:

-----------------------

2024-04-24T11:27:07,752  INFO [LocalJobRunner Map Task Executor #0] builtin.PigStorage: Using PigTextInputFormat
2024-04-24T11:27:07,753  INFO [LocalJobRunner Map Task Executor #0] mapReduceLayer.PigRecordReader: Current split being processed file:/home/alex/Repositories/hive/hcatalog/hcatalog-pig-adapter/build/test/data/org.apache.hive.hcatalog.mapreduce.HCatBaseTest-1713983215978/basic.input.data:0+54
2024-04-24T11:27:07,755  INFO [HMSHandler #0] utils.MetaStoreServerUtils: Updating partition stats fast for: junit_parted_date
2024-04-24T11:27:07,755  INFO [LocalJobRunner Map Task Executor #0] util.SpillableMemoryManager: Selected heap (PS Old Gen) of size 1431830528 to monitor. collectionUsageThreshold = 1064828928, usageThreshold = 1064828928
2024-04-24T11:27:07,755  WARN [LocalJobRunner Map Task Executor #0] data.SchemaTupleBackend: SchemaTupleBackend has already been initialized
2024-04-24T11:27:07,756  INFO [HMSHandler #0] utils.MetaStoreServerUtils: Updated size to 85
2024-04-24T11:27:07,757  INFO [HMSHandler #1] utils.MetaStoreServerUtils: Updating partition stats fast for: junit_parted_date
2024-04-24T11:27:07,758  INFO [HMSHandler #1] utils.MetaStoreServerUtils: Updated size to 84
2024-04-24T11:27:07,759  INFO [LocalJobRunner Map Task Executor #0] mapReduceLayer.PigMapOnly$Map: Aliases being processed per job phase (AliasName[line,offset]): M: A[1,4],A[-1,-1],B2[6,5],B[5,4],C2[9,5],C[8,4] C:  R: 
2024-04-24T11:27:07,764  INFO [LocalJobRunner Map Task Executor #0] output.FileOutputCommitter: File Output Committer Algorithm version is 2
2024-04-24T11:27:07,764  INFO [LocalJobRunner Map Task Executor #0] output.FileOutputCommitter: FileOutputCommitter skip cleanup _temporary folders under output directory:false, ignore cleanup failures: false
2024-04-24T11:27:07,773  INFO [JobControl] mapreduce.Job: The url to track the job: http://localhost:8080/
2024-04-24T11:27:07,774  INFO [main] mapReduceLayer.MapReduceLauncher: HadoopJobId: job_local56531673_0003
2024-04-24T11:27:07,774  INFO [Thread-173] mapred.LocalJobRunner: OutputCommitter set in config null
2024-04-24T11:27:07,774  INFO [main] mapReduceLayer.MapReduceLauncher: Processing aliases D
2024-04-24T11:27:07,774  INFO [main] mapReduceLayer.MapReduceLauncher: detailed locations: M: D[11,4],D[-1,-1] C:  R: 
2024-04-24T11:27:07,789  INFO [main] mapReduceLayer.MapReduceLauncher: 16% complete
2024-04-24T11:27:07,789  INFO [main] mapReduceLayer.MapReduceLauncher: Running jobs are [job_local1533911921_0001,job_local1346221963_0002,job_local56531673_0003]
2024-04-24T11:27:07,791  INFO [Thread-173] output.FileOutputCommitter: File Output Committer Algorithm version is 2
2024-04-24T11:27:07,791  INFO [Thread-173] output.FileOutputCommitter: FileOutputCommitter skip cleanup _temporary folders under output directory:false, ignore cleanup failures: false
2024-04-24T11:27:07,793  INFO [Thread-173] mapred.LocalJobRunner: OutputCommitter is org.apache.pig.backend.hadoop.executionengine.mapReduceLayer.PigOutputCommitter
2024-04-24T11:27:07,796  INFO [Thread-173] output.FileOutputCommitter: File Output Committer Algorithm version is 2
2024-04-24T11:27:07,796  INFO [Thread-173] output.FileOutputCommitter: FileOutputCommitter skip cleanup _temporary folders under output directory:false, ignore cleanup failures: false
2024-04-24T11:27:07,800  INFO [LocalJobRunner Map Task Executor #0] output.FileOutputCommitter: File Output Committer Algorithm version is 2
2024-04-24T11:27:07,800  INFO [LocalJobRunner Map Task Executor #0] output.FileOutputCommitter: FileOutputCommitter skip cleanup _temporary folders under output directory:false, ignore cleanup failures: false
2024-04-24T11:27:07,806  INFO [Thread-173] mapred.LocalJobRunner: Waiting for map tasks
2024-04-24T11:27:07,806  INFO [LocalJobRunner Map Task Executor #0] mapred.LocalJobRunner: Starting task: attempt_local56531673_0003_m_000000_0
2024-04-24T11:27:07,819  INFO [LocalJobRunner Map Task Executor #0] output.FileOutputCommitter: File Output Committer Algorithm version is 2
2024-04-24T11:27:07,819  INFO [LocalJobRunner Map Task Executor #0] output.FileOutputCommitter: FileOutputCommitter skip cleanup _temporary folders under output directory:false, ignore cleanup failures: false
2024-04-24T11:27:07,820  INFO [LocalJobRunner Map Task Executor #0] output.FileOutputCommitter: File Output Committer Algorithm version is 2
2024-04-24T11:27:07,820  INFO [LocalJobRunner Map Task Executor #0] output.FileOutputCommitter: FileOutputCommitter skip cleanup _temporary folders under output directory:false, ignore cleanup failures: false
2024-04-24T11:27:07,826  INFO [LocalJobRunner Map Task Executor #0] output.FileOutputCommitter: File Output Committer Algorithm version is 2
2024-04-24T11:27:07,826  INFO [LocalJobRunner Map Task Executor #0] output.FileOutputCommitter: FileOutputCommitter skip cleanup _temporary folders under output directory:false, ignore cleanup failures: false
2024-04-24T11:27:07,827  INFO [LocalJobRunner Map Task Executor #0] mapred.Task:  Using ResourceCalculatorProcessTree : [ ]
2024-04-24T11:27:07,828  INFO [LocalJobRunner Map Task Executor #0] mapred.MapTask: Processing split: Number of splits :1
Total Length = 342
Input split[0]:
   Length = 342
   ClassName: org.apache.hadoop.mapreduce.lib.input.FileSplit
   Locations:

-----------------------

2024-04-24T11:27:07,831  INFO [LocalJobRunner Map Task Executor #0] builtin.PigStorage: Using PigTextInputFormat
2024-04-24T11:27:07,831  INFO [LocalJobRunner Map Task Executor #0] mapReduceLayer.PigRecordReader: Current split being processed file:/home/alex/Repositories/hive/hcatalog/hcatalog-pig-adapter/build/test/data/org.apache.hive.hcatalog.mapreduce.HCatBaseTest-1713983215978/complex.input.data:0+342
2024-04-24T11:27:07,838  INFO [LocalJobRunner Map Task Executor #0] output.FileOutputCommitter: File Output Committer Algorithm version is 2
2024-04-24T11:27:07,838  INFO [LocalJobRunner Map Task Executor #0] output.FileOutputCommitter: FileOutputCommitter skip cleanup _temporary folders under output directory:false, ignore cleanup failures: false
2024-04-24T11:27:07,844  INFO [LocalJobRunner Map Task Executor #0] output.FileOutputCommitter: File Output Committer Algorithm version is 2
2024-04-24T11:27:07,844  INFO [LocalJobRunner Map Task Executor #0] output.FileOutputCommitter: FileOutputCommitter skip cleanup _temporary folders under output directory:false, ignore cleanup failures: false
2024-04-24T11:27:07,860  INFO [LocalJobRunner Map Task Executor #0] util.SpillableMemoryManager: Selected heap (PS Old Gen) of size 1431830528 to monitor. collectionUsageThreshold = 1064828928, usageThreshold = 1064828928
2024-04-24T11:27:07,860  WARN [LocalJobRunner Map Task Executor #0] data.SchemaTupleBackend: SchemaTupleBackend has already been initialized
2024-04-24T11:27:07,863  INFO [LocalJobRunner Map Task Executor #0] mapReduceLayer.PigMapOnly$Map: Aliases being processed per job phase (AliasName[line,offset]): M: D[11,4],D[-1,-1] C:  R: 
2024-04-24T11:27:07,867  INFO [LocalJobRunner Map Task Executor #0] output.FileOutputCommitter: File Output Committer Algorithm version is 2
2024-04-24T11:27:07,867  INFO [LocalJobRunner Map Task Executor #0] output.FileOutputCommitter: FileOutputCommitter skip cleanup _temporary folders under output directory:false, ignore cleanup failures: false
2024-04-24T11:27:07,869  INFO [LocalJobRunner Map Task Executor #0] mapred.LocalJobRunner: 
2024-04-24T11:27:07,870  INFO [LocalJobRunner Map Task Executor #0] io.RCFile: Column#0 : Plain Total Column Value Length: 23,  Compr Total Column Value Length: 23
2024-04-24T11:27:07,870  INFO [LocalJobRunner Map Task Executor #0] io.RCFile: Column#1 : Plain Total Column Value Length: 6,  Compr Total Column Value Length: 6
2024-04-24T11:27:07,870  INFO [LocalJobRunner Map Task Executor #0] io.RCFile: Column#2 : Plain Total Column Value Length: 74,  Compr Total Column Value Length: 74
2024-04-24T11:27:07,870  INFO [LocalJobRunner Map Task Executor #0] io.RCFile: Column#3 : Plain Total Column Value Length: 53,  Compr Total Column Value Length: 53
2024-04-24T11:27:07,870  INFO [LocalJobRunner Map Task Executor #0] io.RCFile: Column#4 : Plain Total Column Value Length: 64,  Compr Total Column Value Length: 64
2024-04-24T11:27:07,870  INFO [LocalJobRunner Map Task Executor #0] io.RCFile: Column#5 : Plain Total Column Value Length: 78,  Compr Total Column Value Length: 78
2024-04-24T11:27:07,871  INFO [LocalJobRunner Map Task Executor #0] mapred.Task: Task:attempt_local56531673_0003_m_000000_0 is done. And is in the process of committing
2024-04-24T11:27:07,873  INFO [LocalJobRunner Map Task Executor #0] output.FileOutputCommitter: File Output Committer Algorithm version is 2
2024-04-24T11:27:07,873  INFO [LocalJobRunner Map Task Executor #0] output.FileOutputCommitter: FileOutputCommitter skip cleanup _temporary folders under output directory:false, ignore cleanup failures: false
2024-04-24T11:27:07,875  INFO [LocalJobRunner Map Task Executor #0] mapred.LocalJobRunner: 
2024-04-24T11:27:07,876  INFO [LocalJobRunner Map Task Executor #0] mapred.Task: Task attempt_local56531673_0003_m_000000_0 is allowed to commit now
2024-04-24T11:27:07,878  INFO [LocalJobRunner Map Task Executor #0] output.FileOutputCommitter: File Output Committer Algorithm version is 2
2024-04-24T11:27:07,878  INFO [LocalJobRunner Map Task Executor #0] output.FileOutputCommitter: FileOutputCommitter skip cleanup _temporary folders under output directory:false, ignore cleanup failures: false
2024-04-24T11:27:07,881  INFO [LocalJobRunner Map Task Executor #0] output.FileOutputCommitter: Saved output of task 'attempt_local56531673_0003_m_000000_0' to file:/home/alex/Repositories/hive/hcatalog/hcatalog-pig-adapter/build/test/data/org.apache.hive.hcatalog.mapreduce.HCatBaseTest-1713983215978/warehouse/junit_unparted_complex/_SCRATCH0,4676883589409584
2024-04-24T11:27:07,882  INFO [LocalJobRunner Map Task Executor #0] mapred.LocalJobRunner: map
2024-04-24T11:27:07,882  INFO [LocalJobRunner Map Task Executor #0] mapred.Task: Task 'attempt_local56531673_0003_m_000000_0' done.
2024-04-24T11:27:07,883  INFO [LocalJobRunner Map Task Executor #0] mapred.Task: Final Counters for attempt_local56531673_0003_m_000000_0: Counters: 15
	File System Counters
		FILE: Number of bytes read=3289
		FILE: Number of bytes written=1846494
		FILE: Number of read operations=0
		FILE: Number of large read operations=0
		FILE: Number of write operations=0
	Map-Reduce Framework
		Map input records=2
		Map output records=2
		Input split bytes=488
		Spilled Records=0
		Failed Shuffles=0
		Merged Map outputs=0
		GC time elapsed (ms)=0
		Total committed heap usage (bytes)=923271168
	File Input Format Counters 
		Bytes Read=0
	File Output Format Counters 
		Bytes Written=0
2024-04-24T11:27:07,883  INFO [LocalJobRunner Map Task Executor #0] mapred.LocalJobRunner: Finishing task: attempt_local56531673_0003_m_000000_0
2024-04-24T11:27:07,883  INFO [Thread-173] mapred.LocalJobRunner: map task executor complete.
2024-04-24T11:27:07,890  INFO [LocalJobRunner Map Task Executor #0] io.RCFile: Column#0 : Plain Total Column Value Length: 9,  Compr Total Column Value Length: 9
2024-04-24T11:27:07,890  INFO [LocalJobRunner Map Task Executor #0] io.RCFile: Column#1 : Plain Total Column Value Length: 27,  Compr Total Column Value Length: 27
2024-04-24T11:27:07,890  INFO [LocalJobRunner Map Task Executor #0] io.RCFile: Column#0 : Plain Total Column Value Length: 9,  Compr Total Column Value Length: 9
2024-04-24T11:27:07,890  INFO [LocalJobRunner Map Task Executor #0] io.RCFile: Column#1 : Plain Total Column Value Length: 27,  Compr Total Column Value Length: 27
2024-04-24T11:27:07,890  INFO [LocalJobRunner Map Task Executor #0] io.RCFile: Column#0 : Plain Total Column Value Length: 9,  Compr Total Column Value Length: 9
2024-04-24T11:27:07,890  INFO [LocalJobRunner Map Task Executor #0] io.RCFile: Column#1 : Plain Total Column Value Length: 27,  Compr Total Column Value Length: 27
2024-04-24T11:27:07,890  INFO [LocalJobRunner Map Task Executor #0] io.RCFile: Column#0 : Plain Total Column Value Length: 3,  Compr Total Column Value Length: 3
2024-04-24T11:27:07,890  INFO [LocalJobRunner Map Task Executor #0] io.RCFile: Column#1 : Plain Total Column Value Length: 9,  Compr Total Column Value Length: 9
2024-04-24T11:27:07,890  INFO [LocalJobRunner Map Task Executor #0] io.RCFile: Column#0 : Plain Total Column Value Length: 6,  Compr Total Column Value Length: 6
2024-04-24T11:27:07,890  INFO [LocalJobRunner Map Task Executor #0] io.RCFile: Column#1 : Plain Total Column Value Length: 18,  Compr Total Column Value Length: 18
2024-04-24T11:27:07,891  INFO [LocalJobRunner Map Task Executor #0] mapred.LocalJobRunner: 
2024-04-24T11:27:07,891  INFO [LocalJobRunner Map Task Executor #0] mapred.Task: Task:attempt_local1346221963_0002_m_000000_0 is done. And is in the process of committing
2024-04-24T11:27:07,894  INFO [LocalJobRunner Map Task Executor #0] output.FileOutputCommitter: File Output Committer Algorithm version is 2
2024-04-24T11:27:07,894  INFO [LocalJobRunner Map Task Executor #0] output.FileOutputCommitter: FileOutputCommitter skip cleanup _temporary folders under output directory:false, ignore cleanup failures: false
2024-04-24T11:27:07,904  INFO [LocalJobRunner Map Task Executor #0] mapred.LocalJobRunner: 
2024-04-24T11:27:07,904  INFO [LocalJobRunner Map Task Executor #0] mapred.Task: Task attempt_local1346221963_0002_m_000000_0 is allowed to commit now
2024-04-24T11:27:07,907  INFO [LocalJobRunner Map Task Executor #0] output.FileOutputCommitter: File Output Committer Algorithm version is 2
2024-04-24T11:27:07,907  INFO [LocalJobRunner Map Task Executor #0] output.FileOutputCommitter: FileOutputCommitter skip cleanup _temporary folders under output directory:false, ignore cleanup failures: false
2024-04-24T11:27:07,909  INFO [LocalJobRunner Map Task Executor #0] output.FileOutputCommitter: Saved output of task 'attempt_local1346221963_0002_m_000000_0' to file:/home/alex/Repositories/hive/hcatalog/hcatalog-pig-adapter/build/test/data/org.apache.hive.hcatalog.mapreduce.HCatBaseTest-1713983215978/warehouse/junit_unparted_basic/_SCRATCH0,5376673630494905
2024-04-24T11:27:07,912  INFO [LocalJobRunner Map Task Executor #0] output.FileOutputCommitter: File Output Committer Algorithm version is 2
2024-04-24T11:27:07,912  INFO [LocalJobRunner Map Task Executor #0] output.FileOutputCommitter: FileOutputCommitter skip cleanup _temporary folders under output directory:false, ignore cleanup failures: false
2024-04-24T11:27:07,914  INFO [LocalJobRunner Map Task Executor #0] output.FileOutputCommitter: Saved output of task 'attempt_local1346221963_0002_m_000000_0' to file:/home/alex/Repositories/hive/hcatalog/hcatalog-pig-adapter/build/test/data/org.apache.hive.hcatalog.mapreduce.HCatBaseTest-1713983215978/warehouse/junit_specific_size/_SCRATCH0,9222671658802238
2024-04-24T11:27:07,917  INFO [LocalJobRunner Map Task Executor #0] output.FileOutputCommitter: File Output Committer Algorithm version is 2
2024-04-24T11:27:07,917  INFO [LocalJobRunner Map Task Executor #0] output.FileOutputCommitter: FileOutputCommitter skip cleanup _temporary folders under output directory:false, ignore cleanup failures: false
2024-04-24T11:27:07,920  INFO [LocalJobRunner Map Task Executor #0] output.FileOutputCommitter: Saved output of task 'attempt_local1346221963_0002_m_000000_0' to file:/home/alex/Repositories/hive/hcatalog/hcatalog-pig-adapter/build/test/data/org.apache.hive.hcatalog.mapreduce.HCatBaseTest-1713983215978/warehouse/junit_specific_db.db/junit_specific_size2/_SCRATCH0,4300350024339539
2024-04-24T11:27:07,922  INFO [LocalJobRunner Map Task Executor #0] output.FileOutputCommitter: File Output Committer Algorithm version is 2
2024-04-24T11:27:07,922  INFO [LocalJobRunner Map Task Executor #0] output.FileOutputCommitter: FileOutputCommitter skip cleanup _temporary folders under output directory:false, ignore cleanup failures: false
2024-04-24T11:27:07,925  INFO [LocalJobRunner Map Task Executor #0] output.FileOutputCommitter: Saved output of task 'attempt_local1346221963_0002_m_000000_0' to file:/home/alex/Repositories/hive/hcatalog/hcatalog-pig-adapter/build/test/data/org.apache.hive.hcatalog.mapreduce.HCatBaseTest-1713983215978/warehouse/junit_parted_basic/_SCRATCH0,7812007049205354/bkt=0
2024-04-24T11:27:07,927  INFO [LocalJobRunner Map Task Executor #0] output.FileOutputCommitter: File Output Committer Algorithm version is 2
2024-04-24T11:27:07,928  INFO [LocalJobRunner Map Task Executor #0] output.FileOutputCommitter: FileOutputCommitter skip cleanup _temporary folders under output directory:false, ignore cleanup failures: false
2024-04-24T11:27:07,930  INFO [LocalJobRunner Map Task Executor #0] output.FileOutputCommitter: Saved output of task 'attempt_local1346221963_0002_m_000000_0' to file:/home/alex/Repositories/hive/hcatalog/hcatalog-pig-adapter/build/test/data/org.apache.hive.hcatalog.mapreduce.HCatBaseTest-1713983215978/warehouse/junit_parted_basic/_SCRATCH0,5607387179540091/bkt=1
2024-04-24T11:27:07,932  INFO [LocalJobRunner Map Task Executor #0] mapred.LocalJobRunner: map
2024-04-24T11:27:07,932  INFO [LocalJobRunner Map Task Executor #0] mapred.Task: Task 'attempt_local1346221963_0002_m_000000_0' done.
2024-04-24T11:27:07,932  INFO [LocalJobRunner Map Task Executor #0] mapred.Task: Final Counters for attempt_local1346221963_0002_m_000000_0: Counters: 19
	File System Counters
		FILE: Number of bytes read=3289
		FILE: Number of bytes written=1847069
		FILE: Number of read operations=0
		FILE: Number of large read operations=0
		FILE: Number of write operations=0
	Map-Reduce Framework
		Map input records=9
		Map output records=0
		Input split bytes=486
		Spilled Records=0
		Failed Shuffles=0
		Merged Map outputs=0
		GC time elapsed (ms)=0
		Total committed heap usage (bytes)=923271168
	MultiStoreCounters
		Output records in _0_junit_unparted_basic=0
		Output records in _1_junit_specific_size=0
		Output records in _2_junit_specific_db.junit_specific_size2=0
		Output records in _3_junit_parted_basic=0
	File Input Format Counters 
		Bytes Read=0
	File Output Format Counters 
		Bytes Written=0
2024-04-24T11:27:07,932  INFO [LocalJobRunner Map Task Executor #0] mapred.LocalJobRunner: Finishing task: attempt_local1346221963_0002_m_000000_0
2024-04-24T11:27:07,932  INFO [Thread-127] mapred.LocalJobRunner: map task executor complete.
2024-04-24T11:27:07,957  INFO [Thread-83] mapreduce.FileOutputCommitterContainer: Cancelling delegation token for the job.
2024-04-24T11:27:07,968  WARN [Thread-173] conf.HiveConf: HiveConf of name hive.llap.io.cache.orc.alloc.max does not exist
2024-04-24T11:27:07,968  WARN [Thread-173] conf.HiveConf: HiveConf of name hive.metastore.client.cache.recordStats does not exist
2024-04-24T11:27:07,968  WARN [Thread-173] conf.HiveConf: HiveConf of name hive.dummyparam.test.server.specific.config.override does not exist
2024-04-24T11:27:07,968  WARN [Thread-173] conf.HiveConf: HiveConf of name hive.stats.key.prefix.reserve.length does not exist
2024-04-24T11:27:07,968  WARN [Thread-173] conf.HiveConf: HiveConf of name hive.metastore.client.cache.maxSize does not exist
2024-04-24T11:27:07,968  WARN [Thread-173] conf.HiveConf: HiveConf of name hive.llap.io.cache.orc.arena.size does not exist
2024-04-24T11:27:07,969  WARN [Thread-173] conf.HiveConf: HiveConf of name hive.dummyparam.test.server.specific.config.metastoresite does not exist
2024-04-24T11:27:07,969  WARN [Thread-173] conf.HiveConf: HiveConf of name hive.metastore.metadb.dir does not exist
2024-04-24T11:27:07,969  WARN [Thread-173] conf.HiveConf: HiveConf of name hive.llap.io.cache.orc.size does not exist
2024-04-24T11:27:07,969  WARN [Thread-173] conf.HiveConf: HiveConf of name hive.dummyparam.test.server.specific.config.hivesite does not exist
2024-04-24T11:27:07,969  WARN [Thread-173] conf.HiveConf: HiveConf of name hive.llap.io.cache.orc.alloc.min does not exist
2024-04-24T11:27:07,969  INFO [Thread-173] common.HCatUtil: mapreduce.lib.hcatoutput.hive.conf is set. Applying configuration differences.
2024-04-24T11:27:07,971  INFO [Thread-173] metastore.HiveMetaStoreClient: HMS client filtering is enabled.
2024-04-24T11:27:07,972  INFO [Thread-173] metastore.HMSHandler: 4: Opening raw store with implementation class:org.apache.hadoop.hive.metastore.ObjectStore
2024-04-24T11:27:07,972  INFO [Thread-173] metastore.PersistenceManagerProvider: Configuration datanucleus.autoStartMechanismMode is not set. Defaulting to 'ignored'
2024-04-24T11:27:07,972  INFO [Thread-173] metastore.ObjectStore: RawStore: org.apache.hadoop.hive.metastore.ObjectStore@6771def5, with PersistenceManager: null will be shutdown
2024-04-24T11:27:07,973  INFO [Thread-173] metastore.ObjectStore: RawStore: org.apache.hadoop.hive.metastore.ObjectStore@6771def5, with PersistenceManager: org.datanucleus.api.jdo.JDOPersistenceManager@691610ea created in the thread with id: 207
2024-04-24T11:27:07,976  INFO [Thread-173] metastore.HMSHandler: Created RawStore: org.apache.hadoop.hive.metastore.ObjectStore@6771def5 from thread id: 207
2024-04-24T11:27:07,976  INFO [Thread-173] metastore.HMSHandler: HMS server filtering is disabled by configuration
2024-04-24T11:27:07,976  INFO [Thread-173] metastore.RetryingMetaStoreClient: RetryingMetaStoreClient proxy=class org.apache.hive.hcatalog.common.HiveClientCache$CacheableHiveMetaStoreClient ugi=alex (auth:SIMPLE) retries=1 delay=1 lifetime=0
2024-04-24T11:27:07,976  INFO [Thread-173] HiveMetaStore.audit: ugi=alex	ip=unknown-ip-addr	cmd=get_databases: @hive#NonExistentDatabaseUsedForHealthCheck	
2024-04-24T11:27:07,980  INFO [Thread-173] HiveMetaStore.audit: ugi=alex	ip=unknown-ip-addr	cmd=alter_table: hive.default.junit_unparted_complex newtbl=junit_unparted_complex	
2024-04-24T11:27:08,011  INFO [Thread-173] utils.MetaStoreServerUtils: Updating table stats for junit_unparted_complex
2024-04-24T11:27:08,011  INFO [Thread-173] utils.MetaStoreServerUtils: Updated size of table junit_unparted_complex to 397
2024-04-24T11:27:08,022  WARN [Thread-127] conf.HiveConf: HiveConf of name hive.llap.io.cache.orc.arena.size does not exist
2024-04-24T11:27:08,022  WARN [Thread-127] conf.HiveConf: HiveConf of name hive.llap.io.cache.orc.alloc.min does not exist
2024-04-24T11:27:08,022  WARN [Thread-127] conf.HiveConf: HiveConf of name hive.metastore.client.cache.maxSize does not exist
2024-04-24T11:27:08,022  WARN [Thread-127] conf.HiveConf: HiveConf of name hive.dummyparam.test.server.specific.config.hivesite does not exist
2024-04-24T11:27:08,023  WARN [Thread-127] conf.HiveConf: HiveConf of name hive.dummyparam.test.server.specific.config.metastoresite does not exist
2024-04-24T11:27:08,023  WARN [Thread-127] conf.HiveConf: HiveConf of name hive.metastore.client.cache.recordStats does not exist
2024-04-24T11:27:08,023  WARN [Thread-127] conf.HiveConf: HiveConf of name hive.dummyparam.test.server.specific.config.override does not exist
2024-04-24T11:27:08,023  WARN [Thread-127] conf.HiveConf: HiveConf of name hive.metastore.metadb.dir does not exist
2024-04-24T11:27:08,023  WARN [Thread-127] conf.HiveConf: HiveConf of name hive.llap.io.cache.orc.size does not exist
2024-04-24T11:27:08,023  WARN [Thread-127] conf.HiveConf: HiveConf of name hive.llap.io.cache.orc.alloc.max does not exist
2024-04-24T11:27:08,023  WARN [Thread-127] conf.HiveConf: HiveConf of name hive.stats.key.prefix.reserve.length does not exist
2024-04-24T11:27:08,024  INFO [Thread-127] common.HCatUtil: mapreduce.lib.hcatoutput.hive.conf is set. Applying configuration differences.
2024-04-24T11:27:08,025  INFO [Thread-127] metastore.HiveMetaStoreClient: HMS client filtering is enabled.
2024-04-24T11:27:08,025  INFO [Thread-173] mapreduce.FileOutputCommitterContainer: Cancelling delegation token for the job.
2024-04-24T11:27:08,026  INFO [Thread-127] metastore.HMSHandler: 5: Opening raw store with implementation class:org.apache.hadoop.hive.metastore.ObjectStore
2024-04-24T11:27:08,027  INFO [Thread-127] metastore.PersistenceManagerProvider: Configuration datanucleus.autoStartMechanismMode is not set. Defaulting to 'ignored'
2024-04-24T11:27:08,027  INFO [Thread-127] metastore.ObjectStore: RawStore: org.apache.hadoop.hive.metastore.ObjectStore@6772eaa6, with PersistenceManager: null will be shutdown
2024-04-24T11:27:08,027  INFO [Thread-127] metastore.ObjectStore: RawStore: org.apache.hadoop.hive.metastore.ObjectStore@6772eaa6, with PersistenceManager: org.datanucleus.api.jdo.JDOPersistenceManager@bd44bf6 created in the thread with id: 158
2024-04-24T11:27:08,030  WARN [Thread-83] conf.HiveConf: HiveConf of name hive.metastore.client.cache.recordStats does not exist
2024-04-24T11:27:08,030  WARN [Thread-83] conf.HiveConf: HiveConf of name hive.metastore.metadb.dir does not exist
2024-04-24T11:27:08,031  WARN [Thread-83] conf.HiveConf: HiveConf of name hive.metastore.client.cache.maxSize does not exist
2024-04-24T11:27:08,031  WARN [Thread-83] conf.HiveConf: HiveConf of name hive.dummyparam.test.server.specific.config.override does not exist
2024-04-24T11:27:08,031  WARN [Thread-83] conf.HiveConf: HiveConf of name hive.dummyparam.test.server.specific.config.metastoresite does not exist
2024-04-24T11:27:08,031  WARN [Thread-83] conf.HiveConf: HiveConf of name hive.dummyparam.test.server.specific.config.hivesite does not exist
2024-04-24T11:27:08,031  WARN [Thread-83] conf.HiveConf: HiveConf of name hive.llap.io.cache.orc.arena.size does not exist
2024-04-24T11:27:08,031  WARN [Thread-83] conf.HiveConf: HiveConf of name hive.llap.io.cache.orc.size does not exist
2024-04-24T11:27:08,031  WARN [Thread-83] conf.HiveConf: HiveConf of name hive.stats.key.prefix.reserve.length does not exist
2024-04-24T11:27:08,031  WARN [Thread-83] conf.HiveConf: HiveConf of name hive.llap.io.cache.orc.alloc.max does not exist
2024-04-24T11:27:08,031  WARN [Thread-83] conf.HiveConf: HiveConf of name hive.llap.io.cache.orc.alloc.min does not exist
2024-04-24T11:27:08,031  INFO [Thread-127] metastore.HMSHandler: Created RawStore: org.apache.hadoop.hive.metastore.ObjectStore@6772eaa6 from thread id: 158
2024-04-24T11:27:08,032  INFO [Thread-127] metastore.HMSHandler: HMS server filtering is disabled by configuration
2024-04-24T11:27:08,032  INFO [Thread-83] common.HCatUtil: mapreduce.lib.hcatoutput.hive.conf is set. Applying configuration differences.
2024-04-24T11:27:08,032  INFO [Thread-127] metastore.RetryingMetaStoreClient: RetryingMetaStoreClient proxy=class org.apache.hive.hcatalog.common.HiveClientCache$CacheableHiveMetaStoreClient ugi=alex (auth:SIMPLE) retries=1 delay=1 lifetime=0
2024-04-24T11:27:08,032  INFO [Thread-127] HiveMetaStore.audit: ugi=alex	ip=unknown-ip-addr	cmd=get_databases: @hive#NonExistentDatabaseUsedForHealthCheck	
2024-04-24T11:27:08,033  INFO [Thread-83] HiveMetaStore.audit: ugi=alex	ip=unknown-ip-addr	cmd=get_databases: @hive#NonExistentDatabaseUsedForHealthCheck	
2024-04-24T11:27:08,035  INFO [Thread-83] mapreduce.FileOutputCommitterContainer: FileOutputCommitterContainer::cancelDelegationTokens(): Could not find tokenStrForm, or HCAT_KEY_TOKEN_SIGNATURE. Skipping token cancellation.
2024-04-24T11:27:08,037  INFO [Thread-127] HiveMetaStore.audit: ugi=alex	ip=unknown-ip-addr	cmd=alter_table: hive.default.junit_unparted_basic newtbl=junit_unparted_basic	
2024-04-24T11:27:08,069  INFO [Thread-127] utils.MetaStoreServerUtils: Updating table stats for junit_unparted_basic
2024-04-24T11:27:08,069  INFO [Thread-127] utils.MetaStoreServerUtils: Updated size of table junit_unparted_basic to 115
2024-04-24T11:27:08,085  INFO [Thread-127] mapreduce.FileOutputCommitterContainer: Cancelling delegation token for the job.
2024-04-24T11:27:08,096  WARN [Thread-173] conf.HiveConf: HiveConf of name hive.metastore.client.cache.maxSize does not exist
2024-04-24T11:27:08,096  WARN [Thread-173] conf.HiveConf: HiveConf of name hive.llap.io.cache.orc.arena.size does not exist
2024-04-24T11:27:08,096  WARN [Thread-173] conf.HiveConf: HiveConf of name hive.stats.key.prefix.reserve.length does not exist
2024-04-24T11:27:08,096  WARN [Thread-173] conf.HiveConf: HiveConf of name hive.dummyparam.test.server.specific.config.hivesite does not exist
2024-04-24T11:27:08,096  WARN [Thread-173] conf.HiveConf: HiveConf of name hive.llap.io.cache.orc.size does not exist
2024-04-24T11:27:08,096  WARN [Thread-173] conf.HiveConf: HiveConf of name hive.llap.io.cache.orc.alloc.min does not exist
2024-04-24T11:27:08,096  WARN [Thread-173] conf.HiveConf: HiveConf of name hive.llap.io.cache.orc.alloc.max does not exist
2024-04-24T11:27:08,096  WARN [Thread-173] conf.HiveConf: HiveConf of name hive.dummyparam.test.server.specific.config.override does not exist
2024-04-24T11:27:08,096  WARN [Thread-173] conf.HiveConf: HiveConf of name hive.metastore.metadb.dir does not exist
2024-04-24T11:27:08,097  WARN [Thread-173] conf.HiveConf: HiveConf of name hive.metastore.client.cache.recordStats does not exist
2024-04-24T11:27:08,097  WARN [Thread-173] conf.HiveConf: HiveConf of name hive.dummyparam.test.server.specific.config.metastoresite does not exist
2024-04-24T11:27:08,097  INFO [Thread-173] common.HCatUtil: mapreduce.lib.hcatoutput.hive.conf is set. Applying configuration differences.
2024-04-24T11:27:08,098  INFO [Thread-173] HiveMetaStore.audit: ugi=alex	ip=unknown-ip-addr	cmd=get_databases: @hive#NonExistentDatabaseUsedForHealthCheck	
2024-04-24T11:27:08,101  INFO [Thread-173] mapreduce.FileOutputCommitterContainer: FileOutputCommitterContainer::cancelDelegationTokens(): Could not find tokenStrForm, or HCAT_KEY_TOKEN_SIGNATURE. Skipping token cancellation.
2024-04-24T11:27:08,138  WARN [Thread-127] conf.HiveConf: HiveConf of name hive.dummyparam.test.server.specific.config.metastoresite does not exist
2024-04-24T11:27:08,138  WARN [Thread-127] conf.HiveConf: HiveConf of name hive.stats.key.prefix.reserve.length does not exist
2024-04-24T11:27:08,138  WARN [Thread-127] conf.HiveConf: HiveConf of name hive.metastore.client.cache.maxSize does not exist
2024-04-24T11:27:08,138  WARN [Thread-127] conf.HiveConf: HiveConf of name hive.dummyparam.test.server.specific.config.hivesite does not exist
2024-04-24T11:27:08,138  WARN [Thread-127] conf.HiveConf: HiveConf of name hive.metastore.client.cache.recordStats does not exist
2024-04-24T11:27:08,138  WARN [Thread-127] conf.HiveConf: HiveConf of name hive.llap.io.cache.orc.alloc.max does not exist
2024-04-24T11:27:08,138  WARN [Thread-127] conf.HiveConf: HiveConf of name hive.llap.io.cache.orc.alloc.min does not exist
2024-04-24T11:27:08,138  WARN [Thread-127] conf.HiveConf: HiveConf of name hive.metastore.metadb.dir does not exist
2024-04-24T11:27:08,139  WARN [Thread-127] conf.HiveConf: HiveConf of name hive.llap.io.cache.orc.arena.size does not exist
2024-04-24T11:27:08,139  WARN [Thread-127] conf.HiveConf: HiveConf of name hive.llap.io.cache.orc.size does not exist
2024-04-24T11:27:08,139  WARN [Thread-127] conf.HiveConf: HiveConf of name hive.dummyparam.test.server.specific.config.override does not exist
2024-04-24T11:27:08,139  INFO [Thread-127] common.HCatUtil: mapreduce.lib.hcatoutput.hive.conf is set. Applying configuration differences.
2024-04-24T11:27:08,139  INFO [Thread-127] HiveMetaStore.audit: ugi=alex	ip=unknown-ip-addr	cmd=get_databases: @hive#NonExistentDatabaseUsedForHealthCheck	
2024-04-24T11:27:08,141  INFO [Thread-127] mapreduce.FileOutputCommitterContainer: FileOutputCommitterContainer::cancelDelegationTokens(): Could not find tokenStrForm, or HCAT_KEY_TOKEN_SIGNATURE. Skipping token cancellation.
2024-04-24T11:27:08,190  WARN [Thread-127] conf.HiveConf: HiveConf of name hive.llap.io.cache.orc.alloc.min does not exist
2024-04-24T11:27:08,190  WARN [Thread-127] conf.HiveConf: HiveConf of name hive.stats.key.prefix.reserve.length does not exist
2024-04-24T11:27:08,190  WARN [Thread-127] conf.HiveConf: HiveConf of name hive.llap.io.cache.orc.alloc.max does not exist
2024-04-24T11:27:08,191  WARN [Thread-127] conf.HiveConf: HiveConf of name hive.metastore.client.cache.recordStats does not exist
2024-04-24T11:27:08,191  WARN [Thread-127] conf.HiveConf: HiveConf of name hive.dummyparam.test.server.specific.config.hivesite does not exist
2024-04-24T11:27:08,191  WARN [Thread-127] conf.HiveConf: HiveConf of name hive.metastore.metadb.dir does not exist
2024-04-24T11:27:08,191  WARN [Thread-127] conf.HiveConf: HiveConf of name hive.llap.io.cache.orc.arena.size does not exist
2024-04-24T11:27:08,191  WARN [Thread-127] conf.HiveConf: HiveConf of name hive.llap.io.cache.orc.size does not exist
2024-04-24T11:27:08,191  WARN [Thread-127] conf.HiveConf: HiveConf of name hive.dummyparam.test.server.specific.config.metastoresite does not exist
2024-04-24T11:27:08,191  WARN [Thread-127] conf.HiveConf: HiveConf of name hive.dummyparam.test.server.specific.config.override does not exist
2024-04-24T11:27:08,191  WARN [Thread-127] conf.HiveConf: HiveConf of name hive.metastore.client.cache.maxSize does not exist
2024-04-24T11:27:08,191  INFO [Thread-127] common.HCatUtil: mapreduce.lib.hcatoutput.hive.conf is set. Applying configuration differences.
2024-04-24T11:27:08,192  INFO [Thread-127] HiveMetaStore.audit: ugi=alex	ip=unknown-ip-addr	cmd=get_databases: @hive#NonExistentDatabaseUsedForHealthCheck	
2024-04-24T11:27:08,195  INFO [Thread-127] HiveMetaStore.audit: ugi=alex	ip=unknown-ip-addr	cmd=alter_table: hive.default.junit_specific_size newtbl=junit_specific_size	
2024-04-24T11:27:08,217  INFO [Thread-127] utils.MetaStoreServerUtils: Updating table stats for junit_specific_size
2024-04-24T11:27:08,217  INFO [Thread-127] utils.MetaStoreServerUtils: Updated size of table junit_specific_size to 115
2024-04-24T11:27:08,226  INFO [Thread-127] mapreduce.FileOutputCommitterContainer: Cancelling delegation token for the job.
2024-04-24T11:27:08,270  WARN [Thread-127] conf.HiveConf: HiveConf of name hive.dummyparam.test.server.specific.config.hivesite does not exist
2024-04-24T11:27:08,271  WARN [Thread-127] conf.HiveConf: HiveConf of name hive.llap.io.cache.orc.alloc.min does not exist
2024-04-24T11:27:08,271  WARN [Thread-127] conf.HiveConf: HiveConf of name hive.llap.io.cache.orc.alloc.max does not exist
2024-04-24T11:27:08,271  WARN [Thread-127] conf.HiveConf: HiveConf of name hive.metastore.client.cache.maxSize does not exist
2024-04-24T11:27:08,271  WARN [Thread-127] conf.HiveConf: HiveConf of name hive.llap.io.cache.orc.arena.size does not exist
2024-04-24T11:27:08,271  WARN [Thread-127] conf.HiveConf: HiveConf of name hive.metastore.client.cache.recordStats does not exist
2024-04-24T11:27:08,271  WARN [Thread-127] conf.HiveConf: HiveConf of name hive.stats.key.prefix.reserve.length does not exist
2024-04-24T11:27:08,271  WARN [Thread-127] conf.HiveConf: HiveConf of name hive.metastore.metadb.dir does not exist
2024-04-24T11:27:08,271  WARN [Thread-127] conf.HiveConf: HiveConf of name hive.dummyparam.test.server.specific.config.metastoresite does not exist
2024-04-24T11:27:08,271  WARN [Thread-127] conf.HiveConf: HiveConf of name hive.dummyparam.test.server.specific.config.override does not exist
2024-04-24T11:27:08,271  WARN [Thread-127] conf.HiveConf: HiveConf of name hive.llap.io.cache.orc.size does not exist
2024-04-24T11:27:08,272  INFO [Thread-127] common.HCatUtil: mapreduce.lib.hcatoutput.hive.conf is set. Applying configuration differences.
2024-04-24T11:27:08,272  INFO [Thread-127] HiveMetaStore.audit: ugi=alex	ip=unknown-ip-addr	cmd=get_databases: @hive#NonExistentDatabaseUsedForHealthCheck	
2024-04-24T11:27:08,274  INFO [Thread-127] mapreduce.FileOutputCommitterContainer: FileOutputCommitterContainer::cancelDelegationTokens(): Could not find tokenStrForm, or HCAT_KEY_TOKEN_SIGNATURE. Skipping token cancellation.
2024-04-24T11:27:08,289  INFO [main] mapReduceLayer.MapReduceLauncher: 83% complete
2024-04-24T11:27:08,290  INFO [main] mapReduceLayer.MapReduceLauncher: Running jobs are [job_local1346221963_0002]
2024-04-24T11:27:08,292  WARN [main] impl.MetricsSystemImpl: JobTracker metrics system already initialized!
2024-04-24T11:27:08,297  WARN [main] impl.MetricsSystemImpl: JobTracker metrics system already initialized!
2024-04-24T11:27:08,301  WARN [main] impl.MetricsSystemImpl: JobTracker metrics system already initialized!
2024-04-24T11:27:08,330  WARN [main] impl.MetricsSystemImpl: JobTracker metrics system already initialized!
2024-04-24T11:27:08,333  WARN [main] impl.MetricsSystemImpl: JobTracker metrics system already initialized!
2024-04-24T11:27:08,336  WARN [main] impl.MetricsSystemImpl: JobTracker metrics system already initialized!
2024-04-24T11:27:08,343  WARN [Thread-127] conf.HiveConf: HiveConf of name hive.stats.key.prefix.reserve.length does not exist
2024-04-24T11:27:08,343  WARN [Thread-127] conf.HiveConf: HiveConf of name hive.llap.io.cache.orc.size does not exist
2024-04-24T11:27:08,343  WARN [Thread-127] conf.HiveConf: HiveConf of name hive.dummyparam.test.server.specific.config.override does not exist
2024-04-24T11:27:08,343  WARN [Thread-127] conf.HiveConf: HiveConf of name hive.llap.io.cache.orc.alloc.max does not exist
2024-04-24T11:27:08,343  WARN [Thread-127] conf.HiveConf: HiveConf of name hive.dummyparam.test.server.specific.config.hivesite does not exist
2024-04-24T11:27:08,344  WARN [Thread-127] conf.HiveConf: HiveConf of name hive.dummyparam.test.server.specific.config.metastoresite does not exist
2024-04-24T11:27:08,344  WARN [Thread-127] conf.HiveConf: HiveConf of name hive.metastore.client.cache.maxSize does not exist
2024-04-24T11:27:08,344  WARN [Thread-127] conf.HiveConf: HiveConf of name hive.llap.io.cache.orc.alloc.min does not exist
2024-04-24T11:27:08,344  WARN [Thread-127] conf.HiveConf: HiveConf of name hive.metastore.client.cache.recordStats does not exist
2024-04-24T11:27:08,344  WARN [Thread-127] conf.HiveConf: HiveConf of name hive.metastore.metadb.dir does not exist
2024-04-24T11:27:08,344  WARN [Thread-127] conf.HiveConf: HiveConf of name hive.llap.io.cache.orc.arena.size does not exist
2024-04-24T11:27:08,344  INFO [Thread-127] common.HCatUtil: mapreduce.lib.hcatoutput.hive.conf is set. Applying configuration differences.
2024-04-24T11:27:08,345  INFO [Thread-127] HiveMetaStore.audit: ugi=alex	ip=unknown-ip-addr	cmd=get_databases: @hive#NonExistentDatabaseUsedForHealthCheck	
2024-04-24T11:27:08,347  INFO [Thread-127] HiveMetaStore.audit: ugi=alex	ip=unknown-ip-addr	cmd=alter_table: hive.junit_specific_db.junit_specific_size2 newtbl=junit_specific_size2	
2024-04-24T11:27:08,370  INFO [Thread-127] utils.MetaStoreServerUtils: Updating table stats for junit_specific_size2
2024-04-24T11:27:08,370  INFO [Thread-127] utils.MetaStoreServerUtils: Updated size of table junit_specific_size2 to 115
2024-04-24T11:27:08,379  INFO [Thread-127] mapreduce.FileOutputCommitterContainer: Cancelling delegation token for the job.
2024-04-24T11:27:08,414  WARN [Thread-127] conf.HiveConf: HiveConf of name hive.llap.io.cache.orc.size does not exist
2024-04-24T11:27:08,414  WARN [Thread-127] conf.HiveConf: HiveConf of name hive.dummyparam.test.server.specific.config.override does not exist
2024-04-24T11:27:08,414  WARN [Thread-127] conf.HiveConf: HiveConf of name hive.metastore.metadb.dir does not exist
2024-04-24T11:27:08,414  WARN [Thread-127] conf.HiveConf: HiveConf of name hive.metastore.client.cache.recordStats does not exist
2024-04-24T11:27:08,414  WARN [Thread-127] conf.HiveConf: HiveConf of name hive.dummyparam.test.server.specific.config.metastoresite does not exist
2024-04-24T11:27:08,415  WARN [Thread-127] conf.HiveConf: HiveConf of name hive.stats.key.prefix.reserve.length does not exist
2024-04-24T11:27:08,415  WARN [Thread-127] conf.HiveConf: HiveConf of name hive.llap.io.cache.orc.arena.size does not exist
2024-04-24T11:27:08,415  WARN [Thread-127] conf.HiveConf: HiveConf of name hive.metastore.client.cache.maxSize does not exist
2024-04-24T11:27:08,415  WARN [Thread-127] conf.HiveConf: HiveConf of name hive.llap.io.cache.orc.alloc.min does not exist
2024-04-24T11:27:08,415  WARN [Thread-127] conf.HiveConf: HiveConf of name hive.dummyparam.test.server.specific.config.hivesite does not exist
2024-04-24T11:27:08,415  WARN [Thread-127] conf.HiveConf: HiveConf of name hive.llap.io.cache.orc.alloc.max does not exist
2024-04-24T11:27:08,415  INFO [Thread-127] common.HCatUtil: mapreduce.lib.hcatoutput.hive.conf is set. Applying configuration differences.
2024-04-24T11:27:08,415  INFO [Thread-127] HiveMetaStore.audit: ugi=alex	ip=unknown-ip-addr	cmd=get_databases: @hive#NonExistentDatabaseUsedForHealthCheck	
2024-04-24T11:27:08,417  INFO [Thread-127] mapreduce.FileOutputCommitterContainer: FileOutputCommitterContainer::cancelDelegationTokens(): Could not find tokenStrForm, or HCAT_KEY_TOKEN_SIGNATURE. Skipping token cancellation.
2024-04-24T11:27:08,463  WARN [Thread-127] conf.HiveConf: HiveConf of name hive.metastore.client.cache.maxSize does not exist
2024-04-24T11:27:08,463  WARN [Thread-127] conf.HiveConf: HiveConf of name hive.metastore.client.cache.recordStats does not exist
2024-04-24T11:27:08,463  WARN [Thread-127] conf.HiveConf: HiveConf of name hive.llap.io.cache.orc.alloc.max does not exist
2024-04-24T11:27:08,463  WARN [Thread-127] conf.HiveConf: HiveConf of name hive.llap.io.cache.orc.alloc.min does not exist
2024-04-24T11:27:08,464  WARN [Thread-127] conf.HiveConf: HiveConf of name hive.dummyparam.test.server.specific.config.metastoresite does not exist
2024-04-24T11:27:08,464  WARN [Thread-127] conf.HiveConf: HiveConf of name hive.metastore.metadb.dir does not exist
2024-04-24T11:27:08,464  WARN [Thread-127] conf.HiveConf: HiveConf of name hive.dummyparam.test.server.specific.config.hivesite does not exist
2024-04-24T11:27:08,464  WARN [Thread-127] conf.HiveConf: HiveConf of name hive.llap.io.cache.orc.arena.size does not exist
2024-04-24T11:27:08,464  WARN [Thread-127] conf.HiveConf: HiveConf of name hive.stats.key.prefix.reserve.length does not exist
2024-04-24T11:27:08,464  WARN [Thread-127] conf.HiveConf: HiveConf of name hive.dummyparam.test.server.specific.config.override does not exist
2024-04-24T11:27:08,464  WARN [Thread-127] conf.HiveConf: HiveConf of name hive.llap.io.cache.orc.size does not exist
2024-04-24T11:27:08,464  INFO [Thread-127] common.HCatUtil: mapreduce.lib.hcatoutput.hive.conf is set. Applying configuration differences.
2024-04-24T11:27:08,465  INFO [Thread-127] HiveMetaStore.audit: ugi=alex	ip=unknown-ip-addr	cmd=get_databases: @hive#NonExistentDatabaseUsedForHealthCheck	
2024-04-24T11:27:08,503  WARN [Thread-127] conf.HiveConf: HiveConf of name hive.metastore.client.cache.maxSize does not exist
2024-04-24T11:27:08,503  WARN [Thread-127] conf.HiveConf: HiveConf of name hive.metastore.client.cache.recordStats does not exist
2024-04-24T11:27:08,503  WARN [Thread-127] conf.HiveConf: HiveConf of name hive.llap.io.cache.orc.arena.size does not exist
2024-04-24T11:27:08,503  WARN [Thread-127] conf.HiveConf: HiveConf of name hive.llap.io.cache.orc.alloc.min does not exist
2024-04-24T11:27:08,503  WARN [Thread-127] conf.HiveConf: HiveConf of name hive.llap.io.cache.orc.alloc.max does not exist
2024-04-24T11:27:08,503  WARN [Thread-127] conf.HiveConf: HiveConf of name hive.metastore.metadb.dir does not exist
2024-04-24T11:27:08,503  WARN [Thread-127] conf.HiveConf: HiveConf of name hive.dummyparam.test.server.specific.config.hivesite does not exist
2024-04-24T11:27:08,503  WARN [Thread-127] conf.HiveConf: HiveConf of name hive.dummyparam.test.server.specific.config.metastoresite does not exist
2024-04-24T11:27:08,503  WARN [Thread-127] conf.HiveConf: HiveConf of name hive.dummyparam.test.server.specific.config.override does not exist
2024-04-24T11:27:08,503  WARN [Thread-127] conf.HiveConf: HiveConf of name hive.llap.io.cache.orc.size does not exist
2024-04-24T11:27:08,503  WARN [Thread-127] conf.HiveConf: HiveConf of name hive.stats.key.prefix.reserve.length does not exist
2024-04-24T11:27:08,504  INFO [Thread-127] mapreduce.FileOutputCommitterContainer: HAR not is not being used. The table junit_parted_basic has new partitions [{bkt=0}].
2024-04-24T11:27:08,506  INFO [Thread-127] HiveMetaStore.audit: ugi=alex	ip=unknown-ip-addr	cmd=get_partition : tbl=hive.default.junit_parted_basic[0]	
2024-04-24T11:27:08,511  INFO [Thread-127] HiveMetaStore.audit: ugi=alex	ip=unknown-ip-addr	cmd=add_partition	
2024-04-24T11:27:08,511  INFO [Thread-127] HiveMetaStore.audit: ugi=alex	ip=unknown-ip-addr	cmd=add_partitions	
2024-04-24T11:27:08,523  INFO [HMSHandler #2] utils.MetaStoreServerUtils: Updating partition stats fast for: junit_parted_basic
2024-04-24T11:27:08,523  INFO [HMSHandler #2] utils.MetaStoreServerUtils: Updated size to 91
2024-04-24T11:27:08,557  INFO [Thread-127] mapreduce.FileOutputCommitterContainer: Cancelling delegation token for the job.
2024-04-24T11:27:08,593  WARN [Thread-127] conf.HiveConf: HiveConf of name hive.metastore.client.cache.recordStats does not exist
2024-04-24T11:27:08,593  WARN [Thread-127] conf.HiveConf: HiveConf of name hive.dummyparam.test.server.specific.config.override does not exist
2024-04-24T11:27:08,593  WARN [Thread-127] conf.HiveConf: HiveConf of name hive.stats.key.prefix.reserve.length does not exist
2024-04-24T11:27:08,593  WARN [Thread-127] conf.HiveConf: HiveConf of name hive.dummyparam.test.server.specific.config.metastoresite does not exist
2024-04-24T11:27:08,593  WARN [Thread-127] conf.HiveConf: HiveConf of name hive.metastore.metadb.dir does not exist
2024-04-24T11:27:08,593  WARN [Thread-127] conf.HiveConf: HiveConf of name hive.llap.io.cache.orc.size does not exist
2024-04-24T11:27:08,593  WARN [Thread-127] conf.HiveConf: HiveConf of name hive.llap.io.cache.orc.alloc.max does not exist
2024-04-24T11:27:08,593  WARN [Thread-127] conf.HiveConf: HiveConf of name hive.dummyparam.test.server.specific.config.hivesite does not exist
2024-04-24T11:27:08,594  WARN [Thread-127] conf.HiveConf: HiveConf of name hive.llap.io.cache.orc.alloc.min does not exist
2024-04-24T11:27:08,594  WARN [Thread-127] conf.HiveConf: HiveConf of name hive.llap.io.cache.orc.arena.size does not exist
2024-04-24T11:27:08,594  WARN [Thread-127] conf.HiveConf: HiveConf of name hive.metastore.client.cache.maxSize does not exist
2024-04-24T11:27:08,594  INFO [Thread-127] common.HCatUtil: mapreduce.lib.hcatoutput.hive.conf is set. Applying configuration differences.
2024-04-24T11:27:08,594  INFO [Thread-127] HiveMetaStore.audit: ugi=alex	ip=unknown-ip-addr	cmd=get_databases: @hive#NonExistentDatabaseUsedForHealthCheck	
2024-04-24T11:27:08,597  INFO [Thread-127] mapreduce.FileOutputCommitterContainer: FileOutputCommitterContainer::cancelDelegationTokens(): Could not find tokenStrForm, or HCAT_KEY_TOKEN_SIGNATURE. Skipping token cancellation.
2024-04-24T11:27:08,640  WARN [Thread-127] conf.HiveConf: HiveConf of name hive.metastore.client.cache.recordStats does not exist
2024-04-24T11:27:08,640  WARN [Thread-127] conf.HiveConf: HiveConf of name hive.llap.io.cache.orc.arena.size does not exist
2024-04-24T11:27:08,640  WARN [Thread-127] conf.HiveConf: HiveConf of name hive.metastore.client.cache.maxSize does not exist
2024-04-24T11:27:08,640  WARN [Thread-127] conf.HiveConf: HiveConf of name hive.llap.io.cache.orc.size does not exist
2024-04-24T11:27:08,641  WARN [Thread-127] conf.HiveConf: HiveConf of name hive.dummyparam.test.server.specific.config.override does not exist
2024-04-24T11:27:08,641  WARN [Thread-127] conf.HiveConf: HiveConf of name hive.llap.io.cache.orc.alloc.max does not exist
2024-04-24T11:27:08,641  WARN [Thread-127] conf.HiveConf: HiveConf of name hive.dummyparam.test.server.specific.config.metastoresite does not exist
2024-04-24T11:27:08,641  WARN [Thread-127] conf.HiveConf: HiveConf of name hive.stats.key.prefix.reserve.length does not exist
2024-04-24T11:27:08,641  WARN [Thread-127] conf.HiveConf: HiveConf of name hive.llap.io.cache.orc.alloc.min does not exist
2024-04-24T11:27:08,641  WARN [Thread-127] conf.HiveConf: HiveConf of name hive.dummyparam.test.server.specific.config.hivesite does not exist
2024-04-24T11:27:08,641  WARN [Thread-127] conf.HiveConf: HiveConf of name hive.metastore.metadb.dir does not exist
2024-04-24T11:27:08,641  INFO [Thread-127] common.HCatUtil: mapreduce.lib.hcatoutput.hive.conf is set. Applying configuration differences.
2024-04-24T11:27:08,642  INFO [Thread-127] HiveMetaStore.audit: ugi=alex	ip=unknown-ip-addr	cmd=get_databases: @hive#NonExistentDatabaseUsedForHealthCheck	
2024-04-24T11:27:08,646  INFO [Thread-127] mapreduce.FileOutputCommitterContainer: HAR not is not being used. The table junit_parted_basic has new partitions [{bkt=1}].
2024-04-24T11:27:08,648  INFO [Thread-127] HiveMetaStore.audit: ugi=alex	ip=unknown-ip-addr	cmd=get_partition : tbl=hive.default.junit_parted_basic[1]	
2024-04-24T11:27:08,653  INFO [Thread-127] HiveMetaStore.audit: ugi=alex	ip=unknown-ip-addr	cmd=add_partition	
2024-04-24T11:27:08,653  INFO [Thread-127] HiveMetaStore.audit: ugi=alex	ip=unknown-ip-addr	cmd=add_partitions	
2024-04-24T11:27:08,664  INFO [HMSHandler #3] utils.MetaStoreServerUtils: Updating partition stats fast for: junit_parted_basic
2024-04-24T11:27:08,665  INFO [HMSHandler #3] utils.MetaStoreServerUtils: Updated size to 103
2024-04-24T11:27:08,697  INFO [Thread-127] mapreduce.FileOutputCommitterContainer: Cancelling delegation token for the job.
2024-04-24T11:27:08,733  WARN [Thread-127] conf.HiveConf: HiveConf of name hive.llap.io.cache.orc.size does not exist
2024-04-24T11:27:08,733  WARN [Thread-127] conf.HiveConf: HiveConf of name hive.llap.io.cache.orc.arena.size does not exist
2024-04-24T11:27:08,733  WARN [Thread-127] conf.HiveConf: HiveConf of name hive.metastore.metadb.dir does not exist
2024-04-24T11:27:08,734  WARN [Thread-127] conf.HiveConf: HiveConf of name hive.llap.io.cache.orc.alloc.min does not exist
2024-04-24T11:27:08,734  WARN [Thread-127] conf.HiveConf: HiveConf of name hive.stats.key.prefix.reserve.length does not exist
2024-04-24T11:27:08,734  WARN [Thread-127] conf.HiveConf: HiveConf of name hive.dummyparam.test.server.specific.config.override does not exist
2024-04-24T11:27:08,734  WARN [Thread-127] conf.HiveConf: HiveConf of name hive.dummyparam.test.server.specific.config.hivesite does not exist
2024-04-24T11:27:08,734  WARN [Thread-127] conf.HiveConf: HiveConf of name hive.dummyparam.test.server.specific.config.metastoresite does not exist
2024-04-24T11:27:08,734  WARN [Thread-127] conf.HiveConf: HiveConf of name hive.metastore.client.cache.recordStats does not exist
2024-04-24T11:27:08,734  WARN [Thread-127] conf.HiveConf: HiveConf of name hive.metastore.client.cache.maxSize does not exist
2024-04-24T11:27:08,734  WARN [Thread-127] conf.HiveConf: HiveConf of name hive.llap.io.cache.orc.alloc.max does not exist
2024-04-24T11:27:08,734  INFO [Thread-127] common.HCatUtil: mapreduce.lib.hcatoutput.hive.conf is set. Applying configuration differences.
2024-04-24T11:27:08,735  INFO [Thread-127] HiveMetaStore.audit: ugi=alex	ip=unknown-ip-addr	cmd=get_databases: @hive#NonExistentDatabaseUsedForHealthCheck	
2024-04-24T11:27:08,737  INFO [Thread-127] mapreduce.FileOutputCommitterContainer: FileOutputCommitterContainer::cancelDelegationTokens(): Could not find tokenStrForm, or HCAT_KEY_TOKEN_SIGNATURE. Skipping token cancellation.
2024-04-24T11:27:08,846  WARN [main] impl.MetricsSystemImpl: JobTracker metrics system already initialized!
2024-04-24T11:27:08,852  WARN [main] impl.MetricsSystemImpl: JobTracker metrics system already initialized!
2024-04-24T11:27:08,858  WARN [main] impl.MetricsSystemImpl: JobTracker metrics system already initialized!
2024-04-24T11:27:08,869  INFO [main] pigstats.JobStats: using output size reader: org.apache.pig.backend.hadoop.executionengine.mapReduceLayer.FileBasedOutputSizeReader
2024-04-24T11:27:08,870  WARN [main] pigstats.JobStats: unable to find the output file
java.io.FileNotFoundException: File junit_unparted_basic does not exist
	at org.apache.hadoop.fs.RawLocalFileSystem.listStatus(RawLocalFileSystem.java:464) ~[hadoop-common-3.1.0.jar:?]
	at org.apache.hadoop.fs.FileSystem.listStatus(FileSystem.java:1919) ~[hadoop-common-3.1.0.jar:?]
	at org.apache.hadoop.fs.FileSystem.listStatus(FileSystem.java:1961) ~[hadoop-common-3.1.0.jar:?]
	at org.apache.hadoop.fs.ChecksumFileSystem.listStatus(ChecksumFileSystem.java:678) ~[hadoop-common-3.1.0.jar:?]
	at org.apache.pig.backend.hadoop.executionengine.mapReduceLayer.FileBasedOutputSizeReader.getOutputSize(FileBasedOutputSizeReader.java:81) ~[pig-0.16.0-h2.jar:?]
	at org.apache.pig.tools.pigstats.JobStats.getOutputSize(JobStats.java:351) [pig-0.16.0-h2.jar:?]
	at org.apache.pig.tools.pigstats.mapreduce.MRJobStats.addOneOutputStats(MRJobStats.java:461) [pig-0.16.0-h2.jar:?]
	at org.apache.pig.tools.pigstats.mapreduce.MRJobStats.addOutputStatistics(MRJobStats.java:443) [pig-0.16.0-h2.jar:?]
	at org.apache.pig.tools.pigstats.mapreduce.MRPigStatsUtil.addSuccessJobStats(MRPigStatsUtil.java:237) [pig-0.16.0-h2.jar:?]
	at org.apache.pig.tools.pigstats.mapreduce.MRPigStatsUtil.accumulateStats(MRPigStatsUtil.java:165) [pig-0.16.0-h2.jar:?]
	at org.apache.pig.backend.hadoop.executionengine.mapReduceLayer.MapReduceLauncher.launchPig(MapReduceLauncher.java:360) [pig-0.16.0-h2.jar:?]
	at org.apache.pig.backend.hadoop.executionengine.HExecutionEngine.launchPig(HExecutionEngine.java:308) [pig-0.16.0-h2.jar:?]
	at org.apache.pig.PigServer.launchPlan(PigServer.java:1474) [pig-0.16.0-h2.jar:?]
	at org.apache.pig.PigServer.executeCompiledLogicalPlan(PigServer.java:1459) [pig-0.16.0-h2.jar:?]
	at org.apache.pig.PigServer.execute(PigServer.java:1448) [pig-0.16.0-h2.jar:?]
	at org.apache.pig.PigServer.executeBatch(PigServer.java:488) [pig-0.16.0-h2.jar:?]
	at org.apache.pig.PigServer.executeBatch(PigServer.java:471) [pig-0.16.0-h2.jar:?]
	at org.apache.hive.hcatalog.pig.AbstractHCatLoaderTest.setUpTest(AbstractHCatLoaderTest.java:226) [test-classes/:?]
	at sun.reflect.NativeMethodAccessorImpl.invoke0(Native Method) ~[?:1.8.0_402]
	at sun.reflect.NativeMethodAccessorImpl.invoke(NativeMethodAccessorImpl.java:62) ~[?:1.8.0_402]
	at sun.reflect.DelegatingMethodAccessorImpl.invoke(DelegatingMethodAccessorImpl.java:43) ~[?:1.8.0_402]
	at java.lang.reflect.Method.invoke(Method.java:498) ~[?:1.8.0_402]
	at org.junit.runners.model.FrameworkMethod$1.runReflectiveCall(FrameworkMethod.java:59) [junit-4.13.jar:4.13]
	at org.junit.internal.runners.model.ReflectiveCallable.run(ReflectiveCallable.java:12) [junit-4.13.jar:4.13]
	at org.junit.runners.model.FrameworkMethod.invokeExplosively(FrameworkMethod.java:56) [junit-4.13.jar:4.13]
	at org.junit.internal.runners.statements.RunBefores.invokeMethod(RunBefores.java:33) [junit-4.13.jar:4.13]
	at org.junit.internal.runners.statements.RunBefores.evaluate(RunBefores.java:24) [junit-4.13.jar:4.13]
	at org.junit.internal.runners.statements.RunAfters.evaluate(RunAfters.java:27) [junit-4.13.jar:4.13]
	at org.junit.runners.ParentRunner$3.evaluate(ParentRunner.java:306) [junit-4.13.jar:4.13]
	at org.junit.runners.BlockJUnit4ClassRunner$1.evaluate(BlockJUnit4ClassRunner.java:100) [junit-4.13.jar:4.13]
	at org.junit.runners.ParentRunner.runLeaf(ParentRunner.java:366) [junit-4.13.jar:4.13]
	at org.junit.runners.BlockJUnit4ClassRunner.runChild(BlockJUnit4ClassRunner.java:103) [junit-4.13.jar:4.13]
	at org.junit.runners.BlockJUnit4ClassRunner.runChild(BlockJUnit4ClassRunner.java:63) [junit-4.13.jar:4.13]
	at org.junit.runners.ParentRunner$4.run(ParentRunner.java:331) [junit-4.13.jar:4.13]
	at org.junit.runners.ParentRunner$1.schedule(ParentRunner.java:79) [junit-4.13.jar:4.13]
	at org.junit.runners.ParentRunner.runChildren(ParentRunner.java:329) [junit-4.13.jar:4.13]
	at org.junit.runners.ParentRunner.access$100(ParentRunner.java:66) [junit-4.13.jar:4.13]
	at org.junit.runners.ParentRunner$2.evaluate(ParentRunner.java:293) [junit-4.13.jar:4.13]
	at org.junit.internal.runners.statements.RunBefores.evaluate(RunBefores.java:26) [junit-4.13.jar:4.13]
	at org.junit.runners.ParentRunner$3.evaluate(ParentRunner.java:306) [junit-4.13.jar:4.13]
	at org.junit.runners.ParentRunner.run(ParentRunner.java:413) [junit-4.13.jar:4.13]
	at org.junit.runners.Suite.runChild(Suite.java:128) [junit-4.13.jar:4.13]
	at org.junit.runners.Suite.runChild(Suite.java:27) [junit-4.13.jar:4.13]
	at org.junit.runners.ParentRunner$4.run(ParentRunner.java:331) [junit-4.13.jar:4.13]
	at org.junit.runners.ParentRunner$1.schedule(ParentRunner.java:79) [junit-4.13.jar:4.13]
	at org.junit.runners.ParentRunner.runChildren(ParentRunner.java:329) [junit-4.13.jar:4.13]
	at org.junit.runners.ParentRunner.access$100(ParentRunner.java:66) [junit-4.13.jar:4.13]
	at org.junit.runners.ParentRunner$2.evaluate(ParentRunner.java:293) [junit-4.13.jar:4.13]
	at org.junit.runners.ParentRunner$3.evaluate(ParentRunner.java:306) [junit-4.13.jar:4.13]
	at org.junit.runners.ParentRunner.run(ParentRunner.java:413) [junit-4.13.jar:4.13]
	at org.apache.maven.surefire.junitcore.JUnitCore.run(JUnitCore.java:55) [surefire-junit47-3.0.0-M4.jar:3.0.0-M4]
	at org.apache.maven.surefire.junitcore.JUnitCoreWrapper.createRequestAndRun(JUnitCoreWrapper.java:137) [surefire-junit47-3.0.0-M4.jar:3.0.0-M4]
	at org.apache.maven.surefire.junitcore.JUnitCoreWrapper.executeEager(JUnitCoreWrapper.java:107) [surefire-junit47-3.0.0-M4.jar:3.0.0-M4]
	at org.apache.maven.surefire.junitcore.JUnitCoreWrapper.execute(JUnitCoreWrapper.java:83) [surefire-junit47-3.0.0-M4.jar:3.0.0-M4]
	at org.apache.maven.surefire.junitcore.JUnitCoreWrapper.execute(JUnitCoreWrapper.java:75) [surefire-junit47-3.0.0-M4.jar:3.0.0-M4]
	at org.apache.maven.surefire.junitcore.JUnitCoreProvider.invoke(JUnitCoreProvider.java:158) [surefire-junit47-3.0.0-M4.jar:3.0.0-M4]
	at org.apache.maven.surefire.booter.ForkedBooter.runSuitesInProcess(ForkedBooter.java:377) [surefire-booter-3.0.0-M4.jar:3.0.0-M4]
	at org.apache.maven.surefire.booter.ForkedBooter.execute(ForkedBooter.java:138) [surefire-booter-3.0.0-M4.jar:3.0.0-M4]
	at org.apache.maven.surefire.booter.ForkedBooter.run(ForkedBooter.java:465) [surefire-booter-3.0.0-M4.jar:3.0.0-M4]
	at org.apache.maven.surefire.booter.ForkedBooter.main(ForkedBooter.java:451) [surefire-booter-3.0.0-M4.jar:3.0.0-M4]
2024-04-24T11:27:08,871  INFO [main] pigstats.JobStats: using output size reader: org.apache.pig.backend.hadoop.executionengine.mapReduceLayer.FileBasedOutputSizeReader
2024-04-24T11:27:08,871  WARN [main] pigstats.JobStats: unable to find the output file
java.io.FileNotFoundException: File junit_specific_size does not exist
	at org.apache.hadoop.fs.RawLocalFileSystem.listStatus(RawLocalFileSystem.java:464) ~[hadoop-common-3.1.0.jar:?]
	at org.apache.hadoop.fs.FileSystem.listStatus(FileSystem.java:1919) ~[hadoop-common-3.1.0.jar:?]
	at org.apache.hadoop.fs.FileSystem.listStatus(FileSystem.java:1961) ~[hadoop-common-3.1.0.jar:?]
	at org.apache.hadoop.fs.ChecksumFileSystem.listStatus(ChecksumFileSystem.java:678) ~[hadoop-common-3.1.0.jar:?]
	at org.apache.pig.backend.hadoop.executionengine.mapReduceLayer.FileBasedOutputSizeReader.getOutputSize(FileBasedOutputSizeReader.java:81) ~[pig-0.16.0-h2.jar:?]
	at org.apache.pig.tools.pigstats.JobStats.getOutputSize(JobStats.java:351) [pig-0.16.0-h2.jar:?]
	at org.apache.pig.tools.pigstats.mapreduce.MRJobStats.addOneOutputStats(MRJobStats.java:461) [pig-0.16.0-h2.jar:?]
	at org.apache.pig.tools.pigstats.mapreduce.MRJobStats.addOutputStatistics(MRJobStats.java:443) [pig-0.16.0-h2.jar:?]
	at org.apache.pig.tools.pigstats.mapreduce.MRPigStatsUtil.addSuccessJobStats(MRPigStatsUtil.java:237) [pig-0.16.0-h2.jar:?]
	at org.apache.pig.tools.pigstats.mapreduce.MRPigStatsUtil.accumulateStats(MRPigStatsUtil.java:165) [pig-0.16.0-h2.jar:?]
	at org.apache.pig.backend.hadoop.executionengine.mapReduceLayer.MapReduceLauncher.launchPig(MapReduceLauncher.java:360) [pig-0.16.0-h2.jar:?]
	at org.apache.pig.backend.hadoop.executionengine.HExecutionEngine.launchPig(HExecutionEngine.java:308) [pig-0.16.0-h2.jar:?]
	at org.apache.pig.PigServer.launchPlan(PigServer.java:1474) [pig-0.16.0-h2.jar:?]
	at org.apache.pig.PigServer.executeCompiledLogicalPlan(PigServer.java:1459) [pig-0.16.0-h2.jar:?]
	at org.apache.pig.PigServer.execute(PigServer.java:1448) [pig-0.16.0-h2.jar:?]
	at org.apache.pig.PigServer.executeBatch(PigServer.java:488) [pig-0.16.0-h2.jar:?]
	at org.apache.pig.PigServer.executeBatch(PigServer.java:471) [pig-0.16.0-h2.jar:?]
	at org.apache.hive.hcatalog.pig.AbstractHCatLoaderTest.setUpTest(AbstractHCatLoaderTest.java:226) [test-classes/:?]
	at sun.reflect.NativeMethodAccessorImpl.invoke0(Native Method) ~[?:1.8.0_402]
	at sun.reflect.NativeMethodAccessorImpl.invoke(NativeMethodAccessorImpl.java:62) ~[?:1.8.0_402]
	at sun.reflect.DelegatingMethodAccessorImpl.invoke(DelegatingMethodAccessorImpl.java:43) ~[?:1.8.0_402]
	at java.lang.reflect.Method.invoke(Method.java:498) ~[?:1.8.0_402]
	at org.junit.runners.model.FrameworkMethod$1.runReflectiveCall(FrameworkMethod.java:59) [junit-4.13.jar:4.13]
	at org.junit.internal.runners.model.ReflectiveCallable.run(ReflectiveCallable.java:12) [junit-4.13.jar:4.13]
	at org.junit.runners.model.FrameworkMethod.invokeExplosively(FrameworkMethod.java:56) [junit-4.13.jar:4.13]
	at org.junit.internal.runners.statements.RunBefores.invokeMethod(RunBefores.java:33) [junit-4.13.jar:4.13]
	at org.junit.internal.runners.statements.RunBefores.evaluate(RunBefores.java:24) [junit-4.13.jar:4.13]
	at org.junit.internal.runners.statements.RunAfters.evaluate(RunAfters.java:27) [junit-4.13.jar:4.13]
	at org.junit.runners.ParentRunner$3.evaluate(ParentRunner.java:306) [junit-4.13.jar:4.13]
	at org.junit.runners.BlockJUnit4ClassRunner$1.evaluate(BlockJUnit4ClassRunner.java:100) [junit-4.13.jar:4.13]
	at org.junit.runners.ParentRunner.runLeaf(ParentRunner.java:366) [junit-4.13.jar:4.13]
	at org.junit.runners.BlockJUnit4ClassRunner.runChild(BlockJUnit4ClassRunner.java:103) [junit-4.13.jar:4.13]
	at org.junit.runners.BlockJUnit4ClassRunner.runChild(BlockJUnit4ClassRunner.java:63) [junit-4.13.jar:4.13]
	at org.junit.runners.ParentRunner$4.run(ParentRunner.java:331) [junit-4.13.jar:4.13]
	at org.junit.runners.ParentRunner$1.schedule(ParentRunner.java:79) [junit-4.13.jar:4.13]
	at org.junit.runners.ParentRunner.runChildren(ParentRunner.java:329) [junit-4.13.jar:4.13]
	at org.junit.runners.ParentRunner.access$100(ParentRunner.java:66) [junit-4.13.jar:4.13]
	at org.junit.runners.ParentRunner$2.evaluate(ParentRunner.java:293) [junit-4.13.jar:4.13]
	at org.junit.internal.runners.statements.RunBefores.evaluate(RunBefores.java:26) [junit-4.13.jar:4.13]
	at org.junit.runners.ParentRunner$3.evaluate(ParentRunner.java:306) [junit-4.13.jar:4.13]
	at org.junit.runners.ParentRunner.run(ParentRunner.java:413) [junit-4.13.jar:4.13]
	at org.junit.runners.Suite.runChild(Suite.java:128) [junit-4.13.jar:4.13]
	at org.junit.runners.Suite.runChild(Suite.java:27) [junit-4.13.jar:4.13]
	at org.junit.runners.ParentRunner$4.run(ParentRunner.java:331) [junit-4.13.jar:4.13]
	at org.junit.runners.ParentRunner$1.schedule(ParentRunner.java:79) [junit-4.13.jar:4.13]
	at org.junit.runners.ParentRunner.runChildren(ParentRunner.java:329) [junit-4.13.jar:4.13]
	at org.junit.runners.ParentRunner.access$100(ParentRunner.java:66) [junit-4.13.jar:4.13]
	at org.junit.runners.ParentRunner$2.evaluate(ParentRunner.java:293) [junit-4.13.jar:4.13]
	at org.junit.runners.ParentRunner$3.evaluate(ParentRunner.java:306) [junit-4.13.jar:4.13]
	at org.junit.runners.ParentRunner.run(ParentRunner.java:413) [junit-4.13.jar:4.13]
	at org.apache.maven.surefire.junitcore.JUnitCore.run(JUnitCore.java:55) [surefire-junit47-3.0.0-M4.jar:3.0.0-M4]
	at org.apache.maven.surefire.junitcore.JUnitCoreWrapper.createRequestAndRun(JUnitCoreWrapper.java:137) [surefire-junit47-3.0.0-M4.jar:3.0.0-M4]
	at org.apache.maven.surefire.junitcore.JUnitCoreWrapper.executeEager(JUnitCoreWrapper.java:107) [surefire-junit47-3.0.0-M4.jar:3.0.0-M4]
	at org.apache.maven.surefire.junitcore.JUnitCoreWrapper.execute(JUnitCoreWrapper.java:83) [surefire-junit47-3.0.0-M4.jar:3.0.0-M4]
	at org.apache.maven.surefire.junitcore.JUnitCoreWrapper.execute(JUnitCoreWrapper.java:75) [surefire-junit47-3.0.0-M4.jar:3.0.0-M4]
	at org.apache.maven.surefire.junitcore.JUnitCoreProvider.invoke(JUnitCoreProvider.java:158) [surefire-junit47-3.0.0-M4.jar:3.0.0-M4]
	at org.apache.maven.surefire.booter.ForkedBooter.runSuitesInProcess(ForkedBooter.java:377) [surefire-booter-3.0.0-M4.jar:3.0.0-M4]
	at org.apache.maven.surefire.booter.ForkedBooter.execute(ForkedBooter.java:138) [surefire-booter-3.0.0-M4.jar:3.0.0-M4]
	at org.apache.maven.surefire.booter.ForkedBooter.run(ForkedBooter.java:465) [surefire-booter-3.0.0-M4.jar:3.0.0-M4]
	at org.apache.maven.surefire.booter.ForkedBooter.main(ForkedBooter.java:451) [surefire-booter-3.0.0-M4.jar:3.0.0-M4]
2024-04-24T11:27:08,873  INFO [main] pigstats.JobStats: using output size reader: org.apache.pig.backend.hadoop.executionengine.mapReduceLayer.FileBasedOutputSizeReader
2024-04-24T11:27:08,873  WARN [main] pigstats.JobStats: unable to find the output file
java.io.FileNotFoundException: File junit_specific_db.junit_specific_size2 does not exist
	at org.apache.hadoop.fs.RawLocalFileSystem.listStatus(RawLocalFileSystem.java:464) ~[hadoop-common-3.1.0.jar:?]
	at org.apache.hadoop.fs.FileSystem.listStatus(FileSystem.java:1919) ~[hadoop-common-3.1.0.jar:?]
	at org.apache.hadoop.fs.FileSystem.listStatus(FileSystem.java:1961) ~[hadoop-common-3.1.0.jar:?]
	at org.apache.hadoop.fs.ChecksumFileSystem.listStatus(ChecksumFileSystem.java:678) ~[hadoop-common-3.1.0.jar:?]
	at org.apache.pig.backend.hadoop.executionengine.mapReduceLayer.FileBasedOutputSizeReader.getOutputSize(FileBasedOutputSizeReader.java:81) ~[pig-0.16.0-h2.jar:?]
	at org.apache.pig.tools.pigstats.JobStats.getOutputSize(JobStats.java:351) [pig-0.16.0-h2.jar:?]
	at org.apache.pig.tools.pigstats.mapreduce.MRJobStats.addOneOutputStats(MRJobStats.java:461) [pig-0.16.0-h2.jar:?]
	at org.apache.pig.tools.pigstats.mapreduce.MRJobStats.addOutputStatistics(MRJobStats.java:443) [pig-0.16.0-h2.jar:?]
	at org.apache.pig.tools.pigstats.mapreduce.MRPigStatsUtil.addSuccessJobStats(MRPigStatsUtil.java:237) [pig-0.16.0-h2.jar:?]
	at org.apache.pig.tools.pigstats.mapreduce.MRPigStatsUtil.accumulateStats(MRPigStatsUtil.java:165) [pig-0.16.0-h2.jar:?]
	at org.apache.pig.backend.hadoop.executionengine.mapReduceLayer.MapReduceLauncher.launchPig(MapReduceLauncher.java:360) [pig-0.16.0-h2.jar:?]
	at org.apache.pig.backend.hadoop.executionengine.HExecutionEngine.launchPig(HExecutionEngine.java:308) [pig-0.16.0-h2.jar:?]
	at org.apache.pig.PigServer.launchPlan(PigServer.java:1474) [pig-0.16.0-h2.jar:?]
	at org.apache.pig.PigServer.executeCompiledLogicalPlan(PigServer.java:1459) [pig-0.16.0-h2.jar:?]
	at org.apache.pig.PigServer.execute(PigServer.java:1448) [pig-0.16.0-h2.jar:?]
	at org.apache.pig.PigServer.executeBatch(PigServer.java:488) [pig-0.16.0-h2.jar:?]
	at org.apache.pig.PigServer.executeBatch(PigServer.java:471) [pig-0.16.0-h2.jar:?]
	at org.apache.hive.hcatalog.pig.AbstractHCatLoaderTest.setUpTest(AbstractHCatLoaderTest.java:226) [test-classes/:?]
	at sun.reflect.NativeMethodAccessorImpl.invoke0(Native Method) ~[?:1.8.0_402]
	at sun.reflect.NativeMethodAccessorImpl.invoke(NativeMethodAccessorImpl.java:62) ~[?:1.8.0_402]
	at sun.reflect.DelegatingMethodAccessorImpl.invoke(DelegatingMethodAccessorImpl.java:43) ~[?:1.8.0_402]
	at java.lang.reflect.Method.invoke(Method.java:498) ~[?:1.8.0_402]
	at org.junit.runners.model.FrameworkMethod$1.runReflectiveCall(FrameworkMethod.java:59) [junit-4.13.jar:4.13]
	at org.junit.internal.runners.model.ReflectiveCallable.run(ReflectiveCallable.java:12) [junit-4.13.jar:4.13]
	at org.junit.runners.model.FrameworkMethod.invokeExplosively(FrameworkMethod.java:56) [junit-4.13.jar:4.13]
	at org.junit.internal.runners.statements.RunBefores.invokeMethod(RunBefores.java:33) [junit-4.13.jar:4.13]
	at org.junit.internal.runners.statements.RunBefores.evaluate(RunBefores.java:24) [junit-4.13.jar:4.13]
	at org.junit.internal.runners.statements.RunAfters.evaluate(RunAfters.java:27) [junit-4.13.jar:4.13]
	at org.junit.runners.ParentRunner$3.evaluate(ParentRunner.java:306) [junit-4.13.jar:4.13]
	at org.junit.runners.BlockJUnit4ClassRunner$1.evaluate(BlockJUnit4ClassRunner.java:100) [junit-4.13.jar:4.13]
	at org.junit.runners.ParentRunner.runLeaf(ParentRunner.java:366) [junit-4.13.jar:4.13]
	at org.junit.runners.BlockJUnit4ClassRunner.runChild(BlockJUnit4ClassRunner.java:103) [junit-4.13.jar:4.13]
	at org.junit.runners.BlockJUnit4ClassRunner.runChild(BlockJUnit4ClassRunner.java:63) [junit-4.13.jar:4.13]
	at org.junit.runners.ParentRunner$4.run(ParentRunner.java:331) [junit-4.13.jar:4.13]
	at org.junit.runners.ParentRunner$1.schedule(ParentRunner.java:79) [junit-4.13.jar:4.13]
	at org.junit.runners.ParentRunner.runChildren(ParentRunner.java:329) [junit-4.13.jar:4.13]
	at org.junit.runners.ParentRunner.access$100(ParentRunner.java:66) [junit-4.13.jar:4.13]
	at org.junit.runners.ParentRunner$2.evaluate(ParentRunner.java:293) [junit-4.13.jar:4.13]
	at org.junit.internal.runners.statements.RunBefores.evaluate(RunBefores.java:26) [junit-4.13.jar:4.13]
	at org.junit.runners.ParentRunner$3.evaluate(ParentRunner.java:306) [junit-4.13.jar:4.13]
	at org.junit.runners.ParentRunner.run(ParentRunner.java:413) [junit-4.13.jar:4.13]
	at org.junit.runners.Suite.runChild(Suite.java:128) [junit-4.13.jar:4.13]
	at org.junit.runners.Suite.runChild(Suite.java:27) [junit-4.13.jar:4.13]
	at org.junit.runners.ParentRunner$4.run(ParentRunner.java:331) [junit-4.13.jar:4.13]
	at org.junit.runners.ParentRunner$1.schedule(ParentRunner.java:79) [junit-4.13.jar:4.13]
	at org.junit.runners.ParentRunner.runChildren(ParentRunner.java:329) [junit-4.13.jar:4.13]
	at org.junit.runners.ParentRunner.access$100(ParentRunner.java:66) [junit-4.13.jar:4.13]
	at org.junit.runners.ParentRunner$2.evaluate(ParentRunner.java:293) [junit-4.13.jar:4.13]
	at org.junit.runners.ParentRunner$3.evaluate(ParentRunner.java:306) [junit-4.13.jar:4.13]
	at org.junit.runners.ParentRunner.run(ParentRunner.java:413) [junit-4.13.jar:4.13]
	at org.apache.maven.surefire.junitcore.JUnitCore.run(JUnitCore.java:55) [surefire-junit47-3.0.0-M4.jar:3.0.0-M4]
	at org.apache.maven.surefire.junitcore.JUnitCoreWrapper.createRequestAndRun(JUnitCoreWrapper.java:137) [surefire-junit47-3.0.0-M4.jar:3.0.0-M4]
	at org.apache.maven.surefire.junitcore.JUnitCoreWrapper.executeEager(JUnitCoreWrapper.java:107) [surefire-junit47-3.0.0-M4.jar:3.0.0-M4]
	at org.apache.maven.surefire.junitcore.JUnitCoreWrapper.execute(JUnitCoreWrapper.java:83) [surefire-junit47-3.0.0-M4.jar:3.0.0-M4]
	at org.apache.maven.surefire.junitcore.JUnitCoreWrapper.execute(JUnitCoreWrapper.java:75) [surefire-junit47-3.0.0-M4.jar:3.0.0-M4]
	at org.apache.maven.surefire.junitcore.JUnitCoreProvider.invoke(JUnitCoreProvider.java:158) [surefire-junit47-3.0.0-M4.jar:3.0.0-M4]
	at org.apache.maven.surefire.booter.ForkedBooter.runSuitesInProcess(ForkedBooter.java:377) [surefire-booter-3.0.0-M4.jar:3.0.0-M4]
	at org.apache.maven.surefire.booter.ForkedBooter.execute(ForkedBooter.java:138) [surefire-booter-3.0.0-M4.jar:3.0.0-M4]
	at org.apache.maven.surefire.booter.ForkedBooter.run(ForkedBooter.java:465) [surefire-booter-3.0.0-M4.jar:3.0.0-M4]
	at org.apache.maven.surefire.booter.ForkedBooter.main(ForkedBooter.java:451) [surefire-booter-3.0.0-M4.jar:3.0.0-M4]
2024-04-24T11:27:08,876  INFO [main] pigstats.JobStats: using output size reader: org.apache.pig.backend.hadoop.executionengine.mapReduceLayer.FileBasedOutputSizeReader
2024-04-24T11:27:08,877  WARN [main] pigstats.JobStats: unable to find the output file
java.io.FileNotFoundException: File junit_parted_basic does not exist
	at org.apache.hadoop.fs.RawLocalFileSystem.listStatus(RawLocalFileSystem.java:464) ~[hadoop-common-3.1.0.jar:?]
	at org.apache.hadoop.fs.FileSystem.listStatus(FileSystem.java:1919) ~[hadoop-common-3.1.0.jar:?]
	at org.apache.hadoop.fs.FileSystem.listStatus(FileSystem.java:1961) ~[hadoop-common-3.1.0.jar:?]
	at org.apache.hadoop.fs.ChecksumFileSystem.listStatus(ChecksumFileSystem.java:678) ~[hadoop-common-3.1.0.jar:?]
	at org.apache.pig.backend.hadoop.executionengine.mapReduceLayer.FileBasedOutputSizeReader.getOutputSize(FileBasedOutputSizeReader.java:81) ~[pig-0.16.0-h2.jar:?]
	at org.apache.pig.tools.pigstats.JobStats.getOutputSize(JobStats.java:351) [pig-0.16.0-h2.jar:?]
	at org.apache.pig.tools.pigstats.mapreduce.MRJobStats.addOneOutputStats(MRJobStats.java:461) [pig-0.16.0-h2.jar:?]
	at org.apache.pig.tools.pigstats.mapreduce.MRJobStats.addOutputStatistics(MRJobStats.java:443) [pig-0.16.0-h2.jar:?]
	at org.apache.pig.tools.pigstats.mapreduce.MRPigStatsUtil.addSuccessJobStats(MRPigStatsUtil.java:237) [pig-0.16.0-h2.jar:?]
	at org.apache.pig.tools.pigstats.mapreduce.MRPigStatsUtil.accumulateStats(MRPigStatsUtil.java:165) [pig-0.16.0-h2.jar:?]
	at org.apache.pig.backend.hadoop.executionengine.mapReduceLayer.MapReduceLauncher.launchPig(MapReduceLauncher.java:360) [pig-0.16.0-h2.jar:?]
	at org.apache.pig.backend.hadoop.executionengine.HExecutionEngine.launchPig(HExecutionEngine.java:308) [pig-0.16.0-h2.jar:?]
	at org.apache.pig.PigServer.launchPlan(PigServer.java:1474) [pig-0.16.0-h2.jar:?]
	at org.apache.pig.PigServer.executeCompiledLogicalPlan(PigServer.java:1459) [pig-0.16.0-h2.jar:?]
	at org.apache.pig.PigServer.execute(PigServer.java:1448) [pig-0.16.0-h2.jar:?]
	at org.apache.pig.PigServer.executeBatch(PigServer.java:488) [pig-0.16.0-h2.jar:?]
	at org.apache.pig.PigServer.executeBatch(PigServer.java:471) [pig-0.16.0-h2.jar:?]
	at org.apache.hive.hcatalog.pig.AbstractHCatLoaderTest.setUpTest(AbstractHCatLoaderTest.java:226) [test-classes/:?]
	at sun.reflect.NativeMethodAccessorImpl.invoke0(Native Method) ~[?:1.8.0_402]
	at sun.reflect.NativeMethodAccessorImpl.invoke(NativeMethodAccessorImpl.java:62) ~[?:1.8.0_402]
	at sun.reflect.DelegatingMethodAccessorImpl.invoke(DelegatingMethodAccessorImpl.java:43) ~[?:1.8.0_402]
	at java.lang.reflect.Method.invoke(Method.java:498) ~[?:1.8.0_402]
	at org.junit.runners.model.FrameworkMethod$1.runReflectiveCall(FrameworkMethod.java:59) [junit-4.13.jar:4.13]
	at org.junit.internal.runners.model.ReflectiveCallable.run(ReflectiveCallable.java:12) [junit-4.13.jar:4.13]
	at org.junit.runners.model.FrameworkMethod.invokeExplosively(FrameworkMethod.java:56) [junit-4.13.jar:4.13]
	at org.junit.internal.runners.statements.RunBefores.invokeMethod(RunBefores.java:33) [junit-4.13.jar:4.13]
	at org.junit.internal.runners.statements.RunBefores.evaluate(RunBefores.java:24) [junit-4.13.jar:4.13]
	at org.junit.internal.runners.statements.RunAfters.evaluate(RunAfters.java:27) [junit-4.13.jar:4.13]
	at org.junit.runners.ParentRunner$3.evaluate(ParentRunner.java:306) [junit-4.13.jar:4.13]
	at org.junit.runners.BlockJUnit4ClassRunner$1.evaluate(BlockJUnit4ClassRunner.java:100) [junit-4.13.jar:4.13]
	at org.junit.runners.ParentRunner.runLeaf(ParentRunner.java:366) [junit-4.13.jar:4.13]
	at org.junit.runners.BlockJUnit4ClassRunner.runChild(BlockJUnit4ClassRunner.java:103) [junit-4.13.jar:4.13]
	at org.junit.runners.BlockJUnit4ClassRunner.runChild(BlockJUnit4ClassRunner.java:63) [junit-4.13.jar:4.13]
	at org.junit.runners.ParentRunner$4.run(ParentRunner.java:331) [junit-4.13.jar:4.13]
	at org.junit.runners.ParentRunner$1.schedule(ParentRunner.java:79) [junit-4.13.jar:4.13]
	at org.junit.runners.ParentRunner.runChildren(ParentRunner.java:329) [junit-4.13.jar:4.13]
	at org.junit.runners.ParentRunner.access$100(ParentRunner.java:66) [junit-4.13.jar:4.13]
	at org.junit.runners.ParentRunner$2.evaluate(ParentRunner.java:293) [junit-4.13.jar:4.13]
	at org.junit.internal.runners.statements.RunBefores.evaluate(RunBefores.java:26) [junit-4.13.jar:4.13]
	at org.junit.runners.ParentRunner$3.evaluate(ParentRunner.java:306) [junit-4.13.jar:4.13]
	at org.junit.runners.ParentRunner.run(ParentRunner.java:413) [junit-4.13.jar:4.13]
	at org.junit.runners.Suite.runChild(Suite.java:128) [junit-4.13.jar:4.13]
	at org.junit.runners.Suite.runChild(Suite.java:27) [junit-4.13.jar:4.13]
	at org.junit.runners.ParentRunner$4.run(ParentRunner.java:331) [junit-4.13.jar:4.13]
	at org.junit.runners.ParentRunner$1.schedule(ParentRunner.java:79) [junit-4.13.jar:4.13]
	at org.junit.runners.ParentRunner.runChildren(ParentRunner.java:329) [junit-4.13.jar:4.13]
	at org.junit.runners.ParentRunner.access$100(ParentRunner.java:66) [junit-4.13.jar:4.13]
	at org.junit.runners.ParentRunner$2.evaluate(ParentRunner.java:293) [junit-4.13.jar:4.13]
	at org.junit.runners.ParentRunner$3.evaluate(ParentRunner.java:306) [junit-4.13.jar:4.13]
	at org.junit.runners.ParentRunner.run(ParentRunner.java:413) [junit-4.13.jar:4.13]
	at org.apache.maven.surefire.junitcore.JUnitCore.run(JUnitCore.java:55) [surefire-junit47-3.0.0-M4.jar:3.0.0-M4]
	at org.apache.maven.surefire.junitcore.JUnitCoreWrapper.createRequestAndRun(JUnitCoreWrapper.java:137) [surefire-junit47-3.0.0-M4.jar:3.0.0-M4]
	at org.apache.maven.surefire.junitcore.JUnitCoreWrapper.executeEager(JUnitCoreWrapper.java:107) [surefire-junit47-3.0.0-M4.jar:3.0.0-M4]
	at org.apache.maven.surefire.junitcore.JUnitCoreWrapper.execute(JUnitCoreWrapper.java:83) [surefire-junit47-3.0.0-M4.jar:3.0.0-M4]
	at org.apache.maven.surefire.junitcore.JUnitCoreWrapper.execute(JUnitCoreWrapper.java:75) [surefire-junit47-3.0.0-M4.jar:3.0.0-M4]
	at org.apache.maven.surefire.junitcore.JUnitCoreProvider.invoke(JUnitCoreProvider.java:158) [surefire-junit47-3.0.0-M4.jar:3.0.0-M4]
	at org.apache.maven.surefire.booter.ForkedBooter.runSuitesInProcess(ForkedBooter.java:377) [surefire-booter-3.0.0-M4.jar:3.0.0-M4]
	at org.apache.maven.surefire.booter.ForkedBooter.execute(ForkedBooter.java:138) [surefire-booter-3.0.0-M4.jar:3.0.0-M4]
	at org.apache.maven.surefire.booter.ForkedBooter.run(ForkedBooter.java:465) [surefire-booter-3.0.0-M4.jar:3.0.0-M4]
	at org.apache.maven.surefire.booter.ForkedBooter.main(ForkedBooter.java:451) [surefire-booter-3.0.0-M4.jar:3.0.0-M4]
2024-04-24T11:27:08,878  INFO [main] pigstats.JobStats: using output size reader: org.apache.pig.backend.hadoop.executionengine.mapReduceLayer.FileBasedOutputSizeReader
2024-04-24T11:27:08,878  WARN [main] pigstats.JobStats: unable to find the output file
java.io.FileNotFoundException: File junit_parted_basic does not exist
	at org.apache.hadoop.fs.RawLocalFileSystem.listStatus(RawLocalFileSystem.java:464) ~[hadoop-common-3.1.0.jar:?]
	at org.apache.hadoop.fs.FileSystem.listStatus(FileSystem.java:1919) ~[hadoop-common-3.1.0.jar:?]
	at org.apache.hadoop.fs.FileSystem.listStatus(FileSystem.java:1961) ~[hadoop-common-3.1.0.jar:?]
	at org.apache.hadoop.fs.ChecksumFileSystem.listStatus(ChecksumFileSystem.java:678) ~[hadoop-common-3.1.0.jar:?]
	at org.apache.pig.backend.hadoop.executionengine.mapReduceLayer.FileBasedOutputSizeReader.getOutputSize(FileBasedOutputSizeReader.java:81) ~[pig-0.16.0-h2.jar:?]
	at org.apache.pig.tools.pigstats.JobStats.getOutputSize(JobStats.java:351) [pig-0.16.0-h2.jar:?]
	at org.apache.pig.tools.pigstats.mapreduce.MRJobStats.addOneOutputStats(MRJobStats.java:461) [pig-0.16.0-h2.jar:?]
	at org.apache.pig.tools.pigstats.mapreduce.MRJobStats.addOutputStatistics(MRJobStats.java:443) [pig-0.16.0-h2.jar:?]
	at org.apache.pig.tools.pigstats.mapreduce.MRPigStatsUtil.addSuccessJobStats(MRPigStatsUtil.java:237) [pig-0.16.0-h2.jar:?]
	at org.apache.pig.tools.pigstats.mapreduce.MRPigStatsUtil.accumulateStats(MRPigStatsUtil.java:165) [pig-0.16.0-h2.jar:?]
	at org.apache.pig.backend.hadoop.executionengine.mapReduceLayer.MapReduceLauncher.launchPig(MapReduceLauncher.java:360) [pig-0.16.0-h2.jar:?]
	at org.apache.pig.backend.hadoop.executionengine.HExecutionEngine.launchPig(HExecutionEngine.java:308) [pig-0.16.0-h2.jar:?]
	at org.apache.pig.PigServer.launchPlan(PigServer.java:1474) [pig-0.16.0-h2.jar:?]
	at org.apache.pig.PigServer.executeCompiledLogicalPlan(PigServer.java:1459) [pig-0.16.0-h2.jar:?]
	at org.apache.pig.PigServer.execute(PigServer.java:1448) [pig-0.16.0-h2.jar:?]
	at org.apache.pig.PigServer.executeBatch(PigServer.java:488) [pig-0.16.0-h2.jar:?]
	at org.apache.pig.PigServer.executeBatch(PigServer.java:471) [pig-0.16.0-h2.jar:?]
	at org.apache.hive.hcatalog.pig.AbstractHCatLoaderTest.setUpTest(AbstractHCatLoaderTest.java:226) [test-classes/:?]
	at sun.reflect.NativeMethodAccessorImpl.invoke0(Native Method) ~[?:1.8.0_402]
	at sun.reflect.NativeMethodAccessorImpl.invoke(NativeMethodAccessorImpl.java:62) ~[?:1.8.0_402]
	at sun.reflect.DelegatingMethodAccessorImpl.invoke(DelegatingMethodAccessorImpl.java:43) ~[?:1.8.0_402]
	at java.lang.reflect.Method.invoke(Method.java:498) ~[?:1.8.0_402]
	at org.junit.runners.model.FrameworkMethod$1.runReflectiveCall(FrameworkMethod.java:59) [junit-4.13.jar:4.13]
	at org.junit.internal.runners.model.ReflectiveCallable.run(ReflectiveCallable.java:12) [junit-4.13.jar:4.13]
	at org.junit.runners.model.FrameworkMethod.invokeExplosively(FrameworkMethod.java:56) [junit-4.13.jar:4.13]
	at org.junit.internal.runners.statements.RunBefores.invokeMethod(RunBefores.java:33) [junit-4.13.jar:4.13]
	at org.junit.internal.runners.statements.RunBefores.evaluate(RunBefores.java:24) [junit-4.13.jar:4.13]
	at org.junit.internal.runners.statements.RunAfters.evaluate(RunAfters.java:27) [junit-4.13.jar:4.13]
	at org.junit.runners.ParentRunner$3.evaluate(ParentRunner.java:306) [junit-4.13.jar:4.13]
	at org.junit.runners.BlockJUnit4ClassRunner$1.evaluate(BlockJUnit4ClassRunner.java:100) [junit-4.13.jar:4.13]
	at org.junit.runners.ParentRunner.runLeaf(ParentRunner.java:366) [junit-4.13.jar:4.13]
	at org.junit.runners.BlockJUnit4ClassRunner.runChild(BlockJUnit4ClassRunner.java:103) [junit-4.13.jar:4.13]
	at org.junit.runners.BlockJUnit4ClassRunner.runChild(BlockJUnit4ClassRunner.java:63) [junit-4.13.jar:4.13]
	at org.junit.runners.ParentRunner$4.run(ParentRunner.java:331) [junit-4.13.jar:4.13]
	at org.junit.runners.ParentRunner$1.schedule(ParentRunner.java:79) [junit-4.13.jar:4.13]
	at org.junit.runners.ParentRunner.runChildren(ParentRunner.java:329) [junit-4.13.jar:4.13]
	at org.junit.runners.ParentRunner.access$100(ParentRunner.java:66) [junit-4.13.jar:4.13]
	at org.junit.runners.ParentRunner$2.evaluate(ParentRunner.java:293) [junit-4.13.jar:4.13]
	at org.junit.internal.runners.statements.RunBefores.evaluate(RunBefores.java:26) [junit-4.13.jar:4.13]
	at org.junit.runners.ParentRunner$3.evaluate(ParentRunner.java:306) [junit-4.13.jar:4.13]
	at org.junit.runners.ParentRunner.run(ParentRunner.java:413) [junit-4.13.jar:4.13]
	at org.junit.runners.Suite.runChild(Suite.java:128) [junit-4.13.jar:4.13]
	at org.junit.runners.Suite.runChild(Suite.java:27) [junit-4.13.jar:4.13]
	at org.junit.runners.ParentRunner$4.run(ParentRunner.java:331) [junit-4.13.jar:4.13]
	at org.junit.runners.ParentRunner$1.schedule(ParentRunner.java:79) [junit-4.13.jar:4.13]
	at org.junit.runners.ParentRunner.runChildren(ParentRunner.java:329) [junit-4.13.jar:4.13]
	at org.junit.runners.ParentRunner.access$100(ParentRunner.java:66) [junit-4.13.jar:4.13]
	at org.junit.runners.ParentRunner$2.evaluate(ParentRunner.java:293) [junit-4.13.jar:4.13]
	at org.junit.runners.ParentRunner$3.evaluate(ParentRunner.java:306) [junit-4.13.jar:4.13]
	at org.junit.runners.ParentRunner.run(ParentRunner.java:413) [junit-4.13.jar:4.13]
	at org.apache.maven.surefire.junitcore.JUnitCore.run(JUnitCore.java:55) [surefire-junit47-3.0.0-M4.jar:3.0.0-M4]
	at org.apache.maven.surefire.junitcore.JUnitCoreWrapper.createRequestAndRun(JUnitCoreWrapper.java:137) [surefire-junit47-3.0.0-M4.jar:3.0.0-M4]
	at org.apache.maven.surefire.junitcore.JUnitCoreWrapper.executeEager(JUnitCoreWrapper.java:107) [surefire-junit47-3.0.0-M4.jar:3.0.0-M4]
	at org.apache.maven.surefire.junitcore.JUnitCoreWrapper.execute(JUnitCoreWrapper.java:83) [surefire-junit47-3.0.0-M4.jar:3.0.0-M4]
	at org.apache.maven.surefire.junitcore.JUnitCoreWrapper.execute(JUnitCoreWrapper.java:75) [surefire-junit47-3.0.0-M4.jar:3.0.0-M4]
	at org.apache.maven.surefire.junitcore.JUnitCoreProvider.invoke(JUnitCoreProvider.java:158) [surefire-junit47-3.0.0-M4.jar:3.0.0-M4]
	at org.apache.maven.surefire.booter.ForkedBooter.runSuitesInProcess(ForkedBooter.java:377) [surefire-booter-3.0.0-M4.jar:3.0.0-M4]
	at org.apache.maven.surefire.booter.ForkedBooter.execute(ForkedBooter.java:138) [surefire-booter-3.0.0-M4.jar:3.0.0-M4]
	at org.apache.maven.surefire.booter.ForkedBooter.run(ForkedBooter.java:465) [surefire-booter-3.0.0-M4.jar:3.0.0-M4]
	at org.apache.maven.surefire.booter.ForkedBooter.main(ForkedBooter.java:451) [surefire-booter-3.0.0-M4.jar:3.0.0-M4]
2024-04-24T11:27:08,880  INFO [main] mapReduceLayer.MapReduceLauncher: 100% complete
2024-04-24T11:27:08,882  INFO [main] mapreduce.SimplePigStats: Script Statistics: 

HadoopVersion	PigVersion	UserId	StartedAt	FinishedAt	Features
3.1.0	0.16.0	alex	2024-04-24 11:27:06	2024-04-24 11:27:08	FILTER

Success!

Job Stats (time in seconds):
JobId	Maps	Reduces	MaxMapTime	MinMapTime	AvgMapTime	MedianMapTime	MaxReduceTime	MinReduceTime	AvgReduceTime	MedianReducetime	Alias	Feature	Outputs
job_local1346221963_0002	1	0	n/a	n/a	n/a	n/a	0	0	0	0	A,B,B2,C,C2	MULTI_QUERY,MAP_ONLY	junit_unparted_basic,junit_specific_size,junit_specific_db.junit_specific_size2,junit_parted_basic,junit_parted_basic,
job_local1533911921_0001	1	0	n/a	n/a	n/a	n/a	0	0	0	0	E,F	MAP_ONLY	junit_parted_date,
job_local56531673_0003	1	0	n/a	n/a	n/a	n/a	0	0	0	0	D	MAP_ONLY	junit_unparted_complex,

Input(s):
Successfully read 9 records from: "/home/alex/Repositories/hive/hcatalog/hcatalog-pig-adapter/build/test/data/org.apache.hive.hcatalog.mapreduce.HCatBaseTest-1713983215978/basic.input.data"
Successfully read 2 records from: "/home/alex/Repositories/hive/hcatalog/hcatalog-pig-adapter/build/test/data/org.apache.hive.hcatalog.mapreduce.HCatBaseTest-1713983215978/datetimestamp.input.data"
Successfully read 2 records from: "/home/alex/Repositories/hive/hcatalog/hcatalog-pig-adapter/build/test/data/org.apache.hive.hcatalog.mapreduce.HCatBaseTest-1713983215978/complex.input.data"

Output(s):
Successfully stored 0 records in: "junit_unparted_basic"
Successfully stored 0 records in: "junit_specific_size"
Successfully stored 0 records in: "junit_specific_db.junit_specific_size2"
Successfully stored 0 records in: "junit_parted_basic"
Successfully stored records in: "junit_parted_basic"
Successfully stored 2 records in: "junit_parted_date"
Successfully stored 2 records in: "junit_unparted_complex"

Counters:
Total records written : 4
Total bytes written : 0
Spillable Memory Manager spill count : 0
Total bags proactively spilled: 0
Total records proactively spilled: 0

Job DAG:
job_local1346221963_0002
job_local1533911921_0001
job_local56531673_0003


2024-04-24T11:27:08,885  WARN [main] impl.MetricsSystemImpl: JobTracker metrics system already initialized!
2024-04-24T11:27:08,889  WARN [main] impl.MetricsSystemImpl: JobTracker metrics system already initialized!
2024-04-24T11:27:08,893  WARN [main] impl.MetricsSystemImpl: JobTracker metrics system already initialized!
2024-04-24T11:27:08,895  WARN [main] impl.MetricsSystemImpl: JobTracker metrics system already initialized!
2024-04-24T11:27:08,900  WARN [main] impl.MetricsSystemImpl: JobTracker metrics system already initialized!
2024-04-24T11:27:08,902  WARN [main] impl.MetricsSystemImpl: JobTracker metrics system already initialized!
2024-04-24T11:27:08,904  INFO [main] mapReduceLayer.MapReduceLauncher: Success!
2024-04-24T11:27:08,925  INFO [main] executionengine.HExecutionEngine: Connecting to hadoop file system at: file:///
2024-04-24T11:27:08,925  INFO [main] pig.PigServer: Pig Script ID for the session: PIG-default-773f6ce7-6369-4b4e-88ef-689d661eecc4
2024-04-24T11:27:08,949  WARN [main] conf.HiveConf: HiveConf of name hive.llap.io.cache.orc.alloc.max does not exist
2024-04-24T11:27:08,949  WARN [main] conf.HiveConf: HiveConf of name hive.stats.key.prefix.reserve.length does not exist
2024-04-24T11:27:08,949  WARN [main] conf.HiveConf: HiveConf of name hive.metastore.metadb.dir does not exist
2024-04-24T11:27:08,949  WARN [main] conf.HiveConf: HiveConf of name hive.dummyparam.test.server.specific.config.hivesite does not exist
2024-04-24T11:27:08,949  WARN [main] conf.HiveConf: HiveConf of name hive.dummyparam.test.server.specific.config.metastoresite does not exist
2024-04-24T11:27:08,949  WARN [main] conf.HiveConf: HiveConf of name hive.llap.io.cache.orc.size does not exist
2024-04-24T11:27:08,949  WARN [main] conf.HiveConf: HiveConf of name hive.llap.io.cache.orc.alloc.min does not exist
2024-04-24T11:27:08,949  WARN [main] conf.HiveConf: HiveConf of name hive.metastore.client.cache.maxSize does not exist
2024-04-24T11:27:08,949  WARN [main] conf.HiveConf: HiveConf of name hive.metastore.client.cache.recordStats does not exist
2024-04-24T11:27:08,949  WARN [main] conf.HiveConf: HiveConf of name hive.llap.io.cache.orc.arena.size does not exist
2024-04-24T11:27:08,949  WARN [main] conf.HiveConf: HiveConf of name hive.dummyparam.test.server.specific.config.override does not exist
2024-04-24T11:27:08,950  INFO [main] HiveMetaStore.audit: ugi=alex	ip=unknown-ip-addr	cmd=get_databases: @hive#NonExistentDatabaseUsedForHealthCheck	
2024-04-24T11:27:08,953  INFO [main] HiveMetaStore.audit: ugi=alex	ip=unknown-ip-addr	cmd=get_table : tbl=hive.default.junit_unparted_complex	
2024-04-24T11:27:08,967  INFO [main] metastore.HMSHandler: Skipping translation for processor with null
2024-04-24T11:27:08,986  WARN [main] conf.HiveConf: HiveConf of name hive.dummyparam.test.server.specific.config.override does not exist
2024-04-24T11:27:08,986  WARN [main] conf.HiveConf: HiveConf of name hive.metastore.client.cache.maxSize does not exist
2024-04-24T11:27:08,986  WARN [main] conf.HiveConf: HiveConf of name hive.metastore.client.cache.recordStats does not exist
2024-04-24T11:27:08,986  WARN [main] conf.HiveConf: HiveConf of name hive.stats.key.prefix.reserve.length does not exist
2024-04-24T11:27:08,986  WARN [main] conf.HiveConf: HiveConf of name hive.llap.io.cache.orc.size does not exist
2024-04-24T11:27:08,986  WARN [main] conf.HiveConf: HiveConf of name hive.metastore.metadb.dir does not exist
2024-04-24T11:27:08,987  WARN [main] conf.HiveConf: HiveConf of name hive.llap.io.cache.orc.alloc.min does not exist
2024-04-24T11:27:08,987  WARN [main] conf.HiveConf: HiveConf of name hive.dummyparam.test.server.specific.config.hivesite does not exist
2024-04-24T11:27:08,987  WARN [main] conf.HiveConf: HiveConf of name hive.dummyparam.test.server.specific.config.metastoresite does not exist
2024-04-24T11:27:08,987  WARN [main] conf.HiveConf: HiveConf of name hive.llap.io.cache.orc.alloc.max does not exist
2024-04-24T11:27:08,987  WARN [main] conf.HiveConf: HiveConf of name hive.llap.io.cache.orc.arena.size does not exist
2024-04-24T11:27:08,988  INFO [main] HiveMetaStore.audit: ugi=alex	ip=unknown-ip-addr	cmd=get_databases: @hive#NonExistentDatabaseUsedForHealthCheck	
2024-04-24T11:27:08,991  INFO [main] HiveMetaStore.audit: ugi=alex	ip=unknown-ip-addr	cmd=get_table : tbl=hive.default.junit_unparted_complex	
2024-04-24T11:27:09,006  INFO [main] metastore.HMSHandler: Skipping translation for processor with null
2024-04-24T11:27:09,008  INFO [main] ql.Driver: Compiling command(queryId=alex_20240424112656_1fa93c9f-f499-4778-8e1b-e92b23428248): drop table if exists junit_unparted_basic
2024-04-24T11:27:09,011  INFO [main] HiveMetaStore.audit: ugi=alex	ip=unknown-ip-addr	cmd=get_table : tbl=hive.default.junit_unparted_basic	
2024-04-24T11:27:09,025  INFO [main] metastore.HMSHandler: Skipping translation for processor with null
2024-04-24T11:27:09,026  INFO [main] ql.Driver: Semantic Analysis Completed (retrial = false)
2024-04-24T11:27:09,026  INFO [main] ql.Driver: Created Hive schema: Schema(fieldSchemas:null, properties:null)
2024-04-24T11:27:09,026  INFO [main] metadata.Hive: Dumping metastore api call timing information for : compilation phase
2024-04-24T11:27:09,026  INFO [main] metadata.Hive: Total time spent in each metastore function (ms): {getTable_(GetTableRequest)=14, flushCache_()=1, isCompatibleWith_(Configuration)=0}
2024-04-24T11:27:09,026  INFO [main] ql.Driver: Completed compiling command(queryId=alex_20240424112656_1fa93c9f-f499-4778-8e1b-e92b23428248); Time taken: 0.018 seconds
2024-04-24T11:27:09,027  INFO [main] reexec.ReExecDriver: Execution #1 of query
2024-04-24T11:27:09,027  INFO [main] ql.Driver: Concurrency mode is disabled, not creating a lock manager
2024-04-24T11:27:09,027  INFO [main] ql.Driver: Executing command(queryId=alex_20240424112656_1fa93c9f-f499-4778-8e1b-e92b23428248): drop table if exists junit_unparted_basic
2024-04-24T11:27:09,027  INFO [main] ql.Driver: Starting task [Stage-0:DDL] in serial mode
2024-04-24T11:27:09,028  INFO [main] HiveMetaStore.audit: ugi=alex	ip=unknown-ip-addr	cmd=get_table : tbl=hive.default.junit_unparted_basic	
2024-04-24T11:27:09,042  INFO [main] metastore.HMSHandler: Skipping translation for processor with null
2024-04-24T11:27:09,042  INFO [main] HiveMetaStore.audit: ugi=alex	ip=unknown-ip-addr	cmd=get_table : tbl=hive.default.junit_unparted_basic	
2024-04-24T11:27:09,056  INFO [main] metastore.HMSHandler: Skipping translation for processor with null
2024-04-24T11:27:09,057  INFO [main] HiveMetaStore.audit: ugi=alex	ip=unknown-ip-addr	cmd=drop_table : tbl=hive.default.junit_unparted_basic	
2024-04-24T11:27:09,316  INFO [main] metadata.Hive: Dumping metastore api call timing information for : execution phase
2024-04-24T11:27:09,316  INFO [main] metadata.Hive: Total time spent in each metastore function (ms): {getTable_(GetTableRequest)=14, dropTable_(String, String, boolean, boolean, boolean)=273, isCompatibleWith_(Configuration)=1}
2024-04-24T11:27:09,316  INFO [main] ql.Driver: Completed executing command(queryId=alex_20240424112656_1fa93c9f-f499-4778-8e1b-e92b23428248); Time taken: 0.289 seconds
2024-04-24T11:27:09,317  INFO [main] ql.Driver: Compiling command(queryId=alex_20240424112656_1fa93c9f-f499-4778-8e1b-e92b23428248): drop table if exists junit_unparted_complex
2024-04-24T11:27:09,317  INFO [main] HiveMetaStore.audit: ugi=alex	ip=unknown-ip-addr	cmd=get_table : tbl=hive.default.junit_unparted_complex	
2024-04-24T11:27:09,365  INFO [main] metastore.HMSHandler: Skipping translation for processor with null
2024-04-24T11:27:09,366  INFO [main] ql.Driver: Semantic Analysis Completed (retrial = false)
2024-04-24T11:27:09,366  INFO [main] ql.Driver: Created Hive schema: Schema(fieldSchemas:null, properties:null)
2024-04-24T11:27:09,366  INFO [main] metadata.Hive: Dumping metastore api call timing information for : compilation phase
2024-04-24T11:27:09,366  INFO [main] metadata.Hive: Total time spent in each metastore function (ms): {flushCache_()=0, isCompatibleWith_(Configuration)=0, getTable_(GetTableRequest)=48}
2024-04-24T11:27:09,366  INFO [main] ql.Driver: Completed compiling command(queryId=alex_20240424112656_1fa93c9f-f499-4778-8e1b-e92b23428248); Time taken: 0.049 seconds
2024-04-24T11:27:09,366  INFO [main] reexec.ReExecDriver: Execution #1 of query
2024-04-24T11:27:09,366  INFO [main] ql.Driver: Concurrency mode is disabled, not creating a lock manager
2024-04-24T11:27:09,366  INFO [main] ql.Driver: Executing command(queryId=alex_20240424112656_1fa93c9f-f499-4778-8e1b-e92b23428248): drop table if exists junit_unparted_complex
2024-04-24T11:27:09,366  INFO [main] ql.Driver: Starting task [Stage-0:DDL] in serial mode
2024-04-24T11:27:09,367  INFO [main] HiveMetaStore.audit: ugi=alex	ip=unknown-ip-addr	cmd=get_table : tbl=hive.default.junit_unparted_complex	
2024-04-24T11:27:09,381  INFO [main] metastore.HMSHandler: Skipping translation for processor with null
2024-04-24T11:27:09,381  INFO [main] HiveMetaStore.audit: ugi=alex	ip=unknown-ip-addr	cmd=get_table : tbl=hive.default.junit_unparted_complex	
2024-04-24T11:27:09,395  INFO [main] metastore.HMSHandler: Skipping translation for processor with null
2024-04-24T11:27:09,395  INFO [main] HiveMetaStore.audit: ugi=alex	ip=unknown-ip-addr	cmd=drop_table : tbl=hive.default.junit_unparted_complex	
2024-04-24T11:27:09,458  INFO [main] metadata.Hive: Dumping metastore api call timing information for : execution phase
2024-04-24T11:27:09,458  INFO [main] metadata.Hive: Total time spent in each metastore function (ms): {getTable_(GetTableRequest)=14, isCompatibleWith_(Configuration)=1, dropTable_(String, String, boolean, boolean, boolean)=77}
2024-04-24T11:27:09,458  INFO [main] ql.Driver: Completed executing command(queryId=alex_20240424112656_1fa93c9f-f499-4778-8e1b-e92b23428248); Time taken: 0.092 seconds
2024-04-24T11:27:09,459  INFO [main] ql.Driver: Compiling command(queryId=alex_20240424112656_1fa93c9f-f499-4778-8e1b-e92b23428248): drop table if exists junit_parted_basic
2024-04-24T11:27:09,460  INFO [main] HiveMetaStore.audit: ugi=alex	ip=unknown-ip-addr	cmd=get_table : tbl=hive.default.junit_parted_basic	
2024-04-24T11:27:09,472  INFO [main] metastore.HMSHandler: Skipping translation for processor with null
2024-04-24T11:27:09,473  INFO [main] ql.Driver: Semantic Analysis Completed (retrial = false)
2024-04-24T11:27:09,473  INFO [main] ql.Driver: Created Hive schema: Schema(fieldSchemas:null, properties:null)
2024-04-24T11:27:09,473  INFO [main] metadata.Hive: Dumping metastore api call timing information for : compilation phase
2024-04-24T11:27:09,473  INFO [main] metadata.Hive: Total time spent in each metastore function (ms): {flushCache_()=0, getTable_(GetTableRequest)=13, isCompatibleWith_(Configuration)=1}
2024-04-24T11:27:09,473  INFO [main] ql.Driver: Completed compiling command(queryId=alex_20240424112656_1fa93c9f-f499-4778-8e1b-e92b23428248); Time taken: 0.014 seconds
2024-04-24T11:27:09,473  INFO [main] reexec.ReExecDriver: Execution #1 of query
2024-04-24T11:27:09,473  INFO [main] ql.Driver: Concurrency mode is disabled, not creating a lock manager
2024-04-24T11:27:09,473  INFO [main] ql.Driver: Executing command(queryId=alex_20240424112656_1fa93c9f-f499-4778-8e1b-e92b23428248): drop table if exists junit_parted_basic
2024-04-24T11:27:09,473  INFO [main] ql.Driver: Starting task [Stage-0:DDL] in serial mode
2024-04-24T11:27:09,474  INFO [main] HiveMetaStore.audit: ugi=alex	ip=unknown-ip-addr	cmd=get_table : tbl=hive.default.junit_parted_basic	
2024-04-24T11:27:09,487  INFO [main] metastore.HMSHandler: Skipping translation for processor with null
2024-04-24T11:27:09,488  INFO [main] HiveMetaStore.audit: ugi=alex	ip=unknown-ip-addr	cmd=get_table : tbl=hive.default.junit_parted_basic	
2024-04-24T11:27:09,500  INFO [main] metastore.HMSHandler: Skipping translation for processor with null
2024-04-24T11:27:09,501  INFO [main] HiveMetaStore.audit: ugi=alex	ip=unknown-ip-addr	cmd=drop_table : tbl=hive.default.junit_parted_basic	
2024-04-24T11:27:09,622  INFO [main] metadata.Hive: Dumping metastore api call timing information for : execution phase
2024-04-24T11:27:09,622  INFO [main] metadata.Hive: Total time spent in each metastore function (ms): {getTable_(GetTableRequest)=13, isCompatibleWith_(Configuration)=0, dropTable_(String, String, boolean, boolean, boolean)=134}
2024-04-24T11:27:09,622  INFO [main] ql.Driver: Completed executing command(queryId=alex_20240424112656_1fa93c9f-f499-4778-8e1b-e92b23428248); Time taken: 0.149 seconds
2024-04-24T11:27:09,623  INFO [main] ql.Driver: Compiling command(queryId=alex_20240424112656_1fa93c9f-f499-4778-8e1b-e92b23428248): drop table if exists junit_specific_size
2024-04-24T11:27:09,623  INFO [main] HiveMetaStore.audit: ugi=alex	ip=unknown-ip-addr	cmd=get_table : tbl=hive.default.junit_specific_size	
2024-04-24T11:27:09,636  INFO [main] metastore.HMSHandler: Skipping translation for processor with null
2024-04-24T11:27:09,637  INFO [main] ql.Driver: Semantic Analysis Completed (retrial = false)
2024-04-24T11:27:09,637  INFO [main] ql.Driver: Created Hive schema: Schema(fieldSchemas:null, properties:null)
2024-04-24T11:27:09,637  INFO [main] metadata.Hive: Dumping metastore api call timing information for : compilation phase
2024-04-24T11:27:09,637  INFO [main] metadata.Hive: Total time spent in each metastore function (ms): {flushCache_()=0, getTable_(GetTableRequest)=13, isCompatibleWith_(Configuration)=0}
2024-04-24T11:27:09,637  INFO [main] ql.Driver: Completed compiling command(queryId=alex_20240424112656_1fa93c9f-f499-4778-8e1b-e92b23428248); Time taken: 0.014 seconds
2024-04-24T11:27:09,637  INFO [main] reexec.ReExecDriver: Execution #1 of query
2024-04-24T11:27:09,637  INFO [main] ql.Driver: Concurrency mode is disabled, not creating a lock manager
2024-04-24T11:27:09,637  INFO [main] ql.Driver: Executing command(queryId=alex_20240424112656_1fa93c9f-f499-4778-8e1b-e92b23428248): drop table if exists junit_specific_size
2024-04-24T11:27:09,637  INFO [main] ql.Driver: Starting task [Stage-0:DDL] in serial mode
2024-04-24T11:27:09,638  INFO [main] HiveMetaStore.audit: ugi=alex	ip=unknown-ip-addr	cmd=get_table : tbl=hive.default.junit_specific_size	
2024-04-24T11:27:09,650  INFO [main] metastore.HMSHandler: Skipping translation for processor with null
2024-04-24T11:27:09,651  INFO [main] HiveMetaStore.audit: ugi=alex	ip=unknown-ip-addr	cmd=get_table : tbl=hive.default.junit_specific_size	
2024-04-24T11:27:09,664  INFO [main] metastore.HMSHandler: Skipping translation for processor with null
2024-04-24T11:27:09,664  INFO [main] HiveMetaStore.audit: ugi=alex	ip=unknown-ip-addr	cmd=drop_table : tbl=hive.default.junit_specific_size	
2024-04-24T11:27:09,714  INFO [main] metadata.Hive: Dumping metastore api call timing information for : execution phase
2024-04-24T11:27:09,714  INFO [main] metadata.Hive: Total time spent in each metastore function (ms): {dropTable_(String, String, boolean, boolean, boolean)=63, getTable_(GetTableRequest)=12, isCompatibleWith_(Configuration)=0}
2024-04-24T11:27:09,714  INFO [main] ql.Driver: Completed executing command(queryId=alex_20240424112656_1fa93c9f-f499-4778-8e1b-e92b23428248); Time taken: 0.077 seconds
2024-04-24T11:27:09,715  INFO [main] ql.Driver: Compiling command(queryId=alex_20240424112656_1fa93c9f-f499-4778-8e1b-e92b23428248): drop table if exists junit_parted_date
2024-04-24T11:27:09,716  INFO [main] HiveMetaStore.audit: ugi=alex	ip=unknown-ip-addr	cmd=get_table : tbl=hive.default.junit_parted_date	
2024-04-24T11:27:09,729  INFO [main] metastore.HMSHandler: Skipping translation for processor with null
2024-04-24T11:27:09,729  INFO [main] ql.Driver: Semantic Analysis Completed (retrial = false)
2024-04-24T11:27:09,729  INFO [main] ql.Driver: Created Hive schema: Schema(fieldSchemas:null, properties:null)
2024-04-24T11:27:09,729  INFO [main] metadata.Hive: Dumping metastore api call timing information for : compilation phase
2024-04-24T11:27:09,729  INFO [main] metadata.Hive: Total time spent in each metastore function (ms): {isCompatibleWith_(Configuration)=0, getTable_(GetTableRequest)=14, flushCache_()=0}
2024-04-24T11:27:09,729  INFO [main] ql.Driver: Completed compiling command(queryId=alex_20240424112656_1fa93c9f-f499-4778-8e1b-e92b23428248); Time taken: 0.014 seconds
2024-04-24T11:27:09,730  INFO [main] reexec.ReExecDriver: Execution #1 of query
2024-04-24T11:27:09,730  INFO [main] ql.Driver: Concurrency mode is disabled, not creating a lock manager
2024-04-24T11:27:09,730  INFO [main] ql.Driver: Executing command(queryId=alex_20240424112656_1fa93c9f-f499-4778-8e1b-e92b23428248): drop table if exists junit_parted_date
2024-04-24T11:27:09,730  INFO [main] ql.Driver: Starting task [Stage-0:DDL] in serial mode
2024-04-24T11:27:09,731  INFO [main] HiveMetaStore.audit: ugi=alex	ip=unknown-ip-addr	cmd=get_table : tbl=hive.default.junit_parted_date	
2024-04-24T11:27:09,743  INFO [main] metastore.HMSHandler: Skipping translation for processor with null
2024-04-24T11:27:09,743  INFO [main] HiveMetaStore.audit: ugi=alex	ip=unknown-ip-addr	cmd=get_table : tbl=hive.default.junit_parted_date	
2024-04-24T11:27:09,756  INFO [main] metastore.HMSHandler: Skipping translation for processor with null
2024-04-24T11:27:09,756  INFO [main] HiveMetaStore.audit: ugi=alex	ip=unknown-ip-addr	cmd=drop_table : tbl=hive.default.junit_parted_date	
2024-04-24T11:27:09,864  INFO [main] metadata.Hive: Dumping metastore api call timing information for : execution phase
2024-04-24T11:27:09,864  INFO [main] metadata.Hive: Total time spent in each metastore function (ms): {isCompatibleWith_(Configuration)=0, dropTable_(String, String, boolean, boolean, boolean)=120, getTable_(GetTableRequest)=12}
2024-04-24T11:27:09,864  INFO [main] ql.Driver: Completed executing command(queryId=alex_20240424112656_1fa93c9f-f499-4778-8e1b-e92b23428248); Time taken: 0.134 seconds
2024-04-24T11:27:09,865  INFO [main] ql.Driver: Compiling command(queryId=alex_20240424112656_1fa93c9f-f499-4778-8e1b-e92b23428248): drop table if exists junit_unparted_alltypes
2024-04-24T11:27:09,866  INFO [main] HiveMetaStore.audit: ugi=alex	ip=unknown-ip-addr	cmd=get_table : tbl=hive.default.junit_unparted_alltypes	
2024-04-24T11:27:09,887  INFO [main] metastore.HMSHandler: Skipping translation for processor with null
2024-04-24T11:27:09,887  INFO [main] ql.Driver: Semantic Analysis Completed (retrial = false)
2024-04-24T11:27:09,887  INFO [main] ql.Driver: Created Hive schema: Schema(fieldSchemas:null, properties:null)
2024-04-24T11:27:09,888  INFO [main] metadata.Hive: Dumping metastore api call timing information for : compilation phase
2024-04-24T11:27:09,888  INFO [main] metadata.Hive: Total time spent in each metastore function (ms): {isCompatibleWith_(Configuration)=0, getTable_(GetTableRequest)=21, flushCache_()=0}
2024-04-24T11:27:09,888  INFO [main] ql.Driver: Completed compiling command(queryId=alex_20240424112656_1fa93c9f-f499-4778-8e1b-e92b23428248); Time taken: 0.022 seconds
2024-04-24T11:27:09,888  INFO [main] reexec.ReExecDriver: Execution #1 of query
2024-04-24T11:27:09,888  INFO [main] ql.Driver: Concurrency mode is disabled, not creating a lock manager
2024-04-24T11:27:09,888  INFO [main] ql.Driver: Executing command(queryId=alex_20240424112656_1fa93c9f-f499-4778-8e1b-e92b23428248): drop table if exists junit_unparted_alltypes
2024-04-24T11:27:09,889  INFO [main] ql.Driver: Starting task [Stage-0:DDL] in serial mode
2024-04-24T11:27:09,889  INFO [main] HiveMetaStore.audit: ugi=alex	ip=unknown-ip-addr	cmd=get_table : tbl=hive.default.junit_unparted_alltypes	
2024-04-24T11:27:09,909  INFO [main] metastore.HMSHandler: Skipping translation for processor with null
2024-04-24T11:27:09,910  INFO [main] HiveMetaStore.audit: ugi=alex	ip=unknown-ip-addr	cmd=get_table : tbl=hive.default.junit_unparted_alltypes	
2024-04-24T11:27:09,929  INFO [main] metastore.HMSHandler: Skipping translation for processor with null
2024-04-24T11:27:09,929  INFO [main] HiveMetaStore.audit: ugi=alex	ip=unknown-ip-addr	cmd=drop_table : tbl=hive.default.junit_unparted_alltypes	
2024-04-24T11:27:09,988  INFO [main] metadata.Hive: Dumping metastore api call timing information for : execution phase
2024-04-24T11:27:09,988  INFO [main] metadata.Hive: Total time spent in each metastore function (ms): {getTable_(GetTableRequest)=21, dropTable_(String, String, boolean, boolean, boolean)=78, isCompatibleWith_(Configuration)=0}
2024-04-24T11:27:09,989  INFO [main] ql.Driver: Completed executing command(queryId=alex_20240424112656_1fa93c9f-f499-4778-8e1b-e92b23428248); Time taken: 0.1 seconds
2024-04-24T11:27:09,989  INFO [main] ql.Driver: Compiling command(queryId=alex_20240424112656_1fa93c9f-f499-4778-8e1b-e92b23428248): drop database if exists junit_specific_db cascade
2024-04-24T11:27:09,990  INFO [main] HiveMetaStore.audit: ugi=alex	ip=unknown-ip-addr	cmd=get_database: junit_specific_db	
2024-04-24T11:27:09,997  INFO [main] HiveMetaStore.audit: ugi=alex	ip=unknown-ip-addr	cmd=get_multi_table : db=junit_specific_db tbls=null	
2024-04-24T11:27:10,011  INFO [main] HiveMetaStore.audit: ugi=alex	ip=unknown-ip-addr	cmd=get_multi_table : db=junit_specific_db tbls=	
2024-04-24T11:27:10,012  INFO [main] ql.Driver: Semantic Analysis Completed (retrial = false)
2024-04-24T11:27:10,013  INFO [main] ql.Driver: Created Hive schema: Schema(fieldSchemas:null, properties:null)
2024-04-24T11:27:10,013  INFO [main] metadata.Hive: Dumping metastore api call timing information for : compilation phase
2024-04-24T11:27:10,013  INFO [main] metadata.Hive: Total time spent in each metastore function (ms): {flushCache_()=0, getTables_(String, String)=17, getTableObjectsByName_(String, List)=2, getDatabase_(String)=2, isCompatibleWith_(Configuration)=0}
2024-04-24T11:27:10,013  INFO [main] ql.Driver: Completed compiling command(queryId=alex_20240424112656_1fa93c9f-f499-4778-8e1b-e92b23428248); Time taken: 0.024 seconds
2024-04-24T11:27:10,013  INFO [main] reexec.ReExecDriver: Execution #1 of query
2024-04-24T11:27:10,013  INFO [main] ql.Driver: Concurrency mode is disabled, not creating a lock manager
2024-04-24T11:27:10,013  INFO [main] ql.Driver: Executing command(queryId=alex_20240424112656_1fa93c9f-f499-4778-8e1b-e92b23428248): drop database if exists junit_specific_db cascade
2024-04-24T11:27:10,014  INFO [main] ql.Driver: Starting task [Stage-0:DDL] in serial mode
2024-04-24T11:27:10,014  INFO [main] HiveMetaStore.audit: ugi=alex	ip=unknown-ip-addr	cmd=get_database: junit_specific_db	
2024-04-24T11:27:10,016  INFO [main] HiveMetaStore.audit: ugi=alex	ip=unknown-ip-addr	cmd=get_tables_by_type: db=@hive#junit_specific_db pat=.*,type=MATERIALIZED_VIEW	
2024-04-24T11:27:10,016  INFO [main] HiveMetaStore.audit: ugi=alex	ip=unknown-ip-addr	cmd=getTablesByTypeCore: catName=hive: db=junit_specific_db pat=.*,type=MATERIALIZED_VIEW	
2024-04-24T11:27:10,024  INFO [main] HiveMetaStore.audit: ugi=alex	ip=unknown-ip-addr	cmd=get_all_tables: db=@hive#junit_specific_db	
2024-04-24T11:27:10,030  INFO [main] HiveMetaStore.audit: ugi=alex	ip=unknown-ip-addr	cmd=get_multi_table : db=junit_specific_db tbls=junit_specific_size2	
2024-04-24T11:27:10,039  INFO [main] HiveMetaStore.audit: ugi=alex	ip=unknown-ip-addr	cmd=drop_database: @hive#junit_specific_db	
2024-04-24T11:27:10,041  INFO [main] HiveMetaStore.audit: ugi=alex	ip=unknown-ip-addr	cmd=get_all_tables: db=@hive#junit_specific_db	
2024-04-24T11:27:10,042  INFO [main] HiveMetaStore.audit: ugi=alex	ip=unknown-ip-addr	cmd=get_functions: db=@hive#junit_specific_db pat=*	
2024-04-24T11:27:10,048  INFO [main] HiveMetaStore.audit: ugi=alex	ip=unknown-ip-addr	cmd=get_all_stored_procedures	
2024-04-24T11:27:10,089  INFO [main] HiveMetaStore.audit: ugi=alex	ip=unknown-ip-addr	cmd=get_all_packages	
2024-04-24T11:27:10,125  INFO [main] HiveMetaStore.audit: ugi=alex	ip=unknown-ip-addr	cmd=getTablesByTypeCore: catName=hive: db=junit_specific_db pat=.*,type=MATERIALIZED_VIEW	
2024-04-24T11:27:10,146  INFO [main] metastore.ObjectStore: Dropping database hive.junit_specific_db along with all tables
2024-04-24T11:27:10,207  INFO [main] txn.TxnHandler: Non-retryable error in cleanupRecords : Table/View 'TXN_COMPONENTS' does not exist. (SQLState=42X05, ErrorCode=20000)
2024-04-24T11:27:10,207  WARN [main] txn.TxnHandler: Cannot perform cleanup since metastore table does not exist
2024-04-24T11:27:10,215 ERROR [main] metastore.RetryingHMSHandler: Retrying HMSHandler after 2000 ms (attempt 1 of 10) with error: javax.jdo.JDODataStoreException: Exception thrown flushing changes to datastore
	at org.datanucleus.api.jdo.NucleusJDOHelper.getJDOExceptionForNucleusException(NucleusJDOHelper.java:542)
	at org.datanucleus.api.jdo.JDOTransaction.commit(JDOTransaction.java:162)
	at org.apache.hadoop.hive.metastore.ObjectStore.commitTransaction(ObjectStore.java:615)
	at sun.reflect.GeneratedMethodAccessor31.invoke(Unknown Source)
	at sun.reflect.DelegatingMethodAccessorImpl.invoke(DelegatingMethodAccessorImpl.java:43)
	at java.lang.reflect.Method.invoke(Method.java:498)
	at org.apache.hadoop.hive.metastore.RawStoreProxy.invoke(RawStoreProxy.java:97)
	at com.sun.proxy.$Proxy32.commitTransaction(Unknown Source)
	at org.apache.hadoop.hive.metastore.HMSHandler.drop_database_core(HMSHandler.java:1790)
	at org.apache.hadoop.hive.metastore.HMSHandler.drop_database(HMSHandler.java:1869)
	at sun.reflect.NativeMethodAccessorImpl.invoke0(Native Method)
	at sun.reflect.NativeMethodAccessorImpl.invoke(NativeMethodAccessorImpl.java:62)
	at sun.reflect.DelegatingMethodAccessorImpl.invoke(DelegatingMethodAccessorImpl.java:43)
	at java.lang.reflect.Method.invoke(Method.java:498)
	at org.apache.hadoop.hive.metastore.RetryingHMSHandler.invokeInternal(RetryingHMSHandler.java:147)
	at org.apache.hadoop.hive.metastore.RetryingHMSHandler.invoke(RetryingHMSHandler.java:108)
	at com.sun.proxy.$Proxy35.drop_database(Unknown Source)
	at org.apache.hadoop.hive.metastore.HiveMetaStoreClient.dropDatabaseCascadePerDb(HiveMetaStoreClient.java:1601)
	at org.apache.hadoop.hive.metastore.HiveMetaStoreClient.dropDatabase(HiveMetaStoreClient.java:1532)
	at org.apache.hadoop.hive.metastore.HiveMetaStoreClient.dropDatabase(HiveMetaStoreClient.java:1485)
	at sun.reflect.NativeMethodAccessorImpl.invoke0(Native Method)
	at sun.reflect.NativeMethodAccessorImpl.invoke(NativeMethodAccessorImpl.java:62)
	at sun.reflect.DelegatingMethodAccessorImpl.invoke(DelegatingMethodAccessorImpl.java:43)
	at java.lang.reflect.Method.invoke(Method.java:498)
	at org.apache.hadoop.hive.metastore.RetryingMetaStoreClient.invoke(RetryingMetaStoreClient.java:218)
	at com.sun.proxy.$Proxy45.dropDatabase(Unknown Source)
	at org.apache.hadoop.hive.ql.metadata.Hive.dropDatabase(Hive.java:662)
	at org.apache.hadoop.hive.ql.ddl.database.drop.DropDatabaseOperation.execute(DropDatabaseOperation.java:52)
	at org.apache.hadoop.hive.ql.ddl.DDLTask.execute(DDLTask.java:84)
	at org.apache.hadoop.hive.ql.exec.Task.executeTask(Task.java:212)
	at org.apache.hadoop.hive.ql.exec.TaskRunner.runSequential(TaskRunner.java:105)
	at org.apache.hadoop.hive.ql.Executor.launchTask(Executor.java:361)
	at org.apache.hadoop.hive.ql.Executor.launchTasks(Executor.java:334)
	at org.apache.hadoop.hive.ql.Executor.runTasks(Executor.java:245)
	at org.apache.hadoop.hive.ql.Executor.execute(Executor.java:108)
	at org.apache.hadoop.hive.ql.Driver.execute(Driver.java:348)
	at org.apache.hadoop.hive.ql.Driver.runInternal(Driver.java:204)
	at org.apache.hadoop.hive.ql.Driver.run(Driver.java:153)
	at org.apache.hadoop.hive.ql.Driver.run(Driver.java:148)
	at org.apache.hadoop.hive.ql.reexec.ReExecDriver.run(ReExecDriver.java:164)
	at org.apache.hadoop.hive.ql.reexec.ReExecDriver.run(ReExecDriver.java:230)
	at org.apache.hive.hcatalog.pig.AbstractHCatLoaderTest.executeStatementOnDriver(AbstractHCatLoaderTest.java:151)
	at org.apache.hive.hcatalog.pig.AbstractHCatLoaderTest.tearDown(AbstractHCatLoaderTest.java:239)
	at sun.reflect.NativeMethodAccessorImpl.invoke0(Native Method)
	at sun.reflect.NativeMethodAccessorImpl.invoke(NativeMethodAccessorImpl.java:62)
	at sun.reflect.DelegatingMethodAccessorImpl.invoke(DelegatingMethodAccessorImpl.java:43)
	at java.lang.reflect.Method.invoke(Method.java:498)
	at org.junit.runners.model.FrameworkMethod$1.runReflectiveCall(FrameworkMethod.java:59)
	at org.junit.internal.runners.model.ReflectiveCallable.run(ReflectiveCallable.java:12)
	at org.junit.runners.model.FrameworkMethod.invokeExplosively(FrameworkMethod.java:56)
	at org.junit.internal.runners.statements.RunAfters.invokeMethod(RunAfters.java:46)
	at org.junit.internal.runners.statements.RunAfters.evaluate(RunAfters.java:33)
	at org.junit.runners.ParentRunner$3.evaluate(ParentRunner.java:306)
	at org.junit.runners.BlockJUnit4ClassRunner$1.evaluate(BlockJUnit4ClassRunner.java:100)
	at org.junit.runners.ParentRunner.runLeaf(ParentRunner.java:366)
	at org.junit.runners.BlockJUnit4ClassRunner.runChild(BlockJUnit4ClassRunner.java:103)
	at org.junit.runners.BlockJUnit4ClassRunner.runChild(BlockJUnit4ClassRunner.java:63)
	at org.junit.runners.ParentRunner$4.run(ParentRunner.java:331)
	at org.junit.runners.ParentRunner$1.schedule(ParentRunner.java:79)
	at org.junit.runners.ParentRunner.runChildren(ParentRunner.java:329)
	at org.junit.runners.ParentRunner.access$100(ParentRunner.java:66)
	at org.junit.runners.ParentRunner$2.evaluate(ParentRunner.java:293)
	at org.junit.internal.runners.statements.RunBefores.evaluate(RunBefores.java:26)
	at org.junit.runners.ParentRunner$3.evaluate(ParentRunner.java:306)
	at org.junit.runners.ParentRunner.run(ParentRunner.java:413)
	at org.junit.runners.Suite.runChild(Suite.java:128)
	at org.junit.runners.Suite.runChild(Suite.java:27)
	at org.junit.runners.ParentRunner$4.run(ParentRunner.java:331)
	at org.junit.runners.ParentRunner$1.schedule(ParentRunner.java:79)
	at org.junit.runners.ParentRunner.runChildren(ParentRunner.java:329)
	at org.junit.runners.ParentRunner.access$100(ParentRunner.java:66)
	at org.junit.runners.ParentRunner$2.evaluate(ParentRunner.java:293)
	at org.junit.runners.ParentRunner$3.evaluate(ParentRunner.java:306)
	at org.junit.runners.ParentRunner.run(ParentRunner.java:413)
	at org.apache.maven.surefire.junitcore.JUnitCore.run(JUnitCore.java:55)
	at org.apache.maven.surefire.junitcore.JUnitCoreWrapper.createRequestAndRun(JUnitCoreWrapper.java:137)
	at org.apache.maven.surefire.junitcore.JUnitCoreWrapper.executeEager(JUnitCoreWrapper.java:107)
	at org.apache.maven.surefire.junitcore.JUnitCoreWrapper.execute(JUnitCoreWrapper.java:83)
	at org.apache.maven.surefire.junitcore.JUnitCoreWrapper.execute(JUnitCoreWrapper.java:75)
	at org.apache.maven.surefire.junitcore.JUnitCoreProvider.invoke(JUnitCoreProvider.java:158)
	at org.apache.maven.surefire.booter.ForkedBooter.runSuitesInProcess(ForkedBooter.java:377)
	at org.apache.maven.surefire.booter.ForkedBooter.execute(ForkedBooter.java:138)
	at org.apache.maven.surefire.booter.ForkedBooter.run(ForkedBooter.java:465)
	at org.apache.maven.surefire.booter.ForkedBooter.main(ForkedBooter.java:451)
NestedThrowablesStackTrace:
java.sql.BatchUpdateException: DELETE on table 'DBS' caused a violation of foreign key constraint 'TBLS_FK1' for key (2).  The statement has been rolled back.
	at org.apache.derby.impl.jdbc.EmbedStatement.executeLargeBatch(Unknown Source)
	at org.apache.derby.impl.jdbc.EmbedStatement.executeBatch(Unknown Source)
	at com.zaxxer.hikari.pool.ProxyStatement.executeBatch(ProxyStatement.java:128)
	at com.zaxxer.hikari.pool.HikariProxyPreparedStatement.executeBatch(HikariProxyPreparedStatement.java)
	at org.datanucleus.store.rdbms.ParamLoggingPreparedStatement.executeBatch(ParamLoggingPreparedStatement.java:366)
	at org.datanucleus.store.rdbms.SQLController.processConnectionStatement(SQLController.java:675)
	at org.datanucleus.store.rdbms.SQLController.processStatementsForConnection(SQLController.java:643)
	at org.datanucleus.store.rdbms.SQLController$1.transactionFlushed(SQLController.java:729)
	at org.datanucleus.store.connection.AbstractManagedConnection.transactionFlushed(AbstractManagedConnection.java:95)
	at org.datanucleus.store.connection.ConnectionManagerImpl$2.transactionFlushed(ConnectionManagerImpl.java:528)
	at org.datanucleus.TransactionImpl.flush(TransactionImpl.java:222)
	at org.datanucleus.TransactionImpl.commit(TransactionImpl.java:286)
	at org.datanucleus.api.jdo.JDOTransaction.commit(JDOTransaction.java:99)
	at org.apache.hadoop.hive.metastore.ObjectStore.commitTransaction(ObjectStore.java:615)
	at sun.reflect.GeneratedMethodAccessor31.invoke(Unknown Source)
	at sun.reflect.DelegatingMethodAccessorImpl.invoke(DelegatingMethodAccessorImpl.java:43)
	at java.lang.reflect.Method.invoke(Method.java:498)
	at org.apache.hadoop.hive.metastore.RawStoreProxy.invoke(RawStoreProxy.java:97)
	at com.sun.proxy.$Proxy32.commitTransaction(Unknown Source)
	at org.apache.hadoop.hive.metastore.HMSHandler.drop_database_core(HMSHandler.java:1790)
	at org.apache.hadoop.hive.metastore.HMSHandler.drop_database(HMSHandler.java:1869)
	at sun.reflect.NativeMethodAccessorImpl.invoke0(Native Method)
	at sun.reflect.NativeMethodAccessorImpl.invoke(NativeMethodAccessorImpl.java:62)
	at sun.reflect.DelegatingMethodAccessorImpl.invoke(DelegatingMethodAccessorImpl.java:43)
	at java.lang.reflect.Method.invoke(Method.java:498)
	at org.apache.hadoop.hive.metastore.RetryingHMSHandler.invokeInternal(RetryingHMSHandler.java:147)
	at org.apache.hadoop.hive.metastore.RetryingHMSHandler.invoke(RetryingHMSHandler.java:108)
	at com.sun.proxy.$Proxy35.drop_database(Unknown Source)
	at org.apache.hadoop.hive.metastore.HiveMetaStoreClient.dropDatabaseCascadePerDb(HiveMetaStoreClient.java:1601)
	at org.apache.hadoop.hive.metastore.HiveMetaStoreClient.dropDatabase(HiveMetaStoreClient.java:1532)
	at org.apache.hadoop.hive.metastore.HiveMetaStoreClient.dropDatabase(HiveMetaStoreClient.java:1485)
	at sun.reflect.NativeMethodAccessorImpl.invoke0(Native Method)
	at sun.reflect.NativeMethodAccessorImpl.invoke(NativeMethodAccessorImpl.java:62)
	at sun.reflect.DelegatingMethodAccessorImpl.invoke(DelegatingMethodAccessorImpl.java:43)
	at java.lang.reflect.Method.invoke(Method.java:498)
	at org.apache.hadoop.hive.metastore.RetryingMetaStoreClient.invoke(RetryingMetaStoreClient.java:218)
	at com.sun.proxy.$Proxy45.dropDatabase(Unknown Source)
	at org.apache.hadoop.hive.ql.metadata.Hive.dropDatabase(Hive.java:662)
	at org.apache.hadoop.hive.ql.ddl.database.drop.DropDatabaseOperation.execute(DropDatabaseOperation.java:52)
	at org.apache.hadoop.hive.ql.ddl.DDLTask.execute(DDLTask.java:84)
	at org.apache.hadoop.hive.ql.exec.Task.executeTask(Task.java:212)
	at org.apache.hadoop.hive.ql.exec.TaskRunner.runSequential(TaskRunner.java:105)
	at org.apache.hadoop.hive.ql.Executor.launchTask(Executor.java:361)
	at org.apache.hadoop.hive.ql.Executor.launchTasks(Executor.java:334)
	at org.apache.hadoop.hive.ql.Executor.runTasks(Executor.java:245)
	at org.apache.hadoop.hive.ql.Executor.execute(Executor.java:108)
	at org.apache.hadoop.hive.ql.Driver.execute(Driver.java:348)
	at org.apache.hadoop.hive.ql.Driver.runInternal(Driver.java:204)
	at org.apache.hadoop.hive.ql.Driver.run(Driver.java:153)
	at org.apache.hadoop.hive.ql.Driver.run(Driver.java:148)
	at org.apache.hadoop.hive.ql.reexec.ReExecDriver.run(ReExecDriver.java:164)
	at org.apache.hadoop.hive.ql.reexec.ReExecDriver.run(ReExecDriver.java:230)
	at org.apache.hive.hcatalog.pig.AbstractHCatLoaderTest.executeStatementOnDriver(AbstractHCatLoaderTest.java:151)
	at org.apache.hive.hcatalog.pig.AbstractHCatLoaderTest.tearDown(AbstractHCatLoaderTest.java:239)
	at sun.reflect.NativeMethodAccessorImpl.invoke0(Native Method)
	at sun.reflect.NativeMethodAccessorImpl.invoke(NativeMethodAccessorImpl.java:62)
	at sun.reflect.DelegatingMethodAccessorImpl.invoke(DelegatingMethodAccessorImpl.java:43)
	at java.lang.reflect.Method.invoke(Method.java:498)
	at org.junit.runners.model.FrameworkMethod$1.runReflectiveCall(FrameworkMethod.java:59)
	at org.junit.internal.runners.model.ReflectiveCallable.run(ReflectiveCallable.java:12)
	at org.junit.runners.model.FrameworkMethod.invokeExplosively(FrameworkMethod.java:56)
	at org.junit.internal.runners.statements.RunAfters.invokeMethod(RunAfters.java:46)
	at org.junit.internal.runners.statements.RunAfters.evaluate(RunAfters.java:33)
	at org.junit.runners.ParentRunner$3.evaluate(ParentRunner.java:306)
	at org.junit.runners.BlockJUnit4ClassRunner$1.evaluate(BlockJUnit4ClassRunner.java:100)
	at org.junit.runners.ParentRunner.runLeaf(ParentRunner.java:366)
	at org.junit.runners.BlockJUnit4ClassRunner.runChild(BlockJUnit4ClassRunner.java:103)
	at org.junit.runners.BlockJUnit4ClassRunner.runChild(BlockJUnit4ClassRunner.java:63)
	at org.junit.runners.ParentRunner$4.run(ParentRunner.java:331)
	at org.junit.runners.ParentRunner$1.schedule(ParentRunner.java:79)
	at org.junit.runners.ParentRunner.runChildren(ParentRunner.java:329)
	at org.junit.runners.ParentRunner.access$100(ParentRunner.java:66)
	at org.junit.runners.ParentRunner$2.evaluate(ParentRunner.java:293)
	at org.junit.internal.runners.statements.RunBefores.evaluate(RunBefores.java:26)
	at org.junit.runners.ParentRunner$3.evaluate(ParentRunner.java:306)
	at org.junit.runners.ParentRunner.run(ParentRunner.java:413)
	at org.junit.runners.Suite.runChild(Suite.java:128)
	at org.junit.runners.Suite.runChild(Suite.java:27)
	at org.junit.runners.ParentRunner$4.run(ParentRunner.java:331)
	at org.junit.runners.ParentRunner$1.schedule(ParentRunner.java:79)
	at org.junit.runners.ParentRunner.runChildren(ParentRunner.java:329)
	at org.junit.runners.ParentRunner.access$100(ParentRunner.java:66)
	at org.junit.runners.ParentRunner$2.evaluate(ParentRunner.java:293)
	at org.junit.runners.ParentRunner$3.evaluate(ParentRunner.java:306)
	at org.junit.runners.ParentRunner.run(ParentRunner.java:413)
	at org.apache.maven.surefire.junitcore.JUnitCore.run(JUnitCore.java:55)
	at org.apache.maven.surefire.junitcore.JUnitCoreWrapper.createRequestAndRun(JUnitCoreWrapper.java:137)
	at org.apache.maven.surefire.junitcore.JUnitCoreWrapper.executeEager(JUnitCoreWrapper.java:107)
	at org.apache.maven.surefire.junitcore.JUnitCoreWrapper.execute(JUnitCoreWrapper.java:83)
	at org.apache.maven.surefire.junitcore.JUnitCoreWrapper.execute(JUnitCoreWrapper.java:75)
	at org.apache.maven.surefire.junitcore.JUnitCoreProvider.invoke(JUnitCoreProvider.java:158)
	at org.apache.maven.surefire.booter.ForkedBooter.runSuitesInProcess(ForkedBooter.java:377)
	at org.apache.maven.surefire.booter.ForkedBooter.execute(ForkedBooter.java:138)
	at org.apache.maven.surefire.booter.ForkedBooter.run(ForkedBooter.java:465)
	at org.apache.maven.surefire.booter.ForkedBooter.main(ForkedBooter.java:451)
Caused by: org.apache.derby.shared.common.error.DerbySQLIntegrityConstraintViolationException: DELETE on table 'DBS' caused a violation of foreign key constraint 'TBLS_FK1' for key (2).  The statement has been rolled back.
	at org.apache.derby.impl.jdbc.SQLExceptionFactory.getSQLException(Unknown Source)
	at org.apache.derby.impl.jdbc.Util.generateCsSQLException(Unknown Source)
	at org.apache.derby.impl.jdbc.TransactionResourceImpl.wrapInSQLException(Unknown Source)
	at org.apache.derby.impl.jdbc.TransactionResourceImpl.handleException(Unknown Source)
	at org.apache.derby.impl.jdbc.EmbedConnection.handleException(Unknown Source)
	at org.apache.derby.impl.jdbc.ConnectionChild.handleException(Unknown Source)
	at org.apache.derby.impl.jdbc.EmbedStatement.executeStatement(Unknown Source)
	at org.apache.derby.impl.jdbc.EmbedPreparedStatement.executeBatchElement(Unknown Source)
	... 95 more
Caused by: ERROR 23503: DELETE on table 'DBS' caused a violation of foreign key constraint 'TBLS_FK1' for key (2).  The statement has been rolled back.
	at org.apache.derby.iapi.error.StandardException.newException(Unknown Source)
	at org.apache.derby.iapi.error.StandardException.newException(Unknown Source)
	at org.apache.derby.impl.sql.execute.ReferencedKeyRIChecker.doCheck(Unknown Source)
	at org.apache.derby.impl.sql.execute.RISetChecker.doPKCheck(Unknown Source)
	at org.apache.derby.impl.sql.execute.DeleteResultSet.collectAffectedRows(Unknown Source)
	at org.apache.derby.impl.sql.execute.DeleteResultSet.open(Unknown Source)
	at org.apache.derby.impl.sql.GenericPreparedStatement.executeStmt(Unknown Source)
	at org.apache.derby.impl.sql.GenericPreparedStatement.execute(Unknown Source)
	... 97 more

2024-04-24T11:27:12,217  INFO [main] HiveMetaStore.audit: ugi=alex	ip=unknown-ip-addr	cmd=drop_database: @hive#junit_specific_db	
2024-04-24T11:27:12,224  INFO [main] HiveMetaStore.audit: ugi=alex	ip=unknown-ip-addr	cmd=get_all_tables: db=@hive#junit_specific_db	
2024-04-24T11:27:12,228  INFO [main] HiveMetaStore.audit: ugi=alex	ip=unknown-ip-addr	cmd=get_functions: db=@hive#junit_specific_db pat=*	
2024-04-24T11:27:12,233  INFO [main] HiveMetaStore.audit: ugi=alex	ip=unknown-ip-addr	cmd=get_all_stored_procedures	
2024-04-24T11:27:12,237  INFO [main] HiveMetaStore.audit: ugi=alex	ip=unknown-ip-addr	cmd=get_all_packages	
2024-04-24T11:27:12,242  INFO [main] HiveMetaStore.audit: ugi=alex	ip=unknown-ip-addr	cmd=getTablesByTypeCore: catName=hive: db=junit_specific_db pat=.*,type=MATERIALIZED_VIEW	
2024-04-24T11:27:12,253  INFO [main] metastore.ObjectStore: Dropping database hive.junit_specific_db along with all tables
2024-04-24T11:27:12,261  INFO [main] txn.TxnHandler: Non-retryable error in cleanupRecords : Table/View 'TXN_COMPONENTS' does not exist. (SQLState=42X05, ErrorCode=20000)
2024-04-24T11:27:12,261  WARN [main] txn.TxnHandler: Cannot perform cleanup since metastore table does not exist
2024-04-24T11:27:12,263 ERROR [main] metastore.RetryingHMSHandler: Retrying HMSHandler after 2000 ms (attempt 2 of 10) with error: javax.jdo.JDODataStoreException: Exception thrown flushing changes to datastore
	at org.datanucleus.api.jdo.NucleusJDOHelper.getJDOExceptionForNucleusException(NucleusJDOHelper.java:542)
	at org.datanucleus.api.jdo.JDOTransaction.commit(JDOTransaction.java:162)
	at org.apache.hadoop.hive.metastore.ObjectStore.commitTransaction(ObjectStore.java:615)
	at sun.reflect.GeneratedMethodAccessor31.invoke(Unknown Source)
	at sun.reflect.DelegatingMethodAccessorImpl.invoke(DelegatingMethodAccessorImpl.java:43)
	at java.lang.reflect.Method.invoke(Method.java:498)
	at org.apache.hadoop.hive.metastore.RawStoreProxy.invoke(RawStoreProxy.java:97)
	at com.sun.proxy.$Proxy32.commitTransaction(Unknown Source)
	at org.apache.hadoop.hive.metastore.HMSHandler.drop_database_core(HMSHandler.java:1790)
	at org.apache.hadoop.hive.metastore.HMSHandler.drop_database(HMSHandler.java:1869)
	at sun.reflect.NativeMethodAccessorImpl.invoke0(Native Method)
	at sun.reflect.NativeMethodAccessorImpl.invoke(NativeMethodAccessorImpl.java:62)
	at sun.reflect.DelegatingMethodAccessorImpl.invoke(DelegatingMethodAccessorImpl.java:43)
	at java.lang.reflect.Method.invoke(Method.java:498)
	at org.apache.hadoop.hive.metastore.RetryingHMSHandler.invokeInternal(RetryingHMSHandler.java:147)
	at org.apache.hadoop.hive.metastore.RetryingHMSHandler.invoke(RetryingHMSHandler.java:108)
	at com.sun.proxy.$Proxy35.drop_database(Unknown Source)
	at org.apache.hadoop.hive.metastore.HiveMetaStoreClient.dropDatabaseCascadePerDb(HiveMetaStoreClient.java:1601)
	at org.apache.hadoop.hive.metastore.HiveMetaStoreClient.dropDatabase(HiveMetaStoreClient.java:1532)
	at org.apache.hadoop.hive.metastore.HiveMetaStoreClient.dropDatabase(HiveMetaStoreClient.java:1485)
	at sun.reflect.NativeMethodAccessorImpl.invoke0(Native Method)
	at sun.reflect.NativeMethodAccessorImpl.invoke(NativeMethodAccessorImpl.java:62)
	at sun.reflect.DelegatingMethodAccessorImpl.invoke(DelegatingMethodAccessorImpl.java:43)
	at java.lang.reflect.Method.invoke(Method.java:498)
	at org.apache.hadoop.hive.metastore.RetryingMetaStoreClient.invoke(RetryingMetaStoreClient.java:218)
	at com.sun.proxy.$Proxy45.dropDatabase(Unknown Source)
	at org.apache.hadoop.hive.ql.metadata.Hive.dropDatabase(Hive.java:662)
	at org.apache.hadoop.hive.ql.ddl.database.drop.DropDatabaseOperation.execute(DropDatabaseOperation.java:52)
	at org.apache.hadoop.hive.ql.ddl.DDLTask.execute(DDLTask.java:84)
	at org.apache.hadoop.hive.ql.exec.Task.executeTask(Task.java:212)
	at org.apache.hadoop.hive.ql.exec.TaskRunner.runSequential(TaskRunner.java:105)
	at org.apache.hadoop.hive.ql.Executor.launchTask(Executor.java:361)
	at org.apache.hadoop.hive.ql.Executor.launchTasks(Executor.java:334)
	at org.apache.hadoop.hive.ql.Executor.runTasks(Executor.java:245)
	at org.apache.hadoop.hive.ql.Executor.execute(Executor.java:108)
	at org.apache.hadoop.hive.ql.Driver.execute(Driver.java:348)
	at org.apache.hadoop.hive.ql.Driver.runInternal(Driver.java:204)
	at org.apache.hadoop.hive.ql.Driver.run(Driver.java:153)
	at org.apache.hadoop.hive.ql.Driver.run(Driver.java:148)
	at org.apache.hadoop.hive.ql.reexec.ReExecDriver.run(ReExecDriver.java:164)
	at org.apache.hadoop.hive.ql.reexec.ReExecDriver.run(ReExecDriver.java:230)
	at org.apache.hive.hcatalog.pig.AbstractHCatLoaderTest.executeStatementOnDriver(AbstractHCatLoaderTest.java:151)
	at org.apache.hive.hcatalog.pig.AbstractHCatLoaderTest.tearDown(AbstractHCatLoaderTest.java:239)
	at sun.reflect.NativeMethodAccessorImpl.invoke0(Native Method)
	at sun.reflect.NativeMethodAccessorImpl.invoke(NativeMethodAccessorImpl.java:62)
	at sun.reflect.DelegatingMethodAccessorImpl.invoke(DelegatingMethodAccessorImpl.java:43)
	at java.lang.reflect.Method.invoke(Method.java:498)
	at org.junit.runners.model.FrameworkMethod$1.runReflectiveCall(FrameworkMethod.java:59)
	at org.junit.internal.runners.model.ReflectiveCallable.run(ReflectiveCallable.java:12)
	at org.junit.runners.model.FrameworkMethod.invokeExplosively(FrameworkMethod.java:56)
	at org.junit.internal.runners.statements.RunAfters.invokeMethod(RunAfters.java:46)
	at org.junit.internal.runners.statements.RunAfters.evaluate(RunAfters.java:33)
	at org.junit.runners.ParentRunner$3.evaluate(ParentRunner.java:306)
	at org.junit.runners.BlockJUnit4ClassRunner$1.evaluate(BlockJUnit4ClassRunner.java:100)
	at org.junit.runners.ParentRunner.runLeaf(ParentRunner.java:366)
	at org.junit.runners.BlockJUnit4ClassRunner.runChild(BlockJUnit4ClassRunner.java:103)
	at org.junit.runners.BlockJUnit4ClassRunner.runChild(BlockJUnit4ClassRunner.java:63)
	at org.junit.runners.ParentRunner$4.run(ParentRunner.java:331)
	at org.junit.runners.ParentRunner$1.schedule(ParentRunner.java:79)
	at org.junit.runners.ParentRunner.runChildren(ParentRunner.java:329)
	at org.junit.runners.ParentRunner.access$100(ParentRunner.java:66)
	at org.junit.runners.ParentRunner$2.evaluate(ParentRunner.java:293)
	at org.junit.internal.runners.statements.RunBefores.evaluate(RunBefores.java:26)
	at org.junit.runners.ParentRunner$3.evaluate(ParentRunner.java:306)
	at org.junit.runners.ParentRunner.run(ParentRunner.java:413)
	at org.junit.runners.Suite.runChild(Suite.java:128)
	at org.junit.runners.Suite.runChild(Suite.java:27)
	at org.junit.runners.ParentRunner$4.run(ParentRunner.java:331)
	at org.junit.runners.ParentRunner$1.schedule(ParentRunner.java:79)
	at org.junit.runners.ParentRunner.runChildren(ParentRunner.java:329)
	at org.junit.runners.ParentRunner.access$100(ParentRunner.java:66)
	at org.junit.runners.ParentRunner$2.evaluate(ParentRunner.java:293)
	at org.junit.runners.ParentRunner$3.evaluate(ParentRunner.java:306)
	at org.junit.runners.ParentRunner.run(ParentRunner.java:413)
	at org.apache.maven.surefire.junitcore.JUnitCore.run(JUnitCore.java:55)
	at org.apache.maven.surefire.junitcore.JUnitCoreWrapper.createRequestAndRun(JUnitCoreWrapper.java:137)
	at org.apache.maven.surefire.junitcore.JUnitCoreWrapper.executeEager(JUnitCoreWrapper.java:107)
	at org.apache.maven.surefire.junitcore.JUnitCoreWrapper.execute(JUnitCoreWrapper.java:83)
	at org.apache.maven.surefire.junitcore.JUnitCoreWrapper.execute(JUnitCoreWrapper.java:75)
	at org.apache.maven.surefire.junitcore.JUnitCoreProvider.invoke(JUnitCoreProvider.java:158)
	at org.apache.maven.surefire.booter.ForkedBooter.runSuitesInProcess(ForkedBooter.java:377)
	at org.apache.maven.surefire.booter.ForkedBooter.execute(ForkedBooter.java:138)
	at org.apache.maven.surefire.booter.ForkedBooter.run(ForkedBooter.java:465)
	at org.apache.maven.surefire.booter.ForkedBooter.main(ForkedBooter.java:451)
NestedThrowablesStackTrace:
java.sql.BatchUpdateException: DELETE on table 'DBS' caused a violation of foreign key constraint 'TBLS_FK1' for key (2).  The statement has been rolled back.
	at org.apache.derby.impl.jdbc.EmbedStatement.executeLargeBatch(Unknown Source)
	at org.apache.derby.impl.jdbc.EmbedStatement.executeBatch(Unknown Source)
	at com.zaxxer.hikari.pool.ProxyStatement.executeBatch(ProxyStatement.java:128)
	at com.zaxxer.hikari.pool.HikariProxyPreparedStatement.executeBatch(HikariProxyPreparedStatement.java)
	at org.datanucleus.store.rdbms.ParamLoggingPreparedStatement.executeBatch(ParamLoggingPreparedStatement.java:366)
	at org.datanucleus.store.rdbms.SQLController.processConnectionStatement(SQLController.java:675)
	at org.datanucleus.store.rdbms.SQLController.processStatementsForConnection(SQLController.java:643)
	at org.datanucleus.store.rdbms.SQLController$1.transactionFlushed(SQLController.java:729)
	at org.datanucleus.store.connection.AbstractManagedConnection.transactionFlushed(AbstractManagedConnection.java:95)
	at org.datanucleus.store.connection.ConnectionManagerImpl$2.transactionFlushed(ConnectionManagerImpl.java:528)
	at org.datanucleus.TransactionImpl.flush(TransactionImpl.java:222)
	at org.datanucleus.TransactionImpl.commit(TransactionImpl.java:286)
	at org.datanucleus.api.jdo.JDOTransaction.commit(JDOTransaction.java:99)
	at org.apache.hadoop.hive.metastore.ObjectStore.commitTransaction(ObjectStore.java:615)
	at sun.reflect.GeneratedMethodAccessor31.invoke(Unknown Source)
	at sun.reflect.DelegatingMethodAccessorImpl.invoke(DelegatingMethodAccessorImpl.java:43)
	at java.lang.reflect.Method.invoke(Method.java:498)
	at org.apache.hadoop.hive.metastore.RawStoreProxy.invoke(RawStoreProxy.java:97)
	at com.sun.proxy.$Proxy32.commitTransaction(Unknown Source)
	at org.apache.hadoop.hive.metastore.HMSHandler.drop_database_core(HMSHandler.java:1790)
	at org.apache.hadoop.hive.metastore.HMSHandler.drop_database(HMSHandler.java:1869)
	at sun.reflect.NativeMethodAccessorImpl.invoke0(Native Method)
	at sun.reflect.NativeMethodAccessorImpl.invoke(NativeMethodAccessorImpl.java:62)
	at sun.reflect.DelegatingMethodAccessorImpl.invoke(DelegatingMethodAccessorImpl.java:43)
	at java.lang.reflect.Method.invoke(Method.java:498)
	at org.apache.hadoop.hive.metastore.RetryingHMSHandler.invokeInternal(RetryingHMSHandler.java:147)
	at org.apache.hadoop.hive.metastore.RetryingHMSHandler.invoke(RetryingHMSHandler.java:108)
	at com.sun.proxy.$Proxy35.drop_database(Unknown Source)
	at org.apache.hadoop.hive.metastore.HiveMetaStoreClient.dropDatabaseCascadePerDb(HiveMetaStoreClient.java:1601)
	at org.apache.hadoop.hive.metastore.HiveMetaStoreClient.dropDatabase(HiveMetaStoreClient.java:1532)
	at org.apache.hadoop.hive.metastore.HiveMetaStoreClient.dropDatabase(HiveMetaStoreClient.java:1485)
	at sun.reflect.NativeMethodAccessorImpl.invoke0(Native Method)
	at sun.reflect.NativeMethodAccessorImpl.invoke(NativeMethodAccessorImpl.java:62)
	at sun.reflect.DelegatingMethodAccessorImpl.invoke(DelegatingMethodAccessorImpl.java:43)
	at java.lang.reflect.Method.invoke(Method.java:498)
	at org.apache.hadoop.hive.metastore.RetryingMetaStoreClient.invoke(RetryingMetaStoreClient.java:218)
	at com.sun.proxy.$Proxy45.dropDatabase(Unknown Source)
	at org.apache.hadoop.hive.ql.metadata.Hive.dropDatabase(Hive.java:662)
	at org.apache.hadoop.hive.ql.ddl.database.drop.DropDatabaseOperation.execute(DropDatabaseOperation.java:52)
	at org.apache.hadoop.hive.ql.ddl.DDLTask.execute(DDLTask.java:84)
	at org.apache.hadoop.hive.ql.exec.Task.executeTask(Task.java:212)
	at org.apache.hadoop.hive.ql.exec.TaskRunner.runSequential(TaskRunner.java:105)
	at org.apache.hadoop.hive.ql.Executor.launchTask(Executor.java:361)
	at org.apache.hadoop.hive.ql.Executor.launchTasks(Executor.java:334)
	at org.apache.hadoop.hive.ql.Executor.runTasks(Executor.java:245)
	at org.apache.hadoop.hive.ql.Executor.execute(Executor.java:108)
	at org.apache.hadoop.hive.ql.Driver.execute(Driver.java:348)
	at org.apache.hadoop.hive.ql.Driver.runInternal(Driver.java:204)
	at org.apache.hadoop.hive.ql.Driver.run(Driver.java:153)
	at org.apache.hadoop.hive.ql.Driver.run(Driver.java:148)
	at org.apache.hadoop.hive.ql.reexec.ReExecDriver.run(ReExecDriver.java:164)
	at org.apache.hadoop.hive.ql.reexec.ReExecDriver.run(ReExecDriver.java:230)
	at org.apache.hive.hcatalog.pig.AbstractHCatLoaderTest.executeStatementOnDriver(AbstractHCatLoaderTest.java:151)
	at org.apache.hive.hcatalog.pig.AbstractHCatLoaderTest.tearDown(AbstractHCatLoaderTest.java:239)
	at sun.reflect.NativeMethodAccessorImpl.invoke0(Native Method)
	at sun.reflect.NativeMethodAccessorImpl.invoke(NativeMethodAccessorImpl.java:62)
	at sun.reflect.DelegatingMethodAccessorImpl.invoke(DelegatingMethodAccessorImpl.java:43)
	at java.lang.reflect.Method.invoke(Method.java:498)
	at org.junit.runners.model.FrameworkMethod$1.runReflectiveCall(FrameworkMethod.java:59)
	at org.junit.internal.runners.model.ReflectiveCallable.run(ReflectiveCallable.java:12)
	at org.junit.runners.model.FrameworkMethod.invokeExplosively(FrameworkMethod.java:56)
	at org.junit.internal.runners.statements.RunAfters.invokeMethod(RunAfters.java:46)
	at org.junit.internal.runners.statements.RunAfters.evaluate(RunAfters.java:33)
	at org.junit.runners.ParentRunner$3.evaluate(ParentRunner.java:306)
	at org.junit.runners.BlockJUnit4ClassRunner$1.evaluate(BlockJUnit4ClassRunner.java:100)
	at org.junit.runners.ParentRunner.runLeaf(ParentRunner.java:366)
	at org.junit.runners.BlockJUnit4ClassRunner.runChild(BlockJUnit4ClassRunner.java:103)
	at org.junit.runners.BlockJUnit4ClassRunner.runChild(BlockJUnit4ClassRunner.java:63)
	at org.junit.runners.ParentRunner$4.run(ParentRunner.java:331)
	at org.junit.runners.ParentRunner$1.schedule(ParentRunner.java:79)
	at org.junit.runners.ParentRunner.runChildren(ParentRunner.java:329)
	at org.junit.runners.ParentRunner.access$100(ParentRunner.java:66)
	at org.junit.runners.ParentRunner$2.evaluate(ParentRunner.java:293)
	at org.junit.internal.runners.statements.RunBefores.evaluate(RunBefores.java:26)
	at org.junit.runners.ParentRunner$3.evaluate(ParentRunner.java:306)
	at org.junit.runners.ParentRunner.run(ParentRunner.java:413)
	at org.junit.runners.Suite.runChild(Suite.java:128)
	at org.junit.runners.Suite.runChild(Suite.java:27)
	at org.junit.runners.ParentRunner$4.run(ParentRunner.java:331)
	at org.junit.runners.ParentRunner$1.schedule(ParentRunner.java:79)
	at org.junit.runners.ParentRunner.runChildren(ParentRunner.java:329)
	at org.junit.runners.ParentRunner.access$100(ParentRunner.java:66)
	at org.junit.runners.ParentRunner$2.evaluate(ParentRunner.java:293)
	at org.junit.runners.ParentRunner$3.evaluate(ParentRunner.java:306)
	at org.junit.runners.ParentRunner.run(ParentRunner.java:413)
	at org.apache.maven.surefire.junitcore.JUnitCore.run(JUnitCore.java:55)
	at org.apache.maven.surefire.junitcore.JUnitCoreWrapper.createRequestAndRun(JUnitCoreWrapper.java:137)
	at org.apache.maven.surefire.junitcore.JUnitCoreWrapper.executeEager(JUnitCoreWrapper.java:107)
	at org.apache.maven.surefire.junitcore.JUnitCoreWrapper.execute(JUnitCoreWrapper.java:83)
	at org.apache.maven.surefire.junitcore.JUnitCoreWrapper.execute(JUnitCoreWrapper.java:75)
	at org.apache.maven.surefire.junitcore.JUnitCoreProvider.invoke(JUnitCoreProvider.java:158)
	at org.apache.maven.surefire.booter.ForkedBooter.runSuitesInProcess(ForkedBooter.java:377)
	at org.apache.maven.surefire.booter.ForkedBooter.execute(ForkedBooter.java:138)
	at org.apache.maven.surefire.booter.ForkedBooter.run(ForkedBooter.java:465)
	at org.apache.maven.surefire.booter.ForkedBooter.main(ForkedBooter.java:451)
Caused by: org.apache.derby.shared.common.error.DerbySQLIntegrityConstraintViolationException: DELETE on table 'DBS' caused a violation of foreign key constraint 'TBLS_FK1' for key (2).  The statement has been rolled back.
	at org.apache.derby.impl.jdbc.SQLExceptionFactory.getSQLException(Unknown Source)
	at org.apache.derby.impl.jdbc.Util.generateCsSQLException(Unknown Source)
	at org.apache.derby.impl.jdbc.TransactionResourceImpl.wrapInSQLException(Unknown Source)
	at org.apache.derby.impl.jdbc.TransactionResourceImpl.handleException(Unknown Source)
	at org.apache.derby.impl.jdbc.EmbedConnection.handleException(Unknown Source)
	at org.apache.derby.impl.jdbc.ConnectionChild.handleException(Unknown Source)
	at org.apache.derby.impl.jdbc.EmbedStatement.executeStatement(Unknown Source)
	at org.apache.derby.impl.jdbc.EmbedPreparedStatement.executeBatchElement(Unknown Source)
	... 95 more
Caused by: ERROR 23503: DELETE on table 'DBS' caused a violation of foreign key constraint 'TBLS_FK1' for key (2).  The statement has been rolled back.
	at org.apache.derby.iapi.error.StandardException.newException(Unknown Source)
	at org.apache.derby.iapi.error.StandardException.newException(Unknown Source)
	at org.apache.derby.impl.sql.execute.ReferencedKeyRIChecker.doCheck(Unknown Source)
	at org.apache.derby.impl.sql.execute.RISetChecker.doPKCheck(Unknown Source)
	at org.apache.derby.impl.sql.execute.DeleteResultSet.collectAffectedRows(Unknown Source)
	at org.apache.derby.impl.sql.execute.DeleteResultSet.open(Unknown Source)
	at org.apache.derby.impl.sql.GenericPreparedStatement.executeStmt(Unknown Source)
	at org.apache.derby.impl.sql.GenericPreparedStatement.execute(Unknown Source)
	... 97 more

2024-04-24T11:27:14,264  INFO [main] HiveMetaStore.audit: ugi=alex	ip=unknown-ip-addr	cmd=drop_database: @hive#junit_specific_db	
2024-04-24T11:27:14,269  INFO [main] HiveMetaStore.audit: ugi=alex	ip=unknown-ip-addr	cmd=get_all_tables: db=@hive#junit_specific_db	
2024-04-24T11:27:14,270  INFO [main] HiveMetaStore.audit: ugi=alex	ip=unknown-ip-addr	cmd=get_functions: db=@hive#junit_specific_db pat=*	
2024-04-24T11:27:14,272  INFO [main] HiveMetaStore.audit: ugi=alex	ip=unknown-ip-addr	cmd=get_all_stored_procedures	
2024-04-24T11:27:14,274  INFO [main] HiveMetaStore.audit: ugi=alex	ip=unknown-ip-addr	cmd=get_all_packages	
2024-04-24T11:27:14,275  INFO [main] HiveMetaStore.audit: ugi=alex	ip=unknown-ip-addr	cmd=getTablesByTypeCore: catName=hive: db=junit_specific_db pat=.*,type=MATERIALIZED_VIEW	
2024-04-24T11:27:14,281  INFO [main] metastore.ObjectStore: Dropping database hive.junit_specific_db along with all tables
2024-04-24T11:27:14,287  INFO [main] txn.TxnHandler: Non-retryable error in cleanupRecords : Table/View 'TXN_COMPONENTS' does not exist. (SQLState=42X05, ErrorCode=20000)
2024-04-24T11:27:14,287  WARN [main] txn.TxnHandler: Cannot perform cleanup since metastore table does not exist
2024-04-24T11:27:14,288 ERROR [main] metastore.RetryingHMSHandler: Retrying HMSHandler after 2000 ms (attempt 3 of 10) with error: javax.jdo.JDODataStoreException: Exception thrown flushing changes to datastore
	at org.datanucleus.api.jdo.NucleusJDOHelper.getJDOExceptionForNucleusException(NucleusJDOHelper.java:542)
	at org.datanucleus.api.jdo.JDOTransaction.commit(JDOTransaction.java:162)
	at org.apache.hadoop.hive.metastore.ObjectStore.commitTransaction(ObjectStore.java:615)
	at sun.reflect.GeneratedMethodAccessor31.invoke(Unknown Source)
	at sun.reflect.DelegatingMethodAccessorImpl.invoke(DelegatingMethodAccessorImpl.java:43)
	at java.lang.reflect.Method.invoke(Method.java:498)
	at org.apache.hadoop.hive.metastore.RawStoreProxy.invoke(RawStoreProxy.java:97)
	at com.sun.proxy.$Proxy32.commitTransaction(Unknown Source)
	at org.apache.hadoop.hive.metastore.HMSHandler.drop_database_core(HMSHandler.java:1790)
	at org.apache.hadoop.hive.metastore.HMSHandler.drop_database(HMSHandler.java:1869)
	at sun.reflect.NativeMethodAccessorImpl.invoke0(Native Method)
	at sun.reflect.NativeMethodAccessorImpl.invoke(NativeMethodAccessorImpl.java:62)
	at sun.reflect.DelegatingMethodAccessorImpl.invoke(DelegatingMethodAccessorImpl.java:43)
	at java.lang.reflect.Method.invoke(Method.java:498)
	at org.apache.hadoop.hive.metastore.RetryingHMSHandler.invokeInternal(RetryingHMSHandler.java:147)
	at org.apache.hadoop.hive.metastore.RetryingHMSHandler.invoke(RetryingHMSHandler.java:108)
	at com.sun.proxy.$Proxy35.drop_database(Unknown Source)
	at org.apache.hadoop.hive.metastore.HiveMetaStoreClient.dropDatabaseCascadePerDb(HiveMetaStoreClient.java:1601)
	at org.apache.hadoop.hive.metastore.HiveMetaStoreClient.dropDatabase(HiveMetaStoreClient.java:1532)
	at org.apache.hadoop.hive.metastore.HiveMetaStoreClient.dropDatabase(HiveMetaStoreClient.java:1485)
	at sun.reflect.NativeMethodAccessorImpl.invoke0(Native Method)
	at sun.reflect.NativeMethodAccessorImpl.invoke(NativeMethodAccessorImpl.java:62)
	at sun.reflect.DelegatingMethodAccessorImpl.invoke(DelegatingMethodAccessorImpl.java:43)
	at java.lang.reflect.Method.invoke(Method.java:498)
	at org.apache.hadoop.hive.metastore.RetryingMetaStoreClient.invoke(RetryingMetaStoreClient.java:218)
	at com.sun.proxy.$Proxy45.dropDatabase(Unknown Source)
	at org.apache.hadoop.hive.ql.metadata.Hive.dropDatabase(Hive.java:662)
	at org.apache.hadoop.hive.ql.ddl.database.drop.DropDatabaseOperation.execute(DropDatabaseOperation.java:52)
	at org.apache.hadoop.hive.ql.ddl.DDLTask.execute(DDLTask.java:84)
	at org.apache.hadoop.hive.ql.exec.Task.executeTask(Task.java:212)
	at org.apache.hadoop.hive.ql.exec.TaskRunner.runSequential(TaskRunner.java:105)
	at org.apache.hadoop.hive.ql.Executor.launchTask(Executor.java:361)
	at org.apache.hadoop.hive.ql.Executor.launchTasks(Executor.java:334)
	at org.apache.hadoop.hive.ql.Executor.runTasks(Executor.java:245)
	at org.apache.hadoop.hive.ql.Executor.execute(Executor.java:108)
	at org.apache.hadoop.hive.ql.Driver.execute(Driver.java:348)
	at org.apache.hadoop.hive.ql.Driver.runInternal(Driver.java:204)
	at org.apache.hadoop.hive.ql.Driver.run(Driver.java:153)
	at org.apache.hadoop.hive.ql.Driver.run(Driver.java:148)
	at org.apache.hadoop.hive.ql.reexec.ReExecDriver.run(ReExecDriver.java:164)
	at org.apache.hadoop.hive.ql.reexec.ReExecDriver.run(ReExecDriver.java:230)
	at org.apache.hive.hcatalog.pig.AbstractHCatLoaderTest.executeStatementOnDriver(AbstractHCatLoaderTest.java:151)
	at org.apache.hive.hcatalog.pig.AbstractHCatLoaderTest.tearDown(AbstractHCatLoaderTest.java:239)
	at sun.reflect.NativeMethodAccessorImpl.invoke0(Native Method)
	at sun.reflect.NativeMethodAccessorImpl.invoke(NativeMethodAccessorImpl.java:62)
	at sun.reflect.DelegatingMethodAccessorImpl.invoke(DelegatingMethodAccessorImpl.java:43)
	at java.lang.reflect.Method.invoke(Method.java:498)
	at org.junit.runners.model.FrameworkMethod$1.runReflectiveCall(FrameworkMethod.java:59)
	at org.junit.internal.runners.model.ReflectiveCallable.run(ReflectiveCallable.java:12)
	at org.junit.runners.model.FrameworkMethod.invokeExplosively(FrameworkMethod.java:56)
	at org.junit.internal.runners.statements.RunAfters.invokeMethod(RunAfters.java:46)
	at org.junit.internal.runners.statements.RunAfters.evaluate(RunAfters.java:33)
	at org.junit.runners.ParentRunner$3.evaluate(ParentRunner.java:306)
	at org.junit.runners.BlockJUnit4ClassRunner$1.evaluate(BlockJUnit4ClassRunner.java:100)
	at org.junit.runners.ParentRunner.runLeaf(ParentRunner.java:366)
	at org.junit.runners.BlockJUnit4ClassRunner.runChild(BlockJUnit4ClassRunner.java:103)
	at org.junit.runners.BlockJUnit4ClassRunner.runChild(BlockJUnit4ClassRunner.java:63)
	at org.junit.runners.ParentRunner$4.run(ParentRunner.java:331)
	at org.junit.runners.ParentRunner$1.schedule(ParentRunner.java:79)
	at org.junit.runners.ParentRunner.runChildren(ParentRunner.java:329)
	at org.junit.runners.ParentRunner.access$100(ParentRunner.java:66)
	at org.junit.runners.ParentRunner$2.evaluate(ParentRunner.java:293)
	at org.junit.internal.runners.statements.RunBefores.evaluate(RunBefores.java:26)
	at org.junit.runners.ParentRunner$3.evaluate(ParentRunner.java:306)
	at org.junit.runners.ParentRunner.run(ParentRunner.java:413)
	at org.junit.runners.Suite.runChild(Suite.java:128)
	at org.junit.runners.Suite.runChild(Suite.java:27)
	at org.junit.runners.ParentRunner$4.run(ParentRunner.java:331)
	at org.junit.runners.ParentRunner$1.schedule(ParentRunner.java:79)
	at org.junit.runners.ParentRunner.runChildren(ParentRunner.java:329)
	at org.junit.runners.ParentRunner.access$100(ParentRunner.java:66)
	at org.junit.runners.ParentRunner$2.evaluate(ParentRunner.java:293)
	at org.junit.runners.ParentRunner$3.evaluate(ParentRunner.java:306)
	at org.junit.runners.ParentRunner.run(ParentRunner.java:413)
	at org.apache.maven.surefire.junitcore.JUnitCore.run(JUnitCore.java:55)
	at org.apache.maven.surefire.junitcore.JUnitCoreWrapper.createRequestAndRun(JUnitCoreWrapper.java:137)
	at org.apache.maven.surefire.junitcore.JUnitCoreWrapper.executeEager(JUnitCoreWrapper.java:107)
	at org.apache.maven.surefire.junitcore.JUnitCoreWrapper.execute(JUnitCoreWrapper.java:83)
	at org.apache.maven.surefire.junitcore.JUnitCoreWrapper.execute(JUnitCoreWrapper.java:75)
	at org.apache.maven.surefire.junitcore.JUnitCoreProvider.invoke(JUnitCoreProvider.java:158)
	at org.apache.maven.surefire.booter.ForkedBooter.runSuitesInProcess(ForkedBooter.java:377)
	at org.apache.maven.surefire.booter.ForkedBooter.execute(ForkedBooter.java:138)
	at org.apache.maven.surefire.booter.ForkedBooter.run(ForkedBooter.java:465)
	at org.apache.maven.surefire.booter.ForkedBooter.main(ForkedBooter.java:451)
NestedThrowablesStackTrace:
java.sql.BatchUpdateException: DELETE on table 'DBS' caused a violation of foreign key constraint 'TBLS_FK1' for key (2).  The statement has been rolled back.
	at org.apache.derby.impl.jdbc.EmbedStatement.executeLargeBatch(Unknown Source)
	at org.apache.derby.impl.jdbc.EmbedStatement.executeBatch(Unknown Source)
	at com.zaxxer.hikari.pool.ProxyStatement.executeBatch(ProxyStatement.java:128)
	at com.zaxxer.hikari.pool.HikariProxyPreparedStatement.executeBatch(HikariProxyPreparedStatement.java)
	at org.datanucleus.store.rdbms.ParamLoggingPreparedStatement.executeBatch(ParamLoggingPreparedStatement.java:366)
	at org.datanucleus.store.rdbms.SQLController.processConnectionStatement(SQLController.java:675)
	at org.datanucleus.store.rdbms.SQLController.processStatementsForConnection(SQLController.java:643)
	at org.datanucleus.store.rdbms.SQLController$1.transactionFlushed(SQLController.java:729)
	at org.datanucleus.store.connection.AbstractManagedConnection.transactionFlushed(AbstractManagedConnection.java:95)
	at org.datanucleus.store.connection.ConnectionManagerImpl$2.transactionFlushed(ConnectionManagerImpl.java:528)
	at org.datanucleus.TransactionImpl.flush(TransactionImpl.java:222)
	at org.datanucleus.TransactionImpl.commit(TransactionImpl.java:286)
	at org.datanucleus.api.jdo.JDOTransaction.commit(JDOTransaction.java:99)
	at org.apache.hadoop.hive.metastore.ObjectStore.commitTransaction(ObjectStore.java:615)
	at sun.reflect.GeneratedMethodAccessor31.invoke(Unknown Source)
	at sun.reflect.DelegatingMethodAccessorImpl.invoke(DelegatingMethodAccessorImpl.java:43)
	at java.lang.reflect.Method.invoke(Method.java:498)
	at org.apache.hadoop.hive.metastore.RawStoreProxy.invoke(RawStoreProxy.java:97)
	at com.sun.proxy.$Proxy32.commitTransaction(Unknown Source)
	at org.apache.hadoop.hive.metastore.HMSHandler.drop_database_core(HMSHandler.java:1790)
	at org.apache.hadoop.hive.metastore.HMSHandler.drop_database(HMSHandler.java:1869)
	at sun.reflect.NativeMethodAccessorImpl.invoke0(Native Method)
	at sun.reflect.NativeMethodAccessorImpl.invoke(NativeMethodAccessorImpl.java:62)
	at sun.reflect.DelegatingMethodAccessorImpl.invoke(DelegatingMethodAccessorImpl.java:43)
	at java.lang.reflect.Method.invoke(Method.java:498)
	at org.apache.hadoop.hive.metastore.RetryingHMSHandler.invokeInternal(RetryingHMSHandler.java:147)
	at org.apache.hadoop.hive.metastore.RetryingHMSHandler.invoke(RetryingHMSHandler.java:108)
	at com.sun.proxy.$Proxy35.drop_database(Unknown Source)
	at org.apache.hadoop.hive.metastore.HiveMetaStoreClient.dropDatabaseCascadePerDb(HiveMetaStoreClient.java:1601)
	at org.apache.hadoop.hive.metastore.HiveMetaStoreClient.dropDatabase(HiveMetaStoreClient.java:1532)
	at org.apache.hadoop.hive.metastore.HiveMetaStoreClient.dropDatabase(HiveMetaStoreClient.java:1485)
	at sun.reflect.NativeMethodAccessorImpl.invoke0(Native Method)
	at sun.reflect.NativeMethodAccessorImpl.invoke(NativeMethodAccessorImpl.java:62)
	at sun.reflect.DelegatingMethodAccessorImpl.invoke(DelegatingMethodAccessorImpl.java:43)
	at java.lang.reflect.Method.invoke(Method.java:498)
	at org.apache.hadoop.hive.metastore.RetryingMetaStoreClient.invoke(RetryingMetaStoreClient.java:218)
	at com.sun.proxy.$Proxy45.dropDatabase(Unknown Source)
	at org.apache.hadoop.hive.ql.metadata.Hive.dropDatabase(Hive.java:662)
	at org.apache.hadoop.hive.ql.ddl.database.drop.DropDatabaseOperation.execute(DropDatabaseOperation.java:52)
	at org.apache.hadoop.hive.ql.ddl.DDLTask.execute(DDLTask.java:84)
	at org.apache.hadoop.hive.ql.exec.Task.executeTask(Task.java:212)
	at org.apache.hadoop.hive.ql.exec.TaskRunner.runSequential(TaskRunner.java:105)
	at org.apache.hadoop.hive.ql.Executor.launchTask(Executor.java:361)
	at org.apache.hadoop.hive.ql.Executor.launchTasks(Executor.java:334)
	at org.apache.hadoop.hive.ql.Executor.runTasks(Executor.java:245)
	at org.apache.hadoop.hive.ql.Executor.execute(Executor.java:108)
	at org.apache.hadoop.hive.ql.Driver.execute(Driver.java:348)
	at org.apache.hadoop.hive.ql.Driver.runInternal(Driver.java:204)
	at org.apache.hadoop.hive.ql.Driver.run(Driver.java:153)
	at org.apache.hadoop.hive.ql.Driver.run(Driver.java:148)
	at org.apache.hadoop.hive.ql.reexec.ReExecDriver.run(ReExecDriver.java:164)
	at org.apache.hadoop.hive.ql.reexec.ReExecDriver.run(ReExecDriver.java:230)
	at org.apache.hive.hcatalog.pig.AbstractHCatLoaderTest.executeStatementOnDriver(AbstractHCatLoaderTest.java:151)
	at org.apache.hive.hcatalog.pig.AbstractHCatLoaderTest.tearDown(AbstractHCatLoaderTest.java:239)
	at sun.reflect.NativeMethodAccessorImpl.invoke0(Native Method)
	at sun.reflect.NativeMethodAccessorImpl.invoke(NativeMethodAccessorImpl.java:62)
	at sun.reflect.DelegatingMethodAccessorImpl.invoke(DelegatingMethodAccessorImpl.java:43)
	at java.lang.reflect.Method.invoke(Method.java:498)
	at org.junit.runners.model.FrameworkMethod$1.runReflectiveCall(FrameworkMethod.java:59)
	at org.junit.internal.runners.model.ReflectiveCallable.run(ReflectiveCallable.java:12)
	at org.junit.runners.model.FrameworkMethod.invokeExplosively(FrameworkMethod.java:56)
	at org.junit.internal.runners.statements.RunAfters.invokeMethod(RunAfters.java:46)
	at org.junit.internal.runners.statements.RunAfters.evaluate(RunAfters.java:33)
	at org.junit.runners.ParentRunner$3.evaluate(ParentRunner.java:306)
	at org.junit.runners.BlockJUnit4ClassRunner$1.evaluate(BlockJUnit4ClassRunner.java:100)
	at org.junit.runners.ParentRunner.runLeaf(ParentRunner.java:366)
	at org.junit.runners.BlockJUnit4ClassRunner.runChild(BlockJUnit4ClassRunner.java:103)
	at org.junit.runners.BlockJUnit4ClassRunner.runChild(BlockJUnit4ClassRunner.java:63)
	at org.junit.runners.ParentRunner$4.run(ParentRunner.java:331)
	at org.junit.runners.ParentRunner$1.schedule(ParentRunner.java:79)
	at org.junit.runners.ParentRunner.runChildren(ParentRunner.java:329)
	at org.junit.runners.ParentRunner.access$100(ParentRunner.java:66)
	at org.junit.runners.ParentRunner$2.evaluate(ParentRunner.java:293)
	at org.junit.internal.runners.statements.RunBefores.evaluate(RunBefores.java:26)
	at org.junit.runners.ParentRunner$3.evaluate(ParentRunner.java:306)
	at org.junit.runners.ParentRunner.run(ParentRunner.java:413)
	at org.junit.runners.Suite.runChild(Suite.java:128)
	at org.junit.runners.Suite.runChild(Suite.java:27)
	at org.junit.runners.ParentRunner$4.run(ParentRunner.java:331)
	at org.junit.runners.ParentRunner$1.schedule(ParentRunner.java:79)
	at org.junit.runners.ParentRunner.runChildren(ParentRunner.java:329)
	at org.junit.runners.ParentRunner.access$100(ParentRunner.java:66)
	at org.junit.runners.ParentRunner$2.evaluate(ParentRunner.java:293)
	at org.junit.runners.ParentRunner$3.evaluate(ParentRunner.java:306)
	at org.junit.runners.ParentRunner.run(ParentRunner.java:413)
	at org.apache.maven.surefire.junitcore.JUnitCore.run(JUnitCore.java:55)
	at org.apache.maven.surefire.junitcore.JUnitCoreWrapper.createRequestAndRun(JUnitCoreWrapper.java:137)
	at org.apache.maven.surefire.junitcore.JUnitCoreWrapper.executeEager(JUnitCoreWrapper.java:107)
	at org.apache.maven.surefire.junitcore.JUnitCoreWrapper.execute(JUnitCoreWrapper.java:83)
	at org.apache.maven.surefire.junitcore.JUnitCoreWrapper.execute(JUnitCoreWrapper.java:75)
	at org.apache.maven.surefire.junitcore.JUnitCoreProvider.invoke(JUnitCoreProvider.java:158)
	at org.apache.maven.surefire.booter.ForkedBooter.runSuitesInProcess(ForkedBooter.java:377)
	at org.apache.maven.surefire.booter.ForkedBooter.execute(ForkedBooter.java:138)
	at org.apache.maven.surefire.booter.ForkedBooter.run(ForkedBooter.java:465)
	at org.apache.maven.surefire.booter.ForkedBooter.main(ForkedBooter.java:451)
Caused by: org.apache.derby.shared.common.error.DerbySQLIntegrityConstraintViolationException: DELETE on table 'DBS' caused a violation of foreign key constraint 'TBLS_FK1' for key (2).  The statement has been rolled back.
	at org.apache.derby.impl.jdbc.SQLExceptionFactory.getSQLException(Unknown Source)
	at org.apache.derby.impl.jdbc.Util.generateCsSQLException(Unknown Source)
	at org.apache.derby.impl.jdbc.TransactionResourceImpl.wrapInSQLException(Unknown Source)
	at org.apache.derby.impl.jdbc.TransactionResourceImpl.handleException(Unknown Source)
	at org.apache.derby.impl.jdbc.EmbedConnection.handleException(Unknown Source)
	at org.apache.derby.impl.jdbc.ConnectionChild.handleException(Unknown Source)
	at org.apache.derby.impl.jdbc.EmbedStatement.executeStatement(Unknown Source)
	at org.apache.derby.impl.jdbc.EmbedPreparedStatement.executeBatchElement(Unknown Source)
	... 95 more
Caused by: ERROR 23503: DELETE on table 'DBS' caused a violation of foreign key constraint 'TBLS_FK1' for key (2).  The statement has been rolled back.
	at org.apache.derby.iapi.error.StandardException.newException(Unknown Source)
	at org.apache.derby.iapi.error.StandardException.newException(Unknown Source)
	at org.apache.derby.impl.sql.execute.ReferencedKeyRIChecker.doCheck(Unknown Source)
	at org.apache.derby.impl.sql.execute.RISetChecker.doPKCheck(Unknown Source)
	at org.apache.derby.impl.sql.execute.DeleteResultSet.collectAffectedRows(Unknown Source)
	at org.apache.derby.impl.sql.execute.DeleteResultSet.open(Unknown Source)
	at org.apache.derby.impl.sql.GenericPreparedStatement.executeStmt(Unknown Source)
	at org.apache.derby.impl.sql.GenericPreparedStatement.execute(Unknown Source)
	... 97 more

2024-04-24T11:27:16,290  INFO [main] HiveMetaStore.audit: ugi=alex	ip=unknown-ip-addr	cmd=drop_database: @hive#junit_specific_db	
2024-04-24T11:27:16,296  INFO [main] HiveMetaStore.audit: ugi=alex	ip=unknown-ip-addr	cmd=get_all_tables: db=@hive#junit_specific_db	
2024-04-24T11:27:16,299  INFO [main] HiveMetaStore.audit: ugi=alex	ip=unknown-ip-addr	cmd=get_functions: db=@hive#junit_specific_db pat=*	
2024-04-24T11:27:16,308  INFO [main] HiveMetaStore.audit: ugi=alex	ip=unknown-ip-addr	cmd=get_all_stored_procedures	
2024-04-24T11:27:16,311  INFO [main] HiveMetaStore.audit: ugi=alex	ip=unknown-ip-addr	cmd=get_all_packages	
2024-04-24T11:27:16,313  INFO [main] HiveMetaStore.audit: ugi=alex	ip=unknown-ip-addr	cmd=getTablesByTypeCore: catName=hive: db=junit_specific_db pat=.*,type=MATERIALIZED_VIEW	
2024-04-24T11:27:16,318  INFO [main] metastore.ObjectStore: Dropping database hive.junit_specific_db along with all tables
2024-04-24T11:27:16,323  INFO [main] txn.TxnHandler: Non-retryable error in cleanupRecords : Table/View 'TXN_COMPONENTS' does not exist. (SQLState=42X05, ErrorCode=20000)
2024-04-24T11:27:16,323  WARN [main] txn.TxnHandler: Cannot perform cleanup since metastore table does not exist
2024-04-24T11:27:16,325 ERROR [main] metastore.RetryingHMSHandler: Retrying HMSHandler after 2000 ms (attempt 4 of 10) with error: javax.jdo.JDODataStoreException: Exception thrown flushing changes to datastore
	at org.datanucleus.api.jdo.NucleusJDOHelper.getJDOExceptionForNucleusException(NucleusJDOHelper.java:542)
	at org.datanucleus.api.jdo.JDOTransaction.commit(JDOTransaction.java:162)
	at org.apache.hadoop.hive.metastore.ObjectStore.commitTransaction(ObjectStore.java:615)
	at sun.reflect.GeneratedMethodAccessor31.invoke(Unknown Source)
	at sun.reflect.DelegatingMethodAccessorImpl.invoke(DelegatingMethodAccessorImpl.java:43)
	at java.lang.reflect.Method.invoke(Method.java:498)
	at org.apache.hadoop.hive.metastore.RawStoreProxy.invoke(RawStoreProxy.java:97)
	at com.sun.proxy.$Proxy32.commitTransaction(Unknown Source)
	at org.apache.hadoop.hive.metastore.HMSHandler.drop_database_core(HMSHandler.java:1790)
	at org.apache.hadoop.hive.metastore.HMSHandler.drop_database(HMSHandler.java:1869)
	at sun.reflect.NativeMethodAccessorImpl.invoke0(Native Method)
	at sun.reflect.NativeMethodAccessorImpl.invoke(NativeMethodAccessorImpl.java:62)
	at sun.reflect.DelegatingMethodAccessorImpl.invoke(DelegatingMethodAccessorImpl.java:43)
	at java.lang.reflect.Method.invoke(Method.java:498)
	at org.apache.hadoop.hive.metastore.RetryingHMSHandler.invokeInternal(RetryingHMSHandler.java:147)
	at org.apache.hadoop.hive.metastore.RetryingHMSHandler.invoke(RetryingHMSHandler.java:108)
	at com.sun.proxy.$Proxy35.drop_database(Unknown Source)
	at org.apache.hadoop.hive.metastore.HiveMetaStoreClient.dropDatabaseCascadePerDb(HiveMetaStoreClient.java:1601)
	at org.apache.hadoop.hive.metastore.HiveMetaStoreClient.dropDatabase(HiveMetaStoreClient.java:1532)
	at org.apache.hadoop.hive.metastore.HiveMetaStoreClient.dropDatabase(HiveMetaStoreClient.java:1485)
	at sun.reflect.NativeMethodAccessorImpl.invoke0(Native Method)
	at sun.reflect.NativeMethodAccessorImpl.invoke(NativeMethodAccessorImpl.java:62)
	at sun.reflect.DelegatingMethodAccessorImpl.invoke(DelegatingMethodAccessorImpl.java:43)
	at java.lang.reflect.Method.invoke(Method.java:498)
	at org.apache.hadoop.hive.metastore.RetryingMetaStoreClient.invoke(RetryingMetaStoreClient.java:218)
	at com.sun.proxy.$Proxy45.dropDatabase(Unknown Source)
	at org.apache.hadoop.hive.ql.metadata.Hive.dropDatabase(Hive.java:662)
	at org.apache.hadoop.hive.ql.ddl.database.drop.DropDatabaseOperation.execute(DropDatabaseOperation.java:52)
	at org.apache.hadoop.hive.ql.ddl.DDLTask.execute(DDLTask.java:84)
	at org.apache.hadoop.hive.ql.exec.Task.executeTask(Task.java:212)
	at org.apache.hadoop.hive.ql.exec.TaskRunner.runSequential(TaskRunner.java:105)
	at org.apache.hadoop.hive.ql.Executor.launchTask(Executor.java:361)
	at org.apache.hadoop.hive.ql.Executor.launchTasks(Executor.java:334)
	at org.apache.hadoop.hive.ql.Executor.runTasks(Executor.java:245)
	at org.apache.hadoop.hive.ql.Executor.execute(Executor.java:108)
	at org.apache.hadoop.hive.ql.Driver.execute(Driver.java:348)
	at org.apache.hadoop.hive.ql.Driver.runInternal(Driver.java:204)
	at org.apache.hadoop.hive.ql.Driver.run(Driver.java:153)
	at org.apache.hadoop.hive.ql.Driver.run(Driver.java:148)
	at org.apache.hadoop.hive.ql.reexec.ReExecDriver.run(ReExecDriver.java:164)
	at org.apache.hadoop.hive.ql.reexec.ReExecDriver.run(ReExecDriver.java:230)
	at org.apache.hive.hcatalog.pig.AbstractHCatLoaderTest.executeStatementOnDriver(AbstractHCatLoaderTest.java:151)
	at org.apache.hive.hcatalog.pig.AbstractHCatLoaderTest.tearDown(AbstractHCatLoaderTest.java:239)
	at sun.reflect.NativeMethodAccessorImpl.invoke0(Native Method)
	at sun.reflect.NativeMethodAccessorImpl.invoke(NativeMethodAccessorImpl.java:62)
	at sun.reflect.DelegatingMethodAccessorImpl.invoke(DelegatingMethodAccessorImpl.java:43)
	at java.lang.reflect.Method.invoke(Method.java:498)
	at org.junit.runners.model.FrameworkMethod$1.runReflectiveCall(FrameworkMethod.java:59)
	at org.junit.internal.runners.model.ReflectiveCallable.run(ReflectiveCallable.java:12)
	at org.junit.runners.model.FrameworkMethod.invokeExplosively(FrameworkMethod.java:56)
	at org.junit.internal.runners.statements.RunAfters.invokeMethod(RunAfters.java:46)
	at org.junit.internal.runners.statements.RunAfters.evaluate(RunAfters.java:33)
	at org.junit.runners.ParentRunner$3.evaluate(ParentRunner.java:306)
	at org.junit.runners.BlockJUnit4ClassRunner$1.evaluate(BlockJUnit4ClassRunner.java:100)
	at org.junit.runners.ParentRunner.runLeaf(ParentRunner.java:366)
	at org.junit.runners.BlockJUnit4ClassRunner.runChild(BlockJUnit4ClassRunner.java:103)
	at org.junit.runners.BlockJUnit4ClassRunner.runChild(BlockJUnit4ClassRunner.java:63)
	at org.junit.runners.ParentRunner$4.run(ParentRunner.java:331)
	at org.junit.runners.ParentRunner$1.schedule(ParentRunner.java:79)
	at org.junit.runners.ParentRunner.runChildren(ParentRunner.java:329)
	at org.junit.runners.ParentRunner.access$100(ParentRunner.java:66)
	at org.junit.runners.ParentRunner$2.evaluate(ParentRunner.java:293)
	at org.junit.internal.runners.statements.RunBefores.evaluate(RunBefores.java:26)
	at org.junit.runners.ParentRunner$3.evaluate(ParentRunner.java:306)
	at org.junit.runners.ParentRunner.run(ParentRunner.java:413)
	at org.junit.runners.Suite.runChild(Suite.java:128)
	at org.junit.runners.Suite.runChild(Suite.java:27)
	at org.junit.runners.ParentRunner$4.run(ParentRunner.java:331)
	at org.junit.runners.ParentRunner$1.schedule(ParentRunner.java:79)
	at org.junit.runners.ParentRunner.runChildren(ParentRunner.java:329)
	at org.junit.runners.ParentRunner.access$100(ParentRunner.java:66)
	at org.junit.runners.ParentRunner$2.evaluate(ParentRunner.java:293)
	at org.junit.runners.ParentRunner$3.evaluate(ParentRunner.java:306)
	at org.junit.runners.ParentRunner.run(ParentRunner.java:413)
	at org.apache.maven.surefire.junitcore.JUnitCore.run(JUnitCore.java:55)
	at org.apache.maven.surefire.junitcore.JUnitCoreWrapper.createRequestAndRun(JUnitCoreWrapper.java:137)
	at org.apache.maven.surefire.junitcore.JUnitCoreWrapper.executeEager(JUnitCoreWrapper.java:107)
	at org.apache.maven.surefire.junitcore.JUnitCoreWrapper.execute(JUnitCoreWrapper.java:83)
	at org.apache.maven.surefire.junitcore.JUnitCoreWrapper.execute(JUnitCoreWrapper.java:75)
	at org.apache.maven.surefire.junitcore.JUnitCoreProvider.invoke(JUnitCoreProvider.java:158)
	at org.apache.maven.surefire.booter.ForkedBooter.runSuitesInProcess(ForkedBooter.java:377)
	at org.apache.maven.surefire.booter.ForkedBooter.execute(ForkedBooter.java:138)
	at org.apache.maven.surefire.booter.ForkedBooter.run(ForkedBooter.java:465)
	at org.apache.maven.surefire.booter.ForkedBooter.main(ForkedBooter.java:451)
NestedThrowablesStackTrace:
java.sql.BatchUpdateException: DELETE on table 'DBS' caused a violation of foreign key constraint 'TBLS_FK1' for key (2).  The statement has been rolled back.
	at org.apache.derby.impl.jdbc.EmbedStatement.executeLargeBatch(Unknown Source)
	at org.apache.derby.impl.jdbc.EmbedStatement.executeBatch(Unknown Source)
	at com.zaxxer.hikari.pool.ProxyStatement.executeBatch(ProxyStatement.java:128)
	at com.zaxxer.hikari.pool.HikariProxyPreparedStatement.executeBatch(HikariProxyPreparedStatement.java)
	at org.datanucleus.store.rdbms.ParamLoggingPreparedStatement.executeBatch(ParamLoggingPreparedStatement.java:366)
	at org.datanucleus.store.rdbms.SQLController.processConnectionStatement(SQLController.java:675)
	at org.datanucleus.store.rdbms.SQLController.processStatementsForConnection(SQLController.java:643)
	at org.datanucleus.store.rdbms.SQLController$1.transactionFlushed(SQLController.java:729)
	at org.datanucleus.store.connection.AbstractManagedConnection.transactionFlushed(AbstractManagedConnection.java:95)
	at org.datanucleus.store.connection.ConnectionManagerImpl$2.transactionFlushed(ConnectionManagerImpl.java:528)
	at org.datanucleus.TransactionImpl.flush(TransactionImpl.java:222)
	at org.datanucleus.TransactionImpl.commit(TransactionImpl.java:286)
	at org.datanucleus.api.jdo.JDOTransaction.commit(JDOTransaction.java:99)
	at org.apache.hadoop.hive.metastore.ObjectStore.commitTransaction(ObjectStore.java:615)
	at sun.reflect.GeneratedMethodAccessor31.invoke(Unknown Source)
	at sun.reflect.DelegatingMethodAccessorImpl.invoke(DelegatingMethodAccessorImpl.java:43)
	at java.lang.reflect.Method.invoke(Method.java:498)
	at org.apache.hadoop.hive.metastore.RawStoreProxy.invoke(RawStoreProxy.java:97)
	at com.sun.proxy.$Proxy32.commitTransaction(Unknown Source)
	at org.apache.hadoop.hive.metastore.HMSHandler.drop_database_core(HMSHandler.java:1790)
	at org.apache.hadoop.hive.metastore.HMSHandler.drop_database(HMSHandler.java:1869)
	at sun.reflect.NativeMethodAccessorImpl.invoke0(Native Method)
	at sun.reflect.NativeMethodAccessorImpl.invoke(NativeMethodAccessorImpl.java:62)
	at sun.reflect.DelegatingMethodAccessorImpl.invoke(DelegatingMethodAccessorImpl.java:43)
	at java.lang.reflect.Method.invoke(Method.java:498)
	at org.apache.hadoop.hive.metastore.RetryingHMSHandler.invokeInternal(RetryingHMSHandler.java:147)
	at org.apache.hadoop.hive.metastore.RetryingHMSHandler.invoke(RetryingHMSHandler.java:108)
	at com.sun.proxy.$Proxy35.drop_database(Unknown Source)
	at org.apache.hadoop.hive.metastore.HiveMetaStoreClient.dropDatabaseCascadePerDb(HiveMetaStoreClient.java:1601)
	at org.apache.hadoop.hive.metastore.HiveMetaStoreClient.dropDatabase(HiveMetaStoreClient.java:1532)
	at org.apache.hadoop.hive.metastore.HiveMetaStoreClient.dropDatabase(HiveMetaStoreClient.java:1485)
	at sun.reflect.NativeMethodAccessorImpl.invoke0(Native Method)
	at sun.reflect.NativeMethodAccessorImpl.invoke(NativeMethodAccessorImpl.java:62)
	at sun.reflect.DelegatingMethodAccessorImpl.invoke(DelegatingMethodAccessorImpl.java:43)
	at java.lang.reflect.Method.invoke(Method.java:498)
	at org.apache.hadoop.hive.metastore.RetryingMetaStoreClient.invoke(RetryingMetaStoreClient.java:218)
	at com.sun.proxy.$Proxy45.dropDatabase(Unknown Source)
	at org.apache.hadoop.hive.ql.metadata.Hive.dropDatabase(Hive.java:662)
	at org.apache.hadoop.hive.ql.ddl.database.drop.DropDatabaseOperation.execute(DropDatabaseOperation.java:52)
	at org.apache.hadoop.hive.ql.ddl.DDLTask.execute(DDLTask.java:84)
	at org.apache.hadoop.hive.ql.exec.Task.executeTask(Task.java:212)
	at org.apache.hadoop.hive.ql.exec.TaskRunner.runSequential(TaskRunner.java:105)
	at org.apache.hadoop.hive.ql.Executor.launchTask(Executor.java:361)
	at org.apache.hadoop.hive.ql.Executor.launchTasks(Executor.java:334)
	at org.apache.hadoop.hive.ql.Executor.runTasks(Executor.java:245)
	at org.apache.hadoop.hive.ql.Executor.execute(Executor.java:108)
	at org.apache.hadoop.hive.ql.Driver.execute(Driver.java:348)
	at org.apache.hadoop.hive.ql.Driver.runInternal(Driver.java:204)
	at org.apache.hadoop.hive.ql.Driver.run(Driver.java:153)
	at org.apache.hadoop.hive.ql.Driver.run(Driver.java:148)
	at org.apache.hadoop.hive.ql.reexec.ReExecDriver.run(ReExecDriver.java:164)
	at org.apache.hadoop.hive.ql.reexec.ReExecDriver.run(ReExecDriver.java:230)
	at org.apache.hive.hcatalog.pig.AbstractHCatLoaderTest.executeStatementOnDriver(AbstractHCatLoaderTest.java:151)
	at org.apache.hive.hcatalog.pig.AbstractHCatLoaderTest.tearDown(AbstractHCatLoaderTest.java:239)
	at sun.reflect.NativeMethodAccessorImpl.invoke0(Native Method)
	at sun.reflect.NativeMethodAccessorImpl.invoke(NativeMethodAccessorImpl.java:62)
	at sun.reflect.DelegatingMethodAccessorImpl.invoke(DelegatingMethodAccessorImpl.java:43)
	at java.lang.reflect.Method.invoke(Method.java:498)
	at org.junit.runners.model.FrameworkMethod$1.runReflectiveCall(FrameworkMethod.java:59)
	at org.junit.internal.runners.model.ReflectiveCallable.run(ReflectiveCallable.java:12)
	at org.junit.runners.model.FrameworkMethod.invokeExplosively(FrameworkMethod.java:56)
	at org.junit.internal.runners.statements.RunAfters.invokeMethod(RunAfters.java:46)
	at org.junit.internal.runners.statements.RunAfters.evaluate(RunAfters.java:33)
	at org.junit.runners.ParentRunner$3.evaluate(ParentRunner.java:306)
	at org.junit.runners.BlockJUnit4ClassRunner$1.evaluate(BlockJUnit4ClassRunner.java:100)
	at org.junit.runners.ParentRunner.runLeaf(ParentRunner.java:366)
	at org.junit.runners.BlockJUnit4ClassRunner.runChild(BlockJUnit4ClassRunner.java:103)
	at org.junit.runners.BlockJUnit4ClassRunner.runChild(BlockJUnit4ClassRunner.java:63)
	at org.junit.runners.ParentRunner$4.run(ParentRunner.java:331)
	at org.junit.runners.ParentRunner$1.schedule(ParentRunner.java:79)
	at org.junit.runners.ParentRunner.runChildren(ParentRunner.java:329)
	at org.junit.runners.ParentRunner.access$100(ParentRunner.java:66)
	at org.junit.runners.ParentRunner$2.evaluate(ParentRunner.java:293)
	at org.junit.internal.runners.statements.RunBefores.evaluate(RunBefores.java:26)
	at org.junit.runners.ParentRunner$3.evaluate(ParentRunner.java:306)
	at org.junit.runners.ParentRunner.run(ParentRunner.java:413)
	at org.junit.runners.Suite.runChild(Suite.java:128)
	at org.junit.runners.Suite.runChild(Suite.java:27)
	at org.junit.runners.ParentRunner$4.run(ParentRunner.java:331)
	at org.junit.runners.ParentRunner$1.schedule(ParentRunner.java:79)
	at org.junit.runners.ParentRunner.runChildren(ParentRunner.java:329)
	at org.junit.runners.ParentRunner.access$100(ParentRunner.java:66)
	at org.junit.runners.ParentRunner$2.evaluate(ParentRunner.java:293)
	at org.junit.runners.ParentRunner$3.evaluate(ParentRunner.java:306)
	at org.junit.runners.ParentRunner.run(ParentRunner.java:413)
	at org.apache.maven.surefire.junitcore.JUnitCore.run(JUnitCore.java:55)
	at org.apache.maven.surefire.junitcore.JUnitCoreWrapper.createRequestAndRun(JUnitCoreWrapper.java:137)
	at org.apache.maven.surefire.junitcore.JUnitCoreWrapper.executeEager(JUnitCoreWrapper.java:107)
	at org.apache.maven.surefire.junitcore.JUnitCoreWrapper.execute(JUnitCoreWrapper.java:83)
	at org.apache.maven.surefire.junitcore.JUnitCoreWrapper.execute(JUnitCoreWrapper.java:75)
	at org.apache.maven.surefire.junitcore.JUnitCoreProvider.invoke(JUnitCoreProvider.java:158)
	at org.apache.maven.surefire.booter.ForkedBooter.runSuitesInProcess(ForkedBooter.java:377)
	at org.apache.maven.surefire.booter.ForkedBooter.execute(ForkedBooter.java:138)
	at org.apache.maven.surefire.booter.ForkedBooter.run(ForkedBooter.java:465)
	at org.apache.maven.surefire.booter.ForkedBooter.main(ForkedBooter.java:451)
Caused by: org.apache.derby.shared.common.error.DerbySQLIntegrityConstraintViolationException: DELETE on table 'DBS' caused a violation of foreign key constraint 'TBLS_FK1' for key (2).  The statement has been rolled back.
	at org.apache.derby.impl.jdbc.SQLExceptionFactory.getSQLException(Unknown Source)
	at org.apache.derby.impl.jdbc.Util.generateCsSQLException(Unknown Source)
	at org.apache.derby.impl.jdbc.TransactionResourceImpl.wrapInSQLException(Unknown Source)
	at org.apache.derby.impl.jdbc.TransactionResourceImpl.handleException(Unknown Source)
	at org.apache.derby.impl.jdbc.EmbedConnection.handleException(Unknown Source)
	at org.apache.derby.impl.jdbc.ConnectionChild.handleException(Unknown Source)
	at org.apache.derby.impl.jdbc.EmbedStatement.executeStatement(Unknown Source)
	at org.apache.derby.impl.jdbc.EmbedPreparedStatement.executeBatchElement(Unknown Source)
	... 95 more
Caused by: ERROR 23503: DELETE on table 'DBS' caused a violation of foreign key constraint 'TBLS_FK1' for key (2).  The statement has been rolled back.
	at org.apache.derby.iapi.error.StandardException.newException(Unknown Source)
	at org.apache.derby.iapi.error.StandardException.newException(Unknown Source)
	at org.apache.derby.impl.sql.execute.ReferencedKeyRIChecker.doCheck(Unknown Source)
	at org.apache.derby.impl.sql.execute.RISetChecker.doPKCheck(Unknown Source)
	at org.apache.derby.impl.sql.execute.DeleteResultSet.collectAffectedRows(Unknown Source)
	at org.apache.derby.impl.sql.execute.DeleteResultSet.open(Unknown Source)
	at org.apache.derby.impl.sql.GenericPreparedStatement.executeStmt(Unknown Source)
	at org.apache.derby.impl.sql.GenericPreparedStatement.execute(Unknown Source)
	... 97 more

2024-04-24T11:27:18,326  INFO [main] HiveMetaStore.audit: ugi=alex	ip=unknown-ip-addr	cmd=drop_database: @hive#junit_specific_db	
2024-04-24T11:27:18,331  INFO [main] HiveMetaStore.audit: ugi=alex	ip=unknown-ip-addr	cmd=get_all_tables: db=@hive#junit_specific_db	
2024-04-24T11:27:18,331  INFO [main] HiveMetaStore.audit: ugi=alex	ip=unknown-ip-addr	cmd=get_functions: db=@hive#junit_specific_db pat=*	
2024-04-24T11:27:18,334  INFO [main] HiveMetaStore.audit: ugi=alex	ip=unknown-ip-addr	cmd=get_all_stored_procedures	
2024-04-24T11:27:18,336  INFO [main] HiveMetaStore.audit: ugi=alex	ip=unknown-ip-addr	cmd=get_all_packages	
2024-04-24T11:27:18,337  INFO [main] HiveMetaStore.audit: ugi=alex	ip=unknown-ip-addr	cmd=getTablesByTypeCore: catName=hive: db=junit_specific_db pat=.*,type=MATERIALIZED_VIEW	
2024-04-24T11:27:18,343  INFO [main] metastore.ObjectStore: Dropping database hive.junit_specific_db along with all tables
2024-04-24T11:27:18,348  INFO [main] txn.TxnHandler: Non-retryable error in cleanupRecords : Table/View 'TXN_COMPONENTS' does not exist. (SQLState=42X05, ErrorCode=20000)
2024-04-24T11:27:18,348  WARN [main] txn.TxnHandler: Cannot perform cleanup since metastore table does not exist
2024-04-24T11:27:18,350 ERROR [main] metastore.RetryingHMSHandler: Retrying HMSHandler after 2000 ms (attempt 5 of 10) with error: javax.jdo.JDODataStoreException: Exception thrown flushing changes to datastore
	at org.datanucleus.api.jdo.NucleusJDOHelper.getJDOExceptionForNucleusException(NucleusJDOHelper.java:542)
	at org.datanucleus.api.jdo.JDOTransaction.commit(JDOTransaction.java:162)
	at org.apache.hadoop.hive.metastore.ObjectStore.commitTransaction(ObjectStore.java:615)
	at sun.reflect.GeneratedMethodAccessor31.invoke(Unknown Source)
	at sun.reflect.DelegatingMethodAccessorImpl.invoke(DelegatingMethodAccessorImpl.java:43)
	at java.lang.reflect.Method.invoke(Method.java:498)
	at org.apache.hadoop.hive.metastore.RawStoreProxy.invoke(RawStoreProxy.java:97)
	at com.sun.proxy.$Proxy32.commitTransaction(Unknown Source)
	at org.apache.hadoop.hive.metastore.HMSHandler.drop_database_core(HMSHandler.java:1790)
	at org.apache.hadoop.hive.metastore.HMSHandler.drop_database(HMSHandler.java:1869)
	at sun.reflect.NativeMethodAccessorImpl.invoke0(Native Method)
	at sun.reflect.NativeMethodAccessorImpl.invoke(NativeMethodAccessorImpl.java:62)
	at sun.reflect.DelegatingMethodAccessorImpl.invoke(DelegatingMethodAccessorImpl.java:43)
	at java.lang.reflect.Method.invoke(Method.java:498)
	at org.apache.hadoop.hive.metastore.RetryingHMSHandler.invokeInternal(RetryingHMSHandler.java:147)
	at org.apache.hadoop.hive.metastore.RetryingHMSHandler.invoke(RetryingHMSHandler.java:108)
	at com.sun.proxy.$Proxy35.drop_database(Unknown Source)
	at org.apache.hadoop.hive.metastore.HiveMetaStoreClient.dropDatabaseCascadePerDb(HiveMetaStoreClient.java:1601)
	at org.apache.hadoop.hive.metastore.HiveMetaStoreClient.dropDatabase(HiveMetaStoreClient.java:1532)
	at org.apache.hadoop.hive.metastore.HiveMetaStoreClient.dropDatabase(HiveMetaStoreClient.java:1485)
	at sun.reflect.NativeMethodAccessorImpl.invoke0(Native Method)
	at sun.reflect.NativeMethodAccessorImpl.invoke(NativeMethodAccessorImpl.java:62)
	at sun.reflect.DelegatingMethodAccessorImpl.invoke(DelegatingMethodAccessorImpl.java:43)
	at java.lang.reflect.Method.invoke(Method.java:498)
	at org.apache.hadoop.hive.metastore.RetryingMetaStoreClient.invoke(RetryingMetaStoreClient.java:218)
	at com.sun.proxy.$Proxy45.dropDatabase(Unknown Source)
	at org.apache.hadoop.hive.ql.metadata.Hive.dropDatabase(Hive.java:662)
	at org.apache.hadoop.hive.ql.ddl.database.drop.DropDatabaseOperation.execute(DropDatabaseOperation.java:52)
	at org.apache.hadoop.hive.ql.ddl.DDLTask.execute(DDLTask.java:84)
	at org.apache.hadoop.hive.ql.exec.Task.executeTask(Task.java:212)
	at org.apache.hadoop.hive.ql.exec.TaskRunner.runSequential(TaskRunner.java:105)
	at org.apache.hadoop.hive.ql.Executor.launchTask(Executor.java:361)
	at org.apache.hadoop.hive.ql.Executor.launchTasks(Executor.java:334)
	at org.apache.hadoop.hive.ql.Executor.runTasks(Executor.java:245)
	at org.apache.hadoop.hive.ql.Executor.execute(Executor.java:108)
	at org.apache.hadoop.hive.ql.Driver.execute(Driver.java:348)
	at org.apache.hadoop.hive.ql.Driver.runInternal(Driver.java:204)
	at org.apache.hadoop.hive.ql.Driver.run(Driver.java:153)
	at org.apache.hadoop.hive.ql.Driver.run(Driver.java:148)
	at org.apache.hadoop.hive.ql.reexec.ReExecDriver.run(ReExecDriver.java:164)
	at org.apache.hadoop.hive.ql.reexec.ReExecDriver.run(ReExecDriver.java:230)
	at org.apache.hive.hcatalog.pig.AbstractHCatLoaderTest.executeStatementOnDriver(AbstractHCatLoaderTest.java:151)
	at org.apache.hive.hcatalog.pig.AbstractHCatLoaderTest.tearDown(AbstractHCatLoaderTest.java:239)
	at sun.reflect.NativeMethodAccessorImpl.invoke0(Native Method)
	at sun.reflect.NativeMethodAccessorImpl.invoke(NativeMethodAccessorImpl.java:62)
	at sun.reflect.DelegatingMethodAccessorImpl.invoke(DelegatingMethodAccessorImpl.java:43)
	at java.lang.reflect.Method.invoke(Method.java:498)
	at org.junit.runners.model.FrameworkMethod$1.runReflectiveCall(FrameworkMethod.java:59)
	at org.junit.internal.runners.model.ReflectiveCallable.run(ReflectiveCallable.java:12)
	at org.junit.runners.model.FrameworkMethod.invokeExplosively(FrameworkMethod.java:56)
	at org.junit.internal.runners.statements.RunAfters.invokeMethod(RunAfters.java:46)
	at org.junit.internal.runners.statements.RunAfters.evaluate(RunAfters.java:33)
	at org.junit.runners.ParentRunner$3.evaluate(ParentRunner.java:306)
	at org.junit.runners.BlockJUnit4ClassRunner$1.evaluate(BlockJUnit4ClassRunner.java:100)
	at org.junit.runners.ParentRunner.runLeaf(ParentRunner.java:366)
	at org.junit.runners.BlockJUnit4ClassRunner.runChild(BlockJUnit4ClassRunner.java:103)
	at org.junit.runners.BlockJUnit4ClassRunner.runChild(BlockJUnit4ClassRunner.java:63)
	at org.junit.runners.ParentRunner$4.run(ParentRunner.java:331)
	at org.junit.runners.ParentRunner$1.schedule(ParentRunner.java:79)
	at org.junit.runners.ParentRunner.runChildren(ParentRunner.java:329)
	at org.junit.runners.ParentRunner.access$100(ParentRunner.java:66)
	at org.junit.runners.ParentRunner$2.evaluate(ParentRunner.java:293)
	at org.junit.internal.runners.statements.RunBefores.evaluate(RunBefores.java:26)
	at org.junit.runners.ParentRunner$3.evaluate(ParentRunner.java:306)
	at org.junit.runners.ParentRunner.run(ParentRunner.java:413)
	at org.junit.runners.Suite.runChild(Suite.java:128)
	at org.junit.runners.Suite.runChild(Suite.java:27)
	at org.junit.runners.ParentRunner$4.run(ParentRunner.java:331)
	at org.junit.runners.ParentRunner$1.schedule(ParentRunner.java:79)
	at org.junit.runners.ParentRunner.runChildren(ParentRunner.java:329)
	at org.junit.runners.ParentRunner.access$100(ParentRunner.java:66)
	at org.junit.runners.ParentRunner$2.evaluate(ParentRunner.java:293)
	at org.junit.runners.ParentRunner$3.evaluate(ParentRunner.java:306)
	at org.junit.runners.ParentRunner.run(ParentRunner.java:413)
	at org.apache.maven.surefire.junitcore.JUnitCore.run(JUnitCore.java:55)
	at org.apache.maven.surefire.junitcore.JUnitCoreWrapper.createRequestAndRun(JUnitCoreWrapper.java:137)
	at org.apache.maven.surefire.junitcore.JUnitCoreWrapper.executeEager(JUnitCoreWrapper.java:107)
	at org.apache.maven.surefire.junitcore.JUnitCoreWrapper.execute(JUnitCoreWrapper.java:83)
	at org.apache.maven.surefire.junitcore.JUnitCoreWrapper.execute(JUnitCoreWrapper.java:75)
	at org.apache.maven.surefire.junitcore.JUnitCoreProvider.invoke(JUnitCoreProvider.java:158)
	at org.apache.maven.surefire.booter.ForkedBooter.runSuitesInProcess(ForkedBooter.java:377)
	at org.apache.maven.surefire.booter.ForkedBooter.execute(ForkedBooter.java:138)
	at org.apache.maven.surefire.booter.ForkedBooter.run(ForkedBooter.java:465)
	at org.apache.maven.surefire.booter.ForkedBooter.main(ForkedBooter.java:451)
NestedThrowablesStackTrace:
java.sql.BatchUpdateException: DELETE on table 'DBS' caused a violation of foreign key constraint 'TBLS_FK1' for key (2).  The statement has been rolled back.
	at org.apache.derby.impl.jdbc.EmbedStatement.executeLargeBatch(Unknown Source)
	at org.apache.derby.impl.jdbc.EmbedStatement.executeBatch(Unknown Source)
	at com.zaxxer.hikari.pool.ProxyStatement.executeBatch(ProxyStatement.java:128)
	at com.zaxxer.hikari.pool.HikariProxyPreparedStatement.executeBatch(HikariProxyPreparedStatement.java)
	at org.datanucleus.store.rdbms.ParamLoggingPreparedStatement.executeBatch(ParamLoggingPreparedStatement.java:366)
	at org.datanucleus.store.rdbms.SQLController.processConnectionStatement(SQLController.java:675)
	at org.datanucleus.store.rdbms.SQLController.processStatementsForConnection(SQLController.java:643)
	at org.datanucleus.store.rdbms.SQLController$1.transactionFlushed(SQLController.java:729)
	at org.datanucleus.store.connection.AbstractManagedConnection.transactionFlushed(AbstractManagedConnection.java:95)
	at org.datanucleus.store.connection.ConnectionManagerImpl$2.transactionFlushed(ConnectionManagerImpl.java:528)
	at org.datanucleus.TransactionImpl.flush(TransactionImpl.java:222)
	at org.datanucleus.TransactionImpl.commit(TransactionImpl.java:286)
	at org.datanucleus.api.jdo.JDOTransaction.commit(JDOTransaction.java:99)
	at org.apache.hadoop.hive.metastore.ObjectStore.commitTransaction(ObjectStore.java:615)
	at sun.reflect.GeneratedMethodAccessor31.invoke(Unknown Source)
	at sun.reflect.DelegatingMethodAccessorImpl.invoke(DelegatingMethodAccessorImpl.java:43)
	at java.lang.reflect.Method.invoke(Method.java:498)
	at org.apache.hadoop.hive.metastore.RawStoreProxy.invoke(RawStoreProxy.java:97)
	at com.sun.proxy.$Proxy32.commitTransaction(Unknown Source)
	at org.apache.hadoop.hive.metastore.HMSHandler.drop_database_core(HMSHandler.java:1790)
	at org.apache.hadoop.hive.metastore.HMSHandler.drop_database(HMSHandler.java:1869)
	at sun.reflect.NativeMethodAccessorImpl.invoke0(Native Method)
	at sun.reflect.NativeMethodAccessorImpl.invoke(NativeMethodAccessorImpl.java:62)
	at sun.reflect.DelegatingMethodAccessorImpl.invoke(DelegatingMethodAccessorImpl.java:43)
	at java.lang.reflect.Method.invoke(Method.java:498)
	at org.apache.hadoop.hive.metastore.RetryingHMSHandler.invokeInternal(RetryingHMSHandler.java:147)
	at org.apache.hadoop.hive.metastore.RetryingHMSHandler.invoke(RetryingHMSHandler.java:108)
	at com.sun.proxy.$Proxy35.drop_database(Unknown Source)
	at org.apache.hadoop.hive.metastore.HiveMetaStoreClient.dropDatabaseCascadePerDb(HiveMetaStoreClient.java:1601)
	at org.apache.hadoop.hive.metastore.HiveMetaStoreClient.dropDatabase(HiveMetaStoreClient.java:1532)
	at org.apache.hadoop.hive.metastore.HiveMetaStoreClient.dropDatabase(HiveMetaStoreClient.java:1485)
	at sun.reflect.NativeMethodAccessorImpl.invoke0(Native Method)
	at sun.reflect.NativeMethodAccessorImpl.invoke(NativeMethodAccessorImpl.java:62)
	at sun.reflect.DelegatingMethodAccessorImpl.invoke(DelegatingMethodAccessorImpl.java:43)
	at java.lang.reflect.Method.invoke(Method.java:498)
	at org.apache.hadoop.hive.metastore.RetryingMetaStoreClient.invoke(RetryingMetaStoreClient.java:218)
	at com.sun.proxy.$Proxy45.dropDatabase(Unknown Source)
	at org.apache.hadoop.hive.ql.metadata.Hive.dropDatabase(Hive.java:662)
	at org.apache.hadoop.hive.ql.ddl.database.drop.DropDatabaseOperation.execute(DropDatabaseOperation.java:52)
	at org.apache.hadoop.hive.ql.ddl.DDLTask.execute(DDLTask.java:84)
	at org.apache.hadoop.hive.ql.exec.Task.executeTask(Task.java:212)
	at org.apache.hadoop.hive.ql.exec.TaskRunner.runSequential(TaskRunner.java:105)
	at org.apache.hadoop.hive.ql.Executor.launchTask(Executor.java:361)
	at org.apache.hadoop.hive.ql.Executor.launchTasks(Executor.java:334)
	at org.apache.hadoop.hive.ql.Executor.runTasks(Executor.java:245)
	at org.apache.hadoop.hive.ql.Executor.execute(Executor.java:108)
	at org.apache.hadoop.hive.ql.Driver.execute(Driver.java:348)
	at org.apache.hadoop.hive.ql.Driver.runInternal(Driver.java:204)
	at org.apache.hadoop.hive.ql.Driver.run(Driver.java:153)
	at org.apache.hadoop.hive.ql.Driver.run(Driver.java:148)
	at org.apache.hadoop.hive.ql.reexec.ReExecDriver.run(ReExecDriver.java:164)
	at org.apache.hadoop.hive.ql.reexec.ReExecDriver.run(ReExecDriver.java:230)
	at org.apache.hive.hcatalog.pig.AbstractHCatLoaderTest.executeStatementOnDriver(AbstractHCatLoaderTest.java:151)
	at org.apache.hive.hcatalog.pig.AbstractHCatLoaderTest.tearDown(AbstractHCatLoaderTest.java:239)
	at sun.reflect.NativeMethodAccessorImpl.invoke0(Native Method)
	at sun.reflect.NativeMethodAccessorImpl.invoke(NativeMethodAccessorImpl.java:62)
	at sun.reflect.DelegatingMethodAccessorImpl.invoke(DelegatingMethodAccessorImpl.java:43)
	at java.lang.reflect.Method.invoke(Method.java:498)
	at org.junit.runners.model.FrameworkMethod$1.runReflectiveCall(FrameworkMethod.java:59)
	at org.junit.internal.runners.model.ReflectiveCallable.run(ReflectiveCallable.java:12)
	at org.junit.runners.model.FrameworkMethod.invokeExplosively(FrameworkMethod.java:56)
	at org.junit.internal.runners.statements.RunAfters.invokeMethod(RunAfters.java:46)
	at org.junit.internal.runners.statements.RunAfters.evaluate(RunAfters.java:33)
	at org.junit.runners.ParentRunner$3.evaluate(ParentRunner.java:306)
	at org.junit.runners.BlockJUnit4ClassRunner$1.evaluate(BlockJUnit4ClassRunner.java:100)
	at org.junit.runners.ParentRunner.runLeaf(ParentRunner.java:366)
	at org.junit.runners.BlockJUnit4ClassRunner.runChild(BlockJUnit4ClassRunner.java:103)
	at org.junit.runners.BlockJUnit4ClassRunner.runChild(BlockJUnit4ClassRunner.java:63)
	at org.junit.runners.ParentRunner$4.run(ParentRunner.java:331)
	at org.junit.runners.ParentRunner$1.schedule(ParentRunner.java:79)
	at org.junit.runners.ParentRunner.runChildren(ParentRunner.java:329)
	at org.junit.runners.ParentRunner.access$100(ParentRunner.java:66)
	at org.junit.runners.ParentRunner$2.evaluate(ParentRunner.java:293)
	at org.junit.internal.runners.statements.RunBefores.evaluate(RunBefores.java:26)
	at org.junit.runners.ParentRunner$3.evaluate(ParentRunner.java:306)
	at org.junit.runners.ParentRunner.run(ParentRunner.java:413)
	at org.junit.runners.Suite.runChild(Suite.java:128)
	at org.junit.runners.Suite.runChild(Suite.java:27)
	at org.junit.runners.ParentRunner$4.run(ParentRunner.java:331)
	at org.junit.runners.ParentRunner$1.schedule(ParentRunner.java:79)
	at org.junit.runners.ParentRunner.runChildren(ParentRunner.java:329)
	at org.junit.runners.ParentRunner.access$100(ParentRunner.java:66)
	at org.junit.runners.ParentRunner$2.evaluate(ParentRunner.java:293)
	at org.junit.runners.ParentRunner$3.evaluate(ParentRunner.java:306)
	at org.junit.runners.ParentRunner.run(ParentRunner.java:413)
	at org.apache.maven.surefire.junitcore.JUnitCore.run(JUnitCore.java:55)
	at org.apache.maven.surefire.junitcore.JUnitCoreWrapper.createRequestAndRun(JUnitCoreWrapper.java:137)
	at org.apache.maven.surefire.junitcore.JUnitCoreWrapper.executeEager(JUnitCoreWrapper.java:107)
	at org.apache.maven.surefire.junitcore.JUnitCoreWrapper.execute(JUnitCoreWrapper.java:83)
	at org.apache.maven.surefire.junitcore.JUnitCoreWrapper.execute(JUnitCoreWrapper.java:75)
	at org.apache.maven.surefire.junitcore.JUnitCoreProvider.invoke(JUnitCoreProvider.java:158)
	at org.apache.maven.surefire.booter.ForkedBooter.runSuitesInProcess(ForkedBooter.java:377)
	at org.apache.maven.surefire.booter.ForkedBooter.execute(ForkedBooter.java:138)
	at org.apache.maven.surefire.booter.ForkedBooter.run(ForkedBooter.java:465)
	at org.apache.maven.surefire.booter.ForkedBooter.main(ForkedBooter.java:451)
Caused by: org.apache.derby.shared.common.error.DerbySQLIntegrityConstraintViolationException: DELETE on table 'DBS' caused a violation of foreign key constraint 'TBLS_FK1' for key (2).  The statement has been rolled back.
	at org.apache.derby.impl.jdbc.SQLExceptionFactory.getSQLException(Unknown Source)
	at org.apache.derby.impl.jdbc.Util.generateCsSQLException(Unknown Source)
	at org.apache.derby.impl.jdbc.TransactionResourceImpl.wrapInSQLException(Unknown Source)
	at org.apache.derby.impl.jdbc.TransactionResourceImpl.handleException(Unknown Source)
	at org.apache.derby.impl.jdbc.EmbedConnection.handleException(Unknown Source)
	at org.apache.derby.impl.jdbc.ConnectionChild.handleException(Unknown Source)
	at org.apache.derby.impl.jdbc.EmbedStatement.executeStatement(Unknown Source)
	at org.apache.derby.impl.jdbc.EmbedPreparedStatement.executeBatchElement(Unknown Source)
	... 95 more
Caused by: ERROR 23503: DELETE on table 'DBS' caused a violation of foreign key constraint 'TBLS_FK1' for key (2).  The statement has been rolled back.
	at org.apache.derby.iapi.error.StandardException.newException(Unknown Source)
	at org.apache.derby.iapi.error.StandardException.newException(Unknown Source)
	at org.apache.derby.impl.sql.execute.ReferencedKeyRIChecker.doCheck(Unknown Source)
	at org.apache.derby.impl.sql.execute.RISetChecker.doPKCheck(Unknown Source)
	at org.apache.derby.impl.sql.execute.DeleteResultSet.collectAffectedRows(Unknown Source)
	at org.apache.derby.impl.sql.execute.DeleteResultSet.open(Unknown Source)
	at org.apache.derby.impl.sql.GenericPreparedStatement.executeStmt(Unknown Source)
	at org.apache.derby.impl.sql.GenericPreparedStatement.execute(Unknown Source)
	... 97 more

2024-04-24T11:27:20,351  INFO [main] HiveMetaStore.audit: ugi=alex	ip=unknown-ip-addr	cmd=drop_database: @hive#junit_specific_db	
2024-04-24T11:27:20,357  INFO [main] HiveMetaStore.audit: ugi=alex	ip=unknown-ip-addr	cmd=get_all_tables: db=@hive#junit_specific_db	
2024-04-24T11:27:20,360  INFO [main] HiveMetaStore.audit: ugi=alex	ip=unknown-ip-addr	cmd=get_functions: db=@hive#junit_specific_db pat=*	
2024-04-24T11:27:20,369  INFO [main] HiveMetaStore.audit: ugi=alex	ip=unknown-ip-addr	cmd=get_all_stored_procedures	
2024-04-24T11:27:20,374  INFO [main] HiveMetaStore.audit: ugi=alex	ip=unknown-ip-addr	cmd=get_all_packages	
2024-04-24T11:27:20,380  INFO [main] HiveMetaStore.audit: ugi=alex	ip=unknown-ip-addr	cmd=getTablesByTypeCore: catName=hive: db=junit_specific_db pat=.*,type=MATERIALIZED_VIEW	
2024-04-24T11:27:20,393  INFO [main] metastore.ObjectStore: Dropping database hive.junit_specific_db along with all tables
2024-04-24T11:27:20,401  INFO [main] txn.TxnHandler: Non-retryable error in cleanupRecords : Table/View 'TXN_COMPONENTS' does not exist. (SQLState=42X05, ErrorCode=20000)
2024-04-24T11:27:20,401  WARN [main] txn.TxnHandler: Cannot perform cleanup since metastore table does not exist
2024-04-24T11:27:20,403 ERROR [main] metastore.RetryingHMSHandler: Retrying HMSHandler after 2000 ms (attempt 6 of 10) with error: javax.jdo.JDODataStoreException: Exception thrown flushing changes to datastore
	at org.datanucleus.api.jdo.NucleusJDOHelper.getJDOExceptionForNucleusException(NucleusJDOHelper.java:542)
	at org.datanucleus.api.jdo.JDOTransaction.commit(JDOTransaction.java:162)
	at org.apache.hadoop.hive.metastore.ObjectStore.commitTransaction(ObjectStore.java:615)
	at sun.reflect.GeneratedMethodAccessor31.invoke(Unknown Source)
	at sun.reflect.DelegatingMethodAccessorImpl.invoke(DelegatingMethodAccessorImpl.java:43)
	at java.lang.reflect.Method.invoke(Method.java:498)
	at org.apache.hadoop.hive.metastore.RawStoreProxy.invoke(RawStoreProxy.java:97)
	at com.sun.proxy.$Proxy32.commitTransaction(Unknown Source)
	at org.apache.hadoop.hive.metastore.HMSHandler.drop_database_core(HMSHandler.java:1790)
	at org.apache.hadoop.hive.metastore.HMSHandler.drop_database(HMSHandler.java:1869)
	at sun.reflect.NativeMethodAccessorImpl.invoke0(Native Method)
	at sun.reflect.NativeMethodAccessorImpl.invoke(NativeMethodAccessorImpl.java:62)
	at sun.reflect.DelegatingMethodAccessorImpl.invoke(DelegatingMethodAccessorImpl.java:43)
	at java.lang.reflect.Method.invoke(Method.java:498)
	at org.apache.hadoop.hive.metastore.RetryingHMSHandler.invokeInternal(RetryingHMSHandler.java:147)
	at org.apache.hadoop.hive.metastore.RetryingHMSHandler.invoke(RetryingHMSHandler.java:108)
	at com.sun.proxy.$Proxy35.drop_database(Unknown Source)
	at org.apache.hadoop.hive.metastore.HiveMetaStoreClient.dropDatabaseCascadePerDb(HiveMetaStoreClient.java:1601)
	at org.apache.hadoop.hive.metastore.HiveMetaStoreClient.dropDatabase(HiveMetaStoreClient.java:1532)
	at org.apache.hadoop.hive.metastore.HiveMetaStoreClient.dropDatabase(HiveMetaStoreClient.java:1485)
	at sun.reflect.NativeMethodAccessorImpl.invoke0(Native Method)
	at sun.reflect.NativeMethodAccessorImpl.invoke(NativeMethodAccessorImpl.java:62)
	at sun.reflect.DelegatingMethodAccessorImpl.invoke(DelegatingMethodAccessorImpl.java:43)
	at java.lang.reflect.Method.invoke(Method.java:498)
	at org.apache.hadoop.hive.metastore.RetryingMetaStoreClient.invoke(RetryingMetaStoreClient.java:218)
	at com.sun.proxy.$Proxy45.dropDatabase(Unknown Source)
	at org.apache.hadoop.hive.ql.metadata.Hive.dropDatabase(Hive.java:662)
	at org.apache.hadoop.hive.ql.ddl.database.drop.DropDatabaseOperation.execute(DropDatabaseOperation.java:52)
	at org.apache.hadoop.hive.ql.ddl.DDLTask.execute(DDLTask.java:84)
	at org.apache.hadoop.hive.ql.exec.Task.executeTask(Task.java:212)
	at org.apache.hadoop.hive.ql.exec.TaskRunner.runSequential(TaskRunner.java:105)
	at org.apache.hadoop.hive.ql.Executor.launchTask(Executor.java:361)
	at org.apache.hadoop.hive.ql.Executor.launchTasks(Executor.java:334)
	at org.apache.hadoop.hive.ql.Executor.runTasks(Executor.java:245)
	at org.apache.hadoop.hive.ql.Executor.execute(Executor.java:108)
	at org.apache.hadoop.hive.ql.Driver.execute(Driver.java:348)
	at org.apache.hadoop.hive.ql.Driver.runInternal(Driver.java:204)
	at org.apache.hadoop.hive.ql.Driver.run(Driver.java:153)
	at org.apache.hadoop.hive.ql.Driver.run(Driver.java:148)
	at org.apache.hadoop.hive.ql.reexec.ReExecDriver.run(ReExecDriver.java:164)
	at org.apache.hadoop.hive.ql.reexec.ReExecDriver.run(ReExecDriver.java:230)
	at org.apache.hive.hcatalog.pig.AbstractHCatLoaderTest.executeStatementOnDriver(AbstractHCatLoaderTest.java:151)
	at org.apache.hive.hcatalog.pig.AbstractHCatLoaderTest.tearDown(AbstractHCatLoaderTest.java:239)
	at sun.reflect.NativeMethodAccessorImpl.invoke0(Native Method)
	at sun.reflect.NativeMethodAccessorImpl.invoke(NativeMethodAccessorImpl.java:62)
	at sun.reflect.DelegatingMethodAccessorImpl.invoke(DelegatingMethodAccessorImpl.java:43)
	at java.lang.reflect.Method.invoke(Method.java:498)
	at org.junit.runners.model.FrameworkMethod$1.runReflectiveCall(FrameworkMethod.java:59)
	at org.junit.internal.runners.model.ReflectiveCallable.run(ReflectiveCallable.java:12)
	at org.junit.runners.model.FrameworkMethod.invokeExplosively(FrameworkMethod.java:56)
	at org.junit.internal.runners.statements.RunAfters.invokeMethod(RunAfters.java:46)
	at org.junit.internal.runners.statements.RunAfters.evaluate(RunAfters.java:33)
	at org.junit.runners.ParentRunner$3.evaluate(ParentRunner.java:306)
	at org.junit.runners.BlockJUnit4ClassRunner$1.evaluate(BlockJUnit4ClassRunner.java:100)
	at org.junit.runners.ParentRunner.runLeaf(ParentRunner.java:366)
	at org.junit.runners.BlockJUnit4ClassRunner.runChild(BlockJUnit4ClassRunner.java:103)
	at org.junit.runners.BlockJUnit4ClassRunner.runChild(BlockJUnit4ClassRunner.java:63)
	at org.junit.runners.ParentRunner$4.run(ParentRunner.java:331)
	at org.junit.runners.ParentRunner$1.schedule(ParentRunner.java:79)
	at org.junit.runners.ParentRunner.runChildren(ParentRunner.java:329)
	at org.junit.runners.ParentRunner.access$100(ParentRunner.java:66)
	at org.junit.runners.ParentRunner$2.evaluate(ParentRunner.java:293)
	at org.junit.internal.runners.statements.RunBefores.evaluate(RunBefores.java:26)
	at org.junit.runners.ParentRunner$3.evaluate(ParentRunner.java:306)
	at org.junit.runners.ParentRunner.run(ParentRunner.java:413)
	at org.junit.runners.Suite.runChild(Suite.java:128)
	at org.junit.runners.Suite.runChild(Suite.java:27)
	at org.junit.runners.ParentRunner$4.run(ParentRunner.java:331)
	at org.junit.runners.ParentRunner$1.schedule(ParentRunner.java:79)
	at org.junit.runners.ParentRunner.runChildren(ParentRunner.java:329)
	at org.junit.runners.ParentRunner.access$100(ParentRunner.java:66)
	at org.junit.runners.ParentRunner$2.evaluate(ParentRunner.java:293)
	at org.junit.runners.ParentRunner$3.evaluate(ParentRunner.java:306)
	at org.junit.runners.ParentRunner.run(ParentRunner.java:413)
	at org.apache.maven.surefire.junitcore.JUnitCore.run(JUnitCore.java:55)
	at org.apache.maven.surefire.junitcore.JUnitCoreWrapper.createRequestAndRun(JUnitCoreWrapper.java:137)
	at org.apache.maven.surefire.junitcore.JUnitCoreWrapper.executeEager(JUnitCoreWrapper.java:107)
	at org.apache.maven.surefire.junitcore.JUnitCoreWrapper.execute(JUnitCoreWrapper.java:83)
	at org.apache.maven.surefire.junitcore.JUnitCoreWrapper.execute(JUnitCoreWrapper.java:75)
	at org.apache.maven.surefire.junitcore.JUnitCoreProvider.invoke(JUnitCoreProvider.java:158)
	at org.apache.maven.surefire.booter.ForkedBooter.runSuitesInProcess(ForkedBooter.java:377)
	at org.apache.maven.surefire.booter.ForkedBooter.execute(ForkedBooter.java:138)
	at org.apache.maven.surefire.booter.ForkedBooter.run(ForkedBooter.java:465)
	at org.apache.maven.surefire.booter.ForkedBooter.main(ForkedBooter.java:451)
NestedThrowablesStackTrace:
java.sql.BatchUpdateException: DELETE on table 'DBS' caused a violation of foreign key constraint 'TBLS_FK1' for key (2).  The statement has been rolled back.
	at org.apache.derby.impl.jdbc.EmbedStatement.executeLargeBatch(Unknown Source)
	at org.apache.derby.impl.jdbc.EmbedStatement.executeBatch(Unknown Source)
	at com.zaxxer.hikari.pool.ProxyStatement.executeBatch(ProxyStatement.java:128)
	at com.zaxxer.hikari.pool.HikariProxyPreparedStatement.executeBatch(HikariProxyPreparedStatement.java)
	at org.datanucleus.store.rdbms.ParamLoggingPreparedStatement.executeBatch(ParamLoggingPreparedStatement.java:366)
	at org.datanucleus.store.rdbms.SQLController.processConnectionStatement(SQLController.java:675)
	at org.datanucleus.store.rdbms.SQLController.processStatementsForConnection(SQLController.java:643)
	at org.datanucleus.store.rdbms.SQLController$1.transactionFlushed(SQLController.java:729)
	at org.datanucleus.store.connection.AbstractManagedConnection.transactionFlushed(AbstractManagedConnection.java:95)
	at org.datanucleus.store.connection.ConnectionManagerImpl$2.transactionFlushed(ConnectionManagerImpl.java:528)
	at org.datanucleus.TransactionImpl.flush(TransactionImpl.java:222)
	at org.datanucleus.TransactionImpl.commit(TransactionImpl.java:286)
	at org.datanucleus.api.jdo.JDOTransaction.commit(JDOTransaction.java:99)
	at org.apache.hadoop.hive.metastore.ObjectStore.commitTransaction(ObjectStore.java:615)
	at sun.reflect.GeneratedMethodAccessor31.invoke(Unknown Source)
	at sun.reflect.DelegatingMethodAccessorImpl.invoke(DelegatingMethodAccessorImpl.java:43)
	at java.lang.reflect.Method.invoke(Method.java:498)
	at org.apache.hadoop.hive.metastore.RawStoreProxy.invoke(RawStoreProxy.java:97)
	at com.sun.proxy.$Proxy32.commitTransaction(Unknown Source)
	at org.apache.hadoop.hive.metastore.HMSHandler.drop_database_core(HMSHandler.java:1790)
	at org.apache.hadoop.hive.metastore.HMSHandler.drop_database(HMSHandler.java:1869)
	at sun.reflect.NativeMethodAccessorImpl.invoke0(Native Method)
	at sun.reflect.NativeMethodAccessorImpl.invoke(NativeMethodAccessorImpl.java:62)
	at sun.reflect.DelegatingMethodAccessorImpl.invoke(DelegatingMethodAccessorImpl.java:43)
	at java.lang.reflect.Method.invoke(Method.java:498)
	at org.apache.hadoop.hive.metastore.RetryingHMSHandler.invokeInternal(RetryingHMSHandler.java:147)
	at org.apache.hadoop.hive.metastore.RetryingHMSHandler.invoke(RetryingHMSHandler.java:108)
	at com.sun.proxy.$Proxy35.drop_database(Unknown Source)
	at org.apache.hadoop.hive.metastore.HiveMetaStoreClient.dropDatabaseCascadePerDb(HiveMetaStoreClient.java:1601)
	at org.apache.hadoop.hive.metastore.HiveMetaStoreClient.dropDatabase(HiveMetaStoreClient.java:1532)
	at org.apache.hadoop.hive.metastore.HiveMetaStoreClient.dropDatabase(HiveMetaStoreClient.java:1485)
	at sun.reflect.NativeMethodAccessorImpl.invoke0(Native Method)
	at sun.reflect.NativeMethodAccessorImpl.invoke(NativeMethodAccessorImpl.java:62)
	at sun.reflect.DelegatingMethodAccessorImpl.invoke(DelegatingMethodAccessorImpl.java:43)
	at java.lang.reflect.Method.invoke(Method.java:498)
	at org.apache.hadoop.hive.metastore.RetryingMetaStoreClient.invoke(RetryingMetaStoreClient.java:218)
	at com.sun.proxy.$Proxy45.dropDatabase(Unknown Source)
	at org.apache.hadoop.hive.ql.metadata.Hive.dropDatabase(Hive.java:662)
	at org.apache.hadoop.hive.ql.ddl.database.drop.DropDatabaseOperation.execute(DropDatabaseOperation.java:52)
	at org.apache.hadoop.hive.ql.ddl.DDLTask.execute(DDLTask.java:84)
	at org.apache.hadoop.hive.ql.exec.Task.executeTask(Task.java:212)
	at org.apache.hadoop.hive.ql.exec.TaskRunner.runSequential(TaskRunner.java:105)
	at org.apache.hadoop.hive.ql.Executor.launchTask(Executor.java:361)
	at org.apache.hadoop.hive.ql.Executor.launchTasks(Executor.java:334)
	at org.apache.hadoop.hive.ql.Executor.runTasks(Executor.java:245)
	at org.apache.hadoop.hive.ql.Executor.execute(Executor.java:108)
	at org.apache.hadoop.hive.ql.Driver.execute(Driver.java:348)
	at org.apache.hadoop.hive.ql.Driver.runInternal(Driver.java:204)
	at org.apache.hadoop.hive.ql.Driver.run(Driver.java:153)
	at org.apache.hadoop.hive.ql.Driver.run(Driver.java:148)
	at org.apache.hadoop.hive.ql.reexec.ReExecDriver.run(ReExecDriver.java:164)
	at org.apache.hadoop.hive.ql.reexec.ReExecDriver.run(ReExecDriver.java:230)
	at org.apache.hive.hcatalog.pig.AbstractHCatLoaderTest.executeStatementOnDriver(AbstractHCatLoaderTest.java:151)
	at org.apache.hive.hcatalog.pig.AbstractHCatLoaderTest.tearDown(AbstractHCatLoaderTest.java:239)
	at sun.reflect.NativeMethodAccessorImpl.invoke0(Native Method)
	at sun.reflect.NativeMethodAccessorImpl.invoke(NativeMethodAccessorImpl.java:62)
	at sun.reflect.DelegatingMethodAccessorImpl.invoke(DelegatingMethodAccessorImpl.java:43)
	at java.lang.reflect.Method.invoke(Method.java:498)
	at org.junit.runners.model.FrameworkMethod$1.runReflectiveCall(FrameworkMethod.java:59)
	at org.junit.internal.runners.model.ReflectiveCallable.run(ReflectiveCallable.java:12)
	at org.junit.runners.model.FrameworkMethod.invokeExplosively(FrameworkMethod.java:56)
	at org.junit.internal.runners.statements.RunAfters.invokeMethod(RunAfters.java:46)
	at org.junit.internal.runners.statements.RunAfters.evaluate(RunAfters.java:33)
	at org.junit.runners.ParentRunner$3.evaluate(ParentRunner.java:306)
	at org.junit.runners.BlockJUnit4ClassRunner$1.evaluate(BlockJUnit4ClassRunner.java:100)
	at org.junit.runners.ParentRunner.runLeaf(ParentRunner.java:366)
	at org.junit.runners.BlockJUnit4ClassRunner.runChild(BlockJUnit4ClassRunner.java:103)
	at org.junit.runners.BlockJUnit4ClassRunner.runChild(BlockJUnit4ClassRunner.java:63)
	at org.junit.runners.ParentRunner$4.run(ParentRunner.java:331)
	at org.junit.runners.ParentRunner$1.schedule(ParentRunner.java:79)
	at org.junit.runners.ParentRunner.runChildren(ParentRunner.java:329)
	at org.junit.runners.ParentRunner.access$100(ParentRunner.java:66)
	at org.junit.runners.ParentRunner$2.evaluate(ParentRunner.java:293)
	at org.junit.internal.runners.statements.RunBefores.evaluate(RunBefores.java:26)
	at org.junit.runners.ParentRunner$3.evaluate(ParentRunner.java:306)
	at org.junit.runners.ParentRunner.run(ParentRunner.java:413)
	at org.junit.runners.Suite.runChild(Suite.java:128)
	at org.junit.runners.Suite.runChild(Suite.java:27)
	at org.junit.runners.ParentRunner$4.run(ParentRunner.java:331)
	at org.junit.runners.ParentRunner$1.schedule(ParentRunner.java:79)
	at org.junit.runners.ParentRunner.runChildren(ParentRunner.java:329)
	at org.junit.runners.ParentRunner.access$100(ParentRunner.java:66)
	at org.junit.runners.ParentRunner$2.evaluate(ParentRunner.java:293)
	at org.junit.runners.ParentRunner$3.evaluate(ParentRunner.java:306)
	at org.junit.runners.ParentRunner.run(ParentRunner.java:413)
	at org.apache.maven.surefire.junitcore.JUnitCore.run(JUnitCore.java:55)
	at org.apache.maven.surefire.junitcore.JUnitCoreWrapper.createRequestAndRun(JUnitCoreWrapper.java:137)
	at org.apache.maven.surefire.junitcore.JUnitCoreWrapper.executeEager(JUnitCoreWrapper.java:107)
	at org.apache.maven.surefire.junitcore.JUnitCoreWrapper.execute(JUnitCoreWrapper.java:83)
	at org.apache.maven.surefire.junitcore.JUnitCoreWrapper.execute(JUnitCoreWrapper.java:75)
	at org.apache.maven.surefire.junitcore.JUnitCoreProvider.invoke(JUnitCoreProvider.java:158)
	at org.apache.maven.surefire.booter.ForkedBooter.runSuitesInProcess(ForkedBooter.java:377)
	at org.apache.maven.surefire.booter.ForkedBooter.execute(ForkedBooter.java:138)
	at org.apache.maven.surefire.booter.ForkedBooter.run(ForkedBooter.java:465)
	at org.apache.maven.surefire.booter.ForkedBooter.main(ForkedBooter.java:451)
Caused by: org.apache.derby.shared.common.error.DerbySQLIntegrityConstraintViolationException: DELETE on table 'DBS' caused a violation of foreign key constraint 'TBLS_FK1' for key (2).  The statement has been rolled back.
	at org.apache.derby.impl.jdbc.SQLExceptionFactory.getSQLException(Unknown Source)
	at org.apache.derby.impl.jdbc.Util.generateCsSQLException(Unknown Source)
	at org.apache.derby.impl.jdbc.TransactionResourceImpl.wrapInSQLException(Unknown Source)
	at org.apache.derby.impl.jdbc.TransactionResourceImpl.handleException(Unknown Source)
	at org.apache.derby.impl.jdbc.EmbedConnection.handleException(Unknown Source)
	at org.apache.derby.impl.jdbc.ConnectionChild.handleException(Unknown Source)
	at org.apache.derby.impl.jdbc.EmbedStatement.executeStatement(Unknown Source)
	at org.apache.derby.impl.jdbc.EmbedPreparedStatement.executeBatchElement(Unknown Source)
	... 95 more
Caused by: ERROR 23503: DELETE on table 'DBS' caused a violation of foreign key constraint 'TBLS_FK1' for key (2).  The statement has been rolled back.
	at org.apache.derby.iapi.error.StandardException.newException(Unknown Source)
	at org.apache.derby.iapi.error.StandardException.newException(Unknown Source)
	at org.apache.derby.impl.sql.execute.ReferencedKeyRIChecker.doCheck(Unknown Source)
	at org.apache.derby.impl.sql.execute.RISetChecker.doPKCheck(Unknown Source)
	at org.apache.derby.impl.sql.execute.DeleteResultSet.collectAffectedRows(Unknown Source)
	at org.apache.derby.impl.sql.execute.DeleteResultSet.open(Unknown Source)
	at org.apache.derby.impl.sql.GenericPreparedStatement.executeStmt(Unknown Source)
	at org.apache.derby.impl.sql.GenericPreparedStatement.execute(Unknown Source)
	... 97 more

2024-04-24T11:27:22,404  INFO [main] HiveMetaStore.audit: ugi=alex	ip=unknown-ip-addr	cmd=drop_database: @hive#junit_specific_db	
2024-04-24T11:27:22,407  INFO [main] HiveMetaStore.audit: ugi=alex	ip=unknown-ip-addr	cmd=get_all_tables: db=@hive#junit_specific_db	
2024-04-24T11:27:22,408  INFO [main] HiveMetaStore.audit: ugi=alex	ip=unknown-ip-addr	cmd=get_functions: db=@hive#junit_specific_db pat=*	
2024-04-24T11:27:22,411  INFO [main] HiveMetaStore.audit: ugi=alex	ip=unknown-ip-addr	cmd=get_all_stored_procedures	
2024-04-24T11:27:22,412  INFO [main] HiveMetaStore.audit: ugi=alex	ip=unknown-ip-addr	cmd=get_all_packages	
2024-04-24T11:27:22,414  INFO [main] HiveMetaStore.audit: ugi=alex	ip=unknown-ip-addr	cmd=getTablesByTypeCore: catName=hive: db=junit_specific_db pat=.*,type=MATERIALIZED_VIEW	
2024-04-24T11:27:22,419  INFO [main] metastore.ObjectStore: Dropping database hive.junit_specific_db along with all tables
2024-04-24T11:27:22,424  INFO [main] txn.TxnHandler: Non-retryable error in cleanupRecords : Table/View 'TXN_COMPONENTS' does not exist. (SQLState=42X05, ErrorCode=20000)
2024-04-24T11:27:22,424  WARN [main] txn.TxnHandler: Cannot perform cleanup since metastore table does not exist
2024-04-24T11:27:22,426 ERROR [main] metastore.RetryingHMSHandler: Retrying HMSHandler after 2000 ms (attempt 7 of 10) with error: javax.jdo.JDODataStoreException: Exception thrown flushing changes to datastore
	at org.datanucleus.api.jdo.NucleusJDOHelper.getJDOExceptionForNucleusException(NucleusJDOHelper.java:542)
	at org.datanucleus.api.jdo.JDOTransaction.commit(JDOTransaction.java:162)
	at org.apache.hadoop.hive.metastore.ObjectStore.commitTransaction(ObjectStore.java:615)
	at sun.reflect.GeneratedMethodAccessor31.invoke(Unknown Source)
	at sun.reflect.DelegatingMethodAccessorImpl.invoke(DelegatingMethodAccessorImpl.java:43)
	at java.lang.reflect.Method.invoke(Method.java:498)
	at org.apache.hadoop.hive.metastore.RawStoreProxy.invoke(RawStoreProxy.java:97)
	at com.sun.proxy.$Proxy32.commitTransaction(Unknown Source)
	at org.apache.hadoop.hive.metastore.HMSHandler.drop_database_core(HMSHandler.java:1790)
	at org.apache.hadoop.hive.metastore.HMSHandler.drop_database(HMSHandler.java:1869)
	at sun.reflect.NativeMethodAccessorImpl.invoke0(Native Method)
	at sun.reflect.NativeMethodAccessorImpl.invoke(NativeMethodAccessorImpl.java:62)
	at sun.reflect.DelegatingMethodAccessorImpl.invoke(DelegatingMethodAccessorImpl.java:43)
	at java.lang.reflect.Method.invoke(Method.java:498)
	at org.apache.hadoop.hive.metastore.RetryingHMSHandler.invokeInternal(RetryingHMSHandler.java:147)
	at org.apache.hadoop.hive.metastore.RetryingHMSHandler.invoke(RetryingHMSHandler.java:108)
	at com.sun.proxy.$Proxy35.drop_database(Unknown Source)
	at org.apache.hadoop.hive.metastore.HiveMetaStoreClient.dropDatabaseCascadePerDb(HiveMetaStoreClient.java:1601)
	at org.apache.hadoop.hive.metastore.HiveMetaStoreClient.dropDatabase(HiveMetaStoreClient.java:1532)
	at org.apache.hadoop.hive.metastore.HiveMetaStoreClient.dropDatabase(HiveMetaStoreClient.java:1485)
	at sun.reflect.NativeMethodAccessorImpl.invoke0(Native Method)
	at sun.reflect.NativeMethodAccessorImpl.invoke(NativeMethodAccessorImpl.java:62)
	at sun.reflect.DelegatingMethodAccessorImpl.invoke(DelegatingMethodAccessorImpl.java:43)
	at java.lang.reflect.Method.invoke(Method.java:498)
	at org.apache.hadoop.hive.metastore.RetryingMetaStoreClient.invoke(RetryingMetaStoreClient.java:218)
	at com.sun.proxy.$Proxy45.dropDatabase(Unknown Source)
	at org.apache.hadoop.hive.ql.metadata.Hive.dropDatabase(Hive.java:662)
	at org.apache.hadoop.hive.ql.ddl.database.drop.DropDatabaseOperation.execute(DropDatabaseOperation.java:52)
	at org.apache.hadoop.hive.ql.ddl.DDLTask.execute(DDLTask.java:84)
	at org.apache.hadoop.hive.ql.exec.Task.executeTask(Task.java:212)
	at org.apache.hadoop.hive.ql.exec.TaskRunner.runSequential(TaskRunner.java:105)
	at org.apache.hadoop.hive.ql.Executor.launchTask(Executor.java:361)
	at org.apache.hadoop.hive.ql.Executor.launchTasks(Executor.java:334)
	at org.apache.hadoop.hive.ql.Executor.runTasks(Executor.java:245)
	at org.apache.hadoop.hive.ql.Executor.execute(Executor.java:108)
	at org.apache.hadoop.hive.ql.Driver.execute(Driver.java:348)
	at org.apache.hadoop.hive.ql.Driver.runInternal(Driver.java:204)
	at org.apache.hadoop.hive.ql.Driver.run(Driver.java:153)
	at org.apache.hadoop.hive.ql.Driver.run(Driver.java:148)
	at org.apache.hadoop.hive.ql.reexec.ReExecDriver.run(ReExecDriver.java:164)
	at org.apache.hadoop.hive.ql.reexec.ReExecDriver.run(ReExecDriver.java:230)
	at org.apache.hive.hcatalog.pig.AbstractHCatLoaderTest.executeStatementOnDriver(AbstractHCatLoaderTest.java:151)
	at org.apache.hive.hcatalog.pig.AbstractHCatLoaderTest.tearDown(AbstractHCatLoaderTest.java:239)
	at sun.reflect.NativeMethodAccessorImpl.invoke0(Native Method)
	at sun.reflect.NativeMethodAccessorImpl.invoke(NativeMethodAccessorImpl.java:62)
	at sun.reflect.DelegatingMethodAccessorImpl.invoke(DelegatingMethodAccessorImpl.java:43)
	at java.lang.reflect.Method.invoke(Method.java:498)
	at org.junit.runners.model.FrameworkMethod$1.runReflectiveCall(FrameworkMethod.java:59)
	at org.junit.internal.runners.model.ReflectiveCallable.run(ReflectiveCallable.java:12)
	at org.junit.runners.model.FrameworkMethod.invokeExplosively(FrameworkMethod.java:56)
	at org.junit.internal.runners.statements.RunAfters.invokeMethod(RunAfters.java:46)
	at org.junit.internal.runners.statements.RunAfters.evaluate(RunAfters.java:33)
	at org.junit.runners.ParentRunner$3.evaluate(ParentRunner.java:306)
	at org.junit.runners.BlockJUnit4ClassRunner$1.evaluate(BlockJUnit4ClassRunner.java:100)
	at org.junit.runners.ParentRunner.runLeaf(ParentRunner.java:366)
	at org.junit.runners.BlockJUnit4ClassRunner.runChild(BlockJUnit4ClassRunner.java:103)
	at org.junit.runners.BlockJUnit4ClassRunner.runChild(BlockJUnit4ClassRunner.java:63)
	at org.junit.runners.ParentRunner$4.run(ParentRunner.java:331)
	at org.junit.runners.ParentRunner$1.schedule(ParentRunner.java:79)
	at org.junit.runners.ParentRunner.runChildren(ParentRunner.java:329)
	at org.junit.runners.ParentRunner.access$100(ParentRunner.java:66)
	at org.junit.runners.ParentRunner$2.evaluate(ParentRunner.java:293)
	at org.junit.internal.runners.statements.RunBefores.evaluate(RunBefores.java:26)
	at org.junit.runners.ParentRunner$3.evaluate(ParentRunner.java:306)
	at org.junit.runners.ParentRunner.run(ParentRunner.java:413)
	at org.junit.runners.Suite.runChild(Suite.java:128)
	at org.junit.runners.Suite.runChild(Suite.java:27)
	at org.junit.runners.ParentRunner$4.run(ParentRunner.java:331)
	at org.junit.runners.ParentRunner$1.schedule(ParentRunner.java:79)
	at org.junit.runners.ParentRunner.runChildren(ParentRunner.java:329)
	at org.junit.runners.ParentRunner.access$100(ParentRunner.java:66)
	at org.junit.runners.ParentRunner$2.evaluate(ParentRunner.java:293)
	at org.junit.runners.ParentRunner$3.evaluate(ParentRunner.java:306)
	at org.junit.runners.ParentRunner.run(ParentRunner.java:413)
	at org.apache.maven.surefire.junitcore.JUnitCore.run(JUnitCore.java:55)
	at org.apache.maven.surefire.junitcore.JUnitCoreWrapper.createRequestAndRun(JUnitCoreWrapper.java:137)
	at org.apache.maven.surefire.junitcore.JUnitCoreWrapper.executeEager(JUnitCoreWrapper.java:107)
	at org.apache.maven.surefire.junitcore.JUnitCoreWrapper.execute(JUnitCoreWrapper.java:83)
	at org.apache.maven.surefire.junitcore.JUnitCoreWrapper.execute(JUnitCoreWrapper.java:75)
	at org.apache.maven.surefire.junitcore.JUnitCoreProvider.invoke(JUnitCoreProvider.java:158)
	at org.apache.maven.surefire.booter.ForkedBooter.runSuitesInProcess(ForkedBooter.java:377)
	at org.apache.maven.surefire.booter.ForkedBooter.execute(ForkedBooter.java:138)
	at org.apache.maven.surefire.booter.ForkedBooter.run(ForkedBooter.java:465)
	at org.apache.maven.surefire.booter.ForkedBooter.main(ForkedBooter.java:451)
NestedThrowablesStackTrace:
java.sql.BatchUpdateException: DELETE on table 'DBS' caused a violation of foreign key constraint 'TBLS_FK1' for key (2).  The statement has been rolled back.
	at org.apache.derby.impl.jdbc.EmbedStatement.executeLargeBatch(Unknown Source)
	at org.apache.derby.impl.jdbc.EmbedStatement.executeBatch(Unknown Source)
	at com.zaxxer.hikari.pool.ProxyStatement.executeBatch(ProxyStatement.java:128)
	at com.zaxxer.hikari.pool.HikariProxyPreparedStatement.executeBatch(HikariProxyPreparedStatement.java)
	at org.datanucleus.store.rdbms.ParamLoggingPreparedStatement.executeBatch(ParamLoggingPreparedStatement.java:366)
	at org.datanucleus.store.rdbms.SQLController.processConnectionStatement(SQLController.java:675)
	at org.datanucleus.store.rdbms.SQLController.processStatementsForConnection(SQLController.java:643)
	at org.datanucleus.store.rdbms.SQLController$1.transactionFlushed(SQLController.java:729)
	at org.datanucleus.store.connection.AbstractManagedConnection.transactionFlushed(AbstractManagedConnection.java:95)
	at org.datanucleus.store.connection.ConnectionManagerImpl$2.transactionFlushed(ConnectionManagerImpl.java:528)
	at org.datanucleus.TransactionImpl.flush(TransactionImpl.java:222)
	at org.datanucleus.TransactionImpl.commit(TransactionImpl.java:286)
	at org.datanucleus.api.jdo.JDOTransaction.commit(JDOTransaction.java:99)
	at org.apache.hadoop.hive.metastore.ObjectStore.commitTransaction(ObjectStore.java:615)
	at sun.reflect.GeneratedMethodAccessor31.invoke(Unknown Source)
	at sun.reflect.DelegatingMethodAccessorImpl.invoke(DelegatingMethodAccessorImpl.java:43)
	at java.lang.reflect.Method.invoke(Method.java:498)
	at org.apache.hadoop.hive.metastore.RawStoreProxy.invoke(RawStoreProxy.java:97)
	at com.sun.proxy.$Proxy32.commitTransaction(Unknown Source)
	at org.apache.hadoop.hive.metastore.HMSHandler.drop_database_core(HMSHandler.java:1790)
	at org.apache.hadoop.hive.metastore.HMSHandler.drop_database(HMSHandler.java:1869)
	at sun.reflect.NativeMethodAccessorImpl.invoke0(Native Method)
	at sun.reflect.NativeMethodAccessorImpl.invoke(NativeMethodAccessorImpl.java:62)
	at sun.reflect.DelegatingMethodAccessorImpl.invoke(DelegatingMethodAccessorImpl.java:43)
	at java.lang.reflect.Method.invoke(Method.java:498)
	at org.apache.hadoop.hive.metastore.RetryingHMSHandler.invokeInternal(RetryingHMSHandler.java:147)
	at org.apache.hadoop.hive.metastore.RetryingHMSHandler.invoke(RetryingHMSHandler.java:108)
	at com.sun.proxy.$Proxy35.drop_database(Unknown Source)
	at org.apache.hadoop.hive.metastore.HiveMetaStoreClient.dropDatabaseCascadePerDb(HiveMetaStoreClient.java:1601)
	at org.apache.hadoop.hive.metastore.HiveMetaStoreClient.dropDatabase(HiveMetaStoreClient.java:1532)
	at org.apache.hadoop.hive.metastore.HiveMetaStoreClient.dropDatabase(HiveMetaStoreClient.java:1485)
	at sun.reflect.NativeMethodAccessorImpl.invoke0(Native Method)
	at sun.reflect.NativeMethodAccessorImpl.invoke(NativeMethodAccessorImpl.java:62)
	at sun.reflect.DelegatingMethodAccessorImpl.invoke(DelegatingMethodAccessorImpl.java:43)
	at java.lang.reflect.Method.invoke(Method.java:498)
	at org.apache.hadoop.hive.metastore.RetryingMetaStoreClient.invoke(RetryingMetaStoreClient.java:218)
	at com.sun.proxy.$Proxy45.dropDatabase(Unknown Source)
	at org.apache.hadoop.hive.ql.metadata.Hive.dropDatabase(Hive.java:662)
	at org.apache.hadoop.hive.ql.ddl.database.drop.DropDatabaseOperation.execute(DropDatabaseOperation.java:52)
	at org.apache.hadoop.hive.ql.ddl.DDLTask.execute(DDLTask.java:84)
	at org.apache.hadoop.hive.ql.exec.Task.executeTask(Task.java:212)
	at org.apache.hadoop.hive.ql.exec.TaskRunner.runSequential(TaskRunner.java:105)
	at org.apache.hadoop.hive.ql.Executor.launchTask(Executor.java:361)
	at org.apache.hadoop.hive.ql.Executor.launchTasks(Executor.java:334)
	at org.apache.hadoop.hive.ql.Executor.runTasks(Executor.java:245)
	at org.apache.hadoop.hive.ql.Executor.execute(Executor.java:108)
	at org.apache.hadoop.hive.ql.Driver.execute(Driver.java:348)
	at org.apache.hadoop.hive.ql.Driver.runInternal(Driver.java:204)
	at org.apache.hadoop.hive.ql.Driver.run(Driver.java:153)
	at org.apache.hadoop.hive.ql.Driver.run(Driver.java:148)
	at org.apache.hadoop.hive.ql.reexec.ReExecDriver.run(ReExecDriver.java:164)
	at org.apache.hadoop.hive.ql.reexec.ReExecDriver.run(ReExecDriver.java:230)
	at org.apache.hive.hcatalog.pig.AbstractHCatLoaderTest.executeStatementOnDriver(AbstractHCatLoaderTest.java:151)
	at org.apache.hive.hcatalog.pig.AbstractHCatLoaderTest.tearDown(AbstractHCatLoaderTest.java:239)
	at sun.reflect.NativeMethodAccessorImpl.invoke0(Native Method)
	at sun.reflect.NativeMethodAccessorImpl.invoke(NativeMethodAccessorImpl.java:62)
	at sun.reflect.DelegatingMethodAccessorImpl.invoke(DelegatingMethodAccessorImpl.java:43)
	at java.lang.reflect.Method.invoke(Method.java:498)
	at org.junit.runners.model.FrameworkMethod$1.runReflectiveCall(FrameworkMethod.java:59)
	at org.junit.internal.runners.model.ReflectiveCallable.run(ReflectiveCallable.java:12)
	at org.junit.runners.model.FrameworkMethod.invokeExplosively(FrameworkMethod.java:56)
	at org.junit.internal.runners.statements.RunAfters.invokeMethod(RunAfters.java:46)
	at org.junit.internal.runners.statements.RunAfters.evaluate(RunAfters.java:33)
	at org.junit.runners.ParentRunner$3.evaluate(ParentRunner.java:306)
	at org.junit.runners.BlockJUnit4ClassRunner$1.evaluate(BlockJUnit4ClassRunner.java:100)
	at org.junit.runners.ParentRunner.runLeaf(ParentRunner.java:366)
	at org.junit.runners.BlockJUnit4ClassRunner.runChild(BlockJUnit4ClassRunner.java:103)
	at org.junit.runners.BlockJUnit4ClassRunner.runChild(BlockJUnit4ClassRunner.java:63)
	at org.junit.runners.ParentRunner$4.run(ParentRunner.java:331)
	at org.junit.runners.ParentRunner$1.schedule(ParentRunner.java:79)
	at org.junit.runners.ParentRunner.runChildren(ParentRunner.java:329)
	at org.junit.runners.ParentRunner.access$100(ParentRunner.java:66)
	at org.junit.runners.ParentRunner$2.evaluate(ParentRunner.java:293)
	at org.junit.internal.runners.statements.RunBefores.evaluate(RunBefores.java:26)
	at org.junit.runners.ParentRunner$3.evaluate(ParentRunner.java:306)
	at org.junit.runners.ParentRunner.run(ParentRunner.java:413)
	at org.junit.runners.Suite.runChild(Suite.java:128)
	at org.junit.runners.Suite.runChild(Suite.java:27)
	at org.junit.runners.ParentRunner$4.run(ParentRunner.java:331)
	at org.junit.runners.ParentRunner$1.schedule(ParentRunner.java:79)
	at org.junit.runners.ParentRunner.runChildren(ParentRunner.java:329)
	at org.junit.runners.ParentRunner.access$100(ParentRunner.java:66)
	at org.junit.runners.ParentRunner$2.evaluate(ParentRunner.java:293)
	at org.junit.runners.ParentRunner$3.evaluate(ParentRunner.java:306)
	at org.junit.runners.ParentRunner.run(ParentRunner.java:413)
	at org.apache.maven.surefire.junitcore.JUnitCore.run(JUnitCore.java:55)
	at org.apache.maven.surefire.junitcore.JUnitCoreWrapper.createRequestAndRun(JUnitCoreWrapper.java:137)
	at org.apache.maven.surefire.junitcore.JUnitCoreWrapper.executeEager(JUnitCoreWrapper.java:107)
	at org.apache.maven.surefire.junitcore.JUnitCoreWrapper.execute(JUnitCoreWrapper.java:83)
	at org.apache.maven.surefire.junitcore.JUnitCoreWrapper.execute(JUnitCoreWrapper.java:75)
	at org.apache.maven.surefire.junitcore.JUnitCoreProvider.invoke(JUnitCoreProvider.java:158)
	at org.apache.maven.surefire.booter.ForkedBooter.runSuitesInProcess(ForkedBooter.java:377)
	at org.apache.maven.surefire.booter.ForkedBooter.execute(ForkedBooter.java:138)
	at org.apache.maven.surefire.booter.ForkedBooter.run(ForkedBooter.java:465)
	at org.apache.maven.surefire.booter.ForkedBooter.main(ForkedBooter.java:451)
Caused by: org.apache.derby.shared.common.error.DerbySQLIntegrityConstraintViolationException: DELETE on table 'DBS' caused a violation of foreign key constraint 'TBLS_FK1' for key (2).  The statement has been rolled back.
	at org.apache.derby.impl.jdbc.SQLExceptionFactory.getSQLException(Unknown Source)
	at org.apache.derby.impl.jdbc.Util.generateCsSQLException(Unknown Source)
	at org.apache.derby.impl.jdbc.TransactionResourceImpl.wrapInSQLException(Unknown Source)
	at org.apache.derby.impl.jdbc.TransactionResourceImpl.handleException(Unknown Source)
	at org.apache.derby.impl.jdbc.EmbedConnection.handleException(Unknown Source)
	at org.apache.derby.impl.jdbc.ConnectionChild.handleException(Unknown Source)
	at org.apache.derby.impl.jdbc.EmbedStatement.executeStatement(Unknown Source)
	at org.apache.derby.impl.jdbc.EmbedPreparedStatement.executeBatchElement(Unknown Source)
	... 95 more
Caused by: ERROR 23503: DELETE on table 'DBS' caused a violation of foreign key constraint 'TBLS_FK1' for key (2).  The statement has been rolled back.
	at org.apache.derby.iapi.error.StandardException.newException(Unknown Source)
	at org.apache.derby.iapi.error.StandardException.newException(Unknown Source)
	at org.apache.derby.impl.sql.execute.ReferencedKeyRIChecker.doCheck(Unknown Source)
	at org.apache.derby.impl.sql.execute.RISetChecker.doPKCheck(Unknown Source)
	at org.apache.derby.impl.sql.execute.DeleteResultSet.collectAffectedRows(Unknown Source)
	at org.apache.derby.impl.sql.execute.DeleteResultSet.open(Unknown Source)
	at org.apache.derby.impl.sql.GenericPreparedStatement.executeStmt(Unknown Source)
	at org.apache.derby.impl.sql.GenericPreparedStatement.execute(Unknown Source)
	... 97 more

2024-04-24T11:27:24,428  INFO [main] HiveMetaStore.audit: ugi=alex	ip=unknown-ip-addr	cmd=drop_database: @hive#junit_specific_db	
2024-04-24T11:27:24,433  INFO [main] HiveMetaStore.audit: ugi=alex	ip=unknown-ip-addr	cmd=get_all_tables: db=@hive#junit_specific_db	
2024-04-24T11:27:24,433  INFO [main] HiveMetaStore.audit: ugi=alex	ip=unknown-ip-addr	cmd=get_functions: db=@hive#junit_specific_db pat=*	
2024-04-24T11:27:24,436  INFO [main] HiveMetaStore.audit: ugi=alex	ip=unknown-ip-addr	cmd=get_all_stored_procedures	
2024-04-24T11:27:24,437  INFO [main] HiveMetaStore.audit: ugi=alex	ip=unknown-ip-addr	cmd=get_all_packages	
2024-04-24T11:27:24,439  INFO [main] HiveMetaStore.audit: ugi=alex	ip=unknown-ip-addr	cmd=getTablesByTypeCore: catName=hive: db=junit_specific_db pat=.*,type=MATERIALIZED_VIEW	
2024-04-24T11:27:24,443  INFO [main] metastore.ObjectStore: Dropping database hive.junit_specific_db along with all tables
2024-04-24T11:27:24,448  INFO [main] txn.TxnHandler: Non-retryable error in cleanupRecords : Table/View 'TXN_COMPONENTS' does not exist. (SQLState=42X05, ErrorCode=20000)
2024-04-24T11:27:24,448  WARN [main] txn.TxnHandler: Cannot perform cleanup since metastore table does not exist
2024-04-24T11:27:24,450 ERROR [main] metastore.RetryingHMSHandler: Retrying HMSHandler after 2000 ms (attempt 8 of 10) with error: javax.jdo.JDODataStoreException: Exception thrown flushing changes to datastore
	at org.datanucleus.api.jdo.NucleusJDOHelper.getJDOExceptionForNucleusException(NucleusJDOHelper.java:542)
	at org.datanucleus.api.jdo.JDOTransaction.commit(JDOTransaction.java:162)
	at org.apache.hadoop.hive.metastore.ObjectStore.commitTransaction(ObjectStore.java:615)
	at sun.reflect.GeneratedMethodAccessor31.invoke(Unknown Source)
	at sun.reflect.DelegatingMethodAccessorImpl.invoke(DelegatingMethodAccessorImpl.java:43)
	at java.lang.reflect.Method.invoke(Method.java:498)
	at org.apache.hadoop.hive.metastore.RawStoreProxy.invoke(RawStoreProxy.java:97)
	at com.sun.proxy.$Proxy32.commitTransaction(Unknown Source)
	at org.apache.hadoop.hive.metastore.HMSHandler.drop_database_core(HMSHandler.java:1790)
	at org.apache.hadoop.hive.metastore.HMSHandler.drop_database(HMSHandler.java:1869)
	at sun.reflect.NativeMethodAccessorImpl.invoke0(Native Method)
	at sun.reflect.NativeMethodAccessorImpl.invoke(NativeMethodAccessorImpl.java:62)
	at sun.reflect.DelegatingMethodAccessorImpl.invoke(DelegatingMethodAccessorImpl.java:43)
	at java.lang.reflect.Method.invoke(Method.java:498)
	at org.apache.hadoop.hive.metastore.RetryingHMSHandler.invokeInternal(RetryingHMSHandler.java:147)
	at org.apache.hadoop.hive.metastore.RetryingHMSHandler.invoke(RetryingHMSHandler.java:108)
	at com.sun.proxy.$Proxy35.drop_database(Unknown Source)
	at org.apache.hadoop.hive.metastore.HiveMetaStoreClient.dropDatabaseCascadePerDb(HiveMetaStoreClient.java:1601)
	at org.apache.hadoop.hive.metastore.HiveMetaStoreClient.dropDatabase(HiveMetaStoreClient.java:1532)
	at org.apache.hadoop.hive.metastore.HiveMetaStoreClient.dropDatabase(HiveMetaStoreClient.java:1485)
	at sun.reflect.NativeMethodAccessorImpl.invoke0(Native Method)
	at sun.reflect.NativeMethodAccessorImpl.invoke(NativeMethodAccessorImpl.java:62)
	at sun.reflect.DelegatingMethodAccessorImpl.invoke(DelegatingMethodAccessorImpl.java:43)
	at java.lang.reflect.Method.invoke(Method.java:498)
	at org.apache.hadoop.hive.metastore.RetryingMetaStoreClient.invoke(RetryingMetaStoreClient.java:218)
	at com.sun.proxy.$Proxy45.dropDatabase(Unknown Source)
	at org.apache.hadoop.hive.ql.metadata.Hive.dropDatabase(Hive.java:662)
	at org.apache.hadoop.hive.ql.ddl.database.drop.DropDatabaseOperation.execute(DropDatabaseOperation.java:52)
	at org.apache.hadoop.hive.ql.ddl.DDLTask.execute(DDLTask.java:84)
	at org.apache.hadoop.hive.ql.exec.Task.executeTask(Task.java:212)
	at org.apache.hadoop.hive.ql.exec.TaskRunner.runSequential(TaskRunner.java:105)
	at org.apache.hadoop.hive.ql.Executor.launchTask(Executor.java:361)
	at org.apache.hadoop.hive.ql.Executor.launchTasks(Executor.java:334)
	at org.apache.hadoop.hive.ql.Executor.runTasks(Executor.java:245)
	at org.apache.hadoop.hive.ql.Executor.execute(Executor.java:108)
	at org.apache.hadoop.hive.ql.Driver.execute(Driver.java:348)
	at org.apache.hadoop.hive.ql.Driver.runInternal(Driver.java:204)
	at org.apache.hadoop.hive.ql.Driver.run(Driver.java:153)
	at org.apache.hadoop.hive.ql.Driver.run(Driver.java:148)
	at org.apache.hadoop.hive.ql.reexec.ReExecDriver.run(ReExecDriver.java:164)
	at org.apache.hadoop.hive.ql.reexec.ReExecDriver.run(ReExecDriver.java:230)
	at org.apache.hive.hcatalog.pig.AbstractHCatLoaderTest.executeStatementOnDriver(AbstractHCatLoaderTest.java:151)
	at org.apache.hive.hcatalog.pig.AbstractHCatLoaderTest.tearDown(AbstractHCatLoaderTest.java:239)
	at sun.reflect.NativeMethodAccessorImpl.invoke0(Native Method)
	at sun.reflect.NativeMethodAccessorImpl.invoke(NativeMethodAccessorImpl.java:62)
	at sun.reflect.DelegatingMethodAccessorImpl.invoke(DelegatingMethodAccessorImpl.java:43)
	at java.lang.reflect.Method.invoke(Method.java:498)
	at org.junit.runners.model.FrameworkMethod$1.runReflectiveCall(FrameworkMethod.java:59)
	at org.junit.internal.runners.model.ReflectiveCallable.run(ReflectiveCallable.java:12)
	at org.junit.runners.model.FrameworkMethod.invokeExplosively(FrameworkMethod.java:56)
	at org.junit.internal.runners.statements.RunAfters.invokeMethod(RunAfters.java:46)
	at org.junit.internal.runners.statements.RunAfters.evaluate(RunAfters.java:33)
	at org.junit.runners.ParentRunner$3.evaluate(ParentRunner.java:306)
	at org.junit.runners.BlockJUnit4ClassRunner$1.evaluate(BlockJUnit4ClassRunner.java:100)
	at org.junit.runners.ParentRunner.runLeaf(ParentRunner.java:366)
	at org.junit.runners.BlockJUnit4ClassRunner.runChild(BlockJUnit4ClassRunner.java:103)
	at org.junit.runners.BlockJUnit4ClassRunner.runChild(BlockJUnit4ClassRunner.java:63)
	at org.junit.runners.ParentRunner$4.run(ParentRunner.java:331)
	at org.junit.runners.ParentRunner$1.schedule(ParentRunner.java:79)
	at org.junit.runners.ParentRunner.runChildren(ParentRunner.java:329)
	at org.junit.runners.ParentRunner.access$100(ParentRunner.java:66)
	at org.junit.runners.ParentRunner$2.evaluate(ParentRunner.java:293)
	at org.junit.internal.runners.statements.RunBefores.evaluate(RunBefores.java:26)
	at org.junit.runners.ParentRunner$3.evaluate(ParentRunner.java:306)
	at org.junit.runners.ParentRunner.run(ParentRunner.java:413)
	at org.junit.runners.Suite.runChild(Suite.java:128)
	at org.junit.runners.Suite.runChild(Suite.java:27)
	at org.junit.runners.ParentRunner$4.run(ParentRunner.java:331)
	at org.junit.runners.ParentRunner$1.schedule(ParentRunner.java:79)
	at org.junit.runners.ParentRunner.runChildren(ParentRunner.java:329)
	at org.junit.runners.ParentRunner.access$100(ParentRunner.java:66)
	at org.junit.runners.ParentRunner$2.evaluate(ParentRunner.java:293)
	at org.junit.runners.ParentRunner$3.evaluate(ParentRunner.java:306)
	at org.junit.runners.ParentRunner.run(ParentRunner.java:413)
	at org.apache.maven.surefire.junitcore.JUnitCore.run(JUnitCore.java:55)
	at org.apache.maven.surefire.junitcore.JUnitCoreWrapper.createRequestAndRun(JUnitCoreWrapper.java:137)
	at org.apache.maven.surefire.junitcore.JUnitCoreWrapper.executeEager(JUnitCoreWrapper.java:107)
	at org.apache.maven.surefire.junitcore.JUnitCoreWrapper.execute(JUnitCoreWrapper.java:83)
	at org.apache.maven.surefire.junitcore.JUnitCoreWrapper.execute(JUnitCoreWrapper.java:75)
	at org.apache.maven.surefire.junitcore.JUnitCoreProvider.invoke(JUnitCoreProvider.java:158)
	at org.apache.maven.surefire.booter.ForkedBooter.runSuitesInProcess(ForkedBooter.java:377)
	at org.apache.maven.surefire.booter.ForkedBooter.execute(ForkedBooter.java:138)
	at org.apache.maven.surefire.booter.ForkedBooter.run(ForkedBooter.java:465)
	at org.apache.maven.surefire.booter.ForkedBooter.main(ForkedBooter.java:451)
NestedThrowablesStackTrace:
java.sql.BatchUpdateException: DELETE on table 'DBS' caused a violation of foreign key constraint 'TBLS_FK1' for key (2).  The statement has been rolled back.
	at org.apache.derby.impl.jdbc.EmbedStatement.executeLargeBatch(Unknown Source)
	at org.apache.derby.impl.jdbc.EmbedStatement.executeBatch(Unknown Source)
	at com.zaxxer.hikari.pool.ProxyStatement.executeBatch(ProxyStatement.java:128)
	at com.zaxxer.hikari.pool.HikariProxyPreparedStatement.executeBatch(HikariProxyPreparedStatement.java)
	at org.datanucleus.store.rdbms.ParamLoggingPreparedStatement.executeBatch(ParamLoggingPreparedStatement.java:366)
	at org.datanucleus.store.rdbms.SQLController.processConnectionStatement(SQLController.java:675)
	at org.datanucleus.store.rdbms.SQLController.processStatementsForConnection(SQLController.java:643)
	at org.datanucleus.store.rdbms.SQLController$1.transactionFlushed(SQLController.java:729)
	at org.datanucleus.store.connection.AbstractManagedConnection.transactionFlushed(AbstractManagedConnection.java:95)
	at org.datanucleus.store.connection.ConnectionManagerImpl$2.transactionFlushed(ConnectionManagerImpl.java:528)
	at org.datanucleus.TransactionImpl.flush(TransactionImpl.java:222)
	at org.datanucleus.TransactionImpl.commit(TransactionImpl.java:286)
	at org.datanucleus.api.jdo.JDOTransaction.commit(JDOTransaction.java:99)
	at org.apache.hadoop.hive.metastore.ObjectStore.commitTransaction(ObjectStore.java:615)
	at sun.reflect.GeneratedMethodAccessor31.invoke(Unknown Source)
	at sun.reflect.DelegatingMethodAccessorImpl.invoke(DelegatingMethodAccessorImpl.java:43)
	at java.lang.reflect.Method.invoke(Method.java:498)
	at org.apache.hadoop.hive.metastore.RawStoreProxy.invoke(RawStoreProxy.java:97)
	at com.sun.proxy.$Proxy32.commitTransaction(Unknown Source)
	at org.apache.hadoop.hive.metastore.HMSHandler.drop_database_core(HMSHandler.java:1790)
	at org.apache.hadoop.hive.metastore.HMSHandler.drop_database(HMSHandler.java:1869)
	at sun.reflect.NativeMethodAccessorImpl.invoke0(Native Method)
	at sun.reflect.NativeMethodAccessorImpl.invoke(NativeMethodAccessorImpl.java:62)
	at sun.reflect.DelegatingMethodAccessorImpl.invoke(DelegatingMethodAccessorImpl.java:43)
	at java.lang.reflect.Method.invoke(Method.java:498)
	at org.apache.hadoop.hive.metastore.RetryingHMSHandler.invokeInternal(RetryingHMSHandler.java:147)
	at org.apache.hadoop.hive.metastore.RetryingHMSHandler.invoke(RetryingHMSHandler.java:108)
	at com.sun.proxy.$Proxy35.drop_database(Unknown Source)
	at org.apache.hadoop.hive.metastore.HiveMetaStoreClient.dropDatabaseCascadePerDb(HiveMetaStoreClient.java:1601)
	at org.apache.hadoop.hive.metastore.HiveMetaStoreClient.dropDatabase(HiveMetaStoreClient.java:1532)
	at org.apache.hadoop.hive.metastore.HiveMetaStoreClient.dropDatabase(HiveMetaStoreClient.java:1485)
	at sun.reflect.NativeMethodAccessorImpl.invoke0(Native Method)
	at sun.reflect.NativeMethodAccessorImpl.invoke(NativeMethodAccessorImpl.java:62)
	at sun.reflect.DelegatingMethodAccessorImpl.invoke(DelegatingMethodAccessorImpl.java:43)
	at java.lang.reflect.Method.invoke(Method.java:498)
	at org.apache.hadoop.hive.metastore.RetryingMetaStoreClient.invoke(RetryingMetaStoreClient.java:218)
	at com.sun.proxy.$Proxy45.dropDatabase(Unknown Source)
	at org.apache.hadoop.hive.ql.metadata.Hive.dropDatabase(Hive.java:662)
	at org.apache.hadoop.hive.ql.ddl.database.drop.DropDatabaseOperation.execute(DropDatabaseOperation.java:52)
	at org.apache.hadoop.hive.ql.ddl.DDLTask.execute(DDLTask.java:84)
	at org.apache.hadoop.hive.ql.exec.Task.executeTask(Task.java:212)
	at org.apache.hadoop.hive.ql.exec.TaskRunner.runSequential(TaskRunner.java:105)
	at org.apache.hadoop.hive.ql.Executor.launchTask(Executor.java:361)
	at org.apache.hadoop.hive.ql.Executor.launchTasks(Executor.java:334)
	at org.apache.hadoop.hive.ql.Executor.runTasks(Executor.java:245)
	at org.apache.hadoop.hive.ql.Executor.execute(Executor.java:108)
	at org.apache.hadoop.hive.ql.Driver.execute(Driver.java:348)
	at org.apache.hadoop.hive.ql.Driver.runInternal(Driver.java:204)
	at org.apache.hadoop.hive.ql.Driver.run(Driver.java:153)
	at org.apache.hadoop.hive.ql.Driver.run(Driver.java:148)
	at org.apache.hadoop.hive.ql.reexec.ReExecDriver.run(ReExecDriver.java:164)
	at org.apache.hadoop.hive.ql.reexec.ReExecDriver.run(ReExecDriver.java:230)
	at org.apache.hive.hcatalog.pig.AbstractHCatLoaderTest.executeStatementOnDriver(AbstractHCatLoaderTest.java:151)
	at org.apache.hive.hcatalog.pig.AbstractHCatLoaderTest.tearDown(AbstractHCatLoaderTest.java:239)
	at sun.reflect.NativeMethodAccessorImpl.invoke0(Native Method)
	at sun.reflect.NativeMethodAccessorImpl.invoke(NativeMethodAccessorImpl.java:62)
	at sun.reflect.DelegatingMethodAccessorImpl.invoke(DelegatingMethodAccessorImpl.java:43)
	at java.lang.reflect.Method.invoke(Method.java:498)
	at org.junit.runners.model.FrameworkMethod$1.runReflectiveCall(FrameworkMethod.java:59)
	at org.junit.internal.runners.model.ReflectiveCallable.run(ReflectiveCallable.java:12)
	at org.junit.runners.model.FrameworkMethod.invokeExplosively(FrameworkMethod.java:56)
	at org.junit.internal.runners.statements.RunAfters.invokeMethod(RunAfters.java:46)
	at org.junit.internal.runners.statements.RunAfters.evaluate(RunAfters.java:33)
	at org.junit.runners.ParentRunner$3.evaluate(ParentRunner.java:306)
	at org.junit.runners.BlockJUnit4ClassRunner$1.evaluate(BlockJUnit4ClassRunner.java:100)
	at org.junit.runners.ParentRunner.runLeaf(ParentRunner.java:366)
	at org.junit.runners.BlockJUnit4ClassRunner.runChild(BlockJUnit4ClassRunner.java:103)
	at org.junit.runners.BlockJUnit4ClassRunner.runChild(BlockJUnit4ClassRunner.java:63)
	at org.junit.runners.ParentRunner$4.run(ParentRunner.java:331)
	at org.junit.runners.ParentRunner$1.schedule(ParentRunner.java:79)
	at org.junit.runners.ParentRunner.runChildren(ParentRunner.java:329)
	at org.junit.runners.ParentRunner.access$100(ParentRunner.java:66)
	at org.junit.runners.ParentRunner$2.evaluate(ParentRunner.java:293)
	at org.junit.internal.runners.statements.RunBefores.evaluate(RunBefores.java:26)
	at org.junit.runners.ParentRunner$3.evaluate(ParentRunner.java:306)
	at org.junit.runners.ParentRunner.run(ParentRunner.java:413)
	at org.junit.runners.Suite.runChild(Suite.java:128)
	at org.junit.runners.Suite.runChild(Suite.java:27)
	at org.junit.runners.ParentRunner$4.run(ParentRunner.java:331)
	at org.junit.runners.ParentRunner$1.schedule(ParentRunner.java:79)
	at org.junit.runners.ParentRunner.runChildren(ParentRunner.java:329)
	at org.junit.runners.ParentRunner.access$100(ParentRunner.java:66)
	at org.junit.runners.ParentRunner$2.evaluate(ParentRunner.java:293)
	at org.junit.runners.ParentRunner$3.evaluate(ParentRunner.java:306)
	at org.junit.runners.ParentRunner.run(ParentRunner.java:413)
	at org.apache.maven.surefire.junitcore.JUnitCore.run(JUnitCore.java:55)
	at org.apache.maven.surefire.junitcore.JUnitCoreWrapper.createRequestAndRun(JUnitCoreWrapper.java:137)
	at org.apache.maven.surefire.junitcore.JUnitCoreWrapper.executeEager(JUnitCoreWrapper.java:107)
	at org.apache.maven.surefire.junitcore.JUnitCoreWrapper.execute(JUnitCoreWrapper.java:83)
	at org.apache.maven.surefire.junitcore.JUnitCoreWrapper.execute(JUnitCoreWrapper.java:75)
	at org.apache.maven.surefire.junitcore.JUnitCoreProvider.invoke(JUnitCoreProvider.java:158)
	at org.apache.maven.surefire.booter.ForkedBooter.runSuitesInProcess(ForkedBooter.java:377)
	at org.apache.maven.surefire.booter.ForkedBooter.execute(ForkedBooter.java:138)
	at org.apache.maven.surefire.booter.ForkedBooter.run(ForkedBooter.java:465)
	at org.apache.maven.surefire.booter.ForkedBooter.main(ForkedBooter.java:451)
Caused by: org.apache.derby.shared.common.error.DerbySQLIntegrityConstraintViolationException: DELETE on table 'DBS' caused a violation of foreign key constraint 'TBLS_FK1' for key (2).  The statement has been rolled back.
	at org.apache.derby.impl.jdbc.SQLExceptionFactory.getSQLException(Unknown Source)
	at org.apache.derby.impl.jdbc.Util.generateCsSQLException(Unknown Source)
	at org.apache.derby.impl.jdbc.TransactionResourceImpl.wrapInSQLException(Unknown Source)
	at org.apache.derby.impl.jdbc.TransactionResourceImpl.handleException(Unknown Source)
	at org.apache.derby.impl.jdbc.EmbedConnection.handleException(Unknown Source)
	at org.apache.derby.impl.jdbc.ConnectionChild.handleException(Unknown Source)
	at org.apache.derby.impl.jdbc.EmbedStatement.executeStatement(Unknown Source)
	at org.apache.derby.impl.jdbc.EmbedPreparedStatement.executeBatchElement(Unknown Source)
	... 95 more
Caused by: ERROR 23503: DELETE on table 'DBS' caused a violation of foreign key constraint 'TBLS_FK1' for key (2).  The statement has been rolled back.
	at org.apache.derby.iapi.error.StandardException.newException(Unknown Source)
	at org.apache.derby.iapi.error.StandardException.newException(Unknown Source)
	at org.apache.derby.impl.sql.execute.ReferencedKeyRIChecker.doCheck(Unknown Source)
	at org.apache.derby.impl.sql.execute.RISetChecker.doPKCheck(Unknown Source)
	at org.apache.derby.impl.sql.execute.DeleteResultSet.collectAffectedRows(Unknown Source)
	at org.apache.derby.impl.sql.execute.DeleteResultSet.open(Unknown Source)
	at org.apache.derby.impl.sql.GenericPreparedStatement.executeStmt(Unknown Source)
	at org.apache.derby.impl.sql.GenericPreparedStatement.execute(Unknown Source)
	... 97 more

2024-04-24T11:27:26,451  INFO [main] HiveMetaStore.audit: ugi=alex	ip=unknown-ip-addr	cmd=drop_database: @hive#junit_specific_db	
2024-04-24T11:27:26,456  INFO [main] HiveMetaStore.audit: ugi=alex	ip=unknown-ip-addr	cmd=get_all_tables: db=@hive#junit_specific_db	
2024-04-24T11:27:26,456  INFO [main] HiveMetaStore.audit: ugi=alex	ip=unknown-ip-addr	cmd=get_functions: db=@hive#junit_specific_db pat=*	
2024-04-24T11:27:26,459  INFO [main] HiveMetaStore.audit: ugi=alex	ip=unknown-ip-addr	cmd=get_all_stored_procedures	
2024-04-24T11:27:26,460  INFO [main] HiveMetaStore.audit: ugi=alex	ip=unknown-ip-addr	cmd=get_all_packages	
2024-04-24T11:27:26,462  INFO [main] HiveMetaStore.audit: ugi=alex	ip=unknown-ip-addr	cmd=getTablesByTypeCore: catName=hive: db=junit_specific_db pat=.*,type=MATERIALIZED_VIEW	
2024-04-24T11:27:26,467  INFO [main] metastore.ObjectStore: Dropping database hive.junit_specific_db along with all tables
2024-04-24T11:27:26,472  INFO [main] txn.TxnHandler: Non-retryable error in cleanupRecords : Table/View 'TXN_COMPONENTS' does not exist. (SQLState=42X05, ErrorCode=20000)
2024-04-24T11:27:26,472  WARN [main] txn.TxnHandler: Cannot perform cleanup since metastore table does not exist
2024-04-24T11:27:26,474 ERROR [main] metastore.RetryingHMSHandler: Retrying HMSHandler after 2000 ms (attempt 9 of 10) with error: javax.jdo.JDODataStoreException: Exception thrown flushing changes to datastore
	at org.datanucleus.api.jdo.NucleusJDOHelper.getJDOExceptionForNucleusException(NucleusJDOHelper.java:542)
	at org.datanucleus.api.jdo.JDOTransaction.commit(JDOTransaction.java:162)
	at org.apache.hadoop.hive.metastore.ObjectStore.commitTransaction(ObjectStore.java:615)
	at sun.reflect.GeneratedMethodAccessor31.invoke(Unknown Source)
	at sun.reflect.DelegatingMethodAccessorImpl.invoke(DelegatingMethodAccessorImpl.java:43)
	at java.lang.reflect.Method.invoke(Method.java:498)
	at org.apache.hadoop.hive.metastore.RawStoreProxy.invoke(RawStoreProxy.java:97)
	at com.sun.proxy.$Proxy32.commitTransaction(Unknown Source)
	at org.apache.hadoop.hive.metastore.HMSHandler.drop_database_core(HMSHandler.java:1790)
	at org.apache.hadoop.hive.metastore.HMSHandler.drop_database(HMSHandler.java:1869)
	at sun.reflect.NativeMethodAccessorImpl.invoke0(Native Method)
	at sun.reflect.NativeMethodAccessorImpl.invoke(NativeMethodAccessorImpl.java:62)
	at sun.reflect.DelegatingMethodAccessorImpl.invoke(DelegatingMethodAccessorImpl.java:43)
	at java.lang.reflect.Method.invoke(Method.java:498)
	at org.apache.hadoop.hive.metastore.RetryingHMSHandler.invokeInternal(RetryingHMSHandler.java:147)
	at org.apache.hadoop.hive.metastore.RetryingHMSHandler.invoke(RetryingHMSHandler.java:108)
	at com.sun.proxy.$Proxy35.drop_database(Unknown Source)
	at org.apache.hadoop.hive.metastore.HiveMetaStoreClient.dropDatabaseCascadePerDb(HiveMetaStoreClient.java:1601)
	at org.apache.hadoop.hive.metastore.HiveMetaStoreClient.dropDatabase(HiveMetaStoreClient.java:1532)
	at org.apache.hadoop.hive.metastore.HiveMetaStoreClient.dropDatabase(HiveMetaStoreClient.java:1485)
	at sun.reflect.NativeMethodAccessorImpl.invoke0(Native Method)
	at sun.reflect.NativeMethodAccessorImpl.invoke(NativeMethodAccessorImpl.java:62)
	at sun.reflect.DelegatingMethodAccessorImpl.invoke(DelegatingMethodAccessorImpl.java:43)
	at java.lang.reflect.Method.invoke(Method.java:498)
	at org.apache.hadoop.hive.metastore.RetryingMetaStoreClient.invoke(RetryingMetaStoreClient.java:218)
	at com.sun.proxy.$Proxy45.dropDatabase(Unknown Source)
	at org.apache.hadoop.hive.ql.metadata.Hive.dropDatabase(Hive.java:662)
	at org.apache.hadoop.hive.ql.ddl.database.drop.DropDatabaseOperation.execute(DropDatabaseOperation.java:52)
	at org.apache.hadoop.hive.ql.ddl.DDLTask.execute(DDLTask.java:84)
	at org.apache.hadoop.hive.ql.exec.Task.executeTask(Task.java:212)
	at org.apache.hadoop.hive.ql.exec.TaskRunner.runSequential(TaskRunner.java:105)
	at org.apache.hadoop.hive.ql.Executor.launchTask(Executor.java:361)
	at org.apache.hadoop.hive.ql.Executor.launchTasks(Executor.java:334)
	at org.apache.hadoop.hive.ql.Executor.runTasks(Executor.java:245)
	at org.apache.hadoop.hive.ql.Executor.execute(Executor.java:108)
	at org.apache.hadoop.hive.ql.Driver.execute(Driver.java:348)
	at org.apache.hadoop.hive.ql.Driver.runInternal(Driver.java:204)
	at org.apache.hadoop.hive.ql.Driver.run(Driver.java:153)
	at org.apache.hadoop.hive.ql.Driver.run(Driver.java:148)
	at org.apache.hadoop.hive.ql.reexec.ReExecDriver.run(ReExecDriver.java:164)
	at org.apache.hadoop.hive.ql.reexec.ReExecDriver.run(ReExecDriver.java:230)
	at org.apache.hive.hcatalog.pig.AbstractHCatLoaderTest.executeStatementOnDriver(AbstractHCatLoaderTest.java:151)
	at org.apache.hive.hcatalog.pig.AbstractHCatLoaderTest.tearDown(AbstractHCatLoaderTest.java:239)
	at sun.reflect.NativeMethodAccessorImpl.invoke0(Native Method)
	at sun.reflect.NativeMethodAccessorImpl.invoke(NativeMethodAccessorImpl.java:62)
	at sun.reflect.DelegatingMethodAccessorImpl.invoke(DelegatingMethodAccessorImpl.java:43)
	at java.lang.reflect.Method.invoke(Method.java:498)
	at org.junit.runners.model.FrameworkMethod$1.runReflectiveCall(FrameworkMethod.java:59)
	at org.junit.internal.runners.model.ReflectiveCallable.run(ReflectiveCallable.java:12)
	at org.junit.runners.model.FrameworkMethod.invokeExplosively(FrameworkMethod.java:56)
	at org.junit.internal.runners.statements.RunAfters.invokeMethod(RunAfters.java:46)
	at org.junit.internal.runners.statements.RunAfters.evaluate(RunAfters.java:33)
	at org.junit.runners.ParentRunner$3.evaluate(ParentRunner.java:306)
	at org.junit.runners.BlockJUnit4ClassRunner$1.evaluate(BlockJUnit4ClassRunner.java:100)
	at org.junit.runners.ParentRunner.runLeaf(ParentRunner.java:366)
	at org.junit.runners.BlockJUnit4ClassRunner.runChild(BlockJUnit4ClassRunner.java:103)
	at org.junit.runners.BlockJUnit4ClassRunner.runChild(BlockJUnit4ClassRunner.java:63)
	at org.junit.runners.ParentRunner$4.run(ParentRunner.java:331)
	at org.junit.runners.ParentRunner$1.schedule(ParentRunner.java:79)
	at org.junit.runners.ParentRunner.runChildren(ParentRunner.java:329)
	at org.junit.runners.ParentRunner.access$100(ParentRunner.java:66)
	at org.junit.runners.ParentRunner$2.evaluate(ParentRunner.java:293)
	at org.junit.internal.runners.statements.RunBefores.evaluate(RunBefores.java:26)
	at org.junit.runners.ParentRunner$3.evaluate(ParentRunner.java:306)
	at org.junit.runners.ParentRunner.run(ParentRunner.java:413)
	at org.junit.runners.Suite.runChild(Suite.java:128)
	at org.junit.runners.Suite.runChild(Suite.java:27)
	at org.junit.runners.ParentRunner$4.run(ParentRunner.java:331)
	at org.junit.runners.ParentRunner$1.schedule(ParentRunner.java:79)
	at org.junit.runners.ParentRunner.runChildren(ParentRunner.java:329)
	at org.junit.runners.ParentRunner.access$100(ParentRunner.java:66)
	at org.junit.runners.ParentRunner$2.evaluate(ParentRunner.java:293)
	at org.junit.runners.ParentRunner$3.evaluate(ParentRunner.java:306)
	at org.junit.runners.ParentRunner.run(ParentRunner.java:413)
	at org.apache.maven.surefire.junitcore.JUnitCore.run(JUnitCore.java:55)
	at org.apache.maven.surefire.junitcore.JUnitCoreWrapper.createRequestAndRun(JUnitCoreWrapper.java:137)
	at org.apache.maven.surefire.junitcore.JUnitCoreWrapper.executeEager(JUnitCoreWrapper.java:107)
	at org.apache.maven.surefire.junitcore.JUnitCoreWrapper.execute(JUnitCoreWrapper.java:83)
	at org.apache.maven.surefire.junitcore.JUnitCoreWrapper.execute(JUnitCoreWrapper.java:75)
	at org.apache.maven.surefire.junitcore.JUnitCoreProvider.invoke(JUnitCoreProvider.java:158)
	at org.apache.maven.surefire.booter.ForkedBooter.runSuitesInProcess(ForkedBooter.java:377)
	at org.apache.maven.surefire.booter.ForkedBooter.execute(ForkedBooter.java:138)
	at org.apache.maven.surefire.booter.ForkedBooter.run(ForkedBooter.java:465)
	at org.apache.maven.surefire.booter.ForkedBooter.main(ForkedBooter.java:451)
NestedThrowablesStackTrace:
java.sql.BatchUpdateException: DELETE on table 'DBS' caused a violation of foreign key constraint 'TBLS_FK1' for key (2).  The statement has been rolled back.
	at org.apache.derby.impl.jdbc.EmbedStatement.executeLargeBatch(Unknown Source)
	at org.apache.derby.impl.jdbc.EmbedStatement.executeBatch(Unknown Source)
	at com.zaxxer.hikari.pool.ProxyStatement.executeBatch(ProxyStatement.java:128)
	at com.zaxxer.hikari.pool.HikariProxyPreparedStatement.executeBatch(HikariProxyPreparedStatement.java)
	at org.datanucleus.store.rdbms.ParamLoggingPreparedStatement.executeBatch(ParamLoggingPreparedStatement.java:366)
	at org.datanucleus.store.rdbms.SQLController.processConnectionStatement(SQLController.java:675)
	at org.datanucleus.store.rdbms.SQLController.processStatementsForConnection(SQLController.java:643)
	at org.datanucleus.store.rdbms.SQLController$1.transactionFlushed(SQLController.java:729)
	at org.datanucleus.store.connection.AbstractManagedConnection.transactionFlushed(AbstractManagedConnection.java:95)
	at org.datanucleus.store.connection.ConnectionManagerImpl$2.transactionFlushed(ConnectionManagerImpl.java:528)
	at org.datanucleus.TransactionImpl.flush(TransactionImpl.java:222)
	at org.datanucleus.TransactionImpl.commit(TransactionImpl.java:286)
	at org.datanucleus.api.jdo.JDOTransaction.commit(JDOTransaction.java:99)
	at org.apache.hadoop.hive.metastore.ObjectStore.commitTransaction(ObjectStore.java:615)
	at sun.reflect.GeneratedMethodAccessor31.invoke(Unknown Source)
	at sun.reflect.DelegatingMethodAccessorImpl.invoke(DelegatingMethodAccessorImpl.java:43)
	at java.lang.reflect.Method.invoke(Method.java:498)
	at org.apache.hadoop.hive.metastore.RawStoreProxy.invoke(RawStoreProxy.java:97)
	at com.sun.proxy.$Proxy32.commitTransaction(Unknown Source)
	at org.apache.hadoop.hive.metastore.HMSHandler.drop_database_core(HMSHandler.java:1790)
	at org.apache.hadoop.hive.metastore.HMSHandler.drop_database(HMSHandler.java:1869)
	at sun.reflect.NativeMethodAccessorImpl.invoke0(Native Method)
	at sun.reflect.NativeMethodAccessorImpl.invoke(NativeMethodAccessorImpl.java:62)
	at sun.reflect.DelegatingMethodAccessorImpl.invoke(DelegatingMethodAccessorImpl.java:43)
	at java.lang.reflect.Method.invoke(Method.java:498)
	at org.apache.hadoop.hive.metastore.RetryingHMSHandler.invokeInternal(RetryingHMSHandler.java:147)
	at org.apache.hadoop.hive.metastore.RetryingHMSHandler.invoke(RetryingHMSHandler.java:108)
	at com.sun.proxy.$Proxy35.drop_database(Unknown Source)
	at org.apache.hadoop.hive.metastore.HiveMetaStoreClient.dropDatabaseCascadePerDb(HiveMetaStoreClient.java:1601)
	at org.apache.hadoop.hive.metastore.HiveMetaStoreClient.dropDatabase(HiveMetaStoreClient.java:1532)
	at org.apache.hadoop.hive.metastore.HiveMetaStoreClient.dropDatabase(HiveMetaStoreClient.java:1485)
	at sun.reflect.NativeMethodAccessorImpl.invoke0(Native Method)
	at sun.reflect.NativeMethodAccessorImpl.invoke(NativeMethodAccessorImpl.java:62)
	at sun.reflect.DelegatingMethodAccessorImpl.invoke(DelegatingMethodAccessorImpl.java:43)
	at java.lang.reflect.Method.invoke(Method.java:498)
	at org.apache.hadoop.hive.metastore.RetryingMetaStoreClient.invoke(RetryingMetaStoreClient.java:218)
	at com.sun.proxy.$Proxy45.dropDatabase(Unknown Source)
	at org.apache.hadoop.hive.ql.metadata.Hive.dropDatabase(Hive.java:662)
	at org.apache.hadoop.hive.ql.ddl.database.drop.DropDatabaseOperation.execute(DropDatabaseOperation.java:52)
	at org.apache.hadoop.hive.ql.ddl.DDLTask.execute(DDLTask.java:84)
	at org.apache.hadoop.hive.ql.exec.Task.executeTask(Task.java:212)
	at org.apache.hadoop.hive.ql.exec.TaskRunner.runSequential(TaskRunner.java:105)
	at org.apache.hadoop.hive.ql.Executor.launchTask(Executor.java:361)
	at org.apache.hadoop.hive.ql.Executor.launchTasks(Executor.java:334)
	at org.apache.hadoop.hive.ql.Executor.runTasks(Executor.java:245)
	at org.apache.hadoop.hive.ql.Executor.execute(Executor.java:108)
	at org.apache.hadoop.hive.ql.Driver.execute(Driver.java:348)
	at org.apache.hadoop.hive.ql.Driver.runInternal(Driver.java:204)
	at org.apache.hadoop.hive.ql.Driver.run(Driver.java:153)
	at org.apache.hadoop.hive.ql.Driver.run(Driver.java:148)
	at org.apache.hadoop.hive.ql.reexec.ReExecDriver.run(ReExecDriver.java:164)
	at org.apache.hadoop.hive.ql.reexec.ReExecDriver.run(ReExecDriver.java:230)
	at org.apache.hive.hcatalog.pig.AbstractHCatLoaderTest.executeStatementOnDriver(AbstractHCatLoaderTest.java:151)
	at org.apache.hive.hcatalog.pig.AbstractHCatLoaderTest.tearDown(AbstractHCatLoaderTest.java:239)
	at sun.reflect.NativeMethodAccessorImpl.invoke0(Native Method)
	at sun.reflect.NativeMethodAccessorImpl.invoke(NativeMethodAccessorImpl.java:62)
	at sun.reflect.DelegatingMethodAccessorImpl.invoke(DelegatingMethodAccessorImpl.java:43)
	at java.lang.reflect.Method.invoke(Method.java:498)
	at org.junit.runners.model.FrameworkMethod$1.runReflectiveCall(FrameworkMethod.java:59)
	at org.junit.internal.runners.model.ReflectiveCallable.run(ReflectiveCallable.java:12)
	at org.junit.runners.model.FrameworkMethod.invokeExplosively(FrameworkMethod.java:56)
	at org.junit.internal.runners.statements.RunAfters.invokeMethod(RunAfters.java:46)
	at org.junit.internal.runners.statements.RunAfters.evaluate(RunAfters.java:33)
	at org.junit.runners.ParentRunner$3.evaluate(ParentRunner.java:306)
	at org.junit.runners.BlockJUnit4ClassRunner$1.evaluate(BlockJUnit4ClassRunner.java:100)
	at org.junit.runners.ParentRunner.runLeaf(ParentRunner.java:366)
	at org.junit.runners.BlockJUnit4ClassRunner.runChild(BlockJUnit4ClassRunner.java:103)
	at org.junit.runners.BlockJUnit4ClassRunner.runChild(BlockJUnit4ClassRunner.java:63)
	at org.junit.runners.ParentRunner$4.run(ParentRunner.java:331)
	at org.junit.runners.ParentRunner$1.schedule(ParentRunner.java:79)
	at org.junit.runners.ParentRunner.runChildren(ParentRunner.java:329)
	at org.junit.runners.ParentRunner.access$100(ParentRunner.java:66)
	at org.junit.runners.ParentRunner$2.evaluate(ParentRunner.java:293)
	at org.junit.internal.runners.statements.RunBefores.evaluate(RunBefores.java:26)
	at org.junit.runners.ParentRunner$3.evaluate(ParentRunner.java:306)
	at org.junit.runners.ParentRunner.run(ParentRunner.java:413)
	at org.junit.runners.Suite.runChild(Suite.java:128)
	at org.junit.runners.Suite.runChild(Suite.java:27)
	at org.junit.runners.ParentRunner$4.run(ParentRunner.java:331)
	at org.junit.runners.ParentRunner$1.schedule(ParentRunner.java:79)
	at org.junit.runners.ParentRunner.runChildren(ParentRunner.java:329)
	at org.junit.runners.ParentRunner.access$100(ParentRunner.java:66)
	at org.junit.runners.ParentRunner$2.evaluate(ParentRunner.java:293)
	at org.junit.runners.ParentRunner$3.evaluate(ParentRunner.java:306)
	at org.junit.runners.ParentRunner.run(ParentRunner.java:413)
	at org.apache.maven.surefire.junitcore.JUnitCore.run(JUnitCore.java:55)
	at org.apache.maven.surefire.junitcore.JUnitCoreWrapper.createRequestAndRun(JUnitCoreWrapper.java:137)
	at org.apache.maven.surefire.junitcore.JUnitCoreWrapper.executeEager(JUnitCoreWrapper.java:107)
	at org.apache.maven.surefire.junitcore.JUnitCoreWrapper.execute(JUnitCoreWrapper.java:83)
	at org.apache.maven.surefire.junitcore.JUnitCoreWrapper.execute(JUnitCoreWrapper.java:75)
	at org.apache.maven.surefire.junitcore.JUnitCoreProvider.invoke(JUnitCoreProvider.java:158)
	at org.apache.maven.surefire.booter.ForkedBooter.runSuitesInProcess(ForkedBooter.java:377)
	at org.apache.maven.surefire.booter.ForkedBooter.execute(ForkedBooter.java:138)
	at org.apache.maven.surefire.booter.ForkedBooter.run(ForkedBooter.java:465)
	at org.apache.maven.surefire.booter.ForkedBooter.main(ForkedBooter.java:451)
Caused by: org.apache.derby.shared.common.error.DerbySQLIntegrityConstraintViolationException: DELETE on table 'DBS' caused a violation of foreign key constraint 'TBLS_FK1' for key (2).  The statement has been rolled back.
	at org.apache.derby.impl.jdbc.SQLExceptionFactory.getSQLException(Unknown Source)
	at org.apache.derby.impl.jdbc.Util.generateCsSQLException(Unknown Source)
	at org.apache.derby.impl.jdbc.TransactionResourceImpl.wrapInSQLException(Unknown Source)
	at org.apache.derby.impl.jdbc.TransactionResourceImpl.handleException(Unknown Source)
	at org.apache.derby.impl.jdbc.EmbedConnection.handleException(Unknown Source)
	at org.apache.derby.impl.jdbc.ConnectionChild.handleException(Unknown Source)
	at org.apache.derby.impl.jdbc.EmbedStatement.executeStatement(Unknown Source)
	at org.apache.derby.impl.jdbc.EmbedPreparedStatement.executeBatchElement(Unknown Source)
	... 95 more
Caused by: ERROR 23503: DELETE on table 'DBS' caused a violation of foreign key constraint 'TBLS_FK1' for key (2).  The statement has been rolled back.
	at org.apache.derby.iapi.error.StandardException.newException(Unknown Source)
	at org.apache.derby.iapi.error.StandardException.newException(Unknown Source)
	at org.apache.derby.impl.sql.execute.ReferencedKeyRIChecker.doCheck(Unknown Source)
	at org.apache.derby.impl.sql.execute.RISetChecker.doPKCheck(Unknown Source)
	at org.apache.derby.impl.sql.execute.DeleteResultSet.collectAffectedRows(Unknown Source)
	at org.apache.derby.impl.sql.execute.DeleteResultSet.open(Unknown Source)
	at org.apache.derby.impl.sql.GenericPreparedStatement.executeStmt(Unknown Source)
	at org.apache.derby.impl.sql.GenericPreparedStatement.execute(Unknown Source)
	... 97 more

2024-04-24T11:27:28,475  INFO [main] HiveMetaStore.audit: ugi=alex	ip=unknown-ip-addr	cmd=drop_database: @hive#junit_specific_db	
2024-04-24T11:27:28,481  INFO [main] HiveMetaStore.audit: ugi=alex	ip=unknown-ip-addr	cmd=get_all_tables: db=@hive#junit_specific_db	
2024-04-24T11:27:28,485  INFO [main] HiveMetaStore.audit: ugi=alex	ip=unknown-ip-addr	cmd=get_functions: db=@hive#junit_specific_db pat=*	
2024-04-24T11:27:28,493  INFO [main] HiveMetaStore.audit: ugi=alex	ip=unknown-ip-addr	cmd=get_all_stored_procedures	
2024-04-24T11:27:28,499  INFO [main] HiveMetaStore.audit: ugi=alex	ip=unknown-ip-addr	cmd=get_all_packages	
2024-04-24T11:27:28,504  INFO [main] HiveMetaStore.audit: ugi=alex	ip=unknown-ip-addr	cmd=getTablesByTypeCore: catName=hive: db=junit_specific_db pat=.*,type=MATERIALIZED_VIEW	
2024-04-24T11:27:28,516  INFO [main] metastore.ObjectStore: Dropping database hive.junit_specific_db along with all tables
2024-04-24T11:27:28,524  INFO [main] txn.TxnHandler: Non-retryable error in cleanupRecords : Table/View 'TXN_COMPONENTS' does not exist. (SQLState=42X05, ErrorCode=20000)
2024-04-24T11:27:28,524  WARN [main] txn.TxnHandler: Cannot perform cleanup since metastore table does not exist
2024-04-24T11:27:28,526 ERROR [main] metastore.RetryingHMSHandler: Retrying HMSHandler after 2000 ms (attempt 10 of 10) with error: javax.jdo.JDODataStoreException: Exception thrown flushing changes to datastore
	at org.datanucleus.api.jdo.NucleusJDOHelper.getJDOExceptionForNucleusException(NucleusJDOHelper.java:542)
	at org.datanucleus.api.jdo.JDOTransaction.commit(JDOTransaction.java:162)
	at org.apache.hadoop.hive.metastore.ObjectStore.commitTransaction(ObjectStore.java:615)
	at sun.reflect.GeneratedMethodAccessor31.invoke(Unknown Source)
	at sun.reflect.DelegatingMethodAccessorImpl.invoke(DelegatingMethodAccessorImpl.java:43)
	at java.lang.reflect.Method.invoke(Method.java:498)
	at org.apache.hadoop.hive.metastore.RawStoreProxy.invoke(RawStoreProxy.java:97)
	at com.sun.proxy.$Proxy32.commitTransaction(Unknown Source)
	at org.apache.hadoop.hive.metastore.HMSHandler.drop_database_core(HMSHandler.java:1790)
	at org.apache.hadoop.hive.metastore.HMSHandler.drop_database(HMSHandler.java:1869)
	at sun.reflect.NativeMethodAccessorImpl.invoke0(Native Method)
	at sun.reflect.NativeMethodAccessorImpl.invoke(NativeMethodAccessorImpl.java:62)
	at sun.reflect.DelegatingMethodAccessorImpl.invoke(DelegatingMethodAccessorImpl.java:43)
	at java.lang.reflect.Method.invoke(Method.java:498)
	at org.apache.hadoop.hive.metastore.RetryingHMSHandler.invokeInternal(RetryingHMSHandler.java:147)
	at org.apache.hadoop.hive.metastore.RetryingHMSHandler.invoke(RetryingHMSHandler.java:108)
	at com.sun.proxy.$Proxy35.drop_database(Unknown Source)
	at org.apache.hadoop.hive.metastore.HiveMetaStoreClient.dropDatabaseCascadePerDb(HiveMetaStoreClient.java:1601)
	at org.apache.hadoop.hive.metastore.HiveMetaStoreClient.dropDatabase(HiveMetaStoreClient.java:1532)
	at org.apache.hadoop.hive.metastore.HiveMetaStoreClient.dropDatabase(HiveMetaStoreClient.java:1485)
	at sun.reflect.NativeMethodAccessorImpl.invoke0(Native Method)
	at sun.reflect.NativeMethodAccessorImpl.invoke(NativeMethodAccessorImpl.java:62)
	at sun.reflect.DelegatingMethodAccessorImpl.invoke(DelegatingMethodAccessorImpl.java:43)
	at java.lang.reflect.Method.invoke(Method.java:498)
	at org.apache.hadoop.hive.metastore.RetryingMetaStoreClient.invoke(RetryingMetaStoreClient.java:218)
	at com.sun.proxy.$Proxy45.dropDatabase(Unknown Source)
	at org.apache.hadoop.hive.ql.metadata.Hive.dropDatabase(Hive.java:662)
	at org.apache.hadoop.hive.ql.ddl.database.drop.DropDatabaseOperation.execute(DropDatabaseOperation.java:52)
	at org.apache.hadoop.hive.ql.ddl.DDLTask.execute(DDLTask.java:84)
	at org.apache.hadoop.hive.ql.exec.Task.executeTask(Task.java:212)
	at org.apache.hadoop.hive.ql.exec.TaskRunner.runSequential(TaskRunner.java:105)
	at org.apache.hadoop.hive.ql.Executor.launchTask(Executor.java:361)
	at org.apache.hadoop.hive.ql.Executor.launchTasks(Executor.java:334)
	at org.apache.hadoop.hive.ql.Executor.runTasks(Executor.java:245)
	at org.apache.hadoop.hive.ql.Executor.execute(Executor.java:108)
	at org.apache.hadoop.hive.ql.Driver.execute(Driver.java:348)
	at org.apache.hadoop.hive.ql.Driver.runInternal(Driver.java:204)
	at org.apache.hadoop.hive.ql.Driver.run(Driver.java:153)
	at org.apache.hadoop.hive.ql.Driver.run(Driver.java:148)
	at org.apache.hadoop.hive.ql.reexec.ReExecDriver.run(ReExecDriver.java:164)
	at org.apache.hadoop.hive.ql.reexec.ReExecDriver.run(ReExecDriver.java:230)
	at org.apache.hive.hcatalog.pig.AbstractHCatLoaderTest.executeStatementOnDriver(AbstractHCatLoaderTest.java:151)
	at org.apache.hive.hcatalog.pig.AbstractHCatLoaderTest.tearDown(AbstractHCatLoaderTest.java:239)
	at sun.reflect.NativeMethodAccessorImpl.invoke0(Native Method)
	at sun.reflect.NativeMethodAccessorImpl.invoke(NativeMethodAccessorImpl.java:62)
	at sun.reflect.DelegatingMethodAccessorImpl.invoke(DelegatingMethodAccessorImpl.java:43)
	at java.lang.reflect.Method.invoke(Method.java:498)
	at org.junit.runners.model.FrameworkMethod$1.runReflectiveCall(FrameworkMethod.java:59)
	at org.junit.internal.runners.model.ReflectiveCallable.run(ReflectiveCallable.java:12)
	at org.junit.runners.model.FrameworkMethod.invokeExplosively(FrameworkMethod.java:56)
	at org.junit.internal.runners.statements.RunAfters.invokeMethod(RunAfters.java:46)
	at org.junit.internal.runners.statements.RunAfters.evaluate(RunAfters.java:33)
	at org.junit.runners.ParentRunner$3.evaluate(ParentRunner.java:306)
	at org.junit.runners.BlockJUnit4ClassRunner$1.evaluate(BlockJUnit4ClassRunner.java:100)
	at org.junit.runners.ParentRunner.runLeaf(ParentRunner.java:366)
	at org.junit.runners.BlockJUnit4ClassRunner.runChild(BlockJUnit4ClassRunner.java:103)
	at org.junit.runners.BlockJUnit4ClassRunner.runChild(BlockJUnit4ClassRunner.java:63)
	at org.junit.runners.ParentRunner$4.run(ParentRunner.java:331)
	at org.junit.runners.ParentRunner$1.schedule(ParentRunner.java:79)
	at org.junit.runners.ParentRunner.runChildren(ParentRunner.java:329)
	at org.junit.runners.ParentRunner.access$100(ParentRunner.java:66)
	at org.junit.runners.ParentRunner$2.evaluate(ParentRunner.java:293)
	at org.junit.internal.runners.statements.RunBefores.evaluate(RunBefores.java:26)
	at org.junit.runners.ParentRunner$3.evaluate(ParentRunner.java:306)
	at org.junit.runners.ParentRunner.run(ParentRunner.java:413)
	at org.junit.runners.Suite.runChild(Suite.java:128)
	at org.junit.runners.Suite.runChild(Suite.java:27)
	at org.junit.runners.ParentRunner$4.run(ParentRunner.java:331)
	at org.junit.runners.ParentRunner$1.schedule(ParentRunner.java:79)
	at org.junit.runners.ParentRunner.runChildren(ParentRunner.java:329)
	at org.junit.runners.ParentRunner.access$100(ParentRunner.java:66)
	at org.junit.runners.ParentRunner$2.evaluate(ParentRunner.java:293)
	at org.junit.runners.ParentRunner$3.evaluate(ParentRunner.java:306)
	at org.junit.runners.ParentRunner.run(ParentRunner.java:413)
	at org.apache.maven.surefire.junitcore.JUnitCore.run(JUnitCore.java:55)
	at org.apache.maven.surefire.junitcore.JUnitCoreWrapper.createRequestAndRun(JUnitCoreWrapper.java:137)
	at org.apache.maven.surefire.junitcore.JUnitCoreWrapper.executeEager(JUnitCoreWrapper.java:107)
	at org.apache.maven.surefire.junitcore.JUnitCoreWrapper.execute(JUnitCoreWrapper.java:83)
	at org.apache.maven.surefire.junitcore.JUnitCoreWrapper.execute(JUnitCoreWrapper.java:75)
	at org.apache.maven.surefire.junitcore.JUnitCoreProvider.invoke(JUnitCoreProvider.java:158)
	at org.apache.maven.surefire.booter.ForkedBooter.runSuitesInProcess(ForkedBooter.java:377)
	at org.apache.maven.surefire.booter.ForkedBooter.execute(ForkedBooter.java:138)
	at org.apache.maven.surefire.booter.ForkedBooter.run(ForkedBooter.java:465)
	at org.apache.maven.surefire.booter.ForkedBooter.main(ForkedBooter.java:451)
NestedThrowablesStackTrace:
java.sql.BatchUpdateException: DELETE on table 'DBS' caused a violation of foreign key constraint 'TBLS_FK1' for key (2).  The statement has been rolled back.
	at org.apache.derby.impl.jdbc.EmbedStatement.executeLargeBatch(Unknown Source)
	at org.apache.derby.impl.jdbc.EmbedStatement.executeBatch(Unknown Source)
	at com.zaxxer.hikari.pool.ProxyStatement.executeBatch(ProxyStatement.java:128)
	at com.zaxxer.hikari.pool.HikariProxyPreparedStatement.executeBatch(HikariProxyPreparedStatement.java)
	at org.datanucleus.store.rdbms.ParamLoggingPreparedStatement.executeBatch(ParamLoggingPreparedStatement.java:366)
	at org.datanucleus.store.rdbms.SQLController.processConnectionStatement(SQLController.java:675)
	at org.datanucleus.store.rdbms.SQLController.processStatementsForConnection(SQLController.java:643)
	at org.datanucleus.store.rdbms.SQLController$1.transactionFlushed(SQLController.java:729)
	at org.datanucleus.store.connection.AbstractManagedConnection.transactionFlushed(AbstractManagedConnection.java:95)
	at org.datanucleus.store.connection.ConnectionManagerImpl$2.transactionFlushed(ConnectionManagerImpl.java:528)
	at org.datanucleus.TransactionImpl.flush(TransactionImpl.java:222)
	at org.datanucleus.TransactionImpl.commit(TransactionImpl.java:286)
	at org.datanucleus.api.jdo.JDOTransaction.commit(JDOTransaction.java:99)
	at org.apache.hadoop.hive.metastore.ObjectStore.commitTransaction(ObjectStore.java:615)
	at sun.reflect.GeneratedMethodAccessor31.invoke(Unknown Source)
	at sun.reflect.DelegatingMethodAccessorImpl.invoke(DelegatingMethodAccessorImpl.java:43)
	at java.lang.reflect.Method.invoke(Method.java:498)
	at org.apache.hadoop.hive.metastore.RawStoreProxy.invoke(RawStoreProxy.java:97)
	at com.sun.proxy.$Proxy32.commitTransaction(Unknown Source)
	at org.apache.hadoop.hive.metastore.HMSHandler.drop_database_core(HMSHandler.java:1790)
	at org.apache.hadoop.hive.metastore.HMSHandler.drop_database(HMSHandler.java:1869)
	at sun.reflect.NativeMethodAccessorImpl.invoke0(Native Method)
	at sun.reflect.NativeMethodAccessorImpl.invoke(NativeMethodAccessorImpl.java:62)
	at sun.reflect.DelegatingMethodAccessorImpl.invoke(DelegatingMethodAccessorImpl.java:43)
	at java.lang.reflect.Method.invoke(Method.java:498)
	at org.apache.hadoop.hive.metastore.RetryingHMSHandler.invokeInternal(RetryingHMSHandler.java:147)
	at org.apache.hadoop.hive.metastore.RetryingHMSHandler.invoke(RetryingHMSHandler.java:108)
	at com.sun.proxy.$Proxy35.drop_database(Unknown Source)
	at org.apache.hadoop.hive.metastore.HiveMetaStoreClient.dropDatabaseCascadePerDb(HiveMetaStoreClient.java:1601)
	at org.apache.hadoop.hive.metastore.HiveMetaStoreClient.dropDatabase(HiveMetaStoreClient.java:1532)
	at org.apache.hadoop.hive.metastore.HiveMetaStoreClient.dropDatabase(HiveMetaStoreClient.java:1485)
	at sun.reflect.NativeMethodAccessorImpl.invoke0(Native Method)
	at sun.reflect.NativeMethodAccessorImpl.invoke(NativeMethodAccessorImpl.java:62)
	at sun.reflect.DelegatingMethodAccessorImpl.invoke(DelegatingMethodAccessorImpl.java:43)
	at java.lang.reflect.Method.invoke(Method.java:498)
	at org.apache.hadoop.hive.metastore.RetryingMetaStoreClient.invoke(RetryingMetaStoreClient.java:218)
	at com.sun.proxy.$Proxy45.dropDatabase(Unknown Source)
	at org.apache.hadoop.hive.ql.metadata.Hive.dropDatabase(Hive.java:662)
	at org.apache.hadoop.hive.ql.ddl.database.drop.DropDatabaseOperation.execute(DropDatabaseOperation.java:52)
	at org.apache.hadoop.hive.ql.ddl.DDLTask.execute(DDLTask.java:84)
	at org.apache.hadoop.hive.ql.exec.Task.executeTask(Task.java:212)
	at org.apache.hadoop.hive.ql.exec.TaskRunner.runSequential(TaskRunner.java:105)
	at org.apache.hadoop.hive.ql.Executor.launchTask(Executor.java:361)
	at org.apache.hadoop.hive.ql.Executor.launchTasks(Executor.java:334)
	at org.apache.hadoop.hive.ql.Executor.runTasks(Executor.java:245)
	at org.apache.hadoop.hive.ql.Executor.execute(Executor.java:108)
	at org.apache.hadoop.hive.ql.Driver.execute(Driver.java:348)
	at org.apache.hadoop.hive.ql.Driver.runInternal(Driver.java:204)
	at org.apache.hadoop.hive.ql.Driver.run(Driver.java:153)
	at org.apache.hadoop.hive.ql.Driver.run(Driver.java:148)
	at org.apache.hadoop.hive.ql.reexec.ReExecDriver.run(ReExecDriver.java:164)
	at org.apache.hadoop.hive.ql.reexec.ReExecDriver.run(ReExecDriver.java:230)
	at org.apache.hive.hcatalog.pig.AbstractHCatLoaderTest.executeStatementOnDriver(AbstractHCatLoaderTest.java:151)
	at org.apache.hive.hcatalog.pig.AbstractHCatLoaderTest.tearDown(AbstractHCatLoaderTest.java:239)
	at sun.reflect.NativeMethodAccessorImpl.invoke0(Native Method)
	at sun.reflect.NativeMethodAccessorImpl.invoke(NativeMethodAccessorImpl.java:62)
	at sun.reflect.DelegatingMethodAccessorImpl.invoke(DelegatingMethodAccessorImpl.java:43)
	at java.lang.reflect.Method.invoke(Method.java:498)
	at org.junit.runners.model.FrameworkMethod$1.runReflectiveCall(FrameworkMethod.java:59)
	at org.junit.internal.runners.model.ReflectiveCallable.run(ReflectiveCallable.java:12)
	at org.junit.runners.model.FrameworkMethod.invokeExplosively(FrameworkMethod.java:56)
	at org.junit.internal.runners.statements.RunAfters.invokeMethod(RunAfters.java:46)
	at org.junit.internal.runners.statements.RunAfters.evaluate(RunAfters.java:33)
	at org.junit.runners.ParentRunner$3.evaluate(ParentRunner.java:306)
	at org.junit.runners.BlockJUnit4ClassRunner$1.evaluate(BlockJUnit4ClassRunner.java:100)
	at org.junit.runners.ParentRunner.runLeaf(ParentRunner.java:366)
	at org.junit.runners.BlockJUnit4ClassRunner.runChild(BlockJUnit4ClassRunner.java:103)
	at org.junit.runners.BlockJUnit4ClassRunner.runChild(BlockJUnit4ClassRunner.java:63)
	at org.junit.runners.ParentRunner$4.run(ParentRunner.java:331)
	at org.junit.runners.ParentRunner$1.schedule(ParentRunner.java:79)
	at org.junit.runners.ParentRunner.runChildren(ParentRunner.java:329)
	at org.junit.runners.ParentRunner.access$100(ParentRunner.java:66)
	at org.junit.runners.ParentRunner$2.evaluate(ParentRunner.java:293)
	at org.junit.internal.runners.statements.RunBefores.evaluate(RunBefores.java:26)
	at org.junit.runners.ParentRunner$3.evaluate(ParentRunner.java:306)
	at org.junit.runners.ParentRunner.run(ParentRunner.java:413)
	at org.junit.runners.Suite.runChild(Suite.java:128)
	at org.junit.runners.Suite.runChild(Suite.java:27)
	at org.junit.runners.ParentRunner$4.run(ParentRunner.java:331)
	at org.junit.runners.ParentRunner$1.schedule(ParentRunner.java:79)
	at org.junit.runners.ParentRunner.runChildren(ParentRunner.java:329)
	at org.junit.runners.ParentRunner.access$100(ParentRunner.java:66)
	at org.junit.runners.ParentRunner$2.evaluate(ParentRunner.java:293)
	at org.junit.runners.ParentRunner$3.evaluate(ParentRunner.java:306)
	at org.junit.runners.ParentRunner.run(ParentRunner.java:413)
	at org.apache.maven.surefire.junitcore.JUnitCore.run(JUnitCore.java:55)
	at org.apache.maven.surefire.junitcore.JUnitCoreWrapper.createRequestAndRun(JUnitCoreWrapper.java:137)
	at org.apache.maven.surefire.junitcore.JUnitCoreWrapper.executeEager(JUnitCoreWrapper.java:107)
	at org.apache.maven.surefire.junitcore.JUnitCoreWrapper.execute(JUnitCoreWrapper.java:83)
	at org.apache.maven.surefire.junitcore.JUnitCoreWrapper.execute(JUnitCoreWrapper.java:75)
	at org.apache.maven.surefire.junitcore.JUnitCoreProvider.invoke(JUnitCoreProvider.java:158)
	at org.apache.maven.surefire.booter.ForkedBooter.runSuitesInProcess(ForkedBooter.java:377)
	at org.apache.maven.surefire.booter.ForkedBooter.execute(ForkedBooter.java:138)
	at org.apache.maven.surefire.booter.ForkedBooter.run(ForkedBooter.java:465)
	at org.apache.maven.surefire.booter.ForkedBooter.main(ForkedBooter.java:451)
Caused by: org.apache.derby.shared.common.error.DerbySQLIntegrityConstraintViolationException: DELETE on table 'DBS' caused a violation of foreign key constraint 'TBLS_FK1' for key (2).  The statement has been rolled back.
	at org.apache.derby.impl.jdbc.SQLExceptionFactory.getSQLException(Unknown Source)
	at org.apache.derby.impl.jdbc.Util.generateCsSQLException(Unknown Source)
	at org.apache.derby.impl.jdbc.TransactionResourceImpl.wrapInSQLException(Unknown Source)
	at org.apache.derby.impl.jdbc.TransactionResourceImpl.handleException(Unknown Source)
	at org.apache.derby.impl.jdbc.EmbedConnection.handleException(Unknown Source)
	at org.apache.derby.impl.jdbc.ConnectionChild.handleException(Unknown Source)
	at org.apache.derby.impl.jdbc.EmbedStatement.executeStatement(Unknown Source)
	at org.apache.derby.impl.jdbc.EmbedPreparedStatement.executeBatchElement(Unknown Source)
	... 95 more
Caused by: ERROR 23503: DELETE on table 'DBS' caused a violation of foreign key constraint 'TBLS_FK1' for key (2).  The statement has been rolled back.
	at org.apache.derby.iapi.error.StandardException.newException(Unknown Source)
	at org.apache.derby.iapi.error.StandardException.newException(Unknown Source)
	at org.apache.derby.impl.sql.execute.ReferencedKeyRIChecker.doCheck(Unknown Source)
	at org.apache.derby.impl.sql.execute.RISetChecker.doPKCheck(Unknown Source)
	at org.apache.derby.impl.sql.execute.DeleteResultSet.collectAffectedRows(Unknown Source)
	at org.apache.derby.impl.sql.execute.DeleteResultSet.open(Unknown Source)
	at org.apache.derby.impl.sql.GenericPreparedStatement.executeStmt(Unknown Source)
	at org.apache.derby.impl.sql.GenericPreparedStatement.execute(Unknown Source)
	... 97 more

2024-04-24T11:27:30,527  INFO [main] HiveMetaStore.audit: ugi=alex	ip=unknown-ip-addr	cmd=drop_database: @hive#junit_specific_db	
2024-04-24T11:27:30,532  INFO [main] HiveMetaStore.audit: ugi=alex	ip=unknown-ip-addr	cmd=get_all_tables: db=@hive#junit_specific_db	
2024-04-24T11:27:30,532  INFO [main] HiveMetaStore.audit: ugi=alex	ip=unknown-ip-addr	cmd=get_functions: db=@hive#junit_specific_db pat=*	
2024-04-24T11:27:30,535  INFO [main] HiveMetaStore.audit: ugi=alex	ip=unknown-ip-addr	cmd=get_all_stored_procedures	
2024-04-24T11:27:30,536  INFO [main] HiveMetaStore.audit: ugi=alex	ip=unknown-ip-addr	cmd=get_all_packages	
2024-04-24T11:27:30,538  INFO [main] HiveMetaStore.audit: ugi=alex	ip=unknown-ip-addr	cmd=getTablesByTypeCore: catName=hive: db=junit_specific_db pat=.*,type=MATERIALIZED_VIEW	
2024-04-24T11:27:30,542  INFO [main] metastore.ObjectStore: Dropping database hive.junit_specific_db along with all tables
2024-04-24T11:27:30,547  INFO [main] txn.TxnHandler: Non-retryable error in cleanupRecords : Table/View 'TXN_COMPONENTS' does not exist. (SQLState=42X05, ErrorCode=20000)
2024-04-24T11:27:30,547  WARN [main] txn.TxnHandler: Cannot perform cleanup since metastore table does not exist
2024-04-24T11:27:30,549 ERROR [main] metastore.RetryingHMSHandler: HMSHandler Fatal error: javax.jdo.JDODataStoreException: Exception thrown flushing changes to datastore
	at org.datanucleus.api.jdo.NucleusJDOHelper.getJDOExceptionForNucleusException(NucleusJDOHelper.java:542)
	at org.datanucleus.api.jdo.JDOTransaction.commit(JDOTransaction.java:162)
	at org.apache.hadoop.hive.metastore.ObjectStore.commitTransaction(ObjectStore.java:615)
	at sun.reflect.GeneratedMethodAccessor31.invoke(Unknown Source)
	at sun.reflect.DelegatingMethodAccessorImpl.invoke(DelegatingMethodAccessorImpl.java:43)
	at java.lang.reflect.Method.invoke(Method.java:498)
	at org.apache.hadoop.hive.metastore.RawStoreProxy.invoke(RawStoreProxy.java:97)
	at com.sun.proxy.$Proxy32.commitTransaction(Unknown Source)
	at org.apache.hadoop.hive.metastore.HMSHandler.drop_database_core(HMSHandler.java:1790)
	at org.apache.hadoop.hive.metastore.HMSHandler.drop_database(HMSHandler.java:1869)
	at sun.reflect.NativeMethodAccessorImpl.invoke0(Native Method)
	at sun.reflect.NativeMethodAccessorImpl.invoke(NativeMethodAccessorImpl.java:62)
	at sun.reflect.DelegatingMethodAccessorImpl.invoke(DelegatingMethodAccessorImpl.java:43)
	at java.lang.reflect.Method.invoke(Method.java:498)
	at org.apache.hadoop.hive.metastore.RetryingHMSHandler.invokeInternal(RetryingHMSHandler.java:147)
	at org.apache.hadoop.hive.metastore.RetryingHMSHandler.invoke(RetryingHMSHandler.java:108)
	at com.sun.proxy.$Proxy35.drop_database(Unknown Source)
	at org.apache.hadoop.hive.metastore.HiveMetaStoreClient.dropDatabaseCascadePerDb(HiveMetaStoreClient.java:1601)
	at org.apache.hadoop.hive.metastore.HiveMetaStoreClient.dropDatabase(HiveMetaStoreClient.java:1532)
	at org.apache.hadoop.hive.metastore.HiveMetaStoreClient.dropDatabase(HiveMetaStoreClient.java:1485)
	at sun.reflect.NativeMethodAccessorImpl.invoke0(Native Method)
	at sun.reflect.NativeMethodAccessorImpl.invoke(NativeMethodAccessorImpl.java:62)
	at sun.reflect.DelegatingMethodAccessorImpl.invoke(DelegatingMethodAccessorImpl.java:43)
	at java.lang.reflect.Method.invoke(Method.java:498)
	at org.apache.hadoop.hive.metastore.RetryingMetaStoreClient.invoke(RetryingMetaStoreClient.java:218)
	at com.sun.proxy.$Proxy45.dropDatabase(Unknown Source)
	at org.apache.hadoop.hive.ql.metadata.Hive.dropDatabase(Hive.java:662)
	at org.apache.hadoop.hive.ql.ddl.database.drop.DropDatabaseOperation.execute(DropDatabaseOperation.java:52)
	at org.apache.hadoop.hive.ql.ddl.DDLTask.execute(DDLTask.java:84)
	at org.apache.hadoop.hive.ql.exec.Task.executeTask(Task.java:212)
	at org.apache.hadoop.hive.ql.exec.TaskRunner.runSequential(TaskRunner.java:105)
	at org.apache.hadoop.hive.ql.Executor.launchTask(Executor.java:361)
	at org.apache.hadoop.hive.ql.Executor.launchTasks(Executor.java:334)
	at org.apache.hadoop.hive.ql.Executor.runTasks(Executor.java:245)
	at org.apache.hadoop.hive.ql.Executor.execute(Executor.java:108)
	at org.apache.hadoop.hive.ql.Driver.execute(Driver.java:348)
	at org.apache.hadoop.hive.ql.Driver.runInternal(Driver.java:204)
	at org.apache.hadoop.hive.ql.Driver.run(Driver.java:153)
	at org.apache.hadoop.hive.ql.Driver.run(Driver.java:148)
	at org.apache.hadoop.hive.ql.reexec.ReExecDriver.run(ReExecDriver.java:164)
	at org.apache.hadoop.hive.ql.reexec.ReExecDriver.run(ReExecDriver.java:230)
	at org.apache.hive.hcatalog.pig.AbstractHCatLoaderTest.executeStatementOnDriver(AbstractHCatLoaderTest.java:151)
	at org.apache.hive.hcatalog.pig.AbstractHCatLoaderTest.tearDown(AbstractHCatLoaderTest.java:239)
	at sun.reflect.NativeMethodAccessorImpl.invoke0(Native Method)
	at sun.reflect.NativeMethodAccessorImpl.invoke(NativeMethodAccessorImpl.java:62)
	at sun.reflect.DelegatingMethodAccessorImpl.invoke(DelegatingMethodAccessorImpl.java:43)
	at java.lang.reflect.Method.invoke(Method.java:498)
	at org.junit.runners.model.FrameworkMethod$1.runReflectiveCall(FrameworkMethod.java:59)
	at org.junit.internal.runners.model.ReflectiveCallable.run(ReflectiveCallable.java:12)
	at org.junit.runners.model.FrameworkMethod.invokeExplosively(FrameworkMethod.java:56)
	at org.junit.internal.runners.statements.RunAfters.invokeMethod(RunAfters.java:46)
	at org.junit.internal.runners.statements.RunAfters.evaluate(RunAfters.java:33)
	at org.junit.runners.ParentRunner$3.evaluate(ParentRunner.java:306)
	at org.junit.runners.BlockJUnit4ClassRunner$1.evaluate(BlockJUnit4ClassRunner.java:100)
	at org.junit.runners.ParentRunner.runLeaf(ParentRunner.java:366)
	at org.junit.runners.BlockJUnit4ClassRunner.runChild(BlockJUnit4ClassRunner.java:103)
	at org.junit.runners.BlockJUnit4ClassRunner.runChild(BlockJUnit4ClassRunner.java:63)
	at org.junit.runners.ParentRunner$4.run(ParentRunner.java:331)
	at org.junit.runners.ParentRunner$1.schedule(ParentRunner.java:79)
	at org.junit.runners.ParentRunner.runChildren(ParentRunner.java:329)
	at org.junit.runners.ParentRunner.access$100(ParentRunner.java:66)
	at org.junit.runners.ParentRunner$2.evaluate(ParentRunner.java:293)
	at org.junit.internal.runners.statements.RunBefores.evaluate(RunBefores.java:26)
	at org.junit.runners.ParentRunner$3.evaluate(ParentRunner.java:306)
	at org.junit.runners.ParentRunner.run(ParentRunner.java:413)
	at org.junit.runners.Suite.runChild(Suite.java:128)
	at org.junit.runners.Suite.runChild(Suite.java:27)
	at org.junit.runners.ParentRunner$4.run(ParentRunner.java:331)
	at org.junit.runners.ParentRunner$1.schedule(ParentRunner.java:79)
	at org.junit.runners.ParentRunner.runChildren(ParentRunner.java:329)
	at org.junit.runners.ParentRunner.access$100(ParentRunner.java:66)
	at org.junit.runners.ParentRunner$2.evaluate(ParentRunner.java:293)
	at org.junit.runners.ParentRunner$3.evaluate(ParentRunner.java:306)
	at org.junit.runners.ParentRunner.run(ParentRunner.java:413)
	at org.apache.maven.surefire.junitcore.JUnitCore.run(JUnitCore.java:55)
	at org.apache.maven.surefire.junitcore.JUnitCoreWrapper.createRequestAndRun(JUnitCoreWrapper.java:137)
	at org.apache.maven.surefire.junitcore.JUnitCoreWrapper.executeEager(JUnitCoreWrapper.java:107)
	at org.apache.maven.surefire.junitcore.JUnitCoreWrapper.execute(JUnitCoreWrapper.java:83)
	at org.apache.maven.surefire.junitcore.JUnitCoreWrapper.execute(JUnitCoreWrapper.java:75)
	at org.apache.maven.surefire.junitcore.JUnitCoreProvider.invoke(JUnitCoreProvider.java:158)
	at org.apache.maven.surefire.booter.ForkedBooter.runSuitesInProcess(ForkedBooter.java:377)
	at org.apache.maven.surefire.booter.ForkedBooter.execute(ForkedBooter.java:138)
	at org.apache.maven.surefire.booter.ForkedBooter.run(ForkedBooter.java:465)
	at org.apache.maven.surefire.booter.ForkedBooter.main(ForkedBooter.java:451)
NestedThrowablesStackTrace:
java.sql.BatchUpdateException: DELETE on table 'DBS' caused a violation of foreign key constraint 'TBLS_FK1' for key (2).  The statement has been rolled back.
	at org.apache.derby.impl.jdbc.EmbedStatement.executeLargeBatch(Unknown Source)
	at org.apache.derby.impl.jdbc.EmbedStatement.executeBatch(Unknown Source)
	at com.zaxxer.hikari.pool.ProxyStatement.executeBatch(ProxyStatement.java:128)
	at com.zaxxer.hikari.pool.HikariProxyPreparedStatement.executeBatch(HikariProxyPreparedStatement.java)
	at org.datanucleus.store.rdbms.ParamLoggingPreparedStatement.executeBatch(ParamLoggingPreparedStatement.java:366)
	at org.datanucleus.store.rdbms.SQLController.processConnectionStatement(SQLController.java:675)
	at org.datanucleus.store.rdbms.SQLController.processStatementsForConnection(SQLController.java:643)
	at org.datanucleus.store.rdbms.SQLController$1.transactionFlushed(SQLController.java:729)
	at org.datanucleus.store.connection.AbstractManagedConnection.transactionFlushed(AbstractManagedConnection.java:95)
	at org.datanucleus.store.connection.ConnectionManagerImpl$2.transactionFlushed(ConnectionManagerImpl.java:528)
	at org.datanucleus.TransactionImpl.flush(TransactionImpl.java:222)
	at org.datanucleus.TransactionImpl.commit(TransactionImpl.java:286)
	at org.datanucleus.api.jdo.JDOTransaction.commit(JDOTransaction.java:99)
	at org.apache.hadoop.hive.metastore.ObjectStore.commitTransaction(ObjectStore.java:615)
	at sun.reflect.GeneratedMethodAccessor31.invoke(Unknown Source)
	at sun.reflect.DelegatingMethodAccessorImpl.invoke(DelegatingMethodAccessorImpl.java:43)
	at java.lang.reflect.Method.invoke(Method.java:498)
	at org.apache.hadoop.hive.metastore.RawStoreProxy.invoke(RawStoreProxy.java:97)
	at com.sun.proxy.$Proxy32.commitTransaction(Unknown Source)
	at org.apache.hadoop.hive.metastore.HMSHandler.drop_database_core(HMSHandler.java:1790)
	at org.apache.hadoop.hive.metastore.HMSHandler.drop_database(HMSHandler.java:1869)
	at sun.reflect.NativeMethodAccessorImpl.invoke0(Native Method)
	at sun.reflect.NativeMethodAccessorImpl.invoke(NativeMethodAccessorImpl.java:62)
	at sun.reflect.DelegatingMethodAccessorImpl.invoke(DelegatingMethodAccessorImpl.java:43)
	at java.lang.reflect.Method.invoke(Method.java:498)
	at org.apache.hadoop.hive.metastore.RetryingHMSHandler.invokeInternal(RetryingHMSHandler.java:147)
	at org.apache.hadoop.hive.metastore.RetryingHMSHandler.invoke(RetryingHMSHandler.java:108)
	at com.sun.proxy.$Proxy35.drop_database(Unknown Source)
	at org.apache.hadoop.hive.metastore.HiveMetaStoreClient.dropDatabaseCascadePerDb(HiveMetaStoreClient.java:1601)
	at org.apache.hadoop.hive.metastore.HiveMetaStoreClient.dropDatabase(HiveMetaStoreClient.java:1532)
	at org.apache.hadoop.hive.metastore.HiveMetaStoreClient.dropDatabase(HiveMetaStoreClient.java:1485)
	at sun.reflect.NativeMethodAccessorImpl.invoke0(Native Method)
	at sun.reflect.NativeMethodAccessorImpl.invoke(NativeMethodAccessorImpl.java:62)
	at sun.reflect.DelegatingMethodAccessorImpl.invoke(DelegatingMethodAccessorImpl.java:43)
	at java.lang.reflect.Method.invoke(Method.java:498)
	at org.apache.hadoop.hive.metastore.RetryingMetaStoreClient.invoke(RetryingMetaStoreClient.java:218)
	at com.sun.proxy.$Proxy45.dropDatabase(Unknown Source)
	at org.apache.hadoop.hive.ql.metadata.Hive.dropDatabase(Hive.java:662)
	at org.apache.hadoop.hive.ql.ddl.database.drop.DropDatabaseOperation.execute(DropDatabaseOperation.java:52)
	at org.apache.hadoop.hive.ql.ddl.DDLTask.execute(DDLTask.java:84)
	at org.apache.hadoop.hive.ql.exec.Task.executeTask(Task.java:212)
	at org.apache.hadoop.hive.ql.exec.TaskRunner.runSequential(TaskRunner.java:105)
	at org.apache.hadoop.hive.ql.Executor.launchTask(Executor.java:361)
	at org.apache.hadoop.hive.ql.Executor.launchTasks(Executor.java:334)
	at org.apache.hadoop.hive.ql.Executor.runTasks(Executor.java:245)
	at org.apache.hadoop.hive.ql.Executor.execute(Executor.java:108)
	at org.apache.hadoop.hive.ql.Driver.execute(Driver.java:348)
	at org.apache.hadoop.hive.ql.Driver.runInternal(Driver.java:204)
	at org.apache.hadoop.hive.ql.Driver.run(Driver.java:153)
	at org.apache.hadoop.hive.ql.Driver.run(Driver.java:148)
	at org.apache.hadoop.hive.ql.reexec.ReExecDriver.run(ReExecDriver.java:164)
	at org.apache.hadoop.hive.ql.reexec.ReExecDriver.run(ReExecDriver.java:230)
	at org.apache.hive.hcatalog.pig.AbstractHCatLoaderTest.executeStatementOnDriver(AbstractHCatLoaderTest.java:151)
	at org.apache.hive.hcatalog.pig.AbstractHCatLoaderTest.tearDown(AbstractHCatLoaderTest.java:239)
	at sun.reflect.NativeMethodAccessorImpl.invoke0(Native Method)
	at sun.reflect.NativeMethodAccessorImpl.invoke(NativeMethodAccessorImpl.java:62)
	at sun.reflect.DelegatingMethodAccessorImpl.invoke(DelegatingMethodAccessorImpl.java:43)
	at java.lang.reflect.Method.invoke(Method.java:498)
	at org.junit.runners.model.FrameworkMethod$1.runReflectiveCall(FrameworkMethod.java:59)
	at org.junit.internal.runners.model.ReflectiveCallable.run(ReflectiveCallable.java:12)
	at org.junit.runners.model.FrameworkMethod.invokeExplosively(FrameworkMethod.java:56)
	at org.junit.internal.runners.statements.RunAfters.invokeMethod(RunAfters.java:46)
	at org.junit.internal.runners.statements.RunAfters.evaluate(RunAfters.java:33)
	at org.junit.runners.ParentRunner$3.evaluate(ParentRunner.java:306)
	at org.junit.runners.BlockJUnit4ClassRunner$1.evaluate(BlockJUnit4ClassRunner.java:100)
	at org.junit.runners.ParentRunner.runLeaf(ParentRunner.java:366)
	at org.junit.runners.BlockJUnit4ClassRunner.runChild(BlockJUnit4ClassRunner.java:103)
	at org.junit.runners.BlockJUnit4ClassRunner.runChild(BlockJUnit4ClassRunner.java:63)
	at org.junit.runners.ParentRunner$4.run(ParentRunner.java:331)
	at org.junit.runners.ParentRunner$1.schedule(ParentRunner.java:79)
	at org.junit.runners.ParentRunner.runChildren(ParentRunner.java:329)
	at org.junit.runners.ParentRunner.access$100(ParentRunner.java:66)
	at org.junit.runners.ParentRunner$2.evaluate(ParentRunner.java:293)
	at org.junit.internal.runners.statements.RunBefores.evaluate(RunBefores.java:26)
	at org.junit.runners.ParentRunner$3.evaluate(ParentRunner.java:306)
	at org.junit.runners.ParentRunner.run(ParentRunner.java:413)
	at org.junit.runners.Suite.runChild(Suite.java:128)
	at org.junit.runners.Suite.runChild(Suite.java:27)
	at org.junit.runners.ParentRunner$4.run(ParentRunner.java:331)
	at org.junit.runners.ParentRunner$1.schedule(ParentRunner.java:79)
	at org.junit.runners.ParentRunner.runChildren(ParentRunner.java:329)
	at org.junit.runners.ParentRunner.access$100(ParentRunner.java:66)
	at org.junit.runners.ParentRunner$2.evaluate(ParentRunner.java:293)
	at org.junit.runners.ParentRunner$3.evaluate(ParentRunner.java:306)
	at org.junit.runners.ParentRunner.run(ParentRunner.java:413)
	at org.apache.maven.surefire.junitcore.JUnitCore.run(JUnitCore.java:55)
	at org.apache.maven.surefire.junitcore.JUnitCoreWrapper.createRequestAndRun(JUnitCoreWrapper.java:137)
	at org.apache.maven.surefire.junitcore.JUnitCoreWrapper.executeEager(JUnitCoreWrapper.java:107)
	at org.apache.maven.surefire.junitcore.JUnitCoreWrapper.execute(JUnitCoreWrapper.java:83)
	at org.apache.maven.surefire.junitcore.JUnitCoreWrapper.execute(JUnitCoreWrapper.java:75)
	at org.apache.maven.surefire.junitcore.JUnitCoreProvider.invoke(JUnitCoreProvider.java:158)
	at org.apache.maven.surefire.booter.ForkedBooter.runSuitesInProcess(ForkedBooter.java:377)
	at org.apache.maven.surefire.booter.ForkedBooter.execute(ForkedBooter.java:138)
	at org.apache.maven.surefire.booter.ForkedBooter.run(ForkedBooter.java:465)
	at org.apache.maven.surefire.booter.ForkedBooter.main(ForkedBooter.java:451)
Caused by: org.apache.derby.shared.common.error.DerbySQLIntegrityConstraintViolationException: DELETE on table 'DBS' caused a violation of foreign key constraint 'TBLS_FK1' for key (2).  The statement has been rolled back.
	at org.apache.derby.impl.jdbc.SQLExceptionFactory.getSQLException(Unknown Source)
	at org.apache.derby.impl.jdbc.Util.generateCsSQLException(Unknown Source)
	at org.apache.derby.impl.jdbc.TransactionResourceImpl.wrapInSQLException(Unknown Source)
	at org.apache.derby.impl.jdbc.TransactionResourceImpl.handleException(Unknown Source)
	at org.apache.derby.impl.jdbc.EmbedConnection.handleException(Unknown Source)
	at org.apache.derby.impl.jdbc.ConnectionChild.handleException(Unknown Source)
	at org.apache.derby.impl.jdbc.EmbedStatement.executeStatement(Unknown Source)
	at org.apache.derby.impl.jdbc.EmbedPreparedStatement.executeBatchElement(Unknown Source)
	... 95 more
Caused by: ERROR 23503: DELETE on table 'DBS' caused a violation of foreign key constraint 'TBLS_FK1' for key (2).  The statement has been rolled back.
	at org.apache.derby.iapi.error.StandardException.newException(Unknown Source)
	at org.apache.derby.iapi.error.StandardException.newException(Unknown Source)
	at org.apache.derby.impl.sql.execute.ReferencedKeyRIChecker.doCheck(Unknown Source)
	at org.apache.derby.impl.sql.execute.RISetChecker.doPKCheck(Unknown Source)
	at org.apache.derby.impl.sql.execute.DeleteResultSet.collectAffectedRows(Unknown Source)
	at org.apache.derby.impl.sql.execute.DeleteResultSet.open(Unknown Source)
	at org.apache.derby.impl.sql.GenericPreparedStatement.executeStmt(Unknown Source)
	at org.apache.derby.impl.sql.GenericPreparedStatement.execute(Unknown Source)
	... 97 more

2024-04-24T11:27:30,561 ERROR [main] exec.Task: Failed
org.apache.hadoop.hive.ql.metadata.HiveException: MetaException(message:javax.jdo.JDODataStoreException: Exception thrown flushing changes to datastore
NestedThrowables:
java.sql.BatchUpdateException: DELETE on table 'DBS' caused a violation of foreign key constraint 'TBLS_FK1' for key (2).  The statement has been rolled back.)
	at org.apache.hadoop.hive.ql.metadata.Hive.dropDatabase(Hive.java:666) ~[classes/:?]
	at org.apache.hadoop.hive.ql.ddl.database.drop.DropDatabaseOperation.execute(DropDatabaseOperation.java:52) ~[classes/:?]
	at org.apache.hadoop.hive.ql.ddl.DDLTask.execute(DDLTask.java:84) [classes/:?]
	at org.apache.hadoop.hive.ql.exec.Task.executeTask(Task.java:212) [classes/:?]
	at org.apache.hadoop.hive.ql.exec.TaskRunner.runSequential(TaskRunner.java:105) [classes/:?]
	at org.apache.hadoop.hive.ql.Executor.launchTask(Executor.java:361) [classes/:?]
	at org.apache.hadoop.hive.ql.Executor.launchTasks(Executor.java:334) [classes/:?]
	at org.apache.hadoop.hive.ql.Executor.runTasks(Executor.java:245) [classes/:?]
	at org.apache.hadoop.hive.ql.Executor.execute(Executor.java:108) [classes/:?]
	at org.apache.hadoop.hive.ql.Driver.execute(Driver.java:348) [classes/:?]
	at org.apache.hadoop.hive.ql.Driver.runInternal(Driver.java:204) [classes/:?]
	at org.apache.hadoop.hive.ql.Driver.run(Driver.java:153) [classes/:?]
	at org.apache.hadoop.hive.ql.Driver.run(Driver.java:148) [classes/:?]
	at org.apache.hadoop.hive.ql.reexec.ReExecDriver.run(ReExecDriver.java:164) [classes/:?]
	at org.apache.hadoop.hive.ql.reexec.ReExecDriver.run(ReExecDriver.java:230) [classes/:?]
	at org.apache.hive.hcatalog.pig.AbstractHCatLoaderTest.executeStatementOnDriver(AbstractHCatLoaderTest.java:151) [test-classes/:?]
	at org.apache.hive.hcatalog.pig.AbstractHCatLoaderTest.tearDown(AbstractHCatLoaderTest.java:239) [test-classes/:?]
	at sun.reflect.NativeMethodAccessorImpl.invoke0(Native Method) ~[?:1.8.0_402]
	at sun.reflect.NativeMethodAccessorImpl.invoke(NativeMethodAccessorImpl.java:62) ~[?:1.8.0_402]
	at sun.reflect.DelegatingMethodAccessorImpl.invoke(DelegatingMethodAccessorImpl.java:43) ~[?:1.8.0_402]
	at java.lang.reflect.Method.invoke(Method.java:498) ~[?:1.8.0_402]
	at org.junit.runners.model.FrameworkMethod$1.runReflectiveCall(FrameworkMethod.java:59) [junit-4.13.jar:4.13]
	at org.junit.internal.runners.model.ReflectiveCallable.run(ReflectiveCallable.java:12) [junit-4.13.jar:4.13]
	at org.junit.runners.model.FrameworkMethod.invokeExplosively(FrameworkMethod.java:56) [junit-4.13.jar:4.13]
	at org.junit.internal.runners.statements.RunAfters.invokeMethod(RunAfters.java:46) [junit-4.13.jar:4.13]
	at org.junit.internal.runners.statements.RunAfters.evaluate(RunAfters.java:33) [junit-4.13.jar:4.13]
	at org.junit.runners.ParentRunner$3.evaluate(ParentRunner.java:306) [junit-4.13.jar:4.13]
	at org.junit.runners.BlockJUnit4ClassRunner$1.evaluate(BlockJUnit4ClassRunner.java:100) [junit-4.13.jar:4.13]
	at org.junit.runners.ParentRunner.runLeaf(ParentRunner.java:366) [junit-4.13.jar:4.13]
	at org.junit.runners.BlockJUnit4ClassRunner.runChild(BlockJUnit4ClassRunner.java:103) [junit-4.13.jar:4.13]
	at org.junit.runners.BlockJUnit4ClassRunner.runChild(BlockJUnit4ClassRunner.java:63) [junit-4.13.jar:4.13]
	at org.junit.runners.ParentRunner$4.run(ParentRunner.java:331) [junit-4.13.jar:4.13]
	at org.junit.runners.ParentRunner$1.schedule(ParentRunner.java:79) [junit-4.13.jar:4.13]
	at org.junit.runners.ParentRunner.runChildren(ParentRunner.java:329) [junit-4.13.jar:4.13]
	at org.junit.runners.ParentRunner.access$100(ParentRunner.java:66) [junit-4.13.jar:4.13]
	at org.junit.runners.ParentRunner$2.evaluate(ParentRunner.java:293) [junit-4.13.jar:4.13]
	at org.junit.internal.runners.statements.RunBefores.evaluate(RunBefores.java:26) [junit-4.13.jar:4.13]
	at org.junit.runners.ParentRunner$3.evaluate(ParentRunner.java:306) [junit-4.13.jar:4.13]
	at org.junit.runners.ParentRunner.run(ParentRunner.java:413) [junit-4.13.jar:4.13]
	at org.junit.runners.Suite.runChild(Suite.java:128) [junit-4.13.jar:4.13]
	at org.junit.runners.Suite.runChild(Suite.java:27) [junit-4.13.jar:4.13]
	at org.junit.runners.ParentRunner$4.run(ParentRunner.java:331) [junit-4.13.jar:4.13]
	at org.junit.runners.ParentRunner$1.schedule(ParentRunner.java:79) [junit-4.13.jar:4.13]
	at org.junit.runners.ParentRunner.runChildren(ParentRunner.java:329) [junit-4.13.jar:4.13]
	at org.junit.runners.ParentRunner.access$100(ParentRunner.java:66) [junit-4.13.jar:4.13]
	at org.junit.runners.ParentRunner$2.evaluate(ParentRunner.java:293) [junit-4.13.jar:4.13]
	at org.junit.runners.ParentRunner$3.evaluate(ParentRunner.java:306) [junit-4.13.jar:4.13]
	at org.junit.runners.ParentRunner.run(ParentRunner.java:413) [junit-4.13.jar:4.13]
	at org.apache.maven.surefire.junitcore.JUnitCore.run(JUnitCore.java:55) [surefire-junit47-3.0.0-M4.jar:3.0.0-M4]
	at org.apache.maven.surefire.junitcore.JUnitCoreWrapper.createRequestAndRun(JUnitCoreWrapper.java:137) [surefire-junit47-3.0.0-M4.jar:3.0.0-M4]
	at org.apache.maven.surefire.junitcore.JUnitCoreWrapper.executeEager(JUnitCoreWrapper.java:107) [surefire-junit47-3.0.0-M4.jar:3.0.0-M4]
	at org.apache.maven.surefire.junitcore.JUnitCoreWrapper.execute(JUnitCoreWrapper.java:83) [surefire-junit47-3.0.0-M4.jar:3.0.0-M4]
	at org.apache.maven.surefire.junitcore.JUnitCoreWrapper.execute(JUnitCoreWrapper.java:75) [surefire-junit47-3.0.0-M4.jar:3.0.0-M4]
	at org.apache.maven.surefire.junitcore.JUnitCoreProvider.invoke(JUnitCoreProvider.java:158) [surefire-junit47-3.0.0-M4.jar:3.0.0-M4]
	at org.apache.maven.surefire.booter.ForkedBooter.runSuitesInProcess(ForkedBooter.java:377) [surefire-booter-3.0.0-M4.jar:3.0.0-M4]
	at org.apache.maven.surefire.booter.ForkedBooter.execute(ForkedBooter.java:138) [surefire-booter-3.0.0-M4.jar:3.0.0-M4]
	at org.apache.maven.surefire.booter.ForkedBooter.run(ForkedBooter.java:465) [surefire-booter-3.0.0-M4.jar:3.0.0-M4]
	at org.apache.maven.surefire.booter.ForkedBooter.main(ForkedBooter.java:451) [surefire-booter-3.0.0-M4.jar:3.0.0-M4]
Caused by: org.apache.hadoop.hive.metastore.api.MetaException: javax.jdo.JDODataStoreException: Exception thrown flushing changes to datastore
NestedThrowables:
java.sql.BatchUpdateException: DELETE on table 'DBS' caused a violation of foreign key constraint 'TBLS_FK1' for key (2).  The statement has been rolled back.
	at org.apache.hadoop.hive.metastore.RetryingHMSHandler.invokeInternal(RetryingHMSHandler.java:209) ~[classes/:?]
	at org.apache.hadoop.hive.metastore.RetryingHMSHandler.invoke(RetryingHMSHandler.java:108) ~[classes/:?]
	at com.sun.proxy.$Proxy35.drop_database(Unknown Source) ~[?:?]
	at org.apache.hadoop.hive.metastore.HiveMetaStoreClient.dropDatabaseCascadePerDb(HiveMetaStoreClient.java:1601) ~[classes/:?]
	at org.apache.hadoop.hive.metastore.HiveMetaStoreClient.dropDatabase(HiveMetaStoreClient.java:1532) ~[classes/:?]
	at org.apache.hadoop.hive.metastore.HiveMetaStoreClient.dropDatabase(HiveMetaStoreClient.java:1485) ~[classes/:?]
	at sun.reflect.NativeMethodAccessorImpl.invoke0(Native Method) ~[?:1.8.0_402]
	at sun.reflect.NativeMethodAccessorImpl.invoke(NativeMethodAccessorImpl.java:62) ~[?:1.8.0_402]
	at sun.reflect.DelegatingMethodAccessorImpl.invoke(DelegatingMethodAccessorImpl.java:43) ~[?:1.8.0_402]
	at java.lang.reflect.Method.invoke(Method.java:498) ~[?:1.8.0_402]
	at org.apache.hadoop.hive.metastore.RetryingMetaStoreClient.invoke(RetryingMetaStoreClient.java:218) ~[classes/:?]
	at com.sun.proxy.$Proxy45.dropDatabase(Unknown Source) ~[?:?]
	at org.apache.hadoop.hive.ql.metadata.Hive.dropDatabase(Hive.java:662) ~[classes/:?]
	... 57 more
Caused by: javax.jdo.JDODataStoreException: Exception thrown flushing changes to datastore
	at org.datanucleus.api.jdo.NucleusJDOHelper.getJDOExceptionForNucleusException(NucleusJDOHelper.java:542) ~[datanucleus-api-jdo-5.2.4.jar:?]
	at org.datanucleus.api.jdo.JDOTransaction.commit(JDOTransaction.java:162) ~[datanucleus-api-jdo-5.2.4.jar:?]
	at org.apache.hadoop.hive.metastore.ObjectStore.commitTransaction(ObjectStore.java:615) ~[classes/:?]
	at sun.reflect.GeneratedMethodAccessor31.invoke(Unknown Source) ~[?:?]
	at sun.reflect.DelegatingMethodAccessorImpl.invoke(DelegatingMethodAccessorImpl.java:43) ~[?:1.8.0_402]
	at java.lang.reflect.Method.invoke(Method.java:498) ~[?:1.8.0_402]
	at org.apache.hadoop.hive.metastore.RawStoreProxy.invoke(RawStoreProxy.java:97) ~[classes/:?]
	at com.sun.proxy.$Proxy32.commitTransaction(Unknown Source) ~[?:?]
	at org.apache.hadoop.hive.metastore.HMSHandler.drop_database_core(HMSHandler.java:1790) ~[classes/:?]
	at org.apache.hadoop.hive.metastore.HMSHandler.drop_database(HMSHandler.java:1869) ~[classes/:?]
	at sun.reflect.NativeMethodAccessorImpl.invoke0(Native Method) ~[?:1.8.0_402]
	at sun.reflect.NativeMethodAccessorImpl.invoke(NativeMethodAccessorImpl.java:62) ~[?:1.8.0_402]
	at sun.reflect.DelegatingMethodAccessorImpl.invoke(DelegatingMethodAccessorImpl.java:43) ~[?:1.8.0_402]
	at java.lang.reflect.Method.invoke(Method.java:498) ~[?:1.8.0_402]
	at org.apache.hadoop.hive.metastore.RetryingHMSHandler.invokeInternal(RetryingHMSHandler.java:147) ~[classes/:?]
	at org.apache.hadoop.hive.metastore.RetryingHMSHandler.invoke(RetryingHMSHandler.java:108) ~[classes/:?]
	at com.sun.proxy.$Proxy35.drop_database(Unknown Source) ~[?:?]
	at org.apache.hadoop.hive.metastore.HiveMetaStoreClient.dropDatabaseCascadePerDb(HiveMetaStoreClient.java:1601) ~[classes/:?]
	at org.apache.hadoop.hive.metastore.HiveMetaStoreClient.dropDatabase(HiveMetaStoreClient.java:1532) ~[classes/:?]
	at org.apache.hadoop.hive.metastore.HiveMetaStoreClient.dropDatabase(HiveMetaStoreClient.java:1485) ~[classes/:?]
	at sun.reflect.NativeMethodAccessorImpl.invoke0(Native Method) ~[?:1.8.0_402]
	at sun.reflect.NativeMethodAccessorImpl.invoke(NativeMethodAccessorImpl.java:62) ~[?:1.8.0_402]
	at sun.reflect.DelegatingMethodAccessorImpl.invoke(DelegatingMethodAccessorImpl.java:43) ~[?:1.8.0_402]
	at java.lang.reflect.Method.invoke(Method.java:498) ~[?:1.8.0_402]
	at org.apache.hadoop.hive.metastore.RetryingMetaStoreClient.invoke(RetryingMetaStoreClient.java:218) ~[classes/:?]
	at com.sun.proxy.$Proxy45.dropDatabase(Unknown Source) ~[?:?]
	at org.apache.hadoop.hive.ql.metadata.Hive.dropDatabase(Hive.java:662) ~[classes/:?]
	... 57 more
Caused by: java.sql.BatchUpdateException: DELETE on table 'DBS' caused a violation of foreign key constraint 'TBLS_FK1' for key (2).  The statement has been rolled back.
	at org.apache.derby.impl.jdbc.EmbedStatement.executeLargeBatch(Unknown Source) ~[derby-10.14.1.0.jar:?]
	at org.apache.derby.impl.jdbc.EmbedStatement.executeBatch(Unknown Source) ~[derby-10.14.1.0.jar:?]
	at com.zaxxer.hikari.pool.ProxyStatement.executeBatch(ProxyStatement.java:128) ~[HikariCP-java7-2.4.12.jar:?]
	at com.zaxxer.hikari.pool.HikariProxyPreparedStatement.executeBatch(HikariProxyPreparedStatement.java) ~[HikariCP-java7-2.4.12.jar:?]
	at org.datanucleus.store.rdbms.ParamLoggingPreparedStatement.executeBatch(ParamLoggingPreparedStatement.java:366) ~[datanucleus-rdbms-5.2.4.jar:?]
	at org.datanucleus.store.rdbms.SQLController.processConnectionStatement(SQLController.java:675) ~[datanucleus-rdbms-5.2.4.jar:?]
	at org.datanucleus.store.rdbms.SQLController.processStatementsForConnection(SQLController.java:643) ~[datanucleus-rdbms-5.2.4.jar:?]
	at org.datanucleus.store.rdbms.SQLController$1.transactionFlushed(SQLController.java:729) ~[datanucleus-rdbms-5.2.4.jar:?]
	at org.datanucleus.store.connection.AbstractManagedConnection.transactionFlushed(AbstractManagedConnection.java:95) ~[datanucleus-core-5.2.4.jar:?]
	at org.datanucleus.store.connection.ConnectionManagerImpl$2.transactionFlushed(ConnectionManagerImpl.java:528) ~[datanucleus-core-5.2.4.jar:?]
	at org.datanucleus.TransactionImpl.flush(TransactionImpl.java:222) ~[datanucleus-core-5.2.4.jar:?]
	at org.datanucleus.TransactionImpl.commit(TransactionImpl.java:286) ~[datanucleus-core-5.2.4.jar:?]
	at org.datanucleus.api.jdo.JDOTransaction.commit(JDOTransaction.java:99) ~[datanucleus-api-jdo-5.2.4.jar:?]
	at org.apache.hadoop.hive.metastore.ObjectStore.commitTransaction(ObjectStore.java:615) ~[classes/:?]
	at sun.reflect.GeneratedMethodAccessor31.invoke(Unknown Source) ~[?:?]
	at sun.reflect.DelegatingMethodAccessorImpl.invoke(DelegatingMethodAccessorImpl.java:43) ~[?:1.8.0_402]
	at java.lang.reflect.Method.invoke(Method.java:498) ~[?:1.8.0_402]
	at org.apache.hadoop.hive.metastore.RawStoreProxy.invoke(RawStoreProxy.java:97) ~[classes/:?]
	at com.sun.proxy.$Proxy32.commitTransaction(Unknown Source) ~[?:?]
	at org.apache.hadoop.hive.metastore.HMSHandler.drop_database_core(HMSHandler.java:1790) ~[classes/:?]
	at org.apache.hadoop.hive.metastore.HMSHandler.drop_database(HMSHandler.java:1869) ~[classes/:?]
	at sun.reflect.NativeMethodAccessorImpl.invoke0(Native Method) ~[?:1.8.0_402]
	at sun.reflect.NativeMethodAccessorImpl.invoke(NativeMethodAccessorImpl.java:62) ~[?:1.8.0_402]
	at sun.reflect.DelegatingMethodAccessorImpl.invoke(DelegatingMethodAccessorImpl.java:43) ~[?:1.8.0_402]
	at java.lang.reflect.Method.invoke(Method.java:498) ~[?:1.8.0_402]
	at org.apache.hadoop.hive.metastore.RetryingHMSHandler.invokeInternal(RetryingHMSHandler.java:147) ~[classes/:?]
	at org.apache.hadoop.hive.metastore.RetryingHMSHandler.invoke(RetryingHMSHandler.java:108) ~[classes/:?]
	at com.sun.proxy.$Proxy35.drop_database(Unknown Source) ~[?:?]
	at org.apache.hadoop.hive.metastore.HiveMetaStoreClient.dropDatabaseCascadePerDb(HiveMetaStoreClient.java:1601) ~[classes/:?]
	at org.apache.hadoop.hive.metastore.HiveMetaStoreClient.dropDatabase(HiveMetaStoreClient.java:1532) ~[classes/:?]
	at org.apache.hadoop.hive.metastore.HiveMetaStoreClient.dropDatabase(HiveMetaStoreClient.java:1485) ~[classes/:?]
	at sun.reflect.NativeMethodAccessorImpl.invoke0(Native Method) ~[?:1.8.0_402]
	at sun.reflect.NativeMethodAccessorImpl.invoke(NativeMethodAccessorImpl.java:62) ~[?:1.8.0_402]
	at sun.reflect.DelegatingMethodAccessorImpl.invoke(DelegatingMethodAccessorImpl.java:43) ~[?:1.8.0_402]
	at java.lang.reflect.Method.invoke(Method.java:498) ~[?:1.8.0_402]
	at org.apache.hadoop.hive.metastore.RetryingMetaStoreClient.invoke(RetryingMetaStoreClient.java:218) ~[classes/:?]
	at com.sun.proxy.$Proxy45.dropDatabase(Unknown Source) ~[?:?]
	at org.apache.hadoop.hive.ql.metadata.Hive.dropDatabase(Hive.java:662) ~[classes/:?]
	... 57 more
Caused by: org.apache.derby.shared.common.error.DerbySQLIntegrityConstraintViolationException: DELETE on table 'DBS' caused a violation of foreign key constraint 'TBLS_FK1' for key (2).  The statement has been rolled back.
	at org.apache.derby.impl.jdbc.SQLExceptionFactory.getSQLException(Unknown Source) ~[derby-10.14.1.0.jar:?]
	at org.apache.derby.impl.jdbc.Util.generateCsSQLException(Unknown Source) ~[derby-10.14.1.0.jar:?]
	at org.apache.derby.impl.jdbc.TransactionResourceImpl.wrapInSQLException(Unknown Source) ~[derby-10.14.1.0.jar:?]
	at org.apache.derby.impl.jdbc.TransactionResourceImpl.handleException(Unknown Source) ~[derby-10.14.1.0.jar:?]
	at org.apache.derby.impl.jdbc.EmbedConnection.handleException(Unknown Source) ~[derby-10.14.1.0.jar:?]
	at org.apache.derby.impl.jdbc.ConnectionChild.handleException(Unknown Source) ~[derby-10.14.1.0.jar:?]
	at org.apache.derby.impl.jdbc.EmbedStatement.executeStatement(Unknown Source) ~[derby-10.14.1.0.jar:?]
	at org.apache.derby.impl.jdbc.EmbedPreparedStatement.executeBatchElement(Unknown Source) ~[derby-10.14.1.0.jar:?]
	at org.apache.derby.impl.jdbc.EmbedStatement.executeLargeBatch(Unknown Source) ~[derby-10.14.1.0.jar:?]
	at org.apache.derby.impl.jdbc.EmbedStatement.executeBatch(Unknown Source) ~[derby-10.14.1.0.jar:?]
	at com.zaxxer.hikari.pool.ProxyStatement.executeBatch(ProxyStatement.java:128) ~[HikariCP-java7-2.4.12.jar:?]
	at com.zaxxer.hikari.pool.HikariProxyPreparedStatement.executeBatch(HikariProxyPreparedStatement.java) ~[HikariCP-java7-2.4.12.jar:?]
	at org.datanucleus.store.rdbms.ParamLoggingPreparedStatement.executeBatch(ParamLoggingPreparedStatement.java:366) ~[datanucleus-rdbms-5.2.4.jar:?]
	at org.datanucleus.store.rdbms.SQLController.processConnectionStatement(SQLController.java:675) ~[datanucleus-rdbms-5.2.4.jar:?]
	at org.datanucleus.store.rdbms.SQLController.processStatementsForConnection(SQLController.java:643) ~[datanucleus-rdbms-5.2.4.jar:?]
	at org.datanucleus.store.rdbms.SQLController$1.transactionFlushed(SQLController.java:729) ~[datanucleus-rdbms-5.2.4.jar:?]
	at org.datanucleus.store.connection.AbstractManagedConnection.transactionFlushed(AbstractManagedConnection.java:95) ~[datanucleus-core-5.2.4.jar:?]
	at org.datanucleus.store.connection.ConnectionManagerImpl$2.transactionFlushed(ConnectionManagerImpl.java:528) ~[datanucleus-core-5.2.4.jar:?]
	at org.datanucleus.TransactionImpl.flush(TransactionImpl.java:222) ~[datanucleus-core-5.2.4.jar:?]
	at org.datanucleus.TransactionImpl.commit(TransactionImpl.java:286) ~[datanucleus-core-5.2.4.jar:?]
	at org.datanucleus.api.jdo.JDOTransaction.commit(JDOTransaction.java:99) ~[datanucleus-api-jdo-5.2.4.jar:?]
	at org.apache.hadoop.hive.metastore.ObjectStore.commitTransaction(ObjectStore.java:615) ~[classes/:?]
	at sun.reflect.GeneratedMethodAccessor31.invoke(Unknown Source) ~[?:?]
	at sun.reflect.DelegatingMethodAccessorImpl.invoke(DelegatingMethodAccessorImpl.java:43) ~[?:1.8.0_402]
	at java.lang.reflect.Method.invoke(Method.java:498) ~[?:1.8.0_402]
	at org.apache.hadoop.hive.metastore.RawStoreProxy.invoke(RawStoreProxy.java:97) ~[classes/:?]
	at com.sun.proxy.$Proxy32.commitTransaction(Unknown Source) ~[?:?]
	at org.apache.hadoop.hive.metastore.HMSHandler.drop_database_core(HMSHandler.java:1790) ~[classes/:?]
	at org.apache.hadoop.hive.metastore.HMSHandler.drop_database(HMSHandler.java:1869) ~[classes/:?]
	at sun.reflect.NativeMethodAccessorImpl.invoke0(Native Method) ~[?:1.8.0_402]
	at sun.reflect.NativeMethodAccessorImpl.invoke(NativeMethodAccessorImpl.java:62) ~[?:1.8.0_402]
	at sun.reflect.DelegatingMethodAccessorImpl.invoke(DelegatingMethodAccessorImpl.java:43) ~[?:1.8.0_402]
	at java.lang.reflect.Method.invoke(Method.java:498) ~[?:1.8.0_402]
	at org.apache.hadoop.hive.metastore.RetryingHMSHandler.invokeInternal(RetryingHMSHandler.java:147) ~[classes/:?]
	at org.apache.hadoop.hive.metastore.RetryingHMSHandler.invoke(RetryingHMSHandler.java:108) ~[classes/:?]
	at com.sun.proxy.$Proxy35.drop_database(Unknown Source) ~[?:?]
	at org.apache.hadoop.hive.metastore.HiveMetaStoreClient.dropDatabaseCascadePerDb(HiveMetaStoreClient.java:1601) ~[classes/:?]
	at org.apache.hadoop.hive.metastore.HiveMetaStoreClient.dropDatabase(HiveMetaStoreClient.java:1532) ~[classes/:?]
	at org.apache.hadoop.hive.metastore.HiveMetaStoreClient.dropDatabase(HiveMetaStoreClient.java:1485) ~[classes/:?]
	at sun.reflect.NativeMethodAccessorImpl.invoke0(Native Method) ~[?:1.8.0_402]
	at sun.reflect.NativeMethodAccessorImpl.invoke(NativeMethodAccessorImpl.java:62) ~[?:1.8.0_402]
	at sun.reflect.DelegatingMethodAccessorImpl.invoke(DelegatingMethodAccessorImpl.java:43) ~[?:1.8.0_402]
	at java.lang.reflect.Method.invoke(Method.java:498) ~[?:1.8.0_402]
	at org.apache.hadoop.hive.metastore.RetryingMetaStoreClient.invoke(RetryingMetaStoreClient.java:218) ~[classes/:?]
	at com.sun.proxy.$Proxy45.dropDatabase(Unknown Source) ~[?:?]
	at org.apache.hadoop.hive.ql.metadata.Hive.dropDatabase(Hive.java:662) ~[classes/:?]
	... 57 more
Caused by: org.apache.derby.iapi.error.StandardException: DELETE on table 'DBS' caused a violation of foreign key constraint 'TBLS_FK1' for key (2).  The statement has been rolled back.
	at org.apache.derby.iapi.error.StandardException.newException(Unknown Source) ~[derby-10.14.1.0.jar:?]
	at org.apache.derby.iapi.error.StandardException.newException(Unknown Source) ~[derby-10.14.1.0.jar:?]
	at org.apache.derby.impl.sql.execute.ReferencedKeyRIChecker.doCheck(Unknown Source) ~[derby-10.14.1.0.jar:?]
	at org.apache.derby.impl.sql.execute.RISetChecker.doPKCheck(Unknown Source) ~[derby-10.14.1.0.jar:?]
	at org.apache.derby.impl.sql.execute.DeleteResultSet.collectAffectedRows(Unknown Source) ~[derby-10.14.1.0.jar:?]
	at org.apache.derby.impl.sql.execute.DeleteResultSet.open(Unknown Source) ~[derby-10.14.1.0.jar:?]
	at org.apache.derby.impl.sql.GenericPreparedStatement.executeStmt(Unknown Source) ~[derby-10.14.1.0.jar:?]
	at org.apache.derby.impl.sql.GenericPreparedStatement.execute(Unknown Source) ~[derby-10.14.1.0.jar:?]
	at org.apache.derby.impl.jdbc.EmbedStatement.executeStatement(Unknown Source) ~[derby-10.14.1.0.jar:?]
	at org.apache.derby.impl.jdbc.EmbedPreparedStatement.executeBatchElement(Unknown Source) ~[derby-10.14.1.0.jar:?]
	at org.apache.derby.impl.jdbc.EmbedStatement.executeLargeBatch(Unknown Source) ~[derby-10.14.1.0.jar:?]
	at org.apache.derby.impl.jdbc.EmbedStatement.executeBatch(Unknown Source) ~[derby-10.14.1.0.jar:?]
	at com.zaxxer.hikari.pool.ProxyStatement.executeBatch(ProxyStatement.java:128) ~[HikariCP-java7-2.4.12.jar:?]
	at com.zaxxer.hikari.pool.HikariProxyPreparedStatement.executeBatch(HikariProxyPreparedStatement.java) ~[HikariCP-java7-2.4.12.jar:?]
	at org.datanucleus.store.rdbms.ParamLoggingPreparedStatement.executeBatch(ParamLoggingPreparedStatement.java:366) ~[datanucleus-rdbms-5.2.4.jar:?]
	at org.datanucleus.store.rdbms.SQLController.processConnectionStatement(SQLController.java:675) ~[datanucleus-rdbms-5.2.4.jar:?]
	at org.datanucleus.store.rdbms.SQLController.processStatementsForConnection(SQLController.java:643) ~[datanucleus-rdbms-5.2.4.jar:?]
	at org.datanucleus.store.rdbms.SQLController$1.transactionFlushed(SQLController.java:729) ~[datanucleus-rdbms-5.2.4.jar:?]
	at org.datanucleus.store.connection.AbstractManagedConnection.transactionFlushed(AbstractManagedConnection.java:95) ~[datanucleus-core-5.2.4.jar:?]
	at org.datanucleus.store.connection.ConnectionManagerImpl$2.transactionFlushed(ConnectionManagerImpl.java:528) ~[datanucleus-core-5.2.4.jar:?]
	at org.datanucleus.TransactionImpl.flush(TransactionImpl.java:222) ~[datanucleus-core-5.2.4.jar:?]
	at org.datanucleus.TransactionImpl.commit(TransactionImpl.java:286) ~[datanucleus-core-5.2.4.jar:?]
	at org.datanucleus.api.jdo.JDOTransaction.commit(JDOTransaction.java:99) ~[datanucleus-api-jdo-5.2.4.jar:?]
	at org.apache.hadoop.hive.metastore.ObjectStore.commitTransaction(ObjectStore.java:615) ~[classes/:?]
	at sun.reflect.GeneratedMethodAccessor31.invoke(Unknown Source) ~[?:?]
	at sun.reflect.DelegatingMethodAccessorImpl.invoke(DelegatingMethodAccessorImpl.java:43) ~[?:1.8.0_402]
	at java.lang.reflect.Method.invoke(Method.java:498) ~[?:1.8.0_402]
	at org.apache.hadoop.hive.metastore.RawStoreProxy.invoke(RawStoreProxy.java:97) ~[classes/:?]
	at com.sun.proxy.$Proxy32.commitTransaction(Unknown Source) ~[?:?]
	at org.apache.hadoop.hive.metastore.HMSHandler.drop_database_core(HMSHandler.java:1790) ~[classes/:?]
	at org.apache.hadoop.hive.metastore.HMSHandler.drop_database(HMSHandler.java:1869) ~[classes/:?]
	at sun.reflect.NativeMethodAccessorImpl.invoke0(Native Method) ~[?:1.8.0_402]
	at sun.reflect.NativeMethodAccessorImpl.invoke(NativeMethodAccessorImpl.java:62) ~[?:1.8.0_402]
	at sun.reflect.DelegatingMethodAccessorImpl.invoke(DelegatingMethodAccessorImpl.java:43) ~[?:1.8.0_402]
	at java.lang.reflect.Method.invoke(Method.java:498) ~[?:1.8.0_402]
	at org.apache.hadoop.hive.metastore.RetryingHMSHandler.invokeInternal(RetryingHMSHandler.java:147) ~[classes/:?]
	at org.apache.hadoop.hive.metastore.RetryingHMSHandler.invoke(RetryingHMSHandler.java:108) ~[classes/:?]
	at com.sun.proxy.$Proxy35.drop_database(Unknown Source) ~[?:?]
	at org.apache.hadoop.hive.metastore.HiveMetaStoreClient.dropDatabaseCascadePerDb(HiveMetaStoreClient.java:1601) ~[classes/:?]
	at org.apache.hadoop.hive.metastore.HiveMetaStoreClient.dropDatabase(HiveMetaStoreClient.java:1532) ~[classes/:?]
	at org.apache.hadoop.hive.metastore.HiveMetaStoreClient.dropDatabase(HiveMetaStoreClient.java:1485) ~[classes/:?]
	at sun.reflect.NativeMethodAccessorImpl.invoke0(Native Method) ~[?:1.8.0_402]
	at sun.reflect.NativeMethodAccessorImpl.invoke(NativeMethodAccessorImpl.java:62) ~[?:1.8.0_402]
	at sun.reflect.DelegatingMethodAccessorImpl.invoke(DelegatingMethodAccessorImpl.java:43) ~[?:1.8.0_402]
	at java.lang.reflect.Method.invoke(Method.java:498) ~[?:1.8.0_402]
	at org.apache.hadoop.hive.metastore.RetryingMetaStoreClient.invoke(RetryingMetaStoreClient.java:218) ~[classes/:?]
	at com.sun.proxy.$Proxy45.dropDatabase(Unknown Source) ~[?:?]
	at org.apache.hadoop.hive.ql.metadata.Hive.dropDatabase(Hive.java:662) ~[classes/:?]
	... 57 more
2024-04-24T11:27:30,564 ERROR [main] exec.Task: DDLTask failed, DDL Operation: class org.apache.hadoop.hive.ql.ddl.database.drop.DropDatabaseOperation
org.apache.hadoop.hive.ql.metadata.HiveException: MetaException(message:javax.jdo.JDODataStoreException: Exception thrown flushing changes to datastore
NestedThrowables:
java.sql.BatchUpdateException: DELETE on table 'DBS' caused a violation of foreign key constraint 'TBLS_FK1' for key (2).  The statement has been rolled back.)
	at org.apache.hadoop.hive.ql.metadata.Hive.dropDatabase(Hive.java:666) ~[classes/:?]
	at org.apache.hadoop.hive.ql.ddl.database.drop.DropDatabaseOperation.execute(DropDatabaseOperation.java:52) ~[classes/:?]
	at org.apache.hadoop.hive.ql.ddl.DDLTask.execute(DDLTask.java:84) [classes/:?]
	at org.apache.hadoop.hive.ql.exec.Task.executeTask(Task.java:212) [classes/:?]
	at org.apache.hadoop.hive.ql.exec.TaskRunner.runSequential(TaskRunner.java:105) [classes/:?]
	at org.apache.hadoop.hive.ql.Executor.launchTask(Executor.java:361) [classes/:?]
	at org.apache.hadoop.hive.ql.Executor.launchTasks(Executor.java:334) [classes/:?]
	at org.apache.hadoop.hive.ql.Executor.runTasks(Executor.java:245) [classes/:?]
	at org.apache.hadoop.hive.ql.Executor.execute(Executor.java:108) [classes/:?]
	at org.apache.hadoop.hive.ql.Driver.execute(Driver.java:348) [classes/:?]
	at org.apache.hadoop.hive.ql.Driver.runInternal(Driver.java:204) [classes/:?]
	at org.apache.hadoop.hive.ql.Driver.run(Driver.java:153) [classes/:?]
	at org.apache.hadoop.hive.ql.Driver.run(Driver.java:148) [classes/:?]
	at org.apache.hadoop.hive.ql.reexec.ReExecDriver.run(ReExecDriver.java:164) [classes/:?]
	at org.apache.hadoop.hive.ql.reexec.ReExecDriver.run(ReExecDriver.java:230) [classes/:?]
	at org.apache.hive.hcatalog.pig.AbstractHCatLoaderTest.executeStatementOnDriver(AbstractHCatLoaderTest.java:151) [test-classes/:?]
	at org.apache.hive.hcatalog.pig.AbstractHCatLoaderTest.tearDown(AbstractHCatLoaderTest.java:239) [test-classes/:?]
	at sun.reflect.NativeMethodAccessorImpl.invoke0(Native Method) ~[?:1.8.0_402]
	at sun.reflect.NativeMethodAccessorImpl.invoke(NativeMethodAccessorImpl.java:62) ~[?:1.8.0_402]
	at sun.reflect.DelegatingMethodAccessorImpl.invoke(DelegatingMethodAccessorImpl.java:43) ~[?:1.8.0_402]
	at java.lang.reflect.Method.invoke(Method.java:498) ~[?:1.8.0_402]
	at org.junit.runners.model.FrameworkMethod$1.runReflectiveCall(FrameworkMethod.java:59) [junit-4.13.jar:4.13]
	at org.junit.internal.runners.model.ReflectiveCallable.run(ReflectiveCallable.java:12) [junit-4.13.jar:4.13]
	at org.junit.runners.model.FrameworkMethod.invokeExplosively(FrameworkMethod.java:56) [junit-4.13.jar:4.13]
	at org.junit.internal.runners.statements.RunAfters.invokeMethod(RunAfters.java:46) [junit-4.13.jar:4.13]
	at org.junit.internal.runners.statements.RunAfters.evaluate(RunAfters.java:33) [junit-4.13.jar:4.13]
	at org.junit.runners.ParentRunner$3.evaluate(ParentRunner.java:306) [junit-4.13.jar:4.13]
	at org.junit.runners.BlockJUnit4ClassRunner$1.evaluate(BlockJUnit4ClassRunner.java:100) [junit-4.13.jar:4.13]
	at org.junit.runners.ParentRunner.runLeaf(ParentRunner.java:366) [junit-4.13.jar:4.13]
	at org.junit.runners.BlockJUnit4ClassRunner.runChild(BlockJUnit4ClassRunner.java:103) [junit-4.13.jar:4.13]
	at org.junit.runners.BlockJUnit4ClassRunner.runChild(BlockJUnit4ClassRunner.java:63) [junit-4.13.jar:4.13]
	at org.junit.runners.ParentRunner$4.run(ParentRunner.java:331) [junit-4.13.jar:4.13]
	at org.junit.runners.ParentRunner$1.schedule(ParentRunner.java:79) [junit-4.13.jar:4.13]
	at org.junit.runners.ParentRunner.runChildren(ParentRunner.java:329) [junit-4.13.jar:4.13]
	at org.junit.runners.ParentRunner.access$100(ParentRunner.java:66) [junit-4.13.jar:4.13]
	at org.junit.runners.ParentRunner$2.evaluate(ParentRunner.java:293) [junit-4.13.jar:4.13]
	at org.junit.internal.runners.statements.RunBefores.evaluate(RunBefores.java:26) [junit-4.13.jar:4.13]
	at org.junit.runners.ParentRunner$3.evaluate(ParentRunner.java:306) [junit-4.13.jar:4.13]
	at org.junit.runners.ParentRunner.run(ParentRunner.java:413) [junit-4.13.jar:4.13]
	at org.junit.runners.Suite.runChild(Suite.java:128) [junit-4.13.jar:4.13]
	at org.junit.runners.Suite.runChild(Suite.java:27) [junit-4.13.jar:4.13]
	at org.junit.runners.ParentRunner$4.run(ParentRunner.java:331) [junit-4.13.jar:4.13]
	at org.junit.runners.ParentRunner$1.schedule(ParentRunner.java:79) [junit-4.13.jar:4.13]
	at org.junit.runners.ParentRunner.runChildren(ParentRunner.java:329) [junit-4.13.jar:4.13]
	at org.junit.runners.ParentRunner.access$100(ParentRunner.java:66) [junit-4.13.jar:4.13]
	at org.junit.runners.ParentRunner$2.evaluate(ParentRunner.java:293) [junit-4.13.jar:4.13]
	at org.junit.runners.ParentRunner$3.evaluate(ParentRunner.java:306) [junit-4.13.jar:4.13]
	at org.junit.runners.ParentRunner.run(ParentRunner.java:413) [junit-4.13.jar:4.13]
	at org.apache.maven.surefire.junitcore.JUnitCore.run(JUnitCore.java:55) [surefire-junit47-3.0.0-M4.jar:3.0.0-M4]
	at org.apache.maven.surefire.junitcore.JUnitCoreWrapper.createRequestAndRun(JUnitCoreWrapper.java:137) [surefire-junit47-3.0.0-M4.jar:3.0.0-M4]
	at org.apache.maven.surefire.junitcore.JUnitCoreWrapper.executeEager(JUnitCoreWrapper.java:107) [surefire-junit47-3.0.0-M4.jar:3.0.0-M4]
	at org.apache.maven.surefire.junitcore.JUnitCoreWrapper.execute(JUnitCoreWrapper.java:83) [surefire-junit47-3.0.0-M4.jar:3.0.0-M4]
	at org.apache.maven.surefire.junitcore.JUnitCoreWrapper.execute(JUnitCoreWrapper.java:75) [surefire-junit47-3.0.0-M4.jar:3.0.0-M4]
	at org.apache.maven.surefire.junitcore.JUnitCoreProvider.invoke(JUnitCoreProvider.java:158) [surefire-junit47-3.0.0-M4.jar:3.0.0-M4]
	at org.apache.maven.surefire.booter.ForkedBooter.runSuitesInProcess(ForkedBooter.java:377) [surefire-booter-3.0.0-M4.jar:3.0.0-M4]
	at org.apache.maven.surefire.booter.ForkedBooter.execute(ForkedBooter.java:138) [surefire-booter-3.0.0-M4.jar:3.0.0-M4]
	at org.apache.maven.surefire.booter.ForkedBooter.run(ForkedBooter.java:465) [surefire-booter-3.0.0-M4.jar:3.0.0-M4]
	at org.apache.maven.surefire.booter.ForkedBooter.main(ForkedBooter.java:451) [surefire-booter-3.0.0-M4.jar:3.0.0-M4]
Caused by: org.apache.hadoop.hive.metastore.api.MetaException: javax.jdo.JDODataStoreException: Exception thrown flushing changes to datastore
NestedThrowables:
java.sql.BatchUpdateException: DELETE on table 'DBS' caused a violation of foreign key constraint 'TBLS_FK1' for key (2).  The statement has been rolled back.
	at org.apache.hadoop.hive.metastore.RetryingHMSHandler.invokeInternal(RetryingHMSHandler.java:209) ~[classes/:?]
	at org.apache.hadoop.hive.metastore.RetryingHMSHandler.invoke(RetryingHMSHandler.java:108) ~[classes/:?]
	at com.sun.proxy.$Proxy35.drop_database(Unknown Source) ~[?:?]
	at org.apache.hadoop.hive.metastore.HiveMetaStoreClient.dropDatabaseCascadePerDb(HiveMetaStoreClient.java:1601) ~[classes/:?]
	at org.apache.hadoop.hive.metastore.HiveMetaStoreClient.dropDatabase(HiveMetaStoreClient.java:1532) ~[classes/:?]
	at org.apache.hadoop.hive.metastore.HiveMetaStoreClient.dropDatabase(HiveMetaStoreClient.java:1485) ~[classes/:?]
	at sun.reflect.NativeMethodAccessorImpl.invoke0(Native Method) ~[?:1.8.0_402]
	at sun.reflect.NativeMethodAccessorImpl.invoke(NativeMethodAccessorImpl.java:62) ~[?:1.8.0_402]
	at sun.reflect.DelegatingMethodAccessorImpl.invoke(DelegatingMethodAccessorImpl.java:43) ~[?:1.8.0_402]
	at java.lang.reflect.Method.invoke(Method.java:498) ~[?:1.8.0_402]
	at org.apache.hadoop.hive.metastore.RetryingMetaStoreClient.invoke(RetryingMetaStoreClient.java:218) ~[classes/:?]
	at com.sun.proxy.$Proxy45.dropDatabase(Unknown Source) ~[?:?]
	at org.apache.hadoop.hive.ql.metadata.Hive.dropDatabase(Hive.java:662) ~[classes/:?]
	... 57 more
Caused by: javax.jdo.JDODataStoreException: Exception thrown flushing changes to datastore
	at org.datanucleus.api.jdo.NucleusJDOHelper.getJDOExceptionForNucleusException(NucleusJDOHelper.java:542) ~[datanucleus-api-jdo-5.2.4.jar:?]
	at org.datanucleus.api.jdo.JDOTransaction.commit(JDOTransaction.java:162) ~[datanucleus-api-jdo-5.2.4.jar:?]
	at org.apache.hadoop.hive.metastore.ObjectStore.commitTransaction(ObjectStore.java:615) ~[classes/:?]
	at sun.reflect.GeneratedMethodAccessor31.invoke(Unknown Source) ~[?:?]
	at sun.reflect.DelegatingMethodAccessorImpl.invoke(DelegatingMethodAccessorImpl.java:43) ~[?:1.8.0_402]
	at java.lang.reflect.Method.invoke(Method.java:498) ~[?:1.8.0_402]
	at org.apache.hadoop.hive.metastore.RawStoreProxy.invoke(RawStoreProxy.java:97) ~[classes/:?]
	at com.sun.proxy.$Proxy32.commitTransaction(Unknown Source) ~[?:?]
	at org.apache.hadoop.hive.metastore.HMSHandler.drop_database_core(HMSHandler.java:1790) ~[classes/:?]
	at org.apache.hadoop.hive.metastore.HMSHandler.drop_database(HMSHandler.java:1869) ~[classes/:?]
	at sun.reflect.NativeMethodAccessorImpl.invoke0(Native Method) ~[?:1.8.0_402]
	at sun.reflect.NativeMethodAccessorImpl.invoke(NativeMethodAccessorImpl.java:62) ~[?:1.8.0_402]
	at sun.reflect.DelegatingMethodAccessorImpl.invoke(DelegatingMethodAccessorImpl.java:43) ~[?:1.8.0_402]
	at java.lang.reflect.Method.invoke(Method.java:498) ~[?:1.8.0_402]
	at org.apache.hadoop.hive.metastore.RetryingHMSHandler.invokeInternal(RetryingHMSHandler.java:147) ~[classes/:?]
	at org.apache.hadoop.hive.metastore.RetryingHMSHandler.invoke(RetryingHMSHandler.java:108) ~[classes/:?]
	at com.sun.proxy.$Proxy35.drop_database(Unknown Source) ~[?:?]
	at org.apache.hadoop.hive.metastore.HiveMetaStoreClient.dropDatabaseCascadePerDb(HiveMetaStoreClient.java:1601) ~[classes/:?]
	at org.apache.hadoop.hive.metastore.HiveMetaStoreClient.dropDatabase(HiveMetaStoreClient.java:1532) ~[classes/:?]
	at org.apache.hadoop.hive.metastore.HiveMetaStoreClient.dropDatabase(HiveMetaStoreClient.java:1485) ~[classes/:?]
	at sun.reflect.NativeMethodAccessorImpl.invoke0(Native Method) ~[?:1.8.0_402]
	at sun.reflect.NativeMethodAccessorImpl.invoke(NativeMethodAccessorImpl.java:62) ~[?:1.8.0_402]
	at sun.reflect.DelegatingMethodAccessorImpl.invoke(DelegatingMethodAccessorImpl.java:43) ~[?:1.8.0_402]
	at java.lang.reflect.Method.invoke(Method.java:498) ~[?:1.8.0_402]
	at org.apache.hadoop.hive.metastore.RetryingMetaStoreClient.invoke(RetryingMetaStoreClient.java:218) ~[classes/:?]
	at com.sun.proxy.$Proxy45.dropDatabase(Unknown Source) ~[?:?]
	at org.apache.hadoop.hive.ql.metadata.Hive.dropDatabase(Hive.java:662) ~[classes/:?]
	... 57 more
Caused by: java.sql.BatchUpdateException: DELETE on table 'DBS' caused a violation of foreign key constraint 'TBLS_FK1' for key (2).  The statement has been rolled back.
	at org.apache.derby.impl.jdbc.EmbedStatement.executeLargeBatch(Unknown Source) ~[derby-10.14.1.0.jar:?]
	at org.apache.derby.impl.jdbc.EmbedStatement.executeBatch(Unknown Source) ~[derby-10.14.1.0.jar:?]
	at com.zaxxer.hikari.pool.ProxyStatement.executeBatch(ProxyStatement.java:128) ~[HikariCP-java7-2.4.12.jar:?]
	at com.zaxxer.hikari.pool.HikariProxyPreparedStatement.executeBatch(HikariProxyPreparedStatement.java) ~[HikariCP-java7-2.4.12.jar:?]
	at org.datanucleus.store.rdbms.ParamLoggingPreparedStatement.executeBatch(ParamLoggingPreparedStatement.java:366) ~[datanucleus-rdbms-5.2.4.jar:?]
	at org.datanucleus.store.rdbms.SQLController.processConnectionStatement(SQLController.java:675) ~[datanucleus-rdbms-5.2.4.jar:?]
	at org.datanucleus.store.rdbms.SQLController.processStatementsForConnection(SQLController.java:643) ~[datanucleus-rdbms-5.2.4.jar:?]
	at org.datanucleus.store.rdbms.SQLController$1.transactionFlushed(SQLController.java:729) ~[datanucleus-rdbms-5.2.4.jar:?]
	at org.datanucleus.store.connection.AbstractManagedConnection.transactionFlushed(AbstractManagedConnection.java:95) ~[datanucleus-core-5.2.4.jar:?]
	at org.datanucleus.store.connection.ConnectionManagerImpl$2.transactionFlushed(ConnectionManagerImpl.java:528) ~[datanucleus-core-5.2.4.jar:?]
	at org.datanucleus.TransactionImpl.flush(TransactionImpl.java:222) ~[datanucleus-core-5.2.4.jar:?]
	at org.datanucleus.TransactionImpl.commit(TransactionImpl.java:286) ~[datanucleus-core-5.2.4.jar:?]
	at org.datanucleus.api.jdo.JDOTransaction.commit(JDOTransaction.java:99) ~[datanucleus-api-jdo-5.2.4.jar:?]
	at org.apache.hadoop.hive.metastore.ObjectStore.commitTransaction(ObjectStore.java:615) ~[classes/:?]
	at sun.reflect.GeneratedMethodAccessor31.invoke(Unknown Source) ~[?:?]
	at sun.reflect.DelegatingMethodAccessorImpl.invoke(DelegatingMethodAccessorImpl.java:43) ~[?:1.8.0_402]
	at java.lang.reflect.Method.invoke(Method.java:498) ~[?:1.8.0_402]
	at org.apache.hadoop.hive.metastore.RawStoreProxy.invoke(RawStoreProxy.java:97) ~[classes/:?]
	at com.sun.proxy.$Proxy32.commitTransaction(Unknown Source) ~[?:?]
	at org.apache.hadoop.hive.metastore.HMSHandler.drop_database_core(HMSHandler.java:1790) ~[classes/:?]
	at org.apache.hadoop.hive.metastore.HMSHandler.drop_database(HMSHandler.java:1869) ~[classes/:?]
	at sun.reflect.NativeMethodAccessorImpl.invoke0(Native Method) ~[?:1.8.0_402]
	at sun.reflect.NativeMethodAccessorImpl.invoke(NativeMethodAccessorImpl.java:62) ~[?:1.8.0_402]
	at sun.reflect.DelegatingMethodAccessorImpl.invoke(DelegatingMethodAccessorImpl.java:43) ~[?:1.8.0_402]
	at java.lang.reflect.Method.invoke(Method.java:498) ~[?:1.8.0_402]
	at org.apache.hadoop.hive.metastore.RetryingHMSHandler.invokeInternal(RetryingHMSHandler.java:147) ~[classes/:?]
	at org.apache.hadoop.hive.metastore.RetryingHMSHandler.invoke(RetryingHMSHandler.java:108) ~[classes/:?]
	at com.sun.proxy.$Proxy35.drop_database(Unknown Source) ~[?:?]
	at org.apache.hadoop.hive.metastore.HiveMetaStoreClient.dropDatabaseCascadePerDb(HiveMetaStoreClient.java:1601) ~[classes/:?]
	at org.apache.hadoop.hive.metastore.HiveMetaStoreClient.dropDatabase(HiveMetaStoreClient.java:1532) ~[classes/:?]
	at org.apache.hadoop.hive.metastore.HiveMetaStoreClient.dropDatabase(HiveMetaStoreClient.java:1485) ~[classes/:?]
	at sun.reflect.NativeMethodAccessorImpl.invoke0(Native Method) ~[?:1.8.0_402]
	at sun.reflect.NativeMethodAccessorImpl.invoke(NativeMethodAccessorImpl.java:62) ~[?:1.8.0_402]
	at sun.reflect.DelegatingMethodAccessorImpl.invoke(DelegatingMethodAccessorImpl.java:43) ~[?:1.8.0_402]
	at java.lang.reflect.Method.invoke(Method.java:498) ~[?:1.8.0_402]
	at org.apache.hadoop.hive.metastore.RetryingMetaStoreClient.invoke(RetryingMetaStoreClient.java:218) ~[classes/:?]
	at com.sun.proxy.$Proxy45.dropDatabase(Unknown Source) ~[?:?]
	at org.apache.hadoop.hive.ql.metadata.Hive.dropDatabase(Hive.java:662) ~[classes/:?]
	... 57 more
Caused by: org.apache.derby.shared.common.error.DerbySQLIntegrityConstraintViolationException: DELETE on table 'DBS' caused a violation of foreign key constraint 'TBLS_FK1' for key (2).  The statement has been rolled back.
	at org.apache.derby.impl.jdbc.SQLExceptionFactory.getSQLException(Unknown Source) ~[derby-10.14.1.0.jar:?]
	at org.apache.derby.impl.jdbc.Util.generateCsSQLException(Unknown Source) ~[derby-10.14.1.0.jar:?]
	at org.apache.derby.impl.jdbc.TransactionResourceImpl.wrapInSQLException(Unknown Source) ~[derby-10.14.1.0.jar:?]
	at org.apache.derby.impl.jdbc.TransactionResourceImpl.handleException(Unknown Source) ~[derby-10.14.1.0.jar:?]
	at org.apache.derby.impl.jdbc.EmbedConnection.handleException(Unknown Source) ~[derby-10.14.1.0.jar:?]
	at org.apache.derby.impl.jdbc.ConnectionChild.handleException(Unknown Source) ~[derby-10.14.1.0.jar:?]
	at org.apache.derby.impl.jdbc.EmbedStatement.executeStatement(Unknown Source) ~[derby-10.14.1.0.jar:?]
	at org.apache.derby.impl.jdbc.EmbedPreparedStatement.executeBatchElement(Unknown Source) ~[derby-10.14.1.0.jar:?]
	at org.apache.derby.impl.jdbc.EmbedStatement.executeLargeBatch(Unknown Source) ~[derby-10.14.1.0.jar:?]
	at org.apache.derby.impl.jdbc.EmbedStatement.executeBatch(Unknown Source) ~[derby-10.14.1.0.jar:?]
	at com.zaxxer.hikari.pool.ProxyStatement.executeBatch(ProxyStatement.java:128) ~[HikariCP-java7-2.4.12.jar:?]
	at com.zaxxer.hikari.pool.HikariProxyPreparedStatement.executeBatch(HikariProxyPreparedStatement.java) ~[HikariCP-java7-2.4.12.jar:?]
	at org.datanucleus.store.rdbms.ParamLoggingPreparedStatement.executeBatch(ParamLoggingPreparedStatement.java:366) ~[datanucleus-rdbms-5.2.4.jar:?]
	at org.datanucleus.store.rdbms.SQLController.processConnectionStatement(SQLController.java:675) ~[datanucleus-rdbms-5.2.4.jar:?]
	at org.datanucleus.store.rdbms.SQLController.processStatementsForConnection(SQLController.java:643) ~[datanucleus-rdbms-5.2.4.jar:?]
	at org.datanucleus.store.rdbms.SQLController$1.transactionFlushed(SQLController.java:729) ~[datanucleus-rdbms-5.2.4.jar:?]
	at org.datanucleus.store.connection.AbstractManagedConnection.transactionFlushed(AbstractManagedConnection.java:95) ~[datanucleus-core-5.2.4.jar:?]
	at org.datanucleus.store.connection.ConnectionManagerImpl$2.transactionFlushed(ConnectionManagerImpl.java:528) ~[datanucleus-core-5.2.4.jar:?]
	at org.datanucleus.TransactionImpl.flush(TransactionImpl.java:222) ~[datanucleus-core-5.2.4.jar:?]
	at org.datanucleus.TransactionImpl.commit(TransactionImpl.java:286) ~[datanucleus-core-5.2.4.jar:?]
	at org.datanucleus.api.jdo.JDOTransaction.commit(JDOTransaction.java:99) ~[datanucleus-api-jdo-5.2.4.jar:?]
	at org.apache.hadoop.hive.metastore.ObjectStore.commitTransaction(ObjectStore.java:615) ~[classes/:?]
	at sun.reflect.GeneratedMethodAccessor31.invoke(Unknown Source) ~[?:?]
	at sun.reflect.DelegatingMethodAccessorImpl.invoke(DelegatingMethodAccessorImpl.java:43) ~[?:1.8.0_402]
	at java.lang.reflect.Method.invoke(Method.java:498) ~[?:1.8.0_402]
	at org.apache.hadoop.hive.metastore.RawStoreProxy.invoke(RawStoreProxy.java:97) ~[classes/:?]
	at com.sun.proxy.$Proxy32.commitTransaction(Unknown Source) ~[?:?]
	at org.apache.hadoop.hive.metastore.HMSHandler.drop_database_core(HMSHandler.java:1790) ~[classes/:?]
	at org.apache.hadoop.hive.metastore.HMSHandler.drop_database(HMSHandler.java:1869) ~[classes/:?]
	at sun.reflect.NativeMethodAccessorImpl.invoke0(Native Method) ~[?:1.8.0_402]
	at sun.reflect.NativeMethodAccessorImpl.invoke(NativeMethodAccessorImpl.java:62) ~[?:1.8.0_402]
	at sun.reflect.DelegatingMethodAccessorImpl.invoke(DelegatingMethodAccessorImpl.java:43) ~[?:1.8.0_402]
	at java.lang.reflect.Method.invoke(Method.java:498) ~[?:1.8.0_402]
	at org.apache.hadoop.hive.metastore.RetryingHMSHandler.invokeInternal(RetryingHMSHandler.java:147) ~[classes/:?]
	at org.apache.hadoop.hive.metastore.RetryingHMSHandler.invoke(RetryingHMSHandler.java:108) ~[classes/:?]
	at com.sun.proxy.$Proxy35.drop_database(Unknown Source) ~[?:?]
	at org.apache.hadoop.hive.metastore.HiveMetaStoreClient.dropDatabaseCascadePerDb(HiveMetaStoreClient.java:1601) ~[classes/:?]
	at org.apache.hadoop.hive.metastore.HiveMetaStoreClient.dropDatabase(HiveMetaStoreClient.java:1532) ~[classes/:?]
	at org.apache.hadoop.hive.metastore.HiveMetaStoreClient.dropDatabase(HiveMetaStoreClient.java:1485) ~[classes/:?]
	at sun.reflect.NativeMethodAccessorImpl.invoke0(Native Method) ~[?:1.8.0_402]
	at sun.reflect.NativeMethodAccessorImpl.invoke(NativeMethodAccessorImpl.java:62) ~[?:1.8.0_402]
	at sun.reflect.DelegatingMethodAccessorImpl.invoke(DelegatingMethodAccessorImpl.java:43) ~[?:1.8.0_402]
	at java.lang.reflect.Method.invoke(Method.java:498) ~[?:1.8.0_402]
	at org.apache.hadoop.hive.metastore.RetryingMetaStoreClient.invoke(RetryingMetaStoreClient.java:218) ~[classes/:?]
	at com.sun.proxy.$Proxy45.dropDatabase(Unknown Source) ~[?:?]
	at org.apache.hadoop.hive.ql.metadata.Hive.dropDatabase(Hive.java:662) ~[classes/:?]
	... 57 more
Caused by: org.apache.derby.iapi.error.StandardException: DELETE on table 'DBS' caused a violation of foreign key constraint 'TBLS_FK1' for key (2).  The statement has been rolled back.
	at org.apache.derby.iapi.error.StandardException.newException(Unknown Source) ~[derby-10.14.1.0.jar:?]
	at org.apache.derby.iapi.error.StandardException.newException(Unknown Source) ~[derby-10.14.1.0.jar:?]
	at org.apache.derby.impl.sql.execute.ReferencedKeyRIChecker.doCheck(Unknown Source) ~[derby-10.14.1.0.jar:?]
	at org.apache.derby.impl.sql.execute.RISetChecker.doPKCheck(Unknown Source) ~[derby-10.14.1.0.jar:?]
	at org.apache.derby.impl.sql.execute.DeleteResultSet.collectAffectedRows(Unknown Source) ~[derby-10.14.1.0.jar:?]
	at org.apache.derby.impl.sql.execute.DeleteResultSet.open(Unknown Source) ~[derby-10.14.1.0.jar:?]
	at org.apache.derby.impl.sql.GenericPreparedStatement.executeStmt(Unknown Source) ~[derby-10.14.1.0.jar:?]
	at org.apache.derby.impl.sql.GenericPreparedStatement.execute(Unknown Source) ~[derby-10.14.1.0.jar:?]
	at org.apache.derby.impl.jdbc.EmbedStatement.executeStatement(Unknown Source) ~[derby-10.14.1.0.jar:?]
	at org.apache.derby.impl.jdbc.EmbedPreparedStatement.executeBatchElement(Unknown Source) ~[derby-10.14.1.0.jar:?]
	at org.apache.derby.impl.jdbc.EmbedStatement.executeLargeBatch(Unknown Source) ~[derby-10.14.1.0.jar:?]
	at org.apache.derby.impl.jdbc.EmbedStatement.executeBatch(Unknown Source) ~[derby-10.14.1.0.jar:?]
	at com.zaxxer.hikari.pool.ProxyStatement.executeBatch(ProxyStatement.java:128) ~[HikariCP-java7-2.4.12.jar:?]
	at com.zaxxer.hikari.pool.HikariProxyPreparedStatement.executeBatch(HikariProxyPreparedStatement.java) ~[HikariCP-java7-2.4.12.jar:?]
	at org.datanucleus.store.rdbms.ParamLoggingPreparedStatement.executeBatch(ParamLoggingPreparedStatement.java:366) ~[datanucleus-rdbms-5.2.4.jar:?]
	at org.datanucleus.store.rdbms.SQLController.processConnectionStatement(SQLController.java:675) ~[datanucleus-rdbms-5.2.4.jar:?]
	at org.datanucleus.store.rdbms.SQLController.processStatementsForConnection(SQLController.java:643) ~[datanucleus-rdbms-5.2.4.jar:?]
	at org.datanucleus.store.rdbms.SQLController$1.transactionFlushed(SQLController.java:729) ~[datanucleus-rdbms-5.2.4.jar:?]
	at org.datanucleus.store.connection.AbstractManagedConnection.transactionFlushed(AbstractManagedConnection.java:95) ~[datanucleus-core-5.2.4.jar:?]
	at org.datanucleus.store.connection.ConnectionManagerImpl$2.transactionFlushed(ConnectionManagerImpl.java:528) ~[datanucleus-core-5.2.4.jar:?]
	at org.datanucleus.TransactionImpl.flush(TransactionImpl.java:222) ~[datanucleus-core-5.2.4.jar:?]
	at org.datanucleus.TransactionImpl.commit(TransactionImpl.java:286) ~[datanucleus-core-5.2.4.jar:?]
	at org.datanucleus.api.jdo.JDOTransaction.commit(JDOTransaction.java:99) ~[datanucleus-api-jdo-5.2.4.jar:?]
	at org.apache.hadoop.hive.metastore.ObjectStore.commitTransaction(ObjectStore.java:615) ~[classes/:?]
	at sun.reflect.GeneratedMethodAccessor31.invoke(Unknown Source) ~[?:?]
	at sun.reflect.DelegatingMethodAccessorImpl.invoke(DelegatingMethodAccessorImpl.java:43) ~[?:1.8.0_402]
	at java.lang.reflect.Method.invoke(Method.java:498) ~[?:1.8.0_402]
	at org.apache.hadoop.hive.metastore.RawStoreProxy.invoke(RawStoreProxy.java:97) ~[classes/:?]
	at com.sun.proxy.$Proxy32.commitTransaction(Unknown Source) ~[?:?]
	at org.apache.hadoop.hive.metastore.HMSHandler.drop_database_core(HMSHandler.java:1790) ~[classes/:?]
	at org.apache.hadoop.hive.metastore.HMSHandler.drop_database(HMSHandler.java:1869) ~[classes/:?]
	at sun.reflect.NativeMethodAccessorImpl.invoke0(Native Method) ~[?:1.8.0_402]
	at sun.reflect.NativeMethodAccessorImpl.invoke(NativeMethodAccessorImpl.java:62) ~[?:1.8.0_402]
	at sun.reflect.DelegatingMethodAccessorImpl.invoke(DelegatingMethodAccessorImpl.java:43) ~[?:1.8.0_402]
	at java.lang.reflect.Method.invoke(Method.java:498) ~[?:1.8.0_402]
	at org.apache.hadoop.hive.metastore.RetryingHMSHandler.invokeInternal(RetryingHMSHandler.java:147) ~[classes/:?]
	at org.apache.hadoop.hive.metastore.RetryingHMSHandler.invoke(RetryingHMSHandler.java:108) ~[classes/:?]
	at com.sun.proxy.$Proxy35.drop_database(Unknown Source) ~[?:?]
	at org.apache.hadoop.hive.metastore.HiveMetaStoreClient.dropDatabaseCascadePerDb(HiveMetaStoreClient.java:1601) ~[classes/:?]
	at org.apache.hadoop.hive.metastore.HiveMetaStoreClient.dropDatabase(HiveMetaStoreClient.java:1532) ~[classes/:?]
	at org.apache.hadoop.hive.metastore.HiveMetaStoreClient.dropDatabase(HiveMetaStoreClient.java:1485) ~[classes/:?]
	at sun.reflect.NativeMethodAccessorImpl.invoke0(Native Method) ~[?:1.8.0_402]
	at sun.reflect.NativeMethodAccessorImpl.invoke(NativeMethodAccessorImpl.java:62) ~[?:1.8.0_402]
	at sun.reflect.DelegatingMethodAccessorImpl.invoke(DelegatingMethodAccessorImpl.java:43) ~[?:1.8.0_402]
	at java.lang.reflect.Method.invoke(Method.java:498) ~[?:1.8.0_402]
	at org.apache.hadoop.hive.metastore.RetryingMetaStoreClient.invoke(RetryingMetaStoreClient.java:218) ~[classes/:?]
	at com.sun.proxy.$Proxy45.dropDatabase(Unknown Source) ~[?:?]
	at org.apache.hadoop.hive.ql.metadata.Hive.dropDatabase(Hive.java:662) ~[classes/:?]
	... 57 more
2024-04-24T11:27:30,569  INFO [main] reexec.ReOptimizePlugin: ReOptimization: retryPossible: false
2024-04-24T11:27:30,569  INFO [main] reexec.ReExecuteLostAMQueryPlugin: Got exception message: MetaException(message:javax.jdo.JDODataStoreException: Exception thrown flushing changes to datastore
NestedThrowables:
java.sql.BatchUpdateException: DELETE on table 'DBS' caused a violation of foreign key constraint 'TBLS_FK1' for key (2).  The statement has been rolled back.) retryPossible: false
2024-04-24T11:27:30,569  INFO [main] reexec.ReExecutionDagSubmitPlugin: Got exception message: MetaException(message:javax.jdo.JDODataStoreException: Exception thrown flushing changes to datastore
NestedThrowables:
java.sql.BatchUpdateException: DELETE on table 'DBS' caused a violation of foreign key constraint 'TBLS_FK1' for key (2).  The statement has been rolled back.) retryPossible: false
FAILED: Execution Error, return code 40000 from org.apache.hadoop.hive.ql.ddl.DDLTask. MetaException(message:javax.jdo.JDODataStoreException: Exception thrown flushing changes to datastore
NestedThrowables:
java.sql.BatchUpdateException: DELETE on table 'DBS' caused a violation of foreign key constraint 'TBLS_FK1' for key (2).  The statement has been rolled back.)
2024-04-24T11:27:30,569 ERROR [main] ql.Driver: FAILED: Execution Error, return code 40000 from org.apache.hadoop.hive.ql.ddl.DDLTask. MetaException(message:javax.jdo.JDODataStoreException: Exception thrown flushing changes to datastore
NestedThrowables:
java.sql.BatchUpdateException: DELETE on table 'DBS' caused a violation of foreign key constraint 'TBLS_FK1' for key (2).  The statement has been rolled back.)
2024-04-24T11:27:30,569  INFO [main] metadata.Hive: Dumping metastore api call timing information for : execution phase
2024-04-24T11:27:30,569  INFO [main] metadata.Hive: Total time spent in each metastore function (ms): {isCompatibleWith_(Configuration)=0}
2024-04-24T11:27:30,570  INFO [main] ql.Driver: Completed executing command(queryId=alex_20240424112656_1fa93c9f-f499-4778-8e1b-e92b23428248); Time taken: 20.556 seconds
]]></system-err>
  </testcase>
  <testcase name="testReadMissingPartitionBasicNeg" classname="org.apache.hive.hcatalog.pig.TestRCFileHCatLoader" time="0.62">
    <error message="FAILED: Execution Error, return code 40000 from org.apache.hadoop.hive.ql.ddl.DDLTask. AlreadyExistsException(message:Table hive.junit_specific_db.junit_specific_size2 already exists)" type="(responseCode = 40000, errorMessage = FAILED"><![CDATA[(responseCode = 40000, errorMessage = FAILED: Execution Error, return code 40000 from org.apache.hadoop.hive.ql.ddl.DDLTask. AlreadyExistsException(message:Table hive.junit_specific_db.junit_specific_size2 already exists), hiveErrorCode = 40000, SQLState = 08S01, exception = AlreadyExistsException(message:Table hive.junit_specific_db.junit_specific_size2 already exists))
	at org.apache.hadoop.hive.ql.DriverUtils.createProcessorException(DriverUtils.java:153)
	at org.apache.hadoop.hive.ql.Executor.handleTaskFailure(Executor.java:403)
	at org.apache.hadoop.hive.ql.Executor.handleFinished(Executor.java:285)
	at org.apache.hadoop.hive.ql.Executor.runTasks(Executor.java:246)
	at org.apache.hadoop.hive.ql.Executor.execute(Executor.java:108)
	at org.apache.hadoop.hive.ql.Driver.execute(Driver.java:348)
	at org.apache.hadoop.hive.ql.Driver.runInternal(Driver.java:204)
	at org.apache.hadoop.hive.ql.Driver.run(Driver.java:153)
	at org.apache.hadoop.hive.ql.Driver.run(Driver.java:148)
	at org.apache.hadoop.hive.ql.reexec.ReExecDriver.run(ReExecDriver.java:164)
	at org.apache.hadoop.hive.ql.reexec.ReExecDriver.run(ReExecDriver.java:230)
	at org.apache.hive.hcatalog.pig.AbstractHCatLoaderTest.executeStatementOnDriver(AbstractHCatLoaderTest.java:151)
	at org.apache.hive.hcatalog.pig.AbstractHCatLoaderTest.createTable(AbstractHCatLoaderTest.java:134)
	at org.apache.hive.hcatalog.pig.AbstractHCatLoaderTest.createTable(AbstractHCatLoaderTest.java:104)
	at org.apache.hive.hcatalog.pig.AbstractHCatLoaderTest.createTable(AbstractHCatLoaderTest.java:138)
	at org.apache.hive.hcatalog.pig.AbstractHCatLoaderTest.setUpTest(AbstractHCatLoaderTest.java:172)
	at sun.reflect.NativeMethodAccessorImpl.invoke0(Native Method)
	at sun.reflect.NativeMethodAccessorImpl.invoke(NativeMethodAccessorImpl.java:62)
	at sun.reflect.DelegatingMethodAccessorImpl.invoke(DelegatingMethodAccessorImpl.java:43)
	at java.lang.reflect.Method.invoke(Method.java:498)
	at org.junit.runners.model.FrameworkMethod$1.runReflectiveCall(FrameworkMethod.java:59)
	at org.junit.internal.runners.model.ReflectiveCallable.run(ReflectiveCallable.java:12)
	at org.junit.runners.model.FrameworkMethod.invokeExplosively(FrameworkMethod.java:56)
	at org.junit.internal.runners.statements.RunBefores.invokeMethod(RunBefores.java:33)
	at org.junit.internal.runners.statements.RunBefores.evaluate(RunBefores.java:24)
	at org.junit.internal.runners.statements.RunAfters.evaluate(RunAfters.java:27)
	at org.junit.runners.ParentRunner$3.evaluate(ParentRunner.java:306)
	at org.junit.runners.BlockJUnit4ClassRunner$1.evaluate(BlockJUnit4ClassRunner.java:100)
	at org.junit.runners.ParentRunner.runLeaf(ParentRunner.java:366)
	at org.junit.runners.BlockJUnit4ClassRunner.runChild(BlockJUnit4ClassRunner.java:103)
	at org.junit.runners.BlockJUnit4ClassRunner.runChild(BlockJUnit4ClassRunner.java:63)
	at org.junit.runners.ParentRunner$4.run(ParentRunner.java:331)
	at org.junit.runners.ParentRunner$1.schedule(ParentRunner.java:79)
	at org.junit.runners.ParentRunner.runChildren(ParentRunner.java:329)
	at org.junit.runners.ParentRunner.access$100(ParentRunner.java:66)
	at org.junit.runners.ParentRunner$2.evaluate(ParentRunner.java:293)
	at org.junit.internal.runners.statements.RunBefores.evaluate(RunBefores.java:26)
	at org.junit.runners.ParentRunner$3.evaluate(ParentRunner.java:306)
	at org.junit.runners.ParentRunner.run(ParentRunner.java:413)
	at org.junit.runners.Suite.runChild(Suite.java:128)
	at org.junit.runners.Suite.runChild(Suite.java:27)
	at org.junit.runners.ParentRunner$4.run(ParentRunner.java:331)
	at org.junit.runners.ParentRunner$1.schedule(ParentRunner.java:79)
	at org.junit.runners.ParentRunner.runChildren(ParentRunner.java:329)
	at org.junit.runners.ParentRunner.access$100(ParentRunner.java:66)
	at org.junit.runners.ParentRunner$2.evaluate(ParentRunner.java:293)
	at org.junit.runners.ParentRunner$3.evaluate(ParentRunner.java:306)
	at org.junit.runners.ParentRunner.run(ParentRunner.java:413)
	at org.apache.maven.surefire.junitcore.JUnitCore.run(JUnitCore.java:55)
	at org.apache.maven.surefire.junitcore.JUnitCoreWrapper.createRequestAndRun(JUnitCoreWrapper.java:137)
	at org.apache.maven.surefire.junitcore.JUnitCoreWrapper.executeEager(JUnitCoreWrapper.java:107)
	at org.apache.maven.surefire.junitcore.JUnitCoreWrapper.execute(JUnitCoreWrapper.java:83)
	at org.apache.maven.surefire.junitcore.JUnitCoreWrapper.execute(JUnitCoreWrapper.java:75)
	at org.apache.maven.surefire.junitcore.JUnitCoreProvider.invoke(JUnitCoreProvider.java:158)
	at org.apache.maven.surefire.booter.ForkedBooter.runSuitesInProcess(ForkedBooter.java:377)
	at org.apache.maven.surefire.booter.ForkedBooter.execute(ForkedBooter.java:138)
	at org.apache.maven.surefire.booter.ForkedBooter.run(ForkedBooter.java:465)
	at org.apache.maven.surefire.booter.ForkedBooter.main(ForkedBooter.java:451)
Caused by: org.apache.hadoop.hive.ql.metadata.HiveException: AlreadyExistsException(message:Table hive.junit_specific_db.junit_specific_size2 already exists)
	at org.apache.hadoop.hive.ql.metadata.Hive.createTable(Hive.java:1298)
	at org.apache.hadoop.hive.ql.metadata.Hive.createTable(Hive.java:1306)
	at org.apache.hadoop.hive.ql.ddl.table.create.CreateTableOperation.createTableNonReplaceMode(CreateTableOperation.java:140)
	at org.apache.hadoop.hive.ql.ddl.table.create.CreateTableOperation.execute(CreateTableOperation.java:98)
	at org.apache.hadoop.hive.ql.ddl.DDLTask.execute(DDLTask.java:84)
	at org.apache.hadoop.hive.ql.exec.Task.executeTask(Task.java:212)
	at org.apache.hadoop.hive.ql.exec.TaskRunner.runSequential(TaskRunner.java:105)
	at org.apache.hadoop.hive.ql.Executor.launchTask(Executor.java:361)
	at org.apache.hadoop.hive.ql.Executor.launchTasks(Executor.java:334)
	at org.apache.hadoop.hive.ql.Executor.runTasks(Executor.java:245)
	... 54 more
Caused by: AlreadyExistsException(message:Table hive.junit_specific_db.junit_specific_size2 already exists)
	at org.apache.hadoop.hive.metastore.HMSHandler.create_table_core(HMSHandler.java:2339)
	at org.apache.hadoop.hive.metastore.HMSHandler.create_table_req(HMSHandler.java:2598)
	at sun.reflect.NativeMethodAccessorImpl.invoke0(Native Method)
	at sun.reflect.NativeMethodAccessorImpl.invoke(NativeMethodAccessorImpl.java:62)
	at sun.reflect.DelegatingMethodAccessorImpl.invoke(DelegatingMethodAccessorImpl.java:43)
	at java.lang.reflect.Method.invoke(Method.java:498)
	at org.apache.hadoop.hive.metastore.RetryingHMSHandler.invokeInternal(RetryingHMSHandler.java:147)
	at org.apache.hadoop.hive.metastore.RetryingHMSHandler.invoke(RetryingHMSHandler.java:108)
	at com.sun.proxy.$Proxy35.create_table_req(Unknown Source)
	at org.apache.hadoop.hive.metastore.HiveMetaStoreClient.create_table_with_environment_context(HiveMetaStoreClient.java:4408)
	at org.apache.hadoop.hive.ql.metadata.SessionHiveMetaStoreClient.create_table_with_environment_context(SessionHiveMetaStoreClient.java:182)
	at org.apache.hadoop.hive.metastore.HiveMetaStoreClient.createTable(HiveMetaStoreClient.java:1260)
	at org.apache.hadoop.hive.metastore.HiveMetaStoreClient.createTable(HiveMetaStoreClient.java:1245)
	at sun.reflect.NativeMethodAccessorImpl.invoke0(Native Method)
	at sun.reflect.NativeMethodAccessorImpl.invoke(NativeMethodAccessorImpl.java:62)
	at sun.reflect.DelegatingMethodAccessorImpl.invoke(DelegatingMethodAccessorImpl.java:43)
	at java.lang.reflect.Method.invoke(Method.java:498)
	at org.apache.hadoop.hive.metastore.RetryingMetaStoreClient.invoke(RetryingMetaStoreClient.java:218)
	at com.sun.proxy.$Proxy45.createTable(Unknown Source)
	at org.apache.hadoop.hive.ql.metadata.Hive.createTable(Hive.java:1290)
	... 63 more
]]></error>
    <system-err><![CDATA[2024-04-24T11:27:30,613  WARN [main] conf.HiveConf: HiveConf of name hive.metastore.metadb.dir does not exist
2024-04-24T11:27:30,613  WARN [main] conf.HiveConf: HiveConf of name hive.dummyparam.test.server.specific.config.override does not exist
2024-04-24T11:27:30,613  WARN [main] conf.HiveConf: HiveConf of name hive.llap.io.cache.orc.alloc.min does not exist
2024-04-24T11:27:30,613  WARN [main] conf.HiveConf: HiveConf of name hive.dummyparam.test.server.specific.config.metastoresite does not exist
2024-04-24T11:27:30,613  WARN [main] conf.HiveConf: HiveConf of name hive.llap.io.cache.orc.alloc.max does not exist
2024-04-24T11:27:30,613  WARN [main] conf.HiveConf: HiveConf of name hive.metastore.client.cache.recordStats does not exist
2024-04-24T11:27:30,613  WARN [main] conf.HiveConf: HiveConf of name hive.stats.key.prefix.reserve.length does not exist
2024-04-24T11:27:30,614  WARN [main] conf.HiveConf: HiveConf of name hive.llap.io.cache.orc.size does not exist
2024-04-24T11:27:30,614  WARN [main] conf.HiveConf: HiveConf of name hive.dummyparam.test.server.specific.config.hivesite does not exist
2024-04-24T11:27:30,614  WARN [main] conf.HiveConf: HiveConf of name hive.metastore.client.cache.maxSize does not exist
2024-04-24T11:27:30,614  WARN [main] conf.HiveConf: HiveConf of name hive.llap.io.cache.orc.arena.size does not exist
2024-04-24T11:27:30,616  INFO [main] metastore.HiveMetaStoreClient: HMS client filtering is enabled.
2024-04-24T11:27:30,616  INFO [main] metastore.PersistenceManagerProvider: Configuration datanucleus.autoStartMechanismMode is not set. Defaulting to 'ignored'
2024-04-24T11:27:30,616  INFO [main] metastore.ObjectStore: RawStore: org.apache.hadoop.hive.metastore.ObjectStore@65859b44, with PersistenceManager: org.datanucleus.api.jdo.JDOPersistenceManager@ef85567 will be shutdown
2024-04-24T11:27:30,617  INFO [main] metastore.ObjectStore: RawStore: org.apache.hadoop.hive.metastore.ObjectStore@65859b44, with PersistenceManager: org.datanucleus.api.jdo.JDOPersistenceManager@5b7600ec created in the thread with id: 1
2024-04-24T11:27:30,646  INFO [main] metastore.HMSHandler: HMS server filtering is disabled by configuration
Hive Session ID = 41b6db20-abb2-4911-8e8d-e23910b39cc8
2024-04-24T11:27:30,647  INFO [main] SessionState: Hive Session ID = 41b6db20-abb2-4911-8e8d-e23910b39cc8
ivysettings.xml file not found in HIVE_HOME or HIVE_CONF_DIR,file:/home/alex/.m2/repository/org/apache/pig/pig/0.16.0/pig-0.16.0-h2.jar!/ivysettings.xml will be used
2024-04-24T11:27:30,647  INFO [main] DependencyResolver: ivysettings.xml file not found in HIVE_HOME or HIVE_CONF_DIR,file:/home/alex/.m2/repository/org/apache/pig/pig/0.16.0/pig-0.16.0-h2.jar!/ivysettings.xml will be used
2024-04-24T11:27:30,653  INFO [main] session.SessionState: Created HDFS directory: /home/alex/Repositories/hive/hcatalog/hcatalog-pig-adapter/target/tmp/scratchdir/alex/41b6db20-abb2-4911-8e8d-e23910b39cc8
2024-04-24T11:27:30,655  INFO [main] session.SessionState: Created local directory: /home/alex/Repositories/hive/hcatalog/hcatalog-pig-adapter/target/tmp/localscratchdir/41b6db20-abb2-4911-8e8d-e23910b39cc8
2024-04-24T11:27:30,658  INFO [main] session.SessionState: Created HDFS directory: /home/alex/Repositories/hive/hcatalog/hcatalog-pig-adapter/target/tmp/scratchdir/alex/41b6db20-abb2-4911-8e8d-e23910b39cc8/_tmp_space.db
2024-04-24T11:27:30,658  INFO [main] ql.Driver: Compiling command(queryId=alex_20240424112730_7943068e-bf4b-4f10-9301-389f2d8baa26): use default
2024-04-24T11:27:30,659  INFO [main] HiveMetaStore.audit: ugi=alex	ip=unknown-ip-addr	cmd=get_database: default	
2024-04-24T11:27:30,660  INFO [main] ql.Driver: Semantic Analysis Completed (retrial = false)
2024-04-24T11:27:30,661  INFO [main] ql.Driver: Created Hive schema: Schema(fieldSchemas:null, properties:null)
2024-04-24T11:27:30,661  INFO [main] metadata.Hive: Dumping metastore api call timing information for : compilation phase
2024-04-24T11:27:30,661  INFO [main] metadata.Hive: Total time spent in each metastore function (ms): {isCompatibleWith_(Configuration)=0, getDatabase_(String)=1, flushCache_()=0}
2024-04-24T11:27:30,661  INFO [main] ql.Driver: Completed compiling command(queryId=alex_20240424112730_7943068e-bf4b-4f10-9301-389f2d8baa26); Time taken: 0.003 seconds
2024-04-24T11:27:30,661  INFO [main] reexec.ReExecDriver: Execution #1 of query
2024-04-24T11:27:30,661  INFO [main] ql.Driver: Concurrency mode is disabled, not creating a lock manager
2024-04-24T11:27:30,661  INFO [main] ql.Driver: Executing command(queryId=alex_20240424112730_7943068e-bf4b-4f10-9301-389f2d8baa26): use default
2024-04-24T11:27:30,662  INFO [main] ql.Driver: Starting task [Stage-0:DDL] in serial mode
2024-04-24T11:27:30,662  INFO [main] HiveMetaStore.audit: ugi=alex	ip=unknown-ip-addr	cmd=get_database: default	
2024-04-24T11:27:30,664  INFO [main] HiveMetaStore.audit: ugi=alex	ip=unknown-ip-addr	cmd=get_database: default	
2024-04-24T11:27:30,665  INFO [main] metadata.Hive: Dumping metastore api call timing information for : execution phase
2024-04-24T11:27:30,665  INFO [main] metadata.Hive: Total time spent in each metastore function (ms): {getDatabase_(String)=3, isCompatibleWith_(Configuration)=0}
2024-04-24T11:27:30,665  INFO [main] ql.Driver: Completed executing command(queryId=alex_20240424112730_7943068e-bf4b-4f10-9301-389f2d8baa26); Time taken: 0.004 seconds
2024-04-24T11:27:30,666  INFO [main] ql.Driver: Compiling command(queryId=alex_20240424112730_7943068e-bf4b-4f10-9301-389f2d8baa26): create table junit_unparted_basic(a int, b string) stored as RCFILE TBLPROPERTIES ('transactional'='false')
2024-04-24T11:27:30,667  INFO [main] parse.CalcitePlanner: Starting caching scope for: alex_20240424112730_7943068e-bf4b-4f10-9301-389f2d8baa26
2024-04-24T11:27:30,667  INFO [main] parse.CalcitePlanner: Starting Semantic Analysis
2024-04-24T11:27:30,667  INFO [main] sqlstd.SQLStdHiveAccessController: Created SQLStdHiveAccessController for session context : HiveAuthzSessionContext [sessionString=41b6db20-abb2-4911-8e8d-e23910b39cc8, clientType=HIVECLI]
2024-04-24T11:27:30,667  INFO [main] metastore.HiveMetaStoreClient: Mestastore configuration metastore.filter.hook changed from org.apache.hadoop.hive.metastore.DefaultMetaStoreFilterHookImpl to org.apache.hadoop.hive.ql.security.authorization.plugin.AuthorizationMetaStoreFilterHook
2024-04-24T11:27:30,667  INFO [main] HiveMetaStore.audit: ugi=alex	ip=unknown-ip-addr	cmd=Cleaning up thread local RawStore...	
2024-04-24T11:27:30,667  INFO [main] metastore.ObjectStore: RawStore: org.apache.hadoop.hive.metastore.ObjectStore@65859b44, with PersistenceManager: org.datanucleus.api.jdo.JDOPersistenceManager@5b7600ec will be shutdown
2024-04-24T11:27:30,667  INFO [main] HiveMetaStore.audit: ugi=alex	ip=unknown-ip-addr	cmd=Done cleaning up thread local RawStore	
2024-04-24T11:27:30,668  INFO [main] metastore.HiveMetaStoreClient: Closed a connection to metastore, current connections: -4
2024-04-24T11:27:30,668  INFO [main] metastore.HiveMetaStoreClient: HMS client filtering is enabled.
2024-04-24T11:27:30,669  INFO [main] metastore.HMSHandler: 0: Opening raw store with implementation class:org.apache.hadoop.hive.metastore.ObjectStore
2024-04-24T11:27:30,670  INFO [main] metastore.PersistenceManagerProvider: Configuration datanucleus.autoStartMechanismMode is not set. Defaulting to 'ignored'
2024-04-24T11:27:30,670  INFO [main] metastore.ObjectStore: RawStore: org.apache.hadoop.hive.metastore.ObjectStore@411b75b4, with PersistenceManager: null will be shutdown
2024-04-24T11:27:30,670  INFO [main] metastore.ObjectStore: RawStore: org.apache.hadoop.hive.metastore.ObjectStore@411b75b4, with PersistenceManager: org.datanucleus.api.jdo.JDOPersistenceManager@4f63219e created in the thread with id: 1
2024-04-24T11:27:30,673  INFO [main] metastore.HMSHandler: Created RawStore: org.apache.hadoop.hive.metastore.ObjectStore@411b75b4 from thread id: 1
2024-04-24T11:27:30,673  INFO [main] metastore.HMSHandler: HMS server filtering is disabled by configuration
2024-04-24T11:27:30,673  INFO [main] metastore.RetryingMetaStoreClient: RetryingMetaStoreClient proxy=class org.apache.hadoop.hive.ql.metadata.SessionHiveMetaStoreClient ugi=alex (auth:SIMPLE) retries=1 delay=1 lifetime=0
2024-04-24T11:27:30,673  INFO [main] parse.CalcitePlanner: Creating table default.junit_unparted_basic position=13
2024-04-24T11:27:30,674  INFO [main] metastore.HiveMetaStoreClient: HMS client filtering is enabled.
2024-04-24T11:27:30,674  INFO [main] metastore.PersistenceManagerProvider: Configuration datanucleus.autoStartMechanismMode is not set. Defaulting to 'ignored'
2024-04-24T11:27:30,674  INFO [main] metastore.ObjectStore: RawStore: org.apache.hadoop.hive.metastore.ObjectStore@411b75b4, with PersistenceManager: org.datanucleus.api.jdo.JDOPersistenceManager@4f63219e will be shutdown
2024-04-24T11:27:30,675  INFO [main] metastore.ObjectStore: RawStore: org.apache.hadoop.hive.metastore.ObjectStore@411b75b4, with PersistenceManager: org.datanucleus.api.jdo.JDOPersistenceManager@5112858c created in the thread with id: 1
2024-04-24T11:27:30,677  INFO [main] metastore.HMSHandler: HMS server filtering is disabled by configuration
2024-04-24T11:27:30,677  INFO [main] metastore.RetryingMetaStoreClient: RetryingMetaStoreClient proxy=class org.apache.hadoop.hive.ql.metadata.SessionHiveMetaStoreClient ugi=alex (auth:SIMPLE) retries=1 delay=1 lifetime=0
2024-04-24T11:27:30,677  INFO [main] HiveMetaStore.audit: ugi=alex	ip=unknown-ip-addr	cmd=get_database: default	
2024-04-24T11:27:30,679  INFO [main] parse.CalcitePlanner: Ending caching scope for: alex_20240424112730_7943068e-bf4b-4f10-9301-389f2d8baa26
2024-04-24T11:27:30,679  INFO [main] ql.Driver: Semantic Analysis Completed (retrial = false)
2024-04-24T11:27:30,679  INFO [main] ql.Driver: Created Hive schema: Schema(fieldSchemas:null, properties:null)
2024-04-24T11:27:30,679  INFO [main] metadata.Hive: Dumping metastore api call timing information for : compilation phase
2024-04-24T11:27:30,679  INFO [main] metadata.Hive: Total time spent in each metastore function (ms): {}
2024-04-24T11:27:30,679  INFO [main] ql.Driver: Completed compiling command(queryId=alex_20240424112730_7943068e-bf4b-4f10-9301-389f2d8baa26); Time taken: 0.013 seconds
2024-04-24T11:27:30,679  INFO [main] reexec.ReExecDriver: Execution #1 of query
2024-04-24T11:27:30,679  INFO [main] ql.Driver: Concurrency mode is disabled, not creating a lock manager
2024-04-24T11:27:30,679  INFO [main] ql.Driver: Executing command(queryId=alex_20240424112730_7943068e-bf4b-4f10-9301-389f2d8baa26): create table junit_unparted_basic(a int, b string) stored as RCFILE TBLPROPERTIES ('transactional'='false')
2024-04-24T11:27:30,680  INFO [main] ql.Driver: Starting task [Stage-0:DDL] in serial mode
2024-04-24T11:27:30,680  INFO [main] metastore.HiveMetaStoreClient: Mestastore configuration metastore.filter.hook changed from org.apache.hadoop.hive.ql.security.authorization.plugin.AuthorizationMetaStoreFilterHook to org.apache.hadoop.hive.metastore.DefaultMetaStoreFilterHookImpl
2024-04-24T11:27:30,680  INFO [main] HiveMetaStore.audit: ugi=alex	ip=unknown-ip-addr	cmd=Cleaning up thread local RawStore...	
2024-04-24T11:27:30,680  INFO [main] metastore.ObjectStore: RawStore: org.apache.hadoop.hive.metastore.ObjectStore@411b75b4, with PersistenceManager: org.datanucleus.api.jdo.JDOPersistenceManager@5112858c will be shutdown
2024-04-24T11:27:30,680  INFO [main] HiveMetaStore.audit: ugi=alex	ip=unknown-ip-addr	cmd=Done cleaning up thread local RawStore	
2024-04-24T11:27:30,680  INFO [main] metastore.HiveMetaStoreClient: Closed a connection to metastore, current connections: -5
2024-04-24T11:27:30,682  INFO [main] metastore.HiveMetaStoreClient: HMS client filtering is enabled.
2024-04-24T11:27:30,683  INFO [main] metastore.HMSHandler: 0: Opening raw store with implementation class:org.apache.hadoop.hive.metastore.ObjectStore
2024-04-24T11:27:30,683  INFO [main] metastore.PersistenceManagerProvider: Configuration datanucleus.autoStartMechanismMode is not set. Defaulting to 'ignored'
2024-04-24T11:27:30,683  INFO [main] metastore.ObjectStore: RawStore: org.apache.hadoop.hive.metastore.ObjectStore@309d9033, with PersistenceManager: null will be shutdown
2024-04-24T11:27:30,683  INFO [main] metastore.ObjectStore: RawStore: org.apache.hadoop.hive.metastore.ObjectStore@309d9033, with PersistenceManager: org.datanucleus.api.jdo.JDOPersistenceManager@23674e3d created in the thread with id: 1
2024-04-24T11:27:30,685  INFO [main] metastore.HMSHandler: Created RawStore: org.apache.hadoop.hive.metastore.ObjectStore@309d9033 from thread id: 1
2024-04-24T11:27:30,686  INFO [main] metastore.HMSHandler: HMS server filtering is disabled by configuration
2024-04-24T11:27:30,686  INFO [main] metastore.RetryingMetaStoreClient: RetryingMetaStoreClient proxy=class org.apache.hadoop.hive.ql.metadata.SessionHiveMetaStoreClient ugi=alex (auth:SIMPLE) retries=1 delay=1 lifetime=0
2024-04-24T11:27:30,686  INFO [main] HiveMetaStore.audit: ugi=alex	ip=unknown-ip-addr	cmd=create_table_req: Table(tableName:junit_unparted_basic, dbName:default, owner:alex, createTime:1713983250, lastAccessTime:0, retention:0, sd:StorageDescriptor(cols:[FieldSchema(name:a, type:int, comment:null), FieldSchema(name:b, type:string, comment:null)], location:null, inputFormat:org.apache.hadoop.hive.ql.io.RCFileInputFormat, outputFormat:org.apache.hadoop.hive.ql.io.RCFileOutputFormat, compressed:false, numBuckets:-1, serdeInfo:SerDeInfo(name:null, serializationLib:org.apache.hadoop.hive.serde2.columnar.ColumnarSerDe, parameters:{serialization.format=1}), bucketCols:[], sortCols:[], parameters:{}, skewedInfo:SkewedInfo(skewedColNames:[], skewedColValues:[], skewedColValueLocationMaps:{}), storedAsSubDirectories:false), partitionKeys:[], parameters:{rawDataSize=0, numFilesErasureCoded=0, numFiles=0, numRows=0, bucketing_version=2, transactional=false, COLUMN_STATS_ACCURATE={"BASIC_STATS":"true","COLUMN_STATS":{"a":"true","b":"true"}}, totalSize=0}, viewOriginalText:null, viewExpandedText:null, tableType:MANAGED_TABLE, privileges:PrincipalPrivilegeSet(userPrivileges:{alex=[PrivilegeGrantInfo(privilege:INSERT, createTime:-1, grantor:alex, grantorType:USER, grantOption:true), PrivilegeGrantInfo(privilege:SELECT, createTime:-1, grantor:alex, grantorType:USER, grantOption:true), PrivilegeGrantInfo(privilege:UPDATE, createTime:-1, grantor:alex, grantorType:USER, grantOption:true), PrivilegeGrantInfo(privilege:DELETE, createTime:-1, grantor:alex, grantorType:USER, grantOption:true)]}, groupPrivileges:null, rolePrivileges:null), temporary:false, catName:hive, ownerType:USER)	
2024-04-24T11:27:30,695  INFO [main] utils.FileUtils: Creating directory if it doesn't exist: file:/home/alex/Repositories/hive/hcatalog/hcatalog-pig-adapter/build/test/data/org.apache.hive.hcatalog.mapreduce.HCatBaseTest-1713983215978/warehouse/junit_unparted_basic
2024-04-24T11:27:30,746  INFO [main] metadata.Hive: Dumping metastore api call timing information for : execution phase
2024-04-24T11:27:30,746  INFO [main] metadata.Hive: Total time spent in each metastore function (ms): {createTable_(Table)=59}
2024-04-24T11:27:30,746  INFO [main] ql.Driver: Completed executing command(queryId=alex_20240424112730_7943068e-bf4b-4f10-9301-389f2d8baa26); Time taken: 0.067 seconds
2024-04-24T11:27:30,747  INFO [main] ql.Driver: Compiling command(queryId=alex_20240424112730_7943068e-bf4b-4f10-9301-389f2d8baa26): use default
2024-04-24T11:27:30,747  INFO [main] HiveMetaStore.audit: ugi=alex	ip=unknown-ip-addr	cmd=get_database: default	
2024-04-24T11:27:30,749  INFO [main] ql.Driver: Semantic Analysis Completed (retrial = false)
2024-04-24T11:27:30,749  INFO [main] ql.Driver: Created Hive schema: Schema(fieldSchemas:null, properties:null)
2024-04-24T11:27:30,750  INFO [main] metadata.Hive: Dumping metastore api call timing information for : compilation phase
2024-04-24T11:27:30,750  INFO [main] metadata.Hive: Total time spent in each metastore function (ms): {getDatabase_(String)=2, flushCache_()=0, isCompatibleWith_(Configuration)=0}
2024-04-24T11:27:30,750  INFO [main] ql.Driver: Completed compiling command(queryId=alex_20240424112730_7943068e-bf4b-4f10-9301-389f2d8baa26); Time taken: 0.002 seconds
2024-04-24T11:27:30,750  INFO [main] reexec.ReExecDriver: Execution #1 of query
2024-04-24T11:27:30,750  INFO [main] ql.Driver: Concurrency mode is disabled, not creating a lock manager
2024-04-24T11:27:30,750  INFO [main] ql.Driver: Executing command(queryId=alex_20240424112730_7943068e-bf4b-4f10-9301-389f2d8baa26): use default
2024-04-24T11:27:30,750  INFO [main] ql.Driver: Starting task [Stage-0:DDL] in serial mode
2024-04-24T11:27:30,751  INFO [main] HiveMetaStore.audit: ugi=alex	ip=unknown-ip-addr	cmd=get_database: default	
2024-04-24T11:27:30,753  INFO [main] HiveMetaStore.audit: ugi=alex	ip=unknown-ip-addr	cmd=get_database: default	
2024-04-24T11:27:30,755  INFO [main] metadata.Hive: Dumping metastore api call timing information for : execution phase
2024-04-24T11:27:30,755  INFO [main] metadata.Hive: Total time spent in each metastore function (ms): {isCompatibleWith_(Configuration)=1, getDatabase_(String)=4}
2024-04-24T11:27:30,755  INFO [main] ql.Driver: Completed executing command(queryId=alex_20240424112730_7943068e-bf4b-4f10-9301-389f2d8baa26); Time taken: 0.005 seconds
2024-04-24T11:27:30,756  INFO [main] ql.Driver: Compiling command(queryId=alex_20240424112730_7943068e-bf4b-4f10-9301-389f2d8baa26): create table junit_unparted_complex(name string, studentid int, contact struct<phno:string,email:string>, currently_registered_courses array<string>, current_grades map<string,string>, phnos array<struct<phno:string,type:string>>) stored as RCFILE TBLPROPERTIES ('transactional'='false')
2024-04-24T11:27:30,757  INFO [main] parse.CalcitePlanner: Starting caching scope for: alex_20240424112730_7943068e-bf4b-4f10-9301-389f2d8baa26
2024-04-24T11:27:30,757  INFO [main] parse.CalcitePlanner: Starting Semantic Analysis
2024-04-24T11:27:30,757  INFO [main] parse.CalcitePlanner: Creating table default.junit_unparted_complex position=13
2024-04-24T11:27:30,757  INFO [main] HiveMetaStore.audit: ugi=alex	ip=unknown-ip-addr	cmd=get_database: default	
2024-04-24T11:27:30,760  INFO [main] parse.CalcitePlanner: Ending caching scope for: alex_20240424112730_7943068e-bf4b-4f10-9301-389f2d8baa26
2024-04-24T11:27:30,760  INFO [main] ql.Driver: Semantic Analysis Completed (retrial = false)
2024-04-24T11:27:30,760  INFO [main] ql.Driver: Created Hive schema: Schema(fieldSchemas:null, properties:null)
2024-04-24T11:27:30,760  INFO [main] metadata.Hive: Dumping metastore api call timing information for : compilation phase
2024-04-24T11:27:30,760  INFO [main] metadata.Hive: Total time spent in each metastore function (ms): {getDatabase_(String)=3, isCompatibleWith_(Configuration)=0, flushCache_()=0}
2024-04-24T11:27:30,760  INFO [main] ql.Driver: Completed compiling command(queryId=alex_20240424112730_7943068e-bf4b-4f10-9301-389f2d8baa26); Time taken: 0.004 seconds
2024-04-24T11:27:30,760  INFO [main] reexec.ReExecDriver: Execution #1 of query
2024-04-24T11:27:30,760  INFO [main] ql.Driver: Concurrency mode is disabled, not creating a lock manager
2024-04-24T11:27:30,760  INFO [main] ql.Driver: Executing command(queryId=alex_20240424112730_7943068e-bf4b-4f10-9301-389f2d8baa26): create table junit_unparted_complex(name string, studentid int, contact struct<phno:string,email:string>, currently_registered_courses array<string>, current_grades map<string,string>, phnos array<struct<phno:string,type:string>>) stored as RCFILE TBLPROPERTIES ('transactional'='false')
2024-04-24T11:27:30,761  INFO [main] ql.Driver: Starting task [Stage-0:DDL] in serial mode
2024-04-24T11:27:30,762  INFO [main] HiveMetaStore.audit: ugi=alex	ip=unknown-ip-addr	cmd=create_table_req: Table(tableName:junit_unparted_complex, dbName:default, owner:alex, createTime:1713983250, lastAccessTime:0, retention:0, sd:StorageDescriptor(cols:[FieldSchema(name:name, type:string, comment:null), FieldSchema(name:studentid, type:int, comment:null), FieldSchema(name:contact, type:struct<phno:string,email:string>, comment:null), FieldSchema(name:currently_registered_courses, type:array<string>, comment:null), FieldSchema(name:current_grades, type:map<string,string>, comment:null), FieldSchema(name:phnos, type:array<struct<phno:string,type:string>>, comment:null)], location:null, inputFormat:org.apache.hadoop.hive.ql.io.RCFileInputFormat, outputFormat:org.apache.hadoop.hive.ql.io.RCFileOutputFormat, compressed:false, numBuckets:-1, serdeInfo:SerDeInfo(name:null, serializationLib:org.apache.hadoop.hive.serde2.columnar.ColumnarSerDe, parameters:{serialization.format=1}), bucketCols:[], sortCols:[], parameters:{}, skewedInfo:SkewedInfo(skewedColNames:[], skewedColValues:[], skewedColValueLocationMaps:{}), storedAsSubDirectories:false), partitionKeys:[], parameters:{transactional=false, numRows=0, numFilesErasureCoded=0, COLUMN_STATS_ACCURATE={"BASIC_STATS":"true","COLUMN_STATS":{"contact":"true","current_grades":"true","currently_registered_courses":"true","name":"true","phnos":"true","studentid":"true"}}, totalSize=0, numFiles=0, rawDataSize=0, bucketing_version=2}, viewOriginalText:null, viewExpandedText:null, tableType:MANAGED_TABLE, privileges:PrincipalPrivilegeSet(userPrivileges:{alex=[PrivilegeGrantInfo(privilege:INSERT, createTime:-1, grantor:alex, grantorType:USER, grantOption:true), PrivilegeGrantInfo(privilege:SELECT, createTime:-1, grantor:alex, grantorType:USER, grantOption:true), PrivilegeGrantInfo(privilege:UPDATE, createTime:-1, grantor:alex, grantorType:USER, grantOption:true), PrivilegeGrantInfo(privilege:DELETE, createTime:-1, grantor:alex, grantorType:USER, grantOption:true)]}, groupPrivileges:null, rolePrivileges:null), temporary:false, catName:hive, ownerType:USER)	
2024-04-24T11:27:30,770  INFO [main] utils.FileUtils: Creating directory if it doesn't exist: file:/home/alex/Repositories/hive/hcatalog/hcatalog-pig-adapter/build/test/data/org.apache.hive.hcatalog.mapreduce.HCatBaseTest-1713983215978/warehouse/junit_unparted_complex
2024-04-24T11:27:30,792  INFO [main] metadata.Hive: Dumping metastore api call timing information for : execution phase
2024-04-24T11:27:30,792  INFO [main] metadata.Hive: Total time spent in each metastore function (ms): {createTable_(Table)=30, isCompatibleWith_(Configuration)=0}
2024-04-24T11:27:30,792  INFO [main] ql.Driver: Completed executing command(queryId=alex_20240424112730_7943068e-bf4b-4f10-9301-389f2d8baa26); Time taken: 0.032 seconds
2024-04-24T11:27:30,793  INFO [main] ql.Driver: Compiling command(queryId=alex_20240424112730_7943068e-bf4b-4f10-9301-389f2d8baa26): use default
2024-04-24T11:27:30,793  INFO [main] HiveMetaStore.audit: ugi=alex	ip=unknown-ip-addr	cmd=get_database: default	
2024-04-24T11:27:30,795  INFO [main] ql.Driver: Semantic Analysis Completed (retrial = false)
2024-04-24T11:27:30,795  INFO [main] ql.Driver: Created Hive schema: Schema(fieldSchemas:null, properties:null)
2024-04-24T11:27:30,796  INFO [main] metadata.Hive: Dumping metastore api call timing information for : compilation phase
2024-04-24T11:27:30,796  INFO [main] metadata.Hive: Total time spent in each metastore function (ms): {getDatabase_(String)=2, isCompatibleWith_(Configuration)=0, flushCache_()=0}
2024-04-24T11:27:30,796  INFO [main] ql.Driver: Completed compiling command(queryId=alex_20240424112730_7943068e-bf4b-4f10-9301-389f2d8baa26); Time taken: 0.003 seconds
2024-04-24T11:27:30,796  INFO [main] reexec.ReExecDriver: Execution #1 of query
2024-04-24T11:27:30,796  INFO [main] ql.Driver: Concurrency mode is disabled, not creating a lock manager
2024-04-24T11:27:30,796  INFO [main] ql.Driver: Executing command(queryId=alex_20240424112730_7943068e-bf4b-4f10-9301-389f2d8baa26): use default
2024-04-24T11:27:30,796  INFO [main] ql.Driver: Starting task [Stage-0:DDL] in serial mode
2024-04-24T11:27:30,797  INFO [main] HiveMetaStore.audit: ugi=alex	ip=unknown-ip-addr	cmd=get_database: default	
2024-04-24T11:27:30,799  INFO [main] HiveMetaStore.audit: ugi=alex	ip=unknown-ip-addr	cmd=get_database: default	
2024-04-24T11:27:30,801  INFO [main] metadata.Hive: Dumping metastore api call timing information for : execution phase
2024-04-24T11:27:30,801  INFO [main] metadata.Hive: Total time spent in each metastore function (ms): {isCompatibleWith_(Configuration)=0, getDatabase_(String)=4}
2024-04-24T11:27:30,801  INFO [main] ql.Driver: Completed executing command(queryId=alex_20240424112730_7943068e-bf4b-4f10-9301-389f2d8baa26); Time taken: 0.005 seconds
2024-04-24T11:27:30,802  INFO [main] ql.Driver: Compiling command(queryId=alex_20240424112730_7943068e-bf4b-4f10-9301-389f2d8baa26): create table junit_parted_basic(a int, b string) partitioned by (bkt string) stored as RCFILE TBLPROPERTIES ('transactional'='false')
2024-04-24T11:27:30,803  INFO [main] parse.CalcitePlanner: Starting caching scope for: alex_20240424112730_7943068e-bf4b-4f10-9301-389f2d8baa26
2024-04-24T11:27:30,803  INFO [main] parse.CalcitePlanner: Starting Semantic Analysis
2024-04-24T11:27:30,803  INFO [main] parse.CalcitePlanner: Creating table default.junit_parted_basic position=13
2024-04-24T11:27:30,803  INFO [main] HiveMetaStore.audit: ugi=alex	ip=unknown-ip-addr	cmd=get_database: default	
2024-04-24T11:27:30,806  INFO [main] parse.CalcitePlanner: Ending caching scope for: alex_20240424112730_7943068e-bf4b-4f10-9301-389f2d8baa26
2024-04-24T11:27:30,806  INFO [main] ql.Driver: Semantic Analysis Completed (retrial = false)
2024-04-24T11:27:30,806  INFO [main] ql.Driver: Created Hive schema: Schema(fieldSchemas:null, properties:null)
2024-04-24T11:27:30,806  INFO [main] metadata.Hive: Dumping metastore api call timing information for : compilation phase
2024-04-24T11:27:30,806  INFO [main] metadata.Hive: Total time spent in each metastore function (ms): {isCompatibleWith_(Configuration)=0, getDatabase_(String)=3, flushCache_()=0}
2024-04-24T11:27:30,806  INFO [main] ql.Driver: Completed compiling command(queryId=alex_20240424112730_7943068e-bf4b-4f10-9301-389f2d8baa26); Time taken: 0.004 seconds
2024-04-24T11:27:30,806  INFO [main] reexec.ReExecDriver: Execution #1 of query
2024-04-24T11:27:30,806  INFO [main] ql.Driver: Concurrency mode is disabled, not creating a lock manager
2024-04-24T11:27:30,806  INFO [main] ql.Driver: Executing command(queryId=alex_20240424112730_7943068e-bf4b-4f10-9301-389f2d8baa26): create table junit_parted_basic(a int, b string) partitioned by (bkt string) stored as RCFILE TBLPROPERTIES ('transactional'='false')
2024-04-24T11:27:30,807  INFO [main] ql.Driver: Starting task [Stage-0:DDL] in serial mode
2024-04-24T11:27:30,808  INFO [main] HiveMetaStore.audit: ugi=alex	ip=unknown-ip-addr	cmd=create_table_req: Table(tableName:junit_parted_basic, dbName:default, owner:alex, createTime:1713983250, lastAccessTime:0, retention:0, sd:StorageDescriptor(cols:[FieldSchema(name:a, type:int, comment:null), FieldSchema(name:b, type:string, comment:null)], location:null, inputFormat:org.apache.hadoop.hive.ql.io.RCFileInputFormat, outputFormat:org.apache.hadoop.hive.ql.io.RCFileOutputFormat, compressed:false, numBuckets:-1, serdeInfo:SerDeInfo(name:null, serializationLib:org.apache.hadoop.hive.serde2.columnar.ColumnarSerDe, parameters:{serialization.format=1}), bucketCols:[], sortCols:[], parameters:{}, skewedInfo:SkewedInfo(skewedColNames:[], skewedColValues:[], skewedColValueLocationMaps:{}), storedAsSubDirectories:false), partitionKeys:[FieldSchema(name:bkt, type:string, comment:null)], parameters:{transactional=false, bucketing_version=2}, viewOriginalText:null, viewExpandedText:null, tableType:MANAGED_TABLE, privileges:PrincipalPrivilegeSet(userPrivileges:{alex=[PrivilegeGrantInfo(privilege:INSERT, createTime:-1, grantor:alex, grantorType:USER, grantOption:true), PrivilegeGrantInfo(privilege:SELECT, createTime:-1, grantor:alex, grantorType:USER, grantOption:true), PrivilegeGrantInfo(privilege:UPDATE, createTime:-1, grantor:alex, grantorType:USER, grantOption:true), PrivilegeGrantInfo(privilege:DELETE, createTime:-1, grantor:alex, grantorType:USER, grantOption:true)]}, groupPrivileges:null, rolePrivileges:null), temporary:false, catName:hive, ownerType:USER)	
2024-04-24T11:27:30,815  INFO [main] utils.FileUtils: Creating directory if it doesn't exist: file:/home/alex/Repositories/hive/hcatalog/hcatalog-pig-adapter/build/test/data/org.apache.hive.hcatalog.mapreduce.HCatBaseTest-1713983215978/warehouse/junit_parted_basic
2024-04-24T11:27:30,834  INFO [main] metadata.Hive: Dumping metastore api call timing information for : execution phase
2024-04-24T11:27:30,834  INFO [main] metadata.Hive: Total time spent in each metastore function (ms): {createTable_(Table)=27, isCompatibleWith_(Configuration)=0}
2024-04-24T11:27:30,835  INFO [main] ql.Driver: Completed executing command(queryId=alex_20240424112730_7943068e-bf4b-4f10-9301-389f2d8baa26); Time taken: 0.028 seconds
2024-04-24T11:27:30,835  INFO [main] ql.Driver: Compiling command(queryId=alex_20240424112730_7943068e-bf4b-4f10-9301-389f2d8baa26): use default
2024-04-24T11:27:30,836  INFO [main] HiveMetaStore.audit: ugi=alex	ip=unknown-ip-addr	cmd=get_database: default	
2024-04-24T11:27:30,838  INFO [main] ql.Driver: Semantic Analysis Completed (retrial = false)
2024-04-24T11:27:30,838  INFO [main] ql.Driver: Created Hive schema: Schema(fieldSchemas:null, properties:null)
2024-04-24T11:27:30,838  INFO [main] metadata.Hive: Dumping metastore api call timing information for : compilation phase
2024-04-24T11:27:30,838  INFO [main] metadata.Hive: Total time spent in each metastore function (ms): {flushCache_()=0, isCompatibleWith_(Configuration)=0, getDatabase_(String)=2}
2024-04-24T11:27:30,838  INFO [main] ql.Driver: Completed compiling command(queryId=alex_20240424112730_7943068e-bf4b-4f10-9301-389f2d8baa26); Time taken: 0.003 seconds
2024-04-24T11:27:30,838  INFO [main] reexec.ReExecDriver: Execution #1 of query
2024-04-24T11:27:30,838  INFO [main] ql.Driver: Concurrency mode is disabled, not creating a lock manager
2024-04-24T11:27:30,838  INFO [main] ql.Driver: Executing command(queryId=alex_20240424112730_7943068e-bf4b-4f10-9301-389f2d8baa26): use default
2024-04-24T11:27:30,839  INFO [main] ql.Driver: Starting task [Stage-0:DDL] in serial mode
2024-04-24T11:27:30,839  INFO [main] HiveMetaStore.audit: ugi=alex	ip=unknown-ip-addr	cmd=get_database: default	
2024-04-24T11:27:30,841  INFO [main] HiveMetaStore.audit: ugi=alex	ip=unknown-ip-addr	cmd=get_database: default	
2024-04-24T11:27:30,843  INFO [main] metadata.Hive: Dumping metastore api call timing information for : execution phase
2024-04-24T11:27:30,843  INFO [main] metadata.Hive: Total time spent in each metastore function (ms): {getDatabase_(String)=4, isCompatibleWith_(Configuration)=0}
2024-04-24T11:27:30,843  INFO [main] ql.Driver: Completed executing command(queryId=alex_20240424112730_7943068e-bf4b-4f10-9301-389f2d8baa26); Time taken: 0.005 seconds
2024-04-24T11:27:30,844  INFO [main] ql.Driver: Compiling command(queryId=alex_20240424112730_7943068e-bf4b-4f10-9301-389f2d8baa26): create table junit_specific_size(a int, b string) stored as RCFILE TBLPROPERTIES ('transactional'='false')
2024-04-24T11:27:30,845  INFO [main] parse.CalcitePlanner: Starting caching scope for: alex_20240424112730_7943068e-bf4b-4f10-9301-389f2d8baa26
2024-04-24T11:27:30,845  INFO [main] parse.CalcitePlanner: Starting Semantic Analysis
2024-04-24T11:27:30,845  INFO [main] parse.CalcitePlanner: Creating table default.junit_specific_size position=13
2024-04-24T11:27:30,845  INFO [main] HiveMetaStore.audit: ugi=alex	ip=unknown-ip-addr	cmd=get_database: default	
2024-04-24T11:27:30,847  INFO [main] parse.CalcitePlanner: Ending caching scope for: alex_20240424112730_7943068e-bf4b-4f10-9301-389f2d8baa26
2024-04-24T11:27:30,848  INFO [main] ql.Driver: Semantic Analysis Completed (retrial = false)
2024-04-24T11:27:30,848  INFO [main] ql.Driver: Created Hive schema: Schema(fieldSchemas:null, properties:null)
2024-04-24T11:27:30,848  INFO [main] metadata.Hive: Dumping metastore api call timing information for : compilation phase
2024-04-24T11:27:30,848  INFO [main] metadata.Hive: Total time spent in each metastore function (ms): {isCompatibleWith_(Configuration)=0, getDatabase_(String)=2, flushCache_()=0}
2024-04-24T11:27:30,848  INFO [main] ql.Driver: Completed compiling command(queryId=alex_20240424112730_7943068e-bf4b-4f10-9301-389f2d8baa26); Time taken: 0.004 seconds
2024-04-24T11:27:30,848  INFO [main] reexec.ReExecDriver: Execution #1 of query
2024-04-24T11:27:30,848  INFO [main] ql.Driver: Concurrency mode is disabled, not creating a lock manager
2024-04-24T11:27:30,848  INFO [main] ql.Driver: Executing command(queryId=alex_20240424112730_7943068e-bf4b-4f10-9301-389f2d8baa26): create table junit_specific_size(a int, b string) stored as RCFILE TBLPROPERTIES ('transactional'='false')
2024-04-24T11:27:30,849  INFO [main] ql.Driver: Starting task [Stage-0:DDL] in serial mode
2024-04-24T11:27:30,850  INFO [main] HiveMetaStore.audit: ugi=alex	ip=unknown-ip-addr	cmd=create_table_req: Table(tableName:junit_specific_size, dbName:default, owner:alex, createTime:1713983250, lastAccessTime:0, retention:0, sd:StorageDescriptor(cols:[FieldSchema(name:a, type:int, comment:null), FieldSchema(name:b, type:string, comment:null)], location:null, inputFormat:org.apache.hadoop.hive.ql.io.RCFileInputFormat, outputFormat:org.apache.hadoop.hive.ql.io.RCFileOutputFormat, compressed:false, numBuckets:-1, serdeInfo:SerDeInfo(name:null, serializationLib:org.apache.hadoop.hive.serde2.columnar.ColumnarSerDe, parameters:{serialization.format=1}), bucketCols:[], sortCols:[], parameters:{}, skewedInfo:SkewedInfo(skewedColNames:[], skewedColValues:[], skewedColValueLocationMaps:{}), storedAsSubDirectories:false), partitionKeys:[], parameters:{totalSize=0, transactional=false, numFilesErasureCoded=0, COLUMN_STATS_ACCURATE={"BASIC_STATS":"true","COLUMN_STATS":{"a":"true","b":"true"}}, numRows=0, bucketing_version=2, numFiles=0, rawDataSize=0}, viewOriginalText:null, viewExpandedText:null, tableType:MANAGED_TABLE, privileges:PrincipalPrivilegeSet(userPrivileges:{alex=[PrivilegeGrantInfo(privilege:INSERT, createTime:-1, grantor:alex, grantorType:USER, grantOption:true), PrivilegeGrantInfo(privilege:SELECT, createTime:-1, grantor:alex, grantorType:USER, grantOption:true), PrivilegeGrantInfo(privilege:UPDATE, createTime:-1, grantor:alex, grantorType:USER, grantOption:true), PrivilegeGrantInfo(privilege:DELETE, createTime:-1, grantor:alex, grantorType:USER, grantOption:true)]}, groupPrivileges:null, rolePrivileges:null), temporary:false, catName:hive, ownerType:USER)	
2024-04-24T11:27:30,858  INFO [main] utils.FileUtils: Creating directory if it doesn't exist: file:/home/alex/Repositories/hive/hcatalog/hcatalog-pig-adapter/build/test/data/org.apache.hive.hcatalog.mapreduce.HCatBaseTest-1713983215978/warehouse/junit_specific_size
2024-04-24T11:27:30,880  INFO [main] metadata.Hive: Dumping metastore api call timing information for : execution phase
2024-04-24T11:27:30,880  INFO [main] metadata.Hive: Total time spent in each metastore function (ms): {isCompatibleWith_(Configuration)=0, createTable_(Table)=29}
2024-04-24T11:27:30,880  INFO [main] ql.Driver: Completed executing command(queryId=alex_20240424112730_7943068e-bf4b-4f10-9301-389f2d8baa26); Time taken: 0.032 seconds
2024-04-24T11:27:30,881  INFO [main] ql.Driver: Compiling command(queryId=alex_20240424112730_7943068e-bf4b-4f10-9301-389f2d8baa26): create database if not exists junit_specific_db
2024-04-24T11:27:30,881  INFO [main] ql.Driver: Semantic Analysis Completed (retrial = false)
2024-04-24T11:27:30,881  INFO [main] ql.Driver: Created Hive schema: Schema(fieldSchemas:null, properties:null)
2024-04-24T11:27:30,881  INFO [main] metadata.Hive: Dumping metastore api call timing information for : compilation phase
2024-04-24T11:27:30,881  INFO [main] metadata.Hive: Total time spent in each metastore function (ms): {flushCache_()=0, isCompatibleWith_(Configuration)=0}
2024-04-24T11:27:30,882  INFO [main] ql.Driver: Completed compiling command(queryId=alex_20240424112730_7943068e-bf4b-4f10-9301-389f2d8baa26); Time taken: 0.0 seconds
2024-04-24T11:27:30,882  INFO [main] reexec.ReExecDriver: Execution #1 of query
2024-04-24T11:27:30,882  INFO [main] ql.Driver: Concurrency mode is disabled, not creating a lock manager
2024-04-24T11:27:30,882  INFO [main] ql.Driver: Executing command(queryId=alex_20240424112730_7943068e-bf4b-4f10-9301-389f2d8baa26): create database if not exists junit_specific_db
2024-04-24T11:27:30,882  INFO [main] ql.Driver: Starting task [Stage-0:DDL] in serial mode
2024-04-24T11:27:30,882  WARN [main] exec.DDLTask: metastore.warehouse.external.dir is not set, falling back to metastore.warehouse.dir. This could cause external tables to use to managed tablespace.
2024-04-24T11:27:30,882  INFO [main] HiveMetaStore.audit: ugi=alex	ip=unknown-ip-addr	cmd=create_database: Database(name:junit_specific_db, description:null, locationUri:file:/home/alex/Repositories/hive/hcatalog/hcatalog-pig-adapter/build/test/data/org.apache.hive.hcatalog.mapreduce.HCatBaseTest-1713983215978/warehouse/junit_specific_db.db, parameters:null, ownerName:alex, ownerType:USER, catalogName:hive, type:NATIVE)	
2024-04-24T11:27:30,887 ERROR [main] metastore.RetryingHMSHandler: AlreadyExistsException(message:Database junit_specific_db already exists)
	at org.apache.hadoop.hive.metastore.HMSHandler.create_database(HMSHandler.java:1472)
	at sun.reflect.NativeMethodAccessorImpl.invoke0(Native Method)
	at sun.reflect.NativeMethodAccessorImpl.invoke(NativeMethodAccessorImpl.java:62)
	at sun.reflect.DelegatingMethodAccessorImpl.invoke(DelegatingMethodAccessorImpl.java:43)
	at java.lang.reflect.Method.invoke(Method.java:498)
	at org.apache.hadoop.hive.metastore.RetryingHMSHandler.invokeInternal(RetryingHMSHandler.java:147)
	at org.apache.hadoop.hive.metastore.RetryingHMSHandler.invoke(RetryingHMSHandler.java:108)
	at com.sun.proxy.$Proxy35.create_database(Unknown Source)
	at org.apache.hadoop.hive.metastore.HiveMetaStoreClient.createDatabase(HiveMetaStoreClient.java:1151)
	at sun.reflect.NativeMethodAccessorImpl.invoke0(Native Method)
	at sun.reflect.NativeMethodAccessorImpl.invoke(NativeMethodAccessorImpl.java:62)
	at sun.reflect.DelegatingMethodAccessorImpl.invoke(DelegatingMethodAccessorImpl.java:43)
	at java.lang.reflect.Method.invoke(Method.java:498)
	at org.apache.hadoop.hive.metastore.RetryingMetaStoreClient.invoke(RetryingMetaStoreClient.java:218)
	at com.sun.proxy.$Proxy45.createDatabase(Unknown Source)
	at org.apache.hadoop.hive.ql.metadata.Hive.createDatabase(Hive.java:605)
	at org.apache.hadoop.hive.ql.ddl.database.create.CreateDatabaseOperation.execute(CreateDatabaseOperation.java:68)
	at org.apache.hadoop.hive.ql.ddl.DDLTask.execute(DDLTask.java:84)
	at org.apache.hadoop.hive.ql.exec.Task.executeTask(Task.java:212)
	at org.apache.hadoop.hive.ql.exec.TaskRunner.runSequential(TaskRunner.java:105)
	at org.apache.hadoop.hive.ql.Executor.launchTask(Executor.java:361)
	at org.apache.hadoop.hive.ql.Executor.launchTasks(Executor.java:334)
	at org.apache.hadoop.hive.ql.Executor.runTasks(Executor.java:245)
	at org.apache.hadoop.hive.ql.Executor.execute(Executor.java:108)
	at org.apache.hadoop.hive.ql.Driver.execute(Driver.java:348)
	at org.apache.hadoop.hive.ql.Driver.runInternal(Driver.java:204)
	at org.apache.hadoop.hive.ql.Driver.run(Driver.java:153)
	at org.apache.hadoop.hive.ql.Driver.run(Driver.java:148)
	at org.apache.hadoop.hive.ql.reexec.ReExecDriver.run(ReExecDriver.java:164)
	at org.apache.hadoop.hive.ql.reexec.ReExecDriver.run(ReExecDriver.java:230)
	at org.apache.hive.hcatalog.pig.AbstractHCatLoaderTest.executeStatementOnDriver(AbstractHCatLoaderTest.java:151)
	at org.apache.hive.hcatalog.pig.AbstractHCatLoaderTest.createTable(AbstractHCatLoaderTest.java:129)
	at org.apache.hive.hcatalog.pig.AbstractHCatLoaderTest.createTable(AbstractHCatLoaderTest.java:104)
	at org.apache.hive.hcatalog.pig.AbstractHCatLoaderTest.createTable(AbstractHCatLoaderTest.java:138)
	at org.apache.hive.hcatalog.pig.AbstractHCatLoaderTest.setUpTest(AbstractHCatLoaderTest.java:172)
	at sun.reflect.NativeMethodAccessorImpl.invoke0(Native Method)
	at sun.reflect.NativeMethodAccessorImpl.invoke(NativeMethodAccessorImpl.java:62)
	at sun.reflect.DelegatingMethodAccessorImpl.invoke(DelegatingMethodAccessorImpl.java:43)
	at java.lang.reflect.Method.invoke(Method.java:498)
	at org.junit.runners.model.FrameworkMethod$1.runReflectiveCall(FrameworkMethod.java:59)
	at org.junit.internal.runners.model.ReflectiveCallable.run(ReflectiveCallable.java:12)
	at org.junit.runners.model.FrameworkMethod.invokeExplosively(FrameworkMethod.java:56)
	at org.junit.internal.runners.statements.RunBefores.invokeMethod(RunBefores.java:33)
	at org.junit.internal.runners.statements.RunBefores.evaluate(RunBefores.java:24)
	at org.junit.internal.runners.statements.RunAfters.evaluate(RunAfters.java:27)
	at org.junit.runners.ParentRunner$3.evaluate(ParentRunner.java:306)
	at org.junit.runners.BlockJUnit4ClassRunner$1.evaluate(BlockJUnit4ClassRunner.java:100)
	at org.junit.runners.ParentRunner.runLeaf(ParentRunner.java:366)
	at org.junit.runners.BlockJUnit4ClassRunner.runChild(BlockJUnit4ClassRunner.java:103)
	at org.junit.runners.BlockJUnit4ClassRunner.runChild(BlockJUnit4ClassRunner.java:63)
	at org.junit.runners.ParentRunner$4.run(ParentRunner.java:331)
	at org.junit.runners.ParentRunner$1.schedule(ParentRunner.java:79)
	at org.junit.runners.ParentRunner.runChildren(ParentRunner.java:329)
	at org.junit.runners.ParentRunner.access$100(ParentRunner.java:66)
	at org.junit.runners.ParentRunner$2.evaluate(ParentRunner.java:293)
	at org.junit.internal.runners.statements.RunBefores.evaluate(RunBefores.java:26)
	at org.junit.runners.ParentRunner$3.evaluate(ParentRunner.java:306)
	at org.junit.runners.ParentRunner.run(ParentRunner.java:413)
	at org.junit.runners.Suite.runChild(Suite.java:128)
	at org.junit.runners.Suite.runChild(Suite.java:27)
	at org.junit.runners.ParentRunner$4.run(ParentRunner.java:331)
	at org.junit.runners.ParentRunner$1.schedule(ParentRunner.java:79)
	at org.junit.runners.ParentRunner.runChildren(ParentRunner.java:329)
	at org.junit.runners.ParentRunner.access$100(ParentRunner.java:66)
	at org.junit.runners.ParentRunner$2.evaluate(ParentRunner.java:293)
	at org.junit.runners.ParentRunner$3.evaluate(ParentRunner.java:306)
	at org.junit.runners.ParentRunner.run(ParentRunner.java:413)
	at org.apache.maven.surefire.junitcore.JUnitCore.run(JUnitCore.java:55)
	at org.apache.maven.surefire.junitcore.JUnitCoreWrapper.createRequestAndRun(JUnitCoreWrapper.java:137)
	at org.apache.maven.surefire.junitcore.JUnitCoreWrapper.executeEager(JUnitCoreWrapper.java:107)
	at org.apache.maven.surefire.junitcore.JUnitCoreWrapper.execute(JUnitCoreWrapper.java:83)
	at org.apache.maven.surefire.junitcore.JUnitCoreWrapper.execute(JUnitCoreWrapper.java:75)
	at org.apache.maven.surefire.junitcore.JUnitCoreProvider.invoke(JUnitCoreProvider.java:158)
	at org.apache.maven.surefire.booter.ForkedBooter.runSuitesInProcess(ForkedBooter.java:377)
	at org.apache.maven.surefire.booter.ForkedBooter.execute(ForkedBooter.java:138)
	at org.apache.maven.surefire.booter.ForkedBooter.run(ForkedBooter.java:465)
	at org.apache.maven.surefire.booter.ForkedBooter.main(ForkedBooter.java:451)

2024-04-24T11:27:30,888  INFO [main] metadata.Hive: Dumping metastore api call timing information for : execution phase
2024-04-24T11:27:30,888  INFO [main] metadata.Hive: Total time spent in each metastore function (ms): {isCompatibleWith_(Configuration)=0}
2024-04-24T11:27:30,888  INFO [main] ql.Driver: Completed executing command(queryId=alex_20240424112730_7943068e-bf4b-4f10-9301-389f2d8baa26); Time taken: 0.006 seconds
2024-04-24T11:27:30,889  INFO [main] ql.Driver: Compiling command(queryId=alex_20240424112730_7943068e-bf4b-4f10-9301-389f2d8baa26): use junit_specific_db
2024-04-24T11:27:30,889  INFO [main] HiveMetaStore.audit: ugi=alex	ip=unknown-ip-addr	cmd=get_database: junit_specific_db	
2024-04-24T11:27:30,891  INFO [main] ql.Driver: Semantic Analysis Completed (retrial = false)
2024-04-24T11:27:30,891  INFO [main] ql.Driver: Created Hive schema: Schema(fieldSchemas:null, properties:null)
2024-04-24T11:27:30,891  INFO [main] metadata.Hive: Dumping metastore api call timing information for : compilation phase
2024-04-24T11:27:30,892  INFO [main] metadata.Hive: Total time spent in each metastore function (ms): {isCompatibleWith_(Configuration)=0, getDatabase_(String)=2, flushCache_()=0}
2024-04-24T11:27:30,892  INFO [main] ql.Driver: Completed compiling command(queryId=alex_20240424112730_7943068e-bf4b-4f10-9301-389f2d8baa26); Time taken: 0.002 seconds
2024-04-24T11:27:30,892  INFO [main] reexec.ReExecDriver: Execution #1 of query
2024-04-24T11:27:30,892  INFO [main] ql.Driver: Concurrency mode is disabled, not creating a lock manager
2024-04-24T11:27:30,892  INFO [main] ql.Driver: Executing command(queryId=alex_20240424112730_7943068e-bf4b-4f10-9301-389f2d8baa26): use junit_specific_db
2024-04-24T11:27:30,892  INFO [main] ql.Driver: Starting task [Stage-0:DDL] in serial mode
2024-04-24T11:27:30,892  INFO [main] HiveMetaStore.audit: ugi=alex	ip=unknown-ip-addr	cmd=get_database: junit_specific_db	
2024-04-24T11:27:30,895  INFO [main] HiveMetaStore.audit: ugi=alex	ip=unknown-ip-addr	cmd=get_database: junit_specific_db	
2024-04-24T11:27:30,897  INFO [main] metadata.Hive: Dumping metastore api call timing information for : execution phase
2024-04-24T11:27:30,897  INFO [main] metadata.Hive: Total time spent in each metastore function (ms): {getDatabase_(String)=5, isCompatibleWith_(Configuration)=0}
2024-04-24T11:27:30,897  INFO [main] ql.Driver: Completed executing command(queryId=alex_20240424112730_7943068e-bf4b-4f10-9301-389f2d8baa26); Time taken: 0.005 seconds
2024-04-24T11:27:30,898  INFO [main] ql.Driver: Compiling command(queryId=alex_20240424112730_7943068e-bf4b-4f10-9301-389f2d8baa26): create table junit_specific_size2(a int, b string) stored as RCFILE TBLPROPERTIES ('transactional'='false')
2024-04-24T11:27:30,898  INFO [main] parse.CalcitePlanner: Starting caching scope for: alex_20240424112730_7943068e-bf4b-4f10-9301-389f2d8baa26
2024-04-24T11:27:30,898  INFO [main] parse.CalcitePlanner: Starting Semantic Analysis
2024-04-24T11:27:30,898  INFO [main] parse.CalcitePlanner: Creating table junit_specific_db.junit_specific_size2 position=13
2024-04-24T11:27:30,899  INFO [main] HiveMetaStore.audit: ugi=alex	ip=unknown-ip-addr	cmd=get_database: junit_specific_db	
2024-04-24T11:27:30,901  INFO [main] parse.CalcitePlanner: Ending caching scope for: alex_20240424112730_7943068e-bf4b-4f10-9301-389f2d8baa26
2024-04-24T11:27:30,901  INFO [main] ql.Driver: Semantic Analysis Completed (retrial = false)
2024-04-24T11:27:30,901  INFO [main] ql.Driver: Created Hive schema: Schema(fieldSchemas:null, properties:null)
2024-04-24T11:27:30,901  INFO [main] metadata.Hive: Dumping metastore api call timing information for : compilation phase
2024-04-24T11:27:30,901  INFO [main] metadata.Hive: Total time spent in each metastore function (ms): {getDatabase_(String)=2, flushCache_()=0, isCompatibleWith_(Configuration)=0}
2024-04-24T11:27:30,901  INFO [main] ql.Driver: Completed compiling command(queryId=alex_20240424112730_7943068e-bf4b-4f10-9301-389f2d8baa26); Time taken: 0.003 seconds
2024-04-24T11:27:30,902  INFO [main] reexec.ReExecDriver: Execution #1 of query
2024-04-24T11:27:30,902  INFO [main] ql.Driver: Concurrency mode is disabled, not creating a lock manager
2024-04-24T11:27:30,902  INFO [main] ql.Driver: Executing command(queryId=alex_20240424112730_7943068e-bf4b-4f10-9301-389f2d8baa26): create table junit_specific_size2(a int, b string) stored as RCFILE TBLPROPERTIES ('transactional'='false')
2024-04-24T11:27:30,902  INFO [main] ql.Driver: Starting task [Stage-0:DDL] in serial mode
2024-04-24T11:27:30,903  INFO [main] HiveMetaStore.audit: ugi=alex	ip=unknown-ip-addr	cmd=create_table_req: Table(tableName:junit_specific_size2, dbName:junit_specific_db, owner:alex, createTime:1713983250, lastAccessTime:0, retention:0, sd:StorageDescriptor(cols:[FieldSchema(name:a, type:int, comment:null), FieldSchema(name:b, type:string, comment:null)], location:null, inputFormat:org.apache.hadoop.hive.ql.io.RCFileInputFormat, outputFormat:org.apache.hadoop.hive.ql.io.RCFileOutputFormat, compressed:false, numBuckets:-1, serdeInfo:SerDeInfo(name:null, serializationLib:org.apache.hadoop.hive.serde2.columnar.ColumnarSerDe, parameters:{serialization.format=1}), bucketCols:[], sortCols:[], parameters:{}, skewedInfo:SkewedInfo(skewedColNames:[], skewedColValues:[], skewedColValueLocationMaps:{}), storedAsSubDirectories:false), partitionKeys:[], parameters:{numRows=0, COLUMN_STATS_ACCURATE={"BASIC_STATS":"true","COLUMN_STATS":{"a":"true","b":"true"}}, transactional=false, bucketing_version=2, numFiles=0, numFilesErasureCoded=0, totalSize=0, rawDataSize=0}, viewOriginalText:null, viewExpandedText:null, tableType:MANAGED_TABLE, privileges:PrincipalPrivilegeSet(userPrivileges:{alex=[PrivilegeGrantInfo(privilege:INSERT, createTime:-1, grantor:alex, grantorType:USER, grantOption:true), PrivilegeGrantInfo(privilege:SELECT, createTime:-1, grantor:alex, grantorType:USER, grantOption:true), PrivilegeGrantInfo(privilege:UPDATE, createTime:-1, grantor:alex, grantorType:USER, grantOption:true), PrivilegeGrantInfo(privilege:DELETE, createTime:-1, grantor:alex, grantorType:USER, grantOption:true)]}, groupPrivileges:null, rolePrivileges:null), temporary:false, catName:hive, ownerType:USER)	
2024-04-24T11:27:30,952  WARN [main] metastore.HMSHandler: create_table_req got 
org.apache.hadoop.hive.metastore.api.AlreadyExistsException: Table hive.junit_specific_db.junit_specific_size2 already exists
	at org.apache.hadoop.hive.metastore.HMSHandler.create_table_core(HMSHandler.java:2339) ~[classes/:?]
	at org.apache.hadoop.hive.metastore.HMSHandler.create_table_req(HMSHandler.java:2598) [classes/:?]
	at sun.reflect.NativeMethodAccessorImpl.invoke0(Native Method) ~[?:1.8.0_402]
	at sun.reflect.NativeMethodAccessorImpl.invoke(NativeMethodAccessorImpl.java:62) ~[?:1.8.0_402]
	at sun.reflect.DelegatingMethodAccessorImpl.invoke(DelegatingMethodAccessorImpl.java:43) ~[?:1.8.0_402]
	at java.lang.reflect.Method.invoke(Method.java:498) ~[?:1.8.0_402]
	at org.apache.hadoop.hive.metastore.RetryingHMSHandler.invokeInternal(RetryingHMSHandler.java:147) [classes/:?]
	at org.apache.hadoop.hive.metastore.RetryingHMSHandler.invoke(RetryingHMSHandler.java:108) [classes/:?]
	at com.sun.proxy.$Proxy35.create_table_req(Unknown Source) [?:?]
	at org.apache.hadoop.hive.metastore.HiveMetaStoreClient.create_table_with_environment_context(HiveMetaStoreClient.java:4408) [classes/:?]
	at org.apache.hadoop.hive.ql.metadata.SessionHiveMetaStoreClient.create_table_with_environment_context(SessionHiveMetaStoreClient.java:182) [classes/:?]
	at org.apache.hadoop.hive.metastore.HiveMetaStoreClient.createTable(HiveMetaStoreClient.java:1260) [classes/:?]
	at org.apache.hadoop.hive.metastore.HiveMetaStoreClient.createTable(HiveMetaStoreClient.java:1245) [classes/:?]
	at sun.reflect.NativeMethodAccessorImpl.invoke0(Native Method) ~[?:1.8.0_402]
	at sun.reflect.NativeMethodAccessorImpl.invoke(NativeMethodAccessorImpl.java:62) ~[?:1.8.0_402]
	at sun.reflect.DelegatingMethodAccessorImpl.invoke(DelegatingMethodAccessorImpl.java:43) ~[?:1.8.0_402]
	at java.lang.reflect.Method.invoke(Method.java:498) ~[?:1.8.0_402]
	at org.apache.hadoop.hive.metastore.RetryingMetaStoreClient.invoke(RetryingMetaStoreClient.java:218) [classes/:?]
	at com.sun.proxy.$Proxy45.createTable(Unknown Source) [?:?]
	at org.apache.hadoop.hive.ql.metadata.Hive.createTable(Hive.java:1290) [classes/:?]
	at org.apache.hadoop.hive.ql.metadata.Hive.createTable(Hive.java:1306) [classes/:?]
	at org.apache.hadoop.hive.ql.ddl.table.create.CreateTableOperation.createTableNonReplaceMode(CreateTableOperation.java:140) [classes/:?]
	at org.apache.hadoop.hive.ql.ddl.table.create.CreateTableOperation.execute(CreateTableOperation.java:98) [classes/:?]
	at org.apache.hadoop.hive.ql.ddl.DDLTask.execute(DDLTask.java:84) [classes/:?]
	at org.apache.hadoop.hive.ql.exec.Task.executeTask(Task.java:212) [classes/:?]
	at org.apache.hadoop.hive.ql.exec.TaskRunner.runSequential(TaskRunner.java:105) [classes/:?]
	at org.apache.hadoop.hive.ql.Executor.launchTask(Executor.java:361) [classes/:?]
	at org.apache.hadoop.hive.ql.Executor.launchTasks(Executor.java:334) [classes/:?]
	at org.apache.hadoop.hive.ql.Executor.runTasks(Executor.java:245) [classes/:?]
	at org.apache.hadoop.hive.ql.Executor.execute(Executor.java:108) [classes/:?]
	at org.apache.hadoop.hive.ql.Driver.execute(Driver.java:348) [classes/:?]
	at org.apache.hadoop.hive.ql.Driver.runInternal(Driver.java:204) [classes/:?]
	at org.apache.hadoop.hive.ql.Driver.run(Driver.java:153) [classes/:?]
	at org.apache.hadoop.hive.ql.Driver.run(Driver.java:148) [classes/:?]
	at org.apache.hadoop.hive.ql.reexec.ReExecDriver.run(ReExecDriver.java:164) [classes/:?]
	at org.apache.hadoop.hive.ql.reexec.ReExecDriver.run(ReExecDriver.java:230) [classes/:?]
	at org.apache.hive.hcatalog.pig.AbstractHCatLoaderTest.executeStatementOnDriver(AbstractHCatLoaderTest.java:151) [test-classes/:?]
	at org.apache.hive.hcatalog.pig.AbstractHCatLoaderTest.createTable(AbstractHCatLoaderTest.java:134) [test-classes/:?]
	at org.apache.hive.hcatalog.pig.AbstractHCatLoaderTest.createTable(AbstractHCatLoaderTest.java:104) [test-classes/:?]
	at org.apache.hive.hcatalog.pig.AbstractHCatLoaderTest.createTable(AbstractHCatLoaderTest.java:138) [test-classes/:?]
	at org.apache.hive.hcatalog.pig.AbstractHCatLoaderTest.setUpTest(AbstractHCatLoaderTest.java:172) [test-classes/:?]
	at sun.reflect.NativeMethodAccessorImpl.invoke0(Native Method) ~[?:1.8.0_402]
	at sun.reflect.NativeMethodAccessorImpl.invoke(NativeMethodAccessorImpl.java:62) ~[?:1.8.0_402]
	at sun.reflect.DelegatingMethodAccessorImpl.invoke(DelegatingMethodAccessorImpl.java:43) ~[?:1.8.0_402]
	at java.lang.reflect.Method.invoke(Method.java:498) ~[?:1.8.0_402]
	at org.junit.runners.model.FrameworkMethod$1.runReflectiveCall(FrameworkMethod.java:59) [junit-4.13.jar:4.13]
	at org.junit.internal.runners.model.ReflectiveCallable.run(ReflectiveCallable.java:12) [junit-4.13.jar:4.13]
	at org.junit.runners.model.FrameworkMethod.invokeExplosively(FrameworkMethod.java:56) [junit-4.13.jar:4.13]
	at org.junit.internal.runners.statements.RunBefores.invokeMethod(RunBefores.java:33) [junit-4.13.jar:4.13]
	at org.junit.internal.runners.statements.RunBefores.evaluate(RunBefores.java:24) [junit-4.13.jar:4.13]
	at org.junit.internal.runners.statements.RunAfters.evaluate(RunAfters.java:27) [junit-4.13.jar:4.13]
	at org.junit.runners.ParentRunner$3.evaluate(ParentRunner.java:306) [junit-4.13.jar:4.13]
	at org.junit.runners.BlockJUnit4ClassRunner$1.evaluate(BlockJUnit4ClassRunner.java:100) [junit-4.13.jar:4.13]
	at org.junit.runners.ParentRunner.runLeaf(ParentRunner.java:366) [junit-4.13.jar:4.13]
	at org.junit.runners.BlockJUnit4ClassRunner.runChild(BlockJUnit4ClassRunner.java:103) [junit-4.13.jar:4.13]
	at org.junit.runners.BlockJUnit4ClassRunner.runChild(BlockJUnit4ClassRunner.java:63) [junit-4.13.jar:4.13]
	at org.junit.runners.ParentRunner$4.run(ParentRunner.java:331) [junit-4.13.jar:4.13]
	at org.junit.runners.ParentRunner$1.schedule(ParentRunner.java:79) [junit-4.13.jar:4.13]
	at org.junit.runners.ParentRunner.runChildren(ParentRunner.java:329) [junit-4.13.jar:4.13]
	at org.junit.runners.ParentRunner.access$100(ParentRunner.java:66) [junit-4.13.jar:4.13]
	at org.junit.runners.ParentRunner$2.evaluate(ParentRunner.java:293) [junit-4.13.jar:4.13]
	at org.junit.internal.runners.statements.RunBefores.evaluate(RunBefores.java:26) [junit-4.13.jar:4.13]
	at org.junit.runners.ParentRunner$3.evaluate(ParentRunner.java:306) [junit-4.13.jar:4.13]
	at org.junit.runners.ParentRunner.run(ParentRunner.java:413) [junit-4.13.jar:4.13]
	at org.junit.runners.Suite.runChild(Suite.java:128) [junit-4.13.jar:4.13]
	at org.junit.runners.Suite.runChild(Suite.java:27) [junit-4.13.jar:4.13]
	at org.junit.runners.ParentRunner$4.run(ParentRunner.java:331) [junit-4.13.jar:4.13]
	at org.junit.runners.ParentRunner$1.schedule(ParentRunner.java:79) [junit-4.13.jar:4.13]
	at org.junit.runners.ParentRunner.runChildren(ParentRunner.java:329) [junit-4.13.jar:4.13]
	at org.junit.runners.ParentRunner.access$100(ParentRunner.java:66) [junit-4.13.jar:4.13]
	at org.junit.runners.ParentRunner$2.evaluate(ParentRunner.java:293) [junit-4.13.jar:4.13]
	at org.junit.runners.ParentRunner$3.evaluate(ParentRunner.java:306) [junit-4.13.jar:4.13]
	at org.junit.runners.ParentRunner.run(ParentRunner.java:413) [junit-4.13.jar:4.13]
	at org.apache.maven.surefire.junitcore.JUnitCore.run(JUnitCore.java:55) [surefire-junit47-3.0.0-M4.jar:3.0.0-M4]
	at org.apache.maven.surefire.junitcore.JUnitCoreWrapper.createRequestAndRun(JUnitCoreWrapper.java:137) [surefire-junit47-3.0.0-M4.jar:3.0.0-M4]
	at org.apache.maven.surefire.junitcore.JUnitCoreWrapper.executeEager(JUnitCoreWrapper.java:107) [surefire-junit47-3.0.0-M4.jar:3.0.0-M4]
	at org.apache.maven.surefire.junitcore.JUnitCoreWrapper.execute(JUnitCoreWrapper.java:83) [surefire-junit47-3.0.0-M4.jar:3.0.0-M4]
	at org.apache.maven.surefire.junitcore.JUnitCoreWrapper.execute(JUnitCoreWrapper.java:75) [surefire-junit47-3.0.0-M4.jar:3.0.0-M4]
	at org.apache.maven.surefire.junitcore.JUnitCoreProvider.invoke(JUnitCoreProvider.java:158) [surefire-junit47-3.0.0-M4.jar:3.0.0-M4]
	at org.apache.maven.surefire.booter.ForkedBooter.runSuitesInProcess(ForkedBooter.java:377) [surefire-booter-3.0.0-M4.jar:3.0.0-M4]
	at org.apache.maven.surefire.booter.ForkedBooter.execute(ForkedBooter.java:138) [surefire-booter-3.0.0-M4.jar:3.0.0-M4]
	at org.apache.maven.surefire.booter.ForkedBooter.run(ForkedBooter.java:465) [surefire-booter-3.0.0-M4.jar:3.0.0-M4]
	at org.apache.maven.surefire.booter.ForkedBooter.main(ForkedBooter.java:451) [surefire-booter-3.0.0-M4.jar:3.0.0-M4]
2024-04-24T11:27:30,952 ERROR [main] metastore.RetryingHMSHandler: AlreadyExistsException(message:Table hive.junit_specific_db.junit_specific_size2 already exists)
	at org.apache.hadoop.hive.metastore.HMSHandler.create_table_core(HMSHandler.java:2339)
	at org.apache.hadoop.hive.metastore.HMSHandler.create_table_req(HMSHandler.java:2598)
	at sun.reflect.NativeMethodAccessorImpl.invoke0(Native Method)
	at sun.reflect.NativeMethodAccessorImpl.invoke(NativeMethodAccessorImpl.java:62)
	at sun.reflect.DelegatingMethodAccessorImpl.invoke(DelegatingMethodAccessorImpl.java:43)
	at java.lang.reflect.Method.invoke(Method.java:498)
	at org.apache.hadoop.hive.metastore.RetryingHMSHandler.invokeInternal(RetryingHMSHandler.java:147)
	at org.apache.hadoop.hive.metastore.RetryingHMSHandler.invoke(RetryingHMSHandler.java:108)
	at com.sun.proxy.$Proxy35.create_table_req(Unknown Source)
	at org.apache.hadoop.hive.metastore.HiveMetaStoreClient.create_table_with_environment_context(HiveMetaStoreClient.java:4408)
	at org.apache.hadoop.hive.ql.metadata.SessionHiveMetaStoreClient.create_table_with_environment_context(SessionHiveMetaStoreClient.java:182)
	at org.apache.hadoop.hive.metastore.HiveMetaStoreClient.createTable(HiveMetaStoreClient.java:1260)
	at org.apache.hadoop.hive.metastore.HiveMetaStoreClient.createTable(HiveMetaStoreClient.java:1245)
	at sun.reflect.NativeMethodAccessorImpl.invoke0(Native Method)
	at sun.reflect.NativeMethodAccessorImpl.invoke(NativeMethodAccessorImpl.java:62)
	at sun.reflect.DelegatingMethodAccessorImpl.invoke(DelegatingMethodAccessorImpl.java:43)
	at java.lang.reflect.Method.invoke(Method.java:498)
	at org.apache.hadoop.hive.metastore.RetryingMetaStoreClient.invoke(RetryingMetaStoreClient.java:218)
	at com.sun.proxy.$Proxy45.createTable(Unknown Source)
	at org.apache.hadoop.hive.ql.metadata.Hive.createTable(Hive.java:1290)
	at org.apache.hadoop.hive.ql.metadata.Hive.createTable(Hive.java:1306)
	at org.apache.hadoop.hive.ql.ddl.table.create.CreateTableOperation.createTableNonReplaceMode(CreateTableOperation.java:140)
	at org.apache.hadoop.hive.ql.ddl.table.create.CreateTableOperation.execute(CreateTableOperation.java:98)
	at org.apache.hadoop.hive.ql.ddl.DDLTask.execute(DDLTask.java:84)
	at org.apache.hadoop.hive.ql.exec.Task.executeTask(Task.java:212)
	at org.apache.hadoop.hive.ql.exec.TaskRunner.runSequential(TaskRunner.java:105)
	at org.apache.hadoop.hive.ql.Executor.launchTask(Executor.java:361)
	at org.apache.hadoop.hive.ql.Executor.launchTasks(Executor.java:334)
	at org.apache.hadoop.hive.ql.Executor.runTasks(Executor.java:245)
	at org.apache.hadoop.hive.ql.Executor.execute(Executor.java:108)
	at org.apache.hadoop.hive.ql.Driver.execute(Driver.java:348)
	at org.apache.hadoop.hive.ql.Driver.runInternal(Driver.java:204)
	at org.apache.hadoop.hive.ql.Driver.run(Driver.java:153)
	at org.apache.hadoop.hive.ql.Driver.run(Driver.java:148)
	at org.apache.hadoop.hive.ql.reexec.ReExecDriver.run(ReExecDriver.java:164)
	at org.apache.hadoop.hive.ql.reexec.ReExecDriver.run(ReExecDriver.java:230)
	at org.apache.hive.hcatalog.pig.AbstractHCatLoaderTest.executeStatementOnDriver(AbstractHCatLoaderTest.java:151)
	at org.apache.hive.hcatalog.pig.AbstractHCatLoaderTest.createTable(AbstractHCatLoaderTest.java:134)
	at org.apache.hive.hcatalog.pig.AbstractHCatLoaderTest.createTable(AbstractHCatLoaderTest.java:104)
	at org.apache.hive.hcatalog.pig.AbstractHCatLoaderTest.createTable(AbstractHCatLoaderTest.java:138)
	at org.apache.hive.hcatalog.pig.AbstractHCatLoaderTest.setUpTest(AbstractHCatLoaderTest.java:172)
	at sun.reflect.NativeMethodAccessorImpl.invoke0(Native Method)
	at sun.reflect.NativeMethodAccessorImpl.invoke(NativeMethodAccessorImpl.java:62)
	at sun.reflect.DelegatingMethodAccessorImpl.invoke(DelegatingMethodAccessorImpl.java:43)
	at java.lang.reflect.Method.invoke(Method.java:498)
	at org.junit.runners.model.FrameworkMethod$1.runReflectiveCall(FrameworkMethod.java:59)
	at org.junit.internal.runners.model.ReflectiveCallable.run(ReflectiveCallable.java:12)
	at org.junit.runners.model.FrameworkMethod.invokeExplosively(FrameworkMethod.java:56)
	at org.junit.internal.runners.statements.RunBefores.invokeMethod(RunBefores.java:33)
	at org.junit.internal.runners.statements.RunBefores.evaluate(RunBefores.java:24)
	at org.junit.internal.runners.statements.RunAfters.evaluate(RunAfters.java:27)
	at org.junit.runners.ParentRunner$3.evaluate(ParentRunner.java:306)
	at org.junit.runners.BlockJUnit4ClassRunner$1.evaluate(BlockJUnit4ClassRunner.java:100)
	at org.junit.runners.ParentRunner.runLeaf(ParentRunner.java:366)
	at org.junit.runners.BlockJUnit4ClassRunner.runChild(BlockJUnit4ClassRunner.java:103)
	at org.junit.runners.BlockJUnit4ClassRunner.runChild(BlockJUnit4ClassRunner.java:63)
	at org.junit.runners.ParentRunner$4.run(ParentRunner.java:331)
	at org.junit.runners.ParentRunner$1.schedule(ParentRunner.java:79)
	at org.junit.runners.ParentRunner.runChildren(ParentRunner.java:329)
	at org.junit.runners.ParentRunner.access$100(ParentRunner.java:66)
	at org.junit.runners.ParentRunner$2.evaluate(ParentRunner.java:293)
	at org.junit.internal.runners.statements.RunBefores.evaluate(RunBefores.java:26)
	at org.junit.runners.ParentRunner$3.evaluate(ParentRunner.java:306)
	at org.junit.runners.ParentRunner.run(ParentRunner.java:413)
	at org.junit.runners.Suite.runChild(Suite.java:128)
	at org.junit.runners.Suite.runChild(Suite.java:27)
	at org.junit.runners.ParentRunner$4.run(ParentRunner.java:331)
	at org.junit.runners.ParentRunner$1.schedule(ParentRunner.java:79)
	at org.junit.runners.ParentRunner.runChildren(ParentRunner.java:329)
	at org.junit.runners.ParentRunner.access$100(ParentRunner.java:66)
	at org.junit.runners.ParentRunner$2.evaluate(ParentRunner.java:293)
	at org.junit.runners.ParentRunner$3.evaluate(ParentRunner.java:306)
	at org.junit.runners.ParentRunner.run(ParentRunner.java:413)
	at org.apache.maven.surefire.junitcore.JUnitCore.run(JUnitCore.java:55)
	at org.apache.maven.surefire.junitcore.JUnitCoreWrapper.createRequestAndRun(JUnitCoreWrapper.java:137)
	at org.apache.maven.surefire.junitcore.JUnitCoreWrapper.executeEager(JUnitCoreWrapper.java:107)
	at org.apache.maven.surefire.junitcore.JUnitCoreWrapper.execute(JUnitCoreWrapper.java:83)
	at org.apache.maven.surefire.junitcore.JUnitCoreWrapper.execute(JUnitCoreWrapper.java:75)
	at org.apache.maven.surefire.junitcore.JUnitCoreProvider.invoke(JUnitCoreProvider.java:158)
	at org.apache.maven.surefire.booter.ForkedBooter.runSuitesInProcess(ForkedBooter.java:377)
	at org.apache.maven.surefire.booter.ForkedBooter.execute(ForkedBooter.java:138)
	at org.apache.maven.surefire.booter.ForkedBooter.run(ForkedBooter.java:465)
	at org.apache.maven.surefire.booter.ForkedBooter.main(ForkedBooter.java:451)

2024-04-24T11:27:30,953 ERROR [main] exec.Task: Failed
org.apache.hadoop.hive.ql.metadata.HiveException: AlreadyExistsException(message:Table hive.junit_specific_db.junit_specific_size2 already exists)
	at org.apache.hadoop.hive.ql.metadata.Hive.createTable(Hive.java:1298) ~[classes/:?]
	at org.apache.hadoop.hive.ql.metadata.Hive.createTable(Hive.java:1306) ~[classes/:?]
	at org.apache.hadoop.hive.ql.ddl.table.create.CreateTableOperation.createTableNonReplaceMode(CreateTableOperation.java:140) ~[classes/:?]
	at org.apache.hadoop.hive.ql.ddl.table.create.CreateTableOperation.execute(CreateTableOperation.java:98) ~[classes/:?]
	at org.apache.hadoop.hive.ql.ddl.DDLTask.execute(DDLTask.java:84) [classes/:?]
	at org.apache.hadoop.hive.ql.exec.Task.executeTask(Task.java:212) [classes/:?]
	at org.apache.hadoop.hive.ql.exec.TaskRunner.runSequential(TaskRunner.java:105) [classes/:?]
	at org.apache.hadoop.hive.ql.Executor.launchTask(Executor.java:361) [classes/:?]
	at org.apache.hadoop.hive.ql.Executor.launchTasks(Executor.java:334) [classes/:?]
	at org.apache.hadoop.hive.ql.Executor.runTasks(Executor.java:245) [classes/:?]
	at org.apache.hadoop.hive.ql.Executor.execute(Executor.java:108) [classes/:?]
	at org.apache.hadoop.hive.ql.Driver.execute(Driver.java:348) [classes/:?]
	at org.apache.hadoop.hive.ql.Driver.runInternal(Driver.java:204) [classes/:?]
	at org.apache.hadoop.hive.ql.Driver.run(Driver.java:153) [classes/:?]
	at org.apache.hadoop.hive.ql.Driver.run(Driver.java:148) [classes/:?]
	at org.apache.hadoop.hive.ql.reexec.ReExecDriver.run(ReExecDriver.java:164) [classes/:?]
	at org.apache.hadoop.hive.ql.reexec.ReExecDriver.run(ReExecDriver.java:230) [classes/:?]
	at org.apache.hive.hcatalog.pig.AbstractHCatLoaderTest.executeStatementOnDriver(AbstractHCatLoaderTest.java:151) [test-classes/:?]
	at org.apache.hive.hcatalog.pig.AbstractHCatLoaderTest.createTable(AbstractHCatLoaderTest.java:134) [test-classes/:?]
	at org.apache.hive.hcatalog.pig.AbstractHCatLoaderTest.createTable(AbstractHCatLoaderTest.java:104) [test-classes/:?]
	at org.apache.hive.hcatalog.pig.AbstractHCatLoaderTest.createTable(AbstractHCatLoaderTest.java:138) [test-classes/:?]
	at org.apache.hive.hcatalog.pig.AbstractHCatLoaderTest.setUpTest(AbstractHCatLoaderTest.java:172) [test-classes/:?]
	at sun.reflect.NativeMethodAccessorImpl.invoke0(Native Method) ~[?:1.8.0_402]
	at sun.reflect.NativeMethodAccessorImpl.invoke(NativeMethodAccessorImpl.java:62) ~[?:1.8.0_402]
	at sun.reflect.DelegatingMethodAccessorImpl.invoke(DelegatingMethodAccessorImpl.java:43) ~[?:1.8.0_402]
	at java.lang.reflect.Method.invoke(Method.java:498) ~[?:1.8.0_402]
	at org.junit.runners.model.FrameworkMethod$1.runReflectiveCall(FrameworkMethod.java:59) [junit-4.13.jar:4.13]
	at org.junit.internal.runners.model.ReflectiveCallable.run(ReflectiveCallable.java:12) [junit-4.13.jar:4.13]
	at org.junit.runners.model.FrameworkMethod.invokeExplosively(FrameworkMethod.java:56) [junit-4.13.jar:4.13]
	at org.junit.internal.runners.statements.RunBefores.invokeMethod(RunBefores.java:33) [junit-4.13.jar:4.13]
	at org.junit.internal.runners.statements.RunBefores.evaluate(RunBefores.java:24) [junit-4.13.jar:4.13]
	at org.junit.internal.runners.statements.RunAfters.evaluate(RunAfters.java:27) [junit-4.13.jar:4.13]
	at org.junit.runners.ParentRunner$3.evaluate(ParentRunner.java:306) [junit-4.13.jar:4.13]
	at org.junit.runners.BlockJUnit4ClassRunner$1.evaluate(BlockJUnit4ClassRunner.java:100) [junit-4.13.jar:4.13]
	at org.junit.runners.ParentRunner.runLeaf(ParentRunner.java:366) [junit-4.13.jar:4.13]
	at org.junit.runners.BlockJUnit4ClassRunner.runChild(BlockJUnit4ClassRunner.java:103) [junit-4.13.jar:4.13]
	at org.junit.runners.BlockJUnit4ClassRunner.runChild(BlockJUnit4ClassRunner.java:63) [junit-4.13.jar:4.13]
	at org.junit.runners.ParentRunner$4.run(ParentRunner.java:331) [junit-4.13.jar:4.13]
	at org.junit.runners.ParentRunner$1.schedule(ParentRunner.java:79) [junit-4.13.jar:4.13]
	at org.junit.runners.ParentRunner.runChildren(ParentRunner.java:329) [junit-4.13.jar:4.13]
	at org.junit.runners.ParentRunner.access$100(ParentRunner.java:66) [junit-4.13.jar:4.13]
	at org.junit.runners.ParentRunner$2.evaluate(ParentRunner.java:293) [junit-4.13.jar:4.13]
	at org.junit.internal.runners.statements.RunBefores.evaluate(RunBefores.java:26) [junit-4.13.jar:4.13]
	at org.junit.runners.ParentRunner$3.evaluate(ParentRunner.java:306) [junit-4.13.jar:4.13]
	at org.junit.runners.ParentRunner.run(ParentRunner.java:413) [junit-4.13.jar:4.13]
	at org.junit.runners.Suite.runChild(Suite.java:128) [junit-4.13.jar:4.13]
	at org.junit.runners.Suite.runChild(Suite.java:27) [junit-4.13.jar:4.13]
	at org.junit.runners.ParentRunner$4.run(ParentRunner.java:331) [junit-4.13.jar:4.13]
	at org.junit.runners.ParentRunner$1.schedule(ParentRunner.java:79) [junit-4.13.jar:4.13]
	at org.junit.runners.ParentRunner.runChildren(ParentRunner.java:329) [junit-4.13.jar:4.13]
	at org.junit.runners.ParentRunner.access$100(ParentRunner.java:66) [junit-4.13.jar:4.13]
	at org.junit.runners.ParentRunner$2.evaluate(ParentRunner.java:293) [junit-4.13.jar:4.13]
	at org.junit.runners.ParentRunner$3.evaluate(ParentRunner.java:306) [junit-4.13.jar:4.13]
	at org.junit.runners.ParentRunner.run(ParentRunner.java:413) [junit-4.13.jar:4.13]
	at org.apache.maven.surefire.junitcore.JUnitCore.run(JUnitCore.java:55) [surefire-junit47-3.0.0-M4.jar:3.0.0-M4]
	at org.apache.maven.surefire.junitcore.JUnitCoreWrapper.createRequestAndRun(JUnitCoreWrapper.java:137) [surefire-junit47-3.0.0-M4.jar:3.0.0-M4]
	at org.apache.maven.surefire.junitcore.JUnitCoreWrapper.executeEager(JUnitCoreWrapper.java:107) [surefire-junit47-3.0.0-M4.jar:3.0.0-M4]
	at org.apache.maven.surefire.junitcore.JUnitCoreWrapper.execute(JUnitCoreWrapper.java:83) [surefire-junit47-3.0.0-M4.jar:3.0.0-M4]
	at org.apache.maven.surefire.junitcore.JUnitCoreWrapper.execute(JUnitCoreWrapper.java:75) [surefire-junit47-3.0.0-M4.jar:3.0.0-M4]
	at org.apache.maven.surefire.junitcore.JUnitCoreProvider.invoke(JUnitCoreProvider.java:158) [surefire-junit47-3.0.0-M4.jar:3.0.0-M4]
	at org.apache.maven.surefire.booter.ForkedBooter.runSuitesInProcess(ForkedBooter.java:377) [surefire-booter-3.0.0-M4.jar:3.0.0-M4]
	at org.apache.maven.surefire.booter.ForkedBooter.execute(ForkedBooter.java:138) [surefire-booter-3.0.0-M4.jar:3.0.0-M4]
	at org.apache.maven.surefire.booter.ForkedBooter.run(ForkedBooter.java:465) [surefire-booter-3.0.0-M4.jar:3.0.0-M4]
	at org.apache.maven.surefire.booter.ForkedBooter.main(ForkedBooter.java:451) [surefire-booter-3.0.0-M4.jar:3.0.0-M4]
Caused by: org.apache.hadoop.hive.metastore.api.AlreadyExistsException: Table hive.junit_specific_db.junit_specific_size2 already exists
	at org.apache.hadoop.hive.metastore.HMSHandler.create_table_core(HMSHandler.java:2339) ~[classes/:?]
	at org.apache.hadoop.hive.metastore.HMSHandler.create_table_req(HMSHandler.java:2598) ~[classes/:?]
	at sun.reflect.NativeMethodAccessorImpl.invoke0(Native Method) ~[?:1.8.0_402]
	at sun.reflect.NativeMethodAccessorImpl.invoke(NativeMethodAccessorImpl.java:62) ~[?:1.8.0_402]
	at sun.reflect.DelegatingMethodAccessorImpl.invoke(DelegatingMethodAccessorImpl.java:43) ~[?:1.8.0_402]
	at java.lang.reflect.Method.invoke(Method.java:498) ~[?:1.8.0_402]
	at org.apache.hadoop.hive.metastore.RetryingHMSHandler.invokeInternal(RetryingHMSHandler.java:147) ~[classes/:?]
	at org.apache.hadoop.hive.metastore.RetryingHMSHandler.invoke(RetryingHMSHandler.java:108) ~[classes/:?]
	at com.sun.proxy.$Proxy35.create_table_req(Unknown Source) ~[?:?]
	at org.apache.hadoop.hive.metastore.HiveMetaStoreClient.create_table_with_environment_context(HiveMetaStoreClient.java:4408) ~[classes/:?]
	at org.apache.hadoop.hive.ql.metadata.SessionHiveMetaStoreClient.create_table_with_environment_context(SessionHiveMetaStoreClient.java:182) ~[classes/:?]
	at org.apache.hadoop.hive.metastore.HiveMetaStoreClient.createTable(HiveMetaStoreClient.java:1260) ~[classes/:?]
	at org.apache.hadoop.hive.metastore.HiveMetaStoreClient.createTable(HiveMetaStoreClient.java:1245) ~[classes/:?]
	at sun.reflect.NativeMethodAccessorImpl.invoke0(Native Method) ~[?:1.8.0_402]
	at sun.reflect.NativeMethodAccessorImpl.invoke(NativeMethodAccessorImpl.java:62) ~[?:1.8.0_402]
	at sun.reflect.DelegatingMethodAccessorImpl.invoke(DelegatingMethodAccessorImpl.java:43) ~[?:1.8.0_402]
	at java.lang.reflect.Method.invoke(Method.java:498) ~[?:1.8.0_402]
	at org.apache.hadoop.hive.metastore.RetryingMetaStoreClient.invoke(RetryingMetaStoreClient.java:218) ~[classes/:?]
	at com.sun.proxy.$Proxy45.createTable(Unknown Source) ~[?:?]
	at org.apache.hadoop.hive.ql.metadata.Hive.createTable(Hive.java:1290) ~[classes/:?]
	... 63 more
2024-04-24T11:27:30,953 ERROR [main] exec.Task: DDLTask failed, DDL Operation: class org.apache.hadoop.hive.ql.ddl.table.create.CreateTableOperation
org.apache.hadoop.hive.ql.metadata.HiveException: AlreadyExistsException(message:Table hive.junit_specific_db.junit_specific_size2 already exists)
	at org.apache.hadoop.hive.ql.metadata.Hive.createTable(Hive.java:1298) ~[classes/:?]
	at org.apache.hadoop.hive.ql.metadata.Hive.createTable(Hive.java:1306) ~[classes/:?]
	at org.apache.hadoop.hive.ql.ddl.table.create.CreateTableOperation.createTableNonReplaceMode(CreateTableOperation.java:140) ~[classes/:?]
	at org.apache.hadoop.hive.ql.ddl.table.create.CreateTableOperation.execute(CreateTableOperation.java:98) ~[classes/:?]
	at org.apache.hadoop.hive.ql.ddl.DDLTask.execute(DDLTask.java:84) [classes/:?]
	at org.apache.hadoop.hive.ql.exec.Task.executeTask(Task.java:212) [classes/:?]
	at org.apache.hadoop.hive.ql.exec.TaskRunner.runSequential(TaskRunner.java:105) [classes/:?]
	at org.apache.hadoop.hive.ql.Executor.launchTask(Executor.java:361) [classes/:?]
	at org.apache.hadoop.hive.ql.Executor.launchTasks(Executor.java:334) [classes/:?]
	at org.apache.hadoop.hive.ql.Executor.runTasks(Executor.java:245) [classes/:?]
	at org.apache.hadoop.hive.ql.Executor.execute(Executor.java:108) [classes/:?]
	at org.apache.hadoop.hive.ql.Driver.execute(Driver.java:348) [classes/:?]
	at org.apache.hadoop.hive.ql.Driver.runInternal(Driver.java:204) [classes/:?]
	at org.apache.hadoop.hive.ql.Driver.run(Driver.java:153) [classes/:?]
	at org.apache.hadoop.hive.ql.Driver.run(Driver.java:148) [classes/:?]
	at org.apache.hadoop.hive.ql.reexec.ReExecDriver.run(ReExecDriver.java:164) [classes/:?]
	at org.apache.hadoop.hive.ql.reexec.ReExecDriver.run(ReExecDriver.java:230) [classes/:?]
	at org.apache.hive.hcatalog.pig.AbstractHCatLoaderTest.executeStatementOnDriver(AbstractHCatLoaderTest.java:151) [test-classes/:?]
	at org.apache.hive.hcatalog.pig.AbstractHCatLoaderTest.createTable(AbstractHCatLoaderTest.java:134) [test-classes/:?]
	at org.apache.hive.hcatalog.pig.AbstractHCatLoaderTest.createTable(AbstractHCatLoaderTest.java:104) [test-classes/:?]
	at org.apache.hive.hcatalog.pig.AbstractHCatLoaderTest.createTable(AbstractHCatLoaderTest.java:138) [test-classes/:?]
	at org.apache.hive.hcatalog.pig.AbstractHCatLoaderTest.setUpTest(AbstractHCatLoaderTest.java:172) [test-classes/:?]
	at sun.reflect.NativeMethodAccessorImpl.invoke0(Native Method) ~[?:1.8.0_402]
	at sun.reflect.NativeMethodAccessorImpl.invoke(NativeMethodAccessorImpl.java:62) ~[?:1.8.0_402]
	at sun.reflect.DelegatingMethodAccessorImpl.invoke(DelegatingMethodAccessorImpl.java:43) ~[?:1.8.0_402]
	at java.lang.reflect.Method.invoke(Method.java:498) ~[?:1.8.0_402]
	at org.junit.runners.model.FrameworkMethod$1.runReflectiveCall(FrameworkMethod.java:59) [junit-4.13.jar:4.13]
	at org.junit.internal.runners.model.ReflectiveCallable.run(ReflectiveCallable.java:12) [junit-4.13.jar:4.13]
	at org.junit.runners.model.FrameworkMethod.invokeExplosively(FrameworkMethod.java:56) [junit-4.13.jar:4.13]
	at org.junit.internal.runners.statements.RunBefores.invokeMethod(RunBefores.java:33) [junit-4.13.jar:4.13]
	at org.junit.internal.runners.statements.RunBefores.evaluate(RunBefores.java:24) [junit-4.13.jar:4.13]
	at org.junit.internal.runners.statements.RunAfters.evaluate(RunAfters.java:27) [junit-4.13.jar:4.13]
	at org.junit.runners.ParentRunner$3.evaluate(ParentRunner.java:306) [junit-4.13.jar:4.13]
	at org.junit.runners.BlockJUnit4ClassRunner$1.evaluate(BlockJUnit4ClassRunner.java:100) [junit-4.13.jar:4.13]
	at org.junit.runners.ParentRunner.runLeaf(ParentRunner.java:366) [junit-4.13.jar:4.13]
	at org.junit.runners.BlockJUnit4ClassRunner.runChild(BlockJUnit4ClassRunner.java:103) [junit-4.13.jar:4.13]
	at org.junit.runners.BlockJUnit4ClassRunner.runChild(BlockJUnit4ClassRunner.java:63) [junit-4.13.jar:4.13]
	at org.junit.runners.ParentRunner$4.run(ParentRunner.java:331) [junit-4.13.jar:4.13]
	at org.junit.runners.ParentRunner$1.schedule(ParentRunner.java:79) [junit-4.13.jar:4.13]
	at org.junit.runners.ParentRunner.runChildren(ParentRunner.java:329) [junit-4.13.jar:4.13]
	at org.junit.runners.ParentRunner.access$100(ParentRunner.java:66) [junit-4.13.jar:4.13]
	at org.junit.runners.ParentRunner$2.evaluate(ParentRunner.java:293) [junit-4.13.jar:4.13]
	at org.junit.internal.runners.statements.RunBefores.evaluate(RunBefores.java:26) [junit-4.13.jar:4.13]
	at org.junit.runners.ParentRunner$3.evaluate(ParentRunner.java:306) [junit-4.13.jar:4.13]
	at org.junit.runners.ParentRunner.run(ParentRunner.java:413) [junit-4.13.jar:4.13]
	at org.junit.runners.Suite.runChild(Suite.java:128) [junit-4.13.jar:4.13]
	at org.junit.runners.Suite.runChild(Suite.java:27) [junit-4.13.jar:4.13]
	at org.junit.runners.ParentRunner$4.run(ParentRunner.java:331) [junit-4.13.jar:4.13]
	at org.junit.runners.ParentRunner$1.schedule(ParentRunner.java:79) [junit-4.13.jar:4.13]
	at org.junit.runners.ParentRunner.runChildren(ParentRunner.java:329) [junit-4.13.jar:4.13]
	at org.junit.runners.ParentRunner.access$100(ParentRunner.java:66) [junit-4.13.jar:4.13]
	at org.junit.runners.ParentRunner$2.evaluate(ParentRunner.java:293) [junit-4.13.jar:4.13]
	at org.junit.runners.ParentRunner$3.evaluate(ParentRunner.java:306) [junit-4.13.jar:4.13]
	at org.junit.runners.ParentRunner.run(ParentRunner.java:413) [junit-4.13.jar:4.13]
	at org.apache.maven.surefire.junitcore.JUnitCore.run(JUnitCore.java:55) [surefire-junit47-3.0.0-M4.jar:3.0.0-M4]
	at org.apache.maven.surefire.junitcore.JUnitCoreWrapper.createRequestAndRun(JUnitCoreWrapper.java:137) [surefire-junit47-3.0.0-M4.jar:3.0.0-M4]
	at org.apache.maven.surefire.junitcore.JUnitCoreWrapper.executeEager(JUnitCoreWrapper.java:107) [surefire-junit47-3.0.0-M4.jar:3.0.0-M4]
	at org.apache.maven.surefire.junitcore.JUnitCoreWrapper.execute(JUnitCoreWrapper.java:83) [surefire-junit47-3.0.0-M4.jar:3.0.0-M4]
	at org.apache.maven.surefire.junitcore.JUnitCoreWrapper.execute(JUnitCoreWrapper.java:75) [surefire-junit47-3.0.0-M4.jar:3.0.0-M4]
	at org.apache.maven.surefire.junitcore.JUnitCoreProvider.invoke(JUnitCoreProvider.java:158) [surefire-junit47-3.0.0-M4.jar:3.0.0-M4]
	at org.apache.maven.surefire.booter.ForkedBooter.runSuitesInProcess(ForkedBooter.java:377) [surefire-booter-3.0.0-M4.jar:3.0.0-M4]
	at org.apache.maven.surefire.booter.ForkedBooter.execute(ForkedBooter.java:138) [surefire-booter-3.0.0-M4.jar:3.0.0-M4]
	at org.apache.maven.surefire.booter.ForkedBooter.run(ForkedBooter.java:465) [surefire-booter-3.0.0-M4.jar:3.0.0-M4]
	at org.apache.maven.surefire.booter.ForkedBooter.main(ForkedBooter.java:451) [surefire-booter-3.0.0-M4.jar:3.0.0-M4]
Caused by: org.apache.hadoop.hive.metastore.api.AlreadyExistsException: Table hive.junit_specific_db.junit_specific_size2 already exists
	at org.apache.hadoop.hive.metastore.HMSHandler.create_table_core(HMSHandler.java:2339) ~[classes/:?]
	at org.apache.hadoop.hive.metastore.HMSHandler.create_table_req(HMSHandler.java:2598) ~[classes/:?]
	at sun.reflect.NativeMethodAccessorImpl.invoke0(Native Method) ~[?:1.8.0_402]
	at sun.reflect.NativeMethodAccessorImpl.invoke(NativeMethodAccessorImpl.java:62) ~[?:1.8.0_402]
	at sun.reflect.DelegatingMethodAccessorImpl.invoke(DelegatingMethodAccessorImpl.java:43) ~[?:1.8.0_402]
	at java.lang.reflect.Method.invoke(Method.java:498) ~[?:1.8.0_402]
	at org.apache.hadoop.hive.metastore.RetryingHMSHandler.invokeInternal(RetryingHMSHandler.java:147) ~[classes/:?]
	at org.apache.hadoop.hive.metastore.RetryingHMSHandler.invoke(RetryingHMSHandler.java:108) ~[classes/:?]
	at com.sun.proxy.$Proxy35.create_table_req(Unknown Source) ~[?:?]
	at org.apache.hadoop.hive.metastore.HiveMetaStoreClient.create_table_with_environment_context(HiveMetaStoreClient.java:4408) ~[classes/:?]
	at org.apache.hadoop.hive.ql.metadata.SessionHiveMetaStoreClient.create_table_with_environment_context(SessionHiveMetaStoreClient.java:182) ~[classes/:?]
	at org.apache.hadoop.hive.metastore.HiveMetaStoreClient.createTable(HiveMetaStoreClient.java:1260) ~[classes/:?]
	at org.apache.hadoop.hive.metastore.HiveMetaStoreClient.createTable(HiveMetaStoreClient.java:1245) ~[classes/:?]
	at sun.reflect.NativeMethodAccessorImpl.invoke0(Native Method) ~[?:1.8.0_402]
	at sun.reflect.NativeMethodAccessorImpl.invoke(NativeMethodAccessorImpl.java:62) ~[?:1.8.0_402]
	at sun.reflect.DelegatingMethodAccessorImpl.invoke(DelegatingMethodAccessorImpl.java:43) ~[?:1.8.0_402]
	at java.lang.reflect.Method.invoke(Method.java:498) ~[?:1.8.0_402]
	at org.apache.hadoop.hive.metastore.RetryingMetaStoreClient.invoke(RetryingMetaStoreClient.java:218) ~[classes/:?]
	at com.sun.proxy.$Proxy45.createTable(Unknown Source) ~[?:?]
	at org.apache.hadoop.hive.ql.metadata.Hive.createTable(Hive.java:1290) ~[classes/:?]
	... 63 more
2024-04-24T11:27:30,954  INFO [main] reexec.ReOptimizePlugin: ReOptimization: retryPossible: false
2024-04-24T11:27:30,954  INFO [main] reexec.ReExecuteLostAMQueryPlugin: Got exception message: AlreadyExistsException(message:Table hive.junit_specific_db.junit_specific_size2 already exists) retryPossible: false
2024-04-24T11:27:30,954  INFO [main] reexec.ReExecutionDagSubmitPlugin: Got exception message: AlreadyExistsException(message:Table hive.junit_specific_db.junit_specific_size2 already exists) retryPossible: false
FAILED: Execution Error, return code 40000 from org.apache.hadoop.hive.ql.ddl.DDLTask. AlreadyExistsException(message:Table hive.junit_specific_db.junit_specific_size2 already exists)
2024-04-24T11:27:30,954 ERROR [main] ql.Driver: FAILED: Execution Error, return code 40000 from org.apache.hadoop.hive.ql.ddl.DDLTask. AlreadyExistsException(message:Table hive.junit_specific_db.junit_specific_size2 already exists)
2024-04-24T11:27:30,954  INFO [main] metadata.Hive: Dumping metastore api call timing information for : execution phase
2024-04-24T11:27:30,954  INFO [main] metadata.Hive: Total time spent in each metastore function (ms): {isCompatibleWith_(Configuration)=0}
2024-04-24T11:27:30,955  INFO [main] ql.Driver: Completed executing command(queryId=alex_20240424112730_7943068e-bf4b-4f10-9301-389f2d8baa26); Time taken: 0.052 seconds
2024-04-24T11:27:30,955  INFO [main] ql.Driver: Compiling command(queryId=alex_20240424112730_7943068e-bf4b-4f10-9301-389f2d8baa26): drop table if exists junit_unparted_basic
2024-04-24T11:27:30,956  INFO [main] HiveMetaStore.audit: ugi=alex	ip=unknown-ip-addr	cmd=get_table : tbl=hive.junit_specific_db.junit_unparted_basic	
2024-04-24T11:27:30,960  INFO [main] ql.Driver: Semantic Analysis Completed (retrial = false)
2024-04-24T11:27:30,960  INFO [main] ql.Driver: Created Hive schema: Schema(fieldSchemas:null, properties:null)
2024-04-24T11:27:30,960  INFO [main] metadata.Hive: Dumping metastore api call timing information for : compilation phase
2024-04-24T11:27:30,960  INFO [main] metadata.Hive: Total time spent in each metastore function (ms): {flushCache_()=0, isCompatibleWith_(Configuration)=1}
2024-04-24T11:27:30,960  INFO [main] ql.Driver: Completed compiling command(queryId=alex_20240424112730_7943068e-bf4b-4f10-9301-389f2d8baa26); Time taken: 0.005 seconds
2024-04-24T11:27:30,960  INFO [main] reexec.ReExecDriver: Execution #1 of query
2024-04-24T11:27:30,960  INFO [main] ql.Driver: Concurrency mode is disabled, not creating a lock manager
2024-04-24T11:27:30,960  INFO [main] ql.Driver: Executing command(queryId=alex_20240424112730_7943068e-bf4b-4f10-9301-389f2d8baa26): drop table if exists junit_unparted_basic
2024-04-24T11:27:30,960  INFO [main] ql.Driver: Starting task [Stage-0:DDL] in serial mode
2024-04-24T11:27:30,961  INFO [main] HiveMetaStore.audit: ugi=alex	ip=unknown-ip-addr	cmd=get_table : tbl=hive.junit_specific_db.junit_unparted_basic	
2024-04-24T11:27:30,965  INFO [main] metadata.Hive: Dumping metastore api call timing information for : execution phase
2024-04-24T11:27:30,965  INFO [main] metadata.Hive: Total time spent in each metastore function (ms): {isCompatibleWith_(Configuration)=0}
2024-04-24T11:27:30,965  INFO [main] ql.Driver: Completed executing command(queryId=alex_20240424112730_7943068e-bf4b-4f10-9301-389f2d8baa26); Time taken: 0.005 seconds
2024-04-24T11:27:30,965  INFO [main] ql.Driver: Compiling command(queryId=alex_20240424112730_7943068e-bf4b-4f10-9301-389f2d8baa26): drop table if exists junit_unparted_complex
2024-04-24T11:27:30,966  INFO [main] HiveMetaStore.audit: ugi=alex	ip=unknown-ip-addr	cmd=get_table : tbl=hive.junit_specific_db.junit_unparted_complex	
2024-04-24T11:27:30,969  INFO [main] ql.Driver: Semantic Analysis Completed (retrial = false)
2024-04-24T11:27:30,969  INFO [main] ql.Driver: Created Hive schema: Schema(fieldSchemas:null, properties:null)
2024-04-24T11:27:30,970  INFO [main] metadata.Hive: Dumping metastore api call timing information for : compilation phase
2024-04-24T11:27:30,970  INFO [main] metadata.Hive: Total time spent in each metastore function (ms): {flushCache_()=0, isCompatibleWith_(Configuration)=0}
2024-04-24T11:27:30,970  INFO [main] ql.Driver: Completed compiling command(queryId=alex_20240424112730_7943068e-bf4b-4f10-9301-389f2d8baa26); Time taken: 0.004 seconds
2024-04-24T11:27:30,970  INFO [main] reexec.ReExecDriver: Execution #1 of query
2024-04-24T11:27:30,970  INFO [main] ql.Driver: Concurrency mode is disabled, not creating a lock manager
2024-04-24T11:27:30,970  INFO [main] ql.Driver: Executing command(queryId=alex_20240424112730_7943068e-bf4b-4f10-9301-389f2d8baa26): drop table if exists junit_unparted_complex
2024-04-24T11:27:30,970  INFO [main] ql.Driver: Starting task [Stage-0:DDL] in serial mode
2024-04-24T11:27:30,970  INFO [main] HiveMetaStore.audit: ugi=alex	ip=unknown-ip-addr	cmd=get_table : tbl=hive.junit_specific_db.junit_unparted_complex	
2024-04-24T11:27:30,974  INFO [main] metadata.Hive: Dumping metastore api call timing information for : execution phase
2024-04-24T11:27:30,974  INFO [main] metadata.Hive: Total time spent in each metastore function (ms): {isCompatibleWith_(Configuration)=0}
2024-04-24T11:27:30,974  INFO [main] ql.Driver: Completed executing command(queryId=alex_20240424112730_7943068e-bf4b-4f10-9301-389f2d8baa26); Time taken: 0.004 seconds
2024-04-24T11:27:30,975  INFO [main] ql.Driver: Compiling command(queryId=alex_20240424112730_7943068e-bf4b-4f10-9301-389f2d8baa26): drop table if exists junit_parted_basic
2024-04-24T11:27:30,975  INFO [main] HiveMetaStore.audit: ugi=alex	ip=unknown-ip-addr	cmd=get_table : tbl=hive.junit_specific_db.junit_parted_basic	
2024-04-24T11:27:30,978  INFO [main] ql.Driver: Semantic Analysis Completed (retrial = false)
2024-04-24T11:27:30,978  INFO [main] ql.Driver: Created Hive schema: Schema(fieldSchemas:null, properties:null)
2024-04-24T11:27:30,978  INFO [main] metadata.Hive: Dumping metastore api call timing information for : compilation phase
2024-04-24T11:27:30,979  INFO [main] metadata.Hive: Total time spent in each metastore function (ms): {flushCache_()=0, isCompatibleWith_(Configuration)=0}
2024-04-24T11:27:30,979  INFO [main] ql.Driver: Completed compiling command(queryId=alex_20240424112730_7943068e-bf4b-4f10-9301-389f2d8baa26); Time taken: 0.004 seconds
2024-04-24T11:27:30,979  INFO [main] reexec.ReExecDriver: Execution #1 of query
2024-04-24T11:27:30,979  INFO [main] ql.Driver: Concurrency mode is disabled, not creating a lock manager
2024-04-24T11:27:30,979  INFO [main] ql.Driver: Executing command(queryId=alex_20240424112730_7943068e-bf4b-4f10-9301-389f2d8baa26): drop table if exists junit_parted_basic
2024-04-24T11:27:30,979  INFO [main] ql.Driver: Starting task [Stage-0:DDL] in serial mode
2024-04-24T11:27:30,979  INFO [main] HiveMetaStore.audit: ugi=alex	ip=unknown-ip-addr	cmd=get_table : tbl=hive.junit_specific_db.junit_parted_basic	
2024-04-24T11:27:30,983  INFO [main] metadata.Hive: Dumping metastore api call timing information for : execution phase
2024-04-24T11:27:30,983  INFO [main] metadata.Hive: Total time spent in each metastore function (ms): {isCompatibleWith_(Configuration)=0}
2024-04-24T11:27:30,983  INFO [main] ql.Driver: Completed executing command(queryId=alex_20240424112730_7943068e-bf4b-4f10-9301-389f2d8baa26); Time taken: 0.004 seconds
2024-04-24T11:27:30,984  INFO [main] ql.Driver: Compiling command(queryId=alex_20240424112730_7943068e-bf4b-4f10-9301-389f2d8baa26): drop table if exists junit_specific_size
2024-04-24T11:27:30,984  INFO [main] HiveMetaStore.audit: ugi=alex	ip=unknown-ip-addr	cmd=get_table : tbl=hive.junit_specific_db.junit_specific_size	
2024-04-24T11:27:30,988  INFO [main] ql.Driver: Semantic Analysis Completed (retrial = false)
2024-04-24T11:27:30,988  INFO [main] ql.Driver: Created Hive schema: Schema(fieldSchemas:null, properties:null)
2024-04-24T11:27:30,988  INFO [main] metadata.Hive: Dumping metastore api call timing information for : compilation phase
2024-04-24T11:27:30,988  INFO [main] metadata.Hive: Total time spent in each metastore function (ms): {isCompatibleWith_(Configuration)=0, flushCache_()=0}
2024-04-24T11:27:30,989  INFO [main] ql.Driver: Completed compiling command(queryId=alex_20240424112730_7943068e-bf4b-4f10-9301-389f2d8baa26); Time taken: 0.004 seconds
2024-04-24T11:27:30,989  INFO [main] reexec.ReExecDriver: Execution #1 of query
2024-04-24T11:27:30,989  INFO [main] ql.Driver: Concurrency mode is disabled, not creating a lock manager
2024-04-24T11:27:30,989  INFO [main] ql.Driver: Executing command(queryId=alex_20240424112730_7943068e-bf4b-4f10-9301-389f2d8baa26): drop table if exists junit_specific_size
2024-04-24T11:27:30,989  INFO [main] ql.Driver: Starting task [Stage-0:DDL] in serial mode
2024-04-24T11:27:30,989  INFO [main] HiveMetaStore.audit: ugi=alex	ip=unknown-ip-addr	cmd=get_table : tbl=hive.junit_specific_db.junit_specific_size	
2024-04-24T11:27:30,993  INFO [main] metadata.Hive: Dumping metastore api call timing information for : execution phase
2024-04-24T11:27:30,993  INFO [main] metadata.Hive: Total time spent in each metastore function (ms): {isCompatibleWith_(Configuration)=0}
2024-04-24T11:27:30,994  INFO [main] ql.Driver: Completed executing command(queryId=alex_20240424112730_7943068e-bf4b-4f10-9301-389f2d8baa26); Time taken: 0.004 seconds
2024-04-24T11:27:30,994  INFO [main] ql.Driver: Compiling command(queryId=alex_20240424112730_7943068e-bf4b-4f10-9301-389f2d8baa26): drop table if exists junit_parted_date
2024-04-24T11:27:30,995  INFO [main] HiveMetaStore.audit: ugi=alex	ip=unknown-ip-addr	cmd=get_table : tbl=hive.junit_specific_db.junit_parted_date	
2024-04-24T11:27:30,998  INFO [main] ql.Driver: Semantic Analysis Completed (retrial = false)
2024-04-24T11:27:30,998  INFO [main] ql.Driver: Created Hive schema: Schema(fieldSchemas:null, properties:null)
2024-04-24T11:27:30,998  INFO [main] metadata.Hive: Dumping metastore api call timing information for : compilation phase
2024-04-24T11:27:30,998  INFO [main] metadata.Hive: Total time spent in each metastore function (ms): {isCompatibleWith_(Configuration)=0, flushCache_()=0}
2024-04-24T11:27:30,998  INFO [main] ql.Driver: Completed compiling command(queryId=alex_20240424112730_7943068e-bf4b-4f10-9301-389f2d8baa26); Time taken: 0.004 seconds
2024-04-24T11:27:30,999  INFO [main] reexec.ReExecDriver: Execution #1 of query
2024-04-24T11:27:30,999  INFO [main] ql.Driver: Concurrency mode is disabled, not creating a lock manager
2024-04-24T11:27:30,999  INFO [main] ql.Driver: Executing command(queryId=alex_20240424112730_7943068e-bf4b-4f10-9301-389f2d8baa26): drop table if exists junit_parted_date
2024-04-24T11:27:30,999  INFO [main] ql.Driver: Starting task [Stage-0:DDL] in serial mode
2024-04-24T11:27:30,999  INFO [main] HiveMetaStore.audit: ugi=alex	ip=unknown-ip-addr	cmd=get_table : tbl=hive.junit_specific_db.junit_parted_date	
2024-04-24T11:27:31,003  INFO [main] metadata.Hive: Dumping metastore api call timing information for : execution phase
2024-04-24T11:27:31,003  INFO [main] metadata.Hive: Total time spent in each metastore function (ms): {isCompatibleWith_(Configuration)=0}
2024-04-24T11:27:31,003  INFO [main] ql.Driver: Completed executing command(queryId=alex_20240424112730_7943068e-bf4b-4f10-9301-389f2d8baa26); Time taken: 0.004 seconds
2024-04-24T11:27:31,003  INFO [main] ql.Driver: Compiling command(queryId=alex_20240424112730_7943068e-bf4b-4f10-9301-389f2d8baa26): drop table if exists junit_unparted_alltypes
2024-04-24T11:27:31,004  INFO [main] HiveMetaStore.audit: ugi=alex	ip=unknown-ip-addr	cmd=get_table : tbl=hive.junit_specific_db.junit_unparted_alltypes	
2024-04-24T11:27:31,007  INFO [main] ql.Driver: Semantic Analysis Completed (retrial = false)
2024-04-24T11:27:31,007  INFO [main] ql.Driver: Created Hive schema: Schema(fieldSchemas:null, properties:null)
2024-04-24T11:27:31,007  INFO [main] metadata.Hive: Dumping metastore api call timing information for : compilation phase
2024-04-24T11:27:31,007  INFO [main] metadata.Hive: Total time spent in each metastore function (ms): {flushCache_()=0, isCompatibleWith_(Configuration)=0}
2024-04-24T11:27:31,008  INFO [main] ql.Driver: Completed compiling command(queryId=alex_20240424112730_7943068e-bf4b-4f10-9301-389f2d8baa26); Time taken: 0.004 seconds
2024-04-24T11:27:31,008  INFO [main] reexec.ReExecDriver: Execution #1 of query
2024-04-24T11:27:31,008  INFO [main] ql.Driver: Concurrency mode is disabled, not creating a lock manager
2024-04-24T11:27:31,008  INFO [main] ql.Driver: Executing command(queryId=alex_20240424112730_7943068e-bf4b-4f10-9301-389f2d8baa26): drop table if exists junit_unparted_alltypes
2024-04-24T11:27:31,008  INFO [main] ql.Driver: Starting task [Stage-0:DDL] in serial mode
2024-04-24T11:27:31,008  INFO [main] HiveMetaStore.audit: ugi=alex	ip=unknown-ip-addr	cmd=get_table : tbl=hive.junit_specific_db.junit_unparted_alltypes	
2024-04-24T11:27:31,012  INFO [main] metadata.Hive: Dumping metastore api call timing information for : execution phase
2024-04-24T11:27:31,012  INFO [main] metadata.Hive: Total time spent in each metastore function (ms): {isCompatibleWith_(Configuration)=0}
2024-04-24T11:27:31,013  INFO [main] ql.Driver: Completed executing command(queryId=alex_20240424112730_7943068e-bf4b-4f10-9301-389f2d8baa26); Time taken: 0.004 seconds
2024-04-24T11:27:31,013  INFO [main] ql.Driver: Compiling command(queryId=alex_20240424112730_7943068e-bf4b-4f10-9301-389f2d8baa26): drop database if exists junit_specific_db cascade
2024-04-24T11:27:31,014  INFO [main] HiveMetaStore.audit: ugi=alex	ip=unknown-ip-addr	cmd=get_database: junit_specific_db	
2024-04-24T11:27:31,017  INFO [main] HiveMetaStore.audit: ugi=alex	ip=unknown-ip-addr	cmd=get_multi_table : db=junit_specific_db tbls=null	
2024-04-24T11:27:31,026  INFO [main] HiveMetaStore.audit: ugi=alex	ip=unknown-ip-addr	cmd=get_multi_table : db=junit_specific_db tbls=	
2024-04-24T11:27:31,026  INFO [main] ql.Driver: Semantic Analysis Completed (retrial = false)
2024-04-24T11:27:31,026  INFO [main] ql.Driver: Created Hive schema: Schema(fieldSchemas:null, properties:null)
2024-04-24T11:27:31,026  INFO [main] metadata.Hive: Dumping metastore api call timing information for : compilation phase
2024-04-24T11:27:31,026  INFO [main] metadata.Hive: Total time spent in each metastore function (ms): {flushCache_()=0, getTables_(String, String)=8, getTableObjectsByName_(String, List)=2, isCompatibleWith_(Configuration)=0, getDatabase_(String)=2}
2024-04-24T11:27:31,027  INFO [main] ql.Driver: Completed compiling command(queryId=alex_20240424112730_7943068e-bf4b-4f10-9301-389f2d8baa26); Time taken: 0.013 seconds
2024-04-24T11:27:31,027  INFO [main] reexec.ReExecDriver: Execution #1 of query
2024-04-24T11:27:31,027  INFO [main] ql.Driver: Concurrency mode is disabled, not creating a lock manager
2024-04-24T11:27:31,027  INFO [main] ql.Driver: Executing command(queryId=alex_20240424112730_7943068e-bf4b-4f10-9301-389f2d8baa26): drop database if exists junit_specific_db cascade
2024-04-24T11:27:31,027  INFO [main] ql.Driver: Starting task [Stage-0:DDL] in serial mode
2024-04-24T11:27:31,027  INFO [main] HiveMetaStore.audit: ugi=alex	ip=unknown-ip-addr	cmd=get_database: junit_specific_db	
2024-04-24T11:27:31,029  INFO [main] HiveMetaStore.audit: ugi=alex	ip=unknown-ip-addr	cmd=get_tables_by_type: db=@hive#junit_specific_db pat=.*,type=MATERIALIZED_VIEW	
2024-04-24T11:27:31,029  INFO [main] HiveMetaStore.audit: ugi=alex	ip=unknown-ip-addr	cmd=getTablesByTypeCore: catName=hive: db=junit_specific_db pat=.*,type=MATERIALIZED_VIEW	
2024-04-24T11:27:31,032  INFO [main] HiveMetaStore.audit: ugi=alex	ip=unknown-ip-addr	cmd=get_all_tables: db=@hive#junit_specific_db	
2024-04-24T11:27:31,035  INFO [main] HiveMetaStore.audit: ugi=alex	ip=unknown-ip-addr	cmd=get_multi_table : db=junit_specific_db tbls=junit_specific_size2	
2024-04-24T11:27:31,038  INFO [main] HiveMetaStore.audit: ugi=alex	ip=unknown-ip-addr	cmd=drop_database: @hive#junit_specific_db	
2024-04-24T11:27:31,040  INFO [main] HiveMetaStore.audit: ugi=alex	ip=unknown-ip-addr	cmd=get_all_tables: db=@hive#junit_specific_db	
2024-04-24T11:27:31,041  INFO [main] HiveMetaStore.audit: ugi=alex	ip=unknown-ip-addr	cmd=get_functions: db=@hive#junit_specific_db pat=*	
2024-04-24T11:27:31,044  INFO [main] HiveMetaStore.audit: ugi=alex	ip=unknown-ip-addr	cmd=get_all_stored_procedures	
2024-04-24T11:27:31,046  INFO [main] HiveMetaStore.audit: ugi=alex	ip=unknown-ip-addr	cmd=get_all_packages	
2024-04-24T11:27:31,048  INFO [main] HiveMetaStore.audit: ugi=alex	ip=unknown-ip-addr	cmd=getTablesByTypeCore: catName=hive: db=junit_specific_db pat=.*,type=MATERIALIZED_VIEW	
2024-04-24T11:27:31,073  INFO [main] HiveMetaStore.audit: ugi=alex	ip=unknown-ip-addr	cmd=drop_table : tbl=hive.junit_specific_db.junit_specific_size2	
2024-04-24T11:27:31,186  INFO [main] metastore.ObjectStore: Dropping database hive.junit_specific_db along with all tables
2024-04-24T11:27:31,193  INFO [main] txn.TxnHandler: Non-retryable error in cleanupRecords : Table/View 'TXN_COMPONENTS' does not exist. (SQLState=42X05, ErrorCode=20000)
2024-04-24T11:27:31,193  WARN [main] txn.TxnHandler: Cannot perform cleanup since metastore table does not exist
2024-04-24T11:27:31,196  WARN [main] utils.FileUtils: File file:/home/alex/Repositories/hive/hcatalog/hcatalog-pig-adapter/build/test/data/org.apache.hive.hcatalog.mapreduce.HCatBaseTest-1713983215978/warehouse/junit_specific_db.db does not exist; Force to delete it.
2024-04-24T11:27:31,196 ERROR [main] utils.FileUtils: Failed to delete file:/home/alex/Repositories/hive/hcatalog/hcatalog-pig-adapter/build/test/data/org.apache.hive.hcatalog.mapreduce.HCatBaseTest-1713983215978/warehouse/junit_specific_db.db
2024-04-24T11:27:31,197  WARN [main] utils.FileUtils: File file:/home/alex/Repositories/hive/hcatalog/hcatalog-pig-adapter/build/test/data/org.apache.hive.hcatalog.mapreduce.HCatBaseTest-1713983215978/warehouse/junit_specific_db.db does not exist; Force to delete it.
2024-04-24T11:27:31,197 ERROR [main] utils.FileUtils: Failed to delete file:/home/alex/Repositories/hive/hcatalog/hcatalog-pig-adapter/build/test/data/org.apache.hive.hcatalog.mapreduce.HCatBaseTest-1713983215978/warehouse/junit_specific_db.db
2024-04-24T11:27:31,198  INFO [main] metadata.Hive: Dumping metastore api call timing information for : execution phase
2024-04-24T11:27:31,198  INFO [main] metadata.Hive: Total time spent in each metastore function (ms): {dropDatabase_(String, boolean, boolean, boolean)=170, isCompatibleWith_(Configuration)=0}
2024-04-24T11:27:31,198  INFO [main] ql.Driver: Completed executing command(queryId=alex_20240424112730_7943068e-bf4b-4f10-9301-389f2d8baa26); Time taken: 0.171 seconds
]]></system-err>
  </testcase>
  <testcase name="testColumnarStorePushdown2" classname="org.apache.hive.hcatalog.pig.TestRCFileHCatLoader" time="0.452">
    <error message="FAILED: Execution Error, return code 40000 from org.apache.hadoop.hive.ql.ddl.DDLTask. AlreadyExistsException(message:Table hive.default.junit_unparted_basic already exists)" type="(responseCode = 40000, errorMessage = FAILED"><![CDATA[(responseCode = 40000, errorMessage = FAILED: Execution Error, return code 40000 from org.apache.hadoop.hive.ql.ddl.DDLTask. AlreadyExistsException(message:Table hive.default.junit_unparted_basic already exists), hiveErrorCode = 40000, SQLState = 08S01, exception = AlreadyExistsException(message:Table hive.default.junit_unparted_basic already exists))
	at org.apache.hadoop.hive.ql.DriverUtils.createProcessorException(DriverUtils.java:153)
	at org.apache.hadoop.hive.ql.Executor.handleTaskFailure(Executor.java:403)
	at org.apache.hadoop.hive.ql.Executor.handleFinished(Executor.java:285)
	at org.apache.hadoop.hive.ql.Executor.runTasks(Executor.java:246)
	at org.apache.hadoop.hive.ql.Executor.execute(Executor.java:108)
	at org.apache.hadoop.hive.ql.Driver.execute(Driver.java:348)
	at org.apache.hadoop.hive.ql.Driver.runInternal(Driver.java:204)
	at org.apache.hadoop.hive.ql.Driver.run(Driver.java:153)
	at org.apache.hadoop.hive.ql.Driver.run(Driver.java:148)
	at org.apache.hadoop.hive.ql.reexec.ReExecDriver.run(ReExecDriver.java:164)
	at org.apache.hadoop.hive.ql.reexec.ReExecDriver.run(ReExecDriver.java:230)
	at org.apache.hive.hcatalog.pig.AbstractHCatLoaderTest.executeStatementOnDriver(AbstractHCatLoaderTest.java:151)
	at org.apache.hive.hcatalog.pig.AbstractHCatLoaderTest.createTable(AbstractHCatLoaderTest.java:134)
	at org.apache.hive.hcatalog.pig.AbstractHCatLoaderTest.createTable(AbstractHCatLoaderTest.java:104)
	at org.apache.hive.hcatalog.pig.AbstractHCatLoaderTest.createTableDefaultDB(AbstractHCatLoaderTest.java:142)
	at org.apache.hive.hcatalog.pig.AbstractHCatLoaderTest.setUpTest(AbstractHCatLoaderTest.java:162)
	at sun.reflect.NativeMethodAccessorImpl.invoke0(Native Method)
	at sun.reflect.NativeMethodAccessorImpl.invoke(NativeMethodAccessorImpl.java:62)
	at sun.reflect.DelegatingMethodAccessorImpl.invoke(DelegatingMethodAccessorImpl.java:43)
	at java.lang.reflect.Method.invoke(Method.java:498)
	at org.junit.runners.model.FrameworkMethod$1.runReflectiveCall(FrameworkMethod.java:59)
	at org.junit.internal.runners.model.ReflectiveCallable.run(ReflectiveCallable.java:12)
	at org.junit.runners.model.FrameworkMethod.invokeExplosively(FrameworkMethod.java:56)
	at org.junit.internal.runners.statements.RunBefores.invokeMethod(RunBefores.java:33)
	at org.junit.internal.runners.statements.RunBefores.evaluate(RunBefores.java:24)
	at org.junit.internal.runners.statements.RunAfters.evaluate(RunAfters.java:27)
	at org.junit.runners.ParentRunner$3.evaluate(ParentRunner.java:306)
	at org.junit.runners.BlockJUnit4ClassRunner$1.evaluate(BlockJUnit4ClassRunner.java:100)
	at org.junit.runners.ParentRunner.runLeaf(ParentRunner.java:366)
	at org.junit.runners.BlockJUnit4ClassRunner.runChild(BlockJUnit4ClassRunner.java:103)
	at org.junit.runners.BlockJUnit4ClassRunner.runChild(BlockJUnit4ClassRunner.java:63)
	at org.junit.runners.ParentRunner$4.run(ParentRunner.java:331)
	at org.junit.runners.ParentRunner$1.schedule(ParentRunner.java:79)
	at org.junit.runners.ParentRunner.runChildren(ParentRunner.java:329)
	at org.junit.runners.ParentRunner.access$100(ParentRunner.java:66)
	at org.junit.runners.ParentRunner$2.evaluate(ParentRunner.java:293)
	at org.junit.internal.runners.statements.RunBefores.evaluate(RunBefores.java:26)
	at org.junit.runners.ParentRunner$3.evaluate(ParentRunner.java:306)
	at org.junit.runners.ParentRunner.run(ParentRunner.java:413)
	at org.junit.runners.Suite.runChild(Suite.java:128)
	at org.junit.runners.Suite.runChild(Suite.java:27)
	at org.junit.runners.ParentRunner$4.run(ParentRunner.java:331)
	at org.junit.runners.ParentRunner$1.schedule(ParentRunner.java:79)
	at org.junit.runners.ParentRunner.runChildren(ParentRunner.java:329)
	at org.junit.runners.ParentRunner.access$100(ParentRunner.java:66)
	at org.junit.runners.ParentRunner$2.evaluate(ParentRunner.java:293)
	at org.junit.runners.ParentRunner$3.evaluate(ParentRunner.java:306)
	at org.junit.runners.ParentRunner.run(ParentRunner.java:413)
	at org.apache.maven.surefire.junitcore.JUnitCore.run(JUnitCore.java:55)
	at org.apache.maven.surefire.junitcore.JUnitCoreWrapper.createRequestAndRun(JUnitCoreWrapper.java:137)
	at org.apache.maven.surefire.junitcore.JUnitCoreWrapper.executeEager(JUnitCoreWrapper.java:107)
	at org.apache.maven.surefire.junitcore.JUnitCoreWrapper.execute(JUnitCoreWrapper.java:83)
	at org.apache.maven.surefire.junitcore.JUnitCoreWrapper.execute(JUnitCoreWrapper.java:75)
	at org.apache.maven.surefire.junitcore.JUnitCoreProvider.invoke(JUnitCoreProvider.java:158)
	at org.apache.maven.surefire.booter.ForkedBooter.runSuitesInProcess(ForkedBooter.java:377)
	at org.apache.maven.surefire.booter.ForkedBooter.execute(ForkedBooter.java:138)
	at org.apache.maven.surefire.booter.ForkedBooter.run(ForkedBooter.java:465)
	at org.apache.maven.surefire.booter.ForkedBooter.main(ForkedBooter.java:451)
Caused by: org.apache.hadoop.hive.ql.metadata.HiveException: AlreadyExistsException(message:Table hive.default.junit_unparted_basic already exists)
	at org.apache.hadoop.hive.ql.metadata.Hive.createTable(Hive.java:1298)
	at org.apache.hadoop.hive.ql.metadata.Hive.createTable(Hive.java:1306)
	at org.apache.hadoop.hive.ql.ddl.table.create.CreateTableOperation.createTableNonReplaceMode(CreateTableOperation.java:140)
	at org.apache.hadoop.hive.ql.ddl.table.create.CreateTableOperation.execute(CreateTableOperation.java:98)
	at org.apache.hadoop.hive.ql.ddl.DDLTask.execute(DDLTask.java:84)
	at org.apache.hadoop.hive.ql.exec.Task.executeTask(Task.java:212)
	at org.apache.hadoop.hive.ql.exec.TaskRunner.runSequential(TaskRunner.java:105)
	at org.apache.hadoop.hive.ql.Executor.launchTask(Executor.java:361)
	at org.apache.hadoop.hive.ql.Executor.launchTasks(Executor.java:334)
	at org.apache.hadoop.hive.ql.Executor.runTasks(Executor.java:245)
	... 54 more
Caused by: AlreadyExistsException(message:Table hive.default.junit_unparted_basic already exists)
	at org.apache.hadoop.hive.metastore.HMSHandler.create_table_core(HMSHandler.java:2339)
	at org.apache.hadoop.hive.metastore.HMSHandler.create_table_req(HMSHandler.java:2598)
	at sun.reflect.NativeMethodAccessorImpl.invoke0(Native Method)
	at sun.reflect.NativeMethodAccessorImpl.invoke(NativeMethodAccessorImpl.java:62)
	at sun.reflect.DelegatingMethodAccessorImpl.invoke(DelegatingMethodAccessorImpl.java:43)
	at java.lang.reflect.Method.invoke(Method.java:498)
	at org.apache.hadoop.hive.metastore.RetryingHMSHandler.invokeInternal(RetryingHMSHandler.java:147)
	at org.apache.hadoop.hive.metastore.RetryingHMSHandler.invoke(RetryingHMSHandler.java:108)
	at com.sun.proxy.$Proxy35.create_table_req(Unknown Source)
	at org.apache.hadoop.hive.metastore.HiveMetaStoreClient.create_table_with_environment_context(HiveMetaStoreClient.java:4408)
	at org.apache.hadoop.hive.ql.metadata.SessionHiveMetaStoreClient.create_table_with_environment_context(SessionHiveMetaStoreClient.java:182)
	at org.apache.hadoop.hive.metastore.HiveMetaStoreClient.createTable(HiveMetaStoreClient.java:1260)
	at org.apache.hadoop.hive.metastore.HiveMetaStoreClient.createTable(HiveMetaStoreClient.java:1245)
	at sun.reflect.NativeMethodAccessorImpl.invoke0(Native Method)
	at sun.reflect.NativeMethodAccessorImpl.invoke(NativeMethodAccessorImpl.java:62)
	at sun.reflect.DelegatingMethodAccessorImpl.invoke(DelegatingMethodAccessorImpl.java:43)
	at java.lang.reflect.Method.invoke(Method.java:498)
	at org.apache.hadoop.hive.metastore.RetryingMetaStoreClient.invoke(RetryingMetaStoreClient.java:218)
	at com.sun.proxy.$Proxy45.createTable(Unknown Source)
	at org.apache.hadoop.hive.ql.metadata.Hive.createTable(Hive.java:1290)
	... 63 more
]]></error>
    <system-err><![CDATA[2024-04-24T11:27:31,237  WARN [main] conf.HiveConf: HiveConf of name hive.dummyparam.test.server.specific.config.hivesite does not exist
2024-04-24T11:27:31,237  WARN [main] conf.HiveConf: HiveConf of name hive.llap.io.cache.orc.size does not exist
2024-04-24T11:27:31,237  WARN [main] conf.HiveConf: HiveConf of name hive.metastore.metadb.dir does not exist
2024-04-24T11:27:31,238  WARN [main] conf.HiveConf: HiveConf of name hive.stats.key.prefix.reserve.length does not exist
2024-04-24T11:27:31,238  WARN [main] conf.HiveConf: HiveConf of name hive.llap.io.cache.orc.alloc.min does not exist
2024-04-24T11:27:31,238  WARN [main] conf.HiveConf: HiveConf of name hive.dummyparam.test.server.specific.config.override does not exist
2024-04-24T11:27:31,238  WARN [main] conf.HiveConf: HiveConf of name hive.metastore.client.cache.maxSize does not exist
2024-04-24T11:27:31,238  WARN [main] conf.HiveConf: HiveConf of name hive.dummyparam.test.server.specific.config.metastoresite does not exist
2024-04-24T11:27:31,238  WARN [main] conf.HiveConf: HiveConf of name hive.llap.io.cache.orc.arena.size does not exist
2024-04-24T11:27:31,238  WARN [main] conf.HiveConf: HiveConf of name hive.metastore.client.cache.recordStats does not exist
2024-04-24T11:27:31,238  WARN [main] conf.HiveConf: HiveConf of name hive.llap.io.cache.orc.alloc.max does not exist
2024-04-24T11:27:31,241  INFO [main] metastore.HiveMetaStoreClient: HMS client filtering is enabled.
2024-04-24T11:27:31,241  INFO [main] metastore.PersistenceManagerProvider: Configuration datanucleus.autoStartMechanismMode is not set. Defaulting to 'ignored'
2024-04-24T11:27:31,241  INFO [main] metastore.ObjectStore: RawStore: org.apache.hadoop.hive.metastore.ObjectStore@309d9033, with PersistenceManager: org.datanucleus.api.jdo.JDOPersistenceManager@23674e3d will be shutdown
2024-04-24T11:27:31,242  INFO [main] metastore.ObjectStore: RawStore: org.apache.hadoop.hive.metastore.ObjectStore@309d9033, with PersistenceManager: org.datanucleus.api.jdo.JDOPersistenceManager@45b7b254 created in the thread with id: 1
2024-04-24T11:27:31,245  INFO [main] metastore.HMSHandler: HMS server filtering is disabled by configuration
Hive Session ID = 3c711478-8162-45fc-8d6c-f0b0e7685674
2024-04-24T11:27:31,245  INFO [main] SessionState: Hive Session ID = 3c711478-8162-45fc-8d6c-f0b0e7685674
ivysettings.xml file not found in HIVE_HOME or HIVE_CONF_DIR,file:/home/alex/.m2/repository/org/apache/pig/pig/0.16.0/pig-0.16.0-h2.jar!/ivysettings.xml will be used
2024-04-24T11:27:31,245  INFO [main] DependencyResolver: ivysettings.xml file not found in HIVE_HOME or HIVE_CONF_DIR,file:/home/alex/.m2/repository/org/apache/pig/pig/0.16.0/pig-0.16.0-h2.jar!/ivysettings.xml will be used
2024-04-24T11:27:31,251  INFO [main] session.SessionState: Created HDFS directory: /home/alex/Repositories/hive/hcatalog/hcatalog-pig-adapter/target/tmp/scratchdir/alex/3c711478-8162-45fc-8d6c-f0b0e7685674
2024-04-24T11:27:31,253  INFO [main] session.SessionState: Created local directory: /home/alex/Repositories/hive/hcatalog/hcatalog-pig-adapter/target/tmp/localscratchdir/3c711478-8162-45fc-8d6c-f0b0e7685674
2024-04-24T11:27:31,256  INFO [main] session.SessionState: Created HDFS directory: /home/alex/Repositories/hive/hcatalog/hcatalog-pig-adapter/target/tmp/scratchdir/alex/3c711478-8162-45fc-8d6c-f0b0e7685674/_tmp_space.db
2024-04-24T11:27:31,257  INFO [main] ql.Driver: Compiling command(queryId=alex_20240424112731_3d272de9-8989-4884-9427-c5700824448f): use default
2024-04-24T11:27:31,257  INFO [main] HiveMetaStore.audit: ugi=alex	ip=unknown-ip-addr	cmd=get_database: default	
2024-04-24T11:27:31,258  INFO [main] ql.Driver: Semantic Analysis Completed (retrial = false)
2024-04-24T11:27:31,258  INFO [main] ql.Driver: Created Hive schema: Schema(fieldSchemas:null, properties:null)
2024-04-24T11:27:31,258  INFO [main] metadata.Hive: Dumping metastore api call timing information for : compilation phase
2024-04-24T11:27:31,259  INFO [main] metadata.Hive: Total time spent in each metastore function (ms): {isCompatibleWith_(Configuration)=0, flushCache_()=0, getDatabase_(String)=1}
2024-04-24T11:27:31,259  INFO [main] ql.Driver: Completed compiling command(queryId=alex_20240424112731_3d272de9-8989-4884-9427-c5700824448f); Time taken: 0.001 seconds
2024-04-24T11:27:31,259  INFO [main] reexec.ReExecDriver: Execution #1 of query
2024-04-24T11:27:31,259  INFO [main] ql.Driver: Concurrency mode is disabled, not creating a lock manager
2024-04-24T11:27:31,259  INFO [main] ql.Driver: Executing command(queryId=alex_20240424112731_3d272de9-8989-4884-9427-c5700824448f): use default
2024-04-24T11:27:31,259  INFO [main] ql.Driver: Starting task [Stage-0:DDL] in serial mode
2024-04-24T11:27:31,260  INFO [main] HiveMetaStore.audit: ugi=alex	ip=unknown-ip-addr	cmd=get_database: default	
2024-04-24T11:27:31,261  INFO [main] HiveMetaStore.audit: ugi=alex	ip=unknown-ip-addr	cmd=get_database: default	
2024-04-24T11:27:31,262  INFO [main] metadata.Hive: Dumping metastore api call timing information for : execution phase
2024-04-24T11:27:31,262  INFO [main] metadata.Hive: Total time spent in each metastore function (ms): {isCompatibleWith_(Configuration)=0, getDatabase_(String)=3}
2024-04-24T11:27:31,262  INFO [main] ql.Driver: Completed executing command(queryId=alex_20240424112731_3d272de9-8989-4884-9427-c5700824448f); Time taken: 0.003 seconds
2024-04-24T11:27:31,263  INFO [main] ql.Driver: Compiling command(queryId=alex_20240424112731_3d272de9-8989-4884-9427-c5700824448f): create table junit_unparted_basic(a int, b string) stored as RCFILE TBLPROPERTIES ('transactional'='false')
2024-04-24T11:27:31,264  INFO [main] parse.CalcitePlanner: Starting caching scope for: alex_20240424112731_3d272de9-8989-4884-9427-c5700824448f
2024-04-24T11:27:31,264  INFO [main] parse.CalcitePlanner: Starting Semantic Analysis
2024-04-24T11:27:31,264  INFO [main] sqlstd.SQLStdHiveAccessController: Created SQLStdHiveAccessController for session context : HiveAuthzSessionContext [sessionString=3c711478-8162-45fc-8d6c-f0b0e7685674, clientType=HIVECLI]
2024-04-24T11:27:31,264  INFO [main] metastore.HiveMetaStoreClient: Mestastore configuration metastore.filter.hook changed from org.apache.hadoop.hive.metastore.DefaultMetaStoreFilterHookImpl to org.apache.hadoop.hive.ql.security.authorization.plugin.AuthorizationMetaStoreFilterHook
2024-04-24T11:27:31,264  INFO [main] HiveMetaStore.audit: ugi=alex	ip=unknown-ip-addr	cmd=Cleaning up thread local RawStore...	
2024-04-24T11:27:31,264  INFO [main] metastore.ObjectStore: RawStore: org.apache.hadoop.hive.metastore.ObjectStore@309d9033, with PersistenceManager: org.datanucleus.api.jdo.JDOPersistenceManager@45b7b254 will be shutdown
2024-04-24T11:27:31,264  INFO [main] HiveMetaStore.audit: ugi=alex	ip=unknown-ip-addr	cmd=Done cleaning up thread local RawStore	
2024-04-24T11:27:31,264  INFO [main] metastore.HiveMetaStoreClient: Closed a connection to metastore, current connections: -6
2024-04-24T11:27:31,265  INFO [main] metastore.HiveMetaStoreClient: HMS client filtering is enabled.
2024-04-24T11:27:31,267  INFO [main] metastore.HMSHandler: 0: Opening raw store with implementation class:org.apache.hadoop.hive.metastore.ObjectStore
2024-04-24T11:27:31,267  INFO [main] metastore.PersistenceManagerProvider: Configuration datanucleus.autoStartMechanismMode is not set. Defaulting to 'ignored'
2024-04-24T11:27:31,267  INFO [main] metastore.ObjectStore: RawStore: org.apache.hadoop.hive.metastore.ObjectStore@142f0ac1, with PersistenceManager: null will be shutdown
2024-04-24T11:27:31,268  INFO [main] metastore.ObjectStore: RawStore: org.apache.hadoop.hive.metastore.ObjectStore@142f0ac1, with PersistenceManager: org.datanucleus.api.jdo.JDOPersistenceManager@5967492a created in the thread with id: 1
2024-04-24T11:27:31,270  INFO [main] metastore.HMSHandler: Created RawStore: org.apache.hadoop.hive.metastore.ObjectStore@142f0ac1 from thread id: 1
2024-04-24T11:27:31,270  INFO [main] metastore.HMSHandler: HMS server filtering is disabled by configuration
2024-04-24T11:27:31,271  INFO [main] metastore.RetryingMetaStoreClient: RetryingMetaStoreClient proxy=class org.apache.hadoop.hive.ql.metadata.SessionHiveMetaStoreClient ugi=alex (auth:SIMPLE) retries=1 delay=1 lifetime=0
2024-04-24T11:27:31,271  INFO [main] parse.CalcitePlanner: Creating table default.junit_unparted_basic position=13
2024-04-24T11:27:31,272  INFO [main] metastore.HiveMetaStoreClient: HMS client filtering is enabled.
2024-04-24T11:27:31,272  INFO [main] metastore.PersistenceManagerProvider: Configuration datanucleus.autoStartMechanismMode is not set. Defaulting to 'ignored'
2024-04-24T11:27:31,272  INFO [main] metastore.ObjectStore: RawStore: org.apache.hadoop.hive.metastore.ObjectStore@142f0ac1, with PersistenceManager: org.datanucleus.api.jdo.JDOPersistenceManager@5967492a will be shutdown
2024-04-24T11:27:31,273  INFO [main] metastore.ObjectStore: RawStore: org.apache.hadoop.hive.metastore.ObjectStore@142f0ac1, with PersistenceManager: org.datanucleus.api.jdo.JDOPersistenceManager@3818609f created in the thread with id: 1
2024-04-24T11:27:31,275  INFO [main] metastore.HMSHandler: HMS server filtering is disabled by configuration
2024-04-24T11:27:31,275  INFO [main] metastore.RetryingMetaStoreClient: RetryingMetaStoreClient proxy=class org.apache.hadoop.hive.ql.metadata.SessionHiveMetaStoreClient ugi=alex (auth:SIMPLE) retries=1 delay=1 lifetime=0
2024-04-24T11:27:31,275  INFO [main] HiveMetaStore.audit: ugi=alex	ip=unknown-ip-addr	cmd=get_database: default	
2024-04-24T11:27:31,276  INFO [main] parse.CalcitePlanner: Ending caching scope for: alex_20240424112731_3d272de9-8989-4884-9427-c5700824448f
2024-04-24T11:27:31,276  INFO [main] ql.Driver: Semantic Analysis Completed (retrial = false)
2024-04-24T11:27:31,276  INFO [main] ql.Driver: Created Hive schema: Schema(fieldSchemas:null, properties:null)
2024-04-24T11:27:31,277  INFO [main] metadata.Hive: Dumping metastore api call timing information for : compilation phase
2024-04-24T11:27:31,277  INFO [main] metadata.Hive: Total time spent in each metastore function (ms): {}
2024-04-24T11:27:31,277  INFO [main] ql.Driver: Completed compiling command(queryId=alex_20240424112731_3d272de9-8989-4884-9427-c5700824448f); Time taken: 0.014 seconds
2024-04-24T11:27:31,277  INFO [main] reexec.ReExecDriver: Execution #1 of query
2024-04-24T11:27:31,277  INFO [main] ql.Driver: Concurrency mode is disabled, not creating a lock manager
2024-04-24T11:27:31,277  INFO [main] ql.Driver: Executing command(queryId=alex_20240424112731_3d272de9-8989-4884-9427-c5700824448f): create table junit_unparted_basic(a int, b string) stored as RCFILE TBLPROPERTIES ('transactional'='false')
2024-04-24T11:27:31,277  INFO [main] ql.Driver: Starting task [Stage-0:DDL] in serial mode
2024-04-24T11:27:31,277  INFO [main] metastore.HiveMetaStoreClient: Mestastore configuration metastore.filter.hook changed from org.apache.hadoop.hive.ql.security.authorization.plugin.AuthorizationMetaStoreFilterHook to org.apache.hadoop.hive.metastore.DefaultMetaStoreFilterHookImpl
2024-04-24T11:27:31,277  INFO [main] HiveMetaStore.audit: ugi=alex	ip=unknown-ip-addr	cmd=Cleaning up thread local RawStore...	
2024-04-24T11:27:31,277  INFO [main] metastore.ObjectStore: RawStore: org.apache.hadoop.hive.metastore.ObjectStore@142f0ac1, with PersistenceManager: org.datanucleus.api.jdo.JDOPersistenceManager@3818609f will be shutdown
2024-04-24T11:27:31,277  INFO [main] HiveMetaStore.audit: ugi=alex	ip=unknown-ip-addr	cmd=Done cleaning up thread local RawStore	
2024-04-24T11:27:31,277  INFO [main] metastore.HiveMetaStoreClient: Closed a connection to metastore, current connections: -7
2024-04-24T11:27:31,279  INFO [main] metastore.HiveMetaStoreClient: HMS client filtering is enabled.
2024-04-24T11:27:31,280  INFO [main] metastore.HMSHandler: 0: Opening raw store with implementation class:org.apache.hadoop.hive.metastore.ObjectStore
2024-04-24T11:27:31,280  INFO [main] metastore.PersistenceManagerProvider: Configuration datanucleus.autoStartMechanismMode is not set. Defaulting to 'ignored'
2024-04-24T11:27:31,280  INFO [main] metastore.ObjectStore: RawStore: org.apache.hadoop.hive.metastore.ObjectStore@59c530b5, with PersistenceManager: null will be shutdown
2024-04-24T11:27:31,281  INFO [main] metastore.ObjectStore: RawStore: org.apache.hadoop.hive.metastore.ObjectStore@59c530b5, with PersistenceManager: org.datanucleus.api.jdo.JDOPersistenceManager@8d56ddd created in the thread with id: 1
2024-04-24T11:27:31,283  INFO [main] metastore.HMSHandler: Created RawStore: org.apache.hadoop.hive.metastore.ObjectStore@59c530b5 from thread id: 1
2024-04-24T11:27:31,283  INFO [main] metastore.HMSHandler: HMS server filtering is disabled by configuration
2024-04-24T11:27:31,283  INFO [main] metastore.RetryingMetaStoreClient: RetryingMetaStoreClient proxy=class org.apache.hadoop.hive.ql.metadata.SessionHiveMetaStoreClient ugi=alex (auth:SIMPLE) retries=1 delay=1 lifetime=0
2024-04-24T11:27:31,283  INFO [main] HiveMetaStore.audit: ugi=alex	ip=unknown-ip-addr	cmd=create_table_req: Table(tableName:junit_unparted_basic, dbName:default, owner:alex, createTime:1713983251, lastAccessTime:0, retention:0, sd:StorageDescriptor(cols:[FieldSchema(name:a, type:int, comment:null), FieldSchema(name:b, type:string, comment:null)], location:null, inputFormat:org.apache.hadoop.hive.ql.io.RCFileInputFormat, outputFormat:org.apache.hadoop.hive.ql.io.RCFileOutputFormat, compressed:false, numBuckets:-1, serdeInfo:SerDeInfo(name:null, serializationLib:org.apache.hadoop.hive.serde2.columnar.ColumnarSerDe, parameters:{serialization.format=1}), bucketCols:[], sortCols:[], parameters:{}, skewedInfo:SkewedInfo(skewedColNames:[], skewedColValues:[], skewedColValueLocationMaps:{}), storedAsSubDirectories:false), partitionKeys:[], parameters:{bucketing_version=2, numRows=0, transactional=false, numFiles=0, COLUMN_STATS_ACCURATE={"BASIC_STATS":"true","COLUMN_STATS":{"a":"true","b":"true"}}, totalSize=0, rawDataSize=0, numFilesErasureCoded=0}, viewOriginalText:null, viewExpandedText:null, tableType:MANAGED_TABLE, privileges:PrincipalPrivilegeSet(userPrivileges:{alex=[PrivilegeGrantInfo(privilege:INSERT, createTime:-1, grantor:alex, grantorType:USER, grantOption:true), PrivilegeGrantInfo(privilege:SELECT, createTime:-1, grantor:alex, grantorType:USER, grantOption:true), PrivilegeGrantInfo(privilege:UPDATE, createTime:-1, grantor:alex, grantorType:USER, grantOption:true), PrivilegeGrantInfo(privilege:DELETE, createTime:-1, grantor:alex, grantorType:USER, grantOption:true)]}, groupPrivileges:null, rolePrivileges:null), temporary:false, catName:hive, ownerType:USER)	
2024-04-24T11:27:31,296  WARN [main] metastore.HMSHandler: create_table_req got 
org.apache.hadoop.hive.metastore.api.AlreadyExistsException: Table hive.default.junit_unparted_basic already exists
	at org.apache.hadoop.hive.metastore.HMSHandler.create_table_core(HMSHandler.java:2339) ~[classes/:?]
	at org.apache.hadoop.hive.metastore.HMSHandler.create_table_req(HMSHandler.java:2598) [classes/:?]
	at sun.reflect.NativeMethodAccessorImpl.invoke0(Native Method) ~[?:1.8.0_402]
	at sun.reflect.NativeMethodAccessorImpl.invoke(NativeMethodAccessorImpl.java:62) ~[?:1.8.0_402]
	at sun.reflect.DelegatingMethodAccessorImpl.invoke(DelegatingMethodAccessorImpl.java:43) ~[?:1.8.0_402]
	at java.lang.reflect.Method.invoke(Method.java:498) ~[?:1.8.0_402]
	at org.apache.hadoop.hive.metastore.RetryingHMSHandler.invokeInternal(RetryingHMSHandler.java:147) [classes/:?]
	at org.apache.hadoop.hive.metastore.RetryingHMSHandler.invoke(RetryingHMSHandler.java:108) [classes/:?]
	at com.sun.proxy.$Proxy35.create_table_req(Unknown Source) [?:?]
	at org.apache.hadoop.hive.metastore.HiveMetaStoreClient.create_table_with_environment_context(HiveMetaStoreClient.java:4408) [classes/:?]
	at org.apache.hadoop.hive.ql.metadata.SessionHiveMetaStoreClient.create_table_with_environment_context(SessionHiveMetaStoreClient.java:182) [classes/:?]
	at org.apache.hadoop.hive.metastore.HiveMetaStoreClient.createTable(HiveMetaStoreClient.java:1260) [classes/:?]
	at org.apache.hadoop.hive.metastore.HiveMetaStoreClient.createTable(HiveMetaStoreClient.java:1245) [classes/:?]
	at sun.reflect.NativeMethodAccessorImpl.invoke0(Native Method) ~[?:1.8.0_402]
	at sun.reflect.NativeMethodAccessorImpl.invoke(NativeMethodAccessorImpl.java:62) ~[?:1.8.0_402]
	at sun.reflect.DelegatingMethodAccessorImpl.invoke(DelegatingMethodAccessorImpl.java:43) ~[?:1.8.0_402]
	at java.lang.reflect.Method.invoke(Method.java:498) ~[?:1.8.0_402]
	at org.apache.hadoop.hive.metastore.RetryingMetaStoreClient.invoke(RetryingMetaStoreClient.java:218) [classes/:?]
	at com.sun.proxy.$Proxy45.createTable(Unknown Source) [?:?]
	at org.apache.hadoop.hive.ql.metadata.Hive.createTable(Hive.java:1290) [classes/:?]
	at org.apache.hadoop.hive.ql.metadata.Hive.createTable(Hive.java:1306) [classes/:?]
	at org.apache.hadoop.hive.ql.ddl.table.create.CreateTableOperation.createTableNonReplaceMode(CreateTableOperation.java:140) [classes/:?]
	at org.apache.hadoop.hive.ql.ddl.table.create.CreateTableOperation.execute(CreateTableOperation.java:98) [classes/:?]
	at org.apache.hadoop.hive.ql.ddl.DDLTask.execute(DDLTask.java:84) [classes/:?]
	at org.apache.hadoop.hive.ql.exec.Task.executeTask(Task.java:212) [classes/:?]
	at org.apache.hadoop.hive.ql.exec.TaskRunner.runSequential(TaskRunner.java:105) [classes/:?]
	at org.apache.hadoop.hive.ql.Executor.launchTask(Executor.java:361) [classes/:?]
	at org.apache.hadoop.hive.ql.Executor.launchTasks(Executor.java:334) [classes/:?]
	at org.apache.hadoop.hive.ql.Executor.runTasks(Executor.java:245) [classes/:?]
	at org.apache.hadoop.hive.ql.Executor.execute(Executor.java:108) [classes/:?]
	at org.apache.hadoop.hive.ql.Driver.execute(Driver.java:348) [classes/:?]
	at org.apache.hadoop.hive.ql.Driver.runInternal(Driver.java:204) [classes/:?]
	at org.apache.hadoop.hive.ql.Driver.run(Driver.java:153) [classes/:?]
	at org.apache.hadoop.hive.ql.Driver.run(Driver.java:148) [classes/:?]
	at org.apache.hadoop.hive.ql.reexec.ReExecDriver.run(ReExecDriver.java:164) [classes/:?]
	at org.apache.hadoop.hive.ql.reexec.ReExecDriver.run(ReExecDriver.java:230) [classes/:?]
	at org.apache.hive.hcatalog.pig.AbstractHCatLoaderTest.executeStatementOnDriver(AbstractHCatLoaderTest.java:151) [test-classes/:?]
	at org.apache.hive.hcatalog.pig.AbstractHCatLoaderTest.createTable(AbstractHCatLoaderTest.java:134) [test-classes/:?]
	at org.apache.hive.hcatalog.pig.AbstractHCatLoaderTest.createTable(AbstractHCatLoaderTest.java:104) [test-classes/:?]
	at org.apache.hive.hcatalog.pig.AbstractHCatLoaderTest.createTableDefaultDB(AbstractHCatLoaderTest.java:142) [test-classes/:?]
	at org.apache.hive.hcatalog.pig.AbstractHCatLoaderTest.setUpTest(AbstractHCatLoaderTest.java:162) [test-classes/:?]
	at sun.reflect.NativeMethodAccessorImpl.invoke0(Native Method) ~[?:1.8.0_402]
	at sun.reflect.NativeMethodAccessorImpl.invoke(NativeMethodAccessorImpl.java:62) ~[?:1.8.0_402]
	at sun.reflect.DelegatingMethodAccessorImpl.invoke(DelegatingMethodAccessorImpl.java:43) ~[?:1.8.0_402]
	at java.lang.reflect.Method.invoke(Method.java:498) ~[?:1.8.0_402]
	at org.junit.runners.model.FrameworkMethod$1.runReflectiveCall(FrameworkMethod.java:59) [junit-4.13.jar:4.13]
	at org.junit.internal.runners.model.ReflectiveCallable.run(ReflectiveCallable.java:12) [junit-4.13.jar:4.13]
	at org.junit.runners.model.FrameworkMethod.invokeExplosively(FrameworkMethod.java:56) [junit-4.13.jar:4.13]
	at org.junit.internal.runners.statements.RunBefores.invokeMethod(RunBefores.java:33) [junit-4.13.jar:4.13]
	at org.junit.internal.runners.statements.RunBefores.evaluate(RunBefores.java:24) [junit-4.13.jar:4.13]
	at org.junit.internal.runners.statements.RunAfters.evaluate(RunAfters.java:27) [junit-4.13.jar:4.13]
	at org.junit.runners.ParentRunner$3.evaluate(ParentRunner.java:306) [junit-4.13.jar:4.13]
	at org.junit.runners.BlockJUnit4ClassRunner$1.evaluate(BlockJUnit4ClassRunner.java:100) [junit-4.13.jar:4.13]
	at org.junit.runners.ParentRunner.runLeaf(ParentRunner.java:366) [junit-4.13.jar:4.13]
	at org.junit.runners.BlockJUnit4ClassRunner.runChild(BlockJUnit4ClassRunner.java:103) [junit-4.13.jar:4.13]
	at org.junit.runners.BlockJUnit4ClassRunner.runChild(BlockJUnit4ClassRunner.java:63) [junit-4.13.jar:4.13]
	at org.junit.runners.ParentRunner$4.run(ParentRunner.java:331) [junit-4.13.jar:4.13]
	at org.junit.runners.ParentRunner$1.schedule(ParentRunner.java:79) [junit-4.13.jar:4.13]
	at org.junit.runners.ParentRunner.runChildren(ParentRunner.java:329) [junit-4.13.jar:4.13]
	at org.junit.runners.ParentRunner.access$100(ParentRunner.java:66) [junit-4.13.jar:4.13]
	at org.junit.runners.ParentRunner$2.evaluate(ParentRunner.java:293) [junit-4.13.jar:4.13]
	at org.junit.internal.runners.statements.RunBefores.evaluate(RunBefores.java:26) [junit-4.13.jar:4.13]
	at org.junit.runners.ParentRunner$3.evaluate(ParentRunner.java:306) [junit-4.13.jar:4.13]
	at org.junit.runners.ParentRunner.run(ParentRunner.java:413) [junit-4.13.jar:4.13]
	at org.junit.runners.Suite.runChild(Suite.java:128) [junit-4.13.jar:4.13]
	at org.junit.runners.Suite.runChild(Suite.java:27) [junit-4.13.jar:4.13]
	at org.junit.runners.ParentRunner$4.run(ParentRunner.java:331) [junit-4.13.jar:4.13]
	at org.junit.runners.ParentRunner$1.schedule(ParentRunner.java:79) [junit-4.13.jar:4.13]
	at org.junit.runners.ParentRunner.runChildren(ParentRunner.java:329) [junit-4.13.jar:4.13]
	at org.junit.runners.ParentRunner.access$100(ParentRunner.java:66) [junit-4.13.jar:4.13]
	at org.junit.runners.ParentRunner$2.evaluate(ParentRunner.java:293) [junit-4.13.jar:4.13]
	at org.junit.runners.ParentRunner$3.evaluate(ParentRunner.java:306) [junit-4.13.jar:4.13]
	at org.junit.runners.ParentRunner.run(ParentRunner.java:413) [junit-4.13.jar:4.13]
	at org.apache.maven.surefire.junitcore.JUnitCore.run(JUnitCore.java:55) [surefire-junit47-3.0.0-M4.jar:3.0.0-M4]
	at org.apache.maven.surefire.junitcore.JUnitCoreWrapper.createRequestAndRun(JUnitCoreWrapper.java:137) [surefire-junit47-3.0.0-M4.jar:3.0.0-M4]
	at org.apache.maven.surefire.junitcore.JUnitCoreWrapper.executeEager(JUnitCoreWrapper.java:107) [surefire-junit47-3.0.0-M4.jar:3.0.0-M4]
	at org.apache.maven.surefire.junitcore.JUnitCoreWrapper.execute(JUnitCoreWrapper.java:83) [surefire-junit47-3.0.0-M4.jar:3.0.0-M4]
	at org.apache.maven.surefire.junitcore.JUnitCoreWrapper.execute(JUnitCoreWrapper.java:75) [surefire-junit47-3.0.0-M4.jar:3.0.0-M4]
	at org.apache.maven.surefire.junitcore.JUnitCoreProvider.invoke(JUnitCoreProvider.java:158) [surefire-junit47-3.0.0-M4.jar:3.0.0-M4]
	at org.apache.maven.surefire.booter.ForkedBooter.runSuitesInProcess(ForkedBooter.java:377) [surefire-booter-3.0.0-M4.jar:3.0.0-M4]
	at org.apache.maven.surefire.booter.ForkedBooter.execute(ForkedBooter.java:138) [surefire-booter-3.0.0-M4.jar:3.0.0-M4]
	at org.apache.maven.surefire.booter.ForkedBooter.run(ForkedBooter.java:465) [surefire-booter-3.0.0-M4.jar:3.0.0-M4]
	at org.apache.maven.surefire.booter.ForkedBooter.main(ForkedBooter.java:451) [surefire-booter-3.0.0-M4.jar:3.0.0-M4]
2024-04-24T11:27:31,296 ERROR [main] metastore.RetryingHMSHandler: AlreadyExistsException(message:Table hive.default.junit_unparted_basic already exists)
	at org.apache.hadoop.hive.metastore.HMSHandler.create_table_core(HMSHandler.java:2339)
	at org.apache.hadoop.hive.metastore.HMSHandler.create_table_req(HMSHandler.java:2598)
	at sun.reflect.NativeMethodAccessorImpl.invoke0(Native Method)
	at sun.reflect.NativeMethodAccessorImpl.invoke(NativeMethodAccessorImpl.java:62)
	at sun.reflect.DelegatingMethodAccessorImpl.invoke(DelegatingMethodAccessorImpl.java:43)
	at java.lang.reflect.Method.invoke(Method.java:498)
	at org.apache.hadoop.hive.metastore.RetryingHMSHandler.invokeInternal(RetryingHMSHandler.java:147)
	at org.apache.hadoop.hive.metastore.RetryingHMSHandler.invoke(RetryingHMSHandler.java:108)
	at com.sun.proxy.$Proxy35.create_table_req(Unknown Source)
	at org.apache.hadoop.hive.metastore.HiveMetaStoreClient.create_table_with_environment_context(HiveMetaStoreClient.java:4408)
	at org.apache.hadoop.hive.ql.metadata.SessionHiveMetaStoreClient.create_table_with_environment_context(SessionHiveMetaStoreClient.java:182)
	at org.apache.hadoop.hive.metastore.HiveMetaStoreClient.createTable(HiveMetaStoreClient.java:1260)
	at org.apache.hadoop.hive.metastore.HiveMetaStoreClient.createTable(HiveMetaStoreClient.java:1245)
	at sun.reflect.NativeMethodAccessorImpl.invoke0(Native Method)
	at sun.reflect.NativeMethodAccessorImpl.invoke(NativeMethodAccessorImpl.java:62)
	at sun.reflect.DelegatingMethodAccessorImpl.invoke(DelegatingMethodAccessorImpl.java:43)
	at java.lang.reflect.Method.invoke(Method.java:498)
	at org.apache.hadoop.hive.metastore.RetryingMetaStoreClient.invoke(RetryingMetaStoreClient.java:218)
	at com.sun.proxy.$Proxy45.createTable(Unknown Source)
	at org.apache.hadoop.hive.ql.metadata.Hive.createTable(Hive.java:1290)
	at org.apache.hadoop.hive.ql.metadata.Hive.createTable(Hive.java:1306)
	at org.apache.hadoop.hive.ql.ddl.table.create.CreateTableOperation.createTableNonReplaceMode(CreateTableOperation.java:140)
	at org.apache.hadoop.hive.ql.ddl.table.create.CreateTableOperation.execute(CreateTableOperation.java:98)
	at org.apache.hadoop.hive.ql.ddl.DDLTask.execute(DDLTask.java:84)
	at org.apache.hadoop.hive.ql.exec.Task.executeTask(Task.java:212)
	at org.apache.hadoop.hive.ql.exec.TaskRunner.runSequential(TaskRunner.java:105)
	at org.apache.hadoop.hive.ql.Executor.launchTask(Executor.java:361)
	at org.apache.hadoop.hive.ql.Executor.launchTasks(Executor.java:334)
	at org.apache.hadoop.hive.ql.Executor.runTasks(Executor.java:245)
	at org.apache.hadoop.hive.ql.Executor.execute(Executor.java:108)
	at org.apache.hadoop.hive.ql.Driver.execute(Driver.java:348)
	at org.apache.hadoop.hive.ql.Driver.runInternal(Driver.java:204)
	at org.apache.hadoop.hive.ql.Driver.run(Driver.java:153)
	at org.apache.hadoop.hive.ql.Driver.run(Driver.java:148)
	at org.apache.hadoop.hive.ql.reexec.ReExecDriver.run(ReExecDriver.java:164)
	at org.apache.hadoop.hive.ql.reexec.ReExecDriver.run(ReExecDriver.java:230)
	at org.apache.hive.hcatalog.pig.AbstractHCatLoaderTest.executeStatementOnDriver(AbstractHCatLoaderTest.java:151)
	at org.apache.hive.hcatalog.pig.AbstractHCatLoaderTest.createTable(AbstractHCatLoaderTest.java:134)
	at org.apache.hive.hcatalog.pig.AbstractHCatLoaderTest.createTable(AbstractHCatLoaderTest.java:104)
	at org.apache.hive.hcatalog.pig.AbstractHCatLoaderTest.createTableDefaultDB(AbstractHCatLoaderTest.java:142)
	at org.apache.hive.hcatalog.pig.AbstractHCatLoaderTest.setUpTest(AbstractHCatLoaderTest.java:162)
	at sun.reflect.NativeMethodAccessorImpl.invoke0(Native Method)
	at sun.reflect.NativeMethodAccessorImpl.invoke(NativeMethodAccessorImpl.java:62)
	at sun.reflect.DelegatingMethodAccessorImpl.invoke(DelegatingMethodAccessorImpl.java:43)
	at java.lang.reflect.Method.invoke(Method.java:498)
	at org.junit.runners.model.FrameworkMethod$1.runReflectiveCall(FrameworkMethod.java:59)
	at org.junit.internal.runners.model.ReflectiveCallable.run(ReflectiveCallable.java:12)
	at org.junit.runners.model.FrameworkMethod.invokeExplosively(FrameworkMethod.java:56)
	at org.junit.internal.runners.statements.RunBefores.invokeMethod(RunBefores.java:33)
	at org.junit.internal.runners.statements.RunBefores.evaluate(RunBefores.java:24)
	at org.junit.internal.runners.statements.RunAfters.evaluate(RunAfters.java:27)
	at org.junit.runners.ParentRunner$3.evaluate(ParentRunner.java:306)
	at org.junit.runners.BlockJUnit4ClassRunner$1.evaluate(BlockJUnit4ClassRunner.java:100)
	at org.junit.runners.ParentRunner.runLeaf(ParentRunner.java:366)
	at org.junit.runners.BlockJUnit4ClassRunner.runChild(BlockJUnit4ClassRunner.java:103)
	at org.junit.runners.BlockJUnit4ClassRunner.runChild(BlockJUnit4ClassRunner.java:63)
	at org.junit.runners.ParentRunner$4.run(ParentRunner.java:331)
	at org.junit.runners.ParentRunner$1.schedule(ParentRunner.java:79)
	at org.junit.runners.ParentRunner.runChildren(ParentRunner.java:329)
	at org.junit.runners.ParentRunner.access$100(ParentRunner.java:66)
	at org.junit.runners.ParentRunner$2.evaluate(ParentRunner.java:293)
	at org.junit.internal.runners.statements.RunBefores.evaluate(RunBefores.java:26)
	at org.junit.runners.ParentRunner$3.evaluate(ParentRunner.java:306)
	at org.junit.runners.ParentRunner.run(ParentRunner.java:413)
	at org.junit.runners.Suite.runChild(Suite.java:128)
	at org.junit.runners.Suite.runChild(Suite.java:27)
	at org.junit.runners.ParentRunner$4.run(ParentRunner.java:331)
	at org.junit.runners.ParentRunner$1.schedule(ParentRunner.java:79)
	at org.junit.runners.ParentRunner.runChildren(ParentRunner.java:329)
	at org.junit.runners.ParentRunner.access$100(ParentRunner.java:66)
	at org.junit.runners.ParentRunner$2.evaluate(ParentRunner.java:293)
	at org.junit.runners.ParentRunner$3.evaluate(ParentRunner.java:306)
	at org.junit.runners.ParentRunner.run(ParentRunner.java:413)
	at org.apache.maven.surefire.junitcore.JUnitCore.run(JUnitCore.java:55)
	at org.apache.maven.surefire.junitcore.JUnitCoreWrapper.createRequestAndRun(JUnitCoreWrapper.java:137)
	at org.apache.maven.surefire.junitcore.JUnitCoreWrapper.executeEager(JUnitCoreWrapper.java:107)
	at org.apache.maven.surefire.junitcore.JUnitCoreWrapper.execute(JUnitCoreWrapper.java:83)
	at org.apache.maven.surefire.junitcore.JUnitCoreWrapper.execute(JUnitCoreWrapper.java:75)
	at org.apache.maven.surefire.junitcore.JUnitCoreProvider.invoke(JUnitCoreProvider.java:158)
	at org.apache.maven.surefire.booter.ForkedBooter.runSuitesInProcess(ForkedBooter.java:377)
	at org.apache.maven.surefire.booter.ForkedBooter.execute(ForkedBooter.java:138)
	at org.apache.maven.surefire.booter.ForkedBooter.run(ForkedBooter.java:465)
	at org.apache.maven.surefire.booter.ForkedBooter.main(ForkedBooter.java:451)

2024-04-24T11:27:31,297 ERROR [main] exec.Task: Failed
org.apache.hadoop.hive.ql.metadata.HiveException: AlreadyExistsException(message:Table hive.default.junit_unparted_basic already exists)
	at org.apache.hadoop.hive.ql.metadata.Hive.createTable(Hive.java:1298) ~[classes/:?]
	at org.apache.hadoop.hive.ql.metadata.Hive.createTable(Hive.java:1306) ~[classes/:?]
	at org.apache.hadoop.hive.ql.ddl.table.create.CreateTableOperation.createTableNonReplaceMode(CreateTableOperation.java:140) ~[classes/:?]
	at org.apache.hadoop.hive.ql.ddl.table.create.CreateTableOperation.execute(CreateTableOperation.java:98) ~[classes/:?]
	at org.apache.hadoop.hive.ql.ddl.DDLTask.execute(DDLTask.java:84) [classes/:?]
	at org.apache.hadoop.hive.ql.exec.Task.executeTask(Task.java:212) [classes/:?]
	at org.apache.hadoop.hive.ql.exec.TaskRunner.runSequential(TaskRunner.java:105) [classes/:?]
	at org.apache.hadoop.hive.ql.Executor.launchTask(Executor.java:361) [classes/:?]
	at org.apache.hadoop.hive.ql.Executor.launchTasks(Executor.java:334) [classes/:?]
	at org.apache.hadoop.hive.ql.Executor.runTasks(Executor.java:245) [classes/:?]
	at org.apache.hadoop.hive.ql.Executor.execute(Executor.java:108) [classes/:?]
	at org.apache.hadoop.hive.ql.Driver.execute(Driver.java:348) [classes/:?]
	at org.apache.hadoop.hive.ql.Driver.runInternal(Driver.java:204) [classes/:?]
	at org.apache.hadoop.hive.ql.Driver.run(Driver.java:153) [classes/:?]
	at org.apache.hadoop.hive.ql.Driver.run(Driver.java:148) [classes/:?]
	at org.apache.hadoop.hive.ql.reexec.ReExecDriver.run(ReExecDriver.java:164) [classes/:?]
	at org.apache.hadoop.hive.ql.reexec.ReExecDriver.run(ReExecDriver.java:230) [classes/:?]
	at org.apache.hive.hcatalog.pig.AbstractHCatLoaderTest.executeStatementOnDriver(AbstractHCatLoaderTest.java:151) [test-classes/:?]
	at org.apache.hive.hcatalog.pig.AbstractHCatLoaderTest.createTable(AbstractHCatLoaderTest.java:134) [test-classes/:?]
	at org.apache.hive.hcatalog.pig.AbstractHCatLoaderTest.createTable(AbstractHCatLoaderTest.java:104) [test-classes/:?]
	at org.apache.hive.hcatalog.pig.AbstractHCatLoaderTest.createTableDefaultDB(AbstractHCatLoaderTest.java:142) [test-classes/:?]
	at org.apache.hive.hcatalog.pig.AbstractHCatLoaderTest.setUpTest(AbstractHCatLoaderTest.java:162) [test-classes/:?]
	at sun.reflect.NativeMethodAccessorImpl.invoke0(Native Method) ~[?:1.8.0_402]
	at sun.reflect.NativeMethodAccessorImpl.invoke(NativeMethodAccessorImpl.java:62) ~[?:1.8.0_402]
	at sun.reflect.DelegatingMethodAccessorImpl.invoke(DelegatingMethodAccessorImpl.java:43) ~[?:1.8.0_402]
	at java.lang.reflect.Method.invoke(Method.java:498) ~[?:1.8.0_402]
	at org.junit.runners.model.FrameworkMethod$1.runReflectiveCall(FrameworkMethod.java:59) [junit-4.13.jar:4.13]
	at org.junit.internal.runners.model.ReflectiveCallable.run(ReflectiveCallable.java:12) [junit-4.13.jar:4.13]
	at org.junit.runners.model.FrameworkMethod.invokeExplosively(FrameworkMethod.java:56) [junit-4.13.jar:4.13]
	at org.junit.internal.runners.statements.RunBefores.invokeMethod(RunBefores.java:33) [junit-4.13.jar:4.13]
	at org.junit.internal.runners.statements.RunBefores.evaluate(RunBefores.java:24) [junit-4.13.jar:4.13]
	at org.junit.internal.runners.statements.RunAfters.evaluate(RunAfters.java:27) [junit-4.13.jar:4.13]
	at org.junit.runners.ParentRunner$3.evaluate(ParentRunner.java:306) [junit-4.13.jar:4.13]
	at org.junit.runners.BlockJUnit4ClassRunner$1.evaluate(BlockJUnit4ClassRunner.java:100) [junit-4.13.jar:4.13]
	at org.junit.runners.ParentRunner.runLeaf(ParentRunner.java:366) [junit-4.13.jar:4.13]
	at org.junit.runners.BlockJUnit4ClassRunner.runChild(BlockJUnit4ClassRunner.java:103) [junit-4.13.jar:4.13]
	at org.junit.runners.BlockJUnit4ClassRunner.runChild(BlockJUnit4ClassRunner.java:63) [junit-4.13.jar:4.13]
	at org.junit.runners.ParentRunner$4.run(ParentRunner.java:331) [junit-4.13.jar:4.13]
	at org.junit.runners.ParentRunner$1.schedule(ParentRunner.java:79) [junit-4.13.jar:4.13]
	at org.junit.runners.ParentRunner.runChildren(ParentRunner.java:329) [junit-4.13.jar:4.13]
	at org.junit.runners.ParentRunner.access$100(ParentRunner.java:66) [junit-4.13.jar:4.13]
	at org.junit.runners.ParentRunner$2.evaluate(ParentRunner.java:293) [junit-4.13.jar:4.13]
	at org.junit.internal.runners.statements.RunBefores.evaluate(RunBefores.java:26) [junit-4.13.jar:4.13]
	at org.junit.runners.ParentRunner$3.evaluate(ParentRunner.java:306) [junit-4.13.jar:4.13]
	at org.junit.runners.ParentRunner.run(ParentRunner.java:413) [junit-4.13.jar:4.13]
	at org.junit.runners.Suite.runChild(Suite.java:128) [junit-4.13.jar:4.13]
	at org.junit.runners.Suite.runChild(Suite.java:27) [junit-4.13.jar:4.13]
	at org.junit.runners.ParentRunner$4.run(ParentRunner.java:331) [junit-4.13.jar:4.13]
	at org.junit.runners.ParentRunner$1.schedule(ParentRunner.java:79) [junit-4.13.jar:4.13]
	at org.junit.runners.ParentRunner.runChildren(ParentRunner.java:329) [junit-4.13.jar:4.13]
	at org.junit.runners.ParentRunner.access$100(ParentRunner.java:66) [junit-4.13.jar:4.13]
	at org.junit.runners.ParentRunner$2.evaluate(ParentRunner.java:293) [junit-4.13.jar:4.13]
	at org.junit.runners.ParentRunner$3.evaluate(ParentRunner.java:306) [junit-4.13.jar:4.13]
	at org.junit.runners.ParentRunner.run(ParentRunner.java:413) [junit-4.13.jar:4.13]
	at org.apache.maven.surefire.junitcore.JUnitCore.run(JUnitCore.java:55) [surefire-junit47-3.0.0-M4.jar:3.0.0-M4]
	at org.apache.maven.surefire.junitcore.JUnitCoreWrapper.createRequestAndRun(JUnitCoreWrapper.java:137) [surefire-junit47-3.0.0-M4.jar:3.0.0-M4]
	at org.apache.maven.surefire.junitcore.JUnitCoreWrapper.executeEager(JUnitCoreWrapper.java:107) [surefire-junit47-3.0.0-M4.jar:3.0.0-M4]
	at org.apache.maven.surefire.junitcore.JUnitCoreWrapper.execute(JUnitCoreWrapper.java:83) [surefire-junit47-3.0.0-M4.jar:3.0.0-M4]
	at org.apache.maven.surefire.junitcore.JUnitCoreWrapper.execute(JUnitCoreWrapper.java:75) [surefire-junit47-3.0.0-M4.jar:3.0.0-M4]
	at org.apache.maven.surefire.junitcore.JUnitCoreProvider.invoke(JUnitCoreProvider.java:158) [surefire-junit47-3.0.0-M4.jar:3.0.0-M4]
	at org.apache.maven.surefire.booter.ForkedBooter.runSuitesInProcess(ForkedBooter.java:377) [surefire-booter-3.0.0-M4.jar:3.0.0-M4]
	at org.apache.maven.surefire.booter.ForkedBooter.execute(ForkedBooter.java:138) [surefire-booter-3.0.0-M4.jar:3.0.0-M4]
	at org.apache.maven.surefire.booter.ForkedBooter.run(ForkedBooter.java:465) [surefire-booter-3.0.0-M4.jar:3.0.0-M4]
	at org.apache.maven.surefire.booter.ForkedBooter.main(ForkedBooter.java:451) [surefire-booter-3.0.0-M4.jar:3.0.0-M4]
Caused by: org.apache.hadoop.hive.metastore.api.AlreadyExistsException: Table hive.default.junit_unparted_basic already exists
	at org.apache.hadoop.hive.metastore.HMSHandler.create_table_core(HMSHandler.java:2339) ~[classes/:?]
	at org.apache.hadoop.hive.metastore.HMSHandler.create_table_req(HMSHandler.java:2598) ~[classes/:?]
	at sun.reflect.NativeMethodAccessorImpl.invoke0(Native Method) ~[?:1.8.0_402]
	at sun.reflect.NativeMethodAccessorImpl.invoke(NativeMethodAccessorImpl.java:62) ~[?:1.8.0_402]
	at sun.reflect.DelegatingMethodAccessorImpl.invoke(DelegatingMethodAccessorImpl.java:43) ~[?:1.8.0_402]
	at java.lang.reflect.Method.invoke(Method.java:498) ~[?:1.8.0_402]
	at org.apache.hadoop.hive.metastore.RetryingHMSHandler.invokeInternal(RetryingHMSHandler.java:147) ~[classes/:?]
	at org.apache.hadoop.hive.metastore.RetryingHMSHandler.invoke(RetryingHMSHandler.java:108) ~[classes/:?]
	at com.sun.proxy.$Proxy35.create_table_req(Unknown Source) ~[?:?]
	at org.apache.hadoop.hive.metastore.HiveMetaStoreClient.create_table_with_environment_context(HiveMetaStoreClient.java:4408) ~[classes/:?]
	at org.apache.hadoop.hive.ql.metadata.SessionHiveMetaStoreClient.create_table_with_environment_context(SessionHiveMetaStoreClient.java:182) ~[classes/:?]
	at org.apache.hadoop.hive.metastore.HiveMetaStoreClient.createTable(HiveMetaStoreClient.java:1260) ~[classes/:?]
	at org.apache.hadoop.hive.metastore.HiveMetaStoreClient.createTable(HiveMetaStoreClient.java:1245) ~[classes/:?]
	at sun.reflect.NativeMethodAccessorImpl.invoke0(Native Method) ~[?:1.8.0_402]
	at sun.reflect.NativeMethodAccessorImpl.invoke(NativeMethodAccessorImpl.java:62) ~[?:1.8.0_402]
	at sun.reflect.DelegatingMethodAccessorImpl.invoke(DelegatingMethodAccessorImpl.java:43) ~[?:1.8.0_402]
	at java.lang.reflect.Method.invoke(Method.java:498) ~[?:1.8.0_402]
	at org.apache.hadoop.hive.metastore.RetryingMetaStoreClient.invoke(RetryingMetaStoreClient.java:218) ~[classes/:?]
	at com.sun.proxy.$Proxy45.createTable(Unknown Source) ~[?:?]
	at org.apache.hadoop.hive.ql.metadata.Hive.createTable(Hive.java:1290) ~[classes/:?]
	... 63 more
2024-04-24T11:27:31,297 ERROR [main] exec.Task: DDLTask failed, DDL Operation: class org.apache.hadoop.hive.ql.ddl.table.create.CreateTableOperation
org.apache.hadoop.hive.ql.metadata.HiveException: AlreadyExistsException(message:Table hive.default.junit_unparted_basic already exists)
	at org.apache.hadoop.hive.ql.metadata.Hive.createTable(Hive.java:1298) ~[classes/:?]
	at org.apache.hadoop.hive.ql.metadata.Hive.createTable(Hive.java:1306) ~[classes/:?]
	at org.apache.hadoop.hive.ql.ddl.table.create.CreateTableOperation.createTableNonReplaceMode(CreateTableOperation.java:140) ~[classes/:?]
	at org.apache.hadoop.hive.ql.ddl.table.create.CreateTableOperation.execute(CreateTableOperation.java:98) ~[classes/:?]
	at org.apache.hadoop.hive.ql.ddl.DDLTask.execute(DDLTask.java:84) [classes/:?]
	at org.apache.hadoop.hive.ql.exec.Task.executeTask(Task.java:212) [classes/:?]
	at org.apache.hadoop.hive.ql.exec.TaskRunner.runSequential(TaskRunner.java:105) [classes/:?]
	at org.apache.hadoop.hive.ql.Executor.launchTask(Executor.java:361) [classes/:?]
	at org.apache.hadoop.hive.ql.Executor.launchTasks(Executor.java:334) [classes/:?]
	at org.apache.hadoop.hive.ql.Executor.runTasks(Executor.java:245) [classes/:?]
	at org.apache.hadoop.hive.ql.Executor.execute(Executor.java:108) [classes/:?]
	at org.apache.hadoop.hive.ql.Driver.execute(Driver.java:348) [classes/:?]
	at org.apache.hadoop.hive.ql.Driver.runInternal(Driver.java:204) [classes/:?]
	at org.apache.hadoop.hive.ql.Driver.run(Driver.java:153) [classes/:?]
	at org.apache.hadoop.hive.ql.Driver.run(Driver.java:148) [classes/:?]
	at org.apache.hadoop.hive.ql.reexec.ReExecDriver.run(ReExecDriver.java:164) [classes/:?]
	at org.apache.hadoop.hive.ql.reexec.ReExecDriver.run(ReExecDriver.java:230) [classes/:?]
	at org.apache.hive.hcatalog.pig.AbstractHCatLoaderTest.executeStatementOnDriver(AbstractHCatLoaderTest.java:151) [test-classes/:?]
	at org.apache.hive.hcatalog.pig.AbstractHCatLoaderTest.createTable(AbstractHCatLoaderTest.java:134) [test-classes/:?]
	at org.apache.hive.hcatalog.pig.AbstractHCatLoaderTest.createTable(AbstractHCatLoaderTest.java:104) [test-classes/:?]
	at org.apache.hive.hcatalog.pig.AbstractHCatLoaderTest.createTableDefaultDB(AbstractHCatLoaderTest.java:142) [test-classes/:?]
	at org.apache.hive.hcatalog.pig.AbstractHCatLoaderTest.setUpTest(AbstractHCatLoaderTest.java:162) [test-classes/:?]
	at sun.reflect.NativeMethodAccessorImpl.invoke0(Native Method) ~[?:1.8.0_402]
	at sun.reflect.NativeMethodAccessorImpl.invoke(NativeMethodAccessorImpl.java:62) ~[?:1.8.0_402]
	at sun.reflect.DelegatingMethodAccessorImpl.invoke(DelegatingMethodAccessorImpl.java:43) ~[?:1.8.0_402]
	at java.lang.reflect.Method.invoke(Method.java:498) ~[?:1.8.0_402]
	at org.junit.runners.model.FrameworkMethod$1.runReflectiveCall(FrameworkMethod.java:59) [junit-4.13.jar:4.13]
	at org.junit.internal.runners.model.ReflectiveCallable.run(ReflectiveCallable.java:12) [junit-4.13.jar:4.13]
	at org.junit.runners.model.FrameworkMethod.invokeExplosively(FrameworkMethod.java:56) [junit-4.13.jar:4.13]
	at org.junit.internal.runners.statements.RunBefores.invokeMethod(RunBefores.java:33) [junit-4.13.jar:4.13]
	at org.junit.internal.runners.statements.RunBefores.evaluate(RunBefores.java:24) [junit-4.13.jar:4.13]
	at org.junit.internal.runners.statements.RunAfters.evaluate(RunAfters.java:27) [junit-4.13.jar:4.13]
	at org.junit.runners.ParentRunner$3.evaluate(ParentRunner.java:306) [junit-4.13.jar:4.13]
	at org.junit.runners.BlockJUnit4ClassRunner$1.evaluate(BlockJUnit4ClassRunner.java:100) [junit-4.13.jar:4.13]
	at org.junit.runners.ParentRunner.runLeaf(ParentRunner.java:366) [junit-4.13.jar:4.13]
	at org.junit.runners.BlockJUnit4ClassRunner.runChild(BlockJUnit4ClassRunner.java:103) [junit-4.13.jar:4.13]
	at org.junit.runners.BlockJUnit4ClassRunner.runChild(BlockJUnit4ClassRunner.java:63) [junit-4.13.jar:4.13]
	at org.junit.runners.ParentRunner$4.run(ParentRunner.java:331) [junit-4.13.jar:4.13]
	at org.junit.runners.ParentRunner$1.schedule(ParentRunner.java:79) [junit-4.13.jar:4.13]
	at org.junit.runners.ParentRunner.runChildren(ParentRunner.java:329) [junit-4.13.jar:4.13]
	at org.junit.runners.ParentRunner.access$100(ParentRunner.java:66) [junit-4.13.jar:4.13]
	at org.junit.runners.ParentRunner$2.evaluate(ParentRunner.java:293) [junit-4.13.jar:4.13]
	at org.junit.internal.runners.statements.RunBefores.evaluate(RunBefores.java:26) [junit-4.13.jar:4.13]
	at org.junit.runners.ParentRunner$3.evaluate(ParentRunner.java:306) [junit-4.13.jar:4.13]
	at org.junit.runners.ParentRunner.run(ParentRunner.java:413) [junit-4.13.jar:4.13]
	at org.junit.runners.Suite.runChild(Suite.java:128) [junit-4.13.jar:4.13]
	at org.junit.runners.Suite.runChild(Suite.java:27) [junit-4.13.jar:4.13]
	at org.junit.runners.ParentRunner$4.run(ParentRunner.java:331) [junit-4.13.jar:4.13]
	at org.junit.runners.ParentRunner$1.schedule(ParentRunner.java:79) [junit-4.13.jar:4.13]
	at org.junit.runners.ParentRunner.runChildren(ParentRunner.java:329) [junit-4.13.jar:4.13]
	at org.junit.runners.ParentRunner.access$100(ParentRunner.java:66) [junit-4.13.jar:4.13]
	at org.junit.runners.ParentRunner$2.evaluate(ParentRunner.java:293) [junit-4.13.jar:4.13]
	at org.junit.runners.ParentRunner$3.evaluate(ParentRunner.java:306) [junit-4.13.jar:4.13]
	at org.junit.runners.ParentRunner.run(ParentRunner.java:413) [junit-4.13.jar:4.13]
	at org.apache.maven.surefire.junitcore.JUnitCore.run(JUnitCore.java:55) [surefire-junit47-3.0.0-M4.jar:3.0.0-M4]
	at org.apache.maven.surefire.junitcore.JUnitCoreWrapper.createRequestAndRun(JUnitCoreWrapper.java:137) [surefire-junit47-3.0.0-M4.jar:3.0.0-M4]
	at org.apache.maven.surefire.junitcore.JUnitCoreWrapper.executeEager(JUnitCoreWrapper.java:107) [surefire-junit47-3.0.0-M4.jar:3.0.0-M4]
	at org.apache.maven.surefire.junitcore.JUnitCoreWrapper.execute(JUnitCoreWrapper.java:83) [surefire-junit47-3.0.0-M4.jar:3.0.0-M4]
	at org.apache.maven.surefire.junitcore.JUnitCoreWrapper.execute(JUnitCoreWrapper.java:75) [surefire-junit47-3.0.0-M4.jar:3.0.0-M4]
	at org.apache.maven.surefire.junitcore.JUnitCoreProvider.invoke(JUnitCoreProvider.java:158) [surefire-junit47-3.0.0-M4.jar:3.0.0-M4]
	at org.apache.maven.surefire.booter.ForkedBooter.runSuitesInProcess(ForkedBooter.java:377) [surefire-booter-3.0.0-M4.jar:3.0.0-M4]
	at org.apache.maven.surefire.booter.ForkedBooter.execute(ForkedBooter.java:138) [surefire-booter-3.0.0-M4.jar:3.0.0-M4]
	at org.apache.maven.surefire.booter.ForkedBooter.run(ForkedBooter.java:465) [surefire-booter-3.0.0-M4.jar:3.0.0-M4]
	at org.apache.maven.surefire.booter.ForkedBooter.main(ForkedBooter.java:451) [surefire-booter-3.0.0-M4.jar:3.0.0-M4]
Caused by: org.apache.hadoop.hive.metastore.api.AlreadyExistsException: Table hive.default.junit_unparted_basic already exists
	at org.apache.hadoop.hive.metastore.HMSHandler.create_table_core(HMSHandler.java:2339) ~[classes/:?]
	at org.apache.hadoop.hive.metastore.HMSHandler.create_table_req(HMSHandler.java:2598) ~[classes/:?]
	at sun.reflect.NativeMethodAccessorImpl.invoke0(Native Method) ~[?:1.8.0_402]
	at sun.reflect.NativeMethodAccessorImpl.invoke(NativeMethodAccessorImpl.java:62) ~[?:1.8.0_402]
	at sun.reflect.DelegatingMethodAccessorImpl.invoke(DelegatingMethodAccessorImpl.java:43) ~[?:1.8.0_402]
	at java.lang.reflect.Method.invoke(Method.java:498) ~[?:1.8.0_402]
	at org.apache.hadoop.hive.metastore.RetryingHMSHandler.invokeInternal(RetryingHMSHandler.java:147) ~[classes/:?]
	at org.apache.hadoop.hive.metastore.RetryingHMSHandler.invoke(RetryingHMSHandler.java:108) ~[classes/:?]
	at com.sun.proxy.$Proxy35.create_table_req(Unknown Source) ~[?:?]
	at org.apache.hadoop.hive.metastore.HiveMetaStoreClient.create_table_with_environment_context(HiveMetaStoreClient.java:4408) ~[classes/:?]
	at org.apache.hadoop.hive.ql.metadata.SessionHiveMetaStoreClient.create_table_with_environment_context(SessionHiveMetaStoreClient.java:182) ~[classes/:?]
	at org.apache.hadoop.hive.metastore.HiveMetaStoreClient.createTable(HiveMetaStoreClient.java:1260) ~[classes/:?]
	at org.apache.hadoop.hive.metastore.HiveMetaStoreClient.createTable(HiveMetaStoreClient.java:1245) ~[classes/:?]
	at sun.reflect.NativeMethodAccessorImpl.invoke0(Native Method) ~[?:1.8.0_402]
	at sun.reflect.NativeMethodAccessorImpl.invoke(NativeMethodAccessorImpl.java:62) ~[?:1.8.0_402]
	at sun.reflect.DelegatingMethodAccessorImpl.invoke(DelegatingMethodAccessorImpl.java:43) ~[?:1.8.0_402]
	at java.lang.reflect.Method.invoke(Method.java:498) ~[?:1.8.0_402]
	at org.apache.hadoop.hive.metastore.RetryingMetaStoreClient.invoke(RetryingMetaStoreClient.java:218) ~[classes/:?]
	at com.sun.proxy.$Proxy45.createTable(Unknown Source) ~[?:?]
	at org.apache.hadoop.hive.ql.metadata.Hive.createTable(Hive.java:1290) ~[classes/:?]
	... 63 more
2024-04-24T11:27:31,298  INFO [main] reexec.ReOptimizePlugin: ReOptimization: retryPossible: false
2024-04-24T11:27:31,298  INFO [main] reexec.ReExecuteLostAMQueryPlugin: Got exception message: AlreadyExistsException(message:Table hive.default.junit_unparted_basic already exists) retryPossible: false
2024-04-24T11:27:31,298  INFO [main] reexec.ReExecutionDagSubmitPlugin: Got exception message: AlreadyExistsException(message:Table hive.default.junit_unparted_basic already exists) retryPossible: false
FAILED: Execution Error, return code 40000 from org.apache.hadoop.hive.ql.ddl.DDLTask. AlreadyExistsException(message:Table hive.default.junit_unparted_basic already exists)
2024-04-24T11:27:31,298 ERROR [main] ql.Driver: FAILED: Execution Error, return code 40000 from org.apache.hadoop.hive.ql.ddl.DDLTask. AlreadyExistsException(message:Table hive.default.junit_unparted_basic already exists)
2024-04-24T11:27:31,298  INFO [main] metadata.Hive: Dumping metastore api call timing information for : execution phase
2024-04-24T11:27:31,298  INFO [main] metadata.Hive: Total time spent in each metastore function (ms): {}
2024-04-24T11:27:31,298  INFO [main] ql.Driver: Completed executing command(queryId=alex_20240424112731_3d272de9-8989-4884-9427-c5700824448f); Time taken: 0.021 seconds
2024-04-24T11:27:31,298  INFO [main] ql.Driver: Compiling command(queryId=alex_20240424112731_3d272de9-8989-4884-9427-c5700824448f): drop table if exists junit_unparted_basic
2024-04-24T11:27:31,299  INFO [main] HiveMetaStore.audit: ugi=alex	ip=unknown-ip-addr	cmd=get_table : tbl=hive.default.junit_unparted_basic	
2024-04-24T11:27:31,311  INFO [main] metastore.HMSHandler: Skipping translation for processor with null
2024-04-24T11:27:31,311  INFO [main] ql.Driver: Semantic Analysis Completed (retrial = false)
2024-04-24T11:27:31,311  INFO [main] ql.Driver: Created Hive schema: Schema(fieldSchemas:null, properties:null)
2024-04-24T11:27:31,311  INFO [main] metadata.Hive: Dumping metastore api call timing information for : compilation phase
2024-04-24T11:27:31,311  INFO [main] metadata.Hive: Total time spent in each metastore function (ms): {flushCache_()=0, isCompatibleWith_(Configuration)=0, getTable_(GetTableRequest)=12}
2024-04-24T11:27:31,311  INFO [main] ql.Driver: Completed compiling command(queryId=alex_20240424112731_3d272de9-8989-4884-9427-c5700824448f); Time taken: 0.013 seconds
2024-04-24T11:27:31,311  INFO [main] reexec.ReExecDriver: Execution #1 of query
2024-04-24T11:27:31,312  INFO [main] ql.Driver: Concurrency mode is disabled, not creating a lock manager
2024-04-24T11:27:31,312  INFO [main] ql.Driver: Executing command(queryId=alex_20240424112731_3d272de9-8989-4884-9427-c5700824448f): drop table if exists junit_unparted_basic
2024-04-24T11:27:31,312  INFO [main] ql.Driver: Starting task [Stage-0:DDL] in serial mode
2024-04-24T11:27:31,312  INFO [main] HiveMetaStore.audit: ugi=alex	ip=unknown-ip-addr	cmd=get_table : tbl=hive.default.junit_unparted_basic	
2024-04-24T11:27:31,324  INFO [main] metastore.HMSHandler: Skipping translation for processor with null
2024-04-24T11:27:31,324  INFO [main] HiveMetaStore.audit: ugi=alex	ip=unknown-ip-addr	cmd=get_table : tbl=hive.default.junit_unparted_basic	
2024-04-24T11:27:31,336  INFO [main] metastore.HMSHandler: Skipping translation for processor with null
2024-04-24T11:27:31,336  INFO [main] HiveMetaStore.audit: ugi=alex	ip=unknown-ip-addr	cmd=drop_table : tbl=hive.default.junit_unparted_basic	
2024-04-24T11:27:31,382  WARN [main] utils.FileUtils: File file:/home/alex/Repositories/hive/hcatalog/hcatalog-pig-adapter/build/test/data/org.apache.hive.hcatalog.mapreduce.HCatBaseTest-1713983215978/warehouse/junit_unparted_basic does not exist; Force to delete it.
2024-04-24T11:27:31,382 ERROR [main] utils.FileUtils: Failed to delete file:/home/alex/Repositories/hive/hcatalog/hcatalog-pig-adapter/build/test/data/org.apache.hive.hcatalog.mapreduce.HCatBaseTest-1713983215978/warehouse/junit_unparted_basic
2024-04-24T11:27:31,382  INFO [main] metadata.Hive: Dumping metastore api call timing information for : execution phase
2024-04-24T11:27:31,383  INFO [main] metadata.Hive: Total time spent in each metastore function (ms): {dropTable_(String, String, boolean, boolean, boolean)=58, isCompatibleWith_(Configuration)=0, getTable_(GetTableRequest)=12}
2024-04-24T11:27:31,383  INFO [main] ql.Driver: Completed executing command(queryId=alex_20240424112731_3d272de9-8989-4884-9427-c5700824448f); Time taken: 0.07 seconds
2024-04-24T11:27:31,383  INFO [main] ql.Driver: Compiling command(queryId=alex_20240424112731_3d272de9-8989-4884-9427-c5700824448f): drop table if exists junit_unparted_complex
2024-04-24T11:27:31,384  INFO [main] HiveMetaStore.audit: ugi=alex	ip=unknown-ip-addr	cmd=get_table : tbl=hive.default.junit_unparted_complex	
2024-04-24T11:27:31,395  INFO [main] metastore.HMSHandler: Skipping translation for processor with null
2024-04-24T11:27:31,395  INFO [main] ql.Driver: Semantic Analysis Completed (retrial = false)
2024-04-24T11:27:31,395  INFO [main] ql.Driver: Created Hive schema: Schema(fieldSchemas:null, properties:null)
2024-04-24T11:27:31,396  INFO [main] metadata.Hive: Dumping metastore api call timing information for : compilation phase
2024-04-24T11:27:31,396  INFO [main] metadata.Hive: Total time spent in each metastore function (ms): {flushCache_()=1, getTable_(GetTableRequest)=11, isCompatibleWith_(Configuration)=0}
2024-04-24T11:27:31,396  INFO [main] ql.Driver: Completed compiling command(queryId=alex_20240424112731_3d272de9-8989-4884-9427-c5700824448f); Time taken: 0.013 seconds
2024-04-24T11:27:31,396  INFO [main] reexec.ReExecDriver: Execution #1 of query
2024-04-24T11:27:31,396  INFO [main] ql.Driver: Concurrency mode is disabled, not creating a lock manager
2024-04-24T11:27:31,396  INFO [main] ql.Driver: Executing command(queryId=alex_20240424112731_3d272de9-8989-4884-9427-c5700824448f): drop table if exists junit_unparted_complex
2024-04-24T11:27:31,396  INFO [main] ql.Driver: Starting task [Stage-0:DDL] in serial mode
2024-04-24T11:27:31,397  INFO [main] HiveMetaStore.audit: ugi=alex	ip=unknown-ip-addr	cmd=get_table : tbl=hive.default.junit_unparted_complex	
2024-04-24T11:27:31,408  INFO [main] metastore.HMSHandler: Skipping translation for processor with null
2024-04-24T11:27:31,409  INFO [main] HiveMetaStore.audit: ugi=alex	ip=unknown-ip-addr	cmd=get_table : tbl=hive.default.junit_unparted_complex	
2024-04-24T11:27:31,420  INFO [main] metastore.HMSHandler: Skipping translation for processor with null
2024-04-24T11:27:31,421  INFO [main] HiveMetaStore.audit: ugi=alex	ip=unknown-ip-addr	cmd=drop_table : tbl=hive.default.junit_unparted_complex	
2024-04-24T11:27:31,462  WARN [main] utils.FileUtils: File file:/home/alex/Repositories/hive/hcatalog/hcatalog-pig-adapter/build/test/data/org.apache.hive.hcatalog.mapreduce.HCatBaseTest-1713983215978/warehouse/junit_unparted_complex does not exist; Force to delete it.
2024-04-24T11:27:31,462 ERROR [main] utils.FileUtils: Failed to delete file:/home/alex/Repositories/hive/hcatalog/hcatalog-pig-adapter/build/test/data/org.apache.hive.hcatalog.mapreduce.HCatBaseTest-1713983215978/warehouse/junit_unparted_complex
2024-04-24T11:27:31,462  INFO [main] metadata.Hive: Dumping metastore api call timing information for : execution phase
2024-04-24T11:27:31,462  INFO [main] metadata.Hive: Total time spent in each metastore function (ms): {getTable_(GetTableRequest)=13, isCompatibleWith_(Configuration)=0, dropTable_(String, String, boolean, boolean, boolean)=53}
2024-04-24T11:27:31,463  INFO [main] ql.Driver: Completed executing command(queryId=alex_20240424112731_3d272de9-8989-4884-9427-c5700824448f); Time taken: 0.066 seconds
2024-04-24T11:27:31,463  INFO [main] ql.Driver: Compiling command(queryId=alex_20240424112731_3d272de9-8989-4884-9427-c5700824448f): drop table if exists junit_parted_basic
2024-04-24T11:27:31,464  INFO [main] HiveMetaStore.audit: ugi=alex	ip=unknown-ip-addr	cmd=get_table : tbl=hive.default.junit_parted_basic	
2024-04-24T11:27:31,476  INFO [main] metastore.HMSHandler: Skipping translation for processor with null
2024-04-24T11:27:31,476  INFO [main] ql.Driver: Semantic Analysis Completed (retrial = false)
2024-04-24T11:27:31,476  INFO [main] ql.Driver: Created Hive schema: Schema(fieldSchemas:null, properties:null)
2024-04-24T11:27:31,477  INFO [main] metadata.Hive: Dumping metastore api call timing information for : compilation phase
2024-04-24T11:27:31,477  INFO [main] metadata.Hive: Total time spent in each metastore function (ms): {flushCache_()=1, getTable_(GetTableRequest)=12, isCompatibleWith_(Configuration)=0}
2024-04-24T11:27:31,477  INFO [main] ql.Driver: Completed compiling command(queryId=alex_20240424112731_3d272de9-8989-4884-9427-c5700824448f); Time taken: 0.013 seconds
2024-04-24T11:27:31,477  INFO [main] reexec.ReExecDriver: Execution #1 of query
2024-04-24T11:27:31,477  INFO [main] ql.Driver: Concurrency mode is disabled, not creating a lock manager
2024-04-24T11:27:31,477  INFO [main] ql.Driver: Executing command(queryId=alex_20240424112731_3d272de9-8989-4884-9427-c5700824448f): drop table if exists junit_parted_basic
2024-04-24T11:27:31,477  INFO [main] ql.Driver: Starting task [Stage-0:DDL] in serial mode
2024-04-24T11:27:31,478  INFO [main] HiveMetaStore.audit: ugi=alex	ip=unknown-ip-addr	cmd=get_table : tbl=hive.default.junit_parted_basic	
2024-04-24T11:27:31,490  INFO [main] metastore.HMSHandler: Skipping translation for processor with null
2024-04-24T11:27:31,490  INFO [main] HiveMetaStore.audit: ugi=alex	ip=unknown-ip-addr	cmd=get_table : tbl=hive.default.junit_parted_basic	
2024-04-24T11:27:31,502  INFO [main] metastore.HMSHandler: Skipping translation for processor with null
2024-04-24T11:27:31,502  INFO [main] HiveMetaStore.audit: ugi=alex	ip=unknown-ip-addr	cmd=drop_table : tbl=hive.default.junit_parted_basic	
2024-04-24T11:27:31,543  WARN [main] utils.FileUtils: File file:/home/alex/Repositories/hive/hcatalog/hcatalog-pig-adapter/build/test/data/org.apache.hive.hcatalog.mapreduce.HCatBaseTest-1713983215978/warehouse/junit_parted_basic does not exist; Force to delete it.
2024-04-24T11:27:31,543 ERROR [main] utils.FileUtils: Failed to delete file:/home/alex/Repositories/hive/hcatalog/hcatalog-pig-adapter/build/test/data/org.apache.hive.hcatalog.mapreduce.HCatBaseTest-1713983215978/warehouse/junit_parted_basic
2024-04-24T11:27:31,544  INFO [main] metadata.Hive: Dumping metastore api call timing information for : execution phase
2024-04-24T11:27:31,544  INFO [main] metadata.Hive: Total time spent in each metastore function (ms): {dropTable_(String, String, boolean, boolean, boolean)=53, getTable_(GetTableRequest)=13, isCompatibleWith_(Configuration)=0}
2024-04-24T11:27:31,544  INFO [main] ql.Driver: Completed executing command(queryId=alex_20240424112731_3d272de9-8989-4884-9427-c5700824448f); Time taken: 0.067 seconds
2024-04-24T11:27:31,544  INFO [main] ql.Driver: Compiling command(queryId=alex_20240424112731_3d272de9-8989-4884-9427-c5700824448f): drop table if exists junit_specific_size
2024-04-24T11:27:31,545  INFO [main] HiveMetaStore.audit: ugi=alex	ip=unknown-ip-addr	cmd=get_table : tbl=hive.default.junit_specific_size	
2024-04-24T11:27:31,558  INFO [main] metastore.HMSHandler: Skipping translation for processor with null
2024-04-24T11:27:31,558  INFO [main] ql.Driver: Semantic Analysis Completed (retrial = false)
2024-04-24T11:27:31,558  INFO [main] ql.Driver: Created Hive schema: Schema(fieldSchemas:null, properties:null)
2024-04-24T11:27:31,558  INFO [main] metadata.Hive: Dumping metastore api call timing information for : compilation phase
2024-04-24T11:27:31,558  INFO [main] metadata.Hive: Total time spent in each metastore function (ms): {flushCache_()=0, isCompatibleWith_(Configuration)=0, getTable_(GetTableRequest)=13}
2024-04-24T11:27:31,558  INFO [main] ql.Driver: Completed compiling command(queryId=alex_20240424112731_3d272de9-8989-4884-9427-c5700824448f); Time taken: 0.014 seconds
2024-04-24T11:27:31,559  INFO [main] reexec.ReExecDriver: Execution #1 of query
2024-04-24T11:27:31,559  INFO [main] ql.Driver: Concurrency mode is disabled, not creating a lock manager
2024-04-24T11:27:31,559  INFO [main] ql.Driver: Executing command(queryId=alex_20240424112731_3d272de9-8989-4884-9427-c5700824448f): drop table if exists junit_specific_size
2024-04-24T11:27:31,559  INFO [main] ql.Driver: Starting task [Stage-0:DDL] in serial mode
2024-04-24T11:27:31,559  INFO [main] HiveMetaStore.audit: ugi=alex	ip=unknown-ip-addr	cmd=get_table : tbl=hive.default.junit_specific_size	
2024-04-24T11:27:31,569  INFO [main] metastore.HMSHandler: Skipping translation for processor with null
2024-04-24T11:27:31,570  INFO [main] HiveMetaStore.audit: ugi=alex	ip=unknown-ip-addr	cmd=get_table : tbl=hive.default.junit_specific_size	
2024-04-24T11:27:31,579  INFO [main] metastore.HMSHandler: Skipping translation for processor with null
2024-04-24T11:27:31,579  INFO [main] HiveMetaStore.audit: ugi=alex	ip=unknown-ip-addr	cmd=drop_table : tbl=hive.default.junit_specific_size	
2024-04-24T11:27:31,622  WARN [main] utils.FileUtils: File file:/home/alex/Repositories/hive/hcatalog/hcatalog-pig-adapter/build/test/data/org.apache.hive.hcatalog.mapreduce.HCatBaseTest-1713983215978/warehouse/junit_specific_size does not exist; Force to delete it.
2024-04-24T11:27:31,622 ERROR [main] utils.FileUtils: Failed to delete file:/home/alex/Repositories/hive/hcatalog/hcatalog-pig-adapter/build/test/data/org.apache.hive.hcatalog.mapreduce.HCatBaseTest-1713983215978/warehouse/junit_specific_size
2024-04-24T11:27:31,623  INFO [main] metadata.Hive: Dumping metastore api call timing information for : execution phase
2024-04-24T11:27:31,623  INFO [main] metadata.Hive: Total time spent in each metastore function (ms): {isCompatibleWith_(Configuration)=0, getTable_(GetTableRequest)=10, dropTable_(String, String, boolean, boolean, boolean)=53}
2024-04-24T11:27:31,623  INFO [main] ql.Driver: Completed executing command(queryId=alex_20240424112731_3d272de9-8989-4884-9427-c5700824448f); Time taken: 0.064 seconds
2024-04-24T11:27:31,624  INFO [main] ql.Driver: Compiling command(queryId=alex_20240424112731_3d272de9-8989-4884-9427-c5700824448f): drop table if exists junit_parted_date
2024-04-24T11:27:31,625  INFO [main] HiveMetaStore.audit: ugi=alex	ip=unknown-ip-addr	cmd=get_table : tbl=hive.default.junit_parted_date	
2024-04-24T11:27:31,630  INFO [main] ql.Driver: Semantic Analysis Completed (retrial = false)
2024-04-24T11:27:31,630  INFO [main] ql.Driver: Created Hive schema: Schema(fieldSchemas:null, properties:null)
2024-04-24T11:27:31,630  INFO [main] metadata.Hive: Dumping metastore api call timing information for : compilation phase
2024-04-24T11:27:31,630  INFO [main] metadata.Hive: Total time spent in each metastore function (ms): {flushCache_()=0, isCompatibleWith_(Configuration)=0}
2024-04-24T11:27:31,631  INFO [main] ql.Driver: Completed compiling command(queryId=alex_20240424112731_3d272de9-8989-4884-9427-c5700824448f); Time taken: 0.006 seconds
2024-04-24T11:27:31,631  INFO [main] reexec.ReExecDriver: Execution #1 of query
2024-04-24T11:27:31,631  INFO [main] ql.Driver: Concurrency mode is disabled, not creating a lock manager
2024-04-24T11:27:31,631  INFO [main] ql.Driver: Executing command(queryId=alex_20240424112731_3d272de9-8989-4884-9427-c5700824448f): drop table if exists junit_parted_date
2024-04-24T11:27:31,631  INFO [main] ql.Driver: Starting task [Stage-0:DDL] in serial mode
2024-04-24T11:27:31,632  INFO [main] HiveMetaStore.audit: ugi=alex	ip=unknown-ip-addr	cmd=get_table : tbl=hive.default.junit_parted_date	
2024-04-24T11:27:31,637  INFO [main] metadata.Hive: Dumping metastore api call timing information for : execution phase
2024-04-24T11:27:31,637  INFO [main] metadata.Hive: Total time spent in each metastore function (ms): {isCompatibleWith_(Configuration)=0}
2024-04-24T11:27:31,637  INFO [main] ql.Driver: Completed executing command(queryId=alex_20240424112731_3d272de9-8989-4884-9427-c5700824448f); Time taken: 0.006 seconds
2024-04-24T11:27:31,638  INFO [main] ql.Driver: Compiling command(queryId=alex_20240424112731_3d272de9-8989-4884-9427-c5700824448f): drop table if exists junit_unparted_alltypes
2024-04-24T11:27:31,639  INFO [main] HiveMetaStore.audit: ugi=alex	ip=unknown-ip-addr	cmd=get_table : tbl=hive.default.junit_unparted_alltypes	
2024-04-24T11:27:31,643  INFO [main] ql.Driver: Semantic Analysis Completed (retrial = false)
2024-04-24T11:27:31,643  INFO [main] ql.Driver: Created Hive schema: Schema(fieldSchemas:null, properties:null)
2024-04-24T11:27:31,643  INFO [main] metadata.Hive: Dumping metastore api call timing information for : compilation phase
2024-04-24T11:27:31,643  INFO [main] metadata.Hive: Total time spent in each metastore function (ms): {isCompatibleWith_(Configuration)=0, flushCache_()=0}
2024-04-24T11:27:31,643  INFO [main] ql.Driver: Completed compiling command(queryId=alex_20240424112731_3d272de9-8989-4884-9427-c5700824448f); Time taken: 0.005 seconds
2024-04-24T11:27:31,644  INFO [main] reexec.ReExecDriver: Execution #1 of query
2024-04-24T11:27:31,644  INFO [main] ql.Driver: Concurrency mode is disabled, not creating a lock manager
2024-04-24T11:27:31,644  INFO [main] ql.Driver: Executing command(queryId=alex_20240424112731_3d272de9-8989-4884-9427-c5700824448f): drop table if exists junit_unparted_alltypes
2024-04-24T11:27:31,644  INFO [main] ql.Driver: Starting task [Stage-0:DDL] in serial mode
2024-04-24T11:27:31,644  INFO [main] HiveMetaStore.audit: ugi=alex	ip=unknown-ip-addr	cmd=get_table : tbl=hive.default.junit_unparted_alltypes	
2024-04-24T11:27:31,647  INFO [main] metadata.Hive: Dumping metastore api call timing information for : execution phase
2024-04-24T11:27:31,648  INFO [main] metadata.Hive: Total time spent in each metastore function (ms): {isCompatibleWith_(Configuration)=0}
2024-04-24T11:27:31,648  INFO [main] ql.Driver: Completed executing command(queryId=alex_20240424112731_3d272de9-8989-4884-9427-c5700824448f); Time taken: 0.003 seconds
2024-04-24T11:27:31,648  INFO [main] ql.Driver: Compiling command(queryId=alex_20240424112731_3d272de9-8989-4884-9427-c5700824448f): drop database if exists junit_specific_db cascade
2024-04-24T11:27:31,649  INFO [main] HiveMetaStore.audit: ugi=alex	ip=unknown-ip-addr	cmd=get_database: junit_specific_db	
2024-04-24T11:27:31,650  INFO [main] ql.Driver: Semantic Analysis Completed (retrial = false)
2024-04-24T11:27:31,650  INFO [main] ql.Driver: Created Hive schema: Schema(fieldSchemas:null, properties:null)
2024-04-24T11:27:31,650  INFO [main] metadata.Hive: Dumping metastore api call timing information for : compilation phase
2024-04-24T11:27:31,650  INFO [main] metadata.Hive: Total time spent in each metastore function (ms): {isCompatibleWith_(Configuration)=0, flushCache_()=0}
2024-04-24T11:27:31,650  INFO [main] ql.Driver: Completed compiling command(queryId=alex_20240424112731_3d272de9-8989-4884-9427-c5700824448f); Time taken: 0.002 seconds
2024-04-24T11:27:31,651  INFO [main] reexec.ReExecDriver: Execution #1 of query
2024-04-24T11:27:31,651  INFO [main] ql.Driver: Concurrency mode is disabled, not creating a lock manager
2024-04-24T11:27:31,651  INFO [main] ql.Driver: Executing command(queryId=alex_20240424112731_3d272de9-8989-4884-9427-c5700824448f): drop database if exists junit_specific_db cascade
2024-04-24T11:27:31,651  INFO [main] metadata.Hive: Dumping metastore api call timing information for : execution phase
2024-04-24T11:27:31,651  INFO [main] metadata.Hive: Total time spent in each metastore function (ms): {}
2024-04-24T11:27:31,651  INFO [main] ql.Driver: Completed executing command(queryId=alex_20240424112731_3d272de9-8989-4884-9427-c5700824448f); Time taken: 0.0 seconds
]]></system-err>
  </testcase>
  <testcase name="testGetInputBytes" classname="org.apache.hive.hcatalog.pig.TestRCFileHCatLoader" time="23.517">
    <error message="FAILED: Execution Error, return code 40000 from org.apache.hadoop.hive.ql.ddl.DDLTask. MetaException(message:javax.jdo.JDODataStoreException: Exception thrown flushing changes to datastore&#10;NestedThrowables:&#10;java.sql.BatchUpdateException: DELETE on table &apos;DBS&apos; caused a violation of foreign key constraint &apos;TBLS_FK1&apos; for key (3).  The statement has been rolled back.)" type="(responseCode = 40000, errorMessage = FAILED"><![CDATA[(responseCode = 40000, errorMessage = FAILED: Execution Error, return code 40000 from org.apache.hadoop.hive.ql.ddl.DDLTask. MetaException(message:javax.jdo.JDODataStoreException: Exception thrown flushing changes to datastore
NestedThrowables:
java.sql.BatchUpdateException: DELETE on table 'DBS' caused a violation of foreign key constraint 'TBLS_FK1' for key (3).  The statement has been rolled back.), hiveErrorCode = 40000, SQLState = 08S01, exception = MetaException(message:javax.jdo.JDODataStoreException: Exception thrown flushing changes to datastore
NestedThrowables:
java.sql.BatchUpdateException: DELETE on table 'DBS' caused a violation of foreign key constraint 'TBLS_FK1' for key (3).  The statement has been rolled back.))
	at org.apache.hadoop.hive.ql.DriverUtils.createProcessorException(DriverUtils.java:153)
	at org.apache.hadoop.hive.ql.Executor.handleTaskFailure(Executor.java:403)
	at org.apache.hadoop.hive.ql.Executor.handleFinished(Executor.java:285)
	at org.apache.hadoop.hive.ql.Executor.runTasks(Executor.java:246)
	at org.apache.hadoop.hive.ql.Executor.execute(Executor.java:108)
	at org.apache.hadoop.hive.ql.Driver.execute(Driver.java:348)
	at org.apache.hadoop.hive.ql.Driver.runInternal(Driver.java:204)
	at org.apache.hadoop.hive.ql.Driver.run(Driver.java:153)
	at org.apache.hadoop.hive.ql.Driver.run(Driver.java:148)
	at org.apache.hadoop.hive.ql.reexec.ReExecDriver.run(ReExecDriver.java:164)
	at org.apache.hadoop.hive.ql.reexec.ReExecDriver.run(ReExecDriver.java:230)
	at org.apache.hive.hcatalog.pig.AbstractHCatLoaderTest.executeStatementOnDriver(AbstractHCatLoaderTest.java:151)
	at org.apache.hive.hcatalog.pig.AbstractHCatLoaderTest.tearDown(AbstractHCatLoaderTest.java:239)
	at sun.reflect.NativeMethodAccessorImpl.invoke0(Native Method)
	at sun.reflect.NativeMethodAccessorImpl.invoke(NativeMethodAccessorImpl.java:62)
	at sun.reflect.DelegatingMethodAccessorImpl.invoke(DelegatingMethodAccessorImpl.java:43)
	at java.lang.reflect.Method.invoke(Method.java:498)
	at org.junit.runners.model.FrameworkMethod$1.runReflectiveCall(FrameworkMethod.java:59)
	at org.junit.internal.runners.model.ReflectiveCallable.run(ReflectiveCallable.java:12)
	at org.junit.runners.model.FrameworkMethod.invokeExplosively(FrameworkMethod.java:56)
	at org.junit.internal.runners.statements.RunAfters.invokeMethod(RunAfters.java:46)
	at org.junit.internal.runners.statements.RunAfters.evaluate(RunAfters.java:33)
	at org.junit.runners.ParentRunner$3.evaluate(ParentRunner.java:306)
	at org.junit.runners.BlockJUnit4ClassRunner$1.evaluate(BlockJUnit4ClassRunner.java:100)
	at org.junit.runners.ParentRunner.runLeaf(ParentRunner.java:366)
	at org.junit.runners.BlockJUnit4ClassRunner.runChild(BlockJUnit4ClassRunner.java:103)
	at org.junit.runners.BlockJUnit4ClassRunner.runChild(BlockJUnit4ClassRunner.java:63)
	at org.junit.runners.ParentRunner$4.run(ParentRunner.java:331)
	at org.junit.runners.ParentRunner$1.schedule(ParentRunner.java:79)
	at org.junit.runners.ParentRunner.runChildren(ParentRunner.java:329)
	at org.junit.runners.ParentRunner.access$100(ParentRunner.java:66)
	at org.junit.runners.ParentRunner$2.evaluate(ParentRunner.java:293)
	at org.junit.internal.runners.statements.RunBefores.evaluate(RunBefores.java:26)
	at org.junit.runners.ParentRunner$3.evaluate(ParentRunner.java:306)
	at org.junit.runners.ParentRunner.run(ParentRunner.java:413)
	at org.junit.runners.Suite.runChild(Suite.java:128)
	at org.junit.runners.Suite.runChild(Suite.java:27)
	at org.junit.runners.ParentRunner$4.run(ParentRunner.java:331)
	at org.junit.runners.ParentRunner$1.schedule(ParentRunner.java:79)
	at org.junit.runners.ParentRunner.runChildren(ParentRunner.java:329)
	at org.junit.runners.ParentRunner.access$100(ParentRunner.java:66)
	at org.junit.runners.ParentRunner$2.evaluate(ParentRunner.java:293)
	at org.junit.runners.ParentRunner$3.evaluate(ParentRunner.java:306)
	at org.junit.runners.ParentRunner.run(ParentRunner.java:413)
	at org.apache.maven.surefire.junitcore.JUnitCore.run(JUnitCore.java:55)
	at org.apache.maven.surefire.junitcore.JUnitCoreWrapper.createRequestAndRun(JUnitCoreWrapper.java:137)
	at org.apache.maven.surefire.junitcore.JUnitCoreWrapper.executeEager(JUnitCoreWrapper.java:107)
	at org.apache.maven.surefire.junitcore.JUnitCoreWrapper.execute(JUnitCoreWrapper.java:83)
	at org.apache.maven.surefire.junitcore.JUnitCoreWrapper.execute(JUnitCoreWrapper.java:75)
	at org.apache.maven.surefire.junitcore.JUnitCoreProvider.invoke(JUnitCoreProvider.java:158)
	at org.apache.maven.surefire.booter.ForkedBooter.runSuitesInProcess(ForkedBooter.java:377)
	at org.apache.maven.surefire.booter.ForkedBooter.execute(ForkedBooter.java:138)
	at org.apache.maven.surefire.booter.ForkedBooter.run(ForkedBooter.java:465)
	at org.apache.maven.surefire.booter.ForkedBooter.main(ForkedBooter.java:451)
Caused by: org.apache.hadoop.hive.ql.metadata.HiveException: MetaException(message:javax.jdo.JDODataStoreException: Exception thrown flushing changes to datastore
NestedThrowables:
java.sql.BatchUpdateException: DELETE on table 'DBS' caused a violation of foreign key constraint 'TBLS_FK1' for key (3).  The statement has been rolled back.)
	at org.apache.hadoop.hive.ql.metadata.Hive.dropDatabase(Hive.java:666)
	at org.apache.hadoop.hive.ql.ddl.database.drop.DropDatabaseOperation.execute(DropDatabaseOperation.java:52)
	at org.apache.hadoop.hive.ql.ddl.DDLTask.execute(DDLTask.java:84)
	at org.apache.hadoop.hive.ql.exec.Task.executeTask(Task.java:212)
	at org.apache.hadoop.hive.ql.exec.TaskRunner.runSequential(TaskRunner.java:105)
	at org.apache.hadoop.hive.ql.Executor.launchTask(Executor.java:361)
	at org.apache.hadoop.hive.ql.Executor.launchTasks(Executor.java:334)
	at org.apache.hadoop.hive.ql.Executor.runTasks(Executor.java:245)
	... 50 more
Caused by: MetaException(message:javax.jdo.JDODataStoreException: Exception thrown flushing changes to datastore
NestedThrowables:
java.sql.BatchUpdateException: DELETE on table 'DBS' caused a violation of foreign key constraint 'TBLS_FK1' for key (3).  The statement has been rolled back.)
	at org.apache.hadoop.hive.metastore.RetryingHMSHandler.invokeInternal(RetryingHMSHandler.java:209)
	at org.apache.hadoop.hive.metastore.RetryingHMSHandler.invoke(RetryingHMSHandler.java:108)
	at com.sun.proxy.$Proxy35.drop_database(Unknown Source)
	at org.apache.hadoop.hive.metastore.HiveMetaStoreClient.dropDatabaseCascadePerDb(HiveMetaStoreClient.java:1601)
	at org.apache.hadoop.hive.metastore.HiveMetaStoreClient.dropDatabase(HiveMetaStoreClient.java:1532)
	at org.apache.hadoop.hive.metastore.HiveMetaStoreClient.dropDatabase(HiveMetaStoreClient.java:1485)
	at sun.reflect.NativeMethodAccessorImpl.invoke0(Native Method)
	at sun.reflect.NativeMethodAccessorImpl.invoke(NativeMethodAccessorImpl.java:62)
	at sun.reflect.DelegatingMethodAccessorImpl.invoke(DelegatingMethodAccessorImpl.java:43)
	at java.lang.reflect.Method.invoke(Method.java:498)
	at org.apache.hadoop.hive.metastore.RetryingMetaStoreClient.invoke(RetryingMetaStoreClient.java:218)
	at com.sun.proxy.$Proxy45.dropDatabase(Unknown Source)
	at org.apache.hadoop.hive.ql.metadata.Hive.dropDatabase(Hive.java:662)
	... 57 more
Caused by: javax.jdo.JDODataStoreException: Exception thrown flushing changes to datastore
NestedThrowables:
java.sql.BatchUpdateException: DELETE on table 'DBS' caused a violation of foreign key constraint 'TBLS_FK1' for key (3).  The statement has been rolled back.
	at org.datanucleus.api.jdo.NucleusJDOHelper.getJDOExceptionForNucleusException(NucleusJDOHelper.java:542)
	at org.datanucleus.api.jdo.JDOTransaction.commit(JDOTransaction.java:162)
	at org.apache.hadoop.hive.metastore.ObjectStore.commitTransaction(ObjectStore.java:615)
	at sun.reflect.GeneratedMethodAccessor31.invoke(Unknown Source)
	at sun.reflect.DelegatingMethodAccessorImpl.invoke(DelegatingMethodAccessorImpl.java:43)
	at java.lang.reflect.Method.invoke(Method.java:498)
	at org.apache.hadoop.hive.metastore.RawStoreProxy.invoke(RawStoreProxy.java:97)
	at com.sun.proxy.$Proxy32.commitTransaction(Unknown Source)
	at org.apache.hadoop.hive.metastore.HMSHandler.drop_database_core(HMSHandler.java:1790)
	at org.apache.hadoop.hive.metastore.HMSHandler.drop_database(HMSHandler.java:1869)
	at sun.reflect.GeneratedMethodAccessor54.invoke(Unknown Source)
	at sun.reflect.DelegatingMethodAccessorImpl.invoke(DelegatingMethodAccessorImpl.java:43)
	at java.lang.reflect.Method.invoke(Method.java:498)
	at org.apache.hadoop.hive.metastore.RetryingHMSHandler.invokeInternal(RetryingHMSHandler.java:147)
	... 69 more
Caused by: java.sql.BatchUpdateException: DELETE on table 'DBS' caused a violation of foreign key constraint 'TBLS_FK1' for key (3).  The statement has been rolled back.
	at org.apache.derby.impl.jdbc.EmbedStatement.executeLargeBatch(Unknown Source)
	at org.apache.derby.impl.jdbc.EmbedStatement.executeBatch(Unknown Source)
	at com.zaxxer.hikari.pool.ProxyStatement.executeBatch(ProxyStatement.java:128)
	at com.zaxxer.hikari.pool.HikariProxyPreparedStatement.executeBatch(HikariProxyPreparedStatement.java)
	at org.datanucleus.store.rdbms.ParamLoggingPreparedStatement.executeBatch(ParamLoggingPreparedStatement.java:366)
	at org.datanucleus.store.rdbms.SQLController.processConnectionStatement(SQLController.java:675)
	at org.datanucleus.store.rdbms.SQLController.processStatementsForConnection(SQLController.java:643)
	at org.datanucleus.store.rdbms.SQLController$1.transactionFlushed(SQLController.java:729)
	at org.datanucleus.store.connection.AbstractManagedConnection.transactionFlushed(AbstractManagedConnection.java:95)
	at org.datanucleus.store.connection.ConnectionManagerImpl$2.transactionFlushed(ConnectionManagerImpl.java:528)
	at org.datanucleus.TransactionImpl.flush(TransactionImpl.java:222)
	at org.datanucleus.TransactionImpl.commit(TransactionImpl.java:286)
	at org.datanucleus.api.jdo.JDOTransaction.commit(JDOTransaction.java:99)
	... 81 more
Caused by: org.apache.derby.shared.common.error.DerbySQLIntegrityConstraintViolationException: DELETE on table 'DBS' caused a violation of foreign key constraint 'TBLS_FK1' for key (3).  The statement has been rolled back.
	at org.apache.derby.impl.jdbc.SQLExceptionFactory.getSQLException(Unknown Source)
	at org.apache.derby.impl.jdbc.Util.generateCsSQLException(Unknown Source)
	at org.apache.derby.impl.jdbc.TransactionResourceImpl.wrapInSQLException(Unknown Source)
	at org.apache.derby.impl.jdbc.TransactionResourceImpl.handleException(Unknown Source)
	at org.apache.derby.impl.jdbc.EmbedConnection.handleException(Unknown Source)
	at org.apache.derby.impl.jdbc.ConnectionChild.handleException(Unknown Source)
	at org.apache.derby.impl.jdbc.EmbedStatement.executeStatement(Unknown Source)
	at org.apache.derby.impl.jdbc.EmbedPreparedStatement.executeBatchElement(Unknown Source)
	... 94 more
Caused by: ERROR 23503: DELETE on table 'DBS' caused a violation of foreign key constraint 'TBLS_FK1' for key (3).  The statement has been rolled back.
	at org.apache.derby.iapi.error.StandardException.newException(Unknown Source)
	at org.apache.derby.iapi.error.StandardException.newException(Unknown Source)
	at org.apache.derby.impl.sql.execute.ReferencedKeyRIChecker.doCheck(Unknown Source)
	at org.apache.derby.impl.sql.execute.RISetChecker.doPKCheck(Unknown Source)
	at org.apache.derby.impl.sql.execute.DeleteResultSet.collectAffectedRows(Unknown Source)
	at org.apache.derby.impl.sql.execute.DeleteResultSet.open(Unknown Source)
	at org.apache.derby.impl.sql.GenericPreparedStatement.executeStmt(Unknown Source)
	at org.apache.derby.impl.sql.GenericPreparedStatement.execute(Unknown Source)
	... 96 more
]]></error>
    <system-out><![CDATA[log4j: Could not find root logger information. Is this OK?
log4j: Finished configuring.
log4j: Could not find root logger information. Is this OK?
log4j: Finished configuring.
log4j: Could not find root logger information. Is this OK?
log4j: Finished configuring.
]]></system-out>
    <system-err><![CDATA[2024-04-24T11:27:31,685  WARN [main] conf.HiveConf: HiveConf of name hive.llap.io.cache.orc.alloc.max does not exist
2024-04-24T11:27:31,685  WARN [main] conf.HiveConf: HiveConf of name hive.stats.key.prefix.reserve.length does not exist
2024-04-24T11:27:31,685  WARN [main] conf.HiveConf: HiveConf of name hive.dummyparam.test.server.specific.config.metastoresite does not exist
2024-04-24T11:27:31,685  WARN [main] conf.HiveConf: HiveConf of name hive.llap.io.cache.orc.arena.size does not exist
2024-04-24T11:27:31,686  WARN [main] conf.HiveConf: HiveConf of name hive.llap.io.cache.orc.alloc.min does not exist
2024-04-24T11:27:31,686  WARN [main] conf.HiveConf: HiveConf of name hive.llap.io.cache.orc.size does not exist
2024-04-24T11:27:31,686  WARN [main] conf.HiveConf: HiveConf of name hive.metastore.metadb.dir does not exist
2024-04-24T11:27:31,686  WARN [main] conf.HiveConf: HiveConf of name hive.dummyparam.test.server.specific.config.hivesite does not exist
2024-04-24T11:27:31,686  WARN [main] conf.HiveConf: HiveConf of name hive.metastore.client.cache.maxSize does not exist
2024-04-24T11:27:31,686  WARN [main] conf.HiveConf: HiveConf of name hive.metastore.client.cache.recordStats does not exist
2024-04-24T11:27:31,686  WARN [main] conf.HiveConf: HiveConf of name hive.dummyparam.test.server.specific.config.override does not exist
2024-04-24T11:27:31,688  INFO [main] metastore.HiveMetaStoreClient: HMS client filtering is enabled.
2024-04-24T11:27:31,688  INFO [main] metastore.PersistenceManagerProvider: Configuration datanucleus.autoStartMechanismMode is not set. Defaulting to 'ignored'
2024-04-24T11:27:31,688  INFO [main] metastore.ObjectStore: RawStore: org.apache.hadoop.hive.metastore.ObjectStore@59c530b5, with PersistenceManager: org.datanucleus.api.jdo.JDOPersistenceManager@8d56ddd will be shutdown
2024-04-24T11:27:31,688  INFO [main] metastore.ObjectStore: RawStore: org.apache.hadoop.hive.metastore.ObjectStore@59c530b5, with PersistenceManager: org.datanucleus.api.jdo.JDOPersistenceManager@3d45ea17 created in the thread with id: 1
2024-04-24T11:27:31,690  INFO [main] metastore.HMSHandler: HMS server filtering is disabled by configuration
Hive Session ID = 498ade38-1ab3-4196-a6f9-eff49e266a41
2024-04-24T11:27:31,690  INFO [main] SessionState: Hive Session ID = 498ade38-1ab3-4196-a6f9-eff49e266a41
ivysettings.xml file not found in HIVE_HOME or HIVE_CONF_DIR,file:/home/alex/.m2/repository/org/apache/pig/pig/0.16.0/pig-0.16.0-h2.jar!/ivysettings.xml will be used
2024-04-24T11:27:31,691  INFO [main] DependencyResolver: ivysettings.xml file not found in HIVE_HOME or HIVE_CONF_DIR,file:/home/alex/.m2/repository/org/apache/pig/pig/0.16.0/pig-0.16.0-h2.jar!/ivysettings.xml will be used
2024-04-24T11:27:31,696  INFO [main] session.SessionState: Created HDFS directory: /home/alex/Repositories/hive/hcatalog/hcatalog-pig-adapter/target/tmp/scratchdir/alex/498ade38-1ab3-4196-a6f9-eff49e266a41
2024-04-24T11:27:31,699  INFO [main] session.SessionState: Created local directory: /home/alex/Repositories/hive/hcatalog/hcatalog-pig-adapter/target/tmp/localscratchdir/498ade38-1ab3-4196-a6f9-eff49e266a41
2024-04-24T11:27:31,701  INFO [main] session.SessionState: Created HDFS directory: /home/alex/Repositories/hive/hcatalog/hcatalog-pig-adapter/target/tmp/scratchdir/alex/498ade38-1ab3-4196-a6f9-eff49e266a41/_tmp_space.db
2024-04-24T11:27:31,702  INFO [main] ql.Driver: Compiling command(queryId=alex_20240424112731_85129044-0847-4ad2-ae27-81cba20e5936): use default
2024-04-24T11:27:31,702  INFO [main] HiveMetaStore.audit: ugi=alex	ip=unknown-ip-addr	cmd=get_database: default	
2024-04-24T11:27:31,703  INFO [main] ql.Driver: Semantic Analysis Completed (retrial = false)
2024-04-24T11:27:31,704  INFO [main] ql.Driver: Created Hive schema: Schema(fieldSchemas:null, properties:null)
2024-04-24T11:27:31,704  INFO [main] metadata.Hive: Dumping metastore api call timing information for : compilation phase
2024-04-24T11:27:31,704  INFO [main] metadata.Hive: Total time spent in each metastore function (ms): {isCompatibleWith_(Configuration)=0, getDatabase_(String)=1, flushCache_()=0}
2024-04-24T11:27:31,704  INFO [main] ql.Driver: Completed compiling command(queryId=alex_20240424112731_85129044-0847-4ad2-ae27-81cba20e5936); Time taken: 0.002 seconds
2024-04-24T11:27:31,704  INFO [main] reexec.ReExecDriver: Execution #1 of query
2024-04-24T11:27:31,704  INFO [main] ql.Driver: Concurrency mode is disabled, not creating a lock manager
2024-04-24T11:27:31,704  INFO [main] ql.Driver: Executing command(queryId=alex_20240424112731_85129044-0847-4ad2-ae27-81cba20e5936): use default
2024-04-24T11:27:31,705  INFO [main] ql.Driver: Starting task [Stage-0:DDL] in serial mode
2024-04-24T11:27:31,705  INFO [main] HiveMetaStore.audit: ugi=alex	ip=unknown-ip-addr	cmd=get_database: default	
2024-04-24T11:27:31,707  INFO [main] HiveMetaStore.audit: ugi=alex	ip=unknown-ip-addr	cmd=get_database: default	
2024-04-24T11:27:31,708  INFO [main] metadata.Hive: Dumping metastore api call timing information for : execution phase
2024-04-24T11:27:31,708  INFO [main] metadata.Hive: Total time spent in each metastore function (ms): {getDatabase_(String)=3, isCompatibleWith_(Configuration)=0}
2024-04-24T11:27:31,708  INFO [main] ql.Driver: Completed executing command(queryId=alex_20240424112731_85129044-0847-4ad2-ae27-81cba20e5936); Time taken: 0.004 seconds
2024-04-24T11:27:31,709  INFO [main] ql.Driver: Compiling command(queryId=alex_20240424112731_85129044-0847-4ad2-ae27-81cba20e5936): create table junit_unparted_basic(a int, b string) stored as RCFILE TBLPROPERTIES ('transactional'='false')
2024-04-24T11:27:31,709  INFO [main] parse.CalcitePlanner: Starting caching scope for: alex_20240424112731_85129044-0847-4ad2-ae27-81cba20e5936
2024-04-24T11:27:31,709  INFO [main] parse.CalcitePlanner: Starting Semantic Analysis
2024-04-24T11:27:31,710  INFO [main] sqlstd.SQLStdHiveAccessController: Created SQLStdHiveAccessController for session context : HiveAuthzSessionContext [sessionString=498ade38-1ab3-4196-a6f9-eff49e266a41, clientType=HIVECLI]
2024-04-24T11:27:31,710  INFO [main] metastore.HiveMetaStoreClient: Mestastore configuration metastore.filter.hook changed from org.apache.hadoop.hive.metastore.DefaultMetaStoreFilterHookImpl to org.apache.hadoop.hive.ql.security.authorization.plugin.AuthorizationMetaStoreFilterHook
2024-04-24T11:27:31,710  INFO [main] HiveMetaStore.audit: ugi=alex	ip=unknown-ip-addr	cmd=Cleaning up thread local RawStore...	
2024-04-24T11:27:31,710  INFO [main] metastore.ObjectStore: RawStore: org.apache.hadoop.hive.metastore.ObjectStore@59c530b5, with PersistenceManager: org.datanucleus.api.jdo.JDOPersistenceManager@3d45ea17 will be shutdown
2024-04-24T11:27:31,710  INFO [main] HiveMetaStore.audit: ugi=alex	ip=unknown-ip-addr	cmd=Done cleaning up thread local RawStore	
2024-04-24T11:27:31,710  INFO [main] metastore.HiveMetaStoreClient: Closed a connection to metastore, current connections: -8
2024-04-24T11:27:31,711  INFO [main] metastore.HiveMetaStoreClient: HMS client filtering is enabled.
2024-04-24T11:27:31,712  INFO [main] metastore.HMSHandler: 0: Opening raw store with implementation class:org.apache.hadoop.hive.metastore.ObjectStore
2024-04-24T11:27:31,712  INFO [main] metastore.PersistenceManagerProvider: Configuration datanucleus.autoStartMechanismMode is not set. Defaulting to 'ignored'
2024-04-24T11:27:31,712  INFO [main] metastore.ObjectStore: RawStore: org.apache.hadoop.hive.metastore.ObjectStore@fd9512f, with PersistenceManager: null will be shutdown
2024-04-24T11:27:31,712  INFO [main] metastore.ObjectStore: RawStore: org.apache.hadoop.hive.metastore.ObjectStore@fd9512f, with PersistenceManager: org.datanucleus.api.jdo.JDOPersistenceManager@713935c8 created in the thread with id: 1
2024-04-24T11:27:31,714  INFO [main] metastore.HMSHandler: Created RawStore: org.apache.hadoop.hive.metastore.ObjectStore@fd9512f from thread id: 1
2024-04-24T11:27:31,714  INFO [main] metastore.HMSHandler: HMS server filtering is disabled by configuration
2024-04-24T11:27:31,714  INFO [main] metastore.RetryingMetaStoreClient: RetryingMetaStoreClient proxy=class org.apache.hadoop.hive.ql.metadata.SessionHiveMetaStoreClient ugi=alex (auth:SIMPLE) retries=1 delay=1 lifetime=0
2024-04-24T11:27:31,714  INFO [main] parse.CalcitePlanner: Creating table default.junit_unparted_basic position=13
2024-04-24T11:27:31,715  INFO [main] metastore.HiveMetaStoreClient: HMS client filtering is enabled.
2024-04-24T11:27:31,715  INFO [main] metastore.PersistenceManagerProvider: Configuration datanucleus.autoStartMechanismMode is not set. Defaulting to 'ignored'
2024-04-24T11:27:31,716  INFO [main] metastore.ObjectStore: RawStore: org.apache.hadoop.hive.metastore.ObjectStore@fd9512f, with PersistenceManager: org.datanucleus.api.jdo.JDOPersistenceManager@713935c8 will be shutdown
2024-04-24T11:27:31,716  INFO [main] metastore.ObjectStore: RawStore: org.apache.hadoop.hive.metastore.ObjectStore@fd9512f, with PersistenceManager: org.datanucleus.api.jdo.JDOPersistenceManager@1c38d025 created in the thread with id: 1
2024-04-24T11:27:31,718  INFO [main] metastore.HMSHandler: HMS server filtering is disabled by configuration
2024-04-24T11:27:31,718  INFO [main] metastore.RetryingMetaStoreClient: RetryingMetaStoreClient proxy=class org.apache.hadoop.hive.ql.metadata.SessionHiveMetaStoreClient ugi=alex (auth:SIMPLE) retries=1 delay=1 lifetime=0
2024-04-24T11:27:31,718  INFO [main] HiveMetaStore.audit: ugi=alex	ip=unknown-ip-addr	cmd=get_database: default	
2024-04-24T11:27:31,719  INFO [main] parse.CalcitePlanner: Ending caching scope for: alex_20240424112731_85129044-0847-4ad2-ae27-81cba20e5936
2024-04-24T11:27:31,719  INFO [main] ql.Driver: Semantic Analysis Completed (retrial = false)
2024-04-24T11:27:31,719  INFO [main] ql.Driver: Created Hive schema: Schema(fieldSchemas:null, properties:null)
2024-04-24T11:27:31,719  INFO [main] metadata.Hive: Dumping metastore api call timing information for : compilation phase
2024-04-24T11:27:31,719  INFO [main] metadata.Hive: Total time spent in each metastore function (ms): {}
2024-04-24T11:27:31,719  INFO [main] ql.Driver: Completed compiling command(queryId=alex_20240424112731_85129044-0847-4ad2-ae27-81cba20e5936); Time taken: 0.01 seconds
2024-04-24T11:27:31,720  INFO [main] reexec.ReExecDriver: Execution #1 of query
2024-04-24T11:27:31,720  INFO [main] ql.Driver: Concurrency mode is disabled, not creating a lock manager
2024-04-24T11:27:31,720  INFO [main] ql.Driver: Executing command(queryId=alex_20240424112731_85129044-0847-4ad2-ae27-81cba20e5936): create table junit_unparted_basic(a int, b string) stored as RCFILE TBLPROPERTIES ('transactional'='false')
2024-04-24T11:27:31,720  INFO [main] ql.Driver: Starting task [Stage-0:DDL] in serial mode
2024-04-24T11:27:31,720  INFO [main] metastore.HiveMetaStoreClient: Mestastore configuration metastore.filter.hook changed from org.apache.hadoop.hive.ql.security.authorization.plugin.AuthorizationMetaStoreFilterHook to org.apache.hadoop.hive.metastore.DefaultMetaStoreFilterHookImpl
2024-04-24T11:27:31,720  INFO [main] HiveMetaStore.audit: ugi=alex	ip=unknown-ip-addr	cmd=Cleaning up thread local RawStore...	
2024-04-24T11:27:31,720  INFO [main] metastore.ObjectStore: RawStore: org.apache.hadoop.hive.metastore.ObjectStore@fd9512f, with PersistenceManager: org.datanucleus.api.jdo.JDOPersistenceManager@1c38d025 will be shutdown
2024-04-24T11:27:31,720  INFO [main] HiveMetaStore.audit: ugi=alex	ip=unknown-ip-addr	cmd=Done cleaning up thread local RawStore	
2024-04-24T11:27:31,720  INFO [main] metastore.HiveMetaStoreClient: Closed a connection to metastore, current connections: -9
2024-04-24T11:27:31,722  INFO [main] metastore.HiveMetaStoreClient: HMS client filtering is enabled.
2024-04-24T11:27:31,722  INFO [main] metastore.HMSHandler: 0: Opening raw store with implementation class:org.apache.hadoop.hive.metastore.ObjectStore
2024-04-24T11:27:31,722  INFO [main] metastore.PersistenceManagerProvider: Configuration datanucleus.autoStartMechanismMode is not set. Defaulting to 'ignored'
2024-04-24T11:27:31,723  INFO [main] metastore.ObjectStore: RawStore: org.apache.hadoop.hive.metastore.ObjectStore@11ed241c, with PersistenceManager: null will be shutdown
2024-04-24T11:27:31,723  INFO [main] metastore.ObjectStore: RawStore: org.apache.hadoop.hive.metastore.ObjectStore@11ed241c, with PersistenceManager: org.datanucleus.api.jdo.JDOPersistenceManager@74ae2dec created in the thread with id: 1
2024-04-24T11:27:31,725  INFO [main] metastore.HMSHandler: Created RawStore: org.apache.hadoop.hive.metastore.ObjectStore@11ed241c from thread id: 1
2024-04-24T11:27:31,725  INFO [main] metastore.HMSHandler: HMS server filtering is disabled by configuration
2024-04-24T11:27:31,725  INFO [main] metastore.RetryingMetaStoreClient: RetryingMetaStoreClient proxy=class org.apache.hadoop.hive.ql.metadata.SessionHiveMetaStoreClient ugi=alex (auth:SIMPLE) retries=1 delay=1 lifetime=0
2024-04-24T11:27:31,725  INFO [main] HiveMetaStore.audit: ugi=alex	ip=unknown-ip-addr	cmd=create_table_req: Table(tableName:junit_unparted_basic, dbName:default, owner:alex, createTime:1713983251, lastAccessTime:0, retention:0, sd:StorageDescriptor(cols:[FieldSchema(name:a, type:int, comment:null), FieldSchema(name:b, type:string, comment:null)], location:null, inputFormat:org.apache.hadoop.hive.ql.io.RCFileInputFormat, outputFormat:org.apache.hadoop.hive.ql.io.RCFileOutputFormat, compressed:false, numBuckets:-1, serdeInfo:SerDeInfo(name:null, serializationLib:org.apache.hadoop.hive.serde2.columnar.ColumnarSerDe, parameters:{serialization.format=1}), bucketCols:[], sortCols:[], parameters:{}, skewedInfo:SkewedInfo(skewedColNames:[], skewedColValues:[], skewedColValueLocationMaps:{}), storedAsSubDirectories:false), partitionKeys:[], parameters:{rawDataSize=0, bucketing_version=2, numFilesErasureCoded=0, transactional=false, numRows=0, totalSize=0, numFiles=0, COLUMN_STATS_ACCURATE={"BASIC_STATS":"true","COLUMN_STATS":{"a":"true","b":"true"}}}, viewOriginalText:null, viewExpandedText:null, tableType:MANAGED_TABLE, privileges:PrincipalPrivilegeSet(userPrivileges:{alex=[PrivilegeGrantInfo(privilege:INSERT, createTime:-1, grantor:alex, grantorType:USER, grantOption:true), PrivilegeGrantInfo(privilege:SELECT, createTime:-1, grantor:alex, grantorType:USER, grantOption:true), PrivilegeGrantInfo(privilege:UPDATE, createTime:-1, grantor:alex, grantorType:USER, grantOption:true), PrivilegeGrantInfo(privilege:DELETE, createTime:-1, grantor:alex, grantorType:USER, grantOption:true)]}, groupPrivileges:null, rolePrivileges:null), temporary:false, catName:hive, ownerType:USER)	
2024-04-24T11:27:31,730  INFO [main] utils.FileUtils: Creating directory if it doesn't exist: file:/home/alex/Repositories/hive/hcatalog/hcatalog-pig-adapter/build/test/data/org.apache.hive.hcatalog.mapreduce.HCatBaseTest-1713983215978/warehouse/junit_unparted_basic
2024-04-24T11:27:31,752  INFO [main] metadata.Hive: Dumping metastore api call timing information for : execution phase
2024-04-24T11:27:31,752  INFO [main] metadata.Hive: Total time spent in each metastore function (ms): {createTable_(Table)=27}
2024-04-24T11:27:31,752  INFO [main] ql.Driver: Completed executing command(queryId=alex_20240424112731_85129044-0847-4ad2-ae27-81cba20e5936); Time taken: 0.032 seconds
2024-04-24T11:27:31,753  INFO [main] ql.Driver: Compiling command(queryId=alex_20240424112731_85129044-0847-4ad2-ae27-81cba20e5936): use default
2024-04-24T11:27:31,753  INFO [main] HiveMetaStore.audit: ugi=alex	ip=unknown-ip-addr	cmd=get_database: default	
2024-04-24T11:27:31,755  INFO [main] ql.Driver: Semantic Analysis Completed (retrial = false)
2024-04-24T11:27:31,755  INFO [main] ql.Driver: Created Hive schema: Schema(fieldSchemas:null, properties:null)
2024-04-24T11:27:31,755  INFO [main] metadata.Hive: Dumping metastore api call timing information for : compilation phase
2024-04-24T11:27:31,755  INFO [main] metadata.Hive: Total time spent in each metastore function (ms): {flushCache_()=0, isCompatibleWith_(Configuration)=0, getDatabase_(String)=2}
2024-04-24T11:27:31,756  INFO [main] ql.Driver: Completed compiling command(queryId=alex_20240424112731_85129044-0847-4ad2-ae27-81cba20e5936); Time taken: 0.002 seconds
2024-04-24T11:27:31,756  INFO [main] reexec.ReExecDriver: Execution #1 of query
2024-04-24T11:27:31,756  INFO [main] ql.Driver: Concurrency mode is disabled, not creating a lock manager
2024-04-24T11:27:31,756  INFO [main] ql.Driver: Executing command(queryId=alex_20240424112731_85129044-0847-4ad2-ae27-81cba20e5936): use default
2024-04-24T11:27:31,756  INFO [main] ql.Driver: Starting task [Stage-0:DDL] in serial mode
2024-04-24T11:27:31,756  INFO [main] HiveMetaStore.audit: ugi=alex	ip=unknown-ip-addr	cmd=get_database: default	
2024-04-24T11:27:31,758  INFO [main] HiveMetaStore.audit: ugi=alex	ip=unknown-ip-addr	cmd=get_database: default	
2024-04-24T11:27:31,760  INFO [main] metadata.Hive: Dumping metastore api call timing information for : execution phase
2024-04-24T11:27:31,760  INFO [main] metadata.Hive: Total time spent in each metastore function (ms): {getDatabase_(String)=3, isCompatibleWith_(Configuration)=0}
2024-04-24T11:27:31,760  INFO [main] ql.Driver: Completed executing command(queryId=alex_20240424112731_85129044-0847-4ad2-ae27-81cba20e5936); Time taken: 0.003 seconds
2024-04-24T11:27:31,760  INFO [main] ql.Driver: Compiling command(queryId=alex_20240424112731_85129044-0847-4ad2-ae27-81cba20e5936): create table junit_unparted_complex(name string, studentid int, contact struct<phno:string,email:string>, currently_registered_courses array<string>, current_grades map<string,string>, phnos array<struct<phno:string,type:string>>) stored as RCFILE TBLPROPERTIES ('transactional'='false')
2024-04-24T11:27:31,761  INFO [main] parse.CalcitePlanner: Starting caching scope for: alex_20240424112731_85129044-0847-4ad2-ae27-81cba20e5936
2024-04-24T11:27:31,761  INFO [main] parse.CalcitePlanner: Starting Semantic Analysis
2024-04-24T11:27:31,761  INFO [main] parse.CalcitePlanner: Creating table default.junit_unparted_complex position=13
2024-04-24T11:27:31,762  INFO [main] HiveMetaStore.audit: ugi=alex	ip=unknown-ip-addr	cmd=get_database: default	
2024-04-24T11:27:31,763  INFO [main] parse.CalcitePlanner: Ending caching scope for: alex_20240424112731_85129044-0847-4ad2-ae27-81cba20e5936
2024-04-24T11:27:31,763  INFO [main] ql.Driver: Semantic Analysis Completed (retrial = false)
2024-04-24T11:27:31,764  INFO [main] ql.Driver: Created Hive schema: Schema(fieldSchemas:null, properties:null)
2024-04-24T11:27:31,764  INFO [main] metadata.Hive: Dumping metastore api call timing information for : compilation phase
2024-04-24T11:27:31,764  INFO [main] metadata.Hive: Total time spent in each metastore function (ms): {getDatabase_(String)=1, isCompatibleWith_(Configuration)=0, flushCache_()=0}
2024-04-24T11:27:31,764  INFO [main] ql.Driver: Completed compiling command(queryId=alex_20240424112731_85129044-0847-4ad2-ae27-81cba20e5936); Time taken: 0.004 seconds
2024-04-24T11:27:31,764  INFO [main] reexec.ReExecDriver: Execution #1 of query
2024-04-24T11:27:31,764  INFO [main] ql.Driver: Concurrency mode is disabled, not creating a lock manager
2024-04-24T11:27:31,764  INFO [main] ql.Driver: Executing command(queryId=alex_20240424112731_85129044-0847-4ad2-ae27-81cba20e5936): create table junit_unparted_complex(name string, studentid int, contact struct<phno:string,email:string>, currently_registered_courses array<string>, current_grades map<string,string>, phnos array<struct<phno:string,type:string>>) stored as RCFILE TBLPROPERTIES ('transactional'='false')
2024-04-24T11:27:31,764  INFO [main] ql.Driver: Starting task [Stage-0:DDL] in serial mode
2024-04-24T11:27:31,766  INFO [main] HiveMetaStore.audit: ugi=alex	ip=unknown-ip-addr	cmd=create_table_req: Table(tableName:junit_unparted_complex, dbName:default, owner:alex, createTime:1713983251, lastAccessTime:0, retention:0, sd:StorageDescriptor(cols:[FieldSchema(name:name, type:string, comment:null), FieldSchema(name:studentid, type:int, comment:null), FieldSchema(name:contact, type:struct<phno:string,email:string>, comment:null), FieldSchema(name:currently_registered_courses, type:array<string>, comment:null), FieldSchema(name:current_grades, type:map<string,string>, comment:null), FieldSchema(name:phnos, type:array<struct<phno:string,type:string>>, comment:null)], location:null, inputFormat:org.apache.hadoop.hive.ql.io.RCFileInputFormat, outputFormat:org.apache.hadoop.hive.ql.io.RCFileOutputFormat, compressed:false, numBuckets:-1, serdeInfo:SerDeInfo(name:null, serializationLib:org.apache.hadoop.hive.serde2.columnar.ColumnarSerDe, parameters:{serialization.format=1}), bucketCols:[], sortCols:[], parameters:{}, skewedInfo:SkewedInfo(skewedColNames:[], skewedColValues:[], skewedColValueLocationMaps:{}), storedAsSubDirectories:false), partitionKeys:[], parameters:{bucketing_version=2, numRows=0, transactional=false, COLUMN_STATS_ACCURATE={"BASIC_STATS":"true","COLUMN_STATS":{"contact":"true","current_grades":"true","currently_registered_courses":"true","name":"true","phnos":"true","studentid":"true"}}, rawDataSize=0, numFiles=0, totalSize=0, numFilesErasureCoded=0}, viewOriginalText:null, viewExpandedText:null, tableType:MANAGED_TABLE, privileges:PrincipalPrivilegeSet(userPrivileges:{alex=[PrivilegeGrantInfo(privilege:INSERT, createTime:-1, grantor:alex, grantorType:USER, grantOption:true), PrivilegeGrantInfo(privilege:SELECT, createTime:-1, grantor:alex, grantorType:USER, grantOption:true), PrivilegeGrantInfo(privilege:UPDATE, createTime:-1, grantor:alex, grantorType:USER, grantOption:true), PrivilegeGrantInfo(privilege:DELETE, createTime:-1, grantor:alex, grantorType:USER, grantOption:true)]}, groupPrivileges:null, rolePrivileges:null), temporary:false, catName:hive, ownerType:USER)	
2024-04-24T11:27:31,772  INFO [main] utils.FileUtils: Creating directory if it doesn't exist: file:/home/alex/Repositories/hive/hcatalog/hcatalog-pig-adapter/build/test/data/org.apache.hive.hcatalog.mapreduce.HCatBaseTest-1713983215978/warehouse/junit_unparted_complex
2024-04-24T11:27:31,793  INFO [main] metadata.Hive: Dumping metastore api call timing information for : execution phase
2024-04-24T11:27:31,793  INFO [main] metadata.Hive: Total time spent in each metastore function (ms): {isCompatibleWith_(Configuration)=0, createTable_(Table)=28}
2024-04-24T11:27:31,794  INFO [main] ql.Driver: Completed executing command(queryId=alex_20240424112731_85129044-0847-4ad2-ae27-81cba20e5936); Time taken: 0.029 seconds
2024-04-24T11:27:31,794  INFO [main] ql.Driver: Compiling command(queryId=alex_20240424112731_85129044-0847-4ad2-ae27-81cba20e5936): use default
2024-04-24T11:27:31,795  INFO [main] HiveMetaStore.audit: ugi=alex	ip=unknown-ip-addr	cmd=get_database: default	
2024-04-24T11:27:31,796  INFO [main] ql.Driver: Semantic Analysis Completed (retrial = false)
2024-04-24T11:27:31,797  INFO [main] ql.Driver: Created Hive schema: Schema(fieldSchemas:null, properties:null)
2024-04-24T11:27:31,797  INFO [main] metadata.Hive: Dumping metastore api call timing information for : compilation phase
2024-04-24T11:27:31,797  INFO [main] metadata.Hive: Total time spent in each metastore function (ms): {getDatabase_(String)=1, isCompatibleWith_(Configuration)=0, flushCache_()=1}
2024-04-24T11:27:31,797  INFO [main] ql.Driver: Completed compiling command(queryId=alex_20240424112731_85129044-0847-4ad2-ae27-81cba20e5936); Time taken: 0.003 seconds
2024-04-24T11:27:31,797  INFO [main] reexec.ReExecDriver: Execution #1 of query
2024-04-24T11:27:31,797  INFO [main] ql.Driver: Concurrency mode is disabled, not creating a lock manager
2024-04-24T11:27:31,797  INFO [main] ql.Driver: Executing command(queryId=alex_20240424112731_85129044-0847-4ad2-ae27-81cba20e5936): use default
2024-04-24T11:27:31,797  INFO [main] ql.Driver: Starting task [Stage-0:DDL] in serial mode
2024-04-24T11:27:31,798  INFO [main] HiveMetaStore.audit: ugi=alex	ip=unknown-ip-addr	cmd=get_database: default	
2024-04-24T11:27:31,800  INFO [main] HiveMetaStore.audit: ugi=alex	ip=unknown-ip-addr	cmd=get_database: default	
2024-04-24T11:27:31,802  INFO [main] metadata.Hive: Dumping metastore api call timing information for : execution phase
2024-04-24T11:27:31,802  INFO [main] metadata.Hive: Total time spent in each metastore function (ms): {isCompatibleWith_(Configuration)=0, getDatabase_(String)=4}
2024-04-24T11:27:31,802  INFO [main] ql.Driver: Completed executing command(queryId=alex_20240424112731_85129044-0847-4ad2-ae27-81cba20e5936); Time taken: 0.005 seconds
2024-04-24T11:27:31,803  INFO [main] ql.Driver: Compiling command(queryId=alex_20240424112731_85129044-0847-4ad2-ae27-81cba20e5936): create table junit_parted_basic(a int, b string) partitioned by (bkt string) stored as RCFILE TBLPROPERTIES ('transactional'='false')
2024-04-24T11:27:31,803  INFO [main] parse.CalcitePlanner: Starting caching scope for: alex_20240424112731_85129044-0847-4ad2-ae27-81cba20e5936
2024-04-24T11:27:31,804  INFO [main] parse.CalcitePlanner: Starting Semantic Analysis
2024-04-24T11:27:31,804  INFO [main] parse.CalcitePlanner: Creating table default.junit_parted_basic position=13
2024-04-24T11:27:31,804  INFO [main] HiveMetaStore.audit: ugi=alex	ip=unknown-ip-addr	cmd=get_database: default	
2024-04-24T11:27:31,806  INFO [main] parse.CalcitePlanner: Ending caching scope for: alex_20240424112731_85129044-0847-4ad2-ae27-81cba20e5936
2024-04-24T11:27:31,806  INFO [main] ql.Driver: Semantic Analysis Completed (retrial = false)
2024-04-24T11:27:31,806  INFO [main] ql.Driver: Created Hive schema: Schema(fieldSchemas:null, properties:null)
2024-04-24T11:27:31,806  INFO [main] metadata.Hive: Dumping metastore api call timing information for : compilation phase
2024-04-24T11:27:31,806  INFO [main] metadata.Hive: Total time spent in each metastore function (ms): {isCompatibleWith_(Configuration)=0, getDatabase_(String)=2, flushCache_()=0}
2024-04-24T11:27:31,806  INFO [main] ql.Driver: Completed compiling command(queryId=alex_20240424112731_85129044-0847-4ad2-ae27-81cba20e5936); Time taken: 0.003 seconds
2024-04-24T11:27:31,807  INFO [main] reexec.ReExecDriver: Execution #1 of query
2024-04-24T11:27:31,807  INFO [main] ql.Driver: Concurrency mode is disabled, not creating a lock manager
2024-04-24T11:27:31,807  INFO [main] ql.Driver: Executing command(queryId=alex_20240424112731_85129044-0847-4ad2-ae27-81cba20e5936): create table junit_parted_basic(a int, b string) partitioned by (bkt string) stored as RCFILE TBLPROPERTIES ('transactional'='false')
2024-04-24T11:27:31,807  INFO [main] ql.Driver: Starting task [Stage-0:DDL] in serial mode
2024-04-24T11:27:31,809  INFO [main] HiveMetaStore.audit: ugi=alex	ip=unknown-ip-addr	cmd=create_table_req: Table(tableName:junit_parted_basic, dbName:default, owner:alex, createTime:1713983251, lastAccessTime:0, retention:0, sd:StorageDescriptor(cols:[FieldSchema(name:a, type:int, comment:null), FieldSchema(name:b, type:string, comment:null)], location:null, inputFormat:org.apache.hadoop.hive.ql.io.RCFileInputFormat, outputFormat:org.apache.hadoop.hive.ql.io.RCFileOutputFormat, compressed:false, numBuckets:-1, serdeInfo:SerDeInfo(name:null, serializationLib:org.apache.hadoop.hive.serde2.columnar.ColumnarSerDe, parameters:{serialization.format=1}), bucketCols:[], sortCols:[], parameters:{}, skewedInfo:SkewedInfo(skewedColNames:[], skewedColValues:[], skewedColValueLocationMaps:{}), storedAsSubDirectories:false), partitionKeys:[FieldSchema(name:bkt, type:string, comment:null)], parameters:{transactional=false, bucketing_version=2}, viewOriginalText:null, viewExpandedText:null, tableType:MANAGED_TABLE, privileges:PrincipalPrivilegeSet(userPrivileges:{alex=[PrivilegeGrantInfo(privilege:INSERT, createTime:-1, grantor:alex, grantorType:USER, grantOption:true), PrivilegeGrantInfo(privilege:SELECT, createTime:-1, grantor:alex, grantorType:USER, grantOption:true), PrivilegeGrantInfo(privilege:UPDATE, createTime:-1, grantor:alex, grantorType:USER, grantOption:true), PrivilegeGrantInfo(privilege:DELETE, createTime:-1, grantor:alex, grantorType:USER, grantOption:true)]}, groupPrivileges:null, rolePrivileges:null), temporary:false, catName:hive, ownerType:USER)	
2024-04-24T11:27:31,816  INFO [main] utils.FileUtils: Creating directory if it doesn't exist: file:/home/alex/Repositories/hive/hcatalog/hcatalog-pig-adapter/build/test/data/org.apache.hive.hcatalog.mapreduce.HCatBaseTest-1713983215978/warehouse/junit_parted_basic
2024-04-24T11:27:31,833  INFO [main] metadata.Hive: Dumping metastore api call timing information for : execution phase
2024-04-24T11:27:31,833  INFO [main] metadata.Hive: Total time spent in each metastore function (ms): {createTable_(Table)=25, isCompatibleWith_(Configuration)=0}
2024-04-24T11:27:31,834  INFO [main] ql.Driver: Completed executing command(queryId=alex_20240424112731_85129044-0847-4ad2-ae27-81cba20e5936); Time taken: 0.026 seconds
2024-04-24T11:27:31,834  INFO [main] ql.Driver: Compiling command(queryId=alex_20240424112731_85129044-0847-4ad2-ae27-81cba20e5936): use default
2024-04-24T11:27:31,835  INFO [main] HiveMetaStore.audit: ugi=alex	ip=unknown-ip-addr	cmd=get_database: default	
2024-04-24T11:27:31,837  INFO [main] ql.Driver: Semantic Analysis Completed (retrial = false)
2024-04-24T11:27:31,837  INFO [main] ql.Driver: Created Hive schema: Schema(fieldSchemas:null, properties:null)
2024-04-24T11:27:31,837  INFO [main] metadata.Hive: Dumping metastore api call timing information for : compilation phase
2024-04-24T11:27:31,837  INFO [main] metadata.Hive: Total time spent in each metastore function (ms): {flushCache_()=0, isCompatibleWith_(Configuration)=0, getDatabase_(String)=2}
2024-04-24T11:27:31,837  INFO [main] ql.Driver: Completed compiling command(queryId=alex_20240424112731_85129044-0847-4ad2-ae27-81cba20e5936); Time taken: 0.003 seconds
2024-04-24T11:27:31,838  INFO [main] reexec.ReExecDriver: Execution #1 of query
2024-04-24T11:27:31,838  INFO [main] ql.Driver: Concurrency mode is disabled, not creating a lock manager
2024-04-24T11:27:31,838  INFO [main] ql.Driver: Executing command(queryId=alex_20240424112731_85129044-0847-4ad2-ae27-81cba20e5936): use default
2024-04-24T11:27:31,838  INFO [main] ql.Driver: Starting task [Stage-0:DDL] in serial mode
2024-04-24T11:27:31,838  INFO [main] HiveMetaStore.audit: ugi=alex	ip=unknown-ip-addr	cmd=get_database: default	
2024-04-24T11:27:31,840  INFO [main] HiveMetaStore.audit: ugi=alex	ip=unknown-ip-addr	cmd=get_database: default	
2024-04-24T11:27:31,842  INFO [main] metadata.Hive: Dumping metastore api call timing information for : execution phase
2024-04-24T11:27:31,842  INFO [main] metadata.Hive: Total time spent in each metastore function (ms): {getDatabase_(String)=4, isCompatibleWith_(Configuration)=0}
2024-04-24T11:27:31,843  INFO [main] ql.Driver: Completed executing command(queryId=alex_20240424112731_85129044-0847-4ad2-ae27-81cba20e5936); Time taken: 0.004 seconds
2024-04-24T11:27:31,843  INFO [main] ql.Driver: Compiling command(queryId=alex_20240424112731_85129044-0847-4ad2-ae27-81cba20e5936): create table junit_specific_size(a int, b string) stored as RCFILE TBLPROPERTIES ('transactional'='false')
2024-04-24T11:27:31,844  INFO [main] parse.CalcitePlanner: Starting caching scope for: alex_20240424112731_85129044-0847-4ad2-ae27-81cba20e5936
2024-04-24T11:27:31,844  INFO [main] parse.CalcitePlanner: Starting Semantic Analysis
2024-04-24T11:27:31,844  INFO [main] parse.CalcitePlanner: Creating table default.junit_specific_size position=13
2024-04-24T11:27:31,844  INFO [main] HiveMetaStore.audit: ugi=alex	ip=unknown-ip-addr	cmd=get_database: default	
2024-04-24T11:27:31,846  INFO [main] parse.CalcitePlanner: Ending caching scope for: alex_20240424112731_85129044-0847-4ad2-ae27-81cba20e5936
2024-04-24T11:27:31,846  INFO [main] ql.Driver: Semantic Analysis Completed (retrial = false)
2024-04-24T11:27:31,846  INFO [main] ql.Driver: Created Hive schema: Schema(fieldSchemas:null, properties:null)
2024-04-24T11:27:31,846  INFO [main] metadata.Hive: Dumping metastore api call timing information for : compilation phase
2024-04-24T11:27:31,846  INFO [main] metadata.Hive: Total time spent in each metastore function (ms): {isCompatibleWith_(Configuration)=0, flushCache_()=1, getDatabase_(String)=2}
2024-04-24T11:27:31,847  INFO [main] ql.Driver: Completed compiling command(queryId=alex_20240424112731_85129044-0847-4ad2-ae27-81cba20e5936); Time taken: 0.003 seconds
2024-04-24T11:27:31,847  INFO [main] reexec.ReExecDriver: Execution #1 of query
2024-04-24T11:27:31,847  INFO [main] ql.Driver: Concurrency mode is disabled, not creating a lock manager
2024-04-24T11:27:31,847  INFO [main] ql.Driver: Executing command(queryId=alex_20240424112731_85129044-0847-4ad2-ae27-81cba20e5936): create table junit_specific_size(a int, b string) stored as RCFILE TBLPROPERTIES ('transactional'='false')
2024-04-24T11:27:31,847  INFO [main] ql.Driver: Starting task [Stage-0:DDL] in serial mode
2024-04-24T11:27:31,848  INFO [main] HiveMetaStore.audit: ugi=alex	ip=unknown-ip-addr	cmd=create_table_req: Table(tableName:junit_specific_size, dbName:default, owner:alex, createTime:1713983251, lastAccessTime:0, retention:0, sd:StorageDescriptor(cols:[FieldSchema(name:a, type:int, comment:null), FieldSchema(name:b, type:string, comment:null)], location:null, inputFormat:org.apache.hadoop.hive.ql.io.RCFileInputFormat, outputFormat:org.apache.hadoop.hive.ql.io.RCFileOutputFormat, compressed:false, numBuckets:-1, serdeInfo:SerDeInfo(name:null, serializationLib:org.apache.hadoop.hive.serde2.columnar.ColumnarSerDe, parameters:{serialization.format=1}), bucketCols:[], sortCols:[], parameters:{}, skewedInfo:SkewedInfo(skewedColNames:[], skewedColValues:[], skewedColValueLocationMaps:{}), storedAsSubDirectories:false), partitionKeys:[], parameters:{COLUMN_STATS_ACCURATE={"BASIC_STATS":"true","COLUMN_STATS":{"a":"true","b":"true"}}, numRows=0, numFiles=0, rawDataSize=0, numFilesErasureCoded=0, totalSize=0, transactional=false, bucketing_version=2}, viewOriginalText:null, viewExpandedText:null, tableType:MANAGED_TABLE, privileges:PrincipalPrivilegeSet(userPrivileges:{alex=[PrivilegeGrantInfo(privilege:INSERT, createTime:-1, grantor:alex, grantorType:USER, grantOption:true), PrivilegeGrantInfo(privilege:SELECT, createTime:-1, grantor:alex, grantorType:USER, grantOption:true), PrivilegeGrantInfo(privilege:UPDATE, createTime:-1, grantor:alex, grantorType:USER, grantOption:true), PrivilegeGrantInfo(privilege:DELETE, createTime:-1, grantor:alex, grantorType:USER, grantOption:true)]}, groupPrivileges:null, rolePrivileges:null), temporary:false, catName:hive, ownerType:USER)	
2024-04-24T11:27:31,855  INFO [main] utils.FileUtils: Creating directory if it doesn't exist: file:/home/alex/Repositories/hive/hcatalog/hcatalog-pig-adapter/build/test/data/org.apache.hive.hcatalog.mapreduce.HCatBaseTest-1713983215978/warehouse/junit_specific_size
2024-04-24T11:27:31,874  INFO [main] metadata.Hive: Dumping metastore api call timing information for : execution phase
2024-04-24T11:27:31,874  INFO [main] metadata.Hive: Total time spent in each metastore function (ms): {isCompatibleWith_(Configuration)=0, createTable_(Table)=26}
2024-04-24T11:27:31,875  INFO [main] ql.Driver: Completed executing command(queryId=alex_20240424112731_85129044-0847-4ad2-ae27-81cba20e5936); Time taken: 0.027 seconds
2024-04-24T11:27:31,875  INFO [main] ql.Driver: Compiling command(queryId=alex_20240424112731_85129044-0847-4ad2-ae27-81cba20e5936): create database if not exists junit_specific_db
2024-04-24T11:27:31,876  INFO [main] ql.Driver: Semantic Analysis Completed (retrial = false)
2024-04-24T11:27:31,876  INFO [main] ql.Driver: Created Hive schema: Schema(fieldSchemas:null, properties:null)
2024-04-24T11:27:31,876  INFO [main] metadata.Hive: Dumping metastore api call timing information for : compilation phase
2024-04-24T11:27:31,876  INFO [main] metadata.Hive: Total time spent in each metastore function (ms): {flushCache_()=0, isCompatibleWith_(Configuration)=0}
2024-04-24T11:27:31,876  INFO [main] ql.Driver: Completed compiling command(queryId=alex_20240424112731_85129044-0847-4ad2-ae27-81cba20e5936); Time taken: 0.001 seconds
2024-04-24T11:27:31,876  INFO [main] reexec.ReExecDriver: Execution #1 of query
2024-04-24T11:27:31,876  INFO [main] ql.Driver: Concurrency mode is disabled, not creating a lock manager
2024-04-24T11:27:31,876  INFO [main] ql.Driver: Executing command(queryId=alex_20240424112731_85129044-0847-4ad2-ae27-81cba20e5936): create database if not exists junit_specific_db
2024-04-24T11:27:31,876  INFO [main] ql.Driver: Starting task [Stage-0:DDL] in serial mode
2024-04-24T11:27:31,876  WARN [main] exec.DDLTask: metastore.warehouse.external.dir is not set, falling back to metastore.warehouse.dir. This could cause external tables to use to managed tablespace.
2024-04-24T11:27:31,877  INFO [main] HiveMetaStore.audit: ugi=alex	ip=unknown-ip-addr	cmd=create_database: Database(name:junit_specific_db, description:null, locationUri:file:/home/alex/Repositories/hive/hcatalog/hcatalog-pig-adapter/build/test/data/org.apache.hive.hcatalog.mapreduce.HCatBaseTest-1713983215978/warehouse/junit_specific_db.db, parameters:null, ownerName:alex, ownerType:USER, catalogName:hive, type:NATIVE)	
2024-04-24T11:27:31,882  INFO [main] metastore.HMSHandler: Creating database path in external directory file:/home/alex/Repositories/hive/hcatalog/hcatalog-pig-adapter/build/test/data/org.apache.hive.hcatalog.mapreduce.HCatBaseTest-1713983215978/warehouse/junit_specific_db.db
2024-04-24T11:27:31,882  INFO [main] utils.FileUtils: Creating directory if it doesn't exist: file:/home/alex/Repositories/hive/hcatalog/hcatalog-pig-adapter/build/test/data/org.apache.hive.hcatalog.mapreduce.HCatBaseTest-1713983215978/warehouse/junit_specific_db.db
2024-04-24T11:27:31,885  INFO [main] metastore.HMSHandler: Created database path in external directory file:/home/alex/Repositories/hive/hcatalog/hcatalog-pig-adapter/build/test/data/org.apache.hive.hcatalog.mapreduce.HCatBaseTest-1713983215978/warehouse/junit_specific_db.db
2024-04-24T11:27:31,888  INFO [main] metadata.Hive: Dumping metastore api call timing information for : execution phase
2024-04-24T11:27:31,888  INFO [main] metadata.Hive: Total time spent in each metastore function (ms): {isCompatibleWith_(Configuration)=0, createDatabase_(Database)=11}
2024-04-24T11:27:31,889  INFO [main] ql.Driver: Completed executing command(queryId=alex_20240424112731_85129044-0847-4ad2-ae27-81cba20e5936); Time taken: 0.012 seconds
2024-04-24T11:27:31,889  INFO [main] ql.Driver: Compiling command(queryId=alex_20240424112731_85129044-0847-4ad2-ae27-81cba20e5936): use junit_specific_db
2024-04-24T11:27:31,890  INFO [main] HiveMetaStore.audit: ugi=alex	ip=unknown-ip-addr	cmd=get_database: junit_specific_db	
2024-04-24T11:27:31,891  INFO [main] ql.Driver: Semantic Analysis Completed (retrial = false)
2024-04-24T11:27:31,891  INFO [main] ql.Driver: Created Hive schema: Schema(fieldSchemas:null, properties:null)
2024-04-24T11:27:31,891  INFO [main] metadata.Hive: Dumping metastore api call timing information for : compilation phase
2024-04-24T11:27:31,892  INFO [main] metadata.Hive: Total time spent in each metastore function (ms): {flushCache_()=0, getDatabase_(String)=2, isCompatibleWith_(Configuration)=0}
2024-04-24T11:27:31,892  INFO [main] ql.Driver: Completed compiling command(queryId=alex_20240424112731_85129044-0847-4ad2-ae27-81cba20e5936); Time taken: 0.002 seconds
2024-04-24T11:27:31,892  INFO [main] reexec.ReExecDriver: Execution #1 of query
2024-04-24T11:27:31,892  INFO [main] ql.Driver: Concurrency mode is disabled, not creating a lock manager
2024-04-24T11:27:31,892  INFO [main] ql.Driver: Executing command(queryId=alex_20240424112731_85129044-0847-4ad2-ae27-81cba20e5936): use junit_specific_db
2024-04-24T11:27:31,892  INFO [main] ql.Driver: Starting task [Stage-0:DDL] in serial mode
2024-04-24T11:27:31,893  INFO [main] HiveMetaStore.audit: ugi=alex	ip=unknown-ip-addr	cmd=get_database: junit_specific_db	
2024-04-24T11:27:31,894  INFO [main] HiveMetaStore.audit: ugi=alex	ip=unknown-ip-addr	cmd=get_database: junit_specific_db	
2024-04-24T11:27:31,896  INFO [main] metadata.Hive: Dumping metastore api call timing information for : execution phase
2024-04-24T11:27:31,896  INFO [main] metadata.Hive: Total time spent in each metastore function (ms): {isCompatibleWith_(Configuration)=1, getDatabase_(String)=3}
2024-04-24T11:27:31,896  INFO [main] ql.Driver: Completed executing command(queryId=alex_20240424112731_85129044-0847-4ad2-ae27-81cba20e5936); Time taken: 0.004 seconds
2024-04-24T11:27:31,897  INFO [main] ql.Driver: Compiling command(queryId=alex_20240424112731_85129044-0847-4ad2-ae27-81cba20e5936): create table junit_specific_size2(a int, b string) stored as RCFILE TBLPROPERTIES ('transactional'='false')
2024-04-24T11:27:31,897  INFO [main] parse.CalcitePlanner: Starting caching scope for: alex_20240424112731_85129044-0847-4ad2-ae27-81cba20e5936
2024-04-24T11:27:31,897  INFO [main] parse.CalcitePlanner: Starting Semantic Analysis
2024-04-24T11:27:31,898  INFO [main] parse.CalcitePlanner: Creating table junit_specific_db.junit_specific_size2 position=13
2024-04-24T11:27:31,898  INFO [main] HiveMetaStore.audit: ugi=alex	ip=unknown-ip-addr	cmd=get_database: junit_specific_db	
2024-04-24T11:27:31,900  INFO [main] parse.CalcitePlanner: Ending caching scope for: alex_20240424112731_85129044-0847-4ad2-ae27-81cba20e5936
2024-04-24T11:27:31,900  INFO [main] ql.Driver: Semantic Analysis Completed (retrial = false)
2024-04-24T11:27:31,900  INFO [main] ql.Driver: Created Hive schema: Schema(fieldSchemas:null, properties:null)
2024-04-24T11:27:31,900  INFO [main] metadata.Hive: Dumping metastore api call timing information for : compilation phase
2024-04-24T11:27:31,900  INFO [main] metadata.Hive: Total time spent in each metastore function (ms): {isCompatibleWith_(Configuration)=0, getDatabase_(String)=2, flushCache_()=0}
2024-04-24T11:27:31,900  INFO [main] ql.Driver: Completed compiling command(queryId=alex_20240424112731_85129044-0847-4ad2-ae27-81cba20e5936); Time taken: 0.003 seconds
2024-04-24T11:27:31,900  INFO [main] reexec.ReExecDriver: Execution #1 of query
2024-04-24T11:27:31,900  INFO [main] ql.Driver: Concurrency mode is disabled, not creating a lock manager
2024-04-24T11:27:31,901  INFO [main] ql.Driver: Executing command(queryId=alex_20240424112731_85129044-0847-4ad2-ae27-81cba20e5936): create table junit_specific_size2(a int, b string) stored as RCFILE TBLPROPERTIES ('transactional'='false')
2024-04-24T11:27:31,901  INFO [main] ql.Driver: Starting task [Stage-0:DDL] in serial mode
2024-04-24T11:27:31,902  INFO [main] HiveMetaStore.audit: ugi=alex	ip=unknown-ip-addr	cmd=create_table_req: Table(tableName:junit_specific_size2, dbName:junit_specific_db, owner:alex, createTime:1713983251, lastAccessTime:0, retention:0, sd:StorageDescriptor(cols:[FieldSchema(name:a, type:int, comment:null), FieldSchema(name:b, type:string, comment:null)], location:null, inputFormat:org.apache.hadoop.hive.ql.io.RCFileInputFormat, outputFormat:org.apache.hadoop.hive.ql.io.RCFileOutputFormat, compressed:false, numBuckets:-1, serdeInfo:SerDeInfo(name:null, serializationLib:org.apache.hadoop.hive.serde2.columnar.ColumnarSerDe, parameters:{serialization.format=1}), bucketCols:[], sortCols:[], parameters:{}, skewedInfo:SkewedInfo(skewedColNames:[], skewedColValues:[], skewedColValueLocationMaps:{}), storedAsSubDirectories:false), partitionKeys:[], parameters:{transactional=false, numFilesErasureCoded=0, numRows=0, bucketing_version=2, COLUMN_STATS_ACCURATE={"BASIC_STATS":"true","COLUMN_STATS":{"a":"true","b":"true"}}, totalSize=0, numFiles=0, rawDataSize=0}, viewOriginalText:null, viewExpandedText:null, tableType:MANAGED_TABLE, privileges:PrincipalPrivilegeSet(userPrivileges:{alex=[PrivilegeGrantInfo(privilege:INSERT, createTime:-1, grantor:alex, grantorType:USER, grantOption:true), PrivilegeGrantInfo(privilege:SELECT, createTime:-1, grantor:alex, grantorType:USER, grantOption:true), PrivilegeGrantInfo(privilege:UPDATE, createTime:-1, grantor:alex, grantorType:USER, grantOption:true), PrivilegeGrantInfo(privilege:DELETE, createTime:-1, grantor:alex, grantorType:USER, grantOption:true)]}, groupPrivileges:null, rolePrivileges:null), temporary:false, catName:hive, ownerType:USER)	
2024-04-24T11:27:31,908  INFO [main] utils.FileUtils: Creating directory if it doesn't exist: file:/home/alex/Repositories/hive/hcatalog/hcatalog-pig-adapter/build/test/data/org.apache.hive.hcatalog.mapreduce.HCatBaseTest-1713983215978/warehouse/junit_specific_db.db/junit_specific_size2
2024-04-24T11:27:31,926  INFO [main] metadata.Hive: Dumping metastore api call timing information for : execution phase
2024-04-24T11:27:31,926  INFO [main] metadata.Hive: Total time spent in each metastore function (ms): {createTable_(Table)=24, isCompatibleWith_(Configuration)=0}
2024-04-24T11:27:31,927  INFO [main] ql.Driver: Completed executing command(queryId=alex_20240424112731_85129044-0847-4ad2-ae27-81cba20e5936); Time taken: 0.025 seconds
2024-04-24T11:27:31,927  INFO [main] ql.Driver: Compiling command(queryId=alex_20240424112731_85129044-0847-4ad2-ae27-81cba20e5936): use default
2024-04-24T11:27:31,928  INFO [main] HiveMetaStore.audit: ugi=alex	ip=unknown-ip-addr	cmd=get_database: default	
2024-04-24T11:27:31,930  INFO [main] ql.Driver: Semantic Analysis Completed (retrial = false)
2024-04-24T11:27:31,930  INFO [main] ql.Driver: Created Hive schema: Schema(fieldSchemas:null, properties:null)
2024-04-24T11:27:31,930  INFO [main] metadata.Hive: Dumping metastore api call timing information for : compilation phase
2024-04-24T11:27:31,930  INFO [main] metadata.Hive: Total time spent in each metastore function (ms): {flushCache_()=0, isCompatibleWith_(Configuration)=0, getDatabase_(String)=2}
2024-04-24T11:27:31,930  INFO [main] ql.Driver: Completed compiling command(queryId=alex_20240424112731_85129044-0847-4ad2-ae27-81cba20e5936); Time taken: 0.003 seconds
2024-04-24T11:27:31,930  INFO [main] reexec.ReExecDriver: Execution #1 of query
2024-04-24T11:27:31,930  INFO [main] ql.Driver: Concurrency mode is disabled, not creating a lock manager
2024-04-24T11:27:31,930  INFO [main] ql.Driver: Executing command(queryId=alex_20240424112731_85129044-0847-4ad2-ae27-81cba20e5936): use default
2024-04-24T11:27:31,931  INFO [main] ql.Driver: Starting task [Stage-0:DDL] in serial mode
2024-04-24T11:27:31,931  INFO [main] HiveMetaStore.audit: ugi=alex	ip=unknown-ip-addr	cmd=get_database: default	
2024-04-24T11:27:31,933  INFO [main] HiveMetaStore.audit: ugi=alex	ip=unknown-ip-addr	cmd=get_database: default	
2024-04-24T11:27:31,935  INFO [main] metadata.Hive: Dumping metastore api call timing information for : execution phase
2024-04-24T11:27:31,935  INFO [main] metadata.Hive: Total time spent in each metastore function (ms): {getDatabase_(String)=4, isCompatibleWith_(Configuration)=0}
2024-04-24T11:27:31,935  INFO [main] ql.Driver: Completed executing command(queryId=alex_20240424112731_85129044-0847-4ad2-ae27-81cba20e5936); Time taken: 0.005 seconds
2024-04-24T11:27:31,935  INFO [main] ql.Driver: Compiling command(queryId=alex_20240424112731_85129044-0847-4ad2-ae27-81cba20e5936): create table junit_parted_date(b string) partitioned by (dt date) stored as RCFILE TBLPROPERTIES ('transactional'='false')
2024-04-24T11:27:31,936  INFO [main] parse.CalcitePlanner: Starting caching scope for: alex_20240424112731_85129044-0847-4ad2-ae27-81cba20e5936
2024-04-24T11:27:31,936  INFO [main] parse.CalcitePlanner: Starting Semantic Analysis
2024-04-24T11:27:31,936  INFO [main] parse.CalcitePlanner: Creating table default.junit_parted_date position=13
2024-04-24T11:27:31,936  INFO [main] HiveMetaStore.audit: ugi=alex	ip=unknown-ip-addr	cmd=get_database: default	
2024-04-24T11:27:31,938  INFO [main] parse.CalcitePlanner: Ending caching scope for: alex_20240424112731_85129044-0847-4ad2-ae27-81cba20e5936
2024-04-24T11:27:31,938  INFO [main] ql.Driver: Semantic Analysis Completed (retrial = false)
2024-04-24T11:27:31,938  INFO [main] ql.Driver: Created Hive schema: Schema(fieldSchemas:null, properties:null)
2024-04-24T11:27:31,938  INFO [main] metadata.Hive: Dumping metastore api call timing information for : compilation phase
2024-04-24T11:27:31,938  INFO [main] metadata.Hive: Total time spent in each metastore function (ms): {flushCache_()=0, getDatabase_(String)=2, isCompatibleWith_(Configuration)=0}
2024-04-24T11:27:31,939  INFO [main] ql.Driver: Completed compiling command(queryId=alex_20240424112731_85129044-0847-4ad2-ae27-81cba20e5936); Time taken: 0.003 seconds
2024-04-24T11:27:31,939  INFO [main] reexec.ReExecDriver: Execution #1 of query
2024-04-24T11:27:31,939  INFO [main] ql.Driver: Concurrency mode is disabled, not creating a lock manager
2024-04-24T11:27:31,939  INFO [main] ql.Driver: Executing command(queryId=alex_20240424112731_85129044-0847-4ad2-ae27-81cba20e5936): create table junit_parted_date(b string) partitioned by (dt date) stored as RCFILE TBLPROPERTIES ('transactional'='false')
2024-04-24T11:27:31,939  INFO [main] ql.Driver: Starting task [Stage-0:DDL] in serial mode
2024-04-24T11:27:31,940  INFO [main] HiveMetaStore.audit: ugi=alex	ip=unknown-ip-addr	cmd=create_table_req: Table(tableName:junit_parted_date, dbName:default, owner:alex, createTime:1713983251, lastAccessTime:0, retention:0, sd:StorageDescriptor(cols:[FieldSchema(name:b, type:string, comment:null)], location:null, inputFormat:org.apache.hadoop.hive.ql.io.RCFileInputFormat, outputFormat:org.apache.hadoop.hive.ql.io.RCFileOutputFormat, compressed:false, numBuckets:-1, serdeInfo:SerDeInfo(name:null, serializationLib:org.apache.hadoop.hive.serde2.columnar.ColumnarSerDe, parameters:{serialization.format=1}), bucketCols:[], sortCols:[], parameters:{}, skewedInfo:SkewedInfo(skewedColNames:[], skewedColValues:[], skewedColValueLocationMaps:{}), storedAsSubDirectories:false), partitionKeys:[FieldSchema(name:dt, type:date, comment:null)], parameters:{transactional=false, bucketing_version=2}, viewOriginalText:null, viewExpandedText:null, tableType:MANAGED_TABLE, privileges:PrincipalPrivilegeSet(userPrivileges:{alex=[PrivilegeGrantInfo(privilege:INSERT, createTime:-1, grantor:alex, grantorType:USER, grantOption:true), PrivilegeGrantInfo(privilege:SELECT, createTime:-1, grantor:alex, grantorType:USER, grantOption:true), PrivilegeGrantInfo(privilege:UPDATE, createTime:-1, grantor:alex, grantorType:USER, grantOption:true), PrivilegeGrantInfo(privilege:DELETE, createTime:-1, grantor:alex, grantorType:USER, grantOption:true)]}, groupPrivileges:null, rolePrivileges:null), temporary:false, catName:hive, ownerType:USER)	
2024-04-24T11:27:31,947  INFO [main] utils.FileUtils: Creating directory if it doesn't exist: file:/home/alex/Repositories/hive/hcatalog/hcatalog-pig-adapter/build/test/data/org.apache.hive.hcatalog.mapreduce.HCatBaseTest-1713983215978/warehouse/junit_parted_date
2024-04-24T11:27:31,962  INFO [main] metadata.Hive: Dumping metastore api call timing information for : execution phase
2024-04-24T11:27:31,962  INFO [main] metadata.Hive: Total time spent in each metastore function (ms): {createTable_(Table)=22, isCompatibleWith_(Configuration)=0}
2024-04-24T11:27:31,963  INFO [main] ql.Driver: Completed executing command(queryId=alex_20240424112731_85129044-0847-4ad2-ae27-81cba20e5936); Time taken: 0.023 seconds
2024-04-24T11:27:31,964  INFO [main] ql.Driver: Compiling command(queryId=alex_20240424112731_85129044-0847-4ad2-ae27-81cba20e5936): create table junit_unparted_alltypes( c_boolean boolean, c_tinyint tinyint, c_smallint smallint, c_int int, c_bigint bigint, c_float float, c_double double, c_decimal decimal(5,2), c_string string, c_char char(10), c_varchar varchar(20), c_binary binary, c_date date, c_timestamp timestamp)ROW FORMAT DELIMITED FIELDS TERMINATED BY '	' STORED AS TEXTFILE
2024-04-24T11:27:31,965  INFO [main] parse.CalcitePlanner: Starting caching scope for: alex_20240424112731_85129044-0847-4ad2-ae27-81cba20e5936
2024-04-24T11:27:31,965  INFO [main] parse.CalcitePlanner: Starting Semantic Analysis
2024-04-24T11:27:31,965  INFO [main] parse.CalcitePlanner: Creating table default.junit_unparted_alltypes position=13
2024-04-24T11:27:31,965  INFO [main] HiveMetaStore.audit: ugi=alex	ip=unknown-ip-addr	cmd=get_database: default	
2024-04-24T11:27:31,967  INFO [main] parse.CalcitePlanner: Ending caching scope for: alex_20240424112731_85129044-0847-4ad2-ae27-81cba20e5936
2024-04-24T11:27:31,967  INFO [main] ql.Driver: Semantic Analysis Completed (retrial = false)
2024-04-24T11:27:31,967  INFO [main] ql.Driver: Created Hive schema: Schema(fieldSchemas:null, properties:null)
2024-04-24T11:27:31,967  INFO [main] metadata.Hive: Dumping metastore api call timing information for : compilation phase
2024-04-24T11:27:31,967  INFO [main] metadata.Hive: Total time spent in each metastore function (ms): {getDatabase_(String)=2, flushCache_()=0, isCompatibleWith_(Configuration)=0}
2024-04-24T11:27:31,968  INFO [main] ql.Driver: Completed compiling command(queryId=alex_20240424112731_85129044-0847-4ad2-ae27-81cba20e5936); Time taken: 0.003 seconds
2024-04-24T11:27:31,968  INFO [main] reexec.ReExecDriver: Execution #1 of query
2024-04-24T11:27:31,968  INFO [main] ql.Driver: Concurrency mode is disabled, not creating a lock manager
2024-04-24T11:27:31,968  INFO [main] ql.Driver: Executing command(queryId=alex_20240424112731_85129044-0847-4ad2-ae27-81cba20e5936): create table junit_unparted_alltypes( c_boolean boolean, c_tinyint tinyint, c_smallint smallint, c_int int, c_bigint bigint, c_float float, c_double double, c_decimal decimal(5,2), c_string string, c_char char(10), c_varchar varchar(20), c_binary binary, c_date date, c_timestamp timestamp)ROW FORMAT DELIMITED FIELDS TERMINATED BY '	' STORED AS TEXTFILE
2024-04-24T11:27:31,968  INFO [main] ql.Driver: Starting task [Stage-0:DDL] in serial mode
2024-04-24T11:27:31,970  INFO [main] HiveMetaStore.audit: ugi=alex	ip=unknown-ip-addr	cmd=create_table_req: Table(tableName:junit_unparted_alltypes, dbName:default, owner:alex, createTime:1713983251, lastAccessTime:0, retention:0, sd:StorageDescriptor(cols:[FieldSchema(name:c_boolean, type:boolean, comment:null), FieldSchema(name:c_tinyint, type:tinyint, comment:null), FieldSchema(name:c_smallint, type:smallint, comment:null), FieldSchema(name:c_int, type:int, comment:null), FieldSchema(name:c_bigint, type:bigint, comment:null), FieldSchema(name:c_float, type:float, comment:null), FieldSchema(name:c_double, type:double, comment:null), FieldSchema(name:c_decimal, type:decimal(5,2), comment:null), FieldSchema(name:c_string, type:string, comment:null), FieldSchema(name:c_char, type:char(10), comment:null), FieldSchema(name:c_varchar, type:varchar(20), comment:null), FieldSchema(name:c_binary, type:binary, comment:null), FieldSchema(name:c_date, type:date, comment:null), FieldSchema(name:c_timestamp, type:timestamp, comment:null)], location:null, inputFormat:org.apache.hadoop.mapred.TextInputFormat, outputFormat:org.apache.hadoop.hive.ql.io.HiveIgnoreKeyTextOutputFormat, compressed:false, numBuckets:-1, serdeInfo:SerDeInfo(name:null, serializationLib:org.apache.hadoop.hive.serde2.lazy.LazySimpleSerDe, parameters:{serialization.format=	, field.delim=	}), bucketCols:[], sortCols:[], parameters:{}, skewedInfo:SkewedInfo(skewedColNames:[], skewedColValues:[], skewedColValueLocationMaps:{}), storedAsSubDirectories:false), partitionKeys:[], parameters:{numFiles=0, numFilesErasureCoded=0, bucketing_version=2, rawDataSize=0, COLUMN_STATS_ACCURATE={"BASIC_STATS":"true","COLUMN_STATS":{"c_bigint":"true","c_binary":"true","c_boolean":"true","c_char":"true","c_date":"true","c_decimal":"true","c_double":"true","c_float":"true","c_int":"true","c_smallint":"true","c_string":"true","c_timestamp":"true","c_tinyint":"true","c_varchar":"true"}}, totalSize=0, numRows=0}, viewOriginalText:null, viewExpandedText:null, tableType:MANAGED_TABLE, privileges:PrincipalPrivilegeSet(userPrivileges:{alex=[PrivilegeGrantInfo(privilege:INSERT, createTime:-1, grantor:alex, grantorType:USER, grantOption:true), PrivilegeGrantInfo(privilege:SELECT, createTime:-1, grantor:alex, grantorType:USER, grantOption:true), PrivilegeGrantInfo(privilege:UPDATE, createTime:-1, grantor:alex, grantorType:USER, grantOption:true), PrivilegeGrantInfo(privilege:DELETE, createTime:-1, grantor:alex, grantorType:USER, grantOption:true)]}, groupPrivileges:null, rolePrivileges:null), temporary:false, catName:hive, ownerType:USER)	
2024-04-24T11:27:31,976  INFO [main] utils.FileUtils: Creating directory if it doesn't exist: file:/home/alex/Repositories/hive/hcatalog/hcatalog-pig-adapter/build/test/data/org.apache.hive.hcatalog.mapreduce.HCatBaseTest-1713983215978/warehouse/junit_unparted_alltypes
2024-04-24T11:27:32,000  INFO [main] metadata.Hive: Dumping metastore api call timing information for : execution phase
2024-04-24T11:27:32,000  INFO [main] metadata.Hive: Total time spent in each metastore function (ms): {createTable_(Table)=30, isCompatibleWith_(Configuration)=0}
2024-04-24T11:27:32,000  INFO [main] ql.Driver: Completed executing command(queryId=alex_20240424112731_85129044-0847-4ad2-ae27-81cba20e5936); Time taken: 0.032 seconds
2024-04-24T11:27:32,001  INFO [main] ql.Driver: Compiling command(queryId=alex_20240424112731_85129044-0847-4ad2-ae27-81cba20e5936): load data local inpath '/home/alex/Repositories/hive/hcatalog/hcatalog-pig-adapter/build/test/data/org.apache.hive.hcatalog.mapreduce.HCatBaseTest-1713983215978/alltypes.input.data' into table junit_unparted_alltypes
2024-04-24T11:27:32,001  INFO [main] parse.LoadSemanticAnalyzer: Starting caching scope for: alex_20240424112731_85129044-0847-4ad2-ae27-81cba20e5936
2024-04-24T11:27:32,001  INFO [main] HiveMetaStore.audit: ugi=alex	ip=unknown-ip-addr	cmd=get_table : tbl=hive.default.junit_unparted_alltypes	
2024-04-24T11:27:32,013  INFO [main] metastore.HMSHandler: Skipping translation for processor with null
2024-04-24T11:27:32,014  INFO [main] parse.LoadSemanticAnalyzer: Ending caching scope for: alex_20240424112731_85129044-0847-4ad2-ae27-81cba20e5936
2024-04-24T11:27:32,014  INFO [main] ql.Driver: Semantic Analysis Completed (retrial = false)
2024-04-24T11:27:32,015  INFO [main] ql.Driver: Created Hive schema: Schema(fieldSchemas:null, properties:null)
2024-04-24T11:27:32,015  INFO [main] metadata.Hive: Dumping metastore api call timing information for : compilation phase
2024-04-24T11:27:32,015  INFO [main] metadata.Hive: Total time spent in each metastore function (ms): {getTable_(GetTableRequest)=12, isCompatibleWith_(Configuration)=0, flushCache_()=0}
2024-04-24T11:27:32,015  INFO [main] ql.Driver: Completed compiling command(queryId=alex_20240424112731_85129044-0847-4ad2-ae27-81cba20e5936); Time taken: 0.015 seconds
2024-04-24T11:27:32,015  INFO [main] reexec.ReExecDriver: Execution #1 of query
2024-04-24T11:27:32,015  INFO [main] ql.Driver: Concurrency mode is disabled, not creating a lock manager
2024-04-24T11:27:32,015  INFO [main] ql.Driver: Executing command(queryId=alex_20240424112731_85129044-0847-4ad2-ae27-81cba20e5936): load data local inpath '/home/alex/Repositories/hive/hcatalog/hcatalog-pig-adapter/build/test/data/org.apache.hive.hcatalog.mapreduce.HCatBaseTest-1713983215978/alltypes.input.data' into table junit_unparted_alltypes
2024-04-24T11:27:32,016  INFO [main] ql.Driver: Starting task [Stage-0:MOVE] in serial mode
Loading data to table default.junit_unparted_alltypes
2024-04-24T11:27:32,016  INFO [main] exec.Task: Loading data to table default.junit_unparted_alltypes from file:/home/alex/Repositories/hive/hcatalog/hcatalog-pig-adapter/build/test/data/org.apache.hive.hcatalog.mapreduce.HCatBaseTest-1713983215978/alltypes.input.data
2024-04-24T11:27:32,016  INFO [main] HiveMetaStore.audit: ugi=alex	ip=unknown-ip-addr	cmd=get_table : tbl=hive.default.junit_unparted_alltypes	
2024-04-24T11:27:32,027  INFO [main] metastore.HMSHandler: Skipping translation for processor with null
2024-04-24T11:27:32,029  INFO [main] HiveMetaStore.audit: ugi=alex	ip=unknown-ip-addr	cmd=get_table : tbl=hive.default.junit_unparted_alltypes	
2024-04-24T11:27:32,041  INFO [main] metastore.HMSHandler: Skipping translation for processor with null
2024-04-24T11:27:32,048  WARN [main] metadata.Hive: Cannot get a table snapshot for junit_unparted_alltypes
2024-04-24T11:27:32,049  INFO [main] HiveMetaStore.audit: ugi=alex	ip=unknown-ip-addr	cmd=alter_table: hive.default.junit_unparted_alltypes newtbl=junit_unparted_alltypes	
2024-04-24T11:27:32,083  INFO [main] ql.Driver: Starting task [Stage-1:STATS] in serial mode
2024-04-24T11:27:32,083  INFO [main] HiveMetaStore.audit: ugi=alex	ip=unknown-ip-addr	cmd=get_table : tbl=hive.default.junit_unparted_alltypes	
2024-04-24T11:27:32,094  INFO [main] metastore.HMSHandler: Skipping translation for processor with null
2024-04-24T11:27:32,094  INFO [main] stats.BasicStatsTask: Executing stats task
2024-04-24T11:27:32,094  INFO [main] HiveMetaStore.audit: ugi=alex	ip=unknown-ip-addr	cmd=get_table : tbl=hive.default.junit_unparted_alltypes	
2024-04-24T11:27:32,106  INFO [main] metastore.HMSHandler: Skipping translation for processor with null
2024-04-24T11:27:32,107  WARN [main] metadata.Hive: Cannot get a table snapshot for junit_unparted_alltypes
2024-04-24T11:27:32,107  INFO [main] HiveMetaStore.audit: ugi=alex	ip=unknown-ip-addr	cmd=alter_table: hive.default.junit_unparted_alltypes newtbl=junit_unparted_alltypes	
2024-04-24T11:27:32,138  INFO [main] stats.BasicStatsTask: Table default.junit_unparted_alltypes stats: [numFiles=1, numRows=0, totalSize=329, rawDataSize=0, numFilesErasureCoded=0]
2024-04-24T11:27:32,138  INFO [main] metadata.Hive: Dumping metastore api call timing information for : execution phase
2024-04-24T11:27:32,138  INFO [main] metadata.Hive: Total time spent in each metastore function (ms): {isCompatibleWith_(Configuration)=0, alter_table_(String, String, String, Table, EnvironmentContext, String)=66, getTable_(GetTableRequest)=47}
2024-04-24T11:27:32,138  INFO [main] ql.Driver: Completed executing command(queryId=alex_20240424112731_85129044-0847-4ad2-ae27-81cba20e5936); Time taken: 0.123 seconds
2024-04-24T11:27:32,158  INFO [main] executionengine.HExecutionEngine: Connecting to hadoop file system at: file:///
2024-04-24T11:27:32,158  INFO [main] pig.PigServer: Pig Script ID for the session: PIG-default-773f6ce7-6369-4b4e-88ef-689d661eecc4
2024-04-24T11:27:32,371  WARN [main] conf.HiveConf: HiveConf of name hive.llap.io.cache.orc.arena.size does not exist
2024-04-24T11:27:32,371  WARN [main] conf.HiveConf: HiveConf of name hive.dummyparam.test.server.specific.config.hivesite does not exist
2024-04-24T11:27:32,371  WARN [main] conf.HiveConf: HiveConf of name hive.metastore.client.cache.recordStats does not exist
2024-04-24T11:27:32,371  WARN [main] conf.HiveConf: HiveConf of name hive.llap.io.cache.orc.size does not exist
2024-04-24T11:27:32,371  WARN [main] conf.HiveConf: HiveConf of name hive.llap.io.cache.orc.alloc.min does not exist
2024-04-24T11:27:32,371  WARN [main] conf.HiveConf: HiveConf of name hive.dummyparam.test.server.specific.config.override does not exist
2024-04-24T11:27:32,371  WARN [main] conf.HiveConf: HiveConf of name hive.stats.key.prefix.reserve.length does not exist
2024-04-24T11:27:32,371  WARN [main] conf.HiveConf: HiveConf of name hive.llap.io.cache.orc.alloc.max does not exist
2024-04-24T11:27:32,371  WARN [main] conf.HiveConf: HiveConf of name hive.dummyparam.test.server.specific.config.metastoresite does not exist
2024-04-24T11:27:32,372  WARN [main] conf.HiveConf: HiveConf of name hive.metastore.metadb.dir does not exist
2024-04-24T11:27:32,372  WARN [main] conf.HiveConf: HiveConf of name hive.metastore.client.cache.maxSize does not exist
2024-04-24T11:27:32,372  INFO [main] common.HCatUtil: mapreduce.lib.hcatoutput.hive.conf not set. Generating configuration differences.
2024-04-24T11:27:32,372  INFO [main] common.HCatUtil: Configuration differences={datanucleus.connectionPool.maxPoolSize=4, test.property1=value1, javax.jdo.option.ConnectionUserName=APP, hive.stats.column.autogather=true, hive.llap.io.cache.orc.alloc.max=2097152, fs.pfile.impl=org.apache.hadoop.fs.ProxyLocalFileSystem, hive.query.results.cache.enabled=false, hive.querylog.location=${test.tmp.dir}/tmp, hive.llap.io.use.lrfu=true, hive.metastore.rawstore.impl=org.apache.hadoop.hive.metastore.ObjectStore, javax.jdo.option.ConnectionPassword=mine, hive.jar.path=${maven.local.repository}/org/apache/hive/hive-exec/${hive.version}/hive-exec-${hive.version}.jar, hive.default.rcfile.serde=org.apache.hadoop.hive.serde2.columnar.ColumnarSerDe, datanucleus.schema.autoCreateAll=true, test.data.scripts=${hive.root}/data/scripts, hive.users.in.admin.role=hive_admin_user, hive.llap.io.cache.orc.size=8388608, hive.dummyparam.test.server.specific.config.hivesite=from.hive-site.xml, hive.exec.mode.local.auto=false, test.var.hiveconf.property=${hive.exec.default.partition.name}, hive.materializedview.rewriting=true, hive.dummyparam.test.server.specific.config.override=from.hive-site.xml, hive.metastore.metadb.dir=file://${test.tmp.dir}/metadb/, hive.fetch.task.conversion=minimal, hive.conf.restricted.list=dummy.config.value, hive.server2.operation.log.purgePolicy.timeToLive=5s, hive.query.reexecution.stats.persist.scope=query, hive.cbo.fallback.strategy=TEST, hive.input.format=org.apache.hadoop.hive.ql.io.CombineHiveInputFormat, hive.security.authorization.manager=org.apache.hadoop.hive.ql.security.authorization.plugin.sqlstd.SQLStdHiveAuthorizerFactoryForTest, test.data.files=${hive.root}/data/files, hive.metastore.client.cache.enabled=true, hive.stats.key.prefix.reserve.length=0, hive.exec.local.scratchdir=${test.tmp.dir}/localscratchdir/, hive.exec.submit.local.task.via.child=false, hive.auto.convert.join=false, hive.llap.io.cache.orc.alloc.min=32768, hive.stats.fetch.bitvector=true, hive.llap.io.allocator.direct=false, hive.metastore.schema.verification=false, javax.jdo.option.ConnectionDriverName=org.apache.derby.jdbc.EmbeddedDriver, hive.support.concurrency=true, hive.in.test=true, hive.metastore.warehouse.dir=${test.warehouse.dir}, hive.llap.io.cache.orc.arena.size=8388608, hive.exec.scratchdir=${test.tmp.dir}/scratchdir, test.log.dir=${test.tmp.dir}/log/, hive.exec.post.hooks=org.apache.hadoop.hive.ql.hooks.PostExecutePrinter, javax.jdo.option.ConnectionURL=jdbc:derby:memory:${test.tmp.dir}/junit_metastore_db;create=true, hive.ignore.mapjoin.hint=false, hive.llap.cache.allow.synthetic.fileid=true, hive.scheduled.queries.executor.enabled=false, hive.metastore.client.cache.maxSize=10Mb, hive.metastore.client.cache.recordStats=true, hive.mapjoin.max.gc.time.percentage=0.99, hive.test.dummystats.aggregator=value2, hive.exec.pre.hooks=org.apache.hadoop.hive.ql.hooks.PreExecutePrinter, org.apache.hadoop.hive.ql.hooks.EnforceReadOnlyTables, org.apache.hadoop.hive.ql.hooks.MaterializedViewRegistryPropertiesHook, iceberg.hive.keep.stats=true, hive.strict.timestamp.conversion=false}
2024-04-24T11:27:32,374  INFO [main] HiveMetaStore.audit: ugi=alex	ip=unknown-ip-addr	cmd=get_databases: @hive#NonExistentDatabaseUsedForHealthCheck	
2024-04-24T11:27:32,378  INFO [main] HiveMetaStore.audit: ugi=alex	ip=unknown-ip-addr	cmd=get_table : tbl=hive.default.junit_unparted_basic	
2024-04-24T11:27:32,387  INFO [main] metastore.HMSHandler: Skipping translation for processor with null
2024-04-24T11:27:32,412  WARN [main] conf.HiveConf: HiveConf of name hive.dummyparam.test.server.specific.config.override does not exist
2024-04-24T11:27:32,413  WARN [main] conf.HiveConf: HiveConf of name hive.llap.io.cache.orc.size does not exist
2024-04-24T11:27:32,413  WARN [main] conf.HiveConf: HiveConf of name hive.llap.io.cache.orc.alloc.min does not exist
2024-04-24T11:27:32,413  WARN [main] conf.HiveConf: HiveConf of name hive.metastore.client.cache.maxSize does not exist
2024-04-24T11:27:32,413  WARN [main] conf.HiveConf: HiveConf of name hive.stats.key.prefix.reserve.length does not exist
2024-04-24T11:27:32,413  WARN [main] conf.HiveConf: HiveConf of name hive.metastore.metadb.dir does not exist
2024-04-24T11:27:32,413  WARN [main] conf.HiveConf: HiveConf of name hive.dummyparam.test.server.specific.config.metastoresite does not exist
2024-04-24T11:27:32,413  WARN [main] conf.HiveConf: HiveConf of name hive.llap.io.cache.orc.arena.size does not exist
2024-04-24T11:27:32,413  WARN [main] conf.HiveConf: HiveConf of name hive.metastore.client.cache.recordStats does not exist
2024-04-24T11:27:32,413  WARN [main] conf.HiveConf: HiveConf of name hive.dummyparam.test.server.specific.config.hivesite does not exist
2024-04-24T11:27:32,413  WARN [main] conf.HiveConf: HiveConf of name hive.llap.io.cache.orc.alloc.max does not exist
2024-04-24T11:27:32,413  INFO [main] common.HCatUtil: mapreduce.lib.hcatoutput.hive.conf is set. Applying configuration differences.
2024-04-24T11:27:32,414  INFO [main] HiveMetaStore.audit: ugi=alex	ip=unknown-ip-addr	cmd=get_databases: @hive#NonExistentDatabaseUsedForHealthCheck	
2024-04-24T11:27:32,429  WARN [main] conf.HiveConf: HiveConf of name hive.llap.io.cache.orc.alloc.min does not exist
2024-04-24T11:27:32,429  WARN [main] conf.HiveConf: HiveConf of name hive.llap.io.cache.orc.size does not exist
2024-04-24T11:27:32,429  WARN [main] conf.HiveConf: HiveConf of name hive.dummyparam.test.server.specific.config.override does not exist
2024-04-24T11:27:32,430  WARN [main] conf.HiveConf: HiveConf of name hive.metastore.metadb.dir does not exist
2024-04-24T11:27:32,430  WARN [main] conf.HiveConf: HiveConf of name hive.dummyparam.test.server.specific.config.hivesite does not exist
2024-04-24T11:27:32,430  WARN [main] conf.HiveConf: HiveConf of name hive.metastore.client.cache.maxSize does not exist
2024-04-24T11:27:32,430  WARN [main] conf.HiveConf: HiveConf of name hive.metastore.client.cache.recordStats does not exist
2024-04-24T11:27:32,430  WARN [main] conf.HiveConf: HiveConf of name hive.stats.key.prefix.reserve.length does not exist
2024-04-24T11:27:32,430  WARN [main] conf.HiveConf: HiveConf of name hive.dummyparam.test.server.specific.config.metastoresite does not exist
2024-04-24T11:27:32,430  WARN [main] conf.HiveConf: HiveConf of name hive.llap.io.cache.orc.alloc.max does not exist
2024-04-24T11:27:32,430  WARN [main] conf.HiveConf: HiveConf of name hive.llap.io.cache.orc.arena.size does not exist
2024-04-24T11:27:32,430  INFO [main] common.HCatUtil: mapreduce.lib.hcatoutput.hive.conf not set. Generating configuration differences.
2024-04-24T11:27:32,431  INFO [main] common.HCatUtil: Configuration differences={datanucleus.connectionPool.maxPoolSize=4, test.property1=value1, javax.jdo.option.ConnectionUserName=APP, hive.stats.column.autogather=true, hive.llap.io.cache.orc.alloc.max=2097152, hive.query.results.cache.enabled=false, fs.pfile.impl=org.apache.hadoop.fs.ProxyLocalFileSystem, hive.querylog.location=${test.tmp.dir}/tmp, hive.llap.io.use.lrfu=true, hive.metastore.rawstore.impl=org.apache.hadoop.hive.metastore.ObjectStore, javax.jdo.option.ConnectionPassword=mine, hive.jar.path=${maven.local.repository}/org/apache/hive/hive-exec/${hive.version}/hive-exec-${hive.version}.jar, hive.default.rcfile.serde=org.apache.hadoop.hive.serde2.columnar.ColumnarSerDe, datanucleus.schema.autoCreateAll=true, test.data.scripts=${hive.root}/data/scripts, hive.users.in.admin.role=hive_admin_user, hive.llap.io.cache.orc.size=8388608, hive.exec.mode.local.auto=false, hive.dummyparam.test.server.specific.config.hivesite=from.hive-site.xml, test.var.hiveconf.property=${hive.exec.default.partition.name}, hive.materializedview.rewriting=true, hive.metastore.metadb.dir=file://${test.tmp.dir}/metadb/, hive.dummyparam.test.server.specific.config.override=from.hive-site.xml, hive.fetch.task.conversion=minimal, hive.server2.operation.log.purgePolicy.timeToLive=5s, hive.conf.restricted.list=dummy.config.value, hive.query.reexecution.stats.persist.scope=query, hive.cbo.fallback.strategy=TEST, hive.input.format=org.apache.hadoop.hive.ql.io.CombineHiveInputFormat, hive.security.authorization.manager=org.apache.hadoop.hive.ql.security.authorization.plugin.sqlstd.SQLStdHiveAuthorizerFactoryForTest, test.data.files=${hive.root}/data/files, hive.metastore.client.cache.enabled=true, hive.stats.key.prefix.reserve.length=0, hive.exec.local.scratchdir=${test.tmp.dir}/localscratchdir/, hive.exec.submit.local.task.via.child=false, hive.auto.convert.join=false, hive.llap.io.cache.orc.alloc.min=32768, hive.stats.fetch.bitvector=true, hive.llap.io.allocator.direct=false, hive.metastore.schema.verification=false, javax.jdo.option.ConnectionDriverName=org.apache.derby.jdbc.EmbeddedDriver, hive.in.test=true, hive.support.concurrency=true, hive.metastore.warehouse.dir=${test.warehouse.dir}, hive.llap.io.cache.orc.arena.size=8388608, hive.exec.scratchdir=${test.tmp.dir}/scratchdir, test.log.dir=${test.tmp.dir}/log/, hive.exec.post.hooks=org.apache.hadoop.hive.ql.hooks.PostExecutePrinter, javax.jdo.option.ConnectionURL=jdbc:derby:memory:${test.tmp.dir}/junit_metastore_db;create=true, hive.scheduled.queries.executor.enabled=false, hive.llap.cache.allow.synthetic.fileid=true, hive.ignore.mapjoin.hint=false, hive.metastore.client.cache.maxSize=10Mb, hive.metastore.client.cache.recordStats=true, hive.mapjoin.max.gc.time.percentage=0.99, hive.test.dummystats.aggregator=value2, hive.exec.pre.hooks=org.apache.hadoop.hive.ql.hooks.PreExecutePrinter, org.apache.hadoop.hive.ql.hooks.EnforceReadOnlyTables, org.apache.hadoop.hive.ql.hooks.MaterializedViewRegistryPropertiesHook, iceberg.hive.keep.stats=true, hive.strict.timestamp.conversion=false}
2024-04-24T11:27:32,432  INFO [main] HiveMetaStore.audit: ugi=alex	ip=unknown-ip-addr	cmd=get_databases: @hive#NonExistentDatabaseUsedForHealthCheck	
2024-04-24T11:27:32,434  INFO [main] HiveMetaStore.audit: ugi=alex	ip=unknown-ip-addr	cmd=get_table : tbl=hive.default.junit_specific_size	
2024-04-24T11:27:32,444  INFO [main] metastore.HMSHandler: Skipping translation for processor with null
2024-04-24T11:27:32,472  WARN [main] conf.HiveConf: HiveConf of name hive.llap.io.cache.orc.size does not exist
2024-04-24T11:27:32,472  WARN [main] conf.HiveConf: HiveConf of name hive.metastore.client.cache.recordStats does not exist
2024-04-24T11:27:32,472  WARN [main] conf.HiveConf: HiveConf of name hive.dummyparam.test.server.specific.config.override does not exist
2024-04-24T11:27:32,472  WARN [main] conf.HiveConf: HiveConf of name hive.stats.key.prefix.reserve.length does not exist
2024-04-24T11:27:32,472  WARN [main] conf.HiveConf: HiveConf of name hive.llap.io.cache.orc.alloc.max does not exist
2024-04-24T11:27:32,472  WARN [main] conf.HiveConf: HiveConf of name hive.llap.io.cache.orc.alloc.min does not exist
2024-04-24T11:27:32,473  WARN [main] conf.HiveConf: HiveConf of name hive.metastore.client.cache.maxSize does not exist
2024-04-24T11:27:32,473  WARN [main] conf.HiveConf: HiveConf of name hive.metastore.metadb.dir does not exist
2024-04-24T11:27:32,473  WARN [main] conf.HiveConf: HiveConf of name hive.dummyparam.test.server.specific.config.metastoresite does not exist
2024-04-24T11:27:32,473  WARN [main] conf.HiveConf: HiveConf of name hive.llap.io.cache.orc.arena.size does not exist
2024-04-24T11:27:32,473  WARN [main] conf.HiveConf: HiveConf of name hive.dummyparam.test.server.specific.config.hivesite does not exist
2024-04-24T11:27:32,473  INFO [main] common.HCatUtil: mapreduce.lib.hcatoutput.hive.conf is set. Applying configuration differences.
2024-04-24T11:27:32,474  INFO [main] HiveMetaStore.audit: ugi=alex	ip=unknown-ip-addr	cmd=get_databases: @hive#NonExistentDatabaseUsedForHealthCheck	
2024-04-24T11:27:32,496  WARN [main] conf.HiveConf: HiveConf of name hive.stats.key.prefix.reserve.length does not exist
2024-04-24T11:27:32,496  WARN [main] conf.HiveConf: HiveConf of name hive.dummyparam.test.server.specific.config.hivesite does not exist
2024-04-24T11:27:32,496  WARN [main] conf.HiveConf: HiveConf of name hive.llap.io.cache.orc.arena.size does not exist
2024-04-24T11:27:32,497  WARN [main] conf.HiveConf: HiveConf of name hive.llap.io.cache.orc.alloc.min does not exist
2024-04-24T11:27:32,497  WARN [main] conf.HiveConf: HiveConf of name hive.dummyparam.test.server.specific.config.override does not exist
2024-04-24T11:27:32,497  WARN [main] conf.HiveConf: HiveConf of name hive.metastore.client.cache.recordStats does not exist
2024-04-24T11:27:32,497  WARN [main] conf.HiveConf: HiveConf of name hive.metastore.client.cache.maxSize does not exist
2024-04-24T11:27:32,497  WARN [main] conf.HiveConf: HiveConf of name hive.llap.io.cache.orc.size does not exist
2024-04-24T11:27:32,497  WARN [main] conf.HiveConf: HiveConf of name hive.metastore.metadb.dir does not exist
2024-04-24T11:27:32,497  WARN [main] conf.HiveConf: HiveConf of name hive.llap.io.cache.orc.alloc.max does not exist
2024-04-24T11:27:32,497  WARN [main] conf.HiveConf: HiveConf of name hive.dummyparam.test.server.specific.config.metastoresite does not exist
2024-04-24T11:27:32,497  INFO [main] common.HCatUtil: mapreduce.lib.hcatoutput.hive.conf not set. Generating configuration differences.
2024-04-24T11:27:32,498  INFO [main] common.HCatUtil: Configuration differences={datanucleus.connectionPool.maxPoolSize=4, test.property1=value1, hive.stats.column.autogather=true, hive.llap.io.cache.orc.alloc.max=2097152, javax.jdo.option.ConnectionUserName=APP, hive.query.results.cache.enabled=false, fs.pfile.impl=org.apache.hadoop.fs.ProxyLocalFileSystem, hive.querylog.location=${test.tmp.dir}/tmp, hive.llap.io.use.lrfu=true, hive.metastore.rawstore.impl=org.apache.hadoop.hive.metastore.ObjectStore, javax.jdo.option.ConnectionPassword=mine, hive.jar.path=${maven.local.repository}/org/apache/hive/hive-exec/${hive.version}/hive-exec-${hive.version}.jar, hive.default.rcfile.serde=org.apache.hadoop.hive.serde2.columnar.ColumnarSerDe, test.data.scripts=${hive.root}/data/scripts, datanucleus.schema.autoCreateAll=true, hive.users.in.admin.role=hive_admin_user, hive.llap.io.cache.orc.size=8388608, hive.exec.mode.local.auto=false, hive.dummyparam.test.server.specific.config.hivesite=from.hive-site.xml, test.var.hiveconf.property=${hive.exec.default.partition.name}, hive.materializedview.rewriting=true, hive.dummyparam.test.server.specific.config.override=from.hive-site.xml, hive.fetch.task.conversion=minimal, hive.metastore.metadb.dir=file://${test.tmp.dir}/metadb/, hive.server2.operation.log.purgePolicy.timeToLive=5s, hive.conf.restricted.list=dummy.config.value, hive.query.reexecution.stats.persist.scope=query, hive.cbo.fallback.strategy=TEST, hive.input.format=org.apache.hadoop.hive.ql.io.CombineHiveInputFormat, hive.security.authorization.manager=org.apache.hadoop.hive.ql.security.authorization.plugin.sqlstd.SQLStdHiveAuthorizerFactoryForTest, test.data.files=${hive.root}/data/files, hive.metastore.client.cache.enabled=true, hive.stats.key.prefix.reserve.length=0, hive.exec.local.scratchdir=${test.tmp.dir}/localscratchdir/, hive.exec.submit.local.task.via.child=false, hive.auto.convert.join=false, hive.llap.io.cache.orc.alloc.min=32768, hive.stats.fetch.bitvector=true, hive.llap.io.allocator.direct=false, hive.metastore.schema.verification=false, javax.jdo.option.ConnectionDriverName=org.apache.derby.jdbc.EmbeddedDriver, hive.support.concurrency=true, hive.in.test=true, hive.metastore.warehouse.dir=${test.warehouse.dir}, hive.llap.io.cache.orc.arena.size=8388608, hive.exec.scratchdir=${test.tmp.dir}/scratchdir, test.log.dir=${test.tmp.dir}/log/, hive.exec.post.hooks=org.apache.hadoop.hive.ql.hooks.PostExecutePrinter, javax.jdo.option.ConnectionURL=jdbc:derby:memory:${test.tmp.dir}/junit_metastore_db;create=true, hive.ignore.mapjoin.hint=false, hive.llap.cache.allow.synthetic.fileid=true, hive.scheduled.queries.executor.enabled=false, hive.metastore.client.cache.maxSize=10Mb, hive.metastore.client.cache.recordStats=true, hive.mapjoin.max.gc.time.percentage=0.99, hive.test.dummystats.aggregator=value2, hive.exec.pre.hooks=org.apache.hadoop.hive.ql.hooks.PreExecutePrinter, org.apache.hadoop.hive.ql.hooks.EnforceReadOnlyTables, org.apache.hadoop.hive.ql.hooks.MaterializedViewRegistryPropertiesHook, hive.strict.timestamp.conversion=false, iceberg.hive.keep.stats=true}
2024-04-24T11:27:32,499  INFO [main] HiveMetaStore.audit: ugi=alex	ip=unknown-ip-addr	cmd=get_databases: @hive#NonExistentDatabaseUsedForHealthCheck	
2024-04-24T11:27:32,501  INFO [main] HiveMetaStore.audit: ugi=alex	ip=unknown-ip-addr	cmd=get_table : tbl=hive.junit_specific_db.junit_specific_size2	
2024-04-24T11:27:32,512  INFO [main] metastore.HMSHandler: Skipping translation for processor with null
2024-04-24T11:27:32,535  WARN [main] conf.HiveConf: HiveConf of name hive.stats.key.prefix.reserve.length does not exist
2024-04-24T11:27:32,535  WARN [main] conf.HiveConf: HiveConf of name hive.llap.io.cache.orc.alloc.min does not exist
2024-04-24T11:27:32,535  WARN [main] conf.HiveConf: HiveConf of name hive.metastore.client.cache.maxSize does not exist
2024-04-24T11:27:32,535  WARN [main] conf.HiveConf: HiveConf of name hive.dummyparam.test.server.specific.config.override does not exist
2024-04-24T11:27:32,535  WARN [main] conf.HiveConf: HiveConf of name hive.metastore.metadb.dir does not exist
2024-04-24T11:27:32,535  WARN [main] conf.HiveConf: HiveConf of name hive.llap.io.cache.orc.size does not exist
2024-04-24T11:27:32,535  WARN [main] conf.HiveConf: HiveConf of name hive.dummyparam.test.server.specific.config.metastoresite does not exist
2024-04-24T11:27:32,535  WARN [main] conf.HiveConf: HiveConf of name hive.llap.io.cache.orc.arena.size does not exist
2024-04-24T11:27:32,535  WARN [main] conf.HiveConf: HiveConf of name hive.llap.io.cache.orc.alloc.max does not exist
2024-04-24T11:27:32,535  WARN [main] conf.HiveConf: HiveConf of name hive.dummyparam.test.server.specific.config.hivesite does not exist
2024-04-24T11:27:32,535  WARN [main] conf.HiveConf: HiveConf of name hive.metastore.client.cache.recordStats does not exist
2024-04-24T11:27:32,536  INFO [main] common.HCatUtil: mapreduce.lib.hcatoutput.hive.conf is set. Applying configuration differences.
2024-04-24T11:27:32,536  INFO [main] HiveMetaStore.audit: ugi=alex	ip=unknown-ip-addr	cmd=get_databases: @hive#NonExistentDatabaseUsedForHealthCheck	
2024-04-24T11:27:32,555  WARN [main] conf.HiveConf: HiveConf of name hive.llap.io.cache.orc.alloc.min does not exist
2024-04-24T11:27:32,555  WARN [main] conf.HiveConf: HiveConf of name hive.dummyparam.test.server.specific.config.metastoresite does not exist
2024-04-24T11:27:32,555  WARN [main] conf.HiveConf: HiveConf of name hive.dummyparam.test.server.specific.config.override does not exist
2024-04-24T11:27:32,555  WARN [main] conf.HiveConf: HiveConf of name hive.llap.io.cache.orc.size does not exist
2024-04-24T11:27:32,555  WARN [main] conf.HiveConf: HiveConf of name hive.metastore.client.cache.recordStats does not exist
2024-04-24T11:27:32,555  WARN [main] conf.HiveConf: HiveConf of name hive.metastore.client.cache.maxSize does not exist
2024-04-24T11:27:32,555  WARN [main] conf.HiveConf: HiveConf of name hive.llap.io.cache.orc.alloc.max does not exist
2024-04-24T11:27:32,556  WARN [main] conf.HiveConf: HiveConf of name hive.dummyparam.test.server.specific.config.hivesite does not exist
2024-04-24T11:27:32,556  WARN [main] conf.HiveConf: HiveConf of name hive.metastore.metadb.dir does not exist
2024-04-24T11:27:32,556  WARN [main] conf.HiveConf: HiveConf of name hive.stats.key.prefix.reserve.length does not exist
2024-04-24T11:27:32,556  WARN [main] conf.HiveConf: HiveConf of name hive.llap.io.cache.orc.arena.size does not exist
2024-04-24T11:27:32,556  INFO [main] common.HCatUtil: mapreduce.lib.hcatoutput.hive.conf not set. Generating configuration differences.
2024-04-24T11:27:32,557  INFO [main] common.HCatUtil: Configuration differences={datanucleus.connectionPool.maxPoolSize=4, hive.llap.io.cache.orc.alloc.max=2097152, test.property1=value1, javax.jdo.option.ConnectionUserName=APP, hive.stats.column.autogather=true, hive.query.results.cache.enabled=false, fs.pfile.impl=org.apache.hadoop.fs.ProxyLocalFileSystem, hive.querylog.location=${test.tmp.dir}/tmp, hive.llap.io.use.lrfu=true, hive.metastore.rawstore.impl=org.apache.hadoop.hive.metastore.ObjectStore, javax.jdo.option.ConnectionPassword=mine, hive.jar.path=${maven.local.repository}/org/apache/hive/hive-exec/${hive.version}/hive-exec-${hive.version}.jar, hive.default.rcfile.serde=org.apache.hadoop.hive.serde2.columnar.ColumnarSerDe, test.data.scripts=${hive.root}/data/scripts, datanucleus.schema.autoCreateAll=true, hive.users.in.admin.role=hive_admin_user, hive.llap.io.cache.orc.size=8388608, hive.dummyparam.test.server.specific.config.hivesite=from.hive-site.xml, hive.exec.mode.local.auto=false, test.var.hiveconf.property=${hive.exec.default.partition.name}, hive.materializedview.rewriting=true, hive.fetch.task.conversion=minimal, hive.dummyparam.test.server.specific.config.override=from.hive-site.xml, hive.metastore.metadb.dir=file://${test.tmp.dir}/metadb/, hive.conf.restricted.list=dummy.config.value, hive.server2.operation.log.purgePolicy.timeToLive=5s, hive.query.reexecution.stats.persist.scope=query, hive.cbo.fallback.strategy=TEST, hive.input.format=org.apache.hadoop.hive.ql.io.CombineHiveInputFormat, hive.security.authorization.manager=org.apache.hadoop.hive.ql.security.authorization.plugin.sqlstd.SQLStdHiveAuthorizerFactoryForTest, test.data.files=${hive.root}/data/files, hive.stats.key.prefix.reserve.length=0, hive.metastore.client.cache.enabled=true, hive.exec.local.scratchdir=${test.tmp.dir}/localscratchdir/, hive.exec.submit.local.task.via.child=false, hive.auto.convert.join=false, hive.llap.io.cache.orc.alloc.min=32768, hive.stats.fetch.bitvector=true, hive.llap.io.allocator.direct=false, hive.metastore.schema.verification=false, javax.jdo.option.ConnectionDriverName=org.apache.derby.jdbc.EmbeddedDriver, hive.support.concurrency=true, hive.in.test=true, hive.metastore.warehouse.dir=${test.warehouse.dir}, hive.llap.io.cache.orc.arena.size=8388608, hive.exec.scratchdir=${test.tmp.dir}/scratchdir, test.log.dir=${test.tmp.dir}/log/, hive.exec.post.hooks=org.apache.hadoop.hive.ql.hooks.PostExecutePrinter, javax.jdo.option.ConnectionURL=jdbc:derby:memory:${test.tmp.dir}/junit_metastore_db;create=true, hive.scheduled.queries.executor.enabled=false, hive.llap.cache.allow.synthetic.fileid=true, hive.ignore.mapjoin.hint=false, hive.metastore.client.cache.maxSize=10Mb, hive.metastore.client.cache.recordStats=true, hive.mapjoin.max.gc.time.percentage=0.99, hive.test.dummystats.aggregator=value2, hive.exec.pre.hooks=org.apache.hadoop.hive.ql.hooks.PreExecutePrinter, org.apache.hadoop.hive.ql.hooks.EnforceReadOnlyTables, org.apache.hadoop.hive.ql.hooks.MaterializedViewRegistryPropertiesHook, iceberg.hive.keep.stats=true, hive.strict.timestamp.conversion=false}
2024-04-24T11:27:32,558  INFO [main] HiveMetaStore.audit: ugi=alex	ip=unknown-ip-addr	cmd=get_databases: @hive#NonExistentDatabaseUsedForHealthCheck	
2024-04-24T11:27:32,560  INFO [main] HiveMetaStore.audit: ugi=alex	ip=unknown-ip-addr	cmd=get_table : tbl=hive.default.junit_parted_basic	
2024-04-24T11:27:32,569  INFO [main] metastore.HMSHandler: Skipping translation for processor with null
2024-04-24T11:27:32,590  WARN [main] conf.HiveConf: HiveConf of name hive.metastore.client.cache.recordStats does not exist
2024-04-24T11:27:32,590  WARN [main] conf.HiveConf: HiveConf of name hive.stats.key.prefix.reserve.length does not exist
2024-04-24T11:27:32,590  WARN [main] conf.HiveConf: HiveConf of name hive.llap.io.cache.orc.size does not exist
2024-04-24T11:27:32,590  WARN [main] conf.HiveConf: HiveConf of name hive.metastore.metadb.dir does not exist
2024-04-24T11:27:32,590  WARN [main] conf.HiveConf: HiveConf of name hive.metastore.client.cache.maxSize does not exist
2024-04-24T11:27:32,591  WARN [main] conf.HiveConf: HiveConf of name hive.dummyparam.test.server.specific.config.metastoresite does not exist
2024-04-24T11:27:32,591  WARN [main] conf.HiveConf: HiveConf of name hive.dummyparam.test.server.specific.config.hivesite does not exist
2024-04-24T11:27:32,591  WARN [main] conf.HiveConf: HiveConf of name hive.llap.io.cache.orc.arena.size does not exist
2024-04-24T11:27:32,591  WARN [main] conf.HiveConf: HiveConf of name hive.dummyparam.test.server.specific.config.override does not exist
2024-04-24T11:27:32,591  WARN [main] conf.HiveConf: HiveConf of name hive.llap.io.cache.orc.alloc.min does not exist
2024-04-24T11:27:32,591  WARN [main] conf.HiveConf: HiveConf of name hive.llap.io.cache.orc.alloc.max does not exist
2024-04-24T11:27:32,591  INFO [main] common.HCatUtil: mapreduce.lib.hcatoutput.hive.conf is set. Applying configuration differences.
2024-04-24T11:27:32,592  INFO [main] HiveMetaStore.audit: ugi=alex	ip=unknown-ip-addr	cmd=get_databases: @hive#NonExistentDatabaseUsedForHealthCheck	
2024-04-24T11:27:32,609  WARN [main] conf.HiveConf: HiveConf of name hive.dummyparam.test.server.specific.config.hivesite does not exist
2024-04-24T11:27:32,609  WARN [main] conf.HiveConf: HiveConf of name hive.llap.io.cache.orc.alloc.max does not exist
2024-04-24T11:27:32,609  WARN [main] conf.HiveConf: HiveConf of name hive.metastore.client.cache.maxSize does not exist
2024-04-24T11:27:32,609  WARN [main] conf.HiveConf: HiveConf of name hive.metastore.metadb.dir does not exist
2024-04-24T11:27:32,609  WARN [main] conf.HiveConf: HiveConf of name hive.llap.io.cache.orc.arena.size does not exist
2024-04-24T11:27:32,609  WARN [main] conf.HiveConf: HiveConf of name hive.dummyparam.test.server.specific.config.metastoresite does not exist
2024-04-24T11:27:32,609  WARN [main] conf.HiveConf: HiveConf of name hive.dummyparam.test.server.specific.config.override does not exist
2024-04-24T11:27:32,609  WARN [main] conf.HiveConf: HiveConf of name hive.metastore.client.cache.recordStats does not exist
2024-04-24T11:27:32,609  WARN [main] conf.HiveConf: HiveConf of name hive.stats.key.prefix.reserve.length does not exist
2024-04-24T11:27:32,609  WARN [main] conf.HiveConf: HiveConf of name hive.llap.io.cache.orc.alloc.min does not exist
2024-04-24T11:27:32,609  WARN [main] conf.HiveConf: HiveConf of name hive.llap.io.cache.orc.size does not exist
2024-04-24T11:27:32,610  INFO [main] common.HCatUtil: mapreduce.lib.hcatoutput.hive.conf not set. Generating configuration differences.
2024-04-24T11:27:32,611  INFO [main] common.HCatUtil: Configuration differences={datanucleus.connectionPool.maxPoolSize=4, hive.llap.io.cache.orc.alloc.max=2097152, test.property1=value1, javax.jdo.option.ConnectionUserName=APP, hive.stats.column.autogather=true, hive.query.results.cache.enabled=false, fs.pfile.impl=org.apache.hadoop.fs.ProxyLocalFileSystem, hive.querylog.location=${test.tmp.dir}/tmp, hive.llap.io.use.lrfu=true, hive.metastore.rawstore.impl=org.apache.hadoop.hive.metastore.ObjectStore, javax.jdo.option.ConnectionPassword=mine, hive.jar.path=${maven.local.repository}/org/apache/hive/hive-exec/${hive.version}/hive-exec-${hive.version}.jar, hive.default.rcfile.serde=org.apache.hadoop.hive.serde2.columnar.ColumnarSerDe, datanucleus.schema.autoCreateAll=true, test.data.scripts=${hive.root}/data/scripts, hive.users.in.admin.role=hive_admin_user, hive.llap.io.cache.orc.size=8388608, test.var.hiveconf.property=${hive.exec.default.partition.name}, hive.exec.mode.local.auto=false, hive.dummyparam.test.server.specific.config.hivesite=from.hive-site.xml, hive.materializedview.rewriting=true, hive.dummyparam.test.server.specific.config.override=from.hive-site.xml, hive.fetch.task.conversion=minimal, hive.metastore.metadb.dir=file://${test.tmp.dir}/metadb/, hive.server2.operation.log.purgePolicy.timeToLive=5s, hive.conf.restricted.list=dummy.config.value, hive.query.reexecution.stats.persist.scope=query, hive.cbo.fallback.strategy=TEST, hive.input.format=org.apache.hadoop.hive.ql.io.CombineHiveInputFormat, hive.security.authorization.manager=org.apache.hadoop.hive.ql.security.authorization.plugin.sqlstd.SQLStdHiveAuthorizerFactoryForTest, test.data.files=${hive.root}/data/files, hive.stats.key.prefix.reserve.length=0, hive.metastore.client.cache.enabled=true, hive.exec.local.scratchdir=${test.tmp.dir}/localscratchdir/, hive.exec.submit.local.task.via.child=false, hive.auto.convert.join=false, hive.llap.io.cache.orc.alloc.min=32768, hive.stats.fetch.bitvector=true, hive.llap.io.allocator.direct=false, hive.metastore.schema.verification=false, javax.jdo.option.ConnectionDriverName=org.apache.derby.jdbc.EmbeddedDriver, hive.in.test=true, hive.support.concurrency=true, hive.metastore.warehouse.dir=${test.warehouse.dir}, hive.llap.io.cache.orc.arena.size=8388608, hive.exec.scratchdir=${test.tmp.dir}/scratchdir, test.log.dir=${test.tmp.dir}/log/, hive.exec.post.hooks=org.apache.hadoop.hive.ql.hooks.PostExecutePrinter, javax.jdo.option.ConnectionURL=jdbc:derby:memory:${test.tmp.dir}/junit_metastore_db;create=true, hive.scheduled.queries.executor.enabled=false, hive.llap.cache.allow.synthetic.fileid=true, hive.ignore.mapjoin.hint=false, hive.metastore.client.cache.maxSize=10Mb, hive.metastore.client.cache.recordStats=true, hive.mapjoin.max.gc.time.percentage=0.99, hive.test.dummystats.aggregator=value2, hive.exec.pre.hooks=org.apache.hadoop.hive.ql.hooks.PreExecutePrinter, org.apache.hadoop.hive.ql.hooks.EnforceReadOnlyTables, org.apache.hadoop.hive.ql.hooks.MaterializedViewRegistryPropertiesHook, hive.strict.timestamp.conversion=false, iceberg.hive.keep.stats=true}
2024-04-24T11:27:32,612  INFO [main] HiveMetaStore.audit: ugi=alex	ip=unknown-ip-addr	cmd=get_databases: @hive#NonExistentDatabaseUsedForHealthCheck	
2024-04-24T11:27:32,614  INFO [main] HiveMetaStore.audit: ugi=alex	ip=unknown-ip-addr	cmd=get_table : tbl=hive.default.junit_parted_basic	
2024-04-24T11:27:32,624  INFO [main] metastore.HMSHandler: Skipping translation for processor with null
2024-04-24T11:27:32,649  WARN [main] conf.HiveConf: HiveConf of name hive.llap.io.cache.orc.alloc.max does not exist
2024-04-24T11:27:32,649  WARN [main] conf.HiveConf: HiveConf of name hive.llap.io.cache.orc.alloc.min does not exist
2024-04-24T11:27:32,649  WARN [main] conf.HiveConf: HiveConf of name hive.dummyparam.test.server.specific.config.override does not exist
2024-04-24T11:27:32,649  WARN [main] conf.HiveConf: HiveConf of name hive.metastore.client.cache.recordStats does not exist
2024-04-24T11:27:32,649  WARN [main] conf.HiveConf: HiveConf of name hive.dummyparam.test.server.specific.config.hivesite does not exist
2024-04-24T11:27:32,649  WARN [main] conf.HiveConf: HiveConf of name hive.stats.key.prefix.reserve.length does not exist
2024-04-24T11:27:32,649  WARN [main] conf.HiveConf: HiveConf of name hive.llap.io.cache.orc.arena.size does not exist
2024-04-24T11:27:32,649  WARN [main] conf.HiveConf: HiveConf of name hive.metastore.client.cache.maxSize does not exist
2024-04-24T11:27:32,649  WARN [main] conf.HiveConf: HiveConf of name hive.llap.io.cache.orc.size does not exist
2024-04-24T11:27:32,649  WARN [main] conf.HiveConf: HiveConf of name hive.metastore.metadb.dir does not exist
2024-04-24T11:27:32,649  WARN [main] conf.HiveConf: HiveConf of name hive.dummyparam.test.server.specific.config.metastoresite does not exist
2024-04-24T11:27:32,649  INFO [main] common.HCatUtil: mapreduce.lib.hcatoutput.hive.conf is set. Applying configuration differences.
2024-04-24T11:27:32,650  INFO [main] HiveMetaStore.audit: ugi=alex	ip=unknown-ip-addr	cmd=get_databases: @hive#NonExistentDatabaseUsedForHealthCheck	
2024-04-24T11:27:32,668  WARN [main] conf.HiveConf: HiveConf of name hive.dummyparam.test.server.specific.config.override does not exist
2024-04-24T11:27:32,668  WARN [main] conf.HiveConf: HiveConf of name hive.dummyparam.test.server.specific.config.hivesite does not exist
2024-04-24T11:27:32,668  WARN [main] conf.HiveConf: HiveConf of name hive.llap.io.cache.orc.alloc.min does not exist
2024-04-24T11:27:32,668  WARN [main] conf.HiveConf: HiveConf of name hive.metastore.client.cache.recordStats does not exist
2024-04-24T11:27:32,668  WARN [main] conf.HiveConf: HiveConf of name hive.dummyparam.test.server.specific.config.metastoresite does not exist
2024-04-24T11:27:32,668  WARN [main] conf.HiveConf: HiveConf of name hive.stats.key.prefix.reserve.length does not exist
2024-04-24T11:27:32,669  WARN [main] conf.HiveConf: HiveConf of name hive.metastore.client.cache.maxSize does not exist
2024-04-24T11:27:32,669  WARN [main] conf.HiveConf: HiveConf of name hive.llap.io.cache.orc.size does not exist
2024-04-24T11:27:32,669  WARN [main] conf.HiveConf: HiveConf of name hive.llap.io.cache.orc.arena.size does not exist
2024-04-24T11:27:32,669  WARN [main] conf.HiveConf: HiveConf of name hive.llap.io.cache.orc.alloc.max does not exist
2024-04-24T11:27:32,669  WARN [main] conf.HiveConf: HiveConf of name hive.metastore.metadb.dir does not exist
2024-04-24T11:27:32,669  INFO [main] common.HCatUtil: mapreduce.lib.hcatoutput.hive.conf not set. Generating configuration differences.
2024-04-24T11:27:32,670  INFO [main] common.HCatUtil: Configuration differences={datanucleus.connectionPool.maxPoolSize=4, test.property1=value1, hive.stats.column.autogather=true, javax.jdo.option.ConnectionUserName=APP, hive.llap.io.cache.orc.alloc.max=2097152, fs.pfile.impl=org.apache.hadoop.fs.ProxyLocalFileSystem, hive.query.results.cache.enabled=false, hive.querylog.location=${test.tmp.dir}/tmp, hive.llap.io.use.lrfu=true, hive.metastore.rawstore.impl=org.apache.hadoop.hive.metastore.ObjectStore, javax.jdo.option.ConnectionPassword=mine, hive.jar.path=${maven.local.repository}/org/apache/hive/hive-exec/${hive.version}/hive-exec-${hive.version}.jar, hive.default.rcfile.serde=org.apache.hadoop.hive.serde2.columnar.ColumnarSerDe, test.data.scripts=${hive.root}/data/scripts, datanucleus.schema.autoCreateAll=true, hive.users.in.admin.role=hive_admin_user, hive.llap.io.cache.orc.size=8388608, test.var.hiveconf.property=${hive.exec.default.partition.name}, hive.dummyparam.test.server.specific.config.hivesite=from.hive-site.xml, hive.exec.mode.local.auto=false, hive.materializedview.rewriting=true, hive.dummyparam.test.server.specific.config.override=from.hive-site.xml, hive.fetch.task.conversion=minimal, hive.metastore.metadb.dir=file://${test.tmp.dir}/metadb/, hive.server2.operation.log.purgePolicy.timeToLive=5s, hive.conf.restricted.list=dummy.config.value, hive.query.reexecution.stats.persist.scope=query, hive.cbo.fallback.strategy=TEST, hive.input.format=org.apache.hadoop.hive.ql.io.CombineHiveInputFormat, hive.security.authorization.manager=org.apache.hadoop.hive.ql.security.authorization.plugin.sqlstd.SQLStdHiveAuthorizerFactoryForTest, test.data.files=${hive.root}/data/files, hive.metastore.client.cache.enabled=true, hive.stats.key.prefix.reserve.length=0, hive.exec.local.scratchdir=${test.tmp.dir}/localscratchdir/, hive.exec.submit.local.task.via.child=false, hive.auto.convert.join=false, hive.llap.io.cache.orc.alloc.min=32768, hive.stats.fetch.bitvector=true, hive.llap.io.allocator.direct=false, hive.metastore.schema.verification=false, javax.jdo.option.ConnectionDriverName=org.apache.derby.jdbc.EmbeddedDriver, hive.in.test=true, hive.support.concurrency=true, hive.metastore.warehouse.dir=${test.warehouse.dir}, hive.llap.io.cache.orc.arena.size=8388608, hive.exec.scratchdir=${test.tmp.dir}/scratchdir, test.log.dir=${test.tmp.dir}/log/, hive.exec.post.hooks=org.apache.hadoop.hive.ql.hooks.PostExecutePrinter, javax.jdo.option.ConnectionURL=jdbc:derby:memory:${test.tmp.dir}/junit_metastore_db;create=true, hive.scheduled.queries.executor.enabled=false, hive.llap.cache.allow.synthetic.fileid=true, hive.ignore.mapjoin.hint=false, hive.metastore.client.cache.maxSize=10Mb, hive.metastore.client.cache.recordStats=true, hive.mapjoin.max.gc.time.percentage=0.99, hive.test.dummystats.aggregator=value2, hive.exec.pre.hooks=org.apache.hadoop.hive.ql.hooks.PreExecutePrinter, org.apache.hadoop.hive.ql.hooks.EnforceReadOnlyTables, org.apache.hadoop.hive.ql.hooks.MaterializedViewRegistryPropertiesHook, iceberg.hive.keep.stats=true, hive.strict.timestamp.conversion=false}
2024-04-24T11:27:32,671  INFO [main] HiveMetaStore.audit: ugi=alex	ip=unknown-ip-addr	cmd=get_databases: @hive#NonExistentDatabaseUsedForHealthCheck	
2024-04-24T11:27:32,673  INFO [main] HiveMetaStore.audit: ugi=alex	ip=unknown-ip-addr	cmd=get_table : tbl=hive.default.junit_unparted_complex	
2024-04-24T11:27:32,684  INFO [main] metastore.HMSHandler: Skipping translation for processor with null
2024-04-24T11:27:32,710  INFO [Finalizer] HiveMetaStore.audit: ugi=alex	ip=unknown-ip-addr	cmd=Done cleaning up thread local RawStore	
2024-04-24T11:27:32,710  INFO [Finalizer] metastore.HiveMetaStoreClient: Closed a connection to metastore, current connections: -10
2024-04-24T11:27:32,710  INFO [Finalizer] HiveMetaStore.audit: ugi=alex	ip=unknown-ip-addr	cmd=Done cleaning up thread local RawStore	
2024-04-24T11:27:32,710  INFO [Finalizer] metastore.HiveMetaStoreClient: Closed a connection to metastore, current connections: -11
2024-04-24T11:27:32,723  WARN [main] conf.HiveConf: HiveConf of name hive.dummyparam.test.server.specific.config.hivesite does not exist
2024-04-24T11:27:32,723  WARN [main] conf.HiveConf: HiveConf of name hive.metastore.metadb.dir does not exist
2024-04-24T11:27:32,723  WARN [main] conf.HiveConf: HiveConf of name hive.llap.io.cache.orc.size does not exist
2024-04-24T11:27:32,723  WARN [main] conf.HiveConf: HiveConf of name hive.stats.key.prefix.reserve.length does not exist
2024-04-24T11:27:32,723  WARN [main] conf.HiveConf: HiveConf of name hive.dummyparam.test.server.specific.config.override does not exist
2024-04-24T11:27:32,723  WARN [main] conf.HiveConf: HiveConf of name hive.llap.io.cache.orc.alloc.min does not exist
2024-04-24T11:27:32,723  WARN [main] conf.HiveConf: HiveConf of name hive.metastore.client.cache.recordStats does not exist
2024-04-24T11:27:32,723  WARN [main] conf.HiveConf: HiveConf of name hive.metastore.client.cache.maxSize does not exist
2024-04-24T11:27:32,723  WARN [main] conf.HiveConf: HiveConf of name hive.llap.io.cache.orc.arena.size does not exist
2024-04-24T11:27:32,723  WARN [main] conf.HiveConf: HiveConf of name hive.dummyparam.test.server.specific.config.metastoresite does not exist
2024-04-24T11:27:32,723  WARN [main] conf.HiveConf: HiveConf of name hive.llap.io.cache.orc.alloc.max does not exist
2024-04-24T11:27:32,724  INFO [main] common.HCatUtil: mapreduce.lib.hcatoutput.hive.conf is set. Applying configuration differences.
2024-04-24T11:27:32,724  INFO [main] HiveMetaStore.audit: ugi=alex	ip=unknown-ip-addr	cmd=get_databases: @hive#NonExistentDatabaseUsedForHealthCheck	
2024-04-24T11:27:32,740  WARN [main] conf.HiveConf: HiveConf of name hive.stats.key.prefix.reserve.length does not exist
2024-04-24T11:27:32,740  WARN [main] conf.HiveConf: HiveConf of name hive.llap.io.cache.orc.alloc.min does not exist
2024-04-24T11:27:32,740  WARN [main] conf.HiveConf: HiveConf of name hive.llap.io.cache.orc.alloc.max does not exist
2024-04-24T11:27:32,740  WARN [main] conf.HiveConf: HiveConf of name hive.llap.io.cache.orc.size does not exist
2024-04-24T11:27:32,740  WARN [main] conf.HiveConf: HiveConf of name hive.dummyparam.test.server.specific.config.hivesite does not exist
2024-04-24T11:27:32,740  WARN [main] conf.HiveConf: HiveConf of name hive.metastore.client.cache.recordStats does not exist
2024-04-24T11:27:32,740  WARN [main] conf.HiveConf: HiveConf of name hive.metastore.client.cache.maxSize does not exist
2024-04-24T11:27:32,740  WARN [main] conf.HiveConf: HiveConf of name hive.dummyparam.test.server.specific.config.metastoresite does not exist
2024-04-24T11:27:32,740  WARN [main] conf.HiveConf: HiveConf of name hive.llap.io.cache.orc.arena.size does not exist
2024-04-24T11:27:32,740  WARN [main] conf.HiveConf: HiveConf of name hive.dummyparam.test.server.specific.config.override does not exist
2024-04-24T11:27:32,741  WARN [main] conf.HiveConf: HiveConf of name hive.metastore.metadb.dir does not exist
2024-04-24T11:27:32,741  INFO [main] common.HCatUtil: mapreduce.lib.hcatoutput.hive.conf not set. Generating configuration differences.
2024-04-24T11:27:32,741  INFO [main] common.HCatUtil: Configuration differences={datanucleus.connectionPool.maxPoolSize=4, test.property1=value1, javax.jdo.option.ConnectionUserName=APP, hive.stats.column.autogather=true, hive.llap.io.cache.orc.alloc.max=2097152, hive.query.results.cache.enabled=false, fs.pfile.impl=org.apache.hadoop.fs.ProxyLocalFileSystem, hive.querylog.location=${test.tmp.dir}/tmp, hive.metastore.rawstore.impl=org.apache.hadoop.hive.metastore.ObjectStore, hive.llap.io.use.lrfu=true, javax.jdo.option.ConnectionPassword=mine, hive.jar.path=${maven.local.repository}/org/apache/hive/hive-exec/${hive.version}/hive-exec-${hive.version}.jar, hive.default.rcfile.serde=org.apache.hadoop.hive.serde2.columnar.ColumnarSerDe, datanucleus.schema.autoCreateAll=true, test.data.scripts=${hive.root}/data/scripts, hive.users.in.admin.role=hive_admin_user, hive.llap.io.cache.orc.size=8388608, hive.exec.mode.local.auto=false, test.var.hiveconf.property=${hive.exec.default.partition.name}, hive.dummyparam.test.server.specific.config.hivesite=from.hive-site.xml, hive.materializedview.rewriting=true, hive.fetch.task.conversion=minimal, hive.dummyparam.test.server.specific.config.override=from.hive-site.xml, hive.metastore.metadb.dir=file://${test.tmp.dir}/metadb/, hive.conf.restricted.list=dummy.config.value, hive.server2.operation.log.purgePolicy.timeToLive=5s, hive.query.reexecution.stats.persist.scope=query, hive.cbo.fallback.strategy=TEST, hive.input.format=org.apache.hadoop.hive.ql.io.CombineHiveInputFormat, hive.security.authorization.manager=org.apache.hadoop.hive.ql.security.authorization.plugin.sqlstd.SQLStdHiveAuthorizerFactoryForTest, test.data.files=${hive.root}/data/files, hive.metastore.client.cache.enabled=true, hive.stats.key.prefix.reserve.length=0, hive.exec.local.scratchdir=${test.tmp.dir}/localscratchdir/, hive.exec.submit.local.task.via.child=false, hive.auto.convert.join=false, hive.llap.io.cache.orc.alloc.min=32768, hive.stats.fetch.bitvector=true, hive.llap.io.allocator.direct=false, hive.metastore.schema.verification=false, javax.jdo.option.ConnectionDriverName=org.apache.derby.jdbc.EmbeddedDriver, hive.in.test=true, hive.support.concurrency=true, hive.metastore.warehouse.dir=${test.warehouse.dir}, hive.llap.io.cache.orc.arena.size=8388608, hive.exec.scratchdir=${test.tmp.dir}/scratchdir, test.log.dir=${test.tmp.dir}/log/, hive.exec.post.hooks=org.apache.hadoop.hive.ql.hooks.PostExecutePrinter, javax.jdo.option.ConnectionURL=jdbc:derby:memory:${test.tmp.dir}/junit_metastore_db;create=true, hive.ignore.mapjoin.hint=false, hive.llap.cache.allow.synthetic.fileid=true, hive.scheduled.queries.executor.enabled=false, hive.metastore.client.cache.maxSize=10Mb, hive.metastore.client.cache.recordStats=true, hive.mapjoin.max.gc.time.percentage=0.99, hive.test.dummystats.aggregator=value2, hive.exec.pre.hooks=org.apache.hadoop.hive.ql.hooks.PreExecutePrinter, org.apache.hadoop.hive.ql.hooks.EnforceReadOnlyTables, org.apache.hadoop.hive.ql.hooks.MaterializedViewRegistryPropertiesHook, iceberg.hive.keep.stats=true, hive.strict.timestamp.conversion=false}
2024-04-24T11:27:32,743  INFO [main] HiveMetaStore.audit: ugi=alex	ip=unknown-ip-addr	cmd=get_databases: @hive#NonExistentDatabaseUsedForHealthCheck	
2024-04-24T11:27:32,745  INFO [main] HiveMetaStore.audit: ugi=alex	ip=unknown-ip-addr	cmd=get_table : tbl=hive.default.junit_parted_date	
2024-04-24T11:27:32,755  INFO [main] metastore.HMSHandler: Skipping translation for processor with null
2024-04-24T11:27:32,774  WARN [main] conf.HiveConf: HiveConf of name hive.dummyparam.test.server.specific.config.override does not exist
2024-04-24T11:27:32,774  WARN [main] conf.HiveConf: HiveConf of name hive.metastore.metadb.dir does not exist
2024-04-24T11:27:32,774  WARN [main] conf.HiveConf: HiveConf of name hive.dummyparam.test.server.specific.config.metastoresite does not exist
2024-04-24T11:27:32,774  WARN [main] conf.HiveConf: HiveConf of name hive.llap.io.cache.orc.alloc.min does not exist
2024-04-24T11:27:32,774  WARN [main] conf.HiveConf: HiveConf of name hive.metastore.client.cache.maxSize does not exist
2024-04-24T11:27:32,774  WARN [main] conf.HiveConf: HiveConf of name hive.llap.io.cache.orc.arena.size does not exist
2024-04-24T11:27:32,774  WARN [main] conf.HiveConf: HiveConf of name hive.stats.key.prefix.reserve.length does not exist
2024-04-24T11:27:32,774  WARN [main] conf.HiveConf: HiveConf of name hive.metastore.client.cache.recordStats does not exist
2024-04-24T11:27:32,774  WARN [main] conf.HiveConf: HiveConf of name hive.llap.io.cache.orc.size does not exist
2024-04-24T11:27:32,774  WARN [main] conf.HiveConf: HiveConf of name hive.dummyparam.test.server.specific.config.hivesite does not exist
2024-04-24T11:27:32,774  WARN [main] conf.HiveConf: HiveConf of name hive.llap.io.cache.orc.alloc.max does not exist
2024-04-24T11:27:32,775  INFO [main] common.HCatUtil: mapreduce.lib.hcatoutput.hive.conf is set. Applying configuration differences.
2024-04-24T11:27:32,775  INFO [main] HiveMetaStore.audit: ugi=alex	ip=unknown-ip-addr	cmd=get_databases: @hive#NonExistentDatabaseUsedForHealthCheck	
2024-04-24T11:27:32,779  INFO [main] pigstats.ScriptState: Pig features used in the script: FILTER
2024-04-24T11:27:32,787  INFO [main] optimizer.LogicalPlanOptimizer: {RULES_ENABLED=[AddForEach, ColumnMapKeyPrune, ConstantCalculator, GroupByConstParallelSetter, LimitOptimizer, LoadTypeCastInserter, MergeFilter, MergeForEach, PartitionFilterOptimizer, PredicatePushdownOptimizer, PushDownForEachFlatten, PushUpFilter, SplitFilter, StreamTypeCastInserter]}
2024-04-24T11:27:32,800  INFO [main] mapReduceLayer.MRCompiler: File concatenation threshold: 100 optimistic? false
2024-04-24T11:27:32,805  INFO [main] mapReduceLayer.MultiQueryOptimizer: MR plan size before optimization: 8
2024-04-24T11:27:32,806  INFO [main] mapReduceLayer.MultiQueryOptimizer: Merged 5 map-only splittees.
2024-04-24T11:27:32,806  INFO [main] mapReduceLayer.MultiQueryOptimizer: Merged 5 out of total 6 MR operators.
2024-04-24T11:27:32,806  INFO [main] mapReduceLayer.MultiQueryOptimizer: MR plan size after optimization: 3
2024-04-24T11:27:32,812  WARN [main] impl.MetricsSystemImpl: JobTracker metrics system already initialized!
2024-04-24T11:27:32,815  INFO [main] mapreduce.MRScriptState: Pig script settings are added to the job
2024-04-24T11:27:32,815  INFO [main] mapReduceLayer.JobControlCompiler: mapred.job.reduce.markreset.buffer.percent is not set, set to default 0.3
2024-04-24T11:27:32,816  INFO [main] mapReduceLayer.JobControlCompiler: Setting up multi store job
2024-04-24T11:27:32,816  INFO [main] data.SchemaTupleFrontend: Key [pig.schematuple] is false, will not generate code.
2024-04-24T11:27:32,816  INFO [main] data.SchemaTupleFrontend: Starting process to move generated code to distributed cacche
2024-04-24T11:27:32,816  INFO [main] data.SchemaTupleFrontend: Distributed cache not supported or needed in local mode. Setting key [pig.schematuple.local.dir] with code temp directory: /home/alex/Repositories/hive/hcatalog/hcatalog-pig-adapter/target/tmp/1713983252816-0
2024-04-24T11:27:32,824  INFO [main] mapreduce.MRScriptState: Pig script settings are added to the job
2024-04-24T11:27:32,824  INFO [main] mapReduceLayer.JobControlCompiler: mapred.job.reduce.markreset.buffer.percent is not set, set to default 0.3
2024-04-24T11:27:32,825  INFO [main] mapReduceLayer.JobControlCompiler: Setting up single store job
2024-04-24T11:27:32,825  INFO [main] data.SchemaTupleFrontend: Key [pig.schematuple] is false, will not generate code.
2024-04-24T11:27:32,826  INFO [main] data.SchemaTupleFrontend: Starting process to move generated code to distributed cacche
2024-04-24T11:27:32,826  INFO [main] data.SchemaTupleFrontend: Distributed cache not supported or needed in local mode. Setting key [pig.schematuple.local.dir] with code temp directory: /home/alex/Repositories/hive/hcatalog/hcatalog-pig-adapter/target/tmp/1713983252825-0
2024-04-24T11:27:32,831  INFO [main] mapreduce.MRScriptState: Pig script settings are added to the job
2024-04-24T11:27:32,832  INFO [main] mapReduceLayer.JobControlCompiler: mapred.job.reduce.markreset.buffer.percent is not set, set to default 0.3
2024-04-24T11:27:32,832  INFO [main] mapReduceLayer.JobControlCompiler: Setting up single store job
2024-04-24T11:27:32,833  INFO [main] data.SchemaTupleFrontend: Key [pig.schematuple] is false, will not generate code.
2024-04-24T11:27:32,833  INFO [main] data.SchemaTupleFrontend: Starting process to move generated code to distributed cacche
2024-04-24T11:27:32,833  INFO [main] data.SchemaTupleFrontend: Distributed cache not supported or needed in local mode. Setting key [pig.schematuple.local.dir] with code temp directory: /home/alex/Repositories/hive/hcatalog/hcatalog-pig-adapter/target/tmp/1713983252833-0
2024-04-24T11:27:32,839  INFO [main] mapReduceLayer.MapReduceLauncher: 3 map-reduce job(s) waiting for submission.
2024-04-24T11:27:32,842  WARN [JobControl] impl.MetricsSystemImpl: JobTracker metrics system already initialized!
2024-04-24T11:27:32,859  WARN [JobControl] conf.HiveConf: HiveConf of name hive.llap.io.cache.orc.alloc.max does not exist
2024-04-24T11:27:32,859  WARN [JobControl] conf.HiveConf: HiveConf of name hive.dummyparam.test.server.specific.config.override does not exist
2024-04-24T11:27:32,859  WARN [JobControl] conf.HiveConf: HiveConf of name hive.dummyparam.test.server.specific.config.hivesite does not exist
2024-04-24T11:27:32,859  WARN [JobControl] conf.HiveConf: HiveConf of name hive.metastore.client.cache.maxSize does not exist
2024-04-24T11:27:32,859  WARN [JobControl] conf.HiveConf: HiveConf of name hive.llap.io.cache.orc.arena.size does not exist
2024-04-24T11:27:32,859  WARN [JobControl] conf.HiveConf: HiveConf of name hive.metastore.client.cache.recordStats does not exist
2024-04-24T11:27:32,859  WARN [JobControl] conf.HiveConf: HiveConf of name hive.llap.io.cache.orc.size does not exist
2024-04-24T11:27:32,859  WARN [JobControl] conf.HiveConf: HiveConf of name hive.dummyparam.test.server.specific.config.metastoresite does not exist
2024-04-24T11:27:32,859  WARN [JobControl] conf.HiveConf: HiveConf of name hive.stats.key.prefix.reserve.length does not exist
2024-04-24T11:27:32,859  WARN [JobControl] conf.HiveConf: HiveConf of name hive.metastore.metadb.dir does not exist
2024-04-24T11:27:32,859  WARN [JobControl] conf.HiveConf: HiveConf of name hive.llap.io.cache.orc.alloc.min does not exist
2024-04-24T11:27:32,860  INFO [JobControl] common.HCatUtil: mapreduce.lib.hcatoutput.hive.conf is set. Applying configuration differences.
2024-04-24T11:27:32,860  INFO [JobControl] metastore.HiveMetaStoreClient: HMS client filtering is enabled.
2024-04-24T11:27:32,861  INFO [JobControl] metastore.HMSHandler: 6: Opening raw store with implementation class:org.apache.hadoop.hive.metastore.ObjectStore
2024-04-24T11:27:32,861  INFO [JobControl] metastore.PersistenceManagerProvider: Configuration datanucleus.autoStartMechanismMode is not set. Defaulting to 'ignored'
2024-04-24T11:27:32,862  INFO [JobControl] metastore.ObjectStore: RawStore: org.apache.hadoop.hive.metastore.ObjectStore@7dc1a6c9, with PersistenceManager: null will be shutdown
2024-04-24T11:27:32,862  INFO [JobControl] metastore.ObjectStore: RawStore: org.apache.hadoop.hive.metastore.ObjectStore@7dc1a6c9, with PersistenceManager: org.datanucleus.api.jdo.JDOPersistenceManager@7b1c163d created in the thread with id: 387
2024-04-24T11:27:32,864  INFO [JobControl] metastore.HMSHandler: Created RawStore: org.apache.hadoop.hive.metastore.ObjectStore@7dc1a6c9 from thread id: 387
2024-04-24T11:27:32,864  INFO [JobControl] metastore.HMSHandler: HMS server filtering is disabled by configuration
2024-04-24T11:27:32,865  INFO [JobControl] metastore.RetryingMetaStoreClient: RetryingMetaStoreClient proxy=class org.apache.hive.hcatalog.common.HiveClientCache$CacheableHiveMetaStoreClient ugi=alex (auth:SIMPLE) retries=1 delay=1 lifetime=0
2024-04-24T11:27:32,865  INFO [JobControl] HiveMetaStore.audit: ugi=alex	ip=unknown-ip-addr	cmd=get_databases: @hive#NonExistentDatabaseUsedForHealthCheck	
2024-04-24T11:27:32,885  WARN [JobControl] conf.HiveConf: HiveConf of name hive.llap.io.cache.orc.arena.size does not exist
2024-04-24T11:27:32,885  WARN [JobControl] conf.HiveConf: HiveConf of name hive.metastore.metadb.dir does not exist
2024-04-24T11:27:32,885  WARN [JobControl] conf.HiveConf: HiveConf of name hive.metastore.client.cache.recordStats does not exist
2024-04-24T11:27:32,885  WARN [JobControl] conf.HiveConf: HiveConf of name hive.dummyparam.test.server.specific.config.override does not exist
2024-04-24T11:27:32,885  WARN [JobControl] conf.HiveConf: HiveConf of name hive.llap.io.cache.orc.size does not exist
2024-04-24T11:27:32,886  WARN [JobControl] conf.HiveConf: HiveConf of name hive.dummyparam.test.server.specific.config.metastoresite does not exist
2024-04-24T11:27:32,886  WARN [JobControl] conf.HiveConf: HiveConf of name hive.dummyparam.test.server.specific.config.hivesite does not exist
2024-04-24T11:27:32,886  WARN [JobControl] conf.HiveConf: HiveConf of name hive.llap.io.cache.orc.alloc.max does not exist
2024-04-24T11:27:32,886  WARN [JobControl] conf.HiveConf: HiveConf of name hive.stats.key.prefix.reserve.length does not exist
2024-04-24T11:27:32,886  WARN [JobControl] conf.HiveConf: HiveConf of name hive.metastore.client.cache.maxSize does not exist
2024-04-24T11:27:32,886  WARN [JobControl] conf.HiveConf: HiveConf of name hive.llap.io.cache.orc.alloc.min does not exist
2024-04-24T11:27:32,886  INFO [JobControl] common.HCatUtil: mapreduce.lib.hcatoutput.hive.conf is set. Applying configuration differences.
2024-04-24T11:27:32,886  INFO [JobControl] HiveMetaStore.audit: ugi=alex	ip=unknown-ip-addr	cmd=get_databases: @hive#NonExistentDatabaseUsedForHealthCheck	
2024-04-24T11:27:32,903  WARN [JobControl] conf.HiveConf: HiveConf of name hive.llap.io.cache.orc.size does not exist
2024-04-24T11:27:32,903  WARN [JobControl] conf.HiveConf: HiveConf of name hive.llap.io.cache.orc.alloc.max does not exist
2024-04-24T11:27:32,903  WARN [JobControl] conf.HiveConf: HiveConf of name hive.dummyparam.test.server.specific.config.override does not exist
2024-04-24T11:27:32,903  WARN [JobControl] conf.HiveConf: HiveConf of name hive.metastore.metadb.dir does not exist
2024-04-24T11:27:32,903  WARN [JobControl] conf.HiveConf: HiveConf of name hive.dummyparam.test.server.specific.config.hivesite does not exist
2024-04-24T11:27:32,903  WARN [JobControl] conf.HiveConf: HiveConf of name hive.stats.key.prefix.reserve.length does not exist
2024-04-24T11:27:32,904  WARN [JobControl] conf.HiveConf: HiveConf of name hive.metastore.client.cache.recordStats does not exist
2024-04-24T11:27:32,904  WARN [JobControl] conf.HiveConf: HiveConf of name hive.llap.io.cache.orc.alloc.min does not exist
2024-04-24T11:27:32,904  WARN [JobControl] conf.HiveConf: HiveConf of name hive.llap.io.cache.orc.arena.size does not exist
2024-04-24T11:27:32,904  WARN [JobControl] conf.HiveConf: HiveConf of name hive.dummyparam.test.server.specific.config.metastoresite does not exist
2024-04-24T11:27:32,904  WARN [JobControl] conf.HiveConf: HiveConf of name hive.metastore.client.cache.maxSize does not exist
2024-04-24T11:27:32,904  INFO [JobControl] common.HCatUtil: mapreduce.lib.hcatoutput.hive.conf is set. Applying configuration differences.
2024-04-24T11:27:32,904  INFO [JobControl] HiveMetaStore.audit: ugi=alex	ip=unknown-ip-addr	cmd=get_databases: @hive#NonExistentDatabaseUsedForHealthCheck	
2024-04-24T11:27:32,921  WARN [JobControl] conf.HiveConf: HiveConf of name hive.dummyparam.test.server.specific.config.hivesite does not exist
2024-04-24T11:27:32,921  WARN [JobControl] conf.HiveConf: HiveConf of name hive.llap.io.cache.orc.alloc.max does not exist
2024-04-24T11:27:32,921  WARN [JobControl] conf.HiveConf: HiveConf of name hive.dummyparam.test.server.specific.config.metastoresite does not exist
2024-04-24T11:27:32,921  WARN [JobControl] conf.HiveConf: HiveConf of name hive.llap.io.cache.orc.size does not exist
2024-04-24T11:27:32,921  WARN [JobControl] conf.HiveConf: HiveConf of name hive.dummyparam.test.server.specific.config.override does not exist
2024-04-24T11:27:32,921  WARN [JobControl] conf.HiveConf: HiveConf of name hive.metastore.client.cache.maxSize does not exist
2024-04-24T11:27:32,921  WARN [JobControl] conf.HiveConf: HiveConf of name hive.metastore.client.cache.recordStats does not exist
2024-04-24T11:27:32,921  WARN [JobControl] conf.HiveConf: HiveConf of name hive.metastore.metadb.dir does not exist
2024-04-24T11:27:32,921  WARN [JobControl] conf.HiveConf: HiveConf of name hive.llap.io.cache.orc.arena.size does not exist
2024-04-24T11:27:32,921  WARN [JobControl] conf.HiveConf: HiveConf of name hive.stats.key.prefix.reserve.length does not exist
2024-04-24T11:27:32,921  WARN [JobControl] conf.HiveConf: HiveConf of name hive.llap.io.cache.orc.alloc.min does not exist
2024-04-24T11:27:32,921  INFO [JobControl] common.HCatUtil: mapreduce.lib.hcatoutput.hive.conf is set. Applying configuration differences.
2024-04-24T11:27:32,922  INFO [JobControl] HiveMetaStore.audit: ugi=alex	ip=unknown-ip-addr	cmd=get_databases: @hive#NonExistentDatabaseUsedForHealthCheck	
2024-04-24T11:27:32,938  WARN [JobControl] conf.HiveConf: HiveConf of name hive.llap.io.cache.orc.alloc.max does not exist
2024-04-24T11:27:32,938  WARN [JobControl] conf.HiveConf: HiveConf of name hive.llap.io.cache.orc.alloc.min does not exist
2024-04-24T11:27:32,938  WARN [JobControl] conf.HiveConf: HiveConf of name hive.llap.io.cache.orc.size does not exist
2024-04-24T11:27:32,938  WARN [JobControl] conf.HiveConf: HiveConf of name hive.metastore.client.cache.maxSize does not exist
2024-04-24T11:27:32,938  WARN [JobControl] conf.HiveConf: HiveConf of name hive.metastore.client.cache.recordStats does not exist
2024-04-24T11:27:32,939  WARN [JobControl] conf.HiveConf: HiveConf of name hive.metastore.metadb.dir does not exist
2024-04-24T11:27:32,939  WARN [JobControl] conf.HiveConf: HiveConf of name hive.dummyparam.test.server.specific.config.override does not exist
2024-04-24T11:27:32,939  WARN [JobControl] conf.HiveConf: HiveConf of name hive.dummyparam.test.server.specific.config.hivesite does not exist
2024-04-24T11:27:32,939  WARN [JobControl] conf.HiveConf: HiveConf of name hive.dummyparam.test.server.specific.config.metastoresite does not exist
2024-04-24T11:27:32,939  WARN [JobControl] conf.HiveConf: HiveConf of name hive.llap.io.cache.orc.arena.size does not exist
2024-04-24T11:27:32,939  WARN [JobControl] conf.HiveConf: HiveConf of name hive.stats.key.prefix.reserve.length does not exist
2024-04-24T11:27:32,939  INFO [JobControl] common.HCatUtil: mapreduce.lib.hcatoutput.hive.conf is set. Applying configuration differences.
2024-04-24T11:27:32,940  INFO [JobControl] HiveMetaStore.audit: ugi=alex	ip=unknown-ip-addr	cmd=get_databases: @hive#NonExistentDatabaseUsedForHealthCheck	
2024-04-24T11:27:32,954  WARN [JobControl] mapreduce.JobResourceUploader: Hadoop command-line option parsing not performed. Implement the Tool interface and execute your application with ToolRunner to remedy this.
2024-04-24T11:27:32,959  WARN [JobControl] mapreduce.JobResourceUploader: No job jar file set.  User classes may not be found. See Job or Job#setJar(String).
2024-04-24T11:27:32,960  INFO [JobControl] builtin.PigStorage: Using PigTextInputFormat
2024-04-24T11:27:32,961  INFO [JobControl] input.FileInputFormat: Total input files to process : 1
2024-04-24T11:27:32,961  INFO [JobControl] util.MapRedUtil: Total input paths to process : 1
2024-04-24T11:27:32,961  INFO [JobControl] util.MapRedUtil: Total input paths (combined) to process : 1
2024-04-24T11:27:32,980  INFO [JobControl] mapreduce.JobSubmitter: number of splits:1
2024-04-24T11:27:32,997  INFO [JobControl] mapreduce.JobSubmitter: Submitting tokens for job: job_local1397520750_0004
2024-04-24T11:27:32,997  INFO [JobControl] mapreduce.JobSubmitter: Executing with tokens: []
2024-04-24T11:27:33,059  INFO [JobControl] mapreduce.Job: The url to track the job: http://localhost:8080/
2024-04-24T11:27:33,060  INFO [Thread-365] mapred.LocalJobRunner: OutputCommitter set in config null
2024-04-24T11:27:33,060  WARN [JobControl] impl.MetricsSystemImpl: JobTracker metrics system already initialized!
2024-04-24T11:27:33,066  INFO [Thread-365] output.FileOutputCommitter: File Output Committer Algorithm version is 2
2024-04-24T11:27:33,066  INFO [Thread-365] output.FileOutputCommitter: FileOutputCommitter skip cleanup _temporary folders under output directory:false, ignore cleanup failures: false
2024-04-24T11:27:33,070  INFO [Thread-365] output.FileOutputCommitter: File Output Committer Algorithm version is 2
2024-04-24T11:27:33,070  INFO [Thread-365] output.FileOutputCommitter: FileOutputCommitter skip cleanup _temporary folders under output directory:false, ignore cleanup failures: false
2024-04-24T11:27:33,074  INFO [Thread-365] output.FileOutputCommitter: File Output Committer Algorithm version is 2
2024-04-24T11:27:33,074  INFO [Thread-365] output.FileOutputCommitter: FileOutputCommitter skip cleanup _temporary folders under output directory:false, ignore cleanup failures: false
2024-04-24T11:27:33,078  INFO [Thread-365] output.FileOutputCommitter: File Output Committer Algorithm version is 2
2024-04-24T11:27:33,078  INFO [Thread-365] output.FileOutputCommitter: FileOutputCommitter skip cleanup _temporary folders under output directory:false, ignore cleanup failures: false
2024-04-24T11:27:33,082  WARN [JobControl] conf.HiveConf: HiveConf of name hive.dummyparam.test.server.specific.config.override does not exist
2024-04-24T11:27:33,082  WARN [JobControl] conf.HiveConf: HiveConf of name hive.metastore.metadb.dir does not exist
2024-04-24T11:27:33,082  WARN [JobControl] conf.HiveConf: HiveConf of name hive.llap.io.cache.orc.arena.size does not exist
2024-04-24T11:27:33,082  WARN [JobControl] conf.HiveConf: HiveConf of name hive.metastore.client.cache.recordStats does not exist
2024-04-24T11:27:33,082  WARN [JobControl] conf.HiveConf: HiveConf of name hive.llap.io.cache.orc.alloc.min does not exist
2024-04-24T11:27:33,082  WARN [JobControl] conf.HiveConf: HiveConf of name hive.stats.key.prefix.reserve.length does not exist
2024-04-24T11:27:33,082  WARN [JobControl] conf.HiveConf: HiveConf of name hive.dummyparam.test.server.specific.config.hivesite does not exist
2024-04-24T11:27:33,082  WARN [JobControl] conf.HiveConf: HiveConf of name hive.llap.io.cache.orc.alloc.max does not exist
2024-04-24T11:27:33,082  WARN [JobControl] conf.HiveConf: HiveConf of name hive.dummyparam.test.server.specific.config.metastoresite does not exist
2024-04-24T11:27:33,082  WARN [JobControl] conf.HiveConf: HiveConf of name hive.llap.io.cache.orc.size does not exist
2024-04-24T11:27:33,082  WARN [JobControl] conf.HiveConf: HiveConf of name hive.metastore.client.cache.maxSize does not exist
2024-04-24T11:27:33,082  INFO [JobControl] common.HCatUtil: mapreduce.lib.hcatoutput.hive.conf is set. Applying configuration differences.
2024-04-24T11:27:33,083  INFO [JobControl] HiveMetaStore.audit: ugi=alex	ip=unknown-ip-addr	cmd=get_databases: @hive#NonExistentDatabaseUsedForHealthCheck	
2024-04-24T11:27:33,084  INFO [Thread-365] output.FileOutputCommitter: File Output Committer Algorithm version is 2
2024-04-24T11:27:33,084  INFO [Thread-365] output.FileOutputCommitter: FileOutputCommitter skip cleanup _temporary folders under output directory:false, ignore cleanup failures: false
2024-04-24T11:27:33,085  INFO [Thread-365] mapred.LocalJobRunner: OutputCommitter is org.apache.pig.backend.hadoop.executionengine.mapReduceLayer.PigOutputCommitter
2024-04-24T11:27:33,088  INFO [Thread-365] output.FileOutputCommitter: File Output Committer Algorithm version is 2
2024-04-24T11:27:33,088  INFO [Thread-365] output.FileOutputCommitter: FileOutputCommitter skip cleanup _temporary folders under output directory:false, ignore cleanup failures: false
2024-04-24T11:27:33,090  WARN [JobControl] mapreduce.JobResourceUploader: Hadoop command-line option parsing not performed. Implement the Tool interface and execute your application with ToolRunner to remedy this.
2024-04-24T11:27:33,095  WARN [JobControl] mapreduce.JobResourceUploader: No job jar file set.  User classes may not be found. See Job or Job#setJar(String).
2024-04-24T11:27:33,097  INFO [JobControl] builtin.PigStorage: Using PigTextInputFormat
2024-04-24T11:27:33,098  INFO [Thread-365] output.FileOutputCommitter: File Output Committer Algorithm version is 2
2024-04-24T11:27:33,098  INFO [Thread-365] output.FileOutputCommitter: FileOutputCommitter skip cleanup _temporary folders under output directory:false, ignore cleanup failures: false
2024-04-24T11:27:33,098  INFO [JobControl] input.FileInputFormat: Total input files to process : 1
2024-04-24T11:27:33,098  INFO [JobControl] util.MapRedUtil: Total input paths to process : 1
2024-04-24T11:27:33,098  INFO [JobControl] util.MapRedUtil: Total input paths (combined) to process : 1
2024-04-24T11:27:33,108  INFO [Thread-365] output.FileOutputCommitter: File Output Committer Algorithm version is 2
2024-04-24T11:27:33,108  INFO [Thread-365] output.FileOutputCommitter: FileOutputCommitter skip cleanup _temporary folders under output directory:false, ignore cleanup failures: false
2024-04-24T11:27:33,119  INFO [JobControl] mapreduce.JobSubmitter: number of splits:1
2024-04-24T11:27:33,119  INFO [Thread-365] output.FileOutputCommitter: File Output Committer Algorithm version is 2
2024-04-24T11:27:33,119  INFO [Thread-365] output.FileOutputCommitter: FileOutputCommitter skip cleanup _temporary folders under output directory:false, ignore cleanup failures: false
2024-04-24T11:27:33,131  INFO [Thread-365] output.FileOutputCommitter: File Output Committer Algorithm version is 2
2024-04-24T11:27:33,131  INFO [Thread-365] output.FileOutputCommitter: FileOutputCommitter skip cleanup _temporary folders under output directory:false, ignore cleanup failures: false
2024-04-24T11:27:33,134  INFO [JobControl] mapreduce.JobSubmitter: Submitting tokens for job: job_local647363083_0005
2024-04-24T11:27:33,134  INFO [JobControl] mapreduce.JobSubmitter: Executing with tokens: []
2024-04-24T11:27:33,142  INFO [Thread-365] mapred.LocalJobRunner: Waiting for map tasks
2024-04-24T11:27:33,142  INFO [LocalJobRunner Map Task Executor #0] mapred.LocalJobRunner: Starting task: attempt_local1397520750_0004_m_000000_0
2024-04-24T11:27:33,150  INFO [LocalJobRunner Map Task Executor #0] output.FileOutputCommitter: File Output Committer Algorithm version is 2
2024-04-24T11:27:33,150  INFO [LocalJobRunner Map Task Executor #0] output.FileOutputCommitter: FileOutputCommitter skip cleanup _temporary folders under output directory:false, ignore cleanup failures: false
2024-04-24T11:27:33,155  INFO [LocalJobRunner Map Task Executor #0] output.FileOutputCommitter: File Output Committer Algorithm version is 2
2024-04-24T11:27:33,155  INFO [LocalJobRunner Map Task Executor #0] output.FileOutputCommitter: FileOutputCommitter skip cleanup _temporary folders under output directory:false, ignore cleanup failures: false
2024-04-24T11:27:33,159  INFO [LocalJobRunner Map Task Executor #0] output.FileOutputCommitter: File Output Committer Algorithm version is 2
2024-04-24T11:27:33,159  INFO [LocalJobRunner Map Task Executor #0] output.FileOutputCommitter: FileOutputCommitter skip cleanup _temporary folders under output directory:false, ignore cleanup failures: false
2024-04-24T11:27:33,163  INFO [LocalJobRunner Map Task Executor #0] output.FileOutputCommitter: File Output Committer Algorithm version is 2
2024-04-24T11:27:33,163  INFO [LocalJobRunner Map Task Executor #0] output.FileOutputCommitter: FileOutputCommitter skip cleanup _temporary folders under output directory:false, ignore cleanup failures: false
2024-04-24T11:27:33,167  INFO [LocalJobRunner Map Task Executor #0] output.FileOutputCommitter: File Output Committer Algorithm version is 2
2024-04-24T11:27:33,167  INFO [LocalJobRunner Map Task Executor #0] output.FileOutputCommitter: FileOutputCommitter skip cleanup _temporary folders under output directory:false, ignore cleanup failures: false
2024-04-24T11:27:33,170  INFO [LocalJobRunner Map Task Executor #0] output.FileOutputCommitter: File Output Committer Algorithm version is 2
2024-04-24T11:27:33,170  INFO [LocalJobRunner Map Task Executor #0] output.FileOutputCommitter: FileOutputCommitter skip cleanup _temporary folders under output directory:false, ignore cleanup failures: false
2024-04-24T11:27:33,172  INFO [LocalJobRunner Map Task Executor #0] output.FileOutputCommitter: File Output Committer Algorithm version is 2
2024-04-24T11:27:33,172  INFO [LocalJobRunner Map Task Executor #0] output.FileOutputCommitter: FileOutputCommitter skip cleanup _temporary folders under output directory:false, ignore cleanup failures: false
2024-04-24T11:27:33,174  INFO [LocalJobRunner Map Task Executor #0] output.FileOutputCommitter: File Output Committer Algorithm version is 2
2024-04-24T11:27:33,174  INFO [LocalJobRunner Map Task Executor #0] output.FileOutputCommitter: FileOutputCommitter skip cleanup _temporary folders under output directory:false, ignore cleanup failures: false
2024-04-24T11:27:33,176  INFO [LocalJobRunner Map Task Executor #0] output.FileOutputCommitter: File Output Committer Algorithm version is 2
2024-04-24T11:27:33,176  INFO [LocalJobRunner Map Task Executor #0] output.FileOutputCommitter: FileOutputCommitter skip cleanup _temporary folders under output directory:false, ignore cleanup failures: false
2024-04-24T11:27:33,178  INFO [LocalJobRunner Map Task Executor #0] output.FileOutputCommitter: File Output Committer Algorithm version is 2
2024-04-24T11:27:33,178  INFO [LocalJobRunner Map Task Executor #0] output.FileOutputCommitter: FileOutputCommitter skip cleanup _temporary folders under output directory:false, ignore cleanup failures: false
2024-04-24T11:27:33,178  INFO [LocalJobRunner Map Task Executor #0] mapred.Task:  Using ResourceCalculatorProcessTree : [ ]
2024-04-24T11:27:33,179  INFO [LocalJobRunner Map Task Executor #0] mapred.MapTask: Processing split: Number of splits :1
Total Length = 54
Input split[0]:
   Length = 54
   ClassName: org.apache.hadoop.mapreduce.lib.input.FileSplit
   Locations:

-----------------------

2024-04-24T11:27:33,180  INFO [LocalJobRunner Map Task Executor #0] builtin.PigStorage: Using PigTextInputFormat
2024-04-24T11:27:33,180  INFO [LocalJobRunner Map Task Executor #0] mapReduceLayer.PigRecordReader: Current split being processed file:/home/alex/Repositories/hive/hcatalog/hcatalog-pig-adapter/build/test/data/org.apache.hive.hcatalog.mapreduce.HCatBaseTest-1713983215978/basic.input.data:0+54
2024-04-24T11:27:33,181  INFO [LocalJobRunner Map Task Executor #0] util.SpillableMemoryManager: Selected heap (PS Old Gen) of size 1431830528 to monitor. collectionUsageThreshold = 1064828928, usageThreshold = 1064828928
2024-04-24T11:27:33,182  INFO [LocalJobRunner Map Task Executor #0] data.SchemaTupleBackend: Key [pig.schematuple] was not set... will not generate code.
2024-04-24T11:27:33,184  INFO [LocalJobRunner Map Task Executor #0] mapReduceLayer.PigMapOnly$Map: Aliases being processed per job phase (AliasName[line,offset]): M: A[1,4],A[-1,-1],B2[6,5],B[5,4],C2[9,5],C[8,4] C:  R: 
2024-04-24T11:27:33,187  INFO [LocalJobRunner Map Task Executor #0] output.FileOutputCommitter: File Output Committer Algorithm version is 2
2024-04-24T11:27:33,187  INFO [LocalJobRunner Map Task Executor #0] output.FileOutputCommitter: FileOutputCommitter skip cleanup _temporary folders under output directory:false, ignore cleanup failures: false
2024-04-24T11:27:33,196  INFO [JobControl] mapreduce.Job: The url to track the job: http://localhost:8080/
2024-04-24T11:27:33,197  INFO [Thread-402] mapred.LocalJobRunner: OutputCommitter set in config null
2024-04-24T11:27:33,197  WARN [JobControl] impl.MetricsSystemImpl: JobTracker metrics system already initialized!
2024-04-24T11:27:33,202  INFO [LocalJobRunner Map Task Executor #0] output.FileOutputCommitter: File Output Committer Algorithm version is 2
2024-04-24T11:27:33,202  INFO [LocalJobRunner Map Task Executor #0] output.FileOutputCommitter: FileOutputCommitter skip cleanup _temporary folders under output directory:false, ignore cleanup failures: false
2024-04-24T11:27:33,203  INFO [Thread-402] mapred.LocalJobRunner: OutputCommitter is org.apache.pig.backend.hadoop.executionengine.mapReduceLayer.PigOutputCommitter
2024-04-24T11:27:33,205  INFO [Thread-402] mapred.LocalJobRunner: Waiting for map tasks
2024-04-24T11:27:33,205  INFO [LocalJobRunner Map Task Executor #0] mapred.LocalJobRunner: Starting task: attempt_local647363083_0005_m_000000_0
2024-04-24T11:27:33,214  INFO [LocalJobRunner Map Task Executor #0] mapred.Task:  Using ResourceCalculatorProcessTree : [ ]
2024-04-24T11:27:33,214  INFO [LocalJobRunner Map Task Executor #0] mapred.MapTask: Processing split: Number of splits :1
Total Length = 65
Input split[0]:
   Length = 65
   ClassName: org.apache.hadoop.mapreduce.lib.input.FileSplit
   Locations:

-----------------------

2024-04-24T11:27:33,216  INFO [LocalJobRunner Map Task Executor #0] builtin.PigStorage: Using PigTextInputFormat
2024-04-24T11:27:33,216  INFO [LocalJobRunner Map Task Executor #0] mapReduceLayer.PigRecordReader: Current split being processed file:/home/alex/Repositories/hive/hcatalog/hcatalog-pig-adapter/build/test/data/org.apache.hive.hcatalog.mapreduce.HCatBaseTest-1713983215978/datetimestamp.input.data:0+65
2024-04-24T11:27:33,217  INFO [LocalJobRunner Map Task Executor #0] output.FileOutputCommitter: File Output Committer Algorithm version is 2
2024-04-24T11:27:33,217  INFO [LocalJobRunner Map Task Executor #0] output.FileOutputCommitter: FileOutputCommitter skip cleanup _temporary folders under output directory:false, ignore cleanup failures: false
2024-04-24T11:27:33,220  WARN [JobControl] conf.HiveConf: HiveConf of name hive.dummyparam.test.server.specific.config.metastoresite does not exist
2024-04-24T11:27:33,220  WARN [JobControl] conf.HiveConf: HiveConf of name hive.dummyparam.test.server.specific.config.hivesite does not exist
2024-04-24T11:27:33,220  WARN [JobControl] conf.HiveConf: HiveConf of name hive.llap.io.cache.orc.alloc.max does not exist
2024-04-24T11:27:33,220  WARN [JobControl] conf.HiveConf: HiveConf of name hive.metastore.client.cache.maxSize does not exist
2024-04-24T11:27:33,220  WARN [JobControl] conf.HiveConf: HiveConf of name hive.stats.key.prefix.reserve.length does not exist
2024-04-24T11:27:33,220  WARN [JobControl] conf.HiveConf: HiveConf of name hive.llap.io.cache.orc.alloc.min does not exist
2024-04-24T11:27:33,220  WARN [JobControl] conf.HiveConf: HiveConf of name hive.llap.io.cache.orc.size does not exist
2024-04-24T11:27:33,220  WARN [JobControl] conf.HiveConf: HiveConf of name hive.llap.io.cache.orc.arena.size does not exist
2024-04-24T11:27:33,220  WARN [JobControl] conf.HiveConf: HiveConf of name hive.metastore.client.cache.recordStats does not exist
2024-04-24T11:27:33,220  WARN [JobControl] conf.HiveConf: HiveConf of name hive.metastore.metadb.dir does not exist
2024-04-24T11:27:33,220  WARN [JobControl] conf.HiveConf: HiveConf of name hive.dummyparam.test.server.specific.config.override does not exist
2024-04-24T11:27:33,220  INFO [JobControl] common.HCatUtil: mapreduce.lib.hcatoutput.hive.conf is set. Applying configuration differences.
2024-04-24T11:27:33,221  INFO [JobControl] HiveMetaStore.audit: ugi=alex	ip=unknown-ip-addr	cmd=get_databases: @hive#NonExistentDatabaseUsedForHealthCheck	
2024-04-24T11:27:33,222  INFO [LocalJobRunner Map Task Executor #0] util.SpillableMemoryManager: Selected heap (PS Old Gen) of size 1431830528 to monitor. collectionUsageThreshold = 1064828928, usageThreshold = 1064828928
2024-04-24T11:27:33,222  WARN [LocalJobRunner Map Task Executor #0] data.SchemaTupleBackend: SchemaTupleBackend has already been initialized
2024-04-24T11:27:33,223  INFO [LocalJobRunner Map Task Executor #0] mapReduceLayer.PigMapOnly$Map: Aliases being processed per job phase (AliasName[line,offset]): M: E[13,4],F[-1,-1] C:  R: 
2024-04-24T11:27:33,227  INFO [LocalJobRunner Map Task Executor #0] output.FileOutputCommitter: File Output Committer Algorithm version is 2
2024-04-24T11:27:33,228  INFO [LocalJobRunner Map Task Executor #0] output.FileOutputCommitter: FileOutputCommitter skip cleanup _temporary folders under output directory:false, ignore cleanup failures: false
2024-04-24T11:27:33,229  WARN [JobControl] mapreduce.JobResourceUploader: Hadoop command-line option parsing not performed. Implement the Tool interface and execute your application with ToolRunner to remedy this.
2024-04-24T11:27:33,234  WARN [JobControl] mapreduce.JobResourceUploader: No job jar file set.  User classes may not be found. See Job or Job#setJar(String).
2024-04-24T11:27:33,235  INFO [JobControl] builtin.PigStorage: Using PigTextInputFormat
2024-04-24T11:27:33,235  INFO [LocalJobRunner Map Task Executor #0] output.FileOutputCommitter: File Output Committer Algorithm version is 2
2024-04-24T11:27:33,235  INFO [LocalJobRunner Map Task Executor #0] output.FileOutputCommitter: FileOutputCommitter skip cleanup _temporary folders under output directory:false, ignore cleanup failures: false
2024-04-24T11:27:33,236  INFO [JobControl] input.FileInputFormat: Total input files to process : 1
2024-04-24T11:27:33,236  INFO [JobControl] util.MapRedUtil: Total input paths to process : 1
2024-04-24T11:27:33,236  INFO [JobControl] util.MapRedUtil: Total input paths (combined) to process : 1
2024-04-24T11:27:33,239  INFO [LocalJobRunner Map Task Executor #0] output.FileOutputCommitter: File Output Committer Algorithm version is 2
2024-04-24T11:27:33,239  INFO [LocalJobRunner Map Task Executor #0] output.FileOutputCommitter: FileOutputCommitter skip cleanup _temporary folders under output directory:false, ignore cleanup failures: false
2024-04-24T11:27:33,252  INFO [LocalJobRunner Map Task Executor #0] output.FileOutputCommitter: File Output Committer Algorithm version is 2
2024-04-24T11:27:33,252  INFO [LocalJobRunner Map Task Executor #0] output.FileOutputCommitter: FileOutputCommitter skip cleanup _temporary folders under output directory:false, ignore cleanup failures: false
2024-04-24T11:27:33,253  INFO [LocalJobRunner Map Task Executor #0] output.FileOutputCommitter: File Output Committer Algorithm version is 2
2024-04-24T11:27:33,253  INFO [LocalJobRunner Map Task Executor #0] output.FileOutputCommitter: FileOutputCommitter skip cleanup _temporary folders under output directory:false, ignore cleanup failures: false
2024-04-24T11:27:33,256  INFO [JobControl] mapreduce.JobSubmitter: number of splits:1
2024-04-24T11:27:33,261  INFO [LocalJobRunner Map Task Executor #0] output.FileOutputCommitter: File Output Committer Algorithm version is 2
2024-04-24T11:27:33,261  INFO [LocalJobRunner Map Task Executor #0] output.FileOutputCommitter: FileOutputCommitter skip cleanup _temporary folders under output directory:false, ignore cleanup failures: false
2024-04-24T11:27:33,267  INFO [LocalJobRunner Map Task Executor #0] io.RCFile: Column#0 : Plain Total Column Value Length: 9,  Compr Total Column Value Length: 9
2024-04-24T11:27:33,267  INFO [LocalJobRunner Map Task Executor #0] io.RCFile: Column#1 : Plain Total Column Value Length: 27,  Compr Total Column Value Length: 27
2024-04-24T11:27:33,267  INFO [LocalJobRunner Map Task Executor #0] io.RCFile: Column#0 : Plain Total Column Value Length: 9,  Compr Total Column Value Length: 9
2024-04-24T11:27:33,267  INFO [LocalJobRunner Map Task Executor #0] io.RCFile: Column#1 : Plain Total Column Value Length: 27,  Compr Total Column Value Length: 27
2024-04-24T11:27:33,267  INFO [LocalJobRunner Map Task Executor #0] io.RCFile: Column#0 : Plain Total Column Value Length: 9,  Compr Total Column Value Length: 9
2024-04-24T11:27:33,267  INFO [LocalJobRunner Map Task Executor #0] io.RCFile: Column#1 : Plain Total Column Value Length: 27,  Compr Total Column Value Length: 27
2024-04-24T11:27:33,267  INFO [LocalJobRunner Map Task Executor #0] io.RCFile: Column#0 : Plain Total Column Value Length: 3,  Compr Total Column Value Length: 3
2024-04-24T11:27:33,267  INFO [LocalJobRunner Map Task Executor #0] io.RCFile: Column#1 : Plain Total Column Value Length: 9,  Compr Total Column Value Length: 9
2024-04-24T11:27:33,267  INFO [LocalJobRunner Map Task Executor #0] io.RCFile: Column#0 : Plain Total Column Value Length: 6,  Compr Total Column Value Length: 6
2024-04-24T11:27:33,267  INFO [LocalJobRunner Map Task Executor #0] io.RCFile: Column#1 : Plain Total Column Value Length: 18,  Compr Total Column Value Length: 18
2024-04-24T11:27:33,267  INFO [LocalJobRunner Map Task Executor #0] mapred.LocalJobRunner: 
2024-04-24T11:27:33,268  INFO [LocalJobRunner Map Task Executor #0] mapred.Task: Task:attempt_local1397520750_0004_m_000000_0 is done. And is in the process of committing
2024-04-24T11:27:33,270  INFO [LocalJobRunner Map Task Executor #0] output.FileOutputCommitter: File Output Committer Algorithm version is 2
2024-04-24T11:27:33,270  INFO [LocalJobRunner Map Task Executor #0] output.FileOutputCommitter: FileOutputCommitter skip cleanup _temporary folders under output directory:false, ignore cleanup failures: false
2024-04-24T11:27:33,271  INFO [JobControl] mapreduce.JobSubmitter: Submitting tokens for job: job_local220348449_0006
2024-04-24T11:27:33,271  INFO [JobControl] mapreduce.JobSubmitter: Executing with tokens: []
2024-04-24T11:27:33,273  INFO [LocalJobRunner Map Task Executor #0] mapred.LocalJobRunner: 
2024-04-24T11:27:33,273  INFO [LocalJobRunner Map Task Executor #0] io.RCFile: Column#0 : Plain Total Column Value Length: 11,  Compr Total Column Value Length: 11
2024-04-24T11:27:33,273  INFO [LocalJobRunner Map Task Executor #0] io.RCFile: Column#0 : Plain Total Column Value Length: 12,  Compr Total Column Value Length: 12
2024-04-24T11:27:33,274  INFO [LocalJobRunner Map Task Executor #0] mapreduce.TaskCommitContextRegistry: Registering committer for TaskAttemptID:attempt_local647363083_0005_m_000000_0@file:/home/alex/Repositories/hive/hcatalog/hcatalog-pig-adapter/build/test/data/org.apache.hive.hcatalog.mapreduce.HCatBaseTest-1713983215978/warehouse/junit_parted_date/_DYN0.35041322157370247/dt=__HIVE_DEFAULT_PARTITION__
2024-04-24T11:27:33,274  INFO [LocalJobRunner Map Task Executor #0] mapred.Task: Task:attempt_local647363083_0005_m_000000_0 is done. And is in the process of committing
2024-04-24T11:27:33,276  INFO [LocalJobRunner Map Task Executor #0] mapred.LocalJobRunner: 
2024-04-24T11:27:33,276  INFO [LocalJobRunner Map Task Executor #0] mapred.Task: Task attempt_local647363083_0005_m_000000_0 is allowed to commit now
2024-04-24T11:27:33,278  INFO [LocalJobRunner Map Task Executor #0] mapreduce.TaskCommitContextRegistry: Committing TaskAttempt:attempt_local647363083_0005_m_000000_0@file:/home/alex/Repositories/hive/hcatalog/hcatalog-pig-adapter/build/test/data/org.apache.hive.hcatalog.mapreduce.HCatBaseTest-1713983215978/warehouse/junit_parted_date/_DYN0.35041322157370247/dt=__HIVE_DEFAULT_PARTITION__
2024-04-24T11:27:33,278  INFO [LocalJobRunner Map Task Executor #0] mapreduce.DynamicPartitionFileRecordWriterContainer: Committing task-attempt for file:/home/alex/Repositories/hive/hcatalog/hcatalog-pig-adapter/build/test/data/org.apache.hive.hcatalog.mapreduce.HCatBaseTest-1713983215978/warehouse/junit_parted_date/_DYN0.35041322157370247/dt=2016-07-15 18%3A54%3A55
2024-04-24T11:27:33,279  INFO [LocalJobRunner Map Task Executor #0] mapred.LocalJobRunner: 
2024-04-24T11:27:33,279  INFO [LocalJobRunner Map Task Executor #0] mapred.Task: Task attempt_local1397520750_0004_m_000000_0 is allowed to commit now
2024-04-24T11:27:33,280  INFO [LocalJobRunner Map Task Executor #0] output.FileOutputCommitter: Saved output of task 'attempt_local647363083_0005_m_000000_0' to file:/home/alex/Repositories/hive/hcatalog/hcatalog-pig-adapter/build/test/data/org.apache.hive.hcatalog.mapreduce.HCatBaseTest-1713983215978/warehouse/junit_parted_date/_DYN0.35041322157370247/dt=2016-07-15 18%3A54%3A55
2024-04-24T11:27:33,280  INFO [LocalJobRunner Map Task Executor #0] mapreduce.DynamicPartitionFileRecordWriterContainer: Committing task-attempt for file:/home/alex/Repositories/hive/hcatalog/hcatalog-pig-adapter/build/test/data/org.apache.hive.hcatalog.mapreduce.HCatBaseTest-1713983215978/warehouse/junit_parted_date/_DYN0.35041322157370247/dt=2016-07-14 15%3A10%3A15
2024-04-24T11:27:33,281  INFO [LocalJobRunner Map Task Executor #0] output.FileOutputCommitter: Saved output of task 'attempt_local647363083_0005_m_000000_0' to file:/home/alex/Repositories/hive/hcatalog/hcatalog-pig-adapter/build/test/data/org.apache.hive.hcatalog.mapreduce.HCatBaseTest-1713983215978/warehouse/junit_parted_date/_DYN0.35041322157370247/dt=2016-07-14 15%3A10%3A15
2024-04-24T11:27:33,281  INFO [LocalJobRunner Map Task Executor #0] output.FileOutputCommitter: File Output Committer Algorithm version is 2
2024-04-24T11:27:33,281  INFO [LocalJobRunner Map Task Executor #0] output.FileOutputCommitter: FileOutputCommitter skip cleanup _temporary folders under output directory:false, ignore cleanup failures: false
2024-04-24T11:27:33,281  INFO [LocalJobRunner Map Task Executor #0] mapreduce.TaskCommitContextRegistry: Discarding all cleanup for TaskAttemptID:attempt_local647363083_0005_m_000000_0@file:/home/alex/Repositories/hive/hcatalog/hcatalog-pig-adapter/build/test/data/org.apache.hive.hcatalog.mapreduce.HCatBaseTest-1713983215978/warehouse/junit_parted_date/_DYN0.35041322157370247/dt=__HIVE_DEFAULT_PARTITION__
2024-04-24T11:27:33,282  INFO [LocalJobRunner Map Task Executor #0] mapred.LocalJobRunner: map
2024-04-24T11:27:33,282  INFO [LocalJobRunner Map Task Executor #0] mapred.Task: Task 'attempt_local647363083_0005_m_000000_0' done.
2024-04-24T11:27:33,282  INFO [LocalJobRunner Map Task Executor #0] mapred.Task: Final Counters for attempt_local647363083_0005_m_000000_0: Counters: 16
	File System Counters
		FILE: Number of bytes read=5483
		FILE: Number of bytes written=3281094
		FILE: Number of read operations=0
		FILE: Number of large read operations=0
		FILE: Number of write operations=0
	Map-Reduce Framework
		Map input records=2
		Map output records=2
		Input split bytes=494
		Spilled Records=0
		Failed Shuffles=0
		Merged Map outputs=0
		GC time elapsed (ms)=0
		Total committed heap usage (bytes)=978845696
	MultiStoreCounters
		Output records in _2_junit_specific_db.junit_specific_size2=0
	File Input Format Counters 
		Bytes Read=0
	File Output Format Counters 
		Bytes Written=0
2024-04-24T11:27:33,282  INFO [LocalJobRunner Map Task Executor #0] mapred.LocalJobRunner: Finishing task: attempt_local647363083_0005_m_000000_0
2024-04-24T11:27:33,282  INFO [Thread-402] mapred.LocalJobRunner: map task executor complete.
2024-04-24T11:27:33,285  INFO [LocalJobRunner Map Task Executor #0] output.FileOutputCommitter: Saved output of task 'attempt_local1397520750_0004_m_000000_0' to file:/home/alex/Repositories/hive/hcatalog/hcatalog-pig-adapter/build/test/data/org.apache.hive.hcatalog.mapreduce.HCatBaseTest-1713983215978/warehouse/junit_unparted_basic/_SCRATCH0,37171982186729935
2024-04-24T11:27:33,286  INFO [LocalJobRunner Map Task Executor #0] output.FileOutputCommitter: File Output Committer Algorithm version is 2
2024-04-24T11:27:33,286  INFO [LocalJobRunner Map Task Executor #0] output.FileOutputCommitter: FileOutputCommitter skip cleanup _temporary folders under output directory:false, ignore cleanup failures: false
2024-04-24T11:27:33,288  INFO [LocalJobRunner Map Task Executor #0] output.FileOutputCommitter: Saved output of task 'attempt_local1397520750_0004_m_000000_0' to file:/home/alex/Repositories/hive/hcatalog/hcatalog-pig-adapter/build/test/data/org.apache.hive.hcatalog.mapreduce.HCatBaseTest-1713983215978/warehouse/junit_specific_size/_SCRATCH0,13730362855321954
2024-04-24T11:27:33,289  INFO [LocalJobRunner Map Task Executor #0] output.FileOutputCommitter: File Output Committer Algorithm version is 2
2024-04-24T11:27:33,289  INFO [LocalJobRunner Map Task Executor #0] output.FileOutputCommitter: FileOutputCommitter skip cleanup _temporary folders under output directory:false, ignore cleanup failures: false
2024-04-24T11:27:33,291  INFO [LocalJobRunner Map Task Executor #0] output.FileOutputCommitter: Saved output of task 'attempt_local1397520750_0004_m_000000_0' to file:/home/alex/Repositories/hive/hcatalog/hcatalog-pig-adapter/build/test/data/org.apache.hive.hcatalog.mapreduce.HCatBaseTest-1713983215978/warehouse/junit_specific_db.db/junit_specific_size2/_SCRATCH0,3616132058549659
2024-04-24T11:27:33,292  INFO [Thread-402] output.FileOutputCommitter: File Output Committer Algorithm version is 2
2024-04-24T11:27:33,292  INFO [Thread-402] output.FileOutputCommitter: FileOutputCommitter skip cleanup _temporary folders under output directory:false, ignore cleanup failures: false
2024-04-24T11:27:33,292  INFO [LocalJobRunner Map Task Executor #0] output.FileOutputCommitter: File Output Committer Algorithm version is 2
2024-04-24T11:27:33,292  INFO [LocalJobRunner Map Task Executor #0] output.FileOutputCommitter: FileOutputCommitter skip cleanup _temporary folders under output directory:false, ignore cleanup failures: false
2024-04-24T11:27:33,294  INFO [LocalJobRunner Map Task Executor #0] output.FileOutputCommitter: Saved output of task 'attempt_local1397520750_0004_m_000000_0' to file:/home/alex/Repositories/hive/hcatalog/hcatalog-pig-adapter/build/test/data/org.apache.hive.hcatalog.mapreduce.HCatBaseTest-1713983215978/warehouse/junit_parted_basic/_SCRATCH0,18470094956057093/bkt=0
2024-04-24T11:27:33,296  INFO [LocalJobRunner Map Task Executor #0] output.FileOutputCommitter: File Output Committer Algorithm version is 2
2024-04-24T11:27:33,296  INFO [LocalJobRunner Map Task Executor #0] output.FileOutputCommitter: FileOutputCommitter skip cleanup _temporary folders under output directory:false, ignore cleanup failures: false
2024-04-24T11:27:33,297  INFO [LocalJobRunner Map Task Executor #0] output.FileOutputCommitter: Saved output of task 'attempt_local1397520750_0004_m_000000_0' to file:/home/alex/Repositories/hive/hcatalog/hcatalog-pig-adapter/build/test/data/org.apache.hive.hcatalog.mapreduce.HCatBaseTest-1713983215978/warehouse/junit_parted_basic/_SCRATCH0,1806826517156478/bkt=1
2024-04-24T11:27:33,298  INFO [LocalJobRunner Map Task Executor #0] mapred.LocalJobRunner: map
2024-04-24T11:27:33,298  INFO [LocalJobRunner Map Task Executor #0] mapred.Task: Task 'attempt_local1397520750_0004_m_000000_0' done.
2024-04-24T11:27:33,298  INFO [LocalJobRunner Map Task Executor #0] mapred.Task: Final Counters for attempt_local1397520750_0004_m_000000_0: Counters: 20
	File System Counters
		FILE: Number of bytes read=5483
		FILE: Number of bytes written=3281094
		FILE: Number of read operations=0
		FILE: Number of large read operations=0
		FILE: Number of write operations=0
	Map-Reduce Framework
		Map input records=9
		Map output records=0
		Input split bytes=486
		Spilled Records=0
		Failed Shuffles=0
		Merged Map outputs=0
		GC time elapsed (ms)=0
		Total committed heap usage (bytes)=978845696
	MultiStoreCounters
		Output records in _0_junit_unparted_basic=9
		Output records in _1_junit_specific_size=9
		Output records in _2_junit_specific_db.junit_specific_size2=9
		Output records in _3_junit_parted_basic=3
		Output records in _4_junit_parted_basic=6
	File Input Format Counters 
		Bytes Read=0
	File Output Format Counters 
		Bytes Written=0
2024-04-24T11:27:33,298  INFO [LocalJobRunner Map Task Executor #0] mapred.LocalJobRunner: Finishing task: attempt_local1397520750_0004_m_000000_0
2024-04-24T11:27:33,298  INFO [Thread-365] mapred.LocalJobRunner: map task executor complete.
2024-04-24T11:27:33,299  INFO [Thread-402] output.FileOutputCommitter: File Output Committer Algorithm version is 2
2024-04-24T11:27:33,299  INFO [Thread-402] output.FileOutputCommitter: FileOutputCommitter skip cleanup _temporary folders under output directory:false, ignore cleanup failures: false
2024-04-24T11:27:33,325  INFO [JobControl] mapreduce.Job: The url to track the job: http://localhost:8080/
2024-04-24T11:27:33,326  INFO [Thread-459] mapred.LocalJobRunner: OutputCommitter set in config null
2024-04-24T11:27:33,332  INFO [Thread-459] output.FileOutputCommitter: File Output Committer Algorithm version is 2
2024-04-24T11:27:33,332  INFO [Thread-459] output.FileOutputCommitter: FileOutputCommitter skip cleanup _temporary folders under output directory:false, ignore cleanup failures: false
2024-04-24T11:27:33,333  INFO [Thread-459] mapred.LocalJobRunner: OutputCommitter is org.apache.pig.backend.hadoop.executionengine.mapReduceLayer.PigOutputCommitter
2024-04-24T11:27:33,335  INFO [Thread-459] output.FileOutputCommitter: File Output Committer Algorithm version is 2
2024-04-24T11:27:33,335  INFO [Thread-459] output.FileOutputCommitter: FileOutputCommitter skip cleanup _temporary folders under output directory:false, ignore cleanup failures: false
2024-04-24T11:27:33,341  INFO [main] mapReduceLayer.MapReduceLauncher: HadoopJobId: job_local1397520750_0004
2024-04-24T11:27:33,341  INFO [main] mapReduceLayer.MapReduceLauncher: Processing aliases A,B,B2,C,C2
2024-04-24T11:27:33,341  INFO [main] mapReduceLayer.MapReduceLauncher: detailed locations: M: A[1,4],A[-1,-1],B2[6,5],B[5,4],C2[9,5],C[8,4] C:  R: 
2024-04-24T11:27:33,343  INFO [Thread-459] mapred.LocalJobRunner: Waiting for map tasks
2024-04-24T11:27:33,343  INFO [LocalJobRunner Map Task Executor #0] mapred.LocalJobRunner: Starting task: attempt_local220348449_0006_m_000000_0
2024-04-24T11:27:33,344  INFO [main] mapReduceLayer.MapReduceLauncher: HadoopJobId: job_local647363083_0005
2024-04-24T11:27:33,344  INFO [main] mapReduceLayer.MapReduceLauncher: Processing aliases E,F
2024-04-24T11:27:33,344  INFO [main] mapReduceLayer.MapReduceLauncher: detailed locations: M: E[13,4],F[-1,-1] C:  R: 
2024-04-24T11:27:33,344  INFO [main] mapReduceLayer.MapReduceLauncher: HadoopJobId: job_local220348449_0006
2024-04-24T11:27:33,344  INFO [main] mapReduceLayer.MapReduceLauncher: Processing aliases D
2024-04-24T11:27:33,344  INFO [main] mapReduceLayer.MapReduceLauncher: detailed locations: M: D[11,4],D[-1,-1] C:  R: 
2024-04-24T11:27:33,346  INFO [main] mapReduceLayer.MapReduceLauncher: 33% complete
2024-04-24T11:27:33,346  INFO [main] mapReduceLayer.MapReduceLauncher: Running jobs are [job_local1397520750_0004,job_local647363083_0005,job_local220348449_0006]
2024-04-24T11:27:33,346  WARN [Thread-402] conf.HiveConf: HiveConf of name hive.metastore.metadb.dir does not exist
2024-04-24T11:27:33,346  WARN [Thread-402] conf.HiveConf: HiveConf of name hive.dummyparam.test.server.specific.config.override does not exist
2024-04-24T11:27:33,346  WARN [Thread-402] conf.HiveConf: HiveConf of name hive.metastore.client.cache.maxSize does not exist
2024-04-24T11:27:33,346  WARN [Thread-402] conf.HiveConf: HiveConf of name hive.dummyparam.test.server.specific.config.metastoresite does not exist
2024-04-24T11:27:33,346  WARN [Thread-402] conf.HiveConf: HiveConf of name hive.llap.io.cache.orc.size does not exist
2024-04-24T11:27:33,346  WARN [Thread-402] conf.HiveConf: HiveConf of name hive.llap.io.cache.orc.arena.size does not exist
2024-04-24T11:27:33,346  WARN [Thread-402] conf.HiveConf: HiveConf of name hive.stats.key.prefix.reserve.length does not exist
2024-04-24T11:27:33,346  WARN [Thread-402] conf.HiveConf: HiveConf of name hive.metastore.client.cache.recordStats does not exist
2024-04-24T11:27:33,347  WARN [Thread-402] conf.HiveConf: HiveConf of name hive.dummyparam.test.server.specific.config.hivesite does not exist
2024-04-24T11:27:33,347  WARN [Thread-402] conf.HiveConf: HiveConf of name hive.llap.io.cache.orc.alloc.min does not exist
2024-04-24T11:27:33,347  WARN [Thread-402] conf.HiveConf: HiveConf of name hive.llap.io.cache.orc.alloc.max does not exist
2024-04-24T11:27:33,347  INFO [Thread-402] common.HCatUtil: mapreduce.lib.hcatoutput.hive.conf is set. Applying configuration differences.
2024-04-24T11:27:33,348  INFO [Thread-402] metastore.HiveMetaStoreClient: HMS client filtering is enabled.
2024-04-24T11:27:33,348  INFO [Thread-402] metastore.HMSHandler: 7: Opening raw store with implementation class:org.apache.hadoop.hive.metastore.ObjectStore
2024-04-24T11:27:33,348  INFO [Thread-402] metastore.PersistenceManagerProvider: Configuration datanucleus.autoStartMechanismMode is not set. Defaulting to 'ignored'
2024-04-24T11:27:33,349  INFO [Thread-402] metastore.ObjectStore: RawStore: org.apache.hadoop.hive.metastore.ObjectStore@3cd4b89d, with PersistenceManager: null will be shutdown
2024-04-24T11:27:33,349  INFO [Thread-402] metastore.ObjectStore: RawStore: org.apache.hadoop.hive.metastore.ObjectStore@3cd4b89d, with PersistenceManager: org.datanucleus.api.jdo.JDOPersistenceManager@387a3150 created in the thread with id: 444
2024-04-24T11:27:33,350  WARN [Thread-365] conf.HiveConf: HiveConf of name hive.dummyparam.test.server.specific.config.hivesite does not exist
2024-04-24T11:27:33,350  WARN [Thread-365] conf.HiveConf: HiveConf of name hive.metastore.metadb.dir does not exist
2024-04-24T11:27:33,350  WARN [Thread-365] conf.HiveConf: HiveConf of name hive.llap.io.cache.orc.alloc.min does not exist
2024-04-24T11:27:33,350  WARN [Thread-365] conf.HiveConf: HiveConf of name hive.dummyparam.test.server.specific.config.override does not exist
2024-04-24T11:27:33,350  WARN [Thread-365] conf.HiveConf: HiveConf of name hive.dummyparam.test.server.specific.config.metastoresite does not exist
2024-04-24T11:27:33,350  WARN [Thread-365] conf.HiveConf: HiveConf of name hive.metastore.client.cache.maxSize does not exist
2024-04-24T11:27:33,350  WARN [Thread-365] conf.HiveConf: HiveConf of name hive.llap.io.cache.orc.arena.size does not exist
2024-04-24T11:27:33,350  WARN [Thread-365] conf.HiveConf: HiveConf of name hive.llap.io.cache.orc.size does not exist
2024-04-24T11:27:33,350  WARN [Thread-365] conf.HiveConf: HiveConf of name hive.metastore.client.cache.recordStats does not exist
2024-04-24T11:27:33,350  WARN [Thread-365] conf.HiveConf: HiveConf of name hive.llap.io.cache.orc.alloc.max does not exist
2024-04-24T11:27:33,350  WARN [Thread-365] conf.HiveConf: HiveConf of name hive.stats.key.prefix.reserve.length does not exist
2024-04-24T11:27:33,351  INFO [Thread-365] common.HCatUtil: mapreduce.lib.hcatoutput.hive.conf is set. Applying configuration differences.
2024-04-24T11:27:33,351  INFO [Thread-402] metastore.HMSHandler: Created RawStore: org.apache.hadoop.hive.metastore.ObjectStore@3cd4b89d from thread id: 444
2024-04-24T11:27:33,351  INFO [Thread-402] metastore.HMSHandler: HMS server filtering is disabled by configuration
2024-04-24T11:27:33,351  INFO [Thread-402] metastore.RetryingMetaStoreClient: RetryingMetaStoreClient proxy=class org.apache.hive.hcatalog.common.HiveClientCache$CacheableHiveMetaStoreClient ugi=alex (auth:SIMPLE) retries=1 delay=1 lifetime=0
2024-04-24T11:27:33,351  INFO [Thread-402] HiveMetaStore.audit: ugi=alex	ip=unknown-ip-addr	cmd=get_databases: @hive#NonExistentDatabaseUsedForHealthCheck	
2024-04-24T11:27:33,352  INFO [Thread-365] metastore.HiveMetaStoreClient: HMS client filtering is enabled.
2024-04-24T11:27:33,353  INFO [Thread-365] metastore.HMSHandler: 8: Opening raw store with implementation class:org.apache.hadoop.hive.metastore.ObjectStore
2024-04-24T11:27:33,354  INFO [Thread-365] metastore.PersistenceManagerProvider: Configuration datanucleus.autoStartMechanismMode is not set. Defaulting to 'ignored'
2024-04-24T11:27:33,354  INFO [Thread-365] metastore.ObjectStore: RawStore: org.apache.hadoop.hive.metastore.ObjectStore@8516375, with PersistenceManager: null will be shutdown
2024-04-24T11:27:33,354  INFO [Thread-365] metastore.ObjectStore: RawStore: org.apache.hadoop.hive.metastore.ObjectStore@8516375, with PersistenceManager: org.datanucleus.api.jdo.JDOPersistenceManager@72a0c722 created in the thread with id: 407
2024-04-24T11:27:33,355  INFO [LocalJobRunner Map Task Executor #0] output.FileOutputCommitter: File Output Committer Algorithm version is 2
2024-04-24T11:27:33,355  INFO [LocalJobRunner Map Task Executor #0] output.FileOutputCommitter: FileOutputCommitter skip cleanup _temporary folders under output directory:false, ignore cleanup failures: false
2024-04-24T11:27:33,357  INFO [Thread-365] metastore.HMSHandler: Created RawStore: org.apache.hadoop.hive.metastore.ObjectStore@8516375 from thread id: 407
2024-04-24T11:27:33,357  INFO [Thread-365] metastore.HMSHandler: HMS server filtering is disabled by configuration
2024-04-24T11:27:33,358  INFO [Thread-365] metastore.RetryingMetaStoreClient: RetryingMetaStoreClient proxy=class org.apache.hive.hcatalog.common.HiveClientCache$CacheableHiveMetaStoreClient ugi=alex (auth:SIMPLE) retries=1 delay=1 lifetime=0
2024-04-24T11:27:33,358  INFO [Thread-365] HiveMetaStore.audit: ugi=alex	ip=unknown-ip-addr	cmd=get_databases: @hive#NonExistentDatabaseUsedForHealthCheck	
2024-04-24T11:27:33,360  INFO [LocalJobRunner Map Task Executor #0] output.FileOutputCommitter: File Output Committer Algorithm version is 2
2024-04-24T11:27:33,360  INFO [LocalJobRunner Map Task Executor #0] output.FileOutputCommitter: FileOutputCommitter skip cleanup _temporary folders under output directory:false, ignore cleanup failures: false
2024-04-24T11:27:33,360  INFO [LocalJobRunner Map Task Executor #0] mapred.Task:  Using ResourceCalculatorProcessTree : [ ]
2024-04-24T11:27:33,361  INFO [LocalJobRunner Map Task Executor #0] mapred.MapTask: Processing split: Number of splits :1
Total Length = 342
Input split[0]:
   Length = 342
   ClassName: org.apache.hadoop.mapreduce.lib.input.FileSplit
   Locations:

-----------------------

2024-04-24T11:27:33,361  INFO [Thread-365] HiveMetaStore.audit: ugi=alex	ip=unknown-ip-addr	cmd=alter_table: hive.default.junit_unparted_basic newtbl=junit_unparted_basic	
2024-04-24T11:27:33,364  INFO [LocalJobRunner Map Task Executor #0] builtin.PigStorage: Using PigTextInputFormat
2024-04-24T11:27:33,364  INFO [LocalJobRunner Map Task Executor #0] mapReduceLayer.PigRecordReader: Current split being processed file:/home/alex/Repositories/hive/hcatalog/hcatalog-pig-adapter/build/test/data/org.apache.hive.hcatalog.mapreduce.HCatBaseTest-1713983215978/complex.input.data:0+342
2024-04-24T11:27:33,368  INFO [LocalJobRunner Map Task Executor #0] output.FileOutputCommitter: File Output Committer Algorithm version is 2
2024-04-24T11:27:33,368  INFO [LocalJobRunner Map Task Executor #0] output.FileOutputCommitter: FileOutputCommitter skip cleanup _temporary folders under output directory:false, ignore cleanup failures: false
2024-04-24T11:27:33,383  INFO [Thread-365] utils.MetaStoreServerUtils: Updating table stats for junit_unparted_basic
2024-04-24T11:27:33,383  INFO [Thread-365] utils.MetaStoreServerUtils: Updated size of table junit_unparted_basic to 115
2024-04-24T11:27:33,384  INFO [LocalJobRunner Map Task Executor #0] util.SpillableMemoryManager: Selected heap (PS Old Gen) of size 1431830528 to monitor. collectionUsageThreshold = 1064828928, usageThreshold = 1064828928
2024-04-24T11:27:33,384  WARN [LocalJobRunner Map Task Executor #0] data.SchemaTupleBackend: SchemaTupleBackend has already been initialized
2024-04-24T11:27:33,387  INFO [LocalJobRunner Map Task Executor #0] mapReduceLayer.PigMapOnly$Map: Aliases being processed per job phase (AliasName[line,offset]): M: D[11,4],D[-1,-1] C:  R: 
2024-04-24T11:27:33,388  INFO [LocalJobRunner Map Task Executor #0] mapred.LocalJobRunner: 
2024-04-24T11:27:33,389  INFO [LocalJobRunner Map Task Executor #0] io.RCFile: Column#0 : Plain Total Column Value Length: 23,  Compr Total Column Value Length: 23
2024-04-24T11:27:33,389  INFO [LocalJobRunner Map Task Executor #0] io.RCFile: Column#1 : Plain Total Column Value Length: 6,  Compr Total Column Value Length: 6
2024-04-24T11:27:33,389  INFO [LocalJobRunner Map Task Executor #0] io.RCFile: Column#2 : Plain Total Column Value Length: 74,  Compr Total Column Value Length: 74
2024-04-24T11:27:33,389  INFO [LocalJobRunner Map Task Executor #0] io.RCFile: Column#3 : Plain Total Column Value Length: 53,  Compr Total Column Value Length: 53
2024-04-24T11:27:33,389  INFO [LocalJobRunner Map Task Executor #0] io.RCFile: Column#4 : Plain Total Column Value Length: 64,  Compr Total Column Value Length: 64
2024-04-24T11:27:33,389  INFO [LocalJobRunner Map Task Executor #0] io.RCFile: Column#5 : Plain Total Column Value Length: 78,  Compr Total Column Value Length: 78
2024-04-24T11:27:33,389  INFO [LocalJobRunner Map Task Executor #0] mapred.Task: Task:attempt_local220348449_0006_m_000000_0 is done. And is in the process of committing
2024-04-24T11:27:33,391  INFO [LocalJobRunner Map Task Executor #0] output.FileOutputCommitter: File Output Committer Algorithm version is 2
2024-04-24T11:27:33,392  INFO [LocalJobRunner Map Task Executor #0] output.FileOutputCommitter: FileOutputCommitter skip cleanup _temporary folders under output directory:false, ignore cleanup failures: false
2024-04-24T11:27:33,393  INFO [LocalJobRunner Map Task Executor #0] mapred.LocalJobRunner: 
2024-04-24T11:27:33,393  INFO [LocalJobRunner Map Task Executor #0] mapred.Task: Task attempt_local220348449_0006_m_000000_0 is allowed to commit now
2024-04-24T11:27:33,395  INFO [Thread-365] mapreduce.FileOutputCommitterContainer: Cancelling delegation token for the job.
2024-04-24T11:27:33,395  INFO [LocalJobRunner Map Task Executor #0] output.FileOutputCommitter: File Output Committer Algorithm version is 2
2024-04-24T11:27:33,395  INFO [LocalJobRunner Map Task Executor #0] output.FileOutputCommitter: FileOutputCommitter skip cleanup _temporary folders under output directory:false, ignore cleanup failures: false
2024-04-24T11:27:33,398  INFO [LocalJobRunner Map Task Executor #0] output.FileOutputCommitter: Saved output of task 'attempt_local220348449_0006_m_000000_0' to file:/home/alex/Repositories/hive/hcatalog/hcatalog-pig-adapter/build/test/data/org.apache.hive.hcatalog.mapreduce.HCatBaseTest-1713983215978/warehouse/junit_unparted_complex/_SCRATCH0,7657838868138165
2024-04-24T11:27:33,401  WARN [Thread-402] conf.HiveConf: HiveConf of name hive.dummyparam.test.server.specific.config.hivesite does not exist
2024-04-24T11:27:33,401  WARN [Thread-402] conf.HiveConf: HiveConf of name hive.llap.io.cache.orc.size does not exist
2024-04-24T11:27:33,401  WARN [Thread-402] conf.HiveConf: HiveConf of name hive.dummyparam.test.server.specific.config.override does not exist
2024-04-24T11:27:33,401  WARN [Thread-402] conf.HiveConf: HiveConf of name hive.metastore.client.cache.recordStats does not exist
2024-04-24T11:27:33,401  WARN [Thread-402] conf.HiveConf: HiveConf of name hive.stats.key.prefix.reserve.length does not exist
2024-04-24T11:27:33,401  WARN [Thread-402] conf.HiveConf: HiveConf of name hive.llap.io.cache.orc.alloc.min does not exist
2024-04-24T11:27:33,401  WARN [Thread-402] conf.HiveConf: HiveConf of name hive.metastore.metadb.dir does not exist
2024-04-24T11:27:33,401  WARN [Thread-402] conf.HiveConf: HiveConf of name hive.llap.io.cache.orc.arena.size does not exist
2024-04-24T11:27:33,401  WARN [Thread-402] conf.HiveConf: HiveConf of name hive.llap.io.cache.orc.alloc.max does not exist
2024-04-24T11:27:33,401  WARN [Thread-402] conf.HiveConf: HiveConf of name hive.dummyparam.test.server.specific.config.metastoresite does not exist
2024-04-24T11:27:33,401  WARN [Thread-402] conf.HiveConf: HiveConf of name hive.metastore.client.cache.maxSize does not exist
2024-04-24T11:27:33,401  INFO [Thread-402] mapreduce.FileOutputCommitterContainer: HAR not is not being used. The table junit_parted_date has new partitions [{dt=2016-07-14 15:10:15}, {dt=2016-07-15 18:54:55}].
2024-04-24T11:27:33,403  INFO [LocalJobRunner Map Task Executor #0] mapred.LocalJobRunner: map
2024-04-24T11:27:33,403  INFO [LocalJobRunner Map Task Executor #0] mapred.Task: Task 'attempt_local220348449_0006_m_000000_0' done.
2024-04-24T11:27:33,403  INFO [LocalJobRunner Map Task Executor #0] mapred.Task: Final Counters for attempt_local220348449_0006_m_000000_0: Counters: 15
	File System Counters
		FILE: Number of bytes read=6369
		FILE: Number of bytes written=3699026
		FILE: Number of read operations=0
		FILE: Number of large read operations=0
		FILE: Number of write operations=0
	Map-Reduce Framework
		Map input records=2
		Map output records=2
		Input split bytes=488
		Spilled Records=0
		Failed Shuffles=0
		Merged Map outputs=0
		GC time elapsed (ms)=0
		Total committed heap usage (bytes)=978845696
	File Input Format Counters 
		Bytes Read=0
	File Output Format Counters 
		Bytes Written=0
2024-04-24T11:27:33,403  INFO [LocalJobRunner Map Task Executor #0] mapred.LocalJobRunner: Finishing task: attempt_local220348449_0006_m_000000_0
2024-04-24T11:27:33,403  INFO [Thread-459] mapred.LocalJobRunner: map task executor complete.
2024-04-24T11:27:33,439  WARN [Thread-365] conf.HiveConf: HiveConf of name hive.llap.io.cache.orc.arena.size does not exist
2024-04-24T11:27:33,439  WARN [Thread-365] conf.HiveConf: HiveConf of name hive.stats.key.prefix.reserve.length does not exist
2024-04-24T11:27:33,439  WARN [Thread-365] conf.HiveConf: HiveConf of name hive.dummyparam.test.server.specific.config.hivesite does not exist
2024-04-24T11:27:33,440  WARN [Thread-365] conf.HiveConf: HiveConf of name hive.metastore.client.cache.recordStats does not exist
2024-04-24T11:27:33,440  WARN [Thread-365] conf.HiveConf: HiveConf of name hive.llap.io.cache.orc.alloc.min does not exist
2024-04-24T11:27:33,440  WARN [Thread-365] conf.HiveConf: HiveConf of name hive.metastore.metadb.dir does not exist
2024-04-24T11:27:33,440  WARN [Thread-365] conf.HiveConf: HiveConf of name hive.dummyparam.test.server.specific.config.override does not exist
2024-04-24T11:27:33,440  WARN [Thread-365] conf.HiveConf: HiveConf of name hive.llap.io.cache.orc.size does not exist
2024-04-24T11:27:33,440  WARN [Thread-365] conf.HiveConf: HiveConf of name hive.metastore.client.cache.maxSize does not exist
2024-04-24T11:27:33,440  WARN [Thread-365] conf.HiveConf: HiveConf of name hive.llap.io.cache.orc.alloc.max does not exist
2024-04-24T11:27:33,440  WARN [Thread-365] conf.HiveConf: HiveConf of name hive.dummyparam.test.server.specific.config.metastoresite does not exist
2024-04-24T11:27:33,440  INFO [Thread-365] common.HCatUtil: mapreduce.lib.hcatoutput.hive.conf is set. Applying configuration differences.
2024-04-24T11:27:33,441  INFO [Thread-365] HiveMetaStore.audit: ugi=alex	ip=unknown-ip-addr	cmd=get_databases: @hive#NonExistentDatabaseUsedForHealthCheck	
2024-04-24T11:27:33,442  INFO [Thread-365] mapreduce.FileOutputCommitterContainer: FileOutputCommitterContainer::cancelDelegationTokens(): Could not find tokenStrForm, or HCAT_KEY_TOKEN_SIGNATURE. Skipping token cancellation.
2024-04-24T11:27:33,443  INFO [Thread-402] HiveMetaStore.audit: ugi=alex	ip=unknown-ip-addr	cmd=add_partition	
2024-04-24T11:27:33,443  INFO [Thread-402] HiveMetaStore.audit: ugi=alex	ip=unknown-ip-addr	cmd=add_partitions	
2024-04-24T11:27:33,464  INFO [HMSHandler #5] utils.MetaStoreServerUtils: Updating partition stats fast for: junit_parted_date
2024-04-24T11:27:33,464  INFO [HMSHandler #4] utils.MetaStoreServerUtils: Updating partition stats fast for: junit_parted_date
2024-04-24T11:27:33,464  INFO [HMSHandler #5] utils.MetaStoreServerUtils: Updated size to 84
2024-04-24T11:27:33,465  INFO [HMSHandler #4] utils.MetaStoreServerUtils: Updated size to 85
2024-04-24T11:27:33,465  WARN [Thread-459] conf.HiveConf: HiveConf of name hive.metastore.metadb.dir does not exist
2024-04-24T11:27:33,465  WARN [Thread-459] conf.HiveConf: HiveConf of name hive.dummyparam.test.server.specific.config.metastoresite does not exist
2024-04-24T11:27:33,466  WARN [Thread-459] conf.HiveConf: HiveConf of name hive.dummyparam.test.server.specific.config.override does not exist
2024-04-24T11:27:33,466  WARN [Thread-459] conf.HiveConf: HiveConf of name hive.llap.io.cache.orc.alloc.min does not exist
2024-04-24T11:27:33,466  WARN [Thread-459] conf.HiveConf: HiveConf of name hive.llap.io.cache.orc.arena.size does not exist
2024-04-24T11:27:33,466  WARN [Thread-459] conf.HiveConf: HiveConf of name hive.dummyparam.test.server.specific.config.hivesite does not exist
2024-04-24T11:27:33,466  WARN [Thread-459] conf.HiveConf: HiveConf of name hive.stats.key.prefix.reserve.length does not exist
2024-04-24T11:27:33,466  WARN [Thread-459] conf.HiveConf: HiveConf of name hive.metastore.client.cache.maxSize does not exist
2024-04-24T11:27:33,466  WARN [Thread-459] conf.HiveConf: HiveConf of name hive.llap.io.cache.orc.size does not exist
2024-04-24T11:27:33,466  WARN [Thread-459] conf.HiveConf: HiveConf of name hive.metastore.client.cache.recordStats does not exist
2024-04-24T11:27:33,466  WARN [Thread-459] conf.HiveConf: HiveConf of name hive.llap.io.cache.orc.alloc.max does not exist
2024-04-24T11:27:33,466  INFO [Thread-459] common.HCatUtil: mapreduce.lib.hcatoutput.hive.conf is set. Applying configuration differences.
2024-04-24T11:27:33,468  INFO [Thread-459] metastore.HiveMetaStoreClient: HMS client filtering is enabled.
2024-04-24T11:27:33,469  INFO [Thread-459] metastore.HMSHandler: 9: Opening raw store with implementation class:org.apache.hadoop.hive.metastore.ObjectStore
2024-04-24T11:27:33,470  INFO [Thread-459] metastore.PersistenceManagerProvider: Configuration datanucleus.autoStartMechanismMode is not set. Defaulting to 'ignored'
2024-04-24T11:27:33,470  INFO [Thread-459] metastore.ObjectStore: RawStore: org.apache.hadoop.hive.metastore.ObjectStore@52c802cd, with PersistenceManager: null will be shutdown
2024-04-24T11:27:33,470  INFO [Thread-459] metastore.ObjectStore: RawStore: org.apache.hadoop.hive.metastore.ObjectStore@52c802cd, with PersistenceManager: org.datanucleus.api.jdo.JDOPersistenceManager@58e0f4ac created in the thread with id: 505
2024-04-24T11:27:33,476  INFO [Thread-459] metastore.HMSHandler: Created RawStore: org.apache.hadoop.hive.metastore.ObjectStore@52c802cd from thread id: 505
2024-04-24T11:27:33,476  INFO [Thread-459] metastore.HMSHandler: HMS server filtering is disabled by configuration
2024-04-24T11:27:33,477  INFO [Thread-459] metastore.RetryingMetaStoreClient: RetryingMetaStoreClient proxy=class org.apache.hive.hcatalog.common.HiveClientCache$CacheableHiveMetaStoreClient ugi=alex (auth:SIMPLE) retries=1 delay=1 lifetime=0
2024-04-24T11:27:33,477  INFO [Thread-459] HiveMetaStore.audit: ugi=alex	ip=unknown-ip-addr	cmd=get_databases: @hive#NonExistentDatabaseUsedForHealthCheck	
2024-04-24T11:27:33,481  INFO [Thread-459] HiveMetaStore.audit: ugi=alex	ip=unknown-ip-addr	cmd=alter_table: hive.default.junit_unparted_complex newtbl=junit_unparted_complex	
2024-04-24T11:27:33,506  INFO [Thread-459] utils.MetaStoreServerUtils: Updating table stats for junit_unparted_complex
2024-04-24T11:27:33,507  INFO [Thread-459] utils.MetaStoreServerUtils: Updated size of table junit_unparted_complex to 397
2024-04-24T11:27:33,508  WARN [Thread-365] conf.HiveConf: HiveConf of name hive.llap.io.cache.orc.size does not exist
2024-04-24T11:27:33,508  WARN [Thread-365] conf.HiveConf: HiveConf of name hive.stats.key.prefix.reserve.length does not exist
2024-04-24T11:27:33,508  WARN [Thread-365] conf.HiveConf: HiveConf of name hive.dummyparam.test.server.specific.config.hivesite does not exist
2024-04-24T11:27:33,508  WARN [Thread-365] conf.HiveConf: HiveConf of name hive.metastore.client.cache.maxSize does not exist
2024-04-24T11:27:33,508  WARN [Thread-365] conf.HiveConf: HiveConf of name hive.dummyparam.test.server.specific.config.override does not exist
2024-04-24T11:27:33,508  WARN [Thread-365] conf.HiveConf: HiveConf of name hive.dummyparam.test.server.specific.config.metastoresite does not exist
2024-04-24T11:27:33,509  WARN [Thread-365] conf.HiveConf: HiveConf of name hive.llap.io.cache.orc.arena.size does not exist
2024-04-24T11:27:33,509  WARN [Thread-365] conf.HiveConf: HiveConf of name hive.llap.io.cache.orc.alloc.min does not exist
2024-04-24T11:27:33,509  WARN [Thread-365] conf.HiveConf: HiveConf of name hive.metastore.client.cache.recordStats does not exist
2024-04-24T11:27:33,509  WARN [Thread-365] conf.HiveConf: HiveConf of name hive.metastore.metadb.dir does not exist
2024-04-24T11:27:33,509  WARN [Thread-365] conf.HiveConf: HiveConf of name hive.llap.io.cache.orc.alloc.max does not exist
2024-04-24T11:27:33,509  INFO [Thread-365] common.HCatUtil: mapreduce.lib.hcatoutput.hive.conf is set. Applying configuration differences.
2024-04-24T11:27:33,510  INFO [Thread-365] HiveMetaStore.audit: ugi=alex	ip=unknown-ip-addr	cmd=get_databases: @hive#NonExistentDatabaseUsedForHealthCheck	
2024-04-24T11:27:33,513  INFO [Thread-365] HiveMetaStore.audit: ugi=alex	ip=unknown-ip-addr	cmd=alter_table: hive.default.junit_specific_size newtbl=junit_specific_size	
2024-04-24T11:27:33,518  INFO [Thread-459] mapreduce.FileOutputCommitterContainer: Cancelling delegation token for the job.
2024-04-24T11:27:33,534  INFO [Thread-365] utils.MetaStoreServerUtils: Updating table stats for junit_specific_size
2024-04-24T11:27:33,534  INFO [Thread-365] utils.MetaStoreServerUtils: Updated size of table junit_specific_size to 115
2024-04-24T11:27:33,546  INFO [Thread-365] mapreduce.FileOutputCommitterContainer: Cancelling delegation token for the job.
2024-04-24T11:27:33,551  INFO [Thread-402] mapreduce.FileOutputCommitterContainer: Cancelling delegation token for the job.
2024-04-24T11:27:33,580  WARN [Thread-459] conf.HiveConf: HiveConf of name hive.llap.io.cache.orc.arena.size does not exist
2024-04-24T11:27:33,580  WARN [Thread-459] conf.HiveConf: HiveConf of name hive.llap.io.cache.orc.alloc.max does not exist
2024-04-24T11:27:33,580  WARN [Thread-459] conf.HiveConf: HiveConf of name hive.metastore.client.cache.recordStats does not exist
2024-04-24T11:27:33,580  WARN [Thread-459] conf.HiveConf: HiveConf of name hive.llap.io.cache.orc.size does not exist
2024-04-24T11:27:33,580  WARN [Thread-459] conf.HiveConf: HiveConf of name hive.dummyparam.test.server.specific.config.override does not exist
2024-04-24T11:27:33,580  WARN [Thread-459] conf.HiveConf: HiveConf of name hive.llap.io.cache.orc.alloc.min does not exist
2024-04-24T11:27:33,580  WARN [Thread-459] conf.HiveConf: HiveConf of name hive.stats.key.prefix.reserve.length does not exist
2024-04-24T11:27:33,580  WARN [Thread-459] conf.HiveConf: HiveConf of name hive.dummyparam.test.server.specific.config.hivesite does not exist
2024-04-24T11:27:33,581  WARN [Thread-459] conf.HiveConf: HiveConf of name hive.dummyparam.test.server.specific.config.metastoresite does not exist
2024-04-24T11:27:33,581  WARN [Thread-459] conf.HiveConf: HiveConf of name hive.metastore.client.cache.maxSize does not exist
2024-04-24T11:27:33,581  WARN [Thread-459] conf.HiveConf: HiveConf of name hive.metastore.metadb.dir does not exist
2024-04-24T11:27:33,598  INFO [Thread-459] common.HCatUtil: mapreduce.lib.hcatoutput.hive.conf is set. Applying configuration differences.
2024-04-24T11:27:33,598  INFO [Thread-459] HiveMetaStore.audit: ugi=alex	ip=unknown-ip-addr	cmd=get_databases: @hive#NonExistentDatabaseUsedForHealthCheck	
2024-04-24T11:27:33,601  INFO [Thread-459] mapreduce.FileOutputCommitterContainer: FileOutputCommitterContainer::cancelDelegationTokens(): Could not find tokenStrForm, or HCAT_KEY_TOKEN_SIGNATURE. Skipping token cancellation.
2024-04-24T11:27:33,605  WARN [Thread-365] conf.HiveConf: HiveConf of name hive.llap.io.cache.orc.size does not exist
2024-04-24T11:27:33,605  WARN [Thread-365] conf.HiveConf: HiveConf of name hive.metastore.metadb.dir does not exist
2024-04-24T11:27:33,606  WARN [Thread-365] conf.HiveConf: HiveConf of name hive.metastore.client.cache.recordStats does not exist
2024-04-24T11:27:33,606  WARN [Thread-365] conf.HiveConf: HiveConf of name hive.metastore.client.cache.maxSize does not exist
2024-04-24T11:27:33,606  WARN [Thread-365] conf.HiveConf: HiveConf of name hive.dummyparam.test.server.specific.config.hivesite does not exist
2024-04-24T11:27:33,606  WARN [Thread-365] conf.HiveConf: HiveConf of name hive.dummyparam.test.server.specific.config.metastoresite does not exist
2024-04-24T11:27:33,606  WARN [Thread-365] conf.HiveConf: HiveConf of name hive.stats.key.prefix.reserve.length does not exist
2024-04-24T11:27:33,606  WARN [Thread-365] conf.HiveConf: HiveConf of name hive.dummyparam.test.server.specific.config.override does not exist
2024-04-24T11:27:33,606  WARN [Thread-365] conf.HiveConf: HiveConf of name hive.llap.io.cache.orc.alloc.min does not exist
2024-04-24T11:27:33,606  WARN [Thread-365] conf.HiveConf: HiveConf of name hive.llap.io.cache.orc.arena.size does not exist
2024-04-24T11:27:33,606  WARN [Thread-365] conf.HiveConf: HiveConf of name hive.llap.io.cache.orc.alloc.max does not exist
2024-04-24T11:27:33,606  INFO [Thread-365] common.HCatUtil: mapreduce.lib.hcatoutput.hive.conf is set. Applying configuration differences.
2024-04-24T11:27:33,606  WARN [Thread-402] conf.HiveConf: HiveConf of name hive.stats.key.prefix.reserve.length does not exist
2024-04-24T11:27:33,606  WARN [Thread-402] conf.HiveConf: HiveConf of name hive.dummyparam.test.server.specific.config.hivesite does not exist
2024-04-24T11:27:33,606  WARN [Thread-402] conf.HiveConf: HiveConf of name hive.metastore.client.cache.recordStats does not exist
2024-04-24T11:27:33,606  WARN [Thread-402] conf.HiveConf: HiveConf of name hive.dummyparam.test.server.specific.config.override does not exist
2024-04-24T11:27:33,606  WARN [Thread-402] conf.HiveConf: HiveConf of name hive.metastore.client.cache.maxSize does not exist
2024-04-24T11:27:33,606  WARN [Thread-402] conf.HiveConf: HiveConf of name hive.llap.io.cache.orc.alloc.max does not exist
2024-04-24T11:27:33,606  WARN [Thread-402] conf.HiveConf: HiveConf of name hive.llap.io.cache.orc.size does not exist
2024-04-24T11:27:33,606  WARN [Thread-402] conf.HiveConf: HiveConf of name hive.metastore.metadb.dir does not exist
2024-04-24T11:27:33,606  WARN [Thread-402] conf.HiveConf: HiveConf of name hive.dummyparam.test.server.specific.config.metastoresite does not exist
2024-04-24T11:27:33,606  WARN [Thread-402] conf.HiveConf: HiveConf of name hive.llap.io.cache.orc.alloc.min does not exist
2024-04-24T11:27:33,606  WARN [Thread-402] conf.HiveConf: HiveConf of name hive.llap.io.cache.orc.arena.size does not exist
2024-04-24T11:27:33,606  INFO [Thread-365] HiveMetaStore.audit: ugi=alex	ip=unknown-ip-addr	cmd=get_databases: @hive#NonExistentDatabaseUsedForHealthCheck	
2024-04-24T11:27:33,606  INFO [Thread-402] common.HCatUtil: mapreduce.lib.hcatoutput.hive.conf is set. Applying configuration differences.
2024-04-24T11:27:33,607  INFO [Thread-402] HiveMetaStore.audit: ugi=alex	ip=unknown-ip-addr	cmd=get_databases: @hive#NonExistentDatabaseUsedForHealthCheck	
2024-04-24T11:27:33,608  INFO [Thread-365] mapreduce.FileOutputCommitterContainer: FileOutputCommitterContainer::cancelDelegationTokens(): Could not find tokenStrForm, or HCAT_KEY_TOKEN_SIGNATURE. Skipping token cancellation.
2024-04-24T11:27:33,608  INFO [Thread-402] mapreduce.FileOutputCommitterContainer: FileOutputCommitterContainer::cancelDelegationTokens(): Could not find tokenStrForm, or HCAT_KEY_TOKEN_SIGNATURE. Skipping token cancellation.
2024-04-24T11:27:33,652  WARN [Thread-365] conf.HiveConf: HiveConf of name hive.llap.io.cache.orc.size does not exist
2024-04-24T11:27:33,652  WARN [Thread-365] conf.HiveConf: HiveConf of name hive.metastore.client.cache.recordStats does not exist
2024-04-24T11:27:33,652  WARN [Thread-365] conf.HiveConf: HiveConf of name hive.dummyparam.test.server.specific.config.hivesite does not exist
2024-04-24T11:27:33,652  WARN [Thread-365] conf.HiveConf: HiveConf of name hive.llap.io.cache.orc.alloc.max does not exist
2024-04-24T11:27:33,652  WARN [Thread-365] conf.HiveConf: HiveConf of name hive.metastore.metadb.dir does not exist
2024-04-24T11:27:33,652  WARN [Thread-365] conf.HiveConf: HiveConf of name hive.stats.key.prefix.reserve.length does not exist
2024-04-24T11:27:33,652  WARN [Thread-365] conf.HiveConf: HiveConf of name hive.dummyparam.test.server.specific.config.metastoresite does not exist
2024-04-24T11:27:33,652  WARN [Thread-365] conf.HiveConf: HiveConf of name hive.llap.io.cache.orc.arena.size does not exist
2024-04-24T11:27:33,652  WARN [Thread-365] conf.HiveConf: HiveConf of name hive.dummyparam.test.server.specific.config.override does not exist
2024-04-24T11:27:33,652  WARN [Thread-365] conf.HiveConf: HiveConf of name hive.metastore.client.cache.maxSize does not exist
2024-04-24T11:27:33,652  WARN [Thread-365] conf.HiveConf: HiveConf of name hive.llap.io.cache.orc.alloc.min does not exist
2024-04-24T11:27:33,652  INFO [Thread-365] common.HCatUtil: mapreduce.lib.hcatoutput.hive.conf is set. Applying configuration differences.
2024-04-24T11:27:33,653  INFO [Thread-365] HiveMetaStore.audit: ugi=alex	ip=unknown-ip-addr	cmd=get_databases: @hive#NonExistentDatabaseUsedForHealthCheck	
2024-04-24T11:27:33,656  INFO [Thread-365] HiveMetaStore.audit: ugi=alex	ip=unknown-ip-addr	cmd=alter_table: hive.junit_specific_db.junit_specific_size2 newtbl=junit_specific_size2	
2024-04-24T11:27:33,671  INFO [Thread-365] utils.MetaStoreServerUtils: Updating table stats for junit_specific_size2
2024-04-24T11:27:33,671  INFO [Thread-365] utils.MetaStoreServerUtils: Updated size of table junit_specific_size2 to 115
2024-04-24T11:27:33,679  INFO [Thread-365] mapreduce.FileOutputCommitterContainer: Cancelling delegation token for the job.
2024-04-24T11:27:33,712  WARN [Thread-365] conf.HiveConf: HiveConf of name hive.stats.key.prefix.reserve.length does not exist
2024-04-24T11:27:33,712  WARN [Thread-365] conf.HiveConf: HiveConf of name hive.llap.io.cache.orc.alloc.min does not exist
2024-04-24T11:27:33,712  WARN [Thread-365] conf.HiveConf: HiveConf of name hive.dummyparam.test.server.specific.config.metastoresite does not exist
2024-04-24T11:27:33,712  WARN [Thread-365] conf.HiveConf: HiveConf of name hive.llap.io.cache.orc.size does not exist
2024-04-24T11:27:33,712  WARN [Thread-365] conf.HiveConf: HiveConf of name hive.metastore.client.cache.maxSize does not exist
2024-04-24T11:27:33,712  WARN [Thread-365] conf.HiveConf: HiveConf of name hive.dummyparam.test.server.specific.config.override does not exist
2024-04-24T11:27:33,712  WARN [Thread-365] conf.HiveConf: HiveConf of name hive.metastore.metadb.dir does not exist
2024-04-24T11:27:33,712  WARN [Thread-365] conf.HiveConf: HiveConf of name hive.metastore.client.cache.recordStats does not exist
2024-04-24T11:27:33,712  WARN [Thread-365] conf.HiveConf: HiveConf of name hive.llap.io.cache.orc.arena.size does not exist
2024-04-24T11:27:33,712  WARN [Thread-365] conf.HiveConf: HiveConf of name hive.dummyparam.test.server.specific.config.hivesite does not exist
2024-04-24T11:27:33,712  WARN [Thread-365] conf.HiveConf: HiveConf of name hive.llap.io.cache.orc.alloc.max does not exist
2024-04-24T11:27:33,713  INFO [Thread-365] common.HCatUtil: mapreduce.lib.hcatoutput.hive.conf is set. Applying configuration differences.
2024-04-24T11:27:33,713  INFO [Thread-365] HiveMetaStore.audit: ugi=alex	ip=unknown-ip-addr	cmd=get_databases: @hive#NonExistentDatabaseUsedForHealthCheck	
2024-04-24T11:27:33,715  INFO [Thread-365] mapreduce.FileOutputCommitterContainer: FileOutputCommitterContainer::cancelDelegationTokens(): Could not find tokenStrForm, or HCAT_KEY_TOKEN_SIGNATURE. Skipping token cancellation.
2024-04-24T11:27:33,755  WARN [Thread-365] conf.HiveConf: HiveConf of name hive.metastore.metadb.dir does not exist
2024-04-24T11:27:33,755  WARN [Thread-365] conf.HiveConf: HiveConf of name hive.llap.io.cache.orc.alloc.min does not exist
2024-04-24T11:27:33,755  WARN [Thread-365] conf.HiveConf: HiveConf of name hive.dummyparam.test.server.specific.config.hivesite does not exist
2024-04-24T11:27:33,755  WARN [Thread-365] conf.HiveConf: HiveConf of name hive.llap.io.cache.orc.arena.size does not exist
2024-04-24T11:27:33,756  WARN [Thread-365] conf.HiveConf: HiveConf of name hive.dummyparam.test.server.specific.config.metastoresite does not exist
2024-04-24T11:27:33,756  WARN [Thread-365] conf.HiveConf: HiveConf of name hive.dummyparam.test.server.specific.config.override does not exist
2024-04-24T11:27:33,756  WARN [Thread-365] conf.HiveConf: HiveConf of name hive.llap.io.cache.orc.alloc.max does not exist
2024-04-24T11:27:33,756  WARN [Thread-365] conf.HiveConf: HiveConf of name hive.metastore.client.cache.maxSize does not exist
2024-04-24T11:27:33,756  WARN [Thread-365] conf.HiveConf: HiveConf of name hive.llap.io.cache.orc.size does not exist
2024-04-24T11:27:33,756  WARN [Thread-365] conf.HiveConf: HiveConf of name hive.metastore.client.cache.recordStats does not exist
2024-04-24T11:27:33,756  WARN [Thread-365] conf.HiveConf: HiveConf of name hive.stats.key.prefix.reserve.length does not exist
2024-04-24T11:27:33,756  INFO [Thread-365] common.HCatUtil: mapreduce.lib.hcatoutput.hive.conf is set. Applying configuration differences.
2024-04-24T11:27:33,757  INFO [Thread-365] HiveMetaStore.audit: ugi=alex	ip=unknown-ip-addr	cmd=get_databases: @hive#NonExistentDatabaseUsedForHealthCheck	
2024-04-24T11:27:33,792  WARN [Thread-365] conf.HiveConf: HiveConf of name hive.llap.io.cache.orc.alloc.max does not exist
2024-04-24T11:27:33,792  WARN [Thread-365] conf.HiveConf: HiveConf of name hive.dummyparam.test.server.specific.config.hivesite does not exist
2024-04-24T11:27:33,792  WARN [Thread-365] conf.HiveConf: HiveConf of name hive.llap.io.cache.orc.alloc.min does not exist
2024-04-24T11:27:33,792  WARN [Thread-365] conf.HiveConf: HiveConf of name hive.metastore.client.cache.recordStats does not exist
2024-04-24T11:27:33,792  WARN [Thread-365] conf.HiveConf: HiveConf of name hive.dummyparam.test.server.specific.config.override does not exist
2024-04-24T11:27:33,792  WARN [Thread-365] conf.HiveConf: HiveConf of name hive.dummyparam.test.server.specific.config.metastoresite does not exist
2024-04-24T11:27:33,792  WARN [Thread-365] conf.HiveConf: HiveConf of name hive.metastore.client.cache.maxSize does not exist
2024-04-24T11:27:33,792  WARN [Thread-365] conf.HiveConf: HiveConf of name hive.llap.io.cache.orc.size does not exist
2024-04-24T11:27:33,792  WARN [Thread-365] conf.HiveConf: HiveConf of name hive.metastore.metadb.dir does not exist
2024-04-24T11:27:33,792  WARN [Thread-365] conf.HiveConf: HiveConf of name hive.stats.key.prefix.reserve.length does not exist
2024-04-24T11:27:33,792  WARN [Thread-365] conf.HiveConf: HiveConf of name hive.llap.io.cache.orc.arena.size does not exist
2024-04-24T11:27:33,793  INFO [Thread-365] mapreduce.FileOutputCommitterContainer: HAR not is not being used. The table junit_parted_basic has new partitions [{bkt=0}].
2024-04-24T11:27:33,794  INFO [Thread-365] HiveMetaStore.audit: ugi=alex	ip=unknown-ip-addr	cmd=get_partition : tbl=hive.default.junit_parted_basic[0]	
2024-04-24T11:27:33,799  INFO [Thread-365] HiveMetaStore.audit: ugi=alex	ip=unknown-ip-addr	cmd=add_partition	
2024-04-24T11:27:33,799  INFO [Thread-365] HiveMetaStore.audit: ugi=alex	ip=unknown-ip-addr	cmd=add_partitions	
2024-04-24T11:27:33,811  INFO [HMSHandler #6] utils.MetaStoreServerUtils: Updating partition stats fast for: junit_parted_basic
2024-04-24T11:27:33,812  INFO [HMSHandler #6] utils.MetaStoreServerUtils: Updated size to 91
2024-04-24T11:27:33,846  INFO [Thread-365] mapreduce.FileOutputCommitterContainer: Cancelling delegation token for the job.
2024-04-24T11:27:33,846  INFO [main] mapReduceLayer.MapReduceLauncher: 83% complete
2024-04-24T11:27:33,846  INFO [main] mapReduceLayer.MapReduceLauncher: Running jobs are [job_local1397520750_0004]
2024-04-24T11:27:33,848  WARN [main] impl.MetricsSystemImpl: JobTracker metrics system already initialized!
2024-04-24T11:27:33,850  WARN [main] impl.MetricsSystemImpl: JobTracker metrics system already initialized!
2024-04-24T11:27:33,852  WARN [main] impl.MetricsSystemImpl: JobTracker metrics system already initialized!
2024-04-24T11:27:33,869  WARN [main] impl.MetricsSystemImpl: JobTracker metrics system already initialized!
2024-04-24T11:27:33,873  WARN [main] impl.MetricsSystemImpl: JobTracker metrics system already initialized!
2024-04-24T11:27:33,876  WARN [main] impl.MetricsSystemImpl: JobTracker metrics system already initialized!
2024-04-24T11:27:33,888  WARN [Thread-365] conf.HiveConf: HiveConf of name hive.stats.key.prefix.reserve.length does not exist
2024-04-24T11:27:33,888  WARN [Thread-365] conf.HiveConf: HiveConf of name hive.metastore.client.cache.recordStats does not exist
2024-04-24T11:27:33,888  WARN [Thread-365] conf.HiveConf: HiveConf of name hive.metastore.metadb.dir does not exist
2024-04-24T11:27:33,888  WARN [Thread-365] conf.HiveConf: HiveConf of name hive.dummyparam.test.server.specific.config.override does not exist
2024-04-24T11:27:33,888  WARN [Thread-365] conf.HiveConf: HiveConf of name hive.llap.io.cache.orc.size does not exist
2024-04-24T11:27:33,888  WARN [Thread-365] conf.HiveConf: HiveConf of name hive.dummyparam.test.server.specific.config.hivesite does not exist
2024-04-24T11:27:33,888  WARN [Thread-365] conf.HiveConf: HiveConf of name hive.llap.io.cache.orc.arena.size does not exist
2024-04-24T11:27:33,888  WARN [Thread-365] conf.HiveConf: HiveConf of name hive.dummyparam.test.server.specific.config.metastoresite does not exist
2024-04-24T11:27:33,888  WARN [Thread-365] conf.HiveConf: HiveConf of name hive.llap.io.cache.orc.alloc.min does not exist
2024-04-24T11:27:33,888  WARN [Thread-365] conf.HiveConf: HiveConf of name hive.metastore.client.cache.maxSize does not exist
2024-04-24T11:27:33,888  WARN [Thread-365] conf.HiveConf: HiveConf of name hive.llap.io.cache.orc.alloc.max does not exist
2024-04-24T11:27:33,889  INFO [Thread-365] common.HCatUtil: mapreduce.lib.hcatoutput.hive.conf is set. Applying configuration differences.
2024-04-24T11:27:33,889  INFO [Thread-365] HiveMetaStore.audit: ugi=alex	ip=unknown-ip-addr	cmd=get_databases: @hive#NonExistentDatabaseUsedForHealthCheck	
2024-04-24T11:27:33,891  INFO [Thread-365] mapreduce.FileOutputCommitterContainer: FileOutputCommitterContainer::cancelDelegationTokens(): Could not find tokenStrForm, or HCAT_KEY_TOKEN_SIGNATURE. Skipping token cancellation.
2024-04-24T11:27:33,934  WARN [Thread-365] conf.HiveConf: HiveConf of name hive.metastore.metadb.dir does not exist
2024-04-24T11:27:33,934  WARN [Thread-365] conf.HiveConf: HiveConf of name hive.dummyparam.test.server.specific.config.override does not exist
2024-04-24T11:27:33,934  WARN [Thread-365] conf.HiveConf: HiveConf of name hive.metastore.client.cache.maxSize does not exist
2024-04-24T11:27:33,934  WARN [Thread-365] conf.HiveConf: HiveConf of name hive.llap.io.cache.orc.alloc.max does not exist
2024-04-24T11:27:33,934  WARN [Thread-365] conf.HiveConf: HiveConf of name hive.llap.io.cache.orc.arena.size does not exist
2024-04-24T11:27:33,934  WARN [Thread-365] conf.HiveConf: HiveConf of name hive.dummyparam.test.server.specific.config.hivesite does not exist
2024-04-24T11:27:33,934  WARN [Thread-365] conf.HiveConf: HiveConf of name hive.llap.io.cache.orc.alloc.min does not exist
2024-04-24T11:27:33,934  WARN [Thread-365] conf.HiveConf: HiveConf of name hive.metastore.client.cache.recordStats does not exist
2024-04-24T11:27:33,934  WARN [Thread-365] conf.HiveConf: HiveConf of name hive.stats.key.prefix.reserve.length does not exist
2024-04-24T11:27:33,934  WARN [Thread-365] conf.HiveConf: HiveConf of name hive.llap.io.cache.orc.size does not exist
2024-04-24T11:27:33,934  WARN [Thread-365] conf.HiveConf: HiveConf of name hive.dummyparam.test.server.specific.config.metastoresite does not exist
2024-04-24T11:27:33,934  INFO [Thread-365] common.HCatUtil: mapreduce.lib.hcatoutput.hive.conf is set. Applying configuration differences.
2024-04-24T11:27:33,935  INFO [Thread-365] HiveMetaStore.audit: ugi=alex	ip=unknown-ip-addr	cmd=get_databases: @hive#NonExistentDatabaseUsedForHealthCheck	
2024-04-24T11:27:33,939  INFO [Thread-365] mapreduce.FileOutputCommitterContainer: HAR not is not being used. The table junit_parted_basic has new partitions [{bkt=1}].
2024-04-24T11:27:33,940  INFO [Thread-365] HiveMetaStore.audit: ugi=alex	ip=unknown-ip-addr	cmd=get_partition : tbl=hive.default.junit_parted_basic[1]	
2024-04-24T11:27:33,944  INFO [Thread-365] HiveMetaStore.audit: ugi=alex	ip=unknown-ip-addr	cmd=add_partition	
2024-04-24T11:27:33,944  INFO [Thread-365] HiveMetaStore.audit: ugi=alex	ip=unknown-ip-addr	cmd=add_partitions	
2024-04-24T11:27:33,955  INFO [HMSHandler #7] utils.MetaStoreServerUtils: Updating partition stats fast for: junit_parted_basic
2024-04-24T11:27:33,955  INFO [HMSHandler #7] utils.MetaStoreServerUtils: Updated size to 103
2024-04-24T11:27:33,983  INFO [Thread-365] mapreduce.FileOutputCommitterContainer: Cancelling delegation token for the job.
2024-04-24T11:27:34,017  WARN [Thread-365] conf.HiveConf: HiveConf of name hive.metastore.metadb.dir does not exist
2024-04-24T11:27:34,017  WARN [Thread-365] conf.HiveConf: HiveConf of name hive.llap.io.cache.orc.size does not exist
2024-04-24T11:27:34,017  WARN [Thread-365] conf.HiveConf: HiveConf of name hive.llap.io.cache.orc.arena.size does not exist
2024-04-24T11:27:34,017  WARN [Thread-365] conf.HiveConf: HiveConf of name hive.metastore.client.cache.maxSize does not exist
2024-04-24T11:27:34,017  WARN [Thread-365] conf.HiveConf: HiveConf of name hive.dummyparam.test.server.specific.config.hivesite does not exist
2024-04-24T11:27:34,017  WARN [Thread-365] conf.HiveConf: HiveConf of name hive.stats.key.prefix.reserve.length does not exist
2024-04-24T11:27:34,017  WARN [Thread-365] conf.HiveConf: HiveConf of name hive.dummyparam.test.server.specific.config.override does not exist
2024-04-24T11:27:34,017  WARN [Thread-365] conf.HiveConf: HiveConf of name hive.llap.io.cache.orc.alloc.max does not exist
2024-04-24T11:27:34,017  WARN [Thread-365] conf.HiveConf: HiveConf of name hive.dummyparam.test.server.specific.config.metastoresite does not exist
2024-04-24T11:27:34,017  WARN [Thread-365] conf.HiveConf: HiveConf of name hive.metastore.client.cache.recordStats does not exist
2024-04-24T11:27:34,017  WARN [Thread-365] conf.HiveConf: HiveConf of name hive.llap.io.cache.orc.alloc.min does not exist
2024-04-24T11:27:34,017  INFO [Thread-365] common.HCatUtil: mapreduce.lib.hcatoutput.hive.conf is set. Applying configuration differences.
2024-04-24T11:27:34,018  INFO [Thread-365] HiveMetaStore.audit: ugi=alex	ip=unknown-ip-addr	cmd=get_databases: @hive#NonExistentDatabaseUsedForHealthCheck	
2024-04-24T11:27:34,019  INFO [Thread-365] mapreduce.FileOutputCommitterContainer: FileOutputCommitterContainer::cancelDelegationTokens(): Could not find tokenStrForm, or HCAT_KEY_TOKEN_SIGNATURE. Skipping token cancellation.
2024-04-24T11:27:34,132  WARN [main] impl.MetricsSystemImpl: JobTracker metrics system already initialized!
2024-04-24T11:27:34,139  WARN [main] impl.MetricsSystemImpl: JobTracker metrics system already initialized!
2024-04-24T11:27:34,145  WARN [main] impl.MetricsSystemImpl: JobTracker metrics system already initialized!
2024-04-24T11:27:34,153  INFO [main] pigstats.JobStats: using output size reader: org.apache.pig.backend.hadoop.executionengine.mapReduceLayer.FileBasedOutputSizeReader
2024-04-24T11:27:34,154  WARN [main] pigstats.JobStats: unable to find the output file
java.io.FileNotFoundException: File junit_unparted_basic does not exist
	at org.apache.hadoop.fs.RawLocalFileSystem.listStatus(RawLocalFileSystem.java:464) ~[hadoop-common-3.1.0.jar:?]
	at org.apache.hadoop.fs.FileSystem.listStatus(FileSystem.java:1919) ~[hadoop-common-3.1.0.jar:?]
	at org.apache.hadoop.fs.FileSystem.listStatus(FileSystem.java:1961) ~[hadoop-common-3.1.0.jar:?]
	at org.apache.hadoop.fs.ChecksumFileSystem.listStatus(ChecksumFileSystem.java:678) ~[hadoop-common-3.1.0.jar:?]
	at org.apache.pig.backend.hadoop.executionengine.mapReduceLayer.FileBasedOutputSizeReader.getOutputSize(FileBasedOutputSizeReader.java:81) ~[pig-0.16.0-h2.jar:?]
	at org.apache.pig.tools.pigstats.JobStats.getOutputSize(JobStats.java:351) [pig-0.16.0-h2.jar:?]
	at org.apache.pig.tools.pigstats.mapreduce.MRJobStats.addOneOutputStats(MRJobStats.java:461) [pig-0.16.0-h2.jar:?]
	at org.apache.pig.tools.pigstats.mapreduce.MRJobStats.addOutputStatistics(MRJobStats.java:443) [pig-0.16.0-h2.jar:?]
	at org.apache.pig.tools.pigstats.mapreduce.MRPigStatsUtil.addSuccessJobStats(MRPigStatsUtil.java:237) [pig-0.16.0-h2.jar:?]
	at org.apache.pig.tools.pigstats.mapreduce.MRPigStatsUtil.accumulateStats(MRPigStatsUtil.java:165) [pig-0.16.0-h2.jar:?]
	at org.apache.pig.backend.hadoop.executionengine.mapReduceLayer.MapReduceLauncher.launchPig(MapReduceLauncher.java:360) [pig-0.16.0-h2.jar:?]
	at org.apache.pig.backend.hadoop.executionengine.HExecutionEngine.launchPig(HExecutionEngine.java:308) [pig-0.16.0-h2.jar:?]
	at org.apache.pig.PigServer.launchPlan(PigServer.java:1474) [pig-0.16.0-h2.jar:?]
	at org.apache.pig.PigServer.executeCompiledLogicalPlan(PigServer.java:1459) [pig-0.16.0-h2.jar:?]
	at org.apache.pig.PigServer.execute(PigServer.java:1448) [pig-0.16.0-h2.jar:?]
	at org.apache.pig.PigServer.executeBatch(PigServer.java:488) [pig-0.16.0-h2.jar:?]
	at org.apache.pig.PigServer.executeBatch(PigServer.java:471) [pig-0.16.0-h2.jar:?]
	at org.apache.hive.hcatalog.pig.AbstractHCatLoaderTest.setUpTest(AbstractHCatLoaderTest.java:226) [test-classes/:?]
	at sun.reflect.NativeMethodAccessorImpl.invoke0(Native Method) ~[?:1.8.0_402]
	at sun.reflect.NativeMethodAccessorImpl.invoke(NativeMethodAccessorImpl.java:62) ~[?:1.8.0_402]
	at sun.reflect.DelegatingMethodAccessorImpl.invoke(DelegatingMethodAccessorImpl.java:43) ~[?:1.8.0_402]
	at java.lang.reflect.Method.invoke(Method.java:498) ~[?:1.8.0_402]
	at org.junit.runners.model.FrameworkMethod$1.runReflectiveCall(FrameworkMethod.java:59) [junit-4.13.jar:4.13]
	at org.junit.internal.runners.model.ReflectiveCallable.run(ReflectiveCallable.java:12) [junit-4.13.jar:4.13]
	at org.junit.runners.model.FrameworkMethod.invokeExplosively(FrameworkMethod.java:56) [junit-4.13.jar:4.13]
	at org.junit.internal.runners.statements.RunBefores.invokeMethod(RunBefores.java:33) [junit-4.13.jar:4.13]
	at org.junit.internal.runners.statements.RunBefores.evaluate(RunBefores.java:24) [junit-4.13.jar:4.13]
	at org.junit.internal.runners.statements.RunAfters.evaluate(RunAfters.java:27) [junit-4.13.jar:4.13]
	at org.junit.runners.ParentRunner$3.evaluate(ParentRunner.java:306) [junit-4.13.jar:4.13]
	at org.junit.runners.BlockJUnit4ClassRunner$1.evaluate(BlockJUnit4ClassRunner.java:100) [junit-4.13.jar:4.13]
	at org.junit.runners.ParentRunner.runLeaf(ParentRunner.java:366) [junit-4.13.jar:4.13]
	at org.junit.runners.BlockJUnit4ClassRunner.runChild(BlockJUnit4ClassRunner.java:103) [junit-4.13.jar:4.13]
	at org.junit.runners.BlockJUnit4ClassRunner.runChild(BlockJUnit4ClassRunner.java:63) [junit-4.13.jar:4.13]
	at org.junit.runners.ParentRunner$4.run(ParentRunner.java:331) [junit-4.13.jar:4.13]
	at org.junit.runners.ParentRunner$1.schedule(ParentRunner.java:79) [junit-4.13.jar:4.13]
	at org.junit.runners.ParentRunner.runChildren(ParentRunner.java:329) [junit-4.13.jar:4.13]
	at org.junit.runners.ParentRunner.access$100(ParentRunner.java:66) [junit-4.13.jar:4.13]
	at org.junit.runners.ParentRunner$2.evaluate(ParentRunner.java:293) [junit-4.13.jar:4.13]
	at org.junit.internal.runners.statements.RunBefores.evaluate(RunBefores.java:26) [junit-4.13.jar:4.13]
	at org.junit.runners.ParentRunner$3.evaluate(ParentRunner.java:306) [junit-4.13.jar:4.13]
	at org.junit.runners.ParentRunner.run(ParentRunner.java:413) [junit-4.13.jar:4.13]
	at org.junit.runners.Suite.runChild(Suite.java:128) [junit-4.13.jar:4.13]
	at org.junit.runners.Suite.runChild(Suite.java:27) [junit-4.13.jar:4.13]
	at org.junit.runners.ParentRunner$4.run(ParentRunner.java:331) [junit-4.13.jar:4.13]
	at org.junit.runners.ParentRunner$1.schedule(ParentRunner.java:79) [junit-4.13.jar:4.13]
	at org.junit.runners.ParentRunner.runChildren(ParentRunner.java:329) [junit-4.13.jar:4.13]
	at org.junit.runners.ParentRunner.access$100(ParentRunner.java:66) [junit-4.13.jar:4.13]
	at org.junit.runners.ParentRunner$2.evaluate(ParentRunner.java:293) [junit-4.13.jar:4.13]
	at org.junit.runners.ParentRunner$3.evaluate(ParentRunner.java:306) [junit-4.13.jar:4.13]
	at org.junit.runners.ParentRunner.run(ParentRunner.java:413) [junit-4.13.jar:4.13]
	at org.apache.maven.surefire.junitcore.JUnitCore.run(JUnitCore.java:55) [surefire-junit47-3.0.0-M4.jar:3.0.0-M4]
	at org.apache.maven.surefire.junitcore.JUnitCoreWrapper.createRequestAndRun(JUnitCoreWrapper.java:137) [surefire-junit47-3.0.0-M4.jar:3.0.0-M4]
	at org.apache.maven.surefire.junitcore.JUnitCoreWrapper.executeEager(JUnitCoreWrapper.java:107) [surefire-junit47-3.0.0-M4.jar:3.0.0-M4]
	at org.apache.maven.surefire.junitcore.JUnitCoreWrapper.execute(JUnitCoreWrapper.java:83) [surefire-junit47-3.0.0-M4.jar:3.0.0-M4]
	at org.apache.maven.surefire.junitcore.JUnitCoreWrapper.execute(JUnitCoreWrapper.java:75) [surefire-junit47-3.0.0-M4.jar:3.0.0-M4]
	at org.apache.maven.surefire.junitcore.JUnitCoreProvider.invoke(JUnitCoreProvider.java:158) [surefire-junit47-3.0.0-M4.jar:3.0.0-M4]
	at org.apache.maven.surefire.booter.ForkedBooter.runSuitesInProcess(ForkedBooter.java:377) [surefire-booter-3.0.0-M4.jar:3.0.0-M4]
	at org.apache.maven.surefire.booter.ForkedBooter.execute(ForkedBooter.java:138) [surefire-booter-3.0.0-M4.jar:3.0.0-M4]
	at org.apache.maven.surefire.booter.ForkedBooter.run(ForkedBooter.java:465) [surefire-booter-3.0.0-M4.jar:3.0.0-M4]
	at org.apache.maven.surefire.booter.ForkedBooter.main(ForkedBooter.java:451) [surefire-booter-3.0.0-M4.jar:3.0.0-M4]
2024-04-24T11:27:34,155  INFO [main] pigstats.JobStats: using output size reader: org.apache.pig.backend.hadoop.executionengine.mapReduceLayer.FileBasedOutputSizeReader
2024-04-24T11:27:34,155  WARN [main] pigstats.JobStats: unable to find the output file
java.io.FileNotFoundException: File junit_specific_size does not exist
	at org.apache.hadoop.fs.RawLocalFileSystem.listStatus(RawLocalFileSystem.java:464) ~[hadoop-common-3.1.0.jar:?]
	at org.apache.hadoop.fs.FileSystem.listStatus(FileSystem.java:1919) ~[hadoop-common-3.1.0.jar:?]
	at org.apache.hadoop.fs.FileSystem.listStatus(FileSystem.java:1961) ~[hadoop-common-3.1.0.jar:?]
	at org.apache.hadoop.fs.ChecksumFileSystem.listStatus(ChecksumFileSystem.java:678) ~[hadoop-common-3.1.0.jar:?]
	at org.apache.pig.backend.hadoop.executionengine.mapReduceLayer.FileBasedOutputSizeReader.getOutputSize(FileBasedOutputSizeReader.java:81) ~[pig-0.16.0-h2.jar:?]
	at org.apache.pig.tools.pigstats.JobStats.getOutputSize(JobStats.java:351) [pig-0.16.0-h2.jar:?]
	at org.apache.pig.tools.pigstats.mapreduce.MRJobStats.addOneOutputStats(MRJobStats.java:461) [pig-0.16.0-h2.jar:?]
	at org.apache.pig.tools.pigstats.mapreduce.MRJobStats.addOutputStatistics(MRJobStats.java:443) [pig-0.16.0-h2.jar:?]
	at org.apache.pig.tools.pigstats.mapreduce.MRPigStatsUtil.addSuccessJobStats(MRPigStatsUtil.java:237) [pig-0.16.0-h2.jar:?]
	at org.apache.pig.tools.pigstats.mapreduce.MRPigStatsUtil.accumulateStats(MRPigStatsUtil.java:165) [pig-0.16.0-h2.jar:?]
	at org.apache.pig.backend.hadoop.executionengine.mapReduceLayer.MapReduceLauncher.launchPig(MapReduceLauncher.java:360) [pig-0.16.0-h2.jar:?]
	at org.apache.pig.backend.hadoop.executionengine.HExecutionEngine.launchPig(HExecutionEngine.java:308) [pig-0.16.0-h2.jar:?]
	at org.apache.pig.PigServer.launchPlan(PigServer.java:1474) [pig-0.16.0-h2.jar:?]
	at org.apache.pig.PigServer.executeCompiledLogicalPlan(PigServer.java:1459) [pig-0.16.0-h2.jar:?]
	at org.apache.pig.PigServer.execute(PigServer.java:1448) [pig-0.16.0-h2.jar:?]
	at org.apache.pig.PigServer.executeBatch(PigServer.java:488) [pig-0.16.0-h2.jar:?]
	at org.apache.pig.PigServer.executeBatch(PigServer.java:471) [pig-0.16.0-h2.jar:?]
	at org.apache.hive.hcatalog.pig.AbstractHCatLoaderTest.setUpTest(AbstractHCatLoaderTest.java:226) [test-classes/:?]
	at sun.reflect.NativeMethodAccessorImpl.invoke0(Native Method) ~[?:1.8.0_402]
	at sun.reflect.NativeMethodAccessorImpl.invoke(NativeMethodAccessorImpl.java:62) ~[?:1.8.0_402]
	at sun.reflect.DelegatingMethodAccessorImpl.invoke(DelegatingMethodAccessorImpl.java:43) ~[?:1.8.0_402]
	at java.lang.reflect.Method.invoke(Method.java:498) ~[?:1.8.0_402]
	at org.junit.runners.model.FrameworkMethod$1.runReflectiveCall(FrameworkMethod.java:59) [junit-4.13.jar:4.13]
	at org.junit.internal.runners.model.ReflectiveCallable.run(ReflectiveCallable.java:12) [junit-4.13.jar:4.13]
	at org.junit.runners.model.FrameworkMethod.invokeExplosively(FrameworkMethod.java:56) [junit-4.13.jar:4.13]
	at org.junit.internal.runners.statements.RunBefores.invokeMethod(RunBefores.java:33) [junit-4.13.jar:4.13]
	at org.junit.internal.runners.statements.RunBefores.evaluate(RunBefores.java:24) [junit-4.13.jar:4.13]
	at org.junit.internal.runners.statements.RunAfters.evaluate(RunAfters.java:27) [junit-4.13.jar:4.13]
	at org.junit.runners.ParentRunner$3.evaluate(ParentRunner.java:306) [junit-4.13.jar:4.13]
	at org.junit.runners.BlockJUnit4ClassRunner$1.evaluate(BlockJUnit4ClassRunner.java:100) [junit-4.13.jar:4.13]
	at org.junit.runners.ParentRunner.runLeaf(ParentRunner.java:366) [junit-4.13.jar:4.13]
	at org.junit.runners.BlockJUnit4ClassRunner.runChild(BlockJUnit4ClassRunner.java:103) [junit-4.13.jar:4.13]
	at org.junit.runners.BlockJUnit4ClassRunner.runChild(BlockJUnit4ClassRunner.java:63) [junit-4.13.jar:4.13]
	at org.junit.runners.ParentRunner$4.run(ParentRunner.java:331) [junit-4.13.jar:4.13]
	at org.junit.runners.ParentRunner$1.schedule(ParentRunner.java:79) [junit-4.13.jar:4.13]
	at org.junit.runners.ParentRunner.runChildren(ParentRunner.java:329) [junit-4.13.jar:4.13]
	at org.junit.runners.ParentRunner.access$100(ParentRunner.java:66) [junit-4.13.jar:4.13]
	at org.junit.runners.ParentRunner$2.evaluate(ParentRunner.java:293) [junit-4.13.jar:4.13]
	at org.junit.internal.runners.statements.RunBefores.evaluate(RunBefores.java:26) [junit-4.13.jar:4.13]
	at org.junit.runners.ParentRunner$3.evaluate(ParentRunner.java:306) [junit-4.13.jar:4.13]
	at org.junit.runners.ParentRunner.run(ParentRunner.java:413) [junit-4.13.jar:4.13]
	at org.junit.runners.Suite.runChild(Suite.java:128) [junit-4.13.jar:4.13]
	at org.junit.runners.Suite.runChild(Suite.java:27) [junit-4.13.jar:4.13]
	at org.junit.runners.ParentRunner$4.run(ParentRunner.java:331) [junit-4.13.jar:4.13]
	at org.junit.runners.ParentRunner$1.schedule(ParentRunner.java:79) [junit-4.13.jar:4.13]
	at org.junit.runners.ParentRunner.runChildren(ParentRunner.java:329) [junit-4.13.jar:4.13]
	at org.junit.runners.ParentRunner.access$100(ParentRunner.java:66) [junit-4.13.jar:4.13]
	at org.junit.runners.ParentRunner$2.evaluate(ParentRunner.java:293) [junit-4.13.jar:4.13]
	at org.junit.runners.ParentRunner$3.evaluate(ParentRunner.java:306) [junit-4.13.jar:4.13]
	at org.junit.runners.ParentRunner.run(ParentRunner.java:413) [junit-4.13.jar:4.13]
	at org.apache.maven.surefire.junitcore.JUnitCore.run(JUnitCore.java:55) [surefire-junit47-3.0.0-M4.jar:3.0.0-M4]
	at org.apache.maven.surefire.junitcore.JUnitCoreWrapper.createRequestAndRun(JUnitCoreWrapper.java:137) [surefire-junit47-3.0.0-M4.jar:3.0.0-M4]
	at org.apache.maven.surefire.junitcore.JUnitCoreWrapper.executeEager(JUnitCoreWrapper.java:107) [surefire-junit47-3.0.0-M4.jar:3.0.0-M4]
	at org.apache.maven.surefire.junitcore.JUnitCoreWrapper.execute(JUnitCoreWrapper.java:83) [surefire-junit47-3.0.0-M4.jar:3.0.0-M4]
	at org.apache.maven.surefire.junitcore.JUnitCoreWrapper.execute(JUnitCoreWrapper.java:75) [surefire-junit47-3.0.0-M4.jar:3.0.0-M4]
	at org.apache.maven.surefire.junitcore.JUnitCoreProvider.invoke(JUnitCoreProvider.java:158) [surefire-junit47-3.0.0-M4.jar:3.0.0-M4]
	at org.apache.maven.surefire.booter.ForkedBooter.runSuitesInProcess(ForkedBooter.java:377) [surefire-booter-3.0.0-M4.jar:3.0.0-M4]
	at org.apache.maven.surefire.booter.ForkedBooter.execute(ForkedBooter.java:138) [surefire-booter-3.0.0-M4.jar:3.0.0-M4]
	at org.apache.maven.surefire.booter.ForkedBooter.run(ForkedBooter.java:465) [surefire-booter-3.0.0-M4.jar:3.0.0-M4]
	at org.apache.maven.surefire.booter.ForkedBooter.main(ForkedBooter.java:451) [surefire-booter-3.0.0-M4.jar:3.0.0-M4]
2024-04-24T11:27:34,156  INFO [main] pigstats.JobStats: using output size reader: org.apache.pig.backend.hadoop.executionengine.mapReduceLayer.FileBasedOutputSizeReader
2024-04-24T11:27:34,157  WARN [main] pigstats.JobStats: unable to find the output file
java.io.FileNotFoundException: File junit_specific_db.junit_specific_size2 does not exist
	at org.apache.hadoop.fs.RawLocalFileSystem.listStatus(RawLocalFileSystem.java:464) ~[hadoop-common-3.1.0.jar:?]
	at org.apache.hadoop.fs.FileSystem.listStatus(FileSystem.java:1919) ~[hadoop-common-3.1.0.jar:?]
	at org.apache.hadoop.fs.FileSystem.listStatus(FileSystem.java:1961) ~[hadoop-common-3.1.0.jar:?]
	at org.apache.hadoop.fs.ChecksumFileSystem.listStatus(ChecksumFileSystem.java:678) ~[hadoop-common-3.1.0.jar:?]
	at org.apache.pig.backend.hadoop.executionengine.mapReduceLayer.FileBasedOutputSizeReader.getOutputSize(FileBasedOutputSizeReader.java:81) ~[pig-0.16.0-h2.jar:?]
	at org.apache.pig.tools.pigstats.JobStats.getOutputSize(JobStats.java:351) [pig-0.16.0-h2.jar:?]
	at org.apache.pig.tools.pigstats.mapreduce.MRJobStats.addOneOutputStats(MRJobStats.java:461) [pig-0.16.0-h2.jar:?]
	at org.apache.pig.tools.pigstats.mapreduce.MRJobStats.addOutputStatistics(MRJobStats.java:443) [pig-0.16.0-h2.jar:?]
	at org.apache.pig.tools.pigstats.mapreduce.MRPigStatsUtil.addSuccessJobStats(MRPigStatsUtil.java:237) [pig-0.16.0-h2.jar:?]
	at org.apache.pig.tools.pigstats.mapreduce.MRPigStatsUtil.accumulateStats(MRPigStatsUtil.java:165) [pig-0.16.0-h2.jar:?]
	at org.apache.pig.backend.hadoop.executionengine.mapReduceLayer.MapReduceLauncher.launchPig(MapReduceLauncher.java:360) [pig-0.16.0-h2.jar:?]
	at org.apache.pig.backend.hadoop.executionengine.HExecutionEngine.launchPig(HExecutionEngine.java:308) [pig-0.16.0-h2.jar:?]
	at org.apache.pig.PigServer.launchPlan(PigServer.java:1474) [pig-0.16.0-h2.jar:?]
	at org.apache.pig.PigServer.executeCompiledLogicalPlan(PigServer.java:1459) [pig-0.16.0-h2.jar:?]
	at org.apache.pig.PigServer.execute(PigServer.java:1448) [pig-0.16.0-h2.jar:?]
	at org.apache.pig.PigServer.executeBatch(PigServer.java:488) [pig-0.16.0-h2.jar:?]
	at org.apache.pig.PigServer.executeBatch(PigServer.java:471) [pig-0.16.0-h2.jar:?]
	at org.apache.hive.hcatalog.pig.AbstractHCatLoaderTest.setUpTest(AbstractHCatLoaderTest.java:226) [test-classes/:?]
	at sun.reflect.NativeMethodAccessorImpl.invoke0(Native Method) ~[?:1.8.0_402]
	at sun.reflect.NativeMethodAccessorImpl.invoke(NativeMethodAccessorImpl.java:62) ~[?:1.8.0_402]
	at sun.reflect.DelegatingMethodAccessorImpl.invoke(DelegatingMethodAccessorImpl.java:43) ~[?:1.8.0_402]
	at java.lang.reflect.Method.invoke(Method.java:498) ~[?:1.8.0_402]
	at org.junit.runners.model.FrameworkMethod$1.runReflectiveCall(FrameworkMethod.java:59) [junit-4.13.jar:4.13]
	at org.junit.internal.runners.model.ReflectiveCallable.run(ReflectiveCallable.java:12) [junit-4.13.jar:4.13]
	at org.junit.runners.model.FrameworkMethod.invokeExplosively(FrameworkMethod.java:56) [junit-4.13.jar:4.13]
	at org.junit.internal.runners.statements.RunBefores.invokeMethod(RunBefores.java:33) [junit-4.13.jar:4.13]
	at org.junit.internal.runners.statements.RunBefores.evaluate(RunBefores.java:24) [junit-4.13.jar:4.13]
	at org.junit.internal.runners.statements.RunAfters.evaluate(RunAfters.java:27) [junit-4.13.jar:4.13]
	at org.junit.runners.ParentRunner$3.evaluate(ParentRunner.java:306) [junit-4.13.jar:4.13]
	at org.junit.runners.BlockJUnit4ClassRunner$1.evaluate(BlockJUnit4ClassRunner.java:100) [junit-4.13.jar:4.13]
	at org.junit.runners.ParentRunner.runLeaf(ParentRunner.java:366) [junit-4.13.jar:4.13]
	at org.junit.runners.BlockJUnit4ClassRunner.runChild(BlockJUnit4ClassRunner.java:103) [junit-4.13.jar:4.13]
	at org.junit.runners.BlockJUnit4ClassRunner.runChild(BlockJUnit4ClassRunner.java:63) [junit-4.13.jar:4.13]
	at org.junit.runners.ParentRunner$4.run(ParentRunner.java:331) [junit-4.13.jar:4.13]
	at org.junit.runners.ParentRunner$1.schedule(ParentRunner.java:79) [junit-4.13.jar:4.13]
	at org.junit.runners.ParentRunner.runChildren(ParentRunner.java:329) [junit-4.13.jar:4.13]
	at org.junit.runners.ParentRunner.access$100(ParentRunner.java:66) [junit-4.13.jar:4.13]
	at org.junit.runners.ParentRunner$2.evaluate(ParentRunner.java:293) [junit-4.13.jar:4.13]
	at org.junit.internal.runners.statements.RunBefores.evaluate(RunBefores.java:26) [junit-4.13.jar:4.13]
	at org.junit.runners.ParentRunner$3.evaluate(ParentRunner.java:306) [junit-4.13.jar:4.13]
	at org.junit.runners.ParentRunner.run(ParentRunner.java:413) [junit-4.13.jar:4.13]
	at org.junit.runners.Suite.runChild(Suite.java:128) [junit-4.13.jar:4.13]
	at org.junit.runners.Suite.runChild(Suite.java:27) [junit-4.13.jar:4.13]
	at org.junit.runners.ParentRunner$4.run(ParentRunner.java:331) [junit-4.13.jar:4.13]
	at org.junit.runners.ParentRunner$1.schedule(ParentRunner.java:79) [junit-4.13.jar:4.13]
	at org.junit.runners.ParentRunner.runChildren(ParentRunner.java:329) [junit-4.13.jar:4.13]
	at org.junit.runners.ParentRunner.access$100(ParentRunner.java:66) [junit-4.13.jar:4.13]
	at org.junit.runners.ParentRunner$2.evaluate(ParentRunner.java:293) [junit-4.13.jar:4.13]
	at org.junit.runners.ParentRunner$3.evaluate(ParentRunner.java:306) [junit-4.13.jar:4.13]
	at org.junit.runners.ParentRunner.run(ParentRunner.java:413) [junit-4.13.jar:4.13]
	at org.apache.maven.surefire.junitcore.JUnitCore.run(JUnitCore.java:55) [surefire-junit47-3.0.0-M4.jar:3.0.0-M4]
	at org.apache.maven.surefire.junitcore.JUnitCoreWrapper.createRequestAndRun(JUnitCoreWrapper.java:137) [surefire-junit47-3.0.0-M4.jar:3.0.0-M4]
	at org.apache.maven.surefire.junitcore.JUnitCoreWrapper.executeEager(JUnitCoreWrapper.java:107) [surefire-junit47-3.0.0-M4.jar:3.0.0-M4]
	at org.apache.maven.surefire.junitcore.JUnitCoreWrapper.execute(JUnitCoreWrapper.java:83) [surefire-junit47-3.0.0-M4.jar:3.0.0-M4]
	at org.apache.maven.surefire.junitcore.JUnitCoreWrapper.execute(JUnitCoreWrapper.java:75) [surefire-junit47-3.0.0-M4.jar:3.0.0-M4]
	at org.apache.maven.surefire.junitcore.JUnitCoreProvider.invoke(JUnitCoreProvider.java:158) [surefire-junit47-3.0.0-M4.jar:3.0.0-M4]
	at org.apache.maven.surefire.booter.ForkedBooter.runSuitesInProcess(ForkedBooter.java:377) [surefire-booter-3.0.0-M4.jar:3.0.0-M4]
	at org.apache.maven.surefire.booter.ForkedBooter.execute(ForkedBooter.java:138) [surefire-booter-3.0.0-M4.jar:3.0.0-M4]
	at org.apache.maven.surefire.booter.ForkedBooter.run(ForkedBooter.java:465) [surefire-booter-3.0.0-M4.jar:3.0.0-M4]
	at org.apache.maven.surefire.booter.ForkedBooter.main(ForkedBooter.java:451) [surefire-booter-3.0.0-M4.jar:3.0.0-M4]
2024-04-24T11:27:34,158  INFO [main] pigstats.JobStats: using output size reader: org.apache.pig.backend.hadoop.executionengine.mapReduceLayer.FileBasedOutputSizeReader
2024-04-24T11:27:34,158  WARN [main] pigstats.JobStats: unable to find the output file
java.io.FileNotFoundException: File junit_parted_basic does not exist
	at org.apache.hadoop.fs.RawLocalFileSystem.listStatus(RawLocalFileSystem.java:464) ~[hadoop-common-3.1.0.jar:?]
	at org.apache.hadoop.fs.FileSystem.listStatus(FileSystem.java:1919) ~[hadoop-common-3.1.0.jar:?]
	at org.apache.hadoop.fs.FileSystem.listStatus(FileSystem.java:1961) ~[hadoop-common-3.1.0.jar:?]
	at org.apache.hadoop.fs.ChecksumFileSystem.listStatus(ChecksumFileSystem.java:678) ~[hadoop-common-3.1.0.jar:?]
	at org.apache.pig.backend.hadoop.executionengine.mapReduceLayer.FileBasedOutputSizeReader.getOutputSize(FileBasedOutputSizeReader.java:81) ~[pig-0.16.0-h2.jar:?]
	at org.apache.pig.tools.pigstats.JobStats.getOutputSize(JobStats.java:351) [pig-0.16.0-h2.jar:?]
	at org.apache.pig.tools.pigstats.mapreduce.MRJobStats.addOneOutputStats(MRJobStats.java:461) [pig-0.16.0-h2.jar:?]
	at org.apache.pig.tools.pigstats.mapreduce.MRJobStats.addOutputStatistics(MRJobStats.java:443) [pig-0.16.0-h2.jar:?]
	at org.apache.pig.tools.pigstats.mapreduce.MRPigStatsUtil.addSuccessJobStats(MRPigStatsUtil.java:237) [pig-0.16.0-h2.jar:?]
	at org.apache.pig.tools.pigstats.mapreduce.MRPigStatsUtil.accumulateStats(MRPigStatsUtil.java:165) [pig-0.16.0-h2.jar:?]
	at org.apache.pig.backend.hadoop.executionengine.mapReduceLayer.MapReduceLauncher.launchPig(MapReduceLauncher.java:360) [pig-0.16.0-h2.jar:?]
	at org.apache.pig.backend.hadoop.executionengine.HExecutionEngine.launchPig(HExecutionEngine.java:308) [pig-0.16.0-h2.jar:?]
	at org.apache.pig.PigServer.launchPlan(PigServer.java:1474) [pig-0.16.0-h2.jar:?]
	at org.apache.pig.PigServer.executeCompiledLogicalPlan(PigServer.java:1459) [pig-0.16.0-h2.jar:?]
	at org.apache.pig.PigServer.execute(PigServer.java:1448) [pig-0.16.0-h2.jar:?]
	at org.apache.pig.PigServer.executeBatch(PigServer.java:488) [pig-0.16.0-h2.jar:?]
	at org.apache.pig.PigServer.executeBatch(PigServer.java:471) [pig-0.16.0-h2.jar:?]
	at org.apache.hive.hcatalog.pig.AbstractHCatLoaderTest.setUpTest(AbstractHCatLoaderTest.java:226) [test-classes/:?]
	at sun.reflect.NativeMethodAccessorImpl.invoke0(Native Method) ~[?:1.8.0_402]
	at sun.reflect.NativeMethodAccessorImpl.invoke(NativeMethodAccessorImpl.java:62) ~[?:1.8.0_402]
	at sun.reflect.DelegatingMethodAccessorImpl.invoke(DelegatingMethodAccessorImpl.java:43) ~[?:1.8.0_402]
	at java.lang.reflect.Method.invoke(Method.java:498) ~[?:1.8.0_402]
	at org.junit.runners.model.FrameworkMethod$1.runReflectiveCall(FrameworkMethod.java:59) [junit-4.13.jar:4.13]
	at org.junit.internal.runners.model.ReflectiveCallable.run(ReflectiveCallable.java:12) [junit-4.13.jar:4.13]
	at org.junit.runners.model.FrameworkMethod.invokeExplosively(FrameworkMethod.java:56) [junit-4.13.jar:4.13]
	at org.junit.internal.runners.statements.RunBefores.invokeMethod(RunBefores.java:33) [junit-4.13.jar:4.13]
	at org.junit.internal.runners.statements.RunBefores.evaluate(RunBefores.java:24) [junit-4.13.jar:4.13]
	at org.junit.internal.runners.statements.RunAfters.evaluate(RunAfters.java:27) [junit-4.13.jar:4.13]
	at org.junit.runners.ParentRunner$3.evaluate(ParentRunner.java:306) [junit-4.13.jar:4.13]
	at org.junit.runners.BlockJUnit4ClassRunner$1.evaluate(BlockJUnit4ClassRunner.java:100) [junit-4.13.jar:4.13]
	at org.junit.runners.ParentRunner.runLeaf(ParentRunner.java:366) [junit-4.13.jar:4.13]
	at org.junit.runners.BlockJUnit4ClassRunner.runChild(BlockJUnit4ClassRunner.java:103) [junit-4.13.jar:4.13]
	at org.junit.runners.BlockJUnit4ClassRunner.runChild(BlockJUnit4ClassRunner.java:63) [junit-4.13.jar:4.13]
	at org.junit.runners.ParentRunner$4.run(ParentRunner.java:331) [junit-4.13.jar:4.13]
	at org.junit.runners.ParentRunner$1.schedule(ParentRunner.java:79) [junit-4.13.jar:4.13]
	at org.junit.runners.ParentRunner.runChildren(ParentRunner.java:329) [junit-4.13.jar:4.13]
	at org.junit.runners.ParentRunner.access$100(ParentRunner.java:66) [junit-4.13.jar:4.13]
	at org.junit.runners.ParentRunner$2.evaluate(ParentRunner.java:293) [junit-4.13.jar:4.13]
	at org.junit.internal.runners.statements.RunBefores.evaluate(RunBefores.java:26) [junit-4.13.jar:4.13]
	at org.junit.runners.ParentRunner$3.evaluate(ParentRunner.java:306) [junit-4.13.jar:4.13]
	at org.junit.runners.ParentRunner.run(ParentRunner.java:413) [junit-4.13.jar:4.13]
	at org.junit.runners.Suite.runChild(Suite.java:128) [junit-4.13.jar:4.13]
	at org.junit.runners.Suite.runChild(Suite.java:27) [junit-4.13.jar:4.13]
	at org.junit.runners.ParentRunner$4.run(ParentRunner.java:331) [junit-4.13.jar:4.13]
	at org.junit.runners.ParentRunner$1.schedule(ParentRunner.java:79) [junit-4.13.jar:4.13]
	at org.junit.runners.ParentRunner.runChildren(ParentRunner.java:329) [junit-4.13.jar:4.13]
	at org.junit.runners.ParentRunner.access$100(ParentRunner.java:66) [junit-4.13.jar:4.13]
	at org.junit.runners.ParentRunner$2.evaluate(ParentRunner.java:293) [junit-4.13.jar:4.13]
	at org.junit.runners.ParentRunner$3.evaluate(ParentRunner.java:306) [junit-4.13.jar:4.13]
	at org.junit.runners.ParentRunner.run(ParentRunner.java:413) [junit-4.13.jar:4.13]
	at org.apache.maven.surefire.junitcore.JUnitCore.run(JUnitCore.java:55) [surefire-junit47-3.0.0-M4.jar:3.0.0-M4]
	at org.apache.maven.surefire.junitcore.JUnitCoreWrapper.createRequestAndRun(JUnitCoreWrapper.java:137) [surefire-junit47-3.0.0-M4.jar:3.0.0-M4]
	at org.apache.maven.surefire.junitcore.JUnitCoreWrapper.executeEager(JUnitCoreWrapper.java:107) [surefire-junit47-3.0.0-M4.jar:3.0.0-M4]
	at org.apache.maven.surefire.junitcore.JUnitCoreWrapper.execute(JUnitCoreWrapper.java:83) [surefire-junit47-3.0.0-M4.jar:3.0.0-M4]
	at org.apache.maven.surefire.junitcore.JUnitCoreWrapper.execute(JUnitCoreWrapper.java:75) [surefire-junit47-3.0.0-M4.jar:3.0.0-M4]
	at org.apache.maven.surefire.junitcore.JUnitCoreProvider.invoke(JUnitCoreProvider.java:158) [surefire-junit47-3.0.0-M4.jar:3.0.0-M4]
	at org.apache.maven.surefire.booter.ForkedBooter.runSuitesInProcess(ForkedBooter.java:377) [surefire-booter-3.0.0-M4.jar:3.0.0-M4]
	at org.apache.maven.surefire.booter.ForkedBooter.execute(ForkedBooter.java:138) [surefire-booter-3.0.0-M4.jar:3.0.0-M4]
	at org.apache.maven.surefire.booter.ForkedBooter.run(ForkedBooter.java:465) [surefire-booter-3.0.0-M4.jar:3.0.0-M4]
	at org.apache.maven.surefire.booter.ForkedBooter.main(ForkedBooter.java:451) [surefire-booter-3.0.0-M4.jar:3.0.0-M4]
2024-04-24T11:27:34,160  INFO [main] pigstats.JobStats: using output size reader: org.apache.pig.backend.hadoop.executionengine.mapReduceLayer.FileBasedOutputSizeReader
2024-04-24T11:27:34,160  WARN [main] pigstats.JobStats: unable to find the output file
java.io.FileNotFoundException: File junit_parted_basic does not exist
	at org.apache.hadoop.fs.RawLocalFileSystem.listStatus(RawLocalFileSystem.java:464) ~[hadoop-common-3.1.0.jar:?]
	at org.apache.hadoop.fs.FileSystem.listStatus(FileSystem.java:1919) ~[hadoop-common-3.1.0.jar:?]
	at org.apache.hadoop.fs.FileSystem.listStatus(FileSystem.java:1961) ~[hadoop-common-3.1.0.jar:?]
	at org.apache.hadoop.fs.ChecksumFileSystem.listStatus(ChecksumFileSystem.java:678) ~[hadoop-common-3.1.0.jar:?]
	at org.apache.pig.backend.hadoop.executionengine.mapReduceLayer.FileBasedOutputSizeReader.getOutputSize(FileBasedOutputSizeReader.java:81) ~[pig-0.16.0-h2.jar:?]
	at org.apache.pig.tools.pigstats.JobStats.getOutputSize(JobStats.java:351) [pig-0.16.0-h2.jar:?]
	at org.apache.pig.tools.pigstats.mapreduce.MRJobStats.addOneOutputStats(MRJobStats.java:461) [pig-0.16.0-h2.jar:?]
	at org.apache.pig.tools.pigstats.mapreduce.MRJobStats.addOutputStatistics(MRJobStats.java:443) [pig-0.16.0-h2.jar:?]
	at org.apache.pig.tools.pigstats.mapreduce.MRPigStatsUtil.addSuccessJobStats(MRPigStatsUtil.java:237) [pig-0.16.0-h2.jar:?]
	at org.apache.pig.tools.pigstats.mapreduce.MRPigStatsUtil.accumulateStats(MRPigStatsUtil.java:165) [pig-0.16.0-h2.jar:?]
	at org.apache.pig.backend.hadoop.executionengine.mapReduceLayer.MapReduceLauncher.launchPig(MapReduceLauncher.java:360) [pig-0.16.0-h2.jar:?]
	at org.apache.pig.backend.hadoop.executionengine.HExecutionEngine.launchPig(HExecutionEngine.java:308) [pig-0.16.0-h2.jar:?]
	at org.apache.pig.PigServer.launchPlan(PigServer.java:1474) [pig-0.16.0-h2.jar:?]
	at org.apache.pig.PigServer.executeCompiledLogicalPlan(PigServer.java:1459) [pig-0.16.0-h2.jar:?]
	at org.apache.pig.PigServer.execute(PigServer.java:1448) [pig-0.16.0-h2.jar:?]
	at org.apache.pig.PigServer.executeBatch(PigServer.java:488) [pig-0.16.0-h2.jar:?]
	at org.apache.pig.PigServer.executeBatch(PigServer.java:471) [pig-0.16.0-h2.jar:?]
	at org.apache.hive.hcatalog.pig.AbstractHCatLoaderTest.setUpTest(AbstractHCatLoaderTest.java:226) [test-classes/:?]
	at sun.reflect.NativeMethodAccessorImpl.invoke0(Native Method) ~[?:1.8.0_402]
	at sun.reflect.NativeMethodAccessorImpl.invoke(NativeMethodAccessorImpl.java:62) ~[?:1.8.0_402]
	at sun.reflect.DelegatingMethodAccessorImpl.invoke(DelegatingMethodAccessorImpl.java:43) ~[?:1.8.0_402]
	at java.lang.reflect.Method.invoke(Method.java:498) ~[?:1.8.0_402]
	at org.junit.runners.model.FrameworkMethod$1.runReflectiveCall(FrameworkMethod.java:59) [junit-4.13.jar:4.13]
	at org.junit.internal.runners.model.ReflectiveCallable.run(ReflectiveCallable.java:12) [junit-4.13.jar:4.13]
	at org.junit.runners.model.FrameworkMethod.invokeExplosively(FrameworkMethod.java:56) [junit-4.13.jar:4.13]
	at org.junit.internal.runners.statements.RunBefores.invokeMethod(RunBefores.java:33) [junit-4.13.jar:4.13]
	at org.junit.internal.runners.statements.RunBefores.evaluate(RunBefores.java:24) [junit-4.13.jar:4.13]
	at org.junit.internal.runners.statements.RunAfters.evaluate(RunAfters.java:27) [junit-4.13.jar:4.13]
	at org.junit.runners.ParentRunner$3.evaluate(ParentRunner.java:306) [junit-4.13.jar:4.13]
	at org.junit.runners.BlockJUnit4ClassRunner$1.evaluate(BlockJUnit4ClassRunner.java:100) [junit-4.13.jar:4.13]
	at org.junit.runners.ParentRunner.runLeaf(ParentRunner.java:366) [junit-4.13.jar:4.13]
	at org.junit.runners.BlockJUnit4ClassRunner.runChild(BlockJUnit4ClassRunner.java:103) [junit-4.13.jar:4.13]
	at org.junit.runners.BlockJUnit4ClassRunner.runChild(BlockJUnit4ClassRunner.java:63) [junit-4.13.jar:4.13]
	at org.junit.runners.ParentRunner$4.run(ParentRunner.java:331) [junit-4.13.jar:4.13]
	at org.junit.runners.ParentRunner$1.schedule(ParentRunner.java:79) [junit-4.13.jar:4.13]
	at org.junit.runners.ParentRunner.runChildren(ParentRunner.java:329) [junit-4.13.jar:4.13]
	at org.junit.runners.ParentRunner.access$100(ParentRunner.java:66) [junit-4.13.jar:4.13]
	at org.junit.runners.ParentRunner$2.evaluate(ParentRunner.java:293) [junit-4.13.jar:4.13]
	at org.junit.internal.runners.statements.RunBefores.evaluate(RunBefores.java:26) [junit-4.13.jar:4.13]
	at org.junit.runners.ParentRunner$3.evaluate(ParentRunner.java:306) [junit-4.13.jar:4.13]
	at org.junit.runners.ParentRunner.run(ParentRunner.java:413) [junit-4.13.jar:4.13]
	at org.junit.runners.Suite.runChild(Suite.java:128) [junit-4.13.jar:4.13]
	at org.junit.runners.Suite.runChild(Suite.java:27) [junit-4.13.jar:4.13]
	at org.junit.runners.ParentRunner$4.run(ParentRunner.java:331) [junit-4.13.jar:4.13]
	at org.junit.runners.ParentRunner$1.schedule(ParentRunner.java:79) [junit-4.13.jar:4.13]
	at org.junit.runners.ParentRunner.runChildren(ParentRunner.java:329) [junit-4.13.jar:4.13]
	at org.junit.runners.ParentRunner.access$100(ParentRunner.java:66) [junit-4.13.jar:4.13]
	at org.junit.runners.ParentRunner$2.evaluate(ParentRunner.java:293) [junit-4.13.jar:4.13]
	at org.junit.runners.ParentRunner$3.evaluate(ParentRunner.java:306) [junit-4.13.jar:4.13]
	at org.junit.runners.ParentRunner.run(ParentRunner.java:413) [junit-4.13.jar:4.13]
	at org.apache.maven.surefire.junitcore.JUnitCore.run(JUnitCore.java:55) [surefire-junit47-3.0.0-M4.jar:3.0.0-M4]
	at org.apache.maven.surefire.junitcore.JUnitCoreWrapper.createRequestAndRun(JUnitCoreWrapper.java:137) [surefire-junit47-3.0.0-M4.jar:3.0.0-M4]
	at org.apache.maven.surefire.junitcore.JUnitCoreWrapper.executeEager(JUnitCoreWrapper.java:107) [surefire-junit47-3.0.0-M4.jar:3.0.0-M4]
	at org.apache.maven.surefire.junitcore.JUnitCoreWrapper.execute(JUnitCoreWrapper.java:83) [surefire-junit47-3.0.0-M4.jar:3.0.0-M4]
	at org.apache.maven.surefire.junitcore.JUnitCoreWrapper.execute(JUnitCoreWrapper.java:75) [surefire-junit47-3.0.0-M4.jar:3.0.0-M4]
	at org.apache.maven.surefire.junitcore.JUnitCoreProvider.invoke(JUnitCoreProvider.java:158) [surefire-junit47-3.0.0-M4.jar:3.0.0-M4]
	at org.apache.maven.surefire.booter.ForkedBooter.runSuitesInProcess(ForkedBooter.java:377) [surefire-booter-3.0.0-M4.jar:3.0.0-M4]
	at org.apache.maven.surefire.booter.ForkedBooter.execute(ForkedBooter.java:138) [surefire-booter-3.0.0-M4.jar:3.0.0-M4]
	at org.apache.maven.surefire.booter.ForkedBooter.run(ForkedBooter.java:465) [surefire-booter-3.0.0-M4.jar:3.0.0-M4]
	at org.apache.maven.surefire.booter.ForkedBooter.main(ForkedBooter.java:451) [surefire-booter-3.0.0-M4.jar:3.0.0-M4]
2024-04-24T11:27:34,162  INFO [main] mapReduceLayer.MapReduceLauncher: 100% complete
2024-04-24T11:27:34,162  INFO [main] mapreduce.SimplePigStats: Script Statistics: 

HadoopVersion	PigVersion	UserId	StartedAt	FinishedAt	Features
3.1.0	0.16.0	alex	2024-04-24 11:27:32	2024-04-24 11:27:34	FILTER

Success!

Job Stats (time in seconds):
JobId	Maps	Reduces	MaxMapTime	MinMapTime	AvgMapTime	MedianMapTime	MaxReduceTime	MinReduceTime	AvgReduceTime	MedianReducetime	Alias	Feature	Outputs
job_local1397520750_0004	1	0	n/a	n/a	n/a	n/a	0	0	0	0	A,B,B2,C,C2	MULTI_QUERY,MAP_ONLY	junit_unparted_basic,junit_specific_size,junit_specific_db.junit_specific_size2,junit_parted_basic,junit_parted_basic,
job_local220348449_0006	1	0	n/a	n/a	n/a	n/a	0	0	0	0	D	MAP_ONLY	junit_unparted_complex,
job_local647363083_0005	1	0	n/a	n/a	n/a	n/a	0	0	0	0	E,F	MAP_ONLY	junit_parted_date,

Input(s):
Successfully read 9 records from: "/home/alex/Repositories/hive/hcatalog/hcatalog-pig-adapter/build/test/data/org.apache.hive.hcatalog.mapreduce.HCatBaseTest-1713983215978/basic.input.data"
Successfully read 2 records from: "/home/alex/Repositories/hive/hcatalog/hcatalog-pig-adapter/build/test/data/org.apache.hive.hcatalog.mapreduce.HCatBaseTest-1713983215978/complex.input.data"
Successfully read 2 records from: "/home/alex/Repositories/hive/hcatalog/hcatalog-pig-adapter/build/test/data/org.apache.hive.hcatalog.mapreduce.HCatBaseTest-1713983215978/datetimestamp.input.data"

Output(s):
Successfully stored 9 records in: "junit_unparted_basic"
Successfully stored 9 records in: "junit_specific_size"
Successfully stored 9 records in: "junit_specific_db.junit_specific_size2"
Successfully stored 3 records in: "junit_parted_basic"
Successfully stored 6 records in: "junit_parted_basic"
Successfully stored 2 records in: "junit_unparted_complex"
Successfully stored 2 records in: "junit_parted_date"

Counters:
Total records written : 40
Total bytes written : 0
Spillable Memory Manager spill count : 0
Total bags proactively spilled: 0
Total records proactively spilled: 0

Job DAG:
job_local1397520750_0004
job_local220348449_0006
job_local647363083_0005


2024-04-24T11:27:34,166  WARN [main] impl.MetricsSystemImpl: JobTracker metrics system already initialized!
2024-04-24T11:27:34,170  WARN [main] impl.MetricsSystemImpl: JobTracker metrics system already initialized!
2024-04-24T11:27:34,174  WARN [main] impl.MetricsSystemImpl: JobTracker metrics system already initialized!
2024-04-24T11:27:34,177  WARN [main] impl.MetricsSystemImpl: JobTracker metrics system already initialized!
2024-04-24T11:27:34,183  WARN [main] impl.MetricsSystemImpl: JobTracker metrics system already initialized!
2024-04-24T11:27:34,186  WARN [main] impl.MetricsSystemImpl: JobTracker metrics system already initialized!
2024-04-24T11:27:34,187  INFO [main] mapReduceLayer.MapReduceLauncher: Success!
2024-04-24T11:27:34,227  WARN [main] conf.HiveConf: HiveConf of name hive.stats.key.prefix.reserve.length does not exist
2024-04-24T11:27:34,227  WARN [main] conf.HiveConf: HiveConf of name hive.dummyparam.test.server.specific.config.metastoresite does not exist
2024-04-24T11:27:34,227  WARN [main] conf.HiveConf: HiveConf of name hive.metastore.client.cache.maxSize does not exist
2024-04-24T11:27:34,227  WARN [main] conf.HiveConf: HiveConf of name hive.dummyparam.test.server.specific.config.override does not exist
2024-04-24T11:27:34,227  WARN [main] conf.HiveConf: HiveConf of name hive.llap.io.cache.orc.size does not exist
2024-04-24T11:27:34,227  WARN [main] conf.HiveConf: HiveConf of name hive.llap.io.cache.orc.arena.size does not exist
2024-04-24T11:27:34,227  WARN [main] conf.HiveConf: HiveConf of name hive.llap.io.cache.orc.alloc.min does not exist
2024-04-24T11:27:34,227  WARN [main] conf.HiveConf: HiveConf of name hive.metastore.metadb.dir does not exist
2024-04-24T11:27:34,227  WARN [main] conf.HiveConf: HiveConf of name hive.metastore.client.cache.recordStats does not exist
2024-04-24T11:27:34,227  WARN [main] conf.HiveConf: HiveConf of name hive.dummyparam.test.server.specific.config.hivesite does not exist
2024-04-24T11:27:34,227  WARN [main] conf.HiveConf: HiveConf of name hive.llap.io.cache.orc.alloc.max does not exist
2024-04-24T11:27:34,227  INFO [main] common.HCatUtil: mapreduce.lib.hcatoutput.hive.conf not set. Generating configuration differences.
2024-04-24T11:27:34,228  INFO [main] common.HCatUtil: Configuration differences={datanucleus.connectionPool.maxPoolSize=4, javax.jdo.option.ConnectionUserName=APP, test.property1=value1, hive.stats.column.autogather=true, hive.llap.io.cache.orc.alloc.max=2097152, mapreduce.jobtracker.staging.root.dir=${test.tmp.dir}/cli/mapred/staging, hive.query.results.cache.enabled=false, fs.pfile.impl=org.apache.hadoop.fs.ProxyLocalFileSystem, hive.querylog.location=${test.tmp.dir}/tmp, hive.llap.io.use.lrfu=true, hive.metastore.rawstore.impl=org.apache.hadoop.hive.metastore.ObjectStore, javax.jdo.option.ConnectionPassword=mine, hive.jar.path=${maven.local.repository}/org/apache/hive/hive-exec/${hive.version}/hive-exec-${hive.version}.jar, hive.default.rcfile.serde=org.apache.hadoop.hive.serde2.columnar.ColumnarSerDe, test.data.scripts=${hive.root}/data/scripts, datanucleus.schema.autoCreateAll=true, hive.users.in.admin.role=hive_admin_user, hive.llap.io.cache.orc.size=8388608, hive.exec.mode.local.auto=false, hive.dummyparam.test.server.specific.config.hivesite=from.hive-site.xml, test.var.hiveconf.property=${hive.exec.default.partition.name}, hive.materializedview.rewriting=true, hive.dummyparam.test.server.specific.config.override=from.hive-site.xml, hive.fetch.task.conversion=minimal, hive.metastore.metadb.dir=file://${test.tmp.dir}/metadb/, hive.conf.restricted.list=dummy.config.value, hive.server2.operation.log.purgePolicy.timeToLive=5s, hive.query.reexecution.stats.persist.scope=query, hive.cbo.fallback.strategy=TEST, hive.input.format=org.apache.hadoop.hive.ql.io.CombineHiveInputFormat, hive.security.authorization.manager=org.apache.hadoop.hive.ql.security.authorization.plugin.sqlstd.SQLStdHiveAuthorizerFactoryForTest, test.data.files=${hive.root}/data/files, hive.stats.key.prefix.reserve.length=0, hive.metastore.client.cache.enabled=true, hive.exec.local.scratchdir=${test.tmp.dir}/localscratchdir/, hive.exec.submit.local.task.via.child=false, hive.auto.convert.join=false, hive.llap.io.cache.orc.alloc.min=32768, hive.stats.fetch.bitvector=true, hive.llap.io.allocator.direct=false, hive.metastore.schema.verification=false, javax.jdo.option.ConnectionDriverName=org.apache.derby.jdbc.EmbeddedDriver, hive.in.test=true, hive.support.concurrency=true, hive.metastore.warehouse.dir=${test.warehouse.dir}, hive.llap.io.cache.orc.arena.size=8388608, hive.exec.scratchdir=${test.tmp.dir}/scratchdir, test.log.dir=${test.tmp.dir}/log/, hive.exec.post.hooks=org.apache.hadoop.hive.ql.hooks.PostExecutePrinter, javax.jdo.option.ConnectionURL=jdbc:derby:memory:${test.tmp.dir}/junit_metastore_db;create=true, hive.ignore.mapjoin.hint=false, hive.llap.cache.allow.synthetic.fileid=true, hive.scheduled.queries.executor.enabled=false, hive.metastore.client.cache.maxSize=10Mb, hive.metastore.client.cache.recordStats=true, hive.mapjoin.max.gc.time.percentage=0.99, hive.test.dummystats.aggregator=value2, hive.exec.pre.hooks=org.apache.hadoop.hive.ql.hooks.PreExecutePrinter, org.apache.hadoop.hive.ql.hooks.EnforceReadOnlyTables, org.apache.hadoop.hive.ql.hooks.MaterializedViewRegistryPropertiesHook, iceberg.hive.keep.stats=true, hive.strict.timestamp.conversion=false}
2024-04-24T11:27:34,229  INFO [main] HiveMetaStore.audit: ugi=alex	ip=unknown-ip-addr	cmd=get_databases: @hive#NonExistentDatabaseUsedForHealthCheck	
2024-04-24T11:27:34,232  INFO [main] HiveMetaStore.audit: ugi=alex	ip=unknown-ip-addr	cmd=get_table : tbl=hive.default.junit_specific_size	
2024-04-24T11:27:34,241  INFO [main] metastore.HMSHandler: Skipping translation for processor with null
2024-04-24T11:27:34,257  INFO [main] ql.Driver: Compiling command(queryId=alex_20240424112731_85129044-0847-4ad2-ae27-81cba20e5936): drop table if exists junit_unparted_basic
2024-04-24T11:27:34,258  INFO [main] HiveMetaStore.audit: ugi=alex	ip=unknown-ip-addr	cmd=get_table : tbl=hive.default.junit_unparted_basic	
2024-04-24T11:27:34,268  INFO [main] metastore.HMSHandler: Skipping translation for processor with null
2024-04-24T11:27:34,268  INFO [main] ql.Driver: Semantic Analysis Completed (retrial = false)
2024-04-24T11:27:34,268  INFO [main] ql.Driver: Created Hive schema: Schema(fieldSchemas:null, properties:null)
2024-04-24T11:27:34,268  INFO [main] metadata.Hive: Dumping metastore api call timing information for : compilation phase
2024-04-24T11:27:34,269  INFO [main] metadata.Hive: Total time spent in each metastore function (ms): {isCompatibleWith_(Configuration)=1, flushCache_()=0, getTable_(GetTableRequest)=10}
2024-04-24T11:27:34,269  INFO [main] ql.Driver: Completed compiling command(queryId=alex_20240424112731_85129044-0847-4ad2-ae27-81cba20e5936); Time taken: 0.011 seconds
2024-04-24T11:27:34,269  INFO [main] reexec.ReExecDriver: Execution #1 of query
2024-04-24T11:27:34,269  INFO [main] ql.Driver: Concurrency mode is disabled, not creating a lock manager
2024-04-24T11:27:34,269  INFO [main] ql.Driver: Executing command(queryId=alex_20240424112731_85129044-0847-4ad2-ae27-81cba20e5936): drop table if exists junit_unparted_basic
2024-04-24T11:27:34,269  INFO [main] ql.Driver: Starting task [Stage-0:DDL] in serial mode
2024-04-24T11:27:34,269  INFO [main] HiveMetaStore.audit: ugi=alex	ip=unknown-ip-addr	cmd=get_table : tbl=hive.default.junit_unparted_basic	
2024-04-24T11:27:34,279  INFO [main] metastore.HMSHandler: Skipping translation for processor with null
2024-04-24T11:27:34,280  INFO [main] HiveMetaStore.audit: ugi=alex	ip=unknown-ip-addr	cmd=get_table : tbl=hive.default.junit_unparted_basic	
2024-04-24T11:27:34,289  INFO [main] metastore.HMSHandler: Skipping translation for processor with null
2024-04-24T11:27:34,289  INFO [main] HiveMetaStore.audit: ugi=alex	ip=unknown-ip-addr	cmd=drop_table : tbl=hive.default.junit_unparted_basic	
2024-04-24T11:27:34,332  INFO [main] metadata.Hive: Dumping metastore api call timing information for : execution phase
2024-04-24T11:27:34,333  INFO [main] metadata.Hive: Total time spent in each metastore function (ms): {isCompatibleWith_(Configuration)=0, dropTable_(String, String, boolean, boolean, boolean)=53, getTable_(GetTableRequest)=10}
2024-04-24T11:27:34,333  INFO [main] ql.Driver: Completed executing command(queryId=alex_20240424112731_85129044-0847-4ad2-ae27-81cba20e5936); Time taken: 0.063 seconds
2024-04-24T11:27:34,333  INFO [main] ql.Driver: Compiling command(queryId=alex_20240424112731_85129044-0847-4ad2-ae27-81cba20e5936): drop table if exists junit_unparted_complex
2024-04-24T11:27:34,334  INFO [main] HiveMetaStore.audit: ugi=alex	ip=unknown-ip-addr	cmd=get_table : tbl=hive.default.junit_unparted_complex	
2024-04-24T11:27:34,346  INFO [main] metastore.HMSHandler: Skipping translation for processor with null
2024-04-24T11:27:34,346  INFO [main] ql.Driver: Semantic Analysis Completed (retrial = false)
2024-04-24T11:27:34,346  INFO [main] ql.Driver: Created Hive schema: Schema(fieldSchemas:null, properties:null)
2024-04-24T11:27:34,347  INFO [main] metadata.Hive: Dumping metastore api call timing information for : compilation phase
2024-04-24T11:27:34,347  INFO [main] metadata.Hive: Total time spent in each metastore function (ms): {flushCache_()=0, isCompatibleWith_(Configuration)=0, getTable_(GetTableRequest)=12}
2024-04-24T11:27:34,347  INFO [main] ql.Driver: Completed compiling command(queryId=alex_20240424112731_85129044-0847-4ad2-ae27-81cba20e5936); Time taken: 0.014 seconds
2024-04-24T11:27:34,347  INFO [main] reexec.ReExecDriver: Execution #1 of query
2024-04-24T11:27:34,347  INFO [main] ql.Driver: Concurrency mode is disabled, not creating a lock manager
2024-04-24T11:27:34,347  INFO [main] ql.Driver: Executing command(queryId=alex_20240424112731_85129044-0847-4ad2-ae27-81cba20e5936): drop table if exists junit_unparted_complex
2024-04-24T11:27:34,347  INFO [main] ql.Driver: Starting task [Stage-0:DDL] in serial mode
2024-04-24T11:27:34,348  INFO [main] HiveMetaStore.audit: ugi=alex	ip=unknown-ip-addr	cmd=get_table : tbl=hive.default.junit_unparted_complex	
2024-04-24T11:27:34,358  INFO [main] metastore.HMSHandler: Skipping translation for processor with null
2024-04-24T11:27:34,358  INFO [main] HiveMetaStore.audit: ugi=alex	ip=unknown-ip-addr	cmd=get_table : tbl=hive.default.junit_unparted_complex	
2024-04-24T11:27:34,368  INFO [main] metastore.HMSHandler: Skipping translation for processor with null
2024-04-24T11:27:34,369  INFO [main] HiveMetaStore.audit: ugi=alex	ip=unknown-ip-addr	cmd=drop_table : tbl=hive.default.junit_unparted_complex	
2024-04-24T11:27:34,418  INFO [main] metadata.Hive: Dumping metastore api call timing information for : execution phase
2024-04-24T11:27:34,419  INFO [main] metadata.Hive: Total time spent in each metastore function (ms): {getTable_(GetTableRequest)=11, isCompatibleWith_(Configuration)=0, dropTable_(String, String, boolean, boolean, boolean)=60}
2024-04-24T11:27:34,419  INFO [main] ql.Driver: Completed executing command(queryId=alex_20240424112731_85129044-0847-4ad2-ae27-81cba20e5936); Time taken: 0.071 seconds
2024-04-24T11:27:34,419  INFO [main] ql.Driver: Compiling command(queryId=alex_20240424112731_85129044-0847-4ad2-ae27-81cba20e5936): drop table if exists junit_parted_basic
2024-04-24T11:27:34,420  INFO [main] HiveMetaStore.audit: ugi=alex	ip=unknown-ip-addr	cmd=get_table : tbl=hive.default.junit_parted_basic	
2024-04-24T11:27:34,432  INFO [main] metastore.HMSHandler: Skipping translation for processor with null
2024-04-24T11:27:34,432  INFO [main] ql.Driver: Semantic Analysis Completed (retrial = false)
2024-04-24T11:27:34,432  INFO [main] ql.Driver: Created Hive schema: Schema(fieldSchemas:null, properties:null)
2024-04-24T11:27:34,432  INFO [main] metadata.Hive: Dumping metastore api call timing information for : compilation phase
2024-04-24T11:27:34,432  INFO [main] metadata.Hive: Total time spent in each metastore function (ms): {getTable_(GetTableRequest)=12, flushCache_()=1, isCompatibleWith_(Configuration)=0}
2024-04-24T11:27:34,432  INFO [main] ql.Driver: Completed compiling command(queryId=alex_20240424112731_85129044-0847-4ad2-ae27-81cba20e5936); Time taken: 0.013 seconds
2024-04-24T11:27:34,432  INFO [main] reexec.ReExecDriver: Execution #1 of query
2024-04-24T11:27:34,432  INFO [main] ql.Driver: Concurrency mode is disabled, not creating a lock manager
2024-04-24T11:27:34,432  INFO [main] ql.Driver: Executing command(queryId=alex_20240424112731_85129044-0847-4ad2-ae27-81cba20e5936): drop table if exists junit_parted_basic
2024-04-24T11:27:34,433  INFO [main] ql.Driver: Starting task [Stage-0:DDL] in serial mode
2024-04-24T11:27:34,433  INFO [main] HiveMetaStore.audit: ugi=alex	ip=unknown-ip-addr	cmd=get_table : tbl=hive.default.junit_parted_basic	
2024-04-24T11:27:34,445  INFO [main] metastore.HMSHandler: Skipping translation for processor with null
2024-04-24T11:27:34,445  INFO [main] HiveMetaStore.audit: ugi=alex	ip=unknown-ip-addr	cmd=get_table : tbl=hive.default.junit_parted_basic	
2024-04-24T11:27:34,460  INFO [main] metastore.HMSHandler: Skipping translation for processor with null
2024-04-24T11:27:34,460  INFO [main] HiveMetaStore.audit: ugi=alex	ip=unknown-ip-addr	cmd=drop_table : tbl=hive.default.junit_parted_basic	
2024-04-24T11:27:34,556  INFO [main] metadata.Hive: Dumping metastore api call timing information for : execution phase
2024-04-24T11:27:34,557  INFO [main] metadata.Hive: Total time spent in each metastore function (ms): {getTable_(GetTableRequest)=12, dropTable_(String, String, boolean, boolean, boolean)=111, isCompatibleWith_(Configuration)=0}
2024-04-24T11:27:34,557  INFO [main] ql.Driver: Completed executing command(queryId=alex_20240424112731_85129044-0847-4ad2-ae27-81cba20e5936); Time taken: 0.124 seconds
2024-04-24T11:27:34,557  INFO [main] ql.Driver: Compiling command(queryId=alex_20240424112731_85129044-0847-4ad2-ae27-81cba20e5936): drop table if exists junit_specific_size
2024-04-24T11:27:34,558  INFO [main] HiveMetaStore.audit: ugi=alex	ip=unknown-ip-addr	cmd=get_table : tbl=hive.default.junit_specific_size	
2024-04-24T11:27:34,571  INFO [main] metastore.HMSHandler: Skipping translation for processor with null
2024-04-24T11:27:34,571  INFO [main] ql.Driver: Semantic Analysis Completed (retrial = false)
2024-04-24T11:27:34,571  INFO [main] ql.Driver: Created Hive schema: Schema(fieldSchemas:null, properties:null)
2024-04-24T11:27:34,571  INFO [main] metadata.Hive: Dumping metastore api call timing information for : compilation phase
2024-04-24T11:27:34,571  INFO [main] metadata.Hive: Total time spent in each metastore function (ms): {getTable_(GetTableRequest)=13, isCompatibleWith_(Configuration)=0, flushCache_()=0}
2024-04-24T11:27:34,571  INFO [main] ql.Driver: Completed compiling command(queryId=alex_20240424112731_85129044-0847-4ad2-ae27-81cba20e5936); Time taken: 0.014 seconds
2024-04-24T11:27:34,572  INFO [main] reexec.ReExecDriver: Execution #1 of query
2024-04-24T11:27:34,572  INFO [main] ql.Driver: Concurrency mode is disabled, not creating a lock manager
2024-04-24T11:27:34,572  INFO [main] ql.Driver: Executing command(queryId=alex_20240424112731_85129044-0847-4ad2-ae27-81cba20e5936): drop table if exists junit_specific_size
2024-04-24T11:27:34,572  INFO [main] ql.Driver: Starting task [Stage-0:DDL] in serial mode
2024-04-24T11:27:34,572  INFO [main] HiveMetaStore.audit: ugi=alex	ip=unknown-ip-addr	cmd=get_table : tbl=hive.default.junit_specific_size	
2024-04-24T11:27:34,582  INFO [main] metastore.HMSHandler: Skipping translation for processor with null
2024-04-24T11:27:34,583  INFO [main] HiveMetaStore.audit: ugi=alex	ip=unknown-ip-addr	cmd=get_table : tbl=hive.default.junit_specific_size	
2024-04-24T11:27:34,593  INFO [main] metastore.HMSHandler: Skipping translation for processor with null
2024-04-24T11:27:34,593  INFO [main] HiveMetaStore.audit: ugi=alex	ip=unknown-ip-addr	cmd=drop_table : tbl=hive.default.junit_specific_size	
2024-04-24T11:27:34,634  INFO [main] metadata.Hive: Dumping metastore api call timing information for : execution phase
2024-04-24T11:27:34,634  INFO [main] metadata.Hive: Total time spent in each metastore function (ms): {getTable_(GetTableRequest)=10, dropTable_(String, String, boolean, boolean, boolean)=50, isCompatibleWith_(Configuration)=0}
2024-04-24T11:27:34,634  INFO [main] ql.Driver: Completed executing command(queryId=alex_20240424112731_85129044-0847-4ad2-ae27-81cba20e5936); Time taken: 0.062 seconds
2024-04-24T11:27:34,635  INFO [main] ql.Driver: Compiling command(queryId=alex_20240424112731_85129044-0847-4ad2-ae27-81cba20e5936): drop table if exists junit_parted_date
2024-04-24T11:27:34,635  INFO [main] HiveMetaStore.audit: ugi=alex	ip=unknown-ip-addr	cmd=get_table : tbl=hive.default.junit_parted_date	
2024-04-24T11:27:34,646  INFO [main] metastore.HMSHandler: Skipping translation for processor with null
2024-04-24T11:27:34,646  INFO [main] ql.Driver: Semantic Analysis Completed (retrial = false)
2024-04-24T11:27:34,646  INFO [main] ql.Driver: Created Hive schema: Schema(fieldSchemas:null, properties:null)
2024-04-24T11:27:34,646  INFO [main] metadata.Hive: Dumping metastore api call timing information for : compilation phase
2024-04-24T11:27:34,646  INFO [main] metadata.Hive: Total time spent in each metastore function (ms): {getTable_(GetTableRequest)=11, isCompatibleWith_(Configuration)=0, flushCache_()=0}
2024-04-24T11:27:34,646  INFO [main] ql.Driver: Completed compiling command(queryId=alex_20240424112731_85129044-0847-4ad2-ae27-81cba20e5936); Time taken: 0.011 seconds
2024-04-24T11:27:34,647  INFO [main] reexec.ReExecDriver: Execution #1 of query
2024-04-24T11:27:34,647  INFO [main] ql.Driver: Concurrency mode is disabled, not creating a lock manager
2024-04-24T11:27:34,647  INFO [main] ql.Driver: Executing command(queryId=alex_20240424112731_85129044-0847-4ad2-ae27-81cba20e5936): drop table if exists junit_parted_date
2024-04-24T11:27:34,647  INFO [main] ql.Driver: Starting task [Stage-0:DDL] in serial mode
2024-04-24T11:27:34,647  INFO [main] HiveMetaStore.audit: ugi=alex	ip=unknown-ip-addr	cmd=get_table : tbl=hive.default.junit_parted_date	
2024-04-24T11:27:34,658  INFO [main] metastore.HMSHandler: Skipping translation for processor with null
2024-04-24T11:27:34,658  INFO [main] HiveMetaStore.audit: ugi=alex	ip=unknown-ip-addr	cmd=get_table : tbl=hive.default.junit_parted_date	
2024-04-24T11:27:34,669  INFO [main] metastore.HMSHandler: Skipping translation for processor with null
2024-04-24T11:27:34,669  INFO [main] HiveMetaStore.audit: ugi=alex	ip=unknown-ip-addr	cmd=drop_table : tbl=hive.default.junit_parted_date	
2024-04-24T11:27:34,750  INFO [main] metadata.Hive: Dumping metastore api call timing information for : execution phase
2024-04-24T11:27:34,750  INFO [main] metadata.Hive: Total time spent in each metastore function (ms): {isCompatibleWith_(Configuration)=0, getTable_(GetTableRequest)=11, dropTable_(String, String, boolean, boolean, boolean)=91}
2024-04-24T11:27:34,750  INFO [main] ql.Driver: Completed executing command(queryId=alex_20240424112731_85129044-0847-4ad2-ae27-81cba20e5936); Time taken: 0.103 seconds
2024-04-24T11:27:34,750  INFO [main] ql.Driver: Compiling command(queryId=alex_20240424112731_85129044-0847-4ad2-ae27-81cba20e5936): drop table if exists junit_unparted_alltypes
2024-04-24T11:27:34,751  INFO [main] HiveMetaStore.audit: ugi=alex	ip=unknown-ip-addr	cmd=get_table : tbl=hive.default.junit_unparted_alltypes	
2024-04-24T11:27:34,761  INFO [main] metastore.HMSHandler: Skipping translation for processor with null
2024-04-24T11:27:34,762  INFO [main] ql.Driver: Semantic Analysis Completed (retrial = false)
2024-04-24T11:27:34,762  INFO [main] ql.Driver: Created Hive schema: Schema(fieldSchemas:null, properties:null)
2024-04-24T11:27:34,762  INFO [main] metadata.Hive: Dumping metastore api call timing information for : compilation phase
2024-04-24T11:27:34,762  INFO [main] metadata.Hive: Total time spent in each metastore function (ms): {isCompatibleWith_(Configuration)=0, flushCache_()=0, getTable_(GetTableRequest)=11}
2024-04-24T11:27:34,762  INFO [main] ql.Driver: Completed compiling command(queryId=alex_20240424112731_85129044-0847-4ad2-ae27-81cba20e5936); Time taken: 0.012 seconds
2024-04-24T11:27:34,762  INFO [main] reexec.ReExecDriver: Execution #1 of query
2024-04-24T11:27:34,762  INFO [main] ql.Driver: Concurrency mode is disabled, not creating a lock manager
2024-04-24T11:27:34,763  INFO [main] ql.Driver: Executing command(queryId=alex_20240424112731_85129044-0847-4ad2-ae27-81cba20e5936): drop table if exists junit_unparted_alltypes
2024-04-24T11:27:34,763  INFO [main] ql.Driver: Starting task [Stage-0:DDL] in serial mode
2024-04-24T11:27:34,763  INFO [main] HiveMetaStore.audit: ugi=alex	ip=unknown-ip-addr	cmd=get_table : tbl=hive.default.junit_unparted_alltypes	
2024-04-24T11:27:34,774  INFO [main] metastore.HMSHandler: Skipping translation for processor with null
2024-04-24T11:27:34,774  INFO [main] HiveMetaStore.audit: ugi=alex	ip=unknown-ip-addr	cmd=get_table : tbl=hive.default.junit_unparted_alltypes	
2024-04-24T11:27:34,785  INFO [main] metastore.HMSHandler: Skipping translation for processor with null
2024-04-24T11:27:34,785  INFO [main] HiveMetaStore.audit: ugi=alex	ip=unknown-ip-addr	cmd=drop_table : tbl=hive.default.junit_unparted_alltypes	
2024-04-24T11:27:34,823  INFO [main] metadata.Hive: Dumping metastore api call timing information for : execution phase
2024-04-24T11:27:34,823  INFO [main] metadata.Hive: Total time spent in each metastore function (ms): {isCompatibleWith_(Configuration)=0, getTable_(GetTableRequest)=11, dropTable_(String, String, boolean, boolean, boolean)=49}
2024-04-24T11:27:34,824  INFO [main] ql.Driver: Completed executing command(queryId=alex_20240424112731_85129044-0847-4ad2-ae27-81cba20e5936); Time taken: 0.06 seconds
2024-04-24T11:27:34,824  INFO [main] ql.Driver: Compiling command(queryId=alex_20240424112731_85129044-0847-4ad2-ae27-81cba20e5936): drop database if exists junit_specific_db cascade
2024-04-24T11:27:34,825  INFO [main] HiveMetaStore.audit: ugi=alex	ip=unknown-ip-addr	cmd=get_database: junit_specific_db	
2024-04-24T11:27:34,828  INFO [main] HiveMetaStore.audit: ugi=alex	ip=unknown-ip-addr	cmd=get_multi_table : db=junit_specific_db tbls=null	
2024-04-24T11:27:34,837  INFO [main] HiveMetaStore.audit: ugi=alex	ip=unknown-ip-addr	cmd=get_multi_table : db=junit_specific_db tbls=	
2024-04-24T11:27:34,837  INFO [main] ql.Driver: Semantic Analysis Completed (retrial = false)
2024-04-24T11:27:34,838  INFO [main] ql.Driver: Created Hive schema: Schema(fieldSchemas:null, properties:null)
2024-04-24T11:27:34,838  INFO [main] metadata.Hive: Dumping metastore api call timing information for : compilation phase
2024-04-24T11:27:34,838  INFO [main] metadata.Hive: Total time spent in each metastore function (ms): {getTables_(String, String)=9, getTableObjectsByName_(String, List)=1, flushCache_()=0, getDatabase_(String)=2, isCompatibleWith_(Configuration)=0}
2024-04-24T11:27:34,838  INFO [main] ql.Driver: Completed compiling command(queryId=alex_20240424112731_85129044-0847-4ad2-ae27-81cba20e5936); Time taken: 0.014 seconds
2024-04-24T11:27:34,838  INFO [main] reexec.ReExecDriver: Execution #1 of query
2024-04-24T11:27:34,838  INFO [main] ql.Driver: Concurrency mode is disabled, not creating a lock manager
2024-04-24T11:27:34,838  INFO [main] ql.Driver: Executing command(queryId=alex_20240424112731_85129044-0847-4ad2-ae27-81cba20e5936): drop database if exists junit_specific_db cascade
2024-04-24T11:27:34,838  INFO [main] ql.Driver: Starting task [Stage-0:DDL] in serial mode
2024-04-24T11:27:34,839  INFO [main] HiveMetaStore.audit: ugi=alex	ip=unknown-ip-addr	cmd=get_database: junit_specific_db	
2024-04-24T11:27:34,841  INFO [main] HiveMetaStore.audit: ugi=alex	ip=unknown-ip-addr	cmd=get_tables_by_type: db=@hive#junit_specific_db pat=.*,type=MATERIALIZED_VIEW	
2024-04-24T11:27:34,841  INFO [main] HiveMetaStore.audit: ugi=alex	ip=unknown-ip-addr	cmd=getTablesByTypeCore: catName=hive: db=junit_specific_db pat=.*,type=MATERIALIZED_VIEW	
2024-04-24T11:27:34,846  INFO [main] HiveMetaStore.audit: ugi=alex	ip=unknown-ip-addr	cmd=get_all_tables: db=@hive#junit_specific_db	
2024-04-24T11:27:34,851  INFO [main] HiveMetaStore.audit: ugi=alex	ip=unknown-ip-addr	cmd=get_multi_table : db=junit_specific_db tbls=junit_specific_size2	
2024-04-24T11:27:34,858  INFO [main] HiveMetaStore.audit: ugi=alex	ip=unknown-ip-addr	cmd=drop_database: @hive#junit_specific_db	
2024-04-24T11:27:34,859  INFO [main] HiveMetaStore.audit: ugi=alex	ip=unknown-ip-addr	cmd=get_all_tables: db=@hive#junit_specific_db	
2024-04-24T11:27:34,860  INFO [main] HiveMetaStore.audit: ugi=alex	ip=unknown-ip-addr	cmd=get_functions: db=@hive#junit_specific_db pat=*	
2024-04-24T11:27:34,865  INFO [main] HiveMetaStore.audit: ugi=alex	ip=unknown-ip-addr	cmd=get_all_stored_procedures	
2024-04-24T11:27:34,870  INFO [main] HiveMetaStore.audit: ugi=alex	ip=unknown-ip-addr	cmd=get_all_packages	
2024-04-24T11:27:34,874  INFO [main] HiveMetaStore.audit: ugi=alex	ip=unknown-ip-addr	cmd=getTablesByTypeCore: catName=hive: db=junit_specific_db pat=.*,type=MATERIALIZED_VIEW	
2024-04-24T11:27:34,879  INFO [main] metastore.ObjectStore: Dropping database hive.junit_specific_db along with all tables
2024-04-24T11:27:34,895  INFO [main] txn.TxnHandler: Non-retryable error in cleanupRecords : Table/View 'TXN_COMPONENTS' does not exist. (SQLState=42X05, ErrorCode=20000)
2024-04-24T11:27:34,895  WARN [main] txn.TxnHandler: Cannot perform cleanup since metastore table does not exist
2024-04-24T11:27:34,897 ERROR [main] metastore.RetryingHMSHandler: Retrying HMSHandler after 2000 ms (attempt 1 of 10) with error: javax.jdo.JDODataStoreException: Exception thrown flushing changes to datastore
	at org.datanucleus.api.jdo.NucleusJDOHelper.getJDOExceptionForNucleusException(NucleusJDOHelper.java:542)
	at org.datanucleus.api.jdo.JDOTransaction.commit(JDOTransaction.java:162)
	at org.apache.hadoop.hive.metastore.ObjectStore.commitTransaction(ObjectStore.java:615)
	at sun.reflect.GeneratedMethodAccessor31.invoke(Unknown Source)
	at sun.reflect.DelegatingMethodAccessorImpl.invoke(DelegatingMethodAccessorImpl.java:43)
	at java.lang.reflect.Method.invoke(Method.java:498)
	at org.apache.hadoop.hive.metastore.RawStoreProxy.invoke(RawStoreProxy.java:97)
	at com.sun.proxy.$Proxy32.commitTransaction(Unknown Source)
	at org.apache.hadoop.hive.metastore.HMSHandler.drop_database_core(HMSHandler.java:1790)
	at org.apache.hadoop.hive.metastore.HMSHandler.drop_database(HMSHandler.java:1869)
	at sun.reflect.NativeMethodAccessorImpl.invoke0(Native Method)
	at sun.reflect.NativeMethodAccessorImpl.invoke(NativeMethodAccessorImpl.java:62)
	at sun.reflect.DelegatingMethodAccessorImpl.invoke(DelegatingMethodAccessorImpl.java:43)
	at java.lang.reflect.Method.invoke(Method.java:498)
	at org.apache.hadoop.hive.metastore.RetryingHMSHandler.invokeInternal(RetryingHMSHandler.java:147)
	at org.apache.hadoop.hive.metastore.RetryingHMSHandler.invoke(RetryingHMSHandler.java:108)
	at com.sun.proxy.$Proxy35.drop_database(Unknown Source)
	at org.apache.hadoop.hive.metastore.HiveMetaStoreClient.dropDatabaseCascadePerDb(HiveMetaStoreClient.java:1601)
	at org.apache.hadoop.hive.metastore.HiveMetaStoreClient.dropDatabase(HiveMetaStoreClient.java:1532)
	at org.apache.hadoop.hive.metastore.HiveMetaStoreClient.dropDatabase(HiveMetaStoreClient.java:1485)
	at sun.reflect.NativeMethodAccessorImpl.invoke0(Native Method)
	at sun.reflect.NativeMethodAccessorImpl.invoke(NativeMethodAccessorImpl.java:62)
	at sun.reflect.DelegatingMethodAccessorImpl.invoke(DelegatingMethodAccessorImpl.java:43)
	at java.lang.reflect.Method.invoke(Method.java:498)
	at org.apache.hadoop.hive.metastore.RetryingMetaStoreClient.invoke(RetryingMetaStoreClient.java:218)
	at com.sun.proxy.$Proxy45.dropDatabase(Unknown Source)
	at org.apache.hadoop.hive.ql.metadata.Hive.dropDatabase(Hive.java:662)
	at org.apache.hadoop.hive.ql.ddl.database.drop.DropDatabaseOperation.execute(DropDatabaseOperation.java:52)
	at org.apache.hadoop.hive.ql.ddl.DDLTask.execute(DDLTask.java:84)
	at org.apache.hadoop.hive.ql.exec.Task.executeTask(Task.java:212)
	at org.apache.hadoop.hive.ql.exec.TaskRunner.runSequential(TaskRunner.java:105)
	at org.apache.hadoop.hive.ql.Executor.launchTask(Executor.java:361)
	at org.apache.hadoop.hive.ql.Executor.launchTasks(Executor.java:334)
	at org.apache.hadoop.hive.ql.Executor.runTasks(Executor.java:245)
	at org.apache.hadoop.hive.ql.Executor.execute(Executor.java:108)
	at org.apache.hadoop.hive.ql.Driver.execute(Driver.java:348)
	at org.apache.hadoop.hive.ql.Driver.runInternal(Driver.java:204)
	at org.apache.hadoop.hive.ql.Driver.run(Driver.java:153)
	at org.apache.hadoop.hive.ql.Driver.run(Driver.java:148)
	at org.apache.hadoop.hive.ql.reexec.ReExecDriver.run(ReExecDriver.java:164)
	at org.apache.hadoop.hive.ql.reexec.ReExecDriver.run(ReExecDriver.java:230)
	at org.apache.hive.hcatalog.pig.AbstractHCatLoaderTest.executeStatementOnDriver(AbstractHCatLoaderTest.java:151)
	at org.apache.hive.hcatalog.pig.AbstractHCatLoaderTest.tearDown(AbstractHCatLoaderTest.java:239)
	at sun.reflect.NativeMethodAccessorImpl.invoke0(Native Method)
	at sun.reflect.NativeMethodAccessorImpl.invoke(NativeMethodAccessorImpl.java:62)
	at sun.reflect.DelegatingMethodAccessorImpl.invoke(DelegatingMethodAccessorImpl.java:43)
	at java.lang.reflect.Method.invoke(Method.java:498)
	at org.junit.runners.model.FrameworkMethod$1.runReflectiveCall(FrameworkMethod.java:59)
	at org.junit.internal.runners.model.ReflectiveCallable.run(ReflectiveCallable.java:12)
	at org.junit.runners.model.FrameworkMethod.invokeExplosively(FrameworkMethod.java:56)
	at org.junit.internal.runners.statements.RunAfters.invokeMethod(RunAfters.java:46)
	at org.junit.internal.runners.statements.RunAfters.evaluate(RunAfters.java:33)
	at org.junit.runners.ParentRunner$3.evaluate(ParentRunner.java:306)
	at org.junit.runners.BlockJUnit4ClassRunner$1.evaluate(BlockJUnit4ClassRunner.java:100)
	at org.junit.runners.ParentRunner.runLeaf(ParentRunner.java:366)
	at org.junit.runners.BlockJUnit4ClassRunner.runChild(BlockJUnit4ClassRunner.java:103)
	at org.junit.runners.BlockJUnit4ClassRunner.runChild(BlockJUnit4ClassRunner.java:63)
	at org.junit.runners.ParentRunner$4.run(ParentRunner.java:331)
	at org.junit.runners.ParentRunner$1.schedule(ParentRunner.java:79)
	at org.junit.runners.ParentRunner.runChildren(ParentRunner.java:329)
	at org.junit.runners.ParentRunner.access$100(ParentRunner.java:66)
	at org.junit.runners.ParentRunner$2.evaluate(ParentRunner.java:293)
	at org.junit.internal.runners.statements.RunBefores.evaluate(RunBefores.java:26)
	at org.junit.runners.ParentRunner$3.evaluate(ParentRunner.java:306)
	at org.junit.runners.ParentRunner.run(ParentRunner.java:413)
	at org.junit.runners.Suite.runChild(Suite.java:128)
	at org.junit.runners.Suite.runChild(Suite.java:27)
	at org.junit.runners.ParentRunner$4.run(ParentRunner.java:331)
	at org.junit.runners.ParentRunner$1.schedule(ParentRunner.java:79)
	at org.junit.runners.ParentRunner.runChildren(ParentRunner.java:329)
	at org.junit.runners.ParentRunner.access$100(ParentRunner.java:66)
	at org.junit.runners.ParentRunner$2.evaluate(ParentRunner.java:293)
	at org.junit.runners.ParentRunner$3.evaluate(ParentRunner.java:306)
	at org.junit.runners.ParentRunner.run(ParentRunner.java:413)
	at org.apache.maven.surefire.junitcore.JUnitCore.run(JUnitCore.java:55)
	at org.apache.maven.surefire.junitcore.JUnitCoreWrapper.createRequestAndRun(JUnitCoreWrapper.java:137)
	at org.apache.maven.surefire.junitcore.JUnitCoreWrapper.executeEager(JUnitCoreWrapper.java:107)
	at org.apache.maven.surefire.junitcore.JUnitCoreWrapper.execute(JUnitCoreWrapper.java:83)
	at org.apache.maven.surefire.junitcore.JUnitCoreWrapper.execute(JUnitCoreWrapper.java:75)
	at org.apache.maven.surefire.junitcore.JUnitCoreProvider.invoke(JUnitCoreProvider.java:158)
	at org.apache.maven.surefire.booter.ForkedBooter.runSuitesInProcess(ForkedBooter.java:377)
	at org.apache.maven.surefire.booter.ForkedBooter.execute(ForkedBooter.java:138)
	at org.apache.maven.surefire.booter.ForkedBooter.run(ForkedBooter.java:465)
	at org.apache.maven.surefire.booter.ForkedBooter.main(ForkedBooter.java:451)
NestedThrowablesStackTrace:
java.sql.BatchUpdateException: DELETE on table 'DBS' caused a violation of foreign key constraint 'TBLS_FK1' for key (3).  The statement has been rolled back.
	at org.apache.derby.impl.jdbc.EmbedStatement.executeLargeBatch(Unknown Source)
	at org.apache.derby.impl.jdbc.EmbedStatement.executeBatch(Unknown Source)
	at com.zaxxer.hikari.pool.ProxyStatement.executeBatch(ProxyStatement.java:128)
	at com.zaxxer.hikari.pool.HikariProxyPreparedStatement.executeBatch(HikariProxyPreparedStatement.java)
	at org.datanucleus.store.rdbms.ParamLoggingPreparedStatement.executeBatch(ParamLoggingPreparedStatement.java:366)
	at org.datanucleus.store.rdbms.SQLController.processConnectionStatement(SQLController.java:675)
	at org.datanucleus.store.rdbms.SQLController.processStatementsForConnection(SQLController.java:643)
	at org.datanucleus.store.rdbms.SQLController$1.transactionFlushed(SQLController.java:729)
	at org.datanucleus.store.connection.AbstractManagedConnection.transactionFlushed(AbstractManagedConnection.java:95)
	at org.datanucleus.store.connection.ConnectionManagerImpl$2.transactionFlushed(ConnectionManagerImpl.java:528)
	at org.datanucleus.TransactionImpl.flush(TransactionImpl.java:222)
	at org.datanucleus.TransactionImpl.commit(TransactionImpl.java:286)
	at org.datanucleus.api.jdo.JDOTransaction.commit(JDOTransaction.java:99)
	at org.apache.hadoop.hive.metastore.ObjectStore.commitTransaction(ObjectStore.java:615)
	at sun.reflect.GeneratedMethodAccessor31.invoke(Unknown Source)
	at sun.reflect.DelegatingMethodAccessorImpl.invoke(DelegatingMethodAccessorImpl.java:43)
	at java.lang.reflect.Method.invoke(Method.java:498)
	at org.apache.hadoop.hive.metastore.RawStoreProxy.invoke(RawStoreProxy.java:97)
	at com.sun.proxy.$Proxy32.commitTransaction(Unknown Source)
	at org.apache.hadoop.hive.metastore.HMSHandler.drop_database_core(HMSHandler.java:1790)
	at org.apache.hadoop.hive.metastore.HMSHandler.drop_database(HMSHandler.java:1869)
	at sun.reflect.NativeMethodAccessorImpl.invoke0(Native Method)
	at sun.reflect.NativeMethodAccessorImpl.invoke(NativeMethodAccessorImpl.java:62)
	at sun.reflect.DelegatingMethodAccessorImpl.invoke(DelegatingMethodAccessorImpl.java:43)
	at java.lang.reflect.Method.invoke(Method.java:498)
	at org.apache.hadoop.hive.metastore.RetryingHMSHandler.invokeInternal(RetryingHMSHandler.java:147)
	at org.apache.hadoop.hive.metastore.RetryingHMSHandler.invoke(RetryingHMSHandler.java:108)
	at com.sun.proxy.$Proxy35.drop_database(Unknown Source)
	at org.apache.hadoop.hive.metastore.HiveMetaStoreClient.dropDatabaseCascadePerDb(HiveMetaStoreClient.java:1601)
	at org.apache.hadoop.hive.metastore.HiveMetaStoreClient.dropDatabase(HiveMetaStoreClient.java:1532)
	at org.apache.hadoop.hive.metastore.HiveMetaStoreClient.dropDatabase(HiveMetaStoreClient.java:1485)
	at sun.reflect.NativeMethodAccessorImpl.invoke0(Native Method)
	at sun.reflect.NativeMethodAccessorImpl.invoke(NativeMethodAccessorImpl.java:62)
	at sun.reflect.DelegatingMethodAccessorImpl.invoke(DelegatingMethodAccessorImpl.java:43)
	at java.lang.reflect.Method.invoke(Method.java:498)
	at org.apache.hadoop.hive.metastore.RetryingMetaStoreClient.invoke(RetryingMetaStoreClient.java:218)
	at com.sun.proxy.$Proxy45.dropDatabase(Unknown Source)
	at org.apache.hadoop.hive.ql.metadata.Hive.dropDatabase(Hive.java:662)
	at org.apache.hadoop.hive.ql.ddl.database.drop.DropDatabaseOperation.execute(DropDatabaseOperation.java:52)
	at org.apache.hadoop.hive.ql.ddl.DDLTask.execute(DDLTask.java:84)
	at org.apache.hadoop.hive.ql.exec.Task.executeTask(Task.java:212)
	at org.apache.hadoop.hive.ql.exec.TaskRunner.runSequential(TaskRunner.java:105)
	at org.apache.hadoop.hive.ql.Executor.launchTask(Executor.java:361)
	at org.apache.hadoop.hive.ql.Executor.launchTasks(Executor.java:334)
	at org.apache.hadoop.hive.ql.Executor.runTasks(Executor.java:245)
	at org.apache.hadoop.hive.ql.Executor.execute(Executor.java:108)
	at org.apache.hadoop.hive.ql.Driver.execute(Driver.java:348)
	at org.apache.hadoop.hive.ql.Driver.runInternal(Driver.java:204)
	at org.apache.hadoop.hive.ql.Driver.run(Driver.java:153)
	at org.apache.hadoop.hive.ql.Driver.run(Driver.java:148)
	at org.apache.hadoop.hive.ql.reexec.ReExecDriver.run(ReExecDriver.java:164)
	at org.apache.hadoop.hive.ql.reexec.ReExecDriver.run(ReExecDriver.java:230)
	at org.apache.hive.hcatalog.pig.AbstractHCatLoaderTest.executeStatementOnDriver(AbstractHCatLoaderTest.java:151)
	at org.apache.hive.hcatalog.pig.AbstractHCatLoaderTest.tearDown(AbstractHCatLoaderTest.java:239)
	at sun.reflect.NativeMethodAccessorImpl.invoke0(Native Method)
	at sun.reflect.NativeMethodAccessorImpl.invoke(NativeMethodAccessorImpl.java:62)
	at sun.reflect.DelegatingMethodAccessorImpl.invoke(DelegatingMethodAccessorImpl.java:43)
	at java.lang.reflect.Method.invoke(Method.java:498)
	at org.junit.runners.model.FrameworkMethod$1.runReflectiveCall(FrameworkMethod.java:59)
	at org.junit.internal.runners.model.ReflectiveCallable.run(ReflectiveCallable.java:12)
	at org.junit.runners.model.FrameworkMethod.invokeExplosively(FrameworkMethod.java:56)
	at org.junit.internal.runners.statements.RunAfters.invokeMethod(RunAfters.java:46)
	at org.junit.internal.runners.statements.RunAfters.evaluate(RunAfters.java:33)
	at org.junit.runners.ParentRunner$3.evaluate(ParentRunner.java:306)
	at org.junit.runners.BlockJUnit4ClassRunner$1.evaluate(BlockJUnit4ClassRunner.java:100)
	at org.junit.runners.ParentRunner.runLeaf(ParentRunner.java:366)
	at org.junit.runners.BlockJUnit4ClassRunner.runChild(BlockJUnit4ClassRunner.java:103)
	at org.junit.runners.BlockJUnit4ClassRunner.runChild(BlockJUnit4ClassRunner.java:63)
	at org.junit.runners.ParentRunner$4.run(ParentRunner.java:331)
	at org.junit.runners.ParentRunner$1.schedule(ParentRunner.java:79)
	at org.junit.runners.ParentRunner.runChildren(ParentRunner.java:329)
	at org.junit.runners.ParentRunner.access$100(ParentRunner.java:66)
	at org.junit.runners.ParentRunner$2.evaluate(ParentRunner.java:293)
	at org.junit.internal.runners.statements.RunBefores.evaluate(RunBefores.java:26)
	at org.junit.runners.ParentRunner$3.evaluate(ParentRunner.java:306)
	at org.junit.runners.ParentRunner.run(ParentRunner.java:413)
	at org.junit.runners.Suite.runChild(Suite.java:128)
	at org.junit.runners.Suite.runChild(Suite.java:27)
	at org.junit.runners.ParentRunner$4.run(ParentRunner.java:331)
	at org.junit.runners.ParentRunner$1.schedule(ParentRunner.java:79)
	at org.junit.runners.ParentRunner.runChildren(ParentRunner.java:329)
	at org.junit.runners.ParentRunner.access$100(ParentRunner.java:66)
	at org.junit.runners.ParentRunner$2.evaluate(ParentRunner.java:293)
	at org.junit.runners.ParentRunner$3.evaluate(ParentRunner.java:306)
	at org.junit.runners.ParentRunner.run(ParentRunner.java:413)
	at org.apache.maven.surefire.junitcore.JUnitCore.run(JUnitCore.java:55)
	at org.apache.maven.surefire.junitcore.JUnitCoreWrapper.createRequestAndRun(JUnitCoreWrapper.java:137)
	at org.apache.maven.surefire.junitcore.JUnitCoreWrapper.executeEager(JUnitCoreWrapper.java:107)
	at org.apache.maven.surefire.junitcore.JUnitCoreWrapper.execute(JUnitCoreWrapper.java:83)
	at org.apache.maven.surefire.junitcore.JUnitCoreWrapper.execute(JUnitCoreWrapper.java:75)
	at org.apache.maven.surefire.junitcore.JUnitCoreProvider.invoke(JUnitCoreProvider.java:158)
	at org.apache.maven.surefire.booter.ForkedBooter.runSuitesInProcess(ForkedBooter.java:377)
	at org.apache.maven.surefire.booter.ForkedBooter.execute(ForkedBooter.java:138)
	at org.apache.maven.surefire.booter.ForkedBooter.run(ForkedBooter.java:465)
	at org.apache.maven.surefire.booter.ForkedBooter.main(ForkedBooter.java:451)
Caused by: org.apache.derby.shared.common.error.DerbySQLIntegrityConstraintViolationException: DELETE on table 'DBS' caused a violation of foreign key constraint 'TBLS_FK1' for key (3).  The statement has been rolled back.
	at org.apache.derby.impl.jdbc.SQLExceptionFactory.getSQLException(Unknown Source)
	at org.apache.derby.impl.jdbc.Util.generateCsSQLException(Unknown Source)
	at org.apache.derby.impl.jdbc.TransactionResourceImpl.wrapInSQLException(Unknown Source)
	at org.apache.derby.impl.jdbc.TransactionResourceImpl.handleException(Unknown Source)
	at org.apache.derby.impl.jdbc.EmbedConnection.handleException(Unknown Source)
	at org.apache.derby.impl.jdbc.ConnectionChild.handleException(Unknown Source)
	at org.apache.derby.impl.jdbc.EmbedStatement.executeStatement(Unknown Source)
	at org.apache.derby.impl.jdbc.EmbedPreparedStatement.executeBatchElement(Unknown Source)
	... 95 more
Caused by: ERROR 23503: DELETE on table 'DBS' caused a violation of foreign key constraint 'TBLS_FK1' for key (3).  The statement has been rolled back.
	at org.apache.derby.iapi.error.StandardException.newException(Unknown Source)
	at org.apache.derby.iapi.error.StandardException.newException(Unknown Source)
	at org.apache.derby.impl.sql.execute.ReferencedKeyRIChecker.doCheck(Unknown Source)
	at org.apache.derby.impl.sql.execute.RISetChecker.doPKCheck(Unknown Source)
	at org.apache.derby.impl.sql.execute.DeleteResultSet.collectAffectedRows(Unknown Source)
	at org.apache.derby.impl.sql.execute.DeleteResultSet.open(Unknown Source)
	at org.apache.derby.impl.sql.GenericPreparedStatement.executeStmt(Unknown Source)
	at org.apache.derby.impl.sql.GenericPreparedStatement.execute(Unknown Source)
	... 97 more

2024-04-24T11:27:36,898  INFO [main] HiveMetaStore.audit: ugi=alex	ip=unknown-ip-addr	cmd=drop_database: @hive#junit_specific_db	
2024-04-24T11:27:36,900  INFO [main] HiveMetaStore.audit: ugi=alex	ip=unknown-ip-addr	cmd=get_all_tables: db=@hive#junit_specific_db	
2024-04-24T11:27:36,901  INFO [main] HiveMetaStore.audit: ugi=alex	ip=unknown-ip-addr	cmd=get_functions: db=@hive#junit_specific_db pat=*	
2024-04-24T11:27:36,903  INFO [main] HiveMetaStore.audit: ugi=alex	ip=unknown-ip-addr	cmd=get_all_stored_procedures	
2024-04-24T11:27:36,905  INFO [main] HiveMetaStore.audit: ugi=alex	ip=unknown-ip-addr	cmd=get_all_packages	
2024-04-24T11:27:36,907  INFO [main] HiveMetaStore.audit: ugi=alex	ip=unknown-ip-addr	cmd=getTablesByTypeCore: catName=hive: db=junit_specific_db pat=.*,type=MATERIALIZED_VIEW	
2024-04-24T11:27:36,912  INFO [main] metastore.ObjectStore: Dropping database hive.junit_specific_db along with all tables
2024-04-24T11:27:36,917  INFO [main] txn.TxnHandler: Non-retryable error in cleanupRecords : Table/View 'TXN_COMPONENTS' does not exist. (SQLState=42X05, ErrorCode=20000)
2024-04-24T11:27:36,917  WARN [main] txn.TxnHandler: Cannot perform cleanup since metastore table does not exist
2024-04-24T11:27:36,919 ERROR [main] metastore.RetryingHMSHandler: Retrying HMSHandler after 2000 ms (attempt 2 of 10) with error: javax.jdo.JDODataStoreException: Exception thrown flushing changes to datastore
	at org.datanucleus.api.jdo.NucleusJDOHelper.getJDOExceptionForNucleusException(NucleusJDOHelper.java:542)
	at org.datanucleus.api.jdo.JDOTransaction.commit(JDOTransaction.java:162)
	at org.apache.hadoop.hive.metastore.ObjectStore.commitTransaction(ObjectStore.java:615)
	at sun.reflect.GeneratedMethodAccessor31.invoke(Unknown Source)
	at sun.reflect.DelegatingMethodAccessorImpl.invoke(DelegatingMethodAccessorImpl.java:43)
	at java.lang.reflect.Method.invoke(Method.java:498)
	at org.apache.hadoop.hive.metastore.RawStoreProxy.invoke(RawStoreProxy.java:97)
	at com.sun.proxy.$Proxy32.commitTransaction(Unknown Source)
	at org.apache.hadoop.hive.metastore.HMSHandler.drop_database_core(HMSHandler.java:1790)
	at org.apache.hadoop.hive.metastore.HMSHandler.drop_database(HMSHandler.java:1869)
	at sun.reflect.NativeMethodAccessorImpl.invoke0(Native Method)
	at sun.reflect.NativeMethodAccessorImpl.invoke(NativeMethodAccessorImpl.java:62)
	at sun.reflect.DelegatingMethodAccessorImpl.invoke(DelegatingMethodAccessorImpl.java:43)
	at java.lang.reflect.Method.invoke(Method.java:498)
	at org.apache.hadoop.hive.metastore.RetryingHMSHandler.invokeInternal(RetryingHMSHandler.java:147)
	at org.apache.hadoop.hive.metastore.RetryingHMSHandler.invoke(RetryingHMSHandler.java:108)
	at com.sun.proxy.$Proxy35.drop_database(Unknown Source)
	at org.apache.hadoop.hive.metastore.HiveMetaStoreClient.dropDatabaseCascadePerDb(HiveMetaStoreClient.java:1601)
	at org.apache.hadoop.hive.metastore.HiveMetaStoreClient.dropDatabase(HiveMetaStoreClient.java:1532)
	at org.apache.hadoop.hive.metastore.HiveMetaStoreClient.dropDatabase(HiveMetaStoreClient.java:1485)
	at sun.reflect.NativeMethodAccessorImpl.invoke0(Native Method)
	at sun.reflect.NativeMethodAccessorImpl.invoke(NativeMethodAccessorImpl.java:62)
	at sun.reflect.DelegatingMethodAccessorImpl.invoke(DelegatingMethodAccessorImpl.java:43)
	at java.lang.reflect.Method.invoke(Method.java:498)
	at org.apache.hadoop.hive.metastore.RetryingMetaStoreClient.invoke(RetryingMetaStoreClient.java:218)
	at com.sun.proxy.$Proxy45.dropDatabase(Unknown Source)
	at org.apache.hadoop.hive.ql.metadata.Hive.dropDatabase(Hive.java:662)
	at org.apache.hadoop.hive.ql.ddl.database.drop.DropDatabaseOperation.execute(DropDatabaseOperation.java:52)
	at org.apache.hadoop.hive.ql.ddl.DDLTask.execute(DDLTask.java:84)
	at org.apache.hadoop.hive.ql.exec.Task.executeTask(Task.java:212)
	at org.apache.hadoop.hive.ql.exec.TaskRunner.runSequential(TaskRunner.java:105)
	at org.apache.hadoop.hive.ql.Executor.launchTask(Executor.java:361)
	at org.apache.hadoop.hive.ql.Executor.launchTasks(Executor.java:334)
	at org.apache.hadoop.hive.ql.Executor.runTasks(Executor.java:245)
	at org.apache.hadoop.hive.ql.Executor.execute(Executor.java:108)
	at org.apache.hadoop.hive.ql.Driver.execute(Driver.java:348)
	at org.apache.hadoop.hive.ql.Driver.runInternal(Driver.java:204)
	at org.apache.hadoop.hive.ql.Driver.run(Driver.java:153)
	at org.apache.hadoop.hive.ql.Driver.run(Driver.java:148)
	at org.apache.hadoop.hive.ql.reexec.ReExecDriver.run(ReExecDriver.java:164)
	at org.apache.hadoop.hive.ql.reexec.ReExecDriver.run(ReExecDriver.java:230)
	at org.apache.hive.hcatalog.pig.AbstractHCatLoaderTest.executeStatementOnDriver(AbstractHCatLoaderTest.java:151)
	at org.apache.hive.hcatalog.pig.AbstractHCatLoaderTest.tearDown(AbstractHCatLoaderTest.java:239)
	at sun.reflect.NativeMethodAccessorImpl.invoke0(Native Method)
	at sun.reflect.NativeMethodAccessorImpl.invoke(NativeMethodAccessorImpl.java:62)
	at sun.reflect.DelegatingMethodAccessorImpl.invoke(DelegatingMethodAccessorImpl.java:43)
	at java.lang.reflect.Method.invoke(Method.java:498)
	at org.junit.runners.model.FrameworkMethod$1.runReflectiveCall(FrameworkMethod.java:59)
	at org.junit.internal.runners.model.ReflectiveCallable.run(ReflectiveCallable.java:12)
	at org.junit.runners.model.FrameworkMethod.invokeExplosively(FrameworkMethod.java:56)
	at org.junit.internal.runners.statements.RunAfters.invokeMethod(RunAfters.java:46)
	at org.junit.internal.runners.statements.RunAfters.evaluate(RunAfters.java:33)
	at org.junit.runners.ParentRunner$3.evaluate(ParentRunner.java:306)
	at org.junit.runners.BlockJUnit4ClassRunner$1.evaluate(BlockJUnit4ClassRunner.java:100)
	at org.junit.runners.ParentRunner.runLeaf(ParentRunner.java:366)
	at org.junit.runners.BlockJUnit4ClassRunner.runChild(BlockJUnit4ClassRunner.java:103)
	at org.junit.runners.BlockJUnit4ClassRunner.runChild(BlockJUnit4ClassRunner.java:63)
	at org.junit.runners.ParentRunner$4.run(ParentRunner.java:331)
	at org.junit.runners.ParentRunner$1.schedule(ParentRunner.java:79)
	at org.junit.runners.ParentRunner.runChildren(ParentRunner.java:329)
	at org.junit.runners.ParentRunner.access$100(ParentRunner.java:66)
	at org.junit.runners.ParentRunner$2.evaluate(ParentRunner.java:293)
	at org.junit.internal.runners.statements.RunBefores.evaluate(RunBefores.java:26)
	at org.junit.runners.ParentRunner$3.evaluate(ParentRunner.java:306)
	at org.junit.runners.ParentRunner.run(ParentRunner.java:413)
	at org.junit.runners.Suite.runChild(Suite.java:128)
	at org.junit.runners.Suite.runChild(Suite.java:27)
	at org.junit.runners.ParentRunner$4.run(ParentRunner.java:331)
	at org.junit.runners.ParentRunner$1.schedule(ParentRunner.java:79)
	at org.junit.runners.ParentRunner.runChildren(ParentRunner.java:329)
	at org.junit.runners.ParentRunner.access$100(ParentRunner.java:66)
	at org.junit.runners.ParentRunner$2.evaluate(ParentRunner.java:293)
	at org.junit.runners.ParentRunner$3.evaluate(ParentRunner.java:306)
	at org.junit.runners.ParentRunner.run(ParentRunner.java:413)
	at org.apache.maven.surefire.junitcore.JUnitCore.run(JUnitCore.java:55)
	at org.apache.maven.surefire.junitcore.JUnitCoreWrapper.createRequestAndRun(JUnitCoreWrapper.java:137)
	at org.apache.maven.surefire.junitcore.JUnitCoreWrapper.executeEager(JUnitCoreWrapper.java:107)
	at org.apache.maven.surefire.junitcore.JUnitCoreWrapper.execute(JUnitCoreWrapper.java:83)
	at org.apache.maven.surefire.junitcore.JUnitCoreWrapper.execute(JUnitCoreWrapper.java:75)
	at org.apache.maven.surefire.junitcore.JUnitCoreProvider.invoke(JUnitCoreProvider.java:158)
	at org.apache.maven.surefire.booter.ForkedBooter.runSuitesInProcess(ForkedBooter.java:377)
	at org.apache.maven.surefire.booter.ForkedBooter.execute(ForkedBooter.java:138)
	at org.apache.maven.surefire.booter.ForkedBooter.run(ForkedBooter.java:465)
	at org.apache.maven.surefire.booter.ForkedBooter.main(ForkedBooter.java:451)
NestedThrowablesStackTrace:
java.sql.BatchUpdateException: DELETE on table 'DBS' caused a violation of foreign key constraint 'TBLS_FK1' for key (3).  The statement has been rolled back.
	at org.apache.derby.impl.jdbc.EmbedStatement.executeLargeBatch(Unknown Source)
	at org.apache.derby.impl.jdbc.EmbedStatement.executeBatch(Unknown Source)
	at com.zaxxer.hikari.pool.ProxyStatement.executeBatch(ProxyStatement.java:128)
	at com.zaxxer.hikari.pool.HikariProxyPreparedStatement.executeBatch(HikariProxyPreparedStatement.java)
	at org.datanucleus.store.rdbms.ParamLoggingPreparedStatement.executeBatch(ParamLoggingPreparedStatement.java:366)
	at org.datanucleus.store.rdbms.SQLController.processConnectionStatement(SQLController.java:675)
	at org.datanucleus.store.rdbms.SQLController.processStatementsForConnection(SQLController.java:643)
	at org.datanucleus.store.rdbms.SQLController$1.transactionFlushed(SQLController.java:729)
	at org.datanucleus.store.connection.AbstractManagedConnection.transactionFlushed(AbstractManagedConnection.java:95)
	at org.datanucleus.store.connection.ConnectionManagerImpl$2.transactionFlushed(ConnectionManagerImpl.java:528)
	at org.datanucleus.TransactionImpl.flush(TransactionImpl.java:222)
	at org.datanucleus.TransactionImpl.commit(TransactionImpl.java:286)
	at org.datanucleus.api.jdo.JDOTransaction.commit(JDOTransaction.java:99)
	at org.apache.hadoop.hive.metastore.ObjectStore.commitTransaction(ObjectStore.java:615)
	at sun.reflect.GeneratedMethodAccessor31.invoke(Unknown Source)
	at sun.reflect.DelegatingMethodAccessorImpl.invoke(DelegatingMethodAccessorImpl.java:43)
	at java.lang.reflect.Method.invoke(Method.java:498)
	at org.apache.hadoop.hive.metastore.RawStoreProxy.invoke(RawStoreProxy.java:97)
	at com.sun.proxy.$Proxy32.commitTransaction(Unknown Source)
	at org.apache.hadoop.hive.metastore.HMSHandler.drop_database_core(HMSHandler.java:1790)
	at org.apache.hadoop.hive.metastore.HMSHandler.drop_database(HMSHandler.java:1869)
	at sun.reflect.NativeMethodAccessorImpl.invoke0(Native Method)
	at sun.reflect.NativeMethodAccessorImpl.invoke(NativeMethodAccessorImpl.java:62)
	at sun.reflect.DelegatingMethodAccessorImpl.invoke(DelegatingMethodAccessorImpl.java:43)
	at java.lang.reflect.Method.invoke(Method.java:498)
	at org.apache.hadoop.hive.metastore.RetryingHMSHandler.invokeInternal(RetryingHMSHandler.java:147)
	at org.apache.hadoop.hive.metastore.RetryingHMSHandler.invoke(RetryingHMSHandler.java:108)
	at com.sun.proxy.$Proxy35.drop_database(Unknown Source)
	at org.apache.hadoop.hive.metastore.HiveMetaStoreClient.dropDatabaseCascadePerDb(HiveMetaStoreClient.java:1601)
	at org.apache.hadoop.hive.metastore.HiveMetaStoreClient.dropDatabase(HiveMetaStoreClient.java:1532)
	at org.apache.hadoop.hive.metastore.HiveMetaStoreClient.dropDatabase(HiveMetaStoreClient.java:1485)
	at sun.reflect.NativeMethodAccessorImpl.invoke0(Native Method)
	at sun.reflect.NativeMethodAccessorImpl.invoke(NativeMethodAccessorImpl.java:62)
	at sun.reflect.DelegatingMethodAccessorImpl.invoke(DelegatingMethodAccessorImpl.java:43)
	at java.lang.reflect.Method.invoke(Method.java:498)
	at org.apache.hadoop.hive.metastore.RetryingMetaStoreClient.invoke(RetryingMetaStoreClient.java:218)
	at com.sun.proxy.$Proxy45.dropDatabase(Unknown Source)
	at org.apache.hadoop.hive.ql.metadata.Hive.dropDatabase(Hive.java:662)
	at org.apache.hadoop.hive.ql.ddl.database.drop.DropDatabaseOperation.execute(DropDatabaseOperation.java:52)
	at org.apache.hadoop.hive.ql.ddl.DDLTask.execute(DDLTask.java:84)
	at org.apache.hadoop.hive.ql.exec.Task.executeTask(Task.java:212)
	at org.apache.hadoop.hive.ql.exec.TaskRunner.runSequential(TaskRunner.java:105)
	at org.apache.hadoop.hive.ql.Executor.launchTask(Executor.java:361)
	at org.apache.hadoop.hive.ql.Executor.launchTasks(Executor.java:334)
	at org.apache.hadoop.hive.ql.Executor.runTasks(Executor.java:245)
	at org.apache.hadoop.hive.ql.Executor.execute(Executor.java:108)
	at org.apache.hadoop.hive.ql.Driver.execute(Driver.java:348)
	at org.apache.hadoop.hive.ql.Driver.runInternal(Driver.java:204)
	at org.apache.hadoop.hive.ql.Driver.run(Driver.java:153)
	at org.apache.hadoop.hive.ql.Driver.run(Driver.java:148)
	at org.apache.hadoop.hive.ql.reexec.ReExecDriver.run(ReExecDriver.java:164)
	at org.apache.hadoop.hive.ql.reexec.ReExecDriver.run(ReExecDriver.java:230)
	at org.apache.hive.hcatalog.pig.AbstractHCatLoaderTest.executeStatementOnDriver(AbstractHCatLoaderTest.java:151)
	at org.apache.hive.hcatalog.pig.AbstractHCatLoaderTest.tearDown(AbstractHCatLoaderTest.java:239)
	at sun.reflect.NativeMethodAccessorImpl.invoke0(Native Method)
	at sun.reflect.NativeMethodAccessorImpl.invoke(NativeMethodAccessorImpl.java:62)
	at sun.reflect.DelegatingMethodAccessorImpl.invoke(DelegatingMethodAccessorImpl.java:43)
	at java.lang.reflect.Method.invoke(Method.java:498)
	at org.junit.runners.model.FrameworkMethod$1.runReflectiveCall(FrameworkMethod.java:59)
	at org.junit.internal.runners.model.ReflectiveCallable.run(ReflectiveCallable.java:12)
	at org.junit.runners.model.FrameworkMethod.invokeExplosively(FrameworkMethod.java:56)
	at org.junit.internal.runners.statements.RunAfters.invokeMethod(RunAfters.java:46)
	at org.junit.internal.runners.statements.RunAfters.evaluate(RunAfters.java:33)
	at org.junit.runners.ParentRunner$3.evaluate(ParentRunner.java:306)
	at org.junit.runners.BlockJUnit4ClassRunner$1.evaluate(BlockJUnit4ClassRunner.java:100)
	at org.junit.runners.ParentRunner.runLeaf(ParentRunner.java:366)
	at org.junit.runners.BlockJUnit4ClassRunner.runChild(BlockJUnit4ClassRunner.java:103)
	at org.junit.runners.BlockJUnit4ClassRunner.runChild(BlockJUnit4ClassRunner.java:63)
	at org.junit.runners.ParentRunner$4.run(ParentRunner.java:331)
	at org.junit.runners.ParentRunner$1.schedule(ParentRunner.java:79)
	at org.junit.runners.ParentRunner.runChildren(ParentRunner.java:329)
	at org.junit.runners.ParentRunner.access$100(ParentRunner.java:66)
	at org.junit.runners.ParentRunner$2.evaluate(ParentRunner.java:293)
	at org.junit.internal.runners.statements.RunBefores.evaluate(RunBefores.java:26)
	at org.junit.runners.ParentRunner$3.evaluate(ParentRunner.java:306)
	at org.junit.runners.ParentRunner.run(ParentRunner.java:413)
	at org.junit.runners.Suite.runChild(Suite.java:128)
	at org.junit.runners.Suite.runChild(Suite.java:27)
	at org.junit.runners.ParentRunner$4.run(ParentRunner.java:331)
	at org.junit.runners.ParentRunner$1.schedule(ParentRunner.java:79)
	at org.junit.runners.ParentRunner.runChildren(ParentRunner.java:329)
	at org.junit.runners.ParentRunner.access$100(ParentRunner.java:66)
	at org.junit.runners.ParentRunner$2.evaluate(ParentRunner.java:293)
	at org.junit.runners.ParentRunner$3.evaluate(ParentRunner.java:306)
	at org.junit.runners.ParentRunner.run(ParentRunner.java:413)
	at org.apache.maven.surefire.junitcore.JUnitCore.run(JUnitCore.java:55)
	at org.apache.maven.surefire.junitcore.JUnitCoreWrapper.createRequestAndRun(JUnitCoreWrapper.java:137)
	at org.apache.maven.surefire.junitcore.JUnitCoreWrapper.executeEager(JUnitCoreWrapper.java:107)
	at org.apache.maven.surefire.junitcore.JUnitCoreWrapper.execute(JUnitCoreWrapper.java:83)
	at org.apache.maven.surefire.junitcore.JUnitCoreWrapper.execute(JUnitCoreWrapper.java:75)
	at org.apache.maven.surefire.junitcore.JUnitCoreProvider.invoke(JUnitCoreProvider.java:158)
	at org.apache.maven.surefire.booter.ForkedBooter.runSuitesInProcess(ForkedBooter.java:377)
	at org.apache.maven.surefire.booter.ForkedBooter.execute(ForkedBooter.java:138)
	at org.apache.maven.surefire.booter.ForkedBooter.run(ForkedBooter.java:465)
	at org.apache.maven.surefire.booter.ForkedBooter.main(ForkedBooter.java:451)
Caused by: org.apache.derby.shared.common.error.DerbySQLIntegrityConstraintViolationException: DELETE on table 'DBS' caused a violation of foreign key constraint 'TBLS_FK1' for key (3).  The statement has been rolled back.
	at org.apache.derby.impl.jdbc.SQLExceptionFactory.getSQLException(Unknown Source)
	at org.apache.derby.impl.jdbc.Util.generateCsSQLException(Unknown Source)
	at org.apache.derby.impl.jdbc.TransactionResourceImpl.wrapInSQLException(Unknown Source)
	at org.apache.derby.impl.jdbc.TransactionResourceImpl.handleException(Unknown Source)
	at org.apache.derby.impl.jdbc.EmbedConnection.handleException(Unknown Source)
	at org.apache.derby.impl.jdbc.ConnectionChild.handleException(Unknown Source)
	at org.apache.derby.impl.jdbc.EmbedStatement.executeStatement(Unknown Source)
	at org.apache.derby.impl.jdbc.EmbedPreparedStatement.executeBatchElement(Unknown Source)
	... 95 more
Caused by: ERROR 23503: DELETE on table 'DBS' caused a violation of foreign key constraint 'TBLS_FK1' for key (3).  The statement has been rolled back.
	at org.apache.derby.iapi.error.StandardException.newException(Unknown Source)
	at org.apache.derby.iapi.error.StandardException.newException(Unknown Source)
	at org.apache.derby.impl.sql.execute.ReferencedKeyRIChecker.doCheck(Unknown Source)
	at org.apache.derby.impl.sql.execute.RISetChecker.doPKCheck(Unknown Source)
	at org.apache.derby.impl.sql.execute.DeleteResultSet.collectAffectedRows(Unknown Source)
	at org.apache.derby.impl.sql.execute.DeleteResultSet.open(Unknown Source)
	at org.apache.derby.impl.sql.GenericPreparedStatement.executeStmt(Unknown Source)
	at org.apache.derby.impl.sql.GenericPreparedStatement.execute(Unknown Source)
	... 97 more

2024-04-24T11:27:38,920  INFO [main] HiveMetaStore.audit: ugi=alex	ip=unknown-ip-addr	cmd=drop_database: @hive#junit_specific_db	
2024-04-24T11:27:38,923  INFO [main] HiveMetaStore.audit: ugi=alex	ip=unknown-ip-addr	cmd=get_all_tables: db=@hive#junit_specific_db	
2024-04-24T11:27:38,925  INFO [main] HiveMetaStore.audit: ugi=alex	ip=unknown-ip-addr	cmd=get_functions: db=@hive#junit_specific_db pat=*	
2024-04-24T11:27:38,927  INFO [main] HiveMetaStore.audit: ugi=alex	ip=unknown-ip-addr	cmd=get_all_stored_procedures	
2024-04-24T11:27:38,929  INFO [main] HiveMetaStore.audit: ugi=alex	ip=unknown-ip-addr	cmd=get_all_packages	
2024-04-24T11:27:38,930  INFO [main] HiveMetaStore.audit: ugi=alex	ip=unknown-ip-addr	cmd=getTablesByTypeCore: catName=hive: db=junit_specific_db pat=.*,type=MATERIALIZED_VIEW	
2024-04-24T11:27:38,935  INFO [main] metastore.ObjectStore: Dropping database hive.junit_specific_db along with all tables
2024-04-24T11:27:38,939  INFO [main] txn.TxnHandler: Non-retryable error in cleanupRecords : Table/View 'TXN_COMPONENTS' does not exist. (SQLState=42X05, ErrorCode=20000)
2024-04-24T11:27:38,939  WARN [main] txn.TxnHandler: Cannot perform cleanup since metastore table does not exist
2024-04-24T11:27:38,941 ERROR [main] metastore.RetryingHMSHandler: Retrying HMSHandler after 2000 ms (attempt 3 of 10) with error: javax.jdo.JDODataStoreException: Exception thrown flushing changes to datastore
	at org.datanucleus.api.jdo.NucleusJDOHelper.getJDOExceptionForNucleusException(NucleusJDOHelper.java:542)
	at org.datanucleus.api.jdo.JDOTransaction.commit(JDOTransaction.java:162)
	at org.apache.hadoop.hive.metastore.ObjectStore.commitTransaction(ObjectStore.java:615)
	at sun.reflect.GeneratedMethodAccessor31.invoke(Unknown Source)
	at sun.reflect.DelegatingMethodAccessorImpl.invoke(DelegatingMethodAccessorImpl.java:43)
	at java.lang.reflect.Method.invoke(Method.java:498)
	at org.apache.hadoop.hive.metastore.RawStoreProxy.invoke(RawStoreProxy.java:97)
	at com.sun.proxy.$Proxy32.commitTransaction(Unknown Source)
	at org.apache.hadoop.hive.metastore.HMSHandler.drop_database_core(HMSHandler.java:1790)
	at org.apache.hadoop.hive.metastore.HMSHandler.drop_database(HMSHandler.java:1869)
	at sun.reflect.NativeMethodAccessorImpl.invoke0(Native Method)
	at sun.reflect.NativeMethodAccessorImpl.invoke(NativeMethodAccessorImpl.java:62)
	at sun.reflect.DelegatingMethodAccessorImpl.invoke(DelegatingMethodAccessorImpl.java:43)
	at java.lang.reflect.Method.invoke(Method.java:498)
	at org.apache.hadoop.hive.metastore.RetryingHMSHandler.invokeInternal(RetryingHMSHandler.java:147)
	at org.apache.hadoop.hive.metastore.RetryingHMSHandler.invoke(RetryingHMSHandler.java:108)
	at com.sun.proxy.$Proxy35.drop_database(Unknown Source)
	at org.apache.hadoop.hive.metastore.HiveMetaStoreClient.dropDatabaseCascadePerDb(HiveMetaStoreClient.java:1601)
	at org.apache.hadoop.hive.metastore.HiveMetaStoreClient.dropDatabase(HiveMetaStoreClient.java:1532)
	at org.apache.hadoop.hive.metastore.HiveMetaStoreClient.dropDatabase(HiveMetaStoreClient.java:1485)
	at sun.reflect.NativeMethodAccessorImpl.invoke0(Native Method)
	at sun.reflect.NativeMethodAccessorImpl.invoke(NativeMethodAccessorImpl.java:62)
	at sun.reflect.DelegatingMethodAccessorImpl.invoke(DelegatingMethodAccessorImpl.java:43)
	at java.lang.reflect.Method.invoke(Method.java:498)
	at org.apache.hadoop.hive.metastore.RetryingMetaStoreClient.invoke(RetryingMetaStoreClient.java:218)
	at com.sun.proxy.$Proxy45.dropDatabase(Unknown Source)
	at org.apache.hadoop.hive.ql.metadata.Hive.dropDatabase(Hive.java:662)
	at org.apache.hadoop.hive.ql.ddl.database.drop.DropDatabaseOperation.execute(DropDatabaseOperation.java:52)
	at org.apache.hadoop.hive.ql.ddl.DDLTask.execute(DDLTask.java:84)
	at org.apache.hadoop.hive.ql.exec.Task.executeTask(Task.java:212)
	at org.apache.hadoop.hive.ql.exec.TaskRunner.runSequential(TaskRunner.java:105)
	at org.apache.hadoop.hive.ql.Executor.launchTask(Executor.java:361)
	at org.apache.hadoop.hive.ql.Executor.launchTasks(Executor.java:334)
	at org.apache.hadoop.hive.ql.Executor.runTasks(Executor.java:245)
	at org.apache.hadoop.hive.ql.Executor.execute(Executor.java:108)
	at org.apache.hadoop.hive.ql.Driver.execute(Driver.java:348)
	at org.apache.hadoop.hive.ql.Driver.runInternal(Driver.java:204)
	at org.apache.hadoop.hive.ql.Driver.run(Driver.java:153)
	at org.apache.hadoop.hive.ql.Driver.run(Driver.java:148)
	at org.apache.hadoop.hive.ql.reexec.ReExecDriver.run(ReExecDriver.java:164)
	at org.apache.hadoop.hive.ql.reexec.ReExecDriver.run(ReExecDriver.java:230)
	at org.apache.hive.hcatalog.pig.AbstractHCatLoaderTest.executeStatementOnDriver(AbstractHCatLoaderTest.java:151)
	at org.apache.hive.hcatalog.pig.AbstractHCatLoaderTest.tearDown(AbstractHCatLoaderTest.java:239)
	at sun.reflect.NativeMethodAccessorImpl.invoke0(Native Method)
	at sun.reflect.NativeMethodAccessorImpl.invoke(NativeMethodAccessorImpl.java:62)
	at sun.reflect.DelegatingMethodAccessorImpl.invoke(DelegatingMethodAccessorImpl.java:43)
	at java.lang.reflect.Method.invoke(Method.java:498)
	at org.junit.runners.model.FrameworkMethod$1.runReflectiveCall(FrameworkMethod.java:59)
	at org.junit.internal.runners.model.ReflectiveCallable.run(ReflectiveCallable.java:12)
	at org.junit.runners.model.FrameworkMethod.invokeExplosively(FrameworkMethod.java:56)
	at org.junit.internal.runners.statements.RunAfters.invokeMethod(RunAfters.java:46)
	at org.junit.internal.runners.statements.RunAfters.evaluate(RunAfters.java:33)
	at org.junit.runners.ParentRunner$3.evaluate(ParentRunner.java:306)
	at org.junit.runners.BlockJUnit4ClassRunner$1.evaluate(BlockJUnit4ClassRunner.java:100)
	at org.junit.runners.ParentRunner.runLeaf(ParentRunner.java:366)
	at org.junit.runners.BlockJUnit4ClassRunner.runChild(BlockJUnit4ClassRunner.java:103)
	at org.junit.runners.BlockJUnit4ClassRunner.runChild(BlockJUnit4ClassRunner.java:63)
	at org.junit.runners.ParentRunner$4.run(ParentRunner.java:331)
	at org.junit.runners.ParentRunner$1.schedule(ParentRunner.java:79)
	at org.junit.runners.ParentRunner.runChildren(ParentRunner.java:329)
	at org.junit.runners.ParentRunner.access$100(ParentRunner.java:66)
	at org.junit.runners.ParentRunner$2.evaluate(ParentRunner.java:293)
	at org.junit.internal.runners.statements.RunBefores.evaluate(RunBefores.java:26)
	at org.junit.runners.ParentRunner$3.evaluate(ParentRunner.java:306)
	at org.junit.runners.ParentRunner.run(ParentRunner.java:413)
	at org.junit.runners.Suite.runChild(Suite.java:128)
	at org.junit.runners.Suite.runChild(Suite.java:27)
	at org.junit.runners.ParentRunner$4.run(ParentRunner.java:331)
	at org.junit.runners.ParentRunner$1.schedule(ParentRunner.java:79)
	at org.junit.runners.ParentRunner.runChildren(ParentRunner.java:329)
	at org.junit.runners.ParentRunner.access$100(ParentRunner.java:66)
	at org.junit.runners.ParentRunner$2.evaluate(ParentRunner.java:293)
	at org.junit.runners.ParentRunner$3.evaluate(ParentRunner.java:306)
	at org.junit.runners.ParentRunner.run(ParentRunner.java:413)
	at org.apache.maven.surefire.junitcore.JUnitCore.run(JUnitCore.java:55)
	at org.apache.maven.surefire.junitcore.JUnitCoreWrapper.createRequestAndRun(JUnitCoreWrapper.java:137)
	at org.apache.maven.surefire.junitcore.JUnitCoreWrapper.executeEager(JUnitCoreWrapper.java:107)
	at org.apache.maven.surefire.junitcore.JUnitCoreWrapper.execute(JUnitCoreWrapper.java:83)
	at org.apache.maven.surefire.junitcore.JUnitCoreWrapper.execute(JUnitCoreWrapper.java:75)
	at org.apache.maven.surefire.junitcore.JUnitCoreProvider.invoke(JUnitCoreProvider.java:158)
	at org.apache.maven.surefire.booter.ForkedBooter.runSuitesInProcess(ForkedBooter.java:377)
	at org.apache.maven.surefire.booter.ForkedBooter.execute(ForkedBooter.java:138)
	at org.apache.maven.surefire.booter.ForkedBooter.run(ForkedBooter.java:465)
	at org.apache.maven.surefire.booter.ForkedBooter.main(ForkedBooter.java:451)
NestedThrowablesStackTrace:
java.sql.BatchUpdateException: DELETE on table 'DBS' caused a violation of foreign key constraint 'TBLS_FK1' for key (3).  The statement has been rolled back.
	at org.apache.derby.impl.jdbc.EmbedStatement.executeLargeBatch(Unknown Source)
	at org.apache.derby.impl.jdbc.EmbedStatement.executeBatch(Unknown Source)
	at com.zaxxer.hikari.pool.ProxyStatement.executeBatch(ProxyStatement.java:128)
	at com.zaxxer.hikari.pool.HikariProxyPreparedStatement.executeBatch(HikariProxyPreparedStatement.java)
	at org.datanucleus.store.rdbms.ParamLoggingPreparedStatement.executeBatch(ParamLoggingPreparedStatement.java:366)
	at org.datanucleus.store.rdbms.SQLController.processConnectionStatement(SQLController.java:675)
	at org.datanucleus.store.rdbms.SQLController.processStatementsForConnection(SQLController.java:643)
	at org.datanucleus.store.rdbms.SQLController$1.transactionFlushed(SQLController.java:729)
	at org.datanucleus.store.connection.AbstractManagedConnection.transactionFlushed(AbstractManagedConnection.java:95)
	at org.datanucleus.store.connection.ConnectionManagerImpl$2.transactionFlushed(ConnectionManagerImpl.java:528)
	at org.datanucleus.TransactionImpl.flush(TransactionImpl.java:222)
	at org.datanucleus.TransactionImpl.commit(TransactionImpl.java:286)
	at org.datanucleus.api.jdo.JDOTransaction.commit(JDOTransaction.java:99)
	at org.apache.hadoop.hive.metastore.ObjectStore.commitTransaction(ObjectStore.java:615)
	at sun.reflect.GeneratedMethodAccessor31.invoke(Unknown Source)
	at sun.reflect.DelegatingMethodAccessorImpl.invoke(DelegatingMethodAccessorImpl.java:43)
	at java.lang.reflect.Method.invoke(Method.java:498)
	at org.apache.hadoop.hive.metastore.RawStoreProxy.invoke(RawStoreProxy.java:97)
	at com.sun.proxy.$Proxy32.commitTransaction(Unknown Source)
	at org.apache.hadoop.hive.metastore.HMSHandler.drop_database_core(HMSHandler.java:1790)
	at org.apache.hadoop.hive.metastore.HMSHandler.drop_database(HMSHandler.java:1869)
	at sun.reflect.NativeMethodAccessorImpl.invoke0(Native Method)
	at sun.reflect.NativeMethodAccessorImpl.invoke(NativeMethodAccessorImpl.java:62)
	at sun.reflect.DelegatingMethodAccessorImpl.invoke(DelegatingMethodAccessorImpl.java:43)
	at java.lang.reflect.Method.invoke(Method.java:498)
	at org.apache.hadoop.hive.metastore.RetryingHMSHandler.invokeInternal(RetryingHMSHandler.java:147)
	at org.apache.hadoop.hive.metastore.RetryingHMSHandler.invoke(RetryingHMSHandler.java:108)
	at com.sun.proxy.$Proxy35.drop_database(Unknown Source)
	at org.apache.hadoop.hive.metastore.HiveMetaStoreClient.dropDatabaseCascadePerDb(HiveMetaStoreClient.java:1601)
	at org.apache.hadoop.hive.metastore.HiveMetaStoreClient.dropDatabase(HiveMetaStoreClient.java:1532)
	at org.apache.hadoop.hive.metastore.HiveMetaStoreClient.dropDatabase(HiveMetaStoreClient.java:1485)
	at sun.reflect.NativeMethodAccessorImpl.invoke0(Native Method)
	at sun.reflect.NativeMethodAccessorImpl.invoke(NativeMethodAccessorImpl.java:62)
	at sun.reflect.DelegatingMethodAccessorImpl.invoke(DelegatingMethodAccessorImpl.java:43)
	at java.lang.reflect.Method.invoke(Method.java:498)
	at org.apache.hadoop.hive.metastore.RetryingMetaStoreClient.invoke(RetryingMetaStoreClient.java:218)
	at com.sun.proxy.$Proxy45.dropDatabase(Unknown Source)
	at org.apache.hadoop.hive.ql.metadata.Hive.dropDatabase(Hive.java:662)
	at org.apache.hadoop.hive.ql.ddl.database.drop.DropDatabaseOperation.execute(DropDatabaseOperation.java:52)
	at org.apache.hadoop.hive.ql.ddl.DDLTask.execute(DDLTask.java:84)
	at org.apache.hadoop.hive.ql.exec.Task.executeTask(Task.java:212)
	at org.apache.hadoop.hive.ql.exec.TaskRunner.runSequential(TaskRunner.java:105)
	at org.apache.hadoop.hive.ql.Executor.launchTask(Executor.java:361)
	at org.apache.hadoop.hive.ql.Executor.launchTasks(Executor.java:334)
	at org.apache.hadoop.hive.ql.Executor.runTasks(Executor.java:245)
	at org.apache.hadoop.hive.ql.Executor.execute(Executor.java:108)
	at org.apache.hadoop.hive.ql.Driver.execute(Driver.java:348)
	at org.apache.hadoop.hive.ql.Driver.runInternal(Driver.java:204)
	at org.apache.hadoop.hive.ql.Driver.run(Driver.java:153)
	at org.apache.hadoop.hive.ql.Driver.run(Driver.java:148)
	at org.apache.hadoop.hive.ql.reexec.ReExecDriver.run(ReExecDriver.java:164)
	at org.apache.hadoop.hive.ql.reexec.ReExecDriver.run(ReExecDriver.java:230)
	at org.apache.hive.hcatalog.pig.AbstractHCatLoaderTest.executeStatementOnDriver(AbstractHCatLoaderTest.java:151)
	at org.apache.hive.hcatalog.pig.AbstractHCatLoaderTest.tearDown(AbstractHCatLoaderTest.java:239)
	at sun.reflect.NativeMethodAccessorImpl.invoke0(Native Method)
	at sun.reflect.NativeMethodAccessorImpl.invoke(NativeMethodAccessorImpl.java:62)
	at sun.reflect.DelegatingMethodAccessorImpl.invoke(DelegatingMethodAccessorImpl.java:43)
	at java.lang.reflect.Method.invoke(Method.java:498)
	at org.junit.runners.model.FrameworkMethod$1.runReflectiveCall(FrameworkMethod.java:59)
	at org.junit.internal.runners.model.ReflectiveCallable.run(ReflectiveCallable.java:12)
	at org.junit.runners.model.FrameworkMethod.invokeExplosively(FrameworkMethod.java:56)
	at org.junit.internal.runners.statements.RunAfters.invokeMethod(RunAfters.java:46)
	at org.junit.internal.runners.statements.RunAfters.evaluate(RunAfters.java:33)
	at org.junit.runners.ParentRunner$3.evaluate(ParentRunner.java:306)
	at org.junit.runners.BlockJUnit4ClassRunner$1.evaluate(BlockJUnit4ClassRunner.java:100)
	at org.junit.runners.ParentRunner.runLeaf(ParentRunner.java:366)
	at org.junit.runners.BlockJUnit4ClassRunner.runChild(BlockJUnit4ClassRunner.java:103)
	at org.junit.runners.BlockJUnit4ClassRunner.runChild(BlockJUnit4ClassRunner.java:63)
	at org.junit.runners.ParentRunner$4.run(ParentRunner.java:331)
	at org.junit.runners.ParentRunner$1.schedule(ParentRunner.java:79)
	at org.junit.runners.ParentRunner.runChildren(ParentRunner.java:329)
	at org.junit.runners.ParentRunner.access$100(ParentRunner.java:66)
	at org.junit.runners.ParentRunner$2.evaluate(ParentRunner.java:293)
	at org.junit.internal.runners.statements.RunBefores.evaluate(RunBefores.java:26)
	at org.junit.runners.ParentRunner$3.evaluate(ParentRunner.java:306)
	at org.junit.runners.ParentRunner.run(ParentRunner.java:413)
	at org.junit.runners.Suite.runChild(Suite.java:128)
	at org.junit.runners.Suite.runChild(Suite.java:27)
	at org.junit.runners.ParentRunner$4.run(ParentRunner.java:331)
	at org.junit.runners.ParentRunner$1.schedule(ParentRunner.java:79)
	at org.junit.runners.ParentRunner.runChildren(ParentRunner.java:329)
	at org.junit.runners.ParentRunner.access$100(ParentRunner.java:66)
	at org.junit.runners.ParentRunner$2.evaluate(ParentRunner.java:293)
	at org.junit.runners.ParentRunner$3.evaluate(ParentRunner.java:306)
	at org.junit.runners.ParentRunner.run(ParentRunner.java:413)
	at org.apache.maven.surefire.junitcore.JUnitCore.run(JUnitCore.java:55)
	at org.apache.maven.surefire.junitcore.JUnitCoreWrapper.createRequestAndRun(JUnitCoreWrapper.java:137)
	at org.apache.maven.surefire.junitcore.JUnitCoreWrapper.executeEager(JUnitCoreWrapper.java:107)
	at org.apache.maven.surefire.junitcore.JUnitCoreWrapper.execute(JUnitCoreWrapper.java:83)
	at org.apache.maven.surefire.junitcore.JUnitCoreWrapper.execute(JUnitCoreWrapper.java:75)
	at org.apache.maven.surefire.junitcore.JUnitCoreProvider.invoke(JUnitCoreProvider.java:158)
	at org.apache.maven.surefire.booter.ForkedBooter.runSuitesInProcess(ForkedBooter.java:377)
	at org.apache.maven.surefire.booter.ForkedBooter.execute(ForkedBooter.java:138)
	at org.apache.maven.surefire.booter.ForkedBooter.run(ForkedBooter.java:465)
	at org.apache.maven.surefire.booter.ForkedBooter.main(ForkedBooter.java:451)
Caused by: org.apache.derby.shared.common.error.DerbySQLIntegrityConstraintViolationException: DELETE on table 'DBS' caused a violation of foreign key constraint 'TBLS_FK1' for key (3).  The statement has been rolled back.
	at org.apache.derby.impl.jdbc.SQLExceptionFactory.getSQLException(Unknown Source)
	at org.apache.derby.impl.jdbc.Util.generateCsSQLException(Unknown Source)
	at org.apache.derby.impl.jdbc.TransactionResourceImpl.wrapInSQLException(Unknown Source)
	at org.apache.derby.impl.jdbc.TransactionResourceImpl.handleException(Unknown Source)
	at org.apache.derby.impl.jdbc.EmbedConnection.handleException(Unknown Source)
	at org.apache.derby.impl.jdbc.ConnectionChild.handleException(Unknown Source)
	at org.apache.derby.impl.jdbc.EmbedStatement.executeStatement(Unknown Source)
	at org.apache.derby.impl.jdbc.EmbedPreparedStatement.executeBatchElement(Unknown Source)
	... 95 more
Caused by: ERROR 23503: DELETE on table 'DBS' caused a violation of foreign key constraint 'TBLS_FK1' for key (3).  The statement has been rolled back.
	at org.apache.derby.iapi.error.StandardException.newException(Unknown Source)
	at org.apache.derby.iapi.error.StandardException.newException(Unknown Source)
	at org.apache.derby.impl.sql.execute.ReferencedKeyRIChecker.doCheck(Unknown Source)
	at org.apache.derby.impl.sql.execute.RISetChecker.doPKCheck(Unknown Source)
	at org.apache.derby.impl.sql.execute.DeleteResultSet.collectAffectedRows(Unknown Source)
	at org.apache.derby.impl.sql.execute.DeleteResultSet.open(Unknown Source)
	at org.apache.derby.impl.sql.GenericPreparedStatement.executeStmt(Unknown Source)
	at org.apache.derby.impl.sql.GenericPreparedStatement.execute(Unknown Source)
	... 97 more

2024-04-24T11:27:40,943  INFO [main] HiveMetaStore.audit: ugi=alex	ip=unknown-ip-addr	cmd=drop_database: @hive#junit_specific_db	
2024-04-24T11:27:40,949  INFO [main] HiveMetaStore.audit: ugi=alex	ip=unknown-ip-addr	cmd=get_all_tables: db=@hive#junit_specific_db	
2024-04-24T11:27:40,950  INFO [main] HiveMetaStore.audit: ugi=alex	ip=unknown-ip-addr	cmd=get_functions: db=@hive#junit_specific_db pat=*	
2024-04-24T11:27:40,952  INFO [main] HiveMetaStore.audit: ugi=alex	ip=unknown-ip-addr	cmd=get_all_stored_procedures	
2024-04-24T11:27:40,954  INFO [main] HiveMetaStore.audit: ugi=alex	ip=unknown-ip-addr	cmd=get_all_packages	
2024-04-24T11:27:40,955  INFO [main] HiveMetaStore.audit: ugi=alex	ip=unknown-ip-addr	cmd=getTablesByTypeCore: catName=hive: db=junit_specific_db pat=.*,type=MATERIALIZED_VIEW	
2024-04-24T11:27:40,961  INFO [main] metastore.ObjectStore: Dropping database hive.junit_specific_db along with all tables
2024-04-24T11:27:40,965  INFO [main] txn.TxnHandler: Non-retryable error in cleanupRecords : Table/View 'TXN_COMPONENTS' does not exist. (SQLState=42X05, ErrorCode=20000)
2024-04-24T11:27:40,965  WARN [main] txn.TxnHandler: Cannot perform cleanup since metastore table does not exist
2024-04-24T11:27:40,967 ERROR [main] metastore.RetryingHMSHandler: Retrying HMSHandler after 2000 ms (attempt 4 of 10) with error: javax.jdo.JDODataStoreException: Exception thrown flushing changes to datastore
	at org.datanucleus.api.jdo.NucleusJDOHelper.getJDOExceptionForNucleusException(NucleusJDOHelper.java:542)
	at org.datanucleus.api.jdo.JDOTransaction.commit(JDOTransaction.java:162)
	at org.apache.hadoop.hive.metastore.ObjectStore.commitTransaction(ObjectStore.java:615)
	at sun.reflect.GeneratedMethodAccessor31.invoke(Unknown Source)
	at sun.reflect.DelegatingMethodAccessorImpl.invoke(DelegatingMethodAccessorImpl.java:43)
	at java.lang.reflect.Method.invoke(Method.java:498)
	at org.apache.hadoop.hive.metastore.RawStoreProxy.invoke(RawStoreProxy.java:97)
	at com.sun.proxy.$Proxy32.commitTransaction(Unknown Source)
	at org.apache.hadoop.hive.metastore.HMSHandler.drop_database_core(HMSHandler.java:1790)
	at org.apache.hadoop.hive.metastore.HMSHandler.drop_database(HMSHandler.java:1869)
	at sun.reflect.NativeMethodAccessorImpl.invoke0(Native Method)
	at sun.reflect.NativeMethodAccessorImpl.invoke(NativeMethodAccessorImpl.java:62)
	at sun.reflect.DelegatingMethodAccessorImpl.invoke(DelegatingMethodAccessorImpl.java:43)
	at java.lang.reflect.Method.invoke(Method.java:498)
	at org.apache.hadoop.hive.metastore.RetryingHMSHandler.invokeInternal(RetryingHMSHandler.java:147)
	at org.apache.hadoop.hive.metastore.RetryingHMSHandler.invoke(RetryingHMSHandler.java:108)
	at com.sun.proxy.$Proxy35.drop_database(Unknown Source)
	at org.apache.hadoop.hive.metastore.HiveMetaStoreClient.dropDatabaseCascadePerDb(HiveMetaStoreClient.java:1601)
	at org.apache.hadoop.hive.metastore.HiveMetaStoreClient.dropDatabase(HiveMetaStoreClient.java:1532)
	at org.apache.hadoop.hive.metastore.HiveMetaStoreClient.dropDatabase(HiveMetaStoreClient.java:1485)
	at sun.reflect.NativeMethodAccessorImpl.invoke0(Native Method)
	at sun.reflect.NativeMethodAccessorImpl.invoke(NativeMethodAccessorImpl.java:62)
	at sun.reflect.DelegatingMethodAccessorImpl.invoke(DelegatingMethodAccessorImpl.java:43)
	at java.lang.reflect.Method.invoke(Method.java:498)
	at org.apache.hadoop.hive.metastore.RetryingMetaStoreClient.invoke(RetryingMetaStoreClient.java:218)
	at com.sun.proxy.$Proxy45.dropDatabase(Unknown Source)
	at org.apache.hadoop.hive.ql.metadata.Hive.dropDatabase(Hive.java:662)
	at org.apache.hadoop.hive.ql.ddl.database.drop.DropDatabaseOperation.execute(DropDatabaseOperation.java:52)
	at org.apache.hadoop.hive.ql.ddl.DDLTask.execute(DDLTask.java:84)
	at org.apache.hadoop.hive.ql.exec.Task.executeTask(Task.java:212)
	at org.apache.hadoop.hive.ql.exec.TaskRunner.runSequential(TaskRunner.java:105)
	at org.apache.hadoop.hive.ql.Executor.launchTask(Executor.java:361)
	at org.apache.hadoop.hive.ql.Executor.launchTasks(Executor.java:334)
	at org.apache.hadoop.hive.ql.Executor.runTasks(Executor.java:245)
	at org.apache.hadoop.hive.ql.Executor.execute(Executor.java:108)
	at org.apache.hadoop.hive.ql.Driver.execute(Driver.java:348)
	at org.apache.hadoop.hive.ql.Driver.runInternal(Driver.java:204)
	at org.apache.hadoop.hive.ql.Driver.run(Driver.java:153)
	at org.apache.hadoop.hive.ql.Driver.run(Driver.java:148)
	at org.apache.hadoop.hive.ql.reexec.ReExecDriver.run(ReExecDriver.java:164)
	at org.apache.hadoop.hive.ql.reexec.ReExecDriver.run(ReExecDriver.java:230)
	at org.apache.hive.hcatalog.pig.AbstractHCatLoaderTest.executeStatementOnDriver(AbstractHCatLoaderTest.java:151)
	at org.apache.hive.hcatalog.pig.AbstractHCatLoaderTest.tearDown(AbstractHCatLoaderTest.java:239)
	at sun.reflect.NativeMethodAccessorImpl.invoke0(Native Method)
	at sun.reflect.NativeMethodAccessorImpl.invoke(NativeMethodAccessorImpl.java:62)
	at sun.reflect.DelegatingMethodAccessorImpl.invoke(DelegatingMethodAccessorImpl.java:43)
	at java.lang.reflect.Method.invoke(Method.java:498)
	at org.junit.runners.model.FrameworkMethod$1.runReflectiveCall(FrameworkMethod.java:59)
	at org.junit.internal.runners.model.ReflectiveCallable.run(ReflectiveCallable.java:12)
	at org.junit.runners.model.FrameworkMethod.invokeExplosively(FrameworkMethod.java:56)
	at org.junit.internal.runners.statements.RunAfters.invokeMethod(RunAfters.java:46)
	at org.junit.internal.runners.statements.RunAfters.evaluate(RunAfters.java:33)
	at org.junit.runners.ParentRunner$3.evaluate(ParentRunner.java:306)
	at org.junit.runners.BlockJUnit4ClassRunner$1.evaluate(BlockJUnit4ClassRunner.java:100)
	at org.junit.runners.ParentRunner.runLeaf(ParentRunner.java:366)
	at org.junit.runners.BlockJUnit4ClassRunner.runChild(BlockJUnit4ClassRunner.java:103)
	at org.junit.runners.BlockJUnit4ClassRunner.runChild(BlockJUnit4ClassRunner.java:63)
	at org.junit.runners.ParentRunner$4.run(ParentRunner.java:331)
	at org.junit.runners.ParentRunner$1.schedule(ParentRunner.java:79)
	at org.junit.runners.ParentRunner.runChildren(ParentRunner.java:329)
	at org.junit.runners.ParentRunner.access$100(ParentRunner.java:66)
	at org.junit.runners.ParentRunner$2.evaluate(ParentRunner.java:293)
	at org.junit.internal.runners.statements.RunBefores.evaluate(RunBefores.java:26)
	at org.junit.runners.ParentRunner$3.evaluate(ParentRunner.java:306)
	at org.junit.runners.ParentRunner.run(ParentRunner.java:413)
	at org.junit.runners.Suite.runChild(Suite.java:128)
	at org.junit.runners.Suite.runChild(Suite.java:27)
	at org.junit.runners.ParentRunner$4.run(ParentRunner.java:331)
	at org.junit.runners.ParentRunner$1.schedule(ParentRunner.java:79)
	at org.junit.runners.ParentRunner.runChildren(ParentRunner.java:329)
	at org.junit.runners.ParentRunner.access$100(ParentRunner.java:66)
	at org.junit.runners.ParentRunner$2.evaluate(ParentRunner.java:293)
	at org.junit.runners.ParentRunner$3.evaluate(ParentRunner.java:306)
	at org.junit.runners.ParentRunner.run(ParentRunner.java:413)
	at org.apache.maven.surefire.junitcore.JUnitCore.run(JUnitCore.java:55)
	at org.apache.maven.surefire.junitcore.JUnitCoreWrapper.createRequestAndRun(JUnitCoreWrapper.java:137)
	at org.apache.maven.surefire.junitcore.JUnitCoreWrapper.executeEager(JUnitCoreWrapper.java:107)
	at org.apache.maven.surefire.junitcore.JUnitCoreWrapper.execute(JUnitCoreWrapper.java:83)
	at org.apache.maven.surefire.junitcore.JUnitCoreWrapper.execute(JUnitCoreWrapper.java:75)
	at org.apache.maven.surefire.junitcore.JUnitCoreProvider.invoke(JUnitCoreProvider.java:158)
	at org.apache.maven.surefire.booter.ForkedBooter.runSuitesInProcess(ForkedBooter.java:377)
	at org.apache.maven.surefire.booter.ForkedBooter.execute(ForkedBooter.java:138)
	at org.apache.maven.surefire.booter.ForkedBooter.run(ForkedBooter.java:465)
	at org.apache.maven.surefire.booter.ForkedBooter.main(ForkedBooter.java:451)
NestedThrowablesStackTrace:
java.sql.BatchUpdateException: DELETE on table 'DBS' caused a violation of foreign key constraint 'TBLS_FK1' for key (3).  The statement has been rolled back.
	at org.apache.derby.impl.jdbc.EmbedStatement.executeLargeBatch(Unknown Source)
	at org.apache.derby.impl.jdbc.EmbedStatement.executeBatch(Unknown Source)
	at com.zaxxer.hikari.pool.ProxyStatement.executeBatch(ProxyStatement.java:128)
	at com.zaxxer.hikari.pool.HikariProxyPreparedStatement.executeBatch(HikariProxyPreparedStatement.java)
	at org.datanucleus.store.rdbms.ParamLoggingPreparedStatement.executeBatch(ParamLoggingPreparedStatement.java:366)
	at org.datanucleus.store.rdbms.SQLController.processConnectionStatement(SQLController.java:675)
	at org.datanucleus.store.rdbms.SQLController.processStatementsForConnection(SQLController.java:643)
	at org.datanucleus.store.rdbms.SQLController$1.transactionFlushed(SQLController.java:729)
	at org.datanucleus.store.connection.AbstractManagedConnection.transactionFlushed(AbstractManagedConnection.java:95)
	at org.datanucleus.store.connection.ConnectionManagerImpl$2.transactionFlushed(ConnectionManagerImpl.java:528)
	at org.datanucleus.TransactionImpl.flush(TransactionImpl.java:222)
	at org.datanucleus.TransactionImpl.commit(TransactionImpl.java:286)
	at org.datanucleus.api.jdo.JDOTransaction.commit(JDOTransaction.java:99)
	at org.apache.hadoop.hive.metastore.ObjectStore.commitTransaction(ObjectStore.java:615)
	at sun.reflect.GeneratedMethodAccessor31.invoke(Unknown Source)
	at sun.reflect.DelegatingMethodAccessorImpl.invoke(DelegatingMethodAccessorImpl.java:43)
	at java.lang.reflect.Method.invoke(Method.java:498)
	at org.apache.hadoop.hive.metastore.RawStoreProxy.invoke(RawStoreProxy.java:97)
	at com.sun.proxy.$Proxy32.commitTransaction(Unknown Source)
	at org.apache.hadoop.hive.metastore.HMSHandler.drop_database_core(HMSHandler.java:1790)
	at org.apache.hadoop.hive.metastore.HMSHandler.drop_database(HMSHandler.java:1869)
	at sun.reflect.NativeMethodAccessorImpl.invoke0(Native Method)
	at sun.reflect.NativeMethodAccessorImpl.invoke(NativeMethodAccessorImpl.java:62)
	at sun.reflect.DelegatingMethodAccessorImpl.invoke(DelegatingMethodAccessorImpl.java:43)
	at java.lang.reflect.Method.invoke(Method.java:498)
	at org.apache.hadoop.hive.metastore.RetryingHMSHandler.invokeInternal(RetryingHMSHandler.java:147)
	at org.apache.hadoop.hive.metastore.RetryingHMSHandler.invoke(RetryingHMSHandler.java:108)
	at com.sun.proxy.$Proxy35.drop_database(Unknown Source)
	at org.apache.hadoop.hive.metastore.HiveMetaStoreClient.dropDatabaseCascadePerDb(HiveMetaStoreClient.java:1601)
	at org.apache.hadoop.hive.metastore.HiveMetaStoreClient.dropDatabase(HiveMetaStoreClient.java:1532)
	at org.apache.hadoop.hive.metastore.HiveMetaStoreClient.dropDatabase(HiveMetaStoreClient.java:1485)
	at sun.reflect.NativeMethodAccessorImpl.invoke0(Native Method)
	at sun.reflect.NativeMethodAccessorImpl.invoke(NativeMethodAccessorImpl.java:62)
	at sun.reflect.DelegatingMethodAccessorImpl.invoke(DelegatingMethodAccessorImpl.java:43)
	at java.lang.reflect.Method.invoke(Method.java:498)
	at org.apache.hadoop.hive.metastore.RetryingMetaStoreClient.invoke(RetryingMetaStoreClient.java:218)
	at com.sun.proxy.$Proxy45.dropDatabase(Unknown Source)
	at org.apache.hadoop.hive.ql.metadata.Hive.dropDatabase(Hive.java:662)
	at org.apache.hadoop.hive.ql.ddl.database.drop.DropDatabaseOperation.execute(DropDatabaseOperation.java:52)
	at org.apache.hadoop.hive.ql.ddl.DDLTask.execute(DDLTask.java:84)
	at org.apache.hadoop.hive.ql.exec.Task.executeTask(Task.java:212)
	at org.apache.hadoop.hive.ql.exec.TaskRunner.runSequential(TaskRunner.java:105)
	at org.apache.hadoop.hive.ql.Executor.launchTask(Executor.java:361)
	at org.apache.hadoop.hive.ql.Executor.launchTasks(Executor.java:334)
	at org.apache.hadoop.hive.ql.Executor.runTasks(Executor.java:245)
	at org.apache.hadoop.hive.ql.Executor.execute(Executor.java:108)
	at org.apache.hadoop.hive.ql.Driver.execute(Driver.java:348)
	at org.apache.hadoop.hive.ql.Driver.runInternal(Driver.java:204)
	at org.apache.hadoop.hive.ql.Driver.run(Driver.java:153)
	at org.apache.hadoop.hive.ql.Driver.run(Driver.java:148)
	at org.apache.hadoop.hive.ql.reexec.ReExecDriver.run(ReExecDriver.java:164)
	at org.apache.hadoop.hive.ql.reexec.ReExecDriver.run(ReExecDriver.java:230)
	at org.apache.hive.hcatalog.pig.AbstractHCatLoaderTest.executeStatementOnDriver(AbstractHCatLoaderTest.java:151)
	at org.apache.hive.hcatalog.pig.AbstractHCatLoaderTest.tearDown(AbstractHCatLoaderTest.java:239)
	at sun.reflect.NativeMethodAccessorImpl.invoke0(Native Method)
	at sun.reflect.NativeMethodAccessorImpl.invoke(NativeMethodAccessorImpl.java:62)
	at sun.reflect.DelegatingMethodAccessorImpl.invoke(DelegatingMethodAccessorImpl.java:43)
	at java.lang.reflect.Method.invoke(Method.java:498)
	at org.junit.runners.model.FrameworkMethod$1.runReflectiveCall(FrameworkMethod.java:59)
	at org.junit.internal.runners.model.ReflectiveCallable.run(ReflectiveCallable.java:12)
	at org.junit.runners.model.FrameworkMethod.invokeExplosively(FrameworkMethod.java:56)
	at org.junit.internal.runners.statements.RunAfters.invokeMethod(RunAfters.java:46)
	at org.junit.internal.runners.statements.RunAfters.evaluate(RunAfters.java:33)
	at org.junit.runners.ParentRunner$3.evaluate(ParentRunner.java:306)
	at org.junit.runners.BlockJUnit4ClassRunner$1.evaluate(BlockJUnit4ClassRunner.java:100)
	at org.junit.runners.ParentRunner.runLeaf(ParentRunner.java:366)
	at org.junit.runners.BlockJUnit4ClassRunner.runChild(BlockJUnit4ClassRunner.java:103)
	at org.junit.runners.BlockJUnit4ClassRunner.runChild(BlockJUnit4ClassRunner.java:63)
	at org.junit.runners.ParentRunner$4.run(ParentRunner.java:331)
	at org.junit.runners.ParentRunner$1.schedule(ParentRunner.java:79)
	at org.junit.runners.ParentRunner.runChildren(ParentRunner.java:329)
	at org.junit.runners.ParentRunner.access$100(ParentRunner.java:66)
	at org.junit.runners.ParentRunner$2.evaluate(ParentRunner.java:293)
	at org.junit.internal.runners.statements.RunBefores.evaluate(RunBefores.java:26)
	at org.junit.runners.ParentRunner$3.evaluate(ParentRunner.java:306)
	at org.junit.runners.ParentRunner.run(ParentRunner.java:413)
	at org.junit.runners.Suite.runChild(Suite.java:128)
	at org.junit.runners.Suite.runChild(Suite.java:27)
	at org.junit.runners.ParentRunner$4.run(ParentRunner.java:331)
	at org.junit.runners.ParentRunner$1.schedule(ParentRunner.java:79)
	at org.junit.runners.ParentRunner.runChildren(ParentRunner.java:329)
	at org.junit.runners.ParentRunner.access$100(ParentRunner.java:66)
	at org.junit.runners.ParentRunner$2.evaluate(ParentRunner.java:293)
	at org.junit.runners.ParentRunner$3.evaluate(ParentRunner.java:306)
	at org.junit.runners.ParentRunner.run(ParentRunner.java:413)
	at org.apache.maven.surefire.junitcore.JUnitCore.run(JUnitCore.java:55)
	at org.apache.maven.surefire.junitcore.JUnitCoreWrapper.createRequestAndRun(JUnitCoreWrapper.java:137)
	at org.apache.maven.surefire.junitcore.JUnitCoreWrapper.executeEager(JUnitCoreWrapper.java:107)
	at org.apache.maven.surefire.junitcore.JUnitCoreWrapper.execute(JUnitCoreWrapper.java:83)
	at org.apache.maven.surefire.junitcore.JUnitCoreWrapper.execute(JUnitCoreWrapper.java:75)
	at org.apache.maven.surefire.junitcore.JUnitCoreProvider.invoke(JUnitCoreProvider.java:158)
	at org.apache.maven.surefire.booter.ForkedBooter.runSuitesInProcess(ForkedBooter.java:377)
	at org.apache.maven.surefire.booter.ForkedBooter.execute(ForkedBooter.java:138)
	at org.apache.maven.surefire.booter.ForkedBooter.run(ForkedBooter.java:465)
	at org.apache.maven.surefire.booter.ForkedBooter.main(ForkedBooter.java:451)
Caused by: org.apache.derby.shared.common.error.DerbySQLIntegrityConstraintViolationException: DELETE on table 'DBS' caused a violation of foreign key constraint 'TBLS_FK1' for key (3).  The statement has been rolled back.
	at org.apache.derby.impl.jdbc.SQLExceptionFactory.getSQLException(Unknown Source)
	at org.apache.derby.impl.jdbc.Util.generateCsSQLException(Unknown Source)
	at org.apache.derby.impl.jdbc.TransactionResourceImpl.wrapInSQLException(Unknown Source)
	at org.apache.derby.impl.jdbc.TransactionResourceImpl.handleException(Unknown Source)
	at org.apache.derby.impl.jdbc.EmbedConnection.handleException(Unknown Source)
	at org.apache.derby.impl.jdbc.ConnectionChild.handleException(Unknown Source)
	at org.apache.derby.impl.jdbc.EmbedStatement.executeStatement(Unknown Source)
	at org.apache.derby.impl.jdbc.EmbedPreparedStatement.executeBatchElement(Unknown Source)
	... 95 more
Caused by: ERROR 23503: DELETE on table 'DBS' caused a violation of foreign key constraint 'TBLS_FK1' for key (3).  The statement has been rolled back.
	at org.apache.derby.iapi.error.StandardException.newException(Unknown Source)
	at org.apache.derby.iapi.error.StandardException.newException(Unknown Source)
	at org.apache.derby.impl.sql.execute.ReferencedKeyRIChecker.doCheck(Unknown Source)
	at org.apache.derby.impl.sql.execute.RISetChecker.doPKCheck(Unknown Source)
	at org.apache.derby.impl.sql.execute.DeleteResultSet.collectAffectedRows(Unknown Source)
	at org.apache.derby.impl.sql.execute.DeleteResultSet.open(Unknown Source)
	at org.apache.derby.impl.sql.GenericPreparedStatement.executeStmt(Unknown Source)
	at org.apache.derby.impl.sql.GenericPreparedStatement.execute(Unknown Source)
	... 97 more

2024-04-24T11:27:42,968  INFO [main] HiveMetaStore.audit: ugi=alex	ip=unknown-ip-addr	cmd=drop_database: @hive#junit_specific_db	
2024-04-24T11:27:42,973  INFO [main] HiveMetaStore.audit: ugi=alex	ip=unknown-ip-addr	cmd=get_all_tables: db=@hive#junit_specific_db	
2024-04-24T11:27:42,974  INFO [main] HiveMetaStore.audit: ugi=alex	ip=unknown-ip-addr	cmd=get_functions: db=@hive#junit_specific_db pat=*	
2024-04-24T11:27:42,976  INFO [main] HiveMetaStore.audit: ugi=alex	ip=unknown-ip-addr	cmd=get_all_stored_procedures	
2024-04-24T11:27:42,977  INFO [main] HiveMetaStore.audit: ugi=alex	ip=unknown-ip-addr	cmd=get_all_packages	
2024-04-24T11:27:42,978  INFO [main] HiveMetaStore.audit: ugi=alex	ip=unknown-ip-addr	cmd=getTablesByTypeCore: catName=hive: db=junit_specific_db pat=.*,type=MATERIALIZED_VIEW	
2024-04-24T11:27:42,983  INFO [main] metastore.ObjectStore: Dropping database hive.junit_specific_db along with all tables
2024-04-24T11:27:42,990  INFO [main] txn.TxnHandler: Non-retryable error in cleanupRecords : Table/View 'TXN_COMPONENTS' does not exist. (SQLState=42X05, ErrorCode=20000)
2024-04-24T11:27:42,990  WARN [main] txn.TxnHandler: Cannot perform cleanup since metastore table does not exist
2024-04-24T11:27:42,992 ERROR [main] metastore.RetryingHMSHandler: Retrying HMSHandler after 2000 ms (attempt 5 of 10) with error: javax.jdo.JDODataStoreException: Exception thrown flushing changes to datastore
	at org.datanucleus.api.jdo.NucleusJDOHelper.getJDOExceptionForNucleusException(NucleusJDOHelper.java:542)
	at org.datanucleus.api.jdo.JDOTransaction.commit(JDOTransaction.java:162)
	at org.apache.hadoop.hive.metastore.ObjectStore.commitTransaction(ObjectStore.java:615)
	at sun.reflect.GeneratedMethodAccessor31.invoke(Unknown Source)
	at sun.reflect.DelegatingMethodAccessorImpl.invoke(DelegatingMethodAccessorImpl.java:43)
	at java.lang.reflect.Method.invoke(Method.java:498)
	at org.apache.hadoop.hive.metastore.RawStoreProxy.invoke(RawStoreProxy.java:97)
	at com.sun.proxy.$Proxy32.commitTransaction(Unknown Source)
	at org.apache.hadoop.hive.metastore.HMSHandler.drop_database_core(HMSHandler.java:1790)
	at org.apache.hadoop.hive.metastore.HMSHandler.drop_database(HMSHandler.java:1869)
	at sun.reflect.GeneratedMethodAccessor54.invoke(Unknown Source)
	at sun.reflect.DelegatingMethodAccessorImpl.invoke(DelegatingMethodAccessorImpl.java:43)
	at java.lang.reflect.Method.invoke(Method.java:498)
	at org.apache.hadoop.hive.metastore.RetryingHMSHandler.invokeInternal(RetryingHMSHandler.java:147)
	at org.apache.hadoop.hive.metastore.RetryingHMSHandler.invoke(RetryingHMSHandler.java:108)
	at com.sun.proxy.$Proxy35.drop_database(Unknown Source)
	at org.apache.hadoop.hive.metastore.HiveMetaStoreClient.dropDatabaseCascadePerDb(HiveMetaStoreClient.java:1601)
	at org.apache.hadoop.hive.metastore.HiveMetaStoreClient.dropDatabase(HiveMetaStoreClient.java:1532)
	at org.apache.hadoop.hive.metastore.HiveMetaStoreClient.dropDatabase(HiveMetaStoreClient.java:1485)
	at sun.reflect.NativeMethodAccessorImpl.invoke0(Native Method)
	at sun.reflect.NativeMethodAccessorImpl.invoke(NativeMethodAccessorImpl.java:62)
	at sun.reflect.DelegatingMethodAccessorImpl.invoke(DelegatingMethodAccessorImpl.java:43)
	at java.lang.reflect.Method.invoke(Method.java:498)
	at org.apache.hadoop.hive.metastore.RetryingMetaStoreClient.invoke(RetryingMetaStoreClient.java:218)
	at com.sun.proxy.$Proxy45.dropDatabase(Unknown Source)
	at org.apache.hadoop.hive.ql.metadata.Hive.dropDatabase(Hive.java:662)
	at org.apache.hadoop.hive.ql.ddl.database.drop.DropDatabaseOperation.execute(DropDatabaseOperation.java:52)
	at org.apache.hadoop.hive.ql.ddl.DDLTask.execute(DDLTask.java:84)
	at org.apache.hadoop.hive.ql.exec.Task.executeTask(Task.java:212)
	at org.apache.hadoop.hive.ql.exec.TaskRunner.runSequential(TaskRunner.java:105)
	at org.apache.hadoop.hive.ql.Executor.launchTask(Executor.java:361)
	at org.apache.hadoop.hive.ql.Executor.launchTasks(Executor.java:334)
	at org.apache.hadoop.hive.ql.Executor.runTasks(Executor.java:245)
	at org.apache.hadoop.hive.ql.Executor.execute(Executor.java:108)
	at org.apache.hadoop.hive.ql.Driver.execute(Driver.java:348)
	at org.apache.hadoop.hive.ql.Driver.runInternal(Driver.java:204)
	at org.apache.hadoop.hive.ql.Driver.run(Driver.java:153)
	at org.apache.hadoop.hive.ql.Driver.run(Driver.java:148)
	at org.apache.hadoop.hive.ql.reexec.ReExecDriver.run(ReExecDriver.java:164)
	at org.apache.hadoop.hive.ql.reexec.ReExecDriver.run(ReExecDriver.java:230)
	at org.apache.hive.hcatalog.pig.AbstractHCatLoaderTest.executeStatementOnDriver(AbstractHCatLoaderTest.java:151)
	at org.apache.hive.hcatalog.pig.AbstractHCatLoaderTest.tearDown(AbstractHCatLoaderTest.java:239)
	at sun.reflect.NativeMethodAccessorImpl.invoke0(Native Method)
	at sun.reflect.NativeMethodAccessorImpl.invoke(NativeMethodAccessorImpl.java:62)
	at sun.reflect.DelegatingMethodAccessorImpl.invoke(DelegatingMethodAccessorImpl.java:43)
	at java.lang.reflect.Method.invoke(Method.java:498)
	at org.junit.runners.model.FrameworkMethod$1.runReflectiveCall(FrameworkMethod.java:59)
	at org.junit.internal.runners.model.ReflectiveCallable.run(ReflectiveCallable.java:12)
	at org.junit.runners.model.FrameworkMethod.invokeExplosively(FrameworkMethod.java:56)
	at org.junit.internal.runners.statements.RunAfters.invokeMethod(RunAfters.java:46)
	at org.junit.internal.runners.statements.RunAfters.evaluate(RunAfters.java:33)
	at org.junit.runners.ParentRunner$3.evaluate(ParentRunner.java:306)
	at org.junit.runners.BlockJUnit4ClassRunner$1.evaluate(BlockJUnit4ClassRunner.java:100)
	at org.junit.runners.ParentRunner.runLeaf(ParentRunner.java:366)
	at org.junit.runners.BlockJUnit4ClassRunner.runChild(BlockJUnit4ClassRunner.java:103)
	at org.junit.runners.BlockJUnit4ClassRunner.runChild(BlockJUnit4ClassRunner.java:63)
	at org.junit.runners.ParentRunner$4.run(ParentRunner.java:331)
	at org.junit.runners.ParentRunner$1.schedule(ParentRunner.java:79)
	at org.junit.runners.ParentRunner.runChildren(ParentRunner.java:329)
	at org.junit.runners.ParentRunner.access$100(ParentRunner.java:66)
	at org.junit.runners.ParentRunner$2.evaluate(ParentRunner.java:293)
	at org.junit.internal.runners.statements.RunBefores.evaluate(RunBefores.java:26)
	at org.junit.runners.ParentRunner$3.evaluate(ParentRunner.java:306)
	at org.junit.runners.ParentRunner.run(ParentRunner.java:413)
	at org.junit.runners.Suite.runChild(Suite.java:128)
	at org.junit.runners.Suite.runChild(Suite.java:27)
	at org.junit.runners.ParentRunner$4.run(ParentRunner.java:331)
	at org.junit.runners.ParentRunner$1.schedule(ParentRunner.java:79)
	at org.junit.runners.ParentRunner.runChildren(ParentRunner.java:329)
	at org.junit.runners.ParentRunner.access$100(ParentRunner.java:66)
	at org.junit.runners.ParentRunner$2.evaluate(ParentRunner.java:293)
	at org.junit.runners.ParentRunner$3.evaluate(ParentRunner.java:306)
	at org.junit.runners.ParentRunner.run(ParentRunner.java:413)
	at org.apache.maven.surefire.junitcore.JUnitCore.run(JUnitCore.java:55)
	at org.apache.maven.surefire.junitcore.JUnitCoreWrapper.createRequestAndRun(JUnitCoreWrapper.java:137)
	at org.apache.maven.surefire.junitcore.JUnitCoreWrapper.executeEager(JUnitCoreWrapper.java:107)
	at org.apache.maven.surefire.junitcore.JUnitCoreWrapper.execute(JUnitCoreWrapper.java:83)
	at org.apache.maven.surefire.junitcore.JUnitCoreWrapper.execute(JUnitCoreWrapper.java:75)
	at org.apache.maven.surefire.junitcore.JUnitCoreProvider.invoke(JUnitCoreProvider.java:158)
	at org.apache.maven.surefire.booter.ForkedBooter.runSuitesInProcess(ForkedBooter.java:377)
	at org.apache.maven.surefire.booter.ForkedBooter.execute(ForkedBooter.java:138)
	at org.apache.maven.surefire.booter.ForkedBooter.run(ForkedBooter.java:465)
	at org.apache.maven.surefire.booter.ForkedBooter.main(ForkedBooter.java:451)
NestedThrowablesStackTrace:
java.sql.BatchUpdateException: DELETE on table 'DBS' caused a violation of foreign key constraint 'TBLS_FK1' for key (3).  The statement has been rolled back.
	at org.apache.derby.impl.jdbc.EmbedStatement.executeLargeBatch(Unknown Source)
	at org.apache.derby.impl.jdbc.EmbedStatement.executeBatch(Unknown Source)
	at com.zaxxer.hikari.pool.ProxyStatement.executeBatch(ProxyStatement.java:128)
	at com.zaxxer.hikari.pool.HikariProxyPreparedStatement.executeBatch(HikariProxyPreparedStatement.java)
	at org.datanucleus.store.rdbms.ParamLoggingPreparedStatement.executeBatch(ParamLoggingPreparedStatement.java:366)
	at org.datanucleus.store.rdbms.SQLController.processConnectionStatement(SQLController.java:675)
	at org.datanucleus.store.rdbms.SQLController.processStatementsForConnection(SQLController.java:643)
	at org.datanucleus.store.rdbms.SQLController$1.transactionFlushed(SQLController.java:729)
	at org.datanucleus.store.connection.AbstractManagedConnection.transactionFlushed(AbstractManagedConnection.java:95)
	at org.datanucleus.store.connection.ConnectionManagerImpl$2.transactionFlushed(ConnectionManagerImpl.java:528)
	at org.datanucleus.TransactionImpl.flush(TransactionImpl.java:222)
	at org.datanucleus.TransactionImpl.commit(TransactionImpl.java:286)
	at org.datanucleus.api.jdo.JDOTransaction.commit(JDOTransaction.java:99)
	at org.apache.hadoop.hive.metastore.ObjectStore.commitTransaction(ObjectStore.java:615)
	at sun.reflect.GeneratedMethodAccessor31.invoke(Unknown Source)
	at sun.reflect.DelegatingMethodAccessorImpl.invoke(DelegatingMethodAccessorImpl.java:43)
	at java.lang.reflect.Method.invoke(Method.java:498)
	at org.apache.hadoop.hive.metastore.RawStoreProxy.invoke(RawStoreProxy.java:97)
	at com.sun.proxy.$Proxy32.commitTransaction(Unknown Source)
	at org.apache.hadoop.hive.metastore.HMSHandler.drop_database_core(HMSHandler.java:1790)
	at org.apache.hadoop.hive.metastore.HMSHandler.drop_database(HMSHandler.java:1869)
	at sun.reflect.GeneratedMethodAccessor54.invoke(Unknown Source)
	at sun.reflect.DelegatingMethodAccessorImpl.invoke(DelegatingMethodAccessorImpl.java:43)
	at java.lang.reflect.Method.invoke(Method.java:498)
	at org.apache.hadoop.hive.metastore.RetryingHMSHandler.invokeInternal(RetryingHMSHandler.java:147)
	at org.apache.hadoop.hive.metastore.RetryingHMSHandler.invoke(RetryingHMSHandler.java:108)
	at com.sun.proxy.$Proxy35.drop_database(Unknown Source)
	at org.apache.hadoop.hive.metastore.HiveMetaStoreClient.dropDatabaseCascadePerDb(HiveMetaStoreClient.java:1601)
	at org.apache.hadoop.hive.metastore.HiveMetaStoreClient.dropDatabase(HiveMetaStoreClient.java:1532)
	at org.apache.hadoop.hive.metastore.HiveMetaStoreClient.dropDatabase(HiveMetaStoreClient.java:1485)
	at sun.reflect.NativeMethodAccessorImpl.invoke0(Native Method)
	at sun.reflect.NativeMethodAccessorImpl.invoke(NativeMethodAccessorImpl.java:62)
	at sun.reflect.DelegatingMethodAccessorImpl.invoke(DelegatingMethodAccessorImpl.java:43)
	at java.lang.reflect.Method.invoke(Method.java:498)
	at org.apache.hadoop.hive.metastore.RetryingMetaStoreClient.invoke(RetryingMetaStoreClient.java:218)
	at com.sun.proxy.$Proxy45.dropDatabase(Unknown Source)
	at org.apache.hadoop.hive.ql.metadata.Hive.dropDatabase(Hive.java:662)
	at org.apache.hadoop.hive.ql.ddl.database.drop.DropDatabaseOperation.execute(DropDatabaseOperation.java:52)
	at org.apache.hadoop.hive.ql.ddl.DDLTask.execute(DDLTask.java:84)
	at org.apache.hadoop.hive.ql.exec.Task.executeTask(Task.java:212)
	at org.apache.hadoop.hive.ql.exec.TaskRunner.runSequential(TaskRunner.java:105)
	at org.apache.hadoop.hive.ql.Executor.launchTask(Executor.java:361)
	at org.apache.hadoop.hive.ql.Executor.launchTasks(Executor.java:334)
	at org.apache.hadoop.hive.ql.Executor.runTasks(Executor.java:245)
	at org.apache.hadoop.hive.ql.Executor.execute(Executor.java:108)
	at org.apache.hadoop.hive.ql.Driver.execute(Driver.java:348)
	at org.apache.hadoop.hive.ql.Driver.runInternal(Driver.java:204)
	at org.apache.hadoop.hive.ql.Driver.run(Driver.java:153)
	at org.apache.hadoop.hive.ql.Driver.run(Driver.java:148)
	at org.apache.hadoop.hive.ql.reexec.ReExecDriver.run(ReExecDriver.java:164)
	at org.apache.hadoop.hive.ql.reexec.ReExecDriver.run(ReExecDriver.java:230)
	at org.apache.hive.hcatalog.pig.AbstractHCatLoaderTest.executeStatementOnDriver(AbstractHCatLoaderTest.java:151)
	at org.apache.hive.hcatalog.pig.AbstractHCatLoaderTest.tearDown(AbstractHCatLoaderTest.java:239)
	at sun.reflect.NativeMethodAccessorImpl.invoke0(Native Method)
	at sun.reflect.NativeMethodAccessorImpl.invoke(NativeMethodAccessorImpl.java:62)
	at sun.reflect.DelegatingMethodAccessorImpl.invoke(DelegatingMethodAccessorImpl.java:43)
	at java.lang.reflect.Method.invoke(Method.java:498)
	at org.junit.runners.model.FrameworkMethod$1.runReflectiveCall(FrameworkMethod.java:59)
	at org.junit.internal.runners.model.ReflectiveCallable.run(ReflectiveCallable.java:12)
	at org.junit.runners.model.FrameworkMethod.invokeExplosively(FrameworkMethod.java:56)
	at org.junit.internal.runners.statements.RunAfters.invokeMethod(RunAfters.java:46)
	at org.junit.internal.runners.statements.RunAfters.evaluate(RunAfters.java:33)
	at org.junit.runners.ParentRunner$3.evaluate(ParentRunner.java:306)
	at org.junit.runners.BlockJUnit4ClassRunner$1.evaluate(BlockJUnit4ClassRunner.java:100)
	at org.junit.runners.ParentRunner.runLeaf(ParentRunner.java:366)
	at org.junit.runners.BlockJUnit4ClassRunner.runChild(BlockJUnit4ClassRunner.java:103)
	at org.junit.runners.BlockJUnit4ClassRunner.runChild(BlockJUnit4ClassRunner.java:63)
	at org.junit.runners.ParentRunner$4.run(ParentRunner.java:331)
	at org.junit.runners.ParentRunner$1.schedule(ParentRunner.java:79)
	at org.junit.runners.ParentRunner.runChildren(ParentRunner.java:329)
	at org.junit.runners.ParentRunner.access$100(ParentRunner.java:66)
	at org.junit.runners.ParentRunner$2.evaluate(ParentRunner.java:293)
	at org.junit.internal.runners.statements.RunBefores.evaluate(RunBefores.java:26)
	at org.junit.runners.ParentRunner$3.evaluate(ParentRunner.java:306)
	at org.junit.runners.ParentRunner.run(ParentRunner.java:413)
	at org.junit.runners.Suite.runChild(Suite.java:128)
	at org.junit.runners.Suite.runChild(Suite.java:27)
	at org.junit.runners.ParentRunner$4.run(ParentRunner.java:331)
	at org.junit.runners.ParentRunner$1.schedule(ParentRunner.java:79)
	at org.junit.runners.ParentRunner.runChildren(ParentRunner.java:329)
	at org.junit.runners.ParentRunner.access$100(ParentRunner.java:66)
	at org.junit.runners.ParentRunner$2.evaluate(ParentRunner.java:293)
	at org.junit.runners.ParentRunner$3.evaluate(ParentRunner.java:306)
	at org.junit.runners.ParentRunner.run(ParentRunner.java:413)
	at org.apache.maven.surefire.junitcore.JUnitCore.run(JUnitCore.java:55)
	at org.apache.maven.surefire.junitcore.JUnitCoreWrapper.createRequestAndRun(JUnitCoreWrapper.java:137)
	at org.apache.maven.surefire.junitcore.JUnitCoreWrapper.executeEager(JUnitCoreWrapper.java:107)
	at org.apache.maven.surefire.junitcore.JUnitCoreWrapper.execute(JUnitCoreWrapper.java:83)
	at org.apache.maven.surefire.junitcore.JUnitCoreWrapper.execute(JUnitCoreWrapper.java:75)
	at org.apache.maven.surefire.junitcore.JUnitCoreProvider.invoke(JUnitCoreProvider.java:158)
	at org.apache.maven.surefire.booter.ForkedBooter.runSuitesInProcess(ForkedBooter.java:377)
	at org.apache.maven.surefire.booter.ForkedBooter.execute(ForkedBooter.java:138)
	at org.apache.maven.surefire.booter.ForkedBooter.run(ForkedBooter.java:465)
	at org.apache.maven.surefire.booter.ForkedBooter.main(ForkedBooter.java:451)
Caused by: org.apache.derby.shared.common.error.DerbySQLIntegrityConstraintViolationException: DELETE on table 'DBS' caused a violation of foreign key constraint 'TBLS_FK1' for key (3).  The statement has been rolled back.
	at org.apache.derby.impl.jdbc.SQLExceptionFactory.getSQLException(Unknown Source)
	at org.apache.derby.impl.jdbc.Util.generateCsSQLException(Unknown Source)
	at org.apache.derby.impl.jdbc.TransactionResourceImpl.wrapInSQLException(Unknown Source)
	at org.apache.derby.impl.jdbc.TransactionResourceImpl.handleException(Unknown Source)
	at org.apache.derby.impl.jdbc.EmbedConnection.handleException(Unknown Source)
	at org.apache.derby.impl.jdbc.ConnectionChild.handleException(Unknown Source)
	at org.apache.derby.impl.jdbc.EmbedStatement.executeStatement(Unknown Source)
	at org.apache.derby.impl.jdbc.EmbedPreparedStatement.executeBatchElement(Unknown Source)
	... 94 more
Caused by: ERROR 23503: DELETE on table 'DBS' caused a violation of foreign key constraint 'TBLS_FK1' for key (3).  The statement has been rolled back.
	at org.apache.derby.iapi.error.StandardException.newException(Unknown Source)
	at org.apache.derby.iapi.error.StandardException.newException(Unknown Source)
	at org.apache.derby.impl.sql.execute.ReferencedKeyRIChecker.doCheck(Unknown Source)
	at org.apache.derby.impl.sql.execute.RISetChecker.doPKCheck(Unknown Source)
	at org.apache.derby.impl.sql.execute.DeleteResultSet.collectAffectedRows(Unknown Source)
	at org.apache.derby.impl.sql.execute.DeleteResultSet.open(Unknown Source)
	at org.apache.derby.impl.sql.GenericPreparedStatement.executeStmt(Unknown Source)
	at org.apache.derby.impl.sql.GenericPreparedStatement.execute(Unknown Source)
	... 96 more

2024-04-24T11:27:44,993  INFO [main] HiveMetaStore.audit: ugi=alex	ip=unknown-ip-addr	cmd=drop_database: @hive#junit_specific_db	
2024-04-24T11:27:44,998  INFO [main] HiveMetaStore.audit: ugi=alex	ip=unknown-ip-addr	cmd=get_all_tables: db=@hive#junit_specific_db	
2024-04-24T11:27:44,999  INFO [main] HiveMetaStore.audit: ugi=alex	ip=unknown-ip-addr	cmd=get_functions: db=@hive#junit_specific_db pat=*	
2024-04-24T11:27:45,000  INFO [main] HiveMetaStore.audit: ugi=alex	ip=unknown-ip-addr	cmd=get_all_stored_procedures	
2024-04-24T11:27:45,002  INFO [main] HiveMetaStore.audit: ugi=alex	ip=unknown-ip-addr	cmd=get_all_packages	
2024-04-24T11:27:45,003  INFO [main] HiveMetaStore.audit: ugi=alex	ip=unknown-ip-addr	cmd=getTablesByTypeCore: catName=hive: db=junit_specific_db pat=.*,type=MATERIALIZED_VIEW	
2024-04-24T11:27:45,007  INFO [main] metastore.ObjectStore: Dropping database hive.junit_specific_db along with all tables
2024-04-24T11:27:45,014  INFO [main] txn.TxnHandler: Non-retryable error in cleanupRecords : Table/View 'TXN_COMPONENTS' does not exist. (SQLState=42X05, ErrorCode=20000)
2024-04-24T11:27:45,014  WARN [main] txn.TxnHandler: Cannot perform cleanup since metastore table does not exist
2024-04-24T11:27:45,016 ERROR [main] metastore.RetryingHMSHandler: Retrying HMSHandler after 2000 ms (attempt 6 of 10) with error: javax.jdo.JDODataStoreException: Exception thrown flushing changes to datastore
	at org.datanucleus.api.jdo.NucleusJDOHelper.getJDOExceptionForNucleusException(NucleusJDOHelper.java:542)
	at org.datanucleus.api.jdo.JDOTransaction.commit(JDOTransaction.java:162)
	at org.apache.hadoop.hive.metastore.ObjectStore.commitTransaction(ObjectStore.java:615)
	at sun.reflect.GeneratedMethodAccessor31.invoke(Unknown Source)
	at sun.reflect.DelegatingMethodAccessorImpl.invoke(DelegatingMethodAccessorImpl.java:43)
	at java.lang.reflect.Method.invoke(Method.java:498)
	at org.apache.hadoop.hive.metastore.RawStoreProxy.invoke(RawStoreProxy.java:97)
	at com.sun.proxy.$Proxy32.commitTransaction(Unknown Source)
	at org.apache.hadoop.hive.metastore.HMSHandler.drop_database_core(HMSHandler.java:1790)
	at org.apache.hadoop.hive.metastore.HMSHandler.drop_database(HMSHandler.java:1869)
	at sun.reflect.GeneratedMethodAccessor54.invoke(Unknown Source)
	at sun.reflect.DelegatingMethodAccessorImpl.invoke(DelegatingMethodAccessorImpl.java:43)
	at java.lang.reflect.Method.invoke(Method.java:498)
	at org.apache.hadoop.hive.metastore.RetryingHMSHandler.invokeInternal(RetryingHMSHandler.java:147)
	at org.apache.hadoop.hive.metastore.RetryingHMSHandler.invoke(RetryingHMSHandler.java:108)
	at com.sun.proxy.$Proxy35.drop_database(Unknown Source)
	at org.apache.hadoop.hive.metastore.HiveMetaStoreClient.dropDatabaseCascadePerDb(HiveMetaStoreClient.java:1601)
	at org.apache.hadoop.hive.metastore.HiveMetaStoreClient.dropDatabase(HiveMetaStoreClient.java:1532)
	at org.apache.hadoop.hive.metastore.HiveMetaStoreClient.dropDatabase(HiveMetaStoreClient.java:1485)
	at sun.reflect.NativeMethodAccessorImpl.invoke0(Native Method)
	at sun.reflect.NativeMethodAccessorImpl.invoke(NativeMethodAccessorImpl.java:62)
	at sun.reflect.DelegatingMethodAccessorImpl.invoke(DelegatingMethodAccessorImpl.java:43)
	at java.lang.reflect.Method.invoke(Method.java:498)
	at org.apache.hadoop.hive.metastore.RetryingMetaStoreClient.invoke(RetryingMetaStoreClient.java:218)
	at com.sun.proxy.$Proxy45.dropDatabase(Unknown Source)
	at org.apache.hadoop.hive.ql.metadata.Hive.dropDatabase(Hive.java:662)
	at org.apache.hadoop.hive.ql.ddl.database.drop.DropDatabaseOperation.execute(DropDatabaseOperation.java:52)
	at org.apache.hadoop.hive.ql.ddl.DDLTask.execute(DDLTask.java:84)
	at org.apache.hadoop.hive.ql.exec.Task.executeTask(Task.java:212)
	at org.apache.hadoop.hive.ql.exec.TaskRunner.runSequential(TaskRunner.java:105)
	at org.apache.hadoop.hive.ql.Executor.launchTask(Executor.java:361)
	at org.apache.hadoop.hive.ql.Executor.launchTasks(Executor.java:334)
	at org.apache.hadoop.hive.ql.Executor.runTasks(Executor.java:245)
	at org.apache.hadoop.hive.ql.Executor.execute(Executor.java:108)
	at org.apache.hadoop.hive.ql.Driver.execute(Driver.java:348)
	at org.apache.hadoop.hive.ql.Driver.runInternal(Driver.java:204)
	at org.apache.hadoop.hive.ql.Driver.run(Driver.java:153)
	at org.apache.hadoop.hive.ql.Driver.run(Driver.java:148)
	at org.apache.hadoop.hive.ql.reexec.ReExecDriver.run(ReExecDriver.java:164)
	at org.apache.hadoop.hive.ql.reexec.ReExecDriver.run(ReExecDriver.java:230)
	at org.apache.hive.hcatalog.pig.AbstractHCatLoaderTest.executeStatementOnDriver(AbstractHCatLoaderTest.java:151)
	at org.apache.hive.hcatalog.pig.AbstractHCatLoaderTest.tearDown(AbstractHCatLoaderTest.java:239)
	at sun.reflect.NativeMethodAccessorImpl.invoke0(Native Method)
	at sun.reflect.NativeMethodAccessorImpl.invoke(NativeMethodAccessorImpl.java:62)
	at sun.reflect.DelegatingMethodAccessorImpl.invoke(DelegatingMethodAccessorImpl.java:43)
	at java.lang.reflect.Method.invoke(Method.java:498)
	at org.junit.runners.model.FrameworkMethod$1.runReflectiveCall(FrameworkMethod.java:59)
	at org.junit.internal.runners.model.ReflectiveCallable.run(ReflectiveCallable.java:12)
	at org.junit.runners.model.FrameworkMethod.invokeExplosively(FrameworkMethod.java:56)
	at org.junit.internal.runners.statements.RunAfters.invokeMethod(RunAfters.java:46)
	at org.junit.internal.runners.statements.RunAfters.evaluate(RunAfters.java:33)
	at org.junit.runners.ParentRunner$3.evaluate(ParentRunner.java:306)
	at org.junit.runners.BlockJUnit4ClassRunner$1.evaluate(BlockJUnit4ClassRunner.java:100)
	at org.junit.runners.ParentRunner.runLeaf(ParentRunner.java:366)
	at org.junit.runners.BlockJUnit4ClassRunner.runChild(BlockJUnit4ClassRunner.java:103)
	at org.junit.runners.BlockJUnit4ClassRunner.runChild(BlockJUnit4ClassRunner.java:63)
	at org.junit.runners.ParentRunner$4.run(ParentRunner.java:331)
	at org.junit.runners.ParentRunner$1.schedule(ParentRunner.java:79)
	at org.junit.runners.ParentRunner.runChildren(ParentRunner.java:329)
	at org.junit.runners.ParentRunner.access$100(ParentRunner.java:66)
	at org.junit.runners.ParentRunner$2.evaluate(ParentRunner.java:293)
	at org.junit.internal.runners.statements.RunBefores.evaluate(RunBefores.java:26)
	at org.junit.runners.ParentRunner$3.evaluate(ParentRunner.java:306)
	at org.junit.runners.ParentRunner.run(ParentRunner.java:413)
	at org.junit.runners.Suite.runChild(Suite.java:128)
	at org.junit.runners.Suite.runChild(Suite.java:27)
	at org.junit.runners.ParentRunner$4.run(ParentRunner.java:331)
	at org.junit.runners.ParentRunner$1.schedule(ParentRunner.java:79)
	at org.junit.runners.ParentRunner.runChildren(ParentRunner.java:329)
	at org.junit.runners.ParentRunner.access$100(ParentRunner.java:66)
	at org.junit.runners.ParentRunner$2.evaluate(ParentRunner.java:293)
	at org.junit.runners.ParentRunner$3.evaluate(ParentRunner.java:306)
	at org.junit.runners.ParentRunner.run(ParentRunner.java:413)
	at org.apache.maven.surefire.junitcore.JUnitCore.run(JUnitCore.java:55)
	at org.apache.maven.surefire.junitcore.JUnitCoreWrapper.createRequestAndRun(JUnitCoreWrapper.java:137)
	at org.apache.maven.surefire.junitcore.JUnitCoreWrapper.executeEager(JUnitCoreWrapper.java:107)
	at org.apache.maven.surefire.junitcore.JUnitCoreWrapper.execute(JUnitCoreWrapper.java:83)
	at org.apache.maven.surefire.junitcore.JUnitCoreWrapper.execute(JUnitCoreWrapper.java:75)
	at org.apache.maven.surefire.junitcore.JUnitCoreProvider.invoke(JUnitCoreProvider.java:158)
	at org.apache.maven.surefire.booter.ForkedBooter.runSuitesInProcess(ForkedBooter.java:377)
	at org.apache.maven.surefire.booter.ForkedBooter.execute(ForkedBooter.java:138)
	at org.apache.maven.surefire.booter.ForkedBooter.run(ForkedBooter.java:465)
	at org.apache.maven.surefire.booter.ForkedBooter.main(ForkedBooter.java:451)
NestedThrowablesStackTrace:
java.sql.BatchUpdateException: DELETE on table 'DBS' caused a violation of foreign key constraint 'TBLS_FK1' for key (3).  The statement has been rolled back.
	at org.apache.derby.impl.jdbc.EmbedStatement.executeLargeBatch(Unknown Source)
	at org.apache.derby.impl.jdbc.EmbedStatement.executeBatch(Unknown Source)
	at com.zaxxer.hikari.pool.ProxyStatement.executeBatch(ProxyStatement.java:128)
	at com.zaxxer.hikari.pool.HikariProxyPreparedStatement.executeBatch(HikariProxyPreparedStatement.java)
	at org.datanucleus.store.rdbms.ParamLoggingPreparedStatement.executeBatch(ParamLoggingPreparedStatement.java:366)
	at org.datanucleus.store.rdbms.SQLController.processConnectionStatement(SQLController.java:675)
	at org.datanucleus.store.rdbms.SQLController.processStatementsForConnection(SQLController.java:643)
	at org.datanucleus.store.rdbms.SQLController$1.transactionFlushed(SQLController.java:729)
	at org.datanucleus.store.connection.AbstractManagedConnection.transactionFlushed(AbstractManagedConnection.java:95)
	at org.datanucleus.store.connection.ConnectionManagerImpl$2.transactionFlushed(ConnectionManagerImpl.java:528)
	at org.datanucleus.TransactionImpl.flush(TransactionImpl.java:222)
	at org.datanucleus.TransactionImpl.commit(TransactionImpl.java:286)
	at org.datanucleus.api.jdo.JDOTransaction.commit(JDOTransaction.java:99)
	at org.apache.hadoop.hive.metastore.ObjectStore.commitTransaction(ObjectStore.java:615)
	at sun.reflect.GeneratedMethodAccessor31.invoke(Unknown Source)
	at sun.reflect.DelegatingMethodAccessorImpl.invoke(DelegatingMethodAccessorImpl.java:43)
	at java.lang.reflect.Method.invoke(Method.java:498)
	at org.apache.hadoop.hive.metastore.RawStoreProxy.invoke(RawStoreProxy.java:97)
	at com.sun.proxy.$Proxy32.commitTransaction(Unknown Source)
	at org.apache.hadoop.hive.metastore.HMSHandler.drop_database_core(HMSHandler.java:1790)
	at org.apache.hadoop.hive.metastore.HMSHandler.drop_database(HMSHandler.java:1869)
	at sun.reflect.GeneratedMethodAccessor54.invoke(Unknown Source)
	at sun.reflect.DelegatingMethodAccessorImpl.invoke(DelegatingMethodAccessorImpl.java:43)
	at java.lang.reflect.Method.invoke(Method.java:498)
	at org.apache.hadoop.hive.metastore.RetryingHMSHandler.invokeInternal(RetryingHMSHandler.java:147)
	at org.apache.hadoop.hive.metastore.RetryingHMSHandler.invoke(RetryingHMSHandler.java:108)
	at com.sun.proxy.$Proxy35.drop_database(Unknown Source)
	at org.apache.hadoop.hive.metastore.HiveMetaStoreClient.dropDatabaseCascadePerDb(HiveMetaStoreClient.java:1601)
	at org.apache.hadoop.hive.metastore.HiveMetaStoreClient.dropDatabase(HiveMetaStoreClient.java:1532)
	at org.apache.hadoop.hive.metastore.HiveMetaStoreClient.dropDatabase(HiveMetaStoreClient.java:1485)
	at sun.reflect.NativeMethodAccessorImpl.invoke0(Native Method)
	at sun.reflect.NativeMethodAccessorImpl.invoke(NativeMethodAccessorImpl.java:62)
	at sun.reflect.DelegatingMethodAccessorImpl.invoke(DelegatingMethodAccessorImpl.java:43)
	at java.lang.reflect.Method.invoke(Method.java:498)
	at org.apache.hadoop.hive.metastore.RetryingMetaStoreClient.invoke(RetryingMetaStoreClient.java:218)
	at com.sun.proxy.$Proxy45.dropDatabase(Unknown Source)
	at org.apache.hadoop.hive.ql.metadata.Hive.dropDatabase(Hive.java:662)
	at org.apache.hadoop.hive.ql.ddl.database.drop.DropDatabaseOperation.execute(DropDatabaseOperation.java:52)
	at org.apache.hadoop.hive.ql.ddl.DDLTask.execute(DDLTask.java:84)
	at org.apache.hadoop.hive.ql.exec.Task.executeTask(Task.java:212)
	at org.apache.hadoop.hive.ql.exec.TaskRunner.runSequential(TaskRunner.java:105)
	at org.apache.hadoop.hive.ql.Executor.launchTask(Executor.java:361)
	at org.apache.hadoop.hive.ql.Executor.launchTasks(Executor.java:334)
	at org.apache.hadoop.hive.ql.Executor.runTasks(Executor.java:245)
	at org.apache.hadoop.hive.ql.Executor.execute(Executor.java:108)
	at org.apache.hadoop.hive.ql.Driver.execute(Driver.java:348)
	at org.apache.hadoop.hive.ql.Driver.runInternal(Driver.java:204)
	at org.apache.hadoop.hive.ql.Driver.run(Driver.java:153)
	at org.apache.hadoop.hive.ql.Driver.run(Driver.java:148)
	at org.apache.hadoop.hive.ql.reexec.ReExecDriver.run(ReExecDriver.java:164)
	at org.apache.hadoop.hive.ql.reexec.ReExecDriver.run(ReExecDriver.java:230)
	at org.apache.hive.hcatalog.pig.AbstractHCatLoaderTest.executeStatementOnDriver(AbstractHCatLoaderTest.java:151)
	at org.apache.hive.hcatalog.pig.AbstractHCatLoaderTest.tearDown(AbstractHCatLoaderTest.java:239)
	at sun.reflect.NativeMethodAccessorImpl.invoke0(Native Method)
	at sun.reflect.NativeMethodAccessorImpl.invoke(NativeMethodAccessorImpl.java:62)
	at sun.reflect.DelegatingMethodAccessorImpl.invoke(DelegatingMethodAccessorImpl.java:43)
	at java.lang.reflect.Method.invoke(Method.java:498)
	at org.junit.runners.model.FrameworkMethod$1.runReflectiveCall(FrameworkMethod.java:59)
	at org.junit.internal.runners.model.ReflectiveCallable.run(ReflectiveCallable.java:12)
	at org.junit.runners.model.FrameworkMethod.invokeExplosively(FrameworkMethod.java:56)
	at org.junit.internal.runners.statements.RunAfters.invokeMethod(RunAfters.java:46)
	at org.junit.internal.runners.statements.RunAfters.evaluate(RunAfters.java:33)
	at org.junit.runners.ParentRunner$3.evaluate(ParentRunner.java:306)
	at org.junit.runners.BlockJUnit4ClassRunner$1.evaluate(BlockJUnit4ClassRunner.java:100)
	at org.junit.runners.ParentRunner.runLeaf(ParentRunner.java:366)
	at org.junit.runners.BlockJUnit4ClassRunner.runChild(BlockJUnit4ClassRunner.java:103)
	at org.junit.runners.BlockJUnit4ClassRunner.runChild(BlockJUnit4ClassRunner.java:63)
	at org.junit.runners.ParentRunner$4.run(ParentRunner.java:331)
	at org.junit.runners.ParentRunner$1.schedule(ParentRunner.java:79)
	at org.junit.runners.ParentRunner.runChildren(ParentRunner.java:329)
	at org.junit.runners.ParentRunner.access$100(ParentRunner.java:66)
	at org.junit.runners.ParentRunner$2.evaluate(ParentRunner.java:293)
	at org.junit.internal.runners.statements.RunBefores.evaluate(RunBefores.java:26)
	at org.junit.runners.ParentRunner$3.evaluate(ParentRunner.java:306)
	at org.junit.runners.ParentRunner.run(ParentRunner.java:413)
	at org.junit.runners.Suite.runChild(Suite.java:128)
	at org.junit.runners.Suite.runChild(Suite.java:27)
	at org.junit.runners.ParentRunner$4.run(ParentRunner.java:331)
	at org.junit.runners.ParentRunner$1.schedule(ParentRunner.java:79)
	at org.junit.runners.ParentRunner.runChildren(ParentRunner.java:329)
	at org.junit.runners.ParentRunner.access$100(ParentRunner.java:66)
	at org.junit.runners.ParentRunner$2.evaluate(ParentRunner.java:293)
	at org.junit.runners.ParentRunner$3.evaluate(ParentRunner.java:306)
	at org.junit.runners.ParentRunner.run(ParentRunner.java:413)
	at org.apache.maven.surefire.junitcore.JUnitCore.run(JUnitCore.java:55)
	at org.apache.maven.surefire.junitcore.JUnitCoreWrapper.createRequestAndRun(JUnitCoreWrapper.java:137)
	at org.apache.maven.surefire.junitcore.JUnitCoreWrapper.executeEager(JUnitCoreWrapper.java:107)
	at org.apache.maven.surefire.junitcore.JUnitCoreWrapper.execute(JUnitCoreWrapper.java:83)
	at org.apache.maven.surefire.junitcore.JUnitCoreWrapper.execute(JUnitCoreWrapper.java:75)
	at org.apache.maven.surefire.junitcore.JUnitCoreProvider.invoke(JUnitCoreProvider.java:158)
	at org.apache.maven.surefire.booter.ForkedBooter.runSuitesInProcess(ForkedBooter.java:377)
	at org.apache.maven.surefire.booter.ForkedBooter.execute(ForkedBooter.java:138)
	at org.apache.maven.surefire.booter.ForkedBooter.run(ForkedBooter.java:465)
	at org.apache.maven.surefire.booter.ForkedBooter.main(ForkedBooter.java:451)
Caused by: org.apache.derby.shared.common.error.DerbySQLIntegrityConstraintViolationException: DELETE on table 'DBS' caused a violation of foreign key constraint 'TBLS_FK1' for key (3).  The statement has been rolled back.
	at org.apache.derby.impl.jdbc.SQLExceptionFactory.getSQLException(Unknown Source)
	at org.apache.derby.impl.jdbc.Util.generateCsSQLException(Unknown Source)
	at org.apache.derby.impl.jdbc.TransactionResourceImpl.wrapInSQLException(Unknown Source)
	at org.apache.derby.impl.jdbc.TransactionResourceImpl.handleException(Unknown Source)
	at org.apache.derby.impl.jdbc.EmbedConnection.handleException(Unknown Source)
	at org.apache.derby.impl.jdbc.ConnectionChild.handleException(Unknown Source)
	at org.apache.derby.impl.jdbc.EmbedStatement.executeStatement(Unknown Source)
	at org.apache.derby.impl.jdbc.EmbedPreparedStatement.executeBatchElement(Unknown Source)
	... 94 more
Caused by: ERROR 23503: DELETE on table 'DBS' caused a violation of foreign key constraint 'TBLS_FK1' for key (3).  The statement has been rolled back.
	at org.apache.derby.iapi.error.StandardException.newException(Unknown Source)
	at org.apache.derby.iapi.error.StandardException.newException(Unknown Source)
	at org.apache.derby.impl.sql.execute.ReferencedKeyRIChecker.doCheck(Unknown Source)
	at org.apache.derby.impl.sql.execute.RISetChecker.doPKCheck(Unknown Source)
	at org.apache.derby.impl.sql.execute.DeleteResultSet.collectAffectedRows(Unknown Source)
	at org.apache.derby.impl.sql.execute.DeleteResultSet.open(Unknown Source)
	at org.apache.derby.impl.sql.GenericPreparedStatement.executeStmt(Unknown Source)
	at org.apache.derby.impl.sql.GenericPreparedStatement.execute(Unknown Source)
	... 96 more

2024-04-24T11:27:47,017  INFO [main] HiveMetaStore.audit: ugi=alex	ip=unknown-ip-addr	cmd=drop_database: @hive#junit_specific_db	
2024-04-24T11:27:47,022  INFO [main] HiveMetaStore.audit: ugi=alex	ip=unknown-ip-addr	cmd=get_all_tables: db=@hive#junit_specific_db	
2024-04-24T11:27:47,022  INFO [main] HiveMetaStore.audit: ugi=alex	ip=unknown-ip-addr	cmd=get_functions: db=@hive#junit_specific_db pat=*	
2024-04-24T11:27:47,025  INFO [main] HiveMetaStore.audit: ugi=alex	ip=unknown-ip-addr	cmd=get_all_stored_procedures	
2024-04-24T11:27:47,027  INFO [main] HiveMetaStore.audit: ugi=alex	ip=unknown-ip-addr	cmd=get_all_packages	
2024-04-24T11:27:47,030  INFO [main] HiveMetaStore.audit: ugi=alex	ip=unknown-ip-addr	cmd=getTablesByTypeCore: catName=hive: db=junit_specific_db pat=.*,type=MATERIALIZED_VIEW	
2024-04-24T11:27:47,037  INFO [main] metastore.ObjectStore: Dropping database hive.junit_specific_db along with all tables
2024-04-24T11:27:47,048  INFO [main] txn.TxnHandler: Non-retryable error in cleanupRecords : Table/View 'TXN_COMPONENTS' does not exist. (SQLState=42X05, ErrorCode=20000)
2024-04-24T11:27:47,048  WARN [main] txn.TxnHandler: Cannot perform cleanup since metastore table does not exist
2024-04-24T11:27:47,051 ERROR [main] metastore.RetryingHMSHandler: Retrying HMSHandler after 2000 ms (attempt 7 of 10) with error: javax.jdo.JDODataStoreException: Exception thrown flushing changes to datastore
	at org.datanucleus.api.jdo.NucleusJDOHelper.getJDOExceptionForNucleusException(NucleusJDOHelper.java:542)
	at org.datanucleus.api.jdo.JDOTransaction.commit(JDOTransaction.java:162)
	at org.apache.hadoop.hive.metastore.ObjectStore.commitTransaction(ObjectStore.java:615)
	at sun.reflect.GeneratedMethodAccessor31.invoke(Unknown Source)
	at sun.reflect.DelegatingMethodAccessorImpl.invoke(DelegatingMethodAccessorImpl.java:43)
	at java.lang.reflect.Method.invoke(Method.java:498)
	at org.apache.hadoop.hive.metastore.RawStoreProxy.invoke(RawStoreProxy.java:97)
	at com.sun.proxy.$Proxy32.commitTransaction(Unknown Source)
	at org.apache.hadoop.hive.metastore.HMSHandler.drop_database_core(HMSHandler.java:1790)
	at org.apache.hadoop.hive.metastore.HMSHandler.drop_database(HMSHandler.java:1869)
	at sun.reflect.GeneratedMethodAccessor54.invoke(Unknown Source)
	at sun.reflect.DelegatingMethodAccessorImpl.invoke(DelegatingMethodAccessorImpl.java:43)
	at java.lang.reflect.Method.invoke(Method.java:498)
	at org.apache.hadoop.hive.metastore.RetryingHMSHandler.invokeInternal(RetryingHMSHandler.java:147)
	at org.apache.hadoop.hive.metastore.RetryingHMSHandler.invoke(RetryingHMSHandler.java:108)
	at com.sun.proxy.$Proxy35.drop_database(Unknown Source)
	at org.apache.hadoop.hive.metastore.HiveMetaStoreClient.dropDatabaseCascadePerDb(HiveMetaStoreClient.java:1601)
	at org.apache.hadoop.hive.metastore.HiveMetaStoreClient.dropDatabase(HiveMetaStoreClient.java:1532)
	at org.apache.hadoop.hive.metastore.HiveMetaStoreClient.dropDatabase(HiveMetaStoreClient.java:1485)
	at sun.reflect.NativeMethodAccessorImpl.invoke0(Native Method)
	at sun.reflect.NativeMethodAccessorImpl.invoke(NativeMethodAccessorImpl.java:62)
	at sun.reflect.DelegatingMethodAccessorImpl.invoke(DelegatingMethodAccessorImpl.java:43)
	at java.lang.reflect.Method.invoke(Method.java:498)
	at org.apache.hadoop.hive.metastore.RetryingMetaStoreClient.invoke(RetryingMetaStoreClient.java:218)
	at com.sun.proxy.$Proxy45.dropDatabase(Unknown Source)
	at org.apache.hadoop.hive.ql.metadata.Hive.dropDatabase(Hive.java:662)
	at org.apache.hadoop.hive.ql.ddl.database.drop.DropDatabaseOperation.execute(DropDatabaseOperation.java:52)
	at org.apache.hadoop.hive.ql.ddl.DDLTask.execute(DDLTask.java:84)
	at org.apache.hadoop.hive.ql.exec.Task.executeTask(Task.java:212)
	at org.apache.hadoop.hive.ql.exec.TaskRunner.runSequential(TaskRunner.java:105)
	at org.apache.hadoop.hive.ql.Executor.launchTask(Executor.java:361)
	at org.apache.hadoop.hive.ql.Executor.launchTasks(Executor.java:334)
	at org.apache.hadoop.hive.ql.Executor.runTasks(Executor.java:245)
	at org.apache.hadoop.hive.ql.Executor.execute(Executor.java:108)
	at org.apache.hadoop.hive.ql.Driver.execute(Driver.java:348)
	at org.apache.hadoop.hive.ql.Driver.runInternal(Driver.java:204)
	at org.apache.hadoop.hive.ql.Driver.run(Driver.java:153)
	at org.apache.hadoop.hive.ql.Driver.run(Driver.java:148)
	at org.apache.hadoop.hive.ql.reexec.ReExecDriver.run(ReExecDriver.java:164)
	at org.apache.hadoop.hive.ql.reexec.ReExecDriver.run(ReExecDriver.java:230)
	at org.apache.hive.hcatalog.pig.AbstractHCatLoaderTest.executeStatementOnDriver(AbstractHCatLoaderTest.java:151)
	at org.apache.hive.hcatalog.pig.AbstractHCatLoaderTest.tearDown(AbstractHCatLoaderTest.java:239)
	at sun.reflect.NativeMethodAccessorImpl.invoke0(Native Method)
	at sun.reflect.NativeMethodAccessorImpl.invoke(NativeMethodAccessorImpl.java:62)
	at sun.reflect.DelegatingMethodAccessorImpl.invoke(DelegatingMethodAccessorImpl.java:43)
	at java.lang.reflect.Method.invoke(Method.java:498)
	at org.junit.runners.model.FrameworkMethod$1.runReflectiveCall(FrameworkMethod.java:59)
	at org.junit.internal.runners.model.ReflectiveCallable.run(ReflectiveCallable.java:12)
	at org.junit.runners.model.FrameworkMethod.invokeExplosively(FrameworkMethod.java:56)
	at org.junit.internal.runners.statements.RunAfters.invokeMethod(RunAfters.java:46)
	at org.junit.internal.runners.statements.RunAfters.evaluate(RunAfters.java:33)
	at org.junit.runners.ParentRunner$3.evaluate(ParentRunner.java:306)
	at org.junit.runners.BlockJUnit4ClassRunner$1.evaluate(BlockJUnit4ClassRunner.java:100)
	at org.junit.runners.ParentRunner.runLeaf(ParentRunner.java:366)
	at org.junit.runners.BlockJUnit4ClassRunner.runChild(BlockJUnit4ClassRunner.java:103)
	at org.junit.runners.BlockJUnit4ClassRunner.runChild(BlockJUnit4ClassRunner.java:63)
	at org.junit.runners.ParentRunner$4.run(ParentRunner.java:331)
	at org.junit.runners.ParentRunner$1.schedule(ParentRunner.java:79)
	at org.junit.runners.ParentRunner.runChildren(ParentRunner.java:329)
	at org.junit.runners.ParentRunner.access$100(ParentRunner.java:66)
	at org.junit.runners.ParentRunner$2.evaluate(ParentRunner.java:293)
	at org.junit.internal.runners.statements.RunBefores.evaluate(RunBefores.java:26)
	at org.junit.runners.ParentRunner$3.evaluate(ParentRunner.java:306)
	at org.junit.runners.ParentRunner.run(ParentRunner.java:413)
	at org.junit.runners.Suite.runChild(Suite.java:128)
	at org.junit.runners.Suite.runChild(Suite.java:27)
	at org.junit.runners.ParentRunner$4.run(ParentRunner.java:331)
	at org.junit.runners.ParentRunner$1.schedule(ParentRunner.java:79)
	at org.junit.runners.ParentRunner.runChildren(ParentRunner.java:329)
	at org.junit.runners.ParentRunner.access$100(ParentRunner.java:66)
	at org.junit.runners.ParentRunner$2.evaluate(ParentRunner.java:293)
	at org.junit.runners.ParentRunner$3.evaluate(ParentRunner.java:306)
	at org.junit.runners.ParentRunner.run(ParentRunner.java:413)
	at org.apache.maven.surefire.junitcore.JUnitCore.run(JUnitCore.java:55)
	at org.apache.maven.surefire.junitcore.JUnitCoreWrapper.createRequestAndRun(JUnitCoreWrapper.java:137)
	at org.apache.maven.surefire.junitcore.JUnitCoreWrapper.executeEager(JUnitCoreWrapper.java:107)
	at org.apache.maven.surefire.junitcore.JUnitCoreWrapper.execute(JUnitCoreWrapper.java:83)
	at org.apache.maven.surefire.junitcore.JUnitCoreWrapper.execute(JUnitCoreWrapper.java:75)
	at org.apache.maven.surefire.junitcore.JUnitCoreProvider.invoke(JUnitCoreProvider.java:158)
	at org.apache.maven.surefire.booter.ForkedBooter.runSuitesInProcess(ForkedBooter.java:377)
	at org.apache.maven.surefire.booter.ForkedBooter.execute(ForkedBooter.java:138)
	at org.apache.maven.surefire.booter.ForkedBooter.run(ForkedBooter.java:465)
	at org.apache.maven.surefire.booter.ForkedBooter.main(ForkedBooter.java:451)
NestedThrowablesStackTrace:
java.sql.BatchUpdateException: DELETE on table 'DBS' caused a violation of foreign key constraint 'TBLS_FK1' for key (3).  The statement has been rolled back.
	at org.apache.derby.impl.jdbc.EmbedStatement.executeLargeBatch(Unknown Source)
	at org.apache.derby.impl.jdbc.EmbedStatement.executeBatch(Unknown Source)
	at com.zaxxer.hikari.pool.ProxyStatement.executeBatch(ProxyStatement.java:128)
	at com.zaxxer.hikari.pool.HikariProxyPreparedStatement.executeBatch(HikariProxyPreparedStatement.java)
	at org.datanucleus.store.rdbms.ParamLoggingPreparedStatement.executeBatch(ParamLoggingPreparedStatement.java:366)
	at org.datanucleus.store.rdbms.SQLController.processConnectionStatement(SQLController.java:675)
	at org.datanucleus.store.rdbms.SQLController.processStatementsForConnection(SQLController.java:643)
	at org.datanucleus.store.rdbms.SQLController$1.transactionFlushed(SQLController.java:729)
	at org.datanucleus.store.connection.AbstractManagedConnection.transactionFlushed(AbstractManagedConnection.java:95)
	at org.datanucleus.store.connection.ConnectionManagerImpl$2.transactionFlushed(ConnectionManagerImpl.java:528)
	at org.datanucleus.TransactionImpl.flush(TransactionImpl.java:222)
	at org.datanucleus.TransactionImpl.commit(TransactionImpl.java:286)
	at org.datanucleus.api.jdo.JDOTransaction.commit(JDOTransaction.java:99)
	at org.apache.hadoop.hive.metastore.ObjectStore.commitTransaction(ObjectStore.java:615)
	at sun.reflect.GeneratedMethodAccessor31.invoke(Unknown Source)
	at sun.reflect.DelegatingMethodAccessorImpl.invoke(DelegatingMethodAccessorImpl.java:43)
	at java.lang.reflect.Method.invoke(Method.java:498)
	at org.apache.hadoop.hive.metastore.RawStoreProxy.invoke(RawStoreProxy.java:97)
	at com.sun.proxy.$Proxy32.commitTransaction(Unknown Source)
	at org.apache.hadoop.hive.metastore.HMSHandler.drop_database_core(HMSHandler.java:1790)
	at org.apache.hadoop.hive.metastore.HMSHandler.drop_database(HMSHandler.java:1869)
	at sun.reflect.GeneratedMethodAccessor54.invoke(Unknown Source)
	at sun.reflect.DelegatingMethodAccessorImpl.invoke(DelegatingMethodAccessorImpl.java:43)
	at java.lang.reflect.Method.invoke(Method.java:498)
	at org.apache.hadoop.hive.metastore.RetryingHMSHandler.invokeInternal(RetryingHMSHandler.java:147)
	at org.apache.hadoop.hive.metastore.RetryingHMSHandler.invoke(RetryingHMSHandler.java:108)
	at com.sun.proxy.$Proxy35.drop_database(Unknown Source)
	at org.apache.hadoop.hive.metastore.HiveMetaStoreClient.dropDatabaseCascadePerDb(HiveMetaStoreClient.java:1601)
	at org.apache.hadoop.hive.metastore.HiveMetaStoreClient.dropDatabase(HiveMetaStoreClient.java:1532)
	at org.apache.hadoop.hive.metastore.HiveMetaStoreClient.dropDatabase(HiveMetaStoreClient.java:1485)
	at sun.reflect.NativeMethodAccessorImpl.invoke0(Native Method)
	at sun.reflect.NativeMethodAccessorImpl.invoke(NativeMethodAccessorImpl.java:62)
	at sun.reflect.DelegatingMethodAccessorImpl.invoke(DelegatingMethodAccessorImpl.java:43)
	at java.lang.reflect.Method.invoke(Method.java:498)
	at org.apache.hadoop.hive.metastore.RetryingMetaStoreClient.invoke(RetryingMetaStoreClient.java:218)
	at com.sun.proxy.$Proxy45.dropDatabase(Unknown Source)
	at org.apache.hadoop.hive.ql.metadata.Hive.dropDatabase(Hive.java:662)
	at org.apache.hadoop.hive.ql.ddl.database.drop.DropDatabaseOperation.execute(DropDatabaseOperation.java:52)
	at org.apache.hadoop.hive.ql.ddl.DDLTask.execute(DDLTask.java:84)
	at org.apache.hadoop.hive.ql.exec.Task.executeTask(Task.java:212)
	at org.apache.hadoop.hive.ql.exec.TaskRunner.runSequential(TaskRunner.java:105)
	at org.apache.hadoop.hive.ql.Executor.launchTask(Executor.java:361)
	at org.apache.hadoop.hive.ql.Executor.launchTasks(Executor.java:334)
	at org.apache.hadoop.hive.ql.Executor.runTasks(Executor.java:245)
	at org.apache.hadoop.hive.ql.Executor.execute(Executor.java:108)
	at org.apache.hadoop.hive.ql.Driver.execute(Driver.java:348)
	at org.apache.hadoop.hive.ql.Driver.runInternal(Driver.java:204)
	at org.apache.hadoop.hive.ql.Driver.run(Driver.java:153)
	at org.apache.hadoop.hive.ql.Driver.run(Driver.java:148)
	at org.apache.hadoop.hive.ql.reexec.ReExecDriver.run(ReExecDriver.java:164)
	at org.apache.hadoop.hive.ql.reexec.ReExecDriver.run(ReExecDriver.java:230)
	at org.apache.hive.hcatalog.pig.AbstractHCatLoaderTest.executeStatementOnDriver(AbstractHCatLoaderTest.java:151)
	at org.apache.hive.hcatalog.pig.AbstractHCatLoaderTest.tearDown(AbstractHCatLoaderTest.java:239)
	at sun.reflect.NativeMethodAccessorImpl.invoke0(Native Method)
	at sun.reflect.NativeMethodAccessorImpl.invoke(NativeMethodAccessorImpl.java:62)
	at sun.reflect.DelegatingMethodAccessorImpl.invoke(DelegatingMethodAccessorImpl.java:43)
	at java.lang.reflect.Method.invoke(Method.java:498)
	at org.junit.runners.model.FrameworkMethod$1.runReflectiveCall(FrameworkMethod.java:59)
	at org.junit.internal.runners.model.ReflectiveCallable.run(ReflectiveCallable.java:12)
	at org.junit.runners.model.FrameworkMethod.invokeExplosively(FrameworkMethod.java:56)
	at org.junit.internal.runners.statements.RunAfters.invokeMethod(RunAfters.java:46)
	at org.junit.internal.runners.statements.RunAfters.evaluate(RunAfters.java:33)
	at org.junit.runners.ParentRunner$3.evaluate(ParentRunner.java:306)
	at org.junit.runners.BlockJUnit4ClassRunner$1.evaluate(BlockJUnit4ClassRunner.java:100)
	at org.junit.runners.ParentRunner.runLeaf(ParentRunner.java:366)
	at org.junit.runners.BlockJUnit4ClassRunner.runChild(BlockJUnit4ClassRunner.java:103)
	at org.junit.runners.BlockJUnit4ClassRunner.runChild(BlockJUnit4ClassRunner.java:63)
	at org.junit.runners.ParentRunner$4.run(ParentRunner.java:331)
	at org.junit.runners.ParentRunner$1.schedule(ParentRunner.java:79)
	at org.junit.runners.ParentRunner.runChildren(ParentRunner.java:329)
	at org.junit.runners.ParentRunner.access$100(ParentRunner.java:66)
	at org.junit.runners.ParentRunner$2.evaluate(ParentRunner.java:293)
	at org.junit.internal.runners.statements.RunBefores.evaluate(RunBefores.java:26)
	at org.junit.runners.ParentRunner$3.evaluate(ParentRunner.java:306)
	at org.junit.runners.ParentRunner.run(ParentRunner.java:413)
	at org.junit.runners.Suite.runChild(Suite.java:128)
	at org.junit.runners.Suite.runChild(Suite.java:27)
	at org.junit.runners.ParentRunner$4.run(ParentRunner.java:331)
	at org.junit.runners.ParentRunner$1.schedule(ParentRunner.java:79)
	at org.junit.runners.ParentRunner.runChildren(ParentRunner.java:329)
	at org.junit.runners.ParentRunner.access$100(ParentRunner.java:66)
	at org.junit.runners.ParentRunner$2.evaluate(ParentRunner.java:293)
	at org.junit.runners.ParentRunner$3.evaluate(ParentRunner.java:306)
	at org.junit.runners.ParentRunner.run(ParentRunner.java:413)
	at org.apache.maven.surefire.junitcore.JUnitCore.run(JUnitCore.java:55)
	at org.apache.maven.surefire.junitcore.JUnitCoreWrapper.createRequestAndRun(JUnitCoreWrapper.java:137)
	at org.apache.maven.surefire.junitcore.JUnitCoreWrapper.executeEager(JUnitCoreWrapper.java:107)
	at org.apache.maven.surefire.junitcore.JUnitCoreWrapper.execute(JUnitCoreWrapper.java:83)
	at org.apache.maven.surefire.junitcore.JUnitCoreWrapper.execute(JUnitCoreWrapper.java:75)
	at org.apache.maven.surefire.junitcore.JUnitCoreProvider.invoke(JUnitCoreProvider.java:158)
	at org.apache.maven.surefire.booter.ForkedBooter.runSuitesInProcess(ForkedBooter.java:377)
	at org.apache.maven.surefire.booter.ForkedBooter.execute(ForkedBooter.java:138)
	at org.apache.maven.surefire.booter.ForkedBooter.run(ForkedBooter.java:465)
	at org.apache.maven.surefire.booter.ForkedBooter.main(ForkedBooter.java:451)
Caused by: org.apache.derby.shared.common.error.DerbySQLIntegrityConstraintViolationException: DELETE on table 'DBS' caused a violation of foreign key constraint 'TBLS_FK1' for key (3).  The statement has been rolled back.
	at org.apache.derby.impl.jdbc.SQLExceptionFactory.getSQLException(Unknown Source)
	at org.apache.derby.impl.jdbc.Util.generateCsSQLException(Unknown Source)
	at org.apache.derby.impl.jdbc.TransactionResourceImpl.wrapInSQLException(Unknown Source)
	at org.apache.derby.impl.jdbc.TransactionResourceImpl.handleException(Unknown Source)
	at org.apache.derby.impl.jdbc.EmbedConnection.handleException(Unknown Source)
	at org.apache.derby.impl.jdbc.ConnectionChild.handleException(Unknown Source)
	at org.apache.derby.impl.jdbc.EmbedStatement.executeStatement(Unknown Source)
	at org.apache.derby.impl.jdbc.EmbedPreparedStatement.executeBatchElement(Unknown Source)
	... 94 more
Caused by: ERROR 23503: DELETE on table 'DBS' caused a violation of foreign key constraint 'TBLS_FK1' for key (3).  The statement has been rolled back.
	at org.apache.derby.iapi.error.StandardException.newException(Unknown Source)
	at org.apache.derby.iapi.error.StandardException.newException(Unknown Source)
	at org.apache.derby.impl.sql.execute.ReferencedKeyRIChecker.doCheck(Unknown Source)
	at org.apache.derby.impl.sql.execute.RISetChecker.doPKCheck(Unknown Source)
	at org.apache.derby.impl.sql.execute.DeleteResultSet.collectAffectedRows(Unknown Source)
	at org.apache.derby.impl.sql.execute.DeleteResultSet.open(Unknown Source)
	at org.apache.derby.impl.sql.GenericPreparedStatement.executeStmt(Unknown Source)
	at org.apache.derby.impl.sql.GenericPreparedStatement.execute(Unknown Source)
	... 96 more

2024-04-24T11:27:49,052  INFO [main] HiveMetaStore.audit: ugi=alex	ip=unknown-ip-addr	cmd=drop_database: @hive#junit_specific_db	
2024-04-24T11:27:49,057  INFO [main] HiveMetaStore.audit: ugi=alex	ip=unknown-ip-addr	cmd=get_all_tables: db=@hive#junit_specific_db	
2024-04-24T11:27:49,058  INFO [main] HiveMetaStore.audit: ugi=alex	ip=unknown-ip-addr	cmd=get_functions: db=@hive#junit_specific_db pat=*	
2024-04-24T11:27:49,061  INFO [main] HiveMetaStore.audit: ugi=alex	ip=unknown-ip-addr	cmd=get_all_stored_procedures	
2024-04-24T11:27:49,062  INFO [main] HiveMetaStore.audit: ugi=alex	ip=unknown-ip-addr	cmd=get_all_packages	
2024-04-24T11:27:49,063  INFO [main] HiveMetaStore.audit: ugi=alex	ip=unknown-ip-addr	cmd=getTablesByTypeCore: catName=hive: db=junit_specific_db pat=.*,type=MATERIALIZED_VIEW	
2024-04-24T11:27:49,068  INFO [main] metastore.ObjectStore: Dropping database hive.junit_specific_db along with all tables
2024-04-24T11:27:49,075  INFO [main] txn.TxnHandler: Non-retryable error in cleanupRecords : Table/View 'TXN_COMPONENTS' does not exist. (SQLState=42X05, ErrorCode=20000)
2024-04-24T11:27:49,075  WARN [main] txn.TxnHandler: Cannot perform cleanup since metastore table does not exist
2024-04-24T11:27:49,076 ERROR [main] metastore.RetryingHMSHandler: Retrying HMSHandler after 2000 ms (attempt 8 of 10) with error: javax.jdo.JDODataStoreException: Exception thrown flushing changes to datastore
	at org.datanucleus.api.jdo.NucleusJDOHelper.getJDOExceptionForNucleusException(NucleusJDOHelper.java:542)
	at org.datanucleus.api.jdo.JDOTransaction.commit(JDOTransaction.java:162)
	at org.apache.hadoop.hive.metastore.ObjectStore.commitTransaction(ObjectStore.java:615)
	at sun.reflect.GeneratedMethodAccessor31.invoke(Unknown Source)
	at sun.reflect.DelegatingMethodAccessorImpl.invoke(DelegatingMethodAccessorImpl.java:43)
	at java.lang.reflect.Method.invoke(Method.java:498)
	at org.apache.hadoop.hive.metastore.RawStoreProxy.invoke(RawStoreProxy.java:97)
	at com.sun.proxy.$Proxy32.commitTransaction(Unknown Source)
	at org.apache.hadoop.hive.metastore.HMSHandler.drop_database_core(HMSHandler.java:1790)
	at org.apache.hadoop.hive.metastore.HMSHandler.drop_database(HMSHandler.java:1869)
	at sun.reflect.GeneratedMethodAccessor54.invoke(Unknown Source)
	at sun.reflect.DelegatingMethodAccessorImpl.invoke(DelegatingMethodAccessorImpl.java:43)
	at java.lang.reflect.Method.invoke(Method.java:498)
	at org.apache.hadoop.hive.metastore.RetryingHMSHandler.invokeInternal(RetryingHMSHandler.java:147)
	at org.apache.hadoop.hive.metastore.RetryingHMSHandler.invoke(RetryingHMSHandler.java:108)
	at com.sun.proxy.$Proxy35.drop_database(Unknown Source)
	at org.apache.hadoop.hive.metastore.HiveMetaStoreClient.dropDatabaseCascadePerDb(HiveMetaStoreClient.java:1601)
	at org.apache.hadoop.hive.metastore.HiveMetaStoreClient.dropDatabase(HiveMetaStoreClient.java:1532)
	at org.apache.hadoop.hive.metastore.HiveMetaStoreClient.dropDatabase(HiveMetaStoreClient.java:1485)
	at sun.reflect.NativeMethodAccessorImpl.invoke0(Native Method)
	at sun.reflect.NativeMethodAccessorImpl.invoke(NativeMethodAccessorImpl.java:62)
	at sun.reflect.DelegatingMethodAccessorImpl.invoke(DelegatingMethodAccessorImpl.java:43)
	at java.lang.reflect.Method.invoke(Method.java:498)
	at org.apache.hadoop.hive.metastore.RetryingMetaStoreClient.invoke(RetryingMetaStoreClient.java:218)
	at com.sun.proxy.$Proxy45.dropDatabase(Unknown Source)
	at org.apache.hadoop.hive.ql.metadata.Hive.dropDatabase(Hive.java:662)
	at org.apache.hadoop.hive.ql.ddl.database.drop.DropDatabaseOperation.execute(DropDatabaseOperation.java:52)
	at org.apache.hadoop.hive.ql.ddl.DDLTask.execute(DDLTask.java:84)
	at org.apache.hadoop.hive.ql.exec.Task.executeTask(Task.java:212)
	at org.apache.hadoop.hive.ql.exec.TaskRunner.runSequential(TaskRunner.java:105)
	at org.apache.hadoop.hive.ql.Executor.launchTask(Executor.java:361)
	at org.apache.hadoop.hive.ql.Executor.launchTasks(Executor.java:334)
	at org.apache.hadoop.hive.ql.Executor.runTasks(Executor.java:245)
	at org.apache.hadoop.hive.ql.Executor.execute(Executor.java:108)
	at org.apache.hadoop.hive.ql.Driver.execute(Driver.java:348)
	at org.apache.hadoop.hive.ql.Driver.runInternal(Driver.java:204)
	at org.apache.hadoop.hive.ql.Driver.run(Driver.java:153)
	at org.apache.hadoop.hive.ql.Driver.run(Driver.java:148)
	at org.apache.hadoop.hive.ql.reexec.ReExecDriver.run(ReExecDriver.java:164)
	at org.apache.hadoop.hive.ql.reexec.ReExecDriver.run(ReExecDriver.java:230)
	at org.apache.hive.hcatalog.pig.AbstractHCatLoaderTest.executeStatementOnDriver(AbstractHCatLoaderTest.java:151)
	at org.apache.hive.hcatalog.pig.AbstractHCatLoaderTest.tearDown(AbstractHCatLoaderTest.java:239)
	at sun.reflect.NativeMethodAccessorImpl.invoke0(Native Method)
	at sun.reflect.NativeMethodAccessorImpl.invoke(NativeMethodAccessorImpl.java:62)
	at sun.reflect.DelegatingMethodAccessorImpl.invoke(DelegatingMethodAccessorImpl.java:43)
	at java.lang.reflect.Method.invoke(Method.java:498)
	at org.junit.runners.model.FrameworkMethod$1.runReflectiveCall(FrameworkMethod.java:59)
	at org.junit.internal.runners.model.ReflectiveCallable.run(ReflectiveCallable.java:12)
	at org.junit.runners.model.FrameworkMethod.invokeExplosively(FrameworkMethod.java:56)
	at org.junit.internal.runners.statements.RunAfters.invokeMethod(RunAfters.java:46)
	at org.junit.internal.runners.statements.RunAfters.evaluate(RunAfters.java:33)
	at org.junit.runners.ParentRunner$3.evaluate(ParentRunner.java:306)
	at org.junit.runners.BlockJUnit4ClassRunner$1.evaluate(BlockJUnit4ClassRunner.java:100)
	at org.junit.runners.ParentRunner.runLeaf(ParentRunner.java:366)
	at org.junit.runners.BlockJUnit4ClassRunner.runChild(BlockJUnit4ClassRunner.java:103)
	at org.junit.runners.BlockJUnit4ClassRunner.runChild(BlockJUnit4ClassRunner.java:63)
	at org.junit.runners.ParentRunner$4.run(ParentRunner.java:331)
	at org.junit.runners.ParentRunner$1.schedule(ParentRunner.java:79)
	at org.junit.runners.ParentRunner.runChildren(ParentRunner.java:329)
	at org.junit.runners.ParentRunner.access$100(ParentRunner.java:66)
	at org.junit.runners.ParentRunner$2.evaluate(ParentRunner.java:293)
	at org.junit.internal.runners.statements.RunBefores.evaluate(RunBefores.java:26)
	at org.junit.runners.ParentRunner$3.evaluate(ParentRunner.java:306)
	at org.junit.runners.ParentRunner.run(ParentRunner.java:413)
	at org.junit.runners.Suite.runChild(Suite.java:128)
	at org.junit.runners.Suite.runChild(Suite.java:27)
	at org.junit.runners.ParentRunner$4.run(ParentRunner.java:331)
	at org.junit.runners.ParentRunner$1.schedule(ParentRunner.java:79)
	at org.junit.runners.ParentRunner.runChildren(ParentRunner.java:329)
	at org.junit.runners.ParentRunner.access$100(ParentRunner.java:66)
	at org.junit.runners.ParentRunner$2.evaluate(ParentRunner.java:293)
	at org.junit.runners.ParentRunner$3.evaluate(ParentRunner.java:306)
	at org.junit.runners.ParentRunner.run(ParentRunner.java:413)
	at org.apache.maven.surefire.junitcore.JUnitCore.run(JUnitCore.java:55)
	at org.apache.maven.surefire.junitcore.JUnitCoreWrapper.createRequestAndRun(JUnitCoreWrapper.java:137)
	at org.apache.maven.surefire.junitcore.JUnitCoreWrapper.executeEager(JUnitCoreWrapper.java:107)
	at org.apache.maven.surefire.junitcore.JUnitCoreWrapper.execute(JUnitCoreWrapper.java:83)
	at org.apache.maven.surefire.junitcore.JUnitCoreWrapper.execute(JUnitCoreWrapper.java:75)
	at org.apache.maven.surefire.junitcore.JUnitCoreProvider.invoke(JUnitCoreProvider.java:158)
	at org.apache.maven.surefire.booter.ForkedBooter.runSuitesInProcess(ForkedBooter.java:377)
	at org.apache.maven.surefire.booter.ForkedBooter.execute(ForkedBooter.java:138)
	at org.apache.maven.surefire.booter.ForkedBooter.run(ForkedBooter.java:465)
	at org.apache.maven.surefire.booter.ForkedBooter.main(ForkedBooter.java:451)
NestedThrowablesStackTrace:
java.sql.BatchUpdateException: DELETE on table 'DBS' caused a violation of foreign key constraint 'TBLS_FK1' for key (3).  The statement has been rolled back.
	at org.apache.derby.impl.jdbc.EmbedStatement.executeLargeBatch(Unknown Source)
	at org.apache.derby.impl.jdbc.EmbedStatement.executeBatch(Unknown Source)
	at com.zaxxer.hikari.pool.ProxyStatement.executeBatch(ProxyStatement.java:128)
	at com.zaxxer.hikari.pool.HikariProxyPreparedStatement.executeBatch(HikariProxyPreparedStatement.java)
	at org.datanucleus.store.rdbms.ParamLoggingPreparedStatement.executeBatch(ParamLoggingPreparedStatement.java:366)
	at org.datanucleus.store.rdbms.SQLController.processConnectionStatement(SQLController.java:675)
	at org.datanucleus.store.rdbms.SQLController.processStatementsForConnection(SQLController.java:643)
	at org.datanucleus.store.rdbms.SQLController$1.transactionFlushed(SQLController.java:729)
	at org.datanucleus.store.connection.AbstractManagedConnection.transactionFlushed(AbstractManagedConnection.java:95)
	at org.datanucleus.store.connection.ConnectionManagerImpl$2.transactionFlushed(ConnectionManagerImpl.java:528)
	at org.datanucleus.TransactionImpl.flush(TransactionImpl.java:222)
	at org.datanucleus.TransactionImpl.commit(TransactionImpl.java:286)
	at org.datanucleus.api.jdo.JDOTransaction.commit(JDOTransaction.java:99)
	at org.apache.hadoop.hive.metastore.ObjectStore.commitTransaction(ObjectStore.java:615)
	at sun.reflect.GeneratedMethodAccessor31.invoke(Unknown Source)
	at sun.reflect.DelegatingMethodAccessorImpl.invoke(DelegatingMethodAccessorImpl.java:43)
	at java.lang.reflect.Method.invoke(Method.java:498)
	at org.apache.hadoop.hive.metastore.RawStoreProxy.invoke(RawStoreProxy.java:97)
	at com.sun.proxy.$Proxy32.commitTransaction(Unknown Source)
	at org.apache.hadoop.hive.metastore.HMSHandler.drop_database_core(HMSHandler.java:1790)
	at org.apache.hadoop.hive.metastore.HMSHandler.drop_database(HMSHandler.java:1869)
	at sun.reflect.GeneratedMethodAccessor54.invoke(Unknown Source)
	at sun.reflect.DelegatingMethodAccessorImpl.invoke(DelegatingMethodAccessorImpl.java:43)
	at java.lang.reflect.Method.invoke(Method.java:498)
	at org.apache.hadoop.hive.metastore.RetryingHMSHandler.invokeInternal(RetryingHMSHandler.java:147)
	at org.apache.hadoop.hive.metastore.RetryingHMSHandler.invoke(RetryingHMSHandler.java:108)
	at com.sun.proxy.$Proxy35.drop_database(Unknown Source)
	at org.apache.hadoop.hive.metastore.HiveMetaStoreClient.dropDatabaseCascadePerDb(HiveMetaStoreClient.java:1601)
	at org.apache.hadoop.hive.metastore.HiveMetaStoreClient.dropDatabase(HiveMetaStoreClient.java:1532)
	at org.apache.hadoop.hive.metastore.HiveMetaStoreClient.dropDatabase(HiveMetaStoreClient.java:1485)
	at sun.reflect.NativeMethodAccessorImpl.invoke0(Native Method)
	at sun.reflect.NativeMethodAccessorImpl.invoke(NativeMethodAccessorImpl.java:62)
	at sun.reflect.DelegatingMethodAccessorImpl.invoke(DelegatingMethodAccessorImpl.java:43)
	at java.lang.reflect.Method.invoke(Method.java:498)
	at org.apache.hadoop.hive.metastore.RetryingMetaStoreClient.invoke(RetryingMetaStoreClient.java:218)
	at com.sun.proxy.$Proxy45.dropDatabase(Unknown Source)
	at org.apache.hadoop.hive.ql.metadata.Hive.dropDatabase(Hive.java:662)
	at org.apache.hadoop.hive.ql.ddl.database.drop.DropDatabaseOperation.execute(DropDatabaseOperation.java:52)
	at org.apache.hadoop.hive.ql.ddl.DDLTask.execute(DDLTask.java:84)
	at org.apache.hadoop.hive.ql.exec.Task.executeTask(Task.java:212)
	at org.apache.hadoop.hive.ql.exec.TaskRunner.runSequential(TaskRunner.java:105)
	at org.apache.hadoop.hive.ql.Executor.launchTask(Executor.java:361)
	at org.apache.hadoop.hive.ql.Executor.launchTasks(Executor.java:334)
	at org.apache.hadoop.hive.ql.Executor.runTasks(Executor.java:245)
	at org.apache.hadoop.hive.ql.Executor.execute(Executor.java:108)
	at org.apache.hadoop.hive.ql.Driver.execute(Driver.java:348)
	at org.apache.hadoop.hive.ql.Driver.runInternal(Driver.java:204)
	at org.apache.hadoop.hive.ql.Driver.run(Driver.java:153)
	at org.apache.hadoop.hive.ql.Driver.run(Driver.java:148)
	at org.apache.hadoop.hive.ql.reexec.ReExecDriver.run(ReExecDriver.java:164)
	at org.apache.hadoop.hive.ql.reexec.ReExecDriver.run(ReExecDriver.java:230)
	at org.apache.hive.hcatalog.pig.AbstractHCatLoaderTest.executeStatementOnDriver(AbstractHCatLoaderTest.java:151)
	at org.apache.hive.hcatalog.pig.AbstractHCatLoaderTest.tearDown(AbstractHCatLoaderTest.java:239)
	at sun.reflect.NativeMethodAccessorImpl.invoke0(Native Method)
	at sun.reflect.NativeMethodAccessorImpl.invoke(NativeMethodAccessorImpl.java:62)
	at sun.reflect.DelegatingMethodAccessorImpl.invoke(DelegatingMethodAccessorImpl.java:43)
	at java.lang.reflect.Method.invoke(Method.java:498)
	at org.junit.runners.model.FrameworkMethod$1.runReflectiveCall(FrameworkMethod.java:59)
	at org.junit.internal.runners.model.ReflectiveCallable.run(ReflectiveCallable.java:12)
	at org.junit.runners.model.FrameworkMethod.invokeExplosively(FrameworkMethod.java:56)
	at org.junit.internal.runners.statements.RunAfters.invokeMethod(RunAfters.java:46)
	at org.junit.internal.runners.statements.RunAfters.evaluate(RunAfters.java:33)
	at org.junit.runners.ParentRunner$3.evaluate(ParentRunner.java:306)
	at org.junit.runners.BlockJUnit4ClassRunner$1.evaluate(BlockJUnit4ClassRunner.java:100)
	at org.junit.runners.ParentRunner.runLeaf(ParentRunner.java:366)
	at org.junit.runners.BlockJUnit4ClassRunner.runChild(BlockJUnit4ClassRunner.java:103)
	at org.junit.runners.BlockJUnit4ClassRunner.runChild(BlockJUnit4ClassRunner.java:63)
	at org.junit.runners.ParentRunner$4.run(ParentRunner.java:331)
	at org.junit.runners.ParentRunner$1.schedule(ParentRunner.java:79)
	at org.junit.runners.ParentRunner.runChildren(ParentRunner.java:329)
	at org.junit.runners.ParentRunner.access$100(ParentRunner.java:66)
	at org.junit.runners.ParentRunner$2.evaluate(ParentRunner.java:293)
	at org.junit.internal.runners.statements.RunBefores.evaluate(RunBefores.java:26)
	at org.junit.runners.ParentRunner$3.evaluate(ParentRunner.java:306)
	at org.junit.runners.ParentRunner.run(ParentRunner.java:413)
	at org.junit.runners.Suite.runChild(Suite.java:128)
	at org.junit.runners.Suite.runChild(Suite.java:27)
	at org.junit.runners.ParentRunner$4.run(ParentRunner.java:331)
	at org.junit.runners.ParentRunner$1.schedule(ParentRunner.java:79)
	at org.junit.runners.ParentRunner.runChildren(ParentRunner.java:329)
	at org.junit.runners.ParentRunner.access$100(ParentRunner.java:66)
	at org.junit.runners.ParentRunner$2.evaluate(ParentRunner.java:293)
	at org.junit.runners.ParentRunner$3.evaluate(ParentRunner.java:306)
	at org.junit.runners.ParentRunner.run(ParentRunner.java:413)
	at org.apache.maven.surefire.junitcore.JUnitCore.run(JUnitCore.java:55)
	at org.apache.maven.surefire.junitcore.JUnitCoreWrapper.createRequestAndRun(JUnitCoreWrapper.java:137)
	at org.apache.maven.surefire.junitcore.JUnitCoreWrapper.executeEager(JUnitCoreWrapper.java:107)
	at org.apache.maven.surefire.junitcore.JUnitCoreWrapper.execute(JUnitCoreWrapper.java:83)
	at org.apache.maven.surefire.junitcore.JUnitCoreWrapper.execute(JUnitCoreWrapper.java:75)
	at org.apache.maven.surefire.junitcore.JUnitCoreProvider.invoke(JUnitCoreProvider.java:158)
	at org.apache.maven.surefire.booter.ForkedBooter.runSuitesInProcess(ForkedBooter.java:377)
	at org.apache.maven.surefire.booter.ForkedBooter.execute(ForkedBooter.java:138)
	at org.apache.maven.surefire.booter.ForkedBooter.run(ForkedBooter.java:465)
	at org.apache.maven.surefire.booter.ForkedBooter.main(ForkedBooter.java:451)
Caused by: org.apache.derby.shared.common.error.DerbySQLIntegrityConstraintViolationException: DELETE on table 'DBS' caused a violation of foreign key constraint 'TBLS_FK1' for key (3).  The statement has been rolled back.
	at org.apache.derby.impl.jdbc.SQLExceptionFactory.getSQLException(Unknown Source)
	at org.apache.derby.impl.jdbc.Util.generateCsSQLException(Unknown Source)
	at org.apache.derby.impl.jdbc.TransactionResourceImpl.wrapInSQLException(Unknown Source)
	at org.apache.derby.impl.jdbc.TransactionResourceImpl.handleException(Unknown Source)
	at org.apache.derby.impl.jdbc.EmbedConnection.handleException(Unknown Source)
	at org.apache.derby.impl.jdbc.ConnectionChild.handleException(Unknown Source)
	at org.apache.derby.impl.jdbc.EmbedStatement.executeStatement(Unknown Source)
	at org.apache.derby.impl.jdbc.EmbedPreparedStatement.executeBatchElement(Unknown Source)
	... 94 more
Caused by: ERROR 23503: DELETE on table 'DBS' caused a violation of foreign key constraint 'TBLS_FK1' for key (3).  The statement has been rolled back.
	at org.apache.derby.iapi.error.StandardException.newException(Unknown Source)
	at org.apache.derby.iapi.error.StandardException.newException(Unknown Source)
	at org.apache.derby.impl.sql.execute.ReferencedKeyRIChecker.doCheck(Unknown Source)
	at org.apache.derby.impl.sql.execute.RISetChecker.doPKCheck(Unknown Source)
	at org.apache.derby.impl.sql.execute.DeleteResultSet.collectAffectedRows(Unknown Source)
	at org.apache.derby.impl.sql.execute.DeleteResultSet.open(Unknown Source)
	at org.apache.derby.impl.sql.GenericPreparedStatement.executeStmt(Unknown Source)
	at org.apache.derby.impl.sql.GenericPreparedStatement.execute(Unknown Source)
	... 96 more

2024-04-24T11:27:51,078  INFO [main] HiveMetaStore.audit: ugi=alex	ip=unknown-ip-addr	cmd=drop_database: @hive#junit_specific_db	
2024-04-24T11:27:51,082  INFO [main] HiveMetaStore.audit: ugi=alex	ip=unknown-ip-addr	cmd=get_all_tables: db=@hive#junit_specific_db	
2024-04-24T11:27:51,083  INFO [main] HiveMetaStore.audit: ugi=alex	ip=unknown-ip-addr	cmd=get_functions: db=@hive#junit_specific_db pat=*	
2024-04-24T11:27:51,085  INFO [main] HiveMetaStore.audit: ugi=alex	ip=unknown-ip-addr	cmd=get_all_stored_procedures	
2024-04-24T11:27:51,086  INFO [main] HiveMetaStore.audit: ugi=alex	ip=unknown-ip-addr	cmd=get_all_packages	
2024-04-24T11:27:51,088  INFO [main] HiveMetaStore.audit: ugi=alex	ip=unknown-ip-addr	cmd=getTablesByTypeCore: catName=hive: db=junit_specific_db pat=.*,type=MATERIALIZED_VIEW	
2024-04-24T11:27:51,093  INFO [main] metastore.ObjectStore: Dropping database hive.junit_specific_db along with all tables
2024-04-24T11:27:51,103  INFO [main] txn.TxnHandler: Non-retryable error in cleanupRecords : Table/View 'TXN_COMPONENTS' does not exist. (SQLState=42X05, ErrorCode=20000)
2024-04-24T11:27:51,103  WARN [main] txn.TxnHandler: Cannot perform cleanup since metastore table does not exist
2024-04-24T11:27:51,105 ERROR [main] metastore.RetryingHMSHandler: Retrying HMSHandler after 2000 ms (attempt 9 of 10) with error: javax.jdo.JDODataStoreException: Exception thrown flushing changes to datastore
	at org.datanucleus.api.jdo.NucleusJDOHelper.getJDOExceptionForNucleusException(NucleusJDOHelper.java:542)
	at org.datanucleus.api.jdo.JDOTransaction.commit(JDOTransaction.java:162)
	at org.apache.hadoop.hive.metastore.ObjectStore.commitTransaction(ObjectStore.java:615)
	at sun.reflect.GeneratedMethodAccessor31.invoke(Unknown Source)
	at sun.reflect.DelegatingMethodAccessorImpl.invoke(DelegatingMethodAccessorImpl.java:43)
	at java.lang.reflect.Method.invoke(Method.java:498)
	at org.apache.hadoop.hive.metastore.RawStoreProxy.invoke(RawStoreProxy.java:97)
	at com.sun.proxy.$Proxy32.commitTransaction(Unknown Source)
	at org.apache.hadoop.hive.metastore.HMSHandler.drop_database_core(HMSHandler.java:1790)
	at org.apache.hadoop.hive.metastore.HMSHandler.drop_database(HMSHandler.java:1869)
	at sun.reflect.GeneratedMethodAccessor54.invoke(Unknown Source)
	at sun.reflect.DelegatingMethodAccessorImpl.invoke(DelegatingMethodAccessorImpl.java:43)
	at java.lang.reflect.Method.invoke(Method.java:498)
	at org.apache.hadoop.hive.metastore.RetryingHMSHandler.invokeInternal(RetryingHMSHandler.java:147)
	at org.apache.hadoop.hive.metastore.RetryingHMSHandler.invoke(RetryingHMSHandler.java:108)
	at com.sun.proxy.$Proxy35.drop_database(Unknown Source)
	at org.apache.hadoop.hive.metastore.HiveMetaStoreClient.dropDatabaseCascadePerDb(HiveMetaStoreClient.java:1601)
	at org.apache.hadoop.hive.metastore.HiveMetaStoreClient.dropDatabase(HiveMetaStoreClient.java:1532)
	at org.apache.hadoop.hive.metastore.HiveMetaStoreClient.dropDatabase(HiveMetaStoreClient.java:1485)
	at sun.reflect.NativeMethodAccessorImpl.invoke0(Native Method)
	at sun.reflect.NativeMethodAccessorImpl.invoke(NativeMethodAccessorImpl.java:62)
	at sun.reflect.DelegatingMethodAccessorImpl.invoke(DelegatingMethodAccessorImpl.java:43)
	at java.lang.reflect.Method.invoke(Method.java:498)
	at org.apache.hadoop.hive.metastore.RetryingMetaStoreClient.invoke(RetryingMetaStoreClient.java:218)
	at com.sun.proxy.$Proxy45.dropDatabase(Unknown Source)
	at org.apache.hadoop.hive.ql.metadata.Hive.dropDatabase(Hive.java:662)
	at org.apache.hadoop.hive.ql.ddl.database.drop.DropDatabaseOperation.execute(DropDatabaseOperation.java:52)
	at org.apache.hadoop.hive.ql.ddl.DDLTask.execute(DDLTask.java:84)
	at org.apache.hadoop.hive.ql.exec.Task.executeTask(Task.java:212)
	at org.apache.hadoop.hive.ql.exec.TaskRunner.runSequential(TaskRunner.java:105)
	at org.apache.hadoop.hive.ql.Executor.launchTask(Executor.java:361)
	at org.apache.hadoop.hive.ql.Executor.launchTasks(Executor.java:334)
	at org.apache.hadoop.hive.ql.Executor.runTasks(Executor.java:245)
	at org.apache.hadoop.hive.ql.Executor.execute(Executor.java:108)
	at org.apache.hadoop.hive.ql.Driver.execute(Driver.java:348)
	at org.apache.hadoop.hive.ql.Driver.runInternal(Driver.java:204)
	at org.apache.hadoop.hive.ql.Driver.run(Driver.java:153)
	at org.apache.hadoop.hive.ql.Driver.run(Driver.java:148)
	at org.apache.hadoop.hive.ql.reexec.ReExecDriver.run(ReExecDriver.java:164)
	at org.apache.hadoop.hive.ql.reexec.ReExecDriver.run(ReExecDriver.java:230)
	at org.apache.hive.hcatalog.pig.AbstractHCatLoaderTest.executeStatementOnDriver(AbstractHCatLoaderTest.java:151)
	at org.apache.hive.hcatalog.pig.AbstractHCatLoaderTest.tearDown(AbstractHCatLoaderTest.java:239)
	at sun.reflect.NativeMethodAccessorImpl.invoke0(Native Method)
	at sun.reflect.NativeMethodAccessorImpl.invoke(NativeMethodAccessorImpl.java:62)
	at sun.reflect.DelegatingMethodAccessorImpl.invoke(DelegatingMethodAccessorImpl.java:43)
	at java.lang.reflect.Method.invoke(Method.java:498)
	at org.junit.runners.model.FrameworkMethod$1.runReflectiveCall(FrameworkMethod.java:59)
	at org.junit.internal.runners.model.ReflectiveCallable.run(ReflectiveCallable.java:12)
	at org.junit.runners.model.FrameworkMethod.invokeExplosively(FrameworkMethod.java:56)
	at org.junit.internal.runners.statements.RunAfters.invokeMethod(RunAfters.java:46)
	at org.junit.internal.runners.statements.RunAfters.evaluate(RunAfters.java:33)
	at org.junit.runners.ParentRunner$3.evaluate(ParentRunner.java:306)
	at org.junit.runners.BlockJUnit4ClassRunner$1.evaluate(BlockJUnit4ClassRunner.java:100)
	at org.junit.runners.ParentRunner.runLeaf(ParentRunner.java:366)
	at org.junit.runners.BlockJUnit4ClassRunner.runChild(BlockJUnit4ClassRunner.java:103)
	at org.junit.runners.BlockJUnit4ClassRunner.runChild(BlockJUnit4ClassRunner.java:63)
	at org.junit.runners.ParentRunner$4.run(ParentRunner.java:331)
	at org.junit.runners.ParentRunner$1.schedule(ParentRunner.java:79)
	at org.junit.runners.ParentRunner.runChildren(ParentRunner.java:329)
	at org.junit.runners.ParentRunner.access$100(ParentRunner.java:66)
	at org.junit.runners.ParentRunner$2.evaluate(ParentRunner.java:293)
	at org.junit.internal.runners.statements.RunBefores.evaluate(RunBefores.java:26)
	at org.junit.runners.ParentRunner$3.evaluate(ParentRunner.java:306)
	at org.junit.runners.ParentRunner.run(ParentRunner.java:413)
	at org.junit.runners.Suite.runChild(Suite.java:128)
	at org.junit.runners.Suite.runChild(Suite.java:27)
	at org.junit.runners.ParentRunner$4.run(ParentRunner.java:331)
	at org.junit.runners.ParentRunner$1.schedule(ParentRunner.java:79)
	at org.junit.runners.ParentRunner.runChildren(ParentRunner.java:329)
	at org.junit.runners.ParentRunner.access$100(ParentRunner.java:66)
	at org.junit.runners.ParentRunner$2.evaluate(ParentRunner.java:293)
	at org.junit.runners.ParentRunner$3.evaluate(ParentRunner.java:306)
	at org.junit.runners.ParentRunner.run(ParentRunner.java:413)
	at org.apache.maven.surefire.junitcore.JUnitCore.run(JUnitCore.java:55)
	at org.apache.maven.surefire.junitcore.JUnitCoreWrapper.createRequestAndRun(JUnitCoreWrapper.java:137)
	at org.apache.maven.surefire.junitcore.JUnitCoreWrapper.executeEager(JUnitCoreWrapper.java:107)
	at org.apache.maven.surefire.junitcore.JUnitCoreWrapper.execute(JUnitCoreWrapper.java:83)
	at org.apache.maven.surefire.junitcore.JUnitCoreWrapper.execute(JUnitCoreWrapper.java:75)
	at org.apache.maven.surefire.junitcore.JUnitCoreProvider.invoke(JUnitCoreProvider.java:158)
	at org.apache.maven.surefire.booter.ForkedBooter.runSuitesInProcess(ForkedBooter.java:377)
	at org.apache.maven.surefire.booter.ForkedBooter.execute(ForkedBooter.java:138)
	at org.apache.maven.surefire.booter.ForkedBooter.run(ForkedBooter.java:465)
	at org.apache.maven.surefire.booter.ForkedBooter.main(ForkedBooter.java:451)
NestedThrowablesStackTrace:
java.sql.BatchUpdateException: DELETE on table 'DBS' caused a violation of foreign key constraint 'TBLS_FK1' for key (3).  The statement has been rolled back.
	at org.apache.derby.impl.jdbc.EmbedStatement.executeLargeBatch(Unknown Source)
	at org.apache.derby.impl.jdbc.EmbedStatement.executeBatch(Unknown Source)
	at com.zaxxer.hikari.pool.ProxyStatement.executeBatch(ProxyStatement.java:128)
	at com.zaxxer.hikari.pool.HikariProxyPreparedStatement.executeBatch(HikariProxyPreparedStatement.java)
	at org.datanucleus.store.rdbms.ParamLoggingPreparedStatement.executeBatch(ParamLoggingPreparedStatement.java:366)
	at org.datanucleus.store.rdbms.SQLController.processConnectionStatement(SQLController.java:675)
	at org.datanucleus.store.rdbms.SQLController.processStatementsForConnection(SQLController.java:643)
	at org.datanucleus.store.rdbms.SQLController$1.transactionFlushed(SQLController.java:729)
	at org.datanucleus.store.connection.AbstractManagedConnection.transactionFlushed(AbstractManagedConnection.java:95)
	at org.datanucleus.store.connection.ConnectionManagerImpl$2.transactionFlushed(ConnectionManagerImpl.java:528)
	at org.datanucleus.TransactionImpl.flush(TransactionImpl.java:222)
	at org.datanucleus.TransactionImpl.commit(TransactionImpl.java:286)
	at org.datanucleus.api.jdo.JDOTransaction.commit(JDOTransaction.java:99)
	at org.apache.hadoop.hive.metastore.ObjectStore.commitTransaction(ObjectStore.java:615)
	at sun.reflect.GeneratedMethodAccessor31.invoke(Unknown Source)
	at sun.reflect.DelegatingMethodAccessorImpl.invoke(DelegatingMethodAccessorImpl.java:43)
	at java.lang.reflect.Method.invoke(Method.java:498)
	at org.apache.hadoop.hive.metastore.RawStoreProxy.invoke(RawStoreProxy.java:97)
	at com.sun.proxy.$Proxy32.commitTransaction(Unknown Source)
	at org.apache.hadoop.hive.metastore.HMSHandler.drop_database_core(HMSHandler.java:1790)
	at org.apache.hadoop.hive.metastore.HMSHandler.drop_database(HMSHandler.java:1869)
	at sun.reflect.GeneratedMethodAccessor54.invoke(Unknown Source)
	at sun.reflect.DelegatingMethodAccessorImpl.invoke(DelegatingMethodAccessorImpl.java:43)
	at java.lang.reflect.Method.invoke(Method.java:498)
	at org.apache.hadoop.hive.metastore.RetryingHMSHandler.invokeInternal(RetryingHMSHandler.java:147)
	at org.apache.hadoop.hive.metastore.RetryingHMSHandler.invoke(RetryingHMSHandler.java:108)
	at com.sun.proxy.$Proxy35.drop_database(Unknown Source)
	at org.apache.hadoop.hive.metastore.HiveMetaStoreClient.dropDatabaseCascadePerDb(HiveMetaStoreClient.java:1601)
	at org.apache.hadoop.hive.metastore.HiveMetaStoreClient.dropDatabase(HiveMetaStoreClient.java:1532)
	at org.apache.hadoop.hive.metastore.HiveMetaStoreClient.dropDatabase(HiveMetaStoreClient.java:1485)
	at sun.reflect.NativeMethodAccessorImpl.invoke0(Native Method)
	at sun.reflect.NativeMethodAccessorImpl.invoke(NativeMethodAccessorImpl.java:62)
	at sun.reflect.DelegatingMethodAccessorImpl.invoke(DelegatingMethodAccessorImpl.java:43)
	at java.lang.reflect.Method.invoke(Method.java:498)
	at org.apache.hadoop.hive.metastore.RetryingMetaStoreClient.invoke(RetryingMetaStoreClient.java:218)
	at com.sun.proxy.$Proxy45.dropDatabase(Unknown Source)
	at org.apache.hadoop.hive.ql.metadata.Hive.dropDatabase(Hive.java:662)
	at org.apache.hadoop.hive.ql.ddl.database.drop.DropDatabaseOperation.execute(DropDatabaseOperation.java:52)
	at org.apache.hadoop.hive.ql.ddl.DDLTask.execute(DDLTask.java:84)
	at org.apache.hadoop.hive.ql.exec.Task.executeTask(Task.java:212)
	at org.apache.hadoop.hive.ql.exec.TaskRunner.runSequential(TaskRunner.java:105)
	at org.apache.hadoop.hive.ql.Executor.launchTask(Executor.java:361)
	at org.apache.hadoop.hive.ql.Executor.launchTasks(Executor.java:334)
	at org.apache.hadoop.hive.ql.Executor.runTasks(Executor.java:245)
	at org.apache.hadoop.hive.ql.Executor.execute(Executor.java:108)
	at org.apache.hadoop.hive.ql.Driver.execute(Driver.java:348)
	at org.apache.hadoop.hive.ql.Driver.runInternal(Driver.java:204)
	at org.apache.hadoop.hive.ql.Driver.run(Driver.java:153)
	at org.apache.hadoop.hive.ql.Driver.run(Driver.java:148)
	at org.apache.hadoop.hive.ql.reexec.ReExecDriver.run(ReExecDriver.java:164)
	at org.apache.hadoop.hive.ql.reexec.ReExecDriver.run(ReExecDriver.java:230)
	at org.apache.hive.hcatalog.pig.AbstractHCatLoaderTest.executeStatementOnDriver(AbstractHCatLoaderTest.java:151)
	at org.apache.hive.hcatalog.pig.AbstractHCatLoaderTest.tearDown(AbstractHCatLoaderTest.java:239)
	at sun.reflect.NativeMethodAccessorImpl.invoke0(Native Method)
	at sun.reflect.NativeMethodAccessorImpl.invoke(NativeMethodAccessorImpl.java:62)
	at sun.reflect.DelegatingMethodAccessorImpl.invoke(DelegatingMethodAccessorImpl.java:43)
	at java.lang.reflect.Method.invoke(Method.java:498)
	at org.junit.runners.model.FrameworkMethod$1.runReflectiveCall(FrameworkMethod.java:59)
	at org.junit.internal.runners.model.ReflectiveCallable.run(ReflectiveCallable.java:12)
	at org.junit.runners.model.FrameworkMethod.invokeExplosively(FrameworkMethod.java:56)
	at org.junit.internal.runners.statements.RunAfters.invokeMethod(RunAfters.java:46)
	at org.junit.internal.runners.statements.RunAfters.evaluate(RunAfters.java:33)
	at org.junit.runners.ParentRunner$3.evaluate(ParentRunner.java:306)
	at org.junit.runners.BlockJUnit4ClassRunner$1.evaluate(BlockJUnit4ClassRunner.java:100)
	at org.junit.runners.ParentRunner.runLeaf(ParentRunner.java:366)
	at org.junit.runners.BlockJUnit4ClassRunner.runChild(BlockJUnit4ClassRunner.java:103)
	at org.junit.runners.BlockJUnit4ClassRunner.runChild(BlockJUnit4ClassRunner.java:63)
	at org.junit.runners.ParentRunner$4.run(ParentRunner.java:331)
	at org.junit.runners.ParentRunner$1.schedule(ParentRunner.java:79)
	at org.junit.runners.ParentRunner.runChildren(ParentRunner.java:329)
	at org.junit.runners.ParentRunner.access$100(ParentRunner.java:66)
	at org.junit.runners.ParentRunner$2.evaluate(ParentRunner.java:293)
	at org.junit.internal.runners.statements.RunBefores.evaluate(RunBefores.java:26)
	at org.junit.runners.ParentRunner$3.evaluate(ParentRunner.java:306)
	at org.junit.runners.ParentRunner.run(ParentRunner.java:413)
	at org.junit.runners.Suite.runChild(Suite.java:128)
	at org.junit.runners.Suite.runChild(Suite.java:27)
	at org.junit.runners.ParentRunner$4.run(ParentRunner.java:331)
	at org.junit.runners.ParentRunner$1.schedule(ParentRunner.java:79)
	at org.junit.runners.ParentRunner.runChildren(ParentRunner.java:329)
	at org.junit.runners.ParentRunner.access$100(ParentRunner.java:66)
	at org.junit.runners.ParentRunner$2.evaluate(ParentRunner.java:293)
	at org.junit.runners.ParentRunner$3.evaluate(ParentRunner.java:306)
	at org.junit.runners.ParentRunner.run(ParentRunner.java:413)
	at org.apache.maven.surefire.junitcore.JUnitCore.run(JUnitCore.java:55)
	at org.apache.maven.surefire.junitcore.JUnitCoreWrapper.createRequestAndRun(JUnitCoreWrapper.java:137)
	at org.apache.maven.surefire.junitcore.JUnitCoreWrapper.executeEager(JUnitCoreWrapper.java:107)
	at org.apache.maven.surefire.junitcore.JUnitCoreWrapper.execute(JUnitCoreWrapper.java:83)
	at org.apache.maven.surefire.junitcore.JUnitCoreWrapper.execute(JUnitCoreWrapper.java:75)
	at org.apache.maven.surefire.junitcore.JUnitCoreProvider.invoke(JUnitCoreProvider.java:158)
	at org.apache.maven.surefire.booter.ForkedBooter.runSuitesInProcess(ForkedBooter.java:377)
	at org.apache.maven.surefire.booter.ForkedBooter.execute(ForkedBooter.java:138)
	at org.apache.maven.surefire.booter.ForkedBooter.run(ForkedBooter.java:465)
	at org.apache.maven.surefire.booter.ForkedBooter.main(ForkedBooter.java:451)
Caused by: org.apache.derby.shared.common.error.DerbySQLIntegrityConstraintViolationException: DELETE on table 'DBS' caused a violation of foreign key constraint 'TBLS_FK1' for key (3).  The statement has been rolled back.
	at org.apache.derby.impl.jdbc.SQLExceptionFactory.getSQLException(Unknown Source)
	at org.apache.derby.impl.jdbc.Util.generateCsSQLException(Unknown Source)
	at org.apache.derby.impl.jdbc.TransactionResourceImpl.wrapInSQLException(Unknown Source)
	at org.apache.derby.impl.jdbc.TransactionResourceImpl.handleException(Unknown Source)
	at org.apache.derby.impl.jdbc.EmbedConnection.handleException(Unknown Source)
	at org.apache.derby.impl.jdbc.ConnectionChild.handleException(Unknown Source)
	at org.apache.derby.impl.jdbc.EmbedStatement.executeStatement(Unknown Source)
	at org.apache.derby.impl.jdbc.EmbedPreparedStatement.executeBatchElement(Unknown Source)
	... 94 more
Caused by: ERROR 23503: DELETE on table 'DBS' caused a violation of foreign key constraint 'TBLS_FK1' for key (3).  The statement has been rolled back.
	at org.apache.derby.iapi.error.StandardException.newException(Unknown Source)
	at org.apache.derby.iapi.error.StandardException.newException(Unknown Source)
	at org.apache.derby.impl.sql.execute.ReferencedKeyRIChecker.doCheck(Unknown Source)
	at org.apache.derby.impl.sql.execute.RISetChecker.doPKCheck(Unknown Source)
	at org.apache.derby.impl.sql.execute.DeleteResultSet.collectAffectedRows(Unknown Source)
	at org.apache.derby.impl.sql.execute.DeleteResultSet.open(Unknown Source)
	at org.apache.derby.impl.sql.GenericPreparedStatement.executeStmt(Unknown Source)
	at org.apache.derby.impl.sql.GenericPreparedStatement.execute(Unknown Source)
	... 96 more

2024-04-24T11:27:53,106  INFO [main] HiveMetaStore.audit: ugi=alex	ip=unknown-ip-addr	cmd=drop_database: @hive#junit_specific_db	
2024-04-24T11:27:53,112  INFO [main] HiveMetaStore.audit: ugi=alex	ip=unknown-ip-addr	cmd=get_all_tables: db=@hive#junit_specific_db	
2024-04-24T11:27:53,112  INFO [main] HiveMetaStore.audit: ugi=alex	ip=unknown-ip-addr	cmd=get_functions: db=@hive#junit_specific_db pat=*	
2024-04-24T11:27:53,114  INFO [main] HiveMetaStore.audit: ugi=alex	ip=unknown-ip-addr	cmd=get_all_stored_procedures	
2024-04-24T11:27:53,116  INFO [main] HiveMetaStore.audit: ugi=alex	ip=unknown-ip-addr	cmd=get_all_packages	
2024-04-24T11:27:53,117  INFO [main] HiveMetaStore.audit: ugi=alex	ip=unknown-ip-addr	cmd=getTablesByTypeCore: catName=hive: db=junit_specific_db pat=.*,type=MATERIALIZED_VIEW	
2024-04-24T11:27:53,121  INFO [main] metastore.ObjectStore: Dropping database hive.junit_specific_db along with all tables
2024-04-24T11:27:53,128  INFO [main] txn.TxnHandler: Non-retryable error in cleanupRecords : Table/View 'TXN_COMPONENTS' does not exist. (SQLState=42X05, ErrorCode=20000)
2024-04-24T11:27:53,128  WARN [main] txn.TxnHandler: Cannot perform cleanup since metastore table does not exist
2024-04-24T11:27:53,129 ERROR [main] metastore.RetryingHMSHandler: Retrying HMSHandler after 2000 ms (attempt 10 of 10) with error: javax.jdo.JDODataStoreException: Exception thrown flushing changes to datastore
	at org.datanucleus.api.jdo.NucleusJDOHelper.getJDOExceptionForNucleusException(NucleusJDOHelper.java:542)
	at org.datanucleus.api.jdo.JDOTransaction.commit(JDOTransaction.java:162)
	at org.apache.hadoop.hive.metastore.ObjectStore.commitTransaction(ObjectStore.java:615)
	at sun.reflect.GeneratedMethodAccessor31.invoke(Unknown Source)
	at sun.reflect.DelegatingMethodAccessorImpl.invoke(DelegatingMethodAccessorImpl.java:43)
	at java.lang.reflect.Method.invoke(Method.java:498)
	at org.apache.hadoop.hive.metastore.RawStoreProxy.invoke(RawStoreProxy.java:97)
	at com.sun.proxy.$Proxy32.commitTransaction(Unknown Source)
	at org.apache.hadoop.hive.metastore.HMSHandler.drop_database_core(HMSHandler.java:1790)
	at org.apache.hadoop.hive.metastore.HMSHandler.drop_database(HMSHandler.java:1869)
	at sun.reflect.GeneratedMethodAccessor54.invoke(Unknown Source)
	at sun.reflect.DelegatingMethodAccessorImpl.invoke(DelegatingMethodAccessorImpl.java:43)
	at java.lang.reflect.Method.invoke(Method.java:498)
	at org.apache.hadoop.hive.metastore.RetryingHMSHandler.invokeInternal(RetryingHMSHandler.java:147)
	at org.apache.hadoop.hive.metastore.RetryingHMSHandler.invoke(RetryingHMSHandler.java:108)
	at com.sun.proxy.$Proxy35.drop_database(Unknown Source)
	at org.apache.hadoop.hive.metastore.HiveMetaStoreClient.dropDatabaseCascadePerDb(HiveMetaStoreClient.java:1601)
	at org.apache.hadoop.hive.metastore.HiveMetaStoreClient.dropDatabase(HiveMetaStoreClient.java:1532)
	at org.apache.hadoop.hive.metastore.HiveMetaStoreClient.dropDatabase(HiveMetaStoreClient.java:1485)
	at sun.reflect.NativeMethodAccessorImpl.invoke0(Native Method)
	at sun.reflect.NativeMethodAccessorImpl.invoke(NativeMethodAccessorImpl.java:62)
	at sun.reflect.DelegatingMethodAccessorImpl.invoke(DelegatingMethodAccessorImpl.java:43)
	at java.lang.reflect.Method.invoke(Method.java:498)
	at org.apache.hadoop.hive.metastore.RetryingMetaStoreClient.invoke(RetryingMetaStoreClient.java:218)
	at com.sun.proxy.$Proxy45.dropDatabase(Unknown Source)
	at org.apache.hadoop.hive.ql.metadata.Hive.dropDatabase(Hive.java:662)
	at org.apache.hadoop.hive.ql.ddl.database.drop.DropDatabaseOperation.execute(DropDatabaseOperation.java:52)
	at org.apache.hadoop.hive.ql.ddl.DDLTask.execute(DDLTask.java:84)
	at org.apache.hadoop.hive.ql.exec.Task.executeTask(Task.java:212)
	at org.apache.hadoop.hive.ql.exec.TaskRunner.runSequential(TaskRunner.java:105)
	at org.apache.hadoop.hive.ql.Executor.launchTask(Executor.java:361)
	at org.apache.hadoop.hive.ql.Executor.launchTasks(Executor.java:334)
	at org.apache.hadoop.hive.ql.Executor.runTasks(Executor.java:245)
	at org.apache.hadoop.hive.ql.Executor.execute(Executor.java:108)
	at org.apache.hadoop.hive.ql.Driver.execute(Driver.java:348)
	at org.apache.hadoop.hive.ql.Driver.runInternal(Driver.java:204)
	at org.apache.hadoop.hive.ql.Driver.run(Driver.java:153)
	at org.apache.hadoop.hive.ql.Driver.run(Driver.java:148)
	at org.apache.hadoop.hive.ql.reexec.ReExecDriver.run(ReExecDriver.java:164)
	at org.apache.hadoop.hive.ql.reexec.ReExecDriver.run(ReExecDriver.java:230)
	at org.apache.hive.hcatalog.pig.AbstractHCatLoaderTest.executeStatementOnDriver(AbstractHCatLoaderTest.java:151)
	at org.apache.hive.hcatalog.pig.AbstractHCatLoaderTest.tearDown(AbstractHCatLoaderTest.java:239)
	at sun.reflect.NativeMethodAccessorImpl.invoke0(Native Method)
	at sun.reflect.NativeMethodAccessorImpl.invoke(NativeMethodAccessorImpl.java:62)
	at sun.reflect.DelegatingMethodAccessorImpl.invoke(DelegatingMethodAccessorImpl.java:43)
	at java.lang.reflect.Method.invoke(Method.java:498)
	at org.junit.runners.model.FrameworkMethod$1.runReflectiveCall(FrameworkMethod.java:59)
	at org.junit.internal.runners.model.ReflectiveCallable.run(ReflectiveCallable.java:12)
	at org.junit.runners.model.FrameworkMethod.invokeExplosively(FrameworkMethod.java:56)
	at org.junit.internal.runners.statements.RunAfters.invokeMethod(RunAfters.java:46)
	at org.junit.internal.runners.statements.RunAfters.evaluate(RunAfters.java:33)
	at org.junit.runners.ParentRunner$3.evaluate(ParentRunner.java:306)
	at org.junit.runners.BlockJUnit4ClassRunner$1.evaluate(BlockJUnit4ClassRunner.java:100)
	at org.junit.runners.ParentRunner.runLeaf(ParentRunner.java:366)
	at org.junit.runners.BlockJUnit4ClassRunner.runChild(BlockJUnit4ClassRunner.java:103)
	at org.junit.runners.BlockJUnit4ClassRunner.runChild(BlockJUnit4ClassRunner.java:63)
	at org.junit.runners.ParentRunner$4.run(ParentRunner.java:331)
	at org.junit.runners.ParentRunner$1.schedule(ParentRunner.java:79)
	at org.junit.runners.ParentRunner.runChildren(ParentRunner.java:329)
	at org.junit.runners.ParentRunner.access$100(ParentRunner.java:66)
	at org.junit.runners.ParentRunner$2.evaluate(ParentRunner.java:293)
	at org.junit.internal.runners.statements.RunBefores.evaluate(RunBefores.java:26)
	at org.junit.runners.ParentRunner$3.evaluate(ParentRunner.java:306)
	at org.junit.runners.ParentRunner.run(ParentRunner.java:413)
	at org.junit.runners.Suite.runChild(Suite.java:128)
	at org.junit.runners.Suite.runChild(Suite.java:27)
	at org.junit.runners.ParentRunner$4.run(ParentRunner.java:331)
	at org.junit.runners.ParentRunner$1.schedule(ParentRunner.java:79)
	at org.junit.runners.ParentRunner.runChildren(ParentRunner.java:329)
	at org.junit.runners.ParentRunner.access$100(ParentRunner.java:66)
	at org.junit.runners.ParentRunner$2.evaluate(ParentRunner.java:293)
	at org.junit.runners.ParentRunner$3.evaluate(ParentRunner.java:306)
	at org.junit.runners.ParentRunner.run(ParentRunner.java:413)
	at org.apache.maven.surefire.junitcore.JUnitCore.run(JUnitCore.java:55)
	at org.apache.maven.surefire.junitcore.JUnitCoreWrapper.createRequestAndRun(JUnitCoreWrapper.java:137)
	at org.apache.maven.surefire.junitcore.JUnitCoreWrapper.executeEager(JUnitCoreWrapper.java:107)
	at org.apache.maven.surefire.junitcore.JUnitCoreWrapper.execute(JUnitCoreWrapper.java:83)
	at org.apache.maven.surefire.junitcore.JUnitCoreWrapper.execute(JUnitCoreWrapper.java:75)
	at org.apache.maven.surefire.junitcore.JUnitCoreProvider.invoke(JUnitCoreProvider.java:158)
	at org.apache.maven.surefire.booter.ForkedBooter.runSuitesInProcess(ForkedBooter.java:377)
	at org.apache.maven.surefire.booter.ForkedBooter.execute(ForkedBooter.java:138)
	at org.apache.maven.surefire.booter.ForkedBooter.run(ForkedBooter.java:465)
	at org.apache.maven.surefire.booter.ForkedBooter.main(ForkedBooter.java:451)
NestedThrowablesStackTrace:
java.sql.BatchUpdateException: DELETE on table 'DBS' caused a violation of foreign key constraint 'TBLS_FK1' for key (3).  The statement has been rolled back.
	at org.apache.derby.impl.jdbc.EmbedStatement.executeLargeBatch(Unknown Source)
	at org.apache.derby.impl.jdbc.EmbedStatement.executeBatch(Unknown Source)
	at com.zaxxer.hikari.pool.ProxyStatement.executeBatch(ProxyStatement.java:128)
	at com.zaxxer.hikari.pool.HikariProxyPreparedStatement.executeBatch(HikariProxyPreparedStatement.java)
	at org.datanucleus.store.rdbms.ParamLoggingPreparedStatement.executeBatch(ParamLoggingPreparedStatement.java:366)
	at org.datanucleus.store.rdbms.SQLController.processConnectionStatement(SQLController.java:675)
	at org.datanucleus.store.rdbms.SQLController.processStatementsForConnection(SQLController.java:643)
	at org.datanucleus.store.rdbms.SQLController$1.transactionFlushed(SQLController.java:729)
	at org.datanucleus.store.connection.AbstractManagedConnection.transactionFlushed(AbstractManagedConnection.java:95)
	at org.datanucleus.store.connection.ConnectionManagerImpl$2.transactionFlushed(ConnectionManagerImpl.java:528)
	at org.datanucleus.TransactionImpl.flush(TransactionImpl.java:222)
	at org.datanucleus.TransactionImpl.commit(TransactionImpl.java:286)
	at org.datanucleus.api.jdo.JDOTransaction.commit(JDOTransaction.java:99)
	at org.apache.hadoop.hive.metastore.ObjectStore.commitTransaction(ObjectStore.java:615)
	at sun.reflect.GeneratedMethodAccessor31.invoke(Unknown Source)
	at sun.reflect.DelegatingMethodAccessorImpl.invoke(DelegatingMethodAccessorImpl.java:43)
	at java.lang.reflect.Method.invoke(Method.java:498)
	at org.apache.hadoop.hive.metastore.RawStoreProxy.invoke(RawStoreProxy.java:97)
	at com.sun.proxy.$Proxy32.commitTransaction(Unknown Source)
	at org.apache.hadoop.hive.metastore.HMSHandler.drop_database_core(HMSHandler.java:1790)
	at org.apache.hadoop.hive.metastore.HMSHandler.drop_database(HMSHandler.java:1869)
	at sun.reflect.GeneratedMethodAccessor54.invoke(Unknown Source)
	at sun.reflect.DelegatingMethodAccessorImpl.invoke(DelegatingMethodAccessorImpl.java:43)
	at java.lang.reflect.Method.invoke(Method.java:498)
	at org.apache.hadoop.hive.metastore.RetryingHMSHandler.invokeInternal(RetryingHMSHandler.java:147)
	at org.apache.hadoop.hive.metastore.RetryingHMSHandler.invoke(RetryingHMSHandler.java:108)
	at com.sun.proxy.$Proxy35.drop_database(Unknown Source)
	at org.apache.hadoop.hive.metastore.HiveMetaStoreClient.dropDatabaseCascadePerDb(HiveMetaStoreClient.java:1601)
	at org.apache.hadoop.hive.metastore.HiveMetaStoreClient.dropDatabase(HiveMetaStoreClient.java:1532)
	at org.apache.hadoop.hive.metastore.HiveMetaStoreClient.dropDatabase(HiveMetaStoreClient.java:1485)
	at sun.reflect.NativeMethodAccessorImpl.invoke0(Native Method)
	at sun.reflect.NativeMethodAccessorImpl.invoke(NativeMethodAccessorImpl.java:62)
	at sun.reflect.DelegatingMethodAccessorImpl.invoke(DelegatingMethodAccessorImpl.java:43)
	at java.lang.reflect.Method.invoke(Method.java:498)
	at org.apache.hadoop.hive.metastore.RetryingMetaStoreClient.invoke(RetryingMetaStoreClient.java:218)
	at com.sun.proxy.$Proxy45.dropDatabase(Unknown Source)
	at org.apache.hadoop.hive.ql.metadata.Hive.dropDatabase(Hive.java:662)
	at org.apache.hadoop.hive.ql.ddl.database.drop.DropDatabaseOperation.execute(DropDatabaseOperation.java:52)
	at org.apache.hadoop.hive.ql.ddl.DDLTask.execute(DDLTask.java:84)
	at org.apache.hadoop.hive.ql.exec.Task.executeTask(Task.java:212)
	at org.apache.hadoop.hive.ql.exec.TaskRunner.runSequential(TaskRunner.java:105)
	at org.apache.hadoop.hive.ql.Executor.launchTask(Executor.java:361)
	at org.apache.hadoop.hive.ql.Executor.launchTasks(Executor.java:334)
	at org.apache.hadoop.hive.ql.Executor.runTasks(Executor.java:245)
	at org.apache.hadoop.hive.ql.Executor.execute(Executor.java:108)
	at org.apache.hadoop.hive.ql.Driver.execute(Driver.java:348)
	at org.apache.hadoop.hive.ql.Driver.runInternal(Driver.java:204)
	at org.apache.hadoop.hive.ql.Driver.run(Driver.java:153)
	at org.apache.hadoop.hive.ql.Driver.run(Driver.java:148)
	at org.apache.hadoop.hive.ql.reexec.ReExecDriver.run(ReExecDriver.java:164)
	at org.apache.hadoop.hive.ql.reexec.ReExecDriver.run(ReExecDriver.java:230)
	at org.apache.hive.hcatalog.pig.AbstractHCatLoaderTest.executeStatementOnDriver(AbstractHCatLoaderTest.java:151)
	at org.apache.hive.hcatalog.pig.AbstractHCatLoaderTest.tearDown(AbstractHCatLoaderTest.java:239)
	at sun.reflect.NativeMethodAccessorImpl.invoke0(Native Method)
	at sun.reflect.NativeMethodAccessorImpl.invoke(NativeMethodAccessorImpl.java:62)
	at sun.reflect.DelegatingMethodAccessorImpl.invoke(DelegatingMethodAccessorImpl.java:43)
	at java.lang.reflect.Method.invoke(Method.java:498)
	at org.junit.runners.model.FrameworkMethod$1.runReflectiveCall(FrameworkMethod.java:59)
	at org.junit.internal.runners.model.ReflectiveCallable.run(ReflectiveCallable.java:12)
	at org.junit.runners.model.FrameworkMethod.invokeExplosively(FrameworkMethod.java:56)
	at org.junit.internal.runners.statements.RunAfters.invokeMethod(RunAfters.java:46)
	at org.junit.internal.runners.statements.RunAfters.evaluate(RunAfters.java:33)
	at org.junit.runners.ParentRunner$3.evaluate(ParentRunner.java:306)
	at org.junit.runners.BlockJUnit4ClassRunner$1.evaluate(BlockJUnit4ClassRunner.java:100)
	at org.junit.runners.ParentRunner.runLeaf(ParentRunner.java:366)
	at org.junit.runners.BlockJUnit4ClassRunner.runChild(BlockJUnit4ClassRunner.java:103)
	at org.junit.runners.BlockJUnit4ClassRunner.runChild(BlockJUnit4ClassRunner.java:63)
	at org.junit.runners.ParentRunner$4.run(ParentRunner.java:331)
	at org.junit.runners.ParentRunner$1.schedule(ParentRunner.java:79)
	at org.junit.runners.ParentRunner.runChildren(ParentRunner.java:329)
	at org.junit.runners.ParentRunner.access$100(ParentRunner.java:66)
	at org.junit.runners.ParentRunner$2.evaluate(ParentRunner.java:293)
	at org.junit.internal.runners.statements.RunBefores.evaluate(RunBefores.java:26)
	at org.junit.runners.ParentRunner$3.evaluate(ParentRunner.java:306)
	at org.junit.runners.ParentRunner.run(ParentRunner.java:413)
	at org.junit.runners.Suite.runChild(Suite.java:128)
	at org.junit.runners.Suite.runChild(Suite.java:27)
	at org.junit.runners.ParentRunner$4.run(ParentRunner.java:331)
	at org.junit.runners.ParentRunner$1.schedule(ParentRunner.java:79)
	at org.junit.runners.ParentRunner.runChildren(ParentRunner.java:329)
	at org.junit.runners.ParentRunner.access$100(ParentRunner.java:66)
	at org.junit.runners.ParentRunner$2.evaluate(ParentRunner.java:293)
	at org.junit.runners.ParentRunner$3.evaluate(ParentRunner.java:306)
	at org.junit.runners.ParentRunner.run(ParentRunner.java:413)
	at org.apache.maven.surefire.junitcore.JUnitCore.run(JUnitCore.java:55)
	at org.apache.maven.surefire.junitcore.JUnitCoreWrapper.createRequestAndRun(JUnitCoreWrapper.java:137)
	at org.apache.maven.surefire.junitcore.JUnitCoreWrapper.executeEager(JUnitCoreWrapper.java:107)
	at org.apache.maven.surefire.junitcore.JUnitCoreWrapper.execute(JUnitCoreWrapper.java:83)
	at org.apache.maven.surefire.junitcore.JUnitCoreWrapper.execute(JUnitCoreWrapper.java:75)
	at org.apache.maven.surefire.junitcore.JUnitCoreProvider.invoke(JUnitCoreProvider.java:158)
	at org.apache.maven.surefire.booter.ForkedBooter.runSuitesInProcess(ForkedBooter.java:377)
	at org.apache.maven.surefire.booter.ForkedBooter.execute(ForkedBooter.java:138)
	at org.apache.maven.surefire.booter.ForkedBooter.run(ForkedBooter.java:465)
	at org.apache.maven.surefire.booter.ForkedBooter.main(ForkedBooter.java:451)
Caused by: org.apache.derby.shared.common.error.DerbySQLIntegrityConstraintViolationException: DELETE on table 'DBS' caused a violation of foreign key constraint 'TBLS_FK1' for key (3).  The statement has been rolled back.
	at org.apache.derby.impl.jdbc.SQLExceptionFactory.getSQLException(Unknown Source)
	at org.apache.derby.impl.jdbc.Util.generateCsSQLException(Unknown Source)
	at org.apache.derby.impl.jdbc.TransactionResourceImpl.wrapInSQLException(Unknown Source)
	at org.apache.derby.impl.jdbc.TransactionResourceImpl.handleException(Unknown Source)
	at org.apache.derby.impl.jdbc.EmbedConnection.handleException(Unknown Source)
	at org.apache.derby.impl.jdbc.ConnectionChild.handleException(Unknown Source)
	at org.apache.derby.impl.jdbc.EmbedStatement.executeStatement(Unknown Source)
	at org.apache.derby.impl.jdbc.EmbedPreparedStatement.executeBatchElement(Unknown Source)
	... 94 more
Caused by: ERROR 23503: DELETE on table 'DBS' caused a violation of foreign key constraint 'TBLS_FK1' for key (3).  The statement has been rolled back.
	at org.apache.derby.iapi.error.StandardException.newException(Unknown Source)
	at org.apache.derby.iapi.error.StandardException.newException(Unknown Source)
	at org.apache.derby.impl.sql.execute.ReferencedKeyRIChecker.doCheck(Unknown Source)
	at org.apache.derby.impl.sql.execute.RISetChecker.doPKCheck(Unknown Source)
	at org.apache.derby.impl.sql.execute.DeleteResultSet.collectAffectedRows(Unknown Source)
	at org.apache.derby.impl.sql.execute.DeleteResultSet.open(Unknown Source)
	at org.apache.derby.impl.sql.GenericPreparedStatement.executeStmt(Unknown Source)
	at org.apache.derby.impl.sql.GenericPreparedStatement.execute(Unknown Source)
	... 96 more

2024-04-24T11:27:55,131  INFO [main] HiveMetaStore.audit: ugi=alex	ip=unknown-ip-addr	cmd=drop_database: @hive#junit_specific_db	
2024-04-24T11:27:55,134  INFO [main] HiveMetaStore.audit: ugi=alex	ip=unknown-ip-addr	cmd=get_all_tables: db=@hive#junit_specific_db	
2024-04-24T11:27:55,135  INFO [main] HiveMetaStore.audit: ugi=alex	ip=unknown-ip-addr	cmd=get_functions: db=@hive#junit_specific_db pat=*	
2024-04-24T11:27:55,137  INFO [main] HiveMetaStore.audit: ugi=alex	ip=unknown-ip-addr	cmd=get_all_stored_procedures	
2024-04-24T11:27:55,139  INFO [main] HiveMetaStore.audit: ugi=alex	ip=unknown-ip-addr	cmd=get_all_packages	
2024-04-24T11:27:55,140  INFO [main] HiveMetaStore.audit: ugi=alex	ip=unknown-ip-addr	cmd=getTablesByTypeCore: catName=hive: db=junit_specific_db pat=.*,type=MATERIALIZED_VIEW	
2024-04-24T11:27:55,144  INFO [main] metastore.ObjectStore: Dropping database hive.junit_specific_db along with all tables
2024-04-24T11:27:55,152  INFO [main] txn.TxnHandler: Non-retryable error in cleanupRecords : Table/View 'TXN_COMPONENTS' does not exist. (SQLState=42X05, ErrorCode=20000)
2024-04-24T11:27:55,152  WARN [main] txn.TxnHandler: Cannot perform cleanup since metastore table does not exist
2024-04-24T11:27:55,155 ERROR [main] metastore.RetryingHMSHandler: HMSHandler Fatal error: javax.jdo.JDODataStoreException: Exception thrown flushing changes to datastore
	at org.datanucleus.api.jdo.NucleusJDOHelper.getJDOExceptionForNucleusException(NucleusJDOHelper.java:542)
	at org.datanucleus.api.jdo.JDOTransaction.commit(JDOTransaction.java:162)
	at org.apache.hadoop.hive.metastore.ObjectStore.commitTransaction(ObjectStore.java:615)
	at sun.reflect.GeneratedMethodAccessor31.invoke(Unknown Source)
	at sun.reflect.DelegatingMethodAccessorImpl.invoke(DelegatingMethodAccessorImpl.java:43)
	at java.lang.reflect.Method.invoke(Method.java:498)
	at org.apache.hadoop.hive.metastore.RawStoreProxy.invoke(RawStoreProxy.java:97)
	at com.sun.proxy.$Proxy32.commitTransaction(Unknown Source)
	at org.apache.hadoop.hive.metastore.HMSHandler.drop_database_core(HMSHandler.java:1790)
	at org.apache.hadoop.hive.metastore.HMSHandler.drop_database(HMSHandler.java:1869)
	at sun.reflect.GeneratedMethodAccessor54.invoke(Unknown Source)
	at sun.reflect.DelegatingMethodAccessorImpl.invoke(DelegatingMethodAccessorImpl.java:43)
	at java.lang.reflect.Method.invoke(Method.java:498)
	at org.apache.hadoop.hive.metastore.RetryingHMSHandler.invokeInternal(RetryingHMSHandler.java:147)
	at org.apache.hadoop.hive.metastore.RetryingHMSHandler.invoke(RetryingHMSHandler.java:108)
	at com.sun.proxy.$Proxy35.drop_database(Unknown Source)
	at org.apache.hadoop.hive.metastore.HiveMetaStoreClient.dropDatabaseCascadePerDb(HiveMetaStoreClient.java:1601)
	at org.apache.hadoop.hive.metastore.HiveMetaStoreClient.dropDatabase(HiveMetaStoreClient.java:1532)
	at org.apache.hadoop.hive.metastore.HiveMetaStoreClient.dropDatabase(HiveMetaStoreClient.java:1485)
	at sun.reflect.NativeMethodAccessorImpl.invoke0(Native Method)
	at sun.reflect.NativeMethodAccessorImpl.invoke(NativeMethodAccessorImpl.java:62)
	at sun.reflect.DelegatingMethodAccessorImpl.invoke(DelegatingMethodAccessorImpl.java:43)
	at java.lang.reflect.Method.invoke(Method.java:498)
	at org.apache.hadoop.hive.metastore.RetryingMetaStoreClient.invoke(RetryingMetaStoreClient.java:218)
	at com.sun.proxy.$Proxy45.dropDatabase(Unknown Source)
	at org.apache.hadoop.hive.ql.metadata.Hive.dropDatabase(Hive.java:662)
	at org.apache.hadoop.hive.ql.ddl.database.drop.DropDatabaseOperation.execute(DropDatabaseOperation.java:52)
	at org.apache.hadoop.hive.ql.ddl.DDLTask.execute(DDLTask.java:84)
	at org.apache.hadoop.hive.ql.exec.Task.executeTask(Task.java:212)
	at org.apache.hadoop.hive.ql.exec.TaskRunner.runSequential(TaskRunner.java:105)
	at org.apache.hadoop.hive.ql.Executor.launchTask(Executor.java:361)
	at org.apache.hadoop.hive.ql.Executor.launchTasks(Executor.java:334)
	at org.apache.hadoop.hive.ql.Executor.runTasks(Executor.java:245)
	at org.apache.hadoop.hive.ql.Executor.execute(Executor.java:108)
	at org.apache.hadoop.hive.ql.Driver.execute(Driver.java:348)
	at org.apache.hadoop.hive.ql.Driver.runInternal(Driver.java:204)
	at org.apache.hadoop.hive.ql.Driver.run(Driver.java:153)
	at org.apache.hadoop.hive.ql.Driver.run(Driver.java:148)
	at org.apache.hadoop.hive.ql.reexec.ReExecDriver.run(ReExecDriver.java:164)
	at org.apache.hadoop.hive.ql.reexec.ReExecDriver.run(ReExecDriver.java:230)
	at org.apache.hive.hcatalog.pig.AbstractHCatLoaderTest.executeStatementOnDriver(AbstractHCatLoaderTest.java:151)
	at org.apache.hive.hcatalog.pig.AbstractHCatLoaderTest.tearDown(AbstractHCatLoaderTest.java:239)
	at sun.reflect.NativeMethodAccessorImpl.invoke0(Native Method)
	at sun.reflect.NativeMethodAccessorImpl.invoke(NativeMethodAccessorImpl.java:62)
	at sun.reflect.DelegatingMethodAccessorImpl.invoke(DelegatingMethodAccessorImpl.java:43)
	at java.lang.reflect.Method.invoke(Method.java:498)
	at org.junit.runners.model.FrameworkMethod$1.runReflectiveCall(FrameworkMethod.java:59)
	at org.junit.internal.runners.model.ReflectiveCallable.run(ReflectiveCallable.java:12)
	at org.junit.runners.model.FrameworkMethod.invokeExplosively(FrameworkMethod.java:56)
	at org.junit.internal.runners.statements.RunAfters.invokeMethod(RunAfters.java:46)
	at org.junit.internal.runners.statements.RunAfters.evaluate(RunAfters.java:33)
	at org.junit.runners.ParentRunner$3.evaluate(ParentRunner.java:306)
	at org.junit.runners.BlockJUnit4ClassRunner$1.evaluate(BlockJUnit4ClassRunner.java:100)
	at org.junit.runners.ParentRunner.runLeaf(ParentRunner.java:366)
	at org.junit.runners.BlockJUnit4ClassRunner.runChild(BlockJUnit4ClassRunner.java:103)
	at org.junit.runners.BlockJUnit4ClassRunner.runChild(BlockJUnit4ClassRunner.java:63)
	at org.junit.runners.ParentRunner$4.run(ParentRunner.java:331)
	at org.junit.runners.ParentRunner$1.schedule(ParentRunner.java:79)
	at org.junit.runners.ParentRunner.runChildren(ParentRunner.java:329)
	at org.junit.runners.ParentRunner.access$100(ParentRunner.java:66)
	at org.junit.runners.ParentRunner$2.evaluate(ParentRunner.java:293)
	at org.junit.internal.runners.statements.RunBefores.evaluate(RunBefores.java:26)
	at org.junit.runners.ParentRunner$3.evaluate(ParentRunner.java:306)
	at org.junit.runners.ParentRunner.run(ParentRunner.java:413)
	at org.junit.runners.Suite.runChild(Suite.java:128)
	at org.junit.runners.Suite.runChild(Suite.java:27)
	at org.junit.runners.ParentRunner$4.run(ParentRunner.java:331)
	at org.junit.runners.ParentRunner$1.schedule(ParentRunner.java:79)
	at org.junit.runners.ParentRunner.runChildren(ParentRunner.java:329)
	at org.junit.runners.ParentRunner.access$100(ParentRunner.java:66)
	at org.junit.runners.ParentRunner$2.evaluate(ParentRunner.java:293)
	at org.junit.runners.ParentRunner$3.evaluate(ParentRunner.java:306)
	at org.junit.runners.ParentRunner.run(ParentRunner.java:413)
	at org.apache.maven.surefire.junitcore.JUnitCore.run(JUnitCore.java:55)
	at org.apache.maven.surefire.junitcore.JUnitCoreWrapper.createRequestAndRun(JUnitCoreWrapper.java:137)
	at org.apache.maven.surefire.junitcore.JUnitCoreWrapper.executeEager(JUnitCoreWrapper.java:107)
	at org.apache.maven.surefire.junitcore.JUnitCoreWrapper.execute(JUnitCoreWrapper.java:83)
	at org.apache.maven.surefire.junitcore.JUnitCoreWrapper.execute(JUnitCoreWrapper.java:75)
	at org.apache.maven.surefire.junitcore.JUnitCoreProvider.invoke(JUnitCoreProvider.java:158)
	at org.apache.maven.surefire.booter.ForkedBooter.runSuitesInProcess(ForkedBooter.java:377)
	at org.apache.maven.surefire.booter.ForkedBooter.execute(ForkedBooter.java:138)
	at org.apache.maven.surefire.booter.ForkedBooter.run(ForkedBooter.java:465)
	at org.apache.maven.surefire.booter.ForkedBooter.main(ForkedBooter.java:451)
NestedThrowablesStackTrace:
java.sql.BatchUpdateException: DELETE on table 'DBS' caused a violation of foreign key constraint 'TBLS_FK1' for key (3).  The statement has been rolled back.
	at org.apache.derby.impl.jdbc.EmbedStatement.executeLargeBatch(Unknown Source)
	at org.apache.derby.impl.jdbc.EmbedStatement.executeBatch(Unknown Source)
	at com.zaxxer.hikari.pool.ProxyStatement.executeBatch(ProxyStatement.java:128)
	at com.zaxxer.hikari.pool.HikariProxyPreparedStatement.executeBatch(HikariProxyPreparedStatement.java)
	at org.datanucleus.store.rdbms.ParamLoggingPreparedStatement.executeBatch(ParamLoggingPreparedStatement.java:366)
	at org.datanucleus.store.rdbms.SQLController.processConnectionStatement(SQLController.java:675)
	at org.datanucleus.store.rdbms.SQLController.processStatementsForConnection(SQLController.java:643)
	at org.datanucleus.store.rdbms.SQLController$1.transactionFlushed(SQLController.java:729)
	at org.datanucleus.store.connection.AbstractManagedConnection.transactionFlushed(AbstractManagedConnection.java:95)
	at org.datanucleus.store.connection.ConnectionManagerImpl$2.transactionFlushed(ConnectionManagerImpl.java:528)
	at org.datanucleus.TransactionImpl.flush(TransactionImpl.java:222)
	at org.datanucleus.TransactionImpl.commit(TransactionImpl.java:286)
	at org.datanucleus.api.jdo.JDOTransaction.commit(JDOTransaction.java:99)
	at org.apache.hadoop.hive.metastore.ObjectStore.commitTransaction(ObjectStore.java:615)
	at sun.reflect.GeneratedMethodAccessor31.invoke(Unknown Source)
	at sun.reflect.DelegatingMethodAccessorImpl.invoke(DelegatingMethodAccessorImpl.java:43)
	at java.lang.reflect.Method.invoke(Method.java:498)
	at org.apache.hadoop.hive.metastore.RawStoreProxy.invoke(RawStoreProxy.java:97)
	at com.sun.proxy.$Proxy32.commitTransaction(Unknown Source)
	at org.apache.hadoop.hive.metastore.HMSHandler.drop_database_core(HMSHandler.java:1790)
	at org.apache.hadoop.hive.metastore.HMSHandler.drop_database(HMSHandler.java:1869)
	at sun.reflect.GeneratedMethodAccessor54.invoke(Unknown Source)
	at sun.reflect.DelegatingMethodAccessorImpl.invoke(DelegatingMethodAccessorImpl.java:43)
	at java.lang.reflect.Method.invoke(Method.java:498)
	at org.apache.hadoop.hive.metastore.RetryingHMSHandler.invokeInternal(RetryingHMSHandler.java:147)
	at org.apache.hadoop.hive.metastore.RetryingHMSHandler.invoke(RetryingHMSHandler.java:108)
	at com.sun.proxy.$Proxy35.drop_database(Unknown Source)
	at org.apache.hadoop.hive.metastore.HiveMetaStoreClient.dropDatabaseCascadePerDb(HiveMetaStoreClient.java:1601)
	at org.apache.hadoop.hive.metastore.HiveMetaStoreClient.dropDatabase(HiveMetaStoreClient.java:1532)
	at org.apache.hadoop.hive.metastore.HiveMetaStoreClient.dropDatabase(HiveMetaStoreClient.java:1485)
	at sun.reflect.NativeMethodAccessorImpl.invoke0(Native Method)
	at sun.reflect.NativeMethodAccessorImpl.invoke(NativeMethodAccessorImpl.java:62)
	at sun.reflect.DelegatingMethodAccessorImpl.invoke(DelegatingMethodAccessorImpl.java:43)
	at java.lang.reflect.Method.invoke(Method.java:498)
	at org.apache.hadoop.hive.metastore.RetryingMetaStoreClient.invoke(RetryingMetaStoreClient.java:218)
	at com.sun.proxy.$Proxy45.dropDatabase(Unknown Source)
	at org.apache.hadoop.hive.ql.metadata.Hive.dropDatabase(Hive.java:662)
	at org.apache.hadoop.hive.ql.ddl.database.drop.DropDatabaseOperation.execute(DropDatabaseOperation.java:52)
	at org.apache.hadoop.hive.ql.ddl.DDLTask.execute(DDLTask.java:84)
	at org.apache.hadoop.hive.ql.exec.Task.executeTask(Task.java:212)
	at org.apache.hadoop.hive.ql.exec.TaskRunner.runSequential(TaskRunner.java:105)
	at org.apache.hadoop.hive.ql.Executor.launchTask(Executor.java:361)
	at org.apache.hadoop.hive.ql.Executor.launchTasks(Executor.java:334)
	at org.apache.hadoop.hive.ql.Executor.runTasks(Executor.java:245)
	at org.apache.hadoop.hive.ql.Executor.execute(Executor.java:108)
	at org.apache.hadoop.hive.ql.Driver.execute(Driver.java:348)
	at org.apache.hadoop.hive.ql.Driver.runInternal(Driver.java:204)
	at org.apache.hadoop.hive.ql.Driver.run(Driver.java:153)
	at org.apache.hadoop.hive.ql.Driver.run(Driver.java:148)
	at org.apache.hadoop.hive.ql.reexec.ReExecDriver.run(ReExecDriver.java:164)
	at org.apache.hadoop.hive.ql.reexec.ReExecDriver.run(ReExecDriver.java:230)
	at org.apache.hive.hcatalog.pig.AbstractHCatLoaderTest.executeStatementOnDriver(AbstractHCatLoaderTest.java:151)
	at org.apache.hive.hcatalog.pig.AbstractHCatLoaderTest.tearDown(AbstractHCatLoaderTest.java:239)
	at sun.reflect.NativeMethodAccessorImpl.invoke0(Native Method)
	at sun.reflect.NativeMethodAccessorImpl.invoke(NativeMethodAccessorImpl.java:62)
	at sun.reflect.DelegatingMethodAccessorImpl.invoke(DelegatingMethodAccessorImpl.java:43)
	at java.lang.reflect.Method.invoke(Method.java:498)
	at org.junit.runners.model.FrameworkMethod$1.runReflectiveCall(FrameworkMethod.java:59)
	at org.junit.internal.runners.model.ReflectiveCallable.run(ReflectiveCallable.java:12)
	at org.junit.runners.model.FrameworkMethod.invokeExplosively(FrameworkMethod.java:56)
	at org.junit.internal.runners.statements.RunAfters.invokeMethod(RunAfters.java:46)
	at org.junit.internal.runners.statements.RunAfters.evaluate(RunAfters.java:33)
	at org.junit.runners.ParentRunner$3.evaluate(ParentRunner.java:306)
	at org.junit.runners.BlockJUnit4ClassRunner$1.evaluate(BlockJUnit4ClassRunner.java:100)
	at org.junit.runners.ParentRunner.runLeaf(ParentRunner.java:366)
	at org.junit.runners.BlockJUnit4ClassRunner.runChild(BlockJUnit4ClassRunner.java:103)
	at org.junit.runners.BlockJUnit4ClassRunner.runChild(BlockJUnit4ClassRunner.java:63)
	at org.junit.runners.ParentRunner$4.run(ParentRunner.java:331)
	at org.junit.runners.ParentRunner$1.schedule(ParentRunner.java:79)
	at org.junit.runners.ParentRunner.runChildren(ParentRunner.java:329)
	at org.junit.runners.ParentRunner.access$100(ParentRunner.java:66)
	at org.junit.runners.ParentRunner$2.evaluate(ParentRunner.java:293)
	at org.junit.internal.runners.statements.RunBefores.evaluate(RunBefores.java:26)
	at org.junit.runners.ParentRunner$3.evaluate(ParentRunner.java:306)
	at org.junit.runners.ParentRunner.run(ParentRunner.java:413)
	at org.junit.runners.Suite.runChild(Suite.java:128)
	at org.junit.runners.Suite.runChild(Suite.java:27)
	at org.junit.runners.ParentRunner$4.run(ParentRunner.java:331)
	at org.junit.runners.ParentRunner$1.schedule(ParentRunner.java:79)
	at org.junit.runners.ParentRunner.runChildren(ParentRunner.java:329)
	at org.junit.runners.ParentRunner.access$100(ParentRunner.java:66)
	at org.junit.runners.ParentRunner$2.evaluate(ParentRunner.java:293)
	at org.junit.runners.ParentRunner$3.evaluate(ParentRunner.java:306)
	at org.junit.runners.ParentRunner.run(ParentRunner.java:413)
	at org.apache.maven.surefire.junitcore.JUnitCore.run(JUnitCore.java:55)
	at org.apache.maven.surefire.junitcore.JUnitCoreWrapper.createRequestAndRun(JUnitCoreWrapper.java:137)
	at org.apache.maven.surefire.junitcore.JUnitCoreWrapper.executeEager(JUnitCoreWrapper.java:107)
	at org.apache.maven.surefire.junitcore.JUnitCoreWrapper.execute(JUnitCoreWrapper.java:83)
	at org.apache.maven.surefire.junitcore.JUnitCoreWrapper.execute(JUnitCoreWrapper.java:75)
	at org.apache.maven.surefire.junitcore.JUnitCoreProvider.invoke(JUnitCoreProvider.java:158)
	at org.apache.maven.surefire.booter.ForkedBooter.runSuitesInProcess(ForkedBooter.java:377)
	at org.apache.maven.surefire.booter.ForkedBooter.execute(ForkedBooter.java:138)
	at org.apache.maven.surefire.booter.ForkedBooter.run(ForkedBooter.java:465)
	at org.apache.maven.surefire.booter.ForkedBooter.main(ForkedBooter.java:451)
Caused by: org.apache.derby.shared.common.error.DerbySQLIntegrityConstraintViolationException: DELETE on table 'DBS' caused a violation of foreign key constraint 'TBLS_FK1' for key (3).  The statement has been rolled back.
	at org.apache.derby.impl.jdbc.SQLExceptionFactory.getSQLException(Unknown Source)
	at org.apache.derby.impl.jdbc.Util.generateCsSQLException(Unknown Source)
	at org.apache.derby.impl.jdbc.TransactionResourceImpl.wrapInSQLException(Unknown Source)
	at org.apache.derby.impl.jdbc.TransactionResourceImpl.handleException(Unknown Source)
	at org.apache.derby.impl.jdbc.EmbedConnection.handleException(Unknown Source)
	at org.apache.derby.impl.jdbc.ConnectionChild.handleException(Unknown Source)
	at org.apache.derby.impl.jdbc.EmbedStatement.executeStatement(Unknown Source)
	at org.apache.derby.impl.jdbc.EmbedPreparedStatement.executeBatchElement(Unknown Source)
	... 94 more
Caused by: ERROR 23503: DELETE on table 'DBS' caused a violation of foreign key constraint 'TBLS_FK1' for key (3).  The statement has been rolled back.
	at org.apache.derby.iapi.error.StandardException.newException(Unknown Source)
	at org.apache.derby.iapi.error.StandardException.newException(Unknown Source)
	at org.apache.derby.impl.sql.execute.ReferencedKeyRIChecker.doCheck(Unknown Source)
	at org.apache.derby.impl.sql.execute.RISetChecker.doPKCheck(Unknown Source)
	at org.apache.derby.impl.sql.execute.DeleteResultSet.collectAffectedRows(Unknown Source)
	at org.apache.derby.impl.sql.execute.DeleteResultSet.open(Unknown Source)
	at org.apache.derby.impl.sql.GenericPreparedStatement.executeStmt(Unknown Source)
	at org.apache.derby.impl.sql.GenericPreparedStatement.execute(Unknown Source)
	... 96 more

2024-04-24T11:27:55,155 ERROR [main] exec.Task: Failed
org.apache.hadoop.hive.ql.metadata.HiveException: MetaException(message:javax.jdo.JDODataStoreException: Exception thrown flushing changes to datastore
NestedThrowables:
java.sql.BatchUpdateException: DELETE on table 'DBS' caused a violation of foreign key constraint 'TBLS_FK1' for key (3).  The statement has been rolled back.)
	at org.apache.hadoop.hive.ql.metadata.Hive.dropDatabase(Hive.java:666) ~[classes/:?]
	at org.apache.hadoop.hive.ql.ddl.database.drop.DropDatabaseOperation.execute(DropDatabaseOperation.java:52) ~[classes/:?]
	at org.apache.hadoop.hive.ql.ddl.DDLTask.execute(DDLTask.java:84) [classes/:?]
	at org.apache.hadoop.hive.ql.exec.Task.executeTask(Task.java:212) [classes/:?]
	at org.apache.hadoop.hive.ql.exec.TaskRunner.runSequential(TaskRunner.java:105) [classes/:?]
	at org.apache.hadoop.hive.ql.Executor.launchTask(Executor.java:361) [classes/:?]
	at org.apache.hadoop.hive.ql.Executor.launchTasks(Executor.java:334) [classes/:?]
	at org.apache.hadoop.hive.ql.Executor.runTasks(Executor.java:245) [classes/:?]
	at org.apache.hadoop.hive.ql.Executor.execute(Executor.java:108) [classes/:?]
	at org.apache.hadoop.hive.ql.Driver.execute(Driver.java:348) [classes/:?]
	at org.apache.hadoop.hive.ql.Driver.runInternal(Driver.java:204) [classes/:?]
	at org.apache.hadoop.hive.ql.Driver.run(Driver.java:153) [classes/:?]
	at org.apache.hadoop.hive.ql.Driver.run(Driver.java:148) [classes/:?]
	at org.apache.hadoop.hive.ql.reexec.ReExecDriver.run(ReExecDriver.java:164) [classes/:?]
	at org.apache.hadoop.hive.ql.reexec.ReExecDriver.run(ReExecDriver.java:230) [classes/:?]
	at org.apache.hive.hcatalog.pig.AbstractHCatLoaderTest.executeStatementOnDriver(AbstractHCatLoaderTest.java:151) [test-classes/:?]
	at org.apache.hive.hcatalog.pig.AbstractHCatLoaderTest.tearDown(AbstractHCatLoaderTest.java:239) [test-classes/:?]
	at sun.reflect.NativeMethodAccessorImpl.invoke0(Native Method) ~[?:1.8.0_402]
	at sun.reflect.NativeMethodAccessorImpl.invoke(NativeMethodAccessorImpl.java:62) ~[?:1.8.0_402]
	at sun.reflect.DelegatingMethodAccessorImpl.invoke(DelegatingMethodAccessorImpl.java:43) ~[?:1.8.0_402]
	at java.lang.reflect.Method.invoke(Method.java:498) ~[?:1.8.0_402]
	at org.junit.runners.model.FrameworkMethod$1.runReflectiveCall(FrameworkMethod.java:59) [junit-4.13.jar:4.13]
	at org.junit.internal.runners.model.ReflectiveCallable.run(ReflectiveCallable.java:12) [junit-4.13.jar:4.13]
	at org.junit.runners.model.FrameworkMethod.invokeExplosively(FrameworkMethod.java:56) [junit-4.13.jar:4.13]
	at org.junit.internal.runners.statements.RunAfters.invokeMethod(RunAfters.java:46) [junit-4.13.jar:4.13]
	at org.junit.internal.runners.statements.RunAfters.evaluate(RunAfters.java:33) [junit-4.13.jar:4.13]
	at org.junit.runners.ParentRunner$3.evaluate(ParentRunner.java:306) [junit-4.13.jar:4.13]
	at org.junit.runners.BlockJUnit4ClassRunner$1.evaluate(BlockJUnit4ClassRunner.java:100) [junit-4.13.jar:4.13]
	at org.junit.runners.ParentRunner.runLeaf(ParentRunner.java:366) [junit-4.13.jar:4.13]
	at org.junit.runners.BlockJUnit4ClassRunner.runChild(BlockJUnit4ClassRunner.java:103) [junit-4.13.jar:4.13]
	at org.junit.runners.BlockJUnit4ClassRunner.runChild(BlockJUnit4ClassRunner.java:63) [junit-4.13.jar:4.13]
	at org.junit.runners.ParentRunner$4.run(ParentRunner.java:331) [junit-4.13.jar:4.13]
	at org.junit.runners.ParentRunner$1.schedule(ParentRunner.java:79) [junit-4.13.jar:4.13]
	at org.junit.runners.ParentRunner.runChildren(ParentRunner.java:329) [junit-4.13.jar:4.13]
	at org.junit.runners.ParentRunner.access$100(ParentRunner.java:66) [junit-4.13.jar:4.13]
	at org.junit.runners.ParentRunner$2.evaluate(ParentRunner.java:293) [junit-4.13.jar:4.13]
	at org.junit.internal.runners.statements.RunBefores.evaluate(RunBefores.java:26) [junit-4.13.jar:4.13]
	at org.junit.runners.ParentRunner$3.evaluate(ParentRunner.java:306) [junit-4.13.jar:4.13]
	at org.junit.runners.ParentRunner.run(ParentRunner.java:413) [junit-4.13.jar:4.13]
	at org.junit.runners.Suite.runChild(Suite.java:128) [junit-4.13.jar:4.13]
	at org.junit.runners.Suite.runChild(Suite.java:27) [junit-4.13.jar:4.13]
	at org.junit.runners.ParentRunner$4.run(ParentRunner.java:331) [junit-4.13.jar:4.13]
	at org.junit.runners.ParentRunner$1.schedule(ParentRunner.java:79) [junit-4.13.jar:4.13]
	at org.junit.runners.ParentRunner.runChildren(ParentRunner.java:329) [junit-4.13.jar:4.13]
	at org.junit.runners.ParentRunner.access$100(ParentRunner.java:66) [junit-4.13.jar:4.13]
	at org.junit.runners.ParentRunner$2.evaluate(ParentRunner.java:293) [junit-4.13.jar:4.13]
	at org.junit.runners.ParentRunner$3.evaluate(ParentRunner.java:306) [junit-4.13.jar:4.13]
	at org.junit.runners.ParentRunner.run(ParentRunner.java:413) [junit-4.13.jar:4.13]
	at org.apache.maven.surefire.junitcore.JUnitCore.run(JUnitCore.java:55) [surefire-junit47-3.0.0-M4.jar:3.0.0-M4]
	at org.apache.maven.surefire.junitcore.JUnitCoreWrapper.createRequestAndRun(JUnitCoreWrapper.java:137) [surefire-junit47-3.0.0-M4.jar:3.0.0-M4]
	at org.apache.maven.surefire.junitcore.JUnitCoreWrapper.executeEager(JUnitCoreWrapper.java:107) [surefire-junit47-3.0.0-M4.jar:3.0.0-M4]
	at org.apache.maven.surefire.junitcore.JUnitCoreWrapper.execute(JUnitCoreWrapper.java:83) [surefire-junit47-3.0.0-M4.jar:3.0.0-M4]
	at org.apache.maven.surefire.junitcore.JUnitCoreWrapper.execute(JUnitCoreWrapper.java:75) [surefire-junit47-3.0.0-M4.jar:3.0.0-M4]
	at org.apache.maven.surefire.junitcore.JUnitCoreProvider.invoke(JUnitCoreProvider.java:158) [surefire-junit47-3.0.0-M4.jar:3.0.0-M4]
	at org.apache.maven.surefire.booter.ForkedBooter.runSuitesInProcess(ForkedBooter.java:377) [surefire-booter-3.0.0-M4.jar:3.0.0-M4]
	at org.apache.maven.surefire.booter.ForkedBooter.execute(ForkedBooter.java:138) [surefire-booter-3.0.0-M4.jar:3.0.0-M4]
	at org.apache.maven.surefire.booter.ForkedBooter.run(ForkedBooter.java:465) [surefire-booter-3.0.0-M4.jar:3.0.0-M4]
	at org.apache.maven.surefire.booter.ForkedBooter.main(ForkedBooter.java:451) [surefire-booter-3.0.0-M4.jar:3.0.0-M4]
Caused by: org.apache.hadoop.hive.metastore.api.MetaException: javax.jdo.JDODataStoreException: Exception thrown flushing changes to datastore
NestedThrowables:
java.sql.BatchUpdateException: DELETE on table 'DBS' caused a violation of foreign key constraint 'TBLS_FK1' for key (3).  The statement has been rolled back.
	at org.apache.hadoop.hive.metastore.RetryingHMSHandler.invokeInternal(RetryingHMSHandler.java:209) ~[classes/:?]
	at org.apache.hadoop.hive.metastore.RetryingHMSHandler.invoke(RetryingHMSHandler.java:108) ~[classes/:?]
	at com.sun.proxy.$Proxy35.drop_database(Unknown Source) ~[?:?]
	at org.apache.hadoop.hive.metastore.HiveMetaStoreClient.dropDatabaseCascadePerDb(HiveMetaStoreClient.java:1601) ~[classes/:?]
	at org.apache.hadoop.hive.metastore.HiveMetaStoreClient.dropDatabase(HiveMetaStoreClient.java:1532) ~[classes/:?]
	at org.apache.hadoop.hive.metastore.HiveMetaStoreClient.dropDatabase(HiveMetaStoreClient.java:1485) ~[classes/:?]
	at sun.reflect.NativeMethodAccessorImpl.invoke0(Native Method) ~[?:1.8.0_402]
	at sun.reflect.NativeMethodAccessorImpl.invoke(NativeMethodAccessorImpl.java:62) ~[?:1.8.0_402]
	at sun.reflect.DelegatingMethodAccessorImpl.invoke(DelegatingMethodAccessorImpl.java:43) ~[?:1.8.0_402]
	at java.lang.reflect.Method.invoke(Method.java:498) ~[?:1.8.0_402]
	at org.apache.hadoop.hive.metastore.RetryingMetaStoreClient.invoke(RetryingMetaStoreClient.java:218) ~[classes/:?]
	at com.sun.proxy.$Proxy45.dropDatabase(Unknown Source) ~[?:?]
	at org.apache.hadoop.hive.ql.metadata.Hive.dropDatabase(Hive.java:662) ~[classes/:?]
	... 57 more
Caused by: javax.jdo.JDODataStoreException: Exception thrown flushing changes to datastore
	at org.datanucleus.api.jdo.NucleusJDOHelper.getJDOExceptionForNucleusException(NucleusJDOHelper.java:542) ~[datanucleus-api-jdo-5.2.4.jar:?]
	at org.datanucleus.api.jdo.JDOTransaction.commit(JDOTransaction.java:162) ~[datanucleus-api-jdo-5.2.4.jar:?]
	at org.apache.hadoop.hive.metastore.ObjectStore.commitTransaction(ObjectStore.java:615) ~[classes/:?]
	at sun.reflect.GeneratedMethodAccessor31.invoke(Unknown Source) ~[?:?]
	at sun.reflect.DelegatingMethodAccessorImpl.invoke(DelegatingMethodAccessorImpl.java:43) ~[?:1.8.0_402]
	at java.lang.reflect.Method.invoke(Method.java:498) ~[?:1.8.0_402]
	at org.apache.hadoop.hive.metastore.RawStoreProxy.invoke(RawStoreProxy.java:97) ~[classes/:?]
	at com.sun.proxy.$Proxy32.commitTransaction(Unknown Source) ~[?:?]
	at org.apache.hadoop.hive.metastore.HMSHandler.drop_database_core(HMSHandler.java:1790) ~[classes/:?]
	at org.apache.hadoop.hive.metastore.HMSHandler.drop_database(HMSHandler.java:1869) ~[classes/:?]
	at sun.reflect.GeneratedMethodAccessor54.invoke(Unknown Source) ~[?:?]
	at sun.reflect.DelegatingMethodAccessorImpl.invoke(DelegatingMethodAccessorImpl.java:43) ~[?:1.8.0_402]
	at java.lang.reflect.Method.invoke(Method.java:498) ~[?:1.8.0_402]
	at org.apache.hadoop.hive.metastore.RetryingHMSHandler.invokeInternal(RetryingHMSHandler.java:147) ~[classes/:?]
	at org.apache.hadoop.hive.metastore.RetryingHMSHandler.invoke(RetryingHMSHandler.java:108) ~[classes/:?]
	at com.sun.proxy.$Proxy35.drop_database(Unknown Source) ~[?:?]
	at org.apache.hadoop.hive.metastore.HiveMetaStoreClient.dropDatabaseCascadePerDb(HiveMetaStoreClient.java:1601) ~[classes/:?]
	at org.apache.hadoop.hive.metastore.HiveMetaStoreClient.dropDatabase(HiveMetaStoreClient.java:1532) ~[classes/:?]
	at org.apache.hadoop.hive.metastore.HiveMetaStoreClient.dropDatabase(HiveMetaStoreClient.java:1485) ~[classes/:?]
	at sun.reflect.NativeMethodAccessorImpl.invoke0(Native Method) ~[?:1.8.0_402]
	at sun.reflect.NativeMethodAccessorImpl.invoke(NativeMethodAccessorImpl.java:62) ~[?:1.8.0_402]
	at sun.reflect.DelegatingMethodAccessorImpl.invoke(DelegatingMethodAccessorImpl.java:43) ~[?:1.8.0_402]
	at java.lang.reflect.Method.invoke(Method.java:498) ~[?:1.8.0_402]
	at org.apache.hadoop.hive.metastore.RetryingMetaStoreClient.invoke(RetryingMetaStoreClient.java:218) ~[classes/:?]
	at com.sun.proxy.$Proxy45.dropDatabase(Unknown Source) ~[?:?]
	at org.apache.hadoop.hive.ql.metadata.Hive.dropDatabase(Hive.java:662) ~[classes/:?]
	... 57 more
Caused by: java.sql.BatchUpdateException: DELETE on table 'DBS' caused a violation of foreign key constraint 'TBLS_FK1' for key (3).  The statement has been rolled back.
	at org.apache.derby.impl.jdbc.EmbedStatement.executeLargeBatch(Unknown Source) ~[derby-10.14.1.0.jar:?]
	at org.apache.derby.impl.jdbc.EmbedStatement.executeBatch(Unknown Source) ~[derby-10.14.1.0.jar:?]
	at com.zaxxer.hikari.pool.ProxyStatement.executeBatch(ProxyStatement.java:128) ~[HikariCP-java7-2.4.12.jar:?]
	at com.zaxxer.hikari.pool.HikariProxyPreparedStatement.executeBatch(HikariProxyPreparedStatement.java) ~[HikariCP-java7-2.4.12.jar:?]
	at org.datanucleus.store.rdbms.ParamLoggingPreparedStatement.executeBatch(ParamLoggingPreparedStatement.java:366) ~[datanucleus-rdbms-5.2.4.jar:?]
	at org.datanucleus.store.rdbms.SQLController.processConnectionStatement(SQLController.java:675) ~[datanucleus-rdbms-5.2.4.jar:?]
	at org.datanucleus.store.rdbms.SQLController.processStatementsForConnection(SQLController.java:643) ~[datanucleus-rdbms-5.2.4.jar:?]
	at org.datanucleus.store.rdbms.SQLController$1.transactionFlushed(SQLController.java:729) ~[datanucleus-rdbms-5.2.4.jar:?]
	at org.datanucleus.store.connection.AbstractManagedConnection.transactionFlushed(AbstractManagedConnection.java:95) ~[datanucleus-core-5.2.4.jar:?]
	at org.datanucleus.store.connection.ConnectionManagerImpl$2.transactionFlushed(ConnectionManagerImpl.java:528) ~[datanucleus-core-5.2.4.jar:?]
	at org.datanucleus.TransactionImpl.flush(TransactionImpl.java:222) ~[datanucleus-core-5.2.4.jar:?]
	at org.datanucleus.TransactionImpl.commit(TransactionImpl.java:286) ~[datanucleus-core-5.2.4.jar:?]
	at org.datanucleus.api.jdo.JDOTransaction.commit(JDOTransaction.java:99) ~[datanucleus-api-jdo-5.2.4.jar:?]
	at org.apache.hadoop.hive.metastore.ObjectStore.commitTransaction(ObjectStore.java:615) ~[classes/:?]
	at sun.reflect.GeneratedMethodAccessor31.invoke(Unknown Source) ~[?:?]
	at sun.reflect.DelegatingMethodAccessorImpl.invoke(DelegatingMethodAccessorImpl.java:43) ~[?:1.8.0_402]
	at java.lang.reflect.Method.invoke(Method.java:498) ~[?:1.8.0_402]
	at org.apache.hadoop.hive.metastore.RawStoreProxy.invoke(RawStoreProxy.java:97) ~[classes/:?]
	at com.sun.proxy.$Proxy32.commitTransaction(Unknown Source) ~[?:?]
	at org.apache.hadoop.hive.metastore.HMSHandler.drop_database_core(HMSHandler.java:1790) ~[classes/:?]
	at org.apache.hadoop.hive.metastore.HMSHandler.drop_database(HMSHandler.java:1869) ~[classes/:?]
	at sun.reflect.GeneratedMethodAccessor54.invoke(Unknown Source) ~[?:?]
	at sun.reflect.DelegatingMethodAccessorImpl.invoke(DelegatingMethodAccessorImpl.java:43) ~[?:1.8.0_402]
	at java.lang.reflect.Method.invoke(Method.java:498) ~[?:1.8.0_402]
	at org.apache.hadoop.hive.metastore.RetryingHMSHandler.invokeInternal(RetryingHMSHandler.java:147) ~[classes/:?]
	at org.apache.hadoop.hive.metastore.RetryingHMSHandler.invoke(RetryingHMSHandler.java:108) ~[classes/:?]
	at com.sun.proxy.$Proxy35.drop_database(Unknown Source) ~[?:?]
	at org.apache.hadoop.hive.metastore.HiveMetaStoreClient.dropDatabaseCascadePerDb(HiveMetaStoreClient.java:1601) ~[classes/:?]
	at org.apache.hadoop.hive.metastore.HiveMetaStoreClient.dropDatabase(HiveMetaStoreClient.java:1532) ~[classes/:?]
	at org.apache.hadoop.hive.metastore.HiveMetaStoreClient.dropDatabase(HiveMetaStoreClient.java:1485) ~[classes/:?]
	at sun.reflect.NativeMethodAccessorImpl.invoke0(Native Method) ~[?:1.8.0_402]
	at sun.reflect.NativeMethodAccessorImpl.invoke(NativeMethodAccessorImpl.java:62) ~[?:1.8.0_402]
	at sun.reflect.DelegatingMethodAccessorImpl.invoke(DelegatingMethodAccessorImpl.java:43) ~[?:1.8.0_402]
	at java.lang.reflect.Method.invoke(Method.java:498) ~[?:1.8.0_402]
	at org.apache.hadoop.hive.metastore.RetryingMetaStoreClient.invoke(RetryingMetaStoreClient.java:218) ~[classes/:?]
	at com.sun.proxy.$Proxy45.dropDatabase(Unknown Source) ~[?:?]
	at org.apache.hadoop.hive.ql.metadata.Hive.dropDatabase(Hive.java:662) ~[classes/:?]
	... 57 more
Caused by: org.apache.derby.shared.common.error.DerbySQLIntegrityConstraintViolationException: DELETE on table 'DBS' caused a violation of foreign key constraint 'TBLS_FK1' for key (3).  The statement has been rolled back.
	at org.apache.derby.impl.jdbc.SQLExceptionFactory.getSQLException(Unknown Source) ~[derby-10.14.1.0.jar:?]
	at org.apache.derby.impl.jdbc.Util.generateCsSQLException(Unknown Source) ~[derby-10.14.1.0.jar:?]
	at org.apache.derby.impl.jdbc.TransactionResourceImpl.wrapInSQLException(Unknown Source) ~[derby-10.14.1.0.jar:?]
	at org.apache.derby.impl.jdbc.TransactionResourceImpl.handleException(Unknown Source) ~[derby-10.14.1.0.jar:?]
	at org.apache.derby.impl.jdbc.EmbedConnection.handleException(Unknown Source) ~[derby-10.14.1.0.jar:?]
	at org.apache.derby.impl.jdbc.ConnectionChild.handleException(Unknown Source) ~[derby-10.14.1.0.jar:?]
	at org.apache.derby.impl.jdbc.EmbedStatement.executeStatement(Unknown Source) ~[derby-10.14.1.0.jar:?]
	at org.apache.derby.impl.jdbc.EmbedPreparedStatement.executeBatchElement(Unknown Source) ~[derby-10.14.1.0.jar:?]
	at org.apache.derby.impl.jdbc.EmbedStatement.executeLargeBatch(Unknown Source) ~[derby-10.14.1.0.jar:?]
	at org.apache.derby.impl.jdbc.EmbedStatement.executeBatch(Unknown Source) ~[derby-10.14.1.0.jar:?]
	at com.zaxxer.hikari.pool.ProxyStatement.executeBatch(ProxyStatement.java:128) ~[HikariCP-java7-2.4.12.jar:?]
	at com.zaxxer.hikari.pool.HikariProxyPreparedStatement.executeBatch(HikariProxyPreparedStatement.java) ~[HikariCP-java7-2.4.12.jar:?]
	at org.datanucleus.store.rdbms.ParamLoggingPreparedStatement.executeBatch(ParamLoggingPreparedStatement.java:366) ~[datanucleus-rdbms-5.2.4.jar:?]
	at org.datanucleus.store.rdbms.SQLController.processConnectionStatement(SQLController.java:675) ~[datanucleus-rdbms-5.2.4.jar:?]
	at org.datanucleus.store.rdbms.SQLController.processStatementsForConnection(SQLController.java:643) ~[datanucleus-rdbms-5.2.4.jar:?]
	at org.datanucleus.store.rdbms.SQLController$1.transactionFlushed(SQLController.java:729) ~[datanucleus-rdbms-5.2.4.jar:?]
	at org.datanucleus.store.connection.AbstractManagedConnection.transactionFlushed(AbstractManagedConnection.java:95) ~[datanucleus-core-5.2.4.jar:?]
	at org.datanucleus.store.connection.ConnectionManagerImpl$2.transactionFlushed(ConnectionManagerImpl.java:528) ~[datanucleus-core-5.2.4.jar:?]
	at org.datanucleus.TransactionImpl.flush(TransactionImpl.java:222) ~[datanucleus-core-5.2.4.jar:?]
	at org.datanucleus.TransactionImpl.commit(TransactionImpl.java:286) ~[datanucleus-core-5.2.4.jar:?]
	at org.datanucleus.api.jdo.JDOTransaction.commit(JDOTransaction.java:99) ~[datanucleus-api-jdo-5.2.4.jar:?]
	at org.apache.hadoop.hive.metastore.ObjectStore.commitTransaction(ObjectStore.java:615) ~[classes/:?]
	at sun.reflect.GeneratedMethodAccessor31.invoke(Unknown Source) ~[?:?]
	at sun.reflect.DelegatingMethodAccessorImpl.invoke(DelegatingMethodAccessorImpl.java:43) ~[?:1.8.0_402]
	at java.lang.reflect.Method.invoke(Method.java:498) ~[?:1.8.0_402]
	at org.apache.hadoop.hive.metastore.RawStoreProxy.invoke(RawStoreProxy.java:97) ~[classes/:?]
	at com.sun.proxy.$Proxy32.commitTransaction(Unknown Source) ~[?:?]
	at org.apache.hadoop.hive.metastore.HMSHandler.drop_database_core(HMSHandler.java:1790) ~[classes/:?]
	at org.apache.hadoop.hive.metastore.HMSHandler.drop_database(HMSHandler.java:1869) ~[classes/:?]
	at sun.reflect.GeneratedMethodAccessor54.invoke(Unknown Source) ~[?:?]
	at sun.reflect.DelegatingMethodAccessorImpl.invoke(DelegatingMethodAccessorImpl.java:43) ~[?:1.8.0_402]
	at java.lang.reflect.Method.invoke(Method.java:498) ~[?:1.8.0_402]
	at org.apache.hadoop.hive.metastore.RetryingHMSHandler.invokeInternal(RetryingHMSHandler.java:147) ~[classes/:?]
	at org.apache.hadoop.hive.metastore.RetryingHMSHandler.invoke(RetryingHMSHandler.java:108) ~[classes/:?]
	at com.sun.proxy.$Proxy35.drop_database(Unknown Source) ~[?:?]
	at org.apache.hadoop.hive.metastore.HiveMetaStoreClient.dropDatabaseCascadePerDb(HiveMetaStoreClient.java:1601) ~[classes/:?]
	at org.apache.hadoop.hive.metastore.HiveMetaStoreClient.dropDatabase(HiveMetaStoreClient.java:1532) ~[classes/:?]
	at org.apache.hadoop.hive.metastore.HiveMetaStoreClient.dropDatabase(HiveMetaStoreClient.java:1485) ~[classes/:?]
	at sun.reflect.NativeMethodAccessorImpl.invoke0(Native Method) ~[?:1.8.0_402]
	at sun.reflect.NativeMethodAccessorImpl.invoke(NativeMethodAccessorImpl.java:62) ~[?:1.8.0_402]
	at sun.reflect.DelegatingMethodAccessorImpl.invoke(DelegatingMethodAccessorImpl.java:43) ~[?:1.8.0_402]
	at java.lang.reflect.Method.invoke(Method.java:498) ~[?:1.8.0_402]
	at org.apache.hadoop.hive.metastore.RetryingMetaStoreClient.invoke(RetryingMetaStoreClient.java:218) ~[classes/:?]
	at com.sun.proxy.$Proxy45.dropDatabase(Unknown Source) ~[?:?]
	at org.apache.hadoop.hive.ql.metadata.Hive.dropDatabase(Hive.java:662) ~[classes/:?]
	... 57 more
Caused by: org.apache.derby.iapi.error.StandardException: DELETE on table 'DBS' caused a violation of foreign key constraint 'TBLS_FK1' for key (3).  The statement has been rolled back.
	at org.apache.derby.iapi.error.StandardException.newException(Unknown Source) ~[derby-10.14.1.0.jar:?]
	at org.apache.derby.iapi.error.StandardException.newException(Unknown Source) ~[derby-10.14.1.0.jar:?]
	at org.apache.derby.impl.sql.execute.ReferencedKeyRIChecker.doCheck(Unknown Source) ~[derby-10.14.1.0.jar:?]
	at org.apache.derby.impl.sql.execute.RISetChecker.doPKCheck(Unknown Source) ~[derby-10.14.1.0.jar:?]
	at org.apache.derby.impl.sql.execute.DeleteResultSet.collectAffectedRows(Unknown Source) ~[derby-10.14.1.0.jar:?]
	at org.apache.derby.impl.sql.execute.DeleteResultSet.open(Unknown Source) ~[derby-10.14.1.0.jar:?]
	at org.apache.derby.impl.sql.GenericPreparedStatement.executeStmt(Unknown Source) ~[derby-10.14.1.0.jar:?]
	at org.apache.derby.impl.sql.GenericPreparedStatement.execute(Unknown Source) ~[derby-10.14.1.0.jar:?]
	at org.apache.derby.impl.jdbc.EmbedStatement.executeStatement(Unknown Source) ~[derby-10.14.1.0.jar:?]
	at org.apache.derby.impl.jdbc.EmbedPreparedStatement.executeBatchElement(Unknown Source) ~[derby-10.14.1.0.jar:?]
	at org.apache.derby.impl.jdbc.EmbedStatement.executeLargeBatch(Unknown Source) ~[derby-10.14.1.0.jar:?]
	at org.apache.derby.impl.jdbc.EmbedStatement.executeBatch(Unknown Source) ~[derby-10.14.1.0.jar:?]
	at com.zaxxer.hikari.pool.ProxyStatement.executeBatch(ProxyStatement.java:128) ~[HikariCP-java7-2.4.12.jar:?]
	at com.zaxxer.hikari.pool.HikariProxyPreparedStatement.executeBatch(HikariProxyPreparedStatement.java) ~[HikariCP-java7-2.4.12.jar:?]
	at org.datanucleus.store.rdbms.ParamLoggingPreparedStatement.executeBatch(ParamLoggingPreparedStatement.java:366) ~[datanucleus-rdbms-5.2.4.jar:?]
	at org.datanucleus.store.rdbms.SQLController.processConnectionStatement(SQLController.java:675) ~[datanucleus-rdbms-5.2.4.jar:?]
	at org.datanucleus.store.rdbms.SQLController.processStatementsForConnection(SQLController.java:643) ~[datanucleus-rdbms-5.2.4.jar:?]
	at org.datanucleus.store.rdbms.SQLController$1.transactionFlushed(SQLController.java:729) ~[datanucleus-rdbms-5.2.4.jar:?]
	at org.datanucleus.store.connection.AbstractManagedConnection.transactionFlushed(AbstractManagedConnection.java:95) ~[datanucleus-core-5.2.4.jar:?]
	at org.datanucleus.store.connection.ConnectionManagerImpl$2.transactionFlushed(ConnectionManagerImpl.java:528) ~[datanucleus-core-5.2.4.jar:?]
	at org.datanucleus.TransactionImpl.flush(TransactionImpl.java:222) ~[datanucleus-core-5.2.4.jar:?]
	at org.datanucleus.TransactionImpl.commit(TransactionImpl.java:286) ~[datanucleus-core-5.2.4.jar:?]
	at org.datanucleus.api.jdo.JDOTransaction.commit(JDOTransaction.java:99) ~[datanucleus-api-jdo-5.2.4.jar:?]
	at org.apache.hadoop.hive.metastore.ObjectStore.commitTransaction(ObjectStore.java:615) ~[classes/:?]
	at sun.reflect.GeneratedMethodAccessor31.invoke(Unknown Source) ~[?:?]
	at sun.reflect.DelegatingMethodAccessorImpl.invoke(DelegatingMethodAccessorImpl.java:43) ~[?:1.8.0_402]
	at java.lang.reflect.Method.invoke(Method.java:498) ~[?:1.8.0_402]
	at org.apache.hadoop.hive.metastore.RawStoreProxy.invoke(RawStoreProxy.java:97) ~[classes/:?]
	at com.sun.proxy.$Proxy32.commitTransaction(Unknown Source) ~[?:?]
	at org.apache.hadoop.hive.metastore.HMSHandler.drop_database_core(HMSHandler.java:1790) ~[classes/:?]
	at org.apache.hadoop.hive.metastore.HMSHandler.drop_database(HMSHandler.java:1869) ~[classes/:?]
	at sun.reflect.GeneratedMethodAccessor54.invoke(Unknown Source) ~[?:?]
	at sun.reflect.DelegatingMethodAccessorImpl.invoke(DelegatingMethodAccessorImpl.java:43) ~[?:1.8.0_402]
	at java.lang.reflect.Method.invoke(Method.java:498) ~[?:1.8.0_402]
	at org.apache.hadoop.hive.metastore.RetryingHMSHandler.invokeInternal(RetryingHMSHandler.java:147) ~[classes/:?]
	at org.apache.hadoop.hive.metastore.RetryingHMSHandler.invoke(RetryingHMSHandler.java:108) ~[classes/:?]
	at com.sun.proxy.$Proxy35.drop_database(Unknown Source) ~[?:?]
	at org.apache.hadoop.hive.metastore.HiveMetaStoreClient.dropDatabaseCascadePerDb(HiveMetaStoreClient.java:1601) ~[classes/:?]
	at org.apache.hadoop.hive.metastore.HiveMetaStoreClient.dropDatabase(HiveMetaStoreClient.java:1532) ~[classes/:?]
	at org.apache.hadoop.hive.metastore.HiveMetaStoreClient.dropDatabase(HiveMetaStoreClient.java:1485) ~[classes/:?]
	at sun.reflect.NativeMethodAccessorImpl.invoke0(Native Method) ~[?:1.8.0_402]
	at sun.reflect.NativeMethodAccessorImpl.invoke(NativeMethodAccessorImpl.java:62) ~[?:1.8.0_402]
	at sun.reflect.DelegatingMethodAccessorImpl.invoke(DelegatingMethodAccessorImpl.java:43) ~[?:1.8.0_402]
	at java.lang.reflect.Method.invoke(Method.java:498) ~[?:1.8.0_402]
	at org.apache.hadoop.hive.metastore.RetryingMetaStoreClient.invoke(RetryingMetaStoreClient.java:218) ~[classes/:?]
	at com.sun.proxy.$Proxy45.dropDatabase(Unknown Source) ~[?:?]
	at org.apache.hadoop.hive.ql.metadata.Hive.dropDatabase(Hive.java:662) ~[classes/:?]
	... 57 more
2024-04-24T11:27:55,160 ERROR [main] exec.Task: DDLTask failed, DDL Operation: class org.apache.hadoop.hive.ql.ddl.database.drop.DropDatabaseOperation
org.apache.hadoop.hive.ql.metadata.HiveException: MetaException(message:javax.jdo.JDODataStoreException: Exception thrown flushing changes to datastore
NestedThrowables:
java.sql.BatchUpdateException: DELETE on table 'DBS' caused a violation of foreign key constraint 'TBLS_FK1' for key (3).  The statement has been rolled back.)
	at org.apache.hadoop.hive.ql.metadata.Hive.dropDatabase(Hive.java:666) ~[classes/:?]
	at org.apache.hadoop.hive.ql.ddl.database.drop.DropDatabaseOperation.execute(DropDatabaseOperation.java:52) ~[classes/:?]
	at org.apache.hadoop.hive.ql.ddl.DDLTask.execute(DDLTask.java:84) [classes/:?]
	at org.apache.hadoop.hive.ql.exec.Task.executeTask(Task.java:212) [classes/:?]
	at org.apache.hadoop.hive.ql.exec.TaskRunner.runSequential(TaskRunner.java:105) [classes/:?]
	at org.apache.hadoop.hive.ql.Executor.launchTask(Executor.java:361) [classes/:?]
	at org.apache.hadoop.hive.ql.Executor.launchTasks(Executor.java:334) [classes/:?]
	at org.apache.hadoop.hive.ql.Executor.runTasks(Executor.java:245) [classes/:?]
	at org.apache.hadoop.hive.ql.Executor.execute(Executor.java:108) [classes/:?]
	at org.apache.hadoop.hive.ql.Driver.execute(Driver.java:348) [classes/:?]
	at org.apache.hadoop.hive.ql.Driver.runInternal(Driver.java:204) [classes/:?]
	at org.apache.hadoop.hive.ql.Driver.run(Driver.java:153) [classes/:?]
	at org.apache.hadoop.hive.ql.Driver.run(Driver.java:148) [classes/:?]
	at org.apache.hadoop.hive.ql.reexec.ReExecDriver.run(ReExecDriver.java:164) [classes/:?]
	at org.apache.hadoop.hive.ql.reexec.ReExecDriver.run(ReExecDriver.java:230) [classes/:?]
	at org.apache.hive.hcatalog.pig.AbstractHCatLoaderTest.executeStatementOnDriver(AbstractHCatLoaderTest.java:151) [test-classes/:?]
	at org.apache.hive.hcatalog.pig.AbstractHCatLoaderTest.tearDown(AbstractHCatLoaderTest.java:239) [test-classes/:?]
	at sun.reflect.NativeMethodAccessorImpl.invoke0(Native Method) ~[?:1.8.0_402]
	at sun.reflect.NativeMethodAccessorImpl.invoke(NativeMethodAccessorImpl.java:62) ~[?:1.8.0_402]
	at sun.reflect.DelegatingMethodAccessorImpl.invoke(DelegatingMethodAccessorImpl.java:43) ~[?:1.8.0_402]
	at java.lang.reflect.Method.invoke(Method.java:498) ~[?:1.8.0_402]
	at org.junit.runners.model.FrameworkMethod$1.runReflectiveCall(FrameworkMethod.java:59) [junit-4.13.jar:4.13]
	at org.junit.internal.runners.model.ReflectiveCallable.run(ReflectiveCallable.java:12) [junit-4.13.jar:4.13]
	at org.junit.runners.model.FrameworkMethod.invokeExplosively(FrameworkMethod.java:56) [junit-4.13.jar:4.13]
	at org.junit.internal.runners.statements.RunAfters.invokeMethod(RunAfters.java:46) [junit-4.13.jar:4.13]
	at org.junit.internal.runners.statements.RunAfters.evaluate(RunAfters.java:33) [junit-4.13.jar:4.13]
	at org.junit.runners.ParentRunner$3.evaluate(ParentRunner.java:306) [junit-4.13.jar:4.13]
	at org.junit.runners.BlockJUnit4ClassRunner$1.evaluate(BlockJUnit4ClassRunner.java:100) [junit-4.13.jar:4.13]
	at org.junit.runners.ParentRunner.runLeaf(ParentRunner.java:366) [junit-4.13.jar:4.13]
	at org.junit.runners.BlockJUnit4ClassRunner.runChild(BlockJUnit4ClassRunner.java:103) [junit-4.13.jar:4.13]
	at org.junit.runners.BlockJUnit4ClassRunner.runChild(BlockJUnit4ClassRunner.java:63) [junit-4.13.jar:4.13]
	at org.junit.runners.ParentRunner$4.run(ParentRunner.java:331) [junit-4.13.jar:4.13]
	at org.junit.runners.ParentRunner$1.schedule(ParentRunner.java:79) [junit-4.13.jar:4.13]
	at org.junit.runners.ParentRunner.runChildren(ParentRunner.java:329) [junit-4.13.jar:4.13]
	at org.junit.runners.ParentRunner.access$100(ParentRunner.java:66) [junit-4.13.jar:4.13]
	at org.junit.runners.ParentRunner$2.evaluate(ParentRunner.java:293) [junit-4.13.jar:4.13]
	at org.junit.internal.runners.statements.RunBefores.evaluate(RunBefores.java:26) [junit-4.13.jar:4.13]
	at org.junit.runners.ParentRunner$3.evaluate(ParentRunner.java:306) [junit-4.13.jar:4.13]
	at org.junit.runners.ParentRunner.run(ParentRunner.java:413) [junit-4.13.jar:4.13]
	at org.junit.runners.Suite.runChild(Suite.java:128) [junit-4.13.jar:4.13]
	at org.junit.runners.Suite.runChild(Suite.java:27) [junit-4.13.jar:4.13]
	at org.junit.runners.ParentRunner$4.run(ParentRunner.java:331) [junit-4.13.jar:4.13]
	at org.junit.runners.ParentRunner$1.schedule(ParentRunner.java:79) [junit-4.13.jar:4.13]
	at org.junit.runners.ParentRunner.runChildren(ParentRunner.java:329) [junit-4.13.jar:4.13]
	at org.junit.runners.ParentRunner.access$100(ParentRunner.java:66) [junit-4.13.jar:4.13]
	at org.junit.runners.ParentRunner$2.evaluate(ParentRunner.java:293) [junit-4.13.jar:4.13]
	at org.junit.runners.ParentRunner$3.evaluate(ParentRunner.java:306) [junit-4.13.jar:4.13]
	at org.junit.runners.ParentRunner.run(ParentRunner.java:413) [junit-4.13.jar:4.13]
	at org.apache.maven.surefire.junitcore.JUnitCore.run(JUnitCore.java:55) [surefire-junit47-3.0.0-M4.jar:3.0.0-M4]
	at org.apache.maven.surefire.junitcore.JUnitCoreWrapper.createRequestAndRun(JUnitCoreWrapper.java:137) [surefire-junit47-3.0.0-M4.jar:3.0.0-M4]
	at org.apache.maven.surefire.junitcore.JUnitCoreWrapper.executeEager(JUnitCoreWrapper.java:107) [surefire-junit47-3.0.0-M4.jar:3.0.0-M4]
	at org.apache.maven.surefire.junitcore.JUnitCoreWrapper.execute(JUnitCoreWrapper.java:83) [surefire-junit47-3.0.0-M4.jar:3.0.0-M4]
	at org.apache.maven.surefire.junitcore.JUnitCoreWrapper.execute(JUnitCoreWrapper.java:75) [surefire-junit47-3.0.0-M4.jar:3.0.0-M4]
	at org.apache.maven.surefire.junitcore.JUnitCoreProvider.invoke(JUnitCoreProvider.java:158) [surefire-junit47-3.0.0-M4.jar:3.0.0-M4]
	at org.apache.maven.surefire.booter.ForkedBooter.runSuitesInProcess(ForkedBooter.java:377) [surefire-booter-3.0.0-M4.jar:3.0.0-M4]
	at org.apache.maven.surefire.booter.ForkedBooter.execute(ForkedBooter.java:138) [surefire-booter-3.0.0-M4.jar:3.0.0-M4]
	at org.apache.maven.surefire.booter.ForkedBooter.run(ForkedBooter.java:465) [surefire-booter-3.0.0-M4.jar:3.0.0-M4]
	at org.apache.maven.surefire.booter.ForkedBooter.main(ForkedBooter.java:451) [surefire-booter-3.0.0-M4.jar:3.0.0-M4]
Caused by: org.apache.hadoop.hive.metastore.api.MetaException: javax.jdo.JDODataStoreException: Exception thrown flushing changes to datastore
NestedThrowables:
java.sql.BatchUpdateException: DELETE on table 'DBS' caused a violation of foreign key constraint 'TBLS_FK1' for key (3).  The statement has been rolled back.
	at org.apache.hadoop.hive.metastore.RetryingHMSHandler.invokeInternal(RetryingHMSHandler.java:209) ~[classes/:?]
	at org.apache.hadoop.hive.metastore.RetryingHMSHandler.invoke(RetryingHMSHandler.java:108) ~[classes/:?]
	at com.sun.proxy.$Proxy35.drop_database(Unknown Source) ~[?:?]
	at org.apache.hadoop.hive.metastore.HiveMetaStoreClient.dropDatabaseCascadePerDb(HiveMetaStoreClient.java:1601) ~[classes/:?]
	at org.apache.hadoop.hive.metastore.HiveMetaStoreClient.dropDatabase(HiveMetaStoreClient.java:1532) ~[classes/:?]
	at org.apache.hadoop.hive.metastore.HiveMetaStoreClient.dropDatabase(HiveMetaStoreClient.java:1485) ~[classes/:?]
	at sun.reflect.NativeMethodAccessorImpl.invoke0(Native Method) ~[?:1.8.0_402]
	at sun.reflect.NativeMethodAccessorImpl.invoke(NativeMethodAccessorImpl.java:62) ~[?:1.8.0_402]
	at sun.reflect.DelegatingMethodAccessorImpl.invoke(DelegatingMethodAccessorImpl.java:43) ~[?:1.8.0_402]
	at java.lang.reflect.Method.invoke(Method.java:498) ~[?:1.8.0_402]
	at org.apache.hadoop.hive.metastore.RetryingMetaStoreClient.invoke(RetryingMetaStoreClient.java:218) ~[classes/:?]
	at com.sun.proxy.$Proxy45.dropDatabase(Unknown Source) ~[?:?]
	at org.apache.hadoop.hive.ql.metadata.Hive.dropDatabase(Hive.java:662) ~[classes/:?]
	... 57 more
Caused by: javax.jdo.JDODataStoreException: Exception thrown flushing changes to datastore
	at org.datanucleus.api.jdo.NucleusJDOHelper.getJDOExceptionForNucleusException(NucleusJDOHelper.java:542) ~[datanucleus-api-jdo-5.2.4.jar:?]
	at org.datanucleus.api.jdo.JDOTransaction.commit(JDOTransaction.java:162) ~[datanucleus-api-jdo-5.2.4.jar:?]
	at org.apache.hadoop.hive.metastore.ObjectStore.commitTransaction(ObjectStore.java:615) ~[classes/:?]
	at sun.reflect.GeneratedMethodAccessor31.invoke(Unknown Source) ~[?:?]
	at sun.reflect.DelegatingMethodAccessorImpl.invoke(DelegatingMethodAccessorImpl.java:43) ~[?:1.8.0_402]
	at java.lang.reflect.Method.invoke(Method.java:498) ~[?:1.8.0_402]
	at org.apache.hadoop.hive.metastore.RawStoreProxy.invoke(RawStoreProxy.java:97) ~[classes/:?]
	at com.sun.proxy.$Proxy32.commitTransaction(Unknown Source) ~[?:?]
	at org.apache.hadoop.hive.metastore.HMSHandler.drop_database_core(HMSHandler.java:1790) ~[classes/:?]
	at org.apache.hadoop.hive.metastore.HMSHandler.drop_database(HMSHandler.java:1869) ~[classes/:?]
	at sun.reflect.GeneratedMethodAccessor54.invoke(Unknown Source) ~[?:?]
	at sun.reflect.DelegatingMethodAccessorImpl.invoke(DelegatingMethodAccessorImpl.java:43) ~[?:1.8.0_402]
	at java.lang.reflect.Method.invoke(Method.java:498) ~[?:1.8.0_402]
	at org.apache.hadoop.hive.metastore.RetryingHMSHandler.invokeInternal(RetryingHMSHandler.java:147) ~[classes/:?]
	at org.apache.hadoop.hive.metastore.RetryingHMSHandler.invoke(RetryingHMSHandler.java:108) ~[classes/:?]
	at com.sun.proxy.$Proxy35.drop_database(Unknown Source) ~[?:?]
	at org.apache.hadoop.hive.metastore.HiveMetaStoreClient.dropDatabaseCascadePerDb(HiveMetaStoreClient.java:1601) ~[classes/:?]
	at org.apache.hadoop.hive.metastore.HiveMetaStoreClient.dropDatabase(HiveMetaStoreClient.java:1532) ~[classes/:?]
	at org.apache.hadoop.hive.metastore.HiveMetaStoreClient.dropDatabase(HiveMetaStoreClient.java:1485) ~[classes/:?]
	at sun.reflect.NativeMethodAccessorImpl.invoke0(Native Method) ~[?:1.8.0_402]
	at sun.reflect.NativeMethodAccessorImpl.invoke(NativeMethodAccessorImpl.java:62) ~[?:1.8.0_402]
	at sun.reflect.DelegatingMethodAccessorImpl.invoke(DelegatingMethodAccessorImpl.java:43) ~[?:1.8.0_402]
	at java.lang.reflect.Method.invoke(Method.java:498) ~[?:1.8.0_402]
	at org.apache.hadoop.hive.metastore.RetryingMetaStoreClient.invoke(RetryingMetaStoreClient.java:218) ~[classes/:?]
	at com.sun.proxy.$Proxy45.dropDatabase(Unknown Source) ~[?:?]
	at org.apache.hadoop.hive.ql.metadata.Hive.dropDatabase(Hive.java:662) ~[classes/:?]
	... 57 more
Caused by: java.sql.BatchUpdateException: DELETE on table 'DBS' caused a violation of foreign key constraint 'TBLS_FK1' for key (3).  The statement has been rolled back.
	at org.apache.derby.impl.jdbc.EmbedStatement.executeLargeBatch(Unknown Source) ~[derby-10.14.1.0.jar:?]
	at org.apache.derby.impl.jdbc.EmbedStatement.executeBatch(Unknown Source) ~[derby-10.14.1.0.jar:?]
	at com.zaxxer.hikari.pool.ProxyStatement.executeBatch(ProxyStatement.java:128) ~[HikariCP-java7-2.4.12.jar:?]
	at com.zaxxer.hikari.pool.HikariProxyPreparedStatement.executeBatch(HikariProxyPreparedStatement.java) ~[HikariCP-java7-2.4.12.jar:?]
	at org.datanucleus.store.rdbms.ParamLoggingPreparedStatement.executeBatch(ParamLoggingPreparedStatement.java:366) ~[datanucleus-rdbms-5.2.4.jar:?]
	at org.datanucleus.store.rdbms.SQLController.processConnectionStatement(SQLController.java:675) ~[datanucleus-rdbms-5.2.4.jar:?]
	at org.datanucleus.store.rdbms.SQLController.processStatementsForConnection(SQLController.java:643) ~[datanucleus-rdbms-5.2.4.jar:?]
	at org.datanucleus.store.rdbms.SQLController$1.transactionFlushed(SQLController.java:729) ~[datanucleus-rdbms-5.2.4.jar:?]
	at org.datanucleus.store.connection.AbstractManagedConnection.transactionFlushed(AbstractManagedConnection.java:95) ~[datanucleus-core-5.2.4.jar:?]
	at org.datanucleus.store.connection.ConnectionManagerImpl$2.transactionFlushed(ConnectionManagerImpl.java:528) ~[datanucleus-core-5.2.4.jar:?]
	at org.datanucleus.TransactionImpl.flush(TransactionImpl.java:222) ~[datanucleus-core-5.2.4.jar:?]
	at org.datanucleus.TransactionImpl.commit(TransactionImpl.java:286) ~[datanucleus-core-5.2.4.jar:?]
	at org.datanucleus.api.jdo.JDOTransaction.commit(JDOTransaction.java:99) ~[datanucleus-api-jdo-5.2.4.jar:?]
	at org.apache.hadoop.hive.metastore.ObjectStore.commitTransaction(ObjectStore.java:615) ~[classes/:?]
	at sun.reflect.GeneratedMethodAccessor31.invoke(Unknown Source) ~[?:?]
	at sun.reflect.DelegatingMethodAccessorImpl.invoke(DelegatingMethodAccessorImpl.java:43) ~[?:1.8.0_402]
	at java.lang.reflect.Method.invoke(Method.java:498) ~[?:1.8.0_402]
	at org.apache.hadoop.hive.metastore.RawStoreProxy.invoke(RawStoreProxy.java:97) ~[classes/:?]
	at com.sun.proxy.$Proxy32.commitTransaction(Unknown Source) ~[?:?]
	at org.apache.hadoop.hive.metastore.HMSHandler.drop_database_core(HMSHandler.java:1790) ~[classes/:?]
	at org.apache.hadoop.hive.metastore.HMSHandler.drop_database(HMSHandler.java:1869) ~[classes/:?]
	at sun.reflect.GeneratedMethodAccessor54.invoke(Unknown Source) ~[?:?]
	at sun.reflect.DelegatingMethodAccessorImpl.invoke(DelegatingMethodAccessorImpl.java:43) ~[?:1.8.0_402]
	at java.lang.reflect.Method.invoke(Method.java:498) ~[?:1.8.0_402]
	at org.apache.hadoop.hive.metastore.RetryingHMSHandler.invokeInternal(RetryingHMSHandler.java:147) ~[classes/:?]
	at org.apache.hadoop.hive.metastore.RetryingHMSHandler.invoke(RetryingHMSHandler.java:108) ~[classes/:?]
	at com.sun.proxy.$Proxy35.drop_database(Unknown Source) ~[?:?]
	at org.apache.hadoop.hive.metastore.HiveMetaStoreClient.dropDatabaseCascadePerDb(HiveMetaStoreClient.java:1601) ~[classes/:?]
	at org.apache.hadoop.hive.metastore.HiveMetaStoreClient.dropDatabase(HiveMetaStoreClient.java:1532) ~[classes/:?]
	at org.apache.hadoop.hive.metastore.HiveMetaStoreClient.dropDatabase(HiveMetaStoreClient.java:1485) ~[classes/:?]
	at sun.reflect.NativeMethodAccessorImpl.invoke0(Native Method) ~[?:1.8.0_402]
	at sun.reflect.NativeMethodAccessorImpl.invoke(NativeMethodAccessorImpl.java:62) ~[?:1.8.0_402]
	at sun.reflect.DelegatingMethodAccessorImpl.invoke(DelegatingMethodAccessorImpl.java:43) ~[?:1.8.0_402]
	at java.lang.reflect.Method.invoke(Method.java:498) ~[?:1.8.0_402]
	at org.apache.hadoop.hive.metastore.RetryingMetaStoreClient.invoke(RetryingMetaStoreClient.java:218) ~[classes/:?]
	at com.sun.proxy.$Proxy45.dropDatabase(Unknown Source) ~[?:?]
	at org.apache.hadoop.hive.ql.metadata.Hive.dropDatabase(Hive.java:662) ~[classes/:?]
	... 57 more
Caused by: org.apache.derby.shared.common.error.DerbySQLIntegrityConstraintViolationException: DELETE on table 'DBS' caused a violation of foreign key constraint 'TBLS_FK1' for key (3).  The statement has been rolled back.
	at org.apache.derby.impl.jdbc.SQLExceptionFactory.getSQLException(Unknown Source) ~[derby-10.14.1.0.jar:?]
	at org.apache.derby.impl.jdbc.Util.generateCsSQLException(Unknown Source) ~[derby-10.14.1.0.jar:?]
	at org.apache.derby.impl.jdbc.TransactionResourceImpl.wrapInSQLException(Unknown Source) ~[derby-10.14.1.0.jar:?]
	at org.apache.derby.impl.jdbc.TransactionResourceImpl.handleException(Unknown Source) ~[derby-10.14.1.0.jar:?]
	at org.apache.derby.impl.jdbc.EmbedConnection.handleException(Unknown Source) ~[derby-10.14.1.0.jar:?]
	at org.apache.derby.impl.jdbc.ConnectionChild.handleException(Unknown Source) ~[derby-10.14.1.0.jar:?]
	at org.apache.derby.impl.jdbc.EmbedStatement.executeStatement(Unknown Source) ~[derby-10.14.1.0.jar:?]
	at org.apache.derby.impl.jdbc.EmbedPreparedStatement.executeBatchElement(Unknown Source) ~[derby-10.14.1.0.jar:?]
	at org.apache.derby.impl.jdbc.EmbedStatement.executeLargeBatch(Unknown Source) ~[derby-10.14.1.0.jar:?]
	at org.apache.derby.impl.jdbc.EmbedStatement.executeBatch(Unknown Source) ~[derby-10.14.1.0.jar:?]
	at com.zaxxer.hikari.pool.ProxyStatement.executeBatch(ProxyStatement.java:128) ~[HikariCP-java7-2.4.12.jar:?]
	at com.zaxxer.hikari.pool.HikariProxyPreparedStatement.executeBatch(HikariProxyPreparedStatement.java) ~[HikariCP-java7-2.4.12.jar:?]
	at org.datanucleus.store.rdbms.ParamLoggingPreparedStatement.executeBatch(ParamLoggingPreparedStatement.java:366) ~[datanucleus-rdbms-5.2.4.jar:?]
	at org.datanucleus.store.rdbms.SQLController.processConnectionStatement(SQLController.java:675) ~[datanucleus-rdbms-5.2.4.jar:?]
	at org.datanucleus.store.rdbms.SQLController.processStatementsForConnection(SQLController.java:643) ~[datanucleus-rdbms-5.2.4.jar:?]
	at org.datanucleus.store.rdbms.SQLController$1.transactionFlushed(SQLController.java:729) ~[datanucleus-rdbms-5.2.4.jar:?]
	at org.datanucleus.store.connection.AbstractManagedConnection.transactionFlushed(AbstractManagedConnection.java:95) ~[datanucleus-core-5.2.4.jar:?]
	at org.datanucleus.store.connection.ConnectionManagerImpl$2.transactionFlushed(ConnectionManagerImpl.java:528) ~[datanucleus-core-5.2.4.jar:?]
	at org.datanucleus.TransactionImpl.flush(TransactionImpl.java:222) ~[datanucleus-core-5.2.4.jar:?]
	at org.datanucleus.TransactionImpl.commit(TransactionImpl.java:286) ~[datanucleus-core-5.2.4.jar:?]
	at org.datanucleus.api.jdo.JDOTransaction.commit(JDOTransaction.java:99) ~[datanucleus-api-jdo-5.2.4.jar:?]
	at org.apache.hadoop.hive.metastore.ObjectStore.commitTransaction(ObjectStore.java:615) ~[classes/:?]
	at sun.reflect.GeneratedMethodAccessor31.invoke(Unknown Source) ~[?:?]
	at sun.reflect.DelegatingMethodAccessorImpl.invoke(DelegatingMethodAccessorImpl.java:43) ~[?:1.8.0_402]
	at java.lang.reflect.Method.invoke(Method.java:498) ~[?:1.8.0_402]
	at org.apache.hadoop.hive.metastore.RawStoreProxy.invoke(RawStoreProxy.java:97) ~[classes/:?]
	at com.sun.proxy.$Proxy32.commitTransaction(Unknown Source) ~[?:?]
	at org.apache.hadoop.hive.metastore.HMSHandler.drop_database_core(HMSHandler.java:1790) ~[classes/:?]
	at org.apache.hadoop.hive.metastore.HMSHandler.drop_database(HMSHandler.java:1869) ~[classes/:?]
	at sun.reflect.GeneratedMethodAccessor54.invoke(Unknown Source) ~[?:?]
	at sun.reflect.DelegatingMethodAccessorImpl.invoke(DelegatingMethodAccessorImpl.java:43) ~[?:1.8.0_402]
	at java.lang.reflect.Method.invoke(Method.java:498) ~[?:1.8.0_402]
	at org.apache.hadoop.hive.metastore.RetryingHMSHandler.invokeInternal(RetryingHMSHandler.java:147) ~[classes/:?]
	at org.apache.hadoop.hive.metastore.RetryingHMSHandler.invoke(RetryingHMSHandler.java:108) ~[classes/:?]
	at com.sun.proxy.$Proxy35.drop_database(Unknown Source) ~[?:?]
	at org.apache.hadoop.hive.metastore.HiveMetaStoreClient.dropDatabaseCascadePerDb(HiveMetaStoreClient.java:1601) ~[classes/:?]
	at org.apache.hadoop.hive.metastore.HiveMetaStoreClient.dropDatabase(HiveMetaStoreClient.java:1532) ~[classes/:?]
	at org.apache.hadoop.hive.metastore.HiveMetaStoreClient.dropDatabase(HiveMetaStoreClient.java:1485) ~[classes/:?]
	at sun.reflect.NativeMethodAccessorImpl.invoke0(Native Method) ~[?:1.8.0_402]
	at sun.reflect.NativeMethodAccessorImpl.invoke(NativeMethodAccessorImpl.java:62) ~[?:1.8.0_402]
	at sun.reflect.DelegatingMethodAccessorImpl.invoke(DelegatingMethodAccessorImpl.java:43) ~[?:1.8.0_402]
	at java.lang.reflect.Method.invoke(Method.java:498) ~[?:1.8.0_402]
	at org.apache.hadoop.hive.metastore.RetryingMetaStoreClient.invoke(RetryingMetaStoreClient.java:218) ~[classes/:?]
	at com.sun.proxy.$Proxy45.dropDatabase(Unknown Source) ~[?:?]
	at org.apache.hadoop.hive.ql.metadata.Hive.dropDatabase(Hive.java:662) ~[classes/:?]
	... 57 more
Caused by: org.apache.derby.iapi.error.StandardException: DELETE on table 'DBS' caused a violation of foreign key constraint 'TBLS_FK1' for key (3).  The statement has been rolled back.
	at org.apache.derby.iapi.error.StandardException.newException(Unknown Source) ~[derby-10.14.1.0.jar:?]
	at org.apache.derby.iapi.error.StandardException.newException(Unknown Source) ~[derby-10.14.1.0.jar:?]
	at org.apache.derby.impl.sql.execute.ReferencedKeyRIChecker.doCheck(Unknown Source) ~[derby-10.14.1.0.jar:?]
	at org.apache.derby.impl.sql.execute.RISetChecker.doPKCheck(Unknown Source) ~[derby-10.14.1.0.jar:?]
	at org.apache.derby.impl.sql.execute.DeleteResultSet.collectAffectedRows(Unknown Source) ~[derby-10.14.1.0.jar:?]
	at org.apache.derby.impl.sql.execute.DeleteResultSet.open(Unknown Source) ~[derby-10.14.1.0.jar:?]
	at org.apache.derby.impl.sql.GenericPreparedStatement.executeStmt(Unknown Source) ~[derby-10.14.1.0.jar:?]
	at org.apache.derby.impl.sql.GenericPreparedStatement.execute(Unknown Source) ~[derby-10.14.1.0.jar:?]
	at org.apache.derby.impl.jdbc.EmbedStatement.executeStatement(Unknown Source) ~[derby-10.14.1.0.jar:?]
	at org.apache.derby.impl.jdbc.EmbedPreparedStatement.executeBatchElement(Unknown Source) ~[derby-10.14.1.0.jar:?]
	at org.apache.derby.impl.jdbc.EmbedStatement.executeLargeBatch(Unknown Source) ~[derby-10.14.1.0.jar:?]
	at org.apache.derby.impl.jdbc.EmbedStatement.executeBatch(Unknown Source) ~[derby-10.14.1.0.jar:?]
	at com.zaxxer.hikari.pool.ProxyStatement.executeBatch(ProxyStatement.java:128) ~[HikariCP-java7-2.4.12.jar:?]
	at com.zaxxer.hikari.pool.HikariProxyPreparedStatement.executeBatch(HikariProxyPreparedStatement.java) ~[HikariCP-java7-2.4.12.jar:?]
	at org.datanucleus.store.rdbms.ParamLoggingPreparedStatement.executeBatch(ParamLoggingPreparedStatement.java:366) ~[datanucleus-rdbms-5.2.4.jar:?]
	at org.datanucleus.store.rdbms.SQLController.processConnectionStatement(SQLController.java:675) ~[datanucleus-rdbms-5.2.4.jar:?]
	at org.datanucleus.store.rdbms.SQLController.processStatementsForConnection(SQLController.java:643) ~[datanucleus-rdbms-5.2.4.jar:?]
	at org.datanucleus.store.rdbms.SQLController$1.transactionFlushed(SQLController.java:729) ~[datanucleus-rdbms-5.2.4.jar:?]
	at org.datanucleus.store.connection.AbstractManagedConnection.transactionFlushed(AbstractManagedConnection.java:95) ~[datanucleus-core-5.2.4.jar:?]
	at org.datanucleus.store.connection.ConnectionManagerImpl$2.transactionFlushed(ConnectionManagerImpl.java:528) ~[datanucleus-core-5.2.4.jar:?]
	at org.datanucleus.TransactionImpl.flush(TransactionImpl.java:222) ~[datanucleus-core-5.2.4.jar:?]
	at org.datanucleus.TransactionImpl.commit(TransactionImpl.java:286) ~[datanucleus-core-5.2.4.jar:?]
	at org.datanucleus.api.jdo.JDOTransaction.commit(JDOTransaction.java:99) ~[datanucleus-api-jdo-5.2.4.jar:?]
	at org.apache.hadoop.hive.metastore.ObjectStore.commitTransaction(ObjectStore.java:615) ~[classes/:?]
	at sun.reflect.GeneratedMethodAccessor31.invoke(Unknown Source) ~[?:?]
	at sun.reflect.DelegatingMethodAccessorImpl.invoke(DelegatingMethodAccessorImpl.java:43) ~[?:1.8.0_402]
	at java.lang.reflect.Method.invoke(Method.java:498) ~[?:1.8.0_402]
	at org.apache.hadoop.hive.metastore.RawStoreProxy.invoke(RawStoreProxy.java:97) ~[classes/:?]
	at com.sun.proxy.$Proxy32.commitTransaction(Unknown Source) ~[?:?]
	at org.apache.hadoop.hive.metastore.HMSHandler.drop_database_core(HMSHandler.java:1790) ~[classes/:?]
	at org.apache.hadoop.hive.metastore.HMSHandler.drop_database(HMSHandler.java:1869) ~[classes/:?]
	at sun.reflect.GeneratedMethodAccessor54.invoke(Unknown Source) ~[?:?]
	at sun.reflect.DelegatingMethodAccessorImpl.invoke(DelegatingMethodAccessorImpl.java:43) ~[?:1.8.0_402]
	at java.lang.reflect.Method.invoke(Method.java:498) ~[?:1.8.0_402]
	at org.apache.hadoop.hive.metastore.RetryingHMSHandler.invokeInternal(RetryingHMSHandler.java:147) ~[classes/:?]
	at org.apache.hadoop.hive.metastore.RetryingHMSHandler.invoke(RetryingHMSHandler.java:108) ~[classes/:?]
	at com.sun.proxy.$Proxy35.drop_database(Unknown Source) ~[?:?]
	at org.apache.hadoop.hive.metastore.HiveMetaStoreClient.dropDatabaseCascadePerDb(HiveMetaStoreClient.java:1601) ~[classes/:?]
	at org.apache.hadoop.hive.metastore.HiveMetaStoreClient.dropDatabase(HiveMetaStoreClient.java:1532) ~[classes/:?]
	at org.apache.hadoop.hive.metastore.HiveMetaStoreClient.dropDatabase(HiveMetaStoreClient.java:1485) ~[classes/:?]
	at sun.reflect.NativeMethodAccessorImpl.invoke0(Native Method) ~[?:1.8.0_402]
	at sun.reflect.NativeMethodAccessorImpl.invoke(NativeMethodAccessorImpl.java:62) ~[?:1.8.0_402]
	at sun.reflect.DelegatingMethodAccessorImpl.invoke(DelegatingMethodAccessorImpl.java:43) ~[?:1.8.0_402]
	at java.lang.reflect.Method.invoke(Method.java:498) ~[?:1.8.0_402]
	at org.apache.hadoop.hive.metastore.RetryingMetaStoreClient.invoke(RetryingMetaStoreClient.java:218) ~[classes/:?]
	at com.sun.proxy.$Proxy45.dropDatabase(Unknown Source) ~[?:?]
	at org.apache.hadoop.hive.ql.metadata.Hive.dropDatabase(Hive.java:662) ~[classes/:?]
	... 57 more
2024-04-24T11:27:55,166  INFO [main] reexec.ReOptimizePlugin: ReOptimization: retryPossible: false
2024-04-24T11:27:55,166  INFO [main] reexec.ReExecuteLostAMQueryPlugin: Got exception message: MetaException(message:javax.jdo.JDODataStoreException: Exception thrown flushing changes to datastore
NestedThrowables:
java.sql.BatchUpdateException: DELETE on table 'DBS' caused a violation of foreign key constraint 'TBLS_FK1' for key (3).  The statement has been rolled back.) retryPossible: false
2024-04-24T11:27:55,166  INFO [main] reexec.ReExecutionDagSubmitPlugin: Got exception message: MetaException(message:javax.jdo.JDODataStoreException: Exception thrown flushing changes to datastore
NestedThrowables:
java.sql.BatchUpdateException: DELETE on table 'DBS' caused a violation of foreign key constraint 'TBLS_FK1' for key (3).  The statement has been rolled back.) retryPossible: false
FAILED: Execution Error, return code 40000 from org.apache.hadoop.hive.ql.ddl.DDLTask. MetaException(message:javax.jdo.JDODataStoreException: Exception thrown flushing changes to datastore
NestedThrowables:
java.sql.BatchUpdateException: DELETE on table 'DBS' caused a violation of foreign key constraint 'TBLS_FK1' for key (3).  The statement has been rolled back.)
2024-04-24T11:27:55,166 ERROR [main] ql.Driver: FAILED: Execution Error, return code 40000 from org.apache.hadoop.hive.ql.ddl.DDLTask. MetaException(message:javax.jdo.JDODataStoreException: Exception thrown flushing changes to datastore
NestedThrowables:
java.sql.BatchUpdateException: DELETE on table 'DBS' caused a violation of foreign key constraint 'TBLS_FK1' for key (3).  The statement has been rolled back.)
2024-04-24T11:27:55,166  INFO [main] metadata.Hive: Dumping metastore api call timing information for : execution phase
2024-04-24T11:27:55,166  INFO [main] metadata.Hive: Total time spent in each metastore function (ms): {isCompatibleWith_(Configuration)=1}
2024-04-24T11:27:55,167  INFO [main] ql.Driver: Completed executing command(queryId=alex_20240424112731_85129044-0847-4ad2-ae27-81cba20e5936); Time taken: 20.328 seconds
]]></system-err>
  </testcase>
  <testcase name="testProjectionsBasic" classname="org.apache.hive.hcatalog.pig.TestRCFileHCatLoader" time="20.696">
    <error message="FAILED: Execution Error, return code 40000 from org.apache.hadoop.hive.ql.ddl.DDLTask. AlreadyExistsException(message:Table hive.junit_specific_db.junit_specific_size2 already exists)" type="(responseCode = 40000, errorMessage = FAILED"><![CDATA[(responseCode = 40000, errorMessage = FAILED: Execution Error, return code 40000 from org.apache.hadoop.hive.ql.ddl.DDLTask. AlreadyExistsException(message:Table hive.junit_specific_db.junit_specific_size2 already exists), hiveErrorCode = 40000, SQLState = 08S01, exception = AlreadyExistsException(message:Table hive.junit_specific_db.junit_specific_size2 already exists))
	at org.apache.hadoop.hive.ql.DriverUtils.createProcessorException(DriverUtils.java:153)
	at org.apache.hadoop.hive.ql.Executor.handleTaskFailure(Executor.java:403)
	at org.apache.hadoop.hive.ql.Executor.handleFinished(Executor.java:285)
	at org.apache.hadoop.hive.ql.Executor.runTasks(Executor.java:246)
	at org.apache.hadoop.hive.ql.Executor.execute(Executor.java:108)
	at org.apache.hadoop.hive.ql.Driver.execute(Driver.java:348)
	at org.apache.hadoop.hive.ql.Driver.runInternal(Driver.java:204)
	at org.apache.hadoop.hive.ql.Driver.run(Driver.java:153)
	at org.apache.hadoop.hive.ql.Driver.run(Driver.java:148)
	at org.apache.hadoop.hive.ql.reexec.ReExecDriver.run(ReExecDriver.java:164)
	at org.apache.hadoop.hive.ql.reexec.ReExecDriver.run(ReExecDriver.java:230)
	at org.apache.hive.hcatalog.pig.AbstractHCatLoaderTest.executeStatementOnDriver(AbstractHCatLoaderTest.java:151)
	at org.apache.hive.hcatalog.pig.AbstractHCatLoaderTest.createTable(AbstractHCatLoaderTest.java:134)
	at org.apache.hive.hcatalog.pig.AbstractHCatLoaderTest.createTable(AbstractHCatLoaderTest.java:104)
	at org.apache.hive.hcatalog.pig.AbstractHCatLoaderTest.createTable(AbstractHCatLoaderTest.java:138)
	at org.apache.hive.hcatalog.pig.AbstractHCatLoaderTest.setUpTest(AbstractHCatLoaderTest.java:172)
	at sun.reflect.NativeMethodAccessorImpl.invoke0(Native Method)
	at sun.reflect.NativeMethodAccessorImpl.invoke(NativeMethodAccessorImpl.java:62)
	at sun.reflect.DelegatingMethodAccessorImpl.invoke(DelegatingMethodAccessorImpl.java:43)
	at java.lang.reflect.Method.invoke(Method.java:498)
	at org.junit.runners.model.FrameworkMethod$1.runReflectiveCall(FrameworkMethod.java:59)
	at org.junit.internal.runners.model.ReflectiveCallable.run(ReflectiveCallable.java:12)
	at org.junit.runners.model.FrameworkMethod.invokeExplosively(FrameworkMethod.java:56)
	at org.junit.internal.runners.statements.RunBefores.invokeMethod(RunBefores.java:33)
	at org.junit.internal.runners.statements.RunBefores.evaluate(RunBefores.java:24)
	at org.junit.internal.runners.statements.RunAfters.evaluate(RunAfters.java:27)
	at org.junit.runners.ParentRunner$3.evaluate(ParentRunner.java:306)
	at org.junit.runners.BlockJUnit4ClassRunner$1.evaluate(BlockJUnit4ClassRunner.java:100)
	at org.junit.runners.ParentRunner.runLeaf(ParentRunner.java:366)
	at org.junit.runners.BlockJUnit4ClassRunner.runChild(BlockJUnit4ClassRunner.java:103)
	at org.junit.runners.BlockJUnit4ClassRunner.runChild(BlockJUnit4ClassRunner.java:63)
	at org.junit.runners.ParentRunner$4.run(ParentRunner.java:331)
	at org.junit.runners.ParentRunner$1.schedule(ParentRunner.java:79)
	at org.junit.runners.ParentRunner.runChildren(ParentRunner.java:329)
	at org.junit.runners.ParentRunner.access$100(ParentRunner.java:66)
	at org.junit.runners.ParentRunner$2.evaluate(ParentRunner.java:293)
	at org.junit.internal.runners.statements.RunBefores.evaluate(RunBefores.java:26)
	at org.junit.runners.ParentRunner$3.evaluate(ParentRunner.java:306)
	at org.junit.runners.ParentRunner.run(ParentRunner.java:413)
	at org.junit.runners.Suite.runChild(Suite.java:128)
	at org.junit.runners.Suite.runChild(Suite.java:27)
	at org.junit.runners.ParentRunner$4.run(ParentRunner.java:331)
	at org.junit.runners.ParentRunner$1.schedule(ParentRunner.java:79)
	at org.junit.runners.ParentRunner.runChildren(ParentRunner.java:329)
	at org.junit.runners.ParentRunner.access$100(ParentRunner.java:66)
	at org.junit.runners.ParentRunner$2.evaluate(ParentRunner.java:293)
	at org.junit.runners.ParentRunner$3.evaluate(ParentRunner.java:306)
	at org.junit.runners.ParentRunner.run(ParentRunner.java:413)
	at org.apache.maven.surefire.junitcore.JUnitCore.run(JUnitCore.java:55)
	at org.apache.maven.surefire.junitcore.JUnitCoreWrapper.createRequestAndRun(JUnitCoreWrapper.java:137)
	at org.apache.maven.surefire.junitcore.JUnitCoreWrapper.executeEager(JUnitCoreWrapper.java:107)
	at org.apache.maven.surefire.junitcore.JUnitCoreWrapper.execute(JUnitCoreWrapper.java:83)
	at org.apache.maven.surefire.junitcore.JUnitCoreWrapper.execute(JUnitCoreWrapper.java:75)
	at org.apache.maven.surefire.junitcore.JUnitCoreProvider.invoke(JUnitCoreProvider.java:158)
	at org.apache.maven.surefire.booter.ForkedBooter.runSuitesInProcess(ForkedBooter.java:377)
	at org.apache.maven.surefire.booter.ForkedBooter.execute(ForkedBooter.java:138)
	at org.apache.maven.surefire.booter.ForkedBooter.run(ForkedBooter.java:465)
	at org.apache.maven.surefire.booter.ForkedBooter.main(ForkedBooter.java:451)
Caused by: org.apache.hadoop.hive.ql.metadata.HiveException: AlreadyExistsException(message:Table hive.junit_specific_db.junit_specific_size2 already exists)
	at org.apache.hadoop.hive.ql.metadata.Hive.createTable(Hive.java:1298)
	at org.apache.hadoop.hive.ql.metadata.Hive.createTable(Hive.java:1306)
	at org.apache.hadoop.hive.ql.ddl.table.create.CreateTableOperation.createTableNonReplaceMode(CreateTableOperation.java:140)
	at org.apache.hadoop.hive.ql.ddl.table.create.CreateTableOperation.execute(CreateTableOperation.java:98)
	at org.apache.hadoop.hive.ql.ddl.DDLTask.execute(DDLTask.java:84)
	at org.apache.hadoop.hive.ql.exec.Task.executeTask(Task.java:212)
	at org.apache.hadoop.hive.ql.exec.TaskRunner.runSequential(TaskRunner.java:105)
	at org.apache.hadoop.hive.ql.Executor.launchTask(Executor.java:361)
	at org.apache.hadoop.hive.ql.Executor.launchTasks(Executor.java:334)
	at org.apache.hadoop.hive.ql.Executor.runTasks(Executor.java:245)
	... 54 more
Caused by: AlreadyExistsException(message:Table hive.junit_specific_db.junit_specific_size2 already exists)
	at org.apache.hadoop.hive.metastore.HMSHandler.create_table_core(HMSHandler.java:2339)
	at org.apache.hadoop.hive.metastore.HMSHandler.create_table_req(HMSHandler.java:2598)
	at sun.reflect.GeneratedMethodAccessor40.invoke(Unknown Source)
	at sun.reflect.DelegatingMethodAccessorImpl.invoke(DelegatingMethodAccessorImpl.java:43)
	at java.lang.reflect.Method.invoke(Method.java:498)
	at org.apache.hadoop.hive.metastore.RetryingHMSHandler.invokeInternal(RetryingHMSHandler.java:147)
	at org.apache.hadoop.hive.metastore.RetryingHMSHandler.invoke(RetryingHMSHandler.java:108)
	at com.sun.proxy.$Proxy35.create_table_req(Unknown Source)
	at org.apache.hadoop.hive.metastore.HiveMetaStoreClient.create_table_with_environment_context(HiveMetaStoreClient.java:4408)
	at org.apache.hadoop.hive.ql.metadata.SessionHiveMetaStoreClient.create_table_with_environment_context(SessionHiveMetaStoreClient.java:182)
	at org.apache.hadoop.hive.metastore.HiveMetaStoreClient.createTable(HiveMetaStoreClient.java:1260)
	at org.apache.hadoop.hive.metastore.HiveMetaStoreClient.createTable(HiveMetaStoreClient.java:1245)
	at sun.reflect.GeneratedMethodAccessor39.invoke(Unknown Source)
	at sun.reflect.DelegatingMethodAccessorImpl.invoke(DelegatingMethodAccessorImpl.java:43)
	at java.lang.reflect.Method.invoke(Method.java:498)
	at org.apache.hadoop.hive.metastore.RetryingMetaStoreClient.invoke(RetryingMetaStoreClient.java:218)
	at com.sun.proxy.$Proxy45.createTable(Unknown Source)
	at org.apache.hadoop.hive.ql.metadata.Hive.createTable(Hive.java:1290)
	... 63 more
]]></error>
    <system-err><![CDATA[2024-04-24T11:27:55,205  WARN [main] conf.HiveConf: HiveConf of name hive.llap.io.cache.orc.arena.size does not exist
2024-04-24T11:27:55,205  WARN [main] conf.HiveConf: HiveConf of name hive.stats.key.prefix.reserve.length does not exist
2024-04-24T11:27:55,205  WARN [main] conf.HiveConf: HiveConf of name hive.metastore.metadb.dir does not exist
2024-04-24T11:27:55,205  WARN [main] conf.HiveConf: HiveConf of name hive.llap.io.cache.orc.size does not exist
2024-04-24T11:27:55,205  WARN [main] conf.HiveConf: HiveConf of name hive.metastore.client.cache.recordStats does not exist
2024-04-24T11:27:55,205  WARN [main] conf.HiveConf: HiveConf of name hive.llap.io.cache.orc.alloc.max does not exist
2024-04-24T11:27:55,206  WARN [main] conf.HiveConf: HiveConf of name hive.dummyparam.test.server.specific.config.metastoresite does not exist
2024-04-24T11:27:55,206  WARN [main] conf.HiveConf: HiveConf of name hive.dummyparam.test.server.specific.config.hivesite does not exist
2024-04-24T11:27:55,206  WARN [main] conf.HiveConf: HiveConf of name hive.llap.io.cache.orc.alloc.min does not exist
2024-04-24T11:27:55,206  WARN [main] conf.HiveConf: HiveConf of name hive.dummyparam.test.server.specific.config.override does not exist
2024-04-24T11:27:55,206  WARN [main] conf.HiveConf: HiveConf of name hive.metastore.client.cache.maxSize does not exist
2024-04-24T11:27:55,208  INFO [main] metastore.HiveMetaStoreClient: HMS client filtering is enabled.
2024-04-24T11:27:55,208  INFO [main] metastore.PersistenceManagerProvider: Configuration datanucleus.autoStartMechanismMode is not set. Defaulting to 'ignored'
2024-04-24T11:27:55,208  INFO [main] metastore.ObjectStore: RawStore: org.apache.hadoop.hive.metastore.ObjectStore@11ed241c, with PersistenceManager: org.datanucleus.api.jdo.JDOPersistenceManager@74ae2dec will be shutdown
2024-04-24T11:27:55,209  INFO [main] metastore.ObjectStore: RawStore: org.apache.hadoop.hive.metastore.ObjectStore@11ed241c, with PersistenceManager: org.datanucleus.api.jdo.JDOPersistenceManager@7650e219 created in the thread with id: 1
2024-04-24T11:27:55,231  INFO [main] metastore.HMSHandler: HMS server filtering is disabled by configuration
Hive Session ID = 97732b01-029c-48c7-81c8-58a56cccca68
2024-04-24T11:27:55,231  INFO [main] SessionState: Hive Session ID = 97732b01-029c-48c7-81c8-58a56cccca68
ivysettings.xml file not found in HIVE_HOME or HIVE_CONF_DIR,file:/home/alex/.m2/repository/org/apache/pig/pig/0.16.0/pig-0.16.0-h2.jar!/ivysettings.xml will be used
2024-04-24T11:27:55,231  INFO [main] DependencyResolver: ivysettings.xml file not found in HIVE_HOME or HIVE_CONF_DIR,file:/home/alex/.m2/repository/org/apache/pig/pig/0.16.0/pig-0.16.0-h2.jar!/ivysettings.xml will be used
2024-04-24T11:27:55,236  INFO [main] session.SessionState: Created HDFS directory: /home/alex/Repositories/hive/hcatalog/hcatalog-pig-adapter/target/tmp/scratchdir/alex/97732b01-029c-48c7-81c8-58a56cccca68
2024-04-24T11:27:55,239  INFO [main] session.SessionState: Created local directory: /home/alex/Repositories/hive/hcatalog/hcatalog-pig-adapter/target/tmp/localscratchdir/97732b01-029c-48c7-81c8-58a56cccca68
2024-04-24T11:27:55,241  INFO [main] session.SessionState: Created HDFS directory: /home/alex/Repositories/hive/hcatalog/hcatalog-pig-adapter/target/tmp/scratchdir/alex/97732b01-029c-48c7-81c8-58a56cccca68/_tmp_space.db
2024-04-24T11:27:55,242  INFO [main] ql.Driver: Compiling command(queryId=alex_20240424112755_3727c717-9661-4edf-9af9-3fcdf6d88583): use default
2024-04-24T11:27:55,243  INFO [main] HiveMetaStore.audit: ugi=alex	ip=unknown-ip-addr	cmd=get_database: default	
2024-04-24T11:27:55,244  INFO [main] ql.Driver: Semantic Analysis Completed (retrial = false)
2024-04-24T11:27:55,244  INFO [main] ql.Driver: Created Hive schema: Schema(fieldSchemas:null, properties:null)
2024-04-24T11:27:55,244  INFO [main] metadata.Hive: Dumping metastore api call timing information for : compilation phase
2024-04-24T11:27:55,244  INFO [main] metadata.Hive: Total time spent in each metastore function (ms): {flushCache_()=0, isCompatibleWith_(Configuration)=1, getDatabase_(String)=1}
2024-04-24T11:27:55,244  INFO [main] ql.Driver: Completed compiling command(queryId=alex_20240424112755_3727c717-9661-4edf-9af9-3fcdf6d88583); Time taken: 0.002 seconds
2024-04-24T11:27:55,244  INFO [main] reexec.ReExecDriver: Execution #1 of query
2024-04-24T11:27:55,244  INFO [main] ql.Driver: Concurrency mode is disabled, not creating a lock manager
2024-04-24T11:27:55,244  INFO [main] ql.Driver: Executing command(queryId=alex_20240424112755_3727c717-9661-4edf-9af9-3fcdf6d88583): use default
2024-04-24T11:27:55,245  INFO [main] ql.Driver: Starting task [Stage-0:DDL] in serial mode
2024-04-24T11:27:55,245  INFO [main] HiveMetaStore.audit: ugi=alex	ip=unknown-ip-addr	cmd=get_database: default	
2024-04-24T11:27:55,246  INFO [main] HiveMetaStore.audit: ugi=alex	ip=unknown-ip-addr	cmd=get_database: default	
2024-04-24T11:27:55,247  INFO [main] metadata.Hive: Dumping metastore api call timing information for : execution phase
2024-04-24T11:27:55,247  INFO [main] metadata.Hive: Total time spent in each metastore function (ms): {isCompatibleWith_(Configuration)=0, getDatabase_(String)=2}
2024-04-24T11:27:55,248  INFO [main] ql.Driver: Completed executing command(queryId=alex_20240424112755_3727c717-9661-4edf-9af9-3fcdf6d88583); Time taken: 0.003 seconds
2024-04-24T11:27:55,248  INFO [main] ql.Driver: Compiling command(queryId=alex_20240424112755_3727c717-9661-4edf-9af9-3fcdf6d88583): create table junit_unparted_basic(a int, b string) stored as RCFILE TBLPROPERTIES ('transactional'='false')
2024-04-24T11:27:55,249  INFO [main] parse.CalcitePlanner: Starting caching scope for: alex_20240424112755_3727c717-9661-4edf-9af9-3fcdf6d88583
2024-04-24T11:27:55,249  INFO [main] parse.CalcitePlanner: Starting Semantic Analysis
2024-04-24T11:27:55,249  INFO [main] sqlstd.SQLStdHiveAccessController: Created SQLStdHiveAccessController for session context : HiveAuthzSessionContext [sessionString=97732b01-029c-48c7-81c8-58a56cccca68, clientType=HIVECLI]
2024-04-24T11:27:55,249  INFO [main] metastore.HiveMetaStoreClient: Mestastore configuration metastore.filter.hook changed from org.apache.hadoop.hive.metastore.DefaultMetaStoreFilterHookImpl to org.apache.hadoop.hive.ql.security.authorization.plugin.AuthorizationMetaStoreFilterHook
2024-04-24T11:27:55,249  INFO [main] HiveMetaStore.audit: ugi=alex	ip=unknown-ip-addr	cmd=Cleaning up thread local RawStore...	
2024-04-24T11:27:55,249  INFO [main] metastore.ObjectStore: RawStore: org.apache.hadoop.hive.metastore.ObjectStore@11ed241c, with PersistenceManager: org.datanucleus.api.jdo.JDOPersistenceManager@7650e219 will be shutdown
2024-04-24T11:27:55,249  INFO [main] HiveMetaStore.audit: ugi=alex	ip=unknown-ip-addr	cmd=Done cleaning up thread local RawStore	
2024-04-24T11:27:55,249  INFO [main] metastore.HiveMetaStoreClient: Closed a connection to metastore, current connections: -12
2024-04-24T11:27:55,250  INFO [main] metastore.HiveMetaStoreClient: HMS client filtering is enabled.
2024-04-24T11:27:55,251  INFO [main] metastore.HMSHandler: 0: Opening raw store with implementation class:org.apache.hadoop.hive.metastore.ObjectStore
2024-04-24T11:27:55,251  INFO [main] metastore.PersistenceManagerProvider: Configuration datanucleus.autoStartMechanismMode is not set. Defaulting to 'ignored'
2024-04-24T11:27:55,252  INFO [main] metastore.ObjectStore: RawStore: org.apache.hadoop.hive.metastore.ObjectStore@5956b966, with PersistenceManager: null will be shutdown
2024-04-24T11:27:55,252  INFO [main] metastore.ObjectStore: RawStore: org.apache.hadoop.hive.metastore.ObjectStore@5956b966, with PersistenceManager: org.datanucleus.api.jdo.JDOPersistenceManager@75d7e128 created in the thread with id: 1
2024-04-24T11:27:55,254  INFO [main] metastore.HMSHandler: Created RawStore: org.apache.hadoop.hive.metastore.ObjectStore@5956b966 from thread id: 1
2024-04-24T11:27:55,254  INFO [main] metastore.HMSHandler: HMS server filtering is disabled by configuration
2024-04-24T11:27:55,254  INFO [main] metastore.RetryingMetaStoreClient: RetryingMetaStoreClient proxy=class org.apache.hadoop.hive.ql.metadata.SessionHiveMetaStoreClient ugi=alex (auth:SIMPLE) retries=1 delay=1 lifetime=0
2024-04-24T11:27:55,254  INFO [main] parse.CalcitePlanner: Creating table default.junit_unparted_basic position=13
2024-04-24T11:27:55,255  INFO [main] metastore.HiveMetaStoreClient: HMS client filtering is enabled.
2024-04-24T11:27:55,255  INFO [main] metastore.PersistenceManagerProvider: Configuration datanucleus.autoStartMechanismMode is not set. Defaulting to 'ignored'
2024-04-24T11:27:55,255  INFO [main] metastore.ObjectStore: RawStore: org.apache.hadoop.hive.metastore.ObjectStore@5956b966, with PersistenceManager: org.datanucleus.api.jdo.JDOPersistenceManager@75d7e128 will be shutdown
2024-04-24T11:27:55,256  INFO [main] metastore.ObjectStore: RawStore: org.apache.hadoop.hive.metastore.ObjectStore@5956b966, with PersistenceManager: org.datanucleus.api.jdo.JDOPersistenceManager@1e20dad5 created in the thread with id: 1
2024-04-24T11:27:55,257  INFO [main] metastore.HMSHandler: HMS server filtering is disabled by configuration
2024-04-24T11:27:55,258  INFO [main] metastore.RetryingMetaStoreClient: RetryingMetaStoreClient proxy=class org.apache.hadoop.hive.ql.metadata.SessionHiveMetaStoreClient ugi=alex (auth:SIMPLE) retries=1 delay=1 lifetime=0
2024-04-24T11:27:55,258  INFO [main] HiveMetaStore.audit: ugi=alex	ip=unknown-ip-addr	cmd=get_database: default	
2024-04-24T11:27:55,259  INFO [main] parse.CalcitePlanner: Ending caching scope for: alex_20240424112755_3727c717-9661-4edf-9af9-3fcdf6d88583
2024-04-24T11:27:55,259  INFO [main] ql.Driver: Semantic Analysis Completed (retrial = false)
2024-04-24T11:27:55,259  INFO [main] ql.Driver: Created Hive schema: Schema(fieldSchemas:null, properties:null)
2024-04-24T11:27:55,259  INFO [main] metadata.Hive: Dumping metastore api call timing information for : compilation phase
2024-04-24T11:27:55,259  INFO [main] metadata.Hive: Total time spent in each metastore function (ms): {}
2024-04-24T11:27:55,259  INFO [main] ql.Driver: Completed compiling command(queryId=alex_20240424112755_3727c717-9661-4edf-9af9-3fcdf6d88583); Time taken: 0.011 seconds
2024-04-24T11:27:55,259  INFO [main] reexec.ReExecDriver: Execution #1 of query
2024-04-24T11:27:55,259  INFO [main] ql.Driver: Concurrency mode is disabled, not creating a lock manager
2024-04-24T11:27:55,260  INFO [main] ql.Driver: Executing command(queryId=alex_20240424112755_3727c717-9661-4edf-9af9-3fcdf6d88583): create table junit_unparted_basic(a int, b string) stored as RCFILE TBLPROPERTIES ('transactional'='false')
2024-04-24T11:27:55,260  INFO [main] ql.Driver: Starting task [Stage-0:DDL] in serial mode
2024-04-24T11:27:55,260  INFO [main] metastore.HiveMetaStoreClient: Mestastore configuration metastore.filter.hook changed from org.apache.hadoop.hive.ql.security.authorization.plugin.AuthorizationMetaStoreFilterHook to org.apache.hadoop.hive.metastore.DefaultMetaStoreFilterHookImpl
2024-04-24T11:27:55,260  INFO [main] HiveMetaStore.audit: ugi=alex	ip=unknown-ip-addr	cmd=Cleaning up thread local RawStore...	
2024-04-24T11:27:55,260  INFO [main] metastore.ObjectStore: RawStore: org.apache.hadoop.hive.metastore.ObjectStore@5956b966, with PersistenceManager: org.datanucleus.api.jdo.JDOPersistenceManager@1e20dad5 will be shutdown
2024-04-24T11:27:55,260  INFO [main] HiveMetaStore.audit: ugi=alex	ip=unknown-ip-addr	cmd=Done cleaning up thread local RawStore	
2024-04-24T11:27:55,260  INFO [main] metastore.HiveMetaStoreClient: Closed a connection to metastore, current connections: -13
2024-04-24T11:27:55,262  INFO [main] metastore.HiveMetaStoreClient: HMS client filtering is enabled.
2024-04-24T11:27:55,263  INFO [main] metastore.HMSHandler: 0: Opening raw store with implementation class:org.apache.hadoop.hive.metastore.ObjectStore
2024-04-24T11:27:55,263  INFO [main] metastore.PersistenceManagerProvider: Configuration datanucleus.autoStartMechanismMode is not set. Defaulting to 'ignored'
2024-04-24T11:27:55,264  INFO [main] metastore.ObjectStore: RawStore: org.apache.hadoop.hive.metastore.ObjectStore@513ad29e, with PersistenceManager: null will be shutdown
2024-04-24T11:27:55,264  INFO [main] metastore.ObjectStore: RawStore: org.apache.hadoop.hive.metastore.ObjectStore@513ad29e, with PersistenceManager: org.datanucleus.api.jdo.JDOPersistenceManager@2ee6196f created in the thread with id: 1
2024-04-24T11:27:55,266  INFO [main] metastore.HMSHandler: Created RawStore: org.apache.hadoop.hive.metastore.ObjectStore@513ad29e from thread id: 1
2024-04-24T11:27:55,266  INFO [main] metastore.HMSHandler: HMS server filtering is disabled by configuration
2024-04-24T11:27:55,266  INFO [main] metastore.RetryingMetaStoreClient: RetryingMetaStoreClient proxy=class org.apache.hadoop.hive.ql.metadata.SessionHiveMetaStoreClient ugi=alex (auth:SIMPLE) retries=1 delay=1 lifetime=0
2024-04-24T11:27:55,267  INFO [main] HiveMetaStore.audit: ugi=alex	ip=unknown-ip-addr	cmd=create_table_req: Table(tableName:junit_unparted_basic, dbName:default, owner:alex, createTime:1713983275, lastAccessTime:0, retention:0, sd:StorageDescriptor(cols:[FieldSchema(name:a, type:int, comment:null), FieldSchema(name:b, type:string, comment:null)], location:null, inputFormat:org.apache.hadoop.hive.ql.io.RCFileInputFormat, outputFormat:org.apache.hadoop.hive.ql.io.RCFileOutputFormat, compressed:false, numBuckets:-1, serdeInfo:SerDeInfo(name:null, serializationLib:org.apache.hadoop.hive.serde2.columnar.ColumnarSerDe, parameters:{serialization.format=1}), bucketCols:[], sortCols:[], parameters:{}, skewedInfo:SkewedInfo(skewedColNames:[], skewedColValues:[], skewedColValueLocationMaps:{}), storedAsSubDirectories:false), partitionKeys:[], parameters:{numFilesErasureCoded=0, transactional=false, numRows=0, COLUMN_STATS_ACCURATE={"BASIC_STATS":"true","COLUMN_STATS":{"a":"true","b":"true"}}, numFiles=0, bucketing_version=2, rawDataSize=0, totalSize=0}, viewOriginalText:null, viewExpandedText:null, tableType:MANAGED_TABLE, privileges:PrincipalPrivilegeSet(userPrivileges:{alex=[PrivilegeGrantInfo(privilege:INSERT, createTime:-1, grantor:alex, grantorType:USER, grantOption:true), PrivilegeGrantInfo(privilege:SELECT, createTime:-1, grantor:alex, grantorType:USER, grantOption:true), PrivilegeGrantInfo(privilege:UPDATE, createTime:-1, grantor:alex, grantorType:USER, grantOption:true), PrivilegeGrantInfo(privilege:DELETE, createTime:-1, grantor:alex, grantorType:USER, grantOption:true)]}, groupPrivileges:null, rolePrivileges:null), temporary:false, catName:hive, ownerType:USER)	
2024-04-24T11:27:55,271  INFO [main] utils.FileUtils: Creating directory if it doesn't exist: file:/home/alex/Repositories/hive/hcatalog/hcatalog-pig-adapter/build/test/data/org.apache.hive.hcatalog.mapreduce.HCatBaseTest-1713983215978/warehouse/junit_unparted_basic
2024-04-24T11:27:55,308  INFO [main] metadata.Hive: Dumping metastore api call timing information for : execution phase
2024-04-24T11:27:55,308  INFO [main] metadata.Hive: Total time spent in each metastore function (ms): {createTable_(Table)=42}
2024-04-24T11:27:55,308  INFO [main] ql.Driver: Completed executing command(queryId=alex_20240424112755_3727c717-9661-4edf-9af9-3fcdf6d88583); Time taken: 0.048 seconds
2024-04-24T11:27:55,309  INFO [main] ql.Driver: Compiling command(queryId=alex_20240424112755_3727c717-9661-4edf-9af9-3fcdf6d88583): use default
2024-04-24T11:27:55,309  INFO [main] HiveMetaStore.audit: ugi=alex	ip=unknown-ip-addr	cmd=get_database: default	
2024-04-24T11:27:55,311  INFO [main] ql.Driver: Semantic Analysis Completed (retrial = false)
2024-04-24T11:27:55,311  INFO [main] ql.Driver: Created Hive schema: Schema(fieldSchemas:null, properties:null)
2024-04-24T11:27:55,311  INFO [main] metadata.Hive: Dumping metastore api call timing information for : compilation phase
2024-04-24T11:27:55,311  INFO [main] metadata.Hive: Total time spent in each metastore function (ms): {getDatabase_(String)=2, isCompatibleWith_(Configuration)=0, flushCache_()=0}
2024-04-24T11:27:55,311  INFO [main] ql.Driver: Completed compiling command(queryId=alex_20240424112755_3727c717-9661-4edf-9af9-3fcdf6d88583); Time taken: 0.002 seconds
2024-04-24T11:27:55,311  INFO [main] reexec.ReExecDriver: Execution #1 of query
2024-04-24T11:27:55,311  INFO [main] ql.Driver: Concurrency mode is disabled, not creating a lock manager
2024-04-24T11:27:55,311  INFO [main] ql.Driver: Executing command(queryId=alex_20240424112755_3727c717-9661-4edf-9af9-3fcdf6d88583): use default
2024-04-24T11:27:55,312  INFO [main] ql.Driver: Starting task [Stage-0:DDL] in serial mode
2024-04-24T11:27:55,312  INFO [main] HiveMetaStore.audit: ugi=alex	ip=unknown-ip-addr	cmd=get_database: default	
2024-04-24T11:27:55,314  INFO [main] HiveMetaStore.audit: ugi=alex	ip=unknown-ip-addr	cmd=get_database: default	
2024-04-24T11:27:55,315  INFO [main] metadata.Hive: Dumping metastore api call timing information for : execution phase
2024-04-24T11:27:55,315  INFO [main] metadata.Hive: Total time spent in each metastore function (ms): {isCompatibleWith_(Configuration)=0, getDatabase_(String)=3}
2024-04-24T11:27:55,315  INFO [main] ql.Driver: Completed executing command(queryId=alex_20240424112755_3727c717-9661-4edf-9af9-3fcdf6d88583); Time taken: 0.004 seconds
2024-04-24T11:27:55,316  INFO [main] ql.Driver: Compiling command(queryId=alex_20240424112755_3727c717-9661-4edf-9af9-3fcdf6d88583): create table junit_unparted_complex(name string, studentid int, contact struct<phno:string,email:string>, currently_registered_courses array<string>, current_grades map<string,string>, phnos array<struct<phno:string,type:string>>) stored as RCFILE TBLPROPERTIES ('transactional'='false')
2024-04-24T11:27:55,316  INFO [main] parse.CalcitePlanner: Starting caching scope for: alex_20240424112755_3727c717-9661-4edf-9af9-3fcdf6d88583
2024-04-24T11:27:55,316  INFO [main] parse.CalcitePlanner: Starting Semantic Analysis
2024-04-24T11:27:55,317  INFO [main] parse.CalcitePlanner: Creating table default.junit_unparted_complex position=13
2024-04-24T11:27:55,317  INFO [main] HiveMetaStore.audit: ugi=alex	ip=unknown-ip-addr	cmd=get_database: default	
2024-04-24T11:27:55,318  INFO [main] parse.CalcitePlanner: Ending caching scope for: alex_20240424112755_3727c717-9661-4edf-9af9-3fcdf6d88583
2024-04-24T11:27:55,318  INFO [main] ql.Driver: Semantic Analysis Completed (retrial = false)
2024-04-24T11:27:55,318  INFO [main] ql.Driver: Created Hive schema: Schema(fieldSchemas:null, properties:null)
2024-04-24T11:27:55,318  INFO [main] metadata.Hive: Dumping metastore api call timing information for : compilation phase
2024-04-24T11:27:55,318  INFO [main] metadata.Hive: Total time spent in each metastore function (ms): {getDatabase_(String)=1, isCompatibleWith_(Configuration)=0, flushCache_()=0}
2024-04-24T11:27:55,319  INFO [main] ql.Driver: Completed compiling command(queryId=alex_20240424112755_3727c717-9661-4edf-9af9-3fcdf6d88583); Time taken: 0.002 seconds
2024-04-24T11:27:55,319  INFO [main] reexec.ReExecDriver: Execution #1 of query
2024-04-24T11:27:55,319  INFO [main] ql.Driver: Concurrency mode is disabled, not creating a lock manager
2024-04-24T11:27:55,319  INFO [main] ql.Driver: Executing command(queryId=alex_20240424112755_3727c717-9661-4edf-9af9-3fcdf6d88583): create table junit_unparted_complex(name string, studentid int, contact struct<phno:string,email:string>, currently_registered_courses array<string>, current_grades map<string,string>, phnos array<struct<phno:string,type:string>>) stored as RCFILE TBLPROPERTIES ('transactional'='false')
2024-04-24T11:27:55,319  INFO [main] ql.Driver: Starting task [Stage-0:DDL] in serial mode
2024-04-24T11:27:55,320  INFO [main] HiveMetaStore.audit: ugi=alex	ip=unknown-ip-addr	cmd=create_table_req: Table(tableName:junit_unparted_complex, dbName:default, owner:alex, createTime:1713983275, lastAccessTime:0, retention:0, sd:StorageDescriptor(cols:[FieldSchema(name:name, type:string, comment:null), FieldSchema(name:studentid, type:int, comment:null), FieldSchema(name:contact, type:struct<phno:string,email:string>, comment:null), FieldSchema(name:currently_registered_courses, type:array<string>, comment:null), FieldSchema(name:current_grades, type:map<string,string>, comment:null), FieldSchema(name:phnos, type:array<struct<phno:string,type:string>>, comment:null)], location:null, inputFormat:org.apache.hadoop.hive.ql.io.RCFileInputFormat, outputFormat:org.apache.hadoop.hive.ql.io.RCFileOutputFormat, compressed:false, numBuckets:-1, serdeInfo:SerDeInfo(name:null, serializationLib:org.apache.hadoop.hive.serde2.columnar.ColumnarSerDe, parameters:{serialization.format=1}), bucketCols:[], sortCols:[], parameters:{}, skewedInfo:SkewedInfo(skewedColNames:[], skewedColValues:[], skewedColValueLocationMaps:{}), storedAsSubDirectories:false), partitionKeys:[], parameters:{bucketing_version=2, numRows=0, rawDataSize=0, numFiles=0, numFilesErasureCoded=0, COLUMN_STATS_ACCURATE={"BASIC_STATS":"true","COLUMN_STATS":{"contact":"true","current_grades":"true","currently_registered_courses":"true","name":"true","phnos":"true","studentid":"true"}}, transactional=false, totalSize=0}, viewOriginalText:null, viewExpandedText:null, tableType:MANAGED_TABLE, privileges:PrincipalPrivilegeSet(userPrivileges:{alex=[PrivilegeGrantInfo(privilege:INSERT, createTime:-1, grantor:alex, grantorType:USER, grantOption:true), PrivilegeGrantInfo(privilege:SELECT, createTime:-1, grantor:alex, grantorType:USER, grantOption:true), PrivilegeGrantInfo(privilege:UPDATE, createTime:-1, grantor:alex, grantorType:USER, grantOption:true), PrivilegeGrantInfo(privilege:DELETE, createTime:-1, grantor:alex, grantorType:USER, grantOption:true)]}, groupPrivileges:null, rolePrivileges:null), temporary:false, catName:hive, ownerType:USER)	
2024-04-24T11:27:55,326  INFO [main] utils.FileUtils: Creating directory if it doesn't exist: file:/home/alex/Repositories/hive/hcatalog/hcatalog-pig-adapter/build/test/data/org.apache.hive.hcatalog.mapreduce.HCatBaseTest-1713983215978/warehouse/junit_unparted_complex
2024-04-24T11:27:55,344  INFO [main] metadata.Hive: Dumping metastore api call timing information for : execution phase
2024-04-24T11:27:55,344  INFO [main] metadata.Hive: Total time spent in each metastore function (ms): {isCompatibleWith_(Configuration)=0, createTable_(Table)=24}
2024-04-24T11:27:55,345  INFO [main] ql.Driver: Completed executing command(queryId=alex_20240424112755_3727c717-9661-4edf-9af9-3fcdf6d88583); Time taken: 0.025 seconds
2024-04-24T11:27:55,345  INFO [main] ql.Driver: Compiling command(queryId=alex_20240424112755_3727c717-9661-4edf-9af9-3fcdf6d88583): use default
2024-04-24T11:27:55,345  INFO [main] HiveMetaStore.audit: ugi=alex	ip=unknown-ip-addr	cmd=get_database: default	
2024-04-24T11:27:55,347  INFO [main] ql.Driver: Semantic Analysis Completed (retrial = false)
2024-04-24T11:27:55,347  INFO [main] ql.Driver: Created Hive schema: Schema(fieldSchemas:null, properties:null)
2024-04-24T11:27:55,347  INFO [main] metadata.Hive: Dumping metastore api call timing information for : compilation phase
2024-04-24T11:27:55,347  INFO [main] metadata.Hive: Total time spent in each metastore function (ms): {flushCache_()=0, isCompatibleWith_(Configuration)=0, getDatabase_(String)=2}
2024-04-24T11:27:55,347  INFO [main] ql.Driver: Completed compiling command(queryId=alex_20240424112755_3727c717-9661-4edf-9af9-3fcdf6d88583); Time taken: 0.002 seconds
2024-04-24T11:27:55,348  INFO [main] reexec.ReExecDriver: Execution #1 of query
2024-04-24T11:27:55,348  INFO [main] ql.Driver: Concurrency mode is disabled, not creating a lock manager
2024-04-24T11:27:55,348  INFO [main] ql.Driver: Executing command(queryId=alex_20240424112755_3727c717-9661-4edf-9af9-3fcdf6d88583): use default
2024-04-24T11:27:55,348  INFO [main] ql.Driver: Starting task [Stage-0:DDL] in serial mode
2024-04-24T11:27:55,348  INFO [main] HiveMetaStore.audit: ugi=alex	ip=unknown-ip-addr	cmd=get_database: default	
2024-04-24T11:27:55,350  INFO [main] HiveMetaStore.audit: ugi=alex	ip=unknown-ip-addr	cmd=get_database: default	
2024-04-24T11:27:55,351  INFO [main] metadata.Hive: Dumping metastore api call timing information for : execution phase
2024-04-24T11:27:55,351  INFO [main] metadata.Hive: Total time spent in each metastore function (ms): {getDatabase_(String)=3, isCompatibleWith_(Configuration)=0}
2024-04-24T11:27:55,352  INFO [main] ql.Driver: Completed executing command(queryId=alex_20240424112755_3727c717-9661-4edf-9af9-3fcdf6d88583); Time taken: 0.003 seconds
2024-04-24T11:27:55,352  INFO [main] ql.Driver: Compiling command(queryId=alex_20240424112755_3727c717-9661-4edf-9af9-3fcdf6d88583): create table junit_parted_basic(a int, b string) partitioned by (bkt string) stored as RCFILE TBLPROPERTIES ('transactional'='false')
2024-04-24T11:27:55,353  INFO [main] parse.CalcitePlanner: Starting caching scope for: alex_20240424112755_3727c717-9661-4edf-9af9-3fcdf6d88583
2024-04-24T11:27:55,353  INFO [main] parse.CalcitePlanner: Starting Semantic Analysis
2024-04-24T11:27:55,353  INFO [main] parse.CalcitePlanner: Creating table default.junit_parted_basic position=13
2024-04-24T11:27:55,353  INFO [main] HiveMetaStore.audit: ugi=alex	ip=unknown-ip-addr	cmd=get_database: default	
2024-04-24T11:27:55,355  INFO [main] parse.CalcitePlanner: Ending caching scope for: alex_20240424112755_3727c717-9661-4edf-9af9-3fcdf6d88583
2024-04-24T11:27:55,355  INFO [main] ql.Driver: Semantic Analysis Completed (retrial = false)
2024-04-24T11:27:55,355  INFO [main] ql.Driver: Created Hive schema: Schema(fieldSchemas:null, properties:null)
2024-04-24T11:27:55,355  INFO [main] metadata.Hive: Dumping metastore api call timing information for : compilation phase
2024-04-24T11:27:55,355  INFO [main] metadata.Hive: Total time spent in each metastore function (ms): {flushCache_()=0, getDatabase_(String)=2, isCompatibleWith_(Configuration)=0}
2024-04-24T11:27:55,355  INFO [main] ql.Driver: Completed compiling command(queryId=alex_20240424112755_3727c717-9661-4edf-9af9-3fcdf6d88583); Time taken: 0.003 seconds
2024-04-24T11:27:55,355  INFO [main] reexec.ReExecDriver: Execution #1 of query
2024-04-24T11:27:55,355  INFO [main] ql.Driver: Concurrency mode is disabled, not creating a lock manager
2024-04-24T11:27:55,355  INFO [main] ql.Driver: Executing command(queryId=alex_20240424112755_3727c717-9661-4edf-9af9-3fcdf6d88583): create table junit_parted_basic(a int, b string) partitioned by (bkt string) stored as RCFILE TBLPROPERTIES ('transactional'='false')
2024-04-24T11:27:55,356  INFO [main] ql.Driver: Starting task [Stage-0:DDL] in serial mode
2024-04-24T11:27:55,357  INFO [main] HiveMetaStore.audit: ugi=alex	ip=unknown-ip-addr	cmd=create_table_req: Table(tableName:junit_parted_basic, dbName:default, owner:alex, createTime:1713983275, lastAccessTime:0, retention:0, sd:StorageDescriptor(cols:[FieldSchema(name:a, type:int, comment:null), FieldSchema(name:b, type:string, comment:null)], location:null, inputFormat:org.apache.hadoop.hive.ql.io.RCFileInputFormat, outputFormat:org.apache.hadoop.hive.ql.io.RCFileOutputFormat, compressed:false, numBuckets:-1, serdeInfo:SerDeInfo(name:null, serializationLib:org.apache.hadoop.hive.serde2.columnar.ColumnarSerDe, parameters:{serialization.format=1}), bucketCols:[], sortCols:[], parameters:{}, skewedInfo:SkewedInfo(skewedColNames:[], skewedColValues:[], skewedColValueLocationMaps:{}), storedAsSubDirectories:false), partitionKeys:[FieldSchema(name:bkt, type:string, comment:null)], parameters:{bucketing_version=2, transactional=false}, viewOriginalText:null, viewExpandedText:null, tableType:MANAGED_TABLE, privileges:PrincipalPrivilegeSet(userPrivileges:{alex=[PrivilegeGrantInfo(privilege:INSERT, createTime:-1, grantor:alex, grantorType:USER, grantOption:true), PrivilegeGrantInfo(privilege:SELECT, createTime:-1, grantor:alex, grantorType:USER, grantOption:true), PrivilegeGrantInfo(privilege:UPDATE, createTime:-1, grantor:alex, grantorType:USER, grantOption:true), PrivilegeGrantInfo(privilege:DELETE, createTime:-1, grantor:alex, grantorType:USER, grantOption:true)]}, groupPrivileges:null, rolePrivileges:null), temporary:false, catName:hive, ownerType:USER)	
2024-04-24T11:27:55,363  INFO [main] utils.FileUtils: Creating directory if it doesn't exist: file:/home/alex/Repositories/hive/hcatalog/hcatalog-pig-adapter/build/test/data/org.apache.hive.hcatalog.mapreduce.HCatBaseTest-1713983215978/warehouse/junit_parted_basic
2024-04-24T11:27:55,386  INFO [main] metadata.Hive: Dumping metastore api call timing information for : execution phase
2024-04-24T11:27:55,386  INFO [main] metadata.Hive: Total time spent in each metastore function (ms): {createTable_(Table)=30, isCompatibleWith_(Configuration)=0}
2024-04-24T11:27:55,386  INFO [main] ql.Driver: Completed executing command(queryId=alex_20240424112755_3727c717-9661-4edf-9af9-3fcdf6d88583); Time taken: 0.031 seconds
2024-04-24T11:27:55,387  INFO [main] ql.Driver: Compiling command(queryId=alex_20240424112755_3727c717-9661-4edf-9af9-3fcdf6d88583): use default
2024-04-24T11:27:55,387  INFO [main] HiveMetaStore.audit: ugi=alex	ip=unknown-ip-addr	cmd=get_database: default	
2024-04-24T11:27:55,389  INFO [main] ql.Driver: Semantic Analysis Completed (retrial = false)
2024-04-24T11:27:55,389  INFO [main] ql.Driver: Created Hive schema: Schema(fieldSchemas:null, properties:null)
2024-04-24T11:27:55,389  INFO [main] metadata.Hive: Dumping metastore api call timing information for : compilation phase
2024-04-24T11:27:55,389  INFO [main] metadata.Hive: Total time spent in each metastore function (ms): {flushCache_()=0, isCompatibleWith_(Configuration)=0, getDatabase_(String)=2}
2024-04-24T11:27:55,389  INFO [main] ql.Driver: Completed compiling command(queryId=alex_20240424112755_3727c717-9661-4edf-9af9-3fcdf6d88583); Time taken: 0.002 seconds
2024-04-24T11:27:55,389  INFO [main] reexec.ReExecDriver: Execution #1 of query
2024-04-24T11:27:55,389  INFO [main] ql.Driver: Concurrency mode is disabled, not creating a lock manager
2024-04-24T11:27:55,389  INFO [main] ql.Driver: Executing command(queryId=alex_20240424112755_3727c717-9661-4edf-9af9-3fcdf6d88583): use default
2024-04-24T11:27:55,390  INFO [main] ql.Driver: Starting task [Stage-0:DDL] in serial mode
2024-04-24T11:27:55,390  INFO [main] HiveMetaStore.audit: ugi=alex	ip=unknown-ip-addr	cmd=get_database: default	
2024-04-24T11:27:55,391  INFO [main] HiveMetaStore.audit: ugi=alex	ip=unknown-ip-addr	cmd=get_database: default	
2024-04-24T11:27:55,393  INFO [main] metadata.Hive: Dumping metastore api call timing information for : execution phase
2024-04-24T11:27:55,393  INFO [main] metadata.Hive: Total time spent in each metastore function (ms): {isCompatibleWith_(Configuration)=0, getDatabase_(String)=3}
2024-04-24T11:27:55,393  INFO [main] ql.Driver: Completed executing command(queryId=alex_20240424112755_3727c717-9661-4edf-9af9-3fcdf6d88583); Time taken: 0.004 seconds
2024-04-24T11:27:55,394  INFO [main] ql.Driver: Compiling command(queryId=alex_20240424112755_3727c717-9661-4edf-9af9-3fcdf6d88583): create table junit_specific_size(a int, b string) stored as RCFILE TBLPROPERTIES ('transactional'='false')
2024-04-24T11:27:55,394  INFO [main] parse.CalcitePlanner: Starting caching scope for: alex_20240424112755_3727c717-9661-4edf-9af9-3fcdf6d88583
2024-04-24T11:27:55,394  INFO [main] parse.CalcitePlanner: Starting Semantic Analysis
2024-04-24T11:27:55,394  INFO [main] parse.CalcitePlanner: Creating table default.junit_specific_size position=13
2024-04-24T11:27:55,395  INFO [main] HiveMetaStore.audit: ugi=alex	ip=unknown-ip-addr	cmd=get_database: default	
2024-04-24T11:27:55,396  INFO [main] parse.CalcitePlanner: Ending caching scope for: alex_20240424112755_3727c717-9661-4edf-9af9-3fcdf6d88583
2024-04-24T11:27:55,397  INFO [main] ql.Driver: Semantic Analysis Completed (retrial = false)
2024-04-24T11:27:55,397  INFO [main] ql.Driver: Created Hive schema: Schema(fieldSchemas:null, properties:null)
2024-04-24T11:27:55,397  INFO [main] metadata.Hive: Dumping metastore api call timing information for : compilation phase
2024-04-24T11:27:55,397  INFO [main] metadata.Hive: Total time spent in each metastore function (ms): {getDatabase_(String)=1, flushCache_()=0, isCompatibleWith_(Configuration)=0}
2024-04-24T11:27:55,397  INFO [main] ql.Driver: Completed compiling command(queryId=alex_20240424112755_3727c717-9661-4edf-9af9-3fcdf6d88583); Time taken: 0.003 seconds
2024-04-24T11:27:55,397  INFO [main] reexec.ReExecDriver: Execution #1 of query
2024-04-24T11:27:55,397  INFO [main] ql.Driver: Concurrency mode is disabled, not creating a lock manager
2024-04-24T11:27:55,397  INFO [main] ql.Driver: Executing command(queryId=alex_20240424112755_3727c717-9661-4edf-9af9-3fcdf6d88583): create table junit_specific_size(a int, b string) stored as RCFILE TBLPROPERTIES ('transactional'='false')
2024-04-24T11:27:55,397  INFO [main] ql.Driver: Starting task [Stage-0:DDL] in serial mode
2024-04-24T11:27:55,398  INFO [main] HiveMetaStore.audit: ugi=alex	ip=unknown-ip-addr	cmd=create_table_req: Table(tableName:junit_specific_size, dbName:default, owner:alex, createTime:1713983275, lastAccessTime:0, retention:0, sd:StorageDescriptor(cols:[FieldSchema(name:a, type:int, comment:null), FieldSchema(name:b, type:string, comment:null)], location:null, inputFormat:org.apache.hadoop.hive.ql.io.RCFileInputFormat, outputFormat:org.apache.hadoop.hive.ql.io.RCFileOutputFormat, compressed:false, numBuckets:-1, serdeInfo:SerDeInfo(name:null, serializationLib:org.apache.hadoop.hive.serde2.columnar.ColumnarSerDe, parameters:{serialization.format=1}), bucketCols:[], sortCols:[], parameters:{}, skewedInfo:SkewedInfo(skewedColNames:[], skewedColValues:[], skewedColValueLocationMaps:{}), storedAsSubDirectories:false), partitionKeys:[], parameters:{numFiles=0, numRows=0, COLUMN_STATS_ACCURATE={"BASIC_STATS":"true","COLUMN_STATS":{"a":"true","b":"true"}}, totalSize=0, rawDataSize=0, numFilesErasureCoded=0, bucketing_version=2, transactional=false}, viewOriginalText:null, viewExpandedText:null, tableType:MANAGED_TABLE, privileges:PrincipalPrivilegeSet(userPrivileges:{alex=[PrivilegeGrantInfo(privilege:INSERT, createTime:-1, grantor:alex, grantorType:USER, grantOption:true), PrivilegeGrantInfo(privilege:SELECT, createTime:-1, grantor:alex, grantorType:USER, grantOption:true), PrivilegeGrantInfo(privilege:UPDATE, createTime:-1, grantor:alex, grantorType:USER, grantOption:true), PrivilegeGrantInfo(privilege:DELETE, createTime:-1, grantor:alex, grantorType:USER, grantOption:true)]}, groupPrivileges:null, rolePrivileges:null), temporary:false, catName:hive, ownerType:USER)	
2024-04-24T11:27:55,404  INFO [main] utils.FileUtils: Creating directory if it doesn't exist: file:/home/alex/Repositories/hive/hcatalog/hcatalog-pig-adapter/build/test/data/org.apache.hive.hcatalog.mapreduce.HCatBaseTest-1713983215978/warehouse/junit_specific_size
2024-04-24T11:27:55,422  INFO [main] metadata.Hive: Dumping metastore api call timing information for : execution phase
2024-04-24T11:27:55,422  INFO [main] metadata.Hive: Total time spent in each metastore function (ms): {createTable_(Table)=24, isCompatibleWith_(Configuration)=0}
2024-04-24T11:27:55,422  INFO [main] ql.Driver: Completed executing command(queryId=alex_20240424112755_3727c717-9661-4edf-9af9-3fcdf6d88583); Time taken: 0.025 seconds
2024-04-24T11:27:55,423  INFO [main] ql.Driver: Compiling command(queryId=alex_20240424112755_3727c717-9661-4edf-9af9-3fcdf6d88583): create database if not exists junit_specific_db
2024-04-24T11:27:55,423  INFO [main] ql.Driver: Semantic Analysis Completed (retrial = false)
2024-04-24T11:27:55,423  INFO [main] ql.Driver: Created Hive schema: Schema(fieldSchemas:null, properties:null)
2024-04-24T11:27:55,423  INFO [main] metadata.Hive: Dumping metastore api call timing information for : compilation phase
2024-04-24T11:27:55,424  INFO [main] metadata.Hive: Total time spent in each metastore function (ms): {isCompatibleWith_(Configuration)=0, flushCache_()=0}
2024-04-24T11:27:55,424  INFO [main] ql.Driver: Completed compiling command(queryId=alex_20240424112755_3727c717-9661-4edf-9af9-3fcdf6d88583); Time taken: 0.0 seconds
2024-04-24T11:27:55,424  INFO [main] reexec.ReExecDriver: Execution #1 of query
2024-04-24T11:27:55,424  INFO [main] ql.Driver: Concurrency mode is disabled, not creating a lock manager
2024-04-24T11:27:55,424  INFO [main] ql.Driver: Executing command(queryId=alex_20240424112755_3727c717-9661-4edf-9af9-3fcdf6d88583): create database if not exists junit_specific_db
2024-04-24T11:27:55,424  INFO [main] ql.Driver: Starting task [Stage-0:DDL] in serial mode
2024-04-24T11:27:55,424  WARN [main] exec.DDLTask: metastore.warehouse.external.dir is not set, falling back to metastore.warehouse.dir. This could cause external tables to use to managed tablespace.
2024-04-24T11:27:55,425  INFO [main] HiveMetaStore.audit: ugi=alex	ip=unknown-ip-addr	cmd=create_database: Database(name:junit_specific_db, description:null, locationUri:file:/home/alex/Repositories/hive/hcatalog/hcatalog-pig-adapter/build/test/data/org.apache.hive.hcatalog.mapreduce.HCatBaseTest-1713983215978/warehouse/junit_specific_db.db, parameters:null, ownerName:alex, ownerType:USER, catalogName:hive, type:NATIVE)	
2024-04-24T11:27:55,427 ERROR [main] metastore.RetryingHMSHandler: AlreadyExistsException(message:Database junit_specific_db already exists)
	at org.apache.hadoop.hive.metastore.HMSHandler.create_database(HMSHandler.java:1472)
	at sun.reflect.NativeMethodAccessorImpl.invoke0(Native Method)
	at sun.reflect.NativeMethodAccessorImpl.invoke(NativeMethodAccessorImpl.java:62)
	at sun.reflect.DelegatingMethodAccessorImpl.invoke(DelegatingMethodAccessorImpl.java:43)
	at java.lang.reflect.Method.invoke(Method.java:498)
	at org.apache.hadoop.hive.metastore.RetryingHMSHandler.invokeInternal(RetryingHMSHandler.java:147)
	at org.apache.hadoop.hive.metastore.RetryingHMSHandler.invoke(RetryingHMSHandler.java:108)
	at com.sun.proxy.$Proxy35.create_database(Unknown Source)
	at org.apache.hadoop.hive.metastore.HiveMetaStoreClient.createDatabase(HiveMetaStoreClient.java:1151)
	at sun.reflect.NativeMethodAccessorImpl.invoke0(Native Method)
	at sun.reflect.NativeMethodAccessorImpl.invoke(NativeMethodAccessorImpl.java:62)
	at sun.reflect.DelegatingMethodAccessorImpl.invoke(DelegatingMethodAccessorImpl.java:43)
	at java.lang.reflect.Method.invoke(Method.java:498)
	at org.apache.hadoop.hive.metastore.RetryingMetaStoreClient.invoke(RetryingMetaStoreClient.java:218)
	at com.sun.proxy.$Proxy45.createDatabase(Unknown Source)
	at org.apache.hadoop.hive.ql.metadata.Hive.createDatabase(Hive.java:605)
	at org.apache.hadoop.hive.ql.ddl.database.create.CreateDatabaseOperation.execute(CreateDatabaseOperation.java:68)
	at org.apache.hadoop.hive.ql.ddl.DDLTask.execute(DDLTask.java:84)
	at org.apache.hadoop.hive.ql.exec.Task.executeTask(Task.java:212)
	at org.apache.hadoop.hive.ql.exec.TaskRunner.runSequential(TaskRunner.java:105)
	at org.apache.hadoop.hive.ql.Executor.launchTask(Executor.java:361)
	at org.apache.hadoop.hive.ql.Executor.launchTasks(Executor.java:334)
	at org.apache.hadoop.hive.ql.Executor.runTasks(Executor.java:245)
	at org.apache.hadoop.hive.ql.Executor.execute(Executor.java:108)
	at org.apache.hadoop.hive.ql.Driver.execute(Driver.java:348)
	at org.apache.hadoop.hive.ql.Driver.runInternal(Driver.java:204)
	at org.apache.hadoop.hive.ql.Driver.run(Driver.java:153)
	at org.apache.hadoop.hive.ql.Driver.run(Driver.java:148)
	at org.apache.hadoop.hive.ql.reexec.ReExecDriver.run(ReExecDriver.java:164)
	at org.apache.hadoop.hive.ql.reexec.ReExecDriver.run(ReExecDriver.java:230)
	at org.apache.hive.hcatalog.pig.AbstractHCatLoaderTest.executeStatementOnDriver(AbstractHCatLoaderTest.java:151)
	at org.apache.hive.hcatalog.pig.AbstractHCatLoaderTest.createTable(AbstractHCatLoaderTest.java:129)
	at org.apache.hive.hcatalog.pig.AbstractHCatLoaderTest.createTable(AbstractHCatLoaderTest.java:104)
	at org.apache.hive.hcatalog.pig.AbstractHCatLoaderTest.createTable(AbstractHCatLoaderTest.java:138)
	at org.apache.hive.hcatalog.pig.AbstractHCatLoaderTest.setUpTest(AbstractHCatLoaderTest.java:172)
	at sun.reflect.NativeMethodAccessorImpl.invoke0(Native Method)
	at sun.reflect.NativeMethodAccessorImpl.invoke(NativeMethodAccessorImpl.java:62)
	at sun.reflect.DelegatingMethodAccessorImpl.invoke(DelegatingMethodAccessorImpl.java:43)
	at java.lang.reflect.Method.invoke(Method.java:498)
	at org.junit.runners.model.FrameworkMethod$1.runReflectiveCall(FrameworkMethod.java:59)
	at org.junit.internal.runners.model.ReflectiveCallable.run(ReflectiveCallable.java:12)
	at org.junit.runners.model.FrameworkMethod.invokeExplosively(FrameworkMethod.java:56)
	at org.junit.internal.runners.statements.RunBefores.invokeMethod(RunBefores.java:33)
	at org.junit.internal.runners.statements.RunBefores.evaluate(RunBefores.java:24)
	at org.junit.internal.runners.statements.RunAfters.evaluate(RunAfters.java:27)
	at org.junit.runners.ParentRunner$3.evaluate(ParentRunner.java:306)
	at org.junit.runners.BlockJUnit4ClassRunner$1.evaluate(BlockJUnit4ClassRunner.java:100)
	at org.junit.runners.ParentRunner.runLeaf(ParentRunner.java:366)
	at org.junit.runners.BlockJUnit4ClassRunner.runChild(BlockJUnit4ClassRunner.java:103)
	at org.junit.runners.BlockJUnit4ClassRunner.runChild(BlockJUnit4ClassRunner.java:63)
	at org.junit.runners.ParentRunner$4.run(ParentRunner.java:331)
	at org.junit.runners.ParentRunner$1.schedule(ParentRunner.java:79)
	at org.junit.runners.ParentRunner.runChildren(ParentRunner.java:329)
	at org.junit.runners.ParentRunner.access$100(ParentRunner.java:66)
	at org.junit.runners.ParentRunner$2.evaluate(ParentRunner.java:293)
	at org.junit.internal.runners.statements.RunBefores.evaluate(RunBefores.java:26)
	at org.junit.runners.ParentRunner$3.evaluate(ParentRunner.java:306)
	at org.junit.runners.ParentRunner.run(ParentRunner.java:413)
	at org.junit.runners.Suite.runChild(Suite.java:128)
	at org.junit.runners.Suite.runChild(Suite.java:27)
	at org.junit.runners.ParentRunner$4.run(ParentRunner.java:331)
	at org.junit.runners.ParentRunner$1.schedule(ParentRunner.java:79)
	at org.junit.runners.ParentRunner.runChildren(ParentRunner.java:329)
	at org.junit.runners.ParentRunner.access$100(ParentRunner.java:66)
	at org.junit.runners.ParentRunner$2.evaluate(ParentRunner.java:293)
	at org.junit.runners.ParentRunner$3.evaluate(ParentRunner.java:306)
	at org.junit.runners.ParentRunner.run(ParentRunner.java:413)
	at org.apache.maven.surefire.junitcore.JUnitCore.run(JUnitCore.java:55)
	at org.apache.maven.surefire.junitcore.JUnitCoreWrapper.createRequestAndRun(JUnitCoreWrapper.java:137)
	at org.apache.maven.surefire.junitcore.JUnitCoreWrapper.executeEager(JUnitCoreWrapper.java:107)
	at org.apache.maven.surefire.junitcore.JUnitCoreWrapper.execute(JUnitCoreWrapper.java:83)
	at org.apache.maven.surefire.junitcore.JUnitCoreWrapper.execute(JUnitCoreWrapper.java:75)
	at org.apache.maven.surefire.junitcore.JUnitCoreProvider.invoke(JUnitCoreProvider.java:158)
	at org.apache.maven.surefire.booter.ForkedBooter.runSuitesInProcess(ForkedBooter.java:377)
	at org.apache.maven.surefire.booter.ForkedBooter.execute(ForkedBooter.java:138)
	at org.apache.maven.surefire.booter.ForkedBooter.run(ForkedBooter.java:465)
	at org.apache.maven.surefire.booter.ForkedBooter.main(ForkedBooter.java:451)

2024-04-24T11:27:55,427  INFO [main] metadata.Hive: Dumping metastore api call timing information for : execution phase
2024-04-24T11:27:55,427  INFO [main] metadata.Hive: Total time spent in each metastore function (ms): {isCompatibleWith_(Configuration)=0}
2024-04-24T11:27:55,427  INFO [main] ql.Driver: Completed executing command(queryId=alex_20240424112755_3727c717-9661-4edf-9af9-3fcdf6d88583); Time taken: 0.003 seconds
2024-04-24T11:27:55,428  INFO [main] ql.Driver: Compiling command(queryId=alex_20240424112755_3727c717-9661-4edf-9af9-3fcdf6d88583): use junit_specific_db
2024-04-24T11:27:55,428  INFO [main] HiveMetaStore.audit: ugi=alex	ip=unknown-ip-addr	cmd=get_database: junit_specific_db	
2024-04-24T11:27:55,430  INFO [main] ql.Driver: Semantic Analysis Completed (retrial = false)
2024-04-24T11:27:55,430  INFO [main] ql.Driver: Created Hive schema: Schema(fieldSchemas:null, properties:null)
2024-04-24T11:27:55,430  INFO [main] metadata.Hive: Dumping metastore api call timing information for : compilation phase
2024-04-24T11:27:55,430  INFO [main] metadata.Hive: Total time spent in each metastore function (ms): {isCompatibleWith_(Configuration)=0, flushCache_()=0, getDatabase_(String)=2}
2024-04-24T11:27:55,430  INFO [main] ql.Driver: Completed compiling command(queryId=alex_20240424112755_3727c717-9661-4edf-9af9-3fcdf6d88583); Time taken: 0.002 seconds
2024-04-24T11:27:55,431  INFO [main] reexec.ReExecDriver: Execution #1 of query
2024-04-24T11:27:55,431  INFO [main] ql.Driver: Concurrency mode is disabled, not creating a lock manager
2024-04-24T11:27:55,431  INFO [main] ql.Driver: Executing command(queryId=alex_20240424112755_3727c717-9661-4edf-9af9-3fcdf6d88583): use junit_specific_db
2024-04-24T11:27:55,431  INFO [main] ql.Driver: Starting task [Stage-0:DDL] in serial mode
2024-04-24T11:27:55,431  INFO [main] HiveMetaStore.audit: ugi=alex	ip=unknown-ip-addr	cmd=get_database: junit_specific_db	
2024-04-24T11:27:55,433  INFO [main] HiveMetaStore.audit: ugi=alex	ip=unknown-ip-addr	cmd=get_database: junit_specific_db	
2024-04-24T11:27:55,435  INFO [main] metadata.Hive: Dumping metastore api call timing information for : execution phase
2024-04-24T11:27:55,435  INFO [main] metadata.Hive: Total time spent in each metastore function (ms): {isCompatibleWith_(Configuration)=0, getDatabase_(String)=3}
2024-04-24T11:27:55,435  INFO [main] ql.Driver: Completed executing command(queryId=alex_20240424112755_3727c717-9661-4edf-9af9-3fcdf6d88583); Time taken: 0.004 seconds
2024-04-24T11:27:55,435  INFO [main] ql.Driver: Compiling command(queryId=alex_20240424112755_3727c717-9661-4edf-9af9-3fcdf6d88583): create table junit_specific_size2(a int, b string) stored as RCFILE TBLPROPERTIES ('transactional'='false')
2024-04-24T11:27:55,436  INFO [main] parse.CalcitePlanner: Starting caching scope for: alex_20240424112755_3727c717-9661-4edf-9af9-3fcdf6d88583
2024-04-24T11:27:55,436  INFO [main] parse.CalcitePlanner: Starting Semantic Analysis
2024-04-24T11:27:55,436  INFO [main] parse.CalcitePlanner: Creating table junit_specific_db.junit_specific_size2 position=13
2024-04-24T11:27:55,436  INFO [main] HiveMetaStore.audit: ugi=alex	ip=unknown-ip-addr	cmd=get_database: junit_specific_db	
2024-04-24T11:27:55,438  INFO [main] parse.CalcitePlanner: Ending caching scope for: alex_20240424112755_3727c717-9661-4edf-9af9-3fcdf6d88583
2024-04-24T11:27:55,438  INFO [main] ql.Driver: Semantic Analysis Completed (retrial = false)
2024-04-24T11:27:55,438  INFO [main] ql.Driver: Created Hive schema: Schema(fieldSchemas:null, properties:null)
2024-04-24T11:27:55,438  INFO [main] metadata.Hive: Dumping metastore api call timing information for : compilation phase
2024-04-24T11:27:55,438  INFO [main] metadata.Hive: Total time spent in each metastore function (ms): {isCompatibleWith_(Configuration)=0, flushCache_()=0, getDatabase_(String)=2}
2024-04-24T11:27:55,438  INFO [main] ql.Driver: Completed compiling command(queryId=alex_20240424112755_3727c717-9661-4edf-9af9-3fcdf6d88583); Time taken: 0.003 seconds
2024-04-24T11:27:55,439  INFO [main] reexec.ReExecDriver: Execution #1 of query
2024-04-24T11:27:55,439  INFO [main] ql.Driver: Concurrency mode is disabled, not creating a lock manager
2024-04-24T11:27:55,439  INFO [main] ql.Driver: Executing command(queryId=alex_20240424112755_3727c717-9661-4edf-9af9-3fcdf6d88583): create table junit_specific_size2(a int, b string) stored as RCFILE TBLPROPERTIES ('transactional'='false')
2024-04-24T11:27:55,439  INFO [main] ql.Driver: Starting task [Stage-0:DDL] in serial mode
2024-04-24T11:27:55,440  INFO [main] HiveMetaStore.audit: ugi=alex	ip=unknown-ip-addr	cmd=create_table_req: Table(tableName:junit_specific_size2, dbName:junit_specific_db, owner:alex, createTime:1713983275, lastAccessTime:0, retention:0, sd:StorageDescriptor(cols:[FieldSchema(name:a, type:int, comment:null), FieldSchema(name:b, type:string, comment:null)], location:null, inputFormat:org.apache.hadoop.hive.ql.io.RCFileInputFormat, outputFormat:org.apache.hadoop.hive.ql.io.RCFileOutputFormat, compressed:false, numBuckets:-1, serdeInfo:SerDeInfo(name:null, serializationLib:org.apache.hadoop.hive.serde2.columnar.ColumnarSerDe, parameters:{serialization.format=1}), bucketCols:[], sortCols:[], parameters:{}, skewedInfo:SkewedInfo(skewedColNames:[], skewedColValues:[], skewedColValueLocationMaps:{}), storedAsSubDirectories:false), partitionKeys:[], parameters:{numRows=0, COLUMN_STATS_ACCURATE={"BASIC_STATS":"true","COLUMN_STATS":{"a":"true","b":"true"}}, rawDataSize=0, numFilesErasureCoded=0, transactional=false, bucketing_version=2, numFiles=0, totalSize=0}, viewOriginalText:null, viewExpandedText:null, tableType:MANAGED_TABLE, privileges:PrincipalPrivilegeSet(userPrivileges:{alex=[PrivilegeGrantInfo(privilege:INSERT, createTime:-1, grantor:alex, grantorType:USER, grantOption:true), PrivilegeGrantInfo(privilege:SELECT, createTime:-1, grantor:alex, grantorType:USER, grantOption:true), PrivilegeGrantInfo(privilege:UPDATE, createTime:-1, grantor:alex, grantorType:USER, grantOption:true), PrivilegeGrantInfo(privilege:DELETE, createTime:-1, grantor:alex, grantorType:USER, grantOption:true)]}, groupPrivileges:null, rolePrivileges:null), temporary:false, catName:hive, ownerType:USER)	
2024-04-24T11:27:55,481  WARN [main] metastore.HMSHandler: create_table_req got 
org.apache.hadoop.hive.metastore.api.AlreadyExistsException: Table hive.junit_specific_db.junit_specific_size2 already exists
	at org.apache.hadoop.hive.metastore.HMSHandler.create_table_core(HMSHandler.java:2339) ~[classes/:?]
	at org.apache.hadoop.hive.metastore.HMSHandler.create_table_req(HMSHandler.java:2598) [classes/:?]
	at sun.reflect.GeneratedMethodAccessor40.invoke(Unknown Source) ~[?:?]
	at sun.reflect.DelegatingMethodAccessorImpl.invoke(DelegatingMethodAccessorImpl.java:43) ~[?:1.8.0_402]
	at java.lang.reflect.Method.invoke(Method.java:498) ~[?:1.8.0_402]
	at org.apache.hadoop.hive.metastore.RetryingHMSHandler.invokeInternal(RetryingHMSHandler.java:147) [classes/:?]
	at org.apache.hadoop.hive.metastore.RetryingHMSHandler.invoke(RetryingHMSHandler.java:108) [classes/:?]
	at com.sun.proxy.$Proxy35.create_table_req(Unknown Source) [?:?]
	at org.apache.hadoop.hive.metastore.HiveMetaStoreClient.create_table_with_environment_context(HiveMetaStoreClient.java:4408) [classes/:?]
	at org.apache.hadoop.hive.ql.metadata.SessionHiveMetaStoreClient.create_table_with_environment_context(SessionHiveMetaStoreClient.java:182) [classes/:?]
	at org.apache.hadoop.hive.metastore.HiveMetaStoreClient.createTable(HiveMetaStoreClient.java:1260) [classes/:?]
	at org.apache.hadoop.hive.metastore.HiveMetaStoreClient.createTable(HiveMetaStoreClient.java:1245) [classes/:?]
	at sun.reflect.GeneratedMethodAccessor39.invoke(Unknown Source) ~[?:?]
	at sun.reflect.DelegatingMethodAccessorImpl.invoke(DelegatingMethodAccessorImpl.java:43) ~[?:1.8.0_402]
	at java.lang.reflect.Method.invoke(Method.java:498) ~[?:1.8.0_402]
	at org.apache.hadoop.hive.metastore.RetryingMetaStoreClient.invoke(RetryingMetaStoreClient.java:218) [classes/:?]
	at com.sun.proxy.$Proxy45.createTable(Unknown Source) [?:?]
	at org.apache.hadoop.hive.ql.metadata.Hive.createTable(Hive.java:1290) [classes/:?]
	at org.apache.hadoop.hive.ql.metadata.Hive.createTable(Hive.java:1306) [classes/:?]
	at org.apache.hadoop.hive.ql.ddl.table.create.CreateTableOperation.createTableNonReplaceMode(CreateTableOperation.java:140) [classes/:?]
	at org.apache.hadoop.hive.ql.ddl.table.create.CreateTableOperation.execute(CreateTableOperation.java:98) [classes/:?]
	at org.apache.hadoop.hive.ql.ddl.DDLTask.execute(DDLTask.java:84) [classes/:?]
	at org.apache.hadoop.hive.ql.exec.Task.executeTask(Task.java:212) [classes/:?]
	at org.apache.hadoop.hive.ql.exec.TaskRunner.runSequential(TaskRunner.java:105) [classes/:?]
	at org.apache.hadoop.hive.ql.Executor.launchTask(Executor.java:361) [classes/:?]
	at org.apache.hadoop.hive.ql.Executor.launchTasks(Executor.java:334) [classes/:?]
	at org.apache.hadoop.hive.ql.Executor.runTasks(Executor.java:245) [classes/:?]
	at org.apache.hadoop.hive.ql.Executor.execute(Executor.java:108) [classes/:?]
	at org.apache.hadoop.hive.ql.Driver.execute(Driver.java:348) [classes/:?]
	at org.apache.hadoop.hive.ql.Driver.runInternal(Driver.java:204) [classes/:?]
	at org.apache.hadoop.hive.ql.Driver.run(Driver.java:153) [classes/:?]
	at org.apache.hadoop.hive.ql.Driver.run(Driver.java:148) [classes/:?]
	at org.apache.hadoop.hive.ql.reexec.ReExecDriver.run(ReExecDriver.java:164) [classes/:?]
	at org.apache.hadoop.hive.ql.reexec.ReExecDriver.run(ReExecDriver.java:230) [classes/:?]
	at org.apache.hive.hcatalog.pig.AbstractHCatLoaderTest.executeStatementOnDriver(AbstractHCatLoaderTest.java:151) [test-classes/:?]
	at org.apache.hive.hcatalog.pig.AbstractHCatLoaderTest.createTable(AbstractHCatLoaderTest.java:134) [test-classes/:?]
	at org.apache.hive.hcatalog.pig.AbstractHCatLoaderTest.createTable(AbstractHCatLoaderTest.java:104) [test-classes/:?]
	at org.apache.hive.hcatalog.pig.AbstractHCatLoaderTest.createTable(AbstractHCatLoaderTest.java:138) [test-classes/:?]
	at org.apache.hive.hcatalog.pig.AbstractHCatLoaderTest.setUpTest(AbstractHCatLoaderTest.java:172) [test-classes/:?]
	at sun.reflect.NativeMethodAccessorImpl.invoke0(Native Method) ~[?:1.8.0_402]
	at sun.reflect.NativeMethodAccessorImpl.invoke(NativeMethodAccessorImpl.java:62) ~[?:1.8.0_402]
	at sun.reflect.DelegatingMethodAccessorImpl.invoke(DelegatingMethodAccessorImpl.java:43) ~[?:1.8.0_402]
	at java.lang.reflect.Method.invoke(Method.java:498) ~[?:1.8.0_402]
	at org.junit.runners.model.FrameworkMethod$1.runReflectiveCall(FrameworkMethod.java:59) [junit-4.13.jar:4.13]
	at org.junit.internal.runners.model.ReflectiveCallable.run(ReflectiveCallable.java:12) [junit-4.13.jar:4.13]
	at org.junit.runners.model.FrameworkMethod.invokeExplosively(FrameworkMethod.java:56) [junit-4.13.jar:4.13]
	at org.junit.internal.runners.statements.RunBefores.invokeMethod(RunBefores.java:33) [junit-4.13.jar:4.13]
	at org.junit.internal.runners.statements.RunBefores.evaluate(RunBefores.java:24) [junit-4.13.jar:4.13]
	at org.junit.internal.runners.statements.RunAfters.evaluate(RunAfters.java:27) [junit-4.13.jar:4.13]
	at org.junit.runners.ParentRunner$3.evaluate(ParentRunner.java:306) [junit-4.13.jar:4.13]
	at org.junit.runners.BlockJUnit4ClassRunner$1.evaluate(BlockJUnit4ClassRunner.java:100) [junit-4.13.jar:4.13]
	at org.junit.runners.ParentRunner.runLeaf(ParentRunner.java:366) [junit-4.13.jar:4.13]
	at org.junit.runners.BlockJUnit4ClassRunner.runChild(BlockJUnit4ClassRunner.java:103) [junit-4.13.jar:4.13]
	at org.junit.runners.BlockJUnit4ClassRunner.runChild(BlockJUnit4ClassRunner.java:63) [junit-4.13.jar:4.13]
	at org.junit.runners.ParentRunner$4.run(ParentRunner.java:331) [junit-4.13.jar:4.13]
	at org.junit.runners.ParentRunner$1.schedule(ParentRunner.java:79) [junit-4.13.jar:4.13]
	at org.junit.runners.ParentRunner.runChildren(ParentRunner.java:329) [junit-4.13.jar:4.13]
	at org.junit.runners.ParentRunner.access$100(ParentRunner.java:66) [junit-4.13.jar:4.13]
	at org.junit.runners.ParentRunner$2.evaluate(ParentRunner.java:293) [junit-4.13.jar:4.13]
	at org.junit.internal.runners.statements.RunBefores.evaluate(RunBefores.java:26) [junit-4.13.jar:4.13]
	at org.junit.runners.ParentRunner$3.evaluate(ParentRunner.java:306) [junit-4.13.jar:4.13]
	at org.junit.runners.ParentRunner.run(ParentRunner.java:413) [junit-4.13.jar:4.13]
	at org.junit.runners.Suite.runChild(Suite.java:128) [junit-4.13.jar:4.13]
	at org.junit.runners.Suite.runChild(Suite.java:27) [junit-4.13.jar:4.13]
	at org.junit.runners.ParentRunner$4.run(ParentRunner.java:331) [junit-4.13.jar:4.13]
	at org.junit.runners.ParentRunner$1.schedule(ParentRunner.java:79) [junit-4.13.jar:4.13]
	at org.junit.runners.ParentRunner.runChildren(ParentRunner.java:329) [junit-4.13.jar:4.13]
	at org.junit.runners.ParentRunner.access$100(ParentRunner.java:66) [junit-4.13.jar:4.13]
	at org.junit.runners.ParentRunner$2.evaluate(ParentRunner.java:293) [junit-4.13.jar:4.13]
	at org.junit.runners.ParentRunner$3.evaluate(ParentRunner.java:306) [junit-4.13.jar:4.13]
	at org.junit.runners.ParentRunner.run(ParentRunner.java:413) [junit-4.13.jar:4.13]
	at org.apache.maven.surefire.junitcore.JUnitCore.run(JUnitCore.java:55) [surefire-junit47-3.0.0-M4.jar:3.0.0-M4]
	at org.apache.maven.surefire.junitcore.JUnitCoreWrapper.createRequestAndRun(JUnitCoreWrapper.java:137) [surefire-junit47-3.0.0-M4.jar:3.0.0-M4]
	at org.apache.maven.surefire.junitcore.JUnitCoreWrapper.executeEager(JUnitCoreWrapper.java:107) [surefire-junit47-3.0.0-M4.jar:3.0.0-M4]
	at org.apache.maven.surefire.junitcore.JUnitCoreWrapper.execute(JUnitCoreWrapper.java:83) [surefire-junit47-3.0.0-M4.jar:3.0.0-M4]
	at org.apache.maven.surefire.junitcore.JUnitCoreWrapper.execute(JUnitCoreWrapper.java:75) [surefire-junit47-3.0.0-M4.jar:3.0.0-M4]
	at org.apache.maven.surefire.junitcore.JUnitCoreProvider.invoke(JUnitCoreProvider.java:158) [surefire-junit47-3.0.0-M4.jar:3.0.0-M4]
	at org.apache.maven.surefire.booter.ForkedBooter.runSuitesInProcess(ForkedBooter.java:377) [surefire-booter-3.0.0-M4.jar:3.0.0-M4]
	at org.apache.maven.surefire.booter.ForkedBooter.execute(ForkedBooter.java:138) [surefire-booter-3.0.0-M4.jar:3.0.0-M4]
	at org.apache.maven.surefire.booter.ForkedBooter.run(ForkedBooter.java:465) [surefire-booter-3.0.0-M4.jar:3.0.0-M4]
	at org.apache.maven.surefire.booter.ForkedBooter.main(ForkedBooter.java:451) [surefire-booter-3.0.0-M4.jar:3.0.0-M4]
2024-04-24T11:27:55,484 ERROR [main] metastore.RetryingHMSHandler: AlreadyExistsException(message:Table hive.junit_specific_db.junit_specific_size2 already exists)
	at org.apache.hadoop.hive.metastore.HMSHandler.create_table_core(HMSHandler.java:2339)
	at org.apache.hadoop.hive.metastore.HMSHandler.create_table_req(HMSHandler.java:2598)
	at sun.reflect.GeneratedMethodAccessor40.invoke(Unknown Source)
	at sun.reflect.DelegatingMethodAccessorImpl.invoke(DelegatingMethodAccessorImpl.java:43)
	at java.lang.reflect.Method.invoke(Method.java:498)
	at org.apache.hadoop.hive.metastore.RetryingHMSHandler.invokeInternal(RetryingHMSHandler.java:147)
	at org.apache.hadoop.hive.metastore.RetryingHMSHandler.invoke(RetryingHMSHandler.java:108)
	at com.sun.proxy.$Proxy35.create_table_req(Unknown Source)
	at org.apache.hadoop.hive.metastore.HiveMetaStoreClient.create_table_with_environment_context(HiveMetaStoreClient.java:4408)
	at org.apache.hadoop.hive.ql.metadata.SessionHiveMetaStoreClient.create_table_with_environment_context(SessionHiveMetaStoreClient.java:182)
	at org.apache.hadoop.hive.metastore.HiveMetaStoreClient.createTable(HiveMetaStoreClient.java:1260)
	at org.apache.hadoop.hive.metastore.HiveMetaStoreClient.createTable(HiveMetaStoreClient.java:1245)
	at sun.reflect.GeneratedMethodAccessor39.invoke(Unknown Source)
	at sun.reflect.DelegatingMethodAccessorImpl.invoke(DelegatingMethodAccessorImpl.java:43)
	at java.lang.reflect.Method.invoke(Method.java:498)
	at org.apache.hadoop.hive.metastore.RetryingMetaStoreClient.invoke(RetryingMetaStoreClient.java:218)
	at com.sun.proxy.$Proxy45.createTable(Unknown Source)
	at org.apache.hadoop.hive.ql.metadata.Hive.createTable(Hive.java:1290)
	at org.apache.hadoop.hive.ql.metadata.Hive.createTable(Hive.java:1306)
	at org.apache.hadoop.hive.ql.ddl.table.create.CreateTableOperation.createTableNonReplaceMode(CreateTableOperation.java:140)
	at org.apache.hadoop.hive.ql.ddl.table.create.CreateTableOperation.execute(CreateTableOperation.java:98)
	at org.apache.hadoop.hive.ql.ddl.DDLTask.execute(DDLTask.java:84)
	at org.apache.hadoop.hive.ql.exec.Task.executeTask(Task.java:212)
	at org.apache.hadoop.hive.ql.exec.TaskRunner.runSequential(TaskRunner.java:105)
	at org.apache.hadoop.hive.ql.Executor.launchTask(Executor.java:361)
	at org.apache.hadoop.hive.ql.Executor.launchTasks(Executor.java:334)
	at org.apache.hadoop.hive.ql.Executor.runTasks(Executor.java:245)
	at org.apache.hadoop.hive.ql.Executor.execute(Executor.java:108)
	at org.apache.hadoop.hive.ql.Driver.execute(Driver.java:348)
	at org.apache.hadoop.hive.ql.Driver.runInternal(Driver.java:204)
	at org.apache.hadoop.hive.ql.Driver.run(Driver.java:153)
	at org.apache.hadoop.hive.ql.Driver.run(Driver.java:148)
	at org.apache.hadoop.hive.ql.reexec.ReExecDriver.run(ReExecDriver.java:164)
	at org.apache.hadoop.hive.ql.reexec.ReExecDriver.run(ReExecDriver.java:230)
	at org.apache.hive.hcatalog.pig.AbstractHCatLoaderTest.executeStatementOnDriver(AbstractHCatLoaderTest.java:151)
	at org.apache.hive.hcatalog.pig.AbstractHCatLoaderTest.createTable(AbstractHCatLoaderTest.java:134)
	at org.apache.hive.hcatalog.pig.AbstractHCatLoaderTest.createTable(AbstractHCatLoaderTest.java:104)
	at org.apache.hive.hcatalog.pig.AbstractHCatLoaderTest.createTable(AbstractHCatLoaderTest.java:138)
	at org.apache.hive.hcatalog.pig.AbstractHCatLoaderTest.setUpTest(AbstractHCatLoaderTest.java:172)
	at sun.reflect.NativeMethodAccessorImpl.invoke0(Native Method)
	at sun.reflect.NativeMethodAccessorImpl.invoke(NativeMethodAccessorImpl.java:62)
	at sun.reflect.DelegatingMethodAccessorImpl.invoke(DelegatingMethodAccessorImpl.java:43)
	at java.lang.reflect.Method.invoke(Method.java:498)
	at org.junit.runners.model.FrameworkMethod$1.runReflectiveCall(FrameworkMethod.java:59)
	at org.junit.internal.runners.model.ReflectiveCallable.run(ReflectiveCallable.java:12)
	at org.junit.runners.model.FrameworkMethod.invokeExplosively(FrameworkMethod.java:56)
	at org.junit.internal.runners.statements.RunBefores.invokeMethod(RunBefores.java:33)
	at org.junit.internal.runners.statements.RunBefores.evaluate(RunBefores.java:24)
	at org.junit.internal.runners.statements.RunAfters.evaluate(RunAfters.java:27)
	at org.junit.runners.ParentRunner$3.evaluate(ParentRunner.java:306)
	at org.junit.runners.BlockJUnit4ClassRunner$1.evaluate(BlockJUnit4ClassRunner.java:100)
	at org.junit.runners.ParentRunner.runLeaf(ParentRunner.java:366)
	at org.junit.runners.BlockJUnit4ClassRunner.runChild(BlockJUnit4ClassRunner.java:103)
	at org.junit.runners.BlockJUnit4ClassRunner.runChild(BlockJUnit4ClassRunner.java:63)
	at org.junit.runners.ParentRunner$4.run(ParentRunner.java:331)
	at org.junit.runners.ParentRunner$1.schedule(ParentRunner.java:79)
	at org.junit.runners.ParentRunner.runChildren(ParentRunner.java:329)
	at org.junit.runners.ParentRunner.access$100(ParentRunner.java:66)
	at org.junit.runners.ParentRunner$2.evaluate(ParentRunner.java:293)
	at org.junit.internal.runners.statements.RunBefores.evaluate(RunBefores.java:26)
	at org.junit.runners.ParentRunner$3.evaluate(ParentRunner.java:306)
	at org.junit.runners.ParentRunner.run(ParentRunner.java:413)
	at org.junit.runners.Suite.runChild(Suite.java:128)
	at org.junit.runners.Suite.runChild(Suite.java:27)
	at org.junit.runners.ParentRunner$4.run(ParentRunner.java:331)
	at org.junit.runners.ParentRunner$1.schedule(ParentRunner.java:79)
	at org.junit.runners.ParentRunner.runChildren(ParentRunner.java:329)
	at org.junit.runners.ParentRunner.access$100(ParentRunner.java:66)
	at org.junit.runners.ParentRunner$2.evaluate(ParentRunner.java:293)
	at org.junit.runners.ParentRunner$3.evaluate(ParentRunner.java:306)
	at org.junit.runners.ParentRunner.run(ParentRunner.java:413)
	at org.apache.maven.surefire.junitcore.JUnitCore.run(JUnitCore.java:55)
	at org.apache.maven.surefire.junitcore.JUnitCoreWrapper.createRequestAndRun(JUnitCoreWrapper.java:137)
	at org.apache.maven.surefire.junitcore.JUnitCoreWrapper.executeEager(JUnitCoreWrapper.java:107)
	at org.apache.maven.surefire.junitcore.JUnitCoreWrapper.execute(JUnitCoreWrapper.java:83)
	at org.apache.maven.surefire.junitcore.JUnitCoreWrapper.execute(JUnitCoreWrapper.java:75)
	at org.apache.maven.surefire.junitcore.JUnitCoreProvider.invoke(JUnitCoreProvider.java:158)
	at org.apache.maven.surefire.booter.ForkedBooter.runSuitesInProcess(ForkedBooter.java:377)
	at org.apache.maven.surefire.booter.ForkedBooter.execute(ForkedBooter.java:138)
	at org.apache.maven.surefire.booter.ForkedBooter.run(ForkedBooter.java:465)
	at org.apache.maven.surefire.booter.ForkedBooter.main(ForkedBooter.java:451)

2024-04-24T11:27:55,484 ERROR [main] exec.Task: Failed
org.apache.hadoop.hive.ql.metadata.HiveException: AlreadyExistsException(message:Table hive.junit_specific_db.junit_specific_size2 already exists)
	at org.apache.hadoop.hive.ql.metadata.Hive.createTable(Hive.java:1298) ~[classes/:?]
	at org.apache.hadoop.hive.ql.metadata.Hive.createTable(Hive.java:1306) ~[classes/:?]
	at org.apache.hadoop.hive.ql.ddl.table.create.CreateTableOperation.createTableNonReplaceMode(CreateTableOperation.java:140) ~[classes/:?]
	at org.apache.hadoop.hive.ql.ddl.table.create.CreateTableOperation.execute(CreateTableOperation.java:98) ~[classes/:?]
	at org.apache.hadoop.hive.ql.ddl.DDLTask.execute(DDLTask.java:84) [classes/:?]
	at org.apache.hadoop.hive.ql.exec.Task.executeTask(Task.java:212) [classes/:?]
	at org.apache.hadoop.hive.ql.exec.TaskRunner.runSequential(TaskRunner.java:105) [classes/:?]
	at org.apache.hadoop.hive.ql.Executor.launchTask(Executor.java:361) [classes/:?]
	at org.apache.hadoop.hive.ql.Executor.launchTasks(Executor.java:334) [classes/:?]
	at org.apache.hadoop.hive.ql.Executor.runTasks(Executor.java:245) [classes/:?]
	at org.apache.hadoop.hive.ql.Executor.execute(Executor.java:108) [classes/:?]
	at org.apache.hadoop.hive.ql.Driver.execute(Driver.java:348) [classes/:?]
	at org.apache.hadoop.hive.ql.Driver.runInternal(Driver.java:204) [classes/:?]
	at org.apache.hadoop.hive.ql.Driver.run(Driver.java:153) [classes/:?]
	at org.apache.hadoop.hive.ql.Driver.run(Driver.java:148) [classes/:?]
	at org.apache.hadoop.hive.ql.reexec.ReExecDriver.run(ReExecDriver.java:164) [classes/:?]
	at org.apache.hadoop.hive.ql.reexec.ReExecDriver.run(ReExecDriver.java:230) [classes/:?]
	at org.apache.hive.hcatalog.pig.AbstractHCatLoaderTest.executeStatementOnDriver(AbstractHCatLoaderTest.java:151) [test-classes/:?]
	at org.apache.hive.hcatalog.pig.AbstractHCatLoaderTest.createTable(AbstractHCatLoaderTest.java:134) [test-classes/:?]
	at org.apache.hive.hcatalog.pig.AbstractHCatLoaderTest.createTable(AbstractHCatLoaderTest.java:104) [test-classes/:?]
	at org.apache.hive.hcatalog.pig.AbstractHCatLoaderTest.createTable(AbstractHCatLoaderTest.java:138) [test-classes/:?]
	at org.apache.hive.hcatalog.pig.AbstractHCatLoaderTest.setUpTest(AbstractHCatLoaderTest.java:172) [test-classes/:?]
	at sun.reflect.NativeMethodAccessorImpl.invoke0(Native Method) ~[?:1.8.0_402]
	at sun.reflect.NativeMethodAccessorImpl.invoke(NativeMethodAccessorImpl.java:62) ~[?:1.8.0_402]
	at sun.reflect.DelegatingMethodAccessorImpl.invoke(DelegatingMethodAccessorImpl.java:43) ~[?:1.8.0_402]
	at java.lang.reflect.Method.invoke(Method.java:498) ~[?:1.8.0_402]
	at org.junit.runners.model.FrameworkMethod$1.runReflectiveCall(FrameworkMethod.java:59) [junit-4.13.jar:4.13]
	at org.junit.internal.runners.model.ReflectiveCallable.run(ReflectiveCallable.java:12) [junit-4.13.jar:4.13]
	at org.junit.runners.model.FrameworkMethod.invokeExplosively(FrameworkMethod.java:56) [junit-4.13.jar:4.13]
	at org.junit.internal.runners.statements.RunBefores.invokeMethod(RunBefores.java:33) [junit-4.13.jar:4.13]
	at org.junit.internal.runners.statements.RunBefores.evaluate(RunBefores.java:24) [junit-4.13.jar:4.13]
	at org.junit.internal.runners.statements.RunAfters.evaluate(RunAfters.java:27) [junit-4.13.jar:4.13]
	at org.junit.runners.ParentRunner$3.evaluate(ParentRunner.java:306) [junit-4.13.jar:4.13]
	at org.junit.runners.BlockJUnit4ClassRunner$1.evaluate(BlockJUnit4ClassRunner.java:100) [junit-4.13.jar:4.13]
	at org.junit.runners.ParentRunner.runLeaf(ParentRunner.java:366) [junit-4.13.jar:4.13]
	at org.junit.runners.BlockJUnit4ClassRunner.runChild(BlockJUnit4ClassRunner.java:103) [junit-4.13.jar:4.13]
	at org.junit.runners.BlockJUnit4ClassRunner.runChild(BlockJUnit4ClassRunner.java:63) [junit-4.13.jar:4.13]
	at org.junit.runners.ParentRunner$4.run(ParentRunner.java:331) [junit-4.13.jar:4.13]
	at org.junit.runners.ParentRunner$1.schedule(ParentRunner.java:79) [junit-4.13.jar:4.13]
	at org.junit.runners.ParentRunner.runChildren(ParentRunner.java:329) [junit-4.13.jar:4.13]
	at org.junit.runners.ParentRunner.access$100(ParentRunner.java:66) [junit-4.13.jar:4.13]
	at org.junit.runners.ParentRunner$2.evaluate(ParentRunner.java:293) [junit-4.13.jar:4.13]
	at org.junit.internal.runners.statements.RunBefores.evaluate(RunBefores.java:26) [junit-4.13.jar:4.13]
	at org.junit.runners.ParentRunner$3.evaluate(ParentRunner.java:306) [junit-4.13.jar:4.13]
	at org.junit.runners.ParentRunner.run(ParentRunner.java:413) [junit-4.13.jar:4.13]
	at org.junit.runners.Suite.runChild(Suite.java:128) [junit-4.13.jar:4.13]
	at org.junit.runners.Suite.runChild(Suite.java:27) [junit-4.13.jar:4.13]
	at org.junit.runners.ParentRunner$4.run(ParentRunner.java:331) [junit-4.13.jar:4.13]
	at org.junit.runners.ParentRunner$1.schedule(ParentRunner.java:79) [junit-4.13.jar:4.13]
	at org.junit.runners.ParentRunner.runChildren(ParentRunner.java:329) [junit-4.13.jar:4.13]
	at org.junit.runners.ParentRunner.access$100(ParentRunner.java:66) [junit-4.13.jar:4.13]
	at org.junit.runners.ParentRunner$2.evaluate(ParentRunner.java:293) [junit-4.13.jar:4.13]
	at org.junit.runners.ParentRunner$3.evaluate(ParentRunner.java:306) [junit-4.13.jar:4.13]
	at org.junit.runners.ParentRunner.run(ParentRunner.java:413) [junit-4.13.jar:4.13]
	at org.apache.maven.surefire.junitcore.JUnitCore.run(JUnitCore.java:55) [surefire-junit47-3.0.0-M4.jar:3.0.0-M4]
	at org.apache.maven.surefire.junitcore.JUnitCoreWrapper.createRequestAndRun(JUnitCoreWrapper.java:137) [surefire-junit47-3.0.0-M4.jar:3.0.0-M4]
	at org.apache.maven.surefire.junitcore.JUnitCoreWrapper.executeEager(JUnitCoreWrapper.java:107) [surefire-junit47-3.0.0-M4.jar:3.0.0-M4]
	at org.apache.maven.surefire.junitcore.JUnitCoreWrapper.execute(JUnitCoreWrapper.java:83) [surefire-junit47-3.0.0-M4.jar:3.0.0-M4]
	at org.apache.maven.surefire.junitcore.JUnitCoreWrapper.execute(JUnitCoreWrapper.java:75) [surefire-junit47-3.0.0-M4.jar:3.0.0-M4]
	at org.apache.maven.surefire.junitcore.JUnitCoreProvider.invoke(JUnitCoreProvider.java:158) [surefire-junit47-3.0.0-M4.jar:3.0.0-M4]
	at org.apache.maven.surefire.booter.ForkedBooter.runSuitesInProcess(ForkedBooter.java:377) [surefire-booter-3.0.0-M4.jar:3.0.0-M4]
	at org.apache.maven.surefire.booter.ForkedBooter.execute(ForkedBooter.java:138) [surefire-booter-3.0.0-M4.jar:3.0.0-M4]
	at org.apache.maven.surefire.booter.ForkedBooter.run(ForkedBooter.java:465) [surefire-booter-3.0.0-M4.jar:3.0.0-M4]
	at org.apache.maven.surefire.booter.ForkedBooter.main(ForkedBooter.java:451) [surefire-booter-3.0.0-M4.jar:3.0.0-M4]
Caused by: org.apache.hadoop.hive.metastore.api.AlreadyExistsException: Table hive.junit_specific_db.junit_specific_size2 already exists
	at org.apache.hadoop.hive.metastore.HMSHandler.create_table_core(HMSHandler.java:2339) ~[classes/:?]
	at org.apache.hadoop.hive.metastore.HMSHandler.create_table_req(HMSHandler.java:2598) ~[classes/:?]
	at sun.reflect.GeneratedMethodAccessor40.invoke(Unknown Source) ~[?:?]
	at sun.reflect.DelegatingMethodAccessorImpl.invoke(DelegatingMethodAccessorImpl.java:43) ~[?:1.8.0_402]
	at java.lang.reflect.Method.invoke(Method.java:498) ~[?:1.8.0_402]
	at org.apache.hadoop.hive.metastore.RetryingHMSHandler.invokeInternal(RetryingHMSHandler.java:147) ~[classes/:?]
	at org.apache.hadoop.hive.metastore.RetryingHMSHandler.invoke(RetryingHMSHandler.java:108) ~[classes/:?]
	at com.sun.proxy.$Proxy35.create_table_req(Unknown Source) ~[?:?]
	at org.apache.hadoop.hive.metastore.HiveMetaStoreClient.create_table_with_environment_context(HiveMetaStoreClient.java:4408) ~[classes/:?]
	at org.apache.hadoop.hive.ql.metadata.SessionHiveMetaStoreClient.create_table_with_environment_context(SessionHiveMetaStoreClient.java:182) ~[classes/:?]
	at org.apache.hadoop.hive.metastore.HiveMetaStoreClient.createTable(HiveMetaStoreClient.java:1260) ~[classes/:?]
	at org.apache.hadoop.hive.metastore.HiveMetaStoreClient.createTable(HiveMetaStoreClient.java:1245) ~[classes/:?]
	at sun.reflect.GeneratedMethodAccessor39.invoke(Unknown Source) ~[?:?]
	at sun.reflect.DelegatingMethodAccessorImpl.invoke(DelegatingMethodAccessorImpl.java:43) ~[?:1.8.0_402]
	at java.lang.reflect.Method.invoke(Method.java:498) ~[?:1.8.0_402]
	at org.apache.hadoop.hive.metastore.RetryingMetaStoreClient.invoke(RetryingMetaStoreClient.java:218) ~[classes/:?]
	at com.sun.proxy.$Proxy45.createTable(Unknown Source) ~[?:?]
	at org.apache.hadoop.hive.ql.metadata.Hive.createTable(Hive.java:1290) ~[classes/:?]
	... 63 more
2024-04-24T11:27:55,487 ERROR [main] exec.Task: DDLTask failed, DDL Operation: class org.apache.hadoop.hive.ql.ddl.table.create.CreateTableOperation
org.apache.hadoop.hive.ql.metadata.HiveException: AlreadyExistsException(message:Table hive.junit_specific_db.junit_specific_size2 already exists)
	at org.apache.hadoop.hive.ql.metadata.Hive.createTable(Hive.java:1298) ~[classes/:?]
	at org.apache.hadoop.hive.ql.metadata.Hive.createTable(Hive.java:1306) ~[classes/:?]
	at org.apache.hadoop.hive.ql.ddl.table.create.CreateTableOperation.createTableNonReplaceMode(CreateTableOperation.java:140) ~[classes/:?]
	at org.apache.hadoop.hive.ql.ddl.table.create.CreateTableOperation.execute(CreateTableOperation.java:98) ~[classes/:?]
	at org.apache.hadoop.hive.ql.ddl.DDLTask.execute(DDLTask.java:84) [classes/:?]
	at org.apache.hadoop.hive.ql.exec.Task.executeTask(Task.java:212) [classes/:?]
	at org.apache.hadoop.hive.ql.exec.TaskRunner.runSequential(TaskRunner.java:105) [classes/:?]
	at org.apache.hadoop.hive.ql.Executor.launchTask(Executor.java:361) [classes/:?]
	at org.apache.hadoop.hive.ql.Executor.launchTasks(Executor.java:334) [classes/:?]
	at org.apache.hadoop.hive.ql.Executor.runTasks(Executor.java:245) [classes/:?]
	at org.apache.hadoop.hive.ql.Executor.execute(Executor.java:108) [classes/:?]
	at org.apache.hadoop.hive.ql.Driver.execute(Driver.java:348) [classes/:?]
	at org.apache.hadoop.hive.ql.Driver.runInternal(Driver.java:204) [classes/:?]
	at org.apache.hadoop.hive.ql.Driver.run(Driver.java:153) [classes/:?]
	at org.apache.hadoop.hive.ql.Driver.run(Driver.java:148) [classes/:?]
	at org.apache.hadoop.hive.ql.reexec.ReExecDriver.run(ReExecDriver.java:164) [classes/:?]
	at org.apache.hadoop.hive.ql.reexec.ReExecDriver.run(ReExecDriver.java:230) [classes/:?]
	at org.apache.hive.hcatalog.pig.AbstractHCatLoaderTest.executeStatementOnDriver(AbstractHCatLoaderTest.java:151) [test-classes/:?]
	at org.apache.hive.hcatalog.pig.AbstractHCatLoaderTest.createTable(AbstractHCatLoaderTest.java:134) [test-classes/:?]
	at org.apache.hive.hcatalog.pig.AbstractHCatLoaderTest.createTable(AbstractHCatLoaderTest.java:104) [test-classes/:?]
	at org.apache.hive.hcatalog.pig.AbstractHCatLoaderTest.createTable(AbstractHCatLoaderTest.java:138) [test-classes/:?]
	at org.apache.hive.hcatalog.pig.AbstractHCatLoaderTest.setUpTest(AbstractHCatLoaderTest.java:172) [test-classes/:?]
	at sun.reflect.NativeMethodAccessorImpl.invoke0(Native Method) ~[?:1.8.0_402]
	at sun.reflect.NativeMethodAccessorImpl.invoke(NativeMethodAccessorImpl.java:62) ~[?:1.8.0_402]
	at sun.reflect.DelegatingMethodAccessorImpl.invoke(DelegatingMethodAccessorImpl.java:43) ~[?:1.8.0_402]
	at java.lang.reflect.Method.invoke(Method.java:498) ~[?:1.8.0_402]
	at org.junit.runners.model.FrameworkMethod$1.runReflectiveCall(FrameworkMethod.java:59) [junit-4.13.jar:4.13]
	at org.junit.internal.runners.model.ReflectiveCallable.run(ReflectiveCallable.java:12) [junit-4.13.jar:4.13]
	at org.junit.runners.model.FrameworkMethod.invokeExplosively(FrameworkMethod.java:56) [junit-4.13.jar:4.13]
	at org.junit.internal.runners.statements.RunBefores.invokeMethod(RunBefores.java:33) [junit-4.13.jar:4.13]
	at org.junit.internal.runners.statements.RunBefores.evaluate(RunBefores.java:24) [junit-4.13.jar:4.13]
	at org.junit.internal.runners.statements.RunAfters.evaluate(RunAfters.java:27) [junit-4.13.jar:4.13]
	at org.junit.runners.ParentRunner$3.evaluate(ParentRunner.java:306) [junit-4.13.jar:4.13]
	at org.junit.runners.BlockJUnit4ClassRunner$1.evaluate(BlockJUnit4ClassRunner.java:100) [junit-4.13.jar:4.13]
	at org.junit.runners.ParentRunner.runLeaf(ParentRunner.java:366) [junit-4.13.jar:4.13]
	at org.junit.runners.BlockJUnit4ClassRunner.runChild(BlockJUnit4ClassRunner.java:103) [junit-4.13.jar:4.13]
	at org.junit.runners.BlockJUnit4ClassRunner.runChild(BlockJUnit4ClassRunner.java:63) [junit-4.13.jar:4.13]
	at org.junit.runners.ParentRunner$4.run(ParentRunner.java:331) [junit-4.13.jar:4.13]
	at org.junit.runners.ParentRunner$1.schedule(ParentRunner.java:79) [junit-4.13.jar:4.13]
	at org.junit.runners.ParentRunner.runChildren(ParentRunner.java:329) [junit-4.13.jar:4.13]
	at org.junit.runners.ParentRunner.access$100(ParentRunner.java:66) [junit-4.13.jar:4.13]
	at org.junit.runners.ParentRunner$2.evaluate(ParentRunner.java:293) [junit-4.13.jar:4.13]
	at org.junit.internal.runners.statements.RunBefores.evaluate(RunBefores.java:26) [junit-4.13.jar:4.13]
	at org.junit.runners.ParentRunner$3.evaluate(ParentRunner.java:306) [junit-4.13.jar:4.13]
	at org.junit.runners.ParentRunner.run(ParentRunner.java:413) [junit-4.13.jar:4.13]
	at org.junit.runners.Suite.runChild(Suite.java:128) [junit-4.13.jar:4.13]
	at org.junit.runners.Suite.runChild(Suite.java:27) [junit-4.13.jar:4.13]
	at org.junit.runners.ParentRunner$4.run(ParentRunner.java:331) [junit-4.13.jar:4.13]
	at org.junit.runners.ParentRunner$1.schedule(ParentRunner.java:79) [junit-4.13.jar:4.13]
	at org.junit.runners.ParentRunner.runChildren(ParentRunner.java:329) [junit-4.13.jar:4.13]
	at org.junit.runners.ParentRunner.access$100(ParentRunner.java:66) [junit-4.13.jar:4.13]
	at org.junit.runners.ParentRunner$2.evaluate(ParentRunner.java:293) [junit-4.13.jar:4.13]
	at org.junit.runners.ParentRunner$3.evaluate(ParentRunner.java:306) [junit-4.13.jar:4.13]
	at org.junit.runners.ParentRunner.run(ParentRunner.java:413) [junit-4.13.jar:4.13]
	at org.apache.maven.surefire.junitcore.JUnitCore.run(JUnitCore.java:55) [surefire-junit47-3.0.0-M4.jar:3.0.0-M4]
	at org.apache.maven.surefire.junitcore.JUnitCoreWrapper.createRequestAndRun(JUnitCoreWrapper.java:137) [surefire-junit47-3.0.0-M4.jar:3.0.0-M4]
	at org.apache.maven.surefire.junitcore.JUnitCoreWrapper.executeEager(JUnitCoreWrapper.java:107) [surefire-junit47-3.0.0-M4.jar:3.0.0-M4]
	at org.apache.maven.surefire.junitcore.JUnitCoreWrapper.execute(JUnitCoreWrapper.java:83) [surefire-junit47-3.0.0-M4.jar:3.0.0-M4]
	at org.apache.maven.surefire.junitcore.JUnitCoreWrapper.execute(JUnitCoreWrapper.java:75) [surefire-junit47-3.0.0-M4.jar:3.0.0-M4]
	at org.apache.maven.surefire.junitcore.JUnitCoreProvider.invoke(JUnitCoreProvider.java:158) [surefire-junit47-3.0.0-M4.jar:3.0.0-M4]
	at org.apache.maven.surefire.booter.ForkedBooter.runSuitesInProcess(ForkedBooter.java:377) [surefire-booter-3.0.0-M4.jar:3.0.0-M4]
	at org.apache.maven.surefire.booter.ForkedBooter.execute(ForkedBooter.java:138) [surefire-booter-3.0.0-M4.jar:3.0.0-M4]
	at org.apache.maven.surefire.booter.ForkedBooter.run(ForkedBooter.java:465) [surefire-booter-3.0.0-M4.jar:3.0.0-M4]
	at org.apache.maven.surefire.booter.ForkedBooter.main(ForkedBooter.java:451) [surefire-booter-3.0.0-M4.jar:3.0.0-M4]
Caused by: org.apache.hadoop.hive.metastore.api.AlreadyExistsException: Table hive.junit_specific_db.junit_specific_size2 already exists
	at org.apache.hadoop.hive.metastore.HMSHandler.create_table_core(HMSHandler.java:2339) ~[classes/:?]
	at org.apache.hadoop.hive.metastore.HMSHandler.create_table_req(HMSHandler.java:2598) ~[classes/:?]
	at sun.reflect.GeneratedMethodAccessor40.invoke(Unknown Source) ~[?:?]
	at sun.reflect.DelegatingMethodAccessorImpl.invoke(DelegatingMethodAccessorImpl.java:43) ~[?:1.8.0_402]
	at java.lang.reflect.Method.invoke(Method.java:498) ~[?:1.8.0_402]
	at org.apache.hadoop.hive.metastore.RetryingHMSHandler.invokeInternal(RetryingHMSHandler.java:147) ~[classes/:?]
	at org.apache.hadoop.hive.metastore.RetryingHMSHandler.invoke(RetryingHMSHandler.java:108) ~[classes/:?]
	at com.sun.proxy.$Proxy35.create_table_req(Unknown Source) ~[?:?]
	at org.apache.hadoop.hive.metastore.HiveMetaStoreClient.create_table_with_environment_context(HiveMetaStoreClient.java:4408) ~[classes/:?]
	at org.apache.hadoop.hive.ql.metadata.SessionHiveMetaStoreClient.create_table_with_environment_context(SessionHiveMetaStoreClient.java:182) ~[classes/:?]
	at org.apache.hadoop.hive.metastore.HiveMetaStoreClient.createTable(HiveMetaStoreClient.java:1260) ~[classes/:?]
	at org.apache.hadoop.hive.metastore.HiveMetaStoreClient.createTable(HiveMetaStoreClient.java:1245) ~[classes/:?]
	at sun.reflect.GeneratedMethodAccessor39.invoke(Unknown Source) ~[?:?]
	at sun.reflect.DelegatingMethodAccessorImpl.invoke(DelegatingMethodAccessorImpl.java:43) ~[?:1.8.0_402]
	at java.lang.reflect.Method.invoke(Method.java:498) ~[?:1.8.0_402]
	at org.apache.hadoop.hive.metastore.RetryingMetaStoreClient.invoke(RetryingMetaStoreClient.java:218) ~[classes/:?]
	at com.sun.proxy.$Proxy45.createTable(Unknown Source) ~[?:?]
	at org.apache.hadoop.hive.ql.metadata.Hive.createTable(Hive.java:1290) ~[classes/:?]
	... 63 more
2024-04-24T11:27:55,490  INFO [main] reexec.ReOptimizePlugin: ReOptimization: retryPossible: false
2024-04-24T11:27:55,490  INFO [main] reexec.ReExecuteLostAMQueryPlugin: Got exception message: AlreadyExistsException(message:Table hive.junit_specific_db.junit_specific_size2 already exists) retryPossible: false
2024-04-24T11:27:55,490  INFO [main] reexec.ReExecutionDagSubmitPlugin: Got exception message: AlreadyExistsException(message:Table hive.junit_specific_db.junit_specific_size2 already exists) retryPossible: false
FAILED: Execution Error, return code 40000 from org.apache.hadoop.hive.ql.ddl.DDLTask. AlreadyExistsException(message:Table hive.junit_specific_db.junit_specific_size2 already exists)
2024-04-24T11:27:55,490 ERROR [main] ql.Driver: FAILED: Execution Error, return code 40000 from org.apache.hadoop.hive.ql.ddl.DDLTask. AlreadyExistsException(message:Table hive.junit_specific_db.junit_specific_size2 already exists)
2024-04-24T11:27:55,490  INFO [main] metadata.Hive: Dumping metastore api call timing information for : execution phase
2024-04-24T11:27:55,490  INFO [main] metadata.Hive: Total time spent in each metastore function (ms): {isCompatibleWith_(Configuration)=0}
2024-04-24T11:27:55,490  INFO [main] ql.Driver: Completed executing command(queryId=alex_20240424112755_3727c717-9661-4edf-9af9-3fcdf6d88583); Time taken: 0.051 seconds
2024-04-24T11:27:55,491  INFO [main] ql.Driver: Compiling command(queryId=alex_20240424112755_3727c717-9661-4edf-9af9-3fcdf6d88583): drop table if exists junit_unparted_basic
2024-04-24T11:27:55,491  INFO [main] HiveMetaStore.audit: ugi=alex	ip=unknown-ip-addr	cmd=get_table : tbl=hive.junit_specific_db.junit_unparted_basic	
2024-04-24T11:27:55,494  INFO [main] ql.Driver: Semantic Analysis Completed (retrial = false)
2024-04-24T11:27:55,494  INFO [main] ql.Driver: Created Hive schema: Schema(fieldSchemas:null, properties:null)
2024-04-24T11:27:55,494  INFO [main] metadata.Hive: Dumping metastore api call timing information for : compilation phase
2024-04-24T11:27:55,494  INFO [main] metadata.Hive: Total time spent in each metastore function (ms): {flushCache_()=0, isCompatibleWith_(Configuration)=0}
2024-04-24T11:27:55,495  INFO [main] ql.Driver: Completed compiling command(queryId=alex_20240424112755_3727c717-9661-4edf-9af9-3fcdf6d88583); Time taken: 0.003 seconds
2024-04-24T11:27:55,495  INFO [main] reexec.ReExecDriver: Execution #1 of query
2024-04-24T11:27:55,495  INFO [main] ql.Driver: Concurrency mode is disabled, not creating a lock manager
2024-04-24T11:27:55,495  INFO [main] ql.Driver: Executing command(queryId=alex_20240424112755_3727c717-9661-4edf-9af9-3fcdf6d88583): drop table if exists junit_unparted_basic
2024-04-24T11:27:55,495  INFO [main] ql.Driver: Starting task [Stage-0:DDL] in serial mode
2024-04-24T11:27:55,495  INFO [main] HiveMetaStore.audit: ugi=alex	ip=unknown-ip-addr	cmd=get_table : tbl=hive.junit_specific_db.junit_unparted_basic	
2024-04-24T11:27:55,499  INFO [main] metadata.Hive: Dumping metastore api call timing information for : execution phase
2024-04-24T11:27:55,499  INFO [main] metadata.Hive: Total time spent in each metastore function (ms): {isCompatibleWith_(Configuration)=0}
2024-04-24T11:27:55,499  INFO [main] ql.Driver: Completed executing command(queryId=alex_20240424112755_3727c717-9661-4edf-9af9-3fcdf6d88583); Time taken: 0.004 seconds
2024-04-24T11:27:55,499  INFO [main] ql.Driver: Compiling command(queryId=alex_20240424112755_3727c717-9661-4edf-9af9-3fcdf6d88583): drop table if exists junit_unparted_complex
2024-04-24T11:27:55,500  INFO [main] HiveMetaStore.audit: ugi=alex	ip=unknown-ip-addr	cmd=get_table : tbl=hive.junit_specific_db.junit_unparted_complex	
2024-04-24T11:27:55,502  INFO [main] ql.Driver: Semantic Analysis Completed (retrial = false)
2024-04-24T11:27:55,502  INFO [main] ql.Driver: Created Hive schema: Schema(fieldSchemas:null, properties:null)
2024-04-24T11:27:55,502  INFO [main] metadata.Hive: Dumping metastore api call timing information for : compilation phase
2024-04-24T11:27:55,503  INFO [main] metadata.Hive: Total time spent in each metastore function (ms): {isCompatibleWith_(Configuration)=0, flushCache_()=1}
2024-04-24T11:27:55,503  INFO [main] ql.Driver: Completed compiling command(queryId=alex_20240424112755_3727c717-9661-4edf-9af9-3fcdf6d88583); Time taken: 0.003 seconds
2024-04-24T11:27:55,503  INFO [main] reexec.ReExecDriver: Execution #1 of query
2024-04-24T11:27:55,503  INFO [main] ql.Driver: Concurrency mode is disabled, not creating a lock manager
2024-04-24T11:27:55,503  INFO [main] ql.Driver: Executing command(queryId=alex_20240424112755_3727c717-9661-4edf-9af9-3fcdf6d88583): drop table if exists junit_unparted_complex
2024-04-24T11:27:55,503  INFO [main] ql.Driver: Starting task [Stage-0:DDL] in serial mode
2024-04-24T11:27:55,504  INFO [main] HiveMetaStore.audit: ugi=alex	ip=unknown-ip-addr	cmd=get_table : tbl=hive.junit_specific_db.junit_unparted_complex	
2024-04-24T11:27:55,508  INFO [main] metadata.Hive: Dumping metastore api call timing information for : execution phase
2024-04-24T11:27:55,508  INFO [main] metadata.Hive: Total time spent in each metastore function (ms): {isCompatibleWith_(Configuration)=0}
2024-04-24T11:27:55,508  INFO [main] ql.Driver: Completed executing command(queryId=alex_20240424112755_3727c717-9661-4edf-9af9-3fcdf6d88583); Time taken: 0.005 seconds
2024-04-24T11:27:55,508  INFO [main] ql.Driver: Compiling command(queryId=alex_20240424112755_3727c717-9661-4edf-9af9-3fcdf6d88583): drop table if exists junit_parted_basic
2024-04-24T11:27:55,509  INFO [main] HiveMetaStore.audit: ugi=alex	ip=unknown-ip-addr	cmd=get_table : tbl=hive.junit_specific_db.junit_parted_basic	
2024-04-24T11:27:55,512  INFO [main] ql.Driver: Semantic Analysis Completed (retrial = false)
2024-04-24T11:27:55,512  INFO [main] ql.Driver: Created Hive schema: Schema(fieldSchemas:null, properties:null)
2024-04-24T11:27:55,512  INFO [main] metadata.Hive: Dumping metastore api call timing information for : compilation phase
2024-04-24T11:27:55,512  INFO [main] metadata.Hive: Total time spent in each metastore function (ms): {isCompatibleWith_(Configuration)=0, flushCache_()=0}
2024-04-24T11:27:55,512  INFO [main] ql.Driver: Completed compiling command(queryId=alex_20240424112755_3727c717-9661-4edf-9af9-3fcdf6d88583); Time taken: 0.004 seconds
2024-04-24T11:27:55,512  INFO [main] reexec.ReExecDriver: Execution #1 of query
2024-04-24T11:27:55,512  INFO [main] ql.Driver: Concurrency mode is disabled, not creating a lock manager
2024-04-24T11:27:55,512  INFO [main] ql.Driver: Executing command(queryId=alex_20240424112755_3727c717-9661-4edf-9af9-3fcdf6d88583): drop table if exists junit_parted_basic
2024-04-24T11:27:55,512  INFO [main] ql.Driver: Starting task [Stage-0:DDL] in serial mode
2024-04-24T11:27:55,513  INFO [main] HiveMetaStore.audit: ugi=alex	ip=unknown-ip-addr	cmd=get_table : tbl=hive.junit_specific_db.junit_parted_basic	
2024-04-24T11:27:55,517  INFO [main] metadata.Hive: Dumping metastore api call timing information for : execution phase
2024-04-24T11:27:55,517  INFO [main] metadata.Hive: Total time spent in each metastore function (ms): {isCompatibleWith_(Configuration)=0}
2024-04-24T11:27:55,517  INFO [main] ql.Driver: Completed executing command(queryId=alex_20240424112755_3727c717-9661-4edf-9af9-3fcdf6d88583); Time taken: 0.005 seconds
2024-04-24T11:27:55,517  INFO [main] ql.Driver: Compiling command(queryId=alex_20240424112755_3727c717-9661-4edf-9af9-3fcdf6d88583): drop table if exists junit_specific_size
2024-04-24T11:27:55,518  INFO [main] HiveMetaStore.audit: ugi=alex	ip=unknown-ip-addr	cmd=get_table : tbl=hive.junit_specific_db.junit_specific_size	
2024-04-24T11:27:55,521  INFO [main] ql.Driver: Semantic Analysis Completed (retrial = false)
2024-04-24T11:27:55,521  INFO [main] ql.Driver: Created Hive schema: Schema(fieldSchemas:null, properties:null)
2024-04-24T11:27:55,521  INFO [main] metadata.Hive: Dumping metastore api call timing information for : compilation phase
2024-04-24T11:27:55,521  INFO [main] metadata.Hive: Total time spent in each metastore function (ms): {isCompatibleWith_(Configuration)=0, flushCache_()=0}
2024-04-24T11:27:55,521  INFO [main] ql.Driver: Completed compiling command(queryId=alex_20240424112755_3727c717-9661-4edf-9af9-3fcdf6d88583); Time taken: 0.004 seconds
2024-04-24T11:27:55,522  INFO [main] reexec.ReExecDriver: Execution #1 of query
2024-04-24T11:27:55,522  INFO [main] ql.Driver: Concurrency mode is disabled, not creating a lock manager
2024-04-24T11:27:55,522  INFO [main] ql.Driver: Executing command(queryId=alex_20240424112755_3727c717-9661-4edf-9af9-3fcdf6d88583): drop table if exists junit_specific_size
2024-04-24T11:27:55,522  INFO [main] ql.Driver: Starting task [Stage-0:DDL] in serial mode
2024-04-24T11:27:55,522  INFO [main] HiveMetaStore.audit: ugi=alex	ip=unknown-ip-addr	cmd=get_table : tbl=hive.junit_specific_db.junit_specific_size	
2024-04-24T11:27:55,525  INFO [main] metadata.Hive: Dumping metastore api call timing information for : execution phase
2024-04-24T11:27:55,525  INFO [main] metadata.Hive: Total time spent in each metastore function (ms): {isCompatibleWith_(Configuration)=0}
2024-04-24T11:27:55,526  INFO [main] ql.Driver: Completed executing command(queryId=alex_20240424112755_3727c717-9661-4edf-9af9-3fcdf6d88583); Time taken: 0.003 seconds
2024-04-24T11:27:55,526  INFO [main] ql.Driver: Compiling command(queryId=alex_20240424112755_3727c717-9661-4edf-9af9-3fcdf6d88583): drop table if exists junit_parted_date
2024-04-24T11:27:55,527  INFO [main] HiveMetaStore.audit: ugi=alex	ip=unknown-ip-addr	cmd=get_table : tbl=hive.junit_specific_db.junit_parted_date	
2024-04-24T11:27:55,529  INFO [main] ql.Driver: Semantic Analysis Completed (retrial = false)
2024-04-24T11:27:55,530  INFO [main] ql.Driver: Created Hive schema: Schema(fieldSchemas:null, properties:null)
2024-04-24T11:27:55,530  INFO [main] metadata.Hive: Dumping metastore api call timing information for : compilation phase
2024-04-24T11:27:55,530  INFO [main] metadata.Hive: Total time spent in each metastore function (ms): {isCompatibleWith_(Configuration)=0, flushCache_()=0}
2024-04-24T11:27:55,530  INFO [main] ql.Driver: Completed compiling command(queryId=alex_20240424112755_3727c717-9661-4edf-9af9-3fcdf6d88583); Time taken: 0.004 seconds
2024-04-24T11:27:55,530  INFO [main] reexec.ReExecDriver: Execution #1 of query
2024-04-24T11:27:55,530  INFO [main] ql.Driver: Concurrency mode is disabled, not creating a lock manager
2024-04-24T11:27:55,530  INFO [main] ql.Driver: Executing command(queryId=alex_20240424112755_3727c717-9661-4edf-9af9-3fcdf6d88583): drop table if exists junit_parted_date
2024-04-24T11:27:55,530  INFO [main] ql.Driver: Starting task [Stage-0:DDL] in serial mode
2024-04-24T11:27:55,531  INFO [main] HiveMetaStore.audit: ugi=alex	ip=unknown-ip-addr	cmd=get_table : tbl=hive.junit_specific_db.junit_parted_date	
2024-04-24T11:27:55,535  INFO [main] metadata.Hive: Dumping metastore api call timing information for : execution phase
2024-04-24T11:27:55,535  INFO [main] metadata.Hive: Total time spent in each metastore function (ms): {isCompatibleWith_(Configuration)=0}
2024-04-24T11:27:55,535  INFO [main] ql.Driver: Completed executing command(queryId=alex_20240424112755_3727c717-9661-4edf-9af9-3fcdf6d88583); Time taken: 0.005 seconds
2024-04-24T11:27:55,536  INFO [main] ql.Driver: Compiling command(queryId=alex_20240424112755_3727c717-9661-4edf-9af9-3fcdf6d88583): drop table if exists junit_unparted_alltypes
2024-04-24T11:27:55,536  INFO [main] HiveMetaStore.audit: ugi=alex	ip=unknown-ip-addr	cmd=get_table : tbl=hive.junit_specific_db.junit_unparted_alltypes	
2024-04-24T11:27:55,539  INFO [main] ql.Driver: Semantic Analysis Completed (retrial = false)
2024-04-24T11:27:55,539  INFO [main] ql.Driver: Created Hive schema: Schema(fieldSchemas:null, properties:null)
2024-04-24T11:27:55,539  INFO [main] metadata.Hive: Dumping metastore api call timing information for : compilation phase
2024-04-24T11:27:55,540  INFO [main] metadata.Hive: Total time spent in each metastore function (ms): {isCompatibleWith_(Configuration)=0, flushCache_()=0}
2024-04-24T11:27:55,540  INFO [main] ql.Driver: Completed compiling command(queryId=alex_20240424112755_3727c717-9661-4edf-9af9-3fcdf6d88583); Time taken: 0.003 seconds
2024-04-24T11:27:55,540  INFO [main] reexec.ReExecDriver: Execution #1 of query
2024-04-24T11:27:55,540  INFO [main] ql.Driver: Concurrency mode is disabled, not creating a lock manager
2024-04-24T11:27:55,540  INFO [main] ql.Driver: Executing command(queryId=alex_20240424112755_3727c717-9661-4edf-9af9-3fcdf6d88583): drop table if exists junit_unparted_alltypes
2024-04-24T11:27:55,540  INFO [main] ql.Driver: Starting task [Stage-0:DDL] in serial mode
2024-04-24T11:27:55,540  INFO [main] HiveMetaStore.audit: ugi=alex	ip=unknown-ip-addr	cmd=get_table : tbl=hive.junit_specific_db.junit_unparted_alltypes	
2024-04-24T11:27:55,544  INFO [main] metadata.Hive: Dumping metastore api call timing information for : execution phase
2024-04-24T11:27:55,544  INFO [main] metadata.Hive: Total time spent in each metastore function (ms): {isCompatibleWith_(Configuration)=0}
2024-04-24T11:27:55,544  INFO [main] ql.Driver: Completed executing command(queryId=alex_20240424112755_3727c717-9661-4edf-9af9-3fcdf6d88583); Time taken: 0.004 seconds
2024-04-24T11:27:55,544  INFO [main] ql.Driver: Compiling command(queryId=alex_20240424112755_3727c717-9661-4edf-9af9-3fcdf6d88583): drop database if exists junit_specific_db cascade
2024-04-24T11:27:55,545  INFO [main] HiveMetaStore.audit: ugi=alex	ip=unknown-ip-addr	cmd=get_database: junit_specific_db	
2024-04-24T11:27:55,548  INFO [main] HiveMetaStore.audit: ugi=alex	ip=unknown-ip-addr	cmd=get_multi_table : db=junit_specific_db tbls=null	
2024-04-24T11:27:55,553  INFO [main] HiveMetaStore.audit: ugi=alex	ip=unknown-ip-addr	cmd=get_multi_table : db=junit_specific_db tbls=	
2024-04-24T11:27:55,553  INFO [main] ql.Driver: Semantic Analysis Completed (retrial = false)
2024-04-24T11:27:55,554  INFO [main] ql.Driver: Created Hive schema: Schema(fieldSchemas:null, properties:null)
2024-04-24T11:27:55,554  INFO [main] metadata.Hive: Dumping metastore api call timing information for : compilation phase
2024-04-24T11:27:55,554  INFO [main] metadata.Hive: Total time spent in each metastore function (ms): {getDatabase_(String)=1, flushCache_()=0, getTables_(String, String)=6, getTableObjectsByName_(String, List)=1, isCompatibleWith_(Configuration)=0}
2024-04-24T11:27:55,554  INFO [main] ql.Driver: Completed compiling command(queryId=alex_20240424112755_3727c717-9661-4edf-9af9-3fcdf6d88583); Time taken: 0.01 seconds
2024-04-24T11:27:55,554  INFO [main] reexec.ReExecDriver: Execution #1 of query
2024-04-24T11:27:55,554  INFO [main] ql.Driver: Concurrency mode is disabled, not creating a lock manager
2024-04-24T11:27:55,554  INFO [main] ql.Driver: Executing command(queryId=alex_20240424112755_3727c717-9661-4edf-9af9-3fcdf6d88583): drop database if exists junit_specific_db cascade
2024-04-24T11:27:55,554  INFO [main] ql.Driver: Starting task [Stage-0:DDL] in serial mode
2024-04-24T11:27:55,555  INFO [main] HiveMetaStore.audit: ugi=alex	ip=unknown-ip-addr	cmd=get_database: junit_specific_db	
2024-04-24T11:27:55,556  INFO [main] HiveMetaStore.audit: ugi=alex	ip=unknown-ip-addr	cmd=get_tables_by_type: db=@hive#junit_specific_db pat=.*,type=MATERIALIZED_VIEW	
2024-04-24T11:27:55,556  INFO [main] HiveMetaStore.audit: ugi=alex	ip=unknown-ip-addr	cmd=getTablesByTypeCore: catName=hive: db=junit_specific_db pat=.*,type=MATERIALIZED_VIEW	
2024-04-24T11:27:55,559  INFO [main] HiveMetaStore.audit: ugi=alex	ip=unknown-ip-addr	cmd=get_all_tables: db=@hive#junit_specific_db	
2024-04-24T11:27:55,561  INFO [main] HiveMetaStore.audit: ugi=alex	ip=unknown-ip-addr	cmd=get_multi_table : db=junit_specific_db tbls=junit_specific_size2	
2024-04-24T11:27:55,565  INFO [main] HiveMetaStore.audit: ugi=alex	ip=unknown-ip-addr	cmd=drop_database: @hive#junit_specific_db	
2024-04-24T11:27:55,566  INFO [main] HiveMetaStore.audit: ugi=alex	ip=unknown-ip-addr	cmd=get_all_tables: db=@hive#junit_specific_db	
2024-04-24T11:27:55,567  INFO [main] HiveMetaStore.audit: ugi=alex	ip=unknown-ip-addr	cmd=get_functions: db=@hive#junit_specific_db pat=*	
2024-04-24T11:27:55,569  INFO [main] HiveMetaStore.audit: ugi=alex	ip=unknown-ip-addr	cmd=get_all_stored_procedures	
2024-04-24T11:27:55,571  INFO [main] HiveMetaStore.audit: ugi=alex	ip=unknown-ip-addr	cmd=get_all_packages	
2024-04-24T11:27:55,572  INFO [main] HiveMetaStore.audit: ugi=alex	ip=unknown-ip-addr	cmd=getTablesByTypeCore: catName=hive: db=junit_specific_db pat=.*,type=MATERIALIZED_VIEW	
2024-04-24T11:27:55,577  INFO [main] metastore.ObjectStore: Dropping database hive.junit_specific_db along with all tables
2024-04-24T11:27:55,585  INFO [main] txn.TxnHandler: Non-retryable error in cleanupRecords : Table/View 'TXN_COMPONENTS' does not exist. (SQLState=42X05, ErrorCode=20000)
2024-04-24T11:27:55,585  WARN [main] txn.TxnHandler: Cannot perform cleanup since metastore table does not exist
2024-04-24T11:27:55,586 ERROR [main] metastore.RetryingHMSHandler: Retrying HMSHandler after 2000 ms (attempt 1 of 10) with error: javax.jdo.JDODataStoreException: Exception thrown flushing changes to datastore
	at org.datanucleus.api.jdo.NucleusJDOHelper.getJDOExceptionForNucleusException(NucleusJDOHelper.java:542)
	at org.datanucleus.api.jdo.JDOTransaction.commit(JDOTransaction.java:162)
	at org.apache.hadoop.hive.metastore.ObjectStore.commitTransaction(ObjectStore.java:615)
	at sun.reflect.GeneratedMethodAccessor31.invoke(Unknown Source)
	at sun.reflect.DelegatingMethodAccessorImpl.invoke(DelegatingMethodAccessorImpl.java:43)
	at java.lang.reflect.Method.invoke(Method.java:498)
	at org.apache.hadoop.hive.metastore.RawStoreProxy.invoke(RawStoreProxy.java:97)
	at com.sun.proxy.$Proxy32.commitTransaction(Unknown Source)
	at org.apache.hadoop.hive.metastore.HMSHandler.drop_database_core(HMSHandler.java:1790)
	at org.apache.hadoop.hive.metastore.HMSHandler.drop_database(HMSHandler.java:1869)
	at sun.reflect.GeneratedMethodAccessor54.invoke(Unknown Source)
	at sun.reflect.DelegatingMethodAccessorImpl.invoke(DelegatingMethodAccessorImpl.java:43)
	at java.lang.reflect.Method.invoke(Method.java:498)
	at org.apache.hadoop.hive.metastore.RetryingHMSHandler.invokeInternal(RetryingHMSHandler.java:147)
	at org.apache.hadoop.hive.metastore.RetryingHMSHandler.invoke(RetryingHMSHandler.java:108)
	at com.sun.proxy.$Proxy35.drop_database(Unknown Source)
	at org.apache.hadoop.hive.metastore.HiveMetaStoreClient.dropDatabaseCascadePerDb(HiveMetaStoreClient.java:1601)
	at org.apache.hadoop.hive.metastore.HiveMetaStoreClient.dropDatabase(HiveMetaStoreClient.java:1532)
	at org.apache.hadoop.hive.metastore.HiveMetaStoreClient.dropDatabase(HiveMetaStoreClient.java:1485)
	at sun.reflect.NativeMethodAccessorImpl.invoke0(Native Method)
	at sun.reflect.NativeMethodAccessorImpl.invoke(NativeMethodAccessorImpl.java:62)
	at sun.reflect.DelegatingMethodAccessorImpl.invoke(DelegatingMethodAccessorImpl.java:43)
	at java.lang.reflect.Method.invoke(Method.java:498)
	at org.apache.hadoop.hive.metastore.RetryingMetaStoreClient.invoke(RetryingMetaStoreClient.java:218)
	at com.sun.proxy.$Proxy45.dropDatabase(Unknown Source)
	at org.apache.hadoop.hive.ql.metadata.Hive.dropDatabase(Hive.java:662)
	at org.apache.hadoop.hive.ql.ddl.database.drop.DropDatabaseOperation.execute(DropDatabaseOperation.java:52)
	at org.apache.hadoop.hive.ql.ddl.DDLTask.execute(DDLTask.java:84)
	at org.apache.hadoop.hive.ql.exec.Task.executeTask(Task.java:212)
	at org.apache.hadoop.hive.ql.exec.TaskRunner.runSequential(TaskRunner.java:105)
	at org.apache.hadoop.hive.ql.Executor.launchTask(Executor.java:361)
	at org.apache.hadoop.hive.ql.Executor.launchTasks(Executor.java:334)
	at org.apache.hadoop.hive.ql.Executor.runTasks(Executor.java:245)
	at org.apache.hadoop.hive.ql.Executor.execute(Executor.java:108)
	at org.apache.hadoop.hive.ql.Driver.execute(Driver.java:348)
	at org.apache.hadoop.hive.ql.Driver.runInternal(Driver.java:204)
	at org.apache.hadoop.hive.ql.Driver.run(Driver.java:153)
	at org.apache.hadoop.hive.ql.Driver.run(Driver.java:148)
	at org.apache.hadoop.hive.ql.reexec.ReExecDriver.run(ReExecDriver.java:164)
	at org.apache.hadoop.hive.ql.reexec.ReExecDriver.run(ReExecDriver.java:230)
	at org.apache.hive.hcatalog.pig.AbstractHCatLoaderTest.executeStatementOnDriver(AbstractHCatLoaderTest.java:151)
	at org.apache.hive.hcatalog.pig.AbstractHCatLoaderTest.tearDown(AbstractHCatLoaderTest.java:239)
	at sun.reflect.NativeMethodAccessorImpl.invoke0(Native Method)
	at sun.reflect.NativeMethodAccessorImpl.invoke(NativeMethodAccessorImpl.java:62)
	at sun.reflect.DelegatingMethodAccessorImpl.invoke(DelegatingMethodAccessorImpl.java:43)
	at java.lang.reflect.Method.invoke(Method.java:498)
	at org.junit.runners.model.FrameworkMethod$1.runReflectiveCall(FrameworkMethod.java:59)
	at org.junit.internal.runners.model.ReflectiveCallable.run(ReflectiveCallable.java:12)
	at org.junit.runners.model.FrameworkMethod.invokeExplosively(FrameworkMethod.java:56)
	at org.junit.internal.runners.statements.RunAfters.invokeMethod(RunAfters.java:46)
	at org.junit.internal.runners.statements.RunAfters.evaluate(RunAfters.java:33)
	at org.junit.runners.ParentRunner$3.evaluate(ParentRunner.java:306)
	at org.junit.runners.BlockJUnit4ClassRunner$1.evaluate(BlockJUnit4ClassRunner.java:100)
	at org.junit.runners.ParentRunner.runLeaf(ParentRunner.java:366)
	at org.junit.runners.BlockJUnit4ClassRunner.runChild(BlockJUnit4ClassRunner.java:103)
	at org.junit.runners.BlockJUnit4ClassRunner.runChild(BlockJUnit4ClassRunner.java:63)
	at org.junit.runners.ParentRunner$4.run(ParentRunner.java:331)
	at org.junit.runners.ParentRunner$1.schedule(ParentRunner.java:79)
	at org.junit.runners.ParentRunner.runChildren(ParentRunner.java:329)
	at org.junit.runners.ParentRunner.access$100(ParentRunner.java:66)
	at org.junit.runners.ParentRunner$2.evaluate(ParentRunner.java:293)
	at org.junit.internal.runners.statements.RunBefores.evaluate(RunBefores.java:26)
	at org.junit.runners.ParentRunner$3.evaluate(ParentRunner.java:306)
	at org.junit.runners.ParentRunner.run(ParentRunner.java:413)
	at org.junit.runners.Suite.runChild(Suite.java:128)
	at org.junit.runners.Suite.runChild(Suite.java:27)
	at org.junit.runners.ParentRunner$4.run(ParentRunner.java:331)
	at org.junit.runners.ParentRunner$1.schedule(ParentRunner.java:79)
	at org.junit.runners.ParentRunner.runChildren(ParentRunner.java:329)
	at org.junit.runners.ParentRunner.access$100(ParentRunner.java:66)
	at org.junit.runners.ParentRunner$2.evaluate(ParentRunner.java:293)
	at org.junit.runners.ParentRunner$3.evaluate(ParentRunner.java:306)
	at org.junit.runners.ParentRunner.run(ParentRunner.java:413)
	at org.apache.maven.surefire.junitcore.JUnitCore.run(JUnitCore.java:55)
	at org.apache.maven.surefire.junitcore.JUnitCoreWrapper.createRequestAndRun(JUnitCoreWrapper.java:137)
	at org.apache.maven.surefire.junitcore.JUnitCoreWrapper.executeEager(JUnitCoreWrapper.java:107)
	at org.apache.maven.surefire.junitcore.JUnitCoreWrapper.execute(JUnitCoreWrapper.java:83)
	at org.apache.maven.surefire.junitcore.JUnitCoreWrapper.execute(JUnitCoreWrapper.java:75)
	at org.apache.maven.surefire.junitcore.JUnitCoreProvider.invoke(JUnitCoreProvider.java:158)
	at org.apache.maven.surefire.booter.ForkedBooter.runSuitesInProcess(ForkedBooter.java:377)
	at org.apache.maven.surefire.booter.ForkedBooter.execute(ForkedBooter.java:138)
	at org.apache.maven.surefire.booter.ForkedBooter.run(ForkedBooter.java:465)
	at org.apache.maven.surefire.booter.ForkedBooter.main(ForkedBooter.java:451)
NestedThrowablesStackTrace:
java.sql.BatchUpdateException: DELETE on table 'DBS' caused a violation of foreign key constraint 'TBLS_FK1' for key (3).  The statement has been rolled back.
	at org.apache.derby.impl.jdbc.EmbedStatement.executeLargeBatch(Unknown Source)
	at org.apache.derby.impl.jdbc.EmbedStatement.executeBatch(Unknown Source)
	at com.zaxxer.hikari.pool.ProxyStatement.executeBatch(ProxyStatement.java:128)
	at com.zaxxer.hikari.pool.HikariProxyPreparedStatement.executeBatch(HikariProxyPreparedStatement.java)
	at org.datanucleus.store.rdbms.ParamLoggingPreparedStatement.executeBatch(ParamLoggingPreparedStatement.java:366)
	at org.datanucleus.store.rdbms.SQLController.processConnectionStatement(SQLController.java:675)
	at org.datanucleus.store.rdbms.SQLController.processStatementsForConnection(SQLController.java:643)
	at org.datanucleus.store.rdbms.SQLController$1.transactionFlushed(SQLController.java:729)
	at org.datanucleus.store.connection.AbstractManagedConnection.transactionFlushed(AbstractManagedConnection.java:95)
	at org.datanucleus.store.connection.ConnectionManagerImpl$2.transactionFlushed(ConnectionManagerImpl.java:528)
	at org.datanucleus.TransactionImpl.flush(TransactionImpl.java:222)
	at org.datanucleus.TransactionImpl.commit(TransactionImpl.java:286)
	at org.datanucleus.api.jdo.JDOTransaction.commit(JDOTransaction.java:99)
	at org.apache.hadoop.hive.metastore.ObjectStore.commitTransaction(ObjectStore.java:615)
	at sun.reflect.GeneratedMethodAccessor31.invoke(Unknown Source)
	at sun.reflect.DelegatingMethodAccessorImpl.invoke(DelegatingMethodAccessorImpl.java:43)
	at java.lang.reflect.Method.invoke(Method.java:498)
	at org.apache.hadoop.hive.metastore.RawStoreProxy.invoke(RawStoreProxy.java:97)
	at com.sun.proxy.$Proxy32.commitTransaction(Unknown Source)
	at org.apache.hadoop.hive.metastore.HMSHandler.drop_database_core(HMSHandler.java:1790)
	at org.apache.hadoop.hive.metastore.HMSHandler.drop_database(HMSHandler.java:1869)
	at sun.reflect.GeneratedMethodAccessor54.invoke(Unknown Source)
	at sun.reflect.DelegatingMethodAccessorImpl.invoke(DelegatingMethodAccessorImpl.java:43)
	at java.lang.reflect.Method.invoke(Method.java:498)
	at org.apache.hadoop.hive.metastore.RetryingHMSHandler.invokeInternal(RetryingHMSHandler.java:147)
	at org.apache.hadoop.hive.metastore.RetryingHMSHandler.invoke(RetryingHMSHandler.java:108)
	at com.sun.proxy.$Proxy35.drop_database(Unknown Source)
	at org.apache.hadoop.hive.metastore.HiveMetaStoreClient.dropDatabaseCascadePerDb(HiveMetaStoreClient.java:1601)
	at org.apache.hadoop.hive.metastore.HiveMetaStoreClient.dropDatabase(HiveMetaStoreClient.java:1532)
	at org.apache.hadoop.hive.metastore.HiveMetaStoreClient.dropDatabase(HiveMetaStoreClient.java:1485)
	at sun.reflect.NativeMethodAccessorImpl.invoke0(Native Method)
	at sun.reflect.NativeMethodAccessorImpl.invoke(NativeMethodAccessorImpl.java:62)
	at sun.reflect.DelegatingMethodAccessorImpl.invoke(DelegatingMethodAccessorImpl.java:43)
	at java.lang.reflect.Method.invoke(Method.java:498)
	at org.apache.hadoop.hive.metastore.RetryingMetaStoreClient.invoke(RetryingMetaStoreClient.java:218)
	at com.sun.proxy.$Proxy45.dropDatabase(Unknown Source)
	at org.apache.hadoop.hive.ql.metadata.Hive.dropDatabase(Hive.java:662)
	at org.apache.hadoop.hive.ql.ddl.database.drop.DropDatabaseOperation.execute(DropDatabaseOperation.java:52)
	at org.apache.hadoop.hive.ql.ddl.DDLTask.execute(DDLTask.java:84)
	at org.apache.hadoop.hive.ql.exec.Task.executeTask(Task.java:212)
	at org.apache.hadoop.hive.ql.exec.TaskRunner.runSequential(TaskRunner.java:105)
	at org.apache.hadoop.hive.ql.Executor.launchTask(Executor.java:361)
	at org.apache.hadoop.hive.ql.Executor.launchTasks(Executor.java:334)
	at org.apache.hadoop.hive.ql.Executor.runTasks(Executor.java:245)
	at org.apache.hadoop.hive.ql.Executor.execute(Executor.java:108)
	at org.apache.hadoop.hive.ql.Driver.execute(Driver.java:348)
	at org.apache.hadoop.hive.ql.Driver.runInternal(Driver.java:204)
	at org.apache.hadoop.hive.ql.Driver.run(Driver.java:153)
	at org.apache.hadoop.hive.ql.Driver.run(Driver.java:148)
	at org.apache.hadoop.hive.ql.reexec.ReExecDriver.run(ReExecDriver.java:164)
	at org.apache.hadoop.hive.ql.reexec.ReExecDriver.run(ReExecDriver.java:230)
	at org.apache.hive.hcatalog.pig.AbstractHCatLoaderTest.executeStatementOnDriver(AbstractHCatLoaderTest.java:151)
	at org.apache.hive.hcatalog.pig.AbstractHCatLoaderTest.tearDown(AbstractHCatLoaderTest.java:239)
	at sun.reflect.NativeMethodAccessorImpl.invoke0(Native Method)
	at sun.reflect.NativeMethodAccessorImpl.invoke(NativeMethodAccessorImpl.java:62)
	at sun.reflect.DelegatingMethodAccessorImpl.invoke(DelegatingMethodAccessorImpl.java:43)
	at java.lang.reflect.Method.invoke(Method.java:498)
	at org.junit.runners.model.FrameworkMethod$1.runReflectiveCall(FrameworkMethod.java:59)
	at org.junit.internal.runners.model.ReflectiveCallable.run(ReflectiveCallable.java:12)
	at org.junit.runners.model.FrameworkMethod.invokeExplosively(FrameworkMethod.java:56)
	at org.junit.internal.runners.statements.RunAfters.invokeMethod(RunAfters.java:46)
	at org.junit.internal.runners.statements.RunAfters.evaluate(RunAfters.java:33)
	at org.junit.runners.ParentRunner$3.evaluate(ParentRunner.java:306)
	at org.junit.runners.BlockJUnit4ClassRunner$1.evaluate(BlockJUnit4ClassRunner.java:100)
	at org.junit.runners.ParentRunner.runLeaf(ParentRunner.java:366)
	at org.junit.runners.BlockJUnit4ClassRunner.runChild(BlockJUnit4ClassRunner.java:103)
	at org.junit.runners.BlockJUnit4ClassRunner.runChild(BlockJUnit4ClassRunner.java:63)
	at org.junit.runners.ParentRunner$4.run(ParentRunner.java:331)
	at org.junit.runners.ParentRunner$1.schedule(ParentRunner.java:79)
	at org.junit.runners.ParentRunner.runChildren(ParentRunner.java:329)
	at org.junit.runners.ParentRunner.access$100(ParentRunner.java:66)
	at org.junit.runners.ParentRunner$2.evaluate(ParentRunner.java:293)
	at org.junit.internal.runners.statements.RunBefores.evaluate(RunBefores.java:26)
	at org.junit.runners.ParentRunner$3.evaluate(ParentRunner.java:306)
	at org.junit.runners.ParentRunner.run(ParentRunner.java:413)
	at org.junit.runners.Suite.runChild(Suite.java:128)
	at org.junit.runners.Suite.runChild(Suite.java:27)
	at org.junit.runners.ParentRunner$4.run(ParentRunner.java:331)
	at org.junit.runners.ParentRunner$1.schedule(ParentRunner.java:79)
	at org.junit.runners.ParentRunner.runChildren(ParentRunner.java:329)
	at org.junit.runners.ParentRunner.access$100(ParentRunner.java:66)
	at org.junit.runners.ParentRunner$2.evaluate(ParentRunner.java:293)
	at org.junit.runners.ParentRunner$3.evaluate(ParentRunner.java:306)
	at org.junit.runners.ParentRunner.run(ParentRunner.java:413)
	at org.apache.maven.surefire.junitcore.JUnitCore.run(JUnitCore.java:55)
	at org.apache.maven.surefire.junitcore.JUnitCoreWrapper.createRequestAndRun(JUnitCoreWrapper.java:137)
	at org.apache.maven.surefire.junitcore.JUnitCoreWrapper.executeEager(JUnitCoreWrapper.java:107)
	at org.apache.maven.surefire.junitcore.JUnitCoreWrapper.execute(JUnitCoreWrapper.java:83)
	at org.apache.maven.surefire.junitcore.JUnitCoreWrapper.execute(JUnitCoreWrapper.java:75)
	at org.apache.maven.surefire.junitcore.JUnitCoreProvider.invoke(JUnitCoreProvider.java:158)
	at org.apache.maven.surefire.booter.ForkedBooter.runSuitesInProcess(ForkedBooter.java:377)
	at org.apache.maven.surefire.booter.ForkedBooter.execute(ForkedBooter.java:138)
	at org.apache.maven.surefire.booter.ForkedBooter.run(ForkedBooter.java:465)
	at org.apache.maven.surefire.booter.ForkedBooter.main(ForkedBooter.java:451)
Caused by: org.apache.derby.shared.common.error.DerbySQLIntegrityConstraintViolationException: DELETE on table 'DBS' caused a violation of foreign key constraint 'TBLS_FK1' for key (3).  The statement has been rolled back.
	at org.apache.derby.impl.jdbc.SQLExceptionFactory.getSQLException(Unknown Source)
	at org.apache.derby.impl.jdbc.Util.generateCsSQLException(Unknown Source)
	at org.apache.derby.impl.jdbc.TransactionResourceImpl.wrapInSQLException(Unknown Source)
	at org.apache.derby.impl.jdbc.TransactionResourceImpl.handleException(Unknown Source)
	at org.apache.derby.impl.jdbc.EmbedConnection.handleException(Unknown Source)
	at org.apache.derby.impl.jdbc.ConnectionChild.handleException(Unknown Source)
	at org.apache.derby.impl.jdbc.EmbedStatement.executeStatement(Unknown Source)
	at org.apache.derby.impl.jdbc.EmbedPreparedStatement.executeBatchElement(Unknown Source)
	... 94 more
Caused by: ERROR 23503: DELETE on table 'DBS' caused a violation of foreign key constraint 'TBLS_FK1' for key (3).  The statement has been rolled back.
	at org.apache.derby.iapi.error.StandardException.newException(Unknown Source)
	at org.apache.derby.iapi.error.StandardException.newException(Unknown Source)
	at org.apache.derby.impl.sql.execute.ReferencedKeyRIChecker.doCheck(Unknown Source)
	at org.apache.derby.impl.sql.execute.RISetChecker.doPKCheck(Unknown Source)
	at org.apache.derby.impl.sql.execute.DeleteResultSet.collectAffectedRows(Unknown Source)
	at org.apache.derby.impl.sql.execute.DeleteResultSet.open(Unknown Source)
	at org.apache.derby.impl.sql.GenericPreparedStatement.executeStmt(Unknown Source)
	at org.apache.derby.impl.sql.GenericPreparedStatement.execute(Unknown Source)
	... 96 more

2024-04-24T11:27:57,588  INFO [main] HiveMetaStore.audit: ugi=alex	ip=unknown-ip-addr	cmd=drop_database: @hive#junit_specific_db	
2024-04-24T11:27:57,593  INFO [main] HiveMetaStore.audit: ugi=alex	ip=unknown-ip-addr	cmd=get_all_tables: db=@hive#junit_specific_db	
2024-04-24T11:27:57,596  INFO [main] HiveMetaStore.audit: ugi=alex	ip=unknown-ip-addr	cmd=get_functions: db=@hive#junit_specific_db pat=*	
2024-04-24T11:27:57,605  INFO [main] HiveMetaStore.audit: ugi=alex	ip=unknown-ip-addr	cmd=get_all_stored_procedures	
2024-04-24T11:27:57,610  INFO [main] HiveMetaStore.audit: ugi=alex	ip=unknown-ip-addr	cmd=get_all_packages	
2024-04-24T11:27:57,615  INFO [main] HiveMetaStore.audit: ugi=alex	ip=unknown-ip-addr	cmd=getTablesByTypeCore: catName=hive: db=junit_specific_db pat=.*,type=MATERIALIZED_VIEW	
2024-04-24T11:27:57,624  INFO [main] metastore.ObjectStore: Dropping database hive.junit_specific_db along with all tables
2024-04-24T11:27:57,632  INFO [main] txn.TxnHandler: Non-retryable error in cleanupRecords : Table/View 'TXN_COMPONENTS' does not exist. (SQLState=42X05, ErrorCode=20000)
2024-04-24T11:27:57,632  WARN [main] txn.TxnHandler: Cannot perform cleanup since metastore table does not exist
2024-04-24T11:27:57,633 ERROR [main] metastore.RetryingHMSHandler: Retrying HMSHandler after 2000 ms (attempt 2 of 10) with error: javax.jdo.JDODataStoreException: Exception thrown flushing changes to datastore
	at org.datanucleus.api.jdo.NucleusJDOHelper.getJDOExceptionForNucleusException(NucleusJDOHelper.java:542)
	at org.datanucleus.api.jdo.JDOTransaction.commit(JDOTransaction.java:162)
	at org.apache.hadoop.hive.metastore.ObjectStore.commitTransaction(ObjectStore.java:615)
	at sun.reflect.GeneratedMethodAccessor31.invoke(Unknown Source)
	at sun.reflect.DelegatingMethodAccessorImpl.invoke(DelegatingMethodAccessorImpl.java:43)
	at java.lang.reflect.Method.invoke(Method.java:498)
	at org.apache.hadoop.hive.metastore.RawStoreProxy.invoke(RawStoreProxy.java:97)
	at com.sun.proxy.$Proxy32.commitTransaction(Unknown Source)
	at org.apache.hadoop.hive.metastore.HMSHandler.drop_database_core(HMSHandler.java:1790)
	at org.apache.hadoop.hive.metastore.HMSHandler.drop_database(HMSHandler.java:1869)
	at sun.reflect.GeneratedMethodAccessor54.invoke(Unknown Source)
	at sun.reflect.DelegatingMethodAccessorImpl.invoke(DelegatingMethodAccessorImpl.java:43)
	at java.lang.reflect.Method.invoke(Method.java:498)
	at org.apache.hadoop.hive.metastore.RetryingHMSHandler.invokeInternal(RetryingHMSHandler.java:147)
	at org.apache.hadoop.hive.metastore.RetryingHMSHandler.invoke(RetryingHMSHandler.java:108)
	at com.sun.proxy.$Proxy35.drop_database(Unknown Source)
	at org.apache.hadoop.hive.metastore.HiveMetaStoreClient.dropDatabaseCascadePerDb(HiveMetaStoreClient.java:1601)
	at org.apache.hadoop.hive.metastore.HiveMetaStoreClient.dropDatabase(HiveMetaStoreClient.java:1532)
	at org.apache.hadoop.hive.metastore.HiveMetaStoreClient.dropDatabase(HiveMetaStoreClient.java:1485)
	at sun.reflect.NativeMethodAccessorImpl.invoke0(Native Method)
	at sun.reflect.NativeMethodAccessorImpl.invoke(NativeMethodAccessorImpl.java:62)
	at sun.reflect.DelegatingMethodAccessorImpl.invoke(DelegatingMethodAccessorImpl.java:43)
	at java.lang.reflect.Method.invoke(Method.java:498)
	at org.apache.hadoop.hive.metastore.RetryingMetaStoreClient.invoke(RetryingMetaStoreClient.java:218)
	at com.sun.proxy.$Proxy45.dropDatabase(Unknown Source)
	at org.apache.hadoop.hive.ql.metadata.Hive.dropDatabase(Hive.java:662)
	at org.apache.hadoop.hive.ql.ddl.database.drop.DropDatabaseOperation.execute(DropDatabaseOperation.java:52)
	at org.apache.hadoop.hive.ql.ddl.DDLTask.execute(DDLTask.java:84)
	at org.apache.hadoop.hive.ql.exec.Task.executeTask(Task.java:212)
	at org.apache.hadoop.hive.ql.exec.TaskRunner.runSequential(TaskRunner.java:105)
	at org.apache.hadoop.hive.ql.Executor.launchTask(Executor.java:361)
	at org.apache.hadoop.hive.ql.Executor.launchTasks(Executor.java:334)
	at org.apache.hadoop.hive.ql.Executor.runTasks(Executor.java:245)
	at org.apache.hadoop.hive.ql.Executor.execute(Executor.java:108)
	at org.apache.hadoop.hive.ql.Driver.execute(Driver.java:348)
	at org.apache.hadoop.hive.ql.Driver.runInternal(Driver.java:204)
	at org.apache.hadoop.hive.ql.Driver.run(Driver.java:153)
	at org.apache.hadoop.hive.ql.Driver.run(Driver.java:148)
	at org.apache.hadoop.hive.ql.reexec.ReExecDriver.run(ReExecDriver.java:164)
	at org.apache.hadoop.hive.ql.reexec.ReExecDriver.run(ReExecDriver.java:230)
	at org.apache.hive.hcatalog.pig.AbstractHCatLoaderTest.executeStatementOnDriver(AbstractHCatLoaderTest.java:151)
	at org.apache.hive.hcatalog.pig.AbstractHCatLoaderTest.tearDown(AbstractHCatLoaderTest.java:239)
	at sun.reflect.NativeMethodAccessorImpl.invoke0(Native Method)
	at sun.reflect.NativeMethodAccessorImpl.invoke(NativeMethodAccessorImpl.java:62)
	at sun.reflect.DelegatingMethodAccessorImpl.invoke(DelegatingMethodAccessorImpl.java:43)
	at java.lang.reflect.Method.invoke(Method.java:498)
	at org.junit.runners.model.FrameworkMethod$1.runReflectiveCall(FrameworkMethod.java:59)
	at org.junit.internal.runners.model.ReflectiveCallable.run(ReflectiveCallable.java:12)
	at org.junit.runners.model.FrameworkMethod.invokeExplosively(FrameworkMethod.java:56)
	at org.junit.internal.runners.statements.RunAfters.invokeMethod(RunAfters.java:46)
	at org.junit.internal.runners.statements.RunAfters.evaluate(RunAfters.java:33)
	at org.junit.runners.ParentRunner$3.evaluate(ParentRunner.java:306)
	at org.junit.runners.BlockJUnit4ClassRunner$1.evaluate(BlockJUnit4ClassRunner.java:100)
	at org.junit.runners.ParentRunner.runLeaf(ParentRunner.java:366)
	at org.junit.runners.BlockJUnit4ClassRunner.runChild(BlockJUnit4ClassRunner.java:103)
	at org.junit.runners.BlockJUnit4ClassRunner.runChild(BlockJUnit4ClassRunner.java:63)
	at org.junit.runners.ParentRunner$4.run(ParentRunner.java:331)
	at org.junit.runners.ParentRunner$1.schedule(ParentRunner.java:79)
	at org.junit.runners.ParentRunner.runChildren(ParentRunner.java:329)
	at org.junit.runners.ParentRunner.access$100(ParentRunner.java:66)
	at org.junit.runners.ParentRunner$2.evaluate(ParentRunner.java:293)
	at org.junit.internal.runners.statements.RunBefores.evaluate(RunBefores.java:26)
	at org.junit.runners.ParentRunner$3.evaluate(ParentRunner.java:306)
	at org.junit.runners.ParentRunner.run(ParentRunner.java:413)
	at org.junit.runners.Suite.runChild(Suite.java:128)
	at org.junit.runners.Suite.runChild(Suite.java:27)
	at org.junit.runners.ParentRunner$4.run(ParentRunner.java:331)
	at org.junit.runners.ParentRunner$1.schedule(ParentRunner.java:79)
	at org.junit.runners.ParentRunner.runChildren(ParentRunner.java:329)
	at org.junit.runners.ParentRunner.access$100(ParentRunner.java:66)
	at org.junit.runners.ParentRunner$2.evaluate(ParentRunner.java:293)
	at org.junit.runners.ParentRunner$3.evaluate(ParentRunner.java:306)
	at org.junit.runners.ParentRunner.run(ParentRunner.java:413)
	at org.apache.maven.surefire.junitcore.JUnitCore.run(JUnitCore.java:55)
	at org.apache.maven.surefire.junitcore.JUnitCoreWrapper.createRequestAndRun(JUnitCoreWrapper.java:137)
	at org.apache.maven.surefire.junitcore.JUnitCoreWrapper.executeEager(JUnitCoreWrapper.java:107)
	at org.apache.maven.surefire.junitcore.JUnitCoreWrapper.execute(JUnitCoreWrapper.java:83)
	at org.apache.maven.surefire.junitcore.JUnitCoreWrapper.execute(JUnitCoreWrapper.java:75)
	at org.apache.maven.surefire.junitcore.JUnitCoreProvider.invoke(JUnitCoreProvider.java:158)
	at org.apache.maven.surefire.booter.ForkedBooter.runSuitesInProcess(ForkedBooter.java:377)
	at org.apache.maven.surefire.booter.ForkedBooter.execute(ForkedBooter.java:138)
	at org.apache.maven.surefire.booter.ForkedBooter.run(ForkedBooter.java:465)
	at org.apache.maven.surefire.booter.ForkedBooter.main(ForkedBooter.java:451)
NestedThrowablesStackTrace:
java.sql.BatchUpdateException: DELETE on table 'DBS' caused a violation of foreign key constraint 'TBLS_FK1' for key (3).  The statement has been rolled back.
	at org.apache.derby.impl.jdbc.EmbedStatement.executeLargeBatch(Unknown Source)
	at org.apache.derby.impl.jdbc.EmbedStatement.executeBatch(Unknown Source)
	at com.zaxxer.hikari.pool.ProxyStatement.executeBatch(ProxyStatement.java:128)
	at com.zaxxer.hikari.pool.HikariProxyPreparedStatement.executeBatch(HikariProxyPreparedStatement.java)
	at org.datanucleus.store.rdbms.ParamLoggingPreparedStatement.executeBatch(ParamLoggingPreparedStatement.java:366)
	at org.datanucleus.store.rdbms.SQLController.processConnectionStatement(SQLController.java:675)
	at org.datanucleus.store.rdbms.SQLController.processStatementsForConnection(SQLController.java:643)
	at org.datanucleus.store.rdbms.SQLController$1.transactionFlushed(SQLController.java:729)
	at org.datanucleus.store.connection.AbstractManagedConnection.transactionFlushed(AbstractManagedConnection.java:95)
	at org.datanucleus.store.connection.ConnectionManagerImpl$2.transactionFlushed(ConnectionManagerImpl.java:528)
	at org.datanucleus.TransactionImpl.flush(TransactionImpl.java:222)
	at org.datanucleus.TransactionImpl.commit(TransactionImpl.java:286)
	at org.datanucleus.api.jdo.JDOTransaction.commit(JDOTransaction.java:99)
	at org.apache.hadoop.hive.metastore.ObjectStore.commitTransaction(ObjectStore.java:615)
	at sun.reflect.GeneratedMethodAccessor31.invoke(Unknown Source)
	at sun.reflect.DelegatingMethodAccessorImpl.invoke(DelegatingMethodAccessorImpl.java:43)
	at java.lang.reflect.Method.invoke(Method.java:498)
	at org.apache.hadoop.hive.metastore.RawStoreProxy.invoke(RawStoreProxy.java:97)
	at com.sun.proxy.$Proxy32.commitTransaction(Unknown Source)
	at org.apache.hadoop.hive.metastore.HMSHandler.drop_database_core(HMSHandler.java:1790)
	at org.apache.hadoop.hive.metastore.HMSHandler.drop_database(HMSHandler.java:1869)
	at sun.reflect.GeneratedMethodAccessor54.invoke(Unknown Source)
	at sun.reflect.DelegatingMethodAccessorImpl.invoke(DelegatingMethodAccessorImpl.java:43)
	at java.lang.reflect.Method.invoke(Method.java:498)
	at org.apache.hadoop.hive.metastore.RetryingHMSHandler.invokeInternal(RetryingHMSHandler.java:147)
	at org.apache.hadoop.hive.metastore.RetryingHMSHandler.invoke(RetryingHMSHandler.java:108)
	at com.sun.proxy.$Proxy35.drop_database(Unknown Source)
	at org.apache.hadoop.hive.metastore.HiveMetaStoreClient.dropDatabaseCascadePerDb(HiveMetaStoreClient.java:1601)
	at org.apache.hadoop.hive.metastore.HiveMetaStoreClient.dropDatabase(HiveMetaStoreClient.java:1532)
	at org.apache.hadoop.hive.metastore.HiveMetaStoreClient.dropDatabase(HiveMetaStoreClient.java:1485)
	at sun.reflect.NativeMethodAccessorImpl.invoke0(Native Method)
	at sun.reflect.NativeMethodAccessorImpl.invoke(NativeMethodAccessorImpl.java:62)
	at sun.reflect.DelegatingMethodAccessorImpl.invoke(DelegatingMethodAccessorImpl.java:43)
	at java.lang.reflect.Method.invoke(Method.java:498)
	at org.apache.hadoop.hive.metastore.RetryingMetaStoreClient.invoke(RetryingMetaStoreClient.java:218)
	at com.sun.proxy.$Proxy45.dropDatabase(Unknown Source)
	at org.apache.hadoop.hive.ql.metadata.Hive.dropDatabase(Hive.java:662)
	at org.apache.hadoop.hive.ql.ddl.database.drop.DropDatabaseOperation.execute(DropDatabaseOperation.java:52)
	at org.apache.hadoop.hive.ql.ddl.DDLTask.execute(DDLTask.java:84)
	at org.apache.hadoop.hive.ql.exec.Task.executeTask(Task.java:212)
	at org.apache.hadoop.hive.ql.exec.TaskRunner.runSequential(TaskRunner.java:105)
	at org.apache.hadoop.hive.ql.Executor.launchTask(Executor.java:361)
	at org.apache.hadoop.hive.ql.Executor.launchTasks(Executor.java:334)
	at org.apache.hadoop.hive.ql.Executor.runTasks(Executor.java:245)
	at org.apache.hadoop.hive.ql.Executor.execute(Executor.java:108)
	at org.apache.hadoop.hive.ql.Driver.execute(Driver.java:348)
	at org.apache.hadoop.hive.ql.Driver.runInternal(Driver.java:204)
	at org.apache.hadoop.hive.ql.Driver.run(Driver.java:153)
	at org.apache.hadoop.hive.ql.Driver.run(Driver.java:148)
	at org.apache.hadoop.hive.ql.reexec.ReExecDriver.run(ReExecDriver.java:164)
	at org.apache.hadoop.hive.ql.reexec.ReExecDriver.run(ReExecDriver.java:230)
	at org.apache.hive.hcatalog.pig.AbstractHCatLoaderTest.executeStatementOnDriver(AbstractHCatLoaderTest.java:151)
	at org.apache.hive.hcatalog.pig.AbstractHCatLoaderTest.tearDown(AbstractHCatLoaderTest.java:239)
	at sun.reflect.NativeMethodAccessorImpl.invoke0(Native Method)
	at sun.reflect.NativeMethodAccessorImpl.invoke(NativeMethodAccessorImpl.java:62)
	at sun.reflect.DelegatingMethodAccessorImpl.invoke(DelegatingMethodAccessorImpl.java:43)
	at java.lang.reflect.Method.invoke(Method.java:498)
	at org.junit.runners.model.FrameworkMethod$1.runReflectiveCall(FrameworkMethod.java:59)
	at org.junit.internal.runners.model.ReflectiveCallable.run(ReflectiveCallable.java:12)
	at org.junit.runners.model.FrameworkMethod.invokeExplosively(FrameworkMethod.java:56)
	at org.junit.internal.runners.statements.RunAfters.invokeMethod(RunAfters.java:46)
	at org.junit.internal.runners.statements.RunAfters.evaluate(RunAfters.java:33)
	at org.junit.runners.ParentRunner$3.evaluate(ParentRunner.java:306)
	at org.junit.runners.BlockJUnit4ClassRunner$1.evaluate(BlockJUnit4ClassRunner.java:100)
	at org.junit.runners.ParentRunner.runLeaf(ParentRunner.java:366)
	at org.junit.runners.BlockJUnit4ClassRunner.runChild(BlockJUnit4ClassRunner.java:103)
	at org.junit.runners.BlockJUnit4ClassRunner.runChild(BlockJUnit4ClassRunner.java:63)
	at org.junit.runners.ParentRunner$4.run(ParentRunner.java:331)
	at org.junit.runners.ParentRunner$1.schedule(ParentRunner.java:79)
	at org.junit.runners.ParentRunner.runChildren(ParentRunner.java:329)
	at org.junit.runners.ParentRunner.access$100(ParentRunner.java:66)
	at org.junit.runners.ParentRunner$2.evaluate(ParentRunner.java:293)
	at org.junit.internal.runners.statements.RunBefores.evaluate(RunBefores.java:26)
	at org.junit.runners.ParentRunner$3.evaluate(ParentRunner.java:306)
	at org.junit.runners.ParentRunner.run(ParentRunner.java:413)
	at org.junit.runners.Suite.runChild(Suite.java:128)
	at org.junit.runners.Suite.runChild(Suite.java:27)
	at org.junit.runners.ParentRunner$4.run(ParentRunner.java:331)
	at org.junit.runners.ParentRunner$1.schedule(ParentRunner.java:79)
	at org.junit.runners.ParentRunner.runChildren(ParentRunner.java:329)
	at org.junit.runners.ParentRunner.access$100(ParentRunner.java:66)
	at org.junit.runners.ParentRunner$2.evaluate(ParentRunner.java:293)
	at org.junit.runners.ParentRunner$3.evaluate(ParentRunner.java:306)
	at org.junit.runners.ParentRunner.run(ParentRunner.java:413)
	at org.apache.maven.surefire.junitcore.JUnitCore.run(JUnitCore.java:55)
	at org.apache.maven.surefire.junitcore.JUnitCoreWrapper.createRequestAndRun(JUnitCoreWrapper.java:137)
	at org.apache.maven.surefire.junitcore.JUnitCoreWrapper.executeEager(JUnitCoreWrapper.java:107)
	at org.apache.maven.surefire.junitcore.JUnitCoreWrapper.execute(JUnitCoreWrapper.java:83)
	at org.apache.maven.surefire.junitcore.JUnitCoreWrapper.execute(JUnitCoreWrapper.java:75)
	at org.apache.maven.surefire.junitcore.JUnitCoreProvider.invoke(JUnitCoreProvider.java:158)
	at org.apache.maven.surefire.booter.ForkedBooter.runSuitesInProcess(ForkedBooter.java:377)
	at org.apache.maven.surefire.booter.ForkedBooter.execute(ForkedBooter.java:138)
	at org.apache.maven.surefire.booter.ForkedBooter.run(ForkedBooter.java:465)
	at org.apache.maven.surefire.booter.ForkedBooter.main(ForkedBooter.java:451)
Caused by: org.apache.derby.shared.common.error.DerbySQLIntegrityConstraintViolationException: DELETE on table 'DBS' caused a violation of foreign key constraint 'TBLS_FK1' for key (3).  The statement has been rolled back.
	at org.apache.derby.impl.jdbc.SQLExceptionFactory.getSQLException(Unknown Source)
	at org.apache.derby.impl.jdbc.Util.generateCsSQLException(Unknown Source)
	at org.apache.derby.impl.jdbc.TransactionResourceImpl.wrapInSQLException(Unknown Source)
	at org.apache.derby.impl.jdbc.TransactionResourceImpl.handleException(Unknown Source)
	at org.apache.derby.impl.jdbc.EmbedConnection.handleException(Unknown Source)
	at org.apache.derby.impl.jdbc.ConnectionChild.handleException(Unknown Source)
	at org.apache.derby.impl.jdbc.EmbedStatement.executeStatement(Unknown Source)
	at org.apache.derby.impl.jdbc.EmbedPreparedStatement.executeBatchElement(Unknown Source)
	... 94 more
Caused by: ERROR 23503: DELETE on table 'DBS' caused a violation of foreign key constraint 'TBLS_FK1' for key (3).  The statement has been rolled back.
	at org.apache.derby.iapi.error.StandardException.newException(Unknown Source)
	at org.apache.derby.iapi.error.StandardException.newException(Unknown Source)
	at org.apache.derby.impl.sql.execute.ReferencedKeyRIChecker.doCheck(Unknown Source)
	at org.apache.derby.impl.sql.execute.RISetChecker.doPKCheck(Unknown Source)
	at org.apache.derby.impl.sql.execute.DeleteResultSet.collectAffectedRows(Unknown Source)
	at org.apache.derby.impl.sql.execute.DeleteResultSet.open(Unknown Source)
	at org.apache.derby.impl.sql.GenericPreparedStatement.executeStmt(Unknown Source)
	at org.apache.derby.impl.sql.GenericPreparedStatement.execute(Unknown Source)
	... 96 more

2024-04-24T11:27:59,634  INFO [main] HiveMetaStore.audit: ugi=alex	ip=unknown-ip-addr	cmd=drop_database: @hive#junit_specific_db	
2024-04-24T11:27:59,640  INFO [main] HiveMetaStore.audit: ugi=alex	ip=unknown-ip-addr	cmd=get_all_tables: db=@hive#junit_specific_db	
2024-04-24T11:27:59,641  INFO [main] HiveMetaStore.audit: ugi=alex	ip=unknown-ip-addr	cmd=get_functions: db=@hive#junit_specific_db pat=*	
2024-04-24T11:27:59,643  INFO [main] HiveMetaStore.audit: ugi=alex	ip=unknown-ip-addr	cmd=get_all_stored_procedures	
2024-04-24T11:27:59,644  INFO [main] HiveMetaStore.audit: ugi=alex	ip=unknown-ip-addr	cmd=get_all_packages	
2024-04-24T11:27:59,645  INFO [main] HiveMetaStore.audit: ugi=alex	ip=unknown-ip-addr	cmd=getTablesByTypeCore: catName=hive: db=junit_specific_db pat=.*,type=MATERIALIZED_VIEW	
2024-04-24T11:27:59,650  INFO [main] metastore.ObjectStore: Dropping database hive.junit_specific_db along with all tables
2024-04-24T11:27:59,657  INFO [main] txn.TxnHandler: Non-retryable error in cleanupRecords : Table/View 'TXN_COMPONENTS' does not exist. (SQLState=42X05, ErrorCode=20000)
2024-04-24T11:27:59,657  WARN [main] txn.TxnHandler: Cannot perform cleanup since metastore table does not exist
2024-04-24T11:27:59,658 ERROR [main] metastore.RetryingHMSHandler: Retrying HMSHandler after 2000 ms (attempt 3 of 10) with error: javax.jdo.JDODataStoreException: Exception thrown flushing changes to datastore
	at org.datanucleus.api.jdo.NucleusJDOHelper.getJDOExceptionForNucleusException(NucleusJDOHelper.java:542)
	at org.datanucleus.api.jdo.JDOTransaction.commit(JDOTransaction.java:162)
	at org.apache.hadoop.hive.metastore.ObjectStore.commitTransaction(ObjectStore.java:615)
	at sun.reflect.GeneratedMethodAccessor31.invoke(Unknown Source)
	at sun.reflect.DelegatingMethodAccessorImpl.invoke(DelegatingMethodAccessorImpl.java:43)
	at java.lang.reflect.Method.invoke(Method.java:498)
	at org.apache.hadoop.hive.metastore.RawStoreProxy.invoke(RawStoreProxy.java:97)
	at com.sun.proxy.$Proxy32.commitTransaction(Unknown Source)
	at org.apache.hadoop.hive.metastore.HMSHandler.drop_database_core(HMSHandler.java:1790)
	at org.apache.hadoop.hive.metastore.HMSHandler.drop_database(HMSHandler.java:1869)
	at sun.reflect.GeneratedMethodAccessor54.invoke(Unknown Source)
	at sun.reflect.DelegatingMethodAccessorImpl.invoke(DelegatingMethodAccessorImpl.java:43)
	at java.lang.reflect.Method.invoke(Method.java:498)
	at org.apache.hadoop.hive.metastore.RetryingHMSHandler.invokeInternal(RetryingHMSHandler.java:147)
	at org.apache.hadoop.hive.metastore.RetryingHMSHandler.invoke(RetryingHMSHandler.java:108)
	at com.sun.proxy.$Proxy35.drop_database(Unknown Source)
	at org.apache.hadoop.hive.metastore.HiveMetaStoreClient.dropDatabaseCascadePerDb(HiveMetaStoreClient.java:1601)
	at org.apache.hadoop.hive.metastore.HiveMetaStoreClient.dropDatabase(HiveMetaStoreClient.java:1532)
	at org.apache.hadoop.hive.metastore.HiveMetaStoreClient.dropDatabase(HiveMetaStoreClient.java:1485)
	at sun.reflect.NativeMethodAccessorImpl.invoke0(Native Method)
	at sun.reflect.NativeMethodAccessorImpl.invoke(NativeMethodAccessorImpl.java:62)
	at sun.reflect.DelegatingMethodAccessorImpl.invoke(DelegatingMethodAccessorImpl.java:43)
	at java.lang.reflect.Method.invoke(Method.java:498)
	at org.apache.hadoop.hive.metastore.RetryingMetaStoreClient.invoke(RetryingMetaStoreClient.java:218)
	at com.sun.proxy.$Proxy45.dropDatabase(Unknown Source)
	at org.apache.hadoop.hive.ql.metadata.Hive.dropDatabase(Hive.java:662)
	at org.apache.hadoop.hive.ql.ddl.database.drop.DropDatabaseOperation.execute(DropDatabaseOperation.java:52)
	at org.apache.hadoop.hive.ql.ddl.DDLTask.execute(DDLTask.java:84)
	at org.apache.hadoop.hive.ql.exec.Task.executeTask(Task.java:212)
	at org.apache.hadoop.hive.ql.exec.TaskRunner.runSequential(TaskRunner.java:105)
	at org.apache.hadoop.hive.ql.Executor.launchTask(Executor.java:361)
	at org.apache.hadoop.hive.ql.Executor.launchTasks(Executor.java:334)
	at org.apache.hadoop.hive.ql.Executor.runTasks(Executor.java:245)
	at org.apache.hadoop.hive.ql.Executor.execute(Executor.java:108)
	at org.apache.hadoop.hive.ql.Driver.execute(Driver.java:348)
	at org.apache.hadoop.hive.ql.Driver.runInternal(Driver.java:204)
	at org.apache.hadoop.hive.ql.Driver.run(Driver.java:153)
	at org.apache.hadoop.hive.ql.Driver.run(Driver.java:148)
	at org.apache.hadoop.hive.ql.reexec.ReExecDriver.run(ReExecDriver.java:164)
	at org.apache.hadoop.hive.ql.reexec.ReExecDriver.run(ReExecDriver.java:230)
	at org.apache.hive.hcatalog.pig.AbstractHCatLoaderTest.executeStatementOnDriver(AbstractHCatLoaderTest.java:151)
	at org.apache.hive.hcatalog.pig.AbstractHCatLoaderTest.tearDown(AbstractHCatLoaderTest.java:239)
	at sun.reflect.NativeMethodAccessorImpl.invoke0(Native Method)
	at sun.reflect.NativeMethodAccessorImpl.invoke(NativeMethodAccessorImpl.java:62)
	at sun.reflect.DelegatingMethodAccessorImpl.invoke(DelegatingMethodAccessorImpl.java:43)
	at java.lang.reflect.Method.invoke(Method.java:498)
	at org.junit.runners.model.FrameworkMethod$1.runReflectiveCall(FrameworkMethod.java:59)
	at org.junit.internal.runners.model.ReflectiveCallable.run(ReflectiveCallable.java:12)
	at org.junit.runners.model.FrameworkMethod.invokeExplosively(FrameworkMethod.java:56)
	at org.junit.internal.runners.statements.RunAfters.invokeMethod(RunAfters.java:46)
	at org.junit.internal.runners.statements.RunAfters.evaluate(RunAfters.java:33)
	at org.junit.runners.ParentRunner$3.evaluate(ParentRunner.java:306)
	at org.junit.runners.BlockJUnit4ClassRunner$1.evaluate(BlockJUnit4ClassRunner.java:100)
	at org.junit.runners.ParentRunner.runLeaf(ParentRunner.java:366)
	at org.junit.runners.BlockJUnit4ClassRunner.runChild(BlockJUnit4ClassRunner.java:103)
	at org.junit.runners.BlockJUnit4ClassRunner.runChild(BlockJUnit4ClassRunner.java:63)
	at org.junit.runners.ParentRunner$4.run(ParentRunner.java:331)
	at org.junit.runners.ParentRunner$1.schedule(ParentRunner.java:79)
	at org.junit.runners.ParentRunner.runChildren(ParentRunner.java:329)
	at org.junit.runners.ParentRunner.access$100(ParentRunner.java:66)
	at org.junit.runners.ParentRunner$2.evaluate(ParentRunner.java:293)
	at org.junit.internal.runners.statements.RunBefores.evaluate(RunBefores.java:26)
	at org.junit.runners.ParentRunner$3.evaluate(ParentRunner.java:306)
	at org.junit.runners.ParentRunner.run(ParentRunner.java:413)
	at org.junit.runners.Suite.runChild(Suite.java:128)
	at org.junit.runners.Suite.runChild(Suite.java:27)
	at org.junit.runners.ParentRunner$4.run(ParentRunner.java:331)
	at org.junit.runners.ParentRunner$1.schedule(ParentRunner.java:79)
	at org.junit.runners.ParentRunner.runChildren(ParentRunner.java:329)
	at org.junit.runners.ParentRunner.access$100(ParentRunner.java:66)
	at org.junit.runners.ParentRunner$2.evaluate(ParentRunner.java:293)
	at org.junit.runners.ParentRunner$3.evaluate(ParentRunner.java:306)
	at org.junit.runners.ParentRunner.run(ParentRunner.java:413)
	at org.apache.maven.surefire.junitcore.JUnitCore.run(JUnitCore.java:55)
	at org.apache.maven.surefire.junitcore.JUnitCoreWrapper.createRequestAndRun(JUnitCoreWrapper.java:137)
	at org.apache.maven.surefire.junitcore.JUnitCoreWrapper.executeEager(JUnitCoreWrapper.java:107)
	at org.apache.maven.surefire.junitcore.JUnitCoreWrapper.execute(JUnitCoreWrapper.java:83)
	at org.apache.maven.surefire.junitcore.JUnitCoreWrapper.execute(JUnitCoreWrapper.java:75)
	at org.apache.maven.surefire.junitcore.JUnitCoreProvider.invoke(JUnitCoreProvider.java:158)
	at org.apache.maven.surefire.booter.ForkedBooter.runSuitesInProcess(ForkedBooter.java:377)
	at org.apache.maven.surefire.booter.ForkedBooter.execute(ForkedBooter.java:138)
	at org.apache.maven.surefire.booter.ForkedBooter.run(ForkedBooter.java:465)
	at org.apache.maven.surefire.booter.ForkedBooter.main(ForkedBooter.java:451)
NestedThrowablesStackTrace:
java.sql.BatchUpdateException: DELETE on table 'DBS' caused a violation of foreign key constraint 'TBLS_FK1' for key (3).  The statement has been rolled back.
	at org.apache.derby.impl.jdbc.EmbedStatement.executeLargeBatch(Unknown Source)
	at org.apache.derby.impl.jdbc.EmbedStatement.executeBatch(Unknown Source)
	at com.zaxxer.hikari.pool.ProxyStatement.executeBatch(ProxyStatement.java:128)
	at com.zaxxer.hikari.pool.HikariProxyPreparedStatement.executeBatch(HikariProxyPreparedStatement.java)
	at org.datanucleus.store.rdbms.ParamLoggingPreparedStatement.executeBatch(ParamLoggingPreparedStatement.java:366)
	at org.datanucleus.store.rdbms.SQLController.processConnectionStatement(SQLController.java:675)
	at org.datanucleus.store.rdbms.SQLController.processStatementsForConnection(SQLController.java:643)
	at org.datanucleus.store.rdbms.SQLController$1.transactionFlushed(SQLController.java:729)
	at org.datanucleus.store.connection.AbstractManagedConnection.transactionFlushed(AbstractManagedConnection.java:95)
	at org.datanucleus.store.connection.ConnectionManagerImpl$2.transactionFlushed(ConnectionManagerImpl.java:528)
	at org.datanucleus.TransactionImpl.flush(TransactionImpl.java:222)
	at org.datanucleus.TransactionImpl.commit(TransactionImpl.java:286)
	at org.datanucleus.api.jdo.JDOTransaction.commit(JDOTransaction.java:99)
	at org.apache.hadoop.hive.metastore.ObjectStore.commitTransaction(ObjectStore.java:615)
	at sun.reflect.GeneratedMethodAccessor31.invoke(Unknown Source)
	at sun.reflect.DelegatingMethodAccessorImpl.invoke(DelegatingMethodAccessorImpl.java:43)
	at java.lang.reflect.Method.invoke(Method.java:498)
	at org.apache.hadoop.hive.metastore.RawStoreProxy.invoke(RawStoreProxy.java:97)
	at com.sun.proxy.$Proxy32.commitTransaction(Unknown Source)
	at org.apache.hadoop.hive.metastore.HMSHandler.drop_database_core(HMSHandler.java:1790)
	at org.apache.hadoop.hive.metastore.HMSHandler.drop_database(HMSHandler.java:1869)
	at sun.reflect.GeneratedMethodAccessor54.invoke(Unknown Source)
	at sun.reflect.DelegatingMethodAccessorImpl.invoke(DelegatingMethodAccessorImpl.java:43)
	at java.lang.reflect.Method.invoke(Method.java:498)
	at org.apache.hadoop.hive.metastore.RetryingHMSHandler.invokeInternal(RetryingHMSHandler.java:147)
	at org.apache.hadoop.hive.metastore.RetryingHMSHandler.invoke(RetryingHMSHandler.java:108)
	at com.sun.proxy.$Proxy35.drop_database(Unknown Source)
	at org.apache.hadoop.hive.metastore.HiveMetaStoreClient.dropDatabaseCascadePerDb(HiveMetaStoreClient.java:1601)
	at org.apache.hadoop.hive.metastore.HiveMetaStoreClient.dropDatabase(HiveMetaStoreClient.java:1532)
	at org.apache.hadoop.hive.metastore.HiveMetaStoreClient.dropDatabase(HiveMetaStoreClient.java:1485)
	at sun.reflect.NativeMethodAccessorImpl.invoke0(Native Method)
	at sun.reflect.NativeMethodAccessorImpl.invoke(NativeMethodAccessorImpl.java:62)
	at sun.reflect.DelegatingMethodAccessorImpl.invoke(DelegatingMethodAccessorImpl.java:43)
	at java.lang.reflect.Method.invoke(Method.java:498)
	at org.apache.hadoop.hive.metastore.RetryingMetaStoreClient.invoke(RetryingMetaStoreClient.java:218)
	at com.sun.proxy.$Proxy45.dropDatabase(Unknown Source)
	at org.apache.hadoop.hive.ql.metadata.Hive.dropDatabase(Hive.java:662)
	at org.apache.hadoop.hive.ql.ddl.database.drop.DropDatabaseOperation.execute(DropDatabaseOperation.java:52)
	at org.apache.hadoop.hive.ql.ddl.DDLTask.execute(DDLTask.java:84)
	at org.apache.hadoop.hive.ql.exec.Task.executeTask(Task.java:212)
	at org.apache.hadoop.hive.ql.exec.TaskRunner.runSequential(TaskRunner.java:105)
	at org.apache.hadoop.hive.ql.Executor.launchTask(Executor.java:361)
	at org.apache.hadoop.hive.ql.Executor.launchTasks(Executor.java:334)
	at org.apache.hadoop.hive.ql.Executor.runTasks(Executor.java:245)
	at org.apache.hadoop.hive.ql.Executor.execute(Executor.java:108)
	at org.apache.hadoop.hive.ql.Driver.execute(Driver.java:348)
	at org.apache.hadoop.hive.ql.Driver.runInternal(Driver.java:204)
	at org.apache.hadoop.hive.ql.Driver.run(Driver.java:153)
	at org.apache.hadoop.hive.ql.Driver.run(Driver.java:148)
	at org.apache.hadoop.hive.ql.reexec.ReExecDriver.run(ReExecDriver.java:164)
	at org.apache.hadoop.hive.ql.reexec.ReExecDriver.run(ReExecDriver.java:230)
	at org.apache.hive.hcatalog.pig.AbstractHCatLoaderTest.executeStatementOnDriver(AbstractHCatLoaderTest.java:151)
	at org.apache.hive.hcatalog.pig.AbstractHCatLoaderTest.tearDown(AbstractHCatLoaderTest.java:239)
	at sun.reflect.NativeMethodAccessorImpl.invoke0(Native Method)
	at sun.reflect.NativeMethodAccessorImpl.invoke(NativeMethodAccessorImpl.java:62)
	at sun.reflect.DelegatingMethodAccessorImpl.invoke(DelegatingMethodAccessorImpl.java:43)
	at java.lang.reflect.Method.invoke(Method.java:498)
	at org.junit.runners.model.FrameworkMethod$1.runReflectiveCall(FrameworkMethod.java:59)
	at org.junit.internal.runners.model.ReflectiveCallable.run(ReflectiveCallable.java:12)
	at org.junit.runners.model.FrameworkMethod.invokeExplosively(FrameworkMethod.java:56)
	at org.junit.internal.runners.statements.RunAfters.invokeMethod(RunAfters.java:46)
	at org.junit.internal.runners.statements.RunAfters.evaluate(RunAfters.java:33)
	at org.junit.runners.ParentRunner$3.evaluate(ParentRunner.java:306)
	at org.junit.runners.BlockJUnit4ClassRunner$1.evaluate(BlockJUnit4ClassRunner.java:100)
	at org.junit.runners.ParentRunner.runLeaf(ParentRunner.java:366)
	at org.junit.runners.BlockJUnit4ClassRunner.runChild(BlockJUnit4ClassRunner.java:103)
	at org.junit.runners.BlockJUnit4ClassRunner.runChild(BlockJUnit4ClassRunner.java:63)
	at org.junit.runners.ParentRunner$4.run(ParentRunner.java:331)
	at org.junit.runners.ParentRunner$1.schedule(ParentRunner.java:79)
	at org.junit.runners.ParentRunner.runChildren(ParentRunner.java:329)
	at org.junit.runners.ParentRunner.access$100(ParentRunner.java:66)
	at org.junit.runners.ParentRunner$2.evaluate(ParentRunner.java:293)
	at org.junit.internal.runners.statements.RunBefores.evaluate(RunBefores.java:26)
	at org.junit.runners.ParentRunner$3.evaluate(ParentRunner.java:306)
	at org.junit.runners.ParentRunner.run(ParentRunner.java:413)
	at org.junit.runners.Suite.runChild(Suite.java:128)
	at org.junit.runners.Suite.runChild(Suite.java:27)
	at org.junit.runners.ParentRunner$4.run(ParentRunner.java:331)
	at org.junit.runners.ParentRunner$1.schedule(ParentRunner.java:79)
	at org.junit.runners.ParentRunner.runChildren(ParentRunner.java:329)
	at org.junit.runners.ParentRunner.access$100(ParentRunner.java:66)
	at org.junit.runners.ParentRunner$2.evaluate(ParentRunner.java:293)
	at org.junit.runners.ParentRunner$3.evaluate(ParentRunner.java:306)
	at org.junit.runners.ParentRunner.run(ParentRunner.java:413)
	at org.apache.maven.surefire.junitcore.JUnitCore.run(JUnitCore.java:55)
	at org.apache.maven.surefire.junitcore.JUnitCoreWrapper.createRequestAndRun(JUnitCoreWrapper.java:137)
	at org.apache.maven.surefire.junitcore.JUnitCoreWrapper.executeEager(JUnitCoreWrapper.java:107)
	at org.apache.maven.surefire.junitcore.JUnitCoreWrapper.execute(JUnitCoreWrapper.java:83)
	at org.apache.maven.surefire.junitcore.JUnitCoreWrapper.execute(JUnitCoreWrapper.java:75)
	at org.apache.maven.surefire.junitcore.JUnitCoreProvider.invoke(JUnitCoreProvider.java:158)
	at org.apache.maven.surefire.booter.ForkedBooter.runSuitesInProcess(ForkedBooter.java:377)
	at org.apache.maven.surefire.booter.ForkedBooter.execute(ForkedBooter.java:138)
	at org.apache.maven.surefire.booter.ForkedBooter.run(ForkedBooter.java:465)
	at org.apache.maven.surefire.booter.ForkedBooter.main(ForkedBooter.java:451)
Caused by: org.apache.derby.shared.common.error.DerbySQLIntegrityConstraintViolationException: DELETE on table 'DBS' caused a violation of foreign key constraint 'TBLS_FK1' for key (3).  The statement has been rolled back.
	at org.apache.derby.impl.jdbc.SQLExceptionFactory.getSQLException(Unknown Source)
	at org.apache.derby.impl.jdbc.Util.generateCsSQLException(Unknown Source)
	at org.apache.derby.impl.jdbc.TransactionResourceImpl.wrapInSQLException(Unknown Source)
	at org.apache.derby.impl.jdbc.TransactionResourceImpl.handleException(Unknown Source)
	at org.apache.derby.impl.jdbc.EmbedConnection.handleException(Unknown Source)
	at org.apache.derby.impl.jdbc.ConnectionChild.handleException(Unknown Source)
	at org.apache.derby.impl.jdbc.EmbedStatement.executeStatement(Unknown Source)
	at org.apache.derby.impl.jdbc.EmbedPreparedStatement.executeBatchElement(Unknown Source)
	... 94 more
Caused by: ERROR 23503: DELETE on table 'DBS' caused a violation of foreign key constraint 'TBLS_FK1' for key (3).  The statement has been rolled back.
	at org.apache.derby.iapi.error.StandardException.newException(Unknown Source)
	at org.apache.derby.iapi.error.StandardException.newException(Unknown Source)
	at org.apache.derby.impl.sql.execute.ReferencedKeyRIChecker.doCheck(Unknown Source)
	at org.apache.derby.impl.sql.execute.RISetChecker.doPKCheck(Unknown Source)
	at org.apache.derby.impl.sql.execute.DeleteResultSet.collectAffectedRows(Unknown Source)
	at org.apache.derby.impl.sql.execute.DeleteResultSet.open(Unknown Source)
	at org.apache.derby.impl.sql.GenericPreparedStatement.executeStmt(Unknown Source)
	at org.apache.derby.impl.sql.GenericPreparedStatement.execute(Unknown Source)
	... 96 more

2024-04-24T11:28:01,358  INFO [Metastore Scheduled Worker 0] metastore.HMSHandler: 10: Opening raw store with implementation class:org.apache.hadoop.hive.metastore.ObjectStore
2024-04-24T11:28:01,359  INFO [Metastore Scheduled Worker 0] metastore.ObjectStore: RawStore: org.apache.hadoop.hive.metastore.ObjectStore@6c42f285, with PersistenceManager: null will be shutdown
2024-04-24T11:28:01,359  INFO [Metastore Scheduled Worker 0] metastore.ObjectStore: RawStore: org.apache.hadoop.hive.metastore.ObjectStore@6c42f285, with PersistenceManager: org.datanucleus.api.jdo.JDOPersistenceManager@67b5459c created in the thread with id: 26
2024-04-24T11:28:01,361  INFO [Metastore Scheduled Worker 0] metastore.HMSHandler: Created RawStore: org.apache.hadoop.hive.metastore.ObjectStore@6c42f285 from thread id: 26
2024-04-24T11:28:01,659  INFO [main] HiveMetaStore.audit: ugi=alex	ip=unknown-ip-addr	cmd=drop_database: @hive#junit_specific_db	
2024-04-24T11:28:01,661  INFO [main] HiveMetaStore.audit: ugi=alex	ip=unknown-ip-addr	cmd=get_all_tables: db=@hive#junit_specific_db	
2024-04-24T11:28:01,663  INFO [main] HiveMetaStore.audit: ugi=alex	ip=unknown-ip-addr	cmd=get_functions: db=@hive#junit_specific_db pat=*	
2024-04-24T11:28:01,665  INFO [main] HiveMetaStore.audit: ugi=alex	ip=unknown-ip-addr	cmd=get_all_stored_procedures	
2024-04-24T11:28:01,667  INFO [main] HiveMetaStore.audit: ugi=alex	ip=unknown-ip-addr	cmd=get_all_packages	
2024-04-24T11:28:01,668  INFO [main] HiveMetaStore.audit: ugi=alex	ip=unknown-ip-addr	cmd=getTablesByTypeCore: catName=hive: db=junit_specific_db pat=.*,type=MATERIALIZED_VIEW	
2024-04-24T11:28:01,674  INFO [main] metastore.ObjectStore: Dropping database hive.junit_specific_db along with all tables
2024-04-24T11:28:01,683  INFO [main] txn.TxnHandler: Non-retryable error in cleanupRecords : Table/View 'TXN_COMPONENTS' does not exist. (SQLState=42X05, ErrorCode=20000)
2024-04-24T11:28:01,683  WARN [main] txn.TxnHandler: Cannot perform cleanup since metastore table does not exist
2024-04-24T11:28:01,685 ERROR [main] metastore.RetryingHMSHandler: Retrying HMSHandler after 2000 ms (attempt 4 of 10) with error: javax.jdo.JDODataStoreException: Exception thrown flushing changes to datastore
	at org.datanucleus.api.jdo.NucleusJDOHelper.getJDOExceptionForNucleusException(NucleusJDOHelper.java:542)
	at org.datanucleus.api.jdo.JDOTransaction.commit(JDOTransaction.java:162)
	at org.apache.hadoop.hive.metastore.ObjectStore.commitTransaction(ObjectStore.java:615)
	at sun.reflect.GeneratedMethodAccessor31.invoke(Unknown Source)
	at sun.reflect.DelegatingMethodAccessorImpl.invoke(DelegatingMethodAccessorImpl.java:43)
	at java.lang.reflect.Method.invoke(Method.java:498)
	at org.apache.hadoop.hive.metastore.RawStoreProxy.invoke(RawStoreProxy.java:97)
	at com.sun.proxy.$Proxy32.commitTransaction(Unknown Source)
	at org.apache.hadoop.hive.metastore.HMSHandler.drop_database_core(HMSHandler.java:1790)
	at org.apache.hadoop.hive.metastore.HMSHandler.drop_database(HMSHandler.java:1869)
	at sun.reflect.GeneratedMethodAccessor54.invoke(Unknown Source)
	at sun.reflect.DelegatingMethodAccessorImpl.invoke(DelegatingMethodAccessorImpl.java:43)
	at java.lang.reflect.Method.invoke(Method.java:498)
	at org.apache.hadoop.hive.metastore.RetryingHMSHandler.invokeInternal(RetryingHMSHandler.java:147)
	at org.apache.hadoop.hive.metastore.RetryingHMSHandler.invoke(RetryingHMSHandler.java:108)
	at com.sun.proxy.$Proxy35.drop_database(Unknown Source)
	at org.apache.hadoop.hive.metastore.HiveMetaStoreClient.dropDatabaseCascadePerDb(HiveMetaStoreClient.java:1601)
	at org.apache.hadoop.hive.metastore.HiveMetaStoreClient.dropDatabase(HiveMetaStoreClient.java:1532)
	at org.apache.hadoop.hive.metastore.HiveMetaStoreClient.dropDatabase(HiveMetaStoreClient.java:1485)
	at sun.reflect.NativeMethodAccessorImpl.invoke0(Native Method)
	at sun.reflect.NativeMethodAccessorImpl.invoke(NativeMethodAccessorImpl.java:62)
	at sun.reflect.DelegatingMethodAccessorImpl.invoke(DelegatingMethodAccessorImpl.java:43)
	at java.lang.reflect.Method.invoke(Method.java:498)
	at org.apache.hadoop.hive.metastore.RetryingMetaStoreClient.invoke(RetryingMetaStoreClient.java:218)
	at com.sun.proxy.$Proxy45.dropDatabase(Unknown Source)
	at org.apache.hadoop.hive.ql.metadata.Hive.dropDatabase(Hive.java:662)
	at org.apache.hadoop.hive.ql.ddl.database.drop.DropDatabaseOperation.execute(DropDatabaseOperation.java:52)
	at org.apache.hadoop.hive.ql.ddl.DDLTask.execute(DDLTask.java:84)
	at org.apache.hadoop.hive.ql.exec.Task.executeTask(Task.java:212)
	at org.apache.hadoop.hive.ql.exec.TaskRunner.runSequential(TaskRunner.java:105)
	at org.apache.hadoop.hive.ql.Executor.launchTask(Executor.java:361)
	at org.apache.hadoop.hive.ql.Executor.launchTasks(Executor.java:334)
	at org.apache.hadoop.hive.ql.Executor.runTasks(Executor.java:245)
	at org.apache.hadoop.hive.ql.Executor.execute(Executor.java:108)
	at org.apache.hadoop.hive.ql.Driver.execute(Driver.java:348)
	at org.apache.hadoop.hive.ql.Driver.runInternal(Driver.java:204)
	at org.apache.hadoop.hive.ql.Driver.run(Driver.java:153)
	at org.apache.hadoop.hive.ql.Driver.run(Driver.java:148)
	at org.apache.hadoop.hive.ql.reexec.ReExecDriver.run(ReExecDriver.java:164)
	at org.apache.hadoop.hive.ql.reexec.ReExecDriver.run(ReExecDriver.java:230)
	at org.apache.hive.hcatalog.pig.AbstractHCatLoaderTest.executeStatementOnDriver(AbstractHCatLoaderTest.java:151)
	at org.apache.hive.hcatalog.pig.AbstractHCatLoaderTest.tearDown(AbstractHCatLoaderTest.java:239)
	at sun.reflect.NativeMethodAccessorImpl.invoke0(Native Method)
	at sun.reflect.NativeMethodAccessorImpl.invoke(NativeMethodAccessorImpl.java:62)
	at sun.reflect.DelegatingMethodAccessorImpl.invoke(DelegatingMethodAccessorImpl.java:43)
	at java.lang.reflect.Method.invoke(Method.java:498)
	at org.junit.runners.model.FrameworkMethod$1.runReflectiveCall(FrameworkMethod.java:59)
	at org.junit.internal.runners.model.ReflectiveCallable.run(ReflectiveCallable.java:12)
	at org.junit.runners.model.FrameworkMethod.invokeExplosively(FrameworkMethod.java:56)
	at org.junit.internal.runners.statements.RunAfters.invokeMethod(RunAfters.java:46)
	at org.junit.internal.runners.statements.RunAfters.evaluate(RunAfters.java:33)
	at org.junit.runners.ParentRunner$3.evaluate(ParentRunner.java:306)
	at org.junit.runners.BlockJUnit4ClassRunner$1.evaluate(BlockJUnit4ClassRunner.java:100)
	at org.junit.runners.ParentRunner.runLeaf(ParentRunner.java:366)
	at org.junit.runners.BlockJUnit4ClassRunner.runChild(BlockJUnit4ClassRunner.java:103)
	at org.junit.runners.BlockJUnit4ClassRunner.runChild(BlockJUnit4ClassRunner.java:63)
	at org.junit.runners.ParentRunner$4.run(ParentRunner.java:331)
	at org.junit.runners.ParentRunner$1.schedule(ParentRunner.java:79)
	at org.junit.runners.ParentRunner.runChildren(ParentRunner.java:329)
	at org.junit.runners.ParentRunner.access$100(ParentRunner.java:66)
	at org.junit.runners.ParentRunner$2.evaluate(ParentRunner.java:293)
	at org.junit.internal.runners.statements.RunBefores.evaluate(RunBefores.java:26)
	at org.junit.runners.ParentRunner$3.evaluate(ParentRunner.java:306)
	at org.junit.runners.ParentRunner.run(ParentRunner.java:413)
	at org.junit.runners.Suite.runChild(Suite.java:128)
	at org.junit.runners.Suite.runChild(Suite.java:27)
	at org.junit.runners.ParentRunner$4.run(ParentRunner.java:331)
	at org.junit.runners.ParentRunner$1.schedule(ParentRunner.java:79)
	at org.junit.runners.ParentRunner.runChildren(ParentRunner.java:329)
	at org.junit.runners.ParentRunner.access$100(ParentRunner.java:66)
	at org.junit.runners.ParentRunner$2.evaluate(ParentRunner.java:293)
	at org.junit.runners.ParentRunner$3.evaluate(ParentRunner.java:306)
	at org.junit.runners.ParentRunner.run(ParentRunner.java:413)
	at org.apache.maven.surefire.junitcore.JUnitCore.run(JUnitCore.java:55)
	at org.apache.maven.surefire.junitcore.JUnitCoreWrapper.createRequestAndRun(JUnitCoreWrapper.java:137)
	at org.apache.maven.surefire.junitcore.JUnitCoreWrapper.executeEager(JUnitCoreWrapper.java:107)
	at org.apache.maven.surefire.junitcore.JUnitCoreWrapper.execute(JUnitCoreWrapper.java:83)
	at org.apache.maven.surefire.junitcore.JUnitCoreWrapper.execute(JUnitCoreWrapper.java:75)
	at org.apache.maven.surefire.junitcore.JUnitCoreProvider.invoke(JUnitCoreProvider.java:158)
	at org.apache.maven.surefire.booter.ForkedBooter.runSuitesInProcess(ForkedBooter.java:377)
	at org.apache.maven.surefire.booter.ForkedBooter.execute(ForkedBooter.java:138)
	at org.apache.maven.surefire.booter.ForkedBooter.run(ForkedBooter.java:465)
	at org.apache.maven.surefire.booter.ForkedBooter.main(ForkedBooter.java:451)
NestedThrowablesStackTrace:
java.sql.BatchUpdateException: DELETE on table 'DBS' caused a violation of foreign key constraint 'TBLS_FK1' for key (3).  The statement has been rolled back.
	at org.apache.derby.impl.jdbc.EmbedStatement.executeLargeBatch(Unknown Source)
	at org.apache.derby.impl.jdbc.EmbedStatement.executeBatch(Unknown Source)
	at com.zaxxer.hikari.pool.ProxyStatement.executeBatch(ProxyStatement.java:128)
	at com.zaxxer.hikari.pool.HikariProxyPreparedStatement.executeBatch(HikariProxyPreparedStatement.java)
	at org.datanucleus.store.rdbms.ParamLoggingPreparedStatement.executeBatch(ParamLoggingPreparedStatement.java:366)
	at org.datanucleus.store.rdbms.SQLController.processConnectionStatement(SQLController.java:675)
	at org.datanucleus.store.rdbms.SQLController.processStatementsForConnection(SQLController.java:643)
	at org.datanucleus.store.rdbms.SQLController$1.transactionFlushed(SQLController.java:729)
	at org.datanucleus.store.connection.AbstractManagedConnection.transactionFlushed(AbstractManagedConnection.java:95)
	at org.datanucleus.store.connection.ConnectionManagerImpl$2.transactionFlushed(ConnectionManagerImpl.java:528)
	at org.datanucleus.TransactionImpl.flush(TransactionImpl.java:222)
	at org.datanucleus.TransactionImpl.commit(TransactionImpl.java:286)
	at org.datanucleus.api.jdo.JDOTransaction.commit(JDOTransaction.java:99)
	at org.apache.hadoop.hive.metastore.ObjectStore.commitTransaction(ObjectStore.java:615)
	at sun.reflect.GeneratedMethodAccessor31.invoke(Unknown Source)
	at sun.reflect.DelegatingMethodAccessorImpl.invoke(DelegatingMethodAccessorImpl.java:43)
	at java.lang.reflect.Method.invoke(Method.java:498)
	at org.apache.hadoop.hive.metastore.RawStoreProxy.invoke(RawStoreProxy.java:97)
	at com.sun.proxy.$Proxy32.commitTransaction(Unknown Source)
	at org.apache.hadoop.hive.metastore.HMSHandler.drop_database_core(HMSHandler.java:1790)
	at org.apache.hadoop.hive.metastore.HMSHandler.drop_database(HMSHandler.java:1869)
	at sun.reflect.GeneratedMethodAccessor54.invoke(Unknown Source)
	at sun.reflect.DelegatingMethodAccessorImpl.invoke(DelegatingMethodAccessorImpl.java:43)
	at java.lang.reflect.Method.invoke(Method.java:498)
	at org.apache.hadoop.hive.metastore.RetryingHMSHandler.invokeInternal(RetryingHMSHandler.java:147)
	at org.apache.hadoop.hive.metastore.RetryingHMSHandler.invoke(RetryingHMSHandler.java:108)
	at com.sun.proxy.$Proxy35.drop_database(Unknown Source)
	at org.apache.hadoop.hive.metastore.HiveMetaStoreClient.dropDatabaseCascadePerDb(HiveMetaStoreClient.java:1601)
	at org.apache.hadoop.hive.metastore.HiveMetaStoreClient.dropDatabase(HiveMetaStoreClient.java:1532)
	at org.apache.hadoop.hive.metastore.HiveMetaStoreClient.dropDatabase(HiveMetaStoreClient.java:1485)
	at sun.reflect.NativeMethodAccessorImpl.invoke0(Native Method)
	at sun.reflect.NativeMethodAccessorImpl.invoke(NativeMethodAccessorImpl.java:62)
	at sun.reflect.DelegatingMethodAccessorImpl.invoke(DelegatingMethodAccessorImpl.java:43)
	at java.lang.reflect.Method.invoke(Method.java:498)
	at org.apache.hadoop.hive.metastore.RetryingMetaStoreClient.invoke(RetryingMetaStoreClient.java:218)
	at com.sun.proxy.$Proxy45.dropDatabase(Unknown Source)
	at org.apache.hadoop.hive.ql.metadata.Hive.dropDatabase(Hive.java:662)
	at org.apache.hadoop.hive.ql.ddl.database.drop.DropDatabaseOperation.execute(DropDatabaseOperation.java:52)
	at org.apache.hadoop.hive.ql.ddl.DDLTask.execute(DDLTask.java:84)
	at org.apache.hadoop.hive.ql.exec.Task.executeTask(Task.java:212)
	at org.apache.hadoop.hive.ql.exec.TaskRunner.runSequential(TaskRunner.java:105)
	at org.apache.hadoop.hive.ql.Executor.launchTask(Executor.java:361)
	at org.apache.hadoop.hive.ql.Executor.launchTasks(Executor.java:334)
	at org.apache.hadoop.hive.ql.Executor.runTasks(Executor.java:245)
	at org.apache.hadoop.hive.ql.Executor.execute(Executor.java:108)
	at org.apache.hadoop.hive.ql.Driver.execute(Driver.java:348)
	at org.apache.hadoop.hive.ql.Driver.runInternal(Driver.java:204)
	at org.apache.hadoop.hive.ql.Driver.run(Driver.java:153)
	at org.apache.hadoop.hive.ql.Driver.run(Driver.java:148)
	at org.apache.hadoop.hive.ql.reexec.ReExecDriver.run(ReExecDriver.java:164)
	at org.apache.hadoop.hive.ql.reexec.ReExecDriver.run(ReExecDriver.java:230)
	at org.apache.hive.hcatalog.pig.AbstractHCatLoaderTest.executeStatementOnDriver(AbstractHCatLoaderTest.java:151)
	at org.apache.hive.hcatalog.pig.AbstractHCatLoaderTest.tearDown(AbstractHCatLoaderTest.java:239)
	at sun.reflect.NativeMethodAccessorImpl.invoke0(Native Method)
	at sun.reflect.NativeMethodAccessorImpl.invoke(NativeMethodAccessorImpl.java:62)
	at sun.reflect.DelegatingMethodAccessorImpl.invoke(DelegatingMethodAccessorImpl.java:43)
	at java.lang.reflect.Method.invoke(Method.java:498)
	at org.junit.runners.model.FrameworkMethod$1.runReflectiveCall(FrameworkMethod.java:59)
	at org.junit.internal.runners.model.ReflectiveCallable.run(ReflectiveCallable.java:12)
	at org.junit.runners.model.FrameworkMethod.invokeExplosively(FrameworkMethod.java:56)
	at org.junit.internal.runners.statements.RunAfters.invokeMethod(RunAfters.java:46)
	at org.junit.internal.runners.statements.RunAfters.evaluate(RunAfters.java:33)
	at org.junit.runners.ParentRunner$3.evaluate(ParentRunner.java:306)
	at org.junit.runners.BlockJUnit4ClassRunner$1.evaluate(BlockJUnit4ClassRunner.java:100)
	at org.junit.runners.ParentRunner.runLeaf(ParentRunner.java:366)
	at org.junit.runners.BlockJUnit4ClassRunner.runChild(BlockJUnit4ClassRunner.java:103)
	at org.junit.runners.BlockJUnit4ClassRunner.runChild(BlockJUnit4ClassRunner.java:63)
	at org.junit.runners.ParentRunner$4.run(ParentRunner.java:331)
	at org.junit.runners.ParentRunner$1.schedule(ParentRunner.java:79)
	at org.junit.runners.ParentRunner.runChildren(ParentRunner.java:329)
	at org.junit.runners.ParentRunner.access$100(ParentRunner.java:66)
	at org.junit.runners.ParentRunner$2.evaluate(ParentRunner.java:293)
	at org.junit.internal.runners.statements.RunBefores.evaluate(RunBefores.java:26)
	at org.junit.runners.ParentRunner$3.evaluate(ParentRunner.java:306)
	at org.junit.runners.ParentRunner.run(ParentRunner.java:413)
	at org.junit.runners.Suite.runChild(Suite.java:128)
	at org.junit.runners.Suite.runChild(Suite.java:27)
	at org.junit.runners.ParentRunner$4.run(ParentRunner.java:331)
	at org.junit.runners.ParentRunner$1.schedule(ParentRunner.java:79)
	at org.junit.runners.ParentRunner.runChildren(ParentRunner.java:329)
	at org.junit.runners.ParentRunner.access$100(ParentRunner.java:66)
	at org.junit.runners.ParentRunner$2.evaluate(ParentRunner.java:293)
	at org.junit.runners.ParentRunner$3.evaluate(ParentRunner.java:306)
	at org.junit.runners.ParentRunner.run(ParentRunner.java:413)
	at org.apache.maven.surefire.junitcore.JUnitCore.run(JUnitCore.java:55)
	at org.apache.maven.surefire.junitcore.JUnitCoreWrapper.createRequestAndRun(JUnitCoreWrapper.java:137)
	at org.apache.maven.surefire.junitcore.JUnitCoreWrapper.executeEager(JUnitCoreWrapper.java:107)
	at org.apache.maven.surefire.junitcore.JUnitCoreWrapper.execute(JUnitCoreWrapper.java:83)
	at org.apache.maven.surefire.junitcore.JUnitCoreWrapper.execute(JUnitCoreWrapper.java:75)
	at org.apache.maven.surefire.junitcore.JUnitCoreProvider.invoke(JUnitCoreProvider.java:158)
	at org.apache.maven.surefire.booter.ForkedBooter.runSuitesInProcess(ForkedBooter.java:377)
	at org.apache.maven.surefire.booter.ForkedBooter.execute(ForkedBooter.java:138)
	at org.apache.maven.surefire.booter.ForkedBooter.run(ForkedBooter.java:465)
	at org.apache.maven.surefire.booter.ForkedBooter.main(ForkedBooter.java:451)
Caused by: org.apache.derby.shared.common.error.DerbySQLIntegrityConstraintViolationException: DELETE on table 'DBS' caused a violation of foreign key constraint 'TBLS_FK1' for key (3).  The statement has been rolled back.
	at org.apache.derby.impl.jdbc.SQLExceptionFactory.getSQLException(Unknown Source)
	at org.apache.derby.impl.jdbc.Util.generateCsSQLException(Unknown Source)
	at org.apache.derby.impl.jdbc.TransactionResourceImpl.wrapInSQLException(Unknown Source)
	at org.apache.derby.impl.jdbc.TransactionResourceImpl.handleException(Unknown Source)
	at org.apache.derby.impl.jdbc.EmbedConnection.handleException(Unknown Source)
	at org.apache.derby.impl.jdbc.ConnectionChild.handleException(Unknown Source)
	at org.apache.derby.impl.jdbc.EmbedStatement.executeStatement(Unknown Source)
	at org.apache.derby.impl.jdbc.EmbedPreparedStatement.executeBatchElement(Unknown Source)
	... 94 more
Caused by: ERROR 23503: DELETE on table 'DBS' caused a violation of foreign key constraint 'TBLS_FK1' for key (3).  The statement has been rolled back.
	at org.apache.derby.iapi.error.StandardException.newException(Unknown Source)
	at org.apache.derby.iapi.error.StandardException.newException(Unknown Source)
	at org.apache.derby.impl.sql.execute.ReferencedKeyRIChecker.doCheck(Unknown Source)
	at org.apache.derby.impl.sql.execute.RISetChecker.doPKCheck(Unknown Source)
	at org.apache.derby.impl.sql.execute.DeleteResultSet.collectAffectedRows(Unknown Source)
	at org.apache.derby.impl.sql.execute.DeleteResultSet.open(Unknown Source)
	at org.apache.derby.impl.sql.GenericPreparedStatement.executeStmt(Unknown Source)
	at org.apache.derby.impl.sql.GenericPreparedStatement.execute(Unknown Source)
	... 96 more

2024-04-24T11:28:03,685  INFO [main] HiveMetaStore.audit: ugi=alex	ip=unknown-ip-addr	cmd=drop_database: @hive#junit_specific_db	
2024-04-24T11:28:03,689  INFO [main] HiveMetaStore.audit: ugi=alex	ip=unknown-ip-addr	cmd=get_all_tables: db=@hive#junit_specific_db	
2024-04-24T11:28:03,691  INFO [main] HiveMetaStore.audit: ugi=alex	ip=unknown-ip-addr	cmd=get_functions: db=@hive#junit_specific_db pat=*	
2024-04-24T11:28:03,693  INFO [main] HiveMetaStore.audit: ugi=alex	ip=unknown-ip-addr	cmd=get_all_stored_procedures	
2024-04-24T11:28:03,695  INFO [main] HiveMetaStore.audit: ugi=alex	ip=unknown-ip-addr	cmd=get_all_packages	
2024-04-24T11:28:03,696  INFO [main] HiveMetaStore.audit: ugi=alex	ip=unknown-ip-addr	cmd=getTablesByTypeCore: catName=hive: db=junit_specific_db pat=.*,type=MATERIALIZED_VIEW	
2024-04-24T11:28:03,701  INFO [main] metastore.ObjectStore: Dropping database hive.junit_specific_db along with all tables
2024-04-24T11:28:03,709  INFO [main] txn.TxnHandler: Non-retryable error in cleanupRecords : Table/View 'TXN_COMPONENTS' does not exist. (SQLState=42X05, ErrorCode=20000)
2024-04-24T11:28:03,710  WARN [main] txn.TxnHandler: Cannot perform cleanup since metastore table does not exist
2024-04-24T11:28:03,711 ERROR [main] metastore.RetryingHMSHandler: Retrying HMSHandler after 2000 ms (attempt 5 of 10) with error: javax.jdo.JDODataStoreException: Exception thrown flushing changes to datastore
	at org.datanucleus.api.jdo.NucleusJDOHelper.getJDOExceptionForNucleusException(NucleusJDOHelper.java:542)
	at org.datanucleus.api.jdo.JDOTransaction.commit(JDOTransaction.java:162)
	at org.apache.hadoop.hive.metastore.ObjectStore.commitTransaction(ObjectStore.java:615)
	at sun.reflect.GeneratedMethodAccessor31.invoke(Unknown Source)
	at sun.reflect.DelegatingMethodAccessorImpl.invoke(DelegatingMethodAccessorImpl.java:43)
	at java.lang.reflect.Method.invoke(Method.java:498)
	at org.apache.hadoop.hive.metastore.RawStoreProxy.invoke(RawStoreProxy.java:97)
	at com.sun.proxy.$Proxy32.commitTransaction(Unknown Source)
	at org.apache.hadoop.hive.metastore.HMSHandler.drop_database_core(HMSHandler.java:1790)
	at org.apache.hadoop.hive.metastore.HMSHandler.drop_database(HMSHandler.java:1869)
	at sun.reflect.GeneratedMethodAccessor54.invoke(Unknown Source)
	at sun.reflect.DelegatingMethodAccessorImpl.invoke(DelegatingMethodAccessorImpl.java:43)
	at java.lang.reflect.Method.invoke(Method.java:498)
	at org.apache.hadoop.hive.metastore.RetryingHMSHandler.invokeInternal(RetryingHMSHandler.java:147)
	at org.apache.hadoop.hive.metastore.RetryingHMSHandler.invoke(RetryingHMSHandler.java:108)
	at com.sun.proxy.$Proxy35.drop_database(Unknown Source)
	at org.apache.hadoop.hive.metastore.HiveMetaStoreClient.dropDatabaseCascadePerDb(HiveMetaStoreClient.java:1601)
	at org.apache.hadoop.hive.metastore.HiveMetaStoreClient.dropDatabase(HiveMetaStoreClient.java:1532)
	at org.apache.hadoop.hive.metastore.HiveMetaStoreClient.dropDatabase(HiveMetaStoreClient.java:1485)
	at sun.reflect.NativeMethodAccessorImpl.invoke0(Native Method)
	at sun.reflect.NativeMethodAccessorImpl.invoke(NativeMethodAccessorImpl.java:62)
	at sun.reflect.DelegatingMethodAccessorImpl.invoke(DelegatingMethodAccessorImpl.java:43)
	at java.lang.reflect.Method.invoke(Method.java:498)
	at org.apache.hadoop.hive.metastore.RetryingMetaStoreClient.invoke(RetryingMetaStoreClient.java:218)
	at com.sun.proxy.$Proxy45.dropDatabase(Unknown Source)
	at org.apache.hadoop.hive.ql.metadata.Hive.dropDatabase(Hive.java:662)
	at org.apache.hadoop.hive.ql.ddl.database.drop.DropDatabaseOperation.execute(DropDatabaseOperation.java:52)
	at org.apache.hadoop.hive.ql.ddl.DDLTask.execute(DDLTask.java:84)
	at org.apache.hadoop.hive.ql.exec.Task.executeTask(Task.java:212)
	at org.apache.hadoop.hive.ql.exec.TaskRunner.runSequential(TaskRunner.java:105)
	at org.apache.hadoop.hive.ql.Executor.launchTask(Executor.java:361)
	at org.apache.hadoop.hive.ql.Executor.launchTasks(Executor.java:334)
	at org.apache.hadoop.hive.ql.Executor.runTasks(Executor.java:245)
	at org.apache.hadoop.hive.ql.Executor.execute(Executor.java:108)
	at org.apache.hadoop.hive.ql.Driver.execute(Driver.java:348)
	at org.apache.hadoop.hive.ql.Driver.runInternal(Driver.java:204)
	at org.apache.hadoop.hive.ql.Driver.run(Driver.java:153)
	at org.apache.hadoop.hive.ql.Driver.run(Driver.java:148)
	at org.apache.hadoop.hive.ql.reexec.ReExecDriver.run(ReExecDriver.java:164)
	at org.apache.hadoop.hive.ql.reexec.ReExecDriver.run(ReExecDriver.java:230)
	at org.apache.hive.hcatalog.pig.AbstractHCatLoaderTest.executeStatementOnDriver(AbstractHCatLoaderTest.java:151)
	at org.apache.hive.hcatalog.pig.AbstractHCatLoaderTest.tearDown(AbstractHCatLoaderTest.java:239)
	at sun.reflect.NativeMethodAccessorImpl.invoke0(Native Method)
	at sun.reflect.NativeMethodAccessorImpl.invoke(NativeMethodAccessorImpl.java:62)
	at sun.reflect.DelegatingMethodAccessorImpl.invoke(DelegatingMethodAccessorImpl.java:43)
	at java.lang.reflect.Method.invoke(Method.java:498)
	at org.junit.runners.model.FrameworkMethod$1.runReflectiveCall(FrameworkMethod.java:59)
	at org.junit.internal.runners.model.ReflectiveCallable.run(ReflectiveCallable.java:12)
	at org.junit.runners.model.FrameworkMethod.invokeExplosively(FrameworkMethod.java:56)
	at org.junit.internal.runners.statements.RunAfters.invokeMethod(RunAfters.java:46)
	at org.junit.internal.runners.statements.RunAfters.evaluate(RunAfters.java:33)
	at org.junit.runners.ParentRunner$3.evaluate(ParentRunner.java:306)
	at org.junit.runners.BlockJUnit4ClassRunner$1.evaluate(BlockJUnit4ClassRunner.java:100)
	at org.junit.runners.ParentRunner.runLeaf(ParentRunner.java:366)
	at org.junit.runners.BlockJUnit4ClassRunner.runChild(BlockJUnit4ClassRunner.java:103)
	at org.junit.runners.BlockJUnit4ClassRunner.runChild(BlockJUnit4ClassRunner.java:63)
	at org.junit.runners.ParentRunner$4.run(ParentRunner.java:331)
	at org.junit.runners.ParentRunner$1.schedule(ParentRunner.java:79)
	at org.junit.runners.ParentRunner.runChildren(ParentRunner.java:329)
	at org.junit.runners.ParentRunner.access$100(ParentRunner.java:66)
	at org.junit.runners.ParentRunner$2.evaluate(ParentRunner.java:293)
	at org.junit.internal.runners.statements.RunBefores.evaluate(RunBefores.java:26)
	at org.junit.runners.ParentRunner$3.evaluate(ParentRunner.java:306)
	at org.junit.runners.ParentRunner.run(ParentRunner.java:413)
	at org.junit.runners.Suite.runChild(Suite.java:128)
	at org.junit.runners.Suite.runChild(Suite.java:27)
	at org.junit.runners.ParentRunner$4.run(ParentRunner.java:331)
	at org.junit.runners.ParentRunner$1.schedule(ParentRunner.java:79)
	at org.junit.runners.ParentRunner.runChildren(ParentRunner.java:329)
	at org.junit.runners.ParentRunner.access$100(ParentRunner.java:66)
	at org.junit.runners.ParentRunner$2.evaluate(ParentRunner.java:293)
	at org.junit.runners.ParentRunner$3.evaluate(ParentRunner.java:306)
	at org.junit.runners.ParentRunner.run(ParentRunner.java:413)
	at org.apache.maven.surefire.junitcore.JUnitCore.run(JUnitCore.java:55)
	at org.apache.maven.surefire.junitcore.JUnitCoreWrapper.createRequestAndRun(JUnitCoreWrapper.java:137)
	at org.apache.maven.surefire.junitcore.JUnitCoreWrapper.executeEager(JUnitCoreWrapper.java:107)
	at org.apache.maven.surefire.junitcore.JUnitCoreWrapper.execute(JUnitCoreWrapper.java:83)
	at org.apache.maven.surefire.junitcore.JUnitCoreWrapper.execute(JUnitCoreWrapper.java:75)
	at org.apache.maven.surefire.junitcore.JUnitCoreProvider.invoke(JUnitCoreProvider.java:158)
	at org.apache.maven.surefire.booter.ForkedBooter.runSuitesInProcess(ForkedBooter.java:377)
	at org.apache.maven.surefire.booter.ForkedBooter.execute(ForkedBooter.java:138)
	at org.apache.maven.surefire.booter.ForkedBooter.run(ForkedBooter.java:465)
	at org.apache.maven.surefire.booter.ForkedBooter.main(ForkedBooter.java:451)
NestedThrowablesStackTrace:
java.sql.BatchUpdateException: DELETE on table 'DBS' caused a violation of foreign key constraint 'TBLS_FK1' for key (3).  The statement has been rolled back.
	at org.apache.derby.impl.jdbc.EmbedStatement.executeLargeBatch(Unknown Source)
	at org.apache.derby.impl.jdbc.EmbedStatement.executeBatch(Unknown Source)
	at com.zaxxer.hikari.pool.ProxyStatement.executeBatch(ProxyStatement.java:128)
	at com.zaxxer.hikari.pool.HikariProxyPreparedStatement.executeBatch(HikariProxyPreparedStatement.java)
	at org.datanucleus.store.rdbms.ParamLoggingPreparedStatement.executeBatch(ParamLoggingPreparedStatement.java:366)
	at org.datanucleus.store.rdbms.SQLController.processConnectionStatement(SQLController.java:675)
	at org.datanucleus.store.rdbms.SQLController.processStatementsForConnection(SQLController.java:643)
	at org.datanucleus.store.rdbms.SQLController$1.transactionFlushed(SQLController.java:729)
	at org.datanucleus.store.connection.AbstractManagedConnection.transactionFlushed(AbstractManagedConnection.java:95)
	at org.datanucleus.store.connection.ConnectionManagerImpl$2.transactionFlushed(ConnectionManagerImpl.java:528)
	at org.datanucleus.TransactionImpl.flush(TransactionImpl.java:222)
	at org.datanucleus.TransactionImpl.commit(TransactionImpl.java:286)
	at org.datanucleus.api.jdo.JDOTransaction.commit(JDOTransaction.java:99)
	at org.apache.hadoop.hive.metastore.ObjectStore.commitTransaction(ObjectStore.java:615)
	at sun.reflect.GeneratedMethodAccessor31.invoke(Unknown Source)
	at sun.reflect.DelegatingMethodAccessorImpl.invoke(DelegatingMethodAccessorImpl.java:43)
	at java.lang.reflect.Method.invoke(Method.java:498)
	at org.apache.hadoop.hive.metastore.RawStoreProxy.invoke(RawStoreProxy.java:97)
	at com.sun.proxy.$Proxy32.commitTransaction(Unknown Source)
	at org.apache.hadoop.hive.metastore.HMSHandler.drop_database_core(HMSHandler.java:1790)
	at org.apache.hadoop.hive.metastore.HMSHandler.drop_database(HMSHandler.java:1869)
	at sun.reflect.GeneratedMethodAccessor54.invoke(Unknown Source)
	at sun.reflect.DelegatingMethodAccessorImpl.invoke(DelegatingMethodAccessorImpl.java:43)
	at java.lang.reflect.Method.invoke(Method.java:498)
	at org.apache.hadoop.hive.metastore.RetryingHMSHandler.invokeInternal(RetryingHMSHandler.java:147)
	at org.apache.hadoop.hive.metastore.RetryingHMSHandler.invoke(RetryingHMSHandler.java:108)
	at com.sun.proxy.$Proxy35.drop_database(Unknown Source)
	at org.apache.hadoop.hive.metastore.HiveMetaStoreClient.dropDatabaseCascadePerDb(HiveMetaStoreClient.java:1601)
	at org.apache.hadoop.hive.metastore.HiveMetaStoreClient.dropDatabase(HiveMetaStoreClient.java:1532)
	at org.apache.hadoop.hive.metastore.HiveMetaStoreClient.dropDatabase(HiveMetaStoreClient.java:1485)
	at sun.reflect.NativeMethodAccessorImpl.invoke0(Native Method)
	at sun.reflect.NativeMethodAccessorImpl.invoke(NativeMethodAccessorImpl.java:62)
	at sun.reflect.DelegatingMethodAccessorImpl.invoke(DelegatingMethodAccessorImpl.java:43)
	at java.lang.reflect.Method.invoke(Method.java:498)
	at org.apache.hadoop.hive.metastore.RetryingMetaStoreClient.invoke(RetryingMetaStoreClient.java:218)
	at com.sun.proxy.$Proxy45.dropDatabase(Unknown Source)
	at org.apache.hadoop.hive.ql.metadata.Hive.dropDatabase(Hive.java:662)
	at org.apache.hadoop.hive.ql.ddl.database.drop.DropDatabaseOperation.execute(DropDatabaseOperation.java:52)
	at org.apache.hadoop.hive.ql.ddl.DDLTask.execute(DDLTask.java:84)
	at org.apache.hadoop.hive.ql.exec.Task.executeTask(Task.java:212)
	at org.apache.hadoop.hive.ql.exec.TaskRunner.runSequential(TaskRunner.java:105)
	at org.apache.hadoop.hive.ql.Executor.launchTask(Executor.java:361)
	at org.apache.hadoop.hive.ql.Executor.launchTasks(Executor.java:334)
	at org.apache.hadoop.hive.ql.Executor.runTasks(Executor.java:245)
	at org.apache.hadoop.hive.ql.Executor.execute(Executor.java:108)
	at org.apache.hadoop.hive.ql.Driver.execute(Driver.java:348)
	at org.apache.hadoop.hive.ql.Driver.runInternal(Driver.java:204)
	at org.apache.hadoop.hive.ql.Driver.run(Driver.java:153)
	at org.apache.hadoop.hive.ql.Driver.run(Driver.java:148)
	at org.apache.hadoop.hive.ql.reexec.ReExecDriver.run(ReExecDriver.java:164)
	at org.apache.hadoop.hive.ql.reexec.ReExecDriver.run(ReExecDriver.java:230)
	at org.apache.hive.hcatalog.pig.AbstractHCatLoaderTest.executeStatementOnDriver(AbstractHCatLoaderTest.java:151)
	at org.apache.hive.hcatalog.pig.AbstractHCatLoaderTest.tearDown(AbstractHCatLoaderTest.java:239)
	at sun.reflect.NativeMethodAccessorImpl.invoke0(Native Method)
	at sun.reflect.NativeMethodAccessorImpl.invoke(NativeMethodAccessorImpl.java:62)
	at sun.reflect.DelegatingMethodAccessorImpl.invoke(DelegatingMethodAccessorImpl.java:43)
	at java.lang.reflect.Method.invoke(Method.java:498)
	at org.junit.runners.model.FrameworkMethod$1.runReflectiveCall(FrameworkMethod.java:59)
	at org.junit.internal.runners.model.ReflectiveCallable.run(ReflectiveCallable.java:12)
	at org.junit.runners.model.FrameworkMethod.invokeExplosively(FrameworkMethod.java:56)
	at org.junit.internal.runners.statements.RunAfters.invokeMethod(RunAfters.java:46)
	at org.junit.internal.runners.statements.RunAfters.evaluate(RunAfters.java:33)
	at org.junit.runners.ParentRunner$3.evaluate(ParentRunner.java:306)
	at org.junit.runners.BlockJUnit4ClassRunner$1.evaluate(BlockJUnit4ClassRunner.java:100)
	at org.junit.runners.ParentRunner.runLeaf(ParentRunner.java:366)
	at org.junit.runners.BlockJUnit4ClassRunner.runChild(BlockJUnit4ClassRunner.java:103)
	at org.junit.runners.BlockJUnit4ClassRunner.runChild(BlockJUnit4ClassRunner.java:63)
	at org.junit.runners.ParentRunner$4.run(ParentRunner.java:331)
	at org.junit.runners.ParentRunner$1.schedule(ParentRunner.java:79)
	at org.junit.runners.ParentRunner.runChildren(ParentRunner.java:329)
	at org.junit.runners.ParentRunner.access$100(ParentRunner.java:66)
	at org.junit.runners.ParentRunner$2.evaluate(ParentRunner.java:293)
	at org.junit.internal.runners.statements.RunBefores.evaluate(RunBefores.java:26)
	at org.junit.runners.ParentRunner$3.evaluate(ParentRunner.java:306)
	at org.junit.runners.ParentRunner.run(ParentRunner.java:413)
	at org.junit.runners.Suite.runChild(Suite.java:128)
	at org.junit.runners.Suite.runChild(Suite.java:27)
	at org.junit.runners.ParentRunner$4.run(ParentRunner.java:331)
	at org.junit.runners.ParentRunner$1.schedule(ParentRunner.java:79)
	at org.junit.runners.ParentRunner.runChildren(ParentRunner.java:329)
	at org.junit.runners.ParentRunner.access$100(ParentRunner.java:66)
	at org.junit.runners.ParentRunner$2.evaluate(ParentRunner.java:293)
	at org.junit.runners.ParentRunner$3.evaluate(ParentRunner.java:306)
	at org.junit.runners.ParentRunner.run(ParentRunner.java:413)
	at org.apache.maven.surefire.junitcore.JUnitCore.run(JUnitCore.java:55)
	at org.apache.maven.surefire.junitcore.JUnitCoreWrapper.createRequestAndRun(JUnitCoreWrapper.java:137)
	at org.apache.maven.surefire.junitcore.JUnitCoreWrapper.executeEager(JUnitCoreWrapper.java:107)
	at org.apache.maven.surefire.junitcore.JUnitCoreWrapper.execute(JUnitCoreWrapper.java:83)
	at org.apache.maven.surefire.junitcore.JUnitCoreWrapper.execute(JUnitCoreWrapper.java:75)
	at org.apache.maven.surefire.junitcore.JUnitCoreProvider.invoke(JUnitCoreProvider.java:158)
	at org.apache.maven.surefire.booter.ForkedBooter.runSuitesInProcess(ForkedBooter.java:377)
	at org.apache.maven.surefire.booter.ForkedBooter.execute(ForkedBooter.java:138)
	at org.apache.maven.surefire.booter.ForkedBooter.run(ForkedBooter.java:465)
	at org.apache.maven.surefire.booter.ForkedBooter.main(ForkedBooter.java:451)
Caused by: org.apache.derby.shared.common.error.DerbySQLIntegrityConstraintViolationException: DELETE on table 'DBS' caused a violation of foreign key constraint 'TBLS_FK1' for key (3).  The statement has been rolled back.
	at org.apache.derby.impl.jdbc.SQLExceptionFactory.getSQLException(Unknown Source)
	at org.apache.derby.impl.jdbc.Util.generateCsSQLException(Unknown Source)
	at org.apache.derby.impl.jdbc.TransactionResourceImpl.wrapInSQLException(Unknown Source)
	at org.apache.derby.impl.jdbc.TransactionResourceImpl.handleException(Unknown Source)
	at org.apache.derby.impl.jdbc.EmbedConnection.handleException(Unknown Source)
	at org.apache.derby.impl.jdbc.ConnectionChild.handleException(Unknown Source)
	at org.apache.derby.impl.jdbc.EmbedStatement.executeStatement(Unknown Source)
	at org.apache.derby.impl.jdbc.EmbedPreparedStatement.executeBatchElement(Unknown Source)
	... 94 more
Caused by: ERROR 23503: DELETE on table 'DBS' caused a violation of foreign key constraint 'TBLS_FK1' for key (3).  The statement has been rolled back.
	at org.apache.derby.iapi.error.StandardException.newException(Unknown Source)
	at org.apache.derby.iapi.error.StandardException.newException(Unknown Source)
	at org.apache.derby.impl.sql.execute.ReferencedKeyRIChecker.doCheck(Unknown Source)
	at org.apache.derby.impl.sql.execute.RISetChecker.doPKCheck(Unknown Source)
	at org.apache.derby.impl.sql.execute.DeleteResultSet.collectAffectedRows(Unknown Source)
	at org.apache.derby.impl.sql.execute.DeleteResultSet.open(Unknown Source)
	at org.apache.derby.impl.sql.GenericPreparedStatement.executeStmt(Unknown Source)
	at org.apache.derby.impl.sql.GenericPreparedStatement.execute(Unknown Source)
	... 96 more

2024-04-24T11:28:05,712  INFO [main] HiveMetaStore.audit: ugi=alex	ip=unknown-ip-addr	cmd=drop_database: @hive#junit_specific_db	
2024-04-24T11:28:05,716  INFO [main] HiveMetaStore.audit: ugi=alex	ip=unknown-ip-addr	cmd=get_all_tables: db=@hive#junit_specific_db	
2024-04-24T11:28:05,717  INFO [main] HiveMetaStore.audit: ugi=alex	ip=unknown-ip-addr	cmd=get_functions: db=@hive#junit_specific_db pat=*	
2024-04-24T11:28:05,719  INFO [main] HiveMetaStore.audit: ugi=alex	ip=unknown-ip-addr	cmd=get_all_stored_procedures	
2024-04-24T11:28:05,720  INFO [main] HiveMetaStore.audit: ugi=alex	ip=unknown-ip-addr	cmd=get_all_packages	
2024-04-24T11:28:05,721  INFO [main] HiveMetaStore.audit: ugi=alex	ip=unknown-ip-addr	cmd=getTablesByTypeCore: catName=hive: db=junit_specific_db pat=.*,type=MATERIALIZED_VIEW	
2024-04-24T11:28:05,726  INFO [main] metastore.ObjectStore: Dropping database hive.junit_specific_db along with all tables
2024-04-24T11:28:05,733  INFO [main] txn.TxnHandler: Non-retryable error in cleanupRecords : Table/View 'TXN_COMPONENTS' does not exist. (SQLState=42X05, ErrorCode=20000)
2024-04-24T11:28:05,733  WARN [main] txn.TxnHandler: Cannot perform cleanup since metastore table does not exist
2024-04-24T11:28:05,734 ERROR [main] metastore.RetryingHMSHandler: Retrying HMSHandler after 2000 ms (attempt 6 of 10) with error: javax.jdo.JDODataStoreException: Exception thrown flushing changes to datastore
	at org.datanucleus.api.jdo.NucleusJDOHelper.getJDOExceptionForNucleusException(NucleusJDOHelper.java:542)
	at org.datanucleus.api.jdo.JDOTransaction.commit(JDOTransaction.java:162)
	at org.apache.hadoop.hive.metastore.ObjectStore.commitTransaction(ObjectStore.java:615)
	at sun.reflect.GeneratedMethodAccessor31.invoke(Unknown Source)
	at sun.reflect.DelegatingMethodAccessorImpl.invoke(DelegatingMethodAccessorImpl.java:43)
	at java.lang.reflect.Method.invoke(Method.java:498)
	at org.apache.hadoop.hive.metastore.RawStoreProxy.invoke(RawStoreProxy.java:97)
	at com.sun.proxy.$Proxy32.commitTransaction(Unknown Source)
	at org.apache.hadoop.hive.metastore.HMSHandler.drop_database_core(HMSHandler.java:1790)
	at org.apache.hadoop.hive.metastore.HMSHandler.drop_database(HMSHandler.java:1869)
	at sun.reflect.GeneratedMethodAccessor54.invoke(Unknown Source)
	at sun.reflect.DelegatingMethodAccessorImpl.invoke(DelegatingMethodAccessorImpl.java:43)
	at java.lang.reflect.Method.invoke(Method.java:498)
	at org.apache.hadoop.hive.metastore.RetryingHMSHandler.invokeInternal(RetryingHMSHandler.java:147)
	at org.apache.hadoop.hive.metastore.RetryingHMSHandler.invoke(RetryingHMSHandler.java:108)
	at com.sun.proxy.$Proxy35.drop_database(Unknown Source)
	at org.apache.hadoop.hive.metastore.HiveMetaStoreClient.dropDatabaseCascadePerDb(HiveMetaStoreClient.java:1601)
	at org.apache.hadoop.hive.metastore.HiveMetaStoreClient.dropDatabase(HiveMetaStoreClient.java:1532)
	at org.apache.hadoop.hive.metastore.HiveMetaStoreClient.dropDatabase(HiveMetaStoreClient.java:1485)
	at sun.reflect.NativeMethodAccessorImpl.invoke0(Native Method)
	at sun.reflect.NativeMethodAccessorImpl.invoke(NativeMethodAccessorImpl.java:62)
	at sun.reflect.DelegatingMethodAccessorImpl.invoke(DelegatingMethodAccessorImpl.java:43)
	at java.lang.reflect.Method.invoke(Method.java:498)
	at org.apache.hadoop.hive.metastore.RetryingMetaStoreClient.invoke(RetryingMetaStoreClient.java:218)
	at com.sun.proxy.$Proxy45.dropDatabase(Unknown Source)
	at org.apache.hadoop.hive.ql.metadata.Hive.dropDatabase(Hive.java:662)
	at org.apache.hadoop.hive.ql.ddl.database.drop.DropDatabaseOperation.execute(DropDatabaseOperation.java:52)
	at org.apache.hadoop.hive.ql.ddl.DDLTask.execute(DDLTask.java:84)
	at org.apache.hadoop.hive.ql.exec.Task.executeTask(Task.java:212)
	at org.apache.hadoop.hive.ql.exec.TaskRunner.runSequential(TaskRunner.java:105)
	at org.apache.hadoop.hive.ql.Executor.launchTask(Executor.java:361)
	at org.apache.hadoop.hive.ql.Executor.launchTasks(Executor.java:334)
	at org.apache.hadoop.hive.ql.Executor.runTasks(Executor.java:245)
	at org.apache.hadoop.hive.ql.Executor.execute(Executor.java:108)
	at org.apache.hadoop.hive.ql.Driver.execute(Driver.java:348)
	at org.apache.hadoop.hive.ql.Driver.runInternal(Driver.java:204)
	at org.apache.hadoop.hive.ql.Driver.run(Driver.java:153)
	at org.apache.hadoop.hive.ql.Driver.run(Driver.java:148)
	at org.apache.hadoop.hive.ql.reexec.ReExecDriver.run(ReExecDriver.java:164)
	at org.apache.hadoop.hive.ql.reexec.ReExecDriver.run(ReExecDriver.java:230)
	at org.apache.hive.hcatalog.pig.AbstractHCatLoaderTest.executeStatementOnDriver(AbstractHCatLoaderTest.java:151)
	at org.apache.hive.hcatalog.pig.AbstractHCatLoaderTest.tearDown(AbstractHCatLoaderTest.java:239)
	at sun.reflect.NativeMethodAccessorImpl.invoke0(Native Method)
	at sun.reflect.NativeMethodAccessorImpl.invoke(NativeMethodAccessorImpl.java:62)
	at sun.reflect.DelegatingMethodAccessorImpl.invoke(DelegatingMethodAccessorImpl.java:43)
	at java.lang.reflect.Method.invoke(Method.java:498)
	at org.junit.runners.model.FrameworkMethod$1.runReflectiveCall(FrameworkMethod.java:59)
	at org.junit.internal.runners.model.ReflectiveCallable.run(ReflectiveCallable.java:12)
	at org.junit.runners.model.FrameworkMethod.invokeExplosively(FrameworkMethod.java:56)
	at org.junit.internal.runners.statements.RunAfters.invokeMethod(RunAfters.java:46)
	at org.junit.internal.runners.statements.RunAfters.evaluate(RunAfters.java:33)
	at org.junit.runners.ParentRunner$3.evaluate(ParentRunner.java:306)
	at org.junit.runners.BlockJUnit4ClassRunner$1.evaluate(BlockJUnit4ClassRunner.java:100)
	at org.junit.runners.ParentRunner.runLeaf(ParentRunner.java:366)
	at org.junit.runners.BlockJUnit4ClassRunner.runChild(BlockJUnit4ClassRunner.java:103)
	at org.junit.runners.BlockJUnit4ClassRunner.runChild(BlockJUnit4ClassRunner.java:63)
	at org.junit.runners.ParentRunner$4.run(ParentRunner.java:331)
	at org.junit.runners.ParentRunner$1.schedule(ParentRunner.java:79)
	at org.junit.runners.ParentRunner.runChildren(ParentRunner.java:329)
	at org.junit.runners.ParentRunner.access$100(ParentRunner.java:66)
	at org.junit.runners.ParentRunner$2.evaluate(ParentRunner.java:293)
	at org.junit.internal.runners.statements.RunBefores.evaluate(RunBefores.java:26)
	at org.junit.runners.ParentRunner$3.evaluate(ParentRunner.java:306)
	at org.junit.runners.ParentRunner.run(ParentRunner.java:413)
	at org.junit.runners.Suite.runChild(Suite.java:128)
	at org.junit.runners.Suite.runChild(Suite.java:27)
	at org.junit.runners.ParentRunner$4.run(ParentRunner.java:331)
	at org.junit.runners.ParentRunner$1.schedule(ParentRunner.java:79)
	at org.junit.runners.ParentRunner.runChildren(ParentRunner.java:329)
	at org.junit.runners.ParentRunner.access$100(ParentRunner.java:66)
	at org.junit.runners.ParentRunner$2.evaluate(ParentRunner.java:293)
	at org.junit.runners.ParentRunner$3.evaluate(ParentRunner.java:306)
	at org.junit.runners.ParentRunner.run(ParentRunner.java:413)
	at org.apache.maven.surefire.junitcore.JUnitCore.run(JUnitCore.java:55)
	at org.apache.maven.surefire.junitcore.JUnitCoreWrapper.createRequestAndRun(JUnitCoreWrapper.java:137)
	at org.apache.maven.surefire.junitcore.JUnitCoreWrapper.executeEager(JUnitCoreWrapper.java:107)
	at org.apache.maven.surefire.junitcore.JUnitCoreWrapper.execute(JUnitCoreWrapper.java:83)
	at org.apache.maven.surefire.junitcore.JUnitCoreWrapper.execute(JUnitCoreWrapper.java:75)
	at org.apache.maven.surefire.junitcore.JUnitCoreProvider.invoke(JUnitCoreProvider.java:158)
	at org.apache.maven.surefire.booter.ForkedBooter.runSuitesInProcess(ForkedBooter.java:377)
	at org.apache.maven.surefire.booter.ForkedBooter.execute(ForkedBooter.java:138)
	at org.apache.maven.surefire.booter.ForkedBooter.run(ForkedBooter.java:465)
	at org.apache.maven.surefire.booter.ForkedBooter.main(ForkedBooter.java:451)
NestedThrowablesStackTrace:
java.sql.BatchUpdateException: DELETE on table 'DBS' caused a violation of foreign key constraint 'TBLS_FK1' for key (3).  The statement has been rolled back.
	at org.apache.derby.impl.jdbc.EmbedStatement.executeLargeBatch(Unknown Source)
	at org.apache.derby.impl.jdbc.EmbedStatement.executeBatch(Unknown Source)
	at com.zaxxer.hikari.pool.ProxyStatement.executeBatch(ProxyStatement.java:128)
	at com.zaxxer.hikari.pool.HikariProxyPreparedStatement.executeBatch(HikariProxyPreparedStatement.java)
	at org.datanucleus.store.rdbms.ParamLoggingPreparedStatement.executeBatch(ParamLoggingPreparedStatement.java:366)
	at org.datanucleus.store.rdbms.SQLController.processConnectionStatement(SQLController.java:675)
	at org.datanucleus.store.rdbms.SQLController.processStatementsForConnection(SQLController.java:643)
	at org.datanucleus.store.rdbms.SQLController$1.transactionFlushed(SQLController.java:729)
	at org.datanucleus.store.connection.AbstractManagedConnection.transactionFlushed(AbstractManagedConnection.java:95)
	at org.datanucleus.store.connection.ConnectionManagerImpl$2.transactionFlushed(ConnectionManagerImpl.java:528)
	at org.datanucleus.TransactionImpl.flush(TransactionImpl.java:222)
	at org.datanucleus.TransactionImpl.commit(TransactionImpl.java:286)
	at org.datanucleus.api.jdo.JDOTransaction.commit(JDOTransaction.java:99)
	at org.apache.hadoop.hive.metastore.ObjectStore.commitTransaction(ObjectStore.java:615)
	at sun.reflect.GeneratedMethodAccessor31.invoke(Unknown Source)
	at sun.reflect.DelegatingMethodAccessorImpl.invoke(DelegatingMethodAccessorImpl.java:43)
	at java.lang.reflect.Method.invoke(Method.java:498)
	at org.apache.hadoop.hive.metastore.RawStoreProxy.invoke(RawStoreProxy.java:97)
	at com.sun.proxy.$Proxy32.commitTransaction(Unknown Source)
	at org.apache.hadoop.hive.metastore.HMSHandler.drop_database_core(HMSHandler.java:1790)
	at org.apache.hadoop.hive.metastore.HMSHandler.drop_database(HMSHandler.java:1869)
	at sun.reflect.GeneratedMethodAccessor54.invoke(Unknown Source)
	at sun.reflect.DelegatingMethodAccessorImpl.invoke(DelegatingMethodAccessorImpl.java:43)
	at java.lang.reflect.Method.invoke(Method.java:498)
	at org.apache.hadoop.hive.metastore.RetryingHMSHandler.invokeInternal(RetryingHMSHandler.java:147)
	at org.apache.hadoop.hive.metastore.RetryingHMSHandler.invoke(RetryingHMSHandler.java:108)
	at com.sun.proxy.$Proxy35.drop_database(Unknown Source)
	at org.apache.hadoop.hive.metastore.HiveMetaStoreClient.dropDatabaseCascadePerDb(HiveMetaStoreClient.java:1601)
	at org.apache.hadoop.hive.metastore.HiveMetaStoreClient.dropDatabase(HiveMetaStoreClient.java:1532)
	at org.apache.hadoop.hive.metastore.HiveMetaStoreClient.dropDatabase(HiveMetaStoreClient.java:1485)
	at sun.reflect.NativeMethodAccessorImpl.invoke0(Native Method)
	at sun.reflect.NativeMethodAccessorImpl.invoke(NativeMethodAccessorImpl.java:62)
	at sun.reflect.DelegatingMethodAccessorImpl.invoke(DelegatingMethodAccessorImpl.java:43)
	at java.lang.reflect.Method.invoke(Method.java:498)
	at org.apache.hadoop.hive.metastore.RetryingMetaStoreClient.invoke(RetryingMetaStoreClient.java:218)
	at com.sun.proxy.$Proxy45.dropDatabase(Unknown Source)
	at org.apache.hadoop.hive.ql.metadata.Hive.dropDatabase(Hive.java:662)
	at org.apache.hadoop.hive.ql.ddl.database.drop.DropDatabaseOperation.execute(DropDatabaseOperation.java:52)
	at org.apache.hadoop.hive.ql.ddl.DDLTask.execute(DDLTask.java:84)
	at org.apache.hadoop.hive.ql.exec.Task.executeTask(Task.java:212)
	at org.apache.hadoop.hive.ql.exec.TaskRunner.runSequential(TaskRunner.java:105)
	at org.apache.hadoop.hive.ql.Executor.launchTask(Executor.java:361)
	at org.apache.hadoop.hive.ql.Executor.launchTasks(Executor.java:334)
	at org.apache.hadoop.hive.ql.Executor.runTasks(Executor.java:245)
	at org.apache.hadoop.hive.ql.Executor.execute(Executor.java:108)
	at org.apache.hadoop.hive.ql.Driver.execute(Driver.java:348)
	at org.apache.hadoop.hive.ql.Driver.runInternal(Driver.java:204)
	at org.apache.hadoop.hive.ql.Driver.run(Driver.java:153)
	at org.apache.hadoop.hive.ql.Driver.run(Driver.java:148)
	at org.apache.hadoop.hive.ql.reexec.ReExecDriver.run(ReExecDriver.java:164)
	at org.apache.hadoop.hive.ql.reexec.ReExecDriver.run(ReExecDriver.java:230)
	at org.apache.hive.hcatalog.pig.AbstractHCatLoaderTest.executeStatementOnDriver(AbstractHCatLoaderTest.java:151)
	at org.apache.hive.hcatalog.pig.AbstractHCatLoaderTest.tearDown(AbstractHCatLoaderTest.java:239)
	at sun.reflect.NativeMethodAccessorImpl.invoke0(Native Method)
	at sun.reflect.NativeMethodAccessorImpl.invoke(NativeMethodAccessorImpl.java:62)
	at sun.reflect.DelegatingMethodAccessorImpl.invoke(DelegatingMethodAccessorImpl.java:43)
	at java.lang.reflect.Method.invoke(Method.java:498)
	at org.junit.runners.model.FrameworkMethod$1.runReflectiveCall(FrameworkMethod.java:59)
	at org.junit.internal.runners.model.ReflectiveCallable.run(ReflectiveCallable.java:12)
	at org.junit.runners.model.FrameworkMethod.invokeExplosively(FrameworkMethod.java:56)
	at org.junit.internal.runners.statements.RunAfters.invokeMethod(RunAfters.java:46)
	at org.junit.internal.runners.statements.RunAfters.evaluate(RunAfters.java:33)
	at org.junit.runners.ParentRunner$3.evaluate(ParentRunner.java:306)
	at org.junit.runners.BlockJUnit4ClassRunner$1.evaluate(BlockJUnit4ClassRunner.java:100)
	at org.junit.runners.ParentRunner.runLeaf(ParentRunner.java:366)
	at org.junit.runners.BlockJUnit4ClassRunner.runChild(BlockJUnit4ClassRunner.java:103)
	at org.junit.runners.BlockJUnit4ClassRunner.runChild(BlockJUnit4ClassRunner.java:63)
	at org.junit.runners.ParentRunner$4.run(ParentRunner.java:331)
	at org.junit.runners.ParentRunner$1.schedule(ParentRunner.java:79)
	at org.junit.runners.ParentRunner.runChildren(ParentRunner.java:329)
	at org.junit.runners.ParentRunner.access$100(ParentRunner.java:66)
	at org.junit.runners.ParentRunner$2.evaluate(ParentRunner.java:293)
	at org.junit.internal.runners.statements.RunBefores.evaluate(RunBefores.java:26)
	at org.junit.runners.ParentRunner$3.evaluate(ParentRunner.java:306)
	at org.junit.runners.ParentRunner.run(ParentRunner.java:413)
	at org.junit.runners.Suite.runChild(Suite.java:128)
	at org.junit.runners.Suite.runChild(Suite.java:27)
	at org.junit.runners.ParentRunner$4.run(ParentRunner.java:331)
	at org.junit.runners.ParentRunner$1.schedule(ParentRunner.java:79)
	at org.junit.runners.ParentRunner.runChildren(ParentRunner.java:329)
	at org.junit.runners.ParentRunner.access$100(ParentRunner.java:66)
	at org.junit.runners.ParentRunner$2.evaluate(ParentRunner.java:293)
	at org.junit.runners.ParentRunner$3.evaluate(ParentRunner.java:306)
	at org.junit.runners.ParentRunner.run(ParentRunner.java:413)
	at org.apache.maven.surefire.junitcore.JUnitCore.run(JUnitCore.java:55)
	at org.apache.maven.surefire.junitcore.JUnitCoreWrapper.createRequestAndRun(JUnitCoreWrapper.java:137)
	at org.apache.maven.surefire.junitcore.JUnitCoreWrapper.executeEager(JUnitCoreWrapper.java:107)
	at org.apache.maven.surefire.junitcore.JUnitCoreWrapper.execute(JUnitCoreWrapper.java:83)
	at org.apache.maven.surefire.junitcore.JUnitCoreWrapper.execute(JUnitCoreWrapper.java:75)
	at org.apache.maven.surefire.junitcore.JUnitCoreProvider.invoke(JUnitCoreProvider.java:158)
	at org.apache.maven.surefire.booter.ForkedBooter.runSuitesInProcess(ForkedBooter.java:377)
	at org.apache.maven.surefire.booter.ForkedBooter.execute(ForkedBooter.java:138)
	at org.apache.maven.surefire.booter.ForkedBooter.run(ForkedBooter.java:465)
	at org.apache.maven.surefire.booter.ForkedBooter.main(ForkedBooter.java:451)
Caused by: org.apache.derby.shared.common.error.DerbySQLIntegrityConstraintViolationException: DELETE on table 'DBS' caused a violation of foreign key constraint 'TBLS_FK1' for key (3).  The statement has been rolled back.
	at org.apache.derby.impl.jdbc.SQLExceptionFactory.getSQLException(Unknown Source)
	at org.apache.derby.impl.jdbc.Util.generateCsSQLException(Unknown Source)
	at org.apache.derby.impl.jdbc.TransactionResourceImpl.wrapInSQLException(Unknown Source)
	at org.apache.derby.impl.jdbc.TransactionResourceImpl.handleException(Unknown Source)
	at org.apache.derby.impl.jdbc.EmbedConnection.handleException(Unknown Source)
	at org.apache.derby.impl.jdbc.ConnectionChild.handleException(Unknown Source)
	at org.apache.derby.impl.jdbc.EmbedStatement.executeStatement(Unknown Source)
	at org.apache.derby.impl.jdbc.EmbedPreparedStatement.executeBatchElement(Unknown Source)
	... 94 more
Caused by: ERROR 23503: DELETE on table 'DBS' caused a violation of foreign key constraint 'TBLS_FK1' for key (3).  The statement has been rolled back.
	at org.apache.derby.iapi.error.StandardException.newException(Unknown Source)
	at org.apache.derby.iapi.error.StandardException.newException(Unknown Source)
	at org.apache.derby.impl.sql.execute.ReferencedKeyRIChecker.doCheck(Unknown Source)
	at org.apache.derby.impl.sql.execute.RISetChecker.doPKCheck(Unknown Source)
	at org.apache.derby.impl.sql.execute.DeleteResultSet.collectAffectedRows(Unknown Source)
	at org.apache.derby.impl.sql.execute.DeleteResultSet.open(Unknown Source)
	at org.apache.derby.impl.sql.GenericPreparedStatement.executeStmt(Unknown Source)
	at org.apache.derby.impl.sql.GenericPreparedStatement.execute(Unknown Source)
	... 96 more

2024-04-24T11:28:07,735  INFO [main] HiveMetaStore.audit: ugi=alex	ip=unknown-ip-addr	cmd=drop_database: @hive#junit_specific_db	
2024-04-24T11:28:07,740  INFO [main] HiveMetaStore.audit: ugi=alex	ip=unknown-ip-addr	cmd=get_all_tables: db=@hive#junit_specific_db	
2024-04-24T11:28:07,741  INFO [main] HiveMetaStore.audit: ugi=alex	ip=unknown-ip-addr	cmd=get_functions: db=@hive#junit_specific_db pat=*	
2024-04-24T11:28:07,744  INFO [main] HiveMetaStore.audit: ugi=alex	ip=unknown-ip-addr	cmd=get_all_stored_procedures	
2024-04-24T11:28:07,745  INFO [main] HiveMetaStore.audit: ugi=alex	ip=unknown-ip-addr	cmd=get_all_packages	
2024-04-24T11:28:07,746  INFO [main] HiveMetaStore.audit: ugi=alex	ip=unknown-ip-addr	cmd=getTablesByTypeCore: catName=hive: db=junit_specific_db pat=.*,type=MATERIALIZED_VIEW	
2024-04-24T11:28:07,751  INFO [main] metastore.ObjectStore: Dropping database hive.junit_specific_db along with all tables
2024-04-24T11:28:07,758  INFO [main] txn.TxnHandler: Non-retryable error in cleanupRecords : Table/View 'TXN_COMPONENTS' does not exist. (SQLState=42X05, ErrorCode=20000)
2024-04-24T11:28:07,758  WARN [main] txn.TxnHandler: Cannot perform cleanup since metastore table does not exist
2024-04-24T11:28:07,760 ERROR [main] metastore.RetryingHMSHandler: Retrying HMSHandler after 2000 ms (attempt 7 of 10) with error: javax.jdo.JDODataStoreException: Exception thrown flushing changes to datastore
	at org.datanucleus.api.jdo.NucleusJDOHelper.getJDOExceptionForNucleusException(NucleusJDOHelper.java:542)
	at org.datanucleus.api.jdo.JDOTransaction.commit(JDOTransaction.java:162)
	at org.apache.hadoop.hive.metastore.ObjectStore.commitTransaction(ObjectStore.java:615)
	at sun.reflect.GeneratedMethodAccessor31.invoke(Unknown Source)
	at sun.reflect.DelegatingMethodAccessorImpl.invoke(DelegatingMethodAccessorImpl.java:43)
	at java.lang.reflect.Method.invoke(Method.java:498)
	at org.apache.hadoop.hive.metastore.RawStoreProxy.invoke(RawStoreProxy.java:97)
	at com.sun.proxy.$Proxy32.commitTransaction(Unknown Source)
	at org.apache.hadoop.hive.metastore.HMSHandler.drop_database_core(HMSHandler.java:1790)
	at org.apache.hadoop.hive.metastore.HMSHandler.drop_database(HMSHandler.java:1869)
	at sun.reflect.GeneratedMethodAccessor54.invoke(Unknown Source)
	at sun.reflect.DelegatingMethodAccessorImpl.invoke(DelegatingMethodAccessorImpl.java:43)
	at java.lang.reflect.Method.invoke(Method.java:498)
	at org.apache.hadoop.hive.metastore.RetryingHMSHandler.invokeInternal(RetryingHMSHandler.java:147)
	at org.apache.hadoop.hive.metastore.RetryingHMSHandler.invoke(RetryingHMSHandler.java:108)
	at com.sun.proxy.$Proxy35.drop_database(Unknown Source)
	at org.apache.hadoop.hive.metastore.HiveMetaStoreClient.dropDatabaseCascadePerDb(HiveMetaStoreClient.java:1601)
	at org.apache.hadoop.hive.metastore.HiveMetaStoreClient.dropDatabase(HiveMetaStoreClient.java:1532)
	at org.apache.hadoop.hive.metastore.HiveMetaStoreClient.dropDatabase(HiveMetaStoreClient.java:1485)
	at sun.reflect.NativeMethodAccessorImpl.invoke0(Native Method)
	at sun.reflect.NativeMethodAccessorImpl.invoke(NativeMethodAccessorImpl.java:62)
	at sun.reflect.DelegatingMethodAccessorImpl.invoke(DelegatingMethodAccessorImpl.java:43)
	at java.lang.reflect.Method.invoke(Method.java:498)
	at org.apache.hadoop.hive.metastore.RetryingMetaStoreClient.invoke(RetryingMetaStoreClient.java:218)
	at com.sun.proxy.$Proxy45.dropDatabase(Unknown Source)
	at org.apache.hadoop.hive.ql.metadata.Hive.dropDatabase(Hive.java:662)
	at org.apache.hadoop.hive.ql.ddl.database.drop.DropDatabaseOperation.execute(DropDatabaseOperation.java:52)
	at org.apache.hadoop.hive.ql.ddl.DDLTask.execute(DDLTask.java:84)
	at org.apache.hadoop.hive.ql.exec.Task.executeTask(Task.java:212)
	at org.apache.hadoop.hive.ql.exec.TaskRunner.runSequential(TaskRunner.java:105)
	at org.apache.hadoop.hive.ql.Executor.launchTask(Executor.java:361)
	at org.apache.hadoop.hive.ql.Executor.launchTasks(Executor.java:334)
	at org.apache.hadoop.hive.ql.Executor.runTasks(Executor.java:245)
	at org.apache.hadoop.hive.ql.Executor.execute(Executor.java:108)
	at org.apache.hadoop.hive.ql.Driver.execute(Driver.java:348)
	at org.apache.hadoop.hive.ql.Driver.runInternal(Driver.java:204)
	at org.apache.hadoop.hive.ql.Driver.run(Driver.java:153)
	at org.apache.hadoop.hive.ql.Driver.run(Driver.java:148)
	at org.apache.hadoop.hive.ql.reexec.ReExecDriver.run(ReExecDriver.java:164)
	at org.apache.hadoop.hive.ql.reexec.ReExecDriver.run(ReExecDriver.java:230)
	at org.apache.hive.hcatalog.pig.AbstractHCatLoaderTest.executeStatementOnDriver(AbstractHCatLoaderTest.java:151)
	at org.apache.hive.hcatalog.pig.AbstractHCatLoaderTest.tearDown(AbstractHCatLoaderTest.java:239)
	at sun.reflect.NativeMethodAccessorImpl.invoke0(Native Method)
	at sun.reflect.NativeMethodAccessorImpl.invoke(NativeMethodAccessorImpl.java:62)
	at sun.reflect.DelegatingMethodAccessorImpl.invoke(DelegatingMethodAccessorImpl.java:43)
	at java.lang.reflect.Method.invoke(Method.java:498)
	at org.junit.runners.model.FrameworkMethod$1.runReflectiveCall(FrameworkMethod.java:59)
	at org.junit.internal.runners.model.ReflectiveCallable.run(ReflectiveCallable.java:12)
	at org.junit.runners.model.FrameworkMethod.invokeExplosively(FrameworkMethod.java:56)
	at org.junit.internal.runners.statements.RunAfters.invokeMethod(RunAfters.java:46)
	at org.junit.internal.runners.statements.RunAfters.evaluate(RunAfters.java:33)
	at org.junit.runners.ParentRunner$3.evaluate(ParentRunner.java:306)
	at org.junit.runners.BlockJUnit4ClassRunner$1.evaluate(BlockJUnit4ClassRunner.java:100)
	at org.junit.runners.ParentRunner.runLeaf(ParentRunner.java:366)
	at org.junit.runners.BlockJUnit4ClassRunner.runChild(BlockJUnit4ClassRunner.java:103)
	at org.junit.runners.BlockJUnit4ClassRunner.runChild(BlockJUnit4ClassRunner.java:63)
	at org.junit.runners.ParentRunner$4.run(ParentRunner.java:331)
	at org.junit.runners.ParentRunner$1.schedule(ParentRunner.java:79)
	at org.junit.runners.ParentRunner.runChildren(ParentRunner.java:329)
	at org.junit.runners.ParentRunner.access$100(ParentRunner.java:66)
	at org.junit.runners.ParentRunner$2.evaluate(ParentRunner.java:293)
	at org.junit.internal.runners.statements.RunBefores.evaluate(RunBefores.java:26)
	at org.junit.runners.ParentRunner$3.evaluate(ParentRunner.java:306)
	at org.junit.runners.ParentRunner.run(ParentRunner.java:413)
	at org.junit.runners.Suite.runChild(Suite.java:128)
	at org.junit.runners.Suite.runChild(Suite.java:27)
	at org.junit.runners.ParentRunner$4.run(ParentRunner.java:331)
	at org.junit.runners.ParentRunner$1.schedule(ParentRunner.java:79)
	at org.junit.runners.ParentRunner.runChildren(ParentRunner.java:329)
	at org.junit.runners.ParentRunner.access$100(ParentRunner.java:66)
	at org.junit.runners.ParentRunner$2.evaluate(ParentRunner.java:293)
	at org.junit.runners.ParentRunner$3.evaluate(ParentRunner.java:306)
	at org.junit.runners.ParentRunner.run(ParentRunner.java:413)
	at org.apache.maven.surefire.junitcore.JUnitCore.run(JUnitCore.java:55)
	at org.apache.maven.surefire.junitcore.JUnitCoreWrapper.createRequestAndRun(JUnitCoreWrapper.java:137)
	at org.apache.maven.surefire.junitcore.JUnitCoreWrapper.executeEager(JUnitCoreWrapper.java:107)
	at org.apache.maven.surefire.junitcore.JUnitCoreWrapper.execute(JUnitCoreWrapper.java:83)
	at org.apache.maven.surefire.junitcore.JUnitCoreWrapper.execute(JUnitCoreWrapper.java:75)
	at org.apache.maven.surefire.junitcore.JUnitCoreProvider.invoke(JUnitCoreProvider.java:158)
	at org.apache.maven.surefire.booter.ForkedBooter.runSuitesInProcess(ForkedBooter.java:377)
	at org.apache.maven.surefire.booter.ForkedBooter.execute(ForkedBooter.java:138)
	at org.apache.maven.surefire.booter.ForkedBooter.run(ForkedBooter.java:465)
	at org.apache.maven.surefire.booter.ForkedBooter.main(ForkedBooter.java:451)
NestedThrowablesStackTrace:
java.sql.BatchUpdateException: DELETE on table 'DBS' caused a violation of foreign key constraint 'TBLS_FK1' for key (3).  The statement has been rolled back.
	at org.apache.derby.impl.jdbc.EmbedStatement.executeLargeBatch(Unknown Source)
	at org.apache.derby.impl.jdbc.EmbedStatement.executeBatch(Unknown Source)
	at com.zaxxer.hikari.pool.ProxyStatement.executeBatch(ProxyStatement.java:128)
	at com.zaxxer.hikari.pool.HikariProxyPreparedStatement.executeBatch(HikariProxyPreparedStatement.java)
	at org.datanucleus.store.rdbms.ParamLoggingPreparedStatement.executeBatch(ParamLoggingPreparedStatement.java:366)
	at org.datanucleus.store.rdbms.SQLController.processConnectionStatement(SQLController.java:675)
	at org.datanucleus.store.rdbms.SQLController.processStatementsForConnection(SQLController.java:643)
	at org.datanucleus.store.rdbms.SQLController$1.transactionFlushed(SQLController.java:729)
	at org.datanucleus.store.connection.AbstractManagedConnection.transactionFlushed(AbstractManagedConnection.java:95)
	at org.datanucleus.store.connection.ConnectionManagerImpl$2.transactionFlushed(ConnectionManagerImpl.java:528)
	at org.datanucleus.TransactionImpl.flush(TransactionImpl.java:222)
	at org.datanucleus.TransactionImpl.commit(TransactionImpl.java:286)
	at org.datanucleus.api.jdo.JDOTransaction.commit(JDOTransaction.java:99)
	at org.apache.hadoop.hive.metastore.ObjectStore.commitTransaction(ObjectStore.java:615)
	at sun.reflect.GeneratedMethodAccessor31.invoke(Unknown Source)
	at sun.reflect.DelegatingMethodAccessorImpl.invoke(DelegatingMethodAccessorImpl.java:43)
	at java.lang.reflect.Method.invoke(Method.java:498)
	at org.apache.hadoop.hive.metastore.RawStoreProxy.invoke(RawStoreProxy.java:97)
	at com.sun.proxy.$Proxy32.commitTransaction(Unknown Source)
	at org.apache.hadoop.hive.metastore.HMSHandler.drop_database_core(HMSHandler.java:1790)
	at org.apache.hadoop.hive.metastore.HMSHandler.drop_database(HMSHandler.java:1869)
	at sun.reflect.GeneratedMethodAccessor54.invoke(Unknown Source)
	at sun.reflect.DelegatingMethodAccessorImpl.invoke(DelegatingMethodAccessorImpl.java:43)
	at java.lang.reflect.Method.invoke(Method.java:498)
	at org.apache.hadoop.hive.metastore.RetryingHMSHandler.invokeInternal(RetryingHMSHandler.java:147)
	at org.apache.hadoop.hive.metastore.RetryingHMSHandler.invoke(RetryingHMSHandler.java:108)
	at com.sun.proxy.$Proxy35.drop_database(Unknown Source)
	at org.apache.hadoop.hive.metastore.HiveMetaStoreClient.dropDatabaseCascadePerDb(HiveMetaStoreClient.java:1601)
	at org.apache.hadoop.hive.metastore.HiveMetaStoreClient.dropDatabase(HiveMetaStoreClient.java:1532)
	at org.apache.hadoop.hive.metastore.HiveMetaStoreClient.dropDatabase(HiveMetaStoreClient.java:1485)
	at sun.reflect.NativeMethodAccessorImpl.invoke0(Native Method)
	at sun.reflect.NativeMethodAccessorImpl.invoke(NativeMethodAccessorImpl.java:62)
	at sun.reflect.DelegatingMethodAccessorImpl.invoke(DelegatingMethodAccessorImpl.java:43)
	at java.lang.reflect.Method.invoke(Method.java:498)
	at org.apache.hadoop.hive.metastore.RetryingMetaStoreClient.invoke(RetryingMetaStoreClient.java:218)
	at com.sun.proxy.$Proxy45.dropDatabase(Unknown Source)
	at org.apache.hadoop.hive.ql.metadata.Hive.dropDatabase(Hive.java:662)
	at org.apache.hadoop.hive.ql.ddl.database.drop.DropDatabaseOperation.execute(DropDatabaseOperation.java:52)
	at org.apache.hadoop.hive.ql.ddl.DDLTask.execute(DDLTask.java:84)
	at org.apache.hadoop.hive.ql.exec.Task.executeTask(Task.java:212)
	at org.apache.hadoop.hive.ql.exec.TaskRunner.runSequential(TaskRunner.java:105)
	at org.apache.hadoop.hive.ql.Executor.launchTask(Executor.java:361)
	at org.apache.hadoop.hive.ql.Executor.launchTasks(Executor.java:334)
	at org.apache.hadoop.hive.ql.Executor.runTasks(Executor.java:245)
	at org.apache.hadoop.hive.ql.Executor.execute(Executor.java:108)
	at org.apache.hadoop.hive.ql.Driver.execute(Driver.java:348)
	at org.apache.hadoop.hive.ql.Driver.runInternal(Driver.java:204)
	at org.apache.hadoop.hive.ql.Driver.run(Driver.java:153)
	at org.apache.hadoop.hive.ql.Driver.run(Driver.java:148)
	at org.apache.hadoop.hive.ql.reexec.ReExecDriver.run(ReExecDriver.java:164)
	at org.apache.hadoop.hive.ql.reexec.ReExecDriver.run(ReExecDriver.java:230)
	at org.apache.hive.hcatalog.pig.AbstractHCatLoaderTest.executeStatementOnDriver(AbstractHCatLoaderTest.java:151)
	at org.apache.hive.hcatalog.pig.AbstractHCatLoaderTest.tearDown(AbstractHCatLoaderTest.java:239)
	at sun.reflect.NativeMethodAccessorImpl.invoke0(Native Method)
	at sun.reflect.NativeMethodAccessorImpl.invoke(NativeMethodAccessorImpl.java:62)
	at sun.reflect.DelegatingMethodAccessorImpl.invoke(DelegatingMethodAccessorImpl.java:43)
	at java.lang.reflect.Method.invoke(Method.java:498)
	at org.junit.runners.model.FrameworkMethod$1.runReflectiveCall(FrameworkMethod.java:59)
	at org.junit.internal.runners.model.ReflectiveCallable.run(ReflectiveCallable.java:12)
	at org.junit.runners.model.FrameworkMethod.invokeExplosively(FrameworkMethod.java:56)
	at org.junit.internal.runners.statements.RunAfters.invokeMethod(RunAfters.java:46)
	at org.junit.internal.runners.statements.RunAfters.evaluate(RunAfters.java:33)
	at org.junit.runners.ParentRunner$3.evaluate(ParentRunner.java:306)
	at org.junit.runners.BlockJUnit4ClassRunner$1.evaluate(BlockJUnit4ClassRunner.java:100)
	at org.junit.runners.ParentRunner.runLeaf(ParentRunner.java:366)
	at org.junit.runners.BlockJUnit4ClassRunner.runChild(BlockJUnit4ClassRunner.java:103)
	at org.junit.runners.BlockJUnit4ClassRunner.runChild(BlockJUnit4ClassRunner.java:63)
	at org.junit.runners.ParentRunner$4.run(ParentRunner.java:331)
	at org.junit.runners.ParentRunner$1.schedule(ParentRunner.java:79)
	at org.junit.runners.ParentRunner.runChildren(ParentRunner.java:329)
	at org.junit.runners.ParentRunner.access$100(ParentRunner.java:66)
	at org.junit.runners.ParentRunner$2.evaluate(ParentRunner.java:293)
	at org.junit.internal.runners.statements.RunBefores.evaluate(RunBefores.java:26)
	at org.junit.runners.ParentRunner$3.evaluate(ParentRunner.java:306)
	at org.junit.runners.ParentRunner.run(ParentRunner.java:413)
	at org.junit.runners.Suite.runChild(Suite.java:128)
	at org.junit.runners.Suite.runChild(Suite.java:27)
	at org.junit.runners.ParentRunner$4.run(ParentRunner.java:331)
	at org.junit.runners.ParentRunner$1.schedule(ParentRunner.java:79)
	at org.junit.runners.ParentRunner.runChildren(ParentRunner.java:329)
	at org.junit.runners.ParentRunner.access$100(ParentRunner.java:66)
	at org.junit.runners.ParentRunner$2.evaluate(ParentRunner.java:293)
	at org.junit.runners.ParentRunner$3.evaluate(ParentRunner.java:306)
	at org.junit.runners.ParentRunner.run(ParentRunner.java:413)
	at org.apache.maven.surefire.junitcore.JUnitCore.run(JUnitCore.java:55)
	at org.apache.maven.surefire.junitcore.JUnitCoreWrapper.createRequestAndRun(JUnitCoreWrapper.java:137)
	at org.apache.maven.surefire.junitcore.JUnitCoreWrapper.executeEager(JUnitCoreWrapper.java:107)
	at org.apache.maven.surefire.junitcore.JUnitCoreWrapper.execute(JUnitCoreWrapper.java:83)
	at org.apache.maven.surefire.junitcore.JUnitCoreWrapper.execute(JUnitCoreWrapper.java:75)
	at org.apache.maven.surefire.junitcore.JUnitCoreProvider.invoke(JUnitCoreProvider.java:158)
	at org.apache.maven.surefire.booter.ForkedBooter.runSuitesInProcess(ForkedBooter.java:377)
	at org.apache.maven.surefire.booter.ForkedBooter.execute(ForkedBooter.java:138)
	at org.apache.maven.surefire.booter.ForkedBooter.run(ForkedBooter.java:465)
	at org.apache.maven.surefire.booter.ForkedBooter.main(ForkedBooter.java:451)
Caused by: org.apache.derby.shared.common.error.DerbySQLIntegrityConstraintViolationException: DELETE on table 'DBS' caused a violation of foreign key constraint 'TBLS_FK1' for key (3).  The statement has been rolled back.
	at org.apache.derby.impl.jdbc.SQLExceptionFactory.getSQLException(Unknown Source)
	at org.apache.derby.impl.jdbc.Util.generateCsSQLException(Unknown Source)
	at org.apache.derby.impl.jdbc.TransactionResourceImpl.wrapInSQLException(Unknown Source)
	at org.apache.derby.impl.jdbc.TransactionResourceImpl.handleException(Unknown Source)
	at org.apache.derby.impl.jdbc.EmbedConnection.handleException(Unknown Source)
	at org.apache.derby.impl.jdbc.ConnectionChild.handleException(Unknown Source)
	at org.apache.derby.impl.jdbc.EmbedStatement.executeStatement(Unknown Source)
	at org.apache.derby.impl.jdbc.EmbedPreparedStatement.executeBatchElement(Unknown Source)
	... 94 more
Caused by: ERROR 23503: DELETE on table 'DBS' caused a violation of foreign key constraint 'TBLS_FK1' for key (3).  The statement has been rolled back.
	at org.apache.derby.iapi.error.StandardException.newException(Unknown Source)
	at org.apache.derby.iapi.error.StandardException.newException(Unknown Source)
	at org.apache.derby.impl.sql.execute.ReferencedKeyRIChecker.doCheck(Unknown Source)
	at org.apache.derby.impl.sql.execute.RISetChecker.doPKCheck(Unknown Source)
	at org.apache.derby.impl.sql.execute.DeleteResultSet.collectAffectedRows(Unknown Source)
	at org.apache.derby.impl.sql.execute.DeleteResultSet.open(Unknown Source)
	at org.apache.derby.impl.sql.GenericPreparedStatement.executeStmt(Unknown Source)
	at org.apache.derby.impl.sql.GenericPreparedStatement.execute(Unknown Source)
	... 96 more

2024-04-24T11:28:09,761  INFO [main] HiveMetaStore.audit: ugi=alex	ip=unknown-ip-addr	cmd=drop_database: @hive#junit_specific_db	
2024-04-24T11:28:09,767  INFO [main] HiveMetaStore.audit: ugi=alex	ip=unknown-ip-addr	cmd=get_all_tables: db=@hive#junit_specific_db	
2024-04-24T11:28:09,767  INFO [main] HiveMetaStore.audit: ugi=alex	ip=unknown-ip-addr	cmd=get_functions: db=@hive#junit_specific_db pat=*	
2024-04-24T11:28:09,769  INFO [main] HiveMetaStore.audit: ugi=alex	ip=unknown-ip-addr	cmd=get_all_stored_procedures	
2024-04-24T11:28:09,770  INFO [main] HiveMetaStore.audit: ugi=alex	ip=unknown-ip-addr	cmd=get_all_packages	
2024-04-24T11:28:09,772  INFO [main] HiveMetaStore.audit: ugi=alex	ip=unknown-ip-addr	cmd=getTablesByTypeCore: catName=hive: db=junit_specific_db pat=.*,type=MATERIALIZED_VIEW	
2024-04-24T11:28:09,776  INFO [main] metastore.ObjectStore: Dropping database hive.junit_specific_db along with all tables
2024-04-24T11:28:09,782  INFO [main] txn.TxnHandler: Non-retryable error in cleanupRecords : Table/View 'TXN_COMPONENTS' does not exist. (SQLState=42X05, ErrorCode=20000)
2024-04-24T11:28:09,782  WARN [main] txn.TxnHandler: Cannot perform cleanup since metastore table does not exist
2024-04-24T11:28:09,784 ERROR [main] metastore.RetryingHMSHandler: Retrying HMSHandler after 2000 ms (attempt 8 of 10) with error: javax.jdo.JDODataStoreException: Exception thrown flushing changes to datastore
	at org.datanucleus.api.jdo.NucleusJDOHelper.getJDOExceptionForNucleusException(NucleusJDOHelper.java:542)
	at org.datanucleus.api.jdo.JDOTransaction.commit(JDOTransaction.java:162)
	at org.apache.hadoop.hive.metastore.ObjectStore.commitTransaction(ObjectStore.java:615)
	at sun.reflect.GeneratedMethodAccessor31.invoke(Unknown Source)
	at sun.reflect.DelegatingMethodAccessorImpl.invoke(DelegatingMethodAccessorImpl.java:43)
	at java.lang.reflect.Method.invoke(Method.java:498)
	at org.apache.hadoop.hive.metastore.RawStoreProxy.invoke(RawStoreProxy.java:97)
	at com.sun.proxy.$Proxy32.commitTransaction(Unknown Source)
	at org.apache.hadoop.hive.metastore.HMSHandler.drop_database_core(HMSHandler.java:1790)
	at org.apache.hadoop.hive.metastore.HMSHandler.drop_database(HMSHandler.java:1869)
	at sun.reflect.GeneratedMethodAccessor54.invoke(Unknown Source)
	at sun.reflect.DelegatingMethodAccessorImpl.invoke(DelegatingMethodAccessorImpl.java:43)
	at java.lang.reflect.Method.invoke(Method.java:498)
	at org.apache.hadoop.hive.metastore.RetryingHMSHandler.invokeInternal(RetryingHMSHandler.java:147)
	at org.apache.hadoop.hive.metastore.RetryingHMSHandler.invoke(RetryingHMSHandler.java:108)
	at com.sun.proxy.$Proxy35.drop_database(Unknown Source)
	at org.apache.hadoop.hive.metastore.HiveMetaStoreClient.dropDatabaseCascadePerDb(HiveMetaStoreClient.java:1601)
	at org.apache.hadoop.hive.metastore.HiveMetaStoreClient.dropDatabase(HiveMetaStoreClient.java:1532)
	at org.apache.hadoop.hive.metastore.HiveMetaStoreClient.dropDatabase(HiveMetaStoreClient.java:1485)
	at sun.reflect.NativeMethodAccessorImpl.invoke0(Native Method)
	at sun.reflect.NativeMethodAccessorImpl.invoke(NativeMethodAccessorImpl.java:62)
	at sun.reflect.DelegatingMethodAccessorImpl.invoke(DelegatingMethodAccessorImpl.java:43)
	at java.lang.reflect.Method.invoke(Method.java:498)
	at org.apache.hadoop.hive.metastore.RetryingMetaStoreClient.invoke(RetryingMetaStoreClient.java:218)
	at com.sun.proxy.$Proxy45.dropDatabase(Unknown Source)
	at org.apache.hadoop.hive.ql.metadata.Hive.dropDatabase(Hive.java:662)
	at org.apache.hadoop.hive.ql.ddl.database.drop.DropDatabaseOperation.execute(DropDatabaseOperation.java:52)
	at org.apache.hadoop.hive.ql.ddl.DDLTask.execute(DDLTask.java:84)
	at org.apache.hadoop.hive.ql.exec.Task.executeTask(Task.java:212)
	at org.apache.hadoop.hive.ql.exec.TaskRunner.runSequential(TaskRunner.java:105)
	at org.apache.hadoop.hive.ql.Executor.launchTask(Executor.java:361)
	at org.apache.hadoop.hive.ql.Executor.launchTasks(Executor.java:334)
	at org.apache.hadoop.hive.ql.Executor.runTasks(Executor.java:245)
	at org.apache.hadoop.hive.ql.Executor.execute(Executor.java:108)
	at org.apache.hadoop.hive.ql.Driver.execute(Driver.java:348)
	at org.apache.hadoop.hive.ql.Driver.runInternal(Driver.java:204)
	at org.apache.hadoop.hive.ql.Driver.run(Driver.java:153)
	at org.apache.hadoop.hive.ql.Driver.run(Driver.java:148)
	at org.apache.hadoop.hive.ql.reexec.ReExecDriver.run(ReExecDriver.java:164)
	at org.apache.hadoop.hive.ql.reexec.ReExecDriver.run(ReExecDriver.java:230)
	at org.apache.hive.hcatalog.pig.AbstractHCatLoaderTest.executeStatementOnDriver(AbstractHCatLoaderTest.java:151)
	at org.apache.hive.hcatalog.pig.AbstractHCatLoaderTest.tearDown(AbstractHCatLoaderTest.java:239)
	at sun.reflect.NativeMethodAccessorImpl.invoke0(Native Method)
	at sun.reflect.NativeMethodAccessorImpl.invoke(NativeMethodAccessorImpl.java:62)
	at sun.reflect.DelegatingMethodAccessorImpl.invoke(DelegatingMethodAccessorImpl.java:43)
	at java.lang.reflect.Method.invoke(Method.java:498)
	at org.junit.runners.model.FrameworkMethod$1.runReflectiveCall(FrameworkMethod.java:59)
	at org.junit.internal.runners.model.ReflectiveCallable.run(ReflectiveCallable.java:12)
	at org.junit.runners.model.FrameworkMethod.invokeExplosively(FrameworkMethod.java:56)
	at org.junit.internal.runners.statements.RunAfters.invokeMethod(RunAfters.java:46)
	at org.junit.internal.runners.statements.RunAfters.evaluate(RunAfters.java:33)
	at org.junit.runners.ParentRunner$3.evaluate(ParentRunner.java:306)
	at org.junit.runners.BlockJUnit4ClassRunner$1.evaluate(BlockJUnit4ClassRunner.java:100)
	at org.junit.runners.ParentRunner.runLeaf(ParentRunner.java:366)
	at org.junit.runners.BlockJUnit4ClassRunner.runChild(BlockJUnit4ClassRunner.java:103)
	at org.junit.runners.BlockJUnit4ClassRunner.runChild(BlockJUnit4ClassRunner.java:63)
	at org.junit.runners.ParentRunner$4.run(ParentRunner.java:331)
	at org.junit.runners.ParentRunner$1.schedule(ParentRunner.java:79)
	at org.junit.runners.ParentRunner.runChildren(ParentRunner.java:329)
	at org.junit.runners.ParentRunner.access$100(ParentRunner.java:66)
	at org.junit.runners.ParentRunner$2.evaluate(ParentRunner.java:293)
	at org.junit.internal.runners.statements.RunBefores.evaluate(RunBefores.java:26)
	at org.junit.runners.ParentRunner$3.evaluate(ParentRunner.java:306)
	at org.junit.runners.ParentRunner.run(ParentRunner.java:413)
	at org.junit.runners.Suite.runChild(Suite.java:128)
	at org.junit.runners.Suite.runChild(Suite.java:27)
	at org.junit.runners.ParentRunner$4.run(ParentRunner.java:331)
	at org.junit.runners.ParentRunner$1.schedule(ParentRunner.java:79)
	at org.junit.runners.ParentRunner.runChildren(ParentRunner.java:329)
	at org.junit.runners.ParentRunner.access$100(ParentRunner.java:66)
	at org.junit.runners.ParentRunner$2.evaluate(ParentRunner.java:293)
	at org.junit.runners.ParentRunner$3.evaluate(ParentRunner.java:306)
	at org.junit.runners.ParentRunner.run(ParentRunner.java:413)
	at org.apache.maven.surefire.junitcore.JUnitCore.run(JUnitCore.java:55)
	at org.apache.maven.surefire.junitcore.JUnitCoreWrapper.createRequestAndRun(JUnitCoreWrapper.java:137)
	at org.apache.maven.surefire.junitcore.JUnitCoreWrapper.executeEager(JUnitCoreWrapper.java:107)
	at org.apache.maven.surefire.junitcore.JUnitCoreWrapper.execute(JUnitCoreWrapper.java:83)
	at org.apache.maven.surefire.junitcore.JUnitCoreWrapper.execute(JUnitCoreWrapper.java:75)
	at org.apache.maven.surefire.junitcore.JUnitCoreProvider.invoke(JUnitCoreProvider.java:158)
	at org.apache.maven.surefire.booter.ForkedBooter.runSuitesInProcess(ForkedBooter.java:377)
	at org.apache.maven.surefire.booter.ForkedBooter.execute(ForkedBooter.java:138)
	at org.apache.maven.surefire.booter.ForkedBooter.run(ForkedBooter.java:465)
	at org.apache.maven.surefire.booter.ForkedBooter.main(ForkedBooter.java:451)
NestedThrowablesStackTrace:
java.sql.BatchUpdateException: DELETE on table 'DBS' caused a violation of foreign key constraint 'TBLS_FK1' for key (3).  The statement has been rolled back.
	at org.apache.derby.impl.jdbc.EmbedStatement.executeLargeBatch(Unknown Source)
	at org.apache.derby.impl.jdbc.EmbedStatement.executeBatch(Unknown Source)
	at com.zaxxer.hikari.pool.ProxyStatement.executeBatch(ProxyStatement.java:128)
	at com.zaxxer.hikari.pool.HikariProxyPreparedStatement.executeBatch(HikariProxyPreparedStatement.java)
	at org.datanucleus.store.rdbms.ParamLoggingPreparedStatement.executeBatch(ParamLoggingPreparedStatement.java:366)
	at org.datanucleus.store.rdbms.SQLController.processConnectionStatement(SQLController.java:675)
	at org.datanucleus.store.rdbms.SQLController.processStatementsForConnection(SQLController.java:643)
	at org.datanucleus.store.rdbms.SQLController$1.transactionFlushed(SQLController.java:729)
	at org.datanucleus.store.connection.AbstractManagedConnection.transactionFlushed(AbstractManagedConnection.java:95)
	at org.datanucleus.store.connection.ConnectionManagerImpl$2.transactionFlushed(ConnectionManagerImpl.java:528)
	at org.datanucleus.TransactionImpl.flush(TransactionImpl.java:222)
	at org.datanucleus.TransactionImpl.commit(TransactionImpl.java:286)
	at org.datanucleus.api.jdo.JDOTransaction.commit(JDOTransaction.java:99)
	at org.apache.hadoop.hive.metastore.ObjectStore.commitTransaction(ObjectStore.java:615)
	at sun.reflect.GeneratedMethodAccessor31.invoke(Unknown Source)
	at sun.reflect.DelegatingMethodAccessorImpl.invoke(DelegatingMethodAccessorImpl.java:43)
	at java.lang.reflect.Method.invoke(Method.java:498)
	at org.apache.hadoop.hive.metastore.RawStoreProxy.invoke(RawStoreProxy.java:97)
	at com.sun.proxy.$Proxy32.commitTransaction(Unknown Source)
	at org.apache.hadoop.hive.metastore.HMSHandler.drop_database_core(HMSHandler.java:1790)
	at org.apache.hadoop.hive.metastore.HMSHandler.drop_database(HMSHandler.java:1869)
	at sun.reflect.GeneratedMethodAccessor54.invoke(Unknown Source)
	at sun.reflect.DelegatingMethodAccessorImpl.invoke(DelegatingMethodAccessorImpl.java:43)
	at java.lang.reflect.Method.invoke(Method.java:498)
	at org.apache.hadoop.hive.metastore.RetryingHMSHandler.invokeInternal(RetryingHMSHandler.java:147)
	at org.apache.hadoop.hive.metastore.RetryingHMSHandler.invoke(RetryingHMSHandler.java:108)
	at com.sun.proxy.$Proxy35.drop_database(Unknown Source)
	at org.apache.hadoop.hive.metastore.HiveMetaStoreClient.dropDatabaseCascadePerDb(HiveMetaStoreClient.java:1601)
	at org.apache.hadoop.hive.metastore.HiveMetaStoreClient.dropDatabase(HiveMetaStoreClient.java:1532)
	at org.apache.hadoop.hive.metastore.HiveMetaStoreClient.dropDatabase(HiveMetaStoreClient.java:1485)
	at sun.reflect.NativeMethodAccessorImpl.invoke0(Native Method)
	at sun.reflect.NativeMethodAccessorImpl.invoke(NativeMethodAccessorImpl.java:62)
	at sun.reflect.DelegatingMethodAccessorImpl.invoke(DelegatingMethodAccessorImpl.java:43)
	at java.lang.reflect.Method.invoke(Method.java:498)
	at org.apache.hadoop.hive.metastore.RetryingMetaStoreClient.invoke(RetryingMetaStoreClient.java:218)
	at com.sun.proxy.$Proxy45.dropDatabase(Unknown Source)
	at org.apache.hadoop.hive.ql.metadata.Hive.dropDatabase(Hive.java:662)
	at org.apache.hadoop.hive.ql.ddl.database.drop.DropDatabaseOperation.execute(DropDatabaseOperation.java:52)
	at org.apache.hadoop.hive.ql.ddl.DDLTask.execute(DDLTask.java:84)
	at org.apache.hadoop.hive.ql.exec.Task.executeTask(Task.java:212)
	at org.apache.hadoop.hive.ql.exec.TaskRunner.runSequential(TaskRunner.java:105)
	at org.apache.hadoop.hive.ql.Executor.launchTask(Executor.java:361)
	at org.apache.hadoop.hive.ql.Executor.launchTasks(Executor.java:334)
	at org.apache.hadoop.hive.ql.Executor.runTasks(Executor.java:245)
	at org.apache.hadoop.hive.ql.Executor.execute(Executor.java:108)
	at org.apache.hadoop.hive.ql.Driver.execute(Driver.java:348)
	at org.apache.hadoop.hive.ql.Driver.runInternal(Driver.java:204)
	at org.apache.hadoop.hive.ql.Driver.run(Driver.java:153)
	at org.apache.hadoop.hive.ql.Driver.run(Driver.java:148)
	at org.apache.hadoop.hive.ql.reexec.ReExecDriver.run(ReExecDriver.java:164)
	at org.apache.hadoop.hive.ql.reexec.ReExecDriver.run(ReExecDriver.java:230)
	at org.apache.hive.hcatalog.pig.AbstractHCatLoaderTest.executeStatementOnDriver(AbstractHCatLoaderTest.java:151)
	at org.apache.hive.hcatalog.pig.AbstractHCatLoaderTest.tearDown(AbstractHCatLoaderTest.java:239)
	at sun.reflect.NativeMethodAccessorImpl.invoke0(Native Method)
	at sun.reflect.NativeMethodAccessorImpl.invoke(NativeMethodAccessorImpl.java:62)
	at sun.reflect.DelegatingMethodAccessorImpl.invoke(DelegatingMethodAccessorImpl.java:43)
	at java.lang.reflect.Method.invoke(Method.java:498)
	at org.junit.runners.model.FrameworkMethod$1.runReflectiveCall(FrameworkMethod.java:59)
	at org.junit.internal.runners.model.ReflectiveCallable.run(ReflectiveCallable.java:12)
	at org.junit.runners.model.FrameworkMethod.invokeExplosively(FrameworkMethod.java:56)
	at org.junit.internal.runners.statements.RunAfters.invokeMethod(RunAfters.java:46)
	at org.junit.internal.runners.statements.RunAfters.evaluate(RunAfters.java:33)
	at org.junit.runners.ParentRunner$3.evaluate(ParentRunner.java:306)
	at org.junit.runners.BlockJUnit4ClassRunner$1.evaluate(BlockJUnit4ClassRunner.java:100)
	at org.junit.runners.ParentRunner.runLeaf(ParentRunner.java:366)
	at org.junit.runners.BlockJUnit4ClassRunner.runChild(BlockJUnit4ClassRunner.java:103)
	at org.junit.runners.BlockJUnit4ClassRunner.runChild(BlockJUnit4ClassRunner.java:63)
	at org.junit.runners.ParentRunner$4.run(ParentRunner.java:331)
	at org.junit.runners.ParentRunner$1.schedule(ParentRunner.java:79)
	at org.junit.runners.ParentRunner.runChildren(ParentRunner.java:329)
	at org.junit.runners.ParentRunner.access$100(ParentRunner.java:66)
	at org.junit.runners.ParentRunner$2.evaluate(ParentRunner.java:293)
	at org.junit.internal.runners.statements.RunBefores.evaluate(RunBefores.java:26)
	at org.junit.runners.ParentRunner$3.evaluate(ParentRunner.java:306)
	at org.junit.runners.ParentRunner.run(ParentRunner.java:413)
	at org.junit.runners.Suite.runChild(Suite.java:128)
	at org.junit.runners.Suite.runChild(Suite.java:27)
	at org.junit.runners.ParentRunner$4.run(ParentRunner.java:331)
	at org.junit.runners.ParentRunner$1.schedule(ParentRunner.java:79)
	at org.junit.runners.ParentRunner.runChildren(ParentRunner.java:329)
	at org.junit.runners.ParentRunner.access$100(ParentRunner.java:66)
	at org.junit.runners.ParentRunner$2.evaluate(ParentRunner.java:293)
	at org.junit.runners.ParentRunner$3.evaluate(ParentRunner.java:306)
	at org.junit.runners.ParentRunner.run(ParentRunner.java:413)
	at org.apache.maven.surefire.junitcore.JUnitCore.run(JUnitCore.java:55)
	at org.apache.maven.surefire.junitcore.JUnitCoreWrapper.createRequestAndRun(JUnitCoreWrapper.java:137)
	at org.apache.maven.surefire.junitcore.JUnitCoreWrapper.executeEager(JUnitCoreWrapper.java:107)
	at org.apache.maven.surefire.junitcore.JUnitCoreWrapper.execute(JUnitCoreWrapper.java:83)
	at org.apache.maven.surefire.junitcore.JUnitCoreWrapper.execute(JUnitCoreWrapper.java:75)
	at org.apache.maven.surefire.junitcore.JUnitCoreProvider.invoke(JUnitCoreProvider.java:158)
	at org.apache.maven.surefire.booter.ForkedBooter.runSuitesInProcess(ForkedBooter.java:377)
	at org.apache.maven.surefire.booter.ForkedBooter.execute(ForkedBooter.java:138)
	at org.apache.maven.surefire.booter.ForkedBooter.run(ForkedBooter.java:465)
	at org.apache.maven.surefire.booter.ForkedBooter.main(ForkedBooter.java:451)
Caused by: org.apache.derby.shared.common.error.DerbySQLIntegrityConstraintViolationException: DELETE on table 'DBS' caused a violation of foreign key constraint 'TBLS_FK1' for key (3).  The statement has been rolled back.
	at org.apache.derby.impl.jdbc.SQLExceptionFactory.getSQLException(Unknown Source)
	at org.apache.derby.impl.jdbc.Util.generateCsSQLException(Unknown Source)
	at org.apache.derby.impl.jdbc.TransactionResourceImpl.wrapInSQLException(Unknown Source)
	at org.apache.derby.impl.jdbc.TransactionResourceImpl.handleException(Unknown Source)
	at org.apache.derby.impl.jdbc.EmbedConnection.handleException(Unknown Source)
	at org.apache.derby.impl.jdbc.ConnectionChild.handleException(Unknown Source)
	at org.apache.derby.impl.jdbc.EmbedStatement.executeStatement(Unknown Source)
	at org.apache.derby.impl.jdbc.EmbedPreparedStatement.executeBatchElement(Unknown Source)
	... 94 more
Caused by: ERROR 23503: DELETE on table 'DBS' caused a violation of foreign key constraint 'TBLS_FK1' for key (3).  The statement has been rolled back.
	at org.apache.derby.iapi.error.StandardException.newException(Unknown Source)
	at org.apache.derby.iapi.error.StandardException.newException(Unknown Source)
	at org.apache.derby.impl.sql.execute.ReferencedKeyRIChecker.doCheck(Unknown Source)
	at org.apache.derby.impl.sql.execute.RISetChecker.doPKCheck(Unknown Source)
	at org.apache.derby.impl.sql.execute.DeleteResultSet.collectAffectedRows(Unknown Source)
	at org.apache.derby.impl.sql.execute.DeleteResultSet.open(Unknown Source)
	at org.apache.derby.impl.sql.GenericPreparedStatement.executeStmt(Unknown Source)
	at org.apache.derby.impl.sql.GenericPreparedStatement.execute(Unknown Source)
	... 96 more

2024-04-24T11:28:11,785  INFO [main] HiveMetaStore.audit: ugi=alex	ip=unknown-ip-addr	cmd=drop_database: @hive#junit_specific_db	
2024-04-24T11:28:11,789  INFO [main] HiveMetaStore.audit: ugi=alex	ip=unknown-ip-addr	cmd=get_all_tables: db=@hive#junit_specific_db	
2024-04-24T11:28:11,790  INFO [main] HiveMetaStore.audit: ugi=alex	ip=unknown-ip-addr	cmd=get_functions: db=@hive#junit_specific_db pat=*	
2024-04-24T11:28:11,791  INFO [main] HiveMetaStore.audit: ugi=alex	ip=unknown-ip-addr	cmd=get_all_stored_procedures	
2024-04-24T11:28:11,793  INFO [main] HiveMetaStore.audit: ugi=alex	ip=unknown-ip-addr	cmd=get_all_packages	
2024-04-24T11:28:11,794  INFO [main] HiveMetaStore.audit: ugi=alex	ip=unknown-ip-addr	cmd=getTablesByTypeCore: catName=hive: db=junit_specific_db pat=.*,type=MATERIALIZED_VIEW	
2024-04-24T11:28:11,798  INFO [main] metastore.ObjectStore: Dropping database hive.junit_specific_db along with all tables
2024-04-24T11:28:11,805  INFO [main] txn.TxnHandler: Non-retryable error in cleanupRecords : Table/View 'TXN_COMPONENTS' does not exist. (SQLState=42X05, ErrorCode=20000)
2024-04-24T11:28:11,805  WARN [main] txn.TxnHandler: Cannot perform cleanup since metastore table does not exist
2024-04-24T11:28:11,806 ERROR [main] metastore.RetryingHMSHandler: Retrying HMSHandler after 2000 ms (attempt 9 of 10) with error: javax.jdo.JDODataStoreException: Exception thrown flushing changes to datastore
	at org.datanucleus.api.jdo.NucleusJDOHelper.getJDOExceptionForNucleusException(NucleusJDOHelper.java:542)
	at org.datanucleus.api.jdo.JDOTransaction.commit(JDOTransaction.java:162)
	at org.apache.hadoop.hive.metastore.ObjectStore.commitTransaction(ObjectStore.java:615)
	at sun.reflect.GeneratedMethodAccessor31.invoke(Unknown Source)
	at sun.reflect.DelegatingMethodAccessorImpl.invoke(DelegatingMethodAccessorImpl.java:43)
	at java.lang.reflect.Method.invoke(Method.java:498)
	at org.apache.hadoop.hive.metastore.RawStoreProxy.invoke(RawStoreProxy.java:97)
	at com.sun.proxy.$Proxy32.commitTransaction(Unknown Source)
	at org.apache.hadoop.hive.metastore.HMSHandler.drop_database_core(HMSHandler.java:1790)
	at org.apache.hadoop.hive.metastore.HMSHandler.drop_database(HMSHandler.java:1869)
	at sun.reflect.GeneratedMethodAccessor54.invoke(Unknown Source)
	at sun.reflect.DelegatingMethodAccessorImpl.invoke(DelegatingMethodAccessorImpl.java:43)
	at java.lang.reflect.Method.invoke(Method.java:498)
	at org.apache.hadoop.hive.metastore.RetryingHMSHandler.invokeInternal(RetryingHMSHandler.java:147)
	at org.apache.hadoop.hive.metastore.RetryingHMSHandler.invoke(RetryingHMSHandler.java:108)
	at com.sun.proxy.$Proxy35.drop_database(Unknown Source)
	at org.apache.hadoop.hive.metastore.HiveMetaStoreClient.dropDatabaseCascadePerDb(HiveMetaStoreClient.java:1601)
	at org.apache.hadoop.hive.metastore.HiveMetaStoreClient.dropDatabase(HiveMetaStoreClient.java:1532)
	at org.apache.hadoop.hive.metastore.HiveMetaStoreClient.dropDatabase(HiveMetaStoreClient.java:1485)
	at sun.reflect.NativeMethodAccessorImpl.invoke0(Native Method)
	at sun.reflect.NativeMethodAccessorImpl.invoke(NativeMethodAccessorImpl.java:62)
	at sun.reflect.DelegatingMethodAccessorImpl.invoke(DelegatingMethodAccessorImpl.java:43)
	at java.lang.reflect.Method.invoke(Method.java:498)
	at org.apache.hadoop.hive.metastore.RetryingMetaStoreClient.invoke(RetryingMetaStoreClient.java:218)
	at com.sun.proxy.$Proxy45.dropDatabase(Unknown Source)
	at org.apache.hadoop.hive.ql.metadata.Hive.dropDatabase(Hive.java:662)
	at org.apache.hadoop.hive.ql.ddl.database.drop.DropDatabaseOperation.execute(DropDatabaseOperation.java:52)
	at org.apache.hadoop.hive.ql.ddl.DDLTask.execute(DDLTask.java:84)
	at org.apache.hadoop.hive.ql.exec.Task.executeTask(Task.java:212)
	at org.apache.hadoop.hive.ql.exec.TaskRunner.runSequential(TaskRunner.java:105)
	at org.apache.hadoop.hive.ql.Executor.launchTask(Executor.java:361)
	at org.apache.hadoop.hive.ql.Executor.launchTasks(Executor.java:334)
	at org.apache.hadoop.hive.ql.Executor.runTasks(Executor.java:245)
	at org.apache.hadoop.hive.ql.Executor.execute(Executor.java:108)
	at org.apache.hadoop.hive.ql.Driver.execute(Driver.java:348)
	at org.apache.hadoop.hive.ql.Driver.runInternal(Driver.java:204)
	at org.apache.hadoop.hive.ql.Driver.run(Driver.java:153)
	at org.apache.hadoop.hive.ql.Driver.run(Driver.java:148)
	at org.apache.hadoop.hive.ql.reexec.ReExecDriver.run(ReExecDriver.java:164)
	at org.apache.hadoop.hive.ql.reexec.ReExecDriver.run(ReExecDriver.java:230)
	at org.apache.hive.hcatalog.pig.AbstractHCatLoaderTest.executeStatementOnDriver(AbstractHCatLoaderTest.java:151)
	at org.apache.hive.hcatalog.pig.AbstractHCatLoaderTest.tearDown(AbstractHCatLoaderTest.java:239)
	at sun.reflect.NativeMethodAccessorImpl.invoke0(Native Method)
	at sun.reflect.NativeMethodAccessorImpl.invoke(NativeMethodAccessorImpl.java:62)
	at sun.reflect.DelegatingMethodAccessorImpl.invoke(DelegatingMethodAccessorImpl.java:43)
	at java.lang.reflect.Method.invoke(Method.java:498)
	at org.junit.runners.model.FrameworkMethod$1.runReflectiveCall(FrameworkMethod.java:59)
	at org.junit.internal.runners.model.ReflectiveCallable.run(ReflectiveCallable.java:12)
	at org.junit.runners.model.FrameworkMethod.invokeExplosively(FrameworkMethod.java:56)
	at org.junit.internal.runners.statements.RunAfters.invokeMethod(RunAfters.java:46)
	at org.junit.internal.runners.statements.RunAfters.evaluate(RunAfters.java:33)
	at org.junit.runners.ParentRunner$3.evaluate(ParentRunner.java:306)
	at org.junit.runners.BlockJUnit4ClassRunner$1.evaluate(BlockJUnit4ClassRunner.java:100)
	at org.junit.runners.ParentRunner.runLeaf(ParentRunner.java:366)
	at org.junit.runners.BlockJUnit4ClassRunner.runChild(BlockJUnit4ClassRunner.java:103)
	at org.junit.runners.BlockJUnit4ClassRunner.runChild(BlockJUnit4ClassRunner.java:63)
	at org.junit.runners.ParentRunner$4.run(ParentRunner.java:331)
	at org.junit.runners.ParentRunner$1.schedule(ParentRunner.java:79)
	at org.junit.runners.ParentRunner.runChildren(ParentRunner.java:329)
	at org.junit.runners.ParentRunner.access$100(ParentRunner.java:66)
	at org.junit.runners.ParentRunner$2.evaluate(ParentRunner.java:293)
	at org.junit.internal.runners.statements.RunBefores.evaluate(RunBefores.java:26)
	at org.junit.runners.ParentRunner$3.evaluate(ParentRunner.java:306)
	at org.junit.runners.ParentRunner.run(ParentRunner.java:413)
	at org.junit.runners.Suite.runChild(Suite.java:128)
	at org.junit.runners.Suite.runChild(Suite.java:27)
	at org.junit.runners.ParentRunner$4.run(ParentRunner.java:331)
	at org.junit.runners.ParentRunner$1.schedule(ParentRunner.java:79)
	at org.junit.runners.ParentRunner.runChildren(ParentRunner.java:329)
	at org.junit.runners.ParentRunner.access$100(ParentRunner.java:66)
	at org.junit.runners.ParentRunner$2.evaluate(ParentRunner.java:293)
	at org.junit.runners.ParentRunner$3.evaluate(ParentRunner.java:306)
	at org.junit.runners.ParentRunner.run(ParentRunner.java:413)
	at org.apache.maven.surefire.junitcore.JUnitCore.run(JUnitCore.java:55)
	at org.apache.maven.surefire.junitcore.JUnitCoreWrapper.createRequestAndRun(JUnitCoreWrapper.java:137)
	at org.apache.maven.surefire.junitcore.JUnitCoreWrapper.executeEager(JUnitCoreWrapper.java:107)
	at org.apache.maven.surefire.junitcore.JUnitCoreWrapper.execute(JUnitCoreWrapper.java:83)
	at org.apache.maven.surefire.junitcore.JUnitCoreWrapper.execute(JUnitCoreWrapper.java:75)
	at org.apache.maven.surefire.junitcore.JUnitCoreProvider.invoke(JUnitCoreProvider.java:158)
	at org.apache.maven.surefire.booter.ForkedBooter.runSuitesInProcess(ForkedBooter.java:377)
	at org.apache.maven.surefire.booter.ForkedBooter.execute(ForkedBooter.java:138)
	at org.apache.maven.surefire.booter.ForkedBooter.run(ForkedBooter.java:465)
	at org.apache.maven.surefire.booter.ForkedBooter.main(ForkedBooter.java:451)
NestedThrowablesStackTrace:
java.sql.BatchUpdateException: DELETE on table 'DBS' caused a violation of foreign key constraint 'TBLS_FK1' for key (3).  The statement has been rolled back.
	at org.apache.derby.impl.jdbc.EmbedStatement.executeLargeBatch(Unknown Source)
	at org.apache.derby.impl.jdbc.EmbedStatement.executeBatch(Unknown Source)
	at com.zaxxer.hikari.pool.ProxyStatement.executeBatch(ProxyStatement.java:128)
	at com.zaxxer.hikari.pool.HikariProxyPreparedStatement.executeBatch(HikariProxyPreparedStatement.java)
	at org.datanucleus.store.rdbms.ParamLoggingPreparedStatement.executeBatch(ParamLoggingPreparedStatement.java:366)
	at org.datanucleus.store.rdbms.SQLController.processConnectionStatement(SQLController.java:675)
	at org.datanucleus.store.rdbms.SQLController.processStatementsForConnection(SQLController.java:643)
	at org.datanucleus.store.rdbms.SQLController$1.transactionFlushed(SQLController.java:729)
	at org.datanucleus.store.connection.AbstractManagedConnection.transactionFlushed(AbstractManagedConnection.java:95)
	at org.datanucleus.store.connection.ConnectionManagerImpl$2.transactionFlushed(ConnectionManagerImpl.java:528)
	at org.datanucleus.TransactionImpl.flush(TransactionImpl.java:222)
	at org.datanucleus.TransactionImpl.commit(TransactionImpl.java:286)
	at org.datanucleus.api.jdo.JDOTransaction.commit(JDOTransaction.java:99)
	at org.apache.hadoop.hive.metastore.ObjectStore.commitTransaction(ObjectStore.java:615)
	at sun.reflect.GeneratedMethodAccessor31.invoke(Unknown Source)
	at sun.reflect.DelegatingMethodAccessorImpl.invoke(DelegatingMethodAccessorImpl.java:43)
	at java.lang.reflect.Method.invoke(Method.java:498)
	at org.apache.hadoop.hive.metastore.RawStoreProxy.invoke(RawStoreProxy.java:97)
	at com.sun.proxy.$Proxy32.commitTransaction(Unknown Source)
	at org.apache.hadoop.hive.metastore.HMSHandler.drop_database_core(HMSHandler.java:1790)
	at org.apache.hadoop.hive.metastore.HMSHandler.drop_database(HMSHandler.java:1869)
	at sun.reflect.GeneratedMethodAccessor54.invoke(Unknown Source)
	at sun.reflect.DelegatingMethodAccessorImpl.invoke(DelegatingMethodAccessorImpl.java:43)
	at java.lang.reflect.Method.invoke(Method.java:498)
	at org.apache.hadoop.hive.metastore.RetryingHMSHandler.invokeInternal(RetryingHMSHandler.java:147)
	at org.apache.hadoop.hive.metastore.RetryingHMSHandler.invoke(RetryingHMSHandler.java:108)
	at com.sun.proxy.$Proxy35.drop_database(Unknown Source)
	at org.apache.hadoop.hive.metastore.HiveMetaStoreClient.dropDatabaseCascadePerDb(HiveMetaStoreClient.java:1601)
	at org.apache.hadoop.hive.metastore.HiveMetaStoreClient.dropDatabase(HiveMetaStoreClient.java:1532)
	at org.apache.hadoop.hive.metastore.HiveMetaStoreClient.dropDatabase(HiveMetaStoreClient.java:1485)
	at sun.reflect.NativeMethodAccessorImpl.invoke0(Native Method)
	at sun.reflect.NativeMethodAccessorImpl.invoke(NativeMethodAccessorImpl.java:62)
	at sun.reflect.DelegatingMethodAccessorImpl.invoke(DelegatingMethodAccessorImpl.java:43)
	at java.lang.reflect.Method.invoke(Method.java:498)
	at org.apache.hadoop.hive.metastore.RetryingMetaStoreClient.invoke(RetryingMetaStoreClient.java:218)
	at com.sun.proxy.$Proxy45.dropDatabase(Unknown Source)
	at org.apache.hadoop.hive.ql.metadata.Hive.dropDatabase(Hive.java:662)
	at org.apache.hadoop.hive.ql.ddl.database.drop.DropDatabaseOperation.execute(DropDatabaseOperation.java:52)
	at org.apache.hadoop.hive.ql.ddl.DDLTask.execute(DDLTask.java:84)
	at org.apache.hadoop.hive.ql.exec.Task.executeTask(Task.java:212)
	at org.apache.hadoop.hive.ql.exec.TaskRunner.runSequential(TaskRunner.java:105)
	at org.apache.hadoop.hive.ql.Executor.launchTask(Executor.java:361)
	at org.apache.hadoop.hive.ql.Executor.launchTasks(Executor.java:334)
	at org.apache.hadoop.hive.ql.Executor.runTasks(Executor.java:245)
	at org.apache.hadoop.hive.ql.Executor.execute(Executor.java:108)
	at org.apache.hadoop.hive.ql.Driver.execute(Driver.java:348)
	at org.apache.hadoop.hive.ql.Driver.runInternal(Driver.java:204)
	at org.apache.hadoop.hive.ql.Driver.run(Driver.java:153)
	at org.apache.hadoop.hive.ql.Driver.run(Driver.java:148)
	at org.apache.hadoop.hive.ql.reexec.ReExecDriver.run(ReExecDriver.java:164)
	at org.apache.hadoop.hive.ql.reexec.ReExecDriver.run(ReExecDriver.java:230)
	at org.apache.hive.hcatalog.pig.AbstractHCatLoaderTest.executeStatementOnDriver(AbstractHCatLoaderTest.java:151)
	at org.apache.hive.hcatalog.pig.AbstractHCatLoaderTest.tearDown(AbstractHCatLoaderTest.java:239)
	at sun.reflect.NativeMethodAccessorImpl.invoke0(Native Method)
	at sun.reflect.NativeMethodAccessorImpl.invoke(NativeMethodAccessorImpl.java:62)
	at sun.reflect.DelegatingMethodAccessorImpl.invoke(DelegatingMethodAccessorImpl.java:43)
	at java.lang.reflect.Method.invoke(Method.java:498)
	at org.junit.runners.model.FrameworkMethod$1.runReflectiveCall(FrameworkMethod.java:59)
	at org.junit.internal.runners.model.ReflectiveCallable.run(ReflectiveCallable.java:12)
	at org.junit.runners.model.FrameworkMethod.invokeExplosively(FrameworkMethod.java:56)
	at org.junit.internal.runners.statements.RunAfters.invokeMethod(RunAfters.java:46)
	at org.junit.internal.runners.statements.RunAfters.evaluate(RunAfters.java:33)
	at org.junit.runners.ParentRunner$3.evaluate(ParentRunner.java:306)
	at org.junit.runners.BlockJUnit4ClassRunner$1.evaluate(BlockJUnit4ClassRunner.java:100)
	at org.junit.runners.ParentRunner.runLeaf(ParentRunner.java:366)
	at org.junit.runners.BlockJUnit4ClassRunner.runChild(BlockJUnit4ClassRunner.java:103)
	at org.junit.runners.BlockJUnit4ClassRunner.runChild(BlockJUnit4ClassRunner.java:63)
	at org.junit.runners.ParentRunner$4.run(ParentRunner.java:331)
	at org.junit.runners.ParentRunner$1.schedule(ParentRunner.java:79)
	at org.junit.runners.ParentRunner.runChildren(ParentRunner.java:329)
	at org.junit.runners.ParentRunner.access$100(ParentRunner.java:66)
	at org.junit.runners.ParentRunner$2.evaluate(ParentRunner.java:293)
	at org.junit.internal.runners.statements.RunBefores.evaluate(RunBefores.java:26)
	at org.junit.runners.ParentRunner$3.evaluate(ParentRunner.java:306)
	at org.junit.runners.ParentRunner.run(ParentRunner.java:413)
	at org.junit.runners.Suite.runChild(Suite.java:128)
	at org.junit.runners.Suite.runChild(Suite.java:27)
	at org.junit.runners.ParentRunner$4.run(ParentRunner.java:331)
	at org.junit.runners.ParentRunner$1.schedule(ParentRunner.java:79)
	at org.junit.runners.ParentRunner.runChildren(ParentRunner.java:329)
	at org.junit.runners.ParentRunner.access$100(ParentRunner.java:66)
	at org.junit.runners.ParentRunner$2.evaluate(ParentRunner.java:293)
	at org.junit.runners.ParentRunner$3.evaluate(ParentRunner.java:306)
	at org.junit.runners.ParentRunner.run(ParentRunner.java:413)
	at org.apache.maven.surefire.junitcore.JUnitCore.run(JUnitCore.java:55)
	at org.apache.maven.surefire.junitcore.JUnitCoreWrapper.createRequestAndRun(JUnitCoreWrapper.java:137)
	at org.apache.maven.surefire.junitcore.JUnitCoreWrapper.executeEager(JUnitCoreWrapper.java:107)
	at org.apache.maven.surefire.junitcore.JUnitCoreWrapper.execute(JUnitCoreWrapper.java:83)
	at org.apache.maven.surefire.junitcore.JUnitCoreWrapper.execute(JUnitCoreWrapper.java:75)
	at org.apache.maven.surefire.junitcore.JUnitCoreProvider.invoke(JUnitCoreProvider.java:158)
	at org.apache.maven.surefire.booter.ForkedBooter.runSuitesInProcess(ForkedBooter.java:377)
	at org.apache.maven.surefire.booter.ForkedBooter.execute(ForkedBooter.java:138)
	at org.apache.maven.surefire.booter.ForkedBooter.run(ForkedBooter.java:465)
	at org.apache.maven.surefire.booter.ForkedBooter.main(ForkedBooter.java:451)
Caused by: org.apache.derby.shared.common.error.DerbySQLIntegrityConstraintViolationException: DELETE on table 'DBS' caused a violation of foreign key constraint 'TBLS_FK1' for key (3).  The statement has been rolled back.
	at org.apache.derby.impl.jdbc.SQLExceptionFactory.getSQLException(Unknown Source)
	at org.apache.derby.impl.jdbc.Util.generateCsSQLException(Unknown Source)
	at org.apache.derby.impl.jdbc.TransactionResourceImpl.wrapInSQLException(Unknown Source)
	at org.apache.derby.impl.jdbc.TransactionResourceImpl.handleException(Unknown Source)
	at org.apache.derby.impl.jdbc.EmbedConnection.handleException(Unknown Source)
	at org.apache.derby.impl.jdbc.ConnectionChild.handleException(Unknown Source)
	at org.apache.derby.impl.jdbc.EmbedStatement.executeStatement(Unknown Source)
	at org.apache.derby.impl.jdbc.EmbedPreparedStatement.executeBatchElement(Unknown Source)
	... 94 more
Caused by: ERROR 23503: DELETE on table 'DBS' caused a violation of foreign key constraint 'TBLS_FK1' for key (3).  The statement has been rolled back.
	at org.apache.derby.iapi.error.StandardException.newException(Unknown Source)
	at org.apache.derby.iapi.error.StandardException.newException(Unknown Source)
	at org.apache.derby.impl.sql.execute.ReferencedKeyRIChecker.doCheck(Unknown Source)
	at org.apache.derby.impl.sql.execute.RISetChecker.doPKCheck(Unknown Source)
	at org.apache.derby.impl.sql.execute.DeleteResultSet.collectAffectedRows(Unknown Source)
	at org.apache.derby.impl.sql.execute.DeleteResultSet.open(Unknown Source)
	at org.apache.derby.impl.sql.GenericPreparedStatement.executeStmt(Unknown Source)
	at org.apache.derby.impl.sql.GenericPreparedStatement.execute(Unknown Source)
	... 96 more

2024-04-24T11:28:13,807  INFO [main] HiveMetaStore.audit: ugi=alex	ip=unknown-ip-addr	cmd=drop_database: @hive#junit_specific_db	
2024-04-24T11:28:13,812  INFO [main] HiveMetaStore.audit: ugi=alex	ip=unknown-ip-addr	cmd=get_all_tables: db=@hive#junit_specific_db	
2024-04-24T11:28:13,813  INFO [main] HiveMetaStore.audit: ugi=alex	ip=unknown-ip-addr	cmd=get_functions: db=@hive#junit_specific_db pat=*	
2024-04-24T11:28:13,815  INFO [main] HiveMetaStore.audit: ugi=alex	ip=unknown-ip-addr	cmd=get_all_stored_procedures	
2024-04-24T11:28:13,816  INFO [main] HiveMetaStore.audit: ugi=alex	ip=unknown-ip-addr	cmd=get_all_packages	
2024-04-24T11:28:13,818  INFO [main] HiveMetaStore.audit: ugi=alex	ip=unknown-ip-addr	cmd=getTablesByTypeCore: catName=hive: db=junit_specific_db pat=.*,type=MATERIALIZED_VIEW	
2024-04-24T11:28:13,822  INFO [main] metastore.ObjectStore: Dropping database hive.junit_specific_db along with all tables
2024-04-24T11:28:13,830  INFO [main] txn.TxnHandler: Non-retryable error in cleanupRecords : Table/View 'TXN_COMPONENTS' does not exist. (SQLState=42X05, ErrorCode=20000)
2024-04-24T11:28:13,830  WARN [main] txn.TxnHandler: Cannot perform cleanup since metastore table does not exist
2024-04-24T11:28:13,831 ERROR [main] metastore.RetryingHMSHandler: Retrying HMSHandler after 2000 ms (attempt 10 of 10) with error: javax.jdo.JDODataStoreException: Exception thrown flushing changes to datastore
	at org.datanucleus.api.jdo.NucleusJDOHelper.getJDOExceptionForNucleusException(NucleusJDOHelper.java:542)
	at org.datanucleus.api.jdo.JDOTransaction.commit(JDOTransaction.java:162)
	at org.apache.hadoop.hive.metastore.ObjectStore.commitTransaction(ObjectStore.java:615)
	at sun.reflect.GeneratedMethodAccessor31.invoke(Unknown Source)
	at sun.reflect.DelegatingMethodAccessorImpl.invoke(DelegatingMethodAccessorImpl.java:43)
	at java.lang.reflect.Method.invoke(Method.java:498)
	at org.apache.hadoop.hive.metastore.RawStoreProxy.invoke(RawStoreProxy.java:97)
	at com.sun.proxy.$Proxy32.commitTransaction(Unknown Source)
	at org.apache.hadoop.hive.metastore.HMSHandler.drop_database_core(HMSHandler.java:1790)
	at org.apache.hadoop.hive.metastore.HMSHandler.drop_database(HMSHandler.java:1869)
	at sun.reflect.GeneratedMethodAccessor54.invoke(Unknown Source)
	at sun.reflect.DelegatingMethodAccessorImpl.invoke(DelegatingMethodAccessorImpl.java:43)
	at java.lang.reflect.Method.invoke(Method.java:498)
	at org.apache.hadoop.hive.metastore.RetryingHMSHandler.invokeInternal(RetryingHMSHandler.java:147)
	at org.apache.hadoop.hive.metastore.RetryingHMSHandler.invoke(RetryingHMSHandler.java:108)
	at com.sun.proxy.$Proxy35.drop_database(Unknown Source)
	at org.apache.hadoop.hive.metastore.HiveMetaStoreClient.dropDatabaseCascadePerDb(HiveMetaStoreClient.java:1601)
	at org.apache.hadoop.hive.metastore.HiveMetaStoreClient.dropDatabase(HiveMetaStoreClient.java:1532)
	at org.apache.hadoop.hive.metastore.HiveMetaStoreClient.dropDatabase(HiveMetaStoreClient.java:1485)
	at sun.reflect.NativeMethodAccessorImpl.invoke0(Native Method)
	at sun.reflect.NativeMethodAccessorImpl.invoke(NativeMethodAccessorImpl.java:62)
	at sun.reflect.DelegatingMethodAccessorImpl.invoke(DelegatingMethodAccessorImpl.java:43)
	at java.lang.reflect.Method.invoke(Method.java:498)
	at org.apache.hadoop.hive.metastore.RetryingMetaStoreClient.invoke(RetryingMetaStoreClient.java:218)
	at com.sun.proxy.$Proxy45.dropDatabase(Unknown Source)
	at org.apache.hadoop.hive.ql.metadata.Hive.dropDatabase(Hive.java:662)
	at org.apache.hadoop.hive.ql.ddl.database.drop.DropDatabaseOperation.execute(DropDatabaseOperation.java:52)
	at org.apache.hadoop.hive.ql.ddl.DDLTask.execute(DDLTask.java:84)
	at org.apache.hadoop.hive.ql.exec.Task.executeTask(Task.java:212)
	at org.apache.hadoop.hive.ql.exec.TaskRunner.runSequential(TaskRunner.java:105)
	at org.apache.hadoop.hive.ql.Executor.launchTask(Executor.java:361)
	at org.apache.hadoop.hive.ql.Executor.launchTasks(Executor.java:334)
	at org.apache.hadoop.hive.ql.Executor.runTasks(Executor.java:245)
	at org.apache.hadoop.hive.ql.Executor.execute(Executor.java:108)
	at org.apache.hadoop.hive.ql.Driver.execute(Driver.java:348)
	at org.apache.hadoop.hive.ql.Driver.runInternal(Driver.java:204)
	at org.apache.hadoop.hive.ql.Driver.run(Driver.java:153)
	at org.apache.hadoop.hive.ql.Driver.run(Driver.java:148)
	at org.apache.hadoop.hive.ql.reexec.ReExecDriver.run(ReExecDriver.java:164)
	at org.apache.hadoop.hive.ql.reexec.ReExecDriver.run(ReExecDriver.java:230)
	at org.apache.hive.hcatalog.pig.AbstractHCatLoaderTest.executeStatementOnDriver(AbstractHCatLoaderTest.java:151)
	at org.apache.hive.hcatalog.pig.AbstractHCatLoaderTest.tearDown(AbstractHCatLoaderTest.java:239)
	at sun.reflect.NativeMethodAccessorImpl.invoke0(Native Method)
	at sun.reflect.NativeMethodAccessorImpl.invoke(NativeMethodAccessorImpl.java:62)
	at sun.reflect.DelegatingMethodAccessorImpl.invoke(DelegatingMethodAccessorImpl.java:43)
	at java.lang.reflect.Method.invoke(Method.java:498)
	at org.junit.runners.model.FrameworkMethod$1.runReflectiveCall(FrameworkMethod.java:59)
	at org.junit.internal.runners.model.ReflectiveCallable.run(ReflectiveCallable.java:12)
	at org.junit.runners.model.FrameworkMethod.invokeExplosively(FrameworkMethod.java:56)
	at org.junit.internal.runners.statements.RunAfters.invokeMethod(RunAfters.java:46)
	at org.junit.internal.runners.statements.RunAfters.evaluate(RunAfters.java:33)
	at org.junit.runners.ParentRunner$3.evaluate(ParentRunner.java:306)
	at org.junit.runners.BlockJUnit4ClassRunner$1.evaluate(BlockJUnit4ClassRunner.java:100)
	at org.junit.runners.ParentRunner.runLeaf(ParentRunner.java:366)
	at org.junit.runners.BlockJUnit4ClassRunner.runChild(BlockJUnit4ClassRunner.java:103)
	at org.junit.runners.BlockJUnit4ClassRunner.runChild(BlockJUnit4ClassRunner.java:63)
	at org.junit.runners.ParentRunner$4.run(ParentRunner.java:331)
	at org.junit.runners.ParentRunner$1.schedule(ParentRunner.java:79)
	at org.junit.runners.ParentRunner.runChildren(ParentRunner.java:329)
	at org.junit.runners.ParentRunner.access$100(ParentRunner.java:66)
	at org.junit.runners.ParentRunner$2.evaluate(ParentRunner.java:293)
	at org.junit.internal.runners.statements.RunBefores.evaluate(RunBefores.java:26)
	at org.junit.runners.ParentRunner$3.evaluate(ParentRunner.java:306)
	at org.junit.runners.ParentRunner.run(ParentRunner.java:413)
	at org.junit.runners.Suite.runChild(Suite.java:128)
	at org.junit.runners.Suite.runChild(Suite.java:27)
	at org.junit.runners.ParentRunner$4.run(ParentRunner.java:331)
	at org.junit.runners.ParentRunner$1.schedule(ParentRunner.java:79)
	at org.junit.runners.ParentRunner.runChildren(ParentRunner.java:329)
	at org.junit.runners.ParentRunner.access$100(ParentRunner.java:66)
	at org.junit.runners.ParentRunner$2.evaluate(ParentRunner.java:293)
	at org.junit.runners.ParentRunner$3.evaluate(ParentRunner.java:306)
	at org.junit.runners.ParentRunner.run(ParentRunner.java:413)
	at org.apache.maven.surefire.junitcore.JUnitCore.run(JUnitCore.java:55)
	at org.apache.maven.surefire.junitcore.JUnitCoreWrapper.createRequestAndRun(JUnitCoreWrapper.java:137)
	at org.apache.maven.surefire.junitcore.JUnitCoreWrapper.executeEager(JUnitCoreWrapper.java:107)
	at org.apache.maven.surefire.junitcore.JUnitCoreWrapper.execute(JUnitCoreWrapper.java:83)
	at org.apache.maven.surefire.junitcore.JUnitCoreWrapper.execute(JUnitCoreWrapper.java:75)
	at org.apache.maven.surefire.junitcore.JUnitCoreProvider.invoke(JUnitCoreProvider.java:158)
	at org.apache.maven.surefire.booter.ForkedBooter.runSuitesInProcess(ForkedBooter.java:377)
	at org.apache.maven.surefire.booter.ForkedBooter.execute(ForkedBooter.java:138)
	at org.apache.maven.surefire.booter.ForkedBooter.run(ForkedBooter.java:465)
	at org.apache.maven.surefire.booter.ForkedBooter.main(ForkedBooter.java:451)
NestedThrowablesStackTrace:
java.sql.BatchUpdateException: DELETE on table 'DBS' caused a violation of foreign key constraint 'TBLS_FK1' for key (3).  The statement has been rolled back.
	at org.apache.derby.impl.jdbc.EmbedStatement.executeLargeBatch(Unknown Source)
	at org.apache.derby.impl.jdbc.EmbedStatement.executeBatch(Unknown Source)
	at com.zaxxer.hikari.pool.ProxyStatement.executeBatch(ProxyStatement.java:128)
	at com.zaxxer.hikari.pool.HikariProxyPreparedStatement.executeBatch(HikariProxyPreparedStatement.java)
	at org.datanucleus.store.rdbms.ParamLoggingPreparedStatement.executeBatch(ParamLoggingPreparedStatement.java:366)
	at org.datanucleus.store.rdbms.SQLController.processConnectionStatement(SQLController.java:675)
	at org.datanucleus.store.rdbms.SQLController.processStatementsForConnection(SQLController.java:643)
	at org.datanucleus.store.rdbms.SQLController$1.transactionFlushed(SQLController.java:729)
	at org.datanucleus.store.connection.AbstractManagedConnection.transactionFlushed(AbstractManagedConnection.java:95)
	at org.datanucleus.store.connection.ConnectionManagerImpl$2.transactionFlushed(ConnectionManagerImpl.java:528)
	at org.datanucleus.TransactionImpl.flush(TransactionImpl.java:222)
	at org.datanucleus.TransactionImpl.commit(TransactionImpl.java:286)
	at org.datanucleus.api.jdo.JDOTransaction.commit(JDOTransaction.java:99)
	at org.apache.hadoop.hive.metastore.ObjectStore.commitTransaction(ObjectStore.java:615)
	at sun.reflect.GeneratedMethodAccessor31.invoke(Unknown Source)
	at sun.reflect.DelegatingMethodAccessorImpl.invoke(DelegatingMethodAccessorImpl.java:43)
	at java.lang.reflect.Method.invoke(Method.java:498)
	at org.apache.hadoop.hive.metastore.RawStoreProxy.invoke(RawStoreProxy.java:97)
	at com.sun.proxy.$Proxy32.commitTransaction(Unknown Source)
	at org.apache.hadoop.hive.metastore.HMSHandler.drop_database_core(HMSHandler.java:1790)
	at org.apache.hadoop.hive.metastore.HMSHandler.drop_database(HMSHandler.java:1869)
	at sun.reflect.GeneratedMethodAccessor54.invoke(Unknown Source)
	at sun.reflect.DelegatingMethodAccessorImpl.invoke(DelegatingMethodAccessorImpl.java:43)
	at java.lang.reflect.Method.invoke(Method.java:498)
	at org.apache.hadoop.hive.metastore.RetryingHMSHandler.invokeInternal(RetryingHMSHandler.java:147)
	at org.apache.hadoop.hive.metastore.RetryingHMSHandler.invoke(RetryingHMSHandler.java:108)
	at com.sun.proxy.$Proxy35.drop_database(Unknown Source)
	at org.apache.hadoop.hive.metastore.HiveMetaStoreClient.dropDatabaseCascadePerDb(HiveMetaStoreClient.java:1601)
	at org.apache.hadoop.hive.metastore.HiveMetaStoreClient.dropDatabase(HiveMetaStoreClient.java:1532)
	at org.apache.hadoop.hive.metastore.HiveMetaStoreClient.dropDatabase(HiveMetaStoreClient.java:1485)
	at sun.reflect.NativeMethodAccessorImpl.invoke0(Native Method)
	at sun.reflect.NativeMethodAccessorImpl.invoke(NativeMethodAccessorImpl.java:62)
	at sun.reflect.DelegatingMethodAccessorImpl.invoke(DelegatingMethodAccessorImpl.java:43)
	at java.lang.reflect.Method.invoke(Method.java:498)
	at org.apache.hadoop.hive.metastore.RetryingMetaStoreClient.invoke(RetryingMetaStoreClient.java:218)
	at com.sun.proxy.$Proxy45.dropDatabase(Unknown Source)
	at org.apache.hadoop.hive.ql.metadata.Hive.dropDatabase(Hive.java:662)
	at org.apache.hadoop.hive.ql.ddl.database.drop.DropDatabaseOperation.execute(DropDatabaseOperation.java:52)
	at org.apache.hadoop.hive.ql.ddl.DDLTask.execute(DDLTask.java:84)
	at org.apache.hadoop.hive.ql.exec.Task.executeTask(Task.java:212)
	at org.apache.hadoop.hive.ql.exec.TaskRunner.runSequential(TaskRunner.java:105)
	at org.apache.hadoop.hive.ql.Executor.launchTask(Executor.java:361)
	at org.apache.hadoop.hive.ql.Executor.launchTasks(Executor.java:334)
	at org.apache.hadoop.hive.ql.Executor.runTasks(Executor.java:245)
	at org.apache.hadoop.hive.ql.Executor.execute(Executor.java:108)
	at org.apache.hadoop.hive.ql.Driver.execute(Driver.java:348)
	at org.apache.hadoop.hive.ql.Driver.runInternal(Driver.java:204)
	at org.apache.hadoop.hive.ql.Driver.run(Driver.java:153)
	at org.apache.hadoop.hive.ql.Driver.run(Driver.java:148)
	at org.apache.hadoop.hive.ql.reexec.ReExecDriver.run(ReExecDriver.java:164)
	at org.apache.hadoop.hive.ql.reexec.ReExecDriver.run(ReExecDriver.java:230)
	at org.apache.hive.hcatalog.pig.AbstractHCatLoaderTest.executeStatementOnDriver(AbstractHCatLoaderTest.java:151)
	at org.apache.hive.hcatalog.pig.AbstractHCatLoaderTest.tearDown(AbstractHCatLoaderTest.java:239)
	at sun.reflect.NativeMethodAccessorImpl.invoke0(Native Method)
	at sun.reflect.NativeMethodAccessorImpl.invoke(NativeMethodAccessorImpl.java:62)
	at sun.reflect.DelegatingMethodAccessorImpl.invoke(DelegatingMethodAccessorImpl.java:43)
	at java.lang.reflect.Method.invoke(Method.java:498)
	at org.junit.runners.model.FrameworkMethod$1.runReflectiveCall(FrameworkMethod.java:59)
	at org.junit.internal.runners.model.ReflectiveCallable.run(ReflectiveCallable.java:12)
	at org.junit.runners.model.FrameworkMethod.invokeExplosively(FrameworkMethod.java:56)
	at org.junit.internal.runners.statements.RunAfters.invokeMethod(RunAfters.java:46)
	at org.junit.internal.runners.statements.RunAfters.evaluate(RunAfters.java:33)
	at org.junit.runners.ParentRunner$3.evaluate(ParentRunner.java:306)
	at org.junit.runners.BlockJUnit4ClassRunner$1.evaluate(BlockJUnit4ClassRunner.java:100)
	at org.junit.runners.ParentRunner.runLeaf(ParentRunner.java:366)
	at org.junit.runners.BlockJUnit4ClassRunner.runChild(BlockJUnit4ClassRunner.java:103)
	at org.junit.runners.BlockJUnit4ClassRunner.runChild(BlockJUnit4ClassRunner.java:63)
	at org.junit.runners.ParentRunner$4.run(ParentRunner.java:331)
	at org.junit.runners.ParentRunner$1.schedule(ParentRunner.java:79)
	at org.junit.runners.ParentRunner.runChildren(ParentRunner.java:329)
	at org.junit.runners.ParentRunner.access$100(ParentRunner.java:66)
	at org.junit.runners.ParentRunner$2.evaluate(ParentRunner.java:293)
	at org.junit.internal.runners.statements.RunBefores.evaluate(RunBefores.java:26)
	at org.junit.runners.ParentRunner$3.evaluate(ParentRunner.java:306)
	at org.junit.runners.ParentRunner.run(ParentRunner.java:413)
	at org.junit.runners.Suite.runChild(Suite.java:128)
	at org.junit.runners.Suite.runChild(Suite.java:27)
	at org.junit.runners.ParentRunner$4.run(ParentRunner.java:331)
	at org.junit.runners.ParentRunner$1.schedule(ParentRunner.java:79)
	at org.junit.runners.ParentRunner.runChildren(ParentRunner.java:329)
	at org.junit.runners.ParentRunner.access$100(ParentRunner.java:66)
	at org.junit.runners.ParentRunner$2.evaluate(ParentRunner.java:293)
	at org.junit.runners.ParentRunner$3.evaluate(ParentRunner.java:306)
	at org.junit.runners.ParentRunner.run(ParentRunner.java:413)
	at org.apache.maven.surefire.junitcore.JUnitCore.run(JUnitCore.java:55)
	at org.apache.maven.surefire.junitcore.JUnitCoreWrapper.createRequestAndRun(JUnitCoreWrapper.java:137)
	at org.apache.maven.surefire.junitcore.JUnitCoreWrapper.executeEager(JUnitCoreWrapper.java:107)
	at org.apache.maven.surefire.junitcore.JUnitCoreWrapper.execute(JUnitCoreWrapper.java:83)
	at org.apache.maven.surefire.junitcore.JUnitCoreWrapper.execute(JUnitCoreWrapper.java:75)
	at org.apache.maven.surefire.junitcore.JUnitCoreProvider.invoke(JUnitCoreProvider.java:158)
	at org.apache.maven.surefire.booter.ForkedBooter.runSuitesInProcess(ForkedBooter.java:377)
	at org.apache.maven.surefire.booter.ForkedBooter.execute(ForkedBooter.java:138)
	at org.apache.maven.surefire.booter.ForkedBooter.run(ForkedBooter.java:465)
	at org.apache.maven.surefire.booter.ForkedBooter.main(ForkedBooter.java:451)
Caused by: org.apache.derby.shared.common.error.DerbySQLIntegrityConstraintViolationException: DELETE on table 'DBS' caused a violation of foreign key constraint 'TBLS_FK1' for key (3).  The statement has been rolled back.
	at org.apache.derby.impl.jdbc.SQLExceptionFactory.getSQLException(Unknown Source)
	at org.apache.derby.impl.jdbc.Util.generateCsSQLException(Unknown Source)
	at org.apache.derby.impl.jdbc.TransactionResourceImpl.wrapInSQLException(Unknown Source)
	at org.apache.derby.impl.jdbc.TransactionResourceImpl.handleException(Unknown Source)
	at org.apache.derby.impl.jdbc.EmbedConnection.handleException(Unknown Source)
	at org.apache.derby.impl.jdbc.ConnectionChild.handleException(Unknown Source)
	at org.apache.derby.impl.jdbc.EmbedStatement.executeStatement(Unknown Source)
	at org.apache.derby.impl.jdbc.EmbedPreparedStatement.executeBatchElement(Unknown Source)
	... 94 more
Caused by: ERROR 23503: DELETE on table 'DBS' caused a violation of foreign key constraint 'TBLS_FK1' for key (3).  The statement has been rolled back.
	at org.apache.derby.iapi.error.StandardException.newException(Unknown Source)
	at org.apache.derby.iapi.error.StandardException.newException(Unknown Source)
	at org.apache.derby.impl.sql.execute.ReferencedKeyRIChecker.doCheck(Unknown Source)
	at org.apache.derby.impl.sql.execute.RISetChecker.doPKCheck(Unknown Source)
	at org.apache.derby.impl.sql.execute.DeleteResultSet.collectAffectedRows(Unknown Source)
	at org.apache.derby.impl.sql.execute.DeleteResultSet.open(Unknown Source)
	at org.apache.derby.impl.sql.GenericPreparedStatement.executeStmt(Unknown Source)
	at org.apache.derby.impl.sql.GenericPreparedStatement.execute(Unknown Source)
	... 96 more

2024-04-24T11:28:15,832  INFO [main] HiveMetaStore.audit: ugi=alex	ip=unknown-ip-addr	cmd=drop_database: @hive#junit_specific_db	
2024-04-24T11:28:15,836  INFO [main] HiveMetaStore.audit: ugi=alex	ip=unknown-ip-addr	cmd=get_all_tables: db=@hive#junit_specific_db	
2024-04-24T11:28:15,837  INFO [main] HiveMetaStore.audit: ugi=alex	ip=unknown-ip-addr	cmd=get_functions: db=@hive#junit_specific_db pat=*	
2024-04-24T11:28:15,839  INFO [main] HiveMetaStore.audit: ugi=alex	ip=unknown-ip-addr	cmd=get_all_stored_procedures	
2024-04-24T11:28:15,841  INFO [main] HiveMetaStore.audit: ugi=alex	ip=unknown-ip-addr	cmd=get_all_packages	
2024-04-24T11:28:15,842  INFO [main] HiveMetaStore.audit: ugi=alex	ip=unknown-ip-addr	cmd=getTablesByTypeCore: catName=hive: db=junit_specific_db pat=.*,type=MATERIALIZED_VIEW	
2024-04-24T11:28:15,847  INFO [main] metastore.ObjectStore: Dropping database hive.junit_specific_db along with all tables
2024-04-24T11:28:15,855  INFO [main] txn.TxnHandler: Non-retryable error in cleanupRecords : Table/View 'TXN_COMPONENTS' does not exist. (SQLState=42X05, ErrorCode=20000)
2024-04-24T11:28:15,855  WARN [main] txn.TxnHandler: Cannot perform cleanup since metastore table does not exist
2024-04-24T11:28:15,856 ERROR [main] metastore.RetryingHMSHandler: HMSHandler Fatal error: javax.jdo.JDODataStoreException: Exception thrown flushing changes to datastore
	at org.datanucleus.api.jdo.NucleusJDOHelper.getJDOExceptionForNucleusException(NucleusJDOHelper.java:542)
	at org.datanucleus.api.jdo.JDOTransaction.commit(JDOTransaction.java:162)
	at org.apache.hadoop.hive.metastore.ObjectStore.commitTransaction(ObjectStore.java:615)
	at sun.reflect.GeneratedMethodAccessor31.invoke(Unknown Source)
	at sun.reflect.DelegatingMethodAccessorImpl.invoke(DelegatingMethodAccessorImpl.java:43)
	at java.lang.reflect.Method.invoke(Method.java:498)
	at org.apache.hadoop.hive.metastore.RawStoreProxy.invoke(RawStoreProxy.java:97)
	at com.sun.proxy.$Proxy32.commitTransaction(Unknown Source)
	at org.apache.hadoop.hive.metastore.HMSHandler.drop_database_core(HMSHandler.java:1790)
	at org.apache.hadoop.hive.metastore.HMSHandler.drop_database(HMSHandler.java:1869)
	at sun.reflect.GeneratedMethodAccessor54.invoke(Unknown Source)
	at sun.reflect.DelegatingMethodAccessorImpl.invoke(DelegatingMethodAccessorImpl.java:43)
	at java.lang.reflect.Method.invoke(Method.java:498)
	at org.apache.hadoop.hive.metastore.RetryingHMSHandler.invokeInternal(RetryingHMSHandler.java:147)
	at org.apache.hadoop.hive.metastore.RetryingHMSHandler.invoke(RetryingHMSHandler.java:108)
	at com.sun.proxy.$Proxy35.drop_database(Unknown Source)
	at org.apache.hadoop.hive.metastore.HiveMetaStoreClient.dropDatabaseCascadePerDb(HiveMetaStoreClient.java:1601)
	at org.apache.hadoop.hive.metastore.HiveMetaStoreClient.dropDatabase(HiveMetaStoreClient.java:1532)
	at org.apache.hadoop.hive.metastore.HiveMetaStoreClient.dropDatabase(HiveMetaStoreClient.java:1485)
	at sun.reflect.NativeMethodAccessorImpl.invoke0(Native Method)
	at sun.reflect.NativeMethodAccessorImpl.invoke(NativeMethodAccessorImpl.java:62)
	at sun.reflect.DelegatingMethodAccessorImpl.invoke(DelegatingMethodAccessorImpl.java:43)
	at java.lang.reflect.Method.invoke(Method.java:498)
	at org.apache.hadoop.hive.metastore.RetryingMetaStoreClient.invoke(RetryingMetaStoreClient.java:218)
	at com.sun.proxy.$Proxy45.dropDatabase(Unknown Source)
	at org.apache.hadoop.hive.ql.metadata.Hive.dropDatabase(Hive.java:662)
	at org.apache.hadoop.hive.ql.ddl.database.drop.DropDatabaseOperation.execute(DropDatabaseOperation.java:52)
	at org.apache.hadoop.hive.ql.ddl.DDLTask.execute(DDLTask.java:84)
	at org.apache.hadoop.hive.ql.exec.Task.executeTask(Task.java:212)
	at org.apache.hadoop.hive.ql.exec.TaskRunner.runSequential(TaskRunner.java:105)
	at org.apache.hadoop.hive.ql.Executor.launchTask(Executor.java:361)
	at org.apache.hadoop.hive.ql.Executor.launchTasks(Executor.java:334)
	at org.apache.hadoop.hive.ql.Executor.runTasks(Executor.java:245)
	at org.apache.hadoop.hive.ql.Executor.execute(Executor.java:108)
	at org.apache.hadoop.hive.ql.Driver.execute(Driver.java:348)
	at org.apache.hadoop.hive.ql.Driver.runInternal(Driver.java:204)
	at org.apache.hadoop.hive.ql.Driver.run(Driver.java:153)
	at org.apache.hadoop.hive.ql.Driver.run(Driver.java:148)
	at org.apache.hadoop.hive.ql.reexec.ReExecDriver.run(ReExecDriver.java:164)
	at org.apache.hadoop.hive.ql.reexec.ReExecDriver.run(ReExecDriver.java:230)
	at org.apache.hive.hcatalog.pig.AbstractHCatLoaderTest.executeStatementOnDriver(AbstractHCatLoaderTest.java:151)
	at org.apache.hive.hcatalog.pig.AbstractHCatLoaderTest.tearDown(AbstractHCatLoaderTest.java:239)
	at sun.reflect.NativeMethodAccessorImpl.invoke0(Native Method)
	at sun.reflect.NativeMethodAccessorImpl.invoke(NativeMethodAccessorImpl.java:62)
	at sun.reflect.DelegatingMethodAccessorImpl.invoke(DelegatingMethodAccessorImpl.java:43)
	at java.lang.reflect.Method.invoke(Method.java:498)
	at org.junit.runners.model.FrameworkMethod$1.runReflectiveCall(FrameworkMethod.java:59)
	at org.junit.internal.runners.model.ReflectiveCallable.run(ReflectiveCallable.java:12)
	at org.junit.runners.model.FrameworkMethod.invokeExplosively(FrameworkMethod.java:56)
	at org.junit.internal.runners.statements.RunAfters.invokeMethod(RunAfters.java:46)
	at org.junit.internal.runners.statements.RunAfters.evaluate(RunAfters.java:33)
	at org.junit.runners.ParentRunner$3.evaluate(ParentRunner.java:306)
	at org.junit.runners.BlockJUnit4ClassRunner$1.evaluate(BlockJUnit4ClassRunner.java:100)
	at org.junit.runners.ParentRunner.runLeaf(ParentRunner.java:366)
	at org.junit.runners.BlockJUnit4ClassRunner.runChild(BlockJUnit4ClassRunner.java:103)
	at org.junit.runners.BlockJUnit4ClassRunner.runChild(BlockJUnit4ClassRunner.java:63)
	at org.junit.runners.ParentRunner$4.run(ParentRunner.java:331)
	at org.junit.runners.ParentRunner$1.schedule(ParentRunner.java:79)
	at org.junit.runners.ParentRunner.runChildren(ParentRunner.java:329)
	at org.junit.runners.ParentRunner.access$100(ParentRunner.java:66)
	at org.junit.runners.ParentRunner$2.evaluate(ParentRunner.java:293)
	at org.junit.internal.runners.statements.RunBefores.evaluate(RunBefores.java:26)
	at org.junit.runners.ParentRunner$3.evaluate(ParentRunner.java:306)
	at org.junit.runners.ParentRunner.run(ParentRunner.java:413)
	at org.junit.runners.Suite.runChild(Suite.java:128)
	at org.junit.runners.Suite.runChild(Suite.java:27)
	at org.junit.runners.ParentRunner$4.run(ParentRunner.java:331)
	at org.junit.runners.ParentRunner$1.schedule(ParentRunner.java:79)
	at org.junit.runners.ParentRunner.runChildren(ParentRunner.java:329)
	at org.junit.runners.ParentRunner.access$100(ParentRunner.java:66)
	at org.junit.runners.ParentRunner$2.evaluate(ParentRunner.java:293)
	at org.junit.runners.ParentRunner$3.evaluate(ParentRunner.java:306)
	at org.junit.runners.ParentRunner.run(ParentRunner.java:413)
	at org.apache.maven.surefire.junitcore.JUnitCore.run(JUnitCore.java:55)
	at org.apache.maven.surefire.junitcore.JUnitCoreWrapper.createRequestAndRun(JUnitCoreWrapper.java:137)
	at org.apache.maven.surefire.junitcore.JUnitCoreWrapper.executeEager(JUnitCoreWrapper.java:107)
	at org.apache.maven.surefire.junitcore.JUnitCoreWrapper.execute(JUnitCoreWrapper.java:83)
	at org.apache.maven.surefire.junitcore.JUnitCoreWrapper.execute(JUnitCoreWrapper.java:75)
	at org.apache.maven.surefire.junitcore.JUnitCoreProvider.invoke(JUnitCoreProvider.java:158)
	at org.apache.maven.surefire.booter.ForkedBooter.runSuitesInProcess(ForkedBooter.java:377)
	at org.apache.maven.surefire.booter.ForkedBooter.execute(ForkedBooter.java:138)
	at org.apache.maven.surefire.booter.ForkedBooter.run(ForkedBooter.java:465)
	at org.apache.maven.surefire.booter.ForkedBooter.main(ForkedBooter.java:451)
NestedThrowablesStackTrace:
java.sql.BatchUpdateException: DELETE on table 'DBS' caused a violation of foreign key constraint 'TBLS_FK1' for key (3).  The statement has been rolled back.
	at org.apache.derby.impl.jdbc.EmbedStatement.executeLargeBatch(Unknown Source)
	at org.apache.derby.impl.jdbc.EmbedStatement.executeBatch(Unknown Source)
	at com.zaxxer.hikari.pool.ProxyStatement.executeBatch(ProxyStatement.java:128)
	at com.zaxxer.hikari.pool.HikariProxyPreparedStatement.executeBatch(HikariProxyPreparedStatement.java)
	at org.datanucleus.store.rdbms.ParamLoggingPreparedStatement.executeBatch(ParamLoggingPreparedStatement.java:366)
	at org.datanucleus.store.rdbms.SQLController.processConnectionStatement(SQLController.java:675)
	at org.datanucleus.store.rdbms.SQLController.processStatementsForConnection(SQLController.java:643)
	at org.datanucleus.store.rdbms.SQLController$1.transactionFlushed(SQLController.java:729)
	at org.datanucleus.store.connection.AbstractManagedConnection.transactionFlushed(AbstractManagedConnection.java:95)
	at org.datanucleus.store.connection.ConnectionManagerImpl$2.transactionFlushed(ConnectionManagerImpl.java:528)
	at org.datanucleus.TransactionImpl.flush(TransactionImpl.java:222)
	at org.datanucleus.TransactionImpl.commit(TransactionImpl.java:286)
	at org.datanucleus.api.jdo.JDOTransaction.commit(JDOTransaction.java:99)
	at org.apache.hadoop.hive.metastore.ObjectStore.commitTransaction(ObjectStore.java:615)
	at sun.reflect.GeneratedMethodAccessor31.invoke(Unknown Source)
	at sun.reflect.DelegatingMethodAccessorImpl.invoke(DelegatingMethodAccessorImpl.java:43)
	at java.lang.reflect.Method.invoke(Method.java:498)
	at org.apache.hadoop.hive.metastore.RawStoreProxy.invoke(RawStoreProxy.java:97)
	at com.sun.proxy.$Proxy32.commitTransaction(Unknown Source)
	at org.apache.hadoop.hive.metastore.HMSHandler.drop_database_core(HMSHandler.java:1790)
	at org.apache.hadoop.hive.metastore.HMSHandler.drop_database(HMSHandler.java:1869)
	at sun.reflect.GeneratedMethodAccessor54.invoke(Unknown Source)
	at sun.reflect.DelegatingMethodAccessorImpl.invoke(DelegatingMethodAccessorImpl.java:43)
	at java.lang.reflect.Method.invoke(Method.java:498)
	at org.apache.hadoop.hive.metastore.RetryingHMSHandler.invokeInternal(RetryingHMSHandler.java:147)
	at org.apache.hadoop.hive.metastore.RetryingHMSHandler.invoke(RetryingHMSHandler.java:108)
	at com.sun.proxy.$Proxy35.drop_database(Unknown Source)
	at org.apache.hadoop.hive.metastore.HiveMetaStoreClient.dropDatabaseCascadePerDb(HiveMetaStoreClient.java:1601)
	at org.apache.hadoop.hive.metastore.HiveMetaStoreClient.dropDatabase(HiveMetaStoreClient.java:1532)
	at org.apache.hadoop.hive.metastore.HiveMetaStoreClient.dropDatabase(HiveMetaStoreClient.java:1485)
	at sun.reflect.NativeMethodAccessorImpl.invoke0(Native Method)
	at sun.reflect.NativeMethodAccessorImpl.invoke(NativeMethodAccessorImpl.java:62)
	at sun.reflect.DelegatingMethodAccessorImpl.invoke(DelegatingMethodAccessorImpl.java:43)
	at java.lang.reflect.Method.invoke(Method.java:498)
	at org.apache.hadoop.hive.metastore.RetryingMetaStoreClient.invoke(RetryingMetaStoreClient.java:218)
	at com.sun.proxy.$Proxy45.dropDatabase(Unknown Source)
	at org.apache.hadoop.hive.ql.metadata.Hive.dropDatabase(Hive.java:662)
	at org.apache.hadoop.hive.ql.ddl.database.drop.DropDatabaseOperation.execute(DropDatabaseOperation.java:52)
	at org.apache.hadoop.hive.ql.ddl.DDLTask.execute(DDLTask.java:84)
	at org.apache.hadoop.hive.ql.exec.Task.executeTask(Task.java:212)
	at org.apache.hadoop.hive.ql.exec.TaskRunner.runSequential(TaskRunner.java:105)
	at org.apache.hadoop.hive.ql.Executor.launchTask(Executor.java:361)
	at org.apache.hadoop.hive.ql.Executor.launchTasks(Executor.java:334)
	at org.apache.hadoop.hive.ql.Executor.runTasks(Executor.java:245)
	at org.apache.hadoop.hive.ql.Executor.execute(Executor.java:108)
	at org.apache.hadoop.hive.ql.Driver.execute(Driver.java:348)
	at org.apache.hadoop.hive.ql.Driver.runInternal(Driver.java:204)
	at org.apache.hadoop.hive.ql.Driver.run(Driver.java:153)
	at org.apache.hadoop.hive.ql.Driver.run(Driver.java:148)
	at org.apache.hadoop.hive.ql.reexec.ReExecDriver.run(ReExecDriver.java:164)
	at org.apache.hadoop.hive.ql.reexec.ReExecDriver.run(ReExecDriver.java:230)
	at org.apache.hive.hcatalog.pig.AbstractHCatLoaderTest.executeStatementOnDriver(AbstractHCatLoaderTest.java:151)
	at org.apache.hive.hcatalog.pig.AbstractHCatLoaderTest.tearDown(AbstractHCatLoaderTest.java:239)
	at sun.reflect.NativeMethodAccessorImpl.invoke0(Native Method)
	at sun.reflect.NativeMethodAccessorImpl.invoke(NativeMethodAccessorImpl.java:62)
	at sun.reflect.DelegatingMethodAccessorImpl.invoke(DelegatingMethodAccessorImpl.java:43)
	at java.lang.reflect.Method.invoke(Method.java:498)
	at org.junit.runners.model.FrameworkMethod$1.runReflectiveCall(FrameworkMethod.java:59)
	at org.junit.internal.runners.model.ReflectiveCallable.run(ReflectiveCallable.java:12)
	at org.junit.runners.model.FrameworkMethod.invokeExplosively(FrameworkMethod.java:56)
	at org.junit.internal.runners.statements.RunAfters.invokeMethod(RunAfters.java:46)
	at org.junit.internal.runners.statements.RunAfters.evaluate(RunAfters.java:33)
	at org.junit.runners.ParentRunner$3.evaluate(ParentRunner.java:306)
	at org.junit.runners.BlockJUnit4ClassRunner$1.evaluate(BlockJUnit4ClassRunner.java:100)
	at org.junit.runners.ParentRunner.runLeaf(ParentRunner.java:366)
	at org.junit.runners.BlockJUnit4ClassRunner.runChild(BlockJUnit4ClassRunner.java:103)
	at org.junit.runners.BlockJUnit4ClassRunner.runChild(BlockJUnit4ClassRunner.java:63)
	at org.junit.runners.ParentRunner$4.run(ParentRunner.java:331)
	at org.junit.runners.ParentRunner$1.schedule(ParentRunner.java:79)
	at org.junit.runners.ParentRunner.runChildren(ParentRunner.java:329)
	at org.junit.runners.ParentRunner.access$100(ParentRunner.java:66)
	at org.junit.runners.ParentRunner$2.evaluate(ParentRunner.java:293)
	at org.junit.internal.runners.statements.RunBefores.evaluate(RunBefores.java:26)
	at org.junit.runners.ParentRunner$3.evaluate(ParentRunner.java:306)
	at org.junit.runners.ParentRunner.run(ParentRunner.java:413)
	at org.junit.runners.Suite.runChild(Suite.java:128)
	at org.junit.runners.Suite.runChild(Suite.java:27)
	at org.junit.runners.ParentRunner$4.run(ParentRunner.java:331)
	at org.junit.runners.ParentRunner$1.schedule(ParentRunner.java:79)
	at org.junit.runners.ParentRunner.runChildren(ParentRunner.java:329)
	at org.junit.runners.ParentRunner.access$100(ParentRunner.java:66)
	at org.junit.runners.ParentRunner$2.evaluate(ParentRunner.java:293)
	at org.junit.runners.ParentRunner$3.evaluate(ParentRunner.java:306)
	at org.junit.runners.ParentRunner.run(ParentRunner.java:413)
	at org.apache.maven.surefire.junitcore.JUnitCore.run(JUnitCore.java:55)
	at org.apache.maven.surefire.junitcore.JUnitCoreWrapper.createRequestAndRun(JUnitCoreWrapper.java:137)
	at org.apache.maven.surefire.junitcore.JUnitCoreWrapper.executeEager(JUnitCoreWrapper.java:107)
	at org.apache.maven.surefire.junitcore.JUnitCoreWrapper.execute(JUnitCoreWrapper.java:83)
	at org.apache.maven.surefire.junitcore.JUnitCoreWrapper.execute(JUnitCoreWrapper.java:75)
	at org.apache.maven.surefire.junitcore.JUnitCoreProvider.invoke(JUnitCoreProvider.java:158)
	at org.apache.maven.surefire.booter.ForkedBooter.runSuitesInProcess(ForkedBooter.java:377)
	at org.apache.maven.surefire.booter.ForkedBooter.execute(ForkedBooter.java:138)
	at org.apache.maven.surefire.booter.ForkedBooter.run(ForkedBooter.java:465)
	at org.apache.maven.surefire.booter.ForkedBooter.main(ForkedBooter.java:451)
Caused by: org.apache.derby.shared.common.error.DerbySQLIntegrityConstraintViolationException: DELETE on table 'DBS' caused a violation of foreign key constraint 'TBLS_FK1' for key (3).  The statement has been rolled back.
	at org.apache.derby.impl.jdbc.SQLExceptionFactory.getSQLException(Unknown Source)
	at org.apache.derby.impl.jdbc.Util.generateCsSQLException(Unknown Source)
	at org.apache.derby.impl.jdbc.TransactionResourceImpl.wrapInSQLException(Unknown Source)
	at org.apache.derby.impl.jdbc.TransactionResourceImpl.handleException(Unknown Source)
	at org.apache.derby.impl.jdbc.EmbedConnection.handleException(Unknown Source)
	at org.apache.derby.impl.jdbc.ConnectionChild.handleException(Unknown Source)
	at org.apache.derby.impl.jdbc.EmbedStatement.executeStatement(Unknown Source)
	at org.apache.derby.impl.jdbc.EmbedPreparedStatement.executeBatchElement(Unknown Source)
	... 94 more
Caused by: ERROR 23503: DELETE on table 'DBS' caused a violation of foreign key constraint 'TBLS_FK1' for key (3).  The statement has been rolled back.
	at org.apache.derby.iapi.error.StandardException.newException(Unknown Source)
	at org.apache.derby.iapi.error.StandardException.newException(Unknown Source)
	at org.apache.derby.impl.sql.execute.ReferencedKeyRIChecker.doCheck(Unknown Source)
	at org.apache.derby.impl.sql.execute.RISetChecker.doPKCheck(Unknown Source)
	at org.apache.derby.impl.sql.execute.DeleteResultSet.collectAffectedRows(Unknown Source)
	at org.apache.derby.impl.sql.execute.DeleteResultSet.open(Unknown Source)
	at org.apache.derby.impl.sql.GenericPreparedStatement.executeStmt(Unknown Source)
	at org.apache.derby.impl.sql.GenericPreparedStatement.execute(Unknown Source)
	... 96 more

2024-04-24T11:28:15,857 ERROR [main] exec.Task: Failed
org.apache.hadoop.hive.ql.metadata.HiveException: MetaException(message:javax.jdo.JDODataStoreException: Exception thrown flushing changes to datastore
NestedThrowables:
java.sql.BatchUpdateException: DELETE on table 'DBS' caused a violation of foreign key constraint 'TBLS_FK1' for key (3).  The statement has been rolled back.)
	at org.apache.hadoop.hive.ql.metadata.Hive.dropDatabase(Hive.java:666) ~[classes/:?]
	at org.apache.hadoop.hive.ql.ddl.database.drop.DropDatabaseOperation.execute(DropDatabaseOperation.java:52) ~[classes/:?]
	at org.apache.hadoop.hive.ql.ddl.DDLTask.execute(DDLTask.java:84) [classes/:?]
	at org.apache.hadoop.hive.ql.exec.Task.executeTask(Task.java:212) [classes/:?]
	at org.apache.hadoop.hive.ql.exec.TaskRunner.runSequential(TaskRunner.java:105) [classes/:?]
	at org.apache.hadoop.hive.ql.Executor.launchTask(Executor.java:361) [classes/:?]
	at org.apache.hadoop.hive.ql.Executor.launchTasks(Executor.java:334) [classes/:?]
	at org.apache.hadoop.hive.ql.Executor.runTasks(Executor.java:245) [classes/:?]
	at org.apache.hadoop.hive.ql.Executor.execute(Executor.java:108) [classes/:?]
	at org.apache.hadoop.hive.ql.Driver.execute(Driver.java:348) [classes/:?]
	at org.apache.hadoop.hive.ql.Driver.runInternal(Driver.java:204) [classes/:?]
	at org.apache.hadoop.hive.ql.Driver.run(Driver.java:153) [classes/:?]
	at org.apache.hadoop.hive.ql.Driver.run(Driver.java:148) [classes/:?]
	at org.apache.hadoop.hive.ql.reexec.ReExecDriver.run(ReExecDriver.java:164) [classes/:?]
	at org.apache.hadoop.hive.ql.reexec.ReExecDriver.run(ReExecDriver.java:230) [classes/:?]
	at org.apache.hive.hcatalog.pig.AbstractHCatLoaderTest.executeStatementOnDriver(AbstractHCatLoaderTest.java:151) [test-classes/:?]
	at org.apache.hive.hcatalog.pig.AbstractHCatLoaderTest.tearDown(AbstractHCatLoaderTest.java:239) [test-classes/:?]
	at sun.reflect.NativeMethodAccessorImpl.invoke0(Native Method) ~[?:1.8.0_402]
	at sun.reflect.NativeMethodAccessorImpl.invoke(NativeMethodAccessorImpl.java:62) ~[?:1.8.0_402]
	at sun.reflect.DelegatingMethodAccessorImpl.invoke(DelegatingMethodAccessorImpl.java:43) ~[?:1.8.0_402]
	at java.lang.reflect.Method.invoke(Method.java:498) ~[?:1.8.0_402]
	at org.junit.runners.model.FrameworkMethod$1.runReflectiveCall(FrameworkMethod.java:59) [junit-4.13.jar:4.13]
	at org.junit.internal.runners.model.ReflectiveCallable.run(ReflectiveCallable.java:12) [junit-4.13.jar:4.13]
	at org.junit.runners.model.FrameworkMethod.invokeExplosively(FrameworkMethod.java:56) [junit-4.13.jar:4.13]
	at org.junit.internal.runners.statements.RunAfters.invokeMethod(RunAfters.java:46) [junit-4.13.jar:4.13]
	at org.junit.internal.runners.statements.RunAfters.evaluate(RunAfters.java:33) [junit-4.13.jar:4.13]
	at org.junit.runners.ParentRunner$3.evaluate(ParentRunner.java:306) [junit-4.13.jar:4.13]
	at org.junit.runners.BlockJUnit4ClassRunner$1.evaluate(BlockJUnit4ClassRunner.java:100) [junit-4.13.jar:4.13]
	at org.junit.runners.ParentRunner.runLeaf(ParentRunner.java:366) [junit-4.13.jar:4.13]
	at org.junit.runners.BlockJUnit4ClassRunner.runChild(BlockJUnit4ClassRunner.java:103) [junit-4.13.jar:4.13]
	at org.junit.runners.BlockJUnit4ClassRunner.runChild(BlockJUnit4ClassRunner.java:63) [junit-4.13.jar:4.13]
	at org.junit.runners.ParentRunner$4.run(ParentRunner.java:331) [junit-4.13.jar:4.13]
	at org.junit.runners.ParentRunner$1.schedule(ParentRunner.java:79) [junit-4.13.jar:4.13]
	at org.junit.runners.ParentRunner.runChildren(ParentRunner.java:329) [junit-4.13.jar:4.13]
	at org.junit.runners.ParentRunner.access$100(ParentRunner.java:66) [junit-4.13.jar:4.13]
	at org.junit.runners.ParentRunner$2.evaluate(ParentRunner.java:293) [junit-4.13.jar:4.13]
	at org.junit.internal.runners.statements.RunBefores.evaluate(RunBefores.java:26) [junit-4.13.jar:4.13]
	at org.junit.runners.ParentRunner$3.evaluate(ParentRunner.java:306) [junit-4.13.jar:4.13]
	at org.junit.runners.ParentRunner.run(ParentRunner.java:413) [junit-4.13.jar:4.13]
	at org.junit.runners.Suite.runChild(Suite.java:128) [junit-4.13.jar:4.13]
	at org.junit.runners.Suite.runChild(Suite.java:27) [junit-4.13.jar:4.13]
	at org.junit.runners.ParentRunner$4.run(ParentRunner.java:331) [junit-4.13.jar:4.13]
	at org.junit.runners.ParentRunner$1.schedule(ParentRunner.java:79) [junit-4.13.jar:4.13]
	at org.junit.runners.ParentRunner.runChildren(ParentRunner.java:329) [junit-4.13.jar:4.13]
	at org.junit.runners.ParentRunner.access$100(ParentRunner.java:66) [junit-4.13.jar:4.13]
	at org.junit.runners.ParentRunner$2.evaluate(ParentRunner.java:293) [junit-4.13.jar:4.13]
	at org.junit.runners.ParentRunner$3.evaluate(ParentRunner.java:306) [junit-4.13.jar:4.13]
	at org.junit.runners.ParentRunner.run(ParentRunner.java:413) [junit-4.13.jar:4.13]
	at org.apache.maven.surefire.junitcore.JUnitCore.run(JUnitCore.java:55) [surefire-junit47-3.0.0-M4.jar:3.0.0-M4]
	at org.apache.maven.surefire.junitcore.JUnitCoreWrapper.createRequestAndRun(JUnitCoreWrapper.java:137) [surefire-junit47-3.0.0-M4.jar:3.0.0-M4]
	at org.apache.maven.surefire.junitcore.JUnitCoreWrapper.executeEager(JUnitCoreWrapper.java:107) [surefire-junit47-3.0.0-M4.jar:3.0.0-M4]
	at org.apache.maven.surefire.junitcore.JUnitCoreWrapper.execute(JUnitCoreWrapper.java:83) [surefire-junit47-3.0.0-M4.jar:3.0.0-M4]
	at org.apache.maven.surefire.junitcore.JUnitCoreWrapper.execute(JUnitCoreWrapper.java:75) [surefire-junit47-3.0.0-M4.jar:3.0.0-M4]
	at org.apache.maven.surefire.junitcore.JUnitCoreProvider.invoke(JUnitCoreProvider.java:158) [surefire-junit47-3.0.0-M4.jar:3.0.0-M4]
	at org.apache.maven.surefire.booter.ForkedBooter.runSuitesInProcess(ForkedBooter.java:377) [surefire-booter-3.0.0-M4.jar:3.0.0-M4]
	at org.apache.maven.surefire.booter.ForkedBooter.execute(ForkedBooter.java:138) [surefire-booter-3.0.0-M4.jar:3.0.0-M4]
	at org.apache.maven.surefire.booter.ForkedBooter.run(ForkedBooter.java:465) [surefire-booter-3.0.0-M4.jar:3.0.0-M4]
	at org.apache.maven.surefire.booter.ForkedBooter.main(ForkedBooter.java:451) [surefire-booter-3.0.0-M4.jar:3.0.0-M4]
Caused by: org.apache.hadoop.hive.metastore.api.MetaException: javax.jdo.JDODataStoreException: Exception thrown flushing changes to datastore
NestedThrowables:
java.sql.BatchUpdateException: DELETE on table 'DBS' caused a violation of foreign key constraint 'TBLS_FK1' for key (3).  The statement has been rolled back.
	at org.apache.hadoop.hive.metastore.RetryingHMSHandler.invokeInternal(RetryingHMSHandler.java:209) ~[classes/:?]
	at org.apache.hadoop.hive.metastore.RetryingHMSHandler.invoke(RetryingHMSHandler.java:108) ~[classes/:?]
	at com.sun.proxy.$Proxy35.drop_database(Unknown Source) ~[?:?]
	at org.apache.hadoop.hive.metastore.HiveMetaStoreClient.dropDatabaseCascadePerDb(HiveMetaStoreClient.java:1601) ~[classes/:?]
	at org.apache.hadoop.hive.metastore.HiveMetaStoreClient.dropDatabase(HiveMetaStoreClient.java:1532) ~[classes/:?]
	at org.apache.hadoop.hive.metastore.HiveMetaStoreClient.dropDatabase(HiveMetaStoreClient.java:1485) ~[classes/:?]
	at sun.reflect.NativeMethodAccessorImpl.invoke0(Native Method) ~[?:1.8.0_402]
	at sun.reflect.NativeMethodAccessorImpl.invoke(NativeMethodAccessorImpl.java:62) ~[?:1.8.0_402]
	at sun.reflect.DelegatingMethodAccessorImpl.invoke(DelegatingMethodAccessorImpl.java:43) ~[?:1.8.0_402]
	at java.lang.reflect.Method.invoke(Method.java:498) ~[?:1.8.0_402]
	at org.apache.hadoop.hive.metastore.RetryingMetaStoreClient.invoke(RetryingMetaStoreClient.java:218) ~[classes/:?]
	at com.sun.proxy.$Proxy45.dropDatabase(Unknown Source) ~[?:?]
	at org.apache.hadoop.hive.ql.metadata.Hive.dropDatabase(Hive.java:662) ~[classes/:?]
	... 57 more
Caused by: javax.jdo.JDODataStoreException: Exception thrown flushing changes to datastore
	at org.datanucleus.api.jdo.NucleusJDOHelper.getJDOExceptionForNucleusException(NucleusJDOHelper.java:542) ~[datanucleus-api-jdo-5.2.4.jar:?]
	at org.datanucleus.api.jdo.JDOTransaction.commit(JDOTransaction.java:162) ~[datanucleus-api-jdo-5.2.4.jar:?]
	at org.apache.hadoop.hive.metastore.ObjectStore.commitTransaction(ObjectStore.java:615) ~[classes/:?]
	at sun.reflect.GeneratedMethodAccessor31.invoke(Unknown Source) ~[?:?]
	at sun.reflect.DelegatingMethodAccessorImpl.invoke(DelegatingMethodAccessorImpl.java:43) ~[?:1.8.0_402]
	at java.lang.reflect.Method.invoke(Method.java:498) ~[?:1.8.0_402]
	at org.apache.hadoop.hive.metastore.RawStoreProxy.invoke(RawStoreProxy.java:97) ~[classes/:?]
	at com.sun.proxy.$Proxy32.commitTransaction(Unknown Source) ~[?:?]
	at org.apache.hadoop.hive.metastore.HMSHandler.drop_database_core(HMSHandler.java:1790) ~[classes/:?]
	at org.apache.hadoop.hive.metastore.HMSHandler.drop_database(HMSHandler.java:1869) ~[classes/:?]
	at sun.reflect.GeneratedMethodAccessor54.invoke(Unknown Source) ~[?:?]
	at sun.reflect.DelegatingMethodAccessorImpl.invoke(DelegatingMethodAccessorImpl.java:43) ~[?:1.8.0_402]
	at java.lang.reflect.Method.invoke(Method.java:498) ~[?:1.8.0_402]
	at org.apache.hadoop.hive.metastore.RetryingHMSHandler.invokeInternal(RetryingHMSHandler.java:147) ~[classes/:?]
	at org.apache.hadoop.hive.metastore.RetryingHMSHandler.invoke(RetryingHMSHandler.java:108) ~[classes/:?]
	at com.sun.proxy.$Proxy35.drop_database(Unknown Source) ~[?:?]
	at org.apache.hadoop.hive.metastore.HiveMetaStoreClient.dropDatabaseCascadePerDb(HiveMetaStoreClient.java:1601) ~[classes/:?]
	at org.apache.hadoop.hive.metastore.HiveMetaStoreClient.dropDatabase(HiveMetaStoreClient.java:1532) ~[classes/:?]
	at org.apache.hadoop.hive.metastore.HiveMetaStoreClient.dropDatabase(HiveMetaStoreClient.java:1485) ~[classes/:?]
	at sun.reflect.NativeMethodAccessorImpl.invoke0(Native Method) ~[?:1.8.0_402]
	at sun.reflect.NativeMethodAccessorImpl.invoke(NativeMethodAccessorImpl.java:62) ~[?:1.8.0_402]
	at sun.reflect.DelegatingMethodAccessorImpl.invoke(DelegatingMethodAccessorImpl.java:43) ~[?:1.8.0_402]
	at java.lang.reflect.Method.invoke(Method.java:498) ~[?:1.8.0_402]
	at org.apache.hadoop.hive.metastore.RetryingMetaStoreClient.invoke(RetryingMetaStoreClient.java:218) ~[classes/:?]
	at com.sun.proxy.$Proxy45.dropDatabase(Unknown Source) ~[?:?]
	at org.apache.hadoop.hive.ql.metadata.Hive.dropDatabase(Hive.java:662) ~[classes/:?]
	... 57 more
Caused by: java.sql.BatchUpdateException: DELETE on table 'DBS' caused a violation of foreign key constraint 'TBLS_FK1' for key (3).  The statement has been rolled back.
	at org.apache.derby.impl.jdbc.EmbedStatement.executeLargeBatch(Unknown Source) ~[derby-10.14.1.0.jar:?]
	at org.apache.derby.impl.jdbc.EmbedStatement.executeBatch(Unknown Source) ~[derby-10.14.1.0.jar:?]
	at com.zaxxer.hikari.pool.ProxyStatement.executeBatch(ProxyStatement.java:128) ~[HikariCP-java7-2.4.12.jar:?]
	at com.zaxxer.hikari.pool.HikariProxyPreparedStatement.executeBatch(HikariProxyPreparedStatement.java) ~[HikariCP-java7-2.4.12.jar:?]
	at org.datanucleus.store.rdbms.ParamLoggingPreparedStatement.executeBatch(ParamLoggingPreparedStatement.java:366) ~[datanucleus-rdbms-5.2.4.jar:?]
	at org.datanucleus.store.rdbms.SQLController.processConnectionStatement(SQLController.java:675) ~[datanucleus-rdbms-5.2.4.jar:?]
	at org.datanucleus.store.rdbms.SQLController.processStatementsForConnection(SQLController.java:643) ~[datanucleus-rdbms-5.2.4.jar:?]
	at org.datanucleus.store.rdbms.SQLController$1.transactionFlushed(SQLController.java:729) ~[datanucleus-rdbms-5.2.4.jar:?]
	at org.datanucleus.store.connection.AbstractManagedConnection.transactionFlushed(AbstractManagedConnection.java:95) ~[datanucleus-core-5.2.4.jar:?]
	at org.datanucleus.store.connection.ConnectionManagerImpl$2.transactionFlushed(ConnectionManagerImpl.java:528) ~[datanucleus-core-5.2.4.jar:?]
	at org.datanucleus.TransactionImpl.flush(TransactionImpl.java:222) ~[datanucleus-core-5.2.4.jar:?]
	at org.datanucleus.TransactionImpl.commit(TransactionImpl.java:286) ~[datanucleus-core-5.2.4.jar:?]
	at org.datanucleus.api.jdo.JDOTransaction.commit(JDOTransaction.java:99) ~[datanucleus-api-jdo-5.2.4.jar:?]
	at org.apache.hadoop.hive.metastore.ObjectStore.commitTransaction(ObjectStore.java:615) ~[classes/:?]
	at sun.reflect.GeneratedMethodAccessor31.invoke(Unknown Source) ~[?:?]
	at sun.reflect.DelegatingMethodAccessorImpl.invoke(DelegatingMethodAccessorImpl.java:43) ~[?:1.8.0_402]
	at java.lang.reflect.Method.invoke(Method.java:498) ~[?:1.8.0_402]
	at org.apache.hadoop.hive.metastore.RawStoreProxy.invoke(RawStoreProxy.java:97) ~[classes/:?]
	at com.sun.proxy.$Proxy32.commitTransaction(Unknown Source) ~[?:?]
	at org.apache.hadoop.hive.metastore.HMSHandler.drop_database_core(HMSHandler.java:1790) ~[classes/:?]
	at org.apache.hadoop.hive.metastore.HMSHandler.drop_database(HMSHandler.java:1869) ~[classes/:?]
	at sun.reflect.GeneratedMethodAccessor54.invoke(Unknown Source) ~[?:?]
	at sun.reflect.DelegatingMethodAccessorImpl.invoke(DelegatingMethodAccessorImpl.java:43) ~[?:1.8.0_402]
	at java.lang.reflect.Method.invoke(Method.java:498) ~[?:1.8.0_402]
	at org.apache.hadoop.hive.metastore.RetryingHMSHandler.invokeInternal(RetryingHMSHandler.java:147) ~[classes/:?]
	at org.apache.hadoop.hive.metastore.RetryingHMSHandler.invoke(RetryingHMSHandler.java:108) ~[classes/:?]
	at com.sun.proxy.$Proxy35.drop_database(Unknown Source) ~[?:?]
	at org.apache.hadoop.hive.metastore.HiveMetaStoreClient.dropDatabaseCascadePerDb(HiveMetaStoreClient.java:1601) ~[classes/:?]
	at org.apache.hadoop.hive.metastore.HiveMetaStoreClient.dropDatabase(HiveMetaStoreClient.java:1532) ~[classes/:?]
	at org.apache.hadoop.hive.metastore.HiveMetaStoreClient.dropDatabase(HiveMetaStoreClient.java:1485) ~[classes/:?]
	at sun.reflect.NativeMethodAccessorImpl.invoke0(Native Method) ~[?:1.8.0_402]
	at sun.reflect.NativeMethodAccessorImpl.invoke(NativeMethodAccessorImpl.java:62) ~[?:1.8.0_402]
	at sun.reflect.DelegatingMethodAccessorImpl.invoke(DelegatingMethodAccessorImpl.java:43) ~[?:1.8.0_402]
	at java.lang.reflect.Method.invoke(Method.java:498) ~[?:1.8.0_402]
	at org.apache.hadoop.hive.metastore.RetryingMetaStoreClient.invoke(RetryingMetaStoreClient.java:218) ~[classes/:?]
	at com.sun.proxy.$Proxy45.dropDatabase(Unknown Source) ~[?:?]
	at org.apache.hadoop.hive.ql.metadata.Hive.dropDatabase(Hive.java:662) ~[classes/:?]
	... 57 more
Caused by: org.apache.derby.shared.common.error.DerbySQLIntegrityConstraintViolationException: DELETE on table 'DBS' caused a violation of foreign key constraint 'TBLS_FK1' for key (3).  The statement has been rolled back.
	at org.apache.derby.impl.jdbc.SQLExceptionFactory.getSQLException(Unknown Source) ~[derby-10.14.1.0.jar:?]
	at org.apache.derby.impl.jdbc.Util.generateCsSQLException(Unknown Source) ~[derby-10.14.1.0.jar:?]
	at org.apache.derby.impl.jdbc.TransactionResourceImpl.wrapInSQLException(Unknown Source) ~[derby-10.14.1.0.jar:?]
	at org.apache.derby.impl.jdbc.TransactionResourceImpl.handleException(Unknown Source) ~[derby-10.14.1.0.jar:?]
	at org.apache.derby.impl.jdbc.EmbedConnection.handleException(Unknown Source) ~[derby-10.14.1.0.jar:?]
	at org.apache.derby.impl.jdbc.ConnectionChild.handleException(Unknown Source) ~[derby-10.14.1.0.jar:?]
	at org.apache.derby.impl.jdbc.EmbedStatement.executeStatement(Unknown Source) ~[derby-10.14.1.0.jar:?]
	at org.apache.derby.impl.jdbc.EmbedPreparedStatement.executeBatchElement(Unknown Source) ~[derby-10.14.1.0.jar:?]
	at org.apache.derby.impl.jdbc.EmbedStatement.executeLargeBatch(Unknown Source) ~[derby-10.14.1.0.jar:?]
	at org.apache.derby.impl.jdbc.EmbedStatement.executeBatch(Unknown Source) ~[derby-10.14.1.0.jar:?]
	at com.zaxxer.hikari.pool.ProxyStatement.executeBatch(ProxyStatement.java:128) ~[HikariCP-java7-2.4.12.jar:?]
	at com.zaxxer.hikari.pool.HikariProxyPreparedStatement.executeBatch(HikariProxyPreparedStatement.java) ~[HikariCP-java7-2.4.12.jar:?]
	at org.datanucleus.store.rdbms.ParamLoggingPreparedStatement.executeBatch(ParamLoggingPreparedStatement.java:366) ~[datanucleus-rdbms-5.2.4.jar:?]
	at org.datanucleus.store.rdbms.SQLController.processConnectionStatement(SQLController.java:675) ~[datanucleus-rdbms-5.2.4.jar:?]
	at org.datanucleus.store.rdbms.SQLController.processStatementsForConnection(SQLController.java:643) ~[datanucleus-rdbms-5.2.4.jar:?]
	at org.datanucleus.store.rdbms.SQLController$1.transactionFlushed(SQLController.java:729) ~[datanucleus-rdbms-5.2.4.jar:?]
	at org.datanucleus.store.connection.AbstractManagedConnection.transactionFlushed(AbstractManagedConnection.java:95) ~[datanucleus-core-5.2.4.jar:?]
	at org.datanucleus.store.connection.ConnectionManagerImpl$2.transactionFlushed(ConnectionManagerImpl.java:528) ~[datanucleus-core-5.2.4.jar:?]
	at org.datanucleus.TransactionImpl.flush(TransactionImpl.java:222) ~[datanucleus-core-5.2.4.jar:?]
	at org.datanucleus.TransactionImpl.commit(TransactionImpl.java:286) ~[datanucleus-core-5.2.4.jar:?]
	at org.datanucleus.api.jdo.JDOTransaction.commit(JDOTransaction.java:99) ~[datanucleus-api-jdo-5.2.4.jar:?]
	at org.apache.hadoop.hive.metastore.ObjectStore.commitTransaction(ObjectStore.java:615) ~[classes/:?]
	at sun.reflect.GeneratedMethodAccessor31.invoke(Unknown Source) ~[?:?]
	at sun.reflect.DelegatingMethodAccessorImpl.invoke(DelegatingMethodAccessorImpl.java:43) ~[?:1.8.0_402]
	at java.lang.reflect.Method.invoke(Method.java:498) ~[?:1.8.0_402]
	at org.apache.hadoop.hive.metastore.RawStoreProxy.invoke(RawStoreProxy.java:97) ~[classes/:?]
	at com.sun.proxy.$Proxy32.commitTransaction(Unknown Source) ~[?:?]
	at org.apache.hadoop.hive.metastore.HMSHandler.drop_database_core(HMSHandler.java:1790) ~[classes/:?]
	at org.apache.hadoop.hive.metastore.HMSHandler.drop_database(HMSHandler.java:1869) ~[classes/:?]
	at sun.reflect.GeneratedMethodAccessor54.invoke(Unknown Source) ~[?:?]
	at sun.reflect.DelegatingMethodAccessorImpl.invoke(DelegatingMethodAccessorImpl.java:43) ~[?:1.8.0_402]
	at java.lang.reflect.Method.invoke(Method.java:498) ~[?:1.8.0_402]
	at org.apache.hadoop.hive.metastore.RetryingHMSHandler.invokeInternal(RetryingHMSHandler.java:147) ~[classes/:?]
	at org.apache.hadoop.hive.metastore.RetryingHMSHandler.invoke(RetryingHMSHandler.java:108) ~[classes/:?]
	at com.sun.proxy.$Proxy35.drop_database(Unknown Source) ~[?:?]
	at org.apache.hadoop.hive.metastore.HiveMetaStoreClient.dropDatabaseCascadePerDb(HiveMetaStoreClient.java:1601) ~[classes/:?]
	at org.apache.hadoop.hive.metastore.HiveMetaStoreClient.dropDatabase(HiveMetaStoreClient.java:1532) ~[classes/:?]
	at org.apache.hadoop.hive.metastore.HiveMetaStoreClient.dropDatabase(HiveMetaStoreClient.java:1485) ~[classes/:?]
	at sun.reflect.NativeMethodAccessorImpl.invoke0(Native Method) ~[?:1.8.0_402]
	at sun.reflect.NativeMethodAccessorImpl.invoke(NativeMethodAccessorImpl.java:62) ~[?:1.8.0_402]
	at sun.reflect.DelegatingMethodAccessorImpl.invoke(DelegatingMethodAccessorImpl.java:43) ~[?:1.8.0_402]
	at java.lang.reflect.Method.invoke(Method.java:498) ~[?:1.8.0_402]
	at org.apache.hadoop.hive.metastore.RetryingMetaStoreClient.invoke(RetryingMetaStoreClient.java:218) ~[classes/:?]
	at com.sun.proxy.$Proxy45.dropDatabase(Unknown Source) ~[?:?]
	at org.apache.hadoop.hive.ql.metadata.Hive.dropDatabase(Hive.java:662) ~[classes/:?]
	... 57 more
Caused by: org.apache.derby.iapi.error.StandardException: DELETE on table 'DBS' caused a violation of foreign key constraint 'TBLS_FK1' for key (3).  The statement has been rolled back.
	at org.apache.derby.iapi.error.StandardException.newException(Unknown Source) ~[derby-10.14.1.0.jar:?]
	at org.apache.derby.iapi.error.StandardException.newException(Unknown Source) ~[derby-10.14.1.0.jar:?]
	at org.apache.derby.impl.sql.execute.ReferencedKeyRIChecker.doCheck(Unknown Source) ~[derby-10.14.1.0.jar:?]
	at org.apache.derby.impl.sql.execute.RISetChecker.doPKCheck(Unknown Source) ~[derby-10.14.1.0.jar:?]
	at org.apache.derby.impl.sql.execute.DeleteResultSet.collectAffectedRows(Unknown Source) ~[derby-10.14.1.0.jar:?]
	at org.apache.derby.impl.sql.execute.DeleteResultSet.open(Unknown Source) ~[derby-10.14.1.0.jar:?]
	at org.apache.derby.impl.sql.GenericPreparedStatement.executeStmt(Unknown Source) ~[derby-10.14.1.0.jar:?]
	at org.apache.derby.impl.sql.GenericPreparedStatement.execute(Unknown Source) ~[derby-10.14.1.0.jar:?]
	at org.apache.derby.impl.jdbc.EmbedStatement.executeStatement(Unknown Source) ~[derby-10.14.1.0.jar:?]
	at org.apache.derby.impl.jdbc.EmbedPreparedStatement.executeBatchElement(Unknown Source) ~[derby-10.14.1.0.jar:?]
	at org.apache.derby.impl.jdbc.EmbedStatement.executeLargeBatch(Unknown Source) ~[derby-10.14.1.0.jar:?]
	at org.apache.derby.impl.jdbc.EmbedStatement.executeBatch(Unknown Source) ~[derby-10.14.1.0.jar:?]
	at com.zaxxer.hikari.pool.ProxyStatement.executeBatch(ProxyStatement.java:128) ~[HikariCP-java7-2.4.12.jar:?]
	at com.zaxxer.hikari.pool.HikariProxyPreparedStatement.executeBatch(HikariProxyPreparedStatement.java) ~[HikariCP-java7-2.4.12.jar:?]
	at org.datanucleus.store.rdbms.ParamLoggingPreparedStatement.executeBatch(ParamLoggingPreparedStatement.java:366) ~[datanucleus-rdbms-5.2.4.jar:?]
	at org.datanucleus.store.rdbms.SQLController.processConnectionStatement(SQLController.java:675) ~[datanucleus-rdbms-5.2.4.jar:?]
	at org.datanucleus.store.rdbms.SQLController.processStatementsForConnection(SQLController.java:643) ~[datanucleus-rdbms-5.2.4.jar:?]
	at org.datanucleus.store.rdbms.SQLController$1.transactionFlushed(SQLController.java:729) ~[datanucleus-rdbms-5.2.4.jar:?]
	at org.datanucleus.store.connection.AbstractManagedConnection.transactionFlushed(AbstractManagedConnection.java:95) ~[datanucleus-core-5.2.4.jar:?]
	at org.datanucleus.store.connection.ConnectionManagerImpl$2.transactionFlushed(ConnectionManagerImpl.java:528) ~[datanucleus-core-5.2.4.jar:?]
	at org.datanucleus.TransactionImpl.flush(TransactionImpl.java:222) ~[datanucleus-core-5.2.4.jar:?]
	at org.datanucleus.TransactionImpl.commit(TransactionImpl.java:286) ~[datanucleus-core-5.2.4.jar:?]
	at org.datanucleus.api.jdo.JDOTransaction.commit(JDOTransaction.java:99) ~[datanucleus-api-jdo-5.2.4.jar:?]
	at org.apache.hadoop.hive.metastore.ObjectStore.commitTransaction(ObjectStore.java:615) ~[classes/:?]
	at sun.reflect.GeneratedMethodAccessor31.invoke(Unknown Source) ~[?:?]
	at sun.reflect.DelegatingMethodAccessorImpl.invoke(DelegatingMethodAccessorImpl.java:43) ~[?:1.8.0_402]
	at java.lang.reflect.Method.invoke(Method.java:498) ~[?:1.8.0_402]
	at org.apache.hadoop.hive.metastore.RawStoreProxy.invoke(RawStoreProxy.java:97) ~[classes/:?]
	at com.sun.proxy.$Proxy32.commitTransaction(Unknown Source) ~[?:?]
	at org.apache.hadoop.hive.metastore.HMSHandler.drop_database_core(HMSHandler.java:1790) ~[classes/:?]
	at org.apache.hadoop.hive.metastore.HMSHandler.drop_database(HMSHandler.java:1869) ~[classes/:?]
	at sun.reflect.GeneratedMethodAccessor54.invoke(Unknown Source) ~[?:?]
	at sun.reflect.DelegatingMethodAccessorImpl.invoke(DelegatingMethodAccessorImpl.java:43) ~[?:1.8.0_402]
	at java.lang.reflect.Method.invoke(Method.java:498) ~[?:1.8.0_402]
	at org.apache.hadoop.hive.metastore.RetryingHMSHandler.invokeInternal(RetryingHMSHandler.java:147) ~[classes/:?]
	at org.apache.hadoop.hive.metastore.RetryingHMSHandler.invoke(RetryingHMSHandler.java:108) ~[classes/:?]
	at com.sun.proxy.$Proxy35.drop_database(Unknown Source) ~[?:?]
	at org.apache.hadoop.hive.metastore.HiveMetaStoreClient.dropDatabaseCascadePerDb(HiveMetaStoreClient.java:1601) ~[classes/:?]
	at org.apache.hadoop.hive.metastore.HiveMetaStoreClient.dropDatabase(HiveMetaStoreClient.java:1532) ~[classes/:?]
	at org.apache.hadoop.hive.metastore.HiveMetaStoreClient.dropDatabase(HiveMetaStoreClient.java:1485) ~[classes/:?]
	at sun.reflect.NativeMethodAccessorImpl.invoke0(Native Method) ~[?:1.8.0_402]
	at sun.reflect.NativeMethodAccessorImpl.invoke(NativeMethodAccessorImpl.java:62) ~[?:1.8.0_402]
	at sun.reflect.DelegatingMethodAccessorImpl.invoke(DelegatingMethodAccessorImpl.java:43) ~[?:1.8.0_402]
	at java.lang.reflect.Method.invoke(Method.java:498) ~[?:1.8.0_402]
	at org.apache.hadoop.hive.metastore.RetryingMetaStoreClient.invoke(RetryingMetaStoreClient.java:218) ~[classes/:?]
	at com.sun.proxy.$Proxy45.dropDatabase(Unknown Source) ~[?:?]
	at org.apache.hadoop.hive.ql.metadata.Hive.dropDatabase(Hive.java:662) ~[classes/:?]
	... 57 more
2024-04-24T11:28:15,860 ERROR [main] exec.Task: DDLTask failed, DDL Operation: class org.apache.hadoop.hive.ql.ddl.database.drop.DropDatabaseOperation
org.apache.hadoop.hive.ql.metadata.HiveException: MetaException(message:javax.jdo.JDODataStoreException: Exception thrown flushing changes to datastore
NestedThrowables:
java.sql.BatchUpdateException: DELETE on table 'DBS' caused a violation of foreign key constraint 'TBLS_FK1' for key (3).  The statement has been rolled back.)
	at org.apache.hadoop.hive.ql.metadata.Hive.dropDatabase(Hive.java:666) ~[classes/:?]
	at org.apache.hadoop.hive.ql.ddl.database.drop.DropDatabaseOperation.execute(DropDatabaseOperation.java:52) ~[classes/:?]
	at org.apache.hadoop.hive.ql.ddl.DDLTask.execute(DDLTask.java:84) [classes/:?]
	at org.apache.hadoop.hive.ql.exec.Task.executeTask(Task.java:212) [classes/:?]
	at org.apache.hadoop.hive.ql.exec.TaskRunner.runSequential(TaskRunner.java:105) [classes/:?]
	at org.apache.hadoop.hive.ql.Executor.launchTask(Executor.java:361) [classes/:?]
	at org.apache.hadoop.hive.ql.Executor.launchTasks(Executor.java:334) [classes/:?]
	at org.apache.hadoop.hive.ql.Executor.runTasks(Executor.java:245) [classes/:?]
	at org.apache.hadoop.hive.ql.Executor.execute(Executor.java:108) [classes/:?]
	at org.apache.hadoop.hive.ql.Driver.execute(Driver.java:348) [classes/:?]
	at org.apache.hadoop.hive.ql.Driver.runInternal(Driver.java:204) [classes/:?]
	at org.apache.hadoop.hive.ql.Driver.run(Driver.java:153) [classes/:?]
	at org.apache.hadoop.hive.ql.Driver.run(Driver.java:148) [classes/:?]
	at org.apache.hadoop.hive.ql.reexec.ReExecDriver.run(ReExecDriver.java:164) [classes/:?]
	at org.apache.hadoop.hive.ql.reexec.ReExecDriver.run(ReExecDriver.java:230) [classes/:?]
	at org.apache.hive.hcatalog.pig.AbstractHCatLoaderTest.executeStatementOnDriver(AbstractHCatLoaderTest.java:151) [test-classes/:?]
	at org.apache.hive.hcatalog.pig.AbstractHCatLoaderTest.tearDown(AbstractHCatLoaderTest.java:239) [test-classes/:?]
	at sun.reflect.NativeMethodAccessorImpl.invoke0(Native Method) ~[?:1.8.0_402]
	at sun.reflect.NativeMethodAccessorImpl.invoke(NativeMethodAccessorImpl.java:62) ~[?:1.8.0_402]
	at sun.reflect.DelegatingMethodAccessorImpl.invoke(DelegatingMethodAccessorImpl.java:43) ~[?:1.8.0_402]
	at java.lang.reflect.Method.invoke(Method.java:498) ~[?:1.8.0_402]
	at org.junit.runners.model.FrameworkMethod$1.runReflectiveCall(FrameworkMethod.java:59) [junit-4.13.jar:4.13]
	at org.junit.internal.runners.model.ReflectiveCallable.run(ReflectiveCallable.java:12) [junit-4.13.jar:4.13]
	at org.junit.runners.model.FrameworkMethod.invokeExplosively(FrameworkMethod.java:56) [junit-4.13.jar:4.13]
	at org.junit.internal.runners.statements.RunAfters.invokeMethod(RunAfters.java:46) [junit-4.13.jar:4.13]
	at org.junit.internal.runners.statements.RunAfters.evaluate(RunAfters.java:33) [junit-4.13.jar:4.13]
	at org.junit.runners.ParentRunner$3.evaluate(ParentRunner.java:306) [junit-4.13.jar:4.13]
	at org.junit.runners.BlockJUnit4ClassRunner$1.evaluate(BlockJUnit4ClassRunner.java:100) [junit-4.13.jar:4.13]
	at org.junit.runners.ParentRunner.runLeaf(ParentRunner.java:366) [junit-4.13.jar:4.13]
	at org.junit.runners.BlockJUnit4ClassRunner.runChild(BlockJUnit4ClassRunner.java:103) [junit-4.13.jar:4.13]
	at org.junit.runners.BlockJUnit4ClassRunner.runChild(BlockJUnit4ClassRunner.java:63) [junit-4.13.jar:4.13]
	at org.junit.runners.ParentRunner$4.run(ParentRunner.java:331) [junit-4.13.jar:4.13]
	at org.junit.runners.ParentRunner$1.schedule(ParentRunner.java:79) [junit-4.13.jar:4.13]
	at org.junit.runners.ParentRunner.runChildren(ParentRunner.java:329) [junit-4.13.jar:4.13]
	at org.junit.runners.ParentRunner.access$100(ParentRunner.java:66) [junit-4.13.jar:4.13]
	at org.junit.runners.ParentRunner$2.evaluate(ParentRunner.java:293) [junit-4.13.jar:4.13]
	at org.junit.internal.runners.statements.RunBefores.evaluate(RunBefores.java:26) [junit-4.13.jar:4.13]
	at org.junit.runners.ParentRunner$3.evaluate(ParentRunner.java:306) [junit-4.13.jar:4.13]
	at org.junit.runners.ParentRunner.run(ParentRunner.java:413) [junit-4.13.jar:4.13]
	at org.junit.runners.Suite.runChild(Suite.java:128) [junit-4.13.jar:4.13]
	at org.junit.runners.Suite.runChild(Suite.java:27) [junit-4.13.jar:4.13]
	at org.junit.runners.ParentRunner$4.run(ParentRunner.java:331) [junit-4.13.jar:4.13]
	at org.junit.runners.ParentRunner$1.schedule(ParentRunner.java:79) [junit-4.13.jar:4.13]
	at org.junit.runners.ParentRunner.runChildren(ParentRunner.java:329) [junit-4.13.jar:4.13]
	at org.junit.runners.ParentRunner.access$100(ParentRunner.java:66) [junit-4.13.jar:4.13]
	at org.junit.runners.ParentRunner$2.evaluate(ParentRunner.java:293) [junit-4.13.jar:4.13]
	at org.junit.runners.ParentRunner$3.evaluate(ParentRunner.java:306) [junit-4.13.jar:4.13]
	at org.junit.runners.ParentRunner.run(ParentRunner.java:413) [junit-4.13.jar:4.13]
	at org.apache.maven.surefire.junitcore.JUnitCore.run(JUnitCore.java:55) [surefire-junit47-3.0.0-M4.jar:3.0.0-M4]
	at org.apache.maven.surefire.junitcore.JUnitCoreWrapper.createRequestAndRun(JUnitCoreWrapper.java:137) [surefire-junit47-3.0.0-M4.jar:3.0.0-M4]
	at org.apache.maven.surefire.junitcore.JUnitCoreWrapper.executeEager(JUnitCoreWrapper.java:107) [surefire-junit47-3.0.0-M4.jar:3.0.0-M4]
	at org.apache.maven.surefire.junitcore.JUnitCoreWrapper.execute(JUnitCoreWrapper.java:83) [surefire-junit47-3.0.0-M4.jar:3.0.0-M4]
	at org.apache.maven.surefire.junitcore.JUnitCoreWrapper.execute(JUnitCoreWrapper.java:75) [surefire-junit47-3.0.0-M4.jar:3.0.0-M4]
	at org.apache.maven.surefire.junitcore.JUnitCoreProvider.invoke(JUnitCoreProvider.java:158) [surefire-junit47-3.0.0-M4.jar:3.0.0-M4]
	at org.apache.maven.surefire.booter.ForkedBooter.runSuitesInProcess(ForkedBooter.java:377) [surefire-booter-3.0.0-M4.jar:3.0.0-M4]
	at org.apache.maven.surefire.booter.ForkedBooter.execute(ForkedBooter.java:138) [surefire-booter-3.0.0-M4.jar:3.0.0-M4]
	at org.apache.maven.surefire.booter.ForkedBooter.run(ForkedBooter.java:465) [surefire-booter-3.0.0-M4.jar:3.0.0-M4]
	at org.apache.maven.surefire.booter.ForkedBooter.main(ForkedBooter.java:451) [surefire-booter-3.0.0-M4.jar:3.0.0-M4]
Caused by: org.apache.hadoop.hive.metastore.api.MetaException: javax.jdo.JDODataStoreException: Exception thrown flushing changes to datastore
NestedThrowables:
java.sql.BatchUpdateException: DELETE on table 'DBS' caused a violation of foreign key constraint 'TBLS_FK1' for key (3).  The statement has been rolled back.
	at org.apache.hadoop.hive.metastore.RetryingHMSHandler.invokeInternal(RetryingHMSHandler.java:209) ~[classes/:?]
	at org.apache.hadoop.hive.metastore.RetryingHMSHandler.invoke(RetryingHMSHandler.java:108) ~[classes/:?]
	at com.sun.proxy.$Proxy35.drop_database(Unknown Source) ~[?:?]
	at org.apache.hadoop.hive.metastore.HiveMetaStoreClient.dropDatabaseCascadePerDb(HiveMetaStoreClient.java:1601) ~[classes/:?]
	at org.apache.hadoop.hive.metastore.HiveMetaStoreClient.dropDatabase(HiveMetaStoreClient.java:1532) ~[classes/:?]
	at org.apache.hadoop.hive.metastore.HiveMetaStoreClient.dropDatabase(HiveMetaStoreClient.java:1485) ~[classes/:?]
	at sun.reflect.NativeMethodAccessorImpl.invoke0(Native Method) ~[?:1.8.0_402]
	at sun.reflect.NativeMethodAccessorImpl.invoke(NativeMethodAccessorImpl.java:62) ~[?:1.8.0_402]
	at sun.reflect.DelegatingMethodAccessorImpl.invoke(DelegatingMethodAccessorImpl.java:43) ~[?:1.8.0_402]
	at java.lang.reflect.Method.invoke(Method.java:498) ~[?:1.8.0_402]
	at org.apache.hadoop.hive.metastore.RetryingMetaStoreClient.invoke(RetryingMetaStoreClient.java:218) ~[classes/:?]
	at com.sun.proxy.$Proxy45.dropDatabase(Unknown Source) ~[?:?]
	at org.apache.hadoop.hive.ql.metadata.Hive.dropDatabase(Hive.java:662) ~[classes/:?]
	... 57 more
Caused by: javax.jdo.JDODataStoreException: Exception thrown flushing changes to datastore
	at org.datanucleus.api.jdo.NucleusJDOHelper.getJDOExceptionForNucleusException(NucleusJDOHelper.java:542) ~[datanucleus-api-jdo-5.2.4.jar:?]
	at org.datanucleus.api.jdo.JDOTransaction.commit(JDOTransaction.java:162) ~[datanucleus-api-jdo-5.2.4.jar:?]
	at org.apache.hadoop.hive.metastore.ObjectStore.commitTransaction(ObjectStore.java:615) ~[classes/:?]
	at sun.reflect.GeneratedMethodAccessor31.invoke(Unknown Source) ~[?:?]
	at sun.reflect.DelegatingMethodAccessorImpl.invoke(DelegatingMethodAccessorImpl.java:43) ~[?:1.8.0_402]
	at java.lang.reflect.Method.invoke(Method.java:498) ~[?:1.8.0_402]
	at org.apache.hadoop.hive.metastore.RawStoreProxy.invoke(RawStoreProxy.java:97) ~[classes/:?]
	at com.sun.proxy.$Proxy32.commitTransaction(Unknown Source) ~[?:?]
	at org.apache.hadoop.hive.metastore.HMSHandler.drop_database_core(HMSHandler.java:1790) ~[classes/:?]
	at org.apache.hadoop.hive.metastore.HMSHandler.drop_database(HMSHandler.java:1869) ~[classes/:?]
	at sun.reflect.GeneratedMethodAccessor54.invoke(Unknown Source) ~[?:?]
	at sun.reflect.DelegatingMethodAccessorImpl.invoke(DelegatingMethodAccessorImpl.java:43) ~[?:1.8.0_402]
	at java.lang.reflect.Method.invoke(Method.java:498) ~[?:1.8.0_402]
	at org.apache.hadoop.hive.metastore.RetryingHMSHandler.invokeInternal(RetryingHMSHandler.java:147) ~[classes/:?]
	at org.apache.hadoop.hive.metastore.RetryingHMSHandler.invoke(RetryingHMSHandler.java:108) ~[classes/:?]
	at com.sun.proxy.$Proxy35.drop_database(Unknown Source) ~[?:?]
	at org.apache.hadoop.hive.metastore.HiveMetaStoreClient.dropDatabaseCascadePerDb(HiveMetaStoreClient.java:1601) ~[classes/:?]
	at org.apache.hadoop.hive.metastore.HiveMetaStoreClient.dropDatabase(HiveMetaStoreClient.java:1532) ~[classes/:?]
	at org.apache.hadoop.hive.metastore.HiveMetaStoreClient.dropDatabase(HiveMetaStoreClient.java:1485) ~[classes/:?]
	at sun.reflect.NativeMethodAccessorImpl.invoke0(Native Method) ~[?:1.8.0_402]
	at sun.reflect.NativeMethodAccessorImpl.invoke(NativeMethodAccessorImpl.java:62) ~[?:1.8.0_402]
	at sun.reflect.DelegatingMethodAccessorImpl.invoke(DelegatingMethodAccessorImpl.java:43) ~[?:1.8.0_402]
	at java.lang.reflect.Method.invoke(Method.java:498) ~[?:1.8.0_402]
	at org.apache.hadoop.hive.metastore.RetryingMetaStoreClient.invoke(RetryingMetaStoreClient.java:218) ~[classes/:?]
	at com.sun.proxy.$Proxy45.dropDatabase(Unknown Source) ~[?:?]
	at org.apache.hadoop.hive.ql.metadata.Hive.dropDatabase(Hive.java:662) ~[classes/:?]
	... 57 more
Caused by: java.sql.BatchUpdateException: DELETE on table 'DBS' caused a violation of foreign key constraint 'TBLS_FK1' for key (3).  The statement has been rolled back.
	at org.apache.derby.impl.jdbc.EmbedStatement.executeLargeBatch(Unknown Source) ~[derby-10.14.1.0.jar:?]
	at org.apache.derby.impl.jdbc.EmbedStatement.executeBatch(Unknown Source) ~[derby-10.14.1.0.jar:?]
	at com.zaxxer.hikari.pool.ProxyStatement.executeBatch(ProxyStatement.java:128) ~[HikariCP-java7-2.4.12.jar:?]
	at com.zaxxer.hikari.pool.HikariProxyPreparedStatement.executeBatch(HikariProxyPreparedStatement.java) ~[HikariCP-java7-2.4.12.jar:?]
	at org.datanucleus.store.rdbms.ParamLoggingPreparedStatement.executeBatch(ParamLoggingPreparedStatement.java:366) ~[datanucleus-rdbms-5.2.4.jar:?]
	at org.datanucleus.store.rdbms.SQLController.processConnectionStatement(SQLController.java:675) ~[datanucleus-rdbms-5.2.4.jar:?]
	at org.datanucleus.store.rdbms.SQLController.processStatementsForConnection(SQLController.java:643) ~[datanucleus-rdbms-5.2.4.jar:?]
	at org.datanucleus.store.rdbms.SQLController$1.transactionFlushed(SQLController.java:729) ~[datanucleus-rdbms-5.2.4.jar:?]
	at org.datanucleus.store.connection.AbstractManagedConnection.transactionFlushed(AbstractManagedConnection.java:95) ~[datanucleus-core-5.2.4.jar:?]
	at org.datanucleus.store.connection.ConnectionManagerImpl$2.transactionFlushed(ConnectionManagerImpl.java:528) ~[datanucleus-core-5.2.4.jar:?]
	at org.datanucleus.TransactionImpl.flush(TransactionImpl.java:222) ~[datanucleus-core-5.2.4.jar:?]
	at org.datanucleus.TransactionImpl.commit(TransactionImpl.java:286) ~[datanucleus-core-5.2.4.jar:?]
	at org.datanucleus.api.jdo.JDOTransaction.commit(JDOTransaction.java:99) ~[datanucleus-api-jdo-5.2.4.jar:?]
	at org.apache.hadoop.hive.metastore.ObjectStore.commitTransaction(ObjectStore.java:615) ~[classes/:?]
	at sun.reflect.GeneratedMethodAccessor31.invoke(Unknown Source) ~[?:?]
	at sun.reflect.DelegatingMethodAccessorImpl.invoke(DelegatingMethodAccessorImpl.java:43) ~[?:1.8.0_402]
	at java.lang.reflect.Method.invoke(Method.java:498) ~[?:1.8.0_402]
	at org.apache.hadoop.hive.metastore.RawStoreProxy.invoke(RawStoreProxy.java:97) ~[classes/:?]
	at com.sun.proxy.$Proxy32.commitTransaction(Unknown Source) ~[?:?]
	at org.apache.hadoop.hive.metastore.HMSHandler.drop_database_core(HMSHandler.java:1790) ~[classes/:?]
	at org.apache.hadoop.hive.metastore.HMSHandler.drop_database(HMSHandler.java:1869) ~[classes/:?]
	at sun.reflect.GeneratedMethodAccessor54.invoke(Unknown Source) ~[?:?]
	at sun.reflect.DelegatingMethodAccessorImpl.invoke(DelegatingMethodAccessorImpl.java:43) ~[?:1.8.0_402]
	at java.lang.reflect.Method.invoke(Method.java:498) ~[?:1.8.0_402]
	at org.apache.hadoop.hive.metastore.RetryingHMSHandler.invokeInternal(RetryingHMSHandler.java:147) ~[classes/:?]
	at org.apache.hadoop.hive.metastore.RetryingHMSHandler.invoke(RetryingHMSHandler.java:108) ~[classes/:?]
	at com.sun.proxy.$Proxy35.drop_database(Unknown Source) ~[?:?]
	at org.apache.hadoop.hive.metastore.HiveMetaStoreClient.dropDatabaseCascadePerDb(HiveMetaStoreClient.java:1601) ~[classes/:?]
	at org.apache.hadoop.hive.metastore.HiveMetaStoreClient.dropDatabase(HiveMetaStoreClient.java:1532) ~[classes/:?]
	at org.apache.hadoop.hive.metastore.HiveMetaStoreClient.dropDatabase(HiveMetaStoreClient.java:1485) ~[classes/:?]
	at sun.reflect.NativeMethodAccessorImpl.invoke0(Native Method) ~[?:1.8.0_402]
	at sun.reflect.NativeMethodAccessorImpl.invoke(NativeMethodAccessorImpl.java:62) ~[?:1.8.0_402]
	at sun.reflect.DelegatingMethodAccessorImpl.invoke(DelegatingMethodAccessorImpl.java:43) ~[?:1.8.0_402]
	at java.lang.reflect.Method.invoke(Method.java:498) ~[?:1.8.0_402]
	at org.apache.hadoop.hive.metastore.RetryingMetaStoreClient.invoke(RetryingMetaStoreClient.java:218) ~[classes/:?]
	at com.sun.proxy.$Proxy45.dropDatabase(Unknown Source) ~[?:?]
	at org.apache.hadoop.hive.ql.metadata.Hive.dropDatabase(Hive.java:662) ~[classes/:?]
	... 57 more
Caused by: org.apache.derby.shared.common.error.DerbySQLIntegrityConstraintViolationException: DELETE on table 'DBS' caused a violation of foreign key constraint 'TBLS_FK1' for key (3).  The statement has been rolled back.
	at org.apache.derby.impl.jdbc.SQLExceptionFactory.getSQLException(Unknown Source) ~[derby-10.14.1.0.jar:?]
	at org.apache.derby.impl.jdbc.Util.generateCsSQLException(Unknown Source) ~[derby-10.14.1.0.jar:?]
	at org.apache.derby.impl.jdbc.TransactionResourceImpl.wrapInSQLException(Unknown Source) ~[derby-10.14.1.0.jar:?]
	at org.apache.derby.impl.jdbc.TransactionResourceImpl.handleException(Unknown Source) ~[derby-10.14.1.0.jar:?]
	at org.apache.derby.impl.jdbc.EmbedConnection.handleException(Unknown Source) ~[derby-10.14.1.0.jar:?]
	at org.apache.derby.impl.jdbc.ConnectionChild.handleException(Unknown Source) ~[derby-10.14.1.0.jar:?]
	at org.apache.derby.impl.jdbc.EmbedStatement.executeStatement(Unknown Source) ~[derby-10.14.1.0.jar:?]
	at org.apache.derby.impl.jdbc.EmbedPreparedStatement.executeBatchElement(Unknown Source) ~[derby-10.14.1.0.jar:?]
	at org.apache.derby.impl.jdbc.EmbedStatement.executeLargeBatch(Unknown Source) ~[derby-10.14.1.0.jar:?]
	at org.apache.derby.impl.jdbc.EmbedStatement.executeBatch(Unknown Source) ~[derby-10.14.1.0.jar:?]
	at com.zaxxer.hikari.pool.ProxyStatement.executeBatch(ProxyStatement.java:128) ~[HikariCP-java7-2.4.12.jar:?]
	at com.zaxxer.hikari.pool.HikariProxyPreparedStatement.executeBatch(HikariProxyPreparedStatement.java) ~[HikariCP-java7-2.4.12.jar:?]
	at org.datanucleus.store.rdbms.ParamLoggingPreparedStatement.executeBatch(ParamLoggingPreparedStatement.java:366) ~[datanucleus-rdbms-5.2.4.jar:?]
	at org.datanucleus.store.rdbms.SQLController.processConnectionStatement(SQLController.java:675) ~[datanucleus-rdbms-5.2.4.jar:?]
	at org.datanucleus.store.rdbms.SQLController.processStatementsForConnection(SQLController.java:643) ~[datanucleus-rdbms-5.2.4.jar:?]
	at org.datanucleus.store.rdbms.SQLController$1.transactionFlushed(SQLController.java:729) ~[datanucleus-rdbms-5.2.4.jar:?]
	at org.datanucleus.store.connection.AbstractManagedConnection.transactionFlushed(AbstractManagedConnection.java:95) ~[datanucleus-core-5.2.4.jar:?]
	at org.datanucleus.store.connection.ConnectionManagerImpl$2.transactionFlushed(ConnectionManagerImpl.java:528) ~[datanucleus-core-5.2.4.jar:?]
	at org.datanucleus.TransactionImpl.flush(TransactionImpl.java:222) ~[datanucleus-core-5.2.4.jar:?]
	at org.datanucleus.TransactionImpl.commit(TransactionImpl.java:286) ~[datanucleus-core-5.2.4.jar:?]
	at org.datanucleus.api.jdo.JDOTransaction.commit(JDOTransaction.java:99) ~[datanucleus-api-jdo-5.2.4.jar:?]
	at org.apache.hadoop.hive.metastore.ObjectStore.commitTransaction(ObjectStore.java:615) ~[classes/:?]
	at sun.reflect.GeneratedMethodAccessor31.invoke(Unknown Source) ~[?:?]
	at sun.reflect.DelegatingMethodAccessorImpl.invoke(DelegatingMethodAccessorImpl.java:43) ~[?:1.8.0_402]
	at java.lang.reflect.Method.invoke(Method.java:498) ~[?:1.8.0_402]
	at org.apache.hadoop.hive.metastore.RawStoreProxy.invoke(RawStoreProxy.java:97) ~[classes/:?]
	at com.sun.proxy.$Proxy32.commitTransaction(Unknown Source) ~[?:?]
	at org.apache.hadoop.hive.metastore.HMSHandler.drop_database_core(HMSHandler.java:1790) ~[classes/:?]
	at org.apache.hadoop.hive.metastore.HMSHandler.drop_database(HMSHandler.java:1869) ~[classes/:?]
	at sun.reflect.GeneratedMethodAccessor54.invoke(Unknown Source) ~[?:?]
	at sun.reflect.DelegatingMethodAccessorImpl.invoke(DelegatingMethodAccessorImpl.java:43) ~[?:1.8.0_402]
	at java.lang.reflect.Method.invoke(Method.java:498) ~[?:1.8.0_402]
	at org.apache.hadoop.hive.metastore.RetryingHMSHandler.invokeInternal(RetryingHMSHandler.java:147) ~[classes/:?]
	at org.apache.hadoop.hive.metastore.RetryingHMSHandler.invoke(RetryingHMSHandler.java:108) ~[classes/:?]
	at com.sun.proxy.$Proxy35.drop_database(Unknown Source) ~[?:?]
	at org.apache.hadoop.hive.metastore.HiveMetaStoreClient.dropDatabaseCascadePerDb(HiveMetaStoreClient.java:1601) ~[classes/:?]
	at org.apache.hadoop.hive.metastore.HiveMetaStoreClient.dropDatabase(HiveMetaStoreClient.java:1532) ~[classes/:?]
	at org.apache.hadoop.hive.metastore.HiveMetaStoreClient.dropDatabase(HiveMetaStoreClient.java:1485) ~[classes/:?]
	at sun.reflect.NativeMethodAccessorImpl.invoke0(Native Method) ~[?:1.8.0_402]
	at sun.reflect.NativeMethodAccessorImpl.invoke(NativeMethodAccessorImpl.java:62) ~[?:1.8.0_402]
	at sun.reflect.DelegatingMethodAccessorImpl.invoke(DelegatingMethodAccessorImpl.java:43) ~[?:1.8.0_402]
	at java.lang.reflect.Method.invoke(Method.java:498) ~[?:1.8.0_402]
	at org.apache.hadoop.hive.metastore.RetryingMetaStoreClient.invoke(RetryingMetaStoreClient.java:218) ~[classes/:?]
	at com.sun.proxy.$Proxy45.dropDatabase(Unknown Source) ~[?:?]
	at org.apache.hadoop.hive.ql.metadata.Hive.dropDatabase(Hive.java:662) ~[classes/:?]
	... 57 more
Caused by: org.apache.derby.iapi.error.StandardException: DELETE on table 'DBS' caused a violation of foreign key constraint 'TBLS_FK1' for key (3).  The statement has been rolled back.
	at org.apache.derby.iapi.error.StandardException.newException(Unknown Source) ~[derby-10.14.1.0.jar:?]
	at org.apache.derby.iapi.error.StandardException.newException(Unknown Source) ~[derby-10.14.1.0.jar:?]
	at org.apache.derby.impl.sql.execute.ReferencedKeyRIChecker.doCheck(Unknown Source) ~[derby-10.14.1.0.jar:?]
	at org.apache.derby.impl.sql.execute.RISetChecker.doPKCheck(Unknown Source) ~[derby-10.14.1.0.jar:?]
	at org.apache.derby.impl.sql.execute.DeleteResultSet.collectAffectedRows(Unknown Source) ~[derby-10.14.1.0.jar:?]
	at org.apache.derby.impl.sql.execute.DeleteResultSet.open(Unknown Source) ~[derby-10.14.1.0.jar:?]
	at org.apache.derby.impl.sql.GenericPreparedStatement.executeStmt(Unknown Source) ~[derby-10.14.1.0.jar:?]
	at org.apache.derby.impl.sql.GenericPreparedStatement.execute(Unknown Source) ~[derby-10.14.1.0.jar:?]
	at org.apache.derby.impl.jdbc.EmbedStatement.executeStatement(Unknown Source) ~[derby-10.14.1.0.jar:?]
	at org.apache.derby.impl.jdbc.EmbedPreparedStatement.executeBatchElement(Unknown Source) ~[derby-10.14.1.0.jar:?]
	at org.apache.derby.impl.jdbc.EmbedStatement.executeLargeBatch(Unknown Source) ~[derby-10.14.1.0.jar:?]
	at org.apache.derby.impl.jdbc.EmbedStatement.executeBatch(Unknown Source) ~[derby-10.14.1.0.jar:?]
	at com.zaxxer.hikari.pool.ProxyStatement.executeBatch(ProxyStatement.java:128) ~[HikariCP-java7-2.4.12.jar:?]
	at com.zaxxer.hikari.pool.HikariProxyPreparedStatement.executeBatch(HikariProxyPreparedStatement.java) ~[HikariCP-java7-2.4.12.jar:?]
	at org.datanucleus.store.rdbms.ParamLoggingPreparedStatement.executeBatch(ParamLoggingPreparedStatement.java:366) ~[datanucleus-rdbms-5.2.4.jar:?]
	at org.datanucleus.store.rdbms.SQLController.processConnectionStatement(SQLController.java:675) ~[datanucleus-rdbms-5.2.4.jar:?]
	at org.datanucleus.store.rdbms.SQLController.processStatementsForConnection(SQLController.java:643) ~[datanucleus-rdbms-5.2.4.jar:?]
	at org.datanucleus.store.rdbms.SQLController$1.transactionFlushed(SQLController.java:729) ~[datanucleus-rdbms-5.2.4.jar:?]
	at org.datanucleus.store.connection.AbstractManagedConnection.transactionFlushed(AbstractManagedConnection.java:95) ~[datanucleus-core-5.2.4.jar:?]
	at org.datanucleus.store.connection.ConnectionManagerImpl$2.transactionFlushed(ConnectionManagerImpl.java:528) ~[datanucleus-core-5.2.4.jar:?]
	at org.datanucleus.TransactionImpl.flush(TransactionImpl.java:222) ~[datanucleus-core-5.2.4.jar:?]
	at org.datanucleus.TransactionImpl.commit(TransactionImpl.java:286) ~[datanucleus-core-5.2.4.jar:?]
	at org.datanucleus.api.jdo.JDOTransaction.commit(JDOTransaction.java:99) ~[datanucleus-api-jdo-5.2.4.jar:?]
	at org.apache.hadoop.hive.metastore.ObjectStore.commitTransaction(ObjectStore.java:615) ~[classes/:?]
	at sun.reflect.GeneratedMethodAccessor31.invoke(Unknown Source) ~[?:?]
	at sun.reflect.DelegatingMethodAccessorImpl.invoke(DelegatingMethodAccessorImpl.java:43) ~[?:1.8.0_402]
	at java.lang.reflect.Method.invoke(Method.java:498) ~[?:1.8.0_402]
	at org.apache.hadoop.hive.metastore.RawStoreProxy.invoke(RawStoreProxy.java:97) ~[classes/:?]
	at com.sun.proxy.$Proxy32.commitTransaction(Unknown Source) ~[?:?]
	at org.apache.hadoop.hive.metastore.HMSHandler.drop_database_core(HMSHandler.java:1790) ~[classes/:?]
	at org.apache.hadoop.hive.metastore.HMSHandler.drop_database(HMSHandler.java:1869) ~[classes/:?]
	at sun.reflect.GeneratedMethodAccessor54.invoke(Unknown Source) ~[?:?]
	at sun.reflect.DelegatingMethodAccessorImpl.invoke(DelegatingMethodAccessorImpl.java:43) ~[?:1.8.0_402]
	at java.lang.reflect.Method.invoke(Method.java:498) ~[?:1.8.0_402]
	at org.apache.hadoop.hive.metastore.RetryingHMSHandler.invokeInternal(RetryingHMSHandler.java:147) ~[classes/:?]
	at org.apache.hadoop.hive.metastore.RetryingHMSHandler.invoke(RetryingHMSHandler.java:108) ~[classes/:?]
	at com.sun.proxy.$Proxy35.drop_database(Unknown Source) ~[?:?]
	at org.apache.hadoop.hive.metastore.HiveMetaStoreClient.dropDatabaseCascadePerDb(HiveMetaStoreClient.java:1601) ~[classes/:?]
	at org.apache.hadoop.hive.metastore.HiveMetaStoreClient.dropDatabase(HiveMetaStoreClient.java:1532) ~[classes/:?]
	at org.apache.hadoop.hive.metastore.HiveMetaStoreClient.dropDatabase(HiveMetaStoreClient.java:1485) ~[classes/:?]
	at sun.reflect.NativeMethodAccessorImpl.invoke0(Native Method) ~[?:1.8.0_402]
	at sun.reflect.NativeMethodAccessorImpl.invoke(NativeMethodAccessorImpl.java:62) ~[?:1.8.0_402]
	at sun.reflect.DelegatingMethodAccessorImpl.invoke(DelegatingMethodAccessorImpl.java:43) ~[?:1.8.0_402]
	at java.lang.reflect.Method.invoke(Method.java:498) ~[?:1.8.0_402]
	at org.apache.hadoop.hive.metastore.RetryingMetaStoreClient.invoke(RetryingMetaStoreClient.java:218) ~[classes/:?]
	at com.sun.proxy.$Proxy45.dropDatabase(Unknown Source) ~[?:?]
	at org.apache.hadoop.hive.ql.metadata.Hive.dropDatabase(Hive.java:662) ~[classes/:?]
	... 57 more
2024-04-24T11:28:15,863  INFO [main] reexec.ReOptimizePlugin: ReOptimization: retryPossible: false
2024-04-24T11:28:15,863  INFO [main] reexec.ReExecuteLostAMQueryPlugin: Got exception message: MetaException(message:javax.jdo.JDODataStoreException: Exception thrown flushing changes to datastore
NestedThrowables:
java.sql.BatchUpdateException: DELETE on table 'DBS' caused a violation of foreign key constraint 'TBLS_FK1' for key (3).  The statement has been rolled back.) retryPossible: false
2024-04-24T11:28:15,864  INFO [main] reexec.ReExecutionDagSubmitPlugin: Got exception message: MetaException(message:javax.jdo.JDODataStoreException: Exception thrown flushing changes to datastore
NestedThrowables:
java.sql.BatchUpdateException: DELETE on table 'DBS' caused a violation of foreign key constraint 'TBLS_FK1' for key (3).  The statement has been rolled back.) retryPossible: false
FAILED: Execution Error, return code 40000 from org.apache.hadoop.hive.ql.ddl.DDLTask. MetaException(message:javax.jdo.JDODataStoreException: Exception thrown flushing changes to datastore
NestedThrowables:
java.sql.BatchUpdateException: DELETE on table 'DBS' caused a violation of foreign key constraint 'TBLS_FK1' for key (3).  The statement has been rolled back.)
2024-04-24T11:28:15,864 ERROR [main] ql.Driver: FAILED: Execution Error, return code 40000 from org.apache.hadoop.hive.ql.ddl.DDLTask. MetaException(message:javax.jdo.JDODataStoreException: Exception thrown flushing changes to datastore
NestedThrowables:
java.sql.BatchUpdateException: DELETE on table 'DBS' caused a violation of foreign key constraint 'TBLS_FK1' for key (3).  The statement has been rolled back.)
2024-04-24T11:28:15,864  INFO [main] metadata.Hive: Dumping metastore api call timing information for : execution phase
2024-04-24T11:28:15,864  INFO [main] metadata.Hive: Total time spent in each metastore function (ms): {isCompatibleWith_(Configuration)=0}
2024-04-24T11:28:15,864  INFO [main] ql.Driver: Completed executing command(queryId=alex_20240424112755_3727c717-9661-4edf-9af9-3fcdf6d88583); Time taken: 20.31 seconds
]]></system-err>
  </testcase>
  <testcase name="testProjectionsBasic" classname="org.apache.hive.hcatalog.pig.TestRCFileHCatLoader" time="20.697">
    <error message="FAILED: Execution Error, return code 40000 from org.apache.hadoop.hive.ql.ddl.DDLTask. MetaException(message:javax.jdo.JDODataStoreException: Exception thrown flushing changes to datastore&#10;NestedThrowables:&#10;java.sql.BatchUpdateException: DELETE on table &apos;DBS&apos; caused a violation of foreign key constraint &apos;TBLS_FK1&apos; for key (3).  The statement has been rolled back.)" type="(responseCode = 40000, errorMessage = FAILED"><![CDATA[(responseCode = 40000, errorMessage = FAILED: Execution Error, return code 40000 from org.apache.hadoop.hive.ql.ddl.DDLTask. MetaException(message:javax.jdo.JDODataStoreException: Exception thrown flushing changes to datastore
NestedThrowables:
java.sql.BatchUpdateException: DELETE on table 'DBS' caused a violation of foreign key constraint 'TBLS_FK1' for key (3).  The statement has been rolled back.), hiveErrorCode = 40000, SQLState = 08S01, exception = MetaException(message:javax.jdo.JDODataStoreException: Exception thrown flushing changes to datastore
NestedThrowables:
java.sql.BatchUpdateException: DELETE on table 'DBS' caused a violation of foreign key constraint 'TBLS_FK1' for key (3).  The statement has been rolled back.))
	at org.apache.hadoop.hive.ql.DriverUtils.createProcessorException(DriverUtils.java:153)
	at org.apache.hadoop.hive.ql.Executor.handleTaskFailure(Executor.java:403)
	at org.apache.hadoop.hive.ql.Executor.handleFinished(Executor.java:285)
	at org.apache.hadoop.hive.ql.Executor.runTasks(Executor.java:246)
	at org.apache.hadoop.hive.ql.Executor.execute(Executor.java:108)
	at org.apache.hadoop.hive.ql.Driver.execute(Driver.java:348)
	at org.apache.hadoop.hive.ql.Driver.runInternal(Driver.java:204)
	at org.apache.hadoop.hive.ql.Driver.run(Driver.java:153)
	at org.apache.hadoop.hive.ql.Driver.run(Driver.java:148)
	at org.apache.hadoop.hive.ql.reexec.ReExecDriver.run(ReExecDriver.java:164)
	at org.apache.hadoop.hive.ql.reexec.ReExecDriver.run(ReExecDriver.java:230)
	at org.apache.hive.hcatalog.pig.AbstractHCatLoaderTest.executeStatementOnDriver(AbstractHCatLoaderTest.java:151)
	at org.apache.hive.hcatalog.pig.AbstractHCatLoaderTest.tearDown(AbstractHCatLoaderTest.java:239)
	at sun.reflect.NativeMethodAccessorImpl.invoke0(Native Method)
	at sun.reflect.NativeMethodAccessorImpl.invoke(NativeMethodAccessorImpl.java:62)
	at sun.reflect.DelegatingMethodAccessorImpl.invoke(DelegatingMethodAccessorImpl.java:43)
	at java.lang.reflect.Method.invoke(Method.java:498)
	at org.junit.runners.model.FrameworkMethod$1.runReflectiveCall(FrameworkMethod.java:59)
	at org.junit.internal.runners.model.ReflectiveCallable.run(ReflectiveCallable.java:12)
	at org.junit.runners.model.FrameworkMethod.invokeExplosively(FrameworkMethod.java:56)
	at org.junit.internal.runners.statements.RunAfters.invokeMethod(RunAfters.java:46)
	at org.junit.internal.runners.statements.RunAfters.evaluate(RunAfters.java:33)
	at org.junit.runners.ParentRunner$3.evaluate(ParentRunner.java:306)
	at org.junit.runners.BlockJUnit4ClassRunner$1.evaluate(BlockJUnit4ClassRunner.java:100)
	at org.junit.runners.ParentRunner.runLeaf(ParentRunner.java:366)
	at org.junit.runners.BlockJUnit4ClassRunner.runChild(BlockJUnit4ClassRunner.java:103)
	at org.junit.runners.BlockJUnit4ClassRunner.runChild(BlockJUnit4ClassRunner.java:63)
	at org.junit.runners.ParentRunner$4.run(ParentRunner.java:331)
	at org.junit.runners.ParentRunner$1.schedule(ParentRunner.java:79)
	at org.junit.runners.ParentRunner.runChildren(ParentRunner.java:329)
	at org.junit.runners.ParentRunner.access$100(ParentRunner.java:66)
	at org.junit.runners.ParentRunner$2.evaluate(ParentRunner.java:293)
	at org.junit.internal.runners.statements.RunBefores.evaluate(RunBefores.java:26)
	at org.junit.runners.ParentRunner$3.evaluate(ParentRunner.java:306)
	at org.junit.runners.ParentRunner.run(ParentRunner.java:413)
	at org.junit.runners.Suite.runChild(Suite.java:128)
	at org.junit.runners.Suite.runChild(Suite.java:27)
	at org.junit.runners.ParentRunner$4.run(ParentRunner.java:331)
	at org.junit.runners.ParentRunner$1.schedule(ParentRunner.java:79)
	at org.junit.runners.ParentRunner.runChildren(ParentRunner.java:329)
	at org.junit.runners.ParentRunner.access$100(ParentRunner.java:66)
	at org.junit.runners.ParentRunner$2.evaluate(ParentRunner.java:293)
	at org.junit.runners.ParentRunner$3.evaluate(ParentRunner.java:306)
	at org.junit.runners.ParentRunner.run(ParentRunner.java:413)
	at org.apache.maven.surefire.junitcore.JUnitCore.run(JUnitCore.java:55)
	at org.apache.maven.surefire.junitcore.JUnitCoreWrapper.createRequestAndRun(JUnitCoreWrapper.java:137)
	at org.apache.maven.surefire.junitcore.JUnitCoreWrapper.executeEager(JUnitCoreWrapper.java:107)
	at org.apache.maven.surefire.junitcore.JUnitCoreWrapper.execute(JUnitCoreWrapper.java:83)
	at org.apache.maven.surefire.junitcore.JUnitCoreWrapper.execute(JUnitCoreWrapper.java:75)
	at org.apache.maven.surefire.junitcore.JUnitCoreProvider.invoke(JUnitCoreProvider.java:158)
	at org.apache.maven.surefire.booter.ForkedBooter.runSuitesInProcess(ForkedBooter.java:377)
	at org.apache.maven.surefire.booter.ForkedBooter.execute(ForkedBooter.java:138)
	at org.apache.maven.surefire.booter.ForkedBooter.run(ForkedBooter.java:465)
	at org.apache.maven.surefire.booter.ForkedBooter.main(ForkedBooter.java:451)
Caused by: org.apache.hadoop.hive.ql.metadata.HiveException: MetaException(message:javax.jdo.JDODataStoreException: Exception thrown flushing changes to datastore
NestedThrowables:
java.sql.BatchUpdateException: DELETE on table 'DBS' caused a violation of foreign key constraint 'TBLS_FK1' for key (3).  The statement has been rolled back.)
	at org.apache.hadoop.hive.ql.metadata.Hive.dropDatabase(Hive.java:666)
	at org.apache.hadoop.hive.ql.ddl.database.drop.DropDatabaseOperation.execute(DropDatabaseOperation.java:52)
	at org.apache.hadoop.hive.ql.ddl.DDLTask.execute(DDLTask.java:84)
	at org.apache.hadoop.hive.ql.exec.Task.executeTask(Task.java:212)
	at org.apache.hadoop.hive.ql.exec.TaskRunner.runSequential(TaskRunner.java:105)
	at org.apache.hadoop.hive.ql.Executor.launchTask(Executor.java:361)
	at org.apache.hadoop.hive.ql.Executor.launchTasks(Executor.java:334)
	at org.apache.hadoop.hive.ql.Executor.runTasks(Executor.java:245)
	... 50 more
Caused by: MetaException(message:javax.jdo.JDODataStoreException: Exception thrown flushing changes to datastore
NestedThrowables:
java.sql.BatchUpdateException: DELETE on table 'DBS' caused a violation of foreign key constraint 'TBLS_FK1' for key (3).  The statement has been rolled back.)
	at org.apache.hadoop.hive.metastore.RetryingHMSHandler.invokeInternal(RetryingHMSHandler.java:209)
	at org.apache.hadoop.hive.metastore.RetryingHMSHandler.invoke(RetryingHMSHandler.java:108)
	at com.sun.proxy.$Proxy35.drop_database(Unknown Source)
	at org.apache.hadoop.hive.metastore.HiveMetaStoreClient.dropDatabaseCascadePerDb(HiveMetaStoreClient.java:1601)
	at org.apache.hadoop.hive.metastore.HiveMetaStoreClient.dropDatabase(HiveMetaStoreClient.java:1532)
	at org.apache.hadoop.hive.metastore.HiveMetaStoreClient.dropDatabase(HiveMetaStoreClient.java:1485)
	at sun.reflect.NativeMethodAccessorImpl.invoke0(Native Method)
	at sun.reflect.NativeMethodAccessorImpl.invoke(NativeMethodAccessorImpl.java:62)
	at sun.reflect.DelegatingMethodAccessorImpl.invoke(DelegatingMethodAccessorImpl.java:43)
	at java.lang.reflect.Method.invoke(Method.java:498)
	at org.apache.hadoop.hive.metastore.RetryingMetaStoreClient.invoke(RetryingMetaStoreClient.java:218)
	at com.sun.proxy.$Proxy45.dropDatabase(Unknown Source)
	at org.apache.hadoop.hive.ql.metadata.Hive.dropDatabase(Hive.java:662)
	... 57 more
Caused by: javax.jdo.JDODataStoreException: Exception thrown flushing changes to datastore
NestedThrowables:
java.sql.BatchUpdateException: DELETE on table 'DBS' caused a violation of foreign key constraint 'TBLS_FK1' for key (3).  The statement has been rolled back.
	at org.datanucleus.api.jdo.NucleusJDOHelper.getJDOExceptionForNucleusException(NucleusJDOHelper.java:542)
	at org.datanucleus.api.jdo.JDOTransaction.commit(JDOTransaction.java:162)
	at org.apache.hadoop.hive.metastore.ObjectStore.commitTransaction(ObjectStore.java:615)
	at sun.reflect.GeneratedMethodAccessor31.invoke(Unknown Source)
	at sun.reflect.DelegatingMethodAccessorImpl.invoke(DelegatingMethodAccessorImpl.java:43)
	at java.lang.reflect.Method.invoke(Method.java:498)
	at org.apache.hadoop.hive.metastore.RawStoreProxy.invoke(RawStoreProxy.java:97)
	at com.sun.proxy.$Proxy32.commitTransaction(Unknown Source)
	at org.apache.hadoop.hive.metastore.HMSHandler.drop_database_core(HMSHandler.java:1790)
	at org.apache.hadoop.hive.metastore.HMSHandler.drop_database(HMSHandler.java:1869)
	at sun.reflect.GeneratedMethodAccessor54.invoke(Unknown Source)
	at sun.reflect.DelegatingMethodAccessorImpl.invoke(DelegatingMethodAccessorImpl.java:43)
	at java.lang.reflect.Method.invoke(Method.java:498)
	at org.apache.hadoop.hive.metastore.RetryingHMSHandler.invokeInternal(RetryingHMSHandler.java:147)
	... 69 more
Caused by: java.sql.BatchUpdateException: DELETE on table 'DBS' caused a violation of foreign key constraint 'TBLS_FK1' for key (3).  The statement has been rolled back.
	at org.apache.derby.impl.jdbc.EmbedStatement.executeLargeBatch(Unknown Source)
	at org.apache.derby.impl.jdbc.EmbedStatement.executeBatch(Unknown Source)
	at com.zaxxer.hikari.pool.ProxyStatement.executeBatch(ProxyStatement.java:128)
	at com.zaxxer.hikari.pool.HikariProxyPreparedStatement.executeBatch(HikariProxyPreparedStatement.java)
	at org.datanucleus.store.rdbms.ParamLoggingPreparedStatement.executeBatch(ParamLoggingPreparedStatement.java:366)
	at org.datanucleus.store.rdbms.SQLController.processConnectionStatement(SQLController.java:675)
	at org.datanucleus.store.rdbms.SQLController.processStatementsForConnection(SQLController.java:643)
	at org.datanucleus.store.rdbms.SQLController$1.transactionFlushed(SQLController.java:729)
	at org.datanucleus.store.connection.AbstractManagedConnection.transactionFlushed(AbstractManagedConnection.java:95)
	at org.datanucleus.store.connection.ConnectionManagerImpl$2.transactionFlushed(ConnectionManagerImpl.java:528)
	at org.datanucleus.TransactionImpl.flush(TransactionImpl.java:222)
	at org.datanucleus.TransactionImpl.commit(TransactionImpl.java:286)
	at org.datanucleus.api.jdo.JDOTransaction.commit(JDOTransaction.java:99)
	... 81 more
Caused by: org.apache.derby.shared.common.error.DerbySQLIntegrityConstraintViolationException: DELETE on table 'DBS' caused a violation of foreign key constraint 'TBLS_FK1' for key (3).  The statement has been rolled back.
	at org.apache.derby.impl.jdbc.SQLExceptionFactory.getSQLException(Unknown Source)
	at org.apache.derby.impl.jdbc.Util.generateCsSQLException(Unknown Source)
	at org.apache.derby.impl.jdbc.TransactionResourceImpl.wrapInSQLException(Unknown Source)
	at org.apache.derby.impl.jdbc.TransactionResourceImpl.handleException(Unknown Source)
	at org.apache.derby.impl.jdbc.EmbedConnection.handleException(Unknown Source)
	at org.apache.derby.impl.jdbc.ConnectionChild.handleException(Unknown Source)
	at org.apache.derby.impl.jdbc.EmbedStatement.executeStatement(Unknown Source)
	at org.apache.derby.impl.jdbc.EmbedPreparedStatement.executeBatchElement(Unknown Source)
	... 94 more
Caused by: ERROR 23503: DELETE on table 'DBS' caused a violation of foreign key constraint 'TBLS_FK1' for key (3).  The statement has been rolled back.
	at org.apache.derby.iapi.error.StandardException.newException(Unknown Source)
	at org.apache.derby.iapi.error.StandardException.newException(Unknown Source)
	at org.apache.derby.impl.sql.execute.ReferencedKeyRIChecker.doCheck(Unknown Source)
	at org.apache.derby.impl.sql.execute.RISetChecker.doPKCheck(Unknown Source)
	at org.apache.derby.impl.sql.execute.DeleteResultSet.collectAffectedRows(Unknown Source)
	at org.apache.derby.impl.sql.execute.DeleteResultSet.open(Unknown Source)
	at org.apache.derby.impl.sql.GenericPreparedStatement.executeStmt(Unknown Source)
	at org.apache.derby.impl.sql.GenericPreparedStatement.execute(Unknown Source)
	... 96 more
]]></error>
  </testcase>
  <testcase name="testConvertBooleanToInt" classname="org.apache.hive.hcatalog.pig.TestRCFileHCatLoader" time="20.832">
    <error message="FAILED: Execution Error, return code 40000 from org.apache.hadoop.hive.ql.ddl.DDLTask. AlreadyExistsException(message:Table hive.default.junit_unparted_basic already exists)" type="(responseCode = 40000, errorMessage = FAILED"><![CDATA[(responseCode = 40000, errorMessage = FAILED: Execution Error, return code 40000 from org.apache.hadoop.hive.ql.ddl.DDLTask. AlreadyExistsException(message:Table hive.default.junit_unparted_basic already exists), hiveErrorCode = 40000, SQLState = 08S01, exception = AlreadyExistsException(message:Table hive.default.junit_unparted_basic already exists))
	at org.apache.hadoop.hive.ql.DriverUtils.createProcessorException(DriverUtils.java:153)
	at org.apache.hadoop.hive.ql.Executor.handleTaskFailure(Executor.java:403)
	at org.apache.hadoop.hive.ql.Executor.handleFinished(Executor.java:285)
	at org.apache.hadoop.hive.ql.Executor.runTasks(Executor.java:246)
	at org.apache.hadoop.hive.ql.Executor.execute(Executor.java:108)
	at org.apache.hadoop.hive.ql.Driver.execute(Driver.java:348)
	at org.apache.hadoop.hive.ql.Driver.runInternal(Driver.java:204)
	at org.apache.hadoop.hive.ql.Driver.run(Driver.java:153)
	at org.apache.hadoop.hive.ql.Driver.run(Driver.java:148)
	at org.apache.hadoop.hive.ql.reexec.ReExecDriver.run(ReExecDriver.java:164)
	at org.apache.hadoop.hive.ql.reexec.ReExecDriver.run(ReExecDriver.java:230)
	at org.apache.hive.hcatalog.pig.AbstractHCatLoaderTest.executeStatementOnDriver(AbstractHCatLoaderTest.java:151)
	at org.apache.hive.hcatalog.pig.AbstractHCatLoaderTest.createTable(AbstractHCatLoaderTest.java:134)
	at org.apache.hive.hcatalog.pig.AbstractHCatLoaderTest.createTable(AbstractHCatLoaderTest.java:104)
	at org.apache.hive.hcatalog.pig.AbstractHCatLoaderTest.createTableDefaultDB(AbstractHCatLoaderTest.java:142)
	at org.apache.hive.hcatalog.pig.AbstractHCatLoaderTest.setUpTest(AbstractHCatLoaderTest.java:162)
	at sun.reflect.NativeMethodAccessorImpl.invoke0(Native Method)
	at sun.reflect.NativeMethodAccessorImpl.invoke(NativeMethodAccessorImpl.java:62)
	at sun.reflect.DelegatingMethodAccessorImpl.invoke(DelegatingMethodAccessorImpl.java:43)
	at java.lang.reflect.Method.invoke(Method.java:498)
	at org.junit.runners.model.FrameworkMethod$1.runReflectiveCall(FrameworkMethod.java:59)
	at org.junit.internal.runners.model.ReflectiveCallable.run(ReflectiveCallable.java:12)
	at org.junit.runners.model.FrameworkMethod.invokeExplosively(FrameworkMethod.java:56)
	at org.junit.internal.runners.statements.RunBefores.invokeMethod(RunBefores.java:33)
	at org.junit.internal.runners.statements.RunBefores.evaluate(RunBefores.java:24)
	at org.junit.internal.runners.statements.RunAfters.evaluate(RunAfters.java:27)
	at org.junit.runners.ParentRunner$3.evaluate(ParentRunner.java:306)
	at org.junit.runners.BlockJUnit4ClassRunner$1.evaluate(BlockJUnit4ClassRunner.java:100)
	at org.junit.runners.ParentRunner.runLeaf(ParentRunner.java:366)
	at org.junit.runners.BlockJUnit4ClassRunner.runChild(BlockJUnit4ClassRunner.java:103)
	at org.junit.runners.BlockJUnit4ClassRunner.runChild(BlockJUnit4ClassRunner.java:63)
	at org.junit.runners.ParentRunner$4.run(ParentRunner.java:331)
	at org.junit.runners.ParentRunner$1.schedule(ParentRunner.java:79)
	at org.junit.runners.ParentRunner.runChildren(ParentRunner.java:329)
	at org.junit.runners.ParentRunner.access$100(ParentRunner.java:66)
	at org.junit.runners.ParentRunner$2.evaluate(ParentRunner.java:293)
	at org.junit.internal.runners.statements.RunBefores.evaluate(RunBefores.java:26)
	at org.junit.runners.ParentRunner$3.evaluate(ParentRunner.java:306)
	at org.junit.runners.ParentRunner.run(ParentRunner.java:413)
	at org.junit.runners.Suite.runChild(Suite.java:128)
	at org.junit.runners.Suite.runChild(Suite.java:27)
	at org.junit.runners.ParentRunner$4.run(ParentRunner.java:331)
	at org.junit.runners.ParentRunner$1.schedule(ParentRunner.java:79)
	at org.junit.runners.ParentRunner.runChildren(ParentRunner.java:329)
	at org.junit.runners.ParentRunner.access$100(ParentRunner.java:66)
	at org.junit.runners.ParentRunner$2.evaluate(ParentRunner.java:293)
	at org.junit.runners.ParentRunner$3.evaluate(ParentRunner.java:306)
	at org.junit.runners.ParentRunner.run(ParentRunner.java:413)
	at org.apache.maven.surefire.junitcore.JUnitCore.run(JUnitCore.java:55)
	at org.apache.maven.surefire.junitcore.JUnitCoreWrapper.createRequestAndRun(JUnitCoreWrapper.java:137)
	at org.apache.maven.surefire.junitcore.JUnitCoreWrapper.executeEager(JUnitCoreWrapper.java:107)
	at org.apache.maven.surefire.junitcore.JUnitCoreWrapper.execute(JUnitCoreWrapper.java:83)
	at org.apache.maven.surefire.junitcore.JUnitCoreWrapper.execute(JUnitCoreWrapper.java:75)
	at org.apache.maven.surefire.junitcore.JUnitCoreProvider.invoke(JUnitCoreProvider.java:158)
	at org.apache.maven.surefire.booter.ForkedBooter.runSuitesInProcess(ForkedBooter.java:377)
	at org.apache.maven.surefire.booter.ForkedBooter.execute(ForkedBooter.java:138)
	at org.apache.maven.surefire.booter.ForkedBooter.run(ForkedBooter.java:465)
	at org.apache.maven.surefire.booter.ForkedBooter.main(ForkedBooter.java:451)
Caused by: org.apache.hadoop.hive.ql.metadata.HiveException: AlreadyExistsException(message:Table hive.default.junit_unparted_basic already exists)
	at org.apache.hadoop.hive.ql.metadata.Hive.createTable(Hive.java:1298)
	at org.apache.hadoop.hive.ql.metadata.Hive.createTable(Hive.java:1306)
	at org.apache.hadoop.hive.ql.ddl.table.create.CreateTableOperation.createTableNonReplaceMode(CreateTableOperation.java:140)
	at org.apache.hadoop.hive.ql.ddl.table.create.CreateTableOperation.execute(CreateTableOperation.java:98)
	at org.apache.hadoop.hive.ql.ddl.DDLTask.execute(DDLTask.java:84)
	at org.apache.hadoop.hive.ql.exec.Task.executeTask(Task.java:212)
	at org.apache.hadoop.hive.ql.exec.TaskRunner.runSequential(TaskRunner.java:105)
	at org.apache.hadoop.hive.ql.Executor.launchTask(Executor.java:361)
	at org.apache.hadoop.hive.ql.Executor.launchTasks(Executor.java:334)
	at org.apache.hadoop.hive.ql.Executor.runTasks(Executor.java:245)
	... 54 more
Caused by: AlreadyExistsException(message:Table hive.default.junit_unparted_basic already exists)
	at org.apache.hadoop.hive.metastore.HMSHandler.create_table_core(HMSHandler.java:2339)
	at org.apache.hadoop.hive.metastore.HMSHandler.create_table_req(HMSHandler.java:2598)
	at sun.reflect.GeneratedMethodAccessor40.invoke(Unknown Source)
	at sun.reflect.DelegatingMethodAccessorImpl.invoke(DelegatingMethodAccessorImpl.java:43)
	at java.lang.reflect.Method.invoke(Method.java:498)
	at org.apache.hadoop.hive.metastore.RetryingHMSHandler.invokeInternal(RetryingHMSHandler.java:147)
	at org.apache.hadoop.hive.metastore.RetryingHMSHandler.invoke(RetryingHMSHandler.java:108)
	at com.sun.proxy.$Proxy35.create_table_req(Unknown Source)
	at org.apache.hadoop.hive.metastore.HiveMetaStoreClient.create_table_with_environment_context(HiveMetaStoreClient.java:4408)
	at org.apache.hadoop.hive.ql.metadata.SessionHiveMetaStoreClient.create_table_with_environment_context(SessionHiveMetaStoreClient.java:182)
	at org.apache.hadoop.hive.metastore.HiveMetaStoreClient.createTable(HiveMetaStoreClient.java:1260)
	at org.apache.hadoop.hive.metastore.HiveMetaStoreClient.createTable(HiveMetaStoreClient.java:1245)
	at sun.reflect.GeneratedMethodAccessor39.invoke(Unknown Source)
	at sun.reflect.DelegatingMethodAccessorImpl.invoke(DelegatingMethodAccessorImpl.java:43)
	at java.lang.reflect.Method.invoke(Method.java:498)
	at org.apache.hadoop.hive.metastore.RetryingMetaStoreClient.invoke(RetryingMetaStoreClient.java:218)
	at com.sun.proxy.$Proxy45.createTable(Unknown Source)
	at org.apache.hadoop.hive.ql.metadata.Hive.createTable(Hive.java:1290)
	... 63 more
]]></error>
    <system-err><![CDATA[2024-04-24T11:28:15,896  WARN [main] conf.HiveConf: HiveConf of name hive.llap.io.cache.orc.alloc.min does not exist
2024-04-24T11:28:15,896  WARN [main] conf.HiveConf: HiveConf of name hive.stats.key.prefix.reserve.length does not exist
2024-04-24T11:28:15,896  WARN [main] conf.HiveConf: HiveConf of name hive.llap.io.cache.orc.size does not exist
2024-04-24T11:28:15,896  WARN [main] conf.HiveConf: HiveConf of name hive.metastore.metadb.dir does not exist
2024-04-24T11:28:15,896  WARN [main] conf.HiveConf: HiveConf of name hive.dummyparam.test.server.specific.config.metastoresite does not exist
2024-04-24T11:28:15,896  WARN [main] conf.HiveConf: HiveConf of name hive.llap.io.cache.orc.alloc.max does not exist
2024-04-24T11:28:15,896  WARN [main] conf.HiveConf: HiveConf of name hive.metastore.client.cache.maxSize does not exist
2024-04-24T11:28:15,896  WARN [main] conf.HiveConf: HiveConf of name hive.dummyparam.test.server.specific.config.override does not exist
2024-04-24T11:28:15,896  WARN [main] conf.HiveConf: HiveConf of name hive.dummyparam.test.server.specific.config.hivesite does not exist
2024-04-24T11:28:15,897  WARN [main] conf.HiveConf: HiveConf of name hive.metastore.client.cache.recordStats does not exist
2024-04-24T11:28:15,897  WARN [main] conf.HiveConf: HiveConf of name hive.llap.io.cache.orc.arena.size does not exist
2024-04-24T11:28:15,899  INFO [main] metastore.HiveMetaStoreClient: HMS client filtering is enabled.
2024-04-24T11:28:15,900  INFO [main] metastore.PersistenceManagerProvider: Configuration datanucleus.autoStartMechanismMode is not set. Defaulting to 'ignored'
2024-04-24T11:28:15,900  INFO [main] metastore.ObjectStore: RawStore: org.apache.hadoop.hive.metastore.ObjectStore@513ad29e, with PersistenceManager: org.datanucleus.api.jdo.JDOPersistenceManager@2ee6196f will be shutdown
2024-04-24T11:28:15,900  INFO [main] metastore.ObjectStore: RawStore: org.apache.hadoop.hive.metastore.ObjectStore@513ad29e, with PersistenceManager: org.datanucleus.api.jdo.JDOPersistenceManager@2ee18aca created in the thread with id: 1
2024-04-24T11:28:15,902  INFO [main] metastore.HMSHandler: HMS server filtering is disabled by configuration
Hive Session ID = d2408aad-f61f-4107-ad05-2deb1af2e449
2024-04-24T11:28:15,902  INFO [main] SessionState: Hive Session ID = d2408aad-f61f-4107-ad05-2deb1af2e449
ivysettings.xml file not found in HIVE_HOME or HIVE_CONF_DIR,file:/home/alex/.m2/repository/org/apache/pig/pig/0.16.0/pig-0.16.0-h2.jar!/ivysettings.xml will be used
2024-04-24T11:28:15,903  INFO [main] DependencyResolver: ivysettings.xml file not found in HIVE_HOME or HIVE_CONF_DIR,file:/home/alex/.m2/repository/org/apache/pig/pig/0.16.0/pig-0.16.0-h2.jar!/ivysettings.xml will be used
2024-04-24T11:28:15,908  INFO [main] session.SessionState: Created HDFS directory: /home/alex/Repositories/hive/hcatalog/hcatalog-pig-adapter/target/tmp/scratchdir/alex/d2408aad-f61f-4107-ad05-2deb1af2e449
2024-04-24T11:28:15,911  INFO [main] session.SessionState: Created local directory: /home/alex/Repositories/hive/hcatalog/hcatalog-pig-adapter/target/tmp/localscratchdir/d2408aad-f61f-4107-ad05-2deb1af2e449
2024-04-24T11:28:15,913  INFO [main] session.SessionState: Created HDFS directory: /home/alex/Repositories/hive/hcatalog/hcatalog-pig-adapter/target/tmp/scratchdir/alex/d2408aad-f61f-4107-ad05-2deb1af2e449/_tmp_space.db
2024-04-24T11:28:15,914  INFO [main] ql.Driver: Compiling command(queryId=alex_20240424112815_77f1a574-7209-47ed-9f2d-c65b5a366144): use default
2024-04-24T11:28:15,914  INFO [main] HiveMetaStore.audit: ugi=alex	ip=unknown-ip-addr	cmd=get_database: default	
2024-04-24T11:28:15,915  INFO [main] ql.Driver: Semantic Analysis Completed (retrial = false)
2024-04-24T11:28:15,915  INFO [main] ql.Driver: Created Hive schema: Schema(fieldSchemas:null, properties:null)
2024-04-24T11:28:15,916  INFO [main] metadata.Hive: Dumping metastore api call timing information for : compilation phase
2024-04-24T11:28:15,916  INFO [main] metadata.Hive: Total time spent in each metastore function (ms): {isCompatibleWith_(Configuration)=0, flushCache_()=0, getDatabase_(String)=1}
2024-04-24T11:28:15,916  INFO [main] ql.Driver: Completed compiling command(queryId=alex_20240424112815_77f1a574-7209-47ed-9f2d-c65b5a366144); Time taken: 0.002 seconds
2024-04-24T11:28:15,916  INFO [main] reexec.ReExecDriver: Execution #1 of query
2024-04-24T11:28:15,916  INFO [main] ql.Driver: Concurrency mode is disabled, not creating a lock manager
2024-04-24T11:28:15,916  INFO [main] ql.Driver: Executing command(queryId=alex_20240424112815_77f1a574-7209-47ed-9f2d-c65b5a366144): use default
2024-04-24T11:28:15,916  INFO [main] ql.Driver: Starting task [Stage-0:DDL] in serial mode
2024-04-24T11:28:15,917  INFO [main] HiveMetaStore.audit: ugi=alex	ip=unknown-ip-addr	cmd=get_database: default	
2024-04-24T11:28:15,918  INFO [main] HiveMetaStore.audit: ugi=alex	ip=unknown-ip-addr	cmd=get_database: default	
2024-04-24T11:28:15,919  INFO [main] metadata.Hive: Dumping metastore api call timing information for : execution phase
2024-04-24T11:28:15,919  INFO [main] metadata.Hive: Total time spent in each metastore function (ms): {getDatabase_(String)=2, isCompatibleWith_(Configuration)=1}
2024-04-24T11:28:15,919  INFO [main] ql.Driver: Completed executing command(queryId=alex_20240424112815_77f1a574-7209-47ed-9f2d-c65b5a366144); Time taken: 0.003 seconds
2024-04-24T11:28:15,920  INFO [main] ql.Driver: Compiling command(queryId=alex_20240424112815_77f1a574-7209-47ed-9f2d-c65b5a366144): create table junit_unparted_basic(a int, b string) stored as RCFILE TBLPROPERTIES ('transactional'='false')
2024-04-24T11:28:15,920  INFO [main] parse.CalcitePlanner: Starting caching scope for: alex_20240424112815_77f1a574-7209-47ed-9f2d-c65b5a366144
2024-04-24T11:28:15,920  INFO [main] parse.CalcitePlanner: Starting Semantic Analysis
2024-04-24T11:28:15,920  INFO [main] sqlstd.SQLStdHiveAccessController: Created SQLStdHiveAccessController for session context : HiveAuthzSessionContext [sessionString=d2408aad-f61f-4107-ad05-2deb1af2e449, clientType=HIVECLI]
2024-04-24T11:28:15,921  INFO [main] metastore.HiveMetaStoreClient: Mestastore configuration metastore.filter.hook changed from org.apache.hadoop.hive.metastore.DefaultMetaStoreFilterHookImpl to org.apache.hadoop.hive.ql.security.authorization.plugin.AuthorizationMetaStoreFilterHook
2024-04-24T11:28:15,921  INFO [main] HiveMetaStore.audit: ugi=alex	ip=unknown-ip-addr	cmd=Cleaning up thread local RawStore...	
2024-04-24T11:28:15,921  INFO [main] metastore.ObjectStore: RawStore: org.apache.hadoop.hive.metastore.ObjectStore@513ad29e, with PersistenceManager: org.datanucleus.api.jdo.JDOPersistenceManager@2ee18aca will be shutdown
2024-04-24T11:28:15,921  INFO [main] HiveMetaStore.audit: ugi=alex	ip=unknown-ip-addr	cmd=Done cleaning up thread local RawStore	
2024-04-24T11:28:15,921  INFO [main] metastore.HiveMetaStoreClient: Closed a connection to metastore, current connections: -14
2024-04-24T11:28:15,922  INFO [main] metastore.HiveMetaStoreClient: HMS client filtering is enabled.
2024-04-24T11:28:15,923  INFO [main] metastore.HMSHandler: 0: Opening raw store with implementation class:org.apache.hadoop.hive.metastore.ObjectStore
2024-04-24T11:28:15,923  INFO [main] metastore.PersistenceManagerProvider: Configuration datanucleus.autoStartMechanismMode is not set. Defaulting to 'ignored'
2024-04-24T11:28:15,923  INFO [main] metastore.ObjectStore: RawStore: org.apache.hadoop.hive.metastore.ObjectStore@700df0dd, with PersistenceManager: null will be shutdown
2024-04-24T11:28:15,924  INFO [main] metastore.ObjectStore: RawStore: org.apache.hadoop.hive.metastore.ObjectStore@700df0dd, with PersistenceManager: org.datanucleus.api.jdo.JDOPersistenceManager@30e3ca4a created in the thread with id: 1
2024-04-24T11:28:15,925  INFO [main] metastore.HMSHandler: Created RawStore: org.apache.hadoop.hive.metastore.ObjectStore@700df0dd from thread id: 1
2024-04-24T11:28:15,925  INFO [main] metastore.HMSHandler: HMS server filtering is disabled by configuration
2024-04-24T11:28:15,925  INFO [main] metastore.RetryingMetaStoreClient: RetryingMetaStoreClient proxy=class org.apache.hadoop.hive.ql.metadata.SessionHiveMetaStoreClient ugi=alex (auth:SIMPLE) retries=1 delay=1 lifetime=0
2024-04-24T11:28:15,925  INFO [main] parse.CalcitePlanner: Creating table default.junit_unparted_basic position=13
2024-04-24T11:28:15,926  INFO [main] metastore.HiveMetaStoreClient: HMS client filtering is enabled.
2024-04-24T11:28:15,926  INFO [main] metastore.PersistenceManagerProvider: Configuration datanucleus.autoStartMechanismMode is not set. Defaulting to 'ignored'
2024-04-24T11:28:15,927  INFO [main] metastore.ObjectStore: RawStore: org.apache.hadoop.hive.metastore.ObjectStore@700df0dd, with PersistenceManager: org.datanucleus.api.jdo.JDOPersistenceManager@30e3ca4a will be shutdown
2024-04-24T11:28:15,927  INFO [main] metastore.ObjectStore: RawStore: org.apache.hadoop.hive.metastore.ObjectStore@700df0dd, with PersistenceManager: org.datanucleus.api.jdo.JDOPersistenceManager@553011a9 created in the thread with id: 1
2024-04-24T11:28:15,929  INFO [main] metastore.HMSHandler: HMS server filtering is disabled by configuration
2024-04-24T11:28:15,929  INFO [main] metastore.RetryingMetaStoreClient: RetryingMetaStoreClient proxy=class org.apache.hadoop.hive.ql.metadata.SessionHiveMetaStoreClient ugi=alex (auth:SIMPLE) retries=1 delay=1 lifetime=0
2024-04-24T11:28:15,929  INFO [main] HiveMetaStore.audit: ugi=alex	ip=unknown-ip-addr	cmd=get_database: default	
2024-04-24T11:28:15,930  INFO [main] parse.CalcitePlanner: Ending caching scope for: alex_20240424112815_77f1a574-7209-47ed-9f2d-c65b5a366144
2024-04-24T11:28:15,930  INFO [main] ql.Driver: Semantic Analysis Completed (retrial = false)
2024-04-24T11:28:15,930  INFO [main] ql.Driver: Created Hive schema: Schema(fieldSchemas:null, properties:null)
2024-04-24T11:28:15,930  INFO [main] metadata.Hive: Dumping metastore api call timing information for : compilation phase
2024-04-24T11:28:15,930  INFO [main] metadata.Hive: Total time spent in each metastore function (ms): {}
2024-04-24T11:28:15,930  INFO [main] ql.Driver: Completed compiling command(queryId=alex_20240424112815_77f1a574-7209-47ed-9f2d-c65b5a366144); Time taken: 0.01 seconds
2024-04-24T11:28:15,931  INFO [main] reexec.ReExecDriver: Execution #1 of query
2024-04-24T11:28:15,931  INFO [main] ql.Driver: Concurrency mode is disabled, not creating a lock manager
2024-04-24T11:28:15,931  INFO [main] ql.Driver: Executing command(queryId=alex_20240424112815_77f1a574-7209-47ed-9f2d-c65b5a366144): create table junit_unparted_basic(a int, b string) stored as RCFILE TBLPROPERTIES ('transactional'='false')
2024-04-24T11:28:15,931  INFO [main] ql.Driver: Starting task [Stage-0:DDL] in serial mode
2024-04-24T11:28:15,931  INFO [main] metastore.HiveMetaStoreClient: Mestastore configuration metastore.filter.hook changed from org.apache.hadoop.hive.ql.security.authorization.plugin.AuthorizationMetaStoreFilterHook to org.apache.hadoop.hive.metastore.DefaultMetaStoreFilterHookImpl
2024-04-24T11:28:15,931  INFO [main] HiveMetaStore.audit: ugi=alex	ip=unknown-ip-addr	cmd=Cleaning up thread local RawStore...	
2024-04-24T11:28:15,931  INFO [main] metastore.ObjectStore: RawStore: org.apache.hadoop.hive.metastore.ObjectStore@700df0dd, with PersistenceManager: org.datanucleus.api.jdo.JDOPersistenceManager@553011a9 will be shutdown
2024-04-24T11:28:15,931  INFO [main] HiveMetaStore.audit: ugi=alex	ip=unknown-ip-addr	cmd=Done cleaning up thread local RawStore	
2024-04-24T11:28:15,931  INFO [main] metastore.HiveMetaStoreClient: Closed a connection to metastore, current connections: -15
2024-04-24T11:28:15,933  INFO [main] metastore.HiveMetaStoreClient: HMS client filtering is enabled.
2024-04-24T11:28:15,934  INFO [main] metastore.HMSHandler: 0: Opening raw store with implementation class:org.apache.hadoop.hive.metastore.ObjectStore
2024-04-24T11:28:15,934  INFO [main] metastore.PersistenceManagerProvider: Configuration datanucleus.autoStartMechanismMode is not set. Defaulting to 'ignored'
2024-04-24T11:28:15,935  INFO [main] metastore.ObjectStore: RawStore: org.apache.hadoop.hive.metastore.ObjectStore@4ecbd1da, with PersistenceManager: null will be shutdown
2024-04-24T11:28:15,935  INFO [main] metastore.ObjectStore: RawStore: org.apache.hadoop.hive.metastore.ObjectStore@4ecbd1da, with PersistenceManager: org.datanucleus.api.jdo.JDOPersistenceManager@2090d3d1 created in the thread with id: 1
2024-04-24T11:28:15,936  INFO [main] metastore.HMSHandler: Created RawStore: org.apache.hadoop.hive.metastore.ObjectStore@4ecbd1da from thread id: 1
2024-04-24T11:28:15,937  INFO [main] metastore.HMSHandler: HMS server filtering is disabled by configuration
2024-04-24T11:28:15,937  INFO [main] metastore.RetryingMetaStoreClient: RetryingMetaStoreClient proxy=class org.apache.hadoop.hive.ql.metadata.SessionHiveMetaStoreClient ugi=alex (auth:SIMPLE) retries=1 delay=1 lifetime=0
2024-04-24T11:28:15,937  INFO [main] HiveMetaStore.audit: ugi=alex	ip=unknown-ip-addr	cmd=create_table_req: Table(tableName:junit_unparted_basic, dbName:default, owner:alex, createTime:1713983295, lastAccessTime:0, retention:0, sd:StorageDescriptor(cols:[FieldSchema(name:a, type:int, comment:null), FieldSchema(name:b, type:string, comment:null)], location:null, inputFormat:org.apache.hadoop.hive.ql.io.RCFileInputFormat, outputFormat:org.apache.hadoop.hive.ql.io.RCFileOutputFormat, compressed:false, numBuckets:-1, serdeInfo:SerDeInfo(name:null, serializationLib:org.apache.hadoop.hive.serde2.columnar.ColumnarSerDe, parameters:{serialization.format=1}), bucketCols:[], sortCols:[], parameters:{}, skewedInfo:SkewedInfo(skewedColNames:[], skewedColValues:[], skewedColValueLocationMaps:{}), storedAsSubDirectories:false), partitionKeys:[], parameters:{numRows=0, COLUMN_STATS_ACCURATE={"BASIC_STATS":"true","COLUMN_STATS":{"a":"true","b":"true"}}, totalSize=0, transactional=false, numFiles=0, numFilesErasureCoded=0, bucketing_version=2, rawDataSize=0}, viewOriginalText:null, viewExpandedText:null, tableType:MANAGED_TABLE, privileges:PrincipalPrivilegeSet(userPrivileges:{alex=[PrivilegeGrantInfo(privilege:INSERT, createTime:-1, grantor:alex, grantorType:USER, grantOption:true), PrivilegeGrantInfo(privilege:SELECT, createTime:-1, grantor:alex, grantorType:USER, grantOption:true), PrivilegeGrantInfo(privilege:UPDATE, createTime:-1, grantor:alex, grantorType:USER, grantOption:true), PrivilegeGrantInfo(privilege:DELETE, createTime:-1, grantor:alex, grantorType:USER, grantOption:true)]}, groupPrivileges:null, rolePrivileges:null), temporary:false, catName:hive, ownerType:USER)	
2024-04-24T11:28:15,950  WARN [main] metastore.HMSHandler: create_table_req got 
org.apache.hadoop.hive.metastore.api.AlreadyExistsException: Table hive.default.junit_unparted_basic already exists
	at org.apache.hadoop.hive.metastore.HMSHandler.create_table_core(HMSHandler.java:2339) ~[classes/:?]
	at org.apache.hadoop.hive.metastore.HMSHandler.create_table_req(HMSHandler.java:2598) [classes/:?]
	at sun.reflect.GeneratedMethodAccessor40.invoke(Unknown Source) ~[?:?]
	at sun.reflect.DelegatingMethodAccessorImpl.invoke(DelegatingMethodAccessorImpl.java:43) ~[?:1.8.0_402]
	at java.lang.reflect.Method.invoke(Method.java:498) ~[?:1.8.0_402]
	at org.apache.hadoop.hive.metastore.RetryingHMSHandler.invokeInternal(RetryingHMSHandler.java:147) [classes/:?]
	at org.apache.hadoop.hive.metastore.RetryingHMSHandler.invoke(RetryingHMSHandler.java:108) [classes/:?]
	at com.sun.proxy.$Proxy35.create_table_req(Unknown Source) [?:?]
	at org.apache.hadoop.hive.metastore.HiveMetaStoreClient.create_table_with_environment_context(HiveMetaStoreClient.java:4408) [classes/:?]
	at org.apache.hadoop.hive.ql.metadata.SessionHiveMetaStoreClient.create_table_with_environment_context(SessionHiveMetaStoreClient.java:182) [classes/:?]
	at org.apache.hadoop.hive.metastore.HiveMetaStoreClient.createTable(HiveMetaStoreClient.java:1260) [classes/:?]
	at org.apache.hadoop.hive.metastore.HiveMetaStoreClient.createTable(HiveMetaStoreClient.java:1245) [classes/:?]
	at sun.reflect.GeneratedMethodAccessor39.invoke(Unknown Source) ~[?:?]
	at sun.reflect.DelegatingMethodAccessorImpl.invoke(DelegatingMethodAccessorImpl.java:43) ~[?:1.8.0_402]
	at java.lang.reflect.Method.invoke(Method.java:498) ~[?:1.8.0_402]
	at org.apache.hadoop.hive.metastore.RetryingMetaStoreClient.invoke(RetryingMetaStoreClient.java:218) [classes/:?]
	at com.sun.proxy.$Proxy45.createTable(Unknown Source) [?:?]
	at org.apache.hadoop.hive.ql.metadata.Hive.createTable(Hive.java:1290) [classes/:?]
	at org.apache.hadoop.hive.ql.metadata.Hive.createTable(Hive.java:1306) [classes/:?]
	at org.apache.hadoop.hive.ql.ddl.table.create.CreateTableOperation.createTableNonReplaceMode(CreateTableOperation.java:140) [classes/:?]
	at org.apache.hadoop.hive.ql.ddl.table.create.CreateTableOperation.execute(CreateTableOperation.java:98) [classes/:?]
	at org.apache.hadoop.hive.ql.ddl.DDLTask.execute(DDLTask.java:84) [classes/:?]
	at org.apache.hadoop.hive.ql.exec.Task.executeTask(Task.java:212) [classes/:?]
	at org.apache.hadoop.hive.ql.exec.TaskRunner.runSequential(TaskRunner.java:105) [classes/:?]
	at org.apache.hadoop.hive.ql.Executor.launchTask(Executor.java:361) [classes/:?]
	at org.apache.hadoop.hive.ql.Executor.launchTasks(Executor.java:334) [classes/:?]
	at org.apache.hadoop.hive.ql.Executor.runTasks(Executor.java:245) [classes/:?]
	at org.apache.hadoop.hive.ql.Executor.execute(Executor.java:108) [classes/:?]
	at org.apache.hadoop.hive.ql.Driver.execute(Driver.java:348) [classes/:?]
	at org.apache.hadoop.hive.ql.Driver.runInternal(Driver.java:204) [classes/:?]
	at org.apache.hadoop.hive.ql.Driver.run(Driver.java:153) [classes/:?]
	at org.apache.hadoop.hive.ql.Driver.run(Driver.java:148) [classes/:?]
	at org.apache.hadoop.hive.ql.reexec.ReExecDriver.run(ReExecDriver.java:164) [classes/:?]
	at org.apache.hadoop.hive.ql.reexec.ReExecDriver.run(ReExecDriver.java:230) [classes/:?]
	at org.apache.hive.hcatalog.pig.AbstractHCatLoaderTest.executeStatementOnDriver(AbstractHCatLoaderTest.java:151) [test-classes/:?]
	at org.apache.hive.hcatalog.pig.AbstractHCatLoaderTest.createTable(AbstractHCatLoaderTest.java:134) [test-classes/:?]
	at org.apache.hive.hcatalog.pig.AbstractHCatLoaderTest.createTable(AbstractHCatLoaderTest.java:104) [test-classes/:?]
	at org.apache.hive.hcatalog.pig.AbstractHCatLoaderTest.createTableDefaultDB(AbstractHCatLoaderTest.java:142) [test-classes/:?]
	at org.apache.hive.hcatalog.pig.AbstractHCatLoaderTest.setUpTest(AbstractHCatLoaderTest.java:162) [test-classes/:?]
	at sun.reflect.NativeMethodAccessorImpl.invoke0(Native Method) ~[?:1.8.0_402]
	at sun.reflect.NativeMethodAccessorImpl.invoke(NativeMethodAccessorImpl.java:62) ~[?:1.8.0_402]
	at sun.reflect.DelegatingMethodAccessorImpl.invoke(DelegatingMethodAccessorImpl.java:43) ~[?:1.8.0_402]
	at java.lang.reflect.Method.invoke(Method.java:498) ~[?:1.8.0_402]
	at org.junit.runners.model.FrameworkMethod$1.runReflectiveCall(FrameworkMethod.java:59) [junit-4.13.jar:4.13]
	at org.junit.internal.runners.model.ReflectiveCallable.run(ReflectiveCallable.java:12) [junit-4.13.jar:4.13]
	at org.junit.runners.model.FrameworkMethod.invokeExplosively(FrameworkMethod.java:56) [junit-4.13.jar:4.13]
	at org.junit.internal.runners.statements.RunBefores.invokeMethod(RunBefores.java:33) [junit-4.13.jar:4.13]
	at org.junit.internal.runners.statements.RunBefores.evaluate(RunBefores.java:24) [junit-4.13.jar:4.13]
	at org.junit.internal.runners.statements.RunAfters.evaluate(RunAfters.java:27) [junit-4.13.jar:4.13]
	at org.junit.runners.ParentRunner$3.evaluate(ParentRunner.java:306) [junit-4.13.jar:4.13]
	at org.junit.runners.BlockJUnit4ClassRunner$1.evaluate(BlockJUnit4ClassRunner.java:100) [junit-4.13.jar:4.13]
	at org.junit.runners.ParentRunner.runLeaf(ParentRunner.java:366) [junit-4.13.jar:4.13]
	at org.junit.runners.BlockJUnit4ClassRunner.runChild(BlockJUnit4ClassRunner.java:103) [junit-4.13.jar:4.13]
	at org.junit.runners.BlockJUnit4ClassRunner.runChild(BlockJUnit4ClassRunner.java:63) [junit-4.13.jar:4.13]
	at org.junit.runners.ParentRunner$4.run(ParentRunner.java:331) [junit-4.13.jar:4.13]
	at org.junit.runners.ParentRunner$1.schedule(ParentRunner.java:79) [junit-4.13.jar:4.13]
	at org.junit.runners.ParentRunner.runChildren(ParentRunner.java:329) [junit-4.13.jar:4.13]
	at org.junit.runners.ParentRunner.access$100(ParentRunner.java:66) [junit-4.13.jar:4.13]
	at org.junit.runners.ParentRunner$2.evaluate(ParentRunner.java:293) [junit-4.13.jar:4.13]
	at org.junit.internal.runners.statements.RunBefores.evaluate(RunBefores.java:26) [junit-4.13.jar:4.13]
	at org.junit.runners.ParentRunner$3.evaluate(ParentRunner.java:306) [junit-4.13.jar:4.13]
	at org.junit.runners.ParentRunner.run(ParentRunner.java:413) [junit-4.13.jar:4.13]
	at org.junit.runners.Suite.runChild(Suite.java:128) [junit-4.13.jar:4.13]
	at org.junit.runners.Suite.runChild(Suite.java:27) [junit-4.13.jar:4.13]
	at org.junit.runners.ParentRunner$4.run(ParentRunner.java:331) [junit-4.13.jar:4.13]
	at org.junit.runners.ParentRunner$1.schedule(ParentRunner.java:79) [junit-4.13.jar:4.13]
	at org.junit.runners.ParentRunner.runChildren(ParentRunner.java:329) [junit-4.13.jar:4.13]
	at org.junit.runners.ParentRunner.access$100(ParentRunner.java:66) [junit-4.13.jar:4.13]
	at org.junit.runners.ParentRunner$2.evaluate(ParentRunner.java:293) [junit-4.13.jar:4.13]
	at org.junit.runners.ParentRunner$3.evaluate(ParentRunner.java:306) [junit-4.13.jar:4.13]
	at org.junit.runners.ParentRunner.run(ParentRunner.java:413) [junit-4.13.jar:4.13]
	at org.apache.maven.surefire.junitcore.JUnitCore.run(JUnitCore.java:55) [surefire-junit47-3.0.0-M4.jar:3.0.0-M4]
	at org.apache.maven.surefire.junitcore.JUnitCoreWrapper.createRequestAndRun(JUnitCoreWrapper.java:137) [surefire-junit47-3.0.0-M4.jar:3.0.0-M4]
	at org.apache.maven.surefire.junitcore.JUnitCoreWrapper.executeEager(JUnitCoreWrapper.java:107) [surefire-junit47-3.0.0-M4.jar:3.0.0-M4]
	at org.apache.maven.surefire.junitcore.JUnitCoreWrapper.execute(JUnitCoreWrapper.java:83) [surefire-junit47-3.0.0-M4.jar:3.0.0-M4]
	at org.apache.maven.surefire.junitcore.JUnitCoreWrapper.execute(JUnitCoreWrapper.java:75) [surefire-junit47-3.0.0-M4.jar:3.0.0-M4]
	at org.apache.maven.surefire.junitcore.JUnitCoreProvider.invoke(JUnitCoreProvider.java:158) [surefire-junit47-3.0.0-M4.jar:3.0.0-M4]
	at org.apache.maven.surefire.booter.ForkedBooter.runSuitesInProcess(ForkedBooter.java:377) [surefire-booter-3.0.0-M4.jar:3.0.0-M4]
	at org.apache.maven.surefire.booter.ForkedBooter.execute(ForkedBooter.java:138) [surefire-booter-3.0.0-M4.jar:3.0.0-M4]
	at org.apache.maven.surefire.booter.ForkedBooter.run(ForkedBooter.java:465) [surefire-booter-3.0.0-M4.jar:3.0.0-M4]
	at org.apache.maven.surefire.booter.ForkedBooter.main(ForkedBooter.java:451) [surefire-booter-3.0.0-M4.jar:3.0.0-M4]
2024-04-24T11:28:15,952 ERROR [main] metastore.RetryingHMSHandler: AlreadyExistsException(message:Table hive.default.junit_unparted_basic already exists)
	at org.apache.hadoop.hive.metastore.HMSHandler.create_table_core(HMSHandler.java:2339)
	at org.apache.hadoop.hive.metastore.HMSHandler.create_table_req(HMSHandler.java:2598)
	at sun.reflect.GeneratedMethodAccessor40.invoke(Unknown Source)
	at sun.reflect.DelegatingMethodAccessorImpl.invoke(DelegatingMethodAccessorImpl.java:43)
	at java.lang.reflect.Method.invoke(Method.java:498)
	at org.apache.hadoop.hive.metastore.RetryingHMSHandler.invokeInternal(RetryingHMSHandler.java:147)
	at org.apache.hadoop.hive.metastore.RetryingHMSHandler.invoke(RetryingHMSHandler.java:108)
	at com.sun.proxy.$Proxy35.create_table_req(Unknown Source)
	at org.apache.hadoop.hive.metastore.HiveMetaStoreClient.create_table_with_environment_context(HiveMetaStoreClient.java:4408)
	at org.apache.hadoop.hive.ql.metadata.SessionHiveMetaStoreClient.create_table_with_environment_context(SessionHiveMetaStoreClient.java:182)
	at org.apache.hadoop.hive.metastore.HiveMetaStoreClient.createTable(HiveMetaStoreClient.java:1260)
	at org.apache.hadoop.hive.metastore.HiveMetaStoreClient.createTable(HiveMetaStoreClient.java:1245)
	at sun.reflect.GeneratedMethodAccessor39.invoke(Unknown Source)
	at sun.reflect.DelegatingMethodAccessorImpl.invoke(DelegatingMethodAccessorImpl.java:43)
	at java.lang.reflect.Method.invoke(Method.java:498)
	at org.apache.hadoop.hive.metastore.RetryingMetaStoreClient.invoke(RetryingMetaStoreClient.java:218)
	at com.sun.proxy.$Proxy45.createTable(Unknown Source)
	at org.apache.hadoop.hive.ql.metadata.Hive.createTable(Hive.java:1290)
	at org.apache.hadoop.hive.ql.metadata.Hive.createTable(Hive.java:1306)
	at org.apache.hadoop.hive.ql.ddl.table.create.CreateTableOperation.createTableNonReplaceMode(CreateTableOperation.java:140)
	at org.apache.hadoop.hive.ql.ddl.table.create.CreateTableOperation.execute(CreateTableOperation.java:98)
	at org.apache.hadoop.hive.ql.ddl.DDLTask.execute(DDLTask.java:84)
	at org.apache.hadoop.hive.ql.exec.Task.executeTask(Task.java:212)
	at org.apache.hadoop.hive.ql.exec.TaskRunner.runSequential(TaskRunner.java:105)
	at org.apache.hadoop.hive.ql.Executor.launchTask(Executor.java:361)
	at org.apache.hadoop.hive.ql.Executor.launchTasks(Executor.java:334)
	at org.apache.hadoop.hive.ql.Executor.runTasks(Executor.java:245)
	at org.apache.hadoop.hive.ql.Executor.execute(Executor.java:108)
	at org.apache.hadoop.hive.ql.Driver.execute(Driver.java:348)
	at org.apache.hadoop.hive.ql.Driver.runInternal(Driver.java:204)
	at org.apache.hadoop.hive.ql.Driver.run(Driver.java:153)
	at org.apache.hadoop.hive.ql.Driver.run(Driver.java:148)
	at org.apache.hadoop.hive.ql.reexec.ReExecDriver.run(ReExecDriver.java:164)
	at org.apache.hadoop.hive.ql.reexec.ReExecDriver.run(ReExecDriver.java:230)
	at org.apache.hive.hcatalog.pig.AbstractHCatLoaderTest.executeStatementOnDriver(AbstractHCatLoaderTest.java:151)
	at org.apache.hive.hcatalog.pig.AbstractHCatLoaderTest.createTable(AbstractHCatLoaderTest.java:134)
	at org.apache.hive.hcatalog.pig.AbstractHCatLoaderTest.createTable(AbstractHCatLoaderTest.java:104)
	at org.apache.hive.hcatalog.pig.AbstractHCatLoaderTest.createTableDefaultDB(AbstractHCatLoaderTest.java:142)
	at org.apache.hive.hcatalog.pig.AbstractHCatLoaderTest.setUpTest(AbstractHCatLoaderTest.java:162)
	at sun.reflect.NativeMethodAccessorImpl.invoke0(Native Method)
	at sun.reflect.NativeMethodAccessorImpl.invoke(NativeMethodAccessorImpl.java:62)
	at sun.reflect.DelegatingMethodAccessorImpl.invoke(DelegatingMethodAccessorImpl.java:43)
	at java.lang.reflect.Method.invoke(Method.java:498)
	at org.junit.runners.model.FrameworkMethod$1.runReflectiveCall(FrameworkMethod.java:59)
	at org.junit.internal.runners.model.ReflectiveCallable.run(ReflectiveCallable.java:12)
	at org.junit.runners.model.FrameworkMethod.invokeExplosively(FrameworkMethod.java:56)
	at org.junit.internal.runners.statements.RunBefores.invokeMethod(RunBefores.java:33)
	at org.junit.internal.runners.statements.RunBefores.evaluate(RunBefores.java:24)
	at org.junit.internal.runners.statements.RunAfters.evaluate(RunAfters.java:27)
	at org.junit.runners.ParentRunner$3.evaluate(ParentRunner.java:306)
	at org.junit.runners.BlockJUnit4ClassRunner$1.evaluate(BlockJUnit4ClassRunner.java:100)
	at org.junit.runners.ParentRunner.runLeaf(ParentRunner.java:366)
	at org.junit.runners.BlockJUnit4ClassRunner.runChild(BlockJUnit4ClassRunner.java:103)
	at org.junit.runners.BlockJUnit4ClassRunner.runChild(BlockJUnit4ClassRunner.java:63)
	at org.junit.runners.ParentRunner$4.run(ParentRunner.java:331)
	at org.junit.runners.ParentRunner$1.schedule(ParentRunner.java:79)
	at org.junit.runners.ParentRunner.runChildren(ParentRunner.java:329)
	at org.junit.runners.ParentRunner.access$100(ParentRunner.java:66)
	at org.junit.runners.ParentRunner$2.evaluate(ParentRunner.java:293)
	at org.junit.internal.runners.statements.RunBefores.evaluate(RunBefores.java:26)
	at org.junit.runners.ParentRunner$3.evaluate(ParentRunner.java:306)
	at org.junit.runners.ParentRunner.run(ParentRunner.java:413)
	at org.junit.runners.Suite.runChild(Suite.java:128)
	at org.junit.runners.Suite.runChild(Suite.java:27)
	at org.junit.runners.ParentRunner$4.run(ParentRunner.java:331)
	at org.junit.runners.ParentRunner$1.schedule(ParentRunner.java:79)
	at org.junit.runners.ParentRunner.runChildren(ParentRunner.java:329)
	at org.junit.runners.ParentRunner.access$100(ParentRunner.java:66)
	at org.junit.runners.ParentRunner$2.evaluate(ParentRunner.java:293)
	at org.junit.runners.ParentRunner$3.evaluate(ParentRunner.java:306)
	at org.junit.runners.ParentRunner.run(ParentRunner.java:413)
	at org.apache.maven.surefire.junitcore.JUnitCore.run(JUnitCore.java:55)
	at org.apache.maven.surefire.junitcore.JUnitCoreWrapper.createRequestAndRun(JUnitCoreWrapper.java:137)
	at org.apache.maven.surefire.junitcore.JUnitCoreWrapper.executeEager(JUnitCoreWrapper.java:107)
	at org.apache.maven.surefire.junitcore.JUnitCoreWrapper.execute(JUnitCoreWrapper.java:83)
	at org.apache.maven.surefire.junitcore.JUnitCoreWrapper.execute(JUnitCoreWrapper.java:75)
	at org.apache.maven.surefire.junitcore.JUnitCoreProvider.invoke(JUnitCoreProvider.java:158)
	at org.apache.maven.surefire.booter.ForkedBooter.runSuitesInProcess(ForkedBooter.java:377)
	at org.apache.maven.surefire.booter.ForkedBooter.execute(ForkedBooter.java:138)
	at org.apache.maven.surefire.booter.ForkedBooter.run(ForkedBooter.java:465)
	at org.apache.maven.surefire.booter.ForkedBooter.main(ForkedBooter.java:451)

2024-04-24T11:28:15,953 ERROR [main] exec.Task: Failed
org.apache.hadoop.hive.ql.metadata.HiveException: AlreadyExistsException(message:Table hive.default.junit_unparted_basic already exists)
	at org.apache.hadoop.hive.ql.metadata.Hive.createTable(Hive.java:1298) ~[classes/:?]
	at org.apache.hadoop.hive.ql.metadata.Hive.createTable(Hive.java:1306) ~[classes/:?]
	at org.apache.hadoop.hive.ql.ddl.table.create.CreateTableOperation.createTableNonReplaceMode(CreateTableOperation.java:140) ~[classes/:?]
	at org.apache.hadoop.hive.ql.ddl.table.create.CreateTableOperation.execute(CreateTableOperation.java:98) ~[classes/:?]
	at org.apache.hadoop.hive.ql.ddl.DDLTask.execute(DDLTask.java:84) [classes/:?]
	at org.apache.hadoop.hive.ql.exec.Task.executeTask(Task.java:212) [classes/:?]
	at org.apache.hadoop.hive.ql.exec.TaskRunner.runSequential(TaskRunner.java:105) [classes/:?]
	at org.apache.hadoop.hive.ql.Executor.launchTask(Executor.java:361) [classes/:?]
	at org.apache.hadoop.hive.ql.Executor.launchTasks(Executor.java:334) [classes/:?]
	at org.apache.hadoop.hive.ql.Executor.runTasks(Executor.java:245) [classes/:?]
	at org.apache.hadoop.hive.ql.Executor.execute(Executor.java:108) [classes/:?]
	at org.apache.hadoop.hive.ql.Driver.execute(Driver.java:348) [classes/:?]
	at org.apache.hadoop.hive.ql.Driver.runInternal(Driver.java:204) [classes/:?]
	at org.apache.hadoop.hive.ql.Driver.run(Driver.java:153) [classes/:?]
	at org.apache.hadoop.hive.ql.Driver.run(Driver.java:148) [classes/:?]
	at org.apache.hadoop.hive.ql.reexec.ReExecDriver.run(ReExecDriver.java:164) [classes/:?]
	at org.apache.hadoop.hive.ql.reexec.ReExecDriver.run(ReExecDriver.java:230) [classes/:?]
	at org.apache.hive.hcatalog.pig.AbstractHCatLoaderTest.executeStatementOnDriver(AbstractHCatLoaderTest.java:151) [test-classes/:?]
	at org.apache.hive.hcatalog.pig.AbstractHCatLoaderTest.createTable(AbstractHCatLoaderTest.java:134) [test-classes/:?]
	at org.apache.hive.hcatalog.pig.AbstractHCatLoaderTest.createTable(AbstractHCatLoaderTest.java:104) [test-classes/:?]
	at org.apache.hive.hcatalog.pig.AbstractHCatLoaderTest.createTableDefaultDB(AbstractHCatLoaderTest.java:142) [test-classes/:?]
	at org.apache.hive.hcatalog.pig.AbstractHCatLoaderTest.setUpTest(AbstractHCatLoaderTest.java:162) [test-classes/:?]
	at sun.reflect.NativeMethodAccessorImpl.invoke0(Native Method) ~[?:1.8.0_402]
	at sun.reflect.NativeMethodAccessorImpl.invoke(NativeMethodAccessorImpl.java:62) ~[?:1.8.0_402]
	at sun.reflect.DelegatingMethodAccessorImpl.invoke(DelegatingMethodAccessorImpl.java:43) ~[?:1.8.0_402]
	at java.lang.reflect.Method.invoke(Method.java:498) ~[?:1.8.0_402]
	at org.junit.runners.model.FrameworkMethod$1.runReflectiveCall(FrameworkMethod.java:59) [junit-4.13.jar:4.13]
	at org.junit.internal.runners.model.ReflectiveCallable.run(ReflectiveCallable.java:12) [junit-4.13.jar:4.13]
	at org.junit.runners.model.FrameworkMethod.invokeExplosively(FrameworkMethod.java:56) [junit-4.13.jar:4.13]
	at org.junit.internal.runners.statements.RunBefores.invokeMethod(RunBefores.java:33) [junit-4.13.jar:4.13]
	at org.junit.internal.runners.statements.RunBefores.evaluate(RunBefores.java:24) [junit-4.13.jar:4.13]
	at org.junit.internal.runners.statements.RunAfters.evaluate(RunAfters.java:27) [junit-4.13.jar:4.13]
	at org.junit.runners.ParentRunner$3.evaluate(ParentRunner.java:306) [junit-4.13.jar:4.13]
	at org.junit.runners.BlockJUnit4ClassRunner$1.evaluate(BlockJUnit4ClassRunner.java:100) [junit-4.13.jar:4.13]
	at org.junit.runners.ParentRunner.runLeaf(ParentRunner.java:366) [junit-4.13.jar:4.13]
	at org.junit.runners.BlockJUnit4ClassRunner.runChild(BlockJUnit4ClassRunner.java:103) [junit-4.13.jar:4.13]
	at org.junit.runners.BlockJUnit4ClassRunner.runChild(BlockJUnit4ClassRunner.java:63) [junit-4.13.jar:4.13]
	at org.junit.runners.ParentRunner$4.run(ParentRunner.java:331) [junit-4.13.jar:4.13]
	at org.junit.runners.ParentRunner$1.schedule(ParentRunner.java:79) [junit-4.13.jar:4.13]
	at org.junit.runners.ParentRunner.runChildren(ParentRunner.java:329) [junit-4.13.jar:4.13]
	at org.junit.runners.ParentRunner.access$100(ParentRunner.java:66) [junit-4.13.jar:4.13]
	at org.junit.runners.ParentRunner$2.evaluate(ParentRunner.java:293) [junit-4.13.jar:4.13]
	at org.junit.internal.runners.statements.RunBefores.evaluate(RunBefores.java:26) [junit-4.13.jar:4.13]
	at org.junit.runners.ParentRunner$3.evaluate(ParentRunner.java:306) [junit-4.13.jar:4.13]
	at org.junit.runners.ParentRunner.run(ParentRunner.java:413) [junit-4.13.jar:4.13]
	at org.junit.runners.Suite.runChild(Suite.java:128) [junit-4.13.jar:4.13]
	at org.junit.runners.Suite.runChild(Suite.java:27) [junit-4.13.jar:4.13]
	at org.junit.runners.ParentRunner$4.run(ParentRunner.java:331) [junit-4.13.jar:4.13]
	at org.junit.runners.ParentRunner$1.schedule(ParentRunner.java:79) [junit-4.13.jar:4.13]
	at org.junit.runners.ParentRunner.runChildren(ParentRunner.java:329) [junit-4.13.jar:4.13]
	at org.junit.runners.ParentRunner.access$100(ParentRunner.java:66) [junit-4.13.jar:4.13]
	at org.junit.runners.ParentRunner$2.evaluate(ParentRunner.java:293) [junit-4.13.jar:4.13]
	at org.junit.runners.ParentRunner$3.evaluate(ParentRunner.java:306) [junit-4.13.jar:4.13]
	at org.junit.runners.ParentRunner.run(ParentRunner.java:413) [junit-4.13.jar:4.13]
	at org.apache.maven.surefire.junitcore.JUnitCore.run(JUnitCore.java:55) [surefire-junit47-3.0.0-M4.jar:3.0.0-M4]
	at org.apache.maven.surefire.junitcore.JUnitCoreWrapper.createRequestAndRun(JUnitCoreWrapper.java:137) [surefire-junit47-3.0.0-M4.jar:3.0.0-M4]
	at org.apache.maven.surefire.junitcore.JUnitCoreWrapper.executeEager(JUnitCoreWrapper.java:107) [surefire-junit47-3.0.0-M4.jar:3.0.0-M4]
	at org.apache.maven.surefire.junitcore.JUnitCoreWrapper.execute(JUnitCoreWrapper.java:83) [surefire-junit47-3.0.0-M4.jar:3.0.0-M4]
	at org.apache.maven.surefire.junitcore.JUnitCoreWrapper.execute(JUnitCoreWrapper.java:75) [surefire-junit47-3.0.0-M4.jar:3.0.0-M4]
	at org.apache.maven.surefire.junitcore.JUnitCoreProvider.invoke(JUnitCoreProvider.java:158) [surefire-junit47-3.0.0-M4.jar:3.0.0-M4]
	at org.apache.maven.surefire.booter.ForkedBooter.runSuitesInProcess(ForkedBooter.java:377) [surefire-booter-3.0.0-M4.jar:3.0.0-M4]
	at org.apache.maven.surefire.booter.ForkedBooter.execute(ForkedBooter.java:138) [surefire-booter-3.0.0-M4.jar:3.0.0-M4]
	at org.apache.maven.surefire.booter.ForkedBooter.run(ForkedBooter.java:465) [surefire-booter-3.0.0-M4.jar:3.0.0-M4]
	at org.apache.maven.surefire.booter.ForkedBooter.main(ForkedBooter.java:451) [surefire-booter-3.0.0-M4.jar:3.0.0-M4]
Caused by: org.apache.hadoop.hive.metastore.api.AlreadyExistsException: Table hive.default.junit_unparted_basic already exists
	at org.apache.hadoop.hive.metastore.HMSHandler.create_table_core(HMSHandler.java:2339) ~[classes/:?]
	at org.apache.hadoop.hive.metastore.HMSHandler.create_table_req(HMSHandler.java:2598) ~[classes/:?]
	at sun.reflect.GeneratedMethodAccessor40.invoke(Unknown Source) ~[?:?]
	at sun.reflect.DelegatingMethodAccessorImpl.invoke(DelegatingMethodAccessorImpl.java:43) ~[?:1.8.0_402]
	at java.lang.reflect.Method.invoke(Method.java:498) ~[?:1.8.0_402]
	at org.apache.hadoop.hive.metastore.RetryingHMSHandler.invokeInternal(RetryingHMSHandler.java:147) ~[classes/:?]
	at org.apache.hadoop.hive.metastore.RetryingHMSHandler.invoke(RetryingHMSHandler.java:108) ~[classes/:?]
	at com.sun.proxy.$Proxy35.create_table_req(Unknown Source) ~[?:?]
	at org.apache.hadoop.hive.metastore.HiveMetaStoreClient.create_table_with_environment_context(HiveMetaStoreClient.java:4408) ~[classes/:?]
	at org.apache.hadoop.hive.ql.metadata.SessionHiveMetaStoreClient.create_table_with_environment_context(SessionHiveMetaStoreClient.java:182) ~[classes/:?]
	at org.apache.hadoop.hive.metastore.HiveMetaStoreClient.createTable(HiveMetaStoreClient.java:1260) ~[classes/:?]
	at org.apache.hadoop.hive.metastore.HiveMetaStoreClient.createTable(HiveMetaStoreClient.java:1245) ~[classes/:?]
	at sun.reflect.GeneratedMethodAccessor39.invoke(Unknown Source) ~[?:?]
	at sun.reflect.DelegatingMethodAccessorImpl.invoke(DelegatingMethodAccessorImpl.java:43) ~[?:1.8.0_402]
	at java.lang.reflect.Method.invoke(Method.java:498) ~[?:1.8.0_402]
	at org.apache.hadoop.hive.metastore.RetryingMetaStoreClient.invoke(RetryingMetaStoreClient.java:218) ~[classes/:?]
	at com.sun.proxy.$Proxy45.createTable(Unknown Source) ~[?:?]
	at org.apache.hadoop.hive.ql.metadata.Hive.createTable(Hive.java:1290) ~[classes/:?]
	... 63 more
2024-04-24T11:28:15,955 ERROR [main] exec.Task: DDLTask failed, DDL Operation: class org.apache.hadoop.hive.ql.ddl.table.create.CreateTableOperation
org.apache.hadoop.hive.ql.metadata.HiveException: AlreadyExistsException(message:Table hive.default.junit_unparted_basic already exists)
	at org.apache.hadoop.hive.ql.metadata.Hive.createTable(Hive.java:1298) ~[classes/:?]
	at org.apache.hadoop.hive.ql.metadata.Hive.createTable(Hive.java:1306) ~[classes/:?]
	at org.apache.hadoop.hive.ql.ddl.table.create.CreateTableOperation.createTableNonReplaceMode(CreateTableOperation.java:140) ~[classes/:?]
	at org.apache.hadoop.hive.ql.ddl.table.create.CreateTableOperation.execute(CreateTableOperation.java:98) ~[classes/:?]
	at org.apache.hadoop.hive.ql.ddl.DDLTask.execute(DDLTask.java:84) [classes/:?]
	at org.apache.hadoop.hive.ql.exec.Task.executeTask(Task.java:212) [classes/:?]
	at org.apache.hadoop.hive.ql.exec.TaskRunner.runSequential(TaskRunner.java:105) [classes/:?]
	at org.apache.hadoop.hive.ql.Executor.launchTask(Executor.java:361) [classes/:?]
	at org.apache.hadoop.hive.ql.Executor.launchTasks(Executor.java:334) [classes/:?]
	at org.apache.hadoop.hive.ql.Executor.runTasks(Executor.java:245) [classes/:?]
	at org.apache.hadoop.hive.ql.Executor.execute(Executor.java:108) [classes/:?]
	at org.apache.hadoop.hive.ql.Driver.execute(Driver.java:348) [classes/:?]
	at org.apache.hadoop.hive.ql.Driver.runInternal(Driver.java:204) [classes/:?]
	at org.apache.hadoop.hive.ql.Driver.run(Driver.java:153) [classes/:?]
	at org.apache.hadoop.hive.ql.Driver.run(Driver.java:148) [classes/:?]
	at org.apache.hadoop.hive.ql.reexec.ReExecDriver.run(ReExecDriver.java:164) [classes/:?]
	at org.apache.hadoop.hive.ql.reexec.ReExecDriver.run(ReExecDriver.java:230) [classes/:?]
	at org.apache.hive.hcatalog.pig.AbstractHCatLoaderTest.executeStatementOnDriver(AbstractHCatLoaderTest.java:151) [test-classes/:?]
	at org.apache.hive.hcatalog.pig.AbstractHCatLoaderTest.createTable(AbstractHCatLoaderTest.java:134) [test-classes/:?]
	at org.apache.hive.hcatalog.pig.AbstractHCatLoaderTest.createTable(AbstractHCatLoaderTest.java:104) [test-classes/:?]
	at org.apache.hive.hcatalog.pig.AbstractHCatLoaderTest.createTableDefaultDB(AbstractHCatLoaderTest.java:142) [test-classes/:?]
	at org.apache.hive.hcatalog.pig.AbstractHCatLoaderTest.setUpTest(AbstractHCatLoaderTest.java:162) [test-classes/:?]
	at sun.reflect.NativeMethodAccessorImpl.invoke0(Native Method) ~[?:1.8.0_402]
	at sun.reflect.NativeMethodAccessorImpl.invoke(NativeMethodAccessorImpl.java:62) ~[?:1.8.0_402]
	at sun.reflect.DelegatingMethodAccessorImpl.invoke(DelegatingMethodAccessorImpl.java:43) ~[?:1.8.0_402]
	at java.lang.reflect.Method.invoke(Method.java:498) ~[?:1.8.0_402]
	at org.junit.runners.model.FrameworkMethod$1.runReflectiveCall(FrameworkMethod.java:59) [junit-4.13.jar:4.13]
	at org.junit.internal.runners.model.ReflectiveCallable.run(ReflectiveCallable.java:12) [junit-4.13.jar:4.13]
	at org.junit.runners.model.FrameworkMethod.invokeExplosively(FrameworkMethod.java:56) [junit-4.13.jar:4.13]
	at org.junit.internal.runners.statements.RunBefores.invokeMethod(RunBefores.java:33) [junit-4.13.jar:4.13]
	at org.junit.internal.runners.statements.RunBefores.evaluate(RunBefores.java:24) [junit-4.13.jar:4.13]
	at org.junit.internal.runners.statements.RunAfters.evaluate(RunAfters.java:27) [junit-4.13.jar:4.13]
	at org.junit.runners.ParentRunner$3.evaluate(ParentRunner.java:306) [junit-4.13.jar:4.13]
	at org.junit.runners.BlockJUnit4ClassRunner$1.evaluate(BlockJUnit4ClassRunner.java:100) [junit-4.13.jar:4.13]
	at org.junit.runners.ParentRunner.runLeaf(ParentRunner.java:366) [junit-4.13.jar:4.13]
	at org.junit.runners.BlockJUnit4ClassRunner.runChild(BlockJUnit4ClassRunner.java:103) [junit-4.13.jar:4.13]
	at org.junit.runners.BlockJUnit4ClassRunner.runChild(BlockJUnit4ClassRunner.java:63) [junit-4.13.jar:4.13]
	at org.junit.runners.ParentRunner$4.run(ParentRunner.java:331) [junit-4.13.jar:4.13]
	at org.junit.runners.ParentRunner$1.schedule(ParentRunner.java:79) [junit-4.13.jar:4.13]
	at org.junit.runners.ParentRunner.runChildren(ParentRunner.java:329) [junit-4.13.jar:4.13]
	at org.junit.runners.ParentRunner.access$100(ParentRunner.java:66) [junit-4.13.jar:4.13]
	at org.junit.runners.ParentRunner$2.evaluate(ParentRunner.java:293) [junit-4.13.jar:4.13]
	at org.junit.internal.runners.statements.RunBefores.evaluate(RunBefores.java:26) [junit-4.13.jar:4.13]
	at org.junit.runners.ParentRunner$3.evaluate(ParentRunner.java:306) [junit-4.13.jar:4.13]
	at org.junit.runners.ParentRunner.run(ParentRunner.java:413) [junit-4.13.jar:4.13]
	at org.junit.runners.Suite.runChild(Suite.java:128) [junit-4.13.jar:4.13]
	at org.junit.runners.Suite.runChild(Suite.java:27) [junit-4.13.jar:4.13]
	at org.junit.runners.ParentRunner$4.run(ParentRunner.java:331) [junit-4.13.jar:4.13]
	at org.junit.runners.ParentRunner$1.schedule(ParentRunner.java:79) [junit-4.13.jar:4.13]
	at org.junit.runners.ParentRunner.runChildren(ParentRunner.java:329) [junit-4.13.jar:4.13]
	at org.junit.runners.ParentRunner.access$100(ParentRunner.java:66) [junit-4.13.jar:4.13]
	at org.junit.runners.ParentRunner$2.evaluate(ParentRunner.java:293) [junit-4.13.jar:4.13]
	at org.junit.runners.ParentRunner$3.evaluate(ParentRunner.java:306) [junit-4.13.jar:4.13]
	at org.junit.runners.ParentRunner.run(ParentRunner.java:413) [junit-4.13.jar:4.13]
	at org.apache.maven.surefire.junitcore.JUnitCore.run(JUnitCore.java:55) [surefire-junit47-3.0.0-M4.jar:3.0.0-M4]
	at org.apache.maven.surefire.junitcore.JUnitCoreWrapper.createRequestAndRun(JUnitCoreWrapper.java:137) [surefire-junit47-3.0.0-M4.jar:3.0.0-M4]
	at org.apache.maven.surefire.junitcore.JUnitCoreWrapper.executeEager(JUnitCoreWrapper.java:107) [surefire-junit47-3.0.0-M4.jar:3.0.0-M4]
	at org.apache.maven.surefire.junitcore.JUnitCoreWrapper.execute(JUnitCoreWrapper.java:83) [surefire-junit47-3.0.0-M4.jar:3.0.0-M4]
	at org.apache.maven.surefire.junitcore.JUnitCoreWrapper.execute(JUnitCoreWrapper.java:75) [surefire-junit47-3.0.0-M4.jar:3.0.0-M4]
	at org.apache.maven.surefire.junitcore.JUnitCoreProvider.invoke(JUnitCoreProvider.java:158) [surefire-junit47-3.0.0-M4.jar:3.0.0-M4]
	at org.apache.maven.surefire.booter.ForkedBooter.runSuitesInProcess(ForkedBooter.java:377) [surefire-booter-3.0.0-M4.jar:3.0.0-M4]
	at org.apache.maven.surefire.booter.ForkedBooter.execute(ForkedBooter.java:138) [surefire-booter-3.0.0-M4.jar:3.0.0-M4]
	at org.apache.maven.surefire.booter.ForkedBooter.run(ForkedBooter.java:465) [surefire-booter-3.0.0-M4.jar:3.0.0-M4]
	at org.apache.maven.surefire.booter.ForkedBooter.main(ForkedBooter.java:451) [surefire-booter-3.0.0-M4.jar:3.0.0-M4]
Caused by: org.apache.hadoop.hive.metastore.api.AlreadyExistsException: Table hive.default.junit_unparted_basic already exists
	at org.apache.hadoop.hive.metastore.HMSHandler.create_table_core(HMSHandler.java:2339) ~[classes/:?]
	at org.apache.hadoop.hive.metastore.HMSHandler.create_table_req(HMSHandler.java:2598) ~[classes/:?]
	at sun.reflect.GeneratedMethodAccessor40.invoke(Unknown Source) ~[?:?]
	at sun.reflect.DelegatingMethodAccessorImpl.invoke(DelegatingMethodAccessorImpl.java:43) ~[?:1.8.0_402]
	at java.lang.reflect.Method.invoke(Method.java:498) ~[?:1.8.0_402]
	at org.apache.hadoop.hive.metastore.RetryingHMSHandler.invokeInternal(RetryingHMSHandler.java:147) ~[classes/:?]
	at org.apache.hadoop.hive.metastore.RetryingHMSHandler.invoke(RetryingHMSHandler.java:108) ~[classes/:?]
	at com.sun.proxy.$Proxy35.create_table_req(Unknown Source) ~[?:?]
	at org.apache.hadoop.hive.metastore.HiveMetaStoreClient.create_table_with_environment_context(HiveMetaStoreClient.java:4408) ~[classes/:?]
	at org.apache.hadoop.hive.ql.metadata.SessionHiveMetaStoreClient.create_table_with_environment_context(SessionHiveMetaStoreClient.java:182) ~[classes/:?]
	at org.apache.hadoop.hive.metastore.HiveMetaStoreClient.createTable(HiveMetaStoreClient.java:1260) ~[classes/:?]
	at org.apache.hadoop.hive.metastore.HiveMetaStoreClient.createTable(HiveMetaStoreClient.java:1245) ~[classes/:?]
	at sun.reflect.GeneratedMethodAccessor39.invoke(Unknown Source) ~[?:?]
	at sun.reflect.DelegatingMethodAccessorImpl.invoke(DelegatingMethodAccessorImpl.java:43) ~[?:1.8.0_402]
	at java.lang.reflect.Method.invoke(Method.java:498) ~[?:1.8.0_402]
	at org.apache.hadoop.hive.metastore.RetryingMetaStoreClient.invoke(RetryingMetaStoreClient.java:218) ~[classes/:?]
	at com.sun.proxy.$Proxy45.createTable(Unknown Source) ~[?:?]
	at org.apache.hadoop.hive.ql.metadata.Hive.createTable(Hive.java:1290) ~[classes/:?]
	... 63 more
2024-04-24T11:28:15,958  INFO [main] reexec.ReOptimizePlugin: ReOptimization: retryPossible: false
2024-04-24T11:28:15,958  INFO [main] reexec.ReExecuteLostAMQueryPlugin: Got exception message: AlreadyExistsException(message:Table hive.default.junit_unparted_basic already exists) retryPossible: false
2024-04-24T11:28:15,958  INFO [main] reexec.ReExecutionDagSubmitPlugin: Got exception message: AlreadyExistsException(message:Table hive.default.junit_unparted_basic already exists) retryPossible: false
FAILED: Execution Error, return code 40000 from org.apache.hadoop.hive.ql.ddl.DDLTask. AlreadyExistsException(message:Table hive.default.junit_unparted_basic already exists)
2024-04-24T11:28:15,958 ERROR [main] ql.Driver: FAILED: Execution Error, return code 40000 from org.apache.hadoop.hive.ql.ddl.DDLTask. AlreadyExistsException(message:Table hive.default.junit_unparted_basic already exists)
2024-04-24T11:28:15,958  INFO [main] metadata.Hive: Dumping metastore api call timing information for : execution phase
2024-04-24T11:28:15,958  INFO [main] metadata.Hive: Total time spent in each metastore function (ms): {}
2024-04-24T11:28:15,958  INFO [main] ql.Driver: Completed executing command(queryId=alex_20240424112815_77f1a574-7209-47ed-9f2d-c65b5a366144); Time taken: 0.027 seconds
2024-04-24T11:28:15,959  INFO [main] ql.Driver: Compiling command(queryId=alex_20240424112815_77f1a574-7209-47ed-9f2d-c65b5a366144): drop table if exists junit_unparted_basic
2024-04-24T11:28:15,959  INFO [main] HiveMetaStore.audit: ugi=alex	ip=unknown-ip-addr	cmd=get_table : tbl=hive.default.junit_unparted_basic	
2024-04-24T11:28:15,968  INFO [main] metastore.HMSHandler: Skipping translation for processor with null
2024-04-24T11:28:15,968  INFO [main] ql.Driver: Semantic Analysis Completed (retrial = false)
2024-04-24T11:28:15,968  INFO [main] ql.Driver: Created Hive schema: Schema(fieldSchemas:null, properties:null)
2024-04-24T11:28:15,968  INFO [main] metadata.Hive: Dumping metastore api call timing information for : compilation phase
2024-04-24T11:28:15,969  INFO [main] metadata.Hive: Total time spent in each metastore function (ms): {getTable_(GetTableRequest)=9, isCompatibleWith_(Configuration)=0, flushCache_()=0}
2024-04-24T11:28:15,969  INFO [main] ql.Driver: Completed compiling command(queryId=alex_20240424112815_77f1a574-7209-47ed-9f2d-c65b5a366144); Time taken: 0.009 seconds
2024-04-24T11:28:15,969  INFO [main] reexec.ReExecDriver: Execution #1 of query
2024-04-24T11:28:15,969  INFO [main] ql.Driver: Concurrency mode is disabled, not creating a lock manager
2024-04-24T11:28:15,969  INFO [main] ql.Driver: Executing command(queryId=alex_20240424112815_77f1a574-7209-47ed-9f2d-c65b5a366144): drop table if exists junit_unparted_basic
2024-04-24T11:28:15,969  INFO [main] ql.Driver: Starting task [Stage-0:DDL] in serial mode
2024-04-24T11:28:15,969  INFO [main] HiveMetaStore.audit: ugi=alex	ip=unknown-ip-addr	cmd=get_table : tbl=hive.default.junit_unparted_basic	
2024-04-24T11:28:15,981  INFO [main] metastore.HMSHandler: Skipping translation for processor with null
2024-04-24T11:28:15,981  INFO [main] HiveMetaStore.audit: ugi=alex	ip=unknown-ip-addr	cmd=get_table : tbl=hive.default.junit_unparted_basic	
2024-04-24T11:28:15,991  INFO [main] metastore.HMSHandler: Skipping translation for processor with null
2024-04-24T11:28:15,991  INFO [main] HiveMetaStore.audit: ugi=alex	ip=unknown-ip-addr	cmd=drop_table : tbl=hive.default.junit_unparted_basic	
2024-04-24T11:28:16,118  WARN [main] utils.FileUtils: File file:/home/alex/Repositories/hive/hcatalog/hcatalog-pig-adapter/build/test/data/org.apache.hive.hcatalog.mapreduce.HCatBaseTest-1713983215978/warehouse/junit_unparted_basic does not exist; Force to delete it.
2024-04-24T11:28:16,118 ERROR [main] utils.FileUtils: Failed to delete file:/home/alex/Repositories/hive/hcatalog/hcatalog-pig-adapter/build/test/data/org.apache.hive.hcatalog.mapreduce.HCatBaseTest-1713983215978/warehouse/junit_unparted_basic
2024-04-24T11:28:16,119  INFO [main] metadata.Hive: Dumping metastore api call timing information for : execution phase
2024-04-24T11:28:16,119  INFO [main] metadata.Hive: Total time spent in each metastore function (ms): {isCompatibleWith_(Configuration)=0, dropTable_(String, String, boolean, boolean, boolean)=137, getTable_(GetTableRequest)=12}
2024-04-24T11:28:16,119  INFO [main] ql.Driver: Completed executing command(queryId=alex_20240424112815_77f1a574-7209-47ed-9f2d-c65b5a366144); Time taken: 0.15 seconds
2024-04-24T11:28:16,119  INFO [main] ql.Driver: Compiling command(queryId=alex_20240424112815_77f1a574-7209-47ed-9f2d-c65b5a366144): drop table if exists junit_unparted_complex
2024-04-24T11:28:16,120  INFO [main] HiveMetaStore.audit: ugi=alex	ip=unknown-ip-addr	cmd=get_table : tbl=hive.default.junit_unparted_complex	
2024-04-24T11:28:16,129  INFO [main] metastore.HMSHandler: Skipping translation for processor with null
2024-04-24T11:28:16,129  INFO [main] ql.Driver: Semantic Analysis Completed (retrial = false)
2024-04-24T11:28:16,129  INFO [main] ql.Driver: Created Hive schema: Schema(fieldSchemas:null, properties:null)
2024-04-24T11:28:16,129  INFO [main] metadata.Hive: Dumping metastore api call timing information for : compilation phase
2024-04-24T11:28:16,129  INFO [main] metadata.Hive: Total time spent in each metastore function (ms): {flushCache_()=0, isCompatibleWith_(Configuration)=0, getTable_(GetTableRequest)=9}
2024-04-24T11:28:16,129  INFO [main] ql.Driver: Completed compiling command(queryId=alex_20240424112815_77f1a574-7209-47ed-9f2d-c65b5a366144); Time taken: 0.01 seconds
2024-04-24T11:28:16,129  INFO [main] reexec.ReExecDriver: Execution #1 of query
2024-04-24T11:28:16,130  INFO [main] ql.Driver: Concurrency mode is disabled, not creating a lock manager
2024-04-24T11:28:16,130  INFO [main] ql.Driver: Executing command(queryId=alex_20240424112815_77f1a574-7209-47ed-9f2d-c65b5a366144): drop table if exists junit_unparted_complex
2024-04-24T11:28:16,130  INFO [main] ql.Driver: Starting task [Stage-0:DDL] in serial mode
2024-04-24T11:28:16,130  INFO [main] HiveMetaStore.audit: ugi=alex	ip=unknown-ip-addr	cmd=get_table : tbl=hive.default.junit_unparted_complex	
2024-04-24T11:28:16,139  INFO [main] metastore.HMSHandler: Skipping translation for processor with null
2024-04-24T11:28:16,140  INFO [main] HiveMetaStore.audit: ugi=alex	ip=unknown-ip-addr	cmd=get_table : tbl=hive.default.junit_unparted_complex	
2024-04-24T11:28:16,149  INFO [main] metastore.HMSHandler: Skipping translation for processor with null
2024-04-24T11:28:16,150  INFO [main] HiveMetaStore.audit: ugi=alex	ip=unknown-ip-addr	cmd=drop_table : tbl=hive.default.junit_unparted_complex	
2024-04-24T11:28:16,194  WARN [main] utils.FileUtils: File file:/home/alex/Repositories/hive/hcatalog/hcatalog-pig-adapter/build/test/data/org.apache.hive.hcatalog.mapreduce.HCatBaseTest-1713983215978/warehouse/junit_unparted_complex does not exist; Force to delete it.
2024-04-24T11:28:16,194 ERROR [main] utils.FileUtils: Failed to delete file:/home/alex/Repositories/hive/hcatalog/hcatalog-pig-adapter/build/test/data/org.apache.hive.hcatalog.mapreduce.HCatBaseTest-1713983215978/warehouse/junit_unparted_complex
2024-04-24T11:28:16,195  INFO [main] metadata.Hive: Dumping metastore api call timing information for : execution phase
2024-04-24T11:28:16,195  INFO [main] metadata.Hive: Total time spent in each metastore function (ms): {getTable_(GetTableRequest)=9, dropTable_(String, String, boolean, boolean, boolean)=54, isCompatibleWith_(Configuration)=0}
2024-04-24T11:28:16,195  INFO [main] ql.Driver: Completed executing command(queryId=alex_20240424112815_77f1a574-7209-47ed-9f2d-c65b5a366144); Time taken: 0.065 seconds
2024-04-24T11:28:16,196  INFO [main] ql.Driver: Compiling command(queryId=alex_20240424112815_77f1a574-7209-47ed-9f2d-c65b5a366144): drop table if exists junit_parted_basic
2024-04-24T11:28:16,196  INFO [main] HiveMetaStore.audit: ugi=alex	ip=unknown-ip-addr	cmd=get_table : tbl=hive.default.junit_parted_basic	
2024-04-24T11:28:16,212  INFO [main] metastore.HMSHandler: Skipping translation for processor with null
2024-04-24T11:28:16,212  INFO [main] ql.Driver: Semantic Analysis Completed (retrial = false)
2024-04-24T11:28:16,212  INFO [main] ql.Driver: Created Hive schema: Schema(fieldSchemas:null, properties:null)
2024-04-24T11:28:16,212  INFO [main] metadata.Hive: Dumping metastore api call timing information for : compilation phase
2024-04-24T11:28:16,212  INFO [main] metadata.Hive: Total time spent in each metastore function (ms): {flushCache_()=0, getTable_(GetTableRequest)=16, isCompatibleWith_(Configuration)=0}
2024-04-24T11:28:16,213  INFO [main] ql.Driver: Completed compiling command(queryId=alex_20240424112815_77f1a574-7209-47ed-9f2d-c65b5a366144); Time taken: 0.016 seconds
2024-04-24T11:28:16,213  INFO [main] reexec.ReExecDriver: Execution #1 of query
2024-04-24T11:28:16,213  INFO [main] ql.Driver: Concurrency mode is disabled, not creating a lock manager
2024-04-24T11:28:16,213  INFO [main] ql.Driver: Executing command(queryId=alex_20240424112815_77f1a574-7209-47ed-9f2d-c65b5a366144): drop table if exists junit_parted_basic
2024-04-24T11:28:16,213  INFO [main] ql.Driver: Starting task [Stage-0:DDL] in serial mode
2024-04-24T11:28:16,214  INFO [main] HiveMetaStore.audit: ugi=alex	ip=unknown-ip-addr	cmd=get_table : tbl=hive.default.junit_parted_basic	
2024-04-24T11:28:16,229  INFO [main] metastore.HMSHandler: Skipping translation for processor with null
2024-04-24T11:28:16,229  INFO [main] HiveMetaStore.audit: ugi=alex	ip=unknown-ip-addr	cmd=get_table : tbl=hive.default.junit_parted_basic	
2024-04-24T11:28:16,240  INFO [main] metastore.HMSHandler: Skipping translation for processor with null
2024-04-24T11:28:16,240  INFO [main] HiveMetaStore.audit: ugi=alex	ip=unknown-ip-addr	cmd=drop_table : tbl=hive.default.junit_parted_basic	
2024-04-24T11:28:16,279  WARN [main] utils.FileUtils: File file:/home/alex/Repositories/hive/hcatalog/hcatalog-pig-adapter/build/test/data/org.apache.hive.hcatalog.mapreduce.HCatBaseTest-1713983215978/warehouse/junit_parted_basic does not exist; Force to delete it.
2024-04-24T11:28:16,279 ERROR [main] utils.FileUtils: Failed to delete file:/home/alex/Repositories/hive/hcatalog/hcatalog-pig-adapter/build/test/data/org.apache.hive.hcatalog.mapreduce.HCatBaseTest-1713983215978/warehouse/junit_parted_basic
2024-04-24T11:28:16,279  INFO [main] metadata.Hive: Dumping metastore api call timing information for : execution phase
2024-04-24T11:28:16,279  INFO [main] metadata.Hive: Total time spent in each metastore function (ms): {dropTable_(String, String, boolean, boolean, boolean)=50, isCompatibleWith_(Configuration)=0, getTable_(GetTableRequest)=15}
2024-04-24T11:28:16,279  INFO [main] ql.Driver: Completed executing command(queryId=alex_20240424112815_77f1a574-7209-47ed-9f2d-c65b5a366144); Time taken: 0.066 seconds
2024-04-24T11:28:16,280  INFO [main] ql.Driver: Compiling command(queryId=alex_20240424112815_77f1a574-7209-47ed-9f2d-c65b5a366144): drop table if exists junit_specific_size
2024-04-24T11:28:16,280  INFO [main] HiveMetaStore.audit: ugi=alex	ip=unknown-ip-addr	cmd=get_table : tbl=hive.default.junit_specific_size	
2024-04-24T11:28:16,291  INFO [main] metastore.HMSHandler: Skipping translation for processor with null
2024-04-24T11:28:16,291  INFO [main] ql.Driver: Semantic Analysis Completed (retrial = false)
2024-04-24T11:28:16,291  INFO [main] ql.Driver: Created Hive schema: Schema(fieldSchemas:null, properties:null)
2024-04-24T11:28:16,291  INFO [main] metadata.Hive: Dumping metastore api call timing information for : compilation phase
2024-04-24T11:28:16,291  INFO [main] metadata.Hive: Total time spent in each metastore function (ms): {isCompatibleWith_(Configuration)=0, flushCache_()=0, getTable_(GetTableRequest)=11}
2024-04-24T11:28:16,291  INFO [main] ql.Driver: Completed compiling command(queryId=alex_20240424112815_77f1a574-7209-47ed-9f2d-c65b5a366144); Time taken: 0.011 seconds
2024-04-24T11:28:16,291  INFO [main] reexec.ReExecDriver: Execution #1 of query
2024-04-24T11:28:16,291  INFO [main] ql.Driver: Concurrency mode is disabled, not creating a lock manager
2024-04-24T11:28:16,291  INFO [main] ql.Driver: Executing command(queryId=alex_20240424112815_77f1a574-7209-47ed-9f2d-c65b5a366144): drop table if exists junit_specific_size
2024-04-24T11:28:16,292  INFO [main] ql.Driver: Starting task [Stage-0:DDL] in serial mode
2024-04-24T11:28:16,292  INFO [main] HiveMetaStore.audit: ugi=alex	ip=unknown-ip-addr	cmd=get_table : tbl=hive.default.junit_specific_size	
2024-04-24T11:28:16,306  INFO [main] metastore.HMSHandler: Skipping translation for processor with null
2024-04-24T11:28:16,306  INFO [main] HiveMetaStore.audit: ugi=alex	ip=unknown-ip-addr	cmd=get_table : tbl=hive.default.junit_specific_size	
2024-04-24T11:28:16,317  INFO [main] metastore.HMSHandler: Skipping translation for processor with null
2024-04-24T11:28:16,317  INFO [main] HiveMetaStore.audit: ugi=alex	ip=unknown-ip-addr	cmd=drop_table : tbl=hive.default.junit_specific_size	
2024-04-24T11:28:16,354  WARN [main] utils.FileUtils: File file:/home/alex/Repositories/hive/hcatalog/hcatalog-pig-adapter/build/test/data/org.apache.hive.hcatalog.mapreduce.HCatBaseTest-1713983215978/warehouse/junit_specific_size does not exist; Force to delete it.
2024-04-24T11:28:16,355 ERROR [main] utils.FileUtils: Failed to delete file:/home/alex/Repositories/hive/hcatalog/hcatalog-pig-adapter/build/test/data/org.apache.hive.hcatalog.mapreduce.HCatBaseTest-1713983215978/warehouse/junit_specific_size
2024-04-24T11:28:16,355  INFO [main] metadata.Hive: Dumping metastore api call timing information for : execution phase
2024-04-24T11:28:16,355  INFO [main] metadata.Hive: Total time spent in each metastore function (ms): {isCompatibleWith_(Configuration)=0, getTable_(GetTableRequest)=14, dropTable_(String, String, boolean, boolean, boolean)=49}
2024-04-24T11:28:16,355  INFO [main] ql.Driver: Completed executing command(queryId=alex_20240424112815_77f1a574-7209-47ed-9f2d-c65b5a366144); Time taken: 0.064 seconds
2024-04-24T11:28:16,356  INFO [main] ql.Driver: Compiling command(queryId=alex_20240424112815_77f1a574-7209-47ed-9f2d-c65b5a366144): drop table if exists junit_parted_date
2024-04-24T11:28:16,356  INFO [main] HiveMetaStore.audit: ugi=alex	ip=unknown-ip-addr	cmd=get_table : tbl=hive.default.junit_parted_date	
2024-04-24T11:28:16,360  INFO [main] ql.Driver: Semantic Analysis Completed (retrial = false)
2024-04-24T11:28:16,360  INFO [main] ql.Driver: Created Hive schema: Schema(fieldSchemas:null, properties:null)
2024-04-24T11:28:16,360  INFO [main] metadata.Hive: Dumping metastore api call timing information for : compilation phase
2024-04-24T11:28:16,360  INFO [main] metadata.Hive: Total time spent in each metastore function (ms): {isCompatibleWith_(Configuration)=0, flushCache_()=0}
2024-04-24T11:28:16,360  INFO [main] ql.Driver: Completed compiling command(queryId=alex_20240424112815_77f1a574-7209-47ed-9f2d-c65b5a366144); Time taken: 0.004 seconds
2024-04-24T11:28:16,360  INFO [main] reexec.ReExecDriver: Execution #1 of query
2024-04-24T11:28:16,360  INFO [main] ql.Driver: Concurrency mode is disabled, not creating a lock manager
2024-04-24T11:28:16,360  INFO [main] ql.Driver: Executing command(queryId=alex_20240424112815_77f1a574-7209-47ed-9f2d-c65b5a366144): drop table if exists junit_parted_date
2024-04-24T11:28:16,360  INFO [main] ql.Driver: Starting task [Stage-0:DDL] in serial mode
2024-04-24T11:28:16,361  INFO [main] HiveMetaStore.audit: ugi=alex	ip=unknown-ip-addr	cmd=get_table : tbl=hive.default.junit_parted_date	
2024-04-24T11:28:16,364  INFO [main] metadata.Hive: Dumping metastore api call timing information for : execution phase
2024-04-24T11:28:16,364  INFO [main] metadata.Hive: Total time spent in each metastore function (ms): {isCompatibleWith_(Configuration)=0}
2024-04-24T11:28:16,364  INFO [main] ql.Driver: Completed executing command(queryId=alex_20240424112815_77f1a574-7209-47ed-9f2d-c65b5a366144); Time taken: 0.004 seconds
2024-04-24T11:28:16,365  INFO [main] ql.Driver: Compiling command(queryId=alex_20240424112815_77f1a574-7209-47ed-9f2d-c65b5a366144): drop table if exists junit_unparted_alltypes
2024-04-24T11:28:16,365  INFO [main] HiveMetaStore.audit: ugi=alex	ip=unknown-ip-addr	cmd=get_table : tbl=hive.default.junit_unparted_alltypes	
2024-04-24T11:28:16,369  INFO [main] ql.Driver: Semantic Analysis Completed (retrial = false)
2024-04-24T11:28:16,369  INFO [main] ql.Driver: Created Hive schema: Schema(fieldSchemas:null, properties:null)
2024-04-24T11:28:16,369  INFO [main] metadata.Hive: Dumping metastore api call timing information for : compilation phase
2024-04-24T11:28:16,369  INFO [main] metadata.Hive: Total time spent in each metastore function (ms): {flushCache_()=0, isCompatibleWith_(Configuration)=0}
2024-04-24T11:28:16,369  INFO [main] ql.Driver: Completed compiling command(queryId=alex_20240424112815_77f1a574-7209-47ed-9f2d-c65b5a366144); Time taken: 0.004 seconds
2024-04-24T11:28:16,369  INFO [main] reexec.ReExecDriver: Execution #1 of query
2024-04-24T11:28:16,369  INFO [main] ql.Driver: Concurrency mode is disabled, not creating a lock manager
2024-04-24T11:28:16,369  INFO [main] ql.Driver: Executing command(queryId=alex_20240424112815_77f1a574-7209-47ed-9f2d-c65b5a366144): drop table if exists junit_unparted_alltypes
2024-04-24T11:28:16,369  INFO [main] ql.Driver: Starting task [Stage-0:DDL] in serial mode
2024-04-24T11:28:16,370  INFO [main] HiveMetaStore.audit: ugi=alex	ip=unknown-ip-addr	cmd=get_table : tbl=hive.default.junit_unparted_alltypes	
2024-04-24T11:28:16,373  INFO [main] metadata.Hive: Dumping metastore api call timing information for : execution phase
2024-04-24T11:28:16,373  INFO [main] metadata.Hive: Total time spent in each metastore function (ms): {isCompatibleWith_(Configuration)=0}
2024-04-24T11:28:16,373  INFO [main] ql.Driver: Completed executing command(queryId=alex_20240424112815_77f1a574-7209-47ed-9f2d-c65b5a366144); Time taken: 0.004 seconds
2024-04-24T11:28:16,374  INFO [main] ql.Driver: Compiling command(queryId=alex_20240424112815_77f1a574-7209-47ed-9f2d-c65b5a366144): drop database if exists junit_specific_db cascade
2024-04-24T11:28:16,374  INFO [main] HiveMetaStore.audit: ugi=alex	ip=unknown-ip-addr	cmd=get_database: junit_specific_db	
2024-04-24T11:28:16,377  INFO [main] HiveMetaStore.audit: ugi=alex	ip=unknown-ip-addr	cmd=get_multi_table : db=junit_specific_db tbls=null	
2024-04-24T11:28:16,383  INFO [main] HiveMetaStore.audit: ugi=alex	ip=unknown-ip-addr	cmd=get_multi_table : db=junit_specific_db tbls=	
2024-04-24T11:28:16,383  INFO [main] ql.Driver: Semantic Analysis Completed (retrial = false)
2024-04-24T11:28:16,383  INFO [main] ql.Driver: Created Hive schema: Schema(fieldSchemas:null, properties:null)
2024-04-24T11:28:16,383  INFO [main] metadata.Hive: Dumping metastore api call timing information for : compilation phase
2024-04-24T11:28:16,383  INFO [main] metadata.Hive: Total time spent in each metastore function (ms): {getTables_(String, String)=5, getTableObjectsByName_(String, List)=2, flushCache_()=0, getDatabase_(String)=2, isCompatibleWith_(Configuration)=0}
2024-04-24T11:28:16,383  INFO [main] ql.Driver: Completed compiling command(queryId=alex_20240424112815_77f1a574-7209-47ed-9f2d-c65b5a366144); Time taken: 0.009 seconds
2024-04-24T11:28:16,384  INFO [main] reexec.ReExecDriver: Execution #1 of query
2024-04-24T11:28:16,384  INFO [main] ql.Driver: Concurrency mode is disabled, not creating a lock manager
2024-04-24T11:28:16,384  INFO [main] ql.Driver: Executing command(queryId=alex_20240424112815_77f1a574-7209-47ed-9f2d-c65b5a366144): drop database if exists junit_specific_db cascade
2024-04-24T11:28:16,384  INFO [main] ql.Driver: Starting task [Stage-0:DDL] in serial mode
2024-04-24T11:28:16,384  INFO [main] HiveMetaStore.audit: ugi=alex	ip=unknown-ip-addr	cmd=get_database: junit_specific_db	
2024-04-24T11:28:16,386  INFO [main] HiveMetaStore.audit: ugi=alex	ip=unknown-ip-addr	cmd=get_tables_by_type: db=@hive#junit_specific_db pat=.*,type=MATERIALIZED_VIEW	
2024-04-24T11:28:16,386  INFO [main] HiveMetaStore.audit: ugi=alex	ip=unknown-ip-addr	cmd=getTablesByTypeCore: catName=hive: db=junit_specific_db pat=.*,type=MATERIALIZED_VIEW	
2024-04-24T11:28:16,388  INFO [main] HiveMetaStore.audit: ugi=alex	ip=unknown-ip-addr	cmd=get_all_tables: db=@hive#junit_specific_db	
2024-04-24T11:28:16,391  INFO [main] HiveMetaStore.audit: ugi=alex	ip=unknown-ip-addr	cmd=get_multi_table : db=junit_specific_db tbls=junit_specific_size2	
2024-04-24T11:28:16,394  INFO [main] HiveMetaStore.audit: ugi=alex	ip=unknown-ip-addr	cmd=drop_database: @hive#junit_specific_db	
2024-04-24T11:28:16,396  INFO [main] HiveMetaStore.audit: ugi=alex	ip=unknown-ip-addr	cmd=get_all_tables: db=@hive#junit_specific_db	
2024-04-24T11:28:16,397  INFO [main] HiveMetaStore.audit: ugi=alex	ip=unknown-ip-addr	cmd=get_functions: db=@hive#junit_specific_db pat=*	
2024-04-24T11:28:16,399  INFO [main] HiveMetaStore.audit: ugi=alex	ip=unknown-ip-addr	cmd=get_all_stored_procedures	
2024-04-24T11:28:16,401  INFO [main] HiveMetaStore.audit: ugi=alex	ip=unknown-ip-addr	cmd=get_all_packages	
2024-04-24T11:28:16,402  INFO [main] HiveMetaStore.audit: ugi=alex	ip=unknown-ip-addr	cmd=getTablesByTypeCore: catName=hive: db=junit_specific_db pat=.*,type=MATERIALIZED_VIEW	
2024-04-24T11:28:16,407  INFO [main] metastore.ObjectStore: Dropping database hive.junit_specific_db along with all tables
2024-04-24T11:28:16,415  INFO [main] txn.TxnHandler: Non-retryable error in cleanupRecords : Table/View 'TXN_COMPONENTS' does not exist. (SQLState=42X05, ErrorCode=20000)
2024-04-24T11:28:16,415  WARN [main] txn.TxnHandler: Cannot perform cleanup since metastore table does not exist
2024-04-24T11:28:16,417 ERROR [main] metastore.RetryingHMSHandler: Retrying HMSHandler after 2000 ms (attempt 1 of 10) with error: javax.jdo.JDODataStoreException: Exception thrown flushing changes to datastore
	at org.datanucleus.api.jdo.NucleusJDOHelper.getJDOExceptionForNucleusException(NucleusJDOHelper.java:542)
	at org.datanucleus.api.jdo.JDOTransaction.commit(JDOTransaction.java:162)
	at org.apache.hadoop.hive.metastore.ObjectStore.commitTransaction(ObjectStore.java:615)
	at sun.reflect.GeneratedMethodAccessor31.invoke(Unknown Source)
	at sun.reflect.DelegatingMethodAccessorImpl.invoke(DelegatingMethodAccessorImpl.java:43)
	at java.lang.reflect.Method.invoke(Method.java:498)
	at org.apache.hadoop.hive.metastore.RawStoreProxy.invoke(RawStoreProxy.java:97)
	at com.sun.proxy.$Proxy32.commitTransaction(Unknown Source)
	at org.apache.hadoop.hive.metastore.HMSHandler.drop_database_core(HMSHandler.java:1790)
	at org.apache.hadoop.hive.metastore.HMSHandler.drop_database(HMSHandler.java:1869)
	at sun.reflect.GeneratedMethodAccessor54.invoke(Unknown Source)
	at sun.reflect.DelegatingMethodAccessorImpl.invoke(DelegatingMethodAccessorImpl.java:43)
	at java.lang.reflect.Method.invoke(Method.java:498)
	at org.apache.hadoop.hive.metastore.RetryingHMSHandler.invokeInternal(RetryingHMSHandler.java:147)
	at org.apache.hadoop.hive.metastore.RetryingHMSHandler.invoke(RetryingHMSHandler.java:108)
	at com.sun.proxy.$Proxy35.drop_database(Unknown Source)
	at org.apache.hadoop.hive.metastore.HiveMetaStoreClient.dropDatabaseCascadePerDb(HiveMetaStoreClient.java:1601)
	at org.apache.hadoop.hive.metastore.HiveMetaStoreClient.dropDatabase(HiveMetaStoreClient.java:1532)
	at org.apache.hadoop.hive.metastore.HiveMetaStoreClient.dropDatabase(HiveMetaStoreClient.java:1485)
	at sun.reflect.NativeMethodAccessorImpl.invoke0(Native Method)
	at sun.reflect.NativeMethodAccessorImpl.invoke(NativeMethodAccessorImpl.java:62)
	at sun.reflect.DelegatingMethodAccessorImpl.invoke(DelegatingMethodAccessorImpl.java:43)
	at java.lang.reflect.Method.invoke(Method.java:498)
	at org.apache.hadoop.hive.metastore.RetryingMetaStoreClient.invoke(RetryingMetaStoreClient.java:218)
	at com.sun.proxy.$Proxy45.dropDatabase(Unknown Source)
	at org.apache.hadoop.hive.ql.metadata.Hive.dropDatabase(Hive.java:662)
	at org.apache.hadoop.hive.ql.ddl.database.drop.DropDatabaseOperation.execute(DropDatabaseOperation.java:52)
	at org.apache.hadoop.hive.ql.ddl.DDLTask.execute(DDLTask.java:84)
	at org.apache.hadoop.hive.ql.exec.Task.executeTask(Task.java:212)
	at org.apache.hadoop.hive.ql.exec.TaskRunner.runSequential(TaskRunner.java:105)
	at org.apache.hadoop.hive.ql.Executor.launchTask(Executor.java:361)
	at org.apache.hadoop.hive.ql.Executor.launchTasks(Executor.java:334)
	at org.apache.hadoop.hive.ql.Executor.runTasks(Executor.java:245)
	at org.apache.hadoop.hive.ql.Executor.execute(Executor.java:108)
	at org.apache.hadoop.hive.ql.Driver.execute(Driver.java:348)
	at org.apache.hadoop.hive.ql.Driver.runInternal(Driver.java:204)
	at org.apache.hadoop.hive.ql.Driver.run(Driver.java:153)
	at org.apache.hadoop.hive.ql.Driver.run(Driver.java:148)
	at org.apache.hadoop.hive.ql.reexec.ReExecDriver.run(ReExecDriver.java:164)
	at org.apache.hadoop.hive.ql.reexec.ReExecDriver.run(ReExecDriver.java:230)
	at org.apache.hive.hcatalog.pig.AbstractHCatLoaderTest.executeStatementOnDriver(AbstractHCatLoaderTest.java:151)
	at org.apache.hive.hcatalog.pig.AbstractHCatLoaderTest.tearDown(AbstractHCatLoaderTest.java:239)
	at sun.reflect.NativeMethodAccessorImpl.invoke0(Native Method)
	at sun.reflect.NativeMethodAccessorImpl.invoke(NativeMethodAccessorImpl.java:62)
	at sun.reflect.DelegatingMethodAccessorImpl.invoke(DelegatingMethodAccessorImpl.java:43)
	at java.lang.reflect.Method.invoke(Method.java:498)
	at org.junit.runners.model.FrameworkMethod$1.runReflectiveCall(FrameworkMethod.java:59)
	at org.junit.internal.runners.model.ReflectiveCallable.run(ReflectiveCallable.java:12)
	at org.junit.runners.model.FrameworkMethod.invokeExplosively(FrameworkMethod.java:56)
	at org.junit.internal.runners.statements.RunAfters.invokeMethod(RunAfters.java:46)
	at org.junit.internal.runners.statements.RunAfters.evaluate(RunAfters.java:33)
	at org.junit.runners.ParentRunner$3.evaluate(ParentRunner.java:306)
	at org.junit.runners.BlockJUnit4ClassRunner$1.evaluate(BlockJUnit4ClassRunner.java:100)
	at org.junit.runners.ParentRunner.runLeaf(ParentRunner.java:366)
	at org.junit.runners.BlockJUnit4ClassRunner.runChild(BlockJUnit4ClassRunner.java:103)
	at org.junit.runners.BlockJUnit4ClassRunner.runChild(BlockJUnit4ClassRunner.java:63)
	at org.junit.runners.ParentRunner$4.run(ParentRunner.java:331)
	at org.junit.runners.ParentRunner$1.schedule(ParentRunner.java:79)
	at org.junit.runners.ParentRunner.runChildren(ParentRunner.java:329)
	at org.junit.runners.ParentRunner.access$100(ParentRunner.java:66)
	at org.junit.runners.ParentRunner$2.evaluate(ParentRunner.java:293)
	at org.junit.internal.runners.statements.RunBefores.evaluate(RunBefores.java:26)
	at org.junit.runners.ParentRunner$3.evaluate(ParentRunner.java:306)
	at org.junit.runners.ParentRunner.run(ParentRunner.java:413)
	at org.junit.runners.Suite.runChild(Suite.java:128)
	at org.junit.runners.Suite.runChild(Suite.java:27)
	at org.junit.runners.ParentRunner$4.run(ParentRunner.java:331)
	at org.junit.runners.ParentRunner$1.schedule(ParentRunner.java:79)
	at org.junit.runners.ParentRunner.runChildren(ParentRunner.java:329)
	at org.junit.runners.ParentRunner.access$100(ParentRunner.java:66)
	at org.junit.runners.ParentRunner$2.evaluate(ParentRunner.java:293)
	at org.junit.runners.ParentRunner$3.evaluate(ParentRunner.java:306)
	at org.junit.runners.ParentRunner.run(ParentRunner.java:413)
	at org.apache.maven.surefire.junitcore.JUnitCore.run(JUnitCore.java:55)
	at org.apache.maven.surefire.junitcore.JUnitCoreWrapper.createRequestAndRun(JUnitCoreWrapper.java:137)
	at org.apache.maven.surefire.junitcore.JUnitCoreWrapper.executeEager(JUnitCoreWrapper.java:107)
	at org.apache.maven.surefire.junitcore.JUnitCoreWrapper.execute(JUnitCoreWrapper.java:83)
	at org.apache.maven.surefire.junitcore.JUnitCoreWrapper.execute(JUnitCoreWrapper.java:75)
	at org.apache.maven.surefire.junitcore.JUnitCoreProvider.invoke(JUnitCoreProvider.java:158)
	at org.apache.maven.surefire.booter.ForkedBooter.runSuitesInProcess(ForkedBooter.java:377)
	at org.apache.maven.surefire.booter.ForkedBooter.execute(ForkedBooter.java:138)
	at org.apache.maven.surefire.booter.ForkedBooter.run(ForkedBooter.java:465)
	at org.apache.maven.surefire.booter.ForkedBooter.main(ForkedBooter.java:451)
NestedThrowablesStackTrace:
java.sql.BatchUpdateException: DELETE on table 'DBS' caused a violation of foreign key constraint 'TBLS_FK1' for key (3).  The statement has been rolled back.
	at org.apache.derby.impl.jdbc.EmbedStatement.executeLargeBatch(Unknown Source)
	at org.apache.derby.impl.jdbc.EmbedStatement.executeBatch(Unknown Source)
	at com.zaxxer.hikari.pool.ProxyStatement.executeBatch(ProxyStatement.java:128)
	at com.zaxxer.hikari.pool.HikariProxyPreparedStatement.executeBatch(HikariProxyPreparedStatement.java)
	at org.datanucleus.store.rdbms.ParamLoggingPreparedStatement.executeBatch(ParamLoggingPreparedStatement.java:366)
	at org.datanucleus.store.rdbms.SQLController.processConnectionStatement(SQLController.java:675)
	at org.datanucleus.store.rdbms.SQLController.processStatementsForConnection(SQLController.java:643)
	at org.datanucleus.store.rdbms.SQLController$1.transactionFlushed(SQLController.java:729)
	at org.datanucleus.store.connection.AbstractManagedConnection.transactionFlushed(AbstractManagedConnection.java:95)
	at org.datanucleus.store.connection.ConnectionManagerImpl$2.transactionFlushed(ConnectionManagerImpl.java:528)
	at org.datanucleus.TransactionImpl.flush(TransactionImpl.java:222)
	at org.datanucleus.TransactionImpl.commit(TransactionImpl.java:286)
	at org.datanucleus.api.jdo.JDOTransaction.commit(JDOTransaction.java:99)
	at org.apache.hadoop.hive.metastore.ObjectStore.commitTransaction(ObjectStore.java:615)
	at sun.reflect.GeneratedMethodAccessor31.invoke(Unknown Source)
	at sun.reflect.DelegatingMethodAccessorImpl.invoke(DelegatingMethodAccessorImpl.java:43)
	at java.lang.reflect.Method.invoke(Method.java:498)
	at org.apache.hadoop.hive.metastore.RawStoreProxy.invoke(RawStoreProxy.java:97)
	at com.sun.proxy.$Proxy32.commitTransaction(Unknown Source)
	at org.apache.hadoop.hive.metastore.HMSHandler.drop_database_core(HMSHandler.java:1790)
	at org.apache.hadoop.hive.metastore.HMSHandler.drop_database(HMSHandler.java:1869)
	at sun.reflect.GeneratedMethodAccessor54.invoke(Unknown Source)
	at sun.reflect.DelegatingMethodAccessorImpl.invoke(DelegatingMethodAccessorImpl.java:43)
	at java.lang.reflect.Method.invoke(Method.java:498)
	at org.apache.hadoop.hive.metastore.RetryingHMSHandler.invokeInternal(RetryingHMSHandler.java:147)
	at org.apache.hadoop.hive.metastore.RetryingHMSHandler.invoke(RetryingHMSHandler.java:108)
	at com.sun.proxy.$Proxy35.drop_database(Unknown Source)
	at org.apache.hadoop.hive.metastore.HiveMetaStoreClient.dropDatabaseCascadePerDb(HiveMetaStoreClient.java:1601)
	at org.apache.hadoop.hive.metastore.HiveMetaStoreClient.dropDatabase(HiveMetaStoreClient.java:1532)
	at org.apache.hadoop.hive.metastore.HiveMetaStoreClient.dropDatabase(HiveMetaStoreClient.java:1485)
	at sun.reflect.NativeMethodAccessorImpl.invoke0(Native Method)
	at sun.reflect.NativeMethodAccessorImpl.invoke(NativeMethodAccessorImpl.java:62)
	at sun.reflect.DelegatingMethodAccessorImpl.invoke(DelegatingMethodAccessorImpl.java:43)
	at java.lang.reflect.Method.invoke(Method.java:498)
	at org.apache.hadoop.hive.metastore.RetryingMetaStoreClient.invoke(RetryingMetaStoreClient.java:218)
	at com.sun.proxy.$Proxy45.dropDatabase(Unknown Source)
	at org.apache.hadoop.hive.ql.metadata.Hive.dropDatabase(Hive.java:662)
	at org.apache.hadoop.hive.ql.ddl.database.drop.DropDatabaseOperation.execute(DropDatabaseOperation.java:52)
	at org.apache.hadoop.hive.ql.ddl.DDLTask.execute(DDLTask.java:84)
	at org.apache.hadoop.hive.ql.exec.Task.executeTask(Task.java:212)
	at org.apache.hadoop.hive.ql.exec.TaskRunner.runSequential(TaskRunner.java:105)
	at org.apache.hadoop.hive.ql.Executor.launchTask(Executor.java:361)
	at org.apache.hadoop.hive.ql.Executor.launchTasks(Executor.java:334)
	at org.apache.hadoop.hive.ql.Executor.runTasks(Executor.java:245)
	at org.apache.hadoop.hive.ql.Executor.execute(Executor.java:108)
	at org.apache.hadoop.hive.ql.Driver.execute(Driver.java:348)
	at org.apache.hadoop.hive.ql.Driver.runInternal(Driver.java:204)
	at org.apache.hadoop.hive.ql.Driver.run(Driver.java:153)
	at org.apache.hadoop.hive.ql.Driver.run(Driver.java:148)
	at org.apache.hadoop.hive.ql.reexec.ReExecDriver.run(ReExecDriver.java:164)
	at org.apache.hadoop.hive.ql.reexec.ReExecDriver.run(ReExecDriver.java:230)
	at org.apache.hive.hcatalog.pig.AbstractHCatLoaderTest.executeStatementOnDriver(AbstractHCatLoaderTest.java:151)
	at org.apache.hive.hcatalog.pig.AbstractHCatLoaderTest.tearDown(AbstractHCatLoaderTest.java:239)
	at sun.reflect.NativeMethodAccessorImpl.invoke0(Native Method)
	at sun.reflect.NativeMethodAccessorImpl.invoke(NativeMethodAccessorImpl.java:62)
	at sun.reflect.DelegatingMethodAccessorImpl.invoke(DelegatingMethodAccessorImpl.java:43)
	at java.lang.reflect.Method.invoke(Method.java:498)
	at org.junit.runners.model.FrameworkMethod$1.runReflectiveCall(FrameworkMethod.java:59)
	at org.junit.internal.runners.model.ReflectiveCallable.run(ReflectiveCallable.java:12)
	at org.junit.runners.model.FrameworkMethod.invokeExplosively(FrameworkMethod.java:56)
	at org.junit.internal.runners.statements.RunAfters.invokeMethod(RunAfters.java:46)
	at org.junit.internal.runners.statements.RunAfters.evaluate(RunAfters.java:33)
	at org.junit.runners.ParentRunner$3.evaluate(ParentRunner.java:306)
	at org.junit.runners.BlockJUnit4ClassRunner$1.evaluate(BlockJUnit4ClassRunner.java:100)
	at org.junit.runners.ParentRunner.runLeaf(ParentRunner.java:366)
	at org.junit.runners.BlockJUnit4ClassRunner.runChild(BlockJUnit4ClassRunner.java:103)
	at org.junit.runners.BlockJUnit4ClassRunner.runChild(BlockJUnit4ClassRunner.java:63)
	at org.junit.runners.ParentRunner$4.run(ParentRunner.java:331)
	at org.junit.runners.ParentRunner$1.schedule(ParentRunner.java:79)
	at org.junit.runners.ParentRunner.runChildren(ParentRunner.java:329)
	at org.junit.runners.ParentRunner.access$100(ParentRunner.java:66)
	at org.junit.runners.ParentRunner$2.evaluate(ParentRunner.java:293)
	at org.junit.internal.runners.statements.RunBefores.evaluate(RunBefores.java:26)
	at org.junit.runners.ParentRunner$3.evaluate(ParentRunner.java:306)
	at org.junit.runners.ParentRunner.run(ParentRunner.java:413)
	at org.junit.runners.Suite.runChild(Suite.java:128)
	at org.junit.runners.Suite.runChild(Suite.java:27)
	at org.junit.runners.ParentRunner$4.run(ParentRunner.java:331)
	at org.junit.runners.ParentRunner$1.schedule(ParentRunner.java:79)
	at org.junit.runners.ParentRunner.runChildren(ParentRunner.java:329)
	at org.junit.runners.ParentRunner.access$100(ParentRunner.java:66)
	at org.junit.runners.ParentRunner$2.evaluate(ParentRunner.java:293)
	at org.junit.runners.ParentRunner$3.evaluate(ParentRunner.java:306)
	at org.junit.runners.ParentRunner.run(ParentRunner.java:413)
	at org.apache.maven.surefire.junitcore.JUnitCore.run(JUnitCore.java:55)
	at org.apache.maven.surefire.junitcore.JUnitCoreWrapper.createRequestAndRun(JUnitCoreWrapper.java:137)
	at org.apache.maven.surefire.junitcore.JUnitCoreWrapper.executeEager(JUnitCoreWrapper.java:107)
	at org.apache.maven.surefire.junitcore.JUnitCoreWrapper.execute(JUnitCoreWrapper.java:83)
	at org.apache.maven.surefire.junitcore.JUnitCoreWrapper.execute(JUnitCoreWrapper.java:75)
	at org.apache.maven.surefire.junitcore.JUnitCoreProvider.invoke(JUnitCoreProvider.java:158)
	at org.apache.maven.surefire.booter.ForkedBooter.runSuitesInProcess(ForkedBooter.java:377)
	at org.apache.maven.surefire.booter.ForkedBooter.execute(ForkedBooter.java:138)
	at org.apache.maven.surefire.booter.ForkedBooter.run(ForkedBooter.java:465)
	at org.apache.maven.surefire.booter.ForkedBooter.main(ForkedBooter.java:451)
Caused by: org.apache.derby.shared.common.error.DerbySQLIntegrityConstraintViolationException: DELETE on table 'DBS' caused a violation of foreign key constraint 'TBLS_FK1' for key (3).  The statement has been rolled back.
	at org.apache.derby.impl.jdbc.SQLExceptionFactory.getSQLException(Unknown Source)
	at org.apache.derby.impl.jdbc.Util.generateCsSQLException(Unknown Source)
	at org.apache.derby.impl.jdbc.TransactionResourceImpl.wrapInSQLException(Unknown Source)
	at org.apache.derby.impl.jdbc.TransactionResourceImpl.handleException(Unknown Source)
	at org.apache.derby.impl.jdbc.EmbedConnection.handleException(Unknown Source)
	at org.apache.derby.impl.jdbc.ConnectionChild.handleException(Unknown Source)
	at org.apache.derby.impl.jdbc.EmbedStatement.executeStatement(Unknown Source)
	at org.apache.derby.impl.jdbc.EmbedPreparedStatement.executeBatchElement(Unknown Source)
	... 94 more
Caused by: ERROR 23503: DELETE on table 'DBS' caused a violation of foreign key constraint 'TBLS_FK1' for key (3).  The statement has been rolled back.
	at org.apache.derby.iapi.error.StandardException.newException(Unknown Source)
	at org.apache.derby.iapi.error.StandardException.newException(Unknown Source)
	at org.apache.derby.impl.sql.execute.ReferencedKeyRIChecker.doCheck(Unknown Source)
	at org.apache.derby.impl.sql.execute.RISetChecker.doPKCheck(Unknown Source)
	at org.apache.derby.impl.sql.execute.DeleteResultSet.collectAffectedRows(Unknown Source)
	at org.apache.derby.impl.sql.execute.DeleteResultSet.open(Unknown Source)
	at org.apache.derby.impl.sql.GenericPreparedStatement.executeStmt(Unknown Source)
	at org.apache.derby.impl.sql.GenericPreparedStatement.execute(Unknown Source)
	... 96 more

2024-04-24T11:28:18,418  INFO [main] HiveMetaStore.audit: ugi=alex	ip=unknown-ip-addr	cmd=drop_database: @hive#junit_specific_db	
2024-04-24T11:28:18,422  INFO [main] HiveMetaStore.audit: ugi=alex	ip=unknown-ip-addr	cmd=get_all_tables: db=@hive#junit_specific_db	
2024-04-24T11:28:18,423  INFO [main] HiveMetaStore.audit: ugi=alex	ip=unknown-ip-addr	cmd=get_functions: db=@hive#junit_specific_db pat=*	
2024-04-24T11:28:18,425  INFO [main] HiveMetaStore.audit: ugi=alex	ip=unknown-ip-addr	cmd=get_all_stored_procedures	
2024-04-24T11:28:18,426  INFO [main] HiveMetaStore.audit: ugi=alex	ip=unknown-ip-addr	cmd=get_all_packages	
2024-04-24T11:28:18,428  INFO [main] HiveMetaStore.audit: ugi=alex	ip=unknown-ip-addr	cmd=getTablesByTypeCore: catName=hive: db=junit_specific_db pat=.*,type=MATERIALIZED_VIEW	
2024-04-24T11:28:18,432  INFO [main] metastore.ObjectStore: Dropping database hive.junit_specific_db along with all tables
2024-04-24T11:28:18,439  INFO [main] txn.TxnHandler: Non-retryable error in cleanupRecords : Table/View 'TXN_COMPONENTS' does not exist. (SQLState=42X05, ErrorCode=20000)
2024-04-24T11:28:18,439  WARN [main] txn.TxnHandler: Cannot perform cleanup since metastore table does not exist
2024-04-24T11:28:18,441 ERROR [main] metastore.RetryingHMSHandler: Retrying HMSHandler after 2000 ms (attempt 2 of 10) with error: javax.jdo.JDODataStoreException: Exception thrown flushing changes to datastore
	at org.datanucleus.api.jdo.NucleusJDOHelper.getJDOExceptionForNucleusException(NucleusJDOHelper.java:542)
	at org.datanucleus.api.jdo.JDOTransaction.commit(JDOTransaction.java:162)
	at org.apache.hadoop.hive.metastore.ObjectStore.commitTransaction(ObjectStore.java:615)
	at sun.reflect.GeneratedMethodAccessor31.invoke(Unknown Source)
	at sun.reflect.DelegatingMethodAccessorImpl.invoke(DelegatingMethodAccessorImpl.java:43)
	at java.lang.reflect.Method.invoke(Method.java:498)
	at org.apache.hadoop.hive.metastore.RawStoreProxy.invoke(RawStoreProxy.java:97)
	at com.sun.proxy.$Proxy32.commitTransaction(Unknown Source)
	at org.apache.hadoop.hive.metastore.HMSHandler.drop_database_core(HMSHandler.java:1790)
	at org.apache.hadoop.hive.metastore.HMSHandler.drop_database(HMSHandler.java:1869)
	at sun.reflect.GeneratedMethodAccessor54.invoke(Unknown Source)
	at sun.reflect.DelegatingMethodAccessorImpl.invoke(DelegatingMethodAccessorImpl.java:43)
	at java.lang.reflect.Method.invoke(Method.java:498)
	at org.apache.hadoop.hive.metastore.RetryingHMSHandler.invokeInternal(RetryingHMSHandler.java:147)
	at org.apache.hadoop.hive.metastore.RetryingHMSHandler.invoke(RetryingHMSHandler.java:108)
	at com.sun.proxy.$Proxy35.drop_database(Unknown Source)
	at org.apache.hadoop.hive.metastore.HiveMetaStoreClient.dropDatabaseCascadePerDb(HiveMetaStoreClient.java:1601)
	at org.apache.hadoop.hive.metastore.HiveMetaStoreClient.dropDatabase(HiveMetaStoreClient.java:1532)
	at org.apache.hadoop.hive.metastore.HiveMetaStoreClient.dropDatabase(HiveMetaStoreClient.java:1485)
	at sun.reflect.NativeMethodAccessorImpl.invoke0(Native Method)
	at sun.reflect.NativeMethodAccessorImpl.invoke(NativeMethodAccessorImpl.java:62)
	at sun.reflect.DelegatingMethodAccessorImpl.invoke(DelegatingMethodAccessorImpl.java:43)
	at java.lang.reflect.Method.invoke(Method.java:498)
	at org.apache.hadoop.hive.metastore.RetryingMetaStoreClient.invoke(RetryingMetaStoreClient.java:218)
	at com.sun.proxy.$Proxy45.dropDatabase(Unknown Source)
	at org.apache.hadoop.hive.ql.metadata.Hive.dropDatabase(Hive.java:662)
	at org.apache.hadoop.hive.ql.ddl.database.drop.DropDatabaseOperation.execute(DropDatabaseOperation.java:52)
	at org.apache.hadoop.hive.ql.ddl.DDLTask.execute(DDLTask.java:84)
	at org.apache.hadoop.hive.ql.exec.Task.executeTask(Task.java:212)
	at org.apache.hadoop.hive.ql.exec.TaskRunner.runSequential(TaskRunner.java:105)
	at org.apache.hadoop.hive.ql.Executor.launchTask(Executor.java:361)
	at org.apache.hadoop.hive.ql.Executor.launchTasks(Executor.java:334)
	at org.apache.hadoop.hive.ql.Executor.runTasks(Executor.java:245)
	at org.apache.hadoop.hive.ql.Executor.execute(Executor.java:108)
	at org.apache.hadoop.hive.ql.Driver.execute(Driver.java:348)
	at org.apache.hadoop.hive.ql.Driver.runInternal(Driver.java:204)
	at org.apache.hadoop.hive.ql.Driver.run(Driver.java:153)
	at org.apache.hadoop.hive.ql.Driver.run(Driver.java:148)
	at org.apache.hadoop.hive.ql.reexec.ReExecDriver.run(ReExecDriver.java:164)
	at org.apache.hadoop.hive.ql.reexec.ReExecDriver.run(ReExecDriver.java:230)
	at org.apache.hive.hcatalog.pig.AbstractHCatLoaderTest.executeStatementOnDriver(AbstractHCatLoaderTest.java:151)
	at org.apache.hive.hcatalog.pig.AbstractHCatLoaderTest.tearDown(AbstractHCatLoaderTest.java:239)
	at sun.reflect.NativeMethodAccessorImpl.invoke0(Native Method)
	at sun.reflect.NativeMethodAccessorImpl.invoke(NativeMethodAccessorImpl.java:62)
	at sun.reflect.DelegatingMethodAccessorImpl.invoke(DelegatingMethodAccessorImpl.java:43)
	at java.lang.reflect.Method.invoke(Method.java:498)
	at org.junit.runners.model.FrameworkMethod$1.runReflectiveCall(FrameworkMethod.java:59)
	at org.junit.internal.runners.model.ReflectiveCallable.run(ReflectiveCallable.java:12)
	at org.junit.runners.model.FrameworkMethod.invokeExplosively(FrameworkMethod.java:56)
	at org.junit.internal.runners.statements.RunAfters.invokeMethod(RunAfters.java:46)
	at org.junit.internal.runners.statements.RunAfters.evaluate(RunAfters.java:33)
	at org.junit.runners.ParentRunner$3.evaluate(ParentRunner.java:306)
	at org.junit.runners.BlockJUnit4ClassRunner$1.evaluate(BlockJUnit4ClassRunner.java:100)
	at org.junit.runners.ParentRunner.runLeaf(ParentRunner.java:366)
	at org.junit.runners.BlockJUnit4ClassRunner.runChild(BlockJUnit4ClassRunner.java:103)
	at org.junit.runners.BlockJUnit4ClassRunner.runChild(BlockJUnit4ClassRunner.java:63)
	at org.junit.runners.ParentRunner$4.run(ParentRunner.java:331)
	at org.junit.runners.ParentRunner$1.schedule(ParentRunner.java:79)
	at org.junit.runners.ParentRunner.runChildren(ParentRunner.java:329)
	at org.junit.runners.ParentRunner.access$100(ParentRunner.java:66)
	at org.junit.runners.ParentRunner$2.evaluate(ParentRunner.java:293)
	at org.junit.internal.runners.statements.RunBefores.evaluate(RunBefores.java:26)
	at org.junit.runners.ParentRunner$3.evaluate(ParentRunner.java:306)
	at org.junit.runners.ParentRunner.run(ParentRunner.java:413)
	at org.junit.runners.Suite.runChild(Suite.java:128)
	at org.junit.runners.Suite.runChild(Suite.java:27)
	at org.junit.runners.ParentRunner$4.run(ParentRunner.java:331)
	at org.junit.runners.ParentRunner$1.schedule(ParentRunner.java:79)
	at org.junit.runners.ParentRunner.runChildren(ParentRunner.java:329)
	at org.junit.runners.ParentRunner.access$100(ParentRunner.java:66)
	at org.junit.runners.ParentRunner$2.evaluate(ParentRunner.java:293)
	at org.junit.runners.ParentRunner$3.evaluate(ParentRunner.java:306)
	at org.junit.runners.ParentRunner.run(ParentRunner.java:413)
	at org.apache.maven.surefire.junitcore.JUnitCore.run(JUnitCore.java:55)
	at org.apache.maven.surefire.junitcore.JUnitCoreWrapper.createRequestAndRun(JUnitCoreWrapper.java:137)
	at org.apache.maven.surefire.junitcore.JUnitCoreWrapper.executeEager(JUnitCoreWrapper.java:107)
	at org.apache.maven.surefire.junitcore.JUnitCoreWrapper.execute(JUnitCoreWrapper.java:83)
	at org.apache.maven.surefire.junitcore.JUnitCoreWrapper.execute(JUnitCoreWrapper.java:75)
	at org.apache.maven.surefire.junitcore.JUnitCoreProvider.invoke(JUnitCoreProvider.java:158)
	at org.apache.maven.surefire.booter.ForkedBooter.runSuitesInProcess(ForkedBooter.java:377)
	at org.apache.maven.surefire.booter.ForkedBooter.execute(ForkedBooter.java:138)
	at org.apache.maven.surefire.booter.ForkedBooter.run(ForkedBooter.java:465)
	at org.apache.maven.surefire.booter.ForkedBooter.main(ForkedBooter.java:451)
NestedThrowablesStackTrace:
java.sql.BatchUpdateException: DELETE on table 'DBS' caused a violation of foreign key constraint 'TBLS_FK1' for key (3).  The statement has been rolled back.
	at org.apache.derby.impl.jdbc.EmbedStatement.executeLargeBatch(Unknown Source)
	at org.apache.derby.impl.jdbc.EmbedStatement.executeBatch(Unknown Source)
	at com.zaxxer.hikari.pool.ProxyStatement.executeBatch(ProxyStatement.java:128)
	at com.zaxxer.hikari.pool.HikariProxyPreparedStatement.executeBatch(HikariProxyPreparedStatement.java)
	at org.datanucleus.store.rdbms.ParamLoggingPreparedStatement.executeBatch(ParamLoggingPreparedStatement.java:366)
	at org.datanucleus.store.rdbms.SQLController.processConnectionStatement(SQLController.java:675)
	at org.datanucleus.store.rdbms.SQLController.processStatementsForConnection(SQLController.java:643)
	at org.datanucleus.store.rdbms.SQLController$1.transactionFlushed(SQLController.java:729)
	at org.datanucleus.store.connection.AbstractManagedConnection.transactionFlushed(AbstractManagedConnection.java:95)
	at org.datanucleus.store.connection.ConnectionManagerImpl$2.transactionFlushed(ConnectionManagerImpl.java:528)
	at org.datanucleus.TransactionImpl.flush(TransactionImpl.java:222)
	at org.datanucleus.TransactionImpl.commit(TransactionImpl.java:286)
	at org.datanucleus.api.jdo.JDOTransaction.commit(JDOTransaction.java:99)
	at org.apache.hadoop.hive.metastore.ObjectStore.commitTransaction(ObjectStore.java:615)
	at sun.reflect.GeneratedMethodAccessor31.invoke(Unknown Source)
	at sun.reflect.DelegatingMethodAccessorImpl.invoke(DelegatingMethodAccessorImpl.java:43)
	at java.lang.reflect.Method.invoke(Method.java:498)
	at org.apache.hadoop.hive.metastore.RawStoreProxy.invoke(RawStoreProxy.java:97)
	at com.sun.proxy.$Proxy32.commitTransaction(Unknown Source)
	at org.apache.hadoop.hive.metastore.HMSHandler.drop_database_core(HMSHandler.java:1790)
	at org.apache.hadoop.hive.metastore.HMSHandler.drop_database(HMSHandler.java:1869)
	at sun.reflect.GeneratedMethodAccessor54.invoke(Unknown Source)
	at sun.reflect.DelegatingMethodAccessorImpl.invoke(DelegatingMethodAccessorImpl.java:43)
	at java.lang.reflect.Method.invoke(Method.java:498)
	at org.apache.hadoop.hive.metastore.RetryingHMSHandler.invokeInternal(RetryingHMSHandler.java:147)
	at org.apache.hadoop.hive.metastore.RetryingHMSHandler.invoke(RetryingHMSHandler.java:108)
	at com.sun.proxy.$Proxy35.drop_database(Unknown Source)
	at org.apache.hadoop.hive.metastore.HiveMetaStoreClient.dropDatabaseCascadePerDb(HiveMetaStoreClient.java:1601)
	at org.apache.hadoop.hive.metastore.HiveMetaStoreClient.dropDatabase(HiveMetaStoreClient.java:1532)
	at org.apache.hadoop.hive.metastore.HiveMetaStoreClient.dropDatabase(HiveMetaStoreClient.java:1485)
	at sun.reflect.NativeMethodAccessorImpl.invoke0(Native Method)
	at sun.reflect.NativeMethodAccessorImpl.invoke(NativeMethodAccessorImpl.java:62)
	at sun.reflect.DelegatingMethodAccessorImpl.invoke(DelegatingMethodAccessorImpl.java:43)
	at java.lang.reflect.Method.invoke(Method.java:498)
	at org.apache.hadoop.hive.metastore.RetryingMetaStoreClient.invoke(RetryingMetaStoreClient.java:218)
	at com.sun.proxy.$Proxy45.dropDatabase(Unknown Source)
	at org.apache.hadoop.hive.ql.metadata.Hive.dropDatabase(Hive.java:662)
	at org.apache.hadoop.hive.ql.ddl.database.drop.DropDatabaseOperation.execute(DropDatabaseOperation.java:52)
	at org.apache.hadoop.hive.ql.ddl.DDLTask.execute(DDLTask.java:84)
	at org.apache.hadoop.hive.ql.exec.Task.executeTask(Task.java:212)
	at org.apache.hadoop.hive.ql.exec.TaskRunner.runSequential(TaskRunner.java:105)
	at org.apache.hadoop.hive.ql.Executor.launchTask(Executor.java:361)
	at org.apache.hadoop.hive.ql.Executor.launchTasks(Executor.java:334)
	at org.apache.hadoop.hive.ql.Executor.runTasks(Executor.java:245)
	at org.apache.hadoop.hive.ql.Executor.execute(Executor.java:108)
	at org.apache.hadoop.hive.ql.Driver.execute(Driver.java:348)
	at org.apache.hadoop.hive.ql.Driver.runInternal(Driver.java:204)
	at org.apache.hadoop.hive.ql.Driver.run(Driver.java:153)
	at org.apache.hadoop.hive.ql.Driver.run(Driver.java:148)
	at org.apache.hadoop.hive.ql.reexec.ReExecDriver.run(ReExecDriver.java:164)
	at org.apache.hadoop.hive.ql.reexec.ReExecDriver.run(ReExecDriver.java:230)
	at org.apache.hive.hcatalog.pig.AbstractHCatLoaderTest.executeStatementOnDriver(AbstractHCatLoaderTest.java:151)
	at org.apache.hive.hcatalog.pig.AbstractHCatLoaderTest.tearDown(AbstractHCatLoaderTest.java:239)
	at sun.reflect.NativeMethodAccessorImpl.invoke0(Native Method)
	at sun.reflect.NativeMethodAccessorImpl.invoke(NativeMethodAccessorImpl.java:62)
	at sun.reflect.DelegatingMethodAccessorImpl.invoke(DelegatingMethodAccessorImpl.java:43)
	at java.lang.reflect.Method.invoke(Method.java:498)
	at org.junit.runners.model.FrameworkMethod$1.runReflectiveCall(FrameworkMethod.java:59)
	at org.junit.internal.runners.model.ReflectiveCallable.run(ReflectiveCallable.java:12)
	at org.junit.runners.model.FrameworkMethod.invokeExplosively(FrameworkMethod.java:56)
	at org.junit.internal.runners.statements.RunAfters.invokeMethod(RunAfters.java:46)
	at org.junit.internal.runners.statements.RunAfters.evaluate(RunAfters.java:33)
	at org.junit.runners.ParentRunner$3.evaluate(ParentRunner.java:306)
	at org.junit.runners.BlockJUnit4ClassRunner$1.evaluate(BlockJUnit4ClassRunner.java:100)
	at org.junit.runners.ParentRunner.runLeaf(ParentRunner.java:366)
	at org.junit.runners.BlockJUnit4ClassRunner.runChild(BlockJUnit4ClassRunner.java:103)
	at org.junit.runners.BlockJUnit4ClassRunner.runChild(BlockJUnit4ClassRunner.java:63)
	at org.junit.runners.ParentRunner$4.run(ParentRunner.java:331)
	at org.junit.runners.ParentRunner$1.schedule(ParentRunner.java:79)
	at org.junit.runners.ParentRunner.runChildren(ParentRunner.java:329)
	at org.junit.runners.ParentRunner.access$100(ParentRunner.java:66)
	at org.junit.runners.ParentRunner$2.evaluate(ParentRunner.java:293)
	at org.junit.internal.runners.statements.RunBefores.evaluate(RunBefores.java:26)
	at org.junit.runners.ParentRunner$3.evaluate(ParentRunner.java:306)
	at org.junit.runners.ParentRunner.run(ParentRunner.java:413)
	at org.junit.runners.Suite.runChild(Suite.java:128)
	at org.junit.runners.Suite.runChild(Suite.java:27)
	at org.junit.runners.ParentRunner$4.run(ParentRunner.java:331)
	at org.junit.runners.ParentRunner$1.schedule(ParentRunner.java:79)
	at org.junit.runners.ParentRunner.runChildren(ParentRunner.java:329)
	at org.junit.runners.ParentRunner.access$100(ParentRunner.java:66)
	at org.junit.runners.ParentRunner$2.evaluate(ParentRunner.java:293)
	at org.junit.runners.ParentRunner$3.evaluate(ParentRunner.java:306)
	at org.junit.runners.ParentRunner.run(ParentRunner.java:413)
	at org.apache.maven.surefire.junitcore.JUnitCore.run(JUnitCore.java:55)
	at org.apache.maven.surefire.junitcore.JUnitCoreWrapper.createRequestAndRun(JUnitCoreWrapper.java:137)
	at org.apache.maven.surefire.junitcore.JUnitCoreWrapper.executeEager(JUnitCoreWrapper.java:107)
	at org.apache.maven.surefire.junitcore.JUnitCoreWrapper.execute(JUnitCoreWrapper.java:83)
	at org.apache.maven.surefire.junitcore.JUnitCoreWrapper.execute(JUnitCoreWrapper.java:75)
	at org.apache.maven.surefire.junitcore.JUnitCoreProvider.invoke(JUnitCoreProvider.java:158)
	at org.apache.maven.surefire.booter.ForkedBooter.runSuitesInProcess(ForkedBooter.java:377)
	at org.apache.maven.surefire.booter.ForkedBooter.execute(ForkedBooter.java:138)
	at org.apache.maven.surefire.booter.ForkedBooter.run(ForkedBooter.java:465)
	at org.apache.maven.surefire.booter.ForkedBooter.main(ForkedBooter.java:451)
Caused by: org.apache.derby.shared.common.error.DerbySQLIntegrityConstraintViolationException: DELETE on table 'DBS' caused a violation of foreign key constraint 'TBLS_FK1' for key (3).  The statement has been rolled back.
	at org.apache.derby.impl.jdbc.SQLExceptionFactory.getSQLException(Unknown Source)
	at org.apache.derby.impl.jdbc.Util.generateCsSQLException(Unknown Source)
	at org.apache.derby.impl.jdbc.TransactionResourceImpl.wrapInSQLException(Unknown Source)
	at org.apache.derby.impl.jdbc.TransactionResourceImpl.handleException(Unknown Source)
	at org.apache.derby.impl.jdbc.EmbedConnection.handleException(Unknown Source)
	at org.apache.derby.impl.jdbc.ConnectionChild.handleException(Unknown Source)
	at org.apache.derby.impl.jdbc.EmbedStatement.executeStatement(Unknown Source)
	at org.apache.derby.impl.jdbc.EmbedPreparedStatement.executeBatchElement(Unknown Source)
	... 94 more
Caused by: ERROR 23503: DELETE on table 'DBS' caused a violation of foreign key constraint 'TBLS_FK1' for key (3).  The statement has been rolled back.
	at org.apache.derby.iapi.error.StandardException.newException(Unknown Source)
	at org.apache.derby.iapi.error.StandardException.newException(Unknown Source)
	at org.apache.derby.impl.sql.execute.ReferencedKeyRIChecker.doCheck(Unknown Source)
	at org.apache.derby.impl.sql.execute.RISetChecker.doPKCheck(Unknown Source)
	at org.apache.derby.impl.sql.execute.DeleteResultSet.collectAffectedRows(Unknown Source)
	at org.apache.derby.impl.sql.execute.DeleteResultSet.open(Unknown Source)
	at org.apache.derby.impl.sql.GenericPreparedStatement.executeStmt(Unknown Source)
	at org.apache.derby.impl.sql.GenericPreparedStatement.execute(Unknown Source)
	... 96 more

2024-04-24T11:28:20,441  INFO [main] HiveMetaStore.audit: ugi=alex	ip=unknown-ip-addr	cmd=drop_database: @hive#junit_specific_db	
2024-04-24T11:28:20,447  INFO [main] HiveMetaStore.audit: ugi=alex	ip=unknown-ip-addr	cmd=get_all_tables: db=@hive#junit_specific_db	
2024-04-24T11:28:20,448  INFO [main] HiveMetaStore.audit: ugi=alex	ip=unknown-ip-addr	cmd=get_functions: db=@hive#junit_specific_db pat=*	
2024-04-24T11:28:20,449  INFO [main] HiveMetaStore.audit: ugi=alex	ip=unknown-ip-addr	cmd=get_all_stored_procedures	
2024-04-24T11:28:20,451  INFO [main] HiveMetaStore.audit: ugi=alex	ip=unknown-ip-addr	cmd=get_all_packages	
2024-04-24T11:28:20,452  INFO [main] HiveMetaStore.audit: ugi=alex	ip=unknown-ip-addr	cmd=getTablesByTypeCore: catName=hive: db=junit_specific_db pat=.*,type=MATERIALIZED_VIEW	
2024-04-24T11:28:20,456  INFO [main] metastore.ObjectStore: Dropping database hive.junit_specific_db along with all tables
2024-04-24T11:28:20,463  INFO [main] txn.TxnHandler: Non-retryable error in cleanupRecords : Table/View 'TXN_COMPONENTS' does not exist. (SQLState=42X05, ErrorCode=20000)
2024-04-24T11:28:20,463  WARN [main] txn.TxnHandler: Cannot perform cleanup since metastore table does not exist
2024-04-24T11:28:20,465 ERROR [main] metastore.RetryingHMSHandler: Retrying HMSHandler after 2000 ms (attempt 3 of 10) with error: javax.jdo.JDODataStoreException: Exception thrown flushing changes to datastore
	at org.datanucleus.api.jdo.NucleusJDOHelper.getJDOExceptionForNucleusException(NucleusJDOHelper.java:542)
	at org.datanucleus.api.jdo.JDOTransaction.commit(JDOTransaction.java:162)
	at org.apache.hadoop.hive.metastore.ObjectStore.commitTransaction(ObjectStore.java:615)
	at sun.reflect.GeneratedMethodAccessor31.invoke(Unknown Source)
	at sun.reflect.DelegatingMethodAccessorImpl.invoke(DelegatingMethodAccessorImpl.java:43)
	at java.lang.reflect.Method.invoke(Method.java:498)
	at org.apache.hadoop.hive.metastore.RawStoreProxy.invoke(RawStoreProxy.java:97)
	at com.sun.proxy.$Proxy32.commitTransaction(Unknown Source)
	at org.apache.hadoop.hive.metastore.HMSHandler.drop_database_core(HMSHandler.java:1790)
	at org.apache.hadoop.hive.metastore.HMSHandler.drop_database(HMSHandler.java:1869)
	at sun.reflect.GeneratedMethodAccessor54.invoke(Unknown Source)
	at sun.reflect.DelegatingMethodAccessorImpl.invoke(DelegatingMethodAccessorImpl.java:43)
	at java.lang.reflect.Method.invoke(Method.java:498)
	at org.apache.hadoop.hive.metastore.RetryingHMSHandler.invokeInternal(RetryingHMSHandler.java:147)
	at org.apache.hadoop.hive.metastore.RetryingHMSHandler.invoke(RetryingHMSHandler.java:108)
	at com.sun.proxy.$Proxy35.drop_database(Unknown Source)
	at org.apache.hadoop.hive.metastore.HiveMetaStoreClient.dropDatabaseCascadePerDb(HiveMetaStoreClient.java:1601)
	at org.apache.hadoop.hive.metastore.HiveMetaStoreClient.dropDatabase(HiveMetaStoreClient.java:1532)
	at org.apache.hadoop.hive.metastore.HiveMetaStoreClient.dropDatabase(HiveMetaStoreClient.java:1485)
	at sun.reflect.NativeMethodAccessorImpl.invoke0(Native Method)
	at sun.reflect.NativeMethodAccessorImpl.invoke(NativeMethodAccessorImpl.java:62)
	at sun.reflect.DelegatingMethodAccessorImpl.invoke(DelegatingMethodAccessorImpl.java:43)
	at java.lang.reflect.Method.invoke(Method.java:498)
	at org.apache.hadoop.hive.metastore.RetryingMetaStoreClient.invoke(RetryingMetaStoreClient.java:218)
	at com.sun.proxy.$Proxy45.dropDatabase(Unknown Source)
	at org.apache.hadoop.hive.ql.metadata.Hive.dropDatabase(Hive.java:662)
	at org.apache.hadoop.hive.ql.ddl.database.drop.DropDatabaseOperation.execute(DropDatabaseOperation.java:52)
	at org.apache.hadoop.hive.ql.ddl.DDLTask.execute(DDLTask.java:84)
	at org.apache.hadoop.hive.ql.exec.Task.executeTask(Task.java:212)
	at org.apache.hadoop.hive.ql.exec.TaskRunner.runSequential(TaskRunner.java:105)
	at org.apache.hadoop.hive.ql.Executor.launchTask(Executor.java:361)
	at org.apache.hadoop.hive.ql.Executor.launchTasks(Executor.java:334)
	at org.apache.hadoop.hive.ql.Executor.runTasks(Executor.java:245)
	at org.apache.hadoop.hive.ql.Executor.execute(Executor.java:108)
	at org.apache.hadoop.hive.ql.Driver.execute(Driver.java:348)
	at org.apache.hadoop.hive.ql.Driver.runInternal(Driver.java:204)
	at org.apache.hadoop.hive.ql.Driver.run(Driver.java:153)
	at org.apache.hadoop.hive.ql.Driver.run(Driver.java:148)
	at org.apache.hadoop.hive.ql.reexec.ReExecDriver.run(ReExecDriver.java:164)
	at org.apache.hadoop.hive.ql.reexec.ReExecDriver.run(ReExecDriver.java:230)
	at org.apache.hive.hcatalog.pig.AbstractHCatLoaderTest.executeStatementOnDriver(AbstractHCatLoaderTest.java:151)
	at org.apache.hive.hcatalog.pig.AbstractHCatLoaderTest.tearDown(AbstractHCatLoaderTest.java:239)
	at sun.reflect.NativeMethodAccessorImpl.invoke0(Native Method)
	at sun.reflect.NativeMethodAccessorImpl.invoke(NativeMethodAccessorImpl.java:62)
	at sun.reflect.DelegatingMethodAccessorImpl.invoke(DelegatingMethodAccessorImpl.java:43)
	at java.lang.reflect.Method.invoke(Method.java:498)
	at org.junit.runners.model.FrameworkMethod$1.runReflectiveCall(FrameworkMethod.java:59)
	at org.junit.internal.runners.model.ReflectiveCallable.run(ReflectiveCallable.java:12)
	at org.junit.runners.model.FrameworkMethod.invokeExplosively(FrameworkMethod.java:56)
	at org.junit.internal.runners.statements.RunAfters.invokeMethod(RunAfters.java:46)
	at org.junit.internal.runners.statements.RunAfters.evaluate(RunAfters.java:33)
	at org.junit.runners.ParentRunner$3.evaluate(ParentRunner.java:306)
	at org.junit.runners.BlockJUnit4ClassRunner$1.evaluate(BlockJUnit4ClassRunner.java:100)
	at org.junit.runners.ParentRunner.runLeaf(ParentRunner.java:366)
	at org.junit.runners.BlockJUnit4ClassRunner.runChild(BlockJUnit4ClassRunner.java:103)
	at org.junit.runners.BlockJUnit4ClassRunner.runChild(BlockJUnit4ClassRunner.java:63)
	at org.junit.runners.ParentRunner$4.run(ParentRunner.java:331)
	at org.junit.runners.ParentRunner$1.schedule(ParentRunner.java:79)
	at org.junit.runners.ParentRunner.runChildren(ParentRunner.java:329)
	at org.junit.runners.ParentRunner.access$100(ParentRunner.java:66)
	at org.junit.runners.ParentRunner$2.evaluate(ParentRunner.java:293)
	at org.junit.internal.runners.statements.RunBefores.evaluate(RunBefores.java:26)
	at org.junit.runners.ParentRunner$3.evaluate(ParentRunner.java:306)
	at org.junit.runners.ParentRunner.run(ParentRunner.java:413)
	at org.junit.runners.Suite.runChild(Suite.java:128)
	at org.junit.runners.Suite.runChild(Suite.java:27)
	at org.junit.runners.ParentRunner$4.run(ParentRunner.java:331)
	at org.junit.runners.ParentRunner$1.schedule(ParentRunner.java:79)
	at org.junit.runners.ParentRunner.runChildren(ParentRunner.java:329)
	at org.junit.runners.ParentRunner.access$100(ParentRunner.java:66)
	at org.junit.runners.ParentRunner$2.evaluate(ParentRunner.java:293)
	at org.junit.runners.ParentRunner$3.evaluate(ParentRunner.java:306)
	at org.junit.runners.ParentRunner.run(ParentRunner.java:413)
	at org.apache.maven.surefire.junitcore.JUnitCore.run(JUnitCore.java:55)
	at org.apache.maven.surefire.junitcore.JUnitCoreWrapper.createRequestAndRun(JUnitCoreWrapper.java:137)
	at org.apache.maven.surefire.junitcore.JUnitCoreWrapper.executeEager(JUnitCoreWrapper.java:107)
	at org.apache.maven.surefire.junitcore.JUnitCoreWrapper.execute(JUnitCoreWrapper.java:83)
	at org.apache.maven.surefire.junitcore.JUnitCoreWrapper.execute(JUnitCoreWrapper.java:75)
	at org.apache.maven.surefire.junitcore.JUnitCoreProvider.invoke(JUnitCoreProvider.java:158)
	at org.apache.maven.surefire.booter.ForkedBooter.runSuitesInProcess(ForkedBooter.java:377)
	at org.apache.maven.surefire.booter.ForkedBooter.execute(ForkedBooter.java:138)
	at org.apache.maven.surefire.booter.ForkedBooter.run(ForkedBooter.java:465)
	at org.apache.maven.surefire.booter.ForkedBooter.main(ForkedBooter.java:451)
NestedThrowablesStackTrace:
java.sql.BatchUpdateException: DELETE on table 'DBS' caused a violation of foreign key constraint 'TBLS_FK1' for key (3).  The statement has been rolled back.
	at org.apache.derby.impl.jdbc.EmbedStatement.executeLargeBatch(Unknown Source)
	at org.apache.derby.impl.jdbc.EmbedStatement.executeBatch(Unknown Source)
	at com.zaxxer.hikari.pool.ProxyStatement.executeBatch(ProxyStatement.java:128)
	at com.zaxxer.hikari.pool.HikariProxyPreparedStatement.executeBatch(HikariProxyPreparedStatement.java)
	at org.datanucleus.store.rdbms.ParamLoggingPreparedStatement.executeBatch(ParamLoggingPreparedStatement.java:366)
	at org.datanucleus.store.rdbms.SQLController.processConnectionStatement(SQLController.java:675)
	at org.datanucleus.store.rdbms.SQLController.processStatementsForConnection(SQLController.java:643)
	at org.datanucleus.store.rdbms.SQLController$1.transactionFlushed(SQLController.java:729)
	at org.datanucleus.store.connection.AbstractManagedConnection.transactionFlushed(AbstractManagedConnection.java:95)
	at org.datanucleus.store.connection.ConnectionManagerImpl$2.transactionFlushed(ConnectionManagerImpl.java:528)
	at org.datanucleus.TransactionImpl.flush(TransactionImpl.java:222)
	at org.datanucleus.TransactionImpl.commit(TransactionImpl.java:286)
	at org.datanucleus.api.jdo.JDOTransaction.commit(JDOTransaction.java:99)
	at org.apache.hadoop.hive.metastore.ObjectStore.commitTransaction(ObjectStore.java:615)
	at sun.reflect.GeneratedMethodAccessor31.invoke(Unknown Source)
	at sun.reflect.DelegatingMethodAccessorImpl.invoke(DelegatingMethodAccessorImpl.java:43)
	at java.lang.reflect.Method.invoke(Method.java:498)
	at org.apache.hadoop.hive.metastore.RawStoreProxy.invoke(RawStoreProxy.java:97)
	at com.sun.proxy.$Proxy32.commitTransaction(Unknown Source)
	at org.apache.hadoop.hive.metastore.HMSHandler.drop_database_core(HMSHandler.java:1790)
	at org.apache.hadoop.hive.metastore.HMSHandler.drop_database(HMSHandler.java:1869)
	at sun.reflect.GeneratedMethodAccessor54.invoke(Unknown Source)
	at sun.reflect.DelegatingMethodAccessorImpl.invoke(DelegatingMethodAccessorImpl.java:43)
	at java.lang.reflect.Method.invoke(Method.java:498)
	at org.apache.hadoop.hive.metastore.RetryingHMSHandler.invokeInternal(RetryingHMSHandler.java:147)
	at org.apache.hadoop.hive.metastore.RetryingHMSHandler.invoke(RetryingHMSHandler.java:108)
	at com.sun.proxy.$Proxy35.drop_database(Unknown Source)
	at org.apache.hadoop.hive.metastore.HiveMetaStoreClient.dropDatabaseCascadePerDb(HiveMetaStoreClient.java:1601)
	at org.apache.hadoop.hive.metastore.HiveMetaStoreClient.dropDatabase(HiveMetaStoreClient.java:1532)
	at org.apache.hadoop.hive.metastore.HiveMetaStoreClient.dropDatabase(HiveMetaStoreClient.java:1485)
	at sun.reflect.NativeMethodAccessorImpl.invoke0(Native Method)
	at sun.reflect.NativeMethodAccessorImpl.invoke(NativeMethodAccessorImpl.java:62)
	at sun.reflect.DelegatingMethodAccessorImpl.invoke(DelegatingMethodAccessorImpl.java:43)
	at java.lang.reflect.Method.invoke(Method.java:498)
	at org.apache.hadoop.hive.metastore.RetryingMetaStoreClient.invoke(RetryingMetaStoreClient.java:218)
	at com.sun.proxy.$Proxy45.dropDatabase(Unknown Source)
	at org.apache.hadoop.hive.ql.metadata.Hive.dropDatabase(Hive.java:662)
	at org.apache.hadoop.hive.ql.ddl.database.drop.DropDatabaseOperation.execute(DropDatabaseOperation.java:52)
	at org.apache.hadoop.hive.ql.ddl.DDLTask.execute(DDLTask.java:84)
	at org.apache.hadoop.hive.ql.exec.Task.executeTask(Task.java:212)
	at org.apache.hadoop.hive.ql.exec.TaskRunner.runSequential(TaskRunner.java:105)
	at org.apache.hadoop.hive.ql.Executor.launchTask(Executor.java:361)
	at org.apache.hadoop.hive.ql.Executor.launchTasks(Executor.java:334)
	at org.apache.hadoop.hive.ql.Executor.runTasks(Executor.java:245)
	at org.apache.hadoop.hive.ql.Executor.execute(Executor.java:108)
	at org.apache.hadoop.hive.ql.Driver.execute(Driver.java:348)
	at org.apache.hadoop.hive.ql.Driver.runInternal(Driver.java:204)
	at org.apache.hadoop.hive.ql.Driver.run(Driver.java:153)
	at org.apache.hadoop.hive.ql.Driver.run(Driver.java:148)
	at org.apache.hadoop.hive.ql.reexec.ReExecDriver.run(ReExecDriver.java:164)
	at org.apache.hadoop.hive.ql.reexec.ReExecDriver.run(ReExecDriver.java:230)
	at org.apache.hive.hcatalog.pig.AbstractHCatLoaderTest.executeStatementOnDriver(AbstractHCatLoaderTest.java:151)
	at org.apache.hive.hcatalog.pig.AbstractHCatLoaderTest.tearDown(AbstractHCatLoaderTest.java:239)
	at sun.reflect.NativeMethodAccessorImpl.invoke0(Native Method)
	at sun.reflect.NativeMethodAccessorImpl.invoke(NativeMethodAccessorImpl.java:62)
	at sun.reflect.DelegatingMethodAccessorImpl.invoke(DelegatingMethodAccessorImpl.java:43)
	at java.lang.reflect.Method.invoke(Method.java:498)
	at org.junit.runners.model.FrameworkMethod$1.runReflectiveCall(FrameworkMethod.java:59)
	at org.junit.internal.runners.model.ReflectiveCallable.run(ReflectiveCallable.java:12)
	at org.junit.runners.model.FrameworkMethod.invokeExplosively(FrameworkMethod.java:56)
	at org.junit.internal.runners.statements.RunAfters.invokeMethod(RunAfters.java:46)
	at org.junit.internal.runners.statements.RunAfters.evaluate(RunAfters.java:33)
	at org.junit.runners.ParentRunner$3.evaluate(ParentRunner.java:306)
	at org.junit.runners.BlockJUnit4ClassRunner$1.evaluate(BlockJUnit4ClassRunner.java:100)
	at org.junit.runners.ParentRunner.runLeaf(ParentRunner.java:366)
	at org.junit.runners.BlockJUnit4ClassRunner.runChild(BlockJUnit4ClassRunner.java:103)
	at org.junit.runners.BlockJUnit4ClassRunner.runChild(BlockJUnit4ClassRunner.java:63)
	at org.junit.runners.ParentRunner$4.run(ParentRunner.java:331)
	at org.junit.runners.ParentRunner$1.schedule(ParentRunner.java:79)
	at org.junit.runners.ParentRunner.runChildren(ParentRunner.java:329)
	at org.junit.runners.ParentRunner.access$100(ParentRunner.java:66)
	at org.junit.runners.ParentRunner$2.evaluate(ParentRunner.java:293)
	at org.junit.internal.runners.statements.RunBefores.evaluate(RunBefores.java:26)
	at org.junit.runners.ParentRunner$3.evaluate(ParentRunner.java:306)
	at org.junit.runners.ParentRunner.run(ParentRunner.java:413)
	at org.junit.runners.Suite.runChild(Suite.java:128)
	at org.junit.runners.Suite.runChild(Suite.java:27)
	at org.junit.runners.ParentRunner$4.run(ParentRunner.java:331)
	at org.junit.runners.ParentRunner$1.schedule(ParentRunner.java:79)
	at org.junit.runners.ParentRunner.runChildren(ParentRunner.java:329)
	at org.junit.runners.ParentRunner.access$100(ParentRunner.java:66)
	at org.junit.runners.ParentRunner$2.evaluate(ParentRunner.java:293)
	at org.junit.runners.ParentRunner$3.evaluate(ParentRunner.java:306)
	at org.junit.runners.ParentRunner.run(ParentRunner.java:413)
	at org.apache.maven.surefire.junitcore.JUnitCore.run(JUnitCore.java:55)
	at org.apache.maven.surefire.junitcore.JUnitCoreWrapper.createRequestAndRun(JUnitCoreWrapper.java:137)
	at org.apache.maven.surefire.junitcore.JUnitCoreWrapper.executeEager(JUnitCoreWrapper.java:107)
	at org.apache.maven.surefire.junitcore.JUnitCoreWrapper.execute(JUnitCoreWrapper.java:83)
	at org.apache.maven.surefire.junitcore.JUnitCoreWrapper.execute(JUnitCoreWrapper.java:75)
	at org.apache.maven.surefire.junitcore.JUnitCoreProvider.invoke(JUnitCoreProvider.java:158)
	at org.apache.maven.surefire.booter.ForkedBooter.runSuitesInProcess(ForkedBooter.java:377)
	at org.apache.maven.surefire.booter.ForkedBooter.execute(ForkedBooter.java:138)
	at org.apache.maven.surefire.booter.ForkedBooter.run(ForkedBooter.java:465)
	at org.apache.maven.surefire.booter.ForkedBooter.main(ForkedBooter.java:451)
Caused by: org.apache.derby.shared.common.error.DerbySQLIntegrityConstraintViolationException: DELETE on table 'DBS' caused a violation of foreign key constraint 'TBLS_FK1' for key (3).  The statement has been rolled back.
	at org.apache.derby.impl.jdbc.SQLExceptionFactory.getSQLException(Unknown Source)
	at org.apache.derby.impl.jdbc.Util.generateCsSQLException(Unknown Source)
	at org.apache.derby.impl.jdbc.TransactionResourceImpl.wrapInSQLException(Unknown Source)
	at org.apache.derby.impl.jdbc.TransactionResourceImpl.handleException(Unknown Source)
	at org.apache.derby.impl.jdbc.EmbedConnection.handleException(Unknown Source)
	at org.apache.derby.impl.jdbc.ConnectionChild.handleException(Unknown Source)
	at org.apache.derby.impl.jdbc.EmbedStatement.executeStatement(Unknown Source)
	at org.apache.derby.impl.jdbc.EmbedPreparedStatement.executeBatchElement(Unknown Source)
	... 94 more
Caused by: ERROR 23503: DELETE on table 'DBS' caused a violation of foreign key constraint 'TBLS_FK1' for key (3).  The statement has been rolled back.
	at org.apache.derby.iapi.error.StandardException.newException(Unknown Source)
	at org.apache.derby.iapi.error.StandardException.newException(Unknown Source)
	at org.apache.derby.impl.sql.execute.ReferencedKeyRIChecker.doCheck(Unknown Source)
	at org.apache.derby.impl.sql.execute.RISetChecker.doPKCheck(Unknown Source)
	at org.apache.derby.impl.sql.execute.DeleteResultSet.collectAffectedRows(Unknown Source)
	at org.apache.derby.impl.sql.execute.DeleteResultSet.open(Unknown Source)
	at org.apache.derby.impl.sql.GenericPreparedStatement.executeStmt(Unknown Source)
	at org.apache.derby.impl.sql.GenericPreparedStatement.execute(Unknown Source)
	... 96 more

2024-04-24T11:28:22,466  INFO [main] HiveMetaStore.audit: ugi=alex	ip=unknown-ip-addr	cmd=drop_database: @hive#junit_specific_db	
2024-04-24T11:28:22,469  INFO [main] HiveMetaStore.audit: ugi=alex	ip=unknown-ip-addr	cmd=get_all_tables: db=@hive#junit_specific_db	
2024-04-24T11:28:22,470  INFO [main] HiveMetaStore.audit: ugi=alex	ip=unknown-ip-addr	cmd=get_functions: db=@hive#junit_specific_db pat=*	
2024-04-24T11:28:22,472  INFO [main] HiveMetaStore.audit: ugi=alex	ip=unknown-ip-addr	cmd=get_all_stored_procedures	
2024-04-24T11:28:22,473  INFO [main] HiveMetaStore.audit: ugi=alex	ip=unknown-ip-addr	cmd=get_all_packages	
2024-04-24T11:28:22,474  INFO [main] HiveMetaStore.audit: ugi=alex	ip=unknown-ip-addr	cmd=getTablesByTypeCore: catName=hive: db=junit_specific_db pat=.*,type=MATERIALIZED_VIEW	
2024-04-24T11:28:22,479  INFO [main] metastore.ObjectStore: Dropping database hive.junit_specific_db along with all tables
2024-04-24T11:28:22,486  INFO [main] txn.TxnHandler: Non-retryable error in cleanupRecords : Table/View 'TXN_COMPONENTS' does not exist. (SQLState=42X05, ErrorCode=20000)
2024-04-24T11:28:22,486  WARN [main] txn.TxnHandler: Cannot perform cleanup since metastore table does not exist
2024-04-24T11:28:22,487 ERROR [main] metastore.RetryingHMSHandler: Retrying HMSHandler after 2000 ms (attempt 4 of 10) with error: javax.jdo.JDODataStoreException: Exception thrown flushing changes to datastore
	at org.datanucleus.api.jdo.NucleusJDOHelper.getJDOExceptionForNucleusException(NucleusJDOHelper.java:542)
	at org.datanucleus.api.jdo.JDOTransaction.commit(JDOTransaction.java:162)
	at org.apache.hadoop.hive.metastore.ObjectStore.commitTransaction(ObjectStore.java:615)
	at sun.reflect.GeneratedMethodAccessor31.invoke(Unknown Source)
	at sun.reflect.DelegatingMethodAccessorImpl.invoke(DelegatingMethodAccessorImpl.java:43)
	at java.lang.reflect.Method.invoke(Method.java:498)
	at org.apache.hadoop.hive.metastore.RawStoreProxy.invoke(RawStoreProxy.java:97)
	at com.sun.proxy.$Proxy32.commitTransaction(Unknown Source)
	at org.apache.hadoop.hive.metastore.HMSHandler.drop_database_core(HMSHandler.java:1790)
	at org.apache.hadoop.hive.metastore.HMSHandler.drop_database(HMSHandler.java:1869)
	at sun.reflect.GeneratedMethodAccessor54.invoke(Unknown Source)
	at sun.reflect.DelegatingMethodAccessorImpl.invoke(DelegatingMethodAccessorImpl.java:43)
	at java.lang.reflect.Method.invoke(Method.java:498)
	at org.apache.hadoop.hive.metastore.RetryingHMSHandler.invokeInternal(RetryingHMSHandler.java:147)
	at org.apache.hadoop.hive.metastore.RetryingHMSHandler.invoke(RetryingHMSHandler.java:108)
	at com.sun.proxy.$Proxy35.drop_database(Unknown Source)
	at org.apache.hadoop.hive.metastore.HiveMetaStoreClient.dropDatabaseCascadePerDb(HiveMetaStoreClient.java:1601)
	at org.apache.hadoop.hive.metastore.HiveMetaStoreClient.dropDatabase(HiveMetaStoreClient.java:1532)
	at org.apache.hadoop.hive.metastore.HiveMetaStoreClient.dropDatabase(HiveMetaStoreClient.java:1485)
	at sun.reflect.NativeMethodAccessorImpl.invoke0(Native Method)
	at sun.reflect.NativeMethodAccessorImpl.invoke(NativeMethodAccessorImpl.java:62)
	at sun.reflect.DelegatingMethodAccessorImpl.invoke(DelegatingMethodAccessorImpl.java:43)
	at java.lang.reflect.Method.invoke(Method.java:498)
	at org.apache.hadoop.hive.metastore.RetryingMetaStoreClient.invoke(RetryingMetaStoreClient.java:218)
	at com.sun.proxy.$Proxy45.dropDatabase(Unknown Source)
	at org.apache.hadoop.hive.ql.metadata.Hive.dropDatabase(Hive.java:662)
	at org.apache.hadoop.hive.ql.ddl.database.drop.DropDatabaseOperation.execute(DropDatabaseOperation.java:52)
	at org.apache.hadoop.hive.ql.ddl.DDLTask.execute(DDLTask.java:84)
	at org.apache.hadoop.hive.ql.exec.Task.executeTask(Task.java:212)
	at org.apache.hadoop.hive.ql.exec.TaskRunner.runSequential(TaskRunner.java:105)
	at org.apache.hadoop.hive.ql.Executor.launchTask(Executor.java:361)
	at org.apache.hadoop.hive.ql.Executor.launchTasks(Executor.java:334)
	at org.apache.hadoop.hive.ql.Executor.runTasks(Executor.java:245)
	at org.apache.hadoop.hive.ql.Executor.execute(Executor.java:108)
	at org.apache.hadoop.hive.ql.Driver.execute(Driver.java:348)
	at org.apache.hadoop.hive.ql.Driver.runInternal(Driver.java:204)
	at org.apache.hadoop.hive.ql.Driver.run(Driver.java:153)
	at org.apache.hadoop.hive.ql.Driver.run(Driver.java:148)
	at org.apache.hadoop.hive.ql.reexec.ReExecDriver.run(ReExecDriver.java:164)
	at org.apache.hadoop.hive.ql.reexec.ReExecDriver.run(ReExecDriver.java:230)
	at org.apache.hive.hcatalog.pig.AbstractHCatLoaderTest.executeStatementOnDriver(AbstractHCatLoaderTest.java:151)
	at org.apache.hive.hcatalog.pig.AbstractHCatLoaderTest.tearDown(AbstractHCatLoaderTest.java:239)
	at sun.reflect.NativeMethodAccessorImpl.invoke0(Native Method)
	at sun.reflect.NativeMethodAccessorImpl.invoke(NativeMethodAccessorImpl.java:62)
	at sun.reflect.DelegatingMethodAccessorImpl.invoke(DelegatingMethodAccessorImpl.java:43)
	at java.lang.reflect.Method.invoke(Method.java:498)
	at org.junit.runners.model.FrameworkMethod$1.runReflectiveCall(FrameworkMethod.java:59)
	at org.junit.internal.runners.model.ReflectiveCallable.run(ReflectiveCallable.java:12)
	at org.junit.runners.model.FrameworkMethod.invokeExplosively(FrameworkMethod.java:56)
	at org.junit.internal.runners.statements.RunAfters.invokeMethod(RunAfters.java:46)
	at org.junit.internal.runners.statements.RunAfters.evaluate(RunAfters.java:33)
	at org.junit.runners.ParentRunner$3.evaluate(ParentRunner.java:306)
	at org.junit.runners.BlockJUnit4ClassRunner$1.evaluate(BlockJUnit4ClassRunner.java:100)
	at org.junit.runners.ParentRunner.runLeaf(ParentRunner.java:366)
	at org.junit.runners.BlockJUnit4ClassRunner.runChild(BlockJUnit4ClassRunner.java:103)
	at org.junit.runners.BlockJUnit4ClassRunner.runChild(BlockJUnit4ClassRunner.java:63)
	at org.junit.runners.ParentRunner$4.run(ParentRunner.java:331)
	at org.junit.runners.ParentRunner$1.schedule(ParentRunner.java:79)
	at org.junit.runners.ParentRunner.runChildren(ParentRunner.java:329)
	at org.junit.runners.ParentRunner.access$100(ParentRunner.java:66)
	at org.junit.runners.ParentRunner$2.evaluate(ParentRunner.java:293)
	at org.junit.internal.runners.statements.RunBefores.evaluate(RunBefores.java:26)
	at org.junit.runners.ParentRunner$3.evaluate(ParentRunner.java:306)
	at org.junit.runners.ParentRunner.run(ParentRunner.java:413)
	at org.junit.runners.Suite.runChild(Suite.java:128)
	at org.junit.runners.Suite.runChild(Suite.java:27)
	at org.junit.runners.ParentRunner$4.run(ParentRunner.java:331)
	at org.junit.runners.ParentRunner$1.schedule(ParentRunner.java:79)
	at org.junit.runners.ParentRunner.runChildren(ParentRunner.java:329)
	at org.junit.runners.ParentRunner.access$100(ParentRunner.java:66)
	at org.junit.runners.ParentRunner$2.evaluate(ParentRunner.java:293)
	at org.junit.runners.ParentRunner$3.evaluate(ParentRunner.java:306)
	at org.junit.runners.ParentRunner.run(ParentRunner.java:413)
	at org.apache.maven.surefire.junitcore.JUnitCore.run(JUnitCore.java:55)
	at org.apache.maven.surefire.junitcore.JUnitCoreWrapper.createRequestAndRun(JUnitCoreWrapper.java:137)
	at org.apache.maven.surefire.junitcore.JUnitCoreWrapper.executeEager(JUnitCoreWrapper.java:107)
	at org.apache.maven.surefire.junitcore.JUnitCoreWrapper.execute(JUnitCoreWrapper.java:83)
	at org.apache.maven.surefire.junitcore.JUnitCoreWrapper.execute(JUnitCoreWrapper.java:75)
	at org.apache.maven.surefire.junitcore.JUnitCoreProvider.invoke(JUnitCoreProvider.java:158)
	at org.apache.maven.surefire.booter.ForkedBooter.runSuitesInProcess(ForkedBooter.java:377)
	at org.apache.maven.surefire.booter.ForkedBooter.execute(ForkedBooter.java:138)
	at org.apache.maven.surefire.booter.ForkedBooter.run(ForkedBooter.java:465)
	at org.apache.maven.surefire.booter.ForkedBooter.main(ForkedBooter.java:451)
NestedThrowablesStackTrace:
java.sql.BatchUpdateException: DELETE on table 'DBS' caused a violation of foreign key constraint 'TBLS_FK1' for key (3).  The statement has been rolled back.
	at org.apache.derby.impl.jdbc.EmbedStatement.executeLargeBatch(Unknown Source)
	at org.apache.derby.impl.jdbc.EmbedStatement.executeBatch(Unknown Source)
	at com.zaxxer.hikari.pool.ProxyStatement.executeBatch(ProxyStatement.java:128)
	at com.zaxxer.hikari.pool.HikariProxyPreparedStatement.executeBatch(HikariProxyPreparedStatement.java)
	at org.datanucleus.store.rdbms.ParamLoggingPreparedStatement.executeBatch(ParamLoggingPreparedStatement.java:366)
	at org.datanucleus.store.rdbms.SQLController.processConnectionStatement(SQLController.java:675)
	at org.datanucleus.store.rdbms.SQLController.processStatementsForConnection(SQLController.java:643)
	at org.datanucleus.store.rdbms.SQLController$1.transactionFlushed(SQLController.java:729)
	at org.datanucleus.store.connection.AbstractManagedConnection.transactionFlushed(AbstractManagedConnection.java:95)
	at org.datanucleus.store.connection.ConnectionManagerImpl$2.transactionFlushed(ConnectionManagerImpl.java:528)
	at org.datanucleus.TransactionImpl.flush(TransactionImpl.java:222)
	at org.datanucleus.TransactionImpl.commit(TransactionImpl.java:286)
	at org.datanucleus.api.jdo.JDOTransaction.commit(JDOTransaction.java:99)
	at org.apache.hadoop.hive.metastore.ObjectStore.commitTransaction(ObjectStore.java:615)
	at sun.reflect.GeneratedMethodAccessor31.invoke(Unknown Source)
	at sun.reflect.DelegatingMethodAccessorImpl.invoke(DelegatingMethodAccessorImpl.java:43)
	at java.lang.reflect.Method.invoke(Method.java:498)
	at org.apache.hadoop.hive.metastore.RawStoreProxy.invoke(RawStoreProxy.java:97)
	at com.sun.proxy.$Proxy32.commitTransaction(Unknown Source)
	at org.apache.hadoop.hive.metastore.HMSHandler.drop_database_core(HMSHandler.java:1790)
	at org.apache.hadoop.hive.metastore.HMSHandler.drop_database(HMSHandler.java:1869)
	at sun.reflect.GeneratedMethodAccessor54.invoke(Unknown Source)
	at sun.reflect.DelegatingMethodAccessorImpl.invoke(DelegatingMethodAccessorImpl.java:43)
	at java.lang.reflect.Method.invoke(Method.java:498)
	at org.apache.hadoop.hive.metastore.RetryingHMSHandler.invokeInternal(RetryingHMSHandler.java:147)
	at org.apache.hadoop.hive.metastore.RetryingHMSHandler.invoke(RetryingHMSHandler.java:108)
	at com.sun.proxy.$Proxy35.drop_database(Unknown Source)
	at org.apache.hadoop.hive.metastore.HiveMetaStoreClient.dropDatabaseCascadePerDb(HiveMetaStoreClient.java:1601)
	at org.apache.hadoop.hive.metastore.HiveMetaStoreClient.dropDatabase(HiveMetaStoreClient.java:1532)
	at org.apache.hadoop.hive.metastore.HiveMetaStoreClient.dropDatabase(HiveMetaStoreClient.java:1485)
	at sun.reflect.NativeMethodAccessorImpl.invoke0(Native Method)
	at sun.reflect.NativeMethodAccessorImpl.invoke(NativeMethodAccessorImpl.java:62)
	at sun.reflect.DelegatingMethodAccessorImpl.invoke(DelegatingMethodAccessorImpl.java:43)
	at java.lang.reflect.Method.invoke(Method.java:498)
	at org.apache.hadoop.hive.metastore.RetryingMetaStoreClient.invoke(RetryingMetaStoreClient.java:218)
	at com.sun.proxy.$Proxy45.dropDatabase(Unknown Source)
	at org.apache.hadoop.hive.ql.metadata.Hive.dropDatabase(Hive.java:662)
	at org.apache.hadoop.hive.ql.ddl.database.drop.DropDatabaseOperation.execute(DropDatabaseOperation.java:52)
	at org.apache.hadoop.hive.ql.ddl.DDLTask.execute(DDLTask.java:84)
	at org.apache.hadoop.hive.ql.exec.Task.executeTask(Task.java:212)
	at org.apache.hadoop.hive.ql.exec.TaskRunner.runSequential(TaskRunner.java:105)
	at org.apache.hadoop.hive.ql.Executor.launchTask(Executor.java:361)
	at org.apache.hadoop.hive.ql.Executor.launchTasks(Executor.java:334)
	at org.apache.hadoop.hive.ql.Executor.runTasks(Executor.java:245)
	at org.apache.hadoop.hive.ql.Executor.execute(Executor.java:108)
	at org.apache.hadoop.hive.ql.Driver.execute(Driver.java:348)
	at org.apache.hadoop.hive.ql.Driver.runInternal(Driver.java:204)
	at org.apache.hadoop.hive.ql.Driver.run(Driver.java:153)
	at org.apache.hadoop.hive.ql.Driver.run(Driver.java:148)
	at org.apache.hadoop.hive.ql.reexec.ReExecDriver.run(ReExecDriver.java:164)
	at org.apache.hadoop.hive.ql.reexec.ReExecDriver.run(ReExecDriver.java:230)
	at org.apache.hive.hcatalog.pig.AbstractHCatLoaderTest.executeStatementOnDriver(AbstractHCatLoaderTest.java:151)
	at org.apache.hive.hcatalog.pig.AbstractHCatLoaderTest.tearDown(AbstractHCatLoaderTest.java:239)
	at sun.reflect.NativeMethodAccessorImpl.invoke0(Native Method)
	at sun.reflect.NativeMethodAccessorImpl.invoke(NativeMethodAccessorImpl.java:62)
	at sun.reflect.DelegatingMethodAccessorImpl.invoke(DelegatingMethodAccessorImpl.java:43)
	at java.lang.reflect.Method.invoke(Method.java:498)
	at org.junit.runners.model.FrameworkMethod$1.runReflectiveCall(FrameworkMethod.java:59)
	at org.junit.internal.runners.model.ReflectiveCallable.run(ReflectiveCallable.java:12)
	at org.junit.runners.model.FrameworkMethod.invokeExplosively(FrameworkMethod.java:56)
	at org.junit.internal.runners.statements.RunAfters.invokeMethod(RunAfters.java:46)
	at org.junit.internal.runners.statements.RunAfters.evaluate(RunAfters.java:33)
	at org.junit.runners.ParentRunner$3.evaluate(ParentRunner.java:306)
	at org.junit.runners.BlockJUnit4ClassRunner$1.evaluate(BlockJUnit4ClassRunner.java:100)
	at org.junit.runners.ParentRunner.runLeaf(ParentRunner.java:366)
	at org.junit.runners.BlockJUnit4ClassRunner.runChild(BlockJUnit4ClassRunner.java:103)
	at org.junit.runners.BlockJUnit4ClassRunner.runChild(BlockJUnit4ClassRunner.java:63)
	at org.junit.runners.ParentRunner$4.run(ParentRunner.java:331)
	at org.junit.runners.ParentRunner$1.schedule(ParentRunner.java:79)
	at org.junit.runners.ParentRunner.runChildren(ParentRunner.java:329)
	at org.junit.runners.ParentRunner.access$100(ParentRunner.java:66)
	at org.junit.runners.ParentRunner$2.evaluate(ParentRunner.java:293)
	at org.junit.internal.runners.statements.RunBefores.evaluate(RunBefores.java:26)
	at org.junit.runners.ParentRunner$3.evaluate(ParentRunner.java:306)
	at org.junit.runners.ParentRunner.run(ParentRunner.java:413)
	at org.junit.runners.Suite.runChild(Suite.java:128)
	at org.junit.runners.Suite.runChild(Suite.java:27)
	at org.junit.runners.ParentRunner$4.run(ParentRunner.java:331)
	at org.junit.runners.ParentRunner$1.schedule(ParentRunner.java:79)
	at org.junit.runners.ParentRunner.runChildren(ParentRunner.java:329)
	at org.junit.runners.ParentRunner.access$100(ParentRunner.java:66)
	at org.junit.runners.ParentRunner$2.evaluate(ParentRunner.java:293)
	at org.junit.runners.ParentRunner$3.evaluate(ParentRunner.java:306)
	at org.junit.runners.ParentRunner.run(ParentRunner.java:413)
	at org.apache.maven.surefire.junitcore.JUnitCore.run(JUnitCore.java:55)
	at org.apache.maven.surefire.junitcore.JUnitCoreWrapper.createRequestAndRun(JUnitCoreWrapper.java:137)
	at org.apache.maven.surefire.junitcore.JUnitCoreWrapper.executeEager(JUnitCoreWrapper.java:107)
	at org.apache.maven.surefire.junitcore.JUnitCoreWrapper.execute(JUnitCoreWrapper.java:83)
	at org.apache.maven.surefire.junitcore.JUnitCoreWrapper.execute(JUnitCoreWrapper.java:75)
	at org.apache.maven.surefire.junitcore.JUnitCoreProvider.invoke(JUnitCoreProvider.java:158)
	at org.apache.maven.surefire.booter.ForkedBooter.runSuitesInProcess(ForkedBooter.java:377)
	at org.apache.maven.surefire.booter.ForkedBooter.execute(ForkedBooter.java:138)
	at org.apache.maven.surefire.booter.ForkedBooter.run(ForkedBooter.java:465)
	at org.apache.maven.surefire.booter.ForkedBooter.main(ForkedBooter.java:451)
Caused by: org.apache.derby.shared.common.error.DerbySQLIntegrityConstraintViolationException: DELETE on table 'DBS' caused a violation of foreign key constraint 'TBLS_FK1' for key (3).  The statement has been rolled back.
	at org.apache.derby.impl.jdbc.SQLExceptionFactory.getSQLException(Unknown Source)
	at org.apache.derby.impl.jdbc.Util.generateCsSQLException(Unknown Source)
	at org.apache.derby.impl.jdbc.TransactionResourceImpl.wrapInSQLException(Unknown Source)
	at org.apache.derby.impl.jdbc.TransactionResourceImpl.handleException(Unknown Source)
	at org.apache.derby.impl.jdbc.EmbedConnection.handleException(Unknown Source)
	at org.apache.derby.impl.jdbc.ConnectionChild.handleException(Unknown Source)
	at org.apache.derby.impl.jdbc.EmbedStatement.executeStatement(Unknown Source)
	at org.apache.derby.impl.jdbc.EmbedPreparedStatement.executeBatchElement(Unknown Source)
	... 94 more
Caused by: ERROR 23503: DELETE on table 'DBS' caused a violation of foreign key constraint 'TBLS_FK1' for key (3).  The statement has been rolled back.
	at org.apache.derby.iapi.error.StandardException.newException(Unknown Source)
	at org.apache.derby.iapi.error.StandardException.newException(Unknown Source)
	at org.apache.derby.impl.sql.execute.ReferencedKeyRIChecker.doCheck(Unknown Source)
	at org.apache.derby.impl.sql.execute.RISetChecker.doPKCheck(Unknown Source)
	at org.apache.derby.impl.sql.execute.DeleteResultSet.collectAffectedRows(Unknown Source)
	at org.apache.derby.impl.sql.execute.DeleteResultSet.open(Unknown Source)
	at org.apache.derby.impl.sql.GenericPreparedStatement.executeStmt(Unknown Source)
	at org.apache.derby.impl.sql.GenericPreparedStatement.execute(Unknown Source)
	... 96 more

2024-04-24T11:28:24,488  INFO [main] HiveMetaStore.audit: ugi=alex	ip=unknown-ip-addr	cmd=drop_database: @hive#junit_specific_db	
2024-04-24T11:28:24,493  INFO [main] HiveMetaStore.audit: ugi=alex	ip=unknown-ip-addr	cmd=get_all_tables: db=@hive#junit_specific_db	
2024-04-24T11:28:24,494  INFO [main] HiveMetaStore.audit: ugi=alex	ip=unknown-ip-addr	cmd=get_functions: db=@hive#junit_specific_db pat=*	
2024-04-24T11:28:24,496  INFO [main] HiveMetaStore.audit: ugi=alex	ip=unknown-ip-addr	cmd=get_all_stored_procedures	
2024-04-24T11:28:24,497  INFO [main] HiveMetaStore.audit: ugi=alex	ip=unknown-ip-addr	cmd=get_all_packages	
2024-04-24T11:28:24,499  INFO [main] HiveMetaStore.audit: ugi=alex	ip=unknown-ip-addr	cmd=getTablesByTypeCore: catName=hive: db=junit_specific_db pat=.*,type=MATERIALIZED_VIEW	
2024-04-24T11:28:24,503  INFO [main] metastore.ObjectStore: Dropping database hive.junit_specific_db along with all tables
2024-04-24T11:28:24,510  INFO [main] txn.TxnHandler: Non-retryable error in cleanupRecords : Table/View 'TXN_COMPONENTS' does not exist. (SQLState=42X05, ErrorCode=20000)
2024-04-24T11:28:24,510  WARN [main] txn.TxnHandler: Cannot perform cleanup since metastore table does not exist
2024-04-24T11:28:24,511 ERROR [main] metastore.RetryingHMSHandler: Retrying HMSHandler after 2000 ms (attempt 5 of 10) with error: javax.jdo.JDODataStoreException: Exception thrown flushing changes to datastore
	at org.datanucleus.api.jdo.NucleusJDOHelper.getJDOExceptionForNucleusException(NucleusJDOHelper.java:542)
	at org.datanucleus.api.jdo.JDOTransaction.commit(JDOTransaction.java:162)
	at org.apache.hadoop.hive.metastore.ObjectStore.commitTransaction(ObjectStore.java:615)
	at sun.reflect.GeneratedMethodAccessor31.invoke(Unknown Source)
	at sun.reflect.DelegatingMethodAccessorImpl.invoke(DelegatingMethodAccessorImpl.java:43)
	at java.lang.reflect.Method.invoke(Method.java:498)
	at org.apache.hadoop.hive.metastore.RawStoreProxy.invoke(RawStoreProxy.java:97)
	at com.sun.proxy.$Proxy32.commitTransaction(Unknown Source)
	at org.apache.hadoop.hive.metastore.HMSHandler.drop_database_core(HMSHandler.java:1790)
	at org.apache.hadoop.hive.metastore.HMSHandler.drop_database(HMSHandler.java:1869)
	at sun.reflect.GeneratedMethodAccessor54.invoke(Unknown Source)
	at sun.reflect.DelegatingMethodAccessorImpl.invoke(DelegatingMethodAccessorImpl.java:43)
	at java.lang.reflect.Method.invoke(Method.java:498)
	at org.apache.hadoop.hive.metastore.RetryingHMSHandler.invokeInternal(RetryingHMSHandler.java:147)
	at org.apache.hadoop.hive.metastore.RetryingHMSHandler.invoke(RetryingHMSHandler.java:108)
	at com.sun.proxy.$Proxy35.drop_database(Unknown Source)
	at org.apache.hadoop.hive.metastore.HiveMetaStoreClient.dropDatabaseCascadePerDb(HiveMetaStoreClient.java:1601)
	at org.apache.hadoop.hive.metastore.HiveMetaStoreClient.dropDatabase(HiveMetaStoreClient.java:1532)
	at org.apache.hadoop.hive.metastore.HiveMetaStoreClient.dropDatabase(HiveMetaStoreClient.java:1485)
	at sun.reflect.NativeMethodAccessorImpl.invoke0(Native Method)
	at sun.reflect.NativeMethodAccessorImpl.invoke(NativeMethodAccessorImpl.java:62)
	at sun.reflect.DelegatingMethodAccessorImpl.invoke(DelegatingMethodAccessorImpl.java:43)
	at java.lang.reflect.Method.invoke(Method.java:498)
	at org.apache.hadoop.hive.metastore.RetryingMetaStoreClient.invoke(RetryingMetaStoreClient.java:218)
	at com.sun.proxy.$Proxy45.dropDatabase(Unknown Source)
	at org.apache.hadoop.hive.ql.metadata.Hive.dropDatabase(Hive.java:662)
	at org.apache.hadoop.hive.ql.ddl.database.drop.DropDatabaseOperation.execute(DropDatabaseOperation.java:52)
	at org.apache.hadoop.hive.ql.ddl.DDLTask.execute(DDLTask.java:84)
	at org.apache.hadoop.hive.ql.exec.Task.executeTask(Task.java:212)
	at org.apache.hadoop.hive.ql.exec.TaskRunner.runSequential(TaskRunner.java:105)
	at org.apache.hadoop.hive.ql.Executor.launchTask(Executor.java:361)
	at org.apache.hadoop.hive.ql.Executor.launchTasks(Executor.java:334)
	at org.apache.hadoop.hive.ql.Executor.runTasks(Executor.java:245)
	at org.apache.hadoop.hive.ql.Executor.execute(Executor.java:108)
	at org.apache.hadoop.hive.ql.Driver.execute(Driver.java:348)
	at org.apache.hadoop.hive.ql.Driver.runInternal(Driver.java:204)
	at org.apache.hadoop.hive.ql.Driver.run(Driver.java:153)
	at org.apache.hadoop.hive.ql.Driver.run(Driver.java:148)
	at org.apache.hadoop.hive.ql.reexec.ReExecDriver.run(ReExecDriver.java:164)
	at org.apache.hadoop.hive.ql.reexec.ReExecDriver.run(ReExecDriver.java:230)
	at org.apache.hive.hcatalog.pig.AbstractHCatLoaderTest.executeStatementOnDriver(AbstractHCatLoaderTest.java:151)
	at org.apache.hive.hcatalog.pig.AbstractHCatLoaderTest.tearDown(AbstractHCatLoaderTest.java:239)
	at sun.reflect.NativeMethodAccessorImpl.invoke0(Native Method)
	at sun.reflect.NativeMethodAccessorImpl.invoke(NativeMethodAccessorImpl.java:62)
	at sun.reflect.DelegatingMethodAccessorImpl.invoke(DelegatingMethodAccessorImpl.java:43)
	at java.lang.reflect.Method.invoke(Method.java:498)
	at org.junit.runners.model.FrameworkMethod$1.runReflectiveCall(FrameworkMethod.java:59)
	at org.junit.internal.runners.model.ReflectiveCallable.run(ReflectiveCallable.java:12)
	at org.junit.runners.model.FrameworkMethod.invokeExplosively(FrameworkMethod.java:56)
	at org.junit.internal.runners.statements.RunAfters.invokeMethod(RunAfters.java:46)
	at org.junit.internal.runners.statements.RunAfters.evaluate(RunAfters.java:33)
	at org.junit.runners.ParentRunner$3.evaluate(ParentRunner.java:306)
	at org.junit.runners.BlockJUnit4ClassRunner$1.evaluate(BlockJUnit4ClassRunner.java:100)
	at org.junit.runners.ParentRunner.runLeaf(ParentRunner.java:366)
	at org.junit.runners.BlockJUnit4ClassRunner.runChild(BlockJUnit4ClassRunner.java:103)
	at org.junit.runners.BlockJUnit4ClassRunner.runChild(BlockJUnit4ClassRunner.java:63)
	at org.junit.runners.ParentRunner$4.run(ParentRunner.java:331)
	at org.junit.runners.ParentRunner$1.schedule(ParentRunner.java:79)
	at org.junit.runners.ParentRunner.runChildren(ParentRunner.java:329)
	at org.junit.runners.ParentRunner.access$100(ParentRunner.java:66)
	at org.junit.runners.ParentRunner$2.evaluate(ParentRunner.java:293)
	at org.junit.internal.runners.statements.RunBefores.evaluate(RunBefores.java:26)
	at org.junit.runners.ParentRunner$3.evaluate(ParentRunner.java:306)
	at org.junit.runners.ParentRunner.run(ParentRunner.java:413)
	at org.junit.runners.Suite.runChild(Suite.java:128)
	at org.junit.runners.Suite.runChild(Suite.java:27)
	at org.junit.runners.ParentRunner$4.run(ParentRunner.java:331)
	at org.junit.runners.ParentRunner$1.schedule(ParentRunner.java:79)
	at org.junit.runners.ParentRunner.runChildren(ParentRunner.java:329)
	at org.junit.runners.ParentRunner.access$100(ParentRunner.java:66)
	at org.junit.runners.ParentRunner$2.evaluate(ParentRunner.java:293)
	at org.junit.runners.ParentRunner$3.evaluate(ParentRunner.java:306)
	at org.junit.runners.ParentRunner.run(ParentRunner.java:413)
	at org.apache.maven.surefire.junitcore.JUnitCore.run(JUnitCore.java:55)
	at org.apache.maven.surefire.junitcore.JUnitCoreWrapper.createRequestAndRun(JUnitCoreWrapper.java:137)
	at org.apache.maven.surefire.junitcore.JUnitCoreWrapper.executeEager(JUnitCoreWrapper.java:107)
	at org.apache.maven.surefire.junitcore.JUnitCoreWrapper.execute(JUnitCoreWrapper.java:83)
	at org.apache.maven.surefire.junitcore.JUnitCoreWrapper.execute(JUnitCoreWrapper.java:75)
	at org.apache.maven.surefire.junitcore.JUnitCoreProvider.invoke(JUnitCoreProvider.java:158)
	at org.apache.maven.surefire.booter.ForkedBooter.runSuitesInProcess(ForkedBooter.java:377)
	at org.apache.maven.surefire.booter.ForkedBooter.execute(ForkedBooter.java:138)
	at org.apache.maven.surefire.booter.ForkedBooter.run(ForkedBooter.java:465)
	at org.apache.maven.surefire.booter.ForkedBooter.main(ForkedBooter.java:451)
NestedThrowablesStackTrace:
java.sql.BatchUpdateException: DELETE on table 'DBS' caused a violation of foreign key constraint 'TBLS_FK1' for key (3).  The statement has been rolled back.
	at org.apache.derby.impl.jdbc.EmbedStatement.executeLargeBatch(Unknown Source)
	at org.apache.derby.impl.jdbc.EmbedStatement.executeBatch(Unknown Source)
	at com.zaxxer.hikari.pool.ProxyStatement.executeBatch(ProxyStatement.java:128)
	at com.zaxxer.hikari.pool.HikariProxyPreparedStatement.executeBatch(HikariProxyPreparedStatement.java)
	at org.datanucleus.store.rdbms.ParamLoggingPreparedStatement.executeBatch(ParamLoggingPreparedStatement.java:366)
	at org.datanucleus.store.rdbms.SQLController.processConnectionStatement(SQLController.java:675)
	at org.datanucleus.store.rdbms.SQLController.processStatementsForConnection(SQLController.java:643)
	at org.datanucleus.store.rdbms.SQLController$1.transactionFlushed(SQLController.java:729)
	at org.datanucleus.store.connection.AbstractManagedConnection.transactionFlushed(AbstractManagedConnection.java:95)
	at org.datanucleus.store.connection.ConnectionManagerImpl$2.transactionFlushed(ConnectionManagerImpl.java:528)
	at org.datanucleus.TransactionImpl.flush(TransactionImpl.java:222)
	at org.datanucleus.TransactionImpl.commit(TransactionImpl.java:286)
	at org.datanucleus.api.jdo.JDOTransaction.commit(JDOTransaction.java:99)
	at org.apache.hadoop.hive.metastore.ObjectStore.commitTransaction(ObjectStore.java:615)
	at sun.reflect.GeneratedMethodAccessor31.invoke(Unknown Source)
	at sun.reflect.DelegatingMethodAccessorImpl.invoke(DelegatingMethodAccessorImpl.java:43)
	at java.lang.reflect.Method.invoke(Method.java:498)
	at org.apache.hadoop.hive.metastore.RawStoreProxy.invoke(RawStoreProxy.java:97)
	at com.sun.proxy.$Proxy32.commitTransaction(Unknown Source)
	at org.apache.hadoop.hive.metastore.HMSHandler.drop_database_core(HMSHandler.java:1790)
	at org.apache.hadoop.hive.metastore.HMSHandler.drop_database(HMSHandler.java:1869)
	at sun.reflect.GeneratedMethodAccessor54.invoke(Unknown Source)
	at sun.reflect.DelegatingMethodAccessorImpl.invoke(DelegatingMethodAccessorImpl.java:43)
	at java.lang.reflect.Method.invoke(Method.java:498)
	at org.apache.hadoop.hive.metastore.RetryingHMSHandler.invokeInternal(RetryingHMSHandler.java:147)
	at org.apache.hadoop.hive.metastore.RetryingHMSHandler.invoke(RetryingHMSHandler.java:108)
	at com.sun.proxy.$Proxy35.drop_database(Unknown Source)
	at org.apache.hadoop.hive.metastore.HiveMetaStoreClient.dropDatabaseCascadePerDb(HiveMetaStoreClient.java:1601)
	at org.apache.hadoop.hive.metastore.HiveMetaStoreClient.dropDatabase(HiveMetaStoreClient.java:1532)
	at org.apache.hadoop.hive.metastore.HiveMetaStoreClient.dropDatabase(HiveMetaStoreClient.java:1485)
	at sun.reflect.NativeMethodAccessorImpl.invoke0(Native Method)
	at sun.reflect.NativeMethodAccessorImpl.invoke(NativeMethodAccessorImpl.java:62)
	at sun.reflect.DelegatingMethodAccessorImpl.invoke(DelegatingMethodAccessorImpl.java:43)
	at java.lang.reflect.Method.invoke(Method.java:498)
	at org.apache.hadoop.hive.metastore.RetryingMetaStoreClient.invoke(RetryingMetaStoreClient.java:218)
	at com.sun.proxy.$Proxy45.dropDatabase(Unknown Source)
	at org.apache.hadoop.hive.ql.metadata.Hive.dropDatabase(Hive.java:662)
	at org.apache.hadoop.hive.ql.ddl.database.drop.DropDatabaseOperation.execute(DropDatabaseOperation.java:52)
	at org.apache.hadoop.hive.ql.ddl.DDLTask.execute(DDLTask.java:84)
	at org.apache.hadoop.hive.ql.exec.Task.executeTask(Task.java:212)
	at org.apache.hadoop.hive.ql.exec.TaskRunner.runSequential(TaskRunner.java:105)
	at org.apache.hadoop.hive.ql.Executor.launchTask(Executor.java:361)
	at org.apache.hadoop.hive.ql.Executor.launchTasks(Executor.java:334)
	at org.apache.hadoop.hive.ql.Executor.runTasks(Executor.java:245)
	at org.apache.hadoop.hive.ql.Executor.execute(Executor.java:108)
	at org.apache.hadoop.hive.ql.Driver.execute(Driver.java:348)
	at org.apache.hadoop.hive.ql.Driver.runInternal(Driver.java:204)
	at org.apache.hadoop.hive.ql.Driver.run(Driver.java:153)
	at org.apache.hadoop.hive.ql.Driver.run(Driver.java:148)
	at org.apache.hadoop.hive.ql.reexec.ReExecDriver.run(ReExecDriver.java:164)
	at org.apache.hadoop.hive.ql.reexec.ReExecDriver.run(ReExecDriver.java:230)
	at org.apache.hive.hcatalog.pig.AbstractHCatLoaderTest.executeStatementOnDriver(AbstractHCatLoaderTest.java:151)
	at org.apache.hive.hcatalog.pig.AbstractHCatLoaderTest.tearDown(AbstractHCatLoaderTest.java:239)
	at sun.reflect.NativeMethodAccessorImpl.invoke0(Native Method)
	at sun.reflect.NativeMethodAccessorImpl.invoke(NativeMethodAccessorImpl.java:62)
	at sun.reflect.DelegatingMethodAccessorImpl.invoke(DelegatingMethodAccessorImpl.java:43)
	at java.lang.reflect.Method.invoke(Method.java:498)
	at org.junit.runners.model.FrameworkMethod$1.runReflectiveCall(FrameworkMethod.java:59)
	at org.junit.internal.runners.model.ReflectiveCallable.run(ReflectiveCallable.java:12)
	at org.junit.runners.model.FrameworkMethod.invokeExplosively(FrameworkMethod.java:56)
	at org.junit.internal.runners.statements.RunAfters.invokeMethod(RunAfters.java:46)
	at org.junit.internal.runners.statements.RunAfters.evaluate(RunAfters.java:33)
	at org.junit.runners.ParentRunner$3.evaluate(ParentRunner.java:306)
	at org.junit.runners.BlockJUnit4ClassRunner$1.evaluate(BlockJUnit4ClassRunner.java:100)
	at org.junit.runners.ParentRunner.runLeaf(ParentRunner.java:366)
	at org.junit.runners.BlockJUnit4ClassRunner.runChild(BlockJUnit4ClassRunner.java:103)
	at org.junit.runners.BlockJUnit4ClassRunner.runChild(BlockJUnit4ClassRunner.java:63)
	at org.junit.runners.ParentRunner$4.run(ParentRunner.java:331)
	at org.junit.runners.ParentRunner$1.schedule(ParentRunner.java:79)
	at org.junit.runners.ParentRunner.runChildren(ParentRunner.java:329)
	at org.junit.runners.ParentRunner.access$100(ParentRunner.java:66)
	at org.junit.runners.ParentRunner$2.evaluate(ParentRunner.java:293)
	at org.junit.internal.runners.statements.RunBefores.evaluate(RunBefores.java:26)
	at org.junit.runners.ParentRunner$3.evaluate(ParentRunner.java:306)
	at org.junit.runners.ParentRunner.run(ParentRunner.java:413)
	at org.junit.runners.Suite.runChild(Suite.java:128)
	at org.junit.runners.Suite.runChild(Suite.java:27)
	at org.junit.runners.ParentRunner$4.run(ParentRunner.java:331)
	at org.junit.runners.ParentRunner$1.schedule(ParentRunner.java:79)
	at org.junit.runners.ParentRunner.runChildren(ParentRunner.java:329)
	at org.junit.runners.ParentRunner.access$100(ParentRunner.java:66)
	at org.junit.runners.ParentRunner$2.evaluate(ParentRunner.java:293)
	at org.junit.runners.ParentRunner$3.evaluate(ParentRunner.java:306)
	at org.junit.runners.ParentRunner.run(ParentRunner.java:413)
	at org.apache.maven.surefire.junitcore.JUnitCore.run(JUnitCore.java:55)
	at org.apache.maven.surefire.junitcore.JUnitCoreWrapper.createRequestAndRun(JUnitCoreWrapper.java:137)
	at org.apache.maven.surefire.junitcore.JUnitCoreWrapper.executeEager(JUnitCoreWrapper.java:107)
	at org.apache.maven.surefire.junitcore.JUnitCoreWrapper.execute(JUnitCoreWrapper.java:83)
	at org.apache.maven.surefire.junitcore.JUnitCoreWrapper.execute(JUnitCoreWrapper.java:75)
	at org.apache.maven.surefire.junitcore.JUnitCoreProvider.invoke(JUnitCoreProvider.java:158)
	at org.apache.maven.surefire.booter.ForkedBooter.runSuitesInProcess(ForkedBooter.java:377)
	at org.apache.maven.surefire.booter.ForkedBooter.execute(ForkedBooter.java:138)
	at org.apache.maven.surefire.booter.ForkedBooter.run(ForkedBooter.java:465)
	at org.apache.maven.surefire.booter.ForkedBooter.main(ForkedBooter.java:451)
Caused by: org.apache.derby.shared.common.error.DerbySQLIntegrityConstraintViolationException: DELETE on table 'DBS' caused a violation of foreign key constraint 'TBLS_FK1' for key (3).  The statement has been rolled back.
	at org.apache.derby.impl.jdbc.SQLExceptionFactory.getSQLException(Unknown Source)
	at org.apache.derby.impl.jdbc.Util.generateCsSQLException(Unknown Source)
	at org.apache.derby.impl.jdbc.TransactionResourceImpl.wrapInSQLException(Unknown Source)
	at org.apache.derby.impl.jdbc.TransactionResourceImpl.handleException(Unknown Source)
	at org.apache.derby.impl.jdbc.EmbedConnection.handleException(Unknown Source)
	at org.apache.derby.impl.jdbc.ConnectionChild.handleException(Unknown Source)
	at org.apache.derby.impl.jdbc.EmbedStatement.executeStatement(Unknown Source)
	at org.apache.derby.impl.jdbc.EmbedPreparedStatement.executeBatchElement(Unknown Source)
	... 94 more
Caused by: ERROR 23503: DELETE on table 'DBS' caused a violation of foreign key constraint 'TBLS_FK1' for key (3).  The statement has been rolled back.
	at org.apache.derby.iapi.error.StandardException.newException(Unknown Source)
	at org.apache.derby.iapi.error.StandardException.newException(Unknown Source)
	at org.apache.derby.impl.sql.execute.ReferencedKeyRIChecker.doCheck(Unknown Source)
	at org.apache.derby.impl.sql.execute.RISetChecker.doPKCheck(Unknown Source)
	at org.apache.derby.impl.sql.execute.DeleteResultSet.collectAffectedRows(Unknown Source)
	at org.apache.derby.impl.sql.execute.DeleteResultSet.open(Unknown Source)
	at org.apache.derby.impl.sql.GenericPreparedStatement.executeStmt(Unknown Source)
	at org.apache.derby.impl.sql.GenericPreparedStatement.execute(Unknown Source)
	... 96 more

2024-04-24T11:28:26,512  INFO [main] HiveMetaStore.audit: ugi=alex	ip=unknown-ip-addr	cmd=drop_database: @hive#junit_specific_db	
2024-04-24T11:28:26,515  INFO [main] HiveMetaStore.audit: ugi=alex	ip=unknown-ip-addr	cmd=get_all_tables: db=@hive#junit_specific_db	
2024-04-24T11:28:26,516  INFO [main] HiveMetaStore.audit: ugi=alex	ip=unknown-ip-addr	cmd=get_functions: db=@hive#junit_specific_db pat=*	
2024-04-24T11:28:26,519  INFO [main] HiveMetaStore.audit: ugi=alex	ip=unknown-ip-addr	cmd=get_all_stored_procedures	
2024-04-24T11:28:26,520  INFO [main] HiveMetaStore.audit: ugi=alex	ip=unknown-ip-addr	cmd=get_all_packages	
2024-04-24T11:28:26,521  INFO [main] HiveMetaStore.audit: ugi=alex	ip=unknown-ip-addr	cmd=getTablesByTypeCore: catName=hive: db=junit_specific_db pat=.*,type=MATERIALIZED_VIEW	
2024-04-24T11:28:26,526  INFO [main] metastore.ObjectStore: Dropping database hive.junit_specific_db along with all tables
2024-04-24T11:28:26,534  INFO [main] txn.TxnHandler: Non-retryable error in cleanupRecords : Table/View 'TXN_COMPONENTS' does not exist. (SQLState=42X05, ErrorCode=20000)
2024-04-24T11:28:26,534  WARN [main] txn.TxnHandler: Cannot perform cleanup since metastore table does not exist
2024-04-24T11:28:26,536 ERROR [main] metastore.RetryingHMSHandler: Retrying HMSHandler after 2000 ms (attempt 6 of 10) with error: javax.jdo.JDODataStoreException: Exception thrown flushing changes to datastore
	at org.datanucleus.api.jdo.NucleusJDOHelper.getJDOExceptionForNucleusException(NucleusJDOHelper.java:542)
	at org.datanucleus.api.jdo.JDOTransaction.commit(JDOTransaction.java:162)
	at org.apache.hadoop.hive.metastore.ObjectStore.commitTransaction(ObjectStore.java:615)
	at sun.reflect.GeneratedMethodAccessor31.invoke(Unknown Source)
	at sun.reflect.DelegatingMethodAccessorImpl.invoke(DelegatingMethodAccessorImpl.java:43)
	at java.lang.reflect.Method.invoke(Method.java:498)
	at org.apache.hadoop.hive.metastore.RawStoreProxy.invoke(RawStoreProxy.java:97)
	at com.sun.proxy.$Proxy32.commitTransaction(Unknown Source)
	at org.apache.hadoop.hive.metastore.HMSHandler.drop_database_core(HMSHandler.java:1790)
	at org.apache.hadoop.hive.metastore.HMSHandler.drop_database(HMSHandler.java:1869)
	at sun.reflect.GeneratedMethodAccessor54.invoke(Unknown Source)
	at sun.reflect.DelegatingMethodAccessorImpl.invoke(DelegatingMethodAccessorImpl.java:43)
	at java.lang.reflect.Method.invoke(Method.java:498)
	at org.apache.hadoop.hive.metastore.RetryingHMSHandler.invokeInternal(RetryingHMSHandler.java:147)
	at org.apache.hadoop.hive.metastore.RetryingHMSHandler.invoke(RetryingHMSHandler.java:108)
	at com.sun.proxy.$Proxy35.drop_database(Unknown Source)
	at org.apache.hadoop.hive.metastore.HiveMetaStoreClient.dropDatabaseCascadePerDb(HiveMetaStoreClient.java:1601)
	at org.apache.hadoop.hive.metastore.HiveMetaStoreClient.dropDatabase(HiveMetaStoreClient.java:1532)
	at org.apache.hadoop.hive.metastore.HiveMetaStoreClient.dropDatabase(HiveMetaStoreClient.java:1485)
	at sun.reflect.NativeMethodAccessorImpl.invoke0(Native Method)
	at sun.reflect.NativeMethodAccessorImpl.invoke(NativeMethodAccessorImpl.java:62)
	at sun.reflect.DelegatingMethodAccessorImpl.invoke(DelegatingMethodAccessorImpl.java:43)
	at java.lang.reflect.Method.invoke(Method.java:498)
	at org.apache.hadoop.hive.metastore.RetryingMetaStoreClient.invoke(RetryingMetaStoreClient.java:218)
	at com.sun.proxy.$Proxy45.dropDatabase(Unknown Source)
	at org.apache.hadoop.hive.ql.metadata.Hive.dropDatabase(Hive.java:662)
	at org.apache.hadoop.hive.ql.ddl.database.drop.DropDatabaseOperation.execute(DropDatabaseOperation.java:52)
	at org.apache.hadoop.hive.ql.ddl.DDLTask.execute(DDLTask.java:84)
	at org.apache.hadoop.hive.ql.exec.Task.executeTask(Task.java:212)
	at org.apache.hadoop.hive.ql.exec.TaskRunner.runSequential(TaskRunner.java:105)
	at org.apache.hadoop.hive.ql.Executor.launchTask(Executor.java:361)
	at org.apache.hadoop.hive.ql.Executor.launchTasks(Executor.java:334)
	at org.apache.hadoop.hive.ql.Executor.runTasks(Executor.java:245)
	at org.apache.hadoop.hive.ql.Executor.execute(Executor.java:108)
	at org.apache.hadoop.hive.ql.Driver.execute(Driver.java:348)
	at org.apache.hadoop.hive.ql.Driver.runInternal(Driver.java:204)
	at org.apache.hadoop.hive.ql.Driver.run(Driver.java:153)
	at org.apache.hadoop.hive.ql.Driver.run(Driver.java:148)
	at org.apache.hadoop.hive.ql.reexec.ReExecDriver.run(ReExecDriver.java:164)
	at org.apache.hadoop.hive.ql.reexec.ReExecDriver.run(ReExecDriver.java:230)
	at org.apache.hive.hcatalog.pig.AbstractHCatLoaderTest.executeStatementOnDriver(AbstractHCatLoaderTest.java:151)
	at org.apache.hive.hcatalog.pig.AbstractHCatLoaderTest.tearDown(AbstractHCatLoaderTest.java:239)
	at sun.reflect.NativeMethodAccessorImpl.invoke0(Native Method)
	at sun.reflect.NativeMethodAccessorImpl.invoke(NativeMethodAccessorImpl.java:62)
	at sun.reflect.DelegatingMethodAccessorImpl.invoke(DelegatingMethodAccessorImpl.java:43)
	at java.lang.reflect.Method.invoke(Method.java:498)
	at org.junit.runners.model.FrameworkMethod$1.runReflectiveCall(FrameworkMethod.java:59)
	at org.junit.internal.runners.model.ReflectiveCallable.run(ReflectiveCallable.java:12)
	at org.junit.runners.model.FrameworkMethod.invokeExplosively(FrameworkMethod.java:56)
	at org.junit.internal.runners.statements.RunAfters.invokeMethod(RunAfters.java:46)
	at org.junit.internal.runners.statements.RunAfters.evaluate(RunAfters.java:33)
	at org.junit.runners.ParentRunner$3.evaluate(ParentRunner.java:306)
	at org.junit.runners.BlockJUnit4ClassRunner$1.evaluate(BlockJUnit4ClassRunner.java:100)
	at org.junit.runners.ParentRunner.runLeaf(ParentRunner.java:366)
	at org.junit.runners.BlockJUnit4ClassRunner.runChild(BlockJUnit4ClassRunner.java:103)
	at org.junit.runners.BlockJUnit4ClassRunner.runChild(BlockJUnit4ClassRunner.java:63)
	at org.junit.runners.ParentRunner$4.run(ParentRunner.java:331)
	at org.junit.runners.ParentRunner$1.schedule(ParentRunner.java:79)
	at org.junit.runners.ParentRunner.runChildren(ParentRunner.java:329)
	at org.junit.runners.ParentRunner.access$100(ParentRunner.java:66)
	at org.junit.runners.ParentRunner$2.evaluate(ParentRunner.java:293)
	at org.junit.internal.runners.statements.RunBefores.evaluate(RunBefores.java:26)
	at org.junit.runners.ParentRunner$3.evaluate(ParentRunner.java:306)
	at org.junit.runners.ParentRunner.run(ParentRunner.java:413)
	at org.junit.runners.Suite.runChild(Suite.java:128)
	at org.junit.runners.Suite.runChild(Suite.java:27)
	at org.junit.runners.ParentRunner$4.run(ParentRunner.java:331)
	at org.junit.runners.ParentRunner$1.schedule(ParentRunner.java:79)
	at org.junit.runners.ParentRunner.runChildren(ParentRunner.java:329)
	at org.junit.runners.ParentRunner.access$100(ParentRunner.java:66)
	at org.junit.runners.ParentRunner$2.evaluate(ParentRunner.java:293)
	at org.junit.runners.ParentRunner$3.evaluate(ParentRunner.java:306)
	at org.junit.runners.ParentRunner.run(ParentRunner.java:413)
	at org.apache.maven.surefire.junitcore.JUnitCore.run(JUnitCore.java:55)
	at org.apache.maven.surefire.junitcore.JUnitCoreWrapper.createRequestAndRun(JUnitCoreWrapper.java:137)
	at org.apache.maven.surefire.junitcore.JUnitCoreWrapper.executeEager(JUnitCoreWrapper.java:107)
	at org.apache.maven.surefire.junitcore.JUnitCoreWrapper.execute(JUnitCoreWrapper.java:83)
	at org.apache.maven.surefire.junitcore.JUnitCoreWrapper.execute(JUnitCoreWrapper.java:75)
	at org.apache.maven.surefire.junitcore.JUnitCoreProvider.invoke(JUnitCoreProvider.java:158)
	at org.apache.maven.surefire.booter.ForkedBooter.runSuitesInProcess(ForkedBooter.java:377)
	at org.apache.maven.surefire.booter.ForkedBooter.execute(ForkedBooter.java:138)
	at org.apache.maven.surefire.booter.ForkedBooter.run(ForkedBooter.java:465)
	at org.apache.maven.surefire.booter.ForkedBooter.main(ForkedBooter.java:451)
NestedThrowablesStackTrace:
java.sql.BatchUpdateException: DELETE on table 'DBS' caused a violation of foreign key constraint 'TBLS_FK1' for key (3).  The statement has been rolled back.
	at org.apache.derby.impl.jdbc.EmbedStatement.executeLargeBatch(Unknown Source)
	at org.apache.derby.impl.jdbc.EmbedStatement.executeBatch(Unknown Source)
	at com.zaxxer.hikari.pool.ProxyStatement.executeBatch(ProxyStatement.java:128)
	at com.zaxxer.hikari.pool.HikariProxyPreparedStatement.executeBatch(HikariProxyPreparedStatement.java)
	at org.datanucleus.store.rdbms.ParamLoggingPreparedStatement.executeBatch(ParamLoggingPreparedStatement.java:366)
	at org.datanucleus.store.rdbms.SQLController.processConnectionStatement(SQLController.java:675)
	at org.datanucleus.store.rdbms.SQLController.processStatementsForConnection(SQLController.java:643)
	at org.datanucleus.store.rdbms.SQLController$1.transactionFlushed(SQLController.java:729)
	at org.datanucleus.store.connection.AbstractManagedConnection.transactionFlushed(AbstractManagedConnection.java:95)
	at org.datanucleus.store.connection.ConnectionManagerImpl$2.transactionFlushed(ConnectionManagerImpl.java:528)
	at org.datanucleus.TransactionImpl.flush(TransactionImpl.java:222)
	at org.datanucleus.TransactionImpl.commit(TransactionImpl.java:286)
	at org.datanucleus.api.jdo.JDOTransaction.commit(JDOTransaction.java:99)
	at org.apache.hadoop.hive.metastore.ObjectStore.commitTransaction(ObjectStore.java:615)
	at sun.reflect.GeneratedMethodAccessor31.invoke(Unknown Source)
	at sun.reflect.DelegatingMethodAccessorImpl.invoke(DelegatingMethodAccessorImpl.java:43)
	at java.lang.reflect.Method.invoke(Method.java:498)
	at org.apache.hadoop.hive.metastore.RawStoreProxy.invoke(RawStoreProxy.java:97)
	at com.sun.proxy.$Proxy32.commitTransaction(Unknown Source)
	at org.apache.hadoop.hive.metastore.HMSHandler.drop_database_core(HMSHandler.java:1790)
	at org.apache.hadoop.hive.metastore.HMSHandler.drop_database(HMSHandler.java:1869)
	at sun.reflect.GeneratedMethodAccessor54.invoke(Unknown Source)
	at sun.reflect.DelegatingMethodAccessorImpl.invoke(DelegatingMethodAccessorImpl.java:43)
	at java.lang.reflect.Method.invoke(Method.java:498)
	at org.apache.hadoop.hive.metastore.RetryingHMSHandler.invokeInternal(RetryingHMSHandler.java:147)
	at org.apache.hadoop.hive.metastore.RetryingHMSHandler.invoke(RetryingHMSHandler.java:108)
	at com.sun.proxy.$Proxy35.drop_database(Unknown Source)
	at org.apache.hadoop.hive.metastore.HiveMetaStoreClient.dropDatabaseCascadePerDb(HiveMetaStoreClient.java:1601)
	at org.apache.hadoop.hive.metastore.HiveMetaStoreClient.dropDatabase(HiveMetaStoreClient.java:1532)
	at org.apache.hadoop.hive.metastore.HiveMetaStoreClient.dropDatabase(HiveMetaStoreClient.java:1485)
	at sun.reflect.NativeMethodAccessorImpl.invoke0(Native Method)
	at sun.reflect.NativeMethodAccessorImpl.invoke(NativeMethodAccessorImpl.java:62)
	at sun.reflect.DelegatingMethodAccessorImpl.invoke(DelegatingMethodAccessorImpl.java:43)
	at java.lang.reflect.Method.invoke(Method.java:498)
	at org.apache.hadoop.hive.metastore.RetryingMetaStoreClient.invoke(RetryingMetaStoreClient.java:218)
	at com.sun.proxy.$Proxy45.dropDatabase(Unknown Source)
	at org.apache.hadoop.hive.ql.metadata.Hive.dropDatabase(Hive.java:662)
	at org.apache.hadoop.hive.ql.ddl.database.drop.DropDatabaseOperation.execute(DropDatabaseOperation.java:52)
	at org.apache.hadoop.hive.ql.ddl.DDLTask.execute(DDLTask.java:84)
	at org.apache.hadoop.hive.ql.exec.Task.executeTask(Task.java:212)
	at org.apache.hadoop.hive.ql.exec.TaskRunner.runSequential(TaskRunner.java:105)
	at org.apache.hadoop.hive.ql.Executor.launchTask(Executor.java:361)
	at org.apache.hadoop.hive.ql.Executor.launchTasks(Executor.java:334)
	at org.apache.hadoop.hive.ql.Executor.runTasks(Executor.java:245)
	at org.apache.hadoop.hive.ql.Executor.execute(Executor.java:108)
	at org.apache.hadoop.hive.ql.Driver.execute(Driver.java:348)
	at org.apache.hadoop.hive.ql.Driver.runInternal(Driver.java:204)
	at org.apache.hadoop.hive.ql.Driver.run(Driver.java:153)
	at org.apache.hadoop.hive.ql.Driver.run(Driver.java:148)
	at org.apache.hadoop.hive.ql.reexec.ReExecDriver.run(ReExecDriver.java:164)
	at org.apache.hadoop.hive.ql.reexec.ReExecDriver.run(ReExecDriver.java:230)
	at org.apache.hive.hcatalog.pig.AbstractHCatLoaderTest.executeStatementOnDriver(AbstractHCatLoaderTest.java:151)
	at org.apache.hive.hcatalog.pig.AbstractHCatLoaderTest.tearDown(AbstractHCatLoaderTest.java:239)
	at sun.reflect.NativeMethodAccessorImpl.invoke0(Native Method)
	at sun.reflect.NativeMethodAccessorImpl.invoke(NativeMethodAccessorImpl.java:62)
	at sun.reflect.DelegatingMethodAccessorImpl.invoke(DelegatingMethodAccessorImpl.java:43)
	at java.lang.reflect.Method.invoke(Method.java:498)
	at org.junit.runners.model.FrameworkMethod$1.runReflectiveCall(FrameworkMethod.java:59)
	at org.junit.internal.runners.model.ReflectiveCallable.run(ReflectiveCallable.java:12)
	at org.junit.runners.model.FrameworkMethod.invokeExplosively(FrameworkMethod.java:56)
	at org.junit.internal.runners.statements.RunAfters.invokeMethod(RunAfters.java:46)
	at org.junit.internal.runners.statements.RunAfters.evaluate(RunAfters.java:33)
	at org.junit.runners.ParentRunner$3.evaluate(ParentRunner.java:306)
	at org.junit.runners.BlockJUnit4ClassRunner$1.evaluate(BlockJUnit4ClassRunner.java:100)
	at org.junit.runners.ParentRunner.runLeaf(ParentRunner.java:366)
	at org.junit.runners.BlockJUnit4ClassRunner.runChild(BlockJUnit4ClassRunner.java:103)
	at org.junit.runners.BlockJUnit4ClassRunner.runChild(BlockJUnit4ClassRunner.java:63)
	at org.junit.runners.ParentRunner$4.run(ParentRunner.java:331)
	at org.junit.runners.ParentRunner$1.schedule(ParentRunner.java:79)
	at org.junit.runners.ParentRunner.runChildren(ParentRunner.java:329)
	at org.junit.runners.ParentRunner.access$100(ParentRunner.java:66)
	at org.junit.runners.ParentRunner$2.evaluate(ParentRunner.java:293)
	at org.junit.internal.runners.statements.RunBefores.evaluate(RunBefores.java:26)
	at org.junit.runners.ParentRunner$3.evaluate(ParentRunner.java:306)
	at org.junit.runners.ParentRunner.run(ParentRunner.java:413)
	at org.junit.runners.Suite.runChild(Suite.java:128)
	at org.junit.runners.Suite.runChild(Suite.java:27)
	at org.junit.runners.ParentRunner$4.run(ParentRunner.java:331)
	at org.junit.runners.ParentRunner$1.schedule(ParentRunner.java:79)
	at org.junit.runners.ParentRunner.runChildren(ParentRunner.java:329)
	at org.junit.runners.ParentRunner.access$100(ParentRunner.java:66)
	at org.junit.runners.ParentRunner$2.evaluate(ParentRunner.java:293)
	at org.junit.runners.ParentRunner$3.evaluate(ParentRunner.java:306)
	at org.junit.runners.ParentRunner.run(ParentRunner.java:413)
	at org.apache.maven.surefire.junitcore.JUnitCore.run(JUnitCore.java:55)
	at org.apache.maven.surefire.junitcore.JUnitCoreWrapper.createRequestAndRun(JUnitCoreWrapper.java:137)
	at org.apache.maven.surefire.junitcore.JUnitCoreWrapper.executeEager(JUnitCoreWrapper.java:107)
	at org.apache.maven.surefire.junitcore.JUnitCoreWrapper.execute(JUnitCoreWrapper.java:83)
	at org.apache.maven.surefire.junitcore.JUnitCoreWrapper.execute(JUnitCoreWrapper.java:75)
	at org.apache.maven.surefire.junitcore.JUnitCoreProvider.invoke(JUnitCoreProvider.java:158)
	at org.apache.maven.surefire.booter.ForkedBooter.runSuitesInProcess(ForkedBooter.java:377)
	at org.apache.maven.surefire.booter.ForkedBooter.execute(ForkedBooter.java:138)
	at org.apache.maven.surefire.booter.ForkedBooter.run(ForkedBooter.java:465)
	at org.apache.maven.surefire.booter.ForkedBooter.main(ForkedBooter.java:451)
Caused by: org.apache.derby.shared.common.error.DerbySQLIntegrityConstraintViolationException: DELETE on table 'DBS' caused a violation of foreign key constraint 'TBLS_FK1' for key (3).  The statement has been rolled back.
	at org.apache.derby.impl.jdbc.SQLExceptionFactory.getSQLException(Unknown Source)
	at org.apache.derby.impl.jdbc.Util.generateCsSQLException(Unknown Source)
	at org.apache.derby.impl.jdbc.TransactionResourceImpl.wrapInSQLException(Unknown Source)
	at org.apache.derby.impl.jdbc.TransactionResourceImpl.handleException(Unknown Source)
	at org.apache.derby.impl.jdbc.EmbedConnection.handleException(Unknown Source)
	at org.apache.derby.impl.jdbc.ConnectionChild.handleException(Unknown Source)
	at org.apache.derby.impl.jdbc.EmbedStatement.executeStatement(Unknown Source)
	at org.apache.derby.impl.jdbc.EmbedPreparedStatement.executeBatchElement(Unknown Source)
	... 94 more
Caused by: ERROR 23503: DELETE on table 'DBS' caused a violation of foreign key constraint 'TBLS_FK1' for key (3).  The statement has been rolled back.
	at org.apache.derby.iapi.error.StandardException.newException(Unknown Source)
	at org.apache.derby.iapi.error.StandardException.newException(Unknown Source)
	at org.apache.derby.impl.sql.execute.ReferencedKeyRIChecker.doCheck(Unknown Source)
	at org.apache.derby.impl.sql.execute.RISetChecker.doPKCheck(Unknown Source)
	at org.apache.derby.impl.sql.execute.DeleteResultSet.collectAffectedRows(Unknown Source)
	at org.apache.derby.impl.sql.execute.DeleteResultSet.open(Unknown Source)
	at org.apache.derby.impl.sql.GenericPreparedStatement.executeStmt(Unknown Source)
	at org.apache.derby.impl.sql.GenericPreparedStatement.execute(Unknown Source)
	... 96 more

2024-04-24T11:28:28,536  INFO [main] HiveMetaStore.audit: ugi=alex	ip=unknown-ip-addr	cmd=drop_database: @hive#junit_specific_db	
2024-04-24T11:28:28,541  INFO [main] HiveMetaStore.audit: ugi=alex	ip=unknown-ip-addr	cmd=get_all_tables: db=@hive#junit_specific_db	
2024-04-24T11:28:28,542  INFO [main] HiveMetaStore.audit: ugi=alex	ip=unknown-ip-addr	cmd=get_functions: db=@hive#junit_specific_db pat=*	
2024-04-24T11:28:28,544  INFO [main] HiveMetaStore.audit: ugi=alex	ip=unknown-ip-addr	cmd=get_all_stored_procedures	
2024-04-24T11:28:28,545  INFO [main] HiveMetaStore.audit: ugi=alex	ip=unknown-ip-addr	cmd=get_all_packages	
2024-04-24T11:28:28,547  INFO [main] HiveMetaStore.audit: ugi=alex	ip=unknown-ip-addr	cmd=getTablesByTypeCore: catName=hive: db=junit_specific_db pat=.*,type=MATERIALIZED_VIEW	
2024-04-24T11:28:28,551  INFO [main] metastore.ObjectStore: Dropping database hive.junit_specific_db along with all tables
2024-04-24T11:28:28,559  INFO [main] txn.TxnHandler: Non-retryable error in cleanupRecords : Table/View 'TXN_COMPONENTS' does not exist. (SQLState=42X05, ErrorCode=20000)
2024-04-24T11:28:28,559  WARN [main] txn.TxnHandler: Cannot perform cleanup since metastore table does not exist
2024-04-24T11:28:28,560 ERROR [main] metastore.RetryingHMSHandler: Retrying HMSHandler after 2000 ms (attempt 7 of 10) with error: javax.jdo.JDODataStoreException: Exception thrown flushing changes to datastore
	at org.datanucleus.api.jdo.NucleusJDOHelper.getJDOExceptionForNucleusException(NucleusJDOHelper.java:542)
	at org.datanucleus.api.jdo.JDOTransaction.commit(JDOTransaction.java:162)
	at org.apache.hadoop.hive.metastore.ObjectStore.commitTransaction(ObjectStore.java:615)
	at sun.reflect.GeneratedMethodAccessor31.invoke(Unknown Source)
	at sun.reflect.DelegatingMethodAccessorImpl.invoke(DelegatingMethodAccessorImpl.java:43)
	at java.lang.reflect.Method.invoke(Method.java:498)
	at org.apache.hadoop.hive.metastore.RawStoreProxy.invoke(RawStoreProxy.java:97)
	at com.sun.proxy.$Proxy32.commitTransaction(Unknown Source)
	at org.apache.hadoop.hive.metastore.HMSHandler.drop_database_core(HMSHandler.java:1790)
	at org.apache.hadoop.hive.metastore.HMSHandler.drop_database(HMSHandler.java:1869)
	at sun.reflect.GeneratedMethodAccessor54.invoke(Unknown Source)
	at sun.reflect.DelegatingMethodAccessorImpl.invoke(DelegatingMethodAccessorImpl.java:43)
	at java.lang.reflect.Method.invoke(Method.java:498)
	at org.apache.hadoop.hive.metastore.RetryingHMSHandler.invokeInternal(RetryingHMSHandler.java:147)
	at org.apache.hadoop.hive.metastore.RetryingHMSHandler.invoke(RetryingHMSHandler.java:108)
	at com.sun.proxy.$Proxy35.drop_database(Unknown Source)
	at org.apache.hadoop.hive.metastore.HiveMetaStoreClient.dropDatabaseCascadePerDb(HiveMetaStoreClient.java:1601)
	at org.apache.hadoop.hive.metastore.HiveMetaStoreClient.dropDatabase(HiveMetaStoreClient.java:1532)
	at org.apache.hadoop.hive.metastore.HiveMetaStoreClient.dropDatabase(HiveMetaStoreClient.java:1485)
	at sun.reflect.NativeMethodAccessorImpl.invoke0(Native Method)
	at sun.reflect.NativeMethodAccessorImpl.invoke(NativeMethodAccessorImpl.java:62)
	at sun.reflect.DelegatingMethodAccessorImpl.invoke(DelegatingMethodAccessorImpl.java:43)
	at java.lang.reflect.Method.invoke(Method.java:498)
	at org.apache.hadoop.hive.metastore.RetryingMetaStoreClient.invoke(RetryingMetaStoreClient.java:218)
	at com.sun.proxy.$Proxy45.dropDatabase(Unknown Source)
	at org.apache.hadoop.hive.ql.metadata.Hive.dropDatabase(Hive.java:662)
	at org.apache.hadoop.hive.ql.ddl.database.drop.DropDatabaseOperation.execute(DropDatabaseOperation.java:52)
	at org.apache.hadoop.hive.ql.ddl.DDLTask.execute(DDLTask.java:84)
	at org.apache.hadoop.hive.ql.exec.Task.executeTask(Task.java:212)
	at org.apache.hadoop.hive.ql.exec.TaskRunner.runSequential(TaskRunner.java:105)
	at org.apache.hadoop.hive.ql.Executor.launchTask(Executor.java:361)
	at org.apache.hadoop.hive.ql.Executor.launchTasks(Executor.java:334)
	at org.apache.hadoop.hive.ql.Executor.runTasks(Executor.java:245)
	at org.apache.hadoop.hive.ql.Executor.execute(Executor.java:108)
	at org.apache.hadoop.hive.ql.Driver.execute(Driver.java:348)
	at org.apache.hadoop.hive.ql.Driver.runInternal(Driver.java:204)
	at org.apache.hadoop.hive.ql.Driver.run(Driver.java:153)
	at org.apache.hadoop.hive.ql.Driver.run(Driver.java:148)
	at org.apache.hadoop.hive.ql.reexec.ReExecDriver.run(ReExecDriver.java:164)
	at org.apache.hadoop.hive.ql.reexec.ReExecDriver.run(ReExecDriver.java:230)
	at org.apache.hive.hcatalog.pig.AbstractHCatLoaderTest.executeStatementOnDriver(AbstractHCatLoaderTest.java:151)
	at org.apache.hive.hcatalog.pig.AbstractHCatLoaderTest.tearDown(AbstractHCatLoaderTest.java:239)
	at sun.reflect.NativeMethodAccessorImpl.invoke0(Native Method)
	at sun.reflect.NativeMethodAccessorImpl.invoke(NativeMethodAccessorImpl.java:62)
	at sun.reflect.DelegatingMethodAccessorImpl.invoke(DelegatingMethodAccessorImpl.java:43)
	at java.lang.reflect.Method.invoke(Method.java:498)
	at org.junit.runners.model.FrameworkMethod$1.runReflectiveCall(FrameworkMethod.java:59)
	at org.junit.internal.runners.model.ReflectiveCallable.run(ReflectiveCallable.java:12)
	at org.junit.runners.model.FrameworkMethod.invokeExplosively(FrameworkMethod.java:56)
	at org.junit.internal.runners.statements.RunAfters.invokeMethod(RunAfters.java:46)
	at org.junit.internal.runners.statements.RunAfters.evaluate(RunAfters.java:33)
	at org.junit.runners.ParentRunner$3.evaluate(ParentRunner.java:306)
	at org.junit.runners.BlockJUnit4ClassRunner$1.evaluate(BlockJUnit4ClassRunner.java:100)
	at org.junit.runners.ParentRunner.runLeaf(ParentRunner.java:366)
	at org.junit.runners.BlockJUnit4ClassRunner.runChild(BlockJUnit4ClassRunner.java:103)
	at org.junit.runners.BlockJUnit4ClassRunner.runChild(BlockJUnit4ClassRunner.java:63)
	at org.junit.runners.ParentRunner$4.run(ParentRunner.java:331)
	at org.junit.runners.ParentRunner$1.schedule(ParentRunner.java:79)
	at org.junit.runners.ParentRunner.runChildren(ParentRunner.java:329)
	at org.junit.runners.ParentRunner.access$100(ParentRunner.java:66)
	at org.junit.runners.ParentRunner$2.evaluate(ParentRunner.java:293)
	at org.junit.internal.runners.statements.RunBefores.evaluate(RunBefores.java:26)
	at org.junit.runners.ParentRunner$3.evaluate(ParentRunner.java:306)
	at org.junit.runners.ParentRunner.run(ParentRunner.java:413)
	at org.junit.runners.Suite.runChild(Suite.java:128)
	at org.junit.runners.Suite.runChild(Suite.java:27)
	at org.junit.runners.ParentRunner$4.run(ParentRunner.java:331)
	at org.junit.runners.ParentRunner$1.schedule(ParentRunner.java:79)
	at org.junit.runners.ParentRunner.runChildren(ParentRunner.java:329)
	at org.junit.runners.ParentRunner.access$100(ParentRunner.java:66)
	at org.junit.runners.ParentRunner$2.evaluate(ParentRunner.java:293)
	at org.junit.runners.ParentRunner$3.evaluate(ParentRunner.java:306)
	at org.junit.runners.ParentRunner.run(ParentRunner.java:413)
	at org.apache.maven.surefire.junitcore.JUnitCore.run(JUnitCore.java:55)
	at org.apache.maven.surefire.junitcore.JUnitCoreWrapper.createRequestAndRun(JUnitCoreWrapper.java:137)
	at org.apache.maven.surefire.junitcore.JUnitCoreWrapper.executeEager(JUnitCoreWrapper.java:107)
	at org.apache.maven.surefire.junitcore.JUnitCoreWrapper.execute(JUnitCoreWrapper.java:83)
	at org.apache.maven.surefire.junitcore.JUnitCoreWrapper.execute(JUnitCoreWrapper.java:75)
	at org.apache.maven.surefire.junitcore.JUnitCoreProvider.invoke(JUnitCoreProvider.java:158)
	at org.apache.maven.surefire.booter.ForkedBooter.runSuitesInProcess(ForkedBooter.java:377)
	at org.apache.maven.surefire.booter.ForkedBooter.execute(ForkedBooter.java:138)
	at org.apache.maven.surefire.booter.ForkedBooter.run(ForkedBooter.java:465)
	at org.apache.maven.surefire.booter.ForkedBooter.main(ForkedBooter.java:451)
NestedThrowablesStackTrace:
java.sql.BatchUpdateException: DELETE on table 'DBS' caused a violation of foreign key constraint 'TBLS_FK1' for key (3).  The statement has been rolled back.
	at org.apache.derby.impl.jdbc.EmbedStatement.executeLargeBatch(Unknown Source)
	at org.apache.derby.impl.jdbc.EmbedStatement.executeBatch(Unknown Source)
	at com.zaxxer.hikari.pool.ProxyStatement.executeBatch(ProxyStatement.java:128)
	at com.zaxxer.hikari.pool.HikariProxyPreparedStatement.executeBatch(HikariProxyPreparedStatement.java)
	at org.datanucleus.store.rdbms.ParamLoggingPreparedStatement.executeBatch(ParamLoggingPreparedStatement.java:366)
	at org.datanucleus.store.rdbms.SQLController.processConnectionStatement(SQLController.java:675)
	at org.datanucleus.store.rdbms.SQLController.processStatementsForConnection(SQLController.java:643)
	at org.datanucleus.store.rdbms.SQLController$1.transactionFlushed(SQLController.java:729)
	at org.datanucleus.store.connection.AbstractManagedConnection.transactionFlushed(AbstractManagedConnection.java:95)
	at org.datanucleus.store.connection.ConnectionManagerImpl$2.transactionFlushed(ConnectionManagerImpl.java:528)
	at org.datanucleus.TransactionImpl.flush(TransactionImpl.java:222)
	at org.datanucleus.TransactionImpl.commit(TransactionImpl.java:286)
	at org.datanucleus.api.jdo.JDOTransaction.commit(JDOTransaction.java:99)
	at org.apache.hadoop.hive.metastore.ObjectStore.commitTransaction(ObjectStore.java:615)
	at sun.reflect.GeneratedMethodAccessor31.invoke(Unknown Source)
	at sun.reflect.DelegatingMethodAccessorImpl.invoke(DelegatingMethodAccessorImpl.java:43)
	at java.lang.reflect.Method.invoke(Method.java:498)
	at org.apache.hadoop.hive.metastore.RawStoreProxy.invoke(RawStoreProxy.java:97)
	at com.sun.proxy.$Proxy32.commitTransaction(Unknown Source)
	at org.apache.hadoop.hive.metastore.HMSHandler.drop_database_core(HMSHandler.java:1790)
	at org.apache.hadoop.hive.metastore.HMSHandler.drop_database(HMSHandler.java:1869)
	at sun.reflect.GeneratedMethodAccessor54.invoke(Unknown Source)
	at sun.reflect.DelegatingMethodAccessorImpl.invoke(DelegatingMethodAccessorImpl.java:43)
	at java.lang.reflect.Method.invoke(Method.java:498)
	at org.apache.hadoop.hive.metastore.RetryingHMSHandler.invokeInternal(RetryingHMSHandler.java:147)
	at org.apache.hadoop.hive.metastore.RetryingHMSHandler.invoke(RetryingHMSHandler.java:108)
	at com.sun.proxy.$Proxy35.drop_database(Unknown Source)
	at org.apache.hadoop.hive.metastore.HiveMetaStoreClient.dropDatabaseCascadePerDb(HiveMetaStoreClient.java:1601)
	at org.apache.hadoop.hive.metastore.HiveMetaStoreClient.dropDatabase(HiveMetaStoreClient.java:1532)
	at org.apache.hadoop.hive.metastore.HiveMetaStoreClient.dropDatabase(HiveMetaStoreClient.java:1485)
	at sun.reflect.NativeMethodAccessorImpl.invoke0(Native Method)
	at sun.reflect.NativeMethodAccessorImpl.invoke(NativeMethodAccessorImpl.java:62)
	at sun.reflect.DelegatingMethodAccessorImpl.invoke(DelegatingMethodAccessorImpl.java:43)
	at java.lang.reflect.Method.invoke(Method.java:498)
	at org.apache.hadoop.hive.metastore.RetryingMetaStoreClient.invoke(RetryingMetaStoreClient.java:218)
	at com.sun.proxy.$Proxy45.dropDatabase(Unknown Source)
	at org.apache.hadoop.hive.ql.metadata.Hive.dropDatabase(Hive.java:662)
	at org.apache.hadoop.hive.ql.ddl.database.drop.DropDatabaseOperation.execute(DropDatabaseOperation.java:52)
	at org.apache.hadoop.hive.ql.ddl.DDLTask.execute(DDLTask.java:84)
	at org.apache.hadoop.hive.ql.exec.Task.executeTask(Task.java:212)
	at org.apache.hadoop.hive.ql.exec.TaskRunner.runSequential(TaskRunner.java:105)
	at org.apache.hadoop.hive.ql.Executor.launchTask(Executor.java:361)
	at org.apache.hadoop.hive.ql.Executor.launchTasks(Executor.java:334)
	at org.apache.hadoop.hive.ql.Executor.runTasks(Executor.java:245)
	at org.apache.hadoop.hive.ql.Executor.execute(Executor.java:108)
	at org.apache.hadoop.hive.ql.Driver.execute(Driver.java:348)
	at org.apache.hadoop.hive.ql.Driver.runInternal(Driver.java:204)
	at org.apache.hadoop.hive.ql.Driver.run(Driver.java:153)
	at org.apache.hadoop.hive.ql.Driver.run(Driver.java:148)
	at org.apache.hadoop.hive.ql.reexec.ReExecDriver.run(ReExecDriver.java:164)
	at org.apache.hadoop.hive.ql.reexec.ReExecDriver.run(ReExecDriver.java:230)
	at org.apache.hive.hcatalog.pig.AbstractHCatLoaderTest.executeStatementOnDriver(AbstractHCatLoaderTest.java:151)
	at org.apache.hive.hcatalog.pig.AbstractHCatLoaderTest.tearDown(AbstractHCatLoaderTest.java:239)
	at sun.reflect.NativeMethodAccessorImpl.invoke0(Native Method)
	at sun.reflect.NativeMethodAccessorImpl.invoke(NativeMethodAccessorImpl.java:62)
	at sun.reflect.DelegatingMethodAccessorImpl.invoke(DelegatingMethodAccessorImpl.java:43)
	at java.lang.reflect.Method.invoke(Method.java:498)
	at org.junit.runners.model.FrameworkMethod$1.runReflectiveCall(FrameworkMethod.java:59)
	at org.junit.internal.runners.model.ReflectiveCallable.run(ReflectiveCallable.java:12)
	at org.junit.runners.model.FrameworkMethod.invokeExplosively(FrameworkMethod.java:56)
	at org.junit.internal.runners.statements.RunAfters.invokeMethod(RunAfters.java:46)
	at org.junit.internal.runners.statements.RunAfters.evaluate(RunAfters.java:33)
	at org.junit.runners.ParentRunner$3.evaluate(ParentRunner.java:306)
	at org.junit.runners.BlockJUnit4ClassRunner$1.evaluate(BlockJUnit4ClassRunner.java:100)
	at org.junit.runners.ParentRunner.runLeaf(ParentRunner.java:366)
	at org.junit.runners.BlockJUnit4ClassRunner.runChild(BlockJUnit4ClassRunner.java:103)
	at org.junit.runners.BlockJUnit4ClassRunner.runChild(BlockJUnit4ClassRunner.java:63)
	at org.junit.runners.ParentRunner$4.run(ParentRunner.java:331)
	at org.junit.runners.ParentRunner$1.schedule(ParentRunner.java:79)
	at org.junit.runners.ParentRunner.runChildren(ParentRunner.java:329)
	at org.junit.runners.ParentRunner.access$100(ParentRunner.java:66)
	at org.junit.runners.ParentRunner$2.evaluate(ParentRunner.java:293)
	at org.junit.internal.runners.statements.RunBefores.evaluate(RunBefores.java:26)
	at org.junit.runners.ParentRunner$3.evaluate(ParentRunner.java:306)
	at org.junit.runners.ParentRunner.run(ParentRunner.java:413)
	at org.junit.runners.Suite.runChild(Suite.java:128)
	at org.junit.runners.Suite.runChild(Suite.java:27)
	at org.junit.runners.ParentRunner$4.run(ParentRunner.java:331)
	at org.junit.runners.ParentRunner$1.schedule(ParentRunner.java:79)
	at org.junit.runners.ParentRunner.runChildren(ParentRunner.java:329)
	at org.junit.runners.ParentRunner.access$100(ParentRunner.java:66)
	at org.junit.runners.ParentRunner$2.evaluate(ParentRunner.java:293)
	at org.junit.runners.ParentRunner$3.evaluate(ParentRunner.java:306)
	at org.junit.runners.ParentRunner.run(ParentRunner.java:413)
	at org.apache.maven.surefire.junitcore.JUnitCore.run(JUnitCore.java:55)
	at org.apache.maven.surefire.junitcore.JUnitCoreWrapper.createRequestAndRun(JUnitCoreWrapper.java:137)
	at org.apache.maven.surefire.junitcore.JUnitCoreWrapper.executeEager(JUnitCoreWrapper.java:107)
	at org.apache.maven.surefire.junitcore.JUnitCoreWrapper.execute(JUnitCoreWrapper.java:83)
	at org.apache.maven.surefire.junitcore.JUnitCoreWrapper.execute(JUnitCoreWrapper.java:75)
	at org.apache.maven.surefire.junitcore.JUnitCoreProvider.invoke(JUnitCoreProvider.java:158)
	at org.apache.maven.surefire.booter.ForkedBooter.runSuitesInProcess(ForkedBooter.java:377)
	at org.apache.maven.surefire.booter.ForkedBooter.execute(ForkedBooter.java:138)
	at org.apache.maven.surefire.booter.ForkedBooter.run(ForkedBooter.java:465)
	at org.apache.maven.surefire.booter.ForkedBooter.main(ForkedBooter.java:451)
Caused by: org.apache.derby.shared.common.error.DerbySQLIntegrityConstraintViolationException: DELETE on table 'DBS' caused a violation of foreign key constraint 'TBLS_FK1' for key (3).  The statement has been rolled back.
	at org.apache.derby.impl.jdbc.SQLExceptionFactory.getSQLException(Unknown Source)
	at org.apache.derby.impl.jdbc.Util.generateCsSQLException(Unknown Source)
	at org.apache.derby.impl.jdbc.TransactionResourceImpl.wrapInSQLException(Unknown Source)
	at org.apache.derby.impl.jdbc.TransactionResourceImpl.handleException(Unknown Source)
	at org.apache.derby.impl.jdbc.EmbedConnection.handleException(Unknown Source)
	at org.apache.derby.impl.jdbc.ConnectionChild.handleException(Unknown Source)
	at org.apache.derby.impl.jdbc.EmbedStatement.executeStatement(Unknown Source)
	at org.apache.derby.impl.jdbc.EmbedPreparedStatement.executeBatchElement(Unknown Source)
	... 94 more
Caused by: ERROR 23503: DELETE on table 'DBS' caused a violation of foreign key constraint 'TBLS_FK1' for key (3).  The statement has been rolled back.
	at org.apache.derby.iapi.error.StandardException.newException(Unknown Source)
	at org.apache.derby.iapi.error.StandardException.newException(Unknown Source)
	at org.apache.derby.impl.sql.execute.ReferencedKeyRIChecker.doCheck(Unknown Source)
	at org.apache.derby.impl.sql.execute.RISetChecker.doPKCheck(Unknown Source)
	at org.apache.derby.impl.sql.execute.DeleteResultSet.collectAffectedRows(Unknown Source)
	at org.apache.derby.impl.sql.execute.DeleteResultSet.open(Unknown Source)
	at org.apache.derby.impl.sql.GenericPreparedStatement.executeStmt(Unknown Source)
	at org.apache.derby.impl.sql.GenericPreparedStatement.execute(Unknown Source)
	... 96 more

2024-04-24T11:28:30,561  INFO [main] HiveMetaStore.audit: ugi=alex	ip=unknown-ip-addr	cmd=drop_database: @hive#junit_specific_db	
2024-04-24T11:28:30,566  INFO [main] HiveMetaStore.audit: ugi=alex	ip=unknown-ip-addr	cmd=get_all_tables: db=@hive#junit_specific_db	
2024-04-24T11:28:30,567  INFO [main] HiveMetaStore.audit: ugi=alex	ip=unknown-ip-addr	cmd=get_functions: db=@hive#junit_specific_db pat=*	
2024-04-24T11:28:30,569  INFO [main] HiveMetaStore.audit: ugi=alex	ip=unknown-ip-addr	cmd=get_all_stored_procedures	
2024-04-24T11:28:30,571  INFO [main] HiveMetaStore.audit: ugi=alex	ip=unknown-ip-addr	cmd=get_all_packages	
2024-04-24T11:28:30,572  INFO [main] HiveMetaStore.audit: ugi=alex	ip=unknown-ip-addr	cmd=getTablesByTypeCore: catName=hive: db=junit_specific_db pat=.*,type=MATERIALIZED_VIEW	
2024-04-24T11:28:30,576  INFO [main] metastore.ObjectStore: Dropping database hive.junit_specific_db along with all tables
2024-04-24T11:28:30,583  INFO [main] txn.TxnHandler: Non-retryable error in cleanupRecords : Table/View 'TXN_COMPONENTS' does not exist. (SQLState=42X05, ErrorCode=20000)
2024-04-24T11:28:30,583  WARN [main] txn.TxnHandler: Cannot perform cleanup since metastore table does not exist
2024-04-24T11:28:30,585 ERROR [main] metastore.RetryingHMSHandler: Retrying HMSHandler after 2000 ms (attempt 8 of 10) with error: javax.jdo.JDODataStoreException: Exception thrown flushing changes to datastore
	at org.datanucleus.api.jdo.NucleusJDOHelper.getJDOExceptionForNucleusException(NucleusJDOHelper.java:542)
	at org.datanucleus.api.jdo.JDOTransaction.commit(JDOTransaction.java:162)
	at org.apache.hadoop.hive.metastore.ObjectStore.commitTransaction(ObjectStore.java:615)
	at sun.reflect.GeneratedMethodAccessor31.invoke(Unknown Source)
	at sun.reflect.DelegatingMethodAccessorImpl.invoke(DelegatingMethodAccessorImpl.java:43)
	at java.lang.reflect.Method.invoke(Method.java:498)
	at org.apache.hadoop.hive.metastore.RawStoreProxy.invoke(RawStoreProxy.java:97)
	at com.sun.proxy.$Proxy32.commitTransaction(Unknown Source)
	at org.apache.hadoop.hive.metastore.HMSHandler.drop_database_core(HMSHandler.java:1790)
	at org.apache.hadoop.hive.metastore.HMSHandler.drop_database(HMSHandler.java:1869)
	at sun.reflect.GeneratedMethodAccessor54.invoke(Unknown Source)
	at sun.reflect.DelegatingMethodAccessorImpl.invoke(DelegatingMethodAccessorImpl.java:43)
	at java.lang.reflect.Method.invoke(Method.java:498)
	at org.apache.hadoop.hive.metastore.RetryingHMSHandler.invokeInternal(RetryingHMSHandler.java:147)
	at org.apache.hadoop.hive.metastore.RetryingHMSHandler.invoke(RetryingHMSHandler.java:108)
	at com.sun.proxy.$Proxy35.drop_database(Unknown Source)
	at org.apache.hadoop.hive.metastore.HiveMetaStoreClient.dropDatabaseCascadePerDb(HiveMetaStoreClient.java:1601)
	at org.apache.hadoop.hive.metastore.HiveMetaStoreClient.dropDatabase(HiveMetaStoreClient.java:1532)
	at org.apache.hadoop.hive.metastore.HiveMetaStoreClient.dropDatabase(HiveMetaStoreClient.java:1485)
	at sun.reflect.NativeMethodAccessorImpl.invoke0(Native Method)
	at sun.reflect.NativeMethodAccessorImpl.invoke(NativeMethodAccessorImpl.java:62)
	at sun.reflect.DelegatingMethodAccessorImpl.invoke(DelegatingMethodAccessorImpl.java:43)
	at java.lang.reflect.Method.invoke(Method.java:498)
	at org.apache.hadoop.hive.metastore.RetryingMetaStoreClient.invoke(RetryingMetaStoreClient.java:218)
	at com.sun.proxy.$Proxy45.dropDatabase(Unknown Source)
	at org.apache.hadoop.hive.ql.metadata.Hive.dropDatabase(Hive.java:662)
	at org.apache.hadoop.hive.ql.ddl.database.drop.DropDatabaseOperation.execute(DropDatabaseOperation.java:52)
	at org.apache.hadoop.hive.ql.ddl.DDLTask.execute(DDLTask.java:84)
	at org.apache.hadoop.hive.ql.exec.Task.executeTask(Task.java:212)
	at org.apache.hadoop.hive.ql.exec.TaskRunner.runSequential(TaskRunner.java:105)
	at org.apache.hadoop.hive.ql.Executor.launchTask(Executor.java:361)
	at org.apache.hadoop.hive.ql.Executor.launchTasks(Executor.java:334)
	at org.apache.hadoop.hive.ql.Executor.runTasks(Executor.java:245)
	at org.apache.hadoop.hive.ql.Executor.execute(Executor.java:108)
	at org.apache.hadoop.hive.ql.Driver.execute(Driver.java:348)
	at org.apache.hadoop.hive.ql.Driver.runInternal(Driver.java:204)
	at org.apache.hadoop.hive.ql.Driver.run(Driver.java:153)
	at org.apache.hadoop.hive.ql.Driver.run(Driver.java:148)
	at org.apache.hadoop.hive.ql.reexec.ReExecDriver.run(ReExecDriver.java:164)
	at org.apache.hadoop.hive.ql.reexec.ReExecDriver.run(ReExecDriver.java:230)
	at org.apache.hive.hcatalog.pig.AbstractHCatLoaderTest.executeStatementOnDriver(AbstractHCatLoaderTest.java:151)
	at org.apache.hive.hcatalog.pig.AbstractHCatLoaderTest.tearDown(AbstractHCatLoaderTest.java:239)
	at sun.reflect.NativeMethodAccessorImpl.invoke0(Native Method)
	at sun.reflect.NativeMethodAccessorImpl.invoke(NativeMethodAccessorImpl.java:62)
	at sun.reflect.DelegatingMethodAccessorImpl.invoke(DelegatingMethodAccessorImpl.java:43)
	at java.lang.reflect.Method.invoke(Method.java:498)
	at org.junit.runners.model.FrameworkMethod$1.runReflectiveCall(FrameworkMethod.java:59)
	at org.junit.internal.runners.model.ReflectiveCallable.run(ReflectiveCallable.java:12)
	at org.junit.runners.model.FrameworkMethod.invokeExplosively(FrameworkMethod.java:56)
	at org.junit.internal.runners.statements.RunAfters.invokeMethod(RunAfters.java:46)
	at org.junit.internal.runners.statements.RunAfters.evaluate(RunAfters.java:33)
	at org.junit.runners.ParentRunner$3.evaluate(ParentRunner.java:306)
	at org.junit.runners.BlockJUnit4ClassRunner$1.evaluate(BlockJUnit4ClassRunner.java:100)
	at org.junit.runners.ParentRunner.runLeaf(ParentRunner.java:366)
	at org.junit.runners.BlockJUnit4ClassRunner.runChild(BlockJUnit4ClassRunner.java:103)
	at org.junit.runners.BlockJUnit4ClassRunner.runChild(BlockJUnit4ClassRunner.java:63)
	at org.junit.runners.ParentRunner$4.run(ParentRunner.java:331)
	at org.junit.runners.ParentRunner$1.schedule(ParentRunner.java:79)
	at org.junit.runners.ParentRunner.runChildren(ParentRunner.java:329)
	at org.junit.runners.ParentRunner.access$100(ParentRunner.java:66)
	at org.junit.runners.ParentRunner$2.evaluate(ParentRunner.java:293)
	at org.junit.internal.runners.statements.RunBefores.evaluate(RunBefores.java:26)
	at org.junit.runners.ParentRunner$3.evaluate(ParentRunner.java:306)
	at org.junit.runners.ParentRunner.run(ParentRunner.java:413)
	at org.junit.runners.Suite.runChild(Suite.java:128)
	at org.junit.runners.Suite.runChild(Suite.java:27)
	at org.junit.runners.ParentRunner$4.run(ParentRunner.java:331)
	at org.junit.runners.ParentRunner$1.schedule(ParentRunner.java:79)
	at org.junit.runners.ParentRunner.runChildren(ParentRunner.java:329)
	at org.junit.runners.ParentRunner.access$100(ParentRunner.java:66)
	at org.junit.runners.ParentRunner$2.evaluate(ParentRunner.java:293)
	at org.junit.runners.ParentRunner$3.evaluate(ParentRunner.java:306)
	at org.junit.runners.ParentRunner.run(ParentRunner.java:413)
	at org.apache.maven.surefire.junitcore.JUnitCore.run(JUnitCore.java:55)
	at org.apache.maven.surefire.junitcore.JUnitCoreWrapper.createRequestAndRun(JUnitCoreWrapper.java:137)
	at org.apache.maven.surefire.junitcore.JUnitCoreWrapper.executeEager(JUnitCoreWrapper.java:107)
	at org.apache.maven.surefire.junitcore.JUnitCoreWrapper.execute(JUnitCoreWrapper.java:83)
	at org.apache.maven.surefire.junitcore.JUnitCoreWrapper.execute(JUnitCoreWrapper.java:75)
	at org.apache.maven.surefire.junitcore.JUnitCoreProvider.invoke(JUnitCoreProvider.java:158)
	at org.apache.maven.surefire.booter.ForkedBooter.runSuitesInProcess(ForkedBooter.java:377)
	at org.apache.maven.surefire.booter.ForkedBooter.execute(ForkedBooter.java:138)
	at org.apache.maven.surefire.booter.ForkedBooter.run(ForkedBooter.java:465)
	at org.apache.maven.surefire.booter.ForkedBooter.main(ForkedBooter.java:451)
NestedThrowablesStackTrace:
java.sql.BatchUpdateException: DELETE on table 'DBS' caused a violation of foreign key constraint 'TBLS_FK1' for key (3).  The statement has been rolled back.
	at org.apache.derby.impl.jdbc.EmbedStatement.executeLargeBatch(Unknown Source)
	at org.apache.derby.impl.jdbc.EmbedStatement.executeBatch(Unknown Source)
	at com.zaxxer.hikari.pool.ProxyStatement.executeBatch(ProxyStatement.java:128)
	at com.zaxxer.hikari.pool.HikariProxyPreparedStatement.executeBatch(HikariProxyPreparedStatement.java)
	at org.datanucleus.store.rdbms.ParamLoggingPreparedStatement.executeBatch(ParamLoggingPreparedStatement.java:366)
	at org.datanucleus.store.rdbms.SQLController.processConnectionStatement(SQLController.java:675)
	at org.datanucleus.store.rdbms.SQLController.processStatementsForConnection(SQLController.java:643)
	at org.datanucleus.store.rdbms.SQLController$1.transactionFlushed(SQLController.java:729)
	at org.datanucleus.store.connection.AbstractManagedConnection.transactionFlushed(AbstractManagedConnection.java:95)
	at org.datanucleus.store.connection.ConnectionManagerImpl$2.transactionFlushed(ConnectionManagerImpl.java:528)
	at org.datanucleus.TransactionImpl.flush(TransactionImpl.java:222)
	at org.datanucleus.TransactionImpl.commit(TransactionImpl.java:286)
	at org.datanucleus.api.jdo.JDOTransaction.commit(JDOTransaction.java:99)
	at org.apache.hadoop.hive.metastore.ObjectStore.commitTransaction(ObjectStore.java:615)
	at sun.reflect.GeneratedMethodAccessor31.invoke(Unknown Source)
	at sun.reflect.DelegatingMethodAccessorImpl.invoke(DelegatingMethodAccessorImpl.java:43)
	at java.lang.reflect.Method.invoke(Method.java:498)
	at org.apache.hadoop.hive.metastore.RawStoreProxy.invoke(RawStoreProxy.java:97)
	at com.sun.proxy.$Proxy32.commitTransaction(Unknown Source)
	at org.apache.hadoop.hive.metastore.HMSHandler.drop_database_core(HMSHandler.java:1790)
	at org.apache.hadoop.hive.metastore.HMSHandler.drop_database(HMSHandler.java:1869)
	at sun.reflect.GeneratedMethodAccessor54.invoke(Unknown Source)
	at sun.reflect.DelegatingMethodAccessorImpl.invoke(DelegatingMethodAccessorImpl.java:43)
	at java.lang.reflect.Method.invoke(Method.java:498)
	at org.apache.hadoop.hive.metastore.RetryingHMSHandler.invokeInternal(RetryingHMSHandler.java:147)
	at org.apache.hadoop.hive.metastore.RetryingHMSHandler.invoke(RetryingHMSHandler.java:108)
	at com.sun.proxy.$Proxy35.drop_database(Unknown Source)
	at org.apache.hadoop.hive.metastore.HiveMetaStoreClient.dropDatabaseCascadePerDb(HiveMetaStoreClient.java:1601)
	at org.apache.hadoop.hive.metastore.HiveMetaStoreClient.dropDatabase(HiveMetaStoreClient.java:1532)
	at org.apache.hadoop.hive.metastore.HiveMetaStoreClient.dropDatabase(HiveMetaStoreClient.java:1485)
	at sun.reflect.NativeMethodAccessorImpl.invoke0(Native Method)
	at sun.reflect.NativeMethodAccessorImpl.invoke(NativeMethodAccessorImpl.java:62)
	at sun.reflect.DelegatingMethodAccessorImpl.invoke(DelegatingMethodAccessorImpl.java:43)
	at java.lang.reflect.Method.invoke(Method.java:498)
	at org.apache.hadoop.hive.metastore.RetryingMetaStoreClient.invoke(RetryingMetaStoreClient.java:218)
	at com.sun.proxy.$Proxy45.dropDatabase(Unknown Source)
	at org.apache.hadoop.hive.ql.metadata.Hive.dropDatabase(Hive.java:662)
	at org.apache.hadoop.hive.ql.ddl.database.drop.DropDatabaseOperation.execute(DropDatabaseOperation.java:52)
	at org.apache.hadoop.hive.ql.ddl.DDLTask.execute(DDLTask.java:84)
	at org.apache.hadoop.hive.ql.exec.Task.executeTask(Task.java:212)
	at org.apache.hadoop.hive.ql.exec.TaskRunner.runSequential(TaskRunner.java:105)
	at org.apache.hadoop.hive.ql.Executor.launchTask(Executor.java:361)
	at org.apache.hadoop.hive.ql.Executor.launchTasks(Executor.java:334)
	at org.apache.hadoop.hive.ql.Executor.runTasks(Executor.java:245)
	at org.apache.hadoop.hive.ql.Executor.execute(Executor.java:108)
	at org.apache.hadoop.hive.ql.Driver.execute(Driver.java:348)
	at org.apache.hadoop.hive.ql.Driver.runInternal(Driver.java:204)
	at org.apache.hadoop.hive.ql.Driver.run(Driver.java:153)
	at org.apache.hadoop.hive.ql.Driver.run(Driver.java:148)
	at org.apache.hadoop.hive.ql.reexec.ReExecDriver.run(ReExecDriver.java:164)
	at org.apache.hadoop.hive.ql.reexec.ReExecDriver.run(ReExecDriver.java:230)
	at org.apache.hive.hcatalog.pig.AbstractHCatLoaderTest.executeStatementOnDriver(AbstractHCatLoaderTest.java:151)
	at org.apache.hive.hcatalog.pig.AbstractHCatLoaderTest.tearDown(AbstractHCatLoaderTest.java:239)
	at sun.reflect.NativeMethodAccessorImpl.invoke0(Native Method)
	at sun.reflect.NativeMethodAccessorImpl.invoke(NativeMethodAccessorImpl.java:62)
	at sun.reflect.DelegatingMethodAccessorImpl.invoke(DelegatingMethodAccessorImpl.java:43)
	at java.lang.reflect.Method.invoke(Method.java:498)
	at org.junit.runners.model.FrameworkMethod$1.runReflectiveCall(FrameworkMethod.java:59)
	at org.junit.internal.runners.model.ReflectiveCallable.run(ReflectiveCallable.java:12)
	at org.junit.runners.model.FrameworkMethod.invokeExplosively(FrameworkMethod.java:56)
	at org.junit.internal.runners.statements.RunAfters.invokeMethod(RunAfters.java:46)
	at org.junit.internal.runners.statements.RunAfters.evaluate(RunAfters.java:33)
	at org.junit.runners.ParentRunner$3.evaluate(ParentRunner.java:306)
	at org.junit.runners.BlockJUnit4ClassRunner$1.evaluate(BlockJUnit4ClassRunner.java:100)
	at org.junit.runners.ParentRunner.runLeaf(ParentRunner.java:366)
	at org.junit.runners.BlockJUnit4ClassRunner.runChild(BlockJUnit4ClassRunner.java:103)
	at org.junit.runners.BlockJUnit4ClassRunner.runChild(BlockJUnit4ClassRunner.java:63)
	at org.junit.runners.ParentRunner$4.run(ParentRunner.java:331)
	at org.junit.runners.ParentRunner$1.schedule(ParentRunner.java:79)
	at org.junit.runners.ParentRunner.runChildren(ParentRunner.java:329)
	at org.junit.runners.ParentRunner.access$100(ParentRunner.java:66)
	at org.junit.runners.ParentRunner$2.evaluate(ParentRunner.java:293)
	at org.junit.internal.runners.statements.RunBefores.evaluate(RunBefores.java:26)
	at org.junit.runners.ParentRunner$3.evaluate(ParentRunner.java:306)
	at org.junit.runners.ParentRunner.run(ParentRunner.java:413)
	at org.junit.runners.Suite.runChild(Suite.java:128)
	at org.junit.runners.Suite.runChild(Suite.java:27)
	at org.junit.runners.ParentRunner$4.run(ParentRunner.java:331)
	at org.junit.runners.ParentRunner$1.schedule(ParentRunner.java:79)
	at org.junit.runners.ParentRunner.runChildren(ParentRunner.java:329)
	at org.junit.runners.ParentRunner.access$100(ParentRunner.java:66)
	at org.junit.runners.ParentRunner$2.evaluate(ParentRunner.java:293)
	at org.junit.runners.ParentRunner$3.evaluate(ParentRunner.java:306)
	at org.junit.runners.ParentRunner.run(ParentRunner.java:413)
	at org.apache.maven.surefire.junitcore.JUnitCore.run(JUnitCore.java:55)
	at org.apache.maven.surefire.junitcore.JUnitCoreWrapper.createRequestAndRun(JUnitCoreWrapper.java:137)
	at org.apache.maven.surefire.junitcore.JUnitCoreWrapper.executeEager(JUnitCoreWrapper.java:107)
	at org.apache.maven.surefire.junitcore.JUnitCoreWrapper.execute(JUnitCoreWrapper.java:83)
	at org.apache.maven.surefire.junitcore.JUnitCoreWrapper.execute(JUnitCoreWrapper.java:75)
	at org.apache.maven.surefire.junitcore.JUnitCoreProvider.invoke(JUnitCoreProvider.java:158)
	at org.apache.maven.surefire.booter.ForkedBooter.runSuitesInProcess(ForkedBooter.java:377)
	at org.apache.maven.surefire.booter.ForkedBooter.execute(ForkedBooter.java:138)
	at org.apache.maven.surefire.booter.ForkedBooter.run(ForkedBooter.java:465)
	at org.apache.maven.surefire.booter.ForkedBooter.main(ForkedBooter.java:451)
Caused by: org.apache.derby.shared.common.error.DerbySQLIntegrityConstraintViolationException: DELETE on table 'DBS' caused a violation of foreign key constraint 'TBLS_FK1' for key (3).  The statement has been rolled back.
	at org.apache.derby.impl.jdbc.SQLExceptionFactory.getSQLException(Unknown Source)
	at org.apache.derby.impl.jdbc.Util.generateCsSQLException(Unknown Source)
	at org.apache.derby.impl.jdbc.TransactionResourceImpl.wrapInSQLException(Unknown Source)
	at org.apache.derby.impl.jdbc.TransactionResourceImpl.handleException(Unknown Source)
	at org.apache.derby.impl.jdbc.EmbedConnection.handleException(Unknown Source)
	at org.apache.derby.impl.jdbc.ConnectionChild.handleException(Unknown Source)
	at org.apache.derby.impl.jdbc.EmbedStatement.executeStatement(Unknown Source)
	at org.apache.derby.impl.jdbc.EmbedPreparedStatement.executeBatchElement(Unknown Source)
	... 94 more
Caused by: ERROR 23503: DELETE on table 'DBS' caused a violation of foreign key constraint 'TBLS_FK1' for key (3).  The statement has been rolled back.
	at org.apache.derby.iapi.error.StandardException.newException(Unknown Source)
	at org.apache.derby.iapi.error.StandardException.newException(Unknown Source)
	at org.apache.derby.impl.sql.execute.ReferencedKeyRIChecker.doCheck(Unknown Source)
	at org.apache.derby.impl.sql.execute.RISetChecker.doPKCheck(Unknown Source)
	at org.apache.derby.impl.sql.execute.DeleteResultSet.collectAffectedRows(Unknown Source)
	at org.apache.derby.impl.sql.execute.DeleteResultSet.open(Unknown Source)
	at org.apache.derby.impl.sql.GenericPreparedStatement.executeStmt(Unknown Source)
	at org.apache.derby.impl.sql.GenericPreparedStatement.execute(Unknown Source)
	... 96 more

2024-04-24T11:28:32,586  INFO [main] HiveMetaStore.audit: ugi=alex	ip=unknown-ip-addr	cmd=drop_database: @hive#junit_specific_db	
2024-04-24T11:28:32,591  INFO [main] HiveMetaStore.audit: ugi=alex	ip=unknown-ip-addr	cmd=get_all_tables: db=@hive#junit_specific_db	
2024-04-24T11:28:32,592  INFO [main] HiveMetaStore.audit: ugi=alex	ip=unknown-ip-addr	cmd=get_functions: db=@hive#junit_specific_db pat=*	
2024-04-24T11:28:32,594  INFO [main] HiveMetaStore.audit: ugi=alex	ip=unknown-ip-addr	cmd=get_all_stored_procedures	
2024-04-24T11:28:32,595  INFO [main] HiveMetaStore.audit: ugi=alex	ip=unknown-ip-addr	cmd=get_all_packages	
2024-04-24T11:28:32,597  INFO [main] HiveMetaStore.audit: ugi=alex	ip=unknown-ip-addr	cmd=getTablesByTypeCore: catName=hive: db=junit_specific_db pat=.*,type=MATERIALIZED_VIEW	
2024-04-24T11:28:32,601  INFO [main] metastore.ObjectStore: Dropping database hive.junit_specific_db along with all tables
2024-04-24T11:28:32,609  INFO [main] txn.TxnHandler: Non-retryable error in cleanupRecords : Table/View 'TXN_COMPONENTS' does not exist. (SQLState=42X05, ErrorCode=20000)
2024-04-24T11:28:32,609  WARN [main] txn.TxnHandler: Cannot perform cleanup since metastore table does not exist
2024-04-24T11:28:32,611 ERROR [main] metastore.RetryingHMSHandler: Retrying HMSHandler after 2000 ms (attempt 9 of 10) with error: javax.jdo.JDODataStoreException: Exception thrown flushing changes to datastore
	at org.datanucleus.api.jdo.NucleusJDOHelper.getJDOExceptionForNucleusException(NucleusJDOHelper.java:542)
	at org.datanucleus.api.jdo.JDOTransaction.commit(JDOTransaction.java:162)
	at org.apache.hadoop.hive.metastore.ObjectStore.commitTransaction(ObjectStore.java:615)
	at sun.reflect.GeneratedMethodAccessor31.invoke(Unknown Source)
	at sun.reflect.DelegatingMethodAccessorImpl.invoke(DelegatingMethodAccessorImpl.java:43)
	at java.lang.reflect.Method.invoke(Method.java:498)
	at org.apache.hadoop.hive.metastore.RawStoreProxy.invoke(RawStoreProxy.java:97)
	at com.sun.proxy.$Proxy32.commitTransaction(Unknown Source)
	at org.apache.hadoop.hive.metastore.HMSHandler.drop_database_core(HMSHandler.java:1790)
	at org.apache.hadoop.hive.metastore.HMSHandler.drop_database(HMSHandler.java:1869)
	at sun.reflect.GeneratedMethodAccessor54.invoke(Unknown Source)
	at sun.reflect.DelegatingMethodAccessorImpl.invoke(DelegatingMethodAccessorImpl.java:43)
	at java.lang.reflect.Method.invoke(Method.java:498)
	at org.apache.hadoop.hive.metastore.RetryingHMSHandler.invokeInternal(RetryingHMSHandler.java:147)
	at org.apache.hadoop.hive.metastore.RetryingHMSHandler.invoke(RetryingHMSHandler.java:108)
	at com.sun.proxy.$Proxy35.drop_database(Unknown Source)
	at org.apache.hadoop.hive.metastore.HiveMetaStoreClient.dropDatabaseCascadePerDb(HiveMetaStoreClient.java:1601)
	at org.apache.hadoop.hive.metastore.HiveMetaStoreClient.dropDatabase(HiveMetaStoreClient.java:1532)
	at org.apache.hadoop.hive.metastore.HiveMetaStoreClient.dropDatabase(HiveMetaStoreClient.java:1485)
	at sun.reflect.NativeMethodAccessorImpl.invoke0(Native Method)
	at sun.reflect.NativeMethodAccessorImpl.invoke(NativeMethodAccessorImpl.java:62)
	at sun.reflect.DelegatingMethodAccessorImpl.invoke(DelegatingMethodAccessorImpl.java:43)
	at java.lang.reflect.Method.invoke(Method.java:498)
	at org.apache.hadoop.hive.metastore.RetryingMetaStoreClient.invoke(RetryingMetaStoreClient.java:218)
	at com.sun.proxy.$Proxy45.dropDatabase(Unknown Source)
	at org.apache.hadoop.hive.ql.metadata.Hive.dropDatabase(Hive.java:662)
	at org.apache.hadoop.hive.ql.ddl.database.drop.DropDatabaseOperation.execute(DropDatabaseOperation.java:52)
	at org.apache.hadoop.hive.ql.ddl.DDLTask.execute(DDLTask.java:84)
	at org.apache.hadoop.hive.ql.exec.Task.executeTask(Task.java:212)
	at org.apache.hadoop.hive.ql.exec.TaskRunner.runSequential(TaskRunner.java:105)
	at org.apache.hadoop.hive.ql.Executor.launchTask(Executor.java:361)
	at org.apache.hadoop.hive.ql.Executor.launchTasks(Executor.java:334)
	at org.apache.hadoop.hive.ql.Executor.runTasks(Executor.java:245)
	at org.apache.hadoop.hive.ql.Executor.execute(Executor.java:108)
	at org.apache.hadoop.hive.ql.Driver.execute(Driver.java:348)
	at org.apache.hadoop.hive.ql.Driver.runInternal(Driver.java:204)
	at org.apache.hadoop.hive.ql.Driver.run(Driver.java:153)
	at org.apache.hadoop.hive.ql.Driver.run(Driver.java:148)
	at org.apache.hadoop.hive.ql.reexec.ReExecDriver.run(ReExecDriver.java:164)
	at org.apache.hadoop.hive.ql.reexec.ReExecDriver.run(ReExecDriver.java:230)
	at org.apache.hive.hcatalog.pig.AbstractHCatLoaderTest.executeStatementOnDriver(AbstractHCatLoaderTest.java:151)
	at org.apache.hive.hcatalog.pig.AbstractHCatLoaderTest.tearDown(AbstractHCatLoaderTest.java:239)
	at sun.reflect.NativeMethodAccessorImpl.invoke0(Native Method)
	at sun.reflect.NativeMethodAccessorImpl.invoke(NativeMethodAccessorImpl.java:62)
	at sun.reflect.DelegatingMethodAccessorImpl.invoke(DelegatingMethodAccessorImpl.java:43)
	at java.lang.reflect.Method.invoke(Method.java:498)
	at org.junit.runners.model.FrameworkMethod$1.runReflectiveCall(FrameworkMethod.java:59)
	at org.junit.internal.runners.model.ReflectiveCallable.run(ReflectiveCallable.java:12)
	at org.junit.runners.model.FrameworkMethod.invokeExplosively(FrameworkMethod.java:56)
	at org.junit.internal.runners.statements.RunAfters.invokeMethod(RunAfters.java:46)
	at org.junit.internal.runners.statements.RunAfters.evaluate(RunAfters.java:33)
	at org.junit.runners.ParentRunner$3.evaluate(ParentRunner.java:306)
	at org.junit.runners.BlockJUnit4ClassRunner$1.evaluate(BlockJUnit4ClassRunner.java:100)
	at org.junit.runners.ParentRunner.runLeaf(ParentRunner.java:366)
	at org.junit.runners.BlockJUnit4ClassRunner.runChild(BlockJUnit4ClassRunner.java:103)
	at org.junit.runners.BlockJUnit4ClassRunner.runChild(BlockJUnit4ClassRunner.java:63)
	at org.junit.runners.ParentRunner$4.run(ParentRunner.java:331)
	at org.junit.runners.ParentRunner$1.schedule(ParentRunner.java:79)
	at org.junit.runners.ParentRunner.runChildren(ParentRunner.java:329)
	at org.junit.runners.ParentRunner.access$100(ParentRunner.java:66)
	at org.junit.runners.ParentRunner$2.evaluate(ParentRunner.java:293)
	at org.junit.internal.runners.statements.RunBefores.evaluate(RunBefores.java:26)
	at org.junit.runners.ParentRunner$3.evaluate(ParentRunner.java:306)
	at org.junit.runners.ParentRunner.run(ParentRunner.java:413)
	at org.junit.runners.Suite.runChild(Suite.java:128)
	at org.junit.runners.Suite.runChild(Suite.java:27)
	at org.junit.runners.ParentRunner$4.run(ParentRunner.java:331)
	at org.junit.runners.ParentRunner$1.schedule(ParentRunner.java:79)
	at org.junit.runners.ParentRunner.runChildren(ParentRunner.java:329)
	at org.junit.runners.ParentRunner.access$100(ParentRunner.java:66)
	at org.junit.runners.ParentRunner$2.evaluate(ParentRunner.java:293)
	at org.junit.runners.ParentRunner$3.evaluate(ParentRunner.java:306)
	at org.junit.runners.ParentRunner.run(ParentRunner.java:413)
	at org.apache.maven.surefire.junitcore.JUnitCore.run(JUnitCore.java:55)
	at org.apache.maven.surefire.junitcore.JUnitCoreWrapper.createRequestAndRun(JUnitCoreWrapper.java:137)
	at org.apache.maven.surefire.junitcore.JUnitCoreWrapper.executeEager(JUnitCoreWrapper.java:107)
	at org.apache.maven.surefire.junitcore.JUnitCoreWrapper.execute(JUnitCoreWrapper.java:83)
	at org.apache.maven.surefire.junitcore.JUnitCoreWrapper.execute(JUnitCoreWrapper.java:75)
	at org.apache.maven.surefire.junitcore.JUnitCoreProvider.invoke(JUnitCoreProvider.java:158)
	at org.apache.maven.surefire.booter.ForkedBooter.runSuitesInProcess(ForkedBooter.java:377)
	at org.apache.maven.surefire.booter.ForkedBooter.execute(ForkedBooter.java:138)
	at org.apache.maven.surefire.booter.ForkedBooter.run(ForkedBooter.java:465)
	at org.apache.maven.surefire.booter.ForkedBooter.main(ForkedBooter.java:451)
NestedThrowablesStackTrace:
java.sql.BatchUpdateException: DELETE on table 'DBS' caused a violation of foreign key constraint 'TBLS_FK1' for key (3).  The statement has been rolled back.
	at org.apache.derby.impl.jdbc.EmbedStatement.executeLargeBatch(Unknown Source)
	at org.apache.derby.impl.jdbc.EmbedStatement.executeBatch(Unknown Source)
	at com.zaxxer.hikari.pool.ProxyStatement.executeBatch(ProxyStatement.java:128)
	at com.zaxxer.hikari.pool.HikariProxyPreparedStatement.executeBatch(HikariProxyPreparedStatement.java)
	at org.datanucleus.store.rdbms.ParamLoggingPreparedStatement.executeBatch(ParamLoggingPreparedStatement.java:366)
	at org.datanucleus.store.rdbms.SQLController.processConnectionStatement(SQLController.java:675)
	at org.datanucleus.store.rdbms.SQLController.processStatementsForConnection(SQLController.java:643)
	at org.datanucleus.store.rdbms.SQLController$1.transactionFlushed(SQLController.java:729)
	at org.datanucleus.store.connection.AbstractManagedConnection.transactionFlushed(AbstractManagedConnection.java:95)
	at org.datanucleus.store.connection.ConnectionManagerImpl$2.transactionFlushed(ConnectionManagerImpl.java:528)
	at org.datanucleus.TransactionImpl.flush(TransactionImpl.java:222)
	at org.datanucleus.TransactionImpl.commit(TransactionImpl.java:286)
	at org.datanucleus.api.jdo.JDOTransaction.commit(JDOTransaction.java:99)
	at org.apache.hadoop.hive.metastore.ObjectStore.commitTransaction(ObjectStore.java:615)
	at sun.reflect.GeneratedMethodAccessor31.invoke(Unknown Source)
	at sun.reflect.DelegatingMethodAccessorImpl.invoke(DelegatingMethodAccessorImpl.java:43)
	at java.lang.reflect.Method.invoke(Method.java:498)
	at org.apache.hadoop.hive.metastore.RawStoreProxy.invoke(RawStoreProxy.java:97)
	at com.sun.proxy.$Proxy32.commitTransaction(Unknown Source)
	at org.apache.hadoop.hive.metastore.HMSHandler.drop_database_core(HMSHandler.java:1790)
	at org.apache.hadoop.hive.metastore.HMSHandler.drop_database(HMSHandler.java:1869)
	at sun.reflect.GeneratedMethodAccessor54.invoke(Unknown Source)
	at sun.reflect.DelegatingMethodAccessorImpl.invoke(DelegatingMethodAccessorImpl.java:43)
	at java.lang.reflect.Method.invoke(Method.java:498)
	at org.apache.hadoop.hive.metastore.RetryingHMSHandler.invokeInternal(RetryingHMSHandler.java:147)
	at org.apache.hadoop.hive.metastore.RetryingHMSHandler.invoke(RetryingHMSHandler.java:108)
	at com.sun.proxy.$Proxy35.drop_database(Unknown Source)
	at org.apache.hadoop.hive.metastore.HiveMetaStoreClient.dropDatabaseCascadePerDb(HiveMetaStoreClient.java:1601)
	at org.apache.hadoop.hive.metastore.HiveMetaStoreClient.dropDatabase(HiveMetaStoreClient.java:1532)
	at org.apache.hadoop.hive.metastore.HiveMetaStoreClient.dropDatabase(HiveMetaStoreClient.java:1485)
	at sun.reflect.NativeMethodAccessorImpl.invoke0(Native Method)
	at sun.reflect.NativeMethodAccessorImpl.invoke(NativeMethodAccessorImpl.java:62)
	at sun.reflect.DelegatingMethodAccessorImpl.invoke(DelegatingMethodAccessorImpl.java:43)
	at java.lang.reflect.Method.invoke(Method.java:498)
	at org.apache.hadoop.hive.metastore.RetryingMetaStoreClient.invoke(RetryingMetaStoreClient.java:218)
	at com.sun.proxy.$Proxy45.dropDatabase(Unknown Source)
	at org.apache.hadoop.hive.ql.metadata.Hive.dropDatabase(Hive.java:662)
	at org.apache.hadoop.hive.ql.ddl.database.drop.DropDatabaseOperation.execute(DropDatabaseOperation.java:52)
	at org.apache.hadoop.hive.ql.ddl.DDLTask.execute(DDLTask.java:84)
	at org.apache.hadoop.hive.ql.exec.Task.executeTask(Task.java:212)
	at org.apache.hadoop.hive.ql.exec.TaskRunner.runSequential(TaskRunner.java:105)
	at org.apache.hadoop.hive.ql.Executor.launchTask(Executor.java:361)
	at org.apache.hadoop.hive.ql.Executor.launchTasks(Executor.java:334)
	at org.apache.hadoop.hive.ql.Executor.runTasks(Executor.java:245)
	at org.apache.hadoop.hive.ql.Executor.execute(Executor.java:108)
	at org.apache.hadoop.hive.ql.Driver.execute(Driver.java:348)
	at org.apache.hadoop.hive.ql.Driver.runInternal(Driver.java:204)
	at org.apache.hadoop.hive.ql.Driver.run(Driver.java:153)
	at org.apache.hadoop.hive.ql.Driver.run(Driver.java:148)
	at org.apache.hadoop.hive.ql.reexec.ReExecDriver.run(ReExecDriver.java:164)
	at org.apache.hadoop.hive.ql.reexec.ReExecDriver.run(ReExecDriver.java:230)
	at org.apache.hive.hcatalog.pig.AbstractHCatLoaderTest.executeStatementOnDriver(AbstractHCatLoaderTest.java:151)
	at org.apache.hive.hcatalog.pig.AbstractHCatLoaderTest.tearDown(AbstractHCatLoaderTest.java:239)
	at sun.reflect.NativeMethodAccessorImpl.invoke0(Native Method)
	at sun.reflect.NativeMethodAccessorImpl.invoke(NativeMethodAccessorImpl.java:62)
	at sun.reflect.DelegatingMethodAccessorImpl.invoke(DelegatingMethodAccessorImpl.java:43)
	at java.lang.reflect.Method.invoke(Method.java:498)
	at org.junit.runners.model.FrameworkMethod$1.runReflectiveCall(FrameworkMethod.java:59)
	at org.junit.internal.runners.model.ReflectiveCallable.run(ReflectiveCallable.java:12)
	at org.junit.runners.model.FrameworkMethod.invokeExplosively(FrameworkMethod.java:56)
	at org.junit.internal.runners.statements.RunAfters.invokeMethod(RunAfters.java:46)
	at org.junit.internal.runners.statements.RunAfters.evaluate(RunAfters.java:33)
	at org.junit.runners.ParentRunner$3.evaluate(ParentRunner.java:306)
	at org.junit.runners.BlockJUnit4ClassRunner$1.evaluate(BlockJUnit4ClassRunner.java:100)
	at org.junit.runners.ParentRunner.runLeaf(ParentRunner.java:366)
	at org.junit.runners.BlockJUnit4ClassRunner.runChild(BlockJUnit4ClassRunner.java:103)
	at org.junit.runners.BlockJUnit4ClassRunner.runChild(BlockJUnit4ClassRunner.java:63)
	at org.junit.runners.ParentRunner$4.run(ParentRunner.java:331)
	at org.junit.runners.ParentRunner$1.schedule(ParentRunner.java:79)
	at org.junit.runners.ParentRunner.runChildren(ParentRunner.java:329)
	at org.junit.runners.ParentRunner.access$100(ParentRunner.java:66)
	at org.junit.runners.ParentRunner$2.evaluate(ParentRunner.java:293)
	at org.junit.internal.runners.statements.RunBefores.evaluate(RunBefores.java:26)
	at org.junit.runners.ParentRunner$3.evaluate(ParentRunner.java:306)
	at org.junit.runners.ParentRunner.run(ParentRunner.java:413)
	at org.junit.runners.Suite.runChild(Suite.java:128)
	at org.junit.runners.Suite.runChild(Suite.java:27)
	at org.junit.runners.ParentRunner$4.run(ParentRunner.java:331)
	at org.junit.runners.ParentRunner$1.schedule(ParentRunner.java:79)
	at org.junit.runners.ParentRunner.runChildren(ParentRunner.java:329)
	at org.junit.runners.ParentRunner.access$100(ParentRunner.java:66)
	at org.junit.runners.ParentRunner$2.evaluate(ParentRunner.java:293)
	at org.junit.runners.ParentRunner$3.evaluate(ParentRunner.java:306)
	at org.junit.runners.ParentRunner.run(ParentRunner.java:413)
	at org.apache.maven.surefire.junitcore.JUnitCore.run(JUnitCore.java:55)
	at org.apache.maven.surefire.junitcore.JUnitCoreWrapper.createRequestAndRun(JUnitCoreWrapper.java:137)
	at org.apache.maven.surefire.junitcore.JUnitCoreWrapper.executeEager(JUnitCoreWrapper.java:107)
	at org.apache.maven.surefire.junitcore.JUnitCoreWrapper.execute(JUnitCoreWrapper.java:83)
	at org.apache.maven.surefire.junitcore.JUnitCoreWrapper.execute(JUnitCoreWrapper.java:75)
	at org.apache.maven.surefire.junitcore.JUnitCoreProvider.invoke(JUnitCoreProvider.java:158)
	at org.apache.maven.surefire.booter.ForkedBooter.runSuitesInProcess(ForkedBooter.java:377)
	at org.apache.maven.surefire.booter.ForkedBooter.execute(ForkedBooter.java:138)
	at org.apache.maven.surefire.booter.ForkedBooter.run(ForkedBooter.java:465)
	at org.apache.maven.surefire.booter.ForkedBooter.main(ForkedBooter.java:451)
Caused by: org.apache.derby.shared.common.error.DerbySQLIntegrityConstraintViolationException: DELETE on table 'DBS' caused a violation of foreign key constraint 'TBLS_FK1' for key (3).  The statement has been rolled back.
	at org.apache.derby.impl.jdbc.SQLExceptionFactory.getSQLException(Unknown Source)
	at org.apache.derby.impl.jdbc.Util.generateCsSQLException(Unknown Source)
	at org.apache.derby.impl.jdbc.TransactionResourceImpl.wrapInSQLException(Unknown Source)
	at org.apache.derby.impl.jdbc.TransactionResourceImpl.handleException(Unknown Source)
	at org.apache.derby.impl.jdbc.EmbedConnection.handleException(Unknown Source)
	at org.apache.derby.impl.jdbc.ConnectionChild.handleException(Unknown Source)
	at org.apache.derby.impl.jdbc.EmbedStatement.executeStatement(Unknown Source)
	at org.apache.derby.impl.jdbc.EmbedPreparedStatement.executeBatchElement(Unknown Source)
	... 94 more
Caused by: ERROR 23503: DELETE on table 'DBS' caused a violation of foreign key constraint 'TBLS_FK1' for key (3).  The statement has been rolled back.
	at org.apache.derby.iapi.error.StandardException.newException(Unknown Source)
	at org.apache.derby.iapi.error.StandardException.newException(Unknown Source)
	at org.apache.derby.impl.sql.execute.ReferencedKeyRIChecker.doCheck(Unknown Source)
	at org.apache.derby.impl.sql.execute.RISetChecker.doPKCheck(Unknown Source)
	at org.apache.derby.impl.sql.execute.DeleteResultSet.collectAffectedRows(Unknown Source)
	at org.apache.derby.impl.sql.execute.DeleteResultSet.open(Unknown Source)
	at org.apache.derby.impl.sql.GenericPreparedStatement.executeStmt(Unknown Source)
	at org.apache.derby.impl.sql.GenericPreparedStatement.execute(Unknown Source)
	... 96 more

2024-04-24T11:28:34,612  INFO [main] HiveMetaStore.audit: ugi=alex	ip=unknown-ip-addr	cmd=drop_database: @hive#junit_specific_db	
2024-04-24T11:28:34,617  INFO [main] HiveMetaStore.audit: ugi=alex	ip=unknown-ip-addr	cmd=get_all_tables: db=@hive#junit_specific_db	
2024-04-24T11:28:34,618  INFO [main] HiveMetaStore.audit: ugi=alex	ip=unknown-ip-addr	cmd=get_functions: db=@hive#junit_specific_db pat=*	
2024-04-24T11:28:34,620  INFO [main] HiveMetaStore.audit: ugi=alex	ip=unknown-ip-addr	cmd=get_all_stored_procedures	
2024-04-24T11:28:34,621  INFO [main] HiveMetaStore.audit: ugi=alex	ip=unknown-ip-addr	cmd=get_all_packages	
2024-04-24T11:28:34,622  INFO [main] HiveMetaStore.audit: ugi=alex	ip=unknown-ip-addr	cmd=getTablesByTypeCore: catName=hive: db=junit_specific_db pat=.*,type=MATERIALIZED_VIEW	
2024-04-24T11:28:34,627  INFO [main] metastore.ObjectStore: Dropping database hive.junit_specific_db along with all tables
2024-04-24T11:28:34,635  INFO [main] txn.TxnHandler: Non-retryable error in cleanupRecords : Table/View 'TXN_COMPONENTS' does not exist. (SQLState=42X05, ErrorCode=20000)
2024-04-24T11:28:34,635  WARN [main] txn.TxnHandler: Cannot perform cleanup since metastore table does not exist
2024-04-24T11:28:34,636 ERROR [main] metastore.RetryingHMSHandler: Retrying HMSHandler after 2000 ms (attempt 10 of 10) with error: javax.jdo.JDODataStoreException: Exception thrown flushing changes to datastore
	at org.datanucleus.api.jdo.NucleusJDOHelper.getJDOExceptionForNucleusException(NucleusJDOHelper.java:542)
	at org.datanucleus.api.jdo.JDOTransaction.commit(JDOTransaction.java:162)
	at org.apache.hadoop.hive.metastore.ObjectStore.commitTransaction(ObjectStore.java:615)
	at sun.reflect.GeneratedMethodAccessor31.invoke(Unknown Source)
	at sun.reflect.DelegatingMethodAccessorImpl.invoke(DelegatingMethodAccessorImpl.java:43)
	at java.lang.reflect.Method.invoke(Method.java:498)
	at org.apache.hadoop.hive.metastore.RawStoreProxy.invoke(RawStoreProxy.java:97)
	at com.sun.proxy.$Proxy32.commitTransaction(Unknown Source)
	at org.apache.hadoop.hive.metastore.HMSHandler.drop_database_core(HMSHandler.java:1790)
	at org.apache.hadoop.hive.metastore.HMSHandler.drop_database(HMSHandler.java:1869)
	at sun.reflect.GeneratedMethodAccessor54.invoke(Unknown Source)
	at sun.reflect.DelegatingMethodAccessorImpl.invoke(DelegatingMethodAccessorImpl.java:43)
	at java.lang.reflect.Method.invoke(Method.java:498)
	at org.apache.hadoop.hive.metastore.RetryingHMSHandler.invokeInternal(RetryingHMSHandler.java:147)
	at org.apache.hadoop.hive.metastore.RetryingHMSHandler.invoke(RetryingHMSHandler.java:108)
	at com.sun.proxy.$Proxy35.drop_database(Unknown Source)
	at org.apache.hadoop.hive.metastore.HiveMetaStoreClient.dropDatabaseCascadePerDb(HiveMetaStoreClient.java:1601)
	at org.apache.hadoop.hive.metastore.HiveMetaStoreClient.dropDatabase(HiveMetaStoreClient.java:1532)
	at org.apache.hadoop.hive.metastore.HiveMetaStoreClient.dropDatabase(HiveMetaStoreClient.java:1485)
	at sun.reflect.NativeMethodAccessorImpl.invoke0(Native Method)
	at sun.reflect.NativeMethodAccessorImpl.invoke(NativeMethodAccessorImpl.java:62)
	at sun.reflect.DelegatingMethodAccessorImpl.invoke(DelegatingMethodAccessorImpl.java:43)
	at java.lang.reflect.Method.invoke(Method.java:498)
	at org.apache.hadoop.hive.metastore.RetryingMetaStoreClient.invoke(RetryingMetaStoreClient.java:218)
	at com.sun.proxy.$Proxy45.dropDatabase(Unknown Source)
	at org.apache.hadoop.hive.ql.metadata.Hive.dropDatabase(Hive.java:662)
	at org.apache.hadoop.hive.ql.ddl.database.drop.DropDatabaseOperation.execute(DropDatabaseOperation.java:52)
	at org.apache.hadoop.hive.ql.ddl.DDLTask.execute(DDLTask.java:84)
	at org.apache.hadoop.hive.ql.exec.Task.executeTask(Task.java:212)
	at org.apache.hadoop.hive.ql.exec.TaskRunner.runSequential(TaskRunner.java:105)
	at org.apache.hadoop.hive.ql.Executor.launchTask(Executor.java:361)
	at org.apache.hadoop.hive.ql.Executor.launchTasks(Executor.java:334)
	at org.apache.hadoop.hive.ql.Executor.runTasks(Executor.java:245)
	at org.apache.hadoop.hive.ql.Executor.execute(Executor.java:108)
	at org.apache.hadoop.hive.ql.Driver.execute(Driver.java:348)
	at org.apache.hadoop.hive.ql.Driver.runInternal(Driver.java:204)
	at org.apache.hadoop.hive.ql.Driver.run(Driver.java:153)
	at org.apache.hadoop.hive.ql.Driver.run(Driver.java:148)
	at org.apache.hadoop.hive.ql.reexec.ReExecDriver.run(ReExecDriver.java:164)
	at org.apache.hadoop.hive.ql.reexec.ReExecDriver.run(ReExecDriver.java:230)
	at org.apache.hive.hcatalog.pig.AbstractHCatLoaderTest.executeStatementOnDriver(AbstractHCatLoaderTest.java:151)
	at org.apache.hive.hcatalog.pig.AbstractHCatLoaderTest.tearDown(AbstractHCatLoaderTest.java:239)
	at sun.reflect.NativeMethodAccessorImpl.invoke0(Native Method)
	at sun.reflect.NativeMethodAccessorImpl.invoke(NativeMethodAccessorImpl.java:62)
	at sun.reflect.DelegatingMethodAccessorImpl.invoke(DelegatingMethodAccessorImpl.java:43)
	at java.lang.reflect.Method.invoke(Method.java:498)
	at org.junit.runners.model.FrameworkMethod$1.runReflectiveCall(FrameworkMethod.java:59)
	at org.junit.internal.runners.model.ReflectiveCallable.run(ReflectiveCallable.java:12)
	at org.junit.runners.model.FrameworkMethod.invokeExplosively(FrameworkMethod.java:56)
	at org.junit.internal.runners.statements.RunAfters.invokeMethod(RunAfters.java:46)
	at org.junit.internal.runners.statements.RunAfters.evaluate(RunAfters.java:33)
	at org.junit.runners.ParentRunner$3.evaluate(ParentRunner.java:306)
	at org.junit.runners.BlockJUnit4ClassRunner$1.evaluate(BlockJUnit4ClassRunner.java:100)
	at org.junit.runners.ParentRunner.runLeaf(ParentRunner.java:366)
	at org.junit.runners.BlockJUnit4ClassRunner.runChild(BlockJUnit4ClassRunner.java:103)
	at org.junit.runners.BlockJUnit4ClassRunner.runChild(BlockJUnit4ClassRunner.java:63)
	at org.junit.runners.ParentRunner$4.run(ParentRunner.java:331)
	at org.junit.runners.ParentRunner$1.schedule(ParentRunner.java:79)
	at org.junit.runners.ParentRunner.runChildren(ParentRunner.java:329)
	at org.junit.runners.ParentRunner.access$100(ParentRunner.java:66)
	at org.junit.runners.ParentRunner$2.evaluate(ParentRunner.java:293)
	at org.junit.internal.runners.statements.RunBefores.evaluate(RunBefores.java:26)
	at org.junit.runners.ParentRunner$3.evaluate(ParentRunner.java:306)
	at org.junit.runners.ParentRunner.run(ParentRunner.java:413)
	at org.junit.runners.Suite.runChild(Suite.java:128)
	at org.junit.runners.Suite.runChild(Suite.java:27)
	at org.junit.runners.ParentRunner$4.run(ParentRunner.java:331)
	at org.junit.runners.ParentRunner$1.schedule(ParentRunner.java:79)
	at org.junit.runners.ParentRunner.runChildren(ParentRunner.java:329)
	at org.junit.runners.ParentRunner.access$100(ParentRunner.java:66)
	at org.junit.runners.ParentRunner$2.evaluate(ParentRunner.java:293)
	at org.junit.runners.ParentRunner$3.evaluate(ParentRunner.java:306)
	at org.junit.runners.ParentRunner.run(ParentRunner.java:413)
	at org.apache.maven.surefire.junitcore.JUnitCore.run(JUnitCore.java:55)
	at org.apache.maven.surefire.junitcore.JUnitCoreWrapper.createRequestAndRun(JUnitCoreWrapper.java:137)
	at org.apache.maven.surefire.junitcore.JUnitCoreWrapper.executeEager(JUnitCoreWrapper.java:107)
	at org.apache.maven.surefire.junitcore.JUnitCoreWrapper.execute(JUnitCoreWrapper.java:83)
	at org.apache.maven.surefire.junitcore.JUnitCoreWrapper.execute(JUnitCoreWrapper.java:75)
	at org.apache.maven.surefire.junitcore.JUnitCoreProvider.invoke(JUnitCoreProvider.java:158)
	at org.apache.maven.surefire.booter.ForkedBooter.runSuitesInProcess(ForkedBooter.java:377)
	at org.apache.maven.surefire.booter.ForkedBooter.execute(ForkedBooter.java:138)
	at org.apache.maven.surefire.booter.ForkedBooter.run(ForkedBooter.java:465)
	at org.apache.maven.surefire.booter.ForkedBooter.main(ForkedBooter.java:451)
NestedThrowablesStackTrace:
java.sql.BatchUpdateException: DELETE on table 'DBS' caused a violation of foreign key constraint 'TBLS_FK1' for key (3).  The statement has been rolled back.
	at org.apache.derby.impl.jdbc.EmbedStatement.executeLargeBatch(Unknown Source)
	at org.apache.derby.impl.jdbc.EmbedStatement.executeBatch(Unknown Source)
	at com.zaxxer.hikari.pool.ProxyStatement.executeBatch(ProxyStatement.java:128)
	at com.zaxxer.hikari.pool.HikariProxyPreparedStatement.executeBatch(HikariProxyPreparedStatement.java)
	at org.datanucleus.store.rdbms.ParamLoggingPreparedStatement.executeBatch(ParamLoggingPreparedStatement.java:366)
	at org.datanucleus.store.rdbms.SQLController.processConnectionStatement(SQLController.java:675)
	at org.datanucleus.store.rdbms.SQLController.processStatementsForConnection(SQLController.java:643)
	at org.datanucleus.store.rdbms.SQLController$1.transactionFlushed(SQLController.java:729)
	at org.datanucleus.store.connection.AbstractManagedConnection.transactionFlushed(AbstractManagedConnection.java:95)
	at org.datanucleus.store.connection.ConnectionManagerImpl$2.transactionFlushed(ConnectionManagerImpl.java:528)
	at org.datanucleus.TransactionImpl.flush(TransactionImpl.java:222)
	at org.datanucleus.TransactionImpl.commit(TransactionImpl.java:286)
	at org.datanucleus.api.jdo.JDOTransaction.commit(JDOTransaction.java:99)
	at org.apache.hadoop.hive.metastore.ObjectStore.commitTransaction(ObjectStore.java:615)
	at sun.reflect.GeneratedMethodAccessor31.invoke(Unknown Source)
	at sun.reflect.DelegatingMethodAccessorImpl.invoke(DelegatingMethodAccessorImpl.java:43)
	at java.lang.reflect.Method.invoke(Method.java:498)
	at org.apache.hadoop.hive.metastore.RawStoreProxy.invoke(RawStoreProxy.java:97)
	at com.sun.proxy.$Proxy32.commitTransaction(Unknown Source)
	at org.apache.hadoop.hive.metastore.HMSHandler.drop_database_core(HMSHandler.java:1790)
	at org.apache.hadoop.hive.metastore.HMSHandler.drop_database(HMSHandler.java:1869)
	at sun.reflect.GeneratedMethodAccessor54.invoke(Unknown Source)
	at sun.reflect.DelegatingMethodAccessorImpl.invoke(DelegatingMethodAccessorImpl.java:43)
	at java.lang.reflect.Method.invoke(Method.java:498)
	at org.apache.hadoop.hive.metastore.RetryingHMSHandler.invokeInternal(RetryingHMSHandler.java:147)
	at org.apache.hadoop.hive.metastore.RetryingHMSHandler.invoke(RetryingHMSHandler.java:108)
	at com.sun.proxy.$Proxy35.drop_database(Unknown Source)
	at org.apache.hadoop.hive.metastore.HiveMetaStoreClient.dropDatabaseCascadePerDb(HiveMetaStoreClient.java:1601)
	at org.apache.hadoop.hive.metastore.HiveMetaStoreClient.dropDatabase(HiveMetaStoreClient.java:1532)
	at org.apache.hadoop.hive.metastore.HiveMetaStoreClient.dropDatabase(HiveMetaStoreClient.java:1485)
	at sun.reflect.NativeMethodAccessorImpl.invoke0(Native Method)
	at sun.reflect.NativeMethodAccessorImpl.invoke(NativeMethodAccessorImpl.java:62)
	at sun.reflect.DelegatingMethodAccessorImpl.invoke(DelegatingMethodAccessorImpl.java:43)
	at java.lang.reflect.Method.invoke(Method.java:498)
	at org.apache.hadoop.hive.metastore.RetryingMetaStoreClient.invoke(RetryingMetaStoreClient.java:218)
	at com.sun.proxy.$Proxy45.dropDatabase(Unknown Source)
	at org.apache.hadoop.hive.ql.metadata.Hive.dropDatabase(Hive.java:662)
	at org.apache.hadoop.hive.ql.ddl.database.drop.DropDatabaseOperation.execute(DropDatabaseOperation.java:52)
	at org.apache.hadoop.hive.ql.ddl.DDLTask.execute(DDLTask.java:84)
	at org.apache.hadoop.hive.ql.exec.Task.executeTask(Task.java:212)
	at org.apache.hadoop.hive.ql.exec.TaskRunner.runSequential(TaskRunner.java:105)
	at org.apache.hadoop.hive.ql.Executor.launchTask(Executor.java:361)
	at org.apache.hadoop.hive.ql.Executor.launchTasks(Executor.java:334)
	at org.apache.hadoop.hive.ql.Executor.runTasks(Executor.java:245)
	at org.apache.hadoop.hive.ql.Executor.execute(Executor.java:108)
	at org.apache.hadoop.hive.ql.Driver.execute(Driver.java:348)
	at org.apache.hadoop.hive.ql.Driver.runInternal(Driver.java:204)
	at org.apache.hadoop.hive.ql.Driver.run(Driver.java:153)
	at org.apache.hadoop.hive.ql.Driver.run(Driver.java:148)
	at org.apache.hadoop.hive.ql.reexec.ReExecDriver.run(ReExecDriver.java:164)
	at org.apache.hadoop.hive.ql.reexec.ReExecDriver.run(ReExecDriver.java:230)
	at org.apache.hive.hcatalog.pig.AbstractHCatLoaderTest.executeStatementOnDriver(AbstractHCatLoaderTest.java:151)
	at org.apache.hive.hcatalog.pig.AbstractHCatLoaderTest.tearDown(AbstractHCatLoaderTest.java:239)
	at sun.reflect.NativeMethodAccessorImpl.invoke0(Native Method)
	at sun.reflect.NativeMethodAccessorImpl.invoke(NativeMethodAccessorImpl.java:62)
	at sun.reflect.DelegatingMethodAccessorImpl.invoke(DelegatingMethodAccessorImpl.java:43)
	at java.lang.reflect.Method.invoke(Method.java:498)
	at org.junit.runners.model.FrameworkMethod$1.runReflectiveCall(FrameworkMethod.java:59)
	at org.junit.internal.runners.model.ReflectiveCallable.run(ReflectiveCallable.java:12)
	at org.junit.runners.model.FrameworkMethod.invokeExplosively(FrameworkMethod.java:56)
	at org.junit.internal.runners.statements.RunAfters.invokeMethod(RunAfters.java:46)
	at org.junit.internal.runners.statements.RunAfters.evaluate(RunAfters.java:33)
	at org.junit.runners.ParentRunner$3.evaluate(ParentRunner.java:306)
	at org.junit.runners.BlockJUnit4ClassRunner$1.evaluate(BlockJUnit4ClassRunner.java:100)
	at org.junit.runners.ParentRunner.runLeaf(ParentRunner.java:366)
	at org.junit.runners.BlockJUnit4ClassRunner.runChild(BlockJUnit4ClassRunner.java:103)
	at org.junit.runners.BlockJUnit4ClassRunner.runChild(BlockJUnit4ClassRunner.java:63)
	at org.junit.runners.ParentRunner$4.run(ParentRunner.java:331)
	at org.junit.runners.ParentRunner$1.schedule(ParentRunner.java:79)
	at org.junit.runners.ParentRunner.runChildren(ParentRunner.java:329)
	at org.junit.runners.ParentRunner.access$100(ParentRunner.java:66)
	at org.junit.runners.ParentRunner$2.evaluate(ParentRunner.java:293)
	at org.junit.internal.runners.statements.RunBefores.evaluate(RunBefores.java:26)
	at org.junit.runners.ParentRunner$3.evaluate(ParentRunner.java:306)
	at org.junit.runners.ParentRunner.run(ParentRunner.java:413)
	at org.junit.runners.Suite.runChild(Suite.java:128)
	at org.junit.runners.Suite.runChild(Suite.java:27)
	at org.junit.runners.ParentRunner$4.run(ParentRunner.java:331)
	at org.junit.runners.ParentRunner$1.schedule(ParentRunner.java:79)
	at org.junit.runners.ParentRunner.runChildren(ParentRunner.java:329)
	at org.junit.runners.ParentRunner.access$100(ParentRunner.java:66)
	at org.junit.runners.ParentRunner$2.evaluate(ParentRunner.java:293)
	at org.junit.runners.ParentRunner$3.evaluate(ParentRunner.java:306)
	at org.junit.runners.ParentRunner.run(ParentRunner.java:413)
	at org.apache.maven.surefire.junitcore.JUnitCore.run(JUnitCore.java:55)
	at org.apache.maven.surefire.junitcore.JUnitCoreWrapper.createRequestAndRun(JUnitCoreWrapper.java:137)
	at org.apache.maven.surefire.junitcore.JUnitCoreWrapper.executeEager(JUnitCoreWrapper.java:107)
	at org.apache.maven.surefire.junitcore.JUnitCoreWrapper.execute(JUnitCoreWrapper.java:83)
	at org.apache.maven.surefire.junitcore.JUnitCoreWrapper.execute(JUnitCoreWrapper.java:75)
	at org.apache.maven.surefire.junitcore.JUnitCoreProvider.invoke(JUnitCoreProvider.java:158)
	at org.apache.maven.surefire.booter.ForkedBooter.runSuitesInProcess(ForkedBooter.java:377)
	at org.apache.maven.surefire.booter.ForkedBooter.execute(ForkedBooter.java:138)
	at org.apache.maven.surefire.booter.ForkedBooter.run(ForkedBooter.java:465)
	at org.apache.maven.surefire.booter.ForkedBooter.main(ForkedBooter.java:451)
Caused by: org.apache.derby.shared.common.error.DerbySQLIntegrityConstraintViolationException: DELETE on table 'DBS' caused a violation of foreign key constraint 'TBLS_FK1' for key (3).  The statement has been rolled back.
	at org.apache.derby.impl.jdbc.SQLExceptionFactory.getSQLException(Unknown Source)
	at org.apache.derby.impl.jdbc.Util.generateCsSQLException(Unknown Source)
	at org.apache.derby.impl.jdbc.TransactionResourceImpl.wrapInSQLException(Unknown Source)
	at org.apache.derby.impl.jdbc.TransactionResourceImpl.handleException(Unknown Source)
	at org.apache.derby.impl.jdbc.EmbedConnection.handleException(Unknown Source)
	at org.apache.derby.impl.jdbc.ConnectionChild.handleException(Unknown Source)
	at org.apache.derby.impl.jdbc.EmbedStatement.executeStatement(Unknown Source)
	at org.apache.derby.impl.jdbc.EmbedPreparedStatement.executeBatchElement(Unknown Source)
	... 94 more
Caused by: ERROR 23503: DELETE on table 'DBS' caused a violation of foreign key constraint 'TBLS_FK1' for key (3).  The statement has been rolled back.
	at org.apache.derby.iapi.error.StandardException.newException(Unknown Source)
	at org.apache.derby.iapi.error.StandardException.newException(Unknown Source)
	at org.apache.derby.impl.sql.execute.ReferencedKeyRIChecker.doCheck(Unknown Source)
	at org.apache.derby.impl.sql.execute.RISetChecker.doPKCheck(Unknown Source)
	at org.apache.derby.impl.sql.execute.DeleteResultSet.collectAffectedRows(Unknown Source)
	at org.apache.derby.impl.sql.execute.DeleteResultSet.open(Unknown Source)
	at org.apache.derby.impl.sql.GenericPreparedStatement.executeStmt(Unknown Source)
	at org.apache.derby.impl.sql.GenericPreparedStatement.execute(Unknown Source)
	... 96 more

2024-04-24T11:28:36,638  INFO [main] HiveMetaStore.audit: ugi=alex	ip=unknown-ip-addr	cmd=drop_database: @hive#junit_specific_db	
2024-04-24T11:28:36,644  INFO [main] HiveMetaStore.audit: ugi=alex	ip=unknown-ip-addr	cmd=get_all_tables: db=@hive#junit_specific_db	
2024-04-24T11:28:36,647  INFO [main] HiveMetaStore.audit: ugi=alex	ip=unknown-ip-addr	cmd=get_functions: db=@hive#junit_specific_db pat=*	
2024-04-24T11:28:36,657  INFO [main] HiveMetaStore.audit: ugi=alex	ip=unknown-ip-addr	cmd=get_all_stored_procedures	
2024-04-24T11:28:36,662  INFO [main] HiveMetaStore.audit: ugi=alex	ip=unknown-ip-addr	cmd=get_all_packages	
2024-04-24T11:28:36,667  INFO [main] HiveMetaStore.audit: ugi=alex	ip=unknown-ip-addr	cmd=getTablesByTypeCore: catName=hive: db=junit_specific_db pat=.*,type=MATERIALIZED_VIEW	
2024-04-24T11:28:36,677  INFO [main] metastore.ObjectStore: Dropping database hive.junit_specific_db along with all tables
2024-04-24T11:28:36,688  INFO [main] txn.TxnHandler: Non-retryable error in cleanupRecords : Table/View 'TXN_COMPONENTS' does not exist. (SQLState=42X05, ErrorCode=20000)
2024-04-24T11:28:36,688  WARN [main] txn.TxnHandler: Cannot perform cleanup since metastore table does not exist
2024-04-24T11:28:36,689 ERROR [main] metastore.RetryingHMSHandler: HMSHandler Fatal error: javax.jdo.JDODataStoreException: Exception thrown flushing changes to datastore
	at org.datanucleus.api.jdo.NucleusJDOHelper.getJDOExceptionForNucleusException(NucleusJDOHelper.java:542)
	at org.datanucleus.api.jdo.JDOTransaction.commit(JDOTransaction.java:162)
	at org.apache.hadoop.hive.metastore.ObjectStore.commitTransaction(ObjectStore.java:615)
	at sun.reflect.GeneratedMethodAccessor31.invoke(Unknown Source)
	at sun.reflect.DelegatingMethodAccessorImpl.invoke(DelegatingMethodAccessorImpl.java:43)
	at java.lang.reflect.Method.invoke(Method.java:498)
	at org.apache.hadoop.hive.metastore.RawStoreProxy.invoke(RawStoreProxy.java:97)
	at com.sun.proxy.$Proxy32.commitTransaction(Unknown Source)
	at org.apache.hadoop.hive.metastore.HMSHandler.drop_database_core(HMSHandler.java:1790)
	at org.apache.hadoop.hive.metastore.HMSHandler.drop_database(HMSHandler.java:1869)
	at sun.reflect.GeneratedMethodAccessor54.invoke(Unknown Source)
	at sun.reflect.DelegatingMethodAccessorImpl.invoke(DelegatingMethodAccessorImpl.java:43)
	at java.lang.reflect.Method.invoke(Method.java:498)
	at org.apache.hadoop.hive.metastore.RetryingHMSHandler.invokeInternal(RetryingHMSHandler.java:147)
	at org.apache.hadoop.hive.metastore.RetryingHMSHandler.invoke(RetryingHMSHandler.java:108)
	at com.sun.proxy.$Proxy35.drop_database(Unknown Source)
	at org.apache.hadoop.hive.metastore.HiveMetaStoreClient.dropDatabaseCascadePerDb(HiveMetaStoreClient.java:1601)
	at org.apache.hadoop.hive.metastore.HiveMetaStoreClient.dropDatabase(HiveMetaStoreClient.java:1532)
	at org.apache.hadoop.hive.metastore.HiveMetaStoreClient.dropDatabase(HiveMetaStoreClient.java:1485)
	at sun.reflect.NativeMethodAccessorImpl.invoke0(Native Method)
	at sun.reflect.NativeMethodAccessorImpl.invoke(NativeMethodAccessorImpl.java:62)
	at sun.reflect.DelegatingMethodAccessorImpl.invoke(DelegatingMethodAccessorImpl.java:43)
	at java.lang.reflect.Method.invoke(Method.java:498)
	at org.apache.hadoop.hive.metastore.RetryingMetaStoreClient.invoke(RetryingMetaStoreClient.java:218)
	at com.sun.proxy.$Proxy45.dropDatabase(Unknown Source)
	at org.apache.hadoop.hive.ql.metadata.Hive.dropDatabase(Hive.java:662)
	at org.apache.hadoop.hive.ql.ddl.database.drop.DropDatabaseOperation.execute(DropDatabaseOperation.java:52)
	at org.apache.hadoop.hive.ql.ddl.DDLTask.execute(DDLTask.java:84)
	at org.apache.hadoop.hive.ql.exec.Task.executeTask(Task.java:212)
	at org.apache.hadoop.hive.ql.exec.TaskRunner.runSequential(TaskRunner.java:105)
	at org.apache.hadoop.hive.ql.Executor.launchTask(Executor.java:361)
	at org.apache.hadoop.hive.ql.Executor.launchTasks(Executor.java:334)
	at org.apache.hadoop.hive.ql.Executor.runTasks(Executor.java:245)
	at org.apache.hadoop.hive.ql.Executor.execute(Executor.java:108)
	at org.apache.hadoop.hive.ql.Driver.execute(Driver.java:348)
	at org.apache.hadoop.hive.ql.Driver.runInternal(Driver.java:204)
	at org.apache.hadoop.hive.ql.Driver.run(Driver.java:153)
	at org.apache.hadoop.hive.ql.Driver.run(Driver.java:148)
	at org.apache.hadoop.hive.ql.reexec.ReExecDriver.run(ReExecDriver.java:164)
	at org.apache.hadoop.hive.ql.reexec.ReExecDriver.run(ReExecDriver.java:230)
	at org.apache.hive.hcatalog.pig.AbstractHCatLoaderTest.executeStatementOnDriver(AbstractHCatLoaderTest.java:151)
	at org.apache.hive.hcatalog.pig.AbstractHCatLoaderTest.tearDown(AbstractHCatLoaderTest.java:239)
	at sun.reflect.NativeMethodAccessorImpl.invoke0(Native Method)
	at sun.reflect.NativeMethodAccessorImpl.invoke(NativeMethodAccessorImpl.java:62)
	at sun.reflect.DelegatingMethodAccessorImpl.invoke(DelegatingMethodAccessorImpl.java:43)
	at java.lang.reflect.Method.invoke(Method.java:498)
	at org.junit.runners.model.FrameworkMethod$1.runReflectiveCall(FrameworkMethod.java:59)
	at org.junit.internal.runners.model.ReflectiveCallable.run(ReflectiveCallable.java:12)
	at org.junit.runners.model.FrameworkMethod.invokeExplosively(FrameworkMethod.java:56)
	at org.junit.internal.runners.statements.RunAfters.invokeMethod(RunAfters.java:46)
	at org.junit.internal.runners.statements.RunAfters.evaluate(RunAfters.java:33)
	at org.junit.runners.ParentRunner$3.evaluate(ParentRunner.java:306)
	at org.junit.runners.BlockJUnit4ClassRunner$1.evaluate(BlockJUnit4ClassRunner.java:100)
	at org.junit.runners.ParentRunner.runLeaf(ParentRunner.java:366)
	at org.junit.runners.BlockJUnit4ClassRunner.runChild(BlockJUnit4ClassRunner.java:103)
	at org.junit.runners.BlockJUnit4ClassRunner.runChild(BlockJUnit4ClassRunner.java:63)
	at org.junit.runners.ParentRunner$4.run(ParentRunner.java:331)
	at org.junit.runners.ParentRunner$1.schedule(ParentRunner.java:79)
	at org.junit.runners.ParentRunner.runChildren(ParentRunner.java:329)
	at org.junit.runners.ParentRunner.access$100(ParentRunner.java:66)
	at org.junit.runners.ParentRunner$2.evaluate(ParentRunner.java:293)
	at org.junit.internal.runners.statements.RunBefores.evaluate(RunBefores.java:26)
	at org.junit.runners.ParentRunner$3.evaluate(ParentRunner.java:306)
	at org.junit.runners.ParentRunner.run(ParentRunner.java:413)
	at org.junit.runners.Suite.runChild(Suite.java:128)
	at org.junit.runners.Suite.runChild(Suite.java:27)
	at org.junit.runners.ParentRunner$4.run(ParentRunner.java:331)
	at org.junit.runners.ParentRunner$1.schedule(ParentRunner.java:79)
	at org.junit.runners.ParentRunner.runChildren(ParentRunner.java:329)
	at org.junit.runners.ParentRunner.access$100(ParentRunner.java:66)
	at org.junit.runners.ParentRunner$2.evaluate(ParentRunner.java:293)
	at org.junit.runners.ParentRunner$3.evaluate(ParentRunner.java:306)
	at org.junit.runners.ParentRunner.run(ParentRunner.java:413)
	at org.apache.maven.surefire.junitcore.JUnitCore.run(JUnitCore.java:55)
	at org.apache.maven.surefire.junitcore.JUnitCoreWrapper.createRequestAndRun(JUnitCoreWrapper.java:137)
	at org.apache.maven.surefire.junitcore.JUnitCoreWrapper.executeEager(JUnitCoreWrapper.java:107)
	at org.apache.maven.surefire.junitcore.JUnitCoreWrapper.execute(JUnitCoreWrapper.java:83)
	at org.apache.maven.surefire.junitcore.JUnitCoreWrapper.execute(JUnitCoreWrapper.java:75)
	at org.apache.maven.surefire.junitcore.JUnitCoreProvider.invoke(JUnitCoreProvider.java:158)
	at org.apache.maven.surefire.booter.ForkedBooter.runSuitesInProcess(ForkedBooter.java:377)
	at org.apache.maven.surefire.booter.ForkedBooter.execute(ForkedBooter.java:138)
	at org.apache.maven.surefire.booter.ForkedBooter.run(ForkedBooter.java:465)
	at org.apache.maven.surefire.booter.ForkedBooter.main(ForkedBooter.java:451)
NestedThrowablesStackTrace:
java.sql.BatchUpdateException: DELETE on table 'DBS' caused a violation of foreign key constraint 'TBLS_FK1' for key (3).  The statement has been rolled back.
	at org.apache.derby.impl.jdbc.EmbedStatement.executeLargeBatch(Unknown Source)
	at org.apache.derby.impl.jdbc.EmbedStatement.executeBatch(Unknown Source)
	at com.zaxxer.hikari.pool.ProxyStatement.executeBatch(ProxyStatement.java:128)
	at com.zaxxer.hikari.pool.HikariProxyPreparedStatement.executeBatch(HikariProxyPreparedStatement.java)
	at org.datanucleus.store.rdbms.ParamLoggingPreparedStatement.executeBatch(ParamLoggingPreparedStatement.java:366)
	at org.datanucleus.store.rdbms.SQLController.processConnectionStatement(SQLController.java:675)
	at org.datanucleus.store.rdbms.SQLController.processStatementsForConnection(SQLController.java:643)
	at org.datanucleus.store.rdbms.SQLController$1.transactionFlushed(SQLController.java:729)
	at org.datanucleus.store.connection.AbstractManagedConnection.transactionFlushed(AbstractManagedConnection.java:95)
	at org.datanucleus.store.connection.ConnectionManagerImpl$2.transactionFlushed(ConnectionManagerImpl.java:528)
	at org.datanucleus.TransactionImpl.flush(TransactionImpl.java:222)
	at org.datanucleus.TransactionImpl.commit(TransactionImpl.java:286)
	at org.datanucleus.api.jdo.JDOTransaction.commit(JDOTransaction.java:99)
	at org.apache.hadoop.hive.metastore.ObjectStore.commitTransaction(ObjectStore.java:615)
	at sun.reflect.GeneratedMethodAccessor31.invoke(Unknown Source)
	at sun.reflect.DelegatingMethodAccessorImpl.invoke(DelegatingMethodAccessorImpl.java:43)
	at java.lang.reflect.Method.invoke(Method.java:498)
	at org.apache.hadoop.hive.metastore.RawStoreProxy.invoke(RawStoreProxy.java:97)
	at com.sun.proxy.$Proxy32.commitTransaction(Unknown Source)
	at org.apache.hadoop.hive.metastore.HMSHandler.drop_database_core(HMSHandler.java:1790)
	at org.apache.hadoop.hive.metastore.HMSHandler.drop_database(HMSHandler.java:1869)
	at sun.reflect.GeneratedMethodAccessor54.invoke(Unknown Source)
	at sun.reflect.DelegatingMethodAccessorImpl.invoke(DelegatingMethodAccessorImpl.java:43)
	at java.lang.reflect.Method.invoke(Method.java:498)
	at org.apache.hadoop.hive.metastore.RetryingHMSHandler.invokeInternal(RetryingHMSHandler.java:147)
	at org.apache.hadoop.hive.metastore.RetryingHMSHandler.invoke(RetryingHMSHandler.java:108)
	at com.sun.proxy.$Proxy35.drop_database(Unknown Source)
	at org.apache.hadoop.hive.metastore.HiveMetaStoreClient.dropDatabaseCascadePerDb(HiveMetaStoreClient.java:1601)
	at org.apache.hadoop.hive.metastore.HiveMetaStoreClient.dropDatabase(HiveMetaStoreClient.java:1532)
	at org.apache.hadoop.hive.metastore.HiveMetaStoreClient.dropDatabase(HiveMetaStoreClient.java:1485)
	at sun.reflect.NativeMethodAccessorImpl.invoke0(Native Method)
	at sun.reflect.NativeMethodAccessorImpl.invoke(NativeMethodAccessorImpl.java:62)
	at sun.reflect.DelegatingMethodAccessorImpl.invoke(DelegatingMethodAccessorImpl.java:43)
	at java.lang.reflect.Method.invoke(Method.java:498)
	at org.apache.hadoop.hive.metastore.RetryingMetaStoreClient.invoke(RetryingMetaStoreClient.java:218)
	at com.sun.proxy.$Proxy45.dropDatabase(Unknown Source)
	at org.apache.hadoop.hive.ql.metadata.Hive.dropDatabase(Hive.java:662)
	at org.apache.hadoop.hive.ql.ddl.database.drop.DropDatabaseOperation.execute(DropDatabaseOperation.java:52)
	at org.apache.hadoop.hive.ql.ddl.DDLTask.execute(DDLTask.java:84)
	at org.apache.hadoop.hive.ql.exec.Task.executeTask(Task.java:212)
	at org.apache.hadoop.hive.ql.exec.TaskRunner.runSequential(TaskRunner.java:105)
	at org.apache.hadoop.hive.ql.Executor.launchTask(Executor.java:361)
	at org.apache.hadoop.hive.ql.Executor.launchTasks(Executor.java:334)
	at org.apache.hadoop.hive.ql.Executor.runTasks(Executor.java:245)
	at org.apache.hadoop.hive.ql.Executor.execute(Executor.java:108)
	at org.apache.hadoop.hive.ql.Driver.execute(Driver.java:348)
	at org.apache.hadoop.hive.ql.Driver.runInternal(Driver.java:204)
	at org.apache.hadoop.hive.ql.Driver.run(Driver.java:153)
	at org.apache.hadoop.hive.ql.Driver.run(Driver.java:148)
	at org.apache.hadoop.hive.ql.reexec.ReExecDriver.run(ReExecDriver.java:164)
	at org.apache.hadoop.hive.ql.reexec.ReExecDriver.run(ReExecDriver.java:230)
	at org.apache.hive.hcatalog.pig.AbstractHCatLoaderTest.executeStatementOnDriver(AbstractHCatLoaderTest.java:151)
	at org.apache.hive.hcatalog.pig.AbstractHCatLoaderTest.tearDown(AbstractHCatLoaderTest.java:239)
	at sun.reflect.NativeMethodAccessorImpl.invoke0(Native Method)
	at sun.reflect.NativeMethodAccessorImpl.invoke(NativeMethodAccessorImpl.java:62)
	at sun.reflect.DelegatingMethodAccessorImpl.invoke(DelegatingMethodAccessorImpl.java:43)
	at java.lang.reflect.Method.invoke(Method.java:498)
	at org.junit.runners.model.FrameworkMethod$1.runReflectiveCall(FrameworkMethod.java:59)
	at org.junit.internal.runners.model.ReflectiveCallable.run(ReflectiveCallable.java:12)
	at org.junit.runners.model.FrameworkMethod.invokeExplosively(FrameworkMethod.java:56)
	at org.junit.internal.runners.statements.RunAfters.invokeMethod(RunAfters.java:46)
	at org.junit.internal.runners.statements.RunAfters.evaluate(RunAfters.java:33)
	at org.junit.runners.ParentRunner$3.evaluate(ParentRunner.java:306)
	at org.junit.runners.BlockJUnit4ClassRunner$1.evaluate(BlockJUnit4ClassRunner.java:100)
	at org.junit.runners.ParentRunner.runLeaf(ParentRunner.java:366)
	at org.junit.runners.BlockJUnit4ClassRunner.runChild(BlockJUnit4ClassRunner.java:103)
	at org.junit.runners.BlockJUnit4ClassRunner.runChild(BlockJUnit4ClassRunner.java:63)
	at org.junit.runners.ParentRunner$4.run(ParentRunner.java:331)
	at org.junit.runners.ParentRunner$1.schedule(ParentRunner.java:79)
	at org.junit.runners.ParentRunner.runChildren(ParentRunner.java:329)
	at org.junit.runners.ParentRunner.access$100(ParentRunner.java:66)
	at org.junit.runners.ParentRunner$2.evaluate(ParentRunner.java:293)
	at org.junit.internal.runners.statements.RunBefores.evaluate(RunBefores.java:26)
	at org.junit.runners.ParentRunner$3.evaluate(ParentRunner.java:306)
	at org.junit.runners.ParentRunner.run(ParentRunner.java:413)
	at org.junit.runners.Suite.runChild(Suite.java:128)
	at org.junit.runners.Suite.runChild(Suite.java:27)
	at org.junit.runners.ParentRunner$4.run(ParentRunner.java:331)
	at org.junit.runners.ParentRunner$1.schedule(ParentRunner.java:79)
	at org.junit.runners.ParentRunner.runChildren(ParentRunner.java:329)
	at org.junit.runners.ParentRunner.access$100(ParentRunner.java:66)
	at org.junit.runners.ParentRunner$2.evaluate(ParentRunner.java:293)
	at org.junit.runners.ParentRunner$3.evaluate(ParentRunner.java:306)
	at org.junit.runners.ParentRunner.run(ParentRunner.java:413)
	at org.apache.maven.surefire.junitcore.JUnitCore.run(JUnitCore.java:55)
	at org.apache.maven.surefire.junitcore.JUnitCoreWrapper.createRequestAndRun(JUnitCoreWrapper.java:137)
	at org.apache.maven.surefire.junitcore.JUnitCoreWrapper.executeEager(JUnitCoreWrapper.java:107)
	at org.apache.maven.surefire.junitcore.JUnitCoreWrapper.execute(JUnitCoreWrapper.java:83)
	at org.apache.maven.surefire.junitcore.JUnitCoreWrapper.execute(JUnitCoreWrapper.java:75)
	at org.apache.maven.surefire.junitcore.JUnitCoreProvider.invoke(JUnitCoreProvider.java:158)
	at org.apache.maven.surefire.booter.ForkedBooter.runSuitesInProcess(ForkedBooter.java:377)
	at org.apache.maven.surefire.booter.ForkedBooter.execute(ForkedBooter.java:138)
	at org.apache.maven.surefire.booter.ForkedBooter.run(ForkedBooter.java:465)
	at org.apache.maven.surefire.booter.ForkedBooter.main(ForkedBooter.java:451)
Caused by: org.apache.derby.shared.common.error.DerbySQLIntegrityConstraintViolationException: DELETE on table 'DBS' caused a violation of foreign key constraint 'TBLS_FK1' for key (3).  The statement has been rolled back.
	at org.apache.derby.impl.jdbc.SQLExceptionFactory.getSQLException(Unknown Source)
	at org.apache.derby.impl.jdbc.Util.generateCsSQLException(Unknown Source)
	at org.apache.derby.impl.jdbc.TransactionResourceImpl.wrapInSQLException(Unknown Source)
	at org.apache.derby.impl.jdbc.TransactionResourceImpl.handleException(Unknown Source)
	at org.apache.derby.impl.jdbc.EmbedConnection.handleException(Unknown Source)
	at org.apache.derby.impl.jdbc.ConnectionChild.handleException(Unknown Source)
	at org.apache.derby.impl.jdbc.EmbedStatement.executeStatement(Unknown Source)
	at org.apache.derby.impl.jdbc.EmbedPreparedStatement.executeBatchElement(Unknown Source)
	... 94 more
Caused by: ERROR 23503: DELETE on table 'DBS' caused a violation of foreign key constraint 'TBLS_FK1' for key (3).  The statement has been rolled back.
	at org.apache.derby.iapi.error.StandardException.newException(Unknown Source)
	at org.apache.derby.iapi.error.StandardException.newException(Unknown Source)
	at org.apache.derby.impl.sql.execute.ReferencedKeyRIChecker.doCheck(Unknown Source)
	at org.apache.derby.impl.sql.execute.RISetChecker.doPKCheck(Unknown Source)
	at org.apache.derby.impl.sql.execute.DeleteResultSet.collectAffectedRows(Unknown Source)
	at org.apache.derby.impl.sql.execute.DeleteResultSet.open(Unknown Source)
	at org.apache.derby.impl.sql.GenericPreparedStatement.executeStmt(Unknown Source)
	at org.apache.derby.impl.sql.GenericPreparedStatement.execute(Unknown Source)
	... 96 more

2024-04-24T11:28:36,690 ERROR [main] exec.Task: Failed
org.apache.hadoop.hive.ql.metadata.HiveException: MetaException(message:javax.jdo.JDODataStoreException: Exception thrown flushing changes to datastore
NestedThrowables:
java.sql.BatchUpdateException: DELETE on table 'DBS' caused a violation of foreign key constraint 'TBLS_FK1' for key (3).  The statement has been rolled back.)
	at org.apache.hadoop.hive.ql.metadata.Hive.dropDatabase(Hive.java:666) ~[classes/:?]
	at org.apache.hadoop.hive.ql.ddl.database.drop.DropDatabaseOperation.execute(DropDatabaseOperation.java:52) ~[classes/:?]
	at org.apache.hadoop.hive.ql.ddl.DDLTask.execute(DDLTask.java:84) [classes/:?]
	at org.apache.hadoop.hive.ql.exec.Task.executeTask(Task.java:212) [classes/:?]
	at org.apache.hadoop.hive.ql.exec.TaskRunner.runSequential(TaskRunner.java:105) [classes/:?]
	at org.apache.hadoop.hive.ql.Executor.launchTask(Executor.java:361) [classes/:?]
	at org.apache.hadoop.hive.ql.Executor.launchTasks(Executor.java:334) [classes/:?]
	at org.apache.hadoop.hive.ql.Executor.runTasks(Executor.java:245) [classes/:?]
	at org.apache.hadoop.hive.ql.Executor.execute(Executor.java:108) [classes/:?]
	at org.apache.hadoop.hive.ql.Driver.execute(Driver.java:348) [classes/:?]
	at org.apache.hadoop.hive.ql.Driver.runInternal(Driver.java:204) [classes/:?]
	at org.apache.hadoop.hive.ql.Driver.run(Driver.java:153) [classes/:?]
	at org.apache.hadoop.hive.ql.Driver.run(Driver.java:148) [classes/:?]
	at org.apache.hadoop.hive.ql.reexec.ReExecDriver.run(ReExecDriver.java:164) [classes/:?]
	at org.apache.hadoop.hive.ql.reexec.ReExecDriver.run(ReExecDriver.java:230) [classes/:?]
	at org.apache.hive.hcatalog.pig.AbstractHCatLoaderTest.executeStatementOnDriver(AbstractHCatLoaderTest.java:151) [test-classes/:?]
	at org.apache.hive.hcatalog.pig.AbstractHCatLoaderTest.tearDown(AbstractHCatLoaderTest.java:239) [test-classes/:?]
	at sun.reflect.NativeMethodAccessorImpl.invoke0(Native Method) ~[?:1.8.0_402]
	at sun.reflect.NativeMethodAccessorImpl.invoke(NativeMethodAccessorImpl.java:62) ~[?:1.8.0_402]
	at sun.reflect.DelegatingMethodAccessorImpl.invoke(DelegatingMethodAccessorImpl.java:43) ~[?:1.8.0_402]
	at java.lang.reflect.Method.invoke(Method.java:498) ~[?:1.8.0_402]
	at org.junit.runners.model.FrameworkMethod$1.runReflectiveCall(FrameworkMethod.java:59) [junit-4.13.jar:4.13]
	at org.junit.internal.runners.model.ReflectiveCallable.run(ReflectiveCallable.java:12) [junit-4.13.jar:4.13]
	at org.junit.runners.model.FrameworkMethod.invokeExplosively(FrameworkMethod.java:56) [junit-4.13.jar:4.13]
	at org.junit.internal.runners.statements.RunAfters.invokeMethod(RunAfters.java:46) [junit-4.13.jar:4.13]
	at org.junit.internal.runners.statements.RunAfters.evaluate(RunAfters.java:33) [junit-4.13.jar:4.13]
	at org.junit.runners.ParentRunner$3.evaluate(ParentRunner.java:306) [junit-4.13.jar:4.13]
	at org.junit.runners.BlockJUnit4ClassRunner$1.evaluate(BlockJUnit4ClassRunner.java:100) [junit-4.13.jar:4.13]
	at org.junit.runners.ParentRunner.runLeaf(ParentRunner.java:366) [junit-4.13.jar:4.13]
	at org.junit.runners.BlockJUnit4ClassRunner.runChild(BlockJUnit4ClassRunner.java:103) [junit-4.13.jar:4.13]
	at org.junit.runners.BlockJUnit4ClassRunner.runChild(BlockJUnit4ClassRunner.java:63) [junit-4.13.jar:4.13]
	at org.junit.runners.ParentRunner$4.run(ParentRunner.java:331) [junit-4.13.jar:4.13]
	at org.junit.runners.ParentRunner$1.schedule(ParentRunner.java:79) [junit-4.13.jar:4.13]
	at org.junit.runners.ParentRunner.runChildren(ParentRunner.java:329) [junit-4.13.jar:4.13]
	at org.junit.runners.ParentRunner.access$100(ParentRunner.java:66) [junit-4.13.jar:4.13]
	at org.junit.runners.ParentRunner$2.evaluate(ParentRunner.java:293) [junit-4.13.jar:4.13]
	at org.junit.internal.runners.statements.RunBefores.evaluate(RunBefores.java:26) [junit-4.13.jar:4.13]
	at org.junit.runners.ParentRunner$3.evaluate(ParentRunner.java:306) [junit-4.13.jar:4.13]
	at org.junit.runners.ParentRunner.run(ParentRunner.java:413) [junit-4.13.jar:4.13]
	at org.junit.runners.Suite.runChild(Suite.java:128) [junit-4.13.jar:4.13]
	at org.junit.runners.Suite.runChild(Suite.java:27) [junit-4.13.jar:4.13]
	at org.junit.runners.ParentRunner$4.run(ParentRunner.java:331) [junit-4.13.jar:4.13]
	at org.junit.runners.ParentRunner$1.schedule(ParentRunner.java:79) [junit-4.13.jar:4.13]
	at org.junit.runners.ParentRunner.runChildren(ParentRunner.java:329) [junit-4.13.jar:4.13]
	at org.junit.runners.ParentRunner.access$100(ParentRunner.java:66) [junit-4.13.jar:4.13]
	at org.junit.runners.ParentRunner$2.evaluate(ParentRunner.java:293) [junit-4.13.jar:4.13]
	at org.junit.runners.ParentRunner$3.evaluate(ParentRunner.java:306) [junit-4.13.jar:4.13]
	at org.junit.runners.ParentRunner.run(ParentRunner.java:413) [junit-4.13.jar:4.13]
	at org.apache.maven.surefire.junitcore.JUnitCore.run(JUnitCore.java:55) [surefire-junit47-3.0.0-M4.jar:3.0.0-M4]
	at org.apache.maven.surefire.junitcore.JUnitCoreWrapper.createRequestAndRun(JUnitCoreWrapper.java:137) [surefire-junit47-3.0.0-M4.jar:3.0.0-M4]
	at org.apache.maven.surefire.junitcore.JUnitCoreWrapper.executeEager(JUnitCoreWrapper.java:107) [surefire-junit47-3.0.0-M4.jar:3.0.0-M4]
	at org.apache.maven.surefire.junitcore.JUnitCoreWrapper.execute(JUnitCoreWrapper.java:83) [surefire-junit47-3.0.0-M4.jar:3.0.0-M4]
	at org.apache.maven.surefire.junitcore.JUnitCoreWrapper.execute(JUnitCoreWrapper.java:75) [surefire-junit47-3.0.0-M4.jar:3.0.0-M4]
	at org.apache.maven.surefire.junitcore.JUnitCoreProvider.invoke(JUnitCoreProvider.java:158) [surefire-junit47-3.0.0-M4.jar:3.0.0-M4]
	at org.apache.maven.surefire.booter.ForkedBooter.runSuitesInProcess(ForkedBooter.java:377) [surefire-booter-3.0.0-M4.jar:3.0.0-M4]
	at org.apache.maven.surefire.booter.ForkedBooter.execute(ForkedBooter.java:138) [surefire-booter-3.0.0-M4.jar:3.0.0-M4]
	at org.apache.maven.surefire.booter.ForkedBooter.run(ForkedBooter.java:465) [surefire-booter-3.0.0-M4.jar:3.0.0-M4]
	at org.apache.maven.surefire.booter.ForkedBooter.main(ForkedBooter.java:451) [surefire-booter-3.0.0-M4.jar:3.0.0-M4]
Caused by: org.apache.hadoop.hive.metastore.api.MetaException: javax.jdo.JDODataStoreException: Exception thrown flushing changes to datastore
NestedThrowables:
java.sql.BatchUpdateException: DELETE on table 'DBS' caused a violation of foreign key constraint 'TBLS_FK1' for key (3).  The statement has been rolled back.
	at org.apache.hadoop.hive.metastore.RetryingHMSHandler.invokeInternal(RetryingHMSHandler.java:209) ~[classes/:?]
	at org.apache.hadoop.hive.metastore.RetryingHMSHandler.invoke(RetryingHMSHandler.java:108) ~[classes/:?]
	at com.sun.proxy.$Proxy35.drop_database(Unknown Source) ~[?:?]
	at org.apache.hadoop.hive.metastore.HiveMetaStoreClient.dropDatabaseCascadePerDb(HiveMetaStoreClient.java:1601) ~[classes/:?]
	at org.apache.hadoop.hive.metastore.HiveMetaStoreClient.dropDatabase(HiveMetaStoreClient.java:1532) ~[classes/:?]
	at org.apache.hadoop.hive.metastore.HiveMetaStoreClient.dropDatabase(HiveMetaStoreClient.java:1485) ~[classes/:?]
	at sun.reflect.NativeMethodAccessorImpl.invoke0(Native Method) ~[?:1.8.0_402]
	at sun.reflect.NativeMethodAccessorImpl.invoke(NativeMethodAccessorImpl.java:62) ~[?:1.8.0_402]
	at sun.reflect.DelegatingMethodAccessorImpl.invoke(DelegatingMethodAccessorImpl.java:43) ~[?:1.8.0_402]
	at java.lang.reflect.Method.invoke(Method.java:498) ~[?:1.8.0_402]
	at org.apache.hadoop.hive.metastore.RetryingMetaStoreClient.invoke(RetryingMetaStoreClient.java:218) ~[classes/:?]
	at com.sun.proxy.$Proxy45.dropDatabase(Unknown Source) ~[?:?]
	at org.apache.hadoop.hive.ql.metadata.Hive.dropDatabase(Hive.java:662) ~[classes/:?]
	... 57 more
Caused by: javax.jdo.JDODataStoreException: Exception thrown flushing changes to datastore
	at org.datanucleus.api.jdo.NucleusJDOHelper.getJDOExceptionForNucleusException(NucleusJDOHelper.java:542) ~[datanucleus-api-jdo-5.2.4.jar:?]
	at org.datanucleus.api.jdo.JDOTransaction.commit(JDOTransaction.java:162) ~[datanucleus-api-jdo-5.2.4.jar:?]
	at org.apache.hadoop.hive.metastore.ObjectStore.commitTransaction(ObjectStore.java:615) ~[classes/:?]
	at sun.reflect.GeneratedMethodAccessor31.invoke(Unknown Source) ~[?:?]
	at sun.reflect.DelegatingMethodAccessorImpl.invoke(DelegatingMethodAccessorImpl.java:43) ~[?:1.8.0_402]
	at java.lang.reflect.Method.invoke(Method.java:498) ~[?:1.8.0_402]
	at org.apache.hadoop.hive.metastore.RawStoreProxy.invoke(RawStoreProxy.java:97) ~[classes/:?]
	at com.sun.proxy.$Proxy32.commitTransaction(Unknown Source) ~[?:?]
	at org.apache.hadoop.hive.metastore.HMSHandler.drop_database_core(HMSHandler.java:1790) ~[classes/:?]
	at org.apache.hadoop.hive.metastore.HMSHandler.drop_database(HMSHandler.java:1869) ~[classes/:?]
	at sun.reflect.GeneratedMethodAccessor54.invoke(Unknown Source) ~[?:?]
	at sun.reflect.DelegatingMethodAccessorImpl.invoke(DelegatingMethodAccessorImpl.java:43) ~[?:1.8.0_402]
	at java.lang.reflect.Method.invoke(Method.java:498) ~[?:1.8.0_402]
	at org.apache.hadoop.hive.metastore.RetryingHMSHandler.invokeInternal(RetryingHMSHandler.java:147) ~[classes/:?]
	at org.apache.hadoop.hive.metastore.RetryingHMSHandler.invoke(RetryingHMSHandler.java:108) ~[classes/:?]
	at com.sun.proxy.$Proxy35.drop_database(Unknown Source) ~[?:?]
	at org.apache.hadoop.hive.metastore.HiveMetaStoreClient.dropDatabaseCascadePerDb(HiveMetaStoreClient.java:1601) ~[classes/:?]
	at org.apache.hadoop.hive.metastore.HiveMetaStoreClient.dropDatabase(HiveMetaStoreClient.java:1532) ~[classes/:?]
	at org.apache.hadoop.hive.metastore.HiveMetaStoreClient.dropDatabase(HiveMetaStoreClient.java:1485) ~[classes/:?]
	at sun.reflect.NativeMethodAccessorImpl.invoke0(Native Method) ~[?:1.8.0_402]
	at sun.reflect.NativeMethodAccessorImpl.invoke(NativeMethodAccessorImpl.java:62) ~[?:1.8.0_402]
	at sun.reflect.DelegatingMethodAccessorImpl.invoke(DelegatingMethodAccessorImpl.java:43) ~[?:1.8.0_402]
	at java.lang.reflect.Method.invoke(Method.java:498) ~[?:1.8.0_402]
	at org.apache.hadoop.hive.metastore.RetryingMetaStoreClient.invoke(RetryingMetaStoreClient.java:218) ~[classes/:?]
	at com.sun.proxy.$Proxy45.dropDatabase(Unknown Source) ~[?:?]
	at org.apache.hadoop.hive.ql.metadata.Hive.dropDatabase(Hive.java:662) ~[classes/:?]
	... 57 more
Caused by: java.sql.BatchUpdateException: DELETE on table 'DBS' caused a violation of foreign key constraint 'TBLS_FK1' for key (3).  The statement has been rolled back.
	at org.apache.derby.impl.jdbc.EmbedStatement.executeLargeBatch(Unknown Source) ~[derby-10.14.1.0.jar:?]
	at org.apache.derby.impl.jdbc.EmbedStatement.executeBatch(Unknown Source) ~[derby-10.14.1.0.jar:?]
	at com.zaxxer.hikari.pool.ProxyStatement.executeBatch(ProxyStatement.java:128) ~[HikariCP-java7-2.4.12.jar:?]
	at com.zaxxer.hikari.pool.HikariProxyPreparedStatement.executeBatch(HikariProxyPreparedStatement.java) ~[HikariCP-java7-2.4.12.jar:?]
	at org.datanucleus.store.rdbms.ParamLoggingPreparedStatement.executeBatch(ParamLoggingPreparedStatement.java:366) ~[datanucleus-rdbms-5.2.4.jar:?]
	at org.datanucleus.store.rdbms.SQLController.processConnectionStatement(SQLController.java:675) ~[datanucleus-rdbms-5.2.4.jar:?]
	at org.datanucleus.store.rdbms.SQLController.processStatementsForConnection(SQLController.java:643) ~[datanucleus-rdbms-5.2.4.jar:?]
	at org.datanucleus.store.rdbms.SQLController$1.transactionFlushed(SQLController.java:729) ~[datanucleus-rdbms-5.2.4.jar:?]
	at org.datanucleus.store.connection.AbstractManagedConnection.transactionFlushed(AbstractManagedConnection.java:95) ~[datanucleus-core-5.2.4.jar:?]
	at org.datanucleus.store.connection.ConnectionManagerImpl$2.transactionFlushed(ConnectionManagerImpl.java:528) ~[datanucleus-core-5.2.4.jar:?]
	at org.datanucleus.TransactionImpl.flush(TransactionImpl.java:222) ~[datanucleus-core-5.2.4.jar:?]
	at org.datanucleus.TransactionImpl.commit(TransactionImpl.java:286) ~[datanucleus-core-5.2.4.jar:?]
	at org.datanucleus.api.jdo.JDOTransaction.commit(JDOTransaction.java:99) ~[datanucleus-api-jdo-5.2.4.jar:?]
	at org.apache.hadoop.hive.metastore.ObjectStore.commitTransaction(ObjectStore.java:615) ~[classes/:?]
	at sun.reflect.GeneratedMethodAccessor31.invoke(Unknown Source) ~[?:?]
	at sun.reflect.DelegatingMethodAccessorImpl.invoke(DelegatingMethodAccessorImpl.java:43) ~[?:1.8.0_402]
	at java.lang.reflect.Method.invoke(Method.java:498) ~[?:1.8.0_402]
	at org.apache.hadoop.hive.metastore.RawStoreProxy.invoke(RawStoreProxy.java:97) ~[classes/:?]
	at com.sun.proxy.$Proxy32.commitTransaction(Unknown Source) ~[?:?]
	at org.apache.hadoop.hive.metastore.HMSHandler.drop_database_core(HMSHandler.java:1790) ~[classes/:?]
	at org.apache.hadoop.hive.metastore.HMSHandler.drop_database(HMSHandler.java:1869) ~[classes/:?]
	at sun.reflect.GeneratedMethodAccessor54.invoke(Unknown Source) ~[?:?]
	at sun.reflect.DelegatingMethodAccessorImpl.invoke(DelegatingMethodAccessorImpl.java:43) ~[?:1.8.0_402]
	at java.lang.reflect.Method.invoke(Method.java:498) ~[?:1.8.0_402]
	at org.apache.hadoop.hive.metastore.RetryingHMSHandler.invokeInternal(RetryingHMSHandler.java:147) ~[classes/:?]
	at org.apache.hadoop.hive.metastore.RetryingHMSHandler.invoke(RetryingHMSHandler.java:108) ~[classes/:?]
	at com.sun.proxy.$Proxy35.drop_database(Unknown Source) ~[?:?]
	at org.apache.hadoop.hive.metastore.HiveMetaStoreClient.dropDatabaseCascadePerDb(HiveMetaStoreClient.java:1601) ~[classes/:?]
	at org.apache.hadoop.hive.metastore.HiveMetaStoreClient.dropDatabase(HiveMetaStoreClient.java:1532) ~[classes/:?]
	at org.apache.hadoop.hive.metastore.HiveMetaStoreClient.dropDatabase(HiveMetaStoreClient.java:1485) ~[classes/:?]
	at sun.reflect.NativeMethodAccessorImpl.invoke0(Native Method) ~[?:1.8.0_402]
	at sun.reflect.NativeMethodAccessorImpl.invoke(NativeMethodAccessorImpl.java:62) ~[?:1.8.0_402]
	at sun.reflect.DelegatingMethodAccessorImpl.invoke(DelegatingMethodAccessorImpl.java:43) ~[?:1.8.0_402]
	at java.lang.reflect.Method.invoke(Method.java:498) ~[?:1.8.0_402]
	at org.apache.hadoop.hive.metastore.RetryingMetaStoreClient.invoke(RetryingMetaStoreClient.java:218) ~[classes/:?]
	at com.sun.proxy.$Proxy45.dropDatabase(Unknown Source) ~[?:?]
	at org.apache.hadoop.hive.ql.metadata.Hive.dropDatabase(Hive.java:662) ~[classes/:?]
	... 57 more
Caused by: org.apache.derby.shared.common.error.DerbySQLIntegrityConstraintViolationException: DELETE on table 'DBS' caused a violation of foreign key constraint 'TBLS_FK1' for key (3).  The statement has been rolled back.
	at org.apache.derby.impl.jdbc.SQLExceptionFactory.getSQLException(Unknown Source) ~[derby-10.14.1.0.jar:?]
	at org.apache.derby.impl.jdbc.Util.generateCsSQLException(Unknown Source) ~[derby-10.14.1.0.jar:?]
	at org.apache.derby.impl.jdbc.TransactionResourceImpl.wrapInSQLException(Unknown Source) ~[derby-10.14.1.0.jar:?]
	at org.apache.derby.impl.jdbc.TransactionResourceImpl.handleException(Unknown Source) ~[derby-10.14.1.0.jar:?]
	at org.apache.derby.impl.jdbc.EmbedConnection.handleException(Unknown Source) ~[derby-10.14.1.0.jar:?]
	at org.apache.derby.impl.jdbc.ConnectionChild.handleException(Unknown Source) ~[derby-10.14.1.0.jar:?]
	at org.apache.derby.impl.jdbc.EmbedStatement.executeStatement(Unknown Source) ~[derby-10.14.1.0.jar:?]
	at org.apache.derby.impl.jdbc.EmbedPreparedStatement.executeBatchElement(Unknown Source) ~[derby-10.14.1.0.jar:?]
	at org.apache.derby.impl.jdbc.EmbedStatement.executeLargeBatch(Unknown Source) ~[derby-10.14.1.0.jar:?]
	at org.apache.derby.impl.jdbc.EmbedStatement.executeBatch(Unknown Source) ~[derby-10.14.1.0.jar:?]
	at com.zaxxer.hikari.pool.ProxyStatement.executeBatch(ProxyStatement.java:128) ~[HikariCP-java7-2.4.12.jar:?]
	at com.zaxxer.hikari.pool.HikariProxyPreparedStatement.executeBatch(HikariProxyPreparedStatement.java) ~[HikariCP-java7-2.4.12.jar:?]
	at org.datanucleus.store.rdbms.ParamLoggingPreparedStatement.executeBatch(ParamLoggingPreparedStatement.java:366) ~[datanucleus-rdbms-5.2.4.jar:?]
	at org.datanucleus.store.rdbms.SQLController.processConnectionStatement(SQLController.java:675) ~[datanucleus-rdbms-5.2.4.jar:?]
	at org.datanucleus.store.rdbms.SQLController.processStatementsForConnection(SQLController.java:643) ~[datanucleus-rdbms-5.2.4.jar:?]
	at org.datanucleus.store.rdbms.SQLController$1.transactionFlushed(SQLController.java:729) ~[datanucleus-rdbms-5.2.4.jar:?]
	at org.datanucleus.store.connection.AbstractManagedConnection.transactionFlushed(AbstractManagedConnection.java:95) ~[datanucleus-core-5.2.4.jar:?]
	at org.datanucleus.store.connection.ConnectionManagerImpl$2.transactionFlushed(ConnectionManagerImpl.java:528) ~[datanucleus-core-5.2.4.jar:?]
	at org.datanucleus.TransactionImpl.flush(TransactionImpl.java:222) ~[datanucleus-core-5.2.4.jar:?]
	at org.datanucleus.TransactionImpl.commit(TransactionImpl.java:286) ~[datanucleus-core-5.2.4.jar:?]
	at org.datanucleus.api.jdo.JDOTransaction.commit(JDOTransaction.java:99) ~[datanucleus-api-jdo-5.2.4.jar:?]
	at org.apache.hadoop.hive.metastore.ObjectStore.commitTransaction(ObjectStore.java:615) ~[classes/:?]
	at sun.reflect.GeneratedMethodAccessor31.invoke(Unknown Source) ~[?:?]
	at sun.reflect.DelegatingMethodAccessorImpl.invoke(DelegatingMethodAccessorImpl.java:43) ~[?:1.8.0_402]
	at java.lang.reflect.Method.invoke(Method.java:498) ~[?:1.8.0_402]
	at org.apache.hadoop.hive.metastore.RawStoreProxy.invoke(RawStoreProxy.java:97) ~[classes/:?]
	at com.sun.proxy.$Proxy32.commitTransaction(Unknown Source) ~[?:?]
	at org.apache.hadoop.hive.metastore.HMSHandler.drop_database_core(HMSHandler.java:1790) ~[classes/:?]
	at org.apache.hadoop.hive.metastore.HMSHandler.drop_database(HMSHandler.java:1869) ~[classes/:?]
	at sun.reflect.GeneratedMethodAccessor54.invoke(Unknown Source) ~[?:?]
	at sun.reflect.DelegatingMethodAccessorImpl.invoke(DelegatingMethodAccessorImpl.java:43) ~[?:1.8.0_402]
	at java.lang.reflect.Method.invoke(Method.java:498) ~[?:1.8.0_402]
	at org.apache.hadoop.hive.metastore.RetryingHMSHandler.invokeInternal(RetryingHMSHandler.java:147) ~[classes/:?]
	at org.apache.hadoop.hive.metastore.RetryingHMSHandler.invoke(RetryingHMSHandler.java:108) ~[classes/:?]
	at com.sun.proxy.$Proxy35.drop_database(Unknown Source) ~[?:?]
	at org.apache.hadoop.hive.metastore.HiveMetaStoreClient.dropDatabaseCascadePerDb(HiveMetaStoreClient.java:1601) ~[classes/:?]
	at org.apache.hadoop.hive.metastore.HiveMetaStoreClient.dropDatabase(HiveMetaStoreClient.java:1532) ~[classes/:?]
	at org.apache.hadoop.hive.metastore.HiveMetaStoreClient.dropDatabase(HiveMetaStoreClient.java:1485) ~[classes/:?]
	at sun.reflect.NativeMethodAccessorImpl.invoke0(Native Method) ~[?:1.8.0_402]
	at sun.reflect.NativeMethodAccessorImpl.invoke(NativeMethodAccessorImpl.java:62) ~[?:1.8.0_402]
	at sun.reflect.DelegatingMethodAccessorImpl.invoke(DelegatingMethodAccessorImpl.java:43) ~[?:1.8.0_402]
	at java.lang.reflect.Method.invoke(Method.java:498) ~[?:1.8.0_402]
	at org.apache.hadoop.hive.metastore.RetryingMetaStoreClient.invoke(RetryingMetaStoreClient.java:218) ~[classes/:?]
	at com.sun.proxy.$Proxy45.dropDatabase(Unknown Source) ~[?:?]
	at org.apache.hadoop.hive.ql.metadata.Hive.dropDatabase(Hive.java:662) ~[classes/:?]
	... 57 more
Caused by: org.apache.derby.iapi.error.StandardException: DELETE on table 'DBS' caused a violation of foreign key constraint 'TBLS_FK1' for key (3).  The statement has been rolled back.
	at org.apache.derby.iapi.error.StandardException.newException(Unknown Source) ~[derby-10.14.1.0.jar:?]
	at org.apache.derby.iapi.error.StandardException.newException(Unknown Source) ~[derby-10.14.1.0.jar:?]
	at org.apache.derby.impl.sql.execute.ReferencedKeyRIChecker.doCheck(Unknown Source) ~[derby-10.14.1.0.jar:?]
	at org.apache.derby.impl.sql.execute.RISetChecker.doPKCheck(Unknown Source) ~[derby-10.14.1.0.jar:?]
	at org.apache.derby.impl.sql.execute.DeleteResultSet.collectAffectedRows(Unknown Source) ~[derby-10.14.1.0.jar:?]
	at org.apache.derby.impl.sql.execute.DeleteResultSet.open(Unknown Source) ~[derby-10.14.1.0.jar:?]
	at org.apache.derby.impl.sql.GenericPreparedStatement.executeStmt(Unknown Source) ~[derby-10.14.1.0.jar:?]
	at org.apache.derby.impl.sql.GenericPreparedStatement.execute(Unknown Source) ~[derby-10.14.1.0.jar:?]
	at org.apache.derby.impl.jdbc.EmbedStatement.executeStatement(Unknown Source) ~[derby-10.14.1.0.jar:?]
	at org.apache.derby.impl.jdbc.EmbedPreparedStatement.executeBatchElement(Unknown Source) ~[derby-10.14.1.0.jar:?]
	at org.apache.derby.impl.jdbc.EmbedStatement.executeLargeBatch(Unknown Source) ~[derby-10.14.1.0.jar:?]
	at org.apache.derby.impl.jdbc.EmbedStatement.executeBatch(Unknown Source) ~[derby-10.14.1.0.jar:?]
	at com.zaxxer.hikari.pool.ProxyStatement.executeBatch(ProxyStatement.java:128) ~[HikariCP-java7-2.4.12.jar:?]
	at com.zaxxer.hikari.pool.HikariProxyPreparedStatement.executeBatch(HikariProxyPreparedStatement.java) ~[HikariCP-java7-2.4.12.jar:?]
	at org.datanucleus.store.rdbms.ParamLoggingPreparedStatement.executeBatch(ParamLoggingPreparedStatement.java:366) ~[datanucleus-rdbms-5.2.4.jar:?]
	at org.datanucleus.store.rdbms.SQLController.processConnectionStatement(SQLController.java:675) ~[datanucleus-rdbms-5.2.4.jar:?]
	at org.datanucleus.store.rdbms.SQLController.processStatementsForConnection(SQLController.java:643) ~[datanucleus-rdbms-5.2.4.jar:?]
	at org.datanucleus.store.rdbms.SQLController$1.transactionFlushed(SQLController.java:729) ~[datanucleus-rdbms-5.2.4.jar:?]
	at org.datanucleus.store.connection.AbstractManagedConnection.transactionFlushed(AbstractManagedConnection.java:95) ~[datanucleus-core-5.2.4.jar:?]
	at org.datanucleus.store.connection.ConnectionManagerImpl$2.transactionFlushed(ConnectionManagerImpl.java:528) ~[datanucleus-core-5.2.4.jar:?]
	at org.datanucleus.TransactionImpl.flush(TransactionImpl.java:222) ~[datanucleus-core-5.2.4.jar:?]
	at org.datanucleus.TransactionImpl.commit(TransactionImpl.java:286) ~[datanucleus-core-5.2.4.jar:?]
	at org.datanucleus.api.jdo.JDOTransaction.commit(JDOTransaction.java:99) ~[datanucleus-api-jdo-5.2.4.jar:?]
	at org.apache.hadoop.hive.metastore.ObjectStore.commitTransaction(ObjectStore.java:615) ~[classes/:?]
	at sun.reflect.GeneratedMethodAccessor31.invoke(Unknown Source) ~[?:?]
	at sun.reflect.DelegatingMethodAccessorImpl.invoke(DelegatingMethodAccessorImpl.java:43) ~[?:1.8.0_402]
	at java.lang.reflect.Method.invoke(Method.java:498) ~[?:1.8.0_402]
	at org.apache.hadoop.hive.metastore.RawStoreProxy.invoke(RawStoreProxy.java:97) ~[classes/:?]
	at com.sun.proxy.$Proxy32.commitTransaction(Unknown Source) ~[?:?]
	at org.apache.hadoop.hive.metastore.HMSHandler.drop_database_core(HMSHandler.java:1790) ~[classes/:?]
	at org.apache.hadoop.hive.metastore.HMSHandler.drop_database(HMSHandler.java:1869) ~[classes/:?]
	at sun.reflect.GeneratedMethodAccessor54.invoke(Unknown Source) ~[?:?]
	at sun.reflect.DelegatingMethodAccessorImpl.invoke(DelegatingMethodAccessorImpl.java:43) ~[?:1.8.0_402]
	at java.lang.reflect.Method.invoke(Method.java:498) ~[?:1.8.0_402]
	at org.apache.hadoop.hive.metastore.RetryingHMSHandler.invokeInternal(RetryingHMSHandler.java:147) ~[classes/:?]
	at org.apache.hadoop.hive.metastore.RetryingHMSHandler.invoke(RetryingHMSHandler.java:108) ~[classes/:?]
	at com.sun.proxy.$Proxy35.drop_database(Unknown Source) ~[?:?]
	at org.apache.hadoop.hive.metastore.HiveMetaStoreClient.dropDatabaseCascadePerDb(HiveMetaStoreClient.java:1601) ~[classes/:?]
	at org.apache.hadoop.hive.metastore.HiveMetaStoreClient.dropDatabase(HiveMetaStoreClient.java:1532) ~[classes/:?]
	at org.apache.hadoop.hive.metastore.HiveMetaStoreClient.dropDatabase(HiveMetaStoreClient.java:1485) ~[classes/:?]
	at sun.reflect.NativeMethodAccessorImpl.invoke0(Native Method) ~[?:1.8.0_402]
	at sun.reflect.NativeMethodAccessorImpl.invoke(NativeMethodAccessorImpl.java:62) ~[?:1.8.0_402]
	at sun.reflect.DelegatingMethodAccessorImpl.invoke(DelegatingMethodAccessorImpl.java:43) ~[?:1.8.0_402]
	at java.lang.reflect.Method.invoke(Method.java:498) ~[?:1.8.0_402]
	at org.apache.hadoop.hive.metastore.RetryingMetaStoreClient.invoke(RetryingMetaStoreClient.java:218) ~[classes/:?]
	at com.sun.proxy.$Proxy45.dropDatabase(Unknown Source) ~[?:?]
	at org.apache.hadoop.hive.ql.metadata.Hive.dropDatabase(Hive.java:662) ~[classes/:?]
	... 57 more
2024-04-24T11:28:36,693 ERROR [main] exec.Task: DDLTask failed, DDL Operation: class org.apache.hadoop.hive.ql.ddl.database.drop.DropDatabaseOperation
org.apache.hadoop.hive.ql.metadata.HiveException: MetaException(message:javax.jdo.JDODataStoreException: Exception thrown flushing changes to datastore
NestedThrowables:
java.sql.BatchUpdateException: DELETE on table 'DBS' caused a violation of foreign key constraint 'TBLS_FK1' for key (3).  The statement has been rolled back.)
	at org.apache.hadoop.hive.ql.metadata.Hive.dropDatabase(Hive.java:666) ~[classes/:?]
	at org.apache.hadoop.hive.ql.ddl.database.drop.DropDatabaseOperation.execute(DropDatabaseOperation.java:52) ~[classes/:?]
	at org.apache.hadoop.hive.ql.ddl.DDLTask.execute(DDLTask.java:84) [classes/:?]
	at org.apache.hadoop.hive.ql.exec.Task.executeTask(Task.java:212) [classes/:?]
	at org.apache.hadoop.hive.ql.exec.TaskRunner.runSequential(TaskRunner.java:105) [classes/:?]
	at org.apache.hadoop.hive.ql.Executor.launchTask(Executor.java:361) [classes/:?]
	at org.apache.hadoop.hive.ql.Executor.launchTasks(Executor.java:334) [classes/:?]
	at org.apache.hadoop.hive.ql.Executor.runTasks(Executor.java:245) [classes/:?]
	at org.apache.hadoop.hive.ql.Executor.execute(Executor.java:108) [classes/:?]
	at org.apache.hadoop.hive.ql.Driver.execute(Driver.java:348) [classes/:?]
	at org.apache.hadoop.hive.ql.Driver.runInternal(Driver.java:204) [classes/:?]
	at org.apache.hadoop.hive.ql.Driver.run(Driver.java:153) [classes/:?]
	at org.apache.hadoop.hive.ql.Driver.run(Driver.java:148) [classes/:?]
	at org.apache.hadoop.hive.ql.reexec.ReExecDriver.run(ReExecDriver.java:164) [classes/:?]
	at org.apache.hadoop.hive.ql.reexec.ReExecDriver.run(ReExecDriver.java:230) [classes/:?]
	at org.apache.hive.hcatalog.pig.AbstractHCatLoaderTest.executeStatementOnDriver(AbstractHCatLoaderTest.java:151) [test-classes/:?]
	at org.apache.hive.hcatalog.pig.AbstractHCatLoaderTest.tearDown(AbstractHCatLoaderTest.java:239) [test-classes/:?]
	at sun.reflect.NativeMethodAccessorImpl.invoke0(Native Method) ~[?:1.8.0_402]
	at sun.reflect.NativeMethodAccessorImpl.invoke(NativeMethodAccessorImpl.java:62) ~[?:1.8.0_402]
	at sun.reflect.DelegatingMethodAccessorImpl.invoke(DelegatingMethodAccessorImpl.java:43) ~[?:1.8.0_402]
	at java.lang.reflect.Method.invoke(Method.java:498) ~[?:1.8.0_402]
	at org.junit.runners.model.FrameworkMethod$1.runReflectiveCall(FrameworkMethod.java:59) [junit-4.13.jar:4.13]
	at org.junit.internal.runners.model.ReflectiveCallable.run(ReflectiveCallable.java:12) [junit-4.13.jar:4.13]
	at org.junit.runners.model.FrameworkMethod.invokeExplosively(FrameworkMethod.java:56) [junit-4.13.jar:4.13]
	at org.junit.internal.runners.statements.RunAfters.invokeMethod(RunAfters.java:46) [junit-4.13.jar:4.13]
	at org.junit.internal.runners.statements.RunAfters.evaluate(RunAfters.java:33) [junit-4.13.jar:4.13]
	at org.junit.runners.ParentRunner$3.evaluate(ParentRunner.java:306) [junit-4.13.jar:4.13]
	at org.junit.runners.BlockJUnit4ClassRunner$1.evaluate(BlockJUnit4ClassRunner.java:100) [junit-4.13.jar:4.13]
	at org.junit.runners.ParentRunner.runLeaf(ParentRunner.java:366) [junit-4.13.jar:4.13]
	at org.junit.runners.BlockJUnit4ClassRunner.runChild(BlockJUnit4ClassRunner.java:103) [junit-4.13.jar:4.13]
	at org.junit.runners.BlockJUnit4ClassRunner.runChild(BlockJUnit4ClassRunner.java:63) [junit-4.13.jar:4.13]
	at org.junit.runners.ParentRunner$4.run(ParentRunner.java:331) [junit-4.13.jar:4.13]
	at org.junit.runners.ParentRunner$1.schedule(ParentRunner.java:79) [junit-4.13.jar:4.13]
	at org.junit.runners.ParentRunner.runChildren(ParentRunner.java:329) [junit-4.13.jar:4.13]
	at org.junit.runners.ParentRunner.access$100(ParentRunner.java:66) [junit-4.13.jar:4.13]
	at org.junit.runners.ParentRunner$2.evaluate(ParentRunner.java:293) [junit-4.13.jar:4.13]
	at org.junit.internal.runners.statements.RunBefores.evaluate(RunBefores.java:26) [junit-4.13.jar:4.13]
	at org.junit.runners.ParentRunner$3.evaluate(ParentRunner.java:306) [junit-4.13.jar:4.13]
	at org.junit.runners.ParentRunner.run(ParentRunner.java:413) [junit-4.13.jar:4.13]
	at org.junit.runners.Suite.runChild(Suite.java:128) [junit-4.13.jar:4.13]
	at org.junit.runners.Suite.runChild(Suite.java:27) [junit-4.13.jar:4.13]
	at org.junit.runners.ParentRunner$4.run(ParentRunner.java:331) [junit-4.13.jar:4.13]
	at org.junit.runners.ParentRunner$1.schedule(ParentRunner.java:79) [junit-4.13.jar:4.13]
	at org.junit.runners.ParentRunner.runChildren(ParentRunner.java:329) [junit-4.13.jar:4.13]
	at org.junit.runners.ParentRunner.access$100(ParentRunner.java:66) [junit-4.13.jar:4.13]
	at org.junit.runners.ParentRunner$2.evaluate(ParentRunner.java:293) [junit-4.13.jar:4.13]
	at org.junit.runners.ParentRunner$3.evaluate(ParentRunner.java:306) [junit-4.13.jar:4.13]
	at org.junit.runners.ParentRunner.run(ParentRunner.java:413) [junit-4.13.jar:4.13]
	at org.apache.maven.surefire.junitcore.JUnitCore.run(JUnitCore.java:55) [surefire-junit47-3.0.0-M4.jar:3.0.0-M4]
	at org.apache.maven.surefire.junitcore.JUnitCoreWrapper.createRequestAndRun(JUnitCoreWrapper.java:137) [surefire-junit47-3.0.0-M4.jar:3.0.0-M4]
	at org.apache.maven.surefire.junitcore.JUnitCoreWrapper.executeEager(JUnitCoreWrapper.java:107) [surefire-junit47-3.0.0-M4.jar:3.0.0-M4]
	at org.apache.maven.surefire.junitcore.JUnitCoreWrapper.execute(JUnitCoreWrapper.java:83) [surefire-junit47-3.0.0-M4.jar:3.0.0-M4]
	at org.apache.maven.surefire.junitcore.JUnitCoreWrapper.execute(JUnitCoreWrapper.java:75) [surefire-junit47-3.0.0-M4.jar:3.0.0-M4]
	at org.apache.maven.surefire.junitcore.JUnitCoreProvider.invoke(JUnitCoreProvider.java:158) [surefire-junit47-3.0.0-M4.jar:3.0.0-M4]
	at org.apache.maven.surefire.booter.ForkedBooter.runSuitesInProcess(ForkedBooter.java:377) [surefire-booter-3.0.0-M4.jar:3.0.0-M4]
	at org.apache.maven.surefire.booter.ForkedBooter.execute(ForkedBooter.java:138) [surefire-booter-3.0.0-M4.jar:3.0.0-M4]
	at org.apache.maven.surefire.booter.ForkedBooter.run(ForkedBooter.java:465) [surefire-booter-3.0.0-M4.jar:3.0.0-M4]
	at org.apache.maven.surefire.booter.ForkedBooter.main(ForkedBooter.java:451) [surefire-booter-3.0.0-M4.jar:3.0.0-M4]
Caused by: org.apache.hadoop.hive.metastore.api.MetaException: javax.jdo.JDODataStoreException: Exception thrown flushing changes to datastore
NestedThrowables:
java.sql.BatchUpdateException: DELETE on table 'DBS' caused a violation of foreign key constraint 'TBLS_FK1' for key (3).  The statement has been rolled back.
	at org.apache.hadoop.hive.metastore.RetryingHMSHandler.invokeInternal(RetryingHMSHandler.java:209) ~[classes/:?]
	at org.apache.hadoop.hive.metastore.RetryingHMSHandler.invoke(RetryingHMSHandler.java:108) ~[classes/:?]
	at com.sun.proxy.$Proxy35.drop_database(Unknown Source) ~[?:?]
	at org.apache.hadoop.hive.metastore.HiveMetaStoreClient.dropDatabaseCascadePerDb(HiveMetaStoreClient.java:1601) ~[classes/:?]
	at org.apache.hadoop.hive.metastore.HiveMetaStoreClient.dropDatabase(HiveMetaStoreClient.java:1532) ~[classes/:?]
	at org.apache.hadoop.hive.metastore.HiveMetaStoreClient.dropDatabase(HiveMetaStoreClient.java:1485) ~[classes/:?]
	at sun.reflect.NativeMethodAccessorImpl.invoke0(Native Method) ~[?:1.8.0_402]
	at sun.reflect.NativeMethodAccessorImpl.invoke(NativeMethodAccessorImpl.java:62) ~[?:1.8.0_402]
	at sun.reflect.DelegatingMethodAccessorImpl.invoke(DelegatingMethodAccessorImpl.java:43) ~[?:1.8.0_402]
	at java.lang.reflect.Method.invoke(Method.java:498) ~[?:1.8.0_402]
	at org.apache.hadoop.hive.metastore.RetryingMetaStoreClient.invoke(RetryingMetaStoreClient.java:218) ~[classes/:?]
	at com.sun.proxy.$Proxy45.dropDatabase(Unknown Source) ~[?:?]
	at org.apache.hadoop.hive.ql.metadata.Hive.dropDatabase(Hive.java:662) ~[classes/:?]
	... 57 more
Caused by: javax.jdo.JDODataStoreException: Exception thrown flushing changes to datastore
	at org.datanucleus.api.jdo.NucleusJDOHelper.getJDOExceptionForNucleusException(NucleusJDOHelper.java:542) ~[datanucleus-api-jdo-5.2.4.jar:?]
	at org.datanucleus.api.jdo.JDOTransaction.commit(JDOTransaction.java:162) ~[datanucleus-api-jdo-5.2.4.jar:?]
	at org.apache.hadoop.hive.metastore.ObjectStore.commitTransaction(ObjectStore.java:615) ~[classes/:?]
	at sun.reflect.GeneratedMethodAccessor31.invoke(Unknown Source) ~[?:?]
	at sun.reflect.DelegatingMethodAccessorImpl.invoke(DelegatingMethodAccessorImpl.java:43) ~[?:1.8.0_402]
	at java.lang.reflect.Method.invoke(Method.java:498) ~[?:1.8.0_402]
	at org.apache.hadoop.hive.metastore.RawStoreProxy.invoke(RawStoreProxy.java:97) ~[classes/:?]
	at com.sun.proxy.$Proxy32.commitTransaction(Unknown Source) ~[?:?]
	at org.apache.hadoop.hive.metastore.HMSHandler.drop_database_core(HMSHandler.java:1790) ~[classes/:?]
	at org.apache.hadoop.hive.metastore.HMSHandler.drop_database(HMSHandler.java:1869) ~[classes/:?]
	at sun.reflect.GeneratedMethodAccessor54.invoke(Unknown Source) ~[?:?]
	at sun.reflect.DelegatingMethodAccessorImpl.invoke(DelegatingMethodAccessorImpl.java:43) ~[?:1.8.0_402]
	at java.lang.reflect.Method.invoke(Method.java:498) ~[?:1.8.0_402]
	at org.apache.hadoop.hive.metastore.RetryingHMSHandler.invokeInternal(RetryingHMSHandler.java:147) ~[classes/:?]
	at org.apache.hadoop.hive.metastore.RetryingHMSHandler.invoke(RetryingHMSHandler.java:108) ~[classes/:?]
	at com.sun.proxy.$Proxy35.drop_database(Unknown Source) ~[?:?]
	at org.apache.hadoop.hive.metastore.HiveMetaStoreClient.dropDatabaseCascadePerDb(HiveMetaStoreClient.java:1601) ~[classes/:?]
	at org.apache.hadoop.hive.metastore.HiveMetaStoreClient.dropDatabase(HiveMetaStoreClient.java:1532) ~[classes/:?]
	at org.apache.hadoop.hive.metastore.HiveMetaStoreClient.dropDatabase(HiveMetaStoreClient.java:1485) ~[classes/:?]
	at sun.reflect.NativeMethodAccessorImpl.invoke0(Native Method) ~[?:1.8.0_402]
	at sun.reflect.NativeMethodAccessorImpl.invoke(NativeMethodAccessorImpl.java:62) ~[?:1.8.0_402]
	at sun.reflect.DelegatingMethodAccessorImpl.invoke(DelegatingMethodAccessorImpl.java:43) ~[?:1.8.0_402]
	at java.lang.reflect.Method.invoke(Method.java:498) ~[?:1.8.0_402]
	at org.apache.hadoop.hive.metastore.RetryingMetaStoreClient.invoke(RetryingMetaStoreClient.java:218) ~[classes/:?]
	at com.sun.proxy.$Proxy45.dropDatabase(Unknown Source) ~[?:?]
	at org.apache.hadoop.hive.ql.metadata.Hive.dropDatabase(Hive.java:662) ~[classes/:?]
	... 57 more
Caused by: java.sql.BatchUpdateException: DELETE on table 'DBS' caused a violation of foreign key constraint 'TBLS_FK1' for key (3).  The statement has been rolled back.
	at org.apache.derby.impl.jdbc.EmbedStatement.executeLargeBatch(Unknown Source) ~[derby-10.14.1.0.jar:?]
	at org.apache.derby.impl.jdbc.EmbedStatement.executeBatch(Unknown Source) ~[derby-10.14.1.0.jar:?]
	at com.zaxxer.hikari.pool.ProxyStatement.executeBatch(ProxyStatement.java:128) ~[HikariCP-java7-2.4.12.jar:?]
	at com.zaxxer.hikari.pool.HikariProxyPreparedStatement.executeBatch(HikariProxyPreparedStatement.java) ~[HikariCP-java7-2.4.12.jar:?]
	at org.datanucleus.store.rdbms.ParamLoggingPreparedStatement.executeBatch(ParamLoggingPreparedStatement.java:366) ~[datanucleus-rdbms-5.2.4.jar:?]
	at org.datanucleus.store.rdbms.SQLController.processConnectionStatement(SQLController.java:675) ~[datanucleus-rdbms-5.2.4.jar:?]
	at org.datanucleus.store.rdbms.SQLController.processStatementsForConnection(SQLController.java:643) ~[datanucleus-rdbms-5.2.4.jar:?]
	at org.datanucleus.store.rdbms.SQLController$1.transactionFlushed(SQLController.java:729) ~[datanucleus-rdbms-5.2.4.jar:?]
	at org.datanucleus.store.connection.AbstractManagedConnection.transactionFlushed(AbstractManagedConnection.java:95) ~[datanucleus-core-5.2.4.jar:?]
	at org.datanucleus.store.connection.ConnectionManagerImpl$2.transactionFlushed(ConnectionManagerImpl.java:528) ~[datanucleus-core-5.2.4.jar:?]
	at org.datanucleus.TransactionImpl.flush(TransactionImpl.java:222) ~[datanucleus-core-5.2.4.jar:?]
	at org.datanucleus.TransactionImpl.commit(TransactionImpl.java:286) ~[datanucleus-core-5.2.4.jar:?]
	at org.datanucleus.api.jdo.JDOTransaction.commit(JDOTransaction.java:99) ~[datanucleus-api-jdo-5.2.4.jar:?]
	at org.apache.hadoop.hive.metastore.ObjectStore.commitTransaction(ObjectStore.java:615) ~[classes/:?]
	at sun.reflect.GeneratedMethodAccessor31.invoke(Unknown Source) ~[?:?]
	at sun.reflect.DelegatingMethodAccessorImpl.invoke(DelegatingMethodAccessorImpl.java:43) ~[?:1.8.0_402]
	at java.lang.reflect.Method.invoke(Method.java:498) ~[?:1.8.0_402]
	at org.apache.hadoop.hive.metastore.RawStoreProxy.invoke(RawStoreProxy.java:97) ~[classes/:?]
	at com.sun.proxy.$Proxy32.commitTransaction(Unknown Source) ~[?:?]
	at org.apache.hadoop.hive.metastore.HMSHandler.drop_database_core(HMSHandler.java:1790) ~[classes/:?]
	at org.apache.hadoop.hive.metastore.HMSHandler.drop_database(HMSHandler.java:1869) ~[classes/:?]
	at sun.reflect.GeneratedMethodAccessor54.invoke(Unknown Source) ~[?:?]
	at sun.reflect.DelegatingMethodAccessorImpl.invoke(DelegatingMethodAccessorImpl.java:43) ~[?:1.8.0_402]
	at java.lang.reflect.Method.invoke(Method.java:498) ~[?:1.8.0_402]
	at org.apache.hadoop.hive.metastore.RetryingHMSHandler.invokeInternal(RetryingHMSHandler.java:147) ~[classes/:?]
	at org.apache.hadoop.hive.metastore.RetryingHMSHandler.invoke(RetryingHMSHandler.java:108) ~[classes/:?]
	at com.sun.proxy.$Proxy35.drop_database(Unknown Source) ~[?:?]
	at org.apache.hadoop.hive.metastore.HiveMetaStoreClient.dropDatabaseCascadePerDb(HiveMetaStoreClient.java:1601) ~[classes/:?]
	at org.apache.hadoop.hive.metastore.HiveMetaStoreClient.dropDatabase(HiveMetaStoreClient.java:1532) ~[classes/:?]
	at org.apache.hadoop.hive.metastore.HiveMetaStoreClient.dropDatabase(HiveMetaStoreClient.java:1485) ~[classes/:?]
	at sun.reflect.NativeMethodAccessorImpl.invoke0(Native Method) ~[?:1.8.0_402]
	at sun.reflect.NativeMethodAccessorImpl.invoke(NativeMethodAccessorImpl.java:62) ~[?:1.8.0_402]
	at sun.reflect.DelegatingMethodAccessorImpl.invoke(DelegatingMethodAccessorImpl.java:43) ~[?:1.8.0_402]
	at java.lang.reflect.Method.invoke(Method.java:498) ~[?:1.8.0_402]
	at org.apache.hadoop.hive.metastore.RetryingMetaStoreClient.invoke(RetryingMetaStoreClient.java:218) ~[classes/:?]
	at com.sun.proxy.$Proxy45.dropDatabase(Unknown Source) ~[?:?]
	at org.apache.hadoop.hive.ql.metadata.Hive.dropDatabase(Hive.java:662) ~[classes/:?]
	... 57 more
Caused by: org.apache.derby.shared.common.error.DerbySQLIntegrityConstraintViolationException: DELETE on table 'DBS' caused a violation of foreign key constraint 'TBLS_FK1' for key (3).  The statement has been rolled back.
	at org.apache.derby.impl.jdbc.SQLExceptionFactory.getSQLException(Unknown Source) ~[derby-10.14.1.0.jar:?]
	at org.apache.derby.impl.jdbc.Util.generateCsSQLException(Unknown Source) ~[derby-10.14.1.0.jar:?]
	at org.apache.derby.impl.jdbc.TransactionResourceImpl.wrapInSQLException(Unknown Source) ~[derby-10.14.1.0.jar:?]
	at org.apache.derby.impl.jdbc.TransactionResourceImpl.handleException(Unknown Source) ~[derby-10.14.1.0.jar:?]
	at org.apache.derby.impl.jdbc.EmbedConnection.handleException(Unknown Source) ~[derby-10.14.1.0.jar:?]
	at org.apache.derby.impl.jdbc.ConnectionChild.handleException(Unknown Source) ~[derby-10.14.1.0.jar:?]
	at org.apache.derby.impl.jdbc.EmbedStatement.executeStatement(Unknown Source) ~[derby-10.14.1.0.jar:?]
	at org.apache.derby.impl.jdbc.EmbedPreparedStatement.executeBatchElement(Unknown Source) ~[derby-10.14.1.0.jar:?]
	at org.apache.derby.impl.jdbc.EmbedStatement.executeLargeBatch(Unknown Source) ~[derby-10.14.1.0.jar:?]
	at org.apache.derby.impl.jdbc.EmbedStatement.executeBatch(Unknown Source) ~[derby-10.14.1.0.jar:?]
	at com.zaxxer.hikari.pool.ProxyStatement.executeBatch(ProxyStatement.java:128) ~[HikariCP-java7-2.4.12.jar:?]
	at com.zaxxer.hikari.pool.HikariProxyPreparedStatement.executeBatch(HikariProxyPreparedStatement.java) ~[HikariCP-java7-2.4.12.jar:?]
	at org.datanucleus.store.rdbms.ParamLoggingPreparedStatement.executeBatch(ParamLoggingPreparedStatement.java:366) ~[datanucleus-rdbms-5.2.4.jar:?]
	at org.datanucleus.store.rdbms.SQLController.processConnectionStatement(SQLController.java:675) ~[datanucleus-rdbms-5.2.4.jar:?]
	at org.datanucleus.store.rdbms.SQLController.processStatementsForConnection(SQLController.java:643) ~[datanucleus-rdbms-5.2.4.jar:?]
	at org.datanucleus.store.rdbms.SQLController$1.transactionFlushed(SQLController.java:729) ~[datanucleus-rdbms-5.2.4.jar:?]
	at org.datanucleus.store.connection.AbstractManagedConnection.transactionFlushed(AbstractManagedConnection.java:95) ~[datanucleus-core-5.2.4.jar:?]
	at org.datanucleus.store.connection.ConnectionManagerImpl$2.transactionFlushed(ConnectionManagerImpl.java:528) ~[datanucleus-core-5.2.4.jar:?]
	at org.datanucleus.TransactionImpl.flush(TransactionImpl.java:222) ~[datanucleus-core-5.2.4.jar:?]
	at org.datanucleus.TransactionImpl.commit(TransactionImpl.java:286) ~[datanucleus-core-5.2.4.jar:?]
	at org.datanucleus.api.jdo.JDOTransaction.commit(JDOTransaction.java:99) ~[datanucleus-api-jdo-5.2.4.jar:?]
	at org.apache.hadoop.hive.metastore.ObjectStore.commitTransaction(ObjectStore.java:615) ~[classes/:?]
	at sun.reflect.GeneratedMethodAccessor31.invoke(Unknown Source) ~[?:?]
	at sun.reflect.DelegatingMethodAccessorImpl.invoke(DelegatingMethodAccessorImpl.java:43) ~[?:1.8.0_402]
	at java.lang.reflect.Method.invoke(Method.java:498) ~[?:1.8.0_402]
	at org.apache.hadoop.hive.metastore.RawStoreProxy.invoke(RawStoreProxy.java:97) ~[classes/:?]
	at com.sun.proxy.$Proxy32.commitTransaction(Unknown Source) ~[?:?]
	at org.apache.hadoop.hive.metastore.HMSHandler.drop_database_core(HMSHandler.java:1790) ~[classes/:?]
	at org.apache.hadoop.hive.metastore.HMSHandler.drop_database(HMSHandler.java:1869) ~[classes/:?]
	at sun.reflect.GeneratedMethodAccessor54.invoke(Unknown Source) ~[?:?]
	at sun.reflect.DelegatingMethodAccessorImpl.invoke(DelegatingMethodAccessorImpl.java:43) ~[?:1.8.0_402]
	at java.lang.reflect.Method.invoke(Method.java:498) ~[?:1.8.0_402]
	at org.apache.hadoop.hive.metastore.RetryingHMSHandler.invokeInternal(RetryingHMSHandler.java:147) ~[classes/:?]
	at org.apache.hadoop.hive.metastore.RetryingHMSHandler.invoke(RetryingHMSHandler.java:108) ~[classes/:?]
	at com.sun.proxy.$Proxy35.drop_database(Unknown Source) ~[?:?]
	at org.apache.hadoop.hive.metastore.HiveMetaStoreClient.dropDatabaseCascadePerDb(HiveMetaStoreClient.java:1601) ~[classes/:?]
	at org.apache.hadoop.hive.metastore.HiveMetaStoreClient.dropDatabase(HiveMetaStoreClient.java:1532) ~[classes/:?]
	at org.apache.hadoop.hive.metastore.HiveMetaStoreClient.dropDatabase(HiveMetaStoreClient.java:1485) ~[classes/:?]
	at sun.reflect.NativeMethodAccessorImpl.invoke0(Native Method) ~[?:1.8.0_402]
	at sun.reflect.NativeMethodAccessorImpl.invoke(NativeMethodAccessorImpl.java:62) ~[?:1.8.0_402]
	at sun.reflect.DelegatingMethodAccessorImpl.invoke(DelegatingMethodAccessorImpl.java:43) ~[?:1.8.0_402]
	at java.lang.reflect.Method.invoke(Method.java:498) ~[?:1.8.0_402]
	at org.apache.hadoop.hive.metastore.RetryingMetaStoreClient.invoke(RetryingMetaStoreClient.java:218) ~[classes/:?]
	at com.sun.proxy.$Proxy45.dropDatabase(Unknown Source) ~[?:?]
	at org.apache.hadoop.hive.ql.metadata.Hive.dropDatabase(Hive.java:662) ~[classes/:?]
	... 57 more
Caused by: org.apache.derby.iapi.error.StandardException: DELETE on table 'DBS' caused a violation of foreign key constraint 'TBLS_FK1' for key (3).  The statement has been rolled back.
	at org.apache.derby.iapi.error.StandardException.newException(Unknown Source) ~[derby-10.14.1.0.jar:?]
	at org.apache.derby.iapi.error.StandardException.newException(Unknown Source) ~[derby-10.14.1.0.jar:?]
	at org.apache.derby.impl.sql.execute.ReferencedKeyRIChecker.doCheck(Unknown Source) ~[derby-10.14.1.0.jar:?]
	at org.apache.derby.impl.sql.execute.RISetChecker.doPKCheck(Unknown Source) ~[derby-10.14.1.0.jar:?]
	at org.apache.derby.impl.sql.execute.DeleteResultSet.collectAffectedRows(Unknown Source) ~[derby-10.14.1.0.jar:?]
	at org.apache.derby.impl.sql.execute.DeleteResultSet.open(Unknown Source) ~[derby-10.14.1.0.jar:?]
	at org.apache.derby.impl.sql.GenericPreparedStatement.executeStmt(Unknown Source) ~[derby-10.14.1.0.jar:?]
	at org.apache.derby.impl.sql.GenericPreparedStatement.execute(Unknown Source) ~[derby-10.14.1.0.jar:?]
	at org.apache.derby.impl.jdbc.EmbedStatement.executeStatement(Unknown Source) ~[derby-10.14.1.0.jar:?]
	at org.apache.derby.impl.jdbc.EmbedPreparedStatement.executeBatchElement(Unknown Source) ~[derby-10.14.1.0.jar:?]
	at org.apache.derby.impl.jdbc.EmbedStatement.executeLargeBatch(Unknown Source) ~[derby-10.14.1.0.jar:?]
	at org.apache.derby.impl.jdbc.EmbedStatement.executeBatch(Unknown Source) ~[derby-10.14.1.0.jar:?]
	at com.zaxxer.hikari.pool.ProxyStatement.executeBatch(ProxyStatement.java:128) ~[HikariCP-java7-2.4.12.jar:?]
	at com.zaxxer.hikari.pool.HikariProxyPreparedStatement.executeBatch(HikariProxyPreparedStatement.java) ~[HikariCP-java7-2.4.12.jar:?]
	at org.datanucleus.store.rdbms.ParamLoggingPreparedStatement.executeBatch(ParamLoggingPreparedStatement.java:366) ~[datanucleus-rdbms-5.2.4.jar:?]
	at org.datanucleus.store.rdbms.SQLController.processConnectionStatement(SQLController.java:675) ~[datanucleus-rdbms-5.2.4.jar:?]
	at org.datanucleus.store.rdbms.SQLController.processStatementsForConnection(SQLController.java:643) ~[datanucleus-rdbms-5.2.4.jar:?]
	at org.datanucleus.store.rdbms.SQLController$1.transactionFlushed(SQLController.java:729) ~[datanucleus-rdbms-5.2.4.jar:?]
	at org.datanucleus.store.connection.AbstractManagedConnection.transactionFlushed(AbstractManagedConnection.java:95) ~[datanucleus-core-5.2.4.jar:?]
	at org.datanucleus.store.connection.ConnectionManagerImpl$2.transactionFlushed(ConnectionManagerImpl.java:528) ~[datanucleus-core-5.2.4.jar:?]
	at org.datanucleus.TransactionImpl.flush(TransactionImpl.java:222) ~[datanucleus-core-5.2.4.jar:?]
	at org.datanucleus.TransactionImpl.commit(TransactionImpl.java:286) ~[datanucleus-core-5.2.4.jar:?]
	at org.datanucleus.api.jdo.JDOTransaction.commit(JDOTransaction.java:99) ~[datanucleus-api-jdo-5.2.4.jar:?]
	at org.apache.hadoop.hive.metastore.ObjectStore.commitTransaction(ObjectStore.java:615) ~[classes/:?]
	at sun.reflect.GeneratedMethodAccessor31.invoke(Unknown Source) ~[?:?]
	at sun.reflect.DelegatingMethodAccessorImpl.invoke(DelegatingMethodAccessorImpl.java:43) ~[?:1.8.0_402]
	at java.lang.reflect.Method.invoke(Method.java:498) ~[?:1.8.0_402]
	at org.apache.hadoop.hive.metastore.RawStoreProxy.invoke(RawStoreProxy.java:97) ~[classes/:?]
	at com.sun.proxy.$Proxy32.commitTransaction(Unknown Source) ~[?:?]
	at org.apache.hadoop.hive.metastore.HMSHandler.drop_database_core(HMSHandler.java:1790) ~[classes/:?]
	at org.apache.hadoop.hive.metastore.HMSHandler.drop_database(HMSHandler.java:1869) ~[classes/:?]
	at sun.reflect.GeneratedMethodAccessor54.invoke(Unknown Source) ~[?:?]
	at sun.reflect.DelegatingMethodAccessorImpl.invoke(DelegatingMethodAccessorImpl.java:43) ~[?:1.8.0_402]
	at java.lang.reflect.Method.invoke(Method.java:498) ~[?:1.8.0_402]
	at org.apache.hadoop.hive.metastore.RetryingHMSHandler.invokeInternal(RetryingHMSHandler.java:147) ~[classes/:?]
	at org.apache.hadoop.hive.metastore.RetryingHMSHandler.invoke(RetryingHMSHandler.java:108) ~[classes/:?]
	at com.sun.proxy.$Proxy35.drop_database(Unknown Source) ~[?:?]
	at org.apache.hadoop.hive.metastore.HiveMetaStoreClient.dropDatabaseCascadePerDb(HiveMetaStoreClient.java:1601) ~[classes/:?]
	at org.apache.hadoop.hive.metastore.HiveMetaStoreClient.dropDatabase(HiveMetaStoreClient.java:1532) ~[classes/:?]
	at org.apache.hadoop.hive.metastore.HiveMetaStoreClient.dropDatabase(HiveMetaStoreClient.java:1485) ~[classes/:?]
	at sun.reflect.NativeMethodAccessorImpl.invoke0(Native Method) ~[?:1.8.0_402]
	at sun.reflect.NativeMethodAccessorImpl.invoke(NativeMethodAccessorImpl.java:62) ~[?:1.8.0_402]
	at sun.reflect.DelegatingMethodAccessorImpl.invoke(DelegatingMethodAccessorImpl.java:43) ~[?:1.8.0_402]
	at java.lang.reflect.Method.invoke(Method.java:498) ~[?:1.8.0_402]
	at org.apache.hadoop.hive.metastore.RetryingMetaStoreClient.invoke(RetryingMetaStoreClient.java:218) ~[classes/:?]
	at com.sun.proxy.$Proxy45.dropDatabase(Unknown Source) ~[?:?]
	at org.apache.hadoop.hive.ql.metadata.Hive.dropDatabase(Hive.java:662) ~[classes/:?]
	... 57 more
2024-04-24T11:28:36,697  INFO [main] reexec.ReOptimizePlugin: ReOptimization: retryPossible: false
2024-04-24T11:28:36,697  INFO [main] reexec.ReExecuteLostAMQueryPlugin: Got exception message: MetaException(message:javax.jdo.JDODataStoreException: Exception thrown flushing changes to datastore
NestedThrowables:
java.sql.BatchUpdateException: DELETE on table 'DBS' caused a violation of foreign key constraint 'TBLS_FK1' for key (3).  The statement has been rolled back.) retryPossible: false
2024-04-24T11:28:36,697  INFO [main] reexec.ReExecutionDagSubmitPlugin: Got exception message: MetaException(message:javax.jdo.JDODataStoreException: Exception thrown flushing changes to datastore
NestedThrowables:
java.sql.BatchUpdateException: DELETE on table 'DBS' caused a violation of foreign key constraint 'TBLS_FK1' for key (3).  The statement has been rolled back.) retryPossible: false
FAILED: Execution Error, return code 40000 from org.apache.hadoop.hive.ql.ddl.DDLTask. MetaException(message:javax.jdo.JDODataStoreException: Exception thrown flushing changes to datastore
NestedThrowables:
java.sql.BatchUpdateException: DELETE on table 'DBS' caused a violation of foreign key constraint 'TBLS_FK1' for key (3).  The statement has been rolled back.)
2024-04-24T11:28:36,697 ERROR [main] ql.Driver: FAILED: Execution Error, return code 40000 from org.apache.hadoop.hive.ql.ddl.DDLTask. MetaException(message:javax.jdo.JDODataStoreException: Exception thrown flushing changes to datastore
NestedThrowables:
java.sql.BatchUpdateException: DELETE on table 'DBS' caused a violation of foreign key constraint 'TBLS_FK1' for key (3).  The statement has been rolled back.)
2024-04-24T11:28:36,697  INFO [main] metadata.Hive: Dumping metastore api call timing information for : execution phase
2024-04-24T11:28:36,697  INFO [main] metadata.Hive: Total time spent in each metastore function (ms): {isCompatibleWith_(Configuration)=0}
2024-04-24T11:28:36,697  INFO [main] ql.Driver: Completed executing command(queryId=alex_20240424112815_77f1a574-7209-47ed-9f2d-c65b5a366144); Time taken: 20.313 seconds
]]></system-err>
  </testcase>
  <testcase name="testConvertBooleanToInt" classname="org.apache.hive.hcatalog.pig.TestRCFileHCatLoader" time="20.833">
    <error message="FAILED: Execution Error, return code 40000 from org.apache.hadoop.hive.ql.ddl.DDLTask. MetaException(message:javax.jdo.JDODataStoreException: Exception thrown flushing changes to datastore&#10;NestedThrowables:&#10;java.sql.BatchUpdateException: DELETE on table &apos;DBS&apos; caused a violation of foreign key constraint &apos;TBLS_FK1&apos; for key (3).  The statement has been rolled back.)" type="(responseCode = 40000, errorMessage = FAILED"><![CDATA[(responseCode = 40000, errorMessage = FAILED: Execution Error, return code 40000 from org.apache.hadoop.hive.ql.ddl.DDLTask. MetaException(message:javax.jdo.JDODataStoreException: Exception thrown flushing changes to datastore
NestedThrowables:
java.sql.BatchUpdateException: DELETE on table 'DBS' caused a violation of foreign key constraint 'TBLS_FK1' for key (3).  The statement has been rolled back.), hiveErrorCode = 40000, SQLState = 08S01, exception = MetaException(message:javax.jdo.JDODataStoreException: Exception thrown flushing changes to datastore
NestedThrowables:
java.sql.BatchUpdateException: DELETE on table 'DBS' caused a violation of foreign key constraint 'TBLS_FK1' for key (3).  The statement has been rolled back.))
	at org.apache.hadoop.hive.ql.DriverUtils.createProcessorException(DriverUtils.java:153)
	at org.apache.hadoop.hive.ql.Executor.handleTaskFailure(Executor.java:403)
	at org.apache.hadoop.hive.ql.Executor.handleFinished(Executor.java:285)
	at org.apache.hadoop.hive.ql.Executor.runTasks(Executor.java:246)
	at org.apache.hadoop.hive.ql.Executor.execute(Executor.java:108)
	at org.apache.hadoop.hive.ql.Driver.execute(Driver.java:348)
	at org.apache.hadoop.hive.ql.Driver.runInternal(Driver.java:204)
	at org.apache.hadoop.hive.ql.Driver.run(Driver.java:153)
	at org.apache.hadoop.hive.ql.Driver.run(Driver.java:148)
	at org.apache.hadoop.hive.ql.reexec.ReExecDriver.run(ReExecDriver.java:164)
	at org.apache.hadoop.hive.ql.reexec.ReExecDriver.run(ReExecDriver.java:230)
	at org.apache.hive.hcatalog.pig.AbstractHCatLoaderTest.executeStatementOnDriver(AbstractHCatLoaderTest.java:151)
	at org.apache.hive.hcatalog.pig.AbstractHCatLoaderTest.tearDown(AbstractHCatLoaderTest.java:239)
	at sun.reflect.NativeMethodAccessorImpl.invoke0(Native Method)
	at sun.reflect.NativeMethodAccessorImpl.invoke(NativeMethodAccessorImpl.java:62)
	at sun.reflect.DelegatingMethodAccessorImpl.invoke(DelegatingMethodAccessorImpl.java:43)
	at java.lang.reflect.Method.invoke(Method.java:498)
	at org.junit.runners.model.FrameworkMethod$1.runReflectiveCall(FrameworkMethod.java:59)
	at org.junit.internal.runners.model.ReflectiveCallable.run(ReflectiveCallable.java:12)
	at org.junit.runners.model.FrameworkMethod.invokeExplosively(FrameworkMethod.java:56)
	at org.junit.internal.runners.statements.RunAfters.invokeMethod(RunAfters.java:46)
	at org.junit.internal.runners.statements.RunAfters.evaluate(RunAfters.java:33)
	at org.junit.runners.ParentRunner$3.evaluate(ParentRunner.java:306)
	at org.junit.runners.BlockJUnit4ClassRunner$1.evaluate(BlockJUnit4ClassRunner.java:100)
	at org.junit.runners.ParentRunner.runLeaf(ParentRunner.java:366)
	at org.junit.runners.BlockJUnit4ClassRunner.runChild(BlockJUnit4ClassRunner.java:103)
	at org.junit.runners.BlockJUnit4ClassRunner.runChild(BlockJUnit4ClassRunner.java:63)
	at org.junit.runners.ParentRunner$4.run(ParentRunner.java:331)
	at org.junit.runners.ParentRunner$1.schedule(ParentRunner.java:79)
	at org.junit.runners.ParentRunner.runChildren(ParentRunner.java:329)
	at org.junit.runners.ParentRunner.access$100(ParentRunner.java:66)
	at org.junit.runners.ParentRunner$2.evaluate(ParentRunner.java:293)
	at org.junit.internal.runners.statements.RunBefores.evaluate(RunBefores.java:26)
	at org.junit.runners.ParentRunner$3.evaluate(ParentRunner.java:306)
	at org.junit.runners.ParentRunner.run(ParentRunner.java:413)
	at org.junit.runners.Suite.runChild(Suite.java:128)
	at org.junit.runners.Suite.runChild(Suite.java:27)
	at org.junit.runners.ParentRunner$4.run(ParentRunner.java:331)
	at org.junit.runners.ParentRunner$1.schedule(ParentRunner.java:79)
	at org.junit.runners.ParentRunner.runChildren(ParentRunner.java:329)
	at org.junit.runners.ParentRunner.access$100(ParentRunner.java:66)
	at org.junit.runners.ParentRunner$2.evaluate(ParentRunner.java:293)
	at org.junit.runners.ParentRunner$3.evaluate(ParentRunner.java:306)
	at org.junit.runners.ParentRunner.run(ParentRunner.java:413)
	at org.apache.maven.surefire.junitcore.JUnitCore.run(JUnitCore.java:55)
	at org.apache.maven.surefire.junitcore.JUnitCoreWrapper.createRequestAndRun(JUnitCoreWrapper.java:137)
	at org.apache.maven.surefire.junitcore.JUnitCoreWrapper.executeEager(JUnitCoreWrapper.java:107)
	at org.apache.maven.surefire.junitcore.JUnitCoreWrapper.execute(JUnitCoreWrapper.java:83)
	at org.apache.maven.surefire.junitcore.JUnitCoreWrapper.execute(JUnitCoreWrapper.java:75)
	at org.apache.maven.surefire.junitcore.JUnitCoreProvider.invoke(JUnitCoreProvider.java:158)
	at org.apache.maven.surefire.booter.ForkedBooter.runSuitesInProcess(ForkedBooter.java:377)
	at org.apache.maven.surefire.booter.ForkedBooter.execute(ForkedBooter.java:138)
	at org.apache.maven.surefire.booter.ForkedBooter.run(ForkedBooter.java:465)
	at org.apache.maven.surefire.booter.ForkedBooter.main(ForkedBooter.java:451)
Caused by: org.apache.hadoop.hive.ql.metadata.HiveException: MetaException(message:javax.jdo.JDODataStoreException: Exception thrown flushing changes to datastore
NestedThrowables:
java.sql.BatchUpdateException: DELETE on table 'DBS' caused a violation of foreign key constraint 'TBLS_FK1' for key (3).  The statement has been rolled back.)
	at org.apache.hadoop.hive.ql.metadata.Hive.dropDatabase(Hive.java:666)
	at org.apache.hadoop.hive.ql.ddl.database.drop.DropDatabaseOperation.execute(DropDatabaseOperation.java:52)
	at org.apache.hadoop.hive.ql.ddl.DDLTask.execute(DDLTask.java:84)
	at org.apache.hadoop.hive.ql.exec.Task.executeTask(Task.java:212)
	at org.apache.hadoop.hive.ql.exec.TaskRunner.runSequential(TaskRunner.java:105)
	at org.apache.hadoop.hive.ql.Executor.launchTask(Executor.java:361)
	at org.apache.hadoop.hive.ql.Executor.launchTasks(Executor.java:334)
	at org.apache.hadoop.hive.ql.Executor.runTasks(Executor.java:245)
	... 50 more
Caused by: MetaException(message:javax.jdo.JDODataStoreException: Exception thrown flushing changes to datastore
NestedThrowables:
java.sql.BatchUpdateException: DELETE on table 'DBS' caused a violation of foreign key constraint 'TBLS_FK1' for key (3).  The statement has been rolled back.)
	at org.apache.hadoop.hive.metastore.RetryingHMSHandler.invokeInternal(RetryingHMSHandler.java:209)
	at org.apache.hadoop.hive.metastore.RetryingHMSHandler.invoke(RetryingHMSHandler.java:108)
	at com.sun.proxy.$Proxy35.drop_database(Unknown Source)
	at org.apache.hadoop.hive.metastore.HiveMetaStoreClient.dropDatabaseCascadePerDb(HiveMetaStoreClient.java:1601)
	at org.apache.hadoop.hive.metastore.HiveMetaStoreClient.dropDatabase(HiveMetaStoreClient.java:1532)
	at org.apache.hadoop.hive.metastore.HiveMetaStoreClient.dropDatabase(HiveMetaStoreClient.java:1485)
	at sun.reflect.NativeMethodAccessorImpl.invoke0(Native Method)
	at sun.reflect.NativeMethodAccessorImpl.invoke(NativeMethodAccessorImpl.java:62)
	at sun.reflect.DelegatingMethodAccessorImpl.invoke(DelegatingMethodAccessorImpl.java:43)
	at java.lang.reflect.Method.invoke(Method.java:498)
	at org.apache.hadoop.hive.metastore.RetryingMetaStoreClient.invoke(RetryingMetaStoreClient.java:218)
	at com.sun.proxy.$Proxy45.dropDatabase(Unknown Source)
	at org.apache.hadoop.hive.ql.metadata.Hive.dropDatabase(Hive.java:662)
	... 57 more
Caused by: javax.jdo.JDODataStoreException: Exception thrown flushing changes to datastore
NestedThrowables:
java.sql.BatchUpdateException: DELETE on table 'DBS' caused a violation of foreign key constraint 'TBLS_FK1' for key (3).  The statement has been rolled back.
	at org.datanucleus.api.jdo.NucleusJDOHelper.getJDOExceptionForNucleusException(NucleusJDOHelper.java:542)
	at org.datanucleus.api.jdo.JDOTransaction.commit(JDOTransaction.java:162)
	at org.apache.hadoop.hive.metastore.ObjectStore.commitTransaction(ObjectStore.java:615)
	at sun.reflect.GeneratedMethodAccessor31.invoke(Unknown Source)
	at sun.reflect.DelegatingMethodAccessorImpl.invoke(DelegatingMethodAccessorImpl.java:43)
	at java.lang.reflect.Method.invoke(Method.java:498)
	at org.apache.hadoop.hive.metastore.RawStoreProxy.invoke(RawStoreProxy.java:97)
	at com.sun.proxy.$Proxy32.commitTransaction(Unknown Source)
	at org.apache.hadoop.hive.metastore.HMSHandler.drop_database_core(HMSHandler.java:1790)
	at org.apache.hadoop.hive.metastore.HMSHandler.drop_database(HMSHandler.java:1869)
	at sun.reflect.GeneratedMethodAccessor54.invoke(Unknown Source)
	at sun.reflect.DelegatingMethodAccessorImpl.invoke(DelegatingMethodAccessorImpl.java:43)
	at java.lang.reflect.Method.invoke(Method.java:498)
	at org.apache.hadoop.hive.metastore.RetryingHMSHandler.invokeInternal(RetryingHMSHandler.java:147)
	... 69 more
Caused by: java.sql.BatchUpdateException: DELETE on table 'DBS' caused a violation of foreign key constraint 'TBLS_FK1' for key (3).  The statement has been rolled back.
	at org.apache.derby.impl.jdbc.EmbedStatement.executeLargeBatch(Unknown Source)
	at org.apache.derby.impl.jdbc.EmbedStatement.executeBatch(Unknown Source)
	at com.zaxxer.hikari.pool.ProxyStatement.executeBatch(ProxyStatement.java:128)
	at com.zaxxer.hikari.pool.HikariProxyPreparedStatement.executeBatch(HikariProxyPreparedStatement.java)
	at org.datanucleus.store.rdbms.ParamLoggingPreparedStatement.executeBatch(ParamLoggingPreparedStatement.java:366)
	at org.datanucleus.store.rdbms.SQLController.processConnectionStatement(SQLController.java:675)
	at org.datanucleus.store.rdbms.SQLController.processStatementsForConnection(SQLController.java:643)
	at org.datanucleus.store.rdbms.SQLController$1.transactionFlushed(SQLController.java:729)
	at org.datanucleus.store.connection.AbstractManagedConnection.transactionFlushed(AbstractManagedConnection.java:95)
	at org.datanucleus.store.connection.ConnectionManagerImpl$2.transactionFlushed(ConnectionManagerImpl.java:528)
	at org.datanucleus.TransactionImpl.flush(TransactionImpl.java:222)
	at org.datanucleus.TransactionImpl.commit(TransactionImpl.java:286)
	at org.datanucleus.api.jdo.JDOTransaction.commit(JDOTransaction.java:99)
	... 81 more
Caused by: org.apache.derby.shared.common.error.DerbySQLIntegrityConstraintViolationException: DELETE on table 'DBS' caused a violation of foreign key constraint 'TBLS_FK1' for key (3).  The statement has been rolled back.
	at org.apache.derby.impl.jdbc.SQLExceptionFactory.getSQLException(Unknown Source)
	at org.apache.derby.impl.jdbc.Util.generateCsSQLException(Unknown Source)
	at org.apache.derby.impl.jdbc.TransactionResourceImpl.wrapInSQLException(Unknown Source)
	at org.apache.derby.impl.jdbc.TransactionResourceImpl.handleException(Unknown Source)
	at org.apache.derby.impl.jdbc.EmbedConnection.handleException(Unknown Source)
	at org.apache.derby.impl.jdbc.ConnectionChild.handleException(Unknown Source)
	at org.apache.derby.impl.jdbc.EmbedStatement.executeStatement(Unknown Source)
	at org.apache.derby.impl.jdbc.EmbedPreparedStatement.executeBatchElement(Unknown Source)
	... 94 more
Caused by: ERROR 23503: DELETE on table 'DBS' caused a violation of foreign key constraint 'TBLS_FK1' for key (3).  The statement has been rolled back.
	at org.apache.derby.iapi.error.StandardException.newException(Unknown Source)
	at org.apache.derby.iapi.error.StandardException.newException(Unknown Source)
	at org.apache.derby.impl.sql.execute.ReferencedKeyRIChecker.doCheck(Unknown Source)
	at org.apache.derby.impl.sql.execute.RISetChecker.doPKCheck(Unknown Source)
	at org.apache.derby.impl.sql.execute.DeleteResultSet.collectAffectedRows(Unknown Source)
	at org.apache.derby.impl.sql.execute.DeleteResultSet.open(Unknown Source)
	at org.apache.derby.impl.sql.GenericPreparedStatement.executeStmt(Unknown Source)
	at org.apache.derby.impl.sql.GenericPreparedStatement.execute(Unknown Source)
	... 96 more
]]></error>
  </testcase>
  <testcase name="testReadDataBasic" classname="org.apache.hive.hcatalog.pig.TestRCFileHCatLoader" time="20.715">
    <error message="FAILED: Execution Error, return code 40000 from org.apache.hadoop.hive.ql.ddl.DDLTask. AlreadyExistsException(message:Table hive.junit_specific_db.junit_specific_size2 already exists)" type="(responseCode = 40000, errorMessage = FAILED"><![CDATA[(responseCode = 40000, errorMessage = FAILED: Execution Error, return code 40000 from org.apache.hadoop.hive.ql.ddl.DDLTask. AlreadyExistsException(message:Table hive.junit_specific_db.junit_specific_size2 already exists), hiveErrorCode = 40000, SQLState = 08S01, exception = AlreadyExistsException(message:Table hive.junit_specific_db.junit_specific_size2 already exists))
	at org.apache.hadoop.hive.ql.DriverUtils.createProcessorException(DriverUtils.java:153)
	at org.apache.hadoop.hive.ql.Executor.handleTaskFailure(Executor.java:403)
	at org.apache.hadoop.hive.ql.Executor.handleFinished(Executor.java:285)
	at org.apache.hadoop.hive.ql.Executor.runTasks(Executor.java:246)
	at org.apache.hadoop.hive.ql.Executor.execute(Executor.java:108)
	at org.apache.hadoop.hive.ql.Driver.execute(Driver.java:348)
	at org.apache.hadoop.hive.ql.Driver.runInternal(Driver.java:204)
	at org.apache.hadoop.hive.ql.Driver.run(Driver.java:153)
	at org.apache.hadoop.hive.ql.Driver.run(Driver.java:148)
	at org.apache.hadoop.hive.ql.reexec.ReExecDriver.run(ReExecDriver.java:164)
	at org.apache.hadoop.hive.ql.reexec.ReExecDriver.run(ReExecDriver.java:230)
	at org.apache.hive.hcatalog.pig.AbstractHCatLoaderTest.executeStatementOnDriver(AbstractHCatLoaderTest.java:151)
	at org.apache.hive.hcatalog.pig.AbstractHCatLoaderTest.createTable(AbstractHCatLoaderTest.java:134)
	at org.apache.hive.hcatalog.pig.AbstractHCatLoaderTest.createTable(AbstractHCatLoaderTest.java:104)
	at org.apache.hive.hcatalog.pig.AbstractHCatLoaderTest.createTable(AbstractHCatLoaderTest.java:138)
	at org.apache.hive.hcatalog.pig.AbstractHCatLoaderTest.setUpTest(AbstractHCatLoaderTest.java:172)
	at sun.reflect.NativeMethodAccessorImpl.invoke0(Native Method)
	at sun.reflect.NativeMethodAccessorImpl.invoke(NativeMethodAccessorImpl.java:62)
	at sun.reflect.DelegatingMethodAccessorImpl.invoke(DelegatingMethodAccessorImpl.java:43)
	at java.lang.reflect.Method.invoke(Method.java:498)
	at org.junit.runners.model.FrameworkMethod$1.runReflectiveCall(FrameworkMethod.java:59)
	at org.junit.internal.runners.model.ReflectiveCallable.run(ReflectiveCallable.java:12)
	at org.junit.runners.model.FrameworkMethod.invokeExplosively(FrameworkMethod.java:56)
	at org.junit.internal.runners.statements.RunBefores.invokeMethod(RunBefores.java:33)
	at org.junit.internal.runners.statements.RunBefores.evaluate(RunBefores.java:24)
	at org.junit.internal.runners.statements.RunAfters.evaluate(RunAfters.java:27)
	at org.junit.runners.ParentRunner$3.evaluate(ParentRunner.java:306)
	at org.junit.runners.BlockJUnit4ClassRunner$1.evaluate(BlockJUnit4ClassRunner.java:100)
	at org.junit.runners.ParentRunner.runLeaf(ParentRunner.java:366)
	at org.junit.runners.BlockJUnit4ClassRunner.runChild(BlockJUnit4ClassRunner.java:103)
	at org.junit.runners.BlockJUnit4ClassRunner.runChild(BlockJUnit4ClassRunner.java:63)
	at org.junit.runners.ParentRunner$4.run(ParentRunner.java:331)
	at org.junit.runners.ParentRunner$1.schedule(ParentRunner.java:79)
	at org.junit.runners.ParentRunner.runChildren(ParentRunner.java:329)
	at org.junit.runners.ParentRunner.access$100(ParentRunner.java:66)
	at org.junit.runners.ParentRunner$2.evaluate(ParentRunner.java:293)
	at org.junit.internal.runners.statements.RunBefores.evaluate(RunBefores.java:26)
	at org.junit.runners.ParentRunner$3.evaluate(ParentRunner.java:306)
	at org.junit.runners.ParentRunner.run(ParentRunner.java:413)
	at org.junit.runners.Suite.runChild(Suite.java:128)
	at org.junit.runners.Suite.runChild(Suite.java:27)
	at org.junit.runners.ParentRunner$4.run(ParentRunner.java:331)
	at org.junit.runners.ParentRunner$1.schedule(ParentRunner.java:79)
	at org.junit.runners.ParentRunner.runChildren(ParentRunner.java:329)
	at org.junit.runners.ParentRunner.access$100(ParentRunner.java:66)
	at org.junit.runners.ParentRunner$2.evaluate(ParentRunner.java:293)
	at org.junit.runners.ParentRunner$3.evaluate(ParentRunner.java:306)
	at org.junit.runners.ParentRunner.run(ParentRunner.java:413)
	at org.apache.maven.surefire.junitcore.JUnitCore.run(JUnitCore.java:55)
	at org.apache.maven.surefire.junitcore.JUnitCoreWrapper.createRequestAndRun(JUnitCoreWrapper.java:137)
	at org.apache.maven.surefire.junitcore.JUnitCoreWrapper.executeEager(JUnitCoreWrapper.java:107)
	at org.apache.maven.surefire.junitcore.JUnitCoreWrapper.execute(JUnitCoreWrapper.java:83)
	at org.apache.maven.surefire.junitcore.JUnitCoreWrapper.execute(JUnitCoreWrapper.java:75)
	at org.apache.maven.surefire.junitcore.JUnitCoreProvider.invoke(JUnitCoreProvider.java:158)
	at org.apache.maven.surefire.booter.ForkedBooter.runSuitesInProcess(ForkedBooter.java:377)
	at org.apache.maven.surefire.booter.ForkedBooter.execute(ForkedBooter.java:138)
	at org.apache.maven.surefire.booter.ForkedBooter.run(ForkedBooter.java:465)
	at org.apache.maven.surefire.booter.ForkedBooter.main(ForkedBooter.java:451)
Caused by: org.apache.hadoop.hive.ql.metadata.HiveException: AlreadyExistsException(message:Table hive.junit_specific_db.junit_specific_size2 already exists)
	at org.apache.hadoop.hive.ql.metadata.Hive.createTable(Hive.java:1298)
	at org.apache.hadoop.hive.ql.metadata.Hive.createTable(Hive.java:1306)
	at org.apache.hadoop.hive.ql.ddl.table.create.CreateTableOperation.createTableNonReplaceMode(CreateTableOperation.java:140)
	at org.apache.hadoop.hive.ql.ddl.table.create.CreateTableOperation.execute(CreateTableOperation.java:98)
	at org.apache.hadoop.hive.ql.ddl.DDLTask.execute(DDLTask.java:84)
	at org.apache.hadoop.hive.ql.exec.Task.executeTask(Task.java:212)
	at org.apache.hadoop.hive.ql.exec.TaskRunner.runSequential(TaskRunner.java:105)
	at org.apache.hadoop.hive.ql.Executor.launchTask(Executor.java:361)
	at org.apache.hadoop.hive.ql.Executor.launchTasks(Executor.java:334)
	at org.apache.hadoop.hive.ql.Executor.runTasks(Executor.java:245)
	... 54 more
Caused by: AlreadyExistsException(message:Table hive.junit_specific_db.junit_specific_size2 already exists)
	at org.apache.hadoop.hive.metastore.HMSHandler.create_table_core(HMSHandler.java:2339)
	at org.apache.hadoop.hive.metastore.HMSHandler.create_table_req(HMSHandler.java:2598)
	at sun.reflect.GeneratedMethodAccessor40.invoke(Unknown Source)
	at sun.reflect.DelegatingMethodAccessorImpl.invoke(DelegatingMethodAccessorImpl.java:43)
	at java.lang.reflect.Method.invoke(Method.java:498)
	at org.apache.hadoop.hive.metastore.RetryingHMSHandler.invokeInternal(RetryingHMSHandler.java:147)
	at org.apache.hadoop.hive.metastore.RetryingHMSHandler.invoke(RetryingHMSHandler.java:108)
	at com.sun.proxy.$Proxy35.create_table_req(Unknown Source)
	at org.apache.hadoop.hive.metastore.HiveMetaStoreClient.create_table_with_environment_context(HiveMetaStoreClient.java:4408)
	at org.apache.hadoop.hive.ql.metadata.SessionHiveMetaStoreClient.create_table_with_environment_context(SessionHiveMetaStoreClient.java:182)
	at org.apache.hadoop.hive.metastore.HiveMetaStoreClient.createTable(HiveMetaStoreClient.java:1260)
	at org.apache.hadoop.hive.metastore.HiveMetaStoreClient.createTable(HiveMetaStoreClient.java:1245)
	at sun.reflect.GeneratedMethodAccessor39.invoke(Unknown Source)
	at sun.reflect.DelegatingMethodAccessorImpl.invoke(DelegatingMethodAccessorImpl.java:43)
	at java.lang.reflect.Method.invoke(Method.java:498)
	at org.apache.hadoop.hive.metastore.RetryingMetaStoreClient.invoke(RetryingMetaStoreClient.java:218)
	at com.sun.proxy.$Proxy45.createTable(Unknown Source)
	at org.apache.hadoop.hive.ql.metadata.Hive.createTable(Hive.java:1290)
	... 63 more
]]></error>
    <system-err><![CDATA[2024-04-24T11:28:36,737  WARN [main] conf.HiveConf: HiveConf of name hive.dummyparam.test.server.specific.config.override does not exist
2024-04-24T11:28:36,737  WARN [main] conf.HiveConf: HiveConf of name hive.dummyparam.test.server.specific.config.hivesite does not exist
2024-04-24T11:28:36,737  WARN [main] conf.HiveConf: HiveConf of name hive.llap.io.cache.orc.alloc.min does not exist
2024-04-24T11:28:36,738  WARN [main] conf.HiveConf: HiveConf of name hive.stats.key.prefix.reserve.length does not exist
2024-04-24T11:28:36,738  WARN [main] conf.HiveConf: HiveConf of name hive.metastore.client.cache.maxSize does not exist
2024-04-24T11:28:36,738  WARN [main] conf.HiveConf: HiveConf of name hive.llap.io.cache.orc.arena.size does not exist
2024-04-24T11:28:36,738  WARN [main] conf.HiveConf: HiveConf of name hive.metastore.metadb.dir does not exist
2024-04-24T11:28:36,738  WARN [main] conf.HiveConf: HiveConf of name hive.llap.io.cache.orc.size does not exist
2024-04-24T11:28:36,738  WARN [main] conf.HiveConf: HiveConf of name hive.llap.io.cache.orc.alloc.max does not exist
2024-04-24T11:28:36,738  WARN [main] conf.HiveConf: HiveConf of name hive.dummyparam.test.server.specific.config.metastoresite does not exist
2024-04-24T11:28:36,738  WARN [main] conf.HiveConf: HiveConf of name hive.metastore.client.cache.recordStats does not exist
2024-04-24T11:28:36,741  INFO [main] metastore.HiveMetaStoreClient: HMS client filtering is enabled.
2024-04-24T11:28:36,741  INFO [main] metastore.PersistenceManagerProvider: Configuration datanucleus.autoStartMechanismMode is not set. Defaulting to 'ignored'
2024-04-24T11:28:36,741  INFO [main] metastore.ObjectStore: RawStore: org.apache.hadoop.hive.metastore.ObjectStore@4ecbd1da, with PersistenceManager: org.datanucleus.api.jdo.JDOPersistenceManager@2090d3d1 will be shutdown
2024-04-24T11:28:36,742  INFO [main] metastore.ObjectStore: RawStore: org.apache.hadoop.hive.metastore.ObjectStore@4ecbd1da, with PersistenceManager: org.datanucleus.api.jdo.JDOPersistenceManager@55fc61d8 created in the thread with id: 1
2024-04-24T11:28:36,782  INFO [Finalizer] HiveMetaStore.audit: ugi=alex	ip=unknown-ip-addr	cmd=Done cleaning up thread local RawStore	
2024-04-24T11:28:36,782  INFO [Finalizer] metastore.HiveMetaStoreClient: Closed a connection to metastore, current connections: -16
2024-04-24T11:28:36,783  INFO [Finalizer] HiveMetaStore.audit: ugi=alex	ip=unknown-ip-addr	cmd=Done cleaning up thread local RawStore	
2024-04-24T11:28:36,783  INFO [Finalizer] metastore.HiveMetaStoreClient: Closed a connection to metastore, current connections: -17
2024-04-24T11:28:36,794  INFO [main] metastore.HMSHandler: HMS server filtering is disabled by configuration
Hive Session ID = 30d61abf-ba43-415f-aef7-1311e0edea97
2024-04-24T11:28:36,794  INFO [main] SessionState: Hive Session ID = 30d61abf-ba43-415f-aef7-1311e0edea97
ivysettings.xml file not found in HIVE_HOME or HIVE_CONF_DIR,file:/home/alex/.m2/repository/org/apache/pig/pig/0.16.0/pig-0.16.0-h2.jar!/ivysettings.xml will be used
2024-04-24T11:28:36,794  INFO [main] DependencyResolver: ivysettings.xml file not found in HIVE_HOME or HIVE_CONF_DIR,file:/home/alex/.m2/repository/org/apache/pig/pig/0.16.0/pig-0.16.0-h2.jar!/ivysettings.xml will be used
2024-04-24T11:28:36,800  INFO [main] session.SessionState: Created HDFS directory: /home/alex/Repositories/hive/hcatalog/hcatalog-pig-adapter/target/tmp/scratchdir/alex/30d61abf-ba43-415f-aef7-1311e0edea97
2024-04-24T11:28:36,802  INFO [main] session.SessionState: Created local directory: /home/alex/Repositories/hive/hcatalog/hcatalog-pig-adapter/target/tmp/localscratchdir/30d61abf-ba43-415f-aef7-1311e0edea97
2024-04-24T11:28:36,804  INFO [main] session.SessionState: Created HDFS directory: /home/alex/Repositories/hive/hcatalog/hcatalog-pig-adapter/target/tmp/scratchdir/alex/30d61abf-ba43-415f-aef7-1311e0edea97/_tmp_space.db
2024-04-24T11:28:36,805  INFO [main] ql.Driver: Compiling command(queryId=alex_20240424112836_0b52faa9-2d52-4abf-8864-ad0a08d04a9b): use default
2024-04-24T11:28:36,806  INFO [main] HiveMetaStore.audit: ugi=alex	ip=unknown-ip-addr	cmd=get_database: default	
2024-04-24T11:28:36,807  INFO [main] ql.Driver: Semantic Analysis Completed (retrial = false)
2024-04-24T11:28:36,807  INFO [main] ql.Driver: Created Hive schema: Schema(fieldSchemas:null, properties:null)
2024-04-24T11:28:36,807  INFO [main] metadata.Hive: Dumping metastore api call timing information for : compilation phase
2024-04-24T11:28:36,807  INFO [main] metadata.Hive: Total time spent in each metastore function (ms): {getDatabase_(String)=2, isCompatibleWith_(Configuration)=0, flushCache_()=0}
2024-04-24T11:28:36,808  INFO [main] ql.Driver: Completed compiling command(queryId=alex_20240424112836_0b52faa9-2d52-4abf-8864-ad0a08d04a9b); Time taken: 0.002 seconds
2024-04-24T11:28:36,808  INFO [main] reexec.ReExecDriver: Execution #1 of query
2024-04-24T11:28:36,808  INFO [main] ql.Driver: Concurrency mode is disabled, not creating a lock manager
2024-04-24T11:28:36,808  INFO [main] ql.Driver: Executing command(queryId=alex_20240424112836_0b52faa9-2d52-4abf-8864-ad0a08d04a9b): use default
2024-04-24T11:28:36,808  INFO [main] ql.Driver: Starting task [Stage-0:DDL] in serial mode
2024-04-24T11:28:36,809  INFO [main] HiveMetaStore.audit: ugi=alex	ip=unknown-ip-addr	cmd=get_database: default	
2024-04-24T11:28:36,810  INFO [main] HiveMetaStore.audit: ugi=alex	ip=unknown-ip-addr	cmd=get_database: default	
2024-04-24T11:28:36,812  INFO [main] metadata.Hive: Dumping metastore api call timing information for : execution phase
2024-04-24T11:28:36,812  INFO [main] metadata.Hive: Total time spent in each metastore function (ms): {getDatabase_(String)=3, isCompatibleWith_(Configuration)=0}
2024-04-24T11:28:36,812  INFO [main] ql.Driver: Completed executing command(queryId=alex_20240424112836_0b52faa9-2d52-4abf-8864-ad0a08d04a9b); Time taken: 0.004 seconds
2024-04-24T11:28:36,813  INFO [main] ql.Driver: Compiling command(queryId=alex_20240424112836_0b52faa9-2d52-4abf-8864-ad0a08d04a9b): create table junit_unparted_basic(a int, b string) stored as RCFILE TBLPROPERTIES ('transactional'='false')
2024-04-24T11:28:36,814  INFO [main] parse.CalcitePlanner: Starting caching scope for: alex_20240424112836_0b52faa9-2d52-4abf-8864-ad0a08d04a9b
2024-04-24T11:28:36,814  INFO [main] parse.CalcitePlanner: Starting Semantic Analysis
2024-04-24T11:28:36,814  INFO [main] sqlstd.SQLStdHiveAccessController: Created SQLStdHiveAccessController for session context : HiveAuthzSessionContext [sessionString=30d61abf-ba43-415f-aef7-1311e0edea97, clientType=HIVECLI]
2024-04-24T11:28:36,814  INFO [main] metastore.HiveMetaStoreClient: Mestastore configuration metastore.filter.hook changed from org.apache.hadoop.hive.metastore.DefaultMetaStoreFilterHookImpl to org.apache.hadoop.hive.ql.security.authorization.plugin.AuthorizationMetaStoreFilterHook
2024-04-24T11:28:36,814  INFO [main] HiveMetaStore.audit: ugi=alex	ip=unknown-ip-addr	cmd=Cleaning up thread local RawStore...	
2024-04-24T11:28:36,814  INFO [main] metastore.ObjectStore: RawStore: org.apache.hadoop.hive.metastore.ObjectStore@4ecbd1da, with PersistenceManager: org.datanucleus.api.jdo.JDOPersistenceManager@55fc61d8 will be shutdown
2024-04-24T11:28:36,814  INFO [main] HiveMetaStore.audit: ugi=alex	ip=unknown-ip-addr	cmd=Done cleaning up thread local RawStore	
2024-04-24T11:28:36,814  INFO [main] metastore.HiveMetaStoreClient: Closed a connection to metastore, current connections: -18
2024-04-24T11:28:36,815  INFO [main] metastore.HiveMetaStoreClient: HMS client filtering is enabled.
2024-04-24T11:28:36,817  INFO [main] metastore.HMSHandler: 0: Opening raw store with implementation class:org.apache.hadoop.hive.metastore.ObjectStore
2024-04-24T11:28:36,817  INFO [main] metastore.PersistenceManagerProvider: Configuration datanucleus.autoStartMechanismMode is not set. Defaulting to 'ignored'
2024-04-24T11:28:36,817  INFO [main] metastore.ObjectStore: RawStore: org.apache.hadoop.hive.metastore.ObjectStore@6a38a87c, with PersistenceManager: null will be shutdown
2024-04-24T11:28:36,818  INFO [main] metastore.ObjectStore: RawStore: org.apache.hadoop.hive.metastore.ObjectStore@6a38a87c, with PersistenceManager: org.datanucleus.api.jdo.JDOPersistenceManager@e0c6e2c created in the thread with id: 1
2024-04-24T11:28:36,820  INFO [main] metastore.HMSHandler: Created RawStore: org.apache.hadoop.hive.metastore.ObjectStore@6a38a87c from thread id: 1
2024-04-24T11:28:36,820  INFO [main] metastore.HMSHandler: HMS server filtering is disabled by configuration
2024-04-24T11:28:36,820  INFO [main] metastore.RetryingMetaStoreClient: RetryingMetaStoreClient proxy=class org.apache.hadoop.hive.ql.metadata.SessionHiveMetaStoreClient ugi=alex (auth:SIMPLE) retries=1 delay=1 lifetime=0
2024-04-24T11:28:36,820  INFO [main] parse.CalcitePlanner: Creating table default.junit_unparted_basic position=13
2024-04-24T11:28:36,822  INFO [main] metastore.HiveMetaStoreClient: HMS client filtering is enabled.
2024-04-24T11:28:36,822  INFO [main] metastore.PersistenceManagerProvider: Configuration datanucleus.autoStartMechanismMode is not set. Defaulting to 'ignored'
2024-04-24T11:28:36,822  INFO [main] metastore.ObjectStore: RawStore: org.apache.hadoop.hive.metastore.ObjectStore@6a38a87c, with PersistenceManager: org.datanucleus.api.jdo.JDOPersistenceManager@e0c6e2c will be shutdown
2024-04-24T11:28:36,823  INFO [main] metastore.ObjectStore: RawStore: org.apache.hadoop.hive.metastore.ObjectStore@6a38a87c, with PersistenceManager: org.datanucleus.api.jdo.JDOPersistenceManager@7c061c04 created in the thread with id: 1
2024-04-24T11:28:36,825  INFO [main] metastore.HMSHandler: HMS server filtering is disabled by configuration
2024-04-24T11:28:36,825  INFO [main] metastore.RetryingMetaStoreClient: RetryingMetaStoreClient proxy=class org.apache.hadoop.hive.ql.metadata.SessionHiveMetaStoreClient ugi=alex (auth:SIMPLE) retries=1 delay=1 lifetime=0
2024-04-24T11:28:36,825  INFO [main] HiveMetaStore.audit: ugi=alex	ip=unknown-ip-addr	cmd=get_database: default	
2024-04-24T11:28:36,827  INFO [main] parse.CalcitePlanner: Ending caching scope for: alex_20240424112836_0b52faa9-2d52-4abf-8864-ad0a08d04a9b
2024-04-24T11:28:36,827  INFO [main] ql.Driver: Semantic Analysis Completed (retrial = false)
2024-04-24T11:28:36,827  INFO [main] ql.Driver: Created Hive schema: Schema(fieldSchemas:null, properties:null)
2024-04-24T11:28:36,827  INFO [main] metadata.Hive: Dumping metastore api call timing information for : compilation phase
2024-04-24T11:28:36,827  INFO [main] metadata.Hive: Total time spent in each metastore function (ms): {}
2024-04-24T11:28:36,827  INFO [main] ql.Driver: Completed compiling command(queryId=alex_20240424112836_0b52faa9-2d52-4abf-8864-ad0a08d04a9b); Time taken: 0.014 seconds
2024-04-24T11:28:36,827  INFO [main] reexec.ReExecDriver: Execution #1 of query
2024-04-24T11:28:36,828  INFO [main] ql.Driver: Concurrency mode is disabled, not creating a lock manager
2024-04-24T11:28:36,828  INFO [main] ql.Driver: Executing command(queryId=alex_20240424112836_0b52faa9-2d52-4abf-8864-ad0a08d04a9b): create table junit_unparted_basic(a int, b string) stored as RCFILE TBLPROPERTIES ('transactional'='false')
2024-04-24T11:28:36,828  INFO [main] ql.Driver: Starting task [Stage-0:DDL] in serial mode
2024-04-24T11:28:36,828  INFO [main] metastore.HiveMetaStoreClient: Mestastore configuration metastore.filter.hook changed from org.apache.hadoop.hive.ql.security.authorization.plugin.AuthorizationMetaStoreFilterHook to org.apache.hadoop.hive.metastore.DefaultMetaStoreFilterHookImpl
2024-04-24T11:28:36,828  INFO [main] HiveMetaStore.audit: ugi=alex	ip=unknown-ip-addr	cmd=Cleaning up thread local RawStore...	
2024-04-24T11:28:36,828  INFO [main] metastore.ObjectStore: RawStore: org.apache.hadoop.hive.metastore.ObjectStore@6a38a87c, with PersistenceManager: org.datanucleus.api.jdo.JDOPersistenceManager@7c061c04 will be shutdown
2024-04-24T11:28:36,828  INFO [main] HiveMetaStore.audit: ugi=alex	ip=unknown-ip-addr	cmd=Done cleaning up thread local RawStore	
2024-04-24T11:28:36,828  INFO [main] metastore.HiveMetaStoreClient: Closed a connection to metastore, current connections: -19
2024-04-24T11:28:36,830  INFO [main] metastore.HiveMetaStoreClient: HMS client filtering is enabled.
2024-04-24T11:28:36,831  INFO [main] metastore.HMSHandler: 0: Opening raw store with implementation class:org.apache.hadoop.hive.metastore.ObjectStore
2024-04-24T11:28:36,831  INFO [main] metastore.PersistenceManagerProvider: Configuration datanucleus.autoStartMechanismMode is not set. Defaulting to 'ignored'
2024-04-24T11:28:36,832  INFO [main] metastore.ObjectStore: RawStore: org.apache.hadoop.hive.metastore.ObjectStore@5f0cac72, with PersistenceManager: null will be shutdown
2024-04-24T11:28:36,832  INFO [main] metastore.ObjectStore: RawStore: org.apache.hadoop.hive.metastore.ObjectStore@5f0cac72, with PersistenceManager: org.datanucleus.api.jdo.JDOPersistenceManager@92132c3 created in the thread with id: 1
2024-04-24T11:28:36,834  INFO [main] metastore.HMSHandler: Created RawStore: org.apache.hadoop.hive.metastore.ObjectStore@5f0cac72 from thread id: 1
2024-04-24T11:28:36,834  INFO [main] metastore.HMSHandler: HMS server filtering is disabled by configuration
2024-04-24T11:28:36,834  INFO [main] metastore.RetryingMetaStoreClient: RetryingMetaStoreClient proxy=class org.apache.hadoop.hive.ql.metadata.SessionHiveMetaStoreClient ugi=alex (auth:SIMPLE) retries=1 delay=1 lifetime=0
2024-04-24T11:28:36,835  INFO [main] HiveMetaStore.audit: ugi=alex	ip=unknown-ip-addr	cmd=create_table_req: Table(tableName:junit_unparted_basic, dbName:default, owner:alex, createTime:1713983316, lastAccessTime:0, retention:0, sd:StorageDescriptor(cols:[FieldSchema(name:a, type:int, comment:null), FieldSchema(name:b, type:string, comment:null)], location:null, inputFormat:org.apache.hadoop.hive.ql.io.RCFileInputFormat, outputFormat:org.apache.hadoop.hive.ql.io.RCFileOutputFormat, compressed:false, numBuckets:-1, serdeInfo:SerDeInfo(name:null, serializationLib:org.apache.hadoop.hive.serde2.columnar.ColumnarSerDe, parameters:{serialization.format=1}), bucketCols:[], sortCols:[], parameters:{}, skewedInfo:SkewedInfo(skewedColNames:[], skewedColValues:[], skewedColValueLocationMaps:{}), storedAsSubDirectories:false), partitionKeys:[], parameters:{numFilesErasureCoded=0, COLUMN_STATS_ACCURATE={"BASIC_STATS":"true","COLUMN_STATS":{"a":"true","b":"true"}}, rawDataSize=0, numFiles=0, bucketing_version=2, numRows=0, transactional=false, totalSize=0}, viewOriginalText:null, viewExpandedText:null, tableType:MANAGED_TABLE, privileges:PrincipalPrivilegeSet(userPrivileges:{alex=[PrivilegeGrantInfo(privilege:INSERT, createTime:-1, grantor:alex, grantorType:USER, grantOption:true), PrivilegeGrantInfo(privilege:SELECT, createTime:-1, grantor:alex, grantorType:USER, grantOption:true), PrivilegeGrantInfo(privilege:UPDATE, createTime:-1, grantor:alex, grantorType:USER, grantOption:true), PrivilegeGrantInfo(privilege:DELETE, createTime:-1, grantor:alex, grantorType:USER, grantOption:true)]}, groupPrivileges:null, rolePrivileges:null), temporary:false, catName:hive, ownerType:USER)	
2024-04-24T11:28:36,841  INFO [main] utils.FileUtils: Creating directory if it doesn't exist: file:/home/alex/Repositories/hive/hcatalog/hcatalog-pig-adapter/build/test/data/org.apache.hive.hcatalog.mapreduce.HCatBaseTest-1713983215978/warehouse/junit_unparted_basic
2024-04-24T11:28:36,887  INFO [main] metadata.Hive: Dumping metastore api call timing information for : execution phase
2024-04-24T11:28:36,887  INFO [main] metadata.Hive: Total time spent in each metastore function (ms): {createTable_(Table)=53}
2024-04-24T11:28:36,888  INFO [main] ql.Driver: Completed executing command(queryId=alex_20240424112836_0b52faa9-2d52-4abf-8864-ad0a08d04a9b); Time taken: 0.059 seconds
2024-04-24T11:28:36,888  INFO [main] ql.Driver: Compiling command(queryId=alex_20240424112836_0b52faa9-2d52-4abf-8864-ad0a08d04a9b): use default
2024-04-24T11:28:36,889  INFO [main] HiveMetaStore.audit: ugi=alex	ip=unknown-ip-addr	cmd=get_database: default	
2024-04-24T11:28:36,890  INFO [main] ql.Driver: Semantic Analysis Completed (retrial = false)
2024-04-24T11:28:36,890  INFO [main] ql.Driver: Created Hive schema: Schema(fieldSchemas:null, properties:null)
2024-04-24T11:28:36,890  INFO [main] metadata.Hive: Dumping metastore api call timing information for : compilation phase
2024-04-24T11:28:36,890  INFO [main] metadata.Hive: Total time spent in each metastore function (ms): {isCompatibleWith_(Configuration)=0, getDatabase_(String)=2, flushCache_()=0}
2024-04-24T11:28:36,890  INFO [main] ql.Driver: Completed compiling command(queryId=alex_20240424112836_0b52faa9-2d52-4abf-8864-ad0a08d04a9b); Time taken: 0.002 seconds
2024-04-24T11:28:36,891  INFO [main] reexec.ReExecDriver: Execution #1 of query
2024-04-24T11:28:36,891  INFO [main] ql.Driver: Concurrency mode is disabled, not creating a lock manager
2024-04-24T11:28:36,891  INFO [main] ql.Driver: Executing command(queryId=alex_20240424112836_0b52faa9-2d52-4abf-8864-ad0a08d04a9b): use default
2024-04-24T11:28:36,891  INFO [main] ql.Driver: Starting task [Stage-0:DDL] in serial mode
2024-04-24T11:28:36,891  INFO [main] HiveMetaStore.audit: ugi=alex	ip=unknown-ip-addr	cmd=get_database: default	
2024-04-24T11:28:36,893  INFO [main] HiveMetaStore.audit: ugi=alex	ip=unknown-ip-addr	cmd=get_database: default	
2024-04-24T11:28:36,894  INFO [main] metadata.Hive: Dumping metastore api call timing information for : execution phase
2024-04-24T11:28:36,894  INFO [main] metadata.Hive: Total time spent in each metastore function (ms): {isCompatibleWith_(Configuration)=0, getDatabase_(String)=3}
2024-04-24T11:28:36,894  INFO [main] ql.Driver: Completed executing command(queryId=alex_20240424112836_0b52faa9-2d52-4abf-8864-ad0a08d04a9b); Time taken: 0.003 seconds
2024-04-24T11:28:36,895  INFO [main] ql.Driver: Compiling command(queryId=alex_20240424112836_0b52faa9-2d52-4abf-8864-ad0a08d04a9b): create table junit_unparted_complex(name string, studentid int, contact struct<phno:string,email:string>, currently_registered_courses array<string>, current_grades map<string,string>, phnos array<struct<phno:string,type:string>>) stored as RCFILE TBLPROPERTIES ('transactional'='false')
2024-04-24T11:28:36,896  INFO [main] parse.CalcitePlanner: Starting caching scope for: alex_20240424112836_0b52faa9-2d52-4abf-8864-ad0a08d04a9b
2024-04-24T11:28:36,896  INFO [main] parse.CalcitePlanner: Starting Semantic Analysis
2024-04-24T11:28:36,896  INFO [main] parse.CalcitePlanner: Creating table default.junit_unparted_complex position=13
2024-04-24T11:28:36,896  INFO [main] HiveMetaStore.audit: ugi=alex	ip=unknown-ip-addr	cmd=get_database: default	
2024-04-24T11:28:36,897  INFO [main] parse.CalcitePlanner: Ending caching scope for: alex_20240424112836_0b52faa9-2d52-4abf-8864-ad0a08d04a9b
2024-04-24T11:28:36,897  INFO [main] ql.Driver: Semantic Analysis Completed (retrial = false)
2024-04-24T11:28:36,898  INFO [main] ql.Driver: Created Hive schema: Schema(fieldSchemas:null, properties:null)
2024-04-24T11:28:36,898  INFO [main] metadata.Hive: Dumping metastore api call timing information for : compilation phase
2024-04-24T11:28:36,898  INFO [main] metadata.Hive: Total time spent in each metastore function (ms): {flushCache_()=0, isCompatibleWith_(Configuration)=1, getDatabase_(String)=1}
2024-04-24T11:28:36,898  INFO [main] ql.Driver: Completed compiling command(queryId=alex_20240424112836_0b52faa9-2d52-4abf-8864-ad0a08d04a9b); Time taken: 0.003 seconds
2024-04-24T11:28:36,898  INFO [main] reexec.ReExecDriver: Execution #1 of query
2024-04-24T11:28:36,898  INFO [main] ql.Driver: Concurrency mode is disabled, not creating a lock manager
2024-04-24T11:28:36,898  INFO [main] ql.Driver: Executing command(queryId=alex_20240424112836_0b52faa9-2d52-4abf-8864-ad0a08d04a9b): create table junit_unparted_complex(name string, studentid int, contact struct<phno:string,email:string>, currently_registered_courses array<string>, current_grades map<string,string>, phnos array<struct<phno:string,type:string>>) stored as RCFILE TBLPROPERTIES ('transactional'='false')
2024-04-24T11:28:36,898  INFO [main] ql.Driver: Starting task [Stage-0:DDL] in serial mode
2024-04-24T11:28:36,899  INFO [main] HiveMetaStore.audit: ugi=alex	ip=unknown-ip-addr	cmd=create_table_req: Table(tableName:junit_unparted_complex, dbName:default, owner:alex, createTime:1713983316, lastAccessTime:0, retention:0, sd:StorageDescriptor(cols:[FieldSchema(name:name, type:string, comment:null), FieldSchema(name:studentid, type:int, comment:null), FieldSchema(name:contact, type:struct<phno:string,email:string>, comment:null), FieldSchema(name:currently_registered_courses, type:array<string>, comment:null), FieldSchema(name:current_grades, type:map<string,string>, comment:null), FieldSchema(name:phnos, type:array<struct<phno:string,type:string>>, comment:null)], location:null, inputFormat:org.apache.hadoop.hive.ql.io.RCFileInputFormat, outputFormat:org.apache.hadoop.hive.ql.io.RCFileOutputFormat, compressed:false, numBuckets:-1, serdeInfo:SerDeInfo(name:null, serializationLib:org.apache.hadoop.hive.serde2.columnar.ColumnarSerDe, parameters:{serialization.format=1}), bucketCols:[], sortCols:[], parameters:{}, skewedInfo:SkewedInfo(skewedColNames:[], skewedColValues:[], skewedColValueLocationMaps:{}), storedAsSubDirectories:false), partitionKeys:[], parameters:{transactional=false, totalSize=0, COLUMN_STATS_ACCURATE={"BASIC_STATS":"true","COLUMN_STATS":{"contact":"true","current_grades":"true","currently_registered_courses":"true","name":"true","phnos":"true","studentid":"true"}}, rawDataSize=0, numRows=0, numFilesErasureCoded=0, numFiles=0, bucketing_version=2}, viewOriginalText:null, viewExpandedText:null, tableType:MANAGED_TABLE, privileges:PrincipalPrivilegeSet(userPrivileges:{alex=[PrivilegeGrantInfo(privilege:INSERT, createTime:-1, grantor:alex, grantorType:USER, grantOption:true), PrivilegeGrantInfo(privilege:SELECT, createTime:-1, grantor:alex, grantorType:USER, grantOption:true), PrivilegeGrantInfo(privilege:UPDATE, createTime:-1, grantor:alex, grantorType:USER, grantOption:true), PrivilegeGrantInfo(privilege:DELETE, createTime:-1, grantor:alex, grantorType:USER, grantOption:true)]}, groupPrivileges:null, rolePrivileges:null), temporary:false, catName:hive, ownerType:USER)	
2024-04-24T11:28:36,907  INFO [main] utils.FileUtils: Creating directory if it doesn't exist: file:/home/alex/Repositories/hive/hcatalog/hcatalog-pig-adapter/build/test/data/org.apache.hive.hcatalog.mapreduce.HCatBaseTest-1713983215978/warehouse/junit_unparted_complex
2024-04-24T11:28:36,925  INFO [main] metadata.Hive: Dumping metastore api call timing information for : execution phase
2024-04-24T11:28:36,925  INFO [main] metadata.Hive: Total time spent in each metastore function (ms): {isCompatibleWith_(Configuration)=0, createTable_(Table)=26}
2024-04-24T11:28:36,925  INFO [main] ql.Driver: Completed executing command(queryId=alex_20240424112836_0b52faa9-2d52-4abf-8864-ad0a08d04a9b); Time taken: 0.027 seconds
2024-04-24T11:28:36,926  INFO [main] ql.Driver: Compiling command(queryId=alex_20240424112836_0b52faa9-2d52-4abf-8864-ad0a08d04a9b): use default
2024-04-24T11:28:36,926  INFO [main] HiveMetaStore.audit: ugi=alex	ip=unknown-ip-addr	cmd=get_database: default	
2024-04-24T11:28:36,928  INFO [main] ql.Driver: Semantic Analysis Completed (retrial = false)
2024-04-24T11:28:36,928  INFO [main] ql.Driver: Created Hive schema: Schema(fieldSchemas:null, properties:null)
2024-04-24T11:28:36,928  INFO [main] metadata.Hive: Dumping metastore api call timing information for : compilation phase
2024-04-24T11:28:36,928  INFO [main] metadata.Hive: Total time spent in each metastore function (ms): {getDatabase_(String)=2, isCompatibleWith_(Configuration)=0, flushCache_()=0}
2024-04-24T11:28:36,928  INFO [main] ql.Driver: Completed compiling command(queryId=alex_20240424112836_0b52faa9-2d52-4abf-8864-ad0a08d04a9b); Time taken: 0.002 seconds
2024-04-24T11:28:36,928  INFO [main] reexec.ReExecDriver: Execution #1 of query
2024-04-24T11:28:36,929  INFO [main] ql.Driver: Concurrency mode is disabled, not creating a lock manager
2024-04-24T11:28:36,929  INFO [main] ql.Driver: Executing command(queryId=alex_20240424112836_0b52faa9-2d52-4abf-8864-ad0a08d04a9b): use default
2024-04-24T11:28:36,929  INFO [main] ql.Driver: Starting task [Stage-0:DDL] in serial mode
2024-04-24T11:28:36,929  INFO [main] HiveMetaStore.audit: ugi=alex	ip=unknown-ip-addr	cmd=get_database: default	
2024-04-24T11:28:36,930  INFO [main] HiveMetaStore.audit: ugi=alex	ip=unknown-ip-addr	cmd=get_database: default	
2024-04-24T11:28:36,932  INFO [main] metadata.Hive: Dumping metastore api call timing information for : execution phase
2024-04-24T11:28:36,932  INFO [main] metadata.Hive: Total time spent in each metastore function (ms): {isCompatibleWith_(Configuration)=0, getDatabase_(String)=3}
2024-04-24T11:28:36,932  INFO [main] ql.Driver: Completed executing command(queryId=alex_20240424112836_0b52faa9-2d52-4abf-8864-ad0a08d04a9b); Time taken: 0.003 seconds
2024-04-24T11:28:36,932  INFO [main] ql.Driver: Compiling command(queryId=alex_20240424112836_0b52faa9-2d52-4abf-8864-ad0a08d04a9b): create table junit_parted_basic(a int, b string) partitioned by (bkt string) stored as RCFILE TBLPROPERTIES ('transactional'='false')
2024-04-24T11:28:36,933  INFO [main] parse.CalcitePlanner: Starting caching scope for: alex_20240424112836_0b52faa9-2d52-4abf-8864-ad0a08d04a9b
2024-04-24T11:28:36,933  INFO [main] parse.CalcitePlanner: Starting Semantic Analysis
2024-04-24T11:28:36,933  INFO [main] parse.CalcitePlanner: Creating table default.junit_parted_basic position=13
2024-04-24T11:28:36,934  INFO [main] HiveMetaStore.audit: ugi=alex	ip=unknown-ip-addr	cmd=get_database: default	
2024-04-24T11:28:36,935  INFO [main] parse.CalcitePlanner: Ending caching scope for: alex_20240424112836_0b52faa9-2d52-4abf-8864-ad0a08d04a9b
2024-04-24T11:28:36,935  INFO [main] ql.Driver: Semantic Analysis Completed (retrial = false)
2024-04-24T11:28:36,935  INFO [main] ql.Driver: Created Hive schema: Schema(fieldSchemas:null, properties:null)
2024-04-24T11:28:36,935  INFO [main] metadata.Hive: Dumping metastore api call timing information for : compilation phase
2024-04-24T11:28:36,936  INFO [main] metadata.Hive: Total time spent in each metastore function (ms): {getDatabase_(String)=2, flushCache_()=0, isCompatibleWith_(Configuration)=0}
2024-04-24T11:28:36,936  INFO [main] ql.Driver: Completed compiling command(queryId=alex_20240424112836_0b52faa9-2d52-4abf-8864-ad0a08d04a9b); Time taken: 0.003 seconds
2024-04-24T11:28:36,936  INFO [main] reexec.ReExecDriver: Execution #1 of query
2024-04-24T11:28:36,936  INFO [main] ql.Driver: Concurrency mode is disabled, not creating a lock manager
2024-04-24T11:28:36,936  INFO [main] ql.Driver: Executing command(queryId=alex_20240424112836_0b52faa9-2d52-4abf-8864-ad0a08d04a9b): create table junit_parted_basic(a int, b string) partitioned by (bkt string) stored as RCFILE TBLPROPERTIES ('transactional'='false')
2024-04-24T11:28:36,936  INFO [main] ql.Driver: Starting task [Stage-0:DDL] in serial mode
2024-04-24T11:28:36,937  INFO [main] HiveMetaStore.audit: ugi=alex	ip=unknown-ip-addr	cmd=create_table_req: Table(tableName:junit_parted_basic, dbName:default, owner:alex, createTime:1713983316, lastAccessTime:0, retention:0, sd:StorageDescriptor(cols:[FieldSchema(name:a, type:int, comment:null), FieldSchema(name:b, type:string, comment:null)], location:null, inputFormat:org.apache.hadoop.hive.ql.io.RCFileInputFormat, outputFormat:org.apache.hadoop.hive.ql.io.RCFileOutputFormat, compressed:false, numBuckets:-1, serdeInfo:SerDeInfo(name:null, serializationLib:org.apache.hadoop.hive.serde2.columnar.ColumnarSerDe, parameters:{serialization.format=1}), bucketCols:[], sortCols:[], parameters:{}, skewedInfo:SkewedInfo(skewedColNames:[], skewedColValues:[], skewedColValueLocationMaps:{}), storedAsSubDirectories:false), partitionKeys:[FieldSchema(name:bkt, type:string, comment:null)], parameters:{transactional=false, bucketing_version=2}, viewOriginalText:null, viewExpandedText:null, tableType:MANAGED_TABLE, privileges:PrincipalPrivilegeSet(userPrivileges:{alex=[PrivilegeGrantInfo(privilege:INSERT, createTime:-1, grantor:alex, grantorType:USER, grantOption:true), PrivilegeGrantInfo(privilege:SELECT, createTime:-1, grantor:alex, grantorType:USER, grantOption:true), PrivilegeGrantInfo(privilege:UPDATE, createTime:-1, grantor:alex, grantorType:USER, grantOption:true), PrivilegeGrantInfo(privilege:DELETE, createTime:-1, grantor:alex, grantorType:USER, grantOption:true)]}, groupPrivileges:null, rolePrivileges:null), temporary:false, catName:hive, ownerType:USER)	
2024-04-24T11:28:36,943  INFO [main] utils.FileUtils: Creating directory if it doesn't exist: file:/home/alex/Repositories/hive/hcatalog/hcatalog-pig-adapter/build/test/data/org.apache.hive.hcatalog.mapreduce.HCatBaseTest-1713983215978/warehouse/junit_parted_basic
2024-04-24T11:28:36,959  INFO [main] metadata.Hive: Dumping metastore api call timing information for : execution phase
2024-04-24T11:28:36,959  INFO [main] metadata.Hive: Total time spent in each metastore function (ms): {isCompatibleWith_(Configuration)=0, createTable_(Table)=22}
2024-04-24T11:28:36,959  INFO [main] ql.Driver: Completed executing command(queryId=alex_20240424112836_0b52faa9-2d52-4abf-8864-ad0a08d04a9b); Time taken: 0.023 seconds
2024-04-24T11:28:36,960  INFO [main] ql.Driver: Compiling command(queryId=alex_20240424112836_0b52faa9-2d52-4abf-8864-ad0a08d04a9b): use default
2024-04-24T11:28:36,960  INFO [main] HiveMetaStore.audit: ugi=alex	ip=unknown-ip-addr	cmd=get_database: default	
2024-04-24T11:28:36,962  INFO [main] ql.Driver: Semantic Analysis Completed (retrial = false)
2024-04-24T11:28:36,962  INFO [main] ql.Driver: Created Hive schema: Schema(fieldSchemas:null, properties:null)
2024-04-24T11:28:36,962  INFO [main] metadata.Hive: Dumping metastore api call timing information for : compilation phase
2024-04-24T11:28:36,962  INFO [main] metadata.Hive: Total time spent in each metastore function (ms): {isCompatibleWith_(Configuration)=0, getDatabase_(String)=2, flushCache_()=0}
2024-04-24T11:28:36,962  INFO [main] ql.Driver: Completed compiling command(queryId=alex_20240424112836_0b52faa9-2d52-4abf-8864-ad0a08d04a9b); Time taken: 0.002 seconds
2024-04-24T11:28:36,963  INFO [main] reexec.ReExecDriver: Execution #1 of query
2024-04-24T11:28:36,963  INFO [main] ql.Driver: Concurrency mode is disabled, not creating a lock manager
2024-04-24T11:28:36,963  INFO [main] ql.Driver: Executing command(queryId=alex_20240424112836_0b52faa9-2d52-4abf-8864-ad0a08d04a9b): use default
2024-04-24T11:28:36,963  INFO [main] ql.Driver: Starting task [Stage-0:DDL] in serial mode
2024-04-24T11:28:36,963  INFO [main] HiveMetaStore.audit: ugi=alex	ip=unknown-ip-addr	cmd=get_database: default	
2024-04-24T11:28:36,965  INFO [main] HiveMetaStore.audit: ugi=alex	ip=unknown-ip-addr	cmd=get_database: default	
2024-04-24T11:28:36,966  INFO [main] metadata.Hive: Dumping metastore api call timing information for : execution phase
2024-04-24T11:28:36,966  INFO [main] metadata.Hive: Total time spent in each metastore function (ms): {isCompatibleWith_(Configuration)=0, getDatabase_(String)=3}
2024-04-24T11:28:36,966  INFO [main] ql.Driver: Completed executing command(queryId=alex_20240424112836_0b52faa9-2d52-4abf-8864-ad0a08d04a9b); Time taken: 0.003 seconds
2024-04-24T11:28:36,967  INFO [main] ql.Driver: Compiling command(queryId=alex_20240424112836_0b52faa9-2d52-4abf-8864-ad0a08d04a9b): create table junit_specific_size(a int, b string) stored as RCFILE TBLPROPERTIES ('transactional'='false')
2024-04-24T11:28:36,967  INFO [main] parse.CalcitePlanner: Starting caching scope for: alex_20240424112836_0b52faa9-2d52-4abf-8864-ad0a08d04a9b
2024-04-24T11:28:36,968  INFO [main] parse.CalcitePlanner: Starting Semantic Analysis
2024-04-24T11:28:36,968  INFO [main] parse.CalcitePlanner: Creating table default.junit_specific_size position=13
2024-04-24T11:28:36,968  INFO [main] HiveMetaStore.audit: ugi=alex	ip=unknown-ip-addr	cmd=get_database: default	
2024-04-24T11:28:36,969  INFO [main] parse.CalcitePlanner: Ending caching scope for: alex_20240424112836_0b52faa9-2d52-4abf-8864-ad0a08d04a9b
2024-04-24T11:28:36,969  INFO [main] ql.Driver: Semantic Analysis Completed (retrial = false)
2024-04-24T11:28:36,969  INFO [main] ql.Driver: Created Hive schema: Schema(fieldSchemas:null, properties:null)
2024-04-24T11:28:36,969  INFO [main] metadata.Hive: Dumping metastore api call timing information for : compilation phase
2024-04-24T11:28:36,970  INFO [main] metadata.Hive: Total time spent in each metastore function (ms): {isCompatibleWith_(Configuration)=0, getDatabase_(String)=1, flushCache_()=0}
2024-04-24T11:28:36,970  INFO [main] ql.Driver: Completed compiling command(queryId=alex_20240424112836_0b52faa9-2d52-4abf-8864-ad0a08d04a9b); Time taken: 0.002 seconds
2024-04-24T11:28:36,970  INFO [main] reexec.ReExecDriver: Execution #1 of query
2024-04-24T11:28:36,970  INFO [main] ql.Driver: Concurrency mode is disabled, not creating a lock manager
2024-04-24T11:28:36,970  INFO [main] ql.Driver: Executing command(queryId=alex_20240424112836_0b52faa9-2d52-4abf-8864-ad0a08d04a9b): create table junit_specific_size(a int, b string) stored as RCFILE TBLPROPERTIES ('transactional'='false')
2024-04-24T11:28:36,970  INFO [main] ql.Driver: Starting task [Stage-0:DDL] in serial mode
2024-04-24T11:28:36,971  INFO [main] HiveMetaStore.audit: ugi=alex	ip=unknown-ip-addr	cmd=create_table_req: Table(tableName:junit_specific_size, dbName:default, owner:alex, createTime:1713983316, lastAccessTime:0, retention:0, sd:StorageDescriptor(cols:[FieldSchema(name:a, type:int, comment:null), FieldSchema(name:b, type:string, comment:null)], location:null, inputFormat:org.apache.hadoop.hive.ql.io.RCFileInputFormat, outputFormat:org.apache.hadoop.hive.ql.io.RCFileOutputFormat, compressed:false, numBuckets:-1, serdeInfo:SerDeInfo(name:null, serializationLib:org.apache.hadoop.hive.serde2.columnar.ColumnarSerDe, parameters:{serialization.format=1}), bucketCols:[], sortCols:[], parameters:{}, skewedInfo:SkewedInfo(skewedColNames:[], skewedColValues:[], skewedColValueLocationMaps:{}), storedAsSubDirectories:false), partitionKeys:[], parameters:{rawDataSize=0, COLUMN_STATS_ACCURATE={"BASIC_STATS":"true","COLUMN_STATS":{"a":"true","b":"true"}}, bucketing_version=2, numFilesErasureCoded=0, numFiles=0, numRows=0, transactional=false, totalSize=0}, viewOriginalText:null, viewExpandedText:null, tableType:MANAGED_TABLE, privileges:PrincipalPrivilegeSet(userPrivileges:{alex=[PrivilegeGrantInfo(privilege:INSERT, createTime:-1, grantor:alex, grantorType:USER, grantOption:true), PrivilegeGrantInfo(privilege:SELECT, createTime:-1, grantor:alex, grantorType:USER, grantOption:true), PrivilegeGrantInfo(privilege:UPDATE, createTime:-1, grantor:alex, grantorType:USER, grantOption:true), PrivilegeGrantInfo(privilege:DELETE, createTime:-1, grantor:alex, grantorType:USER, grantOption:true)]}, groupPrivileges:null, rolePrivileges:null), temporary:false, catName:hive, ownerType:USER)	
2024-04-24T11:28:36,977  INFO [main] utils.FileUtils: Creating directory if it doesn't exist: file:/home/alex/Repositories/hive/hcatalog/hcatalog-pig-adapter/build/test/data/org.apache.hive.hcatalog.mapreduce.HCatBaseTest-1713983215978/warehouse/junit_specific_size
2024-04-24T11:28:36,994  INFO [main] metadata.Hive: Dumping metastore api call timing information for : execution phase
2024-04-24T11:28:36,994  INFO [main] metadata.Hive: Total time spent in each metastore function (ms): {createTable_(Table)=22, isCompatibleWith_(Configuration)=0}
2024-04-24T11:28:36,994  INFO [main] ql.Driver: Completed executing command(queryId=alex_20240424112836_0b52faa9-2d52-4abf-8864-ad0a08d04a9b); Time taken: 0.023 seconds
2024-04-24T11:28:36,994  INFO [main] ql.Driver: Compiling command(queryId=alex_20240424112836_0b52faa9-2d52-4abf-8864-ad0a08d04a9b): create database if not exists junit_specific_db
2024-04-24T11:28:36,995  INFO [main] ql.Driver: Semantic Analysis Completed (retrial = false)
2024-04-24T11:28:36,995  INFO [main] ql.Driver: Created Hive schema: Schema(fieldSchemas:null, properties:null)
2024-04-24T11:28:36,995  INFO [main] metadata.Hive: Dumping metastore api call timing information for : compilation phase
2024-04-24T11:28:36,995  INFO [main] metadata.Hive: Total time spent in each metastore function (ms): {isCompatibleWith_(Configuration)=0, flushCache_()=0}
2024-04-24T11:28:36,995  INFO [main] ql.Driver: Completed compiling command(queryId=alex_20240424112836_0b52faa9-2d52-4abf-8864-ad0a08d04a9b); Time taken: 0.001 seconds
2024-04-24T11:28:36,996  INFO [main] reexec.ReExecDriver: Execution #1 of query
2024-04-24T11:28:36,996  INFO [main] ql.Driver: Concurrency mode is disabled, not creating a lock manager
2024-04-24T11:28:36,996  INFO [main] ql.Driver: Executing command(queryId=alex_20240424112836_0b52faa9-2d52-4abf-8864-ad0a08d04a9b): create database if not exists junit_specific_db
2024-04-24T11:28:36,996  INFO [main] ql.Driver: Starting task [Stage-0:DDL] in serial mode
2024-04-24T11:28:36,996  WARN [main] exec.DDLTask: metastore.warehouse.external.dir is not set, falling back to metastore.warehouse.dir. This could cause external tables to use to managed tablespace.
2024-04-24T11:28:36,996  INFO [main] HiveMetaStore.audit: ugi=alex	ip=unknown-ip-addr	cmd=create_database: Database(name:junit_specific_db, description:null, locationUri:file:/home/alex/Repositories/hive/hcatalog/hcatalog-pig-adapter/build/test/data/org.apache.hive.hcatalog.mapreduce.HCatBaseTest-1713983215978/warehouse/junit_specific_db.db, parameters:null, ownerName:alex, ownerType:USER, catalogName:hive, type:NATIVE)	
2024-04-24T11:28:36,998 ERROR [main] metastore.RetryingHMSHandler: AlreadyExistsException(message:Database junit_specific_db already exists)
	at org.apache.hadoop.hive.metastore.HMSHandler.create_database(HMSHandler.java:1472)
	at sun.reflect.NativeMethodAccessorImpl.invoke0(Native Method)
	at sun.reflect.NativeMethodAccessorImpl.invoke(NativeMethodAccessorImpl.java:62)
	at sun.reflect.DelegatingMethodAccessorImpl.invoke(DelegatingMethodAccessorImpl.java:43)
	at java.lang.reflect.Method.invoke(Method.java:498)
	at org.apache.hadoop.hive.metastore.RetryingHMSHandler.invokeInternal(RetryingHMSHandler.java:147)
	at org.apache.hadoop.hive.metastore.RetryingHMSHandler.invoke(RetryingHMSHandler.java:108)
	at com.sun.proxy.$Proxy35.create_database(Unknown Source)
	at org.apache.hadoop.hive.metastore.HiveMetaStoreClient.createDatabase(HiveMetaStoreClient.java:1151)
	at sun.reflect.NativeMethodAccessorImpl.invoke0(Native Method)
	at sun.reflect.NativeMethodAccessorImpl.invoke(NativeMethodAccessorImpl.java:62)
	at sun.reflect.DelegatingMethodAccessorImpl.invoke(DelegatingMethodAccessorImpl.java:43)
	at java.lang.reflect.Method.invoke(Method.java:498)
	at org.apache.hadoop.hive.metastore.RetryingMetaStoreClient.invoke(RetryingMetaStoreClient.java:218)
	at com.sun.proxy.$Proxy45.createDatabase(Unknown Source)
	at org.apache.hadoop.hive.ql.metadata.Hive.createDatabase(Hive.java:605)
	at org.apache.hadoop.hive.ql.ddl.database.create.CreateDatabaseOperation.execute(CreateDatabaseOperation.java:68)
	at org.apache.hadoop.hive.ql.ddl.DDLTask.execute(DDLTask.java:84)
	at org.apache.hadoop.hive.ql.exec.Task.executeTask(Task.java:212)
	at org.apache.hadoop.hive.ql.exec.TaskRunner.runSequential(TaskRunner.java:105)
	at org.apache.hadoop.hive.ql.Executor.launchTask(Executor.java:361)
	at org.apache.hadoop.hive.ql.Executor.launchTasks(Executor.java:334)
	at org.apache.hadoop.hive.ql.Executor.runTasks(Executor.java:245)
	at org.apache.hadoop.hive.ql.Executor.execute(Executor.java:108)
	at org.apache.hadoop.hive.ql.Driver.execute(Driver.java:348)
	at org.apache.hadoop.hive.ql.Driver.runInternal(Driver.java:204)
	at org.apache.hadoop.hive.ql.Driver.run(Driver.java:153)
	at org.apache.hadoop.hive.ql.Driver.run(Driver.java:148)
	at org.apache.hadoop.hive.ql.reexec.ReExecDriver.run(ReExecDriver.java:164)
	at org.apache.hadoop.hive.ql.reexec.ReExecDriver.run(ReExecDriver.java:230)
	at org.apache.hive.hcatalog.pig.AbstractHCatLoaderTest.executeStatementOnDriver(AbstractHCatLoaderTest.java:151)
	at org.apache.hive.hcatalog.pig.AbstractHCatLoaderTest.createTable(AbstractHCatLoaderTest.java:129)
	at org.apache.hive.hcatalog.pig.AbstractHCatLoaderTest.createTable(AbstractHCatLoaderTest.java:104)
	at org.apache.hive.hcatalog.pig.AbstractHCatLoaderTest.createTable(AbstractHCatLoaderTest.java:138)
	at org.apache.hive.hcatalog.pig.AbstractHCatLoaderTest.setUpTest(AbstractHCatLoaderTest.java:172)
	at sun.reflect.NativeMethodAccessorImpl.invoke0(Native Method)
	at sun.reflect.NativeMethodAccessorImpl.invoke(NativeMethodAccessorImpl.java:62)
	at sun.reflect.DelegatingMethodAccessorImpl.invoke(DelegatingMethodAccessorImpl.java:43)
	at java.lang.reflect.Method.invoke(Method.java:498)
	at org.junit.runners.model.FrameworkMethod$1.runReflectiveCall(FrameworkMethod.java:59)
	at org.junit.internal.runners.model.ReflectiveCallable.run(ReflectiveCallable.java:12)
	at org.junit.runners.model.FrameworkMethod.invokeExplosively(FrameworkMethod.java:56)
	at org.junit.internal.runners.statements.RunBefores.invokeMethod(RunBefores.java:33)
	at org.junit.internal.runners.statements.RunBefores.evaluate(RunBefores.java:24)
	at org.junit.internal.runners.statements.RunAfters.evaluate(RunAfters.java:27)
	at org.junit.runners.ParentRunner$3.evaluate(ParentRunner.java:306)
	at org.junit.runners.BlockJUnit4ClassRunner$1.evaluate(BlockJUnit4ClassRunner.java:100)
	at org.junit.runners.ParentRunner.runLeaf(ParentRunner.java:366)
	at org.junit.runners.BlockJUnit4ClassRunner.runChild(BlockJUnit4ClassRunner.java:103)
	at org.junit.runners.BlockJUnit4ClassRunner.runChild(BlockJUnit4ClassRunner.java:63)
	at org.junit.runners.ParentRunner$4.run(ParentRunner.java:331)
	at org.junit.runners.ParentRunner$1.schedule(ParentRunner.java:79)
	at org.junit.runners.ParentRunner.runChildren(ParentRunner.java:329)
	at org.junit.runners.ParentRunner.access$100(ParentRunner.java:66)
	at org.junit.runners.ParentRunner$2.evaluate(ParentRunner.java:293)
	at org.junit.internal.runners.statements.RunBefores.evaluate(RunBefores.java:26)
	at org.junit.runners.ParentRunner$3.evaluate(ParentRunner.java:306)
	at org.junit.runners.ParentRunner.run(ParentRunner.java:413)
	at org.junit.runners.Suite.runChild(Suite.java:128)
	at org.junit.runners.Suite.runChild(Suite.java:27)
	at org.junit.runners.ParentRunner$4.run(ParentRunner.java:331)
	at org.junit.runners.ParentRunner$1.schedule(ParentRunner.java:79)
	at org.junit.runners.ParentRunner.runChildren(ParentRunner.java:329)
	at org.junit.runners.ParentRunner.access$100(ParentRunner.java:66)
	at org.junit.runners.ParentRunner$2.evaluate(ParentRunner.java:293)
	at org.junit.runners.ParentRunner$3.evaluate(ParentRunner.java:306)
	at org.junit.runners.ParentRunner.run(ParentRunner.java:413)
	at org.apache.maven.surefire.junitcore.JUnitCore.run(JUnitCore.java:55)
	at org.apache.maven.surefire.junitcore.JUnitCoreWrapper.createRequestAndRun(JUnitCoreWrapper.java:137)
	at org.apache.maven.surefire.junitcore.JUnitCoreWrapper.executeEager(JUnitCoreWrapper.java:107)
	at org.apache.maven.surefire.junitcore.JUnitCoreWrapper.execute(JUnitCoreWrapper.java:83)
	at org.apache.maven.surefire.junitcore.JUnitCoreWrapper.execute(JUnitCoreWrapper.java:75)
	at org.apache.maven.surefire.junitcore.JUnitCoreProvider.invoke(JUnitCoreProvider.java:158)
	at org.apache.maven.surefire.booter.ForkedBooter.runSuitesInProcess(ForkedBooter.java:377)
	at org.apache.maven.surefire.booter.ForkedBooter.execute(ForkedBooter.java:138)
	at org.apache.maven.surefire.booter.ForkedBooter.run(ForkedBooter.java:465)
	at org.apache.maven.surefire.booter.ForkedBooter.main(ForkedBooter.java:451)

2024-04-24T11:28:36,998  INFO [main] metadata.Hive: Dumping metastore api call timing information for : execution phase
2024-04-24T11:28:36,998  INFO [main] metadata.Hive: Total time spent in each metastore function (ms): {isCompatibleWith_(Configuration)=0}
2024-04-24T11:28:36,998  INFO [main] ql.Driver: Completed executing command(queryId=alex_20240424112836_0b52faa9-2d52-4abf-8864-ad0a08d04a9b); Time taken: 0.002 seconds
2024-04-24T11:28:36,999  INFO [main] ql.Driver: Compiling command(queryId=alex_20240424112836_0b52faa9-2d52-4abf-8864-ad0a08d04a9b): use junit_specific_db
2024-04-24T11:28:36,999  INFO [main] HiveMetaStore.audit: ugi=alex	ip=unknown-ip-addr	cmd=get_database: junit_specific_db	
2024-04-24T11:28:37,001  INFO [main] ql.Driver: Semantic Analysis Completed (retrial = false)
2024-04-24T11:28:37,001  INFO [main] ql.Driver: Created Hive schema: Schema(fieldSchemas:null, properties:null)
2024-04-24T11:28:37,001  INFO [main] metadata.Hive: Dumping metastore api call timing information for : compilation phase
2024-04-24T11:28:37,001  INFO [main] metadata.Hive: Total time spent in each metastore function (ms): {isCompatibleWith_(Configuration)=0, flushCache_()=0, getDatabase_(String)=2}
2024-04-24T11:28:37,001  INFO [main] ql.Driver: Completed compiling command(queryId=alex_20240424112836_0b52faa9-2d52-4abf-8864-ad0a08d04a9b); Time taken: 0.002 seconds
2024-04-24T11:28:37,001  INFO [main] reexec.ReExecDriver: Execution #1 of query
2024-04-24T11:28:37,001  INFO [main] ql.Driver: Concurrency mode is disabled, not creating a lock manager
2024-04-24T11:28:37,002  INFO [main] ql.Driver: Executing command(queryId=alex_20240424112836_0b52faa9-2d52-4abf-8864-ad0a08d04a9b): use junit_specific_db
2024-04-24T11:28:37,002  INFO [main] ql.Driver: Starting task [Stage-0:DDL] in serial mode
2024-04-24T11:28:37,002  INFO [main] HiveMetaStore.audit: ugi=alex	ip=unknown-ip-addr	cmd=get_database: junit_specific_db	
2024-04-24T11:28:37,004  INFO [main] HiveMetaStore.audit: ugi=alex	ip=unknown-ip-addr	cmd=get_database: junit_specific_db	
2024-04-24T11:28:37,005  INFO [main] metadata.Hive: Dumping metastore api call timing information for : execution phase
2024-04-24T11:28:37,005  INFO [main] metadata.Hive: Total time spent in each metastore function (ms): {isCompatibleWith_(Configuration)=0, getDatabase_(String)=2}
2024-04-24T11:28:37,005  INFO [main] ql.Driver: Completed executing command(queryId=alex_20240424112836_0b52faa9-2d52-4abf-8864-ad0a08d04a9b); Time taken: 0.003 seconds
2024-04-24T11:28:37,006  INFO [main] ql.Driver: Compiling command(queryId=alex_20240424112836_0b52faa9-2d52-4abf-8864-ad0a08d04a9b): create table junit_specific_size2(a int, b string) stored as RCFILE TBLPROPERTIES ('transactional'='false')
2024-04-24T11:28:37,006  INFO [main] parse.CalcitePlanner: Starting caching scope for: alex_20240424112836_0b52faa9-2d52-4abf-8864-ad0a08d04a9b
2024-04-24T11:28:37,006  INFO [main] parse.CalcitePlanner: Starting Semantic Analysis
2024-04-24T11:28:37,006  INFO [main] parse.CalcitePlanner: Creating table junit_specific_db.junit_specific_size2 position=13
2024-04-24T11:28:37,007  INFO [main] HiveMetaStore.audit: ugi=alex	ip=unknown-ip-addr	cmd=get_database: junit_specific_db	
2024-04-24T11:28:37,008  INFO [main] parse.CalcitePlanner: Ending caching scope for: alex_20240424112836_0b52faa9-2d52-4abf-8864-ad0a08d04a9b
2024-04-24T11:28:37,008  INFO [main] ql.Driver: Semantic Analysis Completed (retrial = false)
2024-04-24T11:28:37,008  INFO [main] ql.Driver: Created Hive schema: Schema(fieldSchemas:null, properties:null)
2024-04-24T11:28:37,008  INFO [main] metadata.Hive: Dumping metastore api call timing information for : compilation phase
2024-04-24T11:28:37,009  INFO [main] metadata.Hive: Total time spent in each metastore function (ms): {getDatabase_(String)=2, flushCache_()=0, isCompatibleWith_(Configuration)=0}
2024-04-24T11:28:37,009  INFO [main] ql.Driver: Completed compiling command(queryId=alex_20240424112836_0b52faa9-2d52-4abf-8864-ad0a08d04a9b); Time taken: 0.002 seconds
2024-04-24T11:28:37,009  INFO [main] reexec.ReExecDriver: Execution #1 of query
2024-04-24T11:28:37,009  INFO [main] ql.Driver: Concurrency mode is disabled, not creating a lock manager
2024-04-24T11:28:37,009  INFO [main] ql.Driver: Executing command(queryId=alex_20240424112836_0b52faa9-2d52-4abf-8864-ad0a08d04a9b): create table junit_specific_size2(a int, b string) stored as RCFILE TBLPROPERTIES ('transactional'='false')
2024-04-24T11:28:37,009  INFO [main] ql.Driver: Starting task [Stage-0:DDL] in serial mode
2024-04-24T11:28:37,010  INFO [main] HiveMetaStore.audit: ugi=alex	ip=unknown-ip-addr	cmd=create_table_req: Table(tableName:junit_specific_size2, dbName:junit_specific_db, owner:alex, createTime:1713983317, lastAccessTime:0, retention:0, sd:StorageDescriptor(cols:[FieldSchema(name:a, type:int, comment:null), FieldSchema(name:b, type:string, comment:null)], location:null, inputFormat:org.apache.hadoop.hive.ql.io.RCFileInputFormat, outputFormat:org.apache.hadoop.hive.ql.io.RCFileOutputFormat, compressed:false, numBuckets:-1, serdeInfo:SerDeInfo(name:null, serializationLib:org.apache.hadoop.hive.serde2.columnar.ColumnarSerDe, parameters:{serialization.format=1}), bucketCols:[], sortCols:[], parameters:{}, skewedInfo:SkewedInfo(skewedColNames:[], skewedColValues:[], skewedColValueLocationMaps:{}), storedAsSubDirectories:false), partitionKeys:[], parameters:{bucketing_version=2, rawDataSize=0, numFiles=0, transactional=false, totalSize=0, numFilesErasureCoded=0, COLUMN_STATS_ACCURATE={"BASIC_STATS":"true","COLUMN_STATS":{"a":"true","b":"true"}}, numRows=0}, viewOriginalText:null, viewExpandedText:null, tableType:MANAGED_TABLE, privileges:PrincipalPrivilegeSet(userPrivileges:{alex=[PrivilegeGrantInfo(privilege:INSERT, createTime:-1, grantor:alex, grantorType:USER, grantOption:true), PrivilegeGrantInfo(privilege:SELECT, createTime:-1, grantor:alex, grantorType:USER, grantOption:true), PrivilegeGrantInfo(privilege:UPDATE, createTime:-1, grantor:alex, grantorType:USER, grantOption:true), PrivilegeGrantInfo(privilege:DELETE, createTime:-1, grantor:alex, grantorType:USER, grantOption:true)]}, groupPrivileges:null, rolePrivileges:null), temporary:false, catName:hive, ownerType:USER)	
2024-04-24T11:28:37,020  WARN [main] metastore.HMSHandler: create_table_req got 
org.apache.hadoop.hive.metastore.api.AlreadyExistsException: Table hive.junit_specific_db.junit_specific_size2 already exists
	at org.apache.hadoop.hive.metastore.HMSHandler.create_table_core(HMSHandler.java:2339) ~[classes/:?]
	at org.apache.hadoop.hive.metastore.HMSHandler.create_table_req(HMSHandler.java:2598) [classes/:?]
	at sun.reflect.GeneratedMethodAccessor40.invoke(Unknown Source) ~[?:?]
	at sun.reflect.DelegatingMethodAccessorImpl.invoke(DelegatingMethodAccessorImpl.java:43) ~[?:1.8.0_402]
	at java.lang.reflect.Method.invoke(Method.java:498) ~[?:1.8.0_402]
	at org.apache.hadoop.hive.metastore.RetryingHMSHandler.invokeInternal(RetryingHMSHandler.java:147) [classes/:?]
	at org.apache.hadoop.hive.metastore.RetryingHMSHandler.invoke(RetryingHMSHandler.java:108) [classes/:?]
	at com.sun.proxy.$Proxy35.create_table_req(Unknown Source) [?:?]
	at org.apache.hadoop.hive.metastore.HiveMetaStoreClient.create_table_with_environment_context(HiveMetaStoreClient.java:4408) [classes/:?]
	at org.apache.hadoop.hive.ql.metadata.SessionHiveMetaStoreClient.create_table_with_environment_context(SessionHiveMetaStoreClient.java:182) [classes/:?]
	at org.apache.hadoop.hive.metastore.HiveMetaStoreClient.createTable(HiveMetaStoreClient.java:1260) [classes/:?]
	at org.apache.hadoop.hive.metastore.HiveMetaStoreClient.createTable(HiveMetaStoreClient.java:1245) [classes/:?]
	at sun.reflect.GeneratedMethodAccessor39.invoke(Unknown Source) ~[?:?]
	at sun.reflect.DelegatingMethodAccessorImpl.invoke(DelegatingMethodAccessorImpl.java:43) ~[?:1.8.0_402]
	at java.lang.reflect.Method.invoke(Method.java:498) ~[?:1.8.0_402]
	at org.apache.hadoop.hive.metastore.RetryingMetaStoreClient.invoke(RetryingMetaStoreClient.java:218) [classes/:?]
	at com.sun.proxy.$Proxy45.createTable(Unknown Source) [?:?]
	at org.apache.hadoop.hive.ql.metadata.Hive.createTable(Hive.java:1290) [classes/:?]
	at org.apache.hadoop.hive.ql.metadata.Hive.createTable(Hive.java:1306) [classes/:?]
	at org.apache.hadoop.hive.ql.ddl.table.create.CreateTableOperation.createTableNonReplaceMode(CreateTableOperation.java:140) [classes/:?]
	at org.apache.hadoop.hive.ql.ddl.table.create.CreateTableOperation.execute(CreateTableOperation.java:98) [classes/:?]
	at org.apache.hadoop.hive.ql.ddl.DDLTask.execute(DDLTask.java:84) [classes/:?]
	at org.apache.hadoop.hive.ql.exec.Task.executeTask(Task.java:212) [classes/:?]
	at org.apache.hadoop.hive.ql.exec.TaskRunner.runSequential(TaskRunner.java:105) [classes/:?]
	at org.apache.hadoop.hive.ql.Executor.launchTask(Executor.java:361) [classes/:?]
	at org.apache.hadoop.hive.ql.Executor.launchTasks(Executor.java:334) [classes/:?]
	at org.apache.hadoop.hive.ql.Executor.runTasks(Executor.java:245) [classes/:?]
	at org.apache.hadoop.hive.ql.Executor.execute(Executor.java:108) [classes/:?]
	at org.apache.hadoop.hive.ql.Driver.execute(Driver.java:348) [classes/:?]
	at org.apache.hadoop.hive.ql.Driver.runInternal(Driver.java:204) [classes/:?]
	at org.apache.hadoop.hive.ql.Driver.run(Driver.java:153) [classes/:?]
	at org.apache.hadoop.hive.ql.Driver.run(Driver.java:148) [classes/:?]
	at org.apache.hadoop.hive.ql.reexec.ReExecDriver.run(ReExecDriver.java:164) [classes/:?]
	at org.apache.hadoop.hive.ql.reexec.ReExecDriver.run(ReExecDriver.java:230) [classes/:?]
	at org.apache.hive.hcatalog.pig.AbstractHCatLoaderTest.executeStatementOnDriver(AbstractHCatLoaderTest.java:151) [test-classes/:?]
	at org.apache.hive.hcatalog.pig.AbstractHCatLoaderTest.createTable(AbstractHCatLoaderTest.java:134) [test-classes/:?]
	at org.apache.hive.hcatalog.pig.AbstractHCatLoaderTest.createTable(AbstractHCatLoaderTest.java:104) [test-classes/:?]
	at org.apache.hive.hcatalog.pig.AbstractHCatLoaderTest.createTable(AbstractHCatLoaderTest.java:138) [test-classes/:?]
	at org.apache.hive.hcatalog.pig.AbstractHCatLoaderTest.setUpTest(AbstractHCatLoaderTest.java:172) [test-classes/:?]
	at sun.reflect.NativeMethodAccessorImpl.invoke0(Native Method) ~[?:1.8.0_402]
	at sun.reflect.NativeMethodAccessorImpl.invoke(NativeMethodAccessorImpl.java:62) ~[?:1.8.0_402]
	at sun.reflect.DelegatingMethodAccessorImpl.invoke(DelegatingMethodAccessorImpl.java:43) ~[?:1.8.0_402]
	at java.lang.reflect.Method.invoke(Method.java:498) ~[?:1.8.0_402]
	at org.junit.runners.model.FrameworkMethod$1.runReflectiveCall(FrameworkMethod.java:59) [junit-4.13.jar:4.13]
	at org.junit.internal.runners.model.ReflectiveCallable.run(ReflectiveCallable.java:12) [junit-4.13.jar:4.13]
	at org.junit.runners.model.FrameworkMethod.invokeExplosively(FrameworkMethod.java:56) [junit-4.13.jar:4.13]
	at org.junit.internal.runners.statements.RunBefores.invokeMethod(RunBefores.java:33) [junit-4.13.jar:4.13]
	at org.junit.internal.runners.statements.RunBefores.evaluate(RunBefores.java:24) [junit-4.13.jar:4.13]
	at org.junit.internal.runners.statements.RunAfters.evaluate(RunAfters.java:27) [junit-4.13.jar:4.13]
	at org.junit.runners.ParentRunner$3.evaluate(ParentRunner.java:306) [junit-4.13.jar:4.13]
	at org.junit.runners.BlockJUnit4ClassRunner$1.evaluate(BlockJUnit4ClassRunner.java:100) [junit-4.13.jar:4.13]
	at org.junit.runners.ParentRunner.runLeaf(ParentRunner.java:366) [junit-4.13.jar:4.13]
	at org.junit.runners.BlockJUnit4ClassRunner.runChild(BlockJUnit4ClassRunner.java:103) [junit-4.13.jar:4.13]
	at org.junit.runners.BlockJUnit4ClassRunner.runChild(BlockJUnit4ClassRunner.java:63) [junit-4.13.jar:4.13]
	at org.junit.runners.ParentRunner$4.run(ParentRunner.java:331) [junit-4.13.jar:4.13]
	at org.junit.runners.ParentRunner$1.schedule(ParentRunner.java:79) [junit-4.13.jar:4.13]
	at org.junit.runners.ParentRunner.runChildren(ParentRunner.java:329) [junit-4.13.jar:4.13]
	at org.junit.runners.ParentRunner.access$100(ParentRunner.java:66) [junit-4.13.jar:4.13]
	at org.junit.runners.ParentRunner$2.evaluate(ParentRunner.java:293) [junit-4.13.jar:4.13]
	at org.junit.internal.runners.statements.RunBefores.evaluate(RunBefores.java:26) [junit-4.13.jar:4.13]
	at org.junit.runners.ParentRunner$3.evaluate(ParentRunner.java:306) [junit-4.13.jar:4.13]
	at org.junit.runners.ParentRunner.run(ParentRunner.java:413) [junit-4.13.jar:4.13]
	at org.junit.runners.Suite.runChild(Suite.java:128) [junit-4.13.jar:4.13]
	at org.junit.runners.Suite.runChild(Suite.java:27) [junit-4.13.jar:4.13]
	at org.junit.runners.ParentRunner$4.run(ParentRunner.java:331) [junit-4.13.jar:4.13]
	at org.junit.runners.ParentRunner$1.schedule(ParentRunner.java:79) [junit-4.13.jar:4.13]
	at org.junit.runners.ParentRunner.runChildren(ParentRunner.java:329) [junit-4.13.jar:4.13]
	at org.junit.runners.ParentRunner.access$100(ParentRunner.java:66) [junit-4.13.jar:4.13]
	at org.junit.runners.ParentRunner$2.evaluate(ParentRunner.java:293) [junit-4.13.jar:4.13]
	at org.junit.runners.ParentRunner$3.evaluate(ParentRunner.java:306) [junit-4.13.jar:4.13]
	at org.junit.runners.ParentRunner.run(ParentRunner.java:413) [junit-4.13.jar:4.13]
	at org.apache.maven.surefire.junitcore.JUnitCore.run(JUnitCore.java:55) [surefire-junit47-3.0.0-M4.jar:3.0.0-M4]
	at org.apache.maven.surefire.junitcore.JUnitCoreWrapper.createRequestAndRun(JUnitCoreWrapper.java:137) [surefire-junit47-3.0.0-M4.jar:3.0.0-M4]
	at org.apache.maven.surefire.junitcore.JUnitCoreWrapper.executeEager(JUnitCoreWrapper.java:107) [surefire-junit47-3.0.0-M4.jar:3.0.0-M4]
	at org.apache.maven.surefire.junitcore.JUnitCoreWrapper.execute(JUnitCoreWrapper.java:83) [surefire-junit47-3.0.0-M4.jar:3.0.0-M4]
	at org.apache.maven.surefire.junitcore.JUnitCoreWrapper.execute(JUnitCoreWrapper.java:75) [surefire-junit47-3.0.0-M4.jar:3.0.0-M4]
	at org.apache.maven.surefire.junitcore.JUnitCoreProvider.invoke(JUnitCoreProvider.java:158) [surefire-junit47-3.0.0-M4.jar:3.0.0-M4]
	at org.apache.maven.surefire.booter.ForkedBooter.runSuitesInProcess(ForkedBooter.java:377) [surefire-booter-3.0.0-M4.jar:3.0.0-M4]
	at org.apache.maven.surefire.booter.ForkedBooter.execute(ForkedBooter.java:138) [surefire-booter-3.0.0-M4.jar:3.0.0-M4]
	at org.apache.maven.surefire.booter.ForkedBooter.run(ForkedBooter.java:465) [surefire-booter-3.0.0-M4.jar:3.0.0-M4]
	at org.apache.maven.surefire.booter.ForkedBooter.main(ForkedBooter.java:451) [surefire-booter-3.0.0-M4.jar:3.0.0-M4]
2024-04-24T11:28:37,023 ERROR [main] metastore.RetryingHMSHandler: AlreadyExistsException(message:Table hive.junit_specific_db.junit_specific_size2 already exists)
	at org.apache.hadoop.hive.metastore.HMSHandler.create_table_core(HMSHandler.java:2339)
	at org.apache.hadoop.hive.metastore.HMSHandler.create_table_req(HMSHandler.java:2598)
	at sun.reflect.GeneratedMethodAccessor40.invoke(Unknown Source)
	at sun.reflect.DelegatingMethodAccessorImpl.invoke(DelegatingMethodAccessorImpl.java:43)
	at java.lang.reflect.Method.invoke(Method.java:498)
	at org.apache.hadoop.hive.metastore.RetryingHMSHandler.invokeInternal(RetryingHMSHandler.java:147)
	at org.apache.hadoop.hive.metastore.RetryingHMSHandler.invoke(RetryingHMSHandler.java:108)
	at com.sun.proxy.$Proxy35.create_table_req(Unknown Source)
	at org.apache.hadoop.hive.metastore.HiveMetaStoreClient.create_table_with_environment_context(HiveMetaStoreClient.java:4408)
	at org.apache.hadoop.hive.ql.metadata.SessionHiveMetaStoreClient.create_table_with_environment_context(SessionHiveMetaStoreClient.java:182)
	at org.apache.hadoop.hive.metastore.HiveMetaStoreClient.createTable(HiveMetaStoreClient.java:1260)
	at org.apache.hadoop.hive.metastore.HiveMetaStoreClient.createTable(HiveMetaStoreClient.java:1245)
	at sun.reflect.GeneratedMethodAccessor39.invoke(Unknown Source)
	at sun.reflect.DelegatingMethodAccessorImpl.invoke(DelegatingMethodAccessorImpl.java:43)
	at java.lang.reflect.Method.invoke(Method.java:498)
	at org.apache.hadoop.hive.metastore.RetryingMetaStoreClient.invoke(RetryingMetaStoreClient.java:218)
	at com.sun.proxy.$Proxy45.createTable(Unknown Source)
	at org.apache.hadoop.hive.ql.metadata.Hive.createTable(Hive.java:1290)
	at org.apache.hadoop.hive.ql.metadata.Hive.createTable(Hive.java:1306)
	at org.apache.hadoop.hive.ql.ddl.table.create.CreateTableOperation.createTableNonReplaceMode(CreateTableOperation.java:140)
	at org.apache.hadoop.hive.ql.ddl.table.create.CreateTableOperation.execute(CreateTableOperation.java:98)
	at org.apache.hadoop.hive.ql.ddl.DDLTask.execute(DDLTask.java:84)
	at org.apache.hadoop.hive.ql.exec.Task.executeTask(Task.java:212)
	at org.apache.hadoop.hive.ql.exec.TaskRunner.runSequential(TaskRunner.java:105)
	at org.apache.hadoop.hive.ql.Executor.launchTask(Executor.java:361)
	at org.apache.hadoop.hive.ql.Executor.launchTasks(Executor.java:334)
	at org.apache.hadoop.hive.ql.Executor.runTasks(Executor.java:245)
	at org.apache.hadoop.hive.ql.Executor.execute(Executor.java:108)
	at org.apache.hadoop.hive.ql.Driver.execute(Driver.java:348)
	at org.apache.hadoop.hive.ql.Driver.runInternal(Driver.java:204)
	at org.apache.hadoop.hive.ql.Driver.run(Driver.java:153)
	at org.apache.hadoop.hive.ql.Driver.run(Driver.java:148)
	at org.apache.hadoop.hive.ql.reexec.ReExecDriver.run(ReExecDriver.java:164)
	at org.apache.hadoop.hive.ql.reexec.ReExecDriver.run(ReExecDriver.java:230)
	at org.apache.hive.hcatalog.pig.AbstractHCatLoaderTest.executeStatementOnDriver(AbstractHCatLoaderTest.java:151)
	at org.apache.hive.hcatalog.pig.AbstractHCatLoaderTest.createTable(AbstractHCatLoaderTest.java:134)
	at org.apache.hive.hcatalog.pig.AbstractHCatLoaderTest.createTable(AbstractHCatLoaderTest.java:104)
	at org.apache.hive.hcatalog.pig.AbstractHCatLoaderTest.createTable(AbstractHCatLoaderTest.java:138)
	at org.apache.hive.hcatalog.pig.AbstractHCatLoaderTest.setUpTest(AbstractHCatLoaderTest.java:172)
	at sun.reflect.NativeMethodAccessorImpl.invoke0(Native Method)
	at sun.reflect.NativeMethodAccessorImpl.invoke(NativeMethodAccessorImpl.java:62)
	at sun.reflect.DelegatingMethodAccessorImpl.invoke(DelegatingMethodAccessorImpl.java:43)
	at java.lang.reflect.Method.invoke(Method.java:498)
	at org.junit.runners.model.FrameworkMethod$1.runReflectiveCall(FrameworkMethod.java:59)
	at org.junit.internal.runners.model.ReflectiveCallable.run(ReflectiveCallable.java:12)
	at org.junit.runners.model.FrameworkMethod.invokeExplosively(FrameworkMethod.java:56)
	at org.junit.internal.runners.statements.RunBefores.invokeMethod(RunBefores.java:33)
	at org.junit.internal.runners.statements.RunBefores.evaluate(RunBefores.java:24)
	at org.junit.internal.runners.statements.RunAfters.evaluate(RunAfters.java:27)
	at org.junit.runners.ParentRunner$3.evaluate(ParentRunner.java:306)
	at org.junit.runners.BlockJUnit4ClassRunner$1.evaluate(BlockJUnit4ClassRunner.java:100)
	at org.junit.runners.ParentRunner.runLeaf(ParentRunner.java:366)
	at org.junit.runners.BlockJUnit4ClassRunner.runChild(BlockJUnit4ClassRunner.java:103)
	at org.junit.runners.BlockJUnit4ClassRunner.runChild(BlockJUnit4ClassRunner.java:63)
	at org.junit.runners.ParentRunner$4.run(ParentRunner.java:331)
	at org.junit.runners.ParentRunner$1.schedule(ParentRunner.java:79)
	at org.junit.runners.ParentRunner.runChildren(ParentRunner.java:329)
	at org.junit.runners.ParentRunner.access$100(ParentRunner.java:66)
	at org.junit.runners.ParentRunner$2.evaluate(ParentRunner.java:293)
	at org.junit.internal.runners.statements.RunBefores.evaluate(RunBefores.java:26)
	at org.junit.runners.ParentRunner$3.evaluate(ParentRunner.java:306)
	at org.junit.runners.ParentRunner.run(ParentRunner.java:413)
	at org.junit.runners.Suite.runChild(Suite.java:128)
	at org.junit.runners.Suite.runChild(Suite.java:27)
	at org.junit.runners.ParentRunner$4.run(ParentRunner.java:331)
	at org.junit.runners.ParentRunner$1.schedule(ParentRunner.java:79)
	at org.junit.runners.ParentRunner.runChildren(ParentRunner.java:329)
	at org.junit.runners.ParentRunner.access$100(ParentRunner.java:66)
	at org.junit.runners.ParentRunner$2.evaluate(ParentRunner.java:293)
	at org.junit.runners.ParentRunner$3.evaluate(ParentRunner.java:306)
	at org.junit.runners.ParentRunner.run(ParentRunner.java:413)
	at org.apache.maven.surefire.junitcore.JUnitCore.run(JUnitCore.java:55)
	at org.apache.maven.surefire.junitcore.JUnitCoreWrapper.createRequestAndRun(JUnitCoreWrapper.java:137)
	at org.apache.maven.surefire.junitcore.JUnitCoreWrapper.executeEager(JUnitCoreWrapper.java:107)
	at org.apache.maven.surefire.junitcore.JUnitCoreWrapper.execute(JUnitCoreWrapper.java:83)
	at org.apache.maven.surefire.junitcore.JUnitCoreWrapper.execute(JUnitCoreWrapper.java:75)
	at org.apache.maven.surefire.junitcore.JUnitCoreProvider.invoke(JUnitCoreProvider.java:158)
	at org.apache.maven.surefire.booter.ForkedBooter.runSuitesInProcess(ForkedBooter.java:377)
	at org.apache.maven.surefire.booter.ForkedBooter.execute(ForkedBooter.java:138)
	at org.apache.maven.surefire.booter.ForkedBooter.run(ForkedBooter.java:465)
	at org.apache.maven.surefire.booter.ForkedBooter.main(ForkedBooter.java:451)

2024-04-24T11:28:37,023 ERROR [main] exec.Task: Failed
org.apache.hadoop.hive.ql.metadata.HiveException: AlreadyExistsException(message:Table hive.junit_specific_db.junit_specific_size2 already exists)
	at org.apache.hadoop.hive.ql.metadata.Hive.createTable(Hive.java:1298) ~[classes/:?]
	at org.apache.hadoop.hive.ql.metadata.Hive.createTable(Hive.java:1306) ~[classes/:?]
	at org.apache.hadoop.hive.ql.ddl.table.create.CreateTableOperation.createTableNonReplaceMode(CreateTableOperation.java:140) ~[classes/:?]
	at org.apache.hadoop.hive.ql.ddl.table.create.CreateTableOperation.execute(CreateTableOperation.java:98) ~[classes/:?]
	at org.apache.hadoop.hive.ql.ddl.DDLTask.execute(DDLTask.java:84) [classes/:?]
	at org.apache.hadoop.hive.ql.exec.Task.executeTask(Task.java:212) [classes/:?]
	at org.apache.hadoop.hive.ql.exec.TaskRunner.runSequential(TaskRunner.java:105) [classes/:?]
	at org.apache.hadoop.hive.ql.Executor.launchTask(Executor.java:361) [classes/:?]
	at org.apache.hadoop.hive.ql.Executor.launchTasks(Executor.java:334) [classes/:?]
	at org.apache.hadoop.hive.ql.Executor.runTasks(Executor.java:245) [classes/:?]
	at org.apache.hadoop.hive.ql.Executor.execute(Executor.java:108) [classes/:?]
	at org.apache.hadoop.hive.ql.Driver.execute(Driver.java:348) [classes/:?]
	at org.apache.hadoop.hive.ql.Driver.runInternal(Driver.java:204) [classes/:?]
	at org.apache.hadoop.hive.ql.Driver.run(Driver.java:153) [classes/:?]
	at org.apache.hadoop.hive.ql.Driver.run(Driver.java:148) [classes/:?]
	at org.apache.hadoop.hive.ql.reexec.ReExecDriver.run(ReExecDriver.java:164) [classes/:?]
	at org.apache.hadoop.hive.ql.reexec.ReExecDriver.run(ReExecDriver.java:230) [classes/:?]
	at org.apache.hive.hcatalog.pig.AbstractHCatLoaderTest.executeStatementOnDriver(AbstractHCatLoaderTest.java:151) [test-classes/:?]
	at org.apache.hive.hcatalog.pig.AbstractHCatLoaderTest.createTable(AbstractHCatLoaderTest.java:134) [test-classes/:?]
	at org.apache.hive.hcatalog.pig.AbstractHCatLoaderTest.createTable(AbstractHCatLoaderTest.java:104) [test-classes/:?]
	at org.apache.hive.hcatalog.pig.AbstractHCatLoaderTest.createTable(AbstractHCatLoaderTest.java:138) [test-classes/:?]
	at org.apache.hive.hcatalog.pig.AbstractHCatLoaderTest.setUpTest(AbstractHCatLoaderTest.java:172) [test-classes/:?]
	at sun.reflect.NativeMethodAccessorImpl.invoke0(Native Method) ~[?:1.8.0_402]
	at sun.reflect.NativeMethodAccessorImpl.invoke(NativeMethodAccessorImpl.java:62) ~[?:1.8.0_402]
	at sun.reflect.DelegatingMethodAccessorImpl.invoke(DelegatingMethodAccessorImpl.java:43) ~[?:1.8.0_402]
	at java.lang.reflect.Method.invoke(Method.java:498) ~[?:1.8.0_402]
	at org.junit.runners.model.FrameworkMethod$1.runReflectiveCall(FrameworkMethod.java:59) [junit-4.13.jar:4.13]
	at org.junit.internal.runners.model.ReflectiveCallable.run(ReflectiveCallable.java:12) [junit-4.13.jar:4.13]
	at org.junit.runners.model.FrameworkMethod.invokeExplosively(FrameworkMethod.java:56) [junit-4.13.jar:4.13]
	at org.junit.internal.runners.statements.RunBefores.invokeMethod(RunBefores.java:33) [junit-4.13.jar:4.13]
	at org.junit.internal.runners.statements.RunBefores.evaluate(RunBefores.java:24) [junit-4.13.jar:4.13]
	at org.junit.internal.runners.statements.RunAfters.evaluate(RunAfters.java:27) [junit-4.13.jar:4.13]
	at org.junit.runners.ParentRunner$3.evaluate(ParentRunner.java:306) [junit-4.13.jar:4.13]
	at org.junit.runners.BlockJUnit4ClassRunner$1.evaluate(BlockJUnit4ClassRunner.java:100) [junit-4.13.jar:4.13]
	at org.junit.runners.ParentRunner.runLeaf(ParentRunner.java:366) [junit-4.13.jar:4.13]
	at org.junit.runners.BlockJUnit4ClassRunner.runChild(BlockJUnit4ClassRunner.java:103) [junit-4.13.jar:4.13]
	at org.junit.runners.BlockJUnit4ClassRunner.runChild(BlockJUnit4ClassRunner.java:63) [junit-4.13.jar:4.13]
	at org.junit.runners.ParentRunner$4.run(ParentRunner.java:331) [junit-4.13.jar:4.13]
	at org.junit.runners.ParentRunner$1.schedule(ParentRunner.java:79) [junit-4.13.jar:4.13]
	at org.junit.runners.ParentRunner.runChildren(ParentRunner.java:329) [junit-4.13.jar:4.13]
	at org.junit.runners.ParentRunner.access$100(ParentRunner.java:66) [junit-4.13.jar:4.13]
	at org.junit.runners.ParentRunner$2.evaluate(ParentRunner.java:293) [junit-4.13.jar:4.13]
	at org.junit.internal.runners.statements.RunBefores.evaluate(RunBefores.java:26) [junit-4.13.jar:4.13]
	at org.junit.runners.ParentRunner$3.evaluate(ParentRunner.java:306) [junit-4.13.jar:4.13]
	at org.junit.runners.ParentRunner.run(ParentRunner.java:413) [junit-4.13.jar:4.13]
	at org.junit.runners.Suite.runChild(Suite.java:128) [junit-4.13.jar:4.13]
	at org.junit.runners.Suite.runChild(Suite.java:27) [junit-4.13.jar:4.13]
	at org.junit.runners.ParentRunner$4.run(ParentRunner.java:331) [junit-4.13.jar:4.13]
	at org.junit.runners.ParentRunner$1.schedule(ParentRunner.java:79) [junit-4.13.jar:4.13]
	at org.junit.runners.ParentRunner.runChildren(ParentRunner.java:329) [junit-4.13.jar:4.13]
	at org.junit.runners.ParentRunner.access$100(ParentRunner.java:66) [junit-4.13.jar:4.13]
	at org.junit.runners.ParentRunner$2.evaluate(ParentRunner.java:293) [junit-4.13.jar:4.13]
	at org.junit.runners.ParentRunner$3.evaluate(ParentRunner.java:306) [junit-4.13.jar:4.13]
	at org.junit.runners.ParentRunner.run(ParentRunner.java:413) [junit-4.13.jar:4.13]
	at org.apache.maven.surefire.junitcore.JUnitCore.run(JUnitCore.java:55) [surefire-junit47-3.0.0-M4.jar:3.0.0-M4]
	at org.apache.maven.surefire.junitcore.JUnitCoreWrapper.createRequestAndRun(JUnitCoreWrapper.java:137) [surefire-junit47-3.0.0-M4.jar:3.0.0-M4]
	at org.apache.maven.surefire.junitcore.JUnitCoreWrapper.executeEager(JUnitCoreWrapper.java:107) [surefire-junit47-3.0.0-M4.jar:3.0.0-M4]
	at org.apache.maven.surefire.junitcore.JUnitCoreWrapper.execute(JUnitCoreWrapper.java:83) [surefire-junit47-3.0.0-M4.jar:3.0.0-M4]
	at org.apache.maven.surefire.junitcore.JUnitCoreWrapper.execute(JUnitCoreWrapper.java:75) [surefire-junit47-3.0.0-M4.jar:3.0.0-M4]
	at org.apache.maven.surefire.junitcore.JUnitCoreProvider.invoke(JUnitCoreProvider.java:158) [surefire-junit47-3.0.0-M4.jar:3.0.0-M4]
	at org.apache.maven.surefire.booter.ForkedBooter.runSuitesInProcess(ForkedBooter.java:377) [surefire-booter-3.0.0-M4.jar:3.0.0-M4]
	at org.apache.maven.surefire.booter.ForkedBooter.execute(ForkedBooter.java:138) [surefire-booter-3.0.0-M4.jar:3.0.0-M4]
	at org.apache.maven.surefire.booter.ForkedBooter.run(ForkedBooter.java:465) [surefire-booter-3.0.0-M4.jar:3.0.0-M4]
	at org.apache.maven.surefire.booter.ForkedBooter.main(ForkedBooter.java:451) [surefire-booter-3.0.0-M4.jar:3.0.0-M4]
Caused by: org.apache.hadoop.hive.metastore.api.AlreadyExistsException: Table hive.junit_specific_db.junit_specific_size2 already exists
	at org.apache.hadoop.hive.metastore.HMSHandler.create_table_core(HMSHandler.java:2339) ~[classes/:?]
	at org.apache.hadoop.hive.metastore.HMSHandler.create_table_req(HMSHandler.java:2598) ~[classes/:?]
	at sun.reflect.GeneratedMethodAccessor40.invoke(Unknown Source) ~[?:?]
	at sun.reflect.DelegatingMethodAccessorImpl.invoke(DelegatingMethodAccessorImpl.java:43) ~[?:1.8.0_402]
	at java.lang.reflect.Method.invoke(Method.java:498) ~[?:1.8.0_402]
	at org.apache.hadoop.hive.metastore.RetryingHMSHandler.invokeInternal(RetryingHMSHandler.java:147) ~[classes/:?]
	at org.apache.hadoop.hive.metastore.RetryingHMSHandler.invoke(RetryingHMSHandler.java:108) ~[classes/:?]
	at com.sun.proxy.$Proxy35.create_table_req(Unknown Source) ~[?:?]
	at org.apache.hadoop.hive.metastore.HiveMetaStoreClient.create_table_with_environment_context(HiveMetaStoreClient.java:4408) ~[classes/:?]
	at org.apache.hadoop.hive.ql.metadata.SessionHiveMetaStoreClient.create_table_with_environment_context(SessionHiveMetaStoreClient.java:182) ~[classes/:?]
	at org.apache.hadoop.hive.metastore.HiveMetaStoreClient.createTable(HiveMetaStoreClient.java:1260) ~[classes/:?]
	at org.apache.hadoop.hive.metastore.HiveMetaStoreClient.createTable(HiveMetaStoreClient.java:1245) ~[classes/:?]
	at sun.reflect.GeneratedMethodAccessor39.invoke(Unknown Source) ~[?:?]
	at sun.reflect.DelegatingMethodAccessorImpl.invoke(DelegatingMethodAccessorImpl.java:43) ~[?:1.8.0_402]
	at java.lang.reflect.Method.invoke(Method.java:498) ~[?:1.8.0_402]
	at org.apache.hadoop.hive.metastore.RetryingMetaStoreClient.invoke(RetryingMetaStoreClient.java:218) ~[classes/:?]
	at com.sun.proxy.$Proxy45.createTable(Unknown Source) ~[?:?]
	at org.apache.hadoop.hive.ql.metadata.Hive.createTable(Hive.java:1290) ~[classes/:?]
	... 63 more
2024-04-24T11:28:37,026 ERROR [main] exec.Task: DDLTask failed, DDL Operation: class org.apache.hadoop.hive.ql.ddl.table.create.CreateTableOperation
org.apache.hadoop.hive.ql.metadata.HiveException: AlreadyExistsException(message:Table hive.junit_specific_db.junit_specific_size2 already exists)
	at org.apache.hadoop.hive.ql.metadata.Hive.createTable(Hive.java:1298) ~[classes/:?]
	at org.apache.hadoop.hive.ql.metadata.Hive.createTable(Hive.java:1306) ~[classes/:?]
	at org.apache.hadoop.hive.ql.ddl.table.create.CreateTableOperation.createTableNonReplaceMode(CreateTableOperation.java:140) ~[classes/:?]
	at org.apache.hadoop.hive.ql.ddl.table.create.CreateTableOperation.execute(CreateTableOperation.java:98) ~[classes/:?]
	at org.apache.hadoop.hive.ql.ddl.DDLTask.execute(DDLTask.java:84) [classes/:?]
	at org.apache.hadoop.hive.ql.exec.Task.executeTask(Task.java:212) [classes/:?]
	at org.apache.hadoop.hive.ql.exec.TaskRunner.runSequential(TaskRunner.java:105) [classes/:?]
	at org.apache.hadoop.hive.ql.Executor.launchTask(Executor.java:361) [classes/:?]
	at org.apache.hadoop.hive.ql.Executor.launchTasks(Executor.java:334) [classes/:?]
	at org.apache.hadoop.hive.ql.Executor.runTasks(Executor.java:245) [classes/:?]
	at org.apache.hadoop.hive.ql.Executor.execute(Executor.java:108) [classes/:?]
	at org.apache.hadoop.hive.ql.Driver.execute(Driver.java:348) [classes/:?]
	at org.apache.hadoop.hive.ql.Driver.runInternal(Driver.java:204) [classes/:?]
	at org.apache.hadoop.hive.ql.Driver.run(Driver.java:153) [classes/:?]
	at org.apache.hadoop.hive.ql.Driver.run(Driver.java:148) [classes/:?]
	at org.apache.hadoop.hive.ql.reexec.ReExecDriver.run(ReExecDriver.java:164) [classes/:?]
	at org.apache.hadoop.hive.ql.reexec.ReExecDriver.run(ReExecDriver.java:230) [classes/:?]
	at org.apache.hive.hcatalog.pig.AbstractHCatLoaderTest.executeStatementOnDriver(AbstractHCatLoaderTest.java:151) [test-classes/:?]
	at org.apache.hive.hcatalog.pig.AbstractHCatLoaderTest.createTable(AbstractHCatLoaderTest.java:134) [test-classes/:?]
	at org.apache.hive.hcatalog.pig.AbstractHCatLoaderTest.createTable(AbstractHCatLoaderTest.java:104) [test-classes/:?]
	at org.apache.hive.hcatalog.pig.AbstractHCatLoaderTest.createTable(AbstractHCatLoaderTest.java:138) [test-classes/:?]
	at org.apache.hive.hcatalog.pig.AbstractHCatLoaderTest.setUpTest(AbstractHCatLoaderTest.java:172) [test-classes/:?]
	at sun.reflect.NativeMethodAccessorImpl.invoke0(Native Method) ~[?:1.8.0_402]
	at sun.reflect.NativeMethodAccessorImpl.invoke(NativeMethodAccessorImpl.java:62) ~[?:1.8.0_402]
	at sun.reflect.DelegatingMethodAccessorImpl.invoke(DelegatingMethodAccessorImpl.java:43) ~[?:1.8.0_402]
	at java.lang.reflect.Method.invoke(Method.java:498) ~[?:1.8.0_402]
	at org.junit.runners.model.FrameworkMethod$1.runReflectiveCall(FrameworkMethod.java:59) [junit-4.13.jar:4.13]
	at org.junit.internal.runners.model.ReflectiveCallable.run(ReflectiveCallable.java:12) [junit-4.13.jar:4.13]
	at org.junit.runners.model.FrameworkMethod.invokeExplosively(FrameworkMethod.java:56) [junit-4.13.jar:4.13]
	at org.junit.internal.runners.statements.RunBefores.invokeMethod(RunBefores.java:33) [junit-4.13.jar:4.13]
	at org.junit.internal.runners.statements.RunBefores.evaluate(RunBefores.java:24) [junit-4.13.jar:4.13]
	at org.junit.internal.runners.statements.RunAfters.evaluate(RunAfters.java:27) [junit-4.13.jar:4.13]
	at org.junit.runners.ParentRunner$3.evaluate(ParentRunner.java:306) [junit-4.13.jar:4.13]
	at org.junit.runners.BlockJUnit4ClassRunner$1.evaluate(BlockJUnit4ClassRunner.java:100) [junit-4.13.jar:4.13]
	at org.junit.runners.ParentRunner.runLeaf(ParentRunner.java:366) [junit-4.13.jar:4.13]
	at org.junit.runners.BlockJUnit4ClassRunner.runChild(BlockJUnit4ClassRunner.java:103) [junit-4.13.jar:4.13]
	at org.junit.runners.BlockJUnit4ClassRunner.runChild(BlockJUnit4ClassRunner.java:63) [junit-4.13.jar:4.13]
	at org.junit.runners.ParentRunner$4.run(ParentRunner.java:331) [junit-4.13.jar:4.13]
	at org.junit.runners.ParentRunner$1.schedule(ParentRunner.java:79) [junit-4.13.jar:4.13]
	at org.junit.runners.ParentRunner.runChildren(ParentRunner.java:329) [junit-4.13.jar:4.13]
	at org.junit.runners.ParentRunner.access$100(ParentRunner.java:66) [junit-4.13.jar:4.13]
	at org.junit.runners.ParentRunner$2.evaluate(ParentRunner.java:293) [junit-4.13.jar:4.13]
	at org.junit.internal.runners.statements.RunBefores.evaluate(RunBefores.java:26) [junit-4.13.jar:4.13]
	at org.junit.runners.ParentRunner$3.evaluate(ParentRunner.java:306) [junit-4.13.jar:4.13]
	at org.junit.runners.ParentRunner.run(ParentRunner.java:413) [junit-4.13.jar:4.13]
	at org.junit.runners.Suite.runChild(Suite.java:128) [junit-4.13.jar:4.13]
	at org.junit.runners.Suite.runChild(Suite.java:27) [junit-4.13.jar:4.13]
	at org.junit.runners.ParentRunner$4.run(ParentRunner.java:331) [junit-4.13.jar:4.13]
	at org.junit.runners.ParentRunner$1.schedule(ParentRunner.java:79) [junit-4.13.jar:4.13]
	at org.junit.runners.ParentRunner.runChildren(ParentRunner.java:329) [junit-4.13.jar:4.13]
	at org.junit.runners.ParentRunner.access$100(ParentRunner.java:66) [junit-4.13.jar:4.13]
	at org.junit.runners.ParentRunner$2.evaluate(ParentRunner.java:293) [junit-4.13.jar:4.13]
	at org.junit.runners.ParentRunner$3.evaluate(ParentRunner.java:306) [junit-4.13.jar:4.13]
	at org.junit.runners.ParentRunner.run(ParentRunner.java:413) [junit-4.13.jar:4.13]
	at org.apache.maven.surefire.junitcore.JUnitCore.run(JUnitCore.java:55) [surefire-junit47-3.0.0-M4.jar:3.0.0-M4]
	at org.apache.maven.surefire.junitcore.JUnitCoreWrapper.createRequestAndRun(JUnitCoreWrapper.java:137) [surefire-junit47-3.0.0-M4.jar:3.0.0-M4]
	at org.apache.maven.surefire.junitcore.JUnitCoreWrapper.executeEager(JUnitCoreWrapper.java:107) [surefire-junit47-3.0.0-M4.jar:3.0.0-M4]
	at org.apache.maven.surefire.junitcore.JUnitCoreWrapper.execute(JUnitCoreWrapper.java:83) [surefire-junit47-3.0.0-M4.jar:3.0.0-M4]
	at org.apache.maven.surefire.junitcore.JUnitCoreWrapper.execute(JUnitCoreWrapper.java:75) [surefire-junit47-3.0.0-M4.jar:3.0.0-M4]
	at org.apache.maven.surefire.junitcore.JUnitCoreProvider.invoke(JUnitCoreProvider.java:158) [surefire-junit47-3.0.0-M4.jar:3.0.0-M4]
	at org.apache.maven.surefire.booter.ForkedBooter.runSuitesInProcess(ForkedBooter.java:377) [surefire-booter-3.0.0-M4.jar:3.0.0-M4]
	at org.apache.maven.surefire.booter.ForkedBooter.execute(ForkedBooter.java:138) [surefire-booter-3.0.0-M4.jar:3.0.0-M4]
	at org.apache.maven.surefire.booter.ForkedBooter.run(ForkedBooter.java:465) [surefire-booter-3.0.0-M4.jar:3.0.0-M4]
	at org.apache.maven.surefire.booter.ForkedBooter.main(ForkedBooter.java:451) [surefire-booter-3.0.0-M4.jar:3.0.0-M4]
Caused by: org.apache.hadoop.hive.metastore.api.AlreadyExistsException: Table hive.junit_specific_db.junit_specific_size2 already exists
	at org.apache.hadoop.hive.metastore.HMSHandler.create_table_core(HMSHandler.java:2339) ~[classes/:?]
	at org.apache.hadoop.hive.metastore.HMSHandler.create_table_req(HMSHandler.java:2598) ~[classes/:?]
	at sun.reflect.GeneratedMethodAccessor40.invoke(Unknown Source) ~[?:?]
	at sun.reflect.DelegatingMethodAccessorImpl.invoke(DelegatingMethodAccessorImpl.java:43) ~[?:1.8.0_402]
	at java.lang.reflect.Method.invoke(Method.java:498) ~[?:1.8.0_402]
	at org.apache.hadoop.hive.metastore.RetryingHMSHandler.invokeInternal(RetryingHMSHandler.java:147) ~[classes/:?]
	at org.apache.hadoop.hive.metastore.RetryingHMSHandler.invoke(RetryingHMSHandler.java:108) ~[classes/:?]
	at com.sun.proxy.$Proxy35.create_table_req(Unknown Source) ~[?:?]
	at org.apache.hadoop.hive.metastore.HiveMetaStoreClient.create_table_with_environment_context(HiveMetaStoreClient.java:4408) ~[classes/:?]
	at org.apache.hadoop.hive.ql.metadata.SessionHiveMetaStoreClient.create_table_with_environment_context(SessionHiveMetaStoreClient.java:182) ~[classes/:?]
	at org.apache.hadoop.hive.metastore.HiveMetaStoreClient.createTable(HiveMetaStoreClient.java:1260) ~[classes/:?]
	at org.apache.hadoop.hive.metastore.HiveMetaStoreClient.createTable(HiveMetaStoreClient.java:1245) ~[classes/:?]
	at sun.reflect.GeneratedMethodAccessor39.invoke(Unknown Source) ~[?:?]
	at sun.reflect.DelegatingMethodAccessorImpl.invoke(DelegatingMethodAccessorImpl.java:43) ~[?:1.8.0_402]
	at java.lang.reflect.Method.invoke(Method.java:498) ~[?:1.8.0_402]
	at org.apache.hadoop.hive.metastore.RetryingMetaStoreClient.invoke(RetryingMetaStoreClient.java:218) ~[classes/:?]
	at com.sun.proxy.$Proxy45.createTable(Unknown Source) ~[?:?]
	at org.apache.hadoop.hive.ql.metadata.Hive.createTable(Hive.java:1290) ~[classes/:?]
	... 63 more
2024-04-24T11:28:37,028  INFO [main] reexec.ReOptimizePlugin: ReOptimization: retryPossible: false
2024-04-24T11:28:37,028  INFO [main] reexec.ReExecuteLostAMQueryPlugin: Got exception message: AlreadyExistsException(message:Table hive.junit_specific_db.junit_specific_size2 already exists) retryPossible: false
2024-04-24T11:28:37,028  INFO [main] reexec.ReExecutionDagSubmitPlugin: Got exception message: AlreadyExistsException(message:Table hive.junit_specific_db.junit_specific_size2 already exists) retryPossible: false
FAILED: Execution Error, return code 40000 from org.apache.hadoop.hive.ql.ddl.DDLTask. AlreadyExistsException(message:Table hive.junit_specific_db.junit_specific_size2 already exists)
2024-04-24T11:28:37,028 ERROR [main] ql.Driver: FAILED: Execution Error, return code 40000 from org.apache.hadoop.hive.ql.ddl.DDLTask. AlreadyExistsException(message:Table hive.junit_specific_db.junit_specific_size2 already exists)
2024-04-24T11:28:37,029  INFO [main] metadata.Hive: Dumping metastore api call timing information for : execution phase
2024-04-24T11:28:37,029  INFO [main] metadata.Hive: Total time spent in each metastore function (ms): {isCompatibleWith_(Configuration)=0}
2024-04-24T11:28:37,029  INFO [main] ql.Driver: Completed executing command(queryId=alex_20240424112836_0b52faa9-2d52-4abf-8864-ad0a08d04a9b); Time taken: 0.019 seconds
2024-04-24T11:28:37,029  INFO [main] ql.Driver: Compiling command(queryId=alex_20240424112836_0b52faa9-2d52-4abf-8864-ad0a08d04a9b): drop table if exists junit_unparted_basic
2024-04-24T11:28:37,030  INFO [main] HiveMetaStore.audit: ugi=alex	ip=unknown-ip-addr	cmd=get_table : tbl=hive.junit_specific_db.junit_unparted_basic	
2024-04-24T11:28:37,033  INFO [main] ql.Driver: Semantic Analysis Completed (retrial = false)
2024-04-24T11:28:37,033  INFO [main] ql.Driver: Created Hive schema: Schema(fieldSchemas:null, properties:null)
2024-04-24T11:28:37,033  INFO [main] metadata.Hive: Dumping metastore api call timing information for : compilation phase
2024-04-24T11:28:37,033  INFO [main] metadata.Hive: Total time spent in each metastore function (ms): {isCompatibleWith_(Configuration)=0, flushCache_()=0}
2024-04-24T11:28:37,034  INFO [main] ql.Driver: Completed compiling command(queryId=alex_20240424112836_0b52faa9-2d52-4abf-8864-ad0a08d04a9b); Time taken: 0.004 seconds
2024-04-24T11:28:37,034  INFO [main] reexec.ReExecDriver: Execution #1 of query
2024-04-24T11:28:37,034  INFO [main] ql.Driver: Concurrency mode is disabled, not creating a lock manager
2024-04-24T11:28:37,034  INFO [main] ql.Driver: Executing command(queryId=alex_20240424112836_0b52faa9-2d52-4abf-8864-ad0a08d04a9b): drop table if exists junit_unparted_basic
2024-04-24T11:28:37,034  INFO [main] ql.Driver: Starting task [Stage-0:DDL] in serial mode
2024-04-24T11:28:37,034  INFO [main] HiveMetaStore.audit: ugi=alex	ip=unknown-ip-addr	cmd=get_table : tbl=hive.junit_specific_db.junit_unparted_basic	
2024-04-24T11:28:37,037  INFO [main] metadata.Hive: Dumping metastore api call timing information for : execution phase
2024-04-24T11:28:37,037  INFO [main] metadata.Hive: Total time spent in each metastore function (ms): {isCompatibleWith_(Configuration)=0}
2024-04-24T11:28:37,038  INFO [main] ql.Driver: Completed executing command(queryId=alex_20240424112836_0b52faa9-2d52-4abf-8864-ad0a08d04a9b); Time taken: 0.003 seconds
2024-04-24T11:28:37,038  INFO [main] ql.Driver: Compiling command(queryId=alex_20240424112836_0b52faa9-2d52-4abf-8864-ad0a08d04a9b): drop table if exists junit_unparted_complex
2024-04-24T11:28:37,039  INFO [main] HiveMetaStore.audit: ugi=alex	ip=unknown-ip-addr	cmd=get_table : tbl=hive.junit_specific_db.junit_unparted_complex	
2024-04-24T11:28:37,042  INFO [main] ql.Driver: Semantic Analysis Completed (retrial = false)
2024-04-24T11:28:37,042  INFO [main] ql.Driver: Created Hive schema: Schema(fieldSchemas:null, properties:null)
2024-04-24T11:28:37,042  INFO [main] metadata.Hive: Dumping metastore api call timing information for : compilation phase
2024-04-24T11:28:37,042  INFO [main] metadata.Hive: Total time spent in each metastore function (ms): {isCompatibleWith_(Configuration)=0, flushCache_()=1}
2024-04-24T11:28:37,042  INFO [main] ql.Driver: Completed compiling command(queryId=alex_20240424112836_0b52faa9-2d52-4abf-8864-ad0a08d04a9b); Time taken: 0.004 seconds
2024-04-24T11:28:37,042  INFO [main] reexec.ReExecDriver: Execution #1 of query
2024-04-24T11:28:37,042  INFO [main] ql.Driver: Concurrency mode is disabled, not creating a lock manager
2024-04-24T11:28:37,042  INFO [main] ql.Driver: Executing command(queryId=alex_20240424112836_0b52faa9-2d52-4abf-8864-ad0a08d04a9b): drop table if exists junit_unparted_complex
2024-04-24T11:28:37,043  INFO [main] ql.Driver: Starting task [Stage-0:DDL] in serial mode
2024-04-24T11:28:37,043  INFO [main] HiveMetaStore.audit: ugi=alex	ip=unknown-ip-addr	cmd=get_table : tbl=hive.junit_specific_db.junit_unparted_complex	
2024-04-24T11:28:37,046  INFO [main] metadata.Hive: Dumping metastore api call timing information for : execution phase
2024-04-24T11:28:37,046  INFO [main] metadata.Hive: Total time spent in each metastore function (ms): {isCompatibleWith_(Configuration)=0}
2024-04-24T11:28:37,046  INFO [main] ql.Driver: Completed executing command(queryId=alex_20240424112836_0b52faa9-2d52-4abf-8864-ad0a08d04a9b); Time taken: 0.004 seconds
2024-04-24T11:28:37,047  INFO [main] ql.Driver: Compiling command(queryId=alex_20240424112836_0b52faa9-2d52-4abf-8864-ad0a08d04a9b): drop table if exists junit_parted_basic
2024-04-24T11:28:37,047  INFO [main] HiveMetaStore.audit: ugi=alex	ip=unknown-ip-addr	cmd=get_table : tbl=hive.junit_specific_db.junit_parted_basic	
2024-04-24T11:28:37,051  INFO [main] ql.Driver: Semantic Analysis Completed (retrial = false)
2024-04-24T11:28:37,051  INFO [main] ql.Driver: Created Hive schema: Schema(fieldSchemas:null, properties:null)
2024-04-24T11:28:37,051  INFO [main] metadata.Hive: Dumping metastore api call timing information for : compilation phase
2024-04-24T11:28:37,051  INFO [main] metadata.Hive: Total time spent in each metastore function (ms): {flushCache_()=0, isCompatibleWith_(Configuration)=0}
2024-04-24T11:28:37,051  INFO [main] ql.Driver: Completed compiling command(queryId=alex_20240424112836_0b52faa9-2d52-4abf-8864-ad0a08d04a9b); Time taken: 0.004 seconds
2024-04-24T11:28:37,052  INFO [main] reexec.ReExecDriver: Execution #1 of query
2024-04-24T11:28:37,052  INFO [main] ql.Driver: Concurrency mode is disabled, not creating a lock manager
2024-04-24T11:28:37,052  INFO [main] ql.Driver: Executing command(queryId=alex_20240424112836_0b52faa9-2d52-4abf-8864-ad0a08d04a9b): drop table if exists junit_parted_basic
2024-04-24T11:28:37,052  INFO [main] ql.Driver: Starting task [Stage-0:DDL] in serial mode
2024-04-24T11:28:37,052  INFO [main] HiveMetaStore.audit: ugi=alex	ip=unknown-ip-addr	cmd=get_table : tbl=hive.junit_specific_db.junit_parted_basic	
2024-04-24T11:28:37,055  INFO [main] metadata.Hive: Dumping metastore api call timing information for : execution phase
2024-04-24T11:28:37,055  INFO [main] metadata.Hive: Total time spent in each metastore function (ms): {isCompatibleWith_(Configuration)=0}
2024-04-24T11:28:37,056  INFO [main] ql.Driver: Completed executing command(queryId=alex_20240424112836_0b52faa9-2d52-4abf-8864-ad0a08d04a9b); Time taken: 0.003 seconds
2024-04-24T11:28:37,056  INFO [main] ql.Driver: Compiling command(queryId=alex_20240424112836_0b52faa9-2d52-4abf-8864-ad0a08d04a9b): drop table if exists junit_specific_size
2024-04-24T11:28:37,057  INFO [main] HiveMetaStore.audit: ugi=alex	ip=unknown-ip-addr	cmd=get_table : tbl=hive.junit_specific_db.junit_specific_size	
2024-04-24T11:28:37,060  INFO [main] ql.Driver: Semantic Analysis Completed (retrial = false)
2024-04-24T11:28:37,060  INFO [main] ql.Driver: Created Hive schema: Schema(fieldSchemas:null, properties:null)
2024-04-24T11:28:37,060  INFO [main] metadata.Hive: Dumping metastore api call timing information for : compilation phase
2024-04-24T11:28:37,060  INFO [main] metadata.Hive: Total time spent in each metastore function (ms): {isCompatibleWith_(Configuration)=1, flushCache_()=0}
2024-04-24T11:28:37,060  INFO [main] ql.Driver: Completed compiling command(queryId=alex_20240424112836_0b52faa9-2d52-4abf-8864-ad0a08d04a9b); Time taken: 0.004 seconds
2024-04-24T11:28:37,061  INFO [main] reexec.ReExecDriver: Execution #1 of query
2024-04-24T11:28:37,061  INFO [main] ql.Driver: Concurrency mode is disabled, not creating a lock manager
2024-04-24T11:28:37,061  INFO [main] ql.Driver: Executing command(queryId=alex_20240424112836_0b52faa9-2d52-4abf-8864-ad0a08d04a9b): drop table if exists junit_specific_size
2024-04-24T11:28:37,061  INFO [main] ql.Driver: Starting task [Stage-0:DDL] in serial mode
2024-04-24T11:28:37,061  INFO [main] HiveMetaStore.audit: ugi=alex	ip=unknown-ip-addr	cmd=get_table : tbl=hive.junit_specific_db.junit_specific_size	
2024-04-24T11:28:37,064  INFO [main] metadata.Hive: Dumping metastore api call timing information for : execution phase
2024-04-24T11:28:37,064  INFO [main] metadata.Hive: Total time spent in each metastore function (ms): {isCompatibleWith_(Configuration)=0}
2024-04-24T11:28:37,065  INFO [main] ql.Driver: Completed executing command(queryId=alex_20240424112836_0b52faa9-2d52-4abf-8864-ad0a08d04a9b); Time taken: 0.003 seconds
2024-04-24T11:28:37,065  INFO [main] ql.Driver: Compiling command(queryId=alex_20240424112836_0b52faa9-2d52-4abf-8864-ad0a08d04a9b): drop table if exists junit_parted_date
2024-04-24T11:28:37,066  INFO [main] HiveMetaStore.audit: ugi=alex	ip=unknown-ip-addr	cmd=get_table : tbl=hive.junit_specific_db.junit_parted_date	
2024-04-24T11:28:37,069  INFO [main] ql.Driver: Semantic Analysis Completed (retrial = false)
2024-04-24T11:28:37,069  INFO [main] ql.Driver: Created Hive schema: Schema(fieldSchemas:null, properties:null)
2024-04-24T11:28:37,069  INFO [main] metadata.Hive: Dumping metastore api call timing information for : compilation phase
2024-04-24T11:28:37,069  INFO [main] metadata.Hive: Total time spent in each metastore function (ms): {isCompatibleWith_(Configuration)=1, flushCache_()=0}
2024-04-24T11:28:37,069  INFO [main] ql.Driver: Completed compiling command(queryId=alex_20240424112836_0b52faa9-2d52-4abf-8864-ad0a08d04a9b); Time taken: 0.004 seconds
2024-04-24T11:28:37,069  INFO [main] reexec.ReExecDriver: Execution #1 of query
2024-04-24T11:28:37,069  INFO [main] ql.Driver: Concurrency mode is disabled, not creating a lock manager
2024-04-24T11:28:37,069  INFO [main] ql.Driver: Executing command(queryId=alex_20240424112836_0b52faa9-2d52-4abf-8864-ad0a08d04a9b): drop table if exists junit_parted_date
2024-04-24T11:28:37,069  INFO [main] ql.Driver: Starting task [Stage-0:DDL] in serial mode
2024-04-24T11:28:37,070  INFO [main] HiveMetaStore.audit: ugi=alex	ip=unknown-ip-addr	cmd=get_table : tbl=hive.junit_specific_db.junit_parted_date	
2024-04-24T11:28:37,073  INFO [main] metadata.Hive: Dumping metastore api call timing information for : execution phase
2024-04-24T11:28:37,073  INFO [main] metadata.Hive: Total time spent in each metastore function (ms): {isCompatibleWith_(Configuration)=1}
2024-04-24T11:28:37,073  INFO [main] ql.Driver: Completed executing command(queryId=alex_20240424112836_0b52faa9-2d52-4abf-8864-ad0a08d04a9b); Time taken: 0.004 seconds
2024-04-24T11:28:37,074  INFO [main] ql.Driver: Compiling command(queryId=alex_20240424112836_0b52faa9-2d52-4abf-8864-ad0a08d04a9b): drop table if exists junit_unparted_alltypes
2024-04-24T11:28:37,074  INFO [main] HiveMetaStore.audit: ugi=alex	ip=unknown-ip-addr	cmd=get_table : tbl=hive.junit_specific_db.junit_unparted_alltypes	
2024-04-24T11:28:37,077  INFO [main] ql.Driver: Semantic Analysis Completed (retrial = false)
2024-04-24T11:28:37,077  INFO [main] ql.Driver: Created Hive schema: Schema(fieldSchemas:null, properties:null)
2024-04-24T11:28:37,077  INFO [main] metadata.Hive: Dumping metastore api call timing information for : compilation phase
2024-04-24T11:28:37,078  INFO [main] metadata.Hive: Total time spent in each metastore function (ms): {isCompatibleWith_(Configuration)=0, flushCache_()=0}
2024-04-24T11:28:37,078  INFO [main] ql.Driver: Completed compiling command(queryId=alex_20240424112836_0b52faa9-2d52-4abf-8864-ad0a08d04a9b); Time taken: 0.003 seconds
2024-04-24T11:28:37,078  INFO [main] reexec.ReExecDriver: Execution #1 of query
2024-04-24T11:28:37,078  INFO [main] ql.Driver: Concurrency mode is disabled, not creating a lock manager
2024-04-24T11:28:37,078  INFO [main] ql.Driver: Executing command(queryId=alex_20240424112836_0b52faa9-2d52-4abf-8864-ad0a08d04a9b): drop table if exists junit_unparted_alltypes
2024-04-24T11:28:37,078  INFO [main] ql.Driver: Starting task [Stage-0:DDL] in serial mode
2024-04-24T11:28:37,078  INFO [main] HiveMetaStore.audit: ugi=alex	ip=unknown-ip-addr	cmd=get_table : tbl=hive.junit_specific_db.junit_unparted_alltypes	
2024-04-24T11:28:37,082  INFO [main] metadata.Hive: Dumping metastore api call timing information for : execution phase
2024-04-24T11:28:37,082  INFO [main] metadata.Hive: Total time spent in each metastore function (ms): {isCompatibleWith_(Configuration)=0}
2024-04-24T11:28:37,082  INFO [main] ql.Driver: Completed executing command(queryId=alex_20240424112836_0b52faa9-2d52-4abf-8864-ad0a08d04a9b); Time taken: 0.004 seconds
2024-04-24T11:28:37,082  INFO [main] ql.Driver: Compiling command(queryId=alex_20240424112836_0b52faa9-2d52-4abf-8864-ad0a08d04a9b): drop database if exists junit_specific_db cascade
2024-04-24T11:28:37,083  INFO [main] HiveMetaStore.audit: ugi=alex	ip=unknown-ip-addr	cmd=get_database: junit_specific_db	
2024-04-24T11:28:37,086  INFO [main] HiveMetaStore.audit: ugi=alex	ip=unknown-ip-addr	cmd=get_multi_table : db=junit_specific_db tbls=null	
2024-04-24T11:28:37,091  INFO [main] HiveMetaStore.audit: ugi=alex	ip=unknown-ip-addr	cmd=get_multi_table : db=junit_specific_db tbls=	
2024-04-24T11:28:37,091  INFO [main] ql.Driver: Semantic Analysis Completed (retrial = false)
2024-04-24T11:28:37,091  INFO [main] ql.Driver: Created Hive schema: Schema(fieldSchemas:null, properties:null)
2024-04-24T11:28:37,092  INFO [main] metadata.Hive: Dumping metastore api call timing information for : compilation phase
2024-04-24T11:28:37,092  INFO [main] metadata.Hive: Total time spent in each metastore function (ms): {isCompatibleWith_(Configuration)=0, flushCache_()=0, getTables_(String, String)=6, getTableObjectsByName_(String, List)=1, getDatabase_(String)=1}
2024-04-24T11:28:37,092  INFO [main] ql.Driver: Completed compiling command(queryId=alex_20240424112836_0b52faa9-2d52-4abf-8864-ad0a08d04a9b); Time taken: 0.009 seconds
2024-04-24T11:28:37,092  INFO [main] reexec.ReExecDriver: Execution #1 of query
2024-04-24T11:28:37,092  INFO [main] ql.Driver: Concurrency mode is disabled, not creating a lock manager
2024-04-24T11:28:37,092  INFO [main] ql.Driver: Executing command(queryId=alex_20240424112836_0b52faa9-2d52-4abf-8864-ad0a08d04a9b): drop database if exists junit_specific_db cascade
2024-04-24T11:28:37,092  INFO [main] ql.Driver: Starting task [Stage-0:DDL] in serial mode
2024-04-24T11:28:37,092  INFO [main] HiveMetaStore.audit: ugi=alex	ip=unknown-ip-addr	cmd=get_database: junit_specific_db	
2024-04-24T11:28:37,094  INFO [main] HiveMetaStore.audit: ugi=alex	ip=unknown-ip-addr	cmd=get_tables_by_type: db=@hive#junit_specific_db pat=.*,type=MATERIALIZED_VIEW	
2024-04-24T11:28:37,094  INFO [main] HiveMetaStore.audit: ugi=alex	ip=unknown-ip-addr	cmd=getTablesByTypeCore: catName=hive: db=junit_specific_db pat=.*,type=MATERIALIZED_VIEW	
2024-04-24T11:28:37,097  INFO [main] HiveMetaStore.audit: ugi=alex	ip=unknown-ip-addr	cmd=get_all_tables: db=@hive#junit_specific_db	
2024-04-24T11:28:37,099  INFO [main] HiveMetaStore.audit: ugi=alex	ip=unknown-ip-addr	cmd=get_multi_table : db=junit_specific_db tbls=junit_specific_size2	
2024-04-24T11:28:37,102  INFO [main] HiveMetaStore.audit: ugi=alex	ip=unknown-ip-addr	cmd=drop_database: @hive#junit_specific_db	
2024-04-24T11:28:37,103  INFO [main] HiveMetaStore.audit: ugi=alex	ip=unknown-ip-addr	cmd=get_all_tables: db=@hive#junit_specific_db	
2024-04-24T11:28:37,104  INFO [main] HiveMetaStore.audit: ugi=alex	ip=unknown-ip-addr	cmd=get_functions: db=@hive#junit_specific_db pat=*	
2024-04-24T11:28:37,106  INFO [main] HiveMetaStore.audit: ugi=alex	ip=unknown-ip-addr	cmd=get_all_stored_procedures	
2024-04-24T11:28:37,107  INFO [main] HiveMetaStore.audit: ugi=alex	ip=unknown-ip-addr	cmd=get_all_packages	
2024-04-24T11:28:37,108  INFO [main] HiveMetaStore.audit: ugi=alex	ip=unknown-ip-addr	cmd=getTablesByTypeCore: catName=hive: db=junit_specific_db pat=.*,type=MATERIALIZED_VIEW	
2024-04-24T11:28:37,113  INFO [main] metastore.ObjectStore: Dropping database hive.junit_specific_db along with all tables
2024-04-24T11:28:37,120  INFO [main] txn.TxnHandler: Non-retryable error in cleanupRecords : Table/View 'TXN_COMPONENTS' does not exist. (SQLState=42X05, ErrorCode=20000)
2024-04-24T11:28:37,120  WARN [main] txn.TxnHandler: Cannot perform cleanup since metastore table does not exist
2024-04-24T11:28:37,121 ERROR [main] metastore.RetryingHMSHandler: Retrying HMSHandler after 2000 ms (attempt 1 of 10) with error: javax.jdo.JDODataStoreException: Exception thrown flushing changes to datastore
	at org.datanucleus.api.jdo.NucleusJDOHelper.getJDOExceptionForNucleusException(NucleusJDOHelper.java:542)
	at org.datanucleus.api.jdo.JDOTransaction.commit(JDOTransaction.java:162)
	at org.apache.hadoop.hive.metastore.ObjectStore.commitTransaction(ObjectStore.java:615)
	at sun.reflect.GeneratedMethodAccessor31.invoke(Unknown Source)
	at sun.reflect.DelegatingMethodAccessorImpl.invoke(DelegatingMethodAccessorImpl.java:43)
	at java.lang.reflect.Method.invoke(Method.java:498)
	at org.apache.hadoop.hive.metastore.RawStoreProxy.invoke(RawStoreProxy.java:97)
	at com.sun.proxy.$Proxy32.commitTransaction(Unknown Source)
	at org.apache.hadoop.hive.metastore.HMSHandler.drop_database_core(HMSHandler.java:1790)
	at org.apache.hadoop.hive.metastore.HMSHandler.drop_database(HMSHandler.java:1869)
	at sun.reflect.GeneratedMethodAccessor54.invoke(Unknown Source)
	at sun.reflect.DelegatingMethodAccessorImpl.invoke(DelegatingMethodAccessorImpl.java:43)
	at java.lang.reflect.Method.invoke(Method.java:498)
	at org.apache.hadoop.hive.metastore.RetryingHMSHandler.invokeInternal(RetryingHMSHandler.java:147)
	at org.apache.hadoop.hive.metastore.RetryingHMSHandler.invoke(RetryingHMSHandler.java:108)
	at com.sun.proxy.$Proxy35.drop_database(Unknown Source)
	at org.apache.hadoop.hive.metastore.HiveMetaStoreClient.dropDatabaseCascadePerDb(HiveMetaStoreClient.java:1601)
	at org.apache.hadoop.hive.metastore.HiveMetaStoreClient.dropDatabase(HiveMetaStoreClient.java:1532)
	at org.apache.hadoop.hive.metastore.HiveMetaStoreClient.dropDatabase(HiveMetaStoreClient.java:1485)
	at sun.reflect.NativeMethodAccessorImpl.invoke0(Native Method)
	at sun.reflect.NativeMethodAccessorImpl.invoke(NativeMethodAccessorImpl.java:62)
	at sun.reflect.DelegatingMethodAccessorImpl.invoke(DelegatingMethodAccessorImpl.java:43)
	at java.lang.reflect.Method.invoke(Method.java:498)
	at org.apache.hadoop.hive.metastore.RetryingMetaStoreClient.invoke(RetryingMetaStoreClient.java:218)
	at com.sun.proxy.$Proxy45.dropDatabase(Unknown Source)
	at org.apache.hadoop.hive.ql.metadata.Hive.dropDatabase(Hive.java:662)
	at org.apache.hadoop.hive.ql.ddl.database.drop.DropDatabaseOperation.execute(DropDatabaseOperation.java:52)
	at org.apache.hadoop.hive.ql.ddl.DDLTask.execute(DDLTask.java:84)
	at org.apache.hadoop.hive.ql.exec.Task.executeTask(Task.java:212)
	at org.apache.hadoop.hive.ql.exec.TaskRunner.runSequential(TaskRunner.java:105)
	at org.apache.hadoop.hive.ql.Executor.launchTask(Executor.java:361)
	at org.apache.hadoop.hive.ql.Executor.launchTasks(Executor.java:334)
	at org.apache.hadoop.hive.ql.Executor.runTasks(Executor.java:245)
	at org.apache.hadoop.hive.ql.Executor.execute(Executor.java:108)
	at org.apache.hadoop.hive.ql.Driver.execute(Driver.java:348)
	at org.apache.hadoop.hive.ql.Driver.runInternal(Driver.java:204)
	at org.apache.hadoop.hive.ql.Driver.run(Driver.java:153)
	at org.apache.hadoop.hive.ql.Driver.run(Driver.java:148)
	at org.apache.hadoop.hive.ql.reexec.ReExecDriver.run(ReExecDriver.java:164)
	at org.apache.hadoop.hive.ql.reexec.ReExecDriver.run(ReExecDriver.java:230)
	at org.apache.hive.hcatalog.pig.AbstractHCatLoaderTest.executeStatementOnDriver(AbstractHCatLoaderTest.java:151)
	at org.apache.hive.hcatalog.pig.AbstractHCatLoaderTest.tearDown(AbstractHCatLoaderTest.java:239)
	at sun.reflect.NativeMethodAccessorImpl.invoke0(Native Method)
	at sun.reflect.NativeMethodAccessorImpl.invoke(NativeMethodAccessorImpl.java:62)
	at sun.reflect.DelegatingMethodAccessorImpl.invoke(DelegatingMethodAccessorImpl.java:43)
	at java.lang.reflect.Method.invoke(Method.java:498)
	at org.junit.runners.model.FrameworkMethod$1.runReflectiveCall(FrameworkMethod.java:59)
	at org.junit.internal.runners.model.ReflectiveCallable.run(ReflectiveCallable.java:12)
	at org.junit.runners.model.FrameworkMethod.invokeExplosively(FrameworkMethod.java:56)
	at org.junit.internal.runners.statements.RunAfters.invokeMethod(RunAfters.java:46)
	at org.junit.internal.runners.statements.RunAfters.evaluate(RunAfters.java:33)
	at org.junit.runners.ParentRunner$3.evaluate(ParentRunner.java:306)
	at org.junit.runners.BlockJUnit4ClassRunner$1.evaluate(BlockJUnit4ClassRunner.java:100)
	at org.junit.runners.ParentRunner.runLeaf(ParentRunner.java:366)
	at org.junit.runners.BlockJUnit4ClassRunner.runChild(BlockJUnit4ClassRunner.java:103)
	at org.junit.runners.BlockJUnit4ClassRunner.runChild(BlockJUnit4ClassRunner.java:63)
	at org.junit.runners.ParentRunner$4.run(ParentRunner.java:331)
	at org.junit.runners.ParentRunner$1.schedule(ParentRunner.java:79)
	at org.junit.runners.ParentRunner.runChildren(ParentRunner.java:329)
	at org.junit.runners.ParentRunner.access$100(ParentRunner.java:66)
	at org.junit.runners.ParentRunner$2.evaluate(ParentRunner.java:293)
	at org.junit.internal.runners.statements.RunBefores.evaluate(RunBefores.java:26)
	at org.junit.runners.ParentRunner$3.evaluate(ParentRunner.java:306)
	at org.junit.runners.ParentRunner.run(ParentRunner.java:413)
	at org.junit.runners.Suite.runChild(Suite.java:128)
	at org.junit.runners.Suite.runChild(Suite.java:27)
	at org.junit.runners.ParentRunner$4.run(ParentRunner.java:331)
	at org.junit.runners.ParentRunner$1.schedule(ParentRunner.java:79)
	at org.junit.runners.ParentRunner.runChildren(ParentRunner.java:329)
	at org.junit.runners.ParentRunner.access$100(ParentRunner.java:66)
	at org.junit.runners.ParentRunner$2.evaluate(ParentRunner.java:293)
	at org.junit.runners.ParentRunner$3.evaluate(ParentRunner.java:306)
	at org.junit.runners.ParentRunner.run(ParentRunner.java:413)
	at org.apache.maven.surefire.junitcore.JUnitCore.run(JUnitCore.java:55)
	at org.apache.maven.surefire.junitcore.JUnitCoreWrapper.createRequestAndRun(JUnitCoreWrapper.java:137)
	at org.apache.maven.surefire.junitcore.JUnitCoreWrapper.executeEager(JUnitCoreWrapper.java:107)
	at org.apache.maven.surefire.junitcore.JUnitCoreWrapper.execute(JUnitCoreWrapper.java:83)
	at org.apache.maven.surefire.junitcore.JUnitCoreWrapper.execute(JUnitCoreWrapper.java:75)
	at org.apache.maven.surefire.junitcore.JUnitCoreProvider.invoke(JUnitCoreProvider.java:158)
	at org.apache.maven.surefire.booter.ForkedBooter.runSuitesInProcess(ForkedBooter.java:377)
	at org.apache.maven.surefire.booter.ForkedBooter.execute(ForkedBooter.java:138)
	at org.apache.maven.surefire.booter.ForkedBooter.run(ForkedBooter.java:465)
	at org.apache.maven.surefire.booter.ForkedBooter.main(ForkedBooter.java:451)
NestedThrowablesStackTrace:
java.sql.BatchUpdateException: DELETE on table 'DBS' caused a violation of foreign key constraint 'TBLS_FK1' for key (3).  The statement has been rolled back.
	at org.apache.derby.impl.jdbc.EmbedStatement.executeLargeBatch(Unknown Source)
	at org.apache.derby.impl.jdbc.EmbedStatement.executeBatch(Unknown Source)
	at com.zaxxer.hikari.pool.ProxyStatement.executeBatch(ProxyStatement.java:128)
	at com.zaxxer.hikari.pool.HikariProxyPreparedStatement.executeBatch(HikariProxyPreparedStatement.java)
	at org.datanucleus.store.rdbms.ParamLoggingPreparedStatement.executeBatch(ParamLoggingPreparedStatement.java:366)
	at org.datanucleus.store.rdbms.SQLController.processConnectionStatement(SQLController.java:675)
	at org.datanucleus.store.rdbms.SQLController.processStatementsForConnection(SQLController.java:643)
	at org.datanucleus.store.rdbms.SQLController$1.transactionFlushed(SQLController.java:729)
	at org.datanucleus.store.connection.AbstractManagedConnection.transactionFlushed(AbstractManagedConnection.java:95)
	at org.datanucleus.store.connection.ConnectionManagerImpl$2.transactionFlushed(ConnectionManagerImpl.java:528)
	at org.datanucleus.TransactionImpl.flush(TransactionImpl.java:222)
	at org.datanucleus.TransactionImpl.commit(TransactionImpl.java:286)
	at org.datanucleus.api.jdo.JDOTransaction.commit(JDOTransaction.java:99)
	at org.apache.hadoop.hive.metastore.ObjectStore.commitTransaction(ObjectStore.java:615)
	at sun.reflect.GeneratedMethodAccessor31.invoke(Unknown Source)
	at sun.reflect.DelegatingMethodAccessorImpl.invoke(DelegatingMethodAccessorImpl.java:43)
	at java.lang.reflect.Method.invoke(Method.java:498)
	at org.apache.hadoop.hive.metastore.RawStoreProxy.invoke(RawStoreProxy.java:97)
	at com.sun.proxy.$Proxy32.commitTransaction(Unknown Source)
	at org.apache.hadoop.hive.metastore.HMSHandler.drop_database_core(HMSHandler.java:1790)
	at org.apache.hadoop.hive.metastore.HMSHandler.drop_database(HMSHandler.java:1869)
	at sun.reflect.GeneratedMethodAccessor54.invoke(Unknown Source)
	at sun.reflect.DelegatingMethodAccessorImpl.invoke(DelegatingMethodAccessorImpl.java:43)
	at java.lang.reflect.Method.invoke(Method.java:498)
	at org.apache.hadoop.hive.metastore.RetryingHMSHandler.invokeInternal(RetryingHMSHandler.java:147)
	at org.apache.hadoop.hive.metastore.RetryingHMSHandler.invoke(RetryingHMSHandler.java:108)
	at com.sun.proxy.$Proxy35.drop_database(Unknown Source)
	at org.apache.hadoop.hive.metastore.HiveMetaStoreClient.dropDatabaseCascadePerDb(HiveMetaStoreClient.java:1601)
	at org.apache.hadoop.hive.metastore.HiveMetaStoreClient.dropDatabase(HiveMetaStoreClient.java:1532)
	at org.apache.hadoop.hive.metastore.HiveMetaStoreClient.dropDatabase(HiveMetaStoreClient.java:1485)
	at sun.reflect.NativeMethodAccessorImpl.invoke0(Native Method)
	at sun.reflect.NativeMethodAccessorImpl.invoke(NativeMethodAccessorImpl.java:62)
	at sun.reflect.DelegatingMethodAccessorImpl.invoke(DelegatingMethodAccessorImpl.java:43)
	at java.lang.reflect.Method.invoke(Method.java:498)
	at org.apache.hadoop.hive.metastore.RetryingMetaStoreClient.invoke(RetryingMetaStoreClient.java:218)
	at com.sun.proxy.$Proxy45.dropDatabase(Unknown Source)
	at org.apache.hadoop.hive.ql.metadata.Hive.dropDatabase(Hive.java:662)
	at org.apache.hadoop.hive.ql.ddl.database.drop.DropDatabaseOperation.execute(DropDatabaseOperation.java:52)
	at org.apache.hadoop.hive.ql.ddl.DDLTask.execute(DDLTask.java:84)
	at org.apache.hadoop.hive.ql.exec.Task.executeTask(Task.java:212)
	at org.apache.hadoop.hive.ql.exec.TaskRunner.runSequential(TaskRunner.java:105)
	at org.apache.hadoop.hive.ql.Executor.launchTask(Executor.java:361)
	at org.apache.hadoop.hive.ql.Executor.launchTasks(Executor.java:334)
	at org.apache.hadoop.hive.ql.Executor.runTasks(Executor.java:245)
	at org.apache.hadoop.hive.ql.Executor.execute(Executor.java:108)
	at org.apache.hadoop.hive.ql.Driver.execute(Driver.java:348)
	at org.apache.hadoop.hive.ql.Driver.runInternal(Driver.java:204)
	at org.apache.hadoop.hive.ql.Driver.run(Driver.java:153)
	at org.apache.hadoop.hive.ql.Driver.run(Driver.java:148)
	at org.apache.hadoop.hive.ql.reexec.ReExecDriver.run(ReExecDriver.java:164)
	at org.apache.hadoop.hive.ql.reexec.ReExecDriver.run(ReExecDriver.java:230)
	at org.apache.hive.hcatalog.pig.AbstractHCatLoaderTest.executeStatementOnDriver(AbstractHCatLoaderTest.java:151)
	at org.apache.hive.hcatalog.pig.AbstractHCatLoaderTest.tearDown(AbstractHCatLoaderTest.java:239)
	at sun.reflect.NativeMethodAccessorImpl.invoke0(Native Method)
	at sun.reflect.NativeMethodAccessorImpl.invoke(NativeMethodAccessorImpl.java:62)
	at sun.reflect.DelegatingMethodAccessorImpl.invoke(DelegatingMethodAccessorImpl.java:43)
	at java.lang.reflect.Method.invoke(Method.java:498)
	at org.junit.runners.model.FrameworkMethod$1.runReflectiveCall(FrameworkMethod.java:59)
	at org.junit.internal.runners.model.ReflectiveCallable.run(ReflectiveCallable.java:12)
	at org.junit.runners.model.FrameworkMethod.invokeExplosively(FrameworkMethod.java:56)
	at org.junit.internal.runners.statements.RunAfters.invokeMethod(RunAfters.java:46)
	at org.junit.internal.runners.statements.RunAfters.evaluate(RunAfters.java:33)
	at org.junit.runners.ParentRunner$3.evaluate(ParentRunner.java:306)
	at org.junit.runners.BlockJUnit4ClassRunner$1.evaluate(BlockJUnit4ClassRunner.java:100)
	at org.junit.runners.ParentRunner.runLeaf(ParentRunner.java:366)
	at org.junit.runners.BlockJUnit4ClassRunner.runChild(BlockJUnit4ClassRunner.java:103)
	at org.junit.runners.BlockJUnit4ClassRunner.runChild(BlockJUnit4ClassRunner.java:63)
	at org.junit.runners.ParentRunner$4.run(ParentRunner.java:331)
	at org.junit.runners.ParentRunner$1.schedule(ParentRunner.java:79)
	at org.junit.runners.ParentRunner.runChildren(ParentRunner.java:329)
	at org.junit.runners.ParentRunner.access$100(ParentRunner.java:66)
	at org.junit.runners.ParentRunner$2.evaluate(ParentRunner.java:293)
	at org.junit.internal.runners.statements.RunBefores.evaluate(RunBefores.java:26)
	at org.junit.runners.ParentRunner$3.evaluate(ParentRunner.java:306)
	at org.junit.runners.ParentRunner.run(ParentRunner.java:413)
	at org.junit.runners.Suite.runChild(Suite.java:128)
	at org.junit.runners.Suite.runChild(Suite.java:27)
	at org.junit.runners.ParentRunner$4.run(ParentRunner.java:331)
	at org.junit.runners.ParentRunner$1.schedule(ParentRunner.java:79)
	at org.junit.runners.ParentRunner.runChildren(ParentRunner.java:329)
	at org.junit.runners.ParentRunner.access$100(ParentRunner.java:66)
	at org.junit.runners.ParentRunner$2.evaluate(ParentRunner.java:293)
	at org.junit.runners.ParentRunner$3.evaluate(ParentRunner.java:306)
	at org.junit.runners.ParentRunner.run(ParentRunner.java:413)
	at org.apache.maven.surefire.junitcore.JUnitCore.run(JUnitCore.java:55)
	at org.apache.maven.surefire.junitcore.JUnitCoreWrapper.createRequestAndRun(JUnitCoreWrapper.java:137)
	at org.apache.maven.surefire.junitcore.JUnitCoreWrapper.executeEager(JUnitCoreWrapper.java:107)
	at org.apache.maven.surefire.junitcore.JUnitCoreWrapper.execute(JUnitCoreWrapper.java:83)
	at org.apache.maven.surefire.junitcore.JUnitCoreWrapper.execute(JUnitCoreWrapper.java:75)
	at org.apache.maven.surefire.junitcore.JUnitCoreProvider.invoke(JUnitCoreProvider.java:158)
	at org.apache.maven.surefire.booter.ForkedBooter.runSuitesInProcess(ForkedBooter.java:377)
	at org.apache.maven.surefire.booter.ForkedBooter.execute(ForkedBooter.java:138)
	at org.apache.maven.surefire.booter.ForkedBooter.run(ForkedBooter.java:465)
	at org.apache.maven.surefire.booter.ForkedBooter.main(ForkedBooter.java:451)
Caused by: org.apache.derby.shared.common.error.DerbySQLIntegrityConstraintViolationException: DELETE on table 'DBS' caused a violation of foreign key constraint 'TBLS_FK1' for key (3).  The statement has been rolled back.
	at org.apache.derby.impl.jdbc.SQLExceptionFactory.getSQLException(Unknown Source)
	at org.apache.derby.impl.jdbc.Util.generateCsSQLException(Unknown Source)
	at org.apache.derby.impl.jdbc.TransactionResourceImpl.wrapInSQLException(Unknown Source)
	at org.apache.derby.impl.jdbc.TransactionResourceImpl.handleException(Unknown Source)
	at org.apache.derby.impl.jdbc.EmbedConnection.handleException(Unknown Source)
	at org.apache.derby.impl.jdbc.ConnectionChild.handleException(Unknown Source)
	at org.apache.derby.impl.jdbc.EmbedStatement.executeStatement(Unknown Source)
	at org.apache.derby.impl.jdbc.EmbedPreparedStatement.executeBatchElement(Unknown Source)
	... 94 more
Caused by: ERROR 23503: DELETE on table 'DBS' caused a violation of foreign key constraint 'TBLS_FK1' for key (3).  The statement has been rolled back.
	at org.apache.derby.iapi.error.StandardException.newException(Unknown Source)
	at org.apache.derby.iapi.error.StandardException.newException(Unknown Source)
	at org.apache.derby.impl.sql.execute.ReferencedKeyRIChecker.doCheck(Unknown Source)
	at org.apache.derby.impl.sql.execute.RISetChecker.doPKCheck(Unknown Source)
	at org.apache.derby.impl.sql.execute.DeleteResultSet.collectAffectedRows(Unknown Source)
	at org.apache.derby.impl.sql.execute.DeleteResultSet.open(Unknown Source)
	at org.apache.derby.impl.sql.GenericPreparedStatement.executeStmt(Unknown Source)
	at org.apache.derby.impl.sql.GenericPreparedStatement.execute(Unknown Source)
	... 96 more

2024-04-24T11:28:39,122  INFO [main] HiveMetaStore.audit: ugi=alex	ip=unknown-ip-addr	cmd=drop_database: @hive#junit_specific_db	
2024-04-24T11:28:39,124  INFO [main] HiveMetaStore.audit: ugi=alex	ip=unknown-ip-addr	cmd=get_all_tables: db=@hive#junit_specific_db	
2024-04-24T11:28:39,126  INFO [main] HiveMetaStore.audit: ugi=alex	ip=unknown-ip-addr	cmd=get_functions: db=@hive#junit_specific_db pat=*	
2024-04-24T11:28:39,129  INFO [main] HiveMetaStore.audit: ugi=alex	ip=unknown-ip-addr	cmd=get_all_stored_procedures	
2024-04-24T11:28:39,131  INFO [main] HiveMetaStore.audit: ugi=alex	ip=unknown-ip-addr	cmd=get_all_packages	
2024-04-24T11:28:39,133  INFO [main] HiveMetaStore.audit: ugi=alex	ip=unknown-ip-addr	cmd=getTablesByTypeCore: catName=hive: db=junit_specific_db pat=.*,type=MATERIALIZED_VIEW	
2024-04-24T11:28:39,139  INFO [main] metastore.ObjectStore: Dropping database hive.junit_specific_db along with all tables
2024-04-24T11:28:39,149  INFO [main] txn.TxnHandler: Non-retryable error in cleanupRecords : Table/View 'TXN_COMPONENTS' does not exist. (SQLState=42X05, ErrorCode=20000)
2024-04-24T11:28:39,149  WARN [main] txn.TxnHandler: Cannot perform cleanup since metastore table does not exist
2024-04-24T11:28:39,151 ERROR [main] metastore.RetryingHMSHandler: Retrying HMSHandler after 2000 ms (attempt 2 of 10) with error: javax.jdo.JDODataStoreException: Exception thrown flushing changes to datastore
	at org.datanucleus.api.jdo.NucleusJDOHelper.getJDOExceptionForNucleusException(NucleusJDOHelper.java:542)
	at org.datanucleus.api.jdo.JDOTransaction.commit(JDOTransaction.java:162)
	at org.apache.hadoop.hive.metastore.ObjectStore.commitTransaction(ObjectStore.java:615)
	at sun.reflect.GeneratedMethodAccessor31.invoke(Unknown Source)
	at sun.reflect.DelegatingMethodAccessorImpl.invoke(DelegatingMethodAccessorImpl.java:43)
	at java.lang.reflect.Method.invoke(Method.java:498)
	at org.apache.hadoop.hive.metastore.RawStoreProxy.invoke(RawStoreProxy.java:97)
	at com.sun.proxy.$Proxy32.commitTransaction(Unknown Source)
	at org.apache.hadoop.hive.metastore.HMSHandler.drop_database_core(HMSHandler.java:1790)
	at org.apache.hadoop.hive.metastore.HMSHandler.drop_database(HMSHandler.java:1869)
	at sun.reflect.GeneratedMethodAccessor54.invoke(Unknown Source)
	at sun.reflect.DelegatingMethodAccessorImpl.invoke(DelegatingMethodAccessorImpl.java:43)
	at java.lang.reflect.Method.invoke(Method.java:498)
	at org.apache.hadoop.hive.metastore.RetryingHMSHandler.invokeInternal(RetryingHMSHandler.java:147)
	at org.apache.hadoop.hive.metastore.RetryingHMSHandler.invoke(RetryingHMSHandler.java:108)
	at com.sun.proxy.$Proxy35.drop_database(Unknown Source)
	at org.apache.hadoop.hive.metastore.HiveMetaStoreClient.dropDatabaseCascadePerDb(HiveMetaStoreClient.java:1601)
	at org.apache.hadoop.hive.metastore.HiveMetaStoreClient.dropDatabase(HiveMetaStoreClient.java:1532)
	at org.apache.hadoop.hive.metastore.HiveMetaStoreClient.dropDatabase(HiveMetaStoreClient.java:1485)
	at sun.reflect.NativeMethodAccessorImpl.invoke0(Native Method)
	at sun.reflect.NativeMethodAccessorImpl.invoke(NativeMethodAccessorImpl.java:62)
	at sun.reflect.DelegatingMethodAccessorImpl.invoke(DelegatingMethodAccessorImpl.java:43)
	at java.lang.reflect.Method.invoke(Method.java:498)
	at org.apache.hadoop.hive.metastore.RetryingMetaStoreClient.invoke(RetryingMetaStoreClient.java:218)
	at com.sun.proxy.$Proxy45.dropDatabase(Unknown Source)
	at org.apache.hadoop.hive.ql.metadata.Hive.dropDatabase(Hive.java:662)
	at org.apache.hadoop.hive.ql.ddl.database.drop.DropDatabaseOperation.execute(DropDatabaseOperation.java:52)
	at org.apache.hadoop.hive.ql.ddl.DDLTask.execute(DDLTask.java:84)
	at org.apache.hadoop.hive.ql.exec.Task.executeTask(Task.java:212)
	at org.apache.hadoop.hive.ql.exec.TaskRunner.runSequential(TaskRunner.java:105)
	at org.apache.hadoop.hive.ql.Executor.launchTask(Executor.java:361)
	at org.apache.hadoop.hive.ql.Executor.launchTasks(Executor.java:334)
	at org.apache.hadoop.hive.ql.Executor.runTasks(Executor.java:245)
	at org.apache.hadoop.hive.ql.Executor.execute(Executor.java:108)
	at org.apache.hadoop.hive.ql.Driver.execute(Driver.java:348)
	at org.apache.hadoop.hive.ql.Driver.runInternal(Driver.java:204)
	at org.apache.hadoop.hive.ql.Driver.run(Driver.java:153)
	at org.apache.hadoop.hive.ql.Driver.run(Driver.java:148)
	at org.apache.hadoop.hive.ql.reexec.ReExecDriver.run(ReExecDriver.java:164)
	at org.apache.hadoop.hive.ql.reexec.ReExecDriver.run(ReExecDriver.java:230)
	at org.apache.hive.hcatalog.pig.AbstractHCatLoaderTest.executeStatementOnDriver(AbstractHCatLoaderTest.java:151)
	at org.apache.hive.hcatalog.pig.AbstractHCatLoaderTest.tearDown(AbstractHCatLoaderTest.java:239)
	at sun.reflect.NativeMethodAccessorImpl.invoke0(Native Method)
	at sun.reflect.NativeMethodAccessorImpl.invoke(NativeMethodAccessorImpl.java:62)
	at sun.reflect.DelegatingMethodAccessorImpl.invoke(DelegatingMethodAccessorImpl.java:43)
	at java.lang.reflect.Method.invoke(Method.java:498)
	at org.junit.runners.model.FrameworkMethod$1.runReflectiveCall(FrameworkMethod.java:59)
	at org.junit.internal.runners.model.ReflectiveCallable.run(ReflectiveCallable.java:12)
	at org.junit.runners.model.FrameworkMethod.invokeExplosively(FrameworkMethod.java:56)
	at org.junit.internal.runners.statements.RunAfters.invokeMethod(RunAfters.java:46)
	at org.junit.internal.runners.statements.RunAfters.evaluate(RunAfters.java:33)
	at org.junit.runners.ParentRunner$3.evaluate(ParentRunner.java:306)
	at org.junit.runners.BlockJUnit4ClassRunner$1.evaluate(BlockJUnit4ClassRunner.java:100)
	at org.junit.runners.ParentRunner.runLeaf(ParentRunner.java:366)
	at org.junit.runners.BlockJUnit4ClassRunner.runChild(BlockJUnit4ClassRunner.java:103)
	at org.junit.runners.BlockJUnit4ClassRunner.runChild(BlockJUnit4ClassRunner.java:63)
	at org.junit.runners.ParentRunner$4.run(ParentRunner.java:331)
	at org.junit.runners.ParentRunner$1.schedule(ParentRunner.java:79)
	at org.junit.runners.ParentRunner.runChildren(ParentRunner.java:329)
	at org.junit.runners.ParentRunner.access$100(ParentRunner.java:66)
	at org.junit.runners.ParentRunner$2.evaluate(ParentRunner.java:293)
	at org.junit.internal.runners.statements.RunBefores.evaluate(RunBefores.java:26)
	at org.junit.runners.ParentRunner$3.evaluate(ParentRunner.java:306)
	at org.junit.runners.ParentRunner.run(ParentRunner.java:413)
	at org.junit.runners.Suite.runChild(Suite.java:128)
	at org.junit.runners.Suite.runChild(Suite.java:27)
	at org.junit.runners.ParentRunner$4.run(ParentRunner.java:331)
	at org.junit.runners.ParentRunner$1.schedule(ParentRunner.java:79)
	at org.junit.runners.ParentRunner.runChildren(ParentRunner.java:329)
	at org.junit.runners.ParentRunner.access$100(ParentRunner.java:66)
	at org.junit.runners.ParentRunner$2.evaluate(ParentRunner.java:293)
	at org.junit.runners.ParentRunner$3.evaluate(ParentRunner.java:306)
	at org.junit.runners.ParentRunner.run(ParentRunner.java:413)
	at org.apache.maven.surefire.junitcore.JUnitCore.run(JUnitCore.java:55)
	at org.apache.maven.surefire.junitcore.JUnitCoreWrapper.createRequestAndRun(JUnitCoreWrapper.java:137)
	at org.apache.maven.surefire.junitcore.JUnitCoreWrapper.executeEager(JUnitCoreWrapper.java:107)
	at org.apache.maven.surefire.junitcore.JUnitCoreWrapper.execute(JUnitCoreWrapper.java:83)
	at org.apache.maven.surefire.junitcore.JUnitCoreWrapper.execute(JUnitCoreWrapper.java:75)
	at org.apache.maven.surefire.junitcore.JUnitCoreProvider.invoke(JUnitCoreProvider.java:158)
	at org.apache.maven.surefire.booter.ForkedBooter.runSuitesInProcess(ForkedBooter.java:377)
	at org.apache.maven.surefire.booter.ForkedBooter.execute(ForkedBooter.java:138)
	at org.apache.maven.surefire.booter.ForkedBooter.run(ForkedBooter.java:465)
	at org.apache.maven.surefire.booter.ForkedBooter.main(ForkedBooter.java:451)
NestedThrowablesStackTrace:
java.sql.BatchUpdateException: DELETE on table 'DBS' caused a violation of foreign key constraint 'TBLS_FK1' for key (3).  The statement has been rolled back.
	at org.apache.derby.impl.jdbc.EmbedStatement.executeLargeBatch(Unknown Source)
	at org.apache.derby.impl.jdbc.EmbedStatement.executeBatch(Unknown Source)
	at com.zaxxer.hikari.pool.ProxyStatement.executeBatch(ProxyStatement.java:128)
	at com.zaxxer.hikari.pool.HikariProxyPreparedStatement.executeBatch(HikariProxyPreparedStatement.java)
	at org.datanucleus.store.rdbms.ParamLoggingPreparedStatement.executeBatch(ParamLoggingPreparedStatement.java:366)
	at org.datanucleus.store.rdbms.SQLController.processConnectionStatement(SQLController.java:675)
	at org.datanucleus.store.rdbms.SQLController.processStatementsForConnection(SQLController.java:643)
	at org.datanucleus.store.rdbms.SQLController$1.transactionFlushed(SQLController.java:729)
	at org.datanucleus.store.connection.AbstractManagedConnection.transactionFlushed(AbstractManagedConnection.java:95)
	at org.datanucleus.store.connection.ConnectionManagerImpl$2.transactionFlushed(ConnectionManagerImpl.java:528)
	at org.datanucleus.TransactionImpl.flush(TransactionImpl.java:222)
	at org.datanucleus.TransactionImpl.commit(TransactionImpl.java:286)
	at org.datanucleus.api.jdo.JDOTransaction.commit(JDOTransaction.java:99)
	at org.apache.hadoop.hive.metastore.ObjectStore.commitTransaction(ObjectStore.java:615)
	at sun.reflect.GeneratedMethodAccessor31.invoke(Unknown Source)
	at sun.reflect.DelegatingMethodAccessorImpl.invoke(DelegatingMethodAccessorImpl.java:43)
	at java.lang.reflect.Method.invoke(Method.java:498)
	at org.apache.hadoop.hive.metastore.RawStoreProxy.invoke(RawStoreProxy.java:97)
	at com.sun.proxy.$Proxy32.commitTransaction(Unknown Source)
	at org.apache.hadoop.hive.metastore.HMSHandler.drop_database_core(HMSHandler.java:1790)
	at org.apache.hadoop.hive.metastore.HMSHandler.drop_database(HMSHandler.java:1869)
	at sun.reflect.GeneratedMethodAccessor54.invoke(Unknown Source)
	at sun.reflect.DelegatingMethodAccessorImpl.invoke(DelegatingMethodAccessorImpl.java:43)
	at java.lang.reflect.Method.invoke(Method.java:498)
	at org.apache.hadoop.hive.metastore.RetryingHMSHandler.invokeInternal(RetryingHMSHandler.java:147)
	at org.apache.hadoop.hive.metastore.RetryingHMSHandler.invoke(RetryingHMSHandler.java:108)
	at com.sun.proxy.$Proxy35.drop_database(Unknown Source)
	at org.apache.hadoop.hive.metastore.HiveMetaStoreClient.dropDatabaseCascadePerDb(HiveMetaStoreClient.java:1601)
	at org.apache.hadoop.hive.metastore.HiveMetaStoreClient.dropDatabase(HiveMetaStoreClient.java:1532)
	at org.apache.hadoop.hive.metastore.HiveMetaStoreClient.dropDatabase(HiveMetaStoreClient.java:1485)
	at sun.reflect.NativeMethodAccessorImpl.invoke0(Native Method)
	at sun.reflect.NativeMethodAccessorImpl.invoke(NativeMethodAccessorImpl.java:62)
	at sun.reflect.DelegatingMethodAccessorImpl.invoke(DelegatingMethodAccessorImpl.java:43)
	at java.lang.reflect.Method.invoke(Method.java:498)
	at org.apache.hadoop.hive.metastore.RetryingMetaStoreClient.invoke(RetryingMetaStoreClient.java:218)
	at com.sun.proxy.$Proxy45.dropDatabase(Unknown Source)
	at org.apache.hadoop.hive.ql.metadata.Hive.dropDatabase(Hive.java:662)
	at org.apache.hadoop.hive.ql.ddl.database.drop.DropDatabaseOperation.execute(DropDatabaseOperation.java:52)
	at org.apache.hadoop.hive.ql.ddl.DDLTask.execute(DDLTask.java:84)
	at org.apache.hadoop.hive.ql.exec.Task.executeTask(Task.java:212)
	at org.apache.hadoop.hive.ql.exec.TaskRunner.runSequential(TaskRunner.java:105)
	at org.apache.hadoop.hive.ql.Executor.launchTask(Executor.java:361)
	at org.apache.hadoop.hive.ql.Executor.launchTasks(Executor.java:334)
	at org.apache.hadoop.hive.ql.Executor.runTasks(Executor.java:245)
	at org.apache.hadoop.hive.ql.Executor.execute(Executor.java:108)
	at org.apache.hadoop.hive.ql.Driver.execute(Driver.java:348)
	at org.apache.hadoop.hive.ql.Driver.runInternal(Driver.java:204)
	at org.apache.hadoop.hive.ql.Driver.run(Driver.java:153)
	at org.apache.hadoop.hive.ql.Driver.run(Driver.java:148)
	at org.apache.hadoop.hive.ql.reexec.ReExecDriver.run(ReExecDriver.java:164)
	at org.apache.hadoop.hive.ql.reexec.ReExecDriver.run(ReExecDriver.java:230)
	at org.apache.hive.hcatalog.pig.AbstractHCatLoaderTest.executeStatementOnDriver(AbstractHCatLoaderTest.java:151)
	at org.apache.hive.hcatalog.pig.AbstractHCatLoaderTest.tearDown(AbstractHCatLoaderTest.java:239)
	at sun.reflect.NativeMethodAccessorImpl.invoke0(Native Method)
	at sun.reflect.NativeMethodAccessorImpl.invoke(NativeMethodAccessorImpl.java:62)
	at sun.reflect.DelegatingMethodAccessorImpl.invoke(DelegatingMethodAccessorImpl.java:43)
	at java.lang.reflect.Method.invoke(Method.java:498)
	at org.junit.runners.model.FrameworkMethod$1.runReflectiveCall(FrameworkMethod.java:59)
	at org.junit.internal.runners.model.ReflectiveCallable.run(ReflectiveCallable.java:12)
	at org.junit.runners.model.FrameworkMethod.invokeExplosively(FrameworkMethod.java:56)
	at org.junit.internal.runners.statements.RunAfters.invokeMethod(RunAfters.java:46)
	at org.junit.internal.runners.statements.RunAfters.evaluate(RunAfters.java:33)
	at org.junit.runners.ParentRunner$3.evaluate(ParentRunner.java:306)
	at org.junit.runners.BlockJUnit4ClassRunner$1.evaluate(BlockJUnit4ClassRunner.java:100)
	at org.junit.runners.ParentRunner.runLeaf(ParentRunner.java:366)
	at org.junit.runners.BlockJUnit4ClassRunner.runChild(BlockJUnit4ClassRunner.java:103)
	at org.junit.runners.BlockJUnit4ClassRunner.runChild(BlockJUnit4ClassRunner.java:63)
	at org.junit.runners.ParentRunner$4.run(ParentRunner.java:331)
	at org.junit.runners.ParentRunner$1.schedule(ParentRunner.java:79)
	at org.junit.runners.ParentRunner.runChildren(ParentRunner.java:329)
	at org.junit.runners.ParentRunner.access$100(ParentRunner.java:66)
	at org.junit.runners.ParentRunner$2.evaluate(ParentRunner.java:293)
	at org.junit.internal.runners.statements.RunBefores.evaluate(RunBefores.java:26)
	at org.junit.runners.ParentRunner$3.evaluate(ParentRunner.java:306)
	at org.junit.runners.ParentRunner.run(ParentRunner.java:413)
	at org.junit.runners.Suite.runChild(Suite.java:128)
	at org.junit.runners.Suite.runChild(Suite.java:27)
	at org.junit.runners.ParentRunner$4.run(ParentRunner.java:331)
	at org.junit.runners.ParentRunner$1.schedule(ParentRunner.java:79)
	at org.junit.runners.ParentRunner.runChildren(ParentRunner.java:329)
	at org.junit.runners.ParentRunner.access$100(ParentRunner.java:66)
	at org.junit.runners.ParentRunner$2.evaluate(ParentRunner.java:293)
	at org.junit.runners.ParentRunner$3.evaluate(ParentRunner.java:306)
	at org.junit.runners.ParentRunner.run(ParentRunner.java:413)
	at org.apache.maven.surefire.junitcore.JUnitCore.run(JUnitCore.java:55)
	at org.apache.maven.surefire.junitcore.JUnitCoreWrapper.createRequestAndRun(JUnitCoreWrapper.java:137)
	at org.apache.maven.surefire.junitcore.JUnitCoreWrapper.executeEager(JUnitCoreWrapper.java:107)
	at org.apache.maven.surefire.junitcore.JUnitCoreWrapper.execute(JUnitCoreWrapper.java:83)
	at org.apache.maven.surefire.junitcore.JUnitCoreWrapper.execute(JUnitCoreWrapper.java:75)
	at org.apache.maven.surefire.junitcore.JUnitCoreProvider.invoke(JUnitCoreProvider.java:158)
	at org.apache.maven.surefire.booter.ForkedBooter.runSuitesInProcess(ForkedBooter.java:377)
	at org.apache.maven.surefire.booter.ForkedBooter.execute(ForkedBooter.java:138)
	at org.apache.maven.surefire.booter.ForkedBooter.run(ForkedBooter.java:465)
	at org.apache.maven.surefire.booter.ForkedBooter.main(ForkedBooter.java:451)
Caused by: org.apache.derby.shared.common.error.DerbySQLIntegrityConstraintViolationException: DELETE on table 'DBS' caused a violation of foreign key constraint 'TBLS_FK1' for key (3).  The statement has been rolled back.
	at org.apache.derby.impl.jdbc.SQLExceptionFactory.getSQLException(Unknown Source)
	at org.apache.derby.impl.jdbc.Util.generateCsSQLException(Unknown Source)
	at org.apache.derby.impl.jdbc.TransactionResourceImpl.wrapInSQLException(Unknown Source)
	at org.apache.derby.impl.jdbc.TransactionResourceImpl.handleException(Unknown Source)
	at org.apache.derby.impl.jdbc.EmbedConnection.handleException(Unknown Source)
	at org.apache.derby.impl.jdbc.ConnectionChild.handleException(Unknown Source)
	at org.apache.derby.impl.jdbc.EmbedStatement.executeStatement(Unknown Source)
	at org.apache.derby.impl.jdbc.EmbedPreparedStatement.executeBatchElement(Unknown Source)
	... 94 more
Caused by: ERROR 23503: DELETE on table 'DBS' caused a violation of foreign key constraint 'TBLS_FK1' for key (3).  The statement has been rolled back.
	at org.apache.derby.iapi.error.StandardException.newException(Unknown Source)
	at org.apache.derby.iapi.error.StandardException.newException(Unknown Source)
	at org.apache.derby.impl.sql.execute.ReferencedKeyRIChecker.doCheck(Unknown Source)
	at org.apache.derby.impl.sql.execute.RISetChecker.doPKCheck(Unknown Source)
	at org.apache.derby.impl.sql.execute.DeleteResultSet.collectAffectedRows(Unknown Source)
	at org.apache.derby.impl.sql.execute.DeleteResultSet.open(Unknown Source)
	at org.apache.derby.impl.sql.GenericPreparedStatement.executeStmt(Unknown Source)
	at org.apache.derby.impl.sql.GenericPreparedStatement.execute(Unknown Source)
	... 96 more

2024-04-24T11:28:41,152  INFO [main] HiveMetaStore.audit: ugi=alex	ip=unknown-ip-addr	cmd=drop_database: @hive#junit_specific_db	
2024-04-24T11:28:41,157  INFO [main] HiveMetaStore.audit: ugi=alex	ip=unknown-ip-addr	cmd=get_all_tables: db=@hive#junit_specific_db	
2024-04-24T11:28:41,158  INFO [main] HiveMetaStore.audit: ugi=alex	ip=unknown-ip-addr	cmd=get_functions: db=@hive#junit_specific_db pat=*	
2024-04-24T11:28:41,160  INFO [main] HiveMetaStore.audit: ugi=alex	ip=unknown-ip-addr	cmd=get_all_stored_procedures	
2024-04-24T11:28:41,161  INFO [main] HiveMetaStore.audit: ugi=alex	ip=unknown-ip-addr	cmd=get_all_packages	
2024-04-24T11:28:41,162  INFO [main] HiveMetaStore.audit: ugi=alex	ip=unknown-ip-addr	cmd=getTablesByTypeCore: catName=hive: db=junit_specific_db pat=.*,type=MATERIALIZED_VIEW	
2024-04-24T11:28:41,166  INFO [main] metastore.ObjectStore: Dropping database hive.junit_specific_db along with all tables
2024-04-24T11:28:41,173  INFO [main] txn.TxnHandler: Non-retryable error in cleanupRecords : Table/View 'TXN_COMPONENTS' does not exist. (SQLState=42X05, ErrorCode=20000)
2024-04-24T11:28:41,173  WARN [main] txn.TxnHandler: Cannot perform cleanup since metastore table does not exist
2024-04-24T11:28:41,174 ERROR [main] metastore.RetryingHMSHandler: Retrying HMSHandler after 2000 ms (attempt 3 of 10) with error: javax.jdo.JDODataStoreException: Exception thrown flushing changes to datastore
	at org.datanucleus.api.jdo.NucleusJDOHelper.getJDOExceptionForNucleusException(NucleusJDOHelper.java:542)
	at org.datanucleus.api.jdo.JDOTransaction.commit(JDOTransaction.java:162)
	at org.apache.hadoop.hive.metastore.ObjectStore.commitTransaction(ObjectStore.java:615)
	at sun.reflect.GeneratedMethodAccessor31.invoke(Unknown Source)
	at sun.reflect.DelegatingMethodAccessorImpl.invoke(DelegatingMethodAccessorImpl.java:43)
	at java.lang.reflect.Method.invoke(Method.java:498)
	at org.apache.hadoop.hive.metastore.RawStoreProxy.invoke(RawStoreProxy.java:97)
	at com.sun.proxy.$Proxy32.commitTransaction(Unknown Source)
	at org.apache.hadoop.hive.metastore.HMSHandler.drop_database_core(HMSHandler.java:1790)
	at org.apache.hadoop.hive.metastore.HMSHandler.drop_database(HMSHandler.java:1869)
	at sun.reflect.GeneratedMethodAccessor54.invoke(Unknown Source)
	at sun.reflect.DelegatingMethodAccessorImpl.invoke(DelegatingMethodAccessorImpl.java:43)
	at java.lang.reflect.Method.invoke(Method.java:498)
	at org.apache.hadoop.hive.metastore.RetryingHMSHandler.invokeInternal(RetryingHMSHandler.java:147)
	at org.apache.hadoop.hive.metastore.RetryingHMSHandler.invoke(RetryingHMSHandler.java:108)
	at com.sun.proxy.$Proxy35.drop_database(Unknown Source)
	at org.apache.hadoop.hive.metastore.HiveMetaStoreClient.dropDatabaseCascadePerDb(HiveMetaStoreClient.java:1601)
	at org.apache.hadoop.hive.metastore.HiveMetaStoreClient.dropDatabase(HiveMetaStoreClient.java:1532)
	at org.apache.hadoop.hive.metastore.HiveMetaStoreClient.dropDatabase(HiveMetaStoreClient.java:1485)
	at sun.reflect.NativeMethodAccessorImpl.invoke0(Native Method)
	at sun.reflect.NativeMethodAccessorImpl.invoke(NativeMethodAccessorImpl.java:62)
	at sun.reflect.DelegatingMethodAccessorImpl.invoke(DelegatingMethodAccessorImpl.java:43)
	at java.lang.reflect.Method.invoke(Method.java:498)
	at org.apache.hadoop.hive.metastore.RetryingMetaStoreClient.invoke(RetryingMetaStoreClient.java:218)
	at com.sun.proxy.$Proxy45.dropDatabase(Unknown Source)
	at org.apache.hadoop.hive.ql.metadata.Hive.dropDatabase(Hive.java:662)
	at org.apache.hadoop.hive.ql.ddl.database.drop.DropDatabaseOperation.execute(DropDatabaseOperation.java:52)
	at org.apache.hadoop.hive.ql.ddl.DDLTask.execute(DDLTask.java:84)
	at org.apache.hadoop.hive.ql.exec.Task.executeTask(Task.java:212)
	at org.apache.hadoop.hive.ql.exec.TaskRunner.runSequential(TaskRunner.java:105)
	at org.apache.hadoop.hive.ql.Executor.launchTask(Executor.java:361)
	at org.apache.hadoop.hive.ql.Executor.launchTasks(Executor.java:334)
	at org.apache.hadoop.hive.ql.Executor.runTasks(Executor.java:245)
	at org.apache.hadoop.hive.ql.Executor.execute(Executor.java:108)
	at org.apache.hadoop.hive.ql.Driver.execute(Driver.java:348)
	at org.apache.hadoop.hive.ql.Driver.runInternal(Driver.java:204)
	at org.apache.hadoop.hive.ql.Driver.run(Driver.java:153)
	at org.apache.hadoop.hive.ql.Driver.run(Driver.java:148)
	at org.apache.hadoop.hive.ql.reexec.ReExecDriver.run(ReExecDriver.java:164)
	at org.apache.hadoop.hive.ql.reexec.ReExecDriver.run(ReExecDriver.java:230)
	at org.apache.hive.hcatalog.pig.AbstractHCatLoaderTest.executeStatementOnDriver(AbstractHCatLoaderTest.java:151)
	at org.apache.hive.hcatalog.pig.AbstractHCatLoaderTest.tearDown(AbstractHCatLoaderTest.java:239)
	at sun.reflect.NativeMethodAccessorImpl.invoke0(Native Method)
	at sun.reflect.NativeMethodAccessorImpl.invoke(NativeMethodAccessorImpl.java:62)
	at sun.reflect.DelegatingMethodAccessorImpl.invoke(DelegatingMethodAccessorImpl.java:43)
	at java.lang.reflect.Method.invoke(Method.java:498)
	at org.junit.runners.model.FrameworkMethod$1.runReflectiveCall(FrameworkMethod.java:59)
	at org.junit.internal.runners.model.ReflectiveCallable.run(ReflectiveCallable.java:12)
	at org.junit.runners.model.FrameworkMethod.invokeExplosively(FrameworkMethod.java:56)
	at org.junit.internal.runners.statements.RunAfters.invokeMethod(RunAfters.java:46)
	at org.junit.internal.runners.statements.RunAfters.evaluate(RunAfters.java:33)
	at org.junit.runners.ParentRunner$3.evaluate(ParentRunner.java:306)
	at org.junit.runners.BlockJUnit4ClassRunner$1.evaluate(BlockJUnit4ClassRunner.java:100)
	at org.junit.runners.ParentRunner.runLeaf(ParentRunner.java:366)
	at org.junit.runners.BlockJUnit4ClassRunner.runChild(BlockJUnit4ClassRunner.java:103)
	at org.junit.runners.BlockJUnit4ClassRunner.runChild(BlockJUnit4ClassRunner.java:63)
	at org.junit.runners.ParentRunner$4.run(ParentRunner.java:331)
	at org.junit.runners.ParentRunner$1.schedule(ParentRunner.java:79)
	at org.junit.runners.ParentRunner.runChildren(ParentRunner.java:329)
	at org.junit.runners.ParentRunner.access$100(ParentRunner.java:66)
	at org.junit.runners.ParentRunner$2.evaluate(ParentRunner.java:293)
	at org.junit.internal.runners.statements.RunBefores.evaluate(RunBefores.java:26)
	at org.junit.runners.ParentRunner$3.evaluate(ParentRunner.java:306)
	at org.junit.runners.ParentRunner.run(ParentRunner.java:413)
	at org.junit.runners.Suite.runChild(Suite.java:128)
	at org.junit.runners.Suite.runChild(Suite.java:27)
	at org.junit.runners.ParentRunner$4.run(ParentRunner.java:331)
	at org.junit.runners.ParentRunner$1.schedule(ParentRunner.java:79)
	at org.junit.runners.ParentRunner.runChildren(ParentRunner.java:329)
	at org.junit.runners.ParentRunner.access$100(ParentRunner.java:66)
	at org.junit.runners.ParentRunner$2.evaluate(ParentRunner.java:293)
	at org.junit.runners.ParentRunner$3.evaluate(ParentRunner.java:306)
	at org.junit.runners.ParentRunner.run(ParentRunner.java:413)
	at org.apache.maven.surefire.junitcore.JUnitCore.run(JUnitCore.java:55)
	at org.apache.maven.surefire.junitcore.JUnitCoreWrapper.createRequestAndRun(JUnitCoreWrapper.java:137)
	at org.apache.maven.surefire.junitcore.JUnitCoreWrapper.executeEager(JUnitCoreWrapper.java:107)
	at org.apache.maven.surefire.junitcore.JUnitCoreWrapper.execute(JUnitCoreWrapper.java:83)
	at org.apache.maven.surefire.junitcore.JUnitCoreWrapper.execute(JUnitCoreWrapper.java:75)
	at org.apache.maven.surefire.junitcore.JUnitCoreProvider.invoke(JUnitCoreProvider.java:158)
	at org.apache.maven.surefire.booter.ForkedBooter.runSuitesInProcess(ForkedBooter.java:377)
	at org.apache.maven.surefire.booter.ForkedBooter.execute(ForkedBooter.java:138)
	at org.apache.maven.surefire.booter.ForkedBooter.run(ForkedBooter.java:465)
	at org.apache.maven.surefire.booter.ForkedBooter.main(ForkedBooter.java:451)
NestedThrowablesStackTrace:
java.sql.BatchUpdateException: DELETE on table 'DBS' caused a violation of foreign key constraint 'TBLS_FK1' for key (3).  The statement has been rolled back.
	at org.apache.derby.impl.jdbc.EmbedStatement.executeLargeBatch(Unknown Source)
	at org.apache.derby.impl.jdbc.EmbedStatement.executeBatch(Unknown Source)
	at com.zaxxer.hikari.pool.ProxyStatement.executeBatch(ProxyStatement.java:128)
	at com.zaxxer.hikari.pool.HikariProxyPreparedStatement.executeBatch(HikariProxyPreparedStatement.java)
	at org.datanucleus.store.rdbms.ParamLoggingPreparedStatement.executeBatch(ParamLoggingPreparedStatement.java:366)
	at org.datanucleus.store.rdbms.SQLController.processConnectionStatement(SQLController.java:675)
	at org.datanucleus.store.rdbms.SQLController.processStatementsForConnection(SQLController.java:643)
	at org.datanucleus.store.rdbms.SQLController$1.transactionFlushed(SQLController.java:729)
	at org.datanucleus.store.connection.AbstractManagedConnection.transactionFlushed(AbstractManagedConnection.java:95)
	at org.datanucleus.store.connection.ConnectionManagerImpl$2.transactionFlushed(ConnectionManagerImpl.java:528)
	at org.datanucleus.TransactionImpl.flush(TransactionImpl.java:222)
	at org.datanucleus.TransactionImpl.commit(TransactionImpl.java:286)
	at org.datanucleus.api.jdo.JDOTransaction.commit(JDOTransaction.java:99)
	at org.apache.hadoop.hive.metastore.ObjectStore.commitTransaction(ObjectStore.java:615)
	at sun.reflect.GeneratedMethodAccessor31.invoke(Unknown Source)
	at sun.reflect.DelegatingMethodAccessorImpl.invoke(DelegatingMethodAccessorImpl.java:43)
	at java.lang.reflect.Method.invoke(Method.java:498)
	at org.apache.hadoop.hive.metastore.RawStoreProxy.invoke(RawStoreProxy.java:97)
	at com.sun.proxy.$Proxy32.commitTransaction(Unknown Source)
	at org.apache.hadoop.hive.metastore.HMSHandler.drop_database_core(HMSHandler.java:1790)
	at org.apache.hadoop.hive.metastore.HMSHandler.drop_database(HMSHandler.java:1869)
	at sun.reflect.GeneratedMethodAccessor54.invoke(Unknown Source)
	at sun.reflect.DelegatingMethodAccessorImpl.invoke(DelegatingMethodAccessorImpl.java:43)
	at java.lang.reflect.Method.invoke(Method.java:498)
	at org.apache.hadoop.hive.metastore.RetryingHMSHandler.invokeInternal(RetryingHMSHandler.java:147)
	at org.apache.hadoop.hive.metastore.RetryingHMSHandler.invoke(RetryingHMSHandler.java:108)
	at com.sun.proxy.$Proxy35.drop_database(Unknown Source)
	at org.apache.hadoop.hive.metastore.HiveMetaStoreClient.dropDatabaseCascadePerDb(HiveMetaStoreClient.java:1601)
	at org.apache.hadoop.hive.metastore.HiveMetaStoreClient.dropDatabase(HiveMetaStoreClient.java:1532)
	at org.apache.hadoop.hive.metastore.HiveMetaStoreClient.dropDatabase(HiveMetaStoreClient.java:1485)
	at sun.reflect.NativeMethodAccessorImpl.invoke0(Native Method)
	at sun.reflect.NativeMethodAccessorImpl.invoke(NativeMethodAccessorImpl.java:62)
	at sun.reflect.DelegatingMethodAccessorImpl.invoke(DelegatingMethodAccessorImpl.java:43)
	at java.lang.reflect.Method.invoke(Method.java:498)
	at org.apache.hadoop.hive.metastore.RetryingMetaStoreClient.invoke(RetryingMetaStoreClient.java:218)
	at com.sun.proxy.$Proxy45.dropDatabase(Unknown Source)
	at org.apache.hadoop.hive.ql.metadata.Hive.dropDatabase(Hive.java:662)
	at org.apache.hadoop.hive.ql.ddl.database.drop.DropDatabaseOperation.execute(DropDatabaseOperation.java:52)
	at org.apache.hadoop.hive.ql.ddl.DDLTask.execute(DDLTask.java:84)
	at org.apache.hadoop.hive.ql.exec.Task.executeTask(Task.java:212)
	at org.apache.hadoop.hive.ql.exec.TaskRunner.runSequential(TaskRunner.java:105)
	at org.apache.hadoop.hive.ql.Executor.launchTask(Executor.java:361)
	at org.apache.hadoop.hive.ql.Executor.launchTasks(Executor.java:334)
	at org.apache.hadoop.hive.ql.Executor.runTasks(Executor.java:245)
	at org.apache.hadoop.hive.ql.Executor.execute(Executor.java:108)
	at org.apache.hadoop.hive.ql.Driver.execute(Driver.java:348)
	at org.apache.hadoop.hive.ql.Driver.runInternal(Driver.java:204)
	at org.apache.hadoop.hive.ql.Driver.run(Driver.java:153)
	at org.apache.hadoop.hive.ql.Driver.run(Driver.java:148)
	at org.apache.hadoop.hive.ql.reexec.ReExecDriver.run(ReExecDriver.java:164)
	at org.apache.hadoop.hive.ql.reexec.ReExecDriver.run(ReExecDriver.java:230)
	at org.apache.hive.hcatalog.pig.AbstractHCatLoaderTest.executeStatementOnDriver(AbstractHCatLoaderTest.java:151)
	at org.apache.hive.hcatalog.pig.AbstractHCatLoaderTest.tearDown(AbstractHCatLoaderTest.java:239)
	at sun.reflect.NativeMethodAccessorImpl.invoke0(Native Method)
	at sun.reflect.NativeMethodAccessorImpl.invoke(NativeMethodAccessorImpl.java:62)
	at sun.reflect.DelegatingMethodAccessorImpl.invoke(DelegatingMethodAccessorImpl.java:43)
	at java.lang.reflect.Method.invoke(Method.java:498)
	at org.junit.runners.model.FrameworkMethod$1.runReflectiveCall(FrameworkMethod.java:59)
	at org.junit.internal.runners.model.ReflectiveCallable.run(ReflectiveCallable.java:12)
	at org.junit.runners.model.FrameworkMethod.invokeExplosively(FrameworkMethod.java:56)
	at org.junit.internal.runners.statements.RunAfters.invokeMethod(RunAfters.java:46)
	at org.junit.internal.runners.statements.RunAfters.evaluate(RunAfters.java:33)
	at org.junit.runners.ParentRunner$3.evaluate(ParentRunner.java:306)
	at org.junit.runners.BlockJUnit4ClassRunner$1.evaluate(BlockJUnit4ClassRunner.java:100)
	at org.junit.runners.ParentRunner.runLeaf(ParentRunner.java:366)
	at org.junit.runners.BlockJUnit4ClassRunner.runChild(BlockJUnit4ClassRunner.java:103)
	at org.junit.runners.BlockJUnit4ClassRunner.runChild(BlockJUnit4ClassRunner.java:63)
	at org.junit.runners.ParentRunner$4.run(ParentRunner.java:331)
	at org.junit.runners.ParentRunner$1.schedule(ParentRunner.java:79)
	at org.junit.runners.ParentRunner.runChildren(ParentRunner.java:329)
	at org.junit.runners.ParentRunner.access$100(ParentRunner.java:66)
	at org.junit.runners.ParentRunner$2.evaluate(ParentRunner.java:293)
	at org.junit.internal.runners.statements.RunBefores.evaluate(RunBefores.java:26)
	at org.junit.runners.ParentRunner$3.evaluate(ParentRunner.java:306)
	at org.junit.runners.ParentRunner.run(ParentRunner.java:413)
	at org.junit.runners.Suite.runChild(Suite.java:128)
	at org.junit.runners.Suite.runChild(Suite.java:27)
	at org.junit.runners.ParentRunner$4.run(ParentRunner.java:331)
	at org.junit.runners.ParentRunner$1.schedule(ParentRunner.java:79)
	at org.junit.runners.ParentRunner.runChildren(ParentRunner.java:329)
	at org.junit.runners.ParentRunner.access$100(ParentRunner.java:66)
	at org.junit.runners.ParentRunner$2.evaluate(ParentRunner.java:293)
	at org.junit.runners.ParentRunner$3.evaluate(ParentRunner.java:306)
	at org.junit.runners.ParentRunner.run(ParentRunner.java:413)
	at org.apache.maven.surefire.junitcore.JUnitCore.run(JUnitCore.java:55)
	at org.apache.maven.surefire.junitcore.JUnitCoreWrapper.createRequestAndRun(JUnitCoreWrapper.java:137)
	at org.apache.maven.surefire.junitcore.JUnitCoreWrapper.executeEager(JUnitCoreWrapper.java:107)
	at org.apache.maven.surefire.junitcore.JUnitCoreWrapper.execute(JUnitCoreWrapper.java:83)
	at org.apache.maven.surefire.junitcore.JUnitCoreWrapper.execute(JUnitCoreWrapper.java:75)
	at org.apache.maven.surefire.junitcore.JUnitCoreProvider.invoke(JUnitCoreProvider.java:158)
	at org.apache.maven.surefire.booter.ForkedBooter.runSuitesInProcess(ForkedBooter.java:377)
	at org.apache.maven.surefire.booter.ForkedBooter.execute(ForkedBooter.java:138)
	at org.apache.maven.surefire.booter.ForkedBooter.run(ForkedBooter.java:465)
	at org.apache.maven.surefire.booter.ForkedBooter.main(ForkedBooter.java:451)
Caused by: org.apache.derby.shared.common.error.DerbySQLIntegrityConstraintViolationException: DELETE on table 'DBS' caused a violation of foreign key constraint 'TBLS_FK1' for key (3).  The statement has been rolled back.
	at org.apache.derby.impl.jdbc.SQLExceptionFactory.getSQLException(Unknown Source)
	at org.apache.derby.impl.jdbc.Util.generateCsSQLException(Unknown Source)
	at org.apache.derby.impl.jdbc.TransactionResourceImpl.wrapInSQLException(Unknown Source)
	at org.apache.derby.impl.jdbc.TransactionResourceImpl.handleException(Unknown Source)
	at org.apache.derby.impl.jdbc.EmbedConnection.handleException(Unknown Source)
	at org.apache.derby.impl.jdbc.ConnectionChild.handleException(Unknown Source)
	at org.apache.derby.impl.jdbc.EmbedStatement.executeStatement(Unknown Source)
	at org.apache.derby.impl.jdbc.EmbedPreparedStatement.executeBatchElement(Unknown Source)
	... 94 more
Caused by: ERROR 23503: DELETE on table 'DBS' caused a violation of foreign key constraint 'TBLS_FK1' for key (3).  The statement has been rolled back.
	at org.apache.derby.iapi.error.StandardException.newException(Unknown Source)
	at org.apache.derby.iapi.error.StandardException.newException(Unknown Source)
	at org.apache.derby.impl.sql.execute.ReferencedKeyRIChecker.doCheck(Unknown Source)
	at org.apache.derby.impl.sql.execute.RISetChecker.doPKCheck(Unknown Source)
	at org.apache.derby.impl.sql.execute.DeleteResultSet.collectAffectedRows(Unknown Source)
	at org.apache.derby.impl.sql.execute.DeleteResultSet.open(Unknown Source)
	at org.apache.derby.impl.sql.GenericPreparedStatement.executeStmt(Unknown Source)
	at org.apache.derby.impl.sql.GenericPreparedStatement.execute(Unknown Source)
	... 96 more

2024-04-24T11:28:43,175  INFO [main] HiveMetaStore.audit: ugi=alex	ip=unknown-ip-addr	cmd=drop_database: @hive#junit_specific_db	
2024-04-24T11:28:43,179  INFO [main] HiveMetaStore.audit: ugi=alex	ip=unknown-ip-addr	cmd=get_all_tables: db=@hive#junit_specific_db	
2024-04-24T11:28:43,180  INFO [main] HiveMetaStore.audit: ugi=alex	ip=unknown-ip-addr	cmd=get_functions: db=@hive#junit_specific_db pat=*	
2024-04-24T11:28:43,182  INFO [main] HiveMetaStore.audit: ugi=alex	ip=unknown-ip-addr	cmd=get_all_stored_procedures	
2024-04-24T11:28:43,184  INFO [main] HiveMetaStore.audit: ugi=alex	ip=unknown-ip-addr	cmd=get_all_packages	
2024-04-24T11:28:43,185  INFO [main] HiveMetaStore.audit: ugi=alex	ip=unknown-ip-addr	cmd=getTablesByTypeCore: catName=hive: db=junit_specific_db pat=.*,type=MATERIALIZED_VIEW	
2024-04-24T11:28:43,190  INFO [main] metastore.ObjectStore: Dropping database hive.junit_specific_db along with all tables
2024-04-24T11:28:43,197  INFO [main] txn.TxnHandler: Non-retryable error in cleanupRecords : Table/View 'TXN_COMPONENTS' does not exist. (SQLState=42X05, ErrorCode=20000)
2024-04-24T11:28:43,197  WARN [main] txn.TxnHandler: Cannot perform cleanup since metastore table does not exist
2024-04-24T11:28:43,199 ERROR [main] metastore.RetryingHMSHandler: Retrying HMSHandler after 2000 ms (attempt 4 of 10) with error: javax.jdo.JDODataStoreException: Exception thrown flushing changes to datastore
	at org.datanucleus.api.jdo.NucleusJDOHelper.getJDOExceptionForNucleusException(NucleusJDOHelper.java:542)
	at org.datanucleus.api.jdo.JDOTransaction.commit(JDOTransaction.java:162)
	at org.apache.hadoop.hive.metastore.ObjectStore.commitTransaction(ObjectStore.java:615)
	at sun.reflect.GeneratedMethodAccessor31.invoke(Unknown Source)
	at sun.reflect.DelegatingMethodAccessorImpl.invoke(DelegatingMethodAccessorImpl.java:43)
	at java.lang.reflect.Method.invoke(Method.java:498)
	at org.apache.hadoop.hive.metastore.RawStoreProxy.invoke(RawStoreProxy.java:97)
	at com.sun.proxy.$Proxy32.commitTransaction(Unknown Source)
	at org.apache.hadoop.hive.metastore.HMSHandler.drop_database_core(HMSHandler.java:1790)
	at org.apache.hadoop.hive.metastore.HMSHandler.drop_database(HMSHandler.java:1869)
	at sun.reflect.GeneratedMethodAccessor54.invoke(Unknown Source)
	at sun.reflect.DelegatingMethodAccessorImpl.invoke(DelegatingMethodAccessorImpl.java:43)
	at java.lang.reflect.Method.invoke(Method.java:498)
	at org.apache.hadoop.hive.metastore.RetryingHMSHandler.invokeInternal(RetryingHMSHandler.java:147)
	at org.apache.hadoop.hive.metastore.RetryingHMSHandler.invoke(RetryingHMSHandler.java:108)
	at com.sun.proxy.$Proxy35.drop_database(Unknown Source)
	at org.apache.hadoop.hive.metastore.HiveMetaStoreClient.dropDatabaseCascadePerDb(HiveMetaStoreClient.java:1601)
	at org.apache.hadoop.hive.metastore.HiveMetaStoreClient.dropDatabase(HiveMetaStoreClient.java:1532)
	at org.apache.hadoop.hive.metastore.HiveMetaStoreClient.dropDatabase(HiveMetaStoreClient.java:1485)
	at sun.reflect.NativeMethodAccessorImpl.invoke0(Native Method)
	at sun.reflect.NativeMethodAccessorImpl.invoke(NativeMethodAccessorImpl.java:62)
	at sun.reflect.DelegatingMethodAccessorImpl.invoke(DelegatingMethodAccessorImpl.java:43)
	at java.lang.reflect.Method.invoke(Method.java:498)
	at org.apache.hadoop.hive.metastore.RetryingMetaStoreClient.invoke(RetryingMetaStoreClient.java:218)
	at com.sun.proxy.$Proxy45.dropDatabase(Unknown Source)
	at org.apache.hadoop.hive.ql.metadata.Hive.dropDatabase(Hive.java:662)
	at org.apache.hadoop.hive.ql.ddl.database.drop.DropDatabaseOperation.execute(DropDatabaseOperation.java:52)
	at org.apache.hadoop.hive.ql.ddl.DDLTask.execute(DDLTask.java:84)
	at org.apache.hadoop.hive.ql.exec.Task.executeTask(Task.java:212)
	at org.apache.hadoop.hive.ql.exec.TaskRunner.runSequential(TaskRunner.java:105)
	at org.apache.hadoop.hive.ql.Executor.launchTask(Executor.java:361)
	at org.apache.hadoop.hive.ql.Executor.launchTasks(Executor.java:334)
	at org.apache.hadoop.hive.ql.Executor.runTasks(Executor.java:245)
	at org.apache.hadoop.hive.ql.Executor.execute(Executor.java:108)
	at org.apache.hadoop.hive.ql.Driver.execute(Driver.java:348)
	at org.apache.hadoop.hive.ql.Driver.runInternal(Driver.java:204)
	at org.apache.hadoop.hive.ql.Driver.run(Driver.java:153)
	at org.apache.hadoop.hive.ql.Driver.run(Driver.java:148)
	at org.apache.hadoop.hive.ql.reexec.ReExecDriver.run(ReExecDriver.java:164)
	at org.apache.hadoop.hive.ql.reexec.ReExecDriver.run(ReExecDriver.java:230)
	at org.apache.hive.hcatalog.pig.AbstractHCatLoaderTest.executeStatementOnDriver(AbstractHCatLoaderTest.java:151)
	at org.apache.hive.hcatalog.pig.AbstractHCatLoaderTest.tearDown(AbstractHCatLoaderTest.java:239)
	at sun.reflect.NativeMethodAccessorImpl.invoke0(Native Method)
	at sun.reflect.NativeMethodAccessorImpl.invoke(NativeMethodAccessorImpl.java:62)
	at sun.reflect.DelegatingMethodAccessorImpl.invoke(DelegatingMethodAccessorImpl.java:43)
	at java.lang.reflect.Method.invoke(Method.java:498)
	at org.junit.runners.model.FrameworkMethod$1.runReflectiveCall(FrameworkMethod.java:59)
	at org.junit.internal.runners.model.ReflectiveCallable.run(ReflectiveCallable.java:12)
	at org.junit.runners.model.FrameworkMethod.invokeExplosively(FrameworkMethod.java:56)
	at org.junit.internal.runners.statements.RunAfters.invokeMethod(RunAfters.java:46)
	at org.junit.internal.runners.statements.RunAfters.evaluate(RunAfters.java:33)
	at org.junit.runners.ParentRunner$3.evaluate(ParentRunner.java:306)
	at org.junit.runners.BlockJUnit4ClassRunner$1.evaluate(BlockJUnit4ClassRunner.java:100)
	at org.junit.runners.ParentRunner.runLeaf(ParentRunner.java:366)
	at org.junit.runners.BlockJUnit4ClassRunner.runChild(BlockJUnit4ClassRunner.java:103)
	at org.junit.runners.BlockJUnit4ClassRunner.runChild(BlockJUnit4ClassRunner.java:63)
	at org.junit.runners.ParentRunner$4.run(ParentRunner.java:331)
	at org.junit.runners.ParentRunner$1.schedule(ParentRunner.java:79)
	at org.junit.runners.ParentRunner.runChildren(ParentRunner.java:329)
	at org.junit.runners.ParentRunner.access$100(ParentRunner.java:66)
	at org.junit.runners.ParentRunner$2.evaluate(ParentRunner.java:293)
	at org.junit.internal.runners.statements.RunBefores.evaluate(RunBefores.java:26)
	at org.junit.runners.ParentRunner$3.evaluate(ParentRunner.java:306)
	at org.junit.runners.ParentRunner.run(ParentRunner.java:413)
	at org.junit.runners.Suite.runChild(Suite.java:128)
	at org.junit.runners.Suite.runChild(Suite.java:27)
	at org.junit.runners.ParentRunner$4.run(ParentRunner.java:331)
	at org.junit.runners.ParentRunner$1.schedule(ParentRunner.java:79)
	at org.junit.runners.ParentRunner.runChildren(ParentRunner.java:329)
	at org.junit.runners.ParentRunner.access$100(ParentRunner.java:66)
	at org.junit.runners.ParentRunner$2.evaluate(ParentRunner.java:293)
	at org.junit.runners.ParentRunner$3.evaluate(ParentRunner.java:306)
	at org.junit.runners.ParentRunner.run(ParentRunner.java:413)
	at org.apache.maven.surefire.junitcore.JUnitCore.run(JUnitCore.java:55)
	at org.apache.maven.surefire.junitcore.JUnitCoreWrapper.createRequestAndRun(JUnitCoreWrapper.java:137)
	at org.apache.maven.surefire.junitcore.JUnitCoreWrapper.executeEager(JUnitCoreWrapper.java:107)
	at org.apache.maven.surefire.junitcore.JUnitCoreWrapper.execute(JUnitCoreWrapper.java:83)
	at org.apache.maven.surefire.junitcore.JUnitCoreWrapper.execute(JUnitCoreWrapper.java:75)
	at org.apache.maven.surefire.junitcore.JUnitCoreProvider.invoke(JUnitCoreProvider.java:158)
	at org.apache.maven.surefire.booter.ForkedBooter.runSuitesInProcess(ForkedBooter.java:377)
	at org.apache.maven.surefire.booter.ForkedBooter.execute(ForkedBooter.java:138)
	at org.apache.maven.surefire.booter.ForkedBooter.run(ForkedBooter.java:465)
	at org.apache.maven.surefire.booter.ForkedBooter.main(ForkedBooter.java:451)
NestedThrowablesStackTrace:
java.sql.BatchUpdateException: DELETE on table 'DBS' caused a violation of foreign key constraint 'TBLS_FK1' for key (3).  The statement has been rolled back.
	at org.apache.derby.impl.jdbc.EmbedStatement.executeLargeBatch(Unknown Source)
	at org.apache.derby.impl.jdbc.EmbedStatement.executeBatch(Unknown Source)
	at com.zaxxer.hikari.pool.ProxyStatement.executeBatch(ProxyStatement.java:128)
	at com.zaxxer.hikari.pool.HikariProxyPreparedStatement.executeBatch(HikariProxyPreparedStatement.java)
	at org.datanucleus.store.rdbms.ParamLoggingPreparedStatement.executeBatch(ParamLoggingPreparedStatement.java:366)
	at org.datanucleus.store.rdbms.SQLController.processConnectionStatement(SQLController.java:675)
	at org.datanucleus.store.rdbms.SQLController.processStatementsForConnection(SQLController.java:643)
	at org.datanucleus.store.rdbms.SQLController$1.transactionFlushed(SQLController.java:729)
	at org.datanucleus.store.connection.AbstractManagedConnection.transactionFlushed(AbstractManagedConnection.java:95)
	at org.datanucleus.store.connection.ConnectionManagerImpl$2.transactionFlushed(ConnectionManagerImpl.java:528)
	at org.datanucleus.TransactionImpl.flush(TransactionImpl.java:222)
	at org.datanucleus.TransactionImpl.commit(TransactionImpl.java:286)
	at org.datanucleus.api.jdo.JDOTransaction.commit(JDOTransaction.java:99)
	at org.apache.hadoop.hive.metastore.ObjectStore.commitTransaction(ObjectStore.java:615)
	at sun.reflect.GeneratedMethodAccessor31.invoke(Unknown Source)
	at sun.reflect.DelegatingMethodAccessorImpl.invoke(DelegatingMethodAccessorImpl.java:43)
	at java.lang.reflect.Method.invoke(Method.java:498)
	at org.apache.hadoop.hive.metastore.RawStoreProxy.invoke(RawStoreProxy.java:97)
	at com.sun.proxy.$Proxy32.commitTransaction(Unknown Source)
	at org.apache.hadoop.hive.metastore.HMSHandler.drop_database_core(HMSHandler.java:1790)
	at org.apache.hadoop.hive.metastore.HMSHandler.drop_database(HMSHandler.java:1869)
	at sun.reflect.GeneratedMethodAccessor54.invoke(Unknown Source)
	at sun.reflect.DelegatingMethodAccessorImpl.invoke(DelegatingMethodAccessorImpl.java:43)
	at java.lang.reflect.Method.invoke(Method.java:498)
	at org.apache.hadoop.hive.metastore.RetryingHMSHandler.invokeInternal(RetryingHMSHandler.java:147)
	at org.apache.hadoop.hive.metastore.RetryingHMSHandler.invoke(RetryingHMSHandler.java:108)
	at com.sun.proxy.$Proxy35.drop_database(Unknown Source)
	at org.apache.hadoop.hive.metastore.HiveMetaStoreClient.dropDatabaseCascadePerDb(HiveMetaStoreClient.java:1601)
	at org.apache.hadoop.hive.metastore.HiveMetaStoreClient.dropDatabase(HiveMetaStoreClient.java:1532)
	at org.apache.hadoop.hive.metastore.HiveMetaStoreClient.dropDatabase(HiveMetaStoreClient.java:1485)
	at sun.reflect.NativeMethodAccessorImpl.invoke0(Native Method)
	at sun.reflect.NativeMethodAccessorImpl.invoke(NativeMethodAccessorImpl.java:62)
	at sun.reflect.DelegatingMethodAccessorImpl.invoke(DelegatingMethodAccessorImpl.java:43)
	at java.lang.reflect.Method.invoke(Method.java:498)
	at org.apache.hadoop.hive.metastore.RetryingMetaStoreClient.invoke(RetryingMetaStoreClient.java:218)
	at com.sun.proxy.$Proxy45.dropDatabase(Unknown Source)
	at org.apache.hadoop.hive.ql.metadata.Hive.dropDatabase(Hive.java:662)
	at org.apache.hadoop.hive.ql.ddl.database.drop.DropDatabaseOperation.execute(DropDatabaseOperation.java:52)
	at org.apache.hadoop.hive.ql.ddl.DDLTask.execute(DDLTask.java:84)
	at org.apache.hadoop.hive.ql.exec.Task.executeTask(Task.java:212)
	at org.apache.hadoop.hive.ql.exec.TaskRunner.runSequential(TaskRunner.java:105)
	at org.apache.hadoop.hive.ql.Executor.launchTask(Executor.java:361)
	at org.apache.hadoop.hive.ql.Executor.launchTasks(Executor.java:334)
	at org.apache.hadoop.hive.ql.Executor.runTasks(Executor.java:245)
	at org.apache.hadoop.hive.ql.Executor.execute(Executor.java:108)
	at org.apache.hadoop.hive.ql.Driver.execute(Driver.java:348)
	at org.apache.hadoop.hive.ql.Driver.runInternal(Driver.java:204)
	at org.apache.hadoop.hive.ql.Driver.run(Driver.java:153)
	at org.apache.hadoop.hive.ql.Driver.run(Driver.java:148)
	at org.apache.hadoop.hive.ql.reexec.ReExecDriver.run(ReExecDriver.java:164)
	at org.apache.hadoop.hive.ql.reexec.ReExecDriver.run(ReExecDriver.java:230)
	at org.apache.hive.hcatalog.pig.AbstractHCatLoaderTest.executeStatementOnDriver(AbstractHCatLoaderTest.java:151)
	at org.apache.hive.hcatalog.pig.AbstractHCatLoaderTest.tearDown(AbstractHCatLoaderTest.java:239)
	at sun.reflect.NativeMethodAccessorImpl.invoke0(Native Method)
	at sun.reflect.NativeMethodAccessorImpl.invoke(NativeMethodAccessorImpl.java:62)
	at sun.reflect.DelegatingMethodAccessorImpl.invoke(DelegatingMethodAccessorImpl.java:43)
	at java.lang.reflect.Method.invoke(Method.java:498)
	at org.junit.runners.model.FrameworkMethod$1.runReflectiveCall(FrameworkMethod.java:59)
	at org.junit.internal.runners.model.ReflectiveCallable.run(ReflectiveCallable.java:12)
	at org.junit.runners.model.FrameworkMethod.invokeExplosively(FrameworkMethod.java:56)
	at org.junit.internal.runners.statements.RunAfters.invokeMethod(RunAfters.java:46)
	at org.junit.internal.runners.statements.RunAfters.evaluate(RunAfters.java:33)
	at org.junit.runners.ParentRunner$3.evaluate(ParentRunner.java:306)
	at org.junit.runners.BlockJUnit4ClassRunner$1.evaluate(BlockJUnit4ClassRunner.java:100)
	at org.junit.runners.ParentRunner.runLeaf(ParentRunner.java:366)
	at org.junit.runners.BlockJUnit4ClassRunner.runChild(BlockJUnit4ClassRunner.java:103)
	at org.junit.runners.BlockJUnit4ClassRunner.runChild(BlockJUnit4ClassRunner.java:63)
	at org.junit.runners.ParentRunner$4.run(ParentRunner.java:331)
	at org.junit.runners.ParentRunner$1.schedule(ParentRunner.java:79)
	at org.junit.runners.ParentRunner.runChildren(ParentRunner.java:329)
	at org.junit.runners.ParentRunner.access$100(ParentRunner.java:66)
	at org.junit.runners.ParentRunner$2.evaluate(ParentRunner.java:293)
	at org.junit.internal.runners.statements.RunBefores.evaluate(RunBefores.java:26)
	at org.junit.runners.ParentRunner$3.evaluate(ParentRunner.java:306)
	at org.junit.runners.ParentRunner.run(ParentRunner.java:413)
	at org.junit.runners.Suite.runChild(Suite.java:128)
	at org.junit.runners.Suite.runChild(Suite.java:27)
	at org.junit.runners.ParentRunner$4.run(ParentRunner.java:331)
	at org.junit.runners.ParentRunner$1.schedule(ParentRunner.java:79)
	at org.junit.runners.ParentRunner.runChildren(ParentRunner.java:329)
	at org.junit.runners.ParentRunner.access$100(ParentRunner.java:66)
	at org.junit.runners.ParentRunner$2.evaluate(ParentRunner.java:293)
	at org.junit.runners.ParentRunner$3.evaluate(ParentRunner.java:306)
	at org.junit.runners.ParentRunner.run(ParentRunner.java:413)
	at org.apache.maven.surefire.junitcore.JUnitCore.run(JUnitCore.java:55)
	at org.apache.maven.surefire.junitcore.JUnitCoreWrapper.createRequestAndRun(JUnitCoreWrapper.java:137)
	at org.apache.maven.surefire.junitcore.JUnitCoreWrapper.executeEager(JUnitCoreWrapper.java:107)
	at org.apache.maven.surefire.junitcore.JUnitCoreWrapper.execute(JUnitCoreWrapper.java:83)
	at org.apache.maven.surefire.junitcore.JUnitCoreWrapper.execute(JUnitCoreWrapper.java:75)
	at org.apache.maven.surefire.junitcore.JUnitCoreProvider.invoke(JUnitCoreProvider.java:158)
	at org.apache.maven.surefire.booter.ForkedBooter.runSuitesInProcess(ForkedBooter.java:377)
	at org.apache.maven.surefire.booter.ForkedBooter.execute(ForkedBooter.java:138)
	at org.apache.maven.surefire.booter.ForkedBooter.run(ForkedBooter.java:465)
	at org.apache.maven.surefire.booter.ForkedBooter.main(ForkedBooter.java:451)
Caused by: org.apache.derby.shared.common.error.DerbySQLIntegrityConstraintViolationException: DELETE on table 'DBS' caused a violation of foreign key constraint 'TBLS_FK1' for key (3).  The statement has been rolled back.
	at org.apache.derby.impl.jdbc.SQLExceptionFactory.getSQLException(Unknown Source)
	at org.apache.derby.impl.jdbc.Util.generateCsSQLException(Unknown Source)
	at org.apache.derby.impl.jdbc.TransactionResourceImpl.wrapInSQLException(Unknown Source)
	at org.apache.derby.impl.jdbc.TransactionResourceImpl.handleException(Unknown Source)
	at org.apache.derby.impl.jdbc.EmbedConnection.handleException(Unknown Source)
	at org.apache.derby.impl.jdbc.ConnectionChild.handleException(Unknown Source)
	at org.apache.derby.impl.jdbc.EmbedStatement.executeStatement(Unknown Source)
	at org.apache.derby.impl.jdbc.EmbedPreparedStatement.executeBatchElement(Unknown Source)
	... 94 more
Caused by: ERROR 23503: DELETE on table 'DBS' caused a violation of foreign key constraint 'TBLS_FK1' for key (3).  The statement has been rolled back.
	at org.apache.derby.iapi.error.StandardException.newException(Unknown Source)
	at org.apache.derby.iapi.error.StandardException.newException(Unknown Source)
	at org.apache.derby.impl.sql.execute.ReferencedKeyRIChecker.doCheck(Unknown Source)
	at org.apache.derby.impl.sql.execute.RISetChecker.doPKCheck(Unknown Source)
	at org.apache.derby.impl.sql.execute.DeleteResultSet.collectAffectedRows(Unknown Source)
	at org.apache.derby.impl.sql.execute.DeleteResultSet.open(Unknown Source)
	at org.apache.derby.impl.sql.GenericPreparedStatement.executeStmt(Unknown Source)
	at org.apache.derby.impl.sql.GenericPreparedStatement.execute(Unknown Source)
	... 96 more

2024-04-24T11:28:45,200  INFO [main] HiveMetaStore.audit: ugi=alex	ip=unknown-ip-addr	cmd=drop_database: @hive#junit_specific_db	
2024-04-24T11:28:45,204  INFO [main] HiveMetaStore.audit: ugi=alex	ip=unknown-ip-addr	cmd=get_all_tables: db=@hive#junit_specific_db	
2024-04-24T11:28:45,205  INFO [main] HiveMetaStore.audit: ugi=alex	ip=unknown-ip-addr	cmd=get_functions: db=@hive#junit_specific_db pat=*	
2024-04-24T11:28:45,207  INFO [main] HiveMetaStore.audit: ugi=alex	ip=unknown-ip-addr	cmd=get_all_stored_procedures	
2024-04-24T11:28:45,208  INFO [main] HiveMetaStore.audit: ugi=alex	ip=unknown-ip-addr	cmd=get_all_packages	
2024-04-24T11:28:45,209  INFO [main] HiveMetaStore.audit: ugi=alex	ip=unknown-ip-addr	cmd=getTablesByTypeCore: catName=hive: db=junit_specific_db pat=.*,type=MATERIALIZED_VIEW	
2024-04-24T11:28:45,214  INFO [main] metastore.ObjectStore: Dropping database hive.junit_specific_db along with all tables
2024-04-24T11:28:45,222  INFO [main] txn.TxnHandler: Non-retryable error in cleanupRecords : Table/View 'TXN_COMPONENTS' does not exist. (SQLState=42X05, ErrorCode=20000)
2024-04-24T11:28:45,222  WARN [main] txn.TxnHandler: Cannot perform cleanup since metastore table does not exist
2024-04-24T11:28:45,223 ERROR [main] metastore.RetryingHMSHandler: Retrying HMSHandler after 2000 ms (attempt 5 of 10) with error: javax.jdo.JDODataStoreException: Exception thrown flushing changes to datastore
	at org.datanucleus.api.jdo.NucleusJDOHelper.getJDOExceptionForNucleusException(NucleusJDOHelper.java:542)
	at org.datanucleus.api.jdo.JDOTransaction.commit(JDOTransaction.java:162)
	at org.apache.hadoop.hive.metastore.ObjectStore.commitTransaction(ObjectStore.java:615)
	at sun.reflect.GeneratedMethodAccessor31.invoke(Unknown Source)
	at sun.reflect.DelegatingMethodAccessorImpl.invoke(DelegatingMethodAccessorImpl.java:43)
	at java.lang.reflect.Method.invoke(Method.java:498)
	at org.apache.hadoop.hive.metastore.RawStoreProxy.invoke(RawStoreProxy.java:97)
	at com.sun.proxy.$Proxy32.commitTransaction(Unknown Source)
	at org.apache.hadoop.hive.metastore.HMSHandler.drop_database_core(HMSHandler.java:1790)
	at org.apache.hadoop.hive.metastore.HMSHandler.drop_database(HMSHandler.java:1869)
	at sun.reflect.GeneratedMethodAccessor54.invoke(Unknown Source)
	at sun.reflect.DelegatingMethodAccessorImpl.invoke(DelegatingMethodAccessorImpl.java:43)
	at java.lang.reflect.Method.invoke(Method.java:498)
	at org.apache.hadoop.hive.metastore.RetryingHMSHandler.invokeInternal(RetryingHMSHandler.java:147)
	at org.apache.hadoop.hive.metastore.RetryingHMSHandler.invoke(RetryingHMSHandler.java:108)
	at com.sun.proxy.$Proxy35.drop_database(Unknown Source)
	at org.apache.hadoop.hive.metastore.HiveMetaStoreClient.dropDatabaseCascadePerDb(HiveMetaStoreClient.java:1601)
	at org.apache.hadoop.hive.metastore.HiveMetaStoreClient.dropDatabase(HiveMetaStoreClient.java:1532)
	at org.apache.hadoop.hive.metastore.HiveMetaStoreClient.dropDatabase(HiveMetaStoreClient.java:1485)
	at sun.reflect.NativeMethodAccessorImpl.invoke0(Native Method)
	at sun.reflect.NativeMethodAccessorImpl.invoke(NativeMethodAccessorImpl.java:62)
	at sun.reflect.DelegatingMethodAccessorImpl.invoke(DelegatingMethodAccessorImpl.java:43)
	at java.lang.reflect.Method.invoke(Method.java:498)
	at org.apache.hadoop.hive.metastore.RetryingMetaStoreClient.invoke(RetryingMetaStoreClient.java:218)
	at com.sun.proxy.$Proxy45.dropDatabase(Unknown Source)
	at org.apache.hadoop.hive.ql.metadata.Hive.dropDatabase(Hive.java:662)
	at org.apache.hadoop.hive.ql.ddl.database.drop.DropDatabaseOperation.execute(DropDatabaseOperation.java:52)
	at org.apache.hadoop.hive.ql.ddl.DDLTask.execute(DDLTask.java:84)
	at org.apache.hadoop.hive.ql.exec.Task.executeTask(Task.java:212)
	at org.apache.hadoop.hive.ql.exec.TaskRunner.runSequential(TaskRunner.java:105)
	at org.apache.hadoop.hive.ql.Executor.launchTask(Executor.java:361)
	at org.apache.hadoop.hive.ql.Executor.launchTasks(Executor.java:334)
	at org.apache.hadoop.hive.ql.Executor.runTasks(Executor.java:245)
	at org.apache.hadoop.hive.ql.Executor.execute(Executor.java:108)
	at org.apache.hadoop.hive.ql.Driver.execute(Driver.java:348)
	at org.apache.hadoop.hive.ql.Driver.runInternal(Driver.java:204)
	at org.apache.hadoop.hive.ql.Driver.run(Driver.java:153)
	at org.apache.hadoop.hive.ql.Driver.run(Driver.java:148)
	at org.apache.hadoop.hive.ql.reexec.ReExecDriver.run(ReExecDriver.java:164)
	at org.apache.hadoop.hive.ql.reexec.ReExecDriver.run(ReExecDriver.java:230)
	at org.apache.hive.hcatalog.pig.AbstractHCatLoaderTest.executeStatementOnDriver(AbstractHCatLoaderTest.java:151)
	at org.apache.hive.hcatalog.pig.AbstractHCatLoaderTest.tearDown(AbstractHCatLoaderTest.java:239)
	at sun.reflect.NativeMethodAccessorImpl.invoke0(Native Method)
	at sun.reflect.NativeMethodAccessorImpl.invoke(NativeMethodAccessorImpl.java:62)
	at sun.reflect.DelegatingMethodAccessorImpl.invoke(DelegatingMethodAccessorImpl.java:43)
	at java.lang.reflect.Method.invoke(Method.java:498)
	at org.junit.runners.model.FrameworkMethod$1.runReflectiveCall(FrameworkMethod.java:59)
	at org.junit.internal.runners.model.ReflectiveCallable.run(ReflectiveCallable.java:12)
	at org.junit.runners.model.FrameworkMethod.invokeExplosively(FrameworkMethod.java:56)
	at org.junit.internal.runners.statements.RunAfters.invokeMethod(RunAfters.java:46)
	at org.junit.internal.runners.statements.RunAfters.evaluate(RunAfters.java:33)
	at org.junit.runners.ParentRunner$3.evaluate(ParentRunner.java:306)
	at org.junit.runners.BlockJUnit4ClassRunner$1.evaluate(BlockJUnit4ClassRunner.java:100)
	at org.junit.runners.ParentRunner.runLeaf(ParentRunner.java:366)
	at org.junit.runners.BlockJUnit4ClassRunner.runChild(BlockJUnit4ClassRunner.java:103)
	at org.junit.runners.BlockJUnit4ClassRunner.runChild(BlockJUnit4ClassRunner.java:63)
	at org.junit.runners.ParentRunner$4.run(ParentRunner.java:331)
	at org.junit.runners.ParentRunner$1.schedule(ParentRunner.java:79)
	at org.junit.runners.ParentRunner.runChildren(ParentRunner.java:329)
	at org.junit.runners.ParentRunner.access$100(ParentRunner.java:66)
	at org.junit.runners.ParentRunner$2.evaluate(ParentRunner.java:293)
	at org.junit.internal.runners.statements.RunBefores.evaluate(RunBefores.java:26)
	at org.junit.runners.ParentRunner$3.evaluate(ParentRunner.java:306)
	at org.junit.runners.ParentRunner.run(ParentRunner.java:413)
	at org.junit.runners.Suite.runChild(Suite.java:128)
	at org.junit.runners.Suite.runChild(Suite.java:27)
	at org.junit.runners.ParentRunner$4.run(ParentRunner.java:331)
	at org.junit.runners.ParentRunner$1.schedule(ParentRunner.java:79)
	at org.junit.runners.ParentRunner.runChildren(ParentRunner.java:329)
	at org.junit.runners.ParentRunner.access$100(ParentRunner.java:66)
	at org.junit.runners.ParentRunner$2.evaluate(ParentRunner.java:293)
	at org.junit.runners.ParentRunner$3.evaluate(ParentRunner.java:306)
	at org.junit.runners.ParentRunner.run(ParentRunner.java:413)
	at org.apache.maven.surefire.junitcore.JUnitCore.run(JUnitCore.java:55)
	at org.apache.maven.surefire.junitcore.JUnitCoreWrapper.createRequestAndRun(JUnitCoreWrapper.java:137)
	at org.apache.maven.surefire.junitcore.JUnitCoreWrapper.executeEager(JUnitCoreWrapper.java:107)
	at org.apache.maven.surefire.junitcore.JUnitCoreWrapper.execute(JUnitCoreWrapper.java:83)
	at org.apache.maven.surefire.junitcore.JUnitCoreWrapper.execute(JUnitCoreWrapper.java:75)
	at org.apache.maven.surefire.junitcore.JUnitCoreProvider.invoke(JUnitCoreProvider.java:158)
	at org.apache.maven.surefire.booter.ForkedBooter.runSuitesInProcess(ForkedBooter.java:377)
	at org.apache.maven.surefire.booter.ForkedBooter.execute(ForkedBooter.java:138)
	at org.apache.maven.surefire.booter.ForkedBooter.run(ForkedBooter.java:465)
	at org.apache.maven.surefire.booter.ForkedBooter.main(ForkedBooter.java:451)
NestedThrowablesStackTrace:
java.sql.BatchUpdateException: DELETE on table 'DBS' caused a violation of foreign key constraint 'TBLS_FK1' for key (3).  The statement has been rolled back.
	at org.apache.derby.impl.jdbc.EmbedStatement.executeLargeBatch(Unknown Source)
	at org.apache.derby.impl.jdbc.EmbedStatement.executeBatch(Unknown Source)
	at com.zaxxer.hikari.pool.ProxyStatement.executeBatch(ProxyStatement.java:128)
	at com.zaxxer.hikari.pool.HikariProxyPreparedStatement.executeBatch(HikariProxyPreparedStatement.java)
	at org.datanucleus.store.rdbms.ParamLoggingPreparedStatement.executeBatch(ParamLoggingPreparedStatement.java:366)
	at org.datanucleus.store.rdbms.SQLController.processConnectionStatement(SQLController.java:675)
	at org.datanucleus.store.rdbms.SQLController.processStatementsForConnection(SQLController.java:643)
	at org.datanucleus.store.rdbms.SQLController$1.transactionFlushed(SQLController.java:729)
	at org.datanucleus.store.connection.AbstractManagedConnection.transactionFlushed(AbstractManagedConnection.java:95)
	at org.datanucleus.store.connection.ConnectionManagerImpl$2.transactionFlushed(ConnectionManagerImpl.java:528)
	at org.datanucleus.TransactionImpl.flush(TransactionImpl.java:222)
	at org.datanucleus.TransactionImpl.commit(TransactionImpl.java:286)
	at org.datanucleus.api.jdo.JDOTransaction.commit(JDOTransaction.java:99)
	at org.apache.hadoop.hive.metastore.ObjectStore.commitTransaction(ObjectStore.java:615)
	at sun.reflect.GeneratedMethodAccessor31.invoke(Unknown Source)
	at sun.reflect.DelegatingMethodAccessorImpl.invoke(DelegatingMethodAccessorImpl.java:43)
	at java.lang.reflect.Method.invoke(Method.java:498)
	at org.apache.hadoop.hive.metastore.RawStoreProxy.invoke(RawStoreProxy.java:97)
	at com.sun.proxy.$Proxy32.commitTransaction(Unknown Source)
	at org.apache.hadoop.hive.metastore.HMSHandler.drop_database_core(HMSHandler.java:1790)
	at org.apache.hadoop.hive.metastore.HMSHandler.drop_database(HMSHandler.java:1869)
	at sun.reflect.GeneratedMethodAccessor54.invoke(Unknown Source)
	at sun.reflect.DelegatingMethodAccessorImpl.invoke(DelegatingMethodAccessorImpl.java:43)
	at java.lang.reflect.Method.invoke(Method.java:498)
	at org.apache.hadoop.hive.metastore.RetryingHMSHandler.invokeInternal(RetryingHMSHandler.java:147)
	at org.apache.hadoop.hive.metastore.RetryingHMSHandler.invoke(RetryingHMSHandler.java:108)
	at com.sun.proxy.$Proxy35.drop_database(Unknown Source)
	at org.apache.hadoop.hive.metastore.HiveMetaStoreClient.dropDatabaseCascadePerDb(HiveMetaStoreClient.java:1601)
	at org.apache.hadoop.hive.metastore.HiveMetaStoreClient.dropDatabase(HiveMetaStoreClient.java:1532)
	at org.apache.hadoop.hive.metastore.HiveMetaStoreClient.dropDatabase(HiveMetaStoreClient.java:1485)
	at sun.reflect.NativeMethodAccessorImpl.invoke0(Native Method)
	at sun.reflect.NativeMethodAccessorImpl.invoke(NativeMethodAccessorImpl.java:62)
	at sun.reflect.DelegatingMethodAccessorImpl.invoke(DelegatingMethodAccessorImpl.java:43)
	at java.lang.reflect.Method.invoke(Method.java:498)
	at org.apache.hadoop.hive.metastore.RetryingMetaStoreClient.invoke(RetryingMetaStoreClient.java:218)
	at com.sun.proxy.$Proxy45.dropDatabase(Unknown Source)
	at org.apache.hadoop.hive.ql.metadata.Hive.dropDatabase(Hive.java:662)
	at org.apache.hadoop.hive.ql.ddl.database.drop.DropDatabaseOperation.execute(DropDatabaseOperation.java:52)
	at org.apache.hadoop.hive.ql.ddl.DDLTask.execute(DDLTask.java:84)
	at org.apache.hadoop.hive.ql.exec.Task.executeTask(Task.java:212)
	at org.apache.hadoop.hive.ql.exec.TaskRunner.runSequential(TaskRunner.java:105)
	at org.apache.hadoop.hive.ql.Executor.launchTask(Executor.java:361)
	at org.apache.hadoop.hive.ql.Executor.launchTasks(Executor.java:334)
	at org.apache.hadoop.hive.ql.Executor.runTasks(Executor.java:245)
	at org.apache.hadoop.hive.ql.Executor.execute(Executor.java:108)
	at org.apache.hadoop.hive.ql.Driver.execute(Driver.java:348)
	at org.apache.hadoop.hive.ql.Driver.runInternal(Driver.java:204)
	at org.apache.hadoop.hive.ql.Driver.run(Driver.java:153)
	at org.apache.hadoop.hive.ql.Driver.run(Driver.java:148)
	at org.apache.hadoop.hive.ql.reexec.ReExecDriver.run(ReExecDriver.java:164)
	at org.apache.hadoop.hive.ql.reexec.ReExecDriver.run(ReExecDriver.java:230)
	at org.apache.hive.hcatalog.pig.AbstractHCatLoaderTest.executeStatementOnDriver(AbstractHCatLoaderTest.java:151)
	at org.apache.hive.hcatalog.pig.AbstractHCatLoaderTest.tearDown(AbstractHCatLoaderTest.java:239)
	at sun.reflect.NativeMethodAccessorImpl.invoke0(Native Method)
	at sun.reflect.NativeMethodAccessorImpl.invoke(NativeMethodAccessorImpl.java:62)
	at sun.reflect.DelegatingMethodAccessorImpl.invoke(DelegatingMethodAccessorImpl.java:43)
	at java.lang.reflect.Method.invoke(Method.java:498)
	at org.junit.runners.model.FrameworkMethod$1.runReflectiveCall(FrameworkMethod.java:59)
	at org.junit.internal.runners.model.ReflectiveCallable.run(ReflectiveCallable.java:12)
	at org.junit.runners.model.FrameworkMethod.invokeExplosively(FrameworkMethod.java:56)
	at org.junit.internal.runners.statements.RunAfters.invokeMethod(RunAfters.java:46)
	at org.junit.internal.runners.statements.RunAfters.evaluate(RunAfters.java:33)
	at org.junit.runners.ParentRunner$3.evaluate(ParentRunner.java:306)
	at org.junit.runners.BlockJUnit4ClassRunner$1.evaluate(BlockJUnit4ClassRunner.java:100)
	at org.junit.runners.ParentRunner.runLeaf(ParentRunner.java:366)
	at org.junit.runners.BlockJUnit4ClassRunner.runChild(BlockJUnit4ClassRunner.java:103)
	at org.junit.runners.BlockJUnit4ClassRunner.runChild(BlockJUnit4ClassRunner.java:63)
	at org.junit.runners.ParentRunner$4.run(ParentRunner.java:331)
	at org.junit.runners.ParentRunner$1.schedule(ParentRunner.java:79)
	at org.junit.runners.ParentRunner.runChildren(ParentRunner.java:329)
	at org.junit.runners.ParentRunner.access$100(ParentRunner.java:66)
	at org.junit.runners.ParentRunner$2.evaluate(ParentRunner.java:293)
	at org.junit.internal.runners.statements.RunBefores.evaluate(RunBefores.java:26)
	at org.junit.runners.ParentRunner$3.evaluate(ParentRunner.java:306)
	at org.junit.runners.ParentRunner.run(ParentRunner.java:413)
	at org.junit.runners.Suite.runChild(Suite.java:128)
	at org.junit.runners.Suite.runChild(Suite.java:27)
	at org.junit.runners.ParentRunner$4.run(ParentRunner.java:331)
	at org.junit.runners.ParentRunner$1.schedule(ParentRunner.java:79)
	at org.junit.runners.ParentRunner.runChildren(ParentRunner.java:329)
	at org.junit.runners.ParentRunner.access$100(ParentRunner.java:66)
	at org.junit.runners.ParentRunner$2.evaluate(ParentRunner.java:293)
	at org.junit.runners.ParentRunner$3.evaluate(ParentRunner.java:306)
	at org.junit.runners.ParentRunner.run(ParentRunner.java:413)
	at org.apache.maven.surefire.junitcore.JUnitCore.run(JUnitCore.java:55)
	at org.apache.maven.surefire.junitcore.JUnitCoreWrapper.createRequestAndRun(JUnitCoreWrapper.java:137)
	at org.apache.maven.surefire.junitcore.JUnitCoreWrapper.executeEager(JUnitCoreWrapper.java:107)
	at org.apache.maven.surefire.junitcore.JUnitCoreWrapper.execute(JUnitCoreWrapper.java:83)
	at org.apache.maven.surefire.junitcore.JUnitCoreWrapper.execute(JUnitCoreWrapper.java:75)
	at org.apache.maven.surefire.junitcore.JUnitCoreProvider.invoke(JUnitCoreProvider.java:158)
	at org.apache.maven.surefire.booter.ForkedBooter.runSuitesInProcess(ForkedBooter.java:377)
	at org.apache.maven.surefire.booter.ForkedBooter.execute(ForkedBooter.java:138)
	at org.apache.maven.surefire.booter.ForkedBooter.run(ForkedBooter.java:465)
	at org.apache.maven.surefire.booter.ForkedBooter.main(ForkedBooter.java:451)
Caused by: org.apache.derby.shared.common.error.DerbySQLIntegrityConstraintViolationException: DELETE on table 'DBS' caused a violation of foreign key constraint 'TBLS_FK1' for key (3).  The statement has been rolled back.
	at org.apache.derby.impl.jdbc.SQLExceptionFactory.getSQLException(Unknown Source)
	at org.apache.derby.impl.jdbc.Util.generateCsSQLException(Unknown Source)
	at org.apache.derby.impl.jdbc.TransactionResourceImpl.wrapInSQLException(Unknown Source)
	at org.apache.derby.impl.jdbc.TransactionResourceImpl.handleException(Unknown Source)
	at org.apache.derby.impl.jdbc.EmbedConnection.handleException(Unknown Source)
	at org.apache.derby.impl.jdbc.ConnectionChild.handleException(Unknown Source)
	at org.apache.derby.impl.jdbc.EmbedStatement.executeStatement(Unknown Source)
	at org.apache.derby.impl.jdbc.EmbedPreparedStatement.executeBatchElement(Unknown Source)
	... 94 more
Caused by: ERROR 23503: DELETE on table 'DBS' caused a violation of foreign key constraint 'TBLS_FK1' for key (3).  The statement has been rolled back.
	at org.apache.derby.iapi.error.StandardException.newException(Unknown Source)
	at org.apache.derby.iapi.error.StandardException.newException(Unknown Source)
	at org.apache.derby.impl.sql.execute.ReferencedKeyRIChecker.doCheck(Unknown Source)
	at org.apache.derby.impl.sql.execute.RISetChecker.doPKCheck(Unknown Source)
	at org.apache.derby.impl.sql.execute.DeleteResultSet.collectAffectedRows(Unknown Source)
	at org.apache.derby.impl.sql.execute.DeleteResultSet.open(Unknown Source)
	at org.apache.derby.impl.sql.GenericPreparedStatement.executeStmt(Unknown Source)
	at org.apache.derby.impl.sql.GenericPreparedStatement.execute(Unknown Source)
	... 96 more

2024-04-24T11:28:47,224  INFO [main] HiveMetaStore.audit: ugi=alex	ip=unknown-ip-addr	cmd=drop_database: @hive#junit_specific_db	
2024-04-24T11:28:47,229  INFO [main] HiveMetaStore.audit: ugi=alex	ip=unknown-ip-addr	cmd=get_all_tables: db=@hive#junit_specific_db	
2024-04-24T11:28:47,232  INFO [main] HiveMetaStore.audit: ugi=alex	ip=unknown-ip-addr	cmd=get_functions: db=@hive#junit_specific_db pat=*	
2024-04-24T11:28:47,239  INFO [main] HiveMetaStore.audit: ugi=alex	ip=unknown-ip-addr	cmd=get_all_stored_procedures	
2024-04-24T11:28:47,242  INFO [main] HiveMetaStore.audit: ugi=alex	ip=unknown-ip-addr	cmd=get_all_packages	
2024-04-24T11:28:47,245  INFO [main] HiveMetaStore.audit: ugi=alex	ip=unknown-ip-addr	cmd=getTablesByTypeCore: catName=hive: db=junit_specific_db pat=.*,type=MATERIALIZED_VIEW	
2024-04-24T11:28:47,253  INFO [main] metastore.ObjectStore: Dropping database hive.junit_specific_db along with all tables
2024-04-24T11:28:47,262  INFO [main] txn.TxnHandler: Non-retryable error in cleanupRecords : Table/View 'TXN_COMPONENTS' does not exist. (SQLState=42X05, ErrorCode=20000)
2024-04-24T11:28:47,262  WARN [main] txn.TxnHandler: Cannot perform cleanup since metastore table does not exist
2024-04-24T11:28:47,264 ERROR [main] metastore.RetryingHMSHandler: Retrying HMSHandler after 2000 ms (attempt 6 of 10) with error: javax.jdo.JDODataStoreException: Exception thrown flushing changes to datastore
	at org.datanucleus.api.jdo.NucleusJDOHelper.getJDOExceptionForNucleusException(NucleusJDOHelper.java:542)
	at org.datanucleus.api.jdo.JDOTransaction.commit(JDOTransaction.java:162)
	at org.apache.hadoop.hive.metastore.ObjectStore.commitTransaction(ObjectStore.java:615)
	at sun.reflect.GeneratedMethodAccessor31.invoke(Unknown Source)
	at sun.reflect.DelegatingMethodAccessorImpl.invoke(DelegatingMethodAccessorImpl.java:43)
	at java.lang.reflect.Method.invoke(Method.java:498)
	at org.apache.hadoop.hive.metastore.RawStoreProxy.invoke(RawStoreProxy.java:97)
	at com.sun.proxy.$Proxy32.commitTransaction(Unknown Source)
	at org.apache.hadoop.hive.metastore.HMSHandler.drop_database_core(HMSHandler.java:1790)
	at org.apache.hadoop.hive.metastore.HMSHandler.drop_database(HMSHandler.java:1869)
	at sun.reflect.GeneratedMethodAccessor54.invoke(Unknown Source)
	at sun.reflect.DelegatingMethodAccessorImpl.invoke(DelegatingMethodAccessorImpl.java:43)
	at java.lang.reflect.Method.invoke(Method.java:498)
	at org.apache.hadoop.hive.metastore.RetryingHMSHandler.invokeInternal(RetryingHMSHandler.java:147)
	at org.apache.hadoop.hive.metastore.RetryingHMSHandler.invoke(RetryingHMSHandler.java:108)
	at com.sun.proxy.$Proxy35.drop_database(Unknown Source)
	at org.apache.hadoop.hive.metastore.HiveMetaStoreClient.dropDatabaseCascadePerDb(HiveMetaStoreClient.java:1601)
	at org.apache.hadoop.hive.metastore.HiveMetaStoreClient.dropDatabase(HiveMetaStoreClient.java:1532)
	at org.apache.hadoop.hive.metastore.HiveMetaStoreClient.dropDatabase(HiveMetaStoreClient.java:1485)
	at sun.reflect.NativeMethodAccessorImpl.invoke0(Native Method)
	at sun.reflect.NativeMethodAccessorImpl.invoke(NativeMethodAccessorImpl.java:62)
	at sun.reflect.DelegatingMethodAccessorImpl.invoke(DelegatingMethodAccessorImpl.java:43)
	at java.lang.reflect.Method.invoke(Method.java:498)
	at org.apache.hadoop.hive.metastore.RetryingMetaStoreClient.invoke(RetryingMetaStoreClient.java:218)
	at com.sun.proxy.$Proxy45.dropDatabase(Unknown Source)
	at org.apache.hadoop.hive.ql.metadata.Hive.dropDatabase(Hive.java:662)
	at org.apache.hadoop.hive.ql.ddl.database.drop.DropDatabaseOperation.execute(DropDatabaseOperation.java:52)
	at org.apache.hadoop.hive.ql.ddl.DDLTask.execute(DDLTask.java:84)
	at org.apache.hadoop.hive.ql.exec.Task.executeTask(Task.java:212)
	at org.apache.hadoop.hive.ql.exec.TaskRunner.runSequential(TaskRunner.java:105)
	at org.apache.hadoop.hive.ql.Executor.launchTask(Executor.java:361)
	at org.apache.hadoop.hive.ql.Executor.launchTasks(Executor.java:334)
	at org.apache.hadoop.hive.ql.Executor.runTasks(Executor.java:245)
	at org.apache.hadoop.hive.ql.Executor.execute(Executor.java:108)
	at org.apache.hadoop.hive.ql.Driver.execute(Driver.java:348)
	at org.apache.hadoop.hive.ql.Driver.runInternal(Driver.java:204)
	at org.apache.hadoop.hive.ql.Driver.run(Driver.java:153)
	at org.apache.hadoop.hive.ql.Driver.run(Driver.java:148)
	at org.apache.hadoop.hive.ql.reexec.ReExecDriver.run(ReExecDriver.java:164)
	at org.apache.hadoop.hive.ql.reexec.ReExecDriver.run(ReExecDriver.java:230)
	at org.apache.hive.hcatalog.pig.AbstractHCatLoaderTest.executeStatementOnDriver(AbstractHCatLoaderTest.java:151)
	at org.apache.hive.hcatalog.pig.AbstractHCatLoaderTest.tearDown(AbstractHCatLoaderTest.java:239)
	at sun.reflect.NativeMethodAccessorImpl.invoke0(Native Method)
	at sun.reflect.NativeMethodAccessorImpl.invoke(NativeMethodAccessorImpl.java:62)
	at sun.reflect.DelegatingMethodAccessorImpl.invoke(DelegatingMethodAccessorImpl.java:43)
	at java.lang.reflect.Method.invoke(Method.java:498)
	at org.junit.runners.model.FrameworkMethod$1.runReflectiveCall(FrameworkMethod.java:59)
	at org.junit.internal.runners.model.ReflectiveCallable.run(ReflectiveCallable.java:12)
	at org.junit.runners.model.FrameworkMethod.invokeExplosively(FrameworkMethod.java:56)
	at org.junit.internal.runners.statements.RunAfters.invokeMethod(RunAfters.java:46)
	at org.junit.internal.runners.statements.RunAfters.evaluate(RunAfters.java:33)
	at org.junit.runners.ParentRunner$3.evaluate(ParentRunner.java:306)
	at org.junit.runners.BlockJUnit4ClassRunner$1.evaluate(BlockJUnit4ClassRunner.java:100)
	at org.junit.runners.ParentRunner.runLeaf(ParentRunner.java:366)
	at org.junit.runners.BlockJUnit4ClassRunner.runChild(BlockJUnit4ClassRunner.java:103)
	at org.junit.runners.BlockJUnit4ClassRunner.runChild(BlockJUnit4ClassRunner.java:63)
	at org.junit.runners.ParentRunner$4.run(ParentRunner.java:331)
	at org.junit.runners.ParentRunner$1.schedule(ParentRunner.java:79)
	at org.junit.runners.ParentRunner.runChildren(ParentRunner.java:329)
	at org.junit.runners.ParentRunner.access$100(ParentRunner.java:66)
	at org.junit.runners.ParentRunner$2.evaluate(ParentRunner.java:293)
	at org.junit.internal.runners.statements.RunBefores.evaluate(RunBefores.java:26)
	at org.junit.runners.ParentRunner$3.evaluate(ParentRunner.java:306)
	at org.junit.runners.ParentRunner.run(ParentRunner.java:413)
	at org.junit.runners.Suite.runChild(Suite.java:128)
	at org.junit.runners.Suite.runChild(Suite.java:27)
	at org.junit.runners.ParentRunner$4.run(ParentRunner.java:331)
	at org.junit.runners.ParentRunner$1.schedule(ParentRunner.java:79)
	at org.junit.runners.ParentRunner.runChildren(ParentRunner.java:329)
	at org.junit.runners.ParentRunner.access$100(ParentRunner.java:66)
	at org.junit.runners.ParentRunner$2.evaluate(ParentRunner.java:293)
	at org.junit.runners.ParentRunner$3.evaluate(ParentRunner.java:306)
	at org.junit.runners.ParentRunner.run(ParentRunner.java:413)
	at org.apache.maven.surefire.junitcore.JUnitCore.run(JUnitCore.java:55)
	at org.apache.maven.surefire.junitcore.JUnitCoreWrapper.createRequestAndRun(JUnitCoreWrapper.java:137)
	at org.apache.maven.surefire.junitcore.JUnitCoreWrapper.executeEager(JUnitCoreWrapper.java:107)
	at org.apache.maven.surefire.junitcore.JUnitCoreWrapper.execute(JUnitCoreWrapper.java:83)
	at org.apache.maven.surefire.junitcore.JUnitCoreWrapper.execute(JUnitCoreWrapper.java:75)
	at org.apache.maven.surefire.junitcore.JUnitCoreProvider.invoke(JUnitCoreProvider.java:158)
	at org.apache.maven.surefire.booter.ForkedBooter.runSuitesInProcess(ForkedBooter.java:377)
	at org.apache.maven.surefire.booter.ForkedBooter.execute(ForkedBooter.java:138)
	at org.apache.maven.surefire.booter.ForkedBooter.run(ForkedBooter.java:465)
	at org.apache.maven.surefire.booter.ForkedBooter.main(ForkedBooter.java:451)
NestedThrowablesStackTrace:
java.sql.BatchUpdateException: DELETE on table 'DBS' caused a violation of foreign key constraint 'TBLS_FK1' for key (3).  The statement has been rolled back.
	at org.apache.derby.impl.jdbc.EmbedStatement.executeLargeBatch(Unknown Source)
	at org.apache.derby.impl.jdbc.EmbedStatement.executeBatch(Unknown Source)
	at com.zaxxer.hikari.pool.ProxyStatement.executeBatch(ProxyStatement.java:128)
	at com.zaxxer.hikari.pool.HikariProxyPreparedStatement.executeBatch(HikariProxyPreparedStatement.java)
	at org.datanucleus.store.rdbms.ParamLoggingPreparedStatement.executeBatch(ParamLoggingPreparedStatement.java:366)
	at org.datanucleus.store.rdbms.SQLController.processConnectionStatement(SQLController.java:675)
	at org.datanucleus.store.rdbms.SQLController.processStatementsForConnection(SQLController.java:643)
	at org.datanucleus.store.rdbms.SQLController$1.transactionFlushed(SQLController.java:729)
	at org.datanucleus.store.connection.AbstractManagedConnection.transactionFlushed(AbstractManagedConnection.java:95)
	at org.datanucleus.store.connection.ConnectionManagerImpl$2.transactionFlushed(ConnectionManagerImpl.java:528)
	at org.datanucleus.TransactionImpl.flush(TransactionImpl.java:222)
	at org.datanucleus.TransactionImpl.commit(TransactionImpl.java:286)
	at org.datanucleus.api.jdo.JDOTransaction.commit(JDOTransaction.java:99)
	at org.apache.hadoop.hive.metastore.ObjectStore.commitTransaction(ObjectStore.java:615)
	at sun.reflect.GeneratedMethodAccessor31.invoke(Unknown Source)
	at sun.reflect.DelegatingMethodAccessorImpl.invoke(DelegatingMethodAccessorImpl.java:43)
	at java.lang.reflect.Method.invoke(Method.java:498)
	at org.apache.hadoop.hive.metastore.RawStoreProxy.invoke(RawStoreProxy.java:97)
	at com.sun.proxy.$Proxy32.commitTransaction(Unknown Source)
	at org.apache.hadoop.hive.metastore.HMSHandler.drop_database_core(HMSHandler.java:1790)
	at org.apache.hadoop.hive.metastore.HMSHandler.drop_database(HMSHandler.java:1869)
	at sun.reflect.GeneratedMethodAccessor54.invoke(Unknown Source)
	at sun.reflect.DelegatingMethodAccessorImpl.invoke(DelegatingMethodAccessorImpl.java:43)
	at java.lang.reflect.Method.invoke(Method.java:498)
	at org.apache.hadoop.hive.metastore.RetryingHMSHandler.invokeInternal(RetryingHMSHandler.java:147)
	at org.apache.hadoop.hive.metastore.RetryingHMSHandler.invoke(RetryingHMSHandler.java:108)
	at com.sun.proxy.$Proxy35.drop_database(Unknown Source)
	at org.apache.hadoop.hive.metastore.HiveMetaStoreClient.dropDatabaseCascadePerDb(HiveMetaStoreClient.java:1601)
	at org.apache.hadoop.hive.metastore.HiveMetaStoreClient.dropDatabase(HiveMetaStoreClient.java:1532)
	at org.apache.hadoop.hive.metastore.HiveMetaStoreClient.dropDatabase(HiveMetaStoreClient.java:1485)
	at sun.reflect.NativeMethodAccessorImpl.invoke0(Native Method)
	at sun.reflect.NativeMethodAccessorImpl.invoke(NativeMethodAccessorImpl.java:62)
	at sun.reflect.DelegatingMethodAccessorImpl.invoke(DelegatingMethodAccessorImpl.java:43)
	at java.lang.reflect.Method.invoke(Method.java:498)
	at org.apache.hadoop.hive.metastore.RetryingMetaStoreClient.invoke(RetryingMetaStoreClient.java:218)
	at com.sun.proxy.$Proxy45.dropDatabase(Unknown Source)
	at org.apache.hadoop.hive.ql.metadata.Hive.dropDatabase(Hive.java:662)
	at org.apache.hadoop.hive.ql.ddl.database.drop.DropDatabaseOperation.execute(DropDatabaseOperation.java:52)
	at org.apache.hadoop.hive.ql.ddl.DDLTask.execute(DDLTask.java:84)
	at org.apache.hadoop.hive.ql.exec.Task.executeTask(Task.java:212)
	at org.apache.hadoop.hive.ql.exec.TaskRunner.runSequential(TaskRunner.java:105)
	at org.apache.hadoop.hive.ql.Executor.launchTask(Executor.java:361)
	at org.apache.hadoop.hive.ql.Executor.launchTasks(Executor.java:334)
	at org.apache.hadoop.hive.ql.Executor.runTasks(Executor.java:245)
	at org.apache.hadoop.hive.ql.Executor.execute(Executor.java:108)
	at org.apache.hadoop.hive.ql.Driver.execute(Driver.java:348)
	at org.apache.hadoop.hive.ql.Driver.runInternal(Driver.java:204)
	at org.apache.hadoop.hive.ql.Driver.run(Driver.java:153)
	at org.apache.hadoop.hive.ql.Driver.run(Driver.java:148)
	at org.apache.hadoop.hive.ql.reexec.ReExecDriver.run(ReExecDriver.java:164)
	at org.apache.hadoop.hive.ql.reexec.ReExecDriver.run(ReExecDriver.java:230)
	at org.apache.hive.hcatalog.pig.AbstractHCatLoaderTest.executeStatementOnDriver(AbstractHCatLoaderTest.java:151)
	at org.apache.hive.hcatalog.pig.AbstractHCatLoaderTest.tearDown(AbstractHCatLoaderTest.java:239)
	at sun.reflect.NativeMethodAccessorImpl.invoke0(Native Method)
	at sun.reflect.NativeMethodAccessorImpl.invoke(NativeMethodAccessorImpl.java:62)
	at sun.reflect.DelegatingMethodAccessorImpl.invoke(DelegatingMethodAccessorImpl.java:43)
	at java.lang.reflect.Method.invoke(Method.java:498)
	at org.junit.runners.model.FrameworkMethod$1.runReflectiveCall(FrameworkMethod.java:59)
	at org.junit.internal.runners.model.ReflectiveCallable.run(ReflectiveCallable.java:12)
	at org.junit.runners.model.FrameworkMethod.invokeExplosively(FrameworkMethod.java:56)
	at org.junit.internal.runners.statements.RunAfters.invokeMethod(RunAfters.java:46)
	at org.junit.internal.runners.statements.RunAfters.evaluate(RunAfters.java:33)
	at org.junit.runners.ParentRunner$3.evaluate(ParentRunner.java:306)
	at org.junit.runners.BlockJUnit4ClassRunner$1.evaluate(BlockJUnit4ClassRunner.java:100)
	at org.junit.runners.ParentRunner.runLeaf(ParentRunner.java:366)
	at org.junit.runners.BlockJUnit4ClassRunner.runChild(BlockJUnit4ClassRunner.java:103)
	at org.junit.runners.BlockJUnit4ClassRunner.runChild(BlockJUnit4ClassRunner.java:63)
	at org.junit.runners.ParentRunner$4.run(ParentRunner.java:331)
	at org.junit.runners.ParentRunner$1.schedule(ParentRunner.java:79)
	at org.junit.runners.ParentRunner.runChildren(ParentRunner.java:329)
	at org.junit.runners.ParentRunner.access$100(ParentRunner.java:66)
	at org.junit.runners.ParentRunner$2.evaluate(ParentRunner.java:293)
	at org.junit.internal.runners.statements.RunBefores.evaluate(RunBefores.java:26)
	at org.junit.runners.ParentRunner$3.evaluate(ParentRunner.java:306)
	at org.junit.runners.ParentRunner.run(ParentRunner.java:413)
	at org.junit.runners.Suite.runChild(Suite.java:128)
	at org.junit.runners.Suite.runChild(Suite.java:27)
	at org.junit.runners.ParentRunner$4.run(ParentRunner.java:331)
	at org.junit.runners.ParentRunner$1.schedule(ParentRunner.java:79)
	at org.junit.runners.ParentRunner.runChildren(ParentRunner.java:329)
	at org.junit.runners.ParentRunner.access$100(ParentRunner.java:66)
	at org.junit.runners.ParentRunner$2.evaluate(ParentRunner.java:293)
	at org.junit.runners.ParentRunner$3.evaluate(ParentRunner.java:306)
	at org.junit.runners.ParentRunner.run(ParentRunner.java:413)
	at org.apache.maven.surefire.junitcore.JUnitCore.run(JUnitCore.java:55)
	at org.apache.maven.surefire.junitcore.JUnitCoreWrapper.createRequestAndRun(JUnitCoreWrapper.java:137)
	at org.apache.maven.surefire.junitcore.JUnitCoreWrapper.executeEager(JUnitCoreWrapper.java:107)
	at org.apache.maven.surefire.junitcore.JUnitCoreWrapper.execute(JUnitCoreWrapper.java:83)
	at org.apache.maven.surefire.junitcore.JUnitCoreWrapper.execute(JUnitCoreWrapper.java:75)
	at org.apache.maven.surefire.junitcore.JUnitCoreProvider.invoke(JUnitCoreProvider.java:158)
	at org.apache.maven.surefire.booter.ForkedBooter.runSuitesInProcess(ForkedBooter.java:377)
	at org.apache.maven.surefire.booter.ForkedBooter.execute(ForkedBooter.java:138)
	at org.apache.maven.surefire.booter.ForkedBooter.run(ForkedBooter.java:465)
	at org.apache.maven.surefire.booter.ForkedBooter.main(ForkedBooter.java:451)
Caused by: org.apache.derby.shared.common.error.DerbySQLIntegrityConstraintViolationException: DELETE on table 'DBS' caused a violation of foreign key constraint 'TBLS_FK1' for key (3).  The statement has been rolled back.
	at org.apache.derby.impl.jdbc.SQLExceptionFactory.getSQLException(Unknown Source)
	at org.apache.derby.impl.jdbc.Util.generateCsSQLException(Unknown Source)
	at org.apache.derby.impl.jdbc.TransactionResourceImpl.wrapInSQLException(Unknown Source)
	at org.apache.derby.impl.jdbc.TransactionResourceImpl.handleException(Unknown Source)
	at org.apache.derby.impl.jdbc.EmbedConnection.handleException(Unknown Source)
	at org.apache.derby.impl.jdbc.ConnectionChild.handleException(Unknown Source)
	at org.apache.derby.impl.jdbc.EmbedStatement.executeStatement(Unknown Source)
	at org.apache.derby.impl.jdbc.EmbedPreparedStatement.executeBatchElement(Unknown Source)
	... 94 more
Caused by: ERROR 23503: DELETE on table 'DBS' caused a violation of foreign key constraint 'TBLS_FK1' for key (3).  The statement has been rolled back.
	at org.apache.derby.iapi.error.StandardException.newException(Unknown Source)
	at org.apache.derby.iapi.error.StandardException.newException(Unknown Source)
	at org.apache.derby.impl.sql.execute.ReferencedKeyRIChecker.doCheck(Unknown Source)
	at org.apache.derby.impl.sql.execute.RISetChecker.doPKCheck(Unknown Source)
	at org.apache.derby.impl.sql.execute.DeleteResultSet.collectAffectedRows(Unknown Source)
	at org.apache.derby.impl.sql.execute.DeleteResultSet.open(Unknown Source)
	at org.apache.derby.impl.sql.GenericPreparedStatement.executeStmt(Unknown Source)
	at org.apache.derby.impl.sql.GenericPreparedStatement.execute(Unknown Source)
	... 96 more

2024-04-24T11:28:49,264  INFO [main] HiveMetaStore.audit: ugi=alex	ip=unknown-ip-addr	cmd=drop_database: @hive#junit_specific_db	
2024-04-24T11:28:49,270  INFO [main] HiveMetaStore.audit: ugi=alex	ip=unknown-ip-addr	cmd=get_all_tables: db=@hive#junit_specific_db	
2024-04-24T11:28:49,273  INFO [main] HiveMetaStore.audit: ugi=alex	ip=unknown-ip-addr	cmd=get_functions: db=@hive#junit_specific_db pat=*	
2024-04-24T11:28:49,280  INFO [main] HiveMetaStore.audit: ugi=alex	ip=unknown-ip-addr	cmd=get_all_stored_procedures	
2024-04-24T11:28:49,285  INFO [main] HiveMetaStore.audit: ugi=alex	ip=unknown-ip-addr	cmd=get_all_packages	
2024-04-24T11:28:49,290  INFO [main] HiveMetaStore.audit: ugi=alex	ip=unknown-ip-addr	cmd=getTablesByTypeCore: catName=hive: db=junit_specific_db pat=.*,type=MATERIALIZED_VIEW	
2024-04-24T11:28:49,302  INFO [main] metastore.ObjectStore: Dropping database hive.junit_specific_db along with all tables
2024-04-24T11:28:49,309  INFO [main] txn.TxnHandler: Non-retryable error in cleanupRecords : Table/View 'TXN_COMPONENTS' does not exist. (SQLState=42X05, ErrorCode=20000)
2024-04-24T11:28:49,309  WARN [main] txn.TxnHandler: Cannot perform cleanup since metastore table does not exist
2024-04-24T11:28:49,310 ERROR [main] metastore.RetryingHMSHandler: Retrying HMSHandler after 2000 ms (attempt 7 of 10) with error: javax.jdo.JDODataStoreException: Exception thrown flushing changes to datastore
	at org.datanucleus.api.jdo.NucleusJDOHelper.getJDOExceptionForNucleusException(NucleusJDOHelper.java:542)
	at org.datanucleus.api.jdo.JDOTransaction.commit(JDOTransaction.java:162)
	at org.apache.hadoop.hive.metastore.ObjectStore.commitTransaction(ObjectStore.java:615)
	at sun.reflect.GeneratedMethodAccessor31.invoke(Unknown Source)
	at sun.reflect.DelegatingMethodAccessorImpl.invoke(DelegatingMethodAccessorImpl.java:43)
	at java.lang.reflect.Method.invoke(Method.java:498)
	at org.apache.hadoop.hive.metastore.RawStoreProxy.invoke(RawStoreProxy.java:97)
	at com.sun.proxy.$Proxy32.commitTransaction(Unknown Source)
	at org.apache.hadoop.hive.metastore.HMSHandler.drop_database_core(HMSHandler.java:1790)
	at org.apache.hadoop.hive.metastore.HMSHandler.drop_database(HMSHandler.java:1869)
	at sun.reflect.GeneratedMethodAccessor54.invoke(Unknown Source)
	at sun.reflect.DelegatingMethodAccessorImpl.invoke(DelegatingMethodAccessorImpl.java:43)
	at java.lang.reflect.Method.invoke(Method.java:498)
	at org.apache.hadoop.hive.metastore.RetryingHMSHandler.invokeInternal(RetryingHMSHandler.java:147)
	at org.apache.hadoop.hive.metastore.RetryingHMSHandler.invoke(RetryingHMSHandler.java:108)
	at com.sun.proxy.$Proxy35.drop_database(Unknown Source)
	at org.apache.hadoop.hive.metastore.HiveMetaStoreClient.dropDatabaseCascadePerDb(HiveMetaStoreClient.java:1601)
	at org.apache.hadoop.hive.metastore.HiveMetaStoreClient.dropDatabase(HiveMetaStoreClient.java:1532)
	at org.apache.hadoop.hive.metastore.HiveMetaStoreClient.dropDatabase(HiveMetaStoreClient.java:1485)
	at sun.reflect.NativeMethodAccessorImpl.invoke0(Native Method)
	at sun.reflect.NativeMethodAccessorImpl.invoke(NativeMethodAccessorImpl.java:62)
	at sun.reflect.DelegatingMethodAccessorImpl.invoke(DelegatingMethodAccessorImpl.java:43)
	at java.lang.reflect.Method.invoke(Method.java:498)
	at org.apache.hadoop.hive.metastore.RetryingMetaStoreClient.invoke(RetryingMetaStoreClient.java:218)
	at com.sun.proxy.$Proxy45.dropDatabase(Unknown Source)
	at org.apache.hadoop.hive.ql.metadata.Hive.dropDatabase(Hive.java:662)
	at org.apache.hadoop.hive.ql.ddl.database.drop.DropDatabaseOperation.execute(DropDatabaseOperation.java:52)
	at org.apache.hadoop.hive.ql.ddl.DDLTask.execute(DDLTask.java:84)
	at org.apache.hadoop.hive.ql.exec.Task.executeTask(Task.java:212)
	at org.apache.hadoop.hive.ql.exec.TaskRunner.runSequential(TaskRunner.java:105)
	at org.apache.hadoop.hive.ql.Executor.launchTask(Executor.java:361)
	at org.apache.hadoop.hive.ql.Executor.launchTasks(Executor.java:334)
	at org.apache.hadoop.hive.ql.Executor.runTasks(Executor.java:245)
	at org.apache.hadoop.hive.ql.Executor.execute(Executor.java:108)
	at org.apache.hadoop.hive.ql.Driver.execute(Driver.java:348)
	at org.apache.hadoop.hive.ql.Driver.runInternal(Driver.java:204)
	at org.apache.hadoop.hive.ql.Driver.run(Driver.java:153)
	at org.apache.hadoop.hive.ql.Driver.run(Driver.java:148)
	at org.apache.hadoop.hive.ql.reexec.ReExecDriver.run(ReExecDriver.java:164)
	at org.apache.hadoop.hive.ql.reexec.ReExecDriver.run(ReExecDriver.java:230)
	at org.apache.hive.hcatalog.pig.AbstractHCatLoaderTest.executeStatementOnDriver(AbstractHCatLoaderTest.java:151)
	at org.apache.hive.hcatalog.pig.AbstractHCatLoaderTest.tearDown(AbstractHCatLoaderTest.java:239)
	at sun.reflect.NativeMethodAccessorImpl.invoke0(Native Method)
	at sun.reflect.NativeMethodAccessorImpl.invoke(NativeMethodAccessorImpl.java:62)
	at sun.reflect.DelegatingMethodAccessorImpl.invoke(DelegatingMethodAccessorImpl.java:43)
	at java.lang.reflect.Method.invoke(Method.java:498)
	at org.junit.runners.model.FrameworkMethod$1.runReflectiveCall(FrameworkMethod.java:59)
	at org.junit.internal.runners.model.ReflectiveCallable.run(ReflectiveCallable.java:12)
	at org.junit.runners.model.FrameworkMethod.invokeExplosively(FrameworkMethod.java:56)
	at org.junit.internal.runners.statements.RunAfters.invokeMethod(RunAfters.java:46)
	at org.junit.internal.runners.statements.RunAfters.evaluate(RunAfters.java:33)
	at org.junit.runners.ParentRunner$3.evaluate(ParentRunner.java:306)
	at org.junit.runners.BlockJUnit4ClassRunner$1.evaluate(BlockJUnit4ClassRunner.java:100)
	at org.junit.runners.ParentRunner.runLeaf(ParentRunner.java:366)
	at org.junit.runners.BlockJUnit4ClassRunner.runChild(BlockJUnit4ClassRunner.java:103)
	at org.junit.runners.BlockJUnit4ClassRunner.runChild(BlockJUnit4ClassRunner.java:63)
	at org.junit.runners.ParentRunner$4.run(ParentRunner.java:331)
	at org.junit.runners.ParentRunner$1.schedule(ParentRunner.java:79)
	at org.junit.runners.ParentRunner.runChildren(ParentRunner.java:329)
	at org.junit.runners.ParentRunner.access$100(ParentRunner.java:66)
	at org.junit.runners.ParentRunner$2.evaluate(ParentRunner.java:293)
	at org.junit.internal.runners.statements.RunBefores.evaluate(RunBefores.java:26)
	at org.junit.runners.ParentRunner$3.evaluate(ParentRunner.java:306)
	at org.junit.runners.ParentRunner.run(ParentRunner.java:413)
	at org.junit.runners.Suite.runChild(Suite.java:128)
	at org.junit.runners.Suite.runChild(Suite.java:27)
	at org.junit.runners.ParentRunner$4.run(ParentRunner.java:331)
	at org.junit.runners.ParentRunner$1.schedule(ParentRunner.java:79)
	at org.junit.runners.ParentRunner.runChildren(ParentRunner.java:329)
	at org.junit.runners.ParentRunner.access$100(ParentRunner.java:66)
	at org.junit.runners.ParentRunner$2.evaluate(ParentRunner.java:293)
	at org.junit.runners.ParentRunner$3.evaluate(ParentRunner.java:306)
	at org.junit.runners.ParentRunner.run(ParentRunner.java:413)
	at org.apache.maven.surefire.junitcore.JUnitCore.run(JUnitCore.java:55)
	at org.apache.maven.surefire.junitcore.JUnitCoreWrapper.createRequestAndRun(JUnitCoreWrapper.java:137)
	at org.apache.maven.surefire.junitcore.JUnitCoreWrapper.executeEager(JUnitCoreWrapper.java:107)
	at org.apache.maven.surefire.junitcore.JUnitCoreWrapper.execute(JUnitCoreWrapper.java:83)
	at org.apache.maven.surefire.junitcore.JUnitCoreWrapper.execute(JUnitCoreWrapper.java:75)
	at org.apache.maven.surefire.junitcore.JUnitCoreProvider.invoke(JUnitCoreProvider.java:158)
	at org.apache.maven.surefire.booter.ForkedBooter.runSuitesInProcess(ForkedBooter.java:377)
	at org.apache.maven.surefire.booter.ForkedBooter.execute(ForkedBooter.java:138)
	at org.apache.maven.surefire.booter.ForkedBooter.run(ForkedBooter.java:465)
	at org.apache.maven.surefire.booter.ForkedBooter.main(ForkedBooter.java:451)
NestedThrowablesStackTrace:
java.sql.BatchUpdateException: DELETE on table 'DBS' caused a violation of foreign key constraint 'TBLS_FK1' for key (3).  The statement has been rolled back.
	at org.apache.derby.impl.jdbc.EmbedStatement.executeLargeBatch(Unknown Source)
	at org.apache.derby.impl.jdbc.EmbedStatement.executeBatch(Unknown Source)
	at com.zaxxer.hikari.pool.ProxyStatement.executeBatch(ProxyStatement.java:128)
	at com.zaxxer.hikari.pool.HikariProxyPreparedStatement.executeBatch(HikariProxyPreparedStatement.java)
	at org.datanucleus.store.rdbms.ParamLoggingPreparedStatement.executeBatch(ParamLoggingPreparedStatement.java:366)
	at org.datanucleus.store.rdbms.SQLController.processConnectionStatement(SQLController.java:675)
	at org.datanucleus.store.rdbms.SQLController.processStatementsForConnection(SQLController.java:643)
	at org.datanucleus.store.rdbms.SQLController$1.transactionFlushed(SQLController.java:729)
	at org.datanucleus.store.connection.AbstractManagedConnection.transactionFlushed(AbstractManagedConnection.java:95)
	at org.datanucleus.store.connection.ConnectionManagerImpl$2.transactionFlushed(ConnectionManagerImpl.java:528)
	at org.datanucleus.TransactionImpl.flush(TransactionImpl.java:222)
	at org.datanucleus.TransactionImpl.commit(TransactionImpl.java:286)
	at org.datanucleus.api.jdo.JDOTransaction.commit(JDOTransaction.java:99)
	at org.apache.hadoop.hive.metastore.ObjectStore.commitTransaction(ObjectStore.java:615)
	at sun.reflect.GeneratedMethodAccessor31.invoke(Unknown Source)
	at sun.reflect.DelegatingMethodAccessorImpl.invoke(DelegatingMethodAccessorImpl.java:43)
	at java.lang.reflect.Method.invoke(Method.java:498)
	at org.apache.hadoop.hive.metastore.RawStoreProxy.invoke(RawStoreProxy.java:97)
	at com.sun.proxy.$Proxy32.commitTransaction(Unknown Source)
	at org.apache.hadoop.hive.metastore.HMSHandler.drop_database_core(HMSHandler.java:1790)
	at org.apache.hadoop.hive.metastore.HMSHandler.drop_database(HMSHandler.java:1869)
	at sun.reflect.GeneratedMethodAccessor54.invoke(Unknown Source)
	at sun.reflect.DelegatingMethodAccessorImpl.invoke(DelegatingMethodAccessorImpl.java:43)
	at java.lang.reflect.Method.invoke(Method.java:498)
	at org.apache.hadoop.hive.metastore.RetryingHMSHandler.invokeInternal(RetryingHMSHandler.java:147)
	at org.apache.hadoop.hive.metastore.RetryingHMSHandler.invoke(RetryingHMSHandler.java:108)
	at com.sun.proxy.$Proxy35.drop_database(Unknown Source)
	at org.apache.hadoop.hive.metastore.HiveMetaStoreClient.dropDatabaseCascadePerDb(HiveMetaStoreClient.java:1601)
	at org.apache.hadoop.hive.metastore.HiveMetaStoreClient.dropDatabase(HiveMetaStoreClient.java:1532)
	at org.apache.hadoop.hive.metastore.HiveMetaStoreClient.dropDatabase(HiveMetaStoreClient.java:1485)
	at sun.reflect.NativeMethodAccessorImpl.invoke0(Native Method)
	at sun.reflect.NativeMethodAccessorImpl.invoke(NativeMethodAccessorImpl.java:62)
	at sun.reflect.DelegatingMethodAccessorImpl.invoke(DelegatingMethodAccessorImpl.java:43)
	at java.lang.reflect.Method.invoke(Method.java:498)
	at org.apache.hadoop.hive.metastore.RetryingMetaStoreClient.invoke(RetryingMetaStoreClient.java:218)
	at com.sun.proxy.$Proxy45.dropDatabase(Unknown Source)
	at org.apache.hadoop.hive.ql.metadata.Hive.dropDatabase(Hive.java:662)
	at org.apache.hadoop.hive.ql.ddl.database.drop.DropDatabaseOperation.execute(DropDatabaseOperation.java:52)
	at org.apache.hadoop.hive.ql.ddl.DDLTask.execute(DDLTask.java:84)
	at org.apache.hadoop.hive.ql.exec.Task.executeTask(Task.java:212)
	at org.apache.hadoop.hive.ql.exec.TaskRunner.runSequential(TaskRunner.java:105)
	at org.apache.hadoop.hive.ql.Executor.launchTask(Executor.java:361)
	at org.apache.hadoop.hive.ql.Executor.launchTasks(Executor.java:334)
	at org.apache.hadoop.hive.ql.Executor.runTasks(Executor.java:245)
	at org.apache.hadoop.hive.ql.Executor.execute(Executor.java:108)
	at org.apache.hadoop.hive.ql.Driver.execute(Driver.java:348)
	at org.apache.hadoop.hive.ql.Driver.runInternal(Driver.java:204)
	at org.apache.hadoop.hive.ql.Driver.run(Driver.java:153)
	at org.apache.hadoop.hive.ql.Driver.run(Driver.java:148)
	at org.apache.hadoop.hive.ql.reexec.ReExecDriver.run(ReExecDriver.java:164)
	at org.apache.hadoop.hive.ql.reexec.ReExecDriver.run(ReExecDriver.java:230)
	at org.apache.hive.hcatalog.pig.AbstractHCatLoaderTest.executeStatementOnDriver(AbstractHCatLoaderTest.java:151)
	at org.apache.hive.hcatalog.pig.AbstractHCatLoaderTest.tearDown(AbstractHCatLoaderTest.java:239)
	at sun.reflect.NativeMethodAccessorImpl.invoke0(Native Method)
	at sun.reflect.NativeMethodAccessorImpl.invoke(NativeMethodAccessorImpl.java:62)
	at sun.reflect.DelegatingMethodAccessorImpl.invoke(DelegatingMethodAccessorImpl.java:43)
	at java.lang.reflect.Method.invoke(Method.java:498)
	at org.junit.runners.model.FrameworkMethod$1.runReflectiveCall(FrameworkMethod.java:59)
	at org.junit.internal.runners.model.ReflectiveCallable.run(ReflectiveCallable.java:12)
	at org.junit.runners.model.FrameworkMethod.invokeExplosively(FrameworkMethod.java:56)
	at org.junit.internal.runners.statements.RunAfters.invokeMethod(RunAfters.java:46)
	at org.junit.internal.runners.statements.RunAfters.evaluate(RunAfters.java:33)
	at org.junit.runners.ParentRunner$3.evaluate(ParentRunner.java:306)
	at org.junit.runners.BlockJUnit4ClassRunner$1.evaluate(BlockJUnit4ClassRunner.java:100)
	at org.junit.runners.ParentRunner.runLeaf(ParentRunner.java:366)
	at org.junit.runners.BlockJUnit4ClassRunner.runChild(BlockJUnit4ClassRunner.java:103)
	at org.junit.runners.BlockJUnit4ClassRunner.runChild(BlockJUnit4ClassRunner.java:63)
	at org.junit.runners.ParentRunner$4.run(ParentRunner.java:331)
	at org.junit.runners.ParentRunner$1.schedule(ParentRunner.java:79)
	at org.junit.runners.ParentRunner.runChildren(ParentRunner.java:329)
	at org.junit.runners.ParentRunner.access$100(ParentRunner.java:66)
	at org.junit.runners.ParentRunner$2.evaluate(ParentRunner.java:293)
	at org.junit.internal.runners.statements.RunBefores.evaluate(RunBefores.java:26)
	at org.junit.runners.ParentRunner$3.evaluate(ParentRunner.java:306)
	at org.junit.runners.ParentRunner.run(ParentRunner.java:413)
	at org.junit.runners.Suite.runChild(Suite.java:128)
	at org.junit.runners.Suite.runChild(Suite.java:27)
	at org.junit.runners.ParentRunner$4.run(ParentRunner.java:331)
	at org.junit.runners.ParentRunner$1.schedule(ParentRunner.java:79)
	at org.junit.runners.ParentRunner.runChildren(ParentRunner.java:329)
	at org.junit.runners.ParentRunner.access$100(ParentRunner.java:66)
	at org.junit.runners.ParentRunner$2.evaluate(ParentRunner.java:293)
	at org.junit.runners.ParentRunner$3.evaluate(ParentRunner.java:306)
	at org.junit.runners.ParentRunner.run(ParentRunner.java:413)
	at org.apache.maven.surefire.junitcore.JUnitCore.run(JUnitCore.java:55)
	at org.apache.maven.surefire.junitcore.JUnitCoreWrapper.createRequestAndRun(JUnitCoreWrapper.java:137)
	at org.apache.maven.surefire.junitcore.JUnitCoreWrapper.executeEager(JUnitCoreWrapper.java:107)
	at org.apache.maven.surefire.junitcore.JUnitCoreWrapper.execute(JUnitCoreWrapper.java:83)
	at org.apache.maven.surefire.junitcore.JUnitCoreWrapper.execute(JUnitCoreWrapper.java:75)
	at org.apache.maven.surefire.junitcore.JUnitCoreProvider.invoke(JUnitCoreProvider.java:158)
	at org.apache.maven.surefire.booter.ForkedBooter.runSuitesInProcess(ForkedBooter.java:377)
	at org.apache.maven.surefire.booter.ForkedBooter.execute(ForkedBooter.java:138)
	at org.apache.maven.surefire.booter.ForkedBooter.run(ForkedBooter.java:465)
	at org.apache.maven.surefire.booter.ForkedBooter.main(ForkedBooter.java:451)
Caused by: org.apache.derby.shared.common.error.DerbySQLIntegrityConstraintViolationException: DELETE on table 'DBS' caused a violation of foreign key constraint 'TBLS_FK1' for key (3).  The statement has been rolled back.
	at org.apache.derby.impl.jdbc.SQLExceptionFactory.getSQLException(Unknown Source)
	at org.apache.derby.impl.jdbc.Util.generateCsSQLException(Unknown Source)
	at org.apache.derby.impl.jdbc.TransactionResourceImpl.wrapInSQLException(Unknown Source)
	at org.apache.derby.impl.jdbc.TransactionResourceImpl.handleException(Unknown Source)
	at org.apache.derby.impl.jdbc.EmbedConnection.handleException(Unknown Source)
	at org.apache.derby.impl.jdbc.ConnectionChild.handleException(Unknown Source)
	at org.apache.derby.impl.jdbc.EmbedStatement.executeStatement(Unknown Source)
	at org.apache.derby.impl.jdbc.EmbedPreparedStatement.executeBatchElement(Unknown Source)
	... 94 more
Caused by: ERROR 23503: DELETE on table 'DBS' caused a violation of foreign key constraint 'TBLS_FK1' for key (3).  The statement has been rolled back.
	at org.apache.derby.iapi.error.StandardException.newException(Unknown Source)
	at org.apache.derby.iapi.error.StandardException.newException(Unknown Source)
	at org.apache.derby.impl.sql.execute.ReferencedKeyRIChecker.doCheck(Unknown Source)
	at org.apache.derby.impl.sql.execute.RISetChecker.doPKCheck(Unknown Source)
	at org.apache.derby.impl.sql.execute.DeleteResultSet.collectAffectedRows(Unknown Source)
	at org.apache.derby.impl.sql.execute.DeleteResultSet.open(Unknown Source)
	at org.apache.derby.impl.sql.GenericPreparedStatement.executeStmt(Unknown Source)
	at org.apache.derby.impl.sql.GenericPreparedStatement.execute(Unknown Source)
	... 96 more

2024-04-24T11:28:51,311  INFO [main] HiveMetaStore.audit: ugi=alex	ip=unknown-ip-addr	cmd=drop_database: @hive#junit_specific_db	
2024-04-24T11:28:51,316  INFO [main] HiveMetaStore.audit: ugi=alex	ip=unknown-ip-addr	cmd=get_all_tables: db=@hive#junit_specific_db	
2024-04-24T11:28:51,317  INFO [main] HiveMetaStore.audit: ugi=alex	ip=unknown-ip-addr	cmd=get_functions: db=@hive#junit_specific_db pat=*	
2024-04-24T11:28:51,319  INFO [main] HiveMetaStore.audit: ugi=alex	ip=unknown-ip-addr	cmd=get_all_stored_procedures	
2024-04-24T11:28:51,320  INFO [main] HiveMetaStore.audit: ugi=alex	ip=unknown-ip-addr	cmd=get_all_packages	
2024-04-24T11:28:51,321  INFO [main] HiveMetaStore.audit: ugi=alex	ip=unknown-ip-addr	cmd=getTablesByTypeCore: catName=hive: db=junit_specific_db pat=.*,type=MATERIALIZED_VIEW	
2024-04-24T11:28:51,326  INFO [main] metastore.ObjectStore: Dropping database hive.junit_specific_db along with all tables
2024-04-24T11:28:51,332  INFO [main] txn.TxnHandler: Non-retryable error in cleanupRecords : Table/View 'TXN_COMPONENTS' does not exist. (SQLState=42X05, ErrorCode=20000)
2024-04-24T11:28:51,332  WARN [main] txn.TxnHandler: Cannot perform cleanup since metastore table does not exist
2024-04-24T11:28:51,334 ERROR [main] metastore.RetryingHMSHandler: Retrying HMSHandler after 2000 ms (attempt 8 of 10) with error: javax.jdo.JDODataStoreException: Exception thrown flushing changes to datastore
	at org.datanucleus.api.jdo.NucleusJDOHelper.getJDOExceptionForNucleusException(NucleusJDOHelper.java:542)
	at org.datanucleus.api.jdo.JDOTransaction.commit(JDOTransaction.java:162)
	at org.apache.hadoop.hive.metastore.ObjectStore.commitTransaction(ObjectStore.java:615)
	at sun.reflect.GeneratedMethodAccessor31.invoke(Unknown Source)
	at sun.reflect.DelegatingMethodAccessorImpl.invoke(DelegatingMethodAccessorImpl.java:43)
	at java.lang.reflect.Method.invoke(Method.java:498)
	at org.apache.hadoop.hive.metastore.RawStoreProxy.invoke(RawStoreProxy.java:97)
	at com.sun.proxy.$Proxy32.commitTransaction(Unknown Source)
	at org.apache.hadoop.hive.metastore.HMSHandler.drop_database_core(HMSHandler.java:1790)
	at org.apache.hadoop.hive.metastore.HMSHandler.drop_database(HMSHandler.java:1869)
	at sun.reflect.GeneratedMethodAccessor54.invoke(Unknown Source)
	at sun.reflect.DelegatingMethodAccessorImpl.invoke(DelegatingMethodAccessorImpl.java:43)
	at java.lang.reflect.Method.invoke(Method.java:498)
	at org.apache.hadoop.hive.metastore.RetryingHMSHandler.invokeInternal(RetryingHMSHandler.java:147)
	at org.apache.hadoop.hive.metastore.RetryingHMSHandler.invoke(RetryingHMSHandler.java:108)
	at com.sun.proxy.$Proxy35.drop_database(Unknown Source)
	at org.apache.hadoop.hive.metastore.HiveMetaStoreClient.dropDatabaseCascadePerDb(HiveMetaStoreClient.java:1601)
	at org.apache.hadoop.hive.metastore.HiveMetaStoreClient.dropDatabase(HiveMetaStoreClient.java:1532)
	at org.apache.hadoop.hive.metastore.HiveMetaStoreClient.dropDatabase(HiveMetaStoreClient.java:1485)
	at sun.reflect.NativeMethodAccessorImpl.invoke0(Native Method)
	at sun.reflect.NativeMethodAccessorImpl.invoke(NativeMethodAccessorImpl.java:62)
	at sun.reflect.DelegatingMethodAccessorImpl.invoke(DelegatingMethodAccessorImpl.java:43)
	at java.lang.reflect.Method.invoke(Method.java:498)
	at org.apache.hadoop.hive.metastore.RetryingMetaStoreClient.invoke(RetryingMetaStoreClient.java:218)
	at com.sun.proxy.$Proxy45.dropDatabase(Unknown Source)
	at org.apache.hadoop.hive.ql.metadata.Hive.dropDatabase(Hive.java:662)
	at org.apache.hadoop.hive.ql.ddl.database.drop.DropDatabaseOperation.execute(DropDatabaseOperation.java:52)
	at org.apache.hadoop.hive.ql.ddl.DDLTask.execute(DDLTask.java:84)
	at org.apache.hadoop.hive.ql.exec.Task.executeTask(Task.java:212)
	at org.apache.hadoop.hive.ql.exec.TaskRunner.runSequential(TaskRunner.java:105)
	at org.apache.hadoop.hive.ql.Executor.launchTask(Executor.java:361)
	at org.apache.hadoop.hive.ql.Executor.launchTasks(Executor.java:334)
	at org.apache.hadoop.hive.ql.Executor.runTasks(Executor.java:245)
	at org.apache.hadoop.hive.ql.Executor.execute(Executor.java:108)
	at org.apache.hadoop.hive.ql.Driver.execute(Driver.java:348)
	at org.apache.hadoop.hive.ql.Driver.runInternal(Driver.java:204)
	at org.apache.hadoop.hive.ql.Driver.run(Driver.java:153)
	at org.apache.hadoop.hive.ql.Driver.run(Driver.java:148)
	at org.apache.hadoop.hive.ql.reexec.ReExecDriver.run(ReExecDriver.java:164)
	at org.apache.hadoop.hive.ql.reexec.ReExecDriver.run(ReExecDriver.java:230)
	at org.apache.hive.hcatalog.pig.AbstractHCatLoaderTest.executeStatementOnDriver(AbstractHCatLoaderTest.java:151)
	at org.apache.hive.hcatalog.pig.AbstractHCatLoaderTest.tearDown(AbstractHCatLoaderTest.java:239)
	at sun.reflect.NativeMethodAccessorImpl.invoke0(Native Method)
	at sun.reflect.NativeMethodAccessorImpl.invoke(NativeMethodAccessorImpl.java:62)
	at sun.reflect.DelegatingMethodAccessorImpl.invoke(DelegatingMethodAccessorImpl.java:43)
	at java.lang.reflect.Method.invoke(Method.java:498)
	at org.junit.runners.model.FrameworkMethod$1.runReflectiveCall(FrameworkMethod.java:59)
	at org.junit.internal.runners.model.ReflectiveCallable.run(ReflectiveCallable.java:12)
	at org.junit.runners.model.FrameworkMethod.invokeExplosively(FrameworkMethod.java:56)
	at org.junit.internal.runners.statements.RunAfters.invokeMethod(RunAfters.java:46)
	at org.junit.internal.runners.statements.RunAfters.evaluate(RunAfters.java:33)
	at org.junit.runners.ParentRunner$3.evaluate(ParentRunner.java:306)
	at org.junit.runners.BlockJUnit4ClassRunner$1.evaluate(BlockJUnit4ClassRunner.java:100)
	at org.junit.runners.ParentRunner.runLeaf(ParentRunner.java:366)
	at org.junit.runners.BlockJUnit4ClassRunner.runChild(BlockJUnit4ClassRunner.java:103)
	at org.junit.runners.BlockJUnit4ClassRunner.runChild(BlockJUnit4ClassRunner.java:63)
	at org.junit.runners.ParentRunner$4.run(ParentRunner.java:331)
	at org.junit.runners.ParentRunner$1.schedule(ParentRunner.java:79)
	at org.junit.runners.ParentRunner.runChildren(ParentRunner.java:329)
	at org.junit.runners.ParentRunner.access$100(ParentRunner.java:66)
	at org.junit.runners.ParentRunner$2.evaluate(ParentRunner.java:293)
	at org.junit.internal.runners.statements.RunBefores.evaluate(RunBefores.java:26)
	at org.junit.runners.ParentRunner$3.evaluate(ParentRunner.java:306)
	at org.junit.runners.ParentRunner.run(ParentRunner.java:413)
	at org.junit.runners.Suite.runChild(Suite.java:128)
	at org.junit.runners.Suite.runChild(Suite.java:27)
	at org.junit.runners.ParentRunner$4.run(ParentRunner.java:331)
	at org.junit.runners.ParentRunner$1.schedule(ParentRunner.java:79)
	at org.junit.runners.ParentRunner.runChildren(ParentRunner.java:329)
	at org.junit.runners.ParentRunner.access$100(ParentRunner.java:66)
	at org.junit.runners.ParentRunner$2.evaluate(ParentRunner.java:293)
	at org.junit.runners.ParentRunner$3.evaluate(ParentRunner.java:306)
	at org.junit.runners.ParentRunner.run(ParentRunner.java:413)
	at org.apache.maven.surefire.junitcore.JUnitCore.run(JUnitCore.java:55)
	at org.apache.maven.surefire.junitcore.JUnitCoreWrapper.createRequestAndRun(JUnitCoreWrapper.java:137)
	at org.apache.maven.surefire.junitcore.JUnitCoreWrapper.executeEager(JUnitCoreWrapper.java:107)
	at org.apache.maven.surefire.junitcore.JUnitCoreWrapper.execute(JUnitCoreWrapper.java:83)
	at org.apache.maven.surefire.junitcore.JUnitCoreWrapper.execute(JUnitCoreWrapper.java:75)
	at org.apache.maven.surefire.junitcore.JUnitCoreProvider.invoke(JUnitCoreProvider.java:158)
	at org.apache.maven.surefire.booter.ForkedBooter.runSuitesInProcess(ForkedBooter.java:377)
	at org.apache.maven.surefire.booter.ForkedBooter.execute(ForkedBooter.java:138)
	at org.apache.maven.surefire.booter.ForkedBooter.run(ForkedBooter.java:465)
	at org.apache.maven.surefire.booter.ForkedBooter.main(ForkedBooter.java:451)
NestedThrowablesStackTrace:
java.sql.BatchUpdateException: DELETE on table 'DBS' caused a violation of foreign key constraint 'TBLS_FK1' for key (3).  The statement has been rolled back.
	at org.apache.derby.impl.jdbc.EmbedStatement.executeLargeBatch(Unknown Source)
	at org.apache.derby.impl.jdbc.EmbedStatement.executeBatch(Unknown Source)
	at com.zaxxer.hikari.pool.ProxyStatement.executeBatch(ProxyStatement.java:128)
	at com.zaxxer.hikari.pool.HikariProxyPreparedStatement.executeBatch(HikariProxyPreparedStatement.java)
	at org.datanucleus.store.rdbms.ParamLoggingPreparedStatement.executeBatch(ParamLoggingPreparedStatement.java:366)
	at org.datanucleus.store.rdbms.SQLController.processConnectionStatement(SQLController.java:675)
	at org.datanucleus.store.rdbms.SQLController.processStatementsForConnection(SQLController.java:643)
	at org.datanucleus.store.rdbms.SQLController$1.transactionFlushed(SQLController.java:729)
	at org.datanucleus.store.connection.AbstractManagedConnection.transactionFlushed(AbstractManagedConnection.java:95)
	at org.datanucleus.store.connection.ConnectionManagerImpl$2.transactionFlushed(ConnectionManagerImpl.java:528)
	at org.datanucleus.TransactionImpl.flush(TransactionImpl.java:222)
	at org.datanucleus.TransactionImpl.commit(TransactionImpl.java:286)
	at org.datanucleus.api.jdo.JDOTransaction.commit(JDOTransaction.java:99)
	at org.apache.hadoop.hive.metastore.ObjectStore.commitTransaction(ObjectStore.java:615)
	at sun.reflect.GeneratedMethodAccessor31.invoke(Unknown Source)
	at sun.reflect.DelegatingMethodAccessorImpl.invoke(DelegatingMethodAccessorImpl.java:43)
	at java.lang.reflect.Method.invoke(Method.java:498)
	at org.apache.hadoop.hive.metastore.RawStoreProxy.invoke(RawStoreProxy.java:97)
	at com.sun.proxy.$Proxy32.commitTransaction(Unknown Source)
	at org.apache.hadoop.hive.metastore.HMSHandler.drop_database_core(HMSHandler.java:1790)
	at org.apache.hadoop.hive.metastore.HMSHandler.drop_database(HMSHandler.java:1869)
	at sun.reflect.GeneratedMethodAccessor54.invoke(Unknown Source)
	at sun.reflect.DelegatingMethodAccessorImpl.invoke(DelegatingMethodAccessorImpl.java:43)
	at java.lang.reflect.Method.invoke(Method.java:498)
	at org.apache.hadoop.hive.metastore.RetryingHMSHandler.invokeInternal(RetryingHMSHandler.java:147)
	at org.apache.hadoop.hive.metastore.RetryingHMSHandler.invoke(RetryingHMSHandler.java:108)
	at com.sun.proxy.$Proxy35.drop_database(Unknown Source)
	at org.apache.hadoop.hive.metastore.HiveMetaStoreClient.dropDatabaseCascadePerDb(HiveMetaStoreClient.java:1601)
	at org.apache.hadoop.hive.metastore.HiveMetaStoreClient.dropDatabase(HiveMetaStoreClient.java:1532)
	at org.apache.hadoop.hive.metastore.HiveMetaStoreClient.dropDatabase(HiveMetaStoreClient.java:1485)
	at sun.reflect.NativeMethodAccessorImpl.invoke0(Native Method)
	at sun.reflect.NativeMethodAccessorImpl.invoke(NativeMethodAccessorImpl.java:62)
	at sun.reflect.DelegatingMethodAccessorImpl.invoke(DelegatingMethodAccessorImpl.java:43)
	at java.lang.reflect.Method.invoke(Method.java:498)
	at org.apache.hadoop.hive.metastore.RetryingMetaStoreClient.invoke(RetryingMetaStoreClient.java:218)
	at com.sun.proxy.$Proxy45.dropDatabase(Unknown Source)
	at org.apache.hadoop.hive.ql.metadata.Hive.dropDatabase(Hive.java:662)
	at org.apache.hadoop.hive.ql.ddl.database.drop.DropDatabaseOperation.execute(DropDatabaseOperation.java:52)
	at org.apache.hadoop.hive.ql.ddl.DDLTask.execute(DDLTask.java:84)
	at org.apache.hadoop.hive.ql.exec.Task.executeTask(Task.java:212)
	at org.apache.hadoop.hive.ql.exec.TaskRunner.runSequential(TaskRunner.java:105)
	at org.apache.hadoop.hive.ql.Executor.launchTask(Executor.java:361)
	at org.apache.hadoop.hive.ql.Executor.launchTasks(Executor.java:334)
	at org.apache.hadoop.hive.ql.Executor.runTasks(Executor.java:245)
	at org.apache.hadoop.hive.ql.Executor.execute(Executor.java:108)
	at org.apache.hadoop.hive.ql.Driver.execute(Driver.java:348)
	at org.apache.hadoop.hive.ql.Driver.runInternal(Driver.java:204)
	at org.apache.hadoop.hive.ql.Driver.run(Driver.java:153)
	at org.apache.hadoop.hive.ql.Driver.run(Driver.java:148)
	at org.apache.hadoop.hive.ql.reexec.ReExecDriver.run(ReExecDriver.java:164)
	at org.apache.hadoop.hive.ql.reexec.ReExecDriver.run(ReExecDriver.java:230)
	at org.apache.hive.hcatalog.pig.AbstractHCatLoaderTest.executeStatementOnDriver(AbstractHCatLoaderTest.java:151)
	at org.apache.hive.hcatalog.pig.AbstractHCatLoaderTest.tearDown(AbstractHCatLoaderTest.java:239)
	at sun.reflect.NativeMethodAccessorImpl.invoke0(Native Method)
	at sun.reflect.NativeMethodAccessorImpl.invoke(NativeMethodAccessorImpl.java:62)
	at sun.reflect.DelegatingMethodAccessorImpl.invoke(DelegatingMethodAccessorImpl.java:43)
	at java.lang.reflect.Method.invoke(Method.java:498)
	at org.junit.runners.model.FrameworkMethod$1.runReflectiveCall(FrameworkMethod.java:59)
	at org.junit.internal.runners.model.ReflectiveCallable.run(ReflectiveCallable.java:12)
	at org.junit.runners.model.FrameworkMethod.invokeExplosively(FrameworkMethod.java:56)
	at org.junit.internal.runners.statements.RunAfters.invokeMethod(RunAfters.java:46)
	at org.junit.internal.runners.statements.RunAfters.evaluate(RunAfters.java:33)
	at org.junit.runners.ParentRunner$3.evaluate(ParentRunner.java:306)
	at org.junit.runners.BlockJUnit4ClassRunner$1.evaluate(BlockJUnit4ClassRunner.java:100)
	at org.junit.runners.ParentRunner.runLeaf(ParentRunner.java:366)
	at org.junit.runners.BlockJUnit4ClassRunner.runChild(BlockJUnit4ClassRunner.java:103)
	at org.junit.runners.BlockJUnit4ClassRunner.runChild(BlockJUnit4ClassRunner.java:63)
	at org.junit.runners.ParentRunner$4.run(ParentRunner.java:331)
	at org.junit.runners.ParentRunner$1.schedule(ParentRunner.java:79)
	at org.junit.runners.ParentRunner.runChildren(ParentRunner.java:329)
	at org.junit.runners.ParentRunner.access$100(ParentRunner.java:66)
	at org.junit.runners.ParentRunner$2.evaluate(ParentRunner.java:293)
	at org.junit.internal.runners.statements.RunBefores.evaluate(RunBefores.java:26)
	at org.junit.runners.ParentRunner$3.evaluate(ParentRunner.java:306)
	at org.junit.runners.ParentRunner.run(ParentRunner.java:413)
	at org.junit.runners.Suite.runChild(Suite.java:128)
	at org.junit.runners.Suite.runChild(Suite.java:27)
	at org.junit.runners.ParentRunner$4.run(ParentRunner.java:331)
	at org.junit.runners.ParentRunner$1.schedule(ParentRunner.java:79)
	at org.junit.runners.ParentRunner.runChildren(ParentRunner.java:329)
	at org.junit.runners.ParentRunner.access$100(ParentRunner.java:66)
	at org.junit.runners.ParentRunner$2.evaluate(ParentRunner.java:293)
	at org.junit.runners.ParentRunner$3.evaluate(ParentRunner.java:306)
	at org.junit.runners.ParentRunner.run(ParentRunner.java:413)
	at org.apache.maven.surefire.junitcore.JUnitCore.run(JUnitCore.java:55)
	at org.apache.maven.surefire.junitcore.JUnitCoreWrapper.createRequestAndRun(JUnitCoreWrapper.java:137)
	at org.apache.maven.surefire.junitcore.JUnitCoreWrapper.executeEager(JUnitCoreWrapper.java:107)
	at org.apache.maven.surefire.junitcore.JUnitCoreWrapper.execute(JUnitCoreWrapper.java:83)
	at org.apache.maven.surefire.junitcore.JUnitCoreWrapper.execute(JUnitCoreWrapper.java:75)
	at org.apache.maven.surefire.junitcore.JUnitCoreProvider.invoke(JUnitCoreProvider.java:158)
	at org.apache.maven.surefire.booter.ForkedBooter.runSuitesInProcess(ForkedBooter.java:377)
	at org.apache.maven.surefire.booter.ForkedBooter.execute(ForkedBooter.java:138)
	at org.apache.maven.surefire.booter.ForkedBooter.run(ForkedBooter.java:465)
	at org.apache.maven.surefire.booter.ForkedBooter.main(ForkedBooter.java:451)
Caused by: org.apache.derby.shared.common.error.DerbySQLIntegrityConstraintViolationException: DELETE on table 'DBS' caused a violation of foreign key constraint 'TBLS_FK1' for key (3).  The statement has been rolled back.
	at org.apache.derby.impl.jdbc.SQLExceptionFactory.getSQLException(Unknown Source)
	at org.apache.derby.impl.jdbc.Util.generateCsSQLException(Unknown Source)
	at org.apache.derby.impl.jdbc.TransactionResourceImpl.wrapInSQLException(Unknown Source)
	at org.apache.derby.impl.jdbc.TransactionResourceImpl.handleException(Unknown Source)
	at org.apache.derby.impl.jdbc.EmbedConnection.handleException(Unknown Source)
	at org.apache.derby.impl.jdbc.ConnectionChild.handleException(Unknown Source)
	at org.apache.derby.impl.jdbc.EmbedStatement.executeStatement(Unknown Source)
	at org.apache.derby.impl.jdbc.EmbedPreparedStatement.executeBatchElement(Unknown Source)
	... 94 more
Caused by: ERROR 23503: DELETE on table 'DBS' caused a violation of foreign key constraint 'TBLS_FK1' for key (3).  The statement has been rolled back.
	at org.apache.derby.iapi.error.StandardException.newException(Unknown Source)
	at org.apache.derby.iapi.error.StandardException.newException(Unknown Source)
	at org.apache.derby.impl.sql.execute.ReferencedKeyRIChecker.doCheck(Unknown Source)
	at org.apache.derby.impl.sql.execute.RISetChecker.doPKCheck(Unknown Source)
	at org.apache.derby.impl.sql.execute.DeleteResultSet.collectAffectedRows(Unknown Source)
	at org.apache.derby.impl.sql.execute.DeleteResultSet.open(Unknown Source)
	at org.apache.derby.impl.sql.GenericPreparedStatement.executeStmt(Unknown Source)
	at org.apache.derby.impl.sql.GenericPreparedStatement.execute(Unknown Source)
	... 96 more

2024-04-24T11:28:53,334  INFO [main] HiveMetaStore.audit: ugi=alex	ip=unknown-ip-addr	cmd=drop_database: @hive#junit_specific_db	
2024-04-24T11:28:53,340  INFO [main] HiveMetaStore.audit: ugi=alex	ip=unknown-ip-addr	cmd=get_all_tables: db=@hive#junit_specific_db	
2024-04-24T11:28:53,341  INFO [main] HiveMetaStore.audit: ugi=alex	ip=unknown-ip-addr	cmd=get_functions: db=@hive#junit_specific_db pat=*	
2024-04-24T11:28:53,343  INFO [main] HiveMetaStore.audit: ugi=alex	ip=unknown-ip-addr	cmd=get_all_stored_procedures	
2024-04-24T11:28:53,344  INFO [main] HiveMetaStore.audit: ugi=alex	ip=unknown-ip-addr	cmd=get_all_packages	
2024-04-24T11:28:53,345  INFO [main] HiveMetaStore.audit: ugi=alex	ip=unknown-ip-addr	cmd=getTablesByTypeCore: catName=hive: db=junit_specific_db pat=.*,type=MATERIALIZED_VIEW	
2024-04-24T11:28:53,350  INFO [main] metastore.ObjectStore: Dropping database hive.junit_specific_db along with all tables
2024-04-24T11:28:53,356  INFO [main] txn.TxnHandler: Non-retryable error in cleanupRecords : Table/View 'TXN_COMPONENTS' does not exist. (SQLState=42X05, ErrorCode=20000)
2024-04-24T11:28:53,356  WARN [main] txn.TxnHandler: Cannot perform cleanup since metastore table does not exist
2024-04-24T11:28:53,358 ERROR [main] metastore.RetryingHMSHandler: Retrying HMSHandler after 2000 ms (attempt 9 of 10) with error: javax.jdo.JDODataStoreException: Exception thrown flushing changes to datastore
	at org.datanucleus.api.jdo.NucleusJDOHelper.getJDOExceptionForNucleusException(NucleusJDOHelper.java:542)
	at org.datanucleus.api.jdo.JDOTransaction.commit(JDOTransaction.java:162)
	at org.apache.hadoop.hive.metastore.ObjectStore.commitTransaction(ObjectStore.java:615)
	at sun.reflect.GeneratedMethodAccessor31.invoke(Unknown Source)
	at sun.reflect.DelegatingMethodAccessorImpl.invoke(DelegatingMethodAccessorImpl.java:43)
	at java.lang.reflect.Method.invoke(Method.java:498)
	at org.apache.hadoop.hive.metastore.RawStoreProxy.invoke(RawStoreProxy.java:97)
	at com.sun.proxy.$Proxy32.commitTransaction(Unknown Source)
	at org.apache.hadoop.hive.metastore.HMSHandler.drop_database_core(HMSHandler.java:1790)
	at org.apache.hadoop.hive.metastore.HMSHandler.drop_database(HMSHandler.java:1869)
	at sun.reflect.GeneratedMethodAccessor54.invoke(Unknown Source)
	at sun.reflect.DelegatingMethodAccessorImpl.invoke(DelegatingMethodAccessorImpl.java:43)
	at java.lang.reflect.Method.invoke(Method.java:498)
	at org.apache.hadoop.hive.metastore.RetryingHMSHandler.invokeInternal(RetryingHMSHandler.java:147)
	at org.apache.hadoop.hive.metastore.RetryingHMSHandler.invoke(RetryingHMSHandler.java:108)
	at com.sun.proxy.$Proxy35.drop_database(Unknown Source)
	at org.apache.hadoop.hive.metastore.HiveMetaStoreClient.dropDatabaseCascadePerDb(HiveMetaStoreClient.java:1601)
	at org.apache.hadoop.hive.metastore.HiveMetaStoreClient.dropDatabase(HiveMetaStoreClient.java:1532)
	at org.apache.hadoop.hive.metastore.HiveMetaStoreClient.dropDatabase(HiveMetaStoreClient.java:1485)
	at sun.reflect.NativeMethodAccessorImpl.invoke0(Native Method)
	at sun.reflect.NativeMethodAccessorImpl.invoke(NativeMethodAccessorImpl.java:62)
	at sun.reflect.DelegatingMethodAccessorImpl.invoke(DelegatingMethodAccessorImpl.java:43)
	at java.lang.reflect.Method.invoke(Method.java:498)
	at org.apache.hadoop.hive.metastore.RetryingMetaStoreClient.invoke(RetryingMetaStoreClient.java:218)
	at com.sun.proxy.$Proxy45.dropDatabase(Unknown Source)
	at org.apache.hadoop.hive.ql.metadata.Hive.dropDatabase(Hive.java:662)
	at org.apache.hadoop.hive.ql.ddl.database.drop.DropDatabaseOperation.execute(DropDatabaseOperation.java:52)
	at org.apache.hadoop.hive.ql.ddl.DDLTask.execute(DDLTask.java:84)
	at org.apache.hadoop.hive.ql.exec.Task.executeTask(Task.java:212)
	at org.apache.hadoop.hive.ql.exec.TaskRunner.runSequential(TaskRunner.java:105)
	at org.apache.hadoop.hive.ql.Executor.launchTask(Executor.java:361)
	at org.apache.hadoop.hive.ql.Executor.launchTasks(Executor.java:334)
	at org.apache.hadoop.hive.ql.Executor.runTasks(Executor.java:245)
	at org.apache.hadoop.hive.ql.Executor.execute(Executor.java:108)
	at org.apache.hadoop.hive.ql.Driver.execute(Driver.java:348)
	at org.apache.hadoop.hive.ql.Driver.runInternal(Driver.java:204)
	at org.apache.hadoop.hive.ql.Driver.run(Driver.java:153)
	at org.apache.hadoop.hive.ql.Driver.run(Driver.java:148)
	at org.apache.hadoop.hive.ql.reexec.ReExecDriver.run(ReExecDriver.java:164)
	at org.apache.hadoop.hive.ql.reexec.ReExecDriver.run(ReExecDriver.java:230)
	at org.apache.hive.hcatalog.pig.AbstractHCatLoaderTest.executeStatementOnDriver(AbstractHCatLoaderTest.java:151)
	at org.apache.hive.hcatalog.pig.AbstractHCatLoaderTest.tearDown(AbstractHCatLoaderTest.java:239)
	at sun.reflect.NativeMethodAccessorImpl.invoke0(Native Method)
	at sun.reflect.NativeMethodAccessorImpl.invoke(NativeMethodAccessorImpl.java:62)
	at sun.reflect.DelegatingMethodAccessorImpl.invoke(DelegatingMethodAccessorImpl.java:43)
	at java.lang.reflect.Method.invoke(Method.java:498)
	at org.junit.runners.model.FrameworkMethod$1.runReflectiveCall(FrameworkMethod.java:59)
	at org.junit.internal.runners.model.ReflectiveCallable.run(ReflectiveCallable.java:12)
	at org.junit.runners.model.FrameworkMethod.invokeExplosively(FrameworkMethod.java:56)
	at org.junit.internal.runners.statements.RunAfters.invokeMethod(RunAfters.java:46)
	at org.junit.internal.runners.statements.RunAfters.evaluate(RunAfters.java:33)
	at org.junit.runners.ParentRunner$3.evaluate(ParentRunner.java:306)
	at org.junit.runners.BlockJUnit4ClassRunner$1.evaluate(BlockJUnit4ClassRunner.java:100)
	at org.junit.runners.ParentRunner.runLeaf(ParentRunner.java:366)
	at org.junit.runners.BlockJUnit4ClassRunner.runChild(BlockJUnit4ClassRunner.java:103)
	at org.junit.runners.BlockJUnit4ClassRunner.runChild(BlockJUnit4ClassRunner.java:63)
	at org.junit.runners.ParentRunner$4.run(ParentRunner.java:331)
	at org.junit.runners.ParentRunner$1.schedule(ParentRunner.java:79)
	at org.junit.runners.ParentRunner.runChildren(ParentRunner.java:329)
	at org.junit.runners.ParentRunner.access$100(ParentRunner.java:66)
	at org.junit.runners.ParentRunner$2.evaluate(ParentRunner.java:293)
	at org.junit.internal.runners.statements.RunBefores.evaluate(RunBefores.java:26)
	at org.junit.runners.ParentRunner$3.evaluate(ParentRunner.java:306)
	at org.junit.runners.ParentRunner.run(ParentRunner.java:413)
	at org.junit.runners.Suite.runChild(Suite.java:128)
	at org.junit.runners.Suite.runChild(Suite.java:27)
	at org.junit.runners.ParentRunner$4.run(ParentRunner.java:331)
	at org.junit.runners.ParentRunner$1.schedule(ParentRunner.java:79)
	at org.junit.runners.ParentRunner.runChildren(ParentRunner.java:329)
	at org.junit.runners.ParentRunner.access$100(ParentRunner.java:66)
	at org.junit.runners.ParentRunner$2.evaluate(ParentRunner.java:293)
	at org.junit.runners.ParentRunner$3.evaluate(ParentRunner.java:306)
	at org.junit.runners.ParentRunner.run(ParentRunner.java:413)
	at org.apache.maven.surefire.junitcore.JUnitCore.run(JUnitCore.java:55)
	at org.apache.maven.surefire.junitcore.JUnitCoreWrapper.createRequestAndRun(JUnitCoreWrapper.java:137)
	at org.apache.maven.surefire.junitcore.JUnitCoreWrapper.executeEager(JUnitCoreWrapper.java:107)
	at org.apache.maven.surefire.junitcore.JUnitCoreWrapper.execute(JUnitCoreWrapper.java:83)
	at org.apache.maven.surefire.junitcore.JUnitCoreWrapper.execute(JUnitCoreWrapper.java:75)
	at org.apache.maven.surefire.junitcore.JUnitCoreProvider.invoke(JUnitCoreProvider.java:158)
	at org.apache.maven.surefire.booter.ForkedBooter.runSuitesInProcess(ForkedBooter.java:377)
	at org.apache.maven.surefire.booter.ForkedBooter.execute(ForkedBooter.java:138)
	at org.apache.maven.surefire.booter.ForkedBooter.run(ForkedBooter.java:465)
	at org.apache.maven.surefire.booter.ForkedBooter.main(ForkedBooter.java:451)
NestedThrowablesStackTrace:
java.sql.BatchUpdateException: DELETE on table 'DBS' caused a violation of foreign key constraint 'TBLS_FK1' for key (3).  The statement has been rolled back.
	at org.apache.derby.impl.jdbc.EmbedStatement.executeLargeBatch(Unknown Source)
	at org.apache.derby.impl.jdbc.EmbedStatement.executeBatch(Unknown Source)
	at com.zaxxer.hikari.pool.ProxyStatement.executeBatch(ProxyStatement.java:128)
	at com.zaxxer.hikari.pool.HikariProxyPreparedStatement.executeBatch(HikariProxyPreparedStatement.java)
	at org.datanucleus.store.rdbms.ParamLoggingPreparedStatement.executeBatch(ParamLoggingPreparedStatement.java:366)
	at org.datanucleus.store.rdbms.SQLController.processConnectionStatement(SQLController.java:675)
	at org.datanucleus.store.rdbms.SQLController.processStatementsForConnection(SQLController.java:643)
	at org.datanucleus.store.rdbms.SQLController$1.transactionFlushed(SQLController.java:729)
	at org.datanucleus.store.connection.AbstractManagedConnection.transactionFlushed(AbstractManagedConnection.java:95)
	at org.datanucleus.store.connection.ConnectionManagerImpl$2.transactionFlushed(ConnectionManagerImpl.java:528)
	at org.datanucleus.TransactionImpl.flush(TransactionImpl.java:222)
	at org.datanucleus.TransactionImpl.commit(TransactionImpl.java:286)
	at org.datanucleus.api.jdo.JDOTransaction.commit(JDOTransaction.java:99)
	at org.apache.hadoop.hive.metastore.ObjectStore.commitTransaction(ObjectStore.java:615)
	at sun.reflect.GeneratedMethodAccessor31.invoke(Unknown Source)
	at sun.reflect.DelegatingMethodAccessorImpl.invoke(DelegatingMethodAccessorImpl.java:43)
	at java.lang.reflect.Method.invoke(Method.java:498)
	at org.apache.hadoop.hive.metastore.RawStoreProxy.invoke(RawStoreProxy.java:97)
	at com.sun.proxy.$Proxy32.commitTransaction(Unknown Source)
	at org.apache.hadoop.hive.metastore.HMSHandler.drop_database_core(HMSHandler.java:1790)
	at org.apache.hadoop.hive.metastore.HMSHandler.drop_database(HMSHandler.java:1869)
	at sun.reflect.GeneratedMethodAccessor54.invoke(Unknown Source)
	at sun.reflect.DelegatingMethodAccessorImpl.invoke(DelegatingMethodAccessorImpl.java:43)
	at java.lang.reflect.Method.invoke(Method.java:498)
	at org.apache.hadoop.hive.metastore.RetryingHMSHandler.invokeInternal(RetryingHMSHandler.java:147)
	at org.apache.hadoop.hive.metastore.RetryingHMSHandler.invoke(RetryingHMSHandler.java:108)
	at com.sun.proxy.$Proxy35.drop_database(Unknown Source)
	at org.apache.hadoop.hive.metastore.HiveMetaStoreClient.dropDatabaseCascadePerDb(HiveMetaStoreClient.java:1601)
	at org.apache.hadoop.hive.metastore.HiveMetaStoreClient.dropDatabase(HiveMetaStoreClient.java:1532)
	at org.apache.hadoop.hive.metastore.HiveMetaStoreClient.dropDatabase(HiveMetaStoreClient.java:1485)
	at sun.reflect.NativeMethodAccessorImpl.invoke0(Native Method)
	at sun.reflect.NativeMethodAccessorImpl.invoke(NativeMethodAccessorImpl.java:62)
	at sun.reflect.DelegatingMethodAccessorImpl.invoke(DelegatingMethodAccessorImpl.java:43)
	at java.lang.reflect.Method.invoke(Method.java:498)
	at org.apache.hadoop.hive.metastore.RetryingMetaStoreClient.invoke(RetryingMetaStoreClient.java:218)
	at com.sun.proxy.$Proxy45.dropDatabase(Unknown Source)
	at org.apache.hadoop.hive.ql.metadata.Hive.dropDatabase(Hive.java:662)
	at org.apache.hadoop.hive.ql.ddl.database.drop.DropDatabaseOperation.execute(DropDatabaseOperation.java:52)
	at org.apache.hadoop.hive.ql.ddl.DDLTask.execute(DDLTask.java:84)
	at org.apache.hadoop.hive.ql.exec.Task.executeTask(Task.java:212)
	at org.apache.hadoop.hive.ql.exec.TaskRunner.runSequential(TaskRunner.java:105)
	at org.apache.hadoop.hive.ql.Executor.launchTask(Executor.java:361)
	at org.apache.hadoop.hive.ql.Executor.launchTasks(Executor.java:334)
	at org.apache.hadoop.hive.ql.Executor.runTasks(Executor.java:245)
	at org.apache.hadoop.hive.ql.Executor.execute(Executor.java:108)
	at org.apache.hadoop.hive.ql.Driver.execute(Driver.java:348)
	at org.apache.hadoop.hive.ql.Driver.runInternal(Driver.java:204)
	at org.apache.hadoop.hive.ql.Driver.run(Driver.java:153)
	at org.apache.hadoop.hive.ql.Driver.run(Driver.java:148)
	at org.apache.hadoop.hive.ql.reexec.ReExecDriver.run(ReExecDriver.java:164)
	at org.apache.hadoop.hive.ql.reexec.ReExecDriver.run(ReExecDriver.java:230)
	at org.apache.hive.hcatalog.pig.AbstractHCatLoaderTest.executeStatementOnDriver(AbstractHCatLoaderTest.java:151)
	at org.apache.hive.hcatalog.pig.AbstractHCatLoaderTest.tearDown(AbstractHCatLoaderTest.java:239)
	at sun.reflect.NativeMethodAccessorImpl.invoke0(Native Method)
	at sun.reflect.NativeMethodAccessorImpl.invoke(NativeMethodAccessorImpl.java:62)
	at sun.reflect.DelegatingMethodAccessorImpl.invoke(DelegatingMethodAccessorImpl.java:43)
	at java.lang.reflect.Method.invoke(Method.java:498)
	at org.junit.runners.model.FrameworkMethod$1.runReflectiveCall(FrameworkMethod.java:59)
	at org.junit.internal.runners.model.ReflectiveCallable.run(ReflectiveCallable.java:12)
	at org.junit.runners.model.FrameworkMethod.invokeExplosively(FrameworkMethod.java:56)
	at org.junit.internal.runners.statements.RunAfters.invokeMethod(RunAfters.java:46)
	at org.junit.internal.runners.statements.RunAfters.evaluate(RunAfters.java:33)
	at org.junit.runners.ParentRunner$3.evaluate(ParentRunner.java:306)
	at org.junit.runners.BlockJUnit4ClassRunner$1.evaluate(BlockJUnit4ClassRunner.java:100)
	at org.junit.runners.ParentRunner.runLeaf(ParentRunner.java:366)
	at org.junit.runners.BlockJUnit4ClassRunner.runChild(BlockJUnit4ClassRunner.java:103)
	at org.junit.runners.BlockJUnit4ClassRunner.runChild(BlockJUnit4ClassRunner.java:63)
	at org.junit.runners.ParentRunner$4.run(ParentRunner.java:331)
	at org.junit.runners.ParentRunner$1.schedule(ParentRunner.java:79)
	at org.junit.runners.ParentRunner.runChildren(ParentRunner.java:329)
	at org.junit.runners.ParentRunner.access$100(ParentRunner.java:66)
	at org.junit.runners.ParentRunner$2.evaluate(ParentRunner.java:293)
	at org.junit.internal.runners.statements.RunBefores.evaluate(RunBefores.java:26)
	at org.junit.runners.ParentRunner$3.evaluate(ParentRunner.java:306)
	at org.junit.runners.ParentRunner.run(ParentRunner.java:413)
	at org.junit.runners.Suite.runChild(Suite.java:128)
	at org.junit.runners.Suite.runChild(Suite.java:27)
	at org.junit.runners.ParentRunner$4.run(ParentRunner.java:331)
	at org.junit.runners.ParentRunner$1.schedule(ParentRunner.java:79)
	at org.junit.runners.ParentRunner.runChildren(ParentRunner.java:329)
	at org.junit.runners.ParentRunner.access$100(ParentRunner.java:66)
	at org.junit.runners.ParentRunner$2.evaluate(ParentRunner.java:293)
	at org.junit.runners.ParentRunner$3.evaluate(ParentRunner.java:306)
	at org.junit.runners.ParentRunner.run(ParentRunner.java:413)
	at org.apache.maven.surefire.junitcore.JUnitCore.run(JUnitCore.java:55)
	at org.apache.maven.surefire.junitcore.JUnitCoreWrapper.createRequestAndRun(JUnitCoreWrapper.java:137)
	at org.apache.maven.surefire.junitcore.JUnitCoreWrapper.executeEager(JUnitCoreWrapper.java:107)
	at org.apache.maven.surefire.junitcore.JUnitCoreWrapper.execute(JUnitCoreWrapper.java:83)
	at org.apache.maven.surefire.junitcore.JUnitCoreWrapper.execute(JUnitCoreWrapper.java:75)
	at org.apache.maven.surefire.junitcore.JUnitCoreProvider.invoke(JUnitCoreProvider.java:158)
	at org.apache.maven.surefire.booter.ForkedBooter.runSuitesInProcess(ForkedBooter.java:377)
	at org.apache.maven.surefire.booter.ForkedBooter.execute(ForkedBooter.java:138)
	at org.apache.maven.surefire.booter.ForkedBooter.run(ForkedBooter.java:465)
	at org.apache.maven.surefire.booter.ForkedBooter.main(ForkedBooter.java:451)
Caused by: org.apache.derby.shared.common.error.DerbySQLIntegrityConstraintViolationException: DELETE on table 'DBS' caused a violation of foreign key constraint 'TBLS_FK1' for key (3).  The statement has been rolled back.
	at org.apache.derby.impl.jdbc.SQLExceptionFactory.getSQLException(Unknown Source)
	at org.apache.derby.impl.jdbc.Util.generateCsSQLException(Unknown Source)
	at org.apache.derby.impl.jdbc.TransactionResourceImpl.wrapInSQLException(Unknown Source)
	at org.apache.derby.impl.jdbc.TransactionResourceImpl.handleException(Unknown Source)
	at org.apache.derby.impl.jdbc.EmbedConnection.handleException(Unknown Source)
	at org.apache.derby.impl.jdbc.ConnectionChild.handleException(Unknown Source)
	at org.apache.derby.impl.jdbc.EmbedStatement.executeStatement(Unknown Source)
	at org.apache.derby.impl.jdbc.EmbedPreparedStatement.executeBatchElement(Unknown Source)
	... 94 more
Caused by: ERROR 23503: DELETE on table 'DBS' caused a violation of foreign key constraint 'TBLS_FK1' for key (3).  The statement has been rolled back.
	at org.apache.derby.iapi.error.StandardException.newException(Unknown Source)
	at org.apache.derby.iapi.error.StandardException.newException(Unknown Source)
	at org.apache.derby.impl.sql.execute.ReferencedKeyRIChecker.doCheck(Unknown Source)
	at org.apache.derby.impl.sql.execute.RISetChecker.doPKCheck(Unknown Source)
	at org.apache.derby.impl.sql.execute.DeleteResultSet.collectAffectedRows(Unknown Source)
	at org.apache.derby.impl.sql.execute.DeleteResultSet.open(Unknown Source)
	at org.apache.derby.impl.sql.GenericPreparedStatement.executeStmt(Unknown Source)
	at org.apache.derby.impl.sql.GenericPreparedStatement.execute(Unknown Source)
	... 96 more

2024-04-24T11:28:55,359  INFO [main] HiveMetaStore.audit: ugi=alex	ip=unknown-ip-addr	cmd=drop_database: @hive#junit_specific_db	
2024-04-24T11:28:55,365  INFO [main] HiveMetaStore.audit: ugi=alex	ip=unknown-ip-addr	cmd=get_all_tables: db=@hive#junit_specific_db	
2024-04-24T11:28:55,365  INFO [main] HiveMetaStore.audit: ugi=alex	ip=unknown-ip-addr	cmd=get_functions: db=@hive#junit_specific_db pat=*	
2024-04-24T11:28:55,368  INFO [main] HiveMetaStore.audit: ugi=alex	ip=unknown-ip-addr	cmd=get_all_stored_procedures	
2024-04-24T11:28:55,369  INFO [main] HiveMetaStore.audit: ugi=alex	ip=unknown-ip-addr	cmd=get_all_packages	
2024-04-24T11:28:55,370  INFO [main] HiveMetaStore.audit: ugi=alex	ip=unknown-ip-addr	cmd=getTablesByTypeCore: catName=hive: db=junit_specific_db pat=.*,type=MATERIALIZED_VIEW	
2024-04-24T11:28:55,374  INFO [main] metastore.ObjectStore: Dropping database hive.junit_specific_db along with all tables
2024-04-24T11:28:55,381  INFO [main] txn.TxnHandler: Non-retryable error in cleanupRecords : Table/View 'TXN_COMPONENTS' does not exist. (SQLState=42X05, ErrorCode=20000)
2024-04-24T11:28:55,381  WARN [main] txn.TxnHandler: Cannot perform cleanup since metastore table does not exist
2024-04-24T11:28:55,383 ERROR [main] metastore.RetryingHMSHandler: Retrying HMSHandler after 2000 ms (attempt 10 of 10) with error: javax.jdo.JDODataStoreException: Exception thrown flushing changes to datastore
	at org.datanucleus.api.jdo.NucleusJDOHelper.getJDOExceptionForNucleusException(NucleusJDOHelper.java:542)
	at org.datanucleus.api.jdo.JDOTransaction.commit(JDOTransaction.java:162)
	at org.apache.hadoop.hive.metastore.ObjectStore.commitTransaction(ObjectStore.java:615)
	at sun.reflect.GeneratedMethodAccessor31.invoke(Unknown Source)
	at sun.reflect.DelegatingMethodAccessorImpl.invoke(DelegatingMethodAccessorImpl.java:43)
	at java.lang.reflect.Method.invoke(Method.java:498)
	at org.apache.hadoop.hive.metastore.RawStoreProxy.invoke(RawStoreProxy.java:97)
	at com.sun.proxy.$Proxy32.commitTransaction(Unknown Source)
	at org.apache.hadoop.hive.metastore.HMSHandler.drop_database_core(HMSHandler.java:1790)
	at org.apache.hadoop.hive.metastore.HMSHandler.drop_database(HMSHandler.java:1869)
	at sun.reflect.GeneratedMethodAccessor54.invoke(Unknown Source)
	at sun.reflect.DelegatingMethodAccessorImpl.invoke(DelegatingMethodAccessorImpl.java:43)
	at java.lang.reflect.Method.invoke(Method.java:498)
	at org.apache.hadoop.hive.metastore.RetryingHMSHandler.invokeInternal(RetryingHMSHandler.java:147)
	at org.apache.hadoop.hive.metastore.RetryingHMSHandler.invoke(RetryingHMSHandler.java:108)
	at com.sun.proxy.$Proxy35.drop_database(Unknown Source)
	at org.apache.hadoop.hive.metastore.HiveMetaStoreClient.dropDatabaseCascadePerDb(HiveMetaStoreClient.java:1601)
	at org.apache.hadoop.hive.metastore.HiveMetaStoreClient.dropDatabase(HiveMetaStoreClient.java:1532)
	at org.apache.hadoop.hive.metastore.HiveMetaStoreClient.dropDatabase(HiveMetaStoreClient.java:1485)
	at sun.reflect.NativeMethodAccessorImpl.invoke0(Native Method)
	at sun.reflect.NativeMethodAccessorImpl.invoke(NativeMethodAccessorImpl.java:62)
	at sun.reflect.DelegatingMethodAccessorImpl.invoke(DelegatingMethodAccessorImpl.java:43)
	at java.lang.reflect.Method.invoke(Method.java:498)
	at org.apache.hadoop.hive.metastore.RetryingMetaStoreClient.invoke(RetryingMetaStoreClient.java:218)
	at com.sun.proxy.$Proxy45.dropDatabase(Unknown Source)
	at org.apache.hadoop.hive.ql.metadata.Hive.dropDatabase(Hive.java:662)
	at org.apache.hadoop.hive.ql.ddl.database.drop.DropDatabaseOperation.execute(DropDatabaseOperation.java:52)
	at org.apache.hadoop.hive.ql.ddl.DDLTask.execute(DDLTask.java:84)
	at org.apache.hadoop.hive.ql.exec.Task.executeTask(Task.java:212)
	at org.apache.hadoop.hive.ql.exec.TaskRunner.runSequential(TaskRunner.java:105)
	at org.apache.hadoop.hive.ql.Executor.launchTask(Executor.java:361)
	at org.apache.hadoop.hive.ql.Executor.launchTasks(Executor.java:334)
	at org.apache.hadoop.hive.ql.Executor.runTasks(Executor.java:245)
	at org.apache.hadoop.hive.ql.Executor.execute(Executor.java:108)
	at org.apache.hadoop.hive.ql.Driver.execute(Driver.java:348)
	at org.apache.hadoop.hive.ql.Driver.runInternal(Driver.java:204)
	at org.apache.hadoop.hive.ql.Driver.run(Driver.java:153)
	at org.apache.hadoop.hive.ql.Driver.run(Driver.java:148)
	at org.apache.hadoop.hive.ql.reexec.ReExecDriver.run(ReExecDriver.java:164)
	at org.apache.hadoop.hive.ql.reexec.ReExecDriver.run(ReExecDriver.java:230)
	at org.apache.hive.hcatalog.pig.AbstractHCatLoaderTest.executeStatementOnDriver(AbstractHCatLoaderTest.java:151)
	at org.apache.hive.hcatalog.pig.AbstractHCatLoaderTest.tearDown(AbstractHCatLoaderTest.java:239)
	at sun.reflect.NativeMethodAccessorImpl.invoke0(Native Method)
	at sun.reflect.NativeMethodAccessorImpl.invoke(NativeMethodAccessorImpl.java:62)
	at sun.reflect.DelegatingMethodAccessorImpl.invoke(DelegatingMethodAccessorImpl.java:43)
	at java.lang.reflect.Method.invoke(Method.java:498)
	at org.junit.runners.model.FrameworkMethod$1.runReflectiveCall(FrameworkMethod.java:59)
	at org.junit.internal.runners.model.ReflectiveCallable.run(ReflectiveCallable.java:12)
	at org.junit.runners.model.FrameworkMethod.invokeExplosively(FrameworkMethod.java:56)
	at org.junit.internal.runners.statements.RunAfters.invokeMethod(RunAfters.java:46)
	at org.junit.internal.runners.statements.RunAfters.evaluate(RunAfters.java:33)
	at org.junit.runners.ParentRunner$3.evaluate(ParentRunner.java:306)
	at org.junit.runners.BlockJUnit4ClassRunner$1.evaluate(BlockJUnit4ClassRunner.java:100)
	at org.junit.runners.ParentRunner.runLeaf(ParentRunner.java:366)
	at org.junit.runners.BlockJUnit4ClassRunner.runChild(BlockJUnit4ClassRunner.java:103)
	at org.junit.runners.BlockJUnit4ClassRunner.runChild(BlockJUnit4ClassRunner.java:63)
	at org.junit.runners.ParentRunner$4.run(ParentRunner.java:331)
	at org.junit.runners.ParentRunner$1.schedule(ParentRunner.java:79)
	at org.junit.runners.ParentRunner.runChildren(ParentRunner.java:329)
	at org.junit.runners.ParentRunner.access$100(ParentRunner.java:66)
	at org.junit.runners.ParentRunner$2.evaluate(ParentRunner.java:293)
	at org.junit.internal.runners.statements.RunBefores.evaluate(RunBefores.java:26)
	at org.junit.runners.ParentRunner$3.evaluate(ParentRunner.java:306)
	at org.junit.runners.ParentRunner.run(ParentRunner.java:413)
	at org.junit.runners.Suite.runChild(Suite.java:128)
	at org.junit.runners.Suite.runChild(Suite.java:27)
	at org.junit.runners.ParentRunner$4.run(ParentRunner.java:331)
	at org.junit.runners.ParentRunner$1.schedule(ParentRunner.java:79)
	at org.junit.runners.ParentRunner.runChildren(ParentRunner.java:329)
	at org.junit.runners.ParentRunner.access$100(ParentRunner.java:66)
	at org.junit.runners.ParentRunner$2.evaluate(ParentRunner.java:293)
	at org.junit.runners.ParentRunner$3.evaluate(ParentRunner.java:306)
	at org.junit.runners.ParentRunner.run(ParentRunner.java:413)
	at org.apache.maven.surefire.junitcore.JUnitCore.run(JUnitCore.java:55)
	at org.apache.maven.surefire.junitcore.JUnitCoreWrapper.createRequestAndRun(JUnitCoreWrapper.java:137)
	at org.apache.maven.surefire.junitcore.JUnitCoreWrapper.executeEager(JUnitCoreWrapper.java:107)
	at org.apache.maven.surefire.junitcore.JUnitCoreWrapper.execute(JUnitCoreWrapper.java:83)
	at org.apache.maven.surefire.junitcore.JUnitCoreWrapper.execute(JUnitCoreWrapper.java:75)
	at org.apache.maven.surefire.junitcore.JUnitCoreProvider.invoke(JUnitCoreProvider.java:158)
	at org.apache.maven.surefire.booter.ForkedBooter.runSuitesInProcess(ForkedBooter.java:377)
	at org.apache.maven.surefire.booter.ForkedBooter.execute(ForkedBooter.java:138)
	at org.apache.maven.surefire.booter.ForkedBooter.run(ForkedBooter.java:465)
	at org.apache.maven.surefire.booter.ForkedBooter.main(ForkedBooter.java:451)
NestedThrowablesStackTrace:
java.sql.BatchUpdateException: DELETE on table 'DBS' caused a violation of foreign key constraint 'TBLS_FK1' for key (3).  The statement has been rolled back.
	at org.apache.derby.impl.jdbc.EmbedStatement.executeLargeBatch(Unknown Source)
	at org.apache.derby.impl.jdbc.EmbedStatement.executeBatch(Unknown Source)
	at com.zaxxer.hikari.pool.ProxyStatement.executeBatch(ProxyStatement.java:128)
	at com.zaxxer.hikari.pool.HikariProxyPreparedStatement.executeBatch(HikariProxyPreparedStatement.java)
	at org.datanucleus.store.rdbms.ParamLoggingPreparedStatement.executeBatch(ParamLoggingPreparedStatement.java:366)
	at org.datanucleus.store.rdbms.SQLController.processConnectionStatement(SQLController.java:675)
	at org.datanucleus.store.rdbms.SQLController.processStatementsForConnection(SQLController.java:643)
	at org.datanucleus.store.rdbms.SQLController$1.transactionFlushed(SQLController.java:729)
	at org.datanucleus.store.connection.AbstractManagedConnection.transactionFlushed(AbstractManagedConnection.java:95)
	at org.datanucleus.store.connection.ConnectionManagerImpl$2.transactionFlushed(ConnectionManagerImpl.java:528)
	at org.datanucleus.TransactionImpl.flush(TransactionImpl.java:222)
	at org.datanucleus.TransactionImpl.commit(TransactionImpl.java:286)
	at org.datanucleus.api.jdo.JDOTransaction.commit(JDOTransaction.java:99)
	at org.apache.hadoop.hive.metastore.ObjectStore.commitTransaction(ObjectStore.java:615)
	at sun.reflect.GeneratedMethodAccessor31.invoke(Unknown Source)
	at sun.reflect.DelegatingMethodAccessorImpl.invoke(DelegatingMethodAccessorImpl.java:43)
	at java.lang.reflect.Method.invoke(Method.java:498)
	at org.apache.hadoop.hive.metastore.RawStoreProxy.invoke(RawStoreProxy.java:97)
	at com.sun.proxy.$Proxy32.commitTransaction(Unknown Source)
	at org.apache.hadoop.hive.metastore.HMSHandler.drop_database_core(HMSHandler.java:1790)
	at org.apache.hadoop.hive.metastore.HMSHandler.drop_database(HMSHandler.java:1869)
	at sun.reflect.GeneratedMethodAccessor54.invoke(Unknown Source)
	at sun.reflect.DelegatingMethodAccessorImpl.invoke(DelegatingMethodAccessorImpl.java:43)
	at java.lang.reflect.Method.invoke(Method.java:498)
	at org.apache.hadoop.hive.metastore.RetryingHMSHandler.invokeInternal(RetryingHMSHandler.java:147)
	at org.apache.hadoop.hive.metastore.RetryingHMSHandler.invoke(RetryingHMSHandler.java:108)
	at com.sun.proxy.$Proxy35.drop_database(Unknown Source)
	at org.apache.hadoop.hive.metastore.HiveMetaStoreClient.dropDatabaseCascadePerDb(HiveMetaStoreClient.java:1601)
	at org.apache.hadoop.hive.metastore.HiveMetaStoreClient.dropDatabase(HiveMetaStoreClient.java:1532)
	at org.apache.hadoop.hive.metastore.HiveMetaStoreClient.dropDatabase(HiveMetaStoreClient.java:1485)
	at sun.reflect.NativeMethodAccessorImpl.invoke0(Native Method)
	at sun.reflect.NativeMethodAccessorImpl.invoke(NativeMethodAccessorImpl.java:62)
	at sun.reflect.DelegatingMethodAccessorImpl.invoke(DelegatingMethodAccessorImpl.java:43)
	at java.lang.reflect.Method.invoke(Method.java:498)
	at org.apache.hadoop.hive.metastore.RetryingMetaStoreClient.invoke(RetryingMetaStoreClient.java:218)
	at com.sun.proxy.$Proxy45.dropDatabase(Unknown Source)
	at org.apache.hadoop.hive.ql.metadata.Hive.dropDatabase(Hive.java:662)
	at org.apache.hadoop.hive.ql.ddl.database.drop.DropDatabaseOperation.execute(DropDatabaseOperation.java:52)
	at org.apache.hadoop.hive.ql.ddl.DDLTask.execute(DDLTask.java:84)
	at org.apache.hadoop.hive.ql.exec.Task.executeTask(Task.java:212)
	at org.apache.hadoop.hive.ql.exec.TaskRunner.runSequential(TaskRunner.java:105)
	at org.apache.hadoop.hive.ql.Executor.launchTask(Executor.java:361)
	at org.apache.hadoop.hive.ql.Executor.launchTasks(Executor.java:334)
	at org.apache.hadoop.hive.ql.Executor.runTasks(Executor.java:245)
	at org.apache.hadoop.hive.ql.Executor.execute(Executor.java:108)
	at org.apache.hadoop.hive.ql.Driver.execute(Driver.java:348)
	at org.apache.hadoop.hive.ql.Driver.runInternal(Driver.java:204)
	at org.apache.hadoop.hive.ql.Driver.run(Driver.java:153)
	at org.apache.hadoop.hive.ql.Driver.run(Driver.java:148)
	at org.apache.hadoop.hive.ql.reexec.ReExecDriver.run(ReExecDriver.java:164)
	at org.apache.hadoop.hive.ql.reexec.ReExecDriver.run(ReExecDriver.java:230)
	at org.apache.hive.hcatalog.pig.AbstractHCatLoaderTest.executeStatementOnDriver(AbstractHCatLoaderTest.java:151)
	at org.apache.hive.hcatalog.pig.AbstractHCatLoaderTest.tearDown(AbstractHCatLoaderTest.java:239)
	at sun.reflect.NativeMethodAccessorImpl.invoke0(Native Method)
	at sun.reflect.NativeMethodAccessorImpl.invoke(NativeMethodAccessorImpl.java:62)
	at sun.reflect.DelegatingMethodAccessorImpl.invoke(DelegatingMethodAccessorImpl.java:43)
	at java.lang.reflect.Method.invoke(Method.java:498)
	at org.junit.runners.model.FrameworkMethod$1.runReflectiveCall(FrameworkMethod.java:59)
	at org.junit.internal.runners.model.ReflectiveCallable.run(ReflectiveCallable.java:12)
	at org.junit.runners.model.FrameworkMethod.invokeExplosively(FrameworkMethod.java:56)
	at org.junit.internal.runners.statements.RunAfters.invokeMethod(RunAfters.java:46)
	at org.junit.internal.runners.statements.RunAfters.evaluate(RunAfters.java:33)
	at org.junit.runners.ParentRunner$3.evaluate(ParentRunner.java:306)
	at org.junit.runners.BlockJUnit4ClassRunner$1.evaluate(BlockJUnit4ClassRunner.java:100)
	at org.junit.runners.ParentRunner.runLeaf(ParentRunner.java:366)
	at org.junit.runners.BlockJUnit4ClassRunner.runChild(BlockJUnit4ClassRunner.java:103)
	at org.junit.runners.BlockJUnit4ClassRunner.runChild(BlockJUnit4ClassRunner.java:63)
	at org.junit.runners.ParentRunner$4.run(ParentRunner.java:331)
	at org.junit.runners.ParentRunner$1.schedule(ParentRunner.java:79)
	at org.junit.runners.ParentRunner.runChildren(ParentRunner.java:329)
	at org.junit.runners.ParentRunner.access$100(ParentRunner.java:66)
	at org.junit.runners.ParentRunner$2.evaluate(ParentRunner.java:293)
	at org.junit.internal.runners.statements.RunBefores.evaluate(RunBefores.java:26)
	at org.junit.runners.ParentRunner$3.evaluate(ParentRunner.java:306)
	at org.junit.runners.ParentRunner.run(ParentRunner.java:413)
	at org.junit.runners.Suite.runChild(Suite.java:128)
	at org.junit.runners.Suite.runChild(Suite.java:27)
	at org.junit.runners.ParentRunner$4.run(ParentRunner.java:331)
	at org.junit.runners.ParentRunner$1.schedule(ParentRunner.java:79)
	at org.junit.runners.ParentRunner.runChildren(ParentRunner.java:329)
	at org.junit.runners.ParentRunner.access$100(ParentRunner.java:66)
	at org.junit.runners.ParentRunner$2.evaluate(ParentRunner.java:293)
	at org.junit.runners.ParentRunner$3.evaluate(ParentRunner.java:306)
	at org.junit.runners.ParentRunner.run(ParentRunner.java:413)
	at org.apache.maven.surefire.junitcore.JUnitCore.run(JUnitCore.java:55)
	at org.apache.maven.surefire.junitcore.JUnitCoreWrapper.createRequestAndRun(JUnitCoreWrapper.java:137)
	at org.apache.maven.surefire.junitcore.JUnitCoreWrapper.executeEager(JUnitCoreWrapper.java:107)
	at org.apache.maven.surefire.junitcore.JUnitCoreWrapper.execute(JUnitCoreWrapper.java:83)
	at org.apache.maven.surefire.junitcore.JUnitCoreWrapper.execute(JUnitCoreWrapper.java:75)
	at org.apache.maven.surefire.junitcore.JUnitCoreProvider.invoke(JUnitCoreProvider.java:158)
	at org.apache.maven.surefire.booter.ForkedBooter.runSuitesInProcess(ForkedBooter.java:377)
	at org.apache.maven.surefire.booter.ForkedBooter.execute(ForkedBooter.java:138)
	at org.apache.maven.surefire.booter.ForkedBooter.run(ForkedBooter.java:465)
	at org.apache.maven.surefire.booter.ForkedBooter.main(ForkedBooter.java:451)
Caused by: org.apache.derby.shared.common.error.DerbySQLIntegrityConstraintViolationException: DELETE on table 'DBS' caused a violation of foreign key constraint 'TBLS_FK1' for key (3).  The statement has been rolled back.
	at org.apache.derby.impl.jdbc.SQLExceptionFactory.getSQLException(Unknown Source)
	at org.apache.derby.impl.jdbc.Util.generateCsSQLException(Unknown Source)
	at org.apache.derby.impl.jdbc.TransactionResourceImpl.wrapInSQLException(Unknown Source)
	at org.apache.derby.impl.jdbc.TransactionResourceImpl.handleException(Unknown Source)
	at org.apache.derby.impl.jdbc.EmbedConnection.handleException(Unknown Source)
	at org.apache.derby.impl.jdbc.ConnectionChild.handleException(Unknown Source)
	at org.apache.derby.impl.jdbc.EmbedStatement.executeStatement(Unknown Source)
	at org.apache.derby.impl.jdbc.EmbedPreparedStatement.executeBatchElement(Unknown Source)
	... 94 more
Caused by: ERROR 23503: DELETE on table 'DBS' caused a violation of foreign key constraint 'TBLS_FK1' for key (3).  The statement has been rolled back.
	at org.apache.derby.iapi.error.StandardException.newException(Unknown Source)
	at org.apache.derby.iapi.error.StandardException.newException(Unknown Source)
	at org.apache.derby.impl.sql.execute.ReferencedKeyRIChecker.doCheck(Unknown Source)
	at org.apache.derby.impl.sql.execute.RISetChecker.doPKCheck(Unknown Source)
	at org.apache.derby.impl.sql.execute.DeleteResultSet.collectAffectedRows(Unknown Source)
	at org.apache.derby.impl.sql.execute.DeleteResultSet.open(Unknown Source)
	at org.apache.derby.impl.sql.GenericPreparedStatement.executeStmt(Unknown Source)
	at org.apache.derby.impl.sql.GenericPreparedStatement.execute(Unknown Source)
	... 96 more

2024-04-24T11:28:57,384  INFO [main] HiveMetaStore.audit: ugi=alex	ip=unknown-ip-addr	cmd=drop_database: @hive#junit_specific_db	
2024-04-24T11:28:57,388  INFO [main] HiveMetaStore.audit: ugi=alex	ip=unknown-ip-addr	cmd=get_all_tables: db=@hive#junit_specific_db	
2024-04-24T11:28:57,389  INFO [main] HiveMetaStore.audit: ugi=alex	ip=unknown-ip-addr	cmd=get_functions: db=@hive#junit_specific_db pat=*	
2024-04-24T11:28:57,391  INFO [main] HiveMetaStore.audit: ugi=alex	ip=unknown-ip-addr	cmd=get_all_stored_procedures	
2024-04-24T11:28:57,392  INFO [main] HiveMetaStore.audit: ugi=alex	ip=unknown-ip-addr	cmd=get_all_packages	
2024-04-24T11:28:57,393  INFO [main] HiveMetaStore.audit: ugi=alex	ip=unknown-ip-addr	cmd=getTablesByTypeCore: catName=hive: db=junit_specific_db pat=.*,type=MATERIALIZED_VIEW	
2024-04-24T11:28:57,398  INFO [main] metastore.ObjectStore: Dropping database hive.junit_specific_db along with all tables
2024-04-24T11:28:57,405  INFO [main] txn.TxnHandler: Non-retryable error in cleanupRecords : Table/View 'TXN_COMPONENTS' does not exist. (SQLState=42X05, ErrorCode=20000)
2024-04-24T11:28:57,405  WARN [main] txn.TxnHandler: Cannot perform cleanup since metastore table does not exist
2024-04-24T11:28:57,406 ERROR [main] metastore.RetryingHMSHandler: HMSHandler Fatal error: javax.jdo.JDODataStoreException: Exception thrown flushing changes to datastore
	at org.datanucleus.api.jdo.NucleusJDOHelper.getJDOExceptionForNucleusException(NucleusJDOHelper.java:542)
	at org.datanucleus.api.jdo.JDOTransaction.commit(JDOTransaction.java:162)
	at org.apache.hadoop.hive.metastore.ObjectStore.commitTransaction(ObjectStore.java:615)
	at sun.reflect.GeneratedMethodAccessor31.invoke(Unknown Source)
	at sun.reflect.DelegatingMethodAccessorImpl.invoke(DelegatingMethodAccessorImpl.java:43)
	at java.lang.reflect.Method.invoke(Method.java:498)
	at org.apache.hadoop.hive.metastore.RawStoreProxy.invoke(RawStoreProxy.java:97)
	at com.sun.proxy.$Proxy32.commitTransaction(Unknown Source)
	at org.apache.hadoop.hive.metastore.HMSHandler.drop_database_core(HMSHandler.java:1790)
	at org.apache.hadoop.hive.metastore.HMSHandler.drop_database(HMSHandler.java:1869)
	at sun.reflect.GeneratedMethodAccessor54.invoke(Unknown Source)
	at sun.reflect.DelegatingMethodAccessorImpl.invoke(DelegatingMethodAccessorImpl.java:43)
	at java.lang.reflect.Method.invoke(Method.java:498)
	at org.apache.hadoop.hive.metastore.RetryingHMSHandler.invokeInternal(RetryingHMSHandler.java:147)
	at org.apache.hadoop.hive.metastore.RetryingHMSHandler.invoke(RetryingHMSHandler.java:108)
	at com.sun.proxy.$Proxy35.drop_database(Unknown Source)
	at org.apache.hadoop.hive.metastore.HiveMetaStoreClient.dropDatabaseCascadePerDb(HiveMetaStoreClient.java:1601)
	at org.apache.hadoop.hive.metastore.HiveMetaStoreClient.dropDatabase(HiveMetaStoreClient.java:1532)
	at org.apache.hadoop.hive.metastore.HiveMetaStoreClient.dropDatabase(HiveMetaStoreClient.java:1485)
	at sun.reflect.NativeMethodAccessorImpl.invoke0(Native Method)
	at sun.reflect.NativeMethodAccessorImpl.invoke(NativeMethodAccessorImpl.java:62)
	at sun.reflect.DelegatingMethodAccessorImpl.invoke(DelegatingMethodAccessorImpl.java:43)
	at java.lang.reflect.Method.invoke(Method.java:498)
	at org.apache.hadoop.hive.metastore.RetryingMetaStoreClient.invoke(RetryingMetaStoreClient.java:218)
	at com.sun.proxy.$Proxy45.dropDatabase(Unknown Source)
	at org.apache.hadoop.hive.ql.metadata.Hive.dropDatabase(Hive.java:662)
	at org.apache.hadoop.hive.ql.ddl.database.drop.DropDatabaseOperation.execute(DropDatabaseOperation.java:52)
	at org.apache.hadoop.hive.ql.ddl.DDLTask.execute(DDLTask.java:84)
	at org.apache.hadoop.hive.ql.exec.Task.executeTask(Task.java:212)
	at org.apache.hadoop.hive.ql.exec.TaskRunner.runSequential(TaskRunner.java:105)
	at org.apache.hadoop.hive.ql.Executor.launchTask(Executor.java:361)
	at org.apache.hadoop.hive.ql.Executor.launchTasks(Executor.java:334)
	at org.apache.hadoop.hive.ql.Executor.runTasks(Executor.java:245)
	at org.apache.hadoop.hive.ql.Executor.execute(Executor.java:108)
	at org.apache.hadoop.hive.ql.Driver.execute(Driver.java:348)
	at org.apache.hadoop.hive.ql.Driver.runInternal(Driver.java:204)
	at org.apache.hadoop.hive.ql.Driver.run(Driver.java:153)
	at org.apache.hadoop.hive.ql.Driver.run(Driver.java:148)
	at org.apache.hadoop.hive.ql.reexec.ReExecDriver.run(ReExecDriver.java:164)
	at org.apache.hadoop.hive.ql.reexec.ReExecDriver.run(ReExecDriver.java:230)
	at org.apache.hive.hcatalog.pig.AbstractHCatLoaderTest.executeStatementOnDriver(AbstractHCatLoaderTest.java:151)
	at org.apache.hive.hcatalog.pig.AbstractHCatLoaderTest.tearDown(AbstractHCatLoaderTest.java:239)
	at sun.reflect.NativeMethodAccessorImpl.invoke0(Native Method)
	at sun.reflect.NativeMethodAccessorImpl.invoke(NativeMethodAccessorImpl.java:62)
	at sun.reflect.DelegatingMethodAccessorImpl.invoke(DelegatingMethodAccessorImpl.java:43)
	at java.lang.reflect.Method.invoke(Method.java:498)
	at org.junit.runners.model.FrameworkMethod$1.runReflectiveCall(FrameworkMethod.java:59)
	at org.junit.internal.runners.model.ReflectiveCallable.run(ReflectiveCallable.java:12)
	at org.junit.runners.model.FrameworkMethod.invokeExplosively(FrameworkMethod.java:56)
	at org.junit.internal.runners.statements.RunAfters.invokeMethod(RunAfters.java:46)
	at org.junit.internal.runners.statements.RunAfters.evaluate(RunAfters.java:33)
	at org.junit.runners.ParentRunner$3.evaluate(ParentRunner.java:306)
	at org.junit.runners.BlockJUnit4ClassRunner$1.evaluate(BlockJUnit4ClassRunner.java:100)
	at org.junit.runners.ParentRunner.runLeaf(ParentRunner.java:366)
	at org.junit.runners.BlockJUnit4ClassRunner.runChild(BlockJUnit4ClassRunner.java:103)
	at org.junit.runners.BlockJUnit4ClassRunner.runChild(BlockJUnit4ClassRunner.java:63)
	at org.junit.runners.ParentRunner$4.run(ParentRunner.java:331)
	at org.junit.runners.ParentRunner$1.schedule(ParentRunner.java:79)
	at org.junit.runners.ParentRunner.runChildren(ParentRunner.java:329)
	at org.junit.runners.ParentRunner.access$100(ParentRunner.java:66)
	at org.junit.runners.ParentRunner$2.evaluate(ParentRunner.java:293)
	at org.junit.internal.runners.statements.RunBefores.evaluate(RunBefores.java:26)
	at org.junit.runners.ParentRunner$3.evaluate(ParentRunner.java:306)
	at org.junit.runners.ParentRunner.run(ParentRunner.java:413)
	at org.junit.runners.Suite.runChild(Suite.java:128)
	at org.junit.runners.Suite.runChild(Suite.java:27)
	at org.junit.runners.ParentRunner$4.run(ParentRunner.java:331)
	at org.junit.runners.ParentRunner$1.schedule(ParentRunner.java:79)
	at org.junit.runners.ParentRunner.runChildren(ParentRunner.java:329)
	at org.junit.runners.ParentRunner.access$100(ParentRunner.java:66)
	at org.junit.runners.ParentRunner$2.evaluate(ParentRunner.java:293)
	at org.junit.runners.ParentRunner$3.evaluate(ParentRunner.java:306)
	at org.junit.runners.ParentRunner.run(ParentRunner.java:413)
	at org.apache.maven.surefire.junitcore.JUnitCore.run(JUnitCore.java:55)
	at org.apache.maven.surefire.junitcore.JUnitCoreWrapper.createRequestAndRun(JUnitCoreWrapper.java:137)
	at org.apache.maven.surefire.junitcore.JUnitCoreWrapper.executeEager(JUnitCoreWrapper.java:107)
	at org.apache.maven.surefire.junitcore.JUnitCoreWrapper.execute(JUnitCoreWrapper.java:83)
	at org.apache.maven.surefire.junitcore.JUnitCoreWrapper.execute(JUnitCoreWrapper.java:75)
	at org.apache.maven.surefire.junitcore.JUnitCoreProvider.invoke(JUnitCoreProvider.java:158)
	at org.apache.maven.surefire.booter.ForkedBooter.runSuitesInProcess(ForkedBooter.java:377)
	at org.apache.maven.surefire.booter.ForkedBooter.execute(ForkedBooter.java:138)
	at org.apache.maven.surefire.booter.ForkedBooter.run(ForkedBooter.java:465)
	at org.apache.maven.surefire.booter.ForkedBooter.main(ForkedBooter.java:451)
NestedThrowablesStackTrace:
java.sql.BatchUpdateException: DELETE on table 'DBS' caused a violation of foreign key constraint 'TBLS_FK1' for key (3).  The statement has been rolled back.
	at org.apache.derby.impl.jdbc.EmbedStatement.executeLargeBatch(Unknown Source)
	at org.apache.derby.impl.jdbc.EmbedStatement.executeBatch(Unknown Source)
	at com.zaxxer.hikari.pool.ProxyStatement.executeBatch(ProxyStatement.java:128)
	at com.zaxxer.hikari.pool.HikariProxyPreparedStatement.executeBatch(HikariProxyPreparedStatement.java)
	at org.datanucleus.store.rdbms.ParamLoggingPreparedStatement.executeBatch(ParamLoggingPreparedStatement.java:366)
	at org.datanucleus.store.rdbms.SQLController.processConnectionStatement(SQLController.java:675)
	at org.datanucleus.store.rdbms.SQLController.processStatementsForConnection(SQLController.java:643)
	at org.datanucleus.store.rdbms.SQLController$1.transactionFlushed(SQLController.java:729)
	at org.datanucleus.store.connection.AbstractManagedConnection.transactionFlushed(AbstractManagedConnection.java:95)
	at org.datanucleus.store.connection.ConnectionManagerImpl$2.transactionFlushed(ConnectionManagerImpl.java:528)
	at org.datanucleus.TransactionImpl.flush(TransactionImpl.java:222)
	at org.datanucleus.TransactionImpl.commit(TransactionImpl.java:286)
	at org.datanucleus.api.jdo.JDOTransaction.commit(JDOTransaction.java:99)
	at org.apache.hadoop.hive.metastore.ObjectStore.commitTransaction(ObjectStore.java:615)
	at sun.reflect.GeneratedMethodAccessor31.invoke(Unknown Source)
	at sun.reflect.DelegatingMethodAccessorImpl.invoke(DelegatingMethodAccessorImpl.java:43)
	at java.lang.reflect.Method.invoke(Method.java:498)
	at org.apache.hadoop.hive.metastore.RawStoreProxy.invoke(RawStoreProxy.java:97)
	at com.sun.proxy.$Proxy32.commitTransaction(Unknown Source)
	at org.apache.hadoop.hive.metastore.HMSHandler.drop_database_core(HMSHandler.java:1790)
	at org.apache.hadoop.hive.metastore.HMSHandler.drop_database(HMSHandler.java:1869)
	at sun.reflect.GeneratedMethodAccessor54.invoke(Unknown Source)
	at sun.reflect.DelegatingMethodAccessorImpl.invoke(DelegatingMethodAccessorImpl.java:43)
	at java.lang.reflect.Method.invoke(Method.java:498)
	at org.apache.hadoop.hive.metastore.RetryingHMSHandler.invokeInternal(RetryingHMSHandler.java:147)
	at org.apache.hadoop.hive.metastore.RetryingHMSHandler.invoke(RetryingHMSHandler.java:108)
	at com.sun.proxy.$Proxy35.drop_database(Unknown Source)
	at org.apache.hadoop.hive.metastore.HiveMetaStoreClient.dropDatabaseCascadePerDb(HiveMetaStoreClient.java:1601)
	at org.apache.hadoop.hive.metastore.HiveMetaStoreClient.dropDatabase(HiveMetaStoreClient.java:1532)
	at org.apache.hadoop.hive.metastore.HiveMetaStoreClient.dropDatabase(HiveMetaStoreClient.java:1485)
	at sun.reflect.NativeMethodAccessorImpl.invoke0(Native Method)
	at sun.reflect.NativeMethodAccessorImpl.invoke(NativeMethodAccessorImpl.java:62)
	at sun.reflect.DelegatingMethodAccessorImpl.invoke(DelegatingMethodAccessorImpl.java:43)
	at java.lang.reflect.Method.invoke(Method.java:498)
	at org.apache.hadoop.hive.metastore.RetryingMetaStoreClient.invoke(RetryingMetaStoreClient.java:218)
	at com.sun.proxy.$Proxy45.dropDatabase(Unknown Source)
	at org.apache.hadoop.hive.ql.metadata.Hive.dropDatabase(Hive.java:662)
	at org.apache.hadoop.hive.ql.ddl.database.drop.DropDatabaseOperation.execute(DropDatabaseOperation.java:52)
	at org.apache.hadoop.hive.ql.ddl.DDLTask.execute(DDLTask.java:84)
	at org.apache.hadoop.hive.ql.exec.Task.executeTask(Task.java:212)
	at org.apache.hadoop.hive.ql.exec.TaskRunner.runSequential(TaskRunner.java:105)
	at org.apache.hadoop.hive.ql.Executor.launchTask(Executor.java:361)
	at org.apache.hadoop.hive.ql.Executor.launchTasks(Executor.java:334)
	at org.apache.hadoop.hive.ql.Executor.runTasks(Executor.java:245)
	at org.apache.hadoop.hive.ql.Executor.execute(Executor.java:108)
	at org.apache.hadoop.hive.ql.Driver.execute(Driver.java:348)
	at org.apache.hadoop.hive.ql.Driver.runInternal(Driver.java:204)
	at org.apache.hadoop.hive.ql.Driver.run(Driver.java:153)
	at org.apache.hadoop.hive.ql.Driver.run(Driver.java:148)
	at org.apache.hadoop.hive.ql.reexec.ReExecDriver.run(ReExecDriver.java:164)
	at org.apache.hadoop.hive.ql.reexec.ReExecDriver.run(ReExecDriver.java:230)
	at org.apache.hive.hcatalog.pig.AbstractHCatLoaderTest.executeStatementOnDriver(AbstractHCatLoaderTest.java:151)
	at org.apache.hive.hcatalog.pig.AbstractHCatLoaderTest.tearDown(AbstractHCatLoaderTest.java:239)
	at sun.reflect.NativeMethodAccessorImpl.invoke0(Native Method)
	at sun.reflect.NativeMethodAccessorImpl.invoke(NativeMethodAccessorImpl.java:62)
	at sun.reflect.DelegatingMethodAccessorImpl.invoke(DelegatingMethodAccessorImpl.java:43)
	at java.lang.reflect.Method.invoke(Method.java:498)
	at org.junit.runners.model.FrameworkMethod$1.runReflectiveCall(FrameworkMethod.java:59)
	at org.junit.internal.runners.model.ReflectiveCallable.run(ReflectiveCallable.java:12)
	at org.junit.runners.model.FrameworkMethod.invokeExplosively(FrameworkMethod.java:56)
	at org.junit.internal.runners.statements.RunAfters.invokeMethod(RunAfters.java:46)
	at org.junit.internal.runners.statements.RunAfters.evaluate(RunAfters.java:33)
	at org.junit.runners.ParentRunner$3.evaluate(ParentRunner.java:306)
	at org.junit.runners.BlockJUnit4ClassRunner$1.evaluate(BlockJUnit4ClassRunner.java:100)
	at org.junit.runners.ParentRunner.runLeaf(ParentRunner.java:366)
	at org.junit.runners.BlockJUnit4ClassRunner.runChild(BlockJUnit4ClassRunner.java:103)
	at org.junit.runners.BlockJUnit4ClassRunner.runChild(BlockJUnit4ClassRunner.java:63)
	at org.junit.runners.ParentRunner$4.run(ParentRunner.java:331)
	at org.junit.runners.ParentRunner$1.schedule(ParentRunner.java:79)
	at org.junit.runners.ParentRunner.runChildren(ParentRunner.java:329)
	at org.junit.runners.ParentRunner.access$100(ParentRunner.java:66)
	at org.junit.runners.ParentRunner$2.evaluate(ParentRunner.java:293)
	at org.junit.internal.runners.statements.RunBefores.evaluate(RunBefores.java:26)
	at org.junit.runners.ParentRunner$3.evaluate(ParentRunner.java:306)
	at org.junit.runners.ParentRunner.run(ParentRunner.java:413)
	at org.junit.runners.Suite.runChild(Suite.java:128)
	at org.junit.runners.Suite.runChild(Suite.java:27)
	at org.junit.runners.ParentRunner$4.run(ParentRunner.java:331)
	at org.junit.runners.ParentRunner$1.schedule(ParentRunner.java:79)
	at org.junit.runners.ParentRunner.runChildren(ParentRunner.java:329)
	at org.junit.runners.ParentRunner.access$100(ParentRunner.java:66)
	at org.junit.runners.ParentRunner$2.evaluate(ParentRunner.java:293)
	at org.junit.runners.ParentRunner$3.evaluate(ParentRunner.java:306)
	at org.junit.runners.ParentRunner.run(ParentRunner.java:413)
	at org.apache.maven.surefire.junitcore.JUnitCore.run(JUnitCore.java:55)
	at org.apache.maven.surefire.junitcore.JUnitCoreWrapper.createRequestAndRun(JUnitCoreWrapper.java:137)
	at org.apache.maven.surefire.junitcore.JUnitCoreWrapper.executeEager(JUnitCoreWrapper.java:107)
	at org.apache.maven.surefire.junitcore.JUnitCoreWrapper.execute(JUnitCoreWrapper.java:83)
	at org.apache.maven.surefire.junitcore.JUnitCoreWrapper.execute(JUnitCoreWrapper.java:75)
	at org.apache.maven.surefire.junitcore.JUnitCoreProvider.invoke(JUnitCoreProvider.java:158)
	at org.apache.maven.surefire.booter.ForkedBooter.runSuitesInProcess(ForkedBooter.java:377)
	at org.apache.maven.surefire.booter.ForkedBooter.execute(ForkedBooter.java:138)
	at org.apache.maven.surefire.booter.ForkedBooter.run(ForkedBooter.java:465)
	at org.apache.maven.surefire.booter.ForkedBooter.main(ForkedBooter.java:451)
Caused by: org.apache.derby.shared.common.error.DerbySQLIntegrityConstraintViolationException: DELETE on table 'DBS' caused a violation of foreign key constraint 'TBLS_FK1' for key (3).  The statement has been rolled back.
	at org.apache.derby.impl.jdbc.SQLExceptionFactory.getSQLException(Unknown Source)
	at org.apache.derby.impl.jdbc.Util.generateCsSQLException(Unknown Source)
	at org.apache.derby.impl.jdbc.TransactionResourceImpl.wrapInSQLException(Unknown Source)
	at org.apache.derby.impl.jdbc.TransactionResourceImpl.handleException(Unknown Source)
	at org.apache.derby.impl.jdbc.EmbedConnection.handleException(Unknown Source)
	at org.apache.derby.impl.jdbc.ConnectionChild.handleException(Unknown Source)
	at org.apache.derby.impl.jdbc.EmbedStatement.executeStatement(Unknown Source)
	at org.apache.derby.impl.jdbc.EmbedPreparedStatement.executeBatchElement(Unknown Source)
	... 94 more
Caused by: ERROR 23503: DELETE on table 'DBS' caused a violation of foreign key constraint 'TBLS_FK1' for key (3).  The statement has been rolled back.
	at org.apache.derby.iapi.error.StandardException.newException(Unknown Source)
	at org.apache.derby.iapi.error.StandardException.newException(Unknown Source)
	at org.apache.derby.impl.sql.execute.ReferencedKeyRIChecker.doCheck(Unknown Source)
	at org.apache.derby.impl.sql.execute.RISetChecker.doPKCheck(Unknown Source)
	at org.apache.derby.impl.sql.execute.DeleteResultSet.collectAffectedRows(Unknown Source)
	at org.apache.derby.impl.sql.execute.DeleteResultSet.open(Unknown Source)
	at org.apache.derby.impl.sql.GenericPreparedStatement.executeStmt(Unknown Source)
	at org.apache.derby.impl.sql.GenericPreparedStatement.execute(Unknown Source)
	... 96 more

2024-04-24T11:28:57,406 ERROR [main] exec.Task: Failed
org.apache.hadoop.hive.ql.metadata.HiveException: MetaException(message:javax.jdo.JDODataStoreException: Exception thrown flushing changes to datastore
NestedThrowables:
java.sql.BatchUpdateException: DELETE on table 'DBS' caused a violation of foreign key constraint 'TBLS_FK1' for key (3).  The statement has been rolled back.)
	at org.apache.hadoop.hive.ql.metadata.Hive.dropDatabase(Hive.java:666) ~[classes/:?]
	at org.apache.hadoop.hive.ql.ddl.database.drop.DropDatabaseOperation.execute(DropDatabaseOperation.java:52) ~[classes/:?]
	at org.apache.hadoop.hive.ql.ddl.DDLTask.execute(DDLTask.java:84) [classes/:?]
	at org.apache.hadoop.hive.ql.exec.Task.executeTask(Task.java:212) [classes/:?]
	at org.apache.hadoop.hive.ql.exec.TaskRunner.runSequential(TaskRunner.java:105) [classes/:?]
	at org.apache.hadoop.hive.ql.Executor.launchTask(Executor.java:361) [classes/:?]
	at org.apache.hadoop.hive.ql.Executor.launchTasks(Executor.java:334) [classes/:?]
	at org.apache.hadoop.hive.ql.Executor.runTasks(Executor.java:245) [classes/:?]
	at org.apache.hadoop.hive.ql.Executor.execute(Executor.java:108) [classes/:?]
	at org.apache.hadoop.hive.ql.Driver.execute(Driver.java:348) [classes/:?]
	at org.apache.hadoop.hive.ql.Driver.runInternal(Driver.java:204) [classes/:?]
	at org.apache.hadoop.hive.ql.Driver.run(Driver.java:153) [classes/:?]
	at org.apache.hadoop.hive.ql.Driver.run(Driver.java:148) [classes/:?]
	at org.apache.hadoop.hive.ql.reexec.ReExecDriver.run(ReExecDriver.java:164) [classes/:?]
	at org.apache.hadoop.hive.ql.reexec.ReExecDriver.run(ReExecDriver.java:230) [classes/:?]
	at org.apache.hive.hcatalog.pig.AbstractHCatLoaderTest.executeStatementOnDriver(AbstractHCatLoaderTest.java:151) [test-classes/:?]
	at org.apache.hive.hcatalog.pig.AbstractHCatLoaderTest.tearDown(AbstractHCatLoaderTest.java:239) [test-classes/:?]
	at sun.reflect.NativeMethodAccessorImpl.invoke0(Native Method) ~[?:1.8.0_402]
	at sun.reflect.NativeMethodAccessorImpl.invoke(NativeMethodAccessorImpl.java:62) ~[?:1.8.0_402]
	at sun.reflect.DelegatingMethodAccessorImpl.invoke(DelegatingMethodAccessorImpl.java:43) ~[?:1.8.0_402]
	at java.lang.reflect.Method.invoke(Method.java:498) ~[?:1.8.0_402]
	at org.junit.runners.model.FrameworkMethod$1.runReflectiveCall(FrameworkMethod.java:59) [junit-4.13.jar:4.13]
	at org.junit.internal.runners.model.ReflectiveCallable.run(ReflectiveCallable.java:12) [junit-4.13.jar:4.13]
	at org.junit.runners.model.FrameworkMethod.invokeExplosively(FrameworkMethod.java:56) [junit-4.13.jar:4.13]
	at org.junit.internal.runners.statements.RunAfters.invokeMethod(RunAfters.java:46) [junit-4.13.jar:4.13]
	at org.junit.internal.runners.statements.RunAfters.evaluate(RunAfters.java:33) [junit-4.13.jar:4.13]
	at org.junit.runners.ParentRunner$3.evaluate(ParentRunner.java:306) [junit-4.13.jar:4.13]
	at org.junit.runners.BlockJUnit4ClassRunner$1.evaluate(BlockJUnit4ClassRunner.java:100) [junit-4.13.jar:4.13]
	at org.junit.runners.ParentRunner.runLeaf(ParentRunner.java:366) [junit-4.13.jar:4.13]
	at org.junit.runners.BlockJUnit4ClassRunner.runChild(BlockJUnit4ClassRunner.java:103) [junit-4.13.jar:4.13]
	at org.junit.runners.BlockJUnit4ClassRunner.runChild(BlockJUnit4ClassRunner.java:63) [junit-4.13.jar:4.13]
	at org.junit.runners.ParentRunner$4.run(ParentRunner.java:331) [junit-4.13.jar:4.13]
	at org.junit.runners.ParentRunner$1.schedule(ParentRunner.java:79) [junit-4.13.jar:4.13]
	at org.junit.runners.ParentRunner.runChildren(ParentRunner.java:329) [junit-4.13.jar:4.13]
	at org.junit.runners.ParentRunner.access$100(ParentRunner.java:66) [junit-4.13.jar:4.13]
	at org.junit.runners.ParentRunner$2.evaluate(ParentRunner.java:293) [junit-4.13.jar:4.13]
	at org.junit.internal.runners.statements.RunBefores.evaluate(RunBefores.java:26) [junit-4.13.jar:4.13]
	at org.junit.runners.ParentRunner$3.evaluate(ParentRunner.java:306) [junit-4.13.jar:4.13]
	at org.junit.runners.ParentRunner.run(ParentRunner.java:413) [junit-4.13.jar:4.13]
	at org.junit.runners.Suite.runChild(Suite.java:128) [junit-4.13.jar:4.13]
	at org.junit.runners.Suite.runChild(Suite.java:27) [junit-4.13.jar:4.13]
	at org.junit.runners.ParentRunner$4.run(ParentRunner.java:331) [junit-4.13.jar:4.13]
	at org.junit.runners.ParentRunner$1.schedule(ParentRunner.java:79) [junit-4.13.jar:4.13]
	at org.junit.runners.ParentRunner.runChildren(ParentRunner.java:329) [junit-4.13.jar:4.13]
	at org.junit.runners.ParentRunner.access$100(ParentRunner.java:66) [junit-4.13.jar:4.13]
	at org.junit.runners.ParentRunner$2.evaluate(ParentRunner.java:293) [junit-4.13.jar:4.13]
	at org.junit.runners.ParentRunner$3.evaluate(ParentRunner.java:306) [junit-4.13.jar:4.13]
	at org.junit.runners.ParentRunner.run(ParentRunner.java:413) [junit-4.13.jar:4.13]
	at org.apache.maven.surefire.junitcore.JUnitCore.run(JUnitCore.java:55) [surefire-junit47-3.0.0-M4.jar:3.0.0-M4]
	at org.apache.maven.surefire.junitcore.JUnitCoreWrapper.createRequestAndRun(JUnitCoreWrapper.java:137) [surefire-junit47-3.0.0-M4.jar:3.0.0-M4]
	at org.apache.maven.surefire.junitcore.JUnitCoreWrapper.executeEager(JUnitCoreWrapper.java:107) [surefire-junit47-3.0.0-M4.jar:3.0.0-M4]
	at org.apache.maven.surefire.junitcore.JUnitCoreWrapper.execute(JUnitCoreWrapper.java:83) [surefire-junit47-3.0.0-M4.jar:3.0.0-M4]
	at org.apache.maven.surefire.junitcore.JUnitCoreWrapper.execute(JUnitCoreWrapper.java:75) [surefire-junit47-3.0.0-M4.jar:3.0.0-M4]
	at org.apache.maven.surefire.junitcore.JUnitCoreProvider.invoke(JUnitCoreProvider.java:158) [surefire-junit47-3.0.0-M4.jar:3.0.0-M4]
	at org.apache.maven.surefire.booter.ForkedBooter.runSuitesInProcess(ForkedBooter.java:377) [surefire-booter-3.0.0-M4.jar:3.0.0-M4]
	at org.apache.maven.surefire.booter.ForkedBooter.execute(ForkedBooter.java:138) [surefire-booter-3.0.0-M4.jar:3.0.0-M4]
	at org.apache.maven.surefire.booter.ForkedBooter.run(ForkedBooter.java:465) [surefire-booter-3.0.0-M4.jar:3.0.0-M4]
	at org.apache.maven.surefire.booter.ForkedBooter.main(ForkedBooter.java:451) [surefire-booter-3.0.0-M4.jar:3.0.0-M4]
Caused by: org.apache.hadoop.hive.metastore.api.MetaException: javax.jdo.JDODataStoreException: Exception thrown flushing changes to datastore
NestedThrowables:
java.sql.BatchUpdateException: DELETE on table 'DBS' caused a violation of foreign key constraint 'TBLS_FK1' for key (3).  The statement has been rolled back.
	at org.apache.hadoop.hive.metastore.RetryingHMSHandler.invokeInternal(RetryingHMSHandler.java:209) ~[classes/:?]
	at org.apache.hadoop.hive.metastore.RetryingHMSHandler.invoke(RetryingHMSHandler.java:108) ~[classes/:?]
	at com.sun.proxy.$Proxy35.drop_database(Unknown Source) ~[?:?]
	at org.apache.hadoop.hive.metastore.HiveMetaStoreClient.dropDatabaseCascadePerDb(HiveMetaStoreClient.java:1601) ~[classes/:?]
	at org.apache.hadoop.hive.metastore.HiveMetaStoreClient.dropDatabase(HiveMetaStoreClient.java:1532) ~[classes/:?]
	at org.apache.hadoop.hive.metastore.HiveMetaStoreClient.dropDatabase(HiveMetaStoreClient.java:1485) ~[classes/:?]
	at sun.reflect.NativeMethodAccessorImpl.invoke0(Native Method) ~[?:1.8.0_402]
	at sun.reflect.NativeMethodAccessorImpl.invoke(NativeMethodAccessorImpl.java:62) ~[?:1.8.0_402]
	at sun.reflect.DelegatingMethodAccessorImpl.invoke(DelegatingMethodAccessorImpl.java:43) ~[?:1.8.0_402]
	at java.lang.reflect.Method.invoke(Method.java:498) ~[?:1.8.0_402]
	at org.apache.hadoop.hive.metastore.RetryingMetaStoreClient.invoke(RetryingMetaStoreClient.java:218) ~[classes/:?]
	at com.sun.proxy.$Proxy45.dropDatabase(Unknown Source) ~[?:?]
	at org.apache.hadoop.hive.ql.metadata.Hive.dropDatabase(Hive.java:662) ~[classes/:?]
	... 57 more
Caused by: javax.jdo.JDODataStoreException: Exception thrown flushing changes to datastore
	at org.datanucleus.api.jdo.NucleusJDOHelper.getJDOExceptionForNucleusException(NucleusJDOHelper.java:542) ~[datanucleus-api-jdo-5.2.4.jar:?]
	at org.datanucleus.api.jdo.JDOTransaction.commit(JDOTransaction.java:162) ~[datanucleus-api-jdo-5.2.4.jar:?]
	at org.apache.hadoop.hive.metastore.ObjectStore.commitTransaction(ObjectStore.java:615) ~[classes/:?]
	at sun.reflect.GeneratedMethodAccessor31.invoke(Unknown Source) ~[?:?]
	at sun.reflect.DelegatingMethodAccessorImpl.invoke(DelegatingMethodAccessorImpl.java:43) ~[?:1.8.0_402]
	at java.lang.reflect.Method.invoke(Method.java:498) ~[?:1.8.0_402]
	at org.apache.hadoop.hive.metastore.RawStoreProxy.invoke(RawStoreProxy.java:97) ~[classes/:?]
	at com.sun.proxy.$Proxy32.commitTransaction(Unknown Source) ~[?:?]
	at org.apache.hadoop.hive.metastore.HMSHandler.drop_database_core(HMSHandler.java:1790) ~[classes/:?]
	at org.apache.hadoop.hive.metastore.HMSHandler.drop_database(HMSHandler.java:1869) ~[classes/:?]
	at sun.reflect.GeneratedMethodAccessor54.invoke(Unknown Source) ~[?:?]
	at sun.reflect.DelegatingMethodAccessorImpl.invoke(DelegatingMethodAccessorImpl.java:43) ~[?:1.8.0_402]
	at java.lang.reflect.Method.invoke(Method.java:498) ~[?:1.8.0_402]
	at org.apache.hadoop.hive.metastore.RetryingHMSHandler.invokeInternal(RetryingHMSHandler.java:147) ~[classes/:?]
	at org.apache.hadoop.hive.metastore.RetryingHMSHandler.invoke(RetryingHMSHandler.java:108) ~[classes/:?]
	at com.sun.proxy.$Proxy35.drop_database(Unknown Source) ~[?:?]
	at org.apache.hadoop.hive.metastore.HiveMetaStoreClient.dropDatabaseCascadePerDb(HiveMetaStoreClient.java:1601) ~[classes/:?]
	at org.apache.hadoop.hive.metastore.HiveMetaStoreClient.dropDatabase(HiveMetaStoreClient.java:1532) ~[classes/:?]
	at org.apache.hadoop.hive.metastore.HiveMetaStoreClient.dropDatabase(HiveMetaStoreClient.java:1485) ~[classes/:?]
	at sun.reflect.NativeMethodAccessorImpl.invoke0(Native Method) ~[?:1.8.0_402]
	at sun.reflect.NativeMethodAccessorImpl.invoke(NativeMethodAccessorImpl.java:62) ~[?:1.8.0_402]
	at sun.reflect.DelegatingMethodAccessorImpl.invoke(DelegatingMethodAccessorImpl.java:43) ~[?:1.8.0_402]
	at java.lang.reflect.Method.invoke(Method.java:498) ~[?:1.8.0_402]
	at org.apache.hadoop.hive.metastore.RetryingMetaStoreClient.invoke(RetryingMetaStoreClient.java:218) ~[classes/:?]
	at com.sun.proxy.$Proxy45.dropDatabase(Unknown Source) ~[?:?]
	at org.apache.hadoop.hive.ql.metadata.Hive.dropDatabase(Hive.java:662) ~[classes/:?]
	... 57 more
Caused by: java.sql.BatchUpdateException: DELETE on table 'DBS' caused a violation of foreign key constraint 'TBLS_FK1' for key (3).  The statement has been rolled back.
	at org.apache.derby.impl.jdbc.EmbedStatement.executeLargeBatch(Unknown Source) ~[derby-10.14.1.0.jar:?]
	at org.apache.derby.impl.jdbc.EmbedStatement.executeBatch(Unknown Source) ~[derby-10.14.1.0.jar:?]
	at com.zaxxer.hikari.pool.ProxyStatement.executeBatch(ProxyStatement.java:128) ~[HikariCP-java7-2.4.12.jar:?]
	at com.zaxxer.hikari.pool.HikariProxyPreparedStatement.executeBatch(HikariProxyPreparedStatement.java) ~[HikariCP-java7-2.4.12.jar:?]
	at org.datanucleus.store.rdbms.ParamLoggingPreparedStatement.executeBatch(ParamLoggingPreparedStatement.java:366) ~[datanucleus-rdbms-5.2.4.jar:?]
	at org.datanucleus.store.rdbms.SQLController.processConnectionStatement(SQLController.java:675) ~[datanucleus-rdbms-5.2.4.jar:?]
	at org.datanucleus.store.rdbms.SQLController.processStatementsForConnection(SQLController.java:643) ~[datanucleus-rdbms-5.2.4.jar:?]
	at org.datanucleus.store.rdbms.SQLController$1.transactionFlushed(SQLController.java:729) ~[datanucleus-rdbms-5.2.4.jar:?]
	at org.datanucleus.store.connection.AbstractManagedConnection.transactionFlushed(AbstractManagedConnection.java:95) ~[datanucleus-core-5.2.4.jar:?]
	at org.datanucleus.store.connection.ConnectionManagerImpl$2.transactionFlushed(ConnectionManagerImpl.java:528) ~[datanucleus-core-5.2.4.jar:?]
	at org.datanucleus.TransactionImpl.flush(TransactionImpl.java:222) ~[datanucleus-core-5.2.4.jar:?]
	at org.datanucleus.TransactionImpl.commit(TransactionImpl.java:286) ~[datanucleus-core-5.2.4.jar:?]
	at org.datanucleus.api.jdo.JDOTransaction.commit(JDOTransaction.java:99) ~[datanucleus-api-jdo-5.2.4.jar:?]
	at org.apache.hadoop.hive.metastore.ObjectStore.commitTransaction(ObjectStore.java:615) ~[classes/:?]
	at sun.reflect.GeneratedMethodAccessor31.invoke(Unknown Source) ~[?:?]
	at sun.reflect.DelegatingMethodAccessorImpl.invoke(DelegatingMethodAccessorImpl.java:43) ~[?:1.8.0_402]
	at java.lang.reflect.Method.invoke(Method.java:498) ~[?:1.8.0_402]
	at org.apache.hadoop.hive.metastore.RawStoreProxy.invoke(RawStoreProxy.java:97) ~[classes/:?]
	at com.sun.proxy.$Proxy32.commitTransaction(Unknown Source) ~[?:?]
	at org.apache.hadoop.hive.metastore.HMSHandler.drop_database_core(HMSHandler.java:1790) ~[classes/:?]
	at org.apache.hadoop.hive.metastore.HMSHandler.drop_database(HMSHandler.java:1869) ~[classes/:?]
	at sun.reflect.GeneratedMethodAccessor54.invoke(Unknown Source) ~[?:?]
	at sun.reflect.DelegatingMethodAccessorImpl.invoke(DelegatingMethodAccessorImpl.java:43) ~[?:1.8.0_402]
	at java.lang.reflect.Method.invoke(Method.java:498) ~[?:1.8.0_402]
	at org.apache.hadoop.hive.metastore.RetryingHMSHandler.invokeInternal(RetryingHMSHandler.java:147) ~[classes/:?]
	at org.apache.hadoop.hive.metastore.RetryingHMSHandler.invoke(RetryingHMSHandler.java:108) ~[classes/:?]
	at com.sun.proxy.$Proxy35.drop_database(Unknown Source) ~[?:?]
	at org.apache.hadoop.hive.metastore.HiveMetaStoreClient.dropDatabaseCascadePerDb(HiveMetaStoreClient.java:1601) ~[classes/:?]
	at org.apache.hadoop.hive.metastore.HiveMetaStoreClient.dropDatabase(HiveMetaStoreClient.java:1532) ~[classes/:?]
	at org.apache.hadoop.hive.metastore.HiveMetaStoreClient.dropDatabase(HiveMetaStoreClient.java:1485) ~[classes/:?]
	at sun.reflect.NativeMethodAccessorImpl.invoke0(Native Method) ~[?:1.8.0_402]
	at sun.reflect.NativeMethodAccessorImpl.invoke(NativeMethodAccessorImpl.java:62) ~[?:1.8.0_402]
	at sun.reflect.DelegatingMethodAccessorImpl.invoke(DelegatingMethodAccessorImpl.java:43) ~[?:1.8.0_402]
	at java.lang.reflect.Method.invoke(Method.java:498) ~[?:1.8.0_402]
	at org.apache.hadoop.hive.metastore.RetryingMetaStoreClient.invoke(RetryingMetaStoreClient.java:218) ~[classes/:?]
	at com.sun.proxy.$Proxy45.dropDatabase(Unknown Source) ~[?:?]
	at org.apache.hadoop.hive.ql.metadata.Hive.dropDatabase(Hive.java:662) ~[classes/:?]
	... 57 more
Caused by: org.apache.derby.shared.common.error.DerbySQLIntegrityConstraintViolationException: DELETE on table 'DBS' caused a violation of foreign key constraint 'TBLS_FK1' for key (3).  The statement has been rolled back.
	at org.apache.derby.impl.jdbc.SQLExceptionFactory.getSQLException(Unknown Source) ~[derby-10.14.1.0.jar:?]
	at org.apache.derby.impl.jdbc.Util.generateCsSQLException(Unknown Source) ~[derby-10.14.1.0.jar:?]
	at org.apache.derby.impl.jdbc.TransactionResourceImpl.wrapInSQLException(Unknown Source) ~[derby-10.14.1.0.jar:?]
	at org.apache.derby.impl.jdbc.TransactionResourceImpl.handleException(Unknown Source) ~[derby-10.14.1.0.jar:?]
	at org.apache.derby.impl.jdbc.EmbedConnection.handleException(Unknown Source) ~[derby-10.14.1.0.jar:?]
	at org.apache.derby.impl.jdbc.ConnectionChild.handleException(Unknown Source) ~[derby-10.14.1.0.jar:?]
	at org.apache.derby.impl.jdbc.EmbedStatement.executeStatement(Unknown Source) ~[derby-10.14.1.0.jar:?]
	at org.apache.derby.impl.jdbc.EmbedPreparedStatement.executeBatchElement(Unknown Source) ~[derby-10.14.1.0.jar:?]
	at org.apache.derby.impl.jdbc.EmbedStatement.executeLargeBatch(Unknown Source) ~[derby-10.14.1.0.jar:?]
	at org.apache.derby.impl.jdbc.EmbedStatement.executeBatch(Unknown Source) ~[derby-10.14.1.0.jar:?]
	at com.zaxxer.hikari.pool.ProxyStatement.executeBatch(ProxyStatement.java:128) ~[HikariCP-java7-2.4.12.jar:?]
	at com.zaxxer.hikari.pool.HikariProxyPreparedStatement.executeBatch(HikariProxyPreparedStatement.java) ~[HikariCP-java7-2.4.12.jar:?]
	at org.datanucleus.store.rdbms.ParamLoggingPreparedStatement.executeBatch(ParamLoggingPreparedStatement.java:366) ~[datanucleus-rdbms-5.2.4.jar:?]
	at org.datanucleus.store.rdbms.SQLController.processConnectionStatement(SQLController.java:675) ~[datanucleus-rdbms-5.2.4.jar:?]
	at org.datanucleus.store.rdbms.SQLController.processStatementsForConnection(SQLController.java:643) ~[datanucleus-rdbms-5.2.4.jar:?]
	at org.datanucleus.store.rdbms.SQLController$1.transactionFlushed(SQLController.java:729) ~[datanucleus-rdbms-5.2.4.jar:?]
	at org.datanucleus.store.connection.AbstractManagedConnection.transactionFlushed(AbstractManagedConnection.java:95) ~[datanucleus-core-5.2.4.jar:?]
	at org.datanucleus.store.connection.ConnectionManagerImpl$2.transactionFlushed(ConnectionManagerImpl.java:528) ~[datanucleus-core-5.2.4.jar:?]
	at org.datanucleus.TransactionImpl.flush(TransactionImpl.java:222) ~[datanucleus-core-5.2.4.jar:?]
	at org.datanucleus.TransactionImpl.commit(TransactionImpl.java:286) ~[datanucleus-core-5.2.4.jar:?]
	at org.datanucleus.api.jdo.JDOTransaction.commit(JDOTransaction.java:99) ~[datanucleus-api-jdo-5.2.4.jar:?]
	at org.apache.hadoop.hive.metastore.ObjectStore.commitTransaction(ObjectStore.java:615) ~[classes/:?]
	at sun.reflect.GeneratedMethodAccessor31.invoke(Unknown Source) ~[?:?]
	at sun.reflect.DelegatingMethodAccessorImpl.invoke(DelegatingMethodAccessorImpl.java:43) ~[?:1.8.0_402]
	at java.lang.reflect.Method.invoke(Method.java:498) ~[?:1.8.0_402]
	at org.apache.hadoop.hive.metastore.RawStoreProxy.invoke(RawStoreProxy.java:97) ~[classes/:?]
	at com.sun.proxy.$Proxy32.commitTransaction(Unknown Source) ~[?:?]
	at org.apache.hadoop.hive.metastore.HMSHandler.drop_database_core(HMSHandler.java:1790) ~[classes/:?]
	at org.apache.hadoop.hive.metastore.HMSHandler.drop_database(HMSHandler.java:1869) ~[classes/:?]
	at sun.reflect.GeneratedMethodAccessor54.invoke(Unknown Source) ~[?:?]
	at sun.reflect.DelegatingMethodAccessorImpl.invoke(DelegatingMethodAccessorImpl.java:43) ~[?:1.8.0_402]
	at java.lang.reflect.Method.invoke(Method.java:498) ~[?:1.8.0_402]
	at org.apache.hadoop.hive.metastore.RetryingHMSHandler.invokeInternal(RetryingHMSHandler.java:147) ~[classes/:?]
	at org.apache.hadoop.hive.metastore.RetryingHMSHandler.invoke(RetryingHMSHandler.java:108) ~[classes/:?]
	at com.sun.proxy.$Proxy35.drop_database(Unknown Source) ~[?:?]
	at org.apache.hadoop.hive.metastore.HiveMetaStoreClient.dropDatabaseCascadePerDb(HiveMetaStoreClient.java:1601) ~[classes/:?]
	at org.apache.hadoop.hive.metastore.HiveMetaStoreClient.dropDatabase(HiveMetaStoreClient.java:1532) ~[classes/:?]
	at org.apache.hadoop.hive.metastore.HiveMetaStoreClient.dropDatabase(HiveMetaStoreClient.java:1485) ~[classes/:?]
	at sun.reflect.NativeMethodAccessorImpl.invoke0(Native Method) ~[?:1.8.0_402]
	at sun.reflect.NativeMethodAccessorImpl.invoke(NativeMethodAccessorImpl.java:62) ~[?:1.8.0_402]
	at sun.reflect.DelegatingMethodAccessorImpl.invoke(DelegatingMethodAccessorImpl.java:43) ~[?:1.8.0_402]
	at java.lang.reflect.Method.invoke(Method.java:498) ~[?:1.8.0_402]
	at org.apache.hadoop.hive.metastore.RetryingMetaStoreClient.invoke(RetryingMetaStoreClient.java:218) ~[classes/:?]
	at com.sun.proxy.$Proxy45.dropDatabase(Unknown Source) ~[?:?]
	at org.apache.hadoop.hive.ql.metadata.Hive.dropDatabase(Hive.java:662) ~[classes/:?]
	... 57 more
Caused by: org.apache.derby.iapi.error.StandardException: DELETE on table 'DBS' caused a violation of foreign key constraint 'TBLS_FK1' for key (3).  The statement has been rolled back.
	at org.apache.derby.iapi.error.StandardException.newException(Unknown Source) ~[derby-10.14.1.0.jar:?]
	at org.apache.derby.iapi.error.StandardException.newException(Unknown Source) ~[derby-10.14.1.0.jar:?]
	at org.apache.derby.impl.sql.execute.ReferencedKeyRIChecker.doCheck(Unknown Source) ~[derby-10.14.1.0.jar:?]
	at org.apache.derby.impl.sql.execute.RISetChecker.doPKCheck(Unknown Source) ~[derby-10.14.1.0.jar:?]
	at org.apache.derby.impl.sql.execute.DeleteResultSet.collectAffectedRows(Unknown Source) ~[derby-10.14.1.0.jar:?]
	at org.apache.derby.impl.sql.execute.DeleteResultSet.open(Unknown Source) ~[derby-10.14.1.0.jar:?]
	at org.apache.derby.impl.sql.GenericPreparedStatement.executeStmt(Unknown Source) ~[derby-10.14.1.0.jar:?]
	at org.apache.derby.impl.sql.GenericPreparedStatement.execute(Unknown Source) ~[derby-10.14.1.0.jar:?]
	at org.apache.derby.impl.jdbc.EmbedStatement.executeStatement(Unknown Source) ~[derby-10.14.1.0.jar:?]
	at org.apache.derby.impl.jdbc.EmbedPreparedStatement.executeBatchElement(Unknown Source) ~[derby-10.14.1.0.jar:?]
	at org.apache.derby.impl.jdbc.EmbedStatement.executeLargeBatch(Unknown Source) ~[derby-10.14.1.0.jar:?]
	at org.apache.derby.impl.jdbc.EmbedStatement.executeBatch(Unknown Source) ~[derby-10.14.1.0.jar:?]
	at com.zaxxer.hikari.pool.ProxyStatement.executeBatch(ProxyStatement.java:128) ~[HikariCP-java7-2.4.12.jar:?]
	at com.zaxxer.hikari.pool.HikariProxyPreparedStatement.executeBatch(HikariProxyPreparedStatement.java) ~[HikariCP-java7-2.4.12.jar:?]
	at org.datanucleus.store.rdbms.ParamLoggingPreparedStatement.executeBatch(ParamLoggingPreparedStatement.java:366) ~[datanucleus-rdbms-5.2.4.jar:?]
	at org.datanucleus.store.rdbms.SQLController.processConnectionStatement(SQLController.java:675) ~[datanucleus-rdbms-5.2.4.jar:?]
	at org.datanucleus.store.rdbms.SQLController.processStatementsForConnection(SQLController.java:643) ~[datanucleus-rdbms-5.2.4.jar:?]
	at org.datanucleus.store.rdbms.SQLController$1.transactionFlushed(SQLController.java:729) ~[datanucleus-rdbms-5.2.4.jar:?]
	at org.datanucleus.store.connection.AbstractManagedConnection.transactionFlushed(AbstractManagedConnection.java:95) ~[datanucleus-core-5.2.4.jar:?]
	at org.datanucleus.store.connection.ConnectionManagerImpl$2.transactionFlushed(ConnectionManagerImpl.java:528) ~[datanucleus-core-5.2.4.jar:?]
	at org.datanucleus.TransactionImpl.flush(TransactionImpl.java:222) ~[datanucleus-core-5.2.4.jar:?]
	at org.datanucleus.TransactionImpl.commit(TransactionImpl.java:286) ~[datanucleus-core-5.2.4.jar:?]
	at org.datanucleus.api.jdo.JDOTransaction.commit(JDOTransaction.java:99) ~[datanucleus-api-jdo-5.2.4.jar:?]
	at org.apache.hadoop.hive.metastore.ObjectStore.commitTransaction(ObjectStore.java:615) ~[classes/:?]
	at sun.reflect.GeneratedMethodAccessor31.invoke(Unknown Source) ~[?:?]
	at sun.reflect.DelegatingMethodAccessorImpl.invoke(DelegatingMethodAccessorImpl.java:43) ~[?:1.8.0_402]
	at java.lang.reflect.Method.invoke(Method.java:498) ~[?:1.8.0_402]
	at org.apache.hadoop.hive.metastore.RawStoreProxy.invoke(RawStoreProxy.java:97) ~[classes/:?]
	at com.sun.proxy.$Proxy32.commitTransaction(Unknown Source) ~[?:?]
	at org.apache.hadoop.hive.metastore.HMSHandler.drop_database_core(HMSHandler.java:1790) ~[classes/:?]
	at org.apache.hadoop.hive.metastore.HMSHandler.drop_database(HMSHandler.java:1869) ~[classes/:?]
	at sun.reflect.GeneratedMethodAccessor54.invoke(Unknown Source) ~[?:?]
	at sun.reflect.DelegatingMethodAccessorImpl.invoke(DelegatingMethodAccessorImpl.java:43) ~[?:1.8.0_402]
	at java.lang.reflect.Method.invoke(Method.java:498) ~[?:1.8.0_402]
	at org.apache.hadoop.hive.metastore.RetryingHMSHandler.invokeInternal(RetryingHMSHandler.java:147) ~[classes/:?]
	at org.apache.hadoop.hive.metastore.RetryingHMSHandler.invoke(RetryingHMSHandler.java:108) ~[classes/:?]
	at com.sun.proxy.$Proxy35.drop_database(Unknown Source) ~[?:?]
	at org.apache.hadoop.hive.metastore.HiveMetaStoreClient.dropDatabaseCascadePerDb(HiveMetaStoreClient.java:1601) ~[classes/:?]
	at org.apache.hadoop.hive.metastore.HiveMetaStoreClient.dropDatabase(HiveMetaStoreClient.java:1532) ~[classes/:?]
	at org.apache.hadoop.hive.metastore.HiveMetaStoreClient.dropDatabase(HiveMetaStoreClient.java:1485) ~[classes/:?]
	at sun.reflect.NativeMethodAccessorImpl.invoke0(Native Method) ~[?:1.8.0_402]
	at sun.reflect.NativeMethodAccessorImpl.invoke(NativeMethodAccessorImpl.java:62) ~[?:1.8.0_402]
	at sun.reflect.DelegatingMethodAccessorImpl.invoke(DelegatingMethodAccessorImpl.java:43) ~[?:1.8.0_402]
	at java.lang.reflect.Method.invoke(Method.java:498) ~[?:1.8.0_402]
	at org.apache.hadoop.hive.metastore.RetryingMetaStoreClient.invoke(RetryingMetaStoreClient.java:218) ~[classes/:?]
	at com.sun.proxy.$Proxy45.dropDatabase(Unknown Source) ~[?:?]
	at org.apache.hadoop.hive.ql.metadata.Hive.dropDatabase(Hive.java:662) ~[classes/:?]
	... 57 more
2024-04-24T11:28:57,409 ERROR [main] exec.Task: DDLTask failed, DDL Operation: class org.apache.hadoop.hive.ql.ddl.database.drop.DropDatabaseOperation
org.apache.hadoop.hive.ql.metadata.HiveException: MetaException(message:javax.jdo.JDODataStoreException: Exception thrown flushing changes to datastore
NestedThrowables:
java.sql.BatchUpdateException: DELETE on table 'DBS' caused a violation of foreign key constraint 'TBLS_FK1' for key (3).  The statement has been rolled back.)
	at org.apache.hadoop.hive.ql.metadata.Hive.dropDatabase(Hive.java:666) ~[classes/:?]
	at org.apache.hadoop.hive.ql.ddl.database.drop.DropDatabaseOperation.execute(DropDatabaseOperation.java:52) ~[classes/:?]
	at org.apache.hadoop.hive.ql.ddl.DDLTask.execute(DDLTask.java:84) [classes/:?]
	at org.apache.hadoop.hive.ql.exec.Task.executeTask(Task.java:212) [classes/:?]
	at org.apache.hadoop.hive.ql.exec.TaskRunner.runSequential(TaskRunner.java:105) [classes/:?]
	at org.apache.hadoop.hive.ql.Executor.launchTask(Executor.java:361) [classes/:?]
	at org.apache.hadoop.hive.ql.Executor.launchTasks(Executor.java:334) [classes/:?]
	at org.apache.hadoop.hive.ql.Executor.runTasks(Executor.java:245) [classes/:?]
	at org.apache.hadoop.hive.ql.Executor.execute(Executor.java:108) [classes/:?]
	at org.apache.hadoop.hive.ql.Driver.execute(Driver.java:348) [classes/:?]
	at org.apache.hadoop.hive.ql.Driver.runInternal(Driver.java:204) [classes/:?]
	at org.apache.hadoop.hive.ql.Driver.run(Driver.java:153) [classes/:?]
	at org.apache.hadoop.hive.ql.Driver.run(Driver.java:148) [classes/:?]
	at org.apache.hadoop.hive.ql.reexec.ReExecDriver.run(ReExecDriver.java:164) [classes/:?]
	at org.apache.hadoop.hive.ql.reexec.ReExecDriver.run(ReExecDriver.java:230) [classes/:?]
	at org.apache.hive.hcatalog.pig.AbstractHCatLoaderTest.executeStatementOnDriver(AbstractHCatLoaderTest.java:151) [test-classes/:?]
	at org.apache.hive.hcatalog.pig.AbstractHCatLoaderTest.tearDown(AbstractHCatLoaderTest.java:239) [test-classes/:?]
	at sun.reflect.NativeMethodAccessorImpl.invoke0(Native Method) ~[?:1.8.0_402]
	at sun.reflect.NativeMethodAccessorImpl.invoke(NativeMethodAccessorImpl.java:62) ~[?:1.8.0_402]
	at sun.reflect.DelegatingMethodAccessorImpl.invoke(DelegatingMethodAccessorImpl.java:43) ~[?:1.8.0_402]
	at java.lang.reflect.Method.invoke(Method.java:498) ~[?:1.8.0_402]
	at org.junit.runners.model.FrameworkMethod$1.runReflectiveCall(FrameworkMethod.java:59) [junit-4.13.jar:4.13]
	at org.junit.internal.runners.model.ReflectiveCallable.run(ReflectiveCallable.java:12) [junit-4.13.jar:4.13]
	at org.junit.runners.model.FrameworkMethod.invokeExplosively(FrameworkMethod.java:56) [junit-4.13.jar:4.13]
	at org.junit.internal.runners.statements.RunAfters.invokeMethod(RunAfters.java:46) [junit-4.13.jar:4.13]
	at org.junit.internal.runners.statements.RunAfters.evaluate(RunAfters.java:33) [junit-4.13.jar:4.13]
	at org.junit.runners.ParentRunner$3.evaluate(ParentRunner.java:306) [junit-4.13.jar:4.13]
	at org.junit.runners.BlockJUnit4ClassRunner$1.evaluate(BlockJUnit4ClassRunner.java:100) [junit-4.13.jar:4.13]
	at org.junit.runners.ParentRunner.runLeaf(ParentRunner.java:366) [junit-4.13.jar:4.13]
	at org.junit.runners.BlockJUnit4ClassRunner.runChild(BlockJUnit4ClassRunner.java:103) [junit-4.13.jar:4.13]
	at org.junit.runners.BlockJUnit4ClassRunner.runChild(BlockJUnit4ClassRunner.java:63) [junit-4.13.jar:4.13]
	at org.junit.runners.ParentRunner$4.run(ParentRunner.java:331) [junit-4.13.jar:4.13]
	at org.junit.runners.ParentRunner$1.schedule(ParentRunner.java:79) [junit-4.13.jar:4.13]
	at org.junit.runners.ParentRunner.runChildren(ParentRunner.java:329) [junit-4.13.jar:4.13]
	at org.junit.runners.ParentRunner.access$100(ParentRunner.java:66) [junit-4.13.jar:4.13]
	at org.junit.runners.ParentRunner$2.evaluate(ParentRunner.java:293) [junit-4.13.jar:4.13]
	at org.junit.internal.runners.statements.RunBefores.evaluate(RunBefores.java:26) [junit-4.13.jar:4.13]
	at org.junit.runners.ParentRunner$3.evaluate(ParentRunner.java:306) [junit-4.13.jar:4.13]
	at org.junit.runners.ParentRunner.run(ParentRunner.java:413) [junit-4.13.jar:4.13]
	at org.junit.runners.Suite.runChild(Suite.java:128) [junit-4.13.jar:4.13]
	at org.junit.runners.Suite.runChild(Suite.java:27) [junit-4.13.jar:4.13]
	at org.junit.runners.ParentRunner$4.run(ParentRunner.java:331) [junit-4.13.jar:4.13]
	at org.junit.runners.ParentRunner$1.schedule(ParentRunner.java:79) [junit-4.13.jar:4.13]
	at org.junit.runners.ParentRunner.runChildren(ParentRunner.java:329) [junit-4.13.jar:4.13]
	at org.junit.runners.ParentRunner.access$100(ParentRunner.java:66) [junit-4.13.jar:4.13]
	at org.junit.runners.ParentRunner$2.evaluate(ParentRunner.java:293) [junit-4.13.jar:4.13]
	at org.junit.runners.ParentRunner$3.evaluate(ParentRunner.java:306) [junit-4.13.jar:4.13]
	at org.junit.runners.ParentRunner.run(ParentRunner.java:413) [junit-4.13.jar:4.13]
	at org.apache.maven.surefire.junitcore.JUnitCore.run(JUnitCore.java:55) [surefire-junit47-3.0.0-M4.jar:3.0.0-M4]
	at org.apache.maven.surefire.junitcore.JUnitCoreWrapper.createRequestAndRun(JUnitCoreWrapper.java:137) [surefire-junit47-3.0.0-M4.jar:3.0.0-M4]
	at org.apache.maven.surefire.junitcore.JUnitCoreWrapper.executeEager(JUnitCoreWrapper.java:107) [surefire-junit47-3.0.0-M4.jar:3.0.0-M4]
	at org.apache.maven.surefire.junitcore.JUnitCoreWrapper.execute(JUnitCoreWrapper.java:83) [surefire-junit47-3.0.0-M4.jar:3.0.0-M4]
	at org.apache.maven.surefire.junitcore.JUnitCoreWrapper.execute(JUnitCoreWrapper.java:75) [surefire-junit47-3.0.0-M4.jar:3.0.0-M4]
	at org.apache.maven.surefire.junitcore.JUnitCoreProvider.invoke(JUnitCoreProvider.java:158) [surefire-junit47-3.0.0-M4.jar:3.0.0-M4]
	at org.apache.maven.surefire.booter.ForkedBooter.runSuitesInProcess(ForkedBooter.java:377) [surefire-booter-3.0.0-M4.jar:3.0.0-M4]
	at org.apache.maven.surefire.booter.ForkedBooter.execute(ForkedBooter.java:138) [surefire-booter-3.0.0-M4.jar:3.0.0-M4]
	at org.apache.maven.surefire.booter.ForkedBooter.run(ForkedBooter.java:465) [surefire-booter-3.0.0-M4.jar:3.0.0-M4]
	at org.apache.maven.surefire.booter.ForkedBooter.main(ForkedBooter.java:451) [surefire-booter-3.0.0-M4.jar:3.0.0-M4]
Caused by: org.apache.hadoop.hive.metastore.api.MetaException: javax.jdo.JDODataStoreException: Exception thrown flushing changes to datastore
NestedThrowables:
java.sql.BatchUpdateException: DELETE on table 'DBS' caused a violation of foreign key constraint 'TBLS_FK1' for key (3).  The statement has been rolled back.
	at org.apache.hadoop.hive.metastore.RetryingHMSHandler.invokeInternal(RetryingHMSHandler.java:209) ~[classes/:?]
	at org.apache.hadoop.hive.metastore.RetryingHMSHandler.invoke(RetryingHMSHandler.java:108) ~[classes/:?]
	at com.sun.proxy.$Proxy35.drop_database(Unknown Source) ~[?:?]
	at org.apache.hadoop.hive.metastore.HiveMetaStoreClient.dropDatabaseCascadePerDb(HiveMetaStoreClient.java:1601) ~[classes/:?]
	at org.apache.hadoop.hive.metastore.HiveMetaStoreClient.dropDatabase(HiveMetaStoreClient.java:1532) ~[classes/:?]
	at org.apache.hadoop.hive.metastore.HiveMetaStoreClient.dropDatabase(HiveMetaStoreClient.java:1485) ~[classes/:?]
	at sun.reflect.NativeMethodAccessorImpl.invoke0(Native Method) ~[?:1.8.0_402]
	at sun.reflect.NativeMethodAccessorImpl.invoke(NativeMethodAccessorImpl.java:62) ~[?:1.8.0_402]
	at sun.reflect.DelegatingMethodAccessorImpl.invoke(DelegatingMethodAccessorImpl.java:43) ~[?:1.8.0_402]
	at java.lang.reflect.Method.invoke(Method.java:498) ~[?:1.8.0_402]
	at org.apache.hadoop.hive.metastore.RetryingMetaStoreClient.invoke(RetryingMetaStoreClient.java:218) ~[classes/:?]
	at com.sun.proxy.$Proxy45.dropDatabase(Unknown Source) ~[?:?]
	at org.apache.hadoop.hive.ql.metadata.Hive.dropDatabase(Hive.java:662) ~[classes/:?]
	... 57 more
Caused by: javax.jdo.JDODataStoreException: Exception thrown flushing changes to datastore
	at org.datanucleus.api.jdo.NucleusJDOHelper.getJDOExceptionForNucleusException(NucleusJDOHelper.java:542) ~[datanucleus-api-jdo-5.2.4.jar:?]
	at org.datanucleus.api.jdo.JDOTransaction.commit(JDOTransaction.java:162) ~[datanucleus-api-jdo-5.2.4.jar:?]
	at org.apache.hadoop.hive.metastore.ObjectStore.commitTransaction(ObjectStore.java:615) ~[classes/:?]
	at sun.reflect.GeneratedMethodAccessor31.invoke(Unknown Source) ~[?:?]
	at sun.reflect.DelegatingMethodAccessorImpl.invoke(DelegatingMethodAccessorImpl.java:43) ~[?:1.8.0_402]
	at java.lang.reflect.Method.invoke(Method.java:498) ~[?:1.8.0_402]
	at org.apache.hadoop.hive.metastore.RawStoreProxy.invoke(RawStoreProxy.java:97) ~[classes/:?]
	at com.sun.proxy.$Proxy32.commitTransaction(Unknown Source) ~[?:?]
	at org.apache.hadoop.hive.metastore.HMSHandler.drop_database_core(HMSHandler.java:1790) ~[classes/:?]
	at org.apache.hadoop.hive.metastore.HMSHandler.drop_database(HMSHandler.java:1869) ~[classes/:?]
	at sun.reflect.GeneratedMethodAccessor54.invoke(Unknown Source) ~[?:?]
	at sun.reflect.DelegatingMethodAccessorImpl.invoke(DelegatingMethodAccessorImpl.java:43) ~[?:1.8.0_402]
	at java.lang.reflect.Method.invoke(Method.java:498) ~[?:1.8.0_402]
	at org.apache.hadoop.hive.metastore.RetryingHMSHandler.invokeInternal(RetryingHMSHandler.java:147) ~[classes/:?]
	at org.apache.hadoop.hive.metastore.RetryingHMSHandler.invoke(RetryingHMSHandler.java:108) ~[classes/:?]
	at com.sun.proxy.$Proxy35.drop_database(Unknown Source) ~[?:?]
	at org.apache.hadoop.hive.metastore.HiveMetaStoreClient.dropDatabaseCascadePerDb(HiveMetaStoreClient.java:1601) ~[classes/:?]
	at org.apache.hadoop.hive.metastore.HiveMetaStoreClient.dropDatabase(HiveMetaStoreClient.java:1532) ~[classes/:?]
	at org.apache.hadoop.hive.metastore.HiveMetaStoreClient.dropDatabase(HiveMetaStoreClient.java:1485) ~[classes/:?]
	at sun.reflect.NativeMethodAccessorImpl.invoke0(Native Method) ~[?:1.8.0_402]
	at sun.reflect.NativeMethodAccessorImpl.invoke(NativeMethodAccessorImpl.java:62) ~[?:1.8.0_402]
	at sun.reflect.DelegatingMethodAccessorImpl.invoke(DelegatingMethodAccessorImpl.java:43) ~[?:1.8.0_402]
	at java.lang.reflect.Method.invoke(Method.java:498) ~[?:1.8.0_402]
	at org.apache.hadoop.hive.metastore.RetryingMetaStoreClient.invoke(RetryingMetaStoreClient.java:218) ~[classes/:?]
	at com.sun.proxy.$Proxy45.dropDatabase(Unknown Source) ~[?:?]
	at org.apache.hadoop.hive.ql.metadata.Hive.dropDatabase(Hive.java:662) ~[classes/:?]
	... 57 more
Caused by: java.sql.BatchUpdateException: DELETE on table 'DBS' caused a violation of foreign key constraint 'TBLS_FK1' for key (3).  The statement has been rolled back.
	at org.apache.derby.impl.jdbc.EmbedStatement.executeLargeBatch(Unknown Source) ~[derby-10.14.1.0.jar:?]
	at org.apache.derby.impl.jdbc.EmbedStatement.executeBatch(Unknown Source) ~[derby-10.14.1.0.jar:?]
	at com.zaxxer.hikari.pool.ProxyStatement.executeBatch(ProxyStatement.java:128) ~[HikariCP-java7-2.4.12.jar:?]
	at com.zaxxer.hikari.pool.HikariProxyPreparedStatement.executeBatch(HikariProxyPreparedStatement.java) ~[HikariCP-java7-2.4.12.jar:?]
	at org.datanucleus.store.rdbms.ParamLoggingPreparedStatement.executeBatch(ParamLoggingPreparedStatement.java:366) ~[datanucleus-rdbms-5.2.4.jar:?]
	at org.datanucleus.store.rdbms.SQLController.processConnectionStatement(SQLController.java:675) ~[datanucleus-rdbms-5.2.4.jar:?]
	at org.datanucleus.store.rdbms.SQLController.processStatementsForConnection(SQLController.java:643) ~[datanucleus-rdbms-5.2.4.jar:?]
	at org.datanucleus.store.rdbms.SQLController$1.transactionFlushed(SQLController.java:729) ~[datanucleus-rdbms-5.2.4.jar:?]
	at org.datanucleus.store.connection.AbstractManagedConnection.transactionFlushed(AbstractManagedConnection.java:95) ~[datanucleus-core-5.2.4.jar:?]
	at org.datanucleus.store.connection.ConnectionManagerImpl$2.transactionFlushed(ConnectionManagerImpl.java:528) ~[datanucleus-core-5.2.4.jar:?]
	at org.datanucleus.TransactionImpl.flush(TransactionImpl.java:222) ~[datanucleus-core-5.2.4.jar:?]
	at org.datanucleus.TransactionImpl.commit(TransactionImpl.java:286) ~[datanucleus-core-5.2.4.jar:?]
	at org.datanucleus.api.jdo.JDOTransaction.commit(JDOTransaction.java:99) ~[datanucleus-api-jdo-5.2.4.jar:?]
	at org.apache.hadoop.hive.metastore.ObjectStore.commitTransaction(ObjectStore.java:615) ~[classes/:?]
	at sun.reflect.GeneratedMethodAccessor31.invoke(Unknown Source) ~[?:?]
	at sun.reflect.DelegatingMethodAccessorImpl.invoke(DelegatingMethodAccessorImpl.java:43) ~[?:1.8.0_402]
	at java.lang.reflect.Method.invoke(Method.java:498) ~[?:1.8.0_402]
	at org.apache.hadoop.hive.metastore.RawStoreProxy.invoke(RawStoreProxy.java:97) ~[classes/:?]
	at com.sun.proxy.$Proxy32.commitTransaction(Unknown Source) ~[?:?]
	at org.apache.hadoop.hive.metastore.HMSHandler.drop_database_core(HMSHandler.java:1790) ~[classes/:?]
	at org.apache.hadoop.hive.metastore.HMSHandler.drop_database(HMSHandler.java:1869) ~[classes/:?]
	at sun.reflect.GeneratedMethodAccessor54.invoke(Unknown Source) ~[?:?]
	at sun.reflect.DelegatingMethodAccessorImpl.invoke(DelegatingMethodAccessorImpl.java:43) ~[?:1.8.0_402]
	at java.lang.reflect.Method.invoke(Method.java:498) ~[?:1.8.0_402]
	at org.apache.hadoop.hive.metastore.RetryingHMSHandler.invokeInternal(RetryingHMSHandler.java:147) ~[classes/:?]
	at org.apache.hadoop.hive.metastore.RetryingHMSHandler.invoke(RetryingHMSHandler.java:108) ~[classes/:?]
	at com.sun.proxy.$Proxy35.drop_database(Unknown Source) ~[?:?]
	at org.apache.hadoop.hive.metastore.HiveMetaStoreClient.dropDatabaseCascadePerDb(HiveMetaStoreClient.java:1601) ~[classes/:?]
	at org.apache.hadoop.hive.metastore.HiveMetaStoreClient.dropDatabase(HiveMetaStoreClient.java:1532) ~[classes/:?]
	at org.apache.hadoop.hive.metastore.HiveMetaStoreClient.dropDatabase(HiveMetaStoreClient.java:1485) ~[classes/:?]
	at sun.reflect.NativeMethodAccessorImpl.invoke0(Native Method) ~[?:1.8.0_402]
	at sun.reflect.NativeMethodAccessorImpl.invoke(NativeMethodAccessorImpl.java:62) ~[?:1.8.0_402]
	at sun.reflect.DelegatingMethodAccessorImpl.invoke(DelegatingMethodAccessorImpl.java:43) ~[?:1.8.0_402]
	at java.lang.reflect.Method.invoke(Method.java:498) ~[?:1.8.0_402]
	at org.apache.hadoop.hive.metastore.RetryingMetaStoreClient.invoke(RetryingMetaStoreClient.java:218) ~[classes/:?]
	at com.sun.proxy.$Proxy45.dropDatabase(Unknown Source) ~[?:?]
	at org.apache.hadoop.hive.ql.metadata.Hive.dropDatabase(Hive.java:662) ~[classes/:?]
	... 57 more
Caused by: org.apache.derby.shared.common.error.DerbySQLIntegrityConstraintViolationException: DELETE on table 'DBS' caused a violation of foreign key constraint 'TBLS_FK1' for key (3).  The statement has been rolled back.
	at org.apache.derby.impl.jdbc.SQLExceptionFactory.getSQLException(Unknown Source) ~[derby-10.14.1.0.jar:?]
	at org.apache.derby.impl.jdbc.Util.generateCsSQLException(Unknown Source) ~[derby-10.14.1.0.jar:?]
	at org.apache.derby.impl.jdbc.TransactionResourceImpl.wrapInSQLException(Unknown Source) ~[derby-10.14.1.0.jar:?]
	at org.apache.derby.impl.jdbc.TransactionResourceImpl.handleException(Unknown Source) ~[derby-10.14.1.0.jar:?]
	at org.apache.derby.impl.jdbc.EmbedConnection.handleException(Unknown Source) ~[derby-10.14.1.0.jar:?]
	at org.apache.derby.impl.jdbc.ConnectionChild.handleException(Unknown Source) ~[derby-10.14.1.0.jar:?]
	at org.apache.derby.impl.jdbc.EmbedStatement.executeStatement(Unknown Source) ~[derby-10.14.1.0.jar:?]
	at org.apache.derby.impl.jdbc.EmbedPreparedStatement.executeBatchElement(Unknown Source) ~[derby-10.14.1.0.jar:?]
	at org.apache.derby.impl.jdbc.EmbedStatement.executeLargeBatch(Unknown Source) ~[derby-10.14.1.0.jar:?]
	at org.apache.derby.impl.jdbc.EmbedStatement.executeBatch(Unknown Source) ~[derby-10.14.1.0.jar:?]
	at com.zaxxer.hikari.pool.ProxyStatement.executeBatch(ProxyStatement.java:128) ~[HikariCP-java7-2.4.12.jar:?]
	at com.zaxxer.hikari.pool.HikariProxyPreparedStatement.executeBatch(HikariProxyPreparedStatement.java) ~[HikariCP-java7-2.4.12.jar:?]
	at org.datanucleus.store.rdbms.ParamLoggingPreparedStatement.executeBatch(ParamLoggingPreparedStatement.java:366) ~[datanucleus-rdbms-5.2.4.jar:?]
	at org.datanucleus.store.rdbms.SQLController.processConnectionStatement(SQLController.java:675) ~[datanucleus-rdbms-5.2.4.jar:?]
	at org.datanucleus.store.rdbms.SQLController.processStatementsForConnection(SQLController.java:643) ~[datanucleus-rdbms-5.2.4.jar:?]
	at org.datanucleus.store.rdbms.SQLController$1.transactionFlushed(SQLController.java:729) ~[datanucleus-rdbms-5.2.4.jar:?]
	at org.datanucleus.store.connection.AbstractManagedConnection.transactionFlushed(AbstractManagedConnection.java:95) ~[datanucleus-core-5.2.4.jar:?]
	at org.datanucleus.store.connection.ConnectionManagerImpl$2.transactionFlushed(ConnectionManagerImpl.java:528) ~[datanucleus-core-5.2.4.jar:?]
	at org.datanucleus.TransactionImpl.flush(TransactionImpl.java:222) ~[datanucleus-core-5.2.4.jar:?]
	at org.datanucleus.TransactionImpl.commit(TransactionImpl.java:286) ~[datanucleus-core-5.2.4.jar:?]
	at org.datanucleus.api.jdo.JDOTransaction.commit(JDOTransaction.java:99) ~[datanucleus-api-jdo-5.2.4.jar:?]
	at org.apache.hadoop.hive.metastore.ObjectStore.commitTransaction(ObjectStore.java:615) ~[classes/:?]
	at sun.reflect.GeneratedMethodAccessor31.invoke(Unknown Source) ~[?:?]
	at sun.reflect.DelegatingMethodAccessorImpl.invoke(DelegatingMethodAccessorImpl.java:43) ~[?:1.8.0_402]
	at java.lang.reflect.Method.invoke(Method.java:498) ~[?:1.8.0_402]
	at org.apache.hadoop.hive.metastore.RawStoreProxy.invoke(RawStoreProxy.java:97) ~[classes/:?]
	at com.sun.proxy.$Proxy32.commitTransaction(Unknown Source) ~[?:?]
	at org.apache.hadoop.hive.metastore.HMSHandler.drop_database_core(HMSHandler.java:1790) ~[classes/:?]
	at org.apache.hadoop.hive.metastore.HMSHandler.drop_database(HMSHandler.java:1869) ~[classes/:?]
	at sun.reflect.GeneratedMethodAccessor54.invoke(Unknown Source) ~[?:?]
	at sun.reflect.DelegatingMethodAccessorImpl.invoke(DelegatingMethodAccessorImpl.java:43) ~[?:1.8.0_402]
	at java.lang.reflect.Method.invoke(Method.java:498) ~[?:1.8.0_402]
	at org.apache.hadoop.hive.metastore.RetryingHMSHandler.invokeInternal(RetryingHMSHandler.java:147) ~[classes/:?]
	at org.apache.hadoop.hive.metastore.RetryingHMSHandler.invoke(RetryingHMSHandler.java:108) ~[classes/:?]
	at com.sun.proxy.$Proxy35.drop_database(Unknown Source) ~[?:?]
	at org.apache.hadoop.hive.metastore.HiveMetaStoreClient.dropDatabaseCascadePerDb(HiveMetaStoreClient.java:1601) ~[classes/:?]
	at org.apache.hadoop.hive.metastore.HiveMetaStoreClient.dropDatabase(HiveMetaStoreClient.java:1532) ~[classes/:?]
	at org.apache.hadoop.hive.metastore.HiveMetaStoreClient.dropDatabase(HiveMetaStoreClient.java:1485) ~[classes/:?]
	at sun.reflect.NativeMethodAccessorImpl.invoke0(Native Method) ~[?:1.8.0_402]
	at sun.reflect.NativeMethodAccessorImpl.invoke(NativeMethodAccessorImpl.java:62) ~[?:1.8.0_402]
	at sun.reflect.DelegatingMethodAccessorImpl.invoke(DelegatingMethodAccessorImpl.java:43) ~[?:1.8.0_402]
	at java.lang.reflect.Method.invoke(Method.java:498) ~[?:1.8.0_402]
	at org.apache.hadoop.hive.metastore.RetryingMetaStoreClient.invoke(RetryingMetaStoreClient.java:218) ~[classes/:?]
	at com.sun.proxy.$Proxy45.dropDatabase(Unknown Source) ~[?:?]
	at org.apache.hadoop.hive.ql.metadata.Hive.dropDatabase(Hive.java:662) ~[classes/:?]
	... 57 more
Caused by: org.apache.derby.iapi.error.StandardException: DELETE on table 'DBS' caused a violation of foreign key constraint 'TBLS_FK1' for key (3).  The statement has been rolled back.
	at org.apache.derby.iapi.error.StandardException.newException(Unknown Source) ~[derby-10.14.1.0.jar:?]
	at org.apache.derby.iapi.error.StandardException.newException(Unknown Source) ~[derby-10.14.1.0.jar:?]
	at org.apache.derby.impl.sql.execute.ReferencedKeyRIChecker.doCheck(Unknown Source) ~[derby-10.14.1.0.jar:?]
	at org.apache.derby.impl.sql.execute.RISetChecker.doPKCheck(Unknown Source) ~[derby-10.14.1.0.jar:?]
	at org.apache.derby.impl.sql.execute.DeleteResultSet.collectAffectedRows(Unknown Source) ~[derby-10.14.1.0.jar:?]
	at org.apache.derby.impl.sql.execute.DeleteResultSet.open(Unknown Source) ~[derby-10.14.1.0.jar:?]
	at org.apache.derby.impl.sql.GenericPreparedStatement.executeStmt(Unknown Source) ~[derby-10.14.1.0.jar:?]
	at org.apache.derby.impl.sql.GenericPreparedStatement.execute(Unknown Source) ~[derby-10.14.1.0.jar:?]
	at org.apache.derby.impl.jdbc.EmbedStatement.executeStatement(Unknown Source) ~[derby-10.14.1.0.jar:?]
	at org.apache.derby.impl.jdbc.EmbedPreparedStatement.executeBatchElement(Unknown Source) ~[derby-10.14.1.0.jar:?]
	at org.apache.derby.impl.jdbc.EmbedStatement.executeLargeBatch(Unknown Source) ~[derby-10.14.1.0.jar:?]
	at org.apache.derby.impl.jdbc.EmbedStatement.executeBatch(Unknown Source) ~[derby-10.14.1.0.jar:?]
	at com.zaxxer.hikari.pool.ProxyStatement.executeBatch(ProxyStatement.java:128) ~[HikariCP-java7-2.4.12.jar:?]
	at com.zaxxer.hikari.pool.HikariProxyPreparedStatement.executeBatch(HikariProxyPreparedStatement.java) ~[HikariCP-java7-2.4.12.jar:?]
	at org.datanucleus.store.rdbms.ParamLoggingPreparedStatement.executeBatch(ParamLoggingPreparedStatement.java:366) ~[datanucleus-rdbms-5.2.4.jar:?]
	at org.datanucleus.store.rdbms.SQLController.processConnectionStatement(SQLController.java:675) ~[datanucleus-rdbms-5.2.4.jar:?]
	at org.datanucleus.store.rdbms.SQLController.processStatementsForConnection(SQLController.java:643) ~[datanucleus-rdbms-5.2.4.jar:?]
	at org.datanucleus.store.rdbms.SQLController$1.transactionFlushed(SQLController.java:729) ~[datanucleus-rdbms-5.2.4.jar:?]
	at org.datanucleus.store.connection.AbstractManagedConnection.transactionFlushed(AbstractManagedConnection.java:95) ~[datanucleus-core-5.2.4.jar:?]
	at org.datanucleus.store.connection.ConnectionManagerImpl$2.transactionFlushed(ConnectionManagerImpl.java:528) ~[datanucleus-core-5.2.4.jar:?]
	at org.datanucleus.TransactionImpl.flush(TransactionImpl.java:222) ~[datanucleus-core-5.2.4.jar:?]
	at org.datanucleus.TransactionImpl.commit(TransactionImpl.java:286) ~[datanucleus-core-5.2.4.jar:?]
	at org.datanucleus.api.jdo.JDOTransaction.commit(JDOTransaction.java:99) ~[datanucleus-api-jdo-5.2.4.jar:?]
	at org.apache.hadoop.hive.metastore.ObjectStore.commitTransaction(ObjectStore.java:615) ~[classes/:?]
	at sun.reflect.GeneratedMethodAccessor31.invoke(Unknown Source) ~[?:?]
	at sun.reflect.DelegatingMethodAccessorImpl.invoke(DelegatingMethodAccessorImpl.java:43) ~[?:1.8.0_402]
	at java.lang.reflect.Method.invoke(Method.java:498) ~[?:1.8.0_402]
	at org.apache.hadoop.hive.metastore.RawStoreProxy.invoke(RawStoreProxy.java:97) ~[classes/:?]
	at com.sun.proxy.$Proxy32.commitTransaction(Unknown Source) ~[?:?]
	at org.apache.hadoop.hive.metastore.HMSHandler.drop_database_core(HMSHandler.java:1790) ~[classes/:?]
	at org.apache.hadoop.hive.metastore.HMSHandler.drop_database(HMSHandler.java:1869) ~[classes/:?]
	at sun.reflect.GeneratedMethodAccessor54.invoke(Unknown Source) ~[?:?]
	at sun.reflect.DelegatingMethodAccessorImpl.invoke(DelegatingMethodAccessorImpl.java:43) ~[?:1.8.0_402]
	at java.lang.reflect.Method.invoke(Method.java:498) ~[?:1.8.0_402]
	at org.apache.hadoop.hive.metastore.RetryingHMSHandler.invokeInternal(RetryingHMSHandler.java:147) ~[classes/:?]
	at org.apache.hadoop.hive.metastore.RetryingHMSHandler.invoke(RetryingHMSHandler.java:108) ~[classes/:?]
	at com.sun.proxy.$Proxy35.drop_database(Unknown Source) ~[?:?]
	at org.apache.hadoop.hive.metastore.HiveMetaStoreClient.dropDatabaseCascadePerDb(HiveMetaStoreClient.java:1601) ~[classes/:?]
	at org.apache.hadoop.hive.metastore.HiveMetaStoreClient.dropDatabase(HiveMetaStoreClient.java:1532) ~[classes/:?]
	at org.apache.hadoop.hive.metastore.HiveMetaStoreClient.dropDatabase(HiveMetaStoreClient.java:1485) ~[classes/:?]
	at sun.reflect.NativeMethodAccessorImpl.invoke0(Native Method) ~[?:1.8.0_402]
	at sun.reflect.NativeMethodAccessorImpl.invoke(NativeMethodAccessorImpl.java:62) ~[?:1.8.0_402]
	at sun.reflect.DelegatingMethodAccessorImpl.invoke(DelegatingMethodAccessorImpl.java:43) ~[?:1.8.0_402]
	at java.lang.reflect.Method.invoke(Method.java:498) ~[?:1.8.0_402]
	at org.apache.hadoop.hive.metastore.RetryingMetaStoreClient.invoke(RetryingMetaStoreClient.java:218) ~[classes/:?]
	at com.sun.proxy.$Proxy45.dropDatabase(Unknown Source) ~[?:?]
	at org.apache.hadoop.hive.ql.metadata.Hive.dropDatabase(Hive.java:662) ~[classes/:?]
	... 57 more
2024-04-24T11:28:57,412  INFO [main] reexec.ReOptimizePlugin: ReOptimization: retryPossible: false
2024-04-24T11:28:57,412  INFO [main] reexec.ReExecuteLostAMQueryPlugin: Got exception message: MetaException(message:javax.jdo.JDODataStoreException: Exception thrown flushing changes to datastore
NestedThrowables:
java.sql.BatchUpdateException: DELETE on table 'DBS' caused a violation of foreign key constraint 'TBLS_FK1' for key (3).  The statement has been rolled back.) retryPossible: false
2024-04-24T11:28:57,412  INFO [main] reexec.ReExecutionDagSubmitPlugin: Got exception message: MetaException(message:javax.jdo.JDODataStoreException: Exception thrown flushing changes to datastore
NestedThrowables:
java.sql.BatchUpdateException: DELETE on table 'DBS' caused a violation of foreign key constraint 'TBLS_FK1' for key (3).  The statement has been rolled back.) retryPossible: false
FAILED: Execution Error, return code 40000 from org.apache.hadoop.hive.ql.ddl.DDLTask. MetaException(message:javax.jdo.JDODataStoreException: Exception thrown flushing changes to datastore
NestedThrowables:
java.sql.BatchUpdateException: DELETE on table 'DBS' caused a violation of foreign key constraint 'TBLS_FK1' for key (3).  The statement has been rolled back.)
2024-04-24T11:28:57,412 ERROR [main] ql.Driver: FAILED: Execution Error, return code 40000 from org.apache.hadoop.hive.ql.ddl.DDLTask. MetaException(message:javax.jdo.JDODataStoreException: Exception thrown flushing changes to datastore
NestedThrowables:
java.sql.BatchUpdateException: DELETE on table 'DBS' caused a violation of foreign key constraint 'TBLS_FK1' for key (3).  The statement has been rolled back.)
2024-04-24T11:28:57,412  INFO [main] metadata.Hive: Dumping metastore api call timing information for : execution phase
2024-04-24T11:28:57,413  INFO [main] metadata.Hive: Total time spent in each metastore function (ms): {isCompatibleWith_(Configuration)=0}
2024-04-24T11:28:57,413  INFO [main] ql.Driver: Completed executing command(queryId=alex_20240424112836_0b52faa9-2d52-4abf-8864-ad0a08d04a9b); Time taken: 20.32 seconds
]]></system-err>
  </testcase>
  <testcase name="testReadDataBasic" classname="org.apache.hive.hcatalog.pig.TestRCFileHCatLoader" time="20.715">
    <error message="FAILED: Execution Error, return code 40000 from org.apache.hadoop.hive.ql.ddl.DDLTask. MetaException(message:javax.jdo.JDODataStoreException: Exception thrown flushing changes to datastore&#10;NestedThrowables:&#10;java.sql.BatchUpdateException: DELETE on table &apos;DBS&apos; caused a violation of foreign key constraint &apos;TBLS_FK1&apos; for key (3).  The statement has been rolled back.)" type="(responseCode = 40000, errorMessage = FAILED"><![CDATA[(responseCode = 40000, errorMessage = FAILED: Execution Error, return code 40000 from org.apache.hadoop.hive.ql.ddl.DDLTask. MetaException(message:javax.jdo.JDODataStoreException: Exception thrown flushing changes to datastore
NestedThrowables:
java.sql.BatchUpdateException: DELETE on table 'DBS' caused a violation of foreign key constraint 'TBLS_FK1' for key (3).  The statement has been rolled back.), hiveErrorCode = 40000, SQLState = 08S01, exception = MetaException(message:javax.jdo.JDODataStoreException: Exception thrown flushing changes to datastore
NestedThrowables:
java.sql.BatchUpdateException: DELETE on table 'DBS' caused a violation of foreign key constraint 'TBLS_FK1' for key (3).  The statement has been rolled back.))
	at org.apache.hadoop.hive.ql.DriverUtils.createProcessorException(DriverUtils.java:153)
	at org.apache.hadoop.hive.ql.Executor.handleTaskFailure(Executor.java:403)
	at org.apache.hadoop.hive.ql.Executor.handleFinished(Executor.java:285)
	at org.apache.hadoop.hive.ql.Executor.runTasks(Executor.java:246)
	at org.apache.hadoop.hive.ql.Executor.execute(Executor.java:108)
	at org.apache.hadoop.hive.ql.Driver.execute(Driver.java:348)
	at org.apache.hadoop.hive.ql.Driver.runInternal(Driver.java:204)
	at org.apache.hadoop.hive.ql.Driver.run(Driver.java:153)
	at org.apache.hadoop.hive.ql.Driver.run(Driver.java:148)
	at org.apache.hadoop.hive.ql.reexec.ReExecDriver.run(ReExecDriver.java:164)
	at org.apache.hadoop.hive.ql.reexec.ReExecDriver.run(ReExecDriver.java:230)
	at org.apache.hive.hcatalog.pig.AbstractHCatLoaderTest.executeStatementOnDriver(AbstractHCatLoaderTest.java:151)
	at org.apache.hive.hcatalog.pig.AbstractHCatLoaderTest.tearDown(AbstractHCatLoaderTest.java:239)
	at sun.reflect.NativeMethodAccessorImpl.invoke0(Native Method)
	at sun.reflect.NativeMethodAccessorImpl.invoke(NativeMethodAccessorImpl.java:62)
	at sun.reflect.DelegatingMethodAccessorImpl.invoke(DelegatingMethodAccessorImpl.java:43)
	at java.lang.reflect.Method.invoke(Method.java:498)
	at org.junit.runners.model.FrameworkMethod$1.runReflectiveCall(FrameworkMethod.java:59)
	at org.junit.internal.runners.model.ReflectiveCallable.run(ReflectiveCallable.java:12)
	at org.junit.runners.model.FrameworkMethod.invokeExplosively(FrameworkMethod.java:56)
	at org.junit.internal.runners.statements.RunAfters.invokeMethod(RunAfters.java:46)
	at org.junit.internal.runners.statements.RunAfters.evaluate(RunAfters.java:33)
	at org.junit.runners.ParentRunner$3.evaluate(ParentRunner.java:306)
	at org.junit.runners.BlockJUnit4ClassRunner$1.evaluate(BlockJUnit4ClassRunner.java:100)
	at org.junit.runners.ParentRunner.runLeaf(ParentRunner.java:366)
	at org.junit.runners.BlockJUnit4ClassRunner.runChild(BlockJUnit4ClassRunner.java:103)
	at org.junit.runners.BlockJUnit4ClassRunner.runChild(BlockJUnit4ClassRunner.java:63)
	at org.junit.runners.ParentRunner$4.run(ParentRunner.java:331)
	at org.junit.runners.ParentRunner$1.schedule(ParentRunner.java:79)
	at org.junit.runners.ParentRunner.runChildren(ParentRunner.java:329)
	at org.junit.runners.ParentRunner.access$100(ParentRunner.java:66)
	at org.junit.runners.ParentRunner$2.evaluate(ParentRunner.java:293)
	at org.junit.internal.runners.statements.RunBefores.evaluate(RunBefores.java:26)
	at org.junit.runners.ParentRunner$3.evaluate(ParentRunner.java:306)
	at org.junit.runners.ParentRunner.run(ParentRunner.java:413)
	at org.junit.runners.Suite.runChild(Suite.java:128)
	at org.junit.runners.Suite.runChild(Suite.java:27)
	at org.junit.runners.ParentRunner$4.run(ParentRunner.java:331)
	at org.junit.runners.ParentRunner$1.schedule(ParentRunner.java:79)
	at org.junit.runners.ParentRunner.runChildren(ParentRunner.java:329)
	at org.junit.runners.ParentRunner.access$100(ParentRunner.java:66)
	at org.junit.runners.ParentRunner$2.evaluate(ParentRunner.java:293)
	at org.junit.runners.ParentRunner$3.evaluate(ParentRunner.java:306)
	at org.junit.runners.ParentRunner.run(ParentRunner.java:413)
	at org.apache.maven.surefire.junitcore.JUnitCore.run(JUnitCore.java:55)
	at org.apache.maven.surefire.junitcore.JUnitCoreWrapper.createRequestAndRun(JUnitCoreWrapper.java:137)
	at org.apache.maven.surefire.junitcore.JUnitCoreWrapper.executeEager(JUnitCoreWrapper.java:107)
	at org.apache.maven.surefire.junitcore.JUnitCoreWrapper.execute(JUnitCoreWrapper.java:83)
	at org.apache.maven.surefire.junitcore.JUnitCoreWrapper.execute(JUnitCoreWrapper.java:75)
	at org.apache.maven.surefire.junitcore.JUnitCoreProvider.invoke(JUnitCoreProvider.java:158)
	at org.apache.maven.surefire.booter.ForkedBooter.runSuitesInProcess(ForkedBooter.java:377)
	at org.apache.maven.surefire.booter.ForkedBooter.execute(ForkedBooter.java:138)
	at org.apache.maven.surefire.booter.ForkedBooter.run(ForkedBooter.java:465)
	at org.apache.maven.surefire.booter.ForkedBooter.main(ForkedBooter.java:451)
Caused by: org.apache.hadoop.hive.ql.metadata.HiveException: MetaException(message:javax.jdo.JDODataStoreException: Exception thrown flushing changes to datastore
NestedThrowables:
java.sql.BatchUpdateException: DELETE on table 'DBS' caused a violation of foreign key constraint 'TBLS_FK1' for key (3).  The statement has been rolled back.)
	at org.apache.hadoop.hive.ql.metadata.Hive.dropDatabase(Hive.java:666)
	at org.apache.hadoop.hive.ql.ddl.database.drop.DropDatabaseOperation.execute(DropDatabaseOperation.java:52)
	at org.apache.hadoop.hive.ql.ddl.DDLTask.execute(DDLTask.java:84)
	at org.apache.hadoop.hive.ql.exec.Task.executeTask(Task.java:212)
	at org.apache.hadoop.hive.ql.exec.TaskRunner.runSequential(TaskRunner.java:105)
	at org.apache.hadoop.hive.ql.Executor.launchTask(Executor.java:361)
	at org.apache.hadoop.hive.ql.Executor.launchTasks(Executor.java:334)
	at org.apache.hadoop.hive.ql.Executor.runTasks(Executor.java:245)
	... 50 more
Caused by: MetaException(message:javax.jdo.JDODataStoreException: Exception thrown flushing changes to datastore
NestedThrowables:
java.sql.BatchUpdateException: DELETE on table 'DBS' caused a violation of foreign key constraint 'TBLS_FK1' for key (3).  The statement has been rolled back.)
	at org.apache.hadoop.hive.metastore.RetryingHMSHandler.invokeInternal(RetryingHMSHandler.java:209)
	at org.apache.hadoop.hive.metastore.RetryingHMSHandler.invoke(RetryingHMSHandler.java:108)
	at com.sun.proxy.$Proxy35.drop_database(Unknown Source)
	at org.apache.hadoop.hive.metastore.HiveMetaStoreClient.dropDatabaseCascadePerDb(HiveMetaStoreClient.java:1601)
	at org.apache.hadoop.hive.metastore.HiveMetaStoreClient.dropDatabase(HiveMetaStoreClient.java:1532)
	at org.apache.hadoop.hive.metastore.HiveMetaStoreClient.dropDatabase(HiveMetaStoreClient.java:1485)
	at sun.reflect.NativeMethodAccessorImpl.invoke0(Native Method)
	at sun.reflect.NativeMethodAccessorImpl.invoke(NativeMethodAccessorImpl.java:62)
	at sun.reflect.DelegatingMethodAccessorImpl.invoke(DelegatingMethodAccessorImpl.java:43)
	at java.lang.reflect.Method.invoke(Method.java:498)
	at org.apache.hadoop.hive.metastore.RetryingMetaStoreClient.invoke(RetryingMetaStoreClient.java:218)
	at com.sun.proxy.$Proxy45.dropDatabase(Unknown Source)
	at org.apache.hadoop.hive.ql.metadata.Hive.dropDatabase(Hive.java:662)
	... 57 more
Caused by: javax.jdo.JDODataStoreException: Exception thrown flushing changes to datastore
NestedThrowables:
java.sql.BatchUpdateException: DELETE on table 'DBS' caused a violation of foreign key constraint 'TBLS_FK1' for key (3).  The statement has been rolled back.
	at org.datanucleus.api.jdo.NucleusJDOHelper.getJDOExceptionForNucleusException(NucleusJDOHelper.java:542)
	at org.datanucleus.api.jdo.JDOTransaction.commit(JDOTransaction.java:162)
	at org.apache.hadoop.hive.metastore.ObjectStore.commitTransaction(ObjectStore.java:615)
	at sun.reflect.GeneratedMethodAccessor31.invoke(Unknown Source)
	at sun.reflect.DelegatingMethodAccessorImpl.invoke(DelegatingMethodAccessorImpl.java:43)
	at java.lang.reflect.Method.invoke(Method.java:498)
	at org.apache.hadoop.hive.metastore.RawStoreProxy.invoke(RawStoreProxy.java:97)
	at com.sun.proxy.$Proxy32.commitTransaction(Unknown Source)
	at org.apache.hadoop.hive.metastore.HMSHandler.drop_database_core(HMSHandler.java:1790)
	at org.apache.hadoop.hive.metastore.HMSHandler.drop_database(HMSHandler.java:1869)
	at sun.reflect.GeneratedMethodAccessor54.invoke(Unknown Source)
	at sun.reflect.DelegatingMethodAccessorImpl.invoke(DelegatingMethodAccessorImpl.java:43)
	at java.lang.reflect.Method.invoke(Method.java:498)
	at org.apache.hadoop.hive.metastore.RetryingHMSHandler.invokeInternal(RetryingHMSHandler.java:147)
	... 69 more
Caused by: java.sql.BatchUpdateException: DELETE on table 'DBS' caused a violation of foreign key constraint 'TBLS_FK1' for key (3).  The statement has been rolled back.
	at org.apache.derby.impl.jdbc.EmbedStatement.executeLargeBatch(Unknown Source)
	at org.apache.derby.impl.jdbc.EmbedStatement.executeBatch(Unknown Source)
	at com.zaxxer.hikari.pool.ProxyStatement.executeBatch(ProxyStatement.java:128)
	at com.zaxxer.hikari.pool.HikariProxyPreparedStatement.executeBatch(HikariProxyPreparedStatement.java)
	at org.datanucleus.store.rdbms.ParamLoggingPreparedStatement.executeBatch(ParamLoggingPreparedStatement.java:366)
	at org.datanucleus.store.rdbms.SQLController.processConnectionStatement(SQLController.java:675)
	at org.datanucleus.store.rdbms.SQLController.processStatementsForConnection(SQLController.java:643)
	at org.datanucleus.store.rdbms.SQLController$1.transactionFlushed(SQLController.java:729)
	at org.datanucleus.store.connection.AbstractManagedConnection.transactionFlushed(AbstractManagedConnection.java:95)
	at org.datanucleus.store.connection.ConnectionManagerImpl$2.transactionFlushed(ConnectionManagerImpl.java:528)
	at org.datanucleus.TransactionImpl.flush(TransactionImpl.java:222)
	at org.datanucleus.TransactionImpl.commit(TransactionImpl.java:286)
	at org.datanucleus.api.jdo.JDOTransaction.commit(JDOTransaction.java:99)
	... 81 more
Caused by: org.apache.derby.shared.common.error.DerbySQLIntegrityConstraintViolationException: DELETE on table 'DBS' caused a violation of foreign key constraint 'TBLS_FK1' for key (3).  The statement has been rolled back.
	at org.apache.derby.impl.jdbc.SQLExceptionFactory.getSQLException(Unknown Source)
	at org.apache.derby.impl.jdbc.Util.generateCsSQLException(Unknown Source)
	at org.apache.derby.impl.jdbc.TransactionResourceImpl.wrapInSQLException(Unknown Source)
	at org.apache.derby.impl.jdbc.TransactionResourceImpl.handleException(Unknown Source)
	at org.apache.derby.impl.jdbc.EmbedConnection.handleException(Unknown Source)
	at org.apache.derby.impl.jdbc.ConnectionChild.handleException(Unknown Source)
	at org.apache.derby.impl.jdbc.EmbedStatement.executeStatement(Unknown Source)
	at org.apache.derby.impl.jdbc.EmbedPreparedStatement.executeBatchElement(Unknown Source)
	... 94 more
Caused by: ERROR 23503: DELETE on table 'DBS' caused a violation of foreign key constraint 'TBLS_FK1' for key (3).  The statement has been rolled back.
	at org.apache.derby.iapi.error.StandardException.newException(Unknown Source)
	at org.apache.derby.iapi.error.StandardException.newException(Unknown Source)
	at org.apache.derby.impl.sql.execute.ReferencedKeyRIChecker.doCheck(Unknown Source)
	at org.apache.derby.impl.sql.execute.RISetChecker.doPKCheck(Unknown Source)
	at org.apache.derby.impl.sql.execute.DeleteResultSet.collectAffectedRows(Unknown Source)
	at org.apache.derby.impl.sql.execute.DeleteResultSet.open(Unknown Source)
	at org.apache.derby.impl.sql.GenericPreparedStatement.executeStmt(Unknown Source)
	at org.apache.derby.impl.sql.GenericPreparedStatement.execute(Unknown Source)
	... 96 more
]]></error>
  </testcase>
  <testcase name="testColumnarStorePushdown" classname="org.apache.hive.hcatalog.pig.TestRCFileHCatLoader" time="20.756">
    <error message="FAILED: Execution Error, return code 40000 from org.apache.hadoop.hive.ql.ddl.DDLTask. AlreadyExistsException(message:Table hive.default.junit_unparted_basic already exists)" type="(responseCode = 40000, errorMessage = FAILED"><![CDATA[(responseCode = 40000, errorMessage = FAILED: Execution Error, return code 40000 from org.apache.hadoop.hive.ql.ddl.DDLTask. AlreadyExistsException(message:Table hive.default.junit_unparted_basic already exists), hiveErrorCode = 40000, SQLState = 08S01, exception = AlreadyExistsException(message:Table hive.default.junit_unparted_basic already exists))
	at org.apache.hadoop.hive.ql.DriverUtils.createProcessorException(DriverUtils.java:153)
	at org.apache.hadoop.hive.ql.Executor.handleTaskFailure(Executor.java:403)
	at org.apache.hadoop.hive.ql.Executor.handleFinished(Executor.java:285)
	at org.apache.hadoop.hive.ql.Executor.runTasks(Executor.java:246)
	at org.apache.hadoop.hive.ql.Executor.execute(Executor.java:108)
	at org.apache.hadoop.hive.ql.Driver.execute(Driver.java:348)
	at org.apache.hadoop.hive.ql.Driver.runInternal(Driver.java:204)
	at org.apache.hadoop.hive.ql.Driver.run(Driver.java:153)
	at org.apache.hadoop.hive.ql.Driver.run(Driver.java:148)
	at org.apache.hadoop.hive.ql.reexec.ReExecDriver.run(ReExecDriver.java:164)
	at org.apache.hadoop.hive.ql.reexec.ReExecDriver.run(ReExecDriver.java:230)
	at org.apache.hive.hcatalog.pig.AbstractHCatLoaderTest.executeStatementOnDriver(AbstractHCatLoaderTest.java:151)
	at org.apache.hive.hcatalog.pig.AbstractHCatLoaderTest.createTable(AbstractHCatLoaderTest.java:134)
	at org.apache.hive.hcatalog.pig.AbstractHCatLoaderTest.createTable(AbstractHCatLoaderTest.java:104)
	at org.apache.hive.hcatalog.pig.AbstractHCatLoaderTest.createTableDefaultDB(AbstractHCatLoaderTest.java:142)
	at org.apache.hive.hcatalog.pig.AbstractHCatLoaderTest.setUpTest(AbstractHCatLoaderTest.java:162)
	at sun.reflect.NativeMethodAccessorImpl.invoke0(Native Method)
	at sun.reflect.NativeMethodAccessorImpl.invoke(NativeMethodAccessorImpl.java:62)
	at sun.reflect.DelegatingMethodAccessorImpl.invoke(DelegatingMethodAccessorImpl.java:43)
	at java.lang.reflect.Method.invoke(Method.java:498)
	at org.junit.runners.model.FrameworkMethod$1.runReflectiveCall(FrameworkMethod.java:59)
	at org.junit.internal.runners.model.ReflectiveCallable.run(ReflectiveCallable.java:12)
	at org.junit.runners.model.FrameworkMethod.invokeExplosively(FrameworkMethod.java:56)
	at org.junit.internal.runners.statements.RunBefores.invokeMethod(RunBefores.java:33)
	at org.junit.internal.runners.statements.RunBefores.evaluate(RunBefores.java:24)
	at org.junit.internal.runners.statements.RunAfters.evaluate(RunAfters.java:27)
	at org.junit.runners.ParentRunner$3.evaluate(ParentRunner.java:306)
	at org.junit.runners.BlockJUnit4ClassRunner$1.evaluate(BlockJUnit4ClassRunner.java:100)
	at org.junit.runners.ParentRunner.runLeaf(ParentRunner.java:366)
	at org.junit.runners.BlockJUnit4ClassRunner.runChild(BlockJUnit4ClassRunner.java:103)
	at org.junit.runners.BlockJUnit4ClassRunner.runChild(BlockJUnit4ClassRunner.java:63)
	at org.junit.runners.ParentRunner$4.run(ParentRunner.java:331)
	at org.junit.runners.ParentRunner$1.schedule(ParentRunner.java:79)
	at org.junit.runners.ParentRunner.runChildren(ParentRunner.java:329)
	at org.junit.runners.ParentRunner.access$100(ParentRunner.java:66)
	at org.junit.runners.ParentRunner$2.evaluate(ParentRunner.java:293)
	at org.junit.internal.runners.statements.RunBefores.evaluate(RunBefores.java:26)
	at org.junit.runners.ParentRunner$3.evaluate(ParentRunner.java:306)
	at org.junit.runners.ParentRunner.run(ParentRunner.java:413)
	at org.junit.runners.Suite.runChild(Suite.java:128)
	at org.junit.runners.Suite.runChild(Suite.java:27)
	at org.junit.runners.ParentRunner$4.run(ParentRunner.java:331)
	at org.junit.runners.ParentRunner$1.schedule(ParentRunner.java:79)
	at org.junit.runners.ParentRunner.runChildren(ParentRunner.java:329)
	at org.junit.runners.ParentRunner.access$100(ParentRunner.java:66)
	at org.junit.runners.ParentRunner$2.evaluate(ParentRunner.java:293)
	at org.junit.runners.ParentRunner$3.evaluate(ParentRunner.java:306)
	at org.junit.runners.ParentRunner.run(ParentRunner.java:413)
	at org.apache.maven.surefire.junitcore.JUnitCore.run(JUnitCore.java:55)
	at org.apache.maven.surefire.junitcore.JUnitCoreWrapper.createRequestAndRun(JUnitCoreWrapper.java:137)
	at org.apache.maven.surefire.junitcore.JUnitCoreWrapper.executeEager(JUnitCoreWrapper.java:107)
	at org.apache.maven.surefire.junitcore.JUnitCoreWrapper.execute(JUnitCoreWrapper.java:83)
	at org.apache.maven.surefire.junitcore.JUnitCoreWrapper.execute(JUnitCoreWrapper.java:75)
	at org.apache.maven.surefire.junitcore.JUnitCoreProvider.invoke(JUnitCoreProvider.java:158)
	at org.apache.maven.surefire.booter.ForkedBooter.runSuitesInProcess(ForkedBooter.java:377)
	at org.apache.maven.surefire.booter.ForkedBooter.execute(ForkedBooter.java:138)
	at org.apache.maven.surefire.booter.ForkedBooter.run(ForkedBooter.java:465)
	at org.apache.maven.surefire.booter.ForkedBooter.main(ForkedBooter.java:451)
Caused by: org.apache.hadoop.hive.ql.metadata.HiveException: AlreadyExistsException(message:Table hive.default.junit_unparted_basic already exists)
	at org.apache.hadoop.hive.ql.metadata.Hive.createTable(Hive.java:1298)
	at org.apache.hadoop.hive.ql.metadata.Hive.createTable(Hive.java:1306)
	at org.apache.hadoop.hive.ql.ddl.table.create.CreateTableOperation.createTableNonReplaceMode(CreateTableOperation.java:140)
	at org.apache.hadoop.hive.ql.ddl.table.create.CreateTableOperation.execute(CreateTableOperation.java:98)
	at org.apache.hadoop.hive.ql.ddl.DDLTask.execute(DDLTask.java:84)
	at org.apache.hadoop.hive.ql.exec.Task.executeTask(Task.java:212)
	at org.apache.hadoop.hive.ql.exec.TaskRunner.runSequential(TaskRunner.java:105)
	at org.apache.hadoop.hive.ql.Executor.launchTask(Executor.java:361)
	at org.apache.hadoop.hive.ql.Executor.launchTasks(Executor.java:334)
	at org.apache.hadoop.hive.ql.Executor.runTasks(Executor.java:245)
	... 54 more
Caused by: AlreadyExistsException(message:Table hive.default.junit_unparted_basic already exists)
	at org.apache.hadoop.hive.metastore.HMSHandler.create_table_core(HMSHandler.java:2339)
	at org.apache.hadoop.hive.metastore.HMSHandler.create_table_req(HMSHandler.java:2598)
	at sun.reflect.GeneratedMethodAccessor40.invoke(Unknown Source)
	at sun.reflect.DelegatingMethodAccessorImpl.invoke(DelegatingMethodAccessorImpl.java:43)
	at java.lang.reflect.Method.invoke(Method.java:498)
	at org.apache.hadoop.hive.metastore.RetryingHMSHandler.invokeInternal(RetryingHMSHandler.java:147)
	at org.apache.hadoop.hive.metastore.RetryingHMSHandler.invoke(RetryingHMSHandler.java:108)
	at com.sun.proxy.$Proxy35.create_table_req(Unknown Source)
	at org.apache.hadoop.hive.metastore.HiveMetaStoreClient.create_table_with_environment_context(HiveMetaStoreClient.java:4408)
	at org.apache.hadoop.hive.ql.metadata.SessionHiveMetaStoreClient.create_table_with_environment_context(SessionHiveMetaStoreClient.java:182)
	at org.apache.hadoop.hive.metastore.HiveMetaStoreClient.createTable(HiveMetaStoreClient.java:1260)
	at org.apache.hadoop.hive.metastore.HiveMetaStoreClient.createTable(HiveMetaStoreClient.java:1245)
	at sun.reflect.GeneratedMethodAccessor39.invoke(Unknown Source)
	at sun.reflect.DelegatingMethodAccessorImpl.invoke(DelegatingMethodAccessorImpl.java:43)
	at java.lang.reflect.Method.invoke(Method.java:498)
	at org.apache.hadoop.hive.metastore.RetryingMetaStoreClient.invoke(RetryingMetaStoreClient.java:218)
	at com.sun.proxy.$Proxy45.createTable(Unknown Source)
	at org.apache.hadoop.hive.ql.metadata.Hive.createTable(Hive.java:1290)
	... 63 more
]]></error>
    <system-err><![CDATA[2024-04-24T11:28:57,444  WARN [main] conf.HiveConf: HiveConf of name hive.metastore.metadb.dir does not exist
2024-04-24T11:28:57,444  WARN [main] conf.HiveConf: HiveConf of name hive.stats.key.prefix.reserve.length does not exist
2024-04-24T11:28:57,444  WARN [main] conf.HiveConf: HiveConf of name hive.metastore.client.cache.maxSize does not exist
2024-04-24T11:28:57,444  WARN [main] conf.HiveConf: HiveConf of name hive.llap.io.cache.orc.arena.size does not exist
2024-04-24T11:28:57,444  WARN [main] conf.HiveConf: HiveConf of name hive.llap.io.cache.orc.size does not exist
2024-04-24T11:28:57,444  WARN [main] conf.HiveConf: HiveConf of name hive.metastore.client.cache.recordStats does not exist
2024-04-24T11:28:57,444  WARN [main] conf.HiveConf: HiveConf of name hive.dummyparam.test.server.specific.config.metastoresite does not exist
2024-04-24T11:28:57,444  WARN [main] conf.HiveConf: HiveConf of name hive.dummyparam.test.server.specific.config.override does not exist
2024-04-24T11:28:57,445  WARN [main] conf.HiveConf: HiveConf of name hive.dummyparam.test.server.specific.config.hivesite does not exist
2024-04-24T11:28:57,445  WARN [main] conf.HiveConf: HiveConf of name hive.llap.io.cache.orc.alloc.min does not exist
2024-04-24T11:28:57,445  WARN [main] conf.HiveConf: HiveConf of name hive.llap.io.cache.orc.alloc.max does not exist
2024-04-24T11:28:57,446  INFO [main] metastore.HiveMetaStoreClient: HMS client filtering is enabled.
2024-04-24T11:28:57,447  INFO [main] metastore.PersistenceManagerProvider: Configuration datanucleus.autoStartMechanismMode is not set. Defaulting to 'ignored'
2024-04-24T11:28:57,447  INFO [main] metastore.ObjectStore: RawStore: org.apache.hadoop.hive.metastore.ObjectStore@5f0cac72, with PersistenceManager: org.datanucleus.api.jdo.JDOPersistenceManager@92132c3 will be shutdown
2024-04-24T11:28:57,447  INFO [main] metastore.ObjectStore: RawStore: org.apache.hadoop.hive.metastore.ObjectStore@5f0cac72, with PersistenceManager: org.datanucleus.api.jdo.JDOPersistenceManager@6c01bc57 created in the thread with id: 1
2024-04-24T11:28:57,449  INFO [main] metastore.HMSHandler: HMS server filtering is disabled by configuration
Hive Session ID = 815695c7-1667-4225-881d-4495e48da317
2024-04-24T11:28:57,449  INFO [main] SessionState: Hive Session ID = 815695c7-1667-4225-881d-4495e48da317
ivysettings.xml file not found in HIVE_HOME or HIVE_CONF_DIR,file:/home/alex/.m2/repository/org/apache/pig/pig/0.16.0/pig-0.16.0-h2.jar!/ivysettings.xml will be used
2024-04-24T11:28:57,449  INFO [main] DependencyResolver: ivysettings.xml file not found in HIVE_HOME or HIVE_CONF_DIR,file:/home/alex/.m2/repository/org/apache/pig/pig/0.16.0/pig-0.16.0-h2.jar!/ivysettings.xml will be used
2024-04-24T11:28:57,455  INFO [main] session.SessionState: Created HDFS directory: /home/alex/Repositories/hive/hcatalog/hcatalog-pig-adapter/target/tmp/scratchdir/alex/815695c7-1667-4225-881d-4495e48da317
2024-04-24T11:28:57,457  INFO [main] session.SessionState: Created local directory: /home/alex/Repositories/hive/hcatalog/hcatalog-pig-adapter/target/tmp/localscratchdir/815695c7-1667-4225-881d-4495e48da317
2024-04-24T11:28:57,460  INFO [main] session.SessionState: Created HDFS directory: /home/alex/Repositories/hive/hcatalog/hcatalog-pig-adapter/target/tmp/scratchdir/alex/815695c7-1667-4225-881d-4495e48da317/_tmp_space.db
2024-04-24T11:28:57,461  INFO [main] ql.Driver: Compiling command(queryId=alex_20240424112857_92a4a6fb-9999-4dc2-883f-b0560c544172): use default
2024-04-24T11:28:57,461  INFO [main] HiveMetaStore.audit: ugi=alex	ip=unknown-ip-addr	cmd=get_database: default	
2024-04-24T11:28:57,462  INFO [main] ql.Driver: Semantic Analysis Completed (retrial = false)
2024-04-24T11:28:57,462  INFO [main] ql.Driver: Created Hive schema: Schema(fieldSchemas:null, properties:null)
2024-04-24T11:28:57,462  INFO [main] metadata.Hive: Dumping metastore api call timing information for : compilation phase
2024-04-24T11:28:57,462  INFO [main] metadata.Hive: Total time spent in each metastore function (ms): {flushCache_()=0, getDatabase_(String)=1, isCompatibleWith_(Configuration)=0}
2024-04-24T11:28:57,463  INFO [main] ql.Driver: Completed compiling command(queryId=alex_20240424112857_92a4a6fb-9999-4dc2-883f-b0560c544172); Time taken: 0.001 seconds
2024-04-24T11:28:57,463  INFO [main] reexec.ReExecDriver: Execution #1 of query
2024-04-24T11:28:57,463  INFO [main] ql.Driver: Concurrency mode is disabled, not creating a lock manager
2024-04-24T11:28:57,463  INFO [main] ql.Driver: Executing command(queryId=alex_20240424112857_92a4a6fb-9999-4dc2-883f-b0560c544172): use default
2024-04-24T11:28:57,463  INFO [main] ql.Driver: Starting task [Stage-0:DDL] in serial mode
2024-04-24T11:28:57,463  INFO [main] HiveMetaStore.audit: ugi=alex	ip=unknown-ip-addr	cmd=get_database: default	
2024-04-24T11:28:57,464  INFO [main] HiveMetaStore.audit: ugi=alex	ip=unknown-ip-addr	cmd=get_database: default	
2024-04-24T11:28:57,465  INFO [main] metadata.Hive: Dumping metastore api call timing information for : execution phase
2024-04-24T11:28:57,466  INFO [main] metadata.Hive: Total time spent in each metastore function (ms): {isCompatibleWith_(Configuration)=0, getDatabase_(String)=2}
2024-04-24T11:28:57,466  INFO [main] ql.Driver: Completed executing command(queryId=alex_20240424112857_92a4a6fb-9999-4dc2-883f-b0560c544172); Time taken: 0.002 seconds
2024-04-24T11:28:57,466  INFO [main] ql.Driver: Compiling command(queryId=alex_20240424112857_92a4a6fb-9999-4dc2-883f-b0560c544172): create table junit_unparted_basic(a int, b string) stored as RCFILE TBLPROPERTIES ('transactional'='false')
2024-04-24T11:28:57,467  INFO [main] parse.CalcitePlanner: Starting caching scope for: alex_20240424112857_92a4a6fb-9999-4dc2-883f-b0560c544172
2024-04-24T11:28:57,467  INFO [main] parse.CalcitePlanner: Starting Semantic Analysis
2024-04-24T11:28:57,467  INFO [main] sqlstd.SQLStdHiveAccessController: Created SQLStdHiveAccessController for session context : HiveAuthzSessionContext [sessionString=815695c7-1667-4225-881d-4495e48da317, clientType=HIVECLI]
2024-04-24T11:28:57,467  INFO [main] metastore.HiveMetaStoreClient: Mestastore configuration metastore.filter.hook changed from org.apache.hadoop.hive.metastore.DefaultMetaStoreFilterHookImpl to org.apache.hadoop.hive.ql.security.authorization.plugin.AuthorizationMetaStoreFilterHook
2024-04-24T11:28:57,467  INFO [main] HiveMetaStore.audit: ugi=alex	ip=unknown-ip-addr	cmd=Cleaning up thread local RawStore...	
2024-04-24T11:28:57,467  INFO [main] metastore.ObjectStore: RawStore: org.apache.hadoop.hive.metastore.ObjectStore@5f0cac72, with PersistenceManager: org.datanucleus.api.jdo.JDOPersistenceManager@6c01bc57 will be shutdown
2024-04-24T11:28:57,467  INFO [main] HiveMetaStore.audit: ugi=alex	ip=unknown-ip-addr	cmd=Done cleaning up thread local RawStore	
2024-04-24T11:28:57,467  INFO [main] metastore.HiveMetaStoreClient: Closed a connection to metastore, current connections: -20
2024-04-24T11:28:57,468  INFO [main] metastore.HiveMetaStoreClient: HMS client filtering is enabled.
2024-04-24T11:28:57,469  INFO [main] metastore.HMSHandler: 0: Opening raw store with implementation class:org.apache.hadoop.hive.metastore.ObjectStore
2024-04-24T11:28:57,469  INFO [main] metastore.PersistenceManagerProvider: Configuration datanucleus.autoStartMechanismMode is not set. Defaulting to 'ignored'
2024-04-24T11:28:57,469  INFO [main] metastore.ObjectStore: RawStore: org.apache.hadoop.hive.metastore.ObjectStore@2b3c7194, with PersistenceManager: null will be shutdown
2024-04-24T11:28:57,470  INFO [main] metastore.ObjectStore: RawStore: org.apache.hadoop.hive.metastore.ObjectStore@2b3c7194, with PersistenceManager: org.datanucleus.api.jdo.JDOPersistenceManager@654d7914 created in the thread with id: 1
2024-04-24T11:28:57,471  INFO [main] metastore.HMSHandler: Created RawStore: org.apache.hadoop.hive.metastore.ObjectStore@2b3c7194 from thread id: 1
2024-04-24T11:28:57,471  INFO [main] metastore.HMSHandler: HMS server filtering is disabled by configuration
2024-04-24T11:28:57,471  INFO [main] metastore.RetryingMetaStoreClient: RetryingMetaStoreClient proxy=class org.apache.hadoop.hive.ql.metadata.SessionHiveMetaStoreClient ugi=alex (auth:SIMPLE) retries=1 delay=1 lifetime=0
2024-04-24T11:28:57,472  INFO [main] parse.CalcitePlanner: Creating table default.junit_unparted_basic position=13
2024-04-24T11:28:57,473  INFO [main] metastore.HiveMetaStoreClient: HMS client filtering is enabled.
2024-04-24T11:28:57,473  INFO [main] metastore.PersistenceManagerProvider: Configuration datanucleus.autoStartMechanismMode is not set. Defaulting to 'ignored'
2024-04-24T11:28:57,473  INFO [main] metastore.ObjectStore: RawStore: org.apache.hadoop.hive.metastore.ObjectStore@2b3c7194, with PersistenceManager: org.datanucleus.api.jdo.JDOPersistenceManager@654d7914 will be shutdown
2024-04-24T11:28:57,473  INFO [main] metastore.ObjectStore: RawStore: org.apache.hadoop.hive.metastore.ObjectStore@2b3c7194, with PersistenceManager: org.datanucleus.api.jdo.JDOPersistenceManager@44e60564 created in the thread with id: 1
2024-04-24T11:28:57,475  INFO [main] metastore.HMSHandler: HMS server filtering is disabled by configuration
2024-04-24T11:28:57,475  INFO [main] metastore.RetryingMetaStoreClient: RetryingMetaStoreClient proxy=class org.apache.hadoop.hive.ql.metadata.SessionHiveMetaStoreClient ugi=alex (auth:SIMPLE) retries=1 delay=1 lifetime=0
2024-04-24T11:28:57,475  INFO [main] HiveMetaStore.audit: ugi=alex	ip=unknown-ip-addr	cmd=get_database: default	
2024-04-24T11:28:57,476  INFO [main] parse.CalcitePlanner: Ending caching scope for: alex_20240424112857_92a4a6fb-9999-4dc2-883f-b0560c544172
2024-04-24T11:28:57,476  INFO [main] ql.Driver: Semantic Analysis Completed (retrial = false)
2024-04-24T11:28:57,476  INFO [main] ql.Driver: Created Hive schema: Schema(fieldSchemas:null, properties:null)
2024-04-24T11:28:57,476  INFO [main] metadata.Hive: Dumping metastore api call timing information for : compilation phase
2024-04-24T11:28:57,476  INFO [main] metadata.Hive: Total time spent in each metastore function (ms): {}
2024-04-24T11:28:57,476  INFO [main] ql.Driver: Completed compiling command(queryId=alex_20240424112857_92a4a6fb-9999-4dc2-883f-b0560c544172); Time taken: 0.01 seconds
2024-04-24T11:28:57,476  INFO [main] reexec.ReExecDriver: Execution #1 of query
2024-04-24T11:28:57,477  INFO [main] ql.Driver: Concurrency mode is disabled, not creating a lock manager
2024-04-24T11:28:57,477  INFO [main] ql.Driver: Executing command(queryId=alex_20240424112857_92a4a6fb-9999-4dc2-883f-b0560c544172): create table junit_unparted_basic(a int, b string) stored as RCFILE TBLPROPERTIES ('transactional'='false')
2024-04-24T11:28:57,477  INFO [main] ql.Driver: Starting task [Stage-0:DDL] in serial mode
2024-04-24T11:28:57,477  INFO [main] metastore.HiveMetaStoreClient: Mestastore configuration metastore.filter.hook changed from org.apache.hadoop.hive.ql.security.authorization.plugin.AuthorizationMetaStoreFilterHook to org.apache.hadoop.hive.metastore.DefaultMetaStoreFilterHookImpl
2024-04-24T11:28:57,477  INFO [main] HiveMetaStore.audit: ugi=alex	ip=unknown-ip-addr	cmd=Cleaning up thread local RawStore...	
2024-04-24T11:28:57,477  INFO [main] metastore.ObjectStore: RawStore: org.apache.hadoop.hive.metastore.ObjectStore@2b3c7194, with PersistenceManager: org.datanucleus.api.jdo.JDOPersistenceManager@44e60564 will be shutdown
2024-04-24T11:28:57,477  INFO [main] HiveMetaStore.audit: ugi=alex	ip=unknown-ip-addr	cmd=Done cleaning up thread local RawStore	
2024-04-24T11:28:57,477  INFO [main] metastore.HiveMetaStoreClient: Closed a connection to metastore, current connections: -21
2024-04-24T11:28:57,479  INFO [main] metastore.HiveMetaStoreClient: HMS client filtering is enabled.
2024-04-24T11:28:57,480  INFO [main] metastore.HMSHandler: 0: Opening raw store with implementation class:org.apache.hadoop.hive.metastore.ObjectStore
2024-04-24T11:28:57,480  INFO [main] metastore.PersistenceManagerProvider: Configuration datanucleus.autoStartMechanismMode is not set. Defaulting to 'ignored'
2024-04-24T11:28:57,480  INFO [main] metastore.ObjectStore: RawStore: org.apache.hadoop.hive.metastore.ObjectStore@755a9187, with PersistenceManager: null will be shutdown
2024-04-24T11:28:57,480  INFO [main] metastore.ObjectStore: RawStore: org.apache.hadoop.hive.metastore.ObjectStore@755a9187, with PersistenceManager: org.datanucleus.api.jdo.JDOPersistenceManager@3d4bf0dc created in the thread with id: 1
2024-04-24T11:28:57,482  INFO [main] metastore.HMSHandler: Created RawStore: org.apache.hadoop.hive.metastore.ObjectStore@755a9187 from thread id: 1
2024-04-24T11:28:57,482  INFO [main] metastore.HMSHandler: HMS server filtering is disabled by configuration
2024-04-24T11:28:57,482  INFO [main] metastore.RetryingMetaStoreClient: RetryingMetaStoreClient proxy=class org.apache.hadoop.hive.ql.metadata.SessionHiveMetaStoreClient ugi=alex (auth:SIMPLE) retries=1 delay=1 lifetime=0
2024-04-24T11:28:57,482  INFO [main] HiveMetaStore.audit: ugi=alex	ip=unknown-ip-addr	cmd=create_table_req: Table(tableName:junit_unparted_basic, dbName:default, owner:alex, createTime:1713983337, lastAccessTime:0, retention:0, sd:StorageDescriptor(cols:[FieldSchema(name:a, type:int, comment:null), FieldSchema(name:b, type:string, comment:null)], location:null, inputFormat:org.apache.hadoop.hive.ql.io.RCFileInputFormat, outputFormat:org.apache.hadoop.hive.ql.io.RCFileOutputFormat, compressed:false, numBuckets:-1, serdeInfo:SerDeInfo(name:null, serializationLib:org.apache.hadoop.hive.serde2.columnar.ColumnarSerDe, parameters:{serialization.format=1}), bucketCols:[], sortCols:[], parameters:{}, skewedInfo:SkewedInfo(skewedColNames:[], skewedColValues:[], skewedColValueLocationMaps:{}), storedAsSubDirectories:false), partitionKeys:[], parameters:{numFilesErasureCoded=0, numFiles=0, totalSize=0, numRows=0, COLUMN_STATS_ACCURATE={"BASIC_STATS":"true","COLUMN_STATS":{"a":"true","b":"true"}}, transactional=false, bucketing_version=2, rawDataSize=0}, viewOriginalText:null, viewExpandedText:null, tableType:MANAGED_TABLE, privileges:PrincipalPrivilegeSet(userPrivileges:{alex=[PrivilegeGrantInfo(privilege:INSERT, createTime:-1, grantor:alex, grantorType:USER, grantOption:true), PrivilegeGrantInfo(privilege:SELECT, createTime:-1, grantor:alex, grantorType:USER, grantOption:true), PrivilegeGrantInfo(privilege:UPDATE, createTime:-1, grantor:alex, grantorType:USER, grantOption:true), PrivilegeGrantInfo(privilege:DELETE, createTime:-1, grantor:alex, grantorType:USER, grantOption:true)]}, groupPrivileges:null, rolePrivileges:null), temporary:false, catName:hive, ownerType:USER)	
2024-04-24T11:28:57,492  WARN [main] metastore.HMSHandler: create_table_req got 
org.apache.hadoop.hive.metastore.api.AlreadyExistsException: Table hive.default.junit_unparted_basic already exists
	at org.apache.hadoop.hive.metastore.HMSHandler.create_table_core(HMSHandler.java:2339) ~[classes/:?]
	at org.apache.hadoop.hive.metastore.HMSHandler.create_table_req(HMSHandler.java:2598) [classes/:?]
	at sun.reflect.GeneratedMethodAccessor40.invoke(Unknown Source) ~[?:?]
	at sun.reflect.DelegatingMethodAccessorImpl.invoke(DelegatingMethodAccessorImpl.java:43) ~[?:1.8.0_402]
	at java.lang.reflect.Method.invoke(Method.java:498) ~[?:1.8.0_402]
	at org.apache.hadoop.hive.metastore.RetryingHMSHandler.invokeInternal(RetryingHMSHandler.java:147) [classes/:?]
	at org.apache.hadoop.hive.metastore.RetryingHMSHandler.invoke(RetryingHMSHandler.java:108) [classes/:?]
	at com.sun.proxy.$Proxy35.create_table_req(Unknown Source) [?:?]
	at org.apache.hadoop.hive.metastore.HiveMetaStoreClient.create_table_with_environment_context(HiveMetaStoreClient.java:4408) [classes/:?]
	at org.apache.hadoop.hive.ql.metadata.SessionHiveMetaStoreClient.create_table_with_environment_context(SessionHiveMetaStoreClient.java:182) [classes/:?]
	at org.apache.hadoop.hive.metastore.HiveMetaStoreClient.createTable(HiveMetaStoreClient.java:1260) [classes/:?]
	at org.apache.hadoop.hive.metastore.HiveMetaStoreClient.createTable(HiveMetaStoreClient.java:1245) [classes/:?]
	at sun.reflect.GeneratedMethodAccessor39.invoke(Unknown Source) ~[?:?]
	at sun.reflect.DelegatingMethodAccessorImpl.invoke(DelegatingMethodAccessorImpl.java:43) ~[?:1.8.0_402]
	at java.lang.reflect.Method.invoke(Method.java:498) ~[?:1.8.0_402]
	at org.apache.hadoop.hive.metastore.RetryingMetaStoreClient.invoke(RetryingMetaStoreClient.java:218) [classes/:?]
	at com.sun.proxy.$Proxy45.createTable(Unknown Source) [?:?]
	at org.apache.hadoop.hive.ql.metadata.Hive.createTable(Hive.java:1290) [classes/:?]
	at org.apache.hadoop.hive.ql.metadata.Hive.createTable(Hive.java:1306) [classes/:?]
	at org.apache.hadoop.hive.ql.ddl.table.create.CreateTableOperation.createTableNonReplaceMode(CreateTableOperation.java:140) [classes/:?]
	at org.apache.hadoop.hive.ql.ddl.table.create.CreateTableOperation.execute(CreateTableOperation.java:98) [classes/:?]
	at org.apache.hadoop.hive.ql.ddl.DDLTask.execute(DDLTask.java:84) [classes/:?]
	at org.apache.hadoop.hive.ql.exec.Task.executeTask(Task.java:212) [classes/:?]
	at org.apache.hadoop.hive.ql.exec.TaskRunner.runSequential(TaskRunner.java:105) [classes/:?]
	at org.apache.hadoop.hive.ql.Executor.launchTask(Executor.java:361) [classes/:?]
	at org.apache.hadoop.hive.ql.Executor.launchTasks(Executor.java:334) [classes/:?]
	at org.apache.hadoop.hive.ql.Executor.runTasks(Executor.java:245) [classes/:?]
	at org.apache.hadoop.hive.ql.Executor.execute(Executor.java:108) [classes/:?]
	at org.apache.hadoop.hive.ql.Driver.execute(Driver.java:348) [classes/:?]
	at org.apache.hadoop.hive.ql.Driver.runInternal(Driver.java:204) [classes/:?]
	at org.apache.hadoop.hive.ql.Driver.run(Driver.java:153) [classes/:?]
	at org.apache.hadoop.hive.ql.Driver.run(Driver.java:148) [classes/:?]
	at org.apache.hadoop.hive.ql.reexec.ReExecDriver.run(ReExecDriver.java:164) [classes/:?]
	at org.apache.hadoop.hive.ql.reexec.ReExecDriver.run(ReExecDriver.java:230) [classes/:?]
	at org.apache.hive.hcatalog.pig.AbstractHCatLoaderTest.executeStatementOnDriver(AbstractHCatLoaderTest.java:151) [test-classes/:?]
	at org.apache.hive.hcatalog.pig.AbstractHCatLoaderTest.createTable(AbstractHCatLoaderTest.java:134) [test-classes/:?]
	at org.apache.hive.hcatalog.pig.AbstractHCatLoaderTest.createTable(AbstractHCatLoaderTest.java:104) [test-classes/:?]
	at org.apache.hive.hcatalog.pig.AbstractHCatLoaderTest.createTableDefaultDB(AbstractHCatLoaderTest.java:142) [test-classes/:?]
	at org.apache.hive.hcatalog.pig.AbstractHCatLoaderTest.setUpTest(AbstractHCatLoaderTest.java:162) [test-classes/:?]
	at sun.reflect.NativeMethodAccessorImpl.invoke0(Native Method) ~[?:1.8.0_402]
	at sun.reflect.NativeMethodAccessorImpl.invoke(NativeMethodAccessorImpl.java:62) ~[?:1.8.0_402]
	at sun.reflect.DelegatingMethodAccessorImpl.invoke(DelegatingMethodAccessorImpl.java:43) ~[?:1.8.0_402]
	at java.lang.reflect.Method.invoke(Method.java:498) ~[?:1.8.0_402]
	at org.junit.runners.model.FrameworkMethod$1.runReflectiveCall(FrameworkMethod.java:59) [junit-4.13.jar:4.13]
	at org.junit.internal.runners.model.ReflectiveCallable.run(ReflectiveCallable.java:12) [junit-4.13.jar:4.13]
	at org.junit.runners.model.FrameworkMethod.invokeExplosively(FrameworkMethod.java:56) [junit-4.13.jar:4.13]
	at org.junit.internal.runners.statements.RunBefores.invokeMethod(RunBefores.java:33) [junit-4.13.jar:4.13]
	at org.junit.internal.runners.statements.RunBefores.evaluate(RunBefores.java:24) [junit-4.13.jar:4.13]
	at org.junit.internal.runners.statements.RunAfters.evaluate(RunAfters.java:27) [junit-4.13.jar:4.13]
	at org.junit.runners.ParentRunner$3.evaluate(ParentRunner.java:306) [junit-4.13.jar:4.13]
	at org.junit.runners.BlockJUnit4ClassRunner$1.evaluate(BlockJUnit4ClassRunner.java:100) [junit-4.13.jar:4.13]
	at org.junit.runners.ParentRunner.runLeaf(ParentRunner.java:366) [junit-4.13.jar:4.13]
	at org.junit.runners.BlockJUnit4ClassRunner.runChild(BlockJUnit4ClassRunner.java:103) [junit-4.13.jar:4.13]
	at org.junit.runners.BlockJUnit4ClassRunner.runChild(BlockJUnit4ClassRunner.java:63) [junit-4.13.jar:4.13]
	at org.junit.runners.ParentRunner$4.run(ParentRunner.java:331) [junit-4.13.jar:4.13]
	at org.junit.runners.ParentRunner$1.schedule(ParentRunner.java:79) [junit-4.13.jar:4.13]
	at org.junit.runners.ParentRunner.runChildren(ParentRunner.java:329) [junit-4.13.jar:4.13]
	at org.junit.runners.ParentRunner.access$100(ParentRunner.java:66) [junit-4.13.jar:4.13]
	at org.junit.runners.ParentRunner$2.evaluate(ParentRunner.java:293) [junit-4.13.jar:4.13]
	at org.junit.internal.runners.statements.RunBefores.evaluate(RunBefores.java:26) [junit-4.13.jar:4.13]
	at org.junit.runners.ParentRunner$3.evaluate(ParentRunner.java:306) [junit-4.13.jar:4.13]
	at org.junit.runners.ParentRunner.run(ParentRunner.java:413) [junit-4.13.jar:4.13]
	at org.junit.runners.Suite.runChild(Suite.java:128) [junit-4.13.jar:4.13]
	at org.junit.runners.Suite.runChild(Suite.java:27) [junit-4.13.jar:4.13]
	at org.junit.runners.ParentRunner$4.run(ParentRunner.java:331) [junit-4.13.jar:4.13]
	at org.junit.runners.ParentRunner$1.schedule(ParentRunner.java:79) [junit-4.13.jar:4.13]
	at org.junit.runners.ParentRunner.runChildren(ParentRunner.java:329) [junit-4.13.jar:4.13]
	at org.junit.runners.ParentRunner.access$100(ParentRunner.java:66) [junit-4.13.jar:4.13]
	at org.junit.runners.ParentRunner$2.evaluate(ParentRunner.java:293) [junit-4.13.jar:4.13]
	at org.junit.runners.ParentRunner$3.evaluate(ParentRunner.java:306) [junit-4.13.jar:4.13]
	at org.junit.runners.ParentRunner.run(ParentRunner.java:413) [junit-4.13.jar:4.13]
	at org.apache.maven.surefire.junitcore.JUnitCore.run(JUnitCore.java:55) [surefire-junit47-3.0.0-M4.jar:3.0.0-M4]
	at org.apache.maven.surefire.junitcore.JUnitCoreWrapper.createRequestAndRun(JUnitCoreWrapper.java:137) [surefire-junit47-3.0.0-M4.jar:3.0.0-M4]
	at org.apache.maven.surefire.junitcore.JUnitCoreWrapper.executeEager(JUnitCoreWrapper.java:107) [surefire-junit47-3.0.0-M4.jar:3.0.0-M4]
	at org.apache.maven.surefire.junitcore.JUnitCoreWrapper.execute(JUnitCoreWrapper.java:83) [surefire-junit47-3.0.0-M4.jar:3.0.0-M4]
	at org.apache.maven.surefire.junitcore.JUnitCoreWrapper.execute(JUnitCoreWrapper.java:75) [surefire-junit47-3.0.0-M4.jar:3.0.0-M4]
	at org.apache.maven.surefire.junitcore.JUnitCoreProvider.invoke(JUnitCoreProvider.java:158) [surefire-junit47-3.0.0-M4.jar:3.0.0-M4]
	at org.apache.maven.surefire.booter.ForkedBooter.runSuitesInProcess(ForkedBooter.java:377) [surefire-booter-3.0.0-M4.jar:3.0.0-M4]
	at org.apache.maven.surefire.booter.ForkedBooter.execute(ForkedBooter.java:138) [surefire-booter-3.0.0-M4.jar:3.0.0-M4]
	at org.apache.maven.surefire.booter.ForkedBooter.run(ForkedBooter.java:465) [surefire-booter-3.0.0-M4.jar:3.0.0-M4]
	at org.apache.maven.surefire.booter.ForkedBooter.main(ForkedBooter.java:451) [surefire-booter-3.0.0-M4.jar:3.0.0-M4]
2024-04-24T11:28:57,495 ERROR [main] metastore.RetryingHMSHandler: AlreadyExistsException(message:Table hive.default.junit_unparted_basic already exists)
	at org.apache.hadoop.hive.metastore.HMSHandler.create_table_core(HMSHandler.java:2339)
	at org.apache.hadoop.hive.metastore.HMSHandler.create_table_req(HMSHandler.java:2598)
	at sun.reflect.GeneratedMethodAccessor40.invoke(Unknown Source)
	at sun.reflect.DelegatingMethodAccessorImpl.invoke(DelegatingMethodAccessorImpl.java:43)
	at java.lang.reflect.Method.invoke(Method.java:498)
	at org.apache.hadoop.hive.metastore.RetryingHMSHandler.invokeInternal(RetryingHMSHandler.java:147)
	at org.apache.hadoop.hive.metastore.RetryingHMSHandler.invoke(RetryingHMSHandler.java:108)
	at com.sun.proxy.$Proxy35.create_table_req(Unknown Source)
	at org.apache.hadoop.hive.metastore.HiveMetaStoreClient.create_table_with_environment_context(HiveMetaStoreClient.java:4408)
	at org.apache.hadoop.hive.ql.metadata.SessionHiveMetaStoreClient.create_table_with_environment_context(SessionHiveMetaStoreClient.java:182)
	at org.apache.hadoop.hive.metastore.HiveMetaStoreClient.createTable(HiveMetaStoreClient.java:1260)
	at org.apache.hadoop.hive.metastore.HiveMetaStoreClient.createTable(HiveMetaStoreClient.java:1245)
	at sun.reflect.GeneratedMethodAccessor39.invoke(Unknown Source)
	at sun.reflect.DelegatingMethodAccessorImpl.invoke(DelegatingMethodAccessorImpl.java:43)
	at java.lang.reflect.Method.invoke(Method.java:498)
	at org.apache.hadoop.hive.metastore.RetryingMetaStoreClient.invoke(RetryingMetaStoreClient.java:218)
	at com.sun.proxy.$Proxy45.createTable(Unknown Source)
	at org.apache.hadoop.hive.ql.metadata.Hive.createTable(Hive.java:1290)
	at org.apache.hadoop.hive.ql.metadata.Hive.createTable(Hive.java:1306)
	at org.apache.hadoop.hive.ql.ddl.table.create.CreateTableOperation.createTableNonReplaceMode(CreateTableOperation.java:140)
	at org.apache.hadoop.hive.ql.ddl.table.create.CreateTableOperation.execute(CreateTableOperation.java:98)
	at org.apache.hadoop.hive.ql.ddl.DDLTask.execute(DDLTask.java:84)
	at org.apache.hadoop.hive.ql.exec.Task.executeTask(Task.java:212)
	at org.apache.hadoop.hive.ql.exec.TaskRunner.runSequential(TaskRunner.java:105)
	at org.apache.hadoop.hive.ql.Executor.launchTask(Executor.java:361)
	at org.apache.hadoop.hive.ql.Executor.launchTasks(Executor.java:334)
	at org.apache.hadoop.hive.ql.Executor.runTasks(Executor.java:245)
	at org.apache.hadoop.hive.ql.Executor.execute(Executor.java:108)
	at org.apache.hadoop.hive.ql.Driver.execute(Driver.java:348)
	at org.apache.hadoop.hive.ql.Driver.runInternal(Driver.java:204)
	at org.apache.hadoop.hive.ql.Driver.run(Driver.java:153)
	at org.apache.hadoop.hive.ql.Driver.run(Driver.java:148)
	at org.apache.hadoop.hive.ql.reexec.ReExecDriver.run(ReExecDriver.java:164)
	at org.apache.hadoop.hive.ql.reexec.ReExecDriver.run(ReExecDriver.java:230)
	at org.apache.hive.hcatalog.pig.AbstractHCatLoaderTest.executeStatementOnDriver(AbstractHCatLoaderTest.java:151)
	at org.apache.hive.hcatalog.pig.AbstractHCatLoaderTest.createTable(AbstractHCatLoaderTest.java:134)
	at org.apache.hive.hcatalog.pig.AbstractHCatLoaderTest.createTable(AbstractHCatLoaderTest.java:104)
	at org.apache.hive.hcatalog.pig.AbstractHCatLoaderTest.createTableDefaultDB(AbstractHCatLoaderTest.java:142)
	at org.apache.hive.hcatalog.pig.AbstractHCatLoaderTest.setUpTest(AbstractHCatLoaderTest.java:162)
	at sun.reflect.NativeMethodAccessorImpl.invoke0(Native Method)
	at sun.reflect.NativeMethodAccessorImpl.invoke(NativeMethodAccessorImpl.java:62)
	at sun.reflect.DelegatingMethodAccessorImpl.invoke(DelegatingMethodAccessorImpl.java:43)
	at java.lang.reflect.Method.invoke(Method.java:498)
	at org.junit.runners.model.FrameworkMethod$1.runReflectiveCall(FrameworkMethod.java:59)
	at org.junit.internal.runners.model.ReflectiveCallable.run(ReflectiveCallable.java:12)
	at org.junit.runners.model.FrameworkMethod.invokeExplosively(FrameworkMethod.java:56)
	at org.junit.internal.runners.statements.RunBefores.invokeMethod(RunBefores.java:33)
	at org.junit.internal.runners.statements.RunBefores.evaluate(RunBefores.java:24)
	at org.junit.internal.runners.statements.RunAfters.evaluate(RunAfters.java:27)
	at org.junit.runners.ParentRunner$3.evaluate(ParentRunner.java:306)
	at org.junit.runners.BlockJUnit4ClassRunner$1.evaluate(BlockJUnit4ClassRunner.java:100)
	at org.junit.runners.ParentRunner.runLeaf(ParentRunner.java:366)
	at org.junit.runners.BlockJUnit4ClassRunner.runChild(BlockJUnit4ClassRunner.java:103)
	at org.junit.runners.BlockJUnit4ClassRunner.runChild(BlockJUnit4ClassRunner.java:63)
	at org.junit.runners.ParentRunner$4.run(ParentRunner.java:331)
	at org.junit.runners.ParentRunner$1.schedule(ParentRunner.java:79)
	at org.junit.runners.ParentRunner.runChildren(ParentRunner.java:329)
	at org.junit.runners.ParentRunner.access$100(ParentRunner.java:66)
	at org.junit.runners.ParentRunner$2.evaluate(ParentRunner.java:293)
	at org.junit.internal.runners.statements.RunBefores.evaluate(RunBefores.java:26)
	at org.junit.runners.ParentRunner$3.evaluate(ParentRunner.java:306)
	at org.junit.runners.ParentRunner.run(ParentRunner.java:413)
	at org.junit.runners.Suite.runChild(Suite.java:128)
	at org.junit.runners.Suite.runChild(Suite.java:27)
	at org.junit.runners.ParentRunner$4.run(ParentRunner.java:331)
	at org.junit.runners.ParentRunner$1.schedule(ParentRunner.java:79)
	at org.junit.runners.ParentRunner.runChildren(ParentRunner.java:329)
	at org.junit.runners.ParentRunner.access$100(ParentRunner.java:66)
	at org.junit.runners.ParentRunner$2.evaluate(ParentRunner.java:293)
	at org.junit.runners.ParentRunner$3.evaluate(ParentRunner.java:306)
	at org.junit.runners.ParentRunner.run(ParentRunner.java:413)
	at org.apache.maven.surefire.junitcore.JUnitCore.run(JUnitCore.java:55)
	at org.apache.maven.surefire.junitcore.JUnitCoreWrapper.createRequestAndRun(JUnitCoreWrapper.java:137)
	at org.apache.maven.surefire.junitcore.JUnitCoreWrapper.executeEager(JUnitCoreWrapper.java:107)
	at org.apache.maven.surefire.junitcore.JUnitCoreWrapper.execute(JUnitCoreWrapper.java:83)
	at org.apache.maven.surefire.junitcore.JUnitCoreWrapper.execute(JUnitCoreWrapper.java:75)
	at org.apache.maven.surefire.junitcore.JUnitCoreProvider.invoke(JUnitCoreProvider.java:158)
	at org.apache.maven.surefire.booter.ForkedBooter.runSuitesInProcess(ForkedBooter.java:377)
	at org.apache.maven.surefire.booter.ForkedBooter.execute(ForkedBooter.java:138)
	at org.apache.maven.surefire.booter.ForkedBooter.run(ForkedBooter.java:465)
	at org.apache.maven.surefire.booter.ForkedBooter.main(ForkedBooter.java:451)

2024-04-24T11:28:57,495 ERROR [main] exec.Task: Failed
org.apache.hadoop.hive.ql.metadata.HiveException: AlreadyExistsException(message:Table hive.default.junit_unparted_basic already exists)
	at org.apache.hadoop.hive.ql.metadata.Hive.createTable(Hive.java:1298) ~[classes/:?]
	at org.apache.hadoop.hive.ql.metadata.Hive.createTable(Hive.java:1306) ~[classes/:?]
	at org.apache.hadoop.hive.ql.ddl.table.create.CreateTableOperation.createTableNonReplaceMode(CreateTableOperation.java:140) ~[classes/:?]
	at org.apache.hadoop.hive.ql.ddl.table.create.CreateTableOperation.execute(CreateTableOperation.java:98) ~[classes/:?]
	at org.apache.hadoop.hive.ql.ddl.DDLTask.execute(DDLTask.java:84) [classes/:?]
	at org.apache.hadoop.hive.ql.exec.Task.executeTask(Task.java:212) [classes/:?]
	at org.apache.hadoop.hive.ql.exec.TaskRunner.runSequential(TaskRunner.java:105) [classes/:?]
	at org.apache.hadoop.hive.ql.Executor.launchTask(Executor.java:361) [classes/:?]
	at org.apache.hadoop.hive.ql.Executor.launchTasks(Executor.java:334) [classes/:?]
	at org.apache.hadoop.hive.ql.Executor.runTasks(Executor.java:245) [classes/:?]
	at org.apache.hadoop.hive.ql.Executor.execute(Executor.java:108) [classes/:?]
	at org.apache.hadoop.hive.ql.Driver.execute(Driver.java:348) [classes/:?]
	at org.apache.hadoop.hive.ql.Driver.runInternal(Driver.java:204) [classes/:?]
	at org.apache.hadoop.hive.ql.Driver.run(Driver.java:153) [classes/:?]
	at org.apache.hadoop.hive.ql.Driver.run(Driver.java:148) [classes/:?]
	at org.apache.hadoop.hive.ql.reexec.ReExecDriver.run(ReExecDriver.java:164) [classes/:?]
	at org.apache.hadoop.hive.ql.reexec.ReExecDriver.run(ReExecDriver.java:230) [classes/:?]
	at org.apache.hive.hcatalog.pig.AbstractHCatLoaderTest.executeStatementOnDriver(AbstractHCatLoaderTest.java:151) [test-classes/:?]
	at org.apache.hive.hcatalog.pig.AbstractHCatLoaderTest.createTable(AbstractHCatLoaderTest.java:134) [test-classes/:?]
	at org.apache.hive.hcatalog.pig.AbstractHCatLoaderTest.createTable(AbstractHCatLoaderTest.java:104) [test-classes/:?]
	at org.apache.hive.hcatalog.pig.AbstractHCatLoaderTest.createTableDefaultDB(AbstractHCatLoaderTest.java:142) [test-classes/:?]
	at org.apache.hive.hcatalog.pig.AbstractHCatLoaderTest.setUpTest(AbstractHCatLoaderTest.java:162) [test-classes/:?]
	at sun.reflect.NativeMethodAccessorImpl.invoke0(Native Method) ~[?:1.8.0_402]
	at sun.reflect.NativeMethodAccessorImpl.invoke(NativeMethodAccessorImpl.java:62) ~[?:1.8.0_402]
	at sun.reflect.DelegatingMethodAccessorImpl.invoke(DelegatingMethodAccessorImpl.java:43) ~[?:1.8.0_402]
	at java.lang.reflect.Method.invoke(Method.java:498) ~[?:1.8.0_402]
	at org.junit.runners.model.FrameworkMethod$1.runReflectiveCall(FrameworkMethod.java:59) [junit-4.13.jar:4.13]
	at org.junit.internal.runners.model.ReflectiveCallable.run(ReflectiveCallable.java:12) [junit-4.13.jar:4.13]
	at org.junit.runners.model.FrameworkMethod.invokeExplosively(FrameworkMethod.java:56) [junit-4.13.jar:4.13]
	at org.junit.internal.runners.statements.RunBefores.invokeMethod(RunBefores.java:33) [junit-4.13.jar:4.13]
	at org.junit.internal.runners.statements.RunBefores.evaluate(RunBefores.java:24) [junit-4.13.jar:4.13]
	at org.junit.internal.runners.statements.RunAfters.evaluate(RunAfters.java:27) [junit-4.13.jar:4.13]
	at org.junit.runners.ParentRunner$3.evaluate(ParentRunner.java:306) [junit-4.13.jar:4.13]
	at org.junit.runners.BlockJUnit4ClassRunner$1.evaluate(BlockJUnit4ClassRunner.java:100) [junit-4.13.jar:4.13]
	at org.junit.runners.ParentRunner.runLeaf(ParentRunner.java:366) [junit-4.13.jar:4.13]
	at org.junit.runners.BlockJUnit4ClassRunner.runChild(BlockJUnit4ClassRunner.java:103) [junit-4.13.jar:4.13]
	at org.junit.runners.BlockJUnit4ClassRunner.runChild(BlockJUnit4ClassRunner.java:63) [junit-4.13.jar:4.13]
	at org.junit.runners.ParentRunner$4.run(ParentRunner.java:331) [junit-4.13.jar:4.13]
	at org.junit.runners.ParentRunner$1.schedule(ParentRunner.java:79) [junit-4.13.jar:4.13]
	at org.junit.runners.ParentRunner.runChildren(ParentRunner.java:329) [junit-4.13.jar:4.13]
	at org.junit.runners.ParentRunner.access$100(ParentRunner.java:66) [junit-4.13.jar:4.13]
	at org.junit.runners.ParentRunner$2.evaluate(ParentRunner.java:293) [junit-4.13.jar:4.13]
	at org.junit.internal.runners.statements.RunBefores.evaluate(RunBefores.java:26) [junit-4.13.jar:4.13]
	at org.junit.runners.ParentRunner$3.evaluate(ParentRunner.java:306) [junit-4.13.jar:4.13]
	at org.junit.runners.ParentRunner.run(ParentRunner.java:413) [junit-4.13.jar:4.13]
	at org.junit.runners.Suite.runChild(Suite.java:128) [junit-4.13.jar:4.13]
	at org.junit.runners.Suite.runChild(Suite.java:27) [junit-4.13.jar:4.13]
	at org.junit.runners.ParentRunner$4.run(ParentRunner.java:331) [junit-4.13.jar:4.13]
	at org.junit.runners.ParentRunner$1.schedule(ParentRunner.java:79) [junit-4.13.jar:4.13]
	at org.junit.runners.ParentRunner.runChildren(ParentRunner.java:329) [junit-4.13.jar:4.13]
	at org.junit.runners.ParentRunner.access$100(ParentRunner.java:66) [junit-4.13.jar:4.13]
	at org.junit.runners.ParentRunner$2.evaluate(ParentRunner.java:293) [junit-4.13.jar:4.13]
	at org.junit.runners.ParentRunner$3.evaluate(ParentRunner.java:306) [junit-4.13.jar:4.13]
	at org.junit.runners.ParentRunner.run(ParentRunner.java:413) [junit-4.13.jar:4.13]
	at org.apache.maven.surefire.junitcore.JUnitCore.run(JUnitCore.java:55) [surefire-junit47-3.0.0-M4.jar:3.0.0-M4]
	at org.apache.maven.surefire.junitcore.JUnitCoreWrapper.createRequestAndRun(JUnitCoreWrapper.java:137) [surefire-junit47-3.0.0-M4.jar:3.0.0-M4]
	at org.apache.maven.surefire.junitcore.JUnitCoreWrapper.executeEager(JUnitCoreWrapper.java:107) [surefire-junit47-3.0.0-M4.jar:3.0.0-M4]
	at org.apache.maven.surefire.junitcore.JUnitCoreWrapper.execute(JUnitCoreWrapper.java:83) [surefire-junit47-3.0.0-M4.jar:3.0.0-M4]
	at org.apache.maven.surefire.junitcore.JUnitCoreWrapper.execute(JUnitCoreWrapper.java:75) [surefire-junit47-3.0.0-M4.jar:3.0.0-M4]
	at org.apache.maven.surefire.junitcore.JUnitCoreProvider.invoke(JUnitCoreProvider.java:158) [surefire-junit47-3.0.0-M4.jar:3.0.0-M4]
	at org.apache.maven.surefire.booter.ForkedBooter.runSuitesInProcess(ForkedBooter.java:377) [surefire-booter-3.0.0-M4.jar:3.0.0-M4]
	at org.apache.maven.surefire.booter.ForkedBooter.execute(ForkedBooter.java:138) [surefire-booter-3.0.0-M4.jar:3.0.0-M4]
	at org.apache.maven.surefire.booter.ForkedBooter.run(ForkedBooter.java:465) [surefire-booter-3.0.0-M4.jar:3.0.0-M4]
	at org.apache.maven.surefire.booter.ForkedBooter.main(ForkedBooter.java:451) [surefire-booter-3.0.0-M4.jar:3.0.0-M4]
Caused by: org.apache.hadoop.hive.metastore.api.AlreadyExistsException: Table hive.default.junit_unparted_basic already exists
	at org.apache.hadoop.hive.metastore.HMSHandler.create_table_core(HMSHandler.java:2339) ~[classes/:?]
	at org.apache.hadoop.hive.metastore.HMSHandler.create_table_req(HMSHandler.java:2598) ~[classes/:?]
	at sun.reflect.GeneratedMethodAccessor40.invoke(Unknown Source) ~[?:?]
	at sun.reflect.DelegatingMethodAccessorImpl.invoke(DelegatingMethodAccessorImpl.java:43) ~[?:1.8.0_402]
	at java.lang.reflect.Method.invoke(Method.java:498) ~[?:1.8.0_402]
	at org.apache.hadoop.hive.metastore.RetryingHMSHandler.invokeInternal(RetryingHMSHandler.java:147) ~[classes/:?]
	at org.apache.hadoop.hive.metastore.RetryingHMSHandler.invoke(RetryingHMSHandler.java:108) ~[classes/:?]
	at com.sun.proxy.$Proxy35.create_table_req(Unknown Source) ~[?:?]
	at org.apache.hadoop.hive.metastore.HiveMetaStoreClient.create_table_with_environment_context(HiveMetaStoreClient.java:4408) ~[classes/:?]
	at org.apache.hadoop.hive.ql.metadata.SessionHiveMetaStoreClient.create_table_with_environment_context(SessionHiveMetaStoreClient.java:182) ~[classes/:?]
	at org.apache.hadoop.hive.metastore.HiveMetaStoreClient.createTable(HiveMetaStoreClient.java:1260) ~[classes/:?]
	at org.apache.hadoop.hive.metastore.HiveMetaStoreClient.createTable(HiveMetaStoreClient.java:1245) ~[classes/:?]
	at sun.reflect.GeneratedMethodAccessor39.invoke(Unknown Source) ~[?:?]
	at sun.reflect.DelegatingMethodAccessorImpl.invoke(DelegatingMethodAccessorImpl.java:43) ~[?:1.8.0_402]
	at java.lang.reflect.Method.invoke(Method.java:498) ~[?:1.8.0_402]
	at org.apache.hadoop.hive.metastore.RetryingMetaStoreClient.invoke(RetryingMetaStoreClient.java:218) ~[classes/:?]
	at com.sun.proxy.$Proxy45.createTable(Unknown Source) ~[?:?]
	at org.apache.hadoop.hive.ql.metadata.Hive.createTable(Hive.java:1290) ~[classes/:?]
	... 63 more
2024-04-24T11:28:57,498 ERROR [main] exec.Task: DDLTask failed, DDL Operation: class org.apache.hadoop.hive.ql.ddl.table.create.CreateTableOperation
org.apache.hadoop.hive.ql.metadata.HiveException: AlreadyExistsException(message:Table hive.default.junit_unparted_basic already exists)
	at org.apache.hadoop.hive.ql.metadata.Hive.createTable(Hive.java:1298) ~[classes/:?]
	at org.apache.hadoop.hive.ql.metadata.Hive.createTable(Hive.java:1306) ~[classes/:?]
	at org.apache.hadoop.hive.ql.ddl.table.create.CreateTableOperation.createTableNonReplaceMode(CreateTableOperation.java:140) ~[classes/:?]
	at org.apache.hadoop.hive.ql.ddl.table.create.CreateTableOperation.execute(CreateTableOperation.java:98) ~[classes/:?]
	at org.apache.hadoop.hive.ql.ddl.DDLTask.execute(DDLTask.java:84) [classes/:?]
	at org.apache.hadoop.hive.ql.exec.Task.executeTask(Task.java:212) [classes/:?]
	at org.apache.hadoop.hive.ql.exec.TaskRunner.runSequential(TaskRunner.java:105) [classes/:?]
	at org.apache.hadoop.hive.ql.Executor.launchTask(Executor.java:361) [classes/:?]
	at org.apache.hadoop.hive.ql.Executor.launchTasks(Executor.java:334) [classes/:?]
	at org.apache.hadoop.hive.ql.Executor.runTasks(Executor.java:245) [classes/:?]
	at org.apache.hadoop.hive.ql.Executor.execute(Executor.java:108) [classes/:?]
	at org.apache.hadoop.hive.ql.Driver.execute(Driver.java:348) [classes/:?]
	at org.apache.hadoop.hive.ql.Driver.runInternal(Driver.java:204) [classes/:?]
	at org.apache.hadoop.hive.ql.Driver.run(Driver.java:153) [classes/:?]
	at org.apache.hadoop.hive.ql.Driver.run(Driver.java:148) [classes/:?]
	at org.apache.hadoop.hive.ql.reexec.ReExecDriver.run(ReExecDriver.java:164) [classes/:?]
	at org.apache.hadoop.hive.ql.reexec.ReExecDriver.run(ReExecDriver.java:230) [classes/:?]
	at org.apache.hive.hcatalog.pig.AbstractHCatLoaderTest.executeStatementOnDriver(AbstractHCatLoaderTest.java:151) [test-classes/:?]
	at org.apache.hive.hcatalog.pig.AbstractHCatLoaderTest.createTable(AbstractHCatLoaderTest.java:134) [test-classes/:?]
	at org.apache.hive.hcatalog.pig.AbstractHCatLoaderTest.createTable(AbstractHCatLoaderTest.java:104) [test-classes/:?]
	at org.apache.hive.hcatalog.pig.AbstractHCatLoaderTest.createTableDefaultDB(AbstractHCatLoaderTest.java:142) [test-classes/:?]
	at org.apache.hive.hcatalog.pig.AbstractHCatLoaderTest.setUpTest(AbstractHCatLoaderTest.java:162) [test-classes/:?]
	at sun.reflect.NativeMethodAccessorImpl.invoke0(Native Method) ~[?:1.8.0_402]
	at sun.reflect.NativeMethodAccessorImpl.invoke(NativeMethodAccessorImpl.java:62) ~[?:1.8.0_402]
	at sun.reflect.DelegatingMethodAccessorImpl.invoke(DelegatingMethodAccessorImpl.java:43) ~[?:1.8.0_402]
	at java.lang.reflect.Method.invoke(Method.java:498) ~[?:1.8.0_402]
	at org.junit.runners.model.FrameworkMethod$1.runReflectiveCall(FrameworkMethod.java:59) [junit-4.13.jar:4.13]
	at org.junit.internal.runners.model.ReflectiveCallable.run(ReflectiveCallable.java:12) [junit-4.13.jar:4.13]
	at org.junit.runners.model.FrameworkMethod.invokeExplosively(FrameworkMethod.java:56) [junit-4.13.jar:4.13]
	at org.junit.internal.runners.statements.RunBefores.invokeMethod(RunBefores.java:33) [junit-4.13.jar:4.13]
	at org.junit.internal.runners.statements.RunBefores.evaluate(RunBefores.java:24) [junit-4.13.jar:4.13]
	at org.junit.internal.runners.statements.RunAfters.evaluate(RunAfters.java:27) [junit-4.13.jar:4.13]
	at org.junit.runners.ParentRunner$3.evaluate(ParentRunner.java:306) [junit-4.13.jar:4.13]
	at org.junit.runners.BlockJUnit4ClassRunner$1.evaluate(BlockJUnit4ClassRunner.java:100) [junit-4.13.jar:4.13]
	at org.junit.runners.ParentRunner.runLeaf(ParentRunner.java:366) [junit-4.13.jar:4.13]
	at org.junit.runners.BlockJUnit4ClassRunner.runChild(BlockJUnit4ClassRunner.java:103) [junit-4.13.jar:4.13]
	at org.junit.runners.BlockJUnit4ClassRunner.runChild(BlockJUnit4ClassRunner.java:63) [junit-4.13.jar:4.13]
	at org.junit.runners.ParentRunner$4.run(ParentRunner.java:331) [junit-4.13.jar:4.13]
	at org.junit.runners.ParentRunner$1.schedule(ParentRunner.java:79) [junit-4.13.jar:4.13]
	at org.junit.runners.ParentRunner.runChildren(ParentRunner.java:329) [junit-4.13.jar:4.13]
	at org.junit.runners.ParentRunner.access$100(ParentRunner.java:66) [junit-4.13.jar:4.13]
	at org.junit.runners.ParentRunner$2.evaluate(ParentRunner.java:293) [junit-4.13.jar:4.13]
	at org.junit.internal.runners.statements.RunBefores.evaluate(RunBefores.java:26) [junit-4.13.jar:4.13]
	at org.junit.runners.ParentRunner$3.evaluate(ParentRunner.java:306) [junit-4.13.jar:4.13]
	at org.junit.runners.ParentRunner.run(ParentRunner.java:413) [junit-4.13.jar:4.13]
	at org.junit.runners.Suite.runChild(Suite.java:128) [junit-4.13.jar:4.13]
	at org.junit.runners.Suite.runChild(Suite.java:27) [junit-4.13.jar:4.13]
	at org.junit.runners.ParentRunner$4.run(ParentRunner.java:331) [junit-4.13.jar:4.13]
	at org.junit.runners.ParentRunner$1.schedule(ParentRunner.java:79) [junit-4.13.jar:4.13]
	at org.junit.runners.ParentRunner.runChildren(ParentRunner.java:329) [junit-4.13.jar:4.13]
	at org.junit.runners.ParentRunner.access$100(ParentRunner.java:66) [junit-4.13.jar:4.13]
	at org.junit.runners.ParentRunner$2.evaluate(ParentRunner.java:293) [junit-4.13.jar:4.13]
	at org.junit.runners.ParentRunner$3.evaluate(ParentRunner.java:306) [junit-4.13.jar:4.13]
	at org.junit.runners.ParentRunner.run(ParentRunner.java:413) [junit-4.13.jar:4.13]
	at org.apache.maven.surefire.junitcore.JUnitCore.run(JUnitCore.java:55) [surefire-junit47-3.0.0-M4.jar:3.0.0-M4]
	at org.apache.maven.surefire.junitcore.JUnitCoreWrapper.createRequestAndRun(JUnitCoreWrapper.java:137) [surefire-junit47-3.0.0-M4.jar:3.0.0-M4]
	at org.apache.maven.surefire.junitcore.JUnitCoreWrapper.executeEager(JUnitCoreWrapper.java:107) [surefire-junit47-3.0.0-M4.jar:3.0.0-M4]
	at org.apache.maven.surefire.junitcore.JUnitCoreWrapper.execute(JUnitCoreWrapper.java:83) [surefire-junit47-3.0.0-M4.jar:3.0.0-M4]
	at org.apache.maven.surefire.junitcore.JUnitCoreWrapper.execute(JUnitCoreWrapper.java:75) [surefire-junit47-3.0.0-M4.jar:3.0.0-M4]
	at org.apache.maven.surefire.junitcore.JUnitCoreProvider.invoke(JUnitCoreProvider.java:158) [surefire-junit47-3.0.0-M4.jar:3.0.0-M4]
	at org.apache.maven.surefire.booter.ForkedBooter.runSuitesInProcess(ForkedBooter.java:377) [surefire-booter-3.0.0-M4.jar:3.0.0-M4]
	at org.apache.maven.surefire.booter.ForkedBooter.execute(ForkedBooter.java:138) [surefire-booter-3.0.0-M4.jar:3.0.0-M4]
	at org.apache.maven.surefire.booter.ForkedBooter.run(ForkedBooter.java:465) [surefire-booter-3.0.0-M4.jar:3.0.0-M4]
	at org.apache.maven.surefire.booter.ForkedBooter.main(ForkedBooter.java:451) [surefire-booter-3.0.0-M4.jar:3.0.0-M4]
Caused by: org.apache.hadoop.hive.metastore.api.AlreadyExistsException: Table hive.default.junit_unparted_basic already exists
	at org.apache.hadoop.hive.metastore.HMSHandler.create_table_core(HMSHandler.java:2339) ~[classes/:?]
	at org.apache.hadoop.hive.metastore.HMSHandler.create_table_req(HMSHandler.java:2598) ~[classes/:?]
	at sun.reflect.GeneratedMethodAccessor40.invoke(Unknown Source) ~[?:?]
	at sun.reflect.DelegatingMethodAccessorImpl.invoke(DelegatingMethodAccessorImpl.java:43) ~[?:1.8.0_402]
	at java.lang.reflect.Method.invoke(Method.java:498) ~[?:1.8.0_402]
	at org.apache.hadoop.hive.metastore.RetryingHMSHandler.invokeInternal(RetryingHMSHandler.java:147) ~[classes/:?]
	at org.apache.hadoop.hive.metastore.RetryingHMSHandler.invoke(RetryingHMSHandler.java:108) ~[classes/:?]
	at com.sun.proxy.$Proxy35.create_table_req(Unknown Source) ~[?:?]
	at org.apache.hadoop.hive.metastore.HiveMetaStoreClient.create_table_with_environment_context(HiveMetaStoreClient.java:4408) ~[classes/:?]
	at org.apache.hadoop.hive.ql.metadata.SessionHiveMetaStoreClient.create_table_with_environment_context(SessionHiveMetaStoreClient.java:182) ~[classes/:?]
	at org.apache.hadoop.hive.metastore.HiveMetaStoreClient.createTable(HiveMetaStoreClient.java:1260) ~[classes/:?]
	at org.apache.hadoop.hive.metastore.HiveMetaStoreClient.createTable(HiveMetaStoreClient.java:1245) ~[classes/:?]
	at sun.reflect.GeneratedMethodAccessor39.invoke(Unknown Source) ~[?:?]
	at sun.reflect.DelegatingMethodAccessorImpl.invoke(DelegatingMethodAccessorImpl.java:43) ~[?:1.8.0_402]
	at java.lang.reflect.Method.invoke(Method.java:498) ~[?:1.8.0_402]
	at org.apache.hadoop.hive.metastore.RetryingMetaStoreClient.invoke(RetryingMetaStoreClient.java:218) ~[classes/:?]
	at com.sun.proxy.$Proxy45.createTable(Unknown Source) ~[?:?]
	at org.apache.hadoop.hive.ql.metadata.Hive.createTable(Hive.java:1290) ~[classes/:?]
	... 63 more
2024-04-24T11:28:57,501  INFO [main] reexec.ReOptimizePlugin: ReOptimization: retryPossible: false
2024-04-24T11:28:57,501  INFO [main] reexec.ReExecuteLostAMQueryPlugin: Got exception message: AlreadyExistsException(message:Table hive.default.junit_unparted_basic already exists) retryPossible: false
2024-04-24T11:28:57,501  INFO [main] reexec.ReExecutionDagSubmitPlugin: Got exception message: AlreadyExistsException(message:Table hive.default.junit_unparted_basic already exists) retryPossible: false
FAILED: Execution Error, return code 40000 from org.apache.hadoop.hive.ql.ddl.DDLTask. AlreadyExistsException(message:Table hive.default.junit_unparted_basic already exists)
2024-04-24T11:28:57,501 ERROR [main] ql.Driver: FAILED: Execution Error, return code 40000 from org.apache.hadoop.hive.ql.ddl.DDLTask. AlreadyExistsException(message:Table hive.default.junit_unparted_basic already exists)
2024-04-24T11:28:57,501  INFO [main] metadata.Hive: Dumping metastore api call timing information for : execution phase
2024-04-24T11:28:57,501  INFO [main] metadata.Hive: Total time spent in each metastore function (ms): {}
2024-04-24T11:28:57,501  INFO [main] ql.Driver: Completed executing command(queryId=alex_20240424112857_92a4a6fb-9999-4dc2-883f-b0560c544172); Time taken: 0.024 seconds
2024-04-24T11:28:57,501  INFO [main] ql.Driver: Compiling command(queryId=alex_20240424112857_92a4a6fb-9999-4dc2-883f-b0560c544172): drop table if exists junit_unparted_basic
2024-04-24T11:28:57,502  INFO [main] HiveMetaStore.audit: ugi=alex	ip=unknown-ip-addr	cmd=get_table : tbl=hive.default.junit_unparted_basic	
2024-04-24T11:28:57,512  INFO [main] metastore.HMSHandler: Skipping translation for processor with null
2024-04-24T11:28:57,512  INFO [main] ql.Driver: Semantic Analysis Completed (retrial = false)
2024-04-24T11:28:57,512  INFO [main] ql.Driver: Created Hive schema: Schema(fieldSchemas:null, properties:null)
2024-04-24T11:28:57,512  INFO [main] metadata.Hive: Dumping metastore api call timing information for : compilation phase
2024-04-24T11:28:57,512  INFO [main] metadata.Hive: Total time spent in each metastore function (ms): {flushCache_()=0, isCompatibleWith_(Configuration)=0, getTable_(GetTableRequest)=10}
2024-04-24T11:28:57,512  INFO [main] ql.Driver: Completed compiling command(queryId=alex_20240424112857_92a4a6fb-9999-4dc2-883f-b0560c544172); Time taken: 0.011 seconds
2024-04-24T11:28:57,513  INFO [main] reexec.ReExecDriver: Execution #1 of query
2024-04-24T11:28:57,513  INFO [main] ql.Driver: Concurrency mode is disabled, not creating a lock manager
2024-04-24T11:28:57,513  INFO [main] ql.Driver: Executing command(queryId=alex_20240424112857_92a4a6fb-9999-4dc2-883f-b0560c544172): drop table if exists junit_unparted_basic
2024-04-24T11:28:57,513  INFO [main] ql.Driver: Starting task [Stage-0:DDL] in serial mode
2024-04-24T11:28:57,513  INFO [main] HiveMetaStore.audit: ugi=alex	ip=unknown-ip-addr	cmd=get_table : tbl=hive.default.junit_unparted_basic	
2024-04-24T11:28:57,522  INFO [main] metastore.HMSHandler: Skipping translation for processor with null
2024-04-24T11:28:57,523  INFO [main] HiveMetaStore.audit: ugi=alex	ip=unknown-ip-addr	cmd=get_table : tbl=hive.default.junit_unparted_basic	
2024-04-24T11:28:57,531  INFO [main] metastore.HMSHandler: Skipping translation for processor with null
2024-04-24T11:28:57,531  INFO [main] HiveMetaStore.audit: ugi=alex	ip=unknown-ip-addr	cmd=drop_table : tbl=hive.default.junit_unparted_basic	
2024-04-24T11:28:57,637  WARN [main] utils.FileUtils: File file:/home/alex/Repositories/hive/hcatalog/hcatalog-pig-adapter/build/test/data/org.apache.hive.hcatalog.mapreduce.HCatBaseTest-1713983215978/warehouse/junit_unparted_basic does not exist; Force to delete it.
2024-04-24T11:28:57,637 ERROR [main] utils.FileUtils: Failed to delete file:/home/alex/Repositories/hive/hcatalog/hcatalog-pig-adapter/build/test/data/org.apache.hive.hcatalog.mapreduce.HCatBaseTest-1713983215978/warehouse/junit_unparted_basic
2024-04-24T11:28:57,637  INFO [main] metadata.Hive: Dumping metastore api call timing information for : execution phase
2024-04-24T11:28:57,637  INFO [main] metadata.Hive: Total time spent in each metastore function (ms): {dropTable_(String, String, boolean, boolean, boolean)=114, isCompatibleWith_(Configuration)=0, getTable_(GetTableRequest)=10}
2024-04-24T11:28:57,637  INFO [main] ql.Driver: Completed executing command(queryId=alex_20240424112857_92a4a6fb-9999-4dc2-883f-b0560c544172); Time taken: 0.124 seconds
2024-04-24T11:28:57,638  INFO [main] ql.Driver: Compiling command(queryId=alex_20240424112857_92a4a6fb-9999-4dc2-883f-b0560c544172): drop table if exists junit_unparted_complex
2024-04-24T11:28:57,638  INFO [main] HiveMetaStore.audit: ugi=alex	ip=unknown-ip-addr	cmd=get_table : tbl=hive.default.junit_unparted_complex	
2024-04-24T11:28:57,648  INFO [main] metastore.HMSHandler: Skipping translation for processor with null
2024-04-24T11:28:57,648  INFO [main] ql.Driver: Semantic Analysis Completed (retrial = false)
2024-04-24T11:28:57,648  INFO [main] ql.Driver: Created Hive schema: Schema(fieldSchemas:null, properties:null)
2024-04-24T11:28:57,648  INFO [main] metadata.Hive: Dumping metastore api call timing information for : compilation phase
2024-04-24T11:28:57,648  INFO [main] metadata.Hive: Total time spent in each metastore function (ms): {getTable_(GetTableRequest)=10, flushCache_()=0, isCompatibleWith_(Configuration)=0}
2024-04-24T11:28:57,648  INFO [main] ql.Driver: Completed compiling command(queryId=alex_20240424112857_92a4a6fb-9999-4dc2-883f-b0560c544172); Time taken: 0.01 seconds
2024-04-24T11:28:57,649  INFO [main] reexec.ReExecDriver: Execution #1 of query
2024-04-24T11:28:57,649  INFO [main] ql.Driver: Concurrency mode is disabled, not creating a lock manager
2024-04-24T11:28:57,649  INFO [main] ql.Driver: Executing command(queryId=alex_20240424112857_92a4a6fb-9999-4dc2-883f-b0560c544172): drop table if exists junit_unparted_complex
2024-04-24T11:28:57,649  INFO [main] ql.Driver: Starting task [Stage-0:DDL] in serial mode
2024-04-24T11:28:57,649  INFO [main] HiveMetaStore.audit: ugi=alex	ip=unknown-ip-addr	cmd=get_table : tbl=hive.default.junit_unparted_complex	
2024-04-24T11:28:57,659  INFO [main] metastore.HMSHandler: Skipping translation for processor with null
2024-04-24T11:28:57,659  INFO [main] HiveMetaStore.audit: ugi=alex	ip=unknown-ip-addr	cmd=get_table : tbl=hive.default.junit_unparted_complex	
2024-04-24T11:28:57,668  INFO [main] metastore.HMSHandler: Skipping translation for processor with null
2024-04-24T11:28:57,669  INFO [main] HiveMetaStore.audit: ugi=alex	ip=unknown-ip-addr	cmd=drop_table : tbl=hive.default.junit_unparted_complex	
2024-04-24T11:28:57,703  WARN [main] utils.FileUtils: File file:/home/alex/Repositories/hive/hcatalog/hcatalog-pig-adapter/build/test/data/org.apache.hive.hcatalog.mapreduce.HCatBaseTest-1713983215978/warehouse/junit_unparted_complex does not exist; Force to delete it.
2024-04-24T11:28:57,703 ERROR [main] utils.FileUtils: Failed to delete file:/home/alex/Repositories/hive/hcatalog/hcatalog-pig-adapter/build/test/data/org.apache.hive.hcatalog.mapreduce.HCatBaseTest-1713983215978/warehouse/junit_unparted_complex
2024-04-24T11:28:57,703  INFO [main] metadata.Hive: Dumping metastore api call timing information for : execution phase
2024-04-24T11:28:57,703  INFO [main] metadata.Hive: Total time spent in each metastore function (ms): {isCompatibleWith_(Configuration)=0, dropTable_(String, String, boolean, boolean, boolean)=44, getTable_(GetTableRequest)=10}
2024-04-24T11:28:57,704  INFO [main] ql.Driver: Completed executing command(queryId=alex_20240424112857_92a4a6fb-9999-4dc2-883f-b0560c544172); Time taken: 0.054 seconds
2024-04-24T11:28:57,704  INFO [main] ql.Driver: Compiling command(queryId=alex_20240424112857_92a4a6fb-9999-4dc2-883f-b0560c544172): drop table if exists junit_parted_basic
2024-04-24T11:28:57,705  INFO [main] HiveMetaStore.audit: ugi=alex	ip=unknown-ip-addr	cmd=get_table : tbl=hive.default.junit_parted_basic	
2024-04-24T11:28:57,714  INFO [main] metastore.HMSHandler: Skipping translation for processor with null
2024-04-24T11:28:57,714  INFO [main] ql.Driver: Semantic Analysis Completed (retrial = false)
2024-04-24T11:28:57,714  INFO [main] ql.Driver: Created Hive schema: Schema(fieldSchemas:null, properties:null)
2024-04-24T11:28:57,714  INFO [main] metadata.Hive: Dumping metastore api call timing information for : compilation phase
2024-04-24T11:28:57,714  INFO [main] metadata.Hive: Total time spent in each metastore function (ms): {flushCache_()=0, getTable_(GetTableRequest)=10, isCompatibleWith_(Configuration)=0}
2024-04-24T11:28:57,715  INFO [main] ql.Driver: Completed compiling command(queryId=alex_20240424112857_92a4a6fb-9999-4dc2-883f-b0560c544172); Time taken: 0.01 seconds
2024-04-24T11:28:57,715  INFO [main] reexec.ReExecDriver: Execution #1 of query
2024-04-24T11:28:57,715  INFO [main] ql.Driver: Concurrency mode is disabled, not creating a lock manager
2024-04-24T11:28:57,715  INFO [main] ql.Driver: Executing command(queryId=alex_20240424112857_92a4a6fb-9999-4dc2-883f-b0560c544172): drop table if exists junit_parted_basic
2024-04-24T11:28:57,715  INFO [main] ql.Driver: Starting task [Stage-0:DDL] in serial mode
2024-04-24T11:28:57,715  INFO [main] HiveMetaStore.audit: ugi=alex	ip=unknown-ip-addr	cmd=get_table : tbl=hive.default.junit_parted_basic	
2024-04-24T11:28:57,724  INFO [main] metastore.HMSHandler: Skipping translation for processor with null
2024-04-24T11:28:57,725  INFO [main] HiveMetaStore.audit: ugi=alex	ip=unknown-ip-addr	cmd=get_table : tbl=hive.default.junit_parted_basic	
2024-04-24T11:28:57,734  INFO [main] metastore.HMSHandler: Skipping translation for processor with null
2024-04-24T11:28:57,735  INFO [main] HiveMetaStore.audit: ugi=alex	ip=unknown-ip-addr	cmd=drop_table : tbl=hive.default.junit_parted_basic	
2024-04-24T11:28:57,769  WARN [main] utils.FileUtils: File file:/home/alex/Repositories/hive/hcatalog/hcatalog-pig-adapter/build/test/data/org.apache.hive.hcatalog.mapreduce.HCatBaseTest-1713983215978/warehouse/junit_parted_basic does not exist; Force to delete it.
2024-04-24T11:28:57,769 ERROR [main] utils.FileUtils: Failed to delete file:/home/alex/Repositories/hive/hcatalog/hcatalog-pig-adapter/build/test/data/org.apache.hive.hcatalog.mapreduce.HCatBaseTest-1713983215978/warehouse/junit_parted_basic
2024-04-24T11:28:57,769  INFO [main] metadata.Hive: Dumping metastore api call timing information for : execution phase
2024-04-24T11:28:57,769  INFO [main] metadata.Hive: Total time spent in each metastore function (ms): {getTable_(GetTableRequest)=9, isCompatibleWith_(Configuration)=0, dropTable_(String, String, boolean, boolean, boolean)=44}
2024-04-24T11:28:57,770  INFO [main] ql.Driver: Completed executing command(queryId=alex_20240424112857_92a4a6fb-9999-4dc2-883f-b0560c544172); Time taken: 0.054 seconds
2024-04-24T11:28:57,770  INFO [main] ql.Driver: Compiling command(queryId=alex_20240424112857_92a4a6fb-9999-4dc2-883f-b0560c544172): drop table if exists junit_specific_size
2024-04-24T11:28:57,770  INFO [main] HiveMetaStore.audit: ugi=alex	ip=unknown-ip-addr	cmd=get_table : tbl=hive.default.junit_specific_size	
2024-04-24T11:28:57,779  INFO [main] metastore.HMSHandler: Skipping translation for processor with null
2024-04-24T11:28:57,779  INFO [main] ql.Driver: Semantic Analysis Completed (retrial = false)
2024-04-24T11:28:57,779  INFO [main] ql.Driver: Created Hive schema: Schema(fieldSchemas:null, properties:null)
2024-04-24T11:28:57,780  INFO [main] metadata.Hive: Dumping metastore api call timing information for : compilation phase
2024-04-24T11:28:57,780  INFO [main] metadata.Hive: Total time spent in each metastore function (ms): {isCompatibleWith_(Configuration)=0, flushCache_()=0, getTable_(GetTableRequest)=9}
2024-04-24T11:28:57,780  INFO [main] ql.Driver: Completed compiling command(queryId=alex_20240424112857_92a4a6fb-9999-4dc2-883f-b0560c544172); Time taken: 0.01 seconds
2024-04-24T11:28:57,780  INFO [main] reexec.ReExecDriver: Execution #1 of query
2024-04-24T11:28:57,780  INFO [main] ql.Driver: Concurrency mode is disabled, not creating a lock manager
2024-04-24T11:28:57,780  INFO [main] ql.Driver: Executing command(queryId=alex_20240424112857_92a4a6fb-9999-4dc2-883f-b0560c544172): drop table if exists junit_specific_size
2024-04-24T11:28:57,780  INFO [main] ql.Driver: Starting task [Stage-0:DDL] in serial mode
2024-04-24T11:28:57,781  INFO [main] HiveMetaStore.audit: ugi=alex	ip=unknown-ip-addr	cmd=get_table : tbl=hive.default.junit_specific_size	
2024-04-24T11:28:57,790  INFO [main] metastore.HMSHandler: Skipping translation for processor with null
2024-04-24T11:28:57,790  INFO [main] HiveMetaStore.audit: ugi=alex	ip=unknown-ip-addr	cmd=get_table : tbl=hive.default.junit_specific_size	
2024-04-24T11:28:57,800  INFO [main] metastore.HMSHandler: Skipping translation for processor with null
2024-04-24T11:28:57,800  INFO [main] HiveMetaStore.audit: ugi=alex	ip=unknown-ip-addr	cmd=drop_table : tbl=hive.default.junit_specific_size	
2024-04-24T11:28:57,834  WARN [main] utils.FileUtils: File file:/home/alex/Repositories/hive/hcatalog/hcatalog-pig-adapter/build/test/data/org.apache.hive.hcatalog.mapreduce.HCatBaseTest-1713983215978/warehouse/junit_specific_size does not exist; Force to delete it.
2024-04-24T11:28:57,834 ERROR [main] utils.FileUtils: Failed to delete file:/home/alex/Repositories/hive/hcatalog/hcatalog-pig-adapter/build/test/data/org.apache.hive.hcatalog.mapreduce.HCatBaseTest-1713983215978/warehouse/junit_specific_size
2024-04-24T11:28:57,835  INFO [main] metadata.Hive: Dumping metastore api call timing information for : execution phase
2024-04-24T11:28:57,835  INFO [main] metadata.Hive: Total time spent in each metastore function (ms): {getTable_(GetTableRequest)=10, dropTable_(String, String, boolean, boolean, boolean)=45, isCompatibleWith_(Configuration)=0}
2024-04-24T11:28:57,835  INFO [main] ql.Driver: Completed executing command(queryId=alex_20240424112857_92a4a6fb-9999-4dc2-883f-b0560c544172); Time taken: 0.055 seconds
2024-04-24T11:28:57,835  INFO [main] ql.Driver: Compiling command(queryId=alex_20240424112857_92a4a6fb-9999-4dc2-883f-b0560c544172): drop table if exists junit_parted_date
2024-04-24T11:28:57,836  INFO [main] HiveMetaStore.audit: ugi=alex	ip=unknown-ip-addr	cmd=get_table : tbl=hive.default.junit_parted_date	
2024-04-24T11:28:57,839  INFO [main] ql.Driver: Semantic Analysis Completed (retrial = false)
2024-04-24T11:28:57,839  INFO [main] ql.Driver: Created Hive schema: Schema(fieldSchemas:null, properties:null)
2024-04-24T11:28:57,839  INFO [main] metadata.Hive: Dumping metastore api call timing information for : compilation phase
2024-04-24T11:28:57,839  INFO [main] metadata.Hive: Total time spent in each metastore function (ms): {flushCache_()=0, isCompatibleWith_(Configuration)=0}
2024-04-24T11:28:57,840  INFO [main] ql.Driver: Completed compiling command(queryId=alex_20240424112857_92a4a6fb-9999-4dc2-883f-b0560c544172); Time taken: 0.004 seconds
2024-04-24T11:28:57,840  INFO [main] reexec.ReExecDriver: Execution #1 of query
2024-04-24T11:28:57,840  INFO [main] ql.Driver: Concurrency mode is disabled, not creating a lock manager
2024-04-24T11:28:57,840  INFO [main] ql.Driver: Executing command(queryId=alex_20240424112857_92a4a6fb-9999-4dc2-883f-b0560c544172): drop table if exists junit_parted_date
2024-04-24T11:28:57,840  INFO [main] ql.Driver: Starting task [Stage-0:DDL] in serial mode
2024-04-24T11:28:57,840  INFO [main] HiveMetaStore.audit: ugi=alex	ip=unknown-ip-addr	cmd=get_table : tbl=hive.default.junit_parted_date	
2024-04-24T11:28:57,844  INFO [main] metadata.Hive: Dumping metastore api call timing information for : execution phase
2024-04-24T11:28:57,844  INFO [main] metadata.Hive: Total time spent in each metastore function (ms): {isCompatibleWith_(Configuration)=0}
2024-04-24T11:28:57,844  INFO [main] ql.Driver: Completed executing command(queryId=alex_20240424112857_92a4a6fb-9999-4dc2-883f-b0560c544172); Time taken: 0.004 seconds
2024-04-24T11:28:57,845  INFO [main] ql.Driver: Compiling command(queryId=alex_20240424112857_92a4a6fb-9999-4dc2-883f-b0560c544172): drop table if exists junit_unparted_alltypes
2024-04-24T11:28:57,845  INFO [main] HiveMetaStore.audit: ugi=alex	ip=unknown-ip-addr	cmd=get_table : tbl=hive.default.junit_unparted_alltypes	
2024-04-24T11:28:57,848  INFO [main] ql.Driver: Semantic Analysis Completed (retrial = false)
2024-04-24T11:28:57,848  INFO [main] ql.Driver: Created Hive schema: Schema(fieldSchemas:null, properties:null)
2024-04-24T11:28:57,849  INFO [main] metadata.Hive: Dumping metastore api call timing information for : compilation phase
2024-04-24T11:28:57,849  INFO [main] metadata.Hive: Total time spent in each metastore function (ms): {isCompatibleWith_(Configuration)=0, flushCache_()=0}
2024-04-24T11:28:57,849  INFO [main] ql.Driver: Completed compiling command(queryId=alex_20240424112857_92a4a6fb-9999-4dc2-883f-b0560c544172); Time taken: 0.003 seconds
2024-04-24T11:28:57,849  INFO [main] reexec.ReExecDriver: Execution #1 of query
2024-04-24T11:28:57,849  INFO [main] ql.Driver: Concurrency mode is disabled, not creating a lock manager
2024-04-24T11:28:57,849  INFO [main] ql.Driver: Executing command(queryId=alex_20240424112857_92a4a6fb-9999-4dc2-883f-b0560c544172): drop table if exists junit_unparted_alltypes
2024-04-24T11:28:57,849  INFO [main] ql.Driver: Starting task [Stage-0:DDL] in serial mode
2024-04-24T11:28:57,850  INFO [main] HiveMetaStore.audit: ugi=alex	ip=unknown-ip-addr	cmd=get_table : tbl=hive.default.junit_unparted_alltypes	
2024-04-24T11:28:57,853  INFO [main] metadata.Hive: Dumping metastore api call timing information for : execution phase
2024-04-24T11:28:57,853  INFO [main] metadata.Hive: Total time spent in each metastore function (ms): {isCompatibleWith_(Configuration)=1}
2024-04-24T11:28:57,853  INFO [main] ql.Driver: Completed executing command(queryId=alex_20240424112857_92a4a6fb-9999-4dc2-883f-b0560c544172); Time taken: 0.004 seconds
2024-04-24T11:28:57,854  INFO [main] ql.Driver: Compiling command(queryId=alex_20240424112857_92a4a6fb-9999-4dc2-883f-b0560c544172): drop database if exists junit_specific_db cascade
2024-04-24T11:28:57,854  INFO [main] HiveMetaStore.audit: ugi=alex	ip=unknown-ip-addr	cmd=get_database: junit_specific_db	
2024-04-24T11:28:57,857  INFO [main] HiveMetaStore.audit: ugi=alex	ip=unknown-ip-addr	cmd=get_multi_table : db=junit_specific_db tbls=null	
2024-04-24T11:28:57,863  INFO [main] HiveMetaStore.audit: ugi=alex	ip=unknown-ip-addr	cmd=get_multi_table : db=junit_specific_db tbls=	
2024-04-24T11:28:57,863  INFO [main] ql.Driver: Semantic Analysis Completed (retrial = false)
2024-04-24T11:28:57,863  INFO [main] ql.Driver: Created Hive schema: Schema(fieldSchemas:null, properties:null)
2024-04-24T11:28:57,863  INFO [main] metadata.Hive: Dumping metastore api call timing information for : compilation phase
2024-04-24T11:28:57,863  INFO [main] metadata.Hive: Total time spent in each metastore function (ms): {flushCache_()=0, getTables_(String, String)=5, getTableObjectsByName_(String, List)=2, getDatabase_(String)=2, isCompatibleWith_(Configuration)=0}
2024-04-24T11:28:57,863  INFO [main] ql.Driver: Completed compiling command(queryId=alex_20240424112857_92a4a6fb-9999-4dc2-883f-b0560c544172); Time taken: 0.009 seconds
2024-04-24T11:28:57,863  INFO [main] reexec.ReExecDriver: Execution #1 of query
2024-04-24T11:28:57,863  INFO [main] ql.Driver: Concurrency mode is disabled, not creating a lock manager
2024-04-24T11:28:57,863  INFO [main] ql.Driver: Executing command(queryId=alex_20240424112857_92a4a6fb-9999-4dc2-883f-b0560c544172): drop database if exists junit_specific_db cascade
2024-04-24T11:28:57,864  INFO [main] ql.Driver: Starting task [Stage-0:DDL] in serial mode
2024-04-24T11:28:57,864  INFO [main] HiveMetaStore.audit: ugi=alex	ip=unknown-ip-addr	cmd=get_database: junit_specific_db	
2024-04-24T11:28:57,865  INFO [main] HiveMetaStore.audit: ugi=alex	ip=unknown-ip-addr	cmd=get_tables_by_type: db=@hive#junit_specific_db pat=.*,type=MATERIALIZED_VIEW	
2024-04-24T11:28:57,865  INFO [main] HiveMetaStore.audit: ugi=alex	ip=unknown-ip-addr	cmd=getTablesByTypeCore: catName=hive: db=junit_specific_db pat=.*,type=MATERIALIZED_VIEW	
2024-04-24T11:28:57,868  INFO [main] HiveMetaStore.audit: ugi=alex	ip=unknown-ip-addr	cmd=get_all_tables: db=@hive#junit_specific_db	
2024-04-24T11:28:57,871  INFO [main] HiveMetaStore.audit: ugi=alex	ip=unknown-ip-addr	cmd=get_multi_table : db=junit_specific_db tbls=junit_specific_size2	
2024-04-24T11:28:57,874  INFO [main] HiveMetaStore.audit: ugi=alex	ip=unknown-ip-addr	cmd=drop_database: @hive#junit_specific_db	
2024-04-24T11:28:57,876  INFO [main] HiveMetaStore.audit: ugi=alex	ip=unknown-ip-addr	cmd=get_all_tables: db=@hive#junit_specific_db	
2024-04-24T11:28:57,877  INFO [main] HiveMetaStore.audit: ugi=alex	ip=unknown-ip-addr	cmd=get_functions: db=@hive#junit_specific_db pat=*	
2024-04-24T11:28:57,879  INFO [main] HiveMetaStore.audit: ugi=alex	ip=unknown-ip-addr	cmd=get_all_stored_procedures	
2024-04-24T11:28:57,880  INFO [main] HiveMetaStore.audit: ugi=alex	ip=unknown-ip-addr	cmd=get_all_packages	
2024-04-24T11:28:57,882  INFO [main] HiveMetaStore.audit: ugi=alex	ip=unknown-ip-addr	cmd=getTablesByTypeCore: catName=hive: db=junit_specific_db pat=.*,type=MATERIALIZED_VIEW	
2024-04-24T11:28:57,887  INFO [main] metastore.ObjectStore: Dropping database hive.junit_specific_db along with all tables
2024-04-24T11:28:57,894  INFO [main] txn.TxnHandler: Non-retryable error in cleanupRecords : Table/View 'TXN_COMPONENTS' does not exist. (SQLState=42X05, ErrorCode=20000)
2024-04-24T11:28:57,894  WARN [main] txn.TxnHandler: Cannot perform cleanup since metastore table does not exist
2024-04-24T11:28:57,896 ERROR [main] metastore.RetryingHMSHandler: Retrying HMSHandler after 2000 ms (attempt 1 of 10) with error: javax.jdo.JDODataStoreException: Exception thrown flushing changes to datastore
	at org.datanucleus.api.jdo.NucleusJDOHelper.getJDOExceptionForNucleusException(NucleusJDOHelper.java:542)
	at org.datanucleus.api.jdo.JDOTransaction.commit(JDOTransaction.java:162)
	at org.apache.hadoop.hive.metastore.ObjectStore.commitTransaction(ObjectStore.java:615)
	at sun.reflect.GeneratedMethodAccessor31.invoke(Unknown Source)
	at sun.reflect.DelegatingMethodAccessorImpl.invoke(DelegatingMethodAccessorImpl.java:43)
	at java.lang.reflect.Method.invoke(Method.java:498)
	at org.apache.hadoop.hive.metastore.RawStoreProxy.invoke(RawStoreProxy.java:97)
	at com.sun.proxy.$Proxy32.commitTransaction(Unknown Source)
	at org.apache.hadoop.hive.metastore.HMSHandler.drop_database_core(HMSHandler.java:1790)
	at org.apache.hadoop.hive.metastore.HMSHandler.drop_database(HMSHandler.java:1869)
	at sun.reflect.GeneratedMethodAccessor54.invoke(Unknown Source)
	at sun.reflect.DelegatingMethodAccessorImpl.invoke(DelegatingMethodAccessorImpl.java:43)
	at java.lang.reflect.Method.invoke(Method.java:498)
	at org.apache.hadoop.hive.metastore.RetryingHMSHandler.invokeInternal(RetryingHMSHandler.java:147)
	at org.apache.hadoop.hive.metastore.RetryingHMSHandler.invoke(RetryingHMSHandler.java:108)
	at com.sun.proxy.$Proxy35.drop_database(Unknown Source)
	at org.apache.hadoop.hive.metastore.HiveMetaStoreClient.dropDatabaseCascadePerDb(HiveMetaStoreClient.java:1601)
	at org.apache.hadoop.hive.metastore.HiveMetaStoreClient.dropDatabase(HiveMetaStoreClient.java:1532)
	at org.apache.hadoop.hive.metastore.HiveMetaStoreClient.dropDatabase(HiveMetaStoreClient.java:1485)
	at sun.reflect.NativeMethodAccessorImpl.invoke0(Native Method)
	at sun.reflect.NativeMethodAccessorImpl.invoke(NativeMethodAccessorImpl.java:62)
	at sun.reflect.DelegatingMethodAccessorImpl.invoke(DelegatingMethodAccessorImpl.java:43)
	at java.lang.reflect.Method.invoke(Method.java:498)
	at org.apache.hadoop.hive.metastore.RetryingMetaStoreClient.invoke(RetryingMetaStoreClient.java:218)
	at com.sun.proxy.$Proxy45.dropDatabase(Unknown Source)
	at org.apache.hadoop.hive.ql.metadata.Hive.dropDatabase(Hive.java:662)
	at org.apache.hadoop.hive.ql.ddl.database.drop.DropDatabaseOperation.execute(DropDatabaseOperation.java:52)
	at org.apache.hadoop.hive.ql.ddl.DDLTask.execute(DDLTask.java:84)
	at org.apache.hadoop.hive.ql.exec.Task.executeTask(Task.java:212)
	at org.apache.hadoop.hive.ql.exec.TaskRunner.runSequential(TaskRunner.java:105)
	at org.apache.hadoop.hive.ql.Executor.launchTask(Executor.java:361)
	at org.apache.hadoop.hive.ql.Executor.launchTasks(Executor.java:334)
	at org.apache.hadoop.hive.ql.Executor.runTasks(Executor.java:245)
	at org.apache.hadoop.hive.ql.Executor.execute(Executor.java:108)
	at org.apache.hadoop.hive.ql.Driver.execute(Driver.java:348)
	at org.apache.hadoop.hive.ql.Driver.runInternal(Driver.java:204)
	at org.apache.hadoop.hive.ql.Driver.run(Driver.java:153)
	at org.apache.hadoop.hive.ql.Driver.run(Driver.java:148)
	at org.apache.hadoop.hive.ql.reexec.ReExecDriver.run(ReExecDriver.java:164)
	at org.apache.hadoop.hive.ql.reexec.ReExecDriver.run(ReExecDriver.java:230)
	at org.apache.hive.hcatalog.pig.AbstractHCatLoaderTest.executeStatementOnDriver(AbstractHCatLoaderTest.java:151)
	at org.apache.hive.hcatalog.pig.AbstractHCatLoaderTest.tearDown(AbstractHCatLoaderTest.java:239)
	at sun.reflect.NativeMethodAccessorImpl.invoke0(Native Method)
	at sun.reflect.NativeMethodAccessorImpl.invoke(NativeMethodAccessorImpl.java:62)
	at sun.reflect.DelegatingMethodAccessorImpl.invoke(DelegatingMethodAccessorImpl.java:43)
	at java.lang.reflect.Method.invoke(Method.java:498)
	at org.junit.runners.model.FrameworkMethod$1.runReflectiveCall(FrameworkMethod.java:59)
	at org.junit.internal.runners.model.ReflectiveCallable.run(ReflectiveCallable.java:12)
	at org.junit.runners.model.FrameworkMethod.invokeExplosively(FrameworkMethod.java:56)
	at org.junit.internal.runners.statements.RunAfters.invokeMethod(RunAfters.java:46)
	at org.junit.internal.runners.statements.RunAfters.evaluate(RunAfters.java:33)
	at org.junit.runners.ParentRunner$3.evaluate(ParentRunner.java:306)
	at org.junit.runners.BlockJUnit4ClassRunner$1.evaluate(BlockJUnit4ClassRunner.java:100)
	at org.junit.runners.ParentRunner.runLeaf(ParentRunner.java:366)
	at org.junit.runners.BlockJUnit4ClassRunner.runChild(BlockJUnit4ClassRunner.java:103)
	at org.junit.runners.BlockJUnit4ClassRunner.runChild(BlockJUnit4ClassRunner.java:63)
	at org.junit.runners.ParentRunner$4.run(ParentRunner.java:331)
	at org.junit.runners.ParentRunner$1.schedule(ParentRunner.java:79)
	at org.junit.runners.ParentRunner.runChildren(ParentRunner.java:329)
	at org.junit.runners.ParentRunner.access$100(ParentRunner.java:66)
	at org.junit.runners.ParentRunner$2.evaluate(ParentRunner.java:293)
	at org.junit.internal.runners.statements.RunBefores.evaluate(RunBefores.java:26)
	at org.junit.runners.ParentRunner$3.evaluate(ParentRunner.java:306)
	at org.junit.runners.ParentRunner.run(ParentRunner.java:413)
	at org.junit.runners.Suite.runChild(Suite.java:128)
	at org.junit.runners.Suite.runChild(Suite.java:27)
	at org.junit.runners.ParentRunner$4.run(ParentRunner.java:331)
	at org.junit.runners.ParentRunner$1.schedule(ParentRunner.java:79)
	at org.junit.runners.ParentRunner.runChildren(ParentRunner.java:329)
	at org.junit.runners.ParentRunner.access$100(ParentRunner.java:66)
	at org.junit.runners.ParentRunner$2.evaluate(ParentRunner.java:293)
	at org.junit.runners.ParentRunner$3.evaluate(ParentRunner.java:306)
	at org.junit.runners.ParentRunner.run(ParentRunner.java:413)
	at org.apache.maven.surefire.junitcore.JUnitCore.run(JUnitCore.java:55)
	at org.apache.maven.surefire.junitcore.JUnitCoreWrapper.createRequestAndRun(JUnitCoreWrapper.java:137)
	at org.apache.maven.surefire.junitcore.JUnitCoreWrapper.executeEager(JUnitCoreWrapper.java:107)
	at org.apache.maven.surefire.junitcore.JUnitCoreWrapper.execute(JUnitCoreWrapper.java:83)
	at org.apache.maven.surefire.junitcore.JUnitCoreWrapper.execute(JUnitCoreWrapper.java:75)
	at org.apache.maven.surefire.junitcore.JUnitCoreProvider.invoke(JUnitCoreProvider.java:158)
	at org.apache.maven.surefire.booter.ForkedBooter.runSuitesInProcess(ForkedBooter.java:377)
	at org.apache.maven.surefire.booter.ForkedBooter.execute(ForkedBooter.java:138)
	at org.apache.maven.surefire.booter.ForkedBooter.run(ForkedBooter.java:465)
	at org.apache.maven.surefire.booter.ForkedBooter.main(ForkedBooter.java:451)
NestedThrowablesStackTrace:
java.sql.BatchUpdateException: DELETE on table 'DBS' caused a violation of foreign key constraint 'TBLS_FK1' for key (3).  The statement has been rolled back.
	at org.apache.derby.impl.jdbc.EmbedStatement.executeLargeBatch(Unknown Source)
	at org.apache.derby.impl.jdbc.EmbedStatement.executeBatch(Unknown Source)
	at com.zaxxer.hikari.pool.ProxyStatement.executeBatch(ProxyStatement.java:128)
	at com.zaxxer.hikari.pool.HikariProxyPreparedStatement.executeBatch(HikariProxyPreparedStatement.java)
	at org.datanucleus.store.rdbms.ParamLoggingPreparedStatement.executeBatch(ParamLoggingPreparedStatement.java:366)
	at org.datanucleus.store.rdbms.SQLController.processConnectionStatement(SQLController.java:675)
	at org.datanucleus.store.rdbms.SQLController.processStatementsForConnection(SQLController.java:643)
	at org.datanucleus.store.rdbms.SQLController$1.transactionFlushed(SQLController.java:729)
	at org.datanucleus.store.connection.AbstractManagedConnection.transactionFlushed(AbstractManagedConnection.java:95)
	at org.datanucleus.store.connection.ConnectionManagerImpl$2.transactionFlushed(ConnectionManagerImpl.java:528)
	at org.datanucleus.TransactionImpl.flush(TransactionImpl.java:222)
	at org.datanucleus.TransactionImpl.commit(TransactionImpl.java:286)
	at org.datanucleus.api.jdo.JDOTransaction.commit(JDOTransaction.java:99)
	at org.apache.hadoop.hive.metastore.ObjectStore.commitTransaction(ObjectStore.java:615)
	at sun.reflect.GeneratedMethodAccessor31.invoke(Unknown Source)
	at sun.reflect.DelegatingMethodAccessorImpl.invoke(DelegatingMethodAccessorImpl.java:43)
	at java.lang.reflect.Method.invoke(Method.java:498)
	at org.apache.hadoop.hive.metastore.RawStoreProxy.invoke(RawStoreProxy.java:97)
	at com.sun.proxy.$Proxy32.commitTransaction(Unknown Source)
	at org.apache.hadoop.hive.metastore.HMSHandler.drop_database_core(HMSHandler.java:1790)
	at org.apache.hadoop.hive.metastore.HMSHandler.drop_database(HMSHandler.java:1869)
	at sun.reflect.GeneratedMethodAccessor54.invoke(Unknown Source)
	at sun.reflect.DelegatingMethodAccessorImpl.invoke(DelegatingMethodAccessorImpl.java:43)
	at java.lang.reflect.Method.invoke(Method.java:498)
	at org.apache.hadoop.hive.metastore.RetryingHMSHandler.invokeInternal(RetryingHMSHandler.java:147)
	at org.apache.hadoop.hive.metastore.RetryingHMSHandler.invoke(RetryingHMSHandler.java:108)
	at com.sun.proxy.$Proxy35.drop_database(Unknown Source)
	at org.apache.hadoop.hive.metastore.HiveMetaStoreClient.dropDatabaseCascadePerDb(HiveMetaStoreClient.java:1601)
	at org.apache.hadoop.hive.metastore.HiveMetaStoreClient.dropDatabase(HiveMetaStoreClient.java:1532)
	at org.apache.hadoop.hive.metastore.HiveMetaStoreClient.dropDatabase(HiveMetaStoreClient.java:1485)
	at sun.reflect.NativeMethodAccessorImpl.invoke0(Native Method)
	at sun.reflect.NativeMethodAccessorImpl.invoke(NativeMethodAccessorImpl.java:62)
	at sun.reflect.DelegatingMethodAccessorImpl.invoke(DelegatingMethodAccessorImpl.java:43)
	at java.lang.reflect.Method.invoke(Method.java:498)
	at org.apache.hadoop.hive.metastore.RetryingMetaStoreClient.invoke(RetryingMetaStoreClient.java:218)
	at com.sun.proxy.$Proxy45.dropDatabase(Unknown Source)
	at org.apache.hadoop.hive.ql.metadata.Hive.dropDatabase(Hive.java:662)
	at org.apache.hadoop.hive.ql.ddl.database.drop.DropDatabaseOperation.execute(DropDatabaseOperation.java:52)
	at org.apache.hadoop.hive.ql.ddl.DDLTask.execute(DDLTask.java:84)
	at org.apache.hadoop.hive.ql.exec.Task.executeTask(Task.java:212)
	at org.apache.hadoop.hive.ql.exec.TaskRunner.runSequential(TaskRunner.java:105)
	at org.apache.hadoop.hive.ql.Executor.launchTask(Executor.java:361)
	at org.apache.hadoop.hive.ql.Executor.launchTasks(Executor.java:334)
	at org.apache.hadoop.hive.ql.Executor.runTasks(Executor.java:245)
	at org.apache.hadoop.hive.ql.Executor.execute(Executor.java:108)
	at org.apache.hadoop.hive.ql.Driver.execute(Driver.java:348)
	at org.apache.hadoop.hive.ql.Driver.runInternal(Driver.java:204)
	at org.apache.hadoop.hive.ql.Driver.run(Driver.java:153)
	at org.apache.hadoop.hive.ql.Driver.run(Driver.java:148)
	at org.apache.hadoop.hive.ql.reexec.ReExecDriver.run(ReExecDriver.java:164)
	at org.apache.hadoop.hive.ql.reexec.ReExecDriver.run(ReExecDriver.java:230)
	at org.apache.hive.hcatalog.pig.AbstractHCatLoaderTest.executeStatementOnDriver(AbstractHCatLoaderTest.java:151)
	at org.apache.hive.hcatalog.pig.AbstractHCatLoaderTest.tearDown(AbstractHCatLoaderTest.java:239)
	at sun.reflect.NativeMethodAccessorImpl.invoke0(Native Method)
	at sun.reflect.NativeMethodAccessorImpl.invoke(NativeMethodAccessorImpl.java:62)
	at sun.reflect.DelegatingMethodAccessorImpl.invoke(DelegatingMethodAccessorImpl.java:43)
	at java.lang.reflect.Method.invoke(Method.java:498)
	at org.junit.runners.model.FrameworkMethod$1.runReflectiveCall(FrameworkMethod.java:59)
	at org.junit.internal.runners.model.ReflectiveCallable.run(ReflectiveCallable.java:12)
	at org.junit.runners.model.FrameworkMethod.invokeExplosively(FrameworkMethod.java:56)
	at org.junit.internal.runners.statements.RunAfters.invokeMethod(RunAfters.java:46)
	at org.junit.internal.runners.statements.RunAfters.evaluate(RunAfters.java:33)
	at org.junit.runners.ParentRunner$3.evaluate(ParentRunner.java:306)
	at org.junit.runners.BlockJUnit4ClassRunner$1.evaluate(BlockJUnit4ClassRunner.java:100)
	at org.junit.runners.ParentRunner.runLeaf(ParentRunner.java:366)
	at org.junit.runners.BlockJUnit4ClassRunner.runChild(BlockJUnit4ClassRunner.java:103)
	at org.junit.runners.BlockJUnit4ClassRunner.runChild(BlockJUnit4ClassRunner.java:63)
	at org.junit.runners.ParentRunner$4.run(ParentRunner.java:331)
	at org.junit.runners.ParentRunner$1.schedule(ParentRunner.java:79)
	at org.junit.runners.ParentRunner.runChildren(ParentRunner.java:329)
	at org.junit.runners.ParentRunner.access$100(ParentRunner.java:66)
	at org.junit.runners.ParentRunner$2.evaluate(ParentRunner.java:293)
	at org.junit.internal.runners.statements.RunBefores.evaluate(RunBefores.java:26)
	at org.junit.runners.ParentRunner$3.evaluate(ParentRunner.java:306)
	at org.junit.runners.ParentRunner.run(ParentRunner.java:413)
	at org.junit.runners.Suite.runChild(Suite.java:128)
	at org.junit.runners.Suite.runChild(Suite.java:27)
	at org.junit.runners.ParentRunner$4.run(ParentRunner.java:331)
	at org.junit.runners.ParentRunner$1.schedule(ParentRunner.java:79)
	at org.junit.runners.ParentRunner.runChildren(ParentRunner.java:329)
	at org.junit.runners.ParentRunner.access$100(ParentRunner.java:66)
	at org.junit.runners.ParentRunner$2.evaluate(ParentRunner.java:293)
	at org.junit.runners.ParentRunner$3.evaluate(ParentRunner.java:306)
	at org.junit.runners.ParentRunner.run(ParentRunner.java:413)
	at org.apache.maven.surefire.junitcore.JUnitCore.run(JUnitCore.java:55)
	at org.apache.maven.surefire.junitcore.JUnitCoreWrapper.createRequestAndRun(JUnitCoreWrapper.java:137)
	at org.apache.maven.surefire.junitcore.JUnitCoreWrapper.executeEager(JUnitCoreWrapper.java:107)
	at org.apache.maven.surefire.junitcore.JUnitCoreWrapper.execute(JUnitCoreWrapper.java:83)
	at org.apache.maven.surefire.junitcore.JUnitCoreWrapper.execute(JUnitCoreWrapper.java:75)
	at org.apache.maven.surefire.junitcore.JUnitCoreProvider.invoke(JUnitCoreProvider.java:158)
	at org.apache.maven.surefire.booter.ForkedBooter.runSuitesInProcess(ForkedBooter.java:377)
	at org.apache.maven.surefire.booter.ForkedBooter.execute(ForkedBooter.java:138)
	at org.apache.maven.surefire.booter.ForkedBooter.run(ForkedBooter.java:465)
	at org.apache.maven.surefire.booter.ForkedBooter.main(ForkedBooter.java:451)
Caused by: org.apache.derby.shared.common.error.DerbySQLIntegrityConstraintViolationException: DELETE on table 'DBS' caused a violation of foreign key constraint 'TBLS_FK1' for key (3).  The statement has been rolled back.
	at org.apache.derby.impl.jdbc.SQLExceptionFactory.getSQLException(Unknown Source)
	at org.apache.derby.impl.jdbc.Util.generateCsSQLException(Unknown Source)
	at org.apache.derby.impl.jdbc.TransactionResourceImpl.wrapInSQLException(Unknown Source)
	at org.apache.derby.impl.jdbc.TransactionResourceImpl.handleException(Unknown Source)
	at org.apache.derby.impl.jdbc.EmbedConnection.handleException(Unknown Source)
	at org.apache.derby.impl.jdbc.ConnectionChild.handleException(Unknown Source)
	at org.apache.derby.impl.jdbc.EmbedStatement.executeStatement(Unknown Source)
	at org.apache.derby.impl.jdbc.EmbedPreparedStatement.executeBatchElement(Unknown Source)
	... 94 more
Caused by: ERROR 23503: DELETE on table 'DBS' caused a violation of foreign key constraint 'TBLS_FK1' for key (3).  The statement has been rolled back.
	at org.apache.derby.iapi.error.StandardException.newException(Unknown Source)
	at org.apache.derby.iapi.error.StandardException.newException(Unknown Source)
	at org.apache.derby.impl.sql.execute.ReferencedKeyRIChecker.doCheck(Unknown Source)
	at org.apache.derby.impl.sql.execute.RISetChecker.doPKCheck(Unknown Source)
	at org.apache.derby.impl.sql.execute.DeleteResultSet.collectAffectedRows(Unknown Source)
	at org.apache.derby.impl.sql.execute.DeleteResultSet.open(Unknown Source)
	at org.apache.derby.impl.sql.GenericPreparedStatement.executeStmt(Unknown Source)
	at org.apache.derby.impl.sql.GenericPreparedStatement.execute(Unknown Source)
	... 96 more

2024-04-24T11:28:59,897  INFO [main] HiveMetaStore.audit: ugi=alex	ip=unknown-ip-addr	cmd=drop_database: @hive#junit_specific_db	
2024-04-24T11:28:59,902  INFO [main] HiveMetaStore.audit: ugi=alex	ip=unknown-ip-addr	cmd=get_all_tables: db=@hive#junit_specific_db	
2024-04-24T11:28:59,903  INFO [main] HiveMetaStore.audit: ugi=alex	ip=unknown-ip-addr	cmd=get_functions: db=@hive#junit_specific_db pat=*	
2024-04-24T11:28:59,905  INFO [main] HiveMetaStore.audit: ugi=alex	ip=unknown-ip-addr	cmd=get_all_stored_procedures	
2024-04-24T11:28:59,906  INFO [main] HiveMetaStore.audit: ugi=alex	ip=unknown-ip-addr	cmd=get_all_packages	
2024-04-24T11:28:59,907  INFO [main] HiveMetaStore.audit: ugi=alex	ip=unknown-ip-addr	cmd=getTablesByTypeCore: catName=hive: db=junit_specific_db pat=.*,type=MATERIALIZED_VIEW	
2024-04-24T11:28:59,911  INFO [main] metastore.ObjectStore: Dropping database hive.junit_specific_db along with all tables
2024-04-24T11:28:59,917  INFO [main] txn.TxnHandler: Non-retryable error in cleanupRecords : Table/View 'TXN_COMPONENTS' does not exist. (SQLState=42X05, ErrorCode=20000)
2024-04-24T11:28:59,918  WARN [main] txn.TxnHandler: Cannot perform cleanup since metastore table does not exist
2024-04-24T11:28:59,919 ERROR [main] metastore.RetryingHMSHandler: Retrying HMSHandler after 2000 ms (attempt 2 of 10) with error: javax.jdo.JDODataStoreException: Exception thrown flushing changes to datastore
	at org.datanucleus.api.jdo.NucleusJDOHelper.getJDOExceptionForNucleusException(NucleusJDOHelper.java:542)
	at org.datanucleus.api.jdo.JDOTransaction.commit(JDOTransaction.java:162)
	at org.apache.hadoop.hive.metastore.ObjectStore.commitTransaction(ObjectStore.java:615)
	at sun.reflect.GeneratedMethodAccessor31.invoke(Unknown Source)
	at sun.reflect.DelegatingMethodAccessorImpl.invoke(DelegatingMethodAccessorImpl.java:43)
	at java.lang.reflect.Method.invoke(Method.java:498)
	at org.apache.hadoop.hive.metastore.RawStoreProxy.invoke(RawStoreProxy.java:97)
	at com.sun.proxy.$Proxy32.commitTransaction(Unknown Source)
	at org.apache.hadoop.hive.metastore.HMSHandler.drop_database_core(HMSHandler.java:1790)
	at org.apache.hadoop.hive.metastore.HMSHandler.drop_database(HMSHandler.java:1869)
	at sun.reflect.GeneratedMethodAccessor54.invoke(Unknown Source)
	at sun.reflect.DelegatingMethodAccessorImpl.invoke(DelegatingMethodAccessorImpl.java:43)
	at java.lang.reflect.Method.invoke(Method.java:498)
	at org.apache.hadoop.hive.metastore.RetryingHMSHandler.invokeInternal(RetryingHMSHandler.java:147)
	at org.apache.hadoop.hive.metastore.RetryingHMSHandler.invoke(RetryingHMSHandler.java:108)
	at com.sun.proxy.$Proxy35.drop_database(Unknown Source)
	at org.apache.hadoop.hive.metastore.HiveMetaStoreClient.dropDatabaseCascadePerDb(HiveMetaStoreClient.java:1601)
	at org.apache.hadoop.hive.metastore.HiveMetaStoreClient.dropDatabase(HiveMetaStoreClient.java:1532)
	at org.apache.hadoop.hive.metastore.HiveMetaStoreClient.dropDatabase(HiveMetaStoreClient.java:1485)
	at sun.reflect.NativeMethodAccessorImpl.invoke0(Native Method)
	at sun.reflect.NativeMethodAccessorImpl.invoke(NativeMethodAccessorImpl.java:62)
	at sun.reflect.DelegatingMethodAccessorImpl.invoke(DelegatingMethodAccessorImpl.java:43)
	at java.lang.reflect.Method.invoke(Method.java:498)
	at org.apache.hadoop.hive.metastore.RetryingMetaStoreClient.invoke(RetryingMetaStoreClient.java:218)
	at com.sun.proxy.$Proxy45.dropDatabase(Unknown Source)
	at org.apache.hadoop.hive.ql.metadata.Hive.dropDatabase(Hive.java:662)
	at org.apache.hadoop.hive.ql.ddl.database.drop.DropDatabaseOperation.execute(DropDatabaseOperation.java:52)
	at org.apache.hadoop.hive.ql.ddl.DDLTask.execute(DDLTask.java:84)
	at org.apache.hadoop.hive.ql.exec.Task.executeTask(Task.java:212)
	at org.apache.hadoop.hive.ql.exec.TaskRunner.runSequential(TaskRunner.java:105)
	at org.apache.hadoop.hive.ql.Executor.launchTask(Executor.java:361)
	at org.apache.hadoop.hive.ql.Executor.launchTasks(Executor.java:334)
	at org.apache.hadoop.hive.ql.Executor.runTasks(Executor.java:245)
	at org.apache.hadoop.hive.ql.Executor.execute(Executor.java:108)
	at org.apache.hadoop.hive.ql.Driver.execute(Driver.java:348)
	at org.apache.hadoop.hive.ql.Driver.runInternal(Driver.java:204)
	at org.apache.hadoop.hive.ql.Driver.run(Driver.java:153)
	at org.apache.hadoop.hive.ql.Driver.run(Driver.java:148)
	at org.apache.hadoop.hive.ql.reexec.ReExecDriver.run(ReExecDriver.java:164)
	at org.apache.hadoop.hive.ql.reexec.ReExecDriver.run(ReExecDriver.java:230)
	at org.apache.hive.hcatalog.pig.AbstractHCatLoaderTest.executeStatementOnDriver(AbstractHCatLoaderTest.java:151)
	at org.apache.hive.hcatalog.pig.AbstractHCatLoaderTest.tearDown(AbstractHCatLoaderTest.java:239)
	at sun.reflect.NativeMethodAccessorImpl.invoke0(Native Method)
	at sun.reflect.NativeMethodAccessorImpl.invoke(NativeMethodAccessorImpl.java:62)
	at sun.reflect.DelegatingMethodAccessorImpl.invoke(DelegatingMethodAccessorImpl.java:43)
	at java.lang.reflect.Method.invoke(Method.java:498)
	at org.junit.runners.model.FrameworkMethod$1.runReflectiveCall(FrameworkMethod.java:59)
	at org.junit.internal.runners.model.ReflectiveCallable.run(ReflectiveCallable.java:12)
	at org.junit.runners.model.FrameworkMethod.invokeExplosively(FrameworkMethod.java:56)
	at org.junit.internal.runners.statements.RunAfters.invokeMethod(RunAfters.java:46)
	at org.junit.internal.runners.statements.RunAfters.evaluate(RunAfters.java:33)
	at org.junit.runners.ParentRunner$3.evaluate(ParentRunner.java:306)
	at org.junit.runners.BlockJUnit4ClassRunner$1.evaluate(BlockJUnit4ClassRunner.java:100)
	at org.junit.runners.ParentRunner.runLeaf(ParentRunner.java:366)
	at org.junit.runners.BlockJUnit4ClassRunner.runChild(BlockJUnit4ClassRunner.java:103)
	at org.junit.runners.BlockJUnit4ClassRunner.runChild(BlockJUnit4ClassRunner.java:63)
	at org.junit.runners.ParentRunner$4.run(ParentRunner.java:331)
	at org.junit.runners.ParentRunner$1.schedule(ParentRunner.java:79)
	at org.junit.runners.ParentRunner.runChildren(ParentRunner.java:329)
	at org.junit.runners.ParentRunner.access$100(ParentRunner.java:66)
	at org.junit.runners.ParentRunner$2.evaluate(ParentRunner.java:293)
	at org.junit.internal.runners.statements.RunBefores.evaluate(RunBefores.java:26)
	at org.junit.runners.ParentRunner$3.evaluate(ParentRunner.java:306)
	at org.junit.runners.ParentRunner.run(ParentRunner.java:413)
	at org.junit.runners.Suite.runChild(Suite.java:128)
	at org.junit.runners.Suite.runChild(Suite.java:27)
	at org.junit.runners.ParentRunner$4.run(ParentRunner.java:331)
	at org.junit.runners.ParentRunner$1.schedule(ParentRunner.java:79)
	at org.junit.runners.ParentRunner.runChildren(ParentRunner.java:329)
	at org.junit.runners.ParentRunner.access$100(ParentRunner.java:66)
	at org.junit.runners.ParentRunner$2.evaluate(ParentRunner.java:293)
	at org.junit.runners.ParentRunner$3.evaluate(ParentRunner.java:306)
	at org.junit.runners.ParentRunner.run(ParentRunner.java:413)
	at org.apache.maven.surefire.junitcore.JUnitCore.run(JUnitCore.java:55)
	at org.apache.maven.surefire.junitcore.JUnitCoreWrapper.createRequestAndRun(JUnitCoreWrapper.java:137)
	at org.apache.maven.surefire.junitcore.JUnitCoreWrapper.executeEager(JUnitCoreWrapper.java:107)
	at org.apache.maven.surefire.junitcore.JUnitCoreWrapper.execute(JUnitCoreWrapper.java:83)
	at org.apache.maven.surefire.junitcore.JUnitCoreWrapper.execute(JUnitCoreWrapper.java:75)
	at org.apache.maven.surefire.junitcore.JUnitCoreProvider.invoke(JUnitCoreProvider.java:158)
	at org.apache.maven.surefire.booter.ForkedBooter.runSuitesInProcess(ForkedBooter.java:377)
	at org.apache.maven.surefire.booter.ForkedBooter.execute(ForkedBooter.java:138)
	at org.apache.maven.surefire.booter.ForkedBooter.run(ForkedBooter.java:465)
	at org.apache.maven.surefire.booter.ForkedBooter.main(ForkedBooter.java:451)
NestedThrowablesStackTrace:
java.sql.BatchUpdateException: DELETE on table 'DBS' caused a violation of foreign key constraint 'TBLS_FK1' for key (3).  The statement has been rolled back.
	at org.apache.derby.impl.jdbc.EmbedStatement.executeLargeBatch(Unknown Source)
	at org.apache.derby.impl.jdbc.EmbedStatement.executeBatch(Unknown Source)
	at com.zaxxer.hikari.pool.ProxyStatement.executeBatch(ProxyStatement.java:128)
	at com.zaxxer.hikari.pool.HikariProxyPreparedStatement.executeBatch(HikariProxyPreparedStatement.java)
	at org.datanucleus.store.rdbms.ParamLoggingPreparedStatement.executeBatch(ParamLoggingPreparedStatement.java:366)
	at org.datanucleus.store.rdbms.SQLController.processConnectionStatement(SQLController.java:675)
	at org.datanucleus.store.rdbms.SQLController.processStatementsForConnection(SQLController.java:643)
	at org.datanucleus.store.rdbms.SQLController$1.transactionFlushed(SQLController.java:729)
	at org.datanucleus.store.connection.AbstractManagedConnection.transactionFlushed(AbstractManagedConnection.java:95)
	at org.datanucleus.store.connection.ConnectionManagerImpl$2.transactionFlushed(ConnectionManagerImpl.java:528)
	at org.datanucleus.TransactionImpl.flush(TransactionImpl.java:222)
	at org.datanucleus.TransactionImpl.commit(TransactionImpl.java:286)
	at org.datanucleus.api.jdo.JDOTransaction.commit(JDOTransaction.java:99)
	at org.apache.hadoop.hive.metastore.ObjectStore.commitTransaction(ObjectStore.java:615)
	at sun.reflect.GeneratedMethodAccessor31.invoke(Unknown Source)
	at sun.reflect.DelegatingMethodAccessorImpl.invoke(DelegatingMethodAccessorImpl.java:43)
	at java.lang.reflect.Method.invoke(Method.java:498)
	at org.apache.hadoop.hive.metastore.RawStoreProxy.invoke(RawStoreProxy.java:97)
	at com.sun.proxy.$Proxy32.commitTransaction(Unknown Source)
	at org.apache.hadoop.hive.metastore.HMSHandler.drop_database_core(HMSHandler.java:1790)
	at org.apache.hadoop.hive.metastore.HMSHandler.drop_database(HMSHandler.java:1869)
	at sun.reflect.GeneratedMethodAccessor54.invoke(Unknown Source)
	at sun.reflect.DelegatingMethodAccessorImpl.invoke(DelegatingMethodAccessorImpl.java:43)
	at java.lang.reflect.Method.invoke(Method.java:498)
	at org.apache.hadoop.hive.metastore.RetryingHMSHandler.invokeInternal(RetryingHMSHandler.java:147)
	at org.apache.hadoop.hive.metastore.RetryingHMSHandler.invoke(RetryingHMSHandler.java:108)
	at com.sun.proxy.$Proxy35.drop_database(Unknown Source)
	at org.apache.hadoop.hive.metastore.HiveMetaStoreClient.dropDatabaseCascadePerDb(HiveMetaStoreClient.java:1601)
	at org.apache.hadoop.hive.metastore.HiveMetaStoreClient.dropDatabase(HiveMetaStoreClient.java:1532)
	at org.apache.hadoop.hive.metastore.HiveMetaStoreClient.dropDatabase(HiveMetaStoreClient.java:1485)
	at sun.reflect.NativeMethodAccessorImpl.invoke0(Native Method)
	at sun.reflect.NativeMethodAccessorImpl.invoke(NativeMethodAccessorImpl.java:62)
	at sun.reflect.DelegatingMethodAccessorImpl.invoke(DelegatingMethodAccessorImpl.java:43)
	at java.lang.reflect.Method.invoke(Method.java:498)
	at org.apache.hadoop.hive.metastore.RetryingMetaStoreClient.invoke(RetryingMetaStoreClient.java:218)
	at com.sun.proxy.$Proxy45.dropDatabase(Unknown Source)
	at org.apache.hadoop.hive.ql.metadata.Hive.dropDatabase(Hive.java:662)
	at org.apache.hadoop.hive.ql.ddl.database.drop.DropDatabaseOperation.execute(DropDatabaseOperation.java:52)
	at org.apache.hadoop.hive.ql.ddl.DDLTask.execute(DDLTask.java:84)
	at org.apache.hadoop.hive.ql.exec.Task.executeTask(Task.java:212)
	at org.apache.hadoop.hive.ql.exec.TaskRunner.runSequential(TaskRunner.java:105)
	at org.apache.hadoop.hive.ql.Executor.launchTask(Executor.java:361)
	at org.apache.hadoop.hive.ql.Executor.launchTasks(Executor.java:334)
	at org.apache.hadoop.hive.ql.Executor.runTasks(Executor.java:245)
	at org.apache.hadoop.hive.ql.Executor.execute(Executor.java:108)
	at org.apache.hadoop.hive.ql.Driver.execute(Driver.java:348)
	at org.apache.hadoop.hive.ql.Driver.runInternal(Driver.java:204)
	at org.apache.hadoop.hive.ql.Driver.run(Driver.java:153)
	at org.apache.hadoop.hive.ql.Driver.run(Driver.java:148)
	at org.apache.hadoop.hive.ql.reexec.ReExecDriver.run(ReExecDriver.java:164)
	at org.apache.hadoop.hive.ql.reexec.ReExecDriver.run(ReExecDriver.java:230)
	at org.apache.hive.hcatalog.pig.AbstractHCatLoaderTest.executeStatementOnDriver(AbstractHCatLoaderTest.java:151)
	at org.apache.hive.hcatalog.pig.AbstractHCatLoaderTest.tearDown(AbstractHCatLoaderTest.java:239)
	at sun.reflect.NativeMethodAccessorImpl.invoke0(Native Method)
	at sun.reflect.NativeMethodAccessorImpl.invoke(NativeMethodAccessorImpl.java:62)
	at sun.reflect.DelegatingMethodAccessorImpl.invoke(DelegatingMethodAccessorImpl.java:43)
	at java.lang.reflect.Method.invoke(Method.java:498)
	at org.junit.runners.model.FrameworkMethod$1.runReflectiveCall(FrameworkMethod.java:59)
	at org.junit.internal.runners.model.ReflectiveCallable.run(ReflectiveCallable.java:12)
	at org.junit.runners.model.FrameworkMethod.invokeExplosively(FrameworkMethod.java:56)
	at org.junit.internal.runners.statements.RunAfters.invokeMethod(RunAfters.java:46)
	at org.junit.internal.runners.statements.RunAfters.evaluate(RunAfters.java:33)
	at org.junit.runners.ParentRunner$3.evaluate(ParentRunner.java:306)
	at org.junit.runners.BlockJUnit4ClassRunner$1.evaluate(BlockJUnit4ClassRunner.java:100)
	at org.junit.runners.ParentRunner.runLeaf(ParentRunner.java:366)
	at org.junit.runners.BlockJUnit4ClassRunner.runChild(BlockJUnit4ClassRunner.java:103)
	at org.junit.runners.BlockJUnit4ClassRunner.runChild(BlockJUnit4ClassRunner.java:63)
	at org.junit.runners.ParentRunner$4.run(ParentRunner.java:331)
	at org.junit.runners.ParentRunner$1.schedule(ParentRunner.java:79)
	at org.junit.runners.ParentRunner.runChildren(ParentRunner.java:329)
	at org.junit.runners.ParentRunner.access$100(ParentRunner.java:66)
	at org.junit.runners.ParentRunner$2.evaluate(ParentRunner.java:293)
	at org.junit.internal.runners.statements.RunBefores.evaluate(RunBefores.java:26)
	at org.junit.runners.ParentRunner$3.evaluate(ParentRunner.java:306)
	at org.junit.runners.ParentRunner.run(ParentRunner.java:413)
	at org.junit.runners.Suite.runChild(Suite.java:128)
	at org.junit.runners.Suite.runChild(Suite.java:27)
	at org.junit.runners.ParentRunner$4.run(ParentRunner.java:331)
	at org.junit.runners.ParentRunner$1.schedule(ParentRunner.java:79)
	at org.junit.runners.ParentRunner.runChildren(ParentRunner.java:329)
	at org.junit.runners.ParentRunner.access$100(ParentRunner.java:66)
	at org.junit.runners.ParentRunner$2.evaluate(ParentRunner.java:293)
	at org.junit.runners.ParentRunner$3.evaluate(ParentRunner.java:306)
	at org.junit.runners.ParentRunner.run(ParentRunner.java:413)
	at org.apache.maven.surefire.junitcore.JUnitCore.run(JUnitCore.java:55)
	at org.apache.maven.surefire.junitcore.JUnitCoreWrapper.createRequestAndRun(JUnitCoreWrapper.java:137)
	at org.apache.maven.surefire.junitcore.JUnitCoreWrapper.executeEager(JUnitCoreWrapper.java:107)
	at org.apache.maven.surefire.junitcore.JUnitCoreWrapper.execute(JUnitCoreWrapper.java:83)
	at org.apache.maven.surefire.junitcore.JUnitCoreWrapper.execute(JUnitCoreWrapper.java:75)
	at org.apache.maven.surefire.junitcore.JUnitCoreProvider.invoke(JUnitCoreProvider.java:158)
	at org.apache.maven.surefire.booter.ForkedBooter.runSuitesInProcess(ForkedBooter.java:377)
	at org.apache.maven.surefire.booter.ForkedBooter.execute(ForkedBooter.java:138)
	at org.apache.maven.surefire.booter.ForkedBooter.run(ForkedBooter.java:465)
	at org.apache.maven.surefire.booter.ForkedBooter.main(ForkedBooter.java:451)
Caused by: org.apache.derby.shared.common.error.DerbySQLIntegrityConstraintViolationException: DELETE on table 'DBS' caused a violation of foreign key constraint 'TBLS_FK1' for key (3).  The statement has been rolled back.
	at org.apache.derby.impl.jdbc.SQLExceptionFactory.getSQLException(Unknown Source)
	at org.apache.derby.impl.jdbc.Util.generateCsSQLException(Unknown Source)
	at org.apache.derby.impl.jdbc.TransactionResourceImpl.wrapInSQLException(Unknown Source)
	at org.apache.derby.impl.jdbc.TransactionResourceImpl.handleException(Unknown Source)
	at org.apache.derby.impl.jdbc.EmbedConnection.handleException(Unknown Source)
	at org.apache.derby.impl.jdbc.ConnectionChild.handleException(Unknown Source)
	at org.apache.derby.impl.jdbc.EmbedStatement.executeStatement(Unknown Source)
	at org.apache.derby.impl.jdbc.EmbedPreparedStatement.executeBatchElement(Unknown Source)
	... 94 more
Caused by: ERROR 23503: DELETE on table 'DBS' caused a violation of foreign key constraint 'TBLS_FK1' for key (3).  The statement has been rolled back.
	at org.apache.derby.iapi.error.StandardException.newException(Unknown Source)
	at org.apache.derby.iapi.error.StandardException.newException(Unknown Source)
	at org.apache.derby.impl.sql.execute.ReferencedKeyRIChecker.doCheck(Unknown Source)
	at org.apache.derby.impl.sql.execute.RISetChecker.doPKCheck(Unknown Source)
	at org.apache.derby.impl.sql.execute.DeleteResultSet.collectAffectedRows(Unknown Source)
	at org.apache.derby.impl.sql.execute.DeleteResultSet.open(Unknown Source)
	at org.apache.derby.impl.sql.GenericPreparedStatement.executeStmt(Unknown Source)
	at org.apache.derby.impl.sql.GenericPreparedStatement.execute(Unknown Source)
	... 96 more

2024-04-24T11:29:01,357  INFO [Metastore Scheduled Worker 2] metastore.HMSHandler: 11: Opening raw store with implementation class:org.apache.hadoop.hive.metastore.ObjectStore
2024-04-24T11:29:01,359  INFO [Metastore Scheduled Worker 2] metastore.ObjectStore: RawStore: org.apache.hadoop.hive.metastore.ObjectStore@5a1176b7, with PersistenceManager: null will be shutdown
2024-04-24T11:29:01,359  INFO [Metastore Scheduled Worker 2] metastore.ObjectStore: RawStore: org.apache.hadoop.hive.metastore.ObjectStore@5a1176b7, with PersistenceManager: org.datanucleus.api.jdo.JDOPersistenceManager@7b0841ce created in the thread with id: 32
2024-04-24T11:29:01,362  INFO [Metastore Scheduled Worker 2] metastore.HMSHandler: Created RawStore: org.apache.hadoop.hive.metastore.ObjectStore@5a1176b7 from thread id: 32
2024-04-24T11:29:01,920  INFO [main] HiveMetaStore.audit: ugi=alex	ip=unknown-ip-addr	cmd=drop_database: @hive#junit_specific_db	
2024-04-24T11:29:01,925  INFO [main] HiveMetaStore.audit: ugi=alex	ip=unknown-ip-addr	cmd=get_all_tables: db=@hive#junit_specific_db	
2024-04-24T11:29:01,926  INFO [main] HiveMetaStore.audit: ugi=alex	ip=unknown-ip-addr	cmd=get_functions: db=@hive#junit_specific_db pat=*	
2024-04-24T11:29:01,928  INFO [main] HiveMetaStore.audit: ugi=alex	ip=unknown-ip-addr	cmd=get_all_stored_procedures	
2024-04-24T11:29:01,929  INFO [main] HiveMetaStore.audit: ugi=alex	ip=unknown-ip-addr	cmd=get_all_packages	
2024-04-24T11:29:01,930  INFO [main] HiveMetaStore.audit: ugi=alex	ip=unknown-ip-addr	cmd=getTablesByTypeCore: catName=hive: db=junit_specific_db pat=.*,type=MATERIALIZED_VIEW	
2024-04-24T11:29:01,934  INFO [main] metastore.ObjectStore: Dropping database hive.junit_specific_db along with all tables
2024-04-24T11:29:01,940  INFO [main] txn.TxnHandler: Non-retryable error in cleanupRecords : Table/View 'TXN_COMPONENTS' does not exist. (SQLState=42X05, ErrorCode=20000)
2024-04-24T11:29:01,940  WARN [main] txn.TxnHandler: Cannot perform cleanup since metastore table does not exist
2024-04-24T11:29:01,942 ERROR [main] metastore.RetryingHMSHandler: Retrying HMSHandler after 2000 ms (attempt 3 of 10) with error: javax.jdo.JDODataStoreException: Exception thrown flushing changes to datastore
	at org.datanucleus.api.jdo.NucleusJDOHelper.getJDOExceptionForNucleusException(NucleusJDOHelper.java:542)
	at org.datanucleus.api.jdo.JDOTransaction.commit(JDOTransaction.java:162)
	at org.apache.hadoop.hive.metastore.ObjectStore.commitTransaction(ObjectStore.java:615)
	at sun.reflect.GeneratedMethodAccessor31.invoke(Unknown Source)
	at sun.reflect.DelegatingMethodAccessorImpl.invoke(DelegatingMethodAccessorImpl.java:43)
	at java.lang.reflect.Method.invoke(Method.java:498)
	at org.apache.hadoop.hive.metastore.RawStoreProxy.invoke(RawStoreProxy.java:97)
	at com.sun.proxy.$Proxy32.commitTransaction(Unknown Source)
	at org.apache.hadoop.hive.metastore.HMSHandler.drop_database_core(HMSHandler.java:1790)
	at org.apache.hadoop.hive.metastore.HMSHandler.drop_database(HMSHandler.java:1869)
	at sun.reflect.GeneratedMethodAccessor54.invoke(Unknown Source)
	at sun.reflect.DelegatingMethodAccessorImpl.invoke(DelegatingMethodAccessorImpl.java:43)
	at java.lang.reflect.Method.invoke(Method.java:498)
	at org.apache.hadoop.hive.metastore.RetryingHMSHandler.invokeInternal(RetryingHMSHandler.java:147)
	at org.apache.hadoop.hive.metastore.RetryingHMSHandler.invoke(RetryingHMSHandler.java:108)
	at com.sun.proxy.$Proxy35.drop_database(Unknown Source)
	at org.apache.hadoop.hive.metastore.HiveMetaStoreClient.dropDatabaseCascadePerDb(HiveMetaStoreClient.java:1601)
	at org.apache.hadoop.hive.metastore.HiveMetaStoreClient.dropDatabase(HiveMetaStoreClient.java:1532)
	at org.apache.hadoop.hive.metastore.HiveMetaStoreClient.dropDatabase(HiveMetaStoreClient.java:1485)
	at sun.reflect.NativeMethodAccessorImpl.invoke0(Native Method)
	at sun.reflect.NativeMethodAccessorImpl.invoke(NativeMethodAccessorImpl.java:62)
	at sun.reflect.DelegatingMethodAccessorImpl.invoke(DelegatingMethodAccessorImpl.java:43)
	at java.lang.reflect.Method.invoke(Method.java:498)
	at org.apache.hadoop.hive.metastore.RetryingMetaStoreClient.invoke(RetryingMetaStoreClient.java:218)
	at com.sun.proxy.$Proxy45.dropDatabase(Unknown Source)
	at org.apache.hadoop.hive.ql.metadata.Hive.dropDatabase(Hive.java:662)
	at org.apache.hadoop.hive.ql.ddl.database.drop.DropDatabaseOperation.execute(DropDatabaseOperation.java:52)
	at org.apache.hadoop.hive.ql.ddl.DDLTask.execute(DDLTask.java:84)
	at org.apache.hadoop.hive.ql.exec.Task.executeTask(Task.java:212)
	at org.apache.hadoop.hive.ql.exec.TaskRunner.runSequential(TaskRunner.java:105)
	at org.apache.hadoop.hive.ql.Executor.launchTask(Executor.java:361)
	at org.apache.hadoop.hive.ql.Executor.launchTasks(Executor.java:334)
	at org.apache.hadoop.hive.ql.Executor.runTasks(Executor.java:245)
	at org.apache.hadoop.hive.ql.Executor.execute(Executor.java:108)
	at org.apache.hadoop.hive.ql.Driver.execute(Driver.java:348)
	at org.apache.hadoop.hive.ql.Driver.runInternal(Driver.java:204)
	at org.apache.hadoop.hive.ql.Driver.run(Driver.java:153)
	at org.apache.hadoop.hive.ql.Driver.run(Driver.java:148)
	at org.apache.hadoop.hive.ql.reexec.ReExecDriver.run(ReExecDriver.java:164)
	at org.apache.hadoop.hive.ql.reexec.ReExecDriver.run(ReExecDriver.java:230)
	at org.apache.hive.hcatalog.pig.AbstractHCatLoaderTest.executeStatementOnDriver(AbstractHCatLoaderTest.java:151)
	at org.apache.hive.hcatalog.pig.AbstractHCatLoaderTest.tearDown(AbstractHCatLoaderTest.java:239)
	at sun.reflect.NativeMethodAccessorImpl.invoke0(Native Method)
	at sun.reflect.NativeMethodAccessorImpl.invoke(NativeMethodAccessorImpl.java:62)
	at sun.reflect.DelegatingMethodAccessorImpl.invoke(DelegatingMethodAccessorImpl.java:43)
	at java.lang.reflect.Method.invoke(Method.java:498)
	at org.junit.runners.model.FrameworkMethod$1.runReflectiveCall(FrameworkMethod.java:59)
	at org.junit.internal.runners.model.ReflectiveCallable.run(ReflectiveCallable.java:12)
	at org.junit.runners.model.FrameworkMethod.invokeExplosively(FrameworkMethod.java:56)
	at org.junit.internal.runners.statements.RunAfters.invokeMethod(RunAfters.java:46)
	at org.junit.internal.runners.statements.RunAfters.evaluate(RunAfters.java:33)
	at org.junit.runners.ParentRunner$3.evaluate(ParentRunner.java:306)
	at org.junit.runners.BlockJUnit4ClassRunner$1.evaluate(BlockJUnit4ClassRunner.java:100)
	at org.junit.runners.ParentRunner.runLeaf(ParentRunner.java:366)
	at org.junit.runners.BlockJUnit4ClassRunner.runChild(BlockJUnit4ClassRunner.java:103)
	at org.junit.runners.BlockJUnit4ClassRunner.runChild(BlockJUnit4ClassRunner.java:63)
	at org.junit.runners.ParentRunner$4.run(ParentRunner.java:331)
	at org.junit.runners.ParentRunner$1.schedule(ParentRunner.java:79)
	at org.junit.runners.ParentRunner.runChildren(ParentRunner.java:329)
	at org.junit.runners.ParentRunner.access$100(ParentRunner.java:66)
	at org.junit.runners.ParentRunner$2.evaluate(ParentRunner.java:293)
	at org.junit.internal.runners.statements.RunBefores.evaluate(RunBefores.java:26)
	at org.junit.runners.ParentRunner$3.evaluate(ParentRunner.java:306)
	at org.junit.runners.ParentRunner.run(ParentRunner.java:413)
	at org.junit.runners.Suite.runChild(Suite.java:128)
	at org.junit.runners.Suite.runChild(Suite.java:27)
	at org.junit.runners.ParentRunner$4.run(ParentRunner.java:331)
	at org.junit.runners.ParentRunner$1.schedule(ParentRunner.java:79)
	at org.junit.runners.ParentRunner.runChildren(ParentRunner.java:329)
	at org.junit.runners.ParentRunner.access$100(ParentRunner.java:66)
	at org.junit.runners.ParentRunner$2.evaluate(ParentRunner.java:293)
	at org.junit.runners.ParentRunner$3.evaluate(ParentRunner.java:306)
	at org.junit.runners.ParentRunner.run(ParentRunner.java:413)
	at org.apache.maven.surefire.junitcore.JUnitCore.run(JUnitCore.java:55)
	at org.apache.maven.surefire.junitcore.JUnitCoreWrapper.createRequestAndRun(JUnitCoreWrapper.java:137)
	at org.apache.maven.surefire.junitcore.JUnitCoreWrapper.executeEager(JUnitCoreWrapper.java:107)
	at org.apache.maven.surefire.junitcore.JUnitCoreWrapper.execute(JUnitCoreWrapper.java:83)
	at org.apache.maven.surefire.junitcore.JUnitCoreWrapper.execute(JUnitCoreWrapper.java:75)
	at org.apache.maven.surefire.junitcore.JUnitCoreProvider.invoke(JUnitCoreProvider.java:158)
	at org.apache.maven.surefire.booter.ForkedBooter.runSuitesInProcess(ForkedBooter.java:377)
	at org.apache.maven.surefire.booter.ForkedBooter.execute(ForkedBooter.java:138)
	at org.apache.maven.surefire.booter.ForkedBooter.run(ForkedBooter.java:465)
	at org.apache.maven.surefire.booter.ForkedBooter.main(ForkedBooter.java:451)
NestedThrowablesStackTrace:
java.sql.BatchUpdateException: DELETE on table 'DBS' caused a violation of foreign key constraint 'TBLS_FK1' for key (3).  The statement has been rolled back.
	at org.apache.derby.impl.jdbc.EmbedStatement.executeLargeBatch(Unknown Source)
	at org.apache.derby.impl.jdbc.EmbedStatement.executeBatch(Unknown Source)
	at com.zaxxer.hikari.pool.ProxyStatement.executeBatch(ProxyStatement.java:128)
	at com.zaxxer.hikari.pool.HikariProxyPreparedStatement.executeBatch(HikariProxyPreparedStatement.java)
	at org.datanucleus.store.rdbms.ParamLoggingPreparedStatement.executeBatch(ParamLoggingPreparedStatement.java:366)
	at org.datanucleus.store.rdbms.SQLController.processConnectionStatement(SQLController.java:675)
	at org.datanucleus.store.rdbms.SQLController.processStatementsForConnection(SQLController.java:643)
	at org.datanucleus.store.rdbms.SQLController$1.transactionFlushed(SQLController.java:729)
	at org.datanucleus.store.connection.AbstractManagedConnection.transactionFlushed(AbstractManagedConnection.java:95)
	at org.datanucleus.store.connection.ConnectionManagerImpl$2.transactionFlushed(ConnectionManagerImpl.java:528)
	at org.datanucleus.TransactionImpl.flush(TransactionImpl.java:222)
	at org.datanucleus.TransactionImpl.commit(TransactionImpl.java:286)
	at org.datanucleus.api.jdo.JDOTransaction.commit(JDOTransaction.java:99)
	at org.apache.hadoop.hive.metastore.ObjectStore.commitTransaction(ObjectStore.java:615)
	at sun.reflect.GeneratedMethodAccessor31.invoke(Unknown Source)
	at sun.reflect.DelegatingMethodAccessorImpl.invoke(DelegatingMethodAccessorImpl.java:43)
	at java.lang.reflect.Method.invoke(Method.java:498)
	at org.apache.hadoop.hive.metastore.RawStoreProxy.invoke(RawStoreProxy.java:97)
	at com.sun.proxy.$Proxy32.commitTransaction(Unknown Source)
	at org.apache.hadoop.hive.metastore.HMSHandler.drop_database_core(HMSHandler.java:1790)
	at org.apache.hadoop.hive.metastore.HMSHandler.drop_database(HMSHandler.java:1869)
	at sun.reflect.GeneratedMethodAccessor54.invoke(Unknown Source)
	at sun.reflect.DelegatingMethodAccessorImpl.invoke(DelegatingMethodAccessorImpl.java:43)
	at java.lang.reflect.Method.invoke(Method.java:498)
	at org.apache.hadoop.hive.metastore.RetryingHMSHandler.invokeInternal(RetryingHMSHandler.java:147)
	at org.apache.hadoop.hive.metastore.RetryingHMSHandler.invoke(RetryingHMSHandler.java:108)
	at com.sun.proxy.$Proxy35.drop_database(Unknown Source)
	at org.apache.hadoop.hive.metastore.HiveMetaStoreClient.dropDatabaseCascadePerDb(HiveMetaStoreClient.java:1601)
	at org.apache.hadoop.hive.metastore.HiveMetaStoreClient.dropDatabase(HiveMetaStoreClient.java:1532)
	at org.apache.hadoop.hive.metastore.HiveMetaStoreClient.dropDatabase(HiveMetaStoreClient.java:1485)
	at sun.reflect.NativeMethodAccessorImpl.invoke0(Native Method)
	at sun.reflect.NativeMethodAccessorImpl.invoke(NativeMethodAccessorImpl.java:62)
	at sun.reflect.DelegatingMethodAccessorImpl.invoke(DelegatingMethodAccessorImpl.java:43)
	at java.lang.reflect.Method.invoke(Method.java:498)
	at org.apache.hadoop.hive.metastore.RetryingMetaStoreClient.invoke(RetryingMetaStoreClient.java:218)
	at com.sun.proxy.$Proxy45.dropDatabase(Unknown Source)
	at org.apache.hadoop.hive.ql.metadata.Hive.dropDatabase(Hive.java:662)
	at org.apache.hadoop.hive.ql.ddl.database.drop.DropDatabaseOperation.execute(DropDatabaseOperation.java:52)
	at org.apache.hadoop.hive.ql.ddl.DDLTask.execute(DDLTask.java:84)
	at org.apache.hadoop.hive.ql.exec.Task.executeTask(Task.java:212)
	at org.apache.hadoop.hive.ql.exec.TaskRunner.runSequential(TaskRunner.java:105)
	at org.apache.hadoop.hive.ql.Executor.launchTask(Executor.java:361)
	at org.apache.hadoop.hive.ql.Executor.launchTasks(Executor.java:334)
	at org.apache.hadoop.hive.ql.Executor.runTasks(Executor.java:245)
	at org.apache.hadoop.hive.ql.Executor.execute(Executor.java:108)
	at org.apache.hadoop.hive.ql.Driver.execute(Driver.java:348)
	at org.apache.hadoop.hive.ql.Driver.runInternal(Driver.java:204)
	at org.apache.hadoop.hive.ql.Driver.run(Driver.java:153)
	at org.apache.hadoop.hive.ql.Driver.run(Driver.java:148)
	at org.apache.hadoop.hive.ql.reexec.ReExecDriver.run(ReExecDriver.java:164)
	at org.apache.hadoop.hive.ql.reexec.ReExecDriver.run(ReExecDriver.java:230)
	at org.apache.hive.hcatalog.pig.AbstractHCatLoaderTest.executeStatementOnDriver(AbstractHCatLoaderTest.java:151)
	at org.apache.hive.hcatalog.pig.AbstractHCatLoaderTest.tearDown(AbstractHCatLoaderTest.java:239)
	at sun.reflect.NativeMethodAccessorImpl.invoke0(Native Method)
	at sun.reflect.NativeMethodAccessorImpl.invoke(NativeMethodAccessorImpl.java:62)
	at sun.reflect.DelegatingMethodAccessorImpl.invoke(DelegatingMethodAccessorImpl.java:43)
	at java.lang.reflect.Method.invoke(Method.java:498)
	at org.junit.runners.model.FrameworkMethod$1.runReflectiveCall(FrameworkMethod.java:59)
	at org.junit.internal.runners.model.ReflectiveCallable.run(ReflectiveCallable.java:12)
	at org.junit.runners.model.FrameworkMethod.invokeExplosively(FrameworkMethod.java:56)
	at org.junit.internal.runners.statements.RunAfters.invokeMethod(RunAfters.java:46)
	at org.junit.internal.runners.statements.RunAfters.evaluate(RunAfters.java:33)
	at org.junit.runners.ParentRunner$3.evaluate(ParentRunner.java:306)
	at org.junit.runners.BlockJUnit4ClassRunner$1.evaluate(BlockJUnit4ClassRunner.java:100)
	at org.junit.runners.ParentRunner.runLeaf(ParentRunner.java:366)
	at org.junit.runners.BlockJUnit4ClassRunner.runChild(BlockJUnit4ClassRunner.java:103)
	at org.junit.runners.BlockJUnit4ClassRunner.runChild(BlockJUnit4ClassRunner.java:63)
	at org.junit.runners.ParentRunner$4.run(ParentRunner.java:331)
	at org.junit.runners.ParentRunner$1.schedule(ParentRunner.java:79)
	at org.junit.runners.ParentRunner.runChildren(ParentRunner.java:329)
	at org.junit.runners.ParentRunner.access$100(ParentRunner.java:66)
	at org.junit.runners.ParentRunner$2.evaluate(ParentRunner.java:293)
	at org.junit.internal.runners.statements.RunBefores.evaluate(RunBefores.java:26)
	at org.junit.runners.ParentRunner$3.evaluate(ParentRunner.java:306)
	at org.junit.runners.ParentRunner.run(ParentRunner.java:413)
	at org.junit.runners.Suite.runChild(Suite.java:128)
	at org.junit.runners.Suite.runChild(Suite.java:27)
	at org.junit.runners.ParentRunner$4.run(ParentRunner.java:331)
	at org.junit.runners.ParentRunner$1.schedule(ParentRunner.java:79)
	at org.junit.runners.ParentRunner.runChildren(ParentRunner.java:329)
	at org.junit.runners.ParentRunner.access$100(ParentRunner.java:66)
	at org.junit.runners.ParentRunner$2.evaluate(ParentRunner.java:293)
	at org.junit.runners.ParentRunner$3.evaluate(ParentRunner.java:306)
	at org.junit.runners.ParentRunner.run(ParentRunner.java:413)
	at org.apache.maven.surefire.junitcore.JUnitCore.run(JUnitCore.java:55)
	at org.apache.maven.surefire.junitcore.JUnitCoreWrapper.createRequestAndRun(JUnitCoreWrapper.java:137)
	at org.apache.maven.surefire.junitcore.JUnitCoreWrapper.executeEager(JUnitCoreWrapper.java:107)
	at org.apache.maven.surefire.junitcore.JUnitCoreWrapper.execute(JUnitCoreWrapper.java:83)
	at org.apache.maven.surefire.junitcore.JUnitCoreWrapper.execute(JUnitCoreWrapper.java:75)
	at org.apache.maven.surefire.junitcore.JUnitCoreProvider.invoke(JUnitCoreProvider.java:158)
	at org.apache.maven.surefire.booter.ForkedBooter.runSuitesInProcess(ForkedBooter.java:377)
	at org.apache.maven.surefire.booter.ForkedBooter.execute(ForkedBooter.java:138)
	at org.apache.maven.surefire.booter.ForkedBooter.run(ForkedBooter.java:465)
	at org.apache.maven.surefire.booter.ForkedBooter.main(ForkedBooter.java:451)
Caused by: org.apache.derby.shared.common.error.DerbySQLIntegrityConstraintViolationException: DELETE on table 'DBS' caused a violation of foreign key constraint 'TBLS_FK1' for key (3).  The statement has been rolled back.
	at org.apache.derby.impl.jdbc.SQLExceptionFactory.getSQLException(Unknown Source)
	at org.apache.derby.impl.jdbc.Util.generateCsSQLException(Unknown Source)
	at org.apache.derby.impl.jdbc.TransactionResourceImpl.wrapInSQLException(Unknown Source)
	at org.apache.derby.impl.jdbc.TransactionResourceImpl.handleException(Unknown Source)
	at org.apache.derby.impl.jdbc.EmbedConnection.handleException(Unknown Source)
	at org.apache.derby.impl.jdbc.ConnectionChild.handleException(Unknown Source)
	at org.apache.derby.impl.jdbc.EmbedStatement.executeStatement(Unknown Source)
	at org.apache.derby.impl.jdbc.EmbedPreparedStatement.executeBatchElement(Unknown Source)
	... 94 more
Caused by: ERROR 23503: DELETE on table 'DBS' caused a violation of foreign key constraint 'TBLS_FK1' for key (3).  The statement has been rolled back.
	at org.apache.derby.iapi.error.StandardException.newException(Unknown Source)
	at org.apache.derby.iapi.error.StandardException.newException(Unknown Source)
	at org.apache.derby.impl.sql.execute.ReferencedKeyRIChecker.doCheck(Unknown Source)
	at org.apache.derby.impl.sql.execute.RISetChecker.doPKCheck(Unknown Source)
	at org.apache.derby.impl.sql.execute.DeleteResultSet.collectAffectedRows(Unknown Source)
	at org.apache.derby.impl.sql.execute.DeleteResultSet.open(Unknown Source)
	at org.apache.derby.impl.sql.GenericPreparedStatement.executeStmt(Unknown Source)
	at org.apache.derby.impl.sql.GenericPreparedStatement.execute(Unknown Source)
	... 96 more

2024-04-24T11:29:03,943  INFO [main] HiveMetaStore.audit: ugi=alex	ip=unknown-ip-addr	cmd=drop_database: @hive#junit_specific_db	
2024-04-24T11:29:03,948  INFO [main] HiveMetaStore.audit: ugi=alex	ip=unknown-ip-addr	cmd=get_all_tables: db=@hive#junit_specific_db	
2024-04-24T11:29:03,949  INFO [main] HiveMetaStore.audit: ugi=alex	ip=unknown-ip-addr	cmd=get_functions: db=@hive#junit_specific_db pat=*	
2024-04-24T11:29:03,951  INFO [main] HiveMetaStore.audit: ugi=alex	ip=unknown-ip-addr	cmd=get_all_stored_procedures	
2024-04-24T11:29:03,952  INFO [main] HiveMetaStore.audit: ugi=alex	ip=unknown-ip-addr	cmd=get_all_packages	
2024-04-24T11:29:03,953  INFO [main] HiveMetaStore.audit: ugi=alex	ip=unknown-ip-addr	cmd=getTablesByTypeCore: catName=hive: db=junit_specific_db pat=.*,type=MATERIALIZED_VIEW	
2024-04-24T11:29:03,957  INFO [main] metastore.ObjectStore: Dropping database hive.junit_specific_db along with all tables
2024-04-24T11:29:03,964  INFO [main] txn.TxnHandler: Non-retryable error in cleanupRecords : Table/View 'TXN_COMPONENTS' does not exist. (SQLState=42X05, ErrorCode=20000)
2024-04-24T11:29:03,964  WARN [main] txn.TxnHandler: Cannot perform cleanup since metastore table does not exist
2024-04-24T11:29:03,966 ERROR [main] metastore.RetryingHMSHandler: Retrying HMSHandler after 2000 ms (attempt 4 of 10) with error: javax.jdo.JDODataStoreException: Exception thrown flushing changes to datastore
	at org.datanucleus.api.jdo.NucleusJDOHelper.getJDOExceptionForNucleusException(NucleusJDOHelper.java:542)
	at org.datanucleus.api.jdo.JDOTransaction.commit(JDOTransaction.java:162)
	at org.apache.hadoop.hive.metastore.ObjectStore.commitTransaction(ObjectStore.java:615)
	at sun.reflect.GeneratedMethodAccessor31.invoke(Unknown Source)
	at sun.reflect.DelegatingMethodAccessorImpl.invoke(DelegatingMethodAccessorImpl.java:43)
	at java.lang.reflect.Method.invoke(Method.java:498)
	at org.apache.hadoop.hive.metastore.RawStoreProxy.invoke(RawStoreProxy.java:97)
	at com.sun.proxy.$Proxy32.commitTransaction(Unknown Source)
	at org.apache.hadoop.hive.metastore.HMSHandler.drop_database_core(HMSHandler.java:1790)
	at org.apache.hadoop.hive.metastore.HMSHandler.drop_database(HMSHandler.java:1869)
	at sun.reflect.GeneratedMethodAccessor54.invoke(Unknown Source)
	at sun.reflect.DelegatingMethodAccessorImpl.invoke(DelegatingMethodAccessorImpl.java:43)
	at java.lang.reflect.Method.invoke(Method.java:498)
	at org.apache.hadoop.hive.metastore.RetryingHMSHandler.invokeInternal(RetryingHMSHandler.java:147)
	at org.apache.hadoop.hive.metastore.RetryingHMSHandler.invoke(RetryingHMSHandler.java:108)
	at com.sun.proxy.$Proxy35.drop_database(Unknown Source)
	at org.apache.hadoop.hive.metastore.HiveMetaStoreClient.dropDatabaseCascadePerDb(HiveMetaStoreClient.java:1601)
	at org.apache.hadoop.hive.metastore.HiveMetaStoreClient.dropDatabase(HiveMetaStoreClient.java:1532)
	at org.apache.hadoop.hive.metastore.HiveMetaStoreClient.dropDatabase(HiveMetaStoreClient.java:1485)
	at sun.reflect.NativeMethodAccessorImpl.invoke0(Native Method)
	at sun.reflect.NativeMethodAccessorImpl.invoke(NativeMethodAccessorImpl.java:62)
	at sun.reflect.DelegatingMethodAccessorImpl.invoke(DelegatingMethodAccessorImpl.java:43)
	at java.lang.reflect.Method.invoke(Method.java:498)
	at org.apache.hadoop.hive.metastore.RetryingMetaStoreClient.invoke(RetryingMetaStoreClient.java:218)
	at com.sun.proxy.$Proxy45.dropDatabase(Unknown Source)
	at org.apache.hadoop.hive.ql.metadata.Hive.dropDatabase(Hive.java:662)
	at org.apache.hadoop.hive.ql.ddl.database.drop.DropDatabaseOperation.execute(DropDatabaseOperation.java:52)
	at org.apache.hadoop.hive.ql.ddl.DDLTask.execute(DDLTask.java:84)
	at org.apache.hadoop.hive.ql.exec.Task.executeTask(Task.java:212)
	at org.apache.hadoop.hive.ql.exec.TaskRunner.runSequential(TaskRunner.java:105)
	at org.apache.hadoop.hive.ql.Executor.launchTask(Executor.java:361)
	at org.apache.hadoop.hive.ql.Executor.launchTasks(Executor.java:334)
	at org.apache.hadoop.hive.ql.Executor.runTasks(Executor.java:245)
	at org.apache.hadoop.hive.ql.Executor.execute(Executor.java:108)
	at org.apache.hadoop.hive.ql.Driver.execute(Driver.java:348)
	at org.apache.hadoop.hive.ql.Driver.runInternal(Driver.java:204)
	at org.apache.hadoop.hive.ql.Driver.run(Driver.java:153)
	at org.apache.hadoop.hive.ql.Driver.run(Driver.java:148)
	at org.apache.hadoop.hive.ql.reexec.ReExecDriver.run(ReExecDriver.java:164)
	at org.apache.hadoop.hive.ql.reexec.ReExecDriver.run(ReExecDriver.java:230)
	at org.apache.hive.hcatalog.pig.AbstractHCatLoaderTest.executeStatementOnDriver(AbstractHCatLoaderTest.java:151)
	at org.apache.hive.hcatalog.pig.AbstractHCatLoaderTest.tearDown(AbstractHCatLoaderTest.java:239)
	at sun.reflect.NativeMethodAccessorImpl.invoke0(Native Method)
	at sun.reflect.NativeMethodAccessorImpl.invoke(NativeMethodAccessorImpl.java:62)
	at sun.reflect.DelegatingMethodAccessorImpl.invoke(DelegatingMethodAccessorImpl.java:43)
	at java.lang.reflect.Method.invoke(Method.java:498)
	at org.junit.runners.model.FrameworkMethod$1.runReflectiveCall(FrameworkMethod.java:59)
	at org.junit.internal.runners.model.ReflectiveCallable.run(ReflectiveCallable.java:12)
	at org.junit.runners.model.FrameworkMethod.invokeExplosively(FrameworkMethod.java:56)
	at org.junit.internal.runners.statements.RunAfters.invokeMethod(RunAfters.java:46)
	at org.junit.internal.runners.statements.RunAfters.evaluate(RunAfters.java:33)
	at org.junit.runners.ParentRunner$3.evaluate(ParentRunner.java:306)
	at org.junit.runners.BlockJUnit4ClassRunner$1.evaluate(BlockJUnit4ClassRunner.java:100)
	at org.junit.runners.ParentRunner.runLeaf(ParentRunner.java:366)
	at org.junit.runners.BlockJUnit4ClassRunner.runChild(BlockJUnit4ClassRunner.java:103)
	at org.junit.runners.BlockJUnit4ClassRunner.runChild(BlockJUnit4ClassRunner.java:63)
	at org.junit.runners.ParentRunner$4.run(ParentRunner.java:331)
	at org.junit.runners.ParentRunner$1.schedule(ParentRunner.java:79)
	at org.junit.runners.ParentRunner.runChildren(ParentRunner.java:329)
	at org.junit.runners.ParentRunner.access$100(ParentRunner.java:66)
	at org.junit.runners.ParentRunner$2.evaluate(ParentRunner.java:293)
	at org.junit.internal.runners.statements.RunBefores.evaluate(RunBefores.java:26)
	at org.junit.runners.ParentRunner$3.evaluate(ParentRunner.java:306)
	at org.junit.runners.ParentRunner.run(ParentRunner.java:413)
	at org.junit.runners.Suite.runChild(Suite.java:128)
	at org.junit.runners.Suite.runChild(Suite.java:27)
	at org.junit.runners.ParentRunner$4.run(ParentRunner.java:331)
	at org.junit.runners.ParentRunner$1.schedule(ParentRunner.java:79)
	at org.junit.runners.ParentRunner.runChildren(ParentRunner.java:329)
	at org.junit.runners.ParentRunner.access$100(ParentRunner.java:66)
	at org.junit.runners.ParentRunner$2.evaluate(ParentRunner.java:293)
	at org.junit.runners.ParentRunner$3.evaluate(ParentRunner.java:306)
	at org.junit.runners.ParentRunner.run(ParentRunner.java:413)
	at org.apache.maven.surefire.junitcore.JUnitCore.run(JUnitCore.java:55)
	at org.apache.maven.surefire.junitcore.JUnitCoreWrapper.createRequestAndRun(JUnitCoreWrapper.java:137)
	at org.apache.maven.surefire.junitcore.JUnitCoreWrapper.executeEager(JUnitCoreWrapper.java:107)
	at org.apache.maven.surefire.junitcore.JUnitCoreWrapper.execute(JUnitCoreWrapper.java:83)
	at org.apache.maven.surefire.junitcore.JUnitCoreWrapper.execute(JUnitCoreWrapper.java:75)
	at org.apache.maven.surefire.junitcore.JUnitCoreProvider.invoke(JUnitCoreProvider.java:158)
	at org.apache.maven.surefire.booter.ForkedBooter.runSuitesInProcess(ForkedBooter.java:377)
	at org.apache.maven.surefire.booter.ForkedBooter.execute(ForkedBooter.java:138)
	at org.apache.maven.surefire.booter.ForkedBooter.run(ForkedBooter.java:465)
	at org.apache.maven.surefire.booter.ForkedBooter.main(ForkedBooter.java:451)
NestedThrowablesStackTrace:
java.sql.BatchUpdateException: DELETE on table 'DBS' caused a violation of foreign key constraint 'TBLS_FK1' for key (3).  The statement has been rolled back.
	at org.apache.derby.impl.jdbc.EmbedStatement.executeLargeBatch(Unknown Source)
	at org.apache.derby.impl.jdbc.EmbedStatement.executeBatch(Unknown Source)
	at com.zaxxer.hikari.pool.ProxyStatement.executeBatch(ProxyStatement.java:128)
	at com.zaxxer.hikari.pool.HikariProxyPreparedStatement.executeBatch(HikariProxyPreparedStatement.java)
	at org.datanucleus.store.rdbms.ParamLoggingPreparedStatement.executeBatch(ParamLoggingPreparedStatement.java:366)
	at org.datanucleus.store.rdbms.SQLController.processConnectionStatement(SQLController.java:675)
	at org.datanucleus.store.rdbms.SQLController.processStatementsForConnection(SQLController.java:643)
	at org.datanucleus.store.rdbms.SQLController$1.transactionFlushed(SQLController.java:729)
	at org.datanucleus.store.connection.AbstractManagedConnection.transactionFlushed(AbstractManagedConnection.java:95)
	at org.datanucleus.store.connection.ConnectionManagerImpl$2.transactionFlushed(ConnectionManagerImpl.java:528)
	at org.datanucleus.TransactionImpl.flush(TransactionImpl.java:222)
	at org.datanucleus.TransactionImpl.commit(TransactionImpl.java:286)
	at org.datanucleus.api.jdo.JDOTransaction.commit(JDOTransaction.java:99)
	at org.apache.hadoop.hive.metastore.ObjectStore.commitTransaction(ObjectStore.java:615)
	at sun.reflect.GeneratedMethodAccessor31.invoke(Unknown Source)
	at sun.reflect.DelegatingMethodAccessorImpl.invoke(DelegatingMethodAccessorImpl.java:43)
	at java.lang.reflect.Method.invoke(Method.java:498)
	at org.apache.hadoop.hive.metastore.RawStoreProxy.invoke(RawStoreProxy.java:97)
	at com.sun.proxy.$Proxy32.commitTransaction(Unknown Source)
	at org.apache.hadoop.hive.metastore.HMSHandler.drop_database_core(HMSHandler.java:1790)
	at org.apache.hadoop.hive.metastore.HMSHandler.drop_database(HMSHandler.java:1869)
	at sun.reflect.GeneratedMethodAccessor54.invoke(Unknown Source)
	at sun.reflect.DelegatingMethodAccessorImpl.invoke(DelegatingMethodAccessorImpl.java:43)
	at java.lang.reflect.Method.invoke(Method.java:498)
	at org.apache.hadoop.hive.metastore.RetryingHMSHandler.invokeInternal(RetryingHMSHandler.java:147)
	at org.apache.hadoop.hive.metastore.RetryingHMSHandler.invoke(RetryingHMSHandler.java:108)
	at com.sun.proxy.$Proxy35.drop_database(Unknown Source)
	at org.apache.hadoop.hive.metastore.HiveMetaStoreClient.dropDatabaseCascadePerDb(HiveMetaStoreClient.java:1601)
	at org.apache.hadoop.hive.metastore.HiveMetaStoreClient.dropDatabase(HiveMetaStoreClient.java:1532)
	at org.apache.hadoop.hive.metastore.HiveMetaStoreClient.dropDatabase(HiveMetaStoreClient.java:1485)
	at sun.reflect.NativeMethodAccessorImpl.invoke0(Native Method)
	at sun.reflect.NativeMethodAccessorImpl.invoke(NativeMethodAccessorImpl.java:62)
	at sun.reflect.DelegatingMethodAccessorImpl.invoke(DelegatingMethodAccessorImpl.java:43)
	at java.lang.reflect.Method.invoke(Method.java:498)
	at org.apache.hadoop.hive.metastore.RetryingMetaStoreClient.invoke(RetryingMetaStoreClient.java:218)
	at com.sun.proxy.$Proxy45.dropDatabase(Unknown Source)
	at org.apache.hadoop.hive.ql.metadata.Hive.dropDatabase(Hive.java:662)
	at org.apache.hadoop.hive.ql.ddl.database.drop.DropDatabaseOperation.execute(DropDatabaseOperation.java:52)
	at org.apache.hadoop.hive.ql.ddl.DDLTask.execute(DDLTask.java:84)
	at org.apache.hadoop.hive.ql.exec.Task.executeTask(Task.java:212)
	at org.apache.hadoop.hive.ql.exec.TaskRunner.runSequential(TaskRunner.java:105)
	at org.apache.hadoop.hive.ql.Executor.launchTask(Executor.java:361)
	at org.apache.hadoop.hive.ql.Executor.launchTasks(Executor.java:334)
	at org.apache.hadoop.hive.ql.Executor.runTasks(Executor.java:245)
	at org.apache.hadoop.hive.ql.Executor.execute(Executor.java:108)
	at org.apache.hadoop.hive.ql.Driver.execute(Driver.java:348)
	at org.apache.hadoop.hive.ql.Driver.runInternal(Driver.java:204)
	at org.apache.hadoop.hive.ql.Driver.run(Driver.java:153)
	at org.apache.hadoop.hive.ql.Driver.run(Driver.java:148)
	at org.apache.hadoop.hive.ql.reexec.ReExecDriver.run(ReExecDriver.java:164)
	at org.apache.hadoop.hive.ql.reexec.ReExecDriver.run(ReExecDriver.java:230)
	at org.apache.hive.hcatalog.pig.AbstractHCatLoaderTest.executeStatementOnDriver(AbstractHCatLoaderTest.java:151)
	at org.apache.hive.hcatalog.pig.AbstractHCatLoaderTest.tearDown(AbstractHCatLoaderTest.java:239)
	at sun.reflect.NativeMethodAccessorImpl.invoke0(Native Method)
	at sun.reflect.NativeMethodAccessorImpl.invoke(NativeMethodAccessorImpl.java:62)
	at sun.reflect.DelegatingMethodAccessorImpl.invoke(DelegatingMethodAccessorImpl.java:43)
	at java.lang.reflect.Method.invoke(Method.java:498)
	at org.junit.runners.model.FrameworkMethod$1.runReflectiveCall(FrameworkMethod.java:59)
	at org.junit.internal.runners.model.ReflectiveCallable.run(ReflectiveCallable.java:12)
	at org.junit.runners.model.FrameworkMethod.invokeExplosively(FrameworkMethod.java:56)
	at org.junit.internal.runners.statements.RunAfters.invokeMethod(RunAfters.java:46)
	at org.junit.internal.runners.statements.RunAfters.evaluate(RunAfters.java:33)
	at org.junit.runners.ParentRunner$3.evaluate(ParentRunner.java:306)
	at org.junit.runners.BlockJUnit4ClassRunner$1.evaluate(BlockJUnit4ClassRunner.java:100)
	at org.junit.runners.ParentRunner.runLeaf(ParentRunner.java:366)
	at org.junit.runners.BlockJUnit4ClassRunner.runChild(BlockJUnit4ClassRunner.java:103)
	at org.junit.runners.BlockJUnit4ClassRunner.runChild(BlockJUnit4ClassRunner.java:63)
	at org.junit.runners.ParentRunner$4.run(ParentRunner.java:331)
	at org.junit.runners.ParentRunner$1.schedule(ParentRunner.java:79)
	at org.junit.runners.ParentRunner.runChildren(ParentRunner.java:329)
	at org.junit.runners.ParentRunner.access$100(ParentRunner.java:66)
	at org.junit.runners.ParentRunner$2.evaluate(ParentRunner.java:293)
	at org.junit.internal.runners.statements.RunBefores.evaluate(RunBefores.java:26)
	at org.junit.runners.ParentRunner$3.evaluate(ParentRunner.java:306)
	at org.junit.runners.ParentRunner.run(ParentRunner.java:413)
	at org.junit.runners.Suite.runChild(Suite.java:128)
	at org.junit.runners.Suite.runChild(Suite.java:27)
	at org.junit.runners.ParentRunner$4.run(ParentRunner.java:331)
	at org.junit.runners.ParentRunner$1.schedule(ParentRunner.java:79)
	at org.junit.runners.ParentRunner.runChildren(ParentRunner.java:329)
	at org.junit.runners.ParentRunner.access$100(ParentRunner.java:66)
	at org.junit.runners.ParentRunner$2.evaluate(ParentRunner.java:293)
	at org.junit.runners.ParentRunner$3.evaluate(ParentRunner.java:306)
	at org.junit.runners.ParentRunner.run(ParentRunner.java:413)
	at org.apache.maven.surefire.junitcore.JUnitCore.run(JUnitCore.java:55)
	at org.apache.maven.surefire.junitcore.JUnitCoreWrapper.createRequestAndRun(JUnitCoreWrapper.java:137)
	at org.apache.maven.surefire.junitcore.JUnitCoreWrapper.executeEager(JUnitCoreWrapper.java:107)
	at org.apache.maven.surefire.junitcore.JUnitCoreWrapper.execute(JUnitCoreWrapper.java:83)
	at org.apache.maven.surefire.junitcore.JUnitCoreWrapper.execute(JUnitCoreWrapper.java:75)
	at org.apache.maven.surefire.junitcore.JUnitCoreProvider.invoke(JUnitCoreProvider.java:158)
	at org.apache.maven.surefire.booter.ForkedBooter.runSuitesInProcess(ForkedBooter.java:377)
	at org.apache.maven.surefire.booter.ForkedBooter.execute(ForkedBooter.java:138)
	at org.apache.maven.surefire.booter.ForkedBooter.run(ForkedBooter.java:465)
	at org.apache.maven.surefire.booter.ForkedBooter.main(ForkedBooter.java:451)
Caused by: org.apache.derby.shared.common.error.DerbySQLIntegrityConstraintViolationException: DELETE on table 'DBS' caused a violation of foreign key constraint 'TBLS_FK1' for key (3).  The statement has been rolled back.
	at org.apache.derby.impl.jdbc.SQLExceptionFactory.getSQLException(Unknown Source)
	at org.apache.derby.impl.jdbc.Util.generateCsSQLException(Unknown Source)
	at org.apache.derby.impl.jdbc.TransactionResourceImpl.wrapInSQLException(Unknown Source)
	at org.apache.derby.impl.jdbc.TransactionResourceImpl.handleException(Unknown Source)
	at org.apache.derby.impl.jdbc.EmbedConnection.handleException(Unknown Source)
	at org.apache.derby.impl.jdbc.ConnectionChild.handleException(Unknown Source)
	at org.apache.derby.impl.jdbc.EmbedStatement.executeStatement(Unknown Source)
	at org.apache.derby.impl.jdbc.EmbedPreparedStatement.executeBatchElement(Unknown Source)
	... 94 more
Caused by: ERROR 23503: DELETE on table 'DBS' caused a violation of foreign key constraint 'TBLS_FK1' for key (3).  The statement has been rolled back.
	at org.apache.derby.iapi.error.StandardException.newException(Unknown Source)
	at org.apache.derby.iapi.error.StandardException.newException(Unknown Source)
	at org.apache.derby.impl.sql.execute.ReferencedKeyRIChecker.doCheck(Unknown Source)
	at org.apache.derby.impl.sql.execute.RISetChecker.doPKCheck(Unknown Source)
	at org.apache.derby.impl.sql.execute.DeleteResultSet.collectAffectedRows(Unknown Source)
	at org.apache.derby.impl.sql.execute.DeleteResultSet.open(Unknown Source)
	at org.apache.derby.impl.sql.GenericPreparedStatement.executeStmt(Unknown Source)
	at org.apache.derby.impl.sql.GenericPreparedStatement.execute(Unknown Source)
	... 96 more

2024-04-24T11:29:05,967  INFO [main] HiveMetaStore.audit: ugi=alex	ip=unknown-ip-addr	cmd=drop_database: @hive#junit_specific_db	
2024-04-24T11:29:05,972  INFO [main] HiveMetaStore.audit: ugi=alex	ip=unknown-ip-addr	cmd=get_all_tables: db=@hive#junit_specific_db	
2024-04-24T11:29:05,973  INFO [main] HiveMetaStore.audit: ugi=alex	ip=unknown-ip-addr	cmd=get_functions: db=@hive#junit_specific_db pat=*	
2024-04-24T11:29:05,975  INFO [main] HiveMetaStore.audit: ugi=alex	ip=unknown-ip-addr	cmd=get_all_stored_procedures	
2024-04-24T11:29:05,976  INFO [main] HiveMetaStore.audit: ugi=alex	ip=unknown-ip-addr	cmd=get_all_packages	
2024-04-24T11:29:05,978  INFO [main] HiveMetaStore.audit: ugi=alex	ip=unknown-ip-addr	cmd=getTablesByTypeCore: catName=hive: db=junit_specific_db pat=.*,type=MATERIALIZED_VIEW	
2024-04-24T11:29:05,983  INFO [main] metastore.ObjectStore: Dropping database hive.junit_specific_db along with all tables
2024-04-24T11:29:05,992  INFO [main] txn.TxnHandler: Non-retryable error in cleanupRecords : Table/View 'TXN_COMPONENTS' does not exist. (SQLState=42X05, ErrorCode=20000)
2024-04-24T11:29:05,992  WARN [main] txn.TxnHandler: Cannot perform cleanup since metastore table does not exist
2024-04-24T11:29:05,993 ERROR [main] metastore.RetryingHMSHandler: Retrying HMSHandler after 2000 ms (attempt 5 of 10) with error: javax.jdo.JDODataStoreException: Exception thrown flushing changes to datastore
	at org.datanucleus.api.jdo.NucleusJDOHelper.getJDOExceptionForNucleusException(NucleusJDOHelper.java:542)
	at org.datanucleus.api.jdo.JDOTransaction.commit(JDOTransaction.java:162)
	at org.apache.hadoop.hive.metastore.ObjectStore.commitTransaction(ObjectStore.java:615)
	at sun.reflect.GeneratedMethodAccessor31.invoke(Unknown Source)
	at sun.reflect.DelegatingMethodAccessorImpl.invoke(DelegatingMethodAccessorImpl.java:43)
	at java.lang.reflect.Method.invoke(Method.java:498)
	at org.apache.hadoop.hive.metastore.RawStoreProxy.invoke(RawStoreProxy.java:97)
	at com.sun.proxy.$Proxy32.commitTransaction(Unknown Source)
	at org.apache.hadoop.hive.metastore.HMSHandler.drop_database_core(HMSHandler.java:1790)
	at org.apache.hadoop.hive.metastore.HMSHandler.drop_database(HMSHandler.java:1869)
	at sun.reflect.GeneratedMethodAccessor54.invoke(Unknown Source)
	at sun.reflect.DelegatingMethodAccessorImpl.invoke(DelegatingMethodAccessorImpl.java:43)
	at java.lang.reflect.Method.invoke(Method.java:498)
	at org.apache.hadoop.hive.metastore.RetryingHMSHandler.invokeInternal(RetryingHMSHandler.java:147)
	at org.apache.hadoop.hive.metastore.RetryingHMSHandler.invoke(RetryingHMSHandler.java:108)
	at com.sun.proxy.$Proxy35.drop_database(Unknown Source)
	at org.apache.hadoop.hive.metastore.HiveMetaStoreClient.dropDatabaseCascadePerDb(HiveMetaStoreClient.java:1601)
	at org.apache.hadoop.hive.metastore.HiveMetaStoreClient.dropDatabase(HiveMetaStoreClient.java:1532)
	at org.apache.hadoop.hive.metastore.HiveMetaStoreClient.dropDatabase(HiveMetaStoreClient.java:1485)
	at sun.reflect.NativeMethodAccessorImpl.invoke0(Native Method)
	at sun.reflect.NativeMethodAccessorImpl.invoke(NativeMethodAccessorImpl.java:62)
	at sun.reflect.DelegatingMethodAccessorImpl.invoke(DelegatingMethodAccessorImpl.java:43)
	at java.lang.reflect.Method.invoke(Method.java:498)
	at org.apache.hadoop.hive.metastore.RetryingMetaStoreClient.invoke(RetryingMetaStoreClient.java:218)
	at com.sun.proxy.$Proxy45.dropDatabase(Unknown Source)
	at org.apache.hadoop.hive.ql.metadata.Hive.dropDatabase(Hive.java:662)
	at org.apache.hadoop.hive.ql.ddl.database.drop.DropDatabaseOperation.execute(DropDatabaseOperation.java:52)
	at org.apache.hadoop.hive.ql.ddl.DDLTask.execute(DDLTask.java:84)
	at org.apache.hadoop.hive.ql.exec.Task.executeTask(Task.java:212)
	at org.apache.hadoop.hive.ql.exec.TaskRunner.runSequential(TaskRunner.java:105)
	at org.apache.hadoop.hive.ql.Executor.launchTask(Executor.java:361)
	at org.apache.hadoop.hive.ql.Executor.launchTasks(Executor.java:334)
	at org.apache.hadoop.hive.ql.Executor.runTasks(Executor.java:245)
	at org.apache.hadoop.hive.ql.Executor.execute(Executor.java:108)
	at org.apache.hadoop.hive.ql.Driver.execute(Driver.java:348)
	at org.apache.hadoop.hive.ql.Driver.runInternal(Driver.java:204)
	at org.apache.hadoop.hive.ql.Driver.run(Driver.java:153)
	at org.apache.hadoop.hive.ql.Driver.run(Driver.java:148)
	at org.apache.hadoop.hive.ql.reexec.ReExecDriver.run(ReExecDriver.java:164)
	at org.apache.hadoop.hive.ql.reexec.ReExecDriver.run(ReExecDriver.java:230)
	at org.apache.hive.hcatalog.pig.AbstractHCatLoaderTest.executeStatementOnDriver(AbstractHCatLoaderTest.java:151)
	at org.apache.hive.hcatalog.pig.AbstractHCatLoaderTest.tearDown(AbstractHCatLoaderTest.java:239)
	at sun.reflect.NativeMethodAccessorImpl.invoke0(Native Method)
	at sun.reflect.NativeMethodAccessorImpl.invoke(NativeMethodAccessorImpl.java:62)
	at sun.reflect.DelegatingMethodAccessorImpl.invoke(DelegatingMethodAccessorImpl.java:43)
	at java.lang.reflect.Method.invoke(Method.java:498)
	at org.junit.runners.model.FrameworkMethod$1.runReflectiveCall(FrameworkMethod.java:59)
	at org.junit.internal.runners.model.ReflectiveCallable.run(ReflectiveCallable.java:12)
	at org.junit.runners.model.FrameworkMethod.invokeExplosively(FrameworkMethod.java:56)
	at org.junit.internal.runners.statements.RunAfters.invokeMethod(RunAfters.java:46)
	at org.junit.internal.runners.statements.RunAfters.evaluate(RunAfters.java:33)
	at org.junit.runners.ParentRunner$3.evaluate(ParentRunner.java:306)
	at org.junit.runners.BlockJUnit4ClassRunner$1.evaluate(BlockJUnit4ClassRunner.java:100)
	at org.junit.runners.ParentRunner.runLeaf(ParentRunner.java:366)
	at org.junit.runners.BlockJUnit4ClassRunner.runChild(BlockJUnit4ClassRunner.java:103)
	at org.junit.runners.BlockJUnit4ClassRunner.runChild(BlockJUnit4ClassRunner.java:63)
	at org.junit.runners.ParentRunner$4.run(ParentRunner.java:331)
	at org.junit.runners.ParentRunner$1.schedule(ParentRunner.java:79)
	at org.junit.runners.ParentRunner.runChildren(ParentRunner.java:329)
	at org.junit.runners.ParentRunner.access$100(ParentRunner.java:66)
	at org.junit.runners.ParentRunner$2.evaluate(ParentRunner.java:293)
	at org.junit.internal.runners.statements.RunBefores.evaluate(RunBefores.java:26)
	at org.junit.runners.ParentRunner$3.evaluate(ParentRunner.java:306)
	at org.junit.runners.ParentRunner.run(ParentRunner.java:413)
	at org.junit.runners.Suite.runChild(Suite.java:128)
	at org.junit.runners.Suite.runChild(Suite.java:27)
	at org.junit.runners.ParentRunner$4.run(ParentRunner.java:331)
	at org.junit.runners.ParentRunner$1.schedule(ParentRunner.java:79)
	at org.junit.runners.ParentRunner.runChildren(ParentRunner.java:329)
	at org.junit.runners.ParentRunner.access$100(ParentRunner.java:66)
	at org.junit.runners.ParentRunner$2.evaluate(ParentRunner.java:293)
	at org.junit.runners.ParentRunner$3.evaluate(ParentRunner.java:306)
	at org.junit.runners.ParentRunner.run(ParentRunner.java:413)
	at org.apache.maven.surefire.junitcore.JUnitCore.run(JUnitCore.java:55)
	at org.apache.maven.surefire.junitcore.JUnitCoreWrapper.createRequestAndRun(JUnitCoreWrapper.java:137)
	at org.apache.maven.surefire.junitcore.JUnitCoreWrapper.executeEager(JUnitCoreWrapper.java:107)
	at org.apache.maven.surefire.junitcore.JUnitCoreWrapper.execute(JUnitCoreWrapper.java:83)
	at org.apache.maven.surefire.junitcore.JUnitCoreWrapper.execute(JUnitCoreWrapper.java:75)
	at org.apache.maven.surefire.junitcore.JUnitCoreProvider.invoke(JUnitCoreProvider.java:158)
	at org.apache.maven.surefire.booter.ForkedBooter.runSuitesInProcess(ForkedBooter.java:377)
	at org.apache.maven.surefire.booter.ForkedBooter.execute(ForkedBooter.java:138)
	at org.apache.maven.surefire.booter.ForkedBooter.run(ForkedBooter.java:465)
	at org.apache.maven.surefire.booter.ForkedBooter.main(ForkedBooter.java:451)
NestedThrowablesStackTrace:
java.sql.BatchUpdateException: DELETE on table 'DBS' caused a violation of foreign key constraint 'TBLS_FK1' for key (3).  The statement has been rolled back.
	at org.apache.derby.impl.jdbc.EmbedStatement.executeLargeBatch(Unknown Source)
	at org.apache.derby.impl.jdbc.EmbedStatement.executeBatch(Unknown Source)
	at com.zaxxer.hikari.pool.ProxyStatement.executeBatch(ProxyStatement.java:128)
	at com.zaxxer.hikari.pool.HikariProxyPreparedStatement.executeBatch(HikariProxyPreparedStatement.java)
	at org.datanucleus.store.rdbms.ParamLoggingPreparedStatement.executeBatch(ParamLoggingPreparedStatement.java:366)
	at org.datanucleus.store.rdbms.SQLController.processConnectionStatement(SQLController.java:675)
	at org.datanucleus.store.rdbms.SQLController.processStatementsForConnection(SQLController.java:643)
	at org.datanucleus.store.rdbms.SQLController$1.transactionFlushed(SQLController.java:729)
	at org.datanucleus.store.connection.AbstractManagedConnection.transactionFlushed(AbstractManagedConnection.java:95)
	at org.datanucleus.store.connection.ConnectionManagerImpl$2.transactionFlushed(ConnectionManagerImpl.java:528)
	at org.datanucleus.TransactionImpl.flush(TransactionImpl.java:222)
	at org.datanucleus.TransactionImpl.commit(TransactionImpl.java:286)
	at org.datanucleus.api.jdo.JDOTransaction.commit(JDOTransaction.java:99)
	at org.apache.hadoop.hive.metastore.ObjectStore.commitTransaction(ObjectStore.java:615)
	at sun.reflect.GeneratedMethodAccessor31.invoke(Unknown Source)
	at sun.reflect.DelegatingMethodAccessorImpl.invoke(DelegatingMethodAccessorImpl.java:43)
	at java.lang.reflect.Method.invoke(Method.java:498)
	at org.apache.hadoop.hive.metastore.RawStoreProxy.invoke(RawStoreProxy.java:97)
	at com.sun.proxy.$Proxy32.commitTransaction(Unknown Source)
	at org.apache.hadoop.hive.metastore.HMSHandler.drop_database_core(HMSHandler.java:1790)
	at org.apache.hadoop.hive.metastore.HMSHandler.drop_database(HMSHandler.java:1869)
	at sun.reflect.GeneratedMethodAccessor54.invoke(Unknown Source)
	at sun.reflect.DelegatingMethodAccessorImpl.invoke(DelegatingMethodAccessorImpl.java:43)
	at java.lang.reflect.Method.invoke(Method.java:498)
	at org.apache.hadoop.hive.metastore.RetryingHMSHandler.invokeInternal(RetryingHMSHandler.java:147)
	at org.apache.hadoop.hive.metastore.RetryingHMSHandler.invoke(RetryingHMSHandler.java:108)
	at com.sun.proxy.$Proxy35.drop_database(Unknown Source)
	at org.apache.hadoop.hive.metastore.HiveMetaStoreClient.dropDatabaseCascadePerDb(HiveMetaStoreClient.java:1601)
	at org.apache.hadoop.hive.metastore.HiveMetaStoreClient.dropDatabase(HiveMetaStoreClient.java:1532)
	at org.apache.hadoop.hive.metastore.HiveMetaStoreClient.dropDatabase(HiveMetaStoreClient.java:1485)
	at sun.reflect.NativeMethodAccessorImpl.invoke0(Native Method)
	at sun.reflect.NativeMethodAccessorImpl.invoke(NativeMethodAccessorImpl.java:62)
	at sun.reflect.DelegatingMethodAccessorImpl.invoke(DelegatingMethodAccessorImpl.java:43)
	at java.lang.reflect.Method.invoke(Method.java:498)
	at org.apache.hadoop.hive.metastore.RetryingMetaStoreClient.invoke(RetryingMetaStoreClient.java:218)
	at com.sun.proxy.$Proxy45.dropDatabase(Unknown Source)
	at org.apache.hadoop.hive.ql.metadata.Hive.dropDatabase(Hive.java:662)
	at org.apache.hadoop.hive.ql.ddl.database.drop.DropDatabaseOperation.execute(DropDatabaseOperation.java:52)
	at org.apache.hadoop.hive.ql.ddl.DDLTask.execute(DDLTask.java:84)
	at org.apache.hadoop.hive.ql.exec.Task.executeTask(Task.java:212)
	at org.apache.hadoop.hive.ql.exec.TaskRunner.runSequential(TaskRunner.java:105)
	at org.apache.hadoop.hive.ql.Executor.launchTask(Executor.java:361)
	at org.apache.hadoop.hive.ql.Executor.launchTasks(Executor.java:334)
	at org.apache.hadoop.hive.ql.Executor.runTasks(Executor.java:245)
	at org.apache.hadoop.hive.ql.Executor.execute(Executor.java:108)
	at org.apache.hadoop.hive.ql.Driver.execute(Driver.java:348)
	at org.apache.hadoop.hive.ql.Driver.runInternal(Driver.java:204)
	at org.apache.hadoop.hive.ql.Driver.run(Driver.java:153)
	at org.apache.hadoop.hive.ql.Driver.run(Driver.java:148)
	at org.apache.hadoop.hive.ql.reexec.ReExecDriver.run(ReExecDriver.java:164)
	at org.apache.hadoop.hive.ql.reexec.ReExecDriver.run(ReExecDriver.java:230)
	at org.apache.hive.hcatalog.pig.AbstractHCatLoaderTest.executeStatementOnDriver(AbstractHCatLoaderTest.java:151)
	at org.apache.hive.hcatalog.pig.AbstractHCatLoaderTest.tearDown(AbstractHCatLoaderTest.java:239)
	at sun.reflect.NativeMethodAccessorImpl.invoke0(Native Method)
	at sun.reflect.NativeMethodAccessorImpl.invoke(NativeMethodAccessorImpl.java:62)
	at sun.reflect.DelegatingMethodAccessorImpl.invoke(DelegatingMethodAccessorImpl.java:43)
	at java.lang.reflect.Method.invoke(Method.java:498)
	at org.junit.runners.model.FrameworkMethod$1.runReflectiveCall(FrameworkMethod.java:59)
	at org.junit.internal.runners.model.ReflectiveCallable.run(ReflectiveCallable.java:12)
	at org.junit.runners.model.FrameworkMethod.invokeExplosively(FrameworkMethod.java:56)
	at org.junit.internal.runners.statements.RunAfters.invokeMethod(RunAfters.java:46)
	at org.junit.internal.runners.statements.RunAfters.evaluate(RunAfters.java:33)
	at org.junit.runners.ParentRunner$3.evaluate(ParentRunner.java:306)
	at org.junit.runners.BlockJUnit4ClassRunner$1.evaluate(BlockJUnit4ClassRunner.java:100)
	at org.junit.runners.ParentRunner.runLeaf(ParentRunner.java:366)
	at org.junit.runners.BlockJUnit4ClassRunner.runChild(BlockJUnit4ClassRunner.java:103)
	at org.junit.runners.BlockJUnit4ClassRunner.runChild(BlockJUnit4ClassRunner.java:63)
	at org.junit.runners.ParentRunner$4.run(ParentRunner.java:331)
	at org.junit.runners.ParentRunner$1.schedule(ParentRunner.java:79)
	at org.junit.runners.ParentRunner.runChildren(ParentRunner.java:329)
	at org.junit.runners.ParentRunner.access$100(ParentRunner.java:66)
	at org.junit.runners.ParentRunner$2.evaluate(ParentRunner.java:293)
	at org.junit.internal.runners.statements.RunBefores.evaluate(RunBefores.java:26)
	at org.junit.runners.ParentRunner$3.evaluate(ParentRunner.java:306)
	at org.junit.runners.ParentRunner.run(ParentRunner.java:413)
	at org.junit.runners.Suite.runChild(Suite.java:128)
	at org.junit.runners.Suite.runChild(Suite.java:27)
	at org.junit.runners.ParentRunner$4.run(ParentRunner.java:331)
	at org.junit.runners.ParentRunner$1.schedule(ParentRunner.java:79)
	at org.junit.runners.ParentRunner.runChildren(ParentRunner.java:329)
	at org.junit.runners.ParentRunner.access$100(ParentRunner.java:66)
	at org.junit.runners.ParentRunner$2.evaluate(ParentRunner.java:293)
	at org.junit.runners.ParentRunner$3.evaluate(ParentRunner.java:306)
	at org.junit.runners.ParentRunner.run(ParentRunner.java:413)
	at org.apache.maven.surefire.junitcore.JUnitCore.run(JUnitCore.java:55)
	at org.apache.maven.surefire.junitcore.JUnitCoreWrapper.createRequestAndRun(JUnitCoreWrapper.java:137)
	at org.apache.maven.surefire.junitcore.JUnitCoreWrapper.executeEager(JUnitCoreWrapper.java:107)
	at org.apache.maven.surefire.junitcore.JUnitCoreWrapper.execute(JUnitCoreWrapper.java:83)
	at org.apache.maven.surefire.junitcore.JUnitCoreWrapper.execute(JUnitCoreWrapper.java:75)
	at org.apache.maven.surefire.junitcore.JUnitCoreProvider.invoke(JUnitCoreProvider.java:158)
	at org.apache.maven.surefire.booter.ForkedBooter.runSuitesInProcess(ForkedBooter.java:377)
	at org.apache.maven.surefire.booter.ForkedBooter.execute(ForkedBooter.java:138)
	at org.apache.maven.surefire.booter.ForkedBooter.run(ForkedBooter.java:465)
	at org.apache.maven.surefire.booter.ForkedBooter.main(ForkedBooter.java:451)
Caused by: org.apache.derby.shared.common.error.DerbySQLIntegrityConstraintViolationException: DELETE on table 'DBS' caused a violation of foreign key constraint 'TBLS_FK1' for key (3).  The statement has been rolled back.
	at org.apache.derby.impl.jdbc.SQLExceptionFactory.getSQLException(Unknown Source)
	at org.apache.derby.impl.jdbc.Util.generateCsSQLException(Unknown Source)
	at org.apache.derby.impl.jdbc.TransactionResourceImpl.wrapInSQLException(Unknown Source)
	at org.apache.derby.impl.jdbc.TransactionResourceImpl.handleException(Unknown Source)
	at org.apache.derby.impl.jdbc.EmbedConnection.handleException(Unknown Source)
	at org.apache.derby.impl.jdbc.ConnectionChild.handleException(Unknown Source)
	at org.apache.derby.impl.jdbc.EmbedStatement.executeStatement(Unknown Source)
	at org.apache.derby.impl.jdbc.EmbedPreparedStatement.executeBatchElement(Unknown Source)
	... 94 more
Caused by: ERROR 23503: DELETE on table 'DBS' caused a violation of foreign key constraint 'TBLS_FK1' for key (3).  The statement has been rolled back.
	at org.apache.derby.iapi.error.StandardException.newException(Unknown Source)
	at org.apache.derby.iapi.error.StandardException.newException(Unknown Source)
	at org.apache.derby.impl.sql.execute.ReferencedKeyRIChecker.doCheck(Unknown Source)
	at org.apache.derby.impl.sql.execute.RISetChecker.doPKCheck(Unknown Source)
	at org.apache.derby.impl.sql.execute.DeleteResultSet.collectAffectedRows(Unknown Source)
	at org.apache.derby.impl.sql.execute.DeleteResultSet.open(Unknown Source)
	at org.apache.derby.impl.sql.GenericPreparedStatement.executeStmt(Unknown Source)
	at org.apache.derby.impl.sql.GenericPreparedStatement.execute(Unknown Source)
	... 96 more

2024-04-24T11:29:07,994  INFO [main] HiveMetaStore.audit: ugi=alex	ip=unknown-ip-addr	cmd=drop_database: @hive#junit_specific_db	
2024-04-24T11:29:07,999  INFO [main] HiveMetaStore.audit: ugi=alex	ip=unknown-ip-addr	cmd=get_all_tables: db=@hive#junit_specific_db	
2024-04-24T11:29:08,000  INFO [main] HiveMetaStore.audit: ugi=alex	ip=unknown-ip-addr	cmd=get_functions: db=@hive#junit_specific_db pat=*	
2024-04-24T11:29:08,002  INFO [main] HiveMetaStore.audit: ugi=alex	ip=unknown-ip-addr	cmd=get_all_stored_procedures	
2024-04-24T11:29:08,003  INFO [main] HiveMetaStore.audit: ugi=alex	ip=unknown-ip-addr	cmd=get_all_packages	
2024-04-24T11:29:08,004  INFO [main] HiveMetaStore.audit: ugi=alex	ip=unknown-ip-addr	cmd=getTablesByTypeCore: catName=hive: db=junit_specific_db pat=.*,type=MATERIALIZED_VIEW	
2024-04-24T11:29:08,008  INFO [main] metastore.ObjectStore: Dropping database hive.junit_specific_db along with all tables
2024-04-24T11:29:08,015  INFO [main] txn.TxnHandler: Non-retryable error in cleanupRecords : Table/View 'TXN_COMPONENTS' does not exist. (SQLState=42X05, ErrorCode=20000)
2024-04-24T11:29:08,015  WARN [main] txn.TxnHandler: Cannot perform cleanup since metastore table does not exist
2024-04-24T11:29:08,017 ERROR [main] metastore.RetryingHMSHandler: Retrying HMSHandler after 2000 ms (attempt 6 of 10) with error: javax.jdo.JDODataStoreException: Exception thrown flushing changes to datastore
	at org.datanucleus.api.jdo.NucleusJDOHelper.getJDOExceptionForNucleusException(NucleusJDOHelper.java:542)
	at org.datanucleus.api.jdo.JDOTransaction.commit(JDOTransaction.java:162)
	at org.apache.hadoop.hive.metastore.ObjectStore.commitTransaction(ObjectStore.java:615)
	at sun.reflect.GeneratedMethodAccessor31.invoke(Unknown Source)
	at sun.reflect.DelegatingMethodAccessorImpl.invoke(DelegatingMethodAccessorImpl.java:43)
	at java.lang.reflect.Method.invoke(Method.java:498)
	at org.apache.hadoop.hive.metastore.RawStoreProxy.invoke(RawStoreProxy.java:97)
	at com.sun.proxy.$Proxy32.commitTransaction(Unknown Source)
	at org.apache.hadoop.hive.metastore.HMSHandler.drop_database_core(HMSHandler.java:1790)
	at org.apache.hadoop.hive.metastore.HMSHandler.drop_database(HMSHandler.java:1869)
	at sun.reflect.GeneratedMethodAccessor54.invoke(Unknown Source)
	at sun.reflect.DelegatingMethodAccessorImpl.invoke(DelegatingMethodAccessorImpl.java:43)
	at java.lang.reflect.Method.invoke(Method.java:498)
	at org.apache.hadoop.hive.metastore.RetryingHMSHandler.invokeInternal(RetryingHMSHandler.java:147)
	at org.apache.hadoop.hive.metastore.RetryingHMSHandler.invoke(RetryingHMSHandler.java:108)
	at com.sun.proxy.$Proxy35.drop_database(Unknown Source)
	at org.apache.hadoop.hive.metastore.HiveMetaStoreClient.dropDatabaseCascadePerDb(HiveMetaStoreClient.java:1601)
	at org.apache.hadoop.hive.metastore.HiveMetaStoreClient.dropDatabase(HiveMetaStoreClient.java:1532)
	at org.apache.hadoop.hive.metastore.HiveMetaStoreClient.dropDatabase(HiveMetaStoreClient.java:1485)
	at sun.reflect.NativeMethodAccessorImpl.invoke0(Native Method)
	at sun.reflect.NativeMethodAccessorImpl.invoke(NativeMethodAccessorImpl.java:62)
	at sun.reflect.DelegatingMethodAccessorImpl.invoke(DelegatingMethodAccessorImpl.java:43)
	at java.lang.reflect.Method.invoke(Method.java:498)
	at org.apache.hadoop.hive.metastore.RetryingMetaStoreClient.invoke(RetryingMetaStoreClient.java:218)
	at com.sun.proxy.$Proxy45.dropDatabase(Unknown Source)
	at org.apache.hadoop.hive.ql.metadata.Hive.dropDatabase(Hive.java:662)
	at org.apache.hadoop.hive.ql.ddl.database.drop.DropDatabaseOperation.execute(DropDatabaseOperation.java:52)
	at org.apache.hadoop.hive.ql.ddl.DDLTask.execute(DDLTask.java:84)
	at org.apache.hadoop.hive.ql.exec.Task.executeTask(Task.java:212)
	at org.apache.hadoop.hive.ql.exec.TaskRunner.runSequential(TaskRunner.java:105)
	at org.apache.hadoop.hive.ql.Executor.launchTask(Executor.java:361)
	at org.apache.hadoop.hive.ql.Executor.launchTasks(Executor.java:334)
	at org.apache.hadoop.hive.ql.Executor.runTasks(Executor.java:245)
	at org.apache.hadoop.hive.ql.Executor.execute(Executor.java:108)
	at org.apache.hadoop.hive.ql.Driver.execute(Driver.java:348)
	at org.apache.hadoop.hive.ql.Driver.runInternal(Driver.java:204)
	at org.apache.hadoop.hive.ql.Driver.run(Driver.java:153)
	at org.apache.hadoop.hive.ql.Driver.run(Driver.java:148)
	at org.apache.hadoop.hive.ql.reexec.ReExecDriver.run(ReExecDriver.java:164)
	at org.apache.hadoop.hive.ql.reexec.ReExecDriver.run(ReExecDriver.java:230)
	at org.apache.hive.hcatalog.pig.AbstractHCatLoaderTest.executeStatementOnDriver(AbstractHCatLoaderTest.java:151)
	at org.apache.hive.hcatalog.pig.AbstractHCatLoaderTest.tearDown(AbstractHCatLoaderTest.java:239)
	at sun.reflect.NativeMethodAccessorImpl.invoke0(Native Method)
	at sun.reflect.NativeMethodAccessorImpl.invoke(NativeMethodAccessorImpl.java:62)
	at sun.reflect.DelegatingMethodAccessorImpl.invoke(DelegatingMethodAccessorImpl.java:43)
	at java.lang.reflect.Method.invoke(Method.java:498)
	at org.junit.runners.model.FrameworkMethod$1.runReflectiveCall(FrameworkMethod.java:59)
	at org.junit.internal.runners.model.ReflectiveCallable.run(ReflectiveCallable.java:12)
	at org.junit.runners.model.FrameworkMethod.invokeExplosively(FrameworkMethod.java:56)
	at org.junit.internal.runners.statements.RunAfters.invokeMethod(RunAfters.java:46)
	at org.junit.internal.runners.statements.RunAfters.evaluate(RunAfters.java:33)
	at org.junit.runners.ParentRunner$3.evaluate(ParentRunner.java:306)
	at org.junit.runners.BlockJUnit4ClassRunner$1.evaluate(BlockJUnit4ClassRunner.java:100)
	at org.junit.runners.ParentRunner.runLeaf(ParentRunner.java:366)
	at org.junit.runners.BlockJUnit4ClassRunner.runChild(BlockJUnit4ClassRunner.java:103)
	at org.junit.runners.BlockJUnit4ClassRunner.runChild(BlockJUnit4ClassRunner.java:63)
	at org.junit.runners.ParentRunner$4.run(ParentRunner.java:331)
	at org.junit.runners.ParentRunner$1.schedule(ParentRunner.java:79)
	at org.junit.runners.ParentRunner.runChildren(ParentRunner.java:329)
	at org.junit.runners.ParentRunner.access$100(ParentRunner.java:66)
	at org.junit.runners.ParentRunner$2.evaluate(ParentRunner.java:293)
	at org.junit.internal.runners.statements.RunBefores.evaluate(RunBefores.java:26)
	at org.junit.runners.ParentRunner$3.evaluate(ParentRunner.java:306)
	at org.junit.runners.ParentRunner.run(ParentRunner.java:413)
	at org.junit.runners.Suite.runChild(Suite.java:128)
	at org.junit.runners.Suite.runChild(Suite.java:27)
	at org.junit.runners.ParentRunner$4.run(ParentRunner.java:331)
	at org.junit.runners.ParentRunner$1.schedule(ParentRunner.java:79)
	at org.junit.runners.ParentRunner.runChildren(ParentRunner.java:329)
	at org.junit.runners.ParentRunner.access$100(ParentRunner.java:66)
	at org.junit.runners.ParentRunner$2.evaluate(ParentRunner.java:293)
	at org.junit.runners.ParentRunner$3.evaluate(ParentRunner.java:306)
	at org.junit.runners.ParentRunner.run(ParentRunner.java:413)
	at org.apache.maven.surefire.junitcore.JUnitCore.run(JUnitCore.java:55)
	at org.apache.maven.surefire.junitcore.JUnitCoreWrapper.createRequestAndRun(JUnitCoreWrapper.java:137)
	at org.apache.maven.surefire.junitcore.JUnitCoreWrapper.executeEager(JUnitCoreWrapper.java:107)
	at org.apache.maven.surefire.junitcore.JUnitCoreWrapper.execute(JUnitCoreWrapper.java:83)
	at org.apache.maven.surefire.junitcore.JUnitCoreWrapper.execute(JUnitCoreWrapper.java:75)
	at org.apache.maven.surefire.junitcore.JUnitCoreProvider.invoke(JUnitCoreProvider.java:158)
	at org.apache.maven.surefire.booter.ForkedBooter.runSuitesInProcess(ForkedBooter.java:377)
	at org.apache.maven.surefire.booter.ForkedBooter.execute(ForkedBooter.java:138)
	at org.apache.maven.surefire.booter.ForkedBooter.run(ForkedBooter.java:465)
	at org.apache.maven.surefire.booter.ForkedBooter.main(ForkedBooter.java:451)
NestedThrowablesStackTrace:
java.sql.BatchUpdateException: DELETE on table 'DBS' caused a violation of foreign key constraint 'TBLS_FK1' for key (3).  The statement has been rolled back.
	at org.apache.derby.impl.jdbc.EmbedStatement.executeLargeBatch(Unknown Source)
	at org.apache.derby.impl.jdbc.EmbedStatement.executeBatch(Unknown Source)
	at com.zaxxer.hikari.pool.ProxyStatement.executeBatch(ProxyStatement.java:128)
	at com.zaxxer.hikari.pool.HikariProxyPreparedStatement.executeBatch(HikariProxyPreparedStatement.java)
	at org.datanucleus.store.rdbms.ParamLoggingPreparedStatement.executeBatch(ParamLoggingPreparedStatement.java:366)
	at org.datanucleus.store.rdbms.SQLController.processConnectionStatement(SQLController.java:675)
	at org.datanucleus.store.rdbms.SQLController.processStatementsForConnection(SQLController.java:643)
	at org.datanucleus.store.rdbms.SQLController$1.transactionFlushed(SQLController.java:729)
	at org.datanucleus.store.connection.AbstractManagedConnection.transactionFlushed(AbstractManagedConnection.java:95)
	at org.datanucleus.store.connection.ConnectionManagerImpl$2.transactionFlushed(ConnectionManagerImpl.java:528)
	at org.datanucleus.TransactionImpl.flush(TransactionImpl.java:222)
	at org.datanucleus.TransactionImpl.commit(TransactionImpl.java:286)
	at org.datanucleus.api.jdo.JDOTransaction.commit(JDOTransaction.java:99)
	at org.apache.hadoop.hive.metastore.ObjectStore.commitTransaction(ObjectStore.java:615)
	at sun.reflect.GeneratedMethodAccessor31.invoke(Unknown Source)
	at sun.reflect.DelegatingMethodAccessorImpl.invoke(DelegatingMethodAccessorImpl.java:43)
	at java.lang.reflect.Method.invoke(Method.java:498)
	at org.apache.hadoop.hive.metastore.RawStoreProxy.invoke(RawStoreProxy.java:97)
	at com.sun.proxy.$Proxy32.commitTransaction(Unknown Source)
	at org.apache.hadoop.hive.metastore.HMSHandler.drop_database_core(HMSHandler.java:1790)
	at org.apache.hadoop.hive.metastore.HMSHandler.drop_database(HMSHandler.java:1869)
	at sun.reflect.GeneratedMethodAccessor54.invoke(Unknown Source)
	at sun.reflect.DelegatingMethodAccessorImpl.invoke(DelegatingMethodAccessorImpl.java:43)
	at java.lang.reflect.Method.invoke(Method.java:498)
	at org.apache.hadoop.hive.metastore.RetryingHMSHandler.invokeInternal(RetryingHMSHandler.java:147)
	at org.apache.hadoop.hive.metastore.RetryingHMSHandler.invoke(RetryingHMSHandler.java:108)
	at com.sun.proxy.$Proxy35.drop_database(Unknown Source)
	at org.apache.hadoop.hive.metastore.HiveMetaStoreClient.dropDatabaseCascadePerDb(HiveMetaStoreClient.java:1601)
	at org.apache.hadoop.hive.metastore.HiveMetaStoreClient.dropDatabase(HiveMetaStoreClient.java:1532)
	at org.apache.hadoop.hive.metastore.HiveMetaStoreClient.dropDatabase(HiveMetaStoreClient.java:1485)
	at sun.reflect.NativeMethodAccessorImpl.invoke0(Native Method)
	at sun.reflect.NativeMethodAccessorImpl.invoke(NativeMethodAccessorImpl.java:62)
	at sun.reflect.DelegatingMethodAccessorImpl.invoke(DelegatingMethodAccessorImpl.java:43)
	at java.lang.reflect.Method.invoke(Method.java:498)
	at org.apache.hadoop.hive.metastore.RetryingMetaStoreClient.invoke(RetryingMetaStoreClient.java:218)
	at com.sun.proxy.$Proxy45.dropDatabase(Unknown Source)
	at org.apache.hadoop.hive.ql.metadata.Hive.dropDatabase(Hive.java:662)
	at org.apache.hadoop.hive.ql.ddl.database.drop.DropDatabaseOperation.execute(DropDatabaseOperation.java:52)
	at org.apache.hadoop.hive.ql.ddl.DDLTask.execute(DDLTask.java:84)
	at org.apache.hadoop.hive.ql.exec.Task.executeTask(Task.java:212)
	at org.apache.hadoop.hive.ql.exec.TaskRunner.runSequential(TaskRunner.java:105)
	at org.apache.hadoop.hive.ql.Executor.launchTask(Executor.java:361)
	at org.apache.hadoop.hive.ql.Executor.launchTasks(Executor.java:334)
	at org.apache.hadoop.hive.ql.Executor.runTasks(Executor.java:245)
	at org.apache.hadoop.hive.ql.Executor.execute(Executor.java:108)
	at org.apache.hadoop.hive.ql.Driver.execute(Driver.java:348)
	at org.apache.hadoop.hive.ql.Driver.runInternal(Driver.java:204)
	at org.apache.hadoop.hive.ql.Driver.run(Driver.java:153)
	at org.apache.hadoop.hive.ql.Driver.run(Driver.java:148)
	at org.apache.hadoop.hive.ql.reexec.ReExecDriver.run(ReExecDriver.java:164)
	at org.apache.hadoop.hive.ql.reexec.ReExecDriver.run(ReExecDriver.java:230)
	at org.apache.hive.hcatalog.pig.AbstractHCatLoaderTest.executeStatementOnDriver(AbstractHCatLoaderTest.java:151)
	at org.apache.hive.hcatalog.pig.AbstractHCatLoaderTest.tearDown(AbstractHCatLoaderTest.java:239)
	at sun.reflect.NativeMethodAccessorImpl.invoke0(Native Method)
	at sun.reflect.NativeMethodAccessorImpl.invoke(NativeMethodAccessorImpl.java:62)
	at sun.reflect.DelegatingMethodAccessorImpl.invoke(DelegatingMethodAccessorImpl.java:43)
	at java.lang.reflect.Method.invoke(Method.java:498)
	at org.junit.runners.model.FrameworkMethod$1.runReflectiveCall(FrameworkMethod.java:59)
	at org.junit.internal.runners.model.ReflectiveCallable.run(ReflectiveCallable.java:12)
	at org.junit.runners.model.FrameworkMethod.invokeExplosively(FrameworkMethod.java:56)
	at org.junit.internal.runners.statements.RunAfters.invokeMethod(RunAfters.java:46)
	at org.junit.internal.runners.statements.RunAfters.evaluate(RunAfters.java:33)
	at org.junit.runners.ParentRunner$3.evaluate(ParentRunner.java:306)
	at org.junit.runners.BlockJUnit4ClassRunner$1.evaluate(BlockJUnit4ClassRunner.java:100)
	at org.junit.runners.ParentRunner.runLeaf(ParentRunner.java:366)
	at org.junit.runners.BlockJUnit4ClassRunner.runChild(BlockJUnit4ClassRunner.java:103)
	at org.junit.runners.BlockJUnit4ClassRunner.runChild(BlockJUnit4ClassRunner.java:63)
	at org.junit.runners.ParentRunner$4.run(ParentRunner.java:331)
	at org.junit.runners.ParentRunner$1.schedule(ParentRunner.java:79)
	at org.junit.runners.ParentRunner.runChildren(ParentRunner.java:329)
	at org.junit.runners.ParentRunner.access$100(ParentRunner.java:66)
	at org.junit.runners.ParentRunner$2.evaluate(ParentRunner.java:293)
	at org.junit.internal.runners.statements.RunBefores.evaluate(RunBefores.java:26)
	at org.junit.runners.ParentRunner$3.evaluate(ParentRunner.java:306)
	at org.junit.runners.ParentRunner.run(ParentRunner.java:413)
	at org.junit.runners.Suite.runChild(Suite.java:128)
	at org.junit.runners.Suite.runChild(Suite.java:27)
	at org.junit.runners.ParentRunner$4.run(ParentRunner.java:331)
	at org.junit.runners.ParentRunner$1.schedule(ParentRunner.java:79)
	at org.junit.runners.ParentRunner.runChildren(ParentRunner.java:329)
	at org.junit.runners.ParentRunner.access$100(ParentRunner.java:66)
	at org.junit.runners.ParentRunner$2.evaluate(ParentRunner.java:293)
	at org.junit.runners.ParentRunner$3.evaluate(ParentRunner.java:306)
	at org.junit.runners.ParentRunner.run(ParentRunner.java:413)
	at org.apache.maven.surefire.junitcore.JUnitCore.run(JUnitCore.java:55)
	at org.apache.maven.surefire.junitcore.JUnitCoreWrapper.createRequestAndRun(JUnitCoreWrapper.java:137)
	at org.apache.maven.surefire.junitcore.JUnitCoreWrapper.executeEager(JUnitCoreWrapper.java:107)
	at org.apache.maven.surefire.junitcore.JUnitCoreWrapper.execute(JUnitCoreWrapper.java:83)
	at org.apache.maven.surefire.junitcore.JUnitCoreWrapper.execute(JUnitCoreWrapper.java:75)
	at org.apache.maven.surefire.junitcore.JUnitCoreProvider.invoke(JUnitCoreProvider.java:158)
	at org.apache.maven.surefire.booter.ForkedBooter.runSuitesInProcess(ForkedBooter.java:377)
	at org.apache.maven.surefire.booter.ForkedBooter.execute(ForkedBooter.java:138)
	at org.apache.maven.surefire.booter.ForkedBooter.run(ForkedBooter.java:465)
	at org.apache.maven.surefire.booter.ForkedBooter.main(ForkedBooter.java:451)
Caused by: org.apache.derby.shared.common.error.DerbySQLIntegrityConstraintViolationException: DELETE on table 'DBS' caused a violation of foreign key constraint 'TBLS_FK1' for key (3).  The statement has been rolled back.
	at org.apache.derby.impl.jdbc.SQLExceptionFactory.getSQLException(Unknown Source)
	at org.apache.derby.impl.jdbc.Util.generateCsSQLException(Unknown Source)
	at org.apache.derby.impl.jdbc.TransactionResourceImpl.wrapInSQLException(Unknown Source)
	at org.apache.derby.impl.jdbc.TransactionResourceImpl.handleException(Unknown Source)
	at org.apache.derby.impl.jdbc.EmbedConnection.handleException(Unknown Source)
	at org.apache.derby.impl.jdbc.ConnectionChild.handleException(Unknown Source)
	at org.apache.derby.impl.jdbc.EmbedStatement.executeStatement(Unknown Source)
	at org.apache.derby.impl.jdbc.EmbedPreparedStatement.executeBatchElement(Unknown Source)
	... 94 more
Caused by: ERROR 23503: DELETE on table 'DBS' caused a violation of foreign key constraint 'TBLS_FK1' for key (3).  The statement has been rolled back.
	at org.apache.derby.iapi.error.StandardException.newException(Unknown Source)
	at org.apache.derby.iapi.error.StandardException.newException(Unknown Source)
	at org.apache.derby.impl.sql.execute.ReferencedKeyRIChecker.doCheck(Unknown Source)
	at org.apache.derby.impl.sql.execute.RISetChecker.doPKCheck(Unknown Source)
	at org.apache.derby.impl.sql.execute.DeleteResultSet.collectAffectedRows(Unknown Source)
	at org.apache.derby.impl.sql.execute.DeleteResultSet.open(Unknown Source)
	at org.apache.derby.impl.sql.GenericPreparedStatement.executeStmt(Unknown Source)
	at org.apache.derby.impl.sql.GenericPreparedStatement.execute(Unknown Source)
	... 96 more

2024-04-24T11:29:10,018  INFO [main] HiveMetaStore.audit: ugi=alex	ip=unknown-ip-addr	cmd=drop_database: @hive#junit_specific_db	
2024-04-24T11:29:10,023  INFO [main] HiveMetaStore.audit: ugi=alex	ip=unknown-ip-addr	cmd=get_all_tables: db=@hive#junit_specific_db	
2024-04-24T11:29:10,024  INFO [main] HiveMetaStore.audit: ugi=alex	ip=unknown-ip-addr	cmd=get_functions: db=@hive#junit_specific_db pat=*	
2024-04-24T11:29:10,026  INFO [main] HiveMetaStore.audit: ugi=alex	ip=unknown-ip-addr	cmd=get_all_stored_procedures	
2024-04-24T11:29:10,027  INFO [main] HiveMetaStore.audit: ugi=alex	ip=unknown-ip-addr	cmd=get_all_packages	
2024-04-24T11:29:10,028  INFO [main] HiveMetaStore.audit: ugi=alex	ip=unknown-ip-addr	cmd=getTablesByTypeCore: catName=hive: db=junit_specific_db pat=.*,type=MATERIALIZED_VIEW	
2024-04-24T11:29:10,032  INFO [main] metastore.ObjectStore: Dropping database hive.junit_specific_db along with all tables
2024-04-24T11:29:10,039  INFO [main] txn.TxnHandler: Non-retryable error in cleanupRecords : Table/View 'TXN_COMPONENTS' does not exist. (SQLState=42X05, ErrorCode=20000)
2024-04-24T11:29:10,039  WARN [main] txn.TxnHandler: Cannot perform cleanup since metastore table does not exist
2024-04-24T11:29:10,041 ERROR [main] metastore.RetryingHMSHandler: Retrying HMSHandler after 2000 ms (attempt 7 of 10) with error: javax.jdo.JDODataStoreException: Exception thrown flushing changes to datastore
	at org.datanucleus.api.jdo.NucleusJDOHelper.getJDOExceptionForNucleusException(NucleusJDOHelper.java:542)
	at org.datanucleus.api.jdo.JDOTransaction.commit(JDOTransaction.java:162)
	at org.apache.hadoop.hive.metastore.ObjectStore.commitTransaction(ObjectStore.java:615)
	at sun.reflect.GeneratedMethodAccessor31.invoke(Unknown Source)
	at sun.reflect.DelegatingMethodAccessorImpl.invoke(DelegatingMethodAccessorImpl.java:43)
	at java.lang.reflect.Method.invoke(Method.java:498)
	at org.apache.hadoop.hive.metastore.RawStoreProxy.invoke(RawStoreProxy.java:97)
	at com.sun.proxy.$Proxy32.commitTransaction(Unknown Source)
	at org.apache.hadoop.hive.metastore.HMSHandler.drop_database_core(HMSHandler.java:1790)
	at org.apache.hadoop.hive.metastore.HMSHandler.drop_database(HMSHandler.java:1869)
	at sun.reflect.GeneratedMethodAccessor54.invoke(Unknown Source)
	at sun.reflect.DelegatingMethodAccessorImpl.invoke(DelegatingMethodAccessorImpl.java:43)
	at java.lang.reflect.Method.invoke(Method.java:498)
	at org.apache.hadoop.hive.metastore.RetryingHMSHandler.invokeInternal(RetryingHMSHandler.java:147)
	at org.apache.hadoop.hive.metastore.RetryingHMSHandler.invoke(RetryingHMSHandler.java:108)
	at com.sun.proxy.$Proxy35.drop_database(Unknown Source)
	at org.apache.hadoop.hive.metastore.HiveMetaStoreClient.dropDatabaseCascadePerDb(HiveMetaStoreClient.java:1601)
	at org.apache.hadoop.hive.metastore.HiveMetaStoreClient.dropDatabase(HiveMetaStoreClient.java:1532)
	at org.apache.hadoop.hive.metastore.HiveMetaStoreClient.dropDatabase(HiveMetaStoreClient.java:1485)
	at sun.reflect.NativeMethodAccessorImpl.invoke0(Native Method)
	at sun.reflect.NativeMethodAccessorImpl.invoke(NativeMethodAccessorImpl.java:62)
	at sun.reflect.DelegatingMethodAccessorImpl.invoke(DelegatingMethodAccessorImpl.java:43)
	at java.lang.reflect.Method.invoke(Method.java:498)
	at org.apache.hadoop.hive.metastore.RetryingMetaStoreClient.invoke(RetryingMetaStoreClient.java:218)
	at com.sun.proxy.$Proxy45.dropDatabase(Unknown Source)
	at org.apache.hadoop.hive.ql.metadata.Hive.dropDatabase(Hive.java:662)
	at org.apache.hadoop.hive.ql.ddl.database.drop.DropDatabaseOperation.execute(DropDatabaseOperation.java:52)
	at org.apache.hadoop.hive.ql.ddl.DDLTask.execute(DDLTask.java:84)
	at org.apache.hadoop.hive.ql.exec.Task.executeTask(Task.java:212)
	at org.apache.hadoop.hive.ql.exec.TaskRunner.runSequential(TaskRunner.java:105)
	at org.apache.hadoop.hive.ql.Executor.launchTask(Executor.java:361)
	at org.apache.hadoop.hive.ql.Executor.launchTasks(Executor.java:334)
	at org.apache.hadoop.hive.ql.Executor.runTasks(Executor.java:245)
	at org.apache.hadoop.hive.ql.Executor.execute(Executor.java:108)
	at org.apache.hadoop.hive.ql.Driver.execute(Driver.java:348)
	at org.apache.hadoop.hive.ql.Driver.runInternal(Driver.java:204)
	at org.apache.hadoop.hive.ql.Driver.run(Driver.java:153)
	at org.apache.hadoop.hive.ql.Driver.run(Driver.java:148)
	at org.apache.hadoop.hive.ql.reexec.ReExecDriver.run(ReExecDriver.java:164)
	at org.apache.hadoop.hive.ql.reexec.ReExecDriver.run(ReExecDriver.java:230)
	at org.apache.hive.hcatalog.pig.AbstractHCatLoaderTest.executeStatementOnDriver(AbstractHCatLoaderTest.java:151)
	at org.apache.hive.hcatalog.pig.AbstractHCatLoaderTest.tearDown(AbstractHCatLoaderTest.java:239)
	at sun.reflect.NativeMethodAccessorImpl.invoke0(Native Method)
	at sun.reflect.NativeMethodAccessorImpl.invoke(NativeMethodAccessorImpl.java:62)
	at sun.reflect.DelegatingMethodAccessorImpl.invoke(DelegatingMethodAccessorImpl.java:43)
	at java.lang.reflect.Method.invoke(Method.java:498)
	at org.junit.runners.model.FrameworkMethod$1.runReflectiveCall(FrameworkMethod.java:59)
	at org.junit.internal.runners.model.ReflectiveCallable.run(ReflectiveCallable.java:12)
	at org.junit.runners.model.FrameworkMethod.invokeExplosively(FrameworkMethod.java:56)
	at org.junit.internal.runners.statements.RunAfters.invokeMethod(RunAfters.java:46)
	at org.junit.internal.runners.statements.RunAfters.evaluate(RunAfters.java:33)
	at org.junit.runners.ParentRunner$3.evaluate(ParentRunner.java:306)
	at org.junit.runners.BlockJUnit4ClassRunner$1.evaluate(BlockJUnit4ClassRunner.java:100)
	at org.junit.runners.ParentRunner.runLeaf(ParentRunner.java:366)
	at org.junit.runners.BlockJUnit4ClassRunner.runChild(BlockJUnit4ClassRunner.java:103)
	at org.junit.runners.BlockJUnit4ClassRunner.runChild(BlockJUnit4ClassRunner.java:63)
	at org.junit.runners.ParentRunner$4.run(ParentRunner.java:331)
	at org.junit.runners.ParentRunner$1.schedule(ParentRunner.java:79)
	at org.junit.runners.ParentRunner.runChildren(ParentRunner.java:329)
	at org.junit.runners.ParentRunner.access$100(ParentRunner.java:66)
	at org.junit.runners.ParentRunner$2.evaluate(ParentRunner.java:293)
	at org.junit.internal.runners.statements.RunBefores.evaluate(RunBefores.java:26)
	at org.junit.runners.ParentRunner$3.evaluate(ParentRunner.java:306)
	at org.junit.runners.ParentRunner.run(ParentRunner.java:413)
	at org.junit.runners.Suite.runChild(Suite.java:128)
	at org.junit.runners.Suite.runChild(Suite.java:27)
	at org.junit.runners.ParentRunner$4.run(ParentRunner.java:331)
	at org.junit.runners.ParentRunner$1.schedule(ParentRunner.java:79)
	at org.junit.runners.ParentRunner.runChildren(ParentRunner.java:329)
	at org.junit.runners.ParentRunner.access$100(ParentRunner.java:66)
	at org.junit.runners.ParentRunner$2.evaluate(ParentRunner.java:293)
	at org.junit.runners.ParentRunner$3.evaluate(ParentRunner.java:306)
	at org.junit.runners.ParentRunner.run(ParentRunner.java:413)
	at org.apache.maven.surefire.junitcore.JUnitCore.run(JUnitCore.java:55)
	at org.apache.maven.surefire.junitcore.JUnitCoreWrapper.createRequestAndRun(JUnitCoreWrapper.java:137)
	at org.apache.maven.surefire.junitcore.JUnitCoreWrapper.executeEager(JUnitCoreWrapper.java:107)
	at org.apache.maven.surefire.junitcore.JUnitCoreWrapper.execute(JUnitCoreWrapper.java:83)
	at org.apache.maven.surefire.junitcore.JUnitCoreWrapper.execute(JUnitCoreWrapper.java:75)
	at org.apache.maven.surefire.junitcore.JUnitCoreProvider.invoke(JUnitCoreProvider.java:158)
	at org.apache.maven.surefire.booter.ForkedBooter.runSuitesInProcess(ForkedBooter.java:377)
	at org.apache.maven.surefire.booter.ForkedBooter.execute(ForkedBooter.java:138)
	at org.apache.maven.surefire.booter.ForkedBooter.run(ForkedBooter.java:465)
	at org.apache.maven.surefire.booter.ForkedBooter.main(ForkedBooter.java:451)
NestedThrowablesStackTrace:
java.sql.BatchUpdateException: DELETE on table 'DBS' caused a violation of foreign key constraint 'TBLS_FK1' for key (3).  The statement has been rolled back.
	at org.apache.derby.impl.jdbc.EmbedStatement.executeLargeBatch(Unknown Source)
	at org.apache.derby.impl.jdbc.EmbedStatement.executeBatch(Unknown Source)
	at com.zaxxer.hikari.pool.ProxyStatement.executeBatch(ProxyStatement.java:128)
	at com.zaxxer.hikari.pool.HikariProxyPreparedStatement.executeBatch(HikariProxyPreparedStatement.java)
	at org.datanucleus.store.rdbms.ParamLoggingPreparedStatement.executeBatch(ParamLoggingPreparedStatement.java:366)
	at org.datanucleus.store.rdbms.SQLController.processConnectionStatement(SQLController.java:675)
	at org.datanucleus.store.rdbms.SQLController.processStatementsForConnection(SQLController.java:643)
	at org.datanucleus.store.rdbms.SQLController$1.transactionFlushed(SQLController.java:729)
	at org.datanucleus.store.connection.AbstractManagedConnection.transactionFlushed(AbstractManagedConnection.java:95)
	at org.datanucleus.store.connection.ConnectionManagerImpl$2.transactionFlushed(ConnectionManagerImpl.java:528)
	at org.datanucleus.TransactionImpl.flush(TransactionImpl.java:222)
	at org.datanucleus.TransactionImpl.commit(TransactionImpl.java:286)
	at org.datanucleus.api.jdo.JDOTransaction.commit(JDOTransaction.java:99)
	at org.apache.hadoop.hive.metastore.ObjectStore.commitTransaction(ObjectStore.java:615)
	at sun.reflect.GeneratedMethodAccessor31.invoke(Unknown Source)
	at sun.reflect.DelegatingMethodAccessorImpl.invoke(DelegatingMethodAccessorImpl.java:43)
	at java.lang.reflect.Method.invoke(Method.java:498)
	at org.apache.hadoop.hive.metastore.RawStoreProxy.invoke(RawStoreProxy.java:97)
	at com.sun.proxy.$Proxy32.commitTransaction(Unknown Source)
	at org.apache.hadoop.hive.metastore.HMSHandler.drop_database_core(HMSHandler.java:1790)
	at org.apache.hadoop.hive.metastore.HMSHandler.drop_database(HMSHandler.java:1869)
	at sun.reflect.GeneratedMethodAccessor54.invoke(Unknown Source)
	at sun.reflect.DelegatingMethodAccessorImpl.invoke(DelegatingMethodAccessorImpl.java:43)
	at java.lang.reflect.Method.invoke(Method.java:498)
	at org.apache.hadoop.hive.metastore.RetryingHMSHandler.invokeInternal(RetryingHMSHandler.java:147)
	at org.apache.hadoop.hive.metastore.RetryingHMSHandler.invoke(RetryingHMSHandler.java:108)
	at com.sun.proxy.$Proxy35.drop_database(Unknown Source)
	at org.apache.hadoop.hive.metastore.HiveMetaStoreClient.dropDatabaseCascadePerDb(HiveMetaStoreClient.java:1601)
	at org.apache.hadoop.hive.metastore.HiveMetaStoreClient.dropDatabase(HiveMetaStoreClient.java:1532)
	at org.apache.hadoop.hive.metastore.HiveMetaStoreClient.dropDatabase(HiveMetaStoreClient.java:1485)
	at sun.reflect.NativeMethodAccessorImpl.invoke0(Native Method)
	at sun.reflect.NativeMethodAccessorImpl.invoke(NativeMethodAccessorImpl.java:62)
	at sun.reflect.DelegatingMethodAccessorImpl.invoke(DelegatingMethodAccessorImpl.java:43)
	at java.lang.reflect.Method.invoke(Method.java:498)
	at org.apache.hadoop.hive.metastore.RetryingMetaStoreClient.invoke(RetryingMetaStoreClient.java:218)
	at com.sun.proxy.$Proxy45.dropDatabase(Unknown Source)
	at org.apache.hadoop.hive.ql.metadata.Hive.dropDatabase(Hive.java:662)
	at org.apache.hadoop.hive.ql.ddl.database.drop.DropDatabaseOperation.execute(DropDatabaseOperation.java:52)
	at org.apache.hadoop.hive.ql.ddl.DDLTask.execute(DDLTask.java:84)
	at org.apache.hadoop.hive.ql.exec.Task.executeTask(Task.java:212)
	at org.apache.hadoop.hive.ql.exec.TaskRunner.runSequential(TaskRunner.java:105)
	at org.apache.hadoop.hive.ql.Executor.launchTask(Executor.java:361)
	at org.apache.hadoop.hive.ql.Executor.launchTasks(Executor.java:334)
	at org.apache.hadoop.hive.ql.Executor.runTasks(Executor.java:245)
	at org.apache.hadoop.hive.ql.Executor.execute(Executor.java:108)
	at org.apache.hadoop.hive.ql.Driver.execute(Driver.java:348)
	at org.apache.hadoop.hive.ql.Driver.runInternal(Driver.java:204)
	at org.apache.hadoop.hive.ql.Driver.run(Driver.java:153)
	at org.apache.hadoop.hive.ql.Driver.run(Driver.java:148)
	at org.apache.hadoop.hive.ql.reexec.ReExecDriver.run(ReExecDriver.java:164)
	at org.apache.hadoop.hive.ql.reexec.ReExecDriver.run(ReExecDriver.java:230)
	at org.apache.hive.hcatalog.pig.AbstractHCatLoaderTest.executeStatementOnDriver(AbstractHCatLoaderTest.java:151)
	at org.apache.hive.hcatalog.pig.AbstractHCatLoaderTest.tearDown(AbstractHCatLoaderTest.java:239)
	at sun.reflect.NativeMethodAccessorImpl.invoke0(Native Method)
	at sun.reflect.NativeMethodAccessorImpl.invoke(NativeMethodAccessorImpl.java:62)
	at sun.reflect.DelegatingMethodAccessorImpl.invoke(DelegatingMethodAccessorImpl.java:43)
	at java.lang.reflect.Method.invoke(Method.java:498)
	at org.junit.runners.model.FrameworkMethod$1.runReflectiveCall(FrameworkMethod.java:59)
	at org.junit.internal.runners.model.ReflectiveCallable.run(ReflectiveCallable.java:12)
	at org.junit.runners.model.FrameworkMethod.invokeExplosively(FrameworkMethod.java:56)
	at org.junit.internal.runners.statements.RunAfters.invokeMethod(RunAfters.java:46)
	at org.junit.internal.runners.statements.RunAfters.evaluate(RunAfters.java:33)
	at org.junit.runners.ParentRunner$3.evaluate(ParentRunner.java:306)
	at org.junit.runners.BlockJUnit4ClassRunner$1.evaluate(BlockJUnit4ClassRunner.java:100)
	at org.junit.runners.ParentRunner.runLeaf(ParentRunner.java:366)
	at org.junit.runners.BlockJUnit4ClassRunner.runChild(BlockJUnit4ClassRunner.java:103)
	at org.junit.runners.BlockJUnit4ClassRunner.runChild(BlockJUnit4ClassRunner.java:63)
	at org.junit.runners.ParentRunner$4.run(ParentRunner.java:331)
	at org.junit.runners.ParentRunner$1.schedule(ParentRunner.java:79)
	at org.junit.runners.ParentRunner.runChildren(ParentRunner.java:329)
	at org.junit.runners.ParentRunner.access$100(ParentRunner.java:66)
	at org.junit.runners.ParentRunner$2.evaluate(ParentRunner.java:293)
	at org.junit.internal.runners.statements.RunBefores.evaluate(RunBefores.java:26)
	at org.junit.runners.ParentRunner$3.evaluate(ParentRunner.java:306)
	at org.junit.runners.ParentRunner.run(ParentRunner.java:413)
	at org.junit.runners.Suite.runChild(Suite.java:128)
	at org.junit.runners.Suite.runChild(Suite.java:27)
	at org.junit.runners.ParentRunner$4.run(ParentRunner.java:331)
	at org.junit.runners.ParentRunner$1.schedule(ParentRunner.java:79)
	at org.junit.runners.ParentRunner.runChildren(ParentRunner.java:329)
	at org.junit.runners.ParentRunner.access$100(ParentRunner.java:66)
	at org.junit.runners.ParentRunner$2.evaluate(ParentRunner.java:293)
	at org.junit.runners.ParentRunner$3.evaluate(ParentRunner.java:306)
	at org.junit.runners.ParentRunner.run(ParentRunner.java:413)
	at org.apache.maven.surefire.junitcore.JUnitCore.run(JUnitCore.java:55)
	at org.apache.maven.surefire.junitcore.JUnitCoreWrapper.createRequestAndRun(JUnitCoreWrapper.java:137)
	at org.apache.maven.surefire.junitcore.JUnitCoreWrapper.executeEager(JUnitCoreWrapper.java:107)
	at org.apache.maven.surefire.junitcore.JUnitCoreWrapper.execute(JUnitCoreWrapper.java:83)
	at org.apache.maven.surefire.junitcore.JUnitCoreWrapper.execute(JUnitCoreWrapper.java:75)
	at org.apache.maven.surefire.junitcore.JUnitCoreProvider.invoke(JUnitCoreProvider.java:158)
	at org.apache.maven.surefire.booter.ForkedBooter.runSuitesInProcess(ForkedBooter.java:377)
	at org.apache.maven.surefire.booter.ForkedBooter.execute(ForkedBooter.java:138)
	at org.apache.maven.surefire.booter.ForkedBooter.run(ForkedBooter.java:465)
	at org.apache.maven.surefire.booter.ForkedBooter.main(ForkedBooter.java:451)
Caused by: org.apache.derby.shared.common.error.DerbySQLIntegrityConstraintViolationException: DELETE on table 'DBS' caused a violation of foreign key constraint 'TBLS_FK1' for key (3).  The statement has been rolled back.
	at org.apache.derby.impl.jdbc.SQLExceptionFactory.getSQLException(Unknown Source)
	at org.apache.derby.impl.jdbc.Util.generateCsSQLException(Unknown Source)
	at org.apache.derby.impl.jdbc.TransactionResourceImpl.wrapInSQLException(Unknown Source)
	at org.apache.derby.impl.jdbc.TransactionResourceImpl.handleException(Unknown Source)
	at org.apache.derby.impl.jdbc.EmbedConnection.handleException(Unknown Source)
	at org.apache.derby.impl.jdbc.ConnectionChild.handleException(Unknown Source)
	at org.apache.derby.impl.jdbc.EmbedStatement.executeStatement(Unknown Source)
	at org.apache.derby.impl.jdbc.EmbedPreparedStatement.executeBatchElement(Unknown Source)
	... 94 more
Caused by: ERROR 23503: DELETE on table 'DBS' caused a violation of foreign key constraint 'TBLS_FK1' for key (3).  The statement has been rolled back.
	at org.apache.derby.iapi.error.StandardException.newException(Unknown Source)
	at org.apache.derby.iapi.error.StandardException.newException(Unknown Source)
	at org.apache.derby.impl.sql.execute.ReferencedKeyRIChecker.doCheck(Unknown Source)
	at org.apache.derby.impl.sql.execute.RISetChecker.doPKCheck(Unknown Source)
	at org.apache.derby.impl.sql.execute.DeleteResultSet.collectAffectedRows(Unknown Source)
	at org.apache.derby.impl.sql.execute.DeleteResultSet.open(Unknown Source)
	at org.apache.derby.impl.sql.GenericPreparedStatement.executeStmt(Unknown Source)
	at org.apache.derby.impl.sql.GenericPreparedStatement.execute(Unknown Source)
	... 96 more

2024-04-24T11:29:10,757  INFO [HiveClientCache-cleaner-0] HiveMetaStore.audit: ugi=alex	ip=unknown-ip-addr	cmd=Done cleaning up thread local RawStore	
2024-04-24T11:29:10,757  INFO [HiveClientCache-cleaner-0] metastore.HiveMetaStoreClient: Closed a connection to metastore, current connections: -22
2024-04-24T11:29:10,758  INFO [HiveClientCache-cleaner-0] HiveMetaStore.audit: ugi=alex	ip=unknown-ip-addr	cmd=Done cleaning up thread local RawStore	
2024-04-24T11:29:10,758  INFO [HiveClientCache-cleaner-0] metastore.HiveMetaStoreClient: Closed a connection to metastore, current connections: -23
2024-04-24T11:29:10,758  INFO [HiveClientCache-cleaner-0] HiveMetaStore.audit: ugi=alex	ip=unknown-ip-addr	cmd=Done cleaning up thread local RawStore	
2024-04-24T11:29:10,759  INFO [HiveClientCache-cleaner-0] metastore.HiveMetaStoreClient: Closed a connection to metastore, current connections: -24
2024-04-24T11:29:10,759  INFO [HiveClientCache-cleaner-0] HiveMetaStore.audit: ugi=alex	ip=unknown-ip-addr	cmd=Done cleaning up thread local RawStore	
2024-04-24T11:29:10,759  INFO [HiveClientCache-cleaner-0] metastore.HiveMetaStoreClient: Closed a connection to metastore, current connections: -25
2024-04-24T11:29:12,042  INFO [main] HiveMetaStore.audit: ugi=alex	ip=unknown-ip-addr	cmd=drop_database: @hive#junit_specific_db	
2024-04-24T11:29:12,046  INFO [main] HiveMetaStore.audit: ugi=alex	ip=unknown-ip-addr	cmd=get_all_tables: db=@hive#junit_specific_db	
2024-04-24T11:29:12,046  INFO [main] HiveMetaStore.audit: ugi=alex	ip=unknown-ip-addr	cmd=get_functions: db=@hive#junit_specific_db pat=*	
2024-04-24T11:29:12,048  INFO [main] HiveMetaStore.audit: ugi=alex	ip=unknown-ip-addr	cmd=get_all_stored_procedures	
2024-04-24T11:29:12,050  INFO [main] HiveMetaStore.audit: ugi=alex	ip=unknown-ip-addr	cmd=get_all_packages	
2024-04-24T11:29:12,051  INFO [main] HiveMetaStore.audit: ugi=alex	ip=unknown-ip-addr	cmd=getTablesByTypeCore: catName=hive: db=junit_specific_db pat=.*,type=MATERIALIZED_VIEW	
2024-04-24T11:29:12,055  INFO [main] metastore.ObjectStore: Dropping database hive.junit_specific_db along with all tables
2024-04-24T11:29:12,061  INFO [main] txn.TxnHandler: Non-retryable error in cleanupRecords : Table/View 'TXN_COMPONENTS' does not exist. (SQLState=42X05, ErrorCode=20000)
2024-04-24T11:29:12,061  WARN [main] txn.TxnHandler: Cannot perform cleanup since metastore table does not exist
2024-04-24T11:29:12,063 ERROR [main] metastore.RetryingHMSHandler: Retrying HMSHandler after 2000 ms (attempt 8 of 10) with error: javax.jdo.JDODataStoreException: Exception thrown flushing changes to datastore
	at org.datanucleus.api.jdo.NucleusJDOHelper.getJDOExceptionForNucleusException(NucleusJDOHelper.java:542)
	at org.datanucleus.api.jdo.JDOTransaction.commit(JDOTransaction.java:162)
	at org.apache.hadoop.hive.metastore.ObjectStore.commitTransaction(ObjectStore.java:615)
	at sun.reflect.GeneratedMethodAccessor31.invoke(Unknown Source)
	at sun.reflect.DelegatingMethodAccessorImpl.invoke(DelegatingMethodAccessorImpl.java:43)
	at java.lang.reflect.Method.invoke(Method.java:498)
	at org.apache.hadoop.hive.metastore.RawStoreProxy.invoke(RawStoreProxy.java:97)
	at com.sun.proxy.$Proxy32.commitTransaction(Unknown Source)
	at org.apache.hadoop.hive.metastore.HMSHandler.drop_database_core(HMSHandler.java:1790)
	at org.apache.hadoop.hive.metastore.HMSHandler.drop_database(HMSHandler.java:1869)
	at sun.reflect.GeneratedMethodAccessor54.invoke(Unknown Source)
	at sun.reflect.DelegatingMethodAccessorImpl.invoke(DelegatingMethodAccessorImpl.java:43)
	at java.lang.reflect.Method.invoke(Method.java:498)
	at org.apache.hadoop.hive.metastore.RetryingHMSHandler.invokeInternal(RetryingHMSHandler.java:147)
	at org.apache.hadoop.hive.metastore.RetryingHMSHandler.invoke(RetryingHMSHandler.java:108)
	at com.sun.proxy.$Proxy35.drop_database(Unknown Source)
	at org.apache.hadoop.hive.metastore.HiveMetaStoreClient.dropDatabaseCascadePerDb(HiveMetaStoreClient.java:1601)
	at org.apache.hadoop.hive.metastore.HiveMetaStoreClient.dropDatabase(HiveMetaStoreClient.java:1532)
	at org.apache.hadoop.hive.metastore.HiveMetaStoreClient.dropDatabase(HiveMetaStoreClient.java:1485)
	at sun.reflect.NativeMethodAccessorImpl.invoke0(Native Method)
	at sun.reflect.NativeMethodAccessorImpl.invoke(NativeMethodAccessorImpl.java:62)
	at sun.reflect.DelegatingMethodAccessorImpl.invoke(DelegatingMethodAccessorImpl.java:43)
	at java.lang.reflect.Method.invoke(Method.java:498)
	at org.apache.hadoop.hive.metastore.RetryingMetaStoreClient.invoke(RetryingMetaStoreClient.java:218)
	at com.sun.proxy.$Proxy45.dropDatabase(Unknown Source)
	at org.apache.hadoop.hive.ql.metadata.Hive.dropDatabase(Hive.java:662)
	at org.apache.hadoop.hive.ql.ddl.database.drop.DropDatabaseOperation.execute(DropDatabaseOperation.java:52)
	at org.apache.hadoop.hive.ql.ddl.DDLTask.execute(DDLTask.java:84)
	at org.apache.hadoop.hive.ql.exec.Task.executeTask(Task.java:212)
	at org.apache.hadoop.hive.ql.exec.TaskRunner.runSequential(TaskRunner.java:105)
	at org.apache.hadoop.hive.ql.Executor.launchTask(Executor.java:361)
	at org.apache.hadoop.hive.ql.Executor.launchTasks(Executor.java:334)
	at org.apache.hadoop.hive.ql.Executor.runTasks(Executor.java:245)
	at org.apache.hadoop.hive.ql.Executor.execute(Executor.java:108)
	at org.apache.hadoop.hive.ql.Driver.execute(Driver.java:348)
	at org.apache.hadoop.hive.ql.Driver.runInternal(Driver.java:204)
	at org.apache.hadoop.hive.ql.Driver.run(Driver.java:153)
	at org.apache.hadoop.hive.ql.Driver.run(Driver.java:148)
	at org.apache.hadoop.hive.ql.reexec.ReExecDriver.run(ReExecDriver.java:164)
	at org.apache.hadoop.hive.ql.reexec.ReExecDriver.run(ReExecDriver.java:230)
	at org.apache.hive.hcatalog.pig.AbstractHCatLoaderTest.executeStatementOnDriver(AbstractHCatLoaderTest.java:151)
	at org.apache.hive.hcatalog.pig.AbstractHCatLoaderTest.tearDown(AbstractHCatLoaderTest.java:239)
	at sun.reflect.NativeMethodAccessorImpl.invoke0(Native Method)
	at sun.reflect.NativeMethodAccessorImpl.invoke(NativeMethodAccessorImpl.java:62)
	at sun.reflect.DelegatingMethodAccessorImpl.invoke(DelegatingMethodAccessorImpl.java:43)
	at java.lang.reflect.Method.invoke(Method.java:498)
	at org.junit.runners.model.FrameworkMethod$1.runReflectiveCall(FrameworkMethod.java:59)
	at org.junit.internal.runners.model.ReflectiveCallable.run(ReflectiveCallable.java:12)
	at org.junit.runners.model.FrameworkMethod.invokeExplosively(FrameworkMethod.java:56)
	at org.junit.internal.runners.statements.RunAfters.invokeMethod(RunAfters.java:46)
	at org.junit.internal.runners.statements.RunAfters.evaluate(RunAfters.java:33)
	at org.junit.runners.ParentRunner$3.evaluate(ParentRunner.java:306)
	at org.junit.runners.BlockJUnit4ClassRunner$1.evaluate(BlockJUnit4ClassRunner.java:100)
	at org.junit.runners.ParentRunner.runLeaf(ParentRunner.java:366)
	at org.junit.runners.BlockJUnit4ClassRunner.runChild(BlockJUnit4ClassRunner.java:103)
	at org.junit.runners.BlockJUnit4ClassRunner.runChild(BlockJUnit4ClassRunner.java:63)
	at org.junit.runners.ParentRunner$4.run(ParentRunner.java:331)
	at org.junit.runners.ParentRunner$1.schedule(ParentRunner.java:79)
	at org.junit.runners.ParentRunner.runChildren(ParentRunner.java:329)
	at org.junit.runners.ParentRunner.access$100(ParentRunner.java:66)
	at org.junit.runners.ParentRunner$2.evaluate(ParentRunner.java:293)
	at org.junit.internal.runners.statements.RunBefores.evaluate(RunBefores.java:26)
	at org.junit.runners.ParentRunner$3.evaluate(ParentRunner.java:306)
	at org.junit.runners.ParentRunner.run(ParentRunner.java:413)
	at org.junit.runners.Suite.runChild(Suite.java:128)
	at org.junit.runners.Suite.runChild(Suite.java:27)
	at org.junit.runners.ParentRunner$4.run(ParentRunner.java:331)
	at org.junit.runners.ParentRunner$1.schedule(ParentRunner.java:79)
	at org.junit.runners.ParentRunner.runChildren(ParentRunner.java:329)
	at org.junit.runners.ParentRunner.access$100(ParentRunner.java:66)
	at org.junit.runners.ParentRunner$2.evaluate(ParentRunner.java:293)
	at org.junit.runners.ParentRunner$3.evaluate(ParentRunner.java:306)
	at org.junit.runners.ParentRunner.run(ParentRunner.java:413)
	at org.apache.maven.surefire.junitcore.JUnitCore.run(JUnitCore.java:55)
	at org.apache.maven.surefire.junitcore.JUnitCoreWrapper.createRequestAndRun(JUnitCoreWrapper.java:137)
	at org.apache.maven.surefire.junitcore.JUnitCoreWrapper.executeEager(JUnitCoreWrapper.java:107)
	at org.apache.maven.surefire.junitcore.JUnitCoreWrapper.execute(JUnitCoreWrapper.java:83)
	at org.apache.maven.surefire.junitcore.JUnitCoreWrapper.execute(JUnitCoreWrapper.java:75)
	at org.apache.maven.surefire.junitcore.JUnitCoreProvider.invoke(JUnitCoreProvider.java:158)
	at org.apache.maven.surefire.booter.ForkedBooter.runSuitesInProcess(ForkedBooter.java:377)
	at org.apache.maven.surefire.booter.ForkedBooter.execute(ForkedBooter.java:138)
	at org.apache.maven.surefire.booter.ForkedBooter.run(ForkedBooter.java:465)
	at org.apache.maven.surefire.booter.ForkedBooter.main(ForkedBooter.java:451)
NestedThrowablesStackTrace:
java.sql.BatchUpdateException: DELETE on table 'DBS' caused a violation of foreign key constraint 'TBLS_FK1' for key (3).  The statement has been rolled back.
	at org.apache.derby.impl.jdbc.EmbedStatement.executeLargeBatch(Unknown Source)
	at org.apache.derby.impl.jdbc.EmbedStatement.executeBatch(Unknown Source)
	at com.zaxxer.hikari.pool.ProxyStatement.executeBatch(ProxyStatement.java:128)
	at com.zaxxer.hikari.pool.HikariProxyPreparedStatement.executeBatch(HikariProxyPreparedStatement.java)
	at org.datanucleus.store.rdbms.ParamLoggingPreparedStatement.executeBatch(ParamLoggingPreparedStatement.java:366)
	at org.datanucleus.store.rdbms.SQLController.processConnectionStatement(SQLController.java:675)
	at org.datanucleus.store.rdbms.SQLController.processStatementsForConnection(SQLController.java:643)
	at org.datanucleus.store.rdbms.SQLController$1.transactionFlushed(SQLController.java:729)
	at org.datanucleus.store.connection.AbstractManagedConnection.transactionFlushed(AbstractManagedConnection.java:95)
	at org.datanucleus.store.connection.ConnectionManagerImpl$2.transactionFlushed(ConnectionManagerImpl.java:528)
	at org.datanucleus.TransactionImpl.flush(TransactionImpl.java:222)
	at org.datanucleus.TransactionImpl.commit(TransactionImpl.java:286)
	at org.datanucleus.api.jdo.JDOTransaction.commit(JDOTransaction.java:99)
	at org.apache.hadoop.hive.metastore.ObjectStore.commitTransaction(ObjectStore.java:615)
	at sun.reflect.GeneratedMethodAccessor31.invoke(Unknown Source)
	at sun.reflect.DelegatingMethodAccessorImpl.invoke(DelegatingMethodAccessorImpl.java:43)
	at java.lang.reflect.Method.invoke(Method.java:498)
	at org.apache.hadoop.hive.metastore.RawStoreProxy.invoke(RawStoreProxy.java:97)
	at com.sun.proxy.$Proxy32.commitTransaction(Unknown Source)
	at org.apache.hadoop.hive.metastore.HMSHandler.drop_database_core(HMSHandler.java:1790)
	at org.apache.hadoop.hive.metastore.HMSHandler.drop_database(HMSHandler.java:1869)
	at sun.reflect.GeneratedMethodAccessor54.invoke(Unknown Source)
	at sun.reflect.DelegatingMethodAccessorImpl.invoke(DelegatingMethodAccessorImpl.java:43)
	at java.lang.reflect.Method.invoke(Method.java:498)
	at org.apache.hadoop.hive.metastore.RetryingHMSHandler.invokeInternal(RetryingHMSHandler.java:147)
	at org.apache.hadoop.hive.metastore.RetryingHMSHandler.invoke(RetryingHMSHandler.java:108)
	at com.sun.proxy.$Proxy35.drop_database(Unknown Source)
	at org.apache.hadoop.hive.metastore.HiveMetaStoreClient.dropDatabaseCascadePerDb(HiveMetaStoreClient.java:1601)
	at org.apache.hadoop.hive.metastore.HiveMetaStoreClient.dropDatabase(HiveMetaStoreClient.java:1532)
	at org.apache.hadoop.hive.metastore.HiveMetaStoreClient.dropDatabase(HiveMetaStoreClient.java:1485)
	at sun.reflect.NativeMethodAccessorImpl.invoke0(Native Method)
	at sun.reflect.NativeMethodAccessorImpl.invoke(NativeMethodAccessorImpl.java:62)
	at sun.reflect.DelegatingMethodAccessorImpl.invoke(DelegatingMethodAccessorImpl.java:43)
	at java.lang.reflect.Method.invoke(Method.java:498)
	at org.apache.hadoop.hive.metastore.RetryingMetaStoreClient.invoke(RetryingMetaStoreClient.java:218)
	at com.sun.proxy.$Proxy45.dropDatabase(Unknown Source)
	at org.apache.hadoop.hive.ql.metadata.Hive.dropDatabase(Hive.java:662)
	at org.apache.hadoop.hive.ql.ddl.database.drop.DropDatabaseOperation.execute(DropDatabaseOperation.java:52)
	at org.apache.hadoop.hive.ql.ddl.DDLTask.execute(DDLTask.java:84)
	at org.apache.hadoop.hive.ql.exec.Task.executeTask(Task.java:212)
	at org.apache.hadoop.hive.ql.exec.TaskRunner.runSequential(TaskRunner.java:105)
	at org.apache.hadoop.hive.ql.Executor.launchTask(Executor.java:361)
	at org.apache.hadoop.hive.ql.Executor.launchTasks(Executor.java:334)
	at org.apache.hadoop.hive.ql.Executor.runTasks(Executor.java:245)
	at org.apache.hadoop.hive.ql.Executor.execute(Executor.java:108)
	at org.apache.hadoop.hive.ql.Driver.execute(Driver.java:348)
	at org.apache.hadoop.hive.ql.Driver.runInternal(Driver.java:204)
	at org.apache.hadoop.hive.ql.Driver.run(Driver.java:153)
	at org.apache.hadoop.hive.ql.Driver.run(Driver.java:148)
	at org.apache.hadoop.hive.ql.reexec.ReExecDriver.run(ReExecDriver.java:164)
	at org.apache.hadoop.hive.ql.reexec.ReExecDriver.run(ReExecDriver.java:230)
	at org.apache.hive.hcatalog.pig.AbstractHCatLoaderTest.executeStatementOnDriver(AbstractHCatLoaderTest.java:151)
	at org.apache.hive.hcatalog.pig.AbstractHCatLoaderTest.tearDown(AbstractHCatLoaderTest.java:239)
	at sun.reflect.NativeMethodAccessorImpl.invoke0(Native Method)
	at sun.reflect.NativeMethodAccessorImpl.invoke(NativeMethodAccessorImpl.java:62)
	at sun.reflect.DelegatingMethodAccessorImpl.invoke(DelegatingMethodAccessorImpl.java:43)
	at java.lang.reflect.Method.invoke(Method.java:498)
	at org.junit.runners.model.FrameworkMethod$1.runReflectiveCall(FrameworkMethod.java:59)
	at org.junit.internal.runners.model.ReflectiveCallable.run(ReflectiveCallable.java:12)
	at org.junit.runners.model.FrameworkMethod.invokeExplosively(FrameworkMethod.java:56)
	at org.junit.internal.runners.statements.RunAfters.invokeMethod(RunAfters.java:46)
	at org.junit.internal.runners.statements.RunAfters.evaluate(RunAfters.java:33)
	at org.junit.runners.ParentRunner$3.evaluate(ParentRunner.java:306)
	at org.junit.runners.BlockJUnit4ClassRunner$1.evaluate(BlockJUnit4ClassRunner.java:100)
	at org.junit.runners.ParentRunner.runLeaf(ParentRunner.java:366)
	at org.junit.runners.BlockJUnit4ClassRunner.runChild(BlockJUnit4ClassRunner.java:103)
	at org.junit.runners.BlockJUnit4ClassRunner.runChild(BlockJUnit4ClassRunner.java:63)
	at org.junit.runners.ParentRunner$4.run(ParentRunner.java:331)
	at org.junit.runners.ParentRunner$1.schedule(ParentRunner.java:79)
	at org.junit.runners.ParentRunner.runChildren(ParentRunner.java:329)
	at org.junit.runners.ParentRunner.access$100(ParentRunner.java:66)
	at org.junit.runners.ParentRunner$2.evaluate(ParentRunner.java:293)
	at org.junit.internal.runners.statements.RunBefores.evaluate(RunBefores.java:26)
	at org.junit.runners.ParentRunner$3.evaluate(ParentRunner.java:306)
	at org.junit.runners.ParentRunner.run(ParentRunner.java:413)
	at org.junit.runners.Suite.runChild(Suite.java:128)
	at org.junit.runners.Suite.runChild(Suite.java:27)
	at org.junit.runners.ParentRunner$4.run(ParentRunner.java:331)
	at org.junit.runners.ParentRunner$1.schedule(ParentRunner.java:79)
	at org.junit.runners.ParentRunner.runChildren(ParentRunner.java:329)
	at org.junit.runners.ParentRunner.access$100(ParentRunner.java:66)
	at org.junit.runners.ParentRunner$2.evaluate(ParentRunner.java:293)
	at org.junit.runners.ParentRunner$3.evaluate(ParentRunner.java:306)
	at org.junit.runners.ParentRunner.run(ParentRunner.java:413)
	at org.apache.maven.surefire.junitcore.JUnitCore.run(JUnitCore.java:55)
	at org.apache.maven.surefire.junitcore.JUnitCoreWrapper.createRequestAndRun(JUnitCoreWrapper.java:137)
	at org.apache.maven.surefire.junitcore.JUnitCoreWrapper.executeEager(JUnitCoreWrapper.java:107)
	at org.apache.maven.surefire.junitcore.JUnitCoreWrapper.execute(JUnitCoreWrapper.java:83)
	at org.apache.maven.surefire.junitcore.JUnitCoreWrapper.execute(JUnitCoreWrapper.java:75)
	at org.apache.maven.surefire.junitcore.JUnitCoreProvider.invoke(JUnitCoreProvider.java:158)
	at org.apache.maven.surefire.booter.ForkedBooter.runSuitesInProcess(ForkedBooter.java:377)
	at org.apache.maven.surefire.booter.ForkedBooter.execute(ForkedBooter.java:138)
	at org.apache.maven.surefire.booter.ForkedBooter.run(ForkedBooter.java:465)
	at org.apache.maven.surefire.booter.ForkedBooter.main(ForkedBooter.java:451)
Caused by: org.apache.derby.shared.common.error.DerbySQLIntegrityConstraintViolationException: DELETE on table 'DBS' caused a violation of foreign key constraint 'TBLS_FK1' for key (3).  The statement has been rolled back.
	at org.apache.derby.impl.jdbc.SQLExceptionFactory.getSQLException(Unknown Source)
	at org.apache.derby.impl.jdbc.Util.generateCsSQLException(Unknown Source)
	at org.apache.derby.impl.jdbc.TransactionResourceImpl.wrapInSQLException(Unknown Source)
	at org.apache.derby.impl.jdbc.TransactionResourceImpl.handleException(Unknown Source)
	at org.apache.derby.impl.jdbc.EmbedConnection.handleException(Unknown Source)
	at org.apache.derby.impl.jdbc.ConnectionChild.handleException(Unknown Source)
	at org.apache.derby.impl.jdbc.EmbedStatement.executeStatement(Unknown Source)
	at org.apache.derby.impl.jdbc.EmbedPreparedStatement.executeBatchElement(Unknown Source)
	... 94 more
Caused by: ERROR 23503: DELETE on table 'DBS' caused a violation of foreign key constraint 'TBLS_FK1' for key (3).  The statement has been rolled back.
	at org.apache.derby.iapi.error.StandardException.newException(Unknown Source)
	at org.apache.derby.iapi.error.StandardException.newException(Unknown Source)
	at org.apache.derby.impl.sql.execute.ReferencedKeyRIChecker.doCheck(Unknown Source)
	at org.apache.derby.impl.sql.execute.RISetChecker.doPKCheck(Unknown Source)
	at org.apache.derby.impl.sql.execute.DeleteResultSet.collectAffectedRows(Unknown Source)
	at org.apache.derby.impl.sql.execute.DeleteResultSet.open(Unknown Source)
	at org.apache.derby.impl.sql.GenericPreparedStatement.executeStmt(Unknown Source)
	at org.apache.derby.impl.sql.GenericPreparedStatement.execute(Unknown Source)
	... 96 more

2024-04-24T11:29:14,064  INFO [main] HiveMetaStore.audit: ugi=alex	ip=unknown-ip-addr	cmd=drop_database: @hive#junit_specific_db	
2024-04-24T11:29:14,069  INFO [main] HiveMetaStore.audit: ugi=alex	ip=unknown-ip-addr	cmd=get_all_tables: db=@hive#junit_specific_db	
2024-04-24T11:29:14,070  INFO [main] HiveMetaStore.audit: ugi=alex	ip=unknown-ip-addr	cmd=get_functions: db=@hive#junit_specific_db pat=*	
2024-04-24T11:29:14,072  INFO [main] HiveMetaStore.audit: ugi=alex	ip=unknown-ip-addr	cmd=get_all_stored_procedures	
2024-04-24T11:29:14,073  INFO [main] HiveMetaStore.audit: ugi=alex	ip=unknown-ip-addr	cmd=get_all_packages	
2024-04-24T11:29:14,075  INFO [main] HiveMetaStore.audit: ugi=alex	ip=unknown-ip-addr	cmd=getTablesByTypeCore: catName=hive: db=junit_specific_db pat=.*,type=MATERIALIZED_VIEW	
2024-04-24T11:29:14,079  INFO [main] metastore.ObjectStore: Dropping database hive.junit_specific_db along with all tables
2024-04-24T11:29:14,086  INFO [main] txn.TxnHandler: Non-retryable error in cleanupRecords : Table/View 'TXN_COMPONENTS' does not exist. (SQLState=42X05, ErrorCode=20000)
2024-04-24T11:29:14,086  WARN [main] txn.TxnHandler: Cannot perform cleanup since metastore table does not exist
2024-04-24T11:29:14,087 ERROR [main] metastore.RetryingHMSHandler: Retrying HMSHandler after 2000 ms (attempt 9 of 10) with error: javax.jdo.JDODataStoreException: Exception thrown flushing changes to datastore
	at org.datanucleus.api.jdo.NucleusJDOHelper.getJDOExceptionForNucleusException(NucleusJDOHelper.java:542)
	at org.datanucleus.api.jdo.JDOTransaction.commit(JDOTransaction.java:162)
	at org.apache.hadoop.hive.metastore.ObjectStore.commitTransaction(ObjectStore.java:615)
	at sun.reflect.GeneratedMethodAccessor31.invoke(Unknown Source)
	at sun.reflect.DelegatingMethodAccessorImpl.invoke(DelegatingMethodAccessorImpl.java:43)
	at java.lang.reflect.Method.invoke(Method.java:498)
	at org.apache.hadoop.hive.metastore.RawStoreProxy.invoke(RawStoreProxy.java:97)
	at com.sun.proxy.$Proxy32.commitTransaction(Unknown Source)
	at org.apache.hadoop.hive.metastore.HMSHandler.drop_database_core(HMSHandler.java:1790)
	at org.apache.hadoop.hive.metastore.HMSHandler.drop_database(HMSHandler.java:1869)
	at sun.reflect.GeneratedMethodAccessor54.invoke(Unknown Source)
	at sun.reflect.DelegatingMethodAccessorImpl.invoke(DelegatingMethodAccessorImpl.java:43)
	at java.lang.reflect.Method.invoke(Method.java:498)
	at org.apache.hadoop.hive.metastore.RetryingHMSHandler.invokeInternal(RetryingHMSHandler.java:147)
	at org.apache.hadoop.hive.metastore.RetryingHMSHandler.invoke(RetryingHMSHandler.java:108)
	at com.sun.proxy.$Proxy35.drop_database(Unknown Source)
	at org.apache.hadoop.hive.metastore.HiveMetaStoreClient.dropDatabaseCascadePerDb(HiveMetaStoreClient.java:1601)
	at org.apache.hadoop.hive.metastore.HiveMetaStoreClient.dropDatabase(HiveMetaStoreClient.java:1532)
	at org.apache.hadoop.hive.metastore.HiveMetaStoreClient.dropDatabase(HiveMetaStoreClient.java:1485)
	at sun.reflect.NativeMethodAccessorImpl.invoke0(Native Method)
	at sun.reflect.NativeMethodAccessorImpl.invoke(NativeMethodAccessorImpl.java:62)
	at sun.reflect.DelegatingMethodAccessorImpl.invoke(DelegatingMethodAccessorImpl.java:43)
	at java.lang.reflect.Method.invoke(Method.java:498)
	at org.apache.hadoop.hive.metastore.RetryingMetaStoreClient.invoke(RetryingMetaStoreClient.java:218)
	at com.sun.proxy.$Proxy45.dropDatabase(Unknown Source)
	at org.apache.hadoop.hive.ql.metadata.Hive.dropDatabase(Hive.java:662)
	at org.apache.hadoop.hive.ql.ddl.database.drop.DropDatabaseOperation.execute(DropDatabaseOperation.java:52)
	at org.apache.hadoop.hive.ql.ddl.DDLTask.execute(DDLTask.java:84)
	at org.apache.hadoop.hive.ql.exec.Task.executeTask(Task.java:212)
	at org.apache.hadoop.hive.ql.exec.TaskRunner.runSequential(TaskRunner.java:105)
	at org.apache.hadoop.hive.ql.Executor.launchTask(Executor.java:361)
	at org.apache.hadoop.hive.ql.Executor.launchTasks(Executor.java:334)
	at org.apache.hadoop.hive.ql.Executor.runTasks(Executor.java:245)
	at org.apache.hadoop.hive.ql.Executor.execute(Executor.java:108)
	at org.apache.hadoop.hive.ql.Driver.execute(Driver.java:348)
	at org.apache.hadoop.hive.ql.Driver.runInternal(Driver.java:204)
	at org.apache.hadoop.hive.ql.Driver.run(Driver.java:153)
	at org.apache.hadoop.hive.ql.Driver.run(Driver.java:148)
	at org.apache.hadoop.hive.ql.reexec.ReExecDriver.run(ReExecDriver.java:164)
	at org.apache.hadoop.hive.ql.reexec.ReExecDriver.run(ReExecDriver.java:230)
	at org.apache.hive.hcatalog.pig.AbstractHCatLoaderTest.executeStatementOnDriver(AbstractHCatLoaderTest.java:151)
	at org.apache.hive.hcatalog.pig.AbstractHCatLoaderTest.tearDown(AbstractHCatLoaderTest.java:239)
	at sun.reflect.NativeMethodAccessorImpl.invoke0(Native Method)
	at sun.reflect.NativeMethodAccessorImpl.invoke(NativeMethodAccessorImpl.java:62)
	at sun.reflect.DelegatingMethodAccessorImpl.invoke(DelegatingMethodAccessorImpl.java:43)
	at java.lang.reflect.Method.invoke(Method.java:498)
	at org.junit.runners.model.FrameworkMethod$1.runReflectiveCall(FrameworkMethod.java:59)
	at org.junit.internal.runners.model.ReflectiveCallable.run(ReflectiveCallable.java:12)
	at org.junit.runners.model.FrameworkMethod.invokeExplosively(FrameworkMethod.java:56)
	at org.junit.internal.runners.statements.RunAfters.invokeMethod(RunAfters.java:46)
	at org.junit.internal.runners.statements.RunAfters.evaluate(RunAfters.java:33)
	at org.junit.runners.ParentRunner$3.evaluate(ParentRunner.java:306)
	at org.junit.runners.BlockJUnit4ClassRunner$1.evaluate(BlockJUnit4ClassRunner.java:100)
	at org.junit.runners.ParentRunner.runLeaf(ParentRunner.java:366)
	at org.junit.runners.BlockJUnit4ClassRunner.runChild(BlockJUnit4ClassRunner.java:103)
	at org.junit.runners.BlockJUnit4ClassRunner.runChild(BlockJUnit4ClassRunner.java:63)
	at org.junit.runners.ParentRunner$4.run(ParentRunner.java:331)
	at org.junit.runners.ParentRunner$1.schedule(ParentRunner.java:79)
	at org.junit.runners.ParentRunner.runChildren(ParentRunner.java:329)
	at org.junit.runners.ParentRunner.access$100(ParentRunner.java:66)
	at org.junit.runners.ParentRunner$2.evaluate(ParentRunner.java:293)
	at org.junit.internal.runners.statements.RunBefores.evaluate(RunBefores.java:26)
	at org.junit.runners.ParentRunner$3.evaluate(ParentRunner.java:306)
	at org.junit.runners.ParentRunner.run(ParentRunner.java:413)
	at org.junit.runners.Suite.runChild(Suite.java:128)
	at org.junit.runners.Suite.runChild(Suite.java:27)
	at org.junit.runners.ParentRunner$4.run(ParentRunner.java:331)
	at org.junit.runners.ParentRunner$1.schedule(ParentRunner.java:79)
	at org.junit.runners.ParentRunner.runChildren(ParentRunner.java:329)
	at org.junit.runners.ParentRunner.access$100(ParentRunner.java:66)
	at org.junit.runners.ParentRunner$2.evaluate(ParentRunner.java:293)
	at org.junit.runners.ParentRunner$3.evaluate(ParentRunner.java:306)
	at org.junit.runners.ParentRunner.run(ParentRunner.java:413)
	at org.apache.maven.surefire.junitcore.JUnitCore.run(JUnitCore.java:55)
	at org.apache.maven.surefire.junitcore.JUnitCoreWrapper.createRequestAndRun(JUnitCoreWrapper.java:137)
	at org.apache.maven.surefire.junitcore.JUnitCoreWrapper.executeEager(JUnitCoreWrapper.java:107)
	at org.apache.maven.surefire.junitcore.JUnitCoreWrapper.execute(JUnitCoreWrapper.java:83)
	at org.apache.maven.surefire.junitcore.JUnitCoreWrapper.execute(JUnitCoreWrapper.java:75)
	at org.apache.maven.surefire.junitcore.JUnitCoreProvider.invoke(JUnitCoreProvider.java:158)
	at org.apache.maven.surefire.booter.ForkedBooter.runSuitesInProcess(ForkedBooter.java:377)
	at org.apache.maven.surefire.booter.ForkedBooter.execute(ForkedBooter.java:138)
	at org.apache.maven.surefire.booter.ForkedBooter.run(ForkedBooter.java:465)
	at org.apache.maven.surefire.booter.ForkedBooter.main(ForkedBooter.java:451)
NestedThrowablesStackTrace:
java.sql.BatchUpdateException: DELETE on table 'DBS' caused a violation of foreign key constraint 'TBLS_FK1' for key (3).  The statement has been rolled back.
	at org.apache.derby.impl.jdbc.EmbedStatement.executeLargeBatch(Unknown Source)
	at org.apache.derby.impl.jdbc.EmbedStatement.executeBatch(Unknown Source)
	at com.zaxxer.hikari.pool.ProxyStatement.executeBatch(ProxyStatement.java:128)
	at com.zaxxer.hikari.pool.HikariProxyPreparedStatement.executeBatch(HikariProxyPreparedStatement.java)
	at org.datanucleus.store.rdbms.ParamLoggingPreparedStatement.executeBatch(ParamLoggingPreparedStatement.java:366)
	at org.datanucleus.store.rdbms.SQLController.processConnectionStatement(SQLController.java:675)
	at org.datanucleus.store.rdbms.SQLController.processStatementsForConnection(SQLController.java:643)
	at org.datanucleus.store.rdbms.SQLController$1.transactionFlushed(SQLController.java:729)
	at org.datanucleus.store.connection.AbstractManagedConnection.transactionFlushed(AbstractManagedConnection.java:95)
	at org.datanucleus.store.connection.ConnectionManagerImpl$2.transactionFlushed(ConnectionManagerImpl.java:528)
	at org.datanucleus.TransactionImpl.flush(TransactionImpl.java:222)
	at org.datanucleus.TransactionImpl.commit(TransactionImpl.java:286)
	at org.datanucleus.api.jdo.JDOTransaction.commit(JDOTransaction.java:99)
	at org.apache.hadoop.hive.metastore.ObjectStore.commitTransaction(ObjectStore.java:615)
	at sun.reflect.GeneratedMethodAccessor31.invoke(Unknown Source)
	at sun.reflect.DelegatingMethodAccessorImpl.invoke(DelegatingMethodAccessorImpl.java:43)
	at java.lang.reflect.Method.invoke(Method.java:498)
	at org.apache.hadoop.hive.metastore.RawStoreProxy.invoke(RawStoreProxy.java:97)
	at com.sun.proxy.$Proxy32.commitTransaction(Unknown Source)
	at org.apache.hadoop.hive.metastore.HMSHandler.drop_database_core(HMSHandler.java:1790)
	at org.apache.hadoop.hive.metastore.HMSHandler.drop_database(HMSHandler.java:1869)
	at sun.reflect.GeneratedMethodAccessor54.invoke(Unknown Source)
	at sun.reflect.DelegatingMethodAccessorImpl.invoke(DelegatingMethodAccessorImpl.java:43)
	at java.lang.reflect.Method.invoke(Method.java:498)
	at org.apache.hadoop.hive.metastore.RetryingHMSHandler.invokeInternal(RetryingHMSHandler.java:147)
	at org.apache.hadoop.hive.metastore.RetryingHMSHandler.invoke(RetryingHMSHandler.java:108)
	at com.sun.proxy.$Proxy35.drop_database(Unknown Source)
	at org.apache.hadoop.hive.metastore.HiveMetaStoreClient.dropDatabaseCascadePerDb(HiveMetaStoreClient.java:1601)
	at org.apache.hadoop.hive.metastore.HiveMetaStoreClient.dropDatabase(HiveMetaStoreClient.java:1532)
	at org.apache.hadoop.hive.metastore.HiveMetaStoreClient.dropDatabase(HiveMetaStoreClient.java:1485)
	at sun.reflect.NativeMethodAccessorImpl.invoke0(Native Method)
	at sun.reflect.NativeMethodAccessorImpl.invoke(NativeMethodAccessorImpl.java:62)
	at sun.reflect.DelegatingMethodAccessorImpl.invoke(DelegatingMethodAccessorImpl.java:43)
	at java.lang.reflect.Method.invoke(Method.java:498)
	at org.apache.hadoop.hive.metastore.RetryingMetaStoreClient.invoke(RetryingMetaStoreClient.java:218)
	at com.sun.proxy.$Proxy45.dropDatabase(Unknown Source)
	at org.apache.hadoop.hive.ql.metadata.Hive.dropDatabase(Hive.java:662)
	at org.apache.hadoop.hive.ql.ddl.database.drop.DropDatabaseOperation.execute(DropDatabaseOperation.java:52)
	at org.apache.hadoop.hive.ql.ddl.DDLTask.execute(DDLTask.java:84)
	at org.apache.hadoop.hive.ql.exec.Task.executeTask(Task.java:212)
	at org.apache.hadoop.hive.ql.exec.TaskRunner.runSequential(TaskRunner.java:105)
	at org.apache.hadoop.hive.ql.Executor.launchTask(Executor.java:361)
	at org.apache.hadoop.hive.ql.Executor.launchTasks(Executor.java:334)
	at org.apache.hadoop.hive.ql.Executor.runTasks(Executor.java:245)
	at org.apache.hadoop.hive.ql.Executor.execute(Executor.java:108)
	at org.apache.hadoop.hive.ql.Driver.execute(Driver.java:348)
	at org.apache.hadoop.hive.ql.Driver.runInternal(Driver.java:204)
	at org.apache.hadoop.hive.ql.Driver.run(Driver.java:153)
	at org.apache.hadoop.hive.ql.Driver.run(Driver.java:148)
	at org.apache.hadoop.hive.ql.reexec.ReExecDriver.run(ReExecDriver.java:164)
	at org.apache.hadoop.hive.ql.reexec.ReExecDriver.run(ReExecDriver.java:230)
	at org.apache.hive.hcatalog.pig.AbstractHCatLoaderTest.executeStatementOnDriver(AbstractHCatLoaderTest.java:151)
	at org.apache.hive.hcatalog.pig.AbstractHCatLoaderTest.tearDown(AbstractHCatLoaderTest.java:239)
	at sun.reflect.NativeMethodAccessorImpl.invoke0(Native Method)
	at sun.reflect.NativeMethodAccessorImpl.invoke(NativeMethodAccessorImpl.java:62)
	at sun.reflect.DelegatingMethodAccessorImpl.invoke(DelegatingMethodAccessorImpl.java:43)
	at java.lang.reflect.Method.invoke(Method.java:498)
	at org.junit.runners.model.FrameworkMethod$1.runReflectiveCall(FrameworkMethod.java:59)
	at org.junit.internal.runners.model.ReflectiveCallable.run(ReflectiveCallable.java:12)
	at org.junit.runners.model.FrameworkMethod.invokeExplosively(FrameworkMethod.java:56)
	at org.junit.internal.runners.statements.RunAfters.invokeMethod(RunAfters.java:46)
	at org.junit.internal.runners.statements.RunAfters.evaluate(RunAfters.java:33)
	at org.junit.runners.ParentRunner$3.evaluate(ParentRunner.java:306)
	at org.junit.runners.BlockJUnit4ClassRunner$1.evaluate(BlockJUnit4ClassRunner.java:100)
	at org.junit.runners.ParentRunner.runLeaf(ParentRunner.java:366)
	at org.junit.runners.BlockJUnit4ClassRunner.runChild(BlockJUnit4ClassRunner.java:103)
	at org.junit.runners.BlockJUnit4ClassRunner.runChild(BlockJUnit4ClassRunner.java:63)
	at org.junit.runners.ParentRunner$4.run(ParentRunner.java:331)
	at org.junit.runners.ParentRunner$1.schedule(ParentRunner.java:79)
	at org.junit.runners.ParentRunner.runChildren(ParentRunner.java:329)
	at org.junit.runners.ParentRunner.access$100(ParentRunner.java:66)
	at org.junit.runners.ParentRunner$2.evaluate(ParentRunner.java:293)
	at org.junit.internal.runners.statements.RunBefores.evaluate(RunBefores.java:26)
	at org.junit.runners.ParentRunner$3.evaluate(ParentRunner.java:306)
	at org.junit.runners.ParentRunner.run(ParentRunner.java:413)
	at org.junit.runners.Suite.runChild(Suite.java:128)
	at org.junit.runners.Suite.runChild(Suite.java:27)
	at org.junit.runners.ParentRunner$4.run(ParentRunner.java:331)
	at org.junit.runners.ParentRunner$1.schedule(ParentRunner.java:79)
	at org.junit.runners.ParentRunner.runChildren(ParentRunner.java:329)
	at org.junit.runners.ParentRunner.access$100(ParentRunner.java:66)
	at org.junit.runners.ParentRunner$2.evaluate(ParentRunner.java:293)
	at org.junit.runners.ParentRunner$3.evaluate(ParentRunner.java:306)
	at org.junit.runners.ParentRunner.run(ParentRunner.java:413)
	at org.apache.maven.surefire.junitcore.JUnitCore.run(JUnitCore.java:55)
	at org.apache.maven.surefire.junitcore.JUnitCoreWrapper.createRequestAndRun(JUnitCoreWrapper.java:137)
	at org.apache.maven.surefire.junitcore.JUnitCoreWrapper.executeEager(JUnitCoreWrapper.java:107)
	at org.apache.maven.surefire.junitcore.JUnitCoreWrapper.execute(JUnitCoreWrapper.java:83)
	at org.apache.maven.surefire.junitcore.JUnitCoreWrapper.execute(JUnitCoreWrapper.java:75)
	at org.apache.maven.surefire.junitcore.JUnitCoreProvider.invoke(JUnitCoreProvider.java:158)
	at org.apache.maven.surefire.booter.ForkedBooter.runSuitesInProcess(ForkedBooter.java:377)
	at org.apache.maven.surefire.booter.ForkedBooter.execute(ForkedBooter.java:138)
	at org.apache.maven.surefire.booter.ForkedBooter.run(ForkedBooter.java:465)
	at org.apache.maven.surefire.booter.ForkedBooter.main(ForkedBooter.java:451)
Caused by: org.apache.derby.shared.common.error.DerbySQLIntegrityConstraintViolationException: DELETE on table 'DBS' caused a violation of foreign key constraint 'TBLS_FK1' for key (3).  The statement has been rolled back.
	at org.apache.derby.impl.jdbc.SQLExceptionFactory.getSQLException(Unknown Source)
	at org.apache.derby.impl.jdbc.Util.generateCsSQLException(Unknown Source)
	at org.apache.derby.impl.jdbc.TransactionResourceImpl.wrapInSQLException(Unknown Source)
	at org.apache.derby.impl.jdbc.TransactionResourceImpl.handleException(Unknown Source)
	at org.apache.derby.impl.jdbc.EmbedConnection.handleException(Unknown Source)
	at org.apache.derby.impl.jdbc.ConnectionChild.handleException(Unknown Source)
	at org.apache.derby.impl.jdbc.EmbedStatement.executeStatement(Unknown Source)
	at org.apache.derby.impl.jdbc.EmbedPreparedStatement.executeBatchElement(Unknown Source)
	... 94 more
Caused by: ERROR 23503: DELETE on table 'DBS' caused a violation of foreign key constraint 'TBLS_FK1' for key (3).  The statement has been rolled back.
	at org.apache.derby.iapi.error.StandardException.newException(Unknown Source)
	at org.apache.derby.iapi.error.StandardException.newException(Unknown Source)
	at org.apache.derby.impl.sql.execute.ReferencedKeyRIChecker.doCheck(Unknown Source)
	at org.apache.derby.impl.sql.execute.RISetChecker.doPKCheck(Unknown Source)
	at org.apache.derby.impl.sql.execute.DeleteResultSet.collectAffectedRows(Unknown Source)
	at org.apache.derby.impl.sql.execute.DeleteResultSet.open(Unknown Source)
	at org.apache.derby.impl.sql.GenericPreparedStatement.executeStmt(Unknown Source)
	at org.apache.derby.impl.sql.GenericPreparedStatement.execute(Unknown Source)
	... 96 more

2024-04-24T11:29:16,088  INFO [main] HiveMetaStore.audit: ugi=alex	ip=unknown-ip-addr	cmd=drop_database: @hive#junit_specific_db	
2024-04-24T11:29:16,093  INFO [main] HiveMetaStore.audit: ugi=alex	ip=unknown-ip-addr	cmd=get_all_tables: db=@hive#junit_specific_db	
2024-04-24T11:29:16,096  INFO [main] HiveMetaStore.audit: ugi=alex	ip=unknown-ip-addr	cmd=get_functions: db=@hive#junit_specific_db pat=*	
2024-04-24T11:29:16,104  INFO [main] HiveMetaStore.audit: ugi=alex	ip=unknown-ip-addr	cmd=get_all_stored_procedures	
2024-04-24T11:29:16,109  INFO [main] HiveMetaStore.audit: ugi=alex	ip=unknown-ip-addr	cmd=get_all_packages	
2024-04-24T11:29:16,113  INFO [main] HiveMetaStore.audit: ugi=alex	ip=unknown-ip-addr	cmd=getTablesByTypeCore: catName=hive: db=junit_specific_db pat=.*,type=MATERIALIZED_VIEW	
2024-04-24T11:29:16,126  INFO [main] metastore.ObjectStore: Dropping database hive.junit_specific_db along with all tables
2024-04-24T11:29:16,137  INFO [main] txn.TxnHandler: Non-retryable error in cleanupRecords : Table/View 'TXN_COMPONENTS' does not exist. (SQLState=42X05, ErrorCode=20000)
2024-04-24T11:29:16,137  WARN [main] txn.TxnHandler: Cannot perform cleanup since metastore table does not exist
2024-04-24T11:29:16,139 ERROR [main] metastore.RetryingHMSHandler: Retrying HMSHandler after 2000 ms (attempt 10 of 10) with error: javax.jdo.JDODataStoreException: Exception thrown flushing changes to datastore
	at org.datanucleus.api.jdo.NucleusJDOHelper.getJDOExceptionForNucleusException(NucleusJDOHelper.java:542)
	at org.datanucleus.api.jdo.JDOTransaction.commit(JDOTransaction.java:162)
	at org.apache.hadoop.hive.metastore.ObjectStore.commitTransaction(ObjectStore.java:615)
	at sun.reflect.GeneratedMethodAccessor31.invoke(Unknown Source)
	at sun.reflect.DelegatingMethodAccessorImpl.invoke(DelegatingMethodAccessorImpl.java:43)
	at java.lang.reflect.Method.invoke(Method.java:498)
	at org.apache.hadoop.hive.metastore.RawStoreProxy.invoke(RawStoreProxy.java:97)
	at com.sun.proxy.$Proxy32.commitTransaction(Unknown Source)
	at org.apache.hadoop.hive.metastore.HMSHandler.drop_database_core(HMSHandler.java:1790)
	at org.apache.hadoop.hive.metastore.HMSHandler.drop_database(HMSHandler.java:1869)
	at sun.reflect.GeneratedMethodAccessor54.invoke(Unknown Source)
	at sun.reflect.DelegatingMethodAccessorImpl.invoke(DelegatingMethodAccessorImpl.java:43)
	at java.lang.reflect.Method.invoke(Method.java:498)
	at org.apache.hadoop.hive.metastore.RetryingHMSHandler.invokeInternal(RetryingHMSHandler.java:147)
	at org.apache.hadoop.hive.metastore.RetryingHMSHandler.invoke(RetryingHMSHandler.java:108)
	at com.sun.proxy.$Proxy35.drop_database(Unknown Source)
	at org.apache.hadoop.hive.metastore.HiveMetaStoreClient.dropDatabaseCascadePerDb(HiveMetaStoreClient.java:1601)
	at org.apache.hadoop.hive.metastore.HiveMetaStoreClient.dropDatabase(HiveMetaStoreClient.java:1532)
	at org.apache.hadoop.hive.metastore.HiveMetaStoreClient.dropDatabase(HiveMetaStoreClient.java:1485)
	at sun.reflect.NativeMethodAccessorImpl.invoke0(Native Method)
	at sun.reflect.NativeMethodAccessorImpl.invoke(NativeMethodAccessorImpl.java:62)
	at sun.reflect.DelegatingMethodAccessorImpl.invoke(DelegatingMethodAccessorImpl.java:43)
	at java.lang.reflect.Method.invoke(Method.java:498)
	at org.apache.hadoop.hive.metastore.RetryingMetaStoreClient.invoke(RetryingMetaStoreClient.java:218)
	at com.sun.proxy.$Proxy45.dropDatabase(Unknown Source)
	at org.apache.hadoop.hive.ql.metadata.Hive.dropDatabase(Hive.java:662)
	at org.apache.hadoop.hive.ql.ddl.database.drop.DropDatabaseOperation.execute(DropDatabaseOperation.java:52)
	at org.apache.hadoop.hive.ql.ddl.DDLTask.execute(DDLTask.java:84)
	at org.apache.hadoop.hive.ql.exec.Task.executeTask(Task.java:212)
	at org.apache.hadoop.hive.ql.exec.TaskRunner.runSequential(TaskRunner.java:105)
	at org.apache.hadoop.hive.ql.Executor.launchTask(Executor.java:361)
	at org.apache.hadoop.hive.ql.Executor.launchTasks(Executor.java:334)
	at org.apache.hadoop.hive.ql.Executor.runTasks(Executor.java:245)
	at org.apache.hadoop.hive.ql.Executor.execute(Executor.java:108)
	at org.apache.hadoop.hive.ql.Driver.execute(Driver.java:348)
	at org.apache.hadoop.hive.ql.Driver.runInternal(Driver.java:204)
	at org.apache.hadoop.hive.ql.Driver.run(Driver.java:153)
	at org.apache.hadoop.hive.ql.Driver.run(Driver.java:148)
	at org.apache.hadoop.hive.ql.reexec.ReExecDriver.run(ReExecDriver.java:164)
	at org.apache.hadoop.hive.ql.reexec.ReExecDriver.run(ReExecDriver.java:230)
	at org.apache.hive.hcatalog.pig.AbstractHCatLoaderTest.executeStatementOnDriver(AbstractHCatLoaderTest.java:151)
	at org.apache.hive.hcatalog.pig.AbstractHCatLoaderTest.tearDown(AbstractHCatLoaderTest.java:239)
	at sun.reflect.NativeMethodAccessorImpl.invoke0(Native Method)
	at sun.reflect.NativeMethodAccessorImpl.invoke(NativeMethodAccessorImpl.java:62)
	at sun.reflect.DelegatingMethodAccessorImpl.invoke(DelegatingMethodAccessorImpl.java:43)
	at java.lang.reflect.Method.invoke(Method.java:498)
	at org.junit.runners.model.FrameworkMethod$1.runReflectiveCall(FrameworkMethod.java:59)
	at org.junit.internal.runners.model.ReflectiveCallable.run(ReflectiveCallable.java:12)
	at org.junit.runners.model.FrameworkMethod.invokeExplosively(FrameworkMethod.java:56)
	at org.junit.internal.runners.statements.RunAfters.invokeMethod(RunAfters.java:46)
	at org.junit.internal.runners.statements.RunAfters.evaluate(RunAfters.java:33)
	at org.junit.runners.ParentRunner$3.evaluate(ParentRunner.java:306)
	at org.junit.runners.BlockJUnit4ClassRunner$1.evaluate(BlockJUnit4ClassRunner.java:100)
	at org.junit.runners.ParentRunner.runLeaf(ParentRunner.java:366)
	at org.junit.runners.BlockJUnit4ClassRunner.runChild(BlockJUnit4ClassRunner.java:103)
	at org.junit.runners.BlockJUnit4ClassRunner.runChild(BlockJUnit4ClassRunner.java:63)
	at org.junit.runners.ParentRunner$4.run(ParentRunner.java:331)
	at org.junit.runners.ParentRunner$1.schedule(ParentRunner.java:79)
	at org.junit.runners.ParentRunner.runChildren(ParentRunner.java:329)
	at org.junit.runners.ParentRunner.access$100(ParentRunner.java:66)
	at org.junit.runners.ParentRunner$2.evaluate(ParentRunner.java:293)
	at org.junit.internal.runners.statements.RunBefores.evaluate(RunBefores.java:26)
	at org.junit.runners.ParentRunner$3.evaluate(ParentRunner.java:306)
	at org.junit.runners.ParentRunner.run(ParentRunner.java:413)
	at org.junit.runners.Suite.runChild(Suite.java:128)
	at org.junit.runners.Suite.runChild(Suite.java:27)
	at org.junit.runners.ParentRunner$4.run(ParentRunner.java:331)
	at org.junit.runners.ParentRunner$1.schedule(ParentRunner.java:79)
	at org.junit.runners.ParentRunner.runChildren(ParentRunner.java:329)
	at org.junit.runners.ParentRunner.access$100(ParentRunner.java:66)
	at org.junit.runners.ParentRunner$2.evaluate(ParentRunner.java:293)
	at org.junit.runners.ParentRunner$3.evaluate(ParentRunner.java:306)
	at org.junit.runners.ParentRunner.run(ParentRunner.java:413)
	at org.apache.maven.surefire.junitcore.JUnitCore.run(JUnitCore.java:55)
	at org.apache.maven.surefire.junitcore.JUnitCoreWrapper.createRequestAndRun(JUnitCoreWrapper.java:137)
	at org.apache.maven.surefire.junitcore.JUnitCoreWrapper.executeEager(JUnitCoreWrapper.java:107)
	at org.apache.maven.surefire.junitcore.JUnitCoreWrapper.execute(JUnitCoreWrapper.java:83)
	at org.apache.maven.surefire.junitcore.JUnitCoreWrapper.execute(JUnitCoreWrapper.java:75)
	at org.apache.maven.surefire.junitcore.JUnitCoreProvider.invoke(JUnitCoreProvider.java:158)
	at org.apache.maven.surefire.booter.ForkedBooter.runSuitesInProcess(ForkedBooter.java:377)
	at org.apache.maven.surefire.booter.ForkedBooter.execute(ForkedBooter.java:138)
	at org.apache.maven.surefire.booter.ForkedBooter.run(ForkedBooter.java:465)
	at org.apache.maven.surefire.booter.ForkedBooter.main(ForkedBooter.java:451)
NestedThrowablesStackTrace:
java.sql.BatchUpdateException: DELETE on table 'DBS' caused a violation of foreign key constraint 'TBLS_FK1' for key (3).  The statement has been rolled back.
	at org.apache.derby.impl.jdbc.EmbedStatement.executeLargeBatch(Unknown Source)
	at org.apache.derby.impl.jdbc.EmbedStatement.executeBatch(Unknown Source)
	at com.zaxxer.hikari.pool.ProxyStatement.executeBatch(ProxyStatement.java:128)
	at com.zaxxer.hikari.pool.HikariProxyPreparedStatement.executeBatch(HikariProxyPreparedStatement.java)
	at org.datanucleus.store.rdbms.ParamLoggingPreparedStatement.executeBatch(ParamLoggingPreparedStatement.java:366)
	at org.datanucleus.store.rdbms.SQLController.processConnectionStatement(SQLController.java:675)
	at org.datanucleus.store.rdbms.SQLController.processStatementsForConnection(SQLController.java:643)
	at org.datanucleus.store.rdbms.SQLController$1.transactionFlushed(SQLController.java:729)
	at org.datanucleus.store.connection.AbstractManagedConnection.transactionFlushed(AbstractManagedConnection.java:95)
	at org.datanucleus.store.connection.ConnectionManagerImpl$2.transactionFlushed(ConnectionManagerImpl.java:528)
	at org.datanucleus.TransactionImpl.flush(TransactionImpl.java:222)
	at org.datanucleus.TransactionImpl.commit(TransactionImpl.java:286)
	at org.datanucleus.api.jdo.JDOTransaction.commit(JDOTransaction.java:99)
	at org.apache.hadoop.hive.metastore.ObjectStore.commitTransaction(ObjectStore.java:615)
	at sun.reflect.GeneratedMethodAccessor31.invoke(Unknown Source)
	at sun.reflect.DelegatingMethodAccessorImpl.invoke(DelegatingMethodAccessorImpl.java:43)
	at java.lang.reflect.Method.invoke(Method.java:498)
	at org.apache.hadoop.hive.metastore.RawStoreProxy.invoke(RawStoreProxy.java:97)
	at com.sun.proxy.$Proxy32.commitTransaction(Unknown Source)
	at org.apache.hadoop.hive.metastore.HMSHandler.drop_database_core(HMSHandler.java:1790)
	at org.apache.hadoop.hive.metastore.HMSHandler.drop_database(HMSHandler.java:1869)
	at sun.reflect.GeneratedMethodAccessor54.invoke(Unknown Source)
	at sun.reflect.DelegatingMethodAccessorImpl.invoke(DelegatingMethodAccessorImpl.java:43)
	at java.lang.reflect.Method.invoke(Method.java:498)
	at org.apache.hadoop.hive.metastore.RetryingHMSHandler.invokeInternal(RetryingHMSHandler.java:147)
	at org.apache.hadoop.hive.metastore.RetryingHMSHandler.invoke(RetryingHMSHandler.java:108)
	at com.sun.proxy.$Proxy35.drop_database(Unknown Source)
	at org.apache.hadoop.hive.metastore.HiveMetaStoreClient.dropDatabaseCascadePerDb(HiveMetaStoreClient.java:1601)
	at org.apache.hadoop.hive.metastore.HiveMetaStoreClient.dropDatabase(HiveMetaStoreClient.java:1532)
	at org.apache.hadoop.hive.metastore.HiveMetaStoreClient.dropDatabase(HiveMetaStoreClient.java:1485)
	at sun.reflect.NativeMethodAccessorImpl.invoke0(Native Method)
	at sun.reflect.NativeMethodAccessorImpl.invoke(NativeMethodAccessorImpl.java:62)
	at sun.reflect.DelegatingMethodAccessorImpl.invoke(DelegatingMethodAccessorImpl.java:43)
	at java.lang.reflect.Method.invoke(Method.java:498)
	at org.apache.hadoop.hive.metastore.RetryingMetaStoreClient.invoke(RetryingMetaStoreClient.java:218)
	at com.sun.proxy.$Proxy45.dropDatabase(Unknown Source)
	at org.apache.hadoop.hive.ql.metadata.Hive.dropDatabase(Hive.java:662)
	at org.apache.hadoop.hive.ql.ddl.database.drop.DropDatabaseOperation.execute(DropDatabaseOperation.java:52)
	at org.apache.hadoop.hive.ql.ddl.DDLTask.execute(DDLTask.java:84)
	at org.apache.hadoop.hive.ql.exec.Task.executeTask(Task.java:212)
	at org.apache.hadoop.hive.ql.exec.TaskRunner.runSequential(TaskRunner.java:105)
	at org.apache.hadoop.hive.ql.Executor.launchTask(Executor.java:361)
	at org.apache.hadoop.hive.ql.Executor.launchTasks(Executor.java:334)
	at org.apache.hadoop.hive.ql.Executor.runTasks(Executor.java:245)
	at org.apache.hadoop.hive.ql.Executor.execute(Executor.java:108)
	at org.apache.hadoop.hive.ql.Driver.execute(Driver.java:348)
	at org.apache.hadoop.hive.ql.Driver.runInternal(Driver.java:204)
	at org.apache.hadoop.hive.ql.Driver.run(Driver.java:153)
	at org.apache.hadoop.hive.ql.Driver.run(Driver.java:148)
	at org.apache.hadoop.hive.ql.reexec.ReExecDriver.run(ReExecDriver.java:164)
	at org.apache.hadoop.hive.ql.reexec.ReExecDriver.run(ReExecDriver.java:230)
	at org.apache.hive.hcatalog.pig.AbstractHCatLoaderTest.executeStatementOnDriver(AbstractHCatLoaderTest.java:151)
	at org.apache.hive.hcatalog.pig.AbstractHCatLoaderTest.tearDown(AbstractHCatLoaderTest.java:239)
	at sun.reflect.NativeMethodAccessorImpl.invoke0(Native Method)
	at sun.reflect.NativeMethodAccessorImpl.invoke(NativeMethodAccessorImpl.java:62)
	at sun.reflect.DelegatingMethodAccessorImpl.invoke(DelegatingMethodAccessorImpl.java:43)
	at java.lang.reflect.Method.invoke(Method.java:498)
	at org.junit.runners.model.FrameworkMethod$1.runReflectiveCall(FrameworkMethod.java:59)
	at org.junit.internal.runners.model.ReflectiveCallable.run(ReflectiveCallable.java:12)
	at org.junit.runners.model.FrameworkMethod.invokeExplosively(FrameworkMethod.java:56)
	at org.junit.internal.runners.statements.RunAfters.invokeMethod(RunAfters.java:46)
	at org.junit.internal.runners.statements.RunAfters.evaluate(RunAfters.java:33)
	at org.junit.runners.ParentRunner$3.evaluate(ParentRunner.java:306)
	at org.junit.runners.BlockJUnit4ClassRunner$1.evaluate(BlockJUnit4ClassRunner.java:100)
	at org.junit.runners.ParentRunner.runLeaf(ParentRunner.java:366)
	at org.junit.runners.BlockJUnit4ClassRunner.runChild(BlockJUnit4ClassRunner.java:103)
	at org.junit.runners.BlockJUnit4ClassRunner.runChild(BlockJUnit4ClassRunner.java:63)
	at org.junit.runners.ParentRunner$4.run(ParentRunner.java:331)
	at org.junit.runners.ParentRunner$1.schedule(ParentRunner.java:79)
	at org.junit.runners.ParentRunner.runChildren(ParentRunner.java:329)
	at org.junit.runners.ParentRunner.access$100(ParentRunner.java:66)
	at org.junit.runners.ParentRunner$2.evaluate(ParentRunner.java:293)
	at org.junit.internal.runners.statements.RunBefores.evaluate(RunBefores.java:26)
	at org.junit.runners.ParentRunner$3.evaluate(ParentRunner.java:306)
	at org.junit.runners.ParentRunner.run(ParentRunner.java:413)
	at org.junit.runners.Suite.runChild(Suite.java:128)
	at org.junit.runners.Suite.runChild(Suite.java:27)
	at org.junit.runners.ParentRunner$4.run(ParentRunner.java:331)
	at org.junit.runners.ParentRunner$1.schedule(ParentRunner.java:79)
	at org.junit.runners.ParentRunner.runChildren(ParentRunner.java:329)
	at org.junit.runners.ParentRunner.access$100(ParentRunner.java:66)
	at org.junit.runners.ParentRunner$2.evaluate(ParentRunner.java:293)
	at org.junit.runners.ParentRunner$3.evaluate(ParentRunner.java:306)
	at org.junit.runners.ParentRunner.run(ParentRunner.java:413)
	at org.apache.maven.surefire.junitcore.JUnitCore.run(JUnitCore.java:55)
	at org.apache.maven.surefire.junitcore.JUnitCoreWrapper.createRequestAndRun(JUnitCoreWrapper.java:137)
	at org.apache.maven.surefire.junitcore.JUnitCoreWrapper.executeEager(JUnitCoreWrapper.java:107)
	at org.apache.maven.surefire.junitcore.JUnitCoreWrapper.execute(JUnitCoreWrapper.java:83)
	at org.apache.maven.surefire.junitcore.JUnitCoreWrapper.execute(JUnitCoreWrapper.java:75)
	at org.apache.maven.surefire.junitcore.JUnitCoreProvider.invoke(JUnitCoreProvider.java:158)
	at org.apache.maven.surefire.booter.ForkedBooter.runSuitesInProcess(ForkedBooter.java:377)
	at org.apache.maven.surefire.booter.ForkedBooter.execute(ForkedBooter.java:138)
	at org.apache.maven.surefire.booter.ForkedBooter.run(ForkedBooter.java:465)
	at org.apache.maven.surefire.booter.ForkedBooter.main(ForkedBooter.java:451)
Caused by: org.apache.derby.shared.common.error.DerbySQLIntegrityConstraintViolationException: DELETE on table 'DBS' caused a violation of foreign key constraint 'TBLS_FK1' for key (3).  The statement has been rolled back.
	at org.apache.derby.impl.jdbc.SQLExceptionFactory.getSQLException(Unknown Source)
	at org.apache.derby.impl.jdbc.Util.generateCsSQLException(Unknown Source)
	at org.apache.derby.impl.jdbc.TransactionResourceImpl.wrapInSQLException(Unknown Source)
	at org.apache.derby.impl.jdbc.TransactionResourceImpl.handleException(Unknown Source)
	at org.apache.derby.impl.jdbc.EmbedConnection.handleException(Unknown Source)
	at org.apache.derby.impl.jdbc.ConnectionChild.handleException(Unknown Source)
	at org.apache.derby.impl.jdbc.EmbedStatement.executeStatement(Unknown Source)
	at org.apache.derby.impl.jdbc.EmbedPreparedStatement.executeBatchElement(Unknown Source)
	... 94 more
Caused by: ERROR 23503: DELETE on table 'DBS' caused a violation of foreign key constraint 'TBLS_FK1' for key (3).  The statement has been rolled back.
	at org.apache.derby.iapi.error.StandardException.newException(Unknown Source)
	at org.apache.derby.iapi.error.StandardException.newException(Unknown Source)
	at org.apache.derby.impl.sql.execute.ReferencedKeyRIChecker.doCheck(Unknown Source)
	at org.apache.derby.impl.sql.execute.RISetChecker.doPKCheck(Unknown Source)
	at org.apache.derby.impl.sql.execute.DeleteResultSet.collectAffectedRows(Unknown Source)
	at org.apache.derby.impl.sql.execute.DeleteResultSet.open(Unknown Source)
	at org.apache.derby.impl.sql.GenericPreparedStatement.executeStmt(Unknown Source)
	at org.apache.derby.impl.sql.GenericPreparedStatement.execute(Unknown Source)
	... 96 more

2024-04-24T11:29:18,140  INFO [main] HiveMetaStore.audit: ugi=alex	ip=unknown-ip-addr	cmd=drop_database: @hive#junit_specific_db	
2024-04-24T11:29:18,145  INFO [main] HiveMetaStore.audit: ugi=alex	ip=unknown-ip-addr	cmd=get_all_tables: db=@hive#junit_specific_db	
2024-04-24T11:29:18,146  INFO [main] HiveMetaStore.audit: ugi=alex	ip=unknown-ip-addr	cmd=get_functions: db=@hive#junit_specific_db pat=*	
2024-04-24T11:29:18,148  INFO [main] HiveMetaStore.audit: ugi=alex	ip=unknown-ip-addr	cmd=get_all_stored_procedures	
2024-04-24T11:29:18,149  INFO [main] HiveMetaStore.audit: ugi=alex	ip=unknown-ip-addr	cmd=get_all_packages	
2024-04-24T11:29:18,150  INFO [main] HiveMetaStore.audit: ugi=alex	ip=unknown-ip-addr	cmd=getTablesByTypeCore: catName=hive: db=junit_specific_db pat=.*,type=MATERIALIZED_VIEW	
2024-04-24T11:29:18,155  INFO [main] metastore.ObjectStore: Dropping database hive.junit_specific_db along with all tables
2024-04-24T11:29:18,161  INFO [main] txn.TxnHandler: Non-retryable error in cleanupRecords : Table/View 'TXN_COMPONENTS' does not exist. (SQLState=42X05, ErrorCode=20000)
2024-04-24T11:29:18,161  WARN [main] txn.TxnHandler: Cannot perform cleanup since metastore table does not exist
2024-04-24T11:29:18,162 ERROR [main] metastore.RetryingHMSHandler: HMSHandler Fatal error: javax.jdo.JDODataStoreException: Exception thrown flushing changes to datastore
	at org.datanucleus.api.jdo.NucleusJDOHelper.getJDOExceptionForNucleusException(NucleusJDOHelper.java:542)
	at org.datanucleus.api.jdo.JDOTransaction.commit(JDOTransaction.java:162)
	at org.apache.hadoop.hive.metastore.ObjectStore.commitTransaction(ObjectStore.java:615)
	at sun.reflect.GeneratedMethodAccessor31.invoke(Unknown Source)
	at sun.reflect.DelegatingMethodAccessorImpl.invoke(DelegatingMethodAccessorImpl.java:43)
	at java.lang.reflect.Method.invoke(Method.java:498)
	at org.apache.hadoop.hive.metastore.RawStoreProxy.invoke(RawStoreProxy.java:97)
	at com.sun.proxy.$Proxy32.commitTransaction(Unknown Source)
	at org.apache.hadoop.hive.metastore.HMSHandler.drop_database_core(HMSHandler.java:1790)
	at org.apache.hadoop.hive.metastore.HMSHandler.drop_database(HMSHandler.java:1869)
	at sun.reflect.GeneratedMethodAccessor54.invoke(Unknown Source)
	at sun.reflect.DelegatingMethodAccessorImpl.invoke(DelegatingMethodAccessorImpl.java:43)
	at java.lang.reflect.Method.invoke(Method.java:498)
	at org.apache.hadoop.hive.metastore.RetryingHMSHandler.invokeInternal(RetryingHMSHandler.java:147)
	at org.apache.hadoop.hive.metastore.RetryingHMSHandler.invoke(RetryingHMSHandler.java:108)
	at com.sun.proxy.$Proxy35.drop_database(Unknown Source)
	at org.apache.hadoop.hive.metastore.HiveMetaStoreClient.dropDatabaseCascadePerDb(HiveMetaStoreClient.java:1601)
	at org.apache.hadoop.hive.metastore.HiveMetaStoreClient.dropDatabase(HiveMetaStoreClient.java:1532)
	at org.apache.hadoop.hive.metastore.HiveMetaStoreClient.dropDatabase(HiveMetaStoreClient.java:1485)
	at sun.reflect.NativeMethodAccessorImpl.invoke0(Native Method)
	at sun.reflect.NativeMethodAccessorImpl.invoke(NativeMethodAccessorImpl.java:62)
	at sun.reflect.DelegatingMethodAccessorImpl.invoke(DelegatingMethodAccessorImpl.java:43)
	at java.lang.reflect.Method.invoke(Method.java:498)
	at org.apache.hadoop.hive.metastore.RetryingMetaStoreClient.invoke(RetryingMetaStoreClient.java:218)
	at com.sun.proxy.$Proxy45.dropDatabase(Unknown Source)
	at org.apache.hadoop.hive.ql.metadata.Hive.dropDatabase(Hive.java:662)
	at org.apache.hadoop.hive.ql.ddl.database.drop.DropDatabaseOperation.execute(DropDatabaseOperation.java:52)
	at org.apache.hadoop.hive.ql.ddl.DDLTask.execute(DDLTask.java:84)
	at org.apache.hadoop.hive.ql.exec.Task.executeTask(Task.java:212)
	at org.apache.hadoop.hive.ql.exec.TaskRunner.runSequential(TaskRunner.java:105)
	at org.apache.hadoop.hive.ql.Executor.launchTask(Executor.java:361)
	at org.apache.hadoop.hive.ql.Executor.launchTasks(Executor.java:334)
	at org.apache.hadoop.hive.ql.Executor.runTasks(Executor.java:245)
	at org.apache.hadoop.hive.ql.Executor.execute(Executor.java:108)
	at org.apache.hadoop.hive.ql.Driver.execute(Driver.java:348)
	at org.apache.hadoop.hive.ql.Driver.runInternal(Driver.java:204)
	at org.apache.hadoop.hive.ql.Driver.run(Driver.java:153)
	at org.apache.hadoop.hive.ql.Driver.run(Driver.java:148)
	at org.apache.hadoop.hive.ql.reexec.ReExecDriver.run(ReExecDriver.java:164)
	at org.apache.hadoop.hive.ql.reexec.ReExecDriver.run(ReExecDriver.java:230)
	at org.apache.hive.hcatalog.pig.AbstractHCatLoaderTest.executeStatementOnDriver(AbstractHCatLoaderTest.java:151)
	at org.apache.hive.hcatalog.pig.AbstractHCatLoaderTest.tearDown(AbstractHCatLoaderTest.java:239)
	at sun.reflect.NativeMethodAccessorImpl.invoke0(Native Method)
	at sun.reflect.NativeMethodAccessorImpl.invoke(NativeMethodAccessorImpl.java:62)
	at sun.reflect.DelegatingMethodAccessorImpl.invoke(DelegatingMethodAccessorImpl.java:43)
	at java.lang.reflect.Method.invoke(Method.java:498)
	at org.junit.runners.model.FrameworkMethod$1.runReflectiveCall(FrameworkMethod.java:59)
	at org.junit.internal.runners.model.ReflectiveCallable.run(ReflectiveCallable.java:12)
	at org.junit.runners.model.FrameworkMethod.invokeExplosively(FrameworkMethod.java:56)
	at org.junit.internal.runners.statements.RunAfters.invokeMethod(RunAfters.java:46)
	at org.junit.internal.runners.statements.RunAfters.evaluate(RunAfters.java:33)
	at org.junit.runners.ParentRunner$3.evaluate(ParentRunner.java:306)
	at org.junit.runners.BlockJUnit4ClassRunner$1.evaluate(BlockJUnit4ClassRunner.java:100)
	at org.junit.runners.ParentRunner.runLeaf(ParentRunner.java:366)
	at org.junit.runners.BlockJUnit4ClassRunner.runChild(BlockJUnit4ClassRunner.java:103)
	at org.junit.runners.BlockJUnit4ClassRunner.runChild(BlockJUnit4ClassRunner.java:63)
	at org.junit.runners.ParentRunner$4.run(ParentRunner.java:331)
	at org.junit.runners.ParentRunner$1.schedule(ParentRunner.java:79)
	at org.junit.runners.ParentRunner.runChildren(ParentRunner.java:329)
	at org.junit.runners.ParentRunner.access$100(ParentRunner.java:66)
	at org.junit.runners.ParentRunner$2.evaluate(ParentRunner.java:293)
	at org.junit.internal.runners.statements.RunBefores.evaluate(RunBefores.java:26)
	at org.junit.runners.ParentRunner$3.evaluate(ParentRunner.java:306)
	at org.junit.runners.ParentRunner.run(ParentRunner.java:413)
	at org.junit.runners.Suite.runChild(Suite.java:128)
	at org.junit.runners.Suite.runChild(Suite.java:27)
	at org.junit.runners.ParentRunner$4.run(ParentRunner.java:331)
	at org.junit.runners.ParentRunner$1.schedule(ParentRunner.java:79)
	at org.junit.runners.ParentRunner.runChildren(ParentRunner.java:329)
	at org.junit.runners.ParentRunner.access$100(ParentRunner.java:66)
	at org.junit.runners.ParentRunner$2.evaluate(ParentRunner.java:293)
	at org.junit.runners.ParentRunner$3.evaluate(ParentRunner.java:306)
	at org.junit.runners.ParentRunner.run(ParentRunner.java:413)
	at org.apache.maven.surefire.junitcore.JUnitCore.run(JUnitCore.java:55)
	at org.apache.maven.surefire.junitcore.JUnitCoreWrapper.createRequestAndRun(JUnitCoreWrapper.java:137)
	at org.apache.maven.surefire.junitcore.JUnitCoreWrapper.executeEager(JUnitCoreWrapper.java:107)
	at org.apache.maven.surefire.junitcore.JUnitCoreWrapper.execute(JUnitCoreWrapper.java:83)
	at org.apache.maven.surefire.junitcore.JUnitCoreWrapper.execute(JUnitCoreWrapper.java:75)
	at org.apache.maven.surefire.junitcore.JUnitCoreProvider.invoke(JUnitCoreProvider.java:158)
	at org.apache.maven.surefire.booter.ForkedBooter.runSuitesInProcess(ForkedBooter.java:377)
	at org.apache.maven.surefire.booter.ForkedBooter.execute(ForkedBooter.java:138)
	at org.apache.maven.surefire.booter.ForkedBooter.run(ForkedBooter.java:465)
	at org.apache.maven.surefire.booter.ForkedBooter.main(ForkedBooter.java:451)
NestedThrowablesStackTrace:
java.sql.BatchUpdateException: DELETE on table 'DBS' caused a violation of foreign key constraint 'TBLS_FK1' for key (3).  The statement has been rolled back.
	at org.apache.derby.impl.jdbc.EmbedStatement.executeLargeBatch(Unknown Source)
	at org.apache.derby.impl.jdbc.EmbedStatement.executeBatch(Unknown Source)
	at com.zaxxer.hikari.pool.ProxyStatement.executeBatch(ProxyStatement.java:128)
	at com.zaxxer.hikari.pool.HikariProxyPreparedStatement.executeBatch(HikariProxyPreparedStatement.java)
	at org.datanucleus.store.rdbms.ParamLoggingPreparedStatement.executeBatch(ParamLoggingPreparedStatement.java:366)
	at org.datanucleus.store.rdbms.SQLController.processConnectionStatement(SQLController.java:675)
	at org.datanucleus.store.rdbms.SQLController.processStatementsForConnection(SQLController.java:643)
	at org.datanucleus.store.rdbms.SQLController$1.transactionFlushed(SQLController.java:729)
	at org.datanucleus.store.connection.AbstractManagedConnection.transactionFlushed(AbstractManagedConnection.java:95)
	at org.datanucleus.store.connection.ConnectionManagerImpl$2.transactionFlushed(ConnectionManagerImpl.java:528)
	at org.datanucleus.TransactionImpl.flush(TransactionImpl.java:222)
	at org.datanucleus.TransactionImpl.commit(TransactionImpl.java:286)
	at org.datanucleus.api.jdo.JDOTransaction.commit(JDOTransaction.java:99)
	at org.apache.hadoop.hive.metastore.ObjectStore.commitTransaction(ObjectStore.java:615)
	at sun.reflect.GeneratedMethodAccessor31.invoke(Unknown Source)
	at sun.reflect.DelegatingMethodAccessorImpl.invoke(DelegatingMethodAccessorImpl.java:43)
	at java.lang.reflect.Method.invoke(Method.java:498)
	at org.apache.hadoop.hive.metastore.RawStoreProxy.invoke(RawStoreProxy.java:97)
	at com.sun.proxy.$Proxy32.commitTransaction(Unknown Source)
	at org.apache.hadoop.hive.metastore.HMSHandler.drop_database_core(HMSHandler.java:1790)
	at org.apache.hadoop.hive.metastore.HMSHandler.drop_database(HMSHandler.java:1869)
	at sun.reflect.GeneratedMethodAccessor54.invoke(Unknown Source)
	at sun.reflect.DelegatingMethodAccessorImpl.invoke(DelegatingMethodAccessorImpl.java:43)
	at java.lang.reflect.Method.invoke(Method.java:498)
	at org.apache.hadoop.hive.metastore.RetryingHMSHandler.invokeInternal(RetryingHMSHandler.java:147)
	at org.apache.hadoop.hive.metastore.RetryingHMSHandler.invoke(RetryingHMSHandler.java:108)
	at com.sun.proxy.$Proxy35.drop_database(Unknown Source)
	at org.apache.hadoop.hive.metastore.HiveMetaStoreClient.dropDatabaseCascadePerDb(HiveMetaStoreClient.java:1601)
	at org.apache.hadoop.hive.metastore.HiveMetaStoreClient.dropDatabase(HiveMetaStoreClient.java:1532)
	at org.apache.hadoop.hive.metastore.HiveMetaStoreClient.dropDatabase(HiveMetaStoreClient.java:1485)
	at sun.reflect.NativeMethodAccessorImpl.invoke0(Native Method)
	at sun.reflect.NativeMethodAccessorImpl.invoke(NativeMethodAccessorImpl.java:62)
	at sun.reflect.DelegatingMethodAccessorImpl.invoke(DelegatingMethodAccessorImpl.java:43)
	at java.lang.reflect.Method.invoke(Method.java:498)
	at org.apache.hadoop.hive.metastore.RetryingMetaStoreClient.invoke(RetryingMetaStoreClient.java:218)
	at com.sun.proxy.$Proxy45.dropDatabase(Unknown Source)
	at org.apache.hadoop.hive.ql.metadata.Hive.dropDatabase(Hive.java:662)
	at org.apache.hadoop.hive.ql.ddl.database.drop.DropDatabaseOperation.execute(DropDatabaseOperation.java:52)
	at org.apache.hadoop.hive.ql.ddl.DDLTask.execute(DDLTask.java:84)
	at org.apache.hadoop.hive.ql.exec.Task.executeTask(Task.java:212)
	at org.apache.hadoop.hive.ql.exec.TaskRunner.runSequential(TaskRunner.java:105)
	at org.apache.hadoop.hive.ql.Executor.launchTask(Executor.java:361)
	at org.apache.hadoop.hive.ql.Executor.launchTasks(Executor.java:334)
	at org.apache.hadoop.hive.ql.Executor.runTasks(Executor.java:245)
	at org.apache.hadoop.hive.ql.Executor.execute(Executor.java:108)
	at org.apache.hadoop.hive.ql.Driver.execute(Driver.java:348)
	at org.apache.hadoop.hive.ql.Driver.runInternal(Driver.java:204)
	at org.apache.hadoop.hive.ql.Driver.run(Driver.java:153)
	at org.apache.hadoop.hive.ql.Driver.run(Driver.java:148)
	at org.apache.hadoop.hive.ql.reexec.ReExecDriver.run(ReExecDriver.java:164)
	at org.apache.hadoop.hive.ql.reexec.ReExecDriver.run(ReExecDriver.java:230)
	at org.apache.hive.hcatalog.pig.AbstractHCatLoaderTest.executeStatementOnDriver(AbstractHCatLoaderTest.java:151)
	at org.apache.hive.hcatalog.pig.AbstractHCatLoaderTest.tearDown(AbstractHCatLoaderTest.java:239)
	at sun.reflect.NativeMethodAccessorImpl.invoke0(Native Method)
	at sun.reflect.NativeMethodAccessorImpl.invoke(NativeMethodAccessorImpl.java:62)
	at sun.reflect.DelegatingMethodAccessorImpl.invoke(DelegatingMethodAccessorImpl.java:43)
	at java.lang.reflect.Method.invoke(Method.java:498)
	at org.junit.runners.model.FrameworkMethod$1.runReflectiveCall(FrameworkMethod.java:59)
	at org.junit.internal.runners.model.ReflectiveCallable.run(ReflectiveCallable.java:12)
	at org.junit.runners.model.FrameworkMethod.invokeExplosively(FrameworkMethod.java:56)
	at org.junit.internal.runners.statements.RunAfters.invokeMethod(RunAfters.java:46)
	at org.junit.internal.runners.statements.RunAfters.evaluate(RunAfters.java:33)
	at org.junit.runners.ParentRunner$3.evaluate(ParentRunner.java:306)
	at org.junit.runners.BlockJUnit4ClassRunner$1.evaluate(BlockJUnit4ClassRunner.java:100)
	at org.junit.runners.ParentRunner.runLeaf(ParentRunner.java:366)
	at org.junit.runners.BlockJUnit4ClassRunner.runChild(BlockJUnit4ClassRunner.java:103)
	at org.junit.runners.BlockJUnit4ClassRunner.runChild(BlockJUnit4ClassRunner.java:63)
	at org.junit.runners.ParentRunner$4.run(ParentRunner.java:331)
	at org.junit.runners.ParentRunner$1.schedule(ParentRunner.java:79)
	at org.junit.runners.ParentRunner.runChildren(ParentRunner.java:329)
	at org.junit.runners.ParentRunner.access$100(ParentRunner.java:66)
	at org.junit.runners.ParentRunner$2.evaluate(ParentRunner.java:293)
	at org.junit.internal.runners.statements.RunBefores.evaluate(RunBefores.java:26)
	at org.junit.runners.ParentRunner$3.evaluate(ParentRunner.java:306)
	at org.junit.runners.ParentRunner.run(ParentRunner.java:413)
	at org.junit.runners.Suite.runChild(Suite.java:128)
	at org.junit.runners.Suite.runChild(Suite.java:27)
	at org.junit.runners.ParentRunner$4.run(ParentRunner.java:331)
	at org.junit.runners.ParentRunner$1.schedule(ParentRunner.java:79)
	at org.junit.runners.ParentRunner.runChildren(ParentRunner.java:329)
	at org.junit.runners.ParentRunner.access$100(ParentRunner.java:66)
	at org.junit.runners.ParentRunner$2.evaluate(ParentRunner.java:293)
	at org.junit.runners.ParentRunner$3.evaluate(ParentRunner.java:306)
	at org.junit.runners.ParentRunner.run(ParentRunner.java:413)
	at org.apache.maven.surefire.junitcore.JUnitCore.run(JUnitCore.java:55)
	at org.apache.maven.surefire.junitcore.JUnitCoreWrapper.createRequestAndRun(JUnitCoreWrapper.java:137)
	at org.apache.maven.surefire.junitcore.JUnitCoreWrapper.executeEager(JUnitCoreWrapper.java:107)
	at org.apache.maven.surefire.junitcore.JUnitCoreWrapper.execute(JUnitCoreWrapper.java:83)
	at org.apache.maven.surefire.junitcore.JUnitCoreWrapper.execute(JUnitCoreWrapper.java:75)
	at org.apache.maven.surefire.junitcore.JUnitCoreProvider.invoke(JUnitCoreProvider.java:158)
	at org.apache.maven.surefire.booter.ForkedBooter.runSuitesInProcess(ForkedBooter.java:377)
	at org.apache.maven.surefire.booter.ForkedBooter.execute(ForkedBooter.java:138)
	at org.apache.maven.surefire.booter.ForkedBooter.run(ForkedBooter.java:465)
	at org.apache.maven.surefire.booter.ForkedBooter.main(ForkedBooter.java:451)
Caused by: org.apache.derby.shared.common.error.DerbySQLIntegrityConstraintViolationException: DELETE on table 'DBS' caused a violation of foreign key constraint 'TBLS_FK1' for key (3).  The statement has been rolled back.
	at org.apache.derby.impl.jdbc.SQLExceptionFactory.getSQLException(Unknown Source)
	at org.apache.derby.impl.jdbc.Util.generateCsSQLException(Unknown Source)
	at org.apache.derby.impl.jdbc.TransactionResourceImpl.wrapInSQLException(Unknown Source)
	at org.apache.derby.impl.jdbc.TransactionResourceImpl.handleException(Unknown Source)
	at org.apache.derby.impl.jdbc.EmbedConnection.handleException(Unknown Source)
	at org.apache.derby.impl.jdbc.ConnectionChild.handleException(Unknown Source)
	at org.apache.derby.impl.jdbc.EmbedStatement.executeStatement(Unknown Source)
	at org.apache.derby.impl.jdbc.EmbedPreparedStatement.executeBatchElement(Unknown Source)
	... 94 more
Caused by: ERROR 23503: DELETE on table 'DBS' caused a violation of foreign key constraint 'TBLS_FK1' for key (3).  The statement has been rolled back.
	at org.apache.derby.iapi.error.StandardException.newException(Unknown Source)
	at org.apache.derby.iapi.error.StandardException.newException(Unknown Source)
	at org.apache.derby.impl.sql.execute.ReferencedKeyRIChecker.doCheck(Unknown Source)
	at org.apache.derby.impl.sql.execute.RISetChecker.doPKCheck(Unknown Source)
	at org.apache.derby.impl.sql.execute.DeleteResultSet.collectAffectedRows(Unknown Source)
	at org.apache.derby.impl.sql.execute.DeleteResultSet.open(Unknown Source)
	at org.apache.derby.impl.sql.GenericPreparedStatement.executeStmt(Unknown Source)
	at org.apache.derby.impl.sql.GenericPreparedStatement.execute(Unknown Source)
	... 96 more

2024-04-24T11:29:18,163 ERROR [main] exec.Task: Failed
org.apache.hadoop.hive.ql.metadata.HiveException: MetaException(message:javax.jdo.JDODataStoreException: Exception thrown flushing changes to datastore
NestedThrowables:
java.sql.BatchUpdateException: DELETE on table 'DBS' caused a violation of foreign key constraint 'TBLS_FK1' for key (3).  The statement has been rolled back.)
	at org.apache.hadoop.hive.ql.metadata.Hive.dropDatabase(Hive.java:666) ~[classes/:?]
	at org.apache.hadoop.hive.ql.ddl.database.drop.DropDatabaseOperation.execute(DropDatabaseOperation.java:52) ~[classes/:?]
	at org.apache.hadoop.hive.ql.ddl.DDLTask.execute(DDLTask.java:84) [classes/:?]
	at org.apache.hadoop.hive.ql.exec.Task.executeTask(Task.java:212) [classes/:?]
	at org.apache.hadoop.hive.ql.exec.TaskRunner.runSequential(TaskRunner.java:105) [classes/:?]
	at org.apache.hadoop.hive.ql.Executor.launchTask(Executor.java:361) [classes/:?]
	at org.apache.hadoop.hive.ql.Executor.launchTasks(Executor.java:334) [classes/:?]
	at org.apache.hadoop.hive.ql.Executor.runTasks(Executor.java:245) [classes/:?]
	at org.apache.hadoop.hive.ql.Executor.execute(Executor.java:108) [classes/:?]
	at org.apache.hadoop.hive.ql.Driver.execute(Driver.java:348) [classes/:?]
	at org.apache.hadoop.hive.ql.Driver.runInternal(Driver.java:204) [classes/:?]
	at org.apache.hadoop.hive.ql.Driver.run(Driver.java:153) [classes/:?]
	at org.apache.hadoop.hive.ql.Driver.run(Driver.java:148) [classes/:?]
	at org.apache.hadoop.hive.ql.reexec.ReExecDriver.run(ReExecDriver.java:164) [classes/:?]
	at org.apache.hadoop.hive.ql.reexec.ReExecDriver.run(ReExecDriver.java:230) [classes/:?]
	at org.apache.hive.hcatalog.pig.AbstractHCatLoaderTest.executeStatementOnDriver(AbstractHCatLoaderTest.java:151) [test-classes/:?]
	at org.apache.hive.hcatalog.pig.AbstractHCatLoaderTest.tearDown(AbstractHCatLoaderTest.java:239) [test-classes/:?]
	at sun.reflect.NativeMethodAccessorImpl.invoke0(Native Method) ~[?:1.8.0_402]
	at sun.reflect.NativeMethodAccessorImpl.invoke(NativeMethodAccessorImpl.java:62) ~[?:1.8.0_402]
	at sun.reflect.DelegatingMethodAccessorImpl.invoke(DelegatingMethodAccessorImpl.java:43) ~[?:1.8.0_402]
	at java.lang.reflect.Method.invoke(Method.java:498) ~[?:1.8.0_402]
	at org.junit.runners.model.FrameworkMethod$1.runReflectiveCall(FrameworkMethod.java:59) [junit-4.13.jar:4.13]
	at org.junit.internal.runners.model.ReflectiveCallable.run(ReflectiveCallable.java:12) [junit-4.13.jar:4.13]
	at org.junit.runners.model.FrameworkMethod.invokeExplosively(FrameworkMethod.java:56) [junit-4.13.jar:4.13]
	at org.junit.internal.runners.statements.RunAfters.invokeMethod(RunAfters.java:46) [junit-4.13.jar:4.13]
	at org.junit.internal.runners.statements.RunAfters.evaluate(RunAfters.java:33) [junit-4.13.jar:4.13]
	at org.junit.runners.ParentRunner$3.evaluate(ParentRunner.java:306) [junit-4.13.jar:4.13]
	at org.junit.runners.BlockJUnit4ClassRunner$1.evaluate(BlockJUnit4ClassRunner.java:100) [junit-4.13.jar:4.13]
	at org.junit.runners.ParentRunner.runLeaf(ParentRunner.java:366) [junit-4.13.jar:4.13]
	at org.junit.runners.BlockJUnit4ClassRunner.runChild(BlockJUnit4ClassRunner.java:103) [junit-4.13.jar:4.13]
	at org.junit.runners.BlockJUnit4ClassRunner.runChild(BlockJUnit4ClassRunner.java:63) [junit-4.13.jar:4.13]
	at org.junit.runners.ParentRunner$4.run(ParentRunner.java:331) [junit-4.13.jar:4.13]
	at org.junit.runners.ParentRunner$1.schedule(ParentRunner.java:79) [junit-4.13.jar:4.13]
	at org.junit.runners.ParentRunner.runChildren(ParentRunner.java:329) [junit-4.13.jar:4.13]
	at org.junit.runners.ParentRunner.access$100(ParentRunner.java:66) [junit-4.13.jar:4.13]
	at org.junit.runners.ParentRunner$2.evaluate(ParentRunner.java:293) [junit-4.13.jar:4.13]
	at org.junit.internal.runners.statements.RunBefores.evaluate(RunBefores.java:26) [junit-4.13.jar:4.13]
	at org.junit.runners.ParentRunner$3.evaluate(ParentRunner.java:306) [junit-4.13.jar:4.13]
	at org.junit.runners.ParentRunner.run(ParentRunner.java:413) [junit-4.13.jar:4.13]
	at org.junit.runners.Suite.runChild(Suite.java:128) [junit-4.13.jar:4.13]
	at org.junit.runners.Suite.runChild(Suite.java:27) [junit-4.13.jar:4.13]
	at org.junit.runners.ParentRunner$4.run(ParentRunner.java:331) [junit-4.13.jar:4.13]
	at org.junit.runners.ParentRunner$1.schedule(ParentRunner.java:79) [junit-4.13.jar:4.13]
	at org.junit.runners.ParentRunner.runChildren(ParentRunner.java:329) [junit-4.13.jar:4.13]
	at org.junit.runners.ParentRunner.access$100(ParentRunner.java:66) [junit-4.13.jar:4.13]
	at org.junit.runners.ParentRunner$2.evaluate(ParentRunner.java:293) [junit-4.13.jar:4.13]
	at org.junit.runners.ParentRunner$3.evaluate(ParentRunner.java:306) [junit-4.13.jar:4.13]
	at org.junit.runners.ParentRunner.run(ParentRunner.java:413) [junit-4.13.jar:4.13]
	at org.apache.maven.surefire.junitcore.JUnitCore.run(JUnitCore.java:55) [surefire-junit47-3.0.0-M4.jar:3.0.0-M4]
	at org.apache.maven.surefire.junitcore.JUnitCoreWrapper.createRequestAndRun(JUnitCoreWrapper.java:137) [surefire-junit47-3.0.0-M4.jar:3.0.0-M4]
	at org.apache.maven.surefire.junitcore.JUnitCoreWrapper.executeEager(JUnitCoreWrapper.java:107) [surefire-junit47-3.0.0-M4.jar:3.0.0-M4]
	at org.apache.maven.surefire.junitcore.JUnitCoreWrapper.execute(JUnitCoreWrapper.java:83) [surefire-junit47-3.0.0-M4.jar:3.0.0-M4]
	at org.apache.maven.surefire.junitcore.JUnitCoreWrapper.execute(JUnitCoreWrapper.java:75) [surefire-junit47-3.0.0-M4.jar:3.0.0-M4]
	at org.apache.maven.surefire.junitcore.JUnitCoreProvider.invoke(JUnitCoreProvider.java:158) [surefire-junit47-3.0.0-M4.jar:3.0.0-M4]
	at org.apache.maven.surefire.booter.ForkedBooter.runSuitesInProcess(ForkedBooter.java:377) [surefire-booter-3.0.0-M4.jar:3.0.0-M4]
	at org.apache.maven.surefire.booter.ForkedBooter.execute(ForkedBooter.java:138) [surefire-booter-3.0.0-M4.jar:3.0.0-M4]
	at org.apache.maven.surefire.booter.ForkedBooter.run(ForkedBooter.java:465) [surefire-booter-3.0.0-M4.jar:3.0.0-M4]
	at org.apache.maven.surefire.booter.ForkedBooter.main(ForkedBooter.java:451) [surefire-booter-3.0.0-M4.jar:3.0.0-M4]
Caused by: org.apache.hadoop.hive.metastore.api.MetaException: javax.jdo.JDODataStoreException: Exception thrown flushing changes to datastore
NestedThrowables:
java.sql.BatchUpdateException: DELETE on table 'DBS' caused a violation of foreign key constraint 'TBLS_FK1' for key (3).  The statement has been rolled back.
	at org.apache.hadoop.hive.metastore.RetryingHMSHandler.invokeInternal(RetryingHMSHandler.java:209) ~[classes/:?]
	at org.apache.hadoop.hive.metastore.RetryingHMSHandler.invoke(RetryingHMSHandler.java:108) ~[classes/:?]
	at com.sun.proxy.$Proxy35.drop_database(Unknown Source) ~[?:?]
	at org.apache.hadoop.hive.metastore.HiveMetaStoreClient.dropDatabaseCascadePerDb(HiveMetaStoreClient.java:1601) ~[classes/:?]
	at org.apache.hadoop.hive.metastore.HiveMetaStoreClient.dropDatabase(HiveMetaStoreClient.java:1532) ~[classes/:?]
	at org.apache.hadoop.hive.metastore.HiveMetaStoreClient.dropDatabase(HiveMetaStoreClient.java:1485) ~[classes/:?]
	at sun.reflect.NativeMethodAccessorImpl.invoke0(Native Method) ~[?:1.8.0_402]
	at sun.reflect.NativeMethodAccessorImpl.invoke(NativeMethodAccessorImpl.java:62) ~[?:1.8.0_402]
	at sun.reflect.DelegatingMethodAccessorImpl.invoke(DelegatingMethodAccessorImpl.java:43) ~[?:1.8.0_402]
	at java.lang.reflect.Method.invoke(Method.java:498) ~[?:1.8.0_402]
	at org.apache.hadoop.hive.metastore.RetryingMetaStoreClient.invoke(RetryingMetaStoreClient.java:218) ~[classes/:?]
	at com.sun.proxy.$Proxy45.dropDatabase(Unknown Source) ~[?:?]
	at org.apache.hadoop.hive.ql.metadata.Hive.dropDatabase(Hive.java:662) ~[classes/:?]
	... 57 more
Caused by: javax.jdo.JDODataStoreException: Exception thrown flushing changes to datastore
	at org.datanucleus.api.jdo.NucleusJDOHelper.getJDOExceptionForNucleusException(NucleusJDOHelper.java:542) ~[datanucleus-api-jdo-5.2.4.jar:?]
	at org.datanucleus.api.jdo.JDOTransaction.commit(JDOTransaction.java:162) ~[datanucleus-api-jdo-5.2.4.jar:?]
	at org.apache.hadoop.hive.metastore.ObjectStore.commitTransaction(ObjectStore.java:615) ~[classes/:?]
	at sun.reflect.GeneratedMethodAccessor31.invoke(Unknown Source) ~[?:?]
	at sun.reflect.DelegatingMethodAccessorImpl.invoke(DelegatingMethodAccessorImpl.java:43) ~[?:1.8.0_402]
	at java.lang.reflect.Method.invoke(Method.java:498) ~[?:1.8.0_402]
	at org.apache.hadoop.hive.metastore.RawStoreProxy.invoke(RawStoreProxy.java:97) ~[classes/:?]
	at com.sun.proxy.$Proxy32.commitTransaction(Unknown Source) ~[?:?]
	at org.apache.hadoop.hive.metastore.HMSHandler.drop_database_core(HMSHandler.java:1790) ~[classes/:?]
	at org.apache.hadoop.hive.metastore.HMSHandler.drop_database(HMSHandler.java:1869) ~[classes/:?]
	at sun.reflect.GeneratedMethodAccessor54.invoke(Unknown Source) ~[?:?]
	at sun.reflect.DelegatingMethodAccessorImpl.invoke(DelegatingMethodAccessorImpl.java:43) ~[?:1.8.0_402]
	at java.lang.reflect.Method.invoke(Method.java:498) ~[?:1.8.0_402]
	at org.apache.hadoop.hive.metastore.RetryingHMSHandler.invokeInternal(RetryingHMSHandler.java:147) ~[classes/:?]
	at org.apache.hadoop.hive.metastore.RetryingHMSHandler.invoke(RetryingHMSHandler.java:108) ~[classes/:?]
	at com.sun.proxy.$Proxy35.drop_database(Unknown Source) ~[?:?]
	at org.apache.hadoop.hive.metastore.HiveMetaStoreClient.dropDatabaseCascadePerDb(HiveMetaStoreClient.java:1601) ~[classes/:?]
	at org.apache.hadoop.hive.metastore.HiveMetaStoreClient.dropDatabase(HiveMetaStoreClient.java:1532) ~[classes/:?]
	at org.apache.hadoop.hive.metastore.HiveMetaStoreClient.dropDatabase(HiveMetaStoreClient.java:1485) ~[classes/:?]
	at sun.reflect.NativeMethodAccessorImpl.invoke0(Native Method) ~[?:1.8.0_402]
	at sun.reflect.NativeMethodAccessorImpl.invoke(NativeMethodAccessorImpl.java:62) ~[?:1.8.0_402]
	at sun.reflect.DelegatingMethodAccessorImpl.invoke(DelegatingMethodAccessorImpl.java:43) ~[?:1.8.0_402]
	at java.lang.reflect.Method.invoke(Method.java:498) ~[?:1.8.0_402]
	at org.apache.hadoop.hive.metastore.RetryingMetaStoreClient.invoke(RetryingMetaStoreClient.java:218) ~[classes/:?]
	at com.sun.proxy.$Proxy45.dropDatabase(Unknown Source) ~[?:?]
	at org.apache.hadoop.hive.ql.metadata.Hive.dropDatabase(Hive.java:662) ~[classes/:?]
	... 57 more
Caused by: java.sql.BatchUpdateException: DELETE on table 'DBS' caused a violation of foreign key constraint 'TBLS_FK1' for key (3).  The statement has been rolled back.
	at org.apache.derby.impl.jdbc.EmbedStatement.executeLargeBatch(Unknown Source) ~[derby-10.14.1.0.jar:?]
	at org.apache.derby.impl.jdbc.EmbedStatement.executeBatch(Unknown Source) ~[derby-10.14.1.0.jar:?]
	at com.zaxxer.hikari.pool.ProxyStatement.executeBatch(ProxyStatement.java:128) ~[HikariCP-java7-2.4.12.jar:?]
	at com.zaxxer.hikari.pool.HikariProxyPreparedStatement.executeBatch(HikariProxyPreparedStatement.java) ~[HikariCP-java7-2.4.12.jar:?]
	at org.datanucleus.store.rdbms.ParamLoggingPreparedStatement.executeBatch(ParamLoggingPreparedStatement.java:366) ~[datanucleus-rdbms-5.2.4.jar:?]
	at org.datanucleus.store.rdbms.SQLController.processConnectionStatement(SQLController.java:675) ~[datanucleus-rdbms-5.2.4.jar:?]
	at org.datanucleus.store.rdbms.SQLController.processStatementsForConnection(SQLController.java:643) ~[datanucleus-rdbms-5.2.4.jar:?]
	at org.datanucleus.store.rdbms.SQLController$1.transactionFlushed(SQLController.java:729) ~[datanucleus-rdbms-5.2.4.jar:?]
	at org.datanucleus.store.connection.AbstractManagedConnection.transactionFlushed(AbstractManagedConnection.java:95) ~[datanucleus-core-5.2.4.jar:?]
	at org.datanucleus.store.connection.ConnectionManagerImpl$2.transactionFlushed(ConnectionManagerImpl.java:528) ~[datanucleus-core-5.2.4.jar:?]
	at org.datanucleus.TransactionImpl.flush(TransactionImpl.java:222) ~[datanucleus-core-5.2.4.jar:?]
	at org.datanucleus.TransactionImpl.commit(TransactionImpl.java:286) ~[datanucleus-core-5.2.4.jar:?]
	at org.datanucleus.api.jdo.JDOTransaction.commit(JDOTransaction.java:99) ~[datanucleus-api-jdo-5.2.4.jar:?]
	at org.apache.hadoop.hive.metastore.ObjectStore.commitTransaction(ObjectStore.java:615) ~[classes/:?]
	at sun.reflect.GeneratedMethodAccessor31.invoke(Unknown Source) ~[?:?]
	at sun.reflect.DelegatingMethodAccessorImpl.invoke(DelegatingMethodAccessorImpl.java:43) ~[?:1.8.0_402]
	at java.lang.reflect.Method.invoke(Method.java:498) ~[?:1.8.0_402]
	at org.apache.hadoop.hive.metastore.RawStoreProxy.invoke(RawStoreProxy.java:97) ~[classes/:?]
	at com.sun.proxy.$Proxy32.commitTransaction(Unknown Source) ~[?:?]
	at org.apache.hadoop.hive.metastore.HMSHandler.drop_database_core(HMSHandler.java:1790) ~[classes/:?]
	at org.apache.hadoop.hive.metastore.HMSHandler.drop_database(HMSHandler.java:1869) ~[classes/:?]
	at sun.reflect.GeneratedMethodAccessor54.invoke(Unknown Source) ~[?:?]
	at sun.reflect.DelegatingMethodAccessorImpl.invoke(DelegatingMethodAccessorImpl.java:43) ~[?:1.8.0_402]
	at java.lang.reflect.Method.invoke(Method.java:498) ~[?:1.8.0_402]
	at org.apache.hadoop.hive.metastore.RetryingHMSHandler.invokeInternal(RetryingHMSHandler.java:147) ~[classes/:?]
	at org.apache.hadoop.hive.metastore.RetryingHMSHandler.invoke(RetryingHMSHandler.java:108) ~[classes/:?]
	at com.sun.proxy.$Proxy35.drop_database(Unknown Source) ~[?:?]
	at org.apache.hadoop.hive.metastore.HiveMetaStoreClient.dropDatabaseCascadePerDb(HiveMetaStoreClient.java:1601) ~[classes/:?]
	at org.apache.hadoop.hive.metastore.HiveMetaStoreClient.dropDatabase(HiveMetaStoreClient.java:1532) ~[classes/:?]
	at org.apache.hadoop.hive.metastore.HiveMetaStoreClient.dropDatabase(HiveMetaStoreClient.java:1485) ~[classes/:?]
	at sun.reflect.NativeMethodAccessorImpl.invoke0(Native Method) ~[?:1.8.0_402]
	at sun.reflect.NativeMethodAccessorImpl.invoke(NativeMethodAccessorImpl.java:62) ~[?:1.8.0_402]
	at sun.reflect.DelegatingMethodAccessorImpl.invoke(DelegatingMethodAccessorImpl.java:43) ~[?:1.8.0_402]
	at java.lang.reflect.Method.invoke(Method.java:498) ~[?:1.8.0_402]
	at org.apache.hadoop.hive.metastore.RetryingMetaStoreClient.invoke(RetryingMetaStoreClient.java:218) ~[classes/:?]
	at com.sun.proxy.$Proxy45.dropDatabase(Unknown Source) ~[?:?]
	at org.apache.hadoop.hive.ql.metadata.Hive.dropDatabase(Hive.java:662) ~[classes/:?]
	... 57 more
Caused by: org.apache.derby.shared.common.error.DerbySQLIntegrityConstraintViolationException: DELETE on table 'DBS' caused a violation of foreign key constraint 'TBLS_FK1' for key (3).  The statement has been rolled back.
	at org.apache.derby.impl.jdbc.SQLExceptionFactory.getSQLException(Unknown Source) ~[derby-10.14.1.0.jar:?]
	at org.apache.derby.impl.jdbc.Util.generateCsSQLException(Unknown Source) ~[derby-10.14.1.0.jar:?]
	at org.apache.derby.impl.jdbc.TransactionResourceImpl.wrapInSQLException(Unknown Source) ~[derby-10.14.1.0.jar:?]
	at org.apache.derby.impl.jdbc.TransactionResourceImpl.handleException(Unknown Source) ~[derby-10.14.1.0.jar:?]
	at org.apache.derby.impl.jdbc.EmbedConnection.handleException(Unknown Source) ~[derby-10.14.1.0.jar:?]
	at org.apache.derby.impl.jdbc.ConnectionChild.handleException(Unknown Source) ~[derby-10.14.1.0.jar:?]
	at org.apache.derby.impl.jdbc.EmbedStatement.executeStatement(Unknown Source) ~[derby-10.14.1.0.jar:?]
	at org.apache.derby.impl.jdbc.EmbedPreparedStatement.executeBatchElement(Unknown Source) ~[derby-10.14.1.0.jar:?]
	at org.apache.derby.impl.jdbc.EmbedStatement.executeLargeBatch(Unknown Source) ~[derby-10.14.1.0.jar:?]
	at org.apache.derby.impl.jdbc.EmbedStatement.executeBatch(Unknown Source) ~[derby-10.14.1.0.jar:?]
	at com.zaxxer.hikari.pool.ProxyStatement.executeBatch(ProxyStatement.java:128) ~[HikariCP-java7-2.4.12.jar:?]
	at com.zaxxer.hikari.pool.HikariProxyPreparedStatement.executeBatch(HikariProxyPreparedStatement.java) ~[HikariCP-java7-2.4.12.jar:?]
	at org.datanucleus.store.rdbms.ParamLoggingPreparedStatement.executeBatch(ParamLoggingPreparedStatement.java:366) ~[datanucleus-rdbms-5.2.4.jar:?]
	at org.datanucleus.store.rdbms.SQLController.processConnectionStatement(SQLController.java:675) ~[datanucleus-rdbms-5.2.4.jar:?]
	at org.datanucleus.store.rdbms.SQLController.processStatementsForConnection(SQLController.java:643) ~[datanucleus-rdbms-5.2.4.jar:?]
	at org.datanucleus.store.rdbms.SQLController$1.transactionFlushed(SQLController.java:729) ~[datanucleus-rdbms-5.2.4.jar:?]
	at org.datanucleus.store.connection.AbstractManagedConnection.transactionFlushed(AbstractManagedConnection.java:95) ~[datanucleus-core-5.2.4.jar:?]
	at org.datanucleus.store.connection.ConnectionManagerImpl$2.transactionFlushed(ConnectionManagerImpl.java:528) ~[datanucleus-core-5.2.4.jar:?]
	at org.datanucleus.TransactionImpl.flush(TransactionImpl.java:222) ~[datanucleus-core-5.2.4.jar:?]
	at org.datanucleus.TransactionImpl.commit(TransactionImpl.java:286) ~[datanucleus-core-5.2.4.jar:?]
	at org.datanucleus.api.jdo.JDOTransaction.commit(JDOTransaction.java:99) ~[datanucleus-api-jdo-5.2.4.jar:?]
	at org.apache.hadoop.hive.metastore.ObjectStore.commitTransaction(ObjectStore.java:615) ~[classes/:?]
	at sun.reflect.GeneratedMethodAccessor31.invoke(Unknown Source) ~[?:?]
	at sun.reflect.DelegatingMethodAccessorImpl.invoke(DelegatingMethodAccessorImpl.java:43) ~[?:1.8.0_402]
	at java.lang.reflect.Method.invoke(Method.java:498) ~[?:1.8.0_402]
	at org.apache.hadoop.hive.metastore.RawStoreProxy.invoke(RawStoreProxy.java:97) ~[classes/:?]
	at com.sun.proxy.$Proxy32.commitTransaction(Unknown Source) ~[?:?]
	at org.apache.hadoop.hive.metastore.HMSHandler.drop_database_core(HMSHandler.java:1790) ~[classes/:?]
	at org.apache.hadoop.hive.metastore.HMSHandler.drop_database(HMSHandler.java:1869) ~[classes/:?]
	at sun.reflect.GeneratedMethodAccessor54.invoke(Unknown Source) ~[?:?]
	at sun.reflect.DelegatingMethodAccessorImpl.invoke(DelegatingMethodAccessorImpl.java:43) ~[?:1.8.0_402]
	at java.lang.reflect.Method.invoke(Method.java:498) ~[?:1.8.0_402]
	at org.apache.hadoop.hive.metastore.RetryingHMSHandler.invokeInternal(RetryingHMSHandler.java:147) ~[classes/:?]
	at org.apache.hadoop.hive.metastore.RetryingHMSHandler.invoke(RetryingHMSHandler.java:108) ~[classes/:?]
	at com.sun.proxy.$Proxy35.drop_database(Unknown Source) ~[?:?]
	at org.apache.hadoop.hive.metastore.HiveMetaStoreClient.dropDatabaseCascadePerDb(HiveMetaStoreClient.java:1601) ~[classes/:?]
	at org.apache.hadoop.hive.metastore.HiveMetaStoreClient.dropDatabase(HiveMetaStoreClient.java:1532) ~[classes/:?]
	at org.apache.hadoop.hive.metastore.HiveMetaStoreClient.dropDatabase(HiveMetaStoreClient.java:1485) ~[classes/:?]
	at sun.reflect.NativeMethodAccessorImpl.invoke0(Native Method) ~[?:1.8.0_402]
	at sun.reflect.NativeMethodAccessorImpl.invoke(NativeMethodAccessorImpl.java:62) ~[?:1.8.0_402]
	at sun.reflect.DelegatingMethodAccessorImpl.invoke(DelegatingMethodAccessorImpl.java:43) ~[?:1.8.0_402]
	at java.lang.reflect.Method.invoke(Method.java:498) ~[?:1.8.0_402]
	at org.apache.hadoop.hive.metastore.RetryingMetaStoreClient.invoke(RetryingMetaStoreClient.java:218) ~[classes/:?]
	at com.sun.proxy.$Proxy45.dropDatabase(Unknown Source) ~[?:?]
	at org.apache.hadoop.hive.ql.metadata.Hive.dropDatabase(Hive.java:662) ~[classes/:?]
	... 57 more
Caused by: org.apache.derby.iapi.error.StandardException: DELETE on table 'DBS' caused a violation of foreign key constraint 'TBLS_FK1' for key (3).  The statement has been rolled back.
	at org.apache.derby.iapi.error.StandardException.newException(Unknown Source) ~[derby-10.14.1.0.jar:?]
	at org.apache.derby.iapi.error.StandardException.newException(Unknown Source) ~[derby-10.14.1.0.jar:?]
	at org.apache.derby.impl.sql.execute.ReferencedKeyRIChecker.doCheck(Unknown Source) ~[derby-10.14.1.0.jar:?]
	at org.apache.derby.impl.sql.execute.RISetChecker.doPKCheck(Unknown Source) ~[derby-10.14.1.0.jar:?]
	at org.apache.derby.impl.sql.execute.DeleteResultSet.collectAffectedRows(Unknown Source) ~[derby-10.14.1.0.jar:?]
	at org.apache.derby.impl.sql.execute.DeleteResultSet.open(Unknown Source) ~[derby-10.14.1.0.jar:?]
	at org.apache.derby.impl.sql.GenericPreparedStatement.executeStmt(Unknown Source) ~[derby-10.14.1.0.jar:?]
	at org.apache.derby.impl.sql.GenericPreparedStatement.execute(Unknown Source) ~[derby-10.14.1.0.jar:?]
	at org.apache.derby.impl.jdbc.EmbedStatement.executeStatement(Unknown Source) ~[derby-10.14.1.0.jar:?]
	at org.apache.derby.impl.jdbc.EmbedPreparedStatement.executeBatchElement(Unknown Source) ~[derby-10.14.1.0.jar:?]
	at org.apache.derby.impl.jdbc.EmbedStatement.executeLargeBatch(Unknown Source) ~[derby-10.14.1.0.jar:?]
	at org.apache.derby.impl.jdbc.EmbedStatement.executeBatch(Unknown Source) ~[derby-10.14.1.0.jar:?]
	at com.zaxxer.hikari.pool.ProxyStatement.executeBatch(ProxyStatement.java:128) ~[HikariCP-java7-2.4.12.jar:?]
	at com.zaxxer.hikari.pool.HikariProxyPreparedStatement.executeBatch(HikariProxyPreparedStatement.java) ~[HikariCP-java7-2.4.12.jar:?]
	at org.datanucleus.store.rdbms.ParamLoggingPreparedStatement.executeBatch(ParamLoggingPreparedStatement.java:366) ~[datanucleus-rdbms-5.2.4.jar:?]
	at org.datanucleus.store.rdbms.SQLController.processConnectionStatement(SQLController.java:675) ~[datanucleus-rdbms-5.2.4.jar:?]
	at org.datanucleus.store.rdbms.SQLController.processStatementsForConnection(SQLController.java:643) ~[datanucleus-rdbms-5.2.4.jar:?]
	at org.datanucleus.store.rdbms.SQLController$1.transactionFlushed(SQLController.java:729) ~[datanucleus-rdbms-5.2.4.jar:?]
	at org.datanucleus.store.connection.AbstractManagedConnection.transactionFlushed(AbstractManagedConnection.java:95) ~[datanucleus-core-5.2.4.jar:?]
	at org.datanucleus.store.connection.ConnectionManagerImpl$2.transactionFlushed(ConnectionManagerImpl.java:528) ~[datanucleus-core-5.2.4.jar:?]
	at org.datanucleus.TransactionImpl.flush(TransactionImpl.java:222) ~[datanucleus-core-5.2.4.jar:?]
	at org.datanucleus.TransactionImpl.commit(TransactionImpl.java:286) ~[datanucleus-core-5.2.4.jar:?]
	at org.datanucleus.api.jdo.JDOTransaction.commit(JDOTransaction.java:99) ~[datanucleus-api-jdo-5.2.4.jar:?]
	at org.apache.hadoop.hive.metastore.ObjectStore.commitTransaction(ObjectStore.java:615) ~[classes/:?]
	at sun.reflect.GeneratedMethodAccessor31.invoke(Unknown Source) ~[?:?]
	at sun.reflect.DelegatingMethodAccessorImpl.invoke(DelegatingMethodAccessorImpl.java:43) ~[?:1.8.0_402]
	at java.lang.reflect.Method.invoke(Method.java:498) ~[?:1.8.0_402]
	at org.apache.hadoop.hive.metastore.RawStoreProxy.invoke(RawStoreProxy.java:97) ~[classes/:?]
	at com.sun.proxy.$Proxy32.commitTransaction(Unknown Source) ~[?:?]
	at org.apache.hadoop.hive.metastore.HMSHandler.drop_database_core(HMSHandler.java:1790) ~[classes/:?]
	at org.apache.hadoop.hive.metastore.HMSHandler.drop_database(HMSHandler.java:1869) ~[classes/:?]
	at sun.reflect.GeneratedMethodAccessor54.invoke(Unknown Source) ~[?:?]
	at sun.reflect.DelegatingMethodAccessorImpl.invoke(DelegatingMethodAccessorImpl.java:43) ~[?:1.8.0_402]
	at java.lang.reflect.Method.invoke(Method.java:498) ~[?:1.8.0_402]
	at org.apache.hadoop.hive.metastore.RetryingHMSHandler.invokeInternal(RetryingHMSHandler.java:147) ~[classes/:?]
	at org.apache.hadoop.hive.metastore.RetryingHMSHandler.invoke(RetryingHMSHandler.java:108) ~[classes/:?]
	at com.sun.proxy.$Proxy35.drop_database(Unknown Source) ~[?:?]
	at org.apache.hadoop.hive.metastore.HiveMetaStoreClient.dropDatabaseCascadePerDb(HiveMetaStoreClient.java:1601) ~[classes/:?]
	at org.apache.hadoop.hive.metastore.HiveMetaStoreClient.dropDatabase(HiveMetaStoreClient.java:1532) ~[classes/:?]
	at org.apache.hadoop.hive.metastore.HiveMetaStoreClient.dropDatabase(HiveMetaStoreClient.java:1485) ~[classes/:?]
	at sun.reflect.NativeMethodAccessorImpl.invoke0(Native Method) ~[?:1.8.0_402]
	at sun.reflect.NativeMethodAccessorImpl.invoke(NativeMethodAccessorImpl.java:62) ~[?:1.8.0_402]
	at sun.reflect.DelegatingMethodAccessorImpl.invoke(DelegatingMethodAccessorImpl.java:43) ~[?:1.8.0_402]
	at java.lang.reflect.Method.invoke(Method.java:498) ~[?:1.8.0_402]
	at org.apache.hadoop.hive.metastore.RetryingMetaStoreClient.invoke(RetryingMetaStoreClient.java:218) ~[classes/:?]
	at com.sun.proxy.$Proxy45.dropDatabase(Unknown Source) ~[?:?]
	at org.apache.hadoop.hive.ql.metadata.Hive.dropDatabase(Hive.java:662) ~[classes/:?]
	... 57 more
2024-04-24T11:29:18,166 ERROR [main] exec.Task: DDLTask failed, DDL Operation: class org.apache.hadoop.hive.ql.ddl.database.drop.DropDatabaseOperation
org.apache.hadoop.hive.ql.metadata.HiveException: MetaException(message:javax.jdo.JDODataStoreException: Exception thrown flushing changes to datastore
NestedThrowables:
java.sql.BatchUpdateException: DELETE on table 'DBS' caused a violation of foreign key constraint 'TBLS_FK1' for key (3).  The statement has been rolled back.)
	at org.apache.hadoop.hive.ql.metadata.Hive.dropDatabase(Hive.java:666) ~[classes/:?]
	at org.apache.hadoop.hive.ql.ddl.database.drop.DropDatabaseOperation.execute(DropDatabaseOperation.java:52) ~[classes/:?]
	at org.apache.hadoop.hive.ql.ddl.DDLTask.execute(DDLTask.java:84) [classes/:?]
	at org.apache.hadoop.hive.ql.exec.Task.executeTask(Task.java:212) [classes/:?]
	at org.apache.hadoop.hive.ql.exec.TaskRunner.runSequential(TaskRunner.java:105) [classes/:?]
	at org.apache.hadoop.hive.ql.Executor.launchTask(Executor.java:361) [classes/:?]
	at org.apache.hadoop.hive.ql.Executor.launchTasks(Executor.java:334) [classes/:?]
	at org.apache.hadoop.hive.ql.Executor.runTasks(Executor.java:245) [classes/:?]
	at org.apache.hadoop.hive.ql.Executor.execute(Executor.java:108) [classes/:?]
	at org.apache.hadoop.hive.ql.Driver.execute(Driver.java:348) [classes/:?]
	at org.apache.hadoop.hive.ql.Driver.runInternal(Driver.java:204) [classes/:?]
	at org.apache.hadoop.hive.ql.Driver.run(Driver.java:153) [classes/:?]
	at org.apache.hadoop.hive.ql.Driver.run(Driver.java:148) [classes/:?]
	at org.apache.hadoop.hive.ql.reexec.ReExecDriver.run(ReExecDriver.java:164) [classes/:?]
	at org.apache.hadoop.hive.ql.reexec.ReExecDriver.run(ReExecDriver.java:230) [classes/:?]
	at org.apache.hive.hcatalog.pig.AbstractHCatLoaderTest.executeStatementOnDriver(AbstractHCatLoaderTest.java:151) [test-classes/:?]
	at org.apache.hive.hcatalog.pig.AbstractHCatLoaderTest.tearDown(AbstractHCatLoaderTest.java:239) [test-classes/:?]
	at sun.reflect.NativeMethodAccessorImpl.invoke0(Native Method) ~[?:1.8.0_402]
	at sun.reflect.NativeMethodAccessorImpl.invoke(NativeMethodAccessorImpl.java:62) ~[?:1.8.0_402]
	at sun.reflect.DelegatingMethodAccessorImpl.invoke(DelegatingMethodAccessorImpl.java:43) ~[?:1.8.0_402]
	at java.lang.reflect.Method.invoke(Method.java:498) ~[?:1.8.0_402]
	at org.junit.runners.model.FrameworkMethod$1.runReflectiveCall(FrameworkMethod.java:59) [junit-4.13.jar:4.13]
	at org.junit.internal.runners.model.ReflectiveCallable.run(ReflectiveCallable.java:12) [junit-4.13.jar:4.13]
	at org.junit.runners.model.FrameworkMethod.invokeExplosively(FrameworkMethod.java:56) [junit-4.13.jar:4.13]
	at org.junit.internal.runners.statements.RunAfters.invokeMethod(RunAfters.java:46) [junit-4.13.jar:4.13]
	at org.junit.internal.runners.statements.RunAfters.evaluate(RunAfters.java:33) [junit-4.13.jar:4.13]
	at org.junit.runners.ParentRunner$3.evaluate(ParentRunner.java:306) [junit-4.13.jar:4.13]
	at org.junit.runners.BlockJUnit4ClassRunner$1.evaluate(BlockJUnit4ClassRunner.java:100) [junit-4.13.jar:4.13]
	at org.junit.runners.ParentRunner.runLeaf(ParentRunner.java:366) [junit-4.13.jar:4.13]
	at org.junit.runners.BlockJUnit4ClassRunner.runChild(BlockJUnit4ClassRunner.java:103) [junit-4.13.jar:4.13]
	at org.junit.runners.BlockJUnit4ClassRunner.runChild(BlockJUnit4ClassRunner.java:63) [junit-4.13.jar:4.13]
	at org.junit.runners.ParentRunner$4.run(ParentRunner.java:331) [junit-4.13.jar:4.13]
	at org.junit.runners.ParentRunner$1.schedule(ParentRunner.java:79) [junit-4.13.jar:4.13]
	at org.junit.runners.ParentRunner.runChildren(ParentRunner.java:329) [junit-4.13.jar:4.13]
	at org.junit.runners.ParentRunner.access$100(ParentRunner.java:66) [junit-4.13.jar:4.13]
	at org.junit.runners.ParentRunner$2.evaluate(ParentRunner.java:293) [junit-4.13.jar:4.13]
	at org.junit.internal.runners.statements.RunBefores.evaluate(RunBefores.java:26) [junit-4.13.jar:4.13]
	at org.junit.runners.ParentRunner$3.evaluate(ParentRunner.java:306) [junit-4.13.jar:4.13]
	at org.junit.runners.ParentRunner.run(ParentRunner.java:413) [junit-4.13.jar:4.13]
	at org.junit.runners.Suite.runChild(Suite.java:128) [junit-4.13.jar:4.13]
	at org.junit.runners.Suite.runChild(Suite.java:27) [junit-4.13.jar:4.13]
	at org.junit.runners.ParentRunner$4.run(ParentRunner.java:331) [junit-4.13.jar:4.13]
	at org.junit.runners.ParentRunner$1.schedule(ParentRunner.java:79) [junit-4.13.jar:4.13]
	at org.junit.runners.ParentRunner.runChildren(ParentRunner.java:329) [junit-4.13.jar:4.13]
	at org.junit.runners.ParentRunner.access$100(ParentRunner.java:66) [junit-4.13.jar:4.13]
	at org.junit.runners.ParentRunner$2.evaluate(ParentRunner.java:293) [junit-4.13.jar:4.13]
	at org.junit.runners.ParentRunner$3.evaluate(ParentRunner.java:306) [junit-4.13.jar:4.13]
	at org.junit.runners.ParentRunner.run(ParentRunner.java:413) [junit-4.13.jar:4.13]
	at org.apache.maven.surefire.junitcore.JUnitCore.run(JUnitCore.java:55) [surefire-junit47-3.0.0-M4.jar:3.0.0-M4]
	at org.apache.maven.surefire.junitcore.JUnitCoreWrapper.createRequestAndRun(JUnitCoreWrapper.java:137) [surefire-junit47-3.0.0-M4.jar:3.0.0-M4]
	at org.apache.maven.surefire.junitcore.JUnitCoreWrapper.executeEager(JUnitCoreWrapper.java:107) [surefire-junit47-3.0.0-M4.jar:3.0.0-M4]
	at org.apache.maven.surefire.junitcore.JUnitCoreWrapper.execute(JUnitCoreWrapper.java:83) [surefire-junit47-3.0.0-M4.jar:3.0.0-M4]
	at org.apache.maven.surefire.junitcore.JUnitCoreWrapper.execute(JUnitCoreWrapper.java:75) [surefire-junit47-3.0.0-M4.jar:3.0.0-M4]
	at org.apache.maven.surefire.junitcore.JUnitCoreProvider.invoke(JUnitCoreProvider.java:158) [surefire-junit47-3.0.0-M4.jar:3.0.0-M4]
	at org.apache.maven.surefire.booter.ForkedBooter.runSuitesInProcess(ForkedBooter.java:377) [surefire-booter-3.0.0-M4.jar:3.0.0-M4]
	at org.apache.maven.surefire.booter.ForkedBooter.execute(ForkedBooter.java:138) [surefire-booter-3.0.0-M4.jar:3.0.0-M4]
	at org.apache.maven.surefire.booter.ForkedBooter.run(ForkedBooter.java:465) [surefire-booter-3.0.0-M4.jar:3.0.0-M4]
	at org.apache.maven.surefire.booter.ForkedBooter.main(ForkedBooter.java:451) [surefire-booter-3.0.0-M4.jar:3.0.0-M4]
Caused by: org.apache.hadoop.hive.metastore.api.MetaException: javax.jdo.JDODataStoreException: Exception thrown flushing changes to datastore
NestedThrowables:
java.sql.BatchUpdateException: DELETE on table 'DBS' caused a violation of foreign key constraint 'TBLS_FK1' for key (3).  The statement has been rolled back.
	at org.apache.hadoop.hive.metastore.RetryingHMSHandler.invokeInternal(RetryingHMSHandler.java:209) ~[classes/:?]
	at org.apache.hadoop.hive.metastore.RetryingHMSHandler.invoke(RetryingHMSHandler.java:108) ~[classes/:?]
	at com.sun.proxy.$Proxy35.drop_database(Unknown Source) ~[?:?]
	at org.apache.hadoop.hive.metastore.HiveMetaStoreClient.dropDatabaseCascadePerDb(HiveMetaStoreClient.java:1601) ~[classes/:?]
	at org.apache.hadoop.hive.metastore.HiveMetaStoreClient.dropDatabase(HiveMetaStoreClient.java:1532) ~[classes/:?]
	at org.apache.hadoop.hive.metastore.HiveMetaStoreClient.dropDatabase(HiveMetaStoreClient.java:1485) ~[classes/:?]
	at sun.reflect.NativeMethodAccessorImpl.invoke0(Native Method) ~[?:1.8.0_402]
	at sun.reflect.NativeMethodAccessorImpl.invoke(NativeMethodAccessorImpl.java:62) ~[?:1.8.0_402]
	at sun.reflect.DelegatingMethodAccessorImpl.invoke(DelegatingMethodAccessorImpl.java:43) ~[?:1.8.0_402]
	at java.lang.reflect.Method.invoke(Method.java:498) ~[?:1.8.0_402]
	at org.apache.hadoop.hive.metastore.RetryingMetaStoreClient.invoke(RetryingMetaStoreClient.java:218) ~[classes/:?]
	at com.sun.proxy.$Proxy45.dropDatabase(Unknown Source) ~[?:?]
	at org.apache.hadoop.hive.ql.metadata.Hive.dropDatabase(Hive.java:662) ~[classes/:?]
	... 57 more
Caused by: javax.jdo.JDODataStoreException: Exception thrown flushing changes to datastore
	at org.datanucleus.api.jdo.NucleusJDOHelper.getJDOExceptionForNucleusException(NucleusJDOHelper.java:542) ~[datanucleus-api-jdo-5.2.4.jar:?]
	at org.datanucleus.api.jdo.JDOTransaction.commit(JDOTransaction.java:162) ~[datanucleus-api-jdo-5.2.4.jar:?]
	at org.apache.hadoop.hive.metastore.ObjectStore.commitTransaction(ObjectStore.java:615) ~[classes/:?]
	at sun.reflect.GeneratedMethodAccessor31.invoke(Unknown Source) ~[?:?]
	at sun.reflect.DelegatingMethodAccessorImpl.invoke(DelegatingMethodAccessorImpl.java:43) ~[?:1.8.0_402]
	at java.lang.reflect.Method.invoke(Method.java:498) ~[?:1.8.0_402]
	at org.apache.hadoop.hive.metastore.RawStoreProxy.invoke(RawStoreProxy.java:97) ~[classes/:?]
	at com.sun.proxy.$Proxy32.commitTransaction(Unknown Source) ~[?:?]
	at org.apache.hadoop.hive.metastore.HMSHandler.drop_database_core(HMSHandler.java:1790) ~[classes/:?]
	at org.apache.hadoop.hive.metastore.HMSHandler.drop_database(HMSHandler.java:1869) ~[classes/:?]
	at sun.reflect.GeneratedMethodAccessor54.invoke(Unknown Source) ~[?:?]
	at sun.reflect.DelegatingMethodAccessorImpl.invoke(DelegatingMethodAccessorImpl.java:43) ~[?:1.8.0_402]
	at java.lang.reflect.Method.invoke(Method.java:498) ~[?:1.8.0_402]
	at org.apache.hadoop.hive.metastore.RetryingHMSHandler.invokeInternal(RetryingHMSHandler.java:147) ~[classes/:?]
	at org.apache.hadoop.hive.metastore.RetryingHMSHandler.invoke(RetryingHMSHandler.java:108) ~[classes/:?]
	at com.sun.proxy.$Proxy35.drop_database(Unknown Source) ~[?:?]
	at org.apache.hadoop.hive.metastore.HiveMetaStoreClient.dropDatabaseCascadePerDb(HiveMetaStoreClient.java:1601) ~[classes/:?]
	at org.apache.hadoop.hive.metastore.HiveMetaStoreClient.dropDatabase(HiveMetaStoreClient.java:1532) ~[classes/:?]
	at org.apache.hadoop.hive.metastore.HiveMetaStoreClient.dropDatabase(HiveMetaStoreClient.java:1485) ~[classes/:?]
	at sun.reflect.NativeMethodAccessorImpl.invoke0(Native Method) ~[?:1.8.0_402]
	at sun.reflect.NativeMethodAccessorImpl.invoke(NativeMethodAccessorImpl.java:62) ~[?:1.8.0_402]
	at sun.reflect.DelegatingMethodAccessorImpl.invoke(DelegatingMethodAccessorImpl.java:43) ~[?:1.8.0_402]
	at java.lang.reflect.Method.invoke(Method.java:498) ~[?:1.8.0_402]
	at org.apache.hadoop.hive.metastore.RetryingMetaStoreClient.invoke(RetryingMetaStoreClient.java:218) ~[classes/:?]
	at com.sun.proxy.$Proxy45.dropDatabase(Unknown Source) ~[?:?]
	at org.apache.hadoop.hive.ql.metadata.Hive.dropDatabase(Hive.java:662) ~[classes/:?]
	... 57 more
Caused by: java.sql.BatchUpdateException: DELETE on table 'DBS' caused a violation of foreign key constraint 'TBLS_FK1' for key (3).  The statement has been rolled back.
	at org.apache.derby.impl.jdbc.EmbedStatement.executeLargeBatch(Unknown Source) ~[derby-10.14.1.0.jar:?]
	at org.apache.derby.impl.jdbc.EmbedStatement.executeBatch(Unknown Source) ~[derby-10.14.1.0.jar:?]
	at com.zaxxer.hikari.pool.ProxyStatement.executeBatch(ProxyStatement.java:128) ~[HikariCP-java7-2.4.12.jar:?]
	at com.zaxxer.hikari.pool.HikariProxyPreparedStatement.executeBatch(HikariProxyPreparedStatement.java) ~[HikariCP-java7-2.4.12.jar:?]
	at org.datanucleus.store.rdbms.ParamLoggingPreparedStatement.executeBatch(ParamLoggingPreparedStatement.java:366) ~[datanucleus-rdbms-5.2.4.jar:?]
	at org.datanucleus.store.rdbms.SQLController.processConnectionStatement(SQLController.java:675) ~[datanucleus-rdbms-5.2.4.jar:?]
	at org.datanucleus.store.rdbms.SQLController.processStatementsForConnection(SQLController.java:643) ~[datanucleus-rdbms-5.2.4.jar:?]
	at org.datanucleus.store.rdbms.SQLController$1.transactionFlushed(SQLController.java:729) ~[datanucleus-rdbms-5.2.4.jar:?]
	at org.datanucleus.store.connection.AbstractManagedConnection.transactionFlushed(AbstractManagedConnection.java:95) ~[datanucleus-core-5.2.4.jar:?]
	at org.datanucleus.store.connection.ConnectionManagerImpl$2.transactionFlushed(ConnectionManagerImpl.java:528) ~[datanucleus-core-5.2.4.jar:?]
	at org.datanucleus.TransactionImpl.flush(TransactionImpl.java:222) ~[datanucleus-core-5.2.4.jar:?]
	at org.datanucleus.TransactionImpl.commit(TransactionImpl.java:286) ~[datanucleus-core-5.2.4.jar:?]
	at org.datanucleus.api.jdo.JDOTransaction.commit(JDOTransaction.java:99) ~[datanucleus-api-jdo-5.2.4.jar:?]
	at org.apache.hadoop.hive.metastore.ObjectStore.commitTransaction(ObjectStore.java:615) ~[classes/:?]
	at sun.reflect.GeneratedMethodAccessor31.invoke(Unknown Source) ~[?:?]
	at sun.reflect.DelegatingMethodAccessorImpl.invoke(DelegatingMethodAccessorImpl.java:43) ~[?:1.8.0_402]
	at java.lang.reflect.Method.invoke(Method.java:498) ~[?:1.8.0_402]
	at org.apache.hadoop.hive.metastore.RawStoreProxy.invoke(RawStoreProxy.java:97) ~[classes/:?]
	at com.sun.proxy.$Proxy32.commitTransaction(Unknown Source) ~[?:?]
	at org.apache.hadoop.hive.metastore.HMSHandler.drop_database_core(HMSHandler.java:1790) ~[classes/:?]
	at org.apache.hadoop.hive.metastore.HMSHandler.drop_database(HMSHandler.java:1869) ~[classes/:?]
	at sun.reflect.GeneratedMethodAccessor54.invoke(Unknown Source) ~[?:?]
	at sun.reflect.DelegatingMethodAccessorImpl.invoke(DelegatingMethodAccessorImpl.java:43) ~[?:1.8.0_402]
	at java.lang.reflect.Method.invoke(Method.java:498) ~[?:1.8.0_402]
	at org.apache.hadoop.hive.metastore.RetryingHMSHandler.invokeInternal(RetryingHMSHandler.java:147) ~[classes/:?]
	at org.apache.hadoop.hive.metastore.RetryingHMSHandler.invoke(RetryingHMSHandler.java:108) ~[classes/:?]
	at com.sun.proxy.$Proxy35.drop_database(Unknown Source) ~[?:?]
	at org.apache.hadoop.hive.metastore.HiveMetaStoreClient.dropDatabaseCascadePerDb(HiveMetaStoreClient.java:1601) ~[classes/:?]
	at org.apache.hadoop.hive.metastore.HiveMetaStoreClient.dropDatabase(HiveMetaStoreClient.java:1532) ~[classes/:?]
	at org.apache.hadoop.hive.metastore.HiveMetaStoreClient.dropDatabase(HiveMetaStoreClient.java:1485) ~[classes/:?]
	at sun.reflect.NativeMethodAccessorImpl.invoke0(Native Method) ~[?:1.8.0_402]
	at sun.reflect.NativeMethodAccessorImpl.invoke(NativeMethodAccessorImpl.java:62) ~[?:1.8.0_402]
	at sun.reflect.DelegatingMethodAccessorImpl.invoke(DelegatingMethodAccessorImpl.java:43) ~[?:1.8.0_402]
	at java.lang.reflect.Method.invoke(Method.java:498) ~[?:1.8.0_402]
	at org.apache.hadoop.hive.metastore.RetryingMetaStoreClient.invoke(RetryingMetaStoreClient.java:218) ~[classes/:?]
	at com.sun.proxy.$Proxy45.dropDatabase(Unknown Source) ~[?:?]
	at org.apache.hadoop.hive.ql.metadata.Hive.dropDatabase(Hive.java:662) ~[classes/:?]
	... 57 more
Caused by: org.apache.derby.shared.common.error.DerbySQLIntegrityConstraintViolationException: DELETE on table 'DBS' caused a violation of foreign key constraint 'TBLS_FK1' for key (3).  The statement has been rolled back.
	at org.apache.derby.impl.jdbc.SQLExceptionFactory.getSQLException(Unknown Source) ~[derby-10.14.1.0.jar:?]
	at org.apache.derby.impl.jdbc.Util.generateCsSQLException(Unknown Source) ~[derby-10.14.1.0.jar:?]
	at org.apache.derby.impl.jdbc.TransactionResourceImpl.wrapInSQLException(Unknown Source) ~[derby-10.14.1.0.jar:?]
	at org.apache.derby.impl.jdbc.TransactionResourceImpl.handleException(Unknown Source) ~[derby-10.14.1.0.jar:?]
	at org.apache.derby.impl.jdbc.EmbedConnection.handleException(Unknown Source) ~[derby-10.14.1.0.jar:?]
	at org.apache.derby.impl.jdbc.ConnectionChild.handleException(Unknown Source) ~[derby-10.14.1.0.jar:?]
	at org.apache.derby.impl.jdbc.EmbedStatement.executeStatement(Unknown Source) ~[derby-10.14.1.0.jar:?]
	at org.apache.derby.impl.jdbc.EmbedPreparedStatement.executeBatchElement(Unknown Source) ~[derby-10.14.1.0.jar:?]
	at org.apache.derby.impl.jdbc.EmbedStatement.executeLargeBatch(Unknown Source) ~[derby-10.14.1.0.jar:?]
	at org.apache.derby.impl.jdbc.EmbedStatement.executeBatch(Unknown Source) ~[derby-10.14.1.0.jar:?]
	at com.zaxxer.hikari.pool.ProxyStatement.executeBatch(ProxyStatement.java:128) ~[HikariCP-java7-2.4.12.jar:?]
	at com.zaxxer.hikari.pool.HikariProxyPreparedStatement.executeBatch(HikariProxyPreparedStatement.java) ~[HikariCP-java7-2.4.12.jar:?]
	at org.datanucleus.store.rdbms.ParamLoggingPreparedStatement.executeBatch(ParamLoggingPreparedStatement.java:366) ~[datanucleus-rdbms-5.2.4.jar:?]
	at org.datanucleus.store.rdbms.SQLController.processConnectionStatement(SQLController.java:675) ~[datanucleus-rdbms-5.2.4.jar:?]
	at org.datanucleus.store.rdbms.SQLController.processStatementsForConnection(SQLController.java:643) ~[datanucleus-rdbms-5.2.4.jar:?]
	at org.datanucleus.store.rdbms.SQLController$1.transactionFlushed(SQLController.java:729) ~[datanucleus-rdbms-5.2.4.jar:?]
	at org.datanucleus.store.connection.AbstractManagedConnection.transactionFlushed(AbstractManagedConnection.java:95) ~[datanucleus-core-5.2.4.jar:?]
	at org.datanucleus.store.connection.ConnectionManagerImpl$2.transactionFlushed(ConnectionManagerImpl.java:528) ~[datanucleus-core-5.2.4.jar:?]
	at org.datanucleus.TransactionImpl.flush(TransactionImpl.java:222) ~[datanucleus-core-5.2.4.jar:?]
	at org.datanucleus.TransactionImpl.commit(TransactionImpl.java:286) ~[datanucleus-core-5.2.4.jar:?]
	at org.datanucleus.api.jdo.JDOTransaction.commit(JDOTransaction.java:99) ~[datanucleus-api-jdo-5.2.4.jar:?]
	at org.apache.hadoop.hive.metastore.ObjectStore.commitTransaction(ObjectStore.java:615) ~[classes/:?]
	at sun.reflect.GeneratedMethodAccessor31.invoke(Unknown Source) ~[?:?]
	at sun.reflect.DelegatingMethodAccessorImpl.invoke(DelegatingMethodAccessorImpl.java:43) ~[?:1.8.0_402]
	at java.lang.reflect.Method.invoke(Method.java:498) ~[?:1.8.0_402]
	at org.apache.hadoop.hive.metastore.RawStoreProxy.invoke(RawStoreProxy.java:97) ~[classes/:?]
	at com.sun.proxy.$Proxy32.commitTransaction(Unknown Source) ~[?:?]
	at org.apache.hadoop.hive.metastore.HMSHandler.drop_database_core(HMSHandler.java:1790) ~[classes/:?]
	at org.apache.hadoop.hive.metastore.HMSHandler.drop_database(HMSHandler.java:1869) ~[classes/:?]
	at sun.reflect.GeneratedMethodAccessor54.invoke(Unknown Source) ~[?:?]
	at sun.reflect.DelegatingMethodAccessorImpl.invoke(DelegatingMethodAccessorImpl.java:43) ~[?:1.8.0_402]
	at java.lang.reflect.Method.invoke(Method.java:498) ~[?:1.8.0_402]
	at org.apache.hadoop.hive.metastore.RetryingHMSHandler.invokeInternal(RetryingHMSHandler.java:147) ~[classes/:?]
	at org.apache.hadoop.hive.metastore.RetryingHMSHandler.invoke(RetryingHMSHandler.java:108) ~[classes/:?]
	at com.sun.proxy.$Proxy35.drop_database(Unknown Source) ~[?:?]
	at org.apache.hadoop.hive.metastore.HiveMetaStoreClient.dropDatabaseCascadePerDb(HiveMetaStoreClient.java:1601) ~[classes/:?]
	at org.apache.hadoop.hive.metastore.HiveMetaStoreClient.dropDatabase(HiveMetaStoreClient.java:1532) ~[classes/:?]
	at org.apache.hadoop.hive.metastore.HiveMetaStoreClient.dropDatabase(HiveMetaStoreClient.java:1485) ~[classes/:?]
	at sun.reflect.NativeMethodAccessorImpl.invoke0(Native Method) ~[?:1.8.0_402]
	at sun.reflect.NativeMethodAccessorImpl.invoke(NativeMethodAccessorImpl.java:62) ~[?:1.8.0_402]
	at sun.reflect.DelegatingMethodAccessorImpl.invoke(DelegatingMethodAccessorImpl.java:43) ~[?:1.8.0_402]
	at java.lang.reflect.Method.invoke(Method.java:498) ~[?:1.8.0_402]
	at org.apache.hadoop.hive.metastore.RetryingMetaStoreClient.invoke(RetryingMetaStoreClient.java:218) ~[classes/:?]
	at com.sun.proxy.$Proxy45.dropDatabase(Unknown Source) ~[?:?]
	at org.apache.hadoop.hive.ql.metadata.Hive.dropDatabase(Hive.java:662) ~[classes/:?]
	... 57 more
Caused by: org.apache.derby.iapi.error.StandardException: DELETE on table 'DBS' caused a violation of foreign key constraint 'TBLS_FK1' for key (3).  The statement has been rolled back.
	at org.apache.derby.iapi.error.StandardException.newException(Unknown Source) ~[derby-10.14.1.0.jar:?]
	at org.apache.derby.iapi.error.StandardException.newException(Unknown Source) ~[derby-10.14.1.0.jar:?]
	at org.apache.derby.impl.sql.execute.ReferencedKeyRIChecker.doCheck(Unknown Source) ~[derby-10.14.1.0.jar:?]
	at org.apache.derby.impl.sql.execute.RISetChecker.doPKCheck(Unknown Source) ~[derby-10.14.1.0.jar:?]
	at org.apache.derby.impl.sql.execute.DeleteResultSet.collectAffectedRows(Unknown Source) ~[derby-10.14.1.0.jar:?]
	at org.apache.derby.impl.sql.execute.DeleteResultSet.open(Unknown Source) ~[derby-10.14.1.0.jar:?]
	at org.apache.derby.impl.sql.GenericPreparedStatement.executeStmt(Unknown Source) ~[derby-10.14.1.0.jar:?]
	at org.apache.derby.impl.sql.GenericPreparedStatement.execute(Unknown Source) ~[derby-10.14.1.0.jar:?]
	at org.apache.derby.impl.jdbc.EmbedStatement.executeStatement(Unknown Source) ~[derby-10.14.1.0.jar:?]
	at org.apache.derby.impl.jdbc.EmbedPreparedStatement.executeBatchElement(Unknown Source) ~[derby-10.14.1.0.jar:?]
	at org.apache.derby.impl.jdbc.EmbedStatement.executeLargeBatch(Unknown Source) ~[derby-10.14.1.0.jar:?]
	at org.apache.derby.impl.jdbc.EmbedStatement.executeBatch(Unknown Source) ~[derby-10.14.1.0.jar:?]
	at com.zaxxer.hikari.pool.ProxyStatement.executeBatch(ProxyStatement.java:128) ~[HikariCP-java7-2.4.12.jar:?]
	at com.zaxxer.hikari.pool.HikariProxyPreparedStatement.executeBatch(HikariProxyPreparedStatement.java) ~[HikariCP-java7-2.4.12.jar:?]
	at org.datanucleus.store.rdbms.ParamLoggingPreparedStatement.executeBatch(ParamLoggingPreparedStatement.java:366) ~[datanucleus-rdbms-5.2.4.jar:?]
	at org.datanucleus.store.rdbms.SQLController.processConnectionStatement(SQLController.java:675) ~[datanucleus-rdbms-5.2.4.jar:?]
	at org.datanucleus.store.rdbms.SQLController.processStatementsForConnection(SQLController.java:643) ~[datanucleus-rdbms-5.2.4.jar:?]
	at org.datanucleus.store.rdbms.SQLController$1.transactionFlushed(SQLController.java:729) ~[datanucleus-rdbms-5.2.4.jar:?]
	at org.datanucleus.store.connection.AbstractManagedConnection.transactionFlushed(AbstractManagedConnection.java:95) ~[datanucleus-core-5.2.4.jar:?]
	at org.datanucleus.store.connection.ConnectionManagerImpl$2.transactionFlushed(ConnectionManagerImpl.java:528) ~[datanucleus-core-5.2.4.jar:?]
	at org.datanucleus.TransactionImpl.flush(TransactionImpl.java:222) ~[datanucleus-core-5.2.4.jar:?]
	at org.datanucleus.TransactionImpl.commit(TransactionImpl.java:286) ~[datanucleus-core-5.2.4.jar:?]
	at org.datanucleus.api.jdo.JDOTransaction.commit(JDOTransaction.java:99) ~[datanucleus-api-jdo-5.2.4.jar:?]
	at org.apache.hadoop.hive.metastore.ObjectStore.commitTransaction(ObjectStore.java:615) ~[classes/:?]
	at sun.reflect.GeneratedMethodAccessor31.invoke(Unknown Source) ~[?:?]
	at sun.reflect.DelegatingMethodAccessorImpl.invoke(DelegatingMethodAccessorImpl.java:43) ~[?:1.8.0_402]
	at java.lang.reflect.Method.invoke(Method.java:498) ~[?:1.8.0_402]
	at org.apache.hadoop.hive.metastore.RawStoreProxy.invoke(RawStoreProxy.java:97) ~[classes/:?]
	at com.sun.proxy.$Proxy32.commitTransaction(Unknown Source) ~[?:?]
	at org.apache.hadoop.hive.metastore.HMSHandler.drop_database_core(HMSHandler.java:1790) ~[classes/:?]
	at org.apache.hadoop.hive.metastore.HMSHandler.drop_database(HMSHandler.java:1869) ~[classes/:?]
	at sun.reflect.GeneratedMethodAccessor54.invoke(Unknown Source) ~[?:?]
	at sun.reflect.DelegatingMethodAccessorImpl.invoke(DelegatingMethodAccessorImpl.java:43) ~[?:1.8.0_402]
	at java.lang.reflect.Method.invoke(Method.java:498) ~[?:1.8.0_402]
	at org.apache.hadoop.hive.metastore.RetryingHMSHandler.invokeInternal(RetryingHMSHandler.java:147) ~[classes/:?]
	at org.apache.hadoop.hive.metastore.RetryingHMSHandler.invoke(RetryingHMSHandler.java:108) ~[classes/:?]
	at com.sun.proxy.$Proxy35.drop_database(Unknown Source) ~[?:?]
	at org.apache.hadoop.hive.metastore.HiveMetaStoreClient.dropDatabaseCascadePerDb(HiveMetaStoreClient.java:1601) ~[classes/:?]
	at org.apache.hadoop.hive.metastore.HiveMetaStoreClient.dropDatabase(HiveMetaStoreClient.java:1532) ~[classes/:?]
	at org.apache.hadoop.hive.metastore.HiveMetaStoreClient.dropDatabase(HiveMetaStoreClient.java:1485) ~[classes/:?]
	at sun.reflect.NativeMethodAccessorImpl.invoke0(Native Method) ~[?:1.8.0_402]
	at sun.reflect.NativeMethodAccessorImpl.invoke(NativeMethodAccessorImpl.java:62) ~[?:1.8.0_402]
	at sun.reflect.DelegatingMethodAccessorImpl.invoke(DelegatingMethodAccessorImpl.java:43) ~[?:1.8.0_402]
	at java.lang.reflect.Method.invoke(Method.java:498) ~[?:1.8.0_402]
	at org.apache.hadoop.hive.metastore.RetryingMetaStoreClient.invoke(RetryingMetaStoreClient.java:218) ~[classes/:?]
	at com.sun.proxy.$Proxy45.dropDatabase(Unknown Source) ~[?:?]
	at org.apache.hadoop.hive.ql.metadata.Hive.dropDatabase(Hive.java:662) ~[classes/:?]
	... 57 more
2024-04-24T11:29:18,169  INFO [main] reexec.ReOptimizePlugin: ReOptimization: retryPossible: false
2024-04-24T11:29:18,169  INFO [main] reexec.ReExecuteLostAMQueryPlugin: Got exception message: MetaException(message:javax.jdo.JDODataStoreException: Exception thrown flushing changes to datastore
NestedThrowables:
java.sql.BatchUpdateException: DELETE on table 'DBS' caused a violation of foreign key constraint 'TBLS_FK1' for key (3).  The statement has been rolled back.) retryPossible: false
2024-04-24T11:29:18,169  INFO [main] reexec.ReExecutionDagSubmitPlugin: Got exception message: MetaException(message:javax.jdo.JDODataStoreException: Exception thrown flushing changes to datastore
NestedThrowables:
java.sql.BatchUpdateException: DELETE on table 'DBS' caused a violation of foreign key constraint 'TBLS_FK1' for key (3).  The statement has been rolled back.) retryPossible: false
FAILED: Execution Error, return code 40000 from org.apache.hadoop.hive.ql.ddl.DDLTask. MetaException(message:javax.jdo.JDODataStoreException: Exception thrown flushing changes to datastore
NestedThrowables:
java.sql.BatchUpdateException: DELETE on table 'DBS' caused a violation of foreign key constraint 'TBLS_FK1' for key (3).  The statement has been rolled back.)
2024-04-24T11:29:18,169 ERROR [main] ql.Driver: FAILED: Execution Error, return code 40000 from org.apache.hadoop.hive.ql.ddl.DDLTask. MetaException(message:javax.jdo.JDODataStoreException: Exception thrown flushing changes to datastore
NestedThrowables:
java.sql.BatchUpdateException: DELETE on table 'DBS' caused a violation of foreign key constraint 'TBLS_FK1' for key (3).  The statement has been rolled back.)
2024-04-24T11:29:18,169  INFO [main] metadata.Hive: Dumping metastore api call timing information for : execution phase
2024-04-24T11:29:18,170  INFO [main] metadata.Hive: Total time spent in each metastore function (ms): {isCompatibleWith_(Configuration)=0}
2024-04-24T11:29:18,170  INFO [main] ql.Driver: Completed executing command(queryId=alex_20240424112857_92a4a6fb-9999-4dc2-883f-b0560c544172); Time taken: 20.306 seconds
]]></system-err>
  </testcase>
  <testcase name="testColumnarStorePushdown" classname="org.apache.hive.hcatalog.pig.TestRCFileHCatLoader" time="20.757">
    <error message="FAILED: Execution Error, return code 40000 from org.apache.hadoop.hive.ql.ddl.DDLTask. MetaException(message:javax.jdo.JDODataStoreException: Exception thrown flushing changes to datastore&#10;NestedThrowables:&#10;java.sql.BatchUpdateException: DELETE on table &apos;DBS&apos; caused a violation of foreign key constraint &apos;TBLS_FK1&apos; for key (3).  The statement has been rolled back.)" type="(responseCode = 40000, errorMessage = FAILED"><![CDATA[(responseCode = 40000, errorMessage = FAILED: Execution Error, return code 40000 from org.apache.hadoop.hive.ql.ddl.DDLTask. MetaException(message:javax.jdo.JDODataStoreException: Exception thrown flushing changes to datastore
NestedThrowables:
java.sql.BatchUpdateException: DELETE on table 'DBS' caused a violation of foreign key constraint 'TBLS_FK1' for key (3).  The statement has been rolled back.), hiveErrorCode = 40000, SQLState = 08S01, exception = MetaException(message:javax.jdo.JDODataStoreException: Exception thrown flushing changes to datastore
NestedThrowables:
java.sql.BatchUpdateException: DELETE on table 'DBS' caused a violation of foreign key constraint 'TBLS_FK1' for key (3).  The statement has been rolled back.))
	at org.apache.hadoop.hive.ql.DriverUtils.createProcessorException(DriverUtils.java:153)
	at org.apache.hadoop.hive.ql.Executor.handleTaskFailure(Executor.java:403)
	at org.apache.hadoop.hive.ql.Executor.handleFinished(Executor.java:285)
	at org.apache.hadoop.hive.ql.Executor.runTasks(Executor.java:246)
	at org.apache.hadoop.hive.ql.Executor.execute(Executor.java:108)
	at org.apache.hadoop.hive.ql.Driver.execute(Driver.java:348)
	at org.apache.hadoop.hive.ql.Driver.runInternal(Driver.java:204)
	at org.apache.hadoop.hive.ql.Driver.run(Driver.java:153)
	at org.apache.hadoop.hive.ql.Driver.run(Driver.java:148)
	at org.apache.hadoop.hive.ql.reexec.ReExecDriver.run(ReExecDriver.java:164)
	at org.apache.hadoop.hive.ql.reexec.ReExecDriver.run(ReExecDriver.java:230)
	at org.apache.hive.hcatalog.pig.AbstractHCatLoaderTest.executeStatementOnDriver(AbstractHCatLoaderTest.java:151)
	at org.apache.hive.hcatalog.pig.AbstractHCatLoaderTest.tearDown(AbstractHCatLoaderTest.java:239)
	at sun.reflect.NativeMethodAccessorImpl.invoke0(Native Method)
	at sun.reflect.NativeMethodAccessorImpl.invoke(NativeMethodAccessorImpl.java:62)
	at sun.reflect.DelegatingMethodAccessorImpl.invoke(DelegatingMethodAccessorImpl.java:43)
	at java.lang.reflect.Method.invoke(Method.java:498)
	at org.junit.runners.model.FrameworkMethod$1.runReflectiveCall(FrameworkMethod.java:59)
	at org.junit.internal.runners.model.ReflectiveCallable.run(ReflectiveCallable.java:12)
	at org.junit.runners.model.FrameworkMethod.invokeExplosively(FrameworkMethod.java:56)
	at org.junit.internal.runners.statements.RunAfters.invokeMethod(RunAfters.java:46)
	at org.junit.internal.runners.statements.RunAfters.evaluate(RunAfters.java:33)
	at org.junit.runners.ParentRunner$3.evaluate(ParentRunner.java:306)
	at org.junit.runners.BlockJUnit4ClassRunner$1.evaluate(BlockJUnit4ClassRunner.java:100)
	at org.junit.runners.ParentRunner.runLeaf(ParentRunner.java:366)
	at org.junit.runners.BlockJUnit4ClassRunner.runChild(BlockJUnit4ClassRunner.java:103)
	at org.junit.runners.BlockJUnit4ClassRunner.runChild(BlockJUnit4ClassRunner.java:63)
	at org.junit.runners.ParentRunner$4.run(ParentRunner.java:331)
	at org.junit.runners.ParentRunner$1.schedule(ParentRunner.java:79)
	at org.junit.runners.ParentRunner.runChildren(ParentRunner.java:329)
	at org.junit.runners.ParentRunner.access$100(ParentRunner.java:66)
	at org.junit.runners.ParentRunner$2.evaluate(ParentRunner.java:293)
	at org.junit.internal.runners.statements.RunBefores.evaluate(RunBefores.java:26)
	at org.junit.runners.ParentRunner$3.evaluate(ParentRunner.java:306)
	at org.junit.runners.ParentRunner.run(ParentRunner.java:413)
	at org.junit.runners.Suite.runChild(Suite.java:128)
	at org.junit.runners.Suite.runChild(Suite.java:27)
	at org.junit.runners.ParentRunner$4.run(ParentRunner.java:331)
	at org.junit.runners.ParentRunner$1.schedule(ParentRunner.java:79)
	at org.junit.runners.ParentRunner.runChildren(ParentRunner.java:329)
	at org.junit.runners.ParentRunner.access$100(ParentRunner.java:66)
	at org.junit.runners.ParentRunner$2.evaluate(ParentRunner.java:293)
	at org.junit.runners.ParentRunner$3.evaluate(ParentRunner.java:306)
	at org.junit.runners.ParentRunner.run(ParentRunner.java:413)
	at org.apache.maven.surefire.junitcore.JUnitCore.run(JUnitCore.java:55)
	at org.apache.maven.surefire.junitcore.JUnitCoreWrapper.createRequestAndRun(JUnitCoreWrapper.java:137)
	at org.apache.maven.surefire.junitcore.JUnitCoreWrapper.executeEager(JUnitCoreWrapper.java:107)
	at org.apache.maven.surefire.junitcore.JUnitCoreWrapper.execute(JUnitCoreWrapper.java:83)
	at org.apache.maven.surefire.junitcore.JUnitCoreWrapper.execute(JUnitCoreWrapper.java:75)
	at org.apache.maven.surefire.junitcore.JUnitCoreProvider.invoke(JUnitCoreProvider.java:158)
	at org.apache.maven.surefire.booter.ForkedBooter.runSuitesInProcess(ForkedBooter.java:377)
	at org.apache.maven.surefire.booter.ForkedBooter.execute(ForkedBooter.java:138)
	at org.apache.maven.surefire.booter.ForkedBooter.run(ForkedBooter.java:465)
	at org.apache.maven.surefire.booter.ForkedBooter.main(ForkedBooter.java:451)
Caused by: org.apache.hadoop.hive.ql.metadata.HiveException: MetaException(message:javax.jdo.JDODataStoreException: Exception thrown flushing changes to datastore
NestedThrowables:
java.sql.BatchUpdateException: DELETE on table 'DBS' caused a violation of foreign key constraint 'TBLS_FK1' for key (3).  The statement has been rolled back.)
	at org.apache.hadoop.hive.ql.metadata.Hive.dropDatabase(Hive.java:666)
	at org.apache.hadoop.hive.ql.ddl.database.drop.DropDatabaseOperation.execute(DropDatabaseOperation.java:52)
	at org.apache.hadoop.hive.ql.ddl.DDLTask.execute(DDLTask.java:84)
	at org.apache.hadoop.hive.ql.exec.Task.executeTask(Task.java:212)
	at org.apache.hadoop.hive.ql.exec.TaskRunner.runSequential(TaskRunner.java:105)
	at org.apache.hadoop.hive.ql.Executor.launchTask(Executor.java:361)
	at org.apache.hadoop.hive.ql.Executor.launchTasks(Executor.java:334)
	at org.apache.hadoop.hive.ql.Executor.runTasks(Executor.java:245)
	... 50 more
Caused by: MetaException(message:javax.jdo.JDODataStoreException: Exception thrown flushing changes to datastore
NestedThrowables:
java.sql.BatchUpdateException: DELETE on table 'DBS' caused a violation of foreign key constraint 'TBLS_FK1' for key (3).  The statement has been rolled back.)
	at org.apache.hadoop.hive.metastore.RetryingHMSHandler.invokeInternal(RetryingHMSHandler.java:209)
	at org.apache.hadoop.hive.metastore.RetryingHMSHandler.invoke(RetryingHMSHandler.java:108)
	at com.sun.proxy.$Proxy35.drop_database(Unknown Source)
	at org.apache.hadoop.hive.metastore.HiveMetaStoreClient.dropDatabaseCascadePerDb(HiveMetaStoreClient.java:1601)
	at org.apache.hadoop.hive.metastore.HiveMetaStoreClient.dropDatabase(HiveMetaStoreClient.java:1532)
	at org.apache.hadoop.hive.metastore.HiveMetaStoreClient.dropDatabase(HiveMetaStoreClient.java:1485)
	at sun.reflect.NativeMethodAccessorImpl.invoke0(Native Method)
	at sun.reflect.NativeMethodAccessorImpl.invoke(NativeMethodAccessorImpl.java:62)
	at sun.reflect.DelegatingMethodAccessorImpl.invoke(DelegatingMethodAccessorImpl.java:43)
	at java.lang.reflect.Method.invoke(Method.java:498)
	at org.apache.hadoop.hive.metastore.RetryingMetaStoreClient.invoke(RetryingMetaStoreClient.java:218)
	at com.sun.proxy.$Proxy45.dropDatabase(Unknown Source)
	at org.apache.hadoop.hive.ql.metadata.Hive.dropDatabase(Hive.java:662)
	... 57 more
Caused by: javax.jdo.JDODataStoreException: Exception thrown flushing changes to datastore
NestedThrowables:
java.sql.BatchUpdateException: DELETE on table 'DBS' caused a violation of foreign key constraint 'TBLS_FK1' for key (3).  The statement has been rolled back.
	at org.datanucleus.api.jdo.NucleusJDOHelper.getJDOExceptionForNucleusException(NucleusJDOHelper.java:542)
	at org.datanucleus.api.jdo.JDOTransaction.commit(JDOTransaction.java:162)
	at org.apache.hadoop.hive.metastore.ObjectStore.commitTransaction(ObjectStore.java:615)
	at sun.reflect.GeneratedMethodAccessor31.invoke(Unknown Source)
	at sun.reflect.DelegatingMethodAccessorImpl.invoke(DelegatingMethodAccessorImpl.java:43)
	at java.lang.reflect.Method.invoke(Method.java:498)
	at org.apache.hadoop.hive.metastore.RawStoreProxy.invoke(RawStoreProxy.java:97)
	at com.sun.proxy.$Proxy32.commitTransaction(Unknown Source)
	at org.apache.hadoop.hive.metastore.HMSHandler.drop_database_core(HMSHandler.java:1790)
	at org.apache.hadoop.hive.metastore.HMSHandler.drop_database(HMSHandler.java:1869)
	at sun.reflect.GeneratedMethodAccessor54.invoke(Unknown Source)
	at sun.reflect.DelegatingMethodAccessorImpl.invoke(DelegatingMethodAccessorImpl.java:43)
	at java.lang.reflect.Method.invoke(Method.java:498)
	at org.apache.hadoop.hive.metastore.RetryingHMSHandler.invokeInternal(RetryingHMSHandler.java:147)
	... 69 more
Caused by: java.sql.BatchUpdateException: DELETE on table 'DBS' caused a violation of foreign key constraint 'TBLS_FK1' for key (3).  The statement has been rolled back.
	at org.apache.derby.impl.jdbc.EmbedStatement.executeLargeBatch(Unknown Source)
	at org.apache.derby.impl.jdbc.EmbedStatement.executeBatch(Unknown Source)
	at com.zaxxer.hikari.pool.ProxyStatement.executeBatch(ProxyStatement.java:128)
	at com.zaxxer.hikari.pool.HikariProxyPreparedStatement.executeBatch(HikariProxyPreparedStatement.java)
	at org.datanucleus.store.rdbms.ParamLoggingPreparedStatement.executeBatch(ParamLoggingPreparedStatement.java:366)
	at org.datanucleus.store.rdbms.SQLController.processConnectionStatement(SQLController.java:675)
	at org.datanucleus.store.rdbms.SQLController.processStatementsForConnection(SQLController.java:643)
	at org.datanucleus.store.rdbms.SQLController$1.transactionFlushed(SQLController.java:729)
	at org.datanucleus.store.connection.AbstractManagedConnection.transactionFlushed(AbstractManagedConnection.java:95)
	at org.datanucleus.store.connection.ConnectionManagerImpl$2.transactionFlushed(ConnectionManagerImpl.java:528)
	at org.datanucleus.TransactionImpl.flush(TransactionImpl.java:222)
	at org.datanucleus.TransactionImpl.commit(TransactionImpl.java:286)
	at org.datanucleus.api.jdo.JDOTransaction.commit(JDOTransaction.java:99)
	... 81 more
Caused by: org.apache.derby.shared.common.error.DerbySQLIntegrityConstraintViolationException: DELETE on table 'DBS' caused a violation of foreign key constraint 'TBLS_FK1' for key (3).  The statement has been rolled back.
	at org.apache.derby.impl.jdbc.SQLExceptionFactory.getSQLException(Unknown Source)
	at org.apache.derby.impl.jdbc.Util.generateCsSQLException(Unknown Source)
	at org.apache.derby.impl.jdbc.TransactionResourceImpl.wrapInSQLException(Unknown Source)
	at org.apache.derby.impl.jdbc.TransactionResourceImpl.handleException(Unknown Source)
	at org.apache.derby.impl.jdbc.EmbedConnection.handleException(Unknown Source)
	at org.apache.derby.impl.jdbc.ConnectionChild.handleException(Unknown Source)
	at org.apache.derby.impl.jdbc.EmbedStatement.executeStatement(Unknown Source)
	at org.apache.derby.impl.jdbc.EmbedPreparedStatement.executeBatchElement(Unknown Source)
	... 94 more
Caused by: ERROR 23503: DELETE on table 'DBS' caused a violation of foreign key constraint 'TBLS_FK1' for key (3).  The statement has been rolled back.
	at org.apache.derby.iapi.error.StandardException.newException(Unknown Source)
	at org.apache.derby.iapi.error.StandardException.newException(Unknown Source)
	at org.apache.derby.impl.sql.execute.ReferencedKeyRIChecker.doCheck(Unknown Source)
	at org.apache.derby.impl.sql.execute.RISetChecker.doPKCheck(Unknown Source)
	at org.apache.derby.impl.sql.execute.DeleteResultSet.collectAffectedRows(Unknown Source)
	at org.apache.derby.impl.sql.execute.DeleteResultSet.open(Unknown Source)
	at org.apache.derby.impl.sql.GenericPreparedStatement.executeStmt(Unknown Source)
	at org.apache.derby.impl.sql.GenericPreparedStatement.execute(Unknown Source)
	... 96 more
]]></error>
  </testcase>
  <testcase name="testGetInputBytesMultipleTables" classname="org.apache.hive.hcatalog.pig.TestRCFileHCatLoader" time="8.597">
    <error message="FAILED: Execution Error, return code 40000 from org.apache.hadoop.hive.ql.ddl.DDLTask. AlreadyExistsException(message:Table hive.junit_specific_db.junit_specific_size2 already exists)" type="(responseCode = 40000, errorMessage = FAILED"><![CDATA[(responseCode = 40000, errorMessage = FAILED: Execution Error, return code 40000 from org.apache.hadoop.hive.ql.ddl.DDLTask. AlreadyExistsException(message:Table hive.junit_specific_db.junit_specific_size2 already exists), hiveErrorCode = 40000, SQLState = 08S01, exception = AlreadyExistsException(message:Table hive.junit_specific_db.junit_specific_size2 already exists))
	at org.apache.hadoop.hive.ql.DriverUtils.createProcessorException(DriverUtils.java:153)
	at org.apache.hadoop.hive.ql.Executor.handleTaskFailure(Executor.java:403)
	at org.apache.hadoop.hive.ql.Executor.handleFinished(Executor.java:285)
	at org.apache.hadoop.hive.ql.Executor.runTasks(Executor.java:246)
	at org.apache.hadoop.hive.ql.Executor.execute(Executor.java:108)
	at org.apache.hadoop.hive.ql.Driver.execute(Driver.java:348)
	at org.apache.hadoop.hive.ql.Driver.runInternal(Driver.java:204)
	at org.apache.hadoop.hive.ql.Driver.run(Driver.java:153)
	at org.apache.hadoop.hive.ql.Driver.run(Driver.java:148)
	at org.apache.hadoop.hive.ql.reexec.ReExecDriver.run(ReExecDriver.java:164)
	at org.apache.hadoop.hive.ql.reexec.ReExecDriver.run(ReExecDriver.java:230)
	at org.apache.hive.hcatalog.pig.AbstractHCatLoaderTest.executeStatementOnDriver(AbstractHCatLoaderTest.java:151)
	at org.apache.hive.hcatalog.pig.AbstractHCatLoaderTest.createTable(AbstractHCatLoaderTest.java:134)
	at org.apache.hive.hcatalog.pig.AbstractHCatLoaderTest.createTable(AbstractHCatLoaderTest.java:104)
	at org.apache.hive.hcatalog.pig.AbstractHCatLoaderTest.createTable(AbstractHCatLoaderTest.java:138)
	at org.apache.hive.hcatalog.pig.AbstractHCatLoaderTest.setUpTest(AbstractHCatLoaderTest.java:172)
	at sun.reflect.NativeMethodAccessorImpl.invoke0(Native Method)
	at sun.reflect.NativeMethodAccessorImpl.invoke(NativeMethodAccessorImpl.java:62)
	at sun.reflect.DelegatingMethodAccessorImpl.invoke(DelegatingMethodAccessorImpl.java:43)
	at java.lang.reflect.Method.invoke(Method.java:498)
	at org.junit.runners.model.FrameworkMethod$1.runReflectiveCall(FrameworkMethod.java:59)
	at org.junit.internal.runners.model.ReflectiveCallable.run(ReflectiveCallable.java:12)
	at org.junit.runners.model.FrameworkMethod.invokeExplosively(FrameworkMethod.java:56)
	at org.junit.internal.runners.statements.RunBefores.invokeMethod(RunBefores.java:33)
	at org.junit.internal.runners.statements.RunBefores.evaluate(RunBefores.java:24)
	at org.junit.internal.runners.statements.RunAfters.evaluate(RunAfters.java:27)
	at org.junit.runners.ParentRunner$3.evaluate(ParentRunner.java:306)
	at org.junit.runners.BlockJUnit4ClassRunner$1.evaluate(BlockJUnit4ClassRunner.java:100)
	at org.junit.runners.ParentRunner.runLeaf(ParentRunner.java:366)
	at org.junit.runners.BlockJUnit4ClassRunner.runChild(BlockJUnit4ClassRunner.java:103)
	at org.junit.runners.BlockJUnit4ClassRunner.runChild(BlockJUnit4ClassRunner.java:63)
	at org.junit.runners.ParentRunner$4.run(ParentRunner.java:331)
	at org.junit.runners.ParentRunner$1.schedule(ParentRunner.java:79)
	at org.junit.runners.ParentRunner.runChildren(ParentRunner.java:329)
	at org.junit.runners.ParentRunner.access$100(ParentRunner.java:66)
	at org.junit.runners.ParentRunner$2.evaluate(ParentRunner.java:293)
	at org.junit.internal.runners.statements.RunBefores.evaluate(RunBefores.java:26)
	at org.junit.runners.ParentRunner$3.evaluate(ParentRunner.java:306)
	at org.junit.runners.ParentRunner.run(ParentRunner.java:413)
	at org.junit.runners.Suite.runChild(Suite.java:128)
	at org.junit.runners.Suite.runChild(Suite.java:27)
	at org.junit.runners.ParentRunner$4.run(ParentRunner.java:331)
	at org.junit.runners.ParentRunner$1.schedule(ParentRunner.java:79)
	at org.junit.runners.ParentRunner.runChildren(ParentRunner.java:329)
	at org.junit.runners.ParentRunner.access$100(ParentRunner.java:66)
	at org.junit.runners.ParentRunner$2.evaluate(ParentRunner.java:293)
	at org.junit.runners.ParentRunner$3.evaluate(ParentRunner.java:306)
	at org.junit.runners.ParentRunner.run(ParentRunner.java:413)
	at org.apache.maven.surefire.junitcore.JUnitCore.run(JUnitCore.java:55)
	at org.apache.maven.surefire.junitcore.JUnitCoreWrapper.createRequestAndRun(JUnitCoreWrapper.java:137)
	at org.apache.maven.surefire.junitcore.JUnitCoreWrapper.executeEager(JUnitCoreWrapper.java:107)
	at org.apache.maven.surefire.junitcore.JUnitCoreWrapper.execute(JUnitCoreWrapper.java:83)
	at org.apache.maven.surefire.junitcore.JUnitCoreWrapper.execute(JUnitCoreWrapper.java:75)
	at org.apache.maven.surefire.junitcore.JUnitCoreProvider.invoke(JUnitCoreProvider.java:158)
	at org.apache.maven.surefire.booter.ForkedBooter.runSuitesInProcess(ForkedBooter.java:377)
	at org.apache.maven.surefire.booter.ForkedBooter.execute(ForkedBooter.java:138)
	at org.apache.maven.surefire.booter.ForkedBooter.run(ForkedBooter.java:465)
	at org.apache.maven.surefire.booter.ForkedBooter.main(ForkedBooter.java:451)
Caused by: org.apache.hadoop.hive.ql.metadata.HiveException: AlreadyExistsException(message:Table hive.junit_specific_db.junit_specific_size2 already exists)
	at org.apache.hadoop.hive.ql.metadata.Hive.createTable(Hive.java:1298)
	at org.apache.hadoop.hive.ql.metadata.Hive.createTable(Hive.java:1306)
	at org.apache.hadoop.hive.ql.ddl.table.create.CreateTableOperation.createTableNonReplaceMode(CreateTableOperation.java:140)
	at org.apache.hadoop.hive.ql.ddl.table.create.CreateTableOperation.execute(CreateTableOperation.java:98)
	at org.apache.hadoop.hive.ql.ddl.DDLTask.execute(DDLTask.java:84)
	at org.apache.hadoop.hive.ql.exec.Task.executeTask(Task.java:212)
	at org.apache.hadoop.hive.ql.exec.TaskRunner.runSequential(TaskRunner.java:105)
	at org.apache.hadoop.hive.ql.Executor.launchTask(Executor.java:361)
	at org.apache.hadoop.hive.ql.Executor.launchTasks(Executor.java:334)
	at org.apache.hadoop.hive.ql.Executor.runTasks(Executor.java:245)
	... 54 more
Caused by: AlreadyExistsException(message:Table hive.junit_specific_db.junit_specific_size2 already exists)
	at org.apache.hadoop.hive.metastore.HMSHandler.create_table_core(HMSHandler.java:2339)
	at org.apache.hadoop.hive.metastore.HMSHandler.create_table_req(HMSHandler.java:2598)
	at sun.reflect.GeneratedMethodAccessor40.invoke(Unknown Source)
	at sun.reflect.DelegatingMethodAccessorImpl.invoke(DelegatingMethodAccessorImpl.java:43)
	at java.lang.reflect.Method.invoke(Method.java:498)
	at org.apache.hadoop.hive.metastore.RetryingHMSHandler.invokeInternal(RetryingHMSHandler.java:147)
	at org.apache.hadoop.hive.metastore.RetryingHMSHandler.invoke(RetryingHMSHandler.java:108)
	at com.sun.proxy.$Proxy35.create_table_req(Unknown Source)
	at org.apache.hadoop.hive.metastore.HiveMetaStoreClient.create_table_with_environment_context(HiveMetaStoreClient.java:4408)
	at org.apache.hadoop.hive.ql.metadata.SessionHiveMetaStoreClient.create_table_with_environment_context(SessionHiveMetaStoreClient.java:182)
	at org.apache.hadoop.hive.metastore.HiveMetaStoreClient.createTable(HiveMetaStoreClient.java:1260)
	at org.apache.hadoop.hive.metastore.HiveMetaStoreClient.createTable(HiveMetaStoreClient.java:1245)
	at sun.reflect.GeneratedMethodAccessor39.invoke(Unknown Source)
	at sun.reflect.DelegatingMethodAccessorImpl.invoke(DelegatingMethodAccessorImpl.java:43)
	at java.lang.reflect.Method.invoke(Method.java:498)
	at org.apache.hadoop.hive.metastore.RetryingMetaStoreClient.invoke(RetryingMetaStoreClient.java:218)
	at com.sun.proxy.$Proxy45.createTable(Unknown Source)
	at org.apache.hadoop.hive.ql.metadata.Hive.createTable(Hive.java:1290)
	... 63 more
]]></error>
    <system-err><![CDATA[2024-04-24T11:29:18,202  WARN [main] conf.HiveConf: HiveConf of name hive.metastore.client.cache.maxSize does not exist
2024-04-24T11:29:18,202  WARN [main] conf.HiveConf: HiveConf of name hive.llap.io.cache.orc.alloc.max does not exist
2024-04-24T11:29:18,202  WARN [main] conf.HiveConf: HiveConf of name hive.llap.io.cache.orc.alloc.min does not exist
2024-04-24T11:29:18,202  WARN [main] conf.HiveConf: HiveConf of name hive.stats.key.prefix.reserve.length does not exist
2024-04-24T11:29:18,202  WARN [main] conf.HiveConf: HiveConf of name hive.metastore.metadb.dir does not exist
2024-04-24T11:29:18,202  WARN [main] conf.HiveConf: HiveConf of name hive.llap.io.cache.orc.size does not exist
2024-04-24T11:29:18,202  WARN [main] conf.HiveConf: HiveConf of name hive.metastore.client.cache.recordStats does not exist
2024-04-24T11:29:18,202  WARN [main] conf.HiveConf: HiveConf of name hive.dummyparam.test.server.specific.config.hivesite does not exist
2024-04-24T11:29:18,202  WARN [main] conf.HiveConf: HiveConf of name hive.dummyparam.test.server.specific.config.metastoresite does not exist
2024-04-24T11:29:18,203  WARN [main] conf.HiveConf: HiveConf of name hive.llap.io.cache.orc.arena.size does not exist
2024-04-24T11:29:18,203  WARN [main] conf.HiveConf: HiveConf of name hive.dummyparam.test.server.specific.config.override does not exist
2024-04-24T11:29:18,205  INFO [main] metastore.HiveMetaStoreClient: HMS client filtering is enabled.
2024-04-24T11:29:18,205  INFO [main] metastore.PersistenceManagerProvider: Configuration datanucleus.autoStartMechanismMode is not set. Defaulting to 'ignored'
2024-04-24T11:29:18,206  INFO [main] metastore.ObjectStore: RawStore: org.apache.hadoop.hive.metastore.ObjectStore@755a9187, with PersistenceManager: org.datanucleus.api.jdo.JDOPersistenceManager@3d4bf0dc will be shutdown
2024-04-24T11:29:18,206  INFO [main] metastore.ObjectStore: RawStore: org.apache.hadoop.hive.metastore.ObjectStore@755a9187, with PersistenceManager: org.datanucleus.api.jdo.JDOPersistenceManager@3209eb created in the thread with id: 1
2024-04-24T11:29:18,207  INFO [main] metastore.HMSHandler: HMS server filtering is disabled by configuration
Hive Session ID = d7e851b1-ef23-458e-a6d7-1c67d0a88e9e
2024-04-24T11:29:18,208  INFO [main] SessionState: Hive Session ID = d7e851b1-ef23-458e-a6d7-1c67d0a88e9e
ivysettings.xml file not found in HIVE_HOME or HIVE_CONF_DIR,file:/home/alex/.m2/repository/org/apache/pig/pig/0.16.0/pig-0.16.0-h2.jar!/ivysettings.xml will be used
2024-04-24T11:29:18,208  INFO [main] DependencyResolver: ivysettings.xml file not found in HIVE_HOME or HIVE_CONF_DIR,file:/home/alex/.m2/repository/org/apache/pig/pig/0.16.0/pig-0.16.0-h2.jar!/ivysettings.xml will be used
2024-04-24T11:29:18,213  INFO [main] session.SessionState: Created HDFS directory: /home/alex/Repositories/hive/hcatalog/hcatalog-pig-adapter/target/tmp/scratchdir/alex/d7e851b1-ef23-458e-a6d7-1c67d0a88e9e
2024-04-24T11:29:18,215  INFO [main] session.SessionState: Created local directory: /home/alex/Repositories/hive/hcatalog/hcatalog-pig-adapter/target/tmp/localscratchdir/d7e851b1-ef23-458e-a6d7-1c67d0a88e9e
2024-04-24T11:29:18,218  INFO [main] session.SessionState: Created HDFS directory: /home/alex/Repositories/hive/hcatalog/hcatalog-pig-adapter/target/tmp/scratchdir/alex/d7e851b1-ef23-458e-a6d7-1c67d0a88e9e/_tmp_space.db
2024-04-24T11:29:18,218  INFO [main] ql.Driver: Compiling command(queryId=alex_20240424112918_b6a10540-66f2-4e1e-9044-3556acef0368): use default
2024-04-24T11:29:18,219  INFO [main] HiveMetaStore.audit: ugi=alex	ip=unknown-ip-addr	cmd=get_database: default	
2024-04-24T11:29:18,220  INFO [main] ql.Driver: Semantic Analysis Completed (retrial = false)
2024-04-24T11:29:18,220  INFO [main] ql.Driver: Created Hive schema: Schema(fieldSchemas:null, properties:null)
2024-04-24T11:29:18,220  INFO [main] metadata.Hive: Dumping metastore api call timing information for : compilation phase
2024-04-24T11:29:18,220  INFO [main] metadata.Hive: Total time spent in each metastore function (ms): {isCompatibleWith_(Configuration)=1, getDatabase_(String)=1, flushCache_()=0}
2024-04-24T11:29:18,220  INFO [main] ql.Driver: Completed compiling command(queryId=alex_20240424112918_b6a10540-66f2-4e1e-9044-3556acef0368); Time taken: 0.002 seconds
2024-04-24T11:29:18,220  INFO [main] reexec.ReExecDriver: Execution #1 of query
2024-04-24T11:29:18,220  INFO [main] ql.Driver: Concurrency mode is disabled, not creating a lock manager
2024-04-24T11:29:18,220  INFO [main] ql.Driver: Executing command(queryId=alex_20240424112918_b6a10540-66f2-4e1e-9044-3556acef0368): use default
2024-04-24T11:29:18,221  INFO [main] ql.Driver: Starting task [Stage-0:DDL] in serial mode
2024-04-24T11:29:18,221  INFO [main] HiveMetaStore.audit: ugi=alex	ip=unknown-ip-addr	cmd=get_database: default	
2024-04-24T11:29:18,222  INFO [main] HiveMetaStore.audit: ugi=alex	ip=unknown-ip-addr	cmd=get_database: default	
2024-04-24T11:29:18,222  INFO [main] metadata.Hive: Dumping metastore api call timing information for : execution phase
2024-04-24T11:29:18,222  INFO [main] metadata.Hive: Total time spent in each metastore function (ms): {getDatabase_(String)=0, isCompatibleWith_(Configuration)=0}
2024-04-24T11:29:18,223  INFO [main] ql.Driver: Completed executing command(queryId=alex_20240424112918_b6a10540-66f2-4e1e-9044-3556acef0368); Time taken: 0.002 seconds
2024-04-24T11:29:18,223  INFO [main] ql.Driver: Compiling command(queryId=alex_20240424112918_b6a10540-66f2-4e1e-9044-3556acef0368): create table junit_unparted_basic(a int, b string) stored as RCFILE TBLPROPERTIES ('transactional'='false')
2024-04-24T11:29:18,224  INFO [main] parse.CalcitePlanner: Starting caching scope for: alex_20240424112918_b6a10540-66f2-4e1e-9044-3556acef0368
2024-04-24T11:29:18,224  INFO [main] parse.CalcitePlanner: Starting Semantic Analysis
2024-04-24T11:29:18,224  INFO [main] sqlstd.SQLStdHiveAccessController: Created SQLStdHiveAccessController for session context : HiveAuthzSessionContext [sessionString=d7e851b1-ef23-458e-a6d7-1c67d0a88e9e, clientType=HIVECLI]
2024-04-24T11:29:18,224  INFO [main] metastore.HiveMetaStoreClient: Mestastore configuration metastore.filter.hook changed from org.apache.hadoop.hive.metastore.DefaultMetaStoreFilterHookImpl to org.apache.hadoop.hive.ql.security.authorization.plugin.AuthorizationMetaStoreFilterHook
2024-04-24T11:29:18,224  INFO [main] HiveMetaStore.audit: ugi=alex	ip=unknown-ip-addr	cmd=Cleaning up thread local RawStore...	
2024-04-24T11:29:18,224  INFO [main] metastore.ObjectStore: RawStore: org.apache.hadoop.hive.metastore.ObjectStore@755a9187, with PersistenceManager: org.datanucleus.api.jdo.JDOPersistenceManager@3209eb will be shutdown
2024-04-24T11:29:18,224  INFO [main] HiveMetaStore.audit: ugi=alex	ip=unknown-ip-addr	cmd=Done cleaning up thread local RawStore	
2024-04-24T11:29:18,224  INFO [main] metastore.HiveMetaStoreClient: Closed a connection to metastore, current connections: -26
2024-04-24T11:29:18,225  INFO [main] metastore.HiveMetaStoreClient: HMS client filtering is enabled.
2024-04-24T11:29:18,226  INFO [main] metastore.HMSHandler: 0: Opening raw store with implementation class:org.apache.hadoop.hive.metastore.ObjectStore
2024-04-24T11:29:18,226  INFO [main] metastore.PersistenceManagerProvider: Configuration datanucleus.autoStartMechanismMode is not set. Defaulting to 'ignored'
2024-04-24T11:29:18,226  INFO [main] metastore.ObjectStore: RawStore: org.apache.hadoop.hive.metastore.ObjectStore@4a332d23, with PersistenceManager: null will be shutdown
2024-04-24T11:29:18,227  INFO [main] metastore.ObjectStore: RawStore: org.apache.hadoop.hive.metastore.ObjectStore@4a332d23, with PersistenceManager: org.datanucleus.api.jdo.JDOPersistenceManager@f629829 created in the thread with id: 1
2024-04-24T11:29:18,228  INFO [main] metastore.HMSHandler: Created RawStore: org.apache.hadoop.hive.metastore.ObjectStore@4a332d23 from thread id: 1
2024-04-24T11:29:18,228  INFO [main] metastore.HMSHandler: HMS server filtering is disabled by configuration
2024-04-24T11:29:18,228  INFO [main] metastore.RetryingMetaStoreClient: RetryingMetaStoreClient proxy=class org.apache.hadoop.hive.ql.metadata.SessionHiveMetaStoreClient ugi=alex (auth:SIMPLE) retries=1 delay=1 lifetime=0
2024-04-24T11:29:18,228  INFO [main] parse.CalcitePlanner: Creating table default.junit_unparted_basic position=13
2024-04-24T11:29:18,229  INFO [main] metastore.HiveMetaStoreClient: HMS client filtering is enabled.
2024-04-24T11:29:18,229  INFO [main] metastore.PersistenceManagerProvider: Configuration datanucleus.autoStartMechanismMode is not set. Defaulting to 'ignored'
2024-04-24T11:29:18,230  INFO [main] metastore.ObjectStore: RawStore: org.apache.hadoop.hive.metastore.ObjectStore@4a332d23, with PersistenceManager: org.datanucleus.api.jdo.JDOPersistenceManager@f629829 will be shutdown
2024-04-24T11:29:18,230  INFO [main] metastore.ObjectStore: RawStore: org.apache.hadoop.hive.metastore.ObjectStore@4a332d23, with PersistenceManager: org.datanucleus.api.jdo.JDOPersistenceManager@14269e0 created in the thread with id: 1
2024-04-24T11:29:18,231  INFO [main] metastore.HMSHandler: HMS server filtering is disabled by configuration
2024-04-24T11:29:18,231  INFO [main] metastore.RetryingMetaStoreClient: RetryingMetaStoreClient proxy=class org.apache.hadoop.hive.ql.metadata.SessionHiveMetaStoreClient ugi=alex (auth:SIMPLE) retries=1 delay=1 lifetime=0
2024-04-24T11:29:18,232  INFO [main] HiveMetaStore.audit: ugi=alex	ip=unknown-ip-addr	cmd=get_database: default	
2024-04-24T11:29:18,232  INFO [main] parse.CalcitePlanner: Ending caching scope for: alex_20240424112918_b6a10540-66f2-4e1e-9044-3556acef0368
2024-04-24T11:29:18,233  INFO [main] ql.Driver: Semantic Analysis Completed (retrial = false)
2024-04-24T11:29:18,233  INFO [main] ql.Driver: Created Hive schema: Schema(fieldSchemas:null, properties:null)
2024-04-24T11:29:18,233  INFO [main] metadata.Hive: Dumping metastore api call timing information for : compilation phase
2024-04-24T11:29:18,233  INFO [main] metadata.Hive: Total time spent in each metastore function (ms): {}
2024-04-24T11:29:18,233  INFO [main] ql.Driver: Completed compiling command(queryId=alex_20240424112918_b6a10540-66f2-4e1e-9044-3556acef0368); Time taken: 0.01 seconds
2024-04-24T11:29:18,233  INFO [main] reexec.ReExecDriver: Execution #1 of query
2024-04-24T11:29:18,233  INFO [main] ql.Driver: Concurrency mode is disabled, not creating a lock manager
2024-04-24T11:29:18,233  INFO [main] ql.Driver: Executing command(queryId=alex_20240424112918_b6a10540-66f2-4e1e-9044-3556acef0368): create table junit_unparted_basic(a int, b string) stored as RCFILE TBLPROPERTIES ('transactional'='false')
2024-04-24T11:29:18,233  INFO [main] ql.Driver: Starting task [Stage-0:DDL] in serial mode
2024-04-24T11:29:18,233  INFO [main] metastore.HiveMetaStoreClient: Mestastore configuration metastore.filter.hook changed from org.apache.hadoop.hive.ql.security.authorization.plugin.AuthorizationMetaStoreFilterHook to org.apache.hadoop.hive.metastore.DefaultMetaStoreFilterHookImpl
2024-04-24T11:29:18,233  INFO [main] HiveMetaStore.audit: ugi=alex	ip=unknown-ip-addr	cmd=Cleaning up thread local RawStore...	
2024-04-24T11:29:18,233  INFO [main] metastore.ObjectStore: RawStore: org.apache.hadoop.hive.metastore.ObjectStore@4a332d23, with PersistenceManager: org.datanucleus.api.jdo.JDOPersistenceManager@14269e0 will be shutdown
2024-04-24T11:29:18,233  INFO [main] HiveMetaStore.audit: ugi=alex	ip=unknown-ip-addr	cmd=Done cleaning up thread local RawStore	
2024-04-24T11:29:18,233  INFO [main] metastore.HiveMetaStoreClient: Closed a connection to metastore, current connections: -27
2024-04-24T11:29:18,235  INFO [main] metastore.HiveMetaStoreClient: HMS client filtering is enabled.
2024-04-24T11:29:18,235  INFO [main] metastore.HMSHandler: 0: Opening raw store with implementation class:org.apache.hadoop.hive.metastore.ObjectStore
2024-04-24T11:29:18,235  INFO [main] metastore.PersistenceManagerProvider: Configuration datanucleus.autoStartMechanismMode is not set. Defaulting to 'ignored'
2024-04-24T11:29:18,236  INFO [main] metastore.ObjectStore: RawStore: org.apache.hadoop.hive.metastore.ObjectStore@53413a1a, with PersistenceManager: null will be shutdown
2024-04-24T11:29:18,236  INFO [main] metastore.ObjectStore: RawStore: org.apache.hadoop.hive.metastore.ObjectStore@53413a1a, with PersistenceManager: org.datanucleus.api.jdo.JDOPersistenceManager@52ce568 created in the thread with id: 1
2024-04-24T11:29:18,237  INFO [main] metastore.HMSHandler: Created RawStore: org.apache.hadoop.hive.metastore.ObjectStore@53413a1a from thread id: 1
2024-04-24T11:29:18,237  INFO [main] metastore.HMSHandler: HMS server filtering is disabled by configuration
2024-04-24T11:29:18,237  INFO [main] metastore.RetryingMetaStoreClient: RetryingMetaStoreClient proxy=class org.apache.hadoop.hive.ql.metadata.SessionHiveMetaStoreClient ugi=alex (auth:SIMPLE) retries=1 delay=1 lifetime=0
2024-04-24T11:29:18,237  INFO [main] HiveMetaStore.audit: ugi=alex	ip=unknown-ip-addr	cmd=create_table_req: Table(tableName:junit_unparted_basic, dbName:default, owner:alex, createTime:1713983358, lastAccessTime:0, retention:0, sd:StorageDescriptor(cols:[FieldSchema(name:a, type:int, comment:null), FieldSchema(name:b, type:string, comment:null)], location:null, inputFormat:org.apache.hadoop.hive.ql.io.RCFileInputFormat, outputFormat:org.apache.hadoop.hive.ql.io.RCFileOutputFormat, compressed:false, numBuckets:-1, serdeInfo:SerDeInfo(name:null, serializationLib:org.apache.hadoop.hive.serde2.columnar.ColumnarSerDe, parameters:{serialization.format=1}), bucketCols:[], sortCols:[], parameters:{}, skewedInfo:SkewedInfo(skewedColNames:[], skewedColValues:[], skewedColValueLocationMaps:{}), storedAsSubDirectories:false), partitionKeys:[], parameters:{COLUMN_STATS_ACCURATE={"BASIC_STATS":"true","COLUMN_STATS":{"a":"true","b":"true"}}, numFiles=0, transactional=false, numRows=0, bucketing_version=2, rawDataSize=0, numFilesErasureCoded=0, totalSize=0}, viewOriginalText:null, viewExpandedText:null, tableType:MANAGED_TABLE, privileges:PrincipalPrivilegeSet(userPrivileges:{alex=[PrivilegeGrantInfo(privilege:INSERT, createTime:-1, grantor:alex, grantorType:USER, grantOption:true), PrivilegeGrantInfo(privilege:SELECT, createTime:-1, grantor:alex, grantorType:USER, grantOption:true), PrivilegeGrantInfo(privilege:UPDATE, createTime:-1, grantor:alex, grantorType:USER, grantOption:true), PrivilegeGrantInfo(privilege:DELETE, createTime:-1, grantor:alex, grantorType:USER, grantOption:true)]}, groupPrivileges:null, rolePrivileges:null), temporary:false, catName:hive, ownerType:USER)	
2024-04-24T11:29:18,241  INFO [main] utils.FileUtils: Creating directory if it doesn't exist: file:/home/alex/Repositories/hive/hcatalog/hcatalog-pig-adapter/build/test/data/org.apache.hive.hcatalog.mapreduce.HCatBaseTest-1713983215978/warehouse/junit_unparted_basic
2024-04-24T11:29:18,275  INFO [main] metadata.Hive: Dumping metastore api call timing information for : execution phase
2024-04-24T11:29:18,275  INFO [main] metadata.Hive: Total time spent in each metastore function (ms): {createTable_(Table)=38}
2024-04-24T11:29:18,276  INFO [main] ql.Driver: Completed executing command(queryId=alex_20240424112918_b6a10540-66f2-4e1e-9044-3556acef0368); Time taken: 0.042 seconds
2024-04-24T11:29:18,276  INFO [main] ql.Driver: Compiling command(queryId=alex_20240424112918_b6a10540-66f2-4e1e-9044-3556acef0368): use default
2024-04-24T11:29:18,277  INFO [main] HiveMetaStore.audit: ugi=alex	ip=unknown-ip-addr	cmd=get_database: default	
2024-04-24T11:29:18,279  INFO [main] ql.Driver: Semantic Analysis Completed (retrial = false)
2024-04-24T11:29:18,279  INFO [main] ql.Driver: Created Hive schema: Schema(fieldSchemas:null, properties:null)
2024-04-24T11:29:18,279  INFO [main] metadata.Hive: Dumping metastore api call timing information for : compilation phase
2024-04-24T11:29:18,279  INFO [main] metadata.Hive: Total time spent in each metastore function (ms): {isCompatibleWith_(Configuration)=0, getDatabase_(String)=2, flushCache_()=0}
2024-04-24T11:29:18,279  INFO [main] ql.Driver: Completed compiling command(queryId=alex_20240424112918_b6a10540-66f2-4e1e-9044-3556acef0368); Time taken: 0.003 seconds
2024-04-24T11:29:18,280  INFO [main] reexec.ReExecDriver: Execution #1 of query
2024-04-24T11:29:18,280  INFO [main] ql.Driver: Concurrency mode is disabled, not creating a lock manager
2024-04-24T11:29:18,280  INFO [main] ql.Driver: Executing command(queryId=alex_20240424112918_b6a10540-66f2-4e1e-9044-3556acef0368): use default
2024-04-24T11:29:18,280  INFO [main] ql.Driver: Starting task [Stage-0:DDL] in serial mode
2024-04-24T11:29:18,280  INFO [main] HiveMetaStore.audit: ugi=alex	ip=unknown-ip-addr	cmd=get_database: default	
2024-04-24T11:29:18,282  INFO [main] HiveMetaStore.audit: ugi=alex	ip=unknown-ip-addr	cmd=get_database: default	
2024-04-24T11:29:18,283  INFO [main] metadata.Hive: Dumping metastore api call timing information for : execution phase
2024-04-24T11:29:18,284  INFO [main] metadata.Hive: Total time spent in each metastore function (ms): {isCompatibleWith_(Configuration)=0, getDatabase_(String)=3}
2024-04-24T11:29:18,284  INFO [main] ql.Driver: Completed executing command(queryId=alex_20240424112918_b6a10540-66f2-4e1e-9044-3556acef0368); Time taken: 0.003 seconds
2024-04-24T11:29:18,284  INFO [main] ql.Driver: Compiling command(queryId=alex_20240424112918_b6a10540-66f2-4e1e-9044-3556acef0368): create table junit_unparted_complex(name string, studentid int, contact struct<phno:string,email:string>, currently_registered_courses array<string>, current_grades map<string,string>, phnos array<struct<phno:string,type:string>>) stored as RCFILE TBLPROPERTIES ('transactional'='false')
2024-04-24T11:29:18,285  INFO [main] parse.CalcitePlanner: Starting caching scope for: alex_20240424112918_b6a10540-66f2-4e1e-9044-3556acef0368
2024-04-24T11:29:18,285  INFO [main] parse.CalcitePlanner: Starting Semantic Analysis
2024-04-24T11:29:18,285  INFO [main] parse.CalcitePlanner: Creating table default.junit_unparted_complex position=13
2024-04-24T11:29:18,286  INFO [main] HiveMetaStore.audit: ugi=alex	ip=unknown-ip-addr	cmd=get_database: default	
2024-04-24T11:29:18,287  INFO [main] parse.CalcitePlanner: Ending caching scope for: alex_20240424112918_b6a10540-66f2-4e1e-9044-3556acef0368
2024-04-24T11:29:18,287  INFO [main] ql.Driver: Semantic Analysis Completed (retrial = false)
2024-04-24T11:29:18,287  INFO [main] ql.Driver: Created Hive schema: Schema(fieldSchemas:null, properties:null)
2024-04-24T11:29:18,287  INFO [main] metadata.Hive: Dumping metastore api call timing information for : compilation phase
2024-04-24T11:29:18,287  INFO [main] metadata.Hive: Total time spent in each metastore function (ms): {getDatabase_(String)=2, isCompatibleWith_(Configuration)=0, flushCache_()=0}
2024-04-24T11:29:18,288  INFO [main] ql.Driver: Completed compiling command(queryId=alex_20240424112918_b6a10540-66f2-4e1e-9044-3556acef0368); Time taken: 0.003 seconds
2024-04-24T11:29:18,288  INFO [main] reexec.ReExecDriver: Execution #1 of query
2024-04-24T11:29:18,288  INFO [main] ql.Driver: Concurrency mode is disabled, not creating a lock manager
2024-04-24T11:29:18,288  INFO [main] ql.Driver: Executing command(queryId=alex_20240424112918_b6a10540-66f2-4e1e-9044-3556acef0368): create table junit_unparted_complex(name string, studentid int, contact struct<phno:string,email:string>, currently_registered_courses array<string>, current_grades map<string,string>, phnos array<struct<phno:string,type:string>>) stored as RCFILE TBLPROPERTIES ('transactional'='false')
2024-04-24T11:29:18,288  INFO [main] ql.Driver: Starting task [Stage-0:DDL] in serial mode
2024-04-24T11:29:18,289  INFO [main] HiveMetaStore.audit: ugi=alex	ip=unknown-ip-addr	cmd=create_table_req: Table(tableName:junit_unparted_complex, dbName:default, owner:alex, createTime:1713983358, lastAccessTime:0, retention:0, sd:StorageDescriptor(cols:[FieldSchema(name:name, type:string, comment:null), FieldSchema(name:studentid, type:int, comment:null), FieldSchema(name:contact, type:struct<phno:string,email:string>, comment:null), FieldSchema(name:currently_registered_courses, type:array<string>, comment:null), FieldSchema(name:current_grades, type:map<string,string>, comment:null), FieldSchema(name:phnos, type:array<struct<phno:string,type:string>>, comment:null)], location:null, inputFormat:org.apache.hadoop.hive.ql.io.RCFileInputFormat, outputFormat:org.apache.hadoop.hive.ql.io.RCFileOutputFormat, compressed:false, numBuckets:-1, serdeInfo:SerDeInfo(name:null, serializationLib:org.apache.hadoop.hive.serde2.columnar.ColumnarSerDe, parameters:{serialization.format=1}), bucketCols:[], sortCols:[], parameters:{}, skewedInfo:SkewedInfo(skewedColNames:[], skewedColValues:[], skewedColValueLocationMaps:{}), storedAsSubDirectories:false), partitionKeys:[], parameters:{numFilesErasureCoded=0, rawDataSize=0, numRows=0, COLUMN_STATS_ACCURATE={"BASIC_STATS":"true","COLUMN_STATS":{"contact":"true","current_grades":"true","currently_registered_courses":"true","name":"true","phnos":"true","studentid":"true"}}, totalSize=0, numFiles=0, bucketing_version=2, transactional=false}, viewOriginalText:null, viewExpandedText:null, tableType:MANAGED_TABLE, privileges:PrincipalPrivilegeSet(userPrivileges:{alex=[PrivilegeGrantInfo(privilege:INSERT, createTime:-1, grantor:alex, grantorType:USER, grantOption:true), PrivilegeGrantInfo(privilege:SELECT, createTime:-1, grantor:alex, grantorType:USER, grantOption:true), PrivilegeGrantInfo(privilege:UPDATE, createTime:-1, grantor:alex, grantorType:USER, grantOption:true), PrivilegeGrantInfo(privilege:DELETE, createTime:-1, grantor:alex, grantorType:USER, grantOption:true)]}, groupPrivileges:null, rolePrivileges:null), temporary:false, catName:hive, ownerType:USER)	
2024-04-24T11:29:18,295  INFO [main] utils.FileUtils: Creating directory if it doesn't exist: file:/home/alex/Repositories/hive/hcatalog/hcatalog-pig-adapter/build/test/data/org.apache.hive.hcatalog.mapreduce.HCatBaseTest-1713983215978/warehouse/junit_unparted_complex
2024-04-24T11:29:18,316  INFO [main] metadata.Hive: Dumping metastore api call timing information for : execution phase
2024-04-24T11:29:18,316  INFO [main] metadata.Hive: Total time spent in each metastore function (ms): {createTable_(Table)=27, isCompatibleWith_(Configuration)=0}
2024-04-24T11:29:18,317  INFO [main] ql.Driver: Completed executing command(queryId=alex_20240424112918_b6a10540-66f2-4e1e-9044-3556acef0368); Time taken: 0.028 seconds
2024-04-24T11:29:18,317  INFO [main] ql.Driver: Compiling command(queryId=alex_20240424112918_b6a10540-66f2-4e1e-9044-3556acef0368): use default
2024-04-24T11:29:18,317  INFO [main] HiveMetaStore.audit: ugi=alex	ip=unknown-ip-addr	cmd=get_database: default	
2024-04-24T11:29:18,319  INFO [main] ql.Driver: Semantic Analysis Completed (retrial = false)
2024-04-24T11:29:18,319  INFO [main] ql.Driver: Created Hive schema: Schema(fieldSchemas:null, properties:null)
2024-04-24T11:29:18,319  INFO [main] metadata.Hive: Dumping metastore api call timing information for : compilation phase
2024-04-24T11:29:18,319  INFO [main] metadata.Hive: Total time spent in each metastore function (ms): {isCompatibleWith_(Configuration)=0, getDatabase_(String)=2, flushCache_()=0}
2024-04-24T11:29:18,319  INFO [main] ql.Driver: Completed compiling command(queryId=alex_20240424112918_b6a10540-66f2-4e1e-9044-3556acef0368); Time taken: 0.002 seconds
2024-04-24T11:29:18,320  INFO [main] reexec.ReExecDriver: Execution #1 of query
2024-04-24T11:29:18,320  INFO [main] ql.Driver: Concurrency mode is disabled, not creating a lock manager
2024-04-24T11:29:18,320  INFO [main] ql.Driver: Executing command(queryId=alex_20240424112918_b6a10540-66f2-4e1e-9044-3556acef0368): use default
2024-04-24T11:29:18,320  INFO [main] ql.Driver: Starting task [Stage-0:DDL] in serial mode
2024-04-24T11:29:18,320  INFO [main] HiveMetaStore.audit: ugi=alex	ip=unknown-ip-addr	cmd=get_database: default	
2024-04-24T11:29:18,321  INFO [main] HiveMetaStore.audit: ugi=alex	ip=unknown-ip-addr	cmd=get_database: default	
2024-04-24T11:29:18,323  INFO [main] metadata.Hive: Dumping metastore api call timing information for : execution phase
2024-04-24T11:29:18,323  INFO [main] metadata.Hive: Total time spent in each metastore function (ms): {getDatabase_(String)=3, isCompatibleWith_(Configuration)=0}
2024-04-24T11:29:18,323  INFO [main] ql.Driver: Completed executing command(queryId=alex_20240424112918_b6a10540-66f2-4e1e-9044-3556acef0368); Time taken: 0.003 seconds
2024-04-24T11:29:18,324  INFO [main] ql.Driver: Compiling command(queryId=alex_20240424112918_b6a10540-66f2-4e1e-9044-3556acef0368): create table junit_parted_basic(a int, b string) partitioned by (bkt string) stored as RCFILE TBLPROPERTIES ('transactional'='false')
2024-04-24T11:29:18,324  INFO [main] parse.CalcitePlanner: Starting caching scope for: alex_20240424112918_b6a10540-66f2-4e1e-9044-3556acef0368
2024-04-24T11:29:18,324  INFO [main] parse.CalcitePlanner: Starting Semantic Analysis
2024-04-24T11:29:18,324  INFO [main] parse.CalcitePlanner: Creating table default.junit_parted_basic position=13
2024-04-24T11:29:18,324  INFO [main] HiveMetaStore.audit: ugi=alex	ip=unknown-ip-addr	cmd=get_database: default	
2024-04-24T11:29:18,326  INFO [main] parse.CalcitePlanner: Ending caching scope for: alex_20240424112918_b6a10540-66f2-4e1e-9044-3556acef0368
2024-04-24T11:29:18,326  INFO [main] ql.Driver: Semantic Analysis Completed (retrial = false)
2024-04-24T11:29:18,326  INFO [main] ql.Driver: Created Hive schema: Schema(fieldSchemas:null, properties:null)
2024-04-24T11:29:18,326  INFO [main] metadata.Hive: Dumping metastore api call timing information for : compilation phase
2024-04-24T11:29:18,326  INFO [main] metadata.Hive: Total time spent in each metastore function (ms): {flushCache_()=0, isCompatibleWith_(Configuration)=0, getDatabase_(String)=2}
2024-04-24T11:29:18,326  INFO [main] ql.Driver: Completed compiling command(queryId=alex_20240424112918_b6a10540-66f2-4e1e-9044-3556acef0368); Time taken: 0.002 seconds
2024-04-24T11:29:18,326  INFO [main] reexec.ReExecDriver: Execution #1 of query
2024-04-24T11:29:18,327  INFO [main] ql.Driver: Concurrency mode is disabled, not creating a lock manager
2024-04-24T11:29:18,327  INFO [main] ql.Driver: Executing command(queryId=alex_20240424112918_b6a10540-66f2-4e1e-9044-3556acef0368): create table junit_parted_basic(a int, b string) partitioned by (bkt string) stored as RCFILE TBLPROPERTIES ('transactional'='false')
2024-04-24T11:29:18,327  INFO [main] ql.Driver: Starting task [Stage-0:DDL] in serial mode
2024-04-24T11:29:18,328  INFO [main] HiveMetaStore.audit: ugi=alex	ip=unknown-ip-addr	cmd=create_table_req: Table(tableName:junit_parted_basic, dbName:default, owner:alex, createTime:1713983358, lastAccessTime:0, retention:0, sd:StorageDescriptor(cols:[FieldSchema(name:a, type:int, comment:null), FieldSchema(name:b, type:string, comment:null)], location:null, inputFormat:org.apache.hadoop.hive.ql.io.RCFileInputFormat, outputFormat:org.apache.hadoop.hive.ql.io.RCFileOutputFormat, compressed:false, numBuckets:-1, serdeInfo:SerDeInfo(name:null, serializationLib:org.apache.hadoop.hive.serde2.columnar.ColumnarSerDe, parameters:{serialization.format=1}), bucketCols:[], sortCols:[], parameters:{}, skewedInfo:SkewedInfo(skewedColNames:[], skewedColValues:[], skewedColValueLocationMaps:{}), storedAsSubDirectories:false), partitionKeys:[FieldSchema(name:bkt, type:string, comment:null)], parameters:{transactional=false, bucketing_version=2}, viewOriginalText:null, viewExpandedText:null, tableType:MANAGED_TABLE, privileges:PrincipalPrivilegeSet(userPrivileges:{alex=[PrivilegeGrantInfo(privilege:INSERT, createTime:-1, grantor:alex, grantorType:USER, grantOption:true), PrivilegeGrantInfo(privilege:SELECT, createTime:-1, grantor:alex, grantorType:USER, grantOption:true), PrivilegeGrantInfo(privilege:UPDATE, createTime:-1, grantor:alex, grantorType:USER, grantOption:true), PrivilegeGrantInfo(privilege:DELETE, createTime:-1, grantor:alex, grantorType:USER, grantOption:true)]}, groupPrivileges:null, rolePrivileges:null), temporary:false, catName:hive, ownerType:USER)	
2024-04-24T11:29:18,333  INFO [main] utils.FileUtils: Creating directory if it doesn't exist: file:/home/alex/Repositories/hive/hcatalog/hcatalog-pig-adapter/build/test/data/org.apache.hive.hcatalog.mapreduce.HCatBaseTest-1713983215978/warehouse/junit_parted_basic
2024-04-24T11:29:18,348  INFO [main] metadata.Hive: Dumping metastore api call timing information for : execution phase
2024-04-24T11:29:18,348  INFO [main] metadata.Hive: Total time spent in each metastore function (ms): {isCompatibleWith_(Configuration)=0, createTable_(Table)=21}
2024-04-24T11:29:18,348  INFO [main] ql.Driver: Completed executing command(queryId=alex_20240424112918_b6a10540-66f2-4e1e-9044-3556acef0368); Time taken: 0.021 seconds
2024-04-24T11:29:18,348  INFO [main] ql.Driver: Compiling command(queryId=alex_20240424112918_b6a10540-66f2-4e1e-9044-3556acef0368): use default
2024-04-24T11:29:18,349  INFO [main] HiveMetaStore.audit: ugi=alex	ip=unknown-ip-addr	cmd=get_database: default	
2024-04-24T11:29:18,350  INFO [main] ql.Driver: Semantic Analysis Completed (retrial = false)
2024-04-24T11:29:18,350  INFO [main] ql.Driver: Created Hive schema: Schema(fieldSchemas:null, properties:null)
2024-04-24T11:29:18,350  INFO [main] metadata.Hive: Dumping metastore api call timing information for : compilation phase
2024-04-24T11:29:18,350  INFO [main] metadata.Hive: Total time spent in each metastore function (ms): {flushCache_()=0, getDatabase_(String)=1, isCompatibleWith_(Configuration)=0}
2024-04-24T11:29:18,351  INFO [main] ql.Driver: Completed compiling command(queryId=alex_20240424112918_b6a10540-66f2-4e1e-9044-3556acef0368); Time taken: 0.002 seconds
2024-04-24T11:29:18,351  INFO [main] reexec.ReExecDriver: Execution #1 of query
2024-04-24T11:29:18,351  INFO [main] ql.Driver: Concurrency mode is disabled, not creating a lock manager
2024-04-24T11:29:18,351  INFO [main] ql.Driver: Executing command(queryId=alex_20240424112918_b6a10540-66f2-4e1e-9044-3556acef0368): use default
2024-04-24T11:29:18,351  INFO [main] ql.Driver: Starting task [Stage-0:DDL] in serial mode
2024-04-24T11:29:18,351  INFO [main] HiveMetaStore.audit: ugi=alex	ip=unknown-ip-addr	cmd=get_database: default	
2024-04-24T11:29:18,353  INFO [main] HiveMetaStore.audit: ugi=alex	ip=unknown-ip-addr	cmd=get_database: default	
2024-04-24T11:29:18,354  INFO [main] metadata.Hive: Dumping metastore api call timing information for : execution phase
2024-04-24T11:29:18,354  INFO [main] metadata.Hive: Total time spent in each metastore function (ms): {getDatabase_(String)=3, isCompatibleWith_(Configuration)=0}
2024-04-24T11:29:18,354  INFO [main] ql.Driver: Completed executing command(queryId=alex_20240424112918_b6a10540-66f2-4e1e-9044-3556acef0368); Time taken: 0.003 seconds
2024-04-24T11:29:18,355  INFO [main] ql.Driver: Compiling command(queryId=alex_20240424112918_b6a10540-66f2-4e1e-9044-3556acef0368): create table junit_specific_size(a int, b string) stored as RCFILE TBLPROPERTIES ('transactional'='false')
2024-04-24T11:29:18,355  INFO [main] parse.CalcitePlanner: Starting caching scope for: alex_20240424112918_b6a10540-66f2-4e1e-9044-3556acef0368
2024-04-24T11:29:18,355  INFO [main] parse.CalcitePlanner: Starting Semantic Analysis
2024-04-24T11:29:18,355  INFO [main] parse.CalcitePlanner: Creating table default.junit_specific_size position=13
2024-04-24T11:29:18,356  INFO [main] HiveMetaStore.audit: ugi=alex	ip=unknown-ip-addr	cmd=get_database: default	
2024-04-24T11:29:18,357  INFO [main] parse.CalcitePlanner: Ending caching scope for: alex_20240424112918_b6a10540-66f2-4e1e-9044-3556acef0368
2024-04-24T11:29:18,357  INFO [main] ql.Driver: Semantic Analysis Completed (retrial = false)
2024-04-24T11:29:18,357  INFO [main] ql.Driver: Created Hive schema: Schema(fieldSchemas:null, properties:null)
2024-04-24T11:29:18,358  INFO [main] metadata.Hive: Dumping metastore api call timing information for : compilation phase
2024-04-24T11:29:18,358  INFO [main] metadata.Hive: Total time spent in each metastore function (ms): {flushCache_()=0, isCompatibleWith_(Configuration)=0, getDatabase_(String)=1}
2024-04-24T11:29:18,358  INFO [main] ql.Driver: Completed compiling command(queryId=alex_20240424112918_b6a10540-66f2-4e1e-9044-3556acef0368); Time taken: 0.002 seconds
2024-04-24T11:29:18,358  INFO [main] reexec.ReExecDriver: Execution #1 of query
2024-04-24T11:29:18,358  INFO [main] ql.Driver: Concurrency mode is disabled, not creating a lock manager
2024-04-24T11:29:18,358  INFO [main] ql.Driver: Executing command(queryId=alex_20240424112918_b6a10540-66f2-4e1e-9044-3556acef0368): create table junit_specific_size(a int, b string) stored as RCFILE TBLPROPERTIES ('transactional'='false')
2024-04-24T11:29:18,358  INFO [main] ql.Driver: Starting task [Stage-0:DDL] in serial mode
2024-04-24T11:29:18,359  INFO [main] HiveMetaStore.audit: ugi=alex	ip=unknown-ip-addr	cmd=create_table_req: Table(tableName:junit_specific_size, dbName:default, owner:alex, createTime:1713983358, lastAccessTime:0, retention:0, sd:StorageDescriptor(cols:[FieldSchema(name:a, type:int, comment:null), FieldSchema(name:b, type:string, comment:null)], location:null, inputFormat:org.apache.hadoop.hive.ql.io.RCFileInputFormat, outputFormat:org.apache.hadoop.hive.ql.io.RCFileOutputFormat, compressed:false, numBuckets:-1, serdeInfo:SerDeInfo(name:null, serializationLib:org.apache.hadoop.hive.serde2.columnar.ColumnarSerDe, parameters:{serialization.format=1}), bucketCols:[], sortCols:[], parameters:{}, skewedInfo:SkewedInfo(skewedColNames:[], skewedColValues:[], skewedColValueLocationMaps:{}), storedAsSubDirectories:false), partitionKeys:[], parameters:{totalSize=0, rawDataSize=0, transactional=false, COLUMN_STATS_ACCURATE={"BASIC_STATS":"true","COLUMN_STATS":{"a":"true","b":"true"}}, numFiles=0, bucketing_version=2, numRows=0, numFilesErasureCoded=0}, viewOriginalText:null, viewExpandedText:null, tableType:MANAGED_TABLE, privileges:PrincipalPrivilegeSet(userPrivileges:{alex=[PrivilegeGrantInfo(privilege:INSERT, createTime:-1, grantor:alex, grantorType:USER, grantOption:true), PrivilegeGrantInfo(privilege:SELECT, createTime:-1, grantor:alex, grantorType:USER, grantOption:true), PrivilegeGrantInfo(privilege:UPDATE, createTime:-1, grantor:alex, grantorType:USER, grantOption:true), PrivilegeGrantInfo(privilege:DELETE, createTime:-1, grantor:alex, grantorType:USER, grantOption:true)]}, groupPrivileges:null, rolePrivileges:null), temporary:false, catName:hive, ownerType:USER)	
2024-04-24T11:29:18,365  INFO [main] utils.FileUtils: Creating directory if it doesn't exist: file:/home/alex/Repositories/hive/hcatalog/hcatalog-pig-adapter/build/test/data/org.apache.hive.hcatalog.mapreduce.HCatBaseTest-1713983215978/warehouse/junit_specific_size
2024-04-24T11:29:18,379  INFO [main] metadata.Hive: Dumping metastore api call timing information for : execution phase
2024-04-24T11:29:18,379  INFO [main] metadata.Hive: Total time spent in each metastore function (ms): {createTable_(Table)=20, isCompatibleWith_(Configuration)=0}
2024-04-24T11:29:18,379  INFO [main] ql.Driver: Completed executing command(queryId=alex_20240424112918_b6a10540-66f2-4e1e-9044-3556acef0368); Time taken: 0.021 seconds
2024-04-24T11:29:18,380  INFO [main] ql.Driver: Compiling command(queryId=alex_20240424112918_b6a10540-66f2-4e1e-9044-3556acef0368): create database if not exists junit_specific_db
2024-04-24T11:29:18,380  INFO [main] ql.Driver: Semantic Analysis Completed (retrial = false)
2024-04-24T11:29:18,380  INFO [main] ql.Driver: Created Hive schema: Schema(fieldSchemas:null, properties:null)
2024-04-24T11:29:18,380  INFO [main] metadata.Hive: Dumping metastore api call timing information for : compilation phase
2024-04-24T11:29:18,381  INFO [main] metadata.Hive: Total time spent in each metastore function (ms): {flushCache_()=0, isCompatibleWith_(Configuration)=0}
2024-04-24T11:29:18,381  INFO [main] ql.Driver: Completed compiling command(queryId=alex_20240424112918_b6a10540-66f2-4e1e-9044-3556acef0368); Time taken: 0.0 seconds
2024-04-24T11:29:18,381  INFO [main] reexec.ReExecDriver: Execution #1 of query
2024-04-24T11:29:18,381  INFO [main] ql.Driver: Concurrency mode is disabled, not creating a lock manager
2024-04-24T11:29:18,381  INFO [main] ql.Driver: Executing command(queryId=alex_20240424112918_b6a10540-66f2-4e1e-9044-3556acef0368): create database if not exists junit_specific_db
2024-04-24T11:29:18,381  INFO [main] ql.Driver: Starting task [Stage-0:DDL] in serial mode
2024-04-24T11:29:18,381  WARN [main] exec.DDLTask: metastore.warehouse.external.dir is not set, falling back to metastore.warehouse.dir. This could cause external tables to use to managed tablespace.
2024-04-24T11:29:18,382  INFO [main] HiveMetaStore.audit: ugi=alex	ip=unknown-ip-addr	cmd=create_database: Database(name:junit_specific_db, description:null, locationUri:file:/home/alex/Repositories/hive/hcatalog/hcatalog-pig-adapter/build/test/data/org.apache.hive.hcatalog.mapreduce.HCatBaseTest-1713983215978/warehouse/junit_specific_db.db, parameters:null, ownerName:alex, ownerType:USER, catalogName:hive, type:NATIVE)	
2024-04-24T11:29:18,383 ERROR [main] metastore.RetryingHMSHandler: AlreadyExistsException(message:Database junit_specific_db already exists)
	at org.apache.hadoop.hive.metastore.HMSHandler.create_database(HMSHandler.java:1472)
	at sun.reflect.NativeMethodAccessorImpl.invoke0(Native Method)
	at sun.reflect.NativeMethodAccessorImpl.invoke(NativeMethodAccessorImpl.java:62)
	at sun.reflect.DelegatingMethodAccessorImpl.invoke(DelegatingMethodAccessorImpl.java:43)
	at java.lang.reflect.Method.invoke(Method.java:498)
	at org.apache.hadoop.hive.metastore.RetryingHMSHandler.invokeInternal(RetryingHMSHandler.java:147)
	at org.apache.hadoop.hive.metastore.RetryingHMSHandler.invoke(RetryingHMSHandler.java:108)
	at com.sun.proxy.$Proxy35.create_database(Unknown Source)
	at org.apache.hadoop.hive.metastore.HiveMetaStoreClient.createDatabase(HiveMetaStoreClient.java:1151)
	at sun.reflect.NativeMethodAccessorImpl.invoke0(Native Method)
	at sun.reflect.NativeMethodAccessorImpl.invoke(NativeMethodAccessorImpl.java:62)
	at sun.reflect.DelegatingMethodAccessorImpl.invoke(DelegatingMethodAccessorImpl.java:43)
	at java.lang.reflect.Method.invoke(Method.java:498)
	at org.apache.hadoop.hive.metastore.RetryingMetaStoreClient.invoke(RetryingMetaStoreClient.java:218)
	at com.sun.proxy.$Proxy45.createDatabase(Unknown Source)
	at org.apache.hadoop.hive.ql.metadata.Hive.createDatabase(Hive.java:605)
	at org.apache.hadoop.hive.ql.ddl.database.create.CreateDatabaseOperation.execute(CreateDatabaseOperation.java:68)
	at org.apache.hadoop.hive.ql.ddl.DDLTask.execute(DDLTask.java:84)
	at org.apache.hadoop.hive.ql.exec.Task.executeTask(Task.java:212)
	at org.apache.hadoop.hive.ql.exec.TaskRunner.runSequential(TaskRunner.java:105)
	at org.apache.hadoop.hive.ql.Executor.launchTask(Executor.java:361)
	at org.apache.hadoop.hive.ql.Executor.launchTasks(Executor.java:334)
	at org.apache.hadoop.hive.ql.Executor.runTasks(Executor.java:245)
	at org.apache.hadoop.hive.ql.Executor.execute(Executor.java:108)
	at org.apache.hadoop.hive.ql.Driver.execute(Driver.java:348)
	at org.apache.hadoop.hive.ql.Driver.runInternal(Driver.java:204)
	at org.apache.hadoop.hive.ql.Driver.run(Driver.java:153)
	at org.apache.hadoop.hive.ql.Driver.run(Driver.java:148)
	at org.apache.hadoop.hive.ql.reexec.ReExecDriver.run(ReExecDriver.java:164)
	at org.apache.hadoop.hive.ql.reexec.ReExecDriver.run(ReExecDriver.java:230)
	at org.apache.hive.hcatalog.pig.AbstractHCatLoaderTest.executeStatementOnDriver(AbstractHCatLoaderTest.java:151)
	at org.apache.hive.hcatalog.pig.AbstractHCatLoaderTest.createTable(AbstractHCatLoaderTest.java:129)
	at org.apache.hive.hcatalog.pig.AbstractHCatLoaderTest.createTable(AbstractHCatLoaderTest.java:104)
	at org.apache.hive.hcatalog.pig.AbstractHCatLoaderTest.createTable(AbstractHCatLoaderTest.java:138)
	at org.apache.hive.hcatalog.pig.AbstractHCatLoaderTest.setUpTest(AbstractHCatLoaderTest.java:172)
	at sun.reflect.NativeMethodAccessorImpl.invoke0(Native Method)
	at sun.reflect.NativeMethodAccessorImpl.invoke(NativeMethodAccessorImpl.java:62)
	at sun.reflect.DelegatingMethodAccessorImpl.invoke(DelegatingMethodAccessorImpl.java:43)
	at java.lang.reflect.Method.invoke(Method.java:498)
	at org.junit.runners.model.FrameworkMethod$1.runReflectiveCall(FrameworkMethod.java:59)
	at org.junit.internal.runners.model.ReflectiveCallable.run(ReflectiveCallable.java:12)
	at org.junit.runners.model.FrameworkMethod.invokeExplosively(FrameworkMethod.java:56)
	at org.junit.internal.runners.statements.RunBefores.invokeMethod(RunBefores.java:33)
	at org.junit.internal.runners.statements.RunBefores.evaluate(RunBefores.java:24)
	at org.junit.internal.runners.statements.RunAfters.evaluate(RunAfters.java:27)
	at org.junit.runners.ParentRunner$3.evaluate(ParentRunner.java:306)
	at org.junit.runners.BlockJUnit4ClassRunner$1.evaluate(BlockJUnit4ClassRunner.java:100)
	at org.junit.runners.ParentRunner.runLeaf(ParentRunner.java:366)
	at org.junit.runners.BlockJUnit4ClassRunner.runChild(BlockJUnit4ClassRunner.java:103)
	at org.junit.runners.BlockJUnit4ClassRunner.runChild(BlockJUnit4ClassRunner.java:63)
	at org.junit.runners.ParentRunner$4.run(ParentRunner.java:331)
	at org.junit.runners.ParentRunner$1.schedule(ParentRunner.java:79)
	at org.junit.runners.ParentRunner.runChildren(ParentRunner.java:329)
	at org.junit.runners.ParentRunner.access$100(ParentRunner.java:66)
	at org.junit.runners.ParentRunner$2.evaluate(ParentRunner.java:293)
	at org.junit.internal.runners.statements.RunBefores.evaluate(RunBefores.java:26)
	at org.junit.runners.ParentRunner$3.evaluate(ParentRunner.java:306)
	at org.junit.runners.ParentRunner.run(ParentRunner.java:413)
	at org.junit.runners.Suite.runChild(Suite.java:128)
	at org.junit.runners.Suite.runChild(Suite.java:27)
	at org.junit.runners.ParentRunner$4.run(ParentRunner.java:331)
	at org.junit.runners.ParentRunner$1.schedule(ParentRunner.java:79)
	at org.junit.runners.ParentRunner.runChildren(ParentRunner.java:329)
	at org.junit.runners.ParentRunner.access$100(ParentRunner.java:66)
	at org.junit.runners.ParentRunner$2.evaluate(ParentRunner.java:293)
	at org.junit.runners.ParentRunner$3.evaluate(ParentRunner.java:306)
	at org.junit.runners.ParentRunner.run(ParentRunner.java:413)
	at org.apache.maven.surefire.junitcore.JUnitCore.run(JUnitCore.java:55)
	at org.apache.maven.surefire.junitcore.JUnitCoreWrapper.createRequestAndRun(JUnitCoreWrapper.java:137)
	at org.apache.maven.surefire.junitcore.JUnitCoreWrapper.executeEager(JUnitCoreWrapper.java:107)
	at org.apache.maven.surefire.junitcore.JUnitCoreWrapper.execute(JUnitCoreWrapper.java:83)
	at org.apache.maven.surefire.junitcore.JUnitCoreWrapper.execute(JUnitCoreWrapper.java:75)
	at org.apache.maven.surefire.junitcore.JUnitCoreProvider.invoke(JUnitCoreProvider.java:158)
	at org.apache.maven.surefire.booter.ForkedBooter.runSuitesInProcess(ForkedBooter.java:377)
	at org.apache.maven.surefire.booter.ForkedBooter.execute(ForkedBooter.java:138)
	at org.apache.maven.surefire.booter.ForkedBooter.run(ForkedBooter.java:465)
	at org.apache.maven.surefire.booter.ForkedBooter.main(ForkedBooter.java:451)

2024-04-24T11:29:18,384  INFO [main] metadata.Hive: Dumping metastore api call timing information for : execution phase
2024-04-24T11:29:18,384  INFO [main] metadata.Hive: Total time spent in each metastore function (ms): {isCompatibleWith_(Configuration)=0}
2024-04-24T11:29:18,384  INFO [main] ql.Driver: Completed executing command(queryId=alex_20240424112918_b6a10540-66f2-4e1e-9044-3556acef0368); Time taken: 0.003 seconds
2024-04-24T11:29:18,385  INFO [main] ql.Driver: Compiling command(queryId=alex_20240424112918_b6a10540-66f2-4e1e-9044-3556acef0368): use junit_specific_db
2024-04-24T11:29:18,385  INFO [main] HiveMetaStore.audit: ugi=alex	ip=unknown-ip-addr	cmd=get_database: junit_specific_db	
2024-04-24T11:29:18,386  INFO [main] ql.Driver: Semantic Analysis Completed (retrial = false)
2024-04-24T11:29:18,386  INFO [main] ql.Driver: Created Hive schema: Schema(fieldSchemas:null, properties:null)
2024-04-24T11:29:18,387  INFO [main] metadata.Hive: Dumping metastore api call timing information for : compilation phase
2024-04-24T11:29:18,387  INFO [main] metadata.Hive: Total time spent in each metastore function (ms): {getDatabase_(String)=1, isCompatibleWith_(Configuration)=0, flushCache_()=0}
2024-04-24T11:29:18,387  INFO [main] ql.Driver: Completed compiling command(queryId=alex_20240424112918_b6a10540-66f2-4e1e-9044-3556acef0368); Time taken: 0.001 seconds
2024-04-24T11:29:18,387  INFO [main] reexec.ReExecDriver: Execution #1 of query
2024-04-24T11:29:18,387  INFO [main] ql.Driver: Concurrency mode is disabled, not creating a lock manager
2024-04-24T11:29:18,387  INFO [main] ql.Driver: Executing command(queryId=alex_20240424112918_b6a10540-66f2-4e1e-9044-3556acef0368): use junit_specific_db
2024-04-24T11:29:18,387  INFO [main] ql.Driver: Starting task [Stage-0:DDL] in serial mode
2024-04-24T11:29:18,387  INFO [main] HiveMetaStore.audit: ugi=alex	ip=unknown-ip-addr	cmd=get_database: junit_specific_db	
2024-04-24T11:29:18,389  INFO [main] HiveMetaStore.audit: ugi=alex	ip=unknown-ip-addr	cmd=get_database: junit_specific_db	
2024-04-24T11:29:18,391  INFO [main] metadata.Hive: Dumping metastore api call timing information for : execution phase
2024-04-24T11:29:18,391  INFO [main] metadata.Hive: Total time spent in each metastore function (ms): {isCompatibleWith_(Configuration)=0, getDatabase_(String)=4}
2024-04-24T11:29:18,392  INFO [main] ql.Driver: Completed executing command(queryId=alex_20240424112918_b6a10540-66f2-4e1e-9044-3556acef0368); Time taken: 0.004 seconds
2024-04-24T11:29:18,392  INFO [main] ql.Driver: Compiling command(queryId=alex_20240424112918_b6a10540-66f2-4e1e-9044-3556acef0368): create table junit_specific_size2(a int, b string) stored as RCFILE TBLPROPERTIES ('transactional'='false')
2024-04-24T11:29:18,392  INFO [main] parse.CalcitePlanner: Starting caching scope for: alex_20240424112918_b6a10540-66f2-4e1e-9044-3556acef0368
2024-04-24T11:29:18,392  INFO [main] parse.CalcitePlanner: Starting Semantic Analysis
2024-04-24T11:29:18,393  INFO [main] parse.CalcitePlanner: Creating table junit_specific_db.junit_specific_size2 position=13
2024-04-24T11:29:18,393  INFO [main] HiveMetaStore.audit: ugi=alex	ip=unknown-ip-addr	cmd=get_database: junit_specific_db	
2024-04-24T11:29:18,394  INFO [main] parse.CalcitePlanner: Ending caching scope for: alex_20240424112918_b6a10540-66f2-4e1e-9044-3556acef0368
2024-04-24T11:29:18,394  INFO [main] ql.Driver: Semantic Analysis Completed (retrial = false)
2024-04-24T11:29:18,395  INFO [main] ql.Driver: Created Hive schema: Schema(fieldSchemas:null, properties:null)
2024-04-24T11:29:18,395  INFO [main] metadata.Hive: Dumping metastore api call timing information for : compilation phase
2024-04-24T11:29:18,395  INFO [main] metadata.Hive: Total time spent in each metastore function (ms): {getDatabase_(String)=1, isCompatibleWith_(Configuration)=0, flushCache_()=0}
2024-04-24T11:29:18,395  INFO [main] ql.Driver: Completed compiling command(queryId=alex_20240424112918_b6a10540-66f2-4e1e-9044-3556acef0368); Time taken: 0.003 seconds
2024-04-24T11:29:18,395  INFO [main] reexec.ReExecDriver: Execution #1 of query
2024-04-24T11:29:18,395  INFO [main] ql.Driver: Concurrency mode is disabled, not creating a lock manager
2024-04-24T11:29:18,395  INFO [main] ql.Driver: Executing command(queryId=alex_20240424112918_b6a10540-66f2-4e1e-9044-3556acef0368): create table junit_specific_size2(a int, b string) stored as RCFILE TBLPROPERTIES ('transactional'='false')
2024-04-24T11:29:18,395  INFO [main] ql.Driver: Starting task [Stage-0:DDL] in serial mode
2024-04-24T11:29:18,396  INFO [main] HiveMetaStore.audit: ugi=alex	ip=unknown-ip-addr	cmd=create_table_req: Table(tableName:junit_specific_size2, dbName:junit_specific_db, owner:alex, createTime:1713983358, lastAccessTime:0, retention:0, sd:StorageDescriptor(cols:[FieldSchema(name:a, type:int, comment:null), FieldSchema(name:b, type:string, comment:null)], location:null, inputFormat:org.apache.hadoop.hive.ql.io.RCFileInputFormat, outputFormat:org.apache.hadoop.hive.ql.io.RCFileOutputFormat, compressed:false, numBuckets:-1, serdeInfo:SerDeInfo(name:null, serializationLib:org.apache.hadoop.hive.serde2.columnar.ColumnarSerDe, parameters:{serialization.format=1}), bucketCols:[], sortCols:[], parameters:{}, skewedInfo:SkewedInfo(skewedColNames:[], skewedColValues:[], skewedColValueLocationMaps:{}), storedAsSubDirectories:false), partitionKeys:[], parameters:{bucketing_version=2, numRows=0, totalSize=0, rawDataSize=0, numFiles=0, COLUMN_STATS_ACCURATE={"BASIC_STATS":"true","COLUMN_STATS":{"a":"true","b":"true"}}, numFilesErasureCoded=0, transactional=false}, viewOriginalText:null, viewExpandedText:null, tableType:MANAGED_TABLE, privileges:PrincipalPrivilegeSet(userPrivileges:{alex=[PrivilegeGrantInfo(privilege:INSERT, createTime:-1, grantor:alex, grantorType:USER, grantOption:true), PrivilegeGrantInfo(privilege:SELECT, createTime:-1, grantor:alex, grantorType:USER, grantOption:true), PrivilegeGrantInfo(privilege:UPDATE, createTime:-1, grantor:alex, grantorType:USER, grantOption:true), PrivilegeGrantInfo(privilege:DELETE, createTime:-1, grantor:alex, grantorType:USER, grantOption:true)]}, groupPrivileges:null, rolePrivileges:null), temporary:false, catName:hive, ownerType:USER)	
2024-04-24T11:29:18,406  WARN [main] metastore.HMSHandler: create_table_req got 
org.apache.hadoop.hive.metastore.api.AlreadyExistsException: Table hive.junit_specific_db.junit_specific_size2 already exists
	at org.apache.hadoop.hive.metastore.HMSHandler.create_table_core(HMSHandler.java:2339) ~[classes/:?]
	at org.apache.hadoop.hive.metastore.HMSHandler.create_table_req(HMSHandler.java:2598) [classes/:?]
	at sun.reflect.GeneratedMethodAccessor40.invoke(Unknown Source) ~[?:?]
	at sun.reflect.DelegatingMethodAccessorImpl.invoke(DelegatingMethodAccessorImpl.java:43) ~[?:1.8.0_402]
	at java.lang.reflect.Method.invoke(Method.java:498) ~[?:1.8.0_402]
	at org.apache.hadoop.hive.metastore.RetryingHMSHandler.invokeInternal(RetryingHMSHandler.java:147) [classes/:?]
	at org.apache.hadoop.hive.metastore.RetryingHMSHandler.invoke(RetryingHMSHandler.java:108) [classes/:?]
	at com.sun.proxy.$Proxy35.create_table_req(Unknown Source) [?:?]
	at org.apache.hadoop.hive.metastore.HiveMetaStoreClient.create_table_with_environment_context(HiveMetaStoreClient.java:4408) [classes/:?]
	at org.apache.hadoop.hive.ql.metadata.SessionHiveMetaStoreClient.create_table_with_environment_context(SessionHiveMetaStoreClient.java:182) [classes/:?]
	at org.apache.hadoop.hive.metastore.HiveMetaStoreClient.createTable(HiveMetaStoreClient.java:1260) [classes/:?]
	at org.apache.hadoop.hive.metastore.HiveMetaStoreClient.createTable(HiveMetaStoreClient.java:1245) [classes/:?]
	at sun.reflect.GeneratedMethodAccessor39.invoke(Unknown Source) ~[?:?]
	at sun.reflect.DelegatingMethodAccessorImpl.invoke(DelegatingMethodAccessorImpl.java:43) ~[?:1.8.0_402]
	at java.lang.reflect.Method.invoke(Method.java:498) ~[?:1.8.0_402]
	at org.apache.hadoop.hive.metastore.RetryingMetaStoreClient.invoke(RetryingMetaStoreClient.java:218) [classes/:?]
	at com.sun.proxy.$Proxy45.createTable(Unknown Source) [?:?]
	at org.apache.hadoop.hive.ql.metadata.Hive.createTable(Hive.java:1290) [classes/:?]
	at org.apache.hadoop.hive.ql.metadata.Hive.createTable(Hive.java:1306) [classes/:?]
	at org.apache.hadoop.hive.ql.ddl.table.create.CreateTableOperation.createTableNonReplaceMode(CreateTableOperation.java:140) [classes/:?]
	at org.apache.hadoop.hive.ql.ddl.table.create.CreateTableOperation.execute(CreateTableOperation.java:98) [classes/:?]
	at org.apache.hadoop.hive.ql.ddl.DDLTask.execute(DDLTask.java:84) [classes/:?]
	at org.apache.hadoop.hive.ql.exec.Task.executeTask(Task.java:212) [classes/:?]
	at org.apache.hadoop.hive.ql.exec.TaskRunner.runSequential(TaskRunner.java:105) [classes/:?]
	at org.apache.hadoop.hive.ql.Executor.launchTask(Executor.java:361) [classes/:?]
	at org.apache.hadoop.hive.ql.Executor.launchTasks(Executor.java:334) [classes/:?]
	at org.apache.hadoop.hive.ql.Executor.runTasks(Executor.java:245) [classes/:?]
	at org.apache.hadoop.hive.ql.Executor.execute(Executor.java:108) [classes/:?]
	at org.apache.hadoop.hive.ql.Driver.execute(Driver.java:348) [classes/:?]
	at org.apache.hadoop.hive.ql.Driver.runInternal(Driver.java:204) [classes/:?]
	at org.apache.hadoop.hive.ql.Driver.run(Driver.java:153) [classes/:?]
	at org.apache.hadoop.hive.ql.Driver.run(Driver.java:148) [classes/:?]
	at org.apache.hadoop.hive.ql.reexec.ReExecDriver.run(ReExecDriver.java:164) [classes/:?]
	at org.apache.hadoop.hive.ql.reexec.ReExecDriver.run(ReExecDriver.java:230) [classes/:?]
	at org.apache.hive.hcatalog.pig.AbstractHCatLoaderTest.executeStatementOnDriver(AbstractHCatLoaderTest.java:151) [test-classes/:?]
	at org.apache.hive.hcatalog.pig.AbstractHCatLoaderTest.createTable(AbstractHCatLoaderTest.java:134) [test-classes/:?]
	at org.apache.hive.hcatalog.pig.AbstractHCatLoaderTest.createTable(AbstractHCatLoaderTest.java:104) [test-classes/:?]
	at org.apache.hive.hcatalog.pig.AbstractHCatLoaderTest.createTable(AbstractHCatLoaderTest.java:138) [test-classes/:?]
	at org.apache.hive.hcatalog.pig.AbstractHCatLoaderTest.setUpTest(AbstractHCatLoaderTest.java:172) [test-classes/:?]
	at sun.reflect.NativeMethodAccessorImpl.invoke0(Native Method) ~[?:1.8.0_402]
	at sun.reflect.NativeMethodAccessorImpl.invoke(NativeMethodAccessorImpl.java:62) ~[?:1.8.0_402]
	at sun.reflect.DelegatingMethodAccessorImpl.invoke(DelegatingMethodAccessorImpl.java:43) ~[?:1.8.0_402]
	at java.lang.reflect.Method.invoke(Method.java:498) ~[?:1.8.0_402]
	at org.junit.runners.model.FrameworkMethod$1.runReflectiveCall(FrameworkMethod.java:59) [junit-4.13.jar:4.13]
	at org.junit.internal.runners.model.ReflectiveCallable.run(ReflectiveCallable.java:12) [junit-4.13.jar:4.13]
	at org.junit.runners.model.FrameworkMethod.invokeExplosively(FrameworkMethod.java:56) [junit-4.13.jar:4.13]
	at org.junit.internal.runners.statements.RunBefores.invokeMethod(RunBefores.java:33) [junit-4.13.jar:4.13]
	at org.junit.internal.runners.statements.RunBefores.evaluate(RunBefores.java:24) [junit-4.13.jar:4.13]
	at org.junit.internal.runners.statements.RunAfters.evaluate(RunAfters.java:27) [junit-4.13.jar:4.13]
	at org.junit.runners.ParentRunner$3.evaluate(ParentRunner.java:306) [junit-4.13.jar:4.13]
	at org.junit.runners.BlockJUnit4ClassRunner$1.evaluate(BlockJUnit4ClassRunner.java:100) [junit-4.13.jar:4.13]
	at org.junit.runners.ParentRunner.runLeaf(ParentRunner.java:366) [junit-4.13.jar:4.13]
	at org.junit.runners.BlockJUnit4ClassRunner.runChild(BlockJUnit4ClassRunner.java:103) [junit-4.13.jar:4.13]
	at org.junit.runners.BlockJUnit4ClassRunner.runChild(BlockJUnit4ClassRunner.java:63) [junit-4.13.jar:4.13]
	at org.junit.runners.ParentRunner$4.run(ParentRunner.java:331) [junit-4.13.jar:4.13]
	at org.junit.runners.ParentRunner$1.schedule(ParentRunner.java:79) [junit-4.13.jar:4.13]
	at org.junit.runners.ParentRunner.runChildren(ParentRunner.java:329) [junit-4.13.jar:4.13]
	at org.junit.runners.ParentRunner.access$100(ParentRunner.java:66) [junit-4.13.jar:4.13]
	at org.junit.runners.ParentRunner$2.evaluate(ParentRunner.java:293) [junit-4.13.jar:4.13]
	at org.junit.internal.runners.statements.RunBefores.evaluate(RunBefores.java:26) [junit-4.13.jar:4.13]
	at org.junit.runners.ParentRunner$3.evaluate(ParentRunner.java:306) [junit-4.13.jar:4.13]
	at org.junit.runners.ParentRunner.run(ParentRunner.java:413) [junit-4.13.jar:4.13]
	at org.junit.runners.Suite.runChild(Suite.java:128) [junit-4.13.jar:4.13]
	at org.junit.runners.Suite.runChild(Suite.java:27) [junit-4.13.jar:4.13]
	at org.junit.runners.ParentRunner$4.run(ParentRunner.java:331) [junit-4.13.jar:4.13]
	at org.junit.runners.ParentRunner$1.schedule(ParentRunner.java:79) [junit-4.13.jar:4.13]
	at org.junit.runners.ParentRunner.runChildren(ParentRunner.java:329) [junit-4.13.jar:4.13]
	at org.junit.runners.ParentRunner.access$100(ParentRunner.java:66) [junit-4.13.jar:4.13]
	at org.junit.runners.ParentRunner$2.evaluate(ParentRunner.java:293) [junit-4.13.jar:4.13]
	at org.junit.runners.ParentRunner$3.evaluate(ParentRunner.java:306) [junit-4.13.jar:4.13]
	at org.junit.runners.ParentRunner.run(ParentRunner.java:413) [junit-4.13.jar:4.13]
	at org.apache.maven.surefire.junitcore.JUnitCore.run(JUnitCore.java:55) [surefire-junit47-3.0.0-M4.jar:3.0.0-M4]
	at org.apache.maven.surefire.junitcore.JUnitCoreWrapper.createRequestAndRun(JUnitCoreWrapper.java:137) [surefire-junit47-3.0.0-M4.jar:3.0.0-M4]
	at org.apache.maven.surefire.junitcore.JUnitCoreWrapper.executeEager(JUnitCoreWrapper.java:107) [surefire-junit47-3.0.0-M4.jar:3.0.0-M4]
	at org.apache.maven.surefire.junitcore.JUnitCoreWrapper.execute(JUnitCoreWrapper.java:83) [surefire-junit47-3.0.0-M4.jar:3.0.0-M4]
	at org.apache.maven.surefire.junitcore.JUnitCoreWrapper.execute(JUnitCoreWrapper.java:75) [surefire-junit47-3.0.0-M4.jar:3.0.0-M4]
	at org.apache.maven.surefire.junitcore.JUnitCoreProvider.invoke(JUnitCoreProvider.java:158) [surefire-junit47-3.0.0-M4.jar:3.0.0-M4]
	at org.apache.maven.surefire.booter.ForkedBooter.runSuitesInProcess(ForkedBooter.java:377) [surefire-booter-3.0.0-M4.jar:3.0.0-M4]
	at org.apache.maven.surefire.booter.ForkedBooter.execute(ForkedBooter.java:138) [surefire-booter-3.0.0-M4.jar:3.0.0-M4]
	at org.apache.maven.surefire.booter.ForkedBooter.run(ForkedBooter.java:465) [surefire-booter-3.0.0-M4.jar:3.0.0-M4]
	at org.apache.maven.surefire.booter.ForkedBooter.main(ForkedBooter.java:451) [surefire-booter-3.0.0-M4.jar:3.0.0-M4]
2024-04-24T11:29:18,409 ERROR [main] metastore.RetryingHMSHandler: AlreadyExistsException(message:Table hive.junit_specific_db.junit_specific_size2 already exists)
	at org.apache.hadoop.hive.metastore.HMSHandler.create_table_core(HMSHandler.java:2339)
	at org.apache.hadoop.hive.metastore.HMSHandler.create_table_req(HMSHandler.java:2598)
	at sun.reflect.GeneratedMethodAccessor40.invoke(Unknown Source)
	at sun.reflect.DelegatingMethodAccessorImpl.invoke(DelegatingMethodAccessorImpl.java:43)
	at java.lang.reflect.Method.invoke(Method.java:498)
	at org.apache.hadoop.hive.metastore.RetryingHMSHandler.invokeInternal(RetryingHMSHandler.java:147)
	at org.apache.hadoop.hive.metastore.RetryingHMSHandler.invoke(RetryingHMSHandler.java:108)
	at com.sun.proxy.$Proxy35.create_table_req(Unknown Source)
	at org.apache.hadoop.hive.metastore.HiveMetaStoreClient.create_table_with_environment_context(HiveMetaStoreClient.java:4408)
	at org.apache.hadoop.hive.ql.metadata.SessionHiveMetaStoreClient.create_table_with_environment_context(SessionHiveMetaStoreClient.java:182)
	at org.apache.hadoop.hive.metastore.HiveMetaStoreClient.createTable(HiveMetaStoreClient.java:1260)
	at org.apache.hadoop.hive.metastore.HiveMetaStoreClient.createTable(HiveMetaStoreClient.java:1245)
	at sun.reflect.GeneratedMethodAccessor39.invoke(Unknown Source)
	at sun.reflect.DelegatingMethodAccessorImpl.invoke(DelegatingMethodAccessorImpl.java:43)
	at java.lang.reflect.Method.invoke(Method.java:498)
	at org.apache.hadoop.hive.metastore.RetryingMetaStoreClient.invoke(RetryingMetaStoreClient.java:218)
	at com.sun.proxy.$Proxy45.createTable(Unknown Source)
	at org.apache.hadoop.hive.ql.metadata.Hive.createTable(Hive.java:1290)
	at org.apache.hadoop.hive.ql.metadata.Hive.createTable(Hive.java:1306)
	at org.apache.hadoop.hive.ql.ddl.table.create.CreateTableOperation.createTableNonReplaceMode(CreateTableOperation.java:140)
	at org.apache.hadoop.hive.ql.ddl.table.create.CreateTableOperation.execute(CreateTableOperation.java:98)
	at org.apache.hadoop.hive.ql.ddl.DDLTask.execute(DDLTask.java:84)
	at org.apache.hadoop.hive.ql.exec.Task.executeTask(Task.java:212)
	at org.apache.hadoop.hive.ql.exec.TaskRunner.runSequential(TaskRunner.java:105)
	at org.apache.hadoop.hive.ql.Executor.launchTask(Executor.java:361)
	at org.apache.hadoop.hive.ql.Executor.launchTasks(Executor.java:334)
	at org.apache.hadoop.hive.ql.Executor.runTasks(Executor.java:245)
	at org.apache.hadoop.hive.ql.Executor.execute(Executor.java:108)
	at org.apache.hadoop.hive.ql.Driver.execute(Driver.java:348)
	at org.apache.hadoop.hive.ql.Driver.runInternal(Driver.java:204)
	at org.apache.hadoop.hive.ql.Driver.run(Driver.java:153)
	at org.apache.hadoop.hive.ql.Driver.run(Driver.java:148)
	at org.apache.hadoop.hive.ql.reexec.ReExecDriver.run(ReExecDriver.java:164)
	at org.apache.hadoop.hive.ql.reexec.ReExecDriver.run(ReExecDriver.java:230)
	at org.apache.hive.hcatalog.pig.AbstractHCatLoaderTest.executeStatementOnDriver(AbstractHCatLoaderTest.java:151)
	at org.apache.hive.hcatalog.pig.AbstractHCatLoaderTest.createTable(AbstractHCatLoaderTest.java:134)
	at org.apache.hive.hcatalog.pig.AbstractHCatLoaderTest.createTable(AbstractHCatLoaderTest.java:104)
	at org.apache.hive.hcatalog.pig.AbstractHCatLoaderTest.createTable(AbstractHCatLoaderTest.java:138)
	at org.apache.hive.hcatalog.pig.AbstractHCatLoaderTest.setUpTest(AbstractHCatLoaderTest.java:172)
	at sun.reflect.NativeMethodAccessorImpl.invoke0(Native Method)
	at sun.reflect.NativeMethodAccessorImpl.invoke(NativeMethodAccessorImpl.java:62)
	at sun.reflect.DelegatingMethodAccessorImpl.invoke(DelegatingMethodAccessorImpl.java:43)
	at java.lang.reflect.Method.invoke(Method.java:498)
	at org.junit.runners.model.FrameworkMethod$1.runReflectiveCall(FrameworkMethod.java:59)
	at org.junit.internal.runners.model.ReflectiveCallable.run(ReflectiveCallable.java:12)
	at org.junit.runners.model.FrameworkMethod.invokeExplosively(FrameworkMethod.java:56)
	at org.junit.internal.runners.statements.RunBefores.invokeMethod(RunBefores.java:33)
	at org.junit.internal.runners.statements.RunBefores.evaluate(RunBefores.java:24)
	at org.junit.internal.runners.statements.RunAfters.evaluate(RunAfters.java:27)
	at org.junit.runners.ParentRunner$3.evaluate(ParentRunner.java:306)
	at org.junit.runners.BlockJUnit4ClassRunner$1.evaluate(BlockJUnit4ClassRunner.java:100)
	at org.junit.runners.ParentRunner.runLeaf(ParentRunner.java:366)
	at org.junit.runners.BlockJUnit4ClassRunner.runChild(BlockJUnit4ClassRunner.java:103)
	at org.junit.runners.BlockJUnit4ClassRunner.runChild(BlockJUnit4ClassRunner.java:63)
	at org.junit.runners.ParentRunner$4.run(ParentRunner.java:331)
	at org.junit.runners.ParentRunner$1.schedule(ParentRunner.java:79)
	at org.junit.runners.ParentRunner.runChildren(ParentRunner.java:329)
	at org.junit.runners.ParentRunner.access$100(ParentRunner.java:66)
	at org.junit.runners.ParentRunner$2.evaluate(ParentRunner.java:293)
	at org.junit.internal.runners.statements.RunBefores.evaluate(RunBefores.java:26)
	at org.junit.runners.ParentRunner$3.evaluate(ParentRunner.java:306)
	at org.junit.runners.ParentRunner.run(ParentRunner.java:413)
	at org.junit.runners.Suite.runChild(Suite.java:128)
	at org.junit.runners.Suite.runChild(Suite.java:27)
	at org.junit.runners.ParentRunner$4.run(ParentRunner.java:331)
	at org.junit.runners.ParentRunner$1.schedule(ParentRunner.java:79)
	at org.junit.runners.ParentRunner.runChildren(ParentRunner.java:329)
	at org.junit.runners.ParentRunner.access$100(ParentRunner.java:66)
	at org.junit.runners.ParentRunner$2.evaluate(ParentRunner.java:293)
	at org.junit.runners.ParentRunner$3.evaluate(ParentRunner.java:306)
	at org.junit.runners.ParentRunner.run(ParentRunner.java:413)
	at org.apache.maven.surefire.junitcore.JUnitCore.run(JUnitCore.java:55)
	at org.apache.maven.surefire.junitcore.JUnitCoreWrapper.createRequestAndRun(JUnitCoreWrapper.java:137)
	at org.apache.maven.surefire.junitcore.JUnitCoreWrapper.executeEager(JUnitCoreWrapper.java:107)
	at org.apache.maven.surefire.junitcore.JUnitCoreWrapper.execute(JUnitCoreWrapper.java:83)
	at org.apache.maven.surefire.junitcore.JUnitCoreWrapper.execute(JUnitCoreWrapper.java:75)
	at org.apache.maven.surefire.junitcore.JUnitCoreProvider.invoke(JUnitCoreProvider.java:158)
	at org.apache.maven.surefire.booter.ForkedBooter.runSuitesInProcess(ForkedBooter.java:377)
	at org.apache.maven.surefire.booter.ForkedBooter.execute(ForkedBooter.java:138)
	at org.apache.maven.surefire.booter.ForkedBooter.run(ForkedBooter.java:465)
	at org.apache.maven.surefire.booter.ForkedBooter.main(ForkedBooter.java:451)

2024-04-24T11:29:18,409 ERROR [main] exec.Task: Failed
org.apache.hadoop.hive.ql.metadata.HiveException: AlreadyExistsException(message:Table hive.junit_specific_db.junit_specific_size2 already exists)
	at org.apache.hadoop.hive.ql.metadata.Hive.createTable(Hive.java:1298) ~[classes/:?]
	at org.apache.hadoop.hive.ql.metadata.Hive.createTable(Hive.java:1306) ~[classes/:?]
	at org.apache.hadoop.hive.ql.ddl.table.create.CreateTableOperation.createTableNonReplaceMode(CreateTableOperation.java:140) ~[classes/:?]
	at org.apache.hadoop.hive.ql.ddl.table.create.CreateTableOperation.execute(CreateTableOperation.java:98) ~[classes/:?]
	at org.apache.hadoop.hive.ql.ddl.DDLTask.execute(DDLTask.java:84) [classes/:?]
	at org.apache.hadoop.hive.ql.exec.Task.executeTask(Task.java:212) [classes/:?]
	at org.apache.hadoop.hive.ql.exec.TaskRunner.runSequential(TaskRunner.java:105) [classes/:?]
	at org.apache.hadoop.hive.ql.Executor.launchTask(Executor.java:361) [classes/:?]
	at org.apache.hadoop.hive.ql.Executor.launchTasks(Executor.java:334) [classes/:?]
	at org.apache.hadoop.hive.ql.Executor.runTasks(Executor.java:245) [classes/:?]
	at org.apache.hadoop.hive.ql.Executor.execute(Executor.java:108) [classes/:?]
	at org.apache.hadoop.hive.ql.Driver.execute(Driver.java:348) [classes/:?]
	at org.apache.hadoop.hive.ql.Driver.runInternal(Driver.java:204) [classes/:?]
	at org.apache.hadoop.hive.ql.Driver.run(Driver.java:153) [classes/:?]
	at org.apache.hadoop.hive.ql.Driver.run(Driver.java:148) [classes/:?]
	at org.apache.hadoop.hive.ql.reexec.ReExecDriver.run(ReExecDriver.java:164) [classes/:?]
	at org.apache.hadoop.hive.ql.reexec.ReExecDriver.run(ReExecDriver.java:230) [classes/:?]
	at org.apache.hive.hcatalog.pig.AbstractHCatLoaderTest.executeStatementOnDriver(AbstractHCatLoaderTest.java:151) [test-classes/:?]
	at org.apache.hive.hcatalog.pig.AbstractHCatLoaderTest.createTable(AbstractHCatLoaderTest.java:134) [test-classes/:?]
	at org.apache.hive.hcatalog.pig.AbstractHCatLoaderTest.createTable(AbstractHCatLoaderTest.java:104) [test-classes/:?]
	at org.apache.hive.hcatalog.pig.AbstractHCatLoaderTest.createTable(AbstractHCatLoaderTest.java:138) [test-classes/:?]
	at org.apache.hive.hcatalog.pig.AbstractHCatLoaderTest.setUpTest(AbstractHCatLoaderTest.java:172) [test-classes/:?]
	at sun.reflect.NativeMethodAccessorImpl.invoke0(Native Method) ~[?:1.8.0_402]
	at sun.reflect.NativeMethodAccessorImpl.invoke(NativeMethodAccessorImpl.java:62) ~[?:1.8.0_402]
	at sun.reflect.DelegatingMethodAccessorImpl.invoke(DelegatingMethodAccessorImpl.java:43) ~[?:1.8.0_402]
	at java.lang.reflect.Method.invoke(Method.java:498) ~[?:1.8.0_402]
	at org.junit.runners.model.FrameworkMethod$1.runReflectiveCall(FrameworkMethod.java:59) [junit-4.13.jar:4.13]
	at org.junit.internal.runners.model.ReflectiveCallable.run(ReflectiveCallable.java:12) [junit-4.13.jar:4.13]
	at org.junit.runners.model.FrameworkMethod.invokeExplosively(FrameworkMethod.java:56) [junit-4.13.jar:4.13]
	at org.junit.internal.runners.statements.RunBefores.invokeMethod(RunBefores.java:33) [junit-4.13.jar:4.13]
	at org.junit.internal.runners.statements.RunBefores.evaluate(RunBefores.java:24) [junit-4.13.jar:4.13]
	at org.junit.internal.runners.statements.RunAfters.evaluate(RunAfters.java:27) [junit-4.13.jar:4.13]
	at org.junit.runners.ParentRunner$3.evaluate(ParentRunner.java:306) [junit-4.13.jar:4.13]
	at org.junit.runners.BlockJUnit4ClassRunner$1.evaluate(BlockJUnit4ClassRunner.java:100) [junit-4.13.jar:4.13]
	at org.junit.runners.ParentRunner.runLeaf(ParentRunner.java:366) [junit-4.13.jar:4.13]
	at org.junit.runners.BlockJUnit4ClassRunner.runChild(BlockJUnit4ClassRunner.java:103) [junit-4.13.jar:4.13]
	at org.junit.runners.BlockJUnit4ClassRunner.runChild(BlockJUnit4ClassRunner.java:63) [junit-4.13.jar:4.13]
	at org.junit.runners.ParentRunner$4.run(ParentRunner.java:331) [junit-4.13.jar:4.13]
	at org.junit.runners.ParentRunner$1.schedule(ParentRunner.java:79) [junit-4.13.jar:4.13]
	at org.junit.runners.ParentRunner.runChildren(ParentRunner.java:329) [junit-4.13.jar:4.13]
	at org.junit.runners.ParentRunner.access$100(ParentRunner.java:66) [junit-4.13.jar:4.13]
	at org.junit.runners.ParentRunner$2.evaluate(ParentRunner.java:293) [junit-4.13.jar:4.13]
	at org.junit.internal.runners.statements.RunBefores.evaluate(RunBefores.java:26) [junit-4.13.jar:4.13]
	at org.junit.runners.ParentRunner$3.evaluate(ParentRunner.java:306) [junit-4.13.jar:4.13]
	at org.junit.runners.ParentRunner.run(ParentRunner.java:413) [junit-4.13.jar:4.13]
	at org.junit.runners.Suite.runChild(Suite.java:128) [junit-4.13.jar:4.13]
	at org.junit.runners.Suite.runChild(Suite.java:27) [junit-4.13.jar:4.13]
	at org.junit.runners.ParentRunner$4.run(ParentRunner.java:331) [junit-4.13.jar:4.13]
	at org.junit.runners.ParentRunner$1.schedule(ParentRunner.java:79) [junit-4.13.jar:4.13]
	at org.junit.runners.ParentRunner.runChildren(ParentRunner.java:329) [junit-4.13.jar:4.13]
	at org.junit.runners.ParentRunner.access$100(ParentRunner.java:66) [junit-4.13.jar:4.13]
	at org.junit.runners.ParentRunner$2.evaluate(ParentRunner.java:293) [junit-4.13.jar:4.13]
	at org.junit.runners.ParentRunner$3.evaluate(ParentRunner.java:306) [junit-4.13.jar:4.13]
	at org.junit.runners.ParentRunner.run(ParentRunner.java:413) [junit-4.13.jar:4.13]
	at org.apache.maven.surefire.junitcore.JUnitCore.run(JUnitCore.java:55) [surefire-junit47-3.0.0-M4.jar:3.0.0-M4]
	at org.apache.maven.surefire.junitcore.JUnitCoreWrapper.createRequestAndRun(JUnitCoreWrapper.java:137) [surefire-junit47-3.0.0-M4.jar:3.0.0-M4]
	at org.apache.maven.surefire.junitcore.JUnitCoreWrapper.executeEager(JUnitCoreWrapper.java:107) [surefire-junit47-3.0.0-M4.jar:3.0.0-M4]
	at org.apache.maven.surefire.junitcore.JUnitCoreWrapper.execute(JUnitCoreWrapper.java:83) [surefire-junit47-3.0.0-M4.jar:3.0.0-M4]
	at org.apache.maven.surefire.junitcore.JUnitCoreWrapper.execute(JUnitCoreWrapper.java:75) [surefire-junit47-3.0.0-M4.jar:3.0.0-M4]
	at org.apache.maven.surefire.junitcore.JUnitCoreProvider.invoke(JUnitCoreProvider.java:158) [surefire-junit47-3.0.0-M4.jar:3.0.0-M4]
	at org.apache.maven.surefire.booter.ForkedBooter.runSuitesInProcess(ForkedBooter.java:377) [surefire-booter-3.0.0-M4.jar:3.0.0-M4]
	at org.apache.maven.surefire.booter.ForkedBooter.execute(ForkedBooter.java:138) [surefire-booter-3.0.0-M4.jar:3.0.0-M4]
	at org.apache.maven.surefire.booter.ForkedBooter.run(ForkedBooter.java:465) [surefire-booter-3.0.0-M4.jar:3.0.0-M4]
	at org.apache.maven.surefire.booter.ForkedBooter.main(ForkedBooter.java:451) [surefire-booter-3.0.0-M4.jar:3.0.0-M4]
Caused by: org.apache.hadoop.hive.metastore.api.AlreadyExistsException: Table hive.junit_specific_db.junit_specific_size2 already exists
	at org.apache.hadoop.hive.metastore.HMSHandler.create_table_core(HMSHandler.java:2339) ~[classes/:?]
	at org.apache.hadoop.hive.metastore.HMSHandler.create_table_req(HMSHandler.java:2598) ~[classes/:?]
	at sun.reflect.GeneratedMethodAccessor40.invoke(Unknown Source) ~[?:?]
	at sun.reflect.DelegatingMethodAccessorImpl.invoke(DelegatingMethodAccessorImpl.java:43) ~[?:1.8.0_402]
	at java.lang.reflect.Method.invoke(Method.java:498) ~[?:1.8.0_402]
	at org.apache.hadoop.hive.metastore.RetryingHMSHandler.invokeInternal(RetryingHMSHandler.java:147) ~[classes/:?]
	at org.apache.hadoop.hive.metastore.RetryingHMSHandler.invoke(RetryingHMSHandler.java:108) ~[classes/:?]
	at com.sun.proxy.$Proxy35.create_table_req(Unknown Source) ~[?:?]
	at org.apache.hadoop.hive.metastore.HiveMetaStoreClient.create_table_with_environment_context(HiveMetaStoreClient.java:4408) ~[classes/:?]
	at org.apache.hadoop.hive.ql.metadata.SessionHiveMetaStoreClient.create_table_with_environment_context(SessionHiveMetaStoreClient.java:182) ~[classes/:?]
	at org.apache.hadoop.hive.metastore.HiveMetaStoreClient.createTable(HiveMetaStoreClient.java:1260) ~[classes/:?]
	at org.apache.hadoop.hive.metastore.HiveMetaStoreClient.createTable(HiveMetaStoreClient.java:1245) ~[classes/:?]
	at sun.reflect.GeneratedMethodAccessor39.invoke(Unknown Source) ~[?:?]
	at sun.reflect.DelegatingMethodAccessorImpl.invoke(DelegatingMethodAccessorImpl.java:43) ~[?:1.8.0_402]
	at java.lang.reflect.Method.invoke(Method.java:498) ~[?:1.8.0_402]
	at org.apache.hadoop.hive.metastore.RetryingMetaStoreClient.invoke(RetryingMetaStoreClient.java:218) ~[classes/:?]
	at com.sun.proxy.$Proxy45.createTable(Unknown Source) ~[?:?]
	at org.apache.hadoop.hive.ql.metadata.Hive.createTable(Hive.java:1290) ~[classes/:?]
	... 63 more
2024-04-24T11:29:18,411 ERROR [main] exec.Task: DDLTask failed, DDL Operation: class org.apache.hadoop.hive.ql.ddl.table.create.CreateTableOperation
org.apache.hadoop.hive.ql.metadata.HiveException: AlreadyExistsException(message:Table hive.junit_specific_db.junit_specific_size2 already exists)
	at org.apache.hadoop.hive.ql.metadata.Hive.createTable(Hive.java:1298) ~[classes/:?]
	at org.apache.hadoop.hive.ql.metadata.Hive.createTable(Hive.java:1306) ~[classes/:?]
	at org.apache.hadoop.hive.ql.ddl.table.create.CreateTableOperation.createTableNonReplaceMode(CreateTableOperation.java:140) ~[classes/:?]
	at org.apache.hadoop.hive.ql.ddl.table.create.CreateTableOperation.execute(CreateTableOperation.java:98) ~[classes/:?]
	at org.apache.hadoop.hive.ql.ddl.DDLTask.execute(DDLTask.java:84) [classes/:?]
	at org.apache.hadoop.hive.ql.exec.Task.executeTask(Task.java:212) [classes/:?]
	at org.apache.hadoop.hive.ql.exec.TaskRunner.runSequential(TaskRunner.java:105) [classes/:?]
	at org.apache.hadoop.hive.ql.Executor.launchTask(Executor.java:361) [classes/:?]
	at org.apache.hadoop.hive.ql.Executor.launchTasks(Executor.java:334) [classes/:?]
	at org.apache.hadoop.hive.ql.Executor.runTasks(Executor.java:245) [classes/:?]
	at org.apache.hadoop.hive.ql.Executor.execute(Executor.java:108) [classes/:?]
	at org.apache.hadoop.hive.ql.Driver.execute(Driver.java:348) [classes/:?]
	at org.apache.hadoop.hive.ql.Driver.runInternal(Driver.java:204) [classes/:?]
	at org.apache.hadoop.hive.ql.Driver.run(Driver.java:153) [classes/:?]
	at org.apache.hadoop.hive.ql.Driver.run(Driver.java:148) [classes/:?]
	at org.apache.hadoop.hive.ql.reexec.ReExecDriver.run(ReExecDriver.java:164) [classes/:?]
	at org.apache.hadoop.hive.ql.reexec.ReExecDriver.run(ReExecDriver.java:230) [classes/:?]
	at org.apache.hive.hcatalog.pig.AbstractHCatLoaderTest.executeStatementOnDriver(AbstractHCatLoaderTest.java:151) [test-classes/:?]
	at org.apache.hive.hcatalog.pig.AbstractHCatLoaderTest.createTable(AbstractHCatLoaderTest.java:134) [test-classes/:?]
	at org.apache.hive.hcatalog.pig.AbstractHCatLoaderTest.createTable(AbstractHCatLoaderTest.java:104) [test-classes/:?]
	at org.apache.hive.hcatalog.pig.AbstractHCatLoaderTest.createTable(AbstractHCatLoaderTest.java:138) [test-classes/:?]
	at org.apache.hive.hcatalog.pig.AbstractHCatLoaderTest.setUpTest(AbstractHCatLoaderTest.java:172) [test-classes/:?]
	at sun.reflect.NativeMethodAccessorImpl.invoke0(Native Method) ~[?:1.8.0_402]
	at sun.reflect.NativeMethodAccessorImpl.invoke(NativeMethodAccessorImpl.java:62) ~[?:1.8.0_402]
	at sun.reflect.DelegatingMethodAccessorImpl.invoke(DelegatingMethodAccessorImpl.java:43) ~[?:1.8.0_402]
	at java.lang.reflect.Method.invoke(Method.java:498) ~[?:1.8.0_402]
	at org.junit.runners.model.FrameworkMethod$1.runReflectiveCall(FrameworkMethod.java:59) [junit-4.13.jar:4.13]
	at org.junit.internal.runners.model.ReflectiveCallable.run(ReflectiveCallable.java:12) [junit-4.13.jar:4.13]
	at org.junit.runners.model.FrameworkMethod.invokeExplosively(FrameworkMethod.java:56) [junit-4.13.jar:4.13]
	at org.junit.internal.runners.statements.RunBefores.invokeMethod(RunBefores.java:33) [junit-4.13.jar:4.13]
	at org.junit.internal.runners.statements.RunBefores.evaluate(RunBefores.java:24) [junit-4.13.jar:4.13]
	at org.junit.internal.runners.statements.RunAfters.evaluate(RunAfters.java:27) [junit-4.13.jar:4.13]
	at org.junit.runners.ParentRunner$3.evaluate(ParentRunner.java:306) [junit-4.13.jar:4.13]
	at org.junit.runners.BlockJUnit4ClassRunner$1.evaluate(BlockJUnit4ClassRunner.java:100) [junit-4.13.jar:4.13]
	at org.junit.runners.ParentRunner.runLeaf(ParentRunner.java:366) [junit-4.13.jar:4.13]
	at org.junit.runners.BlockJUnit4ClassRunner.runChild(BlockJUnit4ClassRunner.java:103) [junit-4.13.jar:4.13]
	at org.junit.runners.BlockJUnit4ClassRunner.runChild(BlockJUnit4ClassRunner.java:63) [junit-4.13.jar:4.13]
	at org.junit.runners.ParentRunner$4.run(ParentRunner.java:331) [junit-4.13.jar:4.13]
	at org.junit.runners.ParentRunner$1.schedule(ParentRunner.java:79) [junit-4.13.jar:4.13]
	at org.junit.runners.ParentRunner.runChildren(ParentRunner.java:329) [junit-4.13.jar:4.13]
	at org.junit.runners.ParentRunner.access$100(ParentRunner.java:66) [junit-4.13.jar:4.13]
	at org.junit.runners.ParentRunner$2.evaluate(ParentRunner.java:293) [junit-4.13.jar:4.13]
	at org.junit.internal.runners.statements.RunBefores.evaluate(RunBefores.java:26) [junit-4.13.jar:4.13]
	at org.junit.runners.ParentRunner$3.evaluate(ParentRunner.java:306) [junit-4.13.jar:4.13]
	at org.junit.runners.ParentRunner.run(ParentRunner.java:413) [junit-4.13.jar:4.13]
	at org.junit.runners.Suite.runChild(Suite.java:128) [junit-4.13.jar:4.13]
	at org.junit.runners.Suite.runChild(Suite.java:27) [junit-4.13.jar:4.13]
	at org.junit.runners.ParentRunner$4.run(ParentRunner.java:331) [junit-4.13.jar:4.13]
	at org.junit.runners.ParentRunner$1.schedule(ParentRunner.java:79) [junit-4.13.jar:4.13]
	at org.junit.runners.ParentRunner.runChildren(ParentRunner.java:329) [junit-4.13.jar:4.13]
	at org.junit.runners.ParentRunner.access$100(ParentRunner.java:66) [junit-4.13.jar:4.13]
	at org.junit.runners.ParentRunner$2.evaluate(ParentRunner.java:293) [junit-4.13.jar:4.13]
	at org.junit.runners.ParentRunner$3.evaluate(ParentRunner.java:306) [junit-4.13.jar:4.13]
	at org.junit.runners.ParentRunner.run(ParentRunner.java:413) [junit-4.13.jar:4.13]
	at org.apache.maven.surefire.junitcore.JUnitCore.run(JUnitCore.java:55) [surefire-junit47-3.0.0-M4.jar:3.0.0-M4]
	at org.apache.maven.surefire.junitcore.JUnitCoreWrapper.createRequestAndRun(JUnitCoreWrapper.java:137) [surefire-junit47-3.0.0-M4.jar:3.0.0-M4]
	at org.apache.maven.surefire.junitcore.JUnitCoreWrapper.executeEager(JUnitCoreWrapper.java:107) [surefire-junit47-3.0.0-M4.jar:3.0.0-M4]
	at org.apache.maven.surefire.junitcore.JUnitCoreWrapper.execute(JUnitCoreWrapper.java:83) [surefire-junit47-3.0.0-M4.jar:3.0.0-M4]
	at org.apache.maven.surefire.junitcore.JUnitCoreWrapper.execute(JUnitCoreWrapper.java:75) [surefire-junit47-3.0.0-M4.jar:3.0.0-M4]
	at org.apache.maven.surefire.junitcore.JUnitCoreProvider.invoke(JUnitCoreProvider.java:158) [surefire-junit47-3.0.0-M4.jar:3.0.0-M4]
	at org.apache.maven.surefire.booter.ForkedBooter.runSuitesInProcess(ForkedBooter.java:377) [surefire-booter-3.0.0-M4.jar:3.0.0-M4]
	at org.apache.maven.surefire.booter.ForkedBooter.execute(ForkedBooter.java:138) [surefire-booter-3.0.0-M4.jar:3.0.0-M4]
	at org.apache.maven.surefire.booter.ForkedBooter.run(ForkedBooter.java:465) [surefire-booter-3.0.0-M4.jar:3.0.0-M4]
	at org.apache.maven.surefire.booter.ForkedBooter.main(ForkedBooter.java:451) [surefire-booter-3.0.0-M4.jar:3.0.0-M4]
Caused by: org.apache.hadoop.hive.metastore.api.AlreadyExistsException: Table hive.junit_specific_db.junit_specific_size2 already exists
	at org.apache.hadoop.hive.metastore.HMSHandler.create_table_core(HMSHandler.java:2339) ~[classes/:?]
	at org.apache.hadoop.hive.metastore.HMSHandler.create_table_req(HMSHandler.java:2598) ~[classes/:?]
	at sun.reflect.GeneratedMethodAccessor40.invoke(Unknown Source) ~[?:?]
	at sun.reflect.DelegatingMethodAccessorImpl.invoke(DelegatingMethodAccessorImpl.java:43) ~[?:1.8.0_402]
	at java.lang.reflect.Method.invoke(Method.java:498) ~[?:1.8.0_402]
	at org.apache.hadoop.hive.metastore.RetryingHMSHandler.invokeInternal(RetryingHMSHandler.java:147) ~[classes/:?]
	at org.apache.hadoop.hive.metastore.RetryingHMSHandler.invoke(RetryingHMSHandler.java:108) ~[classes/:?]
	at com.sun.proxy.$Proxy35.create_table_req(Unknown Source) ~[?:?]
	at org.apache.hadoop.hive.metastore.HiveMetaStoreClient.create_table_with_environment_context(HiveMetaStoreClient.java:4408) ~[classes/:?]
	at org.apache.hadoop.hive.ql.metadata.SessionHiveMetaStoreClient.create_table_with_environment_context(SessionHiveMetaStoreClient.java:182) ~[classes/:?]
	at org.apache.hadoop.hive.metastore.HiveMetaStoreClient.createTable(HiveMetaStoreClient.java:1260) ~[classes/:?]
	at org.apache.hadoop.hive.metastore.HiveMetaStoreClient.createTable(HiveMetaStoreClient.java:1245) ~[classes/:?]
	at sun.reflect.GeneratedMethodAccessor39.invoke(Unknown Source) ~[?:?]
	at sun.reflect.DelegatingMethodAccessorImpl.invoke(DelegatingMethodAccessorImpl.java:43) ~[?:1.8.0_402]
	at java.lang.reflect.Method.invoke(Method.java:498) ~[?:1.8.0_402]
	at org.apache.hadoop.hive.metastore.RetryingMetaStoreClient.invoke(RetryingMetaStoreClient.java:218) ~[classes/:?]
	at com.sun.proxy.$Proxy45.createTable(Unknown Source) ~[?:?]
	at org.apache.hadoop.hive.ql.metadata.Hive.createTable(Hive.java:1290) ~[classes/:?]
	... 63 more
2024-04-24T11:29:18,414  INFO [main] reexec.ReOptimizePlugin: ReOptimization: retryPossible: false
2024-04-24T11:29:18,414  INFO [main] reexec.ReExecuteLostAMQueryPlugin: Got exception message: AlreadyExistsException(message:Table hive.junit_specific_db.junit_specific_size2 already exists) retryPossible: false
2024-04-24T11:29:18,414  INFO [main] reexec.ReExecutionDagSubmitPlugin: Got exception message: AlreadyExistsException(message:Table hive.junit_specific_db.junit_specific_size2 already exists) retryPossible: false
FAILED: Execution Error, return code 40000 from org.apache.hadoop.hive.ql.ddl.DDLTask. AlreadyExistsException(message:Table hive.junit_specific_db.junit_specific_size2 already exists)
2024-04-24T11:29:18,414 ERROR [main] ql.Driver: FAILED: Execution Error, return code 40000 from org.apache.hadoop.hive.ql.ddl.DDLTask. AlreadyExistsException(message:Table hive.junit_specific_db.junit_specific_size2 already exists)
2024-04-24T11:29:18,414  INFO [main] metadata.Hive: Dumping metastore api call timing information for : execution phase
2024-04-24T11:29:18,414  INFO [main] metadata.Hive: Total time spent in each metastore function (ms): {isCompatibleWith_(Configuration)=1}
2024-04-24T11:29:18,414  INFO [main] ql.Driver: Completed executing command(queryId=alex_20240424112918_b6a10540-66f2-4e1e-9044-3556acef0368); Time taken: 0.019 seconds
2024-04-24T11:29:18,415  INFO [main] ql.Driver: Compiling command(queryId=alex_20240424112918_b6a10540-66f2-4e1e-9044-3556acef0368): drop table if exists junit_unparted_basic
2024-04-24T11:29:18,415  INFO [main] HiveMetaStore.audit: ugi=alex	ip=unknown-ip-addr	cmd=get_table : tbl=hive.junit_specific_db.junit_unparted_basic	
2024-04-24T11:29:18,418  INFO [main] ql.Driver: Semantic Analysis Completed (retrial = false)
2024-04-24T11:29:18,418  INFO [main] ql.Driver: Created Hive schema: Schema(fieldSchemas:null, properties:null)
2024-04-24T11:29:18,418  INFO [main] metadata.Hive: Dumping metastore api call timing information for : compilation phase
2024-04-24T11:29:18,418  INFO [main] metadata.Hive: Total time spent in each metastore function (ms): {isCompatibleWith_(Configuration)=0, flushCache_()=0}
2024-04-24T11:29:18,419  INFO [main] ql.Driver: Completed compiling command(queryId=alex_20240424112918_b6a10540-66f2-4e1e-9044-3556acef0368); Time taken: 0.003 seconds
2024-04-24T11:29:18,419  INFO [main] reexec.ReExecDriver: Execution #1 of query
2024-04-24T11:29:18,419  INFO [main] ql.Driver: Concurrency mode is disabled, not creating a lock manager
2024-04-24T11:29:18,419  INFO [main] ql.Driver: Executing command(queryId=alex_20240424112918_b6a10540-66f2-4e1e-9044-3556acef0368): drop table if exists junit_unparted_basic
2024-04-24T11:29:18,419  INFO [main] ql.Driver: Starting task [Stage-0:DDL] in serial mode
2024-04-24T11:29:18,419  INFO [main] HiveMetaStore.audit: ugi=alex	ip=unknown-ip-addr	cmd=get_table : tbl=hive.junit_specific_db.junit_unparted_basic	
2024-04-24T11:29:18,422  INFO [main] metadata.Hive: Dumping metastore api call timing information for : execution phase
2024-04-24T11:29:18,422  INFO [main] metadata.Hive: Total time spent in each metastore function (ms): {isCompatibleWith_(Configuration)=0}
2024-04-24T11:29:18,422  INFO [main] ql.Driver: Completed executing command(queryId=alex_20240424112918_b6a10540-66f2-4e1e-9044-3556acef0368); Time taken: 0.003 seconds
2024-04-24T11:29:18,423  INFO [main] ql.Driver: Compiling command(queryId=alex_20240424112918_b6a10540-66f2-4e1e-9044-3556acef0368): drop table if exists junit_unparted_complex
2024-04-24T11:29:18,423  INFO [main] HiveMetaStore.audit: ugi=alex	ip=unknown-ip-addr	cmd=get_table : tbl=hive.junit_specific_db.junit_unparted_complex	
2024-04-24T11:29:18,426  INFO [main] ql.Driver: Semantic Analysis Completed (retrial = false)
2024-04-24T11:29:18,426  INFO [main] ql.Driver: Created Hive schema: Schema(fieldSchemas:null, properties:null)
2024-04-24T11:29:18,426  INFO [main] metadata.Hive: Dumping metastore api call timing information for : compilation phase
2024-04-24T11:29:18,426  INFO [main] metadata.Hive: Total time spent in each metastore function (ms): {flushCache_()=0, isCompatibleWith_(Configuration)=0}
2024-04-24T11:29:18,426  INFO [main] ql.Driver: Completed compiling command(queryId=alex_20240424112918_b6a10540-66f2-4e1e-9044-3556acef0368); Time taken: 0.003 seconds
2024-04-24T11:29:18,426  INFO [main] reexec.ReExecDriver: Execution #1 of query
2024-04-24T11:29:18,426  INFO [main] ql.Driver: Concurrency mode is disabled, not creating a lock manager
2024-04-24T11:29:18,426  INFO [main] ql.Driver: Executing command(queryId=alex_20240424112918_b6a10540-66f2-4e1e-9044-3556acef0368): drop table if exists junit_unparted_complex
2024-04-24T11:29:18,426  INFO [main] ql.Driver: Starting task [Stage-0:DDL] in serial mode
2024-04-24T11:29:18,427  INFO [main] HiveMetaStore.audit: ugi=alex	ip=unknown-ip-addr	cmd=get_table : tbl=hive.junit_specific_db.junit_unparted_complex	
2024-04-24T11:29:18,429  INFO [main] metadata.Hive: Dumping metastore api call timing information for : execution phase
2024-04-24T11:29:18,430  INFO [main] metadata.Hive: Total time spent in each metastore function (ms): {isCompatibleWith_(Configuration)=1}
2024-04-24T11:29:18,430  INFO [main] ql.Driver: Completed executing command(queryId=alex_20240424112918_b6a10540-66f2-4e1e-9044-3556acef0368); Time taken: 0.003 seconds
2024-04-24T11:29:18,430  INFO [main] ql.Driver: Compiling command(queryId=alex_20240424112918_b6a10540-66f2-4e1e-9044-3556acef0368): drop table if exists junit_parted_basic
2024-04-24T11:29:18,431  INFO [main] HiveMetaStore.audit: ugi=alex	ip=unknown-ip-addr	cmd=get_table : tbl=hive.junit_specific_db.junit_parted_basic	
2024-04-24T11:29:18,433  INFO [main] ql.Driver: Semantic Analysis Completed (retrial = false)
2024-04-24T11:29:18,433  INFO [main] ql.Driver: Created Hive schema: Schema(fieldSchemas:null, properties:null)
2024-04-24T11:29:18,434  INFO [main] metadata.Hive: Dumping metastore api call timing information for : compilation phase
2024-04-24T11:29:18,434  INFO [main] metadata.Hive: Total time spent in each metastore function (ms): {isCompatibleWith_(Configuration)=1, flushCache_()=0}
2024-04-24T11:29:18,434  INFO [main] ql.Driver: Completed compiling command(queryId=alex_20240424112918_b6a10540-66f2-4e1e-9044-3556acef0368); Time taken: 0.004 seconds
2024-04-24T11:29:18,434  INFO [main] reexec.ReExecDriver: Execution #1 of query
2024-04-24T11:29:18,434  INFO [main] ql.Driver: Concurrency mode is disabled, not creating a lock manager
2024-04-24T11:29:18,434  INFO [main] ql.Driver: Executing command(queryId=alex_20240424112918_b6a10540-66f2-4e1e-9044-3556acef0368): drop table if exists junit_parted_basic
2024-04-24T11:29:18,434  INFO [main] ql.Driver: Starting task [Stage-0:DDL] in serial mode
2024-04-24T11:29:18,434  INFO [main] HiveMetaStore.audit: ugi=alex	ip=unknown-ip-addr	cmd=get_table : tbl=hive.junit_specific_db.junit_parted_basic	
2024-04-24T11:29:18,437  INFO [main] metadata.Hive: Dumping metastore api call timing information for : execution phase
2024-04-24T11:29:18,437  INFO [main] metadata.Hive: Total time spent in each metastore function (ms): {isCompatibleWith_(Configuration)=0}
2024-04-24T11:29:18,438  INFO [main] ql.Driver: Completed executing command(queryId=alex_20240424112918_b6a10540-66f2-4e1e-9044-3556acef0368); Time taken: 0.003 seconds
2024-04-24T11:29:18,438  INFO [main] ql.Driver: Compiling command(queryId=alex_20240424112918_b6a10540-66f2-4e1e-9044-3556acef0368): drop table if exists junit_specific_size
2024-04-24T11:29:18,438  INFO [main] HiveMetaStore.audit: ugi=alex	ip=unknown-ip-addr	cmd=get_table : tbl=hive.junit_specific_db.junit_specific_size	
2024-04-24T11:29:18,441  INFO [main] ql.Driver: Semantic Analysis Completed (retrial = false)
2024-04-24T11:29:18,441  INFO [main] ql.Driver: Created Hive schema: Schema(fieldSchemas:null, properties:null)
2024-04-24T11:29:18,441  INFO [main] metadata.Hive: Dumping metastore api call timing information for : compilation phase
2024-04-24T11:29:18,442  INFO [main] metadata.Hive: Total time spent in each metastore function (ms): {flushCache_()=0, isCompatibleWith_(Configuration)=0}
2024-04-24T11:29:18,442  INFO [main] ql.Driver: Completed compiling command(queryId=alex_20240424112918_b6a10540-66f2-4e1e-9044-3556acef0368); Time taken: 0.003 seconds
2024-04-24T11:29:18,442  INFO [main] reexec.ReExecDriver: Execution #1 of query
2024-04-24T11:29:18,442  INFO [main] ql.Driver: Concurrency mode is disabled, not creating a lock manager
2024-04-24T11:29:18,442  INFO [main] ql.Driver: Executing command(queryId=alex_20240424112918_b6a10540-66f2-4e1e-9044-3556acef0368): drop table if exists junit_specific_size
2024-04-24T11:29:18,442  INFO [main] ql.Driver: Starting task [Stage-0:DDL] in serial mode
2024-04-24T11:29:18,442  INFO [main] HiveMetaStore.audit: ugi=alex	ip=unknown-ip-addr	cmd=get_table : tbl=hive.junit_specific_db.junit_specific_size	
2024-04-24T11:29:18,445  INFO [main] metadata.Hive: Dumping metastore api call timing information for : execution phase
2024-04-24T11:29:18,445  INFO [main] metadata.Hive: Total time spent in each metastore function (ms): {isCompatibleWith_(Configuration)=0}
2024-04-24T11:29:18,445  INFO [main] ql.Driver: Completed executing command(queryId=alex_20240424112918_b6a10540-66f2-4e1e-9044-3556acef0368); Time taken: 0.003 seconds
2024-04-24T11:29:18,446  INFO [main] ql.Driver: Compiling command(queryId=alex_20240424112918_b6a10540-66f2-4e1e-9044-3556acef0368): drop table if exists junit_parted_date
2024-04-24T11:29:18,446  INFO [main] HiveMetaStore.audit: ugi=alex	ip=unknown-ip-addr	cmd=get_table : tbl=hive.junit_specific_db.junit_parted_date	
2024-04-24T11:29:18,449  INFO [main] ql.Driver: Semantic Analysis Completed (retrial = false)
2024-04-24T11:29:18,449  INFO [main] ql.Driver: Created Hive schema: Schema(fieldSchemas:null, properties:null)
2024-04-24T11:29:18,449  INFO [main] metadata.Hive: Dumping metastore api call timing information for : compilation phase
2024-04-24T11:29:18,449  INFO [main] metadata.Hive: Total time spent in each metastore function (ms): {flushCache_()=0, isCompatibleWith_(Configuration)=0}
2024-04-24T11:29:18,449  INFO [main] ql.Driver: Completed compiling command(queryId=alex_20240424112918_b6a10540-66f2-4e1e-9044-3556acef0368); Time taken: 0.003 seconds
2024-04-24T11:29:18,449  INFO [main] reexec.ReExecDriver: Execution #1 of query
2024-04-24T11:29:18,449  INFO [main] ql.Driver: Concurrency mode is disabled, not creating a lock manager
2024-04-24T11:29:18,449  INFO [main] ql.Driver: Executing command(queryId=alex_20240424112918_b6a10540-66f2-4e1e-9044-3556acef0368): drop table if exists junit_parted_date
2024-04-24T11:29:18,449  INFO [main] ql.Driver: Starting task [Stage-0:DDL] in serial mode
2024-04-24T11:29:18,450  INFO [main] HiveMetaStore.audit: ugi=alex	ip=unknown-ip-addr	cmd=get_table : tbl=hive.junit_specific_db.junit_parted_date	
2024-04-24T11:29:18,453  INFO [main] metadata.Hive: Dumping metastore api call timing information for : execution phase
2024-04-24T11:29:18,453  INFO [main] metadata.Hive: Total time spent in each metastore function (ms): {isCompatibleWith_(Configuration)=0}
2024-04-24T11:29:18,453  INFO [main] ql.Driver: Completed executing command(queryId=alex_20240424112918_b6a10540-66f2-4e1e-9044-3556acef0368); Time taken: 0.004 seconds
2024-04-24T11:29:18,453  INFO [main] ql.Driver: Compiling command(queryId=alex_20240424112918_b6a10540-66f2-4e1e-9044-3556acef0368): drop table if exists junit_unparted_alltypes
2024-04-24T11:29:18,454  INFO [main] HiveMetaStore.audit: ugi=alex	ip=unknown-ip-addr	cmd=get_table : tbl=hive.junit_specific_db.junit_unparted_alltypes	
2024-04-24T11:29:18,457  INFO [main] ql.Driver: Semantic Analysis Completed (retrial = false)
2024-04-24T11:29:18,457  INFO [main] ql.Driver: Created Hive schema: Schema(fieldSchemas:null, properties:null)
2024-04-24T11:29:18,457  INFO [main] metadata.Hive: Dumping metastore api call timing information for : compilation phase
2024-04-24T11:29:18,457  INFO [main] metadata.Hive: Total time spent in each metastore function (ms): {flushCache_()=0, isCompatibleWith_(Configuration)=0}
2024-04-24T11:29:18,457  INFO [main] ql.Driver: Completed compiling command(queryId=alex_20240424112918_b6a10540-66f2-4e1e-9044-3556acef0368); Time taken: 0.004 seconds
2024-04-24T11:29:18,457  INFO [main] reexec.ReExecDriver: Execution #1 of query
2024-04-24T11:29:18,457  INFO [main] ql.Driver: Concurrency mode is disabled, not creating a lock manager
2024-04-24T11:29:18,457  INFO [main] ql.Driver: Executing command(queryId=alex_20240424112918_b6a10540-66f2-4e1e-9044-3556acef0368): drop table if exists junit_unparted_alltypes
2024-04-24T11:29:18,457  INFO [main] ql.Driver: Starting task [Stage-0:DDL] in serial mode
2024-04-24T11:29:18,458  INFO [main] HiveMetaStore.audit: ugi=alex	ip=unknown-ip-addr	cmd=get_table : tbl=hive.junit_specific_db.junit_unparted_alltypes	
2024-04-24T11:29:18,460  INFO [main] metadata.Hive: Dumping metastore api call timing information for : execution phase
2024-04-24T11:29:18,461  INFO [main] metadata.Hive: Total time spent in each metastore function (ms): {isCompatibleWith_(Configuration)=0}
2024-04-24T11:29:18,461  INFO [main] ql.Driver: Completed executing command(queryId=alex_20240424112918_b6a10540-66f2-4e1e-9044-3556acef0368); Time taken: 0.003 seconds
2024-04-24T11:29:18,461  INFO [main] ql.Driver: Compiling command(queryId=alex_20240424112918_b6a10540-66f2-4e1e-9044-3556acef0368): drop database if exists junit_specific_db cascade
2024-04-24T11:29:18,462  INFO [main] HiveMetaStore.audit: ugi=alex	ip=unknown-ip-addr	cmd=get_database: junit_specific_db	
2024-04-24T11:29:18,464  INFO [main] HiveMetaStore.audit: ugi=alex	ip=unknown-ip-addr	cmd=get_multi_table : db=junit_specific_db tbls=null	
2024-04-24T11:29:18,481  INFO [main] HiveMetaStore.audit: ugi=alex	ip=unknown-ip-addr	cmd=get_multi_table : db=junit_specific_db tbls=junit_specific_size2	
2024-04-24T11:29:18,494  INFO [main] ql.Driver: Semantic Analysis Completed (retrial = false)
2024-04-24T11:29:18,494  INFO [main] ql.Driver: Created Hive schema: Schema(fieldSchemas:null, properties:null)
2024-04-24T11:29:18,494  INFO [main] metadata.Hive: Dumping metastore api call timing information for : compilation phase
2024-04-24T11:29:18,494  INFO [main] metadata.Hive: Total time spent in each metastore function (ms): {getTables_(String, String)=16, getTableObjectsByName_(String, List)=14, flushCache_()=0, isCompatibleWith_(Configuration)=0, getDatabase_(String)=1}
2024-04-24T11:29:18,494  INFO [main] ql.Driver: Completed compiling command(queryId=alex_20240424112918_b6a10540-66f2-4e1e-9044-3556acef0368); Time taken: 0.033 seconds
2024-04-24T11:29:18,494  INFO [main] reexec.ReExecDriver: Execution #1 of query
2024-04-24T11:29:18,494  INFO [main] ql.Driver: Concurrency mode is disabled, not creating a lock manager
2024-04-24T11:29:18,494  INFO [main] ql.Driver: Executing command(queryId=alex_20240424112918_b6a10540-66f2-4e1e-9044-3556acef0368): drop database if exists junit_specific_db cascade
2024-04-24T11:29:18,494  INFO [main] ql.Driver: Starting task [Stage-0:DDL] in serial mode
2024-04-24T11:29:18,495  INFO [main] HiveMetaStore.audit: ugi=alex	ip=unknown-ip-addr	cmd=get_database: junit_specific_db	
2024-04-24T11:29:18,496  INFO [main] HiveMetaStore.audit: ugi=alex	ip=unknown-ip-addr	cmd=get_tables_by_type: db=@hive#junit_specific_db pat=.*,type=MATERIALIZED_VIEW	
2024-04-24T11:29:18,496  INFO [main] HiveMetaStore.audit: ugi=alex	ip=unknown-ip-addr	cmd=getTablesByTypeCore: catName=hive: db=junit_specific_db pat=.*,type=MATERIALIZED_VIEW	
2024-04-24T11:29:18,499  INFO [main] HiveMetaStore.audit: ugi=alex	ip=unknown-ip-addr	cmd=get_all_tables: db=@hive#junit_specific_db	
2024-04-24T11:29:18,502  INFO [main] HiveMetaStore.audit: ugi=alex	ip=unknown-ip-addr	cmd=get_multi_table : db=junit_specific_db tbls=junit_specific_size2	
2024-04-24T11:29:18,505  INFO [main] HiveMetaStore.audit: ugi=alex	ip=unknown-ip-addr	cmd=drop_database: @hive#junit_specific_db	
2024-04-24T11:29:18,506  INFO [main] HiveMetaStore.audit: ugi=alex	ip=unknown-ip-addr	cmd=get_all_tables: db=@hive#junit_specific_db	
2024-04-24T11:29:18,507  INFO [main] HiveMetaStore.audit: ugi=alex	ip=unknown-ip-addr	cmd=get_functions: db=@hive#junit_specific_db pat=*	
2024-04-24T11:29:18,510  INFO [main] HiveMetaStore.audit: ugi=alex	ip=unknown-ip-addr	cmd=get_all_stored_procedures	
2024-04-24T11:29:18,511  INFO [main] HiveMetaStore.audit: ugi=alex	ip=unknown-ip-addr	cmd=get_all_packages	
2024-04-24T11:29:18,513  INFO [main] HiveMetaStore.audit: ugi=alex	ip=unknown-ip-addr	cmd=getTablesByTypeCore: catName=hive: db=junit_specific_db pat=.*,type=MATERIALIZED_VIEW	
2024-04-24T11:29:18,517  INFO [main] metastore.ObjectStore: Dropping database hive.junit_specific_db along with all tables
2024-04-24T11:29:18,525  INFO [main] txn.TxnHandler: Non-retryable error in cleanupRecords : Table/View 'TXN_COMPONENTS' does not exist. (SQLState=42X05, ErrorCode=20000)
2024-04-24T11:29:18,525  WARN [main] txn.TxnHandler: Cannot perform cleanup since metastore table does not exist
2024-04-24T11:29:18,527 ERROR [main] metastore.RetryingHMSHandler: Retrying HMSHandler after 2000 ms (attempt 1 of 10) with error: javax.jdo.JDODataStoreException: Exception thrown flushing changes to datastore
	at org.datanucleus.api.jdo.NucleusJDOHelper.getJDOExceptionForNucleusException(NucleusJDOHelper.java:542)
	at org.datanucleus.api.jdo.JDOTransaction.commit(JDOTransaction.java:162)
	at org.apache.hadoop.hive.metastore.ObjectStore.commitTransaction(ObjectStore.java:615)
	at sun.reflect.GeneratedMethodAccessor31.invoke(Unknown Source)
	at sun.reflect.DelegatingMethodAccessorImpl.invoke(DelegatingMethodAccessorImpl.java:43)
	at java.lang.reflect.Method.invoke(Method.java:498)
	at org.apache.hadoop.hive.metastore.RawStoreProxy.invoke(RawStoreProxy.java:97)
	at com.sun.proxy.$Proxy32.commitTransaction(Unknown Source)
	at org.apache.hadoop.hive.metastore.HMSHandler.drop_database_core(HMSHandler.java:1790)
	at org.apache.hadoop.hive.metastore.HMSHandler.drop_database(HMSHandler.java:1869)
	at sun.reflect.GeneratedMethodAccessor54.invoke(Unknown Source)
	at sun.reflect.DelegatingMethodAccessorImpl.invoke(DelegatingMethodAccessorImpl.java:43)
	at java.lang.reflect.Method.invoke(Method.java:498)
	at org.apache.hadoop.hive.metastore.RetryingHMSHandler.invokeInternal(RetryingHMSHandler.java:147)
	at org.apache.hadoop.hive.metastore.RetryingHMSHandler.invoke(RetryingHMSHandler.java:108)
	at com.sun.proxy.$Proxy35.drop_database(Unknown Source)
	at org.apache.hadoop.hive.metastore.HiveMetaStoreClient.dropDatabaseCascadePerDb(HiveMetaStoreClient.java:1601)
	at org.apache.hadoop.hive.metastore.HiveMetaStoreClient.dropDatabase(HiveMetaStoreClient.java:1532)
	at org.apache.hadoop.hive.metastore.HiveMetaStoreClient.dropDatabase(HiveMetaStoreClient.java:1485)
	at sun.reflect.NativeMethodAccessorImpl.invoke0(Native Method)
	at sun.reflect.NativeMethodAccessorImpl.invoke(NativeMethodAccessorImpl.java:62)
	at sun.reflect.DelegatingMethodAccessorImpl.invoke(DelegatingMethodAccessorImpl.java:43)
	at java.lang.reflect.Method.invoke(Method.java:498)
	at org.apache.hadoop.hive.metastore.RetryingMetaStoreClient.invoke(RetryingMetaStoreClient.java:218)
	at com.sun.proxy.$Proxy45.dropDatabase(Unknown Source)
	at org.apache.hadoop.hive.ql.metadata.Hive.dropDatabase(Hive.java:662)
	at org.apache.hadoop.hive.ql.ddl.database.drop.DropDatabaseOperation.execute(DropDatabaseOperation.java:52)
	at org.apache.hadoop.hive.ql.ddl.DDLTask.execute(DDLTask.java:84)
	at org.apache.hadoop.hive.ql.exec.Task.executeTask(Task.java:212)
	at org.apache.hadoop.hive.ql.exec.TaskRunner.runSequential(TaskRunner.java:105)
	at org.apache.hadoop.hive.ql.Executor.launchTask(Executor.java:361)
	at org.apache.hadoop.hive.ql.Executor.launchTasks(Executor.java:334)
	at org.apache.hadoop.hive.ql.Executor.runTasks(Executor.java:245)
	at org.apache.hadoop.hive.ql.Executor.execute(Executor.java:108)
	at org.apache.hadoop.hive.ql.Driver.execute(Driver.java:348)
	at org.apache.hadoop.hive.ql.Driver.runInternal(Driver.java:204)
	at org.apache.hadoop.hive.ql.Driver.run(Driver.java:153)
	at org.apache.hadoop.hive.ql.Driver.run(Driver.java:148)
	at org.apache.hadoop.hive.ql.reexec.ReExecDriver.run(ReExecDriver.java:164)
	at org.apache.hadoop.hive.ql.reexec.ReExecDriver.run(ReExecDriver.java:230)
	at org.apache.hive.hcatalog.pig.AbstractHCatLoaderTest.executeStatementOnDriver(AbstractHCatLoaderTest.java:151)
	at org.apache.hive.hcatalog.pig.AbstractHCatLoaderTest.tearDown(AbstractHCatLoaderTest.java:239)
	at sun.reflect.NativeMethodAccessorImpl.invoke0(Native Method)
	at sun.reflect.NativeMethodAccessorImpl.invoke(NativeMethodAccessorImpl.java:62)
	at sun.reflect.DelegatingMethodAccessorImpl.invoke(DelegatingMethodAccessorImpl.java:43)
	at java.lang.reflect.Method.invoke(Method.java:498)
	at org.junit.runners.model.FrameworkMethod$1.runReflectiveCall(FrameworkMethod.java:59)
	at org.junit.internal.runners.model.ReflectiveCallable.run(ReflectiveCallable.java:12)
	at org.junit.runners.model.FrameworkMethod.invokeExplosively(FrameworkMethod.java:56)
	at org.junit.internal.runners.statements.RunAfters.invokeMethod(RunAfters.java:46)
	at org.junit.internal.runners.statements.RunAfters.evaluate(RunAfters.java:33)
	at org.junit.runners.ParentRunner$3.evaluate(ParentRunner.java:306)
	at org.junit.runners.BlockJUnit4ClassRunner$1.evaluate(BlockJUnit4ClassRunner.java:100)
	at org.junit.runners.ParentRunner.runLeaf(ParentRunner.java:366)
	at org.junit.runners.BlockJUnit4ClassRunner.runChild(BlockJUnit4ClassRunner.java:103)
	at org.junit.runners.BlockJUnit4ClassRunner.runChild(BlockJUnit4ClassRunner.java:63)
	at org.junit.runners.ParentRunner$4.run(ParentRunner.java:331)
	at org.junit.runners.ParentRunner$1.schedule(ParentRunner.java:79)
	at org.junit.runners.ParentRunner.runChildren(ParentRunner.java:329)
	at org.junit.runners.ParentRunner.access$100(ParentRunner.java:66)
	at org.junit.runners.ParentRunner$2.evaluate(ParentRunner.java:293)
	at org.junit.internal.runners.statements.RunBefores.evaluate(RunBefores.java:26)
	at org.junit.runners.ParentRunner$3.evaluate(ParentRunner.java:306)
	at org.junit.runners.ParentRunner.run(ParentRunner.java:413)
	at org.junit.runners.Suite.runChild(Suite.java:128)
	at org.junit.runners.Suite.runChild(Suite.java:27)
	at org.junit.runners.ParentRunner$4.run(ParentRunner.java:331)
	at org.junit.runners.ParentRunner$1.schedule(ParentRunner.java:79)
	at org.junit.runners.ParentRunner.runChildren(ParentRunner.java:329)
	at org.junit.runners.ParentRunner.access$100(ParentRunner.java:66)
	at org.junit.runners.ParentRunner$2.evaluate(ParentRunner.java:293)
	at org.junit.runners.ParentRunner$3.evaluate(ParentRunner.java:306)
	at org.junit.runners.ParentRunner.run(ParentRunner.java:413)
	at org.apache.maven.surefire.junitcore.JUnitCore.run(JUnitCore.java:55)
	at org.apache.maven.surefire.junitcore.JUnitCoreWrapper.createRequestAndRun(JUnitCoreWrapper.java:137)
	at org.apache.maven.surefire.junitcore.JUnitCoreWrapper.executeEager(JUnitCoreWrapper.java:107)
	at org.apache.maven.surefire.junitcore.JUnitCoreWrapper.execute(JUnitCoreWrapper.java:83)
	at org.apache.maven.surefire.junitcore.JUnitCoreWrapper.execute(JUnitCoreWrapper.java:75)
	at org.apache.maven.surefire.junitcore.JUnitCoreProvider.invoke(JUnitCoreProvider.java:158)
	at org.apache.maven.surefire.booter.ForkedBooter.runSuitesInProcess(ForkedBooter.java:377)
	at org.apache.maven.surefire.booter.ForkedBooter.execute(ForkedBooter.java:138)
	at org.apache.maven.surefire.booter.ForkedBooter.run(ForkedBooter.java:465)
	at org.apache.maven.surefire.booter.ForkedBooter.main(ForkedBooter.java:451)
NestedThrowablesStackTrace:
java.sql.BatchUpdateException: DELETE on table 'DBS' caused a violation of foreign key constraint 'TBLS_FK1' for key (3).  The statement has been rolled back.
	at org.apache.derby.impl.jdbc.EmbedStatement.executeLargeBatch(Unknown Source)
	at org.apache.derby.impl.jdbc.EmbedStatement.executeBatch(Unknown Source)
	at com.zaxxer.hikari.pool.ProxyStatement.executeBatch(ProxyStatement.java:128)
	at com.zaxxer.hikari.pool.HikariProxyPreparedStatement.executeBatch(HikariProxyPreparedStatement.java)
	at org.datanucleus.store.rdbms.ParamLoggingPreparedStatement.executeBatch(ParamLoggingPreparedStatement.java:366)
	at org.datanucleus.store.rdbms.SQLController.processConnectionStatement(SQLController.java:675)
	at org.datanucleus.store.rdbms.SQLController.processStatementsForConnection(SQLController.java:643)
	at org.datanucleus.store.rdbms.SQLController$1.transactionFlushed(SQLController.java:729)
	at org.datanucleus.store.connection.AbstractManagedConnection.transactionFlushed(AbstractManagedConnection.java:95)
	at org.datanucleus.store.connection.ConnectionManagerImpl$2.transactionFlushed(ConnectionManagerImpl.java:528)
	at org.datanucleus.TransactionImpl.flush(TransactionImpl.java:222)
	at org.datanucleus.TransactionImpl.commit(TransactionImpl.java:286)
	at org.datanucleus.api.jdo.JDOTransaction.commit(JDOTransaction.java:99)
	at org.apache.hadoop.hive.metastore.ObjectStore.commitTransaction(ObjectStore.java:615)
	at sun.reflect.GeneratedMethodAccessor31.invoke(Unknown Source)
	at sun.reflect.DelegatingMethodAccessorImpl.invoke(DelegatingMethodAccessorImpl.java:43)
	at java.lang.reflect.Method.invoke(Method.java:498)
	at org.apache.hadoop.hive.metastore.RawStoreProxy.invoke(RawStoreProxy.java:97)
	at com.sun.proxy.$Proxy32.commitTransaction(Unknown Source)
	at org.apache.hadoop.hive.metastore.HMSHandler.drop_database_core(HMSHandler.java:1790)
	at org.apache.hadoop.hive.metastore.HMSHandler.drop_database(HMSHandler.java:1869)
	at sun.reflect.GeneratedMethodAccessor54.invoke(Unknown Source)
	at sun.reflect.DelegatingMethodAccessorImpl.invoke(DelegatingMethodAccessorImpl.java:43)
	at java.lang.reflect.Method.invoke(Method.java:498)
	at org.apache.hadoop.hive.metastore.RetryingHMSHandler.invokeInternal(RetryingHMSHandler.java:147)
	at org.apache.hadoop.hive.metastore.RetryingHMSHandler.invoke(RetryingHMSHandler.java:108)
	at com.sun.proxy.$Proxy35.drop_database(Unknown Source)
	at org.apache.hadoop.hive.metastore.HiveMetaStoreClient.dropDatabaseCascadePerDb(HiveMetaStoreClient.java:1601)
	at org.apache.hadoop.hive.metastore.HiveMetaStoreClient.dropDatabase(HiveMetaStoreClient.java:1532)
	at org.apache.hadoop.hive.metastore.HiveMetaStoreClient.dropDatabase(HiveMetaStoreClient.java:1485)
	at sun.reflect.NativeMethodAccessorImpl.invoke0(Native Method)
	at sun.reflect.NativeMethodAccessorImpl.invoke(NativeMethodAccessorImpl.java:62)
	at sun.reflect.DelegatingMethodAccessorImpl.invoke(DelegatingMethodAccessorImpl.java:43)
	at java.lang.reflect.Method.invoke(Method.java:498)
	at org.apache.hadoop.hive.metastore.RetryingMetaStoreClient.invoke(RetryingMetaStoreClient.java:218)
	at com.sun.proxy.$Proxy45.dropDatabase(Unknown Source)
	at org.apache.hadoop.hive.ql.metadata.Hive.dropDatabase(Hive.java:662)
	at org.apache.hadoop.hive.ql.ddl.database.drop.DropDatabaseOperation.execute(DropDatabaseOperation.java:52)
	at org.apache.hadoop.hive.ql.ddl.DDLTask.execute(DDLTask.java:84)
	at org.apache.hadoop.hive.ql.exec.Task.executeTask(Task.java:212)
	at org.apache.hadoop.hive.ql.exec.TaskRunner.runSequential(TaskRunner.java:105)
	at org.apache.hadoop.hive.ql.Executor.launchTask(Executor.java:361)
	at org.apache.hadoop.hive.ql.Executor.launchTasks(Executor.java:334)
	at org.apache.hadoop.hive.ql.Executor.runTasks(Executor.java:245)
	at org.apache.hadoop.hive.ql.Executor.execute(Executor.java:108)
	at org.apache.hadoop.hive.ql.Driver.execute(Driver.java:348)
	at org.apache.hadoop.hive.ql.Driver.runInternal(Driver.java:204)
	at org.apache.hadoop.hive.ql.Driver.run(Driver.java:153)
	at org.apache.hadoop.hive.ql.Driver.run(Driver.java:148)
	at org.apache.hadoop.hive.ql.reexec.ReExecDriver.run(ReExecDriver.java:164)
	at org.apache.hadoop.hive.ql.reexec.ReExecDriver.run(ReExecDriver.java:230)
	at org.apache.hive.hcatalog.pig.AbstractHCatLoaderTest.executeStatementOnDriver(AbstractHCatLoaderTest.java:151)
	at org.apache.hive.hcatalog.pig.AbstractHCatLoaderTest.tearDown(AbstractHCatLoaderTest.java:239)
	at sun.reflect.NativeMethodAccessorImpl.invoke0(Native Method)
	at sun.reflect.NativeMethodAccessorImpl.invoke(NativeMethodAccessorImpl.java:62)
	at sun.reflect.DelegatingMethodAccessorImpl.invoke(DelegatingMethodAccessorImpl.java:43)
	at java.lang.reflect.Method.invoke(Method.java:498)
	at org.junit.runners.model.FrameworkMethod$1.runReflectiveCall(FrameworkMethod.java:59)
	at org.junit.internal.runners.model.ReflectiveCallable.run(ReflectiveCallable.java:12)
	at org.junit.runners.model.FrameworkMethod.invokeExplosively(FrameworkMethod.java:56)
	at org.junit.internal.runners.statements.RunAfters.invokeMethod(RunAfters.java:46)
	at org.junit.internal.runners.statements.RunAfters.evaluate(RunAfters.java:33)
	at org.junit.runners.ParentRunner$3.evaluate(ParentRunner.java:306)
	at org.junit.runners.BlockJUnit4ClassRunner$1.evaluate(BlockJUnit4ClassRunner.java:100)
	at org.junit.runners.ParentRunner.runLeaf(ParentRunner.java:366)
	at org.junit.runners.BlockJUnit4ClassRunner.runChild(BlockJUnit4ClassRunner.java:103)
	at org.junit.runners.BlockJUnit4ClassRunner.runChild(BlockJUnit4ClassRunner.java:63)
	at org.junit.runners.ParentRunner$4.run(ParentRunner.java:331)
	at org.junit.runners.ParentRunner$1.schedule(ParentRunner.java:79)
	at org.junit.runners.ParentRunner.runChildren(ParentRunner.java:329)
	at org.junit.runners.ParentRunner.access$100(ParentRunner.java:66)
	at org.junit.runners.ParentRunner$2.evaluate(ParentRunner.java:293)
	at org.junit.internal.runners.statements.RunBefores.evaluate(RunBefores.java:26)
	at org.junit.runners.ParentRunner$3.evaluate(ParentRunner.java:306)
	at org.junit.runners.ParentRunner.run(ParentRunner.java:413)
	at org.junit.runners.Suite.runChild(Suite.java:128)
	at org.junit.runners.Suite.runChild(Suite.java:27)
	at org.junit.runners.ParentRunner$4.run(ParentRunner.java:331)
	at org.junit.runners.ParentRunner$1.schedule(ParentRunner.java:79)
	at org.junit.runners.ParentRunner.runChildren(ParentRunner.java:329)
	at org.junit.runners.ParentRunner.access$100(ParentRunner.java:66)
	at org.junit.runners.ParentRunner$2.evaluate(ParentRunner.java:293)
	at org.junit.runners.ParentRunner$3.evaluate(ParentRunner.java:306)
	at org.junit.runners.ParentRunner.run(ParentRunner.java:413)
	at org.apache.maven.surefire.junitcore.JUnitCore.run(JUnitCore.java:55)
	at org.apache.maven.surefire.junitcore.JUnitCoreWrapper.createRequestAndRun(JUnitCoreWrapper.java:137)
	at org.apache.maven.surefire.junitcore.JUnitCoreWrapper.executeEager(JUnitCoreWrapper.java:107)
	at org.apache.maven.surefire.junitcore.JUnitCoreWrapper.execute(JUnitCoreWrapper.java:83)
	at org.apache.maven.surefire.junitcore.JUnitCoreWrapper.execute(JUnitCoreWrapper.java:75)
	at org.apache.maven.surefire.junitcore.JUnitCoreProvider.invoke(JUnitCoreProvider.java:158)
	at org.apache.maven.surefire.booter.ForkedBooter.runSuitesInProcess(ForkedBooter.java:377)
	at org.apache.maven.surefire.booter.ForkedBooter.execute(ForkedBooter.java:138)
	at org.apache.maven.surefire.booter.ForkedBooter.run(ForkedBooter.java:465)
	at org.apache.maven.surefire.booter.ForkedBooter.main(ForkedBooter.java:451)
Caused by: org.apache.derby.shared.common.error.DerbySQLIntegrityConstraintViolationException: DELETE on table 'DBS' caused a violation of foreign key constraint 'TBLS_FK1' for key (3).  The statement has been rolled back.
	at org.apache.derby.impl.jdbc.SQLExceptionFactory.getSQLException(Unknown Source)
	at org.apache.derby.impl.jdbc.Util.generateCsSQLException(Unknown Source)
	at org.apache.derby.impl.jdbc.TransactionResourceImpl.wrapInSQLException(Unknown Source)
	at org.apache.derby.impl.jdbc.TransactionResourceImpl.handleException(Unknown Source)
	at org.apache.derby.impl.jdbc.EmbedConnection.handleException(Unknown Source)
	at org.apache.derby.impl.jdbc.ConnectionChild.handleException(Unknown Source)
	at org.apache.derby.impl.jdbc.EmbedStatement.executeStatement(Unknown Source)
	at org.apache.derby.impl.jdbc.EmbedPreparedStatement.executeBatchElement(Unknown Source)
	... 94 more
Caused by: ERROR 23503: DELETE on table 'DBS' caused a violation of foreign key constraint 'TBLS_FK1' for key (3).  The statement has been rolled back.
	at org.apache.derby.iapi.error.StandardException.newException(Unknown Source)
	at org.apache.derby.iapi.error.StandardException.newException(Unknown Source)
	at org.apache.derby.impl.sql.execute.ReferencedKeyRIChecker.doCheck(Unknown Source)
	at org.apache.derby.impl.sql.execute.RISetChecker.doPKCheck(Unknown Source)
	at org.apache.derby.impl.sql.execute.DeleteResultSet.collectAffectedRows(Unknown Source)
	at org.apache.derby.impl.sql.execute.DeleteResultSet.open(Unknown Source)
	at org.apache.derby.impl.sql.GenericPreparedStatement.executeStmt(Unknown Source)
	at org.apache.derby.impl.sql.GenericPreparedStatement.execute(Unknown Source)
	... 96 more

2024-04-24T11:29:20,528  INFO [main] HiveMetaStore.audit: ugi=alex	ip=unknown-ip-addr	cmd=drop_database: @hive#junit_specific_db	
2024-04-24T11:29:20,533  INFO [main] HiveMetaStore.audit: ugi=alex	ip=unknown-ip-addr	cmd=get_all_tables: db=@hive#junit_specific_db	
2024-04-24T11:29:20,536  INFO [main] HiveMetaStore.audit: ugi=alex	ip=unknown-ip-addr	cmd=get_functions: db=@hive#junit_specific_db pat=*	
2024-04-24T11:29:20,544  INFO [main] HiveMetaStore.audit: ugi=alex	ip=unknown-ip-addr	cmd=get_all_stored_procedures	
2024-04-24T11:29:20,548  INFO [main] HiveMetaStore.audit: ugi=alex	ip=unknown-ip-addr	cmd=get_all_packages	
2024-04-24T11:29:20,553  INFO [main] HiveMetaStore.audit: ugi=alex	ip=unknown-ip-addr	cmd=getTablesByTypeCore: catName=hive: db=junit_specific_db pat=.*,type=MATERIALIZED_VIEW	
2024-04-24T11:29:20,567  INFO [main] metastore.ObjectStore: Dropping database hive.junit_specific_db along with all tables
2024-04-24T11:29:20,578  INFO [main] txn.TxnHandler: Non-retryable error in cleanupRecords : Table/View 'TXN_COMPONENTS' does not exist. (SQLState=42X05, ErrorCode=20000)
2024-04-24T11:29:20,578  WARN [main] txn.TxnHandler: Cannot perform cleanup since metastore table does not exist
2024-04-24T11:29:20,580 ERROR [main] metastore.RetryingHMSHandler: Retrying HMSHandler after 2000 ms (attempt 2 of 10) with error: javax.jdo.JDODataStoreException: Exception thrown flushing changes to datastore
	at org.datanucleus.api.jdo.NucleusJDOHelper.getJDOExceptionForNucleusException(NucleusJDOHelper.java:542)
	at org.datanucleus.api.jdo.JDOTransaction.commit(JDOTransaction.java:162)
	at org.apache.hadoop.hive.metastore.ObjectStore.commitTransaction(ObjectStore.java:615)
	at sun.reflect.GeneratedMethodAccessor31.invoke(Unknown Source)
	at sun.reflect.DelegatingMethodAccessorImpl.invoke(DelegatingMethodAccessorImpl.java:43)
	at java.lang.reflect.Method.invoke(Method.java:498)
	at org.apache.hadoop.hive.metastore.RawStoreProxy.invoke(RawStoreProxy.java:97)
	at com.sun.proxy.$Proxy32.commitTransaction(Unknown Source)
	at org.apache.hadoop.hive.metastore.HMSHandler.drop_database_core(HMSHandler.java:1790)
	at org.apache.hadoop.hive.metastore.HMSHandler.drop_database(HMSHandler.java:1869)
	at sun.reflect.GeneratedMethodAccessor54.invoke(Unknown Source)
	at sun.reflect.DelegatingMethodAccessorImpl.invoke(DelegatingMethodAccessorImpl.java:43)
	at java.lang.reflect.Method.invoke(Method.java:498)
	at org.apache.hadoop.hive.metastore.RetryingHMSHandler.invokeInternal(RetryingHMSHandler.java:147)
	at org.apache.hadoop.hive.metastore.RetryingHMSHandler.invoke(RetryingHMSHandler.java:108)
	at com.sun.proxy.$Proxy35.drop_database(Unknown Source)
	at org.apache.hadoop.hive.metastore.HiveMetaStoreClient.dropDatabaseCascadePerDb(HiveMetaStoreClient.java:1601)
	at org.apache.hadoop.hive.metastore.HiveMetaStoreClient.dropDatabase(HiveMetaStoreClient.java:1532)
	at org.apache.hadoop.hive.metastore.HiveMetaStoreClient.dropDatabase(HiveMetaStoreClient.java:1485)
	at sun.reflect.NativeMethodAccessorImpl.invoke0(Native Method)
	at sun.reflect.NativeMethodAccessorImpl.invoke(NativeMethodAccessorImpl.java:62)
	at sun.reflect.DelegatingMethodAccessorImpl.invoke(DelegatingMethodAccessorImpl.java:43)
	at java.lang.reflect.Method.invoke(Method.java:498)
	at org.apache.hadoop.hive.metastore.RetryingMetaStoreClient.invoke(RetryingMetaStoreClient.java:218)
	at com.sun.proxy.$Proxy45.dropDatabase(Unknown Source)
	at org.apache.hadoop.hive.ql.metadata.Hive.dropDatabase(Hive.java:662)
	at org.apache.hadoop.hive.ql.ddl.database.drop.DropDatabaseOperation.execute(DropDatabaseOperation.java:52)
	at org.apache.hadoop.hive.ql.ddl.DDLTask.execute(DDLTask.java:84)
	at org.apache.hadoop.hive.ql.exec.Task.executeTask(Task.java:212)
	at org.apache.hadoop.hive.ql.exec.TaskRunner.runSequential(TaskRunner.java:105)
	at org.apache.hadoop.hive.ql.Executor.launchTask(Executor.java:361)
	at org.apache.hadoop.hive.ql.Executor.launchTasks(Executor.java:334)
	at org.apache.hadoop.hive.ql.Executor.runTasks(Executor.java:245)
	at org.apache.hadoop.hive.ql.Executor.execute(Executor.java:108)
	at org.apache.hadoop.hive.ql.Driver.execute(Driver.java:348)
	at org.apache.hadoop.hive.ql.Driver.runInternal(Driver.java:204)
	at org.apache.hadoop.hive.ql.Driver.run(Driver.java:153)
	at org.apache.hadoop.hive.ql.Driver.run(Driver.java:148)
	at org.apache.hadoop.hive.ql.reexec.ReExecDriver.run(ReExecDriver.java:164)
	at org.apache.hadoop.hive.ql.reexec.ReExecDriver.run(ReExecDriver.java:230)
	at org.apache.hive.hcatalog.pig.AbstractHCatLoaderTest.executeStatementOnDriver(AbstractHCatLoaderTest.java:151)
	at org.apache.hive.hcatalog.pig.AbstractHCatLoaderTest.tearDown(AbstractHCatLoaderTest.java:239)
	at sun.reflect.NativeMethodAccessorImpl.invoke0(Native Method)
	at sun.reflect.NativeMethodAccessorImpl.invoke(NativeMethodAccessorImpl.java:62)
	at sun.reflect.DelegatingMethodAccessorImpl.invoke(DelegatingMethodAccessorImpl.java:43)
	at java.lang.reflect.Method.invoke(Method.java:498)
	at org.junit.runners.model.FrameworkMethod$1.runReflectiveCall(FrameworkMethod.java:59)
	at org.junit.internal.runners.model.ReflectiveCallable.run(ReflectiveCallable.java:12)
	at org.junit.runners.model.FrameworkMethod.invokeExplosively(FrameworkMethod.java:56)
	at org.junit.internal.runners.statements.RunAfters.invokeMethod(RunAfters.java:46)
	at org.junit.internal.runners.statements.RunAfters.evaluate(RunAfters.java:33)
	at org.junit.runners.ParentRunner$3.evaluate(ParentRunner.java:306)
	at org.junit.runners.BlockJUnit4ClassRunner$1.evaluate(BlockJUnit4ClassRunner.java:100)
	at org.junit.runners.ParentRunner.runLeaf(ParentRunner.java:366)
	at org.junit.runners.BlockJUnit4ClassRunner.runChild(BlockJUnit4ClassRunner.java:103)
	at org.junit.runners.BlockJUnit4ClassRunner.runChild(BlockJUnit4ClassRunner.java:63)
	at org.junit.runners.ParentRunner$4.run(ParentRunner.java:331)
	at org.junit.runners.ParentRunner$1.schedule(ParentRunner.java:79)
	at org.junit.runners.ParentRunner.runChildren(ParentRunner.java:329)
	at org.junit.runners.ParentRunner.access$100(ParentRunner.java:66)
	at org.junit.runners.ParentRunner$2.evaluate(ParentRunner.java:293)
	at org.junit.internal.runners.statements.RunBefores.evaluate(RunBefores.java:26)
	at org.junit.runners.ParentRunner$3.evaluate(ParentRunner.java:306)
	at org.junit.runners.ParentRunner.run(ParentRunner.java:413)
	at org.junit.runners.Suite.runChild(Suite.java:128)
	at org.junit.runners.Suite.runChild(Suite.java:27)
	at org.junit.runners.ParentRunner$4.run(ParentRunner.java:331)
	at org.junit.runners.ParentRunner$1.schedule(ParentRunner.java:79)
	at org.junit.runners.ParentRunner.runChildren(ParentRunner.java:329)
	at org.junit.runners.ParentRunner.access$100(ParentRunner.java:66)
	at org.junit.runners.ParentRunner$2.evaluate(ParentRunner.java:293)
	at org.junit.runners.ParentRunner$3.evaluate(ParentRunner.java:306)
	at org.junit.runners.ParentRunner.run(ParentRunner.java:413)
	at org.apache.maven.surefire.junitcore.JUnitCore.run(JUnitCore.java:55)
	at org.apache.maven.surefire.junitcore.JUnitCoreWrapper.createRequestAndRun(JUnitCoreWrapper.java:137)
	at org.apache.maven.surefire.junitcore.JUnitCoreWrapper.executeEager(JUnitCoreWrapper.java:107)
	at org.apache.maven.surefire.junitcore.JUnitCoreWrapper.execute(JUnitCoreWrapper.java:83)
	at org.apache.maven.surefire.junitcore.JUnitCoreWrapper.execute(JUnitCoreWrapper.java:75)
	at org.apache.maven.surefire.junitcore.JUnitCoreProvider.invoke(JUnitCoreProvider.java:158)
	at org.apache.maven.surefire.booter.ForkedBooter.runSuitesInProcess(ForkedBooter.java:377)
	at org.apache.maven.surefire.booter.ForkedBooter.execute(ForkedBooter.java:138)
	at org.apache.maven.surefire.booter.ForkedBooter.run(ForkedBooter.java:465)
	at org.apache.maven.surefire.booter.ForkedBooter.main(ForkedBooter.java:451)
NestedThrowablesStackTrace:
java.sql.BatchUpdateException: DELETE on table 'DBS' caused a violation of foreign key constraint 'TBLS_FK1' for key (3).  The statement has been rolled back.
	at org.apache.derby.impl.jdbc.EmbedStatement.executeLargeBatch(Unknown Source)
	at org.apache.derby.impl.jdbc.EmbedStatement.executeBatch(Unknown Source)
	at com.zaxxer.hikari.pool.ProxyStatement.executeBatch(ProxyStatement.java:128)
	at com.zaxxer.hikari.pool.HikariProxyPreparedStatement.executeBatch(HikariProxyPreparedStatement.java)
	at org.datanucleus.store.rdbms.ParamLoggingPreparedStatement.executeBatch(ParamLoggingPreparedStatement.java:366)
	at org.datanucleus.store.rdbms.SQLController.processConnectionStatement(SQLController.java:675)
	at org.datanucleus.store.rdbms.SQLController.processStatementsForConnection(SQLController.java:643)
	at org.datanucleus.store.rdbms.SQLController$1.transactionFlushed(SQLController.java:729)
	at org.datanucleus.store.connection.AbstractManagedConnection.transactionFlushed(AbstractManagedConnection.java:95)
	at org.datanucleus.store.connection.ConnectionManagerImpl$2.transactionFlushed(ConnectionManagerImpl.java:528)
	at org.datanucleus.TransactionImpl.flush(TransactionImpl.java:222)
	at org.datanucleus.TransactionImpl.commit(TransactionImpl.java:286)
	at org.datanucleus.api.jdo.JDOTransaction.commit(JDOTransaction.java:99)
	at org.apache.hadoop.hive.metastore.ObjectStore.commitTransaction(ObjectStore.java:615)
	at sun.reflect.GeneratedMethodAccessor31.invoke(Unknown Source)
	at sun.reflect.DelegatingMethodAccessorImpl.invoke(DelegatingMethodAccessorImpl.java:43)
	at java.lang.reflect.Method.invoke(Method.java:498)
	at org.apache.hadoop.hive.metastore.RawStoreProxy.invoke(RawStoreProxy.java:97)
	at com.sun.proxy.$Proxy32.commitTransaction(Unknown Source)
	at org.apache.hadoop.hive.metastore.HMSHandler.drop_database_core(HMSHandler.java:1790)
	at org.apache.hadoop.hive.metastore.HMSHandler.drop_database(HMSHandler.java:1869)
	at sun.reflect.GeneratedMethodAccessor54.invoke(Unknown Source)
	at sun.reflect.DelegatingMethodAccessorImpl.invoke(DelegatingMethodAccessorImpl.java:43)
	at java.lang.reflect.Method.invoke(Method.java:498)
	at org.apache.hadoop.hive.metastore.RetryingHMSHandler.invokeInternal(RetryingHMSHandler.java:147)
	at org.apache.hadoop.hive.metastore.RetryingHMSHandler.invoke(RetryingHMSHandler.java:108)
	at com.sun.proxy.$Proxy35.drop_database(Unknown Source)
	at org.apache.hadoop.hive.metastore.HiveMetaStoreClient.dropDatabaseCascadePerDb(HiveMetaStoreClient.java:1601)
	at org.apache.hadoop.hive.metastore.HiveMetaStoreClient.dropDatabase(HiveMetaStoreClient.java:1532)
	at org.apache.hadoop.hive.metastore.HiveMetaStoreClient.dropDatabase(HiveMetaStoreClient.java:1485)
	at sun.reflect.NativeMethodAccessorImpl.invoke0(Native Method)
	at sun.reflect.NativeMethodAccessorImpl.invoke(NativeMethodAccessorImpl.java:62)
	at sun.reflect.DelegatingMethodAccessorImpl.invoke(DelegatingMethodAccessorImpl.java:43)
	at java.lang.reflect.Method.invoke(Method.java:498)
	at org.apache.hadoop.hive.metastore.RetryingMetaStoreClient.invoke(RetryingMetaStoreClient.java:218)
	at com.sun.proxy.$Proxy45.dropDatabase(Unknown Source)
	at org.apache.hadoop.hive.ql.metadata.Hive.dropDatabase(Hive.java:662)
	at org.apache.hadoop.hive.ql.ddl.database.drop.DropDatabaseOperation.execute(DropDatabaseOperation.java:52)
	at org.apache.hadoop.hive.ql.ddl.DDLTask.execute(DDLTask.java:84)
	at org.apache.hadoop.hive.ql.exec.Task.executeTask(Task.java:212)
	at org.apache.hadoop.hive.ql.exec.TaskRunner.runSequential(TaskRunner.java:105)
	at org.apache.hadoop.hive.ql.Executor.launchTask(Executor.java:361)
	at org.apache.hadoop.hive.ql.Executor.launchTasks(Executor.java:334)
	at org.apache.hadoop.hive.ql.Executor.runTasks(Executor.java:245)
	at org.apache.hadoop.hive.ql.Executor.execute(Executor.java:108)
	at org.apache.hadoop.hive.ql.Driver.execute(Driver.java:348)
	at org.apache.hadoop.hive.ql.Driver.runInternal(Driver.java:204)
	at org.apache.hadoop.hive.ql.Driver.run(Driver.java:153)
	at org.apache.hadoop.hive.ql.Driver.run(Driver.java:148)
	at org.apache.hadoop.hive.ql.reexec.ReExecDriver.run(ReExecDriver.java:164)
	at org.apache.hadoop.hive.ql.reexec.ReExecDriver.run(ReExecDriver.java:230)
	at org.apache.hive.hcatalog.pig.AbstractHCatLoaderTest.executeStatementOnDriver(AbstractHCatLoaderTest.java:151)
	at org.apache.hive.hcatalog.pig.AbstractHCatLoaderTest.tearDown(AbstractHCatLoaderTest.java:239)
	at sun.reflect.NativeMethodAccessorImpl.invoke0(Native Method)
	at sun.reflect.NativeMethodAccessorImpl.invoke(NativeMethodAccessorImpl.java:62)
	at sun.reflect.DelegatingMethodAccessorImpl.invoke(DelegatingMethodAccessorImpl.java:43)
	at java.lang.reflect.Method.invoke(Method.java:498)
	at org.junit.runners.model.FrameworkMethod$1.runReflectiveCall(FrameworkMethod.java:59)
	at org.junit.internal.runners.model.ReflectiveCallable.run(ReflectiveCallable.java:12)
	at org.junit.runners.model.FrameworkMethod.invokeExplosively(FrameworkMethod.java:56)
	at org.junit.internal.runners.statements.RunAfters.invokeMethod(RunAfters.java:46)
	at org.junit.internal.runners.statements.RunAfters.evaluate(RunAfters.java:33)
	at org.junit.runners.ParentRunner$3.evaluate(ParentRunner.java:306)
	at org.junit.runners.BlockJUnit4ClassRunner$1.evaluate(BlockJUnit4ClassRunner.java:100)
	at org.junit.runners.ParentRunner.runLeaf(ParentRunner.java:366)
	at org.junit.runners.BlockJUnit4ClassRunner.runChild(BlockJUnit4ClassRunner.java:103)
	at org.junit.runners.BlockJUnit4ClassRunner.runChild(BlockJUnit4ClassRunner.java:63)
	at org.junit.runners.ParentRunner$4.run(ParentRunner.java:331)
	at org.junit.runners.ParentRunner$1.schedule(ParentRunner.java:79)
	at org.junit.runners.ParentRunner.runChildren(ParentRunner.java:329)
	at org.junit.runners.ParentRunner.access$100(ParentRunner.java:66)
	at org.junit.runners.ParentRunner$2.evaluate(ParentRunner.java:293)
	at org.junit.internal.runners.statements.RunBefores.evaluate(RunBefores.java:26)
	at org.junit.runners.ParentRunner$3.evaluate(ParentRunner.java:306)
	at org.junit.runners.ParentRunner.run(ParentRunner.java:413)
	at org.junit.runners.Suite.runChild(Suite.java:128)
	at org.junit.runners.Suite.runChild(Suite.java:27)
	at org.junit.runners.ParentRunner$4.run(ParentRunner.java:331)
	at org.junit.runners.ParentRunner$1.schedule(ParentRunner.java:79)
	at org.junit.runners.ParentRunner.runChildren(ParentRunner.java:329)
	at org.junit.runners.ParentRunner.access$100(ParentRunner.java:66)
	at org.junit.runners.ParentRunner$2.evaluate(ParentRunner.java:293)
	at org.junit.runners.ParentRunner$3.evaluate(ParentRunner.java:306)
	at org.junit.runners.ParentRunner.run(ParentRunner.java:413)
	at org.apache.maven.surefire.junitcore.JUnitCore.run(JUnitCore.java:55)
	at org.apache.maven.surefire.junitcore.JUnitCoreWrapper.createRequestAndRun(JUnitCoreWrapper.java:137)
	at org.apache.maven.surefire.junitcore.JUnitCoreWrapper.executeEager(JUnitCoreWrapper.java:107)
	at org.apache.maven.surefire.junitcore.JUnitCoreWrapper.execute(JUnitCoreWrapper.java:83)
	at org.apache.maven.surefire.junitcore.JUnitCoreWrapper.execute(JUnitCoreWrapper.java:75)
	at org.apache.maven.surefire.junitcore.JUnitCoreProvider.invoke(JUnitCoreProvider.java:158)
	at org.apache.maven.surefire.booter.ForkedBooter.runSuitesInProcess(ForkedBooter.java:377)
	at org.apache.maven.surefire.booter.ForkedBooter.execute(ForkedBooter.java:138)
	at org.apache.maven.surefire.booter.ForkedBooter.run(ForkedBooter.java:465)
	at org.apache.maven.surefire.booter.ForkedBooter.main(ForkedBooter.java:451)
Caused by: org.apache.derby.shared.common.error.DerbySQLIntegrityConstraintViolationException: DELETE on table 'DBS' caused a violation of foreign key constraint 'TBLS_FK1' for key (3).  The statement has been rolled back.
	at org.apache.derby.impl.jdbc.SQLExceptionFactory.getSQLException(Unknown Source)
	at org.apache.derby.impl.jdbc.Util.generateCsSQLException(Unknown Source)
	at org.apache.derby.impl.jdbc.TransactionResourceImpl.wrapInSQLException(Unknown Source)
	at org.apache.derby.impl.jdbc.TransactionResourceImpl.handleException(Unknown Source)
	at org.apache.derby.impl.jdbc.EmbedConnection.handleException(Unknown Source)
	at org.apache.derby.impl.jdbc.ConnectionChild.handleException(Unknown Source)
	at org.apache.derby.impl.jdbc.EmbedStatement.executeStatement(Unknown Source)
	at org.apache.derby.impl.jdbc.EmbedPreparedStatement.executeBatchElement(Unknown Source)
	... 94 more
Caused by: ERROR 23503: DELETE on table 'DBS' caused a violation of foreign key constraint 'TBLS_FK1' for key (3).  The statement has been rolled back.
	at org.apache.derby.iapi.error.StandardException.newException(Unknown Source)
	at org.apache.derby.iapi.error.StandardException.newException(Unknown Source)
	at org.apache.derby.impl.sql.execute.ReferencedKeyRIChecker.doCheck(Unknown Source)
	at org.apache.derby.impl.sql.execute.RISetChecker.doPKCheck(Unknown Source)
	at org.apache.derby.impl.sql.execute.DeleteResultSet.collectAffectedRows(Unknown Source)
	at org.apache.derby.impl.sql.execute.DeleteResultSet.open(Unknown Source)
	at org.apache.derby.impl.sql.GenericPreparedStatement.executeStmt(Unknown Source)
	at org.apache.derby.impl.sql.GenericPreparedStatement.execute(Unknown Source)
	... 96 more

2024-04-24T11:29:22,581  INFO [main] HiveMetaStore.audit: ugi=alex	ip=unknown-ip-addr	cmd=drop_database: @hive#junit_specific_db	
2024-04-24T11:29:22,585  INFO [main] HiveMetaStore.audit: ugi=alex	ip=unknown-ip-addr	cmd=get_all_tables: db=@hive#junit_specific_db	
2024-04-24T11:29:22,586  INFO [main] HiveMetaStore.audit: ugi=alex	ip=unknown-ip-addr	cmd=get_functions: db=@hive#junit_specific_db pat=*	
2024-04-24T11:29:22,588  INFO [main] HiveMetaStore.audit: ugi=alex	ip=unknown-ip-addr	cmd=get_all_stored_procedures	
2024-04-24T11:29:22,589  INFO [main] HiveMetaStore.audit: ugi=alex	ip=unknown-ip-addr	cmd=get_all_packages	
2024-04-24T11:29:22,591  INFO [main] HiveMetaStore.audit: ugi=alex	ip=unknown-ip-addr	cmd=getTablesByTypeCore: catName=hive: db=junit_specific_db pat=.*,type=MATERIALIZED_VIEW	
2024-04-24T11:29:22,595  INFO [main] metastore.ObjectStore: Dropping database hive.junit_specific_db along with all tables
2024-04-24T11:29:22,602  INFO [main] txn.TxnHandler: Non-retryable error in cleanupRecords : Table/View 'TXN_COMPONENTS' does not exist. (SQLState=42X05, ErrorCode=20000)
2024-04-24T11:29:22,602  WARN [main] txn.TxnHandler: Cannot perform cleanup since metastore table does not exist
2024-04-24T11:29:22,604 ERROR [main] metastore.RetryingHMSHandler: Retrying HMSHandler after 2000 ms (attempt 3 of 10) with error: javax.jdo.JDODataStoreException: Exception thrown flushing changes to datastore
	at org.datanucleus.api.jdo.NucleusJDOHelper.getJDOExceptionForNucleusException(NucleusJDOHelper.java:542)
	at org.datanucleus.api.jdo.JDOTransaction.commit(JDOTransaction.java:162)
	at org.apache.hadoop.hive.metastore.ObjectStore.commitTransaction(ObjectStore.java:615)
	at sun.reflect.GeneratedMethodAccessor31.invoke(Unknown Source)
	at sun.reflect.DelegatingMethodAccessorImpl.invoke(DelegatingMethodAccessorImpl.java:43)
	at java.lang.reflect.Method.invoke(Method.java:498)
	at org.apache.hadoop.hive.metastore.RawStoreProxy.invoke(RawStoreProxy.java:97)
	at com.sun.proxy.$Proxy32.commitTransaction(Unknown Source)
	at org.apache.hadoop.hive.metastore.HMSHandler.drop_database_core(HMSHandler.java:1790)
	at org.apache.hadoop.hive.metastore.HMSHandler.drop_database(HMSHandler.java:1869)
	at sun.reflect.GeneratedMethodAccessor54.invoke(Unknown Source)
	at sun.reflect.DelegatingMethodAccessorImpl.invoke(DelegatingMethodAccessorImpl.java:43)
	at java.lang.reflect.Method.invoke(Method.java:498)
	at org.apache.hadoop.hive.metastore.RetryingHMSHandler.invokeInternal(RetryingHMSHandler.java:147)
	at org.apache.hadoop.hive.metastore.RetryingHMSHandler.invoke(RetryingHMSHandler.java:108)
	at com.sun.proxy.$Proxy35.drop_database(Unknown Source)
	at org.apache.hadoop.hive.metastore.HiveMetaStoreClient.dropDatabaseCascadePerDb(HiveMetaStoreClient.java:1601)
	at org.apache.hadoop.hive.metastore.HiveMetaStoreClient.dropDatabase(HiveMetaStoreClient.java:1532)
	at org.apache.hadoop.hive.metastore.HiveMetaStoreClient.dropDatabase(HiveMetaStoreClient.java:1485)
	at sun.reflect.NativeMethodAccessorImpl.invoke0(Native Method)
	at sun.reflect.NativeMethodAccessorImpl.invoke(NativeMethodAccessorImpl.java:62)
	at sun.reflect.DelegatingMethodAccessorImpl.invoke(DelegatingMethodAccessorImpl.java:43)
	at java.lang.reflect.Method.invoke(Method.java:498)
	at org.apache.hadoop.hive.metastore.RetryingMetaStoreClient.invoke(RetryingMetaStoreClient.java:218)
	at com.sun.proxy.$Proxy45.dropDatabase(Unknown Source)
	at org.apache.hadoop.hive.ql.metadata.Hive.dropDatabase(Hive.java:662)
	at org.apache.hadoop.hive.ql.ddl.database.drop.DropDatabaseOperation.execute(DropDatabaseOperation.java:52)
	at org.apache.hadoop.hive.ql.ddl.DDLTask.execute(DDLTask.java:84)
	at org.apache.hadoop.hive.ql.exec.Task.executeTask(Task.java:212)
	at org.apache.hadoop.hive.ql.exec.TaskRunner.runSequential(TaskRunner.java:105)
	at org.apache.hadoop.hive.ql.Executor.launchTask(Executor.java:361)
	at org.apache.hadoop.hive.ql.Executor.launchTasks(Executor.java:334)
	at org.apache.hadoop.hive.ql.Executor.runTasks(Executor.java:245)
	at org.apache.hadoop.hive.ql.Executor.execute(Executor.java:108)
	at org.apache.hadoop.hive.ql.Driver.execute(Driver.java:348)
	at org.apache.hadoop.hive.ql.Driver.runInternal(Driver.java:204)
	at org.apache.hadoop.hive.ql.Driver.run(Driver.java:153)
	at org.apache.hadoop.hive.ql.Driver.run(Driver.java:148)
	at org.apache.hadoop.hive.ql.reexec.ReExecDriver.run(ReExecDriver.java:164)
	at org.apache.hadoop.hive.ql.reexec.ReExecDriver.run(ReExecDriver.java:230)
	at org.apache.hive.hcatalog.pig.AbstractHCatLoaderTest.executeStatementOnDriver(AbstractHCatLoaderTest.java:151)
	at org.apache.hive.hcatalog.pig.AbstractHCatLoaderTest.tearDown(AbstractHCatLoaderTest.java:239)
	at sun.reflect.NativeMethodAccessorImpl.invoke0(Native Method)
	at sun.reflect.NativeMethodAccessorImpl.invoke(NativeMethodAccessorImpl.java:62)
	at sun.reflect.DelegatingMethodAccessorImpl.invoke(DelegatingMethodAccessorImpl.java:43)
	at java.lang.reflect.Method.invoke(Method.java:498)
	at org.junit.runners.model.FrameworkMethod$1.runReflectiveCall(FrameworkMethod.java:59)
	at org.junit.internal.runners.model.ReflectiveCallable.run(ReflectiveCallable.java:12)
	at org.junit.runners.model.FrameworkMethod.invokeExplosively(FrameworkMethod.java:56)
	at org.junit.internal.runners.statements.RunAfters.invokeMethod(RunAfters.java:46)
	at org.junit.internal.runners.statements.RunAfters.evaluate(RunAfters.java:33)
	at org.junit.runners.ParentRunner$3.evaluate(ParentRunner.java:306)
	at org.junit.runners.BlockJUnit4ClassRunner$1.evaluate(BlockJUnit4ClassRunner.java:100)
	at org.junit.runners.ParentRunner.runLeaf(ParentRunner.java:366)
	at org.junit.runners.BlockJUnit4ClassRunner.runChild(BlockJUnit4ClassRunner.java:103)
	at org.junit.runners.BlockJUnit4ClassRunner.runChild(BlockJUnit4ClassRunner.java:63)
	at org.junit.runners.ParentRunner$4.run(ParentRunner.java:331)
	at org.junit.runners.ParentRunner$1.schedule(ParentRunner.java:79)
	at org.junit.runners.ParentRunner.runChildren(ParentRunner.java:329)
	at org.junit.runners.ParentRunner.access$100(ParentRunner.java:66)
	at org.junit.runners.ParentRunner$2.evaluate(ParentRunner.java:293)
	at org.junit.internal.runners.statements.RunBefores.evaluate(RunBefores.java:26)
	at org.junit.runners.ParentRunner$3.evaluate(ParentRunner.java:306)
	at org.junit.runners.ParentRunner.run(ParentRunner.java:413)
	at org.junit.runners.Suite.runChild(Suite.java:128)
	at org.junit.runners.Suite.runChild(Suite.java:27)
	at org.junit.runners.ParentRunner$4.run(ParentRunner.java:331)
	at org.junit.runners.ParentRunner$1.schedule(ParentRunner.java:79)
	at org.junit.runners.ParentRunner.runChildren(ParentRunner.java:329)
	at org.junit.runners.ParentRunner.access$100(ParentRunner.java:66)
	at org.junit.runners.ParentRunner$2.evaluate(ParentRunner.java:293)
	at org.junit.runners.ParentRunner$3.evaluate(ParentRunner.java:306)
	at org.junit.runners.ParentRunner.run(ParentRunner.java:413)
	at org.apache.maven.surefire.junitcore.JUnitCore.run(JUnitCore.java:55)
	at org.apache.maven.surefire.junitcore.JUnitCoreWrapper.createRequestAndRun(JUnitCoreWrapper.java:137)
	at org.apache.maven.surefire.junitcore.JUnitCoreWrapper.executeEager(JUnitCoreWrapper.java:107)
	at org.apache.maven.surefire.junitcore.JUnitCoreWrapper.execute(JUnitCoreWrapper.java:83)
	at org.apache.maven.surefire.junitcore.JUnitCoreWrapper.execute(JUnitCoreWrapper.java:75)
	at org.apache.maven.surefire.junitcore.JUnitCoreProvider.invoke(JUnitCoreProvider.java:158)
	at org.apache.maven.surefire.booter.ForkedBooter.runSuitesInProcess(ForkedBooter.java:377)
	at org.apache.maven.surefire.booter.ForkedBooter.execute(ForkedBooter.java:138)
	at org.apache.maven.surefire.booter.ForkedBooter.run(ForkedBooter.java:465)
	at org.apache.maven.surefire.booter.ForkedBooter.main(ForkedBooter.java:451)
NestedThrowablesStackTrace:
java.sql.BatchUpdateException: DELETE on table 'DBS' caused a violation of foreign key constraint 'TBLS_FK1' for key (3).  The statement has been rolled back.
	at org.apache.derby.impl.jdbc.EmbedStatement.executeLargeBatch(Unknown Source)
	at org.apache.derby.impl.jdbc.EmbedStatement.executeBatch(Unknown Source)
	at com.zaxxer.hikari.pool.ProxyStatement.executeBatch(ProxyStatement.java:128)
	at com.zaxxer.hikari.pool.HikariProxyPreparedStatement.executeBatch(HikariProxyPreparedStatement.java)
	at org.datanucleus.store.rdbms.ParamLoggingPreparedStatement.executeBatch(ParamLoggingPreparedStatement.java:366)
	at org.datanucleus.store.rdbms.SQLController.processConnectionStatement(SQLController.java:675)
	at org.datanucleus.store.rdbms.SQLController.processStatementsForConnection(SQLController.java:643)
	at org.datanucleus.store.rdbms.SQLController$1.transactionFlushed(SQLController.java:729)
	at org.datanucleus.store.connection.AbstractManagedConnection.transactionFlushed(AbstractManagedConnection.java:95)
	at org.datanucleus.store.connection.ConnectionManagerImpl$2.transactionFlushed(ConnectionManagerImpl.java:528)
	at org.datanucleus.TransactionImpl.flush(TransactionImpl.java:222)
	at org.datanucleus.TransactionImpl.commit(TransactionImpl.java:286)
	at org.datanucleus.api.jdo.JDOTransaction.commit(JDOTransaction.java:99)
	at org.apache.hadoop.hive.metastore.ObjectStore.commitTransaction(ObjectStore.java:615)
	at sun.reflect.GeneratedMethodAccessor31.invoke(Unknown Source)
	at sun.reflect.DelegatingMethodAccessorImpl.invoke(DelegatingMethodAccessorImpl.java:43)
	at java.lang.reflect.Method.invoke(Method.java:498)
	at org.apache.hadoop.hive.metastore.RawStoreProxy.invoke(RawStoreProxy.java:97)
	at com.sun.proxy.$Proxy32.commitTransaction(Unknown Source)
	at org.apache.hadoop.hive.metastore.HMSHandler.drop_database_core(HMSHandler.java:1790)
	at org.apache.hadoop.hive.metastore.HMSHandler.drop_database(HMSHandler.java:1869)
	at sun.reflect.GeneratedMethodAccessor54.invoke(Unknown Source)
	at sun.reflect.DelegatingMethodAccessorImpl.invoke(DelegatingMethodAccessorImpl.java:43)
	at java.lang.reflect.Method.invoke(Method.java:498)
	at org.apache.hadoop.hive.metastore.RetryingHMSHandler.invokeInternal(RetryingHMSHandler.java:147)
	at org.apache.hadoop.hive.metastore.RetryingHMSHandler.invoke(RetryingHMSHandler.java:108)
	at com.sun.proxy.$Proxy35.drop_database(Unknown Source)
	at org.apache.hadoop.hive.metastore.HiveMetaStoreClient.dropDatabaseCascadePerDb(HiveMetaStoreClient.java:1601)
	at org.apache.hadoop.hive.metastore.HiveMetaStoreClient.dropDatabase(HiveMetaStoreClient.java:1532)
	at org.apache.hadoop.hive.metastore.HiveMetaStoreClient.dropDatabase(HiveMetaStoreClient.java:1485)
	at sun.reflect.NativeMethodAccessorImpl.invoke0(Native Method)
	at sun.reflect.NativeMethodAccessorImpl.invoke(NativeMethodAccessorImpl.java:62)
	at sun.reflect.DelegatingMethodAccessorImpl.invoke(DelegatingMethodAccessorImpl.java:43)
	at java.lang.reflect.Method.invoke(Method.java:498)
	at org.apache.hadoop.hive.metastore.RetryingMetaStoreClient.invoke(RetryingMetaStoreClient.java:218)
	at com.sun.proxy.$Proxy45.dropDatabase(Unknown Source)
	at org.apache.hadoop.hive.ql.metadata.Hive.dropDatabase(Hive.java:662)
	at org.apache.hadoop.hive.ql.ddl.database.drop.DropDatabaseOperation.execute(DropDatabaseOperation.java:52)
	at org.apache.hadoop.hive.ql.ddl.DDLTask.execute(DDLTask.java:84)
	at org.apache.hadoop.hive.ql.exec.Task.executeTask(Task.java:212)
	at org.apache.hadoop.hive.ql.exec.TaskRunner.runSequential(TaskRunner.java:105)
	at org.apache.hadoop.hive.ql.Executor.launchTask(Executor.java:361)
	at org.apache.hadoop.hive.ql.Executor.launchTasks(Executor.java:334)
	at org.apache.hadoop.hive.ql.Executor.runTasks(Executor.java:245)
	at org.apache.hadoop.hive.ql.Executor.execute(Executor.java:108)
	at org.apache.hadoop.hive.ql.Driver.execute(Driver.java:348)
	at org.apache.hadoop.hive.ql.Driver.runInternal(Driver.java:204)
	at org.apache.hadoop.hive.ql.Driver.run(Driver.java:153)
	at org.apache.hadoop.hive.ql.Driver.run(Driver.java:148)
	at org.apache.hadoop.hive.ql.reexec.ReExecDriver.run(ReExecDriver.java:164)
	at org.apache.hadoop.hive.ql.reexec.ReExecDriver.run(ReExecDriver.java:230)
	at org.apache.hive.hcatalog.pig.AbstractHCatLoaderTest.executeStatementOnDriver(AbstractHCatLoaderTest.java:151)
	at org.apache.hive.hcatalog.pig.AbstractHCatLoaderTest.tearDown(AbstractHCatLoaderTest.java:239)
	at sun.reflect.NativeMethodAccessorImpl.invoke0(Native Method)
	at sun.reflect.NativeMethodAccessorImpl.invoke(NativeMethodAccessorImpl.java:62)
	at sun.reflect.DelegatingMethodAccessorImpl.invoke(DelegatingMethodAccessorImpl.java:43)
	at java.lang.reflect.Method.invoke(Method.java:498)
	at org.junit.runners.model.FrameworkMethod$1.runReflectiveCall(FrameworkMethod.java:59)
	at org.junit.internal.runners.model.ReflectiveCallable.run(ReflectiveCallable.java:12)
	at org.junit.runners.model.FrameworkMethod.invokeExplosively(FrameworkMethod.java:56)
	at org.junit.internal.runners.statements.RunAfters.invokeMethod(RunAfters.java:46)
	at org.junit.internal.runners.statements.RunAfters.evaluate(RunAfters.java:33)
	at org.junit.runners.ParentRunner$3.evaluate(ParentRunner.java:306)
	at org.junit.runners.BlockJUnit4ClassRunner$1.evaluate(BlockJUnit4ClassRunner.java:100)
	at org.junit.runners.ParentRunner.runLeaf(ParentRunner.java:366)
	at org.junit.runners.BlockJUnit4ClassRunner.runChild(BlockJUnit4ClassRunner.java:103)
	at org.junit.runners.BlockJUnit4ClassRunner.runChild(BlockJUnit4ClassRunner.java:63)
	at org.junit.runners.ParentRunner$4.run(ParentRunner.java:331)
	at org.junit.runners.ParentRunner$1.schedule(ParentRunner.java:79)
	at org.junit.runners.ParentRunner.runChildren(ParentRunner.java:329)
	at org.junit.runners.ParentRunner.access$100(ParentRunner.java:66)
	at org.junit.runners.ParentRunner$2.evaluate(ParentRunner.java:293)
	at org.junit.internal.runners.statements.RunBefores.evaluate(RunBefores.java:26)
	at org.junit.runners.ParentRunner$3.evaluate(ParentRunner.java:306)
	at org.junit.runners.ParentRunner.run(ParentRunner.java:413)
	at org.junit.runners.Suite.runChild(Suite.java:128)
	at org.junit.runners.Suite.runChild(Suite.java:27)
	at org.junit.runners.ParentRunner$4.run(ParentRunner.java:331)
	at org.junit.runners.ParentRunner$1.schedule(ParentRunner.java:79)
	at org.junit.runners.ParentRunner.runChildren(ParentRunner.java:329)
	at org.junit.runners.ParentRunner.access$100(ParentRunner.java:66)
	at org.junit.runners.ParentRunner$2.evaluate(ParentRunner.java:293)
	at org.junit.runners.ParentRunner$3.evaluate(ParentRunner.java:306)
	at org.junit.runners.ParentRunner.run(ParentRunner.java:413)
	at org.apache.maven.surefire.junitcore.JUnitCore.run(JUnitCore.java:55)
	at org.apache.maven.surefire.junitcore.JUnitCoreWrapper.createRequestAndRun(JUnitCoreWrapper.java:137)
	at org.apache.maven.surefire.junitcore.JUnitCoreWrapper.executeEager(JUnitCoreWrapper.java:107)
	at org.apache.maven.surefire.junitcore.JUnitCoreWrapper.execute(JUnitCoreWrapper.java:83)
	at org.apache.maven.surefire.junitcore.JUnitCoreWrapper.execute(JUnitCoreWrapper.java:75)
	at org.apache.maven.surefire.junitcore.JUnitCoreProvider.invoke(JUnitCoreProvider.java:158)
	at org.apache.maven.surefire.booter.ForkedBooter.runSuitesInProcess(ForkedBooter.java:377)
	at org.apache.maven.surefire.booter.ForkedBooter.execute(ForkedBooter.java:138)
	at org.apache.maven.surefire.booter.ForkedBooter.run(ForkedBooter.java:465)
	at org.apache.maven.surefire.booter.ForkedBooter.main(ForkedBooter.java:451)
Caused by: org.apache.derby.shared.common.error.DerbySQLIntegrityConstraintViolationException: DELETE on table 'DBS' caused a violation of foreign key constraint 'TBLS_FK1' for key (3).  The statement has been rolled back.
	at org.apache.derby.impl.jdbc.SQLExceptionFactory.getSQLException(Unknown Source)
	at org.apache.derby.impl.jdbc.Util.generateCsSQLException(Unknown Source)
	at org.apache.derby.impl.jdbc.TransactionResourceImpl.wrapInSQLException(Unknown Source)
	at org.apache.derby.impl.jdbc.TransactionResourceImpl.handleException(Unknown Source)
	at org.apache.derby.impl.jdbc.EmbedConnection.handleException(Unknown Source)
	at org.apache.derby.impl.jdbc.ConnectionChild.handleException(Unknown Source)
	at org.apache.derby.impl.jdbc.EmbedStatement.executeStatement(Unknown Source)
	at org.apache.derby.impl.jdbc.EmbedPreparedStatement.executeBatchElement(Unknown Source)
	... 94 more
Caused by: ERROR 23503: DELETE on table 'DBS' caused a violation of foreign key constraint 'TBLS_FK1' for key (3).  The statement has been rolled back.
	at org.apache.derby.iapi.error.StandardException.newException(Unknown Source)
	at org.apache.derby.iapi.error.StandardException.newException(Unknown Source)
	at org.apache.derby.impl.sql.execute.ReferencedKeyRIChecker.doCheck(Unknown Source)
	at org.apache.derby.impl.sql.execute.RISetChecker.doPKCheck(Unknown Source)
	at org.apache.derby.impl.sql.execute.DeleteResultSet.collectAffectedRows(Unknown Source)
	at org.apache.derby.impl.sql.execute.DeleteResultSet.open(Unknown Source)
	at org.apache.derby.impl.sql.GenericPreparedStatement.executeStmt(Unknown Source)
	at org.apache.derby.impl.sql.GenericPreparedStatement.execute(Unknown Source)
	... 96 more

2024-04-24T11:29:24,605  INFO [main] HiveMetaStore.audit: ugi=alex	ip=unknown-ip-addr	cmd=drop_database: @hive#junit_specific_db	
2024-04-24T11:29:24,610  INFO [main] HiveMetaStore.audit: ugi=alex	ip=unknown-ip-addr	cmd=get_all_tables: db=@hive#junit_specific_db	
2024-04-24T11:29:24,613  INFO [main] HiveMetaStore.audit: ugi=alex	ip=unknown-ip-addr	cmd=get_functions: db=@hive#junit_specific_db pat=*	
2024-04-24T11:29:24,620  INFO [main] HiveMetaStore.audit: ugi=alex	ip=unknown-ip-addr	cmd=get_all_stored_procedures	
2024-04-24T11:29:24,625  INFO [main] HiveMetaStore.audit: ugi=alex	ip=unknown-ip-addr	cmd=get_all_packages	
2024-04-24T11:29:24,630  INFO [main] HiveMetaStore.audit: ugi=alex	ip=unknown-ip-addr	cmd=getTablesByTypeCore: catName=hive: db=junit_specific_db pat=.*,type=MATERIALIZED_VIEW	
2024-04-24T11:29:24,640  INFO [main] metastore.ObjectStore: Dropping database hive.junit_specific_db along with all tables
2024-04-24T11:29:24,647  INFO [main] txn.TxnHandler: Non-retryable error in cleanupRecords : Table/View 'TXN_COMPONENTS' does not exist. (SQLState=42X05, ErrorCode=20000)
2024-04-24T11:29:24,647  WARN [main] txn.TxnHandler: Cannot perform cleanup since metastore table does not exist
2024-04-24T11:29:24,648 ERROR [main] metastore.RetryingHMSHandler: Retrying HMSHandler after 2000 ms (attempt 4 of 10) with error: javax.jdo.JDODataStoreException: Exception thrown flushing changes to datastore
	at org.datanucleus.api.jdo.NucleusJDOHelper.getJDOExceptionForNucleusException(NucleusJDOHelper.java:542)
	at org.datanucleus.api.jdo.JDOTransaction.commit(JDOTransaction.java:162)
	at org.apache.hadoop.hive.metastore.ObjectStore.commitTransaction(ObjectStore.java:615)
	at sun.reflect.GeneratedMethodAccessor31.invoke(Unknown Source)
	at sun.reflect.DelegatingMethodAccessorImpl.invoke(DelegatingMethodAccessorImpl.java:43)
	at java.lang.reflect.Method.invoke(Method.java:498)
	at org.apache.hadoop.hive.metastore.RawStoreProxy.invoke(RawStoreProxy.java:97)
	at com.sun.proxy.$Proxy32.commitTransaction(Unknown Source)
	at org.apache.hadoop.hive.metastore.HMSHandler.drop_database_core(HMSHandler.java:1790)
	at org.apache.hadoop.hive.metastore.HMSHandler.drop_database(HMSHandler.java:1869)
	at sun.reflect.GeneratedMethodAccessor54.invoke(Unknown Source)
	at sun.reflect.DelegatingMethodAccessorImpl.invoke(DelegatingMethodAccessorImpl.java:43)
	at java.lang.reflect.Method.invoke(Method.java:498)
	at org.apache.hadoop.hive.metastore.RetryingHMSHandler.invokeInternal(RetryingHMSHandler.java:147)
	at org.apache.hadoop.hive.metastore.RetryingHMSHandler.invoke(RetryingHMSHandler.java:108)
	at com.sun.proxy.$Proxy35.drop_database(Unknown Source)
	at org.apache.hadoop.hive.metastore.HiveMetaStoreClient.dropDatabaseCascadePerDb(HiveMetaStoreClient.java:1601)
	at org.apache.hadoop.hive.metastore.HiveMetaStoreClient.dropDatabase(HiveMetaStoreClient.java:1532)
	at org.apache.hadoop.hive.metastore.HiveMetaStoreClient.dropDatabase(HiveMetaStoreClient.java:1485)
	at sun.reflect.NativeMethodAccessorImpl.invoke0(Native Method)
	at sun.reflect.NativeMethodAccessorImpl.invoke(NativeMethodAccessorImpl.java:62)
	at sun.reflect.DelegatingMethodAccessorImpl.invoke(DelegatingMethodAccessorImpl.java:43)
	at java.lang.reflect.Method.invoke(Method.java:498)
	at org.apache.hadoop.hive.metastore.RetryingMetaStoreClient.invoke(RetryingMetaStoreClient.java:218)
	at com.sun.proxy.$Proxy45.dropDatabase(Unknown Source)
	at org.apache.hadoop.hive.ql.metadata.Hive.dropDatabase(Hive.java:662)
	at org.apache.hadoop.hive.ql.ddl.database.drop.DropDatabaseOperation.execute(DropDatabaseOperation.java:52)
	at org.apache.hadoop.hive.ql.ddl.DDLTask.execute(DDLTask.java:84)
	at org.apache.hadoop.hive.ql.exec.Task.executeTask(Task.java:212)
	at org.apache.hadoop.hive.ql.exec.TaskRunner.runSequential(TaskRunner.java:105)
	at org.apache.hadoop.hive.ql.Executor.launchTask(Executor.java:361)
	at org.apache.hadoop.hive.ql.Executor.launchTasks(Executor.java:334)
	at org.apache.hadoop.hive.ql.Executor.runTasks(Executor.java:245)
	at org.apache.hadoop.hive.ql.Executor.execute(Executor.java:108)
	at org.apache.hadoop.hive.ql.Driver.execute(Driver.java:348)
	at org.apache.hadoop.hive.ql.Driver.runInternal(Driver.java:204)
	at org.apache.hadoop.hive.ql.Driver.run(Driver.java:153)
	at org.apache.hadoop.hive.ql.Driver.run(Driver.java:148)
	at org.apache.hadoop.hive.ql.reexec.ReExecDriver.run(ReExecDriver.java:164)
	at org.apache.hadoop.hive.ql.reexec.ReExecDriver.run(ReExecDriver.java:230)
	at org.apache.hive.hcatalog.pig.AbstractHCatLoaderTest.executeStatementOnDriver(AbstractHCatLoaderTest.java:151)
	at org.apache.hive.hcatalog.pig.AbstractHCatLoaderTest.tearDown(AbstractHCatLoaderTest.java:239)
	at sun.reflect.NativeMethodAccessorImpl.invoke0(Native Method)
	at sun.reflect.NativeMethodAccessorImpl.invoke(NativeMethodAccessorImpl.java:62)
	at sun.reflect.DelegatingMethodAccessorImpl.invoke(DelegatingMethodAccessorImpl.java:43)
	at java.lang.reflect.Method.invoke(Method.java:498)
	at org.junit.runners.model.FrameworkMethod$1.runReflectiveCall(FrameworkMethod.java:59)
	at org.junit.internal.runners.model.ReflectiveCallable.run(ReflectiveCallable.java:12)
	at org.junit.runners.model.FrameworkMethod.invokeExplosively(FrameworkMethod.java:56)
	at org.junit.internal.runners.statements.RunAfters.invokeMethod(RunAfters.java:46)
	at org.junit.internal.runners.statements.RunAfters.evaluate(RunAfters.java:33)
	at org.junit.runners.ParentRunner$3.evaluate(ParentRunner.java:306)
	at org.junit.runners.BlockJUnit4ClassRunner$1.evaluate(BlockJUnit4ClassRunner.java:100)
	at org.junit.runners.ParentRunner.runLeaf(ParentRunner.java:366)
	at org.junit.runners.BlockJUnit4ClassRunner.runChild(BlockJUnit4ClassRunner.java:103)
	at org.junit.runners.BlockJUnit4ClassRunner.runChild(BlockJUnit4ClassRunner.java:63)
	at org.junit.runners.ParentRunner$4.run(ParentRunner.java:331)
	at org.junit.runners.ParentRunner$1.schedule(ParentRunner.java:79)
	at org.junit.runners.ParentRunner.runChildren(ParentRunner.java:329)
	at org.junit.runners.ParentRunner.access$100(ParentRunner.java:66)
	at org.junit.runners.ParentRunner$2.evaluate(ParentRunner.java:293)
	at org.junit.internal.runners.statements.RunBefores.evaluate(RunBefores.java:26)
	at org.junit.runners.ParentRunner$3.evaluate(ParentRunner.java:306)
	at org.junit.runners.ParentRunner.run(ParentRunner.java:413)
	at org.junit.runners.Suite.runChild(Suite.java:128)
	at org.junit.runners.Suite.runChild(Suite.java:27)
	at org.junit.runners.ParentRunner$4.run(ParentRunner.java:331)
	at org.junit.runners.ParentRunner$1.schedule(ParentRunner.java:79)
	at org.junit.runners.ParentRunner.runChildren(ParentRunner.java:329)
	at org.junit.runners.ParentRunner.access$100(ParentRunner.java:66)
	at org.junit.runners.ParentRunner$2.evaluate(ParentRunner.java:293)
	at org.junit.runners.ParentRunner$3.evaluate(ParentRunner.java:306)
	at org.junit.runners.ParentRunner.run(ParentRunner.java:413)
	at org.apache.maven.surefire.junitcore.JUnitCore.run(JUnitCore.java:55)
	at org.apache.maven.surefire.junitcore.JUnitCoreWrapper.createRequestAndRun(JUnitCoreWrapper.java:137)
	at org.apache.maven.surefire.junitcore.JUnitCoreWrapper.executeEager(JUnitCoreWrapper.java:107)
	at org.apache.maven.surefire.junitcore.JUnitCoreWrapper.execute(JUnitCoreWrapper.java:83)
	at org.apache.maven.surefire.junitcore.JUnitCoreWrapper.execute(JUnitCoreWrapper.java:75)
	at org.apache.maven.surefire.junitcore.JUnitCoreProvider.invoke(JUnitCoreProvider.java:158)
	at org.apache.maven.surefire.booter.ForkedBooter.runSuitesInProcess(ForkedBooter.java:377)
	at org.apache.maven.surefire.booter.ForkedBooter.execute(ForkedBooter.java:138)
	at org.apache.maven.surefire.booter.ForkedBooter.run(ForkedBooter.java:465)
	at org.apache.maven.surefire.booter.ForkedBooter.main(ForkedBooter.java:451)
NestedThrowablesStackTrace:
java.sql.BatchUpdateException: DELETE on table 'DBS' caused a violation of foreign key constraint 'TBLS_FK1' for key (3).  The statement has been rolled back.
	at org.apache.derby.impl.jdbc.EmbedStatement.executeLargeBatch(Unknown Source)
	at org.apache.derby.impl.jdbc.EmbedStatement.executeBatch(Unknown Source)
	at com.zaxxer.hikari.pool.ProxyStatement.executeBatch(ProxyStatement.java:128)
	at com.zaxxer.hikari.pool.HikariProxyPreparedStatement.executeBatch(HikariProxyPreparedStatement.java)
	at org.datanucleus.store.rdbms.ParamLoggingPreparedStatement.executeBatch(ParamLoggingPreparedStatement.java:366)
	at org.datanucleus.store.rdbms.SQLController.processConnectionStatement(SQLController.java:675)
	at org.datanucleus.store.rdbms.SQLController.processStatementsForConnection(SQLController.java:643)
	at org.datanucleus.store.rdbms.SQLController$1.transactionFlushed(SQLController.java:729)
	at org.datanucleus.store.connection.AbstractManagedConnection.transactionFlushed(AbstractManagedConnection.java:95)
	at org.datanucleus.store.connection.ConnectionManagerImpl$2.transactionFlushed(ConnectionManagerImpl.java:528)
	at org.datanucleus.TransactionImpl.flush(TransactionImpl.java:222)
	at org.datanucleus.TransactionImpl.commit(TransactionImpl.java:286)
	at org.datanucleus.api.jdo.JDOTransaction.commit(JDOTransaction.java:99)
	at org.apache.hadoop.hive.metastore.ObjectStore.commitTransaction(ObjectStore.java:615)
	at sun.reflect.GeneratedMethodAccessor31.invoke(Unknown Source)
	at sun.reflect.DelegatingMethodAccessorImpl.invoke(DelegatingMethodAccessorImpl.java:43)
	at java.lang.reflect.Method.invoke(Method.java:498)
	at org.apache.hadoop.hive.metastore.RawStoreProxy.invoke(RawStoreProxy.java:97)
	at com.sun.proxy.$Proxy32.commitTransaction(Unknown Source)
	at org.apache.hadoop.hive.metastore.HMSHandler.drop_database_core(HMSHandler.java:1790)
	at org.apache.hadoop.hive.metastore.HMSHandler.drop_database(HMSHandler.java:1869)
	at sun.reflect.GeneratedMethodAccessor54.invoke(Unknown Source)
	at sun.reflect.DelegatingMethodAccessorImpl.invoke(DelegatingMethodAccessorImpl.java:43)
	at java.lang.reflect.Method.invoke(Method.java:498)
	at org.apache.hadoop.hive.metastore.RetryingHMSHandler.invokeInternal(RetryingHMSHandler.java:147)
	at org.apache.hadoop.hive.metastore.RetryingHMSHandler.invoke(RetryingHMSHandler.java:108)
	at com.sun.proxy.$Proxy35.drop_database(Unknown Source)
	at org.apache.hadoop.hive.metastore.HiveMetaStoreClient.dropDatabaseCascadePerDb(HiveMetaStoreClient.java:1601)
	at org.apache.hadoop.hive.metastore.HiveMetaStoreClient.dropDatabase(HiveMetaStoreClient.java:1532)
	at org.apache.hadoop.hive.metastore.HiveMetaStoreClient.dropDatabase(HiveMetaStoreClient.java:1485)
	at sun.reflect.NativeMethodAccessorImpl.invoke0(Native Method)
	at sun.reflect.NativeMethodAccessorImpl.invoke(NativeMethodAccessorImpl.java:62)
	at sun.reflect.DelegatingMethodAccessorImpl.invoke(DelegatingMethodAccessorImpl.java:43)
	at java.lang.reflect.Method.invoke(Method.java:498)
	at org.apache.hadoop.hive.metastore.RetryingMetaStoreClient.invoke(RetryingMetaStoreClient.java:218)
	at com.sun.proxy.$Proxy45.dropDatabase(Unknown Source)
	at org.apache.hadoop.hive.ql.metadata.Hive.dropDatabase(Hive.java:662)
	at org.apache.hadoop.hive.ql.ddl.database.drop.DropDatabaseOperation.execute(DropDatabaseOperation.java:52)
	at org.apache.hadoop.hive.ql.ddl.DDLTask.execute(DDLTask.java:84)
	at org.apache.hadoop.hive.ql.exec.Task.executeTask(Task.java:212)
	at org.apache.hadoop.hive.ql.exec.TaskRunner.runSequential(TaskRunner.java:105)
	at org.apache.hadoop.hive.ql.Executor.launchTask(Executor.java:361)
	at org.apache.hadoop.hive.ql.Executor.launchTasks(Executor.java:334)
	at org.apache.hadoop.hive.ql.Executor.runTasks(Executor.java:245)
	at org.apache.hadoop.hive.ql.Executor.execute(Executor.java:108)
	at org.apache.hadoop.hive.ql.Driver.execute(Driver.java:348)
	at org.apache.hadoop.hive.ql.Driver.runInternal(Driver.java:204)
	at org.apache.hadoop.hive.ql.Driver.run(Driver.java:153)
	at org.apache.hadoop.hive.ql.Driver.run(Driver.java:148)
	at org.apache.hadoop.hive.ql.reexec.ReExecDriver.run(ReExecDriver.java:164)
	at org.apache.hadoop.hive.ql.reexec.ReExecDriver.run(ReExecDriver.java:230)
	at org.apache.hive.hcatalog.pig.AbstractHCatLoaderTest.executeStatementOnDriver(AbstractHCatLoaderTest.java:151)
	at org.apache.hive.hcatalog.pig.AbstractHCatLoaderTest.tearDown(AbstractHCatLoaderTest.java:239)
	at sun.reflect.NativeMethodAccessorImpl.invoke0(Native Method)
	at sun.reflect.NativeMethodAccessorImpl.invoke(NativeMethodAccessorImpl.java:62)
	at sun.reflect.DelegatingMethodAccessorImpl.invoke(DelegatingMethodAccessorImpl.java:43)
	at java.lang.reflect.Method.invoke(Method.java:498)
	at org.junit.runners.model.FrameworkMethod$1.runReflectiveCall(FrameworkMethod.java:59)
	at org.junit.internal.runners.model.ReflectiveCallable.run(ReflectiveCallable.java:12)
	at org.junit.runners.model.FrameworkMethod.invokeExplosively(FrameworkMethod.java:56)
	at org.junit.internal.runners.statements.RunAfters.invokeMethod(RunAfters.java:46)
	at org.junit.internal.runners.statements.RunAfters.evaluate(RunAfters.java:33)
	at org.junit.runners.ParentRunner$3.evaluate(ParentRunner.java:306)
	at org.junit.runners.BlockJUnit4ClassRunner$1.evaluate(BlockJUnit4ClassRunner.java:100)
	at org.junit.runners.ParentRunner.runLeaf(ParentRunner.java:366)
	at org.junit.runners.BlockJUnit4ClassRunner.runChild(BlockJUnit4ClassRunner.java:103)
	at org.junit.runners.BlockJUnit4ClassRunner.runChild(BlockJUnit4ClassRunner.java:63)
	at org.junit.runners.ParentRunner$4.run(ParentRunner.java:331)
	at org.junit.runners.ParentRunner$1.schedule(ParentRunner.java:79)
	at org.junit.runners.ParentRunner.runChildren(ParentRunner.java:329)
	at org.junit.runners.ParentRunner.access$100(ParentRunner.java:66)
	at org.junit.runners.ParentRunner$2.evaluate(ParentRunner.java:293)
	at org.junit.internal.runners.statements.RunBefores.evaluate(RunBefores.java:26)
	at org.junit.runners.ParentRunner$3.evaluate(ParentRunner.java:306)
	at org.junit.runners.ParentRunner.run(ParentRunner.java:413)
	at org.junit.runners.Suite.runChild(Suite.java:128)
	at org.junit.runners.Suite.runChild(Suite.java:27)
	at org.junit.runners.ParentRunner$4.run(ParentRunner.java:331)
	at org.junit.runners.ParentRunner$1.schedule(ParentRunner.java:79)
	at org.junit.runners.ParentRunner.runChildren(ParentRunner.java:329)
	at org.junit.runners.ParentRunner.access$100(ParentRunner.java:66)
	at org.junit.runners.ParentRunner$2.evaluate(ParentRunner.java:293)
	at org.junit.runners.ParentRunner$3.evaluate(ParentRunner.java:306)
	at org.junit.runners.ParentRunner.run(ParentRunner.java:413)
	at org.apache.maven.surefire.junitcore.JUnitCore.run(JUnitCore.java:55)
	at org.apache.maven.surefire.junitcore.JUnitCoreWrapper.createRequestAndRun(JUnitCoreWrapper.java:137)
	at org.apache.maven.surefire.junitcore.JUnitCoreWrapper.executeEager(JUnitCoreWrapper.java:107)
	at org.apache.maven.surefire.junitcore.JUnitCoreWrapper.execute(JUnitCoreWrapper.java:83)
	at org.apache.maven.surefire.junitcore.JUnitCoreWrapper.execute(JUnitCoreWrapper.java:75)
	at org.apache.maven.surefire.junitcore.JUnitCoreProvider.invoke(JUnitCoreProvider.java:158)
	at org.apache.maven.surefire.booter.ForkedBooter.runSuitesInProcess(ForkedBooter.java:377)
	at org.apache.maven.surefire.booter.ForkedBooter.execute(ForkedBooter.java:138)
	at org.apache.maven.surefire.booter.ForkedBooter.run(ForkedBooter.java:465)
	at org.apache.maven.surefire.booter.ForkedBooter.main(ForkedBooter.java:451)
Caused by: org.apache.derby.shared.common.error.DerbySQLIntegrityConstraintViolationException: DELETE on table 'DBS' caused a violation of foreign key constraint 'TBLS_FK1' for key (3).  The statement has been rolled back.
	at org.apache.derby.impl.jdbc.SQLExceptionFactory.getSQLException(Unknown Source)
	at org.apache.derby.impl.jdbc.Util.generateCsSQLException(Unknown Source)
	at org.apache.derby.impl.jdbc.TransactionResourceImpl.wrapInSQLException(Unknown Source)
	at org.apache.derby.impl.jdbc.TransactionResourceImpl.handleException(Unknown Source)
	at org.apache.derby.impl.jdbc.EmbedConnection.handleException(Unknown Source)
	at org.apache.derby.impl.jdbc.ConnectionChild.handleException(Unknown Source)
	at org.apache.derby.impl.jdbc.EmbedStatement.executeStatement(Unknown Source)
	at org.apache.derby.impl.jdbc.EmbedPreparedStatement.executeBatchElement(Unknown Source)
	... 94 more
Caused by: ERROR 23503: DELETE on table 'DBS' caused a violation of foreign key constraint 'TBLS_FK1' for key (3).  The statement has been rolled back.
	at org.apache.derby.iapi.error.StandardException.newException(Unknown Source)
	at org.apache.derby.iapi.error.StandardException.newException(Unknown Source)
	at org.apache.derby.impl.sql.execute.ReferencedKeyRIChecker.doCheck(Unknown Source)
	at org.apache.derby.impl.sql.execute.RISetChecker.doPKCheck(Unknown Source)
	at org.apache.derby.impl.sql.execute.DeleteResultSet.collectAffectedRows(Unknown Source)
	at org.apache.derby.impl.sql.execute.DeleteResultSet.open(Unknown Source)
	at org.apache.derby.impl.sql.GenericPreparedStatement.executeStmt(Unknown Source)
	at org.apache.derby.impl.sql.GenericPreparedStatement.execute(Unknown Source)
	... 96 more

2024-04-24T11:29:26,649  INFO [main] HiveMetaStore.audit: ugi=alex	ip=unknown-ip-addr	cmd=drop_database: @hive#junit_specific_db	
2024-04-24T11:29:26,654  INFO [main] HiveMetaStore.audit: ugi=alex	ip=unknown-ip-addr	cmd=get_all_tables: db=@hive#junit_specific_db	
2024-04-24T11:29:26,655  INFO [main] HiveMetaStore.audit: ugi=alex	ip=unknown-ip-addr	cmd=get_functions: db=@hive#junit_specific_db pat=*	
2024-04-24T11:29:26,657  INFO [main] HiveMetaStore.audit: ugi=alex	ip=unknown-ip-addr	cmd=get_all_stored_procedures	
2024-04-24T11:29:26,658  INFO [main] HiveMetaStore.audit: ugi=alex	ip=unknown-ip-addr	cmd=get_all_packages	
2024-04-24T11:29:26,660  INFO [main] HiveMetaStore.audit: ugi=alex	ip=unknown-ip-addr	cmd=getTablesByTypeCore: catName=hive: db=junit_specific_db pat=.*,type=MATERIALIZED_VIEW	
2024-04-24T11:29:26,671  INFO [main] HiveMetaStore.audit: ugi=alex	ip=unknown-ip-addr	cmd=drop_table : tbl=hive.junit_specific_db.junit_specific_size2	
2024-04-24T11:29:26,755  INFO [main] metastore.ObjectStore: Dropping database hive.junit_specific_db along with all tables
2024-04-24T11:29:26,764  INFO [main] txn.TxnHandler: Non-retryable error in cleanupRecords : Table/View 'TXN_COMPONENTS' does not exist. (SQLState=42X05, ErrorCode=20000)
2024-04-24T11:29:26,764  WARN [main] txn.TxnHandler: Cannot perform cleanup since metastore table does not exist
2024-04-24T11:29:26,766  WARN [main] utils.FileUtils: File file:/home/alex/Repositories/hive/hcatalog/hcatalog-pig-adapter/build/test/data/org.apache.hive.hcatalog.mapreduce.HCatBaseTest-1713983215978/warehouse/junit_specific_db.db does not exist; Force to delete it.
2024-04-24T11:29:26,766 ERROR [main] utils.FileUtils: Failed to delete file:/home/alex/Repositories/hive/hcatalog/hcatalog-pig-adapter/build/test/data/org.apache.hive.hcatalog.mapreduce.HCatBaseTest-1713983215978/warehouse/junit_specific_db.db
2024-04-24T11:29:26,766  WARN [main] utils.FileUtils: File file:/home/alex/Repositories/hive/hcatalog/hcatalog-pig-adapter/build/test/data/org.apache.hive.hcatalog.mapreduce.HCatBaseTest-1713983215978/warehouse/junit_specific_db.db does not exist; Force to delete it.
2024-04-24T11:29:26,766 ERROR [main] utils.FileUtils: Failed to delete file:/home/alex/Repositories/hive/hcatalog/hcatalog-pig-adapter/build/test/data/org.apache.hive.hcatalog.mapreduce.HCatBaseTest-1713983215978/warehouse/junit_specific_db.db
2024-04-24T11:29:26,767  INFO [main] metadata.Hive: Dumping metastore api call timing information for : execution phase
2024-04-24T11:29:26,767  INFO [main] metadata.Hive: Total time spent in each metastore function (ms): {isCompatibleWith_(Configuration)=1, dropDatabase_(String, boolean, boolean, boolean)=8271}
2024-04-24T11:29:26,767  INFO [main] metadata.Hive: Total time spent in this metastore function was greater than 1000ms : dropDatabase_(String, boolean, boolean, boolean)=8271
2024-04-24T11:29:26,767  INFO [main] ql.Driver: Completed executing command(queryId=alex_20240424112918_b6a10540-66f2-4e1e-9044-3556acef0368); Time taken: 8.273 seconds
]]></system-err>
  </testcase>
  <testcase name="testDatePartitionPushUp" classname="org.apache.hive.hcatalog.pig.TestRCFileHCatLoader" time="0.389">
    <error message="FAILED: Execution Error, return code 40000 from org.apache.hadoop.hive.ql.ddl.DDLTask. AlreadyExistsException(message:Table hive.default.junit_unparted_basic already exists)" type="(responseCode = 40000, errorMessage = FAILED"><![CDATA[(responseCode = 40000, errorMessage = FAILED: Execution Error, return code 40000 from org.apache.hadoop.hive.ql.ddl.DDLTask. AlreadyExistsException(message:Table hive.default.junit_unparted_basic already exists), hiveErrorCode = 40000, SQLState = 08S01, exception = AlreadyExistsException(message:Table hive.default.junit_unparted_basic already exists))
	at org.apache.hadoop.hive.ql.DriverUtils.createProcessorException(DriverUtils.java:153)
	at org.apache.hadoop.hive.ql.Executor.handleTaskFailure(Executor.java:403)
	at org.apache.hadoop.hive.ql.Executor.handleFinished(Executor.java:285)
	at org.apache.hadoop.hive.ql.Executor.runTasks(Executor.java:246)
	at org.apache.hadoop.hive.ql.Executor.execute(Executor.java:108)
	at org.apache.hadoop.hive.ql.Driver.execute(Driver.java:348)
	at org.apache.hadoop.hive.ql.Driver.runInternal(Driver.java:204)
	at org.apache.hadoop.hive.ql.Driver.run(Driver.java:153)
	at org.apache.hadoop.hive.ql.Driver.run(Driver.java:148)
	at org.apache.hadoop.hive.ql.reexec.ReExecDriver.run(ReExecDriver.java:164)
	at org.apache.hadoop.hive.ql.reexec.ReExecDriver.run(ReExecDriver.java:230)
	at org.apache.hive.hcatalog.pig.AbstractHCatLoaderTest.executeStatementOnDriver(AbstractHCatLoaderTest.java:151)
	at org.apache.hive.hcatalog.pig.AbstractHCatLoaderTest.createTable(AbstractHCatLoaderTest.java:134)
	at org.apache.hive.hcatalog.pig.AbstractHCatLoaderTest.createTable(AbstractHCatLoaderTest.java:104)
	at org.apache.hive.hcatalog.pig.AbstractHCatLoaderTest.createTableDefaultDB(AbstractHCatLoaderTest.java:142)
	at org.apache.hive.hcatalog.pig.AbstractHCatLoaderTest.setUpTest(AbstractHCatLoaderTest.java:162)
	at sun.reflect.NativeMethodAccessorImpl.invoke0(Native Method)
	at sun.reflect.NativeMethodAccessorImpl.invoke(NativeMethodAccessorImpl.java:62)
	at sun.reflect.DelegatingMethodAccessorImpl.invoke(DelegatingMethodAccessorImpl.java:43)
	at java.lang.reflect.Method.invoke(Method.java:498)
	at org.junit.runners.model.FrameworkMethod$1.runReflectiveCall(FrameworkMethod.java:59)
	at org.junit.internal.runners.model.ReflectiveCallable.run(ReflectiveCallable.java:12)
	at org.junit.runners.model.FrameworkMethod.invokeExplosively(FrameworkMethod.java:56)
	at org.junit.internal.runners.statements.RunBefores.invokeMethod(RunBefores.java:33)
	at org.junit.internal.runners.statements.RunBefores.evaluate(RunBefores.java:24)
	at org.junit.internal.runners.statements.RunAfters.evaluate(RunAfters.java:27)
	at org.junit.runners.ParentRunner$3.evaluate(ParentRunner.java:306)
	at org.junit.runners.BlockJUnit4ClassRunner$1.evaluate(BlockJUnit4ClassRunner.java:100)
	at org.junit.runners.ParentRunner.runLeaf(ParentRunner.java:366)
	at org.junit.runners.BlockJUnit4ClassRunner.runChild(BlockJUnit4ClassRunner.java:103)
	at org.junit.runners.BlockJUnit4ClassRunner.runChild(BlockJUnit4ClassRunner.java:63)
	at org.junit.runners.ParentRunner$4.run(ParentRunner.java:331)
	at org.junit.runners.ParentRunner$1.schedule(ParentRunner.java:79)
	at org.junit.runners.ParentRunner.runChildren(ParentRunner.java:329)
	at org.junit.runners.ParentRunner.access$100(ParentRunner.java:66)
	at org.junit.runners.ParentRunner$2.evaluate(ParentRunner.java:293)
	at org.junit.internal.runners.statements.RunBefores.evaluate(RunBefores.java:26)
	at org.junit.runners.ParentRunner$3.evaluate(ParentRunner.java:306)
	at org.junit.runners.ParentRunner.run(ParentRunner.java:413)
	at org.junit.runners.Suite.runChild(Suite.java:128)
	at org.junit.runners.Suite.runChild(Suite.java:27)
	at org.junit.runners.ParentRunner$4.run(ParentRunner.java:331)
	at org.junit.runners.ParentRunner$1.schedule(ParentRunner.java:79)
	at org.junit.runners.ParentRunner.runChildren(ParentRunner.java:329)
	at org.junit.runners.ParentRunner.access$100(ParentRunner.java:66)
	at org.junit.runners.ParentRunner$2.evaluate(ParentRunner.java:293)
	at org.junit.runners.ParentRunner$3.evaluate(ParentRunner.java:306)
	at org.junit.runners.ParentRunner.run(ParentRunner.java:413)
	at org.apache.maven.surefire.junitcore.JUnitCore.run(JUnitCore.java:55)
	at org.apache.maven.surefire.junitcore.JUnitCoreWrapper.createRequestAndRun(JUnitCoreWrapper.java:137)
	at org.apache.maven.surefire.junitcore.JUnitCoreWrapper.executeEager(JUnitCoreWrapper.java:107)
	at org.apache.maven.surefire.junitcore.JUnitCoreWrapper.execute(JUnitCoreWrapper.java:83)
	at org.apache.maven.surefire.junitcore.JUnitCoreWrapper.execute(JUnitCoreWrapper.java:75)
	at org.apache.maven.surefire.junitcore.JUnitCoreProvider.invoke(JUnitCoreProvider.java:158)
	at org.apache.maven.surefire.booter.ForkedBooter.runSuitesInProcess(ForkedBooter.java:377)
	at org.apache.maven.surefire.booter.ForkedBooter.execute(ForkedBooter.java:138)
	at org.apache.maven.surefire.booter.ForkedBooter.run(ForkedBooter.java:465)
	at org.apache.maven.surefire.booter.ForkedBooter.main(ForkedBooter.java:451)
Caused by: org.apache.hadoop.hive.ql.metadata.HiveException: AlreadyExistsException(message:Table hive.default.junit_unparted_basic already exists)
	at org.apache.hadoop.hive.ql.metadata.Hive.createTable(Hive.java:1298)
	at org.apache.hadoop.hive.ql.metadata.Hive.createTable(Hive.java:1306)
	at org.apache.hadoop.hive.ql.ddl.table.create.CreateTableOperation.createTableNonReplaceMode(CreateTableOperation.java:140)
	at org.apache.hadoop.hive.ql.ddl.table.create.CreateTableOperation.execute(CreateTableOperation.java:98)
	at org.apache.hadoop.hive.ql.ddl.DDLTask.execute(DDLTask.java:84)
	at org.apache.hadoop.hive.ql.exec.Task.executeTask(Task.java:212)
	at org.apache.hadoop.hive.ql.exec.TaskRunner.runSequential(TaskRunner.java:105)
	at org.apache.hadoop.hive.ql.Executor.launchTask(Executor.java:361)
	at org.apache.hadoop.hive.ql.Executor.launchTasks(Executor.java:334)
	at org.apache.hadoop.hive.ql.Executor.runTasks(Executor.java:245)
	... 54 more
Caused by: AlreadyExistsException(message:Table hive.default.junit_unparted_basic already exists)
	at org.apache.hadoop.hive.metastore.HMSHandler.create_table_core(HMSHandler.java:2339)
	at org.apache.hadoop.hive.metastore.HMSHandler.create_table_req(HMSHandler.java:2598)
	at sun.reflect.GeneratedMethodAccessor40.invoke(Unknown Source)
	at sun.reflect.DelegatingMethodAccessorImpl.invoke(DelegatingMethodAccessorImpl.java:43)
	at java.lang.reflect.Method.invoke(Method.java:498)
	at org.apache.hadoop.hive.metastore.RetryingHMSHandler.invokeInternal(RetryingHMSHandler.java:147)
	at org.apache.hadoop.hive.metastore.RetryingHMSHandler.invoke(RetryingHMSHandler.java:108)
	at com.sun.proxy.$Proxy35.create_table_req(Unknown Source)
	at org.apache.hadoop.hive.metastore.HiveMetaStoreClient.create_table_with_environment_context(HiveMetaStoreClient.java:4408)
	at org.apache.hadoop.hive.ql.metadata.SessionHiveMetaStoreClient.create_table_with_environment_context(SessionHiveMetaStoreClient.java:182)
	at org.apache.hadoop.hive.metastore.HiveMetaStoreClient.createTable(HiveMetaStoreClient.java:1260)
	at org.apache.hadoop.hive.metastore.HiveMetaStoreClient.createTable(HiveMetaStoreClient.java:1245)
	at sun.reflect.GeneratedMethodAccessor39.invoke(Unknown Source)
	at sun.reflect.DelegatingMethodAccessorImpl.invoke(DelegatingMethodAccessorImpl.java:43)
	at java.lang.reflect.Method.invoke(Method.java:498)
	at org.apache.hadoop.hive.metastore.RetryingMetaStoreClient.invoke(RetryingMetaStoreClient.java:218)
	at com.sun.proxy.$Proxy45.createTable(Unknown Source)
	at org.apache.hadoop.hive.ql.metadata.Hive.createTable(Hive.java:1290)
	... 63 more
]]></error>
    <system-err><![CDATA[2024-04-24T11:29:26,806  WARN [main] conf.HiveConf: HiveConf of name hive.metastore.metadb.dir does not exist
2024-04-24T11:29:26,806  WARN [main] conf.HiveConf: HiveConf of name hive.llap.io.cache.orc.size does not exist
2024-04-24T11:29:26,806  WARN [main] conf.HiveConf: HiveConf of name hive.metastore.client.cache.recordStats does not exist
2024-04-24T11:29:26,806  WARN [main] conf.HiveConf: HiveConf of name hive.llap.io.cache.orc.alloc.max does not exist
2024-04-24T11:29:26,806  WARN [main] conf.HiveConf: HiveConf of name hive.llap.io.cache.orc.arena.size does not exist
2024-04-24T11:29:26,806  WARN [main] conf.HiveConf: HiveConf of name hive.dummyparam.test.server.specific.config.hivesite does not exist
2024-04-24T11:29:26,806  WARN [main] conf.HiveConf: HiveConf of name hive.llap.io.cache.orc.alloc.min does not exist
2024-04-24T11:29:26,806  WARN [main] conf.HiveConf: HiveConf of name hive.stats.key.prefix.reserve.length does not exist
2024-04-24T11:29:26,806  WARN [main] conf.HiveConf: HiveConf of name hive.dummyparam.test.server.specific.config.override does not exist
2024-04-24T11:29:26,806  WARN [main] conf.HiveConf: HiveConf of name hive.metastore.client.cache.maxSize does not exist
2024-04-24T11:29:26,806  WARN [main] conf.HiveConf: HiveConf of name hive.dummyparam.test.server.specific.config.metastoresite does not exist
2024-04-24T11:29:26,808  INFO [main] metastore.HiveMetaStoreClient: HMS client filtering is enabled.
2024-04-24T11:29:26,808  INFO [main] metastore.PersistenceManagerProvider: Configuration datanucleus.autoStartMechanismMode is not set. Defaulting to 'ignored'
2024-04-24T11:29:26,809  INFO [main] metastore.ObjectStore: RawStore: org.apache.hadoop.hive.metastore.ObjectStore@53413a1a, with PersistenceManager: org.datanucleus.api.jdo.JDOPersistenceManager@52ce568 will be shutdown
2024-04-24T11:29:26,809  INFO [main] metastore.ObjectStore: RawStore: org.apache.hadoop.hive.metastore.ObjectStore@53413a1a, with PersistenceManager: org.datanucleus.api.jdo.JDOPersistenceManager@76ec9702 created in the thread with id: 1
2024-04-24T11:29:26,811  INFO [main] metastore.HMSHandler: HMS server filtering is disabled by configuration
Hive Session ID = b1173d86-9980-4c26-a7a7-6a1ebba0408b
2024-04-24T11:29:26,811  INFO [main] SessionState: Hive Session ID = b1173d86-9980-4c26-a7a7-6a1ebba0408b
ivysettings.xml file not found in HIVE_HOME or HIVE_CONF_DIR,file:/home/alex/.m2/repository/org/apache/pig/pig/0.16.0/pig-0.16.0-h2.jar!/ivysettings.xml will be used
2024-04-24T11:29:26,811  INFO [main] DependencyResolver: ivysettings.xml file not found in HIVE_HOME or HIVE_CONF_DIR,file:/home/alex/.m2/repository/org/apache/pig/pig/0.16.0/pig-0.16.0-h2.jar!/ivysettings.xml will be used
2024-04-24T11:29:26,817  INFO [main] session.SessionState: Created HDFS directory: /home/alex/Repositories/hive/hcatalog/hcatalog-pig-adapter/target/tmp/scratchdir/alex/b1173d86-9980-4c26-a7a7-6a1ebba0408b
2024-04-24T11:29:26,819  INFO [main] session.SessionState: Created local directory: /home/alex/Repositories/hive/hcatalog/hcatalog-pig-adapter/target/tmp/localscratchdir/b1173d86-9980-4c26-a7a7-6a1ebba0408b
2024-04-24T11:29:26,822  INFO [main] session.SessionState: Created HDFS directory: /home/alex/Repositories/hive/hcatalog/hcatalog-pig-adapter/target/tmp/scratchdir/alex/b1173d86-9980-4c26-a7a7-6a1ebba0408b/_tmp_space.db
2024-04-24T11:29:26,822  INFO [main] ql.Driver: Compiling command(queryId=alex_20240424112926_f4b7fbf9-037b-4068-9ac7-4afa877a2301): use default
2024-04-24T11:29:26,823  INFO [main] HiveMetaStore.audit: ugi=alex	ip=unknown-ip-addr	cmd=get_database: default	
2024-04-24T11:29:26,824  INFO [main] ql.Driver: Semantic Analysis Completed (retrial = false)
2024-04-24T11:29:26,824  INFO [main] ql.Driver: Created Hive schema: Schema(fieldSchemas:null, properties:null)
2024-04-24T11:29:26,824  INFO [main] metadata.Hive: Dumping metastore api call timing information for : compilation phase
2024-04-24T11:29:26,824  INFO [main] metadata.Hive: Total time spent in each metastore function (ms): {getDatabase_(String)=1, isCompatibleWith_(Configuration)=0, flushCache_()=1}
2024-04-24T11:29:26,824  INFO [main] ql.Driver: Completed compiling command(queryId=alex_20240424112926_f4b7fbf9-037b-4068-9ac7-4afa877a2301); Time taken: 0.002 seconds
2024-04-24T11:29:26,824  INFO [main] reexec.ReExecDriver: Execution #1 of query
2024-04-24T11:29:26,824  INFO [main] ql.Driver: Concurrency mode is disabled, not creating a lock manager
2024-04-24T11:29:26,824  INFO [main] ql.Driver: Executing command(queryId=alex_20240424112926_f4b7fbf9-037b-4068-9ac7-4afa877a2301): use default
2024-04-24T11:29:26,825  INFO [main] ql.Driver: Starting task [Stage-0:DDL] in serial mode
2024-04-24T11:29:26,825  INFO [main] HiveMetaStore.audit: ugi=alex	ip=unknown-ip-addr	cmd=get_database: default	
2024-04-24T11:29:26,826  INFO [main] HiveMetaStore.audit: ugi=alex	ip=unknown-ip-addr	cmd=get_database: default	
2024-04-24T11:29:26,827  INFO [main] metadata.Hive: Dumping metastore api call timing information for : execution phase
2024-04-24T11:29:26,827  INFO [main] metadata.Hive: Total time spent in each metastore function (ms): {getDatabase_(String)=2, isCompatibleWith_(Configuration)=0}
2024-04-24T11:29:26,828  INFO [main] ql.Driver: Completed executing command(queryId=alex_20240424112926_f4b7fbf9-037b-4068-9ac7-4afa877a2301); Time taken: 0.003 seconds
2024-04-24T11:29:26,828  INFO [main] ql.Driver: Compiling command(queryId=alex_20240424112926_f4b7fbf9-037b-4068-9ac7-4afa877a2301): create table junit_unparted_basic(a int, b string) stored as RCFILE TBLPROPERTIES ('transactional'='false')
2024-04-24T11:29:26,829  INFO [main] parse.CalcitePlanner: Starting caching scope for: alex_20240424112926_f4b7fbf9-037b-4068-9ac7-4afa877a2301
2024-04-24T11:29:26,829  INFO [main] parse.CalcitePlanner: Starting Semantic Analysis
2024-04-24T11:29:26,829  INFO [main] sqlstd.SQLStdHiveAccessController: Created SQLStdHiveAccessController for session context : HiveAuthzSessionContext [sessionString=b1173d86-9980-4c26-a7a7-6a1ebba0408b, clientType=HIVECLI]
2024-04-24T11:29:26,829  INFO [main] metastore.HiveMetaStoreClient: Mestastore configuration metastore.filter.hook changed from org.apache.hadoop.hive.metastore.DefaultMetaStoreFilterHookImpl to org.apache.hadoop.hive.ql.security.authorization.plugin.AuthorizationMetaStoreFilterHook
2024-04-24T11:29:26,829  INFO [main] HiveMetaStore.audit: ugi=alex	ip=unknown-ip-addr	cmd=Cleaning up thread local RawStore...	
2024-04-24T11:29:26,829  INFO [main] metastore.ObjectStore: RawStore: org.apache.hadoop.hive.metastore.ObjectStore@53413a1a, with PersistenceManager: org.datanucleus.api.jdo.JDOPersistenceManager@76ec9702 will be shutdown
2024-04-24T11:29:26,829  INFO [main] HiveMetaStore.audit: ugi=alex	ip=unknown-ip-addr	cmd=Done cleaning up thread local RawStore	
2024-04-24T11:29:26,829  INFO [main] metastore.HiveMetaStoreClient: Closed a connection to metastore, current connections: -28
2024-04-24T11:29:26,830  INFO [main] metastore.HiveMetaStoreClient: HMS client filtering is enabled.
2024-04-24T11:29:26,831  INFO [main] metastore.HMSHandler: 0: Opening raw store with implementation class:org.apache.hadoop.hive.metastore.ObjectStore
2024-04-24T11:29:26,831  INFO [main] metastore.PersistenceManagerProvider: Configuration datanucleus.autoStartMechanismMode is not set. Defaulting to 'ignored'
2024-04-24T11:29:26,831  INFO [main] metastore.ObjectStore: RawStore: org.apache.hadoop.hive.metastore.ObjectStore@5c0104df, with PersistenceManager: null will be shutdown
2024-04-24T11:29:26,832  INFO [main] metastore.ObjectStore: RawStore: org.apache.hadoop.hive.metastore.ObjectStore@5c0104df, with PersistenceManager: org.datanucleus.api.jdo.JDOPersistenceManager@6f319f62 created in the thread with id: 1
2024-04-24T11:29:26,833  INFO [main] metastore.HMSHandler: Created RawStore: org.apache.hadoop.hive.metastore.ObjectStore@5c0104df from thread id: 1
2024-04-24T11:29:26,833  INFO [main] metastore.HMSHandler: HMS server filtering is disabled by configuration
2024-04-24T11:29:26,833  INFO [main] metastore.RetryingMetaStoreClient: RetryingMetaStoreClient proxy=class org.apache.hadoop.hive.ql.metadata.SessionHiveMetaStoreClient ugi=alex (auth:SIMPLE) retries=1 delay=1 lifetime=0
2024-04-24T11:29:26,833  INFO [main] parse.CalcitePlanner: Creating table default.junit_unparted_basic position=13
2024-04-24T11:29:26,834  INFO [main] metastore.HiveMetaStoreClient: HMS client filtering is enabled.
2024-04-24T11:29:26,834  INFO [main] metastore.PersistenceManagerProvider: Configuration datanucleus.autoStartMechanismMode is not set. Defaulting to 'ignored'
2024-04-24T11:29:26,835  INFO [main] metastore.ObjectStore: RawStore: org.apache.hadoop.hive.metastore.ObjectStore@5c0104df, with PersistenceManager: org.datanucleus.api.jdo.JDOPersistenceManager@6f319f62 will be shutdown
2024-04-24T11:29:26,835  INFO [main] metastore.ObjectStore: RawStore: org.apache.hadoop.hive.metastore.ObjectStore@5c0104df, with PersistenceManager: org.datanucleus.api.jdo.JDOPersistenceManager@7f6469b1 created in the thread with id: 1
2024-04-24T11:29:26,838  INFO [main] metastore.HMSHandler: HMS server filtering is disabled by configuration
2024-04-24T11:29:26,838  INFO [main] metastore.RetryingMetaStoreClient: RetryingMetaStoreClient proxy=class org.apache.hadoop.hive.ql.metadata.SessionHiveMetaStoreClient ugi=alex (auth:SIMPLE) retries=1 delay=1 lifetime=0
2024-04-24T11:29:26,838  INFO [main] HiveMetaStore.audit: ugi=alex	ip=unknown-ip-addr	cmd=get_database: default	
2024-04-24T11:29:26,840  INFO [main] parse.CalcitePlanner: Ending caching scope for: alex_20240424112926_f4b7fbf9-037b-4068-9ac7-4afa877a2301
2024-04-24T11:29:26,840  INFO [main] ql.Driver: Semantic Analysis Completed (retrial = false)
2024-04-24T11:29:26,840  INFO [main] ql.Driver: Created Hive schema: Schema(fieldSchemas:null, properties:null)
2024-04-24T11:29:26,840  INFO [main] metadata.Hive: Dumping metastore api call timing information for : compilation phase
2024-04-24T11:29:26,840  INFO [main] metadata.Hive: Total time spent in each metastore function (ms): {}
2024-04-24T11:29:26,840  INFO [main] ql.Driver: Completed compiling command(queryId=alex_20240424112926_f4b7fbf9-037b-4068-9ac7-4afa877a2301); Time taken: 0.012 seconds
2024-04-24T11:29:26,840  INFO [main] reexec.ReExecDriver: Execution #1 of query
2024-04-24T11:29:26,840  INFO [main] ql.Driver: Concurrency mode is disabled, not creating a lock manager
2024-04-24T11:29:26,840  INFO [main] ql.Driver: Executing command(queryId=alex_20240424112926_f4b7fbf9-037b-4068-9ac7-4afa877a2301): create table junit_unparted_basic(a int, b string) stored as RCFILE TBLPROPERTIES ('transactional'='false')
2024-04-24T11:29:26,840  INFO [main] ql.Driver: Starting task [Stage-0:DDL] in serial mode
2024-04-24T11:29:26,840  INFO [main] metastore.HiveMetaStoreClient: Mestastore configuration metastore.filter.hook changed from org.apache.hadoop.hive.ql.security.authorization.plugin.AuthorizationMetaStoreFilterHook to org.apache.hadoop.hive.metastore.DefaultMetaStoreFilterHookImpl
2024-04-24T11:29:26,841  INFO [main] HiveMetaStore.audit: ugi=alex	ip=unknown-ip-addr	cmd=Cleaning up thread local RawStore...	
2024-04-24T11:29:26,841  INFO [main] metastore.ObjectStore: RawStore: org.apache.hadoop.hive.metastore.ObjectStore@5c0104df, with PersistenceManager: org.datanucleus.api.jdo.JDOPersistenceManager@7f6469b1 will be shutdown
2024-04-24T11:29:26,841  INFO [main] HiveMetaStore.audit: ugi=alex	ip=unknown-ip-addr	cmd=Done cleaning up thread local RawStore	
2024-04-24T11:29:26,841  INFO [main] metastore.HiveMetaStoreClient: Closed a connection to metastore, current connections: -29
2024-04-24T11:29:26,843  INFO [main] metastore.HiveMetaStoreClient: HMS client filtering is enabled.
2024-04-24T11:29:26,844  INFO [main] metastore.HMSHandler: 0: Opening raw store with implementation class:org.apache.hadoop.hive.metastore.ObjectStore
2024-04-24T11:29:26,844  INFO [main] metastore.PersistenceManagerProvider: Configuration datanucleus.autoStartMechanismMode is not set. Defaulting to 'ignored'
2024-04-24T11:29:26,844  INFO [main] metastore.ObjectStore: RawStore: org.apache.hadoop.hive.metastore.ObjectStore@426dc148, with PersistenceManager: null will be shutdown
2024-04-24T11:29:26,844  INFO [main] metastore.ObjectStore: RawStore: org.apache.hadoop.hive.metastore.ObjectStore@426dc148, with PersistenceManager: org.datanucleus.api.jdo.JDOPersistenceManager@21940db3 created in the thread with id: 1
2024-04-24T11:29:26,846  INFO [main] metastore.HMSHandler: Created RawStore: org.apache.hadoop.hive.metastore.ObjectStore@426dc148 from thread id: 1
2024-04-24T11:29:26,846  INFO [main] metastore.HMSHandler: HMS server filtering is disabled by configuration
2024-04-24T11:29:26,846  INFO [main] metastore.RetryingMetaStoreClient: RetryingMetaStoreClient proxy=class org.apache.hadoop.hive.ql.metadata.SessionHiveMetaStoreClient ugi=alex (auth:SIMPLE) retries=1 delay=1 lifetime=0
2024-04-24T11:29:26,847  INFO [main] HiveMetaStore.audit: ugi=alex	ip=unknown-ip-addr	cmd=create_table_req: Table(tableName:junit_unparted_basic, dbName:default, owner:alex, createTime:1713983366, lastAccessTime:0, retention:0, sd:StorageDescriptor(cols:[FieldSchema(name:a, type:int, comment:null), FieldSchema(name:b, type:string, comment:null)], location:null, inputFormat:org.apache.hadoop.hive.ql.io.RCFileInputFormat, outputFormat:org.apache.hadoop.hive.ql.io.RCFileOutputFormat, compressed:false, numBuckets:-1, serdeInfo:SerDeInfo(name:null, serializationLib:org.apache.hadoop.hive.serde2.columnar.ColumnarSerDe, parameters:{serialization.format=1}), bucketCols:[], sortCols:[], parameters:{}, skewedInfo:SkewedInfo(skewedColNames:[], skewedColValues:[], skewedColValueLocationMaps:{}), storedAsSubDirectories:false), partitionKeys:[], parameters:{COLUMN_STATS_ACCURATE={"BASIC_STATS":"true","COLUMN_STATS":{"a":"true","b":"true"}}, totalSize=0, numRows=0, rawDataSize=0, bucketing_version=2, transactional=false, numFilesErasureCoded=0, numFiles=0}, viewOriginalText:null, viewExpandedText:null, tableType:MANAGED_TABLE, privileges:PrincipalPrivilegeSet(userPrivileges:{alex=[PrivilegeGrantInfo(privilege:INSERT, createTime:-1, grantor:alex, grantorType:USER, grantOption:true), PrivilegeGrantInfo(privilege:SELECT, createTime:-1, grantor:alex, grantorType:USER, grantOption:true), PrivilegeGrantInfo(privilege:UPDATE, createTime:-1, grantor:alex, grantorType:USER, grantOption:true), PrivilegeGrantInfo(privilege:DELETE, createTime:-1, grantor:alex, grantorType:USER, grantOption:true)]}, groupPrivileges:null, rolePrivileges:null), temporary:false, catName:hive, ownerType:USER)	
2024-04-24T11:29:26,857  WARN [main] metastore.HMSHandler: create_table_req got 
org.apache.hadoop.hive.metastore.api.AlreadyExistsException: Table hive.default.junit_unparted_basic already exists
	at org.apache.hadoop.hive.metastore.HMSHandler.create_table_core(HMSHandler.java:2339) ~[classes/:?]
	at org.apache.hadoop.hive.metastore.HMSHandler.create_table_req(HMSHandler.java:2598) [classes/:?]
	at sun.reflect.GeneratedMethodAccessor40.invoke(Unknown Source) ~[?:?]
	at sun.reflect.DelegatingMethodAccessorImpl.invoke(DelegatingMethodAccessorImpl.java:43) ~[?:1.8.0_402]
	at java.lang.reflect.Method.invoke(Method.java:498) ~[?:1.8.0_402]
	at org.apache.hadoop.hive.metastore.RetryingHMSHandler.invokeInternal(RetryingHMSHandler.java:147) [classes/:?]
	at org.apache.hadoop.hive.metastore.RetryingHMSHandler.invoke(RetryingHMSHandler.java:108) [classes/:?]
	at com.sun.proxy.$Proxy35.create_table_req(Unknown Source) [?:?]
	at org.apache.hadoop.hive.metastore.HiveMetaStoreClient.create_table_with_environment_context(HiveMetaStoreClient.java:4408) [classes/:?]
	at org.apache.hadoop.hive.ql.metadata.SessionHiveMetaStoreClient.create_table_with_environment_context(SessionHiveMetaStoreClient.java:182) [classes/:?]
	at org.apache.hadoop.hive.metastore.HiveMetaStoreClient.createTable(HiveMetaStoreClient.java:1260) [classes/:?]
	at org.apache.hadoop.hive.metastore.HiveMetaStoreClient.createTable(HiveMetaStoreClient.java:1245) [classes/:?]
	at sun.reflect.GeneratedMethodAccessor39.invoke(Unknown Source) ~[?:?]
	at sun.reflect.DelegatingMethodAccessorImpl.invoke(DelegatingMethodAccessorImpl.java:43) ~[?:1.8.0_402]
	at java.lang.reflect.Method.invoke(Method.java:498) ~[?:1.8.0_402]
	at org.apache.hadoop.hive.metastore.RetryingMetaStoreClient.invoke(RetryingMetaStoreClient.java:218) [classes/:?]
	at com.sun.proxy.$Proxy45.createTable(Unknown Source) [?:?]
	at org.apache.hadoop.hive.ql.metadata.Hive.createTable(Hive.java:1290) [classes/:?]
	at org.apache.hadoop.hive.ql.metadata.Hive.createTable(Hive.java:1306) [classes/:?]
	at org.apache.hadoop.hive.ql.ddl.table.create.CreateTableOperation.createTableNonReplaceMode(CreateTableOperation.java:140) [classes/:?]
	at org.apache.hadoop.hive.ql.ddl.table.create.CreateTableOperation.execute(CreateTableOperation.java:98) [classes/:?]
	at org.apache.hadoop.hive.ql.ddl.DDLTask.execute(DDLTask.java:84) [classes/:?]
	at org.apache.hadoop.hive.ql.exec.Task.executeTask(Task.java:212) [classes/:?]
	at org.apache.hadoop.hive.ql.exec.TaskRunner.runSequential(TaskRunner.java:105) [classes/:?]
	at org.apache.hadoop.hive.ql.Executor.launchTask(Executor.java:361) [classes/:?]
	at org.apache.hadoop.hive.ql.Executor.launchTasks(Executor.java:334) [classes/:?]
	at org.apache.hadoop.hive.ql.Executor.runTasks(Executor.java:245) [classes/:?]
	at org.apache.hadoop.hive.ql.Executor.execute(Executor.java:108) [classes/:?]
	at org.apache.hadoop.hive.ql.Driver.execute(Driver.java:348) [classes/:?]
	at org.apache.hadoop.hive.ql.Driver.runInternal(Driver.java:204) [classes/:?]
	at org.apache.hadoop.hive.ql.Driver.run(Driver.java:153) [classes/:?]
	at org.apache.hadoop.hive.ql.Driver.run(Driver.java:148) [classes/:?]
	at org.apache.hadoop.hive.ql.reexec.ReExecDriver.run(ReExecDriver.java:164) [classes/:?]
	at org.apache.hadoop.hive.ql.reexec.ReExecDriver.run(ReExecDriver.java:230) [classes/:?]
	at org.apache.hive.hcatalog.pig.AbstractHCatLoaderTest.executeStatementOnDriver(AbstractHCatLoaderTest.java:151) [test-classes/:?]
	at org.apache.hive.hcatalog.pig.AbstractHCatLoaderTest.createTable(AbstractHCatLoaderTest.java:134) [test-classes/:?]
	at org.apache.hive.hcatalog.pig.AbstractHCatLoaderTest.createTable(AbstractHCatLoaderTest.java:104) [test-classes/:?]
	at org.apache.hive.hcatalog.pig.AbstractHCatLoaderTest.createTableDefaultDB(AbstractHCatLoaderTest.java:142) [test-classes/:?]
	at org.apache.hive.hcatalog.pig.AbstractHCatLoaderTest.setUpTest(AbstractHCatLoaderTest.java:162) [test-classes/:?]
	at sun.reflect.NativeMethodAccessorImpl.invoke0(Native Method) ~[?:1.8.0_402]
	at sun.reflect.NativeMethodAccessorImpl.invoke(NativeMethodAccessorImpl.java:62) ~[?:1.8.0_402]
	at sun.reflect.DelegatingMethodAccessorImpl.invoke(DelegatingMethodAccessorImpl.java:43) ~[?:1.8.0_402]
	at java.lang.reflect.Method.invoke(Method.java:498) ~[?:1.8.0_402]
	at org.junit.runners.model.FrameworkMethod$1.runReflectiveCall(FrameworkMethod.java:59) [junit-4.13.jar:4.13]
	at org.junit.internal.runners.model.ReflectiveCallable.run(ReflectiveCallable.java:12) [junit-4.13.jar:4.13]
	at org.junit.runners.model.FrameworkMethod.invokeExplosively(FrameworkMethod.java:56) [junit-4.13.jar:4.13]
	at org.junit.internal.runners.statements.RunBefores.invokeMethod(RunBefores.java:33) [junit-4.13.jar:4.13]
	at org.junit.internal.runners.statements.RunBefores.evaluate(RunBefores.java:24) [junit-4.13.jar:4.13]
	at org.junit.internal.runners.statements.RunAfters.evaluate(RunAfters.java:27) [junit-4.13.jar:4.13]
	at org.junit.runners.ParentRunner$3.evaluate(ParentRunner.java:306) [junit-4.13.jar:4.13]
	at org.junit.runners.BlockJUnit4ClassRunner$1.evaluate(BlockJUnit4ClassRunner.java:100) [junit-4.13.jar:4.13]
	at org.junit.runners.ParentRunner.runLeaf(ParentRunner.java:366) [junit-4.13.jar:4.13]
	at org.junit.runners.BlockJUnit4ClassRunner.runChild(BlockJUnit4ClassRunner.java:103) [junit-4.13.jar:4.13]
	at org.junit.runners.BlockJUnit4ClassRunner.runChild(BlockJUnit4ClassRunner.java:63) [junit-4.13.jar:4.13]
	at org.junit.runners.ParentRunner$4.run(ParentRunner.java:331) [junit-4.13.jar:4.13]
	at org.junit.runners.ParentRunner$1.schedule(ParentRunner.java:79) [junit-4.13.jar:4.13]
	at org.junit.runners.ParentRunner.runChildren(ParentRunner.java:329) [junit-4.13.jar:4.13]
	at org.junit.runners.ParentRunner.access$100(ParentRunner.java:66) [junit-4.13.jar:4.13]
	at org.junit.runners.ParentRunner$2.evaluate(ParentRunner.java:293) [junit-4.13.jar:4.13]
	at org.junit.internal.runners.statements.RunBefores.evaluate(RunBefores.java:26) [junit-4.13.jar:4.13]
	at org.junit.runners.ParentRunner$3.evaluate(ParentRunner.java:306) [junit-4.13.jar:4.13]
	at org.junit.runners.ParentRunner.run(ParentRunner.java:413) [junit-4.13.jar:4.13]
	at org.junit.runners.Suite.runChild(Suite.java:128) [junit-4.13.jar:4.13]
	at org.junit.runners.Suite.runChild(Suite.java:27) [junit-4.13.jar:4.13]
	at org.junit.runners.ParentRunner$4.run(ParentRunner.java:331) [junit-4.13.jar:4.13]
	at org.junit.runners.ParentRunner$1.schedule(ParentRunner.java:79) [junit-4.13.jar:4.13]
	at org.junit.runners.ParentRunner.runChildren(ParentRunner.java:329) [junit-4.13.jar:4.13]
	at org.junit.runners.ParentRunner.access$100(ParentRunner.java:66) [junit-4.13.jar:4.13]
	at org.junit.runners.ParentRunner$2.evaluate(ParentRunner.java:293) [junit-4.13.jar:4.13]
	at org.junit.runners.ParentRunner$3.evaluate(ParentRunner.java:306) [junit-4.13.jar:4.13]
	at org.junit.runners.ParentRunner.run(ParentRunner.java:413) [junit-4.13.jar:4.13]
	at org.apache.maven.surefire.junitcore.JUnitCore.run(JUnitCore.java:55) [surefire-junit47-3.0.0-M4.jar:3.0.0-M4]
	at org.apache.maven.surefire.junitcore.JUnitCoreWrapper.createRequestAndRun(JUnitCoreWrapper.java:137) [surefire-junit47-3.0.0-M4.jar:3.0.0-M4]
	at org.apache.maven.surefire.junitcore.JUnitCoreWrapper.executeEager(JUnitCoreWrapper.java:107) [surefire-junit47-3.0.0-M4.jar:3.0.0-M4]
	at org.apache.maven.surefire.junitcore.JUnitCoreWrapper.execute(JUnitCoreWrapper.java:83) [surefire-junit47-3.0.0-M4.jar:3.0.0-M4]
	at org.apache.maven.surefire.junitcore.JUnitCoreWrapper.execute(JUnitCoreWrapper.java:75) [surefire-junit47-3.0.0-M4.jar:3.0.0-M4]
	at org.apache.maven.surefire.junitcore.JUnitCoreProvider.invoke(JUnitCoreProvider.java:158) [surefire-junit47-3.0.0-M4.jar:3.0.0-M4]
	at org.apache.maven.surefire.booter.ForkedBooter.runSuitesInProcess(ForkedBooter.java:377) [surefire-booter-3.0.0-M4.jar:3.0.0-M4]
	at org.apache.maven.surefire.booter.ForkedBooter.execute(ForkedBooter.java:138) [surefire-booter-3.0.0-M4.jar:3.0.0-M4]
	at org.apache.maven.surefire.booter.ForkedBooter.run(ForkedBooter.java:465) [surefire-booter-3.0.0-M4.jar:3.0.0-M4]
	at org.apache.maven.surefire.booter.ForkedBooter.main(ForkedBooter.java:451) [surefire-booter-3.0.0-M4.jar:3.0.0-M4]
2024-04-24T11:29:26,860 ERROR [main] metastore.RetryingHMSHandler: AlreadyExistsException(message:Table hive.default.junit_unparted_basic already exists)
	at org.apache.hadoop.hive.metastore.HMSHandler.create_table_core(HMSHandler.java:2339)
	at org.apache.hadoop.hive.metastore.HMSHandler.create_table_req(HMSHandler.java:2598)
	at sun.reflect.GeneratedMethodAccessor40.invoke(Unknown Source)
	at sun.reflect.DelegatingMethodAccessorImpl.invoke(DelegatingMethodAccessorImpl.java:43)
	at java.lang.reflect.Method.invoke(Method.java:498)
	at org.apache.hadoop.hive.metastore.RetryingHMSHandler.invokeInternal(RetryingHMSHandler.java:147)
	at org.apache.hadoop.hive.metastore.RetryingHMSHandler.invoke(RetryingHMSHandler.java:108)
	at com.sun.proxy.$Proxy35.create_table_req(Unknown Source)
	at org.apache.hadoop.hive.metastore.HiveMetaStoreClient.create_table_with_environment_context(HiveMetaStoreClient.java:4408)
	at org.apache.hadoop.hive.ql.metadata.SessionHiveMetaStoreClient.create_table_with_environment_context(SessionHiveMetaStoreClient.java:182)
	at org.apache.hadoop.hive.metastore.HiveMetaStoreClient.createTable(HiveMetaStoreClient.java:1260)
	at org.apache.hadoop.hive.metastore.HiveMetaStoreClient.createTable(HiveMetaStoreClient.java:1245)
	at sun.reflect.GeneratedMethodAccessor39.invoke(Unknown Source)
	at sun.reflect.DelegatingMethodAccessorImpl.invoke(DelegatingMethodAccessorImpl.java:43)
	at java.lang.reflect.Method.invoke(Method.java:498)
	at org.apache.hadoop.hive.metastore.RetryingMetaStoreClient.invoke(RetryingMetaStoreClient.java:218)
	at com.sun.proxy.$Proxy45.createTable(Unknown Source)
	at org.apache.hadoop.hive.ql.metadata.Hive.createTable(Hive.java:1290)
	at org.apache.hadoop.hive.ql.metadata.Hive.createTable(Hive.java:1306)
	at org.apache.hadoop.hive.ql.ddl.table.create.CreateTableOperation.createTableNonReplaceMode(CreateTableOperation.java:140)
	at org.apache.hadoop.hive.ql.ddl.table.create.CreateTableOperation.execute(CreateTableOperation.java:98)
	at org.apache.hadoop.hive.ql.ddl.DDLTask.execute(DDLTask.java:84)
	at org.apache.hadoop.hive.ql.exec.Task.executeTask(Task.java:212)
	at org.apache.hadoop.hive.ql.exec.TaskRunner.runSequential(TaskRunner.java:105)
	at org.apache.hadoop.hive.ql.Executor.launchTask(Executor.java:361)
	at org.apache.hadoop.hive.ql.Executor.launchTasks(Executor.java:334)
	at org.apache.hadoop.hive.ql.Executor.runTasks(Executor.java:245)
	at org.apache.hadoop.hive.ql.Executor.execute(Executor.java:108)
	at org.apache.hadoop.hive.ql.Driver.execute(Driver.java:348)
	at org.apache.hadoop.hive.ql.Driver.runInternal(Driver.java:204)
	at org.apache.hadoop.hive.ql.Driver.run(Driver.java:153)
	at org.apache.hadoop.hive.ql.Driver.run(Driver.java:148)
	at org.apache.hadoop.hive.ql.reexec.ReExecDriver.run(ReExecDriver.java:164)
	at org.apache.hadoop.hive.ql.reexec.ReExecDriver.run(ReExecDriver.java:230)
	at org.apache.hive.hcatalog.pig.AbstractHCatLoaderTest.executeStatementOnDriver(AbstractHCatLoaderTest.java:151)
	at org.apache.hive.hcatalog.pig.AbstractHCatLoaderTest.createTable(AbstractHCatLoaderTest.java:134)
	at org.apache.hive.hcatalog.pig.AbstractHCatLoaderTest.createTable(AbstractHCatLoaderTest.java:104)
	at org.apache.hive.hcatalog.pig.AbstractHCatLoaderTest.createTableDefaultDB(AbstractHCatLoaderTest.java:142)
	at org.apache.hive.hcatalog.pig.AbstractHCatLoaderTest.setUpTest(AbstractHCatLoaderTest.java:162)
	at sun.reflect.NativeMethodAccessorImpl.invoke0(Native Method)
	at sun.reflect.NativeMethodAccessorImpl.invoke(NativeMethodAccessorImpl.java:62)
	at sun.reflect.DelegatingMethodAccessorImpl.invoke(DelegatingMethodAccessorImpl.java:43)
	at java.lang.reflect.Method.invoke(Method.java:498)
	at org.junit.runners.model.FrameworkMethod$1.runReflectiveCall(FrameworkMethod.java:59)
	at org.junit.internal.runners.model.ReflectiveCallable.run(ReflectiveCallable.java:12)
	at org.junit.runners.model.FrameworkMethod.invokeExplosively(FrameworkMethod.java:56)
	at org.junit.internal.runners.statements.RunBefores.invokeMethod(RunBefores.java:33)
	at org.junit.internal.runners.statements.RunBefores.evaluate(RunBefores.java:24)
	at org.junit.internal.runners.statements.RunAfters.evaluate(RunAfters.java:27)
	at org.junit.runners.ParentRunner$3.evaluate(ParentRunner.java:306)
	at org.junit.runners.BlockJUnit4ClassRunner$1.evaluate(BlockJUnit4ClassRunner.java:100)
	at org.junit.runners.ParentRunner.runLeaf(ParentRunner.java:366)
	at org.junit.runners.BlockJUnit4ClassRunner.runChild(BlockJUnit4ClassRunner.java:103)
	at org.junit.runners.BlockJUnit4ClassRunner.runChild(BlockJUnit4ClassRunner.java:63)
	at org.junit.runners.ParentRunner$4.run(ParentRunner.java:331)
	at org.junit.runners.ParentRunner$1.schedule(ParentRunner.java:79)
	at org.junit.runners.ParentRunner.runChildren(ParentRunner.java:329)
	at org.junit.runners.ParentRunner.access$100(ParentRunner.java:66)
	at org.junit.runners.ParentRunner$2.evaluate(ParentRunner.java:293)
	at org.junit.internal.runners.statements.RunBefores.evaluate(RunBefores.java:26)
	at org.junit.runners.ParentRunner$3.evaluate(ParentRunner.java:306)
	at org.junit.runners.ParentRunner.run(ParentRunner.java:413)
	at org.junit.runners.Suite.runChild(Suite.java:128)
	at org.junit.runners.Suite.runChild(Suite.java:27)
	at org.junit.runners.ParentRunner$4.run(ParentRunner.java:331)
	at org.junit.runners.ParentRunner$1.schedule(ParentRunner.java:79)
	at org.junit.runners.ParentRunner.runChildren(ParentRunner.java:329)
	at org.junit.runners.ParentRunner.access$100(ParentRunner.java:66)
	at org.junit.runners.ParentRunner$2.evaluate(ParentRunner.java:293)
	at org.junit.runners.ParentRunner$3.evaluate(ParentRunner.java:306)
	at org.junit.runners.ParentRunner.run(ParentRunner.java:413)
	at org.apache.maven.surefire.junitcore.JUnitCore.run(JUnitCore.java:55)
	at org.apache.maven.surefire.junitcore.JUnitCoreWrapper.createRequestAndRun(JUnitCoreWrapper.java:137)
	at org.apache.maven.surefire.junitcore.JUnitCoreWrapper.executeEager(JUnitCoreWrapper.java:107)
	at org.apache.maven.surefire.junitcore.JUnitCoreWrapper.execute(JUnitCoreWrapper.java:83)
	at org.apache.maven.surefire.junitcore.JUnitCoreWrapper.execute(JUnitCoreWrapper.java:75)
	at org.apache.maven.surefire.junitcore.JUnitCoreProvider.invoke(JUnitCoreProvider.java:158)
	at org.apache.maven.surefire.booter.ForkedBooter.runSuitesInProcess(ForkedBooter.java:377)
	at org.apache.maven.surefire.booter.ForkedBooter.execute(ForkedBooter.java:138)
	at org.apache.maven.surefire.booter.ForkedBooter.run(ForkedBooter.java:465)
	at org.apache.maven.surefire.booter.ForkedBooter.main(ForkedBooter.java:451)

2024-04-24T11:29:26,860 ERROR [main] exec.Task: Failed
org.apache.hadoop.hive.ql.metadata.HiveException: AlreadyExistsException(message:Table hive.default.junit_unparted_basic already exists)
	at org.apache.hadoop.hive.ql.metadata.Hive.createTable(Hive.java:1298) ~[classes/:?]
	at org.apache.hadoop.hive.ql.metadata.Hive.createTable(Hive.java:1306) ~[classes/:?]
	at org.apache.hadoop.hive.ql.ddl.table.create.CreateTableOperation.createTableNonReplaceMode(CreateTableOperation.java:140) ~[classes/:?]
	at org.apache.hadoop.hive.ql.ddl.table.create.CreateTableOperation.execute(CreateTableOperation.java:98) ~[classes/:?]
	at org.apache.hadoop.hive.ql.ddl.DDLTask.execute(DDLTask.java:84) [classes/:?]
	at org.apache.hadoop.hive.ql.exec.Task.executeTask(Task.java:212) [classes/:?]
	at org.apache.hadoop.hive.ql.exec.TaskRunner.runSequential(TaskRunner.java:105) [classes/:?]
	at org.apache.hadoop.hive.ql.Executor.launchTask(Executor.java:361) [classes/:?]
	at org.apache.hadoop.hive.ql.Executor.launchTasks(Executor.java:334) [classes/:?]
	at org.apache.hadoop.hive.ql.Executor.runTasks(Executor.java:245) [classes/:?]
	at org.apache.hadoop.hive.ql.Executor.execute(Executor.java:108) [classes/:?]
	at org.apache.hadoop.hive.ql.Driver.execute(Driver.java:348) [classes/:?]
	at org.apache.hadoop.hive.ql.Driver.runInternal(Driver.java:204) [classes/:?]
	at org.apache.hadoop.hive.ql.Driver.run(Driver.java:153) [classes/:?]
	at org.apache.hadoop.hive.ql.Driver.run(Driver.java:148) [classes/:?]
	at org.apache.hadoop.hive.ql.reexec.ReExecDriver.run(ReExecDriver.java:164) [classes/:?]
	at org.apache.hadoop.hive.ql.reexec.ReExecDriver.run(ReExecDriver.java:230) [classes/:?]
	at org.apache.hive.hcatalog.pig.AbstractHCatLoaderTest.executeStatementOnDriver(AbstractHCatLoaderTest.java:151) [test-classes/:?]
	at org.apache.hive.hcatalog.pig.AbstractHCatLoaderTest.createTable(AbstractHCatLoaderTest.java:134) [test-classes/:?]
	at org.apache.hive.hcatalog.pig.AbstractHCatLoaderTest.createTable(AbstractHCatLoaderTest.java:104) [test-classes/:?]
	at org.apache.hive.hcatalog.pig.AbstractHCatLoaderTest.createTableDefaultDB(AbstractHCatLoaderTest.java:142) [test-classes/:?]
	at org.apache.hive.hcatalog.pig.AbstractHCatLoaderTest.setUpTest(AbstractHCatLoaderTest.java:162) [test-classes/:?]
	at sun.reflect.NativeMethodAccessorImpl.invoke0(Native Method) ~[?:1.8.0_402]
	at sun.reflect.NativeMethodAccessorImpl.invoke(NativeMethodAccessorImpl.java:62) ~[?:1.8.0_402]
	at sun.reflect.DelegatingMethodAccessorImpl.invoke(DelegatingMethodAccessorImpl.java:43) ~[?:1.8.0_402]
	at java.lang.reflect.Method.invoke(Method.java:498) ~[?:1.8.0_402]
	at org.junit.runners.model.FrameworkMethod$1.runReflectiveCall(FrameworkMethod.java:59) [junit-4.13.jar:4.13]
	at org.junit.internal.runners.model.ReflectiveCallable.run(ReflectiveCallable.java:12) [junit-4.13.jar:4.13]
	at org.junit.runners.model.FrameworkMethod.invokeExplosively(FrameworkMethod.java:56) [junit-4.13.jar:4.13]
	at org.junit.internal.runners.statements.RunBefores.invokeMethod(RunBefores.java:33) [junit-4.13.jar:4.13]
	at org.junit.internal.runners.statements.RunBefores.evaluate(RunBefores.java:24) [junit-4.13.jar:4.13]
	at org.junit.internal.runners.statements.RunAfters.evaluate(RunAfters.java:27) [junit-4.13.jar:4.13]
	at org.junit.runners.ParentRunner$3.evaluate(ParentRunner.java:306) [junit-4.13.jar:4.13]
	at org.junit.runners.BlockJUnit4ClassRunner$1.evaluate(BlockJUnit4ClassRunner.java:100) [junit-4.13.jar:4.13]
	at org.junit.runners.ParentRunner.runLeaf(ParentRunner.java:366) [junit-4.13.jar:4.13]
	at org.junit.runners.BlockJUnit4ClassRunner.runChild(BlockJUnit4ClassRunner.java:103) [junit-4.13.jar:4.13]
	at org.junit.runners.BlockJUnit4ClassRunner.runChild(BlockJUnit4ClassRunner.java:63) [junit-4.13.jar:4.13]
	at org.junit.runners.ParentRunner$4.run(ParentRunner.java:331) [junit-4.13.jar:4.13]
	at org.junit.runners.ParentRunner$1.schedule(ParentRunner.java:79) [junit-4.13.jar:4.13]
	at org.junit.runners.ParentRunner.runChildren(ParentRunner.java:329) [junit-4.13.jar:4.13]
	at org.junit.runners.ParentRunner.access$100(ParentRunner.java:66) [junit-4.13.jar:4.13]
	at org.junit.runners.ParentRunner$2.evaluate(ParentRunner.java:293) [junit-4.13.jar:4.13]
	at org.junit.internal.runners.statements.RunBefores.evaluate(RunBefores.java:26) [junit-4.13.jar:4.13]
	at org.junit.runners.ParentRunner$3.evaluate(ParentRunner.java:306) [junit-4.13.jar:4.13]
	at org.junit.runners.ParentRunner.run(ParentRunner.java:413) [junit-4.13.jar:4.13]
	at org.junit.runners.Suite.runChild(Suite.java:128) [junit-4.13.jar:4.13]
	at org.junit.runners.Suite.runChild(Suite.java:27) [junit-4.13.jar:4.13]
	at org.junit.runners.ParentRunner$4.run(ParentRunner.java:331) [junit-4.13.jar:4.13]
	at org.junit.runners.ParentRunner$1.schedule(ParentRunner.java:79) [junit-4.13.jar:4.13]
	at org.junit.runners.ParentRunner.runChildren(ParentRunner.java:329) [junit-4.13.jar:4.13]
	at org.junit.runners.ParentRunner.access$100(ParentRunner.java:66) [junit-4.13.jar:4.13]
	at org.junit.runners.ParentRunner$2.evaluate(ParentRunner.java:293) [junit-4.13.jar:4.13]
	at org.junit.runners.ParentRunner$3.evaluate(ParentRunner.java:306) [junit-4.13.jar:4.13]
	at org.junit.runners.ParentRunner.run(ParentRunner.java:413) [junit-4.13.jar:4.13]
	at org.apache.maven.surefire.junitcore.JUnitCore.run(JUnitCore.java:55) [surefire-junit47-3.0.0-M4.jar:3.0.0-M4]
	at org.apache.maven.surefire.junitcore.JUnitCoreWrapper.createRequestAndRun(JUnitCoreWrapper.java:137) [surefire-junit47-3.0.0-M4.jar:3.0.0-M4]
	at org.apache.maven.surefire.junitcore.JUnitCoreWrapper.executeEager(JUnitCoreWrapper.java:107) [surefire-junit47-3.0.0-M4.jar:3.0.0-M4]
	at org.apache.maven.surefire.junitcore.JUnitCoreWrapper.execute(JUnitCoreWrapper.java:83) [surefire-junit47-3.0.0-M4.jar:3.0.0-M4]
	at org.apache.maven.surefire.junitcore.JUnitCoreWrapper.execute(JUnitCoreWrapper.java:75) [surefire-junit47-3.0.0-M4.jar:3.0.0-M4]
	at org.apache.maven.surefire.junitcore.JUnitCoreProvider.invoke(JUnitCoreProvider.java:158) [surefire-junit47-3.0.0-M4.jar:3.0.0-M4]
	at org.apache.maven.surefire.booter.ForkedBooter.runSuitesInProcess(ForkedBooter.java:377) [surefire-booter-3.0.0-M4.jar:3.0.0-M4]
	at org.apache.maven.surefire.booter.ForkedBooter.execute(ForkedBooter.java:138) [surefire-booter-3.0.0-M4.jar:3.0.0-M4]
	at org.apache.maven.surefire.booter.ForkedBooter.run(ForkedBooter.java:465) [surefire-booter-3.0.0-M4.jar:3.0.0-M4]
	at org.apache.maven.surefire.booter.ForkedBooter.main(ForkedBooter.java:451) [surefire-booter-3.0.0-M4.jar:3.0.0-M4]
Caused by: org.apache.hadoop.hive.metastore.api.AlreadyExistsException: Table hive.default.junit_unparted_basic already exists
	at org.apache.hadoop.hive.metastore.HMSHandler.create_table_core(HMSHandler.java:2339) ~[classes/:?]
	at org.apache.hadoop.hive.metastore.HMSHandler.create_table_req(HMSHandler.java:2598) ~[classes/:?]
	at sun.reflect.GeneratedMethodAccessor40.invoke(Unknown Source) ~[?:?]
	at sun.reflect.DelegatingMethodAccessorImpl.invoke(DelegatingMethodAccessorImpl.java:43) ~[?:1.8.0_402]
	at java.lang.reflect.Method.invoke(Method.java:498) ~[?:1.8.0_402]
	at org.apache.hadoop.hive.metastore.RetryingHMSHandler.invokeInternal(RetryingHMSHandler.java:147) ~[classes/:?]
	at org.apache.hadoop.hive.metastore.RetryingHMSHandler.invoke(RetryingHMSHandler.java:108) ~[classes/:?]
	at com.sun.proxy.$Proxy35.create_table_req(Unknown Source) ~[?:?]
	at org.apache.hadoop.hive.metastore.HiveMetaStoreClient.create_table_with_environment_context(HiveMetaStoreClient.java:4408) ~[classes/:?]
	at org.apache.hadoop.hive.ql.metadata.SessionHiveMetaStoreClient.create_table_with_environment_context(SessionHiveMetaStoreClient.java:182) ~[classes/:?]
	at org.apache.hadoop.hive.metastore.HiveMetaStoreClient.createTable(HiveMetaStoreClient.java:1260) ~[classes/:?]
	at org.apache.hadoop.hive.metastore.HiveMetaStoreClient.createTable(HiveMetaStoreClient.java:1245) ~[classes/:?]
	at sun.reflect.GeneratedMethodAccessor39.invoke(Unknown Source) ~[?:?]
	at sun.reflect.DelegatingMethodAccessorImpl.invoke(DelegatingMethodAccessorImpl.java:43) ~[?:1.8.0_402]
	at java.lang.reflect.Method.invoke(Method.java:498) ~[?:1.8.0_402]
	at org.apache.hadoop.hive.metastore.RetryingMetaStoreClient.invoke(RetryingMetaStoreClient.java:218) ~[classes/:?]
	at com.sun.proxy.$Proxy45.createTable(Unknown Source) ~[?:?]
	at org.apache.hadoop.hive.ql.metadata.Hive.createTable(Hive.java:1290) ~[classes/:?]
	... 63 more
2024-04-24T11:29:26,863 ERROR [main] exec.Task: DDLTask failed, DDL Operation: class org.apache.hadoop.hive.ql.ddl.table.create.CreateTableOperation
org.apache.hadoop.hive.ql.metadata.HiveException: AlreadyExistsException(message:Table hive.default.junit_unparted_basic already exists)
	at org.apache.hadoop.hive.ql.metadata.Hive.createTable(Hive.java:1298) ~[classes/:?]
	at org.apache.hadoop.hive.ql.metadata.Hive.createTable(Hive.java:1306) ~[classes/:?]
	at org.apache.hadoop.hive.ql.ddl.table.create.CreateTableOperation.createTableNonReplaceMode(CreateTableOperation.java:140) ~[classes/:?]
	at org.apache.hadoop.hive.ql.ddl.table.create.CreateTableOperation.execute(CreateTableOperation.java:98) ~[classes/:?]
	at org.apache.hadoop.hive.ql.ddl.DDLTask.execute(DDLTask.java:84) [classes/:?]
	at org.apache.hadoop.hive.ql.exec.Task.executeTask(Task.java:212) [classes/:?]
	at org.apache.hadoop.hive.ql.exec.TaskRunner.runSequential(TaskRunner.java:105) [classes/:?]
	at org.apache.hadoop.hive.ql.Executor.launchTask(Executor.java:361) [classes/:?]
	at org.apache.hadoop.hive.ql.Executor.launchTasks(Executor.java:334) [classes/:?]
	at org.apache.hadoop.hive.ql.Executor.runTasks(Executor.java:245) [classes/:?]
	at org.apache.hadoop.hive.ql.Executor.execute(Executor.java:108) [classes/:?]
	at org.apache.hadoop.hive.ql.Driver.execute(Driver.java:348) [classes/:?]
	at org.apache.hadoop.hive.ql.Driver.runInternal(Driver.java:204) [classes/:?]
	at org.apache.hadoop.hive.ql.Driver.run(Driver.java:153) [classes/:?]
	at org.apache.hadoop.hive.ql.Driver.run(Driver.java:148) [classes/:?]
	at org.apache.hadoop.hive.ql.reexec.ReExecDriver.run(ReExecDriver.java:164) [classes/:?]
	at org.apache.hadoop.hive.ql.reexec.ReExecDriver.run(ReExecDriver.java:230) [classes/:?]
	at org.apache.hive.hcatalog.pig.AbstractHCatLoaderTest.executeStatementOnDriver(AbstractHCatLoaderTest.java:151) [test-classes/:?]
	at org.apache.hive.hcatalog.pig.AbstractHCatLoaderTest.createTable(AbstractHCatLoaderTest.java:134) [test-classes/:?]
	at org.apache.hive.hcatalog.pig.AbstractHCatLoaderTest.createTable(AbstractHCatLoaderTest.java:104) [test-classes/:?]
	at org.apache.hive.hcatalog.pig.AbstractHCatLoaderTest.createTableDefaultDB(AbstractHCatLoaderTest.java:142) [test-classes/:?]
	at org.apache.hive.hcatalog.pig.AbstractHCatLoaderTest.setUpTest(AbstractHCatLoaderTest.java:162) [test-classes/:?]
	at sun.reflect.NativeMethodAccessorImpl.invoke0(Native Method) ~[?:1.8.0_402]
	at sun.reflect.NativeMethodAccessorImpl.invoke(NativeMethodAccessorImpl.java:62) ~[?:1.8.0_402]
	at sun.reflect.DelegatingMethodAccessorImpl.invoke(DelegatingMethodAccessorImpl.java:43) ~[?:1.8.0_402]
	at java.lang.reflect.Method.invoke(Method.java:498) ~[?:1.8.0_402]
	at org.junit.runners.model.FrameworkMethod$1.runReflectiveCall(FrameworkMethod.java:59) [junit-4.13.jar:4.13]
	at org.junit.internal.runners.model.ReflectiveCallable.run(ReflectiveCallable.java:12) [junit-4.13.jar:4.13]
	at org.junit.runners.model.FrameworkMethod.invokeExplosively(FrameworkMethod.java:56) [junit-4.13.jar:4.13]
	at org.junit.internal.runners.statements.RunBefores.invokeMethod(RunBefores.java:33) [junit-4.13.jar:4.13]
	at org.junit.internal.runners.statements.RunBefores.evaluate(RunBefores.java:24) [junit-4.13.jar:4.13]
	at org.junit.internal.runners.statements.RunAfters.evaluate(RunAfters.java:27) [junit-4.13.jar:4.13]
	at org.junit.runners.ParentRunner$3.evaluate(ParentRunner.java:306) [junit-4.13.jar:4.13]
	at org.junit.runners.BlockJUnit4ClassRunner$1.evaluate(BlockJUnit4ClassRunner.java:100) [junit-4.13.jar:4.13]
	at org.junit.runners.ParentRunner.runLeaf(ParentRunner.java:366) [junit-4.13.jar:4.13]
	at org.junit.runners.BlockJUnit4ClassRunner.runChild(BlockJUnit4ClassRunner.java:103) [junit-4.13.jar:4.13]
	at org.junit.runners.BlockJUnit4ClassRunner.runChild(BlockJUnit4ClassRunner.java:63) [junit-4.13.jar:4.13]
	at org.junit.runners.ParentRunner$4.run(ParentRunner.java:331) [junit-4.13.jar:4.13]
	at org.junit.runners.ParentRunner$1.schedule(ParentRunner.java:79) [junit-4.13.jar:4.13]
	at org.junit.runners.ParentRunner.runChildren(ParentRunner.java:329) [junit-4.13.jar:4.13]
	at org.junit.runners.ParentRunner.access$100(ParentRunner.java:66) [junit-4.13.jar:4.13]
	at org.junit.runners.ParentRunner$2.evaluate(ParentRunner.java:293) [junit-4.13.jar:4.13]
	at org.junit.internal.runners.statements.RunBefores.evaluate(RunBefores.java:26) [junit-4.13.jar:4.13]
	at org.junit.runners.ParentRunner$3.evaluate(ParentRunner.java:306) [junit-4.13.jar:4.13]
	at org.junit.runners.ParentRunner.run(ParentRunner.java:413) [junit-4.13.jar:4.13]
	at org.junit.runners.Suite.runChild(Suite.java:128) [junit-4.13.jar:4.13]
	at org.junit.runners.Suite.runChild(Suite.java:27) [junit-4.13.jar:4.13]
	at org.junit.runners.ParentRunner$4.run(ParentRunner.java:331) [junit-4.13.jar:4.13]
	at org.junit.runners.ParentRunner$1.schedule(ParentRunner.java:79) [junit-4.13.jar:4.13]
	at org.junit.runners.ParentRunner.runChildren(ParentRunner.java:329) [junit-4.13.jar:4.13]
	at org.junit.runners.ParentRunner.access$100(ParentRunner.java:66) [junit-4.13.jar:4.13]
	at org.junit.runners.ParentRunner$2.evaluate(ParentRunner.java:293) [junit-4.13.jar:4.13]
	at org.junit.runners.ParentRunner$3.evaluate(ParentRunner.java:306) [junit-4.13.jar:4.13]
	at org.junit.runners.ParentRunner.run(ParentRunner.java:413) [junit-4.13.jar:4.13]
	at org.apache.maven.surefire.junitcore.JUnitCore.run(JUnitCore.java:55) [surefire-junit47-3.0.0-M4.jar:3.0.0-M4]
	at org.apache.maven.surefire.junitcore.JUnitCoreWrapper.createRequestAndRun(JUnitCoreWrapper.java:137) [surefire-junit47-3.0.0-M4.jar:3.0.0-M4]
	at org.apache.maven.surefire.junitcore.JUnitCoreWrapper.executeEager(JUnitCoreWrapper.java:107) [surefire-junit47-3.0.0-M4.jar:3.0.0-M4]
	at org.apache.maven.surefire.junitcore.JUnitCoreWrapper.execute(JUnitCoreWrapper.java:83) [surefire-junit47-3.0.0-M4.jar:3.0.0-M4]
	at org.apache.maven.surefire.junitcore.JUnitCoreWrapper.execute(JUnitCoreWrapper.java:75) [surefire-junit47-3.0.0-M4.jar:3.0.0-M4]
	at org.apache.maven.surefire.junitcore.JUnitCoreProvider.invoke(JUnitCoreProvider.java:158) [surefire-junit47-3.0.0-M4.jar:3.0.0-M4]
	at org.apache.maven.surefire.booter.ForkedBooter.runSuitesInProcess(ForkedBooter.java:377) [surefire-booter-3.0.0-M4.jar:3.0.0-M4]
	at org.apache.maven.surefire.booter.ForkedBooter.execute(ForkedBooter.java:138) [surefire-booter-3.0.0-M4.jar:3.0.0-M4]
	at org.apache.maven.surefire.booter.ForkedBooter.run(ForkedBooter.java:465) [surefire-booter-3.0.0-M4.jar:3.0.0-M4]
	at org.apache.maven.surefire.booter.ForkedBooter.main(ForkedBooter.java:451) [surefire-booter-3.0.0-M4.jar:3.0.0-M4]
Caused by: org.apache.hadoop.hive.metastore.api.AlreadyExistsException: Table hive.default.junit_unparted_basic already exists
	at org.apache.hadoop.hive.metastore.HMSHandler.create_table_core(HMSHandler.java:2339) ~[classes/:?]
	at org.apache.hadoop.hive.metastore.HMSHandler.create_table_req(HMSHandler.java:2598) ~[classes/:?]
	at sun.reflect.GeneratedMethodAccessor40.invoke(Unknown Source) ~[?:?]
	at sun.reflect.DelegatingMethodAccessorImpl.invoke(DelegatingMethodAccessorImpl.java:43) ~[?:1.8.0_402]
	at java.lang.reflect.Method.invoke(Method.java:498) ~[?:1.8.0_402]
	at org.apache.hadoop.hive.metastore.RetryingHMSHandler.invokeInternal(RetryingHMSHandler.java:147) ~[classes/:?]
	at org.apache.hadoop.hive.metastore.RetryingHMSHandler.invoke(RetryingHMSHandler.java:108) ~[classes/:?]
	at com.sun.proxy.$Proxy35.create_table_req(Unknown Source) ~[?:?]
	at org.apache.hadoop.hive.metastore.HiveMetaStoreClient.create_table_with_environment_context(HiveMetaStoreClient.java:4408) ~[classes/:?]
	at org.apache.hadoop.hive.ql.metadata.SessionHiveMetaStoreClient.create_table_with_environment_context(SessionHiveMetaStoreClient.java:182) ~[classes/:?]
	at org.apache.hadoop.hive.metastore.HiveMetaStoreClient.createTable(HiveMetaStoreClient.java:1260) ~[classes/:?]
	at org.apache.hadoop.hive.metastore.HiveMetaStoreClient.createTable(HiveMetaStoreClient.java:1245) ~[classes/:?]
	at sun.reflect.GeneratedMethodAccessor39.invoke(Unknown Source) ~[?:?]
	at sun.reflect.DelegatingMethodAccessorImpl.invoke(DelegatingMethodAccessorImpl.java:43) ~[?:1.8.0_402]
	at java.lang.reflect.Method.invoke(Method.java:498) ~[?:1.8.0_402]
	at org.apache.hadoop.hive.metastore.RetryingMetaStoreClient.invoke(RetryingMetaStoreClient.java:218) ~[classes/:?]
	at com.sun.proxy.$Proxy45.createTable(Unknown Source) ~[?:?]
	at org.apache.hadoop.hive.ql.metadata.Hive.createTable(Hive.java:1290) ~[classes/:?]
	... 63 more
2024-04-24T11:29:26,866  INFO [main] reexec.ReOptimizePlugin: ReOptimization: retryPossible: false
2024-04-24T11:29:26,866  INFO [main] reexec.ReExecuteLostAMQueryPlugin: Got exception message: AlreadyExistsException(message:Table hive.default.junit_unparted_basic already exists) retryPossible: false
2024-04-24T11:29:26,866  INFO [main] reexec.ReExecutionDagSubmitPlugin: Got exception message: AlreadyExistsException(message:Table hive.default.junit_unparted_basic already exists) retryPossible: false
FAILED: Execution Error, return code 40000 from org.apache.hadoop.hive.ql.ddl.DDLTask. AlreadyExistsException(message:Table hive.default.junit_unparted_basic already exists)
2024-04-24T11:29:26,866 ERROR [main] ql.Driver: FAILED: Execution Error, return code 40000 from org.apache.hadoop.hive.ql.ddl.DDLTask. AlreadyExistsException(message:Table hive.default.junit_unparted_basic already exists)
2024-04-24T11:29:26,866  INFO [main] metadata.Hive: Dumping metastore api call timing information for : execution phase
2024-04-24T11:29:26,866  INFO [main] metadata.Hive: Total time spent in each metastore function (ms): {}
2024-04-24T11:29:26,866  INFO [main] ql.Driver: Completed executing command(queryId=alex_20240424112926_f4b7fbf9-037b-4068-9ac7-4afa877a2301); Time taken: 0.026 seconds
2024-04-24T11:29:26,867  INFO [main] ql.Driver: Compiling command(queryId=alex_20240424112926_f4b7fbf9-037b-4068-9ac7-4afa877a2301): drop table if exists junit_unparted_basic
2024-04-24T11:29:26,867  INFO [main] HiveMetaStore.audit: ugi=alex	ip=unknown-ip-addr	cmd=get_table : tbl=hive.default.junit_unparted_basic	
2024-04-24T11:29:26,877  INFO [main] metastore.HMSHandler: Skipping translation for processor with null
2024-04-24T11:29:26,878  INFO [main] ql.Driver: Semantic Analysis Completed (retrial = false)
2024-04-24T11:29:26,878  INFO [main] ql.Driver: Created Hive schema: Schema(fieldSchemas:null, properties:null)
2024-04-24T11:29:26,878  INFO [main] metadata.Hive: Dumping metastore api call timing information for : compilation phase
2024-04-24T11:29:26,878  INFO [main] metadata.Hive: Total time spent in each metastore function (ms): {flushCache_()=0, getTable_(GetTableRequest)=10, isCompatibleWith_(Configuration)=0}
2024-04-24T11:29:26,878  INFO [main] ql.Driver: Completed compiling command(queryId=alex_20240424112926_f4b7fbf9-037b-4068-9ac7-4afa877a2301); Time taken: 0.012 seconds
2024-04-24T11:29:26,878  INFO [main] reexec.ReExecDriver: Execution #1 of query
2024-04-24T11:29:26,878  INFO [main] ql.Driver: Concurrency mode is disabled, not creating a lock manager
2024-04-24T11:29:26,878  INFO [main] ql.Driver: Executing command(queryId=alex_20240424112926_f4b7fbf9-037b-4068-9ac7-4afa877a2301): drop table if exists junit_unparted_basic
2024-04-24T11:29:26,878  INFO [main] ql.Driver: Starting task [Stage-0:DDL] in serial mode
2024-04-24T11:29:26,879  INFO [main] HiveMetaStore.audit: ugi=alex	ip=unknown-ip-addr	cmd=get_table : tbl=hive.default.junit_unparted_basic	
2024-04-24T11:29:26,888  INFO [main] metastore.HMSHandler: Skipping translation for processor with null
2024-04-24T11:29:26,889  INFO [main] HiveMetaStore.audit: ugi=alex	ip=unknown-ip-addr	cmd=get_table : tbl=hive.default.junit_unparted_basic	
2024-04-24T11:29:26,898  INFO [main] metastore.HMSHandler: Skipping translation for processor with null
2024-04-24T11:29:26,899  INFO [main] HiveMetaStore.audit: ugi=alex	ip=unknown-ip-addr	cmd=drop_table : tbl=hive.default.junit_unparted_basic	
2024-04-24T11:29:26,932  WARN [main] utils.FileUtils: File file:/home/alex/Repositories/hive/hcatalog/hcatalog-pig-adapter/build/test/data/org.apache.hive.hcatalog.mapreduce.HCatBaseTest-1713983215978/warehouse/junit_unparted_basic does not exist; Force to delete it.
2024-04-24T11:29:26,932 ERROR [main] utils.FileUtils: Failed to delete file:/home/alex/Repositories/hive/hcatalog/hcatalog-pig-adapter/build/test/data/org.apache.hive.hcatalog.mapreduce.HCatBaseTest-1713983215978/warehouse/junit_unparted_basic
2024-04-24T11:29:26,933  INFO [main] metadata.Hive: Dumping metastore api call timing information for : execution phase
2024-04-24T11:29:26,933  INFO [main] metadata.Hive: Total time spent in each metastore function (ms): {dropTable_(String, String, boolean, boolean, boolean)=43, getTable_(GetTableRequest)=10, isCompatibleWith_(Configuration)=0}
2024-04-24T11:29:26,933  INFO [main] ql.Driver: Completed executing command(queryId=alex_20240424112926_f4b7fbf9-037b-4068-9ac7-4afa877a2301); Time taken: 0.055 seconds
2024-04-24T11:29:26,933  INFO [main] ql.Driver: Compiling command(queryId=alex_20240424112926_f4b7fbf9-037b-4068-9ac7-4afa877a2301): drop table if exists junit_unparted_complex
2024-04-24T11:29:26,934  INFO [main] HiveMetaStore.audit: ugi=alex	ip=unknown-ip-addr	cmd=get_table : tbl=hive.default.junit_unparted_complex	
2024-04-24T11:29:26,943  INFO [main] metastore.HMSHandler: Skipping translation for processor with null
2024-04-24T11:29:26,943  INFO [main] ql.Driver: Semantic Analysis Completed (retrial = false)
2024-04-24T11:29:26,943  INFO [main] ql.Driver: Created Hive schema: Schema(fieldSchemas:null, properties:null)
2024-04-24T11:29:26,943  INFO [main] metadata.Hive: Dumping metastore api call timing information for : compilation phase
2024-04-24T11:29:26,944  INFO [main] metadata.Hive: Total time spent in each metastore function (ms): {isCompatibleWith_(Configuration)=0, flushCache_()=0, getTable_(GetTableRequest)=9}
2024-04-24T11:29:26,944  INFO [main] ql.Driver: Completed compiling command(queryId=alex_20240424112926_f4b7fbf9-037b-4068-9ac7-4afa877a2301); Time taken: 0.01 seconds
2024-04-24T11:29:26,944  INFO [main] reexec.ReExecDriver: Execution #1 of query
2024-04-24T11:29:26,944  INFO [main] ql.Driver: Concurrency mode is disabled, not creating a lock manager
2024-04-24T11:29:26,944  INFO [main] ql.Driver: Executing command(queryId=alex_20240424112926_f4b7fbf9-037b-4068-9ac7-4afa877a2301): drop table if exists junit_unparted_complex
2024-04-24T11:29:26,944  INFO [main] ql.Driver: Starting task [Stage-0:DDL] in serial mode
2024-04-24T11:29:26,944  INFO [main] HiveMetaStore.audit: ugi=alex	ip=unknown-ip-addr	cmd=get_table : tbl=hive.default.junit_unparted_complex	
2024-04-24T11:29:26,955  INFO [main] metastore.HMSHandler: Skipping translation for processor with null
2024-04-24T11:29:26,955  INFO [main] HiveMetaStore.audit: ugi=alex	ip=unknown-ip-addr	cmd=get_table : tbl=hive.default.junit_unparted_complex	
2024-04-24T11:29:26,965  INFO [main] metastore.HMSHandler: Skipping translation for processor with null
2024-04-24T11:29:26,965  INFO [main] HiveMetaStore.audit: ugi=alex	ip=unknown-ip-addr	cmd=drop_table : tbl=hive.default.junit_unparted_complex	
2024-04-24T11:29:27,004  WARN [main] utils.FileUtils: File file:/home/alex/Repositories/hive/hcatalog/hcatalog-pig-adapter/build/test/data/org.apache.hive.hcatalog.mapreduce.HCatBaseTest-1713983215978/warehouse/junit_unparted_complex does not exist; Force to delete it.
2024-04-24T11:29:27,004 ERROR [main] utils.FileUtils: Failed to delete file:/home/alex/Repositories/hive/hcatalog/hcatalog-pig-adapter/build/test/data/org.apache.hive.hcatalog.mapreduce.HCatBaseTest-1713983215978/warehouse/junit_unparted_complex
2024-04-24T11:29:27,004  INFO [main] metadata.Hive: Dumping metastore api call timing information for : execution phase
2024-04-24T11:29:27,004  INFO [main] metadata.Hive: Total time spent in each metastore function (ms): {isCompatibleWith_(Configuration)=0, dropTable_(String, String, boolean, boolean, boolean)=49, getTable_(GetTableRequest)=11}
2024-04-24T11:29:27,004  INFO [main] ql.Driver: Completed executing command(queryId=alex_20240424112926_f4b7fbf9-037b-4068-9ac7-4afa877a2301); Time taken: 0.06 seconds
2024-04-24T11:29:27,005  INFO [main] ql.Driver: Compiling command(queryId=alex_20240424112926_f4b7fbf9-037b-4068-9ac7-4afa877a2301): drop table if exists junit_parted_basic
2024-04-24T11:29:27,005  INFO [main] HiveMetaStore.audit: ugi=alex	ip=unknown-ip-addr	cmd=get_table : tbl=hive.default.junit_parted_basic	
2024-04-24T11:29:27,015  INFO [main] metastore.HMSHandler: Skipping translation for processor with null
2024-04-24T11:29:27,015  INFO [main] ql.Driver: Semantic Analysis Completed (retrial = false)
2024-04-24T11:29:27,015  INFO [main] ql.Driver: Created Hive schema: Schema(fieldSchemas:null, properties:null)
2024-04-24T11:29:27,015  INFO [main] metadata.Hive: Dumping metastore api call timing information for : compilation phase
2024-04-24T11:29:27,016  INFO [main] metadata.Hive: Total time spent in each metastore function (ms): {getTable_(GetTableRequest)=10, isCompatibleWith_(Configuration)=0, flushCache_()=0}
2024-04-24T11:29:27,016  INFO [main] ql.Driver: Completed compiling command(queryId=alex_20240424112926_f4b7fbf9-037b-4068-9ac7-4afa877a2301); Time taken: 0.01 seconds
2024-04-24T11:29:27,016  INFO [main] reexec.ReExecDriver: Execution #1 of query
2024-04-24T11:29:27,016  INFO [main] ql.Driver: Concurrency mode is disabled, not creating a lock manager
2024-04-24T11:29:27,016  INFO [main] ql.Driver: Executing command(queryId=alex_20240424112926_f4b7fbf9-037b-4068-9ac7-4afa877a2301): drop table if exists junit_parted_basic
2024-04-24T11:29:27,016  INFO [main] ql.Driver: Starting task [Stage-0:DDL] in serial mode
2024-04-24T11:29:27,016  INFO [main] HiveMetaStore.audit: ugi=alex	ip=unknown-ip-addr	cmd=get_table : tbl=hive.default.junit_parted_basic	
2024-04-24T11:29:27,026  INFO [main] metastore.HMSHandler: Skipping translation for processor with null
2024-04-24T11:29:27,026  INFO [main] HiveMetaStore.audit: ugi=alex	ip=unknown-ip-addr	cmd=get_table : tbl=hive.default.junit_parted_basic	
2024-04-24T11:29:27,036  INFO [main] metastore.HMSHandler: Skipping translation for processor with null
2024-04-24T11:29:27,036  INFO [main] HiveMetaStore.audit: ugi=alex	ip=unknown-ip-addr	cmd=drop_table : tbl=hive.default.junit_parted_basic	
2024-04-24T11:29:27,070  WARN [main] utils.FileUtils: File file:/home/alex/Repositories/hive/hcatalog/hcatalog-pig-adapter/build/test/data/org.apache.hive.hcatalog.mapreduce.HCatBaseTest-1713983215978/warehouse/junit_parted_basic does not exist; Force to delete it.
2024-04-24T11:29:27,070 ERROR [main] utils.FileUtils: Failed to delete file:/home/alex/Repositories/hive/hcatalog/hcatalog-pig-adapter/build/test/data/org.apache.hive.hcatalog.mapreduce.HCatBaseTest-1713983215978/warehouse/junit_parted_basic
2024-04-24T11:29:27,071  INFO [main] metadata.Hive: Dumping metastore api call timing information for : execution phase
2024-04-24T11:29:27,071  INFO [main] metadata.Hive: Total time spent in each metastore function (ms): {isCompatibleWith_(Configuration)=0, getTable_(GetTableRequest)=10, dropTable_(String, String, boolean, boolean, boolean)=45}
2024-04-24T11:29:27,071  INFO [main] ql.Driver: Completed executing command(queryId=alex_20240424112926_f4b7fbf9-037b-4068-9ac7-4afa877a2301); Time taken: 0.055 seconds
2024-04-24T11:29:27,072  INFO [main] ql.Driver: Compiling command(queryId=alex_20240424112926_f4b7fbf9-037b-4068-9ac7-4afa877a2301): drop table if exists junit_specific_size
2024-04-24T11:29:27,072  INFO [main] HiveMetaStore.audit: ugi=alex	ip=unknown-ip-addr	cmd=get_table : tbl=hive.default.junit_specific_size	
2024-04-24T11:29:27,081  INFO [main] metastore.HMSHandler: Skipping translation for processor with null
2024-04-24T11:29:27,081  INFO [main] ql.Driver: Semantic Analysis Completed (retrial = false)
2024-04-24T11:29:27,082  INFO [main] ql.Driver: Created Hive schema: Schema(fieldSchemas:null, properties:null)
2024-04-24T11:29:27,082  INFO [main] metadata.Hive: Dumping metastore api call timing information for : compilation phase
2024-04-24T11:29:27,082  INFO [main] metadata.Hive: Total time spent in each metastore function (ms): {flushCache_()=0, getTable_(GetTableRequest)=9, isCompatibleWith_(Configuration)=0}
2024-04-24T11:29:27,082  INFO [main] ql.Driver: Completed compiling command(queryId=alex_20240424112926_f4b7fbf9-037b-4068-9ac7-4afa877a2301); Time taken: 0.01 seconds
2024-04-24T11:29:27,082  INFO [main] reexec.ReExecDriver: Execution #1 of query
2024-04-24T11:29:27,082  INFO [main] ql.Driver: Concurrency mode is disabled, not creating a lock manager
2024-04-24T11:29:27,082  INFO [main] ql.Driver: Executing command(queryId=alex_20240424112926_f4b7fbf9-037b-4068-9ac7-4afa877a2301): drop table if exists junit_specific_size
2024-04-24T11:29:27,082  INFO [main] ql.Driver: Starting task [Stage-0:DDL] in serial mode
2024-04-24T11:29:27,083  INFO [main] HiveMetaStore.audit: ugi=alex	ip=unknown-ip-addr	cmd=get_table : tbl=hive.default.junit_specific_size	
2024-04-24T11:29:27,092  INFO [main] metastore.HMSHandler: Skipping translation for processor with null
2024-04-24T11:29:27,092  INFO [main] HiveMetaStore.audit: ugi=alex	ip=unknown-ip-addr	cmd=get_table : tbl=hive.default.junit_specific_size	
2024-04-24T11:29:27,101  INFO [main] metastore.HMSHandler: Skipping translation for processor with null
2024-04-24T11:29:27,102  INFO [main] HiveMetaStore.audit: ugi=alex	ip=unknown-ip-addr	cmd=drop_table : tbl=hive.default.junit_specific_size	
2024-04-24T11:29:27,135  WARN [main] utils.FileUtils: File file:/home/alex/Repositories/hive/hcatalog/hcatalog-pig-adapter/build/test/data/org.apache.hive.hcatalog.mapreduce.HCatBaseTest-1713983215978/warehouse/junit_specific_size does not exist; Force to delete it.
2024-04-24T11:29:27,135 ERROR [main] utils.FileUtils: Failed to delete file:/home/alex/Repositories/hive/hcatalog/hcatalog-pig-adapter/build/test/data/org.apache.hive.hcatalog.mapreduce.HCatBaseTest-1713983215978/warehouse/junit_specific_size
2024-04-24T11:29:27,135  INFO [main] metadata.Hive: Dumping metastore api call timing information for : execution phase
2024-04-24T11:29:27,135  INFO [main] metadata.Hive: Total time spent in each metastore function (ms): {getTable_(GetTableRequest)=9, isCompatibleWith_(Configuration)=0, dropTable_(String, String, boolean, boolean, boolean)=43}
2024-04-24T11:29:27,135  INFO [main] ql.Driver: Completed executing command(queryId=alex_20240424112926_f4b7fbf9-037b-4068-9ac7-4afa877a2301); Time taken: 0.053 seconds
2024-04-24T11:29:27,136  INFO [main] ql.Driver: Compiling command(queryId=alex_20240424112926_f4b7fbf9-037b-4068-9ac7-4afa877a2301): drop table if exists junit_parted_date
2024-04-24T11:29:27,136  INFO [main] HiveMetaStore.audit: ugi=alex	ip=unknown-ip-addr	cmd=get_table : tbl=hive.default.junit_parted_date	
2024-04-24T11:29:27,140  INFO [main] ql.Driver: Semantic Analysis Completed (retrial = false)
2024-04-24T11:29:27,140  INFO [main] ql.Driver: Created Hive schema: Schema(fieldSchemas:null, properties:null)
2024-04-24T11:29:27,140  INFO [main] metadata.Hive: Dumping metastore api call timing information for : compilation phase
2024-04-24T11:29:27,140  INFO [main] metadata.Hive: Total time spent in each metastore function (ms): {isCompatibleWith_(Configuration)=0, flushCache_()=0}
2024-04-24T11:29:27,140  INFO [main] ql.Driver: Completed compiling command(queryId=alex_20240424112926_f4b7fbf9-037b-4068-9ac7-4afa877a2301); Time taken: 0.004 seconds
2024-04-24T11:29:27,140  INFO [main] reexec.ReExecDriver: Execution #1 of query
2024-04-24T11:29:27,140  INFO [main] ql.Driver: Concurrency mode is disabled, not creating a lock manager
2024-04-24T11:29:27,140  INFO [main] ql.Driver: Executing command(queryId=alex_20240424112926_f4b7fbf9-037b-4068-9ac7-4afa877a2301): drop table if exists junit_parted_date
2024-04-24T11:29:27,141  INFO [main] ql.Driver: Starting task [Stage-0:DDL] in serial mode
2024-04-24T11:29:27,141  INFO [main] HiveMetaStore.audit: ugi=alex	ip=unknown-ip-addr	cmd=get_table : tbl=hive.default.junit_parted_date	
2024-04-24T11:29:27,144  INFO [main] metadata.Hive: Dumping metastore api call timing information for : execution phase
2024-04-24T11:29:27,144  INFO [main] metadata.Hive: Total time spent in each metastore function (ms): {isCompatibleWith_(Configuration)=0}
2024-04-24T11:29:27,144  INFO [main] ql.Driver: Completed executing command(queryId=alex_20240424112926_f4b7fbf9-037b-4068-9ac7-4afa877a2301); Time taken: 0.004 seconds
2024-04-24T11:29:27,145  INFO [main] ql.Driver: Compiling command(queryId=alex_20240424112926_f4b7fbf9-037b-4068-9ac7-4afa877a2301): drop table if exists junit_unparted_alltypes
2024-04-24T11:29:27,145  INFO [main] HiveMetaStore.audit: ugi=alex	ip=unknown-ip-addr	cmd=get_table : tbl=hive.default.junit_unparted_alltypes	
2024-04-24T11:29:27,149  INFO [main] ql.Driver: Semantic Analysis Completed (retrial = false)
2024-04-24T11:29:27,149  INFO [main] ql.Driver: Created Hive schema: Schema(fieldSchemas:null, properties:null)
2024-04-24T11:29:27,149  INFO [main] metadata.Hive: Dumping metastore api call timing information for : compilation phase
2024-04-24T11:29:27,149  INFO [main] metadata.Hive: Total time spent in each metastore function (ms): {isCompatibleWith_(Configuration)=0, flushCache_()=0}
2024-04-24T11:29:27,149  INFO [main] ql.Driver: Completed compiling command(queryId=alex_20240424112926_f4b7fbf9-037b-4068-9ac7-4afa877a2301); Time taken: 0.004 seconds
2024-04-24T11:29:27,149  INFO [main] reexec.ReExecDriver: Execution #1 of query
2024-04-24T11:29:27,150  INFO [main] ql.Driver: Concurrency mode is disabled, not creating a lock manager
2024-04-24T11:29:27,150  INFO [main] ql.Driver: Executing command(queryId=alex_20240424112926_f4b7fbf9-037b-4068-9ac7-4afa877a2301): drop table if exists junit_unparted_alltypes
2024-04-24T11:29:27,150  INFO [main] ql.Driver: Starting task [Stage-0:DDL] in serial mode
2024-04-24T11:29:27,150  INFO [main] HiveMetaStore.audit: ugi=alex	ip=unknown-ip-addr	cmd=get_table : tbl=hive.default.junit_unparted_alltypes	
2024-04-24T11:29:27,153  INFO [main] metadata.Hive: Dumping metastore api call timing information for : execution phase
2024-04-24T11:29:27,153  INFO [main] metadata.Hive: Total time spent in each metastore function (ms): {isCompatibleWith_(Configuration)=0}
2024-04-24T11:29:27,153  INFO [main] ql.Driver: Completed executing command(queryId=alex_20240424112926_f4b7fbf9-037b-4068-9ac7-4afa877a2301); Time taken: 0.003 seconds
2024-04-24T11:29:27,154  INFO [main] ql.Driver: Compiling command(queryId=alex_20240424112926_f4b7fbf9-037b-4068-9ac7-4afa877a2301): drop database if exists junit_specific_db cascade
2024-04-24T11:29:27,154  INFO [main] HiveMetaStore.audit: ugi=alex	ip=unknown-ip-addr	cmd=get_database: junit_specific_db	
2024-04-24T11:29:27,155  INFO [main] ql.Driver: Semantic Analysis Completed (retrial = false)
2024-04-24T11:29:27,155  INFO [main] ql.Driver: Created Hive schema: Schema(fieldSchemas:null, properties:null)
2024-04-24T11:29:27,155  INFO [main] metadata.Hive: Dumping metastore api call timing information for : compilation phase
2024-04-24T11:29:27,156  INFO [main] metadata.Hive: Total time spent in each metastore function (ms): {flushCache_()=0, isCompatibleWith_(Configuration)=0}
2024-04-24T11:29:27,156  INFO [main] ql.Driver: Completed compiling command(queryId=alex_20240424112926_f4b7fbf9-037b-4068-9ac7-4afa877a2301); Time taken: 0.001 seconds
2024-04-24T11:29:27,156  INFO [main] reexec.ReExecDriver: Execution #1 of query
2024-04-24T11:29:27,156  INFO [main] ql.Driver: Concurrency mode is disabled, not creating a lock manager
2024-04-24T11:29:27,156  INFO [main] ql.Driver: Executing command(queryId=alex_20240424112926_f4b7fbf9-037b-4068-9ac7-4afa877a2301): drop database if exists junit_specific_db cascade
2024-04-24T11:29:27,156  INFO [main] metadata.Hive: Dumping metastore api call timing information for : execution phase
2024-04-24T11:29:27,156  INFO [main] metadata.Hive: Total time spent in each metastore function (ms): {}
2024-04-24T11:29:27,157  INFO [main] ql.Driver: Completed executing command(queryId=alex_20240424112926_f4b7fbf9-037b-4068-9ac7-4afa877a2301); Time taken: 0.0 seconds
]]></system-err>
  </testcase>
  <testcase name="testSchemaLoadPrimitiveTypes" classname="org.apache.hive.hcatalog.pig.TestRCFileHCatLoader" time="23.369">
    <error message="FAILED: Execution Error, return code 40000 from org.apache.hadoop.hive.ql.ddl.DDLTask. MetaException(message:javax.jdo.JDODataStoreException: Exception thrown flushing changes to datastore&#10;NestedThrowables:&#10;java.sql.BatchUpdateException: DELETE on table &apos;DBS&apos; caused a violation of foreign key constraint &apos;TBLS_FK1&apos; for key (4).  The statement has been rolled back.)" type="(responseCode = 40000, errorMessage = FAILED"><![CDATA[(responseCode = 40000, errorMessage = FAILED: Execution Error, return code 40000 from org.apache.hadoop.hive.ql.ddl.DDLTask. MetaException(message:javax.jdo.JDODataStoreException: Exception thrown flushing changes to datastore
NestedThrowables:
java.sql.BatchUpdateException: DELETE on table 'DBS' caused a violation of foreign key constraint 'TBLS_FK1' for key (4).  The statement has been rolled back.), hiveErrorCode = 40000, SQLState = 08S01, exception = MetaException(message:javax.jdo.JDODataStoreException: Exception thrown flushing changes to datastore
NestedThrowables:
java.sql.BatchUpdateException: DELETE on table 'DBS' caused a violation of foreign key constraint 'TBLS_FK1' for key (4).  The statement has been rolled back.))
	at org.apache.hadoop.hive.ql.DriverUtils.createProcessorException(DriverUtils.java:153)
	at org.apache.hadoop.hive.ql.Executor.handleTaskFailure(Executor.java:403)
	at org.apache.hadoop.hive.ql.Executor.handleFinished(Executor.java:285)
	at org.apache.hadoop.hive.ql.Executor.runTasks(Executor.java:246)
	at org.apache.hadoop.hive.ql.Executor.execute(Executor.java:108)
	at org.apache.hadoop.hive.ql.Driver.execute(Driver.java:348)
	at org.apache.hadoop.hive.ql.Driver.runInternal(Driver.java:204)
	at org.apache.hadoop.hive.ql.Driver.run(Driver.java:153)
	at org.apache.hadoop.hive.ql.Driver.run(Driver.java:148)
	at org.apache.hadoop.hive.ql.reexec.ReExecDriver.run(ReExecDriver.java:164)
	at org.apache.hadoop.hive.ql.reexec.ReExecDriver.run(ReExecDriver.java:230)
	at org.apache.hive.hcatalog.pig.AbstractHCatLoaderTest.executeStatementOnDriver(AbstractHCatLoaderTest.java:151)
	at org.apache.hive.hcatalog.pig.AbstractHCatLoaderTest.tearDown(AbstractHCatLoaderTest.java:239)
	at sun.reflect.NativeMethodAccessorImpl.invoke0(Native Method)
	at sun.reflect.NativeMethodAccessorImpl.invoke(NativeMethodAccessorImpl.java:62)
	at sun.reflect.DelegatingMethodAccessorImpl.invoke(DelegatingMethodAccessorImpl.java:43)
	at java.lang.reflect.Method.invoke(Method.java:498)
	at org.junit.runners.model.FrameworkMethod$1.runReflectiveCall(FrameworkMethod.java:59)
	at org.junit.internal.runners.model.ReflectiveCallable.run(ReflectiveCallable.java:12)
	at org.junit.runners.model.FrameworkMethod.invokeExplosively(FrameworkMethod.java:56)
	at org.junit.internal.runners.statements.RunAfters.invokeMethod(RunAfters.java:46)
	at org.junit.internal.runners.statements.RunAfters.evaluate(RunAfters.java:33)
	at org.junit.runners.ParentRunner$3.evaluate(ParentRunner.java:306)
	at org.junit.runners.BlockJUnit4ClassRunner$1.evaluate(BlockJUnit4ClassRunner.java:100)
	at org.junit.runners.ParentRunner.runLeaf(ParentRunner.java:366)
	at org.junit.runners.BlockJUnit4ClassRunner.runChild(BlockJUnit4ClassRunner.java:103)
	at org.junit.runners.BlockJUnit4ClassRunner.runChild(BlockJUnit4ClassRunner.java:63)
	at org.junit.runners.ParentRunner$4.run(ParentRunner.java:331)
	at org.junit.runners.ParentRunner$1.schedule(ParentRunner.java:79)
	at org.junit.runners.ParentRunner.runChildren(ParentRunner.java:329)
	at org.junit.runners.ParentRunner.access$100(ParentRunner.java:66)
	at org.junit.runners.ParentRunner$2.evaluate(ParentRunner.java:293)
	at org.junit.internal.runners.statements.RunBefores.evaluate(RunBefores.java:26)
	at org.junit.runners.ParentRunner$3.evaluate(ParentRunner.java:306)
	at org.junit.runners.ParentRunner.run(ParentRunner.java:413)
	at org.junit.runners.Suite.runChild(Suite.java:128)
	at org.junit.runners.Suite.runChild(Suite.java:27)
	at org.junit.runners.ParentRunner$4.run(ParentRunner.java:331)
	at org.junit.runners.ParentRunner$1.schedule(ParentRunner.java:79)
	at org.junit.runners.ParentRunner.runChildren(ParentRunner.java:329)
	at org.junit.runners.ParentRunner.access$100(ParentRunner.java:66)
	at org.junit.runners.ParentRunner$2.evaluate(ParentRunner.java:293)
	at org.junit.runners.ParentRunner$3.evaluate(ParentRunner.java:306)
	at org.junit.runners.ParentRunner.run(ParentRunner.java:413)
	at org.apache.maven.surefire.junitcore.JUnitCore.run(JUnitCore.java:55)
	at org.apache.maven.surefire.junitcore.JUnitCoreWrapper.createRequestAndRun(JUnitCoreWrapper.java:137)
	at org.apache.maven.surefire.junitcore.JUnitCoreWrapper.executeEager(JUnitCoreWrapper.java:107)
	at org.apache.maven.surefire.junitcore.JUnitCoreWrapper.execute(JUnitCoreWrapper.java:83)
	at org.apache.maven.surefire.junitcore.JUnitCoreWrapper.execute(JUnitCoreWrapper.java:75)
	at org.apache.maven.surefire.junitcore.JUnitCoreProvider.invoke(JUnitCoreProvider.java:158)
	at org.apache.maven.surefire.booter.ForkedBooter.runSuitesInProcess(ForkedBooter.java:377)
	at org.apache.maven.surefire.booter.ForkedBooter.execute(ForkedBooter.java:138)
	at org.apache.maven.surefire.booter.ForkedBooter.run(ForkedBooter.java:465)
	at org.apache.maven.surefire.booter.ForkedBooter.main(ForkedBooter.java:451)
Caused by: org.apache.hadoop.hive.ql.metadata.HiveException: MetaException(message:javax.jdo.JDODataStoreException: Exception thrown flushing changes to datastore
NestedThrowables:
java.sql.BatchUpdateException: DELETE on table 'DBS' caused a violation of foreign key constraint 'TBLS_FK1' for key (4).  The statement has been rolled back.)
	at org.apache.hadoop.hive.ql.metadata.Hive.dropDatabase(Hive.java:666)
	at org.apache.hadoop.hive.ql.ddl.database.drop.DropDatabaseOperation.execute(DropDatabaseOperation.java:52)
	at org.apache.hadoop.hive.ql.ddl.DDLTask.execute(DDLTask.java:84)
	at org.apache.hadoop.hive.ql.exec.Task.executeTask(Task.java:212)
	at org.apache.hadoop.hive.ql.exec.TaskRunner.runSequential(TaskRunner.java:105)
	at org.apache.hadoop.hive.ql.Executor.launchTask(Executor.java:361)
	at org.apache.hadoop.hive.ql.Executor.launchTasks(Executor.java:334)
	at org.apache.hadoop.hive.ql.Executor.runTasks(Executor.java:245)
	... 50 more
Caused by: MetaException(message:javax.jdo.JDODataStoreException: Exception thrown flushing changes to datastore
NestedThrowables:
java.sql.BatchUpdateException: DELETE on table 'DBS' caused a violation of foreign key constraint 'TBLS_FK1' for key (4).  The statement has been rolled back.)
	at org.apache.hadoop.hive.metastore.RetryingHMSHandler.invokeInternal(RetryingHMSHandler.java:209)
	at org.apache.hadoop.hive.metastore.RetryingHMSHandler.invoke(RetryingHMSHandler.java:108)
	at com.sun.proxy.$Proxy35.drop_database(Unknown Source)
	at org.apache.hadoop.hive.metastore.HiveMetaStoreClient.dropDatabaseCascadePerDb(HiveMetaStoreClient.java:1601)
	at org.apache.hadoop.hive.metastore.HiveMetaStoreClient.dropDatabase(HiveMetaStoreClient.java:1532)
	at org.apache.hadoop.hive.metastore.HiveMetaStoreClient.dropDatabase(HiveMetaStoreClient.java:1485)
	at sun.reflect.NativeMethodAccessorImpl.invoke0(Native Method)
	at sun.reflect.NativeMethodAccessorImpl.invoke(NativeMethodAccessorImpl.java:62)
	at sun.reflect.DelegatingMethodAccessorImpl.invoke(DelegatingMethodAccessorImpl.java:43)
	at java.lang.reflect.Method.invoke(Method.java:498)
	at org.apache.hadoop.hive.metastore.RetryingMetaStoreClient.invoke(RetryingMetaStoreClient.java:218)
	at com.sun.proxy.$Proxy45.dropDatabase(Unknown Source)
	at org.apache.hadoop.hive.ql.metadata.Hive.dropDatabase(Hive.java:662)
	... 57 more
Caused by: javax.jdo.JDODataStoreException: Exception thrown flushing changes to datastore
NestedThrowables:
java.sql.BatchUpdateException: DELETE on table 'DBS' caused a violation of foreign key constraint 'TBLS_FK1' for key (4).  The statement has been rolled back.
	at org.datanucleus.api.jdo.NucleusJDOHelper.getJDOExceptionForNucleusException(NucleusJDOHelper.java:542)
	at org.datanucleus.api.jdo.JDOTransaction.commit(JDOTransaction.java:162)
	at org.apache.hadoop.hive.metastore.ObjectStore.commitTransaction(ObjectStore.java:615)
	at sun.reflect.GeneratedMethodAccessor31.invoke(Unknown Source)
	at sun.reflect.DelegatingMethodAccessorImpl.invoke(DelegatingMethodAccessorImpl.java:43)
	at java.lang.reflect.Method.invoke(Method.java:498)
	at org.apache.hadoop.hive.metastore.RawStoreProxy.invoke(RawStoreProxy.java:97)
	at com.sun.proxy.$Proxy32.commitTransaction(Unknown Source)
	at org.apache.hadoop.hive.metastore.HMSHandler.drop_database_core(HMSHandler.java:1790)
	at org.apache.hadoop.hive.metastore.HMSHandler.drop_database(HMSHandler.java:1869)
	at sun.reflect.GeneratedMethodAccessor54.invoke(Unknown Source)
	at sun.reflect.DelegatingMethodAccessorImpl.invoke(DelegatingMethodAccessorImpl.java:43)
	at java.lang.reflect.Method.invoke(Method.java:498)
	at org.apache.hadoop.hive.metastore.RetryingHMSHandler.invokeInternal(RetryingHMSHandler.java:147)
	... 69 more
Caused by: java.sql.BatchUpdateException: DELETE on table 'DBS' caused a violation of foreign key constraint 'TBLS_FK1' for key (4).  The statement has been rolled back.
	at org.apache.derby.impl.jdbc.EmbedStatement.executeLargeBatch(Unknown Source)
	at org.apache.derby.impl.jdbc.EmbedStatement.executeBatch(Unknown Source)
	at com.zaxxer.hikari.pool.ProxyStatement.executeBatch(ProxyStatement.java:128)
	at com.zaxxer.hikari.pool.HikariProxyPreparedStatement.executeBatch(HikariProxyPreparedStatement.java)
	at org.datanucleus.store.rdbms.ParamLoggingPreparedStatement.executeBatch(ParamLoggingPreparedStatement.java:366)
	at org.datanucleus.store.rdbms.SQLController.processConnectionStatement(SQLController.java:675)
	at org.datanucleus.store.rdbms.SQLController.processStatementsForConnection(SQLController.java:643)
	at org.datanucleus.store.rdbms.SQLController$1.transactionFlushed(SQLController.java:729)
	at org.datanucleus.store.connection.AbstractManagedConnection.transactionFlushed(AbstractManagedConnection.java:95)
	at org.datanucleus.store.connection.ConnectionManagerImpl$2.transactionFlushed(ConnectionManagerImpl.java:528)
	at org.datanucleus.TransactionImpl.flush(TransactionImpl.java:222)
	at org.datanucleus.TransactionImpl.commit(TransactionImpl.java:286)
	at org.datanucleus.api.jdo.JDOTransaction.commit(JDOTransaction.java:99)
	... 81 more
Caused by: org.apache.derby.shared.common.error.DerbySQLIntegrityConstraintViolationException: DELETE on table 'DBS' caused a violation of foreign key constraint 'TBLS_FK1' for key (4).  The statement has been rolled back.
	at org.apache.derby.impl.jdbc.SQLExceptionFactory.getSQLException(Unknown Source)
	at org.apache.derby.impl.jdbc.Util.generateCsSQLException(Unknown Source)
	at org.apache.derby.impl.jdbc.TransactionResourceImpl.wrapInSQLException(Unknown Source)
	at org.apache.derby.impl.jdbc.TransactionResourceImpl.handleException(Unknown Source)
	at org.apache.derby.impl.jdbc.EmbedConnection.handleException(Unknown Source)
	at org.apache.derby.impl.jdbc.ConnectionChild.handleException(Unknown Source)
	at org.apache.derby.impl.jdbc.EmbedStatement.executeStatement(Unknown Source)
	at org.apache.derby.impl.jdbc.EmbedPreparedStatement.executeBatchElement(Unknown Source)
	... 94 more
Caused by: ERROR 23503: DELETE on table 'DBS' caused a violation of foreign key constraint 'TBLS_FK1' for key (4).  The statement has been rolled back.
	at org.apache.derby.iapi.error.StandardException.newException(Unknown Source)
	at org.apache.derby.iapi.error.StandardException.newException(Unknown Source)
	at org.apache.derby.impl.sql.execute.ReferencedKeyRIChecker.doCheck(Unknown Source)
	at org.apache.derby.impl.sql.execute.RISetChecker.doPKCheck(Unknown Source)
	at org.apache.derby.impl.sql.execute.DeleteResultSet.collectAffectedRows(Unknown Source)
	at org.apache.derby.impl.sql.execute.DeleteResultSet.open(Unknown Source)
	at org.apache.derby.impl.sql.GenericPreparedStatement.executeStmt(Unknown Source)
	at org.apache.derby.impl.sql.GenericPreparedStatement.execute(Unknown Source)
	... 96 more
]]></error>
    <system-out><![CDATA[log4j: Could not find root logger information. Is this OK?
log4j: Finished configuring.
log4j: Could not find root logger information. Is this OK?
log4j: Finished configuring.
log4j: Could not find root logger information. Is this OK?
log4j: Finished configuring.
X: {c_boolean: boolean,c_tinyint: int,c_smallint: int,c_int: int,c_bigint: long,c_float: float,c_double: double,c_decimal: bigdecimal,c_string: chararray,c_char: chararray,c_varchar: chararray,c_binary: bytearray,c_date: datetime,c_timestamp: datetime}
]]></system-out>
    <system-err><![CDATA[2024-04-24T11:29:27,191  WARN [main] conf.HiveConf: HiveConf of name hive.metastore.client.cache.maxSize does not exist
2024-04-24T11:29:27,191  WARN [main] conf.HiveConf: HiveConf of name hive.llap.io.cache.orc.size does not exist
2024-04-24T11:29:27,191  WARN [main] conf.HiveConf: HiveConf of name hive.llap.io.cache.orc.arena.size does not exist
2024-04-24T11:29:27,191  WARN [main] conf.HiveConf: HiveConf of name hive.stats.key.prefix.reserve.length does not exist
2024-04-24T11:29:27,191  WARN [main] conf.HiveConf: HiveConf of name hive.dummyparam.test.server.specific.config.metastoresite does not exist
2024-04-24T11:29:27,191  WARN [main] conf.HiveConf: HiveConf of name hive.llap.io.cache.orc.alloc.min does not exist
2024-04-24T11:29:27,191  WARN [main] conf.HiveConf: HiveConf of name hive.dummyparam.test.server.specific.config.hivesite does not exist
2024-04-24T11:29:27,192  WARN [main] conf.HiveConf: HiveConf of name hive.metastore.metadb.dir does not exist
2024-04-24T11:29:27,192  WARN [main] conf.HiveConf: HiveConf of name hive.metastore.client.cache.recordStats does not exist
2024-04-24T11:29:27,192  WARN [main] conf.HiveConf: HiveConf of name hive.llap.io.cache.orc.alloc.max does not exist
2024-04-24T11:29:27,192  WARN [main] conf.HiveConf: HiveConf of name hive.dummyparam.test.server.specific.config.override does not exist
2024-04-24T11:29:27,194  INFO [main] metastore.HiveMetaStoreClient: HMS client filtering is enabled.
2024-04-24T11:29:27,194  INFO [main] metastore.PersistenceManagerProvider: Configuration datanucleus.autoStartMechanismMode is not set. Defaulting to 'ignored'
2024-04-24T11:29:27,194  INFO [main] metastore.ObjectStore: RawStore: org.apache.hadoop.hive.metastore.ObjectStore@426dc148, with PersistenceManager: org.datanucleus.api.jdo.JDOPersistenceManager@21940db3 will be shutdown
2024-04-24T11:29:27,194  INFO [main] metastore.ObjectStore: RawStore: org.apache.hadoop.hive.metastore.ObjectStore@426dc148, with PersistenceManager: org.datanucleus.api.jdo.JDOPersistenceManager@5c3930f9 created in the thread with id: 1
2024-04-24T11:29:27,196  INFO [main] metastore.HMSHandler: HMS server filtering is disabled by configuration
Hive Session ID = 27ae265a-cfb1-4c27-8184-5cb1a23de26a
2024-04-24T11:29:27,196  INFO [main] SessionState: Hive Session ID = 27ae265a-cfb1-4c27-8184-5cb1a23de26a
ivysettings.xml file not found in HIVE_HOME or HIVE_CONF_DIR,file:/home/alex/.m2/repository/org/apache/pig/pig/0.16.0/pig-0.16.0-h2.jar!/ivysettings.xml will be used
2024-04-24T11:29:27,196  INFO [main] DependencyResolver: ivysettings.xml file not found in HIVE_HOME or HIVE_CONF_DIR,file:/home/alex/.m2/repository/org/apache/pig/pig/0.16.0/pig-0.16.0-h2.jar!/ivysettings.xml will be used
2024-04-24T11:29:27,202  INFO [main] session.SessionState: Created HDFS directory: /home/alex/Repositories/hive/hcatalog/hcatalog-pig-adapter/target/tmp/scratchdir/alex/27ae265a-cfb1-4c27-8184-5cb1a23de26a
2024-04-24T11:29:27,204  INFO [main] session.SessionState: Created local directory: /home/alex/Repositories/hive/hcatalog/hcatalog-pig-adapter/target/tmp/localscratchdir/27ae265a-cfb1-4c27-8184-5cb1a23de26a
2024-04-24T11:29:27,207  INFO [main] session.SessionState: Created HDFS directory: /home/alex/Repositories/hive/hcatalog/hcatalog-pig-adapter/target/tmp/scratchdir/alex/27ae265a-cfb1-4c27-8184-5cb1a23de26a/_tmp_space.db
2024-04-24T11:29:27,207  INFO [main] ql.Driver: Compiling command(queryId=alex_20240424112927_2b8c7ddc-ca66-44e6-a269-5a44fbedacf4): use default
2024-04-24T11:29:27,208  INFO [main] HiveMetaStore.audit: ugi=alex	ip=unknown-ip-addr	cmd=get_database: default	
2024-04-24T11:29:27,209  INFO [main] ql.Driver: Semantic Analysis Completed (retrial = false)
2024-04-24T11:29:27,209  INFO [main] ql.Driver: Created Hive schema: Schema(fieldSchemas:null, properties:null)
2024-04-24T11:29:27,209  INFO [main] metadata.Hive: Dumping metastore api call timing information for : compilation phase
2024-04-24T11:29:27,209  INFO [main] metadata.Hive: Total time spent in each metastore function (ms): {flushCache_()=0, isCompatibleWith_(Configuration)=0, getDatabase_(String)=1}
2024-04-24T11:29:27,209  INFO [main] ql.Driver: Completed compiling command(queryId=alex_20240424112927_2b8c7ddc-ca66-44e6-a269-5a44fbedacf4); Time taken: 0.002 seconds
2024-04-24T11:29:27,210  INFO [main] reexec.ReExecDriver: Execution #1 of query
2024-04-24T11:29:27,210  INFO [main] ql.Driver: Concurrency mode is disabled, not creating a lock manager
2024-04-24T11:29:27,210  INFO [main] ql.Driver: Executing command(queryId=alex_20240424112927_2b8c7ddc-ca66-44e6-a269-5a44fbedacf4): use default
2024-04-24T11:29:27,210  INFO [main] ql.Driver: Starting task [Stage-0:DDL] in serial mode
2024-04-24T11:29:27,210  INFO [main] HiveMetaStore.audit: ugi=alex	ip=unknown-ip-addr	cmd=get_database: default	
2024-04-24T11:29:27,211  INFO [main] HiveMetaStore.audit: ugi=alex	ip=unknown-ip-addr	cmd=get_database: default	
2024-04-24T11:29:27,212  INFO [main] metadata.Hive: Dumping metastore api call timing information for : execution phase
2024-04-24T11:29:27,212  INFO [main] metadata.Hive: Total time spent in each metastore function (ms): {getDatabase_(String)=2, isCompatibleWith_(Configuration)=0}
2024-04-24T11:29:27,212  INFO [main] ql.Driver: Completed executing command(queryId=alex_20240424112927_2b8c7ddc-ca66-44e6-a269-5a44fbedacf4); Time taken: 0.002 seconds
2024-04-24T11:29:27,213  INFO [main] ql.Driver: Compiling command(queryId=alex_20240424112927_2b8c7ddc-ca66-44e6-a269-5a44fbedacf4): create table junit_unparted_basic(a int, b string) stored as RCFILE TBLPROPERTIES ('transactional'='false')
2024-04-24T11:29:27,213  INFO [main] parse.CalcitePlanner: Starting caching scope for: alex_20240424112927_2b8c7ddc-ca66-44e6-a269-5a44fbedacf4
2024-04-24T11:29:27,213  INFO [main] parse.CalcitePlanner: Starting Semantic Analysis
2024-04-24T11:29:27,214  INFO [main] sqlstd.SQLStdHiveAccessController: Created SQLStdHiveAccessController for session context : HiveAuthzSessionContext [sessionString=27ae265a-cfb1-4c27-8184-5cb1a23de26a, clientType=HIVECLI]
2024-04-24T11:29:27,214  INFO [main] metastore.HiveMetaStoreClient: Mestastore configuration metastore.filter.hook changed from org.apache.hadoop.hive.metastore.DefaultMetaStoreFilterHookImpl to org.apache.hadoop.hive.ql.security.authorization.plugin.AuthorizationMetaStoreFilterHook
2024-04-24T11:29:27,214  INFO [main] HiveMetaStore.audit: ugi=alex	ip=unknown-ip-addr	cmd=Cleaning up thread local RawStore...	
2024-04-24T11:29:27,214  INFO [main] metastore.ObjectStore: RawStore: org.apache.hadoop.hive.metastore.ObjectStore@426dc148, with PersistenceManager: org.datanucleus.api.jdo.JDOPersistenceManager@5c3930f9 will be shutdown
2024-04-24T11:29:27,214  INFO [main] HiveMetaStore.audit: ugi=alex	ip=unknown-ip-addr	cmd=Done cleaning up thread local RawStore	
2024-04-24T11:29:27,214  INFO [main] metastore.HiveMetaStoreClient: Closed a connection to metastore, current connections: -30
2024-04-24T11:29:27,215  INFO [main] metastore.HiveMetaStoreClient: HMS client filtering is enabled.
2024-04-24T11:29:27,216  INFO [main] metastore.HMSHandler: 0: Opening raw store with implementation class:org.apache.hadoop.hive.metastore.ObjectStore
2024-04-24T11:29:27,216  INFO [main] metastore.PersistenceManagerProvider: Configuration datanucleus.autoStartMechanismMode is not set. Defaulting to 'ignored'
2024-04-24T11:29:27,216  INFO [main] metastore.ObjectStore: RawStore: org.apache.hadoop.hive.metastore.ObjectStore@30268881, with PersistenceManager: null will be shutdown
2024-04-24T11:29:27,216  INFO [main] metastore.ObjectStore: RawStore: org.apache.hadoop.hive.metastore.ObjectStore@30268881, with PersistenceManager: org.datanucleus.api.jdo.JDOPersistenceManager@23d5ada9 created in the thread with id: 1
2024-04-24T11:29:27,218  INFO [main] metastore.HMSHandler: Created RawStore: org.apache.hadoop.hive.metastore.ObjectStore@30268881 from thread id: 1
2024-04-24T11:29:27,218  INFO [main] metastore.HMSHandler: HMS server filtering is disabled by configuration
2024-04-24T11:29:27,218  INFO [main] metastore.RetryingMetaStoreClient: RetryingMetaStoreClient proxy=class org.apache.hadoop.hive.ql.metadata.SessionHiveMetaStoreClient ugi=alex (auth:SIMPLE) retries=1 delay=1 lifetime=0
2024-04-24T11:29:27,218  INFO [main] parse.CalcitePlanner: Creating table default.junit_unparted_basic position=13
2024-04-24T11:29:27,219  INFO [main] metastore.HiveMetaStoreClient: HMS client filtering is enabled.
2024-04-24T11:29:27,219  INFO [main] metastore.PersistenceManagerProvider: Configuration datanucleus.autoStartMechanismMode is not set. Defaulting to 'ignored'
2024-04-24T11:29:27,219  INFO [main] metastore.ObjectStore: RawStore: org.apache.hadoop.hive.metastore.ObjectStore@30268881, with PersistenceManager: org.datanucleus.api.jdo.JDOPersistenceManager@23d5ada9 will be shutdown
2024-04-24T11:29:27,219  INFO [main] metastore.ObjectStore: RawStore: org.apache.hadoop.hive.metastore.ObjectStore@30268881, with PersistenceManager: org.datanucleus.api.jdo.JDOPersistenceManager@3384002c created in the thread with id: 1
2024-04-24T11:29:27,221  INFO [main] metastore.HMSHandler: HMS server filtering is disabled by configuration
2024-04-24T11:29:27,221  INFO [main] metastore.RetryingMetaStoreClient: RetryingMetaStoreClient proxy=class org.apache.hadoop.hive.ql.metadata.SessionHiveMetaStoreClient ugi=alex (auth:SIMPLE) retries=1 delay=1 lifetime=0
2024-04-24T11:29:27,221  INFO [main] HiveMetaStore.audit: ugi=alex	ip=unknown-ip-addr	cmd=get_database: default	
2024-04-24T11:29:27,222  INFO [main] parse.CalcitePlanner: Ending caching scope for: alex_20240424112927_2b8c7ddc-ca66-44e6-a269-5a44fbedacf4
2024-04-24T11:29:27,222  INFO [main] ql.Driver: Semantic Analysis Completed (retrial = false)
2024-04-24T11:29:27,222  INFO [main] ql.Driver: Created Hive schema: Schema(fieldSchemas:null, properties:null)
2024-04-24T11:29:27,222  INFO [main] metadata.Hive: Dumping metastore api call timing information for : compilation phase
2024-04-24T11:29:27,222  INFO [main] metadata.Hive: Total time spent in each metastore function (ms): {}
2024-04-24T11:29:27,222  INFO [main] ql.Driver: Completed compiling command(queryId=alex_20240424112927_2b8c7ddc-ca66-44e6-a269-5a44fbedacf4); Time taken: 0.009 seconds
2024-04-24T11:29:27,222  INFO [main] reexec.ReExecDriver: Execution #1 of query
2024-04-24T11:29:27,222  INFO [main] ql.Driver: Concurrency mode is disabled, not creating a lock manager
2024-04-24T11:29:27,222  INFO [main] ql.Driver: Executing command(queryId=alex_20240424112927_2b8c7ddc-ca66-44e6-a269-5a44fbedacf4): create table junit_unparted_basic(a int, b string) stored as RCFILE TBLPROPERTIES ('transactional'='false')
2024-04-24T11:29:27,222  INFO [main] ql.Driver: Starting task [Stage-0:DDL] in serial mode
2024-04-24T11:29:27,222  INFO [main] metastore.HiveMetaStoreClient: Mestastore configuration metastore.filter.hook changed from org.apache.hadoop.hive.ql.security.authorization.plugin.AuthorizationMetaStoreFilterHook to org.apache.hadoop.hive.metastore.DefaultMetaStoreFilterHookImpl
2024-04-24T11:29:27,223  INFO [main] HiveMetaStore.audit: ugi=alex	ip=unknown-ip-addr	cmd=Cleaning up thread local RawStore...	
2024-04-24T11:29:27,223  INFO [main] metastore.ObjectStore: RawStore: org.apache.hadoop.hive.metastore.ObjectStore@30268881, with PersistenceManager: org.datanucleus.api.jdo.JDOPersistenceManager@3384002c will be shutdown
2024-04-24T11:29:27,223  INFO [main] HiveMetaStore.audit: ugi=alex	ip=unknown-ip-addr	cmd=Done cleaning up thread local RawStore	
2024-04-24T11:29:27,223  INFO [main] metastore.HiveMetaStoreClient: Closed a connection to metastore, current connections: -31
2024-04-24T11:29:27,224  INFO [main] metastore.HiveMetaStoreClient: HMS client filtering is enabled.
2024-04-24T11:29:27,225  INFO [main] metastore.HMSHandler: 0: Opening raw store with implementation class:org.apache.hadoop.hive.metastore.ObjectStore
2024-04-24T11:29:27,225  INFO [main] metastore.PersistenceManagerProvider: Configuration datanucleus.autoStartMechanismMode is not set. Defaulting to 'ignored'
2024-04-24T11:29:27,225  INFO [main] metastore.ObjectStore: RawStore: org.apache.hadoop.hive.metastore.ObjectStore@2235ab04, with PersistenceManager: null will be shutdown
2024-04-24T11:29:27,226  INFO [main] metastore.ObjectStore: RawStore: org.apache.hadoop.hive.metastore.ObjectStore@2235ab04, with PersistenceManager: org.datanucleus.api.jdo.JDOPersistenceManager@6e330ce7 created in the thread with id: 1
2024-04-24T11:29:27,227  INFO [main] metastore.HMSHandler: Created RawStore: org.apache.hadoop.hive.metastore.ObjectStore@2235ab04 from thread id: 1
2024-04-24T11:29:27,227  INFO [main] metastore.HMSHandler: HMS server filtering is disabled by configuration
2024-04-24T11:29:27,227  INFO [main] metastore.RetryingMetaStoreClient: RetryingMetaStoreClient proxy=class org.apache.hadoop.hive.ql.metadata.SessionHiveMetaStoreClient ugi=alex (auth:SIMPLE) retries=1 delay=1 lifetime=0
2024-04-24T11:29:27,227  INFO [main] HiveMetaStore.audit: ugi=alex	ip=unknown-ip-addr	cmd=create_table_req: Table(tableName:junit_unparted_basic, dbName:default, owner:alex, createTime:1713983367, lastAccessTime:0, retention:0, sd:StorageDescriptor(cols:[FieldSchema(name:a, type:int, comment:null), FieldSchema(name:b, type:string, comment:null)], location:null, inputFormat:org.apache.hadoop.hive.ql.io.RCFileInputFormat, outputFormat:org.apache.hadoop.hive.ql.io.RCFileOutputFormat, compressed:false, numBuckets:-1, serdeInfo:SerDeInfo(name:null, serializationLib:org.apache.hadoop.hive.serde2.columnar.ColumnarSerDe, parameters:{serialization.format=1}), bucketCols:[], sortCols:[], parameters:{}, skewedInfo:SkewedInfo(skewedColNames:[], skewedColValues:[], skewedColValueLocationMaps:{}), storedAsSubDirectories:false), partitionKeys:[], parameters:{numFilesErasureCoded=0, totalSize=0, numRows=0, transactional=false, bucketing_version=2, COLUMN_STATS_ACCURATE={"BASIC_STATS":"true","COLUMN_STATS":{"a":"true","b":"true"}}, numFiles=0, rawDataSize=0}, viewOriginalText:null, viewExpandedText:null, tableType:MANAGED_TABLE, privileges:PrincipalPrivilegeSet(userPrivileges:{alex=[PrivilegeGrantInfo(privilege:INSERT, createTime:-1, grantor:alex, grantorType:USER, grantOption:true), PrivilegeGrantInfo(privilege:SELECT, createTime:-1, grantor:alex, grantorType:USER, grantOption:true), PrivilegeGrantInfo(privilege:UPDATE, createTime:-1, grantor:alex, grantorType:USER, grantOption:true), PrivilegeGrantInfo(privilege:DELETE, createTime:-1, grantor:alex, grantorType:USER, grantOption:true)]}, groupPrivileges:null, rolePrivileges:null), temporary:false, catName:hive, ownerType:USER)	
2024-04-24T11:29:27,232  INFO [main] utils.FileUtils: Creating directory if it doesn't exist: file:/home/alex/Repositories/hive/hcatalog/hcatalog-pig-adapter/build/test/data/org.apache.hive.hcatalog.mapreduce.HCatBaseTest-1713983215978/warehouse/junit_unparted_basic
2024-04-24T11:29:27,252  INFO [main] metadata.Hive: Dumping metastore api call timing information for : execution phase
2024-04-24T11:29:27,252  INFO [main] metadata.Hive: Total time spent in each metastore function (ms): {createTable_(Table)=25}
2024-04-24T11:29:27,253  INFO [main] ql.Driver: Completed executing command(queryId=alex_20240424112927_2b8c7ddc-ca66-44e6-a269-5a44fbedacf4); Time taken: 0.03 seconds
2024-04-24T11:29:27,253  INFO [main] ql.Driver: Compiling command(queryId=alex_20240424112927_2b8c7ddc-ca66-44e6-a269-5a44fbedacf4): use default
2024-04-24T11:29:27,254  INFO [main] HiveMetaStore.audit: ugi=alex	ip=unknown-ip-addr	cmd=get_database: default	
2024-04-24T11:29:27,255  INFO [main] ql.Driver: Semantic Analysis Completed (retrial = false)
2024-04-24T11:29:27,255  INFO [main] ql.Driver: Created Hive schema: Schema(fieldSchemas:null, properties:null)
2024-04-24T11:29:27,255  INFO [main] metadata.Hive: Dumping metastore api call timing information for : compilation phase
2024-04-24T11:29:27,255  INFO [main] metadata.Hive: Total time spent in each metastore function (ms): {isCompatibleWith_(Configuration)=0, getDatabase_(String)=2, flushCache_()=0}
2024-04-24T11:29:27,256  INFO [main] ql.Driver: Completed compiling command(queryId=alex_20240424112927_2b8c7ddc-ca66-44e6-a269-5a44fbedacf4); Time taken: 0.002 seconds
2024-04-24T11:29:27,256  INFO [main] reexec.ReExecDriver: Execution #1 of query
2024-04-24T11:29:27,256  INFO [main] ql.Driver: Concurrency mode is disabled, not creating a lock manager
2024-04-24T11:29:27,256  INFO [main] ql.Driver: Executing command(queryId=alex_20240424112927_2b8c7ddc-ca66-44e6-a269-5a44fbedacf4): use default
2024-04-24T11:29:27,256  INFO [main] ql.Driver: Starting task [Stage-0:DDL] in serial mode
2024-04-24T11:29:27,256  INFO [main] HiveMetaStore.audit: ugi=alex	ip=unknown-ip-addr	cmd=get_database: default	
2024-04-24T11:29:27,258  INFO [main] HiveMetaStore.audit: ugi=alex	ip=unknown-ip-addr	cmd=get_database: default	
2024-04-24T11:29:27,260  INFO [main] metadata.Hive: Dumping metastore api call timing information for : execution phase
2024-04-24T11:29:27,260  INFO [main] metadata.Hive: Total time spent in each metastore function (ms): {getDatabase_(String)=4, isCompatibleWith_(Configuration)=0}
2024-04-24T11:29:27,260  INFO [main] ql.Driver: Completed executing command(queryId=alex_20240424112927_2b8c7ddc-ca66-44e6-a269-5a44fbedacf4); Time taken: 0.004 seconds
2024-04-24T11:29:27,261  INFO [main] ql.Driver: Compiling command(queryId=alex_20240424112927_2b8c7ddc-ca66-44e6-a269-5a44fbedacf4): create table junit_unparted_complex(name string, studentid int, contact struct<phno:string,email:string>, currently_registered_courses array<string>, current_grades map<string,string>, phnos array<struct<phno:string,type:string>>) stored as RCFILE TBLPROPERTIES ('transactional'='false')
2024-04-24T11:29:27,262  INFO [main] parse.CalcitePlanner: Starting caching scope for: alex_20240424112927_2b8c7ddc-ca66-44e6-a269-5a44fbedacf4
2024-04-24T11:29:27,262  INFO [main] parse.CalcitePlanner: Starting Semantic Analysis
2024-04-24T11:29:27,262  INFO [main] parse.CalcitePlanner: Creating table default.junit_unparted_complex position=13
2024-04-24T11:29:27,262  INFO [main] HiveMetaStore.audit: ugi=alex	ip=unknown-ip-addr	cmd=get_database: default	
2024-04-24T11:29:27,264  INFO [main] parse.CalcitePlanner: Ending caching scope for: alex_20240424112927_2b8c7ddc-ca66-44e6-a269-5a44fbedacf4
2024-04-24T11:29:27,264  INFO [main] ql.Driver: Semantic Analysis Completed (retrial = false)
2024-04-24T11:29:27,264  INFO [main] ql.Driver: Created Hive schema: Schema(fieldSchemas:null, properties:null)
2024-04-24T11:29:27,264  INFO [main] metadata.Hive: Dumping metastore api call timing information for : compilation phase
2024-04-24T11:29:27,264  INFO [main] metadata.Hive: Total time spent in each metastore function (ms): {getDatabase_(String)=2, isCompatibleWith_(Configuration)=1, flushCache_()=0}
2024-04-24T11:29:27,264  INFO [main] ql.Driver: Completed compiling command(queryId=alex_20240424112927_2b8c7ddc-ca66-44e6-a269-5a44fbedacf4); Time taken: 0.003 seconds
2024-04-24T11:29:27,264  INFO [main] reexec.ReExecDriver: Execution #1 of query
2024-04-24T11:29:27,264  INFO [main] ql.Driver: Concurrency mode is disabled, not creating a lock manager
2024-04-24T11:29:27,264  INFO [main] ql.Driver: Executing command(queryId=alex_20240424112927_2b8c7ddc-ca66-44e6-a269-5a44fbedacf4): create table junit_unparted_complex(name string, studentid int, contact struct<phno:string,email:string>, currently_registered_courses array<string>, current_grades map<string,string>, phnos array<struct<phno:string,type:string>>) stored as RCFILE TBLPROPERTIES ('transactional'='false')
2024-04-24T11:29:27,264  INFO [main] ql.Driver: Starting task [Stage-0:DDL] in serial mode
2024-04-24T11:29:27,266  INFO [main] HiveMetaStore.audit: ugi=alex	ip=unknown-ip-addr	cmd=create_table_req: Table(tableName:junit_unparted_complex, dbName:default, owner:alex, createTime:1713983367, lastAccessTime:0, retention:0, sd:StorageDescriptor(cols:[FieldSchema(name:name, type:string, comment:null), FieldSchema(name:studentid, type:int, comment:null), FieldSchema(name:contact, type:struct<phno:string,email:string>, comment:null), FieldSchema(name:currently_registered_courses, type:array<string>, comment:null), FieldSchema(name:current_grades, type:map<string,string>, comment:null), FieldSchema(name:phnos, type:array<struct<phno:string,type:string>>, comment:null)], location:null, inputFormat:org.apache.hadoop.hive.ql.io.RCFileInputFormat, outputFormat:org.apache.hadoop.hive.ql.io.RCFileOutputFormat, compressed:false, numBuckets:-1, serdeInfo:SerDeInfo(name:null, serializationLib:org.apache.hadoop.hive.serde2.columnar.ColumnarSerDe, parameters:{serialization.format=1}), bucketCols:[], sortCols:[], parameters:{}, skewedInfo:SkewedInfo(skewedColNames:[], skewedColValues:[], skewedColValueLocationMaps:{}), storedAsSubDirectories:false), partitionKeys:[], parameters:{totalSize=0, COLUMN_STATS_ACCURATE={"BASIC_STATS":"true","COLUMN_STATS":{"contact":"true","current_grades":"true","currently_registered_courses":"true","name":"true","phnos":"true","studentid":"true"}}, numRows=0, rawDataSize=0, bucketing_version=2, transactional=false, numFiles=0, numFilesErasureCoded=0}, viewOriginalText:null, viewExpandedText:null, tableType:MANAGED_TABLE, privileges:PrincipalPrivilegeSet(userPrivileges:{alex=[PrivilegeGrantInfo(privilege:INSERT, createTime:-1, grantor:alex, grantorType:USER, grantOption:true), PrivilegeGrantInfo(privilege:SELECT, createTime:-1, grantor:alex, grantorType:USER, grantOption:true), PrivilegeGrantInfo(privilege:UPDATE, createTime:-1, grantor:alex, grantorType:USER, grantOption:true), PrivilegeGrantInfo(privilege:DELETE, createTime:-1, grantor:alex, grantorType:USER, grantOption:true)]}, groupPrivileges:null, rolePrivileges:null), temporary:false, catName:hive, ownerType:USER)	
2024-04-24T11:29:27,271  INFO [main] utils.FileUtils: Creating directory if it doesn't exist: file:/home/alex/Repositories/hive/hcatalog/hcatalog-pig-adapter/build/test/data/org.apache.hive.hcatalog.mapreduce.HCatBaseTest-1713983215978/warehouse/junit_unparted_complex
2024-04-24T11:29:27,287  INFO [main] metadata.Hive: Dumping metastore api call timing information for : execution phase
2024-04-24T11:29:27,287  INFO [main] metadata.Hive: Total time spent in each metastore function (ms): {isCompatibleWith_(Configuration)=0, createTable_(Table)=22}
2024-04-24T11:29:27,288  INFO [main] ql.Driver: Completed executing command(queryId=alex_20240424112927_2b8c7ddc-ca66-44e6-a269-5a44fbedacf4); Time taken: 0.023 seconds
2024-04-24T11:29:27,288  INFO [main] ql.Driver: Compiling command(queryId=alex_20240424112927_2b8c7ddc-ca66-44e6-a269-5a44fbedacf4): use default
2024-04-24T11:29:27,288  INFO [main] HiveMetaStore.audit: ugi=alex	ip=unknown-ip-addr	cmd=get_database: default	
2024-04-24T11:29:27,290  INFO [main] ql.Driver: Semantic Analysis Completed (retrial = false)
2024-04-24T11:29:27,290  INFO [main] ql.Driver: Created Hive schema: Schema(fieldSchemas:null, properties:null)
2024-04-24T11:29:27,290  INFO [main] metadata.Hive: Dumping metastore api call timing information for : compilation phase
2024-04-24T11:29:27,290  INFO [main] metadata.Hive: Total time spent in each metastore function (ms): {getDatabase_(String)=2, isCompatibleWith_(Configuration)=0, flushCache_()=0}
2024-04-24T11:29:27,290  INFO [main] ql.Driver: Completed compiling command(queryId=alex_20240424112927_2b8c7ddc-ca66-44e6-a269-5a44fbedacf4); Time taken: 0.002 seconds
2024-04-24T11:29:27,291  INFO [main] reexec.ReExecDriver: Execution #1 of query
2024-04-24T11:29:27,291  INFO [main] ql.Driver: Concurrency mode is disabled, not creating a lock manager
2024-04-24T11:29:27,291  INFO [main] ql.Driver: Executing command(queryId=alex_20240424112927_2b8c7ddc-ca66-44e6-a269-5a44fbedacf4): use default
2024-04-24T11:29:27,291  INFO [main] ql.Driver: Starting task [Stage-0:DDL] in serial mode
2024-04-24T11:29:27,291  INFO [main] HiveMetaStore.audit: ugi=alex	ip=unknown-ip-addr	cmd=get_database: default	
2024-04-24T11:29:27,292  INFO [main] HiveMetaStore.audit: ugi=alex	ip=unknown-ip-addr	cmd=get_database: default	
2024-04-24T11:29:27,294  INFO [main] metadata.Hive: Dumping metastore api call timing information for : execution phase
2024-04-24T11:29:27,294  INFO [main] metadata.Hive: Total time spent in each metastore function (ms): {getDatabase_(String)=3, isCompatibleWith_(Configuration)=0}
2024-04-24T11:29:27,294  INFO [main] ql.Driver: Completed executing command(queryId=alex_20240424112927_2b8c7ddc-ca66-44e6-a269-5a44fbedacf4); Time taken: 0.003 seconds
2024-04-24T11:29:27,294  INFO [main] ql.Driver: Compiling command(queryId=alex_20240424112927_2b8c7ddc-ca66-44e6-a269-5a44fbedacf4): create table junit_parted_basic(a int, b string) partitioned by (bkt string) stored as RCFILE TBLPROPERTIES ('transactional'='false')
2024-04-24T11:29:27,295  INFO [main] parse.CalcitePlanner: Starting caching scope for: alex_20240424112927_2b8c7ddc-ca66-44e6-a269-5a44fbedacf4
2024-04-24T11:29:27,295  INFO [main] parse.CalcitePlanner: Starting Semantic Analysis
2024-04-24T11:29:27,295  INFO [main] parse.CalcitePlanner: Creating table default.junit_parted_basic position=13
2024-04-24T11:29:27,295  INFO [main] HiveMetaStore.audit: ugi=alex	ip=unknown-ip-addr	cmd=get_database: default	
2024-04-24T11:29:27,297  INFO [main] parse.CalcitePlanner: Ending caching scope for: alex_20240424112927_2b8c7ddc-ca66-44e6-a269-5a44fbedacf4
2024-04-24T11:29:27,297  INFO [main] ql.Driver: Semantic Analysis Completed (retrial = false)
2024-04-24T11:29:27,297  INFO [main] ql.Driver: Created Hive schema: Schema(fieldSchemas:null, properties:null)
2024-04-24T11:29:27,297  INFO [main] metadata.Hive: Dumping metastore api call timing information for : compilation phase
2024-04-24T11:29:27,297  INFO [main] metadata.Hive: Total time spent in each metastore function (ms): {getDatabase_(String)=2, isCompatibleWith_(Configuration)=0, flushCache_()=0}
2024-04-24T11:29:27,297  INFO [main] ql.Driver: Completed compiling command(queryId=alex_20240424112927_2b8c7ddc-ca66-44e6-a269-5a44fbedacf4); Time taken: 0.003 seconds
2024-04-24T11:29:27,298  INFO [main] reexec.ReExecDriver: Execution #1 of query
2024-04-24T11:29:27,298  INFO [main] ql.Driver: Concurrency mode is disabled, not creating a lock manager
2024-04-24T11:29:27,298  INFO [main] ql.Driver: Executing command(queryId=alex_20240424112927_2b8c7ddc-ca66-44e6-a269-5a44fbedacf4): create table junit_parted_basic(a int, b string) partitioned by (bkt string) stored as RCFILE TBLPROPERTIES ('transactional'='false')
2024-04-24T11:29:27,298  INFO [main] ql.Driver: Starting task [Stage-0:DDL] in serial mode
2024-04-24T11:29:27,299  INFO [main] HiveMetaStore.audit: ugi=alex	ip=unknown-ip-addr	cmd=create_table_req: Table(tableName:junit_parted_basic, dbName:default, owner:alex, createTime:1713983367, lastAccessTime:0, retention:0, sd:StorageDescriptor(cols:[FieldSchema(name:a, type:int, comment:null), FieldSchema(name:b, type:string, comment:null)], location:null, inputFormat:org.apache.hadoop.hive.ql.io.RCFileInputFormat, outputFormat:org.apache.hadoop.hive.ql.io.RCFileOutputFormat, compressed:false, numBuckets:-1, serdeInfo:SerDeInfo(name:null, serializationLib:org.apache.hadoop.hive.serde2.columnar.ColumnarSerDe, parameters:{serialization.format=1}), bucketCols:[], sortCols:[], parameters:{}, skewedInfo:SkewedInfo(skewedColNames:[], skewedColValues:[], skewedColValueLocationMaps:{}), storedAsSubDirectories:false), partitionKeys:[FieldSchema(name:bkt, type:string, comment:null)], parameters:{bucketing_version=2, transactional=false}, viewOriginalText:null, viewExpandedText:null, tableType:MANAGED_TABLE, privileges:PrincipalPrivilegeSet(userPrivileges:{alex=[PrivilegeGrantInfo(privilege:INSERT, createTime:-1, grantor:alex, grantorType:USER, grantOption:true), PrivilegeGrantInfo(privilege:SELECT, createTime:-1, grantor:alex, grantorType:USER, grantOption:true), PrivilegeGrantInfo(privilege:UPDATE, createTime:-1, grantor:alex, grantorType:USER, grantOption:true), PrivilegeGrantInfo(privilege:DELETE, createTime:-1, grantor:alex, grantorType:USER, grantOption:true)]}, groupPrivileges:null, rolePrivileges:null), temporary:false, catName:hive, ownerType:USER)	
2024-04-24T11:29:27,305  INFO [main] utils.FileUtils: Creating directory if it doesn't exist: file:/home/alex/Repositories/hive/hcatalog/hcatalog-pig-adapter/build/test/data/org.apache.hive.hcatalog.mapreduce.HCatBaseTest-1713983215978/warehouse/junit_parted_basic
2024-04-24T11:29:27,320  INFO [main] metadata.Hive: Dumping metastore api call timing information for : execution phase
2024-04-24T11:29:27,320  INFO [main] metadata.Hive: Total time spent in each metastore function (ms): {isCompatibleWith_(Configuration)=0, createTable_(Table)=21}
2024-04-24T11:29:27,320  INFO [main] ql.Driver: Completed executing command(queryId=alex_20240424112927_2b8c7ddc-ca66-44e6-a269-5a44fbedacf4); Time taken: 0.022 seconds
2024-04-24T11:29:27,321  INFO [main] ql.Driver: Compiling command(queryId=alex_20240424112927_2b8c7ddc-ca66-44e6-a269-5a44fbedacf4): use default
2024-04-24T11:29:27,321  INFO [main] HiveMetaStore.audit: ugi=alex	ip=unknown-ip-addr	cmd=get_database: default	
2024-04-24T11:29:27,322  INFO [main] ql.Driver: Semantic Analysis Completed (retrial = false)
2024-04-24T11:29:27,323  INFO [main] ql.Driver: Created Hive schema: Schema(fieldSchemas:null, properties:null)
2024-04-24T11:29:27,323  INFO [main] metadata.Hive: Dumping metastore api call timing information for : compilation phase
2024-04-24T11:29:27,323  INFO [main] metadata.Hive: Total time spent in each metastore function (ms): {isCompatibleWith_(Configuration)=0, getDatabase_(String)=1, flushCache_()=0}
2024-04-24T11:29:27,323  INFO [main] ql.Driver: Completed compiling command(queryId=alex_20240424112927_2b8c7ddc-ca66-44e6-a269-5a44fbedacf4); Time taken: 0.002 seconds
2024-04-24T11:29:27,323  INFO [main] reexec.ReExecDriver: Execution #1 of query
2024-04-24T11:29:27,323  INFO [main] ql.Driver: Concurrency mode is disabled, not creating a lock manager
2024-04-24T11:29:27,323  INFO [main] ql.Driver: Executing command(queryId=alex_20240424112927_2b8c7ddc-ca66-44e6-a269-5a44fbedacf4): use default
2024-04-24T11:29:27,323  INFO [main] ql.Driver: Starting task [Stage-0:DDL] in serial mode
2024-04-24T11:29:27,324  INFO [main] HiveMetaStore.audit: ugi=alex	ip=unknown-ip-addr	cmd=get_database: default	
2024-04-24T11:29:27,325  INFO [main] HiveMetaStore.audit: ugi=alex	ip=unknown-ip-addr	cmd=get_database: default	
2024-04-24T11:29:27,327  INFO [main] metadata.Hive: Dumping metastore api call timing information for : execution phase
2024-04-24T11:29:27,327  INFO [main] metadata.Hive: Total time spent in each metastore function (ms): {isCompatibleWith_(Configuration)=0, getDatabase_(String)=4}
2024-04-24T11:29:27,327  INFO [main] ql.Driver: Completed executing command(queryId=alex_20240424112927_2b8c7ddc-ca66-44e6-a269-5a44fbedacf4); Time taken: 0.004 seconds
2024-04-24T11:29:27,328  INFO [main] ql.Driver: Compiling command(queryId=alex_20240424112927_2b8c7ddc-ca66-44e6-a269-5a44fbedacf4): create table junit_specific_size(a int, b string) stored as RCFILE TBLPROPERTIES ('transactional'='false')
2024-04-24T11:29:27,328  INFO [main] parse.CalcitePlanner: Starting caching scope for: alex_20240424112927_2b8c7ddc-ca66-44e6-a269-5a44fbedacf4
2024-04-24T11:29:27,328  INFO [main] parse.CalcitePlanner: Starting Semantic Analysis
2024-04-24T11:29:27,328  INFO [main] parse.CalcitePlanner: Creating table default.junit_specific_size position=13
2024-04-24T11:29:27,328  INFO [main] HiveMetaStore.audit: ugi=alex	ip=unknown-ip-addr	cmd=get_database: default	
2024-04-24T11:29:27,330  INFO [main] parse.CalcitePlanner: Ending caching scope for: alex_20240424112927_2b8c7ddc-ca66-44e6-a269-5a44fbedacf4
2024-04-24T11:29:27,330  INFO [main] ql.Driver: Semantic Analysis Completed (retrial = false)
2024-04-24T11:29:27,330  INFO [main] ql.Driver: Created Hive schema: Schema(fieldSchemas:null, properties:null)
2024-04-24T11:29:27,330  INFO [main] metadata.Hive: Dumping metastore api call timing information for : compilation phase
2024-04-24T11:29:27,330  INFO [main] metadata.Hive: Total time spent in each metastore function (ms): {getDatabase_(String)=2, isCompatibleWith_(Configuration)=0, flushCache_()=0}
2024-04-24T11:29:27,330  INFO [main] ql.Driver: Completed compiling command(queryId=alex_20240424112927_2b8c7ddc-ca66-44e6-a269-5a44fbedacf4); Time taken: 0.002 seconds
2024-04-24T11:29:27,331  INFO [main] reexec.ReExecDriver: Execution #1 of query
2024-04-24T11:29:27,331  INFO [main] ql.Driver: Concurrency mode is disabled, not creating a lock manager
2024-04-24T11:29:27,331  INFO [main] ql.Driver: Executing command(queryId=alex_20240424112927_2b8c7ddc-ca66-44e6-a269-5a44fbedacf4): create table junit_specific_size(a int, b string) stored as RCFILE TBLPROPERTIES ('transactional'='false')
2024-04-24T11:29:27,331  INFO [main] ql.Driver: Starting task [Stage-0:DDL] in serial mode
2024-04-24T11:29:27,332  INFO [main] HiveMetaStore.audit: ugi=alex	ip=unknown-ip-addr	cmd=create_table_req: Table(tableName:junit_specific_size, dbName:default, owner:alex, createTime:1713983367, lastAccessTime:0, retention:0, sd:StorageDescriptor(cols:[FieldSchema(name:a, type:int, comment:null), FieldSchema(name:b, type:string, comment:null)], location:null, inputFormat:org.apache.hadoop.hive.ql.io.RCFileInputFormat, outputFormat:org.apache.hadoop.hive.ql.io.RCFileOutputFormat, compressed:false, numBuckets:-1, serdeInfo:SerDeInfo(name:null, serializationLib:org.apache.hadoop.hive.serde2.columnar.ColumnarSerDe, parameters:{serialization.format=1}), bucketCols:[], sortCols:[], parameters:{}, skewedInfo:SkewedInfo(skewedColNames:[], skewedColValues:[], skewedColValueLocationMaps:{}), storedAsSubDirectories:false), partitionKeys:[], parameters:{rawDataSize=0, bucketing_version=2, numRows=0, transactional=false, numFilesErasureCoded=0, COLUMN_STATS_ACCURATE={"BASIC_STATS":"true","COLUMN_STATS":{"a":"true","b":"true"}}, numFiles=0, totalSize=0}, viewOriginalText:null, viewExpandedText:null, tableType:MANAGED_TABLE, privileges:PrincipalPrivilegeSet(userPrivileges:{alex=[PrivilegeGrantInfo(privilege:INSERT, createTime:-1, grantor:alex, grantorType:USER, grantOption:true), PrivilegeGrantInfo(privilege:SELECT, createTime:-1, grantor:alex, grantorType:USER, grantOption:true), PrivilegeGrantInfo(privilege:UPDATE, createTime:-1, grantor:alex, grantorType:USER, grantOption:true), PrivilegeGrantInfo(privilege:DELETE, createTime:-1, grantor:alex, grantorType:USER, grantOption:true)]}, groupPrivileges:null, rolePrivileges:null), temporary:false, catName:hive, ownerType:USER)	
2024-04-24T11:29:27,337  INFO [main] utils.FileUtils: Creating directory if it doesn't exist: file:/home/alex/Repositories/hive/hcatalog/hcatalog-pig-adapter/build/test/data/org.apache.hive.hcatalog.mapreduce.HCatBaseTest-1713983215978/warehouse/junit_specific_size
2024-04-24T11:29:27,352  INFO [main] metadata.Hive: Dumping metastore api call timing information for : execution phase
2024-04-24T11:29:27,352  INFO [main] metadata.Hive: Total time spent in each metastore function (ms): {isCompatibleWith_(Configuration)=0, createTable_(Table)=21}
2024-04-24T11:29:27,352  INFO [main] ql.Driver: Completed executing command(queryId=alex_20240424112927_2b8c7ddc-ca66-44e6-a269-5a44fbedacf4); Time taken: 0.021 seconds
2024-04-24T11:29:27,353  INFO [main] ql.Driver: Compiling command(queryId=alex_20240424112927_2b8c7ddc-ca66-44e6-a269-5a44fbedacf4): create database if not exists junit_specific_db
2024-04-24T11:29:27,353  INFO [main] ql.Driver: Semantic Analysis Completed (retrial = false)
2024-04-24T11:29:27,353  INFO [main] ql.Driver: Created Hive schema: Schema(fieldSchemas:null, properties:null)
2024-04-24T11:29:27,353  INFO [main] metadata.Hive: Dumping metastore api call timing information for : compilation phase
2024-04-24T11:29:27,353  INFO [main] metadata.Hive: Total time spent in each metastore function (ms): {flushCache_()=0, isCompatibleWith_(Configuration)=0}
2024-04-24T11:29:27,354  INFO [main] ql.Driver: Completed compiling command(queryId=alex_20240424112927_2b8c7ddc-ca66-44e6-a269-5a44fbedacf4); Time taken: 0.0 seconds
2024-04-24T11:29:27,354  INFO [main] reexec.ReExecDriver: Execution #1 of query
2024-04-24T11:29:27,354  INFO [main] ql.Driver: Concurrency mode is disabled, not creating a lock manager
2024-04-24T11:29:27,354  INFO [main] ql.Driver: Executing command(queryId=alex_20240424112927_2b8c7ddc-ca66-44e6-a269-5a44fbedacf4): create database if not exists junit_specific_db
2024-04-24T11:29:27,354  INFO [main] ql.Driver: Starting task [Stage-0:DDL] in serial mode
2024-04-24T11:29:27,354  WARN [main] exec.DDLTask: metastore.warehouse.external.dir is not set, falling back to metastore.warehouse.dir. This could cause external tables to use to managed tablespace.
2024-04-24T11:29:27,354  INFO [main] HiveMetaStore.audit: ugi=alex	ip=unknown-ip-addr	cmd=create_database: Database(name:junit_specific_db, description:null, locationUri:file:/home/alex/Repositories/hive/hcatalog/hcatalog-pig-adapter/build/test/data/org.apache.hive.hcatalog.mapreduce.HCatBaseTest-1713983215978/warehouse/junit_specific_db.db, parameters:null, ownerName:alex, ownerType:USER, catalogName:hive, type:NATIVE)	
2024-04-24T11:29:27,359  INFO [main] metastore.HMSHandler: Creating database path in external directory file:/home/alex/Repositories/hive/hcatalog/hcatalog-pig-adapter/build/test/data/org.apache.hive.hcatalog.mapreduce.HCatBaseTest-1713983215978/warehouse/junit_specific_db.db
2024-04-24T11:29:27,359  INFO [main] utils.FileUtils: Creating directory if it doesn't exist: file:/home/alex/Repositories/hive/hcatalog/hcatalog-pig-adapter/build/test/data/org.apache.hive.hcatalog.mapreduce.HCatBaseTest-1713983215978/warehouse/junit_specific_db.db
2024-04-24T11:29:27,361  INFO [main] metastore.HMSHandler: Created database path in external directory file:/home/alex/Repositories/hive/hcatalog/hcatalog-pig-adapter/build/test/data/org.apache.hive.hcatalog.mapreduce.HCatBaseTest-1713983215978/warehouse/junit_specific_db.db
2024-04-24T11:29:27,366  INFO [main] metadata.Hive: Dumping metastore api call timing information for : execution phase
2024-04-24T11:29:27,366  INFO [main] metadata.Hive: Total time spent in each metastore function (ms): {createDatabase_(Database)=11, isCompatibleWith_(Configuration)=0}
2024-04-24T11:29:27,366  INFO [main] ql.Driver: Completed executing command(queryId=alex_20240424112927_2b8c7ddc-ca66-44e6-a269-5a44fbedacf4); Time taken: 0.011 seconds
2024-04-24T11:29:27,367  INFO [main] ql.Driver: Compiling command(queryId=alex_20240424112927_2b8c7ddc-ca66-44e6-a269-5a44fbedacf4): use junit_specific_db
2024-04-24T11:29:27,367  INFO [main] HiveMetaStore.audit: ugi=alex	ip=unknown-ip-addr	cmd=get_database: junit_specific_db	
2024-04-24T11:29:27,369  INFO [main] ql.Driver: Semantic Analysis Completed (retrial = false)
2024-04-24T11:29:27,369  INFO [main] ql.Driver: Created Hive schema: Schema(fieldSchemas:null, properties:null)
2024-04-24T11:29:27,370  INFO [main] metadata.Hive: Dumping metastore api call timing information for : compilation phase
2024-04-24T11:29:27,370  INFO [main] metadata.Hive: Total time spent in each metastore function (ms): {getDatabase_(String)=2, isCompatibleWith_(Configuration)=0, flushCache_()=0}
2024-04-24T11:29:27,370  INFO [main] ql.Driver: Completed compiling command(queryId=alex_20240424112927_2b8c7ddc-ca66-44e6-a269-5a44fbedacf4); Time taken: 0.003 seconds
2024-04-24T11:29:27,370  INFO [main] reexec.ReExecDriver: Execution #1 of query
2024-04-24T11:29:27,370  INFO [main] ql.Driver: Concurrency mode is disabled, not creating a lock manager
2024-04-24T11:29:27,370  INFO [main] ql.Driver: Executing command(queryId=alex_20240424112927_2b8c7ddc-ca66-44e6-a269-5a44fbedacf4): use junit_specific_db
2024-04-24T11:29:27,370  INFO [main] ql.Driver: Starting task [Stage-0:DDL] in serial mode
2024-04-24T11:29:27,370  INFO [main] HiveMetaStore.audit: ugi=alex	ip=unknown-ip-addr	cmd=get_database: junit_specific_db	
2024-04-24T11:29:27,372  INFO [main] HiveMetaStore.audit: ugi=alex	ip=unknown-ip-addr	cmd=get_database: junit_specific_db	
2024-04-24T11:29:27,373  INFO [main] metadata.Hive: Dumping metastore api call timing information for : execution phase
2024-04-24T11:29:27,373  INFO [main] metadata.Hive: Total time spent in each metastore function (ms): {isCompatibleWith_(Configuration)=0, getDatabase_(String)=3}
2024-04-24T11:29:27,374  INFO [main] ql.Driver: Completed executing command(queryId=alex_20240424112927_2b8c7ddc-ca66-44e6-a269-5a44fbedacf4); Time taken: 0.003 seconds
2024-04-24T11:29:27,374  INFO [main] ql.Driver: Compiling command(queryId=alex_20240424112927_2b8c7ddc-ca66-44e6-a269-5a44fbedacf4): create table junit_specific_size2(a int, b string) stored as RCFILE TBLPROPERTIES ('transactional'='false')
2024-04-24T11:29:27,375  INFO [main] parse.CalcitePlanner: Starting caching scope for: alex_20240424112927_2b8c7ddc-ca66-44e6-a269-5a44fbedacf4
2024-04-24T11:29:27,375  INFO [main] parse.CalcitePlanner: Starting Semantic Analysis
2024-04-24T11:29:27,375  INFO [main] parse.CalcitePlanner: Creating table junit_specific_db.junit_specific_size2 position=13
2024-04-24T11:29:27,375  INFO [main] HiveMetaStore.audit: ugi=alex	ip=unknown-ip-addr	cmd=get_database: junit_specific_db	
2024-04-24T11:29:27,376  INFO [main] parse.CalcitePlanner: Ending caching scope for: alex_20240424112927_2b8c7ddc-ca66-44e6-a269-5a44fbedacf4
2024-04-24T11:29:27,376  INFO [main] ql.Driver: Semantic Analysis Completed (retrial = false)
2024-04-24T11:29:27,376  INFO [main] ql.Driver: Created Hive schema: Schema(fieldSchemas:null, properties:null)
2024-04-24T11:29:27,377  INFO [main] metadata.Hive: Dumping metastore api call timing information for : compilation phase
2024-04-24T11:29:27,377  INFO [main] metadata.Hive: Total time spent in each metastore function (ms): {getDatabase_(String)=1, flushCache_()=0, isCompatibleWith_(Configuration)=0}
2024-04-24T11:29:27,377  INFO [main] ql.Driver: Completed compiling command(queryId=alex_20240424112927_2b8c7ddc-ca66-44e6-a269-5a44fbedacf4); Time taken: 0.003 seconds
2024-04-24T11:29:27,377  INFO [main] reexec.ReExecDriver: Execution #1 of query
2024-04-24T11:29:27,377  INFO [main] ql.Driver: Concurrency mode is disabled, not creating a lock manager
2024-04-24T11:29:27,377  INFO [main] ql.Driver: Executing command(queryId=alex_20240424112927_2b8c7ddc-ca66-44e6-a269-5a44fbedacf4): create table junit_specific_size2(a int, b string) stored as RCFILE TBLPROPERTIES ('transactional'='false')
2024-04-24T11:29:27,377  INFO [main] ql.Driver: Starting task [Stage-0:DDL] in serial mode
2024-04-24T11:29:27,378  INFO [main] HiveMetaStore.audit: ugi=alex	ip=unknown-ip-addr	cmd=create_table_req: Table(tableName:junit_specific_size2, dbName:junit_specific_db, owner:alex, createTime:1713983367, lastAccessTime:0, retention:0, sd:StorageDescriptor(cols:[FieldSchema(name:a, type:int, comment:null), FieldSchema(name:b, type:string, comment:null)], location:null, inputFormat:org.apache.hadoop.hive.ql.io.RCFileInputFormat, outputFormat:org.apache.hadoop.hive.ql.io.RCFileOutputFormat, compressed:false, numBuckets:-1, serdeInfo:SerDeInfo(name:null, serializationLib:org.apache.hadoop.hive.serde2.columnar.ColumnarSerDe, parameters:{serialization.format=1}), bucketCols:[], sortCols:[], parameters:{}, skewedInfo:SkewedInfo(skewedColNames:[], skewedColValues:[], skewedColValueLocationMaps:{}), storedAsSubDirectories:false), partitionKeys:[], parameters:{rawDataSize=0, transactional=false, totalSize=0, numFilesErasureCoded=0, numFiles=0, bucketing_version=2, COLUMN_STATS_ACCURATE={"BASIC_STATS":"true","COLUMN_STATS":{"a":"true","b":"true"}}, numRows=0}, viewOriginalText:null, viewExpandedText:null, tableType:MANAGED_TABLE, privileges:PrincipalPrivilegeSet(userPrivileges:{alex=[PrivilegeGrantInfo(privilege:INSERT, createTime:-1, grantor:alex, grantorType:USER, grantOption:true), PrivilegeGrantInfo(privilege:SELECT, createTime:-1, grantor:alex, grantorType:USER, grantOption:true), PrivilegeGrantInfo(privilege:UPDATE, createTime:-1, grantor:alex, grantorType:USER, grantOption:true), PrivilegeGrantInfo(privilege:DELETE, createTime:-1, grantor:alex, grantorType:USER, grantOption:true)]}, groupPrivileges:null, rolePrivileges:null), temporary:false, catName:hive, ownerType:USER)	
2024-04-24T11:29:27,384  INFO [main] utils.FileUtils: Creating directory if it doesn't exist: file:/home/alex/Repositories/hive/hcatalog/hcatalog-pig-adapter/build/test/data/org.apache.hive.hcatalog.mapreduce.HCatBaseTest-1713983215978/warehouse/junit_specific_db.db/junit_specific_size2
2024-04-24T11:29:27,398  INFO [main] metadata.Hive: Dumping metastore api call timing information for : execution phase
2024-04-24T11:29:27,398  INFO [main] metadata.Hive: Total time spent in each metastore function (ms): {isCompatibleWith_(Configuration)=0, createTable_(Table)=20}
2024-04-24T11:29:27,398  INFO [main] ql.Driver: Completed executing command(queryId=alex_20240424112927_2b8c7ddc-ca66-44e6-a269-5a44fbedacf4); Time taken: 0.021 seconds
2024-04-24T11:29:27,399  INFO [main] ql.Driver: Compiling command(queryId=alex_20240424112927_2b8c7ddc-ca66-44e6-a269-5a44fbedacf4): use default
2024-04-24T11:29:27,399  INFO [main] HiveMetaStore.audit: ugi=alex	ip=unknown-ip-addr	cmd=get_database: default	
2024-04-24T11:29:27,401  INFO [main] ql.Driver: Semantic Analysis Completed (retrial = false)
2024-04-24T11:29:27,401  INFO [main] ql.Driver: Created Hive schema: Schema(fieldSchemas:null, properties:null)
2024-04-24T11:29:27,401  INFO [main] metadata.Hive: Dumping metastore api call timing information for : compilation phase
2024-04-24T11:29:27,401  INFO [main] metadata.Hive: Total time spent in each metastore function (ms): {flushCache_()=0, getDatabase_(String)=2, isCompatibleWith_(Configuration)=0}
2024-04-24T11:29:27,401  INFO [main] ql.Driver: Completed compiling command(queryId=alex_20240424112927_2b8c7ddc-ca66-44e6-a269-5a44fbedacf4); Time taken: 0.002 seconds
2024-04-24T11:29:27,401  INFO [main] reexec.ReExecDriver: Execution #1 of query
2024-04-24T11:29:27,401  INFO [main] ql.Driver: Concurrency mode is disabled, not creating a lock manager
2024-04-24T11:29:27,401  INFO [main] ql.Driver: Executing command(queryId=alex_20240424112927_2b8c7ddc-ca66-44e6-a269-5a44fbedacf4): use default
2024-04-24T11:29:27,401  INFO [main] ql.Driver: Starting task [Stage-0:DDL] in serial mode
2024-04-24T11:29:27,402  INFO [main] HiveMetaStore.audit: ugi=alex	ip=unknown-ip-addr	cmd=get_database: default	
2024-04-24T11:29:27,403  INFO [main] HiveMetaStore.audit: ugi=alex	ip=unknown-ip-addr	cmd=get_database: default	
2024-04-24T11:29:27,404  INFO [main] metadata.Hive: Dumping metastore api call timing information for : execution phase
2024-04-24T11:29:27,405  INFO [main] metadata.Hive: Total time spent in each metastore function (ms): {getDatabase_(String)=2, isCompatibleWith_(Configuration)=1}
2024-04-24T11:29:27,405  INFO [main] ql.Driver: Completed executing command(queryId=alex_20240424112927_2b8c7ddc-ca66-44e6-a269-5a44fbedacf4); Time taken: 0.003 seconds
2024-04-24T11:29:27,405  INFO [main] ql.Driver: Compiling command(queryId=alex_20240424112927_2b8c7ddc-ca66-44e6-a269-5a44fbedacf4): create table junit_parted_date(b string) partitioned by (dt date) stored as RCFILE TBLPROPERTIES ('transactional'='false')
2024-04-24T11:29:27,406  INFO [main] parse.CalcitePlanner: Starting caching scope for: alex_20240424112927_2b8c7ddc-ca66-44e6-a269-5a44fbedacf4
2024-04-24T11:29:27,406  INFO [main] parse.CalcitePlanner: Starting Semantic Analysis
2024-04-24T11:29:27,406  INFO [main] parse.CalcitePlanner: Creating table default.junit_parted_date position=13
2024-04-24T11:29:27,406  INFO [main] HiveMetaStore.audit: ugi=alex	ip=unknown-ip-addr	cmd=get_database: default	
2024-04-24T11:29:27,407  INFO [main] parse.CalcitePlanner: Ending caching scope for: alex_20240424112927_2b8c7ddc-ca66-44e6-a269-5a44fbedacf4
2024-04-24T11:29:27,407  INFO [main] ql.Driver: Semantic Analysis Completed (retrial = false)
2024-04-24T11:29:27,407  INFO [main] ql.Driver: Created Hive schema: Schema(fieldSchemas:null, properties:null)
2024-04-24T11:29:27,407  INFO [main] metadata.Hive: Dumping metastore api call timing information for : compilation phase
2024-04-24T11:29:27,408  INFO [main] metadata.Hive: Total time spent in each metastore function (ms): {getDatabase_(String)=1, flushCache_()=0, isCompatibleWith_(Configuration)=0}
2024-04-24T11:29:27,408  INFO [main] ql.Driver: Completed compiling command(queryId=alex_20240424112927_2b8c7ddc-ca66-44e6-a269-5a44fbedacf4); Time taken: 0.002 seconds
2024-04-24T11:29:27,408  INFO [main] reexec.ReExecDriver: Execution #1 of query
2024-04-24T11:29:27,408  INFO [main] ql.Driver: Concurrency mode is disabled, not creating a lock manager
2024-04-24T11:29:27,408  INFO [main] ql.Driver: Executing command(queryId=alex_20240424112927_2b8c7ddc-ca66-44e6-a269-5a44fbedacf4): create table junit_parted_date(b string) partitioned by (dt date) stored as RCFILE TBLPROPERTIES ('transactional'='false')
2024-04-24T11:29:27,408  INFO [main] ql.Driver: Starting task [Stage-0:DDL] in serial mode
2024-04-24T11:29:27,409  INFO [main] HiveMetaStore.audit: ugi=alex	ip=unknown-ip-addr	cmd=create_table_req: Table(tableName:junit_parted_date, dbName:default, owner:alex, createTime:1713983367, lastAccessTime:0, retention:0, sd:StorageDescriptor(cols:[FieldSchema(name:b, type:string, comment:null)], location:null, inputFormat:org.apache.hadoop.hive.ql.io.RCFileInputFormat, outputFormat:org.apache.hadoop.hive.ql.io.RCFileOutputFormat, compressed:false, numBuckets:-1, serdeInfo:SerDeInfo(name:null, serializationLib:org.apache.hadoop.hive.serde2.columnar.ColumnarSerDe, parameters:{serialization.format=1}), bucketCols:[], sortCols:[], parameters:{}, skewedInfo:SkewedInfo(skewedColNames:[], skewedColValues:[], skewedColValueLocationMaps:{}), storedAsSubDirectories:false), partitionKeys:[FieldSchema(name:dt, type:date, comment:null)], parameters:{bucketing_version=2, transactional=false}, viewOriginalText:null, viewExpandedText:null, tableType:MANAGED_TABLE, privileges:PrincipalPrivilegeSet(userPrivileges:{alex=[PrivilegeGrantInfo(privilege:INSERT, createTime:-1, grantor:alex, grantorType:USER, grantOption:true), PrivilegeGrantInfo(privilege:SELECT, createTime:-1, grantor:alex, grantorType:USER, grantOption:true), PrivilegeGrantInfo(privilege:UPDATE, createTime:-1, grantor:alex, grantorType:USER, grantOption:true), PrivilegeGrantInfo(privilege:DELETE, createTime:-1, grantor:alex, grantorType:USER, grantOption:true)]}, groupPrivileges:null, rolePrivileges:null), temporary:false, catName:hive, ownerType:USER)	
2024-04-24T11:29:27,414  INFO [main] utils.FileUtils: Creating directory if it doesn't exist: file:/home/alex/Repositories/hive/hcatalog/hcatalog-pig-adapter/build/test/data/org.apache.hive.hcatalog.mapreduce.HCatBaseTest-1713983215978/warehouse/junit_parted_date
2024-04-24T11:29:27,427  INFO [main] metadata.Hive: Dumping metastore api call timing information for : execution phase
2024-04-24T11:29:27,428  INFO [main] metadata.Hive: Total time spent in each metastore function (ms): {createTable_(Table)=18, isCompatibleWith_(Configuration)=0}
2024-04-24T11:29:27,428  INFO [main] ql.Driver: Completed executing command(queryId=alex_20240424112927_2b8c7ddc-ca66-44e6-a269-5a44fbedacf4); Time taken: 0.019 seconds
2024-04-24T11:29:27,429  INFO [main] ql.Driver: Compiling command(queryId=alex_20240424112927_2b8c7ddc-ca66-44e6-a269-5a44fbedacf4): create table junit_unparted_alltypes( c_boolean boolean, c_tinyint tinyint, c_smallint smallint, c_int int, c_bigint bigint, c_float float, c_double double, c_decimal decimal(5,2), c_string string, c_char char(10), c_varchar varchar(20), c_binary binary, c_date date, c_timestamp timestamp)ROW FORMAT DELIMITED FIELDS TERMINATED BY '	' STORED AS TEXTFILE
2024-04-24T11:29:27,429  INFO [main] parse.CalcitePlanner: Starting caching scope for: alex_20240424112927_2b8c7ddc-ca66-44e6-a269-5a44fbedacf4
2024-04-24T11:29:27,429  INFO [main] parse.CalcitePlanner: Starting Semantic Analysis
2024-04-24T11:29:27,429  INFO [main] parse.CalcitePlanner: Creating table default.junit_unparted_alltypes position=13
2024-04-24T11:29:27,430  INFO [main] HiveMetaStore.audit: ugi=alex	ip=unknown-ip-addr	cmd=get_database: default	
2024-04-24T11:29:27,431  INFO [main] parse.CalcitePlanner: Ending caching scope for: alex_20240424112927_2b8c7ddc-ca66-44e6-a269-5a44fbedacf4
2024-04-24T11:29:27,431  INFO [main] ql.Driver: Semantic Analysis Completed (retrial = false)
2024-04-24T11:29:27,431  INFO [main] ql.Driver: Created Hive schema: Schema(fieldSchemas:null, properties:null)
2024-04-24T11:29:27,432  INFO [main] metadata.Hive: Dumping metastore api call timing information for : compilation phase
2024-04-24T11:29:27,432  INFO [main] metadata.Hive: Total time spent in each metastore function (ms): {getDatabase_(String)=1, isCompatibleWith_(Configuration)=0, flushCache_()=0}
2024-04-24T11:29:27,432  INFO [main] ql.Driver: Completed compiling command(queryId=alex_20240424112927_2b8c7ddc-ca66-44e6-a269-5a44fbedacf4); Time taken: 0.004 seconds
2024-04-24T11:29:27,432  INFO [main] reexec.ReExecDriver: Execution #1 of query
2024-04-24T11:29:27,432  INFO [main] ql.Driver: Concurrency mode is disabled, not creating a lock manager
2024-04-24T11:29:27,432  INFO [main] ql.Driver: Executing command(queryId=alex_20240424112927_2b8c7ddc-ca66-44e6-a269-5a44fbedacf4): create table junit_unparted_alltypes( c_boolean boolean, c_tinyint tinyint, c_smallint smallint, c_int int, c_bigint bigint, c_float float, c_double double, c_decimal decimal(5,2), c_string string, c_char char(10), c_varchar varchar(20), c_binary binary, c_date date, c_timestamp timestamp)ROW FORMAT DELIMITED FIELDS TERMINATED BY '	' STORED AS TEXTFILE
2024-04-24T11:29:27,432  INFO [main] ql.Driver: Starting task [Stage-0:DDL] in serial mode
2024-04-24T11:29:27,433  INFO [main] HiveMetaStore.audit: ugi=alex	ip=unknown-ip-addr	cmd=create_table_req: Table(tableName:junit_unparted_alltypes, dbName:default, owner:alex, createTime:1713983367, lastAccessTime:0, retention:0, sd:StorageDescriptor(cols:[FieldSchema(name:c_boolean, type:boolean, comment:null), FieldSchema(name:c_tinyint, type:tinyint, comment:null), FieldSchema(name:c_smallint, type:smallint, comment:null), FieldSchema(name:c_int, type:int, comment:null), FieldSchema(name:c_bigint, type:bigint, comment:null), FieldSchema(name:c_float, type:float, comment:null), FieldSchema(name:c_double, type:double, comment:null), FieldSchema(name:c_decimal, type:decimal(5,2), comment:null), FieldSchema(name:c_string, type:string, comment:null), FieldSchema(name:c_char, type:char(10), comment:null), FieldSchema(name:c_varchar, type:varchar(20), comment:null), FieldSchema(name:c_binary, type:binary, comment:null), FieldSchema(name:c_date, type:date, comment:null), FieldSchema(name:c_timestamp, type:timestamp, comment:null)], location:null, inputFormat:org.apache.hadoop.mapred.TextInputFormat, outputFormat:org.apache.hadoop.hive.ql.io.HiveIgnoreKeyTextOutputFormat, compressed:false, numBuckets:-1, serdeInfo:SerDeInfo(name:null, serializationLib:org.apache.hadoop.hive.serde2.lazy.LazySimpleSerDe, parameters:{field.delim=	, serialization.format=	}), bucketCols:[], sortCols:[], parameters:{}, skewedInfo:SkewedInfo(skewedColNames:[], skewedColValues:[], skewedColValueLocationMaps:{}), storedAsSubDirectories:false), partitionKeys:[], parameters:{COLUMN_STATS_ACCURATE={"BASIC_STATS":"true","COLUMN_STATS":{"c_bigint":"true","c_binary":"true","c_boolean":"true","c_char":"true","c_date":"true","c_decimal":"true","c_double":"true","c_float":"true","c_int":"true","c_smallint":"true","c_string":"true","c_timestamp":"true","c_tinyint":"true","c_varchar":"true"}}, totalSize=0, rawDataSize=0, numFilesErasureCoded=0, bucketing_version=2, numRows=0, numFiles=0}, viewOriginalText:null, viewExpandedText:null, tableType:MANAGED_TABLE, privileges:PrincipalPrivilegeSet(userPrivileges:{alex=[PrivilegeGrantInfo(privilege:INSERT, createTime:-1, grantor:alex, grantorType:USER, grantOption:true), PrivilegeGrantInfo(privilege:SELECT, createTime:-1, grantor:alex, grantorType:USER, grantOption:true), PrivilegeGrantInfo(privilege:UPDATE, createTime:-1, grantor:alex, grantorType:USER, grantOption:true), PrivilegeGrantInfo(privilege:DELETE, createTime:-1, grantor:alex, grantorType:USER, grantOption:true)]}, groupPrivileges:null, rolePrivileges:null), temporary:false, catName:hive, ownerType:USER)	
2024-04-24T11:29:27,439  INFO [main] utils.FileUtils: Creating directory if it doesn't exist: file:/home/alex/Repositories/hive/hcatalog/hcatalog-pig-adapter/build/test/data/org.apache.hive.hcatalog.mapreduce.HCatBaseTest-1713983215978/warehouse/junit_unparted_alltypes
2024-04-24T11:29:27,458  INFO [main] metadata.Hive: Dumping metastore api call timing information for : execution phase
2024-04-24T11:29:27,458  INFO [main] metadata.Hive: Total time spent in each metastore function (ms): {createTable_(Table)=25, isCompatibleWith_(Configuration)=0}
2024-04-24T11:29:27,458  INFO [main] ql.Driver: Completed executing command(queryId=alex_20240424112927_2b8c7ddc-ca66-44e6-a269-5a44fbedacf4); Time taken: 0.026 seconds
2024-04-24T11:29:27,459  INFO [main] ql.Driver: Compiling command(queryId=alex_20240424112927_2b8c7ddc-ca66-44e6-a269-5a44fbedacf4): load data local inpath '/home/alex/Repositories/hive/hcatalog/hcatalog-pig-adapter/build/test/data/org.apache.hive.hcatalog.mapreduce.HCatBaseTest-1713983215978/alltypes.input.data' into table junit_unparted_alltypes
2024-04-24T11:29:27,459  INFO [main] parse.LoadSemanticAnalyzer: Starting caching scope for: alex_20240424112927_2b8c7ddc-ca66-44e6-a269-5a44fbedacf4
2024-04-24T11:29:27,460  INFO [main] HiveMetaStore.audit: ugi=alex	ip=unknown-ip-addr	cmd=get_table : tbl=hive.default.junit_unparted_alltypes	
2024-04-24T11:29:27,469  INFO [main] metastore.HMSHandler: Skipping translation for processor with null
2024-04-24T11:29:27,470  INFO [main] parse.LoadSemanticAnalyzer: Ending caching scope for: alex_20240424112927_2b8c7ddc-ca66-44e6-a269-5a44fbedacf4
2024-04-24T11:29:27,470  INFO [main] ql.Driver: Semantic Analysis Completed (retrial = false)
2024-04-24T11:29:27,470  INFO [main] ql.Driver: Created Hive schema: Schema(fieldSchemas:null, properties:null)
2024-04-24T11:29:27,470  INFO [main] metadata.Hive: Dumping metastore api call timing information for : compilation phase
2024-04-24T11:29:27,471  INFO [main] metadata.Hive: Total time spent in each metastore function (ms): {flushCache_()=0, getTable_(GetTableRequest)=10, isCompatibleWith_(Configuration)=0}
2024-04-24T11:29:27,471  INFO [main] ql.Driver: Completed compiling command(queryId=alex_20240424112927_2b8c7ddc-ca66-44e6-a269-5a44fbedacf4); Time taken: 0.011 seconds
2024-04-24T11:29:27,471  INFO [main] reexec.ReExecDriver: Execution #1 of query
2024-04-24T11:29:27,471  INFO [main] ql.Driver: Concurrency mode is disabled, not creating a lock manager
2024-04-24T11:29:27,471  INFO [main] ql.Driver: Executing command(queryId=alex_20240424112927_2b8c7ddc-ca66-44e6-a269-5a44fbedacf4): load data local inpath '/home/alex/Repositories/hive/hcatalog/hcatalog-pig-adapter/build/test/data/org.apache.hive.hcatalog.mapreduce.HCatBaseTest-1713983215978/alltypes.input.data' into table junit_unparted_alltypes
2024-04-24T11:29:27,471  INFO [main] ql.Driver: Starting task [Stage-0:MOVE] in serial mode
Loading data to table default.junit_unparted_alltypes
2024-04-24T11:29:27,471  INFO [main] exec.Task: Loading data to table default.junit_unparted_alltypes from file:/home/alex/Repositories/hive/hcatalog/hcatalog-pig-adapter/build/test/data/org.apache.hive.hcatalog.mapreduce.HCatBaseTest-1713983215978/alltypes.input.data
2024-04-24T11:29:27,472  INFO [main] HiveMetaStore.audit: ugi=alex	ip=unknown-ip-addr	cmd=get_table : tbl=hive.default.junit_unparted_alltypes	
2024-04-24T11:29:27,481  INFO [main] metastore.HMSHandler: Skipping translation for processor with null
2024-04-24T11:29:27,482  INFO [main] HiveMetaStore.audit: ugi=alex	ip=unknown-ip-addr	cmd=get_table : tbl=hive.default.junit_unparted_alltypes	
2024-04-24T11:29:27,491  INFO [main] metastore.HMSHandler: Skipping translation for processor with null
2024-04-24T11:29:27,498  WARN [main] metadata.Hive: Cannot get a table snapshot for junit_unparted_alltypes
2024-04-24T11:29:27,498  INFO [main] HiveMetaStore.audit: ugi=alex	ip=unknown-ip-addr	cmd=alter_table: hive.default.junit_unparted_alltypes newtbl=junit_unparted_alltypes	
2024-04-24T11:29:27,524  INFO [main] ql.Driver: Starting task [Stage-1:STATS] in serial mode
2024-04-24T11:29:27,525  INFO [main] HiveMetaStore.audit: ugi=alex	ip=unknown-ip-addr	cmd=get_table : tbl=hive.default.junit_unparted_alltypes	
2024-04-24T11:29:27,534  INFO [main] metastore.HMSHandler: Skipping translation for processor with null
2024-04-24T11:29:27,535  INFO [main] stats.BasicStatsTask: Executing stats task
2024-04-24T11:29:27,535  INFO [main] HiveMetaStore.audit: ugi=alex	ip=unknown-ip-addr	cmd=get_table : tbl=hive.default.junit_unparted_alltypes	
2024-04-24T11:29:27,544  INFO [main] metastore.HMSHandler: Skipping translation for processor with null
2024-04-24T11:29:27,545  WARN [main] metadata.Hive: Cannot get a table snapshot for junit_unparted_alltypes
2024-04-24T11:29:27,546  INFO [main] HiveMetaStore.audit: ugi=alex	ip=unknown-ip-addr	cmd=alter_table: hive.default.junit_unparted_alltypes newtbl=junit_unparted_alltypes	
2024-04-24T11:29:27,579  INFO [main] stats.BasicStatsTask: Table default.junit_unparted_alltypes stats: [numFiles=1, numRows=0, totalSize=329, rawDataSize=0, numFilesErasureCoded=0]
2024-04-24T11:29:27,580  INFO [main] metadata.Hive: Dumping metastore api call timing information for : execution phase
2024-04-24T11:29:27,580  INFO [main] metadata.Hive: Total time spent in each metastore function (ms): {getTable_(GetTableRequest)=38, isCompatibleWith_(Configuration)=1, alter_table_(String, String, String, Table, EnvironmentContext, String)=59}
2024-04-24T11:29:27,580  INFO [main] ql.Driver: Completed executing command(queryId=alex_20240424112927_2b8c7ddc-ca66-44e6-a269-5a44fbedacf4); Time taken: 0.109 seconds
2024-04-24T11:29:27,599  INFO [main] executionengine.HExecutionEngine: Connecting to hadoop file system at: file:///
2024-04-24T11:29:27,600  INFO [main] pig.PigServer: Pig Script ID for the session: PIG-default-773f6ce7-6369-4b4e-88ef-689d661eecc4
2024-04-24T11:29:27,780  WARN [main] conf.HiveConf: HiveConf of name hive.llap.io.cache.orc.arena.size does not exist
2024-04-24T11:29:27,781  WARN [main] conf.HiveConf: HiveConf of name hive.llap.io.cache.orc.alloc.max does not exist
2024-04-24T11:29:27,781  WARN [main] conf.HiveConf: HiveConf of name hive.dummyparam.test.server.specific.config.metastoresite does not exist
2024-04-24T11:29:27,781  WARN [main] conf.HiveConf: HiveConf of name hive.llap.io.cache.orc.size does not exist
2024-04-24T11:29:27,781  WARN [main] conf.HiveConf: HiveConf of name hive.metastore.client.cache.maxSize does not exist
2024-04-24T11:29:27,781  WARN [main] conf.HiveConf: HiveConf of name hive.metastore.client.cache.recordStats does not exist
2024-04-24T11:29:27,781  WARN [main] conf.HiveConf: HiveConf of name hive.llap.io.cache.orc.alloc.min does not exist
2024-04-24T11:29:27,781  WARN [main] conf.HiveConf: HiveConf of name hive.metastore.metadb.dir does not exist
2024-04-24T11:29:27,781  WARN [main] conf.HiveConf: HiveConf of name hive.dummyparam.test.server.specific.config.override does not exist
2024-04-24T11:29:27,781  WARN [main] conf.HiveConf: HiveConf of name hive.stats.key.prefix.reserve.length does not exist
2024-04-24T11:29:27,781  WARN [main] conf.HiveConf: HiveConf of name hive.dummyparam.test.server.specific.config.hivesite does not exist
2024-04-24T11:29:27,781  INFO [main] common.HCatUtil: mapreduce.lib.hcatoutput.hive.conf not set. Generating configuration differences.
2024-04-24T11:29:27,782  INFO [main] common.HCatUtil: Configuration differences={datanucleus.connectionPool.maxPoolSize=4, hive.llap.io.cache.orc.alloc.max=2097152, hive.stats.column.autogather=true, test.property1=value1, javax.jdo.option.ConnectionUserName=APP, hive.query.results.cache.enabled=false, fs.pfile.impl=org.apache.hadoop.fs.ProxyLocalFileSystem, hive.querylog.location=${test.tmp.dir}/tmp, hive.metastore.rawstore.impl=org.apache.hadoop.hive.metastore.ObjectStore, hive.llap.io.use.lrfu=true, javax.jdo.option.ConnectionPassword=mine, hive.jar.path=${maven.local.repository}/org/apache/hive/hive-exec/${hive.version}/hive-exec-${hive.version}.jar, hive.default.rcfile.serde=org.apache.hadoop.hive.serde2.columnar.ColumnarSerDe, test.data.scripts=${hive.root}/data/scripts, datanucleus.schema.autoCreateAll=true, hive.users.in.admin.role=hive_admin_user, hive.llap.io.cache.orc.size=8388608, hive.dummyparam.test.server.specific.config.hivesite=from.hive-site.xml, hive.exec.mode.local.auto=false, test.var.hiveconf.property=${hive.exec.default.partition.name}, hive.materializedview.rewriting=true, hive.dummyparam.test.server.specific.config.override=from.hive-site.xml, hive.fetch.task.conversion=minimal, hive.metastore.metadb.dir=file://${test.tmp.dir}/metadb/, hive.server2.operation.log.purgePolicy.timeToLive=5s, hive.conf.restricted.list=dummy.config.value, hive.query.reexecution.stats.persist.scope=query, hive.cbo.fallback.strategy=TEST, hive.input.format=org.apache.hadoop.hive.ql.io.CombineHiveInputFormat, hive.security.authorization.manager=org.apache.hadoop.hive.ql.security.authorization.plugin.sqlstd.SQLStdHiveAuthorizerFactoryForTest, test.data.files=${hive.root}/data/files, hive.stats.key.prefix.reserve.length=0, hive.metastore.client.cache.enabled=true, hive.exec.local.scratchdir=${test.tmp.dir}/localscratchdir/, hive.exec.submit.local.task.via.child=false, hive.auto.convert.join=false, hive.llap.io.cache.orc.alloc.min=32768, hive.stats.fetch.bitvector=true, hive.llap.io.allocator.direct=false, hive.metastore.schema.verification=false, javax.jdo.option.ConnectionDriverName=org.apache.derby.jdbc.EmbeddedDriver, hive.in.test=true, hive.support.concurrency=true, hive.metastore.warehouse.dir=${test.warehouse.dir}, hive.llap.io.cache.orc.arena.size=8388608, hive.exec.scratchdir=${test.tmp.dir}/scratchdir, test.log.dir=${test.tmp.dir}/log/, hive.exec.post.hooks=org.apache.hadoop.hive.ql.hooks.PostExecutePrinter, javax.jdo.option.ConnectionURL=jdbc:derby:memory:${test.tmp.dir}/junit_metastore_db;create=true, hive.scheduled.queries.executor.enabled=false, hive.ignore.mapjoin.hint=false, hive.llap.cache.allow.synthetic.fileid=true, hive.metastore.client.cache.maxSize=10Mb, hive.metastore.client.cache.recordStats=true, hive.mapjoin.max.gc.time.percentage=0.99, hive.test.dummystats.aggregator=value2, hive.exec.pre.hooks=org.apache.hadoop.hive.ql.hooks.PreExecutePrinter, org.apache.hadoop.hive.ql.hooks.EnforceReadOnlyTables, org.apache.hadoop.hive.ql.hooks.MaterializedViewRegistryPropertiesHook, iceberg.hive.keep.stats=true, hive.strict.timestamp.conversion=false}
2024-04-24T11:29:27,783  INFO [main] HiveMetaStore.audit: ugi=alex	ip=unknown-ip-addr	cmd=get_databases: @hive#NonExistentDatabaseUsedForHealthCheck	
2024-04-24T11:29:27,787  INFO [main] HiveMetaStore.audit: ugi=alex	ip=unknown-ip-addr	cmd=get_table : tbl=hive.default.junit_unparted_basic	
2024-04-24T11:29:27,796  INFO [main] metastore.HMSHandler: Skipping translation for processor with null
2024-04-24T11:29:27,817  WARN [main] conf.HiveConf: HiveConf of name hive.stats.key.prefix.reserve.length does not exist
2024-04-24T11:29:27,817  WARN [main] conf.HiveConf: HiveConf of name hive.metastore.metadb.dir does not exist
2024-04-24T11:29:27,817  WARN [main] conf.HiveConf: HiveConf of name hive.llap.io.cache.orc.arena.size does not exist
2024-04-24T11:29:27,817  WARN [main] conf.HiveConf: HiveConf of name hive.llap.io.cache.orc.alloc.max does not exist
2024-04-24T11:29:27,817  WARN [main] conf.HiveConf: HiveConf of name hive.dummyparam.test.server.specific.config.metastoresite does not exist
2024-04-24T11:29:27,817  WARN [main] conf.HiveConf: HiveConf of name hive.metastore.client.cache.maxSize does not exist
2024-04-24T11:29:27,817  WARN [main] conf.HiveConf: HiveConf of name hive.llap.io.cache.orc.size does not exist
2024-04-24T11:29:27,817  WARN [main] conf.HiveConf: HiveConf of name hive.metastore.client.cache.recordStats does not exist
2024-04-24T11:29:27,817  WARN [main] conf.HiveConf: HiveConf of name hive.llap.io.cache.orc.alloc.min does not exist
2024-04-24T11:29:27,817  WARN [main] conf.HiveConf: HiveConf of name hive.dummyparam.test.server.specific.config.override does not exist
2024-04-24T11:29:27,817  WARN [main] conf.HiveConf: HiveConf of name hive.dummyparam.test.server.specific.config.hivesite does not exist
2024-04-24T11:29:27,818  INFO [main] common.HCatUtil: mapreduce.lib.hcatoutput.hive.conf is set. Applying configuration differences.
2024-04-24T11:29:27,818  INFO [main] HiveMetaStore.audit: ugi=alex	ip=unknown-ip-addr	cmd=get_databases: @hive#NonExistentDatabaseUsedForHealthCheck	
2024-04-24T11:29:27,861  INFO [Finalizer] HiveMetaStore.audit: ugi=alex	ip=unknown-ip-addr	cmd=Done cleaning up thread local RawStore	
2024-04-24T11:29:27,861  INFO [Finalizer] metastore.HiveMetaStoreClient: Closed a connection to metastore, current connections: -32
2024-04-24T11:29:27,862  INFO [Finalizer] HiveMetaStore.audit: ugi=alex	ip=unknown-ip-addr	cmd=Done cleaning up thread local RawStore	
2024-04-24T11:29:27,862  INFO [Finalizer] metastore.HiveMetaStoreClient: Closed a connection to metastore, current connections: -33
2024-04-24T11:29:27,862  INFO [Finalizer] HiveMetaStore.audit: ugi=alex	ip=unknown-ip-addr	cmd=Done cleaning up thread local RawStore	
2024-04-24T11:29:27,862  INFO [Finalizer] metastore.HiveMetaStoreClient: Closed a connection to metastore, current connections: -34
2024-04-24T11:29:27,862  WARN [main] conf.HiveConf: HiveConf of name hive.metastore.client.cache.recordStats does not exist
2024-04-24T11:29:27,862  WARN [main] conf.HiveConf: HiveConf of name hive.metastore.metadb.dir does not exist
2024-04-24T11:29:27,862  WARN [main] conf.HiveConf: HiveConf of name hive.llap.io.cache.orc.size does not exist
2024-04-24T11:29:27,862  WARN [main] conf.HiveConf: HiveConf of name hive.metastore.client.cache.maxSize does not exist
2024-04-24T11:29:27,862  INFO [Finalizer] HiveMetaStore.audit: ugi=alex	ip=unknown-ip-addr	cmd=Done cleaning up thread local RawStore	
2024-04-24T11:29:27,862  WARN [main] conf.HiveConf: HiveConf of name hive.llap.io.cache.orc.alloc.max does not exist
2024-04-24T11:29:27,862  INFO [Finalizer] metastore.HiveMetaStoreClient: Closed a connection to metastore, current connections: -35
2024-04-24T11:29:27,862  WARN [main] conf.HiveConf: HiveConf of name hive.llap.io.cache.orc.arena.size does not exist
2024-04-24T11:29:27,862  WARN [main] conf.HiveConf: HiveConf of name hive.dummyparam.test.server.specific.config.override does not exist
2024-04-24T11:29:27,862  WARN [main] conf.HiveConf: HiveConf of name hive.llap.io.cache.orc.alloc.min does not exist
2024-04-24T11:29:27,862  WARN [main] conf.HiveConf: HiveConf of name hive.dummyparam.test.server.specific.config.metastoresite does not exist
2024-04-24T11:29:27,862  INFO [Finalizer] HiveMetaStore.audit: ugi=alex	ip=unknown-ip-addr	cmd=Done cleaning up thread local RawStore	
2024-04-24T11:29:27,862  WARN [main] conf.HiveConf: HiveConf of name hive.dummyparam.test.server.specific.config.hivesite does not exist
2024-04-24T11:29:27,862  INFO [Finalizer] metastore.HiveMetaStoreClient: Closed a connection to metastore, current connections: -36
2024-04-24T11:29:27,862  WARN [main] conf.HiveConf: HiveConf of name hive.stats.key.prefix.reserve.length does not exist
2024-04-24T11:29:27,863  INFO [main] common.HCatUtil: mapreduce.lib.hcatoutput.hive.conf not set. Generating configuration differences.
2024-04-24T11:29:27,863  INFO [main] common.HCatUtil: Configuration differences={datanucleus.connectionPool.maxPoolSize=4, hive.llap.io.cache.orc.alloc.max=2097152, hive.stats.column.autogather=true, javax.jdo.option.ConnectionUserName=APP, test.property1=value1, hive.query.results.cache.enabled=false, fs.pfile.impl=org.apache.hadoop.fs.ProxyLocalFileSystem, hive.querylog.location=${test.tmp.dir}/tmp, hive.llap.io.use.lrfu=true, hive.metastore.rawstore.impl=org.apache.hadoop.hive.metastore.ObjectStore, javax.jdo.option.ConnectionPassword=mine, hive.jar.path=${maven.local.repository}/org/apache/hive/hive-exec/${hive.version}/hive-exec-${hive.version}.jar, hive.default.rcfile.serde=org.apache.hadoop.hive.serde2.columnar.ColumnarSerDe, test.data.scripts=${hive.root}/data/scripts, datanucleus.schema.autoCreateAll=true, hive.users.in.admin.role=hive_admin_user, hive.llap.io.cache.orc.size=8388608, test.var.hiveconf.property=${hive.exec.default.partition.name}, hive.exec.mode.local.auto=false, hive.dummyparam.test.server.specific.config.hivesite=from.hive-site.xml, hive.materializedview.rewriting=true, hive.fetch.task.conversion=minimal, hive.dummyparam.test.server.specific.config.override=from.hive-site.xml, hive.metastore.metadb.dir=file://${test.tmp.dir}/metadb/, hive.conf.restricted.list=dummy.config.value, hive.server2.operation.log.purgePolicy.timeToLive=5s, hive.query.reexecution.stats.persist.scope=query, hive.cbo.fallback.strategy=TEST, hive.input.format=org.apache.hadoop.hive.ql.io.CombineHiveInputFormat, hive.security.authorization.manager=org.apache.hadoop.hive.ql.security.authorization.plugin.sqlstd.SQLStdHiveAuthorizerFactoryForTest, test.data.files=${hive.root}/data/files, hive.stats.key.prefix.reserve.length=0, hive.metastore.client.cache.enabled=true, hive.exec.local.scratchdir=${test.tmp.dir}/localscratchdir/, hive.exec.submit.local.task.via.child=false, hive.auto.convert.join=false, hive.llap.io.cache.orc.alloc.min=32768, hive.stats.fetch.bitvector=true, hive.llap.io.allocator.direct=false, hive.metastore.schema.verification=false, javax.jdo.option.ConnectionDriverName=org.apache.derby.jdbc.EmbeddedDriver, hive.support.concurrency=true, hive.in.test=true, hive.metastore.warehouse.dir=${test.warehouse.dir}, hive.llap.io.cache.orc.arena.size=8388608, hive.exec.scratchdir=${test.tmp.dir}/scratchdir, test.log.dir=${test.tmp.dir}/log/, hive.exec.post.hooks=org.apache.hadoop.hive.ql.hooks.PostExecutePrinter, javax.jdo.option.ConnectionURL=jdbc:derby:memory:${test.tmp.dir}/junit_metastore_db;create=true, hive.llap.cache.allow.synthetic.fileid=true, hive.scheduled.queries.executor.enabled=false, hive.ignore.mapjoin.hint=false, hive.metastore.client.cache.maxSize=10Mb, hive.metastore.client.cache.recordStats=true, hive.mapjoin.max.gc.time.percentage=0.99, hive.test.dummystats.aggregator=value2, hive.exec.pre.hooks=org.apache.hadoop.hive.ql.hooks.PreExecutePrinter, org.apache.hadoop.hive.ql.hooks.EnforceReadOnlyTables, org.apache.hadoop.hive.ql.hooks.MaterializedViewRegistryPropertiesHook, iceberg.hive.keep.stats=true, hive.strict.timestamp.conversion=false}
2024-04-24T11:29:27,864  INFO [main] HiveMetaStore.audit: ugi=alex	ip=unknown-ip-addr	cmd=get_databases: @hive#NonExistentDatabaseUsedForHealthCheck	
2024-04-24T11:29:27,866  INFO [main] HiveMetaStore.audit: ugi=alex	ip=unknown-ip-addr	cmd=get_table : tbl=hive.default.junit_specific_size	
2024-04-24T11:29:27,874  INFO [main] metastore.HMSHandler: Skipping translation for processor with null
2024-04-24T11:29:27,893  WARN [main] conf.HiveConf: HiveConf of name hive.dummyparam.test.server.specific.config.metastoresite does not exist
2024-04-24T11:29:27,893  WARN [main] conf.HiveConf: HiveConf of name hive.metastore.client.cache.recordStats does not exist
2024-04-24T11:29:27,893  WARN [main] conf.HiveConf: HiveConf of name hive.llap.io.cache.orc.size does not exist
2024-04-24T11:29:27,893  WARN [main] conf.HiveConf: HiveConf of name hive.llap.io.cache.orc.alloc.max does not exist
2024-04-24T11:29:27,893  WARN [main] conf.HiveConf: HiveConf of name hive.metastore.client.cache.maxSize does not exist
2024-04-24T11:29:27,893  WARN [main] conf.HiveConf: HiveConf of name hive.stats.key.prefix.reserve.length does not exist
2024-04-24T11:29:27,893  WARN [main] conf.HiveConf: HiveConf of name hive.dummyparam.test.server.specific.config.override does not exist
2024-04-24T11:29:27,893  WARN [main] conf.HiveConf: HiveConf of name hive.llap.io.cache.orc.alloc.min does not exist
2024-04-24T11:29:27,893  WARN [main] conf.HiveConf: HiveConf of name hive.dummyparam.test.server.specific.config.hivesite does not exist
2024-04-24T11:29:27,893  WARN [main] conf.HiveConf: HiveConf of name hive.metastore.metadb.dir does not exist
2024-04-24T11:29:27,893  WARN [main] conf.HiveConf: HiveConf of name hive.llap.io.cache.orc.arena.size does not exist
2024-04-24T11:29:27,894  INFO [main] common.HCatUtil: mapreduce.lib.hcatoutput.hive.conf is set. Applying configuration differences.
2024-04-24T11:29:27,894  INFO [main] HiveMetaStore.audit: ugi=alex	ip=unknown-ip-addr	cmd=get_databases: @hive#NonExistentDatabaseUsedForHealthCheck	
2024-04-24T11:29:27,909  WARN [main] conf.HiveConf: HiveConf of name hive.llap.io.cache.orc.size does not exist
2024-04-24T11:29:27,909  WARN [main] conf.HiveConf: HiveConf of name hive.metastore.client.cache.maxSize does not exist
2024-04-24T11:29:27,909  WARN [main] conf.HiveConf: HiveConf of name hive.llap.io.cache.orc.alloc.max does not exist
2024-04-24T11:29:27,909  WARN [main] conf.HiveConf: HiveConf of name hive.dummyparam.test.server.specific.config.metastoresite does not exist
2024-04-24T11:29:27,909  WARN [main] conf.HiveConf: HiveConf of name hive.metastore.metadb.dir does not exist
2024-04-24T11:29:27,909  WARN [main] conf.HiveConf: HiveConf of name hive.metastore.client.cache.recordStats does not exist
2024-04-24T11:29:27,909  WARN [main] conf.HiveConf: HiveConf of name hive.llap.io.cache.orc.arena.size does not exist
2024-04-24T11:29:27,910  WARN [main] conf.HiveConf: HiveConf of name hive.dummyparam.test.server.specific.config.override does not exist
2024-04-24T11:29:27,910  WARN [main] conf.HiveConf: HiveConf of name hive.stats.key.prefix.reserve.length does not exist
2024-04-24T11:29:27,910  WARN [main] conf.HiveConf: HiveConf of name hive.llap.io.cache.orc.alloc.min does not exist
2024-04-24T11:29:27,910  WARN [main] conf.HiveConf: HiveConf of name hive.dummyparam.test.server.specific.config.hivesite does not exist
2024-04-24T11:29:27,910  INFO [main] common.HCatUtil: mapreduce.lib.hcatoutput.hive.conf not set. Generating configuration differences.
2024-04-24T11:29:27,911  INFO [main] common.HCatUtil: Configuration differences={datanucleus.connectionPool.maxPoolSize=4, test.property1=value1, hive.stats.column.autogather=true, javax.jdo.option.ConnectionUserName=APP, hive.llap.io.cache.orc.alloc.max=2097152, fs.pfile.impl=org.apache.hadoop.fs.ProxyLocalFileSystem, hive.query.results.cache.enabled=false, hive.querylog.location=${test.tmp.dir}/tmp, hive.llap.io.use.lrfu=true, hive.metastore.rawstore.impl=org.apache.hadoop.hive.metastore.ObjectStore, javax.jdo.option.ConnectionPassword=mine, hive.jar.path=${maven.local.repository}/org/apache/hive/hive-exec/${hive.version}/hive-exec-${hive.version}.jar, hive.default.rcfile.serde=org.apache.hadoop.hive.serde2.columnar.ColumnarSerDe, test.data.scripts=${hive.root}/data/scripts, datanucleus.schema.autoCreateAll=true, hive.users.in.admin.role=hive_admin_user, hive.llap.io.cache.orc.size=8388608, test.var.hiveconf.property=${hive.exec.default.partition.name}, hive.exec.mode.local.auto=false, hive.dummyparam.test.server.specific.config.hivesite=from.hive-site.xml, hive.materializedview.rewriting=true, hive.metastore.metadb.dir=file://${test.tmp.dir}/metadb/, hive.dummyparam.test.server.specific.config.override=from.hive-site.xml, hive.fetch.task.conversion=minimal, hive.server2.operation.log.purgePolicy.timeToLive=5s, hive.conf.restricted.list=dummy.config.value, hive.query.reexecution.stats.persist.scope=query, hive.cbo.fallback.strategy=TEST, hive.input.format=org.apache.hadoop.hive.ql.io.CombineHiveInputFormat, hive.security.authorization.manager=org.apache.hadoop.hive.ql.security.authorization.plugin.sqlstd.SQLStdHiveAuthorizerFactoryForTest, test.data.files=${hive.root}/data/files, hive.metastore.client.cache.enabled=true, hive.stats.key.prefix.reserve.length=0, hive.exec.local.scratchdir=${test.tmp.dir}/localscratchdir/, hive.exec.submit.local.task.via.child=false, hive.auto.convert.join=false, hive.llap.io.cache.orc.alloc.min=32768, hive.stats.fetch.bitvector=true, hive.llap.io.allocator.direct=false, hive.metastore.schema.verification=false, javax.jdo.option.ConnectionDriverName=org.apache.derby.jdbc.EmbeddedDriver, hive.in.test=true, hive.support.concurrency=true, hive.metastore.warehouse.dir=${test.warehouse.dir}, hive.llap.io.cache.orc.arena.size=8388608, hive.exec.scratchdir=${test.tmp.dir}/scratchdir, test.log.dir=${test.tmp.dir}/log/, hive.exec.post.hooks=org.apache.hadoop.hive.ql.hooks.PostExecutePrinter, javax.jdo.option.ConnectionURL=jdbc:derby:memory:${test.tmp.dir}/junit_metastore_db;create=true, hive.scheduled.queries.executor.enabled=false, hive.llap.cache.allow.synthetic.fileid=true, hive.ignore.mapjoin.hint=false, hive.metastore.client.cache.maxSize=10Mb, hive.metastore.client.cache.recordStats=true, hive.mapjoin.max.gc.time.percentage=0.99, hive.test.dummystats.aggregator=value2, hive.exec.pre.hooks=org.apache.hadoop.hive.ql.hooks.PreExecutePrinter, org.apache.hadoop.hive.ql.hooks.EnforceReadOnlyTables, org.apache.hadoop.hive.ql.hooks.MaterializedViewRegistryPropertiesHook, iceberg.hive.keep.stats=true, hive.strict.timestamp.conversion=false}
2024-04-24T11:29:27,911  INFO [main] HiveMetaStore.audit: ugi=alex	ip=unknown-ip-addr	cmd=get_databases: @hive#NonExistentDatabaseUsedForHealthCheck	
2024-04-24T11:29:27,914  INFO [main] HiveMetaStore.audit: ugi=alex	ip=unknown-ip-addr	cmd=get_table : tbl=hive.junit_specific_db.junit_specific_size2	
2024-04-24T11:29:27,922  INFO [main] metastore.HMSHandler: Skipping translation for processor with null
2024-04-24T11:29:27,941  WARN [main] conf.HiveConf: HiveConf of name hive.metastore.client.cache.recordStats does not exist
2024-04-24T11:29:27,941  WARN [main] conf.HiveConf: HiveConf of name hive.stats.key.prefix.reserve.length does not exist
2024-04-24T11:29:27,941  WARN [main] conf.HiveConf: HiveConf of name hive.llap.io.cache.orc.size does not exist
2024-04-24T11:29:27,941  WARN [main] conf.HiveConf: HiveConf of name hive.dummyparam.test.server.specific.config.hivesite does not exist
2024-04-24T11:29:27,941  WARN [main] conf.HiveConf: HiveConf of name hive.llap.io.cache.orc.arena.size does not exist
2024-04-24T11:29:27,941  WARN [main] conf.HiveConf: HiveConf of name hive.dummyparam.test.server.specific.config.override does not exist
2024-04-24T11:29:27,941  WARN [main] conf.HiveConf: HiveConf of name hive.llap.io.cache.orc.alloc.min does not exist
2024-04-24T11:29:27,941  WARN [main] conf.HiveConf: HiveConf of name hive.dummyparam.test.server.specific.config.metastoresite does not exist
2024-04-24T11:29:27,941  WARN [main] conf.HiveConf: HiveConf of name hive.metastore.metadb.dir does not exist
2024-04-24T11:29:27,941  WARN [main] conf.HiveConf: HiveConf of name hive.metastore.client.cache.maxSize does not exist
2024-04-24T11:29:27,941  WARN [main] conf.HiveConf: HiveConf of name hive.llap.io.cache.orc.alloc.max does not exist
2024-04-24T11:29:27,942  INFO [main] common.HCatUtil: mapreduce.lib.hcatoutput.hive.conf is set. Applying configuration differences.
2024-04-24T11:29:27,942  INFO [main] HiveMetaStore.audit: ugi=alex	ip=unknown-ip-addr	cmd=get_databases: @hive#NonExistentDatabaseUsedForHealthCheck	
2024-04-24T11:29:27,957  WARN [main] conf.HiveConf: HiveConf of name hive.dummyparam.test.server.specific.config.override does not exist
2024-04-24T11:29:27,957  WARN [main] conf.HiveConf: HiveConf of name hive.llap.io.cache.orc.alloc.max does not exist
2024-04-24T11:29:27,957  WARN [main] conf.HiveConf: HiveConf of name hive.metastore.client.cache.maxSize does not exist
2024-04-24T11:29:27,957  WARN [main] conf.HiveConf: HiveConf of name hive.dummyparam.test.server.specific.config.metastoresite does not exist
2024-04-24T11:29:27,957  WARN [main] conf.HiveConf: HiveConf of name hive.llap.io.cache.orc.size does not exist
2024-04-24T11:29:27,958  WARN [main] conf.HiveConf: HiveConf of name hive.llap.io.cache.orc.arena.size does not exist
2024-04-24T11:29:27,958  WARN [main] conf.HiveConf: HiveConf of name hive.metastore.client.cache.recordStats does not exist
2024-04-24T11:29:27,958  WARN [main] conf.HiveConf: HiveConf of name hive.metastore.metadb.dir does not exist
2024-04-24T11:29:27,958  WARN [main] conf.HiveConf: HiveConf of name hive.dummyparam.test.server.specific.config.hivesite does not exist
2024-04-24T11:29:27,958  WARN [main] conf.HiveConf: HiveConf of name hive.llap.io.cache.orc.alloc.min does not exist
2024-04-24T11:29:27,958  WARN [main] conf.HiveConf: HiveConf of name hive.stats.key.prefix.reserve.length does not exist
2024-04-24T11:29:27,958  INFO [main] common.HCatUtil: mapreduce.lib.hcatoutput.hive.conf not set. Generating configuration differences.
2024-04-24T11:29:27,959  INFO [main] common.HCatUtil: Configuration differences={datanucleus.connectionPool.maxPoolSize=4, hive.llap.io.cache.orc.alloc.max=2097152, test.property1=value1, javax.jdo.option.ConnectionUserName=APP, hive.stats.column.autogather=true, hive.query.results.cache.enabled=false, fs.pfile.impl=org.apache.hadoop.fs.ProxyLocalFileSystem, hive.querylog.location=${test.tmp.dir}/tmp, hive.llap.io.use.lrfu=true, hive.metastore.rawstore.impl=org.apache.hadoop.hive.metastore.ObjectStore, javax.jdo.option.ConnectionPassword=mine, hive.jar.path=${maven.local.repository}/org/apache/hive/hive-exec/${hive.version}/hive-exec-${hive.version}.jar, hive.default.rcfile.serde=org.apache.hadoop.hive.serde2.columnar.ColumnarSerDe, test.data.scripts=${hive.root}/data/scripts, datanucleus.schema.autoCreateAll=true, hive.users.in.admin.role=hive_admin_user, hive.llap.io.cache.orc.size=8388608, hive.exec.mode.local.auto=false, hive.dummyparam.test.server.specific.config.hivesite=from.hive-site.xml, test.var.hiveconf.property=${hive.exec.default.partition.name}, hive.materializedview.rewriting=true, hive.metastore.metadb.dir=file://${test.tmp.dir}/metadb/, hive.dummyparam.test.server.specific.config.override=from.hive-site.xml, hive.fetch.task.conversion=minimal, hive.conf.restricted.list=dummy.config.value, hive.server2.operation.log.purgePolicy.timeToLive=5s, hive.query.reexecution.stats.persist.scope=query, hive.cbo.fallback.strategy=TEST, hive.input.format=org.apache.hadoop.hive.ql.io.CombineHiveInputFormat, hive.security.authorization.manager=org.apache.hadoop.hive.ql.security.authorization.plugin.sqlstd.SQLStdHiveAuthorizerFactoryForTest, test.data.files=${hive.root}/data/files, hive.stats.key.prefix.reserve.length=0, hive.metastore.client.cache.enabled=true, hive.exec.local.scratchdir=${test.tmp.dir}/localscratchdir/, hive.exec.submit.local.task.via.child=false, hive.auto.convert.join=false, hive.llap.io.cache.orc.alloc.min=32768, hive.stats.fetch.bitvector=true, hive.llap.io.allocator.direct=false, hive.metastore.schema.verification=false, javax.jdo.option.ConnectionDriverName=org.apache.derby.jdbc.EmbeddedDriver, hive.in.test=true, hive.support.concurrency=true, hive.metastore.warehouse.dir=${test.warehouse.dir}, hive.llap.io.cache.orc.arena.size=8388608, hive.exec.scratchdir=${test.tmp.dir}/scratchdir, test.log.dir=${test.tmp.dir}/log/, hive.exec.post.hooks=org.apache.hadoop.hive.ql.hooks.PostExecutePrinter, javax.jdo.option.ConnectionURL=jdbc:derby:memory:${test.tmp.dir}/junit_metastore_db;create=true, hive.llap.cache.allow.synthetic.fileid=true, hive.scheduled.queries.executor.enabled=false, hive.ignore.mapjoin.hint=false, hive.metastore.client.cache.maxSize=10Mb, hive.metastore.client.cache.recordStats=true, hive.mapjoin.max.gc.time.percentage=0.99, hive.test.dummystats.aggregator=value2, hive.exec.pre.hooks=org.apache.hadoop.hive.ql.hooks.PreExecutePrinter, org.apache.hadoop.hive.ql.hooks.EnforceReadOnlyTables, org.apache.hadoop.hive.ql.hooks.MaterializedViewRegistryPropertiesHook, iceberg.hive.keep.stats=true, hive.strict.timestamp.conversion=false}
2024-04-24T11:29:27,960  INFO [main] HiveMetaStore.audit: ugi=alex	ip=unknown-ip-addr	cmd=get_databases: @hive#NonExistentDatabaseUsedForHealthCheck	
2024-04-24T11:29:27,962  INFO [main] HiveMetaStore.audit: ugi=alex	ip=unknown-ip-addr	cmd=get_table : tbl=hive.default.junit_parted_basic	
2024-04-24T11:29:27,970  INFO [main] metastore.HMSHandler: Skipping translation for processor with null
2024-04-24T11:29:27,989  WARN [main] conf.HiveConf: HiveConf of name hive.dummyparam.test.server.specific.config.metastoresite does not exist
2024-04-24T11:29:27,989  WARN [main] conf.HiveConf: HiveConf of name hive.dummyparam.test.server.specific.config.hivesite does not exist
2024-04-24T11:29:27,989  WARN [main] conf.HiveConf: HiveConf of name hive.llap.io.cache.orc.arena.size does not exist
2024-04-24T11:29:27,989  WARN [main] conf.HiveConf: HiveConf of name hive.metastore.client.cache.maxSize does not exist
2024-04-24T11:29:27,989  WARN [main] conf.HiveConf: HiveConf of name hive.metastore.client.cache.recordStats does not exist
2024-04-24T11:29:27,989  WARN [main] conf.HiveConf: HiveConf of name hive.llap.io.cache.orc.alloc.min does not exist
2024-04-24T11:29:27,989  WARN [main] conf.HiveConf: HiveConf of name hive.metastore.metadb.dir does not exist
2024-04-24T11:29:27,989  WARN [main] conf.HiveConf: HiveConf of name hive.llap.io.cache.orc.size does not exist
2024-04-24T11:29:27,989  WARN [main] conf.HiveConf: HiveConf of name hive.dummyparam.test.server.specific.config.override does not exist
2024-04-24T11:29:27,989  WARN [main] conf.HiveConf: HiveConf of name hive.stats.key.prefix.reserve.length does not exist
2024-04-24T11:29:27,989  WARN [main] conf.HiveConf: HiveConf of name hive.llap.io.cache.orc.alloc.max does not exist
2024-04-24T11:29:27,989  INFO [main] common.HCatUtil: mapreduce.lib.hcatoutput.hive.conf is set. Applying configuration differences.
2024-04-24T11:29:27,990  INFO [main] HiveMetaStore.audit: ugi=alex	ip=unknown-ip-addr	cmd=get_databases: @hive#NonExistentDatabaseUsedForHealthCheck	
2024-04-24T11:29:28,006  WARN [main] conf.HiveConf: HiveConf of name hive.llap.io.cache.orc.alloc.min does not exist
2024-04-24T11:29:28,006  WARN [main] conf.HiveConf: HiveConf of name hive.llap.io.cache.orc.alloc.max does not exist
2024-04-24T11:29:28,006  WARN [main] conf.HiveConf: HiveConf of name hive.dummyparam.test.server.specific.config.hivesite does not exist
2024-04-24T11:29:28,006  WARN [main] conf.HiveConf: HiveConf of name hive.metastore.client.cache.maxSize does not exist
2024-04-24T11:29:28,006  WARN [main] conf.HiveConf: HiveConf of name hive.llap.io.cache.orc.size does not exist
2024-04-24T11:29:28,006  WARN [main] conf.HiveConf: HiveConf of name hive.metastore.metadb.dir does not exist
2024-04-24T11:29:28,006  WARN [main] conf.HiveConf: HiveConf of name hive.stats.key.prefix.reserve.length does not exist
2024-04-24T11:29:28,006  WARN [main] conf.HiveConf: HiveConf of name hive.metastore.client.cache.recordStats does not exist
2024-04-24T11:29:28,006  WARN [main] conf.HiveConf: HiveConf of name hive.llap.io.cache.orc.arena.size does not exist
2024-04-24T11:29:28,006  WARN [main] conf.HiveConf: HiveConf of name hive.dummyparam.test.server.specific.config.metastoresite does not exist
2024-04-24T11:29:28,006  WARN [main] conf.HiveConf: HiveConf of name hive.dummyparam.test.server.specific.config.override does not exist
2024-04-24T11:29:28,006  INFO [main] common.HCatUtil: mapreduce.lib.hcatoutput.hive.conf not set. Generating configuration differences.
2024-04-24T11:29:28,007  INFO [main] common.HCatUtil: Configuration differences={datanucleus.connectionPool.maxPoolSize=4, test.property1=value1, javax.jdo.option.ConnectionUserName=APP, hive.llap.io.cache.orc.alloc.max=2097152, hive.stats.column.autogather=true, hive.query.results.cache.enabled=false, fs.pfile.impl=org.apache.hadoop.fs.ProxyLocalFileSystem, hive.querylog.location=${test.tmp.dir}/tmp, hive.llap.io.use.lrfu=true, hive.metastore.rawstore.impl=org.apache.hadoop.hive.metastore.ObjectStore, javax.jdo.option.ConnectionPassword=mine, hive.jar.path=${maven.local.repository}/org/apache/hive/hive-exec/${hive.version}/hive-exec-${hive.version}.jar, hive.default.rcfile.serde=org.apache.hadoop.hive.serde2.columnar.ColumnarSerDe, datanucleus.schema.autoCreateAll=true, test.data.scripts=${hive.root}/data/scripts, hive.users.in.admin.role=hive_admin_user, hive.llap.io.cache.orc.size=8388608, hive.exec.mode.local.auto=false, hive.dummyparam.test.server.specific.config.hivesite=from.hive-site.xml, test.var.hiveconf.property=${hive.exec.default.partition.name}, hive.materializedview.rewriting=true, hive.fetch.task.conversion=minimal, hive.dummyparam.test.server.specific.config.override=from.hive-site.xml, hive.metastore.metadb.dir=file://${test.tmp.dir}/metadb/, hive.conf.restricted.list=dummy.config.value, hive.server2.operation.log.purgePolicy.timeToLive=5s, hive.query.reexecution.stats.persist.scope=query, hive.cbo.fallback.strategy=TEST, hive.input.format=org.apache.hadoop.hive.ql.io.CombineHiveInputFormat, hive.security.authorization.manager=org.apache.hadoop.hive.ql.security.authorization.plugin.sqlstd.SQLStdHiveAuthorizerFactoryForTest, test.data.files=${hive.root}/data/files, hive.metastore.client.cache.enabled=true, hive.stats.key.prefix.reserve.length=0, hive.exec.local.scratchdir=${test.tmp.dir}/localscratchdir/, hive.exec.submit.local.task.via.child=false, hive.auto.convert.join=false, hive.llap.io.cache.orc.alloc.min=32768, hive.stats.fetch.bitvector=true, hive.llap.io.allocator.direct=false, hive.metastore.schema.verification=false, javax.jdo.option.ConnectionDriverName=org.apache.derby.jdbc.EmbeddedDriver, hive.in.test=true, hive.support.concurrency=true, hive.metastore.warehouse.dir=${test.warehouse.dir}, hive.llap.io.cache.orc.arena.size=8388608, hive.exec.scratchdir=${test.tmp.dir}/scratchdir, test.log.dir=${test.tmp.dir}/log/, hive.exec.post.hooks=org.apache.hadoop.hive.ql.hooks.PostExecutePrinter, javax.jdo.option.ConnectionURL=jdbc:derby:memory:${test.tmp.dir}/junit_metastore_db;create=true, hive.llap.cache.allow.synthetic.fileid=true, hive.scheduled.queries.executor.enabled=false, hive.ignore.mapjoin.hint=false, hive.metastore.client.cache.maxSize=10Mb, hive.metastore.client.cache.recordStats=true, hive.mapjoin.max.gc.time.percentage=0.99, hive.test.dummystats.aggregator=value2, hive.exec.pre.hooks=org.apache.hadoop.hive.ql.hooks.PreExecutePrinter, org.apache.hadoop.hive.ql.hooks.EnforceReadOnlyTables, org.apache.hadoop.hive.ql.hooks.MaterializedViewRegistryPropertiesHook, iceberg.hive.keep.stats=true, hive.strict.timestamp.conversion=false}
2024-04-24T11:29:28,008  INFO [main] HiveMetaStore.audit: ugi=alex	ip=unknown-ip-addr	cmd=get_databases: @hive#NonExistentDatabaseUsedForHealthCheck	
2024-04-24T11:29:28,010  INFO [main] HiveMetaStore.audit: ugi=alex	ip=unknown-ip-addr	cmd=get_table : tbl=hive.default.junit_parted_basic	
2024-04-24T11:29:28,018  INFO [main] metastore.HMSHandler: Skipping translation for processor with null
2024-04-24T11:29:28,037  WARN [main] conf.HiveConf: HiveConf of name hive.metastore.metadb.dir does not exist
2024-04-24T11:29:28,037  WARN [main] conf.HiveConf: HiveConf of name hive.llap.io.cache.orc.alloc.max does not exist
2024-04-24T11:29:28,037  WARN [main] conf.HiveConf: HiveConf of name hive.dummyparam.test.server.specific.config.hivesite does not exist
2024-04-24T11:29:28,037  WARN [main] conf.HiveConf: HiveConf of name hive.dummyparam.test.server.specific.config.metastoresite does not exist
2024-04-24T11:29:28,037  WARN [main] conf.HiveConf: HiveConf of name hive.metastore.client.cache.recordStats does not exist
2024-04-24T11:29:28,037  WARN [main] conf.HiveConf: HiveConf of name hive.llap.io.cache.orc.size does not exist
2024-04-24T11:29:28,037  WARN [main] conf.HiveConf: HiveConf of name hive.stats.key.prefix.reserve.length does not exist
2024-04-24T11:29:28,037  WARN [main] conf.HiveConf: HiveConf of name hive.llap.io.cache.orc.alloc.min does not exist
2024-04-24T11:29:28,037  WARN [main] conf.HiveConf: HiveConf of name hive.llap.io.cache.orc.arena.size does not exist
2024-04-24T11:29:28,037  WARN [main] conf.HiveConf: HiveConf of name hive.dummyparam.test.server.specific.config.override does not exist
2024-04-24T11:29:28,037  WARN [main] conf.HiveConf: HiveConf of name hive.metastore.client.cache.maxSize does not exist
2024-04-24T11:29:28,037  INFO [main] common.HCatUtil: mapreduce.lib.hcatoutput.hive.conf is set. Applying configuration differences.
2024-04-24T11:29:28,038  INFO [main] HiveMetaStore.audit: ugi=alex	ip=unknown-ip-addr	cmd=get_databases: @hive#NonExistentDatabaseUsedForHealthCheck	
2024-04-24T11:29:28,053  WARN [main] conf.HiveConf: HiveConf of name hive.dummyparam.test.server.specific.config.override does not exist
2024-04-24T11:29:28,053  WARN [main] conf.HiveConf: HiveConf of name hive.stats.key.prefix.reserve.length does not exist
2024-04-24T11:29:28,053  WARN [main] conf.HiveConf: HiveConf of name hive.llap.io.cache.orc.alloc.max does not exist
2024-04-24T11:29:28,053  WARN [main] conf.HiveConf: HiveConf of name hive.metastore.client.cache.maxSize does not exist
2024-04-24T11:29:28,053  WARN [main] conf.HiveConf: HiveConf of name hive.llap.io.cache.orc.size does not exist
2024-04-24T11:29:28,053  WARN [main] conf.HiveConf: HiveConf of name hive.dummyparam.test.server.specific.config.hivesite does not exist
2024-04-24T11:29:28,053  WARN [main] conf.HiveConf: HiveConf of name hive.llap.io.cache.orc.alloc.min does not exist
2024-04-24T11:29:28,053  WARN [main] conf.HiveConf: HiveConf of name hive.metastore.metadb.dir does not exist
2024-04-24T11:29:28,053  WARN [main] conf.HiveConf: HiveConf of name hive.llap.io.cache.orc.arena.size does not exist
2024-04-24T11:29:28,053  WARN [main] conf.HiveConf: HiveConf of name hive.metastore.client.cache.recordStats does not exist
2024-04-24T11:29:28,053  WARN [main] conf.HiveConf: HiveConf of name hive.dummyparam.test.server.specific.config.metastoresite does not exist
2024-04-24T11:29:28,054  INFO [main] common.HCatUtil: mapreduce.lib.hcatoutput.hive.conf not set. Generating configuration differences.
2024-04-24T11:29:28,054  INFO [main] common.HCatUtil: Configuration differences={datanucleus.connectionPool.maxPoolSize=4, hive.stats.column.autogather=true, javax.jdo.option.ConnectionUserName=APP, test.property1=value1, hive.llap.io.cache.orc.alloc.max=2097152, fs.pfile.impl=org.apache.hadoop.fs.ProxyLocalFileSystem, hive.query.results.cache.enabled=false, hive.querylog.location=${test.tmp.dir}/tmp, hive.llap.io.use.lrfu=true, hive.metastore.rawstore.impl=org.apache.hadoop.hive.metastore.ObjectStore, javax.jdo.option.ConnectionPassword=mine, hive.jar.path=${maven.local.repository}/org/apache/hive/hive-exec/${hive.version}/hive-exec-${hive.version}.jar, hive.default.rcfile.serde=org.apache.hadoop.hive.serde2.columnar.ColumnarSerDe, test.data.scripts=${hive.root}/data/scripts, datanucleus.schema.autoCreateAll=true, hive.users.in.admin.role=hive_admin_user, hive.llap.io.cache.orc.size=8388608, hive.dummyparam.test.server.specific.config.hivesite=from.hive-site.xml, test.var.hiveconf.property=${hive.exec.default.partition.name}, hive.exec.mode.local.auto=false, hive.materializedview.rewriting=true, hive.dummyparam.test.server.specific.config.override=from.hive-site.xml, hive.fetch.task.conversion=minimal, hive.metastore.metadb.dir=file://${test.tmp.dir}/metadb/, hive.conf.restricted.list=dummy.config.value, hive.server2.operation.log.purgePolicy.timeToLive=5s, hive.query.reexecution.stats.persist.scope=query, hive.cbo.fallback.strategy=TEST, hive.input.format=org.apache.hadoop.hive.ql.io.CombineHiveInputFormat, hive.security.authorization.manager=org.apache.hadoop.hive.ql.security.authorization.plugin.sqlstd.SQLStdHiveAuthorizerFactoryForTest, test.data.files=${hive.root}/data/files, hive.metastore.client.cache.enabled=true, hive.stats.key.prefix.reserve.length=0, hive.exec.local.scratchdir=${test.tmp.dir}/localscratchdir/, hive.exec.submit.local.task.via.child=false, hive.auto.convert.join=false, hive.llap.io.cache.orc.alloc.min=32768, hive.stats.fetch.bitvector=true, hive.llap.io.allocator.direct=false, hive.metastore.schema.verification=false, javax.jdo.option.ConnectionDriverName=org.apache.derby.jdbc.EmbeddedDriver, hive.in.test=true, hive.support.concurrency=true, hive.metastore.warehouse.dir=${test.warehouse.dir}, hive.llap.io.cache.orc.arena.size=8388608, hive.exec.scratchdir=${test.tmp.dir}/scratchdir, test.log.dir=${test.tmp.dir}/log/, hive.exec.post.hooks=org.apache.hadoop.hive.ql.hooks.PostExecutePrinter, javax.jdo.option.ConnectionURL=jdbc:derby:memory:${test.tmp.dir}/junit_metastore_db;create=true, hive.ignore.mapjoin.hint=false, hive.scheduled.queries.executor.enabled=false, hive.llap.cache.allow.synthetic.fileid=true, hive.metastore.client.cache.maxSize=10Mb, hive.metastore.client.cache.recordStats=true, hive.mapjoin.max.gc.time.percentage=0.99, hive.test.dummystats.aggregator=value2, hive.exec.pre.hooks=org.apache.hadoop.hive.ql.hooks.PreExecutePrinter, org.apache.hadoop.hive.ql.hooks.EnforceReadOnlyTables, org.apache.hadoop.hive.ql.hooks.MaterializedViewRegistryPropertiesHook, hive.strict.timestamp.conversion=false, iceberg.hive.keep.stats=true}
2024-04-24T11:29:28,055  INFO [main] HiveMetaStore.audit: ugi=alex	ip=unknown-ip-addr	cmd=get_databases: @hive#NonExistentDatabaseUsedForHealthCheck	
2024-04-24T11:29:28,057  INFO [main] HiveMetaStore.audit: ugi=alex	ip=unknown-ip-addr	cmd=get_table : tbl=hive.default.junit_unparted_complex	
2024-04-24T11:29:28,065  INFO [main] metastore.HMSHandler: Skipping translation for processor with null
2024-04-24T11:29:28,085  WARN [main] conf.HiveConf: HiveConf of name hive.dummyparam.test.server.specific.config.metastoresite does not exist
2024-04-24T11:29:28,085  WARN [main] conf.HiveConf: HiveConf of name hive.metastore.metadb.dir does not exist
2024-04-24T11:29:28,085  WARN [main] conf.HiveConf: HiveConf of name hive.dummyparam.test.server.specific.config.hivesite does not exist
2024-04-24T11:29:28,085  WARN [main] conf.HiveConf: HiveConf of name hive.llap.io.cache.orc.arena.size does not exist
2024-04-24T11:29:28,085  WARN [main] conf.HiveConf: HiveConf of name hive.llap.io.cache.orc.alloc.min does not exist
2024-04-24T11:29:28,086  WARN [main] conf.HiveConf: HiveConf of name hive.metastore.client.cache.maxSize does not exist
2024-04-24T11:29:28,086  WARN [main] conf.HiveConf: HiveConf of name hive.dummyparam.test.server.specific.config.override does not exist
2024-04-24T11:29:28,086  WARN [main] conf.HiveConf: HiveConf of name hive.llap.io.cache.orc.alloc.max does not exist
2024-04-24T11:29:28,086  WARN [main] conf.HiveConf: HiveConf of name hive.stats.key.prefix.reserve.length does not exist
2024-04-24T11:29:28,086  WARN [main] conf.HiveConf: HiveConf of name hive.llap.io.cache.orc.size does not exist
2024-04-24T11:29:28,086  WARN [main] conf.HiveConf: HiveConf of name hive.metastore.client.cache.recordStats does not exist
2024-04-24T11:29:28,086  INFO [main] common.HCatUtil: mapreduce.lib.hcatoutput.hive.conf is set. Applying configuration differences.
2024-04-24T11:29:28,086  INFO [main] HiveMetaStore.audit: ugi=alex	ip=unknown-ip-addr	cmd=get_databases: @hive#NonExistentDatabaseUsedForHealthCheck	
2024-04-24T11:29:28,102  WARN [main] conf.HiveConf: HiveConf of name hive.dummyparam.test.server.specific.config.override does not exist
2024-04-24T11:29:28,102  WARN [main] conf.HiveConf: HiveConf of name hive.metastore.metadb.dir does not exist
2024-04-24T11:29:28,102  WARN [main] conf.HiveConf: HiveConf of name hive.stats.key.prefix.reserve.length does not exist
2024-04-24T11:29:28,102  WARN [main] conf.HiveConf: HiveConf of name hive.metastore.client.cache.recordStats does not exist
2024-04-24T11:29:28,102  WARN [main] conf.HiveConf: HiveConf of name hive.dummyparam.test.server.specific.config.hivesite does not exist
2024-04-24T11:29:28,102  WARN [main] conf.HiveConf: HiveConf of name hive.llap.io.cache.orc.size does not exist
2024-04-24T11:29:28,102  WARN [main] conf.HiveConf: HiveConf of name hive.metastore.client.cache.maxSize does not exist
2024-04-24T11:29:28,102  WARN [main] conf.HiveConf: HiveConf of name hive.llap.io.cache.orc.arena.size does not exist
2024-04-24T11:29:28,102  WARN [main] conf.HiveConf: HiveConf of name hive.llap.io.cache.orc.alloc.min does not exist
2024-04-24T11:29:28,102  WARN [main] conf.HiveConf: HiveConf of name hive.llap.io.cache.orc.alloc.max does not exist
2024-04-24T11:29:28,102  WARN [main] conf.HiveConf: HiveConf of name hive.dummyparam.test.server.specific.config.metastoresite does not exist
2024-04-24T11:29:28,102  INFO [main] common.HCatUtil: mapreduce.lib.hcatoutput.hive.conf not set. Generating configuration differences.
2024-04-24T11:29:28,103  INFO [main] common.HCatUtil: Configuration differences={datanucleus.connectionPool.maxPoolSize=4, hive.llap.io.cache.orc.alloc.max=2097152, test.property1=value1, javax.jdo.option.ConnectionUserName=APP, hive.stats.column.autogather=true, hive.query.results.cache.enabled=false, fs.pfile.impl=org.apache.hadoop.fs.ProxyLocalFileSystem, hive.querylog.location=${test.tmp.dir}/tmp, hive.metastore.rawstore.impl=org.apache.hadoop.hive.metastore.ObjectStore, hive.llap.io.use.lrfu=true, javax.jdo.option.ConnectionPassword=mine, hive.jar.path=${maven.local.repository}/org/apache/hive/hive-exec/${hive.version}/hive-exec-${hive.version}.jar, hive.default.rcfile.serde=org.apache.hadoop.hive.serde2.columnar.ColumnarSerDe, test.data.scripts=${hive.root}/data/scripts, datanucleus.schema.autoCreateAll=true, hive.users.in.admin.role=hive_admin_user, hive.llap.io.cache.orc.size=8388608, test.var.hiveconf.property=${hive.exec.default.partition.name}, hive.exec.mode.local.auto=false, hive.dummyparam.test.server.specific.config.hivesite=from.hive-site.xml, hive.materializedview.rewriting=true, hive.metastore.metadb.dir=file://${test.tmp.dir}/metadb/, hive.dummyparam.test.server.specific.config.override=from.hive-site.xml, hive.fetch.task.conversion=minimal, hive.server2.operation.log.purgePolicy.timeToLive=5s, hive.conf.restricted.list=dummy.config.value, hive.query.reexecution.stats.persist.scope=query, hive.cbo.fallback.strategy=TEST, hive.input.format=org.apache.hadoop.hive.ql.io.CombineHiveInputFormat, hive.security.authorization.manager=org.apache.hadoop.hive.ql.security.authorization.plugin.sqlstd.SQLStdHiveAuthorizerFactoryForTest, test.data.files=${hive.root}/data/files, hive.stats.key.prefix.reserve.length=0, hive.metastore.client.cache.enabled=true, hive.exec.local.scratchdir=${test.tmp.dir}/localscratchdir/, hive.exec.submit.local.task.via.child=false, hive.auto.convert.join=false, hive.llap.io.cache.orc.alloc.min=32768, hive.stats.fetch.bitvector=true, hive.llap.io.allocator.direct=false, hive.metastore.schema.verification=false, javax.jdo.option.ConnectionDriverName=org.apache.derby.jdbc.EmbeddedDriver, hive.support.concurrency=true, hive.in.test=true, hive.metastore.warehouse.dir=${test.warehouse.dir}, hive.llap.io.cache.orc.arena.size=8388608, hive.exec.scratchdir=${test.tmp.dir}/scratchdir, test.log.dir=${test.tmp.dir}/log/, hive.exec.post.hooks=org.apache.hadoop.hive.ql.hooks.PostExecutePrinter, javax.jdo.option.ConnectionURL=jdbc:derby:memory:${test.tmp.dir}/junit_metastore_db;create=true, hive.scheduled.queries.executor.enabled=false, hive.llap.cache.allow.synthetic.fileid=true, hive.ignore.mapjoin.hint=false, hive.metastore.client.cache.maxSize=10Mb, hive.metastore.client.cache.recordStats=true, hive.mapjoin.max.gc.time.percentage=0.99, hive.test.dummystats.aggregator=value2, hive.exec.pre.hooks=org.apache.hadoop.hive.ql.hooks.PreExecutePrinter, org.apache.hadoop.hive.ql.hooks.EnforceReadOnlyTables, org.apache.hadoop.hive.ql.hooks.MaterializedViewRegistryPropertiesHook, hive.strict.timestamp.conversion=false, iceberg.hive.keep.stats=true}
2024-04-24T11:29:28,104  INFO [main] HiveMetaStore.audit: ugi=alex	ip=unknown-ip-addr	cmd=get_databases: @hive#NonExistentDatabaseUsedForHealthCheck	
2024-04-24T11:29:28,106  INFO [main] HiveMetaStore.audit: ugi=alex	ip=unknown-ip-addr	cmd=get_table : tbl=hive.default.junit_parted_date	
2024-04-24T11:29:28,114  INFO [main] metastore.HMSHandler: Skipping translation for processor with null
2024-04-24T11:29:28,134  WARN [main] conf.HiveConf: HiveConf of name hive.dummyparam.test.server.specific.config.metastoresite does not exist
2024-04-24T11:29:28,134  WARN [main] conf.HiveConf: HiveConf of name hive.dummyparam.test.server.specific.config.hivesite does not exist
2024-04-24T11:29:28,134  WARN [main] conf.HiveConf: HiveConf of name hive.llap.io.cache.orc.alloc.max does not exist
2024-04-24T11:29:28,134  WARN [main] conf.HiveConf: HiveConf of name hive.llap.io.cache.orc.alloc.min does not exist
2024-04-24T11:29:28,134  WARN [main] conf.HiveConf: HiveConf of name hive.stats.key.prefix.reserve.length does not exist
2024-04-24T11:29:28,134  WARN [main] conf.HiveConf: HiveConf of name hive.metastore.client.cache.maxSize does not exist
2024-04-24T11:29:28,134  WARN [main] conf.HiveConf: HiveConf of name hive.llap.io.cache.orc.size does not exist
2024-04-24T11:29:28,134  WARN [main] conf.HiveConf: HiveConf of name hive.llap.io.cache.orc.arena.size does not exist
2024-04-24T11:29:28,134  WARN [main] conf.HiveConf: HiveConf of name hive.dummyparam.test.server.specific.config.override does not exist
2024-04-24T11:29:28,134  WARN [main] conf.HiveConf: HiveConf of name hive.metastore.client.cache.recordStats does not exist
2024-04-24T11:29:28,134  WARN [main] conf.HiveConf: HiveConf of name hive.metastore.metadb.dir does not exist
2024-04-24T11:29:28,135  INFO [main] common.HCatUtil: mapreduce.lib.hcatoutput.hive.conf is set. Applying configuration differences.
2024-04-24T11:29:28,135  INFO [main] HiveMetaStore.audit: ugi=alex	ip=unknown-ip-addr	cmd=get_databases: @hive#NonExistentDatabaseUsedForHealthCheck	
2024-04-24T11:29:28,138  INFO [main] pigstats.ScriptState: Pig features used in the script: FILTER
2024-04-24T11:29:28,146  INFO [main] optimizer.LogicalPlanOptimizer: {RULES_ENABLED=[AddForEach, ColumnMapKeyPrune, ConstantCalculator, GroupByConstParallelSetter, LimitOptimizer, LoadTypeCastInserter, MergeFilter, MergeForEach, PartitionFilterOptimizer, PredicatePushdownOptimizer, PushDownForEachFlatten, PushUpFilter, SplitFilter, StreamTypeCastInserter]}
2024-04-24T11:29:28,159  INFO [main] mapReduceLayer.MRCompiler: File concatenation threshold: 100 optimistic? false
2024-04-24T11:29:28,163  INFO [main] mapReduceLayer.MultiQueryOptimizer: MR plan size before optimization: 8
2024-04-24T11:29:28,164  INFO [main] mapReduceLayer.MultiQueryOptimizer: Merged 5 map-only splittees.
2024-04-24T11:29:28,164  INFO [main] mapReduceLayer.MultiQueryOptimizer: Merged 5 out of total 6 MR operators.
2024-04-24T11:29:28,164  INFO [main] mapReduceLayer.MultiQueryOptimizer: MR plan size after optimization: 3
2024-04-24T11:29:28,170  WARN [main] impl.MetricsSystemImpl: JobTracker metrics system already initialized!
2024-04-24T11:29:28,173  INFO [main] mapreduce.MRScriptState: Pig script settings are added to the job
2024-04-24T11:29:28,173  INFO [main] mapReduceLayer.JobControlCompiler: mapred.job.reduce.markreset.buffer.percent is not set, set to default 0.3
2024-04-24T11:29:28,174  INFO [main] mapReduceLayer.JobControlCompiler: Setting up multi store job
2024-04-24T11:29:28,174  INFO [main] data.SchemaTupleFrontend: Key [pig.schematuple] is false, will not generate code.
2024-04-24T11:29:28,174  INFO [main] data.SchemaTupleFrontend: Starting process to move generated code to distributed cacche
2024-04-24T11:29:28,174  INFO [main] data.SchemaTupleFrontend: Distributed cache not supported or needed in local mode. Setting key [pig.schematuple.local.dir] with code temp directory: /home/alex/Repositories/hive/hcatalog/hcatalog-pig-adapter/target/tmp/1713983368174-0
2024-04-24T11:29:28,182  INFO [main] mapreduce.MRScriptState: Pig script settings are added to the job
2024-04-24T11:29:28,182  INFO [main] mapReduceLayer.JobControlCompiler: mapred.job.reduce.markreset.buffer.percent is not set, set to default 0.3
2024-04-24T11:29:28,183  INFO [main] mapReduceLayer.JobControlCompiler: Setting up single store job
2024-04-24T11:29:28,183  INFO [main] data.SchemaTupleFrontend: Key [pig.schematuple] is false, will not generate code.
2024-04-24T11:29:28,183  INFO [main] data.SchemaTupleFrontend: Starting process to move generated code to distributed cacche
2024-04-24T11:29:28,183  INFO [main] data.SchemaTupleFrontend: Distributed cache not supported or needed in local mode. Setting key [pig.schematuple.local.dir] with code temp directory: /home/alex/Repositories/hive/hcatalog/hcatalog-pig-adapter/target/tmp/1713983368183-0
2024-04-24T11:29:28,190  INFO [main] mapreduce.MRScriptState: Pig script settings are added to the job
2024-04-24T11:29:28,190  INFO [main] mapReduceLayer.JobControlCompiler: mapred.job.reduce.markreset.buffer.percent is not set, set to default 0.3
2024-04-24T11:29:28,191  INFO [main] mapReduceLayer.JobControlCompiler: Setting up single store job
2024-04-24T11:29:28,191  INFO [main] data.SchemaTupleFrontend: Key [pig.schematuple] is false, will not generate code.
2024-04-24T11:29:28,191  INFO [main] data.SchemaTupleFrontend: Starting process to move generated code to distributed cacche
2024-04-24T11:29:28,192  INFO [main] data.SchemaTupleFrontend: Distributed cache not supported or needed in local mode. Setting key [pig.schematuple.local.dir] with code temp directory: /home/alex/Repositories/hive/hcatalog/hcatalog-pig-adapter/target/tmp/1713983368191-0
2024-04-24T11:29:28,197  INFO [main] mapReduceLayer.MapReduceLauncher: 3 map-reduce job(s) waiting for submission.
2024-04-24T11:29:28,200  WARN [JobControl] impl.MetricsSystemImpl: JobTracker metrics system already initialized!
2024-04-24T11:29:28,217  WARN [JobControl] conf.HiveConf: HiveConf of name hive.llap.io.cache.orc.alloc.min does not exist
2024-04-24T11:29:28,218  WARN [JobControl] conf.HiveConf: HiveConf of name hive.dummyparam.test.server.specific.config.hivesite does not exist
2024-04-24T11:29:28,218  WARN [JobControl] conf.HiveConf: HiveConf of name hive.metastore.metadb.dir does not exist
2024-04-24T11:29:28,218  WARN [JobControl] conf.HiveConf: HiveConf of name hive.llap.io.cache.orc.alloc.max does not exist
2024-04-24T11:29:28,218  WARN [JobControl] conf.HiveConf: HiveConf of name hive.metastore.client.cache.recordStats does not exist
2024-04-24T11:29:28,218  WARN [JobControl] conf.HiveConf: HiveConf of name hive.llap.io.cache.orc.size does not exist
2024-04-24T11:29:28,218  WARN [JobControl] conf.HiveConf: HiveConf of name hive.dummyparam.test.server.specific.config.metastoresite does not exist
2024-04-24T11:29:28,218  WARN [JobControl] conf.HiveConf: HiveConf of name hive.llap.io.cache.orc.arena.size does not exist
2024-04-24T11:29:28,218  WARN [JobControl] conf.HiveConf: HiveConf of name hive.stats.key.prefix.reserve.length does not exist
2024-04-24T11:29:28,218  WARN [JobControl] conf.HiveConf: HiveConf of name hive.dummyparam.test.server.specific.config.override does not exist
2024-04-24T11:29:28,218  WARN [JobControl] conf.HiveConf: HiveConf of name hive.metastore.client.cache.maxSize does not exist
2024-04-24T11:29:28,218  INFO [JobControl] common.HCatUtil: mapreduce.lib.hcatoutput.hive.conf is set. Applying configuration differences.
2024-04-24T11:29:28,219  INFO [JobControl] metastore.HiveMetaStoreClient: HMS client filtering is enabled.
2024-04-24T11:29:28,219  INFO [JobControl] metastore.HMSHandler: 13: Opening raw store with implementation class:org.apache.hadoop.hive.metastore.ObjectStore
2024-04-24T11:29:28,219  INFO [JobControl] metastore.PersistenceManagerProvider: Configuration datanucleus.autoStartMechanismMode is not set. Defaulting to 'ignored'
2024-04-24T11:29:28,220  INFO [JobControl] metastore.ObjectStore: RawStore: org.apache.hadoop.hive.metastore.ObjectStore@78db9827, with PersistenceManager: null will be shutdown
2024-04-24T11:29:28,220  INFO [JobControl] metastore.ObjectStore: RawStore: org.apache.hadoop.hive.metastore.ObjectStore@78db9827, with PersistenceManager: org.datanucleus.api.jdo.JDOPersistenceManager@6889a01f created in the thread with id: 762
2024-04-24T11:29:28,221  INFO [JobControl] metastore.HMSHandler: Created RawStore: org.apache.hadoop.hive.metastore.ObjectStore@78db9827 from thread id: 762
2024-04-24T11:29:28,221  INFO [JobControl] metastore.HMSHandler: HMS server filtering is disabled by configuration
2024-04-24T11:29:28,221  INFO [JobControl] metastore.RetryingMetaStoreClient: RetryingMetaStoreClient proxy=class org.apache.hive.hcatalog.common.HiveClientCache$CacheableHiveMetaStoreClient ugi=alex (auth:SIMPLE) retries=1 delay=1 lifetime=0
2024-04-24T11:29:28,221  INFO [JobControl] HiveMetaStore.audit: ugi=alex	ip=unknown-ip-addr	cmd=get_databases: @hive#NonExistentDatabaseUsedForHealthCheck	
2024-04-24T11:29:28,238  WARN [JobControl] conf.HiveConf: HiveConf of name hive.stats.key.prefix.reserve.length does not exist
2024-04-24T11:29:28,238  WARN [JobControl] conf.HiveConf: HiveConf of name hive.dummyparam.test.server.specific.config.override does not exist
2024-04-24T11:29:28,239  WARN [JobControl] conf.HiveConf: HiveConf of name hive.metastore.metadb.dir does not exist
2024-04-24T11:29:28,239  WARN [JobControl] conf.HiveConf: HiveConf of name hive.dummyparam.test.server.specific.config.hivesite does not exist
2024-04-24T11:29:28,239  WARN [JobControl] conf.HiveConf: HiveConf of name hive.metastore.client.cache.recordStats does not exist
2024-04-24T11:29:28,239  WARN [JobControl] conf.HiveConf: HiveConf of name hive.llap.io.cache.orc.size does not exist
2024-04-24T11:29:28,239  WARN [JobControl] conf.HiveConf: HiveConf of name hive.dummyparam.test.server.specific.config.metastoresite does not exist
2024-04-24T11:29:28,239  WARN [JobControl] conf.HiveConf: HiveConf of name hive.llap.io.cache.orc.alloc.min does not exist
2024-04-24T11:29:28,239  WARN [JobControl] conf.HiveConf: HiveConf of name hive.llap.io.cache.orc.arena.size does not exist
2024-04-24T11:29:28,239  WARN [JobControl] conf.HiveConf: HiveConf of name hive.llap.io.cache.orc.alloc.max does not exist
2024-04-24T11:29:28,239  WARN [JobControl] conf.HiveConf: HiveConf of name hive.metastore.client.cache.maxSize does not exist
2024-04-24T11:29:28,239  INFO [JobControl] common.HCatUtil: mapreduce.lib.hcatoutput.hive.conf is set. Applying configuration differences.
2024-04-24T11:29:28,239  INFO [JobControl] HiveMetaStore.audit: ugi=alex	ip=unknown-ip-addr	cmd=get_databases: @hive#NonExistentDatabaseUsedForHealthCheck	
2024-04-24T11:29:28,256  WARN [JobControl] conf.HiveConf: HiveConf of name hive.stats.key.prefix.reserve.length does not exist
2024-04-24T11:29:28,256  WARN [JobControl] conf.HiveConf: HiveConf of name hive.metastore.metadb.dir does not exist
2024-04-24T11:29:28,256  WARN [JobControl] conf.HiveConf: HiveConf of name hive.llap.io.cache.orc.size does not exist
2024-04-24T11:29:28,256  WARN [JobControl] conf.HiveConf: HiveConf of name hive.dummyparam.test.server.specific.config.override does not exist
2024-04-24T11:29:28,256  WARN [JobControl] conf.HiveConf: HiveConf of name hive.metastore.client.cache.maxSize does not exist
2024-04-24T11:29:28,256  WARN [JobControl] conf.HiveConf: HiveConf of name hive.dummyparam.test.server.specific.config.hivesite does not exist
2024-04-24T11:29:28,256  WARN [JobControl] conf.HiveConf: HiveConf of name hive.llap.io.cache.orc.alloc.min does not exist
2024-04-24T11:29:28,256  WARN [JobControl] conf.HiveConf: HiveConf of name hive.llap.io.cache.orc.alloc.max does not exist
2024-04-24T11:29:28,256  WARN [JobControl] conf.HiveConf: HiveConf of name hive.metastore.client.cache.recordStats does not exist
2024-04-24T11:29:28,256  WARN [JobControl] conf.HiveConf: HiveConf of name hive.llap.io.cache.orc.arena.size does not exist
2024-04-24T11:29:28,256  WARN [JobControl] conf.HiveConf: HiveConf of name hive.dummyparam.test.server.specific.config.metastoresite does not exist
2024-04-24T11:29:28,256  INFO [JobControl] common.HCatUtil: mapreduce.lib.hcatoutput.hive.conf is set. Applying configuration differences.
2024-04-24T11:29:28,257  INFO [JobControl] HiveMetaStore.audit: ugi=alex	ip=unknown-ip-addr	cmd=get_databases: @hive#NonExistentDatabaseUsedForHealthCheck	
2024-04-24T11:29:28,273  WARN [JobControl] conf.HiveConf: HiveConf of name hive.stats.key.prefix.reserve.length does not exist
2024-04-24T11:29:28,273  WARN [JobControl] conf.HiveConf: HiveConf of name hive.llap.io.cache.orc.arena.size does not exist
2024-04-24T11:29:28,273  WARN [JobControl] conf.HiveConf: HiveConf of name hive.dummyparam.test.server.specific.config.metastoresite does not exist
2024-04-24T11:29:28,273  WARN [JobControl] conf.HiveConf: HiveConf of name hive.llap.io.cache.orc.alloc.min does not exist
2024-04-24T11:29:28,273  WARN [JobControl] conf.HiveConf: HiveConf of name hive.llap.io.cache.orc.alloc.max does not exist
2024-04-24T11:29:28,273  WARN [JobControl] conf.HiveConf: HiveConf of name hive.llap.io.cache.orc.size does not exist
2024-04-24T11:29:28,273  WARN [JobControl] conf.HiveConf: HiveConf of name hive.dummyparam.test.server.specific.config.hivesite does not exist
2024-04-24T11:29:28,273  WARN [JobControl] conf.HiveConf: HiveConf of name hive.metastore.metadb.dir does not exist
2024-04-24T11:29:28,273  WARN [JobControl] conf.HiveConf: HiveConf of name hive.metastore.client.cache.recordStats does not exist
2024-04-24T11:29:28,273  WARN [JobControl] conf.HiveConf: HiveConf of name hive.dummyparam.test.server.specific.config.override does not exist
2024-04-24T11:29:28,274  WARN [JobControl] conf.HiveConf: HiveConf of name hive.metastore.client.cache.maxSize does not exist
2024-04-24T11:29:28,274  INFO [JobControl] common.HCatUtil: mapreduce.lib.hcatoutput.hive.conf is set. Applying configuration differences.
2024-04-24T11:29:28,274  INFO [JobControl] HiveMetaStore.audit: ugi=alex	ip=unknown-ip-addr	cmd=get_databases: @hive#NonExistentDatabaseUsedForHealthCheck	
2024-04-24T11:29:28,290  WARN [JobControl] conf.HiveConf: HiveConf of name hive.llap.io.cache.orc.alloc.min does not exist
2024-04-24T11:29:28,290  WARN [JobControl] conf.HiveConf: HiveConf of name hive.metastore.client.cache.maxSize does not exist
2024-04-24T11:29:28,290  WARN [JobControl] conf.HiveConf: HiveConf of name hive.dummyparam.test.server.specific.config.override does not exist
2024-04-24T11:29:28,290  WARN [JobControl] conf.HiveConf: HiveConf of name hive.llap.io.cache.orc.size does not exist
2024-04-24T11:29:28,290  WARN [JobControl] conf.HiveConf: HiveConf of name hive.dummyparam.test.server.specific.config.metastoresite does not exist
2024-04-24T11:29:28,290  WARN [JobControl] conf.HiveConf: HiveConf of name hive.metastore.metadb.dir does not exist
2024-04-24T11:29:28,290  WARN [JobControl] conf.HiveConf: HiveConf of name hive.metastore.client.cache.recordStats does not exist
2024-04-24T11:29:28,290  WARN [JobControl] conf.HiveConf: HiveConf of name hive.llap.io.cache.orc.alloc.max does not exist
2024-04-24T11:29:28,290  WARN [JobControl] conf.HiveConf: HiveConf of name hive.llap.io.cache.orc.arena.size does not exist
2024-04-24T11:29:28,290  WARN [JobControl] conf.HiveConf: HiveConf of name hive.stats.key.prefix.reserve.length does not exist
2024-04-24T11:29:28,290  WARN [JobControl] conf.HiveConf: HiveConf of name hive.dummyparam.test.server.specific.config.hivesite does not exist
2024-04-24T11:29:28,290  INFO [JobControl] common.HCatUtil: mapreduce.lib.hcatoutput.hive.conf is set. Applying configuration differences.
2024-04-24T11:29:28,291  INFO [JobControl] HiveMetaStore.audit: ugi=alex	ip=unknown-ip-addr	cmd=get_databases: @hive#NonExistentDatabaseUsedForHealthCheck	
2024-04-24T11:29:28,305  WARN [JobControl] mapreduce.JobResourceUploader: Hadoop command-line option parsing not performed. Implement the Tool interface and execute your application with ToolRunner to remedy this.
2024-04-24T11:29:28,309  WARN [JobControl] mapreduce.JobResourceUploader: No job jar file set.  User classes may not be found. See Job or Job#setJar(String).
2024-04-24T11:29:28,310  INFO [JobControl] builtin.PigStorage: Using PigTextInputFormat
2024-04-24T11:29:28,311  INFO [JobControl] input.FileInputFormat: Total input files to process : 1
2024-04-24T11:29:28,311  INFO [JobControl] util.MapRedUtil: Total input paths to process : 1
2024-04-24T11:29:28,311  INFO [JobControl] util.MapRedUtil: Total input paths (combined) to process : 1
2024-04-24T11:29:28,328  INFO [JobControl] mapreduce.JobSubmitter: number of splits:1
2024-04-24T11:29:28,340  INFO [JobControl] mapreduce.JobSubmitter: Submitting tokens for job: job_local1826241216_0007
2024-04-24T11:29:28,340  INFO [JobControl] mapreduce.JobSubmitter: Executing with tokens: []
2024-04-24T11:29:28,394  INFO [JobControl] mapreduce.Job: The url to track the job: http://localhost:8080/
2024-04-24T11:29:28,395  INFO [Thread-726] mapred.LocalJobRunner: OutputCommitter set in config null
2024-04-24T11:29:28,395  WARN [JobControl] impl.MetricsSystemImpl: JobTracker metrics system already initialized!
2024-04-24T11:29:28,400  INFO [Thread-726] output.FileOutputCommitter: File Output Committer Algorithm version is 2
2024-04-24T11:29:28,401  INFO [Thread-726] output.FileOutputCommitter: FileOutputCommitter skip cleanup _temporary folders under output directory:false, ignore cleanup failures: false
2024-04-24T11:29:28,404  INFO [Thread-726] output.FileOutputCommitter: File Output Committer Algorithm version is 2
2024-04-24T11:29:28,404  INFO [Thread-726] output.FileOutputCommitter: FileOutputCommitter skip cleanup _temporary folders under output directory:false, ignore cleanup failures: false
2024-04-24T11:29:28,407  INFO [Thread-726] output.FileOutputCommitter: File Output Committer Algorithm version is 2
2024-04-24T11:29:28,407  INFO [Thread-726] output.FileOutputCommitter: FileOutputCommitter skip cleanup _temporary folders under output directory:false, ignore cleanup failures: false
2024-04-24T11:29:28,411  INFO [Thread-726] output.FileOutputCommitter: File Output Committer Algorithm version is 2
2024-04-24T11:29:28,411  INFO [Thread-726] output.FileOutputCommitter: FileOutputCommitter skip cleanup _temporary folders under output directory:false, ignore cleanup failures: false
2024-04-24T11:29:28,414  WARN [JobControl] conf.HiveConf: HiveConf of name hive.metastore.client.cache.recordStats does not exist
2024-04-24T11:29:28,415  WARN [JobControl] conf.HiveConf: HiveConf of name hive.metastore.metadb.dir does not exist
2024-04-24T11:29:28,415  WARN [JobControl] conf.HiveConf: HiveConf of name hive.llap.io.cache.orc.arena.size does not exist
2024-04-24T11:29:28,415  WARN [JobControl] conf.HiveConf: HiveConf of name hive.metastore.client.cache.maxSize does not exist
2024-04-24T11:29:28,415  WARN [JobControl] conf.HiveConf: HiveConf of name hive.dummyparam.test.server.specific.config.hivesite does not exist
2024-04-24T11:29:28,415  WARN [JobControl] conf.HiveConf: HiveConf of name hive.llap.io.cache.orc.size does not exist
2024-04-24T11:29:28,415  WARN [JobControl] conf.HiveConf: HiveConf of name hive.dummyparam.test.server.specific.config.override does not exist
2024-04-24T11:29:28,415  WARN [JobControl] conf.HiveConf: HiveConf of name hive.dummyparam.test.server.specific.config.metastoresite does not exist
2024-04-24T11:29:28,415  WARN [JobControl] conf.HiveConf: HiveConf of name hive.llap.io.cache.orc.alloc.min does not exist
2024-04-24T11:29:28,415  WARN [JobControl] conf.HiveConf: HiveConf of name hive.llap.io.cache.orc.alloc.max does not exist
2024-04-24T11:29:28,415  WARN [JobControl] conf.HiveConf: HiveConf of name hive.stats.key.prefix.reserve.length does not exist
2024-04-24T11:29:28,415  INFO [JobControl] common.HCatUtil: mapreduce.lib.hcatoutput.hive.conf is set. Applying configuration differences.
2024-04-24T11:29:28,416  INFO [JobControl] HiveMetaStore.audit: ugi=alex	ip=unknown-ip-addr	cmd=get_databases: @hive#NonExistentDatabaseUsedForHealthCheck	
2024-04-24T11:29:28,417  INFO [Thread-726] output.FileOutputCommitter: File Output Committer Algorithm version is 2
2024-04-24T11:29:28,417  INFO [Thread-726] output.FileOutputCommitter: FileOutputCommitter skip cleanup _temporary folders under output directory:false, ignore cleanup failures: false
2024-04-24T11:29:28,418  INFO [Thread-726] mapred.LocalJobRunner: OutputCommitter is org.apache.pig.backend.hadoop.executionengine.mapReduceLayer.PigOutputCommitter
2024-04-24T11:29:28,421  INFO [Thread-726] output.FileOutputCommitter: File Output Committer Algorithm version is 2
2024-04-24T11:29:28,421  INFO [Thread-726] output.FileOutputCommitter: FileOutputCommitter skip cleanup _temporary folders under output directory:false, ignore cleanup failures: false
2024-04-24T11:29:28,424  WARN [JobControl] mapreduce.JobResourceUploader: Hadoop command-line option parsing not performed. Implement the Tool interface and execute your application with ToolRunner to remedy this.
2024-04-24T11:29:28,430  WARN [JobControl] mapreduce.JobResourceUploader: No job jar file set.  User classes may not be found. See Job or Job#setJar(String).
2024-04-24T11:29:28,430  INFO [Thread-726] output.FileOutputCommitter: File Output Committer Algorithm version is 2
2024-04-24T11:29:28,431  INFO [Thread-726] output.FileOutputCommitter: FileOutputCommitter skip cleanup _temporary folders under output directory:false, ignore cleanup failures: false
2024-04-24T11:29:28,431  INFO [JobControl] builtin.PigStorage: Using PigTextInputFormat
2024-04-24T11:29:28,433  INFO [JobControl] input.FileInputFormat: Total input files to process : 1
2024-04-24T11:29:28,433  INFO [JobControl] util.MapRedUtil: Total input paths to process : 1
2024-04-24T11:29:28,433  INFO [JobControl] util.MapRedUtil: Total input paths (combined) to process : 1
2024-04-24T11:29:28,440  INFO [Thread-726] output.FileOutputCommitter: File Output Committer Algorithm version is 2
2024-04-24T11:29:28,440  INFO [Thread-726] output.FileOutputCommitter: FileOutputCommitter skip cleanup _temporary folders under output directory:false, ignore cleanup failures: false
2024-04-24T11:29:28,449  INFO [Thread-726] output.FileOutputCommitter: File Output Committer Algorithm version is 2
2024-04-24T11:29:28,449  INFO [Thread-726] output.FileOutputCommitter: FileOutputCommitter skip cleanup _temporary folders under output directory:false, ignore cleanup failures: false
2024-04-24T11:29:28,452  INFO [JobControl] mapreduce.JobSubmitter: number of splits:1
2024-04-24T11:29:28,460  INFO [Thread-726] output.FileOutputCommitter: File Output Committer Algorithm version is 2
2024-04-24T11:29:28,460  INFO [Thread-726] output.FileOutputCommitter: FileOutputCommitter skip cleanup _temporary folders under output directory:false, ignore cleanup failures: false
2024-04-24T11:29:28,467  INFO [JobControl] mapreduce.JobSubmitter: Submitting tokens for job: job_local1523647596_0008
2024-04-24T11:29:28,467  INFO [JobControl] mapreduce.JobSubmitter: Executing with tokens: []
2024-04-24T11:29:28,470  INFO [Thread-726] mapred.LocalJobRunner: Waiting for map tasks
2024-04-24T11:29:28,471  INFO [LocalJobRunner Map Task Executor #0] mapred.LocalJobRunner: Starting task: attempt_local1826241216_0007_m_000000_0
2024-04-24T11:29:28,478  INFO [LocalJobRunner Map Task Executor #0] output.FileOutputCommitter: File Output Committer Algorithm version is 2
2024-04-24T11:29:28,478  INFO [LocalJobRunner Map Task Executor #0] output.FileOutputCommitter: FileOutputCommitter skip cleanup _temporary folders under output directory:false, ignore cleanup failures: false
2024-04-24T11:29:28,481  INFO [LocalJobRunner Map Task Executor #0] output.FileOutputCommitter: File Output Committer Algorithm version is 2
2024-04-24T11:29:28,481  INFO [LocalJobRunner Map Task Executor #0] output.FileOutputCommitter: FileOutputCommitter skip cleanup _temporary folders under output directory:false, ignore cleanup failures: false
2024-04-24T11:29:28,485  INFO [LocalJobRunner Map Task Executor #0] output.FileOutputCommitter: File Output Committer Algorithm version is 2
2024-04-24T11:29:28,485  INFO [LocalJobRunner Map Task Executor #0] output.FileOutputCommitter: FileOutputCommitter skip cleanup _temporary folders under output directory:false, ignore cleanup failures: false
2024-04-24T11:29:28,489  INFO [LocalJobRunner Map Task Executor #0] output.FileOutputCommitter: File Output Committer Algorithm version is 2
2024-04-24T11:29:28,489  INFO [LocalJobRunner Map Task Executor #0] output.FileOutputCommitter: FileOutputCommitter skip cleanup _temporary folders under output directory:false, ignore cleanup failures: false
2024-04-24T11:29:28,493  INFO [LocalJobRunner Map Task Executor #0] output.FileOutputCommitter: File Output Committer Algorithm version is 2
2024-04-24T11:29:28,493  INFO [LocalJobRunner Map Task Executor #0] output.FileOutputCommitter: FileOutputCommitter skip cleanup _temporary folders under output directory:false, ignore cleanup failures: false
2024-04-24T11:29:28,496  INFO [LocalJobRunner Map Task Executor #0] output.FileOutputCommitter: File Output Committer Algorithm version is 2
2024-04-24T11:29:28,496  INFO [LocalJobRunner Map Task Executor #0] output.FileOutputCommitter: FileOutputCommitter skip cleanup _temporary folders under output directory:false, ignore cleanup failures: false
2024-04-24T11:29:28,498  INFO [LocalJobRunner Map Task Executor #0] output.FileOutputCommitter: File Output Committer Algorithm version is 2
2024-04-24T11:29:28,498  INFO [LocalJobRunner Map Task Executor #0] output.FileOutputCommitter: FileOutputCommitter skip cleanup _temporary folders under output directory:false, ignore cleanup failures: false
2024-04-24T11:29:28,500  INFO [LocalJobRunner Map Task Executor #0] output.FileOutputCommitter: File Output Committer Algorithm version is 2
2024-04-24T11:29:28,500  INFO [LocalJobRunner Map Task Executor #0] output.FileOutputCommitter: FileOutputCommitter skip cleanup _temporary folders under output directory:false, ignore cleanup failures: false
2024-04-24T11:29:28,502  INFO [LocalJobRunner Map Task Executor #0] output.FileOutputCommitter: File Output Committer Algorithm version is 2
2024-04-24T11:29:28,503  INFO [LocalJobRunner Map Task Executor #0] output.FileOutputCommitter: FileOutputCommitter skip cleanup _temporary folders under output directory:false, ignore cleanup failures: false
2024-04-24T11:29:28,505  INFO [LocalJobRunner Map Task Executor #0] output.FileOutputCommitter: File Output Committer Algorithm version is 2
2024-04-24T11:29:28,505  INFO [LocalJobRunner Map Task Executor #0] output.FileOutputCommitter: FileOutputCommitter skip cleanup _temporary folders under output directory:false, ignore cleanup failures: false
2024-04-24T11:29:28,505  INFO [LocalJobRunner Map Task Executor #0] mapred.Task:  Using ResourceCalculatorProcessTree : [ ]
2024-04-24T11:29:28,506  INFO [LocalJobRunner Map Task Executor #0] mapred.MapTask: Processing split: Number of splits :1
Total Length = 54
Input split[0]:
   Length = 54
   ClassName: org.apache.hadoop.mapreduce.lib.input.FileSplit
   Locations:

-----------------------

2024-04-24T11:29:28,507  INFO [LocalJobRunner Map Task Executor #0] builtin.PigStorage: Using PigTextInputFormat
2024-04-24T11:29:28,507  INFO [LocalJobRunner Map Task Executor #0] mapReduceLayer.PigRecordReader: Current split being processed file:/home/alex/Repositories/hive/hcatalog/hcatalog-pig-adapter/build/test/data/org.apache.hive.hcatalog.mapreduce.HCatBaseTest-1713983215978/basic.input.data:0+54
2024-04-24T11:29:28,509  INFO [LocalJobRunner Map Task Executor #0] util.SpillableMemoryManager: Selected heap (PS Old Gen) of size 1431830528 to monitor. collectionUsageThreshold = 1064828928, usageThreshold = 1064828928
2024-04-24T11:29:28,509  INFO [LocalJobRunner Map Task Executor #0] data.SchemaTupleBackend: Key [pig.schematuple] was not set... will not generate code.
2024-04-24T11:29:28,511  INFO [LocalJobRunner Map Task Executor #0] mapReduceLayer.PigMapOnly$Map: Aliases being processed per job phase (AliasName[line,offset]): M: A[1,4],A[-1,-1],B2[6,5],B[5,4],C2[9,5],C[8,4] C:  R: 
2024-04-24T11:29:28,515  INFO [LocalJobRunner Map Task Executor #0] output.FileOutputCommitter: File Output Committer Algorithm version is 2
2024-04-24T11:29:28,515  INFO [LocalJobRunner Map Task Executor #0] output.FileOutputCommitter: FileOutputCommitter skip cleanup _temporary folders under output directory:false, ignore cleanup failures: false
2024-04-24T11:29:28,530  INFO [LocalJobRunner Map Task Executor #0] output.FileOutputCommitter: File Output Committer Algorithm version is 2
2024-04-24T11:29:28,530  INFO [LocalJobRunner Map Task Executor #0] output.FileOutputCommitter: FileOutputCommitter skip cleanup _temporary folders under output directory:false, ignore cleanup failures: false
2024-04-24T11:29:28,530  INFO [JobControl] mapreduce.Job: The url to track the job: http://localhost:8080/
2024-04-24T11:29:28,531  INFO [Thread-765] mapred.LocalJobRunner: OutputCommitter set in config null
2024-04-24T11:29:28,531  WARN [JobControl] impl.MetricsSystemImpl: JobTracker metrics system already initialized!
2024-04-24T11:29:28,538  INFO [Thread-765] output.FileOutputCommitter: File Output Committer Algorithm version is 2
2024-04-24T11:29:28,538  INFO [Thread-765] output.FileOutputCommitter: FileOutputCommitter skip cleanup _temporary folders under output directory:false, ignore cleanup failures: false
2024-04-24T11:29:28,540  INFO [Thread-765] mapred.LocalJobRunner: OutputCommitter is org.apache.pig.backend.hadoop.executionengine.mapReduceLayer.PigOutputCommitter
2024-04-24T11:29:28,543  INFO [Thread-765] output.FileOutputCommitter: File Output Committer Algorithm version is 2
2024-04-24T11:29:28,543  INFO [Thread-765] output.FileOutputCommitter: FileOutputCommitter skip cleanup _temporary folders under output directory:false, ignore cleanup failures: false
2024-04-24T11:29:28,547  INFO [LocalJobRunner Map Task Executor #0] output.FileOutputCommitter: File Output Committer Algorithm version is 2
2024-04-24T11:29:28,547  INFO [LocalJobRunner Map Task Executor #0] output.FileOutputCommitter: FileOutputCommitter skip cleanup _temporary folders under output directory:false, ignore cleanup failures: false
2024-04-24T11:29:28,551  INFO [Thread-765] mapred.LocalJobRunner: Waiting for map tasks
2024-04-24T11:29:28,552  INFO [LocalJobRunner Map Task Executor #0] mapred.LocalJobRunner: Starting task: attempt_local1523647596_0008_m_000000_0
2024-04-24T11:29:28,561  INFO [LocalJobRunner Map Task Executor #0] output.FileOutputCommitter: File Output Committer Algorithm version is 2
2024-04-24T11:29:28,561  INFO [LocalJobRunner Map Task Executor #0] output.FileOutputCommitter: FileOutputCommitter skip cleanup _temporary folders under output directory:false, ignore cleanup failures: false
2024-04-24T11:29:28,562  WARN [JobControl] conf.HiveConf: HiveConf of name hive.stats.key.prefix.reserve.length does not exist
2024-04-24T11:29:28,562  WARN [JobControl] conf.HiveConf: HiveConf of name hive.dummyparam.test.server.specific.config.metastoresite does not exist
2024-04-24T11:29:28,562  WARN [JobControl] conf.HiveConf: HiveConf of name hive.llap.io.cache.orc.alloc.min does not exist
2024-04-24T11:29:28,562  WARN [JobControl] conf.HiveConf: HiveConf of name hive.metastore.metadb.dir does not exist
2024-04-24T11:29:28,562  WARN [JobControl] conf.HiveConf: HiveConf of name hive.llap.io.cache.orc.size does not exist
2024-04-24T11:29:28,562  WARN [JobControl] conf.HiveConf: HiveConf of name hive.dummyparam.test.server.specific.config.override does not exist
2024-04-24T11:29:28,562  WARN [JobControl] conf.HiveConf: HiveConf of name hive.llap.io.cache.orc.arena.size does not exist
2024-04-24T11:29:28,562  WARN [JobControl] conf.HiveConf: HiveConf of name hive.dummyparam.test.server.specific.config.hivesite does not exist
2024-04-24T11:29:28,562  WARN [JobControl] conf.HiveConf: HiveConf of name hive.llap.io.cache.orc.alloc.max does not exist
2024-04-24T11:29:28,562  WARN [JobControl] conf.HiveConf: HiveConf of name hive.metastore.client.cache.maxSize does not exist
2024-04-24T11:29:28,562  WARN [JobControl] conf.HiveConf: HiveConf of name hive.metastore.client.cache.recordStats does not exist
2024-04-24T11:29:28,562  INFO [JobControl] common.HCatUtil: mapreduce.lib.hcatoutput.hive.conf is set. Applying configuration differences.
2024-04-24T11:29:28,563  INFO [JobControl] HiveMetaStore.audit: ugi=alex	ip=unknown-ip-addr	cmd=get_databases: @hive#NonExistentDatabaseUsedForHealthCheck	
2024-04-24T11:29:28,565  INFO [LocalJobRunner Map Task Executor #0] output.FileOutputCommitter: File Output Committer Algorithm version is 2
2024-04-24T11:29:28,565  INFO [LocalJobRunner Map Task Executor #0] output.FileOutputCommitter: FileOutputCommitter skip cleanup _temporary folders under output directory:false, ignore cleanup failures: false
2024-04-24T11:29:28,565  INFO [LocalJobRunner Map Task Executor #0] mapred.Task:  Using ResourceCalculatorProcessTree : [ ]
2024-04-24T11:29:28,566  INFO [LocalJobRunner Map Task Executor #0] output.FileOutputCommitter: File Output Committer Algorithm version is 2
2024-04-24T11:29:28,566  INFO [LocalJobRunner Map Task Executor #0] output.FileOutputCommitter: FileOutputCommitter skip cleanup _temporary folders under output directory:false, ignore cleanup failures: false
2024-04-24T11:29:28,566  INFO [LocalJobRunner Map Task Executor #0] mapred.MapTask: Processing split: Number of splits :1
Total Length = 342
Input split[0]:
   Length = 342
   ClassName: org.apache.hadoop.mapreduce.lib.input.FileSplit
   Locations:

-----------------------

2024-04-24T11:29:28,569  INFO [LocalJobRunner Map Task Executor #0] builtin.PigStorage: Using PigTextInputFormat
2024-04-24T11:29:28,569  INFO [LocalJobRunner Map Task Executor #0] mapReduceLayer.PigRecordReader: Current split being processed file:/home/alex/Repositories/hive/hcatalog/hcatalog-pig-adapter/build/test/data/org.apache.hive.hcatalog.mapreduce.HCatBaseTest-1713983215978/complex.input.data:0+342
2024-04-24T11:29:28,572  WARN [JobControl] mapreduce.JobResourceUploader: Hadoop command-line option parsing not performed. Implement the Tool interface and execute your application with ToolRunner to remedy this.
2024-04-24T11:29:28,575  INFO [LocalJobRunner Map Task Executor #0] output.FileOutputCommitter: File Output Committer Algorithm version is 2
2024-04-24T11:29:28,575  INFO [LocalJobRunner Map Task Executor #0] output.FileOutputCommitter: FileOutputCommitter skip cleanup _temporary folders under output directory:false, ignore cleanup failures: false
2024-04-24T11:29:28,577  WARN [JobControl] mapreduce.JobResourceUploader: No job jar file set.  User classes may not be found. See Job or Job#setJar(String).
2024-04-24T11:29:28,579  INFO [JobControl] builtin.PigStorage: Using PigTextInputFormat
2024-04-24T11:29:28,581  INFO [JobControl] input.FileInputFormat: Total input files to process : 1
2024-04-24T11:29:28,581  INFO [JobControl] util.MapRedUtil: Total input paths to process : 1
2024-04-24T11:29:28,581  INFO [JobControl] util.MapRedUtil: Total input paths (combined) to process : 1
2024-04-24T11:29:28,586  INFO [LocalJobRunner Map Task Executor #0] output.FileOutputCommitter: File Output Committer Algorithm version is 2
2024-04-24T11:29:28,586  INFO [LocalJobRunner Map Task Executor #0] output.FileOutputCommitter: FileOutputCommitter skip cleanup _temporary folders under output directory:false, ignore cleanup failures: false
2024-04-24T11:29:28,591  INFO [LocalJobRunner Map Task Executor #0] util.SpillableMemoryManager: Selected heap (PS Old Gen) of size 1431830528 to monitor. collectionUsageThreshold = 1064828928, usageThreshold = 1064828928
2024-04-24T11:29:28,591  WARN [LocalJobRunner Map Task Executor #0] data.SchemaTupleBackend: SchemaTupleBackend has already been initialized
2024-04-24T11:29:28,593  INFO [LocalJobRunner Map Task Executor #0] mapReduceLayer.PigMapOnly$Map: Aliases being processed per job phase (AliasName[line,offset]): M: D[11,4],D[-1,-1] C:  R: 
2024-04-24T11:29:28,594  INFO [LocalJobRunner Map Task Executor #0] mapred.LocalJobRunner: 
2024-04-24T11:29:28,594  INFO [LocalJobRunner Map Task Executor #0] io.RCFile: Column#0 : Plain Total Column Value Length: 23,  Compr Total Column Value Length: 23
2024-04-24T11:29:28,594  INFO [LocalJobRunner Map Task Executor #0] io.RCFile: Column#1 : Plain Total Column Value Length: 6,  Compr Total Column Value Length: 6
2024-04-24T11:29:28,594  INFO [LocalJobRunner Map Task Executor #0] io.RCFile: Column#2 : Plain Total Column Value Length: 74,  Compr Total Column Value Length: 74
2024-04-24T11:29:28,594  INFO [LocalJobRunner Map Task Executor #0] io.RCFile: Column#3 : Plain Total Column Value Length: 53,  Compr Total Column Value Length: 53
2024-04-24T11:29:28,594  INFO [LocalJobRunner Map Task Executor #0] io.RCFile: Column#4 : Plain Total Column Value Length: 64,  Compr Total Column Value Length: 64
2024-04-24T11:29:28,594  INFO [LocalJobRunner Map Task Executor #0] io.RCFile: Column#5 : Plain Total Column Value Length: 78,  Compr Total Column Value Length: 78
2024-04-24T11:29:28,595  INFO [LocalJobRunner Map Task Executor #0] mapred.Task: Task:attempt_local1523647596_0008_m_000000_0 is done. And is in the process of committing
2024-04-24T11:29:28,597  INFO [LocalJobRunner Map Task Executor #0] output.FileOutputCommitter: File Output Committer Algorithm version is 2
2024-04-24T11:29:28,597  INFO [LocalJobRunner Map Task Executor #0] output.FileOutputCommitter: FileOutputCommitter skip cleanup _temporary folders under output directory:false, ignore cleanup failures: false
2024-04-24T11:29:28,600  INFO [LocalJobRunner Map Task Executor #0] mapred.LocalJobRunner: 
2024-04-24T11:29:28,600  INFO [LocalJobRunner Map Task Executor #0] mapred.Task: Task attempt_local1523647596_0008_m_000000_0 is allowed to commit now
2024-04-24T11:29:28,602  INFO [LocalJobRunner Map Task Executor #0] output.FileOutputCommitter: File Output Committer Algorithm version is 2
2024-04-24T11:29:28,602  INFO [LocalJobRunner Map Task Executor #0] output.FileOutputCommitter: FileOutputCommitter skip cleanup _temporary folders under output directory:false, ignore cleanup failures: false
2024-04-24T11:29:28,604  INFO [LocalJobRunner Map Task Executor #0] io.RCFile: Column#0 : Plain Total Column Value Length: 9,  Compr Total Column Value Length: 9
2024-04-24T11:29:28,604  INFO [LocalJobRunner Map Task Executor #0] io.RCFile: Column#1 : Plain Total Column Value Length: 27,  Compr Total Column Value Length: 27
2024-04-24T11:29:28,604  INFO [LocalJobRunner Map Task Executor #0] io.RCFile: Column#0 : Plain Total Column Value Length: 9,  Compr Total Column Value Length: 9
2024-04-24T11:29:28,604  INFO [LocalJobRunner Map Task Executor #0] io.RCFile: Column#1 : Plain Total Column Value Length: 27,  Compr Total Column Value Length: 27
2024-04-24T11:29:28,604  INFO [LocalJobRunner Map Task Executor #0] io.RCFile: Column#0 : Plain Total Column Value Length: 9,  Compr Total Column Value Length: 9
2024-04-24T11:29:28,604  INFO [LocalJobRunner Map Task Executor #0] io.RCFile: Column#1 : Plain Total Column Value Length: 27,  Compr Total Column Value Length: 27
2024-04-24T11:29:28,604  INFO [LocalJobRunner Map Task Executor #0] io.RCFile: Column#0 : Plain Total Column Value Length: 3,  Compr Total Column Value Length: 3
2024-04-24T11:29:28,604  INFO [LocalJobRunner Map Task Executor #0] io.RCFile: Column#1 : Plain Total Column Value Length: 9,  Compr Total Column Value Length: 9
2024-04-24T11:29:28,604  INFO [LocalJobRunner Map Task Executor #0] io.RCFile: Column#0 : Plain Total Column Value Length: 6,  Compr Total Column Value Length: 6
2024-04-24T11:29:28,604  INFO [LocalJobRunner Map Task Executor #0] io.RCFile: Column#1 : Plain Total Column Value Length: 18,  Compr Total Column Value Length: 18
2024-04-24T11:29:28,604  INFO [JobControl] mapreduce.JobSubmitter: number of splits:1
2024-04-24T11:29:28,604  INFO [LocalJobRunner Map Task Executor #0] mapred.LocalJobRunner: 
2024-04-24T11:29:28,605  INFO [LocalJobRunner Map Task Executor #0] mapred.Task: Task:attempt_local1826241216_0007_m_000000_0 is done. And is in the process of committing
2024-04-24T11:29:28,605  INFO [LocalJobRunner Map Task Executor #0] output.FileOutputCommitter: Saved output of task 'attempt_local1523647596_0008_m_000000_0' to file:/home/alex/Repositories/hive/hcatalog/hcatalog-pig-adapter/build/test/data/org.apache.hive.hcatalog.mapreduce.HCatBaseTest-1713983215978/warehouse/junit_unparted_complex/_SCRATCH0,670008011593745
2024-04-24T11:29:28,607  INFO [LocalJobRunner Map Task Executor #0] mapred.LocalJobRunner: map
2024-04-24T11:29:28,607  INFO [LocalJobRunner Map Task Executor #0] mapred.Task: Task 'attempt_local1523647596_0008_m_000000_0' done.
2024-04-24T11:29:28,608  INFO [LocalJobRunner Map Task Executor #0] mapred.Task: Final Counters for attempt_local1523647596_0008_m_000000_0: Counters: 20
	File System Counters
		FILE: Number of bytes read=9045
		FILE: Number of bytes written=4939667
		FILE: Number of read operations=0
		FILE: Number of large read operations=0
		FILE: Number of write operations=0
	Map-Reduce Framework
		Map input records=2
		Map output records=2
		Input split bytes=488
		Spilled Records=0
		Failed Shuffles=0
		Merged Map outputs=0
		GC time elapsed (ms)=0
		Total committed heap usage (bytes)=1060110336
	MultiStoreCounters
		Output records in _0_junit_unparted_basic=9
		Output records in _1_junit_specific_size=9
		Output records in _2_junit_specific_db.junit_specific_size2=9
		Output records in _3_junit_parted_basic=3
		Output records in _4_junit_parted_basic=6
	File Input Format Counters 
		Bytes Read=0
	File Output Format Counters 
		Bytes Written=0
2024-04-24T11:29:28,608  INFO [LocalJobRunner Map Task Executor #0] mapred.LocalJobRunner: Finishing task: attempt_local1523647596_0008_m_000000_0
2024-04-24T11:29:28,608  INFO [Thread-765] mapred.LocalJobRunner: map task executor complete.
2024-04-24T11:29:28,609  INFO [LocalJobRunner Map Task Executor #0] output.FileOutputCommitter: File Output Committer Algorithm version is 2
2024-04-24T11:29:28,609  INFO [LocalJobRunner Map Task Executor #0] output.FileOutputCommitter: FileOutputCommitter skip cleanup _temporary folders under output directory:false, ignore cleanup failures: false
2024-04-24T11:29:28,618  INFO [LocalJobRunner Map Task Executor #0] mapred.LocalJobRunner: 
2024-04-24T11:29:28,618  INFO [LocalJobRunner Map Task Executor #0] mapred.Task: Task attempt_local1826241216_0007_m_000000_0 is allowed to commit now
2024-04-24T11:29:28,620  INFO [LocalJobRunner Map Task Executor #0] output.FileOutputCommitter: File Output Committer Algorithm version is 2
2024-04-24T11:29:28,620  INFO [LocalJobRunner Map Task Executor #0] output.FileOutputCommitter: FileOutputCommitter skip cleanup _temporary folders under output directory:false, ignore cleanup failures: false
2024-04-24T11:29:28,621  INFO [LocalJobRunner Map Task Executor #0] output.FileOutputCommitter: Saved output of task 'attempt_local1826241216_0007_m_000000_0' to file:/home/alex/Repositories/hive/hcatalog/hcatalog-pig-adapter/build/test/data/org.apache.hive.hcatalog.mapreduce.HCatBaseTest-1713983215978/warehouse/junit_unparted_basic/_SCRATCH0,6401234067216489
2024-04-24T11:29:28,623  INFO [LocalJobRunner Map Task Executor #0] output.FileOutputCommitter: File Output Committer Algorithm version is 2
2024-04-24T11:29:28,623  INFO [LocalJobRunner Map Task Executor #0] output.FileOutputCommitter: FileOutputCommitter skip cleanup _temporary folders under output directory:false, ignore cleanup failures: false
2024-04-24T11:29:28,624  INFO [JobControl] mapreduce.JobSubmitter: Submitting tokens for job: job_local1126742006_0009
2024-04-24T11:29:28,624  INFO [JobControl] mapreduce.JobSubmitter: Executing with tokens: []
2024-04-24T11:29:28,624  INFO [LocalJobRunner Map Task Executor #0] output.FileOutputCommitter: Saved output of task 'attempt_local1826241216_0007_m_000000_0' to file:/home/alex/Repositories/hive/hcatalog/hcatalog-pig-adapter/build/test/data/org.apache.hive.hcatalog.mapreduce.HCatBaseTest-1713983215978/warehouse/junit_specific_size/_SCRATCH0,763254917040132
2024-04-24T11:29:28,626  INFO [LocalJobRunner Map Task Executor #0] output.FileOutputCommitter: File Output Committer Algorithm version is 2
2024-04-24T11:29:28,626  INFO [LocalJobRunner Map Task Executor #0] output.FileOutputCommitter: FileOutputCommitter skip cleanup _temporary folders under output directory:false, ignore cleanup failures: false
2024-04-24T11:29:28,627  INFO [LocalJobRunner Map Task Executor #0] output.FileOutputCommitter: Saved output of task 'attempt_local1826241216_0007_m_000000_0' to file:/home/alex/Repositories/hive/hcatalog/hcatalog-pig-adapter/build/test/data/org.apache.hive.hcatalog.mapreduce.HCatBaseTest-1713983215978/warehouse/junit_specific_db.db/junit_specific_size2/_SCRATCH0,05664285015051396
2024-04-24T11:29:28,628  INFO [LocalJobRunner Map Task Executor #0] output.FileOutputCommitter: File Output Committer Algorithm version is 2
2024-04-24T11:29:28,628  INFO [LocalJobRunner Map Task Executor #0] output.FileOutputCommitter: FileOutputCommitter skip cleanup _temporary folders under output directory:false, ignore cleanup failures: false
2024-04-24T11:29:28,630  INFO [LocalJobRunner Map Task Executor #0] output.FileOutputCommitter: Saved output of task 'attempt_local1826241216_0007_m_000000_0' to file:/home/alex/Repositories/hive/hcatalog/hcatalog-pig-adapter/build/test/data/org.apache.hive.hcatalog.mapreduce.HCatBaseTest-1713983215978/warehouse/junit_parted_basic/_SCRATCH0,43036497077853675/bkt=0
2024-04-24T11:29:28,631  INFO [LocalJobRunner Map Task Executor #0] output.FileOutputCommitter: File Output Committer Algorithm version is 2
2024-04-24T11:29:28,631  INFO [LocalJobRunner Map Task Executor #0] output.FileOutputCommitter: FileOutputCommitter skip cleanup _temporary folders under output directory:false, ignore cleanup failures: false
2024-04-24T11:29:28,633  INFO [LocalJobRunner Map Task Executor #0] output.FileOutputCommitter: Saved output of task 'attempt_local1826241216_0007_m_000000_0' to file:/home/alex/Repositories/hive/hcatalog/hcatalog-pig-adapter/build/test/data/org.apache.hive.hcatalog.mapreduce.HCatBaseTest-1713983215978/warehouse/junit_parted_basic/_SCRATCH0,7700903130868213/bkt=1
2024-04-24T11:29:28,633  INFO [LocalJobRunner Map Task Executor #0] mapred.LocalJobRunner: map
2024-04-24T11:29:28,633  INFO [LocalJobRunner Map Task Executor #0] mapred.Task: Task 'attempt_local1826241216_0007_m_000000_0' done.
2024-04-24T11:29:28,634  INFO [LocalJobRunner Map Task Executor #0] mapred.Task: Final Counters for attempt_local1826241216_0007_m_000000_0: Counters: 19
	File System Counters
		FILE: Number of bytes read=9045
		FILE: Number of bytes written=5136978
		FILE: Number of read operations=0
		FILE: Number of large read operations=0
		FILE: Number of write operations=0
	Map-Reduce Framework
		Map input records=9
		Map output records=0
		Input split bytes=486
		Spilled Records=0
		Failed Shuffles=0
		Merged Map outputs=0
		GC time elapsed (ms)=0
		Total committed heap usage (bytes)=1060110336
	MultiStoreCounters
		Output records in _0_junit_unparted_basic=0
		Output records in _1_junit_specific_size=0
		Output records in _2_junit_specific_db.junit_specific_size2=0
		Output records in _3_junit_parted_basic=0
	File Input Format Counters 
		Bytes Read=0
	File Output Format Counters 
		Bytes Written=0
2024-04-24T11:29:28,634  INFO [LocalJobRunner Map Task Executor #0] mapred.LocalJobRunner: Finishing task: attempt_local1826241216_0007_m_000000_0
2024-04-24T11:29:28,634  INFO [Thread-726] mapred.LocalJobRunner: map task executor complete.
2024-04-24T11:29:28,658  WARN [Thread-765] conf.HiveConf: HiveConf of name hive.llap.io.cache.orc.arena.size does not exist
2024-04-24T11:29:28,658  WARN [Thread-765] conf.HiveConf: HiveConf of name hive.stats.key.prefix.reserve.length does not exist
2024-04-24T11:29:28,658  WARN [Thread-765] conf.HiveConf: HiveConf of name hive.dummyparam.test.server.specific.config.hivesite does not exist
2024-04-24T11:29:28,658  WARN [Thread-765] conf.HiveConf: HiveConf of name hive.llap.io.cache.orc.alloc.min does not exist
2024-04-24T11:29:28,658  WARN [Thread-765] conf.HiveConf: HiveConf of name hive.metastore.client.cache.recordStats does not exist
2024-04-24T11:29:28,658  WARN [Thread-765] conf.HiveConf: HiveConf of name hive.metastore.metadb.dir does not exist
2024-04-24T11:29:28,658  WARN [Thread-765] conf.HiveConf: HiveConf of name hive.llap.io.cache.orc.size does not exist
2024-04-24T11:29:28,658  WARN [Thread-765] conf.HiveConf: HiveConf of name hive.dummyparam.test.server.specific.config.metastoresite does not exist
2024-04-24T11:29:28,658  WARN [Thread-765] conf.HiveConf: HiveConf of name hive.llap.io.cache.orc.alloc.max does not exist
2024-04-24T11:29:28,658  WARN [Thread-765] conf.HiveConf: HiveConf of name hive.dummyparam.test.server.specific.config.override does not exist
2024-04-24T11:29:28,658  WARN [Thread-765] conf.HiveConf: HiveConf of name hive.metastore.client.cache.maxSize does not exist
2024-04-24T11:29:28,659  INFO [Thread-765] common.HCatUtil: mapreduce.lib.hcatoutput.hive.conf is set. Applying configuration differences.
2024-04-24T11:29:28,660  INFO [Thread-765] metastore.HiveMetaStoreClient: HMS client filtering is enabled.
2024-04-24T11:29:28,661  INFO [Thread-765] metastore.HMSHandler: 14: Opening raw store with implementation class:org.apache.hadoop.hive.metastore.ObjectStore
2024-04-24T11:29:28,661  INFO [Thread-765] metastore.PersistenceManagerProvider: Configuration datanucleus.autoStartMechanismMode is not set. Defaulting to 'ignored'
2024-04-24T11:29:28,661  INFO [Thread-765] metastore.ObjectStore: RawStore: org.apache.hadoop.hive.metastore.ObjectStore@525689d2, with PersistenceManager: null will be shutdown
2024-04-24T11:29:28,661  INFO [Thread-765] metastore.ObjectStore: RawStore: org.apache.hadoop.hive.metastore.ObjectStore@525689d2, with PersistenceManager: org.datanucleus.api.jdo.JDOPersistenceManager@3d1435d3 created in the thread with id: 822
2024-04-24T11:29:28,662  INFO [Thread-765] metastore.HMSHandler: Created RawStore: org.apache.hadoop.hive.metastore.ObjectStore@525689d2 from thread id: 822
2024-04-24T11:29:28,662  INFO [Thread-765] metastore.HMSHandler: HMS server filtering is disabled by configuration
2024-04-24T11:29:28,663  INFO [Thread-765] metastore.RetryingMetaStoreClient: RetryingMetaStoreClient proxy=class org.apache.hive.hcatalog.common.HiveClientCache$CacheableHiveMetaStoreClient ugi=alex (auth:SIMPLE) retries=1 delay=1 lifetime=0
2024-04-24T11:29:28,663  INFO [Thread-765] HiveMetaStore.audit: ugi=alex	ip=unknown-ip-addr	cmd=get_databases: @hive#NonExistentDatabaseUsedForHealthCheck	
2024-04-24T11:29:28,665  INFO [Thread-765] HiveMetaStore.audit: ugi=alex	ip=unknown-ip-addr	cmd=alter_table: hive.default.junit_unparted_complex newtbl=junit_unparted_complex	
2024-04-24T11:29:28,678  INFO [Thread-765] utils.MetaStoreServerUtils: Updating table stats for junit_unparted_complex
2024-04-24T11:29:28,678  INFO [Thread-765] utils.MetaStoreServerUtils: Updated size of table junit_unparted_complex to 397
2024-04-24T11:29:28,686  INFO [Thread-765] mapreduce.FileOutputCommitterContainer: Cancelling delegation token for the job.
2024-04-24T11:29:28,693  INFO [JobControl] mapreduce.Job: The url to track the job: http://localhost:8080/
2024-04-24T11:29:28,693  INFO [Thread-815] mapred.LocalJobRunner: OutputCommitter set in config null
2024-04-24T11:29:28,696  WARN [Thread-726] conf.HiveConf: HiveConf of name hive.dummyparam.test.server.specific.config.metastoresite does not exist
2024-04-24T11:29:28,696  WARN [Thread-726] conf.HiveConf: HiveConf of name hive.stats.key.prefix.reserve.length does not exist
2024-04-24T11:29:28,696  WARN [Thread-726] conf.HiveConf: HiveConf of name hive.llap.io.cache.orc.arena.size does not exist
2024-04-24T11:29:28,696  WARN [Thread-726] conf.HiveConf: HiveConf of name hive.dummyparam.test.server.specific.config.hivesite does not exist
2024-04-24T11:29:28,696  WARN [Thread-726] conf.HiveConf: HiveConf of name hive.metastore.metadb.dir does not exist
2024-04-24T11:29:28,696  WARN [Thread-726] conf.HiveConf: HiveConf of name hive.metastore.client.cache.recordStats does not exist
2024-04-24T11:29:28,696  WARN [Thread-726] conf.HiveConf: HiveConf of name hive.metastore.client.cache.maxSize does not exist
2024-04-24T11:29:28,696  WARN [Thread-726] conf.HiveConf: HiveConf of name hive.llap.io.cache.orc.alloc.max does not exist
2024-04-24T11:29:28,696  WARN [Thread-726] conf.HiveConf: HiveConf of name hive.llap.io.cache.orc.size does not exist
2024-04-24T11:29:28,696  WARN [Thread-726] conf.HiveConf: HiveConf of name hive.dummyparam.test.server.specific.config.override does not exist
2024-04-24T11:29:28,696  WARN [Thread-726] conf.HiveConf: HiveConf of name hive.llap.io.cache.orc.alloc.min does not exist
2024-04-24T11:29:28,696  INFO [Thread-726] common.HCatUtil: mapreduce.lib.hcatoutput.hive.conf is set. Applying configuration differences.
2024-04-24T11:29:28,697  INFO [Thread-726] metastore.HiveMetaStoreClient: HMS client filtering is enabled.
2024-04-24T11:29:28,698  INFO [Thread-726] metastore.HMSHandler: 15: Opening raw store with implementation class:org.apache.hadoop.hive.metastore.ObjectStore
2024-04-24T11:29:28,698  INFO [Thread-726] metastore.PersistenceManagerProvider: Configuration datanucleus.autoStartMechanismMode is not set. Defaulting to 'ignored'
2024-04-24T11:29:28,698  INFO [Thread-726] metastore.ObjectStore: RawStore: org.apache.hadoop.hive.metastore.ObjectStore@29a7e3e1, with PersistenceManager: null will be shutdown
2024-04-24T11:29:28,698  INFO [Thread-726] metastore.ObjectStore: RawStore: org.apache.hadoop.hive.metastore.ObjectStore@29a7e3e1, with PersistenceManager: org.datanucleus.api.jdo.JDOPersistenceManager@463d2872 created in the thread with id: 782
2024-04-24T11:29:28,699  INFO [Thread-726] metastore.HMSHandler: Created RawStore: org.apache.hadoop.hive.metastore.ObjectStore@29a7e3e1 from thread id: 782
2024-04-24T11:29:28,699  INFO [Thread-726] metastore.HMSHandler: HMS server filtering is disabled by configuration
2024-04-24T11:29:28,699  INFO [Thread-815] mapred.LocalJobRunner: OutputCommitter is org.apache.pig.backend.hadoop.executionengine.mapReduceLayer.PigOutputCommitter
2024-04-24T11:29:28,699  INFO [Thread-726] metastore.RetryingMetaStoreClient: RetryingMetaStoreClient proxy=class org.apache.hive.hcatalog.common.HiveClientCache$CacheableHiveMetaStoreClient ugi=alex (auth:SIMPLE) retries=1 delay=1 lifetime=0
2024-04-24T11:29:28,700  INFO [main] mapReduceLayer.MapReduceLauncher: HadoopJobId: job_local1826241216_0007
2024-04-24T11:29:28,700  INFO [main] mapReduceLayer.MapReduceLauncher: Processing aliases A,B,B2,C,C2
2024-04-24T11:29:28,700  INFO [main] mapReduceLayer.MapReduceLauncher: detailed locations: M: A[1,4],A[-1,-1],B2[6,5],B[5,4],C2[9,5],C[8,4] C:  R: 
2024-04-24T11:29:28,700  INFO [Thread-726] HiveMetaStore.audit: ugi=alex	ip=unknown-ip-addr	cmd=get_databases: @hive#NonExistentDatabaseUsedForHealthCheck	
2024-04-24T11:29:28,701  INFO [main] mapReduceLayer.MapReduceLauncher: HadoopJobId: job_local1523647596_0008
2024-04-24T11:29:28,701  INFO [main] mapReduceLayer.MapReduceLauncher: Processing aliases D
2024-04-24T11:29:28,701  INFO [main] mapReduceLayer.MapReduceLauncher: detailed locations: M: D[11,4],D[-1,-1] C:  R: 
2024-04-24T11:29:28,702  INFO [main] mapReduceLayer.MapReduceLauncher: HadoopJobId: job_local1126742006_0009
2024-04-24T11:29:28,702  INFO [main] mapReduceLayer.MapReduceLauncher: Processing aliases E,F
2024-04-24T11:29:28,702  INFO [main] mapReduceLayer.MapReduceLauncher: detailed locations: M: E[13,4],F[-1,-1] C:  R: 
2024-04-24T11:29:28,702  INFO [Thread-815] mapred.LocalJobRunner: Waiting for map tasks
2024-04-24T11:29:28,702  INFO [LocalJobRunner Map Task Executor #0] mapred.LocalJobRunner: Starting task: attempt_local1126742006_0009_m_000000_0
2024-04-24T11:29:28,704  INFO [main] mapReduceLayer.MapReduceLauncher: 33% complete
2024-04-24T11:29:28,704  INFO [main] mapReduceLayer.MapReduceLauncher: Running jobs are [job_local1826241216_0007,job_local1523647596_0008,job_local1126742006_0009]
2024-04-24T11:29:28,704  INFO [Thread-726] HiveMetaStore.audit: ugi=alex	ip=unknown-ip-addr	cmd=alter_table: hive.default.junit_unparted_basic newtbl=junit_unparted_basic	
2024-04-24T11:29:28,715  INFO [LocalJobRunner Map Task Executor #0] mapred.Task:  Using ResourceCalculatorProcessTree : [ ]
2024-04-24T11:29:28,716  INFO [LocalJobRunner Map Task Executor #0] mapred.MapTask: Processing split: Number of splits :1
Total Length = 65
Input split[0]:
   Length = 65
   ClassName: org.apache.hadoop.mapreduce.lib.input.FileSplit
   Locations:

-----------------------

2024-04-24T11:29:28,718  INFO [Thread-726] utils.MetaStoreServerUtils: Updating table stats for junit_unparted_basic
2024-04-24T11:29:28,718  INFO [LocalJobRunner Map Task Executor #0] builtin.PigStorage: Using PigTextInputFormat
2024-04-24T11:29:28,718  INFO [Thread-726] utils.MetaStoreServerUtils: Updated size of table junit_unparted_basic to 115
2024-04-24T11:29:28,718  INFO [LocalJobRunner Map Task Executor #0] mapReduceLayer.PigRecordReader: Current split being processed file:/home/alex/Repositories/hive/hcatalog/hcatalog-pig-adapter/build/test/data/org.apache.hive.hcatalog.mapreduce.HCatBaseTest-1713983215978/datetimestamp.input.data:0+65
2024-04-24T11:29:28,725  INFO [Thread-726] mapreduce.FileOutputCommitterContainer: Cancelling delegation token for the job.
2024-04-24T11:29:28,726  INFO [LocalJobRunner Map Task Executor #0] util.SpillableMemoryManager: Selected heap (PS Old Gen) of size 1431830528 to monitor. collectionUsageThreshold = 1064828928, usageThreshold = 1064828928
2024-04-24T11:29:28,726  WARN [LocalJobRunner Map Task Executor #0] data.SchemaTupleBackend: SchemaTupleBackend has already been initialized
2024-04-24T11:29:28,727  INFO [LocalJobRunner Map Task Executor #0] mapReduceLayer.PigMapOnly$Map: Aliases being processed per job phase (AliasName[line,offset]): M: E[13,4],F[-1,-1] C:  R: 
2024-04-24T11:29:28,733  INFO [LocalJobRunner Map Task Executor #0] output.FileOutputCommitter: File Output Committer Algorithm version is 2
2024-04-24T11:29:28,733  INFO [LocalJobRunner Map Task Executor #0] output.FileOutputCommitter: FileOutputCommitter skip cleanup _temporary folders under output directory:false, ignore cleanup failures: false
2024-04-24T11:29:28,734  WARN [Thread-765] conf.HiveConf: HiveConf of name hive.llap.io.cache.orc.alloc.min does not exist
2024-04-24T11:29:28,734  WARN [Thread-765] conf.HiveConf: HiveConf of name hive.metastore.client.cache.recordStats does not exist
2024-04-24T11:29:28,734  WARN [Thread-765] conf.HiveConf: HiveConf of name hive.llap.io.cache.orc.size does not exist
2024-04-24T11:29:28,734  WARN [Thread-765] conf.HiveConf: HiveConf of name hive.llap.io.cache.orc.arena.size does not exist
2024-04-24T11:29:28,734  WARN [Thread-765] conf.HiveConf: HiveConf of name hive.metastore.client.cache.maxSize does not exist
2024-04-24T11:29:28,734  WARN [Thread-765] conf.HiveConf: HiveConf of name hive.dummyparam.test.server.specific.config.hivesite does not exist
2024-04-24T11:29:28,734  WARN [Thread-765] conf.HiveConf: HiveConf of name hive.llap.io.cache.orc.alloc.max does not exist
2024-04-24T11:29:28,734  WARN [Thread-765] conf.HiveConf: HiveConf of name hive.stats.key.prefix.reserve.length does not exist
2024-04-24T11:29:28,734  WARN [Thread-765] conf.HiveConf: HiveConf of name hive.dummyparam.test.server.specific.config.override does not exist
2024-04-24T11:29:28,734  WARN [Thread-765] conf.HiveConf: HiveConf of name hive.metastore.metadb.dir does not exist
2024-04-24T11:29:28,734  WARN [Thread-765] conf.HiveConf: HiveConf of name hive.dummyparam.test.server.specific.config.metastoresite does not exist
2024-04-24T11:29:28,735  INFO [Thread-765] common.HCatUtil: mapreduce.lib.hcatoutput.hive.conf is set. Applying configuration differences.
2024-04-24T11:29:28,735  INFO [Thread-765] HiveMetaStore.audit: ugi=alex	ip=unknown-ip-addr	cmd=get_databases: @hive#NonExistentDatabaseUsedForHealthCheck	
2024-04-24T11:29:28,736  INFO [Thread-765] mapreduce.FileOutputCommitterContainer: FileOutputCommitterContainer::cancelDelegationTokens(): Could not find tokenStrForm, or HCAT_KEY_TOKEN_SIGNATURE. Skipping token cancellation.
2024-04-24T11:29:28,743  INFO [LocalJobRunner Map Task Executor #0] output.FileOutputCommitter: File Output Committer Algorithm version is 2
2024-04-24T11:29:28,743  INFO [LocalJobRunner Map Task Executor #0] output.FileOutputCommitter: FileOutputCommitter skip cleanup _temporary folders under output directory:false, ignore cleanup failures: false
2024-04-24T11:29:28,755  INFO [LocalJobRunner Map Task Executor #0] output.FileOutputCommitter: File Output Committer Algorithm version is 2
2024-04-24T11:29:28,756  INFO [LocalJobRunner Map Task Executor #0] output.FileOutputCommitter: FileOutputCommitter skip cleanup _temporary folders under output directory:false, ignore cleanup failures: false
2024-04-24T11:29:28,763  INFO [LocalJobRunner Map Task Executor #0] output.FileOutputCommitter: File Output Committer Algorithm version is 2
2024-04-24T11:29:28,763  INFO [LocalJobRunner Map Task Executor #0] output.FileOutputCommitter: FileOutputCommitter skip cleanup _temporary folders under output directory:false, ignore cleanup failures: false
2024-04-24T11:29:28,767  WARN [Thread-726] conf.HiveConf: HiveConf of name hive.metastore.client.cache.maxSize does not exist
2024-04-24T11:29:28,767  WARN [Thread-726] conf.HiveConf: HiveConf of name hive.llap.io.cache.orc.alloc.max does not exist
2024-04-24T11:29:28,767  WARN [Thread-726] conf.HiveConf: HiveConf of name hive.llap.io.cache.orc.arena.size does not exist
2024-04-24T11:29:28,767  WARN [Thread-726] conf.HiveConf: HiveConf of name hive.stats.key.prefix.reserve.length does not exist
2024-04-24T11:29:28,767  WARN [Thread-726] conf.HiveConf: HiveConf of name hive.llap.io.cache.orc.size does not exist
2024-04-24T11:29:28,767  WARN [Thread-726] conf.HiveConf: HiveConf of name hive.dummyparam.test.server.specific.config.metastoresite does not exist
2024-04-24T11:29:28,767  WARN [Thread-726] conf.HiveConf: HiveConf of name hive.dummyparam.test.server.specific.config.override does not exist
2024-04-24T11:29:28,767  WARN [Thread-726] conf.HiveConf: HiveConf of name hive.llap.io.cache.orc.alloc.min does not exist
2024-04-24T11:29:28,767  WARN [Thread-726] conf.HiveConf: HiveConf of name hive.dummyparam.test.server.specific.config.hivesite does not exist
2024-04-24T11:29:28,767  WARN [Thread-726] conf.HiveConf: HiveConf of name hive.metastore.metadb.dir does not exist
2024-04-24T11:29:28,767  WARN [Thread-726] conf.HiveConf: HiveConf of name hive.metastore.client.cache.recordStats does not exist
2024-04-24T11:29:28,768  INFO [Thread-726] common.HCatUtil: mapreduce.lib.hcatoutput.hive.conf is set. Applying configuration differences.
2024-04-24T11:29:28,768  INFO [Thread-726] HiveMetaStore.audit: ugi=alex	ip=unknown-ip-addr	cmd=get_databases: @hive#NonExistentDatabaseUsedForHealthCheck	
2024-04-24T11:29:28,770  INFO [Thread-726] mapreduce.FileOutputCommitterContainer: FileOutputCommitterContainer::cancelDelegationTokens(): Could not find tokenStrForm, or HCAT_KEY_TOKEN_SIGNATURE. Skipping token cancellation.
2024-04-24T11:29:28,773  INFO [LocalJobRunner Map Task Executor #0] mapred.LocalJobRunner: 
2024-04-24T11:29:28,774  INFO [LocalJobRunner Map Task Executor #0] io.RCFile: Column#0 : Plain Total Column Value Length: 12,  Compr Total Column Value Length: 12
2024-04-24T11:29:28,774  INFO [LocalJobRunner Map Task Executor #0] io.RCFile: Column#0 : Plain Total Column Value Length: 11,  Compr Total Column Value Length: 11
2024-04-24T11:29:28,774  INFO [LocalJobRunner Map Task Executor #0] mapreduce.TaskCommitContextRegistry: Registering committer for TaskAttemptID:attempt_local1126742006_0009_m_000000_0@file:/home/alex/Repositories/hive/hcatalog/hcatalog-pig-adapter/build/test/data/org.apache.hive.hcatalog.mapreduce.HCatBaseTest-1713983215978/warehouse/junit_parted_date/_DYN0.3445370577291368/dt=__HIVE_DEFAULT_PARTITION__
2024-04-24T11:29:28,774  INFO [LocalJobRunner Map Task Executor #0] mapred.Task: Task:attempt_local1126742006_0009_m_000000_0 is done. And is in the process of committing
2024-04-24T11:29:28,776  INFO [LocalJobRunner Map Task Executor #0] mapred.LocalJobRunner: 
2024-04-24T11:29:28,776  INFO [LocalJobRunner Map Task Executor #0] mapred.Task: Task attempt_local1126742006_0009_m_000000_0 is allowed to commit now
2024-04-24T11:29:28,777  INFO [LocalJobRunner Map Task Executor #0] mapreduce.TaskCommitContextRegistry: Committing TaskAttempt:attempt_local1126742006_0009_m_000000_0@file:/home/alex/Repositories/hive/hcatalog/hcatalog-pig-adapter/build/test/data/org.apache.hive.hcatalog.mapreduce.HCatBaseTest-1713983215978/warehouse/junit_parted_date/_DYN0.3445370577291368/dt=__HIVE_DEFAULT_PARTITION__
2024-04-24T11:29:28,777  INFO [LocalJobRunner Map Task Executor #0] mapreduce.DynamicPartitionFileRecordWriterContainer: Committing task-attempt for file:/home/alex/Repositories/hive/hcatalog/hcatalog-pig-adapter/build/test/data/org.apache.hive.hcatalog.mapreduce.HCatBaseTest-1713983215978/warehouse/junit_parted_date/_DYN0.3445370577291368/dt=2016-07-15 18%3A54%3A55
2024-04-24T11:29:28,778  INFO [LocalJobRunner Map Task Executor #0] output.FileOutputCommitter: Saved output of task 'attempt_local1126742006_0009_m_000000_0' to file:/home/alex/Repositories/hive/hcatalog/hcatalog-pig-adapter/build/test/data/org.apache.hive.hcatalog.mapreduce.HCatBaseTest-1713983215978/warehouse/junit_parted_date/_DYN0.3445370577291368/dt=2016-07-15 18%3A54%3A55
2024-04-24T11:29:28,778  INFO [LocalJobRunner Map Task Executor #0] mapreduce.DynamicPartitionFileRecordWriterContainer: Committing task-attempt for file:/home/alex/Repositories/hive/hcatalog/hcatalog-pig-adapter/build/test/data/org.apache.hive.hcatalog.mapreduce.HCatBaseTest-1713983215978/warehouse/junit_parted_date/_DYN0.3445370577291368/dt=2016-07-14 15%3A10%3A15
2024-04-24T11:29:28,779  INFO [LocalJobRunner Map Task Executor #0] output.FileOutputCommitter: Saved output of task 'attempt_local1126742006_0009_m_000000_0' to file:/home/alex/Repositories/hive/hcatalog/hcatalog-pig-adapter/build/test/data/org.apache.hive.hcatalog.mapreduce.HCatBaseTest-1713983215978/warehouse/junit_parted_date/_DYN0.3445370577291368/dt=2016-07-14 15%3A10%3A15
2024-04-24T11:29:28,779  INFO [LocalJobRunner Map Task Executor #0] mapreduce.TaskCommitContextRegistry: Discarding all cleanup for TaskAttemptID:attempt_local1126742006_0009_m_000000_0@file:/home/alex/Repositories/hive/hcatalog/hcatalog-pig-adapter/build/test/data/org.apache.hive.hcatalog.mapreduce.HCatBaseTest-1713983215978/warehouse/junit_parted_date/_DYN0.3445370577291368/dt=__HIVE_DEFAULT_PARTITION__
2024-04-24T11:29:28,780  INFO [LocalJobRunner Map Task Executor #0] mapred.LocalJobRunner: map
2024-04-24T11:29:28,780  INFO [LocalJobRunner Map Task Executor #0] mapred.Task: Task 'attempt_local1126742006_0009_m_000000_0' done.
2024-04-24T11:29:28,780  INFO [LocalJobRunner Map Task Executor #0] mapred.Task: Final Counters for attempt_local1126742006_0009_m_000000_0: Counters: 15
	File System Counters
		FILE: Number of bytes read=9658
		FILE: Number of bytes written=5550113
		FILE: Number of read operations=0
		FILE: Number of large read operations=0
		FILE: Number of write operations=0
	Map-Reduce Framework
		Map input records=2
		Map output records=2
		Input split bytes=494
		Spilled Records=0
		Failed Shuffles=0
		Merged Map outputs=0
		GC time elapsed (ms)=0
		Total committed heap usage (bytes)=1060110336
	File Input Format Counters 
		Bytes Read=0
	File Output Format Counters 
		Bytes Written=0
2024-04-24T11:29:28,780  INFO [LocalJobRunner Map Task Executor #0] mapred.LocalJobRunner: Finishing task: attempt_local1126742006_0009_m_000000_0
2024-04-24T11:29:28,781  INFO [Thread-815] mapred.LocalJobRunner: map task executor complete.
2024-04-24T11:29:28,787  INFO [Thread-815] output.FileOutputCommitter: File Output Committer Algorithm version is 2
2024-04-24T11:29:28,787  INFO [Thread-815] output.FileOutputCommitter: FileOutputCommitter skip cleanup _temporary folders under output directory:false, ignore cleanup failures: false
2024-04-24T11:29:28,793  INFO [Thread-815] output.FileOutputCommitter: File Output Committer Algorithm version is 2
2024-04-24T11:29:28,793  INFO [Thread-815] output.FileOutputCommitter: FileOutputCommitter skip cleanup _temporary folders under output directory:false, ignore cleanup failures: false
2024-04-24T11:29:28,816  WARN [Thread-726] conf.HiveConf: HiveConf of name hive.metastore.client.cache.maxSize does not exist
2024-04-24T11:29:28,816  WARN [Thread-726] conf.HiveConf: HiveConf of name hive.metastore.metadb.dir does not exist
2024-04-24T11:29:28,816  WARN [Thread-726] conf.HiveConf: HiveConf of name hive.llap.io.cache.orc.alloc.min does not exist
2024-04-24T11:29:28,816  WARN [Thread-726] conf.HiveConf: HiveConf of name hive.dummyparam.test.server.specific.config.override does not exist
2024-04-24T11:29:28,816  WARN [Thread-726] conf.HiveConf: HiveConf of name hive.llap.io.cache.orc.size does not exist
2024-04-24T11:29:28,817  WARN [Thread-726] conf.HiveConf: HiveConf of name hive.dummyparam.test.server.specific.config.hivesite does not exist
2024-04-24T11:29:28,817  WARN [Thread-726] conf.HiveConf: HiveConf of name hive.dummyparam.test.server.specific.config.metastoresite does not exist
2024-04-24T11:29:28,817  WARN [Thread-726] conf.HiveConf: HiveConf of name hive.llap.io.cache.orc.alloc.max does not exist
2024-04-24T11:29:28,817  WARN [Thread-726] conf.HiveConf: HiveConf of name hive.stats.key.prefix.reserve.length does not exist
2024-04-24T11:29:28,817  WARN [Thread-726] conf.HiveConf: HiveConf of name hive.llap.io.cache.orc.arena.size does not exist
2024-04-24T11:29:28,817  WARN [Thread-726] conf.HiveConf: HiveConf of name hive.metastore.client.cache.recordStats does not exist
2024-04-24T11:29:28,817  INFO [Thread-726] common.HCatUtil: mapreduce.lib.hcatoutput.hive.conf is set. Applying configuration differences.
2024-04-24T11:29:28,817  INFO [Thread-726] HiveMetaStore.audit: ugi=alex	ip=unknown-ip-addr	cmd=get_databases: @hive#NonExistentDatabaseUsedForHealthCheck	
2024-04-24T11:29:28,820  INFO [Thread-726] HiveMetaStore.audit: ugi=alex	ip=unknown-ip-addr	cmd=alter_table: hive.default.junit_specific_size newtbl=junit_specific_size	
2024-04-24T11:29:28,833  INFO [Thread-726] utils.MetaStoreServerUtils: Updating table stats for junit_specific_size
2024-04-24T11:29:28,833  INFO [Thread-726] utils.MetaStoreServerUtils: Updated size of table junit_specific_size to 115
2024-04-24T11:29:28,835  WARN [Thread-815] conf.HiveConf: HiveConf of name hive.llap.io.cache.orc.alloc.min does not exist
2024-04-24T11:29:28,835  WARN [Thread-815] conf.HiveConf: HiveConf of name hive.metastore.client.cache.recordStats does not exist
2024-04-24T11:29:28,835  WARN [Thread-815] conf.HiveConf: HiveConf of name hive.stats.key.prefix.reserve.length does not exist
2024-04-24T11:29:28,835  WARN [Thread-815] conf.HiveConf: HiveConf of name hive.metastore.metadb.dir does not exist
2024-04-24T11:29:28,835  WARN [Thread-815] conf.HiveConf: HiveConf of name hive.metastore.client.cache.maxSize does not exist
2024-04-24T11:29:28,835  WARN [Thread-815] conf.HiveConf: HiveConf of name hive.llap.io.cache.orc.size does not exist
2024-04-24T11:29:28,835  WARN [Thread-815] conf.HiveConf: HiveConf of name hive.dummyparam.test.server.specific.config.hivesite does not exist
2024-04-24T11:29:28,836  WARN [Thread-815] conf.HiveConf: HiveConf of name hive.dummyparam.test.server.specific.config.override does not exist
2024-04-24T11:29:28,836  WARN [Thread-815] conf.HiveConf: HiveConf of name hive.llap.io.cache.orc.alloc.max does not exist
2024-04-24T11:29:28,836  WARN [Thread-815] conf.HiveConf: HiveConf of name hive.llap.io.cache.orc.arena.size does not exist
2024-04-24T11:29:28,836  WARN [Thread-815] conf.HiveConf: HiveConf of name hive.dummyparam.test.server.specific.config.metastoresite does not exist
2024-04-24T11:29:28,836  INFO [Thread-815] common.HCatUtil: mapreduce.lib.hcatoutput.hive.conf is set. Applying configuration differences.
2024-04-24T11:29:28,837  INFO [Thread-815] metastore.HiveMetaStoreClient: HMS client filtering is enabled.
2024-04-24T11:29:28,838  INFO [Thread-815] metastore.HMSHandler: 16: Opening raw store with implementation class:org.apache.hadoop.hive.metastore.ObjectStore
2024-04-24T11:29:28,838  INFO [Thread-815] metastore.PersistenceManagerProvider: Configuration datanucleus.autoStartMechanismMode is not set. Defaulting to 'ignored'
2024-04-24T11:29:28,838  INFO [Thread-815] metastore.ObjectStore: RawStore: org.apache.hadoop.hive.metastore.ObjectStore@4da60492, with PersistenceManager: null will be shutdown
2024-04-24T11:29:28,838  INFO [Thread-815] metastore.ObjectStore: RawStore: org.apache.hadoop.hive.metastore.ObjectStore@4da60492, with PersistenceManager: org.datanucleus.api.jdo.JDOPersistenceManager@1b8452d5 created in the thread with id: 876
2024-04-24T11:29:28,840  INFO [Thread-815] metastore.HMSHandler: Created RawStore: org.apache.hadoop.hive.metastore.ObjectStore@4da60492 from thread id: 876
2024-04-24T11:29:28,840  INFO [Thread-815] metastore.HMSHandler: HMS server filtering is disabled by configuration
2024-04-24T11:29:28,840  INFO [Thread-815] metastore.RetryingMetaStoreClient: RetryingMetaStoreClient proxy=class org.apache.hive.hcatalog.common.HiveClientCache$CacheableHiveMetaStoreClient ugi=alex (auth:SIMPLE) retries=1 delay=1 lifetime=0
2024-04-24T11:29:28,840  INFO [Thread-815] HiveMetaStore.audit: ugi=alex	ip=unknown-ip-addr	cmd=get_databases: @hive#NonExistentDatabaseUsedForHealthCheck	
2024-04-24T11:29:28,841  INFO [Thread-726] mapreduce.FileOutputCommitterContainer: Cancelling delegation token for the job.
2024-04-24T11:29:28,874  WARN [Thread-815] conf.HiveConf: HiveConf of name hive.stats.key.prefix.reserve.length does not exist
2024-04-24T11:29:28,874  WARN [Thread-815] conf.HiveConf: HiveConf of name hive.llap.io.cache.orc.size does not exist
2024-04-24T11:29:28,874  WARN [Thread-815] conf.HiveConf: HiveConf of name hive.metastore.client.cache.recordStats does not exist
2024-04-24T11:29:28,874  WARN [Thread-815] conf.HiveConf: HiveConf of name hive.dummyparam.test.server.specific.config.hivesite does not exist
2024-04-24T11:29:28,874  WARN [Thread-815] conf.HiveConf: HiveConf of name hive.dummyparam.test.server.specific.config.metastoresite does not exist
2024-04-24T11:29:28,874  WARN [Thread-815] conf.HiveConf: HiveConf of name hive.metastore.metadb.dir does not exist
2024-04-24T11:29:28,874  WARN [Thread-815] conf.HiveConf: HiveConf of name hive.metastore.client.cache.maxSize does not exist
2024-04-24T11:29:28,874  WARN [Thread-815] conf.HiveConf: HiveConf of name hive.llap.io.cache.orc.alloc.min does not exist
2024-04-24T11:29:28,874  WARN [Thread-815] conf.HiveConf: HiveConf of name hive.dummyparam.test.server.specific.config.override does not exist
2024-04-24T11:29:28,874  WARN [Thread-815] conf.HiveConf: HiveConf of name hive.llap.io.cache.orc.arena.size does not exist
2024-04-24T11:29:28,874  WARN [Thread-815] conf.HiveConf: HiveConf of name hive.llap.io.cache.orc.alloc.max does not exist
2024-04-24T11:29:28,875  INFO [Thread-815] mapreduce.FileOutputCommitterContainer: HAR not is not being used. The table junit_parted_date has new partitions [{dt=2016-07-14 15:10:15}, {dt=2016-07-15 18:54:55}].
2024-04-24T11:29:28,876  WARN [Thread-726] conf.HiveConf: HiveConf of name hive.stats.key.prefix.reserve.length does not exist
2024-04-24T11:29:28,876  WARN [Thread-726] conf.HiveConf: HiveConf of name hive.llap.io.cache.orc.alloc.min does not exist
2024-04-24T11:29:28,876  WARN [Thread-726] conf.HiveConf: HiveConf of name hive.llap.io.cache.orc.size does not exist
2024-04-24T11:29:28,876  WARN [Thread-726] conf.HiveConf: HiveConf of name hive.llap.io.cache.orc.arena.size does not exist
2024-04-24T11:29:28,876  WARN [Thread-726] conf.HiveConf: HiveConf of name hive.metastore.client.cache.maxSize does not exist
2024-04-24T11:29:28,877  WARN [Thread-726] conf.HiveConf: HiveConf of name hive.dummyparam.test.server.specific.config.hivesite does not exist
2024-04-24T11:29:28,877  WARN [Thread-726] conf.HiveConf: HiveConf of name hive.dummyparam.test.server.specific.config.metastoresite does not exist
2024-04-24T11:29:28,877  WARN [Thread-726] conf.HiveConf: HiveConf of name hive.llap.io.cache.orc.alloc.max does not exist
2024-04-24T11:29:28,877  WARN [Thread-726] conf.HiveConf: HiveConf of name hive.dummyparam.test.server.specific.config.override does not exist
2024-04-24T11:29:28,877  WARN [Thread-726] conf.HiveConf: HiveConf of name hive.metastore.metadb.dir does not exist
2024-04-24T11:29:28,877  WARN [Thread-726] conf.HiveConf: HiveConf of name hive.metastore.client.cache.recordStats does not exist
2024-04-24T11:29:28,877  INFO [Thread-726] common.HCatUtil: mapreduce.lib.hcatoutput.hive.conf is set. Applying configuration differences.
2024-04-24T11:29:28,877  INFO [Thread-726] HiveMetaStore.audit: ugi=alex	ip=unknown-ip-addr	cmd=get_databases: @hive#NonExistentDatabaseUsedForHealthCheck	
2024-04-24T11:29:28,879  INFO [Thread-726] mapreduce.FileOutputCommitterContainer: FileOutputCommitterContainer::cancelDelegationTokens(): Could not find tokenStrForm, or HCAT_KEY_TOKEN_SIGNATURE. Skipping token cancellation.
2024-04-24T11:29:28,912  INFO [Thread-815] HiveMetaStore.audit: ugi=alex	ip=unknown-ip-addr	cmd=add_partition	
2024-04-24T11:29:28,913  INFO [Thread-815] HiveMetaStore.audit: ugi=alex	ip=unknown-ip-addr	cmd=add_partitions	
2024-04-24T11:29:28,925  INFO [HMSHandler #8] utils.MetaStoreServerUtils: Updating partition stats fast for: junit_parted_date
2024-04-24T11:29:28,925  INFO [HMSHandler #9] utils.MetaStoreServerUtils: Updating partition stats fast for: junit_parted_date
2024-04-24T11:29:28,926  INFO [HMSHandler #8] utils.MetaStoreServerUtils: Updated size to 85
2024-04-24T11:29:28,926  INFO [HMSHandler #9] utils.MetaStoreServerUtils: Updated size to 84
2024-04-24T11:29:28,933  WARN [Thread-726] conf.HiveConf: HiveConf of name hive.llap.io.cache.orc.arena.size does not exist
2024-04-24T11:29:28,933  WARN [Thread-726] conf.HiveConf: HiveConf of name hive.dummyparam.test.server.specific.config.metastoresite does not exist
2024-04-24T11:29:28,933  WARN [Thread-726] conf.HiveConf: HiveConf of name hive.dummyparam.test.server.specific.config.override does not exist
2024-04-24T11:29:28,933  WARN [Thread-726] conf.HiveConf: HiveConf of name hive.metastore.metadb.dir does not exist
2024-04-24T11:29:28,934  WARN [Thread-726] conf.HiveConf: HiveConf of name hive.llap.io.cache.orc.alloc.min does not exist
2024-04-24T11:29:28,934  WARN [Thread-726] conf.HiveConf: HiveConf of name hive.llap.io.cache.orc.size does not exist
2024-04-24T11:29:28,934  WARN [Thread-726] conf.HiveConf: HiveConf of name hive.llap.io.cache.orc.alloc.max does not exist
2024-04-24T11:29:28,934  WARN [Thread-726] conf.HiveConf: HiveConf of name hive.metastore.client.cache.recordStats does not exist
2024-04-24T11:29:28,934  WARN [Thread-726] conf.HiveConf: HiveConf of name hive.dummyparam.test.server.specific.config.hivesite does not exist
2024-04-24T11:29:28,934  WARN [Thread-726] conf.HiveConf: HiveConf of name hive.metastore.client.cache.maxSize does not exist
2024-04-24T11:29:28,934  WARN [Thread-726] conf.HiveConf: HiveConf of name hive.stats.key.prefix.reserve.length does not exist
2024-04-24T11:29:28,934  INFO [Thread-726] common.HCatUtil: mapreduce.lib.hcatoutput.hive.conf is set. Applying configuration differences.
2024-04-24T11:29:28,935  INFO [Thread-726] HiveMetaStore.audit: ugi=alex	ip=unknown-ip-addr	cmd=get_databases: @hive#NonExistentDatabaseUsedForHealthCheck	
2024-04-24T11:29:28,937  INFO [Thread-726] HiveMetaStore.audit: ugi=alex	ip=unknown-ip-addr	cmd=alter_table: hive.junit_specific_db.junit_specific_size2 newtbl=junit_specific_size2	
2024-04-24T11:29:28,951  INFO [Thread-726] utils.MetaStoreServerUtils: Updating table stats for junit_specific_size2
2024-04-24T11:29:28,951  INFO [Thread-726] utils.MetaStoreServerUtils: Updated size of table junit_specific_size2 to 115
2024-04-24T11:29:28,958  INFO [Thread-726] mapreduce.FileOutputCommitterContainer: Cancelling delegation token for the job.
2024-04-24T11:29:28,999  WARN [Thread-726] conf.HiveConf: HiveConf of name hive.llap.io.cache.orc.arena.size does not exist
2024-04-24T11:29:28,999  WARN [Thread-726] conf.HiveConf: HiveConf of name hive.metastore.client.cache.maxSize does not exist
2024-04-24T11:29:28,999  WARN [Thread-726] conf.HiveConf: HiveConf of name hive.metastore.client.cache.recordStats does not exist
2024-04-24T11:29:28,999  WARN [Thread-726] conf.HiveConf: HiveConf of name hive.llap.io.cache.orc.size does not exist
2024-04-24T11:29:28,999  WARN [Thread-726] conf.HiveConf: HiveConf of name hive.llap.io.cache.orc.alloc.max does not exist
2024-04-24T11:29:28,999  WARN [Thread-726] conf.HiveConf: HiveConf of name hive.metastore.metadb.dir does not exist
2024-04-24T11:29:29,000  WARN [Thread-726] conf.HiveConf: HiveConf of name hive.dummyparam.test.server.specific.config.override does not exist
2024-04-24T11:29:29,000  WARN [Thread-726] conf.HiveConf: HiveConf of name hive.stats.key.prefix.reserve.length does not exist
2024-04-24T11:29:29,000  WARN [Thread-726] conf.HiveConf: HiveConf of name hive.llap.io.cache.orc.alloc.min does not exist
2024-04-24T11:29:29,000  WARN [Thread-726] conf.HiveConf: HiveConf of name hive.dummyparam.test.server.specific.config.hivesite does not exist
2024-04-24T11:29:29,000  WARN [Thread-726] conf.HiveConf: HiveConf of name hive.dummyparam.test.server.specific.config.metastoresite does not exist
2024-04-24T11:29:29,000  INFO [Thread-726] common.HCatUtil: mapreduce.lib.hcatoutput.hive.conf is set. Applying configuration differences.
2024-04-24T11:29:29,001  INFO [Thread-726] HiveMetaStore.audit: ugi=alex	ip=unknown-ip-addr	cmd=get_databases: @hive#NonExistentDatabaseUsedForHealthCheck	
2024-04-24T11:29:29,002  INFO [Thread-726] mapreduce.FileOutputCommitterContainer: FileOutputCommitterContainer::cancelDelegationTokens(): Could not find tokenStrForm, or HCAT_KEY_TOKEN_SIGNATURE. Skipping token cancellation.
2024-04-24T11:29:29,005  INFO [Thread-815] mapreduce.FileOutputCommitterContainer: Cancelling delegation token for the job.
2024-04-24T11:29:29,041  WARN [Thread-815] conf.HiveConf: HiveConf of name hive.llap.io.cache.orc.alloc.min does not exist
2024-04-24T11:29:29,041  WARN [Thread-815] conf.HiveConf: HiveConf of name hive.llap.io.cache.orc.size does not exist
2024-04-24T11:29:29,041  WARN [Thread-815] conf.HiveConf: HiveConf of name hive.dummyparam.test.server.specific.config.metastoresite does not exist
2024-04-24T11:29:29,041  WARN [Thread-815] conf.HiveConf: HiveConf of name hive.metastore.metadb.dir does not exist
2024-04-24T11:29:29,041  WARN [Thread-815] conf.HiveConf: HiveConf of name hive.metastore.client.cache.maxSize does not exist
2024-04-24T11:29:29,041  WARN [Thread-815] conf.HiveConf: HiveConf of name hive.llap.io.cache.orc.alloc.max does not exist
2024-04-24T11:29:29,041  WARN [Thread-815] conf.HiveConf: HiveConf of name hive.metastore.client.cache.recordStats does not exist
2024-04-24T11:29:29,041  WARN [Thread-815] conf.HiveConf: HiveConf of name hive.stats.key.prefix.reserve.length does not exist
2024-04-24T11:29:29,042  WARN [Thread-815] conf.HiveConf: HiveConf of name hive.llap.io.cache.orc.arena.size does not exist
2024-04-24T11:29:29,042  WARN [Thread-815] conf.HiveConf: HiveConf of name hive.dummyparam.test.server.specific.config.hivesite does not exist
2024-04-24T11:29:29,042  WARN [Thread-815] conf.HiveConf: HiveConf of name hive.dummyparam.test.server.specific.config.override does not exist
2024-04-24T11:29:29,042  INFO [Thread-815] common.HCatUtil: mapreduce.lib.hcatoutput.hive.conf is set. Applying configuration differences.
2024-04-24T11:29:29,042  INFO [Thread-815] HiveMetaStore.audit: ugi=alex	ip=unknown-ip-addr	cmd=get_databases: @hive#NonExistentDatabaseUsedForHealthCheck	
2024-04-24T11:29:29,043  INFO [Thread-815] mapreduce.FileOutputCommitterContainer: FileOutputCommitterContainer::cancelDelegationTokens(): Could not find tokenStrForm, or HCAT_KEY_TOKEN_SIGNATURE. Skipping token cancellation.
2024-04-24T11:29:29,045  WARN [Thread-726] conf.HiveConf: HiveConf of name hive.dummyparam.test.server.specific.config.hivesite does not exist
2024-04-24T11:29:29,045  WARN [Thread-726] conf.HiveConf: HiveConf of name hive.dummyparam.test.server.specific.config.metastoresite does not exist
2024-04-24T11:29:29,045  WARN [Thread-726] conf.HiveConf: HiveConf of name hive.stats.key.prefix.reserve.length does not exist
2024-04-24T11:29:29,045  WARN [Thread-726] conf.HiveConf: HiveConf of name hive.dummyparam.test.server.specific.config.override does not exist
2024-04-24T11:29:29,045  WARN [Thread-726] conf.HiveConf: HiveConf of name hive.metastore.metadb.dir does not exist
2024-04-24T11:29:29,045  WARN [Thread-726] conf.HiveConf: HiveConf of name hive.llap.io.cache.orc.arena.size does not exist
2024-04-24T11:29:29,045  WARN [Thread-726] conf.HiveConf: HiveConf of name hive.metastore.client.cache.recordStats does not exist
2024-04-24T11:29:29,045  WARN [Thread-726] conf.HiveConf: HiveConf of name hive.llap.io.cache.orc.alloc.max does not exist
2024-04-24T11:29:29,045  WARN [Thread-726] conf.HiveConf: HiveConf of name hive.llap.io.cache.orc.alloc.min does not exist
2024-04-24T11:29:29,045  WARN [Thread-726] conf.HiveConf: HiveConf of name hive.llap.io.cache.orc.size does not exist
2024-04-24T11:29:29,045  WARN [Thread-726] conf.HiveConf: HiveConf of name hive.metastore.client.cache.maxSize does not exist
2024-04-24T11:29:29,045  INFO [Thread-726] common.HCatUtil: mapreduce.lib.hcatoutput.hive.conf is set. Applying configuration differences.
2024-04-24T11:29:29,046  INFO [Thread-726] HiveMetaStore.audit: ugi=alex	ip=unknown-ip-addr	cmd=get_databases: @hive#NonExistentDatabaseUsedForHealthCheck	
2024-04-24T11:29:29,080  WARN [Thread-726] conf.HiveConf: HiveConf of name hive.metastore.client.cache.maxSize does not exist
2024-04-24T11:29:29,080  WARN [Thread-726] conf.HiveConf: HiveConf of name hive.metastore.client.cache.recordStats does not exist
2024-04-24T11:29:29,080  WARN [Thread-726] conf.HiveConf: HiveConf of name hive.llap.io.cache.orc.arena.size does not exist
2024-04-24T11:29:29,080  WARN [Thread-726] conf.HiveConf: HiveConf of name hive.dummyparam.test.server.specific.config.override does not exist
2024-04-24T11:29:29,080  WARN [Thread-726] conf.HiveConf: HiveConf of name hive.llap.io.cache.orc.alloc.max does not exist
2024-04-24T11:29:29,080  WARN [Thread-726] conf.HiveConf: HiveConf of name hive.llap.io.cache.orc.size does not exist
2024-04-24T11:29:29,080  WARN [Thread-726] conf.HiveConf: HiveConf of name hive.llap.io.cache.orc.alloc.min does not exist
2024-04-24T11:29:29,081  WARN [Thread-726] conf.HiveConf: HiveConf of name hive.stats.key.prefix.reserve.length does not exist
2024-04-24T11:29:29,081  WARN [Thread-726] conf.HiveConf: HiveConf of name hive.dummyparam.test.server.specific.config.metastoresite does not exist
2024-04-24T11:29:29,081  WARN [Thread-726] conf.HiveConf: HiveConf of name hive.dummyparam.test.server.specific.config.hivesite does not exist
2024-04-24T11:29:29,081  WARN [Thread-726] conf.HiveConf: HiveConf of name hive.metastore.metadb.dir does not exist
2024-04-24T11:29:29,081  INFO [Thread-726] mapreduce.FileOutputCommitterContainer: HAR not is not being used. The table junit_parted_basic has new partitions [{bkt=0}].
2024-04-24T11:29:29,082  INFO [Thread-726] HiveMetaStore.audit: ugi=alex	ip=unknown-ip-addr	cmd=get_partition : tbl=hive.default.junit_parted_basic[0]	
2024-04-24T11:29:29,087  INFO [Thread-726] HiveMetaStore.audit: ugi=alex	ip=unknown-ip-addr	cmd=add_partition	
2024-04-24T11:29:29,087  INFO [Thread-726] HiveMetaStore.audit: ugi=alex	ip=unknown-ip-addr	cmd=add_partitions	
2024-04-24T11:29:29,109  INFO [HMSHandler #10] utils.MetaStoreServerUtils: Updating partition stats fast for: junit_parted_basic
2024-04-24T11:29:29,110  INFO [HMSHandler #10] utils.MetaStoreServerUtils: Updated size to 91
2024-04-24T11:29:29,136  INFO [Thread-726] mapreduce.FileOutputCommitterContainer: Cancelling delegation token for the job.
2024-04-24T11:29:29,170  WARN [Thread-726] conf.HiveConf: HiveConf of name hive.metastore.metadb.dir does not exist
2024-04-24T11:29:29,170  WARN [Thread-726] conf.HiveConf: HiveConf of name hive.stats.key.prefix.reserve.length does not exist
2024-04-24T11:29:29,170  WARN [Thread-726] conf.HiveConf: HiveConf of name hive.llap.io.cache.orc.size does not exist
2024-04-24T11:29:29,170  WARN [Thread-726] conf.HiveConf: HiveConf of name hive.llap.io.cache.orc.arena.size does not exist
2024-04-24T11:29:29,170  WARN [Thread-726] conf.HiveConf: HiveConf of name hive.metastore.client.cache.maxSize does not exist
2024-04-24T11:29:29,170  WARN [Thread-726] conf.HiveConf: HiveConf of name hive.llap.io.cache.orc.alloc.max does not exist
2024-04-24T11:29:29,171  WARN [Thread-726] conf.HiveConf: HiveConf of name hive.metastore.client.cache.recordStats does not exist
2024-04-24T11:29:29,171  WARN [Thread-726] conf.HiveConf: HiveConf of name hive.dummyparam.test.server.specific.config.override does not exist
2024-04-24T11:29:29,171  WARN [Thread-726] conf.HiveConf: HiveConf of name hive.dummyparam.test.server.specific.config.metastoresite does not exist
2024-04-24T11:29:29,171  WARN [Thread-726] conf.HiveConf: HiveConf of name hive.llap.io.cache.orc.alloc.min does not exist
2024-04-24T11:29:29,171  WARN [Thread-726] conf.HiveConf: HiveConf of name hive.dummyparam.test.server.specific.config.hivesite does not exist
2024-04-24T11:29:29,171  INFO [Thread-726] common.HCatUtil: mapreduce.lib.hcatoutput.hive.conf is set. Applying configuration differences.
2024-04-24T11:29:29,171  INFO [Thread-726] HiveMetaStore.audit: ugi=alex	ip=unknown-ip-addr	cmd=get_databases: @hive#NonExistentDatabaseUsedForHealthCheck	
2024-04-24T11:29:29,173  INFO [Thread-726] mapreduce.FileOutputCommitterContainer: FileOutputCommitterContainer::cancelDelegationTokens(): Could not find tokenStrForm, or HCAT_KEY_TOKEN_SIGNATURE. Skipping token cancellation.
2024-04-24T11:29:29,204  INFO [main] mapReduceLayer.MapReduceLauncher: 83% complete
2024-04-24T11:29:29,204  INFO [main] mapReduceLayer.MapReduceLauncher: Running jobs are [job_local1826241216_0007]
2024-04-24T11:29:29,205  WARN [main] impl.MetricsSystemImpl: JobTracker metrics system already initialized!
2024-04-24T11:29:29,208  WARN [main] impl.MetricsSystemImpl: JobTracker metrics system already initialized!
2024-04-24T11:29:29,210  WARN [main] impl.MetricsSystemImpl: JobTracker metrics system already initialized!
2024-04-24T11:29:29,227  WARN [main] impl.MetricsSystemImpl: JobTracker metrics system already initialized!
2024-04-24T11:29:29,229  WARN [main] impl.MetricsSystemImpl: JobTracker metrics system already initialized!
2024-04-24T11:29:29,230  WARN [Thread-726] conf.HiveConf: HiveConf of name hive.metastore.metadb.dir does not exist
2024-04-24T11:29:29,230  WARN [Thread-726] conf.HiveConf: HiveConf of name hive.metastore.client.cache.recordStats does not exist
2024-04-24T11:29:29,230  WARN [Thread-726] conf.HiveConf: HiveConf of name hive.dummyparam.test.server.specific.config.hivesite does not exist
2024-04-24T11:29:29,230  WARN [Thread-726] conf.HiveConf: HiveConf of name hive.llap.io.cache.orc.alloc.max does not exist
2024-04-24T11:29:29,230  WARN [Thread-726] conf.HiveConf: HiveConf of name hive.dummyparam.test.server.specific.config.metastoresite does not exist
2024-04-24T11:29:29,230  WARN [Thread-726] conf.HiveConf: HiveConf of name hive.llap.io.cache.orc.arena.size does not exist
2024-04-24T11:29:29,230  WARN [Thread-726] conf.HiveConf: HiveConf of name hive.metastore.client.cache.maxSize does not exist
2024-04-24T11:29:29,230  WARN [Thread-726] conf.HiveConf: HiveConf of name hive.stats.key.prefix.reserve.length does not exist
2024-04-24T11:29:29,230  WARN [Thread-726] conf.HiveConf: HiveConf of name hive.llap.io.cache.orc.alloc.min does not exist
2024-04-24T11:29:29,230  WARN [Thread-726] conf.HiveConf: HiveConf of name hive.dummyparam.test.server.specific.config.override does not exist
2024-04-24T11:29:29,230  WARN [Thread-726] conf.HiveConf: HiveConf of name hive.llap.io.cache.orc.size does not exist
2024-04-24T11:29:29,231  INFO [Thread-726] common.HCatUtil: mapreduce.lib.hcatoutput.hive.conf is set. Applying configuration differences.
2024-04-24T11:29:29,231  WARN [main] impl.MetricsSystemImpl: JobTracker metrics system already initialized!
2024-04-24T11:29:29,231  INFO [Thread-726] HiveMetaStore.audit: ugi=alex	ip=unknown-ip-addr	cmd=get_databases: @hive#NonExistentDatabaseUsedForHealthCheck	
2024-04-24T11:29:29,236  INFO [Thread-726] mapreduce.FileOutputCommitterContainer: HAR not is not being used. The table junit_parted_basic has new partitions [{bkt=1}].
2024-04-24T11:29:29,237  INFO [Thread-726] HiveMetaStore.audit: ugi=alex	ip=unknown-ip-addr	cmd=get_partition : tbl=hive.default.junit_parted_basic[1]	
2024-04-24T11:29:29,241  INFO [Thread-726] HiveMetaStore.audit: ugi=alex	ip=unknown-ip-addr	cmd=add_partition	
2024-04-24T11:29:29,241  INFO [Thread-726] HiveMetaStore.audit: ugi=alex	ip=unknown-ip-addr	cmd=add_partitions	
2024-04-24T11:29:29,247  INFO [HMSHandler #11] utils.MetaStoreServerUtils: Updating partition stats fast for: junit_parted_basic
2024-04-24T11:29:29,248  INFO [HMSHandler #11] utils.MetaStoreServerUtils: Updated size to 103
2024-04-24T11:29:29,275  INFO [Thread-726] mapreduce.FileOutputCommitterContainer: Cancelling delegation token for the job.
2024-04-24T11:29:29,310  WARN [Thread-726] conf.HiveConf: HiveConf of name hive.stats.key.prefix.reserve.length does not exist
2024-04-24T11:29:29,311  WARN [Thread-726] conf.HiveConf: HiveConf of name hive.dummyparam.test.server.specific.config.override does not exist
2024-04-24T11:29:29,311  WARN [Thread-726] conf.HiveConf: HiveConf of name hive.dummyparam.test.server.specific.config.metastoresite does not exist
2024-04-24T11:29:29,311  WARN [Thread-726] conf.HiveConf: HiveConf of name hive.llap.io.cache.orc.alloc.min does not exist
2024-04-24T11:29:29,311  WARN [Thread-726] conf.HiveConf: HiveConf of name hive.metastore.client.cache.maxSize does not exist
2024-04-24T11:29:29,311  WARN [Thread-726] conf.HiveConf: HiveConf of name hive.llap.io.cache.orc.alloc.max does not exist
2024-04-24T11:29:29,311  WARN [Thread-726] conf.HiveConf: HiveConf of name hive.llap.io.cache.orc.size does not exist
2024-04-24T11:29:29,311  WARN [Thread-726] conf.HiveConf: HiveConf of name hive.llap.io.cache.orc.arena.size does not exist
2024-04-24T11:29:29,311  WARN [Thread-726] conf.HiveConf: HiveConf of name hive.metastore.client.cache.recordStats does not exist
2024-04-24T11:29:29,311  WARN [Thread-726] conf.HiveConf: HiveConf of name hive.dummyparam.test.server.specific.config.hivesite does not exist
2024-04-24T11:29:29,311  WARN [Thread-726] conf.HiveConf: HiveConf of name hive.metastore.metadb.dir does not exist
2024-04-24T11:29:29,311  INFO [Thread-726] common.HCatUtil: mapreduce.lib.hcatoutput.hive.conf is set. Applying configuration differences.
2024-04-24T11:29:29,312  INFO [Thread-726] HiveMetaStore.audit: ugi=alex	ip=unknown-ip-addr	cmd=get_databases: @hive#NonExistentDatabaseUsedForHealthCheck	
2024-04-24T11:29:29,313  INFO [Thread-726] mapreduce.FileOutputCommitterContainer: FileOutputCommitterContainer::cancelDelegationTokens(): Could not find tokenStrForm, or HCAT_KEY_TOKEN_SIGNATURE. Skipping token cancellation.
2024-04-24T11:29:29,509  WARN [main] impl.MetricsSystemImpl: JobTracker metrics system already initialized!
2024-04-24T11:29:29,517  WARN [main] impl.MetricsSystemImpl: JobTracker metrics system already initialized!
2024-04-24T11:29:29,524  WARN [main] impl.MetricsSystemImpl: JobTracker metrics system already initialized!
2024-04-24T11:29:29,533  INFO [main] pigstats.JobStats: using output size reader: org.apache.pig.backend.hadoop.executionengine.mapReduceLayer.FileBasedOutputSizeReader
2024-04-24T11:29:29,534  WARN [main] pigstats.JobStats: unable to find the output file
java.io.FileNotFoundException: File junit_unparted_basic does not exist
	at org.apache.hadoop.fs.RawLocalFileSystem.listStatus(RawLocalFileSystem.java:464) ~[hadoop-common-3.1.0.jar:?]
	at org.apache.hadoop.fs.FileSystem.listStatus(FileSystem.java:1919) ~[hadoop-common-3.1.0.jar:?]
	at org.apache.hadoop.fs.FileSystem.listStatus(FileSystem.java:1961) ~[hadoop-common-3.1.0.jar:?]
	at org.apache.hadoop.fs.ChecksumFileSystem.listStatus(ChecksumFileSystem.java:678) ~[hadoop-common-3.1.0.jar:?]
	at org.apache.pig.backend.hadoop.executionengine.mapReduceLayer.FileBasedOutputSizeReader.getOutputSize(FileBasedOutputSizeReader.java:81) ~[pig-0.16.0-h2.jar:?]
	at org.apache.pig.tools.pigstats.JobStats.getOutputSize(JobStats.java:351) [pig-0.16.0-h2.jar:?]
	at org.apache.pig.tools.pigstats.mapreduce.MRJobStats.addOneOutputStats(MRJobStats.java:461) [pig-0.16.0-h2.jar:?]
	at org.apache.pig.tools.pigstats.mapreduce.MRJobStats.addOutputStatistics(MRJobStats.java:443) [pig-0.16.0-h2.jar:?]
	at org.apache.pig.tools.pigstats.mapreduce.MRPigStatsUtil.addSuccessJobStats(MRPigStatsUtil.java:237) [pig-0.16.0-h2.jar:?]
	at org.apache.pig.tools.pigstats.mapreduce.MRPigStatsUtil.accumulateStats(MRPigStatsUtil.java:165) [pig-0.16.0-h2.jar:?]
	at org.apache.pig.backend.hadoop.executionengine.mapReduceLayer.MapReduceLauncher.launchPig(MapReduceLauncher.java:360) [pig-0.16.0-h2.jar:?]
	at org.apache.pig.backend.hadoop.executionengine.HExecutionEngine.launchPig(HExecutionEngine.java:308) [pig-0.16.0-h2.jar:?]
	at org.apache.pig.PigServer.launchPlan(PigServer.java:1474) [pig-0.16.0-h2.jar:?]
	at org.apache.pig.PigServer.executeCompiledLogicalPlan(PigServer.java:1459) [pig-0.16.0-h2.jar:?]
	at org.apache.pig.PigServer.execute(PigServer.java:1448) [pig-0.16.0-h2.jar:?]
	at org.apache.pig.PigServer.executeBatch(PigServer.java:488) [pig-0.16.0-h2.jar:?]
	at org.apache.pig.PigServer.executeBatch(PigServer.java:471) [pig-0.16.0-h2.jar:?]
	at org.apache.hive.hcatalog.pig.AbstractHCatLoaderTest.setUpTest(AbstractHCatLoaderTest.java:226) [test-classes/:?]
	at sun.reflect.NativeMethodAccessorImpl.invoke0(Native Method) ~[?:1.8.0_402]
	at sun.reflect.NativeMethodAccessorImpl.invoke(NativeMethodAccessorImpl.java:62) ~[?:1.8.0_402]
	at sun.reflect.DelegatingMethodAccessorImpl.invoke(DelegatingMethodAccessorImpl.java:43) ~[?:1.8.0_402]
	at java.lang.reflect.Method.invoke(Method.java:498) ~[?:1.8.0_402]
	at org.junit.runners.model.FrameworkMethod$1.runReflectiveCall(FrameworkMethod.java:59) [junit-4.13.jar:4.13]
	at org.junit.internal.runners.model.ReflectiveCallable.run(ReflectiveCallable.java:12) [junit-4.13.jar:4.13]
	at org.junit.runners.model.FrameworkMethod.invokeExplosively(FrameworkMethod.java:56) [junit-4.13.jar:4.13]
	at org.junit.internal.runners.statements.RunBefores.invokeMethod(RunBefores.java:33) [junit-4.13.jar:4.13]
	at org.junit.internal.runners.statements.RunBefores.evaluate(RunBefores.java:24) [junit-4.13.jar:4.13]
	at org.junit.internal.runners.statements.RunAfters.evaluate(RunAfters.java:27) [junit-4.13.jar:4.13]
	at org.junit.runners.ParentRunner$3.evaluate(ParentRunner.java:306) [junit-4.13.jar:4.13]
	at org.junit.runners.BlockJUnit4ClassRunner$1.evaluate(BlockJUnit4ClassRunner.java:100) [junit-4.13.jar:4.13]
	at org.junit.runners.ParentRunner.runLeaf(ParentRunner.java:366) [junit-4.13.jar:4.13]
	at org.junit.runners.BlockJUnit4ClassRunner.runChild(BlockJUnit4ClassRunner.java:103) [junit-4.13.jar:4.13]
	at org.junit.runners.BlockJUnit4ClassRunner.runChild(BlockJUnit4ClassRunner.java:63) [junit-4.13.jar:4.13]
	at org.junit.runners.ParentRunner$4.run(ParentRunner.java:331) [junit-4.13.jar:4.13]
	at org.junit.runners.ParentRunner$1.schedule(ParentRunner.java:79) [junit-4.13.jar:4.13]
	at org.junit.runners.ParentRunner.runChildren(ParentRunner.java:329) [junit-4.13.jar:4.13]
	at org.junit.runners.ParentRunner.access$100(ParentRunner.java:66) [junit-4.13.jar:4.13]
	at org.junit.runners.ParentRunner$2.evaluate(ParentRunner.java:293) [junit-4.13.jar:4.13]
	at org.junit.internal.runners.statements.RunBefores.evaluate(RunBefores.java:26) [junit-4.13.jar:4.13]
	at org.junit.runners.ParentRunner$3.evaluate(ParentRunner.java:306) [junit-4.13.jar:4.13]
	at org.junit.runners.ParentRunner.run(ParentRunner.java:413) [junit-4.13.jar:4.13]
	at org.junit.runners.Suite.runChild(Suite.java:128) [junit-4.13.jar:4.13]
	at org.junit.runners.Suite.runChild(Suite.java:27) [junit-4.13.jar:4.13]
	at org.junit.runners.ParentRunner$4.run(ParentRunner.java:331) [junit-4.13.jar:4.13]
	at org.junit.runners.ParentRunner$1.schedule(ParentRunner.java:79) [junit-4.13.jar:4.13]
	at org.junit.runners.ParentRunner.runChildren(ParentRunner.java:329) [junit-4.13.jar:4.13]
	at org.junit.runners.ParentRunner.access$100(ParentRunner.java:66) [junit-4.13.jar:4.13]
	at org.junit.runners.ParentRunner$2.evaluate(ParentRunner.java:293) [junit-4.13.jar:4.13]
	at org.junit.runners.ParentRunner$3.evaluate(ParentRunner.java:306) [junit-4.13.jar:4.13]
	at org.junit.runners.ParentRunner.run(ParentRunner.java:413) [junit-4.13.jar:4.13]
	at org.apache.maven.surefire.junitcore.JUnitCore.run(JUnitCore.java:55) [surefire-junit47-3.0.0-M4.jar:3.0.0-M4]
	at org.apache.maven.surefire.junitcore.JUnitCoreWrapper.createRequestAndRun(JUnitCoreWrapper.java:137) [surefire-junit47-3.0.0-M4.jar:3.0.0-M4]
	at org.apache.maven.surefire.junitcore.JUnitCoreWrapper.executeEager(JUnitCoreWrapper.java:107) [surefire-junit47-3.0.0-M4.jar:3.0.0-M4]
	at org.apache.maven.surefire.junitcore.JUnitCoreWrapper.execute(JUnitCoreWrapper.java:83) [surefire-junit47-3.0.0-M4.jar:3.0.0-M4]
	at org.apache.maven.surefire.junitcore.JUnitCoreWrapper.execute(JUnitCoreWrapper.java:75) [surefire-junit47-3.0.0-M4.jar:3.0.0-M4]
	at org.apache.maven.surefire.junitcore.JUnitCoreProvider.invoke(JUnitCoreProvider.java:158) [surefire-junit47-3.0.0-M4.jar:3.0.0-M4]
	at org.apache.maven.surefire.booter.ForkedBooter.runSuitesInProcess(ForkedBooter.java:377) [surefire-booter-3.0.0-M4.jar:3.0.0-M4]
	at org.apache.maven.surefire.booter.ForkedBooter.execute(ForkedBooter.java:138) [surefire-booter-3.0.0-M4.jar:3.0.0-M4]
	at org.apache.maven.surefire.booter.ForkedBooter.run(ForkedBooter.java:465) [surefire-booter-3.0.0-M4.jar:3.0.0-M4]
	at org.apache.maven.surefire.booter.ForkedBooter.main(ForkedBooter.java:451) [surefire-booter-3.0.0-M4.jar:3.0.0-M4]
2024-04-24T11:29:29,535  INFO [main] pigstats.JobStats: using output size reader: org.apache.pig.backend.hadoop.executionengine.mapReduceLayer.FileBasedOutputSizeReader
2024-04-24T11:29:29,535  WARN [main] pigstats.JobStats: unable to find the output file
java.io.FileNotFoundException: File junit_specific_size does not exist
	at org.apache.hadoop.fs.RawLocalFileSystem.listStatus(RawLocalFileSystem.java:464) ~[hadoop-common-3.1.0.jar:?]
	at org.apache.hadoop.fs.FileSystem.listStatus(FileSystem.java:1919) ~[hadoop-common-3.1.0.jar:?]
	at org.apache.hadoop.fs.FileSystem.listStatus(FileSystem.java:1961) ~[hadoop-common-3.1.0.jar:?]
	at org.apache.hadoop.fs.ChecksumFileSystem.listStatus(ChecksumFileSystem.java:678) ~[hadoop-common-3.1.0.jar:?]
	at org.apache.pig.backend.hadoop.executionengine.mapReduceLayer.FileBasedOutputSizeReader.getOutputSize(FileBasedOutputSizeReader.java:81) ~[pig-0.16.0-h2.jar:?]
	at org.apache.pig.tools.pigstats.JobStats.getOutputSize(JobStats.java:351) [pig-0.16.0-h2.jar:?]
	at org.apache.pig.tools.pigstats.mapreduce.MRJobStats.addOneOutputStats(MRJobStats.java:461) [pig-0.16.0-h2.jar:?]
	at org.apache.pig.tools.pigstats.mapreduce.MRJobStats.addOutputStatistics(MRJobStats.java:443) [pig-0.16.0-h2.jar:?]
	at org.apache.pig.tools.pigstats.mapreduce.MRPigStatsUtil.addSuccessJobStats(MRPigStatsUtil.java:237) [pig-0.16.0-h2.jar:?]
	at org.apache.pig.tools.pigstats.mapreduce.MRPigStatsUtil.accumulateStats(MRPigStatsUtil.java:165) [pig-0.16.0-h2.jar:?]
	at org.apache.pig.backend.hadoop.executionengine.mapReduceLayer.MapReduceLauncher.launchPig(MapReduceLauncher.java:360) [pig-0.16.0-h2.jar:?]
	at org.apache.pig.backend.hadoop.executionengine.HExecutionEngine.launchPig(HExecutionEngine.java:308) [pig-0.16.0-h2.jar:?]
	at org.apache.pig.PigServer.launchPlan(PigServer.java:1474) [pig-0.16.0-h2.jar:?]
	at org.apache.pig.PigServer.executeCompiledLogicalPlan(PigServer.java:1459) [pig-0.16.0-h2.jar:?]
	at org.apache.pig.PigServer.execute(PigServer.java:1448) [pig-0.16.0-h2.jar:?]
	at org.apache.pig.PigServer.executeBatch(PigServer.java:488) [pig-0.16.0-h2.jar:?]
	at org.apache.pig.PigServer.executeBatch(PigServer.java:471) [pig-0.16.0-h2.jar:?]
	at org.apache.hive.hcatalog.pig.AbstractHCatLoaderTest.setUpTest(AbstractHCatLoaderTest.java:226) [test-classes/:?]
	at sun.reflect.NativeMethodAccessorImpl.invoke0(Native Method) ~[?:1.8.0_402]
	at sun.reflect.NativeMethodAccessorImpl.invoke(NativeMethodAccessorImpl.java:62) ~[?:1.8.0_402]
	at sun.reflect.DelegatingMethodAccessorImpl.invoke(DelegatingMethodAccessorImpl.java:43) ~[?:1.8.0_402]
	at java.lang.reflect.Method.invoke(Method.java:498) ~[?:1.8.0_402]
	at org.junit.runners.model.FrameworkMethod$1.runReflectiveCall(FrameworkMethod.java:59) [junit-4.13.jar:4.13]
	at org.junit.internal.runners.model.ReflectiveCallable.run(ReflectiveCallable.java:12) [junit-4.13.jar:4.13]
	at org.junit.runners.model.FrameworkMethod.invokeExplosively(FrameworkMethod.java:56) [junit-4.13.jar:4.13]
	at org.junit.internal.runners.statements.RunBefores.invokeMethod(RunBefores.java:33) [junit-4.13.jar:4.13]
	at org.junit.internal.runners.statements.RunBefores.evaluate(RunBefores.java:24) [junit-4.13.jar:4.13]
	at org.junit.internal.runners.statements.RunAfters.evaluate(RunAfters.java:27) [junit-4.13.jar:4.13]
	at org.junit.runners.ParentRunner$3.evaluate(ParentRunner.java:306) [junit-4.13.jar:4.13]
	at org.junit.runners.BlockJUnit4ClassRunner$1.evaluate(BlockJUnit4ClassRunner.java:100) [junit-4.13.jar:4.13]
	at org.junit.runners.ParentRunner.runLeaf(ParentRunner.java:366) [junit-4.13.jar:4.13]
	at org.junit.runners.BlockJUnit4ClassRunner.runChild(BlockJUnit4ClassRunner.java:103) [junit-4.13.jar:4.13]
	at org.junit.runners.BlockJUnit4ClassRunner.runChild(BlockJUnit4ClassRunner.java:63) [junit-4.13.jar:4.13]
	at org.junit.runners.ParentRunner$4.run(ParentRunner.java:331) [junit-4.13.jar:4.13]
	at org.junit.runners.ParentRunner$1.schedule(ParentRunner.java:79) [junit-4.13.jar:4.13]
	at org.junit.runners.ParentRunner.runChildren(ParentRunner.java:329) [junit-4.13.jar:4.13]
	at org.junit.runners.ParentRunner.access$100(ParentRunner.java:66) [junit-4.13.jar:4.13]
	at org.junit.runners.ParentRunner$2.evaluate(ParentRunner.java:293) [junit-4.13.jar:4.13]
	at org.junit.internal.runners.statements.RunBefores.evaluate(RunBefores.java:26) [junit-4.13.jar:4.13]
	at org.junit.runners.ParentRunner$3.evaluate(ParentRunner.java:306) [junit-4.13.jar:4.13]
	at org.junit.runners.ParentRunner.run(ParentRunner.java:413) [junit-4.13.jar:4.13]
	at org.junit.runners.Suite.runChild(Suite.java:128) [junit-4.13.jar:4.13]
	at org.junit.runners.Suite.runChild(Suite.java:27) [junit-4.13.jar:4.13]
	at org.junit.runners.ParentRunner$4.run(ParentRunner.java:331) [junit-4.13.jar:4.13]
	at org.junit.runners.ParentRunner$1.schedule(ParentRunner.java:79) [junit-4.13.jar:4.13]
	at org.junit.runners.ParentRunner.runChildren(ParentRunner.java:329) [junit-4.13.jar:4.13]
	at org.junit.runners.ParentRunner.access$100(ParentRunner.java:66) [junit-4.13.jar:4.13]
	at org.junit.runners.ParentRunner$2.evaluate(ParentRunner.java:293) [junit-4.13.jar:4.13]
	at org.junit.runners.ParentRunner$3.evaluate(ParentRunner.java:306) [junit-4.13.jar:4.13]
	at org.junit.runners.ParentRunner.run(ParentRunner.java:413) [junit-4.13.jar:4.13]
	at org.apache.maven.surefire.junitcore.JUnitCore.run(JUnitCore.java:55) [surefire-junit47-3.0.0-M4.jar:3.0.0-M4]
	at org.apache.maven.surefire.junitcore.JUnitCoreWrapper.createRequestAndRun(JUnitCoreWrapper.java:137) [surefire-junit47-3.0.0-M4.jar:3.0.0-M4]
	at org.apache.maven.surefire.junitcore.JUnitCoreWrapper.executeEager(JUnitCoreWrapper.java:107) [surefire-junit47-3.0.0-M4.jar:3.0.0-M4]
	at org.apache.maven.surefire.junitcore.JUnitCoreWrapper.execute(JUnitCoreWrapper.java:83) [surefire-junit47-3.0.0-M4.jar:3.0.0-M4]
	at org.apache.maven.surefire.junitcore.JUnitCoreWrapper.execute(JUnitCoreWrapper.java:75) [surefire-junit47-3.0.0-M4.jar:3.0.0-M4]
	at org.apache.maven.surefire.junitcore.JUnitCoreProvider.invoke(JUnitCoreProvider.java:158) [surefire-junit47-3.0.0-M4.jar:3.0.0-M4]
	at org.apache.maven.surefire.booter.ForkedBooter.runSuitesInProcess(ForkedBooter.java:377) [surefire-booter-3.0.0-M4.jar:3.0.0-M4]
	at org.apache.maven.surefire.booter.ForkedBooter.execute(ForkedBooter.java:138) [surefire-booter-3.0.0-M4.jar:3.0.0-M4]
	at org.apache.maven.surefire.booter.ForkedBooter.run(ForkedBooter.java:465) [surefire-booter-3.0.0-M4.jar:3.0.0-M4]
	at org.apache.maven.surefire.booter.ForkedBooter.main(ForkedBooter.java:451) [surefire-booter-3.0.0-M4.jar:3.0.0-M4]
2024-04-24T11:29:29,536  INFO [main] pigstats.JobStats: using output size reader: org.apache.pig.backend.hadoop.executionengine.mapReduceLayer.FileBasedOutputSizeReader
2024-04-24T11:29:29,536  WARN [main] pigstats.JobStats: unable to find the output file
java.io.FileNotFoundException: File junit_specific_db.junit_specific_size2 does not exist
	at org.apache.hadoop.fs.RawLocalFileSystem.listStatus(RawLocalFileSystem.java:464) ~[hadoop-common-3.1.0.jar:?]
	at org.apache.hadoop.fs.FileSystem.listStatus(FileSystem.java:1919) ~[hadoop-common-3.1.0.jar:?]
	at org.apache.hadoop.fs.FileSystem.listStatus(FileSystem.java:1961) ~[hadoop-common-3.1.0.jar:?]
	at org.apache.hadoop.fs.ChecksumFileSystem.listStatus(ChecksumFileSystem.java:678) ~[hadoop-common-3.1.0.jar:?]
	at org.apache.pig.backend.hadoop.executionengine.mapReduceLayer.FileBasedOutputSizeReader.getOutputSize(FileBasedOutputSizeReader.java:81) ~[pig-0.16.0-h2.jar:?]
	at org.apache.pig.tools.pigstats.JobStats.getOutputSize(JobStats.java:351) [pig-0.16.0-h2.jar:?]
	at org.apache.pig.tools.pigstats.mapreduce.MRJobStats.addOneOutputStats(MRJobStats.java:461) [pig-0.16.0-h2.jar:?]
	at org.apache.pig.tools.pigstats.mapreduce.MRJobStats.addOutputStatistics(MRJobStats.java:443) [pig-0.16.0-h2.jar:?]
	at org.apache.pig.tools.pigstats.mapreduce.MRPigStatsUtil.addSuccessJobStats(MRPigStatsUtil.java:237) [pig-0.16.0-h2.jar:?]
	at org.apache.pig.tools.pigstats.mapreduce.MRPigStatsUtil.accumulateStats(MRPigStatsUtil.java:165) [pig-0.16.0-h2.jar:?]
	at org.apache.pig.backend.hadoop.executionengine.mapReduceLayer.MapReduceLauncher.launchPig(MapReduceLauncher.java:360) [pig-0.16.0-h2.jar:?]
	at org.apache.pig.backend.hadoop.executionengine.HExecutionEngine.launchPig(HExecutionEngine.java:308) [pig-0.16.0-h2.jar:?]
	at org.apache.pig.PigServer.launchPlan(PigServer.java:1474) [pig-0.16.0-h2.jar:?]
	at org.apache.pig.PigServer.executeCompiledLogicalPlan(PigServer.java:1459) [pig-0.16.0-h2.jar:?]
	at org.apache.pig.PigServer.execute(PigServer.java:1448) [pig-0.16.0-h2.jar:?]
	at org.apache.pig.PigServer.executeBatch(PigServer.java:488) [pig-0.16.0-h2.jar:?]
	at org.apache.pig.PigServer.executeBatch(PigServer.java:471) [pig-0.16.0-h2.jar:?]
	at org.apache.hive.hcatalog.pig.AbstractHCatLoaderTest.setUpTest(AbstractHCatLoaderTest.java:226) [test-classes/:?]
	at sun.reflect.NativeMethodAccessorImpl.invoke0(Native Method) ~[?:1.8.0_402]
	at sun.reflect.NativeMethodAccessorImpl.invoke(NativeMethodAccessorImpl.java:62) ~[?:1.8.0_402]
	at sun.reflect.DelegatingMethodAccessorImpl.invoke(DelegatingMethodAccessorImpl.java:43) ~[?:1.8.0_402]
	at java.lang.reflect.Method.invoke(Method.java:498) ~[?:1.8.0_402]
	at org.junit.runners.model.FrameworkMethod$1.runReflectiveCall(FrameworkMethod.java:59) [junit-4.13.jar:4.13]
	at org.junit.internal.runners.model.ReflectiveCallable.run(ReflectiveCallable.java:12) [junit-4.13.jar:4.13]
	at org.junit.runners.model.FrameworkMethod.invokeExplosively(FrameworkMethod.java:56) [junit-4.13.jar:4.13]
	at org.junit.internal.runners.statements.RunBefores.invokeMethod(RunBefores.java:33) [junit-4.13.jar:4.13]
	at org.junit.internal.runners.statements.RunBefores.evaluate(RunBefores.java:24) [junit-4.13.jar:4.13]
	at org.junit.internal.runners.statements.RunAfters.evaluate(RunAfters.java:27) [junit-4.13.jar:4.13]
	at org.junit.runners.ParentRunner$3.evaluate(ParentRunner.java:306) [junit-4.13.jar:4.13]
	at org.junit.runners.BlockJUnit4ClassRunner$1.evaluate(BlockJUnit4ClassRunner.java:100) [junit-4.13.jar:4.13]
	at org.junit.runners.ParentRunner.runLeaf(ParentRunner.java:366) [junit-4.13.jar:4.13]
	at org.junit.runners.BlockJUnit4ClassRunner.runChild(BlockJUnit4ClassRunner.java:103) [junit-4.13.jar:4.13]
	at org.junit.runners.BlockJUnit4ClassRunner.runChild(BlockJUnit4ClassRunner.java:63) [junit-4.13.jar:4.13]
	at org.junit.runners.ParentRunner$4.run(ParentRunner.java:331) [junit-4.13.jar:4.13]
	at org.junit.runners.ParentRunner$1.schedule(ParentRunner.java:79) [junit-4.13.jar:4.13]
	at org.junit.runners.ParentRunner.runChildren(ParentRunner.java:329) [junit-4.13.jar:4.13]
	at org.junit.runners.ParentRunner.access$100(ParentRunner.java:66) [junit-4.13.jar:4.13]
	at org.junit.runners.ParentRunner$2.evaluate(ParentRunner.java:293) [junit-4.13.jar:4.13]
	at org.junit.internal.runners.statements.RunBefores.evaluate(RunBefores.java:26) [junit-4.13.jar:4.13]
	at org.junit.runners.ParentRunner$3.evaluate(ParentRunner.java:306) [junit-4.13.jar:4.13]
	at org.junit.runners.ParentRunner.run(ParentRunner.java:413) [junit-4.13.jar:4.13]
	at org.junit.runners.Suite.runChild(Suite.java:128) [junit-4.13.jar:4.13]
	at org.junit.runners.Suite.runChild(Suite.java:27) [junit-4.13.jar:4.13]
	at org.junit.runners.ParentRunner$4.run(ParentRunner.java:331) [junit-4.13.jar:4.13]
	at org.junit.runners.ParentRunner$1.schedule(ParentRunner.java:79) [junit-4.13.jar:4.13]
	at org.junit.runners.ParentRunner.runChildren(ParentRunner.java:329) [junit-4.13.jar:4.13]
	at org.junit.runners.ParentRunner.access$100(ParentRunner.java:66) [junit-4.13.jar:4.13]
	at org.junit.runners.ParentRunner$2.evaluate(ParentRunner.java:293) [junit-4.13.jar:4.13]
	at org.junit.runners.ParentRunner$3.evaluate(ParentRunner.java:306) [junit-4.13.jar:4.13]
	at org.junit.runners.ParentRunner.run(ParentRunner.java:413) [junit-4.13.jar:4.13]
	at org.apache.maven.surefire.junitcore.JUnitCore.run(JUnitCore.java:55) [surefire-junit47-3.0.0-M4.jar:3.0.0-M4]
	at org.apache.maven.surefire.junitcore.JUnitCoreWrapper.createRequestAndRun(JUnitCoreWrapper.java:137) [surefire-junit47-3.0.0-M4.jar:3.0.0-M4]
	at org.apache.maven.surefire.junitcore.JUnitCoreWrapper.executeEager(JUnitCoreWrapper.java:107) [surefire-junit47-3.0.0-M4.jar:3.0.0-M4]
	at org.apache.maven.surefire.junitcore.JUnitCoreWrapper.execute(JUnitCoreWrapper.java:83) [surefire-junit47-3.0.0-M4.jar:3.0.0-M4]
	at org.apache.maven.surefire.junitcore.JUnitCoreWrapper.execute(JUnitCoreWrapper.java:75) [surefire-junit47-3.0.0-M4.jar:3.0.0-M4]
	at org.apache.maven.surefire.junitcore.JUnitCoreProvider.invoke(JUnitCoreProvider.java:158) [surefire-junit47-3.0.0-M4.jar:3.0.0-M4]
	at org.apache.maven.surefire.booter.ForkedBooter.runSuitesInProcess(ForkedBooter.java:377) [surefire-booter-3.0.0-M4.jar:3.0.0-M4]
	at org.apache.maven.surefire.booter.ForkedBooter.execute(ForkedBooter.java:138) [surefire-booter-3.0.0-M4.jar:3.0.0-M4]
	at org.apache.maven.surefire.booter.ForkedBooter.run(ForkedBooter.java:465) [surefire-booter-3.0.0-M4.jar:3.0.0-M4]
	at org.apache.maven.surefire.booter.ForkedBooter.main(ForkedBooter.java:451) [surefire-booter-3.0.0-M4.jar:3.0.0-M4]
2024-04-24T11:29:29,537  INFO [main] pigstats.JobStats: using output size reader: org.apache.pig.backend.hadoop.executionengine.mapReduceLayer.FileBasedOutputSizeReader
2024-04-24T11:29:29,537  WARN [main] pigstats.JobStats: unable to find the output file
java.io.FileNotFoundException: File junit_parted_basic does not exist
	at org.apache.hadoop.fs.RawLocalFileSystem.listStatus(RawLocalFileSystem.java:464) ~[hadoop-common-3.1.0.jar:?]
	at org.apache.hadoop.fs.FileSystem.listStatus(FileSystem.java:1919) ~[hadoop-common-3.1.0.jar:?]
	at org.apache.hadoop.fs.FileSystem.listStatus(FileSystem.java:1961) ~[hadoop-common-3.1.0.jar:?]
	at org.apache.hadoop.fs.ChecksumFileSystem.listStatus(ChecksumFileSystem.java:678) ~[hadoop-common-3.1.0.jar:?]
	at org.apache.pig.backend.hadoop.executionengine.mapReduceLayer.FileBasedOutputSizeReader.getOutputSize(FileBasedOutputSizeReader.java:81) ~[pig-0.16.0-h2.jar:?]
	at org.apache.pig.tools.pigstats.JobStats.getOutputSize(JobStats.java:351) [pig-0.16.0-h2.jar:?]
	at org.apache.pig.tools.pigstats.mapreduce.MRJobStats.addOneOutputStats(MRJobStats.java:461) [pig-0.16.0-h2.jar:?]
	at org.apache.pig.tools.pigstats.mapreduce.MRJobStats.addOutputStatistics(MRJobStats.java:443) [pig-0.16.0-h2.jar:?]
	at org.apache.pig.tools.pigstats.mapreduce.MRPigStatsUtil.addSuccessJobStats(MRPigStatsUtil.java:237) [pig-0.16.0-h2.jar:?]
	at org.apache.pig.tools.pigstats.mapreduce.MRPigStatsUtil.accumulateStats(MRPigStatsUtil.java:165) [pig-0.16.0-h2.jar:?]
	at org.apache.pig.backend.hadoop.executionengine.mapReduceLayer.MapReduceLauncher.launchPig(MapReduceLauncher.java:360) [pig-0.16.0-h2.jar:?]
	at org.apache.pig.backend.hadoop.executionengine.HExecutionEngine.launchPig(HExecutionEngine.java:308) [pig-0.16.0-h2.jar:?]
	at org.apache.pig.PigServer.launchPlan(PigServer.java:1474) [pig-0.16.0-h2.jar:?]
	at org.apache.pig.PigServer.executeCompiledLogicalPlan(PigServer.java:1459) [pig-0.16.0-h2.jar:?]
	at org.apache.pig.PigServer.execute(PigServer.java:1448) [pig-0.16.0-h2.jar:?]
	at org.apache.pig.PigServer.executeBatch(PigServer.java:488) [pig-0.16.0-h2.jar:?]
	at org.apache.pig.PigServer.executeBatch(PigServer.java:471) [pig-0.16.0-h2.jar:?]
	at org.apache.hive.hcatalog.pig.AbstractHCatLoaderTest.setUpTest(AbstractHCatLoaderTest.java:226) [test-classes/:?]
	at sun.reflect.NativeMethodAccessorImpl.invoke0(Native Method) ~[?:1.8.0_402]
	at sun.reflect.NativeMethodAccessorImpl.invoke(NativeMethodAccessorImpl.java:62) ~[?:1.8.0_402]
	at sun.reflect.DelegatingMethodAccessorImpl.invoke(DelegatingMethodAccessorImpl.java:43) ~[?:1.8.0_402]
	at java.lang.reflect.Method.invoke(Method.java:498) ~[?:1.8.0_402]
	at org.junit.runners.model.FrameworkMethod$1.runReflectiveCall(FrameworkMethod.java:59) [junit-4.13.jar:4.13]
	at org.junit.internal.runners.model.ReflectiveCallable.run(ReflectiveCallable.java:12) [junit-4.13.jar:4.13]
	at org.junit.runners.model.FrameworkMethod.invokeExplosively(FrameworkMethod.java:56) [junit-4.13.jar:4.13]
	at org.junit.internal.runners.statements.RunBefores.invokeMethod(RunBefores.java:33) [junit-4.13.jar:4.13]
	at org.junit.internal.runners.statements.RunBefores.evaluate(RunBefores.java:24) [junit-4.13.jar:4.13]
	at org.junit.internal.runners.statements.RunAfters.evaluate(RunAfters.java:27) [junit-4.13.jar:4.13]
	at org.junit.runners.ParentRunner$3.evaluate(ParentRunner.java:306) [junit-4.13.jar:4.13]
	at org.junit.runners.BlockJUnit4ClassRunner$1.evaluate(BlockJUnit4ClassRunner.java:100) [junit-4.13.jar:4.13]
	at org.junit.runners.ParentRunner.runLeaf(ParentRunner.java:366) [junit-4.13.jar:4.13]
	at org.junit.runners.BlockJUnit4ClassRunner.runChild(BlockJUnit4ClassRunner.java:103) [junit-4.13.jar:4.13]
	at org.junit.runners.BlockJUnit4ClassRunner.runChild(BlockJUnit4ClassRunner.java:63) [junit-4.13.jar:4.13]
	at org.junit.runners.ParentRunner$4.run(ParentRunner.java:331) [junit-4.13.jar:4.13]
	at org.junit.runners.ParentRunner$1.schedule(ParentRunner.java:79) [junit-4.13.jar:4.13]
	at org.junit.runners.ParentRunner.runChildren(ParentRunner.java:329) [junit-4.13.jar:4.13]
	at org.junit.runners.ParentRunner.access$100(ParentRunner.java:66) [junit-4.13.jar:4.13]
	at org.junit.runners.ParentRunner$2.evaluate(ParentRunner.java:293) [junit-4.13.jar:4.13]
	at org.junit.internal.runners.statements.RunBefores.evaluate(RunBefores.java:26) [junit-4.13.jar:4.13]
	at org.junit.runners.ParentRunner$3.evaluate(ParentRunner.java:306) [junit-4.13.jar:4.13]
	at org.junit.runners.ParentRunner.run(ParentRunner.java:413) [junit-4.13.jar:4.13]
	at org.junit.runners.Suite.runChild(Suite.java:128) [junit-4.13.jar:4.13]
	at org.junit.runners.Suite.runChild(Suite.java:27) [junit-4.13.jar:4.13]
	at org.junit.runners.ParentRunner$4.run(ParentRunner.java:331) [junit-4.13.jar:4.13]
	at org.junit.runners.ParentRunner$1.schedule(ParentRunner.java:79) [junit-4.13.jar:4.13]
	at org.junit.runners.ParentRunner.runChildren(ParentRunner.java:329) [junit-4.13.jar:4.13]
	at org.junit.runners.ParentRunner.access$100(ParentRunner.java:66) [junit-4.13.jar:4.13]
	at org.junit.runners.ParentRunner$2.evaluate(ParentRunner.java:293) [junit-4.13.jar:4.13]
	at org.junit.runners.ParentRunner$3.evaluate(ParentRunner.java:306) [junit-4.13.jar:4.13]
	at org.junit.runners.ParentRunner.run(ParentRunner.java:413) [junit-4.13.jar:4.13]
	at org.apache.maven.surefire.junitcore.JUnitCore.run(JUnitCore.java:55) [surefire-junit47-3.0.0-M4.jar:3.0.0-M4]
	at org.apache.maven.surefire.junitcore.JUnitCoreWrapper.createRequestAndRun(JUnitCoreWrapper.java:137) [surefire-junit47-3.0.0-M4.jar:3.0.0-M4]
	at org.apache.maven.surefire.junitcore.JUnitCoreWrapper.executeEager(JUnitCoreWrapper.java:107) [surefire-junit47-3.0.0-M4.jar:3.0.0-M4]
	at org.apache.maven.surefire.junitcore.JUnitCoreWrapper.execute(JUnitCoreWrapper.java:83) [surefire-junit47-3.0.0-M4.jar:3.0.0-M4]
	at org.apache.maven.surefire.junitcore.JUnitCoreWrapper.execute(JUnitCoreWrapper.java:75) [surefire-junit47-3.0.0-M4.jar:3.0.0-M4]
	at org.apache.maven.surefire.junitcore.JUnitCoreProvider.invoke(JUnitCoreProvider.java:158) [surefire-junit47-3.0.0-M4.jar:3.0.0-M4]
	at org.apache.maven.surefire.booter.ForkedBooter.runSuitesInProcess(ForkedBooter.java:377) [surefire-booter-3.0.0-M4.jar:3.0.0-M4]
	at org.apache.maven.surefire.booter.ForkedBooter.execute(ForkedBooter.java:138) [surefire-booter-3.0.0-M4.jar:3.0.0-M4]
	at org.apache.maven.surefire.booter.ForkedBooter.run(ForkedBooter.java:465) [surefire-booter-3.0.0-M4.jar:3.0.0-M4]
	at org.apache.maven.surefire.booter.ForkedBooter.main(ForkedBooter.java:451) [surefire-booter-3.0.0-M4.jar:3.0.0-M4]
2024-04-24T11:29:29,538  INFO [main] pigstats.JobStats: using output size reader: org.apache.pig.backend.hadoop.executionengine.mapReduceLayer.FileBasedOutputSizeReader
2024-04-24T11:29:29,538  WARN [main] pigstats.JobStats: unable to find the output file
java.io.FileNotFoundException: File junit_parted_basic does not exist
	at org.apache.hadoop.fs.RawLocalFileSystem.listStatus(RawLocalFileSystem.java:464) ~[hadoop-common-3.1.0.jar:?]
	at org.apache.hadoop.fs.FileSystem.listStatus(FileSystem.java:1919) ~[hadoop-common-3.1.0.jar:?]
	at org.apache.hadoop.fs.FileSystem.listStatus(FileSystem.java:1961) ~[hadoop-common-3.1.0.jar:?]
	at org.apache.hadoop.fs.ChecksumFileSystem.listStatus(ChecksumFileSystem.java:678) ~[hadoop-common-3.1.0.jar:?]
	at org.apache.pig.backend.hadoop.executionengine.mapReduceLayer.FileBasedOutputSizeReader.getOutputSize(FileBasedOutputSizeReader.java:81) ~[pig-0.16.0-h2.jar:?]
	at org.apache.pig.tools.pigstats.JobStats.getOutputSize(JobStats.java:351) [pig-0.16.0-h2.jar:?]
	at org.apache.pig.tools.pigstats.mapreduce.MRJobStats.addOneOutputStats(MRJobStats.java:461) [pig-0.16.0-h2.jar:?]
	at org.apache.pig.tools.pigstats.mapreduce.MRJobStats.addOutputStatistics(MRJobStats.java:443) [pig-0.16.0-h2.jar:?]
	at org.apache.pig.tools.pigstats.mapreduce.MRPigStatsUtil.addSuccessJobStats(MRPigStatsUtil.java:237) [pig-0.16.0-h2.jar:?]
	at org.apache.pig.tools.pigstats.mapreduce.MRPigStatsUtil.accumulateStats(MRPigStatsUtil.java:165) [pig-0.16.0-h2.jar:?]
	at org.apache.pig.backend.hadoop.executionengine.mapReduceLayer.MapReduceLauncher.launchPig(MapReduceLauncher.java:360) [pig-0.16.0-h2.jar:?]
	at org.apache.pig.backend.hadoop.executionengine.HExecutionEngine.launchPig(HExecutionEngine.java:308) [pig-0.16.0-h2.jar:?]
	at org.apache.pig.PigServer.launchPlan(PigServer.java:1474) [pig-0.16.0-h2.jar:?]
	at org.apache.pig.PigServer.executeCompiledLogicalPlan(PigServer.java:1459) [pig-0.16.0-h2.jar:?]
	at org.apache.pig.PigServer.execute(PigServer.java:1448) [pig-0.16.0-h2.jar:?]
	at org.apache.pig.PigServer.executeBatch(PigServer.java:488) [pig-0.16.0-h2.jar:?]
	at org.apache.pig.PigServer.executeBatch(PigServer.java:471) [pig-0.16.0-h2.jar:?]
	at org.apache.hive.hcatalog.pig.AbstractHCatLoaderTest.setUpTest(AbstractHCatLoaderTest.java:226) [test-classes/:?]
	at sun.reflect.NativeMethodAccessorImpl.invoke0(Native Method) ~[?:1.8.0_402]
	at sun.reflect.NativeMethodAccessorImpl.invoke(NativeMethodAccessorImpl.java:62) ~[?:1.8.0_402]
	at sun.reflect.DelegatingMethodAccessorImpl.invoke(DelegatingMethodAccessorImpl.java:43) ~[?:1.8.0_402]
	at java.lang.reflect.Method.invoke(Method.java:498) ~[?:1.8.0_402]
	at org.junit.runners.model.FrameworkMethod$1.runReflectiveCall(FrameworkMethod.java:59) [junit-4.13.jar:4.13]
	at org.junit.internal.runners.model.ReflectiveCallable.run(ReflectiveCallable.java:12) [junit-4.13.jar:4.13]
	at org.junit.runners.model.FrameworkMethod.invokeExplosively(FrameworkMethod.java:56) [junit-4.13.jar:4.13]
	at org.junit.internal.runners.statements.RunBefores.invokeMethod(RunBefores.java:33) [junit-4.13.jar:4.13]
	at org.junit.internal.runners.statements.RunBefores.evaluate(RunBefores.java:24) [junit-4.13.jar:4.13]
	at org.junit.internal.runners.statements.RunAfters.evaluate(RunAfters.java:27) [junit-4.13.jar:4.13]
	at org.junit.runners.ParentRunner$3.evaluate(ParentRunner.java:306) [junit-4.13.jar:4.13]
	at org.junit.runners.BlockJUnit4ClassRunner$1.evaluate(BlockJUnit4ClassRunner.java:100) [junit-4.13.jar:4.13]
	at org.junit.runners.ParentRunner.runLeaf(ParentRunner.java:366) [junit-4.13.jar:4.13]
	at org.junit.runners.BlockJUnit4ClassRunner.runChild(BlockJUnit4ClassRunner.java:103) [junit-4.13.jar:4.13]
	at org.junit.runners.BlockJUnit4ClassRunner.runChild(BlockJUnit4ClassRunner.java:63) [junit-4.13.jar:4.13]
	at org.junit.runners.ParentRunner$4.run(ParentRunner.java:331) [junit-4.13.jar:4.13]
	at org.junit.runners.ParentRunner$1.schedule(ParentRunner.java:79) [junit-4.13.jar:4.13]
	at org.junit.runners.ParentRunner.runChildren(ParentRunner.java:329) [junit-4.13.jar:4.13]
	at org.junit.runners.ParentRunner.access$100(ParentRunner.java:66) [junit-4.13.jar:4.13]
	at org.junit.runners.ParentRunner$2.evaluate(ParentRunner.java:293) [junit-4.13.jar:4.13]
	at org.junit.internal.runners.statements.RunBefores.evaluate(RunBefores.java:26) [junit-4.13.jar:4.13]
	at org.junit.runners.ParentRunner$3.evaluate(ParentRunner.java:306) [junit-4.13.jar:4.13]
	at org.junit.runners.ParentRunner.run(ParentRunner.java:413) [junit-4.13.jar:4.13]
	at org.junit.runners.Suite.runChild(Suite.java:128) [junit-4.13.jar:4.13]
	at org.junit.runners.Suite.runChild(Suite.java:27) [junit-4.13.jar:4.13]
	at org.junit.runners.ParentRunner$4.run(ParentRunner.java:331) [junit-4.13.jar:4.13]
	at org.junit.runners.ParentRunner$1.schedule(ParentRunner.java:79) [junit-4.13.jar:4.13]
	at org.junit.runners.ParentRunner.runChildren(ParentRunner.java:329) [junit-4.13.jar:4.13]
	at org.junit.runners.ParentRunner.access$100(ParentRunner.java:66) [junit-4.13.jar:4.13]
	at org.junit.runners.ParentRunner$2.evaluate(ParentRunner.java:293) [junit-4.13.jar:4.13]
	at org.junit.runners.ParentRunner$3.evaluate(ParentRunner.java:306) [junit-4.13.jar:4.13]
	at org.junit.runners.ParentRunner.run(ParentRunner.java:413) [junit-4.13.jar:4.13]
	at org.apache.maven.surefire.junitcore.JUnitCore.run(JUnitCore.java:55) [surefire-junit47-3.0.0-M4.jar:3.0.0-M4]
	at org.apache.maven.surefire.junitcore.JUnitCoreWrapper.createRequestAndRun(JUnitCoreWrapper.java:137) [surefire-junit47-3.0.0-M4.jar:3.0.0-M4]
	at org.apache.maven.surefire.junitcore.JUnitCoreWrapper.executeEager(JUnitCoreWrapper.java:107) [surefire-junit47-3.0.0-M4.jar:3.0.0-M4]
	at org.apache.maven.surefire.junitcore.JUnitCoreWrapper.execute(JUnitCoreWrapper.java:83) [surefire-junit47-3.0.0-M4.jar:3.0.0-M4]
	at org.apache.maven.surefire.junitcore.JUnitCoreWrapper.execute(JUnitCoreWrapper.java:75) [surefire-junit47-3.0.0-M4.jar:3.0.0-M4]
	at org.apache.maven.surefire.junitcore.JUnitCoreProvider.invoke(JUnitCoreProvider.java:158) [surefire-junit47-3.0.0-M4.jar:3.0.0-M4]
	at org.apache.maven.surefire.booter.ForkedBooter.runSuitesInProcess(ForkedBooter.java:377) [surefire-booter-3.0.0-M4.jar:3.0.0-M4]
	at org.apache.maven.surefire.booter.ForkedBooter.execute(ForkedBooter.java:138) [surefire-booter-3.0.0-M4.jar:3.0.0-M4]
	at org.apache.maven.surefire.booter.ForkedBooter.run(ForkedBooter.java:465) [surefire-booter-3.0.0-M4.jar:3.0.0-M4]
	at org.apache.maven.surefire.booter.ForkedBooter.main(ForkedBooter.java:451) [surefire-booter-3.0.0-M4.jar:3.0.0-M4]
2024-04-24T11:29:29,539  INFO [main] mapReduceLayer.MapReduceLauncher: 100% complete
2024-04-24T11:29:29,540  INFO [main] mapreduce.SimplePigStats: Script Statistics: 

HadoopVersion	PigVersion	UserId	StartedAt	FinishedAt	Features
3.1.0	0.16.0	alex	2024-04-24 11:29:28	2024-04-24 11:29:29	FILTER

Success!

Job Stats (time in seconds):
JobId	Maps	Reduces	MaxMapTime	MinMapTime	AvgMapTime	MedianMapTime	MaxReduceTime	MinReduceTime	AvgReduceTime	MedianReducetime	Alias	Feature	Outputs
job_local1126742006_0009	1	0	n/a	n/a	n/a	n/a	0	0	0	0	E,F	MAP_ONLY	junit_parted_date,
job_local1523647596_0008	1	0	n/a	n/a	n/a	n/a	0	0	0	0	D	MAP_ONLY	junit_unparted_complex,
job_local1826241216_0007	1	0	n/a	n/a	n/a	n/a	0	0	0	0	A,B,B2,C,C2	MULTI_QUERY,MAP_ONLY	junit_unparted_basic,junit_specific_size,junit_specific_db.junit_specific_size2,junit_parted_basic,junit_parted_basic,

Input(s):
Successfully read 2 records from: "/home/alex/Repositories/hive/hcatalog/hcatalog-pig-adapter/build/test/data/org.apache.hive.hcatalog.mapreduce.HCatBaseTest-1713983215978/datetimestamp.input.data"
Successfully read 2 records from: "/home/alex/Repositories/hive/hcatalog/hcatalog-pig-adapter/build/test/data/org.apache.hive.hcatalog.mapreduce.HCatBaseTest-1713983215978/complex.input.data"
Successfully read 9 records from: "/home/alex/Repositories/hive/hcatalog/hcatalog-pig-adapter/build/test/data/org.apache.hive.hcatalog.mapreduce.HCatBaseTest-1713983215978/basic.input.data"

Output(s):
Successfully stored 2 records in: "junit_parted_date"
Successfully stored 2 records in: "junit_unparted_complex"
Successfully stored 0 records in: "junit_unparted_basic"
Successfully stored 0 records in: "junit_specific_size"
Successfully stored 0 records in: "junit_specific_db.junit_specific_size2"
Successfully stored 0 records in: "junit_parted_basic"
Successfully stored records in: "junit_parted_basic"

Counters:
Total records written : 4
Total bytes written : 0
Spillable Memory Manager spill count : 0
Total bags proactively spilled: 0
Total records proactively spilled: 0

Job DAG:
job_local1126742006_0009
job_local1523647596_0008
job_local1826241216_0007


2024-04-24T11:29:29,543  WARN [main] impl.MetricsSystemImpl: JobTracker metrics system already initialized!
2024-04-24T11:29:29,548  WARN [main] impl.MetricsSystemImpl: JobTracker metrics system already initialized!
2024-04-24T11:29:29,552  WARN [main] impl.MetricsSystemImpl: JobTracker metrics system already initialized!
2024-04-24T11:29:29,555  WARN [main] impl.MetricsSystemImpl: JobTracker metrics system already initialized!
2024-04-24T11:29:29,561  WARN [main] impl.MetricsSystemImpl: JobTracker metrics system already initialized!
2024-04-24T11:29:29,563  WARN [main] impl.MetricsSystemImpl: JobTracker metrics system already initialized!
2024-04-24T11:29:29,564  INFO [main] mapReduceLayer.MapReduceLauncher: Success!
2024-04-24T11:29:29,585  INFO [main] executionengine.HExecutionEngine: Connecting to hadoop file system at: file:///
2024-04-24T11:29:29,585  INFO [main] pig.PigServer: Pig Script ID for the session: PIG-default-773f6ce7-6369-4b4e-88ef-689d661eecc4
2024-04-24T11:29:29,605  WARN [main] conf.HiveConf: HiveConf of name hive.dummyparam.test.server.specific.config.override does not exist
2024-04-24T11:29:29,605  WARN [main] conf.HiveConf: HiveConf of name hive.metastore.metadb.dir does not exist
2024-04-24T11:29:29,605  WARN [main] conf.HiveConf: HiveConf of name hive.metastore.client.cache.recordStats does not exist
2024-04-24T11:29:29,605  WARN [main] conf.HiveConf: HiveConf of name hive.llap.io.cache.orc.arena.size does not exist
2024-04-24T11:29:29,605  WARN [main] conf.HiveConf: HiveConf of name hive.llap.io.cache.orc.alloc.min does not exist
2024-04-24T11:29:29,605  WARN [main] conf.HiveConf: HiveConf of name hive.dummyparam.test.server.specific.config.metastoresite does not exist
2024-04-24T11:29:29,605  WARN [main] conf.HiveConf: HiveConf of name hive.metastore.client.cache.maxSize does not exist
2024-04-24T11:29:29,605  WARN [main] conf.HiveConf: HiveConf of name hive.stats.key.prefix.reserve.length does not exist
2024-04-24T11:29:29,605  WARN [main] conf.HiveConf: HiveConf of name hive.dummyparam.test.server.specific.config.hivesite does not exist
2024-04-24T11:29:29,606  WARN [main] conf.HiveConf: HiveConf of name hive.llap.io.cache.orc.alloc.max does not exist
2024-04-24T11:29:29,606  WARN [main] conf.HiveConf: HiveConf of name hive.llap.io.cache.orc.size does not exist
2024-04-24T11:29:29,606  INFO [main] HiveMetaStore.audit: ugi=alex	ip=unknown-ip-addr	cmd=get_databases: @hive#NonExistentDatabaseUsedForHealthCheck	
2024-04-24T11:29:29,608  INFO [main] HiveMetaStore.audit: ugi=alex	ip=unknown-ip-addr	cmd=get_table : tbl=hive.default.junit_unparted_alltypes	
2024-04-24T11:29:29,617  INFO [main] metastore.HMSHandler: Skipping translation for processor with null
2024-04-24T11:29:29,632  WARN [main] conf.HiveConf: HiveConf of name hive.llap.io.cache.orc.size does not exist
2024-04-24T11:29:29,632  WARN [main] conf.HiveConf: HiveConf of name hive.llap.io.cache.orc.arena.size does not exist
2024-04-24T11:29:29,632  WARN [main] conf.HiveConf: HiveConf of name hive.metastore.client.cache.maxSize does not exist
2024-04-24T11:29:29,632  WARN [main] conf.HiveConf: HiveConf of name hive.llap.io.cache.orc.alloc.max does not exist
2024-04-24T11:29:29,632  WARN [main] conf.HiveConf: HiveConf of name hive.llap.io.cache.orc.alloc.min does not exist
2024-04-24T11:29:29,632  WARN [main] conf.HiveConf: HiveConf of name hive.metastore.metadb.dir does not exist
2024-04-24T11:29:29,633  WARN [main] conf.HiveConf: HiveConf of name hive.metastore.client.cache.recordStats does not exist
2024-04-24T11:29:29,633  WARN [main] conf.HiveConf: HiveConf of name hive.dummyparam.test.server.specific.config.hivesite does not exist
2024-04-24T11:29:29,633  WARN [main] conf.HiveConf: HiveConf of name hive.dummyparam.test.server.specific.config.override does not exist
2024-04-24T11:29:29,633  WARN [main] conf.HiveConf: HiveConf of name hive.stats.key.prefix.reserve.length does not exist
2024-04-24T11:29:29,633  WARN [main] conf.HiveConf: HiveConf of name hive.dummyparam.test.server.specific.config.metastoresite does not exist
2024-04-24T11:29:29,634  INFO [main] HiveMetaStore.audit: ugi=alex	ip=unknown-ip-addr	cmd=get_databases: @hive#NonExistentDatabaseUsedForHealthCheck	
2024-04-24T11:29:29,637  INFO [main] HiveMetaStore.audit: ugi=alex	ip=unknown-ip-addr	cmd=get_table : tbl=hive.default.junit_unparted_alltypes	
2024-04-24T11:29:29,648  INFO [main] metastore.HMSHandler: Skipping translation for processor with null
2024-04-24T11:29:29,649  INFO [main] ql.Driver: Compiling command(queryId=alex_20240424112927_2b8c7ddc-ca66-44e6-a269-5a44fbedacf4): drop table if exists junit_unparted_basic
2024-04-24T11:29:29,649  INFO [main] HiveMetaStore.audit: ugi=alex	ip=unknown-ip-addr	cmd=get_table : tbl=hive.default.junit_unparted_basic	
2024-04-24T11:29:29,659  INFO [main] metastore.HMSHandler: Skipping translation for processor with null
2024-04-24T11:29:29,659  INFO [main] ql.Driver: Semantic Analysis Completed (retrial = false)
2024-04-24T11:29:29,659  INFO [main] ql.Driver: Created Hive schema: Schema(fieldSchemas:null, properties:null)
2024-04-24T11:29:29,659  INFO [main] metadata.Hive: Dumping metastore api call timing information for : compilation phase
2024-04-24T11:29:29,660  INFO [main] metadata.Hive: Total time spent in each metastore function (ms): {flushCache_()=0, isCompatibleWith_(Configuration)=0, getTable_(GetTableRequest)=10}
2024-04-24T11:29:29,660  INFO [main] ql.Driver: Completed compiling command(queryId=alex_20240424112927_2b8c7ddc-ca66-44e6-a269-5a44fbedacf4); Time taken: 0.01 seconds
2024-04-24T11:29:29,660  INFO [main] reexec.ReExecDriver: Execution #1 of query
2024-04-24T11:29:29,660  INFO [main] ql.Driver: Concurrency mode is disabled, not creating a lock manager
2024-04-24T11:29:29,660  INFO [main] ql.Driver: Executing command(queryId=alex_20240424112927_2b8c7ddc-ca66-44e6-a269-5a44fbedacf4): drop table if exists junit_unparted_basic
2024-04-24T11:29:29,660  INFO [main] ql.Driver: Starting task [Stage-0:DDL] in serial mode
2024-04-24T11:29:29,660  INFO [main] HiveMetaStore.audit: ugi=alex	ip=unknown-ip-addr	cmd=get_table : tbl=hive.default.junit_unparted_basic	
2024-04-24T11:29:29,670  INFO [main] metastore.HMSHandler: Skipping translation for processor with null
2024-04-24T11:29:29,670  INFO [main] HiveMetaStore.audit: ugi=alex	ip=unknown-ip-addr	cmd=get_table : tbl=hive.default.junit_unparted_basic	
2024-04-24T11:29:29,684  INFO [main] metastore.HMSHandler: Skipping translation for processor with null
2024-04-24T11:29:29,684  INFO [main] HiveMetaStore.audit: ugi=alex	ip=unknown-ip-addr	cmd=drop_table : tbl=hive.default.junit_unparted_basic	
2024-04-24T11:29:29,718  INFO [main] metadata.Hive: Dumping metastore api call timing information for : execution phase
2024-04-24T11:29:29,718  INFO [main] metadata.Hive: Total time spent in each metastore function (ms): {dropTable_(String, String, boolean, boolean, boolean)=48, isCompatibleWith_(Configuration)=0, getTable_(GetTableRequest)=10}
2024-04-24T11:29:29,718  INFO [main] ql.Driver: Completed executing command(queryId=alex_20240424112927_2b8c7ddc-ca66-44e6-a269-5a44fbedacf4); Time taken: 0.058 seconds
2024-04-24T11:29:29,719  INFO [main] ql.Driver: Compiling command(queryId=alex_20240424112927_2b8c7ddc-ca66-44e6-a269-5a44fbedacf4): drop table if exists junit_unparted_complex
2024-04-24T11:29:29,719  INFO [main] HiveMetaStore.audit: ugi=alex	ip=unknown-ip-addr	cmd=get_table : tbl=hive.default.junit_unparted_complex	
2024-04-24T11:29:29,729  INFO [main] metastore.HMSHandler: Skipping translation for processor with null
2024-04-24T11:29:29,729  INFO [main] ql.Driver: Semantic Analysis Completed (retrial = false)
2024-04-24T11:29:29,729  INFO [main] ql.Driver: Created Hive schema: Schema(fieldSchemas:null, properties:null)
2024-04-24T11:29:29,729  INFO [main] metadata.Hive: Dumping metastore api call timing information for : compilation phase
2024-04-24T11:29:29,729  INFO [main] metadata.Hive: Total time spent in each metastore function (ms): {flushCache_()=0, getTable_(GetTableRequest)=10, isCompatibleWith_(Configuration)=0}
2024-04-24T11:29:29,729  INFO [main] ql.Driver: Completed compiling command(queryId=alex_20240424112927_2b8c7ddc-ca66-44e6-a269-5a44fbedacf4); Time taken: 0.01 seconds
2024-04-24T11:29:29,729  INFO [main] reexec.ReExecDriver: Execution #1 of query
2024-04-24T11:29:29,729  INFO [main] ql.Driver: Concurrency mode is disabled, not creating a lock manager
2024-04-24T11:29:29,730  INFO [main] ql.Driver: Executing command(queryId=alex_20240424112927_2b8c7ddc-ca66-44e6-a269-5a44fbedacf4): drop table if exists junit_unparted_complex
2024-04-24T11:29:29,730  INFO [main] ql.Driver: Starting task [Stage-0:DDL] in serial mode
2024-04-24T11:29:29,730  INFO [main] HiveMetaStore.audit: ugi=alex	ip=unknown-ip-addr	cmd=get_table : tbl=hive.default.junit_unparted_complex	
2024-04-24T11:29:29,739  INFO [main] metastore.HMSHandler: Skipping translation for processor with null
2024-04-24T11:29:29,739  INFO [main] HiveMetaStore.audit: ugi=alex	ip=unknown-ip-addr	cmd=get_table : tbl=hive.default.junit_unparted_complex	
2024-04-24T11:29:29,748  INFO [main] metastore.HMSHandler: Skipping translation for processor with null
2024-04-24T11:29:29,748  INFO [main] HiveMetaStore.audit: ugi=alex	ip=unknown-ip-addr	cmd=drop_table : tbl=hive.default.junit_unparted_complex	
2024-04-24T11:29:29,786  INFO [main] metadata.Hive: Dumping metastore api call timing information for : execution phase
2024-04-24T11:29:29,786  INFO [main] metadata.Hive: Total time spent in each metastore function (ms): {isCompatibleWith_(Configuration)=0, getTable_(GetTableRequest)=9, dropTable_(String, String, boolean, boolean, boolean)=47}
2024-04-24T11:29:29,786  INFO [main] ql.Driver: Completed executing command(queryId=alex_20240424112927_2b8c7ddc-ca66-44e6-a269-5a44fbedacf4); Time taken: 0.056 seconds
2024-04-24T11:29:29,787  INFO [main] ql.Driver: Compiling command(queryId=alex_20240424112927_2b8c7ddc-ca66-44e6-a269-5a44fbedacf4): drop table if exists junit_parted_basic
2024-04-24T11:29:29,787  INFO [main] HiveMetaStore.audit: ugi=alex	ip=unknown-ip-addr	cmd=get_table : tbl=hive.default.junit_parted_basic	
2024-04-24T11:29:29,797  INFO [main] metastore.HMSHandler: Skipping translation for processor with null
2024-04-24T11:29:29,797  INFO [main] ql.Driver: Semantic Analysis Completed (retrial = false)
2024-04-24T11:29:29,797  INFO [main] ql.Driver: Created Hive schema: Schema(fieldSchemas:null, properties:null)
2024-04-24T11:29:29,797  INFO [main] metadata.Hive: Dumping metastore api call timing information for : compilation phase
2024-04-24T11:29:29,798  INFO [main] metadata.Hive: Total time spent in each metastore function (ms): {getTable_(GetTableRequest)=10, isCompatibleWith_(Configuration)=0, flushCache_()=0}
2024-04-24T11:29:29,798  INFO [main] ql.Driver: Completed compiling command(queryId=alex_20240424112927_2b8c7ddc-ca66-44e6-a269-5a44fbedacf4); Time taken: 0.01 seconds
2024-04-24T11:29:29,798  INFO [main] reexec.ReExecDriver: Execution #1 of query
2024-04-24T11:29:29,798  INFO [main] ql.Driver: Concurrency mode is disabled, not creating a lock manager
2024-04-24T11:29:29,798  INFO [main] ql.Driver: Executing command(queryId=alex_20240424112927_2b8c7ddc-ca66-44e6-a269-5a44fbedacf4): drop table if exists junit_parted_basic
2024-04-24T11:29:29,798  INFO [main] ql.Driver: Starting task [Stage-0:DDL] in serial mode
2024-04-24T11:29:29,798  INFO [main] HiveMetaStore.audit: ugi=alex	ip=unknown-ip-addr	cmd=get_table : tbl=hive.default.junit_parted_basic	
2024-04-24T11:29:29,808  INFO [main] metastore.HMSHandler: Skipping translation for processor with null
2024-04-24T11:29:29,808  INFO [main] HiveMetaStore.audit: ugi=alex	ip=unknown-ip-addr	cmd=get_table : tbl=hive.default.junit_parted_basic	
2024-04-24T11:29:29,817  INFO [main] metastore.HMSHandler: Skipping translation for processor with null
2024-04-24T11:29:29,817  INFO [main] HiveMetaStore.audit: ugi=alex	ip=unknown-ip-addr	cmd=drop_table : tbl=hive.default.junit_parted_basic	
2024-04-24T11:29:29,905  INFO [main] metadata.Hive: Dumping metastore api call timing information for : execution phase
2024-04-24T11:29:29,905  INFO [main] metadata.Hive: Total time spent in each metastore function (ms): {getTable_(GetTableRequest)=10, dropTable_(String, String, boolean, boolean, boolean)=97, isCompatibleWith_(Configuration)=0}
2024-04-24T11:29:29,905  INFO [main] ql.Driver: Completed executing command(queryId=alex_20240424112927_2b8c7ddc-ca66-44e6-a269-5a44fbedacf4); Time taken: 0.107 seconds
2024-04-24T11:29:29,906  INFO [main] ql.Driver: Compiling command(queryId=alex_20240424112927_2b8c7ddc-ca66-44e6-a269-5a44fbedacf4): drop table if exists junit_specific_size
2024-04-24T11:29:29,906  INFO [main] HiveMetaStore.audit: ugi=alex	ip=unknown-ip-addr	cmd=get_table : tbl=hive.default.junit_specific_size	
2024-04-24T11:29:29,916  INFO [main] metastore.HMSHandler: Skipping translation for processor with null
2024-04-24T11:29:29,916  INFO [main] ql.Driver: Semantic Analysis Completed (retrial = false)
2024-04-24T11:29:29,916  INFO [main] ql.Driver: Created Hive schema: Schema(fieldSchemas:null, properties:null)
2024-04-24T11:29:29,916  INFO [main] metadata.Hive: Dumping metastore api call timing information for : compilation phase
2024-04-24T11:29:29,916  INFO [main] metadata.Hive: Total time spent in each metastore function (ms): {isCompatibleWith_(Configuration)=0, getTable_(GetTableRequest)=10, flushCache_()=0}
2024-04-24T11:29:29,916  INFO [main] ql.Driver: Completed compiling command(queryId=alex_20240424112927_2b8c7ddc-ca66-44e6-a269-5a44fbedacf4); Time taken: 0.01 seconds
2024-04-24T11:29:29,917  INFO [main] reexec.ReExecDriver: Execution #1 of query
2024-04-24T11:29:29,917  INFO [main] ql.Driver: Concurrency mode is disabled, not creating a lock manager
2024-04-24T11:29:29,917  INFO [main] ql.Driver: Executing command(queryId=alex_20240424112927_2b8c7ddc-ca66-44e6-a269-5a44fbedacf4): drop table if exists junit_specific_size
2024-04-24T11:29:29,917  INFO [main] ql.Driver: Starting task [Stage-0:DDL] in serial mode
2024-04-24T11:29:29,917  INFO [main] HiveMetaStore.audit: ugi=alex	ip=unknown-ip-addr	cmd=get_table : tbl=hive.default.junit_specific_size	
2024-04-24T11:29:29,926  INFO [main] metastore.HMSHandler: Skipping translation for processor with null
2024-04-24T11:29:29,927  INFO [main] HiveMetaStore.audit: ugi=alex	ip=unknown-ip-addr	cmd=get_table : tbl=hive.default.junit_specific_size	
2024-04-24T11:29:29,936  INFO [main] metastore.HMSHandler: Skipping translation for processor with null
2024-04-24T11:29:29,936  INFO [main] HiveMetaStore.audit: ugi=alex	ip=unknown-ip-addr	cmd=drop_table : tbl=hive.default.junit_specific_size	
2024-04-24T11:29:29,972  INFO [main] metadata.Hive: Dumping metastore api call timing information for : execution phase
2024-04-24T11:29:29,972  INFO [main] metadata.Hive: Total time spent in each metastore function (ms): {dropTable_(String, String, boolean, boolean, boolean)=46, getTable_(GetTableRequest)=9, isCompatibleWith_(Configuration)=0}
2024-04-24T11:29:29,973  INFO [main] ql.Driver: Completed executing command(queryId=alex_20240424112927_2b8c7ddc-ca66-44e6-a269-5a44fbedacf4); Time taken: 0.055 seconds
2024-04-24T11:29:29,973  INFO [main] ql.Driver: Compiling command(queryId=alex_20240424112927_2b8c7ddc-ca66-44e6-a269-5a44fbedacf4): drop table if exists junit_parted_date
2024-04-24T11:29:29,973  INFO [main] HiveMetaStore.audit: ugi=alex	ip=unknown-ip-addr	cmd=get_table : tbl=hive.default.junit_parted_date	
2024-04-24T11:29:29,985  INFO [main] metastore.HMSHandler: Skipping translation for processor with null
2024-04-24T11:29:29,985  INFO [main] ql.Driver: Semantic Analysis Completed (retrial = false)
2024-04-24T11:29:29,985  INFO [main] ql.Driver: Created Hive schema: Schema(fieldSchemas:null, properties:null)
2024-04-24T11:29:29,985  INFO [main] metadata.Hive: Dumping metastore api call timing information for : compilation phase
2024-04-24T11:29:29,985  INFO [main] metadata.Hive: Total time spent in each metastore function (ms): {flushCache_()=0, isCompatibleWith_(Configuration)=0, getTable_(GetTableRequest)=12}
2024-04-24T11:29:29,986  INFO [main] ql.Driver: Completed compiling command(queryId=alex_20240424112927_2b8c7ddc-ca66-44e6-a269-5a44fbedacf4); Time taken: 0.012 seconds
2024-04-24T11:29:29,986  INFO [main] reexec.ReExecDriver: Execution #1 of query
2024-04-24T11:29:29,986  INFO [main] ql.Driver: Concurrency mode is disabled, not creating a lock manager
2024-04-24T11:29:29,986  INFO [main] ql.Driver: Executing command(queryId=alex_20240424112927_2b8c7ddc-ca66-44e6-a269-5a44fbedacf4): drop table if exists junit_parted_date
2024-04-24T11:29:29,986  INFO [main] ql.Driver: Starting task [Stage-0:DDL] in serial mode
2024-04-24T11:29:29,986  INFO [main] HiveMetaStore.audit: ugi=alex	ip=unknown-ip-addr	cmd=get_table : tbl=hive.default.junit_parted_date	
2024-04-24T11:29:29,995  INFO [main] metastore.HMSHandler: Skipping translation for processor with null
2024-04-24T11:29:29,996  INFO [main] HiveMetaStore.audit: ugi=alex	ip=unknown-ip-addr	cmd=get_table : tbl=hive.default.junit_parted_date	
2024-04-24T11:29:30,005  INFO [main] metastore.HMSHandler: Skipping translation for processor with null
2024-04-24T11:29:30,005  INFO [main] HiveMetaStore.audit: ugi=alex	ip=unknown-ip-addr	cmd=drop_table : tbl=hive.default.junit_parted_date	
2024-04-24T11:29:30,075  INFO [main] metadata.Hive: Dumping metastore api call timing information for : execution phase
2024-04-24T11:29:30,075  INFO [main] metadata.Hive: Total time spent in each metastore function (ms): {dropTable_(String, String, boolean, boolean, boolean)=79, isCompatibleWith_(Configuration)=0, getTable_(GetTableRequest)=10}
2024-04-24T11:29:30,075  INFO [main] ql.Driver: Completed executing command(queryId=alex_20240424112927_2b8c7ddc-ca66-44e6-a269-5a44fbedacf4); Time taken: 0.089 seconds
2024-04-24T11:29:30,075  INFO [main] ql.Driver: Compiling command(queryId=alex_20240424112927_2b8c7ddc-ca66-44e6-a269-5a44fbedacf4): drop table if exists junit_unparted_alltypes
2024-04-24T11:29:30,076  INFO [main] HiveMetaStore.audit: ugi=alex	ip=unknown-ip-addr	cmd=get_table : tbl=hive.default.junit_unparted_alltypes	
2024-04-24T11:29:30,086  INFO [main] metastore.HMSHandler: Skipping translation for processor with null
2024-04-24T11:29:30,086  INFO [main] ql.Driver: Semantic Analysis Completed (retrial = false)
2024-04-24T11:29:30,086  INFO [main] ql.Driver: Created Hive schema: Schema(fieldSchemas:null, properties:null)
2024-04-24T11:29:30,086  INFO [main] metadata.Hive: Dumping metastore api call timing information for : compilation phase
2024-04-24T11:29:30,086  INFO [main] metadata.Hive: Total time spent in each metastore function (ms): {getTable_(GetTableRequest)=10, isCompatibleWith_(Configuration)=0, flushCache_()=0}
2024-04-24T11:29:30,086  INFO [main] ql.Driver: Completed compiling command(queryId=alex_20240424112927_2b8c7ddc-ca66-44e6-a269-5a44fbedacf4); Time taken: 0.011 seconds
2024-04-24T11:29:30,086  INFO [main] reexec.ReExecDriver: Execution #1 of query
2024-04-24T11:29:30,087  INFO [main] ql.Driver: Concurrency mode is disabled, not creating a lock manager
2024-04-24T11:29:30,087  INFO [main] ql.Driver: Executing command(queryId=alex_20240424112927_2b8c7ddc-ca66-44e6-a269-5a44fbedacf4): drop table if exists junit_unparted_alltypes
2024-04-24T11:29:30,087  INFO [main] ql.Driver: Starting task [Stage-0:DDL] in serial mode
2024-04-24T11:29:30,087  INFO [main] HiveMetaStore.audit: ugi=alex	ip=unknown-ip-addr	cmd=get_table : tbl=hive.default.junit_unparted_alltypes	
2024-04-24T11:29:30,097  INFO [main] metastore.HMSHandler: Skipping translation for processor with null
2024-04-24T11:29:30,097  INFO [main] HiveMetaStore.audit: ugi=alex	ip=unknown-ip-addr	cmd=get_table : tbl=hive.default.junit_unparted_alltypes	
2024-04-24T11:29:30,108  INFO [main] metastore.HMSHandler: Skipping translation for processor with null
2024-04-24T11:29:30,108  INFO [main] HiveMetaStore.audit: ugi=alex	ip=unknown-ip-addr	cmd=drop_table : tbl=hive.default.junit_unparted_alltypes	
2024-04-24T11:29:30,146  INFO [main] metadata.Hive: Dumping metastore api call timing information for : execution phase
2024-04-24T11:29:30,146  INFO [main] metadata.Hive: Total time spent in each metastore function (ms): {dropTable_(String, String, boolean, boolean, boolean)=49, isCompatibleWith_(Configuration)=0, getTable_(GetTableRequest)=10}
2024-04-24T11:29:30,146  INFO [main] ql.Driver: Completed executing command(queryId=alex_20240424112927_2b8c7ddc-ca66-44e6-a269-5a44fbedacf4); Time taken: 0.059 seconds
2024-04-24T11:29:30,147  INFO [main] ql.Driver: Compiling command(queryId=alex_20240424112927_2b8c7ddc-ca66-44e6-a269-5a44fbedacf4): drop database if exists junit_specific_db cascade
2024-04-24T11:29:30,147  INFO [main] HiveMetaStore.audit: ugi=alex	ip=unknown-ip-addr	cmd=get_database: junit_specific_db	
2024-04-24T11:29:30,151  INFO [main] HiveMetaStore.audit: ugi=alex	ip=unknown-ip-addr	cmd=get_multi_table : db=junit_specific_db tbls=null	
2024-04-24T11:29:30,159  INFO [main] HiveMetaStore.audit: ugi=alex	ip=unknown-ip-addr	cmd=get_multi_table : db=junit_specific_db tbls=junit_specific_size2	
2024-04-24T11:29:30,165  INFO [main] ql.Driver: Semantic Analysis Completed (retrial = false)
2024-04-24T11:29:30,165  INFO [main] ql.Driver: Created Hive schema: Schema(fieldSchemas:null, properties:null)
2024-04-24T11:29:30,165  INFO [main] metadata.Hive: Dumping metastore api call timing information for : compilation phase
2024-04-24T11:29:30,165  INFO [main] metadata.Hive: Total time spent in each metastore function (ms): {flushCache_()=0, isCompatibleWith_(Configuration)=0, getDatabase_(String)=2, getTables_(String, String)=8, getTableObjectsByName_(String, List)=7}
2024-04-24T11:29:30,165  INFO [main] ql.Driver: Completed compiling command(queryId=alex_20240424112927_2b8c7ddc-ca66-44e6-a269-5a44fbedacf4); Time taken: 0.018 seconds
2024-04-24T11:29:30,165  INFO [main] reexec.ReExecDriver: Execution #1 of query
2024-04-24T11:29:30,165  INFO [main] ql.Driver: Concurrency mode is disabled, not creating a lock manager
2024-04-24T11:29:30,165  INFO [main] ql.Driver: Executing command(queryId=alex_20240424112927_2b8c7ddc-ca66-44e6-a269-5a44fbedacf4): drop database if exists junit_specific_db cascade
2024-04-24T11:29:30,165  INFO [main] ql.Driver: Starting task [Stage-0:DDL] in serial mode
2024-04-24T11:29:30,165  INFO [main] HiveMetaStore.audit: ugi=alex	ip=unknown-ip-addr	cmd=get_database: junit_specific_db	
2024-04-24T11:29:30,167  INFO [main] HiveMetaStore.audit: ugi=alex	ip=unknown-ip-addr	cmd=get_tables_by_type: db=@hive#junit_specific_db pat=.*,type=MATERIALIZED_VIEW	
2024-04-24T11:29:30,167  INFO [main] HiveMetaStore.audit: ugi=alex	ip=unknown-ip-addr	cmd=getTablesByTypeCore: catName=hive: db=junit_specific_db pat=.*,type=MATERIALIZED_VIEW	
2024-04-24T11:29:30,172  INFO [main] HiveMetaStore.audit: ugi=alex	ip=unknown-ip-addr	cmd=get_all_tables: db=@hive#junit_specific_db	
2024-04-24T11:29:30,178  INFO [main] HiveMetaStore.audit: ugi=alex	ip=unknown-ip-addr	cmd=get_multi_table : db=junit_specific_db tbls=junit_specific_size2	
2024-04-24T11:29:30,181  INFO [main] HiveMetaStore.audit: ugi=alex	ip=unknown-ip-addr	cmd=drop_database: @hive#junit_specific_db	
2024-04-24T11:29:30,182  INFO [main] HiveMetaStore.audit: ugi=alex	ip=unknown-ip-addr	cmd=get_all_tables: db=@hive#junit_specific_db	
2024-04-24T11:29:30,183  INFO [main] HiveMetaStore.audit: ugi=alex	ip=unknown-ip-addr	cmd=get_functions: db=@hive#junit_specific_db pat=*	
2024-04-24T11:29:30,189  INFO [main] HiveMetaStore.audit: ugi=alex	ip=unknown-ip-addr	cmd=get_all_stored_procedures	
2024-04-24T11:29:30,193  INFO [main] HiveMetaStore.audit: ugi=alex	ip=unknown-ip-addr	cmd=get_all_packages	
2024-04-24T11:29:30,197  INFO [main] HiveMetaStore.audit: ugi=alex	ip=unknown-ip-addr	cmd=getTablesByTypeCore: catName=hive: db=junit_specific_db pat=.*,type=MATERIALIZED_VIEW	
2024-04-24T11:29:30,202  INFO [main] metastore.ObjectStore: Dropping database hive.junit_specific_db along with all tables
2024-04-24T11:29:30,221  INFO [main] txn.TxnHandler: Non-retryable error in cleanupRecords : Table/View 'TXN_COMPONENTS' does not exist. (SQLState=42X05, ErrorCode=20000)
2024-04-24T11:29:30,221  WARN [main] txn.TxnHandler: Cannot perform cleanup since metastore table does not exist
2024-04-24T11:29:30,223 ERROR [main] metastore.RetryingHMSHandler: Retrying HMSHandler after 2000 ms (attempt 1 of 10) with error: javax.jdo.JDODataStoreException: Exception thrown flushing changes to datastore
	at org.datanucleus.api.jdo.NucleusJDOHelper.getJDOExceptionForNucleusException(NucleusJDOHelper.java:542)
	at org.datanucleus.api.jdo.JDOTransaction.commit(JDOTransaction.java:162)
	at org.apache.hadoop.hive.metastore.ObjectStore.commitTransaction(ObjectStore.java:615)
	at sun.reflect.GeneratedMethodAccessor31.invoke(Unknown Source)
	at sun.reflect.DelegatingMethodAccessorImpl.invoke(DelegatingMethodAccessorImpl.java:43)
	at java.lang.reflect.Method.invoke(Method.java:498)
	at org.apache.hadoop.hive.metastore.RawStoreProxy.invoke(RawStoreProxy.java:97)
	at com.sun.proxy.$Proxy32.commitTransaction(Unknown Source)
	at org.apache.hadoop.hive.metastore.HMSHandler.drop_database_core(HMSHandler.java:1790)
	at org.apache.hadoop.hive.metastore.HMSHandler.drop_database(HMSHandler.java:1869)
	at sun.reflect.GeneratedMethodAccessor54.invoke(Unknown Source)
	at sun.reflect.DelegatingMethodAccessorImpl.invoke(DelegatingMethodAccessorImpl.java:43)
	at java.lang.reflect.Method.invoke(Method.java:498)
	at org.apache.hadoop.hive.metastore.RetryingHMSHandler.invokeInternal(RetryingHMSHandler.java:147)
	at org.apache.hadoop.hive.metastore.RetryingHMSHandler.invoke(RetryingHMSHandler.java:108)
	at com.sun.proxy.$Proxy35.drop_database(Unknown Source)
	at org.apache.hadoop.hive.metastore.HiveMetaStoreClient.dropDatabaseCascadePerDb(HiveMetaStoreClient.java:1601)
	at org.apache.hadoop.hive.metastore.HiveMetaStoreClient.dropDatabase(HiveMetaStoreClient.java:1532)
	at org.apache.hadoop.hive.metastore.HiveMetaStoreClient.dropDatabase(HiveMetaStoreClient.java:1485)
	at sun.reflect.NativeMethodAccessorImpl.invoke0(Native Method)
	at sun.reflect.NativeMethodAccessorImpl.invoke(NativeMethodAccessorImpl.java:62)
	at sun.reflect.DelegatingMethodAccessorImpl.invoke(DelegatingMethodAccessorImpl.java:43)
	at java.lang.reflect.Method.invoke(Method.java:498)
	at org.apache.hadoop.hive.metastore.RetryingMetaStoreClient.invoke(RetryingMetaStoreClient.java:218)
	at com.sun.proxy.$Proxy45.dropDatabase(Unknown Source)
	at org.apache.hadoop.hive.ql.metadata.Hive.dropDatabase(Hive.java:662)
	at org.apache.hadoop.hive.ql.ddl.database.drop.DropDatabaseOperation.execute(DropDatabaseOperation.java:52)
	at org.apache.hadoop.hive.ql.ddl.DDLTask.execute(DDLTask.java:84)
	at org.apache.hadoop.hive.ql.exec.Task.executeTask(Task.java:212)
	at org.apache.hadoop.hive.ql.exec.TaskRunner.runSequential(TaskRunner.java:105)
	at org.apache.hadoop.hive.ql.Executor.launchTask(Executor.java:361)
	at org.apache.hadoop.hive.ql.Executor.launchTasks(Executor.java:334)
	at org.apache.hadoop.hive.ql.Executor.runTasks(Executor.java:245)
	at org.apache.hadoop.hive.ql.Executor.execute(Executor.java:108)
	at org.apache.hadoop.hive.ql.Driver.execute(Driver.java:348)
	at org.apache.hadoop.hive.ql.Driver.runInternal(Driver.java:204)
	at org.apache.hadoop.hive.ql.Driver.run(Driver.java:153)
	at org.apache.hadoop.hive.ql.Driver.run(Driver.java:148)
	at org.apache.hadoop.hive.ql.reexec.ReExecDriver.run(ReExecDriver.java:164)
	at org.apache.hadoop.hive.ql.reexec.ReExecDriver.run(ReExecDriver.java:230)
	at org.apache.hive.hcatalog.pig.AbstractHCatLoaderTest.executeStatementOnDriver(AbstractHCatLoaderTest.java:151)
	at org.apache.hive.hcatalog.pig.AbstractHCatLoaderTest.tearDown(AbstractHCatLoaderTest.java:239)
	at sun.reflect.NativeMethodAccessorImpl.invoke0(Native Method)
	at sun.reflect.NativeMethodAccessorImpl.invoke(NativeMethodAccessorImpl.java:62)
	at sun.reflect.DelegatingMethodAccessorImpl.invoke(DelegatingMethodAccessorImpl.java:43)
	at java.lang.reflect.Method.invoke(Method.java:498)
	at org.junit.runners.model.FrameworkMethod$1.runReflectiveCall(FrameworkMethod.java:59)
	at org.junit.internal.runners.model.ReflectiveCallable.run(ReflectiveCallable.java:12)
	at org.junit.runners.model.FrameworkMethod.invokeExplosively(FrameworkMethod.java:56)
	at org.junit.internal.runners.statements.RunAfters.invokeMethod(RunAfters.java:46)
	at org.junit.internal.runners.statements.RunAfters.evaluate(RunAfters.java:33)
	at org.junit.runners.ParentRunner$3.evaluate(ParentRunner.java:306)
	at org.junit.runners.BlockJUnit4ClassRunner$1.evaluate(BlockJUnit4ClassRunner.java:100)
	at org.junit.runners.ParentRunner.runLeaf(ParentRunner.java:366)
	at org.junit.runners.BlockJUnit4ClassRunner.runChild(BlockJUnit4ClassRunner.java:103)
	at org.junit.runners.BlockJUnit4ClassRunner.runChild(BlockJUnit4ClassRunner.java:63)
	at org.junit.runners.ParentRunner$4.run(ParentRunner.java:331)
	at org.junit.runners.ParentRunner$1.schedule(ParentRunner.java:79)
	at org.junit.runners.ParentRunner.runChildren(ParentRunner.java:329)
	at org.junit.runners.ParentRunner.access$100(ParentRunner.java:66)
	at org.junit.runners.ParentRunner$2.evaluate(ParentRunner.java:293)
	at org.junit.internal.runners.statements.RunBefores.evaluate(RunBefores.java:26)
	at org.junit.runners.ParentRunner$3.evaluate(ParentRunner.java:306)
	at org.junit.runners.ParentRunner.run(ParentRunner.java:413)
	at org.junit.runners.Suite.runChild(Suite.java:128)
	at org.junit.runners.Suite.runChild(Suite.java:27)
	at org.junit.runners.ParentRunner$4.run(ParentRunner.java:331)
	at org.junit.runners.ParentRunner$1.schedule(ParentRunner.java:79)
	at org.junit.runners.ParentRunner.runChildren(ParentRunner.java:329)
	at org.junit.runners.ParentRunner.access$100(ParentRunner.java:66)
	at org.junit.runners.ParentRunner$2.evaluate(ParentRunner.java:293)
	at org.junit.runners.ParentRunner$3.evaluate(ParentRunner.java:306)
	at org.junit.runners.ParentRunner.run(ParentRunner.java:413)
	at org.apache.maven.surefire.junitcore.JUnitCore.run(JUnitCore.java:55)
	at org.apache.maven.surefire.junitcore.JUnitCoreWrapper.createRequestAndRun(JUnitCoreWrapper.java:137)
	at org.apache.maven.surefire.junitcore.JUnitCoreWrapper.executeEager(JUnitCoreWrapper.java:107)
	at org.apache.maven.surefire.junitcore.JUnitCoreWrapper.execute(JUnitCoreWrapper.java:83)
	at org.apache.maven.surefire.junitcore.JUnitCoreWrapper.execute(JUnitCoreWrapper.java:75)
	at org.apache.maven.surefire.junitcore.JUnitCoreProvider.invoke(JUnitCoreProvider.java:158)
	at org.apache.maven.surefire.booter.ForkedBooter.runSuitesInProcess(ForkedBooter.java:377)
	at org.apache.maven.surefire.booter.ForkedBooter.execute(ForkedBooter.java:138)
	at org.apache.maven.surefire.booter.ForkedBooter.run(ForkedBooter.java:465)
	at org.apache.maven.surefire.booter.ForkedBooter.main(ForkedBooter.java:451)
NestedThrowablesStackTrace:
java.sql.BatchUpdateException: DELETE on table 'DBS' caused a violation of foreign key constraint 'TBLS_FK1' for key (4).  The statement has been rolled back.
	at org.apache.derby.impl.jdbc.EmbedStatement.executeLargeBatch(Unknown Source)
	at org.apache.derby.impl.jdbc.EmbedStatement.executeBatch(Unknown Source)
	at com.zaxxer.hikari.pool.ProxyStatement.executeBatch(ProxyStatement.java:128)
	at com.zaxxer.hikari.pool.HikariProxyPreparedStatement.executeBatch(HikariProxyPreparedStatement.java)
	at org.datanucleus.store.rdbms.ParamLoggingPreparedStatement.executeBatch(ParamLoggingPreparedStatement.java:366)
	at org.datanucleus.store.rdbms.SQLController.processConnectionStatement(SQLController.java:675)
	at org.datanucleus.store.rdbms.SQLController.processStatementsForConnection(SQLController.java:643)
	at org.datanucleus.store.rdbms.SQLController$1.transactionFlushed(SQLController.java:729)
	at org.datanucleus.store.connection.AbstractManagedConnection.transactionFlushed(AbstractManagedConnection.java:95)
	at org.datanucleus.store.connection.ConnectionManagerImpl$2.transactionFlushed(ConnectionManagerImpl.java:528)
	at org.datanucleus.TransactionImpl.flush(TransactionImpl.java:222)
	at org.datanucleus.TransactionImpl.commit(TransactionImpl.java:286)
	at org.datanucleus.api.jdo.JDOTransaction.commit(JDOTransaction.java:99)
	at org.apache.hadoop.hive.metastore.ObjectStore.commitTransaction(ObjectStore.java:615)
	at sun.reflect.GeneratedMethodAccessor31.invoke(Unknown Source)
	at sun.reflect.DelegatingMethodAccessorImpl.invoke(DelegatingMethodAccessorImpl.java:43)
	at java.lang.reflect.Method.invoke(Method.java:498)
	at org.apache.hadoop.hive.metastore.RawStoreProxy.invoke(RawStoreProxy.java:97)
	at com.sun.proxy.$Proxy32.commitTransaction(Unknown Source)
	at org.apache.hadoop.hive.metastore.HMSHandler.drop_database_core(HMSHandler.java:1790)
	at org.apache.hadoop.hive.metastore.HMSHandler.drop_database(HMSHandler.java:1869)
	at sun.reflect.GeneratedMethodAccessor54.invoke(Unknown Source)
	at sun.reflect.DelegatingMethodAccessorImpl.invoke(DelegatingMethodAccessorImpl.java:43)
	at java.lang.reflect.Method.invoke(Method.java:498)
	at org.apache.hadoop.hive.metastore.RetryingHMSHandler.invokeInternal(RetryingHMSHandler.java:147)
	at org.apache.hadoop.hive.metastore.RetryingHMSHandler.invoke(RetryingHMSHandler.java:108)
	at com.sun.proxy.$Proxy35.drop_database(Unknown Source)
	at org.apache.hadoop.hive.metastore.HiveMetaStoreClient.dropDatabaseCascadePerDb(HiveMetaStoreClient.java:1601)
	at org.apache.hadoop.hive.metastore.HiveMetaStoreClient.dropDatabase(HiveMetaStoreClient.java:1532)
	at org.apache.hadoop.hive.metastore.HiveMetaStoreClient.dropDatabase(HiveMetaStoreClient.java:1485)
	at sun.reflect.NativeMethodAccessorImpl.invoke0(Native Method)
	at sun.reflect.NativeMethodAccessorImpl.invoke(NativeMethodAccessorImpl.java:62)
	at sun.reflect.DelegatingMethodAccessorImpl.invoke(DelegatingMethodAccessorImpl.java:43)
	at java.lang.reflect.Method.invoke(Method.java:498)
	at org.apache.hadoop.hive.metastore.RetryingMetaStoreClient.invoke(RetryingMetaStoreClient.java:218)
	at com.sun.proxy.$Proxy45.dropDatabase(Unknown Source)
	at org.apache.hadoop.hive.ql.metadata.Hive.dropDatabase(Hive.java:662)
	at org.apache.hadoop.hive.ql.ddl.database.drop.DropDatabaseOperation.execute(DropDatabaseOperation.java:52)
	at org.apache.hadoop.hive.ql.ddl.DDLTask.execute(DDLTask.java:84)
	at org.apache.hadoop.hive.ql.exec.Task.executeTask(Task.java:212)
	at org.apache.hadoop.hive.ql.exec.TaskRunner.runSequential(TaskRunner.java:105)
	at org.apache.hadoop.hive.ql.Executor.launchTask(Executor.java:361)
	at org.apache.hadoop.hive.ql.Executor.launchTasks(Executor.java:334)
	at org.apache.hadoop.hive.ql.Executor.runTasks(Executor.java:245)
	at org.apache.hadoop.hive.ql.Executor.execute(Executor.java:108)
	at org.apache.hadoop.hive.ql.Driver.execute(Driver.java:348)
	at org.apache.hadoop.hive.ql.Driver.runInternal(Driver.java:204)
	at org.apache.hadoop.hive.ql.Driver.run(Driver.java:153)
	at org.apache.hadoop.hive.ql.Driver.run(Driver.java:148)
	at org.apache.hadoop.hive.ql.reexec.ReExecDriver.run(ReExecDriver.java:164)
	at org.apache.hadoop.hive.ql.reexec.ReExecDriver.run(ReExecDriver.java:230)
	at org.apache.hive.hcatalog.pig.AbstractHCatLoaderTest.executeStatementOnDriver(AbstractHCatLoaderTest.java:151)
	at org.apache.hive.hcatalog.pig.AbstractHCatLoaderTest.tearDown(AbstractHCatLoaderTest.java:239)
	at sun.reflect.NativeMethodAccessorImpl.invoke0(Native Method)
	at sun.reflect.NativeMethodAccessorImpl.invoke(NativeMethodAccessorImpl.java:62)
	at sun.reflect.DelegatingMethodAccessorImpl.invoke(DelegatingMethodAccessorImpl.java:43)
	at java.lang.reflect.Method.invoke(Method.java:498)
	at org.junit.runners.model.FrameworkMethod$1.runReflectiveCall(FrameworkMethod.java:59)
	at org.junit.internal.runners.model.ReflectiveCallable.run(ReflectiveCallable.java:12)
	at org.junit.runners.model.FrameworkMethod.invokeExplosively(FrameworkMethod.java:56)
	at org.junit.internal.runners.statements.RunAfters.invokeMethod(RunAfters.java:46)
	at org.junit.internal.runners.statements.RunAfters.evaluate(RunAfters.java:33)
	at org.junit.runners.ParentRunner$3.evaluate(ParentRunner.java:306)
	at org.junit.runners.BlockJUnit4ClassRunner$1.evaluate(BlockJUnit4ClassRunner.java:100)
	at org.junit.runners.ParentRunner.runLeaf(ParentRunner.java:366)
	at org.junit.runners.BlockJUnit4ClassRunner.runChild(BlockJUnit4ClassRunner.java:103)
	at org.junit.runners.BlockJUnit4ClassRunner.runChild(BlockJUnit4ClassRunner.java:63)
	at org.junit.runners.ParentRunner$4.run(ParentRunner.java:331)
	at org.junit.runners.ParentRunner$1.schedule(ParentRunner.java:79)
	at org.junit.runners.ParentRunner.runChildren(ParentRunner.java:329)
	at org.junit.runners.ParentRunner.access$100(ParentRunner.java:66)
	at org.junit.runners.ParentRunner$2.evaluate(ParentRunner.java:293)
	at org.junit.internal.runners.statements.RunBefores.evaluate(RunBefores.java:26)
	at org.junit.runners.ParentRunner$3.evaluate(ParentRunner.java:306)
	at org.junit.runners.ParentRunner.run(ParentRunner.java:413)
	at org.junit.runners.Suite.runChild(Suite.java:128)
	at org.junit.runners.Suite.runChild(Suite.java:27)
	at org.junit.runners.ParentRunner$4.run(ParentRunner.java:331)
	at org.junit.runners.ParentRunner$1.schedule(ParentRunner.java:79)
	at org.junit.runners.ParentRunner.runChildren(ParentRunner.java:329)
	at org.junit.runners.ParentRunner.access$100(ParentRunner.java:66)
	at org.junit.runners.ParentRunner$2.evaluate(ParentRunner.java:293)
	at org.junit.runners.ParentRunner$3.evaluate(ParentRunner.java:306)
	at org.junit.runners.ParentRunner.run(ParentRunner.java:413)
	at org.apache.maven.surefire.junitcore.JUnitCore.run(JUnitCore.java:55)
	at org.apache.maven.surefire.junitcore.JUnitCoreWrapper.createRequestAndRun(JUnitCoreWrapper.java:137)
	at org.apache.maven.surefire.junitcore.JUnitCoreWrapper.executeEager(JUnitCoreWrapper.java:107)
	at org.apache.maven.surefire.junitcore.JUnitCoreWrapper.execute(JUnitCoreWrapper.java:83)
	at org.apache.maven.surefire.junitcore.JUnitCoreWrapper.execute(JUnitCoreWrapper.java:75)
	at org.apache.maven.surefire.junitcore.JUnitCoreProvider.invoke(JUnitCoreProvider.java:158)
	at org.apache.maven.surefire.booter.ForkedBooter.runSuitesInProcess(ForkedBooter.java:377)
	at org.apache.maven.surefire.booter.ForkedBooter.execute(ForkedBooter.java:138)
	at org.apache.maven.surefire.booter.ForkedBooter.run(ForkedBooter.java:465)
	at org.apache.maven.surefire.booter.ForkedBooter.main(ForkedBooter.java:451)
Caused by: org.apache.derby.shared.common.error.DerbySQLIntegrityConstraintViolationException: DELETE on table 'DBS' caused a violation of foreign key constraint 'TBLS_FK1' for key (4).  The statement has been rolled back.
	at org.apache.derby.impl.jdbc.SQLExceptionFactory.getSQLException(Unknown Source)
	at org.apache.derby.impl.jdbc.Util.generateCsSQLException(Unknown Source)
	at org.apache.derby.impl.jdbc.TransactionResourceImpl.wrapInSQLException(Unknown Source)
	at org.apache.derby.impl.jdbc.TransactionResourceImpl.handleException(Unknown Source)
	at org.apache.derby.impl.jdbc.EmbedConnection.handleException(Unknown Source)
	at org.apache.derby.impl.jdbc.ConnectionChild.handleException(Unknown Source)
	at org.apache.derby.impl.jdbc.EmbedStatement.executeStatement(Unknown Source)
	at org.apache.derby.impl.jdbc.EmbedPreparedStatement.executeBatchElement(Unknown Source)
	... 94 more
Caused by: ERROR 23503: DELETE on table 'DBS' caused a violation of foreign key constraint 'TBLS_FK1' for key (4).  The statement has been rolled back.
	at org.apache.derby.iapi.error.StandardException.newException(Unknown Source)
	at org.apache.derby.iapi.error.StandardException.newException(Unknown Source)
	at org.apache.derby.impl.sql.execute.ReferencedKeyRIChecker.doCheck(Unknown Source)
	at org.apache.derby.impl.sql.execute.RISetChecker.doPKCheck(Unknown Source)
	at org.apache.derby.impl.sql.execute.DeleteResultSet.collectAffectedRows(Unknown Source)
	at org.apache.derby.impl.sql.execute.DeleteResultSet.open(Unknown Source)
	at org.apache.derby.impl.sql.GenericPreparedStatement.executeStmt(Unknown Source)
	at org.apache.derby.impl.sql.GenericPreparedStatement.execute(Unknown Source)
	... 96 more

2024-04-24T11:29:32,224  INFO [main] HiveMetaStore.audit: ugi=alex	ip=unknown-ip-addr	cmd=drop_database: @hive#junit_specific_db	
2024-04-24T11:29:32,228  INFO [main] HiveMetaStore.audit: ugi=alex	ip=unknown-ip-addr	cmd=get_all_tables: db=@hive#junit_specific_db	
2024-04-24T11:29:32,229  INFO [main] HiveMetaStore.audit: ugi=alex	ip=unknown-ip-addr	cmd=get_functions: db=@hive#junit_specific_db pat=*	
2024-04-24T11:29:32,231  INFO [main] HiveMetaStore.audit: ugi=alex	ip=unknown-ip-addr	cmd=get_all_stored_procedures	
2024-04-24T11:29:32,232  INFO [main] HiveMetaStore.audit: ugi=alex	ip=unknown-ip-addr	cmd=get_all_packages	
2024-04-24T11:29:32,234  INFO [main] HiveMetaStore.audit: ugi=alex	ip=unknown-ip-addr	cmd=getTablesByTypeCore: catName=hive: db=junit_specific_db pat=.*,type=MATERIALIZED_VIEW	
2024-04-24T11:29:32,238  INFO [main] metastore.ObjectStore: Dropping database hive.junit_specific_db along with all tables
2024-04-24T11:29:32,245  INFO [main] txn.TxnHandler: Non-retryable error in cleanupRecords : Table/View 'TXN_COMPONENTS' does not exist. (SQLState=42X05, ErrorCode=20000)
2024-04-24T11:29:32,245  WARN [main] txn.TxnHandler: Cannot perform cleanup since metastore table does not exist
2024-04-24T11:29:32,246 ERROR [main] metastore.RetryingHMSHandler: Retrying HMSHandler after 2000 ms (attempt 2 of 10) with error: javax.jdo.JDODataStoreException: Exception thrown flushing changes to datastore
	at org.datanucleus.api.jdo.NucleusJDOHelper.getJDOExceptionForNucleusException(NucleusJDOHelper.java:542)
	at org.datanucleus.api.jdo.JDOTransaction.commit(JDOTransaction.java:162)
	at org.apache.hadoop.hive.metastore.ObjectStore.commitTransaction(ObjectStore.java:615)
	at sun.reflect.GeneratedMethodAccessor31.invoke(Unknown Source)
	at sun.reflect.DelegatingMethodAccessorImpl.invoke(DelegatingMethodAccessorImpl.java:43)
	at java.lang.reflect.Method.invoke(Method.java:498)
	at org.apache.hadoop.hive.metastore.RawStoreProxy.invoke(RawStoreProxy.java:97)
	at com.sun.proxy.$Proxy32.commitTransaction(Unknown Source)
	at org.apache.hadoop.hive.metastore.HMSHandler.drop_database_core(HMSHandler.java:1790)
	at org.apache.hadoop.hive.metastore.HMSHandler.drop_database(HMSHandler.java:1869)
	at sun.reflect.GeneratedMethodAccessor54.invoke(Unknown Source)
	at sun.reflect.DelegatingMethodAccessorImpl.invoke(DelegatingMethodAccessorImpl.java:43)
	at java.lang.reflect.Method.invoke(Method.java:498)
	at org.apache.hadoop.hive.metastore.RetryingHMSHandler.invokeInternal(RetryingHMSHandler.java:147)
	at org.apache.hadoop.hive.metastore.RetryingHMSHandler.invoke(RetryingHMSHandler.java:108)
	at com.sun.proxy.$Proxy35.drop_database(Unknown Source)
	at org.apache.hadoop.hive.metastore.HiveMetaStoreClient.dropDatabaseCascadePerDb(HiveMetaStoreClient.java:1601)
	at org.apache.hadoop.hive.metastore.HiveMetaStoreClient.dropDatabase(HiveMetaStoreClient.java:1532)
	at org.apache.hadoop.hive.metastore.HiveMetaStoreClient.dropDatabase(HiveMetaStoreClient.java:1485)
	at sun.reflect.NativeMethodAccessorImpl.invoke0(Native Method)
	at sun.reflect.NativeMethodAccessorImpl.invoke(NativeMethodAccessorImpl.java:62)
	at sun.reflect.DelegatingMethodAccessorImpl.invoke(DelegatingMethodAccessorImpl.java:43)
	at java.lang.reflect.Method.invoke(Method.java:498)
	at org.apache.hadoop.hive.metastore.RetryingMetaStoreClient.invoke(RetryingMetaStoreClient.java:218)
	at com.sun.proxy.$Proxy45.dropDatabase(Unknown Source)
	at org.apache.hadoop.hive.ql.metadata.Hive.dropDatabase(Hive.java:662)
	at org.apache.hadoop.hive.ql.ddl.database.drop.DropDatabaseOperation.execute(DropDatabaseOperation.java:52)
	at org.apache.hadoop.hive.ql.ddl.DDLTask.execute(DDLTask.java:84)
	at org.apache.hadoop.hive.ql.exec.Task.executeTask(Task.java:212)
	at org.apache.hadoop.hive.ql.exec.TaskRunner.runSequential(TaskRunner.java:105)
	at org.apache.hadoop.hive.ql.Executor.launchTask(Executor.java:361)
	at org.apache.hadoop.hive.ql.Executor.launchTasks(Executor.java:334)
	at org.apache.hadoop.hive.ql.Executor.runTasks(Executor.java:245)
	at org.apache.hadoop.hive.ql.Executor.execute(Executor.java:108)
	at org.apache.hadoop.hive.ql.Driver.execute(Driver.java:348)
	at org.apache.hadoop.hive.ql.Driver.runInternal(Driver.java:204)
	at org.apache.hadoop.hive.ql.Driver.run(Driver.java:153)
	at org.apache.hadoop.hive.ql.Driver.run(Driver.java:148)
	at org.apache.hadoop.hive.ql.reexec.ReExecDriver.run(ReExecDriver.java:164)
	at org.apache.hadoop.hive.ql.reexec.ReExecDriver.run(ReExecDriver.java:230)
	at org.apache.hive.hcatalog.pig.AbstractHCatLoaderTest.executeStatementOnDriver(AbstractHCatLoaderTest.java:151)
	at org.apache.hive.hcatalog.pig.AbstractHCatLoaderTest.tearDown(AbstractHCatLoaderTest.java:239)
	at sun.reflect.NativeMethodAccessorImpl.invoke0(Native Method)
	at sun.reflect.NativeMethodAccessorImpl.invoke(NativeMethodAccessorImpl.java:62)
	at sun.reflect.DelegatingMethodAccessorImpl.invoke(DelegatingMethodAccessorImpl.java:43)
	at java.lang.reflect.Method.invoke(Method.java:498)
	at org.junit.runners.model.FrameworkMethod$1.runReflectiveCall(FrameworkMethod.java:59)
	at org.junit.internal.runners.model.ReflectiveCallable.run(ReflectiveCallable.java:12)
	at org.junit.runners.model.FrameworkMethod.invokeExplosively(FrameworkMethod.java:56)
	at org.junit.internal.runners.statements.RunAfters.invokeMethod(RunAfters.java:46)
	at org.junit.internal.runners.statements.RunAfters.evaluate(RunAfters.java:33)
	at org.junit.runners.ParentRunner$3.evaluate(ParentRunner.java:306)
	at org.junit.runners.BlockJUnit4ClassRunner$1.evaluate(BlockJUnit4ClassRunner.java:100)
	at org.junit.runners.ParentRunner.runLeaf(ParentRunner.java:366)
	at org.junit.runners.BlockJUnit4ClassRunner.runChild(BlockJUnit4ClassRunner.java:103)
	at org.junit.runners.BlockJUnit4ClassRunner.runChild(BlockJUnit4ClassRunner.java:63)
	at org.junit.runners.ParentRunner$4.run(ParentRunner.java:331)
	at org.junit.runners.ParentRunner$1.schedule(ParentRunner.java:79)
	at org.junit.runners.ParentRunner.runChildren(ParentRunner.java:329)
	at org.junit.runners.ParentRunner.access$100(ParentRunner.java:66)
	at org.junit.runners.ParentRunner$2.evaluate(ParentRunner.java:293)
	at org.junit.internal.runners.statements.RunBefores.evaluate(RunBefores.java:26)
	at org.junit.runners.ParentRunner$3.evaluate(ParentRunner.java:306)
	at org.junit.runners.ParentRunner.run(ParentRunner.java:413)
	at org.junit.runners.Suite.runChild(Suite.java:128)
	at org.junit.runners.Suite.runChild(Suite.java:27)
	at org.junit.runners.ParentRunner$4.run(ParentRunner.java:331)
	at org.junit.runners.ParentRunner$1.schedule(ParentRunner.java:79)
	at org.junit.runners.ParentRunner.runChildren(ParentRunner.java:329)
	at org.junit.runners.ParentRunner.access$100(ParentRunner.java:66)
	at org.junit.runners.ParentRunner$2.evaluate(ParentRunner.java:293)
	at org.junit.runners.ParentRunner$3.evaluate(ParentRunner.java:306)
	at org.junit.runners.ParentRunner.run(ParentRunner.java:413)
	at org.apache.maven.surefire.junitcore.JUnitCore.run(JUnitCore.java:55)
	at org.apache.maven.surefire.junitcore.JUnitCoreWrapper.createRequestAndRun(JUnitCoreWrapper.java:137)
	at org.apache.maven.surefire.junitcore.JUnitCoreWrapper.executeEager(JUnitCoreWrapper.java:107)
	at org.apache.maven.surefire.junitcore.JUnitCoreWrapper.execute(JUnitCoreWrapper.java:83)
	at org.apache.maven.surefire.junitcore.JUnitCoreWrapper.execute(JUnitCoreWrapper.java:75)
	at org.apache.maven.surefire.junitcore.JUnitCoreProvider.invoke(JUnitCoreProvider.java:158)
	at org.apache.maven.surefire.booter.ForkedBooter.runSuitesInProcess(ForkedBooter.java:377)
	at org.apache.maven.surefire.booter.ForkedBooter.execute(ForkedBooter.java:138)
	at org.apache.maven.surefire.booter.ForkedBooter.run(ForkedBooter.java:465)
	at org.apache.maven.surefire.booter.ForkedBooter.main(ForkedBooter.java:451)
NestedThrowablesStackTrace:
java.sql.BatchUpdateException: DELETE on table 'DBS' caused a violation of foreign key constraint 'TBLS_FK1' for key (4).  The statement has been rolled back.
	at org.apache.derby.impl.jdbc.EmbedStatement.executeLargeBatch(Unknown Source)
	at org.apache.derby.impl.jdbc.EmbedStatement.executeBatch(Unknown Source)
	at com.zaxxer.hikari.pool.ProxyStatement.executeBatch(ProxyStatement.java:128)
	at com.zaxxer.hikari.pool.HikariProxyPreparedStatement.executeBatch(HikariProxyPreparedStatement.java)
	at org.datanucleus.store.rdbms.ParamLoggingPreparedStatement.executeBatch(ParamLoggingPreparedStatement.java:366)
	at org.datanucleus.store.rdbms.SQLController.processConnectionStatement(SQLController.java:675)
	at org.datanucleus.store.rdbms.SQLController.processStatementsForConnection(SQLController.java:643)
	at org.datanucleus.store.rdbms.SQLController$1.transactionFlushed(SQLController.java:729)
	at org.datanucleus.store.connection.AbstractManagedConnection.transactionFlushed(AbstractManagedConnection.java:95)
	at org.datanucleus.store.connection.ConnectionManagerImpl$2.transactionFlushed(ConnectionManagerImpl.java:528)
	at org.datanucleus.TransactionImpl.flush(TransactionImpl.java:222)
	at org.datanucleus.TransactionImpl.commit(TransactionImpl.java:286)
	at org.datanucleus.api.jdo.JDOTransaction.commit(JDOTransaction.java:99)
	at org.apache.hadoop.hive.metastore.ObjectStore.commitTransaction(ObjectStore.java:615)
	at sun.reflect.GeneratedMethodAccessor31.invoke(Unknown Source)
	at sun.reflect.DelegatingMethodAccessorImpl.invoke(DelegatingMethodAccessorImpl.java:43)
	at java.lang.reflect.Method.invoke(Method.java:498)
	at org.apache.hadoop.hive.metastore.RawStoreProxy.invoke(RawStoreProxy.java:97)
	at com.sun.proxy.$Proxy32.commitTransaction(Unknown Source)
	at org.apache.hadoop.hive.metastore.HMSHandler.drop_database_core(HMSHandler.java:1790)
	at org.apache.hadoop.hive.metastore.HMSHandler.drop_database(HMSHandler.java:1869)
	at sun.reflect.GeneratedMethodAccessor54.invoke(Unknown Source)
	at sun.reflect.DelegatingMethodAccessorImpl.invoke(DelegatingMethodAccessorImpl.java:43)
	at java.lang.reflect.Method.invoke(Method.java:498)
	at org.apache.hadoop.hive.metastore.RetryingHMSHandler.invokeInternal(RetryingHMSHandler.java:147)
	at org.apache.hadoop.hive.metastore.RetryingHMSHandler.invoke(RetryingHMSHandler.java:108)
	at com.sun.proxy.$Proxy35.drop_database(Unknown Source)
	at org.apache.hadoop.hive.metastore.HiveMetaStoreClient.dropDatabaseCascadePerDb(HiveMetaStoreClient.java:1601)
	at org.apache.hadoop.hive.metastore.HiveMetaStoreClient.dropDatabase(HiveMetaStoreClient.java:1532)
	at org.apache.hadoop.hive.metastore.HiveMetaStoreClient.dropDatabase(HiveMetaStoreClient.java:1485)
	at sun.reflect.NativeMethodAccessorImpl.invoke0(Native Method)
	at sun.reflect.NativeMethodAccessorImpl.invoke(NativeMethodAccessorImpl.java:62)
	at sun.reflect.DelegatingMethodAccessorImpl.invoke(DelegatingMethodAccessorImpl.java:43)
	at java.lang.reflect.Method.invoke(Method.java:498)
	at org.apache.hadoop.hive.metastore.RetryingMetaStoreClient.invoke(RetryingMetaStoreClient.java:218)
	at com.sun.proxy.$Proxy45.dropDatabase(Unknown Source)
	at org.apache.hadoop.hive.ql.metadata.Hive.dropDatabase(Hive.java:662)
	at org.apache.hadoop.hive.ql.ddl.database.drop.DropDatabaseOperation.execute(DropDatabaseOperation.java:52)
	at org.apache.hadoop.hive.ql.ddl.DDLTask.execute(DDLTask.java:84)
	at org.apache.hadoop.hive.ql.exec.Task.executeTask(Task.java:212)
	at org.apache.hadoop.hive.ql.exec.TaskRunner.runSequential(TaskRunner.java:105)
	at org.apache.hadoop.hive.ql.Executor.launchTask(Executor.java:361)
	at org.apache.hadoop.hive.ql.Executor.launchTasks(Executor.java:334)
	at org.apache.hadoop.hive.ql.Executor.runTasks(Executor.java:245)
	at org.apache.hadoop.hive.ql.Executor.execute(Executor.java:108)
	at org.apache.hadoop.hive.ql.Driver.execute(Driver.java:348)
	at org.apache.hadoop.hive.ql.Driver.runInternal(Driver.java:204)
	at org.apache.hadoop.hive.ql.Driver.run(Driver.java:153)
	at org.apache.hadoop.hive.ql.Driver.run(Driver.java:148)
	at org.apache.hadoop.hive.ql.reexec.ReExecDriver.run(ReExecDriver.java:164)
	at org.apache.hadoop.hive.ql.reexec.ReExecDriver.run(ReExecDriver.java:230)
	at org.apache.hive.hcatalog.pig.AbstractHCatLoaderTest.executeStatementOnDriver(AbstractHCatLoaderTest.java:151)
	at org.apache.hive.hcatalog.pig.AbstractHCatLoaderTest.tearDown(AbstractHCatLoaderTest.java:239)
	at sun.reflect.NativeMethodAccessorImpl.invoke0(Native Method)
	at sun.reflect.NativeMethodAccessorImpl.invoke(NativeMethodAccessorImpl.java:62)
	at sun.reflect.DelegatingMethodAccessorImpl.invoke(DelegatingMethodAccessorImpl.java:43)
	at java.lang.reflect.Method.invoke(Method.java:498)
	at org.junit.runners.model.FrameworkMethod$1.runReflectiveCall(FrameworkMethod.java:59)
	at org.junit.internal.runners.model.ReflectiveCallable.run(ReflectiveCallable.java:12)
	at org.junit.runners.model.FrameworkMethod.invokeExplosively(FrameworkMethod.java:56)
	at org.junit.internal.runners.statements.RunAfters.invokeMethod(RunAfters.java:46)
	at org.junit.internal.runners.statements.RunAfters.evaluate(RunAfters.java:33)
	at org.junit.runners.ParentRunner$3.evaluate(ParentRunner.java:306)
	at org.junit.runners.BlockJUnit4ClassRunner$1.evaluate(BlockJUnit4ClassRunner.java:100)
	at org.junit.runners.ParentRunner.runLeaf(ParentRunner.java:366)
	at org.junit.runners.BlockJUnit4ClassRunner.runChild(BlockJUnit4ClassRunner.java:103)
	at org.junit.runners.BlockJUnit4ClassRunner.runChild(BlockJUnit4ClassRunner.java:63)
	at org.junit.runners.ParentRunner$4.run(ParentRunner.java:331)
	at org.junit.runners.ParentRunner$1.schedule(ParentRunner.java:79)
	at org.junit.runners.ParentRunner.runChildren(ParentRunner.java:329)
	at org.junit.runners.ParentRunner.access$100(ParentRunner.java:66)
	at org.junit.runners.ParentRunner$2.evaluate(ParentRunner.java:293)
	at org.junit.internal.runners.statements.RunBefores.evaluate(RunBefores.java:26)
	at org.junit.runners.ParentRunner$3.evaluate(ParentRunner.java:306)
	at org.junit.runners.ParentRunner.run(ParentRunner.java:413)
	at org.junit.runners.Suite.runChild(Suite.java:128)
	at org.junit.runners.Suite.runChild(Suite.java:27)
	at org.junit.runners.ParentRunner$4.run(ParentRunner.java:331)
	at org.junit.runners.ParentRunner$1.schedule(ParentRunner.java:79)
	at org.junit.runners.ParentRunner.runChildren(ParentRunner.java:329)
	at org.junit.runners.ParentRunner.access$100(ParentRunner.java:66)
	at org.junit.runners.ParentRunner$2.evaluate(ParentRunner.java:293)
	at org.junit.runners.ParentRunner$3.evaluate(ParentRunner.java:306)
	at org.junit.runners.ParentRunner.run(ParentRunner.java:413)
	at org.apache.maven.surefire.junitcore.JUnitCore.run(JUnitCore.java:55)
	at org.apache.maven.surefire.junitcore.JUnitCoreWrapper.createRequestAndRun(JUnitCoreWrapper.java:137)
	at org.apache.maven.surefire.junitcore.JUnitCoreWrapper.executeEager(JUnitCoreWrapper.java:107)
	at org.apache.maven.surefire.junitcore.JUnitCoreWrapper.execute(JUnitCoreWrapper.java:83)
	at org.apache.maven.surefire.junitcore.JUnitCoreWrapper.execute(JUnitCoreWrapper.java:75)
	at org.apache.maven.surefire.junitcore.JUnitCoreProvider.invoke(JUnitCoreProvider.java:158)
	at org.apache.maven.surefire.booter.ForkedBooter.runSuitesInProcess(ForkedBooter.java:377)
	at org.apache.maven.surefire.booter.ForkedBooter.execute(ForkedBooter.java:138)
	at org.apache.maven.surefire.booter.ForkedBooter.run(ForkedBooter.java:465)
	at org.apache.maven.surefire.booter.ForkedBooter.main(ForkedBooter.java:451)
Caused by: org.apache.derby.shared.common.error.DerbySQLIntegrityConstraintViolationException: DELETE on table 'DBS' caused a violation of foreign key constraint 'TBLS_FK1' for key (4).  The statement has been rolled back.
	at org.apache.derby.impl.jdbc.SQLExceptionFactory.getSQLException(Unknown Source)
	at org.apache.derby.impl.jdbc.Util.generateCsSQLException(Unknown Source)
	at org.apache.derby.impl.jdbc.TransactionResourceImpl.wrapInSQLException(Unknown Source)
	at org.apache.derby.impl.jdbc.TransactionResourceImpl.handleException(Unknown Source)
	at org.apache.derby.impl.jdbc.EmbedConnection.handleException(Unknown Source)
	at org.apache.derby.impl.jdbc.ConnectionChild.handleException(Unknown Source)
	at org.apache.derby.impl.jdbc.EmbedStatement.executeStatement(Unknown Source)
	at org.apache.derby.impl.jdbc.EmbedPreparedStatement.executeBatchElement(Unknown Source)
	... 94 more
Caused by: ERROR 23503: DELETE on table 'DBS' caused a violation of foreign key constraint 'TBLS_FK1' for key (4).  The statement has been rolled back.
	at org.apache.derby.iapi.error.StandardException.newException(Unknown Source)
	at org.apache.derby.iapi.error.StandardException.newException(Unknown Source)
	at org.apache.derby.impl.sql.execute.ReferencedKeyRIChecker.doCheck(Unknown Source)
	at org.apache.derby.impl.sql.execute.RISetChecker.doPKCheck(Unknown Source)
	at org.apache.derby.impl.sql.execute.DeleteResultSet.collectAffectedRows(Unknown Source)
	at org.apache.derby.impl.sql.execute.DeleteResultSet.open(Unknown Source)
	at org.apache.derby.impl.sql.GenericPreparedStatement.executeStmt(Unknown Source)
	at org.apache.derby.impl.sql.GenericPreparedStatement.execute(Unknown Source)
	... 96 more

2024-04-24T11:29:34,247  INFO [main] HiveMetaStore.audit: ugi=alex	ip=unknown-ip-addr	cmd=drop_database: @hive#junit_specific_db	
2024-04-24T11:29:34,250  INFO [main] HiveMetaStore.audit: ugi=alex	ip=unknown-ip-addr	cmd=get_all_tables: db=@hive#junit_specific_db	
2024-04-24T11:29:34,251  INFO [main] HiveMetaStore.audit: ugi=alex	ip=unknown-ip-addr	cmd=get_functions: db=@hive#junit_specific_db pat=*	
2024-04-24T11:29:34,253  INFO [main] HiveMetaStore.audit: ugi=alex	ip=unknown-ip-addr	cmd=get_all_stored_procedures	
2024-04-24T11:29:34,254  INFO [main] HiveMetaStore.audit: ugi=alex	ip=unknown-ip-addr	cmd=get_all_packages	
2024-04-24T11:29:34,256  INFO [main] HiveMetaStore.audit: ugi=alex	ip=unknown-ip-addr	cmd=getTablesByTypeCore: catName=hive: db=junit_specific_db pat=.*,type=MATERIALIZED_VIEW	
2024-04-24T11:29:34,260  INFO [main] metastore.ObjectStore: Dropping database hive.junit_specific_db along with all tables
2024-04-24T11:29:34,266  INFO [main] txn.TxnHandler: Non-retryable error in cleanupRecords : Table/View 'TXN_COMPONENTS' does not exist. (SQLState=42X05, ErrorCode=20000)
2024-04-24T11:29:34,266  WARN [main] txn.TxnHandler: Cannot perform cleanup since metastore table does not exist
2024-04-24T11:29:34,268 ERROR [main] metastore.RetryingHMSHandler: Retrying HMSHandler after 2000 ms (attempt 3 of 10) with error: javax.jdo.JDODataStoreException: Exception thrown flushing changes to datastore
	at org.datanucleus.api.jdo.NucleusJDOHelper.getJDOExceptionForNucleusException(NucleusJDOHelper.java:542)
	at org.datanucleus.api.jdo.JDOTransaction.commit(JDOTransaction.java:162)
	at org.apache.hadoop.hive.metastore.ObjectStore.commitTransaction(ObjectStore.java:615)
	at sun.reflect.GeneratedMethodAccessor31.invoke(Unknown Source)
	at sun.reflect.DelegatingMethodAccessorImpl.invoke(DelegatingMethodAccessorImpl.java:43)
	at java.lang.reflect.Method.invoke(Method.java:498)
	at org.apache.hadoop.hive.metastore.RawStoreProxy.invoke(RawStoreProxy.java:97)
	at com.sun.proxy.$Proxy32.commitTransaction(Unknown Source)
	at org.apache.hadoop.hive.metastore.HMSHandler.drop_database_core(HMSHandler.java:1790)
	at org.apache.hadoop.hive.metastore.HMSHandler.drop_database(HMSHandler.java:1869)
	at sun.reflect.GeneratedMethodAccessor54.invoke(Unknown Source)
	at sun.reflect.DelegatingMethodAccessorImpl.invoke(DelegatingMethodAccessorImpl.java:43)
	at java.lang.reflect.Method.invoke(Method.java:498)
	at org.apache.hadoop.hive.metastore.RetryingHMSHandler.invokeInternal(RetryingHMSHandler.java:147)
	at org.apache.hadoop.hive.metastore.RetryingHMSHandler.invoke(RetryingHMSHandler.java:108)
	at com.sun.proxy.$Proxy35.drop_database(Unknown Source)
	at org.apache.hadoop.hive.metastore.HiveMetaStoreClient.dropDatabaseCascadePerDb(HiveMetaStoreClient.java:1601)
	at org.apache.hadoop.hive.metastore.HiveMetaStoreClient.dropDatabase(HiveMetaStoreClient.java:1532)
	at org.apache.hadoop.hive.metastore.HiveMetaStoreClient.dropDatabase(HiveMetaStoreClient.java:1485)
	at sun.reflect.NativeMethodAccessorImpl.invoke0(Native Method)
	at sun.reflect.NativeMethodAccessorImpl.invoke(NativeMethodAccessorImpl.java:62)
	at sun.reflect.DelegatingMethodAccessorImpl.invoke(DelegatingMethodAccessorImpl.java:43)
	at java.lang.reflect.Method.invoke(Method.java:498)
	at org.apache.hadoop.hive.metastore.RetryingMetaStoreClient.invoke(RetryingMetaStoreClient.java:218)
	at com.sun.proxy.$Proxy45.dropDatabase(Unknown Source)
	at org.apache.hadoop.hive.ql.metadata.Hive.dropDatabase(Hive.java:662)
	at org.apache.hadoop.hive.ql.ddl.database.drop.DropDatabaseOperation.execute(DropDatabaseOperation.java:52)
	at org.apache.hadoop.hive.ql.ddl.DDLTask.execute(DDLTask.java:84)
	at org.apache.hadoop.hive.ql.exec.Task.executeTask(Task.java:212)
	at org.apache.hadoop.hive.ql.exec.TaskRunner.runSequential(TaskRunner.java:105)
	at org.apache.hadoop.hive.ql.Executor.launchTask(Executor.java:361)
	at org.apache.hadoop.hive.ql.Executor.launchTasks(Executor.java:334)
	at org.apache.hadoop.hive.ql.Executor.runTasks(Executor.java:245)
	at org.apache.hadoop.hive.ql.Executor.execute(Executor.java:108)
	at org.apache.hadoop.hive.ql.Driver.execute(Driver.java:348)
	at org.apache.hadoop.hive.ql.Driver.runInternal(Driver.java:204)
	at org.apache.hadoop.hive.ql.Driver.run(Driver.java:153)
	at org.apache.hadoop.hive.ql.Driver.run(Driver.java:148)
	at org.apache.hadoop.hive.ql.reexec.ReExecDriver.run(ReExecDriver.java:164)
	at org.apache.hadoop.hive.ql.reexec.ReExecDriver.run(ReExecDriver.java:230)
	at org.apache.hive.hcatalog.pig.AbstractHCatLoaderTest.executeStatementOnDriver(AbstractHCatLoaderTest.java:151)
	at org.apache.hive.hcatalog.pig.AbstractHCatLoaderTest.tearDown(AbstractHCatLoaderTest.java:239)
	at sun.reflect.NativeMethodAccessorImpl.invoke0(Native Method)
	at sun.reflect.NativeMethodAccessorImpl.invoke(NativeMethodAccessorImpl.java:62)
	at sun.reflect.DelegatingMethodAccessorImpl.invoke(DelegatingMethodAccessorImpl.java:43)
	at java.lang.reflect.Method.invoke(Method.java:498)
	at org.junit.runners.model.FrameworkMethod$1.runReflectiveCall(FrameworkMethod.java:59)
	at org.junit.internal.runners.model.ReflectiveCallable.run(ReflectiveCallable.java:12)
	at org.junit.runners.model.FrameworkMethod.invokeExplosively(FrameworkMethod.java:56)
	at org.junit.internal.runners.statements.RunAfters.invokeMethod(RunAfters.java:46)
	at org.junit.internal.runners.statements.RunAfters.evaluate(RunAfters.java:33)
	at org.junit.runners.ParentRunner$3.evaluate(ParentRunner.java:306)
	at org.junit.runners.BlockJUnit4ClassRunner$1.evaluate(BlockJUnit4ClassRunner.java:100)
	at org.junit.runners.ParentRunner.runLeaf(ParentRunner.java:366)
	at org.junit.runners.BlockJUnit4ClassRunner.runChild(BlockJUnit4ClassRunner.java:103)
	at org.junit.runners.BlockJUnit4ClassRunner.runChild(BlockJUnit4ClassRunner.java:63)
	at org.junit.runners.ParentRunner$4.run(ParentRunner.java:331)
	at org.junit.runners.ParentRunner$1.schedule(ParentRunner.java:79)
	at org.junit.runners.ParentRunner.runChildren(ParentRunner.java:329)
	at org.junit.runners.ParentRunner.access$100(ParentRunner.java:66)
	at org.junit.runners.ParentRunner$2.evaluate(ParentRunner.java:293)
	at org.junit.internal.runners.statements.RunBefores.evaluate(RunBefores.java:26)
	at org.junit.runners.ParentRunner$3.evaluate(ParentRunner.java:306)
	at org.junit.runners.ParentRunner.run(ParentRunner.java:413)
	at org.junit.runners.Suite.runChild(Suite.java:128)
	at org.junit.runners.Suite.runChild(Suite.java:27)
	at org.junit.runners.ParentRunner$4.run(ParentRunner.java:331)
	at org.junit.runners.ParentRunner$1.schedule(ParentRunner.java:79)
	at org.junit.runners.ParentRunner.runChildren(ParentRunner.java:329)
	at org.junit.runners.ParentRunner.access$100(ParentRunner.java:66)
	at org.junit.runners.ParentRunner$2.evaluate(ParentRunner.java:293)
	at org.junit.runners.ParentRunner$3.evaluate(ParentRunner.java:306)
	at org.junit.runners.ParentRunner.run(ParentRunner.java:413)
	at org.apache.maven.surefire.junitcore.JUnitCore.run(JUnitCore.java:55)
	at org.apache.maven.surefire.junitcore.JUnitCoreWrapper.createRequestAndRun(JUnitCoreWrapper.java:137)
	at org.apache.maven.surefire.junitcore.JUnitCoreWrapper.executeEager(JUnitCoreWrapper.java:107)
	at org.apache.maven.surefire.junitcore.JUnitCoreWrapper.execute(JUnitCoreWrapper.java:83)
	at org.apache.maven.surefire.junitcore.JUnitCoreWrapper.execute(JUnitCoreWrapper.java:75)
	at org.apache.maven.surefire.junitcore.JUnitCoreProvider.invoke(JUnitCoreProvider.java:158)
	at org.apache.maven.surefire.booter.ForkedBooter.runSuitesInProcess(ForkedBooter.java:377)
	at org.apache.maven.surefire.booter.ForkedBooter.execute(ForkedBooter.java:138)
	at org.apache.maven.surefire.booter.ForkedBooter.run(ForkedBooter.java:465)
	at org.apache.maven.surefire.booter.ForkedBooter.main(ForkedBooter.java:451)
NestedThrowablesStackTrace:
java.sql.BatchUpdateException: DELETE on table 'DBS' caused a violation of foreign key constraint 'TBLS_FK1' for key (4).  The statement has been rolled back.
	at org.apache.derby.impl.jdbc.EmbedStatement.executeLargeBatch(Unknown Source)
	at org.apache.derby.impl.jdbc.EmbedStatement.executeBatch(Unknown Source)
	at com.zaxxer.hikari.pool.ProxyStatement.executeBatch(ProxyStatement.java:128)
	at com.zaxxer.hikari.pool.HikariProxyPreparedStatement.executeBatch(HikariProxyPreparedStatement.java)
	at org.datanucleus.store.rdbms.ParamLoggingPreparedStatement.executeBatch(ParamLoggingPreparedStatement.java:366)
	at org.datanucleus.store.rdbms.SQLController.processConnectionStatement(SQLController.java:675)
	at org.datanucleus.store.rdbms.SQLController.processStatementsForConnection(SQLController.java:643)
	at org.datanucleus.store.rdbms.SQLController$1.transactionFlushed(SQLController.java:729)
	at org.datanucleus.store.connection.AbstractManagedConnection.transactionFlushed(AbstractManagedConnection.java:95)
	at org.datanucleus.store.connection.ConnectionManagerImpl$2.transactionFlushed(ConnectionManagerImpl.java:528)
	at org.datanucleus.TransactionImpl.flush(TransactionImpl.java:222)
	at org.datanucleus.TransactionImpl.commit(TransactionImpl.java:286)
	at org.datanucleus.api.jdo.JDOTransaction.commit(JDOTransaction.java:99)
	at org.apache.hadoop.hive.metastore.ObjectStore.commitTransaction(ObjectStore.java:615)
	at sun.reflect.GeneratedMethodAccessor31.invoke(Unknown Source)
	at sun.reflect.DelegatingMethodAccessorImpl.invoke(DelegatingMethodAccessorImpl.java:43)
	at java.lang.reflect.Method.invoke(Method.java:498)
	at org.apache.hadoop.hive.metastore.RawStoreProxy.invoke(RawStoreProxy.java:97)
	at com.sun.proxy.$Proxy32.commitTransaction(Unknown Source)
	at org.apache.hadoop.hive.metastore.HMSHandler.drop_database_core(HMSHandler.java:1790)
	at org.apache.hadoop.hive.metastore.HMSHandler.drop_database(HMSHandler.java:1869)
	at sun.reflect.GeneratedMethodAccessor54.invoke(Unknown Source)
	at sun.reflect.DelegatingMethodAccessorImpl.invoke(DelegatingMethodAccessorImpl.java:43)
	at java.lang.reflect.Method.invoke(Method.java:498)
	at org.apache.hadoop.hive.metastore.RetryingHMSHandler.invokeInternal(RetryingHMSHandler.java:147)
	at org.apache.hadoop.hive.metastore.RetryingHMSHandler.invoke(RetryingHMSHandler.java:108)
	at com.sun.proxy.$Proxy35.drop_database(Unknown Source)
	at org.apache.hadoop.hive.metastore.HiveMetaStoreClient.dropDatabaseCascadePerDb(HiveMetaStoreClient.java:1601)
	at org.apache.hadoop.hive.metastore.HiveMetaStoreClient.dropDatabase(HiveMetaStoreClient.java:1532)
	at org.apache.hadoop.hive.metastore.HiveMetaStoreClient.dropDatabase(HiveMetaStoreClient.java:1485)
	at sun.reflect.NativeMethodAccessorImpl.invoke0(Native Method)
	at sun.reflect.NativeMethodAccessorImpl.invoke(NativeMethodAccessorImpl.java:62)
	at sun.reflect.DelegatingMethodAccessorImpl.invoke(DelegatingMethodAccessorImpl.java:43)
	at java.lang.reflect.Method.invoke(Method.java:498)
	at org.apache.hadoop.hive.metastore.RetryingMetaStoreClient.invoke(RetryingMetaStoreClient.java:218)
	at com.sun.proxy.$Proxy45.dropDatabase(Unknown Source)
	at org.apache.hadoop.hive.ql.metadata.Hive.dropDatabase(Hive.java:662)
	at org.apache.hadoop.hive.ql.ddl.database.drop.DropDatabaseOperation.execute(DropDatabaseOperation.java:52)
	at org.apache.hadoop.hive.ql.ddl.DDLTask.execute(DDLTask.java:84)
	at org.apache.hadoop.hive.ql.exec.Task.executeTask(Task.java:212)
	at org.apache.hadoop.hive.ql.exec.TaskRunner.runSequential(TaskRunner.java:105)
	at org.apache.hadoop.hive.ql.Executor.launchTask(Executor.java:361)
	at org.apache.hadoop.hive.ql.Executor.launchTasks(Executor.java:334)
	at org.apache.hadoop.hive.ql.Executor.runTasks(Executor.java:245)
	at org.apache.hadoop.hive.ql.Executor.execute(Executor.java:108)
	at org.apache.hadoop.hive.ql.Driver.execute(Driver.java:348)
	at org.apache.hadoop.hive.ql.Driver.runInternal(Driver.java:204)
	at org.apache.hadoop.hive.ql.Driver.run(Driver.java:153)
	at org.apache.hadoop.hive.ql.Driver.run(Driver.java:148)
	at org.apache.hadoop.hive.ql.reexec.ReExecDriver.run(ReExecDriver.java:164)
	at org.apache.hadoop.hive.ql.reexec.ReExecDriver.run(ReExecDriver.java:230)
	at org.apache.hive.hcatalog.pig.AbstractHCatLoaderTest.executeStatementOnDriver(AbstractHCatLoaderTest.java:151)
	at org.apache.hive.hcatalog.pig.AbstractHCatLoaderTest.tearDown(AbstractHCatLoaderTest.java:239)
	at sun.reflect.NativeMethodAccessorImpl.invoke0(Native Method)
	at sun.reflect.NativeMethodAccessorImpl.invoke(NativeMethodAccessorImpl.java:62)
	at sun.reflect.DelegatingMethodAccessorImpl.invoke(DelegatingMethodAccessorImpl.java:43)
	at java.lang.reflect.Method.invoke(Method.java:498)
	at org.junit.runners.model.FrameworkMethod$1.runReflectiveCall(FrameworkMethod.java:59)
	at org.junit.internal.runners.model.ReflectiveCallable.run(ReflectiveCallable.java:12)
	at org.junit.runners.model.FrameworkMethod.invokeExplosively(FrameworkMethod.java:56)
	at org.junit.internal.runners.statements.RunAfters.invokeMethod(RunAfters.java:46)
	at org.junit.internal.runners.statements.RunAfters.evaluate(RunAfters.java:33)
	at org.junit.runners.ParentRunner$3.evaluate(ParentRunner.java:306)
	at org.junit.runners.BlockJUnit4ClassRunner$1.evaluate(BlockJUnit4ClassRunner.java:100)
	at org.junit.runners.ParentRunner.runLeaf(ParentRunner.java:366)
	at org.junit.runners.BlockJUnit4ClassRunner.runChild(BlockJUnit4ClassRunner.java:103)
	at org.junit.runners.BlockJUnit4ClassRunner.runChild(BlockJUnit4ClassRunner.java:63)
	at org.junit.runners.ParentRunner$4.run(ParentRunner.java:331)
	at org.junit.runners.ParentRunner$1.schedule(ParentRunner.java:79)
	at org.junit.runners.ParentRunner.runChildren(ParentRunner.java:329)
	at org.junit.runners.ParentRunner.access$100(ParentRunner.java:66)
	at org.junit.runners.ParentRunner$2.evaluate(ParentRunner.java:293)
	at org.junit.internal.runners.statements.RunBefores.evaluate(RunBefores.java:26)
	at org.junit.runners.ParentRunner$3.evaluate(ParentRunner.java:306)
	at org.junit.runners.ParentRunner.run(ParentRunner.java:413)
	at org.junit.runners.Suite.runChild(Suite.java:128)
	at org.junit.runners.Suite.runChild(Suite.java:27)
	at org.junit.runners.ParentRunner$4.run(ParentRunner.java:331)
	at org.junit.runners.ParentRunner$1.schedule(ParentRunner.java:79)
	at org.junit.runners.ParentRunner.runChildren(ParentRunner.java:329)
	at org.junit.runners.ParentRunner.access$100(ParentRunner.java:66)
	at org.junit.runners.ParentRunner$2.evaluate(ParentRunner.java:293)
	at org.junit.runners.ParentRunner$3.evaluate(ParentRunner.java:306)
	at org.junit.runners.ParentRunner.run(ParentRunner.java:413)
	at org.apache.maven.surefire.junitcore.JUnitCore.run(JUnitCore.java:55)
	at org.apache.maven.surefire.junitcore.JUnitCoreWrapper.createRequestAndRun(JUnitCoreWrapper.java:137)
	at org.apache.maven.surefire.junitcore.JUnitCoreWrapper.executeEager(JUnitCoreWrapper.java:107)
	at org.apache.maven.surefire.junitcore.JUnitCoreWrapper.execute(JUnitCoreWrapper.java:83)
	at org.apache.maven.surefire.junitcore.JUnitCoreWrapper.execute(JUnitCoreWrapper.java:75)
	at org.apache.maven.surefire.junitcore.JUnitCoreProvider.invoke(JUnitCoreProvider.java:158)
	at org.apache.maven.surefire.booter.ForkedBooter.runSuitesInProcess(ForkedBooter.java:377)
	at org.apache.maven.surefire.booter.ForkedBooter.execute(ForkedBooter.java:138)
	at org.apache.maven.surefire.booter.ForkedBooter.run(ForkedBooter.java:465)
	at org.apache.maven.surefire.booter.ForkedBooter.main(ForkedBooter.java:451)
Caused by: org.apache.derby.shared.common.error.DerbySQLIntegrityConstraintViolationException: DELETE on table 'DBS' caused a violation of foreign key constraint 'TBLS_FK1' for key (4).  The statement has been rolled back.
	at org.apache.derby.impl.jdbc.SQLExceptionFactory.getSQLException(Unknown Source)
	at org.apache.derby.impl.jdbc.Util.generateCsSQLException(Unknown Source)
	at org.apache.derby.impl.jdbc.TransactionResourceImpl.wrapInSQLException(Unknown Source)
	at org.apache.derby.impl.jdbc.TransactionResourceImpl.handleException(Unknown Source)
	at org.apache.derby.impl.jdbc.EmbedConnection.handleException(Unknown Source)
	at org.apache.derby.impl.jdbc.ConnectionChild.handleException(Unknown Source)
	at org.apache.derby.impl.jdbc.EmbedStatement.executeStatement(Unknown Source)
	at org.apache.derby.impl.jdbc.EmbedPreparedStatement.executeBatchElement(Unknown Source)
	... 94 more
Caused by: ERROR 23503: DELETE on table 'DBS' caused a violation of foreign key constraint 'TBLS_FK1' for key (4).  The statement has been rolled back.
	at org.apache.derby.iapi.error.StandardException.newException(Unknown Source)
	at org.apache.derby.iapi.error.StandardException.newException(Unknown Source)
	at org.apache.derby.impl.sql.execute.ReferencedKeyRIChecker.doCheck(Unknown Source)
	at org.apache.derby.impl.sql.execute.RISetChecker.doPKCheck(Unknown Source)
	at org.apache.derby.impl.sql.execute.DeleteResultSet.collectAffectedRows(Unknown Source)
	at org.apache.derby.impl.sql.execute.DeleteResultSet.open(Unknown Source)
	at org.apache.derby.impl.sql.GenericPreparedStatement.executeStmt(Unknown Source)
	at org.apache.derby.impl.sql.GenericPreparedStatement.execute(Unknown Source)
	... 96 more

2024-04-24T11:29:36,268  INFO [main] HiveMetaStore.audit: ugi=alex	ip=unknown-ip-addr	cmd=drop_database: @hive#junit_specific_db	
2024-04-24T11:29:36,270  INFO [main] HiveMetaStore.audit: ugi=alex	ip=unknown-ip-addr	cmd=get_all_tables: db=@hive#junit_specific_db	
2024-04-24T11:29:36,271  INFO [main] HiveMetaStore.audit: ugi=alex	ip=unknown-ip-addr	cmd=get_functions: db=@hive#junit_specific_db pat=*	
2024-04-24T11:29:36,273  INFO [main] HiveMetaStore.audit: ugi=alex	ip=unknown-ip-addr	cmd=get_all_stored_procedures	
2024-04-24T11:29:36,275  INFO [main] HiveMetaStore.audit: ugi=alex	ip=unknown-ip-addr	cmd=get_all_packages	
2024-04-24T11:29:36,277  INFO [main] HiveMetaStore.audit: ugi=alex	ip=unknown-ip-addr	cmd=getTablesByTypeCore: catName=hive: db=junit_specific_db pat=.*,type=MATERIALIZED_VIEW	
2024-04-24T11:29:36,285  INFO [main] metastore.ObjectStore: Dropping database hive.junit_specific_db along with all tables
2024-04-24T11:29:36,297  INFO [main] txn.TxnHandler: Non-retryable error in cleanupRecords : Table/View 'TXN_COMPONENTS' does not exist. (SQLState=42X05, ErrorCode=20000)
2024-04-24T11:29:36,297  WARN [main] txn.TxnHandler: Cannot perform cleanup since metastore table does not exist
2024-04-24T11:29:36,299 ERROR [main] metastore.RetryingHMSHandler: Retrying HMSHandler after 2000 ms (attempt 4 of 10) with error: javax.jdo.JDODataStoreException: Exception thrown flushing changes to datastore
	at org.datanucleus.api.jdo.NucleusJDOHelper.getJDOExceptionForNucleusException(NucleusJDOHelper.java:542)
	at org.datanucleus.api.jdo.JDOTransaction.commit(JDOTransaction.java:162)
	at org.apache.hadoop.hive.metastore.ObjectStore.commitTransaction(ObjectStore.java:615)
	at sun.reflect.GeneratedMethodAccessor31.invoke(Unknown Source)
	at sun.reflect.DelegatingMethodAccessorImpl.invoke(DelegatingMethodAccessorImpl.java:43)
	at java.lang.reflect.Method.invoke(Method.java:498)
	at org.apache.hadoop.hive.metastore.RawStoreProxy.invoke(RawStoreProxy.java:97)
	at com.sun.proxy.$Proxy32.commitTransaction(Unknown Source)
	at org.apache.hadoop.hive.metastore.HMSHandler.drop_database_core(HMSHandler.java:1790)
	at org.apache.hadoop.hive.metastore.HMSHandler.drop_database(HMSHandler.java:1869)
	at sun.reflect.GeneratedMethodAccessor54.invoke(Unknown Source)
	at sun.reflect.DelegatingMethodAccessorImpl.invoke(DelegatingMethodAccessorImpl.java:43)
	at java.lang.reflect.Method.invoke(Method.java:498)
	at org.apache.hadoop.hive.metastore.RetryingHMSHandler.invokeInternal(RetryingHMSHandler.java:147)
	at org.apache.hadoop.hive.metastore.RetryingHMSHandler.invoke(RetryingHMSHandler.java:108)
	at com.sun.proxy.$Proxy35.drop_database(Unknown Source)
	at org.apache.hadoop.hive.metastore.HiveMetaStoreClient.dropDatabaseCascadePerDb(HiveMetaStoreClient.java:1601)
	at org.apache.hadoop.hive.metastore.HiveMetaStoreClient.dropDatabase(HiveMetaStoreClient.java:1532)
	at org.apache.hadoop.hive.metastore.HiveMetaStoreClient.dropDatabase(HiveMetaStoreClient.java:1485)
	at sun.reflect.NativeMethodAccessorImpl.invoke0(Native Method)
	at sun.reflect.NativeMethodAccessorImpl.invoke(NativeMethodAccessorImpl.java:62)
	at sun.reflect.DelegatingMethodAccessorImpl.invoke(DelegatingMethodAccessorImpl.java:43)
	at java.lang.reflect.Method.invoke(Method.java:498)
	at org.apache.hadoop.hive.metastore.RetryingMetaStoreClient.invoke(RetryingMetaStoreClient.java:218)
	at com.sun.proxy.$Proxy45.dropDatabase(Unknown Source)
	at org.apache.hadoop.hive.ql.metadata.Hive.dropDatabase(Hive.java:662)
	at org.apache.hadoop.hive.ql.ddl.database.drop.DropDatabaseOperation.execute(DropDatabaseOperation.java:52)
	at org.apache.hadoop.hive.ql.ddl.DDLTask.execute(DDLTask.java:84)
	at org.apache.hadoop.hive.ql.exec.Task.executeTask(Task.java:212)
	at org.apache.hadoop.hive.ql.exec.TaskRunner.runSequential(TaskRunner.java:105)
	at org.apache.hadoop.hive.ql.Executor.launchTask(Executor.java:361)
	at org.apache.hadoop.hive.ql.Executor.launchTasks(Executor.java:334)
	at org.apache.hadoop.hive.ql.Executor.runTasks(Executor.java:245)
	at org.apache.hadoop.hive.ql.Executor.execute(Executor.java:108)
	at org.apache.hadoop.hive.ql.Driver.execute(Driver.java:348)
	at org.apache.hadoop.hive.ql.Driver.runInternal(Driver.java:204)
	at org.apache.hadoop.hive.ql.Driver.run(Driver.java:153)
	at org.apache.hadoop.hive.ql.Driver.run(Driver.java:148)
	at org.apache.hadoop.hive.ql.reexec.ReExecDriver.run(ReExecDriver.java:164)
	at org.apache.hadoop.hive.ql.reexec.ReExecDriver.run(ReExecDriver.java:230)
	at org.apache.hive.hcatalog.pig.AbstractHCatLoaderTest.executeStatementOnDriver(AbstractHCatLoaderTest.java:151)
	at org.apache.hive.hcatalog.pig.AbstractHCatLoaderTest.tearDown(AbstractHCatLoaderTest.java:239)
	at sun.reflect.NativeMethodAccessorImpl.invoke0(Native Method)
	at sun.reflect.NativeMethodAccessorImpl.invoke(NativeMethodAccessorImpl.java:62)
	at sun.reflect.DelegatingMethodAccessorImpl.invoke(DelegatingMethodAccessorImpl.java:43)
	at java.lang.reflect.Method.invoke(Method.java:498)
	at org.junit.runners.model.FrameworkMethod$1.runReflectiveCall(FrameworkMethod.java:59)
	at org.junit.internal.runners.model.ReflectiveCallable.run(ReflectiveCallable.java:12)
	at org.junit.runners.model.FrameworkMethod.invokeExplosively(FrameworkMethod.java:56)
	at org.junit.internal.runners.statements.RunAfters.invokeMethod(RunAfters.java:46)
	at org.junit.internal.runners.statements.RunAfters.evaluate(RunAfters.java:33)
	at org.junit.runners.ParentRunner$3.evaluate(ParentRunner.java:306)
	at org.junit.runners.BlockJUnit4ClassRunner$1.evaluate(BlockJUnit4ClassRunner.java:100)
	at org.junit.runners.ParentRunner.runLeaf(ParentRunner.java:366)
	at org.junit.runners.BlockJUnit4ClassRunner.runChild(BlockJUnit4ClassRunner.java:103)
	at org.junit.runners.BlockJUnit4ClassRunner.runChild(BlockJUnit4ClassRunner.java:63)
	at org.junit.runners.ParentRunner$4.run(ParentRunner.java:331)
	at org.junit.runners.ParentRunner$1.schedule(ParentRunner.java:79)
	at org.junit.runners.ParentRunner.runChildren(ParentRunner.java:329)
	at org.junit.runners.ParentRunner.access$100(ParentRunner.java:66)
	at org.junit.runners.ParentRunner$2.evaluate(ParentRunner.java:293)
	at org.junit.internal.runners.statements.RunBefores.evaluate(RunBefores.java:26)
	at org.junit.runners.ParentRunner$3.evaluate(ParentRunner.java:306)
	at org.junit.runners.ParentRunner.run(ParentRunner.java:413)
	at org.junit.runners.Suite.runChild(Suite.java:128)
	at org.junit.runners.Suite.runChild(Suite.java:27)
	at org.junit.runners.ParentRunner$4.run(ParentRunner.java:331)
	at org.junit.runners.ParentRunner$1.schedule(ParentRunner.java:79)
	at org.junit.runners.ParentRunner.runChildren(ParentRunner.java:329)
	at org.junit.runners.ParentRunner.access$100(ParentRunner.java:66)
	at org.junit.runners.ParentRunner$2.evaluate(ParentRunner.java:293)
	at org.junit.runners.ParentRunner$3.evaluate(ParentRunner.java:306)
	at org.junit.runners.ParentRunner.run(ParentRunner.java:413)
	at org.apache.maven.surefire.junitcore.JUnitCore.run(JUnitCore.java:55)
	at org.apache.maven.surefire.junitcore.JUnitCoreWrapper.createRequestAndRun(JUnitCoreWrapper.java:137)
	at org.apache.maven.surefire.junitcore.JUnitCoreWrapper.executeEager(JUnitCoreWrapper.java:107)
	at org.apache.maven.surefire.junitcore.JUnitCoreWrapper.execute(JUnitCoreWrapper.java:83)
	at org.apache.maven.surefire.junitcore.JUnitCoreWrapper.execute(JUnitCoreWrapper.java:75)
	at org.apache.maven.surefire.junitcore.JUnitCoreProvider.invoke(JUnitCoreProvider.java:158)
	at org.apache.maven.surefire.booter.ForkedBooter.runSuitesInProcess(ForkedBooter.java:377)
	at org.apache.maven.surefire.booter.ForkedBooter.execute(ForkedBooter.java:138)
	at org.apache.maven.surefire.booter.ForkedBooter.run(ForkedBooter.java:465)
	at org.apache.maven.surefire.booter.ForkedBooter.main(ForkedBooter.java:451)
NestedThrowablesStackTrace:
java.sql.BatchUpdateException: DELETE on table 'DBS' caused a violation of foreign key constraint 'TBLS_FK1' for key (4).  The statement has been rolled back.
	at org.apache.derby.impl.jdbc.EmbedStatement.executeLargeBatch(Unknown Source)
	at org.apache.derby.impl.jdbc.EmbedStatement.executeBatch(Unknown Source)
	at com.zaxxer.hikari.pool.ProxyStatement.executeBatch(ProxyStatement.java:128)
	at com.zaxxer.hikari.pool.HikariProxyPreparedStatement.executeBatch(HikariProxyPreparedStatement.java)
	at org.datanucleus.store.rdbms.ParamLoggingPreparedStatement.executeBatch(ParamLoggingPreparedStatement.java:366)
	at org.datanucleus.store.rdbms.SQLController.processConnectionStatement(SQLController.java:675)
	at org.datanucleus.store.rdbms.SQLController.processStatementsForConnection(SQLController.java:643)
	at org.datanucleus.store.rdbms.SQLController$1.transactionFlushed(SQLController.java:729)
	at org.datanucleus.store.connection.AbstractManagedConnection.transactionFlushed(AbstractManagedConnection.java:95)
	at org.datanucleus.store.connection.ConnectionManagerImpl$2.transactionFlushed(ConnectionManagerImpl.java:528)
	at org.datanucleus.TransactionImpl.flush(TransactionImpl.java:222)
	at org.datanucleus.TransactionImpl.commit(TransactionImpl.java:286)
	at org.datanucleus.api.jdo.JDOTransaction.commit(JDOTransaction.java:99)
	at org.apache.hadoop.hive.metastore.ObjectStore.commitTransaction(ObjectStore.java:615)
	at sun.reflect.GeneratedMethodAccessor31.invoke(Unknown Source)
	at sun.reflect.DelegatingMethodAccessorImpl.invoke(DelegatingMethodAccessorImpl.java:43)
	at java.lang.reflect.Method.invoke(Method.java:498)
	at org.apache.hadoop.hive.metastore.RawStoreProxy.invoke(RawStoreProxy.java:97)
	at com.sun.proxy.$Proxy32.commitTransaction(Unknown Source)
	at org.apache.hadoop.hive.metastore.HMSHandler.drop_database_core(HMSHandler.java:1790)
	at org.apache.hadoop.hive.metastore.HMSHandler.drop_database(HMSHandler.java:1869)
	at sun.reflect.GeneratedMethodAccessor54.invoke(Unknown Source)
	at sun.reflect.DelegatingMethodAccessorImpl.invoke(DelegatingMethodAccessorImpl.java:43)
	at java.lang.reflect.Method.invoke(Method.java:498)
	at org.apache.hadoop.hive.metastore.RetryingHMSHandler.invokeInternal(RetryingHMSHandler.java:147)
	at org.apache.hadoop.hive.metastore.RetryingHMSHandler.invoke(RetryingHMSHandler.java:108)
	at com.sun.proxy.$Proxy35.drop_database(Unknown Source)
	at org.apache.hadoop.hive.metastore.HiveMetaStoreClient.dropDatabaseCascadePerDb(HiveMetaStoreClient.java:1601)
	at org.apache.hadoop.hive.metastore.HiveMetaStoreClient.dropDatabase(HiveMetaStoreClient.java:1532)
	at org.apache.hadoop.hive.metastore.HiveMetaStoreClient.dropDatabase(HiveMetaStoreClient.java:1485)
	at sun.reflect.NativeMethodAccessorImpl.invoke0(Native Method)
	at sun.reflect.NativeMethodAccessorImpl.invoke(NativeMethodAccessorImpl.java:62)
	at sun.reflect.DelegatingMethodAccessorImpl.invoke(DelegatingMethodAccessorImpl.java:43)
	at java.lang.reflect.Method.invoke(Method.java:498)
	at org.apache.hadoop.hive.metastore.RetryingMetaStoreClient.invoke(RetryingMetaStoreClient.java:218)
	at com.sun.proxy.$Proxy45.dropDatabase(Unknown Source)
	at org.apache.hadoop.hive.ql.metadata.Hive.dropDatabase(Hive.java:662)
	at org.apache.hadoop.hive.ql.ddl.database.drop.DropDatabaseOperation.execute(DropDatabaseOperation.java:52)
	at org.apache.hadoop.hive.ql.ddl.DDLTask.execute(DDLTask.java:84)
	at org.apache.hadoop.hive.ql.exec.Task.executeTask(Task.java:212)
	at org.apache.hadoop.hive.ql.exec.TaskRunner.runSequential(TaskRunner.java:105)
	at org.apache.hadoop.hive.ql.Executor.launchTask(Executor.java:361)
	at org.apache.hadoop.hive.ql.Executor.launchTasks(Executor.java:334)
	at org.apache.hadoop.hive.ql.Executor.runTasks(Executor.java:245)
	at org.apache.hadoop.hive.ql.Executor.execute(Executor.java:108)
	at org.apache.hadoop.hive.ql.Driver.execute(Driver.java:348)
	at org.apache.hadoop.hive.ql.Driver.runInternal(Driver.java:204)
	at org.apache.hadoop.hive.ql.Driver.run(Driver.java:153)
	at org.apache.hadoop.hive.ql.Driver.run(Driver.java:148)
	at org.apache.hadoop.hive.ql.reexec.ReExecDriver.run(ReExecDriver.java:164)
	at org.apache.hadoop.hive.ql.reexec.ReExecDriver.run(ReExecDriver.java:230)
	at org.apache.hive.hcatalog.pig.AbstractHCatLoaderTest.executeStatementOnDriver(AbstractHCatLoaderTest.java:151)
	at org.apache.hive.hcatalog.pig.AbstractHCatLoaderTest.tearDown(AbstractHCatLoaderTest.java:239)
	at sun.reflect.NativeMethodAccessorImpl.invoke0(Native Method)
	at sun.reflect.NativeMethodAccessorImpl.invoke(NativeMethodAccessorImpl.java:62)
	at sun.reflect.DelegatingMethodAccessorImpl.invoke(DelegatingMethodAccessorImpl.java:43)
	at java.lang.reflect.Method.invoke(Method.java:498)
	at org.junit.runners.model.FrameworkMethod$1.runReflectiveCall(FrameworkMethod.java:59)
	at org.junit.internal.runners.model.ReflectiveCallable.run(ReflectiveCallable.java:12)
	at org.junit.runners.model.FrameworkMethod.invokeExplosively(FrameworkMethod.java:56)
	at org.junit.internal.runners.statements.RunAfters.invokeMethod(RunAfters.java:46)
	at org.junit.internal.runners.statements.RunAfters.evaluate(RunAfters.java:33)
	at org.junit.runners.ParentRunner$3.evaluate(ParentRunner.java:306)
	at org.junit.runners.BlockJUnit4ClassRunner$1.evaluate(BlockJUnit4ClassRunner.java:100)
	at org.junit.runners.ParentRunner.runLeaf(ParentRunner.java:366)
	at org.junit.runners.BlockJUnit4ClassRunner.runChild(BlockJUnit4ClassRunner.java:103)
	at org.junit.runners.BlockJUnit4ClassRunner.runChild(BlockJUnit4ClassRunner.java:63)
	at org.junit.runners.ParentRunner$4.run(ParentRunner.java:331)
	at org.junit.runners.ParentRunner$1.schedule(ParentRunner.java:79)
	at org.junit.runners.ParentRunner.runChildren(ParentRunner.java:329)
	at org.junit.runners.ParentRunner.access$100(ParentRunner.java:66)
	at org.junit.runners.ParentRunner$2.evaluate(ParentRunner.java:293)
	at org.junit.internal.runners.statements.RunBefores.evaluate(RunBefores.java:26)
	at org.junit.runners.ParentRunner$3.evaluate(ParentRunner.java:306)
	at org.junit.runners.ParentRunner.run(ParentRunner.java:413)
	at org.junit.runners.Suite.runChild(Suite.java:128)
	at org.junit.runners.Suite.runChild(Suite.java:27)
	at org.junit.runners.ParentRunner$4.run(ParentRunner.java:331)
	at org.junit.runners.ParentRunner$1.schedule(ParentRunner.java:79)
	at org.junit.runners.ParentRunner.runChildren(ParentRunner.java:329)
	at org.junit.runners.ParentRunner.access$100(ParentRunner.java:66)
	at org.junit.runners.ParentRunner$2.evaluate(ParentRunner.java:293)
	at org.junit.runners.ParentRunner$3.evaluate(ParentRunner.java:306)
	at org.junit.runners.ParentRunner.run(ParentRunner.java:413)
	at org.apache.maven.surefire.junitcore.JUnitCore.run(JUnitCore.java:55)
	at org.apache.maven.surefire.junitcore.JUnitCoreWrapper.createRequestAndRun(JUnitCoreWrapper.java:137)
	at org.apache.maven.surefire.junitcore.JUnitCoreWrapper.executeEager(JUnitCoreWrapper.java:107)
	at org.apache.maven.surefire.junitcore.JUnitCoreWrapper.execute(JUnitCoreWrapper.java:83)
	at org.apache.maven.surefire.junitcore.JUnitCoreWrapper.execute(JUnitCoreWrapper.java:75)
	at org.apache.maven.surefire.junitcore.JUnitCoreProvider.invoke(JUnitCoreProvider.java:158)
	at org.apache.maven.surefire.booter.ForkedBooter.runSuitesInProcess(ForkedBooter.java:377)
	at org.apache.maven.surefire.booter.ForkedBooter.execute(ForkedBooter.java:138)
	at org.apache.maven.surefire.booter.ForkedBooter.run(ForkedBooter.java:465)
	at org.apache.maven.surefire.booter.ForkedBooter.main(ForkedBooter.java:451)
Caused by: org.apache.derby.shared.common.error.DerbySQLIntegrityConstraintViolationException: DELETE on table 'DBS' caused a violation of foreign key constraint 'TBLS_FK1' for key (4).  The statement has been rolled back.
	at org.apache.derby.impl.jdbc.SQLExceptionFactory.getSQLException(Unknown Source)
	at org.apache.derby.impl.jdbc.Util.generateCsSQLException(Unknown Source)
	at org.apache.derby.impl.jdbc.TransactionResourceImpl.wrapInSQLException(Unknown Source)
	at org.apache.derby.impl.jdbc.TransactionResourceImpl.handleException(Unknown Source)
	at org.apache.derby.impl.jdbc.EmbedConnection.handleException(Unknown Source)
	at org.apache.derby.impl.jdbc.ConnectionChild.handleException(Unknown Source)
	at org.apache.derby.impl.jdbc.EmbedStatement.executeStatement(Unknown Source)
	at org.apache.derby.impl.jdbc.EmbedPreparedStatement.executeBatchElement(Unknown Source)
	... 94 more
Caused by: ERROR 23503: DELETE on table 'DBS' caused a violation of foreign key constraint 'TBLS_FK1' for key (4).  The statement has been rolled back.
	at org.apache.derby.iapi.error.StandardException.newException(Unknown Source)
	at org.apache.derby.iapi.error.StandardException.newException(Unknown Source)
	at org.apache.derby.impl.sql.execute.ReferencedKeyRIChecker.doCheck(Unknown Source)
	at org.apache.derby.impl.sql.execute.RISetChecker.doPKCheck(Unknown Source)
	at org.apache.derby.impl.sql.execute.DeleteResultSet.collectAffectedRows(Unknown Source)
	at org.apache.derby.impl.sql.execute.DeleteResultSet.open(Unknown Source)
	at org.apache.derby.impl.sql.GenericPreparedStatement.executeStmt(Unknown Source)
	at org.apache.derby.impl.sql.GenericPreparedStatement.execute(Unknown Source)
	... 96 more

2024-04-24T11:29:38,300  INFO [main] HiveMetaStore.audit: ugi=alex	ip=unknown-ip-addr	cmd=drop_database: @hive#junit_specific_db	
2024-04-24T11:29:38,305  INFO [main] HiveMetaStore.audit: ugi=alex	ip=unknown-ip-addr	cmd=get_all_tables: db=@hive#junit_specific_db	
2024-04-24T11:29:38,306  INFO [main] HiveMetaStore.audit: ugi=alex	ip=unknown-ip-addr	cmd=get_functions: db=@hive#junit_specific_db pat=*	
2024-04-24T11:29:38,308  INFO [main] HiveMetaStore.audit: ugi=alex	ip=unknown-ip-addr	cmd=get_all_stored_procedures	
2024-04-24T11:29:38,309  INFO [main] HiveMetaStore.audit: ugi=alex	ip=unknown-ip-addr	cmd=get_all_packages	
2024-04-24T11:29:38,311  INFO [main] HiveMetaStore.audit: ugi=alex	ip=unknown-ip-addr	cmd=getTablesByTypeCore: catName=hive: db=junit_specific_db pat=.*,type=MATERIALIZED_VIEW	
2024-04-24T11:29:38,315  INFO [main] metastore.ObjectStore: Dropping database hive.junit_specific_db along with all tables
2024-04-24T11:29:38,321  INFO [main] txn.TxnHandler: Non-retryable error in cleanupRecords : Table/View 'TXN_COMPONENTS' does not exist. (SQLState=42X05, ErrorCode=20000)
2024-04-24T11:29:38,321  WARN [main] txn.TxnHandler: Cannot perform cleanup since metastore table does not exist
2024-04-24T11:29:38,323 ERROR [main] metastore.RetryingHMSHandler: Retrying HMSHandler after 2000 ms (attempt 5 of 10) with error: javax.jdo.JDODataStoreException: Exception thrown flushing changes to datastore
	at org.datanucleus.api.jdo.NucleusJDOHelper.getJDOExceptionForNucleusException(NucleusJDOHelper.java:542)
	at org.datanucleus.api.jdo.JDOTransaction.commit(JDOTransaction.java:162)
	at org.apache.hadoop.hive.metastore.ObjectStore.commitTransaction(ObjectStore.java:615)
	at sun.reflect.GeneratedMethodAccessor31.invoke(Unknown Source)
	at sun.reflect.DelegatingMethodAccessorImpl.invoke(DelegatingMethodAccessorImpl.java:43)
	at java.lang.reflect.Method.invoke(Method.java:498)
	at org.apache.hadoop.hive.metastore.RawStoreProxy.invoke(RawStoreProxy.java:97)
	at com.sun.proxy.$Proxy32.commitTransaction(Unknown Source)
	at org.apache.hadoop.hive.metastore.HMSHandler.drop_database_core(HMSHandler.java:1790)
	at org.apache.hadoop.hive.metastore.HMSHandler.drop_database(HMSHandler.java:1869)
	at sun.reflect.GeneratedMethodAccessor54.invoke(Unknown Source)
	at sun.reflect.DelegatingMethodAccessorImpl.invoke(DelegatingMethodAccessorImpl.java:43)
	at java.lang.reflect.Method.invoke(Method.java:498)
	at org.apache.hadoop.hive.metastore.RetryingHMSHandler.invokeInternal(RetryingHMSHandler.java:147)
	at org.apache.hadoop.hive.metastore.RetryingHMSHandler.invoke(RetryingHMSHandler.java:108)
	at com.sun.proxy.$Proxy35.drop_database(Unknown Source)
	at org.apache.hadoop.hive.metastore.HiveMetaStoreClient.dropDatabaseCascadePerDb(HiveMetaStoreClient.java:1601)
	at org.apache.hadoop.hive.metastore.HiveMetaStoreClient.dropDatabase(HiveMetaStoreClient.java:1532)
	at org.apache.hadoop.hive.metastore.HiveMetaStoreClient.dropDatabase(HiveMetaStoreClient.java:1485)
	at sun.reflect.NativeMethodAccessorImpl.invoke0(Native Method)
	at sun.reflect.NativeMethodAccessorImpl.invoke(NativeMethodAccessorImpl.java:62)
	at sun.reflect.DelegatingMethodAccessorImpl.invoke(DelegatingMethodAccessorImpl.java:43)
	at java.lang.reflect.Method.invoke(Method.java:498)
	at org.apache.hadoop.hive.metastore.RetryingMetaStoreClient.invoke(RetryingMetaStoreClient.java:218)
	at com.sun.proxy.$Proxy45.dropDatabase(Unknown Source)
	at org.apache.hadoop.hive.ql.metadata.Hive.dropDatabase(Hive.java:662)
	at org.apache.hadoop.hive.ql.ddl.database.drop.DropDatabaseOperation.execute(DropDatabaseOperation.java:52)
	at org.apache.hadoop.hive.ql.ddl.DDLTask.execute(DDLTask.java:84)
	at org.apache.hadoop.hive.ql.exec.Task.executeTask(Task.java:212)
	at org.apache.hadoop.hive.ql.exec.TaskRunner.runSequential(TaskRunner.java:105)
	at org.apache.hadoop.hive.ql.Executor.launchTask(Executor.java:361)
	at org.apache.hadoop.hive.ql.Executor.launchTasks(Executor.java:334)
	at org.apache.hadoop.hive.ql.Executor.runTasks(Executor.java:245)
	at org.apache.hadoop.hive.ql.Executor.execute(Executor.java:108)
	at org.apache.hadoop.hive.ql.Driver.execute(Driver.java:348)
	at org.apache.hadoop.hive.ql.Driver.runInternal(Driver.java:204)
	at org.apache.hadoop.hive.ql.Driver.run(Driver.java:153)
	at org.apache.hadoop.hive.ql.Driver.run(Driver.java:148)
	at org.apache.hadoop.hive.ql.reexec.ReExecDriver.run(ReExecDriver.java:164)
	at org.apache.hadoop.hive.ql.reexec.ReExecDriver.run(ReExecDriver.java:230)
	at org.apache.hive.hcatalog.pig.AbstractHCatLoaderTest.executeStatementOnDriver(AbstractHCatLoaderTest.java:151)
	at org.apache.hive.hcatalog.pig.AbstractHCatLoaderTest.tearDown(AbstractHCatLoaderTest.java:239)
	at sun.reflect.NativeMethodAccessorImpl.invoke0(Native Method)
	at sun.reflect.NativeMethodAccessorImpl.invoke(NativeMethodAccessorImpl.java:62)
	at sun.reflect.DelegatingMethodAccessorImpl.invoke(DelegatingMethodAccessorImpl.java:43)
	at java.lang.reflect.Method.invoke(Method.java:498)
	at org.junit.runners.model.FrameworkMethod$1.runReflectiveCall(FrameworkMethod.java:59)
	at org.junit.internal.runners.model.ReflectiveCallable.run(ReflectiveCallable.java:12)
	at org.junit.runners.model.FrameworkMethod.invokeExplosively(FrameworkMethod.java:56)
	at org.junit.internal.runners.statements.RunAfters.invokeMethod(RunAfters.java:46)
	at org.junit.internal.runners.statements.RunAfters.evaluate(RunAfters.java:33)
	at org.junit.runners.ParentRunner$3.evaluate(ParentRunner.java:306)
	at org.junit.runners.BlockJUnit4ClassRunner$1.evaluate(BlockJUnit4ClassRunner.java:100)
	at org.junit.runners.ParentRunner.runLeaf(ParentRunner.java:366)
	at org.junit.runners.BlockJUnit4ClassRunner.runChild(BlockJUnit4ClassRunner.java:103)
	at org.junit.runners.BlockJUnit4ClassRunner.runChild(BlockJUnit4ClassRunner.java:63)
	at org.junit.runners.ParentRunner$4.run(ParentRunner.java:331)
	at org.junit.runners.ParentRunner$1.schedule(ParentRunner.java:79)
	at org.junit.runners.ParentRunner.runChildren(ParentRunner.java:329)
	at org.junit.runners.ParentRunner.access$100(ParentRunner.java:66)
	at org.junit.runners.ParentRunner$2.evaluate(ParentRunner.java:293)
	at org.junit.internal.runners.statements.RunBefores.evaluate(RunBefores.java:26)
	at org.junit.runners.ParentRunner$3.evaluate(ParentRunner.java:306)
	at org.junit.runners.ParentRunner.run(ParentRunner.java:413)
	at org.junit.runners.Suite.runChild(Suite.java:128)
	at org.junit.runners.Suite.runChild(Suite.java:27)
	at org.junit.runners.ParentRunner$4.run(ParentRunner.java:331)
	at org.junit.runners.ParentRunner$1.schedule(ParentRunner.java:79)
	at org.junit.runners.ParentRunner.runChildren(ParentRunner.java:329)
	at org.junit.runners.ParentRunner.access$100(ParentRunner.java:66)
	at org.junit.runners.ParentRunner$2.evaluate(ParentRunner.java:293)
	at org.junit.runners.ParentRunner$3.evaluate(ParentRunner.java:306)
	at org.junit.runners.ParentRunner.run(ParentRunner.java:413)
	at org.apache.maven.surefire.junitcore.JUnitCore.run(JUnitCore.java:55)
	at org.apache.maven.surefire.junitcore.JUnitCoreWrapper.createRequestAndRun(JUnitCoreWrapper.java:137)
	at org.apache.maven.surefire.junitcore.JUnitCoreWrapper.executeEager(JUnitCoreWrapper.java:107)
	at org.apache.maven.surefire.junitcore.JUnitCoreWrapper.execute(JUnitCoreWrapper.java:83)
	at org.apache.maven.surefire.junitcore.JUnitCoreWrapper.execute(JUnitCoreWrapper.java:75)
	at org.apache.maven.surefire.junitcore.JUnitCoreProvider.invoke(JUnitCoreProvider.java:158)
	at org.apache.maven.surefire.booter.ForkedBooter.runSuitesInProcess(ForkedBooter.java:377)
	at org.apache.maven.surefire.booter.ForkedBooter.execute(ForkedBooter.java:138)
	at org.apache.maven.surefire.booter.ForkedBooter.run(ForkedBooter.java:465)
	at org.apache.maven.surefire.booter.ForkedBooter.main(ForkedBooter.java:451)
NestedThrowablesStackTrace:
java.sql.BatchUpdateException: DELETE on table 'DBS' caused a violation of foreign key constraint 'TBLS_FK1' for key (4).  The statement has been rolled back.
	at org.apache.derby.impl.jdbc.EmbedStatement.executeLargeBatch(Unknown Source)
	at org.apache.derby.impl.jdbc.EmbedStatement.executeBatch(Unknown Source)
	at com.zaxxer.hikari.pool.ProxyStatement.executeBatch(ProxyStatement.java:128)
	at com.zaxxer.hikari.pool.HikariProxyPreparedStatement.executeBatch(HikariProxyPreparedStatement.java)
	at org.datanucleus.store.rdbms.ParamLoggingPreparedStatement.executeBatch(ParamLoggingPreparedStatement.java:366)
	at org.datanucleus.store.rdbms.SQLController.processConnectionStatement(SQLController.java:675)
	at org.datanucleus.store.rdbms.SQLController.processStatementsForConnection(SQLController.java:643)
	at org.datanucleus.store.rdbms.SQLController$1.transactionFlushed(SQLController.java:729)
	at org.datanucleus.store.connection.AbstractManagedConnection.transactionFlushed(AbstractManagedConnection.java:95)
	at org.datanucleus.store.connection.ConnectionManagerImpl$2.transactionFlushed(ConnectionManagerImpl.java:528)
	at org.datanucleus.TransactionImpl.flush(TransactionImpl.java:222)
	at org.datanucleus.TransactionImpl.commit(TransactionImpl.java:286)
	at org.datanucleus.api.jdo.JDOTransaction.commit(JDOTransaction.java:99)
	at org.apache.hadoop.hive.metastore.ObjectStore.commitTransaction(ObjectStore.java:615)
	at sun.reflect.GeneratedMethodAccessor31.invoke(Unknown Source)
	at sun.reflect.DelegatingMethodAccessorImpl.invoke(DelegatingMethodAccessorImpl.java:43)
	at java.lang.reflect.Method.invoke(Method.java:498)
	at org.apache.hadoop.hive.metastore.RawStoreProxy.invoke(RawStoreProxy.java:97)
	at com.sun.proxy.$Proxy32.commitTransaction(Unknown Source)
	at org.apache.hadoop.hive.metastore.HMSHandler.drop_database_core(HMSHandler.java:1790)
	at org.apache.hadoop.hive.metastore.HMSHandler.drop_database(HMSHandler.java:1869)
	at sun.reflect.GeneratedMethodAccessor54.invoke(Unknown Source)
	at sun.reflect.DelegatingMethodAccessorImpl.invoke(DelegatingMethodAccessorImpl.java:43)
	at java.lang.reflect.Method.invoke(Method.java:498)
	at org.apache.hadoop.hive.metastore.RetryingHMSHandler.invokeInternal(RetryingHMSHandler.java:147)
	at org.apache.hadoop.hive.metastore.RetryingHMSHandler.invoke(RetryingHMSHandler.java:108)
	at com.sun.proxy.$Proxy35.drop_database(Unknown Source)
	at org.apache.hadoop.hive.metastore.HiveMetaStoreClient.dropDatabaseCascadePerDb(HiveMetaStoreClient.java:1601)
	at org.apache.hadoop.hive.metastore.HiveMetaStoreClient.dropDatabase(HiveMetaStoreClient.java:1532)
	at org.apache.hadoop.hive.metastore.HiveMetaStoreClient.dropDatabase(HiveMetaStoreClient.java:1485)
	at sun.reflect.NativeMethodAccessorImpl.invoke0(Native Method)
	at sun.reflect.NativeMethodAccessorImpl.invoke(NativeMethodAccessorImpl.java:62)
	at sun.reflect.DelegatingMethodAccessorImpl.invoke(DelegatingMethodAccessorImpl.java:43)
	at java.lang.reflect.Method.invoke(Method.java:498)
	at org.apache.hadoop.hive.metastore.RetryingMetaStoreClient.invoke(RetryingMetaStoreClient.java:218)
	at com.sun.proxy.$Proxy45.dropDatabase(Unknown Source)
	at org.apache.hadoop.hive.ql.metadata.Hive.dropDatabase(Hive.java:662)
	at org.apache.hadoop.hive.ql.ddl.database.drop.DropDatabaseOperation.execute(DropDatabaseOperation.java:52)
	at org.apache.hadoop.hive.ql.ddl.DDLTask.execute(DDLTask.java:84)
	at org.apache.hadoop.hive.ql.exec.Task.executeTask(Task.java:212)
	at org.apache.hadoop.hive.ql.exec.TaskRunner.runSequential(TaskRunner.java:105)
	at org.apache.hadoop.hive.ql.Executor.launchTask(Executor.java:361)
	at org.apache.hadoop.hive.ql.Executor.launchTasks(Executor.java:334)
	at org.apache.hadoop.hive.ql.Executor.runTasks(Executor.java:245)
	at org.apache.hadoop.hive.ql.Executor.execute(Executor.java:108)
	at org.apache.hadoop.hive.ql.Driver.execute(Driver.java:348)
	at org.apache.hadoop.hive.ql.Driver.runInternal(Driver.java:204)
	at org.apache.hadoop.hive.ql.Driver.run(Driver.java:153)
	at org.apache.hadoop.hive.ql.Driver.run(Driver.java:148)
	at org.apache.hadoop.hive.ql.reexec.ReExecDriver.run(ReExecDriver.java:164)
	at org.apache.hadoop.hive.ql.reexec.ReExecDriver.run(ReExecDriver.java:230)
	at org.apache.hive.hcatalog.pig.AbstractHCatLoaderTest.executeStatementOnDriver(AbstractHCatLoaderTest.java:151)
	at org.apache.hive.hcatalog.pig.AbstractHCatLoaderTest.tearDown(AbstractHCatLoaderTest.java:239)
	at sun.reflect.NativeMethodAccessorImpl.invoke0(Native Method)
	at sun.reflect.NativeMethodAccessorImpl.invoke(NativeMethodAccessorImpl.java:62)
	at sun.reflect.DelegatingMethodAccessorImpl.invoke(DelegatingMethodAccessorImpl.java:43)
	at java.lang.reflect.Method.invoke(Method.java:498)
	at org.junit.runners.model.FrameworkMethod$1.runReflectiveCall(FrameworkMethod.java:59)
	at org.junit.internal.runners.model.ReflectiveCallable.run(ReflectiveCallable.java:12)
	at org.junit.runners.model.FrameworkMethod.invokeExplosively(FrameworkMethod.java:56)
	at org.junit.internal.runners.statements.RunAfters.invokeMethod(RunAfters.java:46)
	at org.junit.internal.runners.statements.RunAfters.evaluate(RunAfters.java:33)
	at org.junit.runners.ParentRunner$3.evaluate(ParentRunner.java:306)
	at org.junit.runners.BlockJUnit4ClassRunner$1.evaluate(BlockJUnit4ClassRunner.java:100)
	at org.junit.runners.ParentRunner.runLeaf(ParentRunner.java:366)
	at org.junit.runners.BlockJUnit4ClassRunner.runChild(BlockJUnit4ClassRunner.java:103)
	at org.junit.runners.BlockJUnit4ClassRunner.runChild(BlockJUnit4ClassRunner.java:63)
	at org.junit.runners.ParentRunner$4.run(ParentRunner.java:331)
	at org.junit.runners.ParentRunner$1.schedule(ParentRunner.java:79)
	at org.junit.runners.ParentRunner.runChildren(ParentRunner.java:329)
	at org.junit.runners.ParentRunner.access$100(ParentRunner.java:66)
	at org.junit.runners.ParentRunner$2.evaluate(ParentRunner.java:293)
	at org.junit.internal.runners.statements.RunBefores.evaluate(RunBefores.java:26)
	at org.junit.runners.ParentRunner$3.evaluate(ParentRunner.java:306)
	at org.junit.runners.ParentRunner.run(ParentRunner.java:413)
	at org.junit.runners.Suite.runChild(Suite.java:128)
	at org.junit.runners.Suite.runChild(Suite.java:27)
	at org.junit.runners.ParentRunner$4.run(ParentRunner.java:331)
	at org.junit.runners.ParentRunner$1.schedule(ParentRunner.java:79)
	at org.junit.runners.ParentRunner.runChildren(ParentRunner.java:329)
	at org.junit.runners.ParentRunner.access$100(ParentRunner.java:66)
	at org.junit.runners.ParentRunner$2.evaluate(ParentRunner.java:293)
	at org.junit.runners.ParentRunner$3.evaluate(ParentRunner.java:306)
	at org.junit.runners.ParentRunner.run(ParentRunner.java:413)
	at org.apache.maven.surefire.junitcore.JUnitCore.run(JUnitCore.java:55)
	at org.apache.maven.surefire.junitcore.JUnitCoreWrapper.createRequestAndRun(JUnitCoreWrapper.java:137)
	at org.apache.maven.surefire.junitcore.JUnitCoreWrapper.executeEager(JUnitCoreWrapper.java:107)
	at org.apache.maven.surefire.junitcore.JUnitCoreWrapper.execute(JUnitCoreWrapper.java:83)
	at org.apache.maven.surefire.junitcore.JUnitCoreWrapper.execute(JUnitCoreWrapper.java:75)
	at org.apache.maven.surefire.junitcore.JUnitCoreProvider.invoke(JUnitCoreProvider.java:158)
	at org.apache.maven.surefire.booter.ForkedBooter.runSuitesInProcess(ForkedBooter.java:377)
	at org.apache.maven.surefire.booter.ForkedBooter.execute(ForkedBooter.java:138)
	at org.apache.maven.surefire.booter.ForkedBooter.run(ForkedBooter.java:465)
	at org.apache.maven.surefire.booter.ForkedBooter.main(ForkedBooter.java:451)
Caused by: org.apache.derby.shared.common.error.DerbySQLIntegrityConstraintViolationException: DELETE on table 'DBS' caused a violation of foreign key constraint 'TBLS_FK1' for key (4).  The statement has been rolled back.
	at org.apache.derby.impl.jdbc.SQLExceptionFactory.getSQLException(Unknown Source)
	at org.apache.derby.impl.jdbc.Util.generateCsSQLException(Unknown Source)
	at org.apache.derby.impl.jdbc.TransactionResourceImpl.wrapInSQLException(Unknown Source)
	at org.apache.derby.impl.jdbc.TransactionResourceImpl.handleException(Unknown Source)
	at org.apache.derby.impl.jdbc.EmbedConnection.handleException(Unknown Source)
	at org.apache.derby.impl.jdbc.ConnectionChild.handleException(Unknown Source)
	at org.apache.derby.impl.jdbc.EmbedStatement.executeStatement(Unknown Source)
	at org.apache.derby.impl.jdbc.EmbedPreparedStatement.executeBatchElement(Unknown Source)
	... 94 more
Caused by: ERROR 23503: DELETE on table 'DBS' caused a violation of foreign key constraint 'TBLS_FK1' for key (4).  The statement has been rolled back.
	at org.apache.derby.iapi.error.StandardException.newException(Unknown Source)
	at org.apache.derby.iapi.error.StandardException.newException(Unknown Source)
	at org.apache.derby.impl.sql.execute.ReferencedKeyRIChecker.doCheck(Unknown Source)
	at org.apache.derby.impl.sql.execute.RISetChecker.doPKCheck(Unknown Source)
	at org.apache.derby.impl.sql.execute.DeleteResultSet.collectAffectedRows(Unknown Source)
	at org.apache.derby.impl.sql.execute.DeleteResultSet.open(Unknown Source)
	at org.apache.derby.impl.sql.GenericPreparedStatement.executeStmt(Unknown Source)
	at org.apache.derby.impl.sql.GenericPreparedStatement.execute(Unknown Source)
	... 96 more

2024-04-24T11:29:40,323  INFO [main] HiveMetaStore.audit: ugi=alex	ip=unknown-ip-addr	cmd=drop_database: @hive#junit_specific_db	
2024-04-24T11:29:40,326  INFO [main] HiveMetaStore.audit: ugi=alex	ip=unknown-ip-addr	cmd=get_all_tables: db=@hive#junit_specific_db	
2024-04-24T11:29:40,328  INFO [main] HiveMetaStore.audit: ugi=alex	ip=unknown-ip-addr	cmd=get_functions: db=@hive#junit_specific_db pat=*	
2024-04-24T11:29:40,330  INFO [main] HiveMetaStore.audit: ugi=alex	ip=unknown-ip-addr	cmd=get_all_stored_procedures	
2024-04-24T11:29:40,331  INFO [main] HiveMetaStore.audit: ugi=alex	ip=unknown-ip-addr	cmd=get_all_packages	
2024-04-24T11:29:40,332  INFO [main] HiveMetaStore.audit: ugi=alex	ip=unknown-ip-addr	cmd=getTablesByTypeCore: catName=hive: db=junit_specific_db pat=.*,type=MATERIALIZED_VIEW	
2024-04-24T11:29:40,337  INFO [main] metastore.ObjectStore: Dropping database hive.junit_specific_db along with all tables
2024-04-24T11:29:40,343  INFO [main] txn.TxnHandler: Non-retryable error in cleanupRecords : Table/View 'TXN_COMPONENTS' does not exist. (SQLState=42X05, ErrorCode=20000)
2024-04-24T11:29:40,343  WARN [main] txn.TxnHandler: Cannot perform cleanup since metastore table does not exist
2024-04-24T11:29:40,344 ERROR [main] metastore.RetryingHMSHandler: Retrying HMSHandler after 2000 ms (attempt 6 of 10) with error: javax.jdo.JDODataStoreException: Exception thrown flushing changes to datastore
	at org.datanucleus.api.jdo.NucleusJDOHelper.getJDOExceptionForNucleusException(NucleusJDOHelper.java:542)
	at org.datanucleus.api.jdo.JDOTransaction.commit(JDOTransaction.java:162)
	at org.apache.hadoop.hive.metastore.ObjectStore.commitTransaction(ObjectStore.java:615)
	at sun.reflect.GeneratedMethodAccessor31.invoke(Unknown Source)
	at sun.reflect.DelegatingMethodAccessorImpl.invoke(DelegatingMethodAccessorImpl.java:43)
	at java.lang.reflect.Method.invoke(Method.java:498)
	at org.apache.hadoop.hive.metastore.RawStoreProxy.invoke(RawStoreProxy.java:97)
	at com.sun.proxy.$Proxy32.commitTransaction(Unknown Source)
	at org.apache.hadoop.hive.metastore.HMSHandler.drop_database_core(HMSHandler.java:1790)
	at org.apache.hadoop.hive.metastore.HMSHandler.drop_database(HMSHandler.java:1869)
	at sun.reflect.GeneratedMethodAccessor54.invoke(Unknown Source)
	at sun.reflect.DelegatingMethodAccessorImpl.invoke(DelegatingMethodAccessorImpl.java:43)
	at java.lang.reflect.Method.invoke(Method.java:498)
	at org.apache.hadoop.hive.metastore.RetryingHMSHandler.invokeInternal(RetryingHMSHandler.java:147)
	at org.apache.hadoop.hive.metastore.RetryingHMSHandler.invoke(RetryingHMSHandler.java:108)
	at com.sun.proxy.$Proxy35.drop_database(Unknown Source)
	at org.apache.hadoop.hive.metastore.HiveMetaStoreClient.dropDatabaseCascadePerDb(HiveMetaStoreClient.java:1601)
	at org.apache.hadoop.hive.metastore.HiveMetaStoreClient.dropDatabase(HiveMetaStoreClient.java:1532)
	at org.apache.hadoop.hive.metastore.HiveMetaStoreClient.dropDatabase(HiveMetaStoreClient.java:1485)
	at sun.reflect.NativeMethodAccessorImpl.invoke0(Native Method)
	at sun.reflect.NativeMethodAccessorImpl.invoke(NativeMethodAccessorImpl.java:62)
	at sun.reflect.DelegatingMethodAccessorImpl.invoke(DelegatingMethodAccessorImpl.java:43)
	at java.lang.reflect.Method.invoke(Method.java:498)
	at org.apache.hadoop.hive.metastore.RetryingMetaStoreClient.invoke(RetryingMetaStoreClient.java:218)
	at com.sun.proxy.$Proxy45.dropDatabase(Unknown Source)
	at org.apache.hadoop.hive.ql.metadata.Hive.dropDatabase(Hive.java:662)
	at org.apache.hadoop.hive.ql.ddl.database.drop.DropDatabaseOperation.execute(DropDatabaseOperation.java:52)
	at org.apache.hadoop.hive.ql.ddl.DDLTask.execute(DDLTask.java:84)
	at org.apache.hadoop.hive.ql.exec.Task.executeTask(Task.java:212)
	at org.apache.hadoop.hive.ql.exec.TaskRunner.runSequential(TaskRunner.java:105)
	at org.apache.hadoop.hive.ql.Executor.launchTask(Executor.java:361)
	at org.apache.hadoop.hive.ql.Executor.launchTasks(Executor.java:334)
	at org.apache.hadoop.hive.ql.Executor.runTasks(Executor.java:245)
	at org.apache.hadoop.hive.ql.Executor.execute(Executor.java:108)
	at org.apache.hadoop.hive.ql.Driver.execute(Driver.java:348)
	at org.apache.hadoop.hive.ql.Driver.runInternal(Driver.java:204)
	at org.apache.hadoop.hive.ql.Driver.run(Driver.java:153)
	at org.apache.hadoop.hive.ql.Driver.run(Driver.java:148)
	at org.apache.hadoop.hive.ql.reexec.ReExecDriver.run(ReExecDriver.java:164)
	at org.apache.hadoop.hive.ql.reexec.ReExecDriver.run(ReExecDriver.java:230)
	at org.apache.hive.hcatalog.pig.AbstractHCatLoaderTest.executeStatementOnDriver(AbstractHCatLoaderTest.java:151)
	at org.apache.hive.hcatalog.pig.AbstractHCatLoaderTest.tearDown(AbstractHCatLoaderTest.java:239)
	at sun.reflect.NativeMethodAccessorImpl.invoke0(Native Method)
	at sun.reflect.NativeMethodAccessorImpl.invoke(NativeMethodAccessorImpl.java:62)
	at sun.reflect.DelegatingMethodAccessorImpl.invoke(DelegatingMethodAccessorImpl.java:43)
	at java.lang.reflect.Method.invoke(Method.java:498)
	at org.junit.runners.model.FrameworkMethod$1.runReflectiveCall(FrameworkMethod.java:59)
	at org.junit.internal.runners.model.ReflectiveCallable.run(ReflectiveCallable.java:12)
	at org.junit.runners.model.FrameworkMethod.invokeExplosively(FrameworkMethod.java:56)
	at org.junit.internal.runners.statements.RunAfters.invokeMethod(RunAfters.java:46)
	at org.junit.internal.runners.statements.RunAfters.evaluate(RunAfters.java:33)
	at org.junit.runners.ParentRunner$3.evaluate(ParentRunner.java:306)
	at org.junit.runners.BlockJUnit4ClassRunner$1.evaluate(BlockJUnit4ClassRunner.java:100)
	at org.junit.runners.ParentRunner.runLeaf(ParentRunner.java:366)
	at org.junit.runners.BlockJUnit4ClassRunner.runChild(BlockJUnit4ClassRunner.java:103)
	at org.junit.runners.BlockJUnit4ClassRunner.runChild(BlockJUnit4ClassRunner.java:63)
	at org.junit.runners.ParentRunner$4.run(ParentRunner.java:331)
	at org.junit.runners.ParentRunner$1.schedule(ParentRunner.java:79)
	at org.junit.runners.ParentRunner.runChildren(ParentRunner.java:329)
	at org.junit.runners.ParentRunner.access$100(ParentRunner.java:66)
	at org.junit.runners.ParentRunner$2.evaluate(ParentRunner.java:293)
	at org.junit.internal.runners.statements.RunBefores.evaluate(RunBefores.java:26)
	at org.junit.runners.ParentRunner$3.evaluate(ParentRunner.java:306)
	at org.junit.runners.ParentRunner.run(ParentRunner.java:413)
	at org.junit.runners.Suite.runChild(Suite.java:128)
	at org.junit.runners.Suite.runChild(Suite.java:27)
	at org.junit.runners.ParentRunner$4.run(ParentRunner.java:331)
	at org.junit.runners.ParentRunner$1.schedule(ParentRunner.java:79)
	at org.junit.runners.ParentRunner.runChildren(ParentRunner.java:329)
	at org.junit.runners.ParentRunner.access$100(ParentRunner.java:66)
	at org.junit.runners.ParentRunner$2.evaluate(ParentRunner.java:293)
	at org.junit.runners.ParentRunner$3.evaluate(ParentRunner.java:306)
	at org.junit.runners.ParentRunner.run(ParentRunner.java:413)
	at org.apache.maven.surefire.junitcore.JUnitCore.run(JUnitCore.java:55)
	at org.apache.maven.surefire.junitcore.JUnitCoreWrapper.createRequestAndRun(JUnitCoreWrapper.java:137)
	at org.apache.maven.surefire.junitcore.JUnitCoreWrapper.executeEager(JUnitCoreWrapper.java:107)
	at org.apache.maven.surefire.junitcore.JUnitCoreWrapper.execute(JUnitCoreWrapper.java:83)
	at org.apache.maven.surefire.junitcore.JUnitCoreWrapper.execute(JUnitCoreWrapper.java:75)
	at org.apache.maven.surefire.junitcore.JUnitCoreProvider.invoke(JUnitCoreProvider.java:158)
	at org.apache.maven.surefire.booter.ForkedBooter.runSuitesInProcess(ForkedBooter.java:377)
	at org.apache.maven.surefire.booter.ForkedBooter.execute(ForkedBooter.java:138)
	at org.apache.maven.surefire.booter.ForkedBooter.run(ForkedBooter.java:465)
	at org.apache.maven.surefire.booter.ForkedBooter.main(ForkedBooter.java:451)
NestedThrowablesStackTrace:
java.sql.BatchUpdateException: DELETE on table 'DBS' caused a violation of foreign key constraint 'TBLS_FK1' for key (4).  The statement has been rolled back.
	at org.apache.derby.impl.jdbc.EmbedStatement.executeLargeBatch(Unknown Source)
	at org.apache.derby.impl.jdbc.EmbedStatement.executeBatch(Unknown Source)
	at com.zaxxer.hikari.pool.ProxyStatement.executeBatch(ProxyStatement.java:128)
	at com.zaxxer.hikari.pool.HikariProxyPreparedStatement.executeBatch(HikariProxyPreparedStatement.java)
	at org.datanucleus.store.rdbms.ParamLoggingPreparedStatement.executeBatch(ParamLoggingPreparedStatement.java:366)
	at org.datanucleus.store.rdbms.SQLController.processConnectionStatement(SQLController.java:675)
	at org.datanucleus.store.rdbms.SQLController.processStatementsForConnection(SQLController.java:643)
	at org.datanucleus.store.rdbms.SQLController$1.transactionFlushed(SQLController.java:729)
	at org.datanucleus.store.connection.AbstractManagedConnection.transactionFlushed(AbstractManagedConnection.java:95)
	at org.datanucleus.store.connection.ConnectionManagerImpl$2.transactionFlushed(ConnectionManagerImpl.java:528)
	at org.datanucleus.TransactionImpl.flush(TransactionImpl.java:222)
	at org.datanucleus.TransactionImpl.commit(TransactionImpl.java:286)
	at org.datanucleus.api.jdo.JDOTransaction.commit(JDOTransaction.java:99)
	at org.apache.hadoop.hive.metastore.ObjectStore.commitTransaction(ObjectStore.java:615)
	at sun.reflect.GeneratedMethodAccessor31.invoke(Unknown Source)
	at sun.reflect.DelegatingMethodAccessorImpl.invoke(DelegatingMethodAccessorImpl.java:43)
	at java.lang.reflect.Method.invoke(Method.java:498)
	at org.apache.hadoop.hive.metastore.RawStoreProxy.invoke(RawStoreProxy.java:97)
	at com.sun.proxy.$Proxy32.commitTransaction(Unknown Source)
	at org.apache.hadoop.hive.metastore.HMSHandler.drop_database_core(HMSHandler.java:1790)
	at org.apache.hadoop.hive.metastore.HMSHandler.drop_database(HMSHandler.java:1869)
	at sun.reflect.GeneratedMethodAccessor54.invoke(Unknown Source)
	at sun.reflect.DelegatingMethodAccessorImpl.invoke(DelegatingMethodAccessorImpl.java:43)
	at java.lang.reflect.Method.invoke(Method.java:498)
	at org.apache.hadoop.hive.metastore.RetryingHMSHandler.invokeInternal(RetryingHMSHandler.java:147)
	at org.apache.hadoop.hive.metastore.RetryingHMSHandler.invoke(RetryingHMSHandler.java:108)
	at com.sun.proxy.$Proxy35.drop_database(Unknown Source)
	at org.apache.hadoop.hive.metastore.HiveMetaStoreClient.dropDatabaseCascadePerDb(HiveMetaStoreClient.java:1601)
	at org.apache.hadoop.hive.metastore.HiveMetaStoreClient.dropDatabase(HiveMetaStoreClient.java:1532)
	at org.apache.hadoop.hive.metastore.HiveMetaStoreClient.dropDatabase(HiveMetaStoreClient.java:1485)
	at sun.reflect.NativeMethodAccessorImpl.invoke0(Native Method)
	at sun.reflect.NativeMethodAccessorImpl.invoke(NativeMethodAccessorImpl.java:62)
	at sun.reflect.DelegatingMethodAccessorImpl.invoke(DelegatingMethodAccessorImpl.java:43)
	at java.lang.reflect.Method.invoke(Method.java:498)
	at org.apache.hadoop.hive.metastore.RetryingMetaStoreClient.invoke(RetryingMetaStoreClient.java:218)
	at com.sun.proxy.$Proxy45.dropDatabase(Unknown Source)
	at org.apache.hadoop.hive.ql.metadata.Hive.dropDatabase(Hive.java:662)
	at org.apache.hadoop.hive.ql.ddl.database.drop.DropDatabaseOperation.execute(DropDatabaseOperation.java:52)
	at org.apache.hadoop.hive.ql.ddl.DDLTask.execute(DDLTask.java:84)
	at org.apache.hadoop.hive.ql.exec.Task.executeTask(Task.java:212)
	at org.apache.hadoop.hive.ql.exec.TaskRunner.runSequential(TaskRunner.java:105)
	at org.apache.hadoop.hive.ql.Executor.launchTask(Executor.java:361)
	at org.apache.hadoop.hive.ql.Executor.launchTasks(Executor.java:334)
	at org.apache.hadoop.hive.ql.Executor.runTasks(Executor.java:245)
	at org.apache.hadoop.hive.ql.Executor.execute(Executor.java:108)
	at org.apache.hadoop.hive.ql.Driver.execute(Driver.java:348)
	at org.apache.hadoop.hive.ql.Driver.runInternal(Driver.java:204)
	at org.apache.hadoop.hive.ql.Driver.run(Driver.java:153)
	at org.apache.hadoop.hive.ql.Driver.run(Driver.java:148)
	at org.apache.hadoop.hive.ql.reexec.ReExecDriver.run(ReExecDriver.java:164)
	at org.apache.hadoop.hive.ql.reexec.ReExecDriver.run(ReExecDriver.java:230)
	at org.apache.hive.hcatalog.pig.AbstractHCatLoaderTest.executeStatementOnDriver(AbstractHCatLoaderTest.java:151)
	at org.apache.hive.hcatalog.pig.AbstractHCatLoaderTest.tearDown(AbstractHCatLoaderTest.java:239)
	at sun.reflect.NativeMethodAccessorImpl.invoke0(Native Method)
	at sun.reflect.NativeMethodAccessorImpl.invoke(NativeMethodAccessorImpl.java:62)
	at sun.reflect.DelegatingMethodAccessorImpl.invoke(DelegatingMethodAccessorImpl.java:43)
	at java.lang.reflect.Method.invoke(Method.java:498)
	at org.junit.runners.model.FrameworkMethod$1.runReflectiveCall(FrameworkMethod.java:59)
	at org.junit.internal.runners.model.ReflectiveCallable.run(ReflectiveCallable.java:12)
	at org.junit.runners.model.FrameworkMethod.invokeExplosively(FrameworkMethod.java:56)
	at org.junit.internal.runners.statements.RunAfters.invokeMethod(RunAfters.java:46)
	at org.junit.internal.runners.statements.RunAfters.evaluate(RunAfters.java:33)
	at org.junit.runners.ParentRunner$3.evaluate(ParentRunner.java:306)
	at org.junit.runners.BlockJUnit4ClassRunner$1.evaluate(BlockJUnit4ClassRunner.java:100)
	at org.junit.runners.ParentRunner.runLeaf(ParentRunner.java:366)
	at org.junit.runners.BlockJUnit4ClassRunner.runChild(BlockJUnit4ClassRunner.java:103)
	at org.junit.runners.BlockJUnit4ClassRunner.runChild(BlockJUnit4ClassRunner.java:63)
	at org.junit.runners.ParentRunner$4.run(ParentRunner.java:331)
	at org.junit.runners.ParentRunner$1.schedule(ParentRunner.java:79)
	at org.junit.runners.ParentRunner.runChildren(ParentRunner.java:329)
	at org.junit.runners.ParentRunner.access$100(ParentRunner.java:66)
	at org.junit.runners.ParentRunner$2.evaluate(ParentRunner.java:293)
	at org.junit.internal.runners.statements.RunBefores.evaluate(RunBefores.java:26)
	at org.junit.runners.ParentRunner$3.evaluate(ParentRunner.java:306)
	at org.junit.runners.ParentRunner.run(ParentRunner.java:413)
	at org.junit.runners.Suite.runChild(Suite.java:128)
	at org.junit.runners.Suite.runChild(Suite.java:27)
	at org.junit.runners.ParentRunner$4.run(ParentRunner.java:331)
	at org.junit.runners.ParentRunner$1.schedule(ParentRunner.java:79)
	at org.junit.runners.ParentRunner.runChildren(ParentRunner.java:329)
	at org.junit.runners.ParentRunner.access$100(ParentRunner.java:66)
	at org.junit.runners.ParentRunner$2.evaluate(ParentRunner.java:293)
	at org.junit.runners.ParentRunner$3.evaluate(ParentRunner.java:306)
	at org.junit.runners.ParentRunner.run(ParentRunner.java:413)
	at org.apache.maven.surefire.junitcore.JUnitCore.run(JUnitCore.java:55)
	at org.apache.maven.surefire.junitcore.JUnitCoreWrapper.createRequestAndRun(JUnitCoreWrapper.java:137)
	at org.apache.maven.surefire.junitcore.JUnitCoreWrapper.executeEager(JUnitCoreWrapper.java:107)
	at org.apache.maven.surefire.junitcore.JUnitCoreWrapper.execute(JUnitCoreWrapper.java:83)
	at org.apache.maven.surefire.junitcore.JUnitCoreWrapper.execute(JUnitCoreWrapper.java:75)
	at org.apache.maven.surefire.junitcore.JUnitCoreProvider.invoke(JUnitCoreProvider.java:158)
	at org.apache.maven.surefire.booter.ForkedBooter.runSuitesInProcess(ForkedBooter.java:377)
	at org.apache.maven.surefire.booter.ForkedBooter.execute(ForkedBooter.java:138)
	at org.apache.maven.surefire.booter.ForkedBooter.run(ForkedBooter.java:465)
	at org.apache.maven.surefire.booter.ForkedBooter.main(ForkedBooter.java:451)
Caused by: org.apache.derby.shared.common.error.DerbySQLIntegrityConstraintViolationException: DELETE on table 'DBS' caused a violation of foreign key constraint 'TBLS_FK1' for key (4).  The statement has been rolled back.
	at org.apache.derby.impl.jdbc.SQLExceptionFactory.getSQLException(Unknown Source)
	at org.apache.derby.impl.jdbc.Util.generateCsSQLException(Unknown Source)
	at org.apache.derby.impl.jdbc.TransactionResourceImpl.wrapInSQLException(Unknown Source)
	at org.apache.derby.impl.jdbc.TransactionResourceImpl.handleException(Unknown Source)
	at org.apache.derby.impl.jdbc.EmbedConnection.handleException(Unknown Source)
	at org.apache.derby.impl.jdbc.ConnectionChild.handleException(Unknown Source)
	at org.apache.derby.impl.jdbc.EmbedStatement.executeStatement(Unknown Source)
	at org.apache.derby.impl.jdbc.EmbedPreparedStatement.executeBatchElement(Unknown Source)
	... 94 more
Caused by: ERROR 23503: DELETE on table 'DBS' caused a violation of foreign key constraint 'TBLS_FK1' for key (4).  The statement has been rolled back.
	at org.apache.derby.iapi.error.StandardException.newException(Unknown Source)
	at org.apache.derby.iapi.error.StandardException.newException(Unknown Source)
	at org.apache.derby.impl.sql.execute.ReferencedKeyRIChecker.doCheck(Unknown Source)
	at org.apache.derby.impl.sql.execute.RISetChecker.doPKCheck(Unknown Source)
	at org.apache.derby.impl.sql.execute.DeleteResultSet.collectAffectedRows(Unknown Source)
	at org.apache.derby.impl.sql.execute.DeleteResultSet.open(Unknown Source)
	at org.apache.derby.impl.sql.GenericPreparedStatement.executeStmt(Unknown Source)
	at org.apache.derby.impl.sql.GenericPreparedStatement.execute(Unknown Source)
	... 96 more

2024-04-24T11:29:42,345  INFO [main] HiveMetaStore.audit: ugi=alex	ip=unknown-ip-addr	cmd=drop_database: @hive#junit_specific_db	
2024-04-24T11:29:42,351  INFO [main] HiveMetaStore.audit: ugi=alex	ip=unknown-ip-addr	cmd=get_all_tables: db=@hive#junit_specific_db	
2024-04-24T11:29:42,354  INFO [main] HiveMetaStore.audit: ugi=alex	ip=unknown-ip-addr	cmd=get_functions: db=@hive#junit_specific_db pat=*	
2024-04-24T11:29:42,361  INFO [main] HiveMetaStore.audit: ugi=alex	ip=unknown-ip-addr	cmd=get_all_stored_procedures	
2024-04-24T11:29:42,365  INFO [main] HiveMetaStore.audit: ugi=alex	ip=unknown-ip-addr	cmd=get_all_packages	
2024-04-24T11:29:42,370  INFO [main] HiveMetaStore.audit: ugi=alex	ip=unknown-ip-addr	cmd=getTablesByTypeCore: catName=hive: db=junit_specific_db pat=.*,type=MATERIALIZED_VIEW	
2024-04-24T11:29:42,385  INFO [main] metastore.ObjectStore: Dropping database hive.junit_specific_db along with all tables
2024-04-24T11:29:42,396  INFO [main] txn.TxnHandler: Non-retryable error in cleanupRecords : Table/View 'TXN_COMPONENTS' does not exist. (SQLState=42X05, ErrorCode=20000)
2024-04-24T11:29:42,396  WARN [main] txn.TxnHandler: Cannot perform cleanup since metastore table does not exist
2024-04-24T11:29:42,398 ERROR [main] metastore.RetryingHMSHandler: Retrying HMSHandler after 2000 ms (attempt 7 of 10) with error: javax.jdo.JDODataStoreException: Exception thrown flushing changes to datastore
	at org.datanucleus.api.jdo.NucleusJDOHelper.getJDOExceptionForNucleusException(NucleusJDOHelper.java:542)
	at org.datanucleus.api.jdo.JDOTransaction.commit(JDOTransaction.java:162)
	at org.apache.hadoop.hive.metastore.ObjectStore.commitTransaction(ObjectStore.java:615)
	at sun.reflect.GeneratedMethodAccessor31.invoke(Unknown Source)
	at sun.reflect.DelegatingMethodAccessorImpl.invoke(DelegatingMethodAccessorImpl.java:43)
	at java.lang.reflect.Method.invoke(Method.java:498)
	at org.apache.hadoop.hive.metastore.RawStoreProxy.invoke(RawStoreProxy.java:97)
	at com.sun.proxy.$Proxy32.commitTransaction(Unknown Source)
	at org.apache.hadoop.hive.metastore.HMSHandler.drop_database_core(HMSHandler.java:1790)
	at org.apache.hadoop.hive.metastore.HMSHandler.drop_database(HMSHandler.java:1869)
	at sun.reflect.GeneratedMethodAccessor54.invoke(Unknown Source)
	at sun.reflect.DelegatingMethodAccessorImpl.invoke(DelegatingMethodAccessorImpl.java:43)
	at java.lang.reflect.Method.invoke(Method.java:498)
	at org.apache.hadoop.hive.metastore.RetryingHMSHandler.invokeInternal(RetryingHMSHandler.java:147)
	at org.apache.hadoop.hive.metastore.RetryingHMSHandler.invoke(RetryingHMSHandler.java:108)
	at com.sun.proxy.$Proxy35.drop_database(Unknown Source)
	at org.apache.hadoop.hive.metastore.HiveMetaStoreClient.dropDatabaseCascadePerDb(HiveMetaStoreClient.java:1601)
	at org.apache.hadoop.hive.metastore.HiveMetaStoreClient.dropDatabase(HiveMetaStoreClient.java:1532)
	at org.apache.hadoop.hive.metastore.HiveMetaStoreClient.dropDatabase(HiveMetaStoreClient.java:1485)
	at sun.reflect.NativeMethodAccessorImpl.invoke0(Native Method)
	at sun.reflect.NativeMethodAccessorImpl.invoke(NativeMethodAccessorImpl.java:62)
	at sun.reflect.DelegatingMethodAccessorImpl.invoke(DelegatingMethodAccessorImpl.java:43)
	at java.lang.reflect.Method.invoke(Method.java:498)
	at org.apache.hadoop.hive.metastore.RetryingMetaStoreClient.invoke(RetryingMetaStoreClient.java:218)
	at com.sun.proxy.$Proxy45.dropDatabase(Unknown Source)
	at org.apache.hadoop.hive.ql.metadata.Hive.dropDatabase(Hive.java:662)
	at org.apache.hadoop.hive.ql.ddl.database.drop.DropDatabaseOperation.execute(DropDatabaseOperation.java:52)
	at org.apache.hadoop.hive.ql.ddl.DDLTask.execute(DDLTask.java:84)
	at org.apache.hadoop.hive.ql.exec.Task.executeTask(Task.java:212)
	at org.apache.hadoop.hive.ql.exec.TaskRunner.runSequential(TaskRunner.java:105)
	at org.apache.hadoop.hive.ql.Executor.launchTask(Executor.java:361)
	at org.apache.hadoop.hive.ql.Executor.launchTasks(Executor.java:334)
	at org.apache.hadoop.hive.ql.Executor.runTasks(Executor.java:245)
	at org.apache.hadoop.hive.ql.Executor.execute(Executor.java:108)
	at org.apache.hadoop.hive.ql.Driver.execute(Driver.java:348)
	at org.apache.hadoop.hive.ql.Driver.runInternal(Driver.java:204)
	at org.apache.hadoop.hive.ql.Driver.run(Driver.java:153)
	at org.apache.hadoop.hive.ql.Driver.run(Driver.java:148)
	at org.apache.hadoop.hive.ql.reexec.ReExecDriver.run(ReExecDriver.java:164)
	at org.apache.hadoop.hive.ql.reexec.ReExecDriver.run(ReExecDriver.java:230)
	at org.apache.hive.hcatalog.pig.AbstractHCatLoaderTest.executeStatementOnDriver(AbstractHCatLoaderTest.java:151)
	at org.apache.hive.hcatalog.pig.AbstractHCatLoaderTest.tearDown(AbstractHCatLoaderTest.java:239)
	at sun.reflect.NativeMethodAccessorImpl.invoke0(Native Method)
	at sun.reflect.NativeMethodAccessorImpl.invoke(NativeMethodAccessorImpl.java:62)
	at sun.reflect.DelegatingMethodAccessorImpl.invoke(DelegatingMethodAccessorImpl.java:43)
	at java.lang.reflect.Method.invoke(Method.java:498)
	at org.junit.runners.model.FrameworkMethod$1.runReflectiveCall(FrameworkMethod.java:59)
	at org.junit.internal.runners.model.ReflectiveCallable.run(ReflectiveCallable.java:12)
	at org.junit.runners.model.FrameworkMethod.invokeExplosively(FrameworkMethod.java:56)
	at org.junit.internal.runners.statements.RunAfters.invokeMethod(RunAfters.java:46)
	at org.junit.internal.runners.statements.RunAfters.evaluate(RunAfters.java:33)
	at org.junit.runners.ParentRunner$3.evaluate(ParentRunner.java:306)
	at org.junit.runners.BlockJUnit4ClassRunner$1.evaluate(BlockJUnit4ClassRunner.java:100)
	at org.junit.runners.ParentRunner.runLeaf(ParentRunner.java:366)
	at org.junit.runners.BlockJUnit4ClassRunner.runChild(BlockJUnit4ClassRunner.java:103)
	at org.junit.runners.BlockJUnit4ClassRunner.runChild(BlockJUnit4ClassRunner.java:63)
	at org.junit.runners.ParentRunner$4.run(ParentRunner.java:331)
	at org.junit.runners.ParentRunner$1.schedule(ParentRunner.java:79)
	at org.junit.runners.ParentRunner.runChildren(ParentRunner.java:329)
	at org.junit.runners.ParentRunner.access$100(ParentRunner.java:66)
	at org.junit.runners.ParentRunner$2.evaluate(ParentRunner.java:293)
	at org.junit.internal.runners.statements.RunBefores.evaluate(RunBefores.java:26)
	at org.junit.runners.ParentRunner$3.evaluate(ParentRunner.java:306)
	at org.junit.runners.ParentRunner.run(ParentRunner.java:413)
	at org.junit.runners.Suite.runChild(Suite.java:128)
	at org.junit.runners.Suite.runChild(Suite.java:27)
	at org.junit.runners.ParentRunner$4.run(ParentRunner.java:331)
	at org.junit.runners.ParentRunner$1.schedule(ParentRunner.java:79)
	at org.junit.runners.ParentRunner.runChildren(ParentRunner.java:329)
	at org.junit.runners.ParentRunner.access$100(ParentRunner.java:66)
	at org.junit.runners.ParentRunner$2.evaluate(ParentRunner.java:293)
	at org.junit.runners.ParentRunner$3.evaluate(ParentRunner.java:306)
	at org.junit.runners.ParentRunner.run(ParentRunner.java:413)
	at org.apache.maven.surefire.junitcore.JUnitCore.run(JUnitCore.java:55)
	at org.apache.maven.surefire.junitcore.JUnitCoreWrapper.createRequestAndRun(JUnitCoreWrapper.java:137)
	at org.apache.maven.surefire.junitcore.JUnitCoreWrapper.executeEager(JUnitCoreWrapper.java:107)
	at org.apache.maven.surefire.junitcore.JUnitCoreWrapper.execute(JUnitCoreWrapper.java:83)
	at org.apache.maven.surefire.junitcore.JUnitCoreWrapper.execute(JUnitCoreWrapper.java:75)
	at org.apache.maven.surefire.junitcore.JUnitCoreProvider.invoke(JUnitCoreProvider.java:158)
	at org.apache.maven.surefire.booter.ForkedBooter.runSuitesInProcess(ForkedBooter.java:377)
	at org.apache.maven.surefire.booter.ForkedBooter.execute(ForkedBooter.java:138)
	at org.apache.maven.surefire.booter.ForkedBooter.run(ForkedBooter.java:465)
	at org.apache.maven.surefire.booter.ForkedBooter.main(ForkedBooter.java:451)
NestedThrowablesStackTrace:
java.sql.BatchUpdateException: DELETE on table 'DBS' caused a violation of foreign key constraint 'TBLS_FK1' for key (4).  The statement has been rolled back.
	at org.apache.derby.impl.jdbc.EmbedStatement.executeLargeBatch(Unknown Source)
	at org.apache.derby.impl.jdbc.EmbedStatement.executeBatch(Unknown Source)
	at com.zaxxer.hikari.pool.ProxyStatement.executeBatch(ProxyStatement.java:128)
	at com.zaxxer.hikari.pool.HikariProxyPreparedStatement.executeBatch(HikariProxyPreparedStatement.java)
	at org.datanucleus.store.rdbms.ParamLoggingPreparedStatement.executeBatch(ParamLoggingPreparedStatement.java:366)
	at org.datanucleus.store.rdbms.SQLController.processConnectionStatement(SQLController.java:675)
	at org.datanucleus.store.rdbms.SQLController.processStatementsForConnection(SQLController.java:643)
	at org.datanucleus.store.rdbms.SQLController$1.transactionFlushed(SQLController.java:729)
	at org.datanucleus.store.connection.AbstractManagedConnection.transactionFlushed(AbstractManagedConnection.java:95)
	at org.datanucleus.store.connection.ConnectionManagerImpl$2.transactionFlushed(ConnectionManagerImpl.java:528)
	at org.datanucleus.TransactionImpl.flush(TransactionImpl.java:222)
	at org.datanucleus.TransactionImpl.commit(TransactionImpl.java:286)
	at org.datanucleus.api.jdo.JDOTransaction.commit(JDOTransaction.java:99)
	at org.apache.hadoop.hive.metastore.ObjectStore.commitTransaction(ObjectStore.java:615)
	at sun.reflect.GeneratedMethodAccessor31.invoke(Unknown Source)
	at sun.reflect.DelegatingMethodAccessorImpl.invoke(DelegatingMethodAccessorImpl.java:43)
	at java.lang.reflect.Method.invoke(Method.java:498)
	at org.apache.hadoop.hive.metastore.RawStoreProxy.invoke(RawStoreProxy.java:97)
	at com.sun.proxy.$Proxy32.commitTransaction(Unknown Source)
	at org.apache.hadoop.hive.metastore.HMSHandler.drop_database_core(HMSHandler.java:1790)
	at org.apache.hadoop.hive.metastore.HMSHandler.drop_database(HMSHandler.java:1869)
	at sun.reflect.GeneratedMethodAccessor54.invoke(Unknown Source)
	at sun.reflect.DelegatingMethodAccessorImpl.invoke(DelegatingMethodAccessorImpl.java:43)
	at java.lang.reflect.Method.invoke(Method.java:498)
	at org.apache.hadoop.hive.metastore.RetryingHMSHandler.invokeInternal(RetryingHMSHandler.java:147)
	at org.apache.hadoop.hive.metastore.RetryingHMSHandler.invoke(RetryingHMSHandler.java:108)
	at com.sun.proxy.$Proxy35.drop_database(Unknown Source)
	at org.apache.hadoop.hive.metastore.HiveMetaStoreClient.dropDatabaseCascadePerDb(HiveMetaStoreClient.java:1601)
	at org.apache.hadoop.hive.metastore.HiveMetaStoreClient.dropDatabase(HiveMetaStoreClient.java:1532)
	at org.apache.hadoop.hive.metastore.HiveMetaStoreClient.dropDatabase(HiveMetaStoreClient.java:1485)
	at sun.reflect.NativeMethodAccessorImpl.invoke0(Native Method)
	at sun.reflect.NativeMethodAccessorImpl.invoke(NativeMethodAccessorImpl.java:62)
	at sun.reflect.DelegatingMethodAccessorImpl.invoke(DelegatingMethodAccessorImpl.java:43)
	at java.lang.reflect.Method.invoke(Method.java:498)
	at org.apache.hadoop.hive.metastore.RetryingMetaStoreClient.invoke(RetryingMetaStoreClient.java:218)
	at com.sun.proxy.$Proxy45.dropDatabase(Unknown Source)
	at org.apache.hadoop.hive.ql.metadata.Hive.dropDatabase(Hive.java:662)
	at org.apache.hadoop.hive.ql.ddl.database.drop.DropDatabaseOperation.execute(DropDatabaseOperation.java:52)
	at org.apache.hadoop.hive.ql.ddl.DDLTask.execute(DDLTask.java:84)
	at org.apache.hadoop.hive.ql.exec.Task.executeTask(Task.java:212)
	at org.apache.hadoop.hive.ql.exec.TaskRunner.runSequential(TaskRunner.java:105)
	at org.apache.hadoop.hive.ql.Executor.launchTask(Executor.java:361)
	at org.apache.hadoop.hive.ql.Executor.launchTasks(Executor.java:334)
	at org.apache.hadoop.hive.ql.Executor.runTasks(Executor.java:245)
	at org.apache.hadoop.hive.ql.Executor.execute(Executor.java:108)
	at org.apache.hadoop.hive.ql.Driver.execute(Driver.java:348)
	at org.apache.hadoop.hive.ql.Driver.runInternal(Driver.java:204)
	at org.apache.hadoop.hive.ql.Driver.run(Driver.java:153)
	at org.apache.hadoop.hive.ql.Driver.run(Driver.java:148)
	at org.apache.hadoop.hive.ql.reexec.ReExecDriver.run(ReExecDriver.java:164)
	at org.apache.hadoop.hive.ql.reexec.ReExecDriver.run(ReExecDriver.java:230)
	at org.apache.hive.hcatalog.pig.AbstractHCatLoaderTest.executeStatementOnDriver(AbstractHCatLoaderTest.java:151)
	at org.apache.hive.hcatalog.pig.AbstractHCatLoaderTest.tearDown(AbstractHCatLoaderTest.java:239)
	at sun.reflect.NativeMethodAccessorImpl.invoke0(Native Method)
	at sun.reflect.NativeMethodAccessorImpl.invoke(NativeMethodAccessorImpl.java:62)
	at sun.reflect.DelegatingMethodAccessorImpl.invoke(DelegatingMethodAccessorImpl.java:43)
	at java.lang.reflect.Method.invoke(Method.java:498)
	at org.junit.runners.model.FrameworkMethod$1.runReflectiveCall(FrameworkMethod.java:59)
	at org.junit.internal.runners.model.ReflectiveCallable.run(ReflectiveCallable.java:12)
	at org.junit.runners.model.FrameworkMethod.invokeExplosively(FrameworkMethod.java:56)
	at org.junit.internal.runners.statements.RunAfters.invokeMethod(RunAfters.java:46)
	at org.junit.internal.runners.statements.RunAfters.evaluate(RunAfters.java:33)
	at org.junit.runners.ParentRunner$3.evaluate(ParentRunner.java:306)
	at org.junit.runners.BlockJUnit4ClassRunner$1.evaluate(BlockJUnit4ClassRunner.java:100)
	at org.junit.runners.ParentRunner.runLeaf(ParentRunner.java:366)
	at org.junit.runners.BlockJUnit4ClassRunner.runChild(BlockJUnit4ClassRunner.java:103)
	at org.junit.runners.BlockJUnit4ClassRunner.runChild(BlockJUnit4ClassRunner.java:63)
	at org.junit.runners.ParentRunner$4.run(ParentRunner.java:331)
	at org.junit.runners.ParentRunner$1.schedule(ParentRunner.java:79)
	at org.junit.runners.ParentRunner.runChildren(ParentRunner.java:329)
	at org.junit.runners.ParentRunner.access$100(ParentRunner.java:66)
	at org.junit.runners.ParentRunner$2.evaluate(ParentRunner.java:293)
	at org.junit.internal.runners.statements.RunBefores.evaluate(RunBefores.java:26)
	at org.junit.runners.ParentRunner$3.evaluate(ParentRunner.java:306)
	at org.junit.runners.ParentRunner.run(ParentRunner.java:413)
	at org.junit.runners.Suite.runChild(Suite.java:128)
	at org.junit.runners.Suite.runChild(Suite.java:27)
	at org.junit.runners.ParentRunner$4.run(ParentRunner.java:331)
	at org.junit.runners.ParentRunner$1.schedule(ParentRunner.java:79)
	at org.junit.runners.ParentRunner.runChildren(ParentRunner.java:329)
	at org.junit.runners.ParentRunner.access$100(ParentRunner.java:66)
	at org.junit.runners.ParentRunner$2.evaluate(ParentRunner.java:293)
	at org.junit.runners.ParentRunner$3.evaluate(ParentRunner.java:306)
	at org.junit.runners.ParentRunner.run(ParentRunner.java:413)
	at org.apache.maven.surefire.junitcore.JUnitCore.run(JUnitCore.java:55)
	at org.apache.maven.surefire.junitcore.JUnitCoreWrapper.createRequestAndRun(JUnitCoreWrapper.java:137)
	at org.apache.maven.surefire.junitcore.JUnitCoreWrapper.executeEager(JUnitCoreWrapper.java:107)
	at org.apache.maven.surefire.junitcore.JUnitCoreWrapper.execute(JUnitCoreWrapper.java:83)
	at org.apache.maven.surefire.junitcore.JUnitCoreWrapper.execute(JUnitCoreWrapper.java:75)
	at org.apache.maven.surefire.junitcore.JUnitCoreProvider.invoke(JUnitCoreProvider.java:158)
	at org.apache.maven.surefire.booter.ForkedBooter.runSuitesInProcess(ForkedBooter.java:377)
	at org.apache.maven.surefire.booter.ForkedBooter.execute(ForkedBooter.java:138)
	at org.apache.maven.surefire.booter.ForkedBooter.run(ForkedBooter.java:465)
	at org.apache.maven.surefire.booter.ForkedBooter.main(ForkedBooter.java:451)
Caused by: org.apache.derby.shared.common.error.DerbySQLIntegrityConstraintViolationException: DELETE on table 'DBS' caused a violation of foreign key constraint 'TBLS_FK1' for key (4).  The statement has been rolled back.
	at org.apache.derby.impl.jdbc.SQLExceptionFactory.getSQLException(Unknown Source)
	at org.apache.derby.impl.jdbc.Util.generateCsSQLException(Unknown Source)
	at org.apache.derby.impl.jdbc.TransactionResourceImpl.wrapInSQLException(Unknown Source)
	at org.apache.derby.impl.jdbc.TransactionResourceImpl.handleException(Unknown Source)
	at org.apache.derby.impl.jdbc.EmbedConnection.handleException(Unknown Source)
	at org.apache.derby.impl.jdbc.ConnectionChild.handleException(Unknown Source)
	at org.apache.derby.impl.jdbc.EmbedStatement.executeStatement(Unknown Source)
	at org.apache.derby.impl.jdbc.EmbedPreparedStatement.executeBatchElement(Unknown Source)
	... 94 more
Caused by: ERROR 23503: DELETE on table 'DBS' caused a violation of foreign key constraint 'TBLS_FK1' for key (4).  The statement has been rolled back.
	at org.apache.derby.iapi.error.StandardException.newException(Unknown Source)
	at org.apache.derby.iapi.error.StandardException.newException(Unknown Source)
	at org.apache.derby.impl.sql.execute.ReferencedKeyRIChecker.doCheck(Unknown Source)
	at org.apache.derby.impl.sql.execute.RISetChecker.doPKCheck(Unknown Source)
	at org.apache.derby.impl.sql.execute.DeleteResultSet.collectAffectedRows(Unknown Source)
	at org.apache.derby.impl.sql.execute.DeleteResultSet.open(Unknown Source)
	at org.apache.derby.impl.sql.GenericPreparedStatement.executeStmt(Unknown Source)
	at org.apache.derby.impl.sql.GenericPreparedStatement.execute(Unknown Source)
	... 96 more

2024-04-24T11:29:44,399  INFO [main] HiveMetaStore.audit: ugi=alex	ip=unknown-ip-addr	cmd=drop_database: @hive#junit_specific_db	
2024-04-24T11:29:44,404  INFO [main] HiveMetaStore.audit: ugi=alex	ip=unknown-ip-addr	cmd=get_all_tables: db=@hive#junit_specific_db	
2024-04-24T11:29:44,407  INFO [main] HiveMetaStore.audit: ugi=alex	ip=unknown-ip-addr	cmd=get_functions: db=@hive#junit_specific_db pat=*	
2024-04-24T11:29:44,414  INFO [main] HiveMetaStore.audit: ugi=alex	ip=unknown-ip-addr	cmd=get_all_stored_procedures	
2024-04-24T11:29:44,419  INFO [main] HiveMetaStore.audit: ugi=alex	ip=unknown-ip-addr	cmd=get_all_packages	
2024-04-24T11:29:44,424  INFO [main] HiveMetaStore.audit: ugi=alex	ip=unknown-ip-addr	cmd=getTablesByTypeCore: catName=hive: db=junit_specific_db pat=.*,type=MATERIALIZED_VIEW	
2024-04-24T11:29:44,437  INFO [main] metastore.ObjectStore: Dropping database hive.junit_specific_db along with all tables
2024-04-24T11:29:44,448  INFO [main] txn.TxnHandler: Non-retryable error in cleanupRecords : Table/View 'TXN_COMPONENTS' does not exist. (SQLState=42X05, ErrorCode=20000)
2024-04-24T11:29:44,448  WARN [main] txn.TxnHandler: Cannot perform cleanup since metastore table does not exist
2024-04-24T11:29:44,450 ERROR [main] metastore.RetryingHMSHandler: Retrying HMSHandler after 2000 ms (attempt 8 of 10) with error: javax.jdo.JDODataStoreException: Exception thrown flushing changes to datastore
	at org.datanucleus.api.jdo.NucleusJDOHelper.getJDOExceptionForNucleusException(NucleusJDOHelper.java:542)
	at org.datanucleus.api.jdo.JDOTransaction.commit(JDOTransaction.java:162)
	at org.apache.hadoop.hive.metastore.ObjectStore.commitTransaction(ObjectStore.java:615)
	at sun.reflect.GeneratedMethodAccessor31.invoke(Unknown Source)
	at sun.reflect.DelegatingMethodAccessorImpl.invoke(DelegatingMethodAccessorImpl.java:43)
	at java.lang.reflect.Method.invoke(Method.java:498)
	at org.apache.hadoop.hive.metastore.RawStoreProxy.invoke(RawStoreProxy.java:97)
	at com.sun.proxy.$Proxy32.commitTransaction(Unknown Source)
	at org.apache.hadoop.hive.metastore.HMSHandler.drop_database_core(HMSHandler.java:1790)
	at org.apache.hadoop.hive.metastore.HMSHandler.drop_database(HMSHandler.java:1869)
	at sun.reflect.GeneratedMethodAccessor54.invoke(Unknown Source)
	at sun.reflect.DelegatingMethodAccessorImpl.invoke(DelegatingMethodAccessorImpl.java:43)
	at java.lang.reflect.Method.invoke(Method.java:498)
	at org.apache.hadoop.hive.metastore.RetryingHMSHandler.invokeInternal(RetryingHMSHandler.java:147)
	at org.apache.hadoop.hive.metastore.RetryingHMSHandler.invoke(RetryingHMSHandler.java:108)
	at com.sun.proxy.$Proxy35.drop_database(Unknown Source)
	at org.apache.hadoop.hive.metastore.HiveMetaStoreClient.dropDatabaseCascadePerDb(HiveMetaStoreClient.java:1601)
	at org.apache.hadoop.hive.metastore.HiveMetaStoreClient.dropDatabase(HiveMetaStoreClient.java:1532)
	at org.apache.hadoop.hive.metastore.HiveMetaStoreClient.dropDatabase(HiveMetaStoreClient.java:1485)
	at sun.reflect.NativeMethodAccessorImpl.invoke0(Native Method)
	at sun.reflect.NativeMethodAccessorImpl.invoke(NativeMethodAccessorImpl.java:62)
	at sun.reflect.DelegatingMethodAccessorImpl.invoke(DelegatingMethodAccessorImpl.java:43)
	at java.lang.reflect.Method.invoke(Method.java:498)
	at org.apache.hadoop.hive.metastore.RetryingMetaStoreClient.invoke(RetryingMetaStoreClient.java:218)
	at com.sun.proxy.$Proxy45.dropDatabase(Unknown Source)
	at org.apache.hadoop.hive.ql.metadata.Hive.dropDatabase(Hive.java:662)
	at org.apache.hadoop.hive.ql.ddl.database.drop.DropDatabaseOperation.execute(DropDatabaseOperation.java:52)
	at org.apache.hadoop.hive.ql.ddl.DDLTask.execute(DDLTask.java:84)
	at org.apache.hadoop.hive.ql.exec.Task.executeTask(Task.java:212)
	at org.apache.hadoop.hive.ql.exec.TaskRunner.runSequential(TaskRunner.java:105)
	at org.apache.hadoop.hive.ql.Executor.launchTask(Executor.java:361)
	at org.apache.hadoop.hive.ql.Executor.launchTasks(Executor.java:334)
	at org.apache.hadoop.hive.ql.Executor.runTasks(Executor.java:245)
	at org.apache.hadoop.hive.ql.Executor.execute(Executor.java:108)
	at org.apache.hadoop.hive.ql.Driver.execute(Driver.java:348)
	at org.apache.hadoop.hive.ql.Driver.runInternal(Driver.java:204)
	at org.apache.hadoop.hive.ql.Driver.run(Driver.java:153)
	at org.apache.hadoop.hive.ql.Driver.run(Driver.java:148)
	at org.apache.hadoop.hive.ql.reexec.ReExecDriver.run(ReExecDriver.java:164)
	at org.apache.hadoop.hive.ql.reexec.ReExecDriver.run(ReExecDriver.java:230)
	at org.apache.hive.hcatalog.pig.AbstractHCatLoaderTest.executeStatementOnDriver(AbstractHCatLoaderTest.java:151)
	at org.apache.hive.hcatalog.pig.AbstractHCatLoaderTest.tearDown(AbstractHCatLoaderTest.java:239)
	at sun.reflect.NativeMethodAccessorImpl.invoke0(Native Method)
	at sun.reflect.NativeMethodAccessorImpl.invoke(NativeMethodAccessorImpl.java:62)
	at sun.reflect.DelegatingMethodAccessorImpl.invoke(DelegatingMethodAccessorImpl.java:43)
	at java.lang.reflect.Method.invoke(Method.java:498)
	at org.junit.runners.model.FrameworkMethod$1.runReflectiveCall(FrameworkMethod.java:59)
	at org.junit.internal.runners.model.ReflectiveCallable.run(ReflectiveCallable.java:12)
	at org.junit.runners.model.FrameworkMethod.invokeExplosively(FrameworkMethod.java:56)
	at org.junit.internal.runners.statements.RunAfters.invokeMethod(RunAfters.java:46)
	at org.junit.internal.runners.statements.RunAfters.evaluate(RunAfters.java:33)
	at org.junit.runners.ParentRunner$3.evaluate(ParentRunner.java:306)
	at org.junit.runners.BlockJUnit4ClassRunner$1.evaluate(BlockJUnit4ClassRunner.java:100)
	at org.junit.runners.ParentRunner.runLeaf(ParentRunner.java:366)
	at org.junit.runners.BlockJUnit4ClassRunner.runChild(BlockJUnit4ClassRunner.java:103)
	at org.junit.runners.BlockJUnit4ClassRunner.runChild(BlockJUnit4ClassRunner.java:63)
	at org.junit.runners.ParentRunner$4.run(ParentRunner.java:331)
	at org.junit.runners.ParentRunner$1.schedule(ParentRunner.java:79)
	at org.junit.runners.ParentRunner.runChildren(ParentRunner.java:329)
	at org.junit.runners.ParentRunner.access$100(ParentRunner.java:66)
	at org.junit.runners.ParentRunner$2.evaluate(ParentRunner.java:293)
	at org.junit.internal.runners.statements.RunBefores.evaluate(RunBefores.java:26)
	at org.junit.runners.ParentRunner$3.evaluate(ParentRunner.java:306)
	at org.junit.runners.ParentRunner.run(ParentRunner.java:413)
	at org.junit.runners.Suite.runChild(Suite.java:128)
	at org.junit.runners.Suite.runChild(Suite.java:27)
	at org.junit.runners.ParentRunner$4.run(ParentRunner.java:331)
	at org.junit.runners.ParentRunner$1.schedule(ParentRunner.java:79)
	at org.junit.runners.ParentRunner.runChildren(ParentRunner.java:329)
	at org.junit.runners.ParentRunner.access$100(ParentRunner.java:66)
	at org.junit.runners.ParentRunner$2.evaluate(ParentRunner.java:293)
	at org.junit.runners.ParentRunner$3.evaluate(ParentRunner.java:306)
	at org.junit.runners.ParentRunner.run(ParentRunner.java:413)
	at org.apache.maven.surefire.junitcore.JUnitCore.run(JUnitCore.java:55)
	at org.apache.maven.surefire.junitcore.JUnitCoreWrapper.createRequestAndRun(JUnitCoreWrapper.java:137)
	at org.apache.maven.surefire.junitcore.JUnitCoreWrapper.executeEager(JUnitCoreWrapper.java:107)
	at org.apache.maven.surefire.junitcore.JUnitCoreWrapper.execute(JUnitCoreWrapper.java:83)
	at org.apache.maven.surefire.junitcore.JUnitCoreWrapper.execute(JUnitCoreWrapper.java:75)
	at org.apache.maven.surefire.junitcore.JUnitCoreProvider.invoke(JUnitCoreProvider.java:158)
	at org.apache.maven.surefire.booter.ForkedBooter.runSuitesInProcess(ForkedBooter.java:377)
	at org.apache.maven.surefire.booter.ForkedBooter.execute(ForkedBooter.java:138)
	at org.apache.maven.surefire.booter.ForkedBooter.run(ForkedBooter.java:465)
	at org.apache.maven.surefire.booter.ForkedBooter.main(ForkedBooter.java:451)
NestedThrowablesStackTrace:
java.sql.BatchUpdateException: DELETE on table 'DBS' caused a violation of foreign key constraint 'TBLS_FK1' for key (4).  The statement has been rolled back.
	at org.apache.derby.impl.jdbc.EmbedStatement.executeLargeBatch(Unknown Source)
	at org.apache.derby.impl.jdbc.EmbedStatement.executeBatch(Unknown Source)
	at com.zaxxer.hikari.pool.ProxyStatement.executeBatch(ProxyStatement.java:128)
	at com.zaxxer.hikari.pool.HikariProxyPreparedStatement.executeBatch(HikariProxyPreparedStatement.java)
	at org.datanucleus.store.rdbms.ParamLoggingPreparedStatement.executeBatch(ParamLoggingPreparedStatement.java:366)
	at org.datanucleus.store.rdbms.SQLController.processConnectionStatement(SQLController.java:675)
	at org.datanucleus.store.rdbms.SQLController.processStatementsForConnection(SQLController.java:643)
	at org.datanucleus.store.rdbms.SQLController$1.transactionFlushed(SQLController.java:729)
	at org.datanucleus.store.connection.AbstractManagedConnection.transactionFlushed(AbstractManagedConnection.java:95)
	at org.datanucleus.store.connection.ConnectionManagerImpl$2.transactionFlushed(ConnectionManagerImpl.java:528)
	at org.datanucleus.TransactionImpl.flush(TransactionImpl.java:222)
	at org.datanucleus.TransactionImpl.commit(TransactionImpl.java:286)
	at org.datanucleus.api.jdo.JDOTransaction.commit(JDOTransaction.java:99)
	at org.apache.hadoop.hive.metastore.ObjectStore.commitTransaction(ObjectStore.java:615)
	at sun.reflect.GeneratedMethodAccessor31.invoke(Unknown Source)
	at sun.reflect.DelegatingMethodAccessorImpl.invoke(DelegatingMethodAccessorImpl.java:43)
	at java.lang.reflect.Method.invoke(Method.java:498)
	at org.apache.hadoop.hive.metastore.RawStoreProxy.invoke(RawStoreProxy.java:97)
	at com.sun.proxy.$Proxy32.commitTransaction(Unknown Source)
	at org.apache.hadoop.hive.metastore.HMSHandler.drop_database_core(HMSHandler.java:1790)
	at org.apache.hadoop.hive.metastore.HMSHandler.drop_database(HMSHandler.java:1869)
	at sun.reflect.GeneratedMethodAccessor54.invoke(Unknown Source)
	at sun.reflect.DelegatingMethodAccessorImpl.invoke(DelegatingMethodAccessorImpl.java:43)
	at java.lang.reflect.Method.invoke(Method.java:498)
	at org.apache.hadoop.hive.metastore.RetryingHMSHandler.invokeInternal(RetryingHMSHandler.java:147)
	at org.apache.hadoop.hive.metastore.RetryingHMSHandler.invoke(RetryingHMSHandler.java:108)
	at com.sun.proxy.$Proxy35.drop_database(Unknown Source)
	at org.apache.hadoop.hive.metastore.HiveMetaStoreClient.dropDatabaseCascadePerDb(HiveMetaStoreClient.java:1601)
	at org.apache.hadoop.hive.metastore.HiveMetaStoreClient.dropDatabase(HiveMetaStoreClient.java:1532)
	at org.apache.hadoop.hive.metastore.HiveMetaStoreClient.dropDatabase(HiveMetaStoreClient.java:1485)
	at sun.reflect.NativeMethodAccessorImpl.invoke0(Native Method)
	at sun.reflect.NativeMethodAccessorImpl.invoke(NativeMethodAccessorImpl.java:62)
	at sun.reflect.DelegatingMethodAccessorImpl.invoke(DelegatingMethodAccessorImpl.java:43)
	at java.lang.reflect.Method.invoke(Method.java:498)
	at org.apache.hadoop.hive.metastore.RetryingMetaStoreClient.invoke(RetryingMetaStoreClient.java:218)
	at com.sun.proxy.$Proxy45.dropDatabase(Unknown Source)
	at org.apache.hadoop.hive.ql.metadata.Hive.dropDatabase(Hive.java:662)
	at org.apache.hadoop.hive.ql.ddl.database.drop.DropDatabaseOperation.execute(DropDatabaseOperation.java:52)
	at org.apache.hadoop.hive.ql.ddl.DDLTask.execute(DDLTask.java:84)
	at org.apache.hadoop.hive.ql.exec.Task.executeTask(Task.java:212)
	at org.apache.hadoop.hive.ql.exec.TaskRunner.runSequential(TaskRunner.java:105)
	at org.apache.hadoop.hive.ql.Executor.launchTask(Executor.java:361)
	at org.apache.hadoop.hive.ql.Executor.launchTasks(Executor.java:334)
	at org.apache.hadoop.hive.ql.Executor.runTasks(Executor.java:245)
	at org.apache.hadoop.hive.ql.Executor.execute(Executor.java:108)
	at org.apache.hadoop.hive.ql.Driver.execute(Driver.java:348)
	at org.apache.hadoop.hive.ql.Driver.runInternal(Driver.java:204)
	at org.apache.hadoop.hive.ql.Driver.run(Driver.java:153)
	at org.apache.hadoop.hive.ql.Driver.run(Driver.java:148)
	at org.apache.hadoop.hive.ql.reexec.ReExecDriver.run(ReExecDriver.java:164)
	at org.apache.hadoop.hive.ql.reexec.ReExecDriver.run(ReExecDriver.java:230)
	at org.apache.hive.hcatalog.pig.AbstractHCatLoaderTest.executeStatementOnDriver(AbstractHCatLoaderTest.java:151)
	at org.apache.hive.hcatalog.pig.AbstractHCatLoaderTest.tearDown(AbstractHCatLoaderTest.java:239)
	at sun.reflect.NativeMethodAccessorImpl.invoke0(Native Method)
	at sun.reflect.NativeMethodAccessorImpl.invoke(NativeMethodAccessorImpl.java:62)
	at sun.reflect.DelegatingMethodAccessorImpl.invoke(DelegatingMethodAccessorImpl.java:43)
	at java.lang.reflect.Method.invoke(Method.java:498)
	at org.junit.runners.model.FrameworkMethod$1.runReflectiveCall(FrameworkMethod.java:59)
	at org.junit.internal.runners.model.ReflectiveCallable.run(ReflectiveCallable.java:12)
	at org.junit.runners.model.FrameworkMethod.invokeExplosively(FrameworkMethod.java:56)
	at org.junit.internal.runners.statements.RunAfters.invokeMethod(RunAfters.java:46)
	at org.junit.internal.runners.statements.RunAfters.evaluate(RunAfters.java:33)
	at org.junit.runners.ParentRunner$3.evaluate(ParentRunner.java:306)
	at org.junit.runners.BlockJUnit4ClassRunner$1.evaluate(BlockJUnit4ClassRunner.java:100)
	at org.junit.runners.ParentRunner.runLeaf(ParentRunner.java:366)
	at org.junit.runners.BlockJUnit4ClassRunner.runChild(BlockJUnit4ClassRunner.java:103)
	at org.junit.runners.BlockJUnit4ClassRunner.runChild(BlockJUnit4ClassRunner.java:63)
	at org.junit.runners.ParentRunner$4.run(ParentRunner.java:331)
	at org.junit.runners.ParentRunner$1.schedule(ParentRunner.java:79)
	at org.junit.runners.ParentRunner.runChildren(ParentRunner.java:329)
	at org.junit.runners.ParentRunner.access$100(ParentRunner.java:66)
	at org.junit.runners.ParentRunner$2.evaluate(ParentRunner.java:293)
	at org.junit.internal.runners.statements.RunBefores.evaluate(RunBefores.java:26)
	at org.junit.runners.ParentRunner$3.evaluate(ParentRunner.java:306)
	at org.junit.runners.ParentRunner.run(ParentRunner.java:413)
	at org.junit.runners.Suite.runChild(Suite.java:128)
	at org.junit.runners.Suite.runChild(Suite.java:27)
	at org.junit.runners.ParentRunner$4.run(ParentRunner.java:331)
	at org.junit.runners.ParentRunner$1.schedule(ParentRunner.java:79)
	at org.junit.runners.ParentRunner.runChildren(ParentRunner.java:329)
	at org.junit.runners.ParentRunner.access$100(ParentRunner.java:66)
	at org.junit.runners.ParentRunner$2.evaluate(ParentRunner.java:293)
	at org.junit.runners.ParentRunner$3.evaluate(ParentRunner.java:306)
	at org.junit.runners.ParentRunner.run(ParentRunner.java:413)
	at org.apache.maven.surefire.junitcore.JUnitCore.run(JUnitCore.java:55)
	at org.apache.maven.surefire.junitcore.JUnitCoreWrapper.createRequestAndRun(JUnitCoreWrapper.java:137)
	at org.apache.maven.surefire.junitcore.JUnitCoreWrapper.executeEager(JUnitCoreWrapper.java:107)
	at org.apache.maven.surefire.junitcore.JUnitCoreWrapper.execute(JUnitCoreWrapper.java:83)
	at org.apache.maven.surefire.junitcore.JUnitCoreWrapper.execute(JUnitCoreWrapper.java:75)
	at org.apache.maven.surefire.junitcore.JUnitCoreProvider.invoke(JUnitCoreProvider.java:158)
	at org.apache.maven.surefire.booter.ForkedBooter.runSuitesInProcess(ForkedBooter.java:377)
	at org.apache.maven.surefire.booter.ForkedBooter.execute(ForkedBooter.java:138)
	at org.apache.maven.surefire.booter.ForkedBooter.run(ForkedBooter.java:465)
	at org.apache.maven.surefire.booter.ForkedBooter.main(ForkedBooter.java:451)
Caused by: org.apache.derby.shared.common.error.DerbySQLIntegrityConstraintViolationException: DELETE on table 'DBS' caused a violation of foreign key constraint 'TBLS_FK1' for key (4).  The statement has been rolled back.
	at org.apache.derby.impl.jdbc.SQLExceptionFactory.getSQLException(Unknown Source)
	at org.apache.derby.impl.jdbc.Util.generateCsSQLException(Unknown Source)
	at org.apache.derby.impl.jdbc.TransactionResourceImpl.wrapInSQLException(Unknown Source)
	at org.apache.derby.impl.jdbc.TransactionResourceImpl.handleException(Unknown Source)
	at org.apache.derby.impl.jdbc.EmbedConnection.handleException(Unknown Source)
	at org.apache.derby.impl.jdbc.ConnectionChild.handleException(Unknown Source)
	at org.apache.derby.impl.jdbc.EmbedStatement.executeStatement(Unknown Source)
	at org.apache.derby.impl.jdbc.EmbedPreparedStatement.executeBatchElement(Unknown Source)
	... 94 more
Caused by: ERROR 23503: DELETE on table 'DBS' caused a violation of foreign key constraint 'TBLS_FK1' for key (4).  The statement has been rolled back.
	at org.apache.derby.iapi.error.StandardException.newException(Unknown Source)
	at org.apache.derby.iapi.error.StandardException.newException(Unknown Source)
	at org.apache.derby.impl.sql.execute.ReferencedKeyRIChecker.doCheck(Unknown Source)
	at org.apache.derby.impl.sql.execute.RISetChecker.doPKCheck(Unknown Source)
	at org.apache.derby.impl.sql.execute.DeleteResultSet.collectAffectedRows(Unknown Source)
	at org.apache.derby.impl.sql.execute.DeleteResultSet.open(Unknown Source)
	at org.apache.derby.impl.sql.GenericPreparedStatement.executeStmt(Unknown Source)
	at org.apache.derby.impl.sql.GenericPreparedStatement.execute(Unknown Source)
	... 96 more

2024-04-24T11:29:46,451  INFO [main] HiveMetaStore.audit: ugi=alex	ip=unknown-ip-addr	cmd=drop_database: @hive#junit_specific_db	
2024-04-24T11:29:46,455  INFO [main] HiveMetaStore.audit: ugi=alex	ip=unknown-ip-addr	cmd=get_all_tables: db=@hive#junit_specific_db	
2024-04-24T11:29:46,456  INFO [main] HiveMetaStore.audit: ugi=alex	ip=unknown-ip-addr	cmd=get_functions: db=@hive#junit_specific_db pat=*	
2024-04-24T11:29:46,458  INFO [main] HiveMetaStore.audit: ugi=alex	ip=unknown-ip-addr	cmd=get_all_stored_procedures	
2024-04-24T11:29:46,459  INFO [main] HiveMetaStore.audit: ugi=alex	ip=unknown-ip-addr	cmd=get_all_packages	
2024-04-24T11:29:46,461  INFO [main] HiveMetaStore.audit: ugi=alex	ip=unknown-ip-addr	cmd=getTablesByTypeCore: catName=hive: db=junit_specific_db pat=.*,type=MATERIALIZED_VIEW	
2024-04-24T11:29:46,465  INFO [main] metastore.ObjectStore: Dropping database hive.junit_specific_db along with all tables
2024-04-24T11:29:46,472  INFO [main] txn.TxnHandler: Non-retryable error in cleanupRecords : Table/View 'TXN_COMPONENTS' does not exist. (SQLState=42X05, ErrorCode=20000)
2024-04-24T11:29:46,472  WARN [main] txn.TxnHandler: Cannot perform cleanup since metastore table does not exist
2024-04-24T11:29:46,474 ERROR [main] metastore.RetryingHMSHandler: Retrying HMSHandler after 2000 ms (attempt 9 of 10) with error: javax.jdo.JDODataStoreException: Exception thrown flushing changes to datastore
	at org.datanucleus.api.jdo.NucleusJDOHelper.getJDOExceptionForNucleusException(NucleusJDOHelper.java:542)
	at org.datanucleus.api.jdo.JDOTransaction.commit(JDOTransaction.java:162)
	at org.apache.hadoop.hive.metastore.ObjectStore.commitTransaction(ObjectStore.java:615)
	at sun.reflect.GeneratedMethodAccessor31.invoke(Unknown Source)
	at sun.reflect.DelegatingMethodAccessorImpl.invoke(DelegatingMethodAccessorImpl.java:43)
	at java.lang.reflect.Method.invoke(Method.java:498)
	at org.apache.hadoop.hive.metastore.RawStoreProxy.invoke(RawStoreProxy.java:97)
	at com.sun.proxy.$Proxy32.commitTransaction(Unknown Source)
	at org.apache.hadoop.hive.metastore.HMSHandler.drop_database_core(HMSHandler.java:1790)
	at org.apache.hadoop.hive.metastore.HMSHandler.drop_database(HMSHandler.java:1869)
	at sun.reflect.GeneratedMethodAccessor54.invoke(Unknown Source)
	at sun.reflect.DelegatingMethodAccessorImpl.invoke(DelegatingMethodAccessorImpl.java:43)
	at java.lang.reflect.Method.invoke(Method.java:498)
	at org.apache.hadoop.hive.metastore.RetryingHMSHandler.invokeInternal(RetryingHMSHandler.java:147)
	at org.apache.hadoop.hive.metastore.RetryingHMSHandler.invoke(RetryingHMSHandler.java:108)
	at com.sun.proxy.$Proxy35.drop_database(Unknown Source)
	at org.apache.hadoop.hive.metastore.HiveMetaStoreClient.dropDatabaseCascadePerDb(HiveMetaStoreClient.java:1601)
	at org.apache.hadoop.hive.metastore.HiveMetaStoreClient.dropDatabase(HiveMetaStoreClient.java:1532)
	at org.apache.hadoop.hive.metastore.HiveMetaStoreClient.dropDatabase(HiveMetaStoreClient.java:1485)
	at sun.reflect.NativeMethodAccessorImpl.invoke0(Native Method)
	at sun.reflect.NativeMethodAccessorImpl.invoke(NativeMethodAccessorImpl.java:62)
	at sun.reflect.DelegatingMethodAccessorImpl.invoke(DelegatingMethodAccessorImpl.java:43)
	at java.lang.reflect.Method.invoke(Method.java:498)
	at org.apache.hadoop.hive.metastore.RetryingMetaStoreClient.invoke(RetryingMetaStoreClient.java:218)
	at com.sun.proxy.$Proxy45.dropDatabase(Unknown Source)
	at org.apache.hadoop.hive.ql.metadata.Hive.dropDatabase(Hive.java:662)
	at org.apache.hadoop.hive.ql.ddl.database.drop.DropDatabaseOperation.execute(DropDatabaseOperation.java:52)
	at org.apache.hadoop.hive.ql.ddl.DDLTask.execute(DDLTask.java:84)
	at org.apache.hadoop.hive.ql.exec.Task.executeTask(Task.java:212)
	at org.apache.hadoop.hive.ql.exec.TaskRunner.runSequential(TaskRunner.java:105)
	at org.apache.hadoop.hive.ql.Executor.launchTask(Executor.java:361)
	at org.apache.hadoop.hive.ql.Executor.launchTasks(Executor.java:334)
	at org.apache.hadoop.hive.ql.Executor.runTasks(Executor.java:245)
	at org.apache.hadoop.hive.ql.Executor.execute(Executor.java:108)
	at org.apache.hadoop.hive.ql.Driver.execute(Driver.java:348)
	at org.apache.hadoop.hive.ql.Driver.runInternal(Driver.java:204)
	at org.apache.hadoop.hive.ql.Driver.run(Driver.java:153)
	at org.apache.hadoop.hive.ql.Driver.run(Driver.java:148)
	at org.apache.hadoop.hive.ql.reexec.ReExecDriver.run(ReExecDriver.java:164)
	at org.apache.hadoop.hive.ql.reexec.ReExecDriver.run(ReExecDriver.java:230)
	at org.apache.hive.hcatalog.pig.AbstractHCatLoaderTest.executeStatementOnDriver(AbstractHCatLoaderTest.java:151)
	at org.apache.hive.hcatalog.pig.AbstractHCatLoaderTest.tearDown(AbstractHCatLoaderTest.java:239)
	at sun.reflect.NativeMethodAccessorImpl.invoke0(Native Method)
	at sun.reflect.NativeMethodAccessorImpl.invoke(NativeMethodAccessorImpl.java:62)
	at sun.reflect.DelegatingMethodAccessorImpl.invoke(DelegatingMethodAccessorImpl.java:43)
	at java.lang.reflect.Method.invoke(Method.java:498)
	at org.junit.runners.model.FrameworkMethod$1.runReflectiveCall(FrameworkMethod.java:59)
	at org.junit.internal.runners.model.ReflectiveCallable.run(ReflectiveCallable.java:12)
	at org.junit.runners.model.FrameworkMethod.invokeExplosively(FrameworkMethod.java:56)
	at org.junit.internal.runners.statements.RunAfters.invokeMethod(RunAfters.java:46)
	at org.junit.internal.runners.statements.RunAfters.evaluate(RunAfters.java:33)
	at org.junit.runners.ParentRunner$3.evaluate(ParentRunner.java:306)
	at org.junit.runners.BlockJUnit4ClassRunner$1.evaluate(BlockJUnit4ClassRunner.java:100)
	at org.junit.runners.ParentRunner.runLeaf(ParentRunner.java:366)
	at org.junit.runners.BlockJUnit4ClassRunner.runChild(BlockJUnit4ClassRunner.java:103)
	at org.junit.runners.BlockJUnit4ClassRunner.runChild(BlockJUnit4ClassRunner.java:63)
	at org.junit.runners.ParentRunner$4.run(ParentRunner.java:331)
	at org.junit.runners.ParentRunner$1.schedule(ParentRunner.java:79)
	at org.junit.runners.ParentRunner.runChildren(ParentRunner.java:329)
	at org.junit.runners.ParentRunner.access$100(ParentRunner.java:66)
	at org.junit.runners.ParentRunner$2.evaluate(ParentRunner.java:293)
	at org.junit.internal.runners.statements.RunBefores.evaluate(RunBefores.java:26)
	at org.junit.runners.ParentRunner$3.evaluate(ParentRunner.java:306)
	at org.junit.runners.ParentRunner.run(ParentRunner.java:413)
	at org.junit.runners.Suite.runChild(Suite.java:128)
	at org.junit.runners.Suite.runChild(Suite.java:27)
	at org.junit.runners.ParentRunner$4.run(ParentRunner.java:331)
	at org.junit.runners.ParentRunner$1.schedule(ParentRunner.java:79)
	at org.junit.runners.ParentRunner.runChildren(ParentRunner.java:329)
	at org.junit.runners.ParentRunner.access$100(ParentRunner.java:66)
	at org.junit.runners.ParentRunner$2.evaluate(ParentRunner.java:293)
	at org.junit.runners.ParentRunner$3.evaluate(ParentRunner.java:306)
	at org.junit.runners.ParentRunner.run(ParentRunner.java:413)
	at org.apache.maven.surefire.junitcore.JUnitCore.run(JUnitCore.java:55)
	at org.apache.maven.surefire.junitcore.JUnitCoreWrapper.createRequestAndRun(JUnitCoreWrapper.java:137)
	at org.apache.maven.surefire.junitcore.JUnitCoreWrapper.executeEager(JUnitCoreWrapper.java:107)
	at org.apache.maven.surefire.junitcore.JUnitCoreWrapper.execute(JUnitCoreWrapper.java:83)
	at org.apache.maven.surefire.junitcore.JUnitCoreWrapper.execute(JUnitCoreWrapper.java:75)
	at org.apache.maven.surefire.junitcore.JUnitCoreProvider.invoke(JUnitCoreProvider.java:158)
	at org.apache.maven.surefire.booter.ForkedBooter.runSuitesInProcess(ForkedBooter.java:377)
	at org.apache.maven.surefire.booter.ForkedBooter.execute(ForkedBooter.java:138)
	at org.apache.maven.surefire.booter.ForkedBooter.run(ForkedBooter.java:465)
	at org.apache.maven.surefire.booter.ForkedBooter.main(ForkedBooter.java:451)
NestedThrowablesStackTrace:
java.sql.BatchUpdateException: DELETE on table 'DBS' caused a violation of foreign key constraint 'TBLS_FK1' for key (4).  The statement has been rolled back.
	at org.apache.derby.impl.jdbc.EmbedStatement.executeLargeBatch(Unknown Source)
	at org.apache.derby.impl.jdbc.EmbedStatement.executeBatch(Unknown Source)
	at com.zaxxer.hikari.pool.ProxyStatement.executeBatch(ProxyStatement.java:128)
	at com.zaxxer.hikari.pool.HikariProxyPreparedStatement.executeBatch(HikariProxyPreparedStatement.java)
	at org.datanucleus.store.rdbms.ParamLoggingPreparedStatement.executeBatch(ParamLoggingPreparedStatement.java:366)
	at org.datanucleus.store.rdbms.SQLController.processConnectionStatement(SQLController.java:675)
	at org.datanucleus.store.rdbms.SQLController.processStatementsForConnection(SQLController.java:643)
	at org.datanucleus.store.rdbms.SQLController$1.transactionFlushed(SQLController.java:729)
	at org.datanucleus.store.connection.AbstractManagedConnection.transactionFlushed(AbstractManagedConnection.java:95)
	at org.datanucleus.store.connection.ConnectionManagerImpl$2.transactionFlushed(ConnectionManagerImpl.java:528)
	at org.datanucleus.TransactionImpl.flush(TransactionImpl.java:222)
	at org.datanucleus.TransactionImpl.commit(TransactionImpl.java:286)
	at org.datanucleus.api.jdo.JDOTransaction.commit(JDOTransaction.java:99)
	at org.apache.hadoop.hive.metastore.ObjectStore.commitTransaction(ObjectStore.java:615)
	at sun.reflect.GeneratedMethodAccessor31.invoke(Unknown Source)
	at sun.reflect.DelegatingMethodAccessorImpl.invoke(DelegatingMethodAccessorImpl.java:43)
	at java.lang.reflect.Method.invoke(Method.java:498)
	at org.apache.hadoop.hive.metastore.RawStoreProxy.invoke(RawStoreProxy.java:97)
	at com.sun.proxy.$Proxy32.commitTransaction(Unknown Source)
	at org.apache.hadoop.hive.metastore.HMSHandler.drop_database_core(HMSHandler.java:1790)
	at org.apache.hadoop.hive.metastore.HMSHandler.drop_database(HMSHandler.java:1869)
	at sun.reflect.GeneratedMethodAccessor54.invoke(Unknown Source)
	at sun.reflect.DelegatingMethodAccessorImpl.invoke(DelegatingMethodAccessorImpl.java:43)
	at java.lang.reflect.Method.invoke(Method.java:498)
	at org.apache.hadoop.hive.metastore.RetryingHMSHandler.invokeInternal(RetryingHMSHandler.java:147)
	at org.apache.hadoop.hive.metastore.RetryingHMSHandler.invoke(RetryingHMSHandler.java:108)
	at com.sun.proxy.$Proxy35.drop_database(Unknown Source)
	at org.apache.hadoop.hive.metastore.HiveMetaStoreClient.dropDatabaseCascadePerDb(HiveMetaStoreClient.java:1601)
	at org.apache.hadoop.hive.metastore.HiveMetaStoreClient.dropDatabase(HiveMetaStoreClient.java:1532)
	at org.apache.hadoop.hive.metastore.HiveMetaStoreClient.dropDatabase(HiveMetaStoreClient.java:1485)
	at sun.reflect.NativeMethodAccessorImpl.invoke0(Native Method)
	at sun.reflect.NativeMethodAccessorImpl.invoke(NativeMethodAccessorImpl.java:62)
	at sun.reflect.DelegatingMethodAccessorImpl.invoke(DelegatingMethodAccessorImpl.java:43)
	at java.lang.reflect.Method.invoke(Method.java:498)
	at org.apache.hadoop.hive.metastore.RetryingMetaStoreClient.invoke(RetryingMetaStoreClient.java:218)
	at com.sun.proxy.$Proxy45.dropDatabase(Unknown Source)
	at org.apache.hadoop.hive.ql.metadata.Hive.dropDatabase(Hive.java:662)
	at org.apache.hadoop.hive.ql.ddl.database.drop.DropDatabaseOperation.execute(DropDatabaseOperation.java:52)
	at org.apache.hadoop.hive.ql.ddl.DDLTask.execute(DDLTask.java:84)
	at org.apache.hadoop.hive.ql.exec.Task.executeTask(Task.java:212)
	at org.apache.hadoop.hive.ql.exec.TaskRunner.runSequential(TaskRunner.java:105)
	at org.apache.hadoop.hive.ql.Executor.launchTask(Executor.java:361)
	at org.apache.hadoop.hive.ql.Executor.launchTasks(Executor.java:334)
	at org.apache.hadoop.hive.ql.Executor.runTasks(Executor.java:245)
	at org.apache.hadoop.hive.ql.Executor.execute(Executor.java:108)
	at org.apache.hadoop.hive.ql.Driver.execute(Driver.java:348)
	at org.apache.hadoop.hive.ql.Driver.runInternal(Driver.java:204)
	at org.apache.hadoop.hive.ql.Driver.run(Driver.java:153)
	at org.apache.hadoop.hive.ql.Driver.run(Driver.java:148)
	at org.apache.hadoop.hive.ql.reexec.ReExecDriver.run(ReExecDriver.java:164)
	at org.apache.hadoop.hive.ql.reexec.ReExecDriver.run(ReExecDriver.java:230)
	at org.apache.hive.hcatalog.pig.AbstractHCatLoaderTest.executeStatementOnDriver(AbstractHCatLoaderTest.java:151)
	at org.apache.hive.hcatalog.pig.AbstractHCatLoaderTest.tearDown(AbstractHCatLoaderTest.java:239)
	at sun.reflect.NativeMethodAccessorImpl.invoke0(Native Method)
	at sun.reflect.NativeMethodAccessorImpl.invoke(NativeMethodAccessorImpl.java:62)
	at sun.reflect.DelegatingMethodAccessorImpl.invoke(DelegatingMethodAccessorImpl.java:43)
	at java.lang.reflect.Method.invoke(Method.java:498)
	at org.junit.runners.model.FrameworkMethod$1.runReflectiveCall(FrameworkMethod.java:59)
	at org.junit.internal.runners.model.ReflectiveCallable.run(ReflectiveCallable.java:12)
	at org.junit.runners.model.FrameworkMethod.invokeExplosively(FrameworkMethod.java:56)
	at org.junit.internal.runners.statements.RunAfters.invokeMethod(RunAfters.java:46)
	at org.junit.internal.runners.statements.RunAfters.evaluate(RunAfters.java:33)
	at org.junit.runners.ParentRunner$3.evaluate(ParentRunner.java:306)
	at org.junit.runners.BlockJUnit4ClassRunner$1.evaluate(BlockJUnit4ClassRunner.java:100)
	at org.junit.runners.ParentRunner.runLeaf(ParentRunner.java:366)
	at org.junit.runners.BlockJUnit4ClassRunner.runChild(BlockJUnit4ClassRunner.java:103)
	at org.junit.runners.BlockJUnit4ClassRunner.runChild(BlockJUnit4ClassRunner.java:63)
	at org.junit.runners.ParentRunner$4.run(ParentRunner.java:331)
	at org.junit.runners.ParentRunner$1.schedule(ParentRunner.java:79)
	at org.junit.runners.ParentRunner.runChildren(ParentRunner.java:329)
	at org.junit.runners.ParentRunner.access$100(ParentRunner.java:66)
	at org.junit.runners.ParentRunner$2.evaluate(ParentRunner.java:293)
	at org.junit.internal.runners.statements.RunBefores.evaluate(RunBefores.java:26)
	at org.junit.runners.ParentRunner$3.evaluate(ParentRunner.java:306)
	at org.junit.runners.ParentRunner.run(ParentRunner.java:413)
	at org.junit.runners.Suite.runChild(Suite.java:128)
	at org.junit.runners.Suite.runChild(Suite.java:27)
	at org.junit.runners.ParentRunner$4.run(ParentRunner.java:331)
	at org.junit.runners.ParentRunner$1.schedule(ParentRunner.java:79)
	at org.junit.runners.ParentRunner.runChildren(ParentRunner.java:329)
	at org.junit.runners.ParentRunner.access$100(ParentRunner.java:66)
	at org.junit.runners.ParentRunner$2.evaluate(ParentRunner.java:293)
	at org.junit.runners.ParentRunner$3.evaluate(ParentRunner.java:306)
	at org.junit.runners.ParentRunner.run(ParentRunner.java:413)
	at org.apache.maven.surefire.junitcore.JUnitCore.run(JUnitCore.java:55)
	at org.apache.maven.surefire.junitcore.JUnitCoreWrapper.createRequestAndRun(JUnitCoreWrapper.java:137)
	at org.apache.maven.surefire.junitcore.JUnitCoreWrapper.executeEager(JUnitCoreWrapper.java:107)
	at org.apache.maven.surefire.junitcore.JUnitCoreWrapper.execute(JUnitCoreWrapper.java:83)
	at org.apache.maven.surefire.junitcore.JUnitCoreWrapper.execute(JUnitCoreWrapper.java:75)
	at org.apache.maven.surefire.junitcore.JUnitCoreProvider.invoke(JUnitCoreProvider.java:158)
	at org.apache.maven.surefire.booter.ForkedBooter.runSuitesInProcess(ForkedBooter.java:377)
	at org.apache.maven.surefire.booter.ForkedBooter.execute(ForkedBooter.java:138)
	at org.apache.maven.surefire.booter.ForkedBooter.run(ForkedBooter.java:465)
	at org.apache.maven.surefire.booter.ForkedBooter.main(ForkedBooter.java:451)
Caused by: org.apache.derby.shared.common.error.DerbySQLIntegrityConstraintViolationException: DELETE on table 'DBS' caused a violation of foreign key constraint 'TBLS_FK1' for key (4).  The statement has been rolled back.
	at org.apache.derby.impl.jdbc.SQLExceptionFactory.getSQLException(Unknown Source)
	at org.apache.derby.impl.jdbc.Util.generateCsSQLException(Unknown Source)
	at org.apache.derby.impl.jdbc.TransactionResourceImpl.wrapInSQLException(Unknown Source)
	at org.apache.derby.impl.jdbc.TransactionResourceImpl.handleException(Unknown Source)
	at org.apache.derby.impl.jdbc.EmbedConnection.handleException(Unknown Source)
	at org.apache.derby.impl.jdbc.ConnectionChild.handleException(Unknown Source)
	at org.apache.derby.impl.jdbc.EmbedStatement.executeStatement(Unknown Source)
	at org.apache.derby.impl.jdbc.EmbedPreparedStatement.executeBatchElement(Unknown Source)
	... 94 more
Caused by: ERROR 23503: DELETE on table 'DBS' caused a violation of foreign key constraint 'TBLS_FK1' for key (4).  The statement has been rolled back.
	at org.apache.derby.iapi.error.StandardException.newException(Unknown Source)
	at org.apache.derby.iapi.error.StandardException.newException(Unknown Source)
	at org.apache.derby.impl.sql.execute.ReferencedKeyRIChecker.doCheck(Unknown Source)
	at org.apache.derby.impl.sql.execute.RISetChecker.doPKCheck(Unknown Source)
	at org.apache.derby.impl.sql.execute.DeleteResultSet.collectAffectedRows(Unknown Source)
	at org.apache.derby.impl.sql.execute.DeleteResultSet.open(Unknown Source)
	at org.apache.derby.impl.sql.GenericPreparedStatement.executeStmt(Unknown Source)
	at org.apache.derby.impl.sql.GenericPreparedStatement.execute(Unknown Source)
	... 96 more

2024-04-24T11:29:48,474  INFO [main] HiveMetaStore.audit: ugi=alex	ip=unknown-ip-addr	cmd=drop_database: @hive#junit_specific_db	
2024-04-24T11:29:48,478  INFO [main] HiveMetaStore.audit: ugi=alex	ip=unknown-ip-addr	cmd=get_all_tables: db=@hive#junit_specific_db	
2024-04-24T11:29:48,479  INFO [main] HiveMetaStore.audit: ugi=alex	ip=unknown-ip-addr	cmd=get_functions: db=@hive#junit_specific_db pat=*	
2024-04-24T11:29:48,481  INFO [main] HiveMetaStore.audit: ugi=alex	ip=unknown-ip-addr	cmd=get_all_stored_procedures	
2024-04-24T11:29:48,482  INFO [main] HiveMetaStore.audit: ugi=alex	ip=unknown-ip-addr	cmd=get_all_packages	
2024-04-24T11:29:48,483  INFO [main] HiveMetaStore.audit: ugi=alex	ip=unknown-ip-addr	cmd=getTablesByTypeCore: catName=hive: db=junit_specific_db pat=.*,type=MATERIALIZED_VIEW	
2024-04-24T11:29:48,487  INFO [main] metastore.ObjectStore: Dropping database hive.junit_specific_db along with all tables
2024-04-24T11:29:48,494  INFO [main] txn.TxnHandler: Non-retryable error in cleanupRecords : Table/View 'TXN_COMPONENTS' does not exist. (SQLState=42X05, ErrorCode=20000)
2024-04-24T11:29:48,494  WARN [main] txn.TxnHandler: Cannot perform cleanup since metastore table does not exist
2024-04-24T11:29:48,496 ERROR [main] metastore.RetryingHMSHandler: Retrying HMSHandler after 2000 ms (attempt 10 of 10) with error: javax.jdo.JDODataStoreException: Exception thrown flushing changes to datastore
	at org.datanucleus.api.jdo.NucleusJDOHelper.getJDOExceptionForNucleusException(NucleusJDOHelper.java:542)
	at org.datanucleus.api.jdo.JDOTransaction.commit(JDOTransaction.java:162)
	at org.apache.hadoop.hive.metastore.ObjectStore.commitTransaction(ObjectStore.java:615)
	at sun.reflect.GeneratedMethodAccessor31.invoke(Unknown Source)
	at sun.reflect.DelegatingMethodAccessorImpl.invoke(DelegatingMethodAccessorImpl.java:43)
	at java.lang.reflect.Method.invoke(Method.java:498)
	at org.apache.hadoop.hive.metastore.RawStoreProxy.invoke(RawStoreProxy.java:97)
	at com.sun.proxy.$Proxy32.commitTransaction(Unknown Source)
	at org.apache.hadoop.hive.metastore.HMSHandler.drop_database_core(HMSHandler.java:1790)
	at org.apache.hadoop.hive.metastore.HMSHandler.drop_database(HMSHandler.java:1869)
	at sun.reflect.GeneratedMethodAccessor54.invoke(Unknown Source)
	at sun.reflect.DelegatingMethodAccessorImpl.invoke(DelegatingMethodAccessorImpl.java:43)
	at java.lang.reflect.Method.invoke(Method.java:498)
	at org.apache.hadoop.hive.metastore.RetryingHMSHandler.invokeInternal(RetryingHMSHandler.java:147)
	at org.apache.hadoop.hive.metastore.RetryingHMSHandler.invoke(RetryingHMSHandler.java:108)
	at com.sun.proxy.$Proxy35.drop_database(Unknown Source)
	at org.apache.hadoop.hive.metastore.HiveMetaStoreClient.dropDatabaseCascadePerDb(HiveMetaStoreClient.java:1601)
	at org.apache.hadoop.hive.metastore.HiveMetaStoreClient.dropDatabase(HiveMetaStoreClient.java:1532)
	at org.apache.hadoop.hive.metastore.HiveMetaStoreClient.dropDatabase(HiveMetaStoreClient.java:1485)
	at sun.reflect.NativeMethodAccessorImpl.invoke0(Native Method)
	at sun.reflect.NativeMethodAccessorImpl.invoke(NativeMethodAccessorImpl.java:62)
	at sun.reflect.DelegatingMethodAccessorImpl.invoke(DelegatingMethodAccessorImpl.java:43)
	at java.lang.reflect.Method.invoke(Method.java:498)
	at org.apache.hadoop.hive.metastore.RetryingMetaStoreClient.invoke(RetryingMetaStoreClient.java:218)
	at com.sun.proxy.$Proxy45.dropDatabase(Unknown Source)
	at org.apache.hadoop.hive.ql.metadata.Hive.dropDatabase(Hive.java:662)
	at org.apache.hadoop.hive.ql.ddl.database.drop.DropDatabaseOperation.execute(DropDatabaseOperation.java:52)
	at org.apache.hadoop.hive.ql.ddl.DDLTask.execute(DDLTask.java:84)
	at org.apache.hadoop.hive.ql.exec.Task.executeTask(Task.java:212)
	at org.apache.hadoop.hive.ql.exec.TaskRunner.runSequential(TaskRunner.java:105)
	at org.apache.hadoop.hive.ql.Executor.launchTask(Executor.java:361)
	at org.apache.hadoop.hive.ql.Executor.launchTasks(Executor.java:334)
	at org.apache.hadoop.hive.ql.Executor.runTasks(Executor.java:245)
	at org.apache.hadoop.hive.ql.Executor.execute(Executor.java:108)
	at org.apache.hadoop.hive.ql.Driver.execute(Driver.java:348)
	at org.apache.hadoop.hive.ql.Driver.runInternal(Driver.java:204)
	at org.apache.hadoop.hive.ql.Driver.run(Driver.java:153)
	at org.apache.hadoop.hive.ql.Driver.run(Driver.java:148)
	at org.apache.hadoop.hive.ql.reexec.ReExecDriver.run(ReExecDriver.java:164)
	at org.apache.hadoop.hive.ql.reexec.ReExecDriver.run(ReExecDriver.java:230)
	at org.apache.hive.hcatalog.pig.AbstractHCatLoaderTest.executeStatementOnDriver(AbstractHCatLoaderTest.java:151)
	at org.apache.hive.hcatalog.pig.AbstractHCatLoaderTest.tearDown(AbstractHCatLoaderTest.java:239)
	at sun.reflect.NativeMethodAccessorImpl.invoke0(Native Method)
	at sun.reflect.NativeMethodAccessorImpl.invoke(NativeMethodAccessorImpl.java:62)
	at sun.reflect.DelegatingMethodAccessorImpl.invoke(DelegatingMethodAccessorImpl.java:43)
	at java.lang.reflect.Method.invoke(Method.java:498)
	at org.junit.runners.model.FrameworkMethod$1.runReflectiveCall(FrameworkMethod.java:59)
	at org.junit.internal.runners.model.ReflectiveCallable.run(ReflectiveCallable.java:12)
	at org.junit.runners.model.FrameworkMethod.invokeExplosively(FrameworkMethod.java:56)
	at org.junit.internal.runners.statements.RunAfters.invokeMethod(RunAfters.java:46)
	at org.junit.internal.runners.statements.RunAfters.evaluate(RunAfters.java:33)
	at org.junit.runners.ParentRunner$3.evaluate(ParentRunner.java:306)
	at org.junit.runners.BlockJUnit4ClassRunner$1.evaluate(BlockJUnit4ClassRunner.java:100)
	at org.junit.runners.ParentRunner.runLeaf(ParentRunner.java:366)
	at org.junit.runners.BlockJUnit4ClassRunner.runChild(BlockJUnit4ClassRunner.java:103)
	at org.junit.runners.BlockJUnit4ClassRunner.runChild(BlockJUnit4ClassRunner.java:63)
	at org.junit.runners.ParentRunner$4.run(ParentRunner.java:331)
	at org.junit.runners.ParentRunner$1.schedule(ParentRunner.java:79)
	at org.junit.runners.ParentRunner.runChildren(ParentRunner.java:329)
	at org.junit.runners.ParentRunner.access$100(ParentRunner.java:66)
	at org.junit.runners.ParentRunner$2.evaluate(ParentRunner.java:293)
	at org.junit.internal.runners.statements.RunBefores.evaluate(RunBefores.java:26)
	at org.junit.runners.ParentRunner$3.evaluate(ParentRunner.java:306)
	at org.junit.runners.ParentRunner.run(ParentRunner.java:413)
	at org.junit.runners.Suite.runChild(Suite.java:128)
	at org.junit.runners.Suite.runChild(Suite.java:27)
	at org.junit.runners.ParentRunner$4.run(ParentRunner.java:331)
	at org.junit.runners.ParentRunner$1.schedule(ParentRunner.java:79)
	at org.junit.runners.ParentRunner.runChildren(ParentRunner.java:329)
	at org.junit.runners.ParentRunner.access$100(ParentRunner.java:66)
	at org.junit.runners.ParentRunner$2.evaluate(ParentRunner.java:293)
	at org.junit.runners.ParentRunner$3.evaluate(ParentRunner.java:306)
	at org.junit.runners.ParentRunner.run(ParentRunner.java:413)
	at org.apache.maven.surefire.junitcore.JUnitCore.run(JUnitCore.java:55)
	at org.apache.maven.surefire.junitcore.JUnitCoreWrapper.createRequestAndRun(JUnitCoreWrapper.java:137)
	at org.apache.maven.surefire.junitcore.JUnitCoreWrapper.executeEager(JUnitCoreWrapper.java:107)
	at org.apache.maven.surefire.junitcore.JUnitCoreWrapper.execute(JUnitCoreWrapper.java:83)
	at org.apache.maven.surefire.junitcore.JUnitCoreWrapper.execute(JUnitCoreWrapper.java:75)
	at org.apache.maven.surefire.junitcore.JUnitCoreProvider.invoke(JUnitCoreProvider.java:158)
	at org.apache.maven.surefire.booter.ForkedBooter.runSuitesInProcess(ForkedBooter.java:377)
	at org.apache.maven.surefire.booter.ForkedBooter.execute(ForkedBooter.java:138)
	at org.apache.maven.surefire.booter.ForkedBooter.run(ForkedBooter.java:465)
	at org.apache.maven.surefire.booter.ForkedBooter.main(ForkedBooter.java:451)
NestedThrowablesStackTrace:
java.sql.BatchUpdateException: DELETE on table 'DBS' caused a violation of foreign key constraint 'TBLS_FK1' for key (4).  The statement has been rolled back.
	at org.apache.derby.impl.jdbc.EmbedStatement.executeLargeBatch(Unknown Source)
	at org.apache.derby.impl.jdbc.EmbedStatement.executeBatch(Unknown Source)
	at com.zaxxer.hikari.pool.ProxyStatement.executeBatch(ProxyStatement.java:128)
	at com.zaxxer.hikari.pool.HikariProxyPreparedStatement.executeBatch(HikariProxyPreparedStatement.java)
	at org.datanucleus.store.rdbms.ParamLoggingPreparedStatement.executeBatch(ParamLoggingPreparedStatement.java:366)
	at org.datanucleus.store.rdbms.SQLController.processConnectionStatement(SQLController.java:675)
	at org.datanucleus.store.rdbms.SQLController.processStatementsForConnection(SQLController.java:643)
	at org.datanucleus.store.rdbms.SQLController$1.transactionFlushed(SQLController.java:729)
	at org.datanucleus.store.connection.AbstractManagedConnection.transactionFlushed(AbstractManagedConnection.java:95)
	at org.datanucleus.store.connection.ConnectionManagerImpl$2.transactionFlushed(ConnectionManagerImpl.java:528)
	at org.datanucleus.TransactionImpl.flush(TransactionImpl.java:222)
	at org.datanucleus.TransactionImpl.commit(TransactionImpl.java:286)
	at org.datanucleus.api.jdo.JDOTransaction.commit(JDOTransaction.java:99)
	at org.apache.hadoop.hive.metastore.ObjectStore.commitTransaction(ObjectStore.java:615)
	at sun.reflect.GeneratedMethodAccessor31.invoke(Unknown Source)
	at sun.reflect.DelegatingMethodAccessorImpl.invoke(DelegatingMethodAccessorImpl.java:43)
	at java.lang.reflect.Method.invoke(Method.java:498)
	at org.apache.hadoop.hive.metastore.RawStoreProxy.invoke(RawStoreProxy.java:97)
	at com.sun.proxy.$Proxy32.commitTransaction(Unknown Source)
	at org.apache.hadoop.hive.metastore.HMSHandler.drop_database_core(HMSHandler.java:1790)
	at org.apache.hadoop.hive.metastore.HMSHandler.drop_database(HMSHandler.java:1869)
	at sun.reflect.GeneratedMethodAccessor54.invoke(Unknown Source)
	at sun.reflect.DelegatingMethodAccessorImpl.invoke(DelegatingMethodAccessorImpl.java:43)
	at java.lang.reflect.Method.invoke(Method.java:498)
	at org.apache.hadoop.hive.metastore.RetryingHMSHandler.invokeInternal(RetryingHMSHandler.java:147)
	at org.apache.hadoop.hive.metastore.RetryingHMSHandler.invoke(RetryingHMSHandler.java:108)
	at com.sun.proxy.$Proxy35.drop_database(Unknown Source)
	at org.apache.hadoop.hive.metastore.HiveMetaStoreClient.dropDatabaseCascadePerDb(HiveMetaStoreClient.java:1601)
	at org.apache.hadoop.hive.metastore.HiveMetaStoreClient.dropDatabase(HiveMetaStoreClient.java:1532)
	at org.apache.hadoop.hive.metastore.HiveMetaStoreClient.dropDatabase(HiveMetaStoreClient.java:1485)
	at sun.reflect.NativeMethodAccessorImpl.invoke0(Native Method)
	at sun.reflect.NativeMethodAccessorImpl.invoke(NativeMethodAccessorImpl.java:62)
	at sun.reflect.DelegatingMethodAccessorImpl.invoke(DelegatingMethodAccessorImpl.java:43)
	at java.lang.reflect.Method.invoke(Method.java:498)
	at org.apache.hadoop.hive.metastore.RetryingMetaStoreClient.invoke(RetryingMetaStoreClient.java:218)
	at com.sun.proxy.$Proxy45.dropDatabase(Unknown Source)
	at org.apache.hadoop.hive.ql.metadata.Hive.dropDatabase(Hive.java:662)
	at org.apache.hadoop.hive.ql.ddl.database.drop.DropDatabaseOperation.execute(DropDatabaseOperation.java:52)
	at org.apache.hadoop.hive.ql.ddl.DDLTask.execute(DDLTask.java:84)
	at org.apache.hadoop.hive.ql.exec.Task.executeTask(Task.java:212)
	at org.apache.hadoop.hive.ql.exec.TaskRunner.runSequential(TaskRunner.java:105)
	at org.apache.hadoop.hive.ql.Executor.launchTask(Executor.java:361)
	at org.apache.hadoop.hive.ql.Executor.launchTasks(Executor.java:334)
	at org.apache.hadoop.hive.ql.Executor.runTasks(Executor.java:245)
	at org.apache.hadoop.hive.ql.Executor.execute(Executor.java:108)
	at org.apache.hadoop.hive.ql.Driver.execute(Driver.java:348)
	at org.apache.hadoop.hive.ql.Driver.runInternal(Driver.java:204)
	at org.apache.hadoop.hive.ql.Driver.run(Driver.java:153)
	at org.apache.hadoop.hive.ql.Driver.run(Driver.java:148)
	at org.apache.hadoop.hive.ql.reexec.ReExecDriver.run(ReExecDriver.java:164)
	at org.apache.hadoop.hive.ql.reexec.ReExecDriver.run(ReExecDriver.java:230)
	at org.apache.hive.hcatalog.pig.AbstractHCatLoaderTest.executeStatementOnDriver(AbstractHCatLoaderTest.java:151)
	at org.apache.hive.hcatalog.pig.AbstractHCatLoaderTest.tearDown(AbstractHCatLoaderTest.java:239)
	at sun.reflect.NativeMethodAccessorImpl.invoke0(Native Method)
	at sun.reflect.NativeMethodAccessorImpl.invoke(NativeMethodAccessorImpl.java:62)
	at sun.reflect.DelegatingMethodAccessorImpl.invoke(DelegatingMethodAccessorImpl.java:43)
	at java.lang.reflect.Method.invoke(Method.java:498)
	at org.junit.runners.model.FrameworkMethod$1.runReflectiveCall(FrameworkMethod.java:59)
	at org.junit.internal.runners.model.ReflectiveCallable.run(ReflectiveCallable.java:12)
	at org.junit.runners.model.FrameworkMethod.invokeExplosively(FrameworkMethod.java:56)
	at org.junit.internal.runners.statements.RunAfters.invokeMethod(RunAfters.java:46)
	at org.junit.internal.runners.statements.RunAfters.evaluate(RunAfters.java:33)
	at org.junit.runners.ParentRunner$3.evaluate(ParentRunner.java:306)
	at org.junit.runners.BlockJUnit4ClassRunner$1.evaluate(BlockJUnit4ClassRunner.java:100)
	at org.junit.runners.ParentRunner.runLeaf(ParentRunner.java:366)
	at org.junit.runners.BlockJUnit4ClassRunner.runChild(BlockJUnit4ClassRunner.java:103)
	at org.junit.runners.BlockJUnit4ClassRunner.runChild(BlockJUnit4ClassRunner.java:63)
	at org.junit.runners.ParentRunner$4.run(ParentRunner.java:331)
	at org.junit.runners.ParentRunner$1.schedule(ParentRunner.java:79)
	at org.junit.runners.ParentRunner.runChildren(ParentRunner.java:329)
	at org.junit.runners.ParentRunner.access$100(ParentRunner.java:66)
	at org.junit.runners.ParentRunner$2.evaluate(ParentRunner.java:293)
	at org.junit.internal.runners.statements.RunBefores.evaluate(RunBefores.java:26)
	at org.junit.runners.ParentRunner$3.evaluate(ParentRunner.java:306)
	at org.junit.runners.ParentRunner.run(ParentRunner.java:413)
	at org.junit.runners.Suite.runChild(Suite.java:128)
	at org.junit.runners.Suite.runChild(Suite.java:27)
	at org.junit.runners.ParentRunner$4.run(ParentRunner.java:331)
	at org.junit.runners.ParentRunner$1.schedule(ParentRunner.java:79)
	at org.junit.runners.ParentRunner.runChildren(ParentRunner.java:329)
	at org.junit.runners.ParentRunner.access$100(ParentRunner.java:66)
	at org.junit.runners.ParentRunner$2.evaluate(ParentRunner.java:293)
	at org.junit.runners.ParentRunner$3.evaluate(ParentRunner.java:306)
	at org.junit.runners.ParentRunner.run(ParentRunner.java:413)
	at org.apache.maven.surefire.junitcore.JUnitCore.run(JUnitCore.java:55)
	at org.apache.maven.surefire.junitcore.JUnitCoreWrapper.createRequestAndRun(JUnitCoreWrapper.java:137)
	at org.apache.maven.surefire.junitcore.JUnitCoreWrapper.executeEager(JUnitCoreWrapper.java:107)
	at org.apache.maven.surefire.junitcore.JUnitCoreWrapper.execute(JUnitCoreWrapper.java:83)
	at org.apache.maven.surefire.junitcore.JUnitCoreWrapper.execute(JUnitCoreWrapper.java:75)
	at org.apache.maven.surefire.junitcore.JUnitCoreProvider.invoke(JUnitCoreProvider.java:158)
	at org.apache.maven.surefire.booter.ForkedBooter.runSuitesInProcess(ForkedBooter.java:377)
	at org.apache.maven.surefire.booter.ForkedBooter.execute(ForkedBooter.java:138)
	at org.apache.maven.surefire.booter.ForkedBooter.run(ForkedBooter.java:465)
	at org.apache.maven.surefire.booter.ForkedBooter.main(ForkedBooter.java:451)
Caused by: org.apache.derby.shared.common.error.DerbySQLIntegrityConstraintViolationException: DELETE on table 'DBS' caused a violation of foreign key constraint 'TBLS_FK1' for key (4).  The statement has been rolled back.
	at org.apache.derby.impl.jdbc.SQLExceptionFactory.getSQLException(Unknown Source)
	at org.apache.derby.impl.jdbc.Util.generateCsSQLException(Unknown Source)
	at org.apache.derby.impl.jdbc.TransactionResourceImpl.wrapInSQLException(Unknown Source)
	at org.apache.derby.impl.jdbc.TransactionResourceImpl.handleException(Unknown Source)
	at org.apache.derby.impl.jdbc.EmbedConnection.handleException(Unknown Source)
	at org.apache.derby.impl.jdbc.ConnectionChild.handleException(Unknown Source)
	at org.apache.derby.impl.jdbc.EmbedStatement.executeStatement(Unknown Source)
	at org.apache.derby.impl.jdbc.EmbedPreparedStatement.executeBatchElement(Unknown Source)
	... 94 more
Caused by: ERROR 23503: DELETE on table 'DBS' caused a violation of foreign key constraint 'TBLS_FK1' for key (4).  The statement has been rolled back.
	at org.apache.derby.iapi.error.StandardException.newException(Unknown Source)
	at org.apache.derby.iapi.error.StandardException.newException(Unknown Source)
	at org.apache.derby.impl.sql.execute.ReferencedKeyRIChecker.doCheck(Unknown Source)
	at org.apache.derby.impl.sql.execute.RISetChecker.doPKCheck(Unknown Source)
	at org.apache.derby.impl.sql.execute.DeleteResultSet.collectAffectedRows(Unknown Source)
	at org.apache.derby.impl.sql.execute.DeleteResultSet.open(Unknown Source)
	at org.apache.derby.impl.sql.GenericPreparedStatement.executeStmt(Unknown Source)
	at org.apache.derby.impl.sql.GenericPreparedStatement.execute(Unknown Source)
	... 96 more

2024-04-24T11:29:50,497  INFO [main] HiveMetaStore.audit: ugi=alex	ip=unknown-ip-addr	cmd=drop_database: @hive#junit_specific_db	
2024-04-24T11:29:50,501  INFO [main] HiveMetaStore.audit: ugi=alex	ip=unknown-ip-addr	cmd=get_all_tables: db=@hive#junit_specific_db	
2024-04-24T11:29:50,502  INFO [main] HiveMetaStore.audit: ugi=alex	ip=unknown-ip-addr	cmd=get_functions: db=@hive#junit_specific_db pat=*	
2024-04-24T11:29:50,504  INFO [main] HiveMetaStore.audit: ugi=alex	ip=unknown-ip-addr	cmd=get_all_stored_procedures	
2024-04-24T11:29:50,505  INFO [main] HiveMetaStore.audit: ugi=alex	ip=unknown-ip-addr	cmd=get_all_packages	
2024-04-24T11:29:50,506  INFO [main] HiveMetaStore.audit: ugi=alex	ip=unknown-ip-addr	cmd=getTablesByTypeCore: catName=hive: db=junit_specific_db pat=.*,type=MATERIALIZED_VIEW	
2024-04-24T11:29:50,510  INFO [main] metastore.ObjectStore: Dropping database hive.junit_specific_db along with all tables
2024-04-24T11:29:50,517  INFO [main] txn.TxnHandler: Non-retryable error in cleanupRecords : Table/View 'TXN_COMPONENTS' does not exist. (SQLState=42X05, ErrorCode=20000)
2024-04-24T11:29:50,517  WARN [main] txn.TxnHandler: Cannot perform cleanup since metastore table does not exist
2024-04-24T11:29:50,518 ERROR [main] metastore.RetryingHMSHandler: HMSHandler Fatal error: javax.jdo.JDODataStoreException: Exception thrown flushing changes to datastore
	at org.datanucleus.api.jdo.NucleusJDOHelper.getJDOExceptionForNucleusException(NucleusJDOHelper.java:542)
	at org.datanucleus.api.jdo.JDOTransaction.commit(JDOTransaction.java:162)
	at org.apache.hadoop.hive.metastore.ObjectStore.commitTransaction(ObjectStore.java:615)
	at sun.reflect.GeneratedMethodAccessor31.invoke(Unknown Source)
	at sun.reflect.DelegatingMethodAccessorImpl.invoke(DelegatingMethodAccessorImpl.java:43)
	at java.lang.reflect.Method.invoke(Method.java:498)
	at org.apache.hadoop.hive.metastore.RawStoreProxy.invoke(RawStoreProxy.java:97)
	at com.sun.proxy.$Proxy32.commitTransaction(Unknown Source)
	at org.apache.hadoop.hive.metastore.HMSHandler.drop_database_core(HMSHandler.java:1790)
	at org.apache.hadoop.hive.metastore.HMSHandler.drop_database(HMSHandler.java:1869)
	at sun.reflect.GeneratedMethodAccessor54.invoke(Unknown Source)
	at sun.reflect.DelegatingMethodAccessorImpl.invoke(DelegatingMethodAccessorImpl.java:43)
	at java.lang.reflect.Method.invoke(Method.java:498)
	at org.apache.hadoop.hive.metastore.RetryingHMSHandler.invokeInternal(RetryingHMSHandler.java:147)
	at org.apache.hadoop.hive.metastore.RetryingHMSHandler.invoke(RetryingHMSHandler.java:108)
	at com.sun.proxy.$Proxy35.drop_database(Unknown Source)
	at org.apache.hadoop.hive.metastore.HiveMetaStoreClient.dropDatabaseCascadePerDb(HiveMetaStoreClient.java:1601)
	at org.apache.hadoop.hive.metastore.HiveMetaStoreClient.dropDatabase(HiveMetaStoreClient.java:1532)
	at org.apache.hadoop.hive.metastore.HiveMetaStoreClient.dropDatabase(HiveMetaStoreClient.java:1485)
	at sun.reflect.NativeMethodAccessorImpl.invoke0(Native Method)
	at sun.reflect.NativeMethodAccessorImpl.invoke(NativeMethodAccessorImpl.java:62)
	at sun.reflect.DelegatingMethodAccessorImpl.invoke(DelegatingMethodAccessorImpl.java:43)
	at java.lang.reflect.Method.invoke(Method.java:498)
	at org.apache.hadoop.hive.metastore.RetryingMetaStoreClient.invoke(RetryingMetaStoreClient.java:218)
	at com.sun.proxy.$Proxy45.dropDatabase(Unknown Source)
	at org.apache.hadoop.hive.ql.metadata.Hive.dropDatabase(Hive.java:662)
	at org.apache.hadoop.hive.ql.ddl.database.drop.DropDatabaseOperation.execute(DropDatabaseOperation.java:52)
	at org.apache.hadoop.hive.ql.ddl.DDLTask.execute(DDLTask.java:84)
	at org.apache.hadoop.hive.ql.exec.Task.executeTask(Task.java:212)
	at org.apache.hadoop.hive.ql.exec.TaskRunner.runSequential(TaskRunner.java:105)
	at org.apache.hadoop.hive.ql.Executor.launchTask(Executor.java:361)
	at org.apache.hadoop.hive.ql.Executor.launchTasks(Executor.java:334)
	at org.apache.hadoop.hive.ql.Executor.runTasks(Executor.java:245)
	at org.apache.hadoop.hive.ql.Executor.execute(Executor.java:108)
	at org.apache.hadoop.hive.ql.Driver.execute(Driver.java:348)
	at org.apache.hadoop.hive.ql.Driver.runInternal(Driver.java:204)
	at org.apache.hadoop.hive.ql.Driver.run(Driver.java:153)
	at org.apache.hadoop.hive.ql.Driver.run(Driver.java:148)
	at org.apache.hadoop.hive.ql.reexec.ReExecDriver.run(ReExecDriver.java:164)
	at org.apache.hadoop.hive.ql.reexec.ReExecDriver.run(ReExecDriver.java:230)
	at org.apache.hive.hcatalog.pig.AbstractHCatLoaderTest.executeStatementOnDriver(AbstractHCatLoaderTest.java:151)
	at org.apache.hive.hcatalog.pig.AbstractHCatLoaderTest.tearDown(AbstractHCatLoaderTest.java:239)
	at sun.reflect.NativeMethodAccessorImpl.invoke0(Native Method)
	at sun.reflect.NativeMethodAccessorImpl.invoke(NativeMethodAccessorImpl.java:62)
	at sun.reflect.DelegatingMethodAccessorImpl.invoke(DelegatingMethodAccessorImpl.java:43)
	at java.lang.reflect.Method.invoke(Method.java:498)
	at org.junit.runners.model.FrameworkMethod$1.runReflectiveCall(FrameworkMethod.java:59)
	at org.junit.internal.runners.model.ReflectiveCallable.run(ReflectiveCallable.java:12)
	at org.junit.runners.model.FrameworkMethod.invokeExplosively(FrameworkMethod.java:56)
	at org.junit.internal.runners.statements.RunAfters.invokeMethod(RunAfters.java:46)
	at org.junit.internal.runners.statements.RunAfters.evaluate(RunAfters.java:33)
	at org.junit.runners.ParentRunner$3.evaluate(ParentRunner.java:306)
	at org.junit.runners.BlockJUnit4ClassRunner$1.evaluate(BlockJUnit4ClassRunner.java:100)
	at org.junit.runners.ParentRunner.runLeaf(ParentRunner.java:366)
	at org.junit.runners.BlockJUnit4ClassRunner.runChild(BlockJUnit4ClassRunner.java:103)
	at org.junit.runners.BlockJUnit4ClassRunner.runChild(BlockJUnit4ClassRunner.java:63)
	at org.junit.runners.ParentRunner$4.run(ParentRunner.java:331)
	at org.junit.runners.ParentRunner$1.schedule(ParentRunner.java:79)
	at org.junit.runners.ParentRunner.runChildren(ParentRunner.java:329)
	at org.junit.runners.ParentRunner.access$100(ParentRunner.java:66)
	at org.junit.runners.ParentRunner$2.evaluate(ParentRunner.java:293)
	at org.junit.internal.runners.statements.RunBefores.evaluate(RunBefores.java:26)
	at org.junit.runners.ParentRunner$3.evaluate(ParentRunner.java:306)
	at org.junit.runners.ParentRunner.run(ParentRunner.java:413)
	at org.junit.runners.Suite.runChild(Suite.java:128)
	at org.junit.runners.Suite.runChild(Suite.java:27)
	at org.junit.runners.ParentRunner$4.run(ParentRunner.java:331)
	at org.junit.runners.ParentRunner$1.schedule(ParentRunner.java:79)
	at org.junit.runners.ParentRunner.runChildren(ParentRunner.java:329)
	at org.junit.runners.ParentRunner.access$100(ParentRunner.java:66)
	at org.junit.runners.ParentRunner$2.evaluate(ParentRunner.java:293)
	at org.junit.runners.ParentRunner$3.evaluate(ParentRunner.java:306)
	at org.junit.runners.ParentRunner.run(ParentRunner.java:413)
	at org.apache.maven.surefire.junitcore.JUnitCore.run(JUnitCore.java:55)
	at org.apache.maven.surefire.junitcore.JUnitCoreWrapper.createRequestAndRun(JUnitCoreWrapper.java:137)
	at org.apache.maven.surefire.junitcore.JUnitCoreWrapper.executeEager(JUnitCoreWrapper.java:107)
	at org.apache.maven.surefire.junitcore.JUnitCoreWrapper.execute(JUnitCoreWrapper.java:83)
	at org.apache.maven.surefire.junitcore.JUnitCoreWrapper.execute(JUnitCoreWrapper.java:75)
	at org.apache.maven.surefire.junitcore.JUnitCoreProvider.invoke(JUnitCoreProvider.java:158)
	at org.apache.maven.surefire.booter.ForkedBooter.runSuitesInProcess(ForkedBooter.java:377)
	at org.apache.maven.surefire.booter.ForkedBooter.execute(ForkedBooter.java:138)
	at org.apache.maven.surefire.booter.ForkedBooter.run(ForkedBooter.java:465)
	at org.apache.maven.surefire.booter.ForkedBooter.main(ForkedBooter.java:451)
NestedThrowablesStackTrace:
java.sql.BatchUpdateException: DELETE on table 'DBS' caused a violation of foreign key constraint 'TBLS_FK1' for key (4).  The statement has been rolled back.
	at org.apache.derby.impl.jdbc.EmbedStatement.executeLargeBatch(Unknown Source)
	at org.apache.derby.impl.jdbc.EmbedStatement.executeBatch(Unknown Source)
	at com.zaxxer.hikari.pool.ProxyStatement.executeBatch(ProxyStatement.java:128)
	at com.zaxxer.hikari.pool.HikariProxyPreparedStatement.executeBatch(HikariProxyPreparedStatement.java)
	at org.datanucleus.store.rdbms.ParamLoggingPreparedStatement.executeBatch(ParamLoggingPreparedStatement.java:366)
	at org.datanucleus.store.rdbms.SQLController.processConnectionStatement(SQLController.java:675)
	at org.datanucleus.store.rdbms.SQLController.processStatementsForConnection(SQLController.java:643)
	at org.datanucleus.store.rdbms.SQLController$1.transactionFlushed(SQLController.java:729)
	at org.datanucleus.store.connection.AbstractManagedConnection.transactionFlushed(AbstractManagedConnection.java:95)
	at org.datanucleus.store.connection.ConnectionManagerImpl$2.transactionFlushed(ConnectionManagerImpl.java:528)
	at org.datanucleus.TransactionImpl.flush(TransactionImpl.java:222)
	at org.datanucleus.TransactionImpl.commit(TransactionImpl.java:286)
	at org.datanucleus.api.jdo.JDOTransaction.commit(JDOTransaction.java:99)
	at org.apache.hadoop.hive.metastore.ObjectStore.commitTransaction(ObjectStore.java:615)
	at sun.reflect.GeneratedMethodAccessor31.invoke(Unknown Source)
	at sun.reflect.DelegatingMethodAccessorImpl.invoke(DelegatingMethodAccessorImpl.java:43)
	at java.lang.reflect.Method.invoke(Method.java:498)
	at org.apache.hadoop.hive.metastore.RawStoreProxy.invoke(RawStoreProxy.java:97)
	at com.sun.proxy.$Proxy32.commitTransaction(Unknown Source)
	at org.apache.hadoop.hive.metastore.HMSHandler.drop_database_core(HMSHandler.java:1790)
	at org.apache.hadoop.hive.metastore.HMSHandler.drop_database(HMSHandler.java:1869)
	at sun.reflect.GeneratedMethodAccessor54.invoke(Unknown Source)
	at sun.reflect.DelegatingMethodAccessorImpl.invoke(DelegatingMethodAccessorImpl.java:43)
	at java.lang.reflect.Method.invoke(Method.java:498)
	at org.apache.hadoop.hive.metastore.RetryingHMSHandler.invokeInternal(RetryingHMSHandler.java:147)
	at org.apache.hadoop.hive.metastore.RetryingHMSHandler.invoke(RetryingHMSHandler.java:108)
	at com.sun.proxy.$Proxy35.drop_database(Unknown Source)
	at org.apache.hadoop.hive.metastore.HiveMetaStoreClient.dropDatabaseCascadePerDb(HiveMetaStoreClient.java:1601)
	at org.apache.hadoop.hive.metastore.HiveMetaStoreClient.dropDatabase(HiveMetaStoreClient.java:1532)
	at org.apache.hadoop.hive.metastore.HiveMetaStoreClient.dropDatabase(HiveMetaStoreClient.java:1485)
	at sun.reflect.NativeMethodAccessorImpl.invoke0(Native Method)
	at sun.reflect.NativeMethodAccessorImpl.invoke(NativeMethodAccessorImpl.java:62)
	at sun.reflect.DelegatingMethodAccessorImpl.invoke(DelegatingMethodAccessorImpl.java:43)
	at java.lang.reflect.Method.invoke(Method.java:498)
	at org.apache.hadoop.hive.metastore.RetryingMetaStoreClient.invoke(RetryingMetaStoreClient.java:218)
	at com.sun.proxy.$Proxy45.dropDatabase(Unknown Source)
	at org.apache.hadoop.hive.ql.metadata.Hive.dropDatabase(Hive.java:662)
	at org.apache.hadoop.hive.ql.ddl.database.drop.DropDatabaseOperation.execute(DropDatabaseOperation.java:52)
	at org.apache.hadoop.hive.ql.ddl.DDLTask.execute(DDLTask.java:84)
	at org.apache.hadoop.hive.ql.exec.Task.executeTask(Task.java:212)
	at org.apache.hadoop.hive.ql.exec.TaskRunner.runSequential(TaskRunner.java:105)
	at org.apache.hadoop.hive.ql.Executor.launchTask(Executor.java:361)
	at org.apache.hadoop.hive.ql.Executor.launchTasks(Executor.java:334)
	at org.apache.hadoop.hive.ql.Executor.runTasks(Executor.java:245)
	at org.apache.hadoop.hive.ql.Executor.execute(Executor.java:108)
	at org.apache.hadoop.hive.ql.Driver.execute(Driver.java:348)
	at org.apache.hadoop.hive.ql.Driver.runInternal(Driver.java:204)
	at org.apache.hadoop.hive.ql.Driver.run(Driver.java:153)
	at org.apache.hadoop.hive.ql.Driver.run(Driver.java:148)
	at org.apache.hadoop.hive.ql.reexec.ReExecDriver.run(ReExecDriver.java:164)
	at org.apache.hadoop.hive.ql.reexec.ReExecDriver.run(ReExecDriver.java:230)
	at org.apache.hive.hcatalog.pig.AbstractHCatLoaderTest.executeStatementOnDriver(AbstractHCatLoaderTest.java:151)
	at org.apache.hive.hcatalog.pig.AbstractHCatLoaderTest.tearDown(AbstractHCatLoaderTest.java:239)
	at sun.reflect.NativeMethodAccessorImpl.invoke0(Native Method)
	at sun.reflect.NativeMethodAccessorImpl.invoke(NativeMethodAccessorImpl.java:62)
	at sun.reflect.DelegatingMethodAccessorImpl.invoke(DelegatingMethodAccessorImpl.java:43)
	at java.lang.reflect.Method.invoke(Method.java:498)
	at org.junit.runners.model.FrameworkMethod$1.runReflectiveCall(FrameworkMethod.java:59)
	at org.junit.internal.runners.model.ReflectiveCallable.run(ReflectiveCallable.java:12)
	at org.junit.runners.model.FrameworkMethod.invokeExplosively(FrameworkMethod.java:56)
	at org.junit.internal.runners.statements.RunAfters.invokeMethod(RunAfters.java:46)
	at org.junit.internal.runners.statements.RunAfters.evaluate(RunAfters.java:33)
	at org.junit.runners.ParentRunner$3.evaluate(ParentRunner.java:306)
	at org.junit.runners.BlockJUnit4ClassRunner$1.evaluate(BlockJUnit4ClassRunner.java:100)
	at org.junit.runners.ParentRunner.runLeaf(ParentRunner.java:366)
	at org.junit.runners.BlockJUnit4ClassRunner.runChild(BlockJUnit4ClassRunner.java:103)
	at org.junit.runners.BlockJUnit4ClassRunner.runChild(BlockJUnit4ClassRunner.java:63)
	at org.junit.runners.ParentRunner$4.run(ParentRunner.java:331)
	at org.junit.runners.ParentRunner$1.schedule(ParentRunner.java:79)
	at org.junit.runners.ParentRunner.runChildren(ParentRunner.java:329)
	at org.junit.runners.ParentRunner.access$100(ParentRunner.java:66)
	at org.junit.runners.ParentRunner$2.evaluate(ParentRunner.java:293)
	at org.junit.internal.runners.statements.RunBefores.evaluate(RunBefores.java:26)
	at org.junit.runners.ParentRunner$3.evaluate(ParentRunner.java:306)
	at org.junit.runners.ParentRunner.run(ParentRunner.java:413)
	at org.junit.runners.Suite.runChild(Suite.java:128)
	at org.junit.runners.Suite.runChild(Suite.java:27)
	at org.junit.runners.ParentRunner$4.run(ParentRunner.java:331)
	at org.junit.runners.ParentRunner$1.schedule(ParentRunner.java:79)
	at org.junit.runners.ParentRunner.runChildren(ParentRunner.java:329)
	at org.junit.runners.ParentRunner.access$100(ParentRunner.java:66)
	at org.junit.runners.ParentRunner$2.evaluate(ParentRunner.java:293)
	at org.junit.runners.ParentRunner$3.evaluate(ParentRunner.java:306)
	at org.junit.runners.ParentRunner.run(ParentRunner.java:413)
	at org.apache.maven.surefire.junitcore.JUnitCore.run(JUnitCore.java:55)
	at org.apache.maven.surefire.junitcore.JUnitCoreWrapper.createRequestAndRun(JUnitCoreWrapper.java:137)
	at org.apache.maven.surefire.junitcore.JUnitCoreWrapper.executeEager(JUnitCoreWrapper.java:107)
	at org.apache.maven.surefire.junitcore.JUnitCoreWrapper.execute(JUnitCoreWrapper.java:83)
	at org.apache.maven.surefire.junitcore.JUnitCoreWrapper.execute(JUnitCoreWrapper.java:75)
	at org.apache.maven.surefire.junitcore.JUnitCoreProvider.invoke(JUnitCoreProvider.java:158)
	at org.apache.maven.surefire.booter.ForkedBooter.runSuitesInProcess(ForkedBooter.java:377)
	at org.apache.maven.surefire.booter.ForkedBooter.execute(ForkedBooter.java:138)
	at org.apache.maven.surefire.booter.ForkedBooter.run(ForkedBooter.java:465)
	at org.apache.maven.surefire.booter.ForkedBooter.main(ForkedBooter.java:451)
Caused by: org.apache.derby.shared.common.error.DerbySQLIntegrityConstraintViolationException: DELETE on table 'DBS' caused a violation of foreign key constraint 'TBLS_FK1' for key (4).  The statement has been rolled back.
	at org.apache.derby.impl.jdbc.SQLExceptionFactory.getSQLException(Unknown Source)
	at org.apache.derby.impl.jdbc.Util.generateCsSQLException(Unknown Source)
	at org.apache.derby.impl.jdbc.TransactionResourceImpl.wrapInSQLException(Unknown Source)
	at org.apache.derby.impl.jdbc.TransactionResourceImpl.handleException(Unknown Source)
	at org.apache.derby.impl.jdbc.EmbedConnection.handleException(Unknown Source)
	at org.apache.derby.impl.jdbc.ConnectionChild.handleException(Unknown Source)
	at org.apache.derby.impl.jdbc.EmbedStatement.executeStatement(Unknown Source)
	at org.apache.derby.impl.jdbc.EmbedPreparedStatement.executeBatchElement(Unknown Source)
	... 94 more
Caused by: ERROR 23503: DELETE on table 'DBS' caused a violation of foreign key constraint 'TBLS_FK1' for key (4).  The statement has been rolled back.
	at org.apache.derby.iapi.error.StandardException.newException(Unknown Source)
	at org.apache.derby.iapi.error.StandardException.newException(Unknown Source)
	at org.apache.derby.impl.sql.execute.ReferencedKeyRIChecker.doCheck(Unknown Source)
	at org.apache.derby.impl.sql.execute.RISetChecker.doPKCheck(Unknown Source)
	at org.apache.derby.impl.sql.execute.DeleteResultSet.collectAffectedRows(Unknown Source)
	at org.apache.derby.impl.sql.execute.DeleteResultSet.open(Unknown Source)
	at org.apache.derby.impl.sql.GenericPreparedStatement.executeStmt(Unknown Source)
	at org.apache.derby.impl.sql.GenericPreparedStatement.execute(Unknown Source)
	... 96 more

2024-04-24T11:29:50,518 ERROR [main] exec.Task: Failed
org.apache.hadoop.hive.ql.metadata.HiveException: MetaException(message:javax.jdo.JDODataStoreException: Exception thrown flushing changes to datastore
NestedThrowables:
java.sql.BatchUpdateException: DELETE on table 'DBS' caused a violation of foreign key constraint 'TBLS_FK1' for key (4).  The statement has been rolled back.)
	at org.apache.hadoop.hive.ql.metadata.Hive.dropDatabase(Hive.java:666) ~[classes/:?]
	at org.apache.hadoop.hive.ql.ddl.database.drop.DropDatabaseOperation.execute(DropDatabaseOperation.java:52) ~[classes/:?]
	at org.apache.hadoop.hive.ql.ddl.DDLTask.execute(DDLTask.java:84) [classes/:?]
	at org.apache.hadoop.hive.ql.exec.Task.executeTask(Task.java:212) [classes/:?]
	at org.apache.hadoop.hive.ql.exec.TaskRunner.runSequential(TaskRunner.java:105) [classes/:?]
	at org.apache.hadoop.hive.ql.Executor.launchTask(Executor.java:361) [classes/:?]
	at org.apache.hadoop.hive.ql.Executor.launchTasks(Executor.java:334) [classes/:?]
	at org.apache.hadoop.hive.ql.Executor.runTasks(Executor.java:245) [classes/:?]
	at org.apache.hadoop.hive.ql.Executor.execute(Executor.java:108) [classes/:?]
	at org.apache.hadoop.hive.ql.Driver.execute(Driver.java:348) [classes/:?]
	at org.apache.hadoop.hive.ql.Driver.runInternal(Driver.java:204) [classes/:?]
	at org.apache.hadoop.hive.ql.Driver.run(Driver.java:153) [classes/:?]
	at org.apache.hadoop.hive.ql.Driver.run(Driver.java:148) [classes/:?]
	at org.apache.hadoop.hive.ql.reexec.ReExecDriver.run(ReExecDriver.java:164) [classes/:?]
	at org.apache.hadoop.hive.ql.reexec.ReExecDriver.run(ReExecDriver.java:230) [classes/:?]
	at org.apache.hive.hcatalog.pig.AbstractHCatLoaderTest.executeStatementOnDriver(AbstractHCatLoaderTest.java:151) [test-classes/:?]
	at org.apache.hive.hcatalog.pig.AbstractHCatLoaderTest.tearDown(AbstractHCatLoaderTest.java:239) [test-classes/:?]
	at sun.reflect.NativeMethodAccessorImpl.invoke0(Native Method) ~[?:1.8.0_402]
	at sun.reflect.NativeMethodAccessorImpl.invoke(NativeMethodAccessorImpl.java:62) ~[?:1.8.0_402]
	at sun.reflect.DelegatingMethodAccessorImpl.invoke(DelegatingMethodAccessorImpl.java:43) ~[?:1.8.0_402]
	at java.lang.reflect.Method.invoke(Method.java:498) ~[?:1.8.0_402]
	at org.junit.runners.model.FrameworkMethod$1.runReflectiveCall(FrameworkMethod.java:59) [junit-4.13.jar:4.13]
	at org.junit.internal.runners.model.ReflectiveCallable.run(ReflectiveCallable.java:12) [junit-4.13.jar:4.13]
	at org.junit.runners.model.FrameworkMethod.invokeExplosively(FrameworkMethod.java:56) [junit-4.13.jar:4.13]
	at org.junit.internal.runners.statements.RunAfters.invokeMethod(RunAfters.java:46) [junit-4.13.jar:4.13]
	at org.junit.internal.runners.statements.RunAfters.evaluate(RunAfters.java:33) [junit-4.13.jar:4.13]
	at org.junit.runners.ParentRunner$3.evaluate(ParentRunner.java:306) [junit-4.13.jar:4.13]
	at org.junit.runners.BlockJUnit4ClassRunner$1.evaluate(BlockJUnit4ClassRunner.java:100) [junit-4.13.jar:4.13]
	at org.junit.runners.ParentRunner.runLeaf(ParentRunner.java:366) [junit-4.13.jar:4.13]
	at org.junit.runners.BlockJUnit4ClassRunner.runChild(BlockJUnit4ClassRunner.java:103) [junit-4.13.jar:4.13]
	at org.junit.runners.BlockJUnit4ClassRunner.runChild(BlockJUnit4ClassRunner.java:63) [junit-4.13.jar:4.13]
	at org.junit.runners.ParentRunner$4.run(ParentRunner.java:331) [junit-4.13.jar:4.13]
	at org.junit.runners.ParentRunner$1.schedule(ParentRunner.java:79) [junit-4.13.jar:4.13]
	at org.junit.runners.ParentRunner.runChildren(ParentRunner.java:329) [junit-4.13.jar:4.13]
	at org.junit.runners.ParentRunner.access$100(ParentRunner.java:66) [junit-4.13.jar:4.13]
	at org.junit.runners.ParentRunner$2.evaluate(ParentRunner.java:293) [junit-4.13.jar:4.13]
	at org.junit.internal.runners.statements.RunBefores.evaluate(RunBefores.java:26) [junit-4.13.jar:4.13]
	at org.junit.runners.ParentRunner$3.evaluate(ParentRunner.java:306) [junit-4.13.jar:4.13]
	at org.junit.runners.ParentRunner.run(ParentRunner.java:413) [junit-4.13.jar:4.13]
	at org.junit.runners.Suite.runChild(Suite.java:128) [junit-4.13.jar:4.13]
	at org.junit.runners.Suite.runChild(Suite.java:27) [junit-4.13.jar:4.13]
	at org.junit.runners.ParentRunner$4.run(ParentRunner.java:331) [junit-4.13.jar:4.13]
	at org.junit.runners.ParentRunner$1.schedule(ParentRunner.java:79) [junit-4.13.jar:4.13]
	at org.junit.runners.ParentRunner.runChildren(ParentRunner.java:329) [junit-4.13.jar:4.13]
	at org.junit.runners.ParentRunner.access$100(ParentRunner.java:66) [junit-4.13.jar:4.13]
	at org.junit.runners.ParentRunner$2.evaluate(ParentRunner.java:293) [junit-4.13.jar:4.13]
	at org.junit.runners.ParentRunner$3.evaluate(ParentRunner.java:306) [junit-4.13.jar:4.13]
	at org.junit.runners.ParentRunner.run(ParentRunner.java:413) [junit-4.13.jar:4.13]
	at org.apache.maven.surefire.junitcore.JUnitCore.run(JUnitCore.java:55) [surefire-junit47-3.0.0-M4.jar:3.0.0-M4]
	at org.apache.maven.surefire.junitcore.JUnitCoreWrapper.createRequestAndRun(JUnitCoreWrapper.java:137) [surefire-junit47-3.0.0-M4.jar:3.0.0-M4]
	at org.apache.maven.surefire.junitcore.JUnitCoreWrapper.executeEager(JUnitCoreWrapper.java:107) [surefire-junit47-3.0.0-M4.jar:3.0.0-M4]
	at org.apache.maven.surefire.junitcore.JUnitCoreWrapper.execute(JUnitCoreWrapper.java:83) [surefire-junit47-3.0.0-M4.jar:3.0.0-M4]
	at org.apache.maven.surefire.junitcore.JUnitCoreWrapper.execute(JUnitCoreWrapper.java:75) [surefire-junit47-3.0.0-M4.jar:3.0.0-M4]
	at org.apache.maven.surefire.junitcore.JUnitCoreProvider.invoke(JUnitCoreProvider.java:158) [surefire-junit47-3.0.0-M4.jar:3.0.0-M4]
	at org.apache.maven.surefire.booter.ForkedBooter.runSuitesInProcess(ForkedBooter.java:377) [surefire-booter-3.0.0-M4.jar:3.0.0-M4]
	at org.apache.maven.surefire.booter.ForkedBooter.execute(ForkedBooter.java:138) [surefire-booter-3.0.0-M4.jar:3.0.0-M4]
	at org.apache.maven.surefire.booter.ForkedBooter.run(ForkedBooter.java:465) [surefire-booter-3.0.0-M4.jar:3.0.0-M4]
	at org.apache.maven.surefire.booter.ForkedBooter.main(ForkedBooter.java:451) [surefire-booter-3.0.0-M4.jar:3.0.0-M4]
Caused by: org.apache.hadoop.hive.metastore.api.MetaException: javax.jdo.JDODataStoreException: Exception thrown flushing changes to datastore
NestedThrowables:
java.sql.BatchUpdateException: DELETE on table 'DBS' caused a violation of foreign key constraint 'TBLS_FK1' for key (4).  The statement has been rolled back.
	at org.apache.hadoop.hive.metastore.RetryingHMSHandler.invokeInternal(RetryingHMSHandler.java:209) ~[classes/:?]
	at org.apache.hadoop.hive.metastore.RetryingHMSHandler.invoke(RetryingHMSHandler.java:108) ~[classes/:?]
	at com.sun.proxy.$Proxy35.drop_database(Unknown Source) ~[?:?]
	at org.apache.hadoop.hive.metastore.HiveMetaStoreClient.dropDatabaseCascadePerDb(HiveMetaStoreClient.java:1601) ~[classes/:?]
	at org.apache.hadoop.hive.metastore.HiveMetaStoreClient.dropDatabase(HiveMetaStoreClient.java:1532) ~[classes/:?]
	at org.apache.hadoop.hive.metastore.HiveMetaStoreClient.dropDatabase(HiveMetaStoreClient.java:1485) ~[classes/:?]
	at sun.reflect.NativeMethodAccessorImpl.invoke0(Native Method) ~[?:1.8.0_402]
	at sun.reflect.NativeMethodAccessorImpl.invoke(NativeMethodAccessorImpl.java:62) ~[?:1.8.0_402]
	at sun.reflect.DelegatingMethodAccessorImpl.invoke(DelegatingMethodAccessorImpl.java:43) ~[?:1.8.0_402]
	at java.lang.reflect.Method.invoke(Method.java:498) ~[?:1.8.0_402]
	at org.apache.hadoop.hive.metastore.RetryingMetaStoreClient.invoke(RetryingMetaStoreClient.java:218) ~[classes/:?]
	at com.sun.proxy.$Proxy45.dropDatabase(Unknown Source) ~[?:?]
	at org.apache.hadoop.hive.ql.metadata.Hive.dropDatabase(Hive.java:662) ~[classes/:?]
	... 57 more
Caused by: javax.jdo.JDODataStoreException: Exception thrown flushing changes to datastore
	at org.datanucleus.api.jdo.NucleusJDOHelper.getJDOExceptionForNucleusException(NucleusJDOHelper.java:542) ~[datanucleus-api-jdo-5.2.4.jar:?]
	at org.datanucleus.api.jdo.JDOTransaction.commit(JDOTransaction.java:162) ~[datanucleus-api-jdo-5.2.4.jar:?]
	at org.apache.hadoop.hive.metastore.ObjectStore.commitTransaction(ObjectStore.java:615) ~[classes/:?]
	at sun.reflect.GeneratedMethodAccessor31.invoke(Unknown Source) ~[?:?]
	at sun.reflect.DelegatingMethodAccessorImpl.invoke(DelegatingMethodAccessorImpl.java:43) ~[?:1.8.0_402]
	at java.lang.reflect.Method.invoke(Method.java:498) ~[?:1.8.0_402]
	at org.apache.hadoop.hive.metastore.RawStoreProxy.invoke(RawStoreProxy.java:97) ~[classes/:?]
	at com.sun.proxy.$Proxy32.commitTransaction(Unknown Source) ~[?:?]
	at org.apache.hadoop.hive.metastore.HMSHandler.drop_database_core(HMSHandler.java:1790) ~[classes/:?]
	at org.apache.hadoop.hive.metastore.HMSHandler.drop_database(HMSHandler.java:1869) ~[classes/:?]
	at sun.reflect.GeneratedMethodAccessor54.invoke(Unknown Source) ~[?:?]
	at sun.reflect.DelegatingMethodAccessorImpl.invoke(DelegatingMethodAccessorImpl.java:43) ~[?:1.8.0_402]
	at java.lang.reflect.Method.invoke(Method.java:498) ~[?:1.8.0_402]
	at org.apache.hadoop.hive.metastore.RetryingHMSHandler.invokeInternal(RetryingHMSHandler.java:147) ~[classes/:?]
	at org.apache.hadoop.hive.metastore.RetryingHMSHandler.invoke(RetryingHMSHandler.java:108) ~[classes/:?]
	at com.sun.proxy.$Proxy35.drop_database(Unknown Source) ~[?:?]
	at org.apache.hadoop.hive.metastore.HiveMetaStoreClient.dropDatabaseCascadePerDb(HiveMetaStoreClient.java:1601) ~[classes/:?]
	at org.apache.hadoop.hive.metastore.HiveMetaStoreClient.dropDatabase(HiveMetaStoreClient.java:1532) ~[classes/:?]
	at org.apache.hadoop.hive.metastore.HiveMetaStoreClient.dropDatabase(HiveMetaStoreClient.java:1485) ~[classes/:?]
	at sun.reflect.NativeMethodAccessorImpl.invoke0(Native Method) ~[?:1.8.0_402]
	at sun.reflect.NativeMethodAccessorImpl.invoke(NativeMethodAccessorImpl.java:62) ~[?:1.8.0_402]
	at sun.reflect.DelegatingMethodAccessorImpl.invoke(DelegatingMethodAccessorImpl.java:43) ~[?:1.8.0_402]
	at java.lang.reflect.Method.invoke(Method.java:498) ~[?:1.8.0_402]
	at org.apache.hadoop.hive.metastore.RetryingMetaStoreClient.invoke(RetryingMetaStoreClient.java:218) ~[classes/:?]
	at com.sun.proxy.$Proxy45.dropDatabase(Unknown Source) ~[?:?]
	at org.apache.hadoop.hive.ql.metadata.Hive.dropDatabase(Hive.java:662) ~[classes/:?]
	... 57 more
Caused by: java.sql.BatchUpdateException: DELETE on table 'DBS' caused a violation of foreign key constraint 'TBLS_FK1' for key (4).  The statement has been rolled back.
	at org.apache.derby.impl.jdbc.EmbedStatement.executeLargeBatch(Unknown Source) ~[derby-10.14.1.0.jar:?]
	at org.apache.derby.impl.jdbc.EmbedStatement.executeBatch(Unknown Source) ~[derby-10.14.1.0.jar:?]
	at com.zaxxer.hikari.pool.ProxyStatement.executeBatch(ProxyStatement.java:128) ~[HikariCP-java7-2.4.12.jar:?]
	at com.zaxxer.hikari.pool.HikariProxyPreparedStatement.executeBatch(HikariProxyPreparedStatement.java) ~[HikariCP-java7-2.4.12.jar:?]
	at org.datanucleus.store.rdbms.ParamLoggingPreparedStatement.executeBatch(ParamLoggingPreparedStatement.java:366) ~[datanucleus-rdbms-5.2.4.jar:?]
	at org.datanucleus.store.rdbms.SQLController.processConnectionStatement(SQLController.java:675) ~[datanucleus-rdbms-5.2.4.jar:?]
	at org.datanucleus.store.rdbms.SQLController.processStatementsForConnection(SQLController.java:643) ~[datanucleus-rdbms-5.2.4.jar:?]
	at org.datanucleus.store.rdbms.SQLController$1.transactionFlushed(SQLController.java:729) ~[datanucleus-rdbms-5.2.4.jar:?]
	at org.datanucleus.store.connection.AbstractManagedConnection.transactionFlushed(AbstractManagedConnection.java:95) ~[datanucleus-core-5.2.4.jar:?]
	at org.datanucleus.store.connection.ConnectionManagerImpl$2.transactionFlushed(ConnectionManagerImpl.java:528) ~[datanucleus-core-5.2.4.jar:?]
	at org.datanucleus.TransactionImpl.flush(TransactionImpl.java:222) ~[datanucleus-core-5.2.4.jar:?]
	at org.datanucleus.TransactionImpl.commit(TransactionImpl.java:286) ~[datanucleus-core-5.2.4.jar:?]
	at org.datanucleus.api.jdo.JDOTransaction.commit(JDOTransaction.java:99) ~[datanucleus-api-jdo-5.2.4.jar:?]
	at org.apache.hadoop.hive.metastore.ObjectStore.commitTransaction(ObjectStore.java:615) ~[classes/:?]
	at sun.reflect.GeneratedMethodAccessor31.invoke(Unknown Source) ~[?:?]
	at sun.reflect.DelegatingMethodAccessorImpl.invoke(DelegatingMethodAccessorImpl.java:43) ~[?:1.8.0_402]
	at java.lang.reflect.Method.invoke(Method.java:498) ~[?:1.8.0_402]
	at org.apache.hadoop.hive.metastore.RawStoreProxy.invoke(RawStoreProxy.java:97) ~[classes/:?]
	at com.sun.proxy.$Proxy32.commitTransaction(Unknown Source) ~[?:?]
	at org.apache.hadoop.hive.metastore.HMSHandler.drop_database_core(HMSHandler.java:1790) ~[classes/:?]
	at org.apache.hadoop.hive.metastore.HMSHandler.drop_database(HMSHandler.java:1869) ~[classes/:?]
	at sun.reflect.GeneratedMethodAccessor54.invoke(Unknown Source) ~[?:?]
	at sun.reflect.DelegatingMethodAccessorImpl.invoke(DelegatingMethodAccessorImpl.java:43) ~[?:1.8.0_402]
	at java.lang.reflect.Method.invoke(Method.java:498) ~[?:1.8.0_402]
	at org.apache.hadoop.hive.metastore.RetryingHMSHandler.invokeInternal(RetryingHMSHandler.java:147) ~[classes/:?]
	at org.apache.hadoop.hive.metastore.RetryingHMSHandler.invoke(RetryingHMSHandler.java:108) ~[classes/:?]
	at com.sun.proxy.$Proxy35.drop_database(Unknown Source) ~[?:?]
	at org.apache.hadoop.hive.metastore.HiveMetaStoreClient.dropDatabaseCascadePerDb(HiveMetaStoreClient.java:1601) ~[classes/:?]
	at org.apache.hadoop.hive.metastore.HiveMetaStoreClient.dropDatabase(HiveMetaStoreClient.java:1532) ~[classes/:?]
	at org.apache.hadoop.hive.metastore.HiveMetaStoreClient.dropDatabase(HiveMetaStoreClient.java:1485) ~[classes/:?]
	at sun.reflect.NativeMethodAccessorImpl.invoke0(Native Method) ~[?:1.8.0_402]
	at sun.reflect.NativeMethodAccessorImpl.invoke(NativeMethodAccessorImpl.java:62) ~[?:1.8.0_402]
	at sun.reflect.DelegatingMethodAccessorImpl.invoke(DelegatingMethodAccessorImpl.java:43) ~[?:1.8.0_402]
	at java.lang.reflect.Method.invoke(Method.java:498) ~[?:1.8.0_402]
	at org.apache.hadoop.hive.metastore.RetryingMetaStoreClient.invoke(RetryingMetaStoreClient.java:218) ~[classes/:?]
	at com.sun.proxy.$Proxy45.dropDatabase(Unknown Source) ~[?:?]
	at org.apache.hadoop.hive.ql.metadata.Hive.dropDatabase(Hive.java:662) ~[classes/:?]
	... 57 more
Caused by: org.apache.derby.shared.common.error.DerbySQLIntegrityConstraintViolationException: DELETE on table 'DBS' caused a violation of foreign key constraint 'TBLS_FK1' for key (4).  The statement has been rolled back.
	at org.apache.derby.impl.jdbc.SQLExceptionFactory.getSQLException(Unknown Source) ~[derby-10.14.1.0.jar:?]
	at org.apache.derby.impl.jdbc.Util.generateCsSQLException(Unknown Source) ~[derby-10.14.1.0.jar:?]
	at org.apache.derby.impl.jdbc.TransactionResourceImpl.wrapInSQLException(Unknown Source) ~[derby-10.14.1.0.jar:?]
	at org.apache.derby.impl.jdbc.TransactionResourceImpl.handleException(Unknown Source) ~[derby-10.14.1.0.jar:?]
	at org.apache.derby.impl.jdbc.EmbedConnection.handleException(Unknown Source) ~[derby-10.14.1.0.jar:?]
	at org.apache.derby.impl.jdbc.ConnectionChild.handleException(Unknown Source) ~[derby-10.14.1.0.jar:?]
	at org.apache.derby.impl.jdbc.EmbedStatement.executeStatement(Unknown Source) ~[derby-10.14.1.0.jar:?]
	at org.apache.derby.impl.jdbc.EmbedPreparedStatement.executeBatchElement(Unknown Source) ~[derby-10.14.1.0.jar:?]
	at org.apache.derby.impl.jdbc.EmbedStatement.executeLargeBatch(Unknown Source) ~[derby-10.14.1.0.jar:?]
	at org.apache.derby.impl.jdbc.EmbedStatement.executeBatch(Unknown Source) ~[derby-10.14.1.0.jar:?]
	at com.zaxxer.hikari.pool.ProxyStatement.executeBatch(ProxyStatement.java:128) ~[HikariCP-java7-2.4.12.jar:?]
	at com.zaxxer.hikari.pool.HikariProxyPreparedStatement.executeBatch(HikariProxyPreparedStatement.java) ~[HikariCP-java7-2.4.12.jar:?]
	at org.datanucleus.store.rdbms.ParamLoggingPreparedStatement.executeBatch(ParamLoggingPreparedStatement.java:366) ~[datanucleus-rdbms-5.2.4.jar:?]
	at org.datanucleus.store.rdbms.SQLController.processConnectionStatement(SQLController.java:675) ~[datanucleus-rdbms-5.2.4.jar:?]
	at org.datanucleus.store.rdbms.SQLController.processStatementsForConnection(SQLController.java:643) ~[datanucleus-rdbms-5.2.4.jar:?]
	at org.datanucleus.store.rdbms.SQLController$1.transactionFlushed(SQLController.java:729) ~[datanucleus-rdbms-5.2.4.jar:?]
	at org.datanucleus.store.connection.AbstractManagedConnection.transactionFlushed(AbstractManagedConnection.java:95) ~[datanucleus-core-5.2.4.jar:?]
	at org.datanucleus.store.connection.ConnectionManagerImpl$2.transactionFlushed(ConnectionManagerImpl.java:528) ~[datanucleus-core-5.2.4.jar:?]
	at org.datanucleus.TransactionImpl.flush(TransactionImpl.java:222) ~[datanucleus-core-5.2.4.jar:?]
	at org.datanucleus.TransactionImpl.commit(TransactionImpl.java:286) ~[datanucleus-core-5.2.4.jar:?]
	at org.datanucleus.api.jdo.JDOTransaction.commit(JDOTransaction.java:99) ~[datanucleus-api-jdo-5.2.4.jar:?]
	at org.apache.hadoop.hive.metastore.ObjectStore.commitTransaction(ObjectStore.java:615) ~[classes/:?]
	at sun.reflect.GeneratedMethodAccessor31.invoke(Unknown Source) ~[?:?]
	at sun.reflect.DelegatingMethodAccessorImpl.invoke(DelegatingMethodAccessorImpl.java:43) ~[?:1.8.0_402]
	at java.lang.reflect.Method.invoke(Method.java:498) ~[?:1.8.0_402]
	at org.apache.hadoop.hive.metastore.RawStoreProxy.invoke(RawStoreProxy.java:97) ~[classes/:?]
	at com.sun.proxy.$Proxy32.commitTransaction(Unknown Source) ~[?:?]
	at org.apache.hadoop.hive.metastore.HMSHandler.drop_database_core(HMSHandler.java:1790) ~[classes/:?]
	at org.apache.hadoop.hive.metastore.HMSHandler.drop_database(HMSHandler.java:1869) ~[classes/:?]
	at sun.reflect.GeneratedMethodAccessor54.invoke(Unknown Source) ~[?:?]
	at sun.reflect.DelegatingMethodAccessorImpl.invoke(DelegatingMethodAccessorImpl.java:43) ~[?:1.8.0_402]
	at java.lang.reflect.Method.invoke(Method.java:498) ~[?:1.8.0_402]
	at org.apache.hadoop.hive.metastore.RetryingHMSHandler.invokeInternal(RetryingHMSHandler.java:147) ~[classes/:?]
	at org.apache.hadoop.hive.metastore.RetryingHMSHandler.invoke(RetryingHMSHandler.java:108) ~[classes/:?]
	at com.sun.proxy.$Proxy35.drop_database(Unknown Source) ~[?:?]
	at org.apache.hadoop.hive.metastore.HiveMetaStoreClient.dropDatabaseCascadePerDb(HiveMetaStoreClient.java:1601) ~[classes/:?]
	at org.apache.hadoop.hive.metastore.HiveMetaStoreClient.dropDatabase(HiveMetaStoreClient.java:1532) ~[classes/:?]
	at org.apache.hadoop.hive.metastore.HiveMetaStoreClient.dropDatabase(HiveMetaStoreClient.java:1485) ~[classes/:?]
	at sun.reflect.NativeMethodAccessorImpl.invoke0(Native Method) ~[?:1.8.0_402]
	at sun.reflect.NativeMethodAccessorImpl.invoke(NativeMethodAccessorImpl.java:62) ~[?:1.8.0_402]
	at sun.reflect.DelegatingMethodAccessorImpl.invoke(DelegatingMethodAccessorImpl.java:43) ~[?:1.8.0_402]
	at java.lang.reflect.Method.invoke(Method.java:498) ~[?:1.8.0_402]
	at org.apache.hadoop.hive.metastore.RetryingMetaStoreClient.invoke(RetryingMetaStoreClient.java:218) ~[classes/:?]
	at com.sun.proxy.$Proxy45.dropDatabase(Unknown Source) ~[?:?]
	at org.apache.hadoop.hive.ql.metadata.Hive.dropDatabase(Hive.java:662) ~[classes/:?]
	... 57 more
Caused by: org.apache.derby.iapi.error.StandardException: DELETE on table 'DBS' caused a violation of foreign key constraint 'TBLS_FK1' for key (4).  The statement has been rolled back.
	at org.apache.derby.iapi.error.StandardException.newException(Unknown Source) ~[derby-10.14.1.0.jar:?]
	at org.apache.derby.iapi.error.StandardException.newException(Unknown Source) ~[derby-10.14.1.0.jar:?]
	at org.apache.derby.impl.sql.execute.ReferencedKeyRIChecker.doCheck(Unknown Source) ~[derby-10.14.1.0.jar:?]
	at org.apache.derby.impl.sql.execute.RISetChecker.doPKCheck(Unknown Source) ~[derby-10.14.1.0.jar:?]
	at org.apache.derby.impl.sql.execute.DeleteResultSet.collectAffectedRows(Unknown Source) ~[derby-10.14.1.0.jar:?]
	at org.apache.derby.impl.sql.execute.DeleteResultSet.open(Unknown Source) ~[derby-10.14.1.0.jar:?]
	at org.apache.derby.impl.sql.GenericPreparedStatement.executeStmt(Unknown Source) ~[derby-10.14.1.0.jar:?]
	at org.apache.derby.impl.sql.GenericPreparedStatement.execute(Unknown Source) ~[derby-10.14.1.0.jar:?]
	at org.apache.derby.impl.jdbc.EmbedStatement.executeStatement(Unknown Source) ~[derby-10.14.1.0.jar:?]
	at org.apache.derby.impl.jdbc.EmbedPreparedStatement.executeBatchElement(Unknown Source) ~[derby-10.14.1.0.jar:?]
	at org.apache.derby.impl.jdbc.EmbedStatement.executeLargeBatch(Unknown Source) ~[derby-10.14.1.0.jar:?]
	at org.apache.derby.impl.jdbc.EmbedStatement.executeBatch(Unknown Source) ~[derby-10.14.1.0.jar:?]
	at com.zaxxer.hikari.pool.ProxyStatement.executeBatch(ProxyStatement.java:128) ~[HikariCP-java7-2.4.12.jar:?]
	at com.zaxxer.hikari.pool.HikariProxyPreparedStatement.executeBatch(HikariProxyPreparedStatement.java) ~[HikariCP-java7-2.4.12.jar:?]
	at org.datanucleus.store.rdbms.ParamLoggingPreparedStatement.executeBatch(ParamLoggingPreparedStatement.java:366) ~[datanucleus-rdbms-5.2.4.jar:?]
	at org.datanucleus.store.rdbms.SQLController.processConnectionStatement(SQLController.java:675) ~[datanucleus-rdbms-5.2.4.jar:?]
	at org.datanucleus.store.rdbms.SQLController.processStatementsForConnection(SQLController.java:643) ~[datanucleus-rdbms-5.2.4.jar:?]
	at org.datanucleus.store.rdbms.SQLController$1.transactionFlushed(SQLController.java:729) ~[datanucleus-rdbms-5.2.4.jar:?]
	at org.datanucleus.store.connection.AbstractManagedConnection.transactionFlushed(AbstractManagedConnection.java:95) ~[datanucleus-core-5.2.4.jar:?]
	at org.datanucleus.store.connection.ConnectionManagerImpl$2.transactionFlushed(ConnectionManagerImpl.java:528) ~[datanucleus-core-5.2.4.jar:?]
	at org.datanucleus.TransactionImpl.flush(TransactionImpl.java:222) ~[datanucleus-core-5.2.4.jar:?]
	at org.datanucleus.TransactionImpl.commit(TransactionImpl.java:286) ~[datanucleus-core-5.2.4.jar:?]
	at org.datanucleus.api.jdo.JDOTransaction.commit(JDOTransaction.java:99) ~[datanucleus-api-jdo-5.2.4.jar:?]
	at org.apache.hadoop.hive.metastore.ObjectStore.commitTransaction(ObjectStore.java:615) ~[classes/:?]
	at sun.reflect.GeneratedMethodAccessor31.invoke(Unknown Source) ~[?:?]
	at sun.reflect.DelegatingMethodAccessorImpl.invoke(DelegatingMethodAccessorImpl.java:43) ~[?:1.8.0_402]
	at java.lang.reflect.Method.invoke(Method.java:498) ~[?:1.8.0_402]
	at org.apache.hadoop.hive.metastore.RawStoreProxy.invoke(RawStoreProxy.java:97) ~[classes/:?]
	at com.sun.proxy.$Proxy32.commitTransaction(Unknown Source) ~[?:?]
	at org.apache.hadoop.hive.metastore.HMSHandler.drop_database_core(HMSHandler.java:1790) ~[classes/:?]
	at org.apache.hadoop.hive.metastore.HMSHandler.drop_database(HMSHandler.java:1869) ~[classes/:?]
	at sun.reflect.GeneratedMethodAccessor54.invoke(Unknown Source) ~[?:?]
	at sun.reflect.DelegatingMethodAccessorImpl.invoke(DelegatingMethodAccessorImpl.java:43) ~[?:1.8.0_402]
	at java.lang.reflect.Method.invoke(Method.java:498) ~[?:1.8.0_402]
	at org.apache.hadoop.hive.metastore.RetryingHMSHandler.invokeInternal(RetryingHMSHandler.java:147) ~[classes/:?]
	at org.apache.hadoop.hive.metastore.RetryingHMSHandler.invoke(RetryingHMSHandler.java:108) ~[classes/:?]
	at com.sun.proxy.$Proxy35.drop_database(Unknown Source) ~[?:?]
	at org.apache.hadoop.hive.metastore.HiveMetaStoreClient.dropDatabaseCascadePerDb(HiveMetaStoreClient.java:1601) ~[classes/:?]
	at org.apache.hadoop.hive.metastore.HiveMetaStoreClient.dropDatabase(HiveMetaStoreClient.java:1532) ~[classes/:?]
	at org.apache.hadoop.hive.metastore.HiveMetaStoreClient.dropDatabase(HiveMetaStoreClient.java:1485) ~[classes/:?]
	at sun.reflect.NativeMethodAccessorImpl.invoke0(Native Method) ~[?:1.8.0_402]
	at sun.reflect.NativeMethodAccessorImpl.invoke(NativeMethodAccessorImpl.java:62) ~[?:1.8.0_402]
	at sun.reflect.DelegatingMethodAccessorImpl.invoke(DelegatingMethodAccessorImpl.java:43) ~[?:1.8.0_402]
	at java.lang.reflect.Method.invoke(Method.java:498) ~[?:1.8.0_402]
	at org.apache.hadoop.hive.metastore.RetryingMetaStoreClient.invoke(RetryingMetaStoreClient.java:218) ~[classes/:?]
	at com.sun.proxy.$Proxy45.dropDatabase(Unknown Source) ~[?:?]
	at org.apache.hadoop.hive.ql.metadata.Hive.dropDatabase(Hive.java:662) ~[classes/:?]
	... 57 more
2024-04-24T11:29:50,521 ERROR [main] exec.Task: DDLTask failed, DDL Operation: class org.apache.hadoop.hive.ql.ddl.database.drop.DropDatabaseOperation
org.apache.hadoop.hive.ql.metadata.HiveException: MetaException(message:javax.jdo.JDODataStoreException: Exception thrown flushing changes to datastore
NestedThrowables:
java.sql.BatchUpdateException: DELETE on table 'DBS' caused a violation of foreign key constraint 'TBLS_FK1' for key (4).  The statement has been rolled back.)
	at org.apache.hadoop.hive.ql.metadata.Hive.dropDatabase(Hive.java:666) ~[classes/:?]
	at org.apache.hadoop.hive.ql.ddl.database.drop.DropDatabaseOperation.execute(DropDatabaseOperation.java:52) ~[classes/:?]
	at org.apache.hadoop.hive.ql.ddl.DDLTask.execute(DDLTask.java:84) [classes/:?]
	at org.apache.hadoop.hive.ql.exec.Task.executeTask(Task.java:212) [classes/:?]
	at org.apache.hadoop.hive.ql.exec.TaskRunner.runSequential(TaskRunner.java:105) [classes/:?]
	at org.apache.hadoop.hive.ql.Executor.launchTask(Executor.java:361) [classes/:?]
	at org.apache.hadoop.hive.ql.Executor.launchTasks(Executor.java:334) [classes/:?]
	at org.apache.hadoop.hive.ql.Executor.runTasks(Executor.java:245) [classes/:?]
	at org.apache.hadoop.hive.ql.Executor.execute(Executor.java:108) [classes/:?]
	at org.apache.hadoop.hive.ql.Driver.execute(Driver.java:348) [classes/:?]
	at org.apache.hadoop.hive.ql.Driver.runInternal(Driver.java:204) [classes/:?]
	at org.apache.hadoop.hive.ql.Driver.run(Driver.java:153) [classes/:?]
	at org.apache.hadoop.hive.ql.Driver.run(Driver.java:148) [classes/:?]
	at org.apache.hadoop.hive.ql.reexec.ReExecDriver.run(ReExecDriver.java:164) [classes/:?]
	at org.apache.hadoop.hive.ql.reexec.ReExecDriver.run(ReExecDriver.java:230) [classes/:?]
	at org.apache.hive.hcatalog.pig.AbstractHCatLoaderTest.executeStatementOnDriver(AbstractHCatLoaderTest.java:151) [test-classes/:?]
	at org.apache.hive.hcatalog.pig.AbstractHCatLoaderTest.tearDown(AbstractHCatLoaderTest.java:239) [test-classes/:?]
	at sun.reflect.NativeMethodAccessorImpl.invoke0(Native Method) ~[?:1.8.0_402]
	at sun.reflect.NativeMethodAccessorImpl.invoke(NativeMethodAccessorImpl.java:62) ~[?:1.8.0_402]
	at sun.reflect.DelegatingMethodAccessorImpl.invoke(DelegatingMethodAccessorImpl.java:43) ~[?:1.8.0_402]
	at java.lang.reflect.Method.invoke(Method.java:498) ~[?:1.8.0_402]
	at org.junit.runners.model.FrameworkMethod$1.runReflectiveCall(FrameworkMethod.java:59) [junit-4.13.jar:4.13]
	at org.junit.internal.runners.model.ReflectiveCallable.run(ReflectiveCallable.java:12) [junit-4.13.jar:4.13]
	at org.junit.runners.model.FrameworkMethod.invokeExplosively(FrameworkMethod.java:56) [junit-4.13.jar:4.13]
	at org.junit.internal.runners.statements.RunAfters.invokeMethod(RunAfters.java:46) [junit-4.13.jar:4.13]
	at org.junit.internal.runners.statements.RunAfters.evaluate(RunAfters.java:33) [junit-4.13.jar:4.13]
	at org.junit.runners.ParentRunner$3.evaluate(ParentRunner.java:306) [junit-4.13.jar:4.13]
	at org.junit.runners.BlockJUnit4ClassRunner$1.evaluate(BlockJUnit4ClassRunner.java:100) [junit-4.13.jar:4.13]
	at org.junit.runners.ParentRunner.runLeaf(ParentRunner.java:366) [junit-4.13.jar:4.13]
	at org.junit.runners.BlockJUnit4ClassRunner.runChild(BlockJUnit4ClassRunner.java:103) [junit-4.13.jar:4.13]
	at org.junit.runners.BlockJUnit4ClassRunner.runChild(BlockJUnit4ClassRunner.java:63) [junit-4.13.jar:4.13]
	at org.junit.runners.ParentRunner$4.run(ParentRunner.java:331) [junit-4.13.jar:4.13]
	at org.junit.runners.ParentRunner$1.schedule(ParentRunner.java:79) [junit-4.13.jar:4.13]
	at org.junit.runners.ParentRunner.runChildren(ParentRunner.java:329) [junit-4.13.jar:4.13]
	at org.junit.runners.ParentRunner.access$100(ParentRunner.java:66) [junit-4.13.jar:4.13]
	at org.junit.runners.ParentRunner$2.evaluate(ParentRunner.java:293) [junit-4.13.jar:4.13]
	at org.junit.internal.runners.statements.RunBefores.evaluate(RunBefores.java:26) [junit-4.13.jar:4.13]
	at org.junit.runners.ParentRunner$3.evaluate(ParentRunner.java:306) [junit-4.13.jar:4.13]
	at org.junit.runners.ParentRunner.run(ParentRunner.java:413) [junit-4.13.jar:4.13]
	at org.junit.runners.Suite.runChild(Suite.java:128) [junit-4.13.jar:4.13]
	at org.junit.runners.Suite.runChild(Suite.java:27) [junit-4.13.jar:4.13]
	at org.junit.runners.ParentRunner$4.run(ParentRunner.java:331) [junit-4.13.jar:4.13]
	at org.junit.runners.ParentRunner$1.schedule(ParentRunner.java:79) [junit-4.13.jar:4.13]
	at org.junit.runners.ParentRunner.runChildren(ParentRunner.java:329) [junit-4.13.jar:4.13]
	at org.junit.runners.ParentRunner.access$100(ParentRunner.java:66) [junit-4.13.jar:4.13]
	at org.junit.runners.ParentRunner$2.evaluate(ParentRunner.java:293) [junit-4.13.jar:4.13]
	at org.junit.runners.ParentRunner$3.evaluate(ParentRunner.java:306) [junit-4.13.jar:4.13]
	at org.junit.runners.ParentRunner.run(ParentRunner.java:413) [junit-4.13.jar:4.13]
	at org.apache.maven.surefire.junitcore.JUnitCore.run(JUnitCore.java:55) [surefire-junit47-3.0.0-M4.jar:3.0.0-M4]
	at org.apache.maven.surefire.junitcore.JUnitCoreWrapper.createRequestAndRun(JUnitCoreWrapper.java:137) [surefire-junit47-3.0.0-M4.jar:3.0.0-M4]
	at org.apache.maven.surefire.junitcore.JUnitCoreWrapper.executeEager(JUnitCoreWrapper.java:107) [surefire-junit47-3.0.0-M4.jar:3.0.0-M4]
	at org.apache.maven.surefire.junitcore.JUnitCoreWrapper.execute(JUnitCoreWrapper.java:83) [surefire-junit47-3.0.0-M4.jar:3.0.0-M4]
	at org.apache.maven.surefire.junitcore.JUnitCoreWrapper.execute(JUnitCoreWrapper.java:75) [surefire-junit47-3.0.0-M4.jar:3.0.0-M4]
	at org.apache.maven.surefire.junitcore.JUnitCoreProvider.invoke(JUnitCoreProvider.java:158) [surefire-junit47-3.0.0-M4.jar:3.0.0-M4]
	at org.apache.maven.surefire.booter.ForkedBooter.runSuitesInProcess(ForkedBooter.java:377) [surefire-booter-3.0.0-M4.jar:3.0.0-M4]
	at org.apache.maven.surefire.booter.ForkedBooter.execute(ForkedBooter.java:138) [surefire-booter-3.0.0-M4.jar:3.0.0-M4]
	at org.apache.maven.surefire.booter.ForkedBooter.run(ForkedBooter.java:465) [surefire-booter-3.0.0-M4.jar:3.0.0-M4]
	at org.apache.maven.surefire.booter.ForkedBooter.main(ForkedBooter.java:451) [surefire-booter-3.0.0-M4.jar:3.0.0-M4]
Caused by: org.apache.hadoop.hive.metastore.api.MetaException: javax.jdo.JDODataStoreException: Exception thrown flushing changes to datastore
NestedThrowables:
java.sql.BatchUpdateException: DELETE on table 'DBS' caused a violation of foreign key constraint 'TBLS_FK1' for key (4).  The statement has been rolled back.
	at org.apache.hadoop.hive.metastore.RetryingHMSHandler.invokeInternal(RetryingHMSHandler.java:209) ~[classes/:?]
	at org.apache.hadoop.hive.metastore.RetryingHMSHandler.invoke(RetryingHMSHandler.java:108) ~[classes/:?]
	at com.sun.proxy.$Proxy35.drop_database(Unknown Source) ~[?:?]
	at org.apache.hadoop.hive.metastore.HiveMetaStoreClient.dropDatabaseCascadePerDb(HiveMetaStoreClient.java:1601) ~[classes/:?]
	at org.apache.hadoop.hive.metastore.HiveMetaStoreClient.dropDatabase(HiveMetaStoreClient.java:1532) ~[classes/:?]
	at org.apache.hadoop.hive.metastore.HiveMetaStoreClient.dropDatabase(HiveMetaStoreClient.java:1485) ~[classes/:?]
	at sun.reflect.NativeMethodAccessorImpl.invoke0(Native Method) ~[?:1.8.0_402]
	at sun.reflect.NativeMethodAccessorImpl.invoke(NativeMethodAccessorImpl.java:62) ~[?:1.8.0_402]
	at sun.reflect.DelegatingMethodAccessorImpl.invoke(DelegatingMethodAccessorImpl.java:43) ~[?:1.8.0_402]
	at java.lang.reflect.Method.invoke(Method.java:498) ~[?:1.8.0_402]
	at org.apache.hadoop.hive.metastore.RetryingMetaStoreClient.invoke(RetryingMetaStoreClient.java:218) ~[classes/:?]
	at com.sun.proxy.$Proxy45.dropDatabase(Unknown Source) ~[?:?]
	at org.apache.hadoop.hive.ql.metadata.Hive.dropDatabase(Hive.java:662) ~[classes/:?]
	... 57 more
Caused by: javax.jdo.JDODataStoreException: Exception thrown flushing changes to datastore
	at org.datanucleus.api.jdo.NucleusJDOHelper.getJDOExceptionForNucleusException(NucleusJDOHelper.java:542) ~[datanucleus-api-jdo-5.2.4.jar:?]
	at org.datanucleus.api.jdo.JDOTransaction.commit(JDOTransaction.java:162) ~[datanucleus-api-jdo-5.2.4.jar:?]
	at org.apache.hadoop.hive.metastore.ObjectStore.commitTransaction(ObjectStore.java:615) ~[classes/:?]
	at sun.reflect.GeneratedMethodAccessor31.invoke(Unknown Source) ~[?:?]
	at sun.reflect.DelegatingMethodAccessorImpl.invoke(DelegatingMethodAccessorImpl.java:43) ~[?:1.8.0_402]
	at java.lang.reflect.Method.invoke(Method.java:498) ~[?:1.8.0_402]
	at org.apache.hadoop.hive.metastore.RawStoreProxy.invoke(RawStoreProxy.java:97) ~[classes/:?]
	at com.sun.proxy.$Proxy32.commitTransaction(Unknown Source) ~[?:?]
	at org.apache.hadoop.hive.metastore.HMSHandler.drop_database_core(HMSHandler.java:1790) ~[classes/:?]
	at org.apache.hadoop.hive.metastore.HMSHandler.drop_database(HMSHandler.java:1869) ~[classes/:?]
	at sun.reflect.GeneratedMethodAccessor54.invoke(Unknown Source) ~[?:?]
	at sun.reflect.DelegatingMethodAccessorImpl.invoke(DelegatingMethodAccessorImpl.java:43) ~[?:1.8.0_402]
	at java.lang.reflect.Method.invoke(Method.java:498) ~[?:1.8.0_402]
	at org.apache.hadoop.hive.metastore.RetryingHMSHandler.invokeInternal(RetryingHMSHandler.java:147) ~[classes/:?]
	at org.apache.hadoop.hive.metastore.RetryingHMSHandler.invoke(RetryingHMSHandler.java:108) ~[classes/:?]
	at com.sun.proxy.$Proxy35.drop_database(Unknown Source) ~[?:?]
	at org.apache.hadoop.hive.metastore.HiveMetaStoreClient.dropDatabaseCascadePerDb(HiveMetaStoreClient.java:1601) ~[classes/:?]
	at org.apache.hadoop.hive.metastore.HiveMetaStoreClient.dropDatabase(HiveMetaStoreClient.java:1532) ~[classes/:?]
	at org.apache.hadoop.hive.metastore.HiveMetaStoreClient.dropDatabase(HiveMetaStoreClient.java:1485) ~[classes/:?]
	at sun.reflect.NativeMethodAccessorImpl.invoke0(Native Method) ~[?:1.8.0_402]
	at sun.reflect.NativeMethodAccessorImpl.invoke(NativeMethodAccessorImpl.java:62) ~[?:1.8.0_402]
	at sun.reflect.DelegatingMethodAccessorImpl.invoke(DelegatingMethodAccessorImpl.java:43) ~[?:1.8.0_402]
	at java.lang.reflect.Method.invoke(Method.java:498) ~[?:1.8.0_402]
	at org.apache.hadoop.hive.metastore.RetryingMetaStoreClient.invoke(RetryingMetaStoreClient.java:218) ~[classes/:?]
	at com.sun.proxy.$Proxy45.dropDatabase(Unknown Source) ~[?:?]
	at org.apache.hadoop.hive.ql.metadata.Hive.dropDatabase(Hive.java:662) ~[classes/:?]
	... 57 more
Caused by: java.sql.BatchUpdateException: DELETE on table 'DBS' caused a violation of foreign key constraint 'TBLS_FK1' for key (4).  The statement has been rolled back.
	at org.apache.derby.impl.jdbc.EmbedStatement.executeLargeBatch(Unknown Source) ~[derby-10.14.1.0.jar:?]
	at org.apache.derby.impl.jdbc.EmbedStatement.executeBatch(Unknown Source) ~[derby-10.14.1.0.jar:?]
	at com.zaxxer.hikari.pool.ProxyStatement.executeBatch(ProxyStatement.java:128) ~[HikariCP-java7-2.4.12.jar:?]
	at com.zaxxer.hikari.pool.HikariProxyPreparedStatement.executeBatch(HikariProxyPreparedStatement.java) ~[HikariCP-java7-2.4.12.jar:?]
	at org.datanucleus.store.rdbms.ParamLoggingPreparedStatement.executeBatch(ParamLoggingPreparedStatement.java:366) ~[datanucleus-rdbms-5.2.4.jar:?]
	at org.datanucleus.store.rdbms.SQLController.processConnectionStatement(SQLController.java:675) ~[datanucleus-rdbms-5.2.4.jar:?]
	at org.datanucleus.store.rdbms.SQLController.processStatementsForConnection(SQLController.java:643) ~[datanucleus-rdbms-5.2.4.jar:?]
	at org.datanucleus.store.rdbms.SQLController$1.transactionFlushed(SQLController.java:729) ~[datanucleus-rdbms-5.2.4.jar:?]
	at org.datanucleus.store.connection.AbstractManagedConnection.transactionFlushed(AbstractManagedConnection.java:95) ~[datanucleus-core-5.2.4.jar:?]
	at org.datanucleus.store.connection.ConnectionManagerImpl$2.transactionFlushed(ConnectionManagerImpl.java:528) ~[datanucleus-core-5.2.4.jar:?]
	at org.datanucleus.TransactionImpl.flush(TransactionImpl.java:222) ~[datanucleus-core-5.2.4.jar:?]
	at org.datanucleus.TransactionImpl.commit(TransactionImpl.java:286) ~[datanucleus-core-5.2.4.jar:?]
	at org.datanucleus.api.jdo.JDOTransaction.commit(JDOTransaction.java:99) ~[datanucleus-api-jdo-5.2.4.jar:?]
	at org.apache.hadoop.hive.metastore.ObjectStore.commitTransaction(ObjectStore.java:615) ~[classes/:?]
	at sun.reflect.GeneratedMethodAccessor31.invoke(Unknown Source) ~[?:?]
	at sun.reflect.DelegatingMethodAccessorImpl.invoke(DelegatingMethodAccessorImpl.java:43) ~[?:1.8.0_402]
	at java.lang.reflect.Method.invoke(Method.java:498) ~[?:1.8.0_402]
	at org.apache.hadoop.hive.metastore.RawStoreProxy.invoke(RawStoreProxy.java:97) ~[classes/:?]
	at com.sun.proxy.$Proxy32.commitTransaction(Unknown Source) ~[?:?]
	at org.apache.hadoop.hive.metastore.HMSHandler.drop_database_core(HMSHandler.java:1790) ~[classes/:?]
	at org.apache.hadoop.hive.metastore.HMSHandler.drop_database(HMSHandler.java:1869) ~[classes/:?]
	at sun.reflect.GeneratedMethodAccessor54.invoke(Unknown Source) ~[?:?]
	at sun.reflect.DelegatingMethodAccessorImpl.invoke(DelegatingMethodAccessorImpl.java:43) ~[?:1.8.0_402]
	at java.lang.reflect.Method.invoke(Method.java:498) ~[?:1.8.0_402]
	at org.apache.hadoop.hive.metastore.RetryingHMSHandler.invokeInternal(RetryingHMSHandler.java:147) ~[classes/:?]
	at org.apache.hadoop.hive.metastore.RetryingHMSHandler.invoke(RetryingHMSHandler.java:108) ~[classes/:?]
	at com.sun.proxy.$Proxy35.drop_database(Unknown Source) ~[?:?]
	at org.apache.hadoop.hive.metastore.HiveMetaStoreClient.dropDatabaseCascadePerDb(HiveMetaStoreClient.java:1601) ~[classes/:?]
	at org.apache.hadoop.hive.metastore.HiveMetaStoreClient.dropDatabase(HiveMetaStoreClient.java:1532) ~[classes/:?]
	at org.apache.hadoop.hive.metastore.HiveMetaStoreClient.dropDatabase(HiveMetaStoreClient.java:1485) ~[classes/:?]
	at sun.reflect.NativeMethodAccessorImpl.invoke0(Native Method) ~[?:1.8.0_402]
	at sun.reflect.NativeMethodAccessorImpl.invoke(NativeMethodAccessorImpl.java:62) ~[?:1.8.0_402]
	at sun.reflect.DelegatingMethodAccessorImpl.invoke(DelegatingMethodAccessorImpl.java:43) ~[?:1.8.0_402]
	at java.lang.reflect.Method.invoke(Method.java:498) ~[?:1.8.0_402]
	at org.apache.hadoop.hive.metastore.RetryingMetaStoreClient.invoke(RetryingMetaStoreClient.java:218) ~[classes/:?]
	at com.sun.proxy.$Proxy45.dropDatabase(Unknown Source) ~[?:?]
	at org.apache.hadoop.hive.ql.metadata.Hive.dropDatabase(Hive.java:662) ~[classes/:?]
	... 57 more
Caused by: org.apache.derby.shared.common.error.DerbySQLIntegrityConstraintViolationException: DELETE on table 'DBS' caused a violation of foreign key constraint 'TBLS_FK1' for key (4).  The statement has been rolled back.
	at org.apache.derby.impl.jdbc.SQLExceptionFactory.getSQLException(Unknown Source) ~[derby-10.14.1.0.jar:?]
	at org.apache.derby.impl.jdbc.Util.generateCsSQLException(Unknown Source) ~[derby-10.14.1.0.jar:?]
	at org.apache.derby.impl.jdbc.TransactionResourceImpl.wrapInSQLException(Unknown Source) ~[derby-10.14.1.0.jar:?]
	at org.apache.derby.impl.jdbc.TransactionResourceImpl.handleException(Unknown Source) ~[derby-10.14.1.0.jar:?]
	at org.apache.derby.impl.jdbc.EmbedConnection.handleException(Unknown Source) ~[derby-10.14.1.0.jar:?]
	at org.apache.derby.impl.jdbc.ConnectionChild.handleException(Unknown Source) ~[derby-10.14.1.0.jar:?]
	at org.apache.derby.impl.jdbc.EmbedStatement.executeStatement(Unknown Source) ~[derby-10.14.1.0.jar:?]
	at org.apache.derby.impl.jdbc.EmbedPreparedStatement.executeBatchElement(Unknown Source) ~[derby-10.14.1.0.jar:?]
	at org.apache.derby.impl.jdbc.EmbedStatement.executeLargeBatch(Unknown Source) ~[derby-10.14.1.0.jar:?]
	at org.apache.derby.impl.jdbc.EmbedStatement.executeBatch(Unknown Source) ~[derby-10.14.1.0.jar:?]
	at com.zaxxer.hikari.pool.ProxyStatement.executeBatch(ProxyStatement.java:128) ~[HikariCP-java7-2.4.12.jar:?]
	at com.zaxxer.hikari.pool.HikariProxyPreparedStatement.executeBatch(HikariProxyPreparedStatement.java) ~[HikariCP-java7-2.4.12.jar:?]
	at org.datanucleus.store.rdbms.ParamLoggingPreparedStatement.executeBatch(ParamLoggingPreparedStatement.java:366) ~[datanucleus-rdbms-5.2.4.jar:?]
	at org.datanucleus.store.rdbms.SQLController.processConnectionStatement(SQLController.java:675) ~[datanucleus-rdbms-5.2.4.jar:?]
	at org.datanucleus.store.rdbms.SQLController.processStatementsForConnection(SQLController.java:643) ~[datanucleus-rdbms-5.2.4.jar:?]
	at org.datanucleus.store.rdbms.SQLController$1.transactionFlushed(SQLController.java:729) ~[datanucleus-rdbms-5.2.4.jar:?]
	at org.datanucleus.store.connection.AbstractManagedConnection.transactionFlushed(AbstractManagedConnection.java:95) ~[datanucleus-core-5.2.4.jar:?]
	at org.datanucleus.store.connection.ConnectionManagerImpl$2.transactionFlushed(ConnectionManagerImpl.java:528) ~[datanucleus-core-5.2.4.jar:?]
	at org.datanucleus.TransactionImpl.flush(TransactionImpl.java:222) ~[datanucleus-core-5.2.4.jar:?]
	at org.datanucleus.TransactionImpl.commit(TransactionImpl.java:286) ~[datanucleus-core-5.2.4.jar:?]
	at org.datanucleus.api.jdo.JDOTransaction.commit(JDOTransaction.java:99) ~[datanucleus-api-jdo-5.2.4.jar:?]
	at org.apache.hadoop.hive.metastore.ObjectStore.commitTransaction(ObjectStore.java:615) ~[classes/:?]
	at sun.reflect.GeneratedMethodAccessor31.invoke(Unknown Source) ~[?:?]
	at sun.reflect.DelegatingMethodAccessorImpl.invoke(DelegatingMethodAccessorImpl.java:43) ~[?:1.8.0_402]
	at java.lang.reflect.Method.invoke(Method.java:498) ~[?:1.8.0_402]
	at org.apache.hadoop.hive.metastore.RawStoreProxy.invoke(RawStoreProxy.java:97) ~[classes/:?]
	at com.sun.proxy.$Proxy32.commitTransaction(Unknown Source) ~[?:?]
	at org.apache.hadoop.hive.metastore.HMSHandler.drop_database_core(HMSHandler.java:1790) ~[classes/:?]
	at org.apache.hadoop.hive.metastore.HMSHandler.drop_database(HMSHandler.java:1869) ~[classes/:?]
	at sun.reflect.GeneratedMethodAccessor54.invoke(Unknown Source) ~[?:?]
	at sun.reflect.DelegatingMethodAccessorImpl.invoke(DelegatingMethodAccessorImpl.java:43) ~[?:1.8.0_402]
	at java.lang.reflect.Method.invoke(Method.java:498) ~[?:1.8.0_402]
	at org.apache.hadoop.hive.metastore.RetryingHMSHandler.invokeInternal(RetryingHMSHandler.java:147) ~[classes/:?]
	at org.apache.hadoop.hive.metastore.RetryingHMSHandler.invoke(RetryingHMSHandler.java:108) ~[classes/:?]
	at com.sun.proxy.$Proxy35.drop_database(Unknown Source) ~[?:?]
	at org.apache.hadoop.hive.metastore.HiveMetaStoreClient.dropDatabaseCascadePerDb(HiveMetaStoreClient.java:1601) ~[classes/:?]
	at org.apache.hadoop.hive.metastore.HiveMetaStoreClient.dropDatabase(HiveMetaStoreClient.java:1532) ~[classes/:?]
	at org.apache.hadoop.hive.metastore.HiveMetaStoreClient.dropDatabase(HiveMetaStoreClient.java:1485) ~[classes/:?]
	at sun.reflect.NativeMethodAccessorImpl.invoke0(Native Method) ~[?:1.8.0_402]
	at sun.reflect.NativeMethodAccessorImpl.invoke(NativeMethodAccessorImpl.java:62) ~[?:1.8.0_402]
	at sun.reflect.DelegatingMethodAccessorImpl.invoke(DelegatingMethodAccessorImpl.java:43) ~[?:1.8.0_402]
	at java.lang.reflect.Method.invoke(Method.java:498) ~[?:1.8.0_402]
	at org.apache.hadoop.hive.metastore.RetryingMetaStoreClient.invoke(RetryingMetaStoreClient.java:218) ~[classes/:?]
	at com.sun.proxy.$Proxy45.dropDatabase(Unknown Source) ~[?:?]
	at org.apache.hadoop.hive.ql.metadata.Hive.dropDatabase(Hive.java:662) ~[classes/:?]
	... 57 more
Caused by: org.apache.derby.iapi.error.StandardException: DELETE on table 'DBS' caused a violation of foreign key constraint 'TBLS_FK1' for key (4).  The statement has been rolled back.
	at org.apache.derby.iapi.error.StandardException.newException(Unknown Source) ~[derby-10.14.1.0.jar:?]
	at org.apache.derby.iapi.error.StandardException.newException(Unknown Source) ~[derby-10.14.1.0.jar:?]
	at org.apache.derby.impl.sql.execute.ReferencedKeyRIChecker.doCheck(Unknown Source) ~[derby-10.14.1.0.jar:?]
	at org.apache.derby.impl.sql.execute.RISetChecker.doPKCheck(Unknown Source) ~[derby-10.14.1.0.jar:?]
	at org.apache.derby.impl.sql.execute.DeleteResultSet.collectAffectedRows(Unknown Source) ~[derby-10.14.1.0.jar:?]
	at org.apache.derby.impl.sql.execute.DeleteResultSet.open(Unknown Source) ~[derby-10.14.1.0.jar:?]
	at org.apache.derby.impl.sql.GenericPreparedStatement.executeStmt(Unknown Source) ~[derby-10.14.1.0.jar:?]
	at org.apache.derby.impl.sql.GenericPreparedStatement.execute(Unknown Source) ~[derby-10.14.1.0.jar:?]
	at org.apache.derby.impl.jdbc.EmbedStatement.executeStatement(Unknown Source) ~[derby-10.14.1.0.jar:?]
	at org.apache.derby.impl.jdbc.EmbedPreparedStatement.executeBatchElement(Unknown Source) ~[derby-10.14.1.0.jar:?]
	at org.apache.derby.impl.jdbc.EmbedStatement.executeLargeBatch(Unknown Source) ~[derby-10.14.1.0.jar:?]
	at org.apache.derby.impl.jdbc.EmbedStatement.executeBatch(Unknown Source) ~[derby-10.14.1.0.jar:?]
	at com.zaxxer.hikari.pool.ProxyStatement.executeBatch(ProxyStatement.java:128) ~[HikariCP-java7-2.4.12.jar:?]
	at com.zaxxer.hikari.pool.HikariProxyPreparedStatement.executeBatch(HikariProxyPreparedStatement.java) ~[HikariCP-java7-2.4.12.jar:?]
	at org.datanucleus.store.rdbms.ParamLoggingPreparedStatement.executeBatch(ParamLoggingPreparedStatement.java:366) ~[datanucleus-rdbms-5.2.4.jar:?]
	at org.datanucleus.store.rdbms.SQLController.processConnectionStatement(SQLController.java:675) ~[datanucleus-rdbms-5.2.4.jar:?]
	at org.datanucleus.store.rdbms.SQLController.processStatementsForConnection(SQLController.java:643) ~[datanucleus-rdbms-5.2.4.jar:?]
	at org.datanucleus.store.rdbms.SQLController$1.transactionFlushed(SQLController.java:729) ~[datanucleus-rdbms-5.2.4.jar:?]
	at org.datanucleus.store.connection.AbstractManagedConnection.transactionFlushed(AbstractManagedConnection.java:95) ~[datanucleus-core-5.2.4.jar:?]
	at org.datanucleus.store.connection.ConnectionManagerImpl$2.transactionFlushed(ConnectionManagerImpl.java:528) ~[datanucleus-core-5.2.4.jar:?]
	at org.datanucleus.TransactionImpl.flush(TransactionImpl.java:222) ~[datanucleus-core-5.2.4.jar:?]
	at org.datanucleus.TransactionImpl.commit(TransactionImpl.java:286) ~[datanucleus-core-5.2.4.jar:?]
	at org.datanucleus.api.jdo.JDOTransaction.commit(JDOTransaction.java:99) ~[datanucleus-api-jdo-5.2.4.jar:?]
	at org.apache.hadoop.hive.metastore.ObjectStore.commitTransaction(ObjectStore.java:615) ~[classes/:?]
	at sun.reflect.GeneratedMethodAccessor31.invoke(Unknown Source) ~[?:?]
	at sun.reflect.DelegatingMethodAccessorImpl.invoke(DelegatingMethodAccessorImpl.java:43) ~[?:1.8.0_402]
	at java.lang.reflect.Method.invoke(Method.java:498) ~[?:1.8.0_402]
	at org.apache.hadoop.hive.metastore.RawStoreProxy.invoke(RawStoreProxy.java:97) ~[classes/:?]
	at com.sun.proxy.$Proxy32.commitTransaction(Unknown Source) ~[?:?]
	at org.apache.hadoop.hive.metastore.HMSHandler.drop_database_core(HMSHandler.java:1790) ~[classes/:?]
	at org.apache.hadoop.hive.metastore.HMSHandler.drop_database(HMSHandler.java:1869) ~[classes/:?]
	at sun.reflect.GeneratedMethodAccessor54.invoke(Unknown Source) ~[?:?]
	at sun.reflect.DelegatingMethodAccessorImpl.invoke(DelegatingMethodAccessorImpl.java:43) ~[?:1.8.0_402]
	at java.lang.reflect.Method.invoke(Method.java:498) ~[?:1.8.0_402]
	at org.apache.hadoop.hive.metastore.RetryingHMSHandler.invokeInternal(RetryingHMSHandler.java:147) ~[classes/:?]
	at org.apache.hadoop.hive.metastore.RetryingHMSHandler.invoke(RetryingHMSHandler.java:108) ~[classes/:?]
	at com.sun.proxy.$Proxy35.drop_database(Unknown Source) ~[?:?]
	at org.apache.hadoop.hive.metastore.HiveMetaStoreClient.dropDatabaseCascadePerDb(HiveMetaStoreClient.java:1601) ~[classes/:?]
	at org.apache.hadoop.hive.metastore.HiveMetaStoreClient.dropDatabase(HiveMetaStoreClient.java:1532) ~[classes/:?]
	at org.apache.hadoop.hive.metastore.HiveMetaStoreClient.dropDatabase(HiveMetaStoreClient.java:1485) ~[classes/:?]
	at sun.reflect.NativeMethodAccessorImpl.invoke0(Native Method) ~[?:1.8.0_402]
	at sun.reflect.NativeMethodAccessorImpl.invoke(NativeMethodAccessorImpl.java:62) ~[?:1.8.0_402]
	at sun.reflect.DelegatingMethodAccessorImpl.invoke(DelegatingMethodAccessorImpl.java:43) ~[?:1.8.0_402]
	at java.lang.reflect.Method.invoke(Method.java:498) ~[?:1.8.0_402]
	at org.apache.hadoop.hive.metastore.RetryingMetaStoreClient.invoke(RetryingMetaStoreClient.java:218) ~[classes/:?]
	at com.sun.proxy.$Proxy45.dropDatabase(Unknown Source) ~[?:?]
	at org.apache.hadoop.hive.ql.metadata.Hive.dropDatabase(Hive.java:662) ~[classes/:?]
	... 57 more
2024-04-24T11:29:50,524  INFO [main] reexec.ReOptimizePlugin: ReOptimization: retryPossible: false
2024-04-24T11:29:50,524  INFO [main] reexec.ReExecuteLostAMQueryPlugin: Got exception message: MetaException(message:javax.jdo.JDODataStoreException: Exception thrown flushing changes to datastore
NestedThrowables:
java.sql.BatchUpdateException: DELETE on table 'DBS' caused a violation of foreign key constraint 'TBLS_FK1' for key (4).  The statement has been rolled back.) retryPossible: false
2024-04-24T11:29:50,524  INFO [main] reexec.ReExecutionDagSubmitPlugin: Got exception message: MetaException(message:javax.jdo.JDODataStoreException: Exception thrown flushing changes to datastore
NestedThrowables:
java.sql.BatchUpdateException: DELETE on table 'DBS' caused a violation of foreign key constraint 'TBLS_FK1' for key (4).  The statement has been rolled back.) retryPossible: false
FAILED: Execution Error, return code 40000 from org.apache.hadoop.hive.ql.ddl.DDLTask. MetaException(message:javax.jdo.JDODataStoreException: Exception thrown flushing changes to datastore
NestedThrowables:
java.sql.BatchUpdateException: DELETE on table 'DBS' caused a violation of foreign key constraint 'TBLS_FK1' for key (4).  The statement has been rolled back.)
2024-04-24T11:29:50,525 ERROR [main] ql.Driver: FAILED: Execution Error, return code 40000 from org.apache.hadoop.hive.ql.ddl.DDLTask. MetaException(message:javax.jdo.JDODataStoreException: Exception thrown flushing changes to datastore
NestedThrowables:
java.sql.BatchUpdateException: DELETE on table 'DBS' caused a violation of foreign key constraint 'TBLS_FK1' for key (4).  The statement has been rolled back.)
2024-04-24T11:29:50,525  INFO [main] metadata.Hive: Dumping metastore api call timing information for : execution phase
2024-04-24T11:29:50,525  INFO [main] metadata.Hive: Total time spent in each metastore function (ms): {isCompatibleWith_(Configuration)=0}
2024-04-24T11:29:50,525  INFO [main] ql.Driver: Completed executing command(queryId=alex_20240424112927_2b8c7ddc-ca66-44e6-a269-5a44fbedacf4); Time taken: 20.36 seconds
]]></system-err>
  </testcase>
  <testcase name="testSchemaLoadBasic" classname="org.apache.hive.hcatalog.pig.TestRCFileHCatLoader" time="20.607">
    <error message="FAILED: Execution Error, return code 40000 from org.apache.hadoop.hive.ql.ddl.DDLTask. AlreadyExistsException(message:Table hive.junit_specific_db.junit_specific_size2 already exists)" type="(responseCode = 40000, errorMessage = FAILED"><![CDATA[(responseCode = 40000, errorMessage = FAILED: Execution Error, return code 40000 from org.apache.hadoop.hive.ql.ddl.DDLTask. AlreadyExistsException(message:Table hive.junit_specific_db.junit_specific_size2 already exists), hiveErrorCode = 40000, SQLState = 08S01, exception = AlreadyExistsException(message:Table hive.junit_specific_db.junit_specific_size2 already exists))
	at org.apache.hadoop.hive.ql.DriverUtils.createProcessorException(DriverUtils.java:153)
	at org.apache.hadoop.hive.ql.Executor.handleTaskFailure(Executor.java:403)
	at org.apache.hadoop.hive.ql.Executor.handleFinished(Executor.java:285)
	at org.apache.hadoop.hive.ql.Executor.runTasks(Executor.java:246)
	at org.apache.hadoop.hive.ql.Executor.execute(Executor.java:108)
	at org.apache.hadoop.hive.ql.Driver.execute(Driver.java:348)
	at org.apache.hadoop.hive.ql.Driver.runInternal(Driver.java:204)
	at org.apache.hadoop.hive.ql.Driver.run(Driver.java:153)
	at org.apache.hadoop.hive.ql.Driver.run(Driver.java:148)
	at org.apache.hadoop.hive.ql.reexec.ReExecDriver.run(ReExecDriver.java:164)
	at org.apache.hadoop.hive.ql.reexec.ReExecDriver.run(ReExecDriver.java:230)
	at org.apache.hive.hcatalog.pig.AbstractHCatLoaderTest.executeStatementOnDriver(AbstractHCatLoaderTest.java:151)
	at org.apache.hive.hcatalog.pig.AbstractHCatLoaderTest.createTable(AbstractHCatLoaderTest.java:134)
	at org.apache.hive.hcatalog.pig.AbstractHCatLoaderTest.createTable(AbstractHCatLoaderTest.java:104)
	at org.apache.hive.hcatalog.pig.AbstractHCatLoaderTest.createTable(AbstractHCatLoaderTest.java:138)
	at org.apache.hive.hcatalog.pig.AbstractHCatLoaderTest.setUpTest(AbstractHCatLoaderTest.java:172)
	at sun.reflect.NativeMethodAccessorImpl.invoke0(Native Method)
	at sun.reflect.NativeMethodAccessorImpl.invoke(NativeMethodAccessorImpl.java:62)
	at sun.reflect.DelegatingMethodAccessorImpl.invoke(DelegatingMethodAccessorImpl.java:43)
	at java.lang.reflect.Method.invoke(Method.java:498)
	at org.junit.runners.model.FrameworkMethod$1.runReflectiveCall(FrameworkMethod.java:59)
	at org.junit.internal.runners.model.ReflectiveCallable.run(ReflectiveCallable.java:12)
	at org.junit.runners.model.FrameworkMethod.invokeExplosively(FrameworkMethod.java:56)
	at org.junit.internal.runners.statements.RunBefores.invokeMethod(RunBefores.java:33)
	at org.junit.internal.runners.statements.RunBefores.evaluate(RunBefores.java:24)
	at org.junit.internal.runners.statements.RunAfters.evaluate(RunAfters.java:27)
	at org.junit.runners.ParentRunner$3.evaluate(ParentRunner.java:306)
	at org.junit.runners.BlockJUnit4ClassRunner$1.evaluate(BlockJUnit4ClassRunner.java:100)
	at org.junit.runners.ParentRunner.runLeaf(ParentRunner.java:366)
	at org.junit.runners.BlockJUnit4ClassRunner.runChild(BlockJUnit4ClassRunner.java:103)
	at org.junit.runners.BlockJUnit4ClassRunner.runChild(BlockJUnit4ClassRunner.java:63)
	at org.junit.runners.ParentRunner$4.run(ParentRunner.java:331)
	at org.junit.runners.ParentRunner$1.schedule(ParentRunner.java:79)
	at org.junit.runners.ParentRunner.runChildren(ParentRunner.java:329)
	at org.junit.runners.ParentRunner.access$100(ParentRunner.java:66)
	at org.junit.runners.ParentRunner$2.evaluate(ParentRunner.java:293)
	at org.junit.internal.runners.statements.RunBefores.evaluate(RunBefores.java:26)
	at org.junit.runners.ParentRunner$3.evaluate(ParentRunner.java:306)
	at org.junit.runners.ParentRunner.run(ParentRunner.java:413)
	at org.junit.runners.Suite.runChild(Suite.java:128)
	at org.junit.runners.Suite.runChild(Suite.java:27)
	at org.junit.runners.ParentRunner$4.run(ParentRunner.java:331)
	at org.junit.runners.ParentRunner$1.schedule(ParentRunner.java:79)
	at org.junit.runners.ParentRunner.runChildren(ParentRunner.java:329)
	at org.junit.runners.ParentRunner.access$100(ParentRunner.java:66)
	at org.junit.runners.ParentRunner$2.evaluate(ParentRunner.java:293)
	at org.junit.runners.ParentRunner$3.evaluate(ParentRunner.java:306)
	at org.junit.runners.ParentRunner.run(ParentRunner.java:413)
	at org.apache.maven.surefire.junitcore.JUnitCore.run(JUnitCore.java:55)
	at org.apache.maven.surefire.junitcore.JUnitCoreWrapper.createRequestAndRun(JUnitCoreWrapper.java:137)
	at org.apache.maven.surefire.junitcore.JUnitCoreWrapper.executeEager(JUnitCoreWrapper.java:107)
	at org.apache.maven.surefire.junitcore.JUnitCoreWrapper.execute(JUnitCoreWrapper.java:83)
	at org.apache.maven.surefire.junitcore.JUnitCoreWrapper.execute(JUnitCoreWrapper.java:75)
	at org.apache.maven.surefire.junitcore.JUnitCoreProvider.invoke(JUnitCoreProvider.java:158)
	at org.apache.maven.surefire.booter.ForkedBooter.runSuitesInProcess(ForkedBooter.java:377)
	at org.apache.maven.surefire.booter.ForkedBooter.execute(ForkedBooter.java:138)
	at org.apache.maven.surefire.booter.ForkedBooter.run(ForkedBooter.java:465)
	at org.apache.maven.surefire.booter.ForkedBooter.main(ForkedBooter.java:451)
Caused by: org.apache.hadoop.hive.ql.metadata.HiveException: AlreadyExistsException(message:Table hive.junit_specific_db.junit_specific_size2 already exists)
	at org.apache.hadoop.hive.ql.metadata.Hive.createTable(Hive.java:1298)
	at org.apache.hadoop.hive.ql.metadata.Hive.createTable(Hive.java:1306)
	at org.apache.hadoop.hive.ql.ddl.table.create.CreateTableOperation.createTableNonReplaceMode(CreateTableOperation.java:140)
	at org.apache.hadoop.hive.ql.ddl.table.create.CreateTableOperation.execute(CreateTableOperation.java:98)
	at org.apache.hadoop.hive.ql.ddl.DDLTask.execute(DDLTask.java:84)
	at org.apache.hadoop.hive.ql.exec.Task.executeTask(Task.java:212)
	at org.apache.hadoop.hive.ql.exec.TaskRunner.runSequential(TaskRunner.java:105)
	at org.apache.hadoop.hive.ql.Executor.launchTask(Executor.java:361)
	at org.apache.hadoop.hive.ql.Executor.launchTasks(Executor.java:334)
	at org.apache.hadoop.hive.ql.Executor.runTasks(Executor.java:245)
	... 54 more
Caused by: AlreadyExistsException(message:Table hive.junit_specific_db.junit_specific_size2 already exists)
	at org.apache.hadoop.hive.metastore.HMSHandler.create_table_core(HMSHandler.java:2339)
	at org.apache.hadoop.hive.metastore.HMSHandler.create_table_req(HMSHandler.java:2598)
	at sun.reflect.GeneratedMethodAccessor40.invoke(Unknown Source)
	at sun.reflect.DelegatingMethodAccessorImpl.invoke(DelegatingMethodAccessorImpl.java:43)
	at java.lang.reflect.Method.invoke(Method.java:498)
	at org.apache.hadoop.hive.metastore.RetryingHMSHandler.invokeInternal(RetryingHMSHandler.java:147)
	at org.apache.hadoop.hive.metastore.RetryingHMSHandler.invoke(RetryingHMSHandler.java:108)
	at com.sun.proxy.$Proxy35.create_table_req(Unknown Source)
	at org.apache.hadoop.hive.metastore.HiveMetaStoreClient.create_table_with_environment_context(HiveMetaStoreClient.java:4408)
	at org.apache.hadoop.hive.ql.metadata.SessionHiveMetaStoreClient.create_table_with_environment_context(SessionHiveMetaStoreClient.java:182)
	at org.apache.hadoop.hive.metastore.HiveMetaStoreClient.createTable(HiveMetaStoreClient.java:1260)
	at org.apache.hadoop.hive.metastore.HiveMetaStoreClient.createTable(HiveMetaStoreClient.java:1245)
	at sun.reflect.GeneratedMethodAccessor39.invoke(Unknown Source)
	at sun.reflect.DelegatingMethodAccessorImpl.invoke(DelegatingMethodAccessorImpl.java:43)
	at java.lang.reflect.Method.invoke(Method.java:498)
	at org.apache.hadoop.hive.metastore.RetryingMetaStoreClient.invoke(RetryingMetaStoreClient.java:218)
	at com.sun.proxy.$Proxy45.createTable(Unknown Source)
	at org.apache.hadoop.hive.ql.metadata.Hive.createTable(Hive.java:1290)
	... 63 more
]]></error>
    <system-err><![CDATA[2024-04-24T11:29:50,557  WARN [main] conf.HiveConf: HiveConf of name hive.dummyparam.test.server.specific.config.hivesite does not exist
2024-04-24T11:29:50,557  WARN [main] conf.HiveConf: HiveConf of name hive.llap.io.cache.orc.arena.size does not exist
2024-04-24T11:29:50,557  WARN [main] conf.HiveConf: HiveConf of name hive.metastore.client.cache.maxSize does not exist
2024-04-24T11:29:50,557  WARN [main] conf.HiveConf: HiveConf of name hive.stats.key.prefix.reserve.length does not exist
2024-04-24T11:29:50,557  WARN [main] conf.HiveConf: HiveConf of name hive.metastore.metadb.dir does not exist
2024-04-24T11:29:50,557  WARN [main] conf.HiveConf: HiveConf of name hive.llap.io.cache.orc.size does not exist
2024-04-24T11:29:50,557  WARN [main] conf.HiveConf: HiveConf of name hive.dummyparam.test.server.specific.config.override does not exist
2024-04-24T11:29:50,558  WARN [main] conf.HiveConf: HiveConf of name hive.llap.io.cache.orc.alloc.min does not exist
2024-04-24T11:29:50,558  WARN [main] conf.HiveConf: HiveConf of name hive.metastore.client.cache.recordStats does not exist
2024-04-24T11:29:50,558  WARN [main] conf.HiveConf: HiveConf of name hive.llap.io.cache.orc.alloc.max does not exist
2024-04-24T11:29:50,558  WARN [main] conf.HiveConf: HiveConf of name hive.dummyparam.test.server.specific.config.metastoresite does not exist
2024-04-24T11:29:50,559  INFO [main] metastore.HiveMetaStoreClient: HMS client filtering is enabled.
2024-04-24T11:29:50,560  INFO [main] metastore.PersistenceManagerProvider: Configuration datanucleus.autoStartMechanismMode is not set. Defaulting to 'ignored'
2024-04-24T11:29:50,560  INFO [main] metastore.ObjectStore: RawStore: org.apache.hadoop.hive.metastore.ObjectStore@2235ab04, with PersistenceManager: org.datanucleus.api.jdo.JDOPersistenceManager@6e330ce7 will be shutdown
2024-04-24T11:29:50,560  INFO [main] metastore.ObjectStore: RawStore: org.apache.hadoop.hive.metastore.ObjectStore@2235ab04, with PersistenceManager: org.datanucleus.api.jdo.JDOPersistenceManager@c65d77c created in the thread with id: 1
2024-04-24T11:29:50,581  INFO [main] metastore.HMSHandler: HMS server filtering is disabled by configuration
Hive Session ID = 655d05f2-cba6-4053-bf18-19302112a665
2024-04-24T11:29:50,581  INFO [main] SessionState: Hive Session ID = 655d05f2-cba6-4053-bf18-19302112a665
ivysettings.xml file not found in HIVE_HOME or HIVE_CONF_DIR,file:/home/alex/.m2/repository/org/apache/pig/pig/0.16.0/pig-0.16.0-h2.jar!/ivysettings.xml will be used
2024-04-24T11:29:50,581  INFO [main] DependencyResolver: ivysettings.xml file not found in HIVE_HOME or HIVE_CONF_DIR,file:/home/alex/.m2/repository/org/apache/pig/pig/0.16.0/pig-0.16.0-h2.jar!/ivysettings.xml will be used
2024-04-24T11:29:50,587  INFO [main] session.SessionState: Created HDFS directory: /home/alex/Repositories/hive/hcatalog/hcatalog-pig-adapter/target/tmp/scratchdir/alex/655d05f2-cba6-4053-bf18-19302112a665
2024-04-24T11:29:50,589  INFO [main] session.SessionState: Created local directory: /home/alex/Repositories/hive/hcatalog/hcatalog-pig-adapter/target/tmp/localscratchdir/655d05f2-cba6-4053-bf18-19302112a665
2024-04-24T11:29:50,592  INFO [main] session.SessionState: Created HDFS directory: /home/alex/Repositories/hive/hcatalog/hcatalog-pig-adapter/target/tmp/scratchdir/alex/655d05f2-cba6-4053-bf18-19302112a665/_tmp_space.db
2024-04-24T11:29:50,592  INFO [main] ql.Driver: Compiling command(queryId=alex_20240424112950_dbc4cd5d-c54f-478f-8839-f348d0d05891): use default
2024-04-24T11:29:50,593  INFO [main] HiveMetaStore.audit: ugi=alex	ip=unknown-ip-addr	cmd=get_database: default	
2024-04-24T11:29:50,594  INFO [main] ql.Driver: Semantic Analysis Completed (retrial = false)
2024-04-24T11:29:50,594  INFO [main] ql.Driver: Created Hive schema: Schema(fieldSchemas:null, properties:null)
2024-04-24T11:29:50,594  INFO [main] metadata.Hive: Dumping metastore api call timing information for : compilation phase
2024-04-24T11:29:50,594  INFO [main] metadata.Hive: Total time spent in each metastore function (ms): {isCompatibleWith_(Configuration)=1, flushCache_()=0, getDatabase_(String)=1}
2024-04-24T11:29:50,594  INFO [main] ql.Driver: Completed compiling command(queryId=alex_20240424112950_dbc4cd5d-c54f-478f-8839-f348d0d05891); Time taken: 0.002 seconds
2024-04-24T11:29:50,594  INFO [main] reexec.ReExecDriver: Execution #1 of query
2024-04-24T11:29:50,594  INFO [main] ql.Driver: Concurrency mode is disabled, not creating a lock manager
2024-04-24T11:29:50,594  INFO [main] ql.Driver: Executing command(queryId=alex_20240424112950_dbc4cd5d-c54f-478f-8839-f348d0d05891): use default
2024-04-24T11:29:50,595  INFO [main] ql.Driver: Starting task [Stage-0:DDL] in serial mode
2024-04-24T11:29:50,595  INFO [main] HiveMetaStore.audit: ugi=alex	ip=unknown-ip-addr	cmd=get_database: default	
2024-04-24T11:29:50,596  INFO [main] HiveMetaStore.audit: ugi=alex	ip=unknown-ip-addr	cmd=get_database: default	
2024-04-24T11:29:50,597  INFO [main] metadata.Hive: Dumping metastore api call timing information for : execution phase
2024-04-24T11:29:50,597  INFO [main] metadata.Hive: Total time spent in each metastore function (ms): {isCompatibleWith_(Configuration)=0, getDatabase_(String)=1}
2024-04-24T11:29:50,597  INFO [main] ql.Driver: Completed executing command(queryId=alex_20240424112950_dbc4cd5d-c54f-478f-8839-f348d0d05891); Time taken: 0.003 seconds
2024-04-24T11:29:50,597  INFO [main] ql.Driver: Compiling command(queryId=alex_20240424112950_dbc4cd5d-c54f-478f-8839-f348d0d05891): create table junit_unparted_basic(a int, b string) stored as RCFILE TBLPROPERTIES ('transactional'='false')
2024-04-24T11:29:50,598  INFO [main] parse.CalcitePlanner: Starting caching scope for: alex_20240424112950_dbc4cd5d-c54f-478f-8839-f348d0d05891
2024-04-24T11:29:50,598  INFO [main] parse.CalcitePlanner: Starting Semantic Analysis
2024-04-24T11:29:50,598  INFO [main] sqlstd.SQLStdHiveAccessController: Created SQLStdHiveAccessController for session context : HiveAuthzSessionContext [sessionString=655d05f2-cba6-4053-bf18-19302112a665, clientType=HIVECLI]
2024-04-24T11:29:50,598  INFO [main] metastore.HiveMetaStoreClient: Mestastore configuration metastore.filter.hook changed from org.apache.hadoop.hive.metastore.DefaultMetaStoreFilterHookImpl to org.apache.hadoop.hive.ql.security.authorization.plugin.AuthorizationMetaStoreFilterHook
2024-04-24T11:29:50,598  INFO [main] HiveMetaStore.audit: ugi=alex	ip=unknown-ip-addr	cmd=Cleaning up thread local RawStore...	
2024-04-24T11:29:50,598  INFO [main] metastore.ObjectStore: RawStore: org.apache.hadoop.hive.metastore.ObjectStore@2235ab04, with PersistenceManager: org.datanucleus.api.jdo.JDOPersistenceManager@c65d77c will be shutdown
2024-04-24T11:29:50,598  INFO [main] HiveMetaStore.audit: ugi=alex	ip=unknown-ip-addr	cmd=Done cleaning up thread local RawStore	
2024-04-24T11:29:50,598  INFO [main] metastore.HiveMetaStoreClient: Closed a connection to metastore, current connections: -37
2024-04-24T11:29:50,599  INFO [main] metastore.HiveMetaStoreClient: HMS client filtering is enabled.
2024-04-24T11:29:50,600  INFO [main] metastore.HMSHandler: 0: Opening raw store with implementation class:org.apache.hadoop.hive.metastore.ObjectStore
2024-04-24T11:29:50,600  INFO [main] metastore.PersistenceManagerProvider: Configuration datanucleus.autoStartMechanismMode is not set. Defaulting to 'ignored'
2024-04-24T11:29:50,601  INFO [main] metastore.ObjectStore: RawStore: org.apache.hadoop.hive.metastore.ObjectStore@2dd21f40, with PersistenceManager: null will be shutdown
2024-04-24T11:29:50,601  INFO [main] metastore.ObjectStore: RawStore: org.apache.hadoop.hive.metastore.ObjectStore@2dd21f40, with PersistenceManager: org.datanucleus.api.jdo.JDOPersistenceManager@26c07595 created in the thread with id: 1
2024-04-24T11:29:50,602  INFO [main] metastore.HMSHandler: Created RawStore: org.apache.hadoop.hive.metastore.ObjectStore@2dd21f40 from thread id: 1
2024-04-24T11:29:50,602  INFO [main] metastore.HMSHandler: HMS server filtering is disabled by configuration
2024-04-24T11:29:50,602  INFO [main] metastore.RetryingMetaStoreClient: RetryingMetaStoreClient proxy=class org.apache.hadoop.hive.ql.metadata.SessionHiveMetaStoreClient ugi=alex (auth:SIMPLE) retries=1 delay=1 lifetime=0
2024-04-24T11:29:50,602  INFO [main] parse.CalcitePlanner: Creating table default.junit_unparted_basic position=13
2024-04-24T11:29:50,603  INFO [main] metastore.HiveMetaStoreClient: HMS client filtering is enabled.
2024-04-24T11:29:50,603  INFO [main] metastore.PersistenceManagerProvider: Configuration datanucleus.autoStartMechanismMode is not set. Defaulting to 'ignored'
2024-04-24T11:29:50,604  INFO [main] metastore.ObjectStore: RawStore: org.apache.hadoop.hive.metastore.ObjectStore@2dd21f40, with PersistenceManager: org.datanucleus.api.jdo.JDOPersistenceManager@26c07595 will be shutdown
2024-04-24T11:29:50,604  INFO [main] metastore.ObjectStore: RawStore: org.apache.hadoop.hive.metastore.ObjectStore@2dd21f40, with PersistenceManager: org.datanucleus.api.jdo.JDOPersistenceManager@af15260 created in the thread with id: 1
2024-04-24T11:29:50,605  INFO [main] metastore.HMSHandler: HMS server filtering is disabled by configuration
2024-04-24T11:29:50,605  INFO [main] metastore.RetryingMetaStoreClient: RetryingMetaStoreClient proxy=class org.apache.hadoop.hive.ql.metadata.SessionHiveMetaStoreClient ugi=alex (auth:SIMPLE) retries=1 delay=1 lifetime=0
2024-04-24T11:29:50,605  INFO [main] HiveMetaStore.audit: ugi=alex	ip=unknown-ip-addr	cmd=get_database: default	
2024-04-24T11:29:50,606  INFO [main] parse.CalcitePlanner: Ending caching scope for: alex_20240424112950_dbc4cd5d-c54f-478f-8839-f348d0d05891
2024-04-24T11:29:50,606  INFO [main] ql.Driver: Semantic Analysis Completed (retrial = false)
2024-04-24T11:29:50,606  INFO [main] ql.Driver: Created Hive schema: Schema(fieldSchemas:null, properties:null)
2024-04-24T11:29:50,607  INFO [main] metadata.Hive: Dumping metastore api call timing information for : compilation phase
2024-04-24T11:29:50,607  INFO [main] metadata.Hive: Total time spent in each metastore function (ms): {}
2024-04-24T11:29:50,607  INFO [main] ql.Driver: Completed compiling command(queryId=alex_20240424112950_dbc4cd5d-c54f-478f-8839-f348d0d05891); Time taken: 0.009 seconds
2024-04-24T11:29:50,607  INFO [main] reexec.ReExecDriver: Execution #1 of query
2024-04-24T11:29:50,607  INFO [main] ql.Driver: Concurrency mode is disabled, not creating a lock manager
2024-04-24T11:29:50,607  INFO [main] ql.Driver: Executing command(queryId=alex_20240424112950_dbc4cd5d-c54f-478f-8839-f348d0d05891): create table junit_unparted_basic(a int, b string) stored as RCFILE TBLPROPERTIES ('transactional'='false')
2024-04-24T11:29:50,607  INFO [main] ql.Driver: Starting task [Stage-0:DDL] in serial mode
2024-04-24T11:29:50,607  INFO [main] metastore.HiveMetaStoreClient: Mestastore configuration metastore.filter.hook changed from org.apache.hadoop.hive.ql.security.authorization.plugin.AuthorizationMetaStoreFilterHook to org.apache.hadoop.hive.metastore.DefaultMetaStoreFilterHookImpl
2024-04-24T11:29:50,607  INFO [main] HiveMetaStore.audit: ugi=alex	ip=unknown-ip-addr	cmd=Cleaning up thread local RawStore...	
2024-04-24T11:29:50,607  INFO [main] metastore.ObjectStore: RawStore: org.apache.hadoop.hive.metastore.ObjectStore@2dd21f40, with PersistenceManager: org.datanucleus.api.jdo.JDOPersistenceManager@af15260 will be shutdown
2024-04-24T11:29:50,607  INFO [main] HiveMetaStore.audit: ugi=alex	ip=unknown-ip-addr	cmd=Done cleaning up thread local RawStore	
2024-04-24T11:29:50,607  INFO [main] metastore.HiveMetaStoreClient: Closed a connection to metastore, current connections: -38
2024-04-24T11:29:50,609  INFO [main] metastore.HiveMetaStoreClient: HMS client filtering is enabled.
2024-04-24T11:29:50,610  INFO [main] metastore.HMSHandler: 0: Opening raw store with implementation class:org.apache.hadoop.hive.metastore.ObjectStore
2024-04-24T11:29:50,610  INFO [main] metastore.PersistenceManagerProvider: Configuration datanucleus.autoStartMechanismMode is not set. Defaulting to 'ignored'
2024-04-24T11:29:50,610  INFO [main] metastore.ObjectStore: RawStore: org.apache.hadoop.hive.metastore.ObjectStore@1ad7f684, with PersistenceManager: null will be shutdown
2024-04-24T11:29:50,611  INFO [main] metastore.ObjectStore: RawStore: org.apache.hadoop.hive.metastore.ObjectStore@1ad7f684, with PersistenceManager: org.datanucleus.api.jdo.JDOPersistenceManager@1c67b516 created in the thread with id: 1
2024-04-24T11:29:50,612  INFO [main] metastore.HMSHandler: Created RawStore: org.apache.hadoop.hive.metastore.ObjectStore@1ad7f684 from thread id: 1
2024-04-24T11:29:50,612  INFO [main] metastore.HMSHandler: HMS server filtering is disabled by configuration
2024-04-24T11:29:50,612  INFO [main] metastore.RetryingMetaStoreClient: RetryingMetaStoreClient proxy=class org.apache.hadoop.hive.ql.metadata.SessionHiveMetaStoreClient ugi=alex (auth:SIMPLE) retries=1 delay=1 lifetime=0
2024-04-24T11:29:50,613  INFO [main] HiveMetaStore.audit: ugi=alex	ip=unknown-ip-addr	cmd=create_table_req: Table(tableName:junit_unparted_basic, dbName:default, owner:alex, createTime:1713983390, lastAccessTime:0, retention:0, sd:StorageDescriptor(cols:[FieldSchema(name:a, type:int, comment:null), FieldSchema(name:b, type:string, comment:null)], location:null, inputFormat:org.apache.hadoop.hive.ql.io.RCFileInputFormat, outputFormat:org.apache.hadoop.hive.ql.io.RCFileOutputFormat, compressed:false, numBuckets:-1, serdeInfo:SerDeInfo(name:null, serializationLib:org.apache.hadoop.hive.serde2.columnar.ColumnarSerDe, parameters:{serialization.format=1}), bucketCols:[], sortCols:[], parameters:{}, skewedInfo:SkewedInfo(skewedColNames:[], skewedColValues:[], skewedColValueLocationMaps:{}), storedAsSubDirectories:false), partitionKeys:[], parameters:{rawDataSize=0, numFilesErasureCoded=0, numFiles=0, transactional=false, numRows=0, COLUMN_STATS_ACCURATE={"BASIC_STATS":"true","COLUMN_STATS":{"a":"true","b":"true"}}, totalSize=0, bucketing_version=2}, viewOriginalText:null, viewExpandedText:null, tableType:MANAGED_TABLE, privileges:PrincipalPrivilegeSet(userPrivileges:{alex=[PrivilegeGrantInfo(privilege:INSERT, createTime:-1, grantor:alex, grantorType:USER, grantOption:true), PrivilegeGrantInfo(privilege:SELECT, createTime:-1, grantor:alex, grantorType:USER, grantOption:true), PrivilegeGrantInfo(privilege:UPDATE, createTime:-1, grantor:alex, grantorType:USER, grantOption:true), PrivilegeGrantInfo(privilege:DELETE, createTime:-1, grantor:alex, grantorType:USER, grantOption:true)]}, groupPrivileges:null, rolePrivileges:null), temporary:false, catName:hive, ownerType:USER)	
2024-04-24T11:29:50,617  INFO [main] utils.FileUtils: Creating directory if it doesn't exist: file:/home/alex/Repositories/hive/hcatalog/hcatalog-pig-adapter/build/test/data/org.apache.hive.hcatalog.mapreduce.HCatBaseTest-1713983215978/warehouse/junit_unparted_basic
2024-04-24T11:29:50,658  INFO [main] metadata.Hive: Dumping metastore api call timing information for : execution phase
2024-04-24T11:29:50,659  INFO [main] metadata.Hive: Total time spent in each metastore function (ms): {createTable_(Table)=46}
2024-04-24T11:29:50,659  INFO [main] ql.Driver: Completed executing command(queryId=alex_20240424112950_dbc4cd5d-c54f-478f-8839-f348d0d05891); Time taken: 0.051 seconds
2024-04-24T11:29:50,659  INFO [main] ql.Driver: Compiling command(queryId=alex_20240424112950_dbc4cd5d-c54f-478f-8839-f348d0d05891): use default
2024-04-24T11:29:50,660  INFO [main] HiveMetaStore.audit: ugi=alex	ip=unknown-ip-addr	cmd=get_database: default	
2024-04-24T11:29:50,661  INFO [main] ql.Driver: Semantic Analysis Completed (retrial = false)
2024-04-24T11:29:50,661  INFO [main] ql.Driver: Created Hive schema: Schema(fieldSchemas:null, properties:null)
2024-04-24T11:29:50,662  INFO [main] metadata.Hive: Dumping metastore api call timing information for : compilation phase
2024-04-24T11:29:50,662  INFO [main] metadata.Hive: Total time spent in each metastore function (ms): {getDatabase_(String)=1, flushCache_()=0, isCompatibleWith_(Configuration)=1}
2024-04-24T11:29:50,662  INFO [main] ql.Driver: Completed compiling command(queryId=alex_20240424112950_dbc4cd5d-c54f-478f-8839-f348d0d05891); Time taken: 0.003 seconds
2024-04-24T11:29:50,662  INFO [main] reexec.ReExecDriver: Execution #1 of query
2024-04-24T11:29:50,662  INFO [main] ql.Driver: Concurrency mode is disabled, not creating a lock manager
2024-04-24T11:29:50,662  INFO [main] ql.Driver: Executing command(queryId=alex_20240424112950_dbc4cd5d-c54f-478f-8839-f348d0d05891): use default
2024-04-24T11:29:50,662  INFO [main] ql.Driver: Starting task [Stage-0:DDL] in serial mode
2024-04-24T11:29:50,662  INFO [main] HiveMetaStore.audit: ugi=alex	ip=unknown-ip-addr	cmd=get_database: default	
2024-04-24T11:29:50,664  INFO [main] HiveMetaStore.audit: ugi=alex	ip=unknown-ip-addr	cmd=get_database: default	
2024-04-24T11:29:50,665  INFO [main] metadata.Hive: Dumping metastore api call timing information for : execution phase
2024-04-24T11:29:50,666  INFO [main] metadata.Hive: Total time spent in each metastore function (ms): {getDatabase_(String)=3, isCompatibleWith_(Configuration)=0}
2024-04-24T11:29:50,666  INFO [main] ql.Driver: Completed executing command(queryId=alex_20240424112950_dbc4cd5d-c54f-478f-8839-f348d0d05891); Time taken: 0.003 seconds
2024-04-24T11:29:50,666  INFO [main] ql.Driver: Compiling command(queryId=alex_20240424112950_dbc4cd5d-c54f-478f-8839-f348d0d05891): create table junit_unparted_complex(name string, studentid int, contact struct<phno:string,email:string>, currently_registered_courses array<string>, current_grades map<string,string>, phnos array<struct<phno:string,type:string>>) stored as RCFILE TBLPROPERTIES ('transactional'='false')
2024-04-24T11:29:50,667  INFO [main] parse.CalcitePlanner: Starting caching scope for: alex_20240424112950_dbc4cd5d-c54f-478f-8839-f348d0d05891
2024-04-24T11:29:50,667  INFO [main] parse.CalcitePlanner: Starting Semantic Analysis
2024-04-24T11:29:50,667  INFO [main] parse.CalcitePlanner: Creating table default.junit_unparted_complex position=13
2024-04-24T11:29:50,667  INFO [main] HiveMetaStore.audit: ugi=alex	ip=unknown-ip-addr	cmd=get_database: default	
2024-04-24T11:29:50,669  INFO [main] parse.CalcitePlanner: Ending caching scope for: alex_20240424112950_dbc4cd5d-c54f-478f-8839-f348d0d05891
2024-04-24T11:29:50,669  INFO [main] ql.Driver: Semantic Analysis Completed (retrial = false)
2024-04-24T11:29:50,669  INFO [main] ql.Driver: Created Hive schema: Schema(fieldSchemas:null, properties:null)
2024-04-24T11:29:50,669  INFO [main] metadata.Hive: Dumping metastore api call timing information for : compilation phase
2024-04-24T11:29:50,669  INFO [main] metadata.Hive: Total time spent in each metastore function (ms): {flushCache_()=0, getDatabase_(String)=2, isCompatibleWith_(Configuration)=0}
2024-04-24T11:29:50,669  INFO [main] ql.Driver: Completed compiling command(queryId=alex_20240424112950_dbc4cd5d-c54f-478f-8839-f348d0d05891); Time taken: 0.003 seconds
2024-04-24T11:29:50,670  INFO [main] reexec.ReExecDriver: Execution #1 of query
2024-04-24T11:29:50,670  INFO [main] ql.Driver: Concurrency mode is disabled, not creating a lock manager
2024-04-24T11:29:50,670  INFO [main] ql.Driver: Executing command(queryId=alex_20240424112950_dbc4cd5d-c54f-478f-8839-f348d0d05891): create table junit_unparted_complex(name string, studentid int, contact struct<phno:string,email:string>, currently_registered_courses array<string>, current_grades map<string,string>, phnos array<struct<phno:string,type:string>>) stored as RCFILE TBLPROPERTIES ('transactional'='false')
2024-04-24T11:29:50,670  INFO [main] ql.Driver: Starting task [Stage-0:DDL] in serial mode
2024-04-24T11:29:50,671  INFO [main] HiveMetaStore.audit: ugi=alex	ip=unknown-ip-addr	cmd=create_table_req: Table(tableName:junit_unparted_complex, dbName:default, owner:alex, createTime:1713983390, lastAccessTime:0, retention:0, sd:StorageDescriptor(cols:[FieldSchema(name:name, type:string, comment:null), FieldSchema(name:studentid, type:int, comment:null), FieldSchema(name:contact, type:struct<phno:string,email:string>, comment:null), FieldSchema(name:currently_registered_courses, type:array<string>, comment:null), FieldSchema(name:current_grades, type:map<string,string>, comment:null), FieldSchema(name:phnos, type:array<struct<phno:string,type:string>>, comment:null)], location:null, inputFormat:org.apache.hadoop.hive.ql.io.RCFileInputFormat, outputFormat:org.apache.hadoop.hive.ql.io.RCFileOutputFormat, compressed:false, numBuckets:-1, serdeInfo:SerDeInfo(name:null, serializationLib:org.apache.hadoop.hive.serde2.columnar.ColumnarSerDe, parameters:{serialization.format=1}), bucketCols:[], sortCols:[], parameters:{}, skewedInfo:SkewedInfo(skewedColNames:[], skewedColValues:[], skewedColValueLocationMaps:{}), storedAsSubDirectories:false), partitionKeys:[], parameters:{transactional=false, numFiles=0, numRows=0, totalSize=0, COLUMN_STATS_ACCURATE={"BASIC_STATS":"true","COLUMN_STATS":{"contact":"true","current_grades":"true","currently_registered_courses":"true","name":"true","phnos":"true","studentid":"true"}}, rawDataSize=0, numFilesErasureCoded=0, bucketing_version=2}, viewOriginalText:null, viewExpandedText:null, tableType:MANAGED_TABLE, privileges:PrincipalPrivilegeSet(userPrivileges:{alex=[PrivilegeGrantInfo(privilege:INSERT, createTime:-1, grantor:alex, grantorType:USER, grantOption:true), PrivilegeGrantInfo(privilege:SELECT, createTime:-1, grantor:alex, grantorType:USER, grantOption:true), PrivilegeGrantInfo(privilege:UPDATE, createTime:-1, grantor:alex, grantorType:USER, grantOption:true), PrivilegeGrantInfo(privilege:DELETE, createTime:-1, grantor:alex, grantorType:USER, grantOption:true)]}, groupPrivileges:null, rolePrivileges:null), temporary:false, catName:hive, ownerType:USER)	
2024-04-24T11:29:50,676  INFO [main] utils.FileUtils: Creating directory if it doesn't exist: file:/home/alex/Repositories/hive/hcatalog/hcatalog-pig-adapter/build/test/data/org.apache.hive.hcatalog.mapreduce.HCatBaseTest-1713983215978/warehouse/junit_unparted_complex
2024-04-24T11:29:50,693  INFO [main] metadata.Hive: Dumping metastore api call timing information for : execution phase
2024-04-24T11:29:50,693  INFO [main] metadata.Hive: Total time spent in each metastore function (ms): {createTable_(Table)=22, isCompatibleWith_(Configuration)=0}
2024-04-24T11:29:50,693  INFO [main] ql.Driver: Completed executing command(queryId=alex_20240424112950_dbc4cd5d-c54f-478f-8839-f348d0d05891); Time taken: 0.023 seconds
2024-04-24T11:29:50,693  INFO [main] ql.Driver: Compiling command(queryId=alex_20240424112950_dbc4cd5d-c54f-478f-8839-f348d0d05891): use default
2024-04-24T11:29:50,694  INFO [main] HiveMetaStore.audit: ugi=alex	ip=unknown-ip-addr	cmd=get_database: default	
2024-04-24T11:29:50,696  INFO [main] ql.Driver: Semantic Analysis Completed (retrial = false)
2024-04-24T11:29:50,696  INFO [main] ql.Driver: Created Hive schema: Schema(fieldSchemas:null, properties:null)
2024-04-24T11:29:50,696  INFO [main] metadata.Hive: Dumping metastore api call timing information for : compilation phase
2024-04-24T11:29:50,696  INFO [main] metadata.Hive: Total time spent in each metastore function (ms): {getDatabase_(String)=2, flushCache_()=0, isCompatibleWith_(Configuration)=0}
2024-04-24T11:29:50,696  INFO [main] ql.Driver: Completed compiling command(queryId=alex_20240424112950_dbc4cd5d-c54f-478f-8839-f348d0d05891); Time taken: 0.003 seconds
2024-04-24T11:29:50,696  INFO [main] reexec.ReExecDriver: Execution #1 of query
2024-04-24T11:29:50,696  INFO [main] ql.Driver: Concurrency mode is disabled, not creating a lock manager
2024-04-24T11:29:50,696  INFO [main] ql.Driver: Executing command(queryId=alex_20240424112950_dbc4cd5d-c54f-478f-8839-f348d0d05891): use default
2024-04-24T11:29:50,697  INFO [main] ql.Driver: Starting task [Stage-0:DDL] in serial mode
2024-04-24T11:29:50,697  INFO [main] HiveMetaStore.audit: ugi=alex	ip=unknown-ip-addr	cmd=get_database: default	
2024-04-24T11:29:50,699  INFO [main] HiveMetaStore.audit: ugi=alex	ip=unknown-ip-addr	cmd=get_database: default	
2024-04-24T11:29:50,700  INFO [main] metadata.Hive: Dumping metastore api call timing information for : execution phase
2024-04-24T11:29:50,700  INFO [main] metadata.Hive: Total time spent in each metastore function (ms): {getDatabase_(String)=3, isCompatibleWith_(Configuration)=0}
2024-04-24T11:29:50,700  INFO [main] ql.Driver: Completed executing command(queryId=alex_20240424112950_dbc4cd5d-c54f-478f-8839-f348d0d05891); Time taken: 0.004 seconds
2024-04-24T11:29:50,701  INFO [main] ql.Driver: Compiling command(queryId=alex_20240424112950_dbc4cd5d-c54f-478f-8839-f348d0d05891): create table junit_parted_basic(a int, b string) partitioned by (bkt string) stored as RCFILE TBLPROPERTIES ('transactional'='false')
2024-04-24T11:29:50,701  INFO [main] parse.CalcitePlanner: Starting caching scope for: alex_20240424112950_dbc4cd5d-c54f-478f-8839-f348d0d05891
2024-04-24T11:29:50,701  INFO [main] parse.CalcitePlanner: Starting Semantic Analysis
2024-04-24T11:29:50,701  INFO [main] parse.CalcitePlanner: Creating table default.junit_parted_basic position=13
2024-04-24T11:29:50,701  INFO [main] HiveMetaStore.audit: ugi=alex	ip=unknown-ip-addr	cmd=get_database: default	
2024-04-24T11:29:50,703  INFO [main] parse.CalcitePlanner: Ending caching scope for: alex_20240424112950_dbc4cd5d-c54f-478f-8839-f348d0d05891
2024-04-24T11:29:50,703  INFO [main] ql.Driver: Semantic Analysis Completed (retrial = false)
2024-04-24T11:29:50,703  INFO [main] ql.Driver: Created Hive schema: Schema(fieldSchemas:null, properties:null)
2024-04-24T11:29:50,703  INFO [main] metadata.Hive: Dumping metastore api call timing information for : compilation phase
2024-04-24T11:29:50,703  INFO [main] metadata.Hive: Total time spent in each metastore function (ms): {getDatabase_(String)=2, flushCache_()=0, isCompatibleWith_(Configuration)=0}
2024-04-24T11:29:50,703  INFO [main] ql.Driver: Completed compiling command(queryId=alex_20240424112950_dbc4cd5d-c54f-478f-8839-f348d0d05891); Time taken: 0.003 seconds
2024-04-24T11:29:50,703  INFO [main] reexec.ReExecDriver: Execution #1 of query
2024-04-24T11:29:50,703  INFO [main] ql.Driver: Concurrency mode is disabled, not creating a lock manager
2024-04-24T11:29:50,703  INFO [main] ql.Driver: Executing command(queryId=alex_20240424112950_dbc4cd5d-c54f-478f-8839-f348d0d05891): create table junit_parted_basic(a int, b string) partitioned by (bkt string) stored as RCFILE TBLPROPERTIES ('transactional'='false')
2024-04-24T11:29:50,704  INFO [main] ql.Driver: Starting task [Stage-0:DDL] in serial mode
2024-04-24T11:29:50,704  INFO [main] HiveMetaStore.audit: ugi=alex	ip=unknown-ip-addr	cmd=create_table_req: Table(tableName:junit_parted_basic, dbName:default, owner:alex, createTime:1713983390, lastAccessTime:0, retention:0, sd:StorageDescriptor(cols:[FieldSchema(name:a, type:int, comment:null), FieldSchema(name:b, type:string, comment:null)], location:null, inputFormat:org.apache.hadoop.hive.ql.io.RCFileInputFormat, outputFormat:org.apache.hadoop.hive.ql.io.RCFileOutputFormat, compressed:false, numBuckets:-1, serdeInfo:SerDeInfo(name:null, serializationLib:org.apache.hadoop.hive.serde2.columnar.ColumnarSerDe, parameters:{serialization.format=1}), bucketCols:[], sortCols:[], parameters:{}, skewedInfo:SkewedInfo(skewedColNames:[], skewedColValues:[], skewedColValueLocationMaps:{}), storedAsSubDirectories:false), partitionKeys:[FieldSchema(name:bkt, type:string, comment:null)], parameters:{bucketing_version=2, transactional=false}, viewOriginalText:null, viewExpandedText:null, tableType:MANAGED_TABLE, privileges:PrincipalPrivilegeSet(userPrivileges:{alex=[PrivilegeGrantInfo(privilege:INSERT, createTime:-1, grantor:alex, grantorType:USER, grantOption:true), PrivilegeGrantInfo(privilege:SELECT, createTime:-1, grantor:alex, grantorType:USER, grantOption:true), PrivilegeGrantInfo(privilege:UPDATE, createTime:-1, grantor:alex, grantorType:USER, grantOption:true), PrivilegeGrantInfo(privilege:DELETE, createTime:-1, grantor:alex, grantorType:USER, grantOption:true)]}, groupPrivileges:null, rolePrivileges:null), temporary:false, catName:hive, ownerType:USER)	
2024-04-24T11:29:50,710  INFO [main] utils.FileUtils: Creating directory if it doesn't exist: file:/home/alex/Repositories/hive/hcatalog/hcatalog-pig-adapter/build/test/data/org.apache.hive.hcatalog.mapreduce.HCatBaseTest-1713983215978/warehouse/junit_parted_basic
2024-04-24T11:29:50,725  INFO [main] metadata.Hive: Dumping metastore api call timing information for : execution phase
2024-04-24T11:29:50,725  INFO [main] metadata.Hive: Total time spent in each metastore function (ms): {createTable_(Table)=21, isCompatibleWith_(Configuration)=0}
2024-04-24T11:29:50,725  INFO [main] ql.Driver: Completed executing command(queryId=alex_20240424112950_dbc4cd5d-c54f-478f-8839-f348d0d05891); Time taken: 0.022 seconds
2024-04-24T11:29:50,726  INFO [main] ql.Driver: Compiling command(queryId=alex_20240424112950_dbc4cd5d-c54f-478f-8839-f348d0d05891): use default
2024-04-24T11:29:50,726  INFO [main] HiveMetaStore.audit: ugi=alex	ip=unknown-ip-addr	cmd=get_database: default	
2024-04-24T11:29:50,728  INFO [main] ql.Driver: Semantic Analysis Completed (retrial = false)
2024-04-24T11:29:50,728  INFO [main] ql.Driver: Created Hive schema: Schema(fieldSchemas:null, properties:null)
2024-04-24T11:29:50,728  INFO [main] metadata.Hive: Dumping metastore api call timing information for : compilation phase
2024-04-24T11:29:50,728  INFO [main] metadata.Hive: Total time spent in each metastore function (ms): {isCompatibleWith_(Configuration)=0, getDatabase_(String)=2, flushCache_()=0}
2024-04-24T11:29:50,728  INFO [main] ql.Driver: Completed compiling command(queryId=alex_20240424112950_dbc4cd5d-c54f-478f-8839-f348d0d05891); Time taken: 0.002 seconds
2024-04-24T11:29:50,728  INFO [main] reexec.ReExecDriver: Execution #1 of query
2024-04-24T11:29:50,728  INFO [main] ql.Driver: Concurrency mode is disabled, not creating a lock manager
2024-04-24T11:29:50,728  INFO [main] ql.Driver: Executing command(queryId=alex_20240424112950_dbc4cd5d-c54f-478f-8839-f348d0d05891): use default
2024-04-24T11:29:50,729  INFO [main] ql.Driver: Starting task [Stage-0:DDL] in serial mode
2024-04-24T11:29:50,729  INFO [main] HiveMetaStore.audit: ugi=alex	ip=unknown-ip-addr	cmd=get_database: default	
2024-04-24T11:29:50,730  INFO [main] HiveMetaStore.audit: ugi=alex	ip=unknown-ip-addr	cmd=get_database: default	
2024-04-24T11:29:50,732  INFO [main] metadata.Hive: Dumping metastore api call timing information for : execution phase
2024-04-24T11:29:50,732  INFO [main] metadata.Hive: Total time spent in each metastore function (ms): {getDatabase_(String)=3, isCompatibleWith_(Configuration)=0}
2024-04-24T11:29:50,732  INFO [main] ql.Driver: Completed executing command(queryId=alex_20240424112950_dbc4cd5d-c54f-478f-8839-f348d0d05891); Time taken: 0.004 seconds
2024-04-24T11:29:50,732  INFO [main] ql.Driver: Compiling command(queryId=alex_20240424112950_dbc4cd5d-c54f-478f-8839-f348d0d05891): create table junit_specific_size(a int, b string) stored as RCFILE TBLPROPERTIES ('transactional'='false')
2024-04-24T11:29:50,733  INFO [main] parse.CalcitePlanner: Starting caching scope for: alex_20240424112950_dbc4cd5d-c54f-478f-8839-f348d0d05891
2024-04-24T11:29:50,733  INFO [main] parse.CalcitePlanner: Starting Semantic Analysis
2024-04-24T11:29:50,733  INFO [main] parse.CalcitePlanner: Creating table default.junit_specific_size position=13
2024-04-24T11:29:50,733  INFO [main] HiveMetaStore.audit: ugi=alex	ip=unknown-ip-addr	cmd=get_database: default	
2024-04-24T11:29:50,735  INFO [main] parse.CalcitePlanner: Ending caching scope for: alex_20240424112950_dbc4cd5d-c54f-478f-8839-f348d0d05891
2024-04-24T11:29:50,735  INFO [main] ql.Driver: Semantic Analysis Completed (retrial = false)
2024-04-24T11:29:50,735  INFO [main] ql.Driver: Created Hive schema: Schema(fieldSchemas:null, properties:null)
2024-04-24T11:29:50,735  INFO [main] metadata.Hive: Dumping metastore api call timing information for : compilation phase
2024-04-24T11:29:50,735  INFO [main] metadata.Hive: Total time spent in each metastore function (ms): {getDatabase_(String)=2, flushCache_()=0, isCompatibleWith_(Configuration)=0}
2024-04-24T11:29:50,735  INFO [main] ql.Driver: Completed compiling command(queryId=alex_20240424112950_dbc4cd5d-c54f-478f-8839-f348d0d05891); Time taken: 0.003 seconds
2024-04-24T11:29:50,736  INFO [main] reexec.ReExecDriver: Execution #1 of query
2024-04-24T11:29:50,736  INFO [main] ql.Driver: Concurrency mode is disabled, not creating a lock manager
2024-04-24T11:29:50,736  INFO [main] ql.Driver: Executing command(queryId=alex_20240424112950_dbc4cd5d-c54f-478f-8839-f348d0d05891): create table junit_specific_size(a int, b string) stored as RCFILE TBLPROPERTIES ('transactional'='false')
2024-04-24T11:29:50,736  INFO [main] ql.Driver: Starting task [Stage-0:DDL] in serial mode
2024-04-24T11:29:50,737  INFO [main] HiveMetaStore.audit: ugi=alex	ip=unknown-ip-addr	cmd=create_table_req: Table(tableName:junit_specific_size, dbName:default, owner:alex, createTime:1713983390, lastAccessTime:0, retention:0, sd:StorageDescriptor(cols:[FieldSchema(name:a, type:int, comment:null), FieldSchema(name:b, type:string, comment:null)], location:null, inputFormat:org.apache.hadoop.hive.ql.io.RCFileInputFormat, outputFormat:org.apache.hadoop.hive.ql.io.RCFileOutputFormat, compressed:false, numBuckets:-1, serdeInfo:SerDeInfo(name:null, serializationLib:org.apache.hadoop.hive.serde2.columnar.ColumnarSerDe, parameters:{serialization.format=1}), bucketCols:[], sortCols:[], parameters:{}, skewedInfo:SkewedInfo(skewedColNames:[], skewedColValues:[], skewedColValueLocationMaps:{}), storedAsSubDirectories:false), partitionKeys:[], parameters:{totalSize=0, numFiles=0, rawDataSize=0, bucketing_version=2, numFilesErasureCoded=0, transactional=false, COLUMN_STATS_ACCURATE={"BASIC_STATS":"true","COLUMN_STATS":{"a":"true","b":"true"}}, numRows=0}, viewOriginalText:null, viewExpandedText:null, tableType:MANAGED_TABLE, privileges:PrincipalPrivilegeSet(userPrivileges:{alex=[PrivilegeGrantInfo(privilege:INSERT, createTime:-1, grantor:alex, grantorType:USER, grantOption:true), PrivilegeGrantInfo(privilege:SELECT, createTime:-1, grantor:alex, grantorType:USER, grantOption:true), PrivilegeGrantInfo(privilege:UPDATE, createTime:-1, grantor:alex, grantorType:USER, grantOption:true), PrivilegeGrantInfo(privilege:DELETE, createTime:-1, grantor:alex, grantorType:USER, grantOption:true)]}, groupPrivileges:null, rolePrivileges:null), temporary:false, catName:hive, ownerType:USER)	
2024-04-24T11:29:50,743  INFO [main] utils.FileUtils: Creating directory if it doesn't exist: file:/home/alex/Repositories/hive/hcatalog/hcatalog-pig-adapter/build/test/data/org.apache.hive.hcatalog.mapreduce.HCatBaseTest-1713983215978/warehouse/junit_specific_size
2024-04-24T11:29:50,759  INFO [main] metadata.Hive: Dumping metastore api call timing information for : execution phase
2024-04-24T11:29:50,759  INFO [main] metadata.Hive: Total time spent in each metastore function (ms): {createTable_(Table)=22, isCompatibleWith_(Configuration)=0}
2024-04-24T11:29:50,759  INFO [main] ql.Driver: Completed executing command(queryId=alex_20240424112950_dbc4cd5d-c54f-478f-8839-f348d0d05891); Time taken: 0.023 seconds
2024-04-24T11:29:50,760  INFO [main] ql.Driver: Compiling command(queryId=alex_20240424112950_dbc4cd5d-c54f-478f-8839-f348d0d05891): create database if not exists junit_specific_db
2024-04-24T11:29:50,760  INFO [main] ql.Driver: Semantic Analysis Completed (retrial = false)
2024-04-24T11:29:50,760  INFO [main] ql.Driver: Created Hive schema: Schema(fieldSchemas:null, properties:null)
2024-04-24T11:29:50,760  INFO [main] metadata.Hive: Dumping metastore api call timing information for : compilation phase
2024-04-24T11:29:50,760  INFO [main] metadata.Hive: Total time spent in each metastore function (ms): {flushCache_()=0, isCompatibleWith_(Configuration)=0}
2024-04-24T11:29:50,760  INFO [main] ql.Driver: Completed compiling command(queryId=alex_20240424112950_dbc4cd5d-c54f-478f-8839-f348d0d05891); Time taken: 0.0 seconds
2024-04-24T11:29:50,761  INFO [main] reexec.ReExecDriver: Execution #1 of query
2024-04-24T11:29:50,761  INFO [main] ql.Driver: Concurrency mode is disabled, not creating a lock manager
2024-04-24T11:29:50,761  INFO [main] ql.Driver: Executing command(queryId=alex_20240424112950_dbc4cd5d-c54f-478f-8839-f348d0d05891): create database if not exists junit_specific_db
2024-04-24T11:29:50,761  INFO [main] ql.Driver: Starting task [Stage-0:DDL] in serial mode
2024-04-24T11:29:50,761  WARN [main] exec.DDLTask: metastore.warehouse.external.dir is not set, falling back to metastore.warehouse.dir. This could cause external tables to use to managed tablespace.
2024-04-24T11:29:50,761  INFO [main] HiveMetaStore.audit: ugi=alex	ip=unknown-ip-addr	cmd=create_database: Database(name:junit_specific_db, description:null, locationUri:file:/home/alex/Repositories/hive/hcatalog/hcatalog-pig-adapter/build/test/data/org.apache.hive.hcatalog.mapreduce.HCatBaseTest-1713983215978/warehouse/junit_specific_db.db, parameters:null, ownerName:alex, ownerType:USER, catalogName:hive, type:NATIVE)	
2024-04-24T11:29:50,763 ERROR [main] metastore.RetryingHMSHandler: AlreadyExistsException(message:Database junit_specific_db already exists)
	at org.apache.hadoop.hive.metastore.HMSHandler.create_database(HMSHandler.java:1472)
	at sun.reflect.NativeMethodAccessorImpl.invoke0(Native Method)
	at sun.reflect.NativeMethodAccessorImpl.invoke(NativeMethodAccessorImpl.java:62)
	at sun.reflect.DelegatingMethodAccessorImpl.invoke(DelegatingMethodAccessorImpl.java:43)
	at java.lang.reflect.Method.invoke(Method.java:498)
	at org.apache.hadoop.hive.metastore.RetryingHMSHandler.invokeInternal(RetryingHMSHandler.java:147)
	at org.apache.hadoop.hive.metastore.RetryingHMSHandler.invoke(RetryingHMSHandler.java:108)
	at com.sun.proxy.$Proxy35.create_database(Unknown Source)
	at org.apache.hadoop.hive.metastore.HiveMetaStoreClient.createDatabase(HiveMetaStoreClient.java:1151)
	at sun.reflect.NativeMethodAccessorImpl.invoke0(Native Method)
	at sun.reflect.NativeMethodAccessorImpl.invoke(NativeMethodAccessorImpl.java:62)
	at sun.reflect.DelegatingMethodAccessorImpl.invoke(DelegatingMethodAccessorImpl.java:43)
	at java.lang.reflect.Method.invoke(Method.java:498)
	at org.apache.hadoop.hive.metastore.RetryingMetaStoreClient.invoke(RetryingMetaStoreClient.java:218)
	at com.sun.proxy.$Proxy45.createDatabase(Unknown Source)
	at org.apache.hadoop.hive.ql.metadata.Hive.createDatabase(Hive.java:605)
	at org.apache.hadoop.hive.ql.ddl.database.create.CreateDatabaseOperation.execute(CreateDatabaseOperation.java:68)
	at org.apache.hadoop.hive.ql.ddl.DDLTask.execute(DDLTask.java:84)
	at org.apache.hadoop.hive.ql.exec.Task.executeTask(Task.java:212)
	at org.apache.hadoop.hive.ql.exec.TaskRunner.runSequential(TaskRunner.java:105)
	at org.apache.hadoop.hive.ql.Executor.launchTask(Executor.java:361)
	at org.apache.hadoop.hive.ql.Executor.launchTasks(Executor.java:334)
	at org.apache.hadoop.hive.ql.Executor.runTasks(Executor.java:245)
	at org.apache.hadoop.hive.ql.Executor.execute(Executor.java:108)
	at org.apache.hadoop.hive.ql.Driver.execute(Driver.java:348)
	at org.apache.hadoop.hive.ql.Driver.runInternal(Driver.java:204)
	at org.apache.hadoop.hive.ql.Driver.run(Driver.java:153)
	at org.apache.hadoop.hive.ql.Driver.run(Driver.java:148)
	at org.apache.hadoop.hive.ql.reexec.ReExecDriver.run(ReExecDriver.java:164)
	at org.apache.hadoop.hive.ql.reexec.ReExecDriver.run(ReExecDriver.java:230)
	at org.apache.hive.hcatalog.pig.AbstractHCatLoaderTest.executeStatementOnDriver(AbstractHCatLoaderTest.java:151)
	at org.apache.hive.hcatalog.pig.AbstractHCatLoaderTest.createTable(AbstractHCatLoaderTest.java:129)
	at org.apache.hive.hcatalog.pig.AbstractHCatLoaderTest.createTable(AbstractHCatLoaderTest.java:104)
	at org.apache.hive.hcatalog.pig.AbstractHCatLoaderTest.createTable(AbstractHCatLoaderTest.java:138)
	at org.apache.hive.hcatalog.pig.AbstractHCatLoaderTest.setUpTest(AbstractHCatLoaderTest.java:172)
	at sun.reflect.NativeMethodAccessorImpl.invoke0(Native Method)
	at sun.reflect.NativeMethodAccessorImpl.invoke(NativeMethodAccessorImpl.java:62)
	at sun.reflect.DelegatingMethodAccessorImpl.invoke(DelegatingMethodAccessorImpl.java:43)
	at java.lang.reflect.Method.invoke(Method.java:498)
	at org.junit.runners.model.FrameworkMethod$1.runReflectiveCall(FrameworkMethod.java:59)
	at org.junit.internal.runners.model.ReflectiveCallable.run(ReflectiveCallable.java:12)
	at org.junit.runners.model.FrameworkMethod.invokeExplosively(FrameworkMethod.java:56)
	at org.junit.internal.runners.statements.RunBefores.invokeMethod(RunBefores.java:33)
	at org.junit.internal.runners.statements.RunBefores.evaluate(RunBefores.java:24)
	at org.junit.internal.runners.statements.RunAfters.evaluate(RunAfters.java:27)
	at org.junit.runners.ParentRunner$3.evaluate(ParentRunner.java:306)
	at org.junit.runners.BlockJUnit4ClassRunner$1.evaluate(BlockJUnit4ClassRunner.java:100)
	at org.junit.runners.ParentRunner.runLeaf(ParentRunner.java:366)
	at org.junit.runners.BlockJUnit4ClassRunner.runChild(BlockJUnit4ClassRunner.java:103)
	at org.junit.runners.BlockJUnit4ClassRunner.runChild(BlockJUnit4ClassRunner.java:63)
	at org.junit.runners.ParentRunner$4.run(ParentRunner.java:331)
	at org.junit.runners.ParentRunner$1.schedule(ParentRunner.java:79)
	at org.junit.runners.ParentRunner.runChildren(ParentRunner.java:329)
	at org.junit.runners.ParentRunner.access$100(ParentRunner.java:66)
	at org.junit.runners.ParentRunner$2.evaluate(ParentRunner.java:293)
	at org.junit.internal.runners.statements.RunBefores.evaluate(RunBefores.java:26)
	at org.junit.runners.ParentRunner$3.evaluate(ParentRunner.java:306)
	at org.junit.runners.ParentRunner.run(ParentRunner.java:413)
	at org.junit.runners.Suite.runChild(Suite.java:128)
	at org.junit.runners.Suite.runChild(Suite.java:27)
	at org.junit.runners.ParentRunner$4.run(ParentRunner.java:331)
	at org.junit.runners.ParentRunner$1.schedule(ParentRunner.java:79)
	at org.junit.runners.ParentRunner.runChildren(ParentRunner.java:329)
	at org.junit.runners.ParentRunner.access$100(ParentRunner.java:66)
	at org.junit.runners.ParentRunner$2.evaluate(ParentRunner.java:293)
	at org.junit.runners.ParentRunner$3.evaluate(ParentRunner.java:306)
	at org.junit.runners.ParentRunner.run(ParentRunner.java:413)
	at org.apache.maven.surefire.junitcore.JUnitCore.run(JUnitCore.java:55)
	at org.apache.maven.surefire.junitcore.JUnitCoreWrapper.createRequestAndRun(JUnitCoreWrapper.java:137)
	at org.apache.maven.surefire.junitcore.JUnitCoreWrapper.executeEager(JUnitCoreWrapper.java:107)
	at org.apache.maven.surefire.junitcore.JUnitCoreWrapper.execute(JUnitCoreWrapper.java:83)
	at org.apache.maven.surefire.junitcore.JUnitCoreWrapper.execute(JUnitCoreWrapper.java:75)
	at org.apache.maven.surefire.junitcore.JUnitCoreProvider.invoke(JUnitCoreProvider.java:158)
	at org.apache.maven.surefire.booter.ForkedBooter.runSuitesInProcess(ForkedBooter.java:377)
	at org.apache.maven.surefire.booter.ForkedBooter.execute(ForkedBooter.java:138)
	at org.apache.maven.surefire.booter.ForkedBooter.run(ForkedBooter.java:465)
	at org.apache.maven.surefire.booter.ForkedBooter.main(ForkedBooter.java:451)

2024-04-24T11:29:50,763  INFO [main] metadata.Hive: Dumping metastore api call timing information for : execution phase
2024-04-24T11:29:50,763  INFO [main] metadata.Hive: Total time spent in each metastore function (ms): {isCompatibleWith_(Configuration)=0}
2024-04-24T11:29:50,764  INFO [main] ql.Driver: Completed executing command(queryId=alex_20240424112950_dbc4cd5d-c54f-478f-8839-f348d0d05891); Time taken: 0.002 seconds
2024-04-24T11:29:50,764  INFO [main] ql.Driver: Compiling command(queryId=alex_20240424112950_dbc4cd5d-c54f-478f-8839-f348d0d05891): use junit_specific_db
2024-04-24T11:29:50,764  INFO [main] HiveMetaStore.audit: ugi=alex	ip=unknown-ip-addr	cmd=get_database: junit_specific_db	
2024-04-24T11:29:50,766  INFO [main] ql.Driver: Semantic Analysis Completed (retrial = false)
2024-04-24T11:29:50,766  INFO [main] ql.Driver: Created Hive schema: Schema(fieldSchemas:null, properties:null)
2024-04-24T11:29:50,766  INFO [main] metadata.Hive: Dumping metastore api call timing information for : compilation phase
2024-04-24T11:29:50,766  INFO [main] metadata.Hive: Total time spent in each metastore function (ms): {flushCache_()=0, isCompatibleWith_(Configuration)=0, getDatabase_(String)=2}
2024-04-24T11:29:50,766  INFO [main] ql.Driver: Completed compiling command(queryId=alex_20240424112950_dbc4cd5d-c54f-478f-8839-f348d0d05891); Time taken: 0.002 seconds
2024-04-24T11:29:50,766  INFO [main] reexec.ReExecDriver: Execution #1 of query
2024-04-24T11:29:50,766  INFO [main] ql.Driver: Concurrency mode is disabled, not creating a lock manager
2024-04-24T11:29:50,766  INFO [main] ql.Driver: Executing command(queryId=alex_20240424112950_dbc4cd5d-c54f-478f-8839-f348d0d05891): use junit_specific_db
2024-04-24T11:29:50,767  INFO [main] ql.Driver: Starting task [Stage-0:DDL] in serial mode
2024-04-24T11:29:50,767  INFO [main] HiveMetaStore.audit: ugi=alex	ip=unknown-ip-addr	cmd=get_database: junit_specific_db	
2024-04-24T11:29:50,768  INFO [main] HiveMetaStore.audit: ugi=alex	ip=unknown-ip-addr	cmd=get_database: junit_specific_db	
2024-04-24T11:29:50,769  INFO [main] metadata.Hive: Dumping metastore api call timing information for : execution phase
2024-04-24T11:29:50,770  INFO [main] metadata.Hive: Total time spent in each metastore function (ms): {isCompatibleWith_(Configuration)=0, getDatabase_(String)=2}
2024-04-24T11:29:50,770  INFO [main] ql.Driver: Completed executing command(queryId=alex_20240424112950_dbc4cd5d-c54f-478f-8839-f348d0d05891); Time taken: 0.003 seconds
2024-04-24T11:29:50,770  INFO [main] ql.Driver: Compiling command(queryId=alex_20240424112950_dbc4cd5d-c54f-478f-8839-f348d0d05891): create table junit_specific_size2(a int, b string) stored as RCFILE TBLPROPERTIES ('transactional'='false')
2024-04-24T11:29:50,771  INFO [main] parse.CalcitePlanner: Starting caching scope for: alex_20240424112950_dbc4cd5d-c54f-478f-8839-f348d0d05891
2024-04-24T11:29:50,771  INFO [main] parse.CalcitePlanner: Starting Semantic Analysis
2024-04-24T11:29:50,771  INFO [main] parse.CalcitePlanner: Creating table junit_specific_db.junit_specific_size2 position=13
2024-04-24T11:29:50,771  INFO [main] HiveMetaStore.audit: ugi=alex	ip=unknown-ip-addr	cmd=get_database: junit_specific_db	
2024-04-24T11:29:50,773  INFO [main] parse.CalcitePlanner: Ending caching scope for: alex_20240424112950_dbc4cd5d-c54f-478f-8839-f348d0d05891
2024-04-24T11:29:50,773  INFO [main] ql.Driver: Semantic Analysis Completed (retrial = false)
2024-04-24T11:29:50,773  INFO [main] ql.Driver: Created Hive schema: Schema(fieldSchemas:null, properties:null)
2024-04-24T11:29:50,773  INFO [main] metadata.Hive: Dumping metastore api call timing information for : compilation phase
2024-04-24T11:29:50,773  INFO [main] metadata.Hive: Total time spent in each metastore function (ms): {flushCache_()=0, getDatabase_(String)=2, isCompatibleWith_(Configuration)=0}
2024-04-24T11:29:50,773  INFO [main] ql.Driver: Completed compiling command(queryId=alex_20240424112950_dbc4cd5d-c54f-478f-8839-f348d0d05891); Time taken: 0.003 seconds
2024-04-24T11:29:50,773  INFO [main] reexec.ReExecDriver: Execution #1 of query
2024-04-24T11:29:50,773  INFO [main] ql.Driver: Concurrency mode is disabled, not creating a lock manager
2024-04-24T11:29:50,774  INFO [main] ql.Driver: Executing command(queryId=alex_20240424112950_dbc4cd5d-c54f-478f-8839-f348d0d05891): create table junit_specific_size2(a int, b string) stored as RCFILE TBLPROPERTIES ('transactional'='false')
2024-04-24T11:29:50,774  INFO [main] ql.Driver: Starting task [Stage-0:DDL] in serial mode
2024-04-24T11:29:50,775  INFO [main] HiveMetaStore.audit: ugi=alex	ip=unknown-ip-addr	cmd=create_table_req: Table(tableName:junit_specific_size2, dbName:junit_specific_db, owner:alex, createTime:1713983390, lastAccessTime:0, retention:0, sd:StorageDescriptor(cols:[FieldSchema(name:a, type:int, comment:null), FieldSchema(name:b, type:string, comment:null)], location:null, inputFormat:org.apache.hadoop.hive.ql.io.RCFileInputFormat, outputFormat:org.apache.hadoop.hive.ql.io.RCFileOutputFormat, compressed:false, numBuckets:-1, serdeInfo:SerDeInfo(name:null, serializationLib:org.apache.hadoop.hive.serde2.columnar.ColumnarSerDe, parameters:{serialization.format=1}), bucketCols:[], sortCols:[], parameters:{}, skewedInfo:SkewedInfo(skewedColNames:[], skewedColValues:[], skewedColValueLocationMaps:{}), storedAsSubDirectories:false), partitionKeys:[], parameters:{transactional=false, numFilesErasureCoded=0, bucketing_version=2, numRows=0, rawDataSize=0, totalSize=0, COLUMN_STATS_ACCURATE={"BASIC_STATS":"true","COLUMN_STATS":{"a":"true","b":"true"}}, numFiles=0}, viewOriginalText:null, viewExpandedText:null, tableType:MANAGED_TABLE, privileges:PrincipalPrivilegeSet(userPrivileges:{alex=[PrivilegeGrantInfo(privilege:INSERT, createTime:-1, grantor:alex, grantorType:USER, grantOption:true), PrivilegeGrantInfo(privilege:SELECT, createTime:-1, grantor:alex, grantorType:USER, grantOption:true), PrivilegeGrantInfo(privilege:UPDATE, createTime:-1, grantor:alex, grantorType:USER, grantOption:true), PrivilegeGrantInfo(privilege:DELETE, createTime:-1, grantor:alex, grantorType:USER, grantOption:true)]}, groupPrivileges:null, rolePrivileges:null), temporary:false, catName:hive, ownerType:USER)	
2024-04-24T11:29:50,783  WARN [main] metastore.HMSHandler: create_table_req got 
org.apache.hadoop.hive.metastore.api.AlreadyExistsException: Table hive.junit_specific_db.junit_specific_size2 already exists
	at org.apache.hadoop.hive.metastore.HMSHandler.create_table_core(HMSHandler.java:2339) ~[classes/:?]
	at org.apache.hadoop.hive.metastore.HMSHandler.create_table_req(HMSHandler.java:2598) [classes/:?]
	at sun.reflect.GeneratedMethodAccessor40.invoke(Unknown Source) ~[?:?]
	at sun.reflect.DelegatingMethodAccessorImpl.invoke(DelegatingMethodAccessorImpl.java:43) ~[?:1.8.0_402]
	at java.lang.reflect.Method.invoke(Method.java:498) ~[?:1.8.0_402]
	at org.apache.hadoop.hive.metastore.RetryingHMSHandler.invokeInternal(RetryingHMSHandler.java:147) [classes/:?]
	at org.apache.hadoop.hive.metastore.RetryingHMSHandler.invoke(RetryingHMSHandler.java:108) [classes/:?]
	at com.sun.proxy.$Proxy35.create_table_req(Unknown Source) [?:?]
	at org.apache.hadoop.hive.metastore.HiveMetaStoreClient.create_table_with_environment_context(HiveMetaStoreClient.java:4408) [classes/:?]
	at org.apache.hadoop.hive.ql.metadata.SessionHiveMetaStoreClient.create_table_with_environment_context(SessionHiveMetaStoreClient.java:182) [classes/:?]
	at org.apache.hadoop.hive.metastore.HiveMetaStoreClient.createTable(HiveMetaStoreClient.java:1260) [classes/:?]
	at org.apache.hadoop.hive.metastore.HiveMetaStoreClient.createTable(HiveMetaStoreClient.java:1245) [classes/:?]
	at sun.reflect.GeneratedMethodAccessor39.invoke(Unknown Source) ~[?:?]
	at sun.reflect.DelegatingMethodAccessorImpl.invoke(DelegatingMethodAccessorImpl.java:43) ~[?:1.8.0_402]
	at java.lang.reflect.Method.invoke(Method.java:498) ~[?:1.8.0_402]
	at org.apache.hadoop.hive.metastore.RetryingMetaStoreClient.invoke(RetryingMetaStoreClient.java:218) [classes/:?]
	at com.sun.proxy.$Proxy45.createTable(Unknown Source) [?:?]
	at org.apache.hadoop.hive.ql.metadata.Hive.createTable(Hive.java:1290) [classes/:?]
	at org.apache.hadoop.hive.ql.metadata.Hive.createTable(Hive.java:1306) [classes/:?]
	at org.apache.hadoop.hive.ql.ddl.table.create.CreateTableOperation.createTableNonReplaceMode(CreateTableOperation.java:140) [classes/:?]
	at org.apache.hadoop.hive.ql.ddl.table.create.CreateTableOperation.execute(CreateTableOperation.java:98) [classes/:?]
	at org.apache.hadoop.hive.ql.ddl.DDLTask.execute(DDLTask.java:84) [classes/:?]
	at org.apache.hadoop.hive.ql.exec.Task.executeTask(Task.java:212) [classes/:?]
	at org.apache.hadoop.hive.ql.exec.TaskRunner.runSequential(TaskRunner.java:105) [classes/:?]
	at org.apache.hadoop.hive.ql.Executor.launchTask(Executor.java:361) [classes/:?]
	at org.apache.hadoop.hive.ql.Executor.launchTasks(Executor.java:334) [classes/:?]
	at org.apache.hadoop.hive.ql.Executor.runTasks(Executor.java:245) [classes/:?]
	at org.apache.hadoop.hive.ql.Executor.execute(Executor.java:108) [classes/:?]
	at org.apache.hadoop.hive.ql.Driver.execute(Driver.java:348) [classes/:?]
	at org.apache.hadoop.hive.ql.Driver.runInternal(Driver.java:204) [classes/:?]
	at org.apache.hadoop.hive.ql.Driver.run(Driver.java:153) [classes/:?]
	at org.apache.hadoop.hive.ql.Driver.run(Driver.java:148) [classes/:?]
	at org.apache.hadoop.hive.ql.reexec.ReExecDriver.run(ReExecDriver.java:164) [classes/:?]
	at org.apache.hadoop.hive.ql.reexec.ReExecDriver.run(ReExecDriver.java:230) [classes/:?]
	at org.apache.hive.hcatalog.pig.AbstractHCatLoaderTest.executeStatementOnDriver(AbstractHCatLoaderTest.java:151) [test-classes/:?]
	at org.apache.hive.hcatalog.pig.AbstractHCatLoaderTest.createTable(AbstractHCatLoaderTest.java:134) [test-classes/:?]
	at org.apache.hive.hcatalog.pig.AbstractHCatLoaderTest.createTable(AbstractHCatLoaderTest.java:104) [test-classes/:?]
	at org.apache.hive.hcatalog.pig.AbstractHCatLoaderTest.createTable(AbstractHCatLoaderTest.java:138) [test-classes/:?]
	at org.apache.hive.hcatalog.pig.AbstractHCatLoaderTest.setUpTest(AbstractHCatLoaderTest.java:172) [test-classes/:?]
	at sun.reflect.NativeMethodAccessorImpl.invoke0(Native Method) ~[?:1.8.0_402]
	at sun.reflect.NativeMethodAccessorImpl.invoke(NativeMethodAccessorImpl.java:62) ~[?:1.8.0_402]
	at sun.reflect.DelegatingMethodAccessorImpl.invoke(DelegatingMethodAccessorImpl.java:43) ~[?:1.8.0_402]
	at java.lang.reflect.Method.invoke(Method.java:498) ~[?:1.8.0_402]
	at org.junit.runners.model.FrameworkMethod$1.runReflectiveCall(FrameworkMethod.java:59) [junit-4.13.jar:4.13]
	at org.junit.internal.runners.model.ReflectiveCallable.run(ReflectiveCallable.java:12) [junit-4.13.jar:4.13]
	at org.junit.runners.model.FrameworkMethod.invokeExplosively(FrameworkMethod.java:56) [junit-4.13.jar:4.13]
	at org.junit.internal.runners.statements.RunBefores.invokeMethod(RunBefores.java:33) [junit-4.13.jar:4.13]
	at org.junit.internal.runners.statements.RunBefores.evaluate(RunBefores.java:24) [junit-4.13.jar:4.13]
	at org.junit.internal.runners.statements.RunAfters.evaluate(RunAfters.java:27) [junit-4.13.jar:4.13]
	at org.junit.runners.ParentRunner$3.evaluate(ParentRunner.java:306) [junit-4.13.jar:4.13]
	at org.junit.runners.BlockJUnit4ClassRunner$1.evaluate(BlockJUnit4ClassRunner.java:100) [junit-4.13.jar:4.13]
	at org.junit.runners.ParentRunner.runLeaf(ParentRunner.java:366) [junit-4.13.jar:4.13]
	at org.junit.runners.BlockJUnit4ClassRunner.runChild(BlockJUnit4ClassRunner.java:103) [junit-4.13.jar:4.13]
	at org.junit.runners.BlockJUnit4ClassRunner.runChild(BlockJUnit4ClassRunner.java:63) [junit-4.13.jar:4.13]
	at org.junit.runners.ParentRunner$4.run(ParentRunner.java:331) [junit-4.13.jar:4.13]
	at org.junit.runners.ParentRunner$1.schedule(ParentRunner.java:79) [junit-4.13.jar:4.13]
	at org.junit.runners.ParentRunner.runChildren(ParentRunner.java:329) [junit-4.13.jar:4.13]
	at org.junit.runners.ParentRunner.access$100(ParentRunner.java:66) [junit-4.13.jar:4.13]
	at org.junit.runners.ParentRunner$2.evaluate(ParentRunner.java:293) [junit-4.13.jar:4.13]
	at org.junit.internal.runners.statements.RunBefores.evaluate(RunBefores.java:26) [junit-4.13.jar:4.13]
	at org.junit.runners.ParentRunner$3.evaluate(ParentRunner.java:306) [junit-4.13.jar:4.13]
	at org.junit.runners.ParentRunner.run(ParentRunner.java:413) [junit-4.13.jar:4.13]
	at org.junit.runners.Suite.runChild(Suite.java:128) [junit-4.13.jar:4.13]
	at org.junit.runners.Suite.runChild(Suite.java:27) [junit-4.13.jar:4.13]
	at org.junit.runners.ParentRunner$4.run(ParentRunner.java:331) [junit-4.13.jar:4.13]
	at org.junit.runners.ParentRunner$1.schedule(ParentRunner.java:79) [junit-4.13.jar:4.13]
	at org.junit.runners.ParentRunner.runChildren(ParentRunner.java:329) [junit-4.13.jar:4.13]
	at org.junit.runners.ParentRunner.access$100(ParentRunner.java:66) [junit-4.13.jar:4.13]
	at org.junit.runners.ParentRunner$2.evaluate(ParentRunner.java:293) [junit-4.13.jar:4.13]
	at org.junit.runners.ParentRunner$3.evaluate(ParentRunner.java:306) [junit-4.13.jar:4.13]
	at org.junit.runners.ParentRunner.run(ParentRunner.java:413) [junit-4.13.jar:4.13]
	at org.apache.maven.surefire.junitcore.JUnitCore.run(JUnitCore.java:55) [surefire-junit47-3.0.0-M4.jar:3.0.0-M4]
	at org.apache.maven.surefire.junitcore.JUnitCoreWrapper.createRequestAndRun(JUnitCoreWrapper.java:137) [surefire-junit47-3.0.0-M4.jar:3.0.0-M4]
	at org.apache.maven.surefire.junitcore.JUnitCoreWrapper.executeEager(JUnitCoreWrapper.java:107) [surefire-junit47-3.0.0-M4.jar:3.0.0-M4]
	at org.apache.maven.surefire.junitcore.JUnitCoreWrapper.execute(JUnitCoreWrapper.java:83) [surefire-junit47-3.0.0-M4.jar:3.0.0-M4]
	at org.apache.maven.surefire.junitcore.JUnitCoreWrapper.execute(JUnitCoreWrapper.java:75) [surefire-junit47-3.0.0-M4.jar:3.0.0-M4]
	at org.apache.maven.surefire.junitcore.JUnitCoreProvider.invoke(JUnitCoreProvider.java:158) [surefire-junit47-3.0.0-M4.jar:3.0.0-M4]
	at org.apache.maven.surefire.booter.ForkedBooter.runSuitesInProcess(ForkedBooter.java:377) [surefire-booter-3.0.0-M4.jar:3.0.0-M4]
	at org.apache.maven.surefire.booter.ForkedBooter.execute(ForkedBooter.java:138) [surefire-booter-3.0.0-M4.jar:3.0.0-M4]
	at org.apache.maven.surefire.booter.ForkedBooter.run(ForkedBooter.java:465) [surefire-booter-3.0.0-M4.jar:3.0.0-M4]
	at org.apache.maven.surefire.booter.ForkedBooter.main(ForkedBooter.java:451) [surefire-booter-3.0.0-M4.jar:3.0.0-M4]
2024-04-24T11:29:50,786 ERROR [main] metastore.RetryingHMSHandler: AlreadyExistsException(message:Table hive.junit_specific_db.junit_specific_size2 already exists)
	at org.apache.hadoop.hive.metastore.HMSHandler.create_table_core(HMSHandler.java:2339)
	at org.apache.hadoop.hive.metastore.HMSHandler.create_table_req(HMSHandler.java:2598)
	at sun.reflect.GeneratedMethodAccessor40.invoke(Unknown Source)
	at sun.reflect.DelegatingMethodAccessorImpl.invoke(DelegatingMethodAccessorImpl.java:43)
	at java.lang.reflect.Method.invoke(Method.java:498)
	at org.apache.hadoop.hive.metastore.RetryingHMSHandler.invokeInternal(RetryingHMSHandler.java:147)
	at org.apache.hadoop.hive.metastore.RetryingHMSHandler.invoke(RetryingHMSHandler.java:108)
	at com.sun.proxy.$Proxy35.create_table_req(Unknown Source)
	at org.apache.hadoop.hive.metastore.HiveMetaStoreClient.create_table_with_environment_context(HiveMetaStoreClient.java:4408)
	at org.apache.hadoop.hive.ql.metadata.SessionHiveMetaStoreClient.create_table_with_environment_context(SessionHiveMetaStoreClient.java:182)
	at org.apache.hadoop.hive.metastore.HiveMetaStoreClient.createTable(HiveMetaStoreClient.java:1260)
	at org.apache.hadoop.hive.metastore.HiveMetaStoreClient.createTable(HiveMetaStoreClient.java:1245)
	at sun.reflect.GeneratedMethodAccessor39.invoke(Unknown Source)
	at sun.reflect.DelegatingMethodAccessorImpl.invoke(DelegatingMethodAccessorImpl.java:43)
	at java.lang.reflect.Method.invoke(Method.java:498)
	at org.apache.hadoop.hive.metastore.RetryingMetaStoreClient.invoke(RetryingMetaStoreClient.java:218)
	at com.sun.proxy.$Proxy45.createTable(Unknown Source)
	at org.apache.hadoop.hive.ql.metadata.Hive.createTable(Hive.java:1290)
	at org.apache.hadoop.hive.ql.metadata.Hive.createTable(Hive.java:1306)
	at org.apache.hadoop.hive.ql.ddl.table.create.CreateTableOperation.createTableNonReplaceMode(CreateTableOperation.java:140)
	at org.apache.hadoop.hive.ql.ddl.table.create.CreateTableOperation.execute(CreateTableOperation.java:98)
	at org.apache.hadoop.hive.ql.ddl.DDLTask.execute(DDLTask.java:84)
	at org.apache.hadoop.hive.ql.exec.Task.executeTask(Task.java:212)
	at org.apache.hadoop.hive.ql.exec.TaskRunner.runSequential(TaskRunner.java:105)
	at org.apache.hadoop.hive.ql.Executor.launchTask(Executor.java:361)
	at org.apache.hadoop.hive.ql.Executor.launchTasks(Executor.java:334)
	at org.apache.hadoop.hive.ql.Executor.runTasks(Executor.java:245)
	at org.apache.hadoop.hive.ql.Executor.execute(Executor.java:108)
	at org.apache.hadoop.hive.ql.Driver.execute(Driver.java:348)
	at org.apache.hadoop.hive.ql.Driver.runInternal(Driver.java:204)
	at org.apache.hadoop.hive.ql.Driver.run(Driver.java:153)
	at org.apache.hadoop.hive.ql.Driver.run(Driver.java:148)
	at org.apache.hadoop.hive.ql.reexec.ReExecDriver.run(ReExecDriver.java:164)
	at org.apache.hadoop.hive.ql.reexec.ReExecDriver.run(ReExecDriver.java:230)
	at org.apache.hive.hcatalog.pig.AbstractHCatLoaderTest.executeStatementOnDriver(AbstractHCatLoaderTest.java:151)
	at org.apache.hive.hcatalog.pig.AbstractHCatLoaderTest.createTable(AbstractHCatLoaderTest.java:134)
	at org.apache.hive.hcatalog.pig.AbstractHCatLoaderTest.createTable(AbstractHCatLoaderTest.java:104)
	at org.apache.hive.hcatalog.pig.AbstractHCatLoaderTest.createTable(AbstractHCatLoaderTest.java:138)
	at org.apache.hive.hcatalog.pig.AbstractHCatLoaderTest.setUpTest(AbstractHCatLoaderTest.java:172)
	at sun.reflect.NativeMethodAccessorImpl.invoke0(Native Method)
	at sun.reflect.NativeMethodAccessorImpl.invoke(NativeMethodAccessorImpl.java:62)
	at sun.reflect.DelegatingMethodAccessorImpl.invoke(DelegatingMethodAccessorImpl.java:43)
	at java.lang.reflect.Method.invoke(Method.java:498)
	at org.junit.runners.model.FrameworkMethod$1.runReflectiveCall(FrameworkMethod.java:59)
	at org.junit.internal.runners.model.ReflectiveCallable.run(ReflectiveCallable.java:12)
	at org.junit.runners.model.FrameworkMethod.invokeExplosively(FrameworkMethod.java:56)
	at org.junit.internal.runners.statements.RunBefores.invokeMethod(RunBefores.java:33)
	at org.junit.internal.runners.statements.RunBefores.evaluate(RunBefores.java:24)
	at org.junit.internal.runners.statements.RunAfters.evaluate(RunAfters.java:27)
	at org.junit.runners.ParentRunner$3.evaluate(ParentRunner.java:306)
	at org.junit.runners.BlockJUnit4ClassRunner$1.evaluate(BlockJUnit4ClassRunner.java:100)
	at org.junit.runners.ParentRunner.runLeaf(ParentRunner.java:366)
	at org.junit.runners.BlockJUnit4ClassRunner.runChild(BlockJUnit4ClassRunner.java:103)
	at org.junit.runners.BlockJUnit4ClassRunner.runChild(BlockJUnit4ClassRunner.java:63)
	at org.junit.runners.ParentRunner$4.run(ParentRunner.java:331)
	at org.junit.runners.ParentRunner$1.schedule(ParentRunner.java:79)
	at org.junit.runners.ParentRunner.runChildren(ParentRunner.java:329)
	at org.junit.runners.ParentRunner.access$100(ParentRunner.java:66)
	at org.junit.runners.ParentRunner$2.evaluate(ParentRunner.java:293)
	at org.junit.internal.runners.statements.RunBefores.evaluate(RunBefores.java:26)
	at org.junit.runners.ParentRunner$3.evaluate(ParentRunner.java:306)
	at org.junit.runners.ParentRunner.run(ParentRunner.java:413)
	at org.junit.runners.Suite.runChild(Suite.java:128)
	at org.junit.runners.Suite.runChild(Suite.java:27)
	at org.junit.runners.ParentRunner$4.run(ParentRunner.java:331)
	at org.junit.runners.ParentRunner$1.schedule(ParentRunner.java:79)
	at org.junit.runners.ParentRunner.runChildren(ParentRunner.java:329)
	at org.junit.runners.ParentRunner.access$100(ParentRunner.java:66)
	at org.junit.runners.ParentRunner$2.evaluate(ParentRunner.java:293)
	at org.junit.runners.ParentRunner$3.evaluate(ParentRunner.java:306)
	at org.junit.runners.ParentRunner.run(ParentRunner.java:413)
	at org.apache.maven.surefire.junitcore.JUnitCore.run(JUnitCore.java:55)
	at org.apache.maven.surefire.junitcore.JUnitCoreWrapper.createRequestAndRun(JUnitCoreWrapper.java:137)
	at org.apache.maven.surefire.junitcore.JUnitCoreWrapper.executeEager(JUnitCoreWrapper.java:107)
	at org.apache.maven.surefire.junitcore.JUnitCoreWrapper.execute(JUnitCoreWrapper.java:83)
	at org.apache.maven.surefire.junitcore.JUnitCoreWrapper.execute(JUnitCoreWrapper.java:75)
	at org.apache.maven.surefire.junitcore.JUnitCoreProvider.invoke(JUnitCoreProvider.java:158)
	at org.apache.maven.surefire.booter.ForkedBooter.runSuitesInProcess(ForkedBooter.java:377)
	at org.apache.maven.surefire.booter.ForkedBooter.execute(ForkedBooter.java:138)
	at org.apache.maven.surefire.booter.ForkedBooter.run(ForkedBooter.java:465)
	at org.apache.maven.surefire.booter.ForkedBooter.main(ForkedBooter.java:451)

2024-04-24T11:29:50,786 ERROR [main] exec.Task: Failed
org.apache.hadoop.hive.ql.metadata.HiveException: AlreadyExistsException(message:Table hive.junit_specific_db.junit_specific_size2 already exists)
	at org.apache.hadoop.hive.ql.metadata.Hive.createTable(Hive.java:1298) ~[classes/:?]
	at org.apache.hadoop.hive.ql.metadata.Hive.createTable(Hive.java:1306) ~[classes/:?]
	at org.apache.hadoop.hive.ql.ddl.table.create.CreateTableOperation.createTableNonReplaceMode(CreateTableOperation.java:140) ~[classes/:?]
	at org.apache.hadoop.hive.ql.ddl.table.create.CreateTableOperation.execute(CreateTableOperation.java:98) ~[classes/:?]
	at org.apache.hadoop.hive.ql.ddl.DDLTask.execute(DDLTask.java:84) [classes/:?]
	at org.apache.hadoop.hive.ql.exec.Task.executeTask(Task.java:212) [classes/:?]
	at org.apache.hadoop.hive.ql.exec.TaskRunner.runSequential(TaskRunner.java:105) [classes/:?]
	at org.apache.hadoop.hive.ql.Executor.launchTask(Executor.java:361) [classes/:?]
	at org.apache.hadoop.hive.ql.Executor.launchTasks(Executor.java:334) [classes/:?]
	at org.apache.hadoop.hive.ql.Executor.runTasks(Executor.java:245) [classes/:?]
	at org.apache.hadoop.hive.ql.Executor.execute(Executor.java:108) [classes/:?]
	at org.apache.hadoop.hive.ql.Driver.execute(Driver.java:348) [classes/:?]
	at org.apache.hadoop.hive.ql.Driver.runInternal(Driver.java:204) [classes/:?]
	at org.apache.hadoop.hive.ql.Driver.run(Driver.java:153) [classes/:?]
	at org.apache.hadoop.hive.ql.Driver.run(Driver.java:148) [classes/:?]
	at org.apache.hadoop.hive.ql.reexec.ReExecDriver.run(ReExecDriver.java:164) [classes/:?]
	at org.apache.hadoop.hive.ql.reexec.ReExecDriver.run(ReExecDriver.java:230) [classes/:?]
	at org.apache.hive.hcatalog.pig.AbstractHCatLoaderTest.executeStatementOnDriver(AbstractHCatLoaderTest.java:151) [test-classes/:?]
	at org.apache.hive.hcatalog.pig.AbstractHCatLoaderTest.createTable(AbstractHCatLoaderTest.java:134) [test-classes/:?]
	at org.apache.hive.hcatalog.pig.AbstractHCatLoaderTest.createTable(AbstractHCatLoaderTest.java:104) [test-classes/:?]
	at org.apache.hive.hcatalog.pig.AbstractHCatLoaderTest.createTable(AbstractHCatLoaderTest.java:138) [test-classes/:?]
	at org.apache.hive.hcatalog.pig.AbstractHCatLoaderTest.setUpTest(AbstractHCatLoaderTest.java:172) [test-classes/:?]
	at sun.reflect.NativeMethodAccessorImpl.invoke0(Native Method) ~[?:1.8.0_402]
	at sun.reflect.NativeMethodAccessorImpl.invoke(NativeMethodAccessorImpl.java:62) ~[?:1.8.0_402]
	at sun.reflect.DelegatingMethodAccessorImpl.invoke(DelegatingMethodAccessorImpl.java:43) ~[?:1.8.0_402]
	at java.lang.reflect.Method.invoke(Method.java:498) ~[?:1.8.0_402]
	at org.junit.runners.model.FrameworkMethod$1.runReflectiveCall(FrameworkMethod.java:59) [junit-4.13.jar:4.13]
	at org.junit.internal.runners.model.ReflectiveCallable.run(ReflectiveCallable.java:12) [junit-4.13.jar:4.13]
	at org.junit.runners.model.FrameworkMethod.invokeExplosively(FrameworkMethod.java:56) [junit-4.13.jar:4.13]
	at org.junit.internal.runners.statements.RunBefores.invokeMethod(RunBefores.java:33) [junit-4.13.jar:4.13]
	at org.junit.internal.runners.statements.RunBefores.evaluate(RunBefores.java:24) [junit-4.13.jar:4.13]
	at org.junit.internal.runners.statements.RunAfters.evaluate(RunAfters.java:27) [junit-4.13.jar:4.13]
	at org.junit.runners.ParentRunner$3.evaluate(ParentRunner.java:306) [junit-4.13.jar:4.13]
	at org.junit.runners.BlockJUnit4ClassRunner$1.evaluate(BlockJUnit4ClassRunner.java:100) [junit-4.13.jar:4.13]
	at org.junit.runners.ParentRunner.runLeaf(ParentRunner.java:366) [junit-4.13.jar:4.13]
	at org.junit.runners.BlockJUnit4ClassRunner.runChild(BlockJUnit4ClassRunner.java:103) [junit-4.13.jar:4.13]
	at org.junit.runners.BlockJUnit4ClassRunner.runChild(BlockJUnit4ClassRunner.java:63) [junit-4.13.jar:4.13]
	at org.junit.runners.ParentRunner$4.run(ParentRunner.java:331) [junit-4.13.jar:4.13]
	at org.junit.runners.ParentRunner$1.schedule(ParentRunner.java:79) [junit-4.13.jar:4.13]
	at org.junit.runners.ParentRunner.runChildren(ParentRunner.java:329) [junit-4.13.jar:4.13]
	at org.junit.runners.ParentRunner.access$100(ParentRunner.java:66) [junit-4.13.jar:4.13]
	at org.junit.runners.ParentRunner$2.evaluate(ParentRunner.java:293) [junit-4.13.jar:4.13]
	at org.junit.internal.runners.statements.RunBefores.evaluate(RunBefores.java:26) [junit-4.13.jar:4.13]
	at org.junit.runners.ParentRunner$3.evaluate(ParentRunner.java:306) [junit-4.13.jar:4.13]
	at org.junit.runners.ParentRunner.run(ParentRunner.java:413) [junit-4.13.jar:4.13]
	at org.junit.runners.Suite.runChild(Suite.java:128) [junit-4.13.jar:4.13]
	at org.junit.runners.Suite.runChild(Suite.java:27) [junit-4.13.jar:4.13]
	at org.junit.runners.ParentRunner$4.run(ParentRunner.java:331) [junit-4.13.jar:4.13]
	at org.junit.runners.ParentRunner$1.schedule(ParentRunner.java:79) [junit-4.13.jar:4.13]
	at org.junit.runners.ParentRunner.runChildren(ParentRunner.java:329) [junit-4.13.jar:4.13]
	at org.junit.runners.ParentRunner.access$100(ParentRunner.java:66) [junit-4.13.jar:4.13]
	at org.junit.runners.ParentRunner$2.evaluate(ParentRunner.java:293) [junit-4.13.jar:4.13]
	at org.junit.runners.ParentRunner$3.evaluate(ParentRunner.java:306) [junit-4.13.jar:4.13]
	at org.junit.runners.ParentRunner.run(ParentRunner.java:413) [junit-4.13.jar:4.13]
	at org.apache.maven.surefire.junitcore.JUnitCore.run(JUnitCore.java:55) [surefire-junit47-3.0.0-M4.jar:3.0.0-M4]
	at org.apache.maven.surefire.junitcore.JUnitCoreWrapper.createRequestAndRun(JUnitCoreWrapper.java:137) [surefire-junit47-3.0.0-M4.jar:3.0.0-M4]
	at org.apache.maven.surefire.junitcore.JUnitCoreWrapper.executeEager(JUnitCoreWrapper.java:107) [surefire-junit47-3.0.0-M4.jar:3.0.0-M4]
	at org.apache.maven.surefire.junitcore.JUnitCoreWrapper.execute(JUnitCoreWrapper.java:83) [surefire-junit47-3.0.0-M4.jar:3.0.0-M4]
	at org.apache.maven.surefire.junitcore.JUnitCoreWrapper.execute(JUnitCoreWrapper.java:75) [surefire-junit47-3.0.0-M4.jar:3.0.0-M4]
	at org.apache.maven.surefire.junitcore.JUnitCoreProvider.invoke(JUnitCoreProvider.java:158) [surefire-junit47-3.0.0-M4.jar:3.0.0-M4]
	at org.apache.maven.surefire.booter.ForkedBooter.runSuitesInProcess(ForkedBooter.java:377) [surefire-booter-3.0.0-M4.jar:3.0.0-M4]
	at org.apache.maven.surefire.booter.ForkedBooter.execute(ForkedBooter.java:138) [surefire-booter-3.0.0-M4.jar:3.0.0-M4]
	at org.apache.maven.surefire.booter.ForkedBooter.run(ForkedBooter.java:465) [surefire-booter-3.0.0-M4.jar:3.0.0-M4]
	at org.apache.maven.surefire.booter.ForkedBooter.main(ForkedBooter.java:451) [surefire-booter-3.0.0-M4.jar:3.0.0-M4]
Caused by: org.apache.hadoop.hive.metastore.api.AlreadyExistsException: Table hive.junit_specific_db.junit_specific_size2 already exists
	at org.apache.hadoop.hive.metastore.HMSHandler.create_table_core(HMSHandler.java:2339) ~[classes/:?]
	at org.apache.hadoop.hive.metastore.HMSHandler.create_table_req(HMSHandler.java:2598) ~[classes/:?]
	at sun.reflect.GeneratedMethodAccessor40.invoke(Unknown Source) ~[?:?]
	at sun.reflect.DelegatingMethodAccessorImpl.invoke(DelegatingMethodAccessorImpl.java:43) ~[?:1.8.0_402]
	at java.lang.reflect.Method.invoke(Method.java:498) ~[?:1.8.0_402]
	at org.apache.hadoop.hive.metastore.RetryingHMSHandler.invokeInternal(RetryingHMSHandler.java:147) ~[classes/:?]
	at org.apache.hadoop.hive.metastore.RetryingHMSHandler.invoke(RetryingHMSHandler.java:108) ~[classes/:?]
	at com.sun.proxy.$Proxy35.create_table_req(Unknown Source) ~[?:?]
	at org.apache.hadoop.hive.metastore.HiveMetaStoreClient.create_table_with_environment_context(HiveMetaStoreClient.java:4408) ~[classes/:?]
	at org.apache.hadoop.hive.ql.metadata.SessionHiveMetaStoreClient.create_table_with_environment_context(SessionHiveMetaStoreClient.java:182) ~[classes/:?]
	at org.apache.hadoop.hive.metastore.HiveMetaStoreClient.createTable(HiveMetaStoreClient.java:1260) ~[classes/:?]
	at org.apache.hadoop.hive.metastore.HiveMetaStoreClient.createTable(HiveMetaStoreClient.java:1245) ~[classes/:?]
	at sun.reflect.GeneratedMethodAccessor39.invoke(Unknown Source) ~[?:?]
	at sun.reflect.DelegatingMethodAccessorImpl.invoke(DelegatingMethodAccessorImpl.java:43) ~[?:1.8.0_402]
	at java.lang.reflect.Method.invoke(Method.java:498) ~[?:1.8.0_402]
	at org.apache.hadoop.hive.metastore.RetryingMetaStoreClient.invoke(RetryingMetaStoreClient.java:218) ~[classes/:?]
	at com.sun.proxy.$Proxy45.createTable(Unknown Source) ~[?:?]
	at org.apache.hadoop.hive.ql.metadata.Hive.createTable(Hive.java:1290) ~[classes/:?]
	... 63 more
2024-04-24T11:29:50,789 ERROR [main] exec.Task: DDLTask failed, DDL Operation: class org.apache.hadoop.hive.ql.ddl.table.create.CreateTableOperation
org.apache.hadoop.hive.ql.metadata.HiveException: AlreadyExistsException(message:Table hive.junit_specific_db.junit_specific_size2 already exists)
	at org.apache.hadoop.hive.ql.metadata.Hive.createTable(Hive.java:1298) ~[classes/:?]
	at org.apache.hadoop.hive.ql.metadata.Hive.createTable(Hive.java:1306) ~[classes/:?]
	at org.apache.hadoop.hive.ql.ddl.table.create.CreateTableOperation.createTableNonReplaceMode(CreateTableOperation.java:140) ~[classes/:?]
	at org.apache.hadoop.hive.ql.ddl.table.create.CreateTableOperation.execute(CreateTableOperation.java:98) ~[classes/:?]
	at org.apache.hadoop.hive.ql.ddl.DDLTask.execute(DDLTask.java:84) [classes/:?]
	at org.apache.hadoop.hive.ql.exec.Task.executeTask(Task.java:212) [classes/:?]
	at org.apache.hadoop.hive.ql.exec.TaskRunner.runSequential(TaskRunner.java:105) [classes/:?]
	at org.apache.hadoop.hive.ql.Executor.launchTask(Executor.java:361) [classes/:?]
	at org.apache.hadoop.hive.ql.Executor.launchTasks(Executor.java:334) [classes/:?]
	at org.apache.hadoop.hive.ql.Executor.runTasks(Executor.java:245) [classes/:?]
	at org.apache.hadoop.hive.ql.Executor.execute(Executor.java:108) [classes/:?]
	at org.apache.hadoop.hive.ql.Driver.execute(Driver.java:348) [classes/:?]
	at org.apache.hadoop.hive.ql.Driver.runInternal(Driver.java:204) [classes/:?]
	at org.apache.hadoop.hive.ql.Driver.run(Driver.java:153) [classes/:?]
	at org.apache.hadoop.hive.ql.Driver.run(Driver.java:148) [classes/:?]
	at org.apache.hadoop.hive.ql.reexec.ReExecDriver.run(ReExecDriver.java:164) [classes/:?]
	at org.apache.hadoop.hive.ql.reexec.ReExecDriver.run(ReExecDriver.java:230) [classes/:?]
	at org.apache.hive.hcatalog.pig.AbstractHCatLoaderTest.executeStatementOnDriver(AbstractHCatLoaderTest.java:151) [test-classes/:?]
	at org.apache.hive.hcatalog.pig.AbstractHCatLoaderTest.createTable(AbstractHCatLoaderTest.java:134) [test-classes/:?]
	at org.apache.hive.hcatalog.pig.AbstractHCatLoaderTest.createTable(AbstractHCatLoaderTest.java:104) [test-classes/:?]
	at org.apache.hive.hcatalog.pig.AbstractHCatLoaderTest.createTable(AbstractHCatLoaderTest.java:138) [test-classes/:?]
	at org.apache.hive.hcatalog.pig.AbstractHCatLoaderTest.setUpTest(AbstractHCatLoaderTest.java:172) [test-classes/:?]
	at sun.reflect.NativeMethodAccessorImpl.invoke0(Native Method) ~[?:1.8.0_402]
	at sun.reflect.NativeMethodAccessorImpl.invoke(NativeMethodAccessorImpl.java:62) ~[?:1.8.0_402]
	at sun.reflect.DelegatingMethodAccessorImpl.invoke(DelegatingMethodAccessorImpl.java:43) ~[?:1.8.0_402]
	at java.lang.reflect.Method.invoke(Method.java:498) ~[?:1.8.0_402]
	at org.junit.runners.model.FrameworkMethod$1.runReflectiveCall(FrameworkMethod.java:59) [junit-4.13.jar:4.13]
	at org.junit.internal.runners.model.ReflectiveCallable.run(ReflectiveCallable.java:12) [junit-4.13.jar:4.13]
	at org.junit.runners.model.FrameworkMethod.invokeExplosively(FrameworkMethod.java:56) [junit-4.13.jar:4.13]
	at org.junit.internal.runners.statements.RunBefores.invokeMethod(RunBefores.java:33) [junit-4.13.jar:4.13]
	at org.junit.internal.runners.statements.RunBefores.evaluate(RunBefores.java:24) [junit-4.13.jar:4.13]
	at org.junit.internal.runners.statements.RunAfters.evaluate(RunAfters.java:27) [junit-4.13.jar:4.13]
	at org.junit.runners.ParentRunner$3.evaluate(ParentRunner.java:306) [junit-4.13.jar:4.13]
	at org.junit.runners.BlockJUnit4ClassRunner$1.evaluate(BlockJUnit4ClassRunner.java:100) [junit-4.13.jar:4.13]
	at org.junit.runners.ParentRunner.runLeaf(ParentRunner.java:366) [junit-4.13.jar:4.13]
	at org.junit.runners.BlockJUnit4ClassRunner.runChild(BlockJUnit4ClassRunner.java:103) [junit-4.13.jar:4.13]
	at org.junit.runners.BlockJUnit4ClassRunner.runChild(BlockJUnit4ClassRunner.java:63) [junit-4.13.jar:4.13]
	at org.junit.runners.ParentRunner$4.run(ParentRunner.java:331) [junit-4.13.jar:4.13]
	at org.junit.runners.ParentRunner$1.schedule(ParentRunner.java:79) [junit-4.13.jar:4.13]
	at org.junit.runners.ParentRunner.runChildren(ParentRunner.java:329) [junit-4.13.jar:4.13]
	at org.junit.runners.ParentRunner.access$100(ParentRunner.java:66) [junit-4.13.jar:4.13]
	at org.junit.runners.ParentRunner$2.evaluate(ParentRunner.java:293) [junit-4.13.jar:4.13]
	at org.junit.internal.runners.statements.RunBefores.evaluate(RunBefores.java:26) [junit-4.13.jar:4.13]
	at org.junit.runners.ParentRunner$3.evaluate(ParentRunner.java:306) [junit-4.13.jar:4.13]
	at org.junit.runners.ParentRunner.run(ParentRunner.java:413) [junit-4.13.jar:4.13]
	at org.junit.runners.Suite.runChild(Suite.java:128) [junit-4.13.jar:4.13]
	at org.junit.runners.Suite.runChild(Suite.java:27) [junit-4.13.jar:4.13]
	at org.junit.runners.ParentRunner$4.run(ParentRunner.java:331) [junit-4.13.jar:4.13]
	at org.junit.runners.ParentRunner$1.schedule(ParentRunner.java:79) [junit-4.13.jar:4.13]
	at org.junit.runners.ParentRunner.runChildren(ParentRunner.java:329) [junit-4.13.jar:4.13]
	at org.junit.runners.ParentRunner.access$100(ParentRunner.java:66) [junit-4.13.jar:4.13]
	at org.junit.runners.ParentRunner$2.evaluate(ParentRunner.java:293) [junit-4.13.jar:4.13]
	at org.junit.runners.ParentRunner$3.evaluate(ParentRunner.java:306) [junit-4.13.jar:4.13]
	at org.junit.runners.ParentRunner.run(ParentRunner.java:413) [junit-4.13.jar:4.13]
	at org.apache.maven.surefire.junitcore.JUnitCore.run(JUnitCore.java:55) [surefire-junit47-3.0.0-M4.jar:3.0.0-M4]
	at org.apache.maven.surefire.junitcore.JUnitCoreWrapper.createRequestAndRun(JUnitCoreWrapper.java:137) [surefire-junit47-3.0.0-M4.jar:3.0.0-M4]
	at org.apache.maven.surefire.junitcore.JUnitCoreWrapper.executeEager(JUnitCoreWrapper.java:107) [surefire-junit47-3.0.0-M4.jar:3.0.0-M4]
	at org.apache.maven.surefire.junitcore.JUnitCoreWrapper.execute(JUnitCoreWrapper.java:83) [surefire-junit47-3.0.0-M4.jar:3.0.0-M4]
	at org.apache.maven.surefire.junitcore.JUnitCoreWrapper.execute(JUnitCoreWrapper.java:75) [surefire-junit47-3.0.0-M4.jar:3.0.0-M4]
	at org.apache.maven.surefire.junitcore.JUnitCoreProvider.invoke(JUnitCoreProvider.java:158) [surefire-junit47-3.0.0-M4.jar:3.0.0-M4]
	at org.apache.maven.surefire.booter.ForkedBooter.runSuitesInProcess(ForkedBooter.java:377) [surefire-booter-3.0.0-M4.jar:3.0.0-M4]
	at org.apache.maven.surefire.booter.ForkedBooter.execute(ForkedBooter.java:138) [surefire-booter-3.0.0-M4.jar:3.0.0-M4]
	at org.apache.maven.surefire.booter.ForkedBooter.run(ForkedBooter.java:465) [surefire-booter-3.0.0-M4.jar:3.0.0-M4]
	at org.apache.maven.surefire.booter.ForkedBooter.main(ForkedBooter.java:451) [surefire-booter-3.0.0-M4.jar:3.0.0-M4]
Caused by: org.apache.hadoop.hive.metastore.api.AlreadyExistsException: Table hive.junit_specific_db.junit_specific_size2 already exists
	at org.apache.hadoop.hive.metastore.HMSHandler.create_table_core(HMSHandler.java:2339) ~[classes/:?]
	at org.apache.hadoop.hive.metastore.HMSHandler.create_table_req(HMSHandler.java:2598) ~[classes/:?]
	at sun.reflect.GeneratedMethodAccessor40.invoke(Unknown Source) ~[?:?]
	at sun.reflect.DelegatingMethodAccessorImpl.invoke(DelegatingMethodAccessorImpl.java:43) ~[?:1.8.0_402]
	at java.lang.reflect.Method.invoke(Method.java:498) ~[?:1.8.0_402]
	at org.apache.hadoop.hive.metastore.RetryingHMSHandler.invokeInternal(RetryingHMSHandler.java:147) ~[classes/:?]
	at org.apache.hadoop.hive.metastore.RetryingHMSHandler.invoke(RetryingHMSHandler.java:108) ~[classes/:?]
	at com.sun.proxy.$Proxy35.create_table_req(Unknown Source) ~[?:?]
	at org.apache.hadoop.hive.metastore.HiveMetaStoreClient.create_table_with_environment_context(HiveMetaStoreClient.java:4408) ~[classes/:?]
	at org.apache.hadoop.hive.ql.metadata.SessionHiveMetaStoreClient.create_table_with_environment_context(SessionHiveMetaStoreClient.java:182) ~[classes/:?]
	at org.apache.hadoop.hive.metastore.HiveMetaStoreClient.createTable(HiveMetaStoreClient.java:1260) ~[classes/:?]
	at org.apache.hadoop.hive.metastore.HiveMetaStoreClient.createTable(HiveMetaStoreClient.java:1245) ~[classes/:?]
	at sun.reflect.GeneratedMethodAccessor39.invoke(Unknown Source) ~[?:?]
	at sun.reflect.DelegatingMethodAccessorImpl.invoke(DelegatingMethodAccessorImpl.java:43) ~[?:1.8.0_402]
	at java.lang.reflect.Method.invoke(Method.java:498) ~[?:1.8.0_402]
	at org.apache.hadoop.hive.metastore.RetryingMetaStoreClient.invoke(RetryingMetaStoreClient.java:218) ~[classes/:?]
	at com.sun.proxy.$Proxy45.createTable(Unknown Source) ~[?:?]
	at org.apache.hadoop.hive.ql.metadata.Hive.createTable(Hive.java:1290) ~[classes/:?]
	... 63 more
2024-04-24T11:29:50,791  INFO [main] reexec.ReOptimizePlugin: ReOptimization: retryPossible: false
2024-04-24T11:29:50,791  INFO [main] reexec.ReExecuteLostAMQueryPlugin: Got exception message: AlreadyExistsException(message:Table hive.junit_specific_db.junit_specific_size2 already exists) retryPossible: false
2024-04-24T11:29:50,791  INFO [main] reexec.ReExecutionDagSubmitPlugin: Got exception message: AlreadyExistsException(message:Table hive.junit_specific_db.junit_specific_size2 already exists) retryPossible: false
FAILED: Execution Error, return code 40000 from org.apache.hadoop.hive.ql.ddl.DDLTask. AlreadyExistsException(message:Table hive.junit_specific_db.junit_specific_size2 already exists)
2024-04-24T11:29:50,791 ERROR [main] ql.Driver: FAILED: Execution Error, return code 40000 from org.apache.hadoop.hive.ql.ddl.DDLTask. AlreadyExistsException(message:Table hive.junit_specific_db.junit_specific_size2 already exists)
2024-04-24T11:29:50,791  INFO [main] metadata.Hive: Dumping metastore api call timing information for : execution phase
2024-04-24T11:29:50,791  INFO [main] metadata.Hive: Total time spent in each metastore function (ms): {isCompatibleWith_(Configuration)=0}
2024-04-24T11:29:50,792  INFO [main] ql.Driver: Completed executing command(queryId=alex_20240424112950_dbc4cd5d-c54f-478f-8839-f348d0d05891); Time taken: 0.017 seconds
2024-04-24T11:29:50,792  INFO [main] ql.Driver: Compiling command(queryId=alex_20240424112950_dbc4cd5d-c54f-478f-8839-f348d0d05891): drop table if exists junit_unparted_basic
2024-04-24T11:29:50,792  INFO [main] HiveMetaStore.audit: ugi=alex	ip=unknown-ip-addr	cmd=get_table : tbl=hive.junit_specific_db.junit_unparted_basic	
2024-04-24T11:29:50,795  INFO [main] ql.Driver: Semantic Analysis Completed (retrial = false)
2024-04-24T11:29:50,795  INFO [main] ql.Driver: Created Hive schema: Schema(fieldSchemas:null, properties:null)
2024-04-24T11:29:50,795  INFO [main] metadata.Hive: Dumping metastore api call timing information for : compilation phase
2024-04-24T11:29:50,796  INFO [main] metadata.Hive: Total time spent in each metastore function (ms): {isCompatibleWith_(Configuration)=0, flushCache_()=0}
2024-04-24T11:29:50,796  INFO [main] ql.Driver: Completed compiling command(queryId=alex_20240424112950_dbc4cd5d-c54f-478f-8839-f348d0d05891); Time taken: 0.003 seconds
2024-04-24T11:29:50,796  INFO [main] reexec.ReExecDriver: Execution #1 of query
2024-04-24T11:29:50,796  INFO [main] ql.Driver: Concurrency mode is disabled, not creating a lock manager
2024-04-24T11:29:50,796  INFO [main] ql.Driver: Executing command(queryId=alex_20240424112950_dbc4cd5d-c54f-478f-8839-f348d0d05891): drop table if exists junit_unparted_basic
2024-04-24T11:29:50,796  INFO [main] ql.Driver: Starting task [Stage-0:DDL] in serial mode
2024-04-24T11:29:50,796  INFO [main] HiveMetaStore.audit: ugi=alex	ip=unknown-ip-addr	cmd=get_table : tbl=hive.junit_specific_db.junit_unparted_basic	
2024-04-24T11:29:50,799  INFO [main] metadata.Hive: Dumping metastore api call timing information for : execution phase
2024-04-24T11:29:50,799  INFO [main] metadata.Hive: Total time spent in each metastore function (ms): {isCompatibleWith_(Configuration)=0}
2024-04-24T11:29:50,800  INFO [main] ql.Driver: Completed executing command(queryId=alex_20240424112950_dbc4cd5d-c54f-478f-8839-f348d0d05891); Time taken: 0.003 seconds
2024-04-24T11:29:50,800  INFO [main] ql.Driver: Compiling command(queryId=alex_20240424112950_dbc4cd5d-c54f-478f-8839-f348d0d05891): drop table if exists junit_unparted_complex
2024-04-24T11:29:50,800  INFO [main] HiveMetaStore.audit: ugi=alex	ip=unknown-ip-addr	cmd=get_table : tbl=hive.junit_specific_db.junit_unparted_complex	
2024-04-24T11:29:50,803  INFO [main] ql.Driver: Semantic Analysis Completed (retrial = false)
2024-04-24T11:29:50,803  INFO [main] ql.Driver: Created Hive schema: Schema(fieldSchemas:null, properties:null)
2024-04-24T11:29:50,803  INFO [main] metadata.Hive: Dumping metastore api call timing information for : compilation phase
2024-04-24T11:29:50,803  INFO [main] metadata.Hive: Total time spent in each metastore function (ms): {flushCache_()=0, isCompatibleWith_(Configuration)=0}
2024-04-24T11:29:50,803  INFO [main] ql.Driver: Completed compiling command(queryId=alex_20240424112950_dbc4cd5d-c54f-478f-8839-f348d0d05891); Time taken: 0.003 seconds
2024-04-24T11:29:50,803  INFO [main] reexec.ReExecDriver: Execution #1 of query
2024-04-24T11:29:50,804  INFO [main] ql.Driver: Concurrency mode is disabled, not creating a lock manager
2024-04-24T11:29:50,804  INFO [main] ql.Driver: Executing command(queryId=alex_20240424112950_dbc4cd5d-c54f-478f-8839-f348d0d05891): drop table if exists junit_unparted_complex
2024-04-24T11:29:50,804  INFO [main] ql.Driver: Starting task [Stage-0:DDL] in serial mode
2024-04-24T11:29:50,804  INFO [main] HiveMetaStore.audit: ugi=alex	ip=unknown-ip-addr	cmd=get_table : tbl=hive.junit_specific_db.junit_unparted_complex	
2024-04-24T11:29:50,807  INFO [main] metadata.Hive: Dumping metastore api call timing information for : execution phase
2024-04-24T11:29:50,808  INFO [main] metadata.Hive: Total time spent in each metastore function (ms): {isCompatibleWith_(Configuration)=0}
2024-04-24T11:29:50,808  INFO [main] ql.Driver: Completed executing command(queryId=alex_20240424112950_dbc4cd5d-c54f-478f-8839-f348d0d05891); Time taken: 0.003 seconds
2024-04-24T11:29:50,808  INFO [main] ql.Driver: Compiling command(queryId=alex_20240424112950_dbc4cd5d-c54f-478f-8839-f348d0d05891): drop table if exists junit_parted_basic
2024-04-24T11:29:50,809  INFO [main] HiveMetaStore.audit: ugi=alex	ip=unknown-ip-addr	cmd=get_table : tbl=hive.junit_specific_db.junit_parted_basic	
2024-04-24T11:29:50,813  INFO [main] ql.Driver: Semantic Analysis Completed (retrial = false)
2024-04-24T11:29:50,813  INFO [main] ql.Driver: Created Hive schema: Schema(fieldSchemas:null, properties:null)
2024-04-24T11:29:50,813  INFO [main] metadata.Hive: Dumping metastore api call timing information for : compilation phase
2024-04-24T11:29:50,813  INFO [main] metadata.Hive: Total time spent in each metastore function (ms): {isCompatibleWith_(Configuration)=0, flushCache_()=0}
2024-04-24T11:29:50,813  INFO [main] ql.Driver: Completed compiling command(queryId=alex_20240424112950_dbc4cd5d-c54f-478f-8839-f348d0d05891); Time taken: 0.005 seconds
2024-04-24T11:29:50,813  INFO [main] reexec.ReExecDriver: Execution #1 of query
2024-04-24T11:29:50,814  INFO [main] ql.Driver: Concurrency mode is disabled, not creating a lock manager
2024-04-24T11:29:50,814  INFO [main] ql.Driver: Executing command(queryId=alex_20240424112950_dbc4cd5d-c54f-478f-8839-f348d0d05891): drop table if exists junit_parted_basic
2024-04-24T11:29:50,814  INFO [main] ql.Driver: Starting task [Stage-0:DDL] in serial mode
2024-04-24T11:29:50,814  INFO [main] HiveMetaStore.audit: ugi=alex	ip=unknown-ip-addr	cmd=get_table : tbl=hive.junit_specific_db.junit_parted_basic	
2024-04-24T11:29:50,817  INFO [main] metadata.Hive: Dumping metastore api call timing information for : execution phase
2024-04-24T11:29:50,817  INFO [main] metadata.Hive: Total time spent in each metastore function (ms): {isCompatibleWith_(Configuration)=0}
2024-04-24T11:29:50,817  INFO [main] ql.Driver: Completed executing command(queryId=alex_20240424112950_dbc4cd5d-c54f-478f-8839-f348d0d05891); Time taken: 0.003 seconds
2024-04-24T11:29:50,817  INFO [main] ql.Driver: Compiling command(queryId=alex_20240424112950_dbc4cd5d-c54f-478f-8839-f348d0d05891): drop table if exists junit_specific_size
2024-04-24T11:29:50,818  INFO [main] HiveMetaStore.audit: ugi=alex	ip=unknown-ip-addr	cmd=get_table : tbl=hive.junit_specific_db.junit_specific_size	
2024-04-24T11:29:50,820  INFO [main] ql.Driver: Semantic Analysis Completed (retrial = false)
2024-04-24T11:29:50,821  INFO [main] ql.Driver: Created Hive schema: Schema(fieldSchemas:null, properties:null)
2024-04-24T11:29:50,821  INFO [main] metadata.Hive: Dumping metastore api call timing information for : compilation phase
2024-04-24T11:29:50,821  INFO [main] metadata.Hive: Total time spent in each metastore function (ms): {isCompatibleWith_(Configuration)=0, flushCache_()=0}
2024-04-24T11:29:50,821  INFO [main] ql.Driver: Completed compiling command(queryId=alex_20240424112950_dbc4cd5d-c54f-478f-8839-f348d0d05891); Time taken: 0.004 seconds
2024-04-24T11:29:50,821  INFO [main] reexec.ReExecDriver: Execution #1 of query
2024-04-24T11:29:50,821  INFO [main] ql.Driver: Concurrency mode is disabled, not creating a lock manager
2024-04-24T11:29:50,821  INFO [main] ql.Driver: Executing command(queryId=alex_20240424112950_dbc4cd5d-c54f-478f-8839-f348d0d05891): drop table if exists junit_specific_size
2024-04-24T11:29:50,821  INFO [main] ql.Driver: Starting task [Stage-0:DDL] in serial mode
2024-04-24T11:29:50,821  INFO [main] HiveMetaStore.audit: ugi=alex	ip=unknown-ip-addr	cmd=get_table : tbl=hive.junit_specific_db.junit_specific_size	
2024-04-24T11:29:50,824  INFO [main] metadata.Hive: Dumping metastore api call timing information for : execution phase
2024-04-24T11:29:50,824  INFO [main] metadata.Hive: Total time spent in each metastore function (ms): {isCompatibleWith_(Configuration)=0}
2024-04-24T11:29:50,824  INFO [main] ql.Driver: Completed executing command(queryId=alex_20240424112950_dbc4cd5d-c54f-478f-8839-f348d0d05891); Time taken: 0.003 seconds
2024-04-24T11:29:50,825  INFO [main] ql.Driver: Compiling command(queryId=alex_20240424112950_dbc4cd5d-c54f-478f-8839-f348d0d05891): drop table if exists junit_parted_date
2024-04-24T11:29:50,825  INFO [main] HiveMetaStore.audit: ugi=alex	ip=unknown-ip-addr	cmd=get_table : tbl=hive.junit_specific_db.junit_parted_date	
2024-04-24T11:29:50,828  INFO [main] ql.Driver: Semantic Analysis Completed (retrial = false)
2024-04-24T11:29:50,828  INFO [main] ql.Driver: Created Hive schema: Schema(fieldSchemas:null, properties:null)
2024-04-24T11:29:50,828  INFO [main] metadata.Hive: Dumping metastore api call timing information for : compilation phase
2024-04-24T11:29:50,828  INFO [main] metadata.Hive: Total time spent in each metastore function (ms): {isCompatibleWith_(Configuration)=0, flushCache_()=0}
2024-04-24T11:29:50,829  INFO [main] ql.Driver: Completed compiling command(queryId=alex_20240424112950_dbc4cd5d-c54f-478f-8839-f348d0d05891); Time taken: 0.003 seconds
2024-04-24T11:29:50,829  INFO [main] reexec.ReExecDriver: Execution #1 of query
2024-04-24T11:29:50,829  INFO [main] ql.Driver: Concurrency mode is disabled, not creating a lock manager
2024-04-24T11:29:50,829  INFO [main] ql.Driver: Executing command(queryId=alex_20240424112950_dbc4cd5d-c54f-478f-8839-f348d0d05891): drop table if exists junit_parted_date
2024-04-24T11:29:50,829  INFO [main] ql.Driver: Starting task [Stage-0:DDL] in serial mode
2024-04-24T11:29:50,829  INFO [main] HiveMetaStore.audit: ugi=alex	ip=unknown-ip-addr	cmd=get_table : tbl=hive.junit_specific_db.junit_parted_date	
2024-04-24T11:29:50,832  INFO [main] metadata.Hive: Dumping metastore api call timing information for : execution phase
2024-04-24T11:29:50,832  INFO [main] metadata.Hive: Total time spent in each metastore function (ms): {isCompatibleWith_(Configuration)=0}
2024-04-24T11:29:50,832  INFO [main] ql.Driver: Completed executing command(queryId=alex_20240424112950_dbc4cd5d-c54f-478f-8839-f348d0d05891); Time taken: 0.003 seconds
2024-04-24T11:29:50,833  INFO [main] ql.Driver: Compiling command(queryId=alex_20240424112950_dbc4cd5d-c54f-478f-8839-f348d0d05891): drop table if exists junit_unparted_alltypes
2024-04-24T11:29:50,833  INFO [main] HiveMetaStore.audit: ugi=alex	ip=unknown-ip-addr	cmd=get_table : tbl=hive.junit_specific_db.junit_unparted_alltypes	
2024-04-24T11:29:50,836  INFO [main] ql.Driver: Semantic Analysis Completed (retrial = false)
2024-04-24T11:29:50,837  INFO [main] ql.Driver: Created Hive schema: Schema(fieldSchemas:null, properties:null)
2024-04-24T11:29:50,837  INFO [main] metadata.Hive: Dumping metastore api call timing information for : compilation phase
2024-04-24T11:29:50,837  INFO [main] metadata.Hive: Total time spent in each metastore function (ms): {flushCache_()=0, isCompatibleWith_(Configuration)=0}
2024-04-24T11:29:50,837  INFO [main] ql.Driver: Completed compiling command(queryId=alex_20240424112950_dbc4cd5d-c54f-478f-8839-f348d0d05891); Time taken: 0.004 seconds
2024-04-24T11:29:50,837  INFO [main] reexec.ReExecDriver: Execution #1 of query
2024-04-24T11:29:50,837  INFO [main] ql.Driver: Concurrency mode is disabled, not creating a lock manager
2024-04-24T11:29:50,837  INFO [main] ql.Driver: Executing command(queryId=alex_20240424112950_dbc4cd5d-c54f-478f-8839-f348d0d05891): drop table if exists junit_unparted_alltypes
2024-04-24T11:29:50,837  INFO [main] ql.Driver: Starting task [Stage-0:DDL] in serial mode
2024-04-24T11:29:50,837  INFO [main] HiveMetaStore.audit: ugi=alex	ip=unknown-ip-addr	cmd=get_table : tbl=hive.junit_specific_db.junit_unparted_alltypes	
2024-04-24T11:29:50,840  INFO [main] metadata.Hive: Dumping metastore api call timing information for : execution phase
2024-04-24T11:29:50,840  INFO [main] metadata.Hive: Total time spent in each metastore function (ms): {isCompatibleWith_(Configuration)=0}
2024-04-24T11:29:50,841  INFO [main] ql.Driver: Completed executing command(queryId=alex_20240424112950_dbc4cd5d-c54f-478f-8839-f348d0d05891); Time taken: 0.003 seconds
2024-04-24T11:29:50,841  INFO [main] ql.Driver: Compiling command(queryId=alex_20240424112950_dbc4cd5d-c54f-478f-8839-f348d0d05891): drop database if exists junit_specific_db cascade
2024-04-24T11:29:50,841  INFO [main] HiveMetaStore.audit: ugi=alex	ip=unknown-ip-addr	cmd=get_database: junit_specific_db	
2024-04-24T11:29:50,844  INFO [main] HiveMetaStore.audit: ugi=alex	ip=unknown-ip-addr	cmd=get_multi_table : db=junit_specific_db tbls=null	
2024-04-24T11:29:50,849  INFO [main] HiveMetaStore.audit: ugi=alex	ip=unknown-ip-addr	cmd=get_multi_table : db=junit_specific_db tbls=	
2024-04-24T11:29:50,849  INFO [main] ql.Driver: Semantic Analysis Completed (retrial = false)
2024-04-24T11:29:50,849  INFO [main] ql.Driver: Created Hive schema: Schema(fieldSchemas:null, properties:null)
2024-04-24T11:29:50,849  INFO [main] metadata.Hive: Dumping metastore api call timing information for : compilation phase
2024-04-24T11:29:50,849  INFO [main] metadata.Hive: Total time spent in each metastore function (ms): {getDatabase_(String)=2, flushCache_()=0, isCompatibleWith_(Configuration)=0, getTables_(String, String)=5, getTableObjectsByName_(String, List)=1}
2024-04-24T11:29:50,850  INFO [main] ql.Driver: Completed compiling command(queryId=alex_20240424112950_dbc4cd5d-c54f-478f-8839-f348d0d05891); Time taken: 0.008 seconds
2024-04-24T11:29:50,850  INFO [main] reexec.ReExecDriver: Execution #1 of query
2024-04-24T11:29:50,850  INFO [main] ql.Driver: Concurrency mode is disabled, not creating a lock manager
2024-04-24T11:29:50,850  INFO [main] ql.Driver: Executing command(queryId=alex_20240424112950_dbc4cd5d-c54f-478f-8839-f348d0d05891): drop database if exists junit_specific_db cascade
2024-04-24T11:29:50,850  INFO [main] ql.Driver: Starting task [Stage-0:DDL] in serial mode
2024-04-24T11:29:50,850  INFO [main] HiveMetaStore.audit: ugi=alex	ip=unknown-ip-addr	cmd=get_database: junit_specific_db	
2024-04-24T11:29:50,852  INFO [main] HiveMetaStore.audit: ugi=alex	ip=unknown-ip-addr	cmd=get_tables_by_type: db=@hive#junit_specific_db pat=.*,type=MATERIALIZED_VIEW	
2024-04-24T11:29:50,852  INFO [main] HiveMetaStore.audit: ugi=alex	ip=unknown-ip-addr	cmd=getTablesByTypeCore: catName=hive: db=junit_specific_db pat=.*,type=MATERIALIZED_VIEW	
2024-04-24T11:29:50,854  INFO [main] HiveMetaStore.audit: ugi=alex	ip=unknown-ip-addr	cmd=get_all_tables: db=@hive#junit_specific_db	
2024-04-24T11:29:50,856  INFO [main] HiveMetaStore.audit: ugi=alex	ip=unknown-ip-addr	cmd=get_multi_table : db=junit_specific_db tbls=junit_specific_size2	
2024-04-24T11:29:50,859  INFO [main] HiveMetaStore.audit: ugi=alex	ip=unknown-ip-addr	cmd=drop_database: @hive#junit_specific_db	
2024-04-24T11:29:50,860  INFO [main] HiveMetaStore.audit: ugi=alex	ip=unknown-ip-addr	cmd=get_all_tables: db=@hive#junit_specific_db	
2024-04-24T11:29:50,861  INFO [main] HiveMetaStore.audit: ugi=alex	ip=unknown-ip-addr	cmd=get_functions: db=@hive#junit_specific_db pat=*	
2024-04-24T11:29:50,863  INFO [main] HiveMetaStore.audit: ugi=alex	ip=unknown-ip-addr	cmd=get_all_stored_procedures	
2024-04-24T11:29:50,864  INFO [main] HiveMetaStore.audit: ugi=alex	ip=unknown-ip-addr	cmd=get_all_packages	
2024-04-24T11:29:50,865  INFO [main] HiveMetaStore.audit: ugi=alex	ip=unknown-ip-addr	cmd=getTablesByTypeCore: catName=hive: db=junit_specific_db pat=.*,type=MATERIALIZED_VIEW	
2024-04-24T11:29:50,869  INFO [main] metastore.ObjectStore: Dropping database hive.junit_specific_db along with all tables
2024-04-24T11:29:50,876  INFO [main] txn.TxnHandler: Non-retryable error in cleanupRecords : Table/View 'TXN_COMPONENTS' does not exist. (SQLState=42X05, ErrorCode=20000)
2024-04-24T11:29:50,876  WARN [main] txn.TxnHandler: Cannot perform cleanup since metastore table does not exist
2024-04-24T11:29:50,878 ERROR [main] metastore.RetryingHMSHandler: Retrying HMSHandler after 2000 ms (attempt 1 of 10) with error: javax.jdo.JDODataStoreException: Exception thrown flushing changes to datastore
	at org.datanucleus.api.jdo.NucleusJDOHelper.getJDOExceptionForNucleusException(NucleusJDOHelper.java:542)
	at org.datanucleus.api.jdo.JDOTransaction.commit(JDOTransaction.java:162)
	at org.apache.hadoop.hive.metastore.ObjectStore.commitTransaction(ObjectStore.java:615)
	at sun.reflect.GeneratedMethodAccessor31.invoke(Unknown Source)
	at sun.reflect.DelegatingMethodAccessorImpl.invoke(DelegatingMethodAccessorImpl.java:43)
	at java.lang.reflect.Method.invoke(Method.java:498)
	at org.apache.hadoop.hive.metastore.RawStoreProxy.invoke(RawStoreProxy.java:97)
	at com.sun.proxy.$Proxy32.commitTransaction(Unknown Source)
	at org.apache.hadoop.hive.metastore.HMSHandler.drop_database_core(HMSHandler.java:1790)
	at org.apache.hadoop.hive.metastore.HMSHandler.drop_database(HMSHandler.java:1869)
	at sun.reflect.GeneratedMethodAccessor54.invoke(Unknown Source)
	at sun.reflect.DelegatingMethodAccessorImpl.invoke(DelegatingMethodAccessorImpl.java:43)
	at java.lang.reflect.Method.invoke(Method.java:498)
	at org.apache.hadoop.hive.metastore.RetryingHMSHandler.invokeInternal(RetryingHMSHandler.java:147)
	at org.apache.hadoop.hive.metastore.RetryingHMSHandler.invoke(RetryingHMSHandler.java:108)
	at com.sun.proxy.$Proxy35.drop_database(Unknown Source)
	at org.apache.hadoop.hive.metastore.HiveMetaStoreClient.dropDatabaseCascadePerDb(HiveMetaStoreClient.java:1601)
	at org.apache.hadoop.hive.metastore.HiveMetaStoreClient.dropDatabase(HiveMetaStoreClient.java:1532)
	at org.apache.hadoop.hive.metastore.HiveMetaStoreClient.dropDatabase(HiveMetaStoreClient.java:1485)
	at sun.reflect.NativeMethodAccessorImpl.invoke0(Native Method)
	at sun.reflect.NativeMethodAccessorImpl.invoke(NativeMethodAccessorImpl.java:62)
	at sun.reflect.DelegatingMethodAccessorImpl.invoke(DelegatingMethodAccessorImpl.java:43)
	at java.lang.reflect.Method.invoke(Method.java:498)
	at org.apache.hadoop.hive.metastore.RetryingMetaStoreClient.invoke(RetryingMetaStoreClient.java:218)
	at com.sun.proxy.$Proxy45.dropDatabase(Unknown Source)
	at org.apache.hadoop.hive.ql.metadata.Hive.dropDatabase(Hive.java:662)
	at org.apache.hadoop.hive.ql.ddl.database.drop.DropDatabaseOperation.execute(DropDatabaseOperation.java:52)
	at org.apache.hadoop.hive.ql.ddl.DDLTask.execute(DDLTask.java:84)
	at org.apache.hadoop.hive.ql.exec.Task.executeTask(Task.java:212)
	at org.apache.hadoop.hive.ql.exec.TaskRunner.runSequential(TaskRunner.java:105)
	at org.apache.hadoop.hive.ql.Executor.launchTask(Executor.java:361)
	at org.apache.hadoop.hive.ql.Executor.launchTasks(Executor.java:334)
	at org.apache.hadoop.hive.ql.Executor.runTasks(Executor.java:245)
	at org.apache.hadoop.hive.ql.Executor.execute(Executor.java:108)
	at org.apache.hadoop.hive.ql.Driver.execute(Driver.java:348)
	at org.apache.hadoop.hive.ql.Driver.runInternal(Driver.java:204)
	at org.apache.hadoop.hive.ql.Driver.run(Driver.java:153)
	at org.apache.hadoop.hive.ql.Driver.run(Driver.java:148)
	at org.apache.hadoop.hive.ql.reexec.ReExecDriver.run(ReExecDriver.java:164)
	at org.apache.hadoop.hive.ql.reexec.ReExecDriver.run(ReExecDriver.java:230)
	at org.apache.hive.hcatalog.pig.AbstractHCatLoaderTest.executeStatementOnDriver(AbstractHCatLoaderTest.java:151)
	at org.apache.hive.hcatalog.pig.AbstractHCatLoaderTest.tearDown(AbstractHCatLoaderTest.java:239)
	at sun.reflect.NativeMethodAccessorImpl.invoke0(Native Method)
	at sun.reflect.NativeMethodAccessorImpl.invoke(NativeMethodAccessorImpl.java:62)
	at sun.reflect.DelegatingMethodAccessorImpl.invoke(DelegatingMethodAccessorImpl.java:43)
	at java.lang.reflect.Method.invoke(Method.java:498)
	at org.junit.runners.model.FrameworkMethod$1.runReflectiveCall(FrameworkMethod.java:59)
	at org.junit.internal.runners.model.ReflectiveCallable.run(ReflectiveCallable.java:12)
	at org.junit.runners.model.FrameworkMethod.invokeExplosively(FrameworkMethod.java:56)
	at org.junit.internal.runners.statements.RunAfters.invokeMethod(RunAfters.java:46)
	at org.junit.internal.runners.statements.RunAfters.evaluate(RunAfters.java:33)
	at org.junit.runners.ParentRunner$3.evaluate(ParentRunner.java:306)
	at org.junit.runners.BlockJUnit4ClassRunner$1.evaluate(BlockJUnit4ClassRunner.java:100)
	at org.junit.runners.ParentRunner.runLeaf(ParentRunner.java:366)
	at org.junit.runners.BlockJUnit4ClassRunner.runChild(BlockJUnit4ClassRunner.java:103)
	at org.junit.runners.BlockJUnit4ClassRunner.runChild(BlockJUnit4ClassRunner.java:63)
	at org.junit.runners.ParentRunner$4.run(ParentRunner.java:331)
	at org.junit.runners.ParentRunner$1.schedule(ParentRunner.java:79)
	at org.junit.runners.ParentRunner.runChildren(ParentRunner.java:329)
	at org.junit.runners.ParentRunner.access$100(ParentRunner.java:66)
	at org.junit.runners.ParentRunner$2.evaluate(ParentRunner.java:293)
	at org.junit.internal.runners.statements.RunBefores.evaluate(RunBefores.java:26)
	at org.junit.runners.ParentRunner$3.evaluate(ParentRunner.java:306)
	at org.junit.runners.ParentRunner.run(ParentRunner.java:413)
	at org.junit.runners.Suite.runChild(Suite.java:128)
	at org.junit.runners.Suite.runChild(Suite.java:27)
	at org.junit.runners.ParentRunner$4.run(ParentRunner.java:331)
	at org.junit.runners.ParentRunner$1.schedule(ParentRunner.java:79)
	at org.junit.runners.ParentRunner.runChildren(ParentRunner.java:329)
	at org.junit.runners.ParentRunner.access$100(ParentRunner.java:66)
	at org.junit.runners.ParentRunner$2.evaluate(ParentRunner.java:293)
	at org.junit.runners.ParentRunner$3.evaluate(ParentRunner.java:306)
	at org.junit.runners.ParentRunner.run(ParentRunner.java:413)
	at org.apache.maven.surefire.junitcore.JUnitCore.run(JUnitCore.java:55)
	at org.apache.maven.surefire.junitcore.JUnitCoreWrapper.createRequestAndRun(JUnitCoreWrapper.java:137)
	at org.apache.maven.surefire.junitcore.JUnitCoreWrapper.executeEager(JUnitCoreWrapper.java:107)
	at org.apache.maven.surefire.junitcore.JUnitCoreWrapper.execute(JUnitCoreWrapper.java:83)
	at org.apache.maven.surefire.junitcore.JUnitCoreWrapper.execute(JUnitCoreWrapper.java:75)
	at org.apache.maven.surefire.junitcore.JUnitCoreProvider.invoke(JUnitCoreProvider.java:158)
	at org.apache.maven.surefire.booter.ForkedBooter.runSuitesInProcess(ForkedBooter.java:377)
	at org.apache.maven.surefire.booter.ForkedBooter.execute(ForkedBooter.java:138)
	at org.apache.maven.surefire.booter.ForkedBooter.run(ForkedBooter.java:465)
	at org.apache.maven.surefire.booter.ForkedBooter.main(ForkedBooter.java:451)
NestedThrowablesStackTrace:
java.sql.BatchUpdateException: DELETE on table 'DBS' caused a violation of foreign key constraint 'TBLS_FK1' for key (4).  The statement has been rolled back.
	at org.apache.derby.impl.jdbc.EmbedStatement.executeLargeBatch(Unknown Source)
	at org.apache.derby.impl.jdbc.EmbedStatement.executeBatch(Unknown Source)
	at com.zaxxer.hikari.pool.ProxyStatement.executeBatch(ProxyStatement.java:128)
	at com.zaxxer.hikari.pool.HikariProxyPreparedStatement.executeBatch(HikariProxyPreparedStatement.java)
	at org.datanucleus.store.rdbms.ParamLoggingPreparedStatement.executeBatch(ParamLoggingPreparedStatement.java:366)
	at org.datanucleus.store.rdbms.SQLController.processConnectionStatement(SQLController.java:675)
	at org.datanucleus.store.rdbms.SQLController.processStatementsForConnection(SQLController.java:643)
	at org.datanucleus.store.rdbms.SQLController$1.transactionFlushed(SQLController.java:729)
	at org.datanucleus.store.connection.AbstractManagedConnection.transactionFlushed(AbstractManagedConnection.java:95)
	at org.datanucleus.store.connection.ConnectionManagerImpl$2.transactionFlushed(ConnectionManagerImpl.java:528)
	at org.datanucleus.TransactionImpl.flush(TransactionImpl.java:222)
	at org.datanucleus.TransactionImpl.commit(TransactionImpl.java:286)
	at org.datanucleus.api.jdo.JDOTransaction.commit(JDOTransaction.java:99)
	at org.apache.hadoop.hive.metastore.ObjectStore.commitTransaction(ObjectStore.java:615)
	at sun.reflect.GeneratedMethodAccessor31.invoke(Unknown Source)
	at sun.reflect.DelegatingMethodAccessorImpl.invoke(DelegatingMethodAccessorImpl.java:43)
	at java.lang.reflect.Method.invoke(Method.java:498)
	at org.apache.hadoop.hive.metastore.RawStoreProxy.invoke(RawStoreProxy.java:97)
	at com.sun.proxy.$Proxy32.commitTransaction(Unknown Source)
	at org.apache.hadoop.hive.metastore.HMSHandler.drop_database_core(HMSHandler.java:1790)
	at org.apache.hadoop.hive.metastore.HMSHandler.drop_database(HMSHandler.java:1869)
	at sun.reflect.GeneratedMethodAccessor54.invoke(Unknown Source)
	at sun.reflect.DelegatingMethodAccessorImpl.invoke(DelegatingMethodAccessorImpl.java:43)
	at java.lang.reflect.Method.invoke(Method.java:498)
	at org.apache.hadoop.hive.metastore.RetryingHMSHandler.invokeInternal(RetryingHMSHandler.java:147)
	at org.apache.hadoop.hive.metastore.RetryingHMSHandler.invoke(RetryingHMSHandler.java:108)
	at com.sun.proxy.$Proxy35.drop_database(Unknown Source)
	at org.apache.hadoop.hive.metastore.HiveMetaStoreClient.dropDatabaseCascadePerDb(HiveMetaStoreClient.java:1601)
	at org.apache.hadoop.hive.metastore.HiveMetaStoreClient.dropDatabase(HiveMetaStoreClient.java:1532)
	at org.apache.hadoop.hive.metastore.HiveMetaStoreClient.dropDatabase(HiveMetaStoreClient.java:1485)
	at sun.reflect.NativeMethodAccessorImpl.invoke0(Native Method)
	at sun.reflect.NativeMethodAccessorImpl.invoke(NativeMethodAccessorImpl.java:62)
	at sun.reflect.DelegatingMethodAccessorImpl.invoke(DelegatingMethodAccessorImpl.java:43)
	at java.lang.reflect.Method.invoke(Method.java:498)
	at org.apache.hadoop.hive.metastore.RetryingMetaStoreClient.invoke(RetryingMetaStoreClient.java:218)
	at com.sun.proxy.$Proxy45.dropDatabase(Unknown Source)
	at org.apache.hadoop.hive.ql.metadata.Hive.dropDatabase(Hive.java:662)
	at org.apache.hadoop.hive.ql.ddl.database.drop.DropDatabaseOperation.execute(DropDatabaseOperation.java:52)
	at org.apache.hadoop.hive.ql.ddl.DDLTask.execute(DDLTask.java:84)
	at org.apache.hadoop.hive.ql.exec.Task.executeTask(Task.java:212)
	at org.apache.hadoop.hive.ql.exec.TaskRunner.runSequential(TaskRunner.java:105)
	at org.apache.hadoop.hive.ql.Executor.launchTask(Executor.java:361)
	at org.apache.hadoop.hive.ql.Executor.launchTasks(Executor.java:334)
	at org.apache.hadoop.hive.ql.Executor.runTasks(Executor.java:245)
	at org.apache.hadoop.hive.ql.Executor.execute(Executor.java:108)
	at org.apache.hadoop.hive.ql.Driver.execute(Driver.java:348)
	at org.apache.hadoop.hive.ql.Driver.runInternal(Driver.java:204)
	at org.apache.hadoop.hive.ql.Driver.run(Driver.java:153)
	at org.apache.hadoop.hive.ql.Driver.run(Driver.java:148)
	at org.apache.hadoop.hive.ql.reexec.ReExecDriver.run(ReExecDriver.java:164)
	at org.apache.hadoop.hive.ql.reexec.ReExecDriver.run(ReExecDriver.java:230)
	at org.apache.hive.hcatalog.pig.AbstractHCatLoaderTest.executeStatementOnDriver(AbstractHCatLoaderTest.java:151)
	at org.apache.hive.hcatalog.pig.AbstractHCatLoaderTest.tearDown(AbstractHCatLoaderTest.java:239)
	at sun.reflect.NativeMethodAccessorImpl.invoke0(Native Method)
	at sun.reflect.NativeMethodAccessorImpl.invoke(NativeMethodAccessorImpl.java:62)
	at sun.reflect.DelegatingMethodAccessorImpl.invoke(DelegatingMethodAccessorImpl.java:43)
	at java.lang.reflect.Method.invoke(Method.java:498)
	at org.junit.runners.model.FrameworkMethod$1.runReflectiveCall(FrameworkMethod.java:59)
	at org.junit.internal.runners.model.ReflectiveCallable.run(ReflectiveCallable.java:12)
	at org.junit.runners.model.FrameworkMethod.invokeExplosively(FrameworkMethod.java:56)
	at org.junit.internal.runners.statements.RunAfters.invokeMethod(RunAfters.java:46)
	at org.junit.internal.runners.statements.RunAfters.evaluate(RunAfters.java:33)
	at org.junit.runners.ParentRunner$3.evaluate(ParentRunner.java:306)
	at org.junit.runners.BlockJUnit4ClassRunner$1.evaluate(BlockJUnit4ClassRunner.java:100)
	at org.junit.runners.ParentRunner.runLeaf(ParentRunner.java:366)
	at org.junit.runners.BlockJUnit4ClassRunner.runChild(BlockJUnit4ClassRunner.java:103)
	at org.junit.runners.BlockJUnit4ClassRunner.runChild(BlockJUnit4ClassRunner.java:63)
	at org.junit.runners.ParentRunner$4.run(ParentRunner.java:331)
	at org.junit.runners.ParentRunner$1.schedule(ParentRunner.java:79)
	at org.junit.runners.ParentRunner.runChildren(ParentRunner.java:329)
	at org.junit.runners.ParentRunner.access$100(ParentRunner.java:66)
	at org.junit.runners.ParentRunner$2.evaluate(ParentRunner.java:293)
	at org.junit.internal.runners.statements.RunBefores.evaluate(RunBefores.java:26)
	at org.junit.runners.ParentRunner$3.evaluate(ParentRunner.java:306)
	at org.junit.runners.ParentRunner.run(ParentRunner.java:413)
	at org.junit.runners.Suite.runChild(Suite.java:128)
	at org.junit.runners.Suite.runChild(Suite.java:27)
	at org.junit.runners.ParentRunner$4.run(ParentRunner.java:331)
	at org.junit.runners.ParentRunner$1.schedule(ParentRunner.java:79)
	at org.junit.runners.ParentRunner.runChildren(ParentRunner.java:329)
	at org.junit.runners.ParentRunner.access$100(ParentRunner.java:66)
	at org.junit.runners.ParentRunner$2.evaluate(ParentRunner.java:293)
	at org.junit.runners.ParentRunner$3.evaluate(ParentRunner.java:306)
	at org.junit.runners.ParentRunner.run(ParentRunner.java:413)
	at org.apache.maven.surefire.junitcore.JUnitCore.run(JUnitCore.java:55)
	at org.apache.maven.surefire.junitcore.JUnitCoreWrapper.createRequestAndRun(JUnitCoreWrapper.java:137)
	at org.apache.maven.surefire.junitcore.JUnitCoreWrapper.executeEager(JUnitCoreWrapper.java:107)
	at org.apache.maven.surefire.junitcore.JUnitCoreWrapper.execute(JUnitCoreWrapper.java:83)
	at org.apache.maven.surefire.junitcore.JUnitCoreWrapper.execute(JUnitCoreWrapper.java:75)
	at org.apache.maven.surefire.junitcore.JUnitCoreProvider.invoke(JUnitCoreProvider.java:158)
	at org.apache.maven.surefire.booter.ForkedBooter.runSuitesInProcess(ForkedBooter.java:377)
	at org.apache.maven.surefire.booter.ForkedBooter.execute(ForkedBooter.java:138)
	at org.apache.maven.surefire.booter.ForkedBooter.run(ForkedBooter.java:465)
	at org.apache.maven.surefire.booter.ForkedBooter.main(ForkedBooter.java:451)
Caused by: org.apache.derby.shared.common.error.DerbySQLIntegrityConstraintViolationException: DELETE on table 'DBS' caused a violation of foreign key constraint 'TBLS_FK1' for key (4).  The statement has been rolled back.
	at org.apache.derby.impl.jdbc.SQLExceptionFactory.getSQLException(Unknown Source)
	at org.apache.derby.impl.jdbc.Util.generateCsSQLException(Unknown Source)
	at org.apache.derby.impl.jdbc.TransactionResourceImpl.wrapInSQLException(Unknown Source)
	at org.apache.derby.impl.jdbc.TransactionResourceImpl.handleException(Unknown Source)
	at org.apache.derby.impl.jdbc.EmbedConnection.handleException(Unknown Source)
	at org.apache.derby.impl.jdbc.ConnectionChild.handleException(Unknown Source)
	at org.apache.derby.impl.jdbc.EmbedStatement.executeStatement(Unknown Source)
	at org.apache.derby.impl.jdbc.EmbedPreparedStatement.executeBatchElement(Unknown Source)
	... 94 more
Caused by: ERROR 23503: DELETE on table 'DBS' caused a violation of foreign key constraint 'TBLS_FK1' for key (4).  The statement has been rolled back.
	at org.apache.derby.iapi.error.StandardException.newException(Unknown Source)
	at org.apache.derby.iapi.error.StandardException.newException(Unknown Source)
	at org.apache.derby.impl.sql.execute.ReferencedKeyRIChecker.doCheck(Unknown Source)
	at org.apache.derby.impl.sql.execute.RISetChecker.doPKCheck(Unknown Source)
	at org.apache.derby.impl.sql.execute.DeleteResultSet.collectAffectedRows(Unknown Source)
	at org.apache.derby.impl.sql.execute.DeleteResultSet.open(Unknown Source)
	at org.apache.derby.impl.sql.GenericPreparedStatement.executeStmt(Unknown Source)
	at org.apache.derby.impl.sql.GenericPreparedStatement.execute(Unknown Source)
	... 96 more

2024-04-24T11:29:52,879  INFO [main] HiveMetaStore.audit: ugi=alex	ip=unknown-ip-addr	cmd=drop_database: @hive#junit_specific_db	
2024-04-24T11:29:52,883  INFO [main] HiveMetaStore.audit: ugi=alex	ip=unknown-ip-addr	cmd=get_all_tables: db=@hive#junit_specific_db	
2024-04-24T11:29:52,883  INFO [main] HiveMetaStore.audit: ugi=alex	ip=unknown-ip-addr	cmd=get_functions: db=@hive#junit_specific_db pat=*	
2024-04-24T11:29:52,885  INFO [main] HiveMetaStore.audit: ugi=alex	ip=unknown-ip-addr	cmd=get_all_stored_procedures	
2024-04-24T11:29:52,887  INFO [main] HiveMetaStore.audit: ugi=alex	ip=unknown-ip-addr	cmd=get_all_packages	
2024-04-24T11:29:52,888  INFO [main] HiveMetaStore.audit: ugi=alex	ip=unknown-ip-addr	cmd=getTablesByTypeCore: catName=hive: db=junit_specific_db pat=.*,type=MATERIALIZED_VIEW	
2024-04-24T11:29:52,893  INFO [main] metastore.ObjectStore: Dropping database hive.junit_specific_db along with all tables
2024-04-24T11:29:52,899  INFO [main] txn.TxnHandler: Non-retryable error in cleanupRecords : Table/View 'TXN_COMPONENTS' does not exist. (SQLState=42X05, ErrorCode=20000)
2024-04-24T11:29:52,899  WARN [main] txn.TxnHandler: Cannot perform cleanup since metastore table does not exist
2024-04-24T11:29:52,901 ERROR [main] metastore.RetryingHMSHandler: Retrying HMSHandler after 2000 ms (attempt 2 of 10) with error: javax.jdo.JDODataStoreException: Exception thrown flushing changes to datastore
	at org.datanucleus.api.jdo.NucleusJDOHelper.getJDOExceptionForNucleusException(NucleusJDOHelper.java:542)
	at org.datanucleus.api.jdo.JDOTransaction.commit(JDOTransaction.java:162)
	at org.apache.hadoop.hive.metastore.ObjectStore.commitTransaction(ObjectStore.java:615)
	at sun.reflect.GeneratedMethodAccessor31.invoke(Unknown Source)
	at sun.reflect.DelegatingMethodAccessorImpl.invoke(DelegatingMethodAccessorImpl.java:43)
	at java.lang.reflect.Method.invoke(Method.java:498)
	at org.apache.hadoop.hive.metastore.RawStoreProxy.invoke(RawStoreProxy.java:97)
	at com.sun.proxy.$Proxy32.commitTransaction(Unknown Source)
	at org.apache.hadoop.hive.metastore.HMSHandler.drop_database_core(HMSHandler.java:1790)
	at org.apache.hadoop.hive.metastore.HMSHandler.drop_database(HMSHandler.java:1869)
	at sun.reflect.GeneratedMethodAccessor54.invoke(Unknown Source)
	at sun.reflect.DelegatingMethodAccessorImpl.invoke(DelegatingMethodAccessorImpl.java:43)
	at java.lang.reflect.Method.invoke(Method.java:498)
	at org.apache.hadoop.hive.metastore.RetryingHMSHandler.invokeInternal(RetryingHMSHandler.java:147)
	at org.apache.hadoop.hive.metastore.RetryingHMSHandler.invoke(RetryingHMSHandler.java:108)
	at com.sun.proxy.$Proxy35.drop_database(Unknown Source)
	at org.apache.hadoop.hive.metastore.HiveMetaStoreClient.dropDatabaseCascadePerDb(HiveMetaStoreClient.java:1601)
	at org.apache.hadoop.hive.metastore.HiveMetaStoreClient.dropDatabase(HiveMetaStoreClient.java:1532)
	at org.apache.hadoop.hive.metastore.HiveMetaStoreClient.dropDatabase(HiveMetaStoreClient.java:1485)
	at sun.reflect.NativeMethodAccessorImpl.invoke0(Native Method)
	at sun.reflect.NativeMethodAccessorImpl.invoke(NativeMethodAccessorImpl.java:62)
	at sun.reflect.DelegatingMethodAccessorImpl.invoke(DelegatingMethodAccessorImpl.java:43)
	at java.lang.reflect.Method.invoke(Method.java:498)
	at org.apache.hadoop.hive.metastore.RetryingMetaStoreClient.invoke(RetryingMetaStoreClient.java:218)
	at com.sun.proxy.$Proxy45.dropDatabase(Unknown Source)
	at org.apache.hadoop.hive.ql.metadata.Hive.dropDatabase(Hive.java:662)
	at org.apache.hadoop.hive.ql.ddl.database.drop.DropDatabaseOperation.execute(DropDatabaseOperation.java:52)
	at org.apache.hadoop.hive.ql.ddl.DDLTask.execute(DDLTask.java:84)
	at org.apache.hadoop.hive.ql.exec.Task.executeTask(Task.java:212)
	at org.apache.hadoop.hive.ql.exec.TaskRunner.runSequential(TaskRunner.java:105)
	at org.apache.hadoop.hive.ql.Executor.launchTask(Executor.java:361)
	at org.apache.hadoop.hive.ql.Executor.launchTasks(Executor.java:334)
	at org.apache.hadoop.hive.ql.Executor.runTasks(Executor.java:245)
	at org.apache.hadoop.hive.ql.Executor.execute(Executor.java:108)
	at org.apache.hadoop.hive.ql.Driver.execute(Driver.java:348)
	at org.apache.hadoop.hive.ql.Driver.runInternal(Driver.java:204)
	at org.apache.hadoop.hive.ql.Driver.run(Driver.java:153)
	at org.apache.hadoop.hive.ql.Driver.run(Driver.java:148)
	at org.apache.hadoop.hive.ql.reexec.ReExecDriver.run(ReExecDriver.java:164)
	at org.apache.hadoop.hive.ql.reexec.ReExecDriver.run(ReExecDriver.java:230)
	at org.apache.hive.hcatalog.pig.AbstractHCatLoaderTest.executeStatementOnDriver(AbstractHCatLoaderTest.java:151)
	at org.apache.hive.hcatalog.pig.AbstractHCatLoaderTest.tearDown(AbstractHCatLoaderTest.java:239)
	at sun.reflect.NativeMethodAccessorImpl.invoke0(Native Method)
	at sun.reflect.NativeMethodAccessorImpl.invoke(NativeMethodAccessorImpl.java:62)
	at sun.reflect.DelegatingMethodAccessorImpl.invoke(DelegatingMethodAccessorImpl.java:43)
	at java.lang.reflect.Method.invoke(Method.java:498)
	at org.junit.runners.model.FrameworkMethod$1.runReflectiveCall(FrameworkMethod.java:59)
	at org.junit.internal.runners.model.ReflectiveCallable.run(ReflectiveCallable.java:12)
	at org.junit.runners.model.FrameworkMethod.invokeExplosively(FrameworkMethod.java:56)
	at org.junit.internal.runners.statements.RunAfters.invokeMethod(RunAfters.java:46)
	at org.junit.internal.runners.statements.RunAfters.evaluate(RunAfters.java:33)
	at org.junit.runners.ParentRunner$3.evaluate(ParentRunner.java:306)
	at org.junit.runners.BlockJUnit4ClassRunner$1.evaluate(BlockJUnit4ClassRunner.java:100)
	at org.junit.runners.ParentRunner.runLeaf(ParentRunner.java:366)
	at org.junit.runners.BlockJUnit4ClassRunner.runChild(BlockJUnit4ClassRunner.java:103)
	at org.junit.runners.BlockJUnit4ClassRunner.runChild(BlockJUnit4ClassRunner.java:63)
	at org.junit.runners.ParentRunner$4.run(ParentRunner.java:331)
	at org.junit.runners.ParentRunner$1.schedule(ParentRunner.java:79)
	at org.junit.runners.ParentRunner.runChildren(ParentRunner.java:329)
	at org.junit.runners.ParentRunner.access$100(ParentRunner.java:66)
	at org.junit.runners.ParentRunner$2.evaluate(ParentRunner.java:293)
	at org.junit.internal.runners.statements.RunBefores.evaluate(RunBefores.java:26)
	at org.junit.runners.ParentRunner$3.evaluate(ParentRunner.java:306)
	at org.junit.runners.ParentRunner.run(ParentRunner.java:413)
	at org.junit.runners.Suite.runChild(Suite.java:128)
	at org.junit.runners.Suite.runChild(Suite.java:27)
	at org.junit.runners.ParentRunner$4.run(ParentRunner.java:331)
	at org.junit.runners.ParentRunner$1.schedule(ParentRunner.java:79)
	at org.junit.runners.ParentRunner.runChildren(ParentRunner.java:329)
	at org.junit.runners.ParentRunner.access$100(ParentRunner.java:66)
	at org.junit.runners.ParentRunner$2.evaluate(ParentRunner.java:293)
	at org.junit.runners.ParentRunner$3.evaluate(ParentRunner.java:306)
	at org.junit.runners.ParentRunner.run(ParentRunner.java:413)
	at org.apache.maven.surefire.junitcore.JUnitCore.run(JUnitCore.java:55)
	at org.apache.maven.surefire.junitcore.JUnitCoreWrapper.createRequestAndRun(JUnitCoreWrapper.java:137)
	at org.apache.maven.surefire.junitcore.JUnitCoreWrapper.executeEager(JUnitCoreWrapper.java:107)
	at org.apache.maven.surefire.junitcore.JUnitCoreWrapper.execute(JUnitCoreWrapper.java:83)
	at org.apache.maven.surefire.junitcore.JUnitCoreWrapper.execute(JUnitCoreWrapper.java:75)
	at org.apache.maven.surefire.junitcore.JUnitCoreProvider.invoke(JUnitCoreProvider.java:158)
	at org.apache.maven.surefire.booter.ForkedBooter.runSuitesInProcess(ForkedBooter.java:377)
	at org.apache.maven.surefire.booter.ForkedBooter.execute(ForkedBooter.java:138)
	at org.apache.maven.surefire.booter.ForkedBooter.run(ForkedBooter.java:465)
	at org.apache.maven.surefire.booter.ForkedBooter.main(ForkedBooter.java:451)
NestedThrowablesStackTrace:
java.sql.BatchUpdateException: DELETE on table 'DBS' caused a violation of foreign key constraint 'TBLS_FK1' for key (4).  The statement has been rolled back.
	at org.apache.derby.impl.jdbc.EmbedStatement.executeLargeBatch(Unknown Source)
	at org.apache.derby.impl.jdbc.EmbedStatement.executeBatch(Unknown Source)
	at com.zaxxer.hikari.pool.ProxyStatement.executeBatch(ProxyStatement.java:128)
	at com.zaxxer.hikari.pool.HikariProxyPreparedStatement.executeBatch(HikariProxyPreparedStatement.java)
	at org.datanucleus.store.rdbms.ParamLoggingPreparedStatement.executeBatch(ParamLoggingPreparedStatement.java:366)
	at org.datanucleus.store.rdbms.SQLController.processConnectionStatement(SQLController.java:675)
	at org.datanucleus.store.rdbms.SQLController.processStatementsForConnection(SQLController.java:643)
	at org.datanucleus.store.rdbms.SQLController$1.transactionFlushed(SQLController.java:729)
	at org.datanucleus.store.connection.AbstractManagedConnection.transactionFlushed(AbstractManagedConnection.java:95)
	at org.datanucleus.store.connection.ConnectionManagerImpl$2.transactionFlushed(ConnectionManagerImpl.java:528)
	at org.datanucleus.TransactionImpl.flush(TransactionImpl.java:222)
	at org.datanucleus.TransactionImpl.commit(TransactionImpl.java:286)
	at org.datanucleus.api.jdo.JDOTransaction.commit(JDOTransaction.java:99)
	at org.apache.hadoop.hive.metastore.ObjectStore.commitTransaction(ObjectStore.java:615)
	at sun.reflect.GeneratedMethodAccessor31.invoke(Unknown Source)
	at sun.reflect.DelegatingMethodAccessorImpl.invoke(DelegatingMethodAccessorImpl.java:43)
	at java.lang.reflect.Method.invoke(Method.java:498)
	at org.apache.hadoop.hive.metastore.RawStoreProxy.invoke(RawStoreProxy.java:97)
	at com.sun.proxy.$Proxy32.commitTransaction(Unknown Source)
	at org.apache.hadoop.hive.metastore.HMSHandler.drop_database_core(HMSHandler.java:1790)
	at org.apache.hadoop.hive.metastore.HMSHandler.drop_database(HMSHandler.java:1869)
	at sun.reflect.GeneratedMethodAccessor54.invoke(Unknown Source)
	at sun.reflect.DelegatingMethodAccessorImpl.invoke(DelegatingMethodAccessorImpl.java:43)
	at java.lang.reflect.Method.invoke(Method.java:498)
	at org.apache.hadoop.hive.metastore.RetryingHMSHandler.invokeInternal(RetryingHMSHandler.java:147)
	at org.apache.hadoop.hive.metastore.RetryingHMSHandler.invoke(RetryingHMSHandler.java:108)
	at com.sun.proxy.$Proxy35.drop_database(Unknown Source)
	at org.apache.hadoop.hive.metastore.HiveMetaStoreClient.dropDatabaseCascadePerDb(HiveMetaStoreClient.java:1601)
	at org.apache.hadoop.hive.metastore.HiveMetaStoreClient.dropDatabase(HiveMetaStoreClient.java:1532)
	at org.apache.hadoop.hive.metastore.HiveMetaStoreClient.dropDatabase(HiveMetaStoreClient.java:1485)
	at sun.reflect.NativeMethodAccessorImpl.invoke0(Native Method)
	at sun.reflect.NativeMethodAccessorImpl.invoke(NativeMethodAccessorImpl.java:62)
	at sun.reflect.DelegatingMethodAccessorImpl.invoke(DelegatingMethodAccessorImpl.java:43)
	at java.lang.reflect.Method.invoke(Method.java:498)
	at org.apache.hadoop.hive.metastore.RetryingMetaStoreClient.invoke(RetryingMetaStoreClient.java:218)
	at com.sun.proxy.$Proxy45.dropDatabase(Unknown Source)
	at org.apache.hadoop.hive.ql.metadata.Hive.dropDatabase(Hive.java:662)
	at org.apache.hadoop.hive.ql.ddl.database.drop.DropDatabaseOperation.execute(DropDatabaseOperation.java:52)
	at org.apache.hadoop.hive.ql.ddl.DDLTask.execute(DDLTask.java:84)
	at org.apache.hadoop.hive.ql.exec.Task.executeTask(Task.java:212)
	at org.apache.hadoop.hive.ql.exec.TaskRunner.runSequential(TaskRunner.java:105)
	at org.apache.hadoop.hive.ql.Executor.launchTask(Executor.java:361)
	at org.apache.hadoop.hive.ql.Executor.launchTasks(Executor.java:334)
	at org.apache.hadoop.hive.ql.Executor.runTasks(Executor.java:245)
	at org.apache.hadoop.hive.ql.Executor.execute(Executor.java:108)
	at org.apache.hadoop.hive.ql.Driver.execute(Driver.java:348)
	at org.apache.hadoop.hive.ql.Driver.runInternal(Driver.java:204)
	at org.apache.hadoop.hive.ql.Driver.run(Driver.java:153)
	at org.apache.hadoop.hive.ql.Driver.run(Driver.java:148)
	at org.apache.hadoop.hive.ql.reexec.ReExecDriver.run(ReExecDriver.java:164)
	at org.apache.hadoop.hive.ql.reexec.ReExecDriver.run(ReExecDriver.java:230)
	at org.apache.hive.hcatalog.pig.AbstractHCatLoaderTest.executeStatementOnDriver(AbstractHCatLoaderTest.java:151)
	at org.apache.hive.hcatalog.pig.AbstractHCatLoaderTest.tearDown(AbstractHCatLoaderTest.java:239)
	at sun.reflect.NativeMethodAccessorImpl.invoke0(Native Method)
	at sun.reflect.NativeMethodAccessorImpl.invoke(NativeMethodAccessorImpl.java:62)
	at sun.reflect.DelegatingMethodAccessorImpl.invoke(DelegatingMethodAccessorImpl.java:43)
	at java.lang.reflect.Method.invoke(Method.java:498)
	at org.junit.runners.model.FrameworkMethod$1.runReflectiveCall(FrameworkMethod.java:59)
	at org.junit.internal.runners.model.ReflectiveCallable.run(ReflectiveCallable.java:12)
	at org.junit.runners.model.FrameworkMethod.invokeExplosively(FrameworkMethod.java:56)
	at org.junit.internal.runners.statements.RunAfters.invokeMethod(RunAfters.java:46)
	at org.junit.internal.runners.statements.RunAfters.evaluate(RunAfters.java:33)
	at org.junit.runners.ParentRunner$3.evaluate(ParentRunner.java:306)
	at org.junit.runners.BlockJUnit4ClassRunner$1.evaluate(BlockJUnit4ClassRunner.java:100)
	at org.junit.runners.ParentRunner.runLeaf(ParentRunner.java:366)
	at org.junit.runners.BlockJUnit4ClassRunner.runChild(BlockJUnit4ClassRunner.java:103)
	at org.junit.runners.BlockJUnit4ClassRunner.runChild(BlockJUnit4ClassRunner.java:63)
	at org.junit.runners.ParentRunner$4.run(ParentRunner.java:331)
	at org.junit.runners.ParentRunner$1.schedule(ParentRunner.java:79)
	at org.junit.runners.ParentRunner.runChildren(ParentRunner.java:329)
	at org.junit.runners.ParentRunner.access$100(ParentRunner.java:66)
	at org.junit.runners.ParentRunner$2.evaluate(ParentRunner.java:293)
	at org.junit.internal.runners.statements.RunBefores.evaluate(RunBefores.java:26)
	at org.junit.runners.ParentRunner$3.evaluate(ParentRunner.java:306)
	at org.junit.runners.ParentRunner.run(ParentRunner.java:413)
	at org.junit.runners.Suite.runChild(Suite.java:128)
	at org.junit.runners.Suite.runChild(Suite.java:27)
	at org.junit.runners.ParentRunner$4.run(ParentRunner.java:331)
	at org.junit.runners.ParentRunner$1.schedule(ParentRunner.java:79)
	at org.junit.runners.ParentRunner.runChildren(ParentRunner.java:329)
	at org.junit.runners.ParentRunner.access$100(ParentRunner.java:66)
	at org.junit.runners.ParentRunner$2.evaluate(ParentRunner.java:293)
	at org.junit.runners.ParentRunner$3.evaluate(ParentRunner.java:306)
	at org.junit.runners.ParentRunner.run(ParentRunner.java:413)
	at org.apache.maven.surefire.junitcore.JUnitCore.run(JUnitCore.java:55)
	at org.apache.maven.surefire.junitcore.JUnitCoreWrapper.createRequestAndRun(JUnitCoreWrapper.java:137)
	at org.apache.maven.surefire.junitcore.JUnitCoreWrapper.executeEager(JUnitCoreWrapper.java:107)
	at org.apache.maven.surefire.junitcore.JUnitCoreWrapper.execute(JUnitCoreWrapper.java:83)
	at org.apache.maven.surefire.junitcore.JUnitCoreWrapper.execute(JUnitCoreWrapper.java:75)
	at org.apache.maven.surefire.junitcore.JUnitCoreProvider.invoke(JUnitCoreProvider.java:158)
	at org.apache.maven.surefire.booter.ForkedBooter.runSuitesInProcess(ForkedBooter.java:377)
	at org.apache.maven.surefire.booter.ForkedBooter.execute(ForkedBooter.java:138)
	at org.apache.maven.surefire.booter.ForkedBooter.run(ForkedBooter.java:465)
	at org.apache.maven.surefire.booter.ForkedBooter.main(ForkedBooter.java:451)
Caused by: org.apache.derby.shared.common.error.DerbySQLIntegrityConstraintViolationException: DELETE on table 'DBS' caused a violation of foreign key constraint 'TBLS_FK1' for key (4).  The statement has been rolled back.
	at org.apache.derby.impl.jdbc.SQLExceptionFactory.getSQLException(Unknown Source)
	at org.apache.derby.impl.jdbc.Util.generateCsSQLException(Unknown Source)
	at org.apache.derby.impl.jdbc.TransactionResourceImpl.wrapInSQLException(Unknown Source)
	at org.apache.derby.impl.jdbc.TransactionResourceImpl.handleException(Unknown Source)
	at org.apache.derby.impl.jdbc.EmbedConnection.handleException(Unknown Source)
	at org.apache.derby.impl.jdbc.ConnectionChild.handleException(Unknown Source)
	at org.apache.derby.impl.jdbc.EmbedStatement.executeStatement(Unknown Source)
	at org.apache.derby.impl.jdbc.EmbedPreparedStatement.executeBatchElement(Unknown Source)
	... 94 more
Caused by: ERROR 23503: DELETE on table 'DBS' caused a violation of foreign key constraint 'TBLS_FK1' for key (4).  The statement has been rolled back.
	at org.apache.derby.iapi.error.StandardException.newException(Unknown Source)
	at org.apache.derby.iapi.error.StandardException.newException(Unknown Source)
	at org.apache.derby.impl.sql.execute.ReferencedKeyRIChecker.doCheck(Unknown Source)
	at org.apache.derby.impl.sql.execute.RISetChecker.doPKCheck(Unknown Source)
	at org.apache.derby.impl.sql.execute.DeleteResultSet.collectAffectedRows(Unknown Source)
	at org.apache.derby.impl.sql.execute.DeleteResultSet.open(Unknown Source)
	at org.apache.derby.impl.sql.GenericPreparedStatement.executeStmt(Unknown Source)
	at org.apache.derby.impl.sql.GenericPreparedStatement.execute(Unknown Source)
	... 96 more

2024-04-24T11:29:54,902  INFO [main] HiveMetaStore.audit: ugi=alex	ip=unknown-ip-addr	cmd=drop_database: @hive#junit_specific_db	
2024-04-24T11:29:54,907  INFO [main] HiveMetaStore.audit: ugi=alex	ip=unknown-ip-addr	cmd=get_all_tables: db=@hive#junit_specific_db	
2024-04-24T11:29:54,908  INFO [main] HiveMetaStore.audit: ugi=alex	ip=unknown-ip-addr	cmd=get_functions: db=@hive#junit_specific_db pat=*	
2024-04-24T11:29:54,910  INFO [main] HiveMetaStore.audit: ugi=alex	ip=unknown-ip-addr	cmd=get_all_stored_procedures	
2024-04-24T11:29:54,911  INFO [main] HiveMetaStore.audit: ugi=alex	ip=unknown-ip-addr	cmd=get_all_packages	
2024-04-24T11:29:54,912  INFO [main] HiveMetaStore.audit: ugi=alex	ip=unknown-ip-addr	cmd=getTablesByTypeCore: catName=hive: db=junit_specific_db pat=.*,type=MATERIALIZED_VIEW	
2024-04-24T11:29:54,917  INFO [main] metastore.ObjectStore: Dropping database hive.junit_specific_db along with all tables
2024-04-24T11:29:54,923  INFO [main] txn.TxnHandler: Non-retryable error in cleanupRecords : Table/View 'TXN_COMPONENTS' does not exist. (SQLState=42X05, ErrorCode=20000)
2024-04-24T11:29:54,923  WARN [main] txn.TxnHandler: Cannot perform cleanup since metastore table does not exist
2024-04-24T11:29:54,925 ERROR [main] metastore.RetryingHMSHandler: Retrying HMSHandler after 2000 ms (attempt 3 of 10) with error: javax.jdo.JDODataStoreException: Exception thrown flushing changes to datastore
	at org.datanucleus.api.jdo.NucleusJDOHelper.getJDOExceptionForNucleusException(NucleusJDOHelper.java:542)
	at org.datanucleus.api.jdo.JDOTransaction.commit(JDOTransaction.java:162)
	at org.apache.hadoop.hive.metastore.ObjectStore.commitTransaction(ObjectStore.java:615)
	at sun.reflect.GeneratedMethodAccessor31.invoke(Unknown Source)
	at sun.reflect.DelegatingMethodAccessorImpl.invoke(DelegatingMethodAccessorImpl.java:43)
	at java.lang.reflect.Method.invoke(Method.java:498)
	at org.apache.hadoop.hive.metastore.RawStoreProxy.invoke(RawStoreProxy.java:97)
	at com.sun.proxy.$Proxy32.commitTransaction(Unknown Source)
	at org.apache.hadoop.hive.metastore.HMSHandler.drop_database_core(HMSHandler.java:1790)
	at org.apache.hadoop.hive.metastore.HMSHandler.drop_database(HMSHandler.java:1869)
	at sun.reflect.GeneratedMethodAccessor54.invoke(Unknown Source)
	at sun.reflect.DelegatingMethodAccessorImpl.invoke(DelegatingMethodAccessorImpl.java:43)
	at java.lang.reflect.Method.invoke(Method.java:498)
	at org.apache.hadoop.hive.metastore.RetryingHMSHandler.invokeInternal(RetryingHMSHandler.java:147)
	at org.apache.hadoop.hive.metastore.RetryingHMSHandler.invoke(RetryingHMSHandler.java:108)
	at com.sun.proxy.$Proxy35.drop_database(Unknown Source)
	at org.apache.hadoop.hive.metastore.HiveMetaStoreClient.dropDatabaseCascadePerDb(HiveMetaStoreClient.java:1601)
	at org.apache.hadoop.hive.metastore.HiveMetaStoreClient.dropDatabase(HiveMetaStoreClient.java:1532)
	at org.apache.hadoop.hive.metastore.HiveMetaStoreClient.dropDatabase(HiveMetaStoreClient.java:1485)
	at sun.reflect.NativeMethodAccessorImpl.invoke0(Native Method)
	at sun.reflect.NativeMethodAccessorImpl.invoke(NativeMethodAccessorImpl.java:62)
	at sun.reflect.DelegatingMethodAccessorImpl.invoke(DelegatingMethodAccessorImpl.java:43)
	at java.lang.reflect.Method.invoke(Method.java:498)
	at org.apache.hadoop.hive.metastore.RetryingMetaStoreClient.invoke(RetryingMetaStoreClient.java:218)
	at com.sun.proxy.$Proxy45.dropDatabase(Unknown Source)
	at org.apache.hadoop.hive.ql.metadata.Hive.dropDatabase(Hive.java:662)
	at org.apache.hadoop.hive.ql.ddl.database.drop.DropDatabaseOperation.execute(DropDatabaseOperation.java:52)
	at org.apache.hadoop.hive.ql.ddl.DDLTask.execute(DDLTask.java:84)
	at org.apache.hadoop.hive.ql.exec.Task.executeTask(Task.java:212)
	at org.apache.hadoop.hive.ql.exec.TaskRunner.runSequential(TaskRunner.java:105)
	at org.apache.hadoop.hive.ql.Executor.launchTask(Executor.java:361)
	at org.apache.hadoop.hive.ql.Executor.launchTasks(Executor.java:334)
	at org.apache.hadoop.hive.ql.Executor.runTasks(Executor.java:245)
	at org.apache.hadoop.hive.ql.Executor.execute(Executor.java:108)
	at org.apache.hadoop.hive.ql.Driver.execute(Driver.java:348)
	at org.apache.hadoop.hive.ql.Driver.runInternal(Driver.java:204)
	at org.apache.hadoop.hive.ql.Driver.run(Driver.java:153)
	at org.apache.hadoop.hive.ql.Driver.run(Driver.java:148)
	at org.apache.hadoop.hive.ql.reexec.ReExecDriver.run(ReExecDriver.java:164)
	at org.apache.hadoop.hive.ql.reexec.ReExecDriver.run(ReExecDriver.java:230)
	at org.apache.hive.hcatalog.pig.AbstractHCatLoaderTest.executeStatementOnDriver(AbstractHCatLoaderTest.java:151)
	at org.apache.hive.hcatalog.pig.AbstractHCatLoaderTest.tearDown(AbstractHCatLoaderTest.java:239)
	at sun.reflect.NativeMethodAccessorImpl.invoke0(Native Method)
	at sun.reflect.NativeMethodAccessorImpl.invoke(NativeMethodAccessorImpl.java:62)
	at sun.reflect.DelegatingMethodAccessorImpl.invoke(DelegatingMethodAccessorImpl.java:43)
	at java.lang.reflect.Method.invoke(Method.java:498)
	at org.junit.runners.model.FrameworkMethod$1.runReflectiveCall(FrameworkMethod.java:59)
	at org.junit.internal.runners.model.ReflectiveCallable.run(ReflectiveCallable.java:12)
	at org.junit.runners.model.FrameworkMethod.invokeExplosively(FrameworkMethod.java:56)
	at org.junit.internal.runners.statements.RunAfters.invokeMethod(RunAfters.java:46)
	at org.junit.internal.runners.statements.RunAfters.evaluate(RunAfters.java:33)
	at org.junit.runners.ParentRunner$3.evaluate(ParentRunner.java:306)
	at org.junit.runners.BlockJUnit4ClassRunner$1.evaluate(BlockJUnit4ClassRunner.java:100)
	at org.junit.runners.ParentRunner.runLeaf(ParentRunner.java:366)
	at org.junit.runners.BlockJUnit4ClassRunner.runChild(BlockJUnit4ClassRunner.java:103)
	at org.junit.runners.BlockJUnit4ClassRunner.runChild(BlockJUnit4ClassRunner.java:63)
	at org.junit.runners.ParentRunner$4.run(ParentRunner.java:331)
	at org.junit.runners.ParentRunner$1.schedule(ParentRunner.java:79)
	at org.junit.runners.ParentRunner.runChildren(ParentRunner.java:329)
	at org.junit.runners.ParentRunner.access$100(ParentRunner.java:66)
	at org.junit.runners.ParentRunner$2.evaluate(ParentRunner.java:293)
	at org.junit.internal.runners.statements.RunBefores.evaluate(RunBefores.java:26)
	at org.junit.runners.ParentRunner$3.evaluate(ParentRunner.java:306)
	at org.junit.runners.ParentRunner.run(ParentRunner.java:413)
	at org.junit.runners.Suite.runChild(Suite.java:128)
	at org.junit.runners.Suite.runChild(Suite.java:27)
	at org.junit.runners.ParentRunner$4.run(ParentRunner.java:331)
	at org.junit.runners.ParentRunner$1.schedule(ParentRunner.java:79)
	at org.junit.runners.ParentRunner.runChildren(ParentRunner.java:329)
	at org.junit.runners.ParentRunner.access$100(ParentRunner.java:66)
	at org.junit.runners.ParentRunner$2.evaluate(ParentRunner.java:293)
	at org.junit.runners.ParentRunner$3.evaluate(ParentRunner.java:306)
	at org.junit.runners.ParentRunner.run(ParentRunner.java:413)
	at org.apache.maven.surefire.junitcore.JUnitCore.run(JUnitCore.java:55)
	at org.apache.maven.surefire.junitcore.JUnitCoreWrapper.createRequestAndRun(JUnitCoreWrapper.java:137)
	at org.apache.maven.surefire.junitcore.JUnitCoreWrapper.executeEager(JUnitCoreWrapper.java:107)
	at org.apache.maven.surefire.junitcore.JUnitCoreWrapper.execute(JUnitCoreWrapper.java:83)
	at org.apache.maven.surefire.junitcore.JUnitCoreWrapper.execute(JUnitCoreWrapper.java:75)
	at org.apache.maven.surefire.junitcore.JUnitCoreProvider.invoke(JUnitCoreProvider.java:158)
	at org.apache.maven.surefire.booter.ForkedBooter.runSuitesInProcess(ForkedBooter.java:377)
	at org.apache.maven.surefire.booter.ForkedBooter.execute(ForkedBooter.java:138)
	at org.apache.maven.surefire.booter.ForkedBooter.run(ForkedBooter.java:465)
	at org.apache.maven.surefire.booter.ForkedBooter.main(ForkedBooter.java:451)
NestedThrowablesStackTrace:
java.sql.BatchUpdateException: DELETE on table 'DBS' caused a violation of foreign key constraint 'TBLS_FK1' for key (4).  The statement has been rolled back.
	at org.apache.derby.impl.jdbc.EmbedStatement.executeLargeBatch(Unknown Source)
	at org.apache.derby.impl.jdbc.EmbedStatement.executeBatch(Unknown Source)
	at com.zaxxer.hikari.pool.ProxyStatement.executeBatch(ProxyStatement.java:128)
	at com.zaxxer.hikari.pool.HikariProxyPreparedStatement.executeBatch(HikariProxyPreparedStatement.java)
	at org.datanucleus.store.rdbms.ParamLoggingPreparedStatement.executeBatch(ParamLoggingPreparedStatement.java:366)
	at org.datanucleus.store.rdbms.SQLController.processConnectionStatement(SQLController.java:675)
	at org.datanucleus.store.rdbms.SQLController.processStatementsForConnection(SQLController.java:643)
	at org.datanucleus.store.rdbms.SQLController$1.transactionFlushed(SQLController.java:729)
	at org.datanucleus.store.connection.AbstractManagedConnection.transactionFlushed(AbstractManagedConnection.java:95)
	at org.datanucleus.store.connection.ConnectionManagerImpl$2.transactionFlushed(ConnectionManagerImpl.java:528)
	at org.datanucleus.TransactionImpl.flush(TransactionImpl.java:222)
	at org.datanucleus.TransactionImpl.commit(TransactionImpl.java:286)
	at org.datanucleus.api.jdo.JDOTransaction.commit(JDOTransaction.java:99)
	at org.apache.hadoop.hive.metastore.ObjectStore.commitTransaction(ObjectStore.java:615)
	at sun.reflect.GeneratedMethodAccessor31.invoke(Unknown Source)
	at sun.reflect.DelegatingMethodAccessorImpl.invoke(DelegatingMethodAccessorImpl.java:43)
	at java.lang.reflect.Method.invoke(Method.java:498)
	at org.apache.hadoop.hive.metastore.RawStoreProxy.invoke(RawStoreProxy.java:97)
	at com.sun.proxy.$Proxy32.commitTransaction(Unknown Source)
	at org.apache.hadoop.hive.metastore.HMSHandler.drop_database_core(HMSHandler.java:1790)
	at org.apache.hadoop.hive.metastore.HMSHandler.drop_database(HMSHandler.java:1869)
	at sun.reflect.GeneratedMethodAccessor54.invoke(Unknown Source)
	at sun.reflect.DelegatingMethodAccessorImpl.invoke(DelegatingMethodAccessorImpl.java:43)
	at java.lang.reflect.Method.invoke(Method.java:498)
	at org.apache.hadoop.hive.metastore.RetryingHMSHandler.invokeInternal(RetryingHMSHandler.java:147)
	at org.apache.hadoop.hive.metastore.RetryingHMSHandler.invoke(RetryingHMSHandler.java:108)
	at com.sun.proxy.$Proxy35.drop_database(Unknown Source)
	at org.apache.hadoop.hive.metastore.HiveMetaStoreClient.dropDatabaseCascadePerDb(HiveMetaStoreClient.java:1601)
	at org.apache.hadoop.hive.metastore.HiveMetaStoreClient.dropDatabase(HiveMetaStoreClient.java:1532)
	at org.apache.hadoop.hive.metastore.HiveMetaStoreClient.dropDatabase(HiveMetaStoreClient.java:1485)
	at sun.reflect.NativeMethodAccessorImpl.invoke0(Native Method)
	at sun.reflect.NativeMethodAccessorImpl.invoke(NativeMethodAccessorImpl.java:62)
	at sun.reflect.DelegatingMethodAccessorImpl.invoke(DelegatingMethodAccessorImpl.java:43)
	at java.lang.reflect.Method.invoke(Method.java:498)
	at org.apache.hadoop.hive.metastore.RetryingMetaStoreClient.invoke(RetryingMetaStoreClient.java:218)
	at com.sun.proxy.$Proxy45.dropDatabase(Unknown Source)
	at org.apache.hadoop.hive.ql.metadata.Hive.dropDatabase(Hive.java:662)
	at org.apache.hadoop.hive.ql.ddl.database.drop.DropDatabaseOperation.execute(DropDatabaseOperation.java:52)
	at org.apache.hadoop.hive.ql.ddl.DDLTask.execute(DDLTask.java:84)
	at org.apache.hadoop.hive.ql.exec.Task.executeTask(Task.java:212)
	at org.apache.hadoop.hive.ql.exec.TaskRunner.runSequential(TaskRunner.java:105)
	at org.apache.hadoop.hive.ql.Executor.launchTask(Executor.java:361)
	at org.apache.hadoop.hive.ql.Executor.launchTasks(Executor.java:334)
	at org.apache.hadoop.hive.ql.Executor.runTasks(Executor.java:245)
	at org.apache.hadoop.hive.ql.Executor.execute(Executor.java:108)
	at org.apache.hadoop.hive.ql.Driver.execute(Driver.java:348)
	at org.apache.hadoop.hive.ql.Driver.runInternal(Driver.java:204)
	at org.apache.hadoop.hive.ql.Driver.run(Driver.java:153)
	at org.apache.hadoop.hive.ql.Driver.run(Driver.java:148)
	at org.apache.hadoop.hive.ql.reexec.ReExecDriver.run(ReExecDriver.java:164)
	at org.apache.hadoop.hive.ql.reexec.ReExecDriver.run(ReExecDriver.java:230)
	at org.apache.hive.hcatalog.pig.AbstractHCatLoaderTest.executeStatementOnDriver(AbstractHCatLoaderTest.java:151)
	at org.apache.hive.hcatalog.pig.AbstractHCatLoaderTest.tearDown(AbstractHCatLoaderTest.java:239)
	at sun.reflect.NativeMethodAccessorImpl.invoke0(Native Method)
	at sun.reflect.NativeMethodAccessorImpl.invoke(NativeMethodAccessorImpl.java:62)
	at sun.reflect.DelegatingMethodAccessorImpl.invoke(DelegatingMethodAccessorImpl.java:43)
	at java.lang.reflect.Method.invoke(Method.java:498)
	at org.junit.runners.model.FrameworkMethod$1.runReflectiveCall(FrameworkMethod.java:59)
	at org.junit.internal.runners.model.ReflectiveCallable.run(ReflectiveCallable.java:12)
	at org.junit.runners.model.FrameworkMethod.invokeExplosively(FrameworkMethod.java:56)
	at org.junit.internal.runners.statements.RunAfters.invokeMethod(RunAfters.java:46)
	at org.junit.internal.runners.statements.RunAfters.evaluate(RunAfters.java:33)
	at org.junit.runners.ParentRunner$3.evaluate(ParentRunner.java:306)
	at org.junit.runners.BlockJUnit4ClassRunner$1.evaluate(BlockJUnit4ClassRunner.java:100)
	at org.junit.runners.ParentRunner.runLeaf(ParentRunner.java:366)
	at org.junit.runners.BlockJUnit4ClassRunner.runChild(BlockJUnit4ClassRunner.java:103)
	at org.junit.runners.BlockJUnit4ClassRunner.runChild(BlockJUnit4ClassRunner.java:63)
	at org.junit.runners.ParentRunner$4.run(ParentRunner.java:331)
	at org.junit.runners.ParentRunner$1.schedule(ParentRunner.java:79)
	at org.junit.runners.ParentRunner.runChildren(ParentRunner.java:329)
	at org.junit.runners.ParentRunner.access$100(ParentRunner.java:66)
	at org.junit.runners.ParentRunner$2.evaluate(ParentRunner.java:293)
	at org.junit.internal.runners.statements.RunBefores.evaluate(RunBefores.java:26)
	at org.junit.runners.ParentRunner$3.evaluate(ParentRunner.java:306)
	at org.junit.runners.ParentRunner.run(ParentRunner.java:413)
	at org.junit.runners.Suite.runChild(Suite.java:128)
	at org.junit.runners.Suite.runChild(Suite.java:27)
	at org.junit.runners.ParentRunner$4.run(ParentRunner.java:331)
	at org.junit.runners.ParentRunner$1.schedule(ParentRunner.java:79)
	at org.junit.runners.ParentRunner.runChildren(ParentRunner.java:329)
	at org.junit.runners.ParentRunner.access$100(ParentRunner.java:66)
	at org.junit.runners.ParentRunner$2.evaluate(ParentRunner.java:293)
	at org.junit.runners.ParentRunner$3.evaluate(ParentRunner.java:306)
	at org.junit.runners.ParentRunner.run(ParentRunner.java:413)
	at org.apache.maven.surefire.junitcore.JUnitCore.run(JUnitCore.java:55)
	at org.apache.maven.surefire.junitcore.JUnitCoreWrapper.createRequestAndRun(JUnitCoreWrapper.java:137)
	at org.apache.maven.surefire.junitcore.JUnitCoreWrapper.executeEager(JUnitCoreWrapper.java:107)
	at org.apache.maven.surefire.junitcore.JUnitCoreWrapper.execute(JUnitCoreWrapper.java:83)
	at org.apache.maven.surefire.junitcore.JUnitCoreWrapper.execute(JUnitCoreWrapper.java:75)
	at org.apache.maven.surefire.junitcore.JUnitCoreProvider.invoke(JUnitCoreProvider.java:158)
	at org.apache.maven.surefire.booter.ForkedBooter.runSuitesInProcess(ForkedBooter.java:377)
	at org.apache.maven.surefire.booter.ForkedBooter.execute(ForkedBooter.java:138)
	at org.apache.maven.surefire.booter.ForkedBooter.run(ForkedBooter.java:465)
	at org.apache.maven.surefire.booter.ForkedBooter.main(ForkedBooter.java:451)
Caused by: org.apache.derby.shared.common.error.DerbySQLIntegrityConstraintViolationException: DELETE on table 'DBS' caused a violation of foreign key constraint 'TBLS_FK1' for key (4).  The statement has been rolled back.
	at org.apache.derby.impl.jdbc.SQLExceptionFactory.getSQLException(Unknown Source)
	at org.apache.derby.impl.jdbc.Util.generateCsSQLException(Unknown Source)
	at org.apache.derby.impl.jdbc.TransactionResourceImpl.wrapInSQLException(Unknown Source)
	at org.apache.derby.impl.jdbc.TransactionResourceImpl.handleException(Unknown Source)
	at org.apache.derby.impl.jdbc.EmbedConnection.handleException(Unknown Source)
	at org.apache.derby.impl.jdbc.ConnectionChild.handleException(Unknown Source)
	at org.apache.derby.impl.jdbc.EmbedStatement.executeStatement(Unknown Source)
	at org.apache.derby.impl.jdbc.EmbedPreparedStatement.executeBatchElement(Unknown Source)
	... 94 more
Caused by: ERROR 23503: DELETE on table 'DBS' caused a violation of foreign key constraint 'TBLS_FK1' for key (4).  The statement has been rolled back.
	at org.apache.derby.iapi.error.StandardException.newException(Unknown Source)
	at org.apache.derby.iapi.error.StandardException.newException(Unknown Source)
	at org.apache.derby.impl.sql.execute.ReferencedKeyRIChecker.doCheck(Unknown Source)
	at org.apache.derby.impl.sql.execute.RISetChecker.doPKCheck(Unknown Source)
	at org.apache.derby.impl.sql.execute.DeleteResultSet.collectAffectedRows(Unknown Source)
	at org.apache.derby.impl.sql.execute.DeleteResultSet.open(Unknown Source)
	at org.apache.derby.impl.sql.GenericPreparedStatement.executeStmt(Unknown Source)
	at org.apache.derby.impl.sql.GenericPreparedStatement.execute(Unknown Source)
	... 96 more

2024-04-24T11:29:56,926  INFO [main] HiveMetaStore.audit: ugi=alex	ip=unknown-ip-addr	cmd=drop_database: @hive#junit_specific_db	
2024-04-24T11:29:56,930  INFO [main] HiveMetaStore.audit: ugi=alex	ip=unknown-ip-addr	cmd=get_all_tables: db=@hive#junit_specific_db	
2024-04-24T11:29:56,931  INFO [main] HiveMetaStore.audit: ugi=alex	ip=unknown-ip-addr	cmd=get_functions: db=@hive#junit_specific_db pat=*	
2024-04-24T11:29:56,933  INFO [main] HiveMetaStore.audit: ugi=alex	ip=unknown-ip-addr	cmd=get_all_stored_procedures	
2024-04-24T11:29:56,934  INFO [main] HiveMetaStore.audit: ugi=alex	ip=unknown-ip-addr	cmd=get_all_packages	
2024-04-24T11:29:56,935  INFO [main] HiveMetaStore.audit: ugi=alex	ip=unknown-ip-addr	cmd=getTablesByTypeCore: catName=hive: db=junit_specific_db pat=.*,type=MATERIALIZED_VIEW	
2024-04-24T11:29:56,939  INFO [main] metastore.ObjectStore: Dropping database hive.junit_specific_db along with all tables
2024-04-24T11:29:56,946  INFO [main] txn.TxnHandler: Non-retryable error in cleanupRecords : Table/View 'TXN_COMPONENTS' does not exist. (SQLState=42X05, ErrorCode=20000)
2024-04-24T11:29:56,946  WARN [main] txn.TxnHandler: Cannot perform cleanup since metastore table does not exist
2024-04-24T11:29:56,948 ERROR [main] metastore.RetryingHMSHandler: Retrying HMSHandler after 2000 ms (attempt 4 of 10) with error: javax.jdo.JDODataStoreException: Exception thrown flushing changes to datastore
	at org.datanucleus.api.jdo.NucleusJDOHelper.getJDOExceptionForNucleusException(NucleusJDOHelper.java:542)
	at org.datanucleus.api.jdo.JDOTransaction.commit(JDOTransaction.java:162)
	at org.apache.hadoop.hive.metastore.ObjectStore.commitTransaction(ObjectStore.java:615)
	at sun.reflect.GeneratedMethodAccessor31.invoke(Unknown Source)
	at sun.reflect.DelegatingMethodAccessorImpl.invoke(DelegatingMethodAccessorImpl.java:43)
	at java.lang.reflect.Method.invoke(Method.java:498)
	at org.apache.hadoop.hive.metastore.RawStoreProxy.invoke(RawStoreProxy.java:97)
	at com.sun.proxy.$Proxy32.commitTransaction(Unknown Source)
	at org.apache.hadoop.hive.metastore.HMSHandler.drop_database_core(HMSHandler.java:1790)
	at org.apache.hadoop.hive.metastore.HMSHandler.drop_database(HMSHandler.java:1869)
	at sun.reflect.GeneratedMethodAccessor54.invoke(Unknown Source)
	at sun.reflect.DelegatingMethodAccessorImpl.invoke(DelegatingMethodAccessorImpl.java:43)
	at java.lang.reflect.Method.invoke(Method.java:498)
	at org.apache.hadoop.hive.metastore.RetryingHMSHandler.invokeInternal(RetryingHMSHandler.java:147)
	at org.apache.hadoop.hive.metastore.RetryingHMSHandler.invoke(RetryingHMSHandler.java:108)
	at com.sun.proxy.$Proxy35.drop_database(Unknown Source)
	at org.apache.hadoop.hive.metastore.HiveMetaStoreClient.dropDatabaseCascadePerDb(HiveMetaStoreClient.java:1601)
	at org.apache.hadoop.hive.metastore.HiveMetaStoreClient.dropDatabase(HiveMetaStoreClient.java:1532)
	at org.apache.hadoop.hive.metastore.HiveMetaStoreClient.dropDatabase(HiveMetaStoreClient.java:1485)
	at sun.reflect.NativeMethodAccessorImpl.invoke0(Native Method)
	at sun.reflect.NativeMethodAccessorImpl.invoke(NativeMethodAccessorImpl.java:62)
	at sun.reflect.DelegatingMethodAccessorImpl.invoke(DelegatingMethodAccessorImpl.java:43)
	at java.lang.reflect.Method.invoke(Method.java:498)
	at org.apache.hadoop.hive.metastore.RetryingMetaStoreClient.invoke(RetryingMetaStoreClient.java:218)
	at com.sun.proxy.$Proxy45.dropDatabase(Unknown Source)
	at org.apache.hadoop.hive.ql.metadata.Hive.dropDatabase(Hive.java:662)
	at org.apache.hadoop.hive.ql.ddl.database.drop.DropDatabaseOperation.execute(DropDatabaseOperation.java:52)
	at org.apache.hadoop.hive.ql.ddl.DDLTask.execute(DDLTask.java:84)
	at org.apache.hadoop.hive.ql.exec.Task.executeTask(Task.java:212)
	at org.apache.hadoop.hive.ql.exec.TaskRunner.runSequential(TaskRunner.java:105)
	at org.apache.hadoop.hive.ql.Executor.launchTask(Executor.java:361)
	at org.apache.hadoop.hive.ql.Executor.launchTasks(Executor.java:334)
	at org.apache.hadoop.hive.ql.Executor.runTasks(Executor.java:245)
	at org.apache.hadoop.hive.ql.Executor.execute(Executor.java:108)
	at org.apache.hadoop.hive.ql.Driver.execute(Driver.java:348)
	at org.apache.hadoop.hive.ql.Driver.runInternal(Driver.java:204)
	at org.apache.hadoop.hive.ql.Driver.run(Driver.java:153)
	at org.apache.hadoop.hive.ql.Driver.run(Driver.java:148)
	at org.apache.hadoop.hive.ql.reexec.ReExecDriver.run(ReExecDriver.java:164)
	at org.apache.hadoop.hive.ql.reexec.ReExecDriver.run(ReExecDriver.java:230)
	at org.apache.hive.hcatalog.pig.AbstractHCatLoaderTest.executeStatementOnDriver(AbstractHCatLoaderTest.java:151)
	at org.apache.hive.hcatalog.pig.AbstractHCatLoaderTest.tearDown(AbstractHCatLoaderTest.java:239)
	at sun.reflect.NativeMethodAccessorImpl.invoke0(Native Method)
	at sun.reflect.NativeMethodAccessorImpl.invoke(NativeMethodAccessorImpl.java:62)
	at sun.reflect.DelegatingMethodAccessorImpl.invoke(DelegatingMethodAccessorImpl.java:43)
	at java.lang.reflect.Method.invoke(Method.java:498)
	at org.junit.runners.model.FrameworkMethod$1.runReflectiveCall(FrameworkMethod.java:59)
	at org.junit.internal.runners.model.ReflectiveCallable.run(ReflectiveCallable.java:12)
	at org.junit.runners.model.FrameworkMethod.invokeExplosively(FrameworkMethod.java:56)
	at org.junit.internal.runners.statements.RunAfters.invokeMethod(RunAfters.java:46)
	at org.junit.internal.runners.statements.RunAfters.evaluate(RunAfters.java:33)
	at org.junit.runners.ParentRunner$3.evaluate(ParentRunner.java:306)
	at org.junit.runners.BlockJUnit4ClassRunner$1.evaluate(BlockJUnit4ClassRunner.java:100)
	at org.junit.runners.ParentRunner.runLeaf(ParentRunner.java:366)
	at org.junit.runners.BlockJUnit4ClassRunner.runChild(BlockJUnit4ClassRunner.java:103)
	at org.junit.runners.BlockJUnit4ClassRunner.runChild(BlockJUnit4ClassRunner.java:63)
	at org.junit.runners.ParentRunner$4.run(ParentRunner.java:331)
	at org.junit.runners.ParentRunner$1.schedule(ParentRunner.java:79)
	at org.junit.runners.ParentRunner.runChildren(ParentRunner.java:329)
	at org.junit.runners.ParentRunner.access$100(ParentRunner.java:66)
	at org.junit.runners.ParentRunner$2.evaluate(ParentRunner.java:293)
	at org.junit.internal.runners.statements.RunBefores.evaluate(RunBefores.java:26)
	at org.junit.runners.ParentRunner$3.evaluate(ParentRunner.java:306)
	at org.junit.runners.ParentRunner.run(ParentRunner.java:413)
	at org.junit.runners.Suite.runChild(Suite.java:128)
	at org.junit.runners.Suite.runChild(Suite.java:27)
	at org.junit.runners.ParentRunner$4.run(ParentRunner.java:331)
	at org.junit.runners.ParentRunner$1.schedule(ParentRunner.java:79)
	at org.junit.runners.ParentRunner.runChildren(ParentRunner.java:329)
	at org.junit.runners.ParentRunner.access$100(ParentRunner.java:66)
	at org.junit.runners.ParentRunner$2.evaluate(ParentRunner.java:293)
	at org.junit.runners.ParentRunner$3.evaluate(ParentRunner.java:306)
	at org.junit.runners.ParentRunner.run(ParentRunner.java:413)
	at org.apache.maven.surefire.junitcore.JUnitCore.run(JUnitCore.java:55)
	at org.apache.maven.surefire.junitcore.JUnitCoreWrapper.createRequestAndRun(JUnitCoreWrapper.java:137)
	at org.apache.maven.surefire.junitcore.JUnitCoreWrapper.executeEager(JUnitCoreWrapper.java:107)
	at org.apache.maven.surefire.junitcore.JUnitCoreWrapper.execute(JUnitCoreWrapper.java:83)
	at org.apache.maven.surefire.junitcore.JUnitCoreWrapper.execute(JUnitCoreWrapper.java:75)
	at org.apache.maven.surefire.junitcore.JUnitCoreProvider.invoke(JUnitCoreProvider.java:158)
	at org.apache.maven.surefire.booter.ForkedBooter.runSuitesInProcess(ForkedBooter.java:377)
	at org.apache.maven.surefire.booter.ForkedBooter.execute(ForkedBooter.java:138)
	at org.apache.maven.surefire.booter.ForkedBooter.run(ForkedBooter.java:465)
	at org.apache.maven.surefire.booter.ForkedBooter.main(ForkedBooter.java:451)
NestedThrowablesStackTrace:
java.sql.BatchUpdateException: DELETE on table 'DBS' caused a violation of foreign key constraint 'TBLS_FK1' for key (4).  The statement has been rolled back.
	at org.apache.derby.impl.jdbc.EmbedStatement.executeLargeBatch(Unknown Source)
	at org.apache.derby.impl.jdbc.EmbedStatement.executeBatch(Unknown Source)
	at com.zaxxer.hikari.pool.ProxyStatement.executeBatch(ProxyStatement.java:128)
	at com.zaxxer.hikari.pool.HikariProxyPreparedStatement.executeBatch(HikariProxyPreparedStatement.java)
	at org.datanucleus.store.rdbms.ParamLoggingPreparedStatement.executeBatch(ParamLoggingPreparedStatement.java:366)
	at org.datanucleus.store.rdbms.SQLController.processConnectionStatement(SQLController.java:675)
	at org.datanucleus.store.rdbms.SQLController.processStatementsForConnection(SQLController.java:643)
	at org.datanucleus.store.rdbms.SQLController$1.transactionFlushed(SQLController.java:729)
	at org.datanucleus.store.connection.AbstractManagedConnection.transactionFlushed(AbstractManagedConnection.java:95)
	at org.datanucleus.store.connection.ConnectionManagerImpl$2.transactionFlushed(ConnectionManagerImpl.java:528)
	at org.datanucleus.TransactionImpl.flush(TransactionImpl.java:222)
	at org.datanucleus.TransactionImpl.commit(TransactionImpl.java:286)
	at org.datanucleus.api.jdo.JDOTransaction.commit(JDOTransaction.java:99)
	at org.apache.hadoop.hive.metastore.ObjectStore.commitTransaction(ObjectStore.java:615)
	at sun.reflect.GeneratedMethodAccessor31.invoke(Unknown Source)
	at sun.reflect.DelegatingMethodAccessorImpl.invoke(DelegatingMethodAccessorImpl.java:43)
	at java.lang.reflect.Method.invoke(Method.java:498)
	at org.apache.hadoop.hive.metastore.RawStoreProxy.invoke(RawStoreProxy.java:97)
	at com.sun.proxy.$Proxy32.commitTransaction(Unknown Source)
	at org.apache.hadoop.hive.metastore.HMSHandler.drop_database_core(HMSHandler.java:1790)
	at org.apache.hadoop.hive.metastore.HMSHandler.drop_database(HMSHandler.java:1869)
	at sun.reflect.GeneratedMethodAccessor54.invoke(Unknown Source)
	at sun.reflect.DelegatingMethodAccessorImpl.invoke(DelegatingMethodAccessorImpl.java:43)
	at java.lang.reflect.Method.invoke(Method.java:498)
	at org.apache.hadoop.hive.metastore.RetryingHMSHandler.invokeInternal(RetryingHMSHandler.java:147)
	at org.apache.hadoop.hive.metastore.RetryingHMSHandler.invoke(RetryingHMSHandler.java:108)
	at com.sun.proxy.$Proxy35.drop_database(Unknown Source)
	at org.apache.hadoop.hive.metastore.HiveMetaStoreClient.dropDatabaseCascadePerDb(HiveMetaStoreClient.java:1601)
	at org.apache.hadoop.hive.metastore.HiveMetaStoreClient.dropDatabase(HiveMetaStoreClient.java:1532)
	at org.apache.hadoop.hive.metastore.HiveMetaStoreClient.dropDatabase(HiveMetaStoreClient.java:1485)
	at sun.reflect.NativeMethodAccessorImpl.invoke0(Native Method)
	at sun.reflect.NativeMethodAccessorImpl.invoke(NativeMethodAccessorImpl.java:62)
	at sun.reflect.DelegatingMethodAccessorImpl.invoke(DelegatingMethodAccessorImpl.java:43)
	at java.lang.reflect.Method.invoke(Method.java:498)
	at org.apache.hadoop.hive.metastore.RetryingMetaStoreClient.invoke(RetryingMetaStoreClient.java:218)
	at com.sun.proxy.$Proxy45.dropDatabase(Unknown Source)
	at org.apache.hadoop.hive.ql.metadata.Hive.dropDatabase(Hive.java:662)
	at org.apache.hadoop.hive.ql.ddl.database.drop.DropDatabaseOperation.execute(DropDatabaseOperation.java:52)
	at org.apache.hadoop.hive.ql.ddl.DDLTask.execute(DDLTask.java:84)
	at org.apache.hadoop.hive.ql.exec.Task.executeTask(Task.java:212)
	at org.apache.hadoop.hive.ql.exec.TaskRunner.runSequential(TaskRunner.java:105)
	at org.apache.hadoop.hive.ql.Executor.launchTask(Executor.java:361)
	at org.apache.hadoop.hive.ql.Executor.launchTasks(Executor.java:334)
	at org.apache.hadoop.hive.ql.Executor.runTasks(Executor.java:245)
	at org.apache.hadoop.hive.ql.Executor.execute(Executor.java:108)
	at org.apache.hadoop.hive.ql.Driver.execute(Driver.java:348)
	at org.apache.hadoop.hive.ql.Driver.runInternal(Driver.java:204)
	at org.apache.hadoop.hive.ql.Driver.run(Driver.java:153)
	at org.apache.hadoop.hive.ql.Driver.run(Driver.java:148)
	at org.apache.hadoop.hive.ql.reexec.ReExecDriver.run(ReExecDriver.java:164)
	at org.apache.hadoop.hive.ql.reexec.ReExecDriver.run(ReExecDriver.java:230)
	at org.apache.hive.hcatalog.pig.AbstractHCatLoaderTest.executeStatementOnDriver(AbstractHCatLoaderTest.java:151)
	at org.apache.hive.hcatalog.pig.AbstractHCatLoaderTest.tearDown(AbstractHCatLoaderTest.java:239)
	at sun.reflect.NativeMethodAccessorImpl.invoke0(Native Method)
	at sun.reflect.NativeMethodAccessorImpl.invoke(NativeMethodAccessorImpl.java:62)
	at sun.reflect.DelegatingMethodAccessorImpl.invoke(DelegatingMethodAccessorImpl.java:43)
	at java.lang.reflect.Method.invoke(Method.java:498)
	at org.junit.runners.model.FrameworkMethod$1.runReflectiveCall(FrameworkMethod.java:59)
	at org.junit.internal.runners.model.ReflectiveCallable.run(ReflectiveCallable.java:12)
	at org.junit.runners.model.FrameworkMethod.invokeExplosively(FrameworkMethod.java:56)
	at org.junit.internal.runners.statements.RunAfters.invokeMethod(RunAfters.java:46)
	at org.junit.internal.runners.statements.RunAfters.evaluate(RunAfters.java:33)
	at org.junit.runners.ParentRunner$3.evaluate(ParentRunner.java:306)
	at org.junit.runners.BlockJUnit4ClassRunner$1.evaluate(BlockJUnit4ClassRunner.java:100)
	at org.junit.runners.ParentRunner.runLeaf(ParentRunner.java:366)
	at org.junit.runners.BlockJUnit4ClassRunner.runChild(BlockJUnit4ClassRunner.java:103)
	at org.junit.runners.BlockJUnit4ClassRunner.runChild(BlockJUnit4ClassRunner.java:63)
	at org.junit.runners.ParentRunner$4.run(ParentRunner.java:331)
	at org.junit.runners.ParentRunner$1.schedule(ParentRunner.java:79)
	at org.junit.runners.ParentRunner.runChildren(ParentRunner.java:329)
	at org.junit.runners.ParentRunner.access$100(ParentRunner.java:66)
	at org.junit.runners.ParentRunner$2.evaluate(ParentRunner.java:293)
	at org.junit.internal.runners.statements.RunBefores.evaluate(RunBefores.java:26)
	at org.junit.runners.ParentRunner$3.evaluate(ParentRunner.java:306)
	at org.junit.runners.ParentRunner.run(ParentRunner.java:413)
	at org.junit.runners.Suite.runChild(Suite.java:128)
	at org.junit.runners.Suite.runChild(Suite.java:27)
	at org.junit.runners.ParentRunner$4.run(ParentRunner.java:331)
	at org.junit.runners.ParentRunner$1.schedule(ParentRunner.java:79)
	at org.junit.runners.ParentRunner.runChildren(ParentRunner.java:329)
	at org.junit.runners.ParentRunner.access$100(ParentRunner.java:66)
	at org.junit.runners.ParentRunner$2.evaluate(ParentRunner.java:293)
	at org.junit.runners.ParentRunner$3.evaluate(ParentRunner.java:306)
	at org.junit.runners.ParentRunner.run(ParentRunner.java:413)
	at org.apache.maven.surefire.junitcore.JUnitCore.run(JUnitCore.java:55)
	at org.apache.maven.surefire.junitcore.JUnitCoreWrapper.createRequestAndRun(JUnitCoreWrapper.java:137)
	at org.apache.maven.surefire.junitcore.JUnitCoreWrapper.executeEager(JUnitCoreWrapper.java:107)
	at org.apache.maven.surefire.junitcore.JUnitCoreWrapper.execute(JUnitCoreWrapper.java:83)
	at org.apache.maven.surefire.junitcore.JUnitCoreWrapper.execute(JUnitCoreWrapper.java:75)
	at org.apache.maven.surefire.junitcore.JUnitCoreProvider.invoke(JUnitCoreProvider.java:158)
	at org.apache.maven.surefire.booter.ForkedBooter.runSuitesInProcess(ForkedBooter.java:377)
	at org.apache.maven.surefire.booter.ForkedBooter.execute(ForkedBooter.java:138)
	at org.apache.maven.surefire.booter.ForkedBooter.run(ForkedBooter.java:465)
	at org.apache.maven.surefire.booter.ForkedBooter.main(ForkedBooter.java:451)
Caused by: org.apache.derby.shared.common.error.DerbySQLIntegrityConstraintViolationException: DELETE on table 'DBS' caused a violation of foreign key constraint 'TBLS_FK1' for key (4).  The statement has been rolled back.
	at org.apache.derby.impl.jdbc.SQLExceptionFactory.getSQLException(Unknown Source)
	at org.apache.derby.impl.jdbc.Util.generateCsSQLException(Unknown Source)
	at org.apache.derby.impl.jdbc.TransactionResourceImpl.wrapInSQLException(Unknown Source)
	at org.apache.derby.impl.jdbc.TransactionResourceImpl.handleException(Unknown Source)
	at org.apache.derby.impl.jdbc.EmbedConnection.handleException(Unknown Source)
	at org.apache.derby.impl.jdbc.ConnectionChild.handleException(Unknown Source)
	at org.apache.derby.impl.jdbc.EmbedStatement.executeStatement(Unknown Source)
	at org.apache.derby.impl.jdbc.EmbedPreparedStatement.executeBatchElement(Unknown Source)
	... 94 more
Caused by: ERROR 23503: DELETE on table 'DBS' caused a violation of foreign key constraint 'TBLS_FK1' for key (4).  The statement has been rolled back.
	at org.apache.derby.iapi.error.StandardException.newException(Unknown Source)
	at org.apache.derby.iapi.error.StandardException.newException(Unknown Source)
	at org.apache.derby.impl.sql.execute.ReferencedKeyRIChecker.doCheck(Unknown Source)
	at org.apache.derby.impl.sql.execute.RISetChecker.doPKCheck(Unknown Source)
	at org.apache.derby.impl.sql.execute.DeleteResultSet.collectAffectedRows(Unknown Source)
	at org.apache.derby.impl.sql.execute.DeleteResultSet.open(Unknown Source)
	at org.apache.derby.impl.sql.GenericPreparedStatement.executeStmt(Unknown Source)
	at org.apache.derby.impl.sql.GenericPreparedStatement.execute(Unknown Source)
	... 96 more

2024-04-24T11:29:58,949  INFO [main] HiveMetaStore.audit: ugi=alex	ip=unknown-ip-addr	cmd=drop_database: @hive#junit_specific_db	
2024-04-24T11:29:58,954  INFO [main] HiveMetaStore.audit: ugi=alex	ip=unknown-ip-addr	cmd=get_all_tables: db=@hive#junit_specific_db	
2024-04-24T11:29:58,954  INFO [main] HiveMetaStore.audit: ugi=alex	ip=unknown-ip-addr	cmd=get_functions: db=@hive#junit_specific_db pat=*	
2024-04-24T11:29:58,957  INFO [main] HiveMetaStore.audit: ugi=alex	ip=unknown-ip-addr	cmd=get_all_stored_procedures	
2024-04-24T11:29:58,958  INFO [main] HiveMetaStore.audit: ugi=alex	ip=unknown-ip-addr	cmd=get_all_packages	
2024-04-24T11:29:58,959  INFO [main] HiveMetaStore.audit: ugi=alex	ip=unknown-ip-addr	cmd=getTablesByTypeCore: catName=hive: db=junit_specific_db pat=.*,type=MATERIALIZED_VIEW	
2024-04-24T11:29:58,963  INFO [main] metastore.ObjectStore: Dropping database hive.junit_specific_db along with all tables
2024-04-24T11:29:58,971  INFO [main] txn.TxnHandler: Non-retryable error in cleanupRecords : Table/View 'TXN_COMPONENTS' does not exist. (SQLState=42X05, ErrorCode=20000)
2024-04-24T11:29:58,971  WARN [main] txn.TxnHandler: Cannot perform cleanup since metastore table does not exist
2024-04-24T11:29:58,973 ERROR [main] metastore.RetryingHMSHandler: Retrying HMSHandler after 2000 ms (attempt 5 of 10) with error: javax.jdo.JDODataStoreException: Exception thrown flushing changes to datastore
	at org.datanucleus.api.jdo.NucleusJDOHelper.getJDOExceptionForNucleusException(NucleusJDOHelper.java:542)
	at org.datanucleus.api.jdo.JDOTransaction.commit(JDOTransaction.java:162)
	at org.apache.hadoop.hive.metastore.ObjectStore.commitTransaction(ObjectStore.java:615)
	at sun.reflect.GeneratedMethodAccessor31.invoke(Unknown Source)
	at sun.reflect.DelegatingMethodAccessorImpl.invoke(DelegatingMethodAccessorImpl.java:43)
	at java.lang.reflect.Method.invoke(Method.java:498)
	at org.apache.hadoop.hive.metastore.RawStoreProxy.invoke(RawStoreProxy.java:97)
	at com.sun.proxy.$Proxy32.commitTransaction(Unknown Source)
	at org.apache.hadoop.hive.metastore.HMSHandler.drop_database_core(HMSHandler.java:1790)
	at org.apache.hadoop.hive.metastore.HMSHandler.drop_database(HMSHandler.java:1869)
	at sun.reflect.GeneratedMethodAccessor54.invoke(Unknown Source)
	at sun.reflect.DelegatingMethodAccessorImpl.invoke(DelegatingMethodAccessorImpl.java:43)
	at java.lang.reflect.Method.invoke(Method.java:498)
	at org.apache.hadoop.hive.metastore.RetryingHMSHandler.invokeInternal(RetryingHMSHandler.java:147)
	at org.apache.hadoop.hive.metastore.RetryingHMSHandler.invoke(RetryingHMSHandler.java:108)
	at com.sun.proxy.$Proxy35.drop_database(Unknown Source)
	at org.apache.hadoop.hive.metastore.HiveMetaStoreClient.dropDatabaseCascadePerDb(HiveMetaStoreClient.java:1601)
	at org.apache.hadoop.hive.metastore.HiveMetaStoreClient.dropDatabase(HiveMetaStoreClient.java:1532)
	at org.apache.hadoop.hive.metastore.HiveMetaStoreClient.dropDatabase(HiveMetaStoreClient.java:1485)
	at sun.reflect.NativeMethodAccessorImpl.invoke0(Native Method)
	at sun.reflect.NativeMethodAccessorImpl.invoke(NativeMethodAccessorImpl.java:62)
	at sun.reflect.DelegatingMethodAccessorImpl.invoke(DelegatingMethodAccessorImpl.java:43)
	at java.lang.reflect.Method.invoke(Method.java:498)
	at org.apache.hadoop.hive.metastore.RetryingMetaStoreClient.invoke(RetryingMetaStoreClient.java:218)
	at com.sun.proxy.$Proxy45.dropDatabase(Unknown Source)
	at org.apache.hadoop.hive.ql.metadata.Hive.dropDatabase(Hive.java:662)
	at org.apache.hadoop.hive.ql.ddl.database.drop.DropDatabaseOperation.execute(DropDatabaseOperation.java:52)
	at org.apache.hadoop.hive.ql.ddl.DDLTask.execute(DDLTask.java:84)
	at org.apache.hadoop.hive.ql.exec.Task.executeTask(Task.java:212)
	at org.apache.hadoop.hive.ql.exec.TaskRunner.runSequential(TaskRunner.java:105)
	at org.apache.hadoop.hive.ql.Executor.launchTask(Executor.java:361)
	at org.apache.hadoop.hive.ql.Executor.launchTasks(Executor.java:334)
	at org.apache.hadoop.hive.ql.Executor.runTasks(Executor.java:245)
	at org.apache.hadoop.hive.ql.Executor.execute(Executor.java:108)
	at org.apache.hadoop.hive.ql.Driver.execute(Driver.java:348)
	at org.apache.hadoop.hive.ql.Driver.runInternal(Driver.java:204)
	at org.apache.hadoop.hive.ql.Driver.run(Driver.java:153)
	at org.apache.hadoop.hive.ql.Driver.run(Driver.java:148)
	at org.apache.hadoop.hive.ql.reexec.ReExecDriver.run(ReExecDriver.java:164)
	at org.apache.hadoop.hive.ql.reexec.ReExecDriver.run(ReExecDriver.java:230)
	at org.apache.hive.hcatalog.pig.AbstractHCatLoaderTest.executeStatementOnDriver(AbstractHCatLoaderTest.java:151)
	at org.apache.hive.hcatalog.pig.AbstractHCatLoaderTest.tearDown(AbstractHCatLoaderTest.java:239)
	at sun.reflect.NativeMethodAccessorImpl.invoke0(Native Method)
	at sun.reflect.NativeMethodAccessorImpl.invoke(NativeMethodAccessorImpl.java:62)
	at sun.reflect.DelegatingMethodAccessorImpl.invoke(DelegatingMethodAccessorImpl.java:43)
	at java.lang.reflect.Method.invoke(Method.java:498)
	at org.junit.runners.model.FrameworkMethod$1.runReflectiveCall(FrameworkMethod.java:59)
	at org.junit.internal.runners.model.ReflectiveCallable.run(ReflectiveCallable.java:12)
	at org.junit.runners.model.FrameworkMethod.invokeExplosively(FrameworkMethod.java:56)
	at org.junit.internal.runners.statements.RunAfters.invokeMethod(RunAfters.java:46)
	at org.junit.internal.runners.statements.RunAfters.evaluate(RunAfters.java:33)
	at org.junit.runners.ParentRunner$3.evaluate(ParentRunner.java:306)
	at org.junit.runners.BlockJUnit4ClassRunner$1.evaluate(BlockJUnit4ClassRunner.java:100)
	at org.junit.runners.ParentRunner.runLeaf(ParentRunner.java:366)
	at org.junit.runners.BlockJUnit4ClassRunner.runChild(BlockJUnit4ClassRunner.java:103)
	at org.junit.runners.BlockJUnit4ClassRunner.runChild(BlockJUnit4ClassRunner.java:63)
	at org.junit.runners.ParentRunner$4.run(ParentRunner.java:331)
	at org.junit.runners.ParentRunner$1.schedule(ParentRunner.java:79)
	at org.junit.runners.ParentRunner.runChildren(ParentRunner.java:329)
	at org.junit.runners.ParentRunner.access$100(ParentRunner.java:66)
	at org.junit.runners.ParentRunner$2.evaluate(ParentRunner.java:293)
	at org.junit.internal.runners.statements.RunBefores.evaluate(RunBefores.java:26)
	at org.junit.runners.ParentRunner$3.evaluate(ParentRunner.java:306)
	at org.junit.runners.ParentRunner.run(ParentRunner.java:413)
	at org.junit.runners.Suite.runChild(Suite.java:128)
	at org.junit.runners.Suite.runChild(Suite.java:27)
	at org.junit.runners.ParentRunner$4.run(ParentRunner.java:331)
	at org.junit.runners.ParentRunner$1.schedule(ParentRunner.java:79)
	at org.junit.runners.ParentRunner.runChildren(ParentRunner.java:329)
	at org.junit.runners.ParentRunner.access$100(ParentRunner.java:66)
	at org.junit.runners.ParentRunner$2.evaluate(ParentRunner.java:293)
	at org.junit.runners.ParentRunner$3.evaluate(ParentRunner.java:306)
	at org.junit.runners.ParentRunner.run(ParentRunner.java:413)
	at org.apache.maven.surefire.junitcore.JUnitCore.run(JUnitCore.java:55)
	at org.apache.maven.surefire.junitcore.JUnitCoreWrapper.createRequestAndRun(JUnitCoreWrapper.java:137)
	at org.apache.maven.surefire.junitcore.JUnitCoreWrapper.executeEager(JUnitCoreWrapper.java:107)
	at org.apache.maven.surefire.junitcore.JUnitCoreWrapper.execute(JUnitCoreWrapper.java:83)
	at org.apache.maven.surefire.junitcore.JUnitCoreWrapper.execute(JUnitCoreWrapper.java:75)
	at org.apache.maven.surefire.junitcore.JUnitCoreProvider.invoke(JUnitCoreProvider.java:158)
	at org.apache.maven.surefire.booter.ForkedBooter.runSuitesInProcess(ForkedBooter.java:377)
	at org.apache.maven.surefire.booter.ForkedBooter.execute(ForkedBooter.java:138)
	at org.apache.maven.surefire.booter.ForkedBooter.run(ForkedBooter.java:465)
	at org.apache.maven.surefire.booter.ForkedBooter.main(ForkedBooter.java:451)
NestedThrowablesStackTrace:
java.sql.BatchUpdateException: DELETE on table 'DBS' caused a violation of foreign key constraint 'TBLS_FK1' for key (4).  The statement has been rolled back.
	at org.apache.derby.impl.jdbc.EmbedStatement.executeLargeBatch(Unknown Source)
	at org.apache.derby.impl.jdbc.EmbedStatement.executeBatch(Unknown Source)
	at com.zaxxer.hikari.pool.ProxyStatement.executeBatch(ProxyStatement.java:128)
	at com.zaxxer.hikari.pool.HikariProxyPreparedStatement.executeBatch(HikariProxyPreparedStatement.java)
	at org.datanucleus.store.rdbms.ParamLoggingPreparedStatement.executeBatch(ParamLoggingPreparedStatement.java:366)
	at org.datanucleus.store.rdbms.SQLController.processConnectionStatement(SQLController.java:675)
	at org.datanucleus.store.rdbms.SQLController.processStatementsForConnection(SQLController.java:643)
	at org.datanucleus.store.rdbms.SQLController$1.transactionFlushed(SQLController.java:729)
	at org.datanucleus.store.connection.AbstractManagedConnection.transactionFlushed(AbstractManagedConnection.java:95)
	at org.datanucleus.store.connection.ConnectionManagerImpl$2.transactionFlushed(ConnectionManagerImpl.java:528)
	at org.datanucleus.TransactionImpl.flush(TransactionImpl.java:222)
	at org.datanucleus.TransactionImpl.commit(TransactionImpl.java:286)
	at org.datanucleus.api.jdo.JDOTransaction.commit(JDOTransaction.java:99)
	at org.apache.hadoop.hive.metastore.ObjectStore.commitTransaction(ObjectStore.java:615)
	at sun.reflect.GeneratedMethodAccessor31.invoke(Unknown Source)
	at sun.reflect.DelegatingMethodAccessorImpl.invoke(DelegatingMethodAccessorImpl.java:43)
	at java.lang.reflect.Method.invoke(Method.java:498)
	at org.apache.hadoop.hive.metastore.RawStoreProxy.invoke(RawStoreProxy.java:97)
	at com.sun.proxy.$Proxy32.commitTransaction(Unknown Source)
	at org.apache.hadoop.hive.metastore.HMSHandler.drop_database_core(HMSHandler.java:1790)
	at org.apache.hadoop.hive.metastore.HMSHandler.drop_database(HMSHandler.java:1869)
	at sun.reflect.GeneratedMethodAccessor54.invoke(Unknown Source)
	at sun.reflect.DelegatingMethodAccessorImpl.invoke(DelegatingMethodAccessorImpl.java:43)
	at java.lang.reflect.Method.invoke(Method.java:498)
	at org.apache.hadoop.hive.metastore.RetryingHMSHandler.invokeInternal(RetryingHMSHandler.java:147)
	at org.apache.hadoop.hive.metastore.RetryingHMSHandler.invoke(RetryingHMSHandler.java:108)
	at com.sun.proxy.$Proxy35.drop_database(Unknown Source)
	at org.apache.hadoop.hive.metastore.HiveMetaStoreClient.dropDatabaseCascadePerDb(HiveMetaStoreClient.java:1601)
	at org.apache.hadoop.hive.metastore.HiveMetaStoreClient.dropDatabase(HiveMetaStoreClient.java:1532)
	at org.apache.hadoop.hive.metastore.HiveMetaStoreClient.dropDatabase(HiveMetaStoreClient.java:1485)
	at sun.reflect.NativeMethodAccessorImpl.invoke0(Native Method)
	at sun.reflect.NativeMethodAccessorImpl.invoke(NativeMethodAccessorImpl.java:62)
	at sun.reflect.DelegatingMethodAccessorImpl.invoke(DelegatingMethodAccessorImpl.java:43)
	at java.lang.reflect.Method.invoke(Method.java:498)
	at org.apache.hadoop.hive.metastore.RetryingMetaStoreClient.invoke(RetryingMetaStoreClient.java:218)
	at com.sun.proxy.$Proxy45.dropDatabase(Unknown Source)
	at org.apache.hadoop.hive.ql.metadata.Hive.dropDatabase(Hive.java:662)
	at org.apache.hadoop.hive.ql.ddl.database.drop.DropDatabaseOperation.execute(DropDatabaseOperation.java:52)
	at org.apache.hadoop.hive.ql.ddl.DDLTask.execute(DDLTask.java:84)
	at org.apache.hadoop.hive.ql.exec.Task.executeTask(Task.java:212)
	at org.apache.hadoop.hive.ql.exec.TaskRunner.runSequential(TaskRunner.java:105)
	at org.apache.hadoop.hive.ql.Executor.launchTask(Executor.java:361)
	at org.apache.hadoop.hive.ql.Executor.launchTasks(Executor.java:334)
	at org.apache.hadoop.hive.ql.Executor.runTasks(Executor.java:245)
	at org.apache.hadoop.hive.ql.Executor.execute(Executor.java:108)
	at org.apache.hadoop.hive.ql.Driver.execute(Driver.java:348)
	at org.apache.hadoop.hive.ql.Driver.runInternal(Driver.java:204)
	at org.apache.hadoop.hive.ql.Driver.run(Driver.java:153)
	at org.apache.hadoop.hive.ql.Driver.run(Driver.java:148)
	at org.apache.hadoop.hive.ql.reexec.ReExecDriver.run(ReExecDriver.java:164)
	at org.apache.hadoop.hive.ql.reexec.ReExecDriver.run(ReExecDriver.java:230)
	at org.apache.hive.hcatalog.pig.AbstractHCatLoaderTest.executeStatementOnDriver(AbstractHCatLoaderTest.java:151)
	at org.apache.hive.hcatalog.pig.AbstractHCatLoaderTest.tearDown(AbstractHCatLoaderTest.java:239)
	at sun.reflect.NativeMethodAccessorImpl.invoke0(Native Method)
	at sun.reflect.NativeMethodAccessorImpl.invoke(NativeMethodAccessorImpl.java:62)
	at sun.reflect.DelegatingMethodAccessorImpl.invoke(DelegatingMethodAccessorImpl.java:43)
	at java.lang.reflect.Method.invoke(Method.java:498)
	at org.junit.runners.model.FrameworkMethod$1.runReflectiveCall(FrameworkMethod.java:59)
	at org.junit.internal.runners.model.ReflectiveCallable.run(ReflectiveCallable.java:12)
	at org.junit.runners.model.FrameworkMethod.invokeExplosively(FrameworkMethod.java:56)
	at org.junit.internal.runners.statements.RunAfters.invokeMethod(RunAfters.java:46)
	at org.junit.internal.runners.statements.RunAfters.evaluate(RunAfters.java:33)
	at org.junit.runners.ParentRunner$3.evaluate(ParentRunner.java:306)
	at org.junit.runners.BlockJUnit4ClassRunner$1.evaluate(BlockJUnit4ClassRunner.java:100)
	at org.junit.runners.ParentRunner.runLeaf(ParentRunner.java:366)
	at org.junit.runners.BlockJUnit4ClassRunner.runChild(BlockJUnit4ClassRunner.java:103)
	at org.junit.runners.BlockJUnit4ClassRunner.runChild(BlockJUnit4ClassRunner.java:63)
	at org.junit.runners.ParentRunner$4.run(ParentRunner.java:331)
	at org.junit.runners.ParentRunner$1.schedule(ParentRunner.java:79)
	at org.junit.runners.ParentRunner.runChildren(ParentRunner.java:329)
	at org.junit.runners.ParentRunner.access$100(ParentRunner.java:66)
	at org.junit.runners.ParentRunner$2.evaluate(ParentRunner.java:293)
	at org.junit.internal.runners.statements.RunBefores.evaluate(RunBefores.java:26)
	at org.junit.runners.ParentRunner$3.evaluate(ParentRunner.java:306)
	at org.junit.runners.ParentRunner.run(ParentRunner.java:413)
	at org.junit.runners.Suite.runChild(Suite.java:128)
	at org.junit.runners.Suite.runChild(Suite.java:27)
	at org.junit.runners.ParentRunner$4.run(ParentRunner.java:331)
	at org.junit.runners.ParentRunner$1.schedule(ParentRunner.java:79)
	at org.junit.runners.ParentRunner.runChildren(ParentRunner.java:329)
	at org.junit.runners.ParentRunner.access$100(ParentRunner.java:66)
	at org.junit.runners.ParentRunner$2.evaluate(ParentRunner.java:293)
	at org.junit.runners.ParentRunner$3.evaluate(ParentRunner.java:306)
	at org.junit.runners.ParentRunner.run(ParentRunner.java:413)
	at org.apache.maven.surefire.junitcore.JUnitCore.run(JUnitCore.java:55)
	at org.apache.maven.surefire.junitcore.JUnitCoreWrapper.createRequestAndRun(JUnitCoreWrapper.java:137)
	at org.apache.maven.surefire.junitcore.JUnitCoreWrapper.executeEager(JUnitCoreWrapper.java:107)
	at org.apache.maven.surefire.junitcore.JUnitCoreWrapper.execute(JUnitCoreWrapper.java:83)
	at org.apache.maven.surefire.junitcore.JUnitCoreWrapper.execute(JUnitCoreWrapper.java:75)
	at org.apache.maven.surefire.junitcore.JUnitCoreProvider.invoke(JUnitCoreProvider.java:158)
	at org.apache.maven.surefire.booter.ForkedBooter.runSuitesInProcess(ForkedBooter.java:377)
	at org.apache.maven.surefire.booter.ForkedBooter.execute(ForkedBooter.java:138)
	at org.apache.maven.surefire.booter.ForkedBooter.run(ForkedBooter.java:465)
	at org.apache.maven.surefire.booter.ForkedBooter.main(ForkedBooter.java:451)
Caused by: org.apache.derby.shared.common.error.DerbySQLIntegrityConstraintViolationException: DELETE on table 'DBS' caused a violation of foreign key constraint 'TBLS_FK1' for key (4).  The statement has been rolled back.
	at org.apache.derby.impl.jdbc.SQLExceptionFactory.getSQLException(Unknown Source)
	at org.apache.derby.impl.jdbc.Util.generateCsSQLException(Unknown Source)
	at org.apache.derby.impl.jdbc.TransactionResourceImpl.wrapInSQLException(Unknown Source)
	at org.apache.derby.impl.jdbc.TransactionResourceImpl.handleException(Unknown Source)
	at org.apache.derby.impl.jdbc.EmbedConnection.handleException(Unknown Source)
	at org.apache.derby.impl.jdbc.ConnectionChild.handleException(Unknown Source)
	at org.apache.derby.impl.jdbc.EmbedStatement.executeStatement(Unknown Source)
	at org.apache.derby.impl.jdbc.EmbedPreparedStatement.executeBatchElement(Unknown Source)
	... 94 more
Caused by: ERROR 23503: DELETE on table 'DBS' caused a violation of foreign key constraint 'TBLS_FK1' for key (4).  The statement has been rolled back.
	at org.apache.derby.iapi.error.StandardException.newException(Unknown Source)
	at org.apache.derby.iapi.error.StandardException.newException(Unknown Source)
	at org.apache.derby.impl.sql.execute.ReferencedKeyRIChecker.doCheck(Unknown Source)
	at org.apache.derby.impl.sql.execute.RISetChecker.doPKCheck(Unknown Source)
	at org.apache.derby.impl.sql.execute.DeleteResultSet.collectAffectedRows(Unknown Source)
	at org.apache.derby.impl.sql.execute.DeleteResultSet.open(Unknown Source)
	at org.apache.derby.impl.sql.GenericPreparedStatement.executeStmt(Unknown Source)
	at org.apache.derby.impl.sql.GenericPreparedStatement.execute(Unknown Source)
	... 96 more

2024-04-24T11:30:00,974  INFO [main] HiveMetaStore.audit: ugi=alex	ip=unknown-ip-addr	cmd=drop_database: @hive#junit_specific_db	
2024-04-24T11:30:00,979  INFO [main] HiveMetaStore.audit: ugi=alex	ip=unknown-ip-addr	cmd=get_all_tables: db=@hive#junit_specific_db	
2024-04-24T11:30:00,980  INFO [main] HiveMetaStore.audit: ugi=alex	ip=unknown-ip-addr	cmd=get_functions: db=@hive#junit_specific_db pat=*	
2024-04-24T11:30:00,982  INFO [main] HiveMetaStore.audit: ugi=alex	ip=unknown-ip-addr	cmd=get_all_stored_procedures	
2024-04-24T11:30:00,983  INFO [main] HiveMetaStore.audit: ugi=alex	ip=unknown-ip-addr	cmd=get_all_packages	
2024-04-24T11:30:00,984  INFO [main] HiveMetaStore.audit: ugi=alex	ip=unknown-ip-addr	cmd=getTablesByTypeCore: catName=hive: db=junit_specific_db pat=.*,type=MATERIALIZED_VIEW	
2024-04-24T11:30:00,988  INFO [main] metastore.ObjectStore: Dropping database hive.junit_specific_db along with all tables
2024-04-24T11:30:00,995  INFO [main] txn.TxnHandler: Non-retryable error in cleanupRecords : Table/View 'TXN_COMPONENTS' does not exist. (SQLState=42X05, ErrorCode=20000)
2024-04-24T11:30:00,995  WARN [main] txn.TxnHandler: Cannot perform cleanup since metastore table does not exist
2024-04-24T11:30:00,996 ERROR [main] metastore.RetryingHMSHandler: Retrying HMSHandler after 2000 ms (attempt 6 of 10) with error: javax.jdo.JDODataStoreException: Exception thrown flushing changes to datastore
	at org.datanucleus.api.jdo.NucleusJDOHelper.getJDOExceptionForNucleusException(NucleusJDOHelper.java:542)
	at org.datanucleus.api.jdo.JDOTransaction.commit(JDOTransaction.java:162)
	at org.apache.hadoop.hive.metastore.ObjectStore.commitTransaction(ObjectStore.java:615)
	at sun.reflect.GeneratedMethodAccessor31.invoke(Unknown Source)
	at sun.reflect.DelegatingMethodAccessorImpl.invoke(DelegatingMethodAccessorImpl.java:43)
	at java.lang.reflect.Method.invoke(Method.java:498)
	at org.apache.hadoop.hive.metastore.RawStoreProxy.invoke(RawStoreProxy.java:97)
	at com.sun.proxy.$Proxy32.commitTransaction(Unknown Source)
	at org.apache.hadoop.hive.metastore.HMSHandler.drop_database_core(HMSHandler.java:1790)
	at org.apache.hadoop.hive.metastore.HMSHandler.drop_database(HMSHandler.java:1869)
	at sun.reflect.GeneratedMethodAccessor54.invoke(Unknown Source)
	at sun.reflect.DelegatingMethodAccessorImpl.invoke(DelegatingMethodAccessorImpl.java:43)
	at java.lang.reflect.Method.invoke(Method.java:498)
	at org.apache.hadoop.hive.metastore.RetryingHMSHandler.invokeInternal(RetryingHMSHandler.java:147)
	at org.apache.hadoop.hive.metastore.RetryingHMSHandler.invoke(RetryingHMSHandler.java:108)
	at com.sun.proxy.$Proxy35.drop_database(Unknown Source)
	at org.apache.hadoop.hive.metastore.HiveMetaStoreClient.dropDatabaseCascadePerDb(HiveMetaStoreClient.java:1601)
	at org.apache.hadoop.hive.metastore.HiveMetaStoreClient.dropDatabase(HiveMetaStoreClient.java:1532)
	at org.apache.hadoop.hive.metastore.HiveMetaStoreClient.dropDatabase(HiveMetaStoreClient.java:1485)
	at sun.reflect.NativeMethodAccessorImpl.invoke0(Native Method)
	at sun.reflect.NativeMethodAccessorImpl.invoke(NativeMethodAccessorImpl.java:62)
	at sun.reflect.DelegatingMethodAccessorImpl.invoke(DelegatingMethodAccessorImpl.java:43)
	at java.lang.reflect.Method.invoke(Method.java:498)
	at org.apache.hadoop.hive.metastore.RetryingMetaStoreClient.invoke(RetryingMetaStoreClient.java:218)
	at com.sun.proxy.$Proxy45.dropDatabase(Unknown Source)
	at org.apache.hadoop.hive.ql.metadata.Hive.dropDatabase(Hive.java:662)
	at org.apache.hadoop.hive.ql.ddl.database.drop.DropDatabaseOperation.execute(DropDatabaseOperation.java:52)
	at org.apache.hadoop.hive.ql.ddl.DDLTask.execute(DDLTask.java:84)
	at org.apache.hadoop.hive.ql.exec.Task.executeTask(Task.java:212)
	at org.apache.hadoop.hive.ql.exec.TaskRunner.runSequential(TaskRunner.java:105)
	at org.apache.hadoop.hive.ql.Executor.launchTask(Executor.java:361)
	at org.apache.hadoop.hive.ql.Executor.launchTasks(Executor.java:334)
	at org.apache.hadoop.hive.ql.Executor.runTasks(Executor.java:245)
	at org.apache.hadoop.hive.ql.Executor.execute(Executor.java:108)
	at org.apache.hadoop.hive.ql.Driver.execute(Driver.java:348)
	at org.apache.hadoop.hive.ql.Driver.runInternal(Driver.java:204)
	at org.apache.hadoop.hive.ql.Driver.run(Driver.java:153)
	at org.apache.hadoop.hive.ql.Driver.run(Driver.java:148)
	at org.apache.hadoop.hive.ql.reexec.ReExecDriver.run(ReExecDriver.java:164)
	at org.apache.hadoop.hive.ql.reexec.ReExecDriver.run(ReExecDriver.java:230)
	at org.apache.hive.hcatalog.pig.AbstractHCatLoaderTest.executeStatementOnDriver(AbstractHCatLoaderTest.java:151)
	at org.apache.hive.hcatalog.pig.AbstractHCatLoaderTest.tearDown(AbstractHCatLoaderTest.java:239)
	at sun.reflect.NativeMethodAccessorImpl.invoke0(Native Method)
	at sun.reflect.NativeMethodAccessorImpl.invoke(NativeMethodAccessorImpl.java:62)
	at sun.reflect.DelegatingMethodAccessorImpl.invoke(DelegatingMethodAccessorImpl.java:43)
	at java.lang.reflect.Method.invoke(Method.java:498)
	at org.junit.runners.model.FrameworkMethod$1.runReflectiveCall(FrameworkMethod.java:59)
	at org.junit.internal.runners.model.ReflectiveCallable.run(ReflectiveCallable.java:12)
	at org.junit.runners.model.FrameworkMethod.invokeExplosively(FrameworkMethod.java:56)
	at org.junit.internal.runners.statements.RunAfters.invokeMethod(RunAfters.java:46)
	at org.junit.internal.runners.statements.RunAfters.evaluate(RunAfters.java:33)
	at org.junit.runners.ParentRunner$3.evaluate(ParentRunner.java:306)
	at org.junit.runners.BlockJUnit4ClassRunner$1.evaluate(BlockJUnit4ClassRunner.java:100)
	at org.junit.runners.ParentRunner.runLeaf(ParentRunner.java:366)
	at org.junit.runners.BlockJUnit4ClassRunner.runChild(BlockJUnit4ClassRunner.java:103)
	at org.junit.runners.BlockJUnit4ClassRunner.runChild(BlockJUnit4ClassRunner.java:63)
	at org.junit.runners.ParentRunner$4.run(ParentRunner.java:331)
	at org.junit.runners.ParentRunner$1.schedule(ParentRunner.java:79)
	at org.junit.runners.ParentRunner.runChildren(ParentRunner.java:329)
	at org.junit.runners.ParentRunner.access$100(ParentRunner.java:66)
	at org.junit.runners.ParentRunner$2.evaluate(ParentRunner.java:293)
	at org.junit.internal.runners.statements.RunBefores.evaluate(RunBefores.java:26)
	at org.junit.runners.ParentRunner$3.evaluate(ParentRunner.java:306)
	at org.junit.runners.ParentRunner.run(ParentRunner.java:413)
	at org.junit.runners.Suite.runChild(Suite.java:128)
	at org.junit.runners.Suite.runChild(Suite.java:27)
	at org.junit.runners.ParentRunner$4.run(ParentRunner.java:331)
	at org.junit.runners.ParentRunner$1.schedule(ParentRunner.java:79)
	at org.junit.runners.ParentRunner.runChildren(ParentRunner.java:329)
	at org.junit.runners.ParentRunner.access$100(ParentRunner.java:66)
	at org.junit.runners.ParentRunner$2.evaluate(ParentRunner.java:293)
	at org.junit.runners.ParentRunner$3.evaluate(ParentRunner.java:306)
	at org.junit.runners.ParentRunner.run(ParentRunner.java:413)
	at org.apache.maven.surefire.junitcore.JUnitCore.run(JUnitCore.java:55)
	at org.apache.maven.surefire.junitcore.JUnitCoreWrapper.createRequestAndRun(JUnitCoreWrapper.java:137)
	at org.apache.maven.surefire.junitcore.JUnitCoreWrapper.executeEager(JUnitCoreWrapper.java:107)
	at org.apache.maven.surefire.junitcore.JUnitCoreWrapper.execute(JUnitCoreWrapper.java:83)
	at org.apache.maven.surefire.junitcore.JUnitCoreWrapper.execute(JUnitCoreWrapper.java:75)
	at org.apache.maven.surefire.junitcore.JUnitCoreProvider.invoke(JUnitCoreProvider.java:158)
	at org.apache.maven.surefire.booter.ForkedBooter.runSuitesInProcess(ForkedBooter.java:377)
	at org.apache.maven.surefire.booter.ForkedBooter.execute(ForkedBooter.java:138)
	at org.apache.maven.surefire.booter.ForkedBooter.run(ForkedBooter.java:465)
	at org.apache.maven.surefire.booter.ForkedBooter.main(ForkedBooter.java:451)
NestedThrowablesStackTrace:
java.sql.BatchUpdateException: DELETE on table 'DBS' caused a violation of foreign key constraint 'TBLS_FK1' for key (4).  The statement has been rolled back.
	at org.apache.derby.impl.jdbc.EmbedStatement.executeLargeBatch(Unknown Source)
	at org.apache.derby.impl.jdbc.EmbedStatement.executeBatch(Unknown Source)
	at com.zaxxer.hikari.pool.ProxyStatement.executeBatch(ProxyStatement.java:128)
	at com.zaxxer.hikari.pool.HikariProxyPreparedStatement.executeBatch(HikariProxyPreparedStatement.java)
	at org.datanucleus.store.rdbms.ParamLoggingPreparedStatement.executeBatch(ParamLoggingPreparedStatement.java:366)
	at org.datanucleus.store.rdbms.SQLController.processConnectionStatement(SQLController.java:675)
	at org.datanucleus.store.rdbms.SQLController.processStatementsForConnection(SQLController.java:643)
	at org.datanucleus.store.rdbms.SQLController$1.transactionFlushed(SQLController.java:729)
	at org.datanucleus.store.connection.AbstractManagedConnection.transactionFlushed(AbstractManagedConnection.java:95)
	at org.datanucleus.store.connection.ConnectionManagerImpl$2.transactionFlushed(ConnectionManagerImpl.java:528)
	at org.datanucleus.TransactionImpl.flush(TransactionImpl.java:222)
	at org.datanucleus.TransactionImpl.commit(TransactionImpl.java:286)
	at org.datanucleus.api.jdo.JDOTransaction.commit(JDOTransaction.java:99)
	at org.apache.hadoop.hive.metastore.ObjectStore.commitTransaction(ObjectStore.java:615)
	at sun.reflect.GeneratedMethodAccessor31.invoke(Unknown Source)
	at sun.reflect.DelegatingMethodAccessorImpl.invoke(DelegatingMethodAccessorImpl.java:43)
	at java.lang.reflect.Method.invoke(Method.java:498)
	at org.apache.hadoop.hive.metastore.RawStoreProxy.invoke(RawStoreProxy.java:97)
	at com.sun.proxy.$Proxy32.commitTransaction(Unknown Source)
	at org.apache.hadoop.hive.metastore.HMSHandler.drop_database_core(HMSHandler.java:1790)
	at org.apache.hadoop.hive.metastore.HMSHandler.drop_database(HMSHandler.java:1869)
	at sun.reflect.GeneratedMethodAccessor54.invoke(Unknown Source)
	at sun.reflect.DelegatingMethodAccessorImpl.invoke(DelegatingMethodAccessorImpl.java:43)
	at java.lang.reflect.Method.invoke(Method.java:498)
	at org.apache.hadoop.hive.metastore.RetryingHMSHandler.invokeInternal(RetryingHMSHandler.java:147)
	at org.apache.hadoop.hive.metastore.RetryingHMSHandler.invoke(RetryingHMSHandler.java:108)
	at com.sun.proxy.$Proxy35.drop_database(Unknown Source)
	at org.apache.hadoop.hive.metastore.HiveMetaStoreClient.dropDatabaseCascadePerDb(HiveMetaStoreClient.java:1601)
	at org.apache.hadoop.hive.metastore.HiveMetaStoreClient.dropDatabase(HiveMetaStoreClient.java:1532)
	at org.apache.hadoop.hive.metastore.HiveMetaStoreClient.dropDatabase(HiveMetaStoreClient.java:1485)
	at sun.reflect.NativeMethodAccessorImpl.invoke0(Native Method)
	at sun.reflect.NativeMethodAccessorImpl.invoke(NativeMethodAccessorImpl.java:62)
	at sun.reflect.DelegatingMethodAccessorImpl.invoke(DelegatingMethodAccessorImpl.java:43)
	at java.lang.reflect.Method.invoke(Method.java:498)
	at org.apache.hadoop.hive.metastore.RetryingMetaStoreClient.invoke(RetryingMetaStoreClient.java:218)
	at com.sun.proxy.$Proxy45.dropDatabase(Unknown Source)
	at org.apache.hadoop.hive.ql.metadata.Hive.dropDatabase(Hive.java:662)
	at org.apache.hadoop.hive.ql.ddl.database.drop.DropDatabaseOperation.execute(DropDatabaseOperation.java:52)
	at org.apache.hadoop.hive.ql.ddl.DDLTask.execute(DDLTask.java:84)
	at org.apache.hadoop.hive.ql.exec.Task.executeTask(Task.java:212)
	at org.apache.hadoop.hive.ql.exec.TaskRunner.runSequential(TaskRunner.java:105)
	at org.apache.hadoop.hive.ql.Executor.launchTask(Executor.java:361)
	at org.apache.hadoop.hive.ql.Executor.launchTasks(Executor.java:334)
	at org.apache.hadoop.hive.ql.Executor.runTasks(Executor.java:245)
	at org.apache.hadoop.hive.ql.Executor.execute(Executor.java:108)
	at org.apache.hadoop.hive.ql.Driver.execute(Driver.java:348)
	at org.apache.hadoop.hive.ql.Driver.runInternal(Driver.java:204)
	at org.apache.hadoop.hive.ql.Driver.run(Driver.java:153)
	at org.apache.hadoop.hive.ql.Driver.run(Driver.java:148)
	at org.apache.hadoop.hive.ql.reexec.ReExecDriver.run(ReExecDriver.java:164)
	at org.apache.hadoop.hive.ql.reexec.ReExecDriver.run(ReExecDriver.java:230)
	at org.apache.hive.hcatalog.pig.AbstractHCatLoaderTest.executeStatementOnDriver(AbstractHCatLoaderTest.java:151)
	at org.apache.hive.hcatalog.pig.AbstractHCatLoaderTest.tearDown(AbstractHCatLoaderTest.java:239)
	at sun.reflect.NativeMethodAccessorImpl.invoke0(Native Method)
	at sun.reflect.NativeMethodAccessorImpl.invoke(NativeMethodAccessorImpl.java:62)
	at sun.reflect.DelegatingMethodAccessorImpl.invoke(DelegatingMethodAccessorImpl.java:43)
	at java.lang.reflect.Method.invoke(Method.java:498)
	at org.junit.runners.model.FrameworkMethod$1.runReflectiveCall(FrameworkMethod.java:59)
	at org.junit.internal.runners.model.ReflectiveCallable.run(ReflectiveCallable.java:12)
	at org.junit.runners.model.FrameworkMethod.invokeExplosively(FrameworkMethod.java:56)
	at org.junit.internal.runners.statements.RunAfters.invokeMethod(RunAfters.java:46)
	at org.junit.internal.runners.statements.RunAfters.evaluate(RunAfters.java:33)
	at org.junit.runners.ParentRunner$3.evaluate(ParentRunner.java:306)
	at org.junit.runners.BlockJUnit4ClassRunner$1.evaluate(BlockJUnit4ClassRunner.java:100)
	at org.junit.runners.ParentRunner.runLeaf(ParentRunner.java:366)
	at org.junit.runners.BlockJUnit4ClassRunner.runChild(BlockJUnit4ClassRunner.java:103)
	at org.junit.runners.BlockJUnit4ClassRunner.runChild(BlockJUnit4ClassRunner.java:63)
	at org.junit.runners.ParentRunner$4.run(ParentRunner.java:331)
	at org.junit.runners.ParentRunner$1.schedule(ParentRunner.java:79)
	at org.junit.runners.ParentRunner.runChildren(ParentRunner.java:329)
	at org.junit.runners.ParentRunner.access$100(ParentRunner.java:66)
	at org.junit.runners.ParentRunner$2.evaluate(ParentRunner.java:293)
	at org.junit.internal.runners.statements.RunBefores.evaluate(RunBefores.java:26)
	at org.junit.runners.ParentRunner$3.evaluate(ParentRunner.java:306)
	at org.junit.runners.ParentRunner.run(ParentRunner.java:413)
	at org.junit.runners.Suite.runChild(Suite.java:128)
	at org.junit.runners.Suite.runChild(Suite.java:27)
	at org.junit.runners.ParentRunner$4.run(ParentRunner.java:331)
	at org.junit.runners.ParentRunner$1.schedule(ParentRunner.java:79)
	at org.junit.runners.ParentRunner.runChildren(ParentRunner.java:329)
	at org.junit.runners.ParentRunner.access$100(ParentRunner.java:66)
	at org.junit.runners.ParentRunner$2.evaluate(ParentRunner.java:293)
	at org.junit.runners.ParentRunner$3.evaluate(ParentRunner.java:306)
	at org.junit.runners.ParentRunner.run(ParentRunner.java:413)
	at org.apache.maven.surefire.junitcore.JUnitCore.run(JUnitCore.java:55)
	at org.apache.maven.surefire.junitcore.JUnitCoreWrapper.createRequestAndRun(JUnitCoreWrapper.java:137)
	at org.apache.maven.surefire.junitcore.JUnitCoreWrapper.executeEager(JUnitCoreWrapper.java:107)
	at org.apache.maven.surefire.junitcore.JUnitCoreWrapper.execute(JUnitCoreWrapper.java:83)
	at org.apache.maven.surefire.junitcore.JUnitCoreWrapper.execute(JUnitCoreWrapper.java:75)
	at org.apache.maven.surefire.junitcore.JUnitCoreProvider.invoke(JUnitCoreProvider.java:158)
	at org.apache.maven.surefire.booter.ForkedBooter.runSuitesInProcess(ForkedBooter.java:377)
	at org.apache.maven.surefire.booter.ForkedBooter.execute(ForkedBooter.java:138)
	at org.apache.maven.surefire.booter.ForkedBooter.run(ForkedBooter.java:465)
	at org.apache.maven.surefire.booter.ForkedBooter.main(ForkedBooter.java:451)
Caused by: org.apache.derby.shared.common.error.DerbySQLIntegrityConstraintViolationException: DELETE on table 'DBS' caused a violation of foreign key constraint 'TBLS_FK1' for key (4).  The statement has been rolled back.
	at org.apache.derby.impl.jdbc.SQLExceptionFactory.getSQLException(Unknown Source)
	at org.apache.derby.impl.jdbc.Util.generateCsSQLException(Unknown Source)
	at org.apache.derby.impl.jdbc.TransactionResourceImpl.wrapInSQLException(Unknown Source)
	at org.apache.derby.impl.jdbc.TransactionResourceImpl.handleException(Unknown Source)
	at org.apache.derby.impl.jdbc.EmbedConnection.handleException(Unknown Source)
	at org.apache.derby.impl.jdbc.ConnectionChild.handleException(Unknown Source)
	at org.apache.derby.impl.jdbc.EmbedStatement.executeStatement(Unknown Source)
	at org.apache.derby.impl.jdbc.EmbedPreparedStatement.executeBatchElement(Unknown Source)
	... 94 more
Caused by: ERROR 23503: DELETE on table 'DBS' caused a violation of foreign key constraint 'TBLS_FK1' for key (4).  The statement has been rolled back.
	at org.apache.derby.iapi.error.StandardException.newException(Unknown Source)
	at org.apache.derby.iapi.error.StandardException.newException(Unknown Source)
	at org.apache.derby.impl.sql.execute.ReferencedKeyRIChecker.doCheck(Unknown Source)
	at org.apache.derby.impl.sql.execute.RISetChecker.doPKCheck(Unknown Source)
	at org.apache.derby.impl.sql.execute.DeleteResultSet.collectAffectedRows(Unknown Source)
	at org.apache.derby.impl.sql.execute.DeleteResultSet.open(Unknown Source)
	at org.apache.derby.impl.sql.GenericPreparedStatement.executeStmt(Unknown Source)
	at org.apache.derby.impl.sql.GenericPreparedStatement.execute(Unknown Source)
	... 96 more

2024-04-24T11:30:01,358  INFO [Metastore Scheduled Worker 4] metastore.HMSHandler: 17: Opening raw store with implementation class:org.apache.hadoop.hive.metastore.ObjectStore
2024-04-24T11:30:01,358  INFO [Metastore Scheduled Worker 4] metastore.ObjectStore: RawStore: org.apache.hadoop.hive.metastore.ObjectStore@6d19567b, with PersistenceManager: null will be shutdown
2024-04-24T11:30:01,359  INFO [Metastore Scheduled Worker 4] metastore.ObjectStore: RawStore: org.apache.hadoop.hive.metastore.ObjectStore@6d19567b, with PersistenceManager: org.datanucleus.api.jdo.JDOPersistenceManager@3a4f9090 created in the thread with id: 34
2024-04-24T11:30:01,360  INFO [Metastore Scheduled Worker 4] metastore.HMSHandler: Created RawStore: org.apache.hadoop.hive.metastore.ObjectStore@6d19567b from thread id: 34
2024-04-24T11:30:02,997  INFO [main] HiveMetaStore.audit: ugi=alex	ip=unknown-ip-addr	cmd=drop_database: @hive#junit_specific_db	
2024-04-24T11:30:03,002  INFO [main] HiveMetaStore.audit: ugi=alex	ip=unknown-ip-addr	cmd=get_all_tables: db=@hive#junit_specific_db	
2024-04-24T11:30:03,002  INFO [main] HiveMetaStore.audit: ugi=alex	ip=unknown-ip-addr	cmd=get_functions: db=@hive#junit_specific_db pat=*	
2024-04-24T11:30:03,004  INFO [main] HiveMetaStore.audit: ugi=alex	ip=unknown-ip-addr	cmd=get_all_stored_procedures	
2024-04-24T11:30:03,005  INFO [main] HiveMetaStore.audit: ugi=alex	ip=unknown-ip-addr	cmd=get_all_packages	
2024-04-24T11:30:03,007  INFO [main] HiveMetaStore.audit: ugi=alex	ip=unknown-ip-addr	cmd=getTablesByTypeCore: catName=hive: db=junit_specific_db pat=.*,type=MATERIALIZED_VIEW	
2024-04-24T11:30:03,011  INFO [main] metastore.ObjectStore: Dropping database hive.junit_specific_db along with all tables
2024-04-24T11:30:03,017  INFO [main] txn.TxnHandler: Non-retryable error in cleanupRecords : Table/View 'TXN_COMPONENTS' does not exist. (SQLState=42X05, ErrorCode=20000)
2024-04-24T11:30:03,017  WARN [main] txn.TxnHandler: Cannot perform cleanup since metastore table does not exist
2024-04-24T11:30:03,019 ERROR [main] metastore.RetryingHMSHandler: Retrying HMSHandler after 2000 ms (attempt 7 of 10) with error: javax.jdo.JDODataStoreException: Exception thrown flushing changes to datastore
	at org.datanucleus.api.jdo.NucleusJDOHelper.getJDOExceptionForNucleusException(NucleusJDOHelper.java:542)
	at org.datanucleus.api.jdo.JDOTransaction.commit(JDOTransaction.java:162)
	at org.apache.hadoop.hive.metastore.ObjectStore.commitTransaction(ObjectStore.java:615)
	at sun.reflect.GeneratedMethodAccessor31.invoke(Unknown Source)
	at sun.reflect.DelegatingMethodAccessorImpl.invoke(DelegatingMethodAccessorImpl.java:43)
	at java.lang.reflect.Method.invoke(Method.java:498)
	at org.apache.hadoop.hive.metastore.RawStoreProxy.invoke(RawStoreProxy.java:97)
	at com.sun.proxy.$Proxy32.commitTransaction(Unknown Source)
	at org.apache.hadoop.hive.metastore.HMSHandler.drop_database_core(HMSHandler.java:1790)
	at org.apache.hadoop.hive.metastore.HMSHandler.drop_database(HMSHandler.java:1869)
	at sun.reflect.GeneratedMethodAccessor54.invoke(Unknown Source)
	at sun.reflect.DelegatingMethodAccessorImpl.invoke(DelegatingMethodAccessorImpl.java:43)
	at java.lang.reflect.Method.invoke(Method.java:498)
	at org.apache.hadoop.hive.metastore.RetryingHMSHandler.invokeInternal(RetryingHMSHandler.java:147)
	at org.apache.hadoop.hive.metastore.RetryingHMSHandler.invoke(RetryingHMSHandler.java:108)
	at com.sun.proxy.$Proxy35.drop_database(Unknown Source)
	at org.apache.hadoop.hive.metastore.HiveMetaStoreClient.dropDatabaseCascadePerDb(HiveMetaStoreClient.java:1601)
	at org.apache.hadoop.hive.metastore.HiveMetaStoreClient.dropDatabase(HiveMetaStoreClient.java:1532)
	at org.apache.hadoop.hive.metastore.HiveMetaStoreClient.dropDatabase(HiveMetaStoreClient.java:1485)
	at sun.reflect.NativeMethodAccessorImpl.invoke0(Native Method)
	at sun.reflect.NativeMethodAccessorImpl.invoke(NativeMethodAccessorImpl.java:62)
	at sun.reflect.DelegatingMethodAccessorImpl.invoke(DelegatingMethodAccessorImpl.java:43)
	at java.lang.reflect.Method.invoke(Method.java:498)
	at org.apache.hadoop.hive.metastore.RetryingMetaStoreClient.invoke(RetryingMetaStoreClient.java:218)
	at com.sun.proxy.$Proxy45.dropDatabase(Unknown Source)
	at org.apache.hadoop.hive.ql.metadata.Hive.dropDatabase(Hive.java:662)
	at org.apache.hadoop.hive.ql.ddl.database.drop.DropDatabaseOperation.execute(DropDatabaseOperation.java:52)
	at org.apache.hadoop.hive.ql.ddl.DDLTask.execute(DDLTask.java:84)
	at org.apache.hadoop.hive.ql.exec.Task.executeTask(Task.java:212)
	at org.apache.hadoop.hive.ql.exec.TaskRunner.runSequential(TaskRunner.java:105)
	at org.apache.hadoop.hive.ql.Executor.launchTask(Executor.java:361)
	at org.apache.hadoop.hive.ql.Executor.launchTasks(Executor.java:334)
	at org.apache.hadoop.hive.ql.Executor.runTasks(Executor.java:245)
	at org.apache.hadoop.hive.ql.Executor.execute(Executor.java:108)
	at org.apache.hadoop.hive.ql.Driver.execute(Driver.java:348)
	at org.apache.hadoop.hive.ql.Driver.runInternal(Driver.java:204)
	at org.apache.hadoop.hive.ql.Driver.run(Driver.java:153)
	at org.apache.hadoop.hive.ql.Driver.run(Driver.java:148)
	at org.apache.hadoop.hive.ql.reexec.ReExecDriver.run(ReExecDriver.java:164)
	at org.apache.hadoop.hive.ql.reexec.ReExecDriver.run(ReExecDriver.java:230)
	at org.apache.hive.hcatalog.pig.AbstractHCatLoaderTest.executeStatementOnDriver(AbstractHCatLoaderTest.java:151)
	at org.apache.hive.hcatalog.pig.AbstractHCatLoaderTest.tearDown(AbstractHCatLoaderTest.java:239)
	at sun.reflect.NativeMethodAccessorImpl.invoke0(Native Method)
	at sun.reflect.NativeMethodAccessorImpl.invoke(NativeMethodAccessorImpl.java:62)
	at sun.reflect.DelegatingMethodAccessorImpl.invoke(DelegatingMethodAccessorImpl.java:43)
	at java.lang.reflect.Method.invoke(Method.java:498)
	at org.junit.runners.model.FrameworkMethod$1.runReflectiveCall(FrameworkMethod.java:59)
	at org.junit.internal.runners.model.ReflectiveCallable.run(ReflectiveCallable.java:12)
	at org.junit.runners.model.FrameworkMethod.invokeExplosively(FrameworkMethod.java:56)
	at org.junit.internal.runners.statements.RunAfters.invokeMethod(RunAfters.java:46)
	at org.junit.internal.runners.statements.RunAfters.evaluate(RunAfters.java:33)
	at org.junit.runners.ParentRunner$3.evaluate(ParentRunner.java:306)
	at org.junit.runners.BlockJUnit4ClassRunner$1.evaluate(BlockJUnit4ClassRunner.java:100)
	at org.junit.runners.ParentRunner.runLeaf(ParentRunner.java:366)
	at org.junit.runners.BlockJUnit4ClassRunner.runChild(BlockJUnit4ClassRunner.java:103)
	at org.junit.runners.BlockJUnit4ClassRunner.runChild(BlockJUnit4ClassRunner.java:63)
	at org.junit.runners.ParentRunner$4.run(ParentRunner.java:331)
	at org.junit.runners.ParentRunner$1.schedule(ParentRunner.java:79)
	at org.junit.runners.ParentRunner.runChildren(ParentRunner.java:329)
	at org.junit.runners.ParentRunner.access$100(ParentRunner.java:66)
	at org.junit.runners.ParentRunner$2.evaluate(ParentRunner.java:293)
	at org.junit.internal.runners.statements.RunBefores.evaluate(RunBefores.java:26)
	at org.junit.runners.ParentRunner$3.evaluate(ParentRunner.java:306)
	at org.junit.runners.ParentRunner.run(ParentRunner.java:413)
	at org.junit.runners.Suite.runChild(Suite.java:128)
	at org.junit.runners.Suite.runChild(Suite.java:27)
	at org.junit.runners.ParentRunner$4.run(ParentRunner.java:331)
	at org.junit.runners.ParentRunner$1.schedule(ParentRunner.java:79)
	at org.junit.runners.ParentRunner.runChildren(ParentRunner.java:329)
	at org.junit.runners.ParentRunner.access$100(ParentRunner.java:66)
	at org.junit.runners.ParentRunner$2.evaluate(ParentRunner.java:293)
	at org.junit.runners.ParentRunner$3.evaluate(ParentRunner.java:306)
	at org.junit.runners.ParentRunner.run(ParentRunner.java:413)
	at org.apache.maven.surefire.junitcore.JUnitCore.run(JUnitCore.java:55)
	at org.apache.maven.surefire.junitcore.JUnitCoreWrapper.createRequestAndRun(JUnitCoreWrapper.java:137)
	at org.apache.maven.surefire.junitcore.JUnitCoreWrapper.executeEager(JUnitCoreWrapper.java:107)
	at org.apache.maven.surefire.junitcore.JUnitCoreWrapper.execute(JUnitCoreWrapper.java:83)
	at org.apache.maven.surefire.junitcore.JUnitCoreWrapper.execute(JUnitCoreWrapper.java:75)
	at org.apache.maven.surefire.junitcore.JUnitCoreProvider.invoke(JUnitCoreProvider.java:158)
	at org.apache.maven.surefire.booter.ForkedBooter.runSuitesInProcess(ForkedBooter.java:377)
	at org.apache.maven.surefire.booter.ForkedBooter.execute(ForkedBooter.java:138)
	at org.apache.maven.surefire.booter.ForkedBooter.run(ForkedBooter.java:465)
	at org.apache.maven.surefire.booter.ForkedBooter.main(ForkedBooter.java:451)
NestedThrowablesStackTrace:
java.sql.BatchUpdateException: DELETE on table 'DBS' caused a violation of foreign key constraint 'TBLS_FK1' for key (4).  The statement has been rolled back.
	at org.apache.derby.impl.jdbc.EmbedStatement.executeLargeBatch(Unknown Source)
	at org.apache.derby.impl.jdbc.EmbedStatement.executeBatch(Unknown Source)
	at com.zaxxer.hikari.pool.ProxyStatement.executeBatch(ProxyStatement.java:128)
	at com.zaxxer.hikari.pool.HikariProxyPreparedStatement.executeBatch(HikariProxyPreparedStatement.java)
	at org.datanucleus.store.rdbms.ParamLoggingPreparedStatement.executeBatch(ParamLoggingPreparedStatement.java:366)
	at org.datanucleus.store.rdbms.SQLController.processConnectionStatement(SQLController.java:675)
	at org.datanucleus.store.rdbms.SQLController.processStatementsForConnection(SQLController.java:643)
	at org.datanucleus.store.rdbms.SQLController$1.transactionFlushed(SQLController.java:729)
	at org.datanucleus.store.connection.AbstractManagedConnection.transactionFlushed(AbstractManagedConnection.java:95)
	at org.datanucleus.store.connection.ConnectionManagerImpl$2.transactionFlushed(ConnectionManagerImpl.java:528)
	at org.datanucleus.TransactionImpl.flush(TransactionImpl.java:222)
	at org.datanucleus.TransactionImpl.commit(TransactionImpl.java:286)
	at org.datanucleus.api.jdo.JDOTransaction.commit(JDOTransaction.java:99)
	at org.apache.hadoop.hive.metastore.ObjectStore.commitTransaction(ObjectStore.java:615)
	at sun.reflect.GeneratedMethodAccessor31.invoke(Unknown Source)
	at sun.reflect.DelegatingMethodAccessorImpl.invoke(DelegatingMethodAccessorImpl.java:43)
	at java.lang.reflect.Method.invoke(Method.java:498)
	at org.apache.hadoop.hive.metastore.RawStoreProxy.invoke(RawStoreProxy.java:97)
	at com.sun.proxy.$Proxy32.commitTransaction(Unknown Source)
	at org.apache.hadoop.hive.metastore.HMSHandler.drop_database_core(HMSHandler.java:1790)
	at org.apache.hadoop.hive.metastore.HMSHandler.drop_database(HMSHandler.java:1869)
	at sun.reflect.GeneratedMethodAccessor54.invoke(Unknown Source)
	at sun.reflect.DelegatingMethodAccessorImpl.invoke(DelegatingMethodAccessorImpl.java:43)
	at java.lang.reflect.Method.invoke(Method.java:498)
	at org.apache.hadoop.hive.metastore.RetryingHMSHandler.invokeInternal(RetryingHMSHandler.java:147)
	at org.apache.hadoop.hive.metastore.RetryingHMSHandler.invoke(RetryingHMSHandler.java:108)
	at com.sun.proxy.$Proxy35.drop_database(Unknown Source)
	at org.apache.hadoop.hive.metastore.HiveMetaStoreClient.dropDatabaseCascadePerDb(HiveMetaStoreClient.java:1601)
	at org.apache.hadoop.hive.metastore.HiveMetaStoreClient.dropDatabase(HiveMetaStoreClient.java:1532)
	at org.apache.hadoop.hive.metastore.HiveMetaStoreClient.dropDatabase(HiveMetaStoreClient.java:1485)
	at sun.reflect.NativeMethodAccessorImpl.invoke0(Native Method)
	at sun.reflect.NativeMethodAccessorImpl.invoke(NativeMethodAccessorImpl.java:62)
	at sun.reflect.DelegatingMethodAccessorImpl.invoke(DelegatingMethodAccessorImpl.java:43)
	at java.lang.reflect.Method.invoke(Method.java:498)
	at org.apache.hadoop.hive.metastore.RetryingMetaStoreClient.invoke(RetryingMetaStoreClient.java:218)
	at com.sun.proxy.$Proxy45.dropDatabase(Unknown Source)
	at org.apache.hadoop.hive.ql.metadata.Hive.dropDatabase(Hive.java:662)
	at org.apache.hadoop.hive.ql.ddl.database.drop.DropDatabaseOperation.execute(DropDatabaseOperation.java:52)
	at org.apache.hadoop.hive.ql.ddl.DDLTask.execute(DDLTask.java:84)
	at org.apache.hadoop.hive.ql.exec.Task.executeTask(Task.java:212)
	at org.apache.hadoop.hive.ql.exec.TaskRunner.runSequential(TaskRunner.java:105)
	at org.apache.hadoop.hive.ql.Executor.launchTask(Executor.java:361)
	at org.apache.hadoop.hive.ql.Executor.launchTasks(Executor.java:334)
	at org.apache.hadoop.hive.ql.Executor.runTasks(Executor.java:245)
	at org.apache.hadoop.hive.ql.Executor.execute(Executor.java:108)
	at org.apache.hadoop.hive.ql.Driver.execute(Driver.java:348)
	at org.apache.hadoop.hive.ql.Driver.runInternal(Driver.java:204)
	at org.apache.hadoop.hive.ql.Driver.run(Driver.java:153)
	at org.apache.hadoop.hive.ql.Driver.run(Driver.java:148)
	at org.apache.hadoop.hive.ql.reexec.ReExecDriver.run(ReExecDriver.java:164)
	at org.apache.hadoop.hive.ql.reexec.ReExecDriver.run(ReExecDriver.java:230)
	at org.apache.hive.hcatalog.pig.AbstractHCatLoaderTest.executeStatementOnDriver(AbstractHCatLoaderTest.java:151)
	at org.apache.hive.hcatalog.pig.AbstractHCatLoaderTest.tearDown(AbstractHCatLoaderTest.java:239)
	at sun.reflect.NativeMethodAccessorImpl.invoke0(Native Method)
	at sun.reflect.NativeMethodAccessorImpl.invoke(NativeMethodAccessorImpl.java:62)
	at sun.reflect.DelegatingMethodAccessorImpl.invoke(DelegatingMethodAccessorImpl.java:43)
	at java.lang.reflect.Method.invoke(Method.java:498)
	at org.junit.runners.model.FrameworkMethod$1.runReflectiveCall(FrameworkMethod.java:59)
	at org.junit.internal.runners.model.ReflectiveCallable.run(ReflectiveCallable.java:12)
	at org.junit.runners.model.FrameworkMethod.invokeExplosively(FrameworkMethod.java:56)
	at org.junit.internal.runners.statements.RunAfters.invokeMethod(RunAfters.java:46)
	at org.junit.internal.runners.statements.RunAfters.evaluate(RunAfters.java:33)
	at org.junit.runners.ParentRunner$3.evaluate(ParentRunner.java:306)
	at org.junit.runners.BlockJUnit4ClassRunner$1.evaluate(BlockJUnit4ClassRunner.java:100)
	at org.junit.runners.ParentRunner.runLeaf(ParentRunner.java:366)
	at org.junit.runners.BlockJUnit4ClassRunner.runChild(BlockJUnit4ClassRunner.java:103)
	at org.junit.runners.BlockJUnit4ClassRunner.runChild(BlockJUnit4ClassRunner.java:63)
	at org.junit.runners.ParentRunner$4.run(ParentRunner.java:331)
	at org.junit.runners.ParentRunner$1.schedule(ParentRunner.java:79)
	at org.junit.runners.ParentRunner.runChildren(ParentRunner.java:329)
	at org.junit.runners.ParentRunner.access$100(ParentRunner.java:66)
	at org.junit.runners.ParentRunner$2.evaluate(ParentRunner.java:293)
	at org.junit.internal.runners.statements.RunBefores.evaluate(RunBefores.java:26)
	at org.junit.runners.ParentRunner$3.evaluate(ParentRunner.java:306)
	at org.junit.runners.ParentRunner.run(ParentRunner.java:413)
	at org.junit.runners.Suite.runChild(Suite.java:128)
	at org.junit.runners.Suite.runChild(Suite.java:27)
	at org.junit.runners.ParentRunner$4.run(ParentRunner.java:331)
	at org.junit.runners.ParentRunner$1.schedule(ParentRunner.java:79)
	at org.junit.runners.ParentRunner.runChildren(ParentRunner.java:329)
	at org.junit.runners.ParentRunner.access$100(ParentRunner.java:66)
	at org.junit.runners.ParentRunner$2.evaluate(ParentRunner.java:293)
	at org.junit.runners.ParentRunner$3.evaluate(ParentRunner.java:306)
	at org.junit.runners.ParentRunner.run(ParentRunner.java:413)
	at org.apache.maven.surefire.junitcore.JUnitCore.run(JUnitCore.java:55)
	at org.apache.maven.surefire.junitcore.JUnitCoreWrapper.createRequestAndRun(JUnitCoreWrapper.java:137)
	at org.apache.maven.surefire.junitcore.JUnitCoreWrapper.executeEager(JUnitCoreWrapper.java:107)
	at org.apache.maven.surefire.junitcore.JUnitCoreWrapper.execute(JUnitCoreWrapper.java:83)
	at org.apache.maven.surefire.junitcore.JUnitCoreWrapper.execute(JUnitCoreWrapper.java:75)
	at org.apache.maven.surefire.junitcore.JUnitCoreProvider.invoke(JUnitCoreProvider.java:158)
	at org.apache.maven.surefire.booter.ForkedBooter.runSuitesInProcess(ForkedBooter.java:377)
	at org.apache.maven.surefire.booter.ForkedBooter.execute(ForkedBooter.java:138)
	at org.apache.maven.surefire.booter.ForkedBooter.run(ForkedBooter.java:465)
	at org.apache.maven.surefire.booter.ForkedBooter.main(ForkedBooter.java:451)
Caused by: org.apache.derby.shared.common.error.DerbySQLIntegrityConstraintViolationException: DELETE on table 'DBS' caused a violation of foreign key constraint 'TBLS_FK1' for key (4).  The statement has been rolled back.
	at org.apache.derby.impl.jdbc.SQLExceptionFactory.getSQLException(Unknown Source)
	at org.apache.derby.impl.jdbc.Util.generateCsSQLException(Unknown Source)
	at org.apache.derby.impl.jdbc.TransactionResourceImpl.wrapInSQLException(Unknown Source)
	at org.apache.derby.impl.jdbc.TransactionResourceImpl.handleException(Unknown Source)
	at org.apache.derby.impl.jdbc.EmbedConnection.handleException(Unknown Source)
	at org.apache.derby.impl.jdbc.ConnectionChild.handleException(Unknown Source)
	at org.apache.derby.impl.jdbc.EmbedStatement.executeStatement(Unknown Source)
	at org.apache.derby.impl.jdbc.EmbedPreparedStatement.executeBatchElement(Unknown Source)
	... 94 more
Caused by: ERROR 23503: DELETE on table 'DBS' caused a violation of foreign key constraint 'TBLS_FK1' for key (4).  The statement has been rolled back.
	at org.apache.derby.iapi.error.StandardException.newException(Unknown Source)
	at org.apache.derby.iapi.error.StandardException.newException(Unknown Source)
	at org.apache.derby.impl.sql.execute.ReferencedKeyRIChecker.doCheck(Unknown Source)
	at org.apache.derby.impl.sql.execute.RISetChecker.doPKCheck(Unknown Source)
	at org.apache.derby.impl.sql.execute.DeleteResultSet.collectAffectedRows(Unknown Source)
	at org.apache.derby.impl.sql.execute.DeleteResultSet.open(Unknown Source)
	at org.apache.derby.impl.sql.GenericPreparedStatement.executeStmt(Unknown Source)
	at org.apache.derby.impl.sql.GenericPreparedStatement.execute(Unknown Source)
	... 96 more

2024-04-24T11:30:05,019  INFO [main] HiveMetaStore.audit: ugi=alex	ip=unknown-ip-addr	cmd=drop_database: @hive#junit_specific_db	
2024-04-24T11:30:05,024  INFO [main] HiveMetaStore.audit: ugi=alex	ip=unknown-ip-addr	cmd=get_all_tables: db=@hive#junit_specific_db	
2024-04-24T11:30:05,025  INFO [main] HiveMetaStore.audit: ugi=alex	ip=unknown-ip-addr	cmd=get_functions: db=@hive#junit_specific_db pat=*	
2024-04-24T11:30:05,028  INFO [main] HiveMetaStore.audit: ugi=alex	ip=unknown-ip-addr	cmd=get_all_stored_procedures	
2024-04-24T11:30:05,029  INFO [main] HiveMetaStore.audit: ugi=alex	ip=unknown-ip-addr	cmd=get_all_packages	
2024-04-24T11:30:05,031  INFO [main] HiveMetaStore.audit: ugi=alex	ip=unknown-ip-addr	cmd=getTablesByTypeCore: catName=hive: db=junit_specific_db pat=.*,type=MATERIALIZED_VIEW	
2024-04-24T11:30:05,035  INFO [main] metastore.ObjectStore: Dropping database hive.junit_specific_db along with all tables
2024-04-24T11:30:05,042  INFO [main] txn.TxnHandler: Non-retryable error in cleanupRecords : Table/View 'TXN_COMPONENTS' does not exist. (SQLState=42X05, ErrorCode=20000)
2024-04-24T11:30:05,042  WARN [main] txn.TxnHandler: Cannot perform cleanup since metastore table does not exist
2024-04-24T11:30:05,044 ERROR [main] metastore.RetryingHMSHandler: Retrying HMSHandler after 2000 ms (attempt 8 of 10) with error: javax.jdo.JDODataStoreException: Exception thrown flushing changes to datastore
	at org.datanucleus.api.jdo.NucleusJDOHelper.getJDOExceptionForNucleusException(NucleusJDOHelper.java:542)
	at org.datanucleus.api.jdo.JDOTransaction.commit(JDOTransaction.java:162)
	at org.apache.hadoop.hive.metastore.ObjectStore.commitTransaction(ObjectStore.java:615)
	at sun.reflect.GeneratedMethodAccessor31.invoke(Unknown Source)
	at sun.reflect.DelegatingMethodAccessorImpl.invoke(DelegatingMethodAccessorImpl.java:43)
	at java.lang.reflect.Method.invoke(Method.java:498)
	at org.apache.hadoop.hive.metastore.RawStoreProxy.invoke(RawStoreProxy.java:97)
	at com.sun.proxy.$Proxy32.commitTransaction(Unknown Source)
	at org.apache.hadoop.hive.metastore.HMSHandler.drop_database_core(HMSHandler.java:1790)
	at org.apache.hadoop.hive.metastore.HMSHandler.drop_database(HMSHandler.java:1869)
	at sun.reflect.GeneratedMethodAccessor54.invoke(Unknown Source)
	at sun.reflect.DelegatingMethodAccessorImpl.invoke(DelegatingMethodAccessorImpl.java:43)
	at java.lang.reflect.Method.invoke(Method.java:498)
	at org.apache.hadoop.hive.metastore.RetryingHMSHandler.invokeInternal(RetryingHMSHandler.java:147)
	at org.apache.hadoop.hive.metastore.RetryingHMSHandler.invoke(RetryingHMSHandler.java:108)
	at com.sun.proxy.$Proxy35.drop_database(Unknown Source)
	at org.apache.hadoop.hive.metastore.HiveMetaStoreClient.dropDatabaseCascadePerDb(HiveMetaStoreClient.java:1601)
	at org.apache.hadoop.hive.metastore.HiveMetaStoreClient.dropDatabase(HiveMetaStoreClient.java:1532)
	at org.apache.hadoop.hive.metastore.HiveMetaStoreClient.dropDatabase(HiveMetaStoreClient.java:1485)
	at sun.reflect.NativeMethodAccessorImpl.invoke0(Native Method)
	at sun.reflect.NativeMethodAccessorImpl.invoke(NativeMethodAccessorImpl.java:62)
	at sun.reflect.DelegatingMethodAccessorImpl.invoke(DelegatingMethodAccessorImpl.java:43)
	at java.lang.reflect.Method.invoke(Method.java:498)
	at org.apache.hadoop.hive.metastore.RetryingMetaStoreClient.invoke(RetryingMetaStoreClient.java:218)
	at com.sun.proxy.$Proxy45.dropDatabase(Unknown Source)
	at org.apache.hadoop.hive.ql.metadata.Hive.dropDatabase(Hive.java:662)
	at org.apache.hadoop.hive.ql.ddl.database.drop.DropDatabaseOperation.execute(DropDatabaseOperation.java:52)
	at org.apache.hadoop.hive.ql.ddl.DDLTask.execute(DDLTask.java:84)
	at org.apache.hadoop.hive.ql.exec.Task.executeTask(Task.java:212)
	at org.apache.hadoop.hive.ql.exec.TaskRunner.runSequential(TaskRunner.java:105)
	at org.apache.hadoop.hive.ql.Executor.launchTask(Executor.java:361)
	at org.apache.hadoop.hive.ql.Executor.launchTasks(Executor.java:334)
	at org.apache.hadoop.hive.ql.Executor.runTasks(Executor.java:245)
	at org.apache.hadoop.hive.ql.Executor.execute(Executor.java:108)
	at org.apache.hadoop.hive.ql.Driver.execute(Driver.java:348)
	at org.apache.hadoop.hive.ql.Driver.runInternal(Driver.java:204)
	at org.apache.hadoop.hive.ql.Driver.run(Driver.java:153)
	at org.apache.hadoop.hive.ql.Driver.run(Driver.java:148)
	at org.apache.hadoop.hive.ql.reexec.ReExecDriver.run(ReExecDriver.java:164)
	at org.apache.hadoop.hive.ql.reexec.ReExecDriver.run(ReExecDriver.java:230)
	at org.apache.hive.hcatalog.pig.AbstractHCatLoaderTest.executeStatementOnDriver(AbstractHCatLoaderTest.java:151)
	at org.apache.hive.hcatalog.pig.AbstractHCatLoaderTest.tearDown(AbstractHCatLoaderTest.java:239)
	at sun.reflect.NativeMethodAccessorImpl.invoke0(Native Method)
	at sun.reflect.NativeMethodAccessorImpl.invoke(NativeMethodAccessorImpl.java:62)
	at sun.reflect.DelegatingMethodAccessorImpl.invoke(DelegatingMethodAccessorImpl.java:43)
	at java.lang.reflect.Method.invoke(Method.java:498)
	at org.junit.runners.model.FrameworkMethod$1.runReflectiveCall(FrameworkMethod.java:59)
	at org.junit.internal.runners.model.ReflectiveCallable.run(ReflectiveCallable.java:12)
	at org.junit.runners.model.FrameworkMethod.invokeExplosively(FrameworkMethod.java:56)
	at org.junit.internal.runners.statements.RunAfters.invokeMethod(RunAfters.java:46)
	at org.junit.internal.runners.statements.RunAfters.evaluate(RunAfters.java:33)
	at org.junit.runners.ParentRunner$3.evaluate(ParentRunner.java:306)
	at org.junit.runners.BlockJUnit4ClassRunner$1.evaluate(BlockJUnit4ClassRunner.java:100)
	at org.junit.runners.ParentRunner.runLeaf(ParentRunner.java:366)
	at org.junit.runners.BlockJUnit4ClassRunner.runChild(BlockJUnit4ClassRunner.java:103)
	at org.junit.runners.BlockJUnit4ClassRunner.runChild(BlockJUnit4ClassRunner.java:63)
	at org.junit.runners.ParentRunner$4.run(ParentRunner.java:331)
	at org.junit.runners.ParentRunner$1.schedule(ParentRunner.java:79)
	at org.junit.runners.ParentRunner.runChildren(ParentRunner.java:329)
	at org.junit.runners.ParentRunner.access$100(ParentRunner.java:66)
	at org.junit.runners.ParentRunner$2.evaluate(ParentRunner.java:293)
	at org.junit.internal.runners.statements.RunBefores.evaluate(RunBefores.java:26)
	at org.junit.runners.ParentRunner$3.evaluate(ParentRunner.java:306)
	at org.junit.runners.ParentRunner.run(ParentRunner.java:413)
	at org.junit.runners.Suite.runChild(Suite.java:128)
	at org.junit.runners.Suite.runChild(Suite.java:27)
	at org.junit.runners.ParentRunner$4.run(ParentRunner.java:331)
	at org.junit.runners.ParentRunner$1.schedule(ParentRunner.java:79)
	at org.junit.runners.ParentRunner.runChildren(ParentRunner.java:329)
	at org.junit.runners.ParentRunner.access$100(ParentRunner.java:66)
	at org.junit.runners.ParentRunner$2.evaluate(ParentRunner.java:293)
	at org.junit.runners.ParentRunner$3.evaluate(ParentRunner.java:306)
	at org.junit.runners.ParentRunner.run(ParentRunner.java:413)
	at org.apache.maven.surefire.junitcore.JUnitCore.run(JUnitCore.java:55)
	at org.apache.maven.surefire.junitcore.JUnitCoreWrapper.createRequestAndRun(JUnitCoreWrapper.java:137)
	at org.apache.maven.surefire.junitcore.JUnitCoreWrapper.executeEager(JUnitCoreWrapper.java:107)
	at org.apache.maven.surefire.junitcore.JUnitCoreWrapper.execute(JUnitCoreWrapper.java:83)
	at org.apache.maven.surefire.junitcore.JUnitCoreWrapper.execute(JUnitCoreWrapper.java:75)
	at org.apache.maven.surefire.junitcore.JUnitCoreProvider.invoke(JUnitCoreProvider.java:158)
	at org.apache.maven.surefire.booter.ForkedBooter.runSuitesInProcess(ForkedBooter.java:377)
	at org.apache.maven.surefire.booter.ForkedBooter.execute(ForkedBooter.java:138)
	at org.apache.maven.surefire.booter.ForkedBooter.run(ForkedBooter.java:465)
	at org.apache.maven.surefire.booter.ForkedBooter.main(ForkedBooter.java:451)
NestedThrowablesStackTrace:
java.sql.BatchUpdateException: DELETE on table 'DBS' caused a violation of foreign key constraint 'TBLS_FK1' for key (4).  The statement has been rolled back.
	at org.apache.derby.impl.jdbc.EmbedStatement.executeLargeBatch(Unknown Source)
	at org.apache.derby.impl.jdbc.EmbedStatement.executeBatch(Unknown Source)
	at com.zaxxer.hikari.pool.ProxyStatement.executeBatch(ProxyStatement.java:128)
	at com.zaxxer.hikari.pool.HikariProxyPreparedStatement.executeBatch(HikariProxyPreparedStatement.java)
	at org.datanucleus.store.rdbms.ParamLoggingPreparedStatement.executeBatch(ParamLoggingPreparedStatement.java:366)
	at org.datanucleus.store.rdbms.SQLController.processConnectionStatement(SQLController.java:675)
	at org.datanucleus.store.rdbms.SQLController.processStatementsForConnection(SQLController.java:643)
	at org.datanucleus.store.rdbms.SQLController$1.transactionFlushed(SQLController.java:729)
	at org.datanucleus.store.connection.AbstractManagedConnection.transactionFlushed(AbstractManagedConnection.java:95)
	at org.datanucleus.store.connection.ConnectionManagerImpl$2.transactionFlushed(ConnectionManagerImpl.java:528)
	at org.datanucleus.TransactionImpl.flush(TransactionImpl.java:222)
	at org.datanucleus.TransactionImpl.commit(TransactionImpl.java:286)
	at org.datanucleus.api.jdo.JDOTransaction.commit(JDOTransaction.java:99)
	at org.apache.hadoop.hive.metastore.ObjectStore.commitTransaction(ObjectStore.java:615)
	at sun.reflect.GeneratedMethodAccessor31.invoke(Unknown Source)
	at sun.reflect.DelegatingMethodAccessorImpl.invoke(DelegatingMethodAccessorImpl.java:43)
	at java.lang.reflect.Method.invoke(Method.java:498)
	at org.apache.hadoop.hive.metastore.RawStoreProxy.invoke(RawStoreProxy.java:97)
	at com.sun.proxy.$Proxy32.commitTransaction(Unknown Source)
	at org.apache.hadoop.hive.metastore.HMSHandler.drop_database_core(HMSHandler.java:1790)
	at org.apache.hadoop.hive.metastore.HMSHandler.drop_database(HMSHandler.java:1869)
	at sun.reflect.GeneratedMethodAccessor54.invoke(Unknown Source)
	at sun.reflect.DelegatingMethodAccessorImpl.invoke(DelegatingMethodAccessorImpl.java:43)
	at java.lang.reflect.Method.invoke(Method.java:498)
	at org.apache.hadoop.hive.metastore.RetryingHMSHandler.invokeInternal(RetryingHMSHandler.java:147)
	at org.apache.hadoop.hive.metastore.RetryingHMSHandler.invoke(RetryingHMSHandler.java:108)
	at com.sun.proxy.$Proxy35.drop_database(Unknown Source)
	at org.apache.hadoop.hive.metastore.HiveMetaStoreClient.dropDatabaseCascadePerDb(HiveMetaStoreClient.java:1601)
	at org.apache.hadoop.hive.metastore.HiveMetaStoreClient.dropDatabase(HiveMetaStoreClient.java:1532)
	at org.apache.hadoop.hive.metastore.HiveMetaStoreClient.dropDatabase(HiveMetaStoreClient.java:1485)
	at sun.reflect.NativeMethodAccessorImpl.invoke0(Native Method)
	at sun.reflect.NativeMethodAccessorImpl.invoke(NativeMethodAccessorImpl.java:62)
	at sun.reflect.DelegatingMethodAccessorImpl.invoke(DelegatingMethodAccessorImpl.java:43)
	at java.lang.reflect.Method.invoke(Method.java:498)
	at org.apache.hadoop.hive.metastore.RetryingMetaStoreClient.invoke(RetryingMetaStoreClient.java:218)
	at com.sun.proxy.$Proxy45.dropDatabase(Unknown Source)
	at org.apache.hadoop.hive.ql.metadata.Hive.dropDatabase(Hive.java:662)
	at org.apache.hadoop.hive.ql.ddl.database.drop.DropDatabaseOperation.execute(DropDatabaseOperation.java:52)
	at org.apache.hadoop.hive.ql.ddl.DDLTask.execute(DDLTask.java:84)
	at org.apache.hadoop.hive.ql.exec.Task.executeTask(Task.java:212)
	at org.apache.hadoop.hive.ql.exec.TaskRunner.runSequential(TaskRunner.java:105)
	at org.apache.hadoop.hive.ql.Executor.launchTask(Executor.java:361)
	at org.apache.hadoop.hive.ql.Executor.launchTasks(Executor.java:334)
	at org.apache.hadoop.hive.ql.Executor.runTasks(Executor.java:245)
	at org.apache.hadoop.hive.ql.Executor.execute(Executor.java:108)
	at org.apache.hadoop.hive.ql.Driver.execute(Driver.java:348)
	at org.apache.hadoop.hive.ql.Driver.runInternal(Driver.java:204)
	at org.apache.hadoop.hive.ql.Driver.run(Driver.java:153)
	at org.apache.hadoop.hive.ql.Driver.run(Driver.java:148)
	at org.apache.hadoop.hive.ql.reexec.ReExecDriver.run(ReExecDriver.java:164)
	at org.apache.hadoop.hive.ql.reexec.ReExecDriver.run(ReExecDriver.java:230)
	at org.apache.hive.hcatalog.pig.AbstractHCatLoaderTest.executeStatementOnDriver(AbstractHCatLoaderTest.java:151)
	at org.apache.hive.hcatalog.pig.AbstractHCatLoaderTest.tearDown(AbstractHCatLoaderTest.java:239)
	at sun.reflect.NativeMethodAccessorImpl.invoke0(Native Method)
	at sun.reflect.NativeMethodAccessorImpl.invoke(NativeMethodAccessorImpl.java:62)
	at sun.reflect.DelegatingMethodAccessorImpl.invoke(DelegatingMethodAccessorImpl.java:43)
	at java.lang.reflect.Method.invoke(Method.java:498)
	at org.junit.runners.model.FrameworkMethod$1.runReflectiveCall(FrameworkMethod.java:59)
	at org.junit.internal.runners.model.ReflectiveCallable.run(ReflectiveCallable.java:12)
	at org.junit.runners.model.FrameworkMethod.invokeExplosively(FrameworkMethod.java:56)
	at org.junit.internal.runners.statements.RunAfters.invokeMethod(RunAfters.java:46)
	at org.junit.internal.runners.statements.RunAfters.evaluate(RunAfters.java:33)
	at org.junit.runners.ParentRunner$3.evaluate(ParentRunner.java:306)
	at org.junit.runners.BlockJUnit4ClassRunner$1.evaluate(BlockJUnit4ClassRunner.java:100)
	at org.junit.runners.ParentRunner.runLeaf(ParentRunner.java:366)
	at org.junit.runners.BlockJUnit4ClassRunner.runChild(BlockJUnit4ClassRunner.java:103)
	at org.junit.runners.BlockJUnit4ClassRunner.runChild(BlockJUnit4ClassRunner.java:63)
	at org.junit.runners.ParentRunner$4.run(ParentRunner.java:331)
	at org.junit.runners.ParentRunner$1.schedule(ParentRunner.java:79)
	at org.junit.runners.ParentRunner.runChildren(ParentRunner.java:329)
	at org.junit.runners.ParentRunner.access$100(ParentRunner.java:66)
	at org.junit.runners.ParentRunner$2.evaluate(ParentRunner.java:293)
	at org.junit.internal.runners.statements.RunBefores.evaluate(RunBefores.java:26)
	at org.junit.runners.ParentRunner$3.evaluate(ParentRunner.java:306)
	at org.junit.runners.ParentRunner.run(ParentRunner.java:413)
	at org.junit.runners.Suite.runChild(Suite.java:128)
	at org.junit.runners.Suite.runChild(Suite.java:27)
	at org.junit.runners.ParentRunner$4.run(ParentRunner.java:331)
	at org.junit.runners.ParentRunner$1.schedule(ParentRunner.java:79)
	at org.junit.runners.ParentRunner.runChildren(ParentRunner.java:329)
	at org.junit.runners.ParentRunner.access$100(ParentRunner.java:66)
	at org.junit.runners.ParentRunner$2.evaluate(ParentRunner.java:293)
	at org.junit.runners.ParentRunner$3.evaluate(ParentRunner.java:306)
	at org.junit.runners.ParentRunner.run(ParentRunner.java:413)
	at org.apache.maven.surefire.junitcore.JUnitCore.run(JUnitCore.java:55)
	at org.apache.maven.surefire.junitcore.JUnitCoreWrapper.createRequestAndRun(JUnitCoreWrapper.java:137)
	at org.apache.maven.surefire.junitcore.JUnitCoreWrapper.executeEager(JUnitCoreWrapper.java:107)
	at org.apache.maven.surefire.junitcore.JUnitCoreWrapper.execute(JUnitCoreWrapper.java:83)
	at org.apache.maven.surefire.junitcore.JUnitCoreWrapper.execute(JUnitCoreWrapper.java:75)
	at org.apache.maven.surefire.junitcore.JUnitCoreProvider.invoke(JUnitCoreProvider.java:158)
	at org.apache.maven.surefire.booter.ForkedBooter.runSuitesInProcess(ForkedBooter.java:377)
	at org.apache.maven.surefire.booter.ForkedBooter.execute(ForkedBooter.java:138)
	at org.apache.maven.surefire.booter.ForkedBooter.run(ForkedBooter.java:465)
	at org.apache.maven.surefire.booter.ForkedBooter.main(ForkedBooter.java:451)
Caused by: org.apache.derby.shared.common.error.DerbySQLIntegrityConstraintViolationException: DELETE on table 'DBS' caused a violation of foreign key constraint 'TBLS_FK1' for key (4).  The statement has been rolled back.
	at org.apache.derby.impl.jdbc.SQLExceptionFactory.getSQLException(Unknown Source)
	at org.apache.derby.impl.jdbc.Util.generateCsSQLException(Unknown Source)
	at org.apache.derby.impl.jdbc.TransactionResourceImpl.wrapInSQLException(Unknown Source)
	at org.apache.derby.impl.jdbc.TransactionResourceImpl.handleException(Unknown Source)
	at org.apache.derby.impl.jdbc.EmbedConnection.handleException(Unknown Source)
	at org.apache.derby.impl.jdbc.ConnectionChild.handleException(Unknown Source)
	at org.apache.derby.impl.jdbc.EmbedStatement.executeStatement(Unknown Source)
	at org.apache.derby.impl.jdbc.EmbedPreparedStatement.executeBatchElement(Unknown Source)
	... 94 more
Caused by: ERROR 23503: DELETE on table 'DBS' caused a violation of foreign key constraint 'TBLS_FK1' for key (4).  The statement has been rolled back.
	at org.apache.derby.iapi.error.StandardException.newException(Unknown Source)
	at org.apache.derby.iapi.error.StandardException.newException(Unknown Source)
	at org.apache.derby.impl.sql.execute.ReferencedKeyRIChecker.doCheck(Unknown Source)
	at org.apache.derby.impl.sql.execute.RISetChecker.doPKCheck(Unknown Source)
	at org.apache.derby.impl.sql.execute.DeleteResultSet.collectAffectedRows(Unknown Source)
	at org.apache.derby.impl.sql.execute.DeleteResultSet.open(Unknown Source)
	at org.apache.derby.impl.sql.GenericPreparedStatement.executeStmt(Unknown Source)
	at org.apache.derby.impl.sql.GenericPreparedStatement.execute(Unknown Source)
	... 96 more

2024-04-24T11:30:07,045  INFO [main] HiveMetaStore.audit: ugi=alex	ip=unknown-ip-addr	cmd=drop_database: @hive#junit_specific_db	
2024-04-24T11:30:07,049  INFO [main] HiveMetaStore.audit: ugi=alex	ip=unknown-ip-addr	cmd=get_all_tables: db=@hive#junit_specific_db	
2024-04-24T11:30:07,050  INFO [main] HiveMetaStore.audit: ugi=alex	ip=unknown-ip-addr	cmd=get_functions: db=@hive#junit_specific_db pat=*	
2024-04-24T11:30:07,052  INFO [main] HiveMetaStore.audit: ugi=alex	ip=unknown-ip-addr	cmd=get_all_stored_procedures	
2024-04-24T11:30:07,054  INFO [main] HiveMetaStore.audit: ugi=alex	ip=unknown-ip-addr	cmd=get_all_packages	
2024-04-24T11:30:07,055  INFO [main] HiveMetaStore.audit: ugi=alex	ip=unknown-ip-addr	cmd=getTablesByTypeCore: catName=hive: db=junit_specific_db pat=.*,type=MATERIALIZED_VIEW	
2024-04-24T11:30:07,060  INFO [main] metastore.ObjectStore: Dropping database hive.junit_specific_db along with all tables
2024-04-24T11:30:07,067  INFO [main] txn.TxnHandler: Non-retryable error in cleanupRecords : Table/View 'TXN_COMPONENTS' does not exist. (SQLState=42X05, ErrorCode=20000)
2024-04-24T11:30:07,067  WARN [main] txn.TxnHandler: Cannot perform cleanup since metastore table does not exist
2024-04-24T11:30:07,068 ERROR [main] metastore.RetryingHMSHandler: Retrying HMSHandler after 2000 ms (attempt 9 of 10) with error: javax.jdo.JDODataStoreException: Exception thrown flushing changes to datastore
	at org.datanucleus.api.jdo.NucleusJDOHelper.getJDOExceptionForNucleusException(NucleusJDOHelper.java:542)
	at org.datanucleus.api.jdo.JDOTransaction.commit(JDOTransaction.java:162)
	at org.apache.hadoop.hive.metastore.ObjectStore.commitTransaction(ObjectStore.java:615)
	at sun.reflect.GeneratedMethodAccessor31.invoke(Unknown Source)
	at sun.reflect.DelegatingMethodAccessorImpl.invoke(DelegatingMethodAccessorImpl.java:43)
	at java.lang.reflect.Method.invoke(Method.java:498)
	at org.apache.hadoop.hive.metastore.RawStoreProxy.invoke(RawStoreProxy.java:97)
	at com.sun.proxy.$Proxy32.commitTransaction(Unknown Source)
	at org.apache.hadoop.hive.metastore.HMSHandler.drop_database_core(HMSHandler.java:1790)
	at org.apache.hadoop.hive.metastore.HMSHandler.drop_database(HMSHandler.java:1869)
	at sun.reflect.GeneratedMethodAccessor54.invoke(Unknown Source)
	at sun.reflect.DelegatingMethodAccessorImpl.invoke(DelegatingMethodAccessorImpl.java:43)
	at java.lang.reflect.Method.invoke(Method.java:498)
	at org.apache.hadoop.hive.metastore.RetryingHMSHandler.invokeInternal(RetryingHMSHandler.java:147)
	at org.apache.hadoop.hive.metastore.RetryingHMSHandler.invoke(RetryingHMSHandler.java:108)
	at com.sun.proxy.$Proxy35.drop_database(Unknown Source)
	at org.apache.hadoop.hive.metastore.HiveMetaStoreClient.dropDatabaseCascadePerDb(HiveMetaStoreClient.java:1601)
	at org.apache.hadoop.hive.metastore.HiveMetaStoreClient.dropDatabase(HiveMetaStoreClient.java:1532)
	at org.apache.hadoop.hive.metastore.HiveMetaStoreClient.dropDatabase(HiveMetaStoreClient.java:1485)
	at sun.reflect.NativeMethodAccessorImpl.invoke0(Native Method)
	at sun.reflect.NativeMethodAccessorImpl.invoke(NativeMethodAccessorImpl.java:62)
	at sun.reflect.DelegatingMethodAccessorImpl.invoke(DelegatingMethodAccessorImpl.java:43)
	at java.lang.reflect.Method.invoke(Method.java:498)
	at org.apache.hadoop.hive.metastore.RetryingMetaStoreClient.invoke(RetryingMetaStoreClient.java:218)
	at com.sun.proxy.$Proxy45.dropDatabase(Unknown Source)
	at org.apache.hadoop.hive.ql.metadata.Hive.dropDatabase(Hive.java:662)
	at org.apache.hadoop.hive.ql.ddl.database.drop.DropDatabaseOperation.execute(DropDatabaseOperation.java:52)
	at org.apache.hadoop.hive.ql.ddl.DDLTask.execute(DDLTask.java:84)
	at org.apache.hadoop.hive.ql.exec.Task.executeTask(Task.java:212)
	at org.apache.hadoop.hive.ql.exec.TaskRunner.runSequential(TaskRunner.java:105)
	at org.apache.hadoop.hive.ql.Executor.launchTask(Executor.java:361)
	at org.apache.hadoop.hive.ql.Executor.launchTasks(Executor.java:334)
	at org.apache.hadoop.hive.ql.Executor.runTasks(Executor.java:245)
	at org.apache.hadoop.hive.ql.Executor.execute(Executor.java:108)
	at org.apache.hadoop.hive.ql.Driver.execute(Driver.java:348)
	at org.apache.hadoop.hive.ql.Driver.runInternal(Driver.java:204)
	at org.apache.hadoop.hive.ql.Driver.run(Driver.java:153)
	at org.apache.hadoop.hive.ql.Driver.run(Driver.java:148)
	at org.apache.hadoop.hive.ql.reexec.ReExecDriver.run(ReExecDriver.java:164)
	at org.apache.hadoop.hive.ql.reexec.ReExecDriver.run(ReExecDriver.java:230)
	at org.apache.hive.hcatalog.pig.AbstractHCatLoaderTest.executeStatementOnDriver(AbstractHCatLoaderTest.java:151)
	at org.apache.hive.hcatalog.pig.AbstractHCatLoaderTest.tearDown(AbstractHCatLoaderTest.java:239)
	at sun.reflect.NativeMethodAccessorImpl.invoke0(Native Method)
	at sun.reflect.NativeMethodAccessorImpl.invoke(NativeMethodAccessorImpl.java:62)
	at sun.reflect.DelegatingMethodAccessorImpl.invoke(DelegatingMethodAccessorImpl.java:43)
	at java.lang.reflect.Method.invoke(Method.java:498)
	at org.junit.runners.model.FrameworkMethod$1.runReflectiveCall(FrameworkMethod.java:59)
	at org.junit.internal.runners.model.ReflectiveCallable.run(ReflectiveCallable.java:12)
	at org.junit.runners.model.FrameworkMethod.invokeExplosively(FrameworkMethod.java:56)
	at org.junit.internal.runners.statements.RunAfters.invokeMethod(RunAfters.java:46)
	at org.junit.internal.runners.statements.RunAfters.evaluate(RunAfters.java:33)
	at org.junit.runners.ParentRunner$3.evaluate(ParentRunner.java:306)
	at org.junit.runners.BlockJUnit4ClassRunner$1.evaluate(BlockJUnit4ClassRunner.java:100)
	at org.junit.runners.ParentRunner.runLeaf(ParentRunner.java:366)
	at org.junit.runners.BlockJUnit4ClassRunner.runChild(BlockJUnit4ClassRunner.java:103)
	at org.junit.runners.BlockJUnit4ClassRunner.runChild(BlockJUnit4ClassRunner.java:63)
	at org.junit.runners.ParentRunner$4.run(ParentRunner.java:331)
	at org.junit.runners.ParentRunner$1.schedule(ParentRunner.java:79)
	at org.junit.runners.ParentRunner.runChildren(ParentRunner.java:329)
	at org.junit.runners.ParentRunner.access$100(ParentRunner.java:66)
	at org.junit.runners.ParentRunner$2.evaluate(ParentRunner.java:293)
	at org.junit.internal.runners.statements.RunBefores.evaluate(RunBefores.java:26)
	at org.junit.runners.ParentRunner$3.evaluate(ParentRunner.java:306)
	at org.junit.runners.ParentRunner.run(ParentRunner.java:413)
	at org.junit.runners.Suite.runChild(Suite.java:128)
	at org.junit.runners.Suite.runChild(Suite.java:27)
	at org.junit.runners.ParentRunner$4.run(ParentRunner.java:331)
	at org.junit.runners.ParentRunner$1.schedule(ParentRunner.java:79)
	at org.junit.runners.ParentRunner.runChildren(ParentRunner.java:329)
	at org.junit.runners.ParentRunner.access$100(ParentRunner.java:66)
	at org.junit.runners.ParentRunner$2.evaluate(ParentRunner.java:293)
	at org.junit.runners.ParentRunner$3.evaluate(ParentRunner.java:306)
	at org.junit.runners.ParentRunner.run(ParentRunner.java:413)
	at org.apache.maven.surefire.junitcore.JUnitCore.run(JUnitCore.java:55)
	at org.apache.maven.surefire.junitcore.JUnitCoreWrapper.createRequestAndRun(JUnitCoreWrapper.java:137)
	at org.apache.maven.surefire.junitcore.JUnitCoreWrapper.executeEager(JUnitCoreWrapper.java:107)
	at org.apache.maven.surefire.junitcore.JUnitCoreWrapper.execute(JUnitCoreWrapper.java:83)
	at org.apache.maven.surefire.junitcore.JUnitCoreWrapper.execute(JUnitCoreWrapper.java:75)
	at org.apache.maven.surefire.junitcore.JUnitCoreProvider.invoke(JUnitCoreProvider.java:158)
	at org.apache.maven.surefire.booter.ForkedBooter.runSuitesInProcess(ForkedBooter.java:377)
	at org.apache.maven.surefire.booter.ForkedBooter.execute(ForkedBooter.java:138)
	at org.apache.maven.surefire.booter.ForkedBooter.run(ForkedBooter.java:465)
	at org.apache.maven.surefire.booter.ForkedBooter.main(ForkedBooter.java:451)
NestedThrowablesStackTrace:
java.sql.BatchUpdateException: DELETE on table 'DBS' caused a violation of foreign key constraint 'TBLS_FK1' for key (4).  The statement has been rolled back.
	at org.apache.derby.impl.jdbc.EmbedStatement.executeLargeBatch(Unknown Source)
	at org.apache.derby.impl.jdbc.EmbedStatement.executeBatch(Unknown Source)
	at com.zaxxer.hikari.pool.ProxyStatement.executeBatch(ProxyStatement.java:128)
	at com.zaxxer.hikari.pool.HikariProxyPreparedStatement.executeBatch(HikariProxyPreparedStatement.java)
	at org.datanucleus.store.rdbms.ParamLoggingPreparedStatement.executeBatch(ParamLoggingPreparedStatement.java:366)
	at org.datanucleus.store.rdbms.SQLController.processConnectionStatement(SQLController.java:675)
	at org.datanucleus.store.rdbms.SQLController.processStatementsForConnection(SQLController.java:643)
	at org.datanucleus.store.rdbms.SQLController$1.transactionFlushed(SQLController.java:729)
	at org.datanucleus.store.connection.AbstractManagedConnection.transactionFlushed(AbstractManagedConnection.java:95)
	at org.datanucleus.store.connection.ConnectionManagerImpl$2.transactionFlushed(ConnectionManagerImpl.java:528)
	at org.datanucleus.TransactionImpl.flush(TransactionImpl.java:222)
	at org.datanucleus.TransactionImpl.commit(TransactionImpl.java:286)
	at org.datanucleus.api.jdo.JDOTransaction.commit(JDOTransaction.java:99)
	at org.apache.hadoop.hive.metastore.ObjectStore.commitTransaction(ObjectStore.java:615)
	at sun.reflect.GeneratedMethodAccessor31.invoke(Unknown Source)
	at sun.reflect.DelegatingMethodAccessorImpl.invoke(DelegatingMethodAccessorImpl.java:43)
	at java.lang.reflect.Method.invoke(Method.java:498)
	at org.apache.hadoop.hive.metastore.RawStoreProxy.invoke(RawStoreProxy.java:97)
	at com.sun.proxy.$Proxy32.commitTransaction(Unknown Source)
	at org.apache.hadoop.hive.metastore.HMSHandler.drop_database_core(HMSHandler.java:1790)
	at org.apache.hadoop.hive.metastore.HMSHandler.drop_database(HMSHandler.java:1869)
	at sun.reflect.GeneratedMethodAccessor54.invoke(Unknown Source)
	at sun.reflect.DelegatingMethodAccessorImpl.invoke(DelegatingMethodAccessorImpl.java:43)
	at java.lang.reflect.Method.invoke(Method.java:498)
	at org.apache.hadoop.hive.metastore.RetryingHMSHandler.invokeInternal(RetryingHMSHandler.java:147)
	at org.apache.hadoop.hive.metastore.RetryingHMSHandler.invoke(RetryingHMSHandler.java:108)
	at com.sun.proxy.$Proxy35.drop_database(Unknown Source)
	at org.apache.hadoop.hive.metastore.HiveMetaStoreClient.dropDatabaseCascadePerDb(HiveMetaStoreClient.java:1601)
	at org.apache.hadoop.hive.metastore.HiveMetaStoreClient.dropDatabase(HiveMetaStoreClient.java:1532)
	at org.apache.hadoop.hive.metastore.HiveMetaStoreClient.dropDatabase(HiveMetaStoreClient.java:1485)
	at sun.reflect.NativeMethodAccessorImpl.invoke0(Native Method)
	at sun.reflect.NativeMethodAccessorImpl.invoke(NativeMethodAccessorImpl.java:62)
	at sun.reflect.DelegatingMethodAccessorImpl.invoke(DelegatingMethodAccessorImpl.java:43)
	at java.lang.reflect.Method.invoke(Method.java:498)
	at org.apache.hadoop.hive.metastore.RetryingMetaStoreClient.invoke(RetryingMetaStoreClient.java:218)
	at com.sun.proxy.$Proxy45.dropDatabase(Unknown Source)
	at org.apache.hadoop.hive.ql.metadata.Hive.dropDatabase(Hive.java:662)
	at org.apache.hadoop.hive.ql.ddl.database.drop.DropDatabaseOperation.execute(DropDatabaseOperation.java:52)
	at org.apache.hadoop.hive.ql.ddl.DDLTask.execute(DDLTask.java:84)
	at org.apache.hadoop.hive.ql.exec.Task.executeTask(Task.java:212)
	at org.apache.hadoop.hive.ql.exec.TaskRunner.runSequential(TaskRunner.java:105)
	at org.apache.hadoop.hive.ql.Executor.launchTask(Executor.java:361)
	at org.apache.hadoop.hive.ql.Executor.launchTasks(Executor.java:334)
	at org.apache.hadoop.hive.ql.Executor.runTasks(Executor.java:245)
	at org.apache.hadoop.hive.ql.Executor.execute(Executor.java:108)
	at org.apache.hadoop.hive.ql.Driver.execute(Driver.java:348)
	at org.apache.hadoop.hive.ql.Driver.runInternal(Driver.java:204)
	at org.apache.hadoop.hive.ql.Driver.run(Driver.java:153)
	at org.apache.hadoop.hive.ql.Driver.run(Driver.java:148)
	at org.apache.hadoop.hive.ql.reexec.ReExecDriver.run(ReExecDriver.java:164)
	at org.apache.hadoop.hive.ql.reexec.ReExecDriver.run(ReExecDriver.java:230)
	at org.apache.hive.hcatalog.pig.AbstractHCatLoaderTest.executeStatementOnDriver(AbstractHCatLoaderTest.java:151)
	at org.apache.hive.hcatalog.pig.AbstractHCatLoaderTest.tearDown(AbstractHCatLoaderTest.java:239)
	at sun.reflect.NativeMethodAccessorImpl.invoke0(Native Method)
	at sun.reflect.NativeMethodAccessorImpl.invoke(NativeMethodAccessorImpl.java:62)
	at sun.reflect.DelegatingMethodAccessorImpl.invoke(DelegatingMethodAccessorImpl.java:43)
	at java.lang.reflect.Method.invoke(Method.java:498)
	at org.junit.runners.model.FrameworkMethod$1.runReflectiveCall(FrameworkMethod.java:59)
	at org.junit.internal.runners.model.ReflectiveCallable.run(ReflectiveCallable.java:12)
	at org.junit.runners.model.FrameworkMethod.invokeExplosively(FrameworkMethod.java:56)
	at org.junit.internal.runners.statements.RunAfters.invokeMethod(RunAfters.java:46)
	at org.junit.internal.runners.statements.RunAfters.evaluate(RunAfters.java:33)
	at org.junit.runners.ParentRunner$3.evaluate(ParentRunner.java:306)
	at org.junit.runners.BlockJUnit4ClassRunner$1.evaluate(BlockJUnit4ClassRunner.java:100)
	at org.junit.runners.ParentRunner.runLeaf(ParentRunner.java:366)
	at org.junit.runners.BlockJUnit4ClassRunner.runChild(BlockJUnit4ClassRunner.java:103)
	at org.junit.runners.BlockJUnit4ClassRunner.runChild(BlockJUnit4ClassRunner.java:63)
	at org.junit.runners.ParentRunner$4.run(ParentRunner.java:331)
	at org.junit.runners.ParentRunner$1.schedule(ParentRunner.java:79)
	at org.junit.runners.ParentRunner.runChildren(ParentRunner.java:329)
	at org.junit.runners.ParentRunner.access$100(ParentRunner.java:66)
	at org.junit.runners.ParentRunner$2.evaluate(ParentRunner.java:293)
	at org.junit.internal.runners.statements.RunBefores.evaluate(RunBefores.java:26)
	at org.junit.runners.ParentRunner$3.evaluate(ParentRunner.java:306)
	at org.junit.runners.ParentRunner.run(ParentRunner.java:413)
	at org.junit.runners.Suite.runChild(Suite.java:128)
	at org.junit.runners.Suite.runChild(Suite.java:27)
	at org.junit.runners.ParentRunner$4.run(ParentRunner.java:331)
	at org.junit.runners.ParentRunner$1.schedule(ParentRunner.java:79)
	at org.junit.runners.ParentRunner.runChildren(ParentRunner.java:329)
	at org.junit.runners.ParentRunner.access$100(ParentRunner.java:66)
	at org.junit.runners.ParentRunner$2.evaluate(ParentRunner.java:293)
	at org.junit.runners.ParentRunner$3.evaluate(ParentRunner.java:306)
	at org.junit.runners.ParentRunner.run(ParentRunner.java:413)
	at org.apache.maven.surefire.junitcore.JUnitCore.run(JUnitCore.java:55)
	at org.apache.maven.surefire.junitcore.JUnitCoreWrapper.createRequestAndRun(JUnitCoreWrapper.java:137)
	at org.apache.maven.surefire.junitcore.JUnitCoreWrapper.executeEager(JUnitCoreWrapper.java:107)
	at org.apache.maven.surefire.junitcore.JUnitCoreWrapper.execute(JUnitCoreWrapper.java:83)
	at org.apache.maven.surefire.junitcore.JUnitCoreWrapper.execute(JUnitCoreWrapper.java:75)
	at org.apache.maven.surefire.junitcore.JUnitCoreProvider.invoke(JUnitCoreProvider.java:158)
	at org.apache.maven.surefire.booter.ForkedBooter.runSuitesInProcess(ForkedBooter.java:377)
	at org.apache.maven.surefire.booter.ForkedBooter.execute(ForkedBooter.java:138)
	at org.apache.maven.surefire.booter.ForkedBooter.run(ForkedBooter.java:465)
	at org.apache.maven.surefire.booter.ForkedBooter.main(ForkedBooter.java:451)
Caused by: org.apache.derby.shared.common.error.DerbySQLIntegrityConstraintViolationException: DELETE on table 'DBS' caused a violation of foreign key constraint 'TBLS_FK1' for key (4).  The statement has been rolled back.
	at org.apache.derby.impl.jdbc.SQLExceptionFactory.getSQLException(Unknown Source)
	at org.apache.derby.impl.jdbc.Util.generateCsSQLException(Unknown Source)
	at org.apache.derby.impl.jdbc.TransactionResourceImpl.wrapInSQLException(Unknown Source)
	at org.apache.derby.impl.jdbc.TransactionResourceImpl.handleException(Unknown Source)
	at org.apache.derby.impl.jdbc.EmbedConnection.handleException(Unknown Source)
	at org.apache.derby.impl.jdbc.ConnectionChild.handleException(Unknown Source)
	at org.apache.derby.impl.jdbc.EmbedStatement.executeStatement(Unknown Source)
	at org.apache.derby.impl.jdbc.EmbedPreparedStatement.executeBatchElement(Unknown Source)
	... 94 more
Caused by: ERROR 23503: DELETE on table 'DBS' caused a violation of foreign key constraint 'TBLS_FK1' for key (4).  The statement has been rolled back.
	at org.apache.derby.iapi.error.StandardException.newException(Unknown Source)
	at org.apache.derby.iapi.error.StandardException.newException(Unknown Source)
	at org.apache.derby.impl.sql.execute.ReferencedKeyRIChecker.doCheck(Unknown Source)
	at org.apache.derby.impl.sql.execute.RISetChecker.doPKCheck(Unknown Source)
	at org.apache.derby.impl.sql.execute.DeleteResultSet.collectAffectedRows(Unknown Source)
	at org.apache.derby.impl.sql.execute.DeleteResultSet.open(Unknown Source)
	at org.apache.derby.impl.sql.GenericPreparedStatement.executeStmt(Unknown Source)
	at org.apache.derby.impl.sql.GenericPreparedStatement.execute(Unknown Source)
	... 96 more

2024-04-24T11:30:09,069  INFO [main] HiveMetaStore.audit: ugi=alex	ip=unknown-ip-addr	cmd=drop_database: @hive#junit_specific_db	
2024-04-24T11:30:09,074  INFO [main] HiveMetaStore.audit: ugi=alex	ip=unknown-ip-addr	cmd=get_all_tables: db=@hive#junit_specific_db	
2024-04-24T11:30:09,078  INFO [main] HiveMetaStore.audit: ugi=alex	ip=unknown-ip-addr	cmd=get_functions: db=@hive#junit_specific_db pat=*	
2024-04-24T11:30:09,085  INFO [main] HiveMetaStore.audit: ugi=alex	ip=unknown-ip-addr	cmd=get_all_stored_procedures	
2024-04-24T11:30:09,088  INFO [main] HiveMetaStore.audit: ugi=alex	ip=unknown-ip-addr	cmd=get_all_packages	
2024-04-24T11:30:09,089  INFO [main] HiveMetaStore.audit: ugi=alex	ip=unknown-ip-addr	cmd=getTablesByTypeCore: catName=hive: db=junit_specific_db pat=.*,type=MATERIALIZED_VIEW	
2024-04-24T11:30:09,094  INFO [main] metastore.ObjectStore: Dropping database hive.junit_specific_db along with all tables
2024-04-24T11:30:09,100  INFO [main] txn.TxnHandler: Non-retryable error in cleanupRecords : Table/View 'TXN_COMPONENTS' does not exist. (SQLState=42X05, ErrorCode=20000)
2024-04-24T11:30:09,100  WARN [main] txn.TxnHandler: Cannot perform cleanup since metastore table does not exist
2024-04-24T11:30:09,101 ERROR [main] metastore.RetryingHMSHandler: Retrying HMSHandler after 2000 ms (attempt 10 of 10) with error: javax.jdo.JDODataStoreException: Exception thrown flushing changes to datastore
	at org.datanucleus.api.jdo.NucleusJDOHelper.getJDOExceptionForNucleusException(NucleusJDOHelper.java:542)
	at org.datanucleus.api.jdo.JDOTransaction.commit(JDOTransaction.java:162)
	at org.apache.hadoop.hive.metastore.ObjectStore.commitTransaction(ObjectStore.java:615)
	at sun.reflect.GeneratedMethodAccessor31.invoke(Unknown Source)
	at sun.reflect.DelegatingMethodAccessorImpl.invoke(DelegatingMethodAccessorImpl.java:43)
	at java.lang.reflect.Method.invoke(Method.java:498)
	at org.apache.hadoop.hive.metastore.RawStoreProxy.invoke(RawStoreProxy.java:97)
	at com.sun.proxy.$Proxy32.commitTransaction(Unknown Source)
	at org.apache.hadoop.hive.metastore.HMSHandler.drop_database_core(HMSHandler.java:1790)
	at org.apache.hadoop.hive.metastore.HMSHandler.drop_database(HMSHandler.java:1869)
	at sun.reflect.GeneratedMethodAccessor54.invoke(Unknown Source)
	at sun.reflect.DelegatingMethodAccessorImpl.invoke(DelegatingMethodAccessorImpl.java:43)
	at java.lang.reflect.Method.invoke(Method.java:498)
	at org.apache.hadoop.hive.metastore.RetryingHMSHandler.invokeInternal(RetryingHMSHandler.java:147)
	at org.apache.hadoop.hive.metastore.RetryingHMSHandler.invoke(RetryingHMSHandler.java:108)
	at com.sun.proxy.$Proxy35.drop_database(Unknown Source)
	at org.apache.hadoop.hive.metastore.HiveMetaStoreClient.dropDatabaseCascadePerDb(HiveMetaStoreClient.java:1601)
	at org.apache.hadoop.hive.metastore.HiveMetaStoreClient.dropDatabase(HiveMetaStoreClient.java:1532)
	at org.apache.hadoop.hive.metastore.HiveMetaStoreClient.dropDatabase(HiveMetaStoreClient.java:1485)
	at sun.reflect.NativeMethodAccessorImpl.invoke0(Native Method)
	at sun.reflect.NativeMethodAccessorImpl.invoke(NativeMethodAccessorImpl.java:62)
	at sun.reflect.DelegatingMethodAccessorImpl.invoke(DelegatingMethodAccessorImpl.java:43)
	at java.lang.reflect.Method.invoke(Method.java:498)
	at org.apache.hadoop.hive.metastore.RetryingMetaStoreClient.invoke(RetryingMetaStoreClient.java:218)
	at com.sun.proxy.$Proxy45.dropDatabase(Unknown Source)
	at org.apache.hadoop.hive.ql.metadata.Hive.dropDatabase(Hive.java:662)
	at org.apache.hadoop.hive.ql.ddl.database.drop.DropDatabaseOperation.execute(DropDatabaseOperation.java:52)
	at org.apache.hadoop.hive.ql.ddl.DDLTask.execute(DDLTask.java:84)
	at org.apache.hadoop.hive.ql.exec.Task.executeTask(Task.java:212)
	at org.apache.hadoop.hive.ql.exec.TaskRunner.runSequential(TaskRunner.java:105)
	at org.apache.hadoop.hive.ql.Executor.launchTask(Executor.java:361)
	at org.apache.hadoop.hive.ql.Executor.launchTasks(Executor.java:334)
	at org.apache.hadoop.hive.ql.Executor.runTasks(Executor.java:245)
	at org.apache.hadoop.hive.ql.Executor.execute(Executor.java:108)
	at org.apache.hadoop.hive.ql.Driver.execute(Driver.java:348)
	at org.apache.hadoop.hive.ql.Driver.runInternal(Driver.java:204)
	at org.apache.hadoop.hive.ql.Driver.run(Driver.java:153)
	at org.apache.hadoop.hive.ql.Driver.run(Driver.java:148)
	at org.apache.hadoop.hive.ql.reexec.ReExecDriver.run(ReExecDriver.java:164)
	at org.apache.hadoop.hive.ql.reexec.ReExecDriver.run(ReExecDriver.java:230)
	at org.apache.hive.hcatalog.pig.AbstractHCatLoaderTest.executeStatementOnDriver(AbstractHCatLoaderTest.java:151)
	at org.apache.hive.hcatalog.pig.AbstractHCatLoaderTest.tearDown(AbstractHCatLoaderTest.java:239)
	at sun.reflect.NativeMethodAccessorImpl.invoke0(Native Method)
	at sun.reflect.NativeMethodAccessorImpl.invoke(NativeMethodAccessorImpl.java:62)
	at sun.reflect.DelegatingMethodAccessorImpl.invoke(DelegatingMethodAccessorImpl.java:43)
	at java.lang.reflect.Method.invoke(Method.java:498)
	at org.junit.runners.model.FrameworkMethod$1.runReflectiveCall(FrameworkMethod.java:59)
	at org.junit.internal.runners.model.ReflectiveCallable.run(ReflectiveCallable.java:12)
	at org.junit.runners.model.FrameworkMethod.invokeExplosively(FrameworkMethod.java:56)
	at org.junit.internal.runners.statements.RunAfters.invokeMethod(RunAfters.java:46)
	at org.junit.internal.runners.statements.RunAfters.evaluate(RunAfters.java:33)
	at org.junit.runners.ParentRunner$3.evaluate(ParentRunner.java:306)
	at org.junit.runners.BlockJUnit4ClassRunner$1.evaluate(BlockJUnit4ClassRunner.java:100)
	at org.junit.runners.ParentRunner.runLeaf(ParentRunner.java:366)
	at org.junit.runners.BlockJUnit4ClassRunner.runChild(BlockJUnit4ClassRunner.java:103)
	at org.junit.runners.BlockJUnit4ClassRunner.runChild(BlockJUnit4ClassRunner.java:63)
	at org.junit.runners.ParentRunner$4.run(ParentRunner.java:331)
	at org.junit.runners.ParentRunner$1.schedule(ParentRunner.java:79)
	at org.junit.runners.ParentRunner.runChildren(ParentRunner.java:329)
	at org.junit.runners.ParentRunner.access$100(ParentRunner.java:66)
	at org.junit.runners.ParentRunner$2.evaluate(ParentRunner.java:293)
	at org.junit.internal.runners.statements.RunBefores.evaluate(RunBefores.java:26)
	at org.junit.runners.ParentRunner$3.evaluate(ParentRunner.java:306)
	at org.junit.runners.ParentRunner.run(ParentRunner.java:413)
	at org.junit.runners.Suite.runChild(Suite.java:128)
	at org.junit.runners.Suite.runChild(Suite.java:27)
	at org.junit.runners.ParentRunner$4.run(ParentRunner.java:331)
	at org.junit.runners.ParentRunner$1.schedule(ParentRunner.java:79)
	at org.junit.runners.ParentRunner.runChildren(ParentRunner.java:329)
	at org.junit.runners.ParentRunner.access$100(ParentRunner.java:66)
	at org.junit.runners.ParentRunner$2.evaluate(ParentRunner.java:293)
	at org.junit.runners.ParentRunner$3.evaluate(ParentRunner.java:306)
	at org.junit.runners.ParentRunner.run(ParentRunner.java:413)
	at org.apache.maven.surefire.junitcore.JUnitCore.run(JUnitCore.java:55)
	at org.apache.maven.surefire.junitcore.JUnitCoreWrapper.createRequestAndRun(JUnitCoreWrapper.java:137)
	at org.apache.maven.surefire.junitcore.JUnitCoreWrapper.executeEager(JUnitCoreWrapper.java:107)
	at org.apache.maven.surefire.junitcore.JUnitCoreWrapper.execute(JUnitCoreWrapper.java:83)
	at org.apache.maven.surefire.junitcore.JUnitCoreWrapper.execute(JUnitCoreWrapper.java:75)
	at org.apache.maven.surefire.junitcore.JUnitCoreProvider.invoke(JUnitCoreProvider.java:158)
	at org.apache.maven.surefire.booter.ForkedBooter.runSuitesInProcess(ForkedBooter.java:377)
	at org.apache.maven.surefire.booter.ForkedBooter.execute(ForkedBooter.java:138)
	at org.apache.maven.surefire.booter.ForkedBooter.run(ForkedBooter.java:465)
	at org.apache.maven.surefire.booter.ForkedBooter.main(ForkedBooter.java:451)
NestedThrowablesStackTrace:
java.sql.BatchUpdateException: DELETE on table 'DBS' caused a violation of foreign key constraint 'TBLS_FK1' for key (4).  The statement has been rolled back.
	at org.apache.derby.impl.jdbc.EmbedStatement.executeLargeBatch(Unknown Source)
	at org.apache.derby.impl.jdbc.EmbedStatement.executeBatch(Unknown Source)
	at com.zaxxer.hikari.pool.ProxyStatement.executeBatch(ProxyStatement.java:128)
	at com.zaxxer.hikari.pool.HikariProxyPreparedStatement.executeBatch(HikariProxyPreparedStatement.java)
	at org.datanucleus.store.rdbms.ParamLoggingPreparedStatement.executeBatch(ParamLoggingPreparedStatement.java:366)
	at org.datanucleus.store.rdbms.SQLController.processConnectionStatement(SQLController.java:675)
	at org.datanucleus.store.rdbms.SQLController.processStatementsForConnection(SQLController.java:643)
	at org.datanucleus.store.rdbms.SQLController$1.transactionFlushed(SQLController.java:729)
	at org.datanucleus.store.connection.AbstractManagedConnection.transactionFlushed(AbstractManagedConnection.java:95)
	at org.datanucleus.store.connection.ConnectionManagerImpl$2.transactionFlushed(ConnectionManagerImpl.java:528)
	at org.datanucleus.TransactionImpl.flush(TransactionImpl.java:222)
	at org.datanucleus.TransactionImpl.commit(TransactionImpl.java:286)
	at org.datanucleus.api.jdo.JDOTransaction.commit(JDOTransaction.java:99)
	at org.apache.hadoop.hive.metastore.ObjectStore.commitTransaction(ObjectStore.java:615)
	at sun.reflect.GeneratedMethodAccessor31.invoke(Unknown Source)
	at sun.reflect.DelegatingMethodAccessorImpl.invoke(DelegatingMethodAccessorImpl.java:43)
	at java.lang.reflect.Method.invoke(Method.java:498)
	at org.apache.hadoop.hive.metastore.RawStoreProxy.invoke(RawStoreProxy.java:97)
	at com.sun.proxy.$Proxy32.commitTransaction(Unknown Source)
	at org.apache.hadoop.hive.metastore.HMSHandler.drop_database_core(HMSHandler.java:1790)
	at org.apache.hadoop.hive.metastore.HMSHandler.drop_database(HMSHandler.java:1869)
	at sun.reflect.GeneratedMethodAccessor54.invoke(Unknown Source)
	at sun.reflect.DelegatingMethodAccessorImpl.invoke(DelegatingMethodAccessorImpl.java:43)
	at java.lang.reflect.Method.invoke(Method.java:498)
	at org.apache.hadoop.hive.metastore.RetryingHMSHandler.invokeInternal(RetryingHMSHandler.java:147)
	at org.apache.hadoop.hive.metastore.RetryingHMSHandler.invoke(RetryingHMSHandler.java:108)
	at com.sun.proxy.$Proxy35.drop_database(Unknown Source)
	at org.apache.hadoop.hive.metastore.HiveMetaStoreClient.dropDatabaseCascadePerDb(HiveMetaStoreClient.java:1601)
	at org.apache.hadoop.hive.metastore.HiveMetaStoreClient.dropDatabase(HiveMetaStoreClient.java:1532)
	at org.apache.hadoop.hive.metastore.HiveMetaStoreClient.dropDatabase(HiveMetaStoreClient.java:1485)
	at sun.reflect.NativeMethodAccessorImpl.invoke0(Native Method)
	at sun.reflect.NativeMethodAccessorImpl.invoke(NativeMethodAccessorImpl.java:62)
	at sun.reflect.DelegatingMethodAccessorImpl.invoke(DelegatingMethodAccessorImpl.java:43)
	at java.lang.reflect.Method.invoke(Method.java:498)
	at org.apache.hadoop.hive.metastore.RetryingMetaStoreClient.invoke(RetryingMetaStoreClient.java:218)
	at com.sun.proxy.$Proxy45.dropDatabase(Unknown Source)
	at org.apache.hadoop.hive.ql.metadata.Hive.dropDatabase(Hive.java:662)
	at org.apache.hadoop.hive.ql.ddl.database.drop.DropDatabaseOperation.execute(DropDatabaseOperation.java:52)
	at org.apache.hadoop.hive.ql.ddl.DDLTask.execute(DDLTask.java:84)
	at org.apache.hadoop.hive.ql.exec.Task.executeTask(Task.java:212)
	at org.apache.hadoop.hive.ql.exec.TaskRunner.runSequential(TaskRunner.java:105)
	at org.apache.hadoop.hive.ql.Executor.launchTask(Executor.java:361)
	at org.apache.hadoop.hive.ql.Executor.launchTasks(Executor.java:334)
	at org.apache.hadoop.hive.ql.Executor.runTasks(Executor.java:245)
	at org.apache.hadoop.hive.ql.Executor.execute(Executor.java:108)
	at org.apache.hadoop.hive.ql.Driver.execute(Driver.java:348)
	at org.apache.hadoop.hive.ql.Driver.runInternal(Driver.java:204)
	at org.apache.hadoop.hive.ql.Driver.run(Driver.java:153)
	at org.apache.hadoop.hive.ql.Driver.run(Driver.java:148)
	at org.apache.hadoop.hive.ql.reexec.ReExecDriver.run(ReExecDriver.java:164)
	at org.apache.hadoop.hive.ql.reexec.ReExecDriver.run(ReExecDriver.java:230)
	at org.apache.hive.hcatalog.pig.AbstractHCatLoaderTest.executeStatementOnDriver(AbstractHCatLoaderTest.java:151)
	at org.apache.hive.hcatalog.pig.AbstractHCatLoaderTest.tearDown(AbstractHCatLoaderTest.java:239)
	at sun.reflect.NativeMethodAccessorImpl.invoke0(Native Method)
	at sun.reflect.NativeMethodAccessorImpl.invoke(NativeMethodAccessorImpl.java:62)
	at sun.reflect.DelegatingMethodAccessorImpl.invoke(DelegatingMethodAccessorImpl.java:43)
	at java.lang.reflect.Method.invoke(Method.java:498)
	at org.junit.runners.model.FrameworkMethod$1.runReflectiveCall(FrameworkMethod.java:59)
	at org.junit.internal.runners.model.ReflectiveCallable.run(ReflectiveCallable.java:12)
	at org.junit.runners.model.FrameworkMethod.invokeExplosively(FrameworkMethod.java:56)
	at org.junit.internal.runners.statements.RunAfters.invokeMethod(RunAfters.java:46)
	at org.junit.internal.runners.statements.RunAfters.evaluate(RunAfters.java:33)
	at org.junit.runners.ParentRunner$3.evaluate(ParentRunner.java:306)
	at org.junit.runners.BlockJUnit4ClassRunner$1.evaluate(BlockJUnit4ClassRunner.java:100)
	at org.junit.runners.ParentRunner.runLeaf(ParentRunner.java:366)
	at org.junit.runners.BlockJUnit4ClassRunner.runChild(BlockJUnit4ClassRunner.java:103)
	at org.junit.runners.BlockJUnit4ClassRunner.runChild(BlockJUnit4ClassRunner.java:63)
	at org.junit.runners.ParentRunner$4.run(ParentRunner.java:331)
	at org.junit.runners.ParentRunner$1.schedule(ParentRunner.java:79)
	at org.junit.runners.ParentRunner.runChildren(ParentRunner.java:329)
	at org.junit.runners.ParentRunner.access$100(ParentRunner.java:66)
	at org.junit.runners.ParentRunner$2.evaluate(ParentRunner.java:293)
	at org.junit.internal.runners.statements.RunBefores.evaluate(RunBefores.java:26)
	at org.junit.runners.ParentRunner$3.evaluate(ParentRunner.java:306)
	at org.junit.runners.ParentRunner.run(ParentRunner.java:413)
	at org.junit.runners.Suite.runChild(Suite.java:128)
	at org.junit.runners.Suite.runChild(Suite.java:27)
	at org.junit.runners.ParentRunner$4.run(ParentRunner.java:331)
	at org.junit.runners.ParentRunner$1.schedule(ParentRunner.java:79)
	at org.junit.runners.ParentRunner.runChildren(ParentRunner.java:329)
	at org.junit.runners.ParentRunner.access$100(ParentRunner.java:66)
	at org.junit.runners.ParentRunner$2.evaluate(ParentRunner.java:293)
	at org.junit.runners.ParentRunner$3.evaluate(ParentRunner.java:306)
	at org.junit.runners.ParentRunner.run(ParentRunner.java:413)
	at org.apache.maven.surefire.junitcore.JUnitCore.run(JUnitCore.java:55)
	at org.apache.maven.surefire.junitcore.JUnitCoreWrapper.createRequestAndRun(JUnitCoreWrapper.java:137)
	at org.apache.maven.surefire.junitcore.JUnitCoreWrapper.executeEager(JUnitCoreWrapper.java:107)
	at org.apache.maven.surefire.junitcore.JUnitCoreWrapper.execute(JUnitCoreWrapper.java:83)
	at org.apache.maven.surefire.junitcore.JUnitCoreWrapper.execute(JUnitCoreWrapper.java:75)
	at org.apache.maven.surefire.junitcore.JUnitCoreProvider.invoke(JUnitCoreProvider.java:158)
	at org.apache.maven.surefire.booter.ForkedBooter.runSuitesInProcess(ForkedBooter.java:377)
	at org.apache.maven.surefire.booter.ForkedBooter.execute(ForkedBooter.java:138)
	at org.apache.maven.surefire.booter.ForkedBooter.run(ForkedBooter.java:465)
	at org.apache.maven.surefire.booter.ForkedBooter.main(ForkedBooter.java:451)
Caused by: org.apache.derby.shared.common.error.DerbySQLIntegrityConstraintViolationException: DELETE on table 'DBS' caused a violation of foreign key constraint 'TBLS_FK1' for key (4).  The statement has been rolled back.
	at org.apache.derby.impl.jdbc.SQLExceptionFactory.getSQLException(Unknown Source)
	at org.apache.derby.impl.jdbc.Util.generateCsSQLException(Unknown Source)
	at org.apache.derby.impl.jdbc.TransactionResourceImpl.wrapInSQLException(Unknown Source)
	at org.apache.derby.impl.jdbc.TransactionResourceImpl.handleException(Unknown Source)
	at org.apache.derby.impl.jdbc.EmbedConnection.handleException(Unknown Source)
	at org.apache.derby.impl.jdbc.ConnectionChild.handleException(Unknown Source)
	at org.apache.derby.impl.jdbc.EmbedStatement.executeStatement(Unknown Source)
	at org.apache.derby.impl.jdbc.EmbedPreparedStatement.executeBatchElement(Unknown Source)
	... 94 more
Caused by: ERROR 23503: DELETE on table 'DBS' caused a violation of foreign key constraint 'TBLS_FK1' for key (4).  The statement has been rolled back.
	at org.apache.derby.iapi.error.StandardException.newException(Unknown Source)
	at org.apache.derby.iapi.error.StandardException.newException(Unknown Source)
	at org.apache.derby.impl.sql.execute.ReferencedKeyRIChecker.doCheck(Unknown Source)
	at org.apache.derby.impl.sql.execute.RISetChecker.doPKCheck(Unknown Source)
	at org.apache.derby.impl.sql.execute.DeleteResultSet.collectAffectedRows(Unknown Source)
	at org.apache.derby.impl.sql.execute.DeleteResultSet.open(Unknown Source)
	at org.apache.derby.impl.sql.GenericPreparedStatement.executeStmt(Unknown Source)
	at org.apache.derby.impl.sql.GenericPreparedStatement.execute(Unknown Source)
	... 96 more

2024-04-24T11:30:11,103  INFO [main] HiveMetaStore.audit: ugi=alex	ip=unknown-ip-addr	cmd=drop_database: @hive#junit_specific_db	
2024-04-24T11:30:11,108  INFO [main] HiveMetaStore.audit: ugi=alex	ip=unknown-ip-addr	cmd=get_all_tables: db=@hive#junit_specific_db	
2024-04-24T11:30:11,109  INFO [main] HiveMetaStore.audit: ugi=alex	ip=unknown-ip-addr	cmd=get_functions: db=@hive#junit_specific_db pat=*	
2024-04-24T11:30:11,110  INFO [main] HiveMetaStore.audit: ugi=alex	ip=unknown-ip-addr	cmd=get_all_stored_procedures	
2024-04-24T11:30:11,112  INFO [main] HiveMetaStore.audit: ugi=alex	ip=unknown-ip-addr	cmd=get_all_packages	
2024-04-24T11:30:11,113  INFO [main] HiveMetaStore.audit: ugi=alex	ip=unknown-ip-addr	cmd=getTablesByTypeCore: catName=hive: db=junit_specific_db pat=.*,type=MATERIALIZED_VIEW	
2024-04-24T11:30:11,117  INFO [main] metastore.ObjectStore: Dropping database hive.junit_specific_db along with all tables
2024-04-24T11:30:11,124  INFO [main] txn.TxnHandler: Non-retryable error in cleanupRecords : Table/View 'TXN_COMPONENTS' does not exist. (SQLState=42X05, ErrorCode=20000)
2024-04-24T11:30:11,124  WARN [main] txn.TxnHandler: Cannot perform cleanup since metastore table does not exist
2024-04-24T11:30:11,125 ERROR [main] metastore.RetryingHMSHandler: HMSHandler Fatal error: javax.jdo.JDODataStoreException: Exception thrown flushing changes to datastore
	at org.datanucleus.api.jdo.NucleusJDOHelper.getJDOExceptionForNucleusException(NucleusJDOHelper.java:542)
	at org.datanucleus.api.jdo.JDOTransaction.commit(JDOTransaction.java:162)
	at org.apache.hadoop.hive.metastore.ObjectStore.commitTransaction(ObjectStore.java:615)
	at sun.reflect.GeneratedMethodAccessor31.invoke(Unknown Source)
	at sun.reflect.DelegatingMethodAccessorImpl.invoke(DelegatingMethodAccessorImpl.java:43)
	at java.lang.reflect.Method.invoke(Method.java:498)
	at org.apache.hadoop.hive.metastore.RawStoreProxy.invoke(RawStoreProxy.java:97)
	at com.sun.proxy.$Proxy32.commitTransaction(Unknown Source)
	at org.apache.hadoop.hive.metastore.HMSHandler.drop_database_core(HMSHandler.java:1790)
	at org.apache.hadoop.hive.metastore.HMSHandler.drop_database(HMSHandler.java:1869)
	at sun.reflect.GeneratedMethodAccessor54.invoke(Unknown Source)
	at sun.reflect.DelegatingMethodAccessorImpl.invoke(DelegatingMethodAccessorImpl.java:43)
	at java.lang.reflect.Method.invoke(Method.java:498)
	at org.apache.hadoop.hive.metastore.RetryingHMSHandler.invokeInternal(RetryingHMSHandler.java:147)
	at org.apache.hadoop.hive.metastore.RetryingHMSHandler.invoke(RetryingHMSHandler.java:108)
	at com.sun.proxy.$Proxy35.drop_database(Unknown Source)
	at org.apache.hadoop.hive.metastore.HiveMetaStoreClient.dropDatabaseCascadePerDb(HiveMetaStoreClient.java:1601)
	at org.apache.hadoop.hive.metastore.HiveMetaStoreClient.dropDatabase(HiveMetaStoreClient.java:1532)
	at org.apache.hadoop.hive.metastore.HiveMetaStoreClient.dropDatabase(HiveMetaStoreClient.java:1485)
	at sun.reflect.NativeMethodAccessorImpl.invoke0(Native Method)
	at sun.reflect.NativeMethodAccessorImpl.invoke(NativeMethodAccessorImpl.java:62)
	at sun.reflect.DelegatingMethodAccessorImpl.invoke(DelegatingMethodAccessorImpl.java:43)
	at java.lang.reflect.Method.invoke(Method.java:498)
	at org.apache.hadoop.hive.metastore.RetryingMetaStoreClient.invoke(RetryingMetaStoreClient.java:218)
	at com.sun.proxy.$Proxy45.dropDatabase(Unknown Source)
	at org.apache.hadoop.hive.ql.metadata.Hive.dropDatabase(Hive.java:662)
	at org.apache.hadoop.hive.ql.ddl.database.drop.DropDatabaseOperation.execute(DropDatabaseOperation.java:52)
	at org.apache.hadoop.hive.ql.ddl.DDLTask.execute(DDLTask.java:84)
	at org.apache.hadoop.hive.ql.exec.Task.executeTask(Task.java:212)
	at org.apache.hadoop.hive.ql.exec.TaskRunner.runSequential(TaskRunner.java:105)
	at org.apache.hadoop.hive.ql.Executor.launchTask(Executor.java:361)
	at org.apache.hadoop.hive.ql.Executor.launchTasks(Executor.java:334)
	at org.apache.hadoop.hive.ql.Executor.runTasks(Executor.java:245)
	at org.apache.hadoop.hive.ql.Executor.execute(Executor.java:108)
	at org.apache.hadoop.hive.ql.Driver.execute(Driver.java:348)
	at org.apache.hadoop.hive.ql.Driver.runInternal(Driver.java:204)
	at org.apache.hadoop.hive.ql.Driver.run(Driver.java:153)
	at org.apache.hadoop.hive.ql.Driver.run(Driver.java:148)
	at org.apache.hadoop.hive.ql.reexec.ReExecDriver.run(ReExecDriver.java:164)
	at org.apache.hadoop.hive.ql.reexec.ReExecDriver.run(ReExecDriver.java:230)
	at org.apache.hive.hcatalog.pig.AbstractHCatLoaderTest.executeStatementOnDriver(AbstractHCatLoaderTest.java:151)
	at org.apache.hive.hcatalog.pig.AbstractHCatLoaderTest.tearDown(AbstractHCatLoaderTest.java:239)
	at sun.reflect.NativeMethodAccessorImpl.invoke0(Native Method)
	at sun.reflect.NativeMethodAccessorImpl.invoke(NativeMethodAccessorImpl.java:62)
	at sun.reflect.DelegatingMethodAccessorImpl.invoke(DelegatingMethodAccessorImpl.java:43)
	at java.lang.reflect.Method.invoke(Method.java:498)
	at org.junit.runners.model.FrameworkMethod$1.runReflectiveCall(FrameworkMethod.java:59)
	at org.junit.internal.runners.model.ReflectiveCallable.run(ReflectiveCallable.java:12)
	at org.junit.runners.model.FrameworkMethod.invokeExplosively(FrameworkMethod.java:56)
	at org.junit.internal.runners.statements.RunAfters.invokeMethod(RunAfters.java:46)
	at org.junit.internal.runners.statements.RunAfters.evaluate(RunAfters.java:33)
	at org.junit.runners.ParentRunner$3.evaluate(ParentRunner.java:306)
	at org.junit.runners.BlockJUnit4ClassRunner$1.evaluate(BlockJUnit4ClassRunner.java:100)
	at org.junit.runners.ParentRunner.runLeaf(ParentRunner.java:366)
	at org.junit.runners.BlockJUnit4ClassRunner.runChild(BlockJUnit4ClassRunner.java:103)
	at org.junit.runners.BlockJUnit4ClassRunner.runChild(BlockJUnit4ClassRunner.java:63)
	at org.junit.runners.ParentRunner$4.run(ParentRunner.java:331)
	at org.junit.runners.ParentRunner$1.schedule(ParentRunner.java:79)
	at org.junit.runners.ParentRunner.runChildren(ParentRunner.java:329)
	at org.junit.runners.ParentRunner.access$100(ParentRunner.java:66)
	at org.junit.runners.ParentRunner$2.evaluate(ParentRunner.java:293)
	at org.junit.internal.runners.statements.RunBefores.evaluate(RunBefores.java:26)
	at org.junit.runners.ParentRunner$3.evaluate(ParentRunner.java:306)
	at org.junit.runners.ParentRunner.run(ParentRunner.java:413)
	at org.junit.runners.Suite.runChild(Suite.java:128)
	at org.junit.runners.Suite.runChild(Suite.java:27)
	at org.junit.runners.ParentRunner$4.run(ParentRunner.java:331)
	at org.junit.runners.ParentRunner$1.schedule(ParentRunner.java:79)
	at org.junit.runners.ParentRunner.runChildren(ParentRunner.java:329)
	at org.junit.runners.ParentRunner.access$100(ParentRunner.java:66)
	at org.junit.runners.ParentRunner$2.evaluate(ParentRunner.java:293)
	at org.junit.runners.ParentRunner$3.evaluate(ParentRunner.java:306)
	at org.junit.runners.ParentRunner.run(ParentRunner.java:413)
	at org.apache.maven.surefire.junitcore.JUnitCore.run(JUnitCore.java:55)
	at org.apache.maven.surefire.junitcore.JUnitCoreWrapper.createRequestAndRun(JUnitCoreWrapper.java:137)
	at org.apache.maven.surefire.junitcore.JUnitCoreWrapper.executeEager(JUnitCoreWrapper.java:107)
	at org.apache.maven.surefire.junitcore.JUnitCoreWrapper.execute(JUnitCoreWrapper.java:83)
	at org.apache.maven.surefire.junitcore.JUnitCoreWrapper.execute(JUnitCoreWrapper.java:75)
	at org.apache.maven.surefire.junitcore.JUnitCoreProvider.invoke(JUnitCoreProvider.java:158)
	at org.apache.maven.surefire.booter.ForkedBooter.runSuitesInProcess(ForkedBooter.java:377)
	at org.apache.maven.surefire.booter.ForkedBooter.execute(ForkedBooter.java:138)
	at org.apache.maven.surefire.booter.ForkedBooter.run(ForkedBooter.java:465)
	at org.apache.maven.surefire.booter.ForkedBooter.main(ForkedBooter.java:451)
NestedThrowablesStackTrace:
java.sql.BatchUpdateException: DELETE on table 'DBS' caused a violation of foreign key constraint 'TBLS_FK1' for key (4).  The statement has been rolled back.
	at org.apache.derby.impl.jdbc.EmbedStatement.executeLargeBatch(Unknown Source)
	at org.apache.derby.impl.jdbc.EmbedStatement.executeBatch(Unknown Source)
	at com.zaxxer.hikari.pool.ProxyStatement.executeBatch(ProxyStatement.java:128)
	at com.zaxxer.hikari.pool.HikariProxyPreparedStatement.executeBatch(HikariProxyPreparedStatement.java)
	at org.datanucleus.store.rdbms.ParamLoggingPreparedStatement.executeBatch(ParamLoggingPreparedStatement.java:366)
	at org.datanucleus.store.rdbms.SQLController.processConnectionStatement(SQLController.java:675)
	at org.datanucleus.store.rdbms.SQLController.processStatementsForConnection(SQLController.java:643)
	at org.datanucleus.store.rdbms.SQLController$1.transactionFlushed(SQLController.java:729)
	at org.datanucleus.store.connection.AbstractManagedConnection.transactionFlushed(AbstractManagedConnection.java:95)
	at org.datanucleus.store.connection.ConnectionManagerImpl$2.transactionFlushed(ConnectionManagerImpl.java:528)
	at org.datanucleus.TransactionImpl.flush(TransactionImpl.java:222)
	at org.datanucleus.TransactionImpl.commit(TransactionImpl.java:286)
	at org.datanucleus.api.jdo.JDOTransaction.commit(JDOTransaction.java:99)
	at org.apache.hadoop.hive.metastore.ObjectStore.commitTransaction(ObjectStore.java:615)
	at sun.reflect.GeneratedMethodAccessor31.invoke(Unknown Source)
	at sun.reflect.DelegatingMethodAccessorImpl.invoke(DelegatingMethodAccessorImpl.java:43)
	at java.lang.reflect.Method.invoke(Method.java:498)
	at org.apache.hadoop.hive.metastore.RawStoreProxy.invoke(RawStoreProxy.java:97)
	at com.sun.proxy.$Proxy32.commitTransaction(Unknown Source)
	at org.apache.hadoop.hive.metastore.HMSHandler.drop_database_core(HMSHandler.java:1790)
	at org.apache.hadoop.hive.metastore.HMSHandler.drop_database(HMSHandler.java:1869)
	at sun.reflect.GeneratedMethodAccessor54.invoke(Unknown Source)
	at sun.reflect.DelegatingMethodAccessorImpl.invoke(DelegatingMethodAccessorImpl.java:43)
	at java.lang.reflect.Method.invoke(Method.java:498)
	at org.apache.hadoop.hive.metastore.RetryingHMSHandler.invokeInternal(RetryingHMSHandler.java:147)
	at org.apache.hadoop.hive.metastore.RetryingHMSHandler.invoke(RetryingHMSHandler.java:108)
	at com.sun.proxy.$Proxy35.drop_database(Unknown Source)
	at org.apache.hadoop.hive.metastore.HiveMetaStoreClient.dropDatabaseCascadePerDb(HiveMetaStoreClient.java:1601)
	at org.apache.hadoop.hive.metastore.HiveMetaStoreClient.dropDatabase(HiveMetaStoreClient.java:1532)
	at org.apache.hadoop.hive.metastore.HiveMetaStoreClient.dropDatabase(HiveMetaStoreClient.java:1485)
	at sun.reflect.NativeMethodAccessorImpl.invoke0(Native Method)
	at sun.reflect.NativeMethodAccessorImpl.invoke(NativeMethodAccessorImpl.java:62)
	at sun.reflect.DelegatingMethodAccessorImpl.invoke(DelegatingMethodAccessorImpl.java:43)
	at java.lang.reflect.Method.invoke(Method.java:498)
	at org.apache.hadoop.hive.metastore.RetryingMetaStoreClient.invoke(RetryingMetaStoreClient.java:218)
	at com.sun.proxy.$Proxy45.dropDatabase(Unknown Source)
	at org.apache.hadoop.hive.ql.metadata.Hive.dropDatabase(Hive.java:662)
	at org.apache.hadoop.hive.ql.ddl.database.drop.DropDatabaseOperation.execute(DropDatabaseOperation.java:52)
	at org.apache.hadoop.hive.ql.ddl.DDLTask.execute(DDLTask.java:84)
	at org.apache.hadoop.hive.ql.exec.Task.executeTask(Task.java:212)
	at org.apache.hadoop.hive.ql.exec.TaskRunner.runSequential(TaskRunner.java:105)
	at org.apache.hadoop.hive.ql.Executor.launchTask(Executor.java:361)
	at org.apache.hadoop.hive.ql.Executor.launchTasks(Executor.java:334)
	at org.apache.hadoop.hive.ql.Executor.runTasks(Executor.java:245)
	at org.apache.hadoop.hive.ql.Executor.execute(Executor.java:108)
	at org.apache.hadoop.hive.ql.Driver.execute(Driver.java:348)
	at org.apache.hadoop.hive.ql.Driver.runInternal(Driver.java:204)
	at org.apache.hadoop.hive.ql.Driver.run(Driver.java:153)
	at org.apache.hadoop.hive.ql.Driver.run(Driver.java:148)
	at org.apache.hadoop.hive.ql.reexec.ReExecDriver.run(ReExecDriver.java:164)
	at org.apache.hadoop.hive.ql.reexec.ReExecDriver.run(ReExecDriver.java:230)
	at org.apache.hive.hcatalog.pig.AbstractHCatLoaderTest.executeStatementOnDriver(AbstractHCatLoaderTest.java:151)
	at org.apache.hive.hcatalog.pig.AbstractHCatLoaderTest.tearDown(AbstractHCatLoaderTest.java:239)
	at sun.reflect.NativeMethodAccessorImpl.invoke0(Native Method)
	at sun.reflect.NativeMethodAccessorImpl.invoke(NativeMethodAccessorImpl.java:62)
	at sun.reflect.DelegatingMethodAccessorImpl.invoke(DelegatingMethodAccessorImpl.java:43)
	at java.lang.reflect.Method.invoke(Method.java:498)
	at org.junit.runners.model.FrameworkMethod$1.runReflectiveCall(FrameworkMethod.java:59)
	at org.junit.internal.runners.model.ReflectiveCallable.run(ReflectiveCallable.java:12)
	at org.junit.runners.model.FrameworkMethod.invokeExplosively(FrameworkMethod.java:56)
	at org.junit.internal.runners.statements.RunAfters.invokeMethod(RunAfters.java:46)
	at org.junit.internal.runners.statements.RunAfters.evaluate(RunAfters.java:33)
	at org.junit.runners.ParentRunner$3.evaluate(ParentRunner.java:306)
	at org.junit.runners.BlockJUnit4ClassRunner$1.evaluate(BlockJUnit4ClassRunner.java:100)
	at org.junit.runners.ParentRunner.runLeaf(ParentRunner.java:366)
	at org.junit.runners.BlockJUnit4ClassRunner.runChild(BlockJUnit4ClassRunner.java:103)
	at org.junit.runners.BlockJUnit4ClassRunner.runChild(BlockJUnit4ClassRunner.java:63)
	at org.junit.runners.ParentRunner$4.run(ParentRunner.java:331)
	at org.junit.runners.ParentRunner$1.schedule(ParentRunner.java:79)
	at org.junit.runners.ParentRunner.runChildren(ParentRunner.java:329)
	at org.junit.runners.ParentRunner.access$100(ParentRunner.java:66)
	at org.junit.runners.ParentRunner$2.evaluate(ParentRunner.java:293)
	at org.junit.internal.runners.statements.RunBefores.evaluate(RunBefores.java:26)
	at org.junit.runners.ParentRunner$3.evaluate(ParentRunner.java:306)
	at org.junit.runners.ParentRunner.run(ParentRunner.java:413)
	at org.junit.runners.Suite.runChild(Suite.java:128)
	at org.junit.runners.Suite.runChild(Suite.java:27)
	at org.junit.runners.ParentRunner$4.run(ParentRunner.java:331)
	at org.junit.runners.ParentRunner$1.schedule(ParentRunner.java:79)
	at org.junit.runners.ParentRunner.runChildren(ParentRunner.java:329)
	at org.junit.runners.ParentRunner.access$100(ParentRunner.java:66)
	at org.junit.runners.ParentRunner$2.evaluate(ParentRunner.java:293)
	at org.junit.runners.ParentRunner$3.evaluate(ParentRunner.java:306)
	at org.junit.runners.ParentRunner.run(ParentRunner.java:413)
	at org.apache.maven.surefire.junitcore.JUnitCore.run(JUnitCore.java:55)
	at org.apache.maven.surefire.junitcore.JUnitCoreWrapper.createRequestAndRun(JUnitCoreWrapper.java:137)
	at org.apache.maven.surefire.junitcore.JUnitCoreWrapper.executeEager(JUnitCoreWrapper.java:107)
	at org.apache.maven.surefire.junitcore.JUnitCoreWrapper.execute(JUnitCoreWrapper.java:83)
	at org.apache.maven.surefire.junitcore.JUnitCoreWrapper.execute(JUnitCoreWrapper.java:75)
	at org.apache.maven.surefire.junitcore.JUnitCoreProvider.invoke(JUnitCoreProvider.java:158)
	at org.apache.maven.surefire.booter.ForkedBooter.runSuitesInProcess(ForkedBooter.java:377)
	at org.apache.maven.surefire.booter.ForkedBooter.execute(ForkedBooter.java:138)
	at org.apache.maven.surefire.booter.ForkedBooter.run(ForkedBooter.java:465)
	at org.apache.maven.surefire.booter.ForkedBooter.main(ForkedBooter.java:451)
Caused by: org.apache.derby.shared.common.error.DerbySQLIntegrityConstraintViolationException: DELETE on table 'DBS' caused a violation of foreign key constraint 'TBLS_FK1' for key (4).  The statement has been rolled back.
	at org.apache.derby.impl.jdbc.SQLExceptionFactory.getSQLException(Unknown Source)
	at org.apache.derby.impl.jdbc.Util.generateCsSQLException(Unknown Source)
	at org.apache.derby.impl.jdbc.TransactionResourceImpl.wrapInSQLException(Unknown Source)
	at org.apache.derby.impl.jdbc.TransactionResourceImpl.handleException(Unknown Source)
	at org.apache.derby.impl.jdbc.EmbedConnection.handleException(Unknown Source)
	at org.apache.derby.impl.jdbc.ConnectionChild.handleException(Unknown Source)
	at org.apache.derby.impl.jdbc.EmbedStatement.executeStatement(Unknown Source)
	at org.apache.derby.impl.jdbc.EmbedPreparedStatement.executeBatchElement(Unknown Source)
	... 94 more
Caused by: ERROR 23503: DELETE on table 'DBS' caused a violation of foreign key constraint 'TBLS_FK1' for key (4).  The statement has been rolled back.
	at org.apache.derby.iapi.error.StandardException.newException(Unknown Source)
	at org.apache.derby.iapi.error.StandardException.newException(Unknown Source)
	at org.apache.derby.impl.sql.execute.ReferencedKeyRIChecker.doCheck(Unknown Source)
	at org.apache.derby.impl.sql.execute.RISetChecker.doPKCheck(Unknown Source)
	at org.apache.derby.impl.sql.execute.DeleteResultSet.collectAffectedRows(Unknown Source)
	at org.apache.derby.impl.sql.execute.DeleteResultSet.open(Unknown Source)
	at org.apache.derby.impl.sql.GenericPreparedStatement.executeStmt(Unknown Source)
	at org.apache.derby.impl.sql.GenericPreparedStatement.execute(Unknown Source)
	... 96 more

2024-04-24T11:30:11,126 ERROR [main] exec.Task: Failed
org.apache.hadoop.hive.ql.metadata.HiveException: MetaException(message:javax.jdo.JDODataStoreException: Exception thrown flushing changes to datastore
NestedThrowables:
java.sql.BatchUpdateException: DELETE on table 'DBS' caused a violation of foreign key constraint 'TBLS_FK1' for key (4).  The statement has been rolled back.)
	at org.apache.hadoop.hive.ql.metadata.Hive.dropDatabase(Hive.java:666) ~[classes/:?]
	at org.apache.hadoop.hive.ql.ddl.database.drop.DropDatabaseOperation.execute(DropDatabaseOperation.java:52) ~[classes/:?]
	at org.apache.hadoop.hive.ql.ddl.DDLTask.execute(DDLTask.java:84) [classes/:?]
	at org.apache.hadoop.hive.ql.exec.Task.executeTask(Task.java:212) [classes/:?]
	at org.apache.hadoop.hive.ql.exec.TaskRunner.runSequential(TaskRunner.java:105) [classes/:?]
	at org.apache.hadoop.hive.ql.Executor.launchTask(Executor.java:361) [classes/:?]
	at org.apache.hadoop.hive.ql.Executor.launchTasks(Executor.java:334) [classes/:?]
	at org.apache.hadoop.hive.ql.Executor.runTasks(Executor.java:245) [classes/:?]
	at org.apache.hadoop.hive.ql.Executor.execute(Executor.java:108) [classes/:?]
	at org.apache.hadoop.hive.ql.Driver.execute(Driver.java:348) [classes/:?]
	at org.apache.hadoop.hive.ql.Driver.runInternal(Driver.java:204) [classes/:?]
	at org.apache.hadoop.hive.ql.Driver.run(Driver.java:153) [classes/:?]
	at org.apache.hadoop.hive.ql.Driver.run(Driver.java:148) [classes/:?]
	at org.apache.hadoop.hive.ql.reexec.ReExecDriver.run(ReExecDriver.java:164) [classes/:?]
	at org.apache.hadoop.hive.ql.reexec.ReExecDriver.run(ReExecDriver.java:230) [classes/:?]
	at org.apache.hive.hcatalog.pig.AbstractHCatLoaderTest.executeStatementOnDriver(AbstractHCatLoaderTest.java:151) [test-classes/:?]
	at org.apache.hive.hcatalog.pig.AbstractHCatLoaderTest.tearDown(AbstractHCatLoaderTest.java:239) [test-classes/:?]
	at sun.reflect.NativeMethodAccessorImpl.invoke0(Native Method) ~[?:1.8.0_402]
	at sun.reflect.NativeMethodAccessorImpl.invoke(NativeMethodAccessorImpl.java:62) ~[?:1.8.0_402]
	at sun.reflect.DelegatingMethodAccessorImpl.invoke(DelegatingMethodAccessorImpl.java:43) ~[?:1.8.0_402]
	at java.lang.reflect.Method.invoke(Method.java:498) ~[?:1.8.0_402]
	at org.junit.runners.model.FrameworkMethod$1.runReflectiveCall(FrameworkMethod.java:59) [junit-4.13.jar:4.13]
	at org.junit.internal.runners.model.ReflectiveCallable.run(ReflectiveCallable.java:12) [junit-4.13.jar:4.13]
	at org.junit.runners.model.FrameworkMethod.invokeExplosively(FrameworkMethod.java:56) [junit-4.13.jar:4.13]
	at org.junit.internal.runners.statements.RunAfters.invokeMethod(RunAfters.java:46) [junit-4.13.jar:4.13]
	at org.junit.internal.runners.statements.RunAfters.evaluate(RunAfters.java:33) [junit-4.13.jar:4.13]
	at org.junit.runners.ParentRunner$3.evaluate(ParentRunner.java:306) [junit-4.13.jar:4.13]
	at org.junit.runners.BlockJUnit4ClassRunner$1.evaluate(BlockJUnit4ClassRunner.java:100) [junit-4.13.jar:4.13]
	at org.junit.runners.ParentRunner.runLeaf(ParentRunner.java:366) [junit-4.13.jar:4.13]
	at org.junit.runners.BlockJUnit4ClassRunner.runChild(BlockJUnit4ClassRunner.java:103) [junit-4.13.jar:4.13]
	at org.junit.runners.BlockJUnit4ClassRunner.runChild(BlockJUnit4ClassRunner.java:63) [junit-4.13.jar:4.13]
	at org.junit.runners.ParentRunner$4.run(ParentRunner.java:331) [junit-4.13.jar:4.13]
	at org.junit.runners.ParentRunner$1.schedule(ParentRunner.java:79) [junit-4.13.jar:4.13]
	at org.junit.runners.ParentRunner.runChildren(ParentRunner.java:329) [junit-4.13.jar:4.13]
	at org.junit.runners.ParentRunner.access$100(ParentRunner.java:66) [junit-4.13.jar:4.13]
	at org.junit.runners.ParentRunner$2.evaluate(ParentRunner.java:293) [junit-4.13.jar:4.13]
	at org.junit.internal.runners.statements.RunBefores.evaluate(RunBefores.java:26) [junit-4.13.jar:4.13]
	at org.junit.runners.ParentRunner$3.evaluate(ParentRunner.java:306) [junit-4.13.jar:4.13]
	at org.junit.runners.ParentRunner.run(ParentRunner.java:413) [junit-4.13.jar:4.13]
	at org.junit.runners.Suite.runChild(Suite.java:128) [junit-4.13.jar:4.13]
	at org.junit.runners.Suite.runChild(Suite.java:27) [junit-4.13.jar:4.13]
	at org.junit.runners.ParentRunner$4.run(ParentRunner.java:331) [junit-4.13.jar:4.13]
	at org.junit.runners.ParentRunner$1.schedule(ParentRunner.java:79) [junit-4.13.jar:4.13]
	at org.junit.runners.ParentRunner.runChildren(ParentRunner.java:329) [junit-4.13.jar:4.13]
	at org.junit.runners.ParentRunner.access$100(ParentRunner.java:66) [junit-4.13.jar:4.13]
	at org.junit.runners.ParentRunner$2.evaluate(ParentRunner.java:293) [junit-4.13.jar:4.13]
	at org.junit.runners.ParentRunner$3.evaluate(ParentRunner.java:306) [junit-4.13.jar:4.13]
	at org.junit.runners.ParentRunner.run(ParentRunner.java:413) [junit-4.13.jar:4.13]
	at org.apache.maven.surefire.junitcore.JUnitCore.run(JUnitCore.java:55) [surefire-junit47-3.0.0-M4.jar:3.0.0-M4]
	at org.apache.maven.surefire.junitcore.JUnitCoreWrapper.createRequestAndRun(JUnitCoreWrapper.java:137) [surefire-junit47-3.0.0-M4.jar:3.0.0-M4]
	at org.apache.maven.surefire.junitcore.JUnitCoreWrapper.executeEager(JUnitCoreWrapper.java:107) [surefire-junit47-3.0.0-M4.jar:3.0.0-M4]
	at org.apache.maven.surefire.junitcore.JUnitCoreWrapper.execute(JUnitCoreWrapper.java:83) [surefire-junit47-3.0.0-M4.jar:3.0.0-M4]
	at org.apache.maven.surefire.junitcore.JUnitCoreWrapper.execute(JUnitCoreWrapper.java:75) [surefire-junit47-3.0.0-M4.jar:3.0.0-M4]
	at org.apache.maven.surefire.junitcore.JUnitCoreProvider.invoke(JUnitCoreProvider.java:158) [surefire-junit47-3.0.0-M4.jar:3.0.0-M4]
	at org.apache.maven.surefire.booter.ForkedBooter.runSuitesInProcess(ForkedBooter.java:377) [surefire-booter-3.0.0-M4.jar:3.0.0-M4]
	at org.apache.maven.surefire.booter.ForkedBooter.execute(ForkedBooter.java:138) [surefire-booter-3.0.0-M4.jar:3.0.0-M4]
	at org.apache.maven.surefire.booter.ForkedBooter.run(ForkedBooter.java:465) [surefire-booter-3.0.0-M4.jar:3.0.0-M4]
	at org.apache.maven.surefire.booter.ForkedBooter.main(ForkedBooter.java:451) [surefire-booter-3.0.0-M4.jar:3.0.0-M4]
Caused by: org.apache.hadoop.hive.metastore.api.MetaException: javax.jdo.JDODataStoreException: Exception thrown flushing changes to datastore
NestedThrowables:
java.sql.BatchUpdateException: DELETE on table 'DBS' caused a violation of foreign key constraint 'TBLS_FK1' for key (4).  The statement has been rolled back.
	at org.apache.hadoop.hive.metastore.RetryingHMSHandler.invokeInternal(RetryingHMSHandler.java:209) ~[classes/:?]
	at org.apache.hadoop.hive.metastore.RetryingHMSHandler.invoke(RetryingHMSHandler.java:108) ~[classes/:?]
	at com.sun.proxy.$Proxy35.drop_database(Unknown Source) ~[?:?]
	at org.apache.hadoop.hive.metastore.HiveMetaStoreClient.dropDatabaseCascadePerDb(HiveMetaStoreClient.java:1601) ~[classes/:?]
	at org.apache.hadoop.hive.metastore.HiveMetaStoreClient.dropDatabase(HiveMetaStoreClient.java:1532) ~[classes/:?]
	at org.apache.hadoop.hive.metastore.HiveMetaStoreClient.dropDatabase(HiveMetaStoreClient.java:1485) ~[classes/:?]
	at sun.reflect.NativeMethodAccessorImpl.invoke0(Native Method) ~[?:1.8.0_402]
	at sun.reflect.NativeMethodAccessorImpl.invoke(NativeMethodAccessorImpl.java:62) ~[?:1.8.0_402]
	at sun.reflect.DelegatingMethodAccessorImpl.invoke(DelegatingMethodAccessorImpl.java:43) ~[?:1.8.0_402]
	at java.lang.reflect.Method.invoke(Method.java:498) ~[?:1.8.0_402]
	at org.apache.hadoop.hive.metastore.RetryingMetaStoreClient.invoke(RetryingMetaStoreClient.java:218) ~[classes/:?]
	at com.sun.proxy.$Proxy45.dropDatabase(Unknown Source) ~[?:?]
	at org.apache.hadoop.hive.ql.metadata.Hive.dropDatabase(Hive.java:662) ~[classes/:?]
	... 57 more
Caused by: javax.jdo.JDODataStoreException: Exception thrown flushing changes to datastore
	at org.datanucleus.api.jdo.NucleusJDOHelper.getJDOExceptionForNucleusException(NucleusJDOHelper.java:542) ~[datanucleus-api-jdo-5.2.4.jar:?]
	at org.datanucleus.api.jdo.JDOTransaction.commit(JDOTransaction.java:162) ~[datanucleus-api-jdo-5.2.4.jar:?]
	at org.apache.hadoop.hive.metastore.ObjectStore.commitTransaction(ObjectStore.java:615) ~[classes/:?]
	at sun.reflect.GeneratedMethodAccessor31.invoke(Unknown Source) ~[?:?]
	at sun.reflect.DelegatingMethodAccessorImpl.invoke(DelegatingMethodAccessorImpl.java:43) ~[?:1.8.0_402]
	at java.lang.reflect.Method.invoke(Method.java:498) ~[?:1.8.0_402]
	at org.apache.hadoop.hive.metastore.RawStoreProxy.invoke(RawStoreProxy.java:97) ~[classes/:?]
	at com.sun.proxy.$Proxy32.commitTransaction(Unknown Source) ~[?:?]
	at org.apache.hadoop.hive.metastore.HMSHandler.drop_database_core(HMSHandler.java:1790) ~[classes/:?]
	at org.apache.hadoop.hive.metastore.HMSHandler.drop_database(HMSHandler.java:1869) ~[classes/:?]
	at sun.reflect.GeneratedMethodAccessor54.invoke(Unknown Source) ~[?:?]
	at sun.reflect.DelegatingMethodAccessorImpl.invoke(DelegatingMethodAccessorImpl.java:43) ~[?:1.8.0_402]
	at java.lang.reflect.Method.invoke(Method.java:498) ~[?:1.8.0_402]
	at org.apache.hadoop.hive.metastore.RetryingHMSHandler.invokeInternal(RetryingHMSHandler.java:147) ~[classes/:?]
	at org.apache.hadoop.hive.metastore.RetryingHMSHandler.invoke(RetryingHMSHandler.java:108) ~[classes/:?]
	at com.sun.proxy.$Proxy35.drop_database(Unknown Source) ~[?:?]
	at org.apache.hadoop.hive.metastore.HiveMetaStoreClient.dropDatabaseCascadePerDb(HiveMetaStoreClient.java:1601) ~[classes/:?]
	at org.apache.hadoop.hive.metastore.HiveMetaStoreClient.dropDatabase(HiveMetaStoreClient.java:1532) ~[classes/:?]
	at org.apache.hadoop.hive.metastore.HiveMetaStoreClient.dropDatabase(HiveMetaStoreClient.java:1485) ~[classes/:?]
	at sun.reflect.NativeMethodAccessorImpl.invoke0(Native Method) ~[?:1.8.0_402]
	at sun.reflect.NativeMethodAccessorImpl.invoke(NativeMethodAccessorImpl.java:62) ~[?:1.8.0_402]
	at sun.reflect.DelegatingMethodAccessorImpl.invoke(DelegatingMethodAccessorImpl.java:43) ~[?:1.8.0_402]
	at java.lang.reflect.Method.invoke(Method.java:498) ~[?:1.8.0_402]
	at org.apache.hadoop.hive.metastore.RetryingMetaStoreClient.invoke(RetryingMetaStoreClient.java:218) ~[classes/:?]
	at com.sun.proxy.$Proxy45.dropDatabase(Unknown Source) ~[?:?]
	at org.apache.hadoop.hive.ql.metadata.Hive.dropDatabase(Hive.java:662) ~[classes/:?]
	... 57 more
Caused by: java.sql.BatchUpdateException: DELETE on table 'DBS' caused a violation of foreign key constraint 'TBLS_FK1' for key (4).  The statement has been rolled back.
	at org.apache.derby.impl.jdbc.EmbedStatement.executeLargeBatch(Unknown Source) ~[derby-10.14.1.0.jar:?]
	at org.apache.derby.impl.jdbc.EmbedStatement.executeBatch(Unknown Source) ~[derby-10.14.1.0.jar:?]
	at com.zaxxer.hikari.pool.ProxyStatement.executeBatch(ProxyStatement.java:128) ~[HikariCP-java7-2.4.12.jar:?]
	at com.zaxxer.hikari.pool.HikariProxyPreparedStatement.executeBatch(HikariProxyPreparedStatement.java) ~[HikariCP-java7-2.4.12.jar:?]
	at org.datanucleus.store.rdbms.ParamLoggingPreparedStatement.executeBatch(ParamLoggingPreparedStatement.java:366) ~[datanucleus-rdbms-5.2.4.jar:?]
	at org.datanucleus.store.rdbms.SQLController.processConnectionStatement(SQLController.java:675) ~[datanucleus-rdbms-5.2.4.jar:?]
	at org.datanucleus.store.rdbms.SQLController.processStatementsForConnection(SQLController.java:643) ~[datanucleus-rdbms-5.2.4.jar:?]
	at org.datanucleus.store.rdbms.SQLController$1.transactionFlushed(SQLController.java:729) ~[datanucleus-rdbms-5.2.4.jar:?]
	at org.datanucleus.store.connection.AbstractManagedConnection.transactionFlushed(AbstractManagedConnection.java:95) ~[datanucleus-core-5.2.4.jar:?]
	at org.datanucleus.store.connection.ConnectionManagerImpl$2.transactionFlushed(ConnectionManagerImpl.java:528) ~[datanucleus-core-5.2.4.jar:?]
	at org.datanucleus.TransactionImpl.flush(TransactionImpl.java:222) ~[datanucleus-core-5.2.4.jar:?]
	at org.datanucleus.TransactionImpl.commit(TransactionImpl.java:286) ~[datanucleus-core-5.2.4.jar:?]
	at org.datanucleus.api.jdo.JDOTransaction.commit(JDOTransaction.java:99) ~[datanucleus-api-jdo-5.2.4.jar:?]
	at org.apache.hadoop.hive.metastore.ObjectStore.commitTransaction(ObjectStore.java:615) ~[classes/:?]
	at sun.reflect.GeneratedMethodAccessor31.invoke(Unknown Source) ~[?:?]
	at sun.reflect.DelegatingMethodAccessorImpl.invoke(DelegatingMethodAccessorImpl.java:43) ~[?:1.8.0_402]
	at java.lang.reflect.Method.invoke(Method.java:498) ~[?:1.8.0_402]
	at org.apache.hadoop.hive.metastore.RawStoreProxy.invoke(RawStoreProxy.java:97) ~[classes/:?]
	at com.sun.proxy.$Proxy32.commitTransaction(Unknown Source) ~[?:?]
	at org.apache.hadoop.hive.metastore.HMSHandler.drop_database_core(HMSHandler.java:1790) ~[classes/:?]
	at org.apache.hadoop.hive.metastore.HMSHandler.drop_database(HMSHandler.java:1869) ~[classes/:?]
	at sun.reflect.GeneratedMethodAccessor54.invoke(Unknown Source) ~[?:?]
	at sun.reflect.DelegatingMethodAccessorImpl.invoke(DelegatingMethodAccessorImpl.java:43) ~[?:1.8.0_402]
	at java.lang.reflect.Method.invoke(Method.java:498) ~[?:1.8.0_402]
	at org.apache.hadoop.hive.metastore.RetryingHMSHandler.invokeInternal(RetryingHMSHandler.java:147) ~[classes/:?]
	at org.apache.hadoop.hive.metastore.RetryingHMSHandler.invoke(RetryingHMSHandler.java:108) ~[classes/:?]
	at com.sun.proxy.$Proxy35.drop_database(Unknown Source) ~[?:?]
	at org.apache.hadoop.hive.metastore.HiveMetaStoreClient.dropDatabaseCascadePerDb(HiveMetaStoreClient.java:1601) ~[classes/:?]
	at org.apache.hadoop.hive.metastore.HiveMetaStoreClient.dropDatabase(HiveMetaStoreClient.java:1532) ~[classes/:?]
	at org.apache.hadoop.hive.metastore.HiveMetaStoreClient.dropDatabase(HiveMetaStoreClient.java:1485) ~[classes/:?]
	at sun.reflect.NativeMethodAccessorImpl.invoke0(Native Method) ~[?:1.8.0_402]
	at sun.reflect.NativeMethodAccessorImpl.invoke(NativeMethodAccessorImpl.java:62) ~[?:1.8.0_402]
	at sun.reflect.DelegatingMethodAccessorImpl.invoke(DelegatingMethodAccessorImpl.java:43) ~[?:1.8.0_402]
	at java.lang.reflect.Method.invoke(Method.java:498) ~[?:1.8.0_402]
	at org.apache.hadoop.hive.metastore.RetryingMetaStoreClient.invoke(RetryingMetaStoreClient.java:218) ~[classes/:?]
	at com.sun.proxy.$Proxy45.dropDatabase(Unknown Source) ~[?:?]
	at org.apache.hadoop.hive.ql.metadata.Hive.dropDatabase(Hive.java:662) ~[classes/:?]
	... 57 more
Caused by: org.apache.derby.shared.common.error.DerbySQLIntegrityConstraintViolationException: DELETE on table 'DBS' caused a violation of foreign key constraint 'TBLS_FK1' for key (4).  The statement has been rolled back.
	at org.apache.derby.impl.jdbc.SQLExceptionFactory.getSQLException(Unknown Source) ~[derby-10.14.1.0.jar:?]
	at org.apache.derby.impl.jdbc.Util.generateCsSQLException(Unknown Source) ~[derby-10.14.1.0.jar:?]
	at org.apache.derby.impl.jdbc.TransactionResourceImpl.wrapInSQLException(Unknown Source) ~[derby-10.14.1.0.jar:?]
	at org.apache.derby.impl.jdbc.TransactionResourceImpl.handleException(Unknown Source) ~[derby-10.14.1.0.jar:?]
	at org.apache.derby.impl.jdbc.EmbedConnection.handleException(Unknown Source) ~[derby-10.14.1.0.jar:?]
	at org.apache.derby.impl.jdbc.ConnectionChild.handleException(Unknown Source) ~[derby-10.14.1.0.jar:?]
	at org.apache.derby.impl.jdbc.EmbedStatement.executeStatement(Unknown Source) ~[derby-10.14.1.0.jar:?]
	at org.apache.derby.impl.jdbc.EmbedPreparedStatement.executeBatchElement(Unknown Source) ~[derby-10.14.1.0.jar:?]
	at org.apache.derby.impl.jdbc.EmbedStatement.executeLargeBatch(Unknown Source) ~[derby-10.14.1.0.jar:?]
	at org.apache.derby.impl.jdbc.EmbedStatement.executeBatch(Unknown Source) ~[derby-10.14.1.0.jar:?]
	at com.zaxxer.hikari.pool.ProxyStatement.executeBatch(ProxyStatement.java:128) ~[HikariCP-java7-2.4.12.jar:?]
	at com.zaxxer.hikari.pool.HikariProxyPreparedStatement.executeBatch(HikariProxyPreparedStatement.java) ~[HikariCP-java7-2.4.12.jar:?]
	at org.datanucleus.store.rdbms.ParamLoggingPreparedStatement.executeBatch(ParamLoggingPreparedStatement.java:366) ~[datanucleus-rdbms-5.2.4.jar:?]
	at org.datanucleus.store.rdbms.SQLController.processConnectionStatement(SQLController.java:675) ~[datanucleus-rdbms-5.2.4.jar:?]
	at org.datanucleus.store.rdbms.SQLController.processStatementsForConnection(SQLController.java:643) ~[datanucleus-rdbms-5.2.4.jar:?]
	at org.datanucleus.store.rdbms.SQLController$1.transactionFlushed(SQLController.java:729) ~[datanucleus-rdbms-5.2.4.jar:?]
	at org.datanucleus.store.connection.AbstractManagedConnection.transactionFlushed(AbstractManagedConnection.java:95) ~[datanucleus-core-5.2.4.jar:?]
	at org.datanucleus.store.connection.ConnectionManagerImpl$2.transactionFlushed(ConnectionManagerImpl.java:528) ~[datanucleus-core-5.2.4.jar:?]
	at org.datanucleus.TransactionImpl.flush(TransactionImpl.java:222) ~[datanucleus-core-5.2.4.jar:?]
	at org.datanucleus.TransactionImpl.commit(TransactionImpl.java:286) ~[datanucleus-core-5.2.4.jar:?]
	at org.datanucleus.api.jdo.JDOTransaction.commit(JDOTransaction.java:99) ~[datanucleus-api-jdo-5.2.4.jar:?]
	at org.apache.hadoop.hive.metastore.ObjectStore.commitTransaction(ObjectStore.java:615) ~[classes/:?]
	at sun.reflect.GeneratedMethodAccessor31.invoke(Unknown Source) ~[?:?]
	at sun.reflect.DelegatingMethodAccessorImpl.invoke(DelegatingMethodAccessorImpl.java:43) ~[?:1.8.0_402]
	at java.lang.reflect.Method.invoke(Method.java:498) ~[?:1.8.0_402]
	at org.apache.hadoop.hive.metastore.RawStoreProxy.invoke(RawStoreProxy.java:97) ~[classes/:?]
	at com.sun.proxy.$Proxy32.commitTransaction(Unknown Source) ~[?:?]
	at org.apache.hadoop.hive.metastore.HMSHandler.drop_database_core(HMSHandler.java:1790) ~[classes/:?]
	at org.apache.hadoop.hive.metastore.HMSHandler.drop_database(HMSHandler.java:1869) ~[classes/:?]
	at sun.reflect.GeneratedMethodAccessor54.invoke(Unknown Source) ~[?:?]
	at sun.reflect.DelegatingMethodAccessorImpl.invoke(DelegatingMethodAccessorImpl.java:43) ~[?:1.8.0_402]
	at java.lang.reflect.Method.invoke(Method.java:498) ~[?:1.8.0_402]
	at org.apache.hadoop.hive.metastore.RetryingHMSHandler.invokeInternal(RetryingHMSHandler.java:147) ~[classes/:?]
	at org.apache.hadoop.hive.metastore.RetryingHMSHandler.invoke(RetryingHMSHandler.java:108) ~[classes/:?]
	at com.sun.proxy.$Proxy35.drop_database(Unknown Source) ~[?:?]
	at org.apache.hadoop.hive.metastore.HiveMetaStoreClient.dropDatabaseCascadePerDb(HiveMetaStoreClient.java:1601) ~[classes/:?]
	at org.apache.hadoop.hive.metastore.HiveMetaStoreClient.dropDatabase(HiveMetaStoreClient.java:1532) ~[classes/:?]
	at org.apache.hadoop.hive.metastore.HiveMetaStoreClient.dropDatabase(HiveMetaStoreClient.java:1485) ~[classes/:?]
	at sun.reflect.NativeMethodAccessorImpl.invoke0(Native Method) ~[?:1.8.0_402]
	at sun.reflect.NativeMethodAccessorImpl.invoke(NativeMethodAccessorImpl.java:62) ~[?:1.8.0_402]
	at sun.reflect.DelegatingMethodAccessorImpl.invoke(DelegatingMethodAccessorImpl.java:43) ~[?:1.8.0_402]
	at java.lang.reflect.Method.invoke(Method.java:498) ~[?:1.8.0_402]
	at org.apache.hadoop.hive.metastore.RetryingMetaStoreClient.invoke(RetryingMetaStoreClient.java:218) ~[classes/:?]
	at com.sun.proxy.$Proxy45.dropDatabase(Unknown Source) ~[?:?]
	at org.apache.hadoop.hive.ql.metadata.Hive.dropDatabase(Hive.java:662) ~[classes/:?]
	... 57 more
Caused by: org.apache.derby.iapi.error.StandardException: DELETE on table 'DBS' caused a violation of foreign key constraint 'TBLS_FK1' for key (4).  The statement has been rolled back.
	at org.apache.derby.iapi.error.StandardException.newException(Unknown Source) ~[derby-10.14.1.0.jar:?]
	at org.apache.derby.iapi.error.StandardException.newException(Unknown Source) ~[derby-10.14.1.0.jar:?]
	at org.apache.derby.impl.sql.execute.ReferencedKeyRIChecker.doCheck(Unknown Source) ~[derby-10.14.1.0.jar:?]
	at org.apache.derby.impl.sql.execute.RISetChecker.doPKCheck(Unknown Source) ~[derby-10.14.1.0.jar:?]
	at org.apache.derby.impl.sql.execute.DeleteResultSet.collectAffectedRows(Unknown Source) ~[derby-10.14.1.0.jar:?]
	at org.apache.derby.impl.sql.execute.DeleteResultSet.open(Unknown Source) ~[derby-10.14.1.0.jar:?]
	at org.apache.derby.impl.sql.GenericPreparedStatement.executeStmt(Unknown Source) ~[derby-10.14.1.0.jar:?]
	at org.apache.derby.impl.sql.GenericPreparedStatement.execute(Unknown Source) ~[derby-10.14.1.0.jar:?]
	at org.apache.derby.impl.jdbc.EmbedStatement.executeStatement(Unknown Source) ~[derby-10.14.1.0.jar:?]
	at org.apache.derby.impl.jdbc.EmbedPreparedStatement.executeBatchElement(Unknown Source) ~[derby-10.14.1.0.jar:?]
	at org.apache.derby.impl.jdbc.EmbedStatement.executeLargeBatch(Unknown Source) ~[derby-10.14.1.0.jar:?]
	at org.apache.derby.impl.jdbc.EmbedStatement.executeBatch(Unknown Source) ~[derby-10.14.1.0.jar:?]
	at com.zaxxer.hikari.pool.ProxyStatement.executeBatch(ProxyStatement.java:128) ~[HikariCP-java7-2.4.12.jar:?]
	at com.zaxxer.hikari.pool.HikariProxyPreparedStatement.executeBatch(HikariProxyPreparedStatement.java) ~[HikariCP-java7-2.4.12.jar:?]
	at org.datanucleus.store.rdbms.ParamLoggingPreparedStatement.executeBatch(ParamLoggingPreparedStatement.java:366) ~[datanucleus-rdbms-5.2.4.jar:?]
	at org.datanucleus.store.rdbms.SQLController.processConnectionStatement(SQLController.java:675) ~[datanucleus-rdbms-5.2.4.jar:?]
	at org.datanucleus.store.rdbms.SQLController.processStatementsForConnection(SQLController.java:643) ~[datanucleus-rdbms-5.2.4.jar:?]
	at org.datanucleus.store.rdbms.SQLController$1.transactionFlushed(SQLController.java:729) ~[datanucleus-rdbms-5.2.4.jar:?]
	at org.datanucleus.store.connection.AbstractManagedConnection.transactionFlushed(AbstractManagedConnection.java:95) ~[datanucleus-core-5.2.4.jar:?]
	at org.datanucleus.store.connection.ConnectionManagerImpl$2.transactionFlushed(ConnectionManagerImpl.java:528) ~[datanucleus-core-5.2.4.jar:?]
	at org.datanucleus.TransactionImpl.flush(TransactionImpl.java:222) ~[datanucleus-core-5.2.4.jar:?]
	at org.datanucleus.TransactionImpl.commit(TransactionImpl.java:286) ~[datanucleus-core-5.2.4.jar:?]
	at org.datanucleus.api.jdo.JDOTransaction.commit(JDOTransaction.java:99) ~[datanucleus-api-jdo-5.2.4.jar:?]
	at org.apache.hadoop.hive.metastore.ObjectStore.commitTransaction(ObjectStore.java:615) ~[classes/:?]
	at sun.reflect.GeneratedMethodAccessor31.invoke(Unknown Source) ~[?:?]
	at sun.reflect.DelegatingMethodAccessorImpl.invoke(DelegatingMethodAccessorImpl.java:43) ~[?:1.8.0_402]
	at java.lang.reflect.Method.invoke(Method.java:498) ~[?:1.8.0_402]
	at org.apache.hadoop.hive.metastore.RawStoreProxy.invoke(RawStoreProxy.java:97) ~[classes/:?]
	at com.sun.proxy.$Proxy32.commitTransaction(Unknown Source) ~[?:?]
	at org.apache.hadoop.hive.metastore.HMSHandler.drop_database_core(HMSHandler.java:1790) ~[classes/:?]
	at org.apache.hadoop.hive.metastore.HMSHandler.drop_database(HMSHandler.java:1869) ~[classes/:?]
	at sun.reflect.GeneratedMethodAccessor54.invoke(Unknown Source) ~[?:?]
	at sun.reflect.DelegatingMethodAccessorImpl.invoke(DelegatingMethodAccessorImpl.java:43) ~[?:1.8.0_402]
	at java.lang.reflect.Method.invoke(Method.java:498) ~[?:1.8.0_402]
	at org.apache.hadoop.hive.metastore.RetryingHMSHandler.invokeInternal(RetryingHMSHandler.java:147) ~[classes/:?]
	at org.apache.hadoop.hive.metastore.RetryingHMSHandler.invoke(RetryingHMSHandler.java:108) ~[classes/:?]
	at com.sun.proxy.$Proxy35.drop_database(Unknown Source) ~[?:?]
	at org.apache.hadoop.hive.metastore.HiveMetaStoreClient.dropDatabaseCascadePerDb(HiveMetaStoreClient.java:1601) ~[classes/:?]
	at org.apache.hadoop.hive.metastore.HiveMetaStoreClient.dropDatabase(HiveMetaStoreClient.java:1532) ~[classes/:?]
	at org.apache.hadoop.hive.metastore.HiveMetaStoreClient.dropDatabase(HiveMetaStoreClient.java:1485) ~[classes/:?]
	at sun.reflect.NativeMethodAccessorImpl.invoke0(Native Method) ~[?:1.8.0_402]
	at sun.reflect.NativeMethodAccessorImpl.invoke(NativeMethodAccessorImpl.java:62) ~[?:1.8.0_402]
	at sun.reflect.DelegatingMethodAccessorImpl.invoke(DelegatingMethodAccessorImpl.java:43) ~[?:1.8.0_402]
	at java.lang.reflect.Method.invoke(Method.java:498) ~[?:1.8.0_402]
	at org.apache.hadoop.hive.metastore.RetryingMetaStoreClient.invoke(RetryingMetaStoreClient.java:218) ~[classes/:?]
	at com.sun.proxy.$Proxy45.dropDatabase(Unknown Source) ~[?:?]
	at org.apache.hadoop.hive.ql.metadata.Hive.dropDatabase(Hive.java:662) ~[classes/:?]
	... 57 more
2024-04-24T11:30:11,129 ERROR [main] exec.Task: DDLTask failed, DDL Operation: class org.apache.hadoop.hive.ql.ddl.database.drop.DropDatabaseOperation
org.apache.hadoop.hive.ql.metadata.HiveException: MetaException(message:javax.jdo.JDODataStoreException: Exception thrown flushing changes to datastore
NestedThrowables:
java.sql.BatchUpdateException: DELETE on table 'DBS' caused a violation of foreign key constraint 'TBLS_FK1' for key (4).  The statement has been rolled back.)
	at org.apache.hadoop.hive.ql.metadata.Hive.dropDatabase(Hive.java:666) ~[classes/:?]
	at org.apache.hadoop.hive.ql.ddl.database.drop.DropDatabaseOperation.execute(DropDatabaseOperation.java:52) ~[classes/:?]
	at org.apache.hadoop.hive.ql.ddl.DDLTask.execute(DDLTask.java:84) [classes/:?]
	at org.apache.hadoop.hive.ql.exec.Task.executeTask(Task.java:212) [classes/:?]
	at org.apache.hadoop.hive.ql.exec.TaskRunner.runSequential(TaskRunner.java:105) [classes/:?]
	at org.apache.hadoop.hive.ql.Executor.launchTask(Executor.java:361) [classes/:?]
	at org.apache.hadoop.hive.ql.Executor.launchTasks(Executor.java:334) [classes/:?]
	at org.apache.hadoop.hive.ql.Executor.runTasks(Executor.java:245) [classes/:?]
	at org.apache.hadoop.hive.ql.Executor.execute(Executor.java:108) [classes/:?]
	at org.apache.hadoop.hive.ql.Driver.execute(Driver.java:348) [classes/:?]
	at org.apache.hadoop.hive.ql.Driver.runInternal(Driver.java:204) [classes/:?]
	at org.apache.hadoop.hive.ql.Driver.run(Driver.java:153) [classes/:?]
	at org.apache.hadoop.hive.ql.Driver.run(Driver.java:148) [classes/:?]
	at org.apache.hadoop.hive.ql.reexec.ReExecDriver.run(ReExecDriver.java:164) [classes/:?]
	at org.apache.hadoop.hive.ql.reexec.ReExecDriver.run(ReExecDriver.java:230) [classes/:?]
	at org.apache.hive.hcatalog.pig.AbstractHCatLoaderTest.executeStatementOnDriver(AbstractHCatLoaderTest.java:151) [test-classes/:?]
	at org.apache.hive.hcatalog.pig.AbstractHCatLoaderTest.tearDown(AbstractHCatLoaderTest.java:239) [test-classes/:?]
	at sun.reflect.NativeMethodAccessorImpl.invoke0(Native Method) ~[?:1.8.0_402]
	at sun.reflect.NativeMethodAccessorImpl.invoke(NativeMethodAccessorImpl.java:62) ~[?:1.8.0_402]
	at sun.reflect.DelegatingMethodAccessorImpl.invoke(DelegatingMethodAccessorImpl.java:43) ~[?:1.8.0_402]
	at java.lang.reflect.Method.invoke(Method.java:498) ~[?:1.8.0_402]
	at org.junit.runners.model.FrameworkMethod$1.runReflectiveCall(FrameworkMethod.java:59) [junit-4.13.jar:4.13]
	at org.junit.internal.runners.model.ReflectiveCallable.run(ReflectiveCallable.java:12) [junit-4.13.jar:4.13]
	at org.junit.runners.model.FrameworkMethod.invokeExplosively(FrameworkMethod.java:56) [junit-4.13.jar:4.13]
	at org.junit.internal.runners.statements.RunAfters.invokeMethod(RunAfters.java:46) [junit-4.13.jar:4.13]
	at org.junit.internal.runners.statements.RunAfters.evaluate(RunAfters.java:33) [junit-4.13.jar:4.13]
	at org.junit.runners.ParentRunner$3.evaluate(ParentRunner.java:306) [junit-4.13.jar:4.13]
	at org.junit.runners.BlockJUnit4ClassRunner$1.evaluate(BlockJUnit4ClassRunner.java:100) [junit-4.13.jar:4.13]
	at org.junit.runners.ParentRunner.runLeaf(ParentRunner.java:366) [junit-4.13.jar:4.13]
	at org.junit.runners.BlockJUnit4ClassRunner.runChild(BlockJUnit4ClassRunner.java:103) [junit-4.13.jar:4.13]
	at org.junit.runners.BlockJUnit4ClassRunner.runChild(BlockJUnit4ClassRunner.java:63) [junit-4.13.jar:4.13]
	at org.junit.runners.ParentRunner$4.run(ParentRunner.java:331) [junit-4.13.jar:4.13]
	at org.junit.runners.ParentRunner$1.schedule(ParentRunner.java:79) [junit-4.13.jar:4.13]
	at org.junit.runners.ParentRunner.runChildren(ParentRunner.java:329) [junit-4.13.jar:4.13]
	at org.junit.runners.ParentRunner.access$100(ParentRunner.java:66) [junit-4.13.jar:4.13]
	at org.junit.runners.ParentRunner$2.evaluate(ParentRunner.java:293) [junit-4.13.jar:4.13]
	at org.junit.internal.runners.statements.RunBefores.evaluate(RunBefores.java:26) [junit-4.13.jar:4.13]
	at org.junit.runners.ParentRunner$3.evaluate(ParentRunner.java:306) [junit-4.13.jar:4.13]
	at org.junit.runners.ParentRunner.run(ParentRunner.java:413) [junit-4.13.jar:4.13]
	at org.junit.runners.Suite.runChild(Suite.java:128) [junit-4.13.jar:4.13]
	at org.junit.runners.Suite.runChild(Suite.java:27) [junit-4.13.jar:4.13]
	at org.junit.runners.ParentRunner$4.run(ParentRunner.java:331) [junit-4.13.jar:4.13]
	at org.junit.runners.ParentRunner$1.schedule(ParentRunner.java:79) [junit-4.13.jar:4.13]
	at org.junit.runners.ParentRunner.runChildren(ParentRunner.java:329) [junit-4.13.jar:4.13]
	at org.junit.runners.ParentRunner.access$100(ParentRunner.java:66) [junit-4.13.jar:4.13]
	at org.junit.runners.ParentRunner$2.evaluate(ParentRunner.java:293) [junit-4.13.jar:4.13]
	at org.junit.runners.ParentRunner$3.evaluate(ParentRunner.java:306) [junit-4.13.jar:4.13]
	at org.junit.runners.ParentRunner.run(ParentRunner.java:413) [junit-4.13.jar:4.13]
	at org.apache.maven.surefire.junitcore.JUnitCore.run(JUnitCore.java:55) [surefire-junit47-3.0.0-M4.jar:3.0.0-M4]
	at org.apache.maven.surefire.junitcore.JUnitCoreWrapper.createRequestAndRun(JUnitCoreWrapper.java:137) [surefire-junit47-3.0.0-M4.jar:3.0.0-M4]
	at org.apache.maven.surefire.junitcore.JUnitCoreWrapper.executeEager(JUnitCoreWrapper.java:107) [surefire-junit47-3.0.0-M4.jar:3.0.0-M4]
	at org.apache.maven.surefire.junitcore.JUnitCoreWrapper.execute(JUnitCoreWrapper.java:83) [surefire-junit47-3.0.0-M4.jar:3.0.0-M4]
	at org.apache.maven.surefire.junitcore.JUnitCoreWrapper.execute(JUnitCoreWrapper.java:75) [surefire-junit47-3.0.0-M4.jar:3.0.0-M4]
	at org.apache.maven.surefire.junitcore.JUnitCoreProvider.invoke(JUnitCoreProvider.java:158) [surefire-junit47-3.0.0-M4.jar:3.0.0-M4]
	at org.apache.maven.surefire.booter.ForkedBooter.runSuitesInProcess(ForkedBooter.java:377) [surefire-booter-3.0.0-M4.jar:3.0.0-M4]
	at org.apache.maven.surefire.booter.ForkedBooter.execute(ForkedBooter.java:138) [surefire-booter-3.0.0-M4.jar:3.0.0-M4]
	at org.apache.maven.surefire.booter.ForkedBooter.run(ForkedBooter.java:465) [surefire-booter-3.0.0-M4.jar:3.0.0-M4]
	at org.apache.maven.surefire.booter.ForkedBooter.main(ForkedBooter.java:451) [surefire-booter-3.0.0-M4.jar:3.0.0-M4]
Caused by: org.apache.hadoop.hive.metastore.api.MetaException: javax.jdo.JDODataStoreException: Exception thrown flushing changes to datastore
NestedThrowables:
java.sql.BatchUpdateException: DELETE on table 'DBS' caused a violation of foreign key constraint 'TBLS_FK1' for key (4).  The statement has been rolled back.
	at org.apache.hadoop.hive.metastore.RetryingHMSHandler.invokeInternal(RetryingHMSHandler.java:209) ~[classes/:?]
	at org.apache.hadoop.hive.metastore.RetryingHMSHandler.invoke(RetryingHMSHandler.java:108) ~[classes/:?]
	at com.sun.proxy.$Proxy35.drop_database(Unknown Source) ~[?:?]
	at org.apache.hadoop.hive.metastore.HiveMetaStoreClient.dropDatabaseCascadePerDb(HiveMetaStoreClient.java:1601) ~[classes/:?]
	at org.apache.hadoop.hive.metastore.HiveMetaStoreClient.dropDatabase(HiveMetaStoreClient.java:1532) ~[classes/:?]
	at org.apache.hadoop.hive.metastore.HiveMetaStoreClient.dropDatabase(HiveMetaStoreClient.java:1485) ~[classes/:?]
	at sun.reflect.NativeMethodAccessorImpl.invoke0(Native Method) ~[?:1.8.0_402]
	at sun.reflect.NativeMethodAccessorImpl.invoke(NativeMethodAccessorImpl.java:62) ~[?:1.8.0_402]
	at sun.reflect.DelegatingMethodAccessorImpl.invoke(DelegatingMethodAccessorImpl.java:43) ~[?:1.8.0_402]
	at java.lang.reflect.Method.invoke(Method.java:498) ~[?:1.8.0_402]
	at org.apache.hadoop.hive.metastore.RetryingMetaStoreClient.invoke(RetryingMetaStoreClient.java:218) ~[classes/:?]
	at com.sun.proxy.$Proxy45.dropDatabase(Unknown Source) ~[?:?]
	at org.apache.hadoop.hive.ql.metadata.Hive.dropDatabase(Hive.java:662) ~[classes/:?]
	... 57 more
Caused by: javax.jdo.JDODataStoreException: Exception thrown flushing changes to datastore
	at org.datanucleus.api.jdo.NucleusJDOHelper.getJDOExceptionForNucleusException(NucleusJDOHelper.java:542) ~[datanucleus-api-jdo-5.2.4.jar:?]
	at org.datanucleus.api.jdo.JDOTransaction.commit(JDOTransaction.java:162) ~[datanucleus-api-jdo-5.2.4.jar:?]
	at org.apache.hadoop.hive.metastore.ObjectStore.commitTransaction(ObjectStore.java:615) ~[classes/:?]
	at sun.reflect.GeneratedMethodAccessor31.invoke(Unknown Source) ~[?:?]
	at sun.reflect.DelegatingMethodAccessorImpl.invoke(DelegatingMethodAccessorImpl.java:43) ~[?:1.8.0_402]
	at java.lang.reflect.Method.invoke(Method.java:498) ~[?:1.8.0_402]
	at org.apache.hadoop.hive.metastore.RawStoreProxy.invoke(RawStoreProxy.java:97) ~[classes/:?]
	at com.sun.proxy.$Proxy32.commitTransaction(Unknown Source) ~[?:?]
	at org.apache.hadoop.hive.metastore.HMSHandler.drop_database_core(HMSHandler.java:1790) ~[classes/:?]
	at org.apache.hadoop.hive.metastore.HMSHandler.drop_database(HMSHandler.java:1869) ~[classes/:?]
	at sun.reflect.GeneratedMethodAccessor54.invoke(Unknown Source) ~[?:?]
	at sun.reflect.DelegatingMethodAccessorImpl.invoke(DelegatingMethodAccessorImpl.java:43) ~[?:1.8.0_402]
	at java.lang.reflect.Method.invoke(Method.java:498) ~[?:1.8.0_402]
	at org.apache.hadoop.hive.metastore.RetryingHMSHandler.invokeInternal(RetryingHMSHandler.java:147) ~[classes/:?]
	at org.apache.hadoop.hive.metastore.RetryingHMSHandler.invoke(RetryingHMSHandler.java:108) ~[classes/:?]
	at com.sun.proxy.$Proxy35.drop_database(Unknown Source) ~[?:?]
	at org.apache.hadoop.hive.metastore.HiveMetaStoreClient.dropDatabaseCascadePerDb(HiveMetaStoreClient.java:1601) ~[classes/:?]
	at org.apache.hadoop.hive.metastore.HiveMetaStoreClient.dropDatabase(HiveMetaStoreClient.java:1532) ~[classes/:?]
	at org.apache.hadoop.hive.metastore.HiveMetaStoreClient.dropDatabase(HiveMetaStoreClient.java:1485) ~[classes/:?]
	at sun.reflect.NativeMethodAccessorImpl.invoke0(Native Method) ~[?:1.8.0_402]
	at sun.reflect.NativeMethodAccessorImpl.invoke(NativeMethodAccessorImpl.java:62) ~[?:1.8.0_402]
	at sun.reflect.DelegatingMethodAccessorImpl.invoke(DelegatingMethodAccessorImpl.java:43) ~[?:1.8.0_402]
	at java.lang.reflect.Method.invoke(Method.java:498) ~[?:1.8.0_402]
	at org.apache.hadoop.hive.metastore.RetryingMetaStoreClient.invoke(RetryingMetaStoreClient.java:218) ~[classes/:?]
	at com.sun.proxy.$Proxy45.dropDatabase(Unknown Source) ~[?:?]
	at org.apache.hadoop.hive.ql.metadata.Hive.dropDatabase(Hive.java:662) ~[classes/:?]
	... 57 more
Caused by: java.sql.BatchUpdateException: DELETE on table 'DBS' caused a violation of foreign key constraint 'TBLS_FK1' for key (4).  The statement has been rolled back.
	at org.apache.derby.impl.jdbc.EmbedStatement.executeLargeBatch(Unknown Source) ~[derby-10.14.1.0.jar:?]
	at org.apache.derby.impl.jdbc.EmbedStatement.executeBatch(Unknown Source) ~[derby-10.14.1.0.jar:?]
	at com.zaxxer.hikari.pool.ProxyStatement.executeBatch(ProxyStatement.java:128) ~[HikariCP-java7-2.4.12.jar:?]
	at com.zaxxer.hikari.pool.HikariProxyPreparedStatement.executeBatch(HikariProxyPreparedStatement.java) ~[HikariCP-java7-2.4.12.jar:?]
	at org.datanucleus.store.rdbms.ParamLoggingPreparedStatement.executeBatch(ParamLoggingPreparedStatement.java:366) ~[datanucleus-rdbms-5.2.4.jar:?]
	at org.datanucleus.store.rdbms.SQLController.processConnectionStatement(SQLController.java:675) ~[datanucleus-rdbms-5.2.4.jar:?]
	at org.datanucleus.store.rdbms.SQLController.processStatementsForConnection(SQLController.java:643) ~[datanucleus-rdbms-5.2.4.jar:?]
	at org.datanucleus.store.rdbms.SQLController$1.transactionFlushed(SQLController.java:729) ~[datanucleus-rdbms-5.2.4.jar:?]
	at org.datanucleus.store.connection.AbstractManagedConnection.transactionFlushed(AbstractManagedConnection.java:95) ~[datanucleus-core-5.2.4.jar:?]
	at org.datanucleus.store.connection.ConnectionManagerImpl$2.transactionFlushed(ConnectionManagerImpl.java:528) ~[datanucleus-core-5.2.4.jar:?]
	at org.datanucleus.TransactionImpl.flush(TransactionImpl.java:222) ~[datanucleus-core-5.2.4.jar:?]
	at org.datanucleus.TransactionImpl.commit(TransactionImpl.java:286) ~[datanucleus-core-5.2.4.jar:?]
	at org.datanucleus.api.jdo.JDOTransaction.commit(JDOTransaction.java:99) ~[datanucleus-api-jdo-5.2.4.jar:?]
	at org.apache.hadoop.hive.metastore.ObjectStore.commitTransaction(ObjectStore.java:615) ~[classes/:?]
	at sun.reflect.GeneratedMethodAccessor31.invoke(Unknown Source) ~[?:?]
	at sun.reflect.DelegatingMethodAccessorImpl.invoke(DelegatingMethodAccessorImpl.java:43) ~[?:1.8.0_402]
	at java.lang.reflect.Method.invoke(Method.java:498) ~[?:1.8.0_402]
	at org.apache.hadoop.hive.metastore.RawStoreProxy.invoke(RawStoreProxy.java:97) ~[classes/:?]
	at com.sun.proxy.$Proxy32.commitTransaction(Unknown Source) ~[?:?]
	at org.apache.hadoop.hive.metastore.HMSHandler.drop_database_core(HMSHandler.java:1790) ~[classes/:?]
	at org.apache.hadoop.hive.metastore.HMSHandler.drop_database(HMSHandler.java:1869) ~[classes/:?]
	at sun.reflect.GeneratedMethodAccessor54.invoke(Unknown Source) ~[?:?]
	at sun.reflect.DelegatingMethodAccessorImpl.invoke(DelegatingMethodAccessorImpl.java:43) ~[?:1.8.0_402]
	at java.lang.reflect.Method.invoke(Method.java:498) ~[?:1.8.0_402]
	at org.apache.hadoop.hive.metastore.RetryingHMSHandler.invokeInternal(RetryingHMSHandler.java:147) ~[classes/:?]
	at org.apache.hadoop.hive.metastore.RetryingHMSHandler.invoke(RetryingHMSHandler.java:108) ~[classes/:?]
	at com.sun.proxy.$Proxy35.drop_database(Unknown Source) ~[?:?]
	at org.apache.hadoop.hive.metastore.HiveMetaStoreClient.dropDatabaseCascadePerDb(HiveMetaStoreClient.java:1601) ~[classes/:?]
	at org.apache.hadoop.hive.metastore.HiveMetaStoreClient.dropDatabase(HiveMetaStoreClient.java:1532) ~[classes/:?]
	at org.apache.hadoop.hive.metastore.HiveMetaStoreClient.dropDatabase(HiveMetaStoreClient.java:1485) ~[classes/:?]
	at sun.reflect.NativeMethodAccessorImpl.invoke0(Native Method) ~[?:1.8.0_402]
	at sun.reflect.NativeMethodAccessorImpl.invoke(NativeMethodAccessorImpl.java:62) ~[?:1.8.0_402]
	at sun.reflect.DelegatingMethodAccessorImpl.invoke(DelegatingMethodAccessorImpl.java:43) ~[?:1.8.0_402]
	at java.lang.reflect.Method.invoke(Method.java:498) ~[?:1.8.0_402]
	at org.apache.hadoop.hive.metastore.RetryingMetaStoreClient.invoke(RetryingMetaStoreClient.java:218) ~[classes/:?]
	at com.sun.proxy.$Proxy45.dropDatabase(Unknown Source) ~[?:?]
	at org.apache.hadoop.hive.ql.metadata.Hive.dropDatabase(Hive.java:662) ~[classes/:?]
	... 57 more
Caused by: org.apache.derby.shared.common.error.DerbySQLIntegrityConstraintViolationException: DELETE on table 'DBS' caused a violation of foreign key constraint 'TBLS_FK1' for key (4).  The statement has been rolled back.
	at org.apache.derby.impl.jdbc.SQLExceptionFactory.getSQLException(Unknown Source) ~[derby-10.14.1.0.jar:?]
	at org.apache.derby.impl.jdbc.Util.generateCsSQLException(Unknown Source) ~[derby-10.14.1.0.jar:?]
	at org.apache.derby.impl.jdbc.TransactionResourceImpl.wrapInSQLException(Unknown Source) ~[derby-10.14.1.0.jar:?]
	at org.apache.derby.impl.jdbc.TransactionResourceImpl.handleException(Unknown Source) ~[derby-10.14.1.0.jar:?]
	at org.apache.derby.impl.jdbc.EmbedConnection.handleException(Unknown Source) ~[derby-10.14.1.0.jar:?]
	at org.apache.derby.impl.jdbc.ConnectionChild.handleException(Unknown Source) ~[derby-10.14.1.0.jar:?]
	at org.apache.derby.impl.jdbc.EmbedStatement.executeStatement(Unknown Source) ~[derby-10.14.1.0.jar:?]
	at org.apache.derby.impl.jdbc.EmbedPreparedStatement.executeBatchElement(Unknown Source) ~[derby-10.14.1.0.jar:?]
	at org.apache.derby.impl.jdbc.EmbedStatement.executeLargeBatch(Unknown Source) ~[derby-10.14.1.0.jar:?]
	at org.apache.derby.impl.jdbc.EmbedStatement.executeBatch(Unknown Source) ~[derby-10.14.1.0.jar:?]
	at com.zaxxer.hikari.pool.ProxyStatement.executeBatch(ProxyStatement.java:128) ~[HikariCP-java7-2.4.12.jar:?]
	at com.zaxxer.hikari.pool.HikariProxyPreparedStatement.executeBatch(HikariProxyPreparedStatement.java) ~[HikariCP-java7-2.4.12.jar:?]
	at org.datanucleus.store.rdbms.ParamLoggingPreparedStatement.executeBatch(ParamLoggingPreparedStatement.java:366) ~[datanucleus-rdbms-5.2.4.jar:?]
	at org.datanucleus.store.rdbms.SQLController.processConnectionStatement(SQLController.java:675) ~[datanucleus-rdbms-5.2.4.jar:?]
	at org.datanucleus.store.rdbms.SQLController.processStatementsForConnection(SQLController.java:643) ~[datanucleus-rdbms-5.2.4.jar:?]
	at org.datanucleus.store.rdbms.SQLController$1.transactionFlushed(SQLController.java:729) ~[datanucleus-rdbms-5.2.4.jar:?]
	at org.datanucleus.store.connection.AbstractManagedConnection.transactionFlushed(AbstractManagedConnection.java:95) ~[datanucleus-core-5.2.4.jar:?]
	at org.datanucleus.store.connection.ConnectionManagerImpl$2.transactionFlushed(ConnectionManagerImpl.java:528) ~[datanucleus-core-5.2.4.jar:?]
	at org.datanucleus.TransactionImpl.flush(TransactionImpl.java:222) ~[datanucleus-core-5.2.4.jar:?]
	at org.datanucleus.TransactionImpl.commit(TransactionImpl.java:286) ~[datanucleus-core-5.2.4.jar:?]
	at org.datanucleus.api.jdo.JDOTransaction.commit(JDOTransaction.java:99) ~[datanucleus-api-jdo-5.2.4.jar:?]
	at org.apache.hadoop.hive.metastore.ObjectStore.commitTransaction(ObjectStore.java:615) ~[classes/:?]
	at sun.reflect.GeneratedMethodAccessor31.invoke(Unknown Source) ~[?:?]
	at sun.reflect.DelegatingMethodAccessorImpl.invoke(DelegatingMethodAccessorImpl.java:43) ~[?:1.8.0_402]
	at java.lang.reflect.Method.invoke(Method.java:498) ~[?:1.8.0_402]
	at org.apache.hadoop.hive.metastore.RawStoreProxy.invoke(RawStoreProxy.java:97) ~[classes/:?]
	at com.sun.proxy.$Proxy32.commitTransaction(Unknown Source) ~[?:?]
	at org.apache.hadoop.hive.metastore.HMSHandler.drop_database_core(HMSHandler.java:1790) ~[classes/:?]
	at org.apache.hadoop.hive.metastore.HMSHandler.drop_database(HMSHandler.java:1869) ~[classes/:?]
	at sun.reflect.GeneratedMethodAccessor54.invoke(Unknown Source) ~[?:?]
	at sun.reflect.DelegatingMethodAccessorImpl.invoke(DelegatingMethodAccessorImpl.java:43) ~[?:1.8.0_402]
	at java.lang.reflect.Method.invoke(Method.java:498) ~[?:1.8.0_402]
	at org.apache.hadoop.hive.metastore.RetryingHMSHandler.invokeInternal(RetryingHMSHandler.java:147) ~[classes/:?]
	at org.apache.hadoop.hive.metastore.RetryingHMSHandler.invoke(RetryingHMSHandler.java:108) ~[classes/:?]
	at com.sun.proxy.$Proxy35.drop_database(Unknown Source) ~[?:?]
	at org.apache.hadoop.hive.metastore.HiveMetaStoreClient.dropDatabaseCascadePerDb(HiveMetaStoreClient.java:1601) ~[classes/:?]
	at org.apache.hadoop.hive.metastore.HiveMetaStoreClient.dropDatabase(HiveMetaStoreClient.java:1532) ~[classes/:?]
	at org.apache.hadoop.hive.metastore.HiveMetaStoreClient.dropDatabase(HiveMetaStoreClient.java:1485) ~[classes/:?]
	at sun.reflect.NativeMethodAccessorImpl.invoke0(Native Method) ~[?:1.8.0_402]
	at sun.reflect.NativeMethodAccessorImpl.invoke(NativeMethodAccessorImpl.java:62) ~[?:1.8.0_402]
	at sun.reflect.DelegatingMethodAccessorImpl.invoke(DelegatingMethodAccessorImpl.java:43) ~[?:1.8.0_402]
	at java.lang.reflect.Method.invoke(Method.java:498) ~[?:1.8.0_402]
	at org.apache.hadoop.hive.metastore.RetryingMetaStoreClient.invoke(RetryingMetaStoreClient.java:218) ~[classes/:?]
	at com.sun.proxy.$Proxy45.dropDatabase(Unknown Source) ~[?:?]
	at org.apache.hadoop.hive.ql.metadata.Hive.dropDatabase(Hive.java:662) ~[classes/:?]
	... 57 more
Caused by: org.apache.derby.iapi.error.StandardException: DELETE on table 'DBS' caused a violation of foreign key constraint 'TBLS_FK1' for key (4).  The statement has been rolled back.
	at org.apache.derby.iapi.error.StandardException.newException(Unknown Source) ~[derby-10.14.1.0.jar:?]
	at org.apache.derby.iapi.error.StandardException.newException(Unknown Source) ~[derby-10.14.1.0.jar:?]
	at org.apache.derby.impl.sql.execute.ReferencedKeyRIChecker.doCheck(Unknown Source) ~[derby-10.14.1.0.jar:?]
	at org.apache.derby.impl.sql.execute.RISetChecker.doPKCheck(Unknown Source) ~[derby-10.14.1.0.jar:?]
	at org.apache.derby.impl.sql.execute.DeleteResultSet.collectAffectedRows(Unknown Source) ~[derby-10.14.1.0.jar:?]
	at org.apache.derby.impl.sql.execute.DeleteResultSet.open(Unknown Source) ~[derby-10.14.1.0.jar:?]
	at org.apache.derby.impl.sql.GenericPreparedStatement.executeStmt(Unknown Source) ~[derby-10.14.1.0.jar:?]
	at org.apache.derby.impl.sql.GenericPreparedStatement.execute(Unknown Source) ~[derby-10.14.1.0.jar:?]
	at org.apache.derby.impl.jdbc.EmbedStatement.executeStatement(Unknown Source) ~[derby-10.14.1.0.jar:?]
	at org.apache.derby.impl.jdbc.EmbedPreparedStatement.executeBatchElement(Unknown Source) ~[derby-10.14.1.0.jar:?]
	at org.apache.derby.impl.jdbc.EmbedStatement.executeLargeBatch(Unknown Source) ~[derby-10.14.1.0.jar:?]
	at org.apache.derby.impl.jdbc.EmbedStatement.executeBatch(Unknown Source) ~[derby-10.14.1.0.jar:?]
	at com.zaxxer.hikari.pool.ProxyStatement.executeBatch(ProxyStatement.java:128) ~[HikariCP-java7-2.4.12.jar:?]
	at com.zaxxer.hikari.pool.HikariProxyPreparedStatement.executeBatch(HikariProxyPreparedStatement.java) ~[HikariCP-java7-2.4.12.jar:?]
	at org.datanucleus.store.rdbms.ParamLoggingPreparedStatement.executeBatch(ParamLoggingPreparedStatement.java:366) ~[datanucleus-rdbms-5.2.4.jar:?]
	at org.datanucleus.store.rdbms.SQLController.processConnectionStatement(SQLController.java:675) ~[datanucleus-rdbms-5.2.4.jar:?]
	at org.datanucleus.store.rdbms.SQLController.processStatementsForConnection(SQLController.java:643) ~[datanucleus-rdbms-5.2.4.jar:?]
	at org.datanucleus.store.rdbms.SQLController$1.transactionFlushed(SQLController.java:729) ~[datanucleus-rdbms-5.2.4.jar:?]
	at org.datanucleus.store.connection.AbstractManagedConnection.transactionFlushed(AbstractManagedConnection.java:95) ~[datanucleus-core-5.2.4.jar:?]
	at org.datanucleus.store.connection.ConnectionManagerImpl$2.transactionFlushed(ConnectionManagerImpl.java:528) ~[datanucleus-core-5.2.4.jar:?]
	at org.datanucleus.TransactionImpl.flush(TransactionImpl.java:222) ~[datanucleus-core-5.2.4.jar:?]
	at org.datanucleus.TransactionImpl.commit(TransactionImpl.java:286) ~[datanucleus-core-5.2.4.jar:?]
	at org.datanucleus.api.jdo.JDOTransaction.commit(JDOTransaction.java:99) ~[datanucleus-api-jdo-5.2.4.jar:?]
	at org.apache.hadoop.hive.metastore.ObjectStore.commitTransaction(ObjectStore.java:615) ~[classes/:?]
	at sun.reflect.GeneratedMethodAccessor31.invoke(Unknown Source) ~[?:?]
	at sun.reflect.DelegatingMethodAccessorImpl.invoke(DelegatingMethodAccessorImpl.java:43) ~[?:1.8.0_402]
	at java.lang.reflect.Method.invoke(Method.java:498) ~[?:1.8.0_402]
	at org.apache.hadoop.hive.metastore.RawStoreProxy.invoke(RawStoreProxy.java:97) ~[classes/:?]
	at com.sun.proxy.$Proxy32.commitTransaction(Unknown Source) ~[?:?]
	at org.apache.hadoop.hive.metastore.HMSHandler.drop_database_core(HMSHandler.java:1790) ~[classes/:?]
	at org.apache.hadoop.hive.metastore.HMSHandler.drop_database(HMSHandler.java:1869) ~[classes/:?]
	at sun.reflect.GeneratedMethodAccessor54.invoke(Unknown Source) ~[?:?]
	at sun.reflect.DelegatingMethodAccessorImpl.invoke(DelegatingMethodAccessorImpl.java:43) ~[?:1.8.0_402]
	at java.lang.reflect.Method.invoke(Method.java:498) ~[?:1.8.0_402]
	at org.apache.hadoop.hive.metastore.RetryingHMSHandler.invokeInternal(RetryingHMSHandler.java:147) ~[classes/:?]
	at org.apache.hadoop.hive.metastore.RetryingHMSHandler.invoke(RetryingHMSHandler.java:108) ~[classes/:?]
	at com.sun.proxy.$Proxy35.drop_database(Unknown Source) ~[?:?]
	at org.apache.hadoop.hive.metastore.HiveMetaStoreClient.dropDatabaseCascadePerDb(HiveMetaStoreClient.java:1601) ~[classes/:?]
	at org.apache.hadoop.hive.metastore.HiveMetaStoreClient.dropDatabase(HiveMetaStoreClient.java:1532) ~[classes/:?]
	at org.apache.hadoop.hive.metastore.HiveMetaStoreClient.dropDatabase(HiveMetaStoreClient.java:1485) ~[classes/:?]
	at sun.reflect.NativeMethodAccessorImpl.invoke0(Native Method) ~[?:1.8.0_402]
	at sun.reflect.NativeMethodAccessorImpl.invoke(NativeMethodAccessorImpl.java:62) ~[?:1.8.0_402]
	at sun.reflect.DelegatingMethodAccessorImpl.invoke(DelegatingMethodAccessorImpl.java:43) ~[?:1.8.0_402]
	at java.lang.reflect.Method.invoke(Method.java:498) ~[?:1.8.0_402]
	at org.apache.hadoop.hive.metastore.RetryingMetaStoreClient.invoke(RetryingMetaStoreClient.java:218) ~[classes/:?]
	at com.sun.proxy.$Proxy45.dropDatabase(Unknown Source) ~[?:?]
	at org.apache.hadoop.hive.ql.metadata.Hive.dropDatabase(Hive.java:662) ~[classes/:?]
	... 57 more
2024-04-24T11:30:11,131  INFO [main] reexec.ReOptimizePlugin: ReOptimization: retryPossible: false
2024-04-24T11:30:11,131  INFO [main] reexec.ReExecuteLostAMQueryPlugin: Got exception message: MetaException(message:javax.jdo.JDODataStoreException: Exception thrown flushing changes to datastore
NestedThrowables:
java.sql.BatchUpdateException: DELETE on table 'DBS' caused a violation of foreign key constraint 'TBLS_FK1' for key (4).  The statement has been rolled back.) retryPossible: false
2024-04-24T11:30:11,131  INFO [main] reexec.ReExecutionDagSubmitPlugin: Got exception message: MetaException(message:javax.jdo.JDODataStoreException: Exception thrown flushing changes to datastore
NestedThrowables:
java.sql.BatchUpdateException: DELETE on table 'DBS' caused a violation of foreign key constraint 'TBLS_FK1' for key (4).  The statement has been rolled back.) retryPossible: false
FAILED: Execution Error, return code 40000 from org.apache.hadoop.hive.ql.ddl.DDLTask. MetaException(message:javax.jdo.JDODataStoreException: Exception thrown flushing changes to datastore
NestedThrowables:
java.sql.BatchUpdateException: DELETE on table 'DBS' caused a violation of foreign key constraint 'TBLS_FK1' for key (4).  The statement has been rolled back.)
2024-04-24T11:30:11,132 ERROR [main] ql.Driver: FAILED: Execution Error, return code 40000 from org.apache.hadoop.hive.ql.ddl.DDLTask. MetaException(message:javax.jdo.JDODataStoreException: Exception thrown flushing changes to datastore
NestedThrowables:
java.sql.BatchUpdateException: DELETE on table 'DBS' caused a violation of foreign key constraint 'TBLS_FK1' for key (4).  The statement has been rolled back.)
2024-04-24T11:30:11,132  INFO [main] metadata.Hive: Dumping metastore api call timing information for : execution phase
2024-04-24T11:30:11,132  INFO [main] metadata.Hive: Total time spent in each metastore function (ms): {isCompatibleWith_(Configuration)=0}
2024-04-24T11:30:11,132  INFO [main] ql.Driver: Completed executing command(queryId=alex_20240424112950_dbc4cd5d-c54f-478f-8839-f348d0d05891); Time taken: 20.282 seconds
]]></system-err>
  </testcase>
  <testcase name="testSchemaLoadBasic" classname="org.apache.hive.hcatalog.pig.TestRCFileHCatLoader" time="20.608">
    <error message="FAILED: Execution Error, return code 40000 from org.apache.hadoop.hive.ql.ddl.DDLTask. MetaException(message:javax.jdo.JDODataStoreException: Exception thrown flushing changes to datastore&#10;NestedThrowables:&#10;java.sql.BatchUpdateException: DELETE on table &apos;DBS&apos; caused a violation of foreign key constraint &apos;TBLS_FK1&apos; for key (4).  The statement has been rolled back.)" type="(responseCode = 40000, errorMessage = FAILED"><![CDATA[(responseCode = 40000, errorMessage = FAILED: Execution Error, return code 40000 from org.apache.hadoop.hive.ql.ddl.DDLTask. MetaException(message:javax.jdo.JDODataStoreException: Exception thrown flushing changes to datastore
NestedThrowables:
java.sql.BatchUpdateException: DELETE on table 'DBS' caused a violation of foreign key constraint 'TBLS_FK1' for key (4).  The statement has been rolled back.), hiveErrorCode = 40000, SQLState = 08S01, exception = MetaException(message:javax.jdo.JDODataStoreException: Exception thrown flushing changes to datastore
NestedThrowables:
java.sql.BatchUpdateException: DELETE on table 'DBS' caused a violation of foreign key constraint 'TBLS_FK1' for key (4).  The statement has been rolled back.))
	at org.apache.hadoop.hive.ql.DriverUtils.createProcessorException(DriverUtils.java:153)
	at org.apache.hadoop.hive.ql.Executor.handleTaskFailure(Executor.java:403)
	at org.apache.hadoop.hive.ql.Executor.handleFinished(Executor.java:285)
	at org.apache.hadoop.hive.ql.Executor.runTasks(Executor.java:246)
	at org.apache.hadoop.hive.ql.Executor.execute(Executor.java:108)
	at org.apache.hadoop.hive.ql.Driver.execute(Driver.java:348)
	at org.apache.hadoop.hive.ql.Driver.runInternal(Driver.java:204)
	at org.apache.hadoop.hive.ql.Driver.run(Driver.java:153)
	at org.apache.hadoop.hive.ql.Driver.run(Driver.java:148)
	at org.apache.hadoop.hive.ql.reexec.ReExecDriver.run(ReExecDriver.java:164)
	at org.apache.hadoop.hive.ql.reexec.ReExecDriver.run(ReExecDriver.java:230)
	at org.apache.hive.hcatalog.pig.AbstractHCatLoaderTest.executeStatementOnDriver(AbstractHCatLoaderTest.java:151)
	at org.apache.hive.hcatalog.pig.AbstractHCatLoaderTest.tearDown(AbstractHCatLoaderTest.java:239)
	at sun.reflect.NativeMethodAccessorImpl.invoke0(Native Method)
	at sun.reflect.NativeMethodAccessorImpl.invoke(NativeMethodAccessorImpl.java:62)
	at sun.reflect.DelegatingMethodAccessorImpl.invoke(DelegatingMethodAccessorImpl.java:43)
	at java.lang.reflect.Method.invoke(Method.java:498)
	at org.junit.runners.model.FrameworkMethod$1.runReflectiveCall(FrameworkMethod.java:59)
	at org.junit.internal.runners.model.ReflectiveCallable.run(ReflectiveCallable.java:12)
	at org.junit.runners.model.FrameworkMethod.invokeExplosively(FrameworkMethod.java:56)
	at org.junit.internal.runners.statements.RunAfters.invokeMethod(RunAfters.java:46)
	at org.junit.internal.runners.statements.RunAfters.evaluate(RunAfters.java:33)
	at org.junit.runners.ParentRunner$3.evaluate(ParentRunner.java:306)
	at org.junit.runners.BlockJUnit4ClassRunner$1.evaluate(BlockJUnit4ClassRunner.java:100)
	at org.junit.runners.ParentRunner.runLeaf(ParentRunner.java:366)
	at org.junit.runners.BlockJUnit4ClassRunner.runChild(BlockJUnit4ClassRunner.java:103)
	at org.junit.runners.BlockJUnit4ClassRunner.runChild(BlockJUnit4ClassRunner.java:63)
	at org.junit.runners.ParentRunner$4.run(ParentRunner.java:331)
	at org.junit.runners.ParentRunner$1.schedule(ParentRunner.java:79)
	at org.junit.runners.ParentRunner.runChildren(ParentRunner.java:329)
	at org.junit.runners.ParentRunner.access$100(ParentRunner.java:66)
	at org.junit.runners.ParentRunner$2.evaluate(ParentRunner.java:293)
	at org.junit.internal.runners.statements.RunBefores.evaluate(RunBefores.java:26)
	at org.junit.runners.ParentRunner$3.evaluate(ParentRunner.java:306)
	at org.junit.runners.ParentRunner.run(ParentRunner.java:413)
	at org.junit.runners.Suite.runChild(Suite.java:128)
	at org.junit.runners.Suite.runChild(Suite.java:27)
	at org.junit.runners.ParentRunner$4.run(ParentRunner.java:331)
	at org.junit.runners.ParentRunner$1.schedule(ParentRunner.java:79)
	at org.junit.runners.ParentRunner.runChildren(ParentRunner.java:329)
	at org.junit.runners.ParentRunner.access$100(ParentRunner.java:66)
	at org.junit.runners.ParentRunner$2.evaluate(ParentRunner.java:293)
	at org.junit.runners.ParentRunner$3.evaluate(ParentRunner.java:306)
	at org.junit.runners.ParentRunner.run(ParentRunner.java:413)
	at org.apache.maven.surefire.junitcore.JUnitCore.run(JUnitCore.java:55)
	at org.apache.maven.surefire.junitcore.JUnitCoreWrapper.createRequestAndRun(JUnitCoreWrapper.java:137)
	at org.apache.maven.surefire.junitcore.JUnitCoreWrapper.executeEager(JUnitCoreWrapper.java:107)
	at org.apache.maven.surefire.junitcore.JUnitCoreWrapper.execute(JUnitCoreWrapper.java:83)
	at org.apache.maven.surefire.junitcore.JUnitCoreWrapper.execute(JUnitCoreWrapper.java:75)
	at org.apache.maven.surefire.junitcore.JUnitCoreProvider.invoke(JUnitCoreProvider.java:158)
	at org.apache.maven.surefire.booter.ForkedBooter.runSuitesInProcess(ForkedBooter.java:377)
	at org.apache.maven.surefire.booter.ForkedBooter.execute(ForkedBooter.java:138)
	at org.apache.maven.surefire.booter.ForkedBooter.run(ForkedBooter.java:465)
	at org.apache.maven.surefire.booter.ForkedBooter.main(ForkedBooter.java:451)
Caused by: org.apache.hadoop.hive.ql.metadata.HiveException: MetaException(message:javax.jdo.JDODataStoreException: Exception thrown flushing changes to datastore
NestedThrowables:
java.sql.BatchUpdateException: DELETE on table 'DBS' caused a violation of foreign key constraint 'TBLS_FK1' for key (4).  The statement has been rolled back.)
	at org.apache.hadoop.hive.ql.metadata.Hive.dropDatabase(Hive.java:666)
	at org.apache.hadoop.hive.ql.ddl.database.drop.DropDatabaseOperation.execute(DropDatabaseOperation.java:52)
	at org.apache.hadoop.hive.ql.ddl.DDLTask.execute(DDLTask.java:84)
	at org.apache.hadoop.hive.ql.exec.Task.executeTask(Task.java:212)
	at org.apache.hadoop.hive.ql.exec.TaskRunner.runSequential(TaskRunner.java:105)
	at org.apache.hadoop.hive.ql.Executor.launchTask(Executor.java:361)
	at org.apache.hadoop.hive.ql.Executor.launchTasks(Executor.java:334)
	at org.apache.hadoop.hive.ql.Executor.runTasks(Executor.java:245)
	... 50 more
Caused by: MetaException(message:javax.jdo.JDODataStoreException: Exception thrown flushing changes to datastore
NestedThrowables:
java.sql.BatchUpdateException: DELETE on table 'DBS' caused a violation of foreign key constraint 'TBLS_FK1' for key (4).  The statement has been rolled back.)
	at org.apache.hadoop.hive.metastore.RetryingHMSHandler.invokeInternal(RetryingHMSHandler.java:209)
	at org.apache.hadoop.hive.metastore.RetryingHMSHandler.invoke(RetryingHMSHandler.java:108)
	at com.sun.proxy.$Proxy35.drop_database(Unknown Source)
	at org.apache.hadoop.hive.metastore.HiveMetaStoreClient.dropDatabaseCascadePerDb(HiveMetaStoreClient.java:1601)
	at org.apache.hadoop.hive.metastore.HiveMetaStoreClient.dropDatabase(HiveMetaStoreClient.java:1532)
	at org.apache.hadoop.hive.metastore.HiveMetaStoreClient.dropDatabase(HiveMetaStoreClient.java:1485)
	at sun.reflect.NativeMethodAccessorImpl.invoke0(Native Method)
	at sun.reflect.NativeMethodAccessorImpl.invoke(NativeMethodAccessorImpl.java:62)
	at sun.reflect.DelegatingMethodAccessorImpl.invoke(DelegatingMethodAccessorImpl.java:43)
	at java.lang.reflect.Method.invoke(Method.java:498)
	at org.apache.hadoop.hive.metastore.RetryingMetaStoreClient.invoke(RetryingMetaStoreClient.java:218)
	at com.sun.proxy.$Proxy45.dropDatabase(Unknown Source)
	at org.apache.hadoop.hive.ql.metadata.Hive.dropDatabase(Hive.java:662)
	... 57 more
Caused by: javax.jdo.JDODataStoreException: Exception thrown flushing changes to datastore
NestedThrowables:
java.sql.BatchUpdateException: DELETE on table 'DBS' caused a violation of foreign key constraint 'TBLS_FK1' for key (4).  The statement has been rolled back.
	at org.datanucleus.api.jdo.NucleusJDOHelper.getJDOExceptionForNucleusException(NucleusJDOHelper.java:542)
	at org.datanucleus.api.jdo.JDOTransaction.commit(JDOTransaction.java:162)
	at org.apache.hadoop.hive.metastore.ObjectStore.commitTransaction(ObjectStore.java:615)
	at sun.reflect.GeneratedMethodAccessor31.invoke(Unknown Source)
	at sun.reflect.DelegatingMethodAccessorImpl.invoke(DelegatingMethodAccessorImpl.java:43)
	at java.lang.reflect.Method.invoke(Method.java:498)
	at org.apache.hadoop.hive.metastore.RawStoreProxy.invoke(RawStoreProxy.java:97)
	at com.sun.proxy.$Proxy32.commitTransaction(Unknown Source)
	at org.apache.hadoop.hive.metastore.HMSHandler.drop_database_core(HMSHandler.java:1790)
	at org.apache.hadoop.hive.metastore.HMSHandler.drop_database(HMSHandler.java:1869)
	at sun.reflect.GeneratedMethodAccessor54.invoke(Unknown Source)
	at sun.reflect.DelegatingMethodAccessorImpl.invoke(DelegatingMethodAccessorImpl.java:43)
	at java.lang.reflect.Method.invoke(Method.java:498)
	at org.apache.hadoop.hive.metastore.RetryingHMSHandler.invokeInternal(RetryingHMSHandler.java:147)
	... 69 more
Caused by: java.sql.BatchUpdateException: DELETE on table 'DBS' caused a violation of foreign key constraint 'TBLS_FK1' for key (4).  The statement has been rolled back.
	at org.apache.derby.impl.jdbc.EmbedStatement.executeLargeBatch(Unknown Source)
	at org.apache.derby.impl.jdbc.EmbedStatement.executeBatch(Unknown Source)
	at com.zaxxer.hikari.pool.ProxyStatement.executeBatch(ProxyStatement.java:128)
	at com.zaxxer.hikari.pool.HikariProxyPreparedStatement.executeBatch(HikariProxyPreparedStatement.java)
	at org.datanucleus.store.rdbms.ParamLoggingPreparedStatement.executeBatch(ParamLoggingPreparedStatement.java:366)
	at org.datanucleus.store.rdbms.SQLController.processConnectionStatement(SQLController.java:675)
	at org.datanucleus.store.rdbms.SQLController.processStatementsForConnection(SQLController.java:643)
	at org.datanucleus.store.rdbms.SQLController$1.transactionFlushed(SQLController.java:729)
	at org.datanucleus.store.connection.AbstractManagedConnection.transactionFlushed(AbstractManagedConnection.java:95)
	at org.datanucleus.store.connection.ConnectionManagerImpl$2.transactionFlushed(ConnectionManagerImpl.java:528)
	at org.datanucleus.TransactionImpl.flush(TransactionImpl.java:222)
	at org.datanucleus.TransactionImpl.commit(TransactionImpl.java:286)
	at org.datanucleus.api.jdo.JDOTransaction.commit(JDOTransaction.java:99)
	... 81 more
Caused by: org.apache.derby.shared.common.error.DerbySQLIntegrityConstraintViolationException: DELETE on table 'DBS' caused a violation of foreign key constraint 'TBLS_FK1' for key (4).  The statement has been rolled back.
	at org.apache.derby.impl.jdbc.SQLExceptionFactory.getSQLException(Unknown Source)
	at org.apache.derby.impl.jdbc.Util.generateCsSQLException(Unknown Source)
	at org.apache.derby.impl.jdbc.TransactionResourceImpl.wrapInSQLException(Unknown Source)
	at org.apache.derby.impl.jdbc.TransactionResourceImpl.handleException(Unknown Source)
	at org.apache.derby.impl.jdbc.EmbedConnection.handleException(Unknown Source)
	at org.apache.derby.impl.jdbc.ConnectionChild.handleException(Unknown Source)
	at org.apache.derby.impl.jdbc.EmbedStatement.executeStatement(Unknown Source)
	at org.apache.derby.impl.jdbc.EmbedPreparedStatement.executeBatchElement(Unknown Source)
	... 94 more
Caused by: ERROR 23503: DELETE on table 'DBS' caused a violation of foreign key constraint 'TBLS_FK1' for key (4).  The statement has been rolled back.
	at org.apache.derby.iapi.error.StandardException.newException(Unknown Source)
	at org.apache.derby.iapi.error.StandardException.newException(Unknown Source)
	at org.apache.derby.impl.sql.execute.ReferencedKeyRIChecker.doCheck(Unknown Source)
	at org.apache.derby.impl.sql.execute.RISetChecker.doPKCheck(Unknown Source)
	at org.apache.derby.impl.sql.execute.DeleteResultSet.collectAffectedRows(Unknown Source)
	at org.apache.derby.impl.sql.execute.DeleteResultSet.open(Unknown Source)
	at org.apache.derby.impl.sql.GenericPreparedStatement.executeStmt(Unknown Source)
	at org.apache.derby.impl.sql.GenericPreparedStatement.execute(Unknown Source)
	... 96 more
]]></error>
  </testcase>
  <testcase name="testReadPartitionedBasic" classname="org.apache.hive.hcatalog.pig.TestRCFileHCatLoader" time="18.809">
    <error message="FAILED: Execution Error, return code 40000 from org.apache.hadoop.hive.ql.ddl.DDLTask. AlreadyExistsException(message:Table hive.default.junit_unparted_basic already exists)" type="(responseCode = 40000, errorMessage = FAILED"><![CDATA[(responseCode = 40000, errorMessage = FAILED: Execution Error, return code 40000 from org.apache.hadoop.hive.ql.ddl.DDLTask. AlreadyExistsException(message:Table hive.default.junit_unparted_basic already exists), hiveErrorCode = 40000, SQLState = 08S01, exception = AlreadyExistsException(message:Table hive.default.junit_unparted_basic already exists))
	at org.apache.hadoop.hive.ql.DriverUtils.createProcessorException(DriverUtils.java:153)
	at org.apache.hadoop.hive.ql.Executor.handleTaskFailure(Executor.java:403)
	at org.apache.hadoop.hive.ql.Executor.handleFinished(Executor.java:285)
	at org.apache.hadoop.hive.ql.Executor.runTasks(Executor.java:246)
	at org.apache.hadoop.hive.ql.Executor.execute(Executor.java:108)
	at org.apache.hadoop.hive.ql.Driver.execute(Driver.java:348)
	at org.apache.hadoop.hive.ql.Driver.runInternal(Driver.java:204)
	at org.apache.hadoop.hive.ql.Driver.run(Driver.java:153)
	at org.apache.hadoop.hive.ql.Driver.run(Driver.java:148)
	at org.apache.hadoop.hive.ql.reexec.ReExecDriver.run(ReExecDriver.java:164)
	at org.apache.hadoop.hive.ql.reexec.ReExecDriver.run(ReExecDriver.java:230)
	at org.apache.hive.hcatalog.pig.AbstractHCatLoaderTest.executeStatementOnDriver(AbstractHCatLoaderTest.java:151)
	at org.apache.hive.hcatalog.pig.AbstractHCatLoaderTest.createTable(AbstractHCatLoaderTest.java:134)
	at org.apache.hive.hcatalog.pig.AbstractHCatLoaderTest.createTable(AbstractHCatLoaderTest.java:104)
	at org.apache.hive.hcatalog.pig.AbstractHCatLoaderTest.createTableDefaultDB(AbstractHCatLoaderTest.java:142)
	at org.apache.hive.hcatalog.pig.AbstractHCatLoaderTest.setUpTest(AbstractHCatLoaderTest.java:162)
	at sun.reflect.NativeMethodAccessorImpl.invoke0(Native Method)
	at sun.reflect.NativeMethodAccessorImpl.invoke(NativeMethodAccessorImpl.java:62)
	at sun.reflect.DelegatingMethodAccessorImpl.invoke(DelegatingMethodAccessorImpl.java:43)
	at java.lang.reflect.Method.invoke(Method.java:498)
	at org.junit.runners.model.FrameworkMethod$1.runReflectiveCall(FrameworkMethod.java:59)
	at org.junit.internal.runners.model.ReflectiveCallable.run(ReflectiveCallable.java:12)
	at org.junit.runners.model.FrameworkMethod.invokeExplosively(FrameworkMethod.java:56)
	at org.junit.internal.runners.statements.RunBefores.invokeMethod(RunBefores.java:33)
	at org.junit.internal.runners.statements.RunBefores.evaluate(RunBefores.java:24)
	at org.junit.internal.runners.statements.RunAfters.evaluate(RunAfters.java:27)
	at org.junit.runners.ParentRunner$3.evaluate(ParentRunner.java:306)
	at org.junit.runners.BlockJUnit4ClassRunner$1.evaluate(BlockJUnit4ClassRunner.java:100)
	at org.junit.runners.ParentRunner.runLeaf(ParentRunner.java:366)
	at org.junit.runners.BlockJUnit4ClassRunner.runChild(BlockJUnit4ClassRunner.java:103)
	at org.junit.runners.BlockJUnit4ClassRunner.runChild(BlockJUnit4ClassRunner.java:63)
	at org.junit.runners.ParentRunner$4.run(ParentRunner.java:331)
	at org.junit.runners.ParentRunner$1.schedule(ParentRunner.java:79)
	at org.junit.runners.ParentRunner.runChildren(ParentRunner.java:329)
	at org.junit.runners.ParentRunner.access$100(ParentRunner.java:66)
	at org.junit.runners.ParentRunner$2.evaluate(ParentRunner.java:293)
	at org.junit.internal.runners.statements.RunBefores.evaluate(RunBefores.java:26)
	at org.junit.runners.ParentRunner$3.evaluate(ParentRunner.java:306)
	at org.junit.runners.ParentRunner.run(ParentRunner.java:413)
	at org.junit.runners.Suite.runChild(Suite.java:128)
	at org.junit.runners.Suite.runChild(Suite.java:27)
	at org.junit.runners.ParentRunner$4.run(ParentRunner.java:331)
	at org.junit.runners.ParentRunner$1.schedule(ParentRunner.java:79)
	at org.junit.runners.ParentRunner.runChildren(ParentRunner.java:329)
	at org.junit.runners.ParentRunner.access$100(ParentRunner.java:66)
	at org.junit.runners.ParentRunner$2.evaluate(ParentRunner.java:293)
	at org.junit.runners.ParentRunner$3.evaluate(ParentRunner.java:306)
	at org.junit.runners.ParentRunner.run(ParentRunner.java:413)
	at org.apache.maven.surefire.junitcore.JUnitCore.run(JUnitCore.java:55)
	at org.apache.maven.surefire.junitcore.JUnitCoreWrapper.createRequestAndRun(JUnitCoreWrapper.java:137)
	at org.apache.maven.surefire.junitcore.JUnitCoreWrapper.executeEager(JUnitCoreWrapper.java:107)
	at org.apache.maven.surefire.junitcore.JUnitCoreWrapper.execute(JUnitCoreWrapper.java:83)
	at org.apache.maven.surefire.junitcore.JUnitCoreWrapper.execute(JUnitCoreWrapper.java:75)
	at org.apache.maven.surefire.junitcore.JUnitCoreProvider.invoke(JUnitCoreProvider.java:158)
	at org.apache.maven.surefire.booter.ForkedBooter.runSuitesInProcess(ForkedBooter.java:377)
	at org.apache.maven.surefire.booter.ForkedBooter.execute(ForkedBooter.java:138)
	at org.apache.maven.surefire.booter.ForkedBooter.run(ForkedBooter.java:465)
	at org.apache.maven.surefire.booter.ForkedBooter.main(ForkedBooter.java:451)
Caused by: org.apache.hadoop.hive.ql.metadata.HiveException: AlreadyExistsException(message:Table hive.default.junit_unparted_basic already exists)
	at org.apache.hadoop.hive.ql.metadata.Hive.createTable(Hive.java:1298)
	at org.apache.hadoop.hive.ql.metadata.Hive.createTable(Hive.java:1306)
	at org.apache.hadoop.hive.ql.ddl.table.create.CreateTableOperation.createTableNonReplaceMode(CreateTableOperation.java:140)
	at org.apache.hadoop.hive.ql.ddl.table.create.CreateTableOperation.execute(CreateTableOperation.java:98)
	at org.apache.hadoop.hive.ql.ddl.DDLTask.execute(DDLTask.java:84)
	at org.apache.hadoop.hive.ql.exec.Task.executeTask(Task.java:212)
	at org.apache.hadoop.hive.ql.exec.TaskRunner.runSequential(TaskRunner.java:105)
	at org.apache.hadoop.hive.ql.Executor.launchTask(Executor.java:361)
	at org.apache.hadoop.hive.ql.Executor.launchTasks(Executor.java:334)
	at org.apache.hadoop.hive.ql.Executor.runTasks(Executor.java:245)
	... 54 more
Caused by: AlreadyExistsException(message:Table hive.default.junit_unparted_basic already exists)
	at org.apache.hadoop.hive.metastore.HMSHandler.create_table_core(HMSHandler.java:2339)
	at org.apache.hadoop.hive.metastore.HMSHandler.create_table_req(HMSHandler.java:2598)
	at sun.reflect.GeneratedMethodAccessor40.invoke(Unknown Source)
	at sun.reflect.DelegatingMethodAccessorImpl.invoke(DelegatingMethodAccessorImpl.java:43)
	at java.lang.reflect.Method.invoke(Method.java:498)
	at org.apache.hadoop.hive.metastore.RetryingHMSHandler.invokeInternal(RetryingHMSHandler.java:147)
	at org.apache.hadoop.hive.metastore.RetryingHMSHandler.invoke(RetryingHMSHandler.java:108)
	at com.sun.proxy.$Proxy35.create_table_req(Unknown Source)
	at org.apache.hadoop.hive.metastore.HiveMetaStoreClient.create_table_with_environment_context(HiveMetaStoreClient.java:4408)
	at org.apache.hadoop.hive.ql.metadata.SessionHiveMetaStoreClient.create_table_with_environment_context(SessionHiveMetaStoreClient.java:182)
	at org.apache.hadoop.hive.metastore.HiveMetaStoreClient.createTable(HiveMetaStoreClient.java:1260)
	at org.apache.hadoop.hive.metastore.HiveMetaStoreClient.createTable(HiveMetaStoreClient.java:1245)
	at sun.reflect.GeneratedMethodAccessor39.invoke(Unknown Source)
	at sun.reflect.DelegatingMethodAccessorImpl.invoke(DelegatingMethodAccessorImpl.java:43)
	at java.lang.reflect.Method.invoke(Method.java:498)
	at org.apache.hadoop.hive.metastore.RetryingMetaStoreClient.invoke(RetryingMetaStoreClient.java:218)
	at com.sun.proxy.$Proxy45.createTable(Unknown Source)
	at org.apache.hadoop.hive.ql.metadata.Hive.createTable(Hive.java:1290)
	... 63 more
]]></error>
    <system-err><![CDATA[2024-04-24T11:30:11,165  WARN [main] conf.HiveConf: HiveConf of name hive.metastore.metadb.dir does not exist
2024-04-24T11:30:11,165  WARN [main] conf.HiveConf: HiveConf of name hive.metastore.client.cache.recordStats does not exist
2024-04-24T11:30:11,166  WARN [main] conf.HiveConf: HiveConf of name hive.llap.io.cache.orc.size does not exist
2024-04-24T11:30:11,166  WARN [main] conf.HiveConf: HiveConf of name hive.stats.key.prefix.reserve.length does not exist
2024-04-24T11:30:11,166  WARN [main] conf.HiveConf: HiveConf of name hive.metastore.client.cache.maxSize does not exist
2024-04-24T11:30:11,166  WARN [main] conf.HiveConf: HiveConf of name hive.llap.io.cache.orc.alloc.min does not exist
2024-04-24T11:30:11,166  WARN [main] conf.HiveConf: HiveConf of name hive.llap.io.cache.orc.arena.size does not exist
2024-04-24T11:30:11,166  WARN [main] conf.HiveConf: HiveConf of name hive.dummyparam.test.server.specific.config.override does not exist
2024-04-24T11:30:11,166  WARN [main] conf.HiveConf: HiveConf of name hive.dummyparam.test.server.specific.config.metastoresite does not exist
2024-04-24T11:30:11,166  WARN [main] conf.HiveConf: HiveConf of name hive.llap.io.cache.orc.alloc.max does not exist
2024-04-24T11:30:11,166  WARN [main] conf.HiveConf: HiveConf of name hive.dummyparam.test.server.specific.config.hivesite does not exist
2024-04-24T11:30:11,167  INFO [main] metastore.HiveMetaStoreClient: HMS client filtering is enabled.
2024-04-24T11:30:11,168  INFO [main] metastore.PersistenceManagerProvider: Configuration datanucleus.autoStartMechanismMode is not set. Defaulting to 'ignored'
2024-04-24T11:30:11,168  INFO [main] metastore.ObjectStore: RawStore: org.apache.hadoop.hive.metastore.ObjectStore@1ad7f684, with PersistenceManager: org.datanucleus.api.jdo.JDOPersistenceManager@1c67b516 will be shutdown
2024-04-24T11:30:11,168  INFO [main] metastore.ObjectStore: RawStore: org.apache.hadoop.hive.metastore.ObjectStore@1ad7f684, with PersistenceManager: org.datanucleus.api.jdo.JDOPersistenceManager@1caaa62c created in the thread with id: 1
2024-04-24T11:30:11,169  INFO [main] metastore.HMSHandler: HMS server filtering is disabled by configuration
Hive Session ID = a0c75d0e-de42-4a30-90d4-e3d7aa3c1748
2024-04-24T11:30:11,170  INFO [main] SessionState: Hive Session ID = a0c75d0e-de42-4a30-90d4-e3d7aa3c1748
ivysettings.xml file not found in HIVE_HOME or HIVE_CONF_DIR,file:/home/alex/.m2/repository/org/apache/pig/pig/0.16.0/pig-0.16.0-h2.jar!/ivysettings.xml will be used
2024-04-24T11:30:11,170  INFO [main] DependencyResolver: ivysettings.xml file not found in HIVE_HOME or HIVE_CONF_DIR,file:/home/alex/.m2/repository/org/apache/pig/pig/0.16.0/pig-0.16.0-h2.jar!/ivysettings.xml will be used
2024-04-24T11:30:11,175  INFO [main] session.SessionState: Created HDFS directory: /home/alex/Repositories/hive/hcatalog/hcatalog-pig-adapter/target/tmp/scratchdir/alex/a0c75d0e-de42-4a30-90d4-e3d7aa3c1748
2024-04-24T11:30:11,177  INFO [main] session.SessionState: Created local directory: /home/alex/Repositories/hive/hcatalog/hcatalog-pig-adapter/target/tmp/localscratchdir/a0c75d0e-de42-4a30-90d4-e3d7aa3c1748
2024-04-24T11:30:11,179  INFO [main] session.SessionState: Created HDFS directory: /home/alex/Repositories/hive/hcatalog/hcatalog-pig-adapter/target/tmp/scratchdir/alex/a0c75d0e-de42-4a30-90d4-e3d7aa3c1748/_tmp_space.db
2024-04-24T11:30:11,180  INFO [main] ql.Driver: Compiling command(queryId=alex_20240424113011_fb178607-4e24-4aeb-a867-fe981b3fa0c9): use default
2024-04-24T11:30:11,180  INFO [main] HiveMetaStore.audit: ugi=alex	ip=unknown-ip-addr	cmd=get_database: default	
2024-04-24T11:30:11,181  INFO [main] ql.Driver: Semantic Analysis Completed (retrial = false)
2024-04-24T11:30:11,181  INFO [main] ql.Driver: Created Hive schema: Schema(fieldSchemas:null, properties:null)
2024-04-24T11:30:11,181  INFO [main] metadata.Hive: Dumping metastore api call timing information for : compilation phase
2024-04-24T11:30:11,182  INFO [main] metadata.Hive: Total time spent in each metastore function (ms): {flushCache_()=0, isCompatibleWith_(Configuration)=0, getDatabase_(String)=1}
2024-04-24T11:30:11,182  INFO [main] ql.Driver: Completed compiling command(queryId=alex_20240424113011_fb178607-4e24-4aeb-a867-fe981b3fa0c9); Time taken: 0.001 seconds
2024-04-24T11:30:11,182  INFO [main] reexec.ReExecDriver: Execution #1 of query
2024-04-24T11:30:11,182  INFO [main] ql.Driver: Concurrency mode is disabled, not creating a lock manager
2024-04-24T11:30:11,182  INFO [main] ql.Driver: Executing command(queryId=alex_20240424113011_fb178607-4e24-4aeb-a867-fe981b3fa0c9): use default
2024-04-24T11:30:11,182  INFO [main] ql.Driver: Starting task [Stage-0:DDL] in serial mode
2024-04-24T11:30:11,183  INFO [main] HiveMetaStore.audit: ugi=alex	ip=unknown-ip-addr	cmd=get_database: default	
2024-04-24T11:30:11,184  INFO [main] HiveMetaStore.audit: ugi=alex	ip=unknown-ip-addr	cmd=get_database: default	
2024-04-24T11:30:11,184  INFO [main] metadata.Hive: Dumping metastore api call timing information for : execution phase
2024-04-24T11:30:11,184  INFO [main] metadata.Hive: Total time spent in each metastore function (ms): {isCompatibleWith_(Configuration)=1, getDatabase_(String)=1}
2024-04-24T11:30:11,185  INFO [main] ql.Driver: Completed executing command(queryId=alex_20240424113011_fb178607-4e24-4aeb-a867-fe981b3fa0c9); Time taken: 0.002 seconds
2024-04-24T11:30:11,185  INFO [main] ql.Driver: Compiling command(queryId=alex_20240424113011_fb178607-4e24-4aeb-a867-fe981b3fa0c9): create table junit_unparted_basic(a int, b string) stored as RCFILE TBLPROPERTIES ('transactional'='false')
2024-04-24T11:30:11,185  INFO [main] parse.CalcitePlanner: Starting caching scope for: alex_20240424113011_fb178607-4e24-4aeb-a867-fe981b3fa0c9
2024-04-24T11:30:11,186  INFO [main] parse.CalcitePlanner: Starting Semantic Analysis
2024-04-24T11:30:11,186  INFO [main] sqlstd.SQLStdHiveAccessController: Created SQLStdHiveAccessController for session context : HiveAuthzSessionContext [sessionString=a0c75d0e-de42-4a30-90d4-e3d7aa3c1748, clientType=HIVECLI]
2024-04-24T11:30:11,186  INFO [main] metastore.HiveMetaStoreClient: Mestastore configuration metastore.filter.hook changed from org.apache.hadoop.hive.metastore.DefaultMetaStoreFilterHookImpl to org.apache.hadoop.hive.ql.security.authorization.plugin.AuthorizationMetaStoreFilterHook
2024-04-24T11:30:11,186  INFO [main] HiveMetaStore.audit: ugi=alex	ip=unknown-ip-addr	cmd=Cleaning up thread local RawStore...	
2024-04-24T11:30:11,186  INFO [main] metastore.ObjectStore: RawStore: org.apache.hadoop.hive.metastore.ObjectStore@1ad7f684, with PersistenceManager: org.datanucleus.api.jdo.JDOPersistenceManager@1caaa62c will be shutdown
2024-04-24T11:30:11,186  INFO [main] HiveMetaStore.audit: ugi=alex	ip=unknown-ip-addr	cmd=Done cleaning up thread local RawStore	
2024-04-24T11:30:11,186  INFO [main] metastore.HiveMetaStoreClient: Closed a connection to metastore, current connections: -39
2024-04-24T11:30:11,187  INFO [main] metastore.HiveMetaStoreClient: HMS client filtering is enabled.
2024-04-24T11:30:11,188  INFO [main] metastore.HMSHandler: 0: Opening raw store with implementation class:org.apache.hadoop.hive.metastore.ObjectStore
2024-04-24T11:30:11,188  INFO [main] metastore.PersistenceManagerProvider: Configuration datanucleus.autoStartMechanismMode is not set. Defaulting to 'ignored'
2024-04-24T11:30:11,188  INFO [main] metastore.ObjectStore: RawStore: org.apache.hadoop.hive.metastore.ObjectStore@2db0fdb7, with PersistenceManager: null will be shutdown
2024-04-24T11:30:11,188  INFO [main] metastore.ObjectStore: RawStore: org.apache.hadoop.hive.metastore.ObjectStore@2db0fdb7, with PersistenceManager: org.datanucleus.api.jdo.JDOPersistenceManager@7e0dbaf7 created in the thread with id: 1
2024-04-24T11:30:11,190  INFO [main] metastore.HMSHandler: Created RawStore: org.apache.hadoop.hive.metastore.ObjectStore@2db0fdb7 from thread id: 1
2024-04-24T11:30:11,190  INFO [main] metastore.HMSHandler: HMS server filtering is disabled by configuration
2024-04-24T11:30:11,190  INFO [main] metastore.RetryingMetaStoreClient: RetryingMetaStoreClient proxy=class org.apache.hadoop.hive.ql.metadata.SessionHiveMetaStoreClient ugi=alex (auth:SIMPLE) retries=1 delay=1 lifetime=0
2024-04-24T11:30:11,190  INFO [main] parse.CalcitePlanner: Creating table default.junit_unparted_basic position=13
2024-04-24T11:30:11,191  INFO [main] metastore.HiveMetaStoreClient: HMS client filtering is enabled.
2024-04-24T11:30:11,191  INFO [main] metastore.PersistenceManagerProvider: Configuration datanucleus.autoStartMechanismMode is not set. Defaulting to 'ignored'
2024-04-24T11:30:11,191  INFO [main] metastore.ObjectStore: RawStore: org.apache.hadoop.hive.metastore.ObjectStore@2db0fdb7, with PersistenceManager: org.datanucleus.api.jdo.JDOPersistenceManager@7e0dbaf7 will be shutdown
2024-04-24T11:30:11,191  INFO [main] metastore.ObjectStore: RawStore: org.apache.hadoop.hive.metastore.ObjectStore@2db0fdb7, with PersistenceManager: org.datanucleus.api.jdo.JDOPersistenceManager@1df10f52 created in the thread with id: 1
2024-04-24T11:30:11,193  INFO [main] metastore.HMSHandler: HMS server filtering is disabled by configuration
2024-04-24T11:30:11,193  INFO [main] metastore.RetryingMetaStoreClient: RetryingMetaStoreClient proxy=class org.apache.hadoop.hive.ql.metadata.SessionHiveMetaStoreClient ugi=alex (auth:SIMPLE) retries=1 delay=1 lifetime=0
2024-04-24T11:30:11,193  INFO [main] HiveMetaStore.audit: ugi=alex	ip=unknown-ip-addr	cmd=get_database: default	
2024-04-24T11:30:11,194  INFO [main] parse.CalcitePlanner: Ending caching scope for: alex_20240424113011_fb178607-4e24-4aeb-a867-fe981b3fa0c9
2024-04-24T11:30:11,194  INFO [main] ql.Driver: Semantic Analysis Completed (retrial = false)
2024-04-24T11:30:11,194  INFO [main] ql.Driver: Created Hive schema: Schema(fieldSchemas:null, properties:null)
2024-04-24T11:30:11,194  INFO [main] metadata.Hive: Dumping metastore api call timing information for : compilation phase
2024-04-24T11:30:11,194  INFO [main] metadata.Hive: Total time spent in each metastore function (ms): {}
2024-04-24T11:30:11,194  INFO [main] ql.Driver: Completed compiling command(queryId=alex_20240424113011_fb178607-4e24-4aeb-a867-fe981b3fa0c9); Time taken: 0.009 seconds
2024-04-24T11:30:11,194  INFO [main] reexec.ReExecDriver: Execution #1 of query
2024-04-24T11:30:11,194  INFO [main] ql.Driver: Concurrency mode is disabled, not creating a lock manager
2024-04-24T11:30:11,194  INFO [main] ql.Driver: Executing command(queryId=alex_20240424113011_fb178607-4e24-4aeb-a867-fe981b3fa0c9): create table junit_unparted_basic(a int, b string) stored as RCFILE TBLPROPERTIES ('transactional'='false')
2024-04-24T11:30:11,194  INFO [main] ql.Driver: Starting task [Stage-0:DDL] in serial mode
2024-04-24T11:30:11,194  INFO [main] metastore.HiveMetaStoreClient: Mestastore configuration metastore.filter.hook changed from org.apache.hadoop.hive.ql.security.authorization.plugin.AuthorizationMetaStoreFilterHook to org.apache.hadoop.hive.metastore.DefaultMetaStoreFilterHookImpl
2024-04-24T11:30:11,195  INFO [main] HiveMetaStore.audit: ugi=alex	ip=unknown-ip-addr	cmd=Cleaning up thread local RawStore...	
2024-04-24T11:30:11,195  INFO [main] metastore.ObjectStore: RawStore: org.apache.hadoop.hive.metastore.ObjectStore@2db0fdb7, with PersistenceManager: org.datanucleus.api.jdo.JDOPersistenceManager@1df10f52 will be shutdown
2024-04-24T11:30:11,195  INFO [main] HiveMetaStore.audit: ugi=alex	ip=unknown-ip-addr	cmd=Done cleaning up thread local RawStore	
2024-04-24T11:30:11,195  INFO [main] metastore.HiveMetaStoreClient: Closed a connection to metastore, current connections: -40
2024-04-24T11:30:11,197  INFO [main] metastore.HiveMetaStoreClient: HMS client filtering is enabled.
2024-04-24T11:30:11,197  INFO [main] metastore.HMSHandler: 0: Opening raw store with implementation class:org.apache.hadoop.hive.metastore.ObjectStore
2024-04-24T11:30:11,197  INFO [main] metastore.PersistenceManagerProvider: Configuration datanucleus.autoStartMechanismMode is not set. Defaulting to 'ignored'
2024-04-24T11:30:11,198  INFO [main] metastore.ObjectStore: RawStore: org.apache.hadoop.hive.metastore.ObjectStore@5859f307, with PersistenceManager: null will be shutdown
2024-04-24T11:30:11,198  INFO [main] metastore.ObjectStore: RawStore: org.apache.hadoop.hive.metastore.ObjectStore@5859f307, with PersistenceManager: org.datanucleus.api.jdo.JDOPersistenceManager@75004ee2 created in the thread with id: 1
2024-04-24T11:30:11,199  INFO [main] metastore.HMSHandler: Created RawStore: org.apache.hadoop.hive.metastore.ObjectStore@5859f307 from thread id: 1
2024-04-24T11:30:11,199  INFO [main] metastore.HMSHandler: HMS server filtering is disabled by configuration
2024-04-24T11:30:11,199  INFO [main] metastore.RetryingMetaStoreClient: RetryingMetaStoreClient proxy=class org.apache.hadoop.hive.ql.metadata.SessionHiveMetaStoreClient ugi=alex (auth:SIMPLE) retries=1 delay=1 lifetime=0
2024-04-24T11:30:11,200  INFO [main] HiveMetaStore.audit: ugi=alex	ip=unknown-ip-addr	cmd=create_table_req: Table(tableName:junit_unparted_basic, dbName:default, owner:alex, createTime:1713983411, lastAccessTime:0, retention:0, sd:StorageDescriptor(cols:[FieldSchema(name:a, type:int, comment:null), FieldSchema(name:b, type:string, comment:null)], location:null, inputFormat:org.apache.hadoop.hive.ql.io.RCFileInputFormat, outputFormat:org.apache.hadoop.hive.ql.io.RCFileOutputFormat, compressed:false, numBuckets:-1, serdeInfo:SerDeInfo(name:null, serializationLib:org.apache.hadoop.hive.serde2.columnar.ColumnarSerDe, parameters:{serialization.format=1}), bucketCols:[], sortCols:[], parameters:{}, skewedInfo:SkewedInfo(skewedColNames:[], skewedColValues:[], skewedColValueLocationMaps:{}), storedAsSubDirectories:false), partitionKeys:[], parameters:{numRows=0, rawDataSize=0, totalSize=0, numFiles=0, numFilesErasureCoded=0, transactional=false, COLUMN_STATS_ACCURATE={"BASIC_STATS":"true","COLUMN_STATS":{"a":"true","b":"true"}}, bucketing_version=2}, viewOriginalText:null, viewExpandedText:null, tableType:MANAGED_TABLE, privileges:PrincipalPrivilegeSet(userPrivileges:{alex=[PrivilegeGrantInfo(privilege:INSERT, createTime:-1, grantor:alex, grantorType:USER, grantOption:true), PrivilegeGrantInfo(privilege:SELECT, createTime:-1, grantor:alex, grantorType:USER, grantOption:true), PrivilegeGrantInfo(privilege:UPDATE, createTime:-1, grantor:alex, grantorType:USER, grantOption:true), PrivilegeGrantInfo(privilege:DELETE, createTime:-1, grantor:alex, grantorType:USER, grantOption:true)]}, groupPrivileges:null, rolePrivileges:null), temporary:false, catName:hive, ownerType:USER)	
2024-04-24T11:30:11,208  WARN [main] metastore.HMSHandler: create_table_req got 
org.apache.hadoop.hive.metastore.api.AlreadyExistsException: Table hive.default.junit_unparted_basic already exists
	at org.apache.hadoop.hive.metastore.HMSHandler.create_table_core(HMSHandler.java:2339) ~[classes/:?]
	at org.apache.hadoop.hive.metastore.HMSHandler.create_table_req(HMSHandler.java:2598) [classes/:?]
	at sun.reflect.GeneratedMethodAccessor40.invoke(Unknown Source) ~[?:?]
	at sun.reflect.DelegatingMethodAccessorImpl.invoke(DelegatingMethodAccessorImpl.java:43) ~[?:1.8.0_402]
	at java.lang.reflect.Method.invoke(Method.java:498) ~[?:1.8.0_402]
	at org.apache.hadoop.hive.metastore.RetryingHMSHandler.invokeInternal(RetryingHMSHandler.java:147) [classes/:?]
	at org.apache.hadoop.hive.metastore.RetryingHMSHandler.invoke(RetryingHMSHandler.java:108) [classes/:?]
	at com.sun.proxy.$Proxy35.create_table_req(Unknown Source) [?:?]
	at org.apache.hadoop.hive.metastore.HiveMetaStoreClient.create_table_with_environment_context(HiveMetaStoreClient.java:4408) [classes/:?]
	at org.apache.hadoop.hive.ql.metadata.SessionHiveMetaStoreClient.create_table_with_environment_context(SessionHiveMetaStoreClient.java:182) [classes/:?]
	at org.apache.hadoop.hive.metastore.HiveMetaStoreClient.createTable(HiveMetaStoreClient.java:1260) [classes/:?]
	at org.apache.hadoop.hive.metastore.HiveMetaStoreClient.createTable(HiveMetaStoreClient.java:1245) [classes/:?]
	at sun.reflect.GeneratedMethodAccessor39.invoke(Unknown Source) ~[?:?]
	at sun.reflect.DelegatingMethodAccessorImpl.invoke(DelegatingMethodAccessorImpl.java:43) ~[?:1.8.0_402]
	at java.lang.reflect.Method.invoke(Method.java:498) ~[?:1.8.0_402]
	at org.apache.hadoop.hive.metastore.RetryingMetaStoreClient.invoke(RetryingMetaStoreClient.java:218) [classes/:?]
	at com.sun.proxy.$Proxy45.createTable(Unknown Source) [?:?]
	at org.apache.hadoop.hive.ql.metadata.Hive.createTable(Hive.java:1290) [classes/:?]
	at org.apache.hadoop.hive.ql.metadata.Hive.createTable(Hive.java:1306) [classes/:?]
	at org.apache.hadoop.hive.ql.ddl.table.create.CreateTableOperation.createTableNonReplaceMode(CreateTableOperation.java:140) [classes/:?]
	at org.apache.hadoop.hive.ql.ddl.table.create.CreateTableOperation.execute(CreateTableOperation.java:98) [classes/:?]
	at org.apache.hadoop.hive.ql.ddl.DDLTask.execute(DDLTask.java:84) [classes/:?]
	at org.apache.hadoop.hive.ql.exec.Task.executeTask(Task.java:212) [classes/:?]
	at org.apache.hadoop.hive.ql.exec.TaskRunner.runSequential(TaskRunner.java:105) [classes/:?]
	at org.apache.hadoop.hive.ql.Executor.launchTask(Executor.java:361) [classes/:?]
	at org.apache.hadoop.hive.ql.Executor.launchTasks(Executor.java:334) [classes/:?]
	at org.apache.hadoop.hive.ql.Executor.runTasks(Executor.java:245) [classes/:?]
	at org.apache.hadoop.hive.ql.Executor.execute(Executor.java:108) [classes/:?]
	at org.apache.hadoop.hive.ql.Driver.execute(Driver.java:348) [classes/:?]
	at org.apache.hadoop.hive.ql.Driver.runInternal(Driver.java:204) [classes/:?]
	at org.apache.hadoop.hive.ql.Driver.run(Driver.java:153) [classes/:?]
	at org.apache.hadoop.hive.ql.Driver.run(Driver.java:148) [classes/:?]
	at org.apache.hadoop.hive.ql.reexec.ReExecDriver.run(ReExecDriver.java:164) [classes/:?]
	at org.apache.hadoop.hive.ql.reexec.ReExecDriver.run(ReExecDriver.java:230) [classes/:?]
	at org.apache.hive.hcatalog.pig.AbstractHCatLoaderTest.executeStatementOnDriver(AbstractHCatLoaderTest.java:151) [test-classes/:?]
	at org.apache.hive.hcatalog.pig.AbstractHCatLoaderTest.createTable(AbstractHCatLoaderTest.java:134) [test-classes/:?]
	at org.apache.hive.hcatalog.pig.AbstractHCatLoaderTest.createTable(AbstractHCatLoaderTest.java:104) [test-classes/:?]
	at org.apache.hive.hcatalog.pig.AbstractHCatLoaderTest.createTableDefaultDB(AbstractHCatLoaderTest.java:142) [test-classes/:?]
	at org.apache.hive.hcatalog.pig.AbstractHCatLoaderTest.setUpTest(AbstractHCatLoaderTest.java:162) [test-classes/:?]
	at sun.reflect.NativeMethodAccessorImpl.invoke0(Native Method) ~[?:1.8.0_402]
	at sun.reflect.NativeMethodAccessorImpl.invoke(NativeMethodAccessorImpl.java:62) ~[?:1.8.0_402]
	at sun.reflect.DelegatingMethodAccessorImpl.invoke(DelegatingMethodAccessorImpl.java:43) ~[?:1.8.0_402]
	at java.lang.reflect.Method.invoke(Method.java:498) ~[?:1.8.0_402]
	at org.junit.runners.model.FrameworkMethod$1.runReflectiveCall(FrameworkMethod.java:59) [junit-4.13.jar:4.13]
	at org.junit.internal.runners.model.ReflectiveCallable.run(ReflectiveCallable.java:12) [junit-4.13.jar:4.13]
	at org.junit.runners.model.FrameworkMethod.invokeExplosively(FrameworkMethod.java:56) [junit-4.13.jar:4.13]
	at org.junit.internal.runners.statements.RunBefores.invokeMethod(RunBefores.java:33) [junit-4.13.jar:4.13]
	at org.junit.internal.runners.statements.RunBefores.evaluate(RunBefores.java:24) [junit-4.13.jar:4.13]
	at org.junit.internal.runners.statements.RunAfters.evaluate(RunAfters.java:27) [junit-4.13.jar:4.13]
	at org.junit.runners.ParentRunner$3.evaluate(ParentRunner.java:306) [junit-4.13.jar:4.13]
	at org.junit.runners.BlockJUnit4ClassRunner$1.evaluate(BlockJUnit4ClassRunner.java:100) [junit-4.13.jar:4.13]
	at org.junit.runners.ParentRunner.runLeaf(ParentRunner.java:366) [junit-4.13.jar:4.13]
	at org.junit.runners.BlockJUnit4ClassRunner.runChild(BlockJUnit4ClassRunner.java:103) [junit-4.13.jar:4.13]
	at org.junit.runners.BlockJUnit4ClassRunner.runChild(BlockJUnit4ClassRunner.java:63) [junit-4.13.jar:4.13]
	at org.junit.runners.ParentRunner$4.run(ParentRunner.java:331) [junit-4.13.jar:4.13]
	at org.junit.runners.ParentRunner$1.schedule(ParentRunner.java:79) [junit-4.13.jar:4.13]
	at org.junit.runners.ParentRunner.runChildren(ParentRunner.java:329) [junit-4.13.jar:4.13]
	at org.junit.runners.ParentRunner.access$100(ParentRunner.java:66) [junit-4.13.jar:4.13]
	at org.junit.runners.ParentRunner$2.evaluate(ParentRunner.java:293) [junit-4.13.jar:4.13]
	at org.junit.internal.runners.statements.RunBefores.evaluate(RunBefores.java:26) [junit-4.13.jar:4.13]
	at org.junit.runners.ParentRunner$3.evaluate(ParentRunner.java:306) [junit-4.13.jar:4.13]
	at org.junit.runners.ParentRunner.run(ParentRunner.java:413) [junit-4.13.jar:4.13]
	at org.junit.runners.Suite.runChild(Suite.java:128) [junit-4.13.jar:4.13]
	at org.junit.runners.Suite.runChild(Suite.java:27) [junit-4.13.jar:4.13]
	at org.junit.runners.ParentRunner$4.run(ParentRunner.java:331) [junit-4.13.jar:4.13]
	at org.junit.runners.ParentRunner$1.schedule(ParentRunner.java:79) [junit-4.13.jar:4.13]
	at org.junit.runners.ParentRunner.runChildren(ParentRunner.java:329) [junit-4.13.jar:4.13]
	at org.junit.runners.ParentRunner.access$100(ParentRunner.java:66) [junit-4.13.jar:4.13]
	at org.junit.runners.ParentRunner$2.evaluate(ParentRunner.java:293) [junit-4.13.jar:4.13]
	at org.junit.runners.ParentRunner$3.evaluate(ParentRunner.java:306) [junit-4.13.jar:4.13]
	at org.junit.runners.ParentRunner.run(ParentRunner.java:413) [junit-4.13.jar:4.13]
	at org.apache.maven.surefire.junitcore.JUnitCore.run(JUnitCore.java:55) [surefire-junit47-3.0.0-M4.jar:3.0.0-M4]
	at org.apache.maven.surefire.junitcore.JUnitCoreWrapper.createRequestAndRun(JUnitCoreWrapper.java:137) [surefire-junit47-3.0.0-M4.jar:3.0.0-M4]
	at org.apache.maven.surefire.junitcore.JUnitCoreWrapper.executeEager(JUnitCoreWrapper.java:107) [surefire-junit47-3.0.0-M4.jar:3.0.0-M4]
	at org.apache.maven.surefire.junitcore.JUnitCoreWrapper.execute(JUnitCoreWrapper.java:83) [surefire-junit47-3.0.0-M4.jar:3.0.0-M4]
	at org.apache.maven.surefire.junitcore.JUnitCoreWrapper.execute(JUnitCoreWrapper.java:75) [surefire-junit47-3.0.0-M4.jar:3.0.0-M4]
	at org.apache.maven.surefire.junitcore.JUnitCoreProvider.invoke(JUnitCoreProvider.java:158) [surefire-junit47-3.0.0-M4.jar:3.0.0-M4]
	at org.apache.maven.surefire.booter.ForkedBooter.runSuitesInProcess(ForkedBooter.java:377) [surefire-booter-3.0.0-M4.jar:3.0.0-M4]
	at org.apache.maven.surefire.booter.ForkedBooter.execute(ForkedBooter.java:138) [surefire-booter-3.0.0-M4.jar:3.0.0-M4]
	at org.apache.maven.surefire.booter.ForkedBooter.run(ForkedBooter.java:465) [surefire-booter-3.0.0-M4.jar:3.0.0-M4]
	at org.apache.maven.surefire.booter.ForkedBooter.main(ForkedBooter.java:451) [surefire-booter-3.0.0-M4.jar:3.0.0-M4]
2024-04-24T11:30:11,211 ERROR [main] metastore.RetryingHMSHandler: AlreadyExistsException(message:Table hive.default.junit_unparted_basic already exists)
	at org.apache.hadoop.hive.metastore.HMSHandler.create_table_core(HMSHandler.java:2339)
	at org.apache.hadoop.hive.metastore.HMSHandler.create_table_req(HMSHandler.java:2598)
	at sun.reflect.GeneratedMethodAccessor40.invoke(Unknown Source)
	at sun.reflect.DelegatingMethodAccessorImpl.invoke(DelegatingMethodAccessorImpl.java:43)
	at java.lang.reflect.Method.invoke(Method.java:498)
	at org.apache.hadoop.hive.metastore.RetryingHMSHandler.invokeInternal(RetryingHMSHandler.java:147)
	at org.apache.hadoop.hive.metastore.RetryingHMSHandler.invoke(RetryingHMSHandler.java:108)
	at com.sun.proxy.$Proxy35.create_table_req(Unknown Source)
	at org.apache.hadoop.hive.metastore.HiveMetaStoreClient.create_table_with_environment_context(HiveMetaStoreClient.java:4408)
	at org.apache.hadoop.hive.ql.metadata.SessionHiveMetaStoreClient.create_table_with_environment_context(SessionHiveMetaStoreClient.java:182)
	at org.apache.hadoop.hive.metastore.HiveMetaStoreClient.createTable(HiveMetaStoreClient.java:1260)
	at org.apache.hadoop.hive.metastore.HiveMetaStoreClient.createTable(HiveMetaStoreClient.java:1245)
	at sun.reflect.GeneratedMethodAccessor39.invoke(Unknown Source)
	at sun.reflect.DelegatingMethodAccessorImpl.invoke(DelegatingMethodAccessorImpl.java:43)
	at java.lang.reflect.Method.invoke(Method.java:498)
	at org.apache.hadoop.hive.metastore.RetryingMetaStoreClient.invoke(RetryingMetaStoreClient.java:218)
	at com.sun.proxy.$Proxy45.createTable(Unknown Source)
	at org.apache.hadoop.hive.ql.metadata.Hive.createTable(Hive.java:1290)
	at org.apache.hadoop.hive.ql.metadata.Hive.createTable(Hive.java:1306)
	at org.apache.hadoop.hive.ql.ddl.table.create.CreateTableOperation.createTableNonReplaceMode(CreateTableOperation.java:140)
	at org.apache.hadoop.hive.ql.ddl.table.create.CreateTableOperation.execute(CreateTableOperation.java:98)
	at org.apache.hadoop.hive.ql.ddl.DDLTask.execute(DDLTask.java:84)
	at org.apache.hadoop.hive.ql.exec.Task.executeTask(Task.java:212)
	at org.apache.hadoop.hive.ql.exec.TaskRunner.runSequential(TaskRunner.java:105)
	at org.apache.hadoop.hive.ql.Executor.launchTask(Executor.java:361)
	at org.apache.hadoop.hive.ql.Executor.launchTasks(Executor.java:334)
	at org.apache.hadoop.hive.ql.Executor.runTasks(Executor.java:245)
	at org.apache.hadoop.hive.ql.Executor.execute(Executor.java:108)
	at org.apache.hadoop.hive.ql.Driver.execute(Driver.java:348)
	at org.apache.hadoop.hive.ql.Driver.runInternal(Driver.java:204)
	at org.apache.hadoop.hive.ql.Driver.run(Driver.java:153)
	at org.apache.hadoop.hive.ql.Driver.run(Driver.java:148)
	at org.apache.hadoop.hive.ql.reexec.ReExecDriver.run(ReExecDriver.java:164)
	at org.apache.hadoop.hive.ql.reexec.ReExecDriver.run(ReExecDriver.java:230)
	at org.apache.hive.hcatalog.pig.AbstractHCatLoaderTest.executeStatementOnDriver(AbstractHCatLoaderTest.java:151)
	at org.apache.hive.hcatalog.pig.AbstractHCatLoaderTest.createTable(AbstractHCatLoaderTest.java:134)
	at org.apache.hive.hcatalog.pig.AbstractHCatLoaderTest.createTable(AbstractHCatLoaderTest.java:104)
	at org.apache.hive.hcatalog.pig.AbstractHCatLoaderTest.createTableDefaultDB(AbstractHCatLoaderTest.java:142)
	at org.apache.hive.hcatalog.pig.AbstractHCatLoaderTest.setUpTest(AbstractHCatLoaderTest.java:162)
	at sun.reflect.NativeMethodAccessorImpl.invoke0(Native Method)
	at sun.reflect.NativeMethodAccessorImpl.invoke(NativeMethodAccessorImpl.java:62)
	at sun.reflect.DelegatingMethodAccessorImpl.invoke(DelegatingMethodAccessorImpl.java:43)
	at java.lang.reflect.Method.invoke(Method.java:498)
	at org.junit.runners.model.FrameworkMethod$1.runReflectiveCall(FrameworkMethod.java:59)
	at org.junit.internal.runners.model.ReflectiveCallable.run(ReflectiveCallable.java:12)
	at org.junit.runners.model.FrameworkMethod.invokeExplosively(FrameworkMethod.java:56)
	at org.junit.internal.runners.statements.RunBefores.invokeMethod(RunBefores.java:33)
	at org.junit.internal.runners.statements.RunBefores.evaluate(RunBefores.java:24)
	at org.junit.internal.runners.statements.RunAfters.evaluate(RunAfters.java:27)
	at org.junit.runners.ParentRunner$3.evaluate(ParentRunner.java:306)
	at org.junit.runners.BlockJUnit4ClassRunner$1.evaluate(BlockJUnit4ClassRunner.java:100)
	at org.junit.runners.ParentRunner.runLeaf(ParentRunner.java:366)
	at org.junit.runners.BlockJUnit4ClassRunner.runChild(BlockJUnit4ClassRunner.java:103)
	at org.junit.runners.BlockJUnit4ClassRunner.runChild(BlockJUnit4ClassRunner.java:63)
	at org.junit.runners.ParentRunner$4.run(ParentRunner.java:331)
	at org.junit.runners.ParentRunner$1.schedule(ParentRunner.java:79)
	at org.junit.runners.ParentRunner.runChildren(ParentRunner.java:329)
	at org.junit.runners.ParentRunner.access$100(ParentRunner.java:66)
	at org.junit.runners.ParentRunner$2.evaluate(ParentRunner.java:293)
	at org.junit.internal.runners.statements.RunBefores.evaluate(RunBefores.java:26)
	at org.junit.runners.ParentRunner$3.evaluate(ParentRunner.java:306)
	at org.junit.runners.ParentRunner.run(ParentRunner.java:413)
	at org.junit.runners.Suite.runChild(Suite.java:128)
	at org.junit.runners.Suite.runChild(Suite.java:27)
	at org.junit.runners.ParentRunner$4.run(ParentRunner.java:331)
	at org.junit.runners.ParentRunner$1.schedule(ParentRunner.java:79)
	at org.junit.runners.ParentRunner.runChildren(ParentRunner.java:329)
	at org.junit.runners.ParentRunner.access$100(ParentRunner.java:66)
	at org.junit.runners.ParentRunner$2.evaluate(ParentRunner.java:293)
	at org.junit.runners.ParentRunner$3.evaluate(ParentRunner.java:306)
	at org.junit.runners.ParentRunner.run(ParentRunner.java:413)
	at org.apache.maven.surefire.junitcore.JUnitCore.run(JUnitCore.java:55)
	at org.apache.maven.surefire.junitcore.JUnitCoreWrapper.createRequestAndRun(JUnitCoreWrapper.java:137)
	at org.apache.maven.surefire.junitcore.JUnitCoreWrapper.executeEager(JUnitCoreWrapper.java:107)
	at org.apache.maven.surefire.junitcore.JUnitCoreWrapper.execute(JUnitCoreWrapper.java:83)
	at org.apache.maven.surefire.junitcore.JUnitCoreWrapper.execute(JUnitCoreWrapper.java:75)
	at org.apache.maven.surefire.junitcore.JUnitCoreProvider.invoke(JUnitCoreProvider.java:158)
	at org.apache.maven.surefire.booter.ForkedBooter.runSuitesInProcess(ForkedBooter.java:377)
	at org.apache.maven.surefire.booter.ForkedBooter.execute(ForkedBooter.java:138)
	at org.apache.maven.surefire.booter.ForkedBooter.run(ForkedBooter.java:465)
	at org.apache.maven.surefire.booter.ForkedBooter.main(ForkedBooter.java:451)

2024-04-24T11:30:11,211 ERROR [main] exec.Task: Failed
org.apache.hadoop.hive.ql.metadata.HiveException: AlreadyExistsException(message:Table hive.default.junit_unparted_basic already exists)
	at org.apache.hadoop.hive.ql.metadata.Hive.createTable(Hive.java:1298) ~[classes/:?]
	at org.apache.hadoop.hive.ql.metadata.Hive.createTable(Hive.java:1306) ~[classes/:?]
	at org.apache.hadoop.hive.ql.ddl.table.create.CreateTableOperation.createTableNonReplaceMode(CreateTableOperation.java:140) ~[classes/:?]
	at org.apache.hadoop.hive.ql.ddl.table.create.CreateTableOperation.execute(CreateTableOperation.java:98) ~[classes/:?]
	at org.apache.hadoop.hive.ql.ddl.DDLTask.execute(DDLTask.java:84) [classes/:?]
	at org.apache.hadoop.hive.ql.exec.Task.executeTask(Task.java:212) [classes/:?]
	at org.apache.hadoop.hive.ql.exec.TaskRunner.runSequential(TaskRunner.java:105) [classes/:?]
	at org.apache.hadoop.hive.ql.Executor.launchTask(Executor.java:361) [classes/:?]
	at org.apache.hadoop.hive.ql.Executor.launchTasks(Executor.java:334) [classes/:?]
	at org.apache.hadoop.hive.ql.Executor.runTasks(Executor.java:245) [classes/:?]
	at org.apache.hadoop.hive.ql.Executor.execute(Executor.java:108) [classes/:?]
	at org.apache.hadoop.hive.ql.Driver.execute(Driver.java:348) [classes/:?]
	at org.apache.hadoop.hive.ql.Driver.runInternal(Driver.java:204) [classes/:?]
	at org.apache.hadoop.hive.ql.Driver.run(Driver.java:153) [classes/:?]
	at org.apache.hadoop.hive.ql.Driver.run(Driver.java:148) [classes/:?]
	at org.apache.hadoop.hive.ql.reexec.ReExecDriver.run(ReExecDriver.java:164) [classes/:?]
	at org.apache.hadoop.hive.ql.reexec.ReExecDriver.run(ReExecDriver.java:230) [classes/:?]
	at org.apache.hive.hcatalog.pig.AbstractHCatLoaderTest.executeStatementOnDriver(AbstractHCatLoaderTest.java:151) [test-classes/:?]
	at org.apache.hive.hcatalog.pig.AbstractHCatLoaderTest.createTable(AbstractHCatLoaderTest.java:134) [test-classes/:?]
	at org.apache.hive.hcatalog.pig.AbstractHCatLoaderTest.createTable(AbstractHCatLoaderTest.java:104) [test-classes/:?]
	at org.apache.hive.hcatalog.pig.AbstractHCatLoaderTest.createTableDefaultDB(AbstractHCatLoaderTest.java:142) [test-classes/:?]
	at org.apache.hive.hcatalog.pig.AbstractHCatLoaderTest.setUpTest(AbstractHCatLoaderTest.java:162) [test-classes/:?]
	at sun.reflect.NativeMethodAccessorImpl.invoke0(Native Method) ~[?:1.8.0_402]
	at sun.reflect.NativeMethodAccessorImpl.invoke(NativeMethodAccessorImpl.java:62) ~[?:1.8.0_402]
	at sun.reflect.DelegatingMethodAccessorImpl.invoke(DelegatingMethodAccessorImpl.java:43) ~[?:1.8.0_402]
	at java.lang.reflect.Method.invoke(Method.java:498) ~[?:1.8.0_402]
	at org.junit.runners.model.FrameworkMethod$1.runReflectiveCall(FrameworkMethod.java:59) [junit-4.13.jar:4.13]
	at org.junit.internal.runners.model.ReflectiveCallable.run(ReflectiveCallable.java:12) [junit-4.13.jar:4.13]
	at org.junit.runners.model.FrameworkMethod.invokeExplosively(FrameworkMethod.java:56) [junit-4.13.jar:4.13]
	at org.junit.internal.runners.statements.RunBefores.invokeMethod(RunBefores.java:33) [junit-4.13.jar:4.13]
	at org.junit.internal.runners.statements.RunBefores.evaluate(RunBefores.java:24) [junit-4.13.jar:4.13]
	at org.junit.internal.runners.statements.RunAfters.evaluate(RunAfters.java:27) [junit-4.13.jar:4.13]
	at org.junit.runners.ParentRunner$3.evaluate(ParentRunner.java:306) [junit-4.13.jar:4.13]
	at org.junit.runners.BlockJUnit4ClassRunner$1.evaluate(BlockJUnit4ClassRunner.java:100) [junit-4.13.jar:4.13]
	at org.junit.runners.ParentRunner.runLeaf(ParentRunner.java:366) [junit-4.13.jar:4.13]
	at org.junit.runners.BlockJUnit4ClassRunner.runChild(BlockJUnit4ClassRunner.java:103) [junit-4.13.jar:4.13]
	at org.junit.runners.BlockJUnit4ClassRunner.runChild(BlockJUnit4ClassRunner.java:63) [junit-4.13.jar:4.13]
	at org.junit.runners.ParentRunner$4.run(ParentRunner.java:331) [junit-4.13.jar:4.13]
	at org.junit.runners.ParentRunner$1.schedule(ParentRunner.java:79) [junit-4.13.jar:4.13]
	at org.junit.runners.ParentRunner.runChildren(ParentRunner.java:329) [junit-4.13.jar:4.13]
	at org.junit.runners.ParentRunner.access$100(ParentRunner.java:66) [junit-4.13.jar:4.13]
	at org.junit.runners.ParentRunner$2.evaluate(ParentRunner.java:293) [junit-4.13.jar:4.13]
	at org.junit.internal.runners.statements.RunBefores.evaluate(RunBefores.java:26) [junit-4.13.jar:4.13]
	at org.junit.runners.ParentRunner$3.evaluate(ParentRunner.java:306) [junit-4.13.jar:4.13]
	at org.junit.runners.ParentRunner.run(ParentRunner.java:413) [junit-4.13.jar:4.13]
	at org.junit.runners.Suite.runChild(Suite.java:128) [junit-4.13.jar:4.13]
	at org.junit.runners.Suite.runChild(Suite.java:27) [junit-4.13.jar:4.13]
	at org.junit.runners.ParentRunner$4.run(ParentRunner.java:331) [junit-4.13.jar:4.13]
	at org.junit.runners.ParentRunner$1.schedule(ParentRunner.java:79) [junit-4.13.jar:4.13]
	at org.junit.runners.ParentRunner.runChildren(ParentRunner.java:329) [junit-4.13.jar:4.13]
	at org.junit.runners.ParentRunner.access$100(ParentRunner.java:66) [junit-4.13.jar:4.13]
	at org.junit.runners.ParentRunner$2.evaluate(ParentRunner.java:293) [junit-4.13.jar:4.13]
	at org.junit.runners.ParentRunner$3.evaluate(ParentRunner.java:306) [junit-4.13.jar:4.13]
	at org.junit.runners.ParentRunner.run(ParentRunner.java:413) [junit-4.13.jar:4.13]
	at org.apache.maven.surefire.junitcore.JUnitCore.run(JUnitCore.java:55) [surefire-junit47-3.0.0-M4.jar:3.0.0-M4]
	at org.apache.maven.surefire.junitcore.JUnitCoreWrapper.createRequestAndRun(JUnitCoreWrapper.java:137) [surefire-junit47-3.0.0-M4.jar:3.0.0-M4]
	at org.apache.maven.surefire.junitcore.JUnitCoreWrapper.executeEager(JUnitCoreWrapper.java:107) [surefire-junit47-3.0.0-M4.jar:3.0.0-M4]
	at org.apache.maven.surefire.junitcore.JUnitCoreWrapper.execute(JUnitCoreWrapper.java:83) [surefire-junit47-3.0.0-M4.jar:3.0.0-M4]
	at org.apache.maven.surefire.junitcore.JUnitCoreWrapper.execute(JUnitCoreWrapper.java:75) [surefire-junit47-3.0.0-M4.jar:3.0.0-M4]
	at org.apache.maven.surefire.junitcore.JUnitCoreProvider.invoke(JUnitCoreProvider.java:158) [surefire-junit47-3.0.0-M4.jar:3.0.0-M4]
	at org.apache.maven.surefire.booter.ForkedBooter.runSuitesInProcess(ForkedBooter.java:377) [surefire-booter-3.0.0-M4.jar:3.0.0-M4]
	at org.apache.maven.surefire.booter.ForkedBooter.execute(ForkedBooter.java:138) [surefire-booter-3.0.0-M4.jar:3.0.0-M4]
	at org.apache.maven.surefire.booter.ForkedBooter.run(ForkedBooter.java:465) [surefire-booter-3.0.0-M4.jar:3.0.0-M4]
	at org.apache.maven.surefire.booter.ForkedBooter.main(ForkedBooter.java:451) [surefire-booter-3.0.0-M4.jar:3.0.0-M4]
Caused by: org.apache.hadoop.hive.metastore.api.AlreadyExistsException: Table hive.default.junit_unparted_basic already exists
	at org.apache.hadoop.hive.metastore.HMSHandler.create_table_core(HMSHandler.java:2339) ~[classes/:?]
	at org.apache.hadoop.hive.metastore.HMSHandler.create_table_req(HMSHandler.java:2598) ~[classes/:?]
	at sun.reflect.GeneratedMethodAccessor40.invoke(Unknown Source) ~[?:?]
	at sun.reflect.DelegatingMethodAccessorImpl.invoke(DelegatingMethodAccessorImpl.java:43) ~[?:1.8.0_402]
	at java.lang.reflect.Method.invoke(Method.java:498) ~[?:1.8.0_402]
	at org.apache.hadoop.hive.metastore.RetryingHMSHandler.invokeInternal(RetryingHMSHandler.java:147) ~[classes/:?]
	at org.apache.hadoop.hive.metastore.RetryingHMSHandler.invoke(RetryingHMSHandler.java:108) ~[classes/:?]
	at com.sun.proxy.$Proxy35.create_table_req(Unknown Source) ~[?:?]
	at org.apache.hadoop.hive.metastore.HiveMetaStoreClient.create_table_with_environment_context(HiveMetaStoreClient.java:4408) ~[classes/:?]
	at org.apache.hadoop.hive.ql.metadata.SessionHiveMetaStoreClient.create_table_with_environment_context(SessionHiveMetaStoreClient.java:182) ~[classes/:?]
	at org.apache.hadoop.hive.metastore.HiveMetaStoreClient.createTable(HiveMetaStoreClient.java:1260) ~[classes/:?]
	at org.apache.hadoop.hive.metastore.HiveMetaStoreClient.createTable(HiveMetaStoreClient.java:1245) ~[classes/:?]
	at sun.reflect.GeneratedMethodAccessor39.invoke(Unknown Source) ~[?:?]
	at sun.reflect.DelegatingMethodAccessorImpl.invoke(DelegatingMethodAccessorImpl.java:43) ~[?:1.8.0_402]
	at java.lang.reflect.Method.invoke(Method.java:498) ~[?:1.8.0_402]
	at org.apache.hadoop.hive.metastore.RetryingMetaStoreClient.invoke(RetryingMetaStoreClient.java:218) ~[classes/:?]
	at com.sun.proxy.$Proxy45.createTable(Unknown Source) ~[?:?]
	at org.apache.hadoop.hive.ql.metadata.Hive.createTable(Hive.java:1290) ~[classes/:?]
	... 63 more
2024-04-24T11:30:11,214 ERROR [main] exec.Task: DDLTask failed, DDL Operation: class org.apache.hadoop.hive.ql.ddl.table.create.CreateTableOperation
org.apache.hadoop.hive.ql.metadata.HiveException: AlreadyExistsException(message:Table hive.default.junit_unparted_basic already exists)
	at org.apache.hadoop.hive.ql.metadata.Hive.createTable(Hive.java:1298) ~[classes/:?]
	at org.apache.hadoop.hive.ql.metadata.Hive.createTable(Hive.java:1306) ~[classes/:?]
	at org.apache.hadoop.hive.ql.ddl.table.create.CreateTableOperation.createTableNonReplaceMode(CreateTableOperation.java:140) ~[classes/:?]
	at org.apache.hadoop.hive.ql.ddl.table.create.CreateTableOperation.execute(CreateTableOperation.java:98) ~[classes/:?]
	at org.apache.hadoop.hive.ql.ddl.DDLTask.execute(DDLTask.java:84) [classes/:?]
	at org.apache.hadoop.hive.ql.exec.Task.executeTask(Task.java:212) [classes/:?]
	at org.apache.hadoop.hive.ql.exec.TaskRunner.runSequential(TaskRunner.java:105) [classes/:?]
	at org.apache.hadoop.hive.ql.Executor.launchTask(Executor.java:361) [classes/:?]
	at org.apache.hadoop.hive.ql.Executor.launchTasks(Executor.java:334) [classes/:?]
	at org.apache.hadoop.hive.ql.Executor.runTasks(Executor.java:245) [classes/:?]
	at org.apache.hadoop.hive.ql.Executor.execute(Executor.java:108) [classes/:?]
	at org.apache.hadoop.hive.ql.Driver.execute(Driver.java:348) [classes/:?]
	at org.apache.hadoop.hive.ql.Driver.runInternal(Driver.java:204) [classes/:?]
	at org.apache.hadoop.hive.ql.Driver.run(Driver.java:153) [classes/:?]
	at org.apache.hadoop.hive.ql.Driver.run(Driver.java:148) [classes/:?]
	at org.apache.hadoop.hive.ql.reexec.ReExecDriver.run(ReExecDriver.java:164) [classes/:?]
	at org.apache.hadoop.hive.ql.reexec.ReExecDriver.run(ReExecDriver.java:230) [classes/:?]
	at org.apache.hive.hcatalog.pig.AbstractHCatLoaderTest.executeStatementOnDriver(AbstractHCatLoaderTest.java:151) [test-classes/:?]
	at org.apache.hive.hcatalog.pig.AbstractHCatLoaderTest.createTable(AbstractHCatLoaderTest.java:134) [test-classes/:?]
	at org.apache.hive.hcatalog.pig.AbstractHCatLoaderTest.createTable(AbstractHCatLoaderTest.java:104) [test-classes/:?]
	at org.apache.hive.hcatalog.pig.AbstractHCatLoaderTest.createTableDefaultDB(AbstractHCatLoaderTest.java:142) [test-classes/:?]
	at org.apache.hive.hcatalog.pig.AbstractHCatLoaderTest.setUpTest(AbstractHCatLoaderTest.java:162) [test-classes/:?]
	at sun.reflect.NativeMethodAccessorImpl.invoke0(Native Method) ~[?:1.8.0_402]
	at sun.reflect.NativeMethodAccessorImpl.invoke(NativeMethodAccessorImpl.java:62) ~[?:1.8.0_402]
	at sun.reflect.DelegatingMethodAccessorImpl.invoke(DelegatingMethodAccessorImpl.java:43) ~[?:1.8.0_402]
	at java.lang.reflect.Method.invoke(Method.java:498) ~[?:1.8.0_402]
	at org.junit.runners.model.FrameworkMethod$1.runReflectiveCall(FrameworkMethod.java:59) [junit-4.13.jar:4.13]
	at org.junit.internal.runners.model.ReflectiveCallable.run(ReflectiveCallable.java:12) [junit-4.13.jar:4.13]
	at org.junit.runners.model.FrameworkMethod.invokeExplosively(FrameworkMethod.java:56) [junit-4.13.jar:4.13]
	at org.junit.internal.runners.statements.RunBefores.invokeMethod(RunBefores.java:33) [junit-4.13.jar:4.13]
	at org.junit.internal.runners.statements.RunBefores.evaluate(RunBefores.java:24) [junit-4.13.jar:4.13]
	at org.junit.internal.runners.statements.RunAfters.evaluate(RunAfters.java:27) [junit-4.13.jar:4.13]
	at org.junit.runners.ParentRunner$3.evaluate(ParentRunner.java:306) [junit-4.13.jar:4.13]
	at org.junit.runners.BlockJUnit4ClassRunner$1.evaluate(BlockJUnit4ClassRunner.java:100) [junit-4.13.jar:4.13]
	at org.junit.runners.ParentRunner.runLeaf(ParentRunner.java:366) [junit-4.13.jar:4.13]
	at org.junit.runners.BlockJUnit4ClassRunner.runChild(BlockJUnit4ClassRunner.java:103) [junit-4.13.jar:4.13]
	at org.junit.runners.BlockJUnit4ClassRunner.runChild(BlockJUnit4ClassRunner.java:63) [junit-4.13.jar:4.13]
	at org.junit.runners.ParentRunner$4.run(ParentRunner.java:331) [junit-4.13.jar:4.13]
	at org.junit.runners.ParentRunner$1.schedule(ParentRunner.java:79) [junit-4.13.jar:4.13]
	at org.junit.runners.ParentRunner.runChildren(ParentRunner.java:329) [junit-4.13.jar:4.13]
	at org.junit.runners.ParentRunner.access$100(ParentRunner.java:66) [junit-4.13.jar:4.13]
	at org.junit.runners.ParentRunner$2.evaluate(ParentRunner.java:293) [junit-4.13.jar:4.13]
	at org.junit.internal.runners.statements.RunBefores.evaluate(RunBefores.java:26) [junit-4.13.jar:4.13]
	at org.junit.runners.ParentRunner$3.evaluate(ParentRunner.java:306) [junit-4.13.jar:4.13]
	at org.junit.runners.ParentRunner.run(ParentRunner.java:413) [junit-4.13.jar:4.13]
	at org.junit.runners.Suite.runChild(Suite.java:128) [junit-4.13.jar:4.13]
	at org.junit.runners.Suite.runChild(Suite.java:27) [junit-4.13.jar:4.13]
	at org.junit.runners.ParentRunner$4.run(ParentRunner.java:331) [junit-4.13.jar:4.13]
	at org.junit.runners.ParentRunner$1.schedule(ParentRunner.java:79) [junit-4.13.jar:4.13]
	at org.junit.runners.ParentRunner.runChildren(ParentRunner.java:329) [junit-4.13.jar:4.13]
	at org.junit.runners.ParentRunner.access$100(ParentRunner.java:66) [junit-4.13.jar:4.13]
	at org.junit.runners.ParentRunner$2.evaluate(ParentRunner.java:293) [junit-4.13.jar:4.13]
	at org.junit.runners.ParentRunner$3.evaluate(ParentRunner.java:306) [junit-4.13.jar:4.13]
	at org.junit.runners.ParentRunner.run(ParentRunner.java:413) [junit-4.13.jar:4.13]
	at org.apache.maven.surefire.junitcore.JUnitCore.run(JUnitCore.java:55) [surefire-junit47-3.0.0-M4.jar:3.0.0-M4]
	at org.apache.maven.surefire.junitcore.JUnitCoreWrapper.createRequestAndRun(JUnitCoreWrapper.java:137) [surefire-junit47-3.0.0-M4.jar:3.0.0-M4]
	at org.apache.maven.surefire.junitcore.JUnitCoreWrapper.executeEager(JUnitCoreWrapper.java:107) [surefire-junit47-3.0.0-M4.jar:3.0.0-M4]
	at org.apache.maven.surefire.junitcore.JUnitCoreWrapper.execute(JUnitCoreWrapper.java:83) [surefire-junit47-3.0.0-M4.jar:3.0.0-M4]
	at org.apache.maven.surefire.junitcore.JUnitCoreWrapper.execute(JUnitCoreWrapper.java:75) [surefire-junit47-3.0.0-M4.jar:3.0.0-M4]
	at org.apache.maven.surefire.junitcore.JUnitCoreProvider.invoke(JUnitCoreProvider.java:158) [surefire-junit47-3.0.0-M4.jar:3.0.0-M4]
	at org.apache.maven.surefire.booter.ForkedBooter.runSuitesInProcess(ForkedBooter.java:377) [surefire-booter-3.0.0-M4.jar:3.0.0-M4]
	at org.apache.maven.surefire.booter.ForkedBooter.execute(ForkedBooter.java:138) [surefire-booter-3.0.0-M4.jar:3.0.0-M4]
	at org.apache.maven.surefire.booter.ForkedBooter.run(ForkedBooter.java:465) [surefire-booter-3.0.0-M4.jar:3.0.0-M4]
	at org.apache.maven.surefire.booter.ForkedBooter.main(ForkedBooter.java:451) [surefire-booter-3.0.0-M4.jar:3.0.0-M4]
Caused by: org.apache.hadoop.hive.metastore.api.AlreadyExistsException: Table hive.default.junit_unparted_basic already exists
	at org.apache.hadoop.hive.metastore.HMSHandler.create_table_core(HMSHandler.java:2339) ~[classes/:?]
	at org.apache.hadoop.hive.metastore.HMSHandler.create_table_req(HMSHandler.java:2598) ~[classes/:?]
	at sun.reflect.GeneratedMethodAccessor40.invoke(Unknown Source) ~[?:?]
	at sun.reflect.DelegatingMethodAccessorImpl.invoke(DelegatingMethodAccessorImpl.java:43) ~[?:1.8.0_402]
	at java.lang.reflect.Method.invoke(Method.java:498) ~[?:1.8.0_402]
	at org.apache.hadoop.hive.metastore.RetryingHMSHandler.invokeInternal(RetryingHMSHandler.java:147) ~[classes/:?]
	at org.apache.hadoop.hive.metastore.RetryingHMSHandler.invoke(RetryingHMSHandler.java:108) ~[classes/:?]
	at com.sun.proxy.$Proxy35.create_table_req(Unknown Source) ~[?:?]
	at org.apache.hadoop.hive.metastore.HiveMetaStoreClient.create_table_with_environment_context(HiveMetaStoreClient.java:4408) ~[classes/:?]
	at org.apache.hadoop.hive.ql.metadata.SessionHiveMetaStoreClient.create_table_with_environment_context(SessionHiveMetaStoreClient.java:182) ~[classes/:?]
	at org.apache.hadoop.hive.metastore.HiveMetaStoreClient.createTable(HiveMetaStoreClient.java:1260) ~[classes/:?]
	at org.apache.hadoop.hive.metastore.HiveMetaStoreClient.createTable(HiveMetaStoreClient.java:1245) ~[classes/:?]
	at sun.reflect.GeneratedMethodAccessor39.invoke(Unknown Source) ~[?:?]
	at sun.reflect.DelegatingMethodAccessorImpl.invoke(DelegatingMethodAccessorImpl.java:43) ~[?:1.8.0_402]
	at java.lang.reflect.Method.invoke(Method.java:498) ~[?:1.8.0_402]
	at org.apache.hadoop.hive.metastore.RetryingMetaStoreClient.invoke(RetryingMetaStoreClient.java:218) ~[classes/:?]
	at com.sun.proxy.$Proxy45.createTable(Unknown Source) ~[?:?]
	at org.apache.hadoop.hive.ql.metadata.Hive.createTable(Hive.java:1290) ~[classes/:?]
	... 63 more
2024-04-24T11:30:11,216  INFO [main] reexec.ReOptimizePlugin: ReOptimization: retryPossible: false
2024-04-24T11:30:11,216  INFO [main] reexec.ReExecuteLostAMQueryPlugin: Got exception message: AlreadyExistsException(message:Table hive.default.junit_unparted_basic already exists) retryPossible: false
2024-04-24T11:30:11,216  INFO [main] reexec.ReExecutionDagSubmitPlugin: Got exception message: AlreadyExistsException(message:Table hive.default.junit_unparted_basic already exists) retryPossible: false
FAILED: Execution Error, return code 40000 from org.apache.hadoop.hive.ql.ddl.DDLTask. AlreadyExistsException(message:Table hive.default.junit_unparted_basic already exists)
2024-04-24T11:30:11,216 ERROR [main] ql.Driver: FAILED: Execution Error, return code 40000 from org.apache.hadoop.hive.ql.ddl.DDLTask. AlreadyExistsException(message:Table hive.default.junit_unparted_basic already exists)
2024-04-24T11:30:11,216  INFO [main] metadata.Hive: Dumping metastore api call timing information for : execution phase
2024-04-24T11:30:11,216  INFO [main] metadata.Hive: Total time spent in each metastore function (ms): {}
2024-04-24T11:30:11,216  INFO [main] ql.Driver: Completed executing command(queryId=alex_20240424113011_fb178607-4e24-4aeb-a867-fe981b3fa0c9); Time taken: 0.022 seconds
2024-04-24T11:30:11,217  INFO [main] ql.Driver: Compiling command(queryId=alex_20240424113011_fb178607-4e24-4aeb-a867-fe981b3fa0c9): drop table if exists junit_unparted_basic
2024-04-24T11:30:11,217  INFO [main] HiveMetaStore.audit: ugi=alex	ip=unknown-ip-addr	cmd=get_table : tbl=hive.default.junit_unparted_basic	
2024-04-24T11:30:11,226  INFO [main] metastore.HMSHandler: Skipping translation for processor with null
2024-04-24T11:30:11,226  INFO [main] ql.Driver: Semantic Analysis Completed (retrial = false)
2024-04-24T11:30:11,226  INFO [main] ql.Driver: Created Hive schema: Schema(fieldSchemas:null, properties:null)
2024-04-24T11:30:11,226  INFO [main] metadata.Hive: Dumping metastore api call timing information for : compilation phase
2024-04-24T11:30:11,227  INFO [main] metadata.Hive: Total time spent in each metastore function (ms): {isCompatibleWith_(Configuration)=0, getTable_(GetTableRequest)=9, flushCache_()=0}
2024-04-24T11:30:11,227  INFO [main] ql.Driver: Completed compiling command(queryId=alex_20240424113011_fb178607-4e24-4aeb-a867-fe981b3fa0c9); Time taken: 0.009 seconds
2024-04-24T11:30:11,227  INFO [main] reexec.ReExecDriver: Execution #1 of query
2024-04-24T11:30:11,227  INFO [main] ql.Driver: Concurrency mode is disabled, not creating a lock manager
2024-04-24T11:30:11,227  INFO [main] ql.Driver: Executing command(queryId=alex_20240424113011_fb178607-4e24-4aeb-a867-fe981b3fa0c9): drop table if exists junit_unparted_basic
2024-04-24T11:30:11,227  INFO [main] ql.Driver: Starting task [Stage-0:DDL] in serial mode
2024-04-24T11:30:11,228  INFO [main] HiveMetaStore.audit: ugi=alex	ip=unknown-ip-addr	cmd=get_table : tbl=hive.default.junit_unparted_basic	
2024-04-24T11:30:11,236  INFO [main] metastore.HMSHandler: Skipping translation for processor with null
2024-04-24T11:30:11,237  INFO [main] HiveMetaStore.audit: ugi=alex	ip=unknown-ip-addr	cmd=get_table : tbl=hive.default.junit_unparted_basic	
2024-04-24T11:30:11,245  INFO [main] metastore.HMSHandler: Skipping translation for processor with null
2024-04-24T11:30:11,246  INFO [main] HiveMetaStore.audit: ugi=alex	ip=unknown-ip-addr	cmd=drop_table : tbl=hive.default.junit_unparted_basic	
2024-04-24T11:30:11,351  WARN [main] utils.FileUtils: File file:/home/alex/Repositories/hive/hcatalog/hcatalog-pig-adapter/build/test/data/org.apache.hive.hcatalog.mapreduce.HCatBaseTest-1713983215978/warehouse/junit_unparted_basic does not exist; Force to delete it.
2024-04-24T11:30:11,351 ERROR [main] utils.FileUtils: Failed to delete file:/home/alex/Repositories/hive/hcatalog/hcatalog-pig-adapter/build/test/data/org.apache.hive.hcatalog.mapreduce.HCatBaseTest-1713983215978/warehouse/junit_unparted_basic
2024-04-24T11:30:11,351  INFO [main] metadata.Hive: Dumping metastore api call timing information for : execution phase
2024-04-24T11:30:11,351  INFO [main] metadata.Hive: Total time spent in each metastore function (ms): {getTable_(GetTableRequest)=9, isCompatibleWith_(Configuration)=0, dropTable_(String, String, boolean, boolean, boolean)=115}
2024-04-24T11:30:11,352  INFO [main] ql.Driver: Completed executing command(queryId=alex_20240424113011_fb178607-4e24-4aeb-a867-fe981b3fa0c9); Time taken: 0.124 seconds
2024-04-24T11:30:11,352  INFO [main] ql.Driver: Compiling command(queryId=alex_20240424113011_fb178607-4e24-4aeb-a867-fe981b3fa0c9): drop table if exists junit_unparted_complex
2024-04-24T11:30:11,353  INFO [main] HiveMetaStore.audit: ugi=alex	ip=unknown-ip-addr	cmd=get_table : tbl=hive.default.junit_unparted_complex	
2024-04-24T11:30:11,365  INFO [main] metastore.HMSHandler: Skipping translation for processor with null
2024-04-24T11:30:11,365  INFO [main] ql.Driver: Semantic Analysis Completed (retrial = false)
2024-04-24T11:30:11,365  INFO [main] ql.Driver: Created Hive schema: Schema(fieldSchemas:null, properties:null)
2024-04-24T11:30:11,365  INFO [main] metadata.Hive: Dumping metastore api call timing information for : compilation phase
2024-04-24T11:30:11,366  INFO [main] metadata.Hive: Total time spent in each metastore function (ms): {isCompatibleWith_(Configuration)=0, getTable_(GetTableRequest)=12, flushCache_()=0}
2024-04-24T11:30:11,366  INFO [main] ql.Driver: Completed compiling command(queryId=alex_20240424113011_fb178607-4e24-4aeb-a867-fe981b3fa0c9); Time taken: 0.013 seconds
2024-04-24T11:30:11,366  INFO [main] reexec.ReExecDriver: Execution #1 of query
2024-04-24T11:30:11,366  INFO [main] ql.Driver: Concurrency mode is disabled, not creating a lock manager
2024-04-24T11:30:11,366  INFO [main] ql.Driver: Executing command(queryId=alex_20240424113011_fb178607-4e24-4aeb-a867-fe981b3fa0c9): drop table if exists junit_unparted_complex
2024-04-24T11:30:11,366  INFO [main] ql.Driver: Starting task [Stage-0:DDL] in serial mode
2024-04-24T11:30:11,366  INFO [main] HiveMetaStore.audit: ugi=alex	ip=unknown-ip-addr	cmd=get_table : tbl=hive.default.junit_unparted_complex	
2024-04-24T11:30:11,375  INFO [main] metastore.HMSHandler: Skipping translation for processor with null
2024-04-24T11:30:11,376  INFO [main] HiveMetaStore.audit: ugi=alex	ip=unknown-ip-addr	cmd=get_table : tbl=hive.default.junit_unparted_complex	
2024-04-24T11:30:11,385  INFO [main] metastore.HMSHandler: Skipping translation for processor with null
2024-04-24T11:30:11,385  INFO [main] HiveMetaStore.audit: ugi=alex	ip=unknown-ip-addr	cmd=drop_table : tbl=hive.default.junit_unparted_complex	
2024-04-24T11:30:11,428  WARN [main] utils.FileUtils: File file:/home/alex/Repositories/hive/hcatalog/hcatalog-pig-adapter/build/test/data/org.apache.hive.hcatalog.mapreduce.HCatBaseTest-1713983215978/warehouse/junit_unparted_complex does not exist; Force to delete it.
2024-04-24T11:30:11,428 ERROR [main] utils.FileUtils: Failed to delete file:/home/alex/Repositories/hive/hcatalog/hcatalog-pig-adapter/build/test/data/org.apache.hive.hcatalog.mapreduce.HCatBaseTest-1713983215978/warehouse/junit_unparted_complex
2024-04-24T11:30:11,428  INFO [main] metadata.Hive: Dumping metastore api call timing information for : execution phase
2024-04-24T11:30:11,428  INFO [main] metadata.Hive: Total time spent in each metastore function (ms): {dropTable_(String, String, boolean, boolean, boolean)=53, isCompatibleWith_(Configuration)=0, getTable_(GetTableRequest)=9}
2024-04-24T11:30:11,428  INFO [main] ql.Driver: Completed executing command(queryId=alex_20240424113011_fb178607-4e24-4aeb-a867-fe981b3fa0c9); Time taken: 0.062 seconds
2024-04-24T11:30:11,429  INFO [main] ql.Driver: Compiling command(queryId=alex_20240424113011_fb178607-4e24-4aeb-a867-fe981b3fa0c9): drop table if exists junit_parted_basic
2024-04-24T11:30:11,429  INFO [main] HiveMetaStore.audit: ugi=alex	ip=unknown-ip-addr	cmd=get_table : tbl=hive.default.junit_parted_basic	
2024-04-24T11:30:11,438  INFO [main] metastore.HMSHandler: Skipping translation for processor with null
2024-04-24T11:30:11,438  INFO [main] ql.Driver: Semantic Analysis Completed (retrial = false)
2024-04-24T11:30:11,438  INFO [main] ql.Driver: Created Hive schema: Schema(fieldSchemas:null, properties:null)
2024-04-24T11:30:11,438  INFO [main] metadata.Hive: Dumping metastore api call timing information for : compilation phase
2024-04-24T11:30:11,438  INFO [main] metadata.Hive: Total time spent in each metastore function (ms): {flushCache_()=0, isCompatibleWith_(Configuration)=0, getTable_(GetTableRequest)=9}
2024-04-24T11:30:11,438  INFO [main] ql.Driver: Completed compiling command(queryId=alex_20240424113011_fb178607-4e24-4aeb-a867-fe981b3fa0c9); Time taken: 0.009 seconds
2024-04-24T11:30:11,439  INFO [main] reexec.ReExecDriver: Execution #1 of query
2024-04-24T11:30:11,439  INFO [main] ql.Driver: Concurrency mode is disabled, not creating a lock manager
2024-04-24T11:30:11,439  INFO [main] ql.Driver: Executing command(queryId=alex_20240424113011_fb178607-4e24-4aeb-a867-fe981b3fa0c9): drop table if exists junit_parted_basic
2024-04-24T11:30:11,439  INFO [main] ql.Driver: Starting task [Stage-0:DDL] in serial mode
2024-04-24T11:30:11,439  INFO [main] HiveMetaStore.audit: ugi=alex	ip=unknown-ip-addr	cmd=get_table : tbl=hive.default.junit_parted_basic	
2024-04-24T11:30:11,447  INFO [main] metastore.HMSHandler: Skipping translation for processor with null
2024-04-24T11:30:11,448  INFO [main] HiveMetaStore.audit: ugi=alex	ip=unknown-ip-addr	cmd=get_table : tbl=hive.default.junit_parted_basic	
2024-04-24T11:30:11,456  INFO [main] metastore.HMSHandler: Skipping translation for processor with null
2024-04-24T11:30:11,456  INFO [main] HiveMetaStore.audit: ugi=alex	ip=unknown-ip-addr	cmd=drop_table : tbl=hive.default.junit_parted_basic	
2024-04-24T11:30:11,486  WARN [main] utils.FileUtils: File file:/home/alex/Repositories/hive/hcatalog/hcatalog-pig-adapter/build/test/data/org.apache.hive.hcatalog.mapreduce.HCatBaseTest-1713983215978/warehouse/junit_parted_basic does not exist; Force to delete it.
2024-04-24T11:30:11,486 ERROR [main] utils.FileUtils: Failed to delete file:/home/alex/Repositories/hive/hcatalog/hcatalog-pig-adapter/build/test/data/org.apache.hive.hcatalog.mapreduce.HCatBaseTest-1713983215978/warehouse/junit_parted_basic
2024-04-24T11:30:11,486  INFO [main] metadata.Hive: Dumping metastore api call timing information for : execution phase
2024-04-24T11:30:11,486  INFO [main] metadata.Hive: Total time spent in each metastore function (ms): {dropTable_(String, String, boolean, boolean, boolean)=39, isCompatibleWith_(Configuration)=0, getTable_(GetTableRequest)=8}
2024-04-24T11:30:11,486  INFO [main] ql.Driver: Completed executing command(queryId=alex_20240424113011_fb178607-4e24-4aeb-a867-fe981b3fa0c9); Time taken: 0.047 seconds
2024-04-24T11:30:11,487  INFO [main] ql.Driver: Compiling command(queryId=alex_20240424113011_fb178607-4e24-4aeb-a867-fe981b3fa0c9): drop table if exists junit_specific_size
2024-04-24T11:30:11,487  INFO [main] HiveMetaStore.audit: ugi=alex	ip=unknown-ip-addr	cmd=get_table : tbl=hive.default.junit_specific_size	
2024-04-24T11:30:11,495  INFO [main] metastore.HMSHandler: Skipping translation for processor with null
2024-04-24T11:30:11,495  INFO [main] ql.Driver: Semantic Analysis Completed (retrial = false)
2024-04-24T11:30:11,496  INFO [main] ql.Driver: Created Hive schema: Schema(fieldSchemas:null, properties:null)
2024-04-24T11:30:11,496  INFO [main] metadata.Hive: Dumping metastore api call timing information for : compilation phase
2024-04-24T11:30:11,496  INFO [main] metadata.Hive: Total time spent in each metastore function (ms): {flushCache_()=0, getTable_(GetTableRequest)=8, isCompatibleWith_(Configuration)=0}
2024-04-24T11:30:11,496  INFO [main] ql.Driver: Completed compiling command(queryId=alex_20240424113011_fb178607-4e24-4aeb-a867-fe981b3fa0c9); Time taken: 0.009 seconds
2024-04-24T11:30:11,496  INFO [main] reexec.ReExecDriver: Execution #1 of query
2024-04-24T11:30:11,496  INFO [main] ql.Driver: Concurrency mode is disabled, not creating a lock manager
2024-04-24T11:30:11,496  INFO [main] ql.Driver: Executing command(queryId=alex_20240424113011_fb178607-4e24-4aeb-a867-fe981b3fa0c9): drop table if exists junit_specific_size
2024-04-24T11:30:11,496  INFO [main] ql.Driver: Starting task [Stage-0:DDL] in serial mode
2024-04-24T11:30:11,496  INFO [main] HiveMetaStore.audit: ugi=alex	ip=unknown-ip-addr	cmd=get_table : tbl=hive.default.junit_specific_size	
2024-04-24T11:30:11,505  INFO [main] metastore.HMSHandler: Skipping translation for processor with null
2024-04-24T11:30:11,505  INFO [main] HiveMetaStore.audit: ugi=alex	ip=unknown-ip-addr	cmd=get_table : tbl=hive.default.junit_specific_size	
2024-04-24T11:30:11,515  INFO [main] metastore.HMSHandler: Skipping translation for processor with null
2024-04-24T11:30:11,516  INFO [main] HiveMetaStore.audit: ugi=alex	ip=unknown-ip-addr	cmd=drop_table : tbl=hive.default.junit_specific_size	
2024-04-24T11:30:11,560  WARN [main] utils.FileUtils: File file:/home/alex/Repositories/hive/hcatalog/hcatalog-pig-adapter/build/test/data/org.apache.hive.hcatalog.mapreduce.HCatBaseTest-1713983215978/warehouse/junit_specific_size does not exist; Force to delete it.
2024-04-24T11:30:11,560 ERROR [main] utils.FileUtils: Failed to delete file:/home/alex/Repositories/hive/hcatalog/hcatalog-pig-adapter/build/test/data/org.apache.hive.hcatalog.mapreduce.HCatBaseTest-1713983215978/warehouse/junit_specific_size
2024-04-24T11:30:11,561  INFO [main] metadata.Hive: Dumping metastore api call timing information for : execution phase
2024-04-24T11:30:11,561  INFO [main] metadata.Hive: Total time spent in each metastore function (ms): {isCompatibleWith_(Configuration)=0, getTable_(GetTableRequest)=9, dropTable_(String, String, boolean, boolean, boolean)=56}
2024-04-24T11:30:11,561  INFO [main] ql.Driver: Completed executing command(queryId=alex_20240424113011_fb178607-4e24-4aeb-a867-fe981b3fa0c9); Time taken: 0.065 seconds
2024-04-24T11:30:11,561  INFO [main] ql.Driver: Compiling command(queryId=alex_20240424113011_fb178607-4e24-4aeb-a867-fe981b3fa0c9): drop table if exists junit_parted_date
2024-04-24T11:30:11,562  INFO [main] HiveMetaStore.audit: ugi=alex	ip=unknown-ip-addr	cmd=get_table : tbl=hive.default.junit_parted_date	
2024-04-24T11:30:11,565  INFO [main] ql.Driver: Semantic Analysis Completed (retrial = false)
2024-04-24T11:30:11,565  INFO [main] ql.Driver: Created Hive schema: Schema(fieldSchemas:null, properties:null)
2024-04-24T11:30:11,565  INFO [main] metadata.Hive: Dumping metastore api call timing information for : compilation phase
2024-04-24T11:30:11,565  INFO [main] metadata.Hive: Total time spent in each metastore function (ms): {isCompatibleWith_(Configuration)=0, flushCache_()=0}
2024-04-24T11:30:11,565  INFO [main] ql.Driver: Completed compiling command(queryId=alex_20240424113011_fb178607-4e24-4aeb-a867-fe981b3fa0c9); Time taken: 0.004 seconds
2024-04-24T11:30:11,566  INFO [main] reexec.ReExecDriver: Execution #1 of query
2024-04-24T11:30:11,566  INFO [main] ql.Driver: Concurrency mode is disabled, not creating a lock manager
2024-04-24T11:30:11,566  INFO [main] ql.Driver: Executing command(queryId=alex_20240424113011_fb178607-4e24-4aeb-a867-fe981b3fa0c9): drop table if exists junit_parted_date
2024-04-24T11:30:11,566  INFO [main] ql.Driver: Starting task [Stage-0:DDL] in serial mode
2024-04-24T11:30:11,566  INFO [main] HiveMetaStore.audit: ugi=alex	ip=unknown-ip-addr	cmd=get_table : tbl=hive.default.junit_parted_date	
2024-04-24T11:30:11,569  INFO [main] metadata.Hive: Dumping metastore api call timing information for : execution phase
2024-04-24T11:30:11,569  INFO [main] metadata.Hive: Total time spent in each metastore function (ms): {isCompatibleWith_(Configuration)=0}
2024-04-24T11:30:11,569  INFO [main] ql.Driver: Completed executing command(queryId=alex_20240424113011_fb178607-4e24-4aeb-a867-fe981b3fa0c9); Time taken: 0.003 seconds
2024-04-24T11:30:11,570  INFO [main] ql.Driver: Compiling command(queryId=alex_20240424113011_fb178607-4e24-4aeb-a867-fe981b3fa0c9): drop table if exists junit_unparted_alltypes
2024-04-24T11:30:11,570  INFO [main] HiveMetaStore.audit: ugi=alex	ip=unknown-ip-addr	cmd=get_table : tbl=hive.default.junit_unparted_alltypes	
2024-04-24T11:30:11,573  INFO [main] ql.Driver: Semantic Analysis Completed (retrial = false)
2024-04-24T11:30:11,573  INFO [main] ql.Driver: Created Hive schema: Schema(fieldSchemas:null, properties:null)
2024-04-24T11:30:11,573  INFO [main] metadata.Hive: Dumping metastore api call timing information for : compilation phase
2024-04-24T11:30:11,573  INFO [main] metadata.Hive: Total time spent in each metastore function (ms): {flushCache_()=0, isCompatibleWith_(Configuration)=0}
2024-04-24T11:30:11,573  INFO [main] ql.Driver: Completed compiling command(queryId=alex_20240424113011_fb178607-4e24-4aeb-a867-fe981b3fa0c9); Time taken: 0.003 seconds
2024-04-24T11:30:11,573  INFO [main] reexec.ReExecDriver: Execution #1 of query
2024-04-24T11:30:11,573  INFO [main] ql.Driver: Concurrency mode is disabled, not creating a lock manager
2024-04-24T11:30:11,573  INFO [main] ql.Driver: Executing command(queryId=alex_20240424113011_fb178607-4e24-4aeb-a867-fe981b3fa0c9): drop table if exists junit_unparted_alltypes
2024-04-24T11:30:11,574  INFO [main] ql.Driver: Starting task [Stage-0:DDL] in serial mode
2024-04-24T11:30:11,574  INFO [main] HiveMetaStore.audit: ugi=alex	ip=unknown-ip-addr	cmd=get_table : tbl=hive.default.junit_unparted_alltypes	
2024-04-24T11:30:11,577  INFO [main] metadata.Hive: Dumping metastore api call timing information for : execution phase
2024-04-24T11:30:11,577  INFO [main] metadata.Hive: Total time spent in each metastore function (ms): {isCompatibleWith_(Configuration)=0}
2024-04-24T11:30:11,577  INFO [main] ql.Driver: Completed executing command(queryId=alex_20240424113011_fb178607-4e24-4aeb-a867-fe981b3fa0c9); Time taken: 0.004 seconds
2024-04-24T11:30:11,577  INFO [main] ql.Driver: Compiling command(queryId=alex_20240424113011_fb178607-4e24-4aeb-a867-fe981b3fa0c9): drop database if exists junit_specific_db cascade
2024-04-24T11:30:11,578  INFO [main] HiveMetaStore.audit: ugi=alex	ip=unknown-ip-addr	cmd=get_database: junit_specific_db	
2024-04-24T11:30:11,580  INFO [main] HiveMetaStore.audit: ugi=alex	ip=unknown-ip-addr	cmd=get_multi_table : db=junit_specific_db tbls=null	
2024-04-24T11:30:11,585  INFO [main] HiveMetaStore.audit: ugi=alex	ip=unknown-ip-addr	cmd=get_multi_table : db=junit_specific_db tbls=	
2024-04-24T11:30:11,585  INFO [main] ql.Driver: Semantic Analysis Completed (retrial = false)
2024-04-24T11:30:11,585  INFO [main] ql.Driver: Created Hive schema: Schema(fieldSchemas:null, properties:null)
2024-04-24T11:30:11,585  INFO [main] metadata.Hive: Dumping metastore api call timing information for : compilation phase
2024-04-24T11:30:11,585  INFO [main] metadata.Hive: Total time spent in each metastore function (ms): {isCompatibleWith_(Configuration)=0, flushCache_()=0, getDatabase_(String)=2, getTables_(String, String)=4, getTableObjectsByName_(String, List)=2}
2024-04-24T11:30:11,585  INFO [main] ql.Driver: Completed compiling command(queryId=alex_20240424113011_fb178607-4e24-4aeb-a867-fe981b3fa0c9); Time taken: 0.008 seconds
2024-04-24T11:30:11,585  INFO [main] reexec.ReExecDriver: Execution #1 of query
2024-04-24T11:30:11,585  INFO [main] ql.Driver: Concurrency mode is disabled, not creating a lock manager
2024-04-24T11:30:11,585  INFO [main] ql.Driver: Executing command(queryId=alex_20240424113011_fb178607-4e24-4aeb-a867-fe981b3fa0c9): drop database if exists junit_specific_db cascade
2024-04-24T11:30:11,586  INFO [main] ql.Driver: Starting task [Stage-0:DDL] in serial mode
2024-04-24T11:30:11,586  INFO [main] HiveMetaStore.audit: ugi=alex	ip=unknown-ip-addr	cmd=get_database: junit_specific_db	
2024-04-24T11:30:11,587  INFO [main] HiveMetaStore.audit: ugi=alex	ip=unknown-ip-addr	cmd=get_tables_by_type: db=@hive#junit_specific_db pat=.*,type=MATERIALIZED_VIEW	
2024-04-24T11:30:11,587  INFO [main] HiveMetaStore.audit: ugi=alex	ip=unknown-ip-addr	cmd=getTablesByTypeCore: catName=hive: db=junit_specific_db pat=.*,type=MATERIALIZED_VIEW	
2024-04-24T11:30:11,589  INFO [main] HiveMetaStore.audit: ugi=alex	ip=unknown-ip-addr	cmd=get_all_tables: db=@hive#junit_specific_db	
2024-04-24T11:30:11,591  INFO [main] HiveMetaStore.audit: ugi=alex	ip=unknown-ip-addr	cmd=get_multi_table : db=junit_specific_db tbls=junit_specific_size2	
2024-04-24T11:30:11,594  INFO [main] HiveMetaStore.audit: ugi=alex	ip=unknown-ip-addr	cmd=drop_database: @hive#junit_specific_db	
2024-04-24T11:30:11,595  INFO [main] HiveMetaStore.audit: ugi=alex	ip=unknown-ip-addr	cmd=get_all_tables: db=@hive#junit_specific_db	
2024-04-24T11:30:11,596  INFO [main] HiveMetaStore.audit: ugi=alex	ip=unknown-ip-addr	cmd=get_functions: db=@hive#junit_specific_db pat=*	
2024-04-24T11:30:11,598  INFO [main] HiveMetaStore.audit: ugi=alex	ip=unknown-ip-addr	cmd=get_all_stored_procedures	
2024-04-24T11:30:11,599  INFO [main] HiveMetaStore.audit: ugi=alex	ip=unknown-ip-addr	cmd=get_all_packages	
2024-04-24T11:30:11,600  INFO [main] HiveMetaStore.audit: ugi=alex	ip=unknown-ip-addr	cmd=getTablesByTypeCore: catName=hive: db=junit_specific_db pat=.*,type=MATERIALIZED_VIEW	
2024-04-24T11:30:11,604  INFO [main] metastore.ObjectStore: Dropping database hive.junit_specific_db along with all tables
2024-04-24T11:30:11,611  INFO [main] txn.TxnHandler: Non-retryable error in cleanupRecords : Table/View 'TXN_COMPONENTS' does not exist. (SQLState=42X05, ErrorCode=20000)
2024-04-24T11:30:11,611  WARN [main] txn.TxnHandler: Cannot perform cleanup since metastore table does not exist
2024-04-24T11:30:11,612 ERROR [main] metastore.RetryingHMSHandler: Retrying HMSHandler after 2000 ms (attempt 1 of 10) with error: javax.jdo.JDODataStoreException: Exception thrown flushing changes to datastore
	at org.datanucleus.api.jdo.NucleusJDOHelper.getJDOExceptionForNucleusException(NucleusJDOHelper.java:542)
	at org.datanucleus.api.jdo.JDOTransaction.commit(JDOTransaction.java:162)
	at org.apache.hadoop.hive.metastore.ObjectStore.commitTransaction(ObjectStore.java:615)
	at sun.reflect.GeneratedMethodAccessor31.invoke(Unknown Source)
	at sun.reflect.DelegatingMethodAccessorImpl.invoke(DelegatingMethodAccessorImpl.java:43)
	at java.lang.reflect.Method.invoke(Method.java:498)
	at org.apache.hadoop.hive.metastore.RawStoreProxy.invoke(RawStoreProxy.java:97)
	at com.sun.proxy.$Proxy32.commitTransaction(Unknown Source)
	at org.apache.hadoop.hive.metastore.HMSHandler.drop_database_core(HMSHandler.java:1790)
	at org.apache.hadoop.hive.metastore.HMSHandler.drop_database(HMSHandler.java:1869)
	at sun.reflect.GeneratedMethodAccessor54.invoke(Unknown Source)
	at sun.reflect.DelegatingMethodAccessorImpl.invoke(DelegatingMethodAccessorImpl.java:43)
	at java.lang.reflect.Method.invoke(Method.java:498)
	at org.apache.hadoop.hive.metastore.RetryingHMSHandler.invokeInternal(RetryingHMSHandler.java:147)
	at org.apache.hadoop.hive.metastore.RetryingHMSHandler.invoke(RetryingHMSHandler.java:108)
	at com.sun.proxy.$Proxy35.drop_database(Unknown Source)
	at org.apache.hadoop.hive.metastore.HiveMetaStoreClient.dropDatabaseCascadePerDb(HiveMetaStoreClient.java:1601)
	at org.apache.hadoop.hive.metastore.HiveMetaStoreClient.dropDatabase(HiveMetaStoreClient.java:1532)
	at org.apache.hadoop.hive.metastore.HiveMetaStoreClient.dropDatabase(HiveMetaStoreClient.java:1485)
	at sun.reflect.NativeMethodAccessorImpl.invoke0(Native Method)
	at sun.reflect.NativeMethodAccessorImpl.invoke(NativeMethodAccessorImpl.java:62)
	at sun.reflect.DelegatingMethodAccessorImpl.invoke(DelegatingMethodAccessorImpl.java:43)
	at java.lang.reflect.Method.invoke(Method.java:498)
	at org.apache.hadoop.hive.metastore.RetryingMetaStoreClient.invoke(RetryingMetaStoreClient.java:218)
	at com.sun.proxy.$Proxy45.dropDatabase(Unknown Source)
	at org.apache.hadoop.hive.ql.metadata.Hive.dropDatabase(Hive.java:662)
	at org.apache.hadoop.hive.ql.ddl.database.drop.DropDatabaseOperation.execute(DropDatabaseOperation.java:52)
	at org.apache.hadoop.hive.ql.ddl.DDLTask.execute(DDLTask.java:84)
	at org.apache.hadoop.hive.ql.exec.Task.executeTask(Task.java:212)
	at org.apache.hadoop.hive.ql.exec.TaskRunner.runSequential(TaskRunner.java:105)
	at org.apache.hadoop.hive.ql.Executor.launchTask(Executor.java:361)
	at org.apache.hadoop.hive.ql.Executor.launchTasks(Executor.java:334)
	at org.apache.hadoop.hive.ql.Executor.runTasks(Executor.java:245)
	at org.apache.hadoop.hive.ql.Executor.execute(Executor.java:108)
	at org.apache.hadoop.hive.ql.Driver.execute(Driver.java:348)
	at org.apache.hadoop.hive.ql.Driver.runInternal(Driver.java:204)
	at org.apache.hadoop.hive.ql.Driver.run(Driver.java:153)
	at org.apache.hadoop.hive.ql.Driver.run(Driver.java:148)
	at org.apache.hadoop.hive.ql.reexec.ReExecDriver.run(ReExecDriver.java:164)
	at org.apache.hadoop.hive.ql.reexec.ReExecDriver.run(ReExecDriver.java:230)
	at org.apache.hive.hcatalog.pig.AbstractHCatLoaderTest.executeStatementOnDriver(AbstractHCatLoaderTest.java:151)
	at org.apache.hive.hcatalog.pig.AbstractHCatLoaderTest.tearDown(AbstractHCatLoaderTest.java:239)
	at sun.reflect.NativeMethodAccessorImpl.invoke0(Native Method)
	at sun.reflect.NativeMethodAccessorImpl.invoke(NativeMethodAccessorImpl.java:62)
	at sun.reflect.DelegatingMethodAccessorImpl.invoke(DelegatingMethodAccessorImpl.java:43)
	at java.lang.reflect.Method.invoke(Method.java:498)
	at org.junit.runners.model.FrameworkMethod$1.runReflectiveCall(FrameworkMethod.java:59)
	at org.junit.internal.runners.model.ReflectiveCallable.run(ReflectiveCallable.java:12)
	at org.junit.runners.model.FrameworkMethod.invokeExplosively(FrameworkMethod.java:56)
	at org.junit.internal.runners.statements.RunAfters.invokeMethod(RunAfters.java:46)
	at org.junit.internal.runners.statements.RunAfters.evaluate(RunAfters.java:33)
	at org.junit.runners.ParentRunner$3.evaluate(ParentRunner.java:306)
	at org.junit.runners.BlockJUnit4ClassRunner$1.evaluate(BlockJUnit4ClassRunner.java:100)
	at org.junit.runners.ParentRunner.runLeaf(ParentRunner.java:366)
	at org.junit.runners.BlockJUnit4ClassRunner.runChild(BlockJUnit4ClassRunner.java:103)
	at org.junit.runners.BlockJUnit4ClassRunner.runChild(BlockJUnit4ClassRunner.java:63)
	at org.junit.runners.ParentRunner$4.run(ParentRunner.java:331)
	at org.junit.runners.ParentRunner$1.schedule(ParentRunner.java:79)
	at org.junit.runners.ParentRunner.runChildren(ParentRunner.java:329)
	at org.junit.runners.ParentRunner.access$100(ParentRunner.java:66)
	at org.junit.runners.ParentRunner$2.evaluate(ParentRunner.java:293)
	at org.junit.internal.runners.statements.RunBefores.evaluate(RunBefores.java:26)
	at org.junit.runners.ParentRunner$3.evaluate(ParentRunner.java:306)
	at org.junit.runners.ParentRunner.run(ParentRunner.java:413)
	at org.junit.runners.Suite.runChild(Suite.java:128)
	at org.junit.runners.Suite.runChild(Suite.java:27)
	at org.junit.runners.ParentRunner$4.run(ParentRunner.java:331)
	at org.junit.runners.ParentRunner$1.schedule(ParentRunner.java:79)
	at org.junit.runners.ParentRunner.runChildren(ParentRunner.java:329)
	at org.junit.runners.ParentRunner.access$100(ParentRunner.java:66)
	at org.junit.runners.ParentRunner$2.evaluate(ParentRunner.java:293)
	at org.junit.runners.ParentRunner$3.evaluate(ParentRunner.java:306)
	at org.junit.runners.ParentRunner.run(ParentRunner.java:413)
	at org.apache.maven.surefire.junitcore.JUnitCore.run(JUnitCore.java:55)
	at org.apache.maven.surefire.junitcore.JUnitCoreWrapper.createRequestAndRun(JUnitCoreWrapper.java:137)
	at org.apache.maven.surefire.junitcore.JUnitCoreWrapper.executeEager(JUnitCoreWrapper.java:107)
	at org.apache.maven.surefire.junitcore.JUnitCoreWrapper.execute(JUnitCoreWrapper.java:83)
	at org.apache.maven.surefire.junitcore.JUnitCoreWrapper.execute(JUnitCoreWrapper.java:75)
	at org.apache.maven.surefire.junitcore.JUnitCoreProvider.invoke(JUnitCoreProvider.java:158)
	at org.apache.maven.surefire.booter.ForkedBooter.runSuitesInProcess(ForkedBooter.java:377)
	at org.apache.maven.surefire.booter.ForkedBooter.execute(ForkedBooter.java:138)
	at org.apache.maven.surefire.booter.ForkedBooter.run(ForkedBooter.java:465)
	at org.apache.maven.surefire.booter.ForkedBooter.main(ForkedBooter.java:451)
NestedThrowablesStackTrace:
java.sql.BatchUpdateException: DELETE on table 'DBS' caused a violation of foreign key constraint 'TBLS_FK1' for key (4).  The statement has been rolled back.
	at org.apache.derby.impl.jdbc.EmbedStatement.executeLargeBatch(Unknown Source)
	at org.apache.derby.impl.jdbc.EmbedStatement.executeBatch(Unknown Source)
	at com.zaxxer.hikari.pool.ProxyStatement.executeBatch(ProxyStatement.java:128)
	at com.zaxxer.hikari.pool.HikariProxyPreparedStatement.executeBatch(HikariProxyPreparedStatement.java)
	at org.datanucleus.store.rdbms.ParamLoggingPreparedStatement.executeBatch(ParamLoggingPreparedStatement.java:366)
	at org.datanucleus.store.rdbms.SQLController.processConnectionStatement(SQLController.java:675)
	at org.datanucleus.store.rdbms.SQLController.processStatementsForConnection(SQLController.java:643)
	at org.datanucleus.store.rdbms.SQLController$1.transactionFlushed(SQLController.java:729)
	at org.datanucleus.store.connection.AbstractManagedConnection.transactionFlushed(AbstractManagedConnection.java:95)
	at org.datanucleus.store.connection.ConnectionManagerImpl$2.transactionFlushed(ConnectionManagerImpl.java:528)
	at org.datanucleus.TransactionImpl.flush(TransactionImpl.java:222)
	at org.datanucleus.TransactionImpl.commit(TransactionImpl.java:286)
	at org.datanucleus.api.jdo.JDOTransaction.commit(JDOTransaction.java:99)
	at org.apache.hadoop.hive.metastore.ObjectStore.commitTransaction(ObjectStore.java:615)
	at sun.reflect.GeneratedMethodAccessor31.invoke(Unknown Source)
	at sun.reflect.DelegatingMethodAccessorImpl.invoke(DelegatingMethodAccessorImpl.java:43)
	at java.lang.reflect.Method.invoke(Method.java:498)
	at org.apache.hadoop.hive.metastore.RawStoreProxy.invoke(RawStoreProxy.java:97)
	at com.sun.proxy.$Proxy32.commitTransaction(Unknown Source)
	at org.apache.hadoop.hive.metastore.HMSHandler.drop_database_core(HMSHandler.java:1790)
	at org.apache.hadoop.hive.metastore.HMSHandler.drop_database(HMSHandler.java:1869)
	at sun.reflect.GeneratedMethodAccessor54.invoke(Unknown Source)
	at sun.reflect.DelegatingMethodAccessorImpl.invoke(DelegatingMethodAccessorImpl.java:43)
	at java.lang.reflect.Method.invoke(Method.java:498)
	at org.apache.hadoop.hive.metastore.RetryingHMSHandler.invokeInternal(RetryingHMSHandler.java:147)
	at org.apache.hadoop.hive.metastore.RetryingHMSHandler.invoke(RetryingHMSHandler.java:108)
	at com.sun.proxy.$Proxy35.drop_database(Unknown Source)
	at org.apache.hadoop.hive.metastore.HiveMetaStoreClient.dropDatabaseCascadePerDb(HiveMetaStoreClient.java:1601)
	at org.apache.hadoop.hive.metastore.HiveMetaStoreClient.dropDatabase(HiveMetaStoreClient.java:1532)
	at org.apache.hadoop.hive.metastore.HiveMetaStoreClient.dropDatabase(HiveMetaStoreClient.java:1485)
	at sun.reflect.NativeMethodAccessorImpl.invoke0(Native Method)
	at sun.reflect.NativeMethodAccessorImpl.invoke(NativeMethodAccessorImpl.java:62)
	at sun.reflect.DelegatingMethodAccessorImpl.invoke(DelegatingMethodAccessorImpl.java:43)
	at java.lang.reflect.Method.invoke(Method.java:498)
	at org.apache.hadoop.hive.metastore.RetryingMetaStoreClient.invoke(RetryingMetaStoreClient.java:218)
	at com.sun.proxy.$Proxy45.dropDatabase(Unknown Source)
	at org.apache.hadoop.hive.ql.metadata.Hive.dropDatabase(Hive.java:662)
	at org.apache.hadoop.hive.ql.ddl.database.drop.DropDatabaseOperation.execute(DropDatabaseOperation.java:52)
	at org.apache.hadoop.hive.ql.ddl.DDLTask.execute(DDLTask.java:84)
	at org.apache.hadoop.hive.ql.exec.Task.executeTask(Task.java:212)
	at org.apache.hadoop.hive.ql.exec.TaskRunner.runSequential(TaskRunner.java:105)
	at org.apache.hadoop.hive.ql.Executor.launchTask(Executor.java:361)
	at org.apache.hadoop.hive.ql.Executor.launchTasks(Executor.java:334)
	at org.apache.hadoop.hive.ql.Executor.runTasks(Executor.java:245)
	at org.apache.hadoop.hive.ql.Executor.execute(Executor.java:108)
	at org.apache.hadoop.hive.ql.Driver.execute(Driver.java:348)
	at org.apache.hadoop.hive.ql.Driver.runInternal(Driver.java:204)
	at org.apache.hadoop.hive.ql.Driver.run(Driver.java:153)
	at org.apache.hadoop.hive.ql.Driver.run(Driver.java:148)
	at org.apache.hadoop.hive.ql.reexec.ReExecDriver.run(ReExecDriver.java:164)
	at org.apache.hadoop.hive.ql.reexec.ReExecDriver.run(ReExecDriver.java:230)
	at org.apache.hive.hcatalog.pig.AbstractHCatLoaderTest.executeStatementOnDriver(AbstractHCatLoaderTest.java:151)
	at org.apache.hive.hcatalog.pig.AbstractHCatLoaderTest.tearDown(AbstractHCatLoaderTest.java:239)
	at sun.reflect.NativeMethodAccessorImpl.invoke0(Native Method)
	at sun.reflect.NativeMethodAccessorImpl.invoke(NativeMethodAccessorImpl.java:62)
	at sun.reflect.DelegatingMethodAccessorImpl.invoke(DelegatingMethodAccessorImpl.java:43)
	at java.lang.reflect.Method.invoke(Method.java:498)
	at org.junit.runners.model.FrameworkMethod$1.runReflectiveCall(FrameworkMethod.java:59)
	at org.junit.internal.runners.model.ReflectiveCallable.run(ReflectiveCallable.java:12)
	at org.junit.runners.model.FrameworkMethod.invokeExplosively(FrameworkMethod.java:56)
	at org.junit.internal.runners.statements.RunAfters.invokeMethod(RunAfters.java:46)
	at org.junit.internal.runners.statements.RunAfters.evaluate(RunAfters.java:33)
	at org.junit.runners.ParentRunner$3.evaluate(ParentRunner.java:306)
	at org.junit.runners.BlockJUnit4ClassRunner$1.evaluate(BlockJUnit4ClassRunner.java:100)
	at org.junit.runners.ParentRunner.runLeaf(ParentRunner.java:366)
	at org.junit.runners.BlockJUnit4ClassRunner.runChild(BlockJUnit4ClassRunner.java:103)
	at org.junit.runners.BlockJUnit4ClassRunner.runChild(BlockJUnit4ClassRunner.java:63)
	at org.junit.runners.ParentRunner$4.run(ParentRunner.java:331)
	at org.junit.runners.ParentRunner$1.schedule(ParentRunner.java:79)
	at org.junit.runners.ParentRunner.runChildren(ParentRunner.java:329)
	at org.junit.runners.ParentRunner.access$100(ParentRunner.java:66)
	at org.junit.runners.ParentRunner$2.evaluate(ParentRunner.java:293)
	at org.junit.internal.runners.statements.RunBefores.evaluate(RunBefores.java:26)
	at org.junit.runners.ParentRunner$3.evaluate(ParentRunner.java:306)
	at org.junit.runners.ParentRunner.run(ParentRunner.java:413)
	at org.junit.runners.Suite.runChild(Suite.java:128)
	at org.junit.runners.Suite.runChild(Suite.java:27)
	at org.junit.runners.ParentRunner$4.run(ParentRunner.java:331)
	at org.junit.runners.ParentRunner$1.schedule(ParentRunner.java:79)
	at org.junit.runners.ParentRunner.runChildren(ParentRunner.java:329)
	at org.junit.runners.ParentRunner.access$100(ParentRunner.java:66)
	at org.junit.runners.ParentRunner$2.evaluate(ParentRunner.java:293)
	at org.junit.runners.ParentRunner$3.evaluate(ParentRunner.java:306)
	at org.junit.runners.ParentRunner.run(ParentRunner.java:413)
	at org.apache.maven.surefire.junitcore.JUnitCore.run(JUnitCore.java:55)
	at org.apache.maven.surefire.junitcore.JUnitCoreWrapper.createRequestAndRun(JUnitCoreWrapper.java:137)
	at org.apache.maven.surefire.junitcore.JUnitCoreWrapper.executeEager(JUnitCoreWrapper.java:107)
	at org.apache.maven.surefire.junitcore.JUnitCoreWrapper.execute(JUnitCoreWrapper.java:83)
	at org.apache.maven.surefire.junitcore.JUnitCoreWrapper.execute(JUnitCoreWrapper.java:75)
	at org.apache.maven.surefire.junitcore.JUnitCoreProvider.invoke(JUnitCoreProvider.java:158)
	at org.apache.maven.surefire.booter.ForkedBooter.runSuitesInProcess(ForkedBooter.java:377)
	at org.apache.maven.surefire.booter.ForkedBooter.execute(ForkedBooter.java:138)
	at org.apache.maven.surefire.booter.ForkedBooter.run(ForkedBooter.java:465)
	at org.apache.maven.surefire.booter.ForkedBooter.main(ForkedBooter.java:451)
Caused by: org.apache.derby.shared.common.error.DerbySQLIntegrityConstraintViolationException: DELETE on table 'DBS' caused a violation of foreign key constraint 'TBLS_FK1' for key (4).  The statement has been rolled back.
	at org.apache.derby.impl.jdbc.SQLExceptionFactory.getSQLException(Unknown Source)
	at org.apache.derby.impl.jdbc.Util.generateCsSQLException(Unknown Source)
	at org.apache.derby.impl.jdbc.TransactionResourceImpl.wrapInSQLException(Unknown Source)
	at org.apache.derby.impl.jdbc.TransactionResourceImpl.handleException(Unknown Source)
	at org.apache.derby.impl.jdbc.EmbedConnection.handleException(Unknown Source)
	at org.apache.derby.impl.jdbc.ConnectionChild.handleException(Unknown Source)
	at org.apache.derby.impl.jdbc.EmbedStatement.executeStatement(Unknown Source)
	at org.apache.derby.impl.jdbc.EmbedPreparedStatement.executeBatchElement(Unknown Source)
	... 94 more
Caused by: ERROR 23503: DELETE on table 'DBS' caused a violation of foreign key constraint 'TBLS_FK1' for key (4).  The statement has been rolled back.
	at org.apache.derby.iapi.error.StandardException.newException(Unknown Source)
	at org.apache.derby.iapi.error.StandardException.newException(Unknown Source)
	at org.apache.derby.impl.sql.execute.ReferencedKeyRIChecker.doCheck(Unknown Source)
	at org.apache.derby.impl.sql.execute.RISetChecker.doPKCheck(Unknown Source)
	at org.apache.derby.impl.sql.execute.DeleteResultSet.collectAffectedRows(Unknown Source)
	at org.apache.derby.impl.sql.execute.DeleteResultSet.open(Unknown Source)
	at org.apache.derby.impl.sql.GenericPreparedStatement.executeStmt(Unknown Source)
	at org.apache.derby.impl.sql.GenericPreparedStatement.execute(Unknown Source)
	... 96 more

2024-04-24T11:30:13,613  INFO [main] HiveMetaStore.audit: ugi=alex	ip=unknown-ip-addr	cmd=drop_database: @hive#junit_specific_db	
2024-04-24T11:30:13,618  INFO [main] HiveMetaStore.audit: ugi=alex	ip=unknown-ip-addr	cmd=get_all_tables: db=@hive#junit_specific_db	
2024-04-24T11:30:13,618  INFO [main] HiveMetaStore.audit: ugi=alex	ip=unknown-ip-addr	cmd=get_functions: db=@hive#junit_specific_db pat=*	
2024-04-24T11:30:13,620  INFO [main] HiveMetaStore.audit: ugi=alex	ip=unknown-ip-addr	cmd=get_all_stored_procedures	
2024-04-24T11:30:13,622  INFO [main] HiveMetaStore.audit: ugi=alex	ip=unknown-ip-addr	cmd=get_all_packages	
2024-04-24T11:30:13,623  INFO [main] HiveMetaStore.audit: ugi=alex	ip=unknown-ip-addr	cmd=getTablesByTypeCore: catName=hive: db=junit_specific_db pat=.*,type=MATERIALIZED_VIEW	
2024-04-24T11:30:13,627  INFO [main] metastore.ObjectStore: Dropping database hive.junit_specific_db along with all tables
2024-04-24T11:30:13,634  INFO [main] txn.TxnHandler: Non-retryable error in cleanupRecords : Table/View 'TXN_COMPONENTS' does not exist. (SQLState=42X05, ErrorCode=20000)
2024-04-24T11:30:13,634  WARN [main] txn.TxnHandler: Cannot perform cleanup since metastore table does not exist
2024-04-24T11:30:13,635 ERROR [main] metastore.RetryingHMSHandler: Retrying HMSHandler after 2000 ms (attempt 2 of 10) with error: javax.jdo.JDODataStoreException: Exception thrown flushing changes to datastore
	at org.datanucleus.api.jdo.NucleusJDOHelper.getJDOExceptionForNucleusException(NucleusJDOHelper.java:542)
	at org.datanucleus.api.jdo.JDOTransaction.commit(JDOTransaction.java:162)
	at org.apache.hadoop.hive.metastore.ObjectStore.commitTransaction(ObjectStore.java:615)
	at sun.reflect.GeneratedMethodAccessor31.invoke(Unknown Source)
	at sun.reflect.DelegatingMethodAccessorImpl.invoke(DelegatingMethodAccessorImpl.java:43)
	at java.lang.reflect.Method.invoke(Method.java:498)
	at org.apache.hadoop.hive.metastore.RawStoreProxy.invoke(RawStoreProxy.java:97)
	at com.sun.proxy.$Proxy32.commitTransaction(Unknown Source)
	at org.apache.hadoop.hive.metastore.HMSHandler.drop_database_core(HMSHandler.java:1790)
	at org.apache.hadoop.hive.metastore.HMSHandler.drop_database(HMSHandler.java:1869)
	at sun.reflect.GeneratedMethodAccessor54.invoke(Unknown Source)
	at sun.reflect.DelegatingMethodAccessorImpl.invoke(DelegatingMethodAccessorImpl.java:43)
	at java.lang.reflect.Method.invoke(Method.java:498)
	at org.apache.hadoop.hive.metastore.RetryingHMSHandler.invokeInternal(RetryingHMSHandler.java:147)
	at org.apache.hadoop.hive.metastore.RetryingHMSHandler.invoke(RetryingHMSHandler.java:108)
	at com.sun.proxy.$Proxy35.drop_database(Unknown Source)
	at org.apache.hadoop.hive.metastore.HiveMetaStoreClient.dropDatabaseCascadePerDb(HiveMetaStoreClient.java:1601)
	at org.apache.hadoop.hive.metastore.HiveMetaStoreClient.dropDatabase(HiveMetaStoreClient.java:1532)
	at org.apache.hadoop.hive.metastore.HiveMetaStoreClient.dropDatabase(HiveMetaStoreClient.java:1485)
	at sun.reflect.NativeMethodAccessorImpl.invoke0(Native Method)
	at sun.reflect.NativeMethodAccessorImpl.invoke(NativeMethodAccessorImpl.java:62)
	at sun.reflect.DelegatingMethodAccessorImpl.invoke(DelegatingMethodAccessorImpl.java:43)
	at java.lang.reflect.Method.invoke(Method.java:498)
	at org.apache.hadoop.hive.metastore.RetryingMetaStoreClient.invoke(RetryingMetaStoreClient.java:218)
	at com.sun.proxy.$Proxy45.dropDatabase(Unknown Source)
	at org.apache.hadoop.hive.ql.metadata.Hive.dropDatabase(Hive.java:662)
	at org.apache.hadoop.hive.ql.ddl.database.drop.DropDatabaseOperation.execute(DropDatabaseOperation.java:52)
	at org.apache.hadoop.hive.ql.ddl.DDLTask.execute(DDLTask.java:84)
	at org.apache.hadoop.hive.ql.exec.Task.executeTask(Task.java:212)
	at org.apache.hadoop.hive.ql.exec.TaskRunner.runSequential(TaskRunner.java:105)
	at org.apache.hadoop.hive.ql.Executor.launchTask(Executor.java:361)
	at org.apache.hadoop.hive.ql.Executor.launchTasks(Executor.java:334)
	at org.apache.hadoop.hive.ql.Executor.runTasks(Executor.java:245)
	at org.apache.hadoop.hive.ql.Executor.execute(Executor.java:108)
	at org.apache.hadoop.hive.ql.Driver.execute(Driver.java:348)
	at org.apache.hadoop.hive.ql.Driver.runInternal(Driver.java:204)
	at org.apache.hadoop.hive.ql.Driver.run(Driver.java:153)
	at org.apache.hadoop.hive.ql.Driver.run(Driver.java:148)
	at org.apache.hadoop.hive.ql.reexec.ReExecDriver.run(ReExecDriver.java:164)
	at org.apache.hadoop.hive.ql.reexec.ReExecDriver.run(ReExecDriver.java:230)
	at org.apache.hive.hcatalog.pig.AbstractHCatLoaderTest.executeStatementOnDriver(AbstractHCatLoaderTest.java:151)
	at org.apache.hive.hcatalog.pig.AbstractHCatLoaderTest.tearDown(AbstractHCatLoaderTest.java:239)
	at sun.reflect.NativeMethodAccessorImpl.invoke0(Native Method)
	at sun.reflect.NativeMethodAccessorImpl.invoke(NativeMethodAccessorImpl.java:62)
	at sun.reflect.DelegatingMethodAccessorImpl.invoke(DelegatingMethodAccessorImpl.java:43)
	at java.lang.reflect.Method.invoke(Method.java:498)
	at org.junit.runners.model.FrameworkMethod$1.runReflectiveCall(FrameworkMethod.java:59)
	at org.junit.internal.runners.model.ReflectiveCallable.run(ReflectiveCallable.java:12)
	at org.junit.runners.model.FrameworkMethod.invokeExplosively(FrameworkMethod.java:56)
	at org.junit.internal.runners.statements.RunAfters.invokeMethod(RunAfters.java:46)
	at org.junit.internal.runners.statements.RunAfters.evaluate(RunAfters.java:33)
	at org.junit.runners.ParentRunner$3.evaluate(ParentRunner.java:306)
	at org.junit.runners.BlockJUnit4ClassRunner$1.evaluate(BlockJUnit4ClassRunner.java:100)
	at org.junit.runners.ParentRunner.runLeaf(ParentRunner.java:366)
	at org.junit.runners.BlockJUnit4ClassRunner.runChild(BlockJUnit4ClassRunner.java:103)
	at org.junit.runners.BlockJUnit4ClassRunner.runChild(BlockJUnit4ClassRunner.java:63)
	at org.junit.runners.ParentRunner$4.run(ParentRunner.java:331)
	at org.junit.runners.ParentRunner$1.schedule(ParentRunner.java:79)
	at org.junit.runners.ParentRunner.runChildren(ParentRunner.java:329)
	at org.junit.runners.ParentRunner.access$100(ParentRunner.java:66)
	at org.junit.runners.ParentRunner$2.evaluate(ParentRunner.java:293)
	at org.junit.internal.runners.statements.RunBefores.evaluate(RunBefores.java:26)
	at org.junit.runners.ParentRunner$3.evaluate(ParentRunner.java:306)
	at org.junit.runners.ParentRunner.run(ParentRunner.java:413)
	at org.junit.runners.Suite.runChild(Suite.java:128)
	at org.junit.runners.Suite.runChild(Suite.java:27)
	at org.junit.runners.ParentRunner$4.run(ParentRunner.java:331)
	at org.junit.runners.ParentRunner$1.schedule(ParentRunner.java:79)
	at org.junit.runners.ParentRunner.runChildren(ParentRunner.java:329)
	at org.junit.runners.ParentRunner.access$100(ParentRunner.java:66)
	at org.junit.runners.ParentRunner$2.evaluate(ParentRunner.java:293)
	at org.junit.runners.ParentRunner$3.evaluate(ParentRunner.java:306)
	at org.junit.runners.ParentRunner.run(ParentRunner.java:413)
	at org.apache.maven.surefire.junitcore.JUnitCore.run(JUnitCore.java:55)
	at org.apache.maven.surefire.junitcore.JUnitCoreWrapper.createRequestAndRun(JUnitCoreWrapper.java:137)
	at org.apache.maven.surefire.junitcore.JUnitCoreWrapper.executeEager(JUnitCoreWrapper.java:107)
	at org.apache.maven.surefire.junitcore.JUnitCoreWrapper.execute(JUnitCoreWrapper.java:83)
	at org.apache.maven.surefire.junitcore.JUnitCoreWrapper.execute(JUnitCoreWrapper.java:75)
	at org.apache.maven.surefire.junitcore.JUnitCoreProvider.invoke(JUnitCoreProvider.java:158)
	at org.apache.maven.surefire.booter.ForkedBooter.runSuitesInProcess(ForkedBooter.java:377)
	at org.apache.maven.surefire.booter.ForkedBooter.execute(ForkedBooter.java:138)
	at org.apache.maven.surefire.booter.ForkedBooter.run(ForkedBooter.java:465)
	at org.apache.maven.surefire.booter.ForkedBooter.main(ForkedBooter.java:451)
NestedThrowablesStackTrace:
java.sql.BatchUpdateException: DELETE on table 'DBS' caused a violation of foreign key constraint 'TBLS_FK1' for key (4).  The statement has been rolled back.
	at org.apache.derby.impl.jdbc.EmbedStatement.executeLargeBatch(Unknown Source)
	at org.apache.derby.impl.jdbc.EmbedStatement.executeBatch(Unknown Source)
	at com.zaxxer.hikari.pool.ProxyStatement.executeBatch(ProxyStatement.java:128)
	at com.zaxxer.hikari.pool.HikariProxyPreparedStatement.executeBatch(HikariProxyPreparedStatement.java)
	at org.datanucleus.store.rdbms.ParamLoggingPreparedStatement.executeBatch(ParamLoggingPreparedStatement.java:366)
	at org.datanucleus.store.rdbms.SQLController.processConnectionStatement(SQLController.java:675)
	at org.datanucleus.store.rdbms.SQLController.processStatementsForConnection(SQLController.java:643)
	at org.datanucleus.store.rdbms.SQLController$1.transactionFlushed(SQLController.java:729)
	at org.datanucleus.store.connection.AbstractManagedConnection.transactionFlushed(AbstractManagedConnection.java:95)
	at org.datanucleus.store.connection.ConnectionManagerImpl$2.transactionFlushed(ConnectionManagerImpl.java:528)
	at org.datanucleus.TransactionImpl.flush(TransactionImpl.java:222)
	at org.datanucleus.TransactionImpl.commit(TransactionImpl.java:286)
	at org.datanucleus.api.jdo.JDOTransaction.commit(JDOTransaction.java:99)
	at org.apache.hadoop.hive.metastore.ObjectStore.commitTransaction(ObjectStore.java:615)
	at sun.reflect.GeneratedMethodAccessor31.invoke(Unknown Source)
	at sun.reflect.DelegatingMethodAccessorImpl.invoke(DelegatingMethodAccessorImpl.java:43)
	at java.lang.reflect.Method.invoke(Method.java:498)
	at org.apache.hadoop.hive.metastore.RawStoreProxy.invoke(RawStoreProxy.java:97)
	at com.sun.proxy.$Proxy32.commitTransaction(Unknown Source)
	at org.apache.hadoop.hive.metastore.HMSHandler.drop_database_core(HMSHandler.java:1790)
	at org.apache.hadoop.hive.metastore.HMSHandler.drop_database(HMSHandler.java:1869)
	at sun.reflect.GeneratedMethodAccessor54.invoke(Unknown Source)
	at sun.reflect.DelegatingMethodAccessorImpl.invoke(DelegatingMethodAccessorImpl.java:43)
	at java.lang.reflect.Method.invoke(Method.java:498)
	at org.apache.hadoop.hive.metastore.RetryingHMSHandler.invokeInternal(RetryingHMSHandler.java:147)
	at org.apache.hadoop.hive.metastore.RetryingHMSHandler.invoke(RetryingHMSHandler.java:108)
	at com.sun.proxy.$Proxy35.drop_database(Unknown Source)
	at org.apache.hadoop.hive.metastore.HiveMetaStoreClient.dropDatabaseCascadePerDb(HiveMetaStoreClient.java:1601)
	at org.apache.hadoop.hive.metastore.HiveMetaStoreClient.dropDatabase(HiveMetaStoreClient.java:1532)
	at org.apache.hadoop.hive.metastore.HiveMetaStoreClient.dropDatabase(HiveMetaStoreClient.java:1485)
	at sun.reflect.NativeMethodAccessorImpl.invoke0(Native Method)
	at sun.reflect.NativeMethodAccessorImpl.invoke(NativeMethodAccessorImpl.java:62)
	at sun.reflect.DelegatingMethodAccessorImpl.invoke(DelegatingMethodAccessorImpl.java:43)
	at java.lang.reflect.Method.invoke(Method.java:498)
	at org.apache.hadoop.hive.metastore.RetryingMetaStoreClient.invoke(RetryingMetaStoreClient.java:218)
	at com.sun.proxy.$Proxy45.dropDatabase(Unknown Source)
	at org.apache.hadoop.hive.ql.metadata.Hive.dropDatabase(Hive.java:662)
	at org.apache.hadoop.hive.ql.ddl.database.drop.DropDatabaseOperation.execute(DropDatabaseOperation.java:52)
	at org.apache.hadoop.hive.ql.ddl.DDLTask.execute(DDLTask.java:84)
	at org.apache.hadoop.hive.ql.exec.Task.executeTask(Task.java:212)
	at org.apache.hadoop.hive.ql.exec.TaskRunner.runSequential(TaskRunner.java:105)
	at org.apache.hadoop.hive.ql.Executor.launchTask(Executor.java:361)
	at org.apache.hadoop.hive.ql.Executor.launchTasks(Executor.java:334)
	at org.apache.hadoop.hive.ql.Executor.runTasks(Executor.java:245)
	at org.apache.hadoop.hive.ql.Executor.execute(Executor.java:108)
	at org.apache.hadoop.hive.ql.Driver.execute(Driver.java:348)
	at org.apache.hadoop.hive.ql.Driver.runInternal(Driver.java:204)
	at org.apache.hadoop.hive.ql.Driver.run(Driver.java:153)
	at org.apache.hadoop.hive.ql.Driver.run(Driver.java:148)
	at org.apache.hadoop.hive.ql.reexec.ReExecDriver.run(ReExecDriver.java:164)
	at org.apache.hadoop.hive.ql.reexec.ReExecDriver.run(ReExecDriver.java:230)
	at org.apache.hive.hcatalog.pig.AbstractHCatLoaderTest.executeStatementOnDriver(AbstractHCatLoaderTest.java:151)
	at org.apache.hive.hcatalog.pig.AbstractHCatLoaderTest.tearDown(AbstractHCatLoaderTest.java:239)
	at sun.reflect.NativeMethodAccessorImpl.invoke0(Native Method)
	at sun.reflect.NativeMethodAccessorImpl.invoke(NativeMethodAccessorImpl.java:62)
	at sun.reflect.DelegatingMethodAccessorImpl.invoke(DelegatingMethodAccessorImpl.java:43)
	at java.lang.reflect.Method.invoke(Method.java:498)
	at org.junit.runners.model.FrameworkMethod$1.runReflectiveCall(FrameworkMethod.java:59)
	at org.junit.internal.runners.model.ReflectiveCallable.run(ReflectiveCallable.java:12)
	at org.junit.runners.model.FrameworkMethod.invokeExplosively(FrameworkMethod.java:56)
	at org.junit.internal.runners.statements.RunAfters.invokeMethod(RunAfters.java:46)
	at org.junit.internal.runners.statements.RunAfters.evaluate(RunAfters.java:33)
	at org.junit.runners.ParentRunner$3.evaluate(ParentRunner.java:306)
	at org.junit.runners.BlockJUnit4ClassRunner$1.evaluate(BlockJUnit4ClassRunner.java:100)
	at org.junit.runners.ParentRunner.runLeaf(ParentRunner.java:366)
	at org.junit.runners.BlockJUnit4ClassRunner.runChild(BlockJUnit4ClassRunner.java:103)
	at org.junit.runners.BlockJUnit4ClassRunner.runChild(BlockJUnit4ClassRunner.java:63)
	at org.junit.runners.ParentRunner$4.run(ParentRunner.java:331)
	at org.junit.runners.ParentRunner$1.schedule(ParentRunner.java:79)
	at org.junit.runners.ParentRunner.runChildren(ParentRunner.java:329)
	at org.junit.runners.ParentRunner.access$100(ParentRunner.java:66)
	at org.junit.runners.ParentRunner$2.evaluate(ParentRunner.java:293)
	at org.junit.internal.runners.statements.RunBefores.evaluate(RunBefores.java:26)
	at org.junit.runners.ParentRunner$3.evaluate(ParentRunner.java:306)
	at org.junit.runners.ParentRunner.run(ParentRunner.java:413)
	at org.junit.runners.Suite.runChild(Suite.java:128)
	at org.junit.runners.Suite.runChild(Suite.java:27)
	at org.junit.runners.ParentRunner$4.run(ParentRunner.java:331)
	at org.junit.runners.ParentRunner$1.schedule(ParentRunner.java:79)
	at org.junit.runners.ParentRunner.runChildren(ParentRunner.java:329)
	at org.junit.runners.ParentRunner.access$100(ParentRunner.java:66)
	at org.junit.runners.ParentRunner$2.evaluate(ParentRunner.java:293)
	at org.junit.runners.ParentRunner$3.evaluate(ParentRunner.java:306)
	at org.junit.runners.ParentRunner.run(ParentRunner.java:413)
	at org.apache.maven.surefire.junitcore.JUnitCore.run(JUnitCore.java:55)
	at org.apache.maven.surefire.junitcore.JUnitCoreWrapper.createRequestAndRun(JUnitCoreWrapper.java:137)
	at org.apache.maven.surefire.junitcore.JUnitCoreWrapper.executeEager(JUnitCoreWrapper.java:107)
	at org.apache.maven.surefire.junitcore.JUnitCoreWrapper.execute(JUnitCoreWrapper.java:83)
	at org.apache.maven.surefire.junitcore.JUnitCoreWrapper.execute(JUnitCoreWrapper.java:75)
	at org.apache.maven.surefire.junitcore.JUnitCoreProvider.invoke(JUnitCoreProvider.java:158)
	at org.apache.maven.surefire.booter.ForkedBooter.runSuitesInProcess(ForkedBooter.java:377)
	at org.apache.maven.surefire.booter.ForkedBooter.execute(ForkedBooter.java:138)
	at org.apache.maven.surefire.booter.ForkedBooter.run(ForkedBooter.java:465)
	at org.apache.maven.surefire.booter.ForkedBooter.main(ForkedBooter.java:451)
Caused by: org.apache.derby.shared.common.error.DerbySQLIntegrityConstraintViolationException: DELETE on table 'DBS' caused a violation of foreign key constraint 'TBLS_FK1' for key (4).  The statement has been rolled back.
	at org.apache.derby.impl.jdbc.SQLExceptionFactory.getSQLException(Unknown Source)
	at org.apache.derby.impl.jdbc.Util.generateCsSQLException(Unknown Source)
	at org.apache.derby.impl.jdbc.TransactionResourceImpl.wrapInSQLException(Unknown Source)
	at org.apache.derby.impl.jdbc.TransactionResourceImpl.handleException(Unknown Source)
	at org.apache.derby.impl.jdbc.EmbedConnection.handleException(Unknown Source)
	at org.apache.derby.impl.jdbc.ConnectionChild.handleException(Unknown Source)
	at org.apache.derby.impl.jdbc.EmbedStatement.executeStatement(Unknown Source)
	at org.apache.derby.impl.jdbc.EmbedPreparedStatement.executeBatchElement(Unknown Source)
	... 94 more
Caused by: ERROR 23503: DELETE on table 'DBS' caused a violation of foreign key constraint 'TBLS_FK1' for key (4).  The statement has been rolled back.
	at org.apache.derby.iapi.error.StandardException.newException(Unknown Source)
	at org.apache.derby.iapi.error.StandardException.newException(Unknown Source)
	at org.apache.derby.impl.sql.execute.ReferencedKeyRIChecker.doCheck(Unknown Source)
	at org.apache.derby.impl.sql.execute.RISetChecker.doPKCheck(Unknown Source)
	at org.apache.derby.impl.sql.execute.DeleteResultSet.collectAffectedRows(Unknown Source)
	at org.apache.derby.impl.sql.execute.DeleteResultSet.open(Unknown Source)
	at org.apache.derby.impl.sql.GenericPreparedStatement.executeStmt(Unknown Source)
	at org.apache.derby.impl.sql.GenericPreparedStatement.execute(Unknown Source)
	... 96 more

2024-04-24T11:30:15,636  INFO [main] HiveMetaStore.audit: ugi=alex	ip=unknown-ip-addr	cmd=drop_database: @hive#junit_specific_db	
2024-04-24T11:30:15,641  INFO [main] HiveMetaStore.audit: ugi=alex	ip=unknown-ip-addr	cmd=get_all_tables: db=@hive#junit_specific_db	
2024-04-24T11:30:15,642  INFO [main] HiveMetaStore.audit: ugi=alex	ip=unknown-ip-addr	cmd=get_functions: db=@hive#junit_specific_db pat=*	
2024-04-24T11:30:15,644  INFO [main] HiveMetaStore.audit: ugi=alex	ip=unknown-ip-addr	cmd=get_all_stored_procedures	
2024-04-24T11:30:15,645  INFO [main] HiveMetaStore.audit: ugi=alex	ip=unknown-ip-addr	cmd=get_all_packages	
2024-04-24T11:30:15,647  INFO [main] HiveMetaStore.audit: ugi=alex	ip=unknown-ip-addr	cmd=getTablesByTypeCore: catName=hive: db=junit_specific_db pat=.*,type=MATERIALIZED_VIEW	
2024-04-24T11:30:15,651  INFO [main] metastore.ObjectStore: Dropping database hive.junit_specific_db along with all tables
2024-04-24T11:30:15,659  INFO [main] txn.TxnHandler: Non-retryable error in cleanupRecords : Table/View 'TXN_COMPONENTS' does not exist. (SQLState=42X05, ErrorCode=20000)
2024-04-24T11:30:15,659  WARN [main] txn.TxnHandler: Cannot perform cleanup since metastore table does not exist
2024-04-24T11:30:15,661 ERROR [main] metastore.RetryingHMSHandler: Retrying HMSHandler after 2000 ms (attempt 3 of 10) with error: javax.jdo.JDODataStoreException: Exception thrown flushing changes to datastore
	at org.datanucleus.api.jdo.NucleusJDOHelper.getJDOExceptionForNucleusException(NucleusJDOHelper.java:542)
	at org.datanucleus.api.jdo.JDOTransaction.commit(JDOTransaction.java:162)
	at org.apache.hadoop.hive.metastore.ObjectStore.commitTransaction(ObjectStore.java:615)
	at sun.reflect.GeneratedMethodAccessor31.invoke(Unknown Source)
	at sun.reflect.DelegatingMethodAccessorImpl.invoke(DelegatingMethodAccessorImpl.java:43)
	at java.lang.reflect.Method.invoke(Method.java:498)
	at org.apache.hadoop.hive.metastore.RawStoreProxy.invoke(RawStoreProxy.java:97)
	at com.sun.proxy.$Proxy32.commitTransaction(Unknown Source)
	at org.apache.hadoop.hive.metastore.HMSHandler.drop_database_core(HMSHandler.java:1790)
	at org.apache.hadoop.hive.metastore.HMSHandler.drop_database(HMSHandler.java:1869)
	at sun.reflect.GeneratedMethodAccessor54.invoke(Unknown Source)
	at sun.reflect.DelegatingMethodAccessorImpl.invoke(DelegatingMethodAccessorImpl.java:43)
	at java.lang.reflect.Method.invoke(Method.java:498)
	at org.apache.hadoop.hive.metastore.RetryingHMSHandler.invokeInternal(RetryingHMSHandler.java:147)
	at org.apache.hadoop.hive.metastore.RetryingHMSHandler.invoke(RetryingHMSHandler.java:108)
	at com.sun.proxy.$Proxy35.drop_database(Unknown Source)
	at org.apache.hadoop.hive.metastore.HiveMetaStoreClient.dropDatabaseCascadePerDb(HiveMetaStoreClient.java:1601)
	at org.apache.hadoop.hive.metastore.HiveMetaStoreClient.dropDatabase(HiveMetaStoreClient.java:1532)
	at org.apache.hadoop.hive.metastore.HiveMetaStoreClient.dropDatabase(HiveMetaStoreClient.java:1485)
	at sun.reflect.NativeMethodAccessorImpl.invoke0(Native Method)
	at sun.reflect.NativeMethodAccessorImpl.invoke(NativeMethodAccessorImpl.java:62)
	at sun.reflect.DelegatingMethodAccessorImpl.invoke(DelegatingMethodAccessorImpl.java:43)
	at java.lang.reflect.Method.invoke(Method.java:498)
	at org.apache.hadoop.hive.metastore.RetryingMetaStoreClient.invoke(RetryingMetaStoreClient.java:218)
	at com.sun.proxy.$Proxy45.dropDatabase(Unknown Source)
	at org.apache.hadoop.hive.ql.metadata.Hive.dropDatabase(Hive.java:662)
	at org.apache.hadoop.hive.ql.ddl.database.drop.DropDatabaseOperation.execute(DropDatabaseOperation.java:52)
	at org.apache.hadoop.hive.ql.ddl.DDLTask.execute(DDLTask.java:84)
	at org.apache.hadoop.hive.ql.exec.Task.executeTask(Task.java:212)
	at org.apache.hadoop.hive.ql.exec.TaskRunner.runSequential(TaskRunner.java:105)
	at org.apache.hadoop.hive.ql.Executor.launchTask(Executor.java:361)
	at org.apache.hadoop.hive.ql.Executor.launchTasks(Executor.java:334)
	at org.apache.hadoop.hive.ql.Executor.runTasks(Executor.java:245)
	at org.apache.hadoop.hive.ql.Executor.execute(Executor.java:108)
	at org.apache.hadoop.hive.ql.Driver.execute(Driver.java:348)
	at org.apache.hadoop.hive.ql.Driver.runInternal(Driver.java:204)
	at org.apache.hadoop.hive.ql.Driver.run(Driver.java:153)
	at org.apache.hadoop.hive.ql.Driver.run(Driver.java:148)
	at org.apache.hadoop.hive.ql.reexec.ReExecDriver.run(ReExecDriver.java:164)
	at org.apache.hadoop.hive.ql.reexec.ReExecDriver.run(ReExecDriver.java:230)
	at org.apache.hive.hcatalog.pig.AbstractHCatLoaderTest.executeStatementOnDriver(AbstractHCatLoaderTest.java:151)
	at org.apache.hive.hcatalog.pig.AbstractHCatLoaderTest.tearDown(AbstractHCatLoaderTest.java:239)
	at sun.reflect.NativeMethodAccessorImpl.invoke0(Native Method)
	at sun.reflect.NativeMethodAccessorImpl.invoke(NativeMethodAccessorImpl.java:62)
	at sun.reflect.DelegatingMethodAccessorImpl.invoke(DelegatingMethodAccessorImpl.java:43)
	at java.lang.reflect.Method.invoke(Method.java:498)
	at org.junit.runners.model.FrameworkMethod$1.runReflectiveCall(FrameworkMethod.java:59)
	at org.junit.internal.runners.model.ReflectiveCallable.run(ReflectiveCallable.java:12)
	at org.junit.runners.model.FrameworkMethod.invokeExplosively(FrameworkMethod.java:56)
	at org.junit.internal.runners.statements.RunAfters.invokeMethod(RunAfters.java:46)
	at org.junit.internal.runners.statements.RunAfters.evaluate(RunAfters.java:33)
	at org.junit.runners.ParentRunner$3.evaluate(ParentRunner.java:306)
	at org.junit.runners.BlockJUnit4ClassRunner$1.evaluate(BlockJUnit4ClassRunner.java:100)
	at org.junit.runners.ParentRunner.runLeaf(ParentRunner.java:366)
	at org.junit.runners.BlockJUnit4ClassRunner.runChild(BlockJUnit4ClassRunner.java:103)
	at org.junit.runners.BlockJUnit4ClassRunner.runChild(BlockJUnit4ClassRunner.java:63)
	at org.junit.runners.ParentRunner$4.run(ParentRunner.java:331)
	at org.junit.runners.ParentRunner$1.schedule(ParentRunner.java:79)
	at org.junit.runners.ParentRunner.runChildren(ParentRunner.java:329)
	at org.junit.runners.ParentRunner.access$100(ParentRunner.java:66)
	at org.junit.runners.ParentRunner$2.evaluate(ParentRunner.java:293)
	at org.junit.internal.runners.statements.RunBefores.evaluate(RunBefores.java:26)
	at org.junit.runners.ParentRunner$3.evaluate(ParentRunner.java:306)
	at org.junit.runners.ParentRunner.run(ParentRunner.java:413)
	at org.junit.runners.Suite.runChild(Suite.java:128)
	at org.junit.runners.Suite.runChild(Suite.java:27)
	at org.junit.runners.ParentRunner$4.run(ParentRunner.java:331)
	at org.junit.runners.ParentRunner$1.schedule(ParentRunner.java:79)
	at org.junit.runners.ParentRunner.runChildren(ParentRunner.java:329)
	at org.junit.runners.ParentRunner.access$100(ParentRunner.java:66)
	at org.junit.runners.ParentRunner$2.evaluate(ParentRunner.java:293)
	at org.junit.runners.ParentRunner$3.evaluate(ParentRunner.java:306)
	at org.junit.runners.ParentRunner.run(ParentRunner.java:413)
	at org.apache.maven.surefire.junitcore.JUnitCore.run(JUnitCore.java:55)
	at org.apache.maven.surefire.junitcore.JUnitCoreWrapper.createRequestAndRun(JUnitCoreWrapper.java:137)
	at org.apache.maven.surefire.junitcore.JUnitCoreWrapper.executeEager(JUnitCoreWrapper.java:107)
	at org.apache.maven.surefire.junitcore.JUnitCoreWrapper.execute(JUnitCoreWrapper.java:83)
	at org.apache.maven.surefire.junitcore.JUnitCoreWrapper.execute(JUnitCoreWrapper.java:75)
	at org.apache.maven.surefire.junitcore.JUnitCoreProvider.invoke(JUnitCoreProvider.java:158)
	at org.apache.maven.surefire.booter.ForkedBooter.runSuitesInProcess(ForkedBooter.java:377)
	at org.apache.maven.surefire.booter.ForkedBooter.execute(ForkedBooter.java:138)
	at org.apache.maven.surefire.booter.ForkedBooter.run(ForkedBooter.java:465)
	at org.apache.maven.surefire.booter.ForkedBooter.main(ForkedBooter.java:451)
NestedThrowablesStackTrace:
java.sql.BatchUpdateException: DELETE on table 'DBS' caused a violation of foreign key constraint 'TBLS_FK1' for key (4).  The statement has been rolled back.
	at org.apache.derby.impl.jdbc.EmbedStatement.executeLargeBatch(Unknown Source)
	at org.apache.derby.impl.jdbc.EmbedStatement.executeBatch(Unknown Source)
	at com.zaxxer.hikari.pool.ProxyStatement.executeBatch(ProxyStatement.java:128)
	at com.zaxxer.hikari.pool.HikariProxyPreparedStatement.executeBatch(HikariProxyPreparedStatement.java)
	at org.datanucleus.store.rdbms.ParamLoggingPreparedStatement.executeBatch(ParamLoggingPreparedStatement.java:366)
	at org.datanucleus.store.rdbms.SQLController.processConnectionStatement(SQLController.java:675)
	at org.datanucleus.store.rdbms.SQLController.processStatementsForConnection(SQLController.java:643)
	at org.datanucleus.store.rdbms.SQLController$1.transactionFlushed(SQLController.java:729)
	at org.datanucleus.store.connection.AbstractManagedConnection.transactionFlushed(AbstractManagedConnection.java:95)
	at org.datanucleus.store.connection.ConnectionManagerImpl$2.transactionFlushed(ConnectionManagerImpl.java:528)
	at org.datanucleus.TransactionImpl.flush(TransactionImpl.java:222)
	at org.datanucleus.TransactionImpl.commit(TransactionImpl.java:286)
	at org.datanucleus.api.jdo.JDOTransaction.commit(JDOTransaction.java:99)
	at org.apache.hadoop.hive.metastore.ObjectStore.commitTransaction(ObjectStore.java:615)
	at sun.reflect.GeneratedMethodAccessor31.invoke(Unknown Source)
	at sun.reflect.DelegatingMethodAccessorImpl.invoke(DelegatingMethodAccessorImpl.java:43)
	at java.lang.reflect.Method.invoke(Method.java:498)
	at org.apache.hadoop.hive.metastore.RawStoreProxy.invoke(RawStoreProxy.java:97)
	at com.sun.proxy.$Proxy32.commitTransaction(Unknown Source)
	at org.apache.hadoop.hive.metastore.HMSHandler.drop_database_core(HMSHandler.java:1790)
	at org.apache.hadoop.hive.metastore.HMSHandler.drop_database(HMSHandler.java:1869)
	at sun.reflect.GeneratedMethodAccessor54.invoke(Unknown Source)
	at sun.reflect.DelegatingMethodAccessorImpl.invoke(DelegatingMethodAccessorImpl.java:43)
	at java.lang.reflect.Method.invoke(Method.java:498)
	at org.apache.hadoop.hive.metastore.RetryingHMSHandler.invokeInternal(RetryingHMSHandler.java:147)
	at org.apache.hadoop.hive.metastore.RetryingHMSHandler.invoke(RetryingHMSHandler.java:108)
	at com.sun.proxy.$Proxy35.drop_database(Unknown Source)
	at org.apache.hadoop.hive.metastore.HiveMetaStoreClient.dropDatabaseCascadePerDb(HiveMetaStoreClient.java:1601)
	at org.apache.hadoop.hive.metastore.HiveMetaStoreClient.dropDatabase(HiveMetaStoreClient.java:1532)
	at org.apache.hadoop.hive.metastore.HiveMetaStoreClient.dropDatabase(HiveMetaStoreClient.java:1485)
	at sun.reflect.NativeMethodAccessorImpl.invoke0(Native Method)
	at sun.reflect.NativeMethodAccessorImpl.invoke(NativeMethodAccessorImpl.java:62)
	at sun.reflect.DelegatingMethodAccessorImpl.invoke(DelegatingMethodAccessorImpl.java:43)
	at java.lang.reflect.Method.invoke(Method.java:498)
	at org.apache.hadoop.hive.metastore.RetryingMetaStoreClient.invoke(RetryingMetaStoreClient.java:218)
	at com.sun.proxy.$Proxy45.dropDatabase(Unknown Source)
	at org.apache.hadoop.hive.ql.metadata.Hive.dropDatabase(Hive.java:662)
	at org.apache.hadoop.hive.ql.ddl.database.drop.DropDatabaseOperation.execute(DropDatabaseOperation.java:52)
	at org.apache.hadoop.hive.ql.ddl.DDLTask.execute(DDLTask.java:84)
	at org.apache.hadoop.hive.ql.exec.Task.executeTask(Task.java:212)
	at org.apache.hadoop.hive.ql.exec.TaskRunner.runSequential(TaskRunner.java:105)
	at org.apache.hadoop.hive.ql.Executor.launchTask(Executor.java:361)
	at org.apache.hadoop.hive.ql.Executor.launchTasks(Executor.java:334)
	at org.apache.hadoop.hive.ql.Executor.runTasks(Executor.java:245)
	at org.apache.hadoop.hive.ql.Executor.execute(Executor.java:108)
	at org.apache.hadoop.hive.ql.Driver.execute(Driver.java:348)
	at org.apache.hadoop.hive.ql.Driver.runInternal(Driver.java:204)
	at org.apache.hadoop.hive.ql.Driver.run(Driver.java:153)
	at org.apache.hadoop.hive.ql.Driver.run(Driver.java:148)
	at org.apache.hadoop.hive.ql.reexec.ReExecDriver.run(ReExecDriver.java:164)
	at org.apache.hadoop.hive.ql.reexec.ReExecDriver.run(ReExecDriver.java:230)
	at org.apache.hive.hcatalog.pig.AbstractHCatLoaderTest.executeStatementOnDriver(AbstractHCatLoaderTest.java:151)
	at org.apache.hive.hcatalog.pig.AbstractHCatLoaderTest.tearDown(AbstractHCatLoaderTest.java:239)
	at sun.reflect.NativeMethodAccessorImpl.invoke0(Native Method)
	at sun.reflect.NativeMethodAccessorImpl.invoke(NativeMethodAccessorImpl.java:62)
	at sun.reflect.DelegatingMethodAccessorImpl.invoke(DelegatingMethodAccessorImpl.java:43)
	at java.lang.reflect.Method.invoke(Method.java:498)
	at org.junit.runners.model.FrameworkMethod$1.runReflectiveCall(FrameworkMethod.java:59)
	at org.junit.internal.runners.model.ReflectiveCallable.run(ReflectiveCallable.java:12)
	at org.junit.runners.model.FrameworkMethod.invokeExplosively(FrameworkMethod.java:56)
	at org.junit.internal.runners.statements.RunAfters.invokeMethod(RunAfters.java:46)
	at org.junit.internal.runners.statements.RunAfters.evaluate(RunAfters.java:33)
	at org.junit.runners.ParentRunner$3.evaluate(ParentRunner.java:306)
	at org.junit.runners.BlockJUnit4ClassRunner$1.evaluate(BlockJUnit4ClassRunner.java:100)
	at org.junit.runners.ParentRunner.runLeaf(ParentRunner.java:366)
	at org.junit.runners.BlockJUnit4ClassRunner.runChild(BlockJUnit4ClassRunner.java:103)
	at org.junit.runners.BlockJUnit4ClassRunner.runChild(BlockJUnit4ClassRunner.java:63)
	at org.junit.runners.ParentRunner$4.run(ParentRunner.java:331)
	at org.junit.runners.ParentRunner$1.schedule(ParentRunner.java:79)
	at org.junit.runners.ParentRunner.runChildren(ParentRunner.java:329)
	at org.junit.runners.ParentRunner.access$100(ParentRunner.java:66)
	at org.junit.runners.ParentRunner$2.evaluate(ParentRunner.java:293)
	at org.junit.internal.runners.statements.RunBefores.evaluate(RunBefores.java:26)
	at org.junit.runners.ParentRunner$3.evaluate(ParentRunner.java:306)
	at org.junit.runners.ParentRunner.run(ParentRunner.java:413)
	at org.junit.runners.Suite.runChild(Suite.java:128)
	at org.junit.runners.Suite.runChild(Suite.java:27)
	at org.junit.runners.ParentRunner$4.run(ParentRunner.java:331)
	at org.junit.runners.ParentRunner$1.schedule(ParentRunner.java:79)
	at org.junit.runners.ParentRunner.runChildren(ParentRunner.java:329)
	at org.junit.runners.ParentRunner.access$100(ParentRunner.java:66)
	at org.junit.runners.ParentRunner$2.evaluate(ParentRunner.java:293)
	at org.junit.runners.ParentRunner$3.evaluate(ParentRunner.java:306)
	at org.junit.runners.ParentRunner.run(ParentRunner.java:413)
	at org.apache.maven.surefire.junitcore.JUnitCore.run(JUnitCore.java:55)
	at org.apache.maven.surefire.junitcore.JUnitCoreWrapper.createRequestAndRun(JUnitCoreWrapper.java:137)
	at org.apache.maven.surefire.junitcore.JUnitCoreWrapper.executeEager(JUnitCoreWrapper.java:107)
	at org.apache.maven.surefire.junitcore.JUnitCoreWrapper.execute(JUnitCoreWrapper.java:83)
	at org.apache.maven.surefire.junitcore.JUnitCoreWrapper.execute(JUnitCoreWrapper.java:75)
	at org.apache.maven.surefire.junitcore.JUnitCoreProvider.invoke(JUnitCoreProvider.java:158)
	at org.apache.maven.surefire.booter.ForkedBooter.runSuitesInProcess(ForkedBooter.java:377)
	at org.apache.maven.surefire.booter.ForkedBooter.execute(ForkedBooter.java:138)
	at org.apache.maven.surefire.booter.ForkedBooter.run(ForkedBooter.java:465)
	at org.apache.maven.surefire.booter.ForkedBooter.main(ForkedBooter.java:451)
Caused by: org.apache.derby.shared.common.error.DerbySQLIntegrityConstraintViolationException: DELETE on table 'DBS' caused a violation of foreign key constraint 'TBLS_FK1' for key (4).  The statement has been rolled back.
	at org.apache.derby.impl.jdbc.SQLExceptionFactory.getSQLException(Unknown Source)
	at org.apache.derby.impl.jdbc.Util.generateCsSQLException(Unknown Source)
	at org.apache.derby.impl.jdbc.TransactionResourceImpl.wrapInSQLException(Unknown Source)
	at org.apache.derby.impl.jdbc.TransactionResourceImpl.handleException(Unknown Source)
	at org.apache.derby.impl.jdbc.EmbedConnection.handleException(Unknown Source)
	at org.apache.derby.impl.jdbc.ConnectionChild.handleException(Unknown Source)
	at org.apache.derby.impl.jdbc.EmbedStatement.executeStatement(Unknown Source)
	at org.apache.derby.impl.jdbc.EmbedPreparedStatement.executeBatchElement(Unknown Source)
	... 94 more
Caused by: ERROR 23503: DELETE on table 'DBS' caused a violation of foreign key constraint 'TBLS_FK1' for key (4).  The statement has been rolled back.
	at org.apache.derby.iapi.error.StandardException.newException(Unknown Source)
	at org.apache.derby.iapi.error.StandardException.newException(Unknown Source)
	at org.apache.derby.impl.sql.execute.ReferencedKeyRIChecker.doCheck(Unknown Source)
	at org.apache.derby.impl.sql.execute.RISetChecker.doPKCheck(Unknown Source)
	at org.apache.derby.impl.sql.execute.DeleteResultSet.collectAffectedRows(Unknown Source)
	at org.apache.derby.impl.sql.execute.DeleteResultSet.open(Unknown Source)
	at org.apache.derby.impl.sql.GenericPreparedStatement.executeStmt(Unknown Source)
	at org.apache.derby.impl.sql.GenericPreparedStatement.execute(Unknown Source)
	... 96 more

2024-04-24T11:30:17,661  INFO [main] HiveMetaStore.audit: ugi=alex	ip=unknown-ip-addr	cmd=drop_database: @hive#junit_specific_db	
2024-04-24T11:30:17,667  INFO [main] HiveMetaStore.audit: ugi=alex	ip=unknown-ip-addr	cmd=get_all_tables: db=@hive#junit_specific_db	
2024-04-24T11:30:17,668  INFO [main] HiveMetaStore.audit: ugi=alex	ip=unknown-ip-addr	cmd=get_functions: db=@hive#junit_specific_db pat=*	
2024-04-24T11:30:17,672  INFO [main] HiveMetaStore.audit: ugi=alex	ip=unknown-ip-addr	cmd=get_all_stored_procedures	
2024-04-24T11:30:17,674  INFO [main] HiveMetaStore.audit: ugi=alex	ip=unknown-ip-addr	cmd=get_all_packages	
2024-04-24T11:30:17,675  INFO [main] HiveMetaStore.audit: ugi=alex	ip=unknown-ip-addr	cmd=getTablesByTypeCore: catName=hive: db=junit_specific_db pat=.*,type=MATERIALIZED_VIEW	
2024-04-24T11:30:17,679  INFO [main] metastore.ObjectStore: Dropping database hive.junit_specific_db along with all tables
2024-04-24T11:30:17,686  INFO [main] txn.TxnHandler: Non-retryable error in cleanupRecords : Table/View 'TXN_COMPONENTS' does not exist. (SQLState=42X05, ErrorCode=20000)
2024-04-24T11:30:17,686  WARN [main] txn.TxnHandler: Cannot perform cleanup since metastore table does not exist
2024-04-24T11:30:17,687 ERROR [main] metastore.RetryingHMSHandler: Retrying HMSHandler after 2000 ms (attempt 4 of 10) with error: javax.jdo.JDODataStoreException: Exception thrown flushing changes to datastore
	at org.datanucleus.api.jdo.NucleusJDOHelper.getJDOExceptionForNucleusException(NucleusJDOHelper.java:542)
	at org.datanucleus.api.jdo.JDOTransaction.commit(JDOTransaction.java:162)
	at org.apache.hadoop.hive.metastore.ObjectStore.commitTransaction(ObjectStore.java:615)
	at sun.reflect.GeneratedMethodAccessor31.invoke(Unknown Source)
	at sun.reflect.DelegatingMethodAccessorImpl.invoke(DelegatingMethodAccessorImpl.java:43)
	at java.lang.reflect.Method.invoke(Method.java:498)
	at org.apache.hadoop.hive.metastore.RawStoreProxy.invoke(RawStoreProxy.java:97)
	at com.sun.proxy.$Proxy32.commitTransaction(Unknown Source)
	at org.apache.hadoop.hive.metastore.HMSHandler.drop_database_core(HMSHandler.java:1790)
	at org.apache.hadoop.hive.metastore.HMSHandler.drop_database(HMSHandler.java:1869)
	at sun.reflect.GeneratedMethodAccessor54.invoke(Unknown Source)
	at sun.reflect.DelegatingMethodAccessorImpl.invoke(DelegatingMethodAccessorImpl.java:43)
	at java.lang.reflect.Method.invoke(Method.java:498)
	at org.apache.hadoop.hive.metastore.RetryingHMSHandler.invokeInternal(RetryingHMSHandler.java:147)
	at org.apache.hadoop.hive.metastore.RetryingHMSHandler.invoke(RetryingHMSHandler.java:108)
	at com.sun.proxy.$Proxy35.drop_database(Unknown Source)
	at org.apache.hadoop.hive.metastore.HiveMetaStoreClient.dropDatabaseCascadePerDb(HiveMetaStoreClient.java:1601)
	at org.apache.hadoop.hive.metastore.HiveMetaStoreClient.dropDatabase(HiveMetaStoreClient.java:1532)
	at org.apache.hadoop.hive.metastore.HiveMetaStoreClient.dropDatabase(HiveMetaStoreClient.java:1485)
	at sun.reflect.NativeMethodAccessorImpl.invoke0(Native Method)
	at sun.reflect.NativeMethodAccessorImpl.invoke(NativeMethodAccessorImpl.java:62)
	at sun.reflect.DelegatingMethodAccessorImpl.invoke(DelegatingMethodAccessorImpl.java:43)
	at java.lang.reflect.Method.invoke(Method.java:498)
	at org.apache.hadoop.hive.metastore.RetryingMetaStoreClient.invoke(RetryingMetaStoreClient.java:218)
	at com.sun.proxy.$Proxy45.dropDatabase(Unknown Source)
	at org.apache.hadoop.hive.ql.metadata.Hive.dropDatabase(Hive.java:662)
	at org.apache.hadoop.hive.ql.ddl.database.drop.DropDatabaseOperation.execute(DropDatabaseOperation.java:52)
	at org.apache.hadoop.hive.ql.ddl.DDLTask.execute(DDLTask.java:84)
	at org.apache.hadoop.hive.ql.exec.Task.executeTask(Task.java:212)
	at org.apache.hadoop.hive.ql.exec.TaskRunner.runSequential(TaskRunner.java:105)
	at org.apache.hadoop.hive.ql.Executor.launchTask(Executor.java:361)
	at org.apache.hadoop.hive.ql.Executor.launchTasks(Executor.java:334)
	at org.apache.hadoop.hive.ql.Executor.runTasks(Executor.java:245)
	at org.apache.hadoop.hive.ql.Executor.execute(Executor.java:108)
	at org.apache.hadoop.hive.ql.Driver.execute(Driver.java:348)
	at org.apache.hadoop.hive.ql.Driver.runInternal(Driver.java:204)
	at org.apache.hadoop.hive.ql.Driver.run(Driver.java:153)
	at org.apache.hadoop.hive.ql.Driver.run(Driver.java:148)
	at org.apache.hadoop.hive.ql.reexec.ReExecDriver.run(ReExecDriver.java:164)
	at org.apache.hadoop.hive.ql.reexec.ReExecDriver.run(ReExecDriver.java:230)
	at org.apache.hive.hcatalog.pig.AbstractHCatLoaderTest.executeStatementOnDriver(AbstractHCatLoaderTest.java:151)
	at org.apache.hive.hcatalog.pig.AbstractHCatLoaderTest.tearDown(AbstractHCatLoaderTest.java:239)
	at sun.reflect.NativeMethodAccessorImpl.invoke0(Native Method)
	at sun.reflect.NativeMethodAccessorImpl.invoke(NativeMethodAccessorImpl.java:62)
	at sun.reflect.DelegatingMethodAccessorImpl.invoke(DelegatingMethodAccessorImpl.java:43)
	at java.lang.reflect.Method.invoke(Method.java:498)
	at org.junit.runners.model.FrameworkMethod$1.runReflectiveCall(FrameworkMethod.java:59)
	at org.junit.internal.runners.model.ReflectiveCallable.run(ReflectiveCallable.java:12)
	at org.junit.runners.model.FrameworkMethod.invokeExplosively(FrameworkMethod.java:56)
	at org.junit.internal.runners.statements.RunAfters.invokeMethod(RunAfters.java:46)
	at org.junit.internal.runners.statements.RunAfters.evaluate(RunAfters.java:33)
	at org.junit.runners.ParentRunner$3.evaluate(ParentRunner.java:306)
	at org.junit.runners.BlockJUnit4ClassRunner$1.evaluate(BlockJUnit4ClassRunner.java:100)
	at org.junit.runners.ParentRunner.runLeaf(ParentRunner.java:366)
	at org.junit.runners.BlockJUnit4ClassRunner.runChild(BlockJUnit4ClassRunner.java:103)
	at org.junit.runners.BlockJUnit4ClassRunner.runChild(BlockJUnit4ClassRunner.java:63)
	at org.junit.runners.ParentRunner$4.run(ParentRunner.java:331)
	at org.junit.runners.ParentRunner$1.schedule(ParentRunner.java:79)
	at org.junit.runners.ParentRunner.runChildren(ParentRunner.java:329)
	at org.junit.runners.ParentRunner.access$100(ParentRunner.java:66)
	at org.junit.runners.ParentRunner$2.evaluate(ParentRunner.java:293)
	at org.junit.internal.runners.statements.RunBefores.evaluate(RunBefores.java:26)
	at org.junit.runners.ParentRunner$3.evaluate(ParentRunner.java:306)
	at org.junit.runners.ParentRunner.run(ParentRunner.java:413)
	at org.junit.runners.Suite.runChild(Suite.java:128)
	at org.junit.runners.Suite.runChild(Suite.java:27)
	at org.junit.runners.ParentRunner$4.run(ParentRunner.java:331)
	at org.junit.runners.ParentRunner$1.schedule(ParentRunner.java:79)
	at org.junit.runners.ParentRunner.runChildren(ParentRunner.java:329)
	at org.junit.runners.ParentRunner.access$100(ParentRunner.java:66)
	at org.junit.runners.ParentRunner$2.evaluate(ParentRunner.java:293)
	at org.junit.runners.ParentRunner$3.evaluate(ParentRunner.java:306)
	at org.junit.runners.ParentRunner.run(ParentRunner.java:413)
	at org.apache.maven.surefire.junitcore.JUnitCore.run(JUnitCore.java:55)
	at org.apache.maven.surefire.junitcore.JUnitCoreWrapper.createRequestAndRun(JUnitCoreWrapper.java:137)
	at org.apache.maven.surefire.junitcore.JUnitCoreWrapper.executeEager(JUnitCoreWrapper.java:107)
	at org.apache.maven.surefire.junitcore.JUnitCoreWrapper.execute(JUnitCoreWrapper.java:83)
	at org.apache.maven.surefire.junitcore.JUnitCoreWrapper.execute(JUnitCoreWrapper.java:75)
	at org.apache.maven.surefire.junitcore.JUnitCoreProvider.invoke(JUnitCoreProvider.java:158)
	at org.apache.maven.surefire.booter.ForkedBooter.runSuitesInProcess(ForkedBooter.java:377)
	at org.apache.maven.surefire.booter.ForkedBooter.execute(ForkedBooter.java:138)
	at org.apache.maven.surefire.booter.ForkedBooter.run(ForkedBooter.java:465)
	at org.apache.maven.surefire.booter.ForkedBooter.main(ForkedBooter.java:451)
NestedThrowablesStackTrace:
java.sql.BatchUpdateException: DELETE on table 'DBS' caused a violation of foreign key constraint 'TBLS_FK1' for key (4).  The statement has been rolled back.
	at org.apache.derby.impl.jdbc.EmbedStatement.executeLargeBatch(Unknown Source)
	at org.apache.derby.impl.jdbc.EmbedStatement.executeBatch(Unknown Source)
	at com.zaxxer.hikari.pool.ProxyStatement.executeBatch(ProxyStatement.java:128)
	at com.zaxxer.hikari.pool.HikariProxyPreparedStatement.executeBatch(HikariProxyPreparedStatement.java)
	at org.datanucleus.store.rdbms.ParamLoggingPreparedStatement.executeBatch(ParamLoggingPreparedStatement.java:366)
	at org.datanucleus.store.rdbms.SQLController.processConnectionStatement(SQLController.java:675)
	at org.datanucleus.store.rdbms.SQLController.processStatementsForConnection(SQLController.java:643)
	at org.datanucleus.store.rdbms.SQLController$1.transactionFlushed(SQLController.java:729)
	at org.datanucleus.store.connection.AbstractManagedConnection.transactionFlushed(AbstractManagedConnection.java:95)
	at org.datanucleus.store.connection.ConnectionManagerImpl$2.transactionFlushed(ConnectionManagerImpl.java:528)
	at org.datanucleus.TransactionImpl.flush(TransactionImpl.java:222)
	at org.datanucleus.TransactionImpl.commit(TransactionImpl.java:286)
	at org.datanucleus.api.jdo.JDOTransaction.commit(JDOTransaction.java:99)
	at org.apache.hadoop.hive.metastore.ObjectStore.commitTransaction(ObjectStore.java:615)
	at sun.reflect.GeneratedMethodAccessor31.invoke(Unknown Source)
	at sun.reflect.DelegatingMethodAccessorImpl.invoke(DelegatingMethodAccessorImpl.java:43)
	at java.lang.reflect.Method.invoke(Method.java:498)
	at org.apache.hadoop.hive.metastore.RawStoreProxy.invoke(RawStoreProxy.java:97)
	at com.sun.proxy.$Proxy32.commitTransaction(Unknown Source)
	at org.apache.hadoop.hive.metastore.HMSHandler.drop_database_core(HMSHandler.java:1790)
	at org.apache.hadoop.hive.metastore.HMSHandler.drop_database(HMSHandler.java:1869)
	at sun.reflect.GeneratedMethodAccessor54.invoke(Unknown Source)
	at sun.reflect.DelegatingMethodAccessorImpl.invoke(DelegatingMethodAccessorImpl.java:43)
	at java.lang.reflect.Method.invoke(Method.java:498)
	at org.apache.hadoop.hive.metastore.RetryingHMSHandler.invokeInternal(RetryingHMSHandler.java:147)
	at org.apache.hadoop.hive.metastore.RetryingHMSHandler.invoke(RetryingHMSHandler.java:108)
	at com.sun.proxy.$Proxy35.drop_database(Unknown Source)
	at org.apache.hadoop.hive.metastore.HiveMetaStoreClient.dropDatabaseCascadePerDb(HiveMetaStoreClient.java:1601)
	at org.apache.hadoop.hive.metastore.HiveMetaStoreClient.dropDatabase(HiveMetaStoreClient.java:1532)
	at org.apache.hadoop.hive.metastore.HiveMetaStoreClient.dropDatabase(HiveMetaStoreClient.java:1485)
	at sun.reflect.NativeMethodAccessorImpl.invoke0(Native Method)
	at sun.reflect.NativeMethodAccessorImpl.invoke(NativeMethodAccessorImpl.java:62)
	at sun.reflect.DelegatingMethodAccessorImpl.invoke(DelegatingMethodAccessorImpl.java:43)
	at java.lang.reflect.Method.invoke(Method.java:498)
	at org.apache.hadoop.hive.metastore.RetryingMetaStoreClient.invoke(RetryingMetaStoreClient.java:218)
	at com.sun.proxy.$Proxy45.dropDatabase(Unknown Source)
	at org.apache.hadoop.hive.ql.metadata.Hive.dropDatabase(Hive.java:662)
	at org.apache.hadoop.hive.ql.ddl.database.drop.DropDatabaseOperation.execute(DropDatabaseOperation.java:52)
	at org.apache.hadoop.hive.ql.ddl.DDLTask.execute(DDLTask.java:84)
	at org.apache.hadoop.hive.ql.exec.Task.executeTask(Task.java:212)
	at org.apache.hadoop.hive.ql.exec.TaskRunner.runSequential(TaskRunner.java:105)
	at org.apache.hadoop.hive.ql.Executor.launchTask(Executor.java:361)
	at org.apache.hadoop.hive.ql.Executor.launchTasks(Executor.java:334)
	at org.apache.hadoop.hive.ql.Executor.runTasks(Executor.java:245)
	at org.apache.hadoop.hive.ql.Executor.execute(Executor.java:108)
	at org.apache.hadoop.hive.ql.Driver.execute(Driver.java:348)
	at org.apache.hadoop.hive.ql.Driver.runInternal(Driver.java:204)
	at org.apache.hadoop.hive.ql.Driver.run(Driver.java:153)
	at org.apache.hadoop.hive.ql.Driver.run(Driver.java:148)
	at org.apache.hadoop.hive.ql.reexec.ReExecDriver.run(ReExecDriver.java:164)
	at org.apache.hadoop.hive.ql.reexec.ReExecDriver.run(ReExecDriver.java:230)
	at org.apache.hive.hcatalog.pig.AbstractHCatLoaderTest.executeStatementOnDriver(AbstractHCatLoaderTest.java:151)
	at org.apache.hive.hcatalog.pig.AbstractHCatLoaderTest.tearDown(AbstractHCatLoaderTest.java:239)
	at sun.reflect.NativeMethodAccessorImpl.invoke0(Native Method)
	at sun.reflect.NativeMethodAccessorImpl.invoke(NativeMethodAccessorImpl.java:62)
	at sun.reflect.DelegatingMethodAccessorImpl.invoke(DelegatingMethodAccessorImpl.java:43)
	at java.lang.reflect.Method.invoke(Method.java:498)
	at org.junit.runners.model.FrameworkMethod$1.runReflectiveCall(FrameworkMethod.java:59)
	at org.junit.internal.runners.model.ReflectiveCallable.run(ReflectiveCallable.java:12)
	at org.junit.runners.model.FrameworkMethod.invokeExplosively(FrameworkMethod.java:56)
	at org.junit.internal.runners.statements.RunAfters.invokeMethod(RunAfters.java:46)
	at org.junit.internal.runners.statements.RunAfters.evaluate(RunAfters.java:33)
	at org.junit.runners.ParentRunner$3.evaluate(ParentRunner.java:306)
	at org.junit.runners.BlockJUnit4ClassRunner$1.evaluate(BlockJUnit4ClassRunner.java:100)
	at org.junit.runners.ParentRunner.runLeaf(ParentRunner.java:366)
	at org.junit.runners.BlockJUnit4ClassRunner.runChild(BlockJUnit4ClassRunner.java:103)
	at org.junit.runners.BlockJUnit4ClassRunner.runChild(BlockJUnit4ClassRunner.java:63)
	at org.junit.runners.ParentRunner$4.run(ParentRunner.java:331)
	at org.junit.runners.ParentRunner$1.schedule(ParentRunner.java:79)
	at org.junit.runners.ParentRunner.runChildren(ParentRunner.java:329)
	at org.junit.runners.ParentRunner.access$100(ParentRunner.java:66)
	at org.junit.runners.ParentRunner$2.evaluate(ParentRunner.java:293)
	at org.junit.internal.runners.statements.RunBefores.evaluate(RunBefores.java:26)
	at org.junit.runners.ParentRunner$3.evaluate(ParentRunner.java:306)
	at org.junit.runners.ParentRunner.run(ParentRunner.java:413)
	at org.junit.runners.Suite.runChild(Suite.java:128)
	at org.junit.runners.Suite.runChild(Suite.java:27)
	at org.junit.runners.ParentRunner$4.run(ParentRunner.java:331)
	at org.junit.runners.ParentRunner$1.schedule(ParentRunner.java:79)
	at org.junit.runners.ParentRunner.runChildren(ParentRunner.java:329)
	at org.junit.runners.ParentRunner.access$100(ParentRunner.java:66)
	at org.junit.runners.ParentRunner$2.evaluate(ParentRunner.java:293)
	at org.junit.runners.ParentRunner$3.evaluate(ParentRunner.java:306)
	at org.junit.runners.ParentRunner.run(ParentRunner.java:413)
	at org.apache.maven.surefire.junitcore.JUnitCore.run(JUnitCore.java:55)
	at org.apache.maven.surefire.junitcore.JUnitCoreWrapper.createRequestAndRun(JUnitCoreWrapper.java:137)
	at org.apache.maven.surefire.junitcore.JUnitCoreWrapper.executeEager(JUnitCoreWrapper.java:107)
	at org.apache.maven.surefire.junitcore.JUnitCoreWrapper.execute(JUnitCoreWrapper.java:83)
	at org.apache.maven.surefire.junitcore.JUnitCoreWrapper.execute(JUnitCoreWrapper.java:75)
	at org.apache.maven.surefire.junitcore.JUnitCoreProvider.invoke(JUnitCoreProvider.java:158)
	at org.apache.maven.surefire.booter.ForkedBooter.runSuitesInProcess(ForkedBooter.java:377)
	at org.apache.maven.surefire.booter.ForkedBooter.execute(ForkedBooter.java:138)
	at org.apache.maven.surefire.booter.ForkedBooter.run(ForkedBooter.java:465)
	at org.apache.maven.surefire.booter.ForkedBooter.main(ForkedBooter.java:451)
Caused by: org.apache.derby.shared.common.error.DerbySQLIntegrityConstraintViolationException: DELETE on table 'DBS' caused a violation of foreign key constraint 'TBLS_FK1' for key (4).  The statement has been rolled back.
	at org.apache.derby.impl.jdbc.SQLExceptionFactory.getSQLException(Unknown Source)
	at org.apache.derby.impl.jdbc.Util.generateCsSQLException(Unknown Source)
	at org.apache.derby.impl.jdbc.TransactionResourceImpl.wrapInSQLException(Unknown Source)
	at org.apache.derby.impl.jdbc.TransactionResourceImpl.handleException(Unknown Source)
	at org.apache.derby.impl.jdbc.EmbedConnection.handleException(Unknown Source)
	at org.apache.derby.impl.jdbc.ConnectionChild.handleException(Unknown Source)
	at org.apache.derby.impl.jdbc.EmbedStatement.executeStatement(Unknown Source)
	at org.apache.derby.impl.jdbc.EmbedPreparedStatement.executeBatchElement(Unknown Source)
	... 94 more
Caused by: ERROR 23503: DELETE on table 'DBS' caused a violation of foreign key constraint 'TBLS_FK1' for key (4).  The statement has been rolled back.
	at org.apache.derby.iapi.error.StandardException.newException(Unknown Source)
	at org.apache.derby.iapi.error.StandardException.newException(Unknown Source)
	at org.apache.derby.impl.sql.execute.ReferencedKeyRIChecker.doCheck(Unknown Source)
	at org.apache.derby.impl.sql.execute.RISetChecker.doPKCheck(Unknown Source)
	at org.apache.derby.impl.sql.execute.DeleteResultSet.collectAffectedRows(Unknown Source)
	at org.apache.derby.impl.sql.execute.DeleteResultSet.open(Unknown Source)
	at org.apache.derby.impl.sql.GenericPreparedStatement.executeStmt(Unknown Source)
	at org.apache.derby.impl.sql.GenericPreparedStatement.execute(Unknown Source)
	... 96 more

2024-04-24T11:30:19,688  INFO [main] HiveMetaStore.audit: ugi=alex	ip=unknown-ip-addr	cmd=drop_database: @hive#junit_specific_db	
2024-04-24T11:30:19,694  INFO [main] HiveMetaStore.audit: ugi=alex	ip=unknown-ip-addr	cmd=get_all_tables: db=@hive#junit_specific_db	
2024-04-24T11:30:19,697  INFO [main] HiveMetaStore.audit: ugi=alex	ip=unknown-ip-addr	cmd=get_functions: db=@hive#junit_specific_db pat=*	
2024-04-24T11:30:19,705  INFO [main] HiveMetaStore.audit: ugi=alex	ip=unknown-ip-addr	cmd=get_all_stored_procedures	
2024-04-24T11:30:19,709  INFO [main] HiveMetaStore.audit: ugi=alex	ip=unknown-ip-addr	cmd=get_all_packages	
2024-04-24T11:30:19,712  INFO [main] HiveMetaStore.audit: ugi=alex	ip=unknown-ip-addr	cmd=getTablesByTypeCore: catName=hive: db=junit_specific_db pat=.*,type=MATERIALIZED_VIEW	
2024-04-24T11:30:19,720  INFO [main] metastore.ObjectStore: Dropping database hive.junit_specific_db along with all tables
2024-04-24T11:30:19,729  INFO [main] txn.TxnHandler: Non-retryable error in cleanupRecords : Table/View 'TXN_COMPONENTS' does not exist. (SQLState=42X05, ErrorCode=20000)
2024-04-24T11:30:19,729  WARN [main] txn.TxnHandler: Cannot perform cleanup since metastore table does not exist
2024-04-24T11:30:19,731 ERROR [main] metastore.RetryingHMSHandler: Retrying HMSHandler after 2000 ms (attempt 5 of 10) with error: javax.jdo.JDODataStoreException: Exception thrown flushing changes to datastore
	at org.datanucleus.api.jdo.NucleusJDOHelper.getJDOExceptionForNucleusException(NucleusJDOHelper.java:542)
	at org.datanucleus.api.jdo.JDOTransaction.commit(JDOTransaction.java:162)
	at org.apache.hadoop.hive.metastore.ObjectStore.commitTransaction(ObjectStore.java:615)
	at sun.reflect.GeneratedMethodAccessor31.invoke(Unknown Source)
	at sun.reflect.DelegatingMethodAccessorImpl.invoke(DelegatingMethodAccessorImpl.java:43)
	at java.lang.reflect.Method.invoke(Method.java:498)
	at org.apache.hadoop.hive.metastore.RawStoreProxy.invoke(RawStoreProxy.java:97)
	at com.sun.proxy.$Proxy32.commitTransaction(Unknown Source)
	at org.apache.hadoop.hive.metastore.HMSHandler.drop_database_core(HMSHandler.java:1790)
	at org.apache.hadoop.hive.metastore.HMSHandler.drop_database(HMSHandler.java:1869)
	at sun.reflect.GeneratedMethodAccessor54.invoke(Unknown Source)
	at sun.reflect.DelegatingMethodAccessorImpl.invoke(DelegatingMethodAccessorImpl.java:43)
	at java.lang.reflect.Method.invoke(Method.java:498)
	at org.apache.hadoop.hive.metastore.RetryingHMSHandler.invokeInternal(RetryingHMSHandler.java:147)
	at org.apache.hadoop.hive.metastore.RetryingHMSHandler.invoke(RetryingHMSHandler.java:108)
	at com.sun.proxy.$Proxy35.drop_database(Unknown Source)
	at org.apache.hadoop.hive.metastore.HiveMetaStoreClient.dropDatabaseCascadePerDb(HiveMetaStoreClient.java:1601)
	at org.apache.hadoop.hive.metastore.HiveMetaStoreClient.dropDatabase(HiveMetaStoreClient.java:1532)
	at org.apache.hadoop.hive.metastore.HiveMetaStoreClient.dropDatabase(HiveMetaStoreClient.java:1485)
	at sun.reflect.NativeMethodAccessorImpl.invoke0(Native Method)
	at sun.reflect.NativeMethodAccessorImpl.invoke(NativeMethodAccessorImpl.java:62)
	at sun.reflect.DelegatingMethodAccessorImpl.invoke(DelegatingMethodAccessorImpl.java:43)
	at java.lang.reflect.Method.invoke(Method.java:498)
	at org.apache.hadoop.hive.metastore.RetryingMetaStoreClient.invoke(RetryingMetaStoreClient.java:218)
	at com.sun.proxy.$Proxy45.dropDatabase(Unknown Source)
	at org.apache.hadoop.hive.ql.metadata.Hive.dropDatabase(Hive.java:662)
	at org.apache.hadoop.hive.ql.ddl.database.drop.DropDatabaseOperation.execute(DropDatabaseOperation.java:52)
	at org.apache.hadoop.hive.ql.ddl.DDLTask.execute(DDLTask.java:84)
	at org.apache.hadoop.hive.ql.exec.Task.executeTask(Task.java:212)
	at org.apache.hadoop.hive.ql.exec.TaskRunner.runSequential(TaskRunner.java:105)
	at org.apache.hadoop.hive.ql.Executor.launchTask(Executor.java:361)
	at org.apache.hadoop.hive.ql.Executor.launchTasks(Executor.java:334)
	at org.apache.hadoop.hive.ql.Executor.runTasks(Executor.java:245)
	at org.apache.hadoop.hive.ql.Executor.execute(Executor.java:108)
	at org.apache.hadoop.hive.ql.Driver.execute(Driver.java:348)
	at org.apache.hadoop.hive.ql.Driver.runInternal(Driver.java:204)
	at org.apache.hadoop.hive.ql.Driver.run(Driver.java:153)
	at org.apache.hadoop.hive.ql.Driver.run(Driver.java:148)
	at org.apache.hadoop.hive.ql.reexec.ReExecDriver.run(ReExecDriver.java:164)
	at org.apache.hadoop.hive.ql.reexec.ReExecDriver.run(ReExecDriver.java:230)
	at org.apache.hive.hcatalog.pig.AbstractHCatLoaderTest.executeStatementOnDriver(AbstractHCatLoaderTest.java:151)
	at org.apache.hive.hcatalog.pig.AbstractHCatLoaderTest.tearDown(AbstractHCatLoaderTest.java:239)
	at sun.reflect.NativeMethodAccessorImpl.invoke0(Native Method)
	at sun.reflect.NativeMethodAccessorImpl.invoke(NativeMethodAccessorImpl.java:62)
	at sun.reflect.DelegatingMethodAccessorImpl.invoke(DelegatingMethodAccessorImpl.java:43)
	at java.lang.reflect.Method.invoke(Method.java:498)
	at org.junit.runners.model.FrameworkMethod$1.runReflectiveCall(FrameworkMethod.java:59)
	at org.junit.internal.runners.model.ReflectiveCallable.run(ReflectiveCallable.java:12)
	at org.junit.runners.model.FrameworkMethod.invokeExplosively(FrameworkMethod.java:56)
	at org.junit.internal.runners.statements.RunAfters.invokeMethod(RunAfters.java:46)
	at org.junit.internal.runners.statements.RunAfters.evaluate(RunAfters.java:33)
	at org.junit.runners.ParentRunner$3.evaluate(ParentRunner.java:306)
	at org.junit.runners.BlockJUnit4ClassRunner$1.evaluate(BlockJUnit4ClassRunner.java:100)
	at org.junit.runners.ParentRunner.runLeaf(ParentRunner.java:366)
	at org.junit.runners.BlockJUnit4ClassRunner.runChild(BlockJUnit4ClassRunner.java:103)
	at org.junit.runners.BlockJUnit4ClassRunner.runChild(BlockJUnit4ClassRunner.java:63)
	at org.junit.runners.ParentRunner$4.run(ParentRunner.java:331)
	at org.junit.runners.ParentRunner$1.schedule(ParentRunner.java:79)
	at org.junit.runners.ParentRunner.runChildren(ParentRunner.java:329)
	at org.junit.runners.ParentRunner.access$100(ParentRunner.java:66)
	at org.junit.runners.ParentRunner$2.evaluate(ParentRunner.java:293)
	at org.junit.internal.runners.statements.RunBefores.evaluate(RunBefores.java:26)
	at org.junit.runners.ParentRunner$3.evaluate(ParentRunner.java:306)
	at org.junit.runners.ParentRunner.run(ParentRunner.java:413)
	at org.junit.runners.Suite.runChild(Suite.java:128)
	at org.junit.runners.Suite.runChild(Suite.java:27)
	at org.junit.runners.ParentRunner$4.run(ParentRunner.java:331)
	at org.junit.runners.ParentRunner$1.schedule(ParentRunner.java:79)
	at org.junit.runners.ParentRunner.runChildren(ParentRunner.java:329)
	at org.junit.runners.ParentRunner.access$100(ParentRunner.java:66)
	at org.junit.runners.ParentRunner$2.evaluate(ParentRunner.java:293)
	at org.junit.runners.ParentRunner$3.evaluate(ParentRunner.java:306)
	at org.junit.runners.ParentRunner.run(ParentRunner.java:413)
	at org.apache.maven.surefire.junitcore.JUnitCore.run(JUnitCore.java:55)
	at org.apache.maven.surefire.junitcore.JUnitCoreWrapper.createRequestAndRun(JUnitCoreWrapper.java:137)
	at org.apache.maven.surefire.junitcore.JUnitCoreWrapper.executeEager(JUnitCoreWrapper.java:107)
	at org.apache.maven.surefire.junitcore.JUnitCoreWrapper.execute(JUnitCoreWrapper.java:83)
	at org.apache.maven.surefire.junitcore.JUnitCoreWrapper.execute(JUnitCoreWrapper.java:75)
	at org.apache.maven.surefire.junitcore.JUnitCoreProvider.invoke(JUnitCoreProvider.java:158)
	at org.apache.maven.surefire.booter.ForkedBooter.runSuitesInProcess(ForkedBooter.java:377)
	at org.apache.maven.surefire.booter.ForkedBooter.execute(ForkedBooter.java:138)
	at org.apache.maven.surefire.booter.ForkedBooter.run(ForkedBooter.java:465)
	at org.apache.maven.surefire.booter.ForkedBooter.main(ForkedBooter.java:451)
NestedThrowablesStackTrace:
java.sql.BatchUpdateException: DELETE on table 'DBS' caused a violation of foreign key constraint 'TBLS_FK1' for key (4).  The statement has been rolled back.
	at org.apache.derby.impl.jdbc.EmbedStatement.executeLargeBatch(Unknown Source)
	at org.apache.derby.impl.jdbc.EmbedStatement.executeBatch(Unknown Source)
	at com.zaxxer.hikari.pool.ProxyStatement.executeBatch(ProxyStatement.java:128)
	at com.zaxxer.hikari.pool.HikariProxyPreparedStatement.executeBatch(HikariProxyPreparedStatement.java)
	at org.datanucleus.store.rdbms.ParamLoggingPreparedStatement.executeBatch(ParamLoggingPreparedStatement.java:366)
	at org.datanucleus.store.rdbms.SQLController.processConnectionStatement(SQLController.java:675)
	at org.datanucleus.store.rdbms.SQLController.processStatementsForConnection(SQLController.java:643)
	at org.datanucleus.store.rdbms.SQLController$1.transactionFlushed(SQLController.java:729)
	at org.datanucleus.store.connection.AbstractManagedConnection.transactionFlushed(AbstractManagedConnection.java:95)
	at org.datanucleus.store.connection.ConnectionManagerImpl$2.transactionFlushed(ConnectionManagerImpl.java:528)
	at org.datanucleus.TransactionImpl.flush(TransactionImpl.java:222)
	at org.datanucleus.TransactionImpl.commit(TransactionImpl.java:286)
	at org.datanucleus.api.jdo.JDOTransaction.commit(JDOTransaction.java:99)
	at org.apache.hadoop.hive.metastore.ObjectStore.commitTransaction(ObjectStore.java:615)
	at sun.reflect.GeneratedMethodAccessor31.invoke(Unknown Source)
	at sun.reflect.DelegatingMethodAccessorImpl.invoke(DelegatingMethodAccessorImpl.java:43)
	at java.lang.reflect.Method.invoke(Method.java:498)
	at org.apache.hadoop.hive.metastore.RawStoreProxy.invoke(RawStoreProxy.java:97)
	at com.sun.proxy.$Proxy32.commitTransaction(Unknown Source)
	at org.apache.hadoop.hive.metastore.HMSHandler.drop_database_core(HMSHandler.java:1790)
	at org.apache.hadoop.hive.metastore.HMSHandler.drop_database(HMSHandler.java:1869)
	at sun.reflect.GeneratedMethodAccessor54.invoke(Unknown Source)
	at sun.reflect.DelegatingMethodAccessorImpl.invoke(DelegatingMethodAccessorImpl.java:43)
	at java.lang.reflect.Method.invoke(Method.java:498)
	at org.apache.hadoop.hive.metastore.RetryingHMSHandler.invokeInternal(RetryingHMSHandler.java:147)
	at org.apache.hadoop.hive.metastore.RetryingHMSHandler.invoke(RetryingHMSHandler.java:108)
	at com.sun.proxy.$Proxy35.drop_database(Unknown Source)
	at org.apache.hadoop.hive.metastore.HiveMetaStoreClient.dropDatabaseCascadePerDb(HiveMetaStoreClient.java:1601)
	at org.apache.hadoop.hive.metastore.HiveMetaStoreClient.dropDatabase(HiveMetaStoreClient.java:1532)
	at org.apache.hadoop.hive.metastore.HiveMetaStoreClient.dropDatabase(HiveMetaStoreClient.java:1485)
	at sun.reflect.NativeMethodAccessorImpl.invoke0(Native Method)
	at sun.reflect.NativeMethodAccessorImpl.invoke(NativeMethodAccessorImpl.java:62)
	at sun.reflect.DelegatingMethodAccessorImpl.invoke(DelegatingMethodAccessorImpl.java:43)
	at java.lang.reflect.Method.invoke(Method.java:498)
	at org.apache.hadoop.hive.metastore.RetryingMetaStoreClient.invoke(RetryingMetaStoreClient.java:218)
	at com.sun.proxy.$Proxy45.dropDatabase(Unknown Source)
	at org.apache.hadoop.hive.ql.metadata.Hive.dropDatabase(Hive.java:662)
	at org.apache.hadoop.hive.ql.ddl.database.drop.DropDatabaseOperation.execute(DropDatabaseOperation.java:52)
	at org.apache.hadoop.hive.ql.ddl.DDLTask.execute(DDLTask.java:84)
	at org.apache.hadoop.hive.ql.exec.Task.executeTask(Task.java:212)
	at org.apache.hadoop.hive.ql.exec.TaskRunner.runSequential(TaskRunner.java:105)
	at org.apache.hadoop.hive.ql.Executor.launchTask(Executor.java:361)
	at org.apache.hadoop.hive.ql.Executor.launchTasks(Executor.java:334)
	at org.apache.hadoop.hive.ql.Executor.runTasks(Executor.java:245)
	at org.apache.hadoop.hive.ql.Executor.execute(Executor.java:108)
	at org.apache.hadoop.hive.ql.Driver.execute(Driver.java:348)
	at org.apache.hadoop.hive.ql.Driver.runInternal(Driver.java:204)
	at org.apache.hadoop.hive.ql.Driver.run(Driver.java:153)
	at org.apache.hadoop.hive.ql.Driver.run(Driver.java:148)
	at org.apache.hadoop.hive.ql.reexec.ReExecDriver.run(ReExecDriver.java:164)
	at org.apache.hadoop.hive.ql.reexec.ReExecDriver.run(ReExecDriver.java:230)
	at org.apache.hive.hcatalog.pig.AbstractHCatLoaderTest.executeStatementOnDriver(AbstractHCatLoaderTest.java:151)
	at org.apache.hive.hcatalog.pig.AbstractHCatLoaderTest.tearDown(AbstractHCatLoaderTest.java:239)
	at sun.reflect.NativeMethodAccessorImpl.invoke0(Native Method)
	at sun.reflect.NativeMethodAccessorImpl.invoke(NativeMethodAccessorImpl.java:62)
	at sun.reflect.DelegatingMethodAccessorImpl.invoke(DelegatingMethodAccessorImpl.java:43)
	at java.lang.reflect.Method.invoke(Method.java:498)
	at org.junit.runners.model.FrameworkMethod$1.runReflectiveCall(FrameworkMethod.java:59)
	at org.junit.internal.runners.model.ReflectiveCallable.run(ReflectiveCallable.java:12)
	at org.junit.runners.model.FrameworkMethod.invokeExplosively(FrameworkMethod.java:56)
	at org.junit.internal.runners.statements.RunAfters.invokeMethod(RunAfters.java:46)
	at org.junit.internal.runners.statements.RunAfters.evaluate(RunAfters.java:33)
	at org.junit.runners.ParentRunner$3.evaluate(ParentRunner.java:306)
	at org.junit.runners.BlockJUnit4ClassRunner$1.evaluate(BlockJUnit4ClassRunner.java:100)
	at org.junit.runners.ParentRunner.runLeaf(ParentRunner.java:366)
	at org.junit.runners.BlockJUnit4ClassRunner.runChild(BlockJUnit4ClassRunner.java:103)
	at org.junit.runners.BlockJUnit4ClassRunner.runChild(BlockJUnit4ClassRunner.java:63)
	at org.junit.runners.ParentRunner$4.run(ParentRunner.java:331)
	at org.junit.runners.ParentRunner$1.schedule(ParentRunner.java:79)
	at org.junit.runners.ParentRunner.runChildren(ParentRunner.java:329)
	at org.junit.runners.ParentRunner.access$100(ParentRunner.java:66)
	at org.junit.runners.ParentRunner$2.evaluate(ParentRunner.java:293)
	at org.junit.internal.runners.statements.RunBefores.evaluate(RunBefores.java:26)
	at org.junit.runners.ParentRunner$3.evaluate(ParentRunner.java:306)
	at org.junit.runners.ParentRunner.run(ParentRunner.java:413)
	at org.junit.runners.Suite.runChild(Suite.java:128)
	at org.junit.runners.Suite.runChild(Suite.java:27)
	at org.junit.runners.ParentRunner$4.run(ParentRunner.java:331)
	at org.junit.runners.ParentRunner$1.schedule(ParentRunner.java:79)
	at org.junit.runners.ParentRunner.runChildren(ParentRunner.java:329)
	at org.junit.runners.ParentRunner.access$100(ParentRunner.java:66)
	at org.junit.runners.ParentRunner$2.evaluate(ParentRunner.java:293)
	at org.junit.runners.ParentRunner$3.evaluate(ParentRunner.java:306)
	at org.junit.runners.ParentRunner.run(ParentRunner.java:413)
	at org.apache.maven.surefire.junitcore.JUnitCore.run(JUnitCore.java:55)
	at org.apache.maven.surefire.junitcore.JUnitCoreWrapper.createRequestAndRun(JUnitCoreWrapper.java:137)
	at org.apache.maven.surefire.junitcore.JUnitCoreWrapper.executeEager(JUnitCoreWrapper.java:107)
	at org.apache.maven.surefire.junitcore.JUnitCoreWrapper.execute(JUnitCoreWrapper.java:83)
	at org.apache.maven.surefire.junitcore.JUnitCoreWrapper.execute(JUnitCoreWrapper.java:75)
	at org.apache.maven.surefire.junitcore.JUnitCoreProvider.invoke(JUnitCoreProvider.java:158)
	at org.apache.maven.surefire.booter.ForkedBooter.runSuitesInProcess(ForkedBooter.java:377)
	at org.apache.maven.surefire.booter.ForkedBooter.execute(ForkedBooter.java:138)
	at org.apache.maven.surefire.booter.ForkedBooter.run(ForkedBooter.java:465)
	at org.apache.maven.surefire.booter.ForkedBooter.main(ForkedBooter.java:451)
Caused by: org.apache.derby.shared.common.error.DerbySQLIntegrityConstraintViolationException: DELETE on table 'DBS' caused a violation of foreign key constraint 'TBLS_FK1' for key (4).  The statement has been rolled back.
	at org.apache.derby.impl.jdbc.SQLExceptionFactory.getSQLException(Unknown Source)
	at org.apache.derby.impl.jdbc.Util.generateCsSQLException(Unknown Source)
	at org.apache.derby.impl.jdbc.TransactionResourceImpl.wrapInSQLException(Unknown Source)
	at org.apache.derby.impl.jdbc.TransactionResourceImpl.handleException(Unknown Source)
	at org.apache.derby.impl.jdbc.EmbedConnection.handleException(Unknown Source)
	at org.apache.derby.impl.jdbc.ConnectionChild.handleException(Unknown Source)
	at org.apache.derby.impl.jdbc.EmbedStatement.executeStatement(Unknown Source)
	at org.apache.derby.impl.jdbc.EmbedPreparedStatement.executeBatchElement(Unknown Source)
	... 94 more
Caused by: ERROR 23503: DELETE on table 'DBS' caused a violation of foreign key constraint 'TBLS_FK1' for key (4).  The statement has been rolled back.
	at org.apache.derby.iapi.error.StandardException.newException(Unknown Source)
	at org.apache.derby.iapi.error.StandardException.newException(Unknown Source)
	at org.apache.derby.impl.sql.execute.ReferencedKeyRIChecker.doCheck(Unknown Source)
	at org.apache.derby.impl.sql.execute.RISetChecker.doPKCheck(Unknown Source)
	at org.apache.derby.impl.sql.execute.DeleteResultSet.collectAffectedRows(Unknown Source)
	at org.apache.derby.impl.sql.execute.DeleteResultSet.open(Unknown Source)
	at org.apache.derby.impl.sql.GenericPreparedStatement.executeStmt(Unknown Source)
	at org.apache.derby.impl.sql.GenericPreparedStatement.execute(Unknown Source)
	... 96 more

2024-04-24T11:30:21,732  INFO [main] HiveMetaStore.audit: ugi=alex	ip=unknown-ip-addr	cmd=drop_database: @hive#junit_specific_db	
2024-04-24T11:30:21,737  INFO [main] HiveMetaStore.audit: ugi=alex	ip=unknown-ip-addr	cmd=get_all_tables: db=@hive#junit_specific_db	
2024-04-24T11:30:21,738  INFO [main] HiveMetaStore.audit: ugi=alex	ip=unknown-ip-addr	cmd=get_functions: db=@hive#junit_specific_db pat=*	
2024-04-24T11:30:21,740  INFO [main] HiveMetaStore.audit: ugi=alex	ip=unknown-ip-addr	cmd=get_all_stored_procedures	
2024-04-24T11:30:21,741  INFO [main] HiveMetaStore.audit: ugi=alex	ip=unknown-ip-addr	cmd=get_all_packages	
2024-04-24T11:30:21,743  INFO [main] HiveMetaStore.audit: ugi=alex	ip=unknown-ip-addr	cmd=getTablesByTypeCore: catName=hive: db=junit_specific_db pat=.*,type=MATERIALIZED_VIEW	
2024-04-24T11:30:21,747  INFO [main] metastore.ObjectStore: Dropping database hive.junit_specific_db along with all tables
2024-04-24T11:30:21,753  INFO [main] txn.TxnHandler: Non-retryable error in cleanupRecords : Table/View 'TXN_COMPONENTS' does not exist. (SQLState=42X05, ErrorCode=20000)
2024-04-24T11:30:21,753  WARN [main] txn.TxnHandler: Cannot perform cleanup since metastore table does not exist
2024-04-24T11:30:21,754 ERROR [main] metastore.RetryingHMSHandler: Retrying HMSHandler after 2000 ms (attempt 6 of 10) with error: javax.jdo.JDODataStoreException: Exception thrown flushing changes to datastore
	at org.datanucleus.api.jdo.NucleusJDOHelper.getJDOExceptionForNucleusException(NucleusJDOHelper.java:542)
	at org.datanucleus.api.jdo.JDOTransaction.commit(JDOTransaction.java:162)
	at org.apache.hadoop.hive.metastore.ObjectStore.commitTransaction(ObjectStore.java:615)
	at sun.reflect.GeneratedMethodAccessor31.invoke(Unknown Source)
	at sun.reflect.DelegatingMethodAccessorImpl.invoke(DelegatingMethodAccessorImpl.java:43)
	at java.lang.reflect.Method.invoke(Method.java:498)
	at org.apache.hadoop.hive.metastore.RawStoreProxy.invoke(RawStoreProxy.java:97)
	at com.sun.proxy.$Proxy32.commitTransaction(Unknown Source)
	at org.apache.hadoop.hive.metastore.HMSHandler.drop_database_core(HMSHandler.java:1790)
	at org.apache.hadoop.hive.metastore.HMSHandler.drop_database(HMSHandler.java:1869)
	at sun.reflect.GeneratedMethodAccessor54.invoke(Unknown Source)
	at sun.reflect.DelegatingMethodAccessorImpl.invoke(DelegatingMethodAccessorImpl.java:43)
	at java.lang.reflect.Method.invoke(Method.java:498)
	at org.apache.hadoop.hive.metastore.RetryingHMSHandler.invokeInternal(RetryingHMSHandler.java:147)
	at org.apache.hadoop.hive.metastore.RetryingHMSHandler.invoke(RetryingHMSHandler.java:108)
	at com.sun.proxy.$Proxy35.drop_database(Unknown Source)
	at org.apache.hadoop.hive.metastore.HiveMetaStoreClient.dropDatabaseCascadePerDb(HiveMetaStoreClient.java:1601)
	at org.apache.hadoop.hive.metastore.HiveMetaStoreClient.dropDatabase(HiveMetaStoreClient.java:1532)
	at org.apache.hadoop.hive.metastore.HiveMetaStoreClient.dropDatabase(HiveMetaStoreClient.java:1485)
	at sun.reflect.NativeMethodAccessorImpl.invoke0(Native Method)
	at sun.reflect.NativeMethodAccessorImpl.invoke(NativeMethodAccessorImpl.java:62)
	at sun.reflect.DelegatingMethodAccessorImpl.invoke(DelegatingMethodAccessorImpl.java:43)
	at java.lang.reflect.Method.invoke(Method.java:498)
	at org.apache.hadoop.hive.metastore.RetryingMetaStoreClient.invoke(RetryingMetaStoreClient.java:218)
	at com.sun.proxy.$Proxy45.dropDatabase(Unknown Source)
	at org.apache.hadoop.hive.ql.metadata.Hive.dropDatabase(Hive.java:662)
	at org.apache.hadoop.hive.ql.ddl.database.drop.DropDatabaseOperation.execute(DropDatabaseOperation.java:52)
	at org.apache.hadoop.hive.ql.ddl.DDLTask.execute(DDLTask.java:84)
	at org.apache.hadoop.hive.ql.exec.Task.executeTask(Task.java:212)
	at org.apache.hadoop.hive.ql.exec.TaskRunner.runSequential(TaskRunner.java:105)
	at org.apache.hadoop.hive.ql.Executor.launchTask(Executor.java:361)
	at org.apache.hadoop.hive.ql.Executor.launchTasks(Executor.java:334)
	at org.apache.hadoop.hive.ql.Executor.runTasks(Executor.java:245)
	at org.apache.hadoop.hive.ql.Executor.execute(Executor.java:108)
	at org.apache.hadoop.hive.ql.Driver.execute(Driver.java:348)
	at org.apache.hadoop.hive.ql.Driver.runInternal(Driver.java:204)
	at org.apache.hadoop.hive.ql.Driver.run(Driver.java:153)
	at org.apache.hadoop.hive.ql.Driver.run(Driver.java:148)
	at org.apache.hadoop.hive.ql.reexec.ReExecDriver.run(ReExecDriver.java:164)
	at org.apache.hadoop.hive.ql.reexec.ReExecDriver.run(ReExecDriver.java:230)
	at org.apache.hive.hcatalog.pig.AbstractHCatLoaderTest.executeStatementOnDriver(AbstractHCatLoaderTest.java:151)
	at org.apache.hive.hcatalog.pig.AbstractHCatLoaderTest.tearDown(AbstractHCatLoaderTest.java:239)
	at sun.reflect.NativeMethodAccessorImpl.invoke0(Native Method)
	at sun.reflect.NativeMethodAccessorImpl.invoke(NativeMethodAccessorImpl.java:62)
	at sun.reflect.DelegatingMethodAccessorImpl.invoke(DelegatingMethodAccessorImpl.java:43)
	at java.lang.reflect.Method.invoke(Method.java:498)
	at org.junit.runners.model.FrameworkMethod$1.runReflectiveCall(FrameworkMethod.java:59)
	at org.junit.internal.runners.model.ReflectiveCallable.run(ReflectiveCallable.java:12)
	at org.junit.runners.model.FrameworkMethod.invokeExplosively(FrameworkMethod.java:56)
	at org.junit.internal.runners.statements.RunAfters.invokeMethod(RunAfters.java:46)
	at org.junit.internal.runners.statements.RunAfters.evaluate(RunAfters.java:33)
	at org.junit.runners.ParentRunner$3.evaluate(ParentRunner.java:306)
	at org.junit.runners.BlockJUnit4ClassRunner$1.evaluate(BlockJUnit4ClassRunner.java:100)
	at org.junit.runners.ParentRunner.runLeaf(ParentRunner.java:366)
	at org.junit.runners.BlockJUnit4ClassRunner.runChild(BlockJUnit4ClassRunner.java:103)
	at org.junit.runners.BlockJUnit4ClassRunner.runChild(BlockJUnit4ClassRunner.java:63)
	at org.junit.runners.ParentRunner$4.run(ParentRunner.java:331)
	at org.junit.runners.ParentRunner$1.schedule(ParentRunner.java:79)
	at org.junit.runners.ParentRunner.runChildren(ParentRunner.java:329)
	at org.junit.runners.ParentRunner.access$100(ParentRunner.java:66)
	at org.junit.runners.ParentRunner$2.evaluate(ParentRunner.java:293)
	at org.junit.internal.runners.statements.RunBefores.evaluate(RunBefores.java:26)
	at org.junit.runners.ParentRunner$3.evaluate(ParentRunner.java:306)
	at org.junit.runners.ParentRunner.run(ParentRunner.java:413)
	at org.junit.runners.Suite.runChild(Suite.java:128)
	at org.junit.runners.Suite.runChild(Suite.java:27)
	at org.junit.runners.ParentRunner$4.run(ParentRunner.java:331)
	at org.junit.runners.ParentRunner$1.schedule(ParentRunner.java:79)
	at org.junit.runners.ParentRunner.runChildren(ParentRunner.java:329)
	at org.junit.runners.ParentRunner.access$100(ParentRunner.java:66)
	at org.junit.runners.ParentRunner$2.evaluate(ParentRunner.java:293)
	at org.junit.runners.ParentRunner$3.evaluate(ParentRunner.java:306)
	at org.junit.runners.ParentRunner.run(ParentRunner.java:413)
	at org.apache.maven.surefire.junitcore.JUnitCore.run(JUnitCore.java:55)
	at org.apache.maven.surefire.junitcore.JUnitCoreWrapper.createRequestAndRun(JUnitCoreWrapper.java:137)
	at org.apache.maven.surefire.junitcore.JUnitCoreWrapper.executeEager(JUnitCoreWrapper.java:107)
	at org.apache.maven.surefire.junitcore.JUnitCoreWrapper.execute(JUnitCoreWrapper.java:83)
	at org.apache.maven.surefire.junitcore.JUnitCoreWrapper.execute(JUnitCoreWrapper.java:75)
	at org.apache.maven.surefire.junitcore.JUnitCoreProvider.invoke(JUnitCoreProvider.java:158)
	at org.apache.maven.surefire.booter.ForkedBooter.runSuitesInProcess(ForkedBooter.java:377)
	at org.apache.maven.surefire.booter.ForkedBooter.execute(ForkedBooter.java:138)
	at org.apache.maven.surefire.booter.ForkedBooter.run(ForkedBooter.java:465)
	at org.apache.maven.surefire.booter.ForkedBooter.main(ForkedBooter.java:451)
NestedThrowablesStackTrace:
java.sql.BatchUpdateException: DELETE on table 'DBS' caused a violation of foreign key constraint 'TBLS_FK1' for key (4).  The statement has been rolled back.
	at org.apache.derby.impl.jdbc.EmbedStatement.executeLargeBatch(Unknown Source)
	at org.apache.derby.impl.jdbc.EmbedStatement.executeBatch(Unknown Source)
	at com.zaxxer.hikari.pool.ProxyStatement.executeBatch(ProxyStatement.java:128)
	at com.zaxxer.hikari.pool.HikariProxyPreparedStatement.executeBatch(HikariProxyPreparedStatement.java)
	at org.datanucleus.store.rdbms.ParamLoggingPreparedStatement.executeBatch(ParamLoggingPreparedStatement.java:366)
	at org.datanucleus.store.rdbms.SQLController.processConnectionStatement(SQLController.java:675)
	at org.datanucleus.store.rdbms.SQLController.processStatementsForConnection(SQLController.java:643)
	at org.datanucleus.store.rdbms.SQLController$1.transactionFlushed(SQLController.java:729)
	at org.datanucleus.store.connection.AbstractManagedConnection.transactionFlushed(AbstractManagedConnection.java:95)
	at org.datanucleus.store.connection.ConnectionManagerImpl$2.transactionFlushed(ConnectionManagerImpl.java:528)
	at org.datanucleus.TransactionImpl.flush(TransactionImpl.java:222)
	at org.datanucleus.TransactionImpl.commit(TransactionImpl.java:286)
	at org.datanucleus.api.jdo.JDOTransaction.commit(JDOTransaction.java:99)
	at org.apache.hadoop.hive.metastore.ObjectStore.commitTransaction(ObjectStore.java:615)
	at sun.reflect.GeneratedMethodAccessor31.invoke(Unknown Source)
	at sun.reflect.DelegatingMethodAccessorImpl.invoke(DelegatingMethodAccessorImpl.java:43)
	at java.lang.reflect.Method.invoke(Method.java:498)
	at org.apache.hadoop.hive.metastore.RawStoreProxy.invoke(RawStoreProxy.java:97)
	at com.sun.proxy.$Proxy32.commitTransaction(Unknown Source)
	at org.apache.hadoop.hive.metastore.HMSHandler.drop_database_core(HMSHandler.java:1790)
	at org.apache.hadoop.hive.metastore.HMSHandler.drop_database(HMSHandler.java:1869)
	at sun.reflect.GeneratedMethodAccessor54.invoke(Unknown Source)
	at sun.reflect.DelegatingMethodAccessorImpl.invoke(DelegatingMethodAccessorImpl.java:43)
	at java.lang.reflect.Method.invoke(Method.java:498)
	at org.apache.hadoop.hive.metastore.RetryingHMSHandler.invokeInternal(RetryingHMSHandler.java:147)
	at org.apache.hadoop.hive.metastore.RetryingHMSHandler.invoke(RetryingHMSHandler.java:108)
	at com.sun.proxy.$Proxy35.drop_database(Unknown Source)
	at org.apache.hadoop.hive.metastore.HiveMetaStoreClient.dropDatabaseCascadePerDb(HiveMetaStoreClient.java:1601)
	at org.apache.hadoop.hive.metastore.HiveMetaStoreClient.dropDatabase(HiveMetaStoreClient.java:1532)
	at org.apache.hadoop.hive.metastore.HiveMetaStoreClient.dropDatabase(HiveMetaStoreClient.java:1485)
	at sun.reflect.NativeMethodAccessorImpl.invoke0(Native Method)
	at sun.reflect.NativeMethodAccessorImpl.invoke(NativeMethodAccessorImpl.java:62)
	at sun.reflect.DelegatingMethodAccessorImpl.invoke(DelegatingMethodAccessorImpl.java:43)
	at java.lang.reflect.Method.invoke(Method.java:498)
	at org.apache.hadoop.hive.metastore.RetryingMetaStoreClient.invoke(RetryingMetaStoreClient.java:218)
	at com.sun.proxy.$Proxy45.dropDatabase(Unknown Source)
	at org.apache.hadoop.hive.ql.metadata.Hive.dropDatabase(Hive.java:662)
	at org.apache.hadoop.hive.ql.ddl.database.drop.DropDatabaseOperation.execute(DropDatabaseOperation.java:52)
	at org.apache.hadoop.hive.ql.ddl.DDLTask.execute(DDLTask.java:84)
	at org.apache.hadoop.hive.ql.exec.Task.executeTask(Task.java:212)
	at org.apache.hadoop.hive.ql.exec.TaskRunner.runSequential(TaskRunner.java:105)
	at org.apache.hadoop.hive.ql.Executor.launchTask(Executor.java:361)
	at org.apache.hadoop.hive.ql.Executor.launchTasks(Executor.java:334)
	at org.apache.hadoop.hive.ql.Executor.runTasks(Executor.java:245)
	at org.apache.hadoop.hive.ql.Executor.execute(Executor.java:108)
	at org.apache.hadoop.hive.ql.Driver.execute(Driver.java:348)
	at org.apache.hadoop.hive.ql.Driver.runInternal(Driver.java:204)
	at org.apache.hadoop.hive.ql.Driver.run(Driver.java:153)
	at org.apache.hadoop.hive.ql.Driver.run(Driver.java:148)
	at org.apache.hadoop.hive.ql.reexec.ReExecDriver.run(ReExecDriver.java:164)
	at org.apache.hadoop.hive.ql.reexec.ReExecDriver.run(ReExecDriver.java:230)
	at org.apache.hive.hcatalog.pig.AbstractHCatLoaderTest.executeStatementOnDriver(AbstractHCatLoaderTest.java:151)
	at org.apache.hive.hcatalog.pig.AbstractHCatLoaderTest.tearDown(AbstractHCatLoaderTest.java:239)
	at sun.reflect.NativeMethodAccessorImpl.invoke0(Native Method)
	at sun.reflect.NativeMethodAccessorImpl.invoke(NativeMethodAccessorImpl.java:62)
	at sun.reflect.DelegatingMethodAccessorImpl.invoke(DelegatingMethodAccessorImpl.java:43)
	at java.lang.reflect.Method.invoke(Method.java:498)
	at org.junit.runners.model.FrameworkMethod$1.runReflectiveCall(FrameworkMethod.java:59)
	at org.junit.internal.runners.model.ReflectiveCallable.run(ReflectiveCallable.java:12)
	at org.junit.runners.model.FrameworkMethod.invokeExplosively(FrameworkMethod.java:56)
	at org.junit.internal.runners.statements.RunAfters.invokeMethod(RunAfters.java:46)
	at org.junit.internal.runners.statements.RunAfters.evaluate(RunAfters.java:33)
	at org.junit.runners.ParentRunner$3.evaluate(ParentRunner.java:306)
	at org.junit.runners.BlockJUnit4ClassRunner$1.evaluate(BlockJUnit4ClassRunner.java:100)
	at org.junit.runners.ParentRunner.runLeaf(ParentRunner.java:366)
	at org.junit.runners.BlockJUnit4ClassRunner.runChild(BlockJUnit4ClassRunner.java:103)
	at org.junit.runners.BlockJUnit4ClassRunner.runChild(BlockJUnit4ClassRunner.java:63)
	at org.junit.runners.ParentRunner$4.run(ParentRunner.java:331)
	at org.junit.runners.ParentRunner$1.schedule(ParentRunner.java:79)
	at org.junit.runners.ParentRunner.runChildren(ParentRunner.java:329)
	at org.junit.runners.ParentRunner.access$100(ParentRunner.java:66)
	at org.junit.runners.ParentRunner$2.evaluate(ParentRunner.java:293)
	at org.junit.internal.runners.statements.RunBefores.evaluate(RunBefores.java:26)
	at org.junit.runners.ParentRunner$3.evaluate(ParentRunner.java:306)
	at org.junit.runners.ParentRunner.run(ParentRunner.java:413)
	at org.junit.runners.Suite.runChild(Suite.java:128)
	at org.junit.runners.Suite.runChild(Suite.java:27)
	at org.junit.runners.ParentRunner$4.run(ParentRunner.java:331)
	at org.junit.runners.ParentRunner$1.schedule(ParentRunner.java:79)
	at org.junit.runners.ParentRunner.runChildren(ParentRunner.java:329)
	at org.junit.runners.ParentRunner.access$100(ParentRunner.java:66)
	at org.junit.runners.ParentRunner$2.evaluate(ParentRunner.java:293)
	at org.junit.runners.ParentRunner$3.evaluate(ParentRunner.java:306)
	at org.junit.runners.ParentRunner.run(ParentRunner.java:413)
	at org.apache.maven.surefire.junitcore.JUnitCore.run(JUnitCore.java:55)
	at org.apache.maven.surefire.junitcore.JUnitCoreWrapper.createRequestAndRun(JUnitCoreWrapper.java:137)
	at org.apache.maven.surefire.junitcore.JUnitCoreWrapper.executeEager(JUnitCoreWrapper.java:107)
	at org.apache.maven.surefire.junitcore.JUnitCoreWrapper.execute(JUnitCoreWrapper.java:83)
	at org.apache.maven.surefire.junitcore.JUnitCoreWrapper.execute(JUnitCoreWrapper.java:75)
	at org.apache.maven.surefire.junitcore.JUnitCoreProvider.invoke(JUnitCoreProvider.java:158)
	at org.apache.maven.surefire.booter.ForkedBooter.runSuitesInProcess(ForkedBooter.java:377)
	at org.apache.maven.surefire.booter.ForkedBooter.execute(ForkedBooter.java:138)
	at org.apache.maven.surefire.booter.ForkedBooter.run(ForkedBooter.java:465)
	at org.apache.maven.surefire.booter.ForkedBooter.main(ForkedBooter.java:451)
Caused by: org.apache.derby.shared.common.error.DerbySQLIntegrityConstraintViolationException: DELETE on table 'DBS' caused a violation of foreign key constraint 'TBLS_FK1' for key (4).  The statement has been rolled back.
	at org.apache.derby.impl.jdbc.SQLExceptionFactory.getSQLException(Unknown Source)
	at org.apache.derby.impl.jdbc.Util.generateCsSQLException(Unknown Source)
	at org.apache.derby.impl.jdbc.TransactionResourceImpl.wrapInSQLException(Unknown Source)
	at org.apache.derby.impl.jdbc.TransactionResourceImpl.handleException(Unknown Source)
	at org.apache.derby.impl.jdbc.EmbedConnection.handleException(Unknown Source)
	at org.apache.derby.impl.jdbc.ConnectionChild.handleException(Unknown Source)
	at org.apache.derby.impl.jdbc.EmbedStatement.executeStatement(Unknown Source)
	at org.apache.derby.impl.jdbc.EmbedPreparedStatement.executeBatchElement(Unknown Source)
	... 94 more
Caused by: ERROR 23503: DELETE on table 'DBS' caused a violation of foreign key constraint 'TBLS_FK1' for key (4).  The statement has been rolled back.
	at org.apache.derby.iapi.error.StandardException.newException(Unknown Source)
	at org.apache.derby.iapi.error.StandardException.newException(Unknown Source)
	at org.apache.derby.impl.sql.execute.ReferencedKeyRIChecker.doCheck(Unknown Source)
	at org.apache.derby.impl.sql.execute.RISetChecker.doPKCheck(Unknown Source)
	at org.apache.derby.impl.sql.execute.DeleteResultSet.collectAffectedRows(Unknown Source)
	at org.apache.derby.impl.sql.execute.DeleteResultSet.open(Unknown Source)
	at org.apache.derby.impl.sql.GenericPreparedStatement.executeStmt(Unknown Source)
	at org.apache.derby.impl.sql.GenericPreparedStatement.execute(Unknown Source)
	... 96 more

2024-04-24T11:30:23,755  INFO [main] HiveMetaStore.audit: ugi=alex	ip=unknown-ip-addr	cmd=drop_database: @hive#junit_specific_db	
2024-04-24T11:30:23,760  INFO [main] HiveMetaStore.audit: ugi=alex	ip=unknown-ip-addr	cmd=get_all_tables: db=@hive#junit_specific_db	
2024-04-24T11:30:23,761  INFO [main] HiveMetaStore.audit: ugi=alex	ip=unknown-ip-addr	cmd=get_functions: db=@hive#junit_specific_db pat=*	
2024-04-24T11:30:23,762  INFO [main] HiveMetaStore.audit: ugi=alex	ip=unknown-ip-addr	cmd=get_all_stored_procedures	
2024-04-24T11:30:23,764  INFO [main] HiveMetaStore.audit: ugi=alex	ip=unknown-ip-addr	cmd=get_all_packages	
2024-04-24T11:30:23,765  INFO [main] HiveMetaStore.audit: ugi=alex	ip=unknown-ip-addr	cmd=getTablesByTypeCore: catName=hive: db=junit_specific_db pat=.*,type=MATERIALIZED_VIEW	
2024-04-24T11:30:23,769  INFO [main] metastore.ObjectStore: Dropping database hive.junit_specific_db along with all tables
2024-04-24T11:30:23,776  INFO [main] txn.TxnHandler: Non-retryable error in cleanupRecords : Table/View 'TXN_COMPONENTS' does not exist. (SQLState=42X05, ErrorCode=20000)
2024-04-24T11:30:23,776  WARN [main] txn.TxnHandler: Cannot perform cleanup since metastore table does not exist
2024-04-24T11:30:23,777 ERROR [main] metastore.RetryingHMSHandler: Retrying HMSHandler after 2000 ms (attempt 7 of 10) with error: javax.jdo.JDODataStoreException: Exception thrown flushing changes to datastore
	at org.datanucleus.api.jdo.NucleusJDOHelper.getJDOExceptionForNucleusException(NucleusJDOHelper.java:542)
	at org.datanucleus.api.jdo.JDOTransaction.commit(JDOTransaction.java:162)
	at org.apache.hadoop.hive.metastore.ObjectStore.commitTransaction(ObjectStore.java:615)
	at sun.reflect.GeneratedMethodAccessor31.invoke(Unknown Source)
	at sun.reflect.DelegatingMethodAccessorImpl.invoke(DelegatingMethodAccessorImpl.java:43)
	at java.lang.reflect.Method.invoke(Method.java:498)
	at org.apache.hadoop.hive.metastore.RawStoreProxy.invoke(RawStoreProxy.java:97)
	at com.sun.proxy.$Proxy32.commitTransaction(Unknown Source)
	at org.apache.hadoop.hive.metastore.HMSHandler.drop_database_core(HMSHandler.java:1790)
	at org.apache.hadoop.hive.metastore.HMSHandler.drop_database(HMSHandler.java:1869)
	at sun.reflect.GeneratedMethodAccessor54.invoke(Unknown Source)
	at sun.reflect.DelegatingMethodAccessorImpl.invoke(DelegatingMethodAccessorImpl.java:43)
	at java.lang.reflect.Method.invoke(Method.java:498)
	at org.apache.hadoop.hive.metastore.RetryingHMSHandler.invokeInternal(RetryingHMSHandler.java:147)
	at org.apache.hadoop.hive.metastore.RetryingHMSHandler.invoke(RetryingHMSHandler.java:108)
	at com.sun.proxy.$Proxy35.drop_database(Unknown Source)
	at org.apache.hadoop.hive.metastore.HiveMetaStoreClient.dropDatabaseCascadePerDb(HiveMetaStoreClient.java:1601)
	at org.apache.hadoop.hive.metastore.HiveMetaStoreClient.dropDatabase(HiveMetaStoreClient.java:1532)
	at org.apache.hadoop.hive.metastore.HiveMetaStoreClient.dropDatabase(HiveMetaStoreClient.java:1485)
	at sun.reflect.NativeMethodAccessorImpl.invoke0(Native Method)
	at sun.reflect.NativeMethodAccessorImpl.invoke(NativeMethodAccessorImpl.java:62)
	at sun.reflect.DelegatingMethodAccessorImpl.invoke(DelegatingMethodAccessorImpl.java:43)
	at java.lang.reflect.Method.invoke(Method.java:498)
	at org.apache.hadoop.hive.metastore.RetryingMetaStoreClient.invoke(RetryingMetaStoreClient.java:218)
	at com.sun.proxy.$Proxy45.dropDatabase(Unknown Source)
	at org.apache.hadoop.hive.ql.metadata.Hive.dropDatabase(Hive.java:662)
	at org.apache.hadoop.hive.ql.ddl.database.drop.DropDatabaseOperation.execute(DropDatabaseOperation.java:52)
	at org.apache.hadoop.hive.ql.ddl.DDLTask.execute(DDLTask.java:84)
	at org.apache.hadoop.hive.ql.exec.Task.executeTask(Task.java:212)
	at org.apache.hadoop.hive.ql.exec.TaskRunner.runSequential(TaskRunner.java:105)
	at org.apache.hadoop.hive.ql.Executor.launchTask(Executor.java:361)
	at org.apache.hadoop.hive.ql.Executor.launchTasks(Executor.java:334)
	at org.apache.hadoop.hive.ql.Executor.runTasks(Executor.java:245)
	at org.apache.hadoop.hive.ql.Executor.execute(Executor.java:108)
	at org.apache.hadoop.hive.ql.Driver.execute(Driver.java:348)
	at org.apache.hadoop.hive.ql.Driver.runInternal(Driver.java:204)
	at org.apache.hadoop.hive.ql.Driver.run(Driver.java:153)
	at org.apache.hadoop.hive.ql.Driver.run(Driver.java:148)
	at org.apache.hadoop.hive.ql.reexec.ReExecDriver.run(ReExecDriver.java:164)
	at org.apache.hadoop.hive.ql.reexec.ReExecDriver.run(ReExecDriver.java:230)
	at org.apache.hive.hcatalog.pig.AbstractHCatLoaderTest.executeStatementOnDriver(AbstractHCatLoaderTest.java:151)
	at org.apache.hive.hcatalog.pig.AbstractHCatLoaderTest.tearDown(AbstractHCatLoaderTest.java:239)
	at sun.reflect.NativeMethodAccessorImpl.invoke0(Native Method)
	at sun.reflect.NativeMethodAccessorImpl.invoke(NativeMethodAccessorImpl.java:62)
	at sun.reflect.DelegatingMethodAccessorImpl.invoke(DelegatingMethodAccessorImpl.java:43)
	at java.lang.reflect.Method.invoke(Method.java:498)
	at org.junit.runners.model.FrameworkMethod$1.runReflectiveCall(FrameworkMethod.java:59)
	at org.junit.internal.runners.model.ReflectiveCallable.run(ReflectiveCallable.java:12)
	at org.junit.runners.model.FrameworkMethod.invokeExplosively(FrameworkMethod.java:56)
	at org.junit.internal.runners.statements.RunAfters.invokeMethod(RunAfters.java:46)
	at org.junit.internal.runners.statements.RunAfters.evaluate(RunAfters.java:33)
	at org.junit.runners.ParentRunner$3.evaluate(ParentRunner.java:306)
	at org.junit.runners.BlockJUnit4ClassRunner$1.evaluate(BlockJUnit4ClassRunner.java:100)
	at org.junit.runners.ParentRunner.runLeaf(ParentRunner.java:366)
	at org.junit.runners.BlockJUnit4ClassRunner.runChild(BlockJUnit4ClassRunner.java:103)
	at org.junit.runners.BlockJUnit4ClassRunner.runChild(BlockJUnit4ClassRunner.java:63)
	at org.junit.runners.ParentRunner$4.run(ParentRunner.java:331)
	at org.junit.runners.ParentRunner$1.schedule(ParentRunner.java:79)
	at org.junit.runners.ParentRunner.runChildren(ParentRunner.java:329)
	at org.junit.runners.ParentRunner.access$100(ParentRunner.java:66)
	at org.junit.runners.ParentRunner$2.evaluate(ParentRunner.java:293)
	at org.junit.internal.runners.statements.RunBefores.evaluate(RunBefores.java:26)
	at org.junit.runners.ParentRunner$3.evaluate(ParentRunner.java:306)
	at org.junit.runners.ParentRunner.run(ParentRunner.java:413)
	at org.junit.runners.Suite.runChild(Suite.java:128)
	at org.junit.runners.Suite.runChild(Suite.java:27)
	at org.junit.runners.ParentRunner$4.run(ParentRunner.java:331)
	at org.junit.runners.ParentRunner$1.schedule(ParentRunner.java:79)
	at org.junit.runners.ParentRunner.runChildren(ParentRunner.java:329)
	at org.junit.runners.ParentRunner.access$100(ParentRunner.java:66)
	at org.junit.runners.ParentRunner$2.evaluate(ParentRunner.java:293)
	at org.junit.runners.ParentRunner$3.evaluate(ParentRunner.java:306)
	at org.junit.runners.ParentRunner.run(ParentRunner.java:413)
	at org.apache.maven.surefire.junitcore.JUnitCore.run(JUnitCore.java:55)
	at org.apache.maven.surefire.junitcore.JUnitCoreWrapper.createRequestAndRun(JUnitCoreWrapper.java:137)
	at org.apache.maven.surefire.junitcore.JUnitCoreWrapper.executeEager(JUnitCoreWrapper.java:107)
	at org.apache.maven.surefire.junitcore.JUnitCoreWrapper.execute(JUnitCoreWrapper.java:83)
	at org.apache.maven.surefire.junitcore.JUnitCoreWrapper.execute(JUnitCoreWrapper.java:75)
	at org.apache.maven.surefire.junitcore.JUnitCoreProvider.invoke(JUnitCoreProvider.java:158)
	at org.apache.maven.surefire.booter.ForkedBooter.runSuitesInProcess(ForkedBooter.java:377)
	at org.apache.maven.surefire.booter.ForkedBooter.execute(ForkedBooter.java:138)
	at org.apache.maven.surefire.booter.ForkedBooter.run(ForkedBooter.java:465)
	at org.apache.maven.surefire.booter.ForkedBooter.main(ForkedBooter.java:451)
NestedThrowablesStackTrace:
java.sql.BatchUpdateException: DELETE on table 'DBS' caused a violation of foreign key constraint 'TBLS_FK1' for key (4).  The statement has been rolled back.
	at org.apache.derby.impl.jdbc.EmbedStatement.executeLargeBatch(Unknown Source)
	at org.apache.derby.impl.jdbc.EmbedStatement.executeBatch(Unknown Source)
	at com.zaxxer.hikari.pool.ProxyStatement.executeBatch(ProxyStatement.java:128)
	at com.zaxxer.hikari.pool.HikariProxyPreparedStatement.executeBatch(HikariProxyPreparedStatement.java)
	at org.datanucleus.store.rdbms.ParamLoggingPreparedStatement.executeBatch(ParamLoggingPreparedStatement.java:366)
	at org.datanucleus.store.rdbms.SQLController.processConnectionStatement(SQLController.java:675)
	at org.datanucleus.store.rdbms.SQLController.processStatementsForConnection(SQLController.java:643)
	at org.datanucleus.store.rdbms.SQLController$1.transactionFlushed(SQLController.java:729)
	at org.datanucleus.store.connection.AbstractManagedConnection.transactionFlushed(AbstractManagedConnection.java:95)
	at org.datanucleus.store.connection.ConnectionManagerImpl$2.transactionFlushed(ConnectionManagerImpl.java:528)
	at org.datanucleus.TransactionImpl.flush(TransactionImpl.java:222)
	at org.datanucleus.TransactionImpl.commit(TransactionImpl.java:286)
	at org.datanucleus.api.jdo.JDOTransaction.commit(JDOTransaction.java:99)
	at org.apache.hadoop.hive.metastore.ObjectStore.commitTransaction(ObjectStore.java:615)
	at sun.reflect.GeneratedMethodAccessor31.invoke(Unknown Source)
	at sun.reflect.DelegatingMethodAccessorImpl.invoke(DelegatingMethodAccessorImpl.java:43)
	at java.lang.reflect.Method.invoke(Method.java:498)
	at org.apache.hadoop.hive.metastore.RawStoreProxy.invoke(RawStoreProxy.java:97)
	at com.sun.proxy.$Proxy32.commitTransaction(Unknown Source)
	at org.apache.hadoop.hive.metastore.HMSHandler.drop_database_core(HMSHandler.java:1790)
	at org.apache.hadoop.hive.metastore.HMSHandler.drop_database(HMSHandler.java:1869)
	at sun.reflect.GeneratedMethodAccessor54.invoke(Unknown Source)
	at sun.reflect.DelegatingMethodAccessorImpl.invoke(DelegatingMethodAccessorImpl.java:43)
	at java.lang.reflect.Method.invoke(Method.java:498)
	at org.apache.hadoop.hive.metastore.RetryingHMSHandler.invokeInternal(RetryingHMSHandler.java:147)
	at org.apache.hadoop.hive.metastore.RetryingHMSHandler.invoke(RetryingHMSHandler.java:108)
	at com.sun.proxy.$Proxy35.drop_database(Unknown Source)
	at org.apache.hadoop.hive.metastore.HiveMetaStoreClient.dropDatabaseCascadePerDb(HiveMetaStoreClient.java:1601)
	at org.apache.hadoop.hive.metastore.HiveMetaStoreClient.dropDatabase(HiveMetaStoreClient.java:1532)
	at org.apache.hadoop.hive.metastore.HiveMetaStoreClient.dropDatabase(HiveMetaStoreClient.java:1485)
	at sun.reflect.NativeMethodAccessorImpl.invoke0(Native Method)
	at sun.reflect.NativeMethodAccessorImpl.invoke(NativeMethodAccessorImpl.java:62)
	at sun.reflect.DelegatingMethodAccessorImpl.invoke(DelegatingMethodAccessorImpl.java:43)
	at java.lang.reflect.Method.invoke(Method.java:498)
	at org.apache.hadoop.hive.metastore.RetryingMetaStoreClient.invoke(RetryingMetaStoreClient.java:218)
	at com.sun.proxy.$Proxy45.dropDatabase(Unknown Source)
	at org.apache.hadoop.hive.ql.metadata.Hive.dropDatabase(Hive.java:662)
	at org.apache.hadoop.hive.ql.ddl.database.drop.DropDatabaseOperation.execute(DropDatabaseOperation.java:52)
	at org.apache.hadoop.hive.ql.ddl.DDLTask.execute(DDLTask.java:84)
	at org.apache.hadoop.hive.ql.exec.Task.executeTask(Task.java:212)
	at org.apache.hadoop.hive.ql.exec.TaskRunner.runSequential(TaskRunner.java:105)
	at org.apache.hadoop.hive.ql.Executor.launchTask(Executor.java:361)
	at org.apache.hadoop.hive.ql.Executor.launchTasks(Executor.java:334)
	at org.apache.hadoop.hive.ql.Executor.runTasks(Executor.java:245)
	at org.apache.hadoop.hive.ql.Executor.execute(Executor.java:108)
	at org.apache.hadoop.hive.ql.Driver.execute(Driver.java:348)
	at org.apache.hadoop.hive.ql.Driver.runInternal(Driver.java:204)
	at org.apache.hadoop.hive.ql.Driver.run(Driver.java:153)
	at org.apache.hadoop.hive.ql.Driver.run(Driver.java:148)
	at org.apache.hadoop.hive.ql.reexec.ReExecDriver.run(ReExecDriver.java:164)
	at org.apache.hadoop.hive.ql.reexec.ReExecDriver.run(ReExecDriver.java:230)
	at org.apache.hive.hcatalog.pig.AbstractHCatLoaderTest.executeStatementOnDriver(AbstractHCatLoaderTest.java:151)
	at org.apache.hive.hcatalog.pig.AbstractHCatLoaderTest.tearDown(AbstractHCatLoaderTest.java:239)
	at sun.reflect.NativeMethodAccessorImpl.invoke0(Native Method)
	at sun.reflect.NativeMethodAccessorImpl.invoke(NativeMethodAccessorImpl.java:62)
	at sun.reflect.DelegatingMethodAccessorImpl.invoke(DelegatingMethodAccessorImpl.java:43)
	at java.lang.reflect.Method.invoke(Method.java:498)
	at org.junit.runners.model.FrameworkMethod$1.runReflectiveCall(FrameworkMethod.java:59)
	at org.junit.internal.runners.model.ReflectiveCallable.run(ReflectiveCallable.java:12)
	at org.junit.runners.model.FrameworkMethod.invokeExplosively(FrameworkMethod.java:56)
	at org.junit.internal.runners.statements.RunAfters.invokeMethod(RunAfters.java:46)
	at org.junit.internal.runners.statements.RunAfters.evaluate(RunAfters.java:33)
	at org.junit.runners.ParentRunner$3.evaluate(ParentRunner.java:306)
	at org.junit.runners.BlockJUnit4ClassRunner$1.evaluate(BlockJUnit4ClassRunner.java:100)
	at org.junit.runners.ParentRunner.runLeaf(ParentRunner.java:366)
	at org.junit.runners.BlockJUnit4ClassRunner.runChild(BlockJUnit4ClassRunner.java:103)
	at org.junit.runners.BlockJUnit4ClassRunner.runChild(BlockJUnit4ClassRunner.java:63)
	at org.junit.runners.ParentRunner$4.run(ParentRunner.java:331)
	at org.junit.runners.ParentRunner$1.schedule(ParentRunner.java:79)
	at org.junit.runners.ParentRunner.runChildren(ParentRunner.java:329)
	at org.junit.runners.ParentRunner.access$100(ParentRunner.java:66)
	at org.junit.runners.ParentRunner$2.evaluate(ParentRunner.java:293)
	at org.junit.internal.runners.statements.RunBefores.evaluate(RunBefores.java:26)
	at org.junit.runners.ParentRunner$3.evaluate(ParentRunner.java:306)
	at org.junit.runners.ParentRunner.run(ParentRunner.java:413)
	at org.junit.runners.Suite.runChild(Suite.java:128)
	at org.junit.runners.Suite.runChild(Suite.java:27)
	at org.junit.runners.ParentRunner$4.run(ParentRunner.java:331)
	at org.junit.runners.ParentRunner$1.schedule(ParentRunner.java:79)
	at org.junit.runners.ParentRunner.runChildren(ParentRunner.java:329)
	at org.junit.runners.ParentRunner.access$100(ParentRunner.java:66)
	at org.junit.runners.ParentRunner$2.evaluate(ParentRunner.java:293)
	at org.junit.runners.ParentRunner$3.evaluate(ParentRunner.java:306)
	at org.junit.runners.ParentRunner.run(ParentRunner.java:413)
	at org.apache.maven.surefire.junitcore.JUnitCore.run(JUnitCore.java:55)
	at org.apache.maven.surefire.junitcore.JUnitCoreWrapper.createRequestAndRun(JUnitCoreWrapper.java:137)
	at org.apache.maven.surefire.junitcore.JUnitCoreWrapper.executeEager(JUnitCoreWrapper.java:107)
	at org.apache.maven.surefire.junitcore.JUnitCoreWrapper.execute(JUnitCoreWrapper.java:83)
	at org.apache.maven.surefire.junitcore.JUnitCoreWrapper.execute(JUnitCoreWrapper.java:75)
	at org.apache.maven.surefire.junitcore.JUnitCoreProvider.invoke(JUnitCoreProvider.java:158)
	at org.apache.maven.surefire.booter.ForkedBooter.runSuitesInProcess(ForkedBooter.java:377)
	at org.apache.maven.surefire.booter.ForkedBooter.execute(ForkedBooter.java:138)
	at org.apache.maven.surefire.booter.ForkedBooter.run(ForkedBooter.java:465)
	at org.apache.maven.surefire.booter.ForkedBooter.main(ForkedBooter.java:451)
Caused by: org.apache.derby.shared.common.error.DerbySQLIntegrityConstraintViolationException: DELETE on table 'DBS' caused a violation of foreign key constraint 'TBLS_FK1' for key (4).  The statement has been rolled back.
	at org.apache.derby.impl.jdbc.SQLExceptionFactory.getSQLException(Unknown Source)
	at org.apache.derby.impl.jdbc.Util.generateCsSQLException(Unknown Source)
	at org.apache.derby.impl.jdbc.TransactionResourceImpl.wrapInSQLException(Unknown Source)
	at org.apache.derby.impl.jdbc.TransactionResourceImpl.handleException(Unknown Source)
	at org.apache.derby.impl.jdbc.EmbedConnection.handleException(Unknown Source)
	at org.apache.derby.impl.jdbc.ConnectionChild.handleException(Unknown Source)
	at org.apache.derby.impl.jdbc.EmbedStatement.executeStatement(Unknown Source)
	at org.apache.derby.impl.jdbc.EmbedPreparedStatement.executeBatchElement(Unknown Source)
	... 94 more
Caused by: ERROR 23503: DELETE on table 'DBS' caused a violation of foreign key constraint 'TBLS_FK1' for key (4).  The statement has been rolled back.
	at org.apache.derby.iapi.error.StandardException.newException(Unknown Source)
	at org.apache.derby.iapi.error.StandardException.newException(Unknown Source)
	at org.apache.derby.impl.sql.execute.ReferencedKeyRIChecker.doCheck(Unknown Source)
	at org.apache.derby.impl.sql.execute.RISetChecker.doPKCheck(Unknown Source)
	at org.apache.derby.impl.sql.execute.DeleteResultSet.collectAffectedRows(Unknown Source)
	at org.apache.derby.impl.sql.execute.DeleteResultSet.open(Unknown Source)
	at org.apache.derby.impl.sql.GenericPreparedStatement.executeStmt(Unknown Source)
	at org.apache.derby.impl.sql.GenericPreparedStatement.execute(Unknown Source)
	... 96 more

2024-04-24T11:30:25,778  INFO [main] HiveMetaStore.audit: ugi=alex	ip=unknown-ip-addr	cmd=drop_database: @hive#junit_specific_db	
2024-04-24T11:30:25,780  INFO [main] HiveMetaStore.audit: ugi=alex	ip=unknown-ip-addr	cmd=get_all_tables: db=@hive#junit_specific_db	
2024-04-24T11:30:25,782  INFO [main] HiveMetaStore.audit: ugi=alex	ip=unknown-ip-addr	cmd=get_functions: db=@hive#junit_specific_db pat=*	
2024-04-24T11:30:25,785  INFO [main] HiveMetaStore.audit: ugi=alex	ip=unknown-ip-addr	cmd=get_all_stored_procedures	
2024-04-24T11:30:25,787  INFO [main] HiveMetaStore.audit: ugi=alex	ip=unknown-ip-addr	cmd=get_all_packages	
2024-04-24T11:30:25,790  INFO [main] HiveMetaStore.audit: ugi=alex	ip=unknown-ip-addr	cmd=getTablesByTypeCore: catName=hive: db=junit_specific_db pat=.*,type=MATERIALIZED_VIEW	
2024-04-24T11:30:25,799  INFO [main] metastore.ObjectStore: Dropping database hive.junit_specific_db along with all tables
2024-04-24T11:30:25,811  INFO [main] txn.TxnHandler: Non-retryable error in cleanupRecords : Table/View 'TXN_COMPONENTS' does not exist. (SQLState=42X05, ErrorCode=20000)
2024-04-24T11:30:25,811  WARN [main] txn.TxnHandler: Cannot perform cleanup since metastore table does not exist
2024-04-24T11:30:25,813 ERROR [main] metastore.RetryingHMSHandler: Retrying HMSHandler after 2000 ms (attempt 8 of 10) with error: javax.jdo.JDODataStoreException: Exception thrown flushing changes to datastore
	at org.datanucleus.api.jdo.NucleusJDOHelper.getJDOExceptionForNucleusException(NucleusJDOHelper.java:542)
	at org.datanucleus.api.jdo.JDOTransaction.commit(JDOTransaction.java:162)
	at org.apache.hadoop.hive.metastore.ObjectStore.commitTransaction(ObjectStore.java:615)
	at sun.reflect.GeneratedMethodAccessor31.invoke(Unknown Source)
	at sun.reflect.DelegatingMethodAccessorImpl.invoke(DelegatingMethodAccessorImpl.java:43)
	at java.lang.reflect.Method.invoke(Method.java:498)
	at org.apache.hadoop.hive.metastore.RawStoreProxy.invoke(RawStoreProxy.java:97)
	at com.sun.proxy.$Proxy32.commitTransaction(Unknown Source)
	at org.apache.hadoop.hive.metastore.HMSHandler.drop_database_core(HMSHandler.java:1790)
	at org.apache.hadoop.hive.metastore.HMSHandler.drop_database(HMSHandler.java:1869)
	at sun.reflect.GeneratedMethodAccessor54.invoke(Unknown Source)
	at sun.reflect.DelegatingMethodAccessorImpl.invoke(DelegatingMethodAccessorImpl.java:43)
	at java.lang.reflect.Method.invoke(Method.java:498)
	at org.apache.hadoop.hive.metastore.RetryingHMSHandler.invokeInternal(RetryingHMSHandler.java:147)
	at org.apache.hadoop.hive.metastore.RetryingHMSHandler.invoke(RetryingHMSHandler.java:108)
	at com.sun.proxy.$Proxy35.drop_database(Unknown Source)
	at org.apache.hadoop.hive.metastore.HiveMetaStoreClient.dropDatabaseCascadePerDb(HiveMetaStoreClient.java:1601)
	at org.apache.hadoop.hive.metastore.HiveMetaStoreClient.dropDatabase(HiveMetaStoreClient.java:1532)
	at org.apache.hadoop.hive.metastore.HiveMetaStoreClient.dropDatabase(HiveMetaStoreClient.java:1485)
	at sun.reflect.NativeMethodAccessorImpl.invoke0(Native Method)
	at sun.reflect.NativeMethodAccessorImpl.invoke(NativeMethodAccessorImpl.java:62)
	at sun.reflect.DelegatingMethodAccessorImpl.invoke(DelegatingMethodAccessorImpl.java:43)
	at java.lang.reflect.Method.invoke(Method.java:498)
	at org.apache.hadoop.hive.metastore.RetryingMetaStoreClient.invoke(RetryingMetaStoreClient.java:218)
	at com.sun.proxy.$Proxy45.dropDatabase(Unknown Source)
	at org.apache.hadoop.hive.ql.metadata.Hive.dropDatabase(Hive.java:662)
	at org.apache.hadoop.hive.ql.ddl.database.drop.DropDatabaseOperation.execute(DropDatabaseOperation.java:52)
	at org.apache.hadoop.hive.ql.ddl.DDLTask.execute(DDLTask.java:84)
	at org.apache.hadoop.hive.ql.exec.Task.executeTask(Task.java:212)
	at org.apache.hadoop.hive.ql.exec.TaskRunner.runSequential(TaskRunner.java:105)
	at org.apache.hadoop.hive.ql.Executor.launchTask(Executor.java:361)
	at org.apache.hadoop.hive.ql.Executor.launchTasks(Executor.java:334)
	at org.apache.hadoop.hive.ql.Executor.runTasks(Executor.java:245)
	at org.apache.hadoop.hive.ql.Executor.execute(Executor.java:108)
	at org.apache.hadoop.hive.ql.Driver.execute(Driver.java:348)
	at org.apache.hadoop.hive.ql.Driver.runInternal(Driver.java:204)
	at org.apache.hadoop.hive.ql.Driver.run(Driver.java:153)
	at org.apache.hadoop.hive.ql.Driver.run(Driver.java:148)
	at org.apache.hadoop.hive.ql.reexec.ReExecDriver.run(ReExecDriver.java:164)
	at org.apache.hadoop.hive.ql.reexec.ReExecDriver.run(ReExecDriver.java:230)
	at org.apache.hive.hcatalog.pig.AbstractHCatLoaderTest.executeStatementOnDriver(AbstractHCatLoaderTest.java:151)
	at org.apache.hive.hcatalog.pig.AbstractHCatLoaderTest.tearDown(AbstractHCatLoaderTest.java:239)
	at sun.reflect.NativeMethodAccessorImpl.invoke0(Native Method)
	at sun.reflect.NativeMethodAccessorImpl.invoke(NativeMethodAccessorImpl.java:62)
	at sun.reflect.DelegatingMethodAccessorImpl.invoke(DelegatingMethodAccessorImpl.java:43)
	at java.lang.reflect.Method.invoke(Method.java:498)
	at org.junit.runners.model.FrameworkMethod$1.runReflectiveCall(FrameworkMethod.java:59)
	at org.junit.internal.runners.model.ReflectiveCallable.run(ReflectiveCallable.java:12)
	at org.junit.runners.model.FrameworkMethod.invokeExplosively(FrameworkMethod.java:56)
	at org.junit.internal.runners.statements.RunAfters.invokeMethod(RunAfters.java:46)
	at org.junit.internal.runners.statements.RunAfters.evaluate(RunAfters.java:33)
	at org.junit.runners.ParentRunner$3.evaluate(ParentRunner.java:306)
	at org.junit.runners.BlockJUnit4ClassRunner$1.evaluate(BlockJUnit4ClassRunner.java:100)
	at org.junit.runners.ParentRunner.runLeaf(ParentRunner.java:366)
	at org.junit.runners.BlockJUnit4ClassRunner.runChild(BlockJUnit4ClassRunner.java:103)
	at org.junit.runners.BlockJUnit4ClassRunner.runChild(BlockJUnit4ClassRunner.java:63)
	at org.junit.runners.ParentRunner$4.run(ParentRunner.java:331)
	at org.junit.runners.ParentRunner$1.schedule(ParentRunner.java:79)
	at org.junit.runners.ParentRunner.runChildren(ParentRunner.java:329)
	at org.junit.runners.ParentRunner.access$100(ParentRunner.java:66)
	at org.junit.runners.ParentRunner$2.evaluate(ParentRunner.java:293)
	at org.junit.internal.runners.statements.RunBefores.evaluate(RunBefores.java:26)
	at org.junit.runners.ParentRunner$3.evaluate(ParentRunner.java:306)
	at org.junit.runners.ParentRunner.run(ParentRunner.java:413)
	at org.junit.runners.Suite.runChild(Suite.java:128)
	at org.junit.runners.Suite.runChild(Suite.java:27)
	at org.junit.runners.ParentRunner$4.run(ParentRunner.java:331)
	at org.junit.runners.ParentRunner$1.schedule(ParentRunner.java:79)
	at org.junit.runners.ParentRunner.runChildren(ParentRunner.java:329)
	at org.junit.runners.ParentRunner.access$100(ParentRunner.java:66)
	at org.junit.runners.ParentRunner$2.evaluate(ParentRunner.java:293)
	at org.junit.runners.ParentRunner$3.evaluate(ParentRunner.java:306)
	at org.junit.runners.ParentRunner.run(ParentRunner.java:413)
	at org.apache.maven.surefire.junitcore.JUnitCore.run(JUnitCore.java:55)
	at org.apache.maven.surefire.junitcore.JUnitCoreWrapper.createRequestAndRun(JUnitCoreWrapper.java:137)
	at org.apache.maven.surefire.junitcore.JUnitCoreWrapper.executeEager(JUnitCoreWrapper.java:107)
	at org.apache.maven.surefire.junitcore.JUnitCoreWrapper.execute(JUnitCoreWrapper.java:83)
	at org.apache.maven.surefire.junitcore.JUnitCoreWrapper.execute(JUnitCoreWrapper.java:75)
	at org.apache.maven.surefire.junitcore.JUnitCoreProvider.invoke(JUnitCoreProvider.java:158)
	at org.apache.maven.surefire.booter.ForkedBooter.runSuitesInProcess(ForkedBooter.java:377)
	at org.apache.maven.surefire.booter.ForkedBooter.execute(ForkedBooter.java:138)
	at org.apache.maven.surefire.booter.ForkedBooter.run(ForkedBooter.java:465)
	at org.apache.maven.surefire.booter.ForkedBooter.main(ForkedBooter.java:451)
NestedThrowablesStackTrace:
java.sql.BatchUpdateException: DELETE on table 'DBS' caused a violation of foreign key constraint 'TBLS_FK1' for key (4).  The statement has been rolled back.
	at org.apache.derby.impl.jdbc.EmbedStatement.executeLargeBatch(Unknown Source)
	at org.apache.derby.impl.jdbc.EmbedStatement.executeBatch(Unknown Source)
	at com.zaxxer.hikari.pool.ProxyStatement.executeBatch(ProxyStatement.java:128)
	at com.zaxxer.hikari.pool.HikariProxyPreparedStatement.executeBatch(HikariProxyPreparedStatement.java)
	at org.datanucleus.store.rdbms.ParamLoggingPreparedStatement.executeBatch(ParamLoggingPreparedStatement.java:366)
	at org.datanucleus.store.rdbms.SQLController.processConnectionStatement(SQLController.java:675)
	at org.datanucleus.store.rdbms.SQLController.processStatementsForConnection(SQLController.java:643)
	at org.datanucleus.store.rdbms.SQLController$1.transactionFlushed(SQLController.java:729)
	at org.datanucleus.store.connection.AbstractManagedConnection.transactionFlushed(AbstractManagedConnection.java:95)
	at org.datanucleus.store.connection.ConnectionManagerImpl$2.transactionFlushed(ConnectionManagerImpl.java:528)
	at org.datanucleus.TransactionImpl.flush(TransactionImpl.java:222)
	at org.datanucleus.TransactionImpl.commit(TransactionImpl.java:286)
	at org.datanucleus.api.jdo.JDOTransaction.commit(JDOTransaction.java:99)
	at org.apache.hadoop.hive.metastore.ObjectStore.commitTransaction(ObjectStore.java:615)
	at sun.reflect.GeneratedMethodAccessor31.invoke(Unknown Source)
	at sun.reflect.DelegatingMethodAccessorImpl.invoke(DelegatingMethodAccessorImpl.java:43)
	at java.lang.reflect.Method.invoke(Method.java:498)
	at org.apache.hadoop.hive.metastore.RawStoreProxy.invoke(RawStoreProxy.java:97)
	at com.sun.proxy.$Proxy32.commitTransaction(Unknown Source)
	at org.apache.hadoop.hive.metastore.HMSHandler.drop_database_core(HMSHandler.java:1790)
	at org.apache.hadoop.hive.metastore.HMSHandler.drop_database(HMSHandler.java:1869)
	at sun.reflect.GeneratedMethodAccessor54.invoke(Unknown Source)
	at sun.reflect.DelegatingMethodAccessorImpl.invoke(DelegatingMethodAccessorImpl.java:43)
	at java.lang.reflect.Method.invoke(Method.java:498)
	at org.apache.hadoop.hive.metastore.RetryingHMSHandler.invokeInternal(RetryingHMSHandler.java:147)
	at org.apache.hadoop.hive.metastore.RetryingHMSHandler.invoke(RetryingHMSHandler.java:108)
	at com.sun.proxy.$Proxy35.drop_database(Unknown Source)
	at org.apache.hadoop.hive.metastore.HiveMetaStoreClient.dropDatabaseCascadePerDb(HiveMetaStoreClient.java:1601)
	at org.apache.hadoop.hive.metastore.HiveMetaStoreClient.dropDatabase(HiveMetaStoreClient.java:1532)
	at org.apache.hadoop.hive.metastore.HiveMetaStoreClient.dropDatabase(HiveMetaStoreClient.java:1485)
	at sun.reflect.NativeMethodAccessorImpl.invoke0(Native Method)
	at sun.reflect.NativeMethodAccessorImpl.invoke(NativeMethodAccessorImpl.java:62)
	at sun.reflect.DelegatingMethodAccessorImpl.invoke(DelegatingMethodAccessorImpl.java:43)
	at java.lang.reflect.Method.invoke(Method.java:498)
	at org.apache.hadoop.hive.metastore.RetryingMetaStoreClient.invoke(RetryingMetaStoreClient.java:218)
	at com.sun.proxy.$Proxy45.dropDatabase(Unknown Source)
	at org.apache.hadoop.hive.ql.metadata.Hive.dropDatabase(Hive.java:662)
	at org.apache.hadoop.hive.ql.ddl.database.drop.DropDatabaseOperation.execute(DropDatabaseOperation.java:52)
	at org.apache.hadoop.hive.ql.ddl.DDLTask.execute(DDLTask.java:84)
	at org.apache.hadoop.hive.ql.exec.Task.executeTask(Task.java:212)
	at org.apache.hadoop.hive.ql.exec.TaskRunner.runSequential(TaskRunner.java:105)
	at org.apache.hadoop.hive.ql.Executor.launchTask(Executor.java:361)
	at org.apache.hadoop.hive.ql.Executor.launchTasks(Executor.java:334)
	at org.apache.hadoop.hive.ql.Executor.runTasks(Executor.java:245)
	at org.apache.hadoop.hive.ql.Executor.execute(Executor.java:108)
	at org.apache.hadoop.hive.ql.Driver.execute(Driver.java:348)
	at org.apache.hadoop.hive.ql.Driver.runInternal(Driver.java:204)
	at org.apache.hadoop.hive.ql.Driver.run(Driver.java:153)
	at org.apache.hadoop.hive.ql.Driver.run(Driver.java:148)
	at org.apache.hadoop.hive.ql.reexec.ReExecDriver.run(ReExecDriver.java:164)
	at org.apache.hadoop.hive.ql.reexec.ReExecDriver.run(ReExecDriver.java:230)
	at org.apache.hive.hcatalog.pig.AbstractHCatLoaderTest.executeStatementOnDriver(AbstractHCatLoaderTest.java:151)
	at org.apache.hive.hcatalog.pig.AbstractHCatLoaderTest.tearDown(AbstractHCatLoaderTest.java:239)
	at sun.reflect.NativeMethodAccessorImpl.invoke0(Native Method)
	at sun.reflect.NativeMethodAccessorImpl.invoke(NativeMethodAccessorImpl.java:62)
	at sun.reflect.DelegatingMethodAccessorImpl.invoke(DelegatingMethodAccessorImpl.java:43)
	at java.lang.reflect.Method.invoke(Method.java:498)
	at org.junit.runners.model.FrameworkMethod$1.runReflectiveCall(FrameworkMethod.java:59)
	at org.junit.internal.runners.model.ReflectiveCallable.run(ReflectiveCallable.java:12)
	at org.junit.runners.model.FrameworkMethod.invokeExplosively(FrameworkMethod.java:56)
	at org.junit.internal.runners.statements.RunAfters.invokeMethod(RunAfters.java:46)
	at org.junit.internal.runners.statements.RunAfters.evaluate(RunAfters.java:33)
	at org.junit.runners.ParentRunner$3.evaluate(ParentRunner.java:306)
	at org.junit.runners.BlockJUnit4ClassRunner$1.evaluate(BlockJUnit4ClassRunner.java:100)
	at org.junit.runners.ParentRunner.runLeaf(ParentRunner.java:366)
	at org.junit.runners.BlockJUnit4ClassRunner.runChild(BlockJUnit4ClassRunner.java:103)
	at org.junit.runners.BlockJUnit4ClassRunner.runChild(BlockJUnit4ClassRunner.java:63)
	at org.junit.runners.ParentRunner$4.run(ParentRunner.java:331)
	at org.junit.runners.ParentRunner$1.schedule(ParentRunner.java:79)
	at org.junit.runners.ParentRunner.runChildren(ParentRunner.java:329)
	at org.junit.runners.ParentRunner.access$100(ParentRunner.java:66)
	at org.junit.runners.ParentRunner$2.evaluate(ParentRunner.java:293)
	at org.junit.internal.runners.statements.RunBefores.evaluate(RunBefores.java:26)
	at org.junit.runners.ParentRunner$3.evaluate(ParentRunner.java:306)
	at org.junit.runners.ParentRunner.run(ParentRunner.java:413)
	at org.junit.runners.Suite.runChild(Suite.java:128)
	at org.junit.runners.Suite.runChild(Suite.java:27)
	at org.junit.runners.ParentRunner$4.run(ParentRunner.java:331)
	at org.junit.runners.ParentRunner$1.schedule(ParentRunner.java:79)
	at org.junit.runners.ParentRunner.runChildren(ParentRunner.java:329)
	at org.junit.runners.ParentRunner.access$100(ParentRunner.java:66)
	at org.junit.runners.ParentRunner$2.evaluate(ParentRunner.java:293)
	at org.junit.runners.ParentRunner$3.evaluate(ParentRunner.java:306)
	at org.junit.runners.ParentRunner.run(ParentRunner.java:413)
	at org.apache.maven.surefire.junitcore.JUnitCore.run(JUnitCore.java:55)
	at org.apache.maven.surefire.junitcore.JUnitCoreWrapper.createRequestAndRun(JUnitCoreWrapper.java:137)
	at org.apache.maven.surefire.junitcore.JUnitCoreWrapper.executeEager(JUnitCoreWrapper.java:107)
	at org.apache.maven.surefire.junitcore.JUnitCoreWrapper.execute(JUnitCoreWrapper.java:83)
	at org.apache.maven.surefire.junitcore.JUnitCoreWrapper.execute(JUnitCoreWrapper.java:75)
	at org.apache.maven.surefire.junitcore.JUnitCoreProvider.invoke(JUnitCoreProvider.java:158)
	at org.apache.maven.surefire.booter.ForkedBooter.runSuitesInProcess(ForkedBooter.java:377)
	at org.apache.maven.surefire.booter.ForkedBooter.execute(ForkedBooter.java:138)
	at org.apache.maven.surefire.booter.ForkedBooter.run(ForkedBooter.java:465)
	at org.apache.maven.surefire.booter.ForkedBooter.main(ForkedBooter.java:451)
Caused by: org.apache.derby.shared.common.error.DerbySQLIntegrityConstraintViolationException: DELETE on table 'DBS' caused a violation of foreign key constraint 'TBLS_FK1' for key (4).  The statement has been rolled back.
	at org.apache.derby.impl.jdbc.SQLExceptionFactory.getSQLException(Unknown Source)
	at org.apache.derby.impl.jdbc.Util.generateCsSQLException(Unknown Source)
	at org.apache.derby.impl.jdbc.TransactionResourceImpl.wrapInSQLException(Unknown Source)
	at org.apache.derby.impl.jdbc.TransactionResourceImpl.handleException(Unknown Source)
	at org.apache.derby.impl.jdbc.EmbedConnection.handleException(Unknown Source)
	at org.apache.derby.impl.jdbc.ConnectionChild.handleException(Unknown Source)
	at org.apache.derby.impl.jdbc.EmbedStatement.executeStatement(Unknown Source)
	at org.apache.derby.impl.jdbc.EmbedPreparedStatement.executeBatchElement(Unknown Source)
	... 94 more
Caused by: ERROR 23503: DELETE on table 'DBS' caused a violation of foreign key constraint 'TBLS_FK1' for key (4).  The statement has been rolled back.
	at org.apache.derby.iapi.error.StandardException.newException(Unknown Source)
	at org.apache.derby.iapi.error.StandardException.newException(Unknown Source)
	at org.apache.derby.impl.sql.execute.ReferencedKeyRIChecker.doCheck(Unknown Source)
	at org.apache.derby.impl.sql.execute.RISetChecker.doPKCheck(Unknown Source)
	at org.apache.derby.impl.sql.execute.DeleteResultSet.collectAffectedRows(Unknown Source)
	at org.apache.derby.impl.sql.execute.DeleteResultSet.open(Unknown Source)
	at org.apache.derby.impl.sql.GenericPreparedStatement.executeStmt(Unknown Source)
	at org.apache.derby.impl.sql.GenericPreparedStatement.execute(Unknown Source)
	... 96 more

2024-04-24T11:30:27,814  INFO [main] HiveMetaStore.audit: ugi=alex	ip=unknown-ip-addr	cmd=drop_database: @hive#junit_specific_db	
2024-04-24T11:30:27,820  INFO [main] HiveMetaStore.audit: ugi=alex	ip=unknown-ip-addr	cmd=get_all_tables: db=@hive#junit_specific_db	
2024-04-24T11:30:27,823  INFO [main] HiveMetaStore.audit: ugi=alex	ip=unknown-ip-addr	cmd=get_functions: db=@hive#junit_specific_db pat=*	
2024-04-24T11:30:27,830  INFO [main] HiveMetaStore.audit: ugi=alex	ip=unknown-ip-addr	cmd=get_all_stored_procedures	
2024-04-24T11:30:27,834  INFO [main] HiveMetaStore.audit: ugi=alex	ip=unknown-ip-addr	cmd=get_all_packages	
2024-04-24T11:30:27,839  INFO [main] HiveMetaStore.audit: ugi=alex	ip=unknown-ip-addr	cmd=getTablesByTypeCore: catName=hive: db=junit_specific_db pat=.*,type=MATERIALIZED_VIEW	
2024-04-24T11:30:27,844  INFO [main] metastore.ObjectStore: Dropping database hive.junit_specific_db along with all tables
2024-04-24T11:30:27,851  INFO [main] txn.TxnHandler: Non-retryable error in cleanupRecords : Table/View 'TXN_COMPONENTS' does not exist. (SQLState=42X05, ErrorCode=20000)
2024-04-24T11:30:27,851  WARN [main] txn.TxnHandler: Cannot perform cleanup since metastore table does not exist
2024-04-24T11:30:27,852 ERROR [main] metastore.RetryingHMSHandler: Retrying HMSHandler after 2000 ms (attempt 9 of 10) with error: javax.jdo.JDODataStoreException: Exception thrown flushing changes to datastore
	at org.datanucleus.api.jdo.NucleusJDOHelper.getJDOExceptionForNucleusException(NucleusJDOHelper.java:542)
	at org.datanucleus.api.jdo.JDOTransaction.commit(JDOTransaction.java:162)
	at org.apache.hadoop.hive.metastore.ObjectStore.commitTransaction(ObjectStore.java:615)
	at sun.reflect.GeneratedMethodAccessor31.invoke(Unknown Source)
	at sun.reflect.DelegatingMethodAccessorImpl.invoke(DelegatingMethodAccessorImpl.java:43)
	at java.lang.reflect.Method.invoke(Method.java:498)
	at org.apache.hadoop.hive.metastore.RawStoreProxy.invoke(RawStoreProxy.java:97)
	at com.sun.proxy.$Proxy32.commitTransaction(Unknown Source)
	at org.apache.hadoop.hive.metastore.HMSHandler.drop_database_core(HMSHandler.java:1790)
	at org.apache.hadoop.hive.metastore.HMSHandler.drop_database(HMSHandler.java:1869)
	at sun.reflect.GeneratedMethodAccessor54.invoke(Unknown Source)
	at sun.reflect.DelegatingMethodAccessorImpl.invoke(DelegatingMethodAccessorImpl.java:43)
	at java.lang.reflect.Method.invoke(Method.java:498)
	at org.apache.hadoop.hive.metastore.RetryingHMSHandler.invokeInternal(RetryingHMSHandler.java:147)
	at org.apache.hadoop.hive.metastore.RetryingHMSHandler.invoke(RetryingHMSHandler.java:108)
	at com.sun.proxy.$Proxy35.drop_database(Unknown Source)
	at org.apache.hadoop.hive.metastore.HiveMetaStoreClient.dropDatabaseCascadePerDb(HiveMetaStoreClient.java:1601)
	at org.apache.hadoop.hive.metastore.HiveMetaStoreClient.dropDatabase(HiveMetaStoreClient.java:1532)
	at org.apache.hadoop.hive.metastore.HiveMetaStoreClient.dropDatabase(HiveMetaStoreClient.java:1485)
	at sun.reflect.NativeMethodAccessorImpl.invoke0(Native Method)
	at sun.reflect.NativeMethodAccessorImpl.invoke(NativeMethodAccessorImpl.java:62)
	at sun.reflect.DelegatingMethodAccessorImpl.invoke(DelegatingMethodAccessorImpl.java:43)
	at java.lang.reflect.Method.invoke(Method.java:498)
	at org.apache.hadoop.hive.metastore.RetryingMetaStoreClient.invoke(RetryingMetaStoreClient.java:218)
	at com.sun.proxy.$Proxy45.dropDatabase(Unknown Source)
	at org.apache.hadoop.hive.ql.metadata.Hive.dropDatabase(Hive.java:662)
	at org.apache.hadoop.hive.ql.ddl.database.drop.DropDatabaseOperation.execute(DropDatabaseOperation.java:52)
	at org.apache.hadoop.hive.ql.ddl.DDLTask.execute(DDLTask.java:84)
	at org.apache.hadoop.hive.ql.exec.Task.executeTask(Task.java:212)
	at org.apache.hadoop.hive.ql.exec.TaskRunner.runSequential(TaskRunner.java:105)
	at org.apache.hadoop.hive.ql.Executor.launchTask(Executor.java:361)
	at org.apache.hadoop.hive.ql.Executor.launchTasks(Executor.java:334)
	at org.apache.hadoop.hive.ql.Executor.runTasks(Executor.java:245)
	at org.apache.hadoop.hive.ql.Executor.execute(Executor.java:108)
	at org.apache.hadoop.hive.ql.Driver.execute(Driver.java:348)
	at org.apache.hadoop.hive.ql.Driver.runInternal(Driver.java:204)
	at org.apache.hadoop.hive.ql.Driver.run(Driver.java:153)
	at org.apache.hadoop.hive.ql.Driver.run(Driver.java:148)
	at org.apache.hadoop.hive.ql.reexec.ReExecDriver.run(ReExecDriver.java:164)
	at org.apache.hadoop.hive.ql.reexec.ReExecDriver.run(ReExecDriver.java:230)
	at org.apache.hive.hcatalog.pig.AbstractHCatLoaderTest.executeStatementOnDriver(AbstractHCatLoaderTest.java:151)
	at org.apache.hive.hcatalog.pig.AbstractHCatLoaderTest.tearDown(AbstractHCatLoaderTest.java:239)
	at sun.reflect.NativeMethodAccessorImpl.invoke0(Native Method)
	at sun.reflect.NativeMethodAccessorImpl.invoke(NativeMethodAccessorImpl.java:62)
	at sun.reflect.DelegatingMethodAccessorImpl.invoke(DelegatingMethodAccessorImpl.java:43)
	at java.lang.reflect.Method.invoke(Method.java:498)
	at org.junit.runners.model.FrameworkMethod$1.runReflectiveCall(FrameworkMethod.java:59)
	at org.junit.internal.runners.model.ReflectiveCallable.run(ReflectiveCallable.java:12)
	at org.junit.runners.model.FrameworkMethod.invokeExplosively(FrameworkMethod.java:56)
	at org.junit.internal.runners.statements.RunAfters.invokeMethod(RunAfters.java:46)
	at org.junit.internal.runners.statements.RunAfters.evaluate(RunAfters.java:33)
	at org.junit.runners.ParentRunner$3.evaluate(ParentRunner.java:306)
	at org.junit.runners.BlockJUnit4ClassRunner$1.evaluate(BlockJUnit4ClassRunner.java:100)
	at org.junit.runners.ParentRunner.runLeaf(ParentRunner.java:366)
	at org.junit.runners.BlockJUnit4ClassRunner.runChild(BlockJUnit4ClassRunner.java:103)
	at org.junit.runners.BlockJUnit4ClassRunner.runChild(BlockJUnit4ClassRunner.java:63)
	at org.junit.runners.ParentRunner$4.run(ParentRunner.java:331)
	at org.junit.runners.ParentRunner$1.schedule(ParentRunner.java:79)
	at org.junit.runners.ParentRunner.runChildren(ParentRunner.java:329)
	at org.junit.runners.ParentRunner.access$100(ParentRunner.java:66)
	at org.junit.runners.ParentRunner$2.evaluate(ParentRunner.java:293)
	at org.junit.internal.runners.statements.RunBefores.evaluate(RunBefores.java:26)
	at org.junit.runners.ParentRunner$3.evaluate(ParentRunner.java:306)
	at org.junit.runners.ParentRunner.run(ParentRunner.java:413)
	at org.junit.runners.Suite.runChild(Suite.java:128)
	at org.junit.runners.Suite.runChild(Suite.java:27)
	at org.junit.runners.ParentRunner$4.run(ParentRunner.java:331)
	at org.junit.runners.ParentRunner$1.schedule(ParentRunner.java:79)
	at org.junit.runners.ParentRunner.runChildren(ParentRunner.java:329)
	at org.junit.runners.ParentRunner.access$100(ParentRunner.java:66)
	at org.junit.runners.ParentRunner$2.evaluate(ParentRunner.java:293)
	at org.junit.runners.ParentRunner$3.evaluate(ParentRunner.java:306)
	at org.junit.runners.ParentRunner.run(ParentRunner.java:413)
	at org.apache.maven.surefire.junitcore.JUnitCore.run(JUnitCore.java:55)
	at org.apache.maven.surefire.junitcore.JUnitCoreWrapper.createRequestAndRun(JUnitCoreWrapper.java:137)
	at org.apache.maven.surefire.junitcore.JUnitCoreWrapper.executeEager(JUnitCoreWrapper.java:107)
	at org.apache.maven.surefire.junitcore.JUnitCoreWrapper.execute(JUnitCoreWrapper.java:83)
	at org.apache.maven.surefire.junitcore.JUnitCoreWrapper.execute(JUnitCoreWrapper.java:75)
	at org.apache.maven.surefire.junitcore.JUnitCoreProvider.invoke(JUnitCoreProvider.java:158)
	at org.apache.maven.surefire.booter.ForkedBooter.runSuitesInProcess(ForkedBooter.java:377)
	at org.apache.maven.surefire.booter.ForkedBooter.execute(ForkedBooter.java:138)
	at org.apache.maven.surefire.booter.ForkedBooter.run(ForkedBooter.java:465)
	at org.apache.maven.surefire.booter.ForkedBooter.main(ForkedBooter.java:451)
NestedThrowablesStackTrace:
java.sql.BatchUpdateException: DELETE on table 'DBS' caused a violation of foreign key constraint 'TBLS_FK1' for key (4).  The statement has been rolled back.
	at org.apache.derby.impl.jdbc.EmbedStatement.executeLargeBatch(Unknown Source)
	at org.apache.derby.impl.jdbc.EmbedStatement.executeBatch(Unknown Source)
	at com.zaxxer.hikari.pool.ProxyStatement.executeBatch(ProxyStatement.java:128)
	at com.zaxxer.hikari.pool.HikariProxyPreparedStatement.executeBatch(HikariProxyPreparedStatement.java)
	at org.datanucleus.store.rdbms.ParamLoggingPreparedStatement.executeBatch(ParamLoggingPreparedStatement.java:366)
	at org.datanucleus.store.rdbms.SQLController.processConnectionStatement(SQLController.java:675)
	at org.datanucleus.store.rdbms.SQLController.processStatementsForConnection(SQLController.java:643)
	at org.datanucleus.store.rdbms.SQLController$1.transactionFlushed(SQLController.java:729)
	at org.datanucleus.store.connection.AbstractManagedConnection.transactionFlushed(AbstractManagedConnection.java:95)
	at org.datanucleus.store.connection.ConnectionManagerImpl$2.transactionFlushed(ConnectionManagerImpl.java:528)
	at org.datanucleus.TransactionImpl.flush(TransactionImpl.java:222)
	at org.datanucleus.TransactionImpl.commit(TransactionImpl.java:286)
	at org.datanucleus.api.jdo.JDOTransaction.commit(JDOTransaction.java:99)
	at org.apache.hadoop.hive.metastore.ObjectStore.commitTransaction(ObjectStore.java:615)
	at sun.reflect.GeneratedMethodAccessor31.invoke(Unknown Source)
	at sun.reflect.DelegatingMethodAccessorImpl.invoke(DelegatingMethodAccessorImpl.java:43)
	at java.lang.reflect.Method.invoke(Method.java:498)
	at org.apache.hadoop.hive.metastore.RawStoreProxy.invoke(RawStoreProxy.java:97)
	at com.sun.proxy.$Proxy32.commitTransaction(Unknown Source)
	at org.apache.hadoop.hive.metastore.HMSHandler.drop_database_core(HMSHandler.java:1790)
	at org.apache.hadoop.hive.metastore.HMSHandler.drop_database(HMSHandler.java:1869)
	at sun.reflect.GeneratedMethodAccessor54.invoke(Unknown Source)
	at sun.reflect.DelegatingMethodAccessorImpl.invoke(DelegatingMethodAccessorImpl.java:43)
	at java.lang.reflect.Method.invoke(Method.java:498)
	at org.apache.hadoop.hive.metastore.RetryingHMSHandler.invokeInternal(RetryingHMSHandler.java:147)
	at org.apache.hadoop.hive.metastore.RetryingHMSHandler.invoke(RetryingHMSHandler.java:108)
	at com.sun.proxy.$Proxy35.drop_database(Unknown Source)
	at org.apache.hadoop.hive.metastore.HiveMetaStoreClient.dropDatabaseCascadePerDb(HiveMetaStoreClient.java:1601)
	at org.apache.hadoop.hive.metastore.HiveMetaStoreClient.dropDatabase(HiveMetaStoreClient.java:1532)
	at org.apache.hadoop.hive.metastore.HiveMetaStoreClient.dropDatabase(HiveMetaStoreClient.java:1485)
	at sun.reflect.NativeMethodAccessorImpl.invoke0(Native Method)
	at sun.reflect.NativeMethodAccessorImpl.invoke(NativeMethodAccessorImpl.java:62)
	at sun.reflect.DelegatingMethodAccessorImpl.invoke(DelegatingMethodAccessorImpl.java:43)
	at java.lang.reflect.Method.invoke(Method.java:498)
	at org.apache.hadoop.hive.metastore.RetryingMetaStoreClient.invoke(RetryingMetaStoreClient.java:218)
	at com.sun.proxy.$Proxy45.dropDatabase(Unknown Source)
	at org.apache.hadoop.hive.ql.metadata.Hive.dropDatabase(Hive.java:662)
	at org.apache.hadoop.hive.ql.ddl.database.drop.DropDatabaseOperation.execute(DropDatabaseOperation.java:52)
	at org.apache.hadoop.hive.ql.ddl.DDLTask.execute(DDLTask.java:84)
	at org.apache.hadoop.hive.ql.exec.Task.executeTask(Task.java:212)
	at org.apache.hadoop.hive.ql.exec.TaskRunner.runSequential(TaskRunner.java:105)
	at org.apache.hadoop.hive.ql.Executor.launchTask(Executor.java:361)
	at org.apache.hadoop.hive.ql.Executor.launchTasks(Executor.java:334)
	at org.apache.hadoop.hive.ql.Executor.runTasks(Executor.java:245)
	at org.apache.hadoop.hive.ql.Executor.execute(Executor.java:108)
	at org.apache.hadoop.hive.ql.Driver.execute(Driver.java:348)
	at org.apache.hadoop.hive.ql.Driver.runInternal(Driver.java:204)
	at org.apache.hadoop.hive.ql.Driver.run(Driver.java:153)
	at org.apache.hadoop.hive.ql.Driver.run(Driver.java:148)
	at org.apache.hadoop.hive.ql.reexec.ReExecDriver.run(ReExecDriver.java:164)
	at org.apache.hadoop.hive.ql.reexec.ReExecDriver.run(ReExecDriver.java:230)
	at org.apache.hive.hcatalog.pig.AbstractHCatLoaderTest.executeStatementOnDriver(AbstractHCatLoaderTest.java:151)
	at org.apache.hive.hcatalog.pig.AbstractHCatLoaderTest.tearDown(AbstractHCatLoaderTest.java:239)
	at sun.reflect.NativeMethodAccessorImpl.invoke0(Native Method)
	at sun.reflect.NativeMethodAccessorImpl.invoke(NativeMethodAccessorImpl.java:62)
	at sun.reflect.DelegatingMethodAccessorImpl.invoke(DelegatingMethodAccessorImpl.java:43)
	at java.lang.reflect.Method.invoke(Method.java:498)
	at org.junit.runners.model.FrameworkMethod$1.runReflectiveCall(FrameworkMethod.java:59)
	at org.junit.internal.runners.model.ReflectiveCallable.run(ReflectiveCallable.java:12)
	at org.junit.runners.model.FrameworkMethod.invokeExplosively(FrameworkMethod.java:56)
	at org.junit.internal.runners.statements.RunAfters.invokeMethod(RunAfters.java:46)
	at org.junit.internal.runners.statements.RunAfters.evaluate(RunAfters.java:33)
	at org.junit.runners.ParentRunner$3.evaluate(ParentRunner.java:306)
	at org.junit.runners.BlockJUnit4ClassRunner$1.evaluate(BlockJUnit4ClassRunner.java:100)
	at org.junit.runners.ParentRunner.runLeaf(ParentRunner.java:366)
	at org.junit.runners.BlockJUnit4ClassRunner.runChild(BlockJUnit4ClassRunner.java:103)
	at org.junit.runners.BlockJUnit4ClassRunner.runChild(BlockJUnit4ClassRunner.java:63)
	at org.junit.runners.ParentRunner$4.run(ParentRunner.java:331)
	at org.junit.runners.ParentRunner$1.schedule(ParentRunner.java:79)
	at org.junit.runners.ParentRunner.runChildren(ParentRunner.java:329)
	at org.junit.runners.ParentRunner.access$100(ParentRunner.java:66)
	at org.junit.runners.ParentRunner$2.evaluate(ParentRunner.java:293)
	at org.junit.internal.runners.statements.RunBefores.evaluate(RunBefores.java:26)
	at org.junit.runners.ParentRunner$3.evaluate(ParentRunner.java:306)
	at org.junit.runners.ParentRunner.run(ParentRunner.java:413)
	at org.junit.runners.Suite.runChild(Suite.java:128)
	at org.junit.runners.Suite.runChild(Suite.java:27)
	at org.junit.runners.ParentRunner$4.run(ParentRunner.java:331)
	at org.junit.runners.ParentRunner$1.schedule(ParentRunner.java:79)
	at org.junit.runners.ParentRunner.runChildren(ParentRunner.java:329)
	at org.junit.runners.ParentRunner.access$100(ParentRunner.java:66)
	at org.junit.runners.ParentRunner$2.evaluate(ParentRunner.java:293)
	at org.junit.runners.ParentRunner$3.evaluate(ParentRunner.java:306)
	at org.junit.runners.ParentRunner.run(ParentRunner.java:413)
	at org.apache.maven.surefire.junitcore.JUnitCore.run(JUnitCore.java:55)
	at org.apache.maven.surefire.junitcore.JUnitCoreWrapper.createRequestAndRun(JUnitCoreWrapper.java:137)
	at org.apache.maven.surefire.junitcore.JUnitCoreWrapper.executeEager(JUnitCoreWrapper.java:107)
	at org.apache.maven.surefire.junitcore.JUnitCoreWrapper.execute(JUnitCoreWrapper.java:83)
	at org.apache.maven.surefire.junitcore.JUnitCoreWrapper.execute(JUnitCoreWrapper.java:75)
	at org.apache.maven.surefire.junitcore.JUnitCoreProvider.invoke(JUnitCoreProvider.java:158)
	at org.apache.maven.surefire.booter.ForkedBooter.runSuitesInProcess(ForkedBooter.java:377)
	at org.apache.maven.surefire.booter.ForkedBooter.execute(ForkedBooter.java:138)
	at org.apache.maven.surefire.booter.ForkedBooter.run(ForkedBooter.java:465)
	at org.apache.maven.surefire.booter.ForkedBooter.main(ForkedBooter.java:451)
Caused by: org.apache.derby.shared.common.error.DerbySQLIntegrityConstraintViolationException: DELETE on table 'DBS' caused a violation of foreign key constraint 'TBLS_FK1' for key (4).  The statement has been rolled back.
	at org.apache.derby.impl.jdbc.SQLExceptionFactory.getSQLException(Unknown Source)
	at org.apache.derby.impl.jdbc.Util.generateCsSQLException(Unknown Source)
	at org.apache.derby.impl.jdbc.TransactionResourceImpl.wrapInSQLException(Unknown Source)
	at org.apache.derby.impl.jdbc.TransactionResourceImpl.handleException(Unknown Source)
	at org.apache.derby.impl.jdbc.EmbedConnection.handleException(Unknown Source)
	at org.apache.derby.impl.jdbc.ConnectionChild.handleException(Unknown Source)
	at org.apache.derby.impl.jdbc.EmbedStatement.executeStatement(Unknown Source)
	at org.apache.derby.impl.jdbc.EmbedPreparedStatement.executeBatchElement(Unknown Source)
	... 94 more
Caused by: ERROR 23503: DELETE on table 'DBS' caused a violation of foreign key constraint 'TBLS_FK1' for key (4).  The statement has been rolled back.
	at org.apache.derby.iapi.error.StandardException.newException(Unknown Source)
	at org.apache.derby.iapi.error.StandardException.newException(Unknown Source)
	at org.apache.derby.impl.sql.execute.ReferencedKeyRIChecker.doCheck(Unknown Source)
	at org.apache.derby.impl.sql.execute.RISetChecker.doPKCheck(Unknown Source)
	at org.apache.derby.impl.sql.execute.DeleteResultSet.collectAffectedRows(Unknown Source)
	at org.apache.derby.impl.sql.execute.DeleteResultSet.open(Unknown Source)
	at org.apache.derby.impl.sql.GenericPreparedStatement.executeStmt(Unknown Source)
	at org.apache.derby.impl.sql.GenericPreparedStatement.execute(Unknown Source)
	... 96 more

2024-04-24T11:30:29,853  INFO [main] HiveMetaStore.audit: ugi=alex	ip=unknown-ip-addr	cmd=drop_database: @hive#junit_specific_db	
2024-04-24T11:30:29,858  INFO [main] HiveMetaStore.audit: ugi=alex	ip=unknown-ip-addr	cmd=get_all_tables: db=@hive#junit_specific_db	
2024-04-24T11:30:29,861  INFO [main] HiveMetaStore.audit: ugi=alex	ip=unknown-ip-addr	cmd=get_functions: db=@hive#junit_specific_db pat=*	
2024-04-24T11:30:29,868  INFO [main] HiveMetaStore.audit: ugi=alex	ip=unknown-ip-addr	cmd=get_all_stored_procedures	
2024-04-24T11:30:29,873  INFO [main] HiveMetaStore.audit: ugi=alex	ip=unknown-ip-addr	cmd=get_all_packages	
2024-04-24T11:30:29,878  INFO [main] HiveMetaStore.audit: ugi=alex	ip=unknown-ip-addr	cmd=getTablesByTypeCore: catName=hive: db=junit_specific_db pat=.*,type=MATERIALIZED_VIEW	
2024-04-24T11:30:29,904  INFO [main] HiveMetaStore.audit: ugi=alex	ip=unknown-ip-addr	cmd=drop_table : tbl=hive.junit_specific_db.junit_specific_size2	
2024-04-24T11:30:29,932  INFO [main] metastore.ObjectStore: Dropping database hive.junit_specific_db along with all tables
2024-04-24T11:30:29,939  INFO [main] txn.TxnHandler: Non-retryable error in cleanupRecords : Table/View 'TXN_COMPONENTS' does not exist. (SQLState=42X05, ErrorCode=20000)
2024-04-24T11:30:29,939  WARN [main] txn.TxnHandler: Cannot perform cleanup since metastore table does not exist
2024-04-24T11:30:29,941  WARN [main] utils.FileUtils: File file:/home/alex/Repositories/hive/hcatalog/hcatalog-pig-adapter/build/test/data/org.apache.hive.hcatalog.mapreduce.HCatBaseTest-1713983215978/warehouse/junit_specific_db.db does not exist; Force to delete it.
2024-04-24T11:30:29,941 ERROR [main] utils.FileUtils: Failed to delete file:/home/alex/Repositories/hive/hcatalog/hcatalog-pig-adapter/build/test/data/org.apache.hive.hcatalog.mapreduce.HCatBaseTest-1713983215978/warehouse/junit_specific_db.db
2024-04-24T11:30:29,941  WARN [main] utils.FileUtils: File file:/home/alex/Repositories/hive/hcatalog/hcatalog-pig-adapter/build/test/data/org.apache.hive.hcatalog.mapreduce.HCatBaseTest-1713983215978/warehouse/junit_specific_db.db does not exist; Force to delete it.
2024-04-24T11:30:29,941 ERROR [main] utils.FileUtils: Failed to delete file:/home/alex/Repositories/hive/hcatalog/hcatalog-pig-adapter/build/test/data/org.apache.hive.hcatalog.mapreduce.HCatBaseTest-1713983215978/warehouse/junit_specific_db.db
2024-04-24T11:30:29,942  INFO [main] metadata.Hive: Dumping metastore api call timing information for : execution phase
2024-04-24T11:30:29,942  INFO [main] metadata.Hive: Total time spent in each metastore function (ms): {isCompatibleWith_(Configuration)=0, dropDatabase_(String, boolean, boolean, boolean)=18355}
2024-04-24T11:30:29,942  INFO [main] metadata.Hive: Total time spent in this metastore function was greater than 1000ms : dropDatabase_(String, boolean, boolean, boolean)=18355
2024-04-24T11:30:29,942  INFO [main] ql.Driver: Completed executing command(queryId=alex_20240424113011_fb178607-4e24-4aeb-a867-fe981b3fa0c9); Time taken: 18.357 seconds
]]></system-err>
  </testcase>
  <testcase name="testReadDataPrimitiveTypes" classname="org.apache.hive.hcatalog.pig.TestRCFileHCatLoader" time="13.782"/>
</testsuite>