<?xml version="1.0" encoding="UTF-8"?>
<testsuite xmlns:xsi="http://www.w3.org/2001/XMLSchema-instance" xsi:noNamespaceSchemaLocation="https://maven.apache.org/surefire/maven-surefire-plugin/xsd/surefire-test-report-3.0.xsd" version="3.0" name="org.apache.hive.service.cli.operation.TestQueryShutdownHooks" time="21.38" tests="3" errors="3" skipped="0" failures="0">
  <properties>
    <property name="build.test.dir" value="/home/alex/Repositories/hive/service/target/tmp"/>
    <property name="awt.toolkit" value="sun.awt.X11.XToolkit"/>
    <property name="test.tmp.dir.uri" value="file:///home/alex/Repositories/hive/service/target/tmp"/>
    <property name="java.specification.version" value="1.8"/>
    <property name="qfile" value=""/>
    <property name="sun.cpu.isalist" value=""/>
    <property name="test.warehouse.dir" value="pfile:///home/alex/Repositories/hive/service/target/warehouse"/>
    <property name="sun.jnu.encoding" value="UTF-8"/>
    <property name="run_disabled" value=""/>
    <property name="nondexPrintstack" value="false"/>
    <property name="sun.arch.data.model" value="64"/>
    <property name="java.vendor.url" value="http://java.oracle.com/"/>
    <property name="user.country.format" value="PT"/>
    <property name="test.tmp.dir" value="/home/alex/Repositories/hive/service/target/tmp"/>
    <property name="sun.boot.library.path" value="/usr/lib/jvm/java-8-openjdk-amd64/jre/lib/amd64"/>
    <property name="sun.java.command" value="/home/alex/Repositories/hive/service/target/surefire/surefirebooter6086001888461750895.jar /home/alex/Repositories/hive/service/target/surefire 2024-04-23T21-59-46_173-jvmRun1 surefire6752395858894042932tmp surefire_32635188853550107849457tmp"/>
    <property name="nondexExecid" value="3RybploX+yV3kWpBSivi7mTWLNMYZ41HVu5+WLIzXJs="/>
    <property name="java.specification.vendor" value="Oracle Corporation"/>
    <property name="java.home" value="/usr/lib/jvm/java-8-openjdk-amd64/jre"/>
    <property name="file.separator" value="/"/>
    <property name="basedir" value="/home/alex/Repositories/hive/service"/>
    <property name="line.separator" value="&#10;"/>
    <property name="nondexEnd" value="9223372036854775807"/>
    <property name="java.vm.specification.vendor" value="Oracle Corporation"/>
    <property name="java.specification.name" value="Java Platform API Specification"/>
    <property name="derby.stream.error.file" value="/home/alex/Repositories/hive/service/target/tmp/derby.log"/>
    <property name="sun.boot.class.path" value="/home/alex/Repositories/hive/service/.nondex/nondex-instr.jar:/home/alex/.m2/repository/edu/illinois/nondex-common/2.1.7/nondex-common-2.1.7.jar:/home/alex/.m2/repository/edu/illinois/nondex-annotations/2.1.7/nondex-annotations-2.1.7.jar:/usr/lib/jvm/java-8-openjdk-amd64/jre/lib/resources.jar:/usr/lib/jvm/java-8-openjdk-amd64/jre/lib/rt.jar:/usr/lib/jvm/java-8-openjdk-amd64/jre/lib/sunrsasign.jar:/usr/lib/jvm/java-8-openjdk-amd64/jre/lib/jsse.jar:/usr/lib/jvm/java-8-openjdk-amd64/jre/lib/jce.jar:/usr/lib/jvm/java-8-openjdk-amd64/jre/lib/charsets.jar:/usr/lib/jvm/java-8-openjdk-amd64/jre/lib/jfr.jar:/usr/lib/jvm/java-8-openjdk-amd64/jre/classes"/>
    <property name="log4j.debug" value="true"/>
    <property name="sun.management.compiler" value="HotSpot 64-Bit Tiered Compilers"/>
    <property name="spark.home" value=""/>
    <property name="java.runtime.version" value="1.8.0_402-8u402-ga-2ubuntu1~22.04-b06"/>
    <property name="user.name" value="alex"/>
    <property name="test.src.tables" value=""/>
    <property name="file.encoding" value="UTF-8"/>
    <property name="qfile_regex" value=""/>
    <property name="hadoop.bin.path" value="/home/alex/Repositories/hive/service/../testutils/hadoop"/>
    <property name="localRepository" value="/home/alex/.m2/repository"/>
    <property name="nondexDir" value="/home/alex/Repositories/hive/service/.nondex"/>
    <property name="build.dir" value="/home/alex/Repositories/hive/service/target"/>
    <property name="nondexJarDir" value="/home/alex/Repositories/hive/service/.nondex"/>
    <property name="mapred.job.tracker" value="local"/>
    <property name="java.io.tmpdir" value="/home/alex/Repositories/hive/service/target/tmp"/>
    <property name="com.zaxxer.hikari.pool_number" value="3"/>
    <property name="java.version" value="1.8.0_402"/>
    <property name="hive.version" value="4.0.0-SNAPSHOT"/>
    <property name="java.vm.specification.name" value="Java Virtual Machine Specification"/>
    <property name="java.awt.printerjob" value="sun.print.PSPrinterJob"/>
    <property name="sun.os.patch.level" value="unknown"/>
    <property name="java.library.path" value="/usr/java/packages/lib/amd64:/usr/lib/x86_64-linux-gnu/jni:/lib/x86_64-linux-gnu:/usr/lib/x86_64-linux-gnu:/usr/lib/jni:/lib:/usr/lib"/>
    <property name="test.data.dir" value="/home/alex/Repositories/hive/service/../data/files"/>
    <property name="java.vendor" value="Private Build"/>
    <property name="java.specification.maintenance.version" value="5"/>
    <property name="sun.io.unicode.encoding" value="UnicodeLittle"/>
    <property name="initScript" value=""/>
    <property name="sun.desktop" value="gnome"/>
    <property name="calcite.enable.rexnode.digest.normalize" value="false"/>
    <property name="file.encoding.pkg" value="sun.io"/>
    <property name="nondexStart" value="0"/>
    <property name="log4j.configurationFile" value="file:///home/alex/Repositories/hive/service/target/testconf/hive-log4j2.properties"/>
    <property name="java.class.path" value="/home/alex/Repositories/hive/service/target/test-classes:/home/alex/Repositories/hive/service/target/classes:/home/alex/Repositories/hive/common/target/classes:/home/alex/Repositories/hive/classification/target/classes:/home/alex/Repositories/hive/shims/aggregator/target/classes:/home/alex/Repositories/hive/shims/common/target/classes:/home/alex/Repositories/hive/shims/0.23/target/classes:/home/alex/.m2/repository/org/apache/hadoop/hadoop-yarn-server-resourcemanager/3.1.0/hadoop-yarn-server-resourcemanager-3.1.0.jar:/home/alex/.m2/repository/org/apache/hadoop/hadoop-yarn-server-common/3.1.0/hadoop-yarn-server-common-3.1.0.jar:/home/alex/.m2/repository/org/apache/geronimo/specs/geronimo-jcache_1.0_spec/1.0-alpha-1/geronimo-jcache_1.0_spec-1.0-alpha-1.jar:/home/alex/.m2/repository/org/ehcache/ehcache/3.3.1/ehcache-3.3.1.jar:/home/alex/.m2/repository/com/zaxxer/HikariCP-java7/2.4.12/HikariCP-java7-2.4.12.jar:/home/alex/.m2/repository/org/apache/hadoop/hadoop-yarn-server-applicationhistoryservice/3.1.0/hadoop-yarn-server-applicationhistoryservice-3.1.0.jar:/home/alex/.m2/repository/de/ruedigermoeller/fst/2.50/fst-2.50.jar:/home/alex/.m2/repository/com/cedarsoftware/java-util/1.9.0/java-util-1.9.0.jar:/home/alex/.m2/repository/com/cedarsoftware/json-io/2.5.1/json-io-2.5.1.jar:/home/alex/.m2/repository/org/fusesource/leveldbjni/leveldbjni-all/1.8/leveldbjni-all-1.8.jar:/home/alex/Repositories/hive/shims/scheduler/target/classes:/home/alex/Repositories/hive/storage-api/target/classes:/home/alex/Repositories/hive/standalone-metastore/metastore-common/target/classes:/home/alex/.m2/repository/com/google/guava/guava/19.0/guava-19.0.jar:/home/alex/.m2/repository/org/apache/commons/commons-lang3/3.9/commons-lang3-3.9.jar:/home/alex/.m2/repository/org/apache/commons/commons-math3/3.6.1/commons-math3-3.6.1.jar:/home/alex/.m2/repository/org/apache/orc/orc-core/1.6.9/orc-core-1.6.9.jar:/home/alex/.m2/repository/org/apache/orc/orc-shims/1.6.9/orc-shims-1.6.9.jar:/home/alex/.m2/repository/io/airlift/aircompressor/0.19/aircompressor-0.19.jar:/home/alex/.m2/repository/javax/xml/bind/jaxb-api/2.2.11/jaxb-api-2.2.11.jar:/home/alex/.m2/repository/org/jetbrains/annotations/17.0.0/annotations-17.0.0.jar:/home/alex/.m2/repository/org/threeten/threeten-extra/1.5.0/threeten-extra-1.5.0.jar:/home/alex/.m2/repository/jline/jline/2.14.6/jline-2.14.6.jar:/home/alex/.m2/repository/org/eclipse/jetty/jetty-http/9.3.27.v20190418/jetty-http-9.3.27.v20190418.jar:/home/alex/.m2/repository/org/eclipse/jetty/jetty-rewrite/9.3.27.v20190418/jetty-rewrite-9.3.27.v20190418.jar:/home/alex/.m2/repository/org/eclipse/jetty/jetty-client/9.3.27.v20190418/jetty-client-9.3.27.v20190418.jar:/home/alex/.m2/repository/org/eclipse/jetty/jetty-webapp/9.3.27.v20190418/jetty-webapp-9.3.27.v20190418.jar:/home/alex/.m2/repository/org/eclipse/jetty/jetty-xml/9.3.27.v20190418/jetty-xml-9.3.27.v20190418.jar:/home/alex/.m2/repository/joda-time/joda-time/2.9.9/joda-time-2.9.9.jar:/home/alex/.m2/repository/org/apache/logging/log4j/log4j-1.2-api/2.13.2/log4j-1.2-api-2.13.2.jar:/home/alex/.m2/repository/org/apache/logging/log4j/log4j-api/2.13.2/log4j-api-2.13.2.jar:/home/alex/.m2/repository/org/apache/logging/log4j/log4j-web/2.13.2/log4j-web-2.13.2.jar:/home/alex/.m2/repository/org/apache/logging/log4j/log4j-slf4j-impl/2.13.2/log4j-slf4j-impl-2.13.2.jar:/home/alex/.m2/repository/org/apache/commons/commons-compress/1.21/commons-compress-1.21.jar:/home/alex/.m2/repository/org/apache/ant/ant/1.9.1/ant-1.9.1.jar:/home/alex/.m2/repository/org/apache/ant/ant-launcher/1.9.1/ant-launcher-1.9.1.jar:/home/alex/.m2/repository/com/tdunning/json/1.8/json-1.8.jar:/home/alex/.m2/repository/io/dropwizard/metrics/metrics-core/3.1.0/metrics-core-3.1.0.jar:/home/alex/.m2/repository/io/dropwizard/metrics/metrics-jvm/3.1.0/metrics-jvm-3.1.0.jar:/home/alex/.m2/repository/io/dropwizard/metrics/metrics-json/3.1.0/metrics-json-3.1.0.jar:/home/alex/.m2/repository/com/fasterxml/jackson/core/jackson-databind/2.12.0/jackson-databind-2.12.0.jar:/home/alex/.m2/repository/com/github/joshelser/dropwizard-metrics-hadoop-metrics2-reporter/0.1.2/dropwizard-metrics-hadoop-metrics2-reporter-0.1.2.jar:/home/alex/.m2/repository/javolution/javolution/5.5.1/javolution-5.5.1.jar:/home/alex/Repositories/hive/ql/target/classes:/home/alex/.m2/repository/org/apache/atlas/atlas-client-v2/2.1.0/atlas-client-v2-2.1.0.jar:/home/alex/.m2/repository/cglib/cglib/2.2.2/cglib-2.2.2.jar:/home/alex/.m2/repository/asm/asm/3.3.1/asm-3.3.1.jar:/home/alex/.m2/repository/org/apache/atlas/atlas-client-common/2.1.0/atlas-client-common-2.1.0.jar:/home/alex/.m2/repository/org/apache/atlas/atlas-intg/2.1.0/atlas-intg-2.1.0.jar:/home/alex/.m2/repository/commons-collections/commons-collections/3.2.2/commons-collections-3.2.2.jar:/home/alex/.m2/repository/commons-validator/commons-validator/1.6/commons-validator-1.6.jar:/home/alex/.m2/repository/commons-digester/commons-digester/1.8.1/commons-digester-1.8.1.jar:/home/alex/.m2/repository/com/fasterxml/jackson/jaxrs/jackson-jaxrs-base/2.12.0/jackson-jaxrs-base-2.12.0.jar:/home/alex/.m2/repository/com/fasterxml/jackson/jaxrs/jackson-jaxrs-json-provider/2.12.0/jackson-jaxrs-json-provider-2.12.0.jar:/home/alex/.m2/repository/javax/inject/javax.inject/1/javax.inject-1.jar:/home/alex/.m2/repository/org/springframework/spring-context/4.3.20.RELEASE/spring-context-4.3.20.RELEASE.jar:/home/alex/.m2/repository/org/springframework/spring-aop/4.3.20.RELEASE/spring-aop-4.3.20.RELEASE.jar:/home/alex/.m2/repository/org/springframework/spring-beans/4.3.20.RELEASE/spring-beans-4.3.20.RELEASE.jar:/home/alex/.m2/repository/org/springframework/spring-core/4.3.20.RELEASE/spring-core-4.3.20.RELEASE.jar:/home/alex/.m2/repository/org/springframework/spring-expression/4.3.20.RELEASE/spring-expression-4.3.20.RELEASE.jar:/home/alex/.m2/repository/commons-configuration/commons-configuration/1.10/commons-configuration-1.10.jar:/home/alex/Repositories/hive/vector-code-gen/target/classes:/home/alex/Repositories/hive/serde/target/classes:/home/alex/.m2/repository/org/apache/arrow/arrow-vector/0.15.1/arrow-vector-0.15.1.jar:/home/alex/.m2/repository/org/apache/arrow/arrow-format/0.15.1/arrow-format-0.15.1.jar:/home/alex/.m2/repository/org/apache/arrow/arrow-memory/0.15.1/arrow-memory-0.15.1.jar:/home/alex/.m2/repository/com/google/flatbuffers/flatbuffers-java/1.9.0/flatbuffers-java-1.9.0.jar:/home/alex/.m2/repository/com/carrotsearch/hppc/0.7.2/hppc-0.7.2.jar:/home/alex/.m2/repository/com/github/davidmoten/flatbuffers-java/1.6.0.1/flatbuffers-java-1.6.0.1.jar:/home/alex/Repositories/hive/parser/target/classes:/home/alex/Repositories/hive/udf/target/classes:/home/alex/Repositories/hive/llap-client/target/classes:/home/alex/Repositories/hive/llap-tez/target/classes:/home/alex/Repositories/hive/spark-client/target/classes:/home/alex/.m2/repository/com/fasterxml/jackson/module/jackson-module-scala_2.12/2.12.0/jackson-module-scala_2.12-2.12.0.jar:/home/alex/.m2/repository/org/scala-lang/scala-library/2.12.10/scala-library-2.12.10.jar:/home/alex/.m2/repository/org/apache/spark/spark-core_2.12/2.4.5/spark-core_2.12-2.4.5.jar:/home/alex/.m2/repository/com/twitter/chill_2.12/0.9.3/chill_2.12-0.9.3.jar:/home/alex/.m2/repository/com/twitter/chill-java/0.9.3/chill-java-0.9.3.jar:/home/alex/.m2/repository/org/apache/xbean/xbean-asm6-shaded/4.8/xbean-asm6-shaded-4.8.jar:/home/alex/.m2/repository/org/apache/hadoop/hadoop-client/3.1.0/hadoop-client-3.1.0.jar:/home/alex/.m2/repository/org/apache/hadoop/hadoop-mapreduce-client-jobclient/3.1.0/hadoop-mapreduce-client-jobclient-3.1.0.jar:/home/alex/.m2/repository/org/apache/hadoop/hadoop-mapreduce-client-common/3.1.0/hadoop-mapreduce-client-common-3.1.0.jar:/home/alex/.m2/repository/org/apache/spark/spark-launcher_2.12/2.4.5/spark-launcher_2.12-2.4.5.jar:/home/alex/.m2/repository/org/apache/spark/spark-kvstore_2.12/2.4.5/spark-kvstore_2.12-2.4.5.jar:/home/alex/.m2/repository/org/apache/spark/spark-network-common_2.12/2.4.5/spark-network-common_2.12-2.4.5.jar:/home/alex/.m2/repository/org/apache/spark/spark-network-shuffle_2.12/2.4.5/spark-network-shuffle_2.12-2.4.5.jar:/home/alex/.m2/repository/org/apache/spark/spark-unsafe_2.12/2.4.5/spark-unsafe_2.12-2.4.5.jar:/home/alex/.m2/repository/javax/activation/activation/1.1.1/activation-1.1.1.jar:/home/alex/.m2/repository/org/slf4j/jul-to-slf4j/1.7.16/jul-to-slf4j-1.7.16.jar:/home/alex/.m2/repository/org/slf4j/jcl-over-slf4j/1.7.16/jcl-over-slf4j-1.7.16.jar:/home/alex/.m2/repository/com/ning/compress-lzf/1.0.3/compress-lzf-1.0.3.jar:/home/alex/.m2/repository/org/json4s/json4s-jackson_2.12/3.5.3/json4s-jackson_2.12-3.5.3.jar:/home/alex/.m2/repository/org/json4s/json4s-core_2.12/3.5.3/json4s-core_2.12-3.5.3.jar:/home/alex/.m2/repository/org/json4s/json4s-ast_2.12/3.5.3/json4s-ast_2.12-3.5.3.jar:/home/alex/.m2/repository/org/json4s/json4s-scalap_2.12/3.5.3/json4s-scalap_2.12-3.5.3.jar:/home/alex/.m2/repository/org/scala-lang/modules/scala-xml_2.12/1.0.6/scala-xml_2.12-1.0.6.jar:/home/alex/.m2/repository/com/clearspring/analytics/stream/2.7.0/stream-2.7.0.jar:/home/alex/.m2/repository/io/dropwizard/metrics/metrics-graphite/3.1.5/metrics-graphite-3.1.5.jar:/home/alex/.m2/repository/net/razorvine/pyrolite/4.13/pyrolite-4.13.jar:/home/alex/.m2/repository/net/sf/py4j/py4j/0.10.7/py4j-0.10.7.jar:/home/alex/.m2/repository/org/apache/spark/spark-tags_2.12/2.4.5/spark-tags_2.12-2.4.5.jar:/home/alex/.m2/repository/org/apache/commons/commons-crypto/1.0.0/commons-crypto-1.0.0.jar:/home/alex/.m2/repository/org/spark-project/spark/unused/1.0.0/unused-1.0.0.jar:/home/alex/.m2/repository/org/apache/spark/spark-yarn_2.12/2.4.5/spark-yarn_2.12-2.4.5.jar:/home/alex/.m2/repository/org/apache/hadoop/hadoop-yarn-server-web-proxy/3.1.0/hadoop-yarn-server-web-proxy-3.1.0.jar:/home/alex/.m2/repository/com/amazonaws/secretsmanager/aws-secretsmanager-caching-java/1.0.1/aws-secretsmanager-caching-java-1.0.1.jar:/home/alex/.m2/repository/com/esotericsoftware/kryo/5.0.3/kryo-5.0.3.jar:/home/alex/.m2/repository/com/esotericsoftware/minlog/1.3.1/minlog-1.3.1.jar:/home/alex/.m2/repository/com/esotericsoftware/reflectasm/1.11.9/reflectasm-1.11.9.jar:/home/alex/.m2/repository/com/google/protobuf/protobuf-java/2.5.0/protobuf-java-2.5.0.jar:/home/alex/.m2/repository/org/apache/parquet/parquet-hadoop-bundle/1.11.1/parquet-hadoop-bundle-1.11.1.jar:/home/alex/.m2/repository/commons-io/commons-io/2.6/commons-io-2.6.jar:/home/alex/.m2/repository/org/apache/commons/commons-collections4/4.1/commons-collections4-4.1.jar:/home/alex/.m2/repository/org/apache/commons/commons-text/1.8/commons-text-1.8.jar:/home/alex/.m2/repository/org/apache/logging/log4j/log4j-core/2.13.2/log4j-core-2.13.2.jar:/home/alex/.m2/repository/org/antlr/antlr-runtime/3.5.2/antlr-runtime-3.5.2.jar:/home/alex/.m2/repository/org/antlr/ST4/4.0.4/ST4-4.0.4.jar:/home/alex/.m2/repository/org/apache/avro/avro/1.8.2/avro-1.8.2.jar:/home/alex/.m2/repository/org/codehaus/jackson/jackson-core-asl/1.9.13/jackson-core-asl-1.9.13.jar:/home/alex/.m2/repository/org/codehaus/jackson/jackson-mapper-asl/1.9.13/jackson-mapper-asl-1.9.13.jar:/home/alex/.m2/repository/com/thoughtworks/paranamer/paranamer/2.8/paranamer-2.8.jar:/home/alex/.m2/repository/org/xerial/snappy/snappy-java/1.1.4/snappy-java-1.1.4.jar:/home/alex/.m2/repository/org/tukaani/xz/1.5/xz-1.5.jar:/home/alex/.m2/repository/org/apache/avro/avro-mapred/1.8.2/avro-mapred-1.8.2-hadoop2.jar:/home/alex/.m2/repository/org/apache/avro/avro-ipc/1.8.2/avro-ipc-1.8.2.jar:/home/alex/.m2/repository/org/mortbay/jetty/jetty/6.1.26/jetty-6.1.26.jar:/home/alex/.m2/repository/org/apache/hadoop/hadoop-yarn-registry/3.1.0/hadoop-yarn-registry-3.1.0.jar:/home/alex/.m2/repository/commons-daemon/commons-daemon/1.0.13/commons-daemon-1.0.13.jar:/home/alex/.m2/repository/dnsjava/dnsjava/2.1.7/dnsjava-2.1.7.jar:/home/alex/.m2/repository/org/apache/orc/orc-tools/1.6.9/orc-tools-1.6.9.jar:/home/alex/.m2/repository/com/opencsv/opencsv/3.9/opencsv-3.9.jar:/home/alex/.m2/repository/org/apache/hadoop/hadoop-hdfs/3.1.0/hadoop-hdfs-3.1.0.jar:/home/alex/.m2/repository/org/eclipse/jetty/jetty-util-ajax/9.3.19.v20170502/jetty-util-ajax-9.3.19.v20170502.jar:/home/alex/.m2/repository/org/threeten/threetenbp/1.3.5/threetenbp-1.3.5.jar:/home/alex/.m2/repository/org/apache/ivy/ivy/2.4.0/ivy-2.4.0.jar:/home/alex/.m2/repository/org/apache/zookeeper/zookeeper/3.5.5/zookeeper-3.5.5.jar:/home/alex/.m2/repository/org/apache/zookeeper/zookeeper-jute/3.5.5/zookeeper-jute-3.5.5.jar:/home/alex/.m2/repository/org/apache/yetus/audience-annotations/0.5.0/audience-annotations-0.5.0.jar:/home/alex/.m2/repository/org/apache/datasketches/datasketches-hive/1.1.0-incubating/datasketches-hive-1.1.0-incubating.jar:/home/alex/.m2/repository/org/apache/datasketches/datasketches-java/1.3.0-incubating/datasketches-java-1.3.0-incubating.jar:/home/alex/.m2/repository/org/apache/datasketches/datasketches-memory/1.2.0-incubating/datasketches-memory-1.2.0-incubating.jar:/home/alex/.m2/repository/org/slf4j/slf4j-simple/1.7.27/slf4j-simple-1.7.27.jar:/home/alex/.m2/repository/org/codehaus/groovy/groovy-all/2.4.11/groovy-all-2.4.11.jar:/home/alex/.m2/repository/org/jodd/jodd-util/6.0.0/jodd-util-6.0.0.jar:/home/alex/.m2/repository/com/fasterxml/jackson/core/jackson-annotations/2.12.0/jackson-annotations-2.12.0.jar:/home/alex/.m2/repository/com/fasterxml/jackson/core/jackson-core/2.12.0/jackson-core-2.12.0.jar:/home/alex/.m2/repository/com/fasterxml/jackson/dataformat/jackson-dataformat-yaml/2.12.0/jackson-dataformat-yaml-2.12.0.jar:/home/alex/.m2/repository/org/yaml/snakeyaml/1.27/snakeyaml-1.27.jar:/home/alex/.m2/repository/org/datanucleus/datanucleus-core/5.2.4/datanucleus-core-5.2.4.jar:/home/alex/.m2/repository/org/apache/calcite/calcite-core/1.25.0/calcite-core-1.25.0.jar:/home/alex/.m2/repository/org/apache/calcite/calcite-linq4j/1.25.0/calcite-linq4j-1.25.0.jar:/home/alex/.m2/repository/com/esri/geometry/esri-geometry-api/2.2.0/esri-geometry-api-2.2.0.jar:/home/alex/.m2/repository/com/yahoo/datasketches/sketches-core/0.9.0/sketches-core-0.9.0.jar:/home/alex/.m2/repository/com/yahoo/datasketches/memory/0.9.0/memory-0.9.0.jar:/home/alex/.m2/repository/org/apache/calcite/calcite-druid/1.25.0/calcite-druid-1.25.0.jar:/home/alex/.m2/repository/org/apache/calcite/avatica/avatica/1.12.0/avatica-1.12.0.jar:/home/alex/.m2/repository/com/googlecode/javaewah/JavaEWAH/0.3.2/JavaEWAH-0.3.2.jar:/home/alex/.m2/repository/com/google/code/gson/gson/2.2.4/gson-2.2.4.jar:/home/alex/.m2/repository/stax/stax-api/1.0.1/stax-api-1.0.1.jar:/home/alex/.m2/repository/net/sf/opencsv/opencsv/2.3/opencsv-2.3.jar:/home/alex/Repositories/hive/standalone-metastore/metastore-server/target/classes:/home/alex/.m2/repository/com/google/re2j/re2j/1.2/re2j-1.2.jar:/home/alex/.m2/repository/org/reflections/reflections/0.9.10/reflections-0.9.10.jar:/home/alex/.m2/repository/org/javassist/javassist/3.19.0-GA/javassist-3.19.0-GA.jar:/home/alex/.m2/repository/com/jayway/jsonpath/json-path/2.4.0/json-path-2.4.0.jar:/home/alex/.m2/repository/net/minidev/json-smart/2.3/json-smart-2.3.jar:/home/alex/.m2/repository/net/minidev/accessors-smart/1.2/accessors-smart-1.2.jar:/home/alex/.m2/repository/org/codehaus/janino/commons-compiler/3.0.11/commons-compiler-3.0.11.jar:/home/alex/.m2/repository/org/codehaus/janino/janino/3.0.11/janino-3.0.11.jar:/home/alex/.m2/repository/com/sun/jersey/contribs/jersey-multipart/1.19/jersey-multipart-1.19.jar:/home/alex/.m2/repository/org/jvnet/mimepull/mimepull/1.9.3/mimepull-1.9.3.jar:/home/alex/.m2/repository/org/apache/kafka/kafka-clients/2.5.0/kafka-clients-2.5.0.jar:/home/alex/.m2/repository/com/github/luben/zstd-jni/1.4.4-7/zstd-jni-1.4.4-7.jar:/home/alex/.m2/repository/org/lz4/lz4-java/1.7.1/lz4-java-1.7.1.jar:/home/alex/Repositories/hive/metastore/target/classes:/home/alex/.m2/repository/org/apache/derby/derby/10.14.1.0/derby-10.14.1.0.jar:/home/alex/Repositories/hive/service-rpc/target/classes:/home/alex/Repositories/hive/llap-server/target/classes:/home/alex/Repositories/hive/llap-common/target/classes:/home/alex/.m2/repository/io/jsonwebtoken/jjwt-api/0.10.5/jjwt-api-0.10.5.jar:/home/alex/.m2/repository/io/jsonwebtoken/jjwt-impl/0.10.5/jjwt-impl-0.10.5.jar:/home/alex/.m2/repository/io/jsonwebtoken/jjwt-jackson/0.10.5/jjwt-jackson-0.10.5.jar:/home/alex/.m2/repository/io/netty/netty-all/4.1.65.Final/netty-all-4.1.65.Final.jar:/home/alex/.m2/repository/org/codehaus/jettison/jettison/1.1/jettison-1.1.jar:/home/alex/.m2/repository/org/eclipse/jetty/jetty-util/9.3.27.v20190418/jetty-util-9.3.27.v20190418.jar:/home/alex/.m2/repository/com/lmax/disruptor/3.3.7/disruptor-3.3.7.jar:/home/alex/Repositories/hive/llap-common/target/test-classes:/home/alex/Repositories/hive/hplsql/target/classes:/home/alex/.m2/repository/org/antlr/antlr4-runtime/4.5/antlr4-runtime-4.5.jar:/home/alex/.m2/repository/org/abego/treelayout/org.abego.treelayout.core/1.0.1/org.abego.treelayout.core-1.0.1.jar:/home/alex/.m2/repository/javax/servlet/jsp/javax.servlet.jsp-api/2.3.1/javax.servlet.jsp-api-2.3.1.jar:/home/alex/.m2/repository/commons-codec/commons-codec/1.15/commons-codec-1.15.jar:/home/alex/.m2/repository/commons-cli/commons-cli/1.4/commons-cli-1.4.jar:/home/alex/.m2/repository/net/sf/jpam/jpam/1.1/jpam-1.1.jar:/home/alex/.m2/repository/org/eclipse/jetty/jetty-server/9.3.27.v20190418/jetty-server-9.3.27.v20190418.jar:/home/alex/.m2/repository/org/eclipse/jetty/jetty-io/9.3.27.v20190418/jetty-io-9.3.27.v20190418.jar:/home/alex/.m2/repository/org/eclipse/jetty/jetty-servlet/9.3.27.v20190418/jetty-servlet-9.3.27.v20190418.jar:/home/alex/.m2/repository/org/eclipse/jetty/jetty-security/9.3.27.v20190418/jetty-security-9.3.27.v20190418.jar:/home/alex/.m2/repository/org/eclipse/jetty/jetty-runner/9.3.27.v20190418/jetty-runner-9.3.27.v20190418.jar:/home/alex/.m2/repository/org/eclipse/jetty/jetty-plus/9.3.27.v20190418/jetty-plus-9.3.27.v20190418.jar:/home/alex/.m2/repository/org/eclipse/jetty/jetty-annotations/9.3.27.v20190418/jetty-annotations-9.3.27.v20190418.jar:/home/alex/.m2/repository/org/ow2/asm/asm/6.0/asm-6.0.jar:/home/alex/.m2/repository/org/ow2/asm/asm-commons/6.0/asm-commons-6.0.jar:/home/alex/.m2/repository/org/ow2/asm/asm-tree/6.0/asm-tree-6.0.jar:/home/alex/.m2/repository/org/eclipse/jetty/jetty-jaas/9.3.27.v20190418/jetty-jaas-9.3.27.v20190418.jar:/home/alex/.m2/repository/org/eclipse/jetty/websocket/websocket-server/9.3.27.v20190418/websocket-server-9.3.27.v20190418.jar:/home/alex/.m2/repository/org/eclipse/jetty/websocket/websocket-common/9.3.27.v20190418/websocket-common-9.3.27.v20190418.jar:/home/alex/.m2/repository/org/eclipse/jetty/websocket/websocket-api/9.3.27.v20190418/websocket-api-9.3.27.v20190418.jar:/home/alex/.m2/repository/org/eclipse/jetty/websocket/websocket-client/9.3.27.v20190418/websocket-client-9.3.27.v20190418.jar:/home/alex/.m2/repository/org/eclipse/jetty/websocket/websocket-servlet/9.3.27.v20190418/websocket-servlet-9.3.27.v20190418.jar:/home/alex/.m2/repository/org/eclipse/jetty/jetty-jndi/9.3.27.v20190418/jetty-jndi-9.3.27.v20190418.jar:/home/alex/.m2/repository/org/eclipse/jetty/apache-jsp/9.3.27.v20190418/apache-jsp-9.3.27.v20190418.jar:/home/alex/.m2/repository/org/eclipse/jetty/toolchain/jetty-schemas/3.1/jetty-schemas-3.1.jar:/home/alex/.m2/repository/org/eclipse/jdt/core/compiler/ecj/4.4.2/ecj-4.4.2.jar:/home/alex/.m2/repository/org/eclipse/jetty/apache-jstl/9.3.27.v20190418/apache-jstl-9.3.27.v20190418.jar:/home/alex/.m2/repository/org/apache/taglibs/taglibs-standard-spec/1.2.5/taglibs-standard-spec-1.2.5.jar:/home/alex/.m2/repository/org/apache/taglibs/taglibs-standard-impl/1.2.5/taglibs-standard-impl-1.2.5.jar:/home/alex/.m2/repository/javax/servlet/javax.servlet-api/3.1.0/javax.servlet-api-3.1.0.jar:/home/alex/.m2/repository/org/apache/thrift/libfb303/0.9.3/libfb303-0.9.3.jar:/home/alex/.m2/repository/org/apache/thrift/libthrift/0.14.1/libthrift-0.14.1.jar:/home/alex/.m2/repository/org/apache/httpcomponents/httpclient/4.5.13/httpclient-4.5.13.jar:/home/alex/.m2/repository/org/apache/httpcomponents/httpcore/4.4.13/httpcore-4.4.13.jar:/home/alex/.m2/repository/org/apache/tomcat/embed/tomcat-embed-core/8.5.46/tomcat-embed-core-8.5.46.jar:/home/alex/.m2/repository/org/apache/tomcat/tomcat-annotations-api/8.5.46/tomcat-annotations-api-8.5.46.jar:/home/alex/.m2/repository/javax/annotation/javax.annotation-api/1.3.2/javax.annotation-api-1.3.2.jar:/home/alex/.m2/repository/org/apache/curator/curator-framework/4.2.0/curator-framework-4.2.0.jar:/home/alex/.m2/repository/org/apache/curator/curator-client/4.2.0/curator-client-4.2.0.jar:/home/alex/.m2/repository/org/apache/curator/curator-recipes/4.2.0/curator-recipes-4.2.0.jar:/home/alex/.m2/repository/org/apache/hadoop/hadoop-common/3.1.0/hadoop-common-3.1.0.jar:/home/alex/.m2/repository/org/apache/hadoop/hadoop-annotations/3.1.0/hadoop-annotations-3.1.0.jar:/home/alex/.m2/repository/commons-net/commons-net/3.6/commons-net-3.6.jar:/home/alex/.m2/repository/com/sun/jersey/jersey-core/1.19/jersey-core-1.19.jar:/home/alex/.m2/repository/javax/ws/rs/jsr311-api/1.1.1/jsr311-api-1.1.1.jar:/home/alex/.m2/repository/com/sun/jersey/jersey-servlet/1.19/jersey-servlet-1.19.jar:/home/alex/.m2/repository/com/sun/jersey/jersey-json/1.19/jersey-json-1.19.jar:/home/alex/.m2/repository/com/sun/xml/bind/jaxb-impl/2.2.3-1/jaxb-impl-2.2.3-1.jar:/home/alex/.m2/repository/org/codehaus/jackson/jackson-jaxrs/1.9.2/jackson-jaxrs-1.9.2.jar:/home/alex/.m2/repository/org/codehaus/jackson/jackson-xc/1.9.2/jackson-xc-1.9.2.jar:/home/alex/.m2/repository/com/sun/jersey/jersey-server/1.19/jersey-server-1.19.jar:/home/alex/.m2/repository/log4j/log4j/1.2.17/log4j-1.2.17.jar:/home/alex/.m2/repository/commons-lang/commons-lang/2.6/commons-lang-2.6.jar:/home/alex/.m2/repository/org/apache/commons/commons-configuration2/2.1.1/commons-configuration2-2.1.1.jar:/home/alex/.m2/repository/org/apache/hadoop/hadoop-auth/3.1.0/hadoop-auth-3.1.0.jar:/home/alex/.m2/repository/com/nimbusds/nimbus-jose-jwt/4.41.1/nimbus-jose-jwt-4.41.1.jar:/home/alex/.m2/repository/com/github/stephenc/jcip/jcip-annotations/1.0-1/jcip-annotations-1.0-1.jar:/home/alex/.m2/repository/com/jcraft/jsch/0.1.54/jsch-0.1.54.jar:/home/alex/.m2/repository/com/google/code/findbugs/jsr305/3.0.0/jsr305-3.0.0.jar:/home/alex/.m2/repository/org/apache/htrace/htrace-core4/4.1.0-incubating/htrace-core4-4.1.0-incubating.jar:/home/alex/.m2/repository/org/apache/kerby/kerb-simplekdc/1.0.1/kerb-simplekdc-1.0.1.jar:/home/alex/.m2/repository/org/apache/kerby/kerb-client/1.0.1/kerb-client-1.0.1.jar:/home/alex/.m2/repository/org/apache/kerby/kerby-config/1.0.1/kerby-config-1.0.1.jar:/home/alex/.m2/repository/org/apache/kerby/kerb-core/1.0.1/kerb-core-1.0.1.jar:/home/alex/.m2/repository/org/apache/kerby/kerby-pkix/1.0.1/kerby-pkix-1.0.1.jar:/home/alex/.m2/repository/org/apache/kerby/kerby-asn1/1.0.1/kerby-asn1-1.0.1.jar:/home/alex/.m2/repository/org/apache/kerby/kerby-util/1.0.1/kerby-util-1.0.1.jar:/home/alex/.m2/repository/org/apache/kerby/kerb-common/1.0.1/kerb-common-1.0.1.jar:/home/alex/.m2/repository/org/apache/kerby/kerb-crypto/1.0.1/kerb-crypto-1.0.1.jar:/home/alex/.m2/repository/org/apache/kerby/kerb-util/1.0.1/kerb-util-1.0.1.jar:/home/alex/.m2/repository/org/apache/kerby/token-provider/1.0.1/token-provider-1.0.1.jar:/home/alex/.m2/repository/org/apache/kerby/kerb-admin/1.0.1/kerb-admin-1.0.1.jar:/home/alex/.m2/repository/org/apache/kerby/kerb-server/1.0.1/kerb-server-1.0.1.jar:/home/alex/.m2/repository/org/apache/kerby/kerb-identity/1.0.1/kerb-identity-1.0.1.jar:/home/alex/.m2/repository/org/apache/kerby/kerby-xdr/1.0.1/kerby-xdr-1.0.1.jar:/home/alex/.m2/repository/org/codehaus/woodstox/stax2-api/3.1.4/stax2-api-3.1.4.jar:/home/alex/.m2/repository/com/fasterxml/woodstox/woodstox-core/5.0.3/woodstox-core-5.0.3.jar:/home/alex/.m2/repository/org/pac4j/pac4j-saml-opensamlv3/4.0.3/pac4j-saml-opensamlv3-4.0.3.jar:/home/alex/.m2/repository/org/pac4j/pac4j-core/4.0.3/pac4j-core-4.0.3.jar:/home/alex/.m2/repository/org/opensaml/opensaml-core/3.4.5/opensaml-core-3.4.5.jar:/home/alex/.m2/repository/net/shibboleth/utilities/java-support/7.5.1/java-support-7.5.1.jar:/home/alex/.m2/repository/org/opensaml/opensaml-saml-api/3.4.5/opensaml-saml-api-3.4.5.jar:/home/alex/.m2/repository/org/opensaml/opensaml-storage-api/3.4.5/opensaml-storage-api-3.4.5.jar:/home/alex/.m2/repository/org/opensaml/opensaml-saml-impl/3.4.5/opensaml-saml-impl-3.4.5.jar:/home/alex/.m2/repository/org/opensaml/opensaml-soap-impl/3.4.5/opensaml-soap-impl-3.4.5.jar:/home/alex/.m2/repository/org/opensaml/opensaml-soap-api/3.4.5/opensaml-soap-api-3.4.5.jar:/home/alex/.m2/repository/org/opensaml/opensaml-xmlsec-api/3.4.5/opensaml-xmlsec-api-3.4.5.jar:/home/alex/.m2/repository/org/opensaml/opensaml-security-api/3.4.5/opensaml-security-api-3.4.5.jar:/home/alex/.m2/repository/org/opensaml/opensaml-security-impl/3.4.5/opensaml-security-impl-3.4.5.jar:/home/alex/.m2/repository/org/opensaml/opensaml-profile-api/3.4.5/opensaml-profile-api-3.4.5.jar:/home/alex/.m2/repository/org/opensaml/opensaml-profile-impl/3.4.5/opensaml-profile-impl-3.4.5.jar:/home/alex/.m2/repository/org/opensaml/opensaml-messaging-api/3.4.5/opensaml-messaging-api-3.4.5.jar:/home/alex/.m2/repository/org/opensaml/opensaml-messaging-impl/3.4.5/opensaml-messaging-impl-3.4.5.jar:/home/alex/.m2/repository/org/opensaml/opensaml-storage-impl/3.4.5/opensaml-storage-impl-3.4.5.jar:/home/alex/.m2/repository/org/ldaptive/ldaptive/1.0.13/ldaptive-1.0.13.jar:/home/alex/.m2/repository/javax/json/javax.json-api/1.0/javax.json-api-1.0.jar:/home/alex/.m2/repository/net/spy/spymemcached/2.12.3/spymemcached-2.12.3.jar:/home/alex/.m2/repository/org/glassfish/javax.json/1.0.4/javax.json-1.0.4.jar:/home/alex/.m2/repository/org/opensaml/opensaml-xmlsec-impl/3.4.5/opensaml-xmlsec-impl-3.4.5.jar:/home/alex/.m2/repository/org/cryptacular/cryptacular/1.2.4/cryptacular-1.2.4.jar:/home/alex/.m2/repository/net/shibboleth/tool/xmlsectool/2.0.0/xmlsectool-2.0.0.jar:/home/alex/.m2/repository/com/beust/jcommander/1.48/jcommander-1.48.jar:/home/alex/.m2/repository/org/apache/velocity/velocity/1.5/velocity-1.5.jar:/home/alex/.m2/repository/oro/oro/2.0.8/oro-2.0.8.jar:/home/alex/.m2/repository/org/bouncycastle/bcprov-jdk15on/1.64/bcprov-jdk15on-1.64.jar:/home/alex/.m2/repository/org/apache/santuario/xmlsec/2.2.1/xmlsec-2.2.1.jar:/home/alex/.m2/repository/org/apache/hadoop/hadoop-mapreduce-client-core/3.1.0/hadoop-mapreduce-client-core-3.1.0.jar:/home/alex/.m2/repository/org/apache/hadoop/hadoop-yarn-client/3.1.0/hadoop-yarn-client-3.1.0.jar:/home/alex/.m2/repository/org/apache/hadoop/hadoop-yarn-common/3.1.0/hadoop-yarn-common-3.1.0.jar:/home/alex/.m2/repository/com/google/inject/guice/4.0/guice-4.0.jar:/home/alex/.m2/repository/aopalliance/aopalliance/1.0/aopalliance-1.0.jar:/home/alex/.m2/repository/com/sun/jersey/contribs/jersey-guice/1.19/jersey-guice-1.19.jar:/home/alex/.m2/repository/com/fasterxml/jackson/module/jackson-module-jaxb-annotations/2.12.0/jackson-module-jaxb-annotations-2.12.0.jar:/home/alex/.m2/repository/jakarta/xml/bind/jakarta.xml.bind-api/2.3.2/jakarta.xml.bind-api-2.3.2.jar:/home/alex/.m2/repository/jakarta/activation/jakarta.activation-api/1.2.1/jakarta.activation-api-1.2.1.jar:/home/alex/.m2/repository/org/apache/hadoop/hadoop-hdfs-client/3.1.0/hadoop-hdfs-client-3.1.0.jar:/home/alex/.m2/repository/com/squareup/okhttp/okhttp/2.7.5/okhttp-2.7.5.jar:/home/alex/.m2/repository/com/squareup/okio/okio/1.6.0/okio-1.6.0.jar:/home/alex/.m2/repository/com/google/inject/extensions/guice-servlet/4.0/guice-servlet-4.0.jar:/home/alex/.m2/repository/org/jamon/jamon-runtime/2.3.1/jamon-runtime-2.3.1.jar:/home/alex/Repositories/hive/ql/target/test-classes:/home/alex/Repositories/hive/common/target/test-classes:/home/alex/Repositories/hive/standalone-metastore/metastore-common/target/test-classes:/home/alex/.m2/repository/com/zaxxer/HikariCP/2.6.1/HikariCP-2.6.1.jar:/home/alex/.m2/repository/commons-logging/commons-logging/1.1.3/commons-logging-1.1.3.jar:/home/alex/.m2/repository/com/github/ben-manes/caffeine/caffeine/2.8.4/caffeine-2.8.4.jar:/home/alex/.m2/repository/org/checkerframework/checker-qual/3.4.0/checker-qual-3.4.0.jar:/home/alex/.m2/repository/com/google/errorprone/error_prone_annotations/2.3.4/error_prone_annotations-2.3.4.jar:/home/alex/Repositories/hive/standalone-metastore/metastore-server/target/test-classes:/home/alex/.m2/repository/org/apache/commons/commons-dbcp2/2.7.0/commons-dbcp2-2.7.0.jar:/home/alex/.m2/repository/org/apache/commons/commons-pool2/2.7.0/commons-pool2-2.7.0.jar:/home/alex/.m2/repository/commons-beanutils/commons-beanutils/1.9.4/commons-beanutils-1.9.4.jar:/home/alex/.m2/repository/org/datanucleus/datanucleus-api-jdo/5.2.4/datanucleus-api-jdo-5.2.4.jar:/home/alex/.m2/repository/org/datanucleus/datanucleus-rdbms/5.2.4/datanucleus-rdbms-5.2.4.jar:/home/alex/.m2/repository/org/datanucleus/javax.jdo/3.2.0-release/javax.jdo-3.2.0-release.jar:/home/alex/.m2/repository/javax/transaction/javax.transaction-api/1.3/javax.transaction-api-1.3.jar:/home/alex/.m2/repository/org/glassfish/corba/glassfish-corba-omgapi/4.2.2/glassfish-corba-omgapi-4.2.2.jar:/home/alex/.m2/repository/sqlline/sqlline/1.9.0/sqlline-1.9.0.jar:/home/alex/.m2/repository/org/jline/jline-terminal/3.12.1/jline-terminal-3.12.1.jar:/home/alex/.m2/repository/org/jline/jline-reader/3.12.1/jline-reader-3.12.1.jar:/home/alex/.m2/repository/org/jline/jline-terminal-jansi/3.12.1/jline-terminal-jansi-3.12.1.jar:/home/alex/.m2/repository/org/fusesource/jansi/jansi/1.18/jansi-1.18.jar:/home/alex/.m2/repository/org/jline/jline-terminal-jna/3.12.1/jline-terminal-jna-3.12.1.jar:/home/alex/.m2/repository/net/java/dev/jna/jna/5.3.1/jna-5.3.1.jar:/home/alex/.m2/repository/org/jline/jline-builtins/3.12.1/jline-builtins-3.12.1.jar:/home/alex/.m2/repository/org/jline/jline-style/3.12.1/jline-style-3.12.1.jar:/home/alex/.m2/repository/com/cronutils/cron-utils/9.1.3/cron-utils-9.1.3.jar:/home/alex/.m2/repository/org/glassfish/javax.el/3.0.0/javax.el-3.0.0.jar:/home/alex/.m2/repository/com/oracle/database/jdbc/ojdbc8/21.3.0.0/ojdbc8-21.3.0.0.jar:/home/alex/.m2/repository/mysql/mysql-connector-java/8.0.27/mysql-connector-java-8.0.27.jar:/home/alex/.m2/repository/com/microsoft/sqlserver/mssql-jdbc/6.2.1.jre8/mssql-jdbc-6.2.1.jre8.jar:/home/alex/.m2/repository/org/postgresql/postgresql/42.2.14/postgresql-42.2.14.jar:/home/alex/.m2/repository/junit/junit/4.13/junit-4.13.jar:/home/alex/.m2/repository/org/hamcrest/hamcrest-core/1.3/hamcrest-core-1.3.jar:/home/alex/.m2/repository/org/junit/jupiter/junit-jupiter-engine/5.6.2/junit-jupiter-engine-5.6.2.jar:/home/alex/.m2/repository/org/apiguardian/apiguardian-api/1.1.0/apiguardian-api-1.1.0.jar:/home/alex/.m2/repository/org/junit/platform/junit-platform-engine/1.6.2/junit-platform-engine-1.6.2.jar:/home/alex/.m2/repository/org/opentest4j/opentest4j/1.2.0/opentest4j-1.2.0.jar:/home/alex/.m2/repository/org/junit/platform/junit-platform-commons/1.6.2/junit-platform-commons-1.6.2.jar:/home/alex/.m2/repository/org/junit/jupiter/junit-jupiter-api/5.6.2/junit-jupiter-api-5.6.2.jar:/home/alex/.m2/repository/org/junit/vintage/junit-vintage-engine/5.6.2/junit-vintage-engine-5.6.2.jar:/home/alex/.m2/repository/org/apache/tez/tez-api/0.10.1/tez-api-0.10.1.jar:/home/alex/.m2/repository/org/apache/hadoop/hadoop-yarn-api/3.1.0/hadoop-yarn-api-3.1.0.jar:/home/alex/.m2/repository/com/sun/jersey/jersey-client/1.19/jersey-client-1.19.jar:/usr/lib/jvm/java-8-openjdk-amd64/jre/../lib/tools.jar:/home/alex/.m2/repository/org/apache/tez/tez-runtime-library/0.10.1/tez-runtime-library-0.10.1.jar:/home/alex/.m2/repository/org/roaringbitmap/RoaringBitmap/0.5.21/RoaringBitmap-0.5.21.jar:/home/alex/.m2/repository/org/asynchttpclient/async-http-client/2.12.1/async-http-client-2.12.1.jar:/home/alex/.m2/repository/org/asynchttpclient/async-http-client-netty-utils/2.12.1/async-http-client-netty-utils-2.12.1.jar:/home/alex/.m2/repository/io/netty/netty-buffer/4.1.48.Final/netty-buffer-4.1.48.Final.jar:/home/alex/.m2/repository/io/netty/netty-codec-http/4.1.48.Final/netty-codec-http-4.1.48.Final.jar:/home/alex/.m2/repository/io/netty/netty-common/4.1.48.Final/netty-common-4.1.48.Final.jar:/home/alex/.m2/repository/io/netty/netty-transport/4.1.48.Final/netty-transport-4.1.48.Final.jar:/home/alex/.m2/repository/io/netty/netty-codec/4.1.48.Final/netty-codec-4.1.48.Final.jar:/home/alex/.m2/repository/io/netty/netty-handler/4.1.48.Final/netty-handler-4.1.48.Final.jar:/home/alex/.m2/repository/io/netty/netty-resolver/4.1.48.Final/netty-resolver-4.1.48.Final.jar:/home/alex/.m2/repository/io/netty/netty-codec-socks/4.1.48.Final/netty-codec-socks-4.1.48.Final.jar:/home/alex/.m2/repository/io/netty/netty-handler-proxy/4.1.48.Final/netty-handler-proxy-4.1.48.Final.jar:/home/alex/.m2/repository/io/netty/netty-transport-native-epoll/4.1.48.Final/netty-transport-native-epoll-4.1.48.Final-linux-x86_64.jar:/home/alex/.m2/repository/io/netty/netty-transport-native-unix-common/4.1.48.Final/netty-transport-native-unix-common-4.1.48.Final.jar:/home/alex/.m2/repository/io/netty/netty-transport-native-kqueue/4.1.48.Final/netty-transport-native-kqueue-4.1.48.Final-osx-x86_64.jar:/home/alex/.m2/repository/org/reactivestreams/reactive-streams/1.0.3/reactive-streams-1.0.3.jar:/home/alex/.m2/repository/com/typesafe/netty/netty-reactive-streams/2.0.4/netty-reactive-streams-2.0.4.jar:/home/alex/.m2/repository/com/sun/activation/javax.activation/1.2.0/javax.activation-1.2.0.jar:/home/alex/.m2/repository/org/apache/tez/tez-common/0.10.1/tez-common-0.10.1.jar:/home/alex/.m2/repository/org/apache/tez/tez-dag/0.10.1/tez-dag-0.10.1.jar:/home/alex/.m2/repository/org/apache/tez/hadoop-shim/0.10.1/hadoop-shim-0.10.1.jar:/home/alex/.m2/repository/org/apache/tez/tez-runtime-internals/0.10.1/tez-runtime-internals-0.10.1.jar:/home/alex/.m2/repository/org/apache/directory/server/apacheds-server-integ/1.5.7/apacheds-server-integ-1.5.7.jar:/home/alex/.m2/repository/org/apache/directory/server/apacheds-interceptor-kerberos/1.5.7/apacheds-interceptor-kerberos-1.5.7.jar:/home/alex/.m2/repository/org/apache/directory/server/apacheds-core/1.5.7/apacheds-core-1.5.7.jar:/home/alex/.m2/repository/org/apache/directory/server/apacheds-core-api/1.5.7/apacheds-core-api-1.5.7.jar:/home/alex/.m2/repository/org/apache/directory/server/apacheds-core-entry/1.5.7/apacheds-core-entry-1.5.7.jar:/home/alex/.m2/repository/org/apache/directory/server/apacheds-core-constants/1.5.7/apacheds-core-constants-1.5.7.jar:/home/alex/.m2/repository/org/apache/directory/server/apacheds-utils/1.5.7/apacheds-utils-1.5.7.jar:/home/alex/.m2/repository/bouncycastle/bcprov-jdk15/140/bcprov-jdk15-140.jar:/home/alex/.m2/repository/org/apache/directory/server/apacheds-kerberos-shared/1.5.7/apacheds-kerberos-shared-1.5.7.jar:/home/alex/.m2/repository/org/apache/directory/server/apacheds-core-jndi/1.5.7/apacheds-core-jndi-1.5.7.jar:/home/alex/.m2/repository/org/apache/directory/server/apacheds-protocol-shared/1.5.7/apacheds-protocol-shared-1.5.7.jar:/home/alex/.m2/repository/org/apache/directory/server/apacheds-core-integ/1.5.7/apacheds-core-integ-1.5.7.jar:/home/alex/.m2/repository/ldapsdk/ldapsdk/4.1/ldapsdk-4.1.jar:/home/alex/.m2/repository/org/apache/directory/client/ldap/ldap-client-api/0.1/ldap-client-api-0.1.jar:/home/alex/.m2/repository/commons-pool/commons-pool/1.5.4/commons-pool-1.5.4.jar:/home/alex/.m2/repository/org/apache/mina/mina-core/2.0.0-RC1/mina-core-2.0.0-RC1.jar:/home/alex/.m2/repository/org/apache/directory/shared/shared-ldap/0.9.19/shared-ldap-0.9.19.jar:/home/alex/.m2/repository/org/apache/directory/shared/shared-i18n/0.9.19/shared-i18n-0.9.19.jar:/home/alex/.m2/repository/antlr/antlr/2.7.7/antlr-2.7.7.jar:/home/alex/.m2/repository/org/apache/directory/shared/shared-ldap-schema/0.9.19/shared-ldap-schema-0.9.19.jar:/home/alex/.m2/repository/org/apache/directory/shared/shared-ldap-schema-loader/0.9.19/shared-ldap-schema-loader-0.9.19.jar:/home/alex/.m2/repository/org/apache/directory/shared/shared-ldap-schema-manager/0.9.19/shared-ldap-schema-manager-0.9.19.jar:/home/alex/.m2/repository/org/apache/directory/shared/shared-cursor/0.9.19/shared-cursor-0.9.19.jar:/home/alex/.m2/repository/org/apache/directory/shared/shared-ldap-jndi/0.9.19/shared-ldap-jndi-0.9.19.jar:/home/alex/.m2/repository/org/apache/directory/shared/shared-asn1-codec/0.9.19/shared-asn1-codec-0.9.19.jar:/home/alex/.m2/repository/org/apache/directory/shared/shared-asn1/0.9.19/shared-asn1-0.9.19.jar:/home/alex/.m2/repository/org/apache/directory/shared/shared-ldap-constants/0.9.19/shared-ldap-constants-0.9.19.jar:/home/alex/.m2/repository/org/apache/directory/shared/shared-ldap-converter/0.9.19/shared-ldap-converter-0.9.19.jar:/home/alex/.m2/repository/org/apache/directory/shared/shared-ldap-schema-dao/0.9.19/shared-ldap-schema-dao-0.9.19.jar:/home/alex/.m2/repository/org/apache/directory/shared/shared-ldif/0.9.19/shared-ldif-0.9.19.jar:/home/alex/.m2/repository/org/apache/directory/shared/shared-dsml-parser/0.9.19/shared-dsml-parser-0.9.19.jar:/home/alex/.m2/repository/dom4j/dom4j/1.6.1/dom4j-1.6.1.jar:/home/alex/.m2/repository/xml-apis/xml-apis/1.0.b2/xml-apis-1.0.b2.jar:/home/alex/.m2/repository/xpp3/xpp3/1.1.4c/xpp3-1.1.4c.jar:/home/alex/.m2/repository/org/apache/directory/server/apacheds-test-framework/1.5.7/apacheds-test-framework-1.5.7.jar:/home/alex/.m2/repository/org/apache/directory/server/apacheds-i18n/1.5.7/apacheds-i18n-1.5.7.jar:/home/alex/.m2/repository/org/apache/directory/server/apacheds-server-annotations/1.5.7/apacheds-server-annotations-1.5.7.jar:/home/alex/.m2/repository/org/apache/directory/server/apacheds-core-annotations/1.5.7/apacheds-core-annotations-1.5.7.jar:/home/alex/.m2/repository/org/apache/directory/server/apacheds-jdbm-partition/1.5.7/apacheds-jdbm-partition-1.5.7.jar:/home/alex/.m2/repository/org/apache/directory/server/apacheds-jdbm-store/1.5.7/apacheds-jdbm-store-1.5.7.jar:/home/alex/.m2/repository/org/apache/directory/server/apacheds-jdbm/1.5.7/apacheds-jdbm-1.5.7.jar:/home/alex/.m2/repository/org/apache/directory/server/apacheds-core-avl/1.5.7/apacheds-core-avl-1.5.7.jar:/home/alex/.m2/repository/org/apache/directory/server/apacheds-xdbm-search/1.5.7/apacheds-xdbm-search-1.5.7.jar:/home/alex/.m2/repository/org/apache/directory/server/apacheds-ldif-partition/1.5.7/apacheds-ldif-partition-1.5.7.jar:/home/alex/.m2/repository/org/apache/directory/server/apacheds-avl-partition/1.5.7/apacheds-avl-partition-1.5.7.jar:/home/alex/.m2/repository/org/apache/directory/server/apacheds-core-mock/1.5.7/apacheds-core-mock-1.5.7.jar:/home/alex/.m2/repository/org/apache/directory/server/apacheds-protocol-ldap/1.5.7/apacheds-protocol-ldap-1.5.7.jar:/home/alex/.m2/repository/org/apache/directory/server/apacheds-xdbm-tools/1.5.7/apacheds-xdbm-tools-1.5.7.jar:/home/alex/.m2/repository/org/apache/directory/server/apacheds-xdbm-base/1.5.7/apacheds-xdbm-base-1.5.7.jar:/home/alex/.m2/repository/org/apache/directory/server/apacheds-protocol-kerberos/1.5.7/apacheds-protocol-kerberos-1.5.7.jar:/home/alex/.m2/repository/org/powermock/powermock-module-junit4/2.0.2/powermock-module-junit4-2.0.2.jar:/home/alex/.m2/repository/org/powermock/powermock-module-junit4-common/2.0.2/powermock-module-junit4-common-2.0.2.jar:/home/alex/.m2/repository/org/powermock/powermock-reflect/2.0.2/powermock-reflect-2.0.2.jar:/home/alex/.m2/repository/org/powermock/powermock-core/2.0.2/powermock-core-2.0.2.jar:/home/alex/.m2/repository/org/powermock/powermock-api-mockito2/2.0.2/powermock-api-mockito2-2.0.2.jar:/home/alex/.m2/repository/org/powermock/powermock-api-support/2.0.2/powermock-api-support-2.0.2.jar:/home/alex/.m2/repository/org/slf4j/slf4j-api/1.7.30/slf4j-api-1.7.30.jar:/home/alex/.m2/repository/org/mockito/mockito-core/3.4.4/mockito-core-3.4.4.jar:/home/alex/.m2/repository/net/bytebuddy/byte-buddy/1.10.13/byte-buddy-1.10.13.jar:/home/alex/.m2/repository/net/bytebuddy/byte-buddy-agent/1.10.13/byte-buddy-agent-1.10.13.jar:/home/alex/.m2/repository/org/objenesis/objenesis/2.6/objenesis-2.6.jar:/home/alex/Repositories/hive/service/target/testconf:/home/alex/Repositories/hive/service/../conf:"/>
    <property name="java.vm.vendor" value="Private Build"/>
    <property name="hadoop.version" value="3.1.0"/>
    <property name="user.timezone" value="US/Pacific"/>
    <property name="test.local.warehouse.dir" value="pfile:///home/alex/Repositories/hive/service/target/localfs/warehouse"/>
    <property name="java.vm.specification.version" value="1.8"/>
    <property name="os.name" value="Linux"/>
    <property name="clustermode" value=""/>
    <property name="test.build.data" value="/home/alex/Repositories/hive/service/target/tmp"/>
    <property name="user.country" value="US"/>
    <property name="sun.java.launcher" value="SUN_STANDARD"/>
    <property name="test.data.files" value="/home/alex/Repositories/hive/service/../data/files"/>
    <property name="nondexLogging" value="CONFIG"/>
    <property name="surefire.test.class.path" value="/home/alex/Repositories/hive/service/target/test-classes:/home/alex/Repositories/hive/service/target/classes:/home/alex/Repositories/hive/common/target/classes:/home/alex/Repositories/hive/classification/target/classes:/home/alex/Repositories/hive/shims/aggregator/target/classes:/home/alex/Repositories/hive/shims/common/target/classes:/home/alex/Repositories/hive/shims/0.23/target/classes:/home/alex/.m2/repository/org/apache/hadoop/hadoop-yarn-server-resourcemanager/3.1.0/hadoop-yarn-server-resourcemanager-3.1.0.jar:/home/alex/.m2/repository/org/apache/hadoop/hadoop-yarn-server-common/3.1.0/hadoop-yarn-server-common-3.1.0.jar:/home/alex/.m2/repository/org/apache/geronimo/specs/geronimo-jcache_1.0_spec/1.0-alpha-1/geronimo-jcache_1.0_spec-1.0-alpha-1.jar:/home/alex/.m2/repository/org/ehcache/ehcache/3.3.1/ehcache-3.3.1.jar:/home/alex/.m2/repository/com/zaxxer/HikariCP-java7/2.4.12/HikariCP-java7-2.4.12.jar:/home/alex/.m2/repository/org/apache/hadoop/hadoop-yarn-server-applicationhistoryservice/3.1.0/hadoop-yarn-server-applicationhistoryservice-3.1.0.jar:/home/alex/.m2/repository/de/ruedigermoeller/fst/2.50/fst-2.50.jar:/home/alex/.m2/repository/com/cedarsoftware/java-util/1.9.0/java-util-1.9.0.jar:/home/alex/.m2/repository/com/cedarsoftware/json-io/2.5.1/json-io-2.5.1.jar:/home/alex/.m2/repository/org/fusesource/leveldbjni/leveldbjni-all/1.8/leveldbjni-all-1.8.jar:/home/alex/Repositories/hive/shims/scheduler/target/classes:/home/alex/Repositories/hive/storage-api/target/classes:/home/alex/Repositories/hive/standalone-metastore/metastore-common/target/classes:/home/alex/.m2/repository/com/google/guava/guava/19.0/guava-19.0.jar:/home/alex/.m2/repository/org/apache/commons/commons-lang3/3.9/commons-lang3-3.9.jar:/home/alex/.m2/repository/org/apache/commons/commons-math3/3.6.1/commons-math3-3.6.1.jar:/home/alex/.m2/repository/org/apache/orc/orc-core/1.6.9/orc-core-1.6.9.jar:/home/alex/.m2/repository/org/apache/orc/orc-shims/1.6.9/orc-shims-1.6.9.jar:/home/alex/.m2/repository/io/airlift/aircompressor/0.19/aircompressor-0.19.jar:/home/alex/.m2/repository/javax/xml/bind/jaxb-api/2.2.11/jaxb-api-2.2.11.jar:/home/alex/.m2/repository/org/jetbrains/annotations/17.0.0/annotations-17.0.0.jar:/home/alex/.m2/repository/org/threeten/threeten-extra/1.5.0/threeten-extra-1.5.0.jar:/home/alex/.m2/repository/jline/jline/2.14.6/jline-2.14.6.jar:/home/alex/.m2/repository/org/eclipse/jetty/jetty-http/9.3.27.v20190418/jetty-http-9.3.27.v20190418.jar:/home/alex/.m2/repository/org/eclipse/jetty/jetty-rewrite/9.3.27.v20190418/jetty-rewrite-9.3.27.v20190418.jar:/home/alex/.m2/repository/org/eclipse/jetty/jetty-client/9.3.27.v20190418/jetty-client-9.3.27.v20190418.jar:/home/alex/.m2/repository/org/eclipse/jetty/jetty-webapp/9.3.27.v20190418/jetty-webapp-9.3.27.v20190418.jar:/home/alex/.m2/repository/org/eclipse/jetty/jetty-xml/9.3.27.v20190418/jetty-xml-9.3.27.v20190418.jar:/home/alex/.m2/repository/joda-time/joda-time/2.9.9/joda-time-2.9.9.jar:/home/alex/.m2/repository/org/apache/logging/log4j/log4j-1.2-api/2.13.2/log4j-1.2-api-2.13.2.jar:/home/alex/.m2/repository/org/apache/logging/log4j/log4j-api/2.13.2/log4j-api-2.13.2.jar:/home/alex/.m2/repository/org/apache/logging/log4j/log4j-web/2.13.2/log4j-web-2.13.2.jar:/home/alex/.m2/repository/org/apache/logging/log4j/log4j-slf4j-impl/2.13.2/log4j-slf4j-impl-2.13.2.jar:/home/alex/.m2/repository/org/apache/commons/commons-compress/1.21/commons-compress-1.21.jar:/home/alex/.m2/repository/org/apache/ant/ant/1.9.1/ant-1.9.1.jar:/home/alex/.m2/repository/org/apache/ant/ant-launcher/1.9.1/ant-launcher-1.9.1.jar:/home/alex/.m2/repository/com/tdunning/json/1.8/json-1.8.jar:/home/alex/.m2/repository/io/dropwizard/metrics/metrics-core/3.1.0/metrics-core-3.1.0.jar:/home/alex/.m2/repository/io/dropwizard/metrics/metrics-jvm/3.1.0/metrics-jvm-3.1.0.jar:/home/alex/.m2/repository/io/dropwizard/metrics/metrics-json/3.1.0/metrics-json-3.1.0.jar:/home/alex/.m2/repository/com/fasterxml/jackson/core/jackson-databind/2.12.0/jackson-databind-2.12.0.jar:/home/alex/.m2/repository/com/github/joshelser/dropwizard-metrics-hadoop-metrics2-reporter/0.1.2/dropwizard-metrics-hadoop-metrics2-reporter-0.1.2.jar:/home/alex/.m2/repository/javolution/javolution/5.5.1/javolution-5.5.1.jar:/home/alex/Repositories/hive/ql/target/classes:/home/alex/.m2/repository/org/apache/atlas/atlas-client-v2/2.1.0/atlas-client-v2-2.1.0.jar:/home/alex/.m2/repository/cglib/cglib/2.2.2/cglib-2.2.2.jar:/home/alex/.m2/repository/asm/asm/3.3.1/asm-3.3.1.jar:/home/alex/.m2/repository/org/apache/atlas/atlas-client-common/2.1.0/atlas-client-common-2.1.0.jar:/home/alex/.m2/repository/org/apache/atlas/atlas-intg/2.1.0/atlas-intg-2.1.0.jar:/home/alex/.m2/repository/commons-collections/commons-collections/3.2.2/commons-collections-3.2.2.jar:/home/alex/.m2/repository/commons-validator/commons-validator/1.6/commons-validator-1.6.jar:/home/alex/.m2/repository/commons-digester/commons-digester/1.8.1/commons-digester-1.8.1.jar:/home/alex/.m2/repository/com/fasterxml/jackson/jaxrs/jackson-jaxrs-base/2.12.0/jackson-jaxrs-base-2.12.0.jar:/home/alex/.m2/repository/com/fasterxml/jackson/jaxrs/jackson-jaxrs-json-provider/2.12.0/jackson-jaxrs-json-provider-2.12.0.jar:/home/alex/.m2/repository/javax/inject/javax.inject/1/javax.inject-1.jar:/home/alex/.m2/repository/org/springframework/spring-context/4.3.20.RELEASE/spring-context-4.3.20.RELEASE.jar:/home/alex/.m2/repository/org/springframework/spring-aop/4.3.20.RELEASE/spring-aop-4.3.20.RELEASE.jar:/home/alex/.m2/repository/org/springframework/spring-beans/4.3.20.RELEASE/spring-beans-4.3.20.RELEASE.jar:/home/alex/.m2/repository/org/springframework/spring-core/4.3.20.RELEASE/spring-core-4.3.20.RELEASE.jar:/home/alex/.m2/repository/org/springframework/spring-expression/4.3.20.RELEASE/spring-expression-4.3.20.RELEASE.jar:/home/alex/.m2/repository/commons-configuration/commons-configuration/1.10/commons-configuration-1.10.jar:/home/alex/Repositories/hive/vector-code-gen/target/classes:/home/alex/Repositories/hive/serde/target/classes:/home/alex/.m2/repository/org/apache/arrow/arrow-vector/0.15.1/arrow-vector-0.15.1.jar:/home/alex/.m2/repository/org/apache/arrow/arrow-format/0.15.1/arrow-format-0.15.1.jar:/home/alex/.m2/repository/org/apache/arrow/arrow-memory/0.15.1/arrow-memory-0.15.1.jar:/home/alex/.m2/repository/com/google/flatbuffers/flatbuffers-java/1.9.0/flatbuffers-java-1.9.0.jar:/home/alex/.m2/repository/com/carrotsearch/hppc/0.7.2/hppc-0.7.2.jar:/home/alex/.m2/repository/com/github/davidmoten/flatbuffers-java/1.6.0.1/flatbuffers-java-1.6.0.1.jar:/home/alex/Repositories/hive/parser/target/classes:/home/alex/Repositories/hive/udf/target/classes:/home/alex/Repositories/hive/llap-client/target/classes:/home/alex/Repositories/hive/llap-tez/target/classes:/home/alex/Repositories/hive/spark-client/target/classes:/home/alex/.m2/repository/com/fasterxml/jackson/module/jackson-module-scala_2.12/2.12.0/jackson-module-scala_2.12-2.12.0.jar:/home/alex/.m2/repository/org/scala-lang/scala-library/2.12.10/scala-library-2.12.10.jar:/home/alex/.m2/repository/org/apache/spark/spark-core_2.12/2.4.5/spark-core_2.12-2.4.5.jar:/home/alex/.m2/repository/com/twitter/chill_2.12/0.9.3/chill_2.12-0.9.3.jar:/home/alex/.m2/repository/com/twitter/chill-java/0.9.3/chill-java-0.9.3.jar:/home/alex/.m2/repository/org/apache/xbean/xbean-asm6-shaded/4.8/xbean-asm6-shaded-4.8.jar:/home/alex/.m2/repository/org/apache/hadoop/hadoop-client/3.1.0/hadoop-client-3.1.0.jar:/home/alex/.m2/repository/org/apache/hadoop/hadoop-mapreduce-client-jobclient/3.1.0/hadoop-mapreduce-client-jobclient-3.1.0.jar:/home/alex/.m2/repository/org/apache/hadoop/hadoop-mapreduce-client-common/3.1.0/hadoop-mapreduce-client-common-3.1.0.jar:/home/alex/.m2/repository/org/apache/spark/spark-launcher_2.12/2.4.5/spark-launcher_2.12-2.4.5.jar:/home/alex/.m2/repository/org/apache/spark/spark-kvstore_2.12/2.4.5/spark-kvstore_2.12-2.4.5.jar:/home/alex/.m2/repository/org/apache/spark/spark-network-common_2.12/2.4.5/spark-network-common_2.12-2.4.5.jar:/home/alex/.m2/repository/org/apache/spark/spark-network-shuffle_2.12/2.4.5/spark-network-shuffle_2.12-2.4.5.jar:/home/alex/.m2/repository/org/apache/spark/spark-unsafe_2.12/2.4.5/spark-unsafe_2.12-2.4.5.jar:/home/alex/.m2/repository/javax/activation/activation/1.1.1/activation-1.1.1.jar:/home/alex/.m2/repository/org/slf4j/jul-to-slf4j/1.7.16/jul-to-slf4j-1.7.16.jar:/home/alex/.m2/repository/org/slf4j/jcl-over-slf4j/1.7.16/jcl-over-slf4j-1.7.16.jar:/home/alex/.m2/repository/com/ning/compress-lzf/1.0.3/compress-lzf-1.0.3.jar:/home/alex/.m2/repository/org/json4s/json4s-jackson_2.12/3.5.3/json4s-jackson_2.12-3.5.3.jar:/home/alex/.m2/repository/org/json4s/json4s-core_2.12/3.5.3/json4s-core_2.12-3.5.3.jar:/home/alex/.m2/repository/org/json4s/json4s-ast_2.12/3.5.3/json4s-ast_2.12-3.5.3.jar:/home/alex/.m2/repository/org/json4s/json4s-scalap_2.12/3.5.3/json4s-scalap_2.12-3.5.3.jar:/home/alex/.m2/repository/org/scala-lang/modules/scala-xml_2.12/1.0.6/scala-xml_2.12-1.0.6.jar:/home/alex/.m2/repository/com/clearspring/analytics/stream/2.7.0/stream-2.7.0.jar:/home/alex/.m2/repository/io/dropwizard/metrics/metrics-graphite/3.1.5/metrics-graphite-3.1.5.jar:/home/alex/.m2/repository/net/razorvine/pyrolite/4.13/pyrolite-4.13.jar:/home/alex/.m2/repository/net/sf/py4j/py4j/0.10.7/py4j-0.10.7.jar:/home/alex/.m2/repository/org/apache/spark/spark-tags_2.12/2.4.5/spark-tags_2.12-2.4.5.jar:/home/alex/.m2/repository/org/apache/commons/commons-crypto/1.0.0/commons-crypto-1.0.0.jar:/home/alex/.m2/repository/org/spark-project/spark/unused/1.0.0/unused-1.0.0.jar:/home/alex/.m2/repository/org/apache/spark/spark-yarn_2.12/2.4.5/spark-yarn_2.12-2.4.5.jar:/home/alex/.m2/repository/org/apache/hadoop/hadoop-yarn-server-web-proxy/3.1.0/hadoop-yarn-server-web-proxy-3.1.0.jar:/home/alex/.m2/repository/com/amazonaws/secretsmanager/aws-secretsmanager-caching-java/1.0.1/aws-secretsmanager-caching-java-1.0.1.jar:/home/alex/.m2/repository/com/esotericsoftware/kryo/5.0.3/kryo-5.0.3.jar:/home/alex/.m2/repository/com/esotericsoftware/minlog/1.3.1/minlog-1.3.1.jar:/home/alex/.m2/repository/com/esotericsoftware/reflectasm/1.11.9/reflectasm-1.11.9.jar:/home/alex/.m2/repository/com/google/protobuf/protobuf-java/2.5.0/protobuf-java-2.5.0.jar:/home/alex/.m2/repository/org/apache/parquet/parquet-hadoop-bundle/1.11.1/parquet-hadoop-bundle-1.11.1.jar:/home/alex/.m2/repository/commons-io/commons-io/2.6/commons-io-2.6.jar:/home/alex/.m2/repository/org/apache/commons/commons-collections4/4.1/commons-collections4-4.1.jar:/home/alex/.m2/repository/org/apache/commons/commons-text/1.8/commons-text-1.8.jar:/home/alex/.m2/repository/org/apache/logging/log4j/log4j-core/2.13.2/log4j-core-2.13.2.jar:/home/alex/.m2/repository/org/antlr/antlr-runtime/3.5.2/antlr-runtime-3.5.2.jar:/home/alex/.m2/repository/org/antlr/ST4/4.0.4/ST4-4.0.4.jar:/home/alex/.m2/repository/org/apache/avro/avro/1.8.2/avro-1.8.2.jar:/home/alex/.m2/repository/org/codehaus/jackson/jackson-core-asl/1.9.13/jackson-core-asl-1.9.13.jar:/home/alex/.m2/repository/org/codehaus/jackson/jackson-mapper-asl/1.9.13/jackson-mapper-asl-1.9.13.jar:/home/alex/.m2/repository/com/thoughtworks/paranamer/paranamer/2.8/paranamer-2.8.jar:/home/alex/.m2/repository/org/xerial/snappy/snappy-java/1.1.4/snappy-java-1.1.4.jar:/home/alex/.m2/repository/org/tukaani/xz/1.5/xz-1.5.jar:/home/alex/.m2/repository/org/apache/avro/avro-mapred/1.8.2/avro-mapred-1.8.2-hadoop2.jar:/home/alex/.m2/repository/org/apache/avro/avro-ipc/1.8.2/avro-ipc-1.8.2.jar:/home/alex/.m2/repository/org/mortbay/jetty/jetty/6.1.26/jetty-6.1.26.jar:/home/alex/.m2/repository/org/apache/hadoop/hadoop-yarn-registry/3.1.0/hadoop-yarn-registry-3.1.0.jar:/home/alex/.m2/repository/commons-daemon/commons-daemon/1.0.13/commons-daemon-1.0.13.jar:/home/alex/.m2/repository/dnsjava/dnsjava/2.1.7/dnsjava-2.1.7.jar:/home/alex/.m2/repository/org/apache/orc/orc-tools/1.6.9/orc-tools-1.6.9.jar:/home/alex/.m2/repository/com/opencsv/opencsv/3.9/opencsv-3.9.jar:/home/alex/.m2/repository/org/apache/hadoop/hadoop-hdfs/3.1.0/hadoop-hdfs-3.1.0.jar:/home/alex/.m2/repository/org/eclipse/jetty/jetty-util-ajax/9.3.19.v20170502/jetty-util-ajax-9.3.19.v20170502.jar:/home/alex/.m2/repository/org/threeten/threetenbp/1.3.5/threetenbp-1.3.5.jar:/home/alex/.m2/repository/org/apache/ivy/ivy/2.4.0/ivy-2.4.0.jar:/home/alex/.m2/repository/org/apache/zookeeper/zookeeper/3.5.5/zookeeper-3.5.5.jar:/home/alex/.m2/repository/org/apache/zookeeper/zookeeper-jute/3.5.5/zookeeper-jute-3.5.5.jar:/home/alex/.m2/repository/org/apache/yetus/audience-annotations/0.5.0/audience-annotations-0.5.0.jar:/home/alex/.m2/repository/org/apache/datasketches/datasketches-hive/1.1.0-incubating/datasketches-hive-1.1.0-incubating.jar:/home/alex/.m2/repository/org/apache/datasketches/datasketches-java/1.3.0-incubating/datasketches-java-1.3.0-incubating.jar:/home/alex/.m2/repository/org/apache/datasketches/datasketches-memory/1.2.0-incubating/datasketches-memory-1.2.0-incubating.jar:/home/alex/.m2/repository/org/slf4j/slf4j-simple/1.7.27/slf4j-simple-1.7.27.jar:/home/alex/.m2/repository/org/codehaus/groovy/groovy-all/2.4.11/groovy-all-2.4.11.jar:/home/alex/.m2/repository/org/jodd/jodd-util/6.0.0/jodd-util-6.0.0.jar:/home/alex/.m2/repository/com/fasterxml/jackson/core/jackson-annotations/2.12.0/jackson-annotations-2.12.0.jar:/home/alex/.m2/repository/com/fasterxml/jackson/core/jackson-core/2.12.0/jackson-core-2.12.0.jar:/home/alex/.m2/repository/com/fasterxml/jackson/dataformat/jackson-dataformat-yaml/2.12.0/jackson-dataformat-yaml-2.12.0.jar:/home/alex/.m2/repository/org/yaml/snakeyaml/1.27/snakeyaml-1.27.jar:/home/alex/.m2/repository/org/datanucleus/datanucleus-core/5.2.4/datanucleus-core-5.2.4.jar:/home/alex/.m2/repository/org/apache/calcite/calcite-core/1.25.0/calcite-core-1.25.0.jar:/home/alex/.m2/repository/org/apache/calcite/calcite-linq4j/1.25.0/calcite-linq4j-1.25.0.jar:/home/alex/.m2/repository/com/esri/geometry/esri-geometry-api/2.2.0/esri-geometry-api-2.2.0.jar:/home/alex/.m2/repository/com/yahoo/datasketches/sketches-core/0.9.0/sketches-core-0.9.0.jar:/home/alex/.m2/repository/com/yahoo/datasketches/memory/0.9.0/memory-0.9.0.jar:/home/alex/.m2/repository/org/apache/calcite/calcite-druid/1.25.0/calcite-druid-1.25.0.jar:/home/alex/.m2/repository/org/apache/calcite/avatica/avatica/1.12.0/avatica-1.12.0.jar:/home/alex/.m2/repository/com/googlecode/javaewah/JavaEWAH/0.3.2/JavaEWAH-0.3.2.jar:/home/alex/.m2/repository/com/google/code/gson/gson/2.2.4/gson-2.2.4.jar:/home/alex/.m2/repository/stax/stax-api/1.0.1/stax-api-1.0.1.jar:/home/alex/.m2/repository/net/sf/opencsv/opencsv/2.3/opencsv-2.3.jar:/home/alex/Repositories/hive/standalone-metastore/metastore-server/target/classes:/home/alex/.m2/repository/com/google/re2j/re2j/1.2/re2j-1.2.jar:/home/alex/.m2/repository/org/reflections/reflections/0.9.10/reflections-0.9.10.jar:/home/alex/.m2/repository/org/javassist/javassist/3.19.0-GA/javassist-3.19.0-GA.jar:/home/alex/.m2/repository/com/jayway/jsonpath/json-path/2.4.0/json-path-2.4.0.jar:/home/alex/.m2/repository/net/minidev/json-smart/2.3/json-smart-2.3.jar:/home/alex/.m2/repository/net/minidev/accessors-smart/1.2/accessors-smart-1.2.jar:/home/alex/.m2/repository/org/codehaus/janino/commons-compiler/3.0.11/commons-compiler-3.0.11.jar:/home/alex/.m2/repository/org/codehaus/janino/janino/3.0.11/janino-3.0.11.jar:/home/alex/.m2/repository/com/sun/jersey/contribs/jersey-multipart/1.19/jersey-multipart-1.19.jar:/home/alex/.m2/repository/org/jvnet/mimepull/mimepull/1.9.3/mimepull-1.9.3.jar:/home/alex/.m2/repository/org/apache/kafka/kafka-clients/2.5.0/kafka-clients-2.5.0.jar:/home/alex/.m2/repository/com/github/luben/zstd-jni/1.4.4-7/zstd-jni-1.4.4-7.jar:/home/alex/.m2/repository/org/lz4/lz4-java/1.7.1/lz4-java-1.7.1.jar:/home/alex/Repositories/hive/metastore/target/classes:/home/alex/.m2/repository/org/apache/derby/derby/10.14.1.0/derby-10.14.1.0.jar:/home/alex/Repositories/hive/service-rpc/target/classes:/home/alex/Repositories/hive/llap-server/target/classes:/home/alex/Repositories/hive/llap-common/target/classes:/home/alex/.m2/repository/io/jsonwebtoken/jjwt-api/0.10.5/jjwt-api-0.10.5.jar:/home/alex/.m2/repository/io/jsonwebtoken/jjwt-impl/0.10.5/jjwt-impl-0.10.5.jar:/home/alex/.m2/repository/io/jsonwebtoken/jjwt-jackson/0.10.5/jjwt-jackson-0.10.5.jar:/home/alex/.m2/repository/io/netty/netty-all/4.1.65.Final/netty-all-4.1.65.Final.jar:/home/alex/.m2/repository/org/codehaus/jettison/jettison/1.1/jettison-1.1.jar:/home/alex/.m2/repository/org/eclipse/jetty/jetty-util/9.3.27.v20190418/jetty-util-9.3.27.v20190418.jar:/home/alex/.m2/repository/com/lmax/disruptor/3.3.7/disruptor-3.3.7.jar:/home/alex/Repositories/hive/llap-common/target/test-classes:/home/alex/Repositories/hive/hplsql/target/classes:/home/alex/.m2/repository/org/antlr/antlr4-runtime/4.5/antlr4-runtime-4.5.jar:/home/alex/.m2/repository/org/abego/treelayout/org.abego.treelayout.core/1.0.1/org.abego.treelayout.core-1.0.1.jar:/home/alex/.m2/repository/javax/servlet/jsp/javax.servlet.jsp-api/2.3.1/javax.servlet.jsp-api-2.3.1.jar:/home/alex/.m2/repository/commons-codec/commons-codec/1.15/commons-codec-1.15.jar:/home/alex/.m2/repository/commons-cli/commons-cli/1.4/commons-cli-1.4.jar:/home/alex/.m2/repository/net/sf/jpam/jpam/1.1/jpam-1.1.jar:/home/alex/.m2/repository/org/eclipse/jetty/jetty-server/9.3.27.v20190418/jetty-server-9.3.27.v20190418.jar:/home/alex/.m2/repository/org/eclipse/jetty/jetty-io/9.3.27.v20190418/jetty-io-9.3.27.v20190418.jar:/home/alex/.m2/repository/org/eclipse/jetty/jetty-servlet/9.3.27.v20190418/jetty-servlet-9.3.27.v20190418.jar:/home/alex/.m2/repository/org/eclipse/jetty/jetty-security/9.3.27.v20190418/jetty-security-9.3.27.v20190418.jar:/home/alex/.m2/repository/org/eclipse/jetty/jetty-runner/9.3.27.v20190418/jetty-runner-9.3.27.v20190418.jar:/home/alex/.m2/repository/org/eclipse/jetty/jetty-plus/9.3.27.v20190418/jetty-plus-9.3.27.v20190418.jar:/home/alex/.m2/repository/org/eclipse/jetty/jetty-annotations/9.3.27.v20190418/jetty-annotations-9.3.27.v20190418.jar:/home/alex/.m2/repository/org/ow2/asm/asm/6.0/asm-6.0.jar:/home/alex/.m2/repository/org/ow2/asm/asm-commons/6.0/asm-commons-6.0.jar:/home/alex/.m2/repository/org/ow2/asm/asm-tree/6.0/asm-tree-6.0.jar:/home/alex/.m2/repository/org/eclipse/jetty/jetty-jaas/9.3.27.v20190418/jetty-jaas-9.3.27.v20190418.jar:/home/alex/.m2/repository/org/eclipse/jetty/websocket/websocket-server/9.3.27.v20190418/websocket-server-9.3.27.v20190418.jar:/home/alex/.m2/repository/org/eclipse/jetty/websocket/websocket-common/9.3.27.v20190418/websocket-common-9.3.27.v20190418.jar:/home/alex/.m2/repository/org/eclipse/jetty/websocket/websocket-api/9.3.27.v20190418/websocket-api-9.3.27.v20190418.jar:/home/alex/.m2/repository/org/eclipse/jetty/websocket/websocket-client/9.3.27.v20190418/websocket-client-9.3.27.v20190418.jar:/home/alex/.m2/repository/org/eclipse/jetty/websocket/websocket-servlet/9.3.27.v20190418/websocket-servlet-9.3.27.v20190418.jar:/home/alex/.m2/repository/org/eclipse/jetty/jetty-jndi/9.3.27.v20190418/jetty-jndi-9.3.27.v20190418.jar:/home/alex/.m2/repository/org/eclipse/jetty/apache-jsp/9.3.27.v20190418/apache-jsp-9.3.27.v20190418.jar:/home/alex/.m2/repository/org/eclipse/jetty/toolchain/jetty-schemas/3.1/jetty-schemas-3.1.jar:/home/alex/.m2/repository/org/eclipse/jdt/core/compiler/ecj/4.4.2/ecj-4.4.2.jar:/home/alex/.m2/repository/org/eclipse/jetty/apache-jstl/9.3.27.v20190418/apache-jstl-9.3.27.v20190418.jar:/home/alex/.m2/repository/org/apache/taglibs/taglibs-standard-spec/1.2.5/taglibs-standard-spec-1.2.5.jar:/home/alex/.m2/repository/org/apache/taglibs/taglibs-standard-impl/1.2.5/taglibs-standard-impl-1.2.5.jar:/home/alex/.m2/repository/javax/servlet/javax.servlet-api/3.1.0/javax.servlet-api-3.1.0.jar:/home/alex/.m2/repository/org/apache/thrift/libfb303/0.9.3/libfb303-0.9.3.jar:/home/alex/.m2/repository/org/apache/thrift/libthrift/0.14.1/libthrift-0.14.1.jar:/home/alex/.m2/repository/org/apache/httpcomponents/httpclient/4.5.13/httpclient-4.5.13.jar:/home/alex/.m2/repository/org/apache/httpcomponents/httpcore/4.4.13/httpcore-4.4.13.jar:/home/alex/.m2/repository/org/apache/tomcat/embed/tomcat-embed-core/8.5.46/tomcat-embed-core-8.5.46.jar:/home/alex/.m2/repository/org/apache/tomcat/tomcat-annotations-api/8.5.46/tomcat-annotations-api-8.5.46.jar:/home/alex/.m2/repository/javax/annotation/javax.annotation-api/1.3.2/javax.annotation-api-1.3.2.jar:/home/alex/.m2/repository/org/apache/curator/curator-framework/4.2.0/curator-framework-4.2.0.jar:/home/alex/.m2/repository/org/apache/curator/curator-client/4.2.0/curator-client-4.2.0.jar:/home/alex/.m2/repository/org/apache/curator/curator-recipes/4.2.0/curator-recipes-4.2.0.jar:/home/alex/.m2/repository/org/apache/hadoop/hadoop-common/3.1.0/hadoop-common-3.1.0.jar:/home/alex/.m2/repository/org/apache/hadoop/hadoop-annotations/3.1.0/hadoop-annotations-3.1.0.jar:/home/alex/.m2/repository/commons-net/commons-net/3.6/commons-net-3.6.jar:/home/alex/.m2/repository/com/sun/jersey/jersey-core/1.19/jersey-core-1.19.jar:/home/alex/.m2/repository/javax/ws/rs/jsr311-api/1.1.1/jsr311-api-1.1.1.jar:/home/alex/.m2/repository/com/sun/jersey/jersey-servlet/1.19/jersey-servlet-1.19.jar:/home/alex/.m2/repository/com/sun/jersey/jersey-json/1.19/jersey-json-1.19.jar:/home/alex/.m2/repository/com/sun/xml/bind/jaxb-impl/2.2.3-1/jaxb-impl-2.2.3-1.jar:/home/alex/.m2/repository/org/codehaus/jackson/jackson-jaxrs/1.9.2/jackson-jaxrs-1.9.2.jar:/home/alex/.m2/repository/org/codehaus/jackson/jackson-xc/1.9.2/jackson-xc-1.9.2.jar:/home/alex/.m2/repository/com/sun/jersey/jersey-server/1.19/jersey-server-1.19.jar:/home/alex/.m2/repository/log4j/log4j/1.2.17/log4j-1.2.17.jar:/home/alex/.m2/repository/commons-lang/commons-lang/2.6/commons-lang-2.6.jar:/home/alex/.m2/repository/org/apache/commons/commons-configuration2/2.1.1/commons-configuration2-2.1.1.jar:/home/alex/.m2/repository/org/apache/hadoop/hadoop-auth/3.1.0/hadoop-auth-3.1.0.jar:/home/alex/.m2/repository/com/nimbusds/nimbus-jose-jwt/4.41.1/nimbus-jose-jwt-4.41.1.jar:/home/alex/.m2/repository/com/github/stephenc/jcip/jcip-annotations/1.0-1/jcip-annotations-1.0-1.jar:/home/alex/.m2/repository/com/jcraft/jsch/0.1.54/jsch-0.1.54.jar:/home/alex/.m2/repository/com/google/code/findbugs/jsr305/3.0.0/jsr305-3.0.0.jar:/home/alex/.m2/repository/org/apache/htrace/htrace-core4/4.1.0-incubating/htrace-core4-4.1.0-incubating.jar:/home/alex/.m2/repository/org/apache/kerby/kerb-simplekdc/1.0.1/kerb-simplekdc-1.0.1.jar:/home/alex/.m2/repository/org/apache/kerby/kerb-client/1.0.1/kerb-client-1.0.1.jar:/home/alex/.m2/repository/org/apache/kerby/kerby-config/1.0.1/kerby-config-1.0.1.jar:/home/alex/.m2/repository/org/apache/kerby/kerb-core/1.0.1/kerb-core-1.0.1.jar:/home/alex/.m2/repository/org/apache/kerby/kerby-pkix/1.0.1/kerby-pkix-1.0.1.jar:/home/alex/.m2/repository/org/apache/kerby/kerby-asn1/1.0.1/kerby-asn1-1.0.1.jar:/home/alex/.m2/repository/org/apache/kerby/kerby-util/1.0.1/kerby-util-1.0.1.jar:/home/alex/.m2/repository/org/apache/kerby/kerb-common/1.0.1/kerb-common-1.0.1.jar:/home/alex/.m2/repository/org/apache/kerby/kerb-crypto/1.0.1/kerb-crypto-1.0.1.jar:/home/alex/.m2/repository/org/apache/kerby/kerb-util/1.0.1/kerb-util-1.0.1.jar:/home/alex/.m2/repository/org/apache/kerby/token-provider/1.0.1/token-provider-1.0.1.jar:/home/alex/.m2/repository/org/apache/kerby/kerb-admin/1.0.1/kerb-admin-1.0.1.jar:/home/alex/.m2/repository/org/apache/kerby/kerb-server/1.0.1/kerb-server-1.0.1.jar:/home/alex/.m2/repository/org/apache/kerby/kerb-identity/1.0.1/kerb-identity-1.0.1.jar:/home/alex/.m2/repository/org/apache/kerby/kerby-xdr/1.0.1/kerby-xdr-1.0.1.jar:/home/alex/.m2/repository/org/codehaus/woodstox/stax2-api/3.1.4/stax2-api-3.1.4.jar:/home/alex/.m2/repository/com/fasterxml/woodstox/woodstox-core/5.0.3/woodstox-core-5.0.3.jar:/home/alex/.m2/repository/org/pac4j/pac4j-saml-opensamlv3/4.0.3/pac4j-saml-opensamlv3-4.0.3.jar:/home/alex/.m2/repository/org/pac4j/pac4j-core/4.0.3/pac4j-core-4.0.3.jar:/home/alex/.m2/repository/org/opensaml/opensaml-core/3.4.5/opensaml-core-3.4.5.jar:/home/alex/.m2/repository/net/shibboleth/utilities/java-support/7.5.1/java-support-7.5.1.jar:/home/alex/.m2/repository/org/opensaml/opensaml-saml-api/3.4.5/opensaml-saml-api-3.4.5.jar:/home/alex/.m2/repository/org/opensaml/opensaml-storage-api/3.4.5/opensaml-storage-api-3.4.5.jar:/home/alex/.m2/repository/org/opensaml/opensaml-saml-impl/3.4.5/opensaml-saml-impl-3.4.5.jar:/home/alex/.m2/repository/org/opensaml/opensaml-soap-impl/3.4.5/opensaml-soap-impl-3.4.5.jar:/home/alex/.m2/repository/org/opensaml/opensaml-soap-api/3.4.5/opensaml-soap-api-3.4.5.jar:/home/alex/.m2/repository/org/opensaml/opensaml-xmlsec-api/3.4.5/opensaml-xmlsec-api-3.4.5.jar:/home/alex/.m2/repository/org/opensaml/opensaml-security-api/3.4.5/opensaml-security-api-3.4.5.jar:/home/alex/.m2/repository/org/opensaml/opensaml-security-impl/3.4.5/opensaml-security-impl-3.4.5.jar:/home/alex/.m2/repository/org/opensaml/opensaml-profile-api/3.4.5/opensaml-profile-api-3.4.5.jar:/home/alex/.m2/repository/org/opensaml/opensaml-profile-impl/3.4.5/opensaml-profile-impl-3.4.5.jar:/home/alex/.m2/repository/org/opensaml/opensaml-messaging-api/3.4.5/opensaml-messaging-api-3.4.5.jar:/home/alex/.m2/repository/org/opensaml/opensaml-messaging-impl/3.4.5/opensaml-messaging-impl-3.4.5.jar:/home/alex/.m2/repository/org/opensaml/opensaml-storage-impl/3.4.5/opensaml-storage-impl-3.4.5.jar:/home/alex/.m2/repository/org/ldaptive/ldaptive/1.0.13/ldaptive-1.0.13.jar:/home/alex/.m2/repository/javax/json/javax.json-api/1.0/javax.json-api-1.0.jar:/home/alex/.m2/repository/net/spy/spymemcached/2.12.3/spymemcached-2.12.3.jar:/home/alex/.m2/repository/org/glassfish/javax.json/1.0.4/javax.json-1.0.4.jar:/home/alex/.m2/repository/org/opensaml/opensaml-xmlsec-impl/3.4.5/opensaml-xmlsec-impl-3.4.5.jar:/home/alex/.m2/repository/org/cryptacular/cryptacular/1.2.4/cryptacular-1.2.4.jar:/home/alex/.m2/repository/net/shibboleth/tool/xmlsectool/2.0.0/xmlsectool-2.0.0.jar:/home/alex/.m2/repository/com/beust/jcommander/1.48/jcommander-1.48.jar:/home/alex/.m2/repository/org/apache/velocity/velocity/1.5/velocity-1.5.jar:/home/alex/.m2/repository/oro/oro/2.0.8/oro-2.0.8.jar:/home/alex/.m2/repository/org/bouncycastle/bcprov-jdk15on/1.64/bcprov-jdk15on-1.64.jar:/home/alex/.m2/repository/org/apache/santuario/xmlsec/2.2.1/xmlsec-2.2.1.jar:/home/alex/.m2/repository/org/apache/hadoop/hadoop-mapreduce-client-core/3.1.0/hadoop-mapreduce-client-core-3.1.0.jar:/home/alex/.m2/repository/org/apache/hadoop/hadoop-yarn-client/3.1.0/hadoop-yarn-client-3.1.0.jar:/home/alex/.m2/repository/org/apache/hadoop/hadoop-yarn-common/3.1.0/hadoop-yarn-common-3.1.0.jar:/home/alex/.m2/repository/com/google/inject/guice/4.0/guice-4.0.jar:/home/alex/.m2/repository/aopalliance/aopalliance/1.0/aopalliance-1.0.jar:/home/alex/.m2/repository/com/sun/jersey/contribs/jersey-guice/1.19/jersey-guice-1.19.jar:/home/alex/.m2/repository/com/fasterxml/jackson/module/jackson-module-jaxb-annotations/2.12.0/jackson-module-jaxb-annotations-2.12.0.jar:/home/alex/.m2/repository/jakarta/xml/bind/jakarta.xml.bind-api/2.3.2/jakarta.xml.bind-api-2.3.2.jar:/home/alex/.m2/repository/jakarta/activation/jakarta.activation-api/1.2.1/jakarta.activation-api-1.2.1.jar:/home/alex/.m2/repository/org/apache/hadoop/hadoop-hdfs-client/3.1.0/hadoop-hdfs-client-3.1.0.jar:/home/alex/.m2/repository/com/squareup/okhttp/okhttp/2.7.5/okhttp-2.7.5.jar:/home/alex/.m2/repository/com/squareup/okio/okio/1.6.0/okio-1.6.0.jar:/home/alex/.m2/repository/com/google/inject/extensions/guice-servlet/4.0/guice-servlet-4.0.jar:/home/alex/.m2/repository/org/jamon/jamon-runtime/2.3.1/jamon-runtime-2.3.1.jar:/home/alex/Repositories/hive/ql/target/test-classes:/home/alex/Repositories/hive/common/target/test-classes:/home/alex/Repositories/hive/standalone-metastore/metastore-common/target/test-classes:/home/alex/.m2/repository/com/zaxxer/HikariCP/2.6.1/HikariCP-2.6.1.jar:/home/alex/.m2/repository/commons-logging/commons-logging/1.1.3/commons-logging-1.1.3.jar:/home/alex/.m2/repository/com/github/ben-manes/caffeine/caffeine/2.8.4/caffeine-2.8.4.jar:/home/alex/.m2/repository/org/checkerframework/checker-qual/3.4.0/checker-qual-3.4.0.jar:/home/alex/.m2/repository/com/google/errorprone/error_prone_annotations/2.3.4/error_prone_annotations-2.3.4.jar:/home/alex/Repositories/hive/standalone-metastore/metastore-server/target/test-classes:/home/alex/.m2/repository/org/apache/commons/commons-dbcp2/2.7.0/commons-dbcp2-2.7.0.jar:/home/alex/.m2/repository/org/apache/commons/commons-pool2/2.7.0/commons-pool2-2.7.0.jar:/home/alex/.m2/repository/commons-beanutils/commons-beanutils/1.9.4/commons-beanutils-1.9.4.jar:/home/alex/.m2/repository/org/datanucleus/datanucleus-api-jdo/5.2.4/datanucleus-api-jdo-5.2.4.jar:/home/alex/.m2/repository/org/datanucleus/datanucleus-rdbms/5.2.4/datanucleus-rdbms-5.2.4.jar:/home/alex/.m2/repository/org/datanucleus/javax.jdo/3.2.0-release/javax.jdo-3.2.0-release.jar:/home/alex/.m2/repository/javax/transaction/javax.transaction-api/1.3/javax.transaction-api-1.3.jar:/home/alex/.m2/repository/org/glassfish/corba/glassfish-corba-omgapi/4.2.2/glassfish-corba-omgapi-4.2.2.jar:/home/alex/.m2/repository/sqlline/sqlline/1.9.0/sqlline-1.9.0.jar:/home/alex/.m2/repository/org/jline/jline-terminal/3.12.1/jline-terminal-3.12.1.jar:/home/alex/.m2/repository/org/jline/jline-reader/3.12.1/jline-reader-3.12.1.jar:/home/alex/.m2/repository/org/jline/jline-terminal-jansi/3.12.1/jline-terminal-jansi-3.12.1.jar:/home/alex/.m2/repository/org/fusesource/jansi/jansi/1.18/jansi-1.18.jar:/home/alex/.m2/repository/org/jline/jline-terminal-jna/3.12.1/jline-terminal-jna-3.12.1.jar:/home/alex/.m2/repository/net/java/dev/jna/jna/5.3.1/jna-5.3.1.jar:/home/alex/.m2/repository/org/jline/jline-builtins/3.12.1/jline-builtins-3.12.1.jar:/home/alex/.m2/repository/org/jline/jline-style/3.12.1/jline-style-3.12.1.jar:/home/alex/.m2/repository/com/cronutils/cron-utils/9.1.3/cron-utils-9.1.3.jar:/home/alex/.m2/repository/org/glassfish/javax.el/3.0.0/javax.el-3.0.0.jar:/home/alex/.m2/repository/com/oracle/database/jdbc/ojdbc8/21.3.0.0/ojdbc8-21.3.0.0.jar:/home/alex/.m2/repository/mysql/mysql-connector-java/8.0.27/mysql-connector-java-8.0.27.jar:/home/alex/.m2/repository/com/microsoft/sqlserver/mssql-jdbc/6.2.1.jre8/mssql-jdbc-6.2.1.jre8.jar:/home/alex/.m2/repository/org/postgresql/postgresql/42.2.14/postgresql-42.2.14.jar:/home/alex/.m2/repository/junit/junit/4.13/junit-4.13.jar:/home/alex/.m2/repository/org/hamcrest/hamcrest-core/1.3/hamcrest-core-1.3.jar:/home/alex/.m2/repository/org/junit/jupiter/junit-jupiter-engine/5.6.2/junit-jupiter-engine-5.6.2.jar:/home/alex/.m2/repository/org/apiguardian/apiguardian-api/1.1.0/apiguardian-api-1.1.0.jar:/home/alex/.m2/repository/org/junit/platform/junit-platform-engine/1.6.2/junit-platform-engine-1.6.2.jar:/home/alex/.m2/repository/org/opentest4j/opentest4j/1.2.0/opentest4j-1.2.0.jar:/home/alex/.m2/repository/org/junit/platform/junit-platform-commons/1.6.2/junit-platform-commons-1.6.2.jar:/home/alex/.m2/repository/org/junit/jupiter/junit-jupiter-api/5.6.2/junit-jupiter-api-5.6.2.jar:/home/alex/.m2/repository/org/junit/vintage/junit-vintage-engine/5.6.2/junit-vintage-engine-5.6.2.jar:/home/alex/.m2/repository/org/apache/tez/tez-api/0.10.1/tez-api-0.10.1.jar:/home/alex/.m2/repository/org/apache/hadoop/hadoop-yarn-api/3.1.0/hadoop-yarn-api-3.1.0.jar:/home/alex/.m2/repository/com/sun/jersey/jersey-client/1.19/jersey-client-1.19.jar:/usr/lib/jvm/java-8-openjdk-amd64/jre/../lib/tools.jar:/home/alex/.m2/repository/org/apache/tez/tez-runtime-library/0.10.1/tez-runtime-library-0.10.1.jar:/home/alex/.m2/repository/org/roaringbitmap/RoaringBitmap/0.5.21/RoaringBitmap-0.5.21.jar:/home/alex/.m2/repository/org/asynchttpclient/async-http-client/2.12.1/async-http-client-2.12.1.jar:/home/alex/.m2/repository/org/asynchttpclient/async-http-client-netty-utils/2.12.1/async-http-client-netty-utils-2.12.1.jar:/home/alex/.m2/repository/io/netty/netty-buffer/4.1.48.Final/netty-buffer-4.1.48.Final.jar:/home/alex/.m2/repository/io/netty/netty-codec-http/4.1.48.Final/netty-codec-http-4.1.48.Final.jar:/home/alex/.m2/repository/io/netty/netty-common/4.1.48.Final/netty-common-4.1.48.Final.jar:/home/alex/.m2/repository/io/netty/netty-transport/4.1.48.Final/netty-transport-4.1.48.Final.jar:/home/alex/.m2/repository/io/netty/netty-codec/4.1.48.Final/netty-codec-4.1.48.Final.jar:/home/alex/.m2/repository/io/netty/netty-handler/4.1.48.Final/netty-handler-4.1.48.Final.jar:/home/alex/.m2/repository/io/netty/netty-resolver/4.1.48.Final/netty-resolver-4.1.48.Final.jar:/home/alex/.m2/repository/io/netty/netty-codec-socks/4.1.48.Final/netty-codec-socks-4.1.48.Final.jar:/home/alex/.m2/repository/io/netty/netty-handler-proxy/4.1.48.Final/netty-handler-proxy-4.1.48.Final.jar:/home/alex/.m2/repository/io/netty/netty-transport-native-epoll/4.1.48.Final/netty-transport-native-epoll-4.1.48.Final-linux-x86_64.jar:/home/alex/.m2/repository/io/netty/netty-transport-native-unix-common/4.1.48.Final/netty-transport-native-unix-common-4.1.48.Final.jar:/home/alex/.m2/repository/io/netty/netty-transport-native-kqueue/4.1.48.Final/netty-transport-native-kqueue-4.1.48.Final-osx-x86_64.jar:/home/alex/.m2/repository/org/reactivestreams/reactive-streams/1.0.3/reactive-streams-1.0.3.jar:/home/alex/.m2/repository/com/typesafe/netty/netty-reactive-streams/2.0.4/netty-reactive-streams-2.0.4.jar:/home/alex/.m2/repository/com/sun/activation/javax.activation/1.2.0/javax.activation-1.2.0.jar:/home/alex/.m2/repository/org/apache/tez/tez-common/0.10.1/tez-common-0.10.1.jar:/home/alex/.m2/repository/org/apache/tez/tez-dag/0.10.1/tez-dag-0.10.1.jar:/home/alex/.m2/repository/org/apache/tez/hadoop-shim/0.10.1/hadoop-shim-0.10.1.jar:/home/alex/.m2/repository/org/apache/tez/tez-runtime-internals/0.10.1/tez-runtime-internals-0.10.1.jar:/home/alex/.m2/repository/org/apache/directory/server/apacheds-server-integ/1.5.7/apacheds-server-integ-1.5.7.jar:/home/alex/.m2/repository/org/apache/directory/server/apacheds-interceptor-kerberos/1.5.7/apacheds-interceptor-kerberos-1.5.7.jar:/home/alex/.m2/repository/org/apache/directory/server/apacheds-core/1.5.7/apacheds-core-1.5.7.jar:/home/alex/.m2/repository/org/apache/directory/server/apacheds-core-api/1.5.7/apacheds-core-api-1.5.7.jar:/home/alex/.m2/repository/org/apache/directory/server/apacheds-core-entry/1.5.7/apacheds-core-entry-1.5.7.jar:/home/alex/.m2/repository/org/apache/directory/server/apacheds-core-constants/1.5.7/apacheds-core-constants-1.5.7.jar:/home/alex/.m2/repository/org/apache/directory/server/apacheds-utils/1.5.7/apacheds-utils-1.5.7.jar:/home/alex/.m2/repository/bouncycastle/bcprov-jdk15/140/bcprov-jdk15-140.jar:/home/alex/.m2/repository/org/apache/directory/server/apacheds-kerberos-shared/1.5.7/apacheds-kerberos-shared-1.5.7.jar:/home/alex/.m2/repository/org/apache/directory/server/apacheds-core-jndi/1.5.7/apacheds-core-jndi-1.5.7.jar:/home/alex/.m2/repository/org/apache/directory/server/apacheds-protocol-shared/1.5.7/apacheds-protocol-shared-1.5.7.jar:/home/alex/.m2/repository/org/apache/directory/server/apacheds-core-integ/1.5.7/apacheds-core-integ-1.5.7.jar:/home/alex/.m2/repository/ldapsdk/ldapsdk/4.1/ldapsdk-4.1.jar:/home/alex/.m2/repository/org/apache/directory/client/ldap/ldap-client-api/0.1/ldap-client-api-0.1.jar:/home/alex/.m2/repository/commons-pool/commons-pool/1.5.4/commons-pool-1.5.4.jar:/home/alex/.m2/repository/org/apache/mina/mina-core/2.0.0-RC1/mina-core-2.0.0-RC1.jar:/home/alex/.m2/repository/org/apache/directory/shared/shared-ldap/0.9.19/shared-ldap-0.9.19.jar:/home/alex/.m2/repository/org/apache/directory/shared/shared-i18n/0.9.19/shared-i18n-0.9.19.jar:/home/alex/.m2/repository/antlr/antlr/2.7.7/antlr-2.7.7.jar:/home/alex/.m2/repository/org/apache/directory/shared/shared-ldap-schema/0.9.19/shared-ldap-schema-0.9.19.jar:/home/alex/.m2/repository/org/apache/directory/shared/shared-ldap-schema-loader/0.9.19/shared-ldap-schema-loader-0.9.19.jar:/home/alex/.m2/repository/org/apache/directory/shared/shared-ldap-schema-manager/0.9.19/shared-ldap-schema-manager-0.9.19.jar:/home/alex/.m2/repository/org/apache/directory/shared/shared-cursor/0.9.19/shared-cursor-0.9.19.jar:/home/alex/.m2/repository/org/apache/directory/shared/shared-ldap-jndi/0.9.19/shared-ldap-jndi-0.9.19.jar:/home/alex/.m2/repository/org/apache/directory/shared/shared-asn1-codec/0.9.19/shared-asn1-codec-0.9.19.jar:/home/alex/.m2/repository/org/apache/directory/shared/shared-asn1/0.9.19/shared-asn1-0.9.19.jar:/home/alex/.m2/repository/org/apache/directory/shared/shared-ldap-constants/0.9.19/shared-ldap-constants-0.9.19.jar:/home/alex/.m2/repository/org/apache/directory/shared/shared-ldap-converter/0.9.19/shared-ldap-converter-0.9.19.jar:/home/alex/.m2/repository/org/apache/directory/shared/shared-ldap-schema-dao/0.9.19/shared-ldap-schema-dao-0.9.19.jar:/home/alex/.m2/repository/org/apache/directory/shared/shared-ldif/0.9.19/shared-ldif-0.9.19.jar:/home/alex/.m2/repository/org/apache/directory/shared/shared-dsml-parser/0.9.19/shared-dsml-parser-0.9.19.jar:/home/alex/.m2/repository/dom4j/dom4j/1.6.1/dom4j-1.6.1.jar:/home/alex/.m2/repository/xml-apis/xml-apis/1.0.b2/xml-apis-1.0.b2.jar:/home/alex/.m2/repository/xpp3/xpp3/1.1.4c/xpp3-1.1.4c.jar:/home/alex/.m2/repository/org/apache/directory/server/apacheds-test-framework/1.5.7/apacheds-test-framework-1.5.7.jar:/home/alex/.m2/repository/org/apache/directory/server/apacheds-i18n/1.5.7/apacheds-i18n-1.5.7.jar:/home/alex/.m2/repository/org/apache/directory/server/apacheds-server-annotations/1.5.7/apacheds-server-annotations-1.5.7.jar:/home/alex/.m2/repository/org/apache/directory/server/apacheds-core-annotations/1.5.7/apacheds-core-annotations-1.5.7.jar:/home/alex/.m2/repository/org/apache/directory/server/apacheds-jdbm-partition/1.5.7/apacheds-jdbm-partition-1.5.7.jar:/home/alex/.m2/repository/org/apache/directory/server/apacheds-jdbm-store/1.5.7/apacheds-jdbm-store-1.5.7.jar:/home/alex/.m2/repository/org/apache/directory/server/apacheds-jdbm/1.5.7/apacheds-jdbm-1.5.7.jar:/home/alex/.m2/repository/org/apache/directory/server/apacheds-core-avl/1.5.7/apacheds-core-avl-1.5.7.jar:/home/alex/.m2/repository/org/apache/directory/server/apacheds-xdbm-search/1.5.7/apacheds-xdbm-search-1.5.7.jar:/home/alex/.m2/repository/org/apache/directory/server/apacheds-ldif-partition/1.5.7/apacheds-ldif-partition-1.5.7.jar:/home/alex/.m2/repository/org/apache/directory/server/apacheds-avl-partition/1.5.7/apacheds-avl-partition-1.5.7.jar:/home/alex/.m2/repository/org/apache/directory/server/apacheds-core-mock/1.5.7/apacheds-core-mock-1.5.7.jar:/home/alex/.m2/repository/org/apache/directory/server/apacheds-protocol-ldap/1.5.7/apacheds-protocol-ldap-1.5.7.jar:/home/alex/.m2/repository/org/apache/directory/server/apacheds-xdbm-tools/1.5.7/apacheds-xdbm-tools-1.5.7.jar:/home/alex/.m2/repository/org/apache/directory/server/apacheds-xdbm-base/1.5.7/apacheds-xdbm-base-1.5.7.jar:/home/alex/.m2/repository/org/apache/directory/server/apacheds-protocol-kerberos/1.5.7/apacheds-protocol-kerberos-1.5.7.jar:/home/alex/.m2/repository/org/powermock/powermock-module-junit4/2.0.2/powermock-module-junit4-2.0.2.jar:/home/alex/.m2/repository/org/powermock/powermock-module-junit4-common/2.0.2/powermock-module-junit4-common-2.0.2.jar:/home/alex/.m2/repository/org/powermock/powermock-reflect/2.0.2/powermock-reflect-2.0.2.jar:/home/alex/.m2/repository/org/powermock/powermock-core/2.0.2/powermock-core-2.0.2.jar:/home/alex/.m2/repository/org/powermock/powermock-api-mockito2/2.0.2/powermock-api-mockito2-2.0.2.jar:/home/alex/.m2/repository/org/powermock/powermock-api-support/2.0.2/powermock-api-support-2.0.2.jar:/home/alex/.m2/repository/org/slf4j/slf4j-api/1.7.30/slf4j-api-1.7.30.jar:/home/alex/.m2/repository/org/mockito/mockito-core/3.4.4/mockito-core-3.4.4.jar:/home/alex/.m2/repository/net/bytebuddy/byte-buddy/1.10.13/byte-buddy-1.10.13.jar:/home/alex/.m2/repository/net/bytebuddy/byte-buddy-agent/1.10.13/byte-buddy-agent-1.10.13.jar:/home/alex/.m2/repository/org/objenesis/objenesis/2.6/objenesis-2.6.jar:/home/alex/Repositories/hive/service/target/testconf:/home/alex/Repositories/hive/service/../conf:"/>
    <property name="sun.cpu.endian" value="little"/>
    <property name="user.home" value="/home/alex"/>
    <property name="user.language" value="en"/>
    <property name="java.security.krb5.conf" value="/home/alex/Repositories/hive/service/target/testconf/krb5.conf"/>
    <property name="test.dfs.mkdir" value=""/>
    <property name="java.awt.graphicsenv" value="sun.awt.X11GraphicsEnvironment"/>
    <property name="nondexFilter" value=".*"/>
    <property name="nondexSeed" value="933178"/>
    <property name="surefire.real.class.path" value="/home/alex/Repositories/hive/service/target/surefire/surefirebooter6086001888461750895.jar"/>
    <property name="hadoop.log.dir" value="/home/alex/Repositories/hive/service/target/tmp"/>
    <property name="java.net.preferIPv4Stack" value="true"/>
    <property name="path.separator" value=":"/>
    <property name="os.version" value="6.5.0-28-generic"/>
    <property name="java.endorsed.dirs" value="/usr/lib/jvm/java-8-openjdk-amd64/jre/lib/endorsed"/>
    <property name="java.runtime.name" value="OpenJDK Runtime Environment"/>
    <property name="hive.test.console.log.level" value="INFO"/>
    <property name="java.vm.name" value="OpenJDK 64-Bit Server VM"/>
    <property name="java.vendor.url.bug" value="http://bugreport.sun.com/bugreport/"/>
    <property name="maven.local.repository" value="/home/alex/.m2/repository"/>
    <property name="user.dir" value="/home/alex/Repositories/hive/service"/>
    <property name="os.arch" value="amd64"/>
    <property name="nondexMode" value="FULL"/>
    <property name="user.language.format" value="pt"/>
    <property name="antlr.version" value="3.5.2"/>
    <property name="derby.version" value="10.14.1.0"/>
    <property name="java.vm.info" value="mixed mode"/>
    <property name="java.vm.version" value="25.402-b06"/>
    <property name="java.ext.dirs" value="/usr/lib/jvm/java-8-openjdk-amd64/jre/lib/ext:/usr/java/packages/lib/ext"/>
    <property name="java.class.version" value="52.0"/>
    <property name="test.output.overwrite" value=""/>
    <property name="hive.root" value="/home/alex/Repositories/hive/service/../"/>
  </properties>
  <testcase name="testAsync" classname="org.apache.hive.service.cli.operation.TestQueryShutdownHooks" time="16.697">
    <error type="java.lang.NoSuchFieldError"><![CDATA[java.lang.NoSuchFieldError: OBJECT_MAPPER
	at org.apache.hive.service.cli.operation.SQLOperation.getTaskStatus(SQLOperation.java:509)
	at org.apache.hive.service.cli.operation.Operation.getStatus(Operation.java:144)
	at org.apache.hive.service.cli.CLIService.getOperationStatus(CLIService.java:478)
	at org.apache.hive.service.cli.thrift.ThriftCLIService.GetOperationStatus(ThriftCLIService.java:793)
	at org.apache.hive.service.cli.thrift.ThriftCLIServiceClient.getOperationStatus(ThriftCLIServiceClient.java:378)
	at org.apache.hive.service.cli.operation.TestQueryShutdownHooks.testAsync(TestQueryShutdownHooks.java:130)
	at sun.reflect.NativeMethodAccessorImpl.invoke0(Native Method)
	at sun.reflect.NativeMethodAccessorImpl.invoke(NativeMethodAccessorImpl.java:62)
	at sun.reflect.DelegatingMethodAccessorImpl.invoke(DelegatingMethodAccessorImpl.java:43)
	at java.lang.reflect.Method.invoke(Method.java:498)
	at org.junit.runners.model.FrameworkMethod$1.runReflectiveCall(FrameworkMethod.java:59)
	at org.junit.internal.runners.model.ReflectiveCallable.run(ReflectiveCallable.java:12)
	at org.junit.runners.model.FrameworkMethod.invokeExplosively(FrameworkMethod.java:56)
	at org.junit.internal.runners.statements.InvokeMethod.evaluate(InvokeMethod.java:17)
	at org.junit.internal.runners.statements.RunBefores.evaluate(RunBefores.java:26)
	at org.junit.internal.runners.statements.RunAfters.evaluate(RunAfters.java:27)
	at org.junit.runners.ParentRunner$3.evaluate(ParentRunner.java:306)
	at org.junit.runners.BlockJUnit4ClassRunner$1.evaluate(BlockJUnit4ClassRunner.java:100)
	at org.junit.runners.ParentRunner.runLeaf(ParentRunner.java:366)
	at org.junit.runners.BlockJUnit4ClassRunner.runChild(BlockJUnit4ClassRunner.java:103)
	at org.junit.runners.BlockJUnit4ClassRunner.runChild(BlockJUnit4ClassRunner.java:63)
	at org.junit.runners.ParentRunner$4.run(ParentRunner.java:331)
	at org.junit.runners.ParentRunner$1.schedule(ParentRunner.java:79)
	at org.junit.runners.ParentRunner.runChildren(ParentRunner.java:329)
	at org.junit.runners.ParentRunner.access$100(ParentRunner.java:66)
	at org.junit.runners.ParentRunner$2.evaluate(ParentRunner.java:293)
	at org.junit.runners.ParentRunner$3.evaluate(ParentRunner.java:306)
	at org.junit.runners.ParentRunner.run(ParentRunner.java:413)
	at org.junit.runner.JUnitCore.run(JUnitCore.java:137)
	at org.junit.runner.JUnitCore.run(JUnitCore.java:115)
	at org.junit.vintage.engine.execution.RunnerExecutor.execute(RunnerExecutor.java:43)
	at java.util.stream.ForEachOps$ForEachOp$OfRef.accept(ForEachOps.java:183)
	at java.util.stream.ReferencePipeline$3$1.accept(ReferencePipeline.java:193)
	at java.util.Iterator.forEachRemaining(Iterator.java:116)
	at java.util.Spliterators$IteratorSpliterator.forEachRemaining(Spliterators.java:1801)
	at java.util.stream.AbstractPipeline.copyInto(AbstractPipeline.java:482)
	at java.util.stream.AbstractPipeline.wrapAndCopyInto(AbstractPipeline.java:472)
	at java.util.stream.ForEachOps$ForEachOp.evaluateSequential(ForEachOps.java:150)
	at java.util.stream.ForEachOps$ForEachOp$OfRef.evaluateSequential(ForEachOps.java:173)
	at java.util.stream.AbstractPipeline.evaluate(AbstractPipeline.java:234)
	at java.util.stream.ReferencePipeline.forEach(ReferencePipeline.java:485)
	at org.junit.vintage.engine.VintageTestEngine.executeAllChildren(VintageTestEngine.java:82)
	at org.junit.vintage.engine.VintageTestEngine.execute(VintageTestEngine.java:73)
	at org.junit.platform.launcher.core.DefaultLauncher.execute(DefaultLauncher.java:248)
	at org.junit.platform.launcher.core.DefaultLauncher.lambda$execute$5(DefaultLauncher.java:211)
	at org.junit.platform.launcher.core.DefaultLauncher.withInterceptedStreams(DefaultLauncher.java:226)
	at org.junit.platform.launcher.core.DefaultLauncher.execute(DefaultLauncher.java:199)
	at org.junit.platform.launcher.core.DefaultLauncher.execute(DefaultLauncher.java:132)
	at org.apache.maven.surefire.junitplatform.JUnitPlatformProvider.invokeAllTests(JUnitPlatformProvider.java:154)
	at org.apache.maven.surefire.junitplatform.JUnitPlatformProvider.invoke(JUnitPlatformProvider.java:123)
	at org.apache.maven.surefire.booter.ForkedBooter.runSuitesInProcess(ForkedBooter.java:377)
	at org.apache.maven.surefire.booter.ForkedBooter.execute(ForkedBooter.java:138)
	at org.apache.maven.surefire.booter.ForkedBooter.run(ForkedBooter.java:465)
	at org.apache.maven.surefire.booter.ForkedBooter.main(ForkedBooter.java:451)
]]></error>
    <system-err><![CDATA[SLF4J: Class path contains multiple SLF4J bindings.
SLF4J: Found binding in [jar:file:/home/alex/.m2/repository/org/apache/logging/log4j/log4j-slf4j-impl/2.13.2/log4j-slf4j-impl-2.13.2.jar!/org/slf4j/impl/StaticLoggerBinder.class]
SLF4J: Found binding in [jar:file:/home/alex/.m2/repository/org/slf4j/slf4j-simple/1.7.27/slf4j-simple-1.7.27.jar!/org/slf4j/impl/StaticLoggerBinder.class]
SLF4J: See http://www.slf4j.org/codes.html#multiple_bindings for an explanation.
SLF4J: Actual binding is of type [org.apache.logging.slf4j.Log4jLoggerFactory]
DEBUG StatusLogger Using ShutdownCallbackRegistry class org.apache.logging.log4j.core.util.DefaultShutdownCallbackRegistry
DEBUG StatusLogger Took 0,097520 seconds to load 251 plugins from sun.misc.Launcher$AppClassLoader@330bedb4
DEBUG StatusLogger PluginManager 'Converter' found 46 plugins
DEBUG StatusLogger Starting OutputStreamManager SYSTEM_OUT.false.false-1
DEBUG StatusLogger Starting LoggerContext[name=330bedb4, org.apache.logging.log4j.core.LoggerContext@58e1d9d]...
DEBUG StatusLogger Reconfiguration started for context[name=330bedb4] at URI null (org.apache.logging.log4j.core.LoggerContext@58e1d9d) with optional ClassLoader: null
DEBUG StatusLogger PluginManager 'ConfigurationFactory' found 6 plugins
DEBUG StatusLogger Using configurationFactory org.apache.logging.log4j.core.config.ConfigurationFactory$Factory@2d29b4ee
DEBUG StatusLogger Apache Log4j Core 2.13.2 initializing configuration org.apache.logging.log4j.core.config.properties.PropertiesConfiguration@68746f22
DEBUG StatusLogger Installed 2 script engines
DEBUG StatusLogger Oracle Nashorn version: 1.8.0_402, language: ECMAScript, threading: Not Thread Safe, compile: true, names: [nashorn, Nashorn, js, JS, JavaScript, javascript, ECMAScript, ecmascript], factory class: jdk.nashorn.api.scripting.NashornScriptEngineFactory
DEBUG StatusLogger Groovy Scripting Engine version: 2.0, language: Groovy, threading: MULTITHREADED, compile: true, names: [groovy, Groovy], factory class: org.codehaus.groovy.jsr223.GroovyScriptEngineFactory
INFO StatusLogger Scanning for classes in '/home/alex/Repositories/hive/common/target/classes/org/apache/hadoop/hive/ql/log' matching criteria annotated with @Plugin
DEBUG StatusLogger Checking to see if class org.apache.hadoop.hive.ql.log.PerfLogger matches criteria annotated with @Plugin
INFO StatusLogger Scanning for classes in '/home/alex/Repositories/hive/ql/target/classes/org/apache/hadoop/hive/ql/log' matching criteria annotated with @Plugin
DEBUG StatusLogger Checking to see if class org.apache.hadoop.hive.ql.log.HiveEventCounter$1 matches criteria annotated with @Plugin
DEBUG StatusLogger Checking to see if class org.apache.hadoop.hive.ql.log.NullAppender matches criteria annotated with @Plugin
DEBUG StatusLogger Checking to see if class org.apache.hadoop.hive.ql.log.HushableRandomAccessFileAppender matches criteria annotated with @Plugin
DEBUG StatusLogger Checking to see if class org.apache.hadoop.hive.ql.log.HushableRandomAccessFileAppender$1 matches criteria annotated with @Plugin
DEBUG StatusLogger Checking to see if class org.apache.hadoop.hive.ql.log.PidFilePatternConverter matches criteria annotated with @Plugin
DEBUG StatusLogger Checking to see if class org.apache.hadoop.hive.ql.log.LogDivertAppenderForTest matches criteria annotated with @Plugin
DEBUG StatusLogger Checking to see if class org.apache.hadoop.hive.ql.log.syslog.SyslogStorageHandler matches criteria annotated with @Plugin
DEBUG StatusLogger Checking to see if class org.apache.hadoop.hive.ql.log.syslog.SyslogSerDe matches criteria annotated with @Plugin
DEBUG StatusLogger Checking to see if class org.apache.hadoop.hive.ql.log.syslog.SyslogParser matches criteria annotated with @Plugin
DEBUG StatusLogger Checking to see if class org.apache.hadoop.hive.ql.log.syslog.SyslogInputFormat matches criteria annotated with @Plugin
DEBUG StatusLogger Checking to see if class org.apache.hadoop.hive.ql.log.syslog.SyslogInputFormat$Location matches criteria annotated with @Plugin
DEBUG StatusLogger Checking to see if class org.apache.hadoop.hive.ql.log.SlidingFilenameRolloverStrategy$1 matches criteria annotated with @Plugin
DEBUG StatusLogger Checking to see if class org.apache.hadoop.hive.ql.log.LogDivertAppender matches criteria annotated with @Plugin
DEBUG StatusLogger Checking to see if class org.apache.hadoop.hive.ql.log.HiveEventCounter matches criteria annotated with @Plugin
DEBUG StatusLogger Checking to see if class org.apache.hadoop.hive.ql.log.SlidingFilenameRolloverStrategy matches criteria annotated with @Plugin
DEBUG StatusLogger Checking to see if class org.apache.hadoop.hive.ql.log.LogDivertAppender$NameFilter matches criteria annotated with @Plugin
DEBUG StatusLogger Checking to see if class org.apache.hadoop.hive.ql.log.LogDivertAppenderForTest$TestFilter matches criteria annotated with @Plugin
DEBUG StatusLogger Checking to see if class org.apache.hadoop.hive.ql.log.HiveEventCounter$EventCounts matches criteria annotated with @Plugin
INFO StatusLogger Scanning for classes in '/home/alex/Repositories/hive/ql/target/test-classes/org/apache/hadoop/hive/ql/log' matching criteria annotated with @Plugin
DEBUG StatusLogger Checking to see if class org.apache.hadoop.hive.ql.log.TestSyslogInputFormat matches criteria annotated with @Plugin
DEBUG StatusLogger Checking to see if class org.apache.hadoop.hive.ql.log.TestSlidingFilenameRolloverStrategy matches criteria annotated with @Plugin
DEBUG StatusLogger Checking to see if class org.apache.hadoop.hive.ql.log.TestLog4j2Appenders matches criteria annotated with @Plugin
DEBUG StatusLogger Took 0,029672 seconds to load 7 plugins from package org.apache.hadoop.hive.ql.log
DEBUG StatusLogger PluginManager 'Core' found 133 plugins
DEBUG StatusLogger PluginManager 'Level' found 0 plugins
DEBUG StatusLogger Building Plugin[name=property, class=org.apache.logging.log4j.core.config.Property].
TRACE StatusLogger TypeConverterRegistry initializing.
DEBUG StatusLogger PluginManager 'TypeConverter' found 26 plugins
DEBUG StatusLogger createProperty(name="hive.log.file", value="hive.log")
DEBUG StatusLogger Building Plugin[name=property, class=org.apache.logging.log4j.core.config.Property].
DEBUG StatusLogger createProperty(name="hive.log.dir", value="/home/alex/Repositories/hive/service/target/tmp/log")
DEBUG StatusLogger Building Plugin[name=property, class=org.apache.logging.log4j.core.config.Property].
DEBUG StatusLogger createProperty(name="hive.root.logger", value="DRFA")
DEBUG StatusLogger Building Plugin[name=property, class=org.apache.logging.log4j.core.config.Property].
DEBUG StatusLogger createProperty(name="hive.log.level", value="DEBUG")
DEBUG StatusLogger Building Plugin[name=property, class=org.apache.logging.log4j.core.config.Property].
DEBUG StatusLogger createProperty(name="hive.test.console.log.level", value="INFO")
DEBUG StatusLogger Building Plugin[name=properties, class=org.apache.logging.log4j.core.config.PropertiesPlugin].
DEBUG StatusLogger configureSubstitutor(={hive.log.file=hive.log, hive.log.dir=/home/alex/Repositories/hive/service/target/tmp/log, hive.root.logger=DRFA, hive.log.level=DEBUG, hive.test.console.log.level=INFO}, Configuration(HiveLog4j2Test))
DEBUG StatusLogger PluginManager 'Lookup' found 17 plugins
DEBUG StatusLogger Building Plugin[name=logger, class=org.apache.logging.log4j.core.config.LoggerConfig].
DEBUG StatusLogger createLogger(additivity="true", level="WARN", name="org.apache.hadoop.ipc", includeLocation="null", ={}, ={}, Configuration(HiveLog4j2Test), Filter=null)
DEBUG StatusLogger Building Plugin[name=logger, class=org.apache.logging.log4j.core.config.LoggerConfig].
DEBUG StatusLogger createLogger(additivity="true", level="INFO", name="org.apache.hadoop.security", includeLocation="null", ={}, ={}, Configuration(HiveLog4j2Test), Filter=null)
DEBUG StatusLogger Building Plugin[name=logger, class=org.apache.logging.log4j.core.config.LoggerConfig].
DEBUG StatusLogger createLogger(additivity="true", level="INFO", name="org.apache.hadoop.hdfs", includeLocation="null", ={}, ={}, Configuration(HiveLog4j2Test), Filter=null)
DEBUG StatusLogger Building Plugin[name=logger, class=org.apache.logging.log4j.core.config.LoggerConfig].
DEBUG StatusLogger createLogger(additivity="true", level="WARN", name="org.apache.hadoop.hdfs.server", includeLocation="null", ={}, ={}, Configuration(HiveLog4j2Test), Filter=null)
DEBUG StatusLogger Building Plugin[name=logger, class=org.apache.logging.log4j.core.config.LoggerConfig].
DEBUG StatusLogger createLogger(additivity="true", level="INFO", name="org.apache.hadoop.metrics2", includeLocation="null", ={}, ={}, Configuration(HiveLog4j2Test), Filter=null)
DEBUG StatusLogger Building Plugin[name=logger, class=org.apache.logging.log4j.core.config.LoggerConfig].
DEBUG StatusLogger createLogger(additivity="true", level="INFO", name="org.mortbay", includeLocation="null", ={}, ={}, Configuration(HiveLog4j2Test), Filter=null)
DEBUG StatusLogger Building Plugin[name=logger, class=org.apache.logging.log4j.core.config.LoggerConfig].
DEBUG StatusLogger createLogger(additivity="true", level="INFO", name="org.apache.hadoop.yarn", includeLocation="null", ={}, ={}, Configuration(HiveLog4j2Test), Filter=null)
DEBUG StatusLogger Building Plugin[name=logger, class=org.apache.logging.log4j.core.config.LoggerConfig].
DEBUG StatusLogger createLogger(additivity="true", level="WARN", name="org.apache.hadoop.yarn.server", includeLocation="null", ={}, ={}, Configuration(HiveLog4j2Test), Filter=null)
DEBUG StatusLogger Building Plugin[name=logger, class=org.apache.logging.log4j.core.config.LoggerConfig].
DEBUG StatusLogger createLogger(additivity="true", level="INFO", name="org.apache.tez", includeLocation="null", ={}, ={}, Configuration(HiveLog4j2Test), Filter=null)
DEBUG StatusLogger Building Plugin[name=logger, class=org.apache.logging.log4j.core.config.LoggerConfig].
DEBUG StatusLogger createLogger(additivity="true", level="ERROR", name="org.apache.hadoop.conf.Configuration", includeLocation="null", ={}, ={}, Configuration(HiveLog4j2Test), Filter=null)
DEBUG StatusLogger Building Plugin[name=logger, class=org.apache.logging.log4j.core.config.LoggerConfig].
DEBUG StatusLogger createLogger(additivity="true", level="INFO", name="org.apache.zookeeper", includeLocation="null", ={}, ={}, Configuration(HiveLog4j2Test), Filter=null)
DEBUG StatusLogger Building Plugin[name=logger, class=org.apache.logging.log4j.core.config.LoggerConfig].
DEBUG StatusLogger createLogger(additivity="true", level="WARN", name="org.apache.zookeeper.server.ServerCnxn", includeLocation="null", ={}, ={}, Configuration(HiveLog4j2Test), Filter=null)
DEBUG StatusLogger Building Plugin[name=logger, class=org.apache.logging.log4j.core.config.LoggerConfig].
DEBUG StatusLogger createLogger(additivity="true", level="WARN", name="org.apache.zookeeper.server.NIOServerCnxn", includeLocation="null", ={}, ={}, Configuration(HiveLog4j2Test), Filter=null)
DEBUG StatusLogger Building Plugin[name=logger, class=org.apache.logging.log4j.core.config.LoggerConfig].
DEBUG StatusLogger createLogger(additivity="true", level="WARN", name="org.apache.zookeeper.ClientCnxn", includeLocation="null", ={}, ={}, Configuration(HiveLog4j2Test), Filter=null)
DEBUG StatusLogger Building Plugin[name=logger, class=org.apache.logging.log4j.core.config.LoggerConfig].
DEBUG StatusLogger createLogger(additivity="true", level="WARN", name="org.apache.zookeeper.ClientCnxnSocket", includeLocation="null", ={}, ={}, Configuration(HiveLog4j2Test), Filter=null)
DEBUG StatusLogger Building Plugin[name=logger, class=org.apache.logging.log4j.core.config.LoggerConfig].
DEBUG StatusLogger createLogger(additivity="true", level="WARN", name="org.apache.zookeeper.ClientCnxnSocketNIO", includeLocation="null", ={}, ={}, Configuration(HiveLog4j2Test), Filter=null)
DEBUG StatusLogger Building Plugin[name=logger, class=org.apache.logging.log4j.core.config.LoggerConfig].
DEBUG StatusLogger createLogger(additivity="true", level="ERROR", name="DataNucleus", includeLocation="null", ={}, ={}, Configuration(HiveLog4j2Test), Filter=null)
DEBUG StatusLogger Building Plugin[name=logger, class=org.apache.logging.log4j.core.config.LoggerConfig].
DEBUG StatusLogger createLogger(additivity="true", level="ERROR", name="Datastore", includeLocation="null", ={}, ={}, Configuration(HiveLog4j2Test), Filter=null)
DEBUG StatusLogger Building Plugin[name=logger, class=org.apache.logging.log4j.core.config.LoggerConfig].
DEBUG StatusLogger createLogger(additivity="true", level="ERROR", name="JPOX", includeLocation="null", ={}, ={}, Configuration(HiveLog4j2Test), Filter=null)
DEBUG StatusLogger Building Plugin[name=logger, class=org.apache.logging.log4j.core.config.LoggerConfig].
DEBUG StatusLogger createLogger(additivity="true", level="INFO", name="org.apache.hadoop.hive.ql.exec.Operator", includeLocation="null", ={}, ={}, Configuration(HiveLog4j2Test), Filter=null)
DEBUG StatusLogger Building Plugin[name=logger, class=org.apache.logging.log4j.core.config.LoggerConfig].
DEBUG StatusLogger createLogger(additivity="true", level="INFO", name="org.apache.hadoop.hive.serde2.lazy", includeLocation="null", ={}, ={}, Configuration(HiveLog4j2Test), Filter=null)
DEBUG StatusLogger Building Plugin[name=logger, class=org.apache.logging.log4j.core.config.LoggerConfig].
DEBUG StatusLogger createLogger(additivity="true", level="INFO", name="org.apache.hadoop.hive.metastore.ObjectStore", includeLocation="null", ={}, ={}, Configuration(HiveLog4j2Test), Filter=null)
DEBUG StatusLogger Building Plugin[name=logger, class=org.apache.logging.log4j.core.config.LoggerConfig].
DEBUG StatusLogger createLogger(additivity="true", level="INFO", name="org.apache.calcite.plan.RelOptPlanner", includeLocation="null", ={}, ={}, Configuration(HiveLog4j2Test), Filter=null)
DEBUG StatusLogger Building Plugin[name=logger, class=org.apache.logging.log4j.core.config.LoggerConfig].
DEBUG StatusLogger createLogger(additivity="true", level="INFO", name="com.amazonaws", includeLocation="null", ={}, ={}, Configuration(HiveLog4j2Test), Filter=null)
DEBUG StatusLogger Building Plugin[name=logger, class=org.apache.logging.log4j.core.config.LoggerConfig].
DEBUG StatusLogger createLogger(additivity="true", level="INFO", name="org.apache.http", includeLocation="null", ={}, ={}, Configuration(HiveLog4j2Test), Filter=null)
DEBUG StatusLogger Building Plugin[name=logger, class=org.apache.logging.log4j.core.config.LoggerConfig].
DEBUG StatusLogger createLogger(additivity="true", level="WARN", name="org.apache.thrift", includeLocation="null", ={}, ={}, Configuration(HiveLog4j2Test), Filter=null)
DEBUG StatusLogger Building Plugin[name=logger, class=org.apache.logging.log4j.core.config.LoggerConfig].
DEBUG StatusLogger createLogger(additivity="true", level="WARN", name="org.eclipse.jetty", includeLocation="null", ={}, ={}, Configuration(HiveLog4j2Test), Filter=null)
DEBUG StatusLogger Building Plugin[name=logger, class=org.apache.logging.log4j.core.config.LoggerConfig].
DEBUG StatusLogger createLogger(additivity="true", level="WARN", name="BlockStateChange", includeLocation="null", ={}, ={}, Configuration(HiveLog4j2Test), Filter=null)
DEBUG StatusLogger Building Plugin[name=logger, class=org.apache.logging.log4j.core.config.LoggerConfig].
DEBUG StatusLogger createLogger(additivity="true", level="DEBUG", name="org.apache.hadoop.hive.ql.optimizer.SharedWorkOptimizer", includeLocation="null", ={}, ={}, Configuration(HiveLog4j2Test), Filter=null)
DEBUG StatusLogger Building Plugin[name=AppenderRef, class=org.apache.logging.log4j.core.config.AppenderRef].
DEBUG StatusLogger createAppenderRef(ref="console", level="INFO", Filter=null)
DEBUG StatusLogger Building Plugin[name=AppenderRef, class=org.apache.logging.log4j.core.config.AppenderRef].
DEBUG StatusLogger createAppenderRef(ref="DRFA", level="null", Filter=null)
DEBUG StatusLogger Building Plugin[name=root, class=org.apache.logging.log4j.core.config.LoggerConfig$RootLogger].
DEBUG StatusLogger createLogger(additivity="null", level="DEBUG", includeLocation="null", ={console, DRFA}, ={}, Configuration(HiveLog4j2Test), Filter=null)
DEBUG StatusLogger Building Plugin[name=loggers, class=org.apache.logging.log4j.core.config.LoggersPlugin].
DEBUG StatusLogger createLoggers(={org.apache.hadoop.ipc, org.apache.hadoop.security, org.apache.hadoop.hdfs, org.apache.hadoop.hdfs.server, org.apache.hadoop.metrics2, org.mortbay, org.apache.hadoop.yarn, org.apache.hadoop.yarn.server, org.apache.tez, org.apache.hadoop.conf.Configuration, org.apache.zookeeper, org.apache.zookeeper.server.ServerCnxn, org.apache.zookeeper.server.NIOServerCnxn, org.apache.zookeeper.ClientCnxn, org.apache.zookeeper.ClientCnxnSocket, org.apache.zookeeper.ClientCnxnSocketNIO, DataNucleus, Datastore, JPOX, org.apache.hadoop.hive.ql.exec.Operator, org.apache.hadoop.hive.serde2.lazy, org.apache.hadoop.hive.metastore.ObjectStore, org.apache.calcite.plan.RelOptPlanner, com.amazonaws, org.apache.http, org.apache.thrift, org.eclipse.jetty, BlockStateChange, org.apache.hadoop.hive.ql.optimizer.SharedWorkOptimizer, root})
DEBUG StatusLogger Building Plugin[name=layout, class=org.apache.logging.log4j.core.layout.PatternLayout].
DEBUG StatusLogger PatternLayout$Builder(footer="null", noConsoleNoAnsi="null", PatternSelector=null, disableAnsi="null", pattern="%d{ISO8601} %5p [%t] %c{2}: %m%n", Configuration(HiveLog4j2Test), charset="null", Replace=null, alwaysWriteExceptions="null", header="null")
DEBUG StatusLogger PluginManager 'Converter' found 46 plugins
DEBUG StatusLogger Building Plugin[name=appender, class=org.apache.logging.log4j.core.appender.ConsoleAppender].
DEBUG StatusLogger ConsoleAppender$Builder(direct="null", follow="null", target="SYSTEM_ERR", bufferSize="null", immediateFlush="null", bufferedIo="null", Configuration(HiveLog4j2Test), name="console", PatternLayout(%d{ISO8601} %5p [%t] %c{2}: %m%n), ignoreExceptions="null", Filter=null, ={})
DEBUG StatusLogger Starting OutputStreamManager SYSTEM_ERR.false.false
DEBUG StatusLogger Building Plugin[name=layout, class=org.apache.logging.log4j.core.layout.PatternLayout].
DEBUG StatusLogger PatternLayout$Builder(header="null", noConsoleNoAnsi="null", PatternSelector=null, footer="null", disableAnsi="null", charset="null", Configuration(HiveLog4j2Test), Replace=null, alwaysWriteExceptions="null", pattern="%d{ISO8601} %5p [%t] %c{2}: %m%n")
DEBUG StatusLogger Building Plugin[name=TimeBasedTriggeringPolicy, class=org.apache.logging.log4j.core.appender.rolling.TimeBasedTriggeringPolicy].
DEBUG StatusLogger TimeBasedTriggeringPolicy$Builder(interval="1", maxRandomDelay="null", modulate="true")
DEBUG StatusLogger Building Plugin[name=Policies, class=org.apache.logging.log4j.core.appender.rolling.CompositeTriggeringPolicy].
DEBUG StatusLogger createPolicy(={TimeBasedTriggeringPolicy(nextRolloverMillis=0, interval=1, modulate=true)})
DEBUG StatusLogger Building Plugin[name=DefaultRolloverStrategy, class=org.apache.logging.log4j.core.appender.rolling.DefaultRolloverStrategy].
DEBUG StatusLogger DefaultRolloverStrategy$Builder(Configuration(HiveLog4j2Test), fileIndex="null", compressionLevel="null", max="30", min="null", ={}, tempCompressedFilePattern="null", stopCustomActionsOnError="null")
DEBUG StatusLogger Building Plugin[name=appender, class=org.apache.logging.log4j.core.appender.RollingRandomAccessFileAppender].
DEBUG StatusLogger RollingRandomAccessFileAppender$Builder(fileName="/home/alex/Repositories/hive/service/target/tmp/log/hive.log", DefaultRolloverStrategy(DefaultRolloverStrategy(min=1, max=30, useMax=true)), Policies(CompositeTriggeringPolicy(policies=[TimeBasedTriggeringPolicy(nextRolloverMillis=0, interval=1, modulate=true)])), append="null", advertise="null", filePermissions="null", fileGroup="null", advertiseURI="null", filePattern="/home/alex/Repositories/hive/service/target/tmp/log/hive.log.%d{yyyy-MM-dd}", fileOwner="null", immediateFlush="null", bufferedIo="null", bufferSize="null", PatternLayout(%d{ISO8601} %5p [%t] %c{2}: %m%n), Configuration(HiveLog4j2Test), ignoreExceptions="null", name="DRFA", ={}, Filter=null)
TRACE StatusLogger RandomAccessFile /home/alex/Repositories/hive/service/target/tmp/log/hive.log seek to 4167747839
DEBUG StatusLogger Starting RollingRandomAccessFileManager /home/alex/Repositories/hive/service/target/tmp/log/hive.log
DEBUG StatusLogger PluginManager 'FileConverter' found 3 plugins
DEBUG StatusLogger Setting prev file time to 2024-04-24T06:51:26.532-0700
DEBUG StatusLogger Initializing triggering policy CompositeTriggeringPolicy(policies=[TimeBasedTriggeringPolicy(nextRolloverMillis=0, interval=1, modulate=true)])
DEBUG StatusLogger Initializing triggering policy TimeBasedTriggeringPolicy(nextRolloverMillis=0, interval=1, modulate=true)
TRACE StatusLogger PatternProcessor.getNextTime returning 2024/04/25-00:00:00.000, nextFileTime=2024/04/24-00:00:00.000, prevFileTime=1969/12/31-16:00:00.000, current=2024/04/24-06:51:28.556, freq=DAILY
TRACE StatusLogger PatternProcessor.getNextTime returning 2024/04/25-00:00:00.000, nextFileTime=2024/04/24-00:00:00.000, prevFileTime=2024/04/24-00:00:00.000, current=2024/04/24-06:51:28.557, freq=DAILY
DEBUG StatusLogger Building Plugin[name=appenders, class=org.apache.logging.log4j.core.config.AppendersPlugin].
DEBUG StatusLogger createAppenders(={console, DRFA})
DEBUG StatusLogger Configuration org.apache.logging.log4j.core.config.properties.PropertiesConfiguration@68746f22 initialized
DEBUG StatusLogger Starting configuration org.apache.logging.log4j.core.config.properties.PropertiesConfiguration@68746f22
DEBUG StatusLogger Started configuration org.apache.logging.log4j.core.config.properties.PropertiesConfiguration@68746f22 OK.
TRACE StatusLogger Stopping org.apache.logging.log4j.core.config.DefaultConfiguration@7671cb68...
TRACE StatusLogger DefaultConfiguration notified 1 ReliabilityStrategies that config will be stopped.
TRACE StatusLogger DefaultConfiguration stopping root LoggerConfig.
TRACE StatusLogger DefaultConfiguration notifying ReliabilityStrategies that appenders will be stopped.
TRACE StatusLogger DefaultConfiguration stopping remaining Appenders.
DEBUG StatusLogger Shutting down OutputStreamManager SYSTEM_OUT.false.false-1
DEBUG StatusLogger OutputStream closed
DEBUG StatusLogger Shut down OutputStreamManager SYSTEM_OUT.false.false-1, all resources released: true
DEBUG StatusLogger Appender DefaultConsole-1 stopped with status true
TRACE StatusLogger DefaultConfiguration stopped 1 remaining Appenders.
TRACE StatusLogger DefaultConfiguration cleaning Appenders from 1 LoggerConfigs.
DEBUG StatusLogger Stopped org.apache.logging.log4j.core.config.DefaultConfiguration@7671cb68 OK
TRACE StatusLogger Reregistering MBeans after reconfigure. Selector=org.apache.logging.log4j.core.selector.ClassLoaderContextSelector@3e14c16d
TRACE StatusLogger Reregistering context (1/1): '330bedb4' org.apache.logging.log4j.core.LoggerContext@58e1d9d
TRACE StatusLogger Unregistering but no MBeans found matching 'org.apache.logging.log4j2:type=330bedb4'
TRACE StatusLogger Unregistering but no MBeans found matching 'org.apache.logging.log4j2:type=330bedb4,component=StatusLogger'
TRACE StatusLogger Unregistering but no MBeans found matching 'org.apache.logging.log4j2:type=330bedb4,component=ContextSelector'
TRACE StatusLogger Unregistering but no MBeans found matching 'org.apache.logging.log4j2:type=330bedb4,component=Loggers,name=*'
TRACE StatusLogger Unregistering but no MBeans found matching 'org.apache.logging.log4j2:type=330bedb4,component=Appenders,name=*'
TRACE StatusLogger Unregistering but no MBeans found matching 'org.apache.logging.log4j2:type=330bedb4,component=AsyncAppenders,name=*'
TRACE StatusLogger Unregistering but no MBeans found matching 'org.apache.logging.log4j2:type=330bedb4,component=AsyncLoggerRingBuffer'
TRACE StatusLogger Unregistering but no MBeans found matching 'org.apache.logging.log4j2:type=330bedb4,component=Loggers,name=*,subtype=RingBuffer'
DEBUG StatusLogger Registering MBean org.apache.logging.log4j2:type=330bedb4
DEBUG StatusLogger Registering MBean org.apache.logging.log4j2:type=330bedb4,component=StatusLogger
DEBUG StatusLogger Registering MBean org.apache.logging.log4j2:type=330bedb4,component=ContextSelector
DEBUG StatusLogger Registering MBean org.apache.logging.log4j2:type=330bedb4,component=Loggers,name=org.apache.hadoop.security
DEBUG StatusLogger Registering MBean org.apache.logging.log4j2:type=330bedb4,component=Loggers,name=JPOX
DEBUG StatusLogger Registering MBean org.apache.logging.log4j2:type=330bedb4,component=Loggers,name=org.apache.calcite.plan.RelOptPlanner
DEBUG StatusLogger Registering MBean org.apache.logging.log4j2:type=330bedb4,component=Loggers,name=org.eclipse.jetty
DEBUG StatusLogger Registering MBean org.apache.logging.log4j2:type=330bedb4,component=Loggers,name=BlockStateChange
DEBUG StatusLogger Registering MBean org.apache.logging.log4j2:type=330bedb4,component=Loggers,name=
DEBUG StatusLogger Registering MBean org.apache.logging.log4j2:type=330bedb4,component=Loggers,name=org.apache.tez
DEBUG StatusLogger Registering MBean org.apache.logging.log4j2:type=330bedb4,component=Loggers,name=org.apache.hadoop.metrics2
DEBUG StatusLogger Registering MBean org.apache.logging.log4j2:type=330bedb4,component=Loggers,name=org.apache.zookeeper.ClientCnxn
DEBUG StatusLogger Registering MBean org.apache.logging.log4j2:type=330bedb4,component=Loggers,name=org.apache.http
DEBUG StatusLogger Registering MBean org.apache.logging.log4j2:type=330bedb4,component=Loggers,name=org.apache.hadoop.yarn
DEBUG StatusLogger Registering MBean org.apache.logging.log4j2:type=330bedb4,component=Loggers,name=org.apache.zookeeper.ClientCnxnSocketNIO
DEBUG StatusLogger Registering MBean org.apache.logging.log4j2:type=330bedb4,component=Loggers,name=org.apache.hadoop.hive.ql.exec.Operator
DEBUG StatusLogger Registering MBean org.apache.logging.log4j2:type=330bedb4,component=Loggers,name=Datastore
DEBUG StatusLogger Registering MBean org.apache.logging.log4j2:type=330bedb4,component=Loggers,name=org.apache.hadoop.hive.metastore.ObjectStore
DEBUG StatusLogger Registering MBean org.apache.logging.log4j2:type=330bedb4,component=Loggers,name=com.amazonaws
DEBUG StatusLogger Registering MBean org.apache.logging.log4j2:type=330bedb4,component=Loggers,name=org.apache.thrift
DEBUG StatusLogger Registering MBean org.apache.logging.log4j2:type=330bedb4,component=Loggers,name=org.apache.zookeeper.server.NIOServerCnxn
DEBUG StatusLogger Registering MBean org.apache.logging.log4j2:type=330bedb4,component=Loggers,name=DataNucleus
DEBUG StatusLogger Registering MBean org.apache.logging.log4j2:type=330bedb4,component=Loggers,name=org.apache.zookeeper.ClientCnxnSocket
DEBUG StatusLogger Registering MBean org.apache.logging.log4j2:type=330bedb4,component=Loggers,name=org.apache.hadoop.hdfs
DEBUG StatusLogger Registering MBean org.apache.logging.log4j2:type=330bedb4,component=Loggers,name=org.apache.hadoop.conf.Configuration
DEBUG StatusLogger Registering MBean org.apache.logging.log4j2:type=330bedb4,component=Loggers,name=org.apache.zookeeper
DEBUG StatusLogger Registering MBean org.apache.logging.log4j2:type=330bedb4,component=Loggers,name=org.apache.hadoop.hive.ql.optimizer.SharedWorkOptimizer
DEBUG StatusLogger Registering MBean org.apache.logging.log4j2:type=330bedb4,component=Loggers,name=org.mortbay
DEBUG StatusLogger Registering MBean org.apache.logging.log4j2:type=330bedb4,component=Loggers,name=org.apache.zookeeper.server.ServerCnxn
DEBUG StatusLogger Registering MBean org.apache.logging.log4j2:type=330bedb4,component=Loggers,name=org.apache.hadoop.ipc
DEBUG StatusLogger Registering MBean org.apache.logging.log4j2:type=330bedb4,component=Loggers,name=org.apache.hadoop.yarn.server
DEBUG StatusLogger Registering MBean org.apache.logging.log4j2:type=330bedb4,component=Loggers,name=org.apache.hadoop.hdfs.server
DEBUG StatusLogger Registering MBean org.apache.logging.log4j2:type=330bedb4,component=Loggers,name=org.apache.hadoop.hive.serde2.lazy
DEBUG StatusLogger Registering MBean org.apache.logging.log4j2:type=330bedb4,component=Appenders,name=console
DEBUG StatusLogger Registering MBean org.apache.logging.log4j2:type=330bedb4,component=Appenders,name=DRFA
TRACE StatusLogger Using default SystemClock for timestamps.
DEBUG StatusLogger org.apache.logging.log4j.core.util.SystemClock does not support precise timestamps.
TRACE StatusLogger Using DummyNanoClock for nanosecond timestamps.
DEBUG StatusLogger Reconfiguration complete for context[name=330bedb4] at URI /home/alex/Repositories/hive/service/target/testconf/hive-log4j2.properties (org.apache.logging.log4j.core.LoggerContext@58e1d9d) with optional ClassLoader: null
DEBUG StatusLogger Shutdown hook enabled. Registering a new one.
DEBUG StatusLogger LoggerContext[name=330bedb4, org.apache.logging.log4j.core.LoggerContext@58e1d9d] started OK.
2024-04-24T06:51:28,725  INFO [main] conf.HiveConf: Found configuration file file:/home/alex/Repositories/hive/service/target/testconf/hive-site.xml
DEBUG StatusLogger AsyncLogger.ThreadNameStrategy=UNCACHED (user specified null, default is UNCACHED)
TRACE StatusLogger Using default SystemClock for timestamps.
DEBUG StatusLogger org.apache.logging.log4j.core.util.SystemClock does not support precise timestamps.
2024-04-24T06:51:29,181  WARN [main] util.NativeCodeLoader: Unable to load native-hadoop library for your platform... using builtin-java classes where applicable
2024-04-24T06:51:29,269  WARN [main] conf.HiveConf: HiveConf of name hive.llap.io.cache.orc.alloc.min does not exist
2024-04-24T06:51:29,269  WARN [main] conf.HiveConf: HiveConf of name hive.llap.io.cache.orc.arena.size does not exist
2024-04-24T06:51:29,270  WARN [main] conf.HiveConf: HiveConf of name hive.metastore.client.cache.recordStats does not exist
2024-04-24T06:51:29,270  WARN [main] conf.HiveConf: HiveConf of name hive.dummyparam.test.server.specific.config.hiveserver2site does not exist
2024-04-24T06:51:29,270  WARN [main] conf.HiveConf: HiveConf of name hive.llap.io.cache.orc.alloc.max does not exist
2024-04-24T06:51:29,271  WARN [main] conf.HiveConf: HiveConf of name hive.dummyparam.test.server.specific.config.hivesite does not exist
2024-04-24T06:51:29,272  WARN [main] conf.HiveConf: HiveConf of name hive.stats.key.prefix.reserve.length does not exist
2024-04-24T06:51:29,272  WARN [main] conf.HiveConf: HiveConf of name hive.metastore.client.cache.maxSize does not exist
2024-04-24T06:51:29,272  WARN [main] conf.HiveConf: HiveConf of name hive.dummyparam.test.server.specific.config.metastoresite does not exist
2024-04-24T06:51:29,273  WARN [main] conf.HiveConf: HiveConf of name hive.llap.io.cache.orc.size does not exist
2024-04-24T06:51:29,273  WARN [main] conf.HiveConf: HiveConf of name hive.metastore.metadb.dir does not exist
2024-04-24T06:51:29,273  WARN [main] conf.HiveConf: HiveConf of name hive.dummyparam.test.server.specific.config.override does not exist
Hive Session ID = e7b2ad92-82db-4d37-862e-3304c4ce4780
2024-04-24T06:51:29,323  INFO [main] SessionState: Hive Session ID = e7b2ad92-82db-4d37-862e-3304c4ce4780
ivysettings.xml file not found in HIVE_HOME or HIVE_CONF_DIR,/home/alex/Repositories/hive/conf/ivysettings.xml will be used
2024-04-24T06:51:29,342  INFO [main] DependencyResolver: ivysettings.xml file not found in HIVE_HOME or HIVE_CONF_DIR,/home/alex/Repositories/hive/conf/ivysettings.xml will be used
2024-04-24T06:51:29,712  INFO [main] session.SessionState: Created HDFS directory: /home/alex/Repositories/hive/service/target/tmp/scratchdir/alex/e7b2ad92-82db-4d37-862e-3304c4ce4780
2024-04-24T06:51:29,716  INFO [main] session.SessionState: Created local directory: /home/alex/Repositories/hive/service/target/tmp/localscratchdir/e7b2ad92-82db-4d37-862e-3304c4ce4780
2024-04-24T06:51:29,720  INFO [main] session.SessionState: Created HDFS directory: /home/alex/Repositories/hive/service/target/tmp/scratchdir/alex/e7b2ad92-82db-4d37-862e-3304c4ce4780/_tmp_space.db
2024-04-24T06:51:29,745  INFO [main] sqlstd.SQLStdHiveAccessController: Created SQLStdHiveAccessController for session context : HiveAuthzSessionContext [sessionString=e7b2ad92-82db-4d37-862e-3304c4ce4780, clientType=HIVESERVER2]
2024-04-24T06:51:29,807  INFO [main] metastore.HiveMetaStoreClient: HMS client filtering is enabled.
2024-04-24T06:51:30,040  INFO [main] metastore.HMSHandler: 0: Opening raw store with implementation class:org.apache.hadoop.hive.metastore.ObjectStore
2024-04-24T06:51:30,082  INFO [main] metastore.PersistenceManagerProvider: Configuration datanucleus.autoStartMechanismMode is not set. Defaulting to 'ignored'
2024-04-24T06:51:30,090  INFO [main] metastore.PersistenceManagerProvider: Updating the pmf due to property change
2024-04-24T06:51:30,090  INFO [main] metastore.PersistenceManagerProvider: Current pmf properties are uninitialized
2024-04-24T06:51:30,118  WARN [main] hikari.HikariConfig: HikariPool-1 - leakDetectionThreshold is less than 2000ms or more than maxLifetime, disabling it.
2024-04-24T06:51:30,123  INFO [main] hikari.HikariDataSource: HikariPool-1 - Starting...
2024-04-24T06:51:30,891  INFO [main] pool.PoolBase: HikariPool-1 - Driver does not support get/set network timeout for connections. (Feature not implemented: No details.)
2024-04-24T06:51:30,894  INFO [main] hikari.HikariDataSource: HikariPool-1 - Start completed.
2024-04-24T06:51:31,622  INFO [main] metastore.PersistenceManagerProvider: Setting MetaStore object pin classes with hive.metastore.cache.pinobjtypes="Table,StorageDescriptor,SerDeInfo,Partition,Database,Type,FieldSchema,Order"
2024-04-24T06:51:31,622  INFO [main] metastore.ObjectStore: RawStore: org.apache.hadoop.hive.metastore.ObjectStore@17fa1336, with PersistenceManager: null will be shutdown
2024-04-24T06:51:31,649  INFO [main] metastore.ObjectStore: RawStore: org.apache.hadoop.hive.metastore.ObjectStore@17fa1336, with PersistenceManager: org.datanucleus.api.jdo.JDOPersistenceManager@100c8b75 created in the thread with id: 1
2024-04-24T06:51:34,748  WARN [main] metastore.ObjectStore: Version information not found in metastore. metastore.schema.verification is not enabled so recording the schema version 4.0.0
2024-04-24T06:51:34,749  WARN [main] metastore.ObjectStore: setMetaStoreSchemaVersion called but recording version is disabled: version = 4.0.0, comment = Set by MetaStore alex@127.0.1.1
2024-04-24T06:51:34,749  INFO [main] metastore.HMSHandler: Created RawStore: org.apache.hadoop.hive.metastore.ObjectStore@17fa1336 from thread id: 1
2024-04-24T06:51:34,922  INFO [main] metastore.HMSHandler: Started creating a default database with name: default
2024-04-24T06:51:34,968  INFO [main] metastore.HMSHandler: Successfully created a default database with name: default
2024-04-24T06:51:35,018  INFO [main] metastore.HMSHandler: Added admin role in metastore
2024-04-24T06:51:35,022  INFO [main] metastore.HMSHandler: Added public role in metastore
2024-04-24T06:51:35,180  INFO [main] metastore.HMSHandler: Added hive_admin_user to admin role
2024-04-24T06:51:35,187  INFO [main] metastore.HMSHandler: Scheduling for org.apache.hadoop.hive.metastore.ReplicationMetricsMaintTask service with frequency 86400000ms.
2024-04-24T06:51:35,188  INFO [main] metastore.HMSHandler: Scheduling for org.apache.hadoop.hive.metastore.events.EventCleanerTask service with frequency 0ms.
2024-04-24T06:51:35,216  WARN [main] hikari.HikariConfig: HikariPool-2 - leakDetectionThreshold is less than 2000ms or more than maxLifetime, disabling it.
2024-04-24T06:51:35,221  INFO [main] hikari.HikariDataSource: HikariPool-2 - Starting...
2024-04-24T06:51:35,223  INFO [main] pool.PoolBase: HikariPool-2 - Driver does not support get/set network timeout for connections. (Feature not implemented: No details.)
2024-04-24T06:51:35,223  INFO [main] hikari.HikariDataSource: HikariPool-2 - Start completed.
2024-04-24T06:51:35,227  WARN [main] hikari.HikariConfig: HikariPool-3 - leakDetectionThreshold is less than 2000ms or more than maxLifetime, disabling it.
2024-04-24T06:51:35,231  INFO [main] hikari.HikariDataSource: HikariPool-3 - Starting...
2024-04-24T06:51:35,233  INFO [main] pool.PoolBase: HikariPool-3 - Driver does not support get/set network timeout for connections. (Feature not implemented: No details.)
2024-04-24T06:51:35,234  INFO [main] hikari.HikariDataSource: HikariPool-3 - Start completed.
2024-04-24T06:51:35,243  INFO [main] metastore.HMSHandler: Scheduling for org.apache.hadoop.hive.metastore.metrics.AcidMetricService service with frequency 300000ms.
2024-04-24T06:51:35,244  INFO [main] metastore.HMSHandler: Scheduling for org.apache.hadoop.hive.metastore.RuntimeStatsCleanerTask service with frequency 3600000ms.
2024-04-24T06:51:35,248  INFO [main] metastore.HMSHandler: Scheduling for org.apache.hadoop.hive.metastore.HiveProtoEventsCleanerTask service with frequency 86400000ms.
2024-04-24T06:51:35,250  INFO [main] metastore.HMSHandler: Scheduling for org.apache.hadoop.hive.metastore.ScheduledQueryExecutionsMaintTask service with frequency 60000ms.
2024-04-24T06:51:35,253  INFO [main] metastore.HMSHandler: HMS server filtering is disabled by configuration
2024-04-24T06:51:35,415  INFO [main] metastore.RetryingMetaStoreClient: RetryingMetaStoreClient proxy=class org.apache.hadoop.hive.ql.metadata.SessionHiveMetaStoreClient ugi=alex (auth:SIMPLE) retries=1 delay=1 lifetime=0
2024-04-24T06:51:36,080  WARN [main] exec.FunctionRegistry: UDF Class org.apache.datasketches.hive.theta.EstimateSketchUDF does not have description. Please annotate the class with the org.apache.hadoop.hive.ql.exec.Description annotation and provide the description of the function.
2024-04-24T06:51:36,081  WARN [main] exec.FunctionRegistry: UDF Class org.apache.datasketches.hive.theta.ExcludeSketchUDF does not have description. Please annotate the class with the org.apache.hadoop.hive.ql.exec.Description annotation and provide the description of the function.
2024-04-24T06:51:36,082  WARN [main] exec.FunctionRegistry: UDF Class org.apache.datasketches.hive.theta.UnionSketchUDF does not have description. Please annotate the class with the org.apache.hadoop.hive.ql.exec.Description annotation and provide the description of the function.
2024-04-24T06:51:36,082  WARN [main] exec.FunctionRegistry: UDF Class org.apache.datasketches.hive.theta.IntersectSketchUDF does not have description. Please annotate the class with the org.apache.hadoop.hive.ql.exec.Description annotation and provide the description of the function.
2024-04-24T06:51:36,087  WARN [main] exec.FunctionRegistry: UDF Class org.apache.datasketches.hive.tuple.ArrayOfDoublesSketchToValuesUDTF does not have description. Please annotate the class with the org.apache.hadoop.hive.ql.exec.Description annotation and provide the description of the function.
2024-04-24T06:51:36,091  WARN [main] exec.FunctionRegistry: UDF Class org.apache.datasketches.hive.hll.UnionSketchUDF does not have description. Please annotate the class with the org.apache.hadoop.hive.ql.exec.Description annotation and provide the description of the function.
2024-04-24T06:51:36,092  WARN [main] exec.FunctionRegistry: UDF Class org.apache.datasketches.hive.cpc.UnionSketchUDF does not have description. Please annotate the class with the org.apache.hadoop.hive.ql.exec.Description annotation and provide the description of the function.
2024-04-24T06:51:36,163  INFO [main] service.CompositeService: Operation log root directory is created: /home/alex/Repositories/hive/service/target/tmp/alex/operation_logs
2024-04-24T06:51:36,165  INFO [main] service.CompositeService: HiveServer2: Background operation thread pool size: 100
2024-04-24T06:51:36,165  INFO [main] service.CompositeService: HiveServer2: Background operation thread wait queue size: 100
2024-04-24T06:51:36,165  INFO [main] service.CompositeService: HiveServer2: Background operation thread keepalive time: 10 seconds
2024-04-24T06:51:36,167  INFO [main] service.CompositeService: Connections limit are user: 0 ipaddress: 0 user-ipaddress: 0
2024-04-24T06:51:36,170  INFO [main] cleanup.EventualCleanupService: EventualCleanupService started with 10 threads and queue of size 10000
2024-04-24T06:51:36,176  INFO [main] service.AbstractService: Service:OperationManager is inited.
DEBUG StatusLogger Building Plugin[name=appender, class=org.apache.hadoop.hive.ql.log.NullAppender].
DEBUG StatusLogger createNullAppender()
DEBUG StatusLogger PluginManager 'Converter' found 46 plugins
DEBUG StatusLogger Starting OutputStreamManager SYSTEM_OUT.false.false-2
DEBUG StatusLogger Log4j2 ConfigurationScheduler starting 2 threads
DEBUG StatusLogger Building Plugin[name=appender, class=org.apache.hadoop.hive.ql.log.NullAppender].
DEBUG StatusLogger createNullAppender()
DEBUG StatusLogger PluginManager 'Converter' found 46 plugins
DEBUG StatusLogger Starting OutputStreamManager SYSTEM_OUT.false.false-3
2024-04-24T06:51:36,198  INFO [main] service.AbstractService: Service:SessionManager is inited.
2024-04-24T06:51:36,198  INFO [main] service.AbstractService: Service:CLIService is inited.
2024-04-24T06:51:36,198  INFO [main] service.AbstractService: Service:OperationManager is started.
2024-04-24T06:51:36,198  INFO [main] service.AbstractService: Service:SessionManager is started.
2024-04-24T06:51:36,199  INFO [main] service.AbstractService: Service:CLIService is started.
2024-04-24T06:51:36,200  INFO [main] service.AbstractService: Service:ThriftBinaryCLIService is inited.
2024-04-24T06:51:36,223  INFO [main] thrift.ThriftCLIService: Client protocol version: HIVE_CLI_SERVICE_PROTOCOL_V10
2024-04-24T06:51:36,230  INFO [main] thrift.ThriftCLIService: Creating Hive session handle for user [anonymous] from IP null
ivysettings.xml file not found in HIVE_HOME or HIVE_CONF_DIR,/home/alex/Repositories/hive/conf/ivysettings.xml will be used
2024-04-24T06:51:36,237  INFO [main] DependencyResolver: ivysettings.xml file not found in HIVE_HOME or HIVE_CONF_DIR,/home/alex/Repositories/hive/conf/ivysettings.xml will be used
2024-04-24T06:51:36,248  INFO [main] session.SessionState: Created HDFS directory: /home/alex/Repositories/hive/service/target/tmp/scratchdir/alex/3dbc49bf-4c90-4e93-8481-4202505398b2
2024-04-24T06:51:36,252  INFO [main] session.SessionState: Created local directory: /home/alex/Repositories/hive/service/target/tmp/localscratchdir/3dbc49bf-4c90-4e93-8481-4202505398b2
2024-04-24T06:51:36,256  INFO [main] session.SessionState: Created HDFS directory: /home/alex/Repositories/hive/service/target/tmp/scratchdir/alex/3dbc49bf-4c90-4e93-8481-4202505398b2/_tmp_space.db
2024-04-24T06:51:36,261  INFO [main] session.SessionState: Reloading auxiliary JAR files
2024-04-24T06:51:36,261  WARN [main] session.SessionState: Configuration hive.reloadable.aux.jars.path not specified
2024-04-24T06:51:36,265  INFO [main] metastore.HiveMetaStoreClient: HMS client filtering is enabled.
2024-04-24T06:51:36,265  INFO [main] metastore.PersistenceManagerProvider: Configuration datanucleus.autoStartMechanismMode is not set. Defaulting to 'ignored'
2024-04-24T06:51:36,268  INFO [main] metastore.ObjectStore: RawStore: org.apache.hadoop.hive.metastore.ObjectStore@17fa1336, with PersistenceManager: org.datanucleus.api.jdo.JDOPersistenceManager@100c8b75 will be shutdown
2024-04-24T06:51:36,270  INFO [main] metastore.ObjectStore: RawStore: org.apache.hadoop.hive.metastore.ObjectStore@17fa1336, with PersistenceManager: org.datanucleus.api.jdo.JDOPersistenceManager@204d9edf created in the thread with id: 1
2024-04-24T06:51:36,297  INFO [main] metastore.HMSHandler: HMS server filtering is disabled by configuration
2024-04-24T06:51:36,298  INFO [main] metastore.RetryingMetaStoreClient: RetryingMetaStoreClient proxy=class org.apache.hadoop.hive.ql.metadata.SessionHiveMetaStoreClient ugi=alex (auth:SIMPLE) retries=1 delay=1 lifetime=0
2024-04-24T06:51:36,301  INFO [main] HiveMetaStore.audit: ugi=alex	ip=unknown-ip-addr	cmd=get_all_functions	
2024-04-24T06:51:36,387  INFO [main] HiveMetaStore.audit: ugi=alex	ip=unknown-ip-addr	cmd=Cleaning up thread local RawStore...	
2024-04-24T06:51:36,387  INFO [main] metastore.ObjectStore: RawStore: org.apache.hadoop.hive.metastore.ObjectStore@17fa1336, with PersistenceManager: org.datanucleus.api.jdo.JDOPersistenceManager@204d9edf will be shutdown
2024-04-24T06:51:36,388  INFO [main] HiveMetaStore.audit: ugi=alex	ip=unknown-ip-addr	cmd=Done cleaning up thread local RawStore	
2024-04-24T06:51:36,388  INFO [main] metastore.HiveMetaStoreClient: Closed a connection to metastore, current connections: -1
2024-04-24T06:51:36,389  INFO [main] session.HiveSessionImpl: Operation log session directory is created: /home/alex/Repositories/hive/service/target/tmp/alex/operation_logs/3dbc49bf-4c90-4e93-8481-4202505398b2
2024-04-24T06:51:36,392  INFO [main] service.CompositeService: Session opened, SessionHandle [3dbc49bf-4c90-4e93-8481-4202505398b2], current sessions:1
2024-04-24T06:51:36,398  INFO [main] thrift.ThriftCLIService: Login attempt is successful for user : anonymous
2024-04-24T06:51:36,404  INFO [3dbc49bf-4c90-4e93-8481-4202505398b2 main] session.HiveSessionImpl: executing select reflect("java.lang.System", "currentTimeMillis")
2024-04-24T06:51:36,429  INFO [3dbc49bf-4c90-4e93-8481-4202505398b2 main] operation.OperationManager: Adding operation: OperationHandle [opType=EXECUTE_STATEMENT, getHandleIdentifier()=7babd6ef-34f2-489b-b8eb-9856309b0e16] SessionHandle [3dbc49bf-4c90-4e93-8481-4202505398b2]
2024-04-24T06:51:36,437  INFO [3dbc49bf-4c90-4e93-8481-4202505398b2 main] common.LogUtils: Thread context registration is done.
DEBUG StatusLogger Building Plugin[name=filter, class=org.apache.hadoop.hive.ql.log.LogDivertAppender$NameFilter].
DEBUG StatusLogger createFilter(loggingLevel="EXECUTION")
DEBUG StatusLogger Building Plugin[name=layout, class=org.apache.logging.log4j.core.layout.PatternLayout].
DEBUG StatusLogger PatternLayout$Builder(footer="null", PatternSelector=null, charset="null", noConsoleNoAnsi="null", pattern="%-5p : %m%n", Configuration(HiveLog4j2Test), disableAnsi="null", header="null", alwaysWriteExceptions="null", Replace=null)
DEBUG StatusLogger Building Plugin[name=appender, class=org.apache.hadoop.hive.ql.log.HushableRandomAccessFileAppender].
DEBUG StatusLogger createAppender(fileName="/home/alex/Repositories/hive/service/target/tmp/alex/operation_logs/3dbc49bf-4c90-4e93-8481-4202505398b2/alex_20240424065136_755b7108-b075-4060-ac91-fd6ff528ddb9", append="null", name="query-file-appender", immediateFlush="null", bufferSize="null", ignoreExceptions="null", PatternLayout(org.apache.logging.log4j.core.layout.PatternLayout with name PatternLayout), NameFilter(org.apache.hadoop.hive.ql.log.LogDivertAppender$NameFilter with name NameFilter), advertise="null", advertiseURI="null", Configuration(HiveLog4j2Test))
DEBUG StatusLogger Starting RandomAccessFileManager /home/alex/Repositories/hive/service/target/tmp/alex/operation_logs/3dbc49bf-4c90-4e93-8481-4202505398b2/alex_20240424065136_755b7108-b075-4060-ac91-fd6ff528ddb9
DEBUG StatusLogger Building Plugin[name=, class=org.apache.hadoop.hive.ql.log.LogDivertAppenderForTest$TestFilter].
DEBUG StatusLogger createFilter()
DEBUG StatusLogger Building Plugin[name=, class=org.apache.logging.log4j.core.layout.PatternLayout].
DEBUG StatusLogger PatternLayout$Builder(disableAnsi="null", header="null", noConsoleNoAnsi="null", Replace=null, PatternSelector=null, alwaysWriteExceptions="null", footer="null", Configuration(HiveLog4j2Test), pattern="%-5p : %m%n", charset="null")
DEBUG StatusLogger Building Plugin[name=appender, class=org.apache.hadoop.hive.ql.log.HushableRandomAccessFileAppender].
DEBUG StatusLogger createAppender(fileName="/home/alex/Repositories/hive/service/target/tmp/alex/operation_logs/3dbc49bf-4c90-4e93-8481-4202505398b2/alex_20240424065136_755b7108-b075-4060-ac91-fd6ff528ddb9.test", append="null", name="test-query-file-appender", immediateFlush="null", bufferSize="null", ignoreExceptions="null", PatternLayout(org.apache.logging.log4j.core.layout.PatternLayout with name PatternLayout), test-filter(org.apache.hadoop.hive.ql.log.LogDivertAppenderForTest$TestFilter with name test-filter), advertise="null", advertiseURI="null", Configuration(HiveLog4j2Test))
DEBUG StatusLogger Starting RandomAccessFileManager /home/alex/Repositories/hive/service/target/tmp/alex/operation_logs/3dbc49bf-4c90-4e93-8481-4202505398b2/alex_20240424065136_755b7108-b075-4060-ac91-fd6ff528ddb9.test
2024-04-24T06:51:36,461  INFO [3dbc49bf-4c90-4e93-8481-4202505398b2 main] operation.SQLOperation: [opType=EXECUTE_STATEMENT, queryId=alex_20240424065136_755b7108-b075-4060-ac91-fd6ff528ddb9, startTime=1713966696421, sessionId=3dbc49bf-4c90-4e93-8481-4202505398b2, createTime=1713966696233, userName=anonymous, ipAddress=null]
2024-04-24T06:51:36,526  INFO [3dbc49bf-4c90-4e93-8481-4202505398b2 main] ql.Driver: Compiling command(queryId=alex_20240424065136_755b7108-b075-4060-ac91-fd6ff528ddb9): select reflect("java.lang.System", "currentTimeMillis")
2024-04-24T06:51:37,377  INFO [3dbc49bf-4c90-4e93-8481-4202505398b2 main] metastore.HMSHandler: 0: Opening raw store with implementation class:org.apache.hadoop.hive.metastore.ObjectStore
2024-04-24T06:51:37,381  INFO [3dbc49bf-4c90-4e93-8481-4202505398b2 main] metastore.ObjectStore: RawStore: org.apache.hadoop.hive.metastore.ObjectStore@642c6461, with PersistenceManager: null will be shutdown
2024-04-24T06:51:37,382  INFO [3dbc49bf-4c90-4e93-8481-4202505398b2 main] metastore.ObjectStore: RawStore: org.apache.hadoop.hive.metastore.ObjectStore@642c6461, with PersistenceManager: org.datanucleus.api.jdo.JDOPersistenceManager@3ace6346 created in the thread with id: 1
2024-04-24T06:51:37,395  INFO [3dbc49bf-4c90-4e93-8481-4202505398b2 main] metastore.HMSHandler: Created RawStore: org.apache.hadoop.hive.metastore.ObjectStore@642c6461 from thread id: 1
2024-04-24T06:51:37,681  INFO [3dbc49bf-4c90-4e93-8481-4202505398b2 main] reflections.Reflections: Reflections took 242 ms to scan 2 urls, producing 53 keys and 784 values 
2024-04-24T06:51:37,881  INFO [3dbc49bf-4c90-4e93-8481-4202505398b2 main] reflections.Reflections: Reflections took 157 ms to scan 2 urls, producing 53 keys and 784 values 
2024-04-24T06:51:38,049  INFO [3dbc49bf-4c90-4e93-8481-4202505398b2 main] reflections.Reflections: Reflections took 161 ms to scan 2 urls, producing 53 keys and 784 values 
2024-04-24T06:51:38,142  INFO [3dbc49bf-4c90-4e93-8481-4202505398b2 main] parse.CalcitePlanner: Starting caching scope for: alex_20240424065136_755b7108-b075-4060-ac91-fd6ff528ddb9
2024-04-24T06:51:38,146  INFO [3dbc49bf-4c90-4e93-8481-4202505398b2 main] parse.CalcitePlanner: Starting Semantic Analysis
2024-04-24T06:51:38,147  INFO [3dbc49bf-4c90-4e93-8481-4202505398b2 main] sqlstd.SQLStdHiveAccessController: Created SQLStdHiveAccessController for session context : HiveAuthzSessionContext [sessionString=3dbc49bf-4c90-4e93-8481-4202505398b2, clientType=HIVESERVER2]
2024-04-24T06:51:38,150  INFO [3dbc49bf-4c90-4e93-8481-4202505398b2 main] parse.CalcitePlanner: Completed phase 1 of Semantic Analysis
2024-04-24T06:51:38,150  INFO [3dbc49bf-4c90-4e93-8481-4202505398b2 main] parse.CalcitePlanner: Get metadata for source tables
2024-04-24T06:51:38,150  INFO [3dbc49bf-4c90-4e93-8481-4202505398b2 main] parse.CalcitePlanner: Get metadata for subqueries
2024-04-24T06:51:38,155  INFO [3dbc49bf-4c90-4e93-8481-4202505398b2 main] parse.CalcitePlanner: Get metadata for destination tables
2024-04-24T06:51:38,167  INFO [3dbc49bf-4c90-4e93-8481-4202505398b2 main] parse.CalcitePlanner: Completed getting MetaData in Semantic Analysis
2024-04-24T06:51:39,575  INFO [3dbc49bf-4c90-4e93-8481-4202505398b2 main] HiveMetaStore.audit: ugi=alex	ip=unknown-ip-addr	cmd=get_all_table_constraints : tbl=hive._dummy_database._dummy_table	
2024-04-24T06:51:40,438  INFO [3dbc49bf-4c90-4e93-8481-4202505398b2 main] parse.CalcitePlanner: Get metadata for source tables
2024-04-24T06:51:40,445  INFO [3dbc49bf-4c90-4e93-8481-4202505398b2 main] HiveMetaStore.audit: ugi=alex	ip=unknown-ip-addr	cmd=get_table : tbl=hive._dummy_database._dummy_table	
2024-04-24T06:51:40,461  INFO [3dbc49bf-4c90-4e93-8481-4202505398b2 main] parse.CalcitePlanner: Get metadata for subqueries
2024-04-24T06:51:40,461  INFO [3dbc49bf-4c90-4e93-8481-4202505398b2 main] parse.CalcitePlanner: Get metadata for destination tables
2024-04-24T06:51:40,506  INFO [3dbc49bf-4c90-4e93-8481-4202505398b2 main] common.FileUtils: Creating directory if it doesn't exist: file:/home/alex/Repositories/hive/service/target/tmp/localscratchdir/3dbc49bf-4c90-4e93-8481-4202505398b2/hive_2024-04-24_06-51-36_490_2508475024988604068-1/-mr-10001/.hive-staging_hive_2024-04-24_06-51-36_490_2508475024988604068-1
2024-04-24T06:51:40,554  INFO [3dbc49bf-4c90-4e93-8481-4202505398b2 main] parse.CalcitePlanner: CBO Succeeded; optimized logical plan.
2024-04-24T06:51:40,652  INFO [3dbc49bf-4c90-4e93-8481-4202505398b2 main] optimizer.BucketVersionPopulator: not considering bucketingVersion for: TS[0] because it has -1<2 buckets 
2024-04-24T06:51:40,677  INFO [3dbc49bf-4c90-4e93-8481-4202505398b2 main] optimizer.SortedDynPartitionOptimizer: Sorted dynamic partitioning optimization kicked in..
2024-04-24T06:51:40,756  INFO [3dbc49bf-4c90-4e93-8481-4202505398b2 main] physical.Vectorizer: Examining input format to see if vectorization is enabled.
2024-04-24T06:51:40,765  INFO [3dbc49bf-4c90-4e93-8481-4202505398b2 main] physical.Vectorizer: Map vectorization enabled: false
2024-04-24T06:51:40,765  INFO [3dbc49bf-4c90-4e93-8481-4202505398b2 main] physical.Vectorizer: Map vectorized: false
2024-04-24T06:51:40,765  INFO [3dbc49bf-4c90-4e93-8481-4202505398b2 main] physical.Vectorizer: Map vectorizedVertexNum: 0
2024-04-24T06:51:40,765  INFO [3dbc49bf-4c90-4e93-8481-4202505398b2 main] physical.Vectorizer: Map enabledConditionsMet: [hive.vectorized.use.vectorized.input.format IS true]
2024-04-24T06:51:40,766  INFO [3dbc49bf-4c90-4e93-8481-4202505398b2 main] physical.Vectorizer: Map enabledConditionsNotMet: [Could not enable vectorization due to partition column names size 1 is greater than the number of table column names size 0 IS false]
2024-04-24T06:51:40,766  INFO [3dbc49bf-4c90-4e93-8481-4202505398b2 main] physical.Vectorizer: Map inputFileFormatClassNameSet: [org.apache.hadoop.hive.ql.io.NullRowsInputFormat]
2024-04-24T06:51:40,769  INFO [3dbc49bf-4c90-4e93-8481-4202505398b2 main] parse.CalcitePlanner: Completed plan generation
2024-04-24T06:51:40,769  INFO [3dbc49bf-4c90-4e93-8481-4202505398b2 main] parse.CalcitePlanner: Ending caching scope for: alex_20240424065136_755b7108-b075-4060-ac91-fd6ff528ddb9
2024-04-24T06:51:40,769  INFO [3dbc49bf-4c90-4e93-8481-4202505398b2 main] ql.Driver: Semantic Analysis Completed (retrial = false)
2024-04-24T06:51:40,772  INFO [3dbc49bf-4c90-4e93-8481-4202505398b2 main] ql.Driver: Created Hive schema: Schema(fieldSchemas:[FieldSchema(name:_c0, type:string, comment:null)], properties:null)
2024-04-24T06:51:40,786  INFO [3dbc49bf-4c90-4e93-8481-4202505398b2 main] exec.ListSinkOperator: Initializing Operator: LIST_SINK[3]
2024-04-24T06:51:40,791  INFO [3dbc49bf-4c90-4e93-8481-4202505398b2 main] metadata.Hive: Dumping metastore api call timing information for : compilation phase
2024-04-24T06:51:40,792  INFO [3dbc49bf-4c90-4e93-8481-4202505398b2 main] metadata.Hive: Total time spent in each metastore function (ms): {isCompatibleWith_(Configuration)=0, flushCache_()=20, getAllTableConstraints_(AllTableConstraintsRequest)=111, getAllFunctions_()=87}
2024-04-24T06:51:40,793  INFO [3dbc49bf-4c90-4e93-8481-4202505398b2 main] ql.Driver: Completed compiling command(queryId=alex_20240424065136_755b7108-b075-4060-ac91-fd6ff528ddb9); Time taken: 4.267 seconds
2024-04-24T06:51:40,794  INFO [3dbc49bf-4c90-4e93-8481-4202505398b2 main] reexec.ReExecDriver: Execution #1 of query
2024-04-24T06:51:40,795  INFO [3dbc49bf-4c90-4e93-8481-4202505398b2 main] lockmgr.DummyTxnManager: Creating lock manager of type org.apache.hadoop.hive.ql.lockmgr.EmbeddedLockManager
2024-04-24T06:51:40,803  INFO [3dbc49bf-4c90-4e93-8481-4202505398b2 main] ql.Driver: Operation QUERY obtained 2 locks
2024-04-24T06:51:40,806  INFO [3dbc49bf-4c90-4e93-8481-4202505398b2 main] ql.Driver: Executing command(queryId=alex_20240424065136_755b7108-b075-4060-ac91-fd6ff528ddb9): select reflect("java.lang.System", "currentTimeMillis")
PREHOOK: query: select reflect("java.lang.System", "currentTimeMillis")
2024-04-24T06:51:40,809  INFO [3dbc49bf-4c90-4e93-8481-4202505398b2 main] SessionState: PREHOOK: query: select reflect("java.lang.System", "currentTimeMillis")
PREHOOK: type: QUERY
2024-04-24T06:51:40,810  INFO [3dbc49bf-4c90-4e93-8481-4202505398b2 main] SessionState: PREHOOK: type: QUERY
PREHOOK: Input: _dummy_database@_dummy_table
2024-04-24T06:51:40,810  INFO [3dbc49bf-4c90-4e93-8481-4202505398b2 main] SessionState: PREHOOK: Input: _dummy_database@_dummy_table
PREHOOK: Output: file:/home/alex/Repositories/hive/service/target/tmp/localscratchdir/3dbc49bf-4c90-4e93-8481-4202505398b2/hive_2024-04-24_06-51-36_490_2508475024988604068-1/-mr-10001
2024-04-24T06:51:40,810  INFO [3dbc49bf-4c90-4e93-8481-4202505398b2 main] SessionState: PREHOOK: Output: file:/home/alex/Repositories/hive/service/target/tmp/localscratchdir/3dbc49bf-4c90-4e93-8481-4202505398b2/hive_2024-04-24_06-51-36_490_2508475024988604068-1/-mr-10001
2024-04-24T06:51:40,814  WARN [3dbc49bf-4c90-4e93-8481-4202505398b2 main] ql.Driver: Hive-on-MR is deprecated in Hive 2 and may not be available in the future versions. Consider using a different execution engine (i.e. spark, tez) or using Hive 1.X releases.
Query ID = alex_20240424065136_755b7108-b075-4060-ac91-fd6ff528ddb9
2024-04-24T06:51:40,814  INFO [3dbc49bf-4c90-4e93-8481-4202505398b2 main] ql.Driver: Query ID = alex_20240424065136_755b7108-b075-4060-ac91-fd6ff528ddb9
Total jobs = 1
2024-04-24T06:51:40,814  INFO [3dbc49bf-4c90-4e93-8481-4202505398b2 main] ql.Driver: Total jobs = 1
Launching Job 1 out of 1
2024-04-24T06:51:40,814  INFO [3dbc49bf-4c90-4e93-8481-4202505398b2 main] ql.Driver: Launching Job 1 out of 1
2024-04-24T06:51:40,993  INFO [3dbc49bf-4c90-4e93-8481-4202505398b2 main] ql.Driver: Starting task [Stage-1:MAPRED] in serial mode
Number of reduce tasks is set to 0 since there's no reduce operator
2024-04-24T06:51:40,993  INFO [3dbc49bf-4c90-4e93-8481-4202505398b2 main] exec.Task: Number of reduce tasks is set to 0 since there's no reduce operator
2024-04-24T06:51:41,002  INFO [3dbc49bf-4c90-4e93-8481-4202505398b2 main] mr.ExecDriver: Using org.apache.hadoop.hive.ql.io.CombineHiveInputFormat
2024-04-24T06:51:41,006  INFO [3dbc49bf-4c90-4e93-8481-4202505398b2 main] exec.Utilities: Processing alias _dummy_table
2024-04-24T06:51:41,006  INFO [3dbc49bf-4c90-4e93-8481-4202505398b2 main] exec.Utilities: Adding 1 inputs; the first input is file:/home/alex/Repositories/hive/service/target/tmp/localscratchdir/3dbc49bf-4c90-4e93-8481-4202505398b2/hive_2024-04-24_06-51-36_490_2508475024988604068-1/dummy_path
2024-04-24T06:51:41,090  INFO [3dbc49bf-4c90-4e93-8481-4202505398b2 main] exec.SerializationUtilities: Serializing MapWork using kryo
2024-04-24T06:51:41,124  INFO [3dbc49bf-4c90-4e93-8481-4202505398b2 main] exec.Utilities: Serialized plan (via FILE) - name: null size: 5,14KB
2024-04-24T06:51:41,284  INFO [3dbc49bf-4c90-4e93-8481-4202505398b2 main] beanutils.FluentPropertyBeanIntrospector: Error when creating PropertyDescriptor for public final void org.apache.commons.configuration2.AbstractConfiguration.setProperty(java.lang.String,java.lang.Object)! Ignoring this property.
2024-04-24T06:51:41,303  WARN [3dbc49bf-4c90-4e93-8481-4202505398b2 main] impl.MetricsConfig: Cannot locate configuration: tried hadoop-metrics2-jobtracker.properties,hadoop-metrics2.properties
2024-04-24T06:51:41,324  INFO [3dbc49bf-4c90-4e93-8481-4202505398b2 main] impl.MetricsSystemImpl: Scheduled Metric snapshot period at 10 second(s).
2024-04-24T06:51:41,324  INFO [3dbc49bf-4c90-4e93-8481-4202505398b2 main] impl.MetricsSystemImpl: JobTracker metrics system started
2024-04-24T06:51:41,356  WARN [3dbc49bf-4c90-4e93-8481-4202505398b2 main] impl.MetricsSystemImpl: JobTracker metrics system already initialized!
2024-04-24T06:51:41,407  WARN [3dbc49bf-4c90-4e93-8481-4202505398b2 main] mapreduce.JobResourceUploader: Hadoop command-line option parsing not performed. Implement the Tool interface and execute your application with ToolRunner to remedy this.
2024-04-24T06:51:41,418  WARN [3dbc49bf-4c90-4e93-8481-4202505398b2 main] mapreduce.JobResourceUploader: No job jar file set.  User classes may not be found. See Job or Job#setJar(String).
2024-04-24T06:51:41,421  INFO [3dbc49bf-4c90-4e93-8481-4202505398b2 main] io.CombineHiveInputFormat: Total number of paths: 1, launching 1 threads to check non-combinable ones.
2024-04-24T06:51:41,423  INFO [pool-8-thread-1] io.NullRowsInputFormat$NullRowsRecordReader: Using null rows input format
2024-04-24T06:51:41,435  INFO [3dbc49bf-4c90-4e93-8481-4202505398b2 main] io.CombineHiveInputFormat: CombineHiveInputSplit creating pool for file:/home/alex/Repositories/hive/service/target/tmp/localscratchdir/3dbc49bf-4c90-4e93-8481-4202505398b2/hive_2024-04-24_06-51-36_490_2508475024988604068-1/dummy_path; using filter path file:/home/alex/Repositories/hive/service/target/tmp/localscratchdir/3dbc49bf-4c90-4e93-8481-4202505398b2/hive_2024-04-24_06-51-36_490_2508475024988604068-1/dummy_path
2024-04-24T06:51:41,486  INFO [3dbc49bf-4c90-4e93-8481-4202505398b2 main] input.FileInputFormat: Total input files to process : 1
2024-04-24T06:51:41,516  INFO [3dbc49bf-4c90-4e93-8481-4202505398b2 main] input.CombineFileInputFormat: DEBUG: Terminated node allocation with : CompletedNodes: 1, size left: 0
2024-04-24T06:51:41,517  INFO [3dbc49bf-4c90-4e93-8481-4202505398b2 main] io.CombineHiveInputFormat: Number of all splits 1
2024-04-24T06:51:41,553  INFO [3dbc49bf-4c90-4e93-8481-4202505398b2 main] mapreduce.JobSubmitter: number of splits:1
2024-04-24T06:51:41,611  INFO [3dbc49bf-4c90-4e93-8481-4202505398b2 main] mapreduce.JobSubmitter: Submitting tokens for job: job_local1224178464_0001
2024-04-24T06:51:41,611  INFO [3dbc49bf-4c90-4e93-8481-4202505398b2 main] mapreduce.JobSubmitter: Executing with tokens: []
2024-04-24T06:51:41,814  INFO [3dbc49bf-4c90-4e93-8481-4202505398b2 main] mapreduce.Job: The url to track the job: http://localhost:8080/
Job running in-process (local Hadoop)
2024-04-24T06:51:41,815  INFO [3dbc49bf-4c90-4e93-8481-4202505398b2 main] exec.Task: Job running in-process (local Hadoop)
2024-04-24T06:51:41,816  INFO [Thread-59] mapred.LocalJobRunner: OutputCommitter set in config org.apache.hadoop.hive.ql.io.HiveFileFormatUtils$NullOutputCommitter
2024-04-24T06:51:41,818  INFO [Thread-59] mapred.LocalJobRunner: OutputCommitter is org.apache.hadoop.hive.ql.io.HiveFileFormatUtils$NullOutputCommitter
2024-04-24T06:51:41,835  INFO [Thread-59] mapred.LocalJobRunner: Waiting for map tasks
2024-04-24T06:51:41,840  INFO [LocalJobRunner Map Task Executor #0] mapred.LocalJobRunner: Starting task: attempt_local1224178464_0001_m_000000_0
2024-04-24T06:51:41,890  INFO [LocalJobRunner Map Task Executor #0] mapred.Task:  Using ResourceCalculatorProcessTree : [ ]
2024-04-24T06:51:41,900  INFO [LocalJobRunner Map Task Executor #0] mapred.MapTask: Processing split: Paths:/home/alex/Repositories/hive/service/target/tmp/localscratchdir/3dbc49bf-4c90-4e93-8481-4202505398b2/hive_2024-04-24_06-51-36_490_2508475024988604068-1/dummy_path/dummy_file:0+1InputFormatClass: org.apache.hadoop.hive.ql.io.NullRowsInputFormat

2024-04-24T06:51:41,907  INFO [LocalJobRunner Map Task Executor #0] exec.SerializationUtilities: Deserializing MapWork using kryo
2024-04-24T06:51:41,934  INFO [LocalJobRunner Map Task Executor #0] exec.Utilities: Deserialized plan (via FILE) - name: null size: 5,14KB
2024-04-24T06:51:41,940  INFO [LocalJobRunner Map Task Executor #0] mapred.MapTask: numReduceTasks: 0
2024-04-24T06:51:41,949  INFO [LocalJobRunner Map Task Executor #0] exec.MapOperator: Initializing Operator: MAP[0]
2024-04-24T06:51:41,951  INFO [LocalJobRunner Map Task Executor #0] mr.ExecMapper: 
<MAP>Id =0
  <Children>null
  <\Children>
  <Parent><\Parent>
<\MAP>
2024-04-24T06:51:41,954  INFO [LocalJobRunner Map Task Executor #0] exec.TableScanOperator: Initializing Operator: TS[0]
2024-04-24T06:51:41,954  INFO [LocalJobRunner Map Task Executor #0] exec.SelectOperator: Initializing Operator: SEL[1]
2024-04-24T06:51:41,958  INFO [LocalJobRunner Map Task Executor #0] exec.SelectOperator: SELECT null
2024-04-24T06:51:41,960  INFO [LocalJobRunner Map Task Executor #0] exec.FileSinkOperator: Initializing Operator: FS[2]
2024-04-24T06:51:41,961  INFO [LocalJobRunner Map Task Executor #0] exec.FileSinkOperator: Using serializer : class org.apache.hadoop.hive.serde2.lazy.LazySimpleSerDe [serdeParams=org.apache.hadoop.hive.serde2.lazy.LazySerDeParameters@3e217731, cachedObjectInspector=org.apache.hadoop.hive.serde2.lazy.objectinspector.LazySimpleStructObjectInspector<org.apache.hadoop.hive.serde2.lazy.objectinspector.primitive.LazyStringObjectInspector@5454be>, serializedSize=0, stats=org.apache.hadoop.hive.serde2.SerDeStats@333fc57f, lastOperationSerialize=false, lastOperationDeserialize=false [1, 2, 3, 4, 5, 6, 7, 8, 11, 14, 15, 16, 17, 18, 19, 20, 21, 22, 23, 24, 25, 26, 28, 29, 30, 31, -128, -127, -126, -125, -124, -123, -122, -121, -120, -119, -118, -117, -116, -115, -114, -113, -112, -111, -110, -109, -108, -107, -106, -105, -104, -103, -102, -101, -100, -99, -98, -97, -96, -95, -94, -93, -92, -91, -90, -89, -88, -87, -86, -85, -84, -83, -82, -81, -80, -79, -78, -77, -76, -75, -74, -73, -72, -71, -70, -69, -68, -67, -66, -65, -64, -63, -62, -61, -60, -59, -58, -57, -56, -55, -54, -53, -52, -51, -50, -49, -48, -47, -46, -45, -44, -43, -42, -41, -40, -39, -38, -37, -36, -35, -34, -33, -32, -31, -30, -29, -28, -27, -26, -25, -24, -23, -22, -21, -20, -19, -18, -17, -16, -15, -14, -13, -12, -11, -10, -9, -8, -7, -6, -5, -4, -3, -2, -1] : [_col0] : [string]] and formatter : org.apache.hadoop.hive.ql.io.HiveSequenceFileOutputFormat@d4b612d
2024-04-24T06:51:41,969  INFO [LocalJobRunner Map Task Executor #0] exec.FileSinkOperator: Final Path: FS file:/home/alex/Repositories/hive/service/target/tmp/localscratchdir/3dbc49bf-4c90-4e93-8481-4202505398b2/hive_2024-04-24_06-51-36_490_2508475024988604068-1/-mr-10001/.hive-staging_hive_2024-04-24_06-51-36_490_2508475024988604068-1/_tmp.-ext-10002/000000_0
2024-04-24T06:51:41,969  INFO [LocalJobRunner Map Task Executor #0] exec.FileSinkOperator: Writing to temp file: FS file:/home/alex/Repositories/hive/service/target/tmp/localscratchdir/3dbc49bf-4c90-4e93-8481-4202505398b2/hive_2024-04-24_06-51-36_490_2508475024988604068-1/-mr-10001/.hive-staging_hive_2024-04-24_06-51-36_490_2508475024988604068-1/_task_tmp.-ext-10002/_tmp.000000_0
2024-04-24T06:51:41,969  INFO [LocalJobRunner Map Task Executor #0] exec.FileSinkOperator: New Final Path: FS file:/home/alex/Repositories/hive/service/target/tmp/localscratchdir/3dbc49bf-4c90-4e93-8481-4202505398b2/hive_2024-04-24_06-51-36_490_2508475024988604068-1/-mr-10001/.hive-staging_hive_2024-04-24_06-51-36_490_2508475024988604068-1/_tmp.-ext-10002/000000_0
2024-04-24T06:51:42,001  INFO [LocalJobRunner Map Task Executor #0] exec.FileSinkOperator: FS[2]: records written - 1
2024-04-24T06:51:42,001  INFO [LocalJobRunner Map Task Executor #0] exec.MapOperator: MAP[0]: records read - 1
2024-04-24T06:51:42,001  INFO [LocalJobRunner Map Task Executor #0] exec.MapOperator: Closing Operator: MAP[0]
2024-04-24T06:51:42,001  INFO [LocalJobRunner Map Task Executor #0] exec.MapOperator: MAP[0]: Total records read - 3. abort - false
2024-04-24T06:51:42,002  INFO [LocalJobRunner Map Task Executor #0] exec.MapOperator: RECORDS_OUT_INTERMEDIATE:0, RECORDS_OUT_OPERATOR_MAP_0:0, DESERIALIZE_ERRORS:0, RECORDS_IN:3, 
2024-04-24T06:51:42,002  INFO [LocalJobRunner Map Task Executor #0] exec.TableScanOperator: Closing Operator: TS[0]
2024-04-24T06:51:42,002  INFO [LocalJobRunner Map Task Executor #0] exec.TableScanOperator: RECORDS_OUT_OPERATOR_TS_0:1, RECORDS_OUT_INTERMEDIATE:0, 
2024-04-24T06:51:42,002  INFO [LocalJobRunner Map Task Executor #0] exec.SelectOperator: Closing Operator: SEL[1]
2024-04-24T06:51:42,002  INFO [LocalJobRunner Map Task Executor #0] exec.SelectOperator: RECORDS_OUT_INTERMEDIATE:0, RECORDS_OUT_OPERATOR_SEL_1:1, 
2024-04-24T06:51:42,002  INFO [LocalJobRunner Map Task Executor #0] exec.FileSinkOperator: Closing Operator: FS[2]
2024-04-24T06:51:42,002  INFO [LocalJobRunner Map Task Executor #0] exec.FileSinkOperator: FS[2]: records written - 1
2024-04-24T06:51:42,005  INFO [LocalJobRunner Map Task Executor #0] exec.FileSinkOperator: RECORDS_OUT_INTERMEDIATE:0, RECORDS_OUT_OPERATOR_FS_2:1, RECORDS_OUT_0:1, 
2024-04-24T06:51:42,009  INFO [LocalJobRunner Map Task Executor #0] mapred.LocalJobRunner: 
2024-04-24T06:51:42,016  INFO [LocalJobRunner Map Task Executor #0] mapred.Task: Task:attempt_local1224178464_0001_m_000000_0 is done. And is in the process of committing
2024-04-24T06:51:42,017  INFO [LocalJobRunner Map Task Executor #0] mapred.LocalJobRunner: map
2024-04-24T06:51:42,018  INFO [LocalJobRunner Map Task Executor #0] mapred.Task: Task 'attempt_local1224178464_0001_m_000000_0' done.
2024-04-24T06:51:42,019  INFO [LocalJobRunner Map Task Executor #0] mapred.Task: Final Counters for attempt_local1224178464_0001_m_000000_0: Counters: 24
	File System Counters
		FILE: Number of bytes read=5586
		FILE: Number of bytes written=1157184
		FILE: Number of read operations=0
		FILE: Number of large read operations=0
		FILE: Number of write operations=0
	Map-Reduce Framework
		Map input records=4
		Map output records=0
		Input split bytes=341
		Spilled Records=0
		Failed Shuffles=0
		Merged Map outputs=0
		GC time elapsed (ms)=0
		Total committed heap usage (bytes)=867172352
	HIVE
		CREATED_FILES=1
		DESERIALIZE_ERRORS=0
		RECORDS_IN=3
		RECORDS_OUT_0=1
		RECORDS_OUT_INTERMEDIATE=0
		RECORDS_OUT_OPERATOR_FS_2=1
		RECORDS_OUT_OPERATOR_MAP_0=0
		RECORDS_OUT_OPERATOR_SEL_1=1
		RECORDS_OUT_OPERATOR_TS_0=1
	File Input Format Counters 
		Bytes Read=0
	File Output Format Counters 
		Bytes Written=0
2024-04-24T06:51:42,019  INFO [LocalJobRunner Map Task Executor #0] mapred.LocalJobRunner: Finishing task: attempt_local1224178464_0001_m_000000_0
2024-04-24T06:51:42,020  INFO [Thread-59] mapred.LocalJobRunner: map task executor complete.
2024-04-24 06:51:42,848 Stage-1 map = 100%,  reduce = 0%
2024-04-24T06:51:42,849  INFO [3dbc49bf-4c90-4e93-8481-4202505398b2 main] exec.Task: 2024-04-24 06:51:42,848 Stage-1 map = 100%,  reduce = 0%
Ended Job = job_local1224178464_0001
2024-04-24T06:51:42,856  INFO [3dbc49bf-4c90-4e93-8481-4202505398b2 main] exec.Task: Ended Job = job_local1224178464_0001
POSTHOOK: query: select reflect("java.lang.System", "currentTimeMillis")
2024-04-24T06:51:42,871  INFO [3dbc49bf-4c90-4e93-8481-4202505398b2 main] SessionState: POSTHOOK: query: select reflect("java.lang.System", "currentTimeMillis")
POSTHOOK: type: QUERY
2024-04-24T06:51:42,871  INFO [3dbc49bf-4c90-4e93-8481-4202505398b2 main] SessionState: POSTHOOK: type: QUERY
POSTHOOK: Input: _dummy_database@_dummy_table
2024-04-24T06:51:42,871  INFO [3dbc49bf-4c90-4e93-8481-4202505398b2 main] SessionState: POSTHOOK: Input: _dummy_database@_dummy_table
POSTHOOK: Output: file:/home/alex/Repositories/hive/service/target/tmp/localscratchdir/3dbc49bf-4c90-4e93-8481-4202505398b2/hive_2024-04-24_06-51-36_490_2508475024988604068-1/-mr-10001
2024-04-24T06:51:42,872  INFO [3dbc49bf-4c90-4e93-8481-4202505398b2 main] SessionState: POSTHOOK: Output: file:/home/alex/Repositories/hive/service/target/tmp/localscratchdir/3dbc49bf-4c90-4e93-8481-4202505398b2/hive_2024-04-24_06-51-36_490_2508475024988604068-1/-mr-10001
2024-04-24T06:51:42,872  INFO [3dbc49bf-4c90-4e93-8481-4202505398b2 main] metadata.Hive: Dumping metastore api call timing information for : execution phase
2024-04-24T06:51:42,873  INFO [3dbc49bf-4c90-4e93-8481-4202505398b2 main] metadata.Hive: Total time spent in each metastore function (ms): {}
MapReduce Jobs Launched: 
2024-04-24T06:51:42,873  INFO [3dbc49bf-4c90-4e93-8481-4202505398b2 main] ql.Driver: MapReduce Jobs Launched: 
Stage-Stage-1:  HDFS Read: 0 HDFS Write: 0 SUCCESS
2024-04-24T06:51:42,882  INFO [3dbc49bf-4c90-4e93-8481-4202505398b2 main] ql.Driver: Stage-Stage-1:  HDFS Read: 0 HDFS Write: 0 SUCCESS
Total MapReduce CPU Time Spent: 0 msec
2024-04-24T06:51:42,882  INFO [3dbc49bf-4c90-4e93-8481-4202505398b2 main] ql.Driver: Total MapReduce CPU Time Spent: 0 msec
2024-04-24T06:51:42,882  INFO [3dbc49bf-4c90-4e93-8481-4202505398b2 main] ql.Driver: Completed executing command(queryId=alex_20240424065136_755b7108-b075-4060-ac91-fd6ff528ddb9); Time taken: 2.066 seconds
2024-04-24T06:51:42,883  INFO [3dbc49bf-4c90-4e93-8481-4202505398b2 main] common.LogUtils: Unregistered logging context.
2024-04-24T06:51:42,887  INFO [3dbc49bf-4c90-4e93-8481-4202505398b2 main] session.HiveSessionImpl: executing select reflect("java.lang.Thread", "sleep", bigint(1000))
2024-04-24T06:51:42,889  INFO [3dbc49bf-4c90-4e93-8481-4202505398b2 main] operation.OperationManager: Adding operation: OperationHandle [opType=EXECUTE_STATEMENT, getHandleIdentifier()=4e803128-c21e-451d-b4f5-0a9d92868c79] SessionHandle [3dbc49bf-4c90-4e93-8481-4202505398b2]
2024-04-24T06:51:42,889  INFO [3dbc49bf-4c90-4e93-8481-4202505398b2 main] common.LogUtils: Thread context registration is done.
DEBUG StatusLogger Building Plugin[name=filter, class=org.apache.hadoop.hive.ql.log.LogDivertAppender$NameFilter].
DEBUG StatusLogger createFilter(loggingLevel="EXECUTION")
DEBUG StatusLogger Building Plugin[name=layout, class=org.apache.logging.log4j.core.layout.PatternLayout].
DEBUG StatusLogger PatternLayout$Builder(header="null", noConsoleNoAnsi="null", PatternSelector=null, Configuration(HiveLog4j2Test), disableAnsi="null", alwaysWriteExceptions="null", Replace=null, footer="null", charset="null", pattern="%-5p : %m%n")
DEBUG StatusLogger Building Plugin[name=appender, class=org.apache.hadoop.hive.ql.log.HushableRandomAccessFileAppender].
DEBUG StatusLogger createAppender(fileName="/home/alex/Repositories/hive/service/target/tmp/alex/operation_logs/3dbc49bf-4c90-4e93-8481-4202505398b2/alex_20240424065142_36b9cc5a-7f5c-46ff-b81f-d2b0e43b3bbc", append="null", name="query-file-appender", immediateFlush="null", bufferSize="null", ignoreExceptions="null", PatternLayout(org.apache.logging.log4j.core.layout.PatternLayout with name PatternLayout), NameFilter(org.apache.hadoop.hive.ql.log.LogDivertAppender$NameFilter with name NameFilter), advertise="null", advertiseURI="null", Configuration(HiveLog4j2Test))
DEBUG StatusLogger Starting RandomAccessFileManager /home/alex/Repositories/hive/service/target/tmp/alex/operation_logs/3dbc49bf-4c90-4e93-8481-4202505398b2/alex_20240424065142_36b9cc5a-7f5c-46ff-b81f-d2b0e43b3bbc
DEBUG StatusLogger Building Plugin[name=, class=org.apache.hadoop.hive.ql.log.LogDivertAppenderForTest$TestFilter].
DEBUG StatusLogger createFilter()
DEBUG StatusLogger Building Plugin[name=, class=org.apache.logging.log4j.core.layout.PatternLayout].
DEBUG StatusLogger PatternLayout$Builder(noConsoleNoAnsi="null", Configuration(HiveLog4j2Test), PatternSelector=null, pattern="%-5p : %m%n", footer="null", header="null", alwaysWriteExceptions="null", Replace=null, charset="null", disableAnsi="null")
DEBUG StatusLogger Building Plugin[name=appender, class=org.apache.hadoop.hive.ql.log.HushableRandomAccessFileAppender].
DEBUG StatusLogger createAppender(fileName="/home/alex/Repositories/hive/service/target/tmp/alex/operation_logs/3dbc49bf-4c90-4e93-8481-4202505398b2/alex_20240424065142_36b9cc5a-7f5c-46ff-b81f-d2b0e43b3bbc.test", append="null", name="test-query-file-appender", immediateFlush="null", bufferSize="null", ignoreExceptions="null", PatternLayout(org.apache.logging.log4j.core.layout.PatternLayout with name PatternLayout), test-filter(org.apache.hadoop.hive.ql.log.LogDivertAppenderForTest$TestFilter with name test-filter), advertise="null", advertiseURI="null", Configuration(HiveLog4j2Test))
DEBUG StatusLogger Starting RandomAccessFileManager /home/alex/Repositories/hive/service/target/tmp/alex/operation_logs/3dbc49bf-4c90-4e93-8481-4202505398b2/alex_20240424065142_36b9cc5a-7f5c-46ff-b81f-d2b0e43b3bbc.test
2024-04-24T06:51:42,898  INFO [3dbc49bf-4c90-4e93-8481-4202505398b2 main] operation.SQLOperation: [opType=EXECUTE_STATEMENT, queryId=alex_20240424065142_36b9cc5a-7f5c-46ff-b81f-d2b0e43b3bbc, startTime=1713966702887, sessionId=3dbc49bf-4c90-4e93-8481-4202505398b2, createTime=1713966696233, userName=anonymous, ipAddress=null]
2024-04-24T06:51:42,900  INFO [3dbc49bf-4c90-4e93-8481-4202505398b2 main] ql.Driver: Compiling command(queryId=alex_20240424065142_36b9cc5a-7f5c-46ff-b81f-d2b0e43b3bbc): select reflect("java.lang.Thread", "sleep", bigint(1000))
2024-04-24T06:51:42,902  INFO [3dbc49bf-4c90-4e93-8481-4202505398b2 main] parse.CalcitePlanner: Starting caching scope for: alex_20240424065142_36b9cc5a-7f5c-46ff-b81f-d2b0e43b3bbc
2024-04-24T06:51:42,902  INFO [3dbc49bf-4c90-4e93-8481-4202505398b2 main] parse.CalcitePlanner: Starting Semantic Analysis
2024-04-24T06:51:42,902  INFO [3dbc49bf-4c90-4e93-8481-4202505398b2 main] parse.CalcitePlanner: Completed phase 1 of Semantic Analysis
2024-04-24T06:51:42,902  INFO [3dbc49bf-4c90-4e93-8481-4202505398b2 main] parse.CalcitePlanner: Get metadata for source tables
2024-04-24T06:51:42,902  INFO [3dbc49bf-4c90-4e93-8481-4202505398b2 main] parse.CalcitePlanner: Get metadata for subqueries
2024-04-24T06:51:42,903  INFO [3dbc49bf-4c90-4e93-8481-4202505398b2 main] parse.CalcitePlanner: Get metadata for destination tables
2024-04-24T06:51:42,903  INFO [3dbc49bf-4c90-4e93-8481-4202505398b2 main] parse.CalcitePlanner: Completed getting MetaData in Semantic Analysis
2024-04-24T06:51:42,933  INFO [3dbc49bf-4c90-4e93-8481-4202505398b2 main] HiveMetaStore.audit: ugi=alex	ip=unknown-ip-addr	cmd=get_all_table_constraints : tbl=hive._dummy_database._dummy_table	
2024-04-24T06:51:43,077  INFO [3dbc49bf-4c90-4e93-8481-4202505398b2 main] parse.CalcitePlanner: Get metadata for source tables
2024-04-24T06:51:43,077  INFO [3dbc49bf-4c90-4e93-8481-4202505398b2 main] HiveMetaStore.audit: ugi=alex	ip=unknown-ip-addr	cmd=get_table : tbl=hive._dummy_database._dummy_table	
2024-04-24T06:51:43,080  INFO [3dbc49bf-4c90-4e93-8481-4202505398b2 main] parse.CalcitePlanner: Get metadata for subqueries
2024-04-24T06:51:43,081  INFO [3dbc49bf-4c90-4e93-8481-4202505398b2 main] parse.CalcitePlanner: Get metadata for destination tables
2024-04-24T06:51:43,082  INFO [3dbc49bf-4c90-4e93-8481-4202505398b2 main] common.FileUtils: Creating directory if it doesn't exist: file:/home/alex/Repositories/hive/service/target/tmp/localscratchdir/3dbc49bf-4c90-4e93-8481-4202505398b2/hive_2024-04-24_06-51-42_899_1888890263969417252-1/-mr-10001/.hive-staging_hive_2024-04-24_06-51-42_899_1888890263969417252-1
2024-04-24T06:51:43,088  INFO [3dbc49bf-4c90-4e93-8481-4202505398b2 main] parse.CalcitePlanner: CBO Succeeded; optimized logical plan.
2024-04-24T06:51:43,093  INFO [3dbc49bf-4c90-4e93-8481-4202505398b2 main] optimizer.BucketVersionPopulator: not considering bucketingVersion for: TS[0] because it has -1<2 buckets 
2024-04-24T06:51:43,094  INFO [3dbc49bf-4c90-4e93-8481-4202505398b2 main] optimizer.SortedDynPartitionOptimizer: Sorted dynamic partitioning optimization kicked in..
2024-04-24T06:51:43,108  INFO [3dbc49bf-4c90-4e93-8481-4202505398b2 main] physical.Vectorizer: Examining input format to see if vectorization is enabled.
2024-04-24T06:51:43,108  INFO [3dbc49bf-4c90-4e93-8481-4202505398b2 main] physical.Vectorizer: Map vectorization enabled: false
2024-04-24T06:51:43,108  INFO [3dbc49bf-4c90-4e93-8481-4202505398b2 main] physical.Vectorizer: Map vectorized: false
2024-04-24T06:51:43,108  INFO [3dbc49bf-4c90-4e93-8481-4202505398b2 main] physical.Vectorizer: Map vectorizedVertexNum: 0
2024-04-24T06:51:43,109  INFO [3dbc49bf-4c90-4e93-8481-4202505398b2 main] physical.Vectorizer: Map enabledConditionsMet: [hive.vectorized.use.vectorized.input.format IS true]
2024-04-24T06:51:43,109  INFO [3dbc49bf-4c90-4e93-8481-4202505398b2 main] physical.Vectorizer: Map enabledConditionsNotMet: [Could not enable vectorization due to partition column names size 1 is greater than the number of table column names size 0 IS false]
2024-04-24T06:51:43,109  INFO [3dbc49bf-4c90-4e93-8481-4202505398b2 main] physical.Vectorizer: Map inputFileFormatClassNameSet: [org.apache.hadoop.hive.ql.io.NullRowsInputFormat]
2024-04-24T06:51:43,109  INFO [3dbc49bf-4c90-4e93-8481-4202505398b2 main] parse.CalcitePlanner: Completed plan generation
2024-04-24T06:51:43,109  INFO [3dbc49bf-4c90-4e93-8481-4202505398b2 main] parse.CalcitePlanner: Ending caching scope for: alex_20240424065142_36b9cc5a-7f5c-46ff-b81f-d2b0e43b3bbc
2024-04-24T06:51:43,109  INFO [3dbc49bf-4c90-4e93-8481-4202505398b2 main] ql.Driver: Semantic Analysis Completed (retrial = false)
2024-04-24T06:51:43,109  INFO [3dbc49bf-4c90-4e93-8481-4202505398b2 main] ql.Driver: Created Hive schema: Schema(fieldSchemas:[FieldSchema(name:_c0, type:string, comment:null)], properties:null)
2024-04-24T06:51:43,111  INFO [3dbc49bf-4c90-4e93-8481-4202505398b2 main] exec.ListSinkOperator: Initializing Operator: LIST_SINK[3]
2024-04-24T06:51:43,112  INFO [3dbc49bf-4c90-4e93-8481-4202505398b2 main] metadata.Hive: Dumping metastore api call timing information for : compilation phase
2024-04-24T06:51:43,112  INFO [3dbc49bf-4c90-4e93-8481-4202505398b2 main] metadata.Hive: Total time spent in each metastore function (ms): {flushCache_()=0, getAllTableConstraints_(AllTableConstraintsRequest)=8, isCompatibleWith_(Configuration)=1}
2024-04-24T06:51:43,112  INFO [3dbc49bf-4c90-4e93-8481-4202505398b2 main] ql.Driver: Completed compiling command(queryId=alex_20240424065142_36b9cc5a-7f5c-46ff-b81f-d2b0e43b3bbc); Time taken: 0.213 seconds
2024-04-24T06:51:43,113  INFO [3dbc49bf-4c90-4e93-8481-4202505398b2 main] common.LogUtils: Unregistered logging context.
2024-04-24T06:51:43,114  INFO [3dbc49bf-4c90-4e93-8481-4202505398b2 main] session.HiveSessionImpl: executing select reflect("java.lang.Thread", "sleep", bigint(1000))
2024-04-24T06:51:43,115  INFO [HiveServer2-Background-Pool: Thread-114] common.LogUtils: Thread context registration is done.
2024-04-24T06:51:43,115  INFO [HiveServer2-Background-Pool: Thread-114] reexec.ReExecDriver: Execution #1 of query
2024-04-24T06:51:43,117  INFO [3dbc49bf-4c90-4e93-8481-4202505398b2 main] operation.OperationManager: Adding operation: OperationHandle [opType=EXECUTE_STATEMENT, getHandleIdentifier()=cc6883ab-060f-4ac6-a79d-d8616219106b] SessionHandle [3dbc49bf-4c90-4e93-8481-4202505398b2]
2024-04-24T06:51:43,117  INFO [HiveServer2-Background-Pool: Thread-114] ql.Driver: Operation QUERY obtained 2 locks
2024-04-24T06:51:43,117  INFO [HiveServer2-Background-Pool: Thread-114] ql.Driver: Executing command(queryId=alex_20240424065142_36b9cc5a-7f5c-46ff-b81f-d2b0e43b3bbc): select reflect("java.lang.Thread", "sleep", bigint(1000))
2024-04-24T06:51:43,117  INFO [3dbc49bf-4c90-4e93-8481-4202505398b2 main] common.LogUtils: Thread context registration is done.
DEBUG StatusLogger Building Plugin[name=filter, class=org.apache.hadoop.hive.ql.log.LogDivertAppender$NameFilter].
DEBUG StatusLogger createFilter(loggingLevel="EXECUTION")
DEBUG StatusLogger Building Plugin[name=layout, class=org.apache.logging.log4j.core.layout.PatternLayout].
DEBUG StatusLogger PatternLayout$Builder(PatternSelector=null, footer="null", noConsoleNoAnsi="null", alwaysWriteExceptions="null", disableAnsi="null", Replace=null, header="null", pattern="%-5p : %m%n", Configuration(HiveLog4j2Test), charset="null")
DEBUG StatusLogger Building Plugin[name=appender, class=org.apache.hadoop.hive.ql.log.HushableRandomAccessFileAppender].
DEBUG StatusLogger createAppender(fileName="/home/alex/Repositories/hive/service/target/tmp/alex/operation_logs/3dbc49bf-4c90-4e93-8481-4202505398b2/alex_20240424065143_e2cc8721-1ec1-49a7-9cf9-f95ba0e80ff4", append="null", name="query-file-appender", immediateFlush="null", bufferSize="null", ignoreExceptions="null", PatternLayout(org.apache.logging.log4j.core.layout.PatternLayout with name PatternLayout), NameFilter(org.apache.hadoop.hive.ql.log.LogDivertAppender$NameFilter with name NameFilter), advertise="null", advertiseURI="null", Configuration(HiveLog4j2Test))
DEBUG StatusLogger Starting RandomAccessFileManager /home/alex/Repositories/hive/service/target/tmp/alex/operation_logs/3dbc49bf-4c90-4e93-8481-4202505398b2/alex_20240424065143_e2cc8721-1ec1-49a7-9cf9-f95ba0e80ff4
DEBUG StatusLogger Building Plugin[name=, class=org.apache.hadoop.hive.ql.log.LogDivertAppenderForTest$TestFilter].
DEBUG StatusLogger createFilter()
DEBUG StatusLogger Building Plugin[name=, class=org.apache.logging.log4j.core.layout.PatternLayout].
DEBUG StatusLogger PatternLayout$Builder(alwaysWriteExceptions="null", Configuration(HiveLog4j2Test), charset="null", footer="null", header="null", PatternSelector=null, pattern="%-5p : %m%n", disableAnsi="null", noConsoleNoAnsi="null", Replace=null)
DEBUG StatusLogger Building Plugin[name=appender, class=org.apache.hadoop.hive.ql.log.HushableRandomAccessFileAppender].
DEBUG StatusLogger createAppender(fileName="/home/alex/Repositories/hive/service/target/tmp/alex/operation_logs/3dbc49bf-4c90-4e93-8481-4202505398b2/alex_20240424065143_e2cc8721-1ec1-49a7-9cf9-f95ba0e80ff4.test", append="null", name="test-query-file-appender", immediateFlush="null", bufferSize="null", ignoreExceptions="null", PatternLayout(org.apache.logging.log4j.core.layout.PatternLayout with name PatternLayout), test-filter(org.apache.hadoop.hive.ql.log.LogDivertAppenderForTest$TestFilter with name test-filter), advertise="null", advertiseURI="null", Configuration(HiveLog4j2Test))
DEBUG StatusLogger Starting RandomAccessFileManager /home/alex/Repositories/hive/service/target/tmp/alex/operation_logs/3dbc49bf-4c90-4e93-8481-4202505398b2/alex_20240424065143_e2cc8721-1ec1-49a7-9cf9-f95ba0e80ff4.test
2024-04-24T06:51:43,127  INFO [3dbc49bf-4c90-4e93-8481-4202505398b2 main] operation.SQLOperation: [opType=EXECUTE_STATEMENT, queryId=alex_20240424065143_e2cc8721-1ec1-49a7-9cf9-f95ba0e80ff4, startTime=1713966703115, sessionId=3dbc49bf-4c90-4e93-8481-4202505398b2, createTime=1713966696233, userName=anonymous, ipAddress=null]
PREHOOK: query: select reflect("java.lang.Thread", "sleep", bigint(1000))
2024-04-24T06:51:43,127  INFO [HiveServer2-Background-Pool: Thread-114] SessionState: PREHOOK: query: select reflect("java.lang.Thread", "sleep", bigint(1000))
PREHOOK: type: QUERY
2024-04-24T06:51:43,127  INFO [HiveServer2-Background-Pool: Thread-114] SessionState: PREHOOK: type: QUERY
PREHOOK: Input: _dummy_database@_dummy_table
2024-04-24T06:51:43,127  INFO [HiveServer2-Background-Pool: Thread-114] SessionState: PREHOOK: Input: _dummy_database@_dummy_table
PREHOOK: Output: file:/home/alex/Repositories/hive/service/target/tmp/localscratchdir/3dbc49bf-4c90-4e93-8481-4202505398b2/hive_2024-04-24_06-51-42_899_1888890263969417252-1/-mr-10001
2024-04-24T06:51:43,127  INFO [HiveServer2-Background-Pool: Thread-114] SessionState: PREHOOK: Output: file:/home/alex/Repositories/hive/service/target/tmp/localscratchdir/3dbc49bf-4c90-4e93-8481-4202505398b2/hive_2024-04-24_06-51-42_899_1888890263969417252-1/-mr-10001
2024-04-24T06:51:43,128  WARN [HiveServer2-Background-Pool: Thread-114] ql.Driver: Hive-on-MR is deprecated in Hive 2 and may not be available in the future versions. Consider using a different execution engine (i.e. tez, spark) or using Hive 1.X releases.
Query ID = alex_20240424065142_36b9cc5a-7f5c-46ff-b81f-d2b0e43b3bbc
2024-04-24T06:51:43,128  INFO [HiveServer2-Background-Pool: Thread-114] ql.Driver: Query ID = alex_20240424065142_36b9cc5a-7f5c-46ff-b81f-d2b0e43b3bbc
Total jobs = 1
2024-04-24T06:51:43,128  INFO [HiveServer2-Background-Pool: Thread-114] ql.Driver: Total jobs = 1
Launching Job 1 out of 1
2024-04-24T06:51:43,128  INFO [HiveServer2-Background-Pool: Thread-114] ql.Driver: Launching Job 1 out of 1
2024-04-24T06:51:43,128  INFO [3dbc49bf-4c90-4e93-8481-4202505398b2 main] ql.Driver: Compiling command(queryId=alex_20240424065143_e2cc8721-1ec1-49a7-9cf9-f95ba0e80ff4): select reflect("java.lang.Thread", "sleep", bigint(1000))
2024-04-24T06:51:43,131  INFO [3dbc49bf-4c90-4e93-8481-4202505398b2 main] parse.CalcitePlanner: Starting caching scope for: alex_20240424065143_e2cc8721-1ec1-49a7-9cf9-f95ba0e80ff4
2024-04-24T06:51:43,131  INFO [3dbc49bf-4c90-4e93-8481-4202505398b2 main] parse.CalcitePlanner: Starting Semantic Analysis
2024-04-24T06:51:43,131  INFO [3dbc49bf-4c90-4e93-8481-4202505398b2 main] parse.CalcitePlanner: Completed phase 1 of Semantic Analysis
2024-04-24T06:51:43,132  INFO [3dbc49bf-4c90-4e93-8481-4202505398b2 main] parse.CalcitePlanner: Get metadata for source tables
2024-04-24T06:51:43,132  INFO [3dbc49bf-4c90-4e93-8481-4202505398b2 main] parse.CalcitePlanner: Get metadata for subqueries
2024-04-24T06:51:43,132  INFO [3dbc49bf-4c90-4e93-8481-4202505398b2 main] parse.CalcitePlanner: Get metadata for destination tables
2024-04-24T06:51:43,132  INFO [3dbc49bf-4c90-4e93-8481-4202505398b2 main] parse.CalcitePlanner: Completed getting MetaData in Semantic Analysis
2024-04-24T06:51:43,161  INFO [3dbc49bf-4c90-4e93-8481-4202505398b2 main] HiveMetaStore.audit: ugi=alex	ip=unknown-ip-addr	cmd=get_all_table_constraints : tbl=hive._dummy_database._dummy_table	
2024-04-24T06:51:43,244  INFO [HiveServer2-Background-Pool: Thread-114] ql.Driver: Starting task [Stage-1:MAPRED] in serial mode
Number of reduce tasks is set to 0 since there's no reduce operator
2024-04-24T06:51:43,245  INFO [HiveServer2-Background-Pool: Thread-114] exec.Task: Number of reduce tasks is set to 0 since there's no reduce operator
2024-04-24T06:51:43,252  INFO [HiveServer2-Background-Pool: Thread-114] mr.ExecDriver: Using org.apache.hadoop.hive.ql.io.CombineHiveInputFormat
2024-04-24T06:51:43,253  INFO [HiveServer2-Background-Pool: Thread-114] exec.Utilities: Processing alias _dummy_table
2024-04-24T06:51:43,253  INFO [HiveServer2-Background-Pool: Thread-114] exec.Utilities: Adding 1 inputs; the first input is file:/home/alex/Repositories/hive/service/target/tmp/localscratchdir/3dbc49bf-4c90-4e93-8481-4202505398b2/hive_2024-04-24_06-51-42_899_1888890263969417252-1/dummy_path
2024-04-24T06:51:43,269  INFO [HiveServer2-Background-Pool: Thread-114] exec.SerializationUtilities: Serializing MapWork using kryo
2024-04-24T06:51:43,271  INFO [HiveServer2-Background-Pool: Thread-114] exec.Utilities: Serialized plan (via FILE) - name: null size: 5,13KB
2024-04-24T06:51:43,275  WARN [HiveServer2-Background-Pool: Thread-114] impl.MetricsSystemImpl: JobTracker metrics system already initialized!
2024-04-24T06:51:43,283  WARN [HiveServer2-Background-Pool: Thread-114] impl.MetricsSystemImpl: JobTracker metrics system already initialized!
2024-04-24T06:51:43,293  WARN [HiveServer2-Background-Pool: Thread-114] mapreduce.JobResourceUploader: Hadoop command-line option parsing not performed. Implement the Tool interface and execute your application with ToolRunner to remedy this.
2024-04-24T06:51:43,302  WARN [HiveServer2-Background-Pool: Thread-114] mapreduce.JobResourceUploader: No job jar file set.  User classes may not be found. See Job or Job#setJar(String).
2024-04-24T06:51:43,302  INFO [HiveServer2-Background-Pool: Thread-114] io.CombineHiveInputFormat: Total number of paths: 1, launching 1 threads to check non-combinable ones.
2024-04-24T06:51:43,304  INFO [HiveServer2-Background-Pool: Thread-114] io.CombineHiveInputFormat: CombineHiveInputSplit creating pool for file:/home/alex/Repositories/hive/service/target/tmp/localscratchdir/3dbc49bf-4c90-4e93-8481-4202505398b2/hive_2024-04-24_06-51-42_899_1888890263969417252-1/dummy_path; using filter path file:/home/alex/Repositories/hive/service/target/tmp/localscratchdir/3dbc49bf-4c90-4e93-8481-4202505398b2/hive_2024-04-24_06-51-42_899_1888890263969417252-1/dummy_path
2024-04-24T06:51:43,311  INFO [3dbc49bf-4c90-4e93-8481-4202505398b2 main] parse.CalcitePlanner: Get metadata for source tables
2024-04-24T06:51:43,311  INFO [3dbc49bf-4c90-4e93-8481-4202505398b2 main] HiveMetaStore.audit: ugi=alex	ip=unknown-ip-addr	cmd=get_table : tbl=hive._dummy_database._dummy_table	
2024-04-24T06:51:43,313  INFO [HiveServer2-Background-Pool: Thread-114] input.FileInputFormat: Total input files to process : 1
2024-04-24T06:51:43,314  INFO [HiveServer2-Background-Pool: Thread-114] input.CombineFileInputFormat: DEBUG: Terminated node allocation with : CompletedNodes: 1, size left: 0
2024-04-24T06:51:43,314  INFO [HiveServer2-Background-Pool: Thread-114] io.CombineHiveInputFormat: Number of all splits 1
2024-04-24T06:51:43,316  INFO [3dbc49bf-4c90-4e93-8481-4202505398b2 main] parse.CalcitePlanner: Get metadata for subqueries
2024-04-24T06:51:43,316  INFO [3dbc49bf-4c90-4e93-8481-4202505398b2 main] parse.CalcitePlanner: Get metadata for destination tables
2024-04-24T06:51:43,318  INFO [3dbc49bf-4c90-4e93-8481-4202505398b2 main] common.FileUtils: Creating directory if it doesn't exist: file:/home/alex/Repositories/hive/service/target/tmp/localscratchdir/3dbc49bf-4c90-4e93-8481-4202505398b2/hive_2024-04-24_06-51-43_128_8739881805800958792-1/-mr-10001/.hive-staging_hive_2024-04-24_06-51-43_128_8739881805800958792-1
2024-04-24T06:51:43,325  INFO [3dbc49bf-4c90-4e93-8481-4202505398b2 main] parse.CalcitePlanner: CBO Succeeded; optimized logical plan.
2024-04-24T06:51:43,331  INFO [3dbc49bf-4c90-4e93-8481-4202505398b2 main] optimizer.BucketVersionPopulator: not considering bucketingVersion for: TS[0] because it has -1<2 buckets 
2024-04-24T06:51:43,333  INFO [3dbc49bf-4c90-4e93-8481-4202505398b2 main] optimizer.SortedDynPartitionOptimizer: Sorted dynamic partitioning optimization kicked in..
2024-04-24T06:51:43,339  INFO [HiveServer2-Background-Pool: Thread-114] mapreduce.JobSubmitter: number of splits:1
2024-04-24T06:51:43,349  INFO [3dbc49bf-4c90-4e93-8481-4202505398b2 main] physical.Vectorizer: Examining input format to see if vectorization is enabled.
2024-04-24T06:51:43,349  INFO [3dbc49bf-4c90-4e93-8481-4202505398b2 main] physical.Vectorizer: Map vectorization enabled: false
2024-04-24T06:51:43,349  INFO [3dbc49bf-4c90-4e93-8481-4202505398b2 main] physical.Vectorizer: Map vectorized: false
2024-04-24T06:51:43,349  INFO [3dbc49bf-4c90-4e93-8481-4202505398b2 main] physical.Vectorizer: Map vectorizedVertexNum: 0
2024-04-24T06:51:43,349  INFO [3dbc49bf-4c90-4e93-8481-4202505398b2 main] physical.Vectorizer: Map enabledConditionsMet: [hive.vectorized.use.vectorized.input.format IS true]
2024-04-24T06:51:43,349  INFO [3dbc49bf-4c90-4e93-8481-4202505398b2 main] physical.Vectorizer: Map enabledConditionsNotMet: [Could not enable vectorization due to partition column names size 1 is greater than the number of table column names size 0 IS false]
2024-04-24T06:51:43,349  INFO [3dbc49bf-4c90-4e93-8481-4202505398b2 main] physical.Vectorizer: Map inputFileFormatClassNameSet: [org.apache.hadoop.hive.ql.io.NullRowsInputFormat]
2024-04-24T06:51:43,350  INFO [3dbc49bf-4c90-4e93-8481-4202505398b2 main] parse.CalcitePlanner: Completed plan generation
2024-04-24T06:51:43,350  INFO [3dbc49bf-4c90-4e93-8481-4202505398b2 main] parse.CalcitePlanner: Ending caching scope for: alex_20240424065143_e2cc8721-1ec1-49a7-9cf9-f95ba0e80ff4
2024-04-24T06:51:43,350  INFO [3dbc49bf-4c90-4e93-8481-4202505398b2 main] ql.Driver: Semantic Analysis Completed (retrial = false)
2024-04-24T06:51:43,350  INFO [3dbc49bf-4c90-4e93-8481-4202505398b2 main] ql.Driver: Created Hive schema: Schema(fieldSchemas:[FieldSchema(name:_c0, type:string, comment:null)], properties:null)
2024-04-24T06:51:43,351  INFO [3dbc49bf-4c90-4e93-8481-4202505398b2 main] exec.ListSinkOperator: Initializing Operator: LIST_SINK[3]
2024-04-24T06:51:43,351  INFO [3dbc49bf-4c90-4e93-8481-4202505398b2 main] metadata.Hive: Dumping metastore api call timing information for : compilation phase
2024-04-24T06:51:43,352  INFO [3dbc49bf-4c90-4e93-8481-4202505398b2 main] metadata.Hive: Total time spent in each metastore function (ms): {flushCache_()=0, isCompatibleWith_(Configuration)=0, getAllTableConstraints_(AllTableConstraintsRequest)=10}
2024-04-24T06:51:43,352  INFO [3dbc49bf-4c90-4e93-8481-4202505398b2 main] ql.Driver: Completed compiling command(queryId=alex_20240424065143_e2cc8721-1ec1-49a7-9cf9-f95ba0e80ff4); Time taken: 0.223 seconds
2024-04-24T06:51:43,353  INFO [HiveServer2-Background-Pool: Thread-148] common.LogUtils: Thread context registration is done.
2024-04-24T06:51:43,353  INFO [3dbc49bf-4c90-4e93-8481-4202505398b2 main] common.LogUtils: Unregistered logging context.
2024-04-24T06:51:43,353  INFO [HiveServer2-Background-Pool: Thread-148] reexec.ReExecDriver: Execution #1 of query
2024-04-24T06:51:43,354  INFO [3dbc49bf-4c90-4e93-8481-4202505398b2 main] session.HiveSessionImpl: executing select reflect("java.lang.Thread", "sleep", bigint(1000))
2024-04-24T06:51:43,354  INFO [HiveServer2-Background-Pool: Thread-148] ql.Driver: Operation QUERY obtained 2 locks
2024-04-24T06:51:43,355  INFO [HiveServer2-Background-Pool: Thread-148] ql.Driver: Executing command(queryId=alex_20240424065143_e2cc8721-1ec1-49a7-9cf9-f95ba0e80ff4): select reflect("java.lang.Thread", "sleep", bigint(1000))
2024-04-24T06:51:43,356  INFO [3dbc49bf-4c90-4e93-8481-4202505398b2 main] operation.OperationManager: Adding operation: OperationHandle [opType=EXECUTE_STATEMENT, getHandleIdentifier()=c84d2dc0-c933-4b90-9381-1baa24c03c8f] SessionHandle [3dbc49bf-4c90-4e93-8481-4202505398b2]
PREHOOK: query: select reflect("java.lang.Thread", "sleep", bigint(1000))
2024-04-24T06:51:43,356  INFO [HiveServer2-Background-Pool: Thread-148] SessionState: PREHOOK: query: select reflect("java.lang.Thread", "sleep", bigint(1000))
PREHOOK: type: QUERY
2024-04-24T06:51:43,356  INFO [HiveServer2-Background-Pool: Thread-148] SessionState: PREHOOK: type: QUERY
PREHOOK: Input: _dummy_database@_dummy_table
2024-04-24T06:51:43,357  INFO [HiveServer2-Background-Pool: Thread-148] SessionState: PREHOOK: Input: _dummy_database@_dummy_table
PREHOOK: Output: file:/home/alex/Repositories/hive/service/target/tmp/localscratchdir/3dbc49bf-4c90-4e93-8481-4202505398b2/hive_2024-04-24_06-51-43_128_8739881805800958792-1/-mr-10001
2024-04-24T06:51:43,357  INFO [HiveServer2-Background-Pool: Thread-148] SessionState: PREHOOK: Output: file:/home/alex/Repositories/hive/service/target/tmp/localscratchdir/3dbc49bf-4c90-4e93-8481-4202505398b2/hive_2024-04-24_06-51-43_128_8739881805800958792-1/-mr-10001
2024-04-24T06:51:43,357  INFO [3dbc49bf-4c90-4e93-8481-4202505398b2 main] common.LogUtils: Thread context registration is done.
DEBUG StatusLogger Building Plugin[name=filter, class=org.apache.hadoop.hive.ql.log.LogDivertAppender$NameFilter].
DEBUG StatusLogger createFilter(loggingLevel="EXECUTION")
DEBUG StatusLogger Building Plugin[name=layout, class=org.apache.logging.log4j.core.layout.PatternLayout].
DEBUG StatusLogger PatternLayout$Builder(alwaysWriteExceptions="null", pattern="%-5p : %m%n", footer="null", disableAnsi="null", header="null", charset="null", PatternSelector=null, Replace=null, Configuration(HiveLog4j2Test), noConsoleNoAnsi="null")
DEBUG StatusLogger Building Plugin[name=appender, class=org.apache.hadoop.hive.ql.log.HushableRandomAccessFileAppender].
DEBUG StatusLogger createAppender(fileName="/home/alex/Repositories/hive/service/target/tmp/alex/operation_logs/3dbc49bf-4c90-4e93-8481-4202505398b2/alex_20240424065143_6332e3a2-6970-462f-be53-84719a341450", append="null", name="query-file-appender", immediateFlush="null", bufferSize="null", ignoreExceptions="null", PatternLayout(org.apache.logging.log4j.core.layout.PatternLayout with name PatternLayout), NameFilter(org.apache.hadoop.hive.ql.log.LogDivertAppender$NameFilter with name NameFilter), advertise="null", advertiseURI="null", Configuration(HiveLog4j2Test))
DEBUG StatusLogger Starting RandomAccessFileManager /home/alex/Repositories/hive/service/target/tmp/alex/operation_logs/3dbc49bf-4c90-4e93-8481-4202505398b2/alex_20240424065143_6332e3a2-6970-462f-be53-84719a341450
DEBUG StatusLogger Building Plugin[name=, class=org.apache.hadoop.hive.ql.log.LogDivertAppenderForTest$TestFilter].
DEBUG StatusLogger createFilter()
DEBUG StatusLogger Building Plugin[name=, class=org.apache.logging.log4j.core.layout.PatternLayout].
DEBUG StatusLogger PatternLayout$Builder(charset="null", header="null", PatternSelector=null, Replace=null, pattern="%-5p : %m%n", disableAnsi="null", alwaysWriteExceptions="null", noConsoleNoAnsi="null", Configuration(HiveLog4j2Test), footer="null")
DEBUG StatusLogger Building Plugin[name=appender, class=org.apache.hadoop.hive.ql.log.HushableRandomAccessFileAppender].
DEBUG StatusLogger createAppender(fileName="/home/alex/Repositories/hive/service/target/tmp/alex/operation_logs/3dbc49bf-4c90-4e93-8481-4202505398b2/alex_20240424065143_6332e3a2-6970-462f-be53-84719a341450.test", append="null", name="test-query-file-appender", immediateFlush="null", bufferSize="null", ignoreExceptions="null", PatternLayout(org.apache.logging.log4j.core.layout.PatternLayout with name PatternLayout), test-filter(org.apache.hadoop.hive.ql.log.LogDivertAppenderForTest$TestFilter with name test-filter), advertise="null", advertiseURI="null", Configuration(HiveLog4j2Test))
DEBUG StatusLogger Starting RandomAccessFileManager /home/alex/Repositories/hive/service/target/tmp/alex/operation_logs/3dbc49bf-4c90-4e93-8481-4202505398b2/alex_20240424065143_6332e3a2-6970-462f-be53-84719a341450.test
2024-04-24T06:51:43,365  INFO [3dbc49bf-4c90-4e93-8481-4202505398b2 main] operation.SQLOperation: [opType=EXECUTE_STATEMENT, queryId=alex_20240424065143_6332e3a2-6970-462f-be53-84719a341450, startTime=1713966703354, sessionId=3dbc49bf-4c90-4e93-8481-4202505398b2, createTime=1713966696233, userName=anonymous, ipAddress=null]
2024-04-24T06:51:43,366  WARN [HiveServer2-Background-Pool: Thread-148] ql.Driver: Hive-on-MR is deprecated in Hive 2 and may not be available in the future versions. Consider using a different execution engine (i.e. spark, tez) or using Hive 1.X releases.
Query ID = alex_20240424065143_e2cc8721-1ec1-49a7-9cf9-f95ba0e80ff4
2024-04-24T06:51:43,366  INFO [HiveServer2-Background-Pool: Thread-148] ql.Driver: Query ID = alex_20240424065143_e2cc8721-1ec1-49a7-9cf9-f95ba0e80ff4
Total jobs = 1
2024-04-24T06:51:43,366  INFO [HiveServer2-Background-Pool: Thread-148] ql.Driver: Total jobs = 1
Launching Job 1 out of 12024-04-24T06:51:43,367  INFO [3dbc49bf-4c90-4e93-8481-4202505398b2 main] ql.Driver: Compiling command(queryId=alex_20240424065143_6332e3a2-6970-462f-be53-84719a341450): select reflect("java.lang.Thread", "sleep", bigint(1000))

2024-04-24T06:51:43,367  INFO [HiveServer2-Background-Pool: Thread-148] ql.Driver: Launching Job 1 out of 1
2024-04-24T06:51:43,369  INFO [3dbc49bf-4c90-4e93-8481-4202505398b2 main] parse.CalcitePlanner: Starting caching scope for: alex_20240424065143_6332e3a2-6970-462f-be53-84719a341450
2024-04-24T06:51:43,369  INFO [3dbc49bf-4c90-4e93-8481-4202505398b2 main] parse.CalcitePlanner: Starting Semantic Analysis
2024-04-24T06:51:43,369  INFO [3dbc49bf-4c90-4e93-8481-4202505398b2 main] parse.CalcitePlanner: Completed phase 1 of Semantic Analysis
2024-04-24T06:51:43,369  INFO [3dbc49bf-4c90-4e93-8481-4202505398b2 main] parse.CalcitePlanner: Get metadata for source tables
2024-04-24T06:51:43,369  INFO [3dbc49bf-4c90-4e93-8481-4202505398b2 main] parse.CalcitePlanner: Get metadata for subqueries
2024-04-24T06:51:43,369  INFO [3dbc49bf-4c90-4e93-8481-4202505398b2 main] parse.CalcitePlanner: Get metadata for destination tables
2024-04-24T06:51:43,370  INFO [3dbc49bf-4c90-4e93-8481-4202505398b2 main] parse.CalcitePlanner: Completed getting MetaData in Semantic Analysis
2024-04-24T06:51:43,371  INFO [HiveServer2-Background-Pool: Thread-114] mapreduce.JobSubmitter: Submitting tokens for job: job_local1531387838_0002
2024-04-24T06:51:43,371  INFO [HiveServer2-Background-Pool: Thread-114] mapreduce.JobSubmitter: Executing with tokens: []
2024-04-24T06:51:43,399  INFO [3dbc49bf-4c90-4e93-8481-4202505398b2 main] HiveMetaStore.audit: ugi=alex	ip=unknown-ip-addr	cmd=get_all_table_constraints : tbl=hive._dummy_database._dummy_table	
2024-04-24T06:51:43,477  INFO [HiveServer2-Background-Pool: Thread-148] ql.Driver: Starting task [Stage-1:MAPRED] in serial mode
Number of reduce tasks is set to 0 since there's no reduce operator
2024-04-24T06:51:43,477  INFO [HiveServer2-Background-Pool: Thread-148] exec.Task: Number of reduce tasks is set to 0 since there's no reduce operator
2024-04-24T06:51:43,485  INFO [HiveServer2-Background-Pool: Thread-114] mapreduce.Job: The url to track the job: http://localhost:8080/
Job running in-process (local Hadoop)2024-04-24T06:51:43,486  INFO [Thread-107] mapred.LocalJobRunner: OutputCommitter set in config org.apache.hadoop.hive.ql.io.HiveFileFormatUtils$NullOutputCommitter

2024-04-24T06:51:43,487  INFO [HiveServer2-Background-Pool: Thread-148] mr.ExecDriver: Using org.apache.hadoop.hive.ql.io.CombineHiveInputFormat
2024-04-24T06:51:43,487  INFO [Thread-107] mapred.LocalJobRunner: OutputCommitter is org.apache.hadoop.hive.ql.io.HiveFileFormatUtils$NullOutputCommitter
2024-04-24T06:51:43,487  INFO [HiveServer2-Background-Pool: Thread-114] exec.Task: Job running in-process (local Hadoop)
2024-04-24T06:51:43,487  INFO [HiveServer2-Background-Pool: Thread-148] exec.Utilities: Processing alias _dummy_table
2024-04-24T06:51:43,487  INFO [HiveServer2-Background-Pool: Thread-148] exec.Utilities: Adding 1 inputs; the first input is file:/home/alex/Repositories/hive/service/target/tmp/localscratchdir/3dbc49bf-4c90-4e93-8481-4202505398b2/hive_2024-04-24_06-51-43_128_8739881805800958792-1/dummy_path
2024-04-24T06:51:43,490  INFO [Thread-107] mapred.LocalJobRunner: Waiting for map tasks
2024-04-24T06:51:43,491  INFO [LocalJobRunner Map Task Executor #0] mapred.LocalJobRunner: Starting task: attempt_local1531387838_0002_m_000000_0
2024-04-24T06:51:43,492  INFO [LocalJobRunner Map Task Executor #0] mapred.Task:  Using ResourceCalculatorProcessTree : [ ]
2024-04-24T06:51:43,493  INFO [LocalJobRunner Map Task Executor #0] mapred.MapTask: Processing split: Paths:/home/alex/Repositories/hive/service/target/tmp/localscratchdir/3dbc49bf-4c90-4e93-8481-4202505398b2/hive_2024-04-24_06-51-42_899_1888890263969417252-1/dummy_path/dummy_file:0+1InputFormatClass: org.apache.hadoop.hive.ql.io.NullRowsInputFormat

2024-04-24T06:51:43,497  INFO [LocalJobRunner Map Task Executor #0] exec.SerializationUtilities: Deserializing MapWork using kryo
2024-04-24T06:51:43,505  INFO [HiveServer2-Background-Pool: Thread-148] exec.SerializationUtilities: Serializing MapWork using kryo
2024-04-24T06:51:43,508  INFO [HiveServer2-Background-Pool: Thread-148] exec.Utilities: Serialized plan (via FILE) - name: null size: 5,13KB
2024-04-24T06:51:43,511  WARN [HiveServer2-Background-Pool: Thread-148] impl.MetricsSystemImpl: JobTracker metrics system already initialized!
2024-04-24T06:51:43,515  INFO [LocalJobRunner Map Task Executor #0] exec.Utilities: Deserialized plan (via FILE) - name: null size: 5,13KB
2024-04-24T06:51:43,516  INFO [LocalJobRunner Map Task Executor #0] mapred.MapTask: numReduceTasks: 0
2024-04-24T06:51:43,518  INFO [LocalJobRunner Map Task Executor #0] exec.MapOperator: Initializing Operator: MAP[0]
2024-04-24T06:51:43,519  INFO [LocalJobRunner Map Task Executor #0] mr.ExecMapper: 
<MAP>Id =0
  <Children>null
  <\Children>
  <Parent><\Parent>
<\MAP>
2024-04-24T06:51:43,520  INFO [LocalJobRunner Map Task Executor #0] exec.TableScanOperator: Initializing Operator: TS[0]
2024-04-24T06:51:43,521  INFO [LocalJobRunner Map Task Executor #0] exec.SelectOperator: Initializing Operator: SEL[1]
2024-04-24T06:51:43,521  WARN [HiveServer2-Background-Pool: Thread-148] impl.MetricsSystemImpl: JobTracker metrics system already initialized!
2024-04-24T06:51:43,521  INFO [LocalJobRunner Map Task Executor #0] exec.SelectOperator: SELECT null
2024-04-24T06:51:43,521  INFO [LocalJobRunner Map Task Executor #0] exec.FileSinkOperator: Initializing Operator: FS[2]
2024-04-24T06:51:43,522  INFO [LocalJobRunner Map Task Executor #0] exec.FileSinkOperator: Using serializer : class org.apache.hadoop.hive.serde2.lazy.LazySimpleSerDe [serdeParams=org.apache.hadoop.hive.serde2.lazy.LazySerDeParameters@54138a77, cachedObjectInspector=org.apache.hadoop.hive.serde2.lazy.objectinspector.LazySimpleStructObjectInspector<org.apache.hadoop.hive.serde2.lazy.objectinspector.primitive.LazyStringObjectInspector@5454be>, serializedSize=0, stats=org.apache.hadoop.hive.serde2.SerDeStats@4d47b151, lastOperationSerialize=false, lastOperationDeserialize=false [1, 2, 3, 4, 5, 6, 7, 8, 11, 14, 15, 16, 17, 18, 19, 20, 21, 22, 23, 24, 25, 26, 28, 29, 30, 31, -128, -127, -126, -125, -124, -123, -122, -121, -120, -119, -118, -117, -116, -115, -114, -113, -112, -111, -110, -109, -108, -107, -106, -105, -104, -103, -102, -101, -100, -99, -98, -97, -96, -95, -94, -93, -92, -91, -90, -89, -88, -87, -86, -85, -84, -83, -82, -81, -80, -79, -78, -77, -76, -75, -74, -73, -72, -71, -70, -69, -68, -67, -66, -65, -64, -63, -62, -61, -60, -59, -58, -57, -56, -55, -54, -53, -52, -51, -50, -49, -48, -47, -46, -45, -44, -43, -42, -41, -40, -39, -38, -37, -36, -35, -34, -33, -32, -31, -30, -29, -28, -27, -26, -25, -24, -23, -22, -21, -20, -19, -18, -17, -16, -15, -14, -13, -12, -11, -10, -9, -8, -7, -6, -5, -4, -3, -2, -1] : [_col0] : [string]] and formatter : org.apache.hadoop.hive.ql.io.HiveSequenceFileOutputFormat@5ae82f87
2024-04-24T06:51:43,532  WARN [HiveServer2-Background-Pool: Thread-148] mapreduce.JobResourceUploader: Hadoop command-line option parsing not performed. Implement the Tool interface and execute your application with ToolRunner to remedy this.
2024-04-24T06:51:43,538  WARN [HiveServer2-Background-Pool: Thread-148] mapreduce.JobResourceUploader: No job jar file set.  User classes may not be found. See Job or Job#setJar(String).
2024-04-24T06:51:43,538  INFO [HiveServer2-Background-Pool: Thread-148] io.CombineHiveInputFormat: Total number of paths: 1, launching 1 threads to check non-combinable ones.
2024-04-24T06:51:43,540  INFO [HiveServer2-Background-Pool: Thread-148] io.CombineHiveInputFormat: CombineHiveInputSplit creating pool for file:/home/alex/Repositories/hive/service/target/tmp/localscratchdir/3dbc49bf-4c90-4e93-8481-4202505398b2/hive_2024-04-24_06-51-43_128_8739881805800958792-1/dummy_path; using filter path file:/home/alex/Repositories/hive/service/target/tmp/localscratchdir/3dbc49bf-4c90-4e93-8481-4202505398b2/hive_2024-04-24_06-51-43_128_8739881805800958792-1/dummy_path
2024-04-24T06:51:43,547  INFO [HiveServer2-Background-Pool: Thread-148] input.FileInputFormat: Total input files to process : 1
2024-04-24T06:51:43,547  INFO [HiveServer2-Background-Pool: Thread-148] input.CombineFileInputFormat: DEBUG: Terminated node allocation with : CompletedNodes: 1, size left: 0
2024-04-24T06:51:43,547  INFO [HiveServer2-Background-Pool: Thread-148] io.CombineHiveInputFormat: Number of all splits 1
2024-04-24T06:51:43,550  INFO [3dbc49bf-4c90-4e93-8481-4202505398b2 main] parse.CalcitePlanner: Get metadata for source tables
2024-04-24T06:51:43,550  INFO [3dbc49bf-4c90-4e93-8481-4202505398b2 main] HiveMetaStore.audit: ugi=alex	ip=unknown-ip-addr	cmd=get_table : tbl=hive._dummy_database._dummy_table	
2024-04-24T06:51:43,553  INFO [3dbc49bf-4c90-4e93-8481-4202505398b2 main] parse.CalcitePlanner: Get metadata for subqueries
2024-04-24T06:51:43,553  INFO [3dbc49bf-4c90-4e93-8481-4202505398b2 main] parse.CalcitePlanner: Get metadata for destination tables
2024-04-24T06:51:43,555  INFO [3dbc49bf-4c90-4e93-8481-4202505398b2 main] common.FileUtils: Creating directory if it doesn't exist: file:/home/alex/Repositories/hive/service/target/tmp/localscratchdir/3dbc49bf-4c90-4e93-8481-4202505398b2/hive_2024-04-24_06-51-43_367_8196653368648216554-1/-mr-10001/.hive-staging_hive_2024-04-24_06-51-43_367_8196653368648216554-1
2024-04-24T06:51:43,562  INFO [3dbc49bf-4c90-4e93-8481-4202505398b2 main] parse.CalcitePlanner: CBO Succeeded; optimized logical plan.
2024-04-24T06:51:43,567  INFO [3dbc49bf-4c90-4e93-8481-4202505398b2 main] optimizer.BucketVersionPopulator: not considering bucketingVersion for: TS[0] because it has -1<2 buckets 
2024-04-24T06:51:43,569  INFO [3dbc49bf-4c90-4e93-8481-4202505398b2 main] optimizer.SortedDynPartitionOptimizer: Sorted dynamic partitioning optimization kicked in..
2024-04-24T06:51:43,573  INFO [HiveServer2-Background-Pool: Thread-148] mapreduce.JobSubmitter: number of splits:1
2024-04-24T06:51:43,582  INFO [3dbc49bf-4c90-4e93-8481-4202505398b2 main] physical.Vectorizer: Examining input format to see if vectorization is enabled.
2024-04-24T06:51:43,582  INFO [3dbc49bf-4c90-4e93-8481-4202505398b2 main] physical.Vectorizer: Map vectorization enabled: false
2024-04-24T06:51:43,582  INFO [3dbc49bf-4c90-4e93-8481-4202505398b2 main] physical.Vectorizer: Map vectorized: false
2024-04-24T06:51:43,582  INFO [3dbc49bf-4c90-4e93-8481-4202505398b2 main] physical.Vectorizer: Map vectorizedVertexNum: 0
2024-04-24T06:51:43,582  INFO [3dbc49bf-4c90-4e93-8481-4202505398b2 main] physical.Vectorizer: Map enabledConditionsMet: [hive.vectorized.use.vectorized.input.format IS true]
2024-04-24T06:51:43,582  INFO [3dbc49bf-4c90-4e93-8481-4202505398b2 main] physical.Vectorizer: Map enabledConditionsNotMet: [Could not enable vectorization due to partition column names size 1 is greater than the number of table column names size 0 IS false]
2024-04-24T06:51:43,582  INFO [3dbc49bf-4c90-4e93-8481-4202505398b2 main] physical.Vectorizer: Map inputFileFormatClassNameSet: [org.apache.hadoop.hive.ql.io.NullRowsInputFormat]
2024-04-24T06:51:43,582  INFO [3dbc49bf-4c90-4e93-8481-4202505398b2 main] parse.CalcitePlanner: Completed plan generation
2024-04-24T06:51:43,583  INFO [3dbc49bf-4c90-4e93-8481-4202505398b2 main] parse.CalcitePlanner: Ending caching scope for: alex_20240424065143_6332e3a2-6970-462f-be53-84719a341450
2024-04-24T06:51:43,583  INFO [3dbc49bf-4c90-4e93-8481-4202505398b2 main] ql.Driver: Semantic Analysis Completed (retrial = false)
2024-04-24T06:51:43,583  INFO [3dbc49bf-4c90-4e93-8481-4202505398b2 main] ql.Driver: Created Hive schema: Schema(fieldSchemas:[FieldSchema(name:_c0, type:string, comment:null)], properties:null)
2024-04-24T06:51:43,584  INFO [3dbc49bf-4c90-4e93-8481-4202505398b2 main] exec.ListSinkOperator: Initializing Operator: LIST_SINK[3]
2024-04-24T06:51:43,585  INFO [3dbc49bf-4c90-4e93-8481-4202505398b2 main] metadata.Hive: Dumping metastore api call timing information for : compilation phase
2024-04-24T06:51:43,585  INFO [3dbc49bf-4c90-4e93-8481-4202505398b2 main] metadata.Hive: Total time spent in each metastore function (ms): {getAllTableConstraints_(AllTableConstraintsRequest)=10, isCompatibleWith_(Configuration)=0, flushCache_()=1}
2024-04-24T06:51:43,585  INFO [3dbc49bf-4c90-4e93-8481-4202505398b2 main] ql.Driver: Completed compiling command(queryId=alex_20240424065143_6332e3a2-6970-462f-be53-84719a341450); Time taken: 0.218 seconds
2024-04-24T06:51:43,586  INFO [3dbc49bf-4c90-4e93-8481-4202505398b2 main] common.LogUtils: Unregistered logging context.
2024-04-24T06:51:43,586  INFO [HiveServer2-Background-Pool: Thread-188] common.LogUtils: Thread context registration is done.
2024-04-24T06:51:43,586  INFO [HiveServer2-Background-Pool: Thread-188] reexec.ReExecDriver: Execution #1 of query
2024-04-24T06:51:43,587  INFO [3dbc49bf-4c90-4e93-8481-4202505398b2 main] session.HiveSessionImpl: executing select reflect("java.lang.Thread", "sleep", bigint(1000))
2024-04-24T06:51:43,587  INFO [HiveServer2-Background-Pool: Thread-188] ql.Driver: Operation QUERY obtained 2 locks
2024-04-24T06:51:43,588  INFO [HiveServer2-Background-Pool: Thread-188] ql.Driver: Executing command(queryId=alex_20240424065143_6332e3a2-6970-462f-be53-84719a341450): select reflect("java.lang.Thread", "sleep", bigint(1000))
2024-04-24T06:51:43,588  INFO [3dbc49bf-4c90-4e93-8481-4202505398b2 main] operation.OperationManager: Adding operation: OperationHandle [opType=EXECUTE_STATEMENT, getHandleIdentifier()=ae474953-6655-47f5-a93c-75919182f92a] SessionHandle [3dbc49bf-4c90-4e93-8481-4202505398b2]
PREHOOK: query: select reflect("java.lang.Thread", "sleep", bigint(1000))
2024-04-24T06:51:43,589  INFO [HiveServer2-Background-Pool: Thread-188] SessionState: PREHOOK: query: select reflect("java.lang.Thread", "sleep", bigint(1000))
2024-04-24T06:51:43,589  INFO [3dbc49bf-4c90-4e93-8481-4202505398b2 main] common.LogUtils: Thread context registration is done.
PREHOOK: type: QUERY
2024-04-24T06:51:43,589  INFO [HiveServer2-Background-Pool: Thread-188] SessionState: PREHOOK: type: QUERY
DEBUG StatusLogger Building Plugin[name=filter, class=org.apache.hadoop.hive.ql.log.LogDivertAppender$NameFilter].
DEBUG StatusLogger createFilter(loggingLevel="EXECUTION")
DEBUG StatusLogger Building Plugin[name=layout, class=org.apache.logging.log4j.core.layout.PatternLayout].
DEBUG StatusLogger PatternLayout$Builder(footer="null", noConsoleNoAnsi="null", disableAnsi="null", pattern="%-5p : %m%n", PatternSelector=null, alwaysWriteExceptions="null", header="null", charset="null", Configuration(HiveLog4j2Test), Replace=null)
DEBUG StatusLogger Building Plugin[name=appender, class=org.apache.hadoop.hive.ql.log.HushableRandomAccessFileAppender].
DEBUG StatusLogger createAppender(fileName="/home/alex/Repositories/hive/service/target/tmp/alex/operation_logs/3dbc49bf-4c90-4e93-8481-4202505398b2/alex_20240424065143_609c844a-1541-426f-81fe-74967ef7cec7", append="null", name="query-file-appender", immediateFlush="null", bufferSize="null", ignoreExceptions="null", PatternLayout(org.apache.logging.log4j.core.layout.PatternLayout with name PatternLayout), NameFilter(org.apache.hadoop.hive.ql.log.LogDivertAppender$NameFilter with name NameFilter), advertise="null", advertiseURI="null", Configuration(HiveLog4j2Test))
DEBUG StatusLogger Starting RandomAccessFileManager /home/alex/Repositories/hive/service/target/tmp/alex/operation_logs/3dbc49bf-4c90-4e93-8481-4202505398b2/alex_20240424065143_609c844a-1541-426f-81fe-74967ef7cec7
DEBUG StatusLogger Building Plugin[name=, class=org.apache.hadoop.hive.ql.log.LogDivertAppenderForTest$TestFilter].
DEBUG StatusLogger createFilter()
DEBUG StatusLogger Building Plugin[name=, class=org.apache.logging.log4j.core.layout.PatternLayout].
DEBUG StatusLogger PatternLayout$Builder(PatternSelector=null, disableAnsi="null", header="null", footer="null", pattern="%-5p : %m%n", Replace=null, noConsoleNoAnsi="null", charset="null", alwaysWriteExceptions="null", Configuration(HiveLog4j2Test))
DEBUG StatusLogger Building Plugin[name=appender, class=org.apache.hadoop.hive.ql.log.HushableRandomAccessFileAppender].
DEBUG StatusLogger createAppender(fileName="/home/alex/Repositories/hive/service/target/tmp/alex/operation_logs/3dbc49bf-4c90-4e93-8481-4202505398b2/alex_20240424065143_609c844a-1541-426f-81fe-74967ef7cec7.test", append="null", name="test-query-file-appender", immediateFlush="null", bufferSize="null", ignoreExceptions="null", PatternLayout(org.apache.logging.log4j.core.layout.PatternLayout with name PatternLayout), test-filter(org.apache.hadoop.hive.ql.log.LogDivertAppenderForTest$TestFilter with name test-filter), advertise="null", advertiseURI="null", Configuration(HiveLog4j2Test))
DEBUG StatusLogger Starting RandomAccessFileManager /home/alex/Repositories/hive/service/target/tmp/alex/operation_logs/3dbc49bf-4c90-4e93-8481-4202505398b2/alex_20240424065143_609c844a-1541-426f-81fe-74967ef7cec7.test
2024-04-24T06:51:43,597  INFO [3dbc49bf-4c90-4e93-8481-4202505398b2 main] operation.SQLOperation: [opType=EXECUTE_STATEMENT, queryId=alex_20240424065143_609c844a-1541-426f-81fe-74967ef7cec7, startTime=1713966703587, sessionId=3dbc49bf-4c90-4e93-8481-4202505398b2, createTime=1713966696233, userName=anonymous, ipAddress=null]
PREHOOK: Input: _dummy_database@_dummy_table
2024-04-24T06:51:43,597  INFO [HiveServer2-Background-Pool: Thread-188] SessionState: PREHOOK: Input: _dummy_database@_dummy_table
PREHOOK: Output: file:/home/alex/Repositories/hive/service/target/tmp/localscratchdir/3dbc49bf-4c90-4e93-8481-4202505398b2/hive_2024-04-24_06-51-43_367_8196653368648216554-1/-mr-10001
2024-04-24T06:51:43,597  INFO [HiveServer2-Background-Pool: Thread-188] SessionState: PREHOOK: Output: file:/home/alex/Repositories/hive/service/target/tmp/localscratchdir/3dbc49bf-4c90-4e93-8481-4202505398b2/hive_2024-04-24_06-51-43_367_8196653368648216554-1/-mr-10001
2024-04-24T06:51:43,597  WARN [HiveServer2-Background-Pool: Thread-188] ql.Driver: Hive-on-MR is deprecated in Hive 2 and may not be available in the future versions. Consider using a different execution engine (i.e. spark, tez) or using Hive 1.X releases.
Query ID = alex_20240424065143_6332e3a2-6970-462f-be53-84719a341450
2024-04-24T06:51:43,598  INFO [HiveServer2-Background-Pool: Thread-188] ql.Driver: Query ID = alex_20240424065143_6332e3a2-6970-462f-be53-84719a341450
Total jobs = 1
2024-04-24T06:51:43,598  INFO [HiveServer2-Background-Pool: Thread-188] ql.Driver: Total jobs = 1
Launching Job 1 out of 1
2024-04-24T06:51:43,598  INFO [HiveServer2-Background-Pool: Thread-188] ql.Driver: Launching Job 1 out of 1
2024-04-24T06:51:43,598  INFO [3dbc49bf-4c90-4e93-8481-4202505398b2 main] ql.Driver: Compiling command(queryId=alex_20240424065143_609c844a-1541-426f-81fe-74967ef7cec7): select reflect("java.lang.Thread", "sleep", bigint(1000))
2024-04-24T06:51:43,601  INFO [3dbc49bf-4c90-4e93-8481-4202505398b2 main] parse.CalcitePlanner: Starting caching scope for: alex_20240424065143_609c844a-1541-426f-81fe-74967ef7cec7
2024-04-24T06:51:43,601  INFO [3dbc49bf-4c90-4e93-8481-4202505398b2 main] parse.CalcitePlanner: Starting Semantic Analysis
2024-04-24T06:51:43,601  INFO [3dbc49bf-4c90-4e93-8481-4202505398b2 main] parse.CalcitePlanner: Completed phase 1 of Semantic Analysis
2024-04-24T06:51:43,601  INFO [3dbc49bf-4c90-4e93-8481-4202505398b2 main] parse.CalcitePlanner: Get metadata for source tables
2024-04-24T06:51:43,601  INFO [3dbc49bf-4c90-4e93-8481-4202505398b2 main] parse.CalcitePlanner: Get metadata for subqueries
2024-04-24T06:51:43,601  INFO [3dbc49bf-4c90-4e93-8481-4202505398b2 main] parse.CalcitePlanner: Get metadata for destination tables
2024-04-24T06:51:43,601  INFO [3dbc49bf-4c90-4e93-8481-4202505398b2 main] parse.CalcitePlanner: Completed getting MetaData in Semantic Analysis
2024-04-24T06:51:43,603  INFO [HiveServer2-Background-Pool: Thread-148] mapreduce.JobSubmitter: Submitting tokens for job: job_local1609268355_0003
2024-04-24T06:51:43,603  INFO [HiveServer2-Background-Pool: Thread-148] mapreduce.JobSubmitter: Executing with tokens: []
2024-04-24T06:51:43,629  INFO [3dbc49bf-4c90-4e93-8481-4202505398b2 main] HiveMetaStore.audit: ugi=alex	ip=unknown-ip-addr	cmd=get_all_table_constraints : tbl=hive._dummy_database._dummy_table	
2024-04-24T06:51:43,697  INFO [HiveServer2-Background-Pool: Thread-148] mapreduce.Job: The url to track the job: http://localhost:8080/
Job running in-process (local Hadoop)
2024-04-24T06:51:43,698  INFO [HiveServer2-Background-Pool: Thread-148] exec.Task: Job running in-process (local Hadoop)
2024-04-24T06:51:43,699  INFO [Thread-144] mapred.LocalJobRunner: OutputCommitter set in config org.apache.hadoop.hive.ql.io.HiveFileFormatUtils$NullOutputCommitter
2024-04-24T06:51:43,699  INFO [Thread-144] mapred.LocalJobRunner: OutputCommitter is org.apache.hadoop.hive.ql.io.HiveFileFormatUtils$NullOutputCommitter
2024-04-24T06:51:43,702  INFO [Thread-144] mapred.LocalJobRunner: Waiting for map tasks
2024-04-24T06:51:43,702  INFO [LocalJobRunner Map Task Executor #0] mapred.LocalJobRunner: Starting task: attempt_local1609268355_0003_m_000000_0
2024-04-24T06:51:43,703  INFO [LocalJobRunner Map Task Executor #0] mapred.Task:  Using ResourceCalculatorProcessTree : [ ]
2024-04-24T06:51:43,704  INFO [LocalJobRunner Map Task Executor #0] mapred.MapTask: Processing split: Paths:/home/alex/Repositories/hive/service/target/tmp/localscratchdir/3dbc49bf-4c90-4e93-8481-4202505398b2/hive_2024-04-24_06-51-43_128_8739881805800958792-1/dummy_path/dummy_file:0+1InputFormatClass: org.apache.hadoop.hive.ql.io.NullRowsInputFormat

2024-04-24T06:51:43,705  INFO [LocalJobRunner Map Task Executor #0] exec.SerializationUtilities: Deserializing MapWork using kryo
2024-04-24T06:51:43,708  INFO [LocalJobRunner Map Task Executor #0] exec.Utilities: Deserialized plan (via FILE) - name: null size: 5,13KB
2024-04-24T06:51:43,709  INFO [HiveServer2-Background-Pool: Thread-188] ql.Driver: Starting task [Stage-1:MAPRED] in serial mode
Number of reduce tasks is set to 0 since there's no reduce operator
2024-04-24T06:51:43,709  INFO [HiveServer2-Background-Pool: Thread-188] exec.Task: Number of reduce tasks is set to 0 since there's no reduce operator
2024-04-24T06:51:43,710  INFO [LocalJobRunner Map Task Executor #0] mapred.MapTask: numReduceTasks: 0
2024-04-24T06:51:43,710  INFO [LocalJobRunner Map Task Executor #0] exec.MapOperator: Initializing Operator: MAP[0]
2024-04-24T06:51:43,711  INFO [LocalJobRunner Map Task Executor #0] mr.ExecMapper: 
<MAP>Id =0
  <Children>null
  <\Children>
  <Parent><\Parent>
<\MAP>
2024-04-24T06:51:43,712  INFO [LocalJobRunner Map Task Executor #0] exec.TableScanOperator: Initializing Operator: TS[0]
2024-04-24T06:51:43,712  INFO [LocalJobRunner Map Task Executor #0] exec.SelectOperator: Initializing Operator: SEL[1]
2024-04-24T06:51:43,713  INFO [LocalJobRunner Map Task Executor #0] exec.SelectOperator: SELECT null
2024-04-24T06:51:43,713  INFO [LocalJobRunner Map Task Executor #0] exec.FileSinkOperator: Initializing Operator: FS[2]
2024-04-24T06:51:43,714  INFO [LocalJobRunner Map Task Executor #0] exec.FileSinkOperator: Using serializer : class org.apache.hadoop.hive.serde2.lazy.LazySimpleSerDe [serdeParams=org.apache.hadoop.hive.serde2.lazy.LazySerDeParameters@47af8a69, cachedObjectInspector=org.apache.hadoop.hive.serde2.lazy.objectinspector.LazySimpleStructObjectInspector<org.apache.hadoop.hive.serde2.lazy.objectinspector.primitive.LazyStringObjectInspector@5454be>, serializedSize=0, stats=org.apache.hadoop.hive.serde2.SerDeStats@d8d47e8, lastOperationSerialize=false, lastOperationDeserialize=false [1, 2, 3, 4, 5, 6, 7, 8, 11, 14, 15, 16, 17, 18, 19, 20, 21, 22, 23, 24, 25, 26, 28, 29, 30, 31, -128, -127, -126, -125, -124, -123, -122, -121, -120, -119, -118, -117, -116, -115, -114, -113, -112, -111, -110, -109, -108, -107, -106, -105, -104, -103, -102, -101, -100, -99, -98, -97, -96, -95, -94, -93, -92, -91, -90, -89, -88, -87, -86, -85, -84, -83, -82, -81, -80, -79, -78, -77, -76, -75, -74, -73, -72, -71, -70, -69, -68, -67, -66, -65, -64, -63, -62, -61, -60, -59, -58, -57, -56, -55, -54, -53, -52, -51, -50, -49, -48, -47, -46, -45, -44, -43, -42, -41, -40, -39, -38, -37, -36, -35, -34, -33, -32, -31, -30, -29, -28, -27, -26, -25, -24, -23, -22, -21, -20, -19, -18, -17, -16, -15, -14, -13, -12, -11, -10, -9, -8, -7, -6, -5, -4, -3, -2, -1] : [_col0] : [string]] and formatter : org.apache.hadoop.hive.ql.io.HiveSequenceFileOutputFormat@3f336cc6
2024-04-24T06:51:43,717  INFO [HiveServer2-Background-Pool: Thread-188] mr.ExecDriver: Using org.apache.hadoop.hive.ql.io.CombineHiveInputFormat
2024-04-24T06:51:43,717  INFO [HiveServer2-Background-Pool: Thread-188] exec.Utilities: Processing alias _dummy_table
2024-04-24T06:51:43,717  INFO [HiveServer2-Background-Pool: Thread-188] exec.Utilities: Adding 1 inputs; the first input is file:/home/alex/Repositories/hive/service/target/tmp/localscratchdir/3dbc49bf-4c90-4e93-8481-4202505398b2/hive_2024-04-24_06-51-43_367_8196653368648216554-1/dummy_path
2024-04-24T06:51:43,733  INFO [HiveServer2-Background-Pool: Thread-188] exec.SerializationUtilities: Serializing MapWork using kryo
2024-04-24T06:51:43,735  INFO [HiveServer2-Background-Pool: Thread-188] exec.Utilities: Serialized plan (via FILE) - name: null size: 5,13KB
2024-04-24T06:51:43,736  WARN [HiveServer2-Background-Pool: Thread-188] impl.MetricsSystemImpl: JobTracker metrics system already initialized!
2024-04-24T06:51:43,745  WARN [HiveServer2-Background-Pool: Thread-188] impl.MetricsSystemImpl: JobTracker metrics system already initialized!
2024-04-24T06:51:43,755  WARN [HiveServer2-Background-Pool: Thread-188] mapreduce.JobResourceUploader: Hadoop command-line option parsing not performed. Implement the Tool interface and execute your application with ToolRunner to remedy this.
2024-04-24T06:51:43,762  WARN [HiveServer2-Background-Pool: Thread-188] mapreduce.JobResourceUploader: No job jar file set.  User classes may not be found. See Job or Job#setJar(String).
2024-04-24T06:51:43,762  INFO [HiveServer2-Background-Pool: Thread-188] io.CombineHiveInputFormat: Total number of paths: 1, launching 1 threads to check non-combinable ones.
2024-04-24T06:51:43,764  INFO [HiveServer2-Background-Pool: Thread-188] io.CombineHiveInputFormat: CombineHiveInputSplit creating pool for file:/home/alex/Repositories/hive/service/target/tmp/localscratchdir/3dbc49bf-4c90-4e93-8481-4202505398b2/hive_2024-04-24_06-51-43_367_8196653368648216554-1/dummy_path; using filter path file:/home/alex/Repositories/hive/service/target/tmp/localscratchdir/3dbc49bf-4c90-4e93-8481-4202505398b2/hive_2024-04-24_06-51-43_367_8196653368648216554-1/dummy_path
2024-04-24T06:51:43,771  INFO [HiveServer2-Background-Pool: Thread-188] input.FileInputFormat: Total input files to process : 1
2024-04-24T06:51:43,772  INFO [HiveServer2-Background-Pool: Thread-188] input.CombineFileInputFormat: DEBUG: Terminated node allocation with : CompletedNodes: 1, size left: 0
2024-04-24T06:51:43,772  INFO [HiveServer2-Background-Pool: Thread-188] io.CombineHiveInputFormat: Number of all splits 1
2024-04-24T06:51:43,782  INFO [3dbc49bf-4c90-4e93-8481-4202505398b2 main] parse.CalcitePlanner: Get metadata for source tables
2024-04-24T06:51:43,782  INFO [3dbc49bf-4c90-4e93-8481-4202505398b2 main] HiveMetaStore.audit: ugi=alex	ip=unknown-ip-addr	cmd=get_table : tbl=hive._dummy_database._dummy_table	
2024-04-24T06:51:43,786  INFO [3dbc49bf-4c90-4e93-8481-4202505398b2 main] parse.CalcitePlanner: Get metadata for subqueries
2024-04-24T06:51:43,787  INFO [3dbc49bf-4c90-4e93-8481-4202505398b2 main] parse.CalcitePlanner: Get metadata for destination tables
2024-04-24T06:51:43,788  INFO [3dbc49bf-4c90-4e93-8481-4202505398b2 main] common.FileUtils: Creating directory if it doesn't exist: file:/home/alex/Repositories/hive/service/target/tmp/localscratchdir/3dbc49bf-4c90-4e93-8481-4202505398b2/hive_2024-04-24_06-51-43_598_5865110628328005942-1/-mr-10001/.hive-staging_hive_2024-04-24_06-51-43_598_5865110628328005942-1
2024-04-24T06:51:43,797  INFO [3dbc49bf-4c90-4e93-8481-4202505398b2 main] parse.CalcitePlanner: CBO Succeeded; optimized logical plan.
2024-04-24T06:51:43,800  INFO [HiveServer2-Background-Pool: Thread-188] mapreduce.JobSubmitter: number of splits:1
2024-04-24T06:51:43,802  INFO [3dbc49bf-4c90-4e93-8481-4202505398b2 main] optimizer.BucketVersionPopulator: not considering bucketingVersion for: TS[0] because it has -1<2 buckets 
2024-04-24T06:51:43,803  INFO [3dbc49bf-4c90-4e93-8481-4202505398b2 main] optimizer.SortedDynPartitionOptimizer: Sorted dynamic partitioning optimization kicked in..
2024-04-24T06:51:43,817  INFO [3dbc49bf-4c90-4e93-8481-4202505398b2 main] physical.Vectorizer: Examining input format to see if vectorization is enabled.
2024-04-24T06:51:43,817  INFO [3dbc49bf-4c90-4e93-8481-4202505398b2 main] physical.Vectorizer: Map vectorization enabled: false
2024-04-24T06:51:43,817  INFO [3dbc49bf-4c90-4e93-8481-4202505398b2 main] physical.Vectorizer: Map vectorized: false
2024-04-24T06:51:43,818  INFO [3dbc49bf-4c90-4e93-8481-4202505398b2 main] physical.Vectorizer: Map vectorizedVertexNum: 0
2024-04-24T06:51:43,818  INFO [3dbc49bf-4c90-4e93-8481-4202505398b2 main] physical.Vectorizer: Map enabledConditionsMet: [hive.vectorized.use.vectorized.input.format IS true]
2024-04-24T06:51:43,818  INFO [3dbc49bf-4c90-4e93-8481-4202505398b2 main] physical.Vectorizer: Map enabledConditionsNotMet: [Could not enable vectorization due to partition column names size 1 is greater than the number of table column names size 0 IS false]
2024-04-24T06:51:43,818  INFO [3dbc49bf-4c90-4e93-8481-4202505398b2 main] physical.Vectorizer: Map inputFileFormatClassNameSet: [org.apache.hadoop.hive.ql.io.NullRowsInputFormat]
2024-04-24T06:51:43,818  INFO [3dbc49bf-4c90-4e93-8481-4202505398b2 main] parse.CalcitePlanner: Completed plan generation
2024-04-24T06:51:43,818  INFO [3dbc49bf-4c90-4e93-8481-4202505398b2 main] parse.CalcitePlanner: Ending caching scope for: alex_20240424065143_609c844a-1541-426f-81fe-74967ef7cec7
2024-04-24T06:51:43,818  INFO [3dbc49bf-4c90-4e93-8481-4202505398b2 main] ql.Driver: Semantic Analysis Completed (retrial = false)
2024-04-24T06:51:43,818  INFO [3dbc49bf-4c90-4e93-8481-4202505398b2 main] ql.Driver: Created Hive schema: Schema(fieldSchemas:[FieldSchema(name:_c0, type:string, comment:null)], properties:null)
2024-04-24T06:51:43,820  INFO [3dbc49bf-4c90-4e93-8481-4202505398b2 main] exec.ListSinkOperator: Initializing Operator: LIST_SINK[3]
2024-04-24T06:51:43,820  INFO [3dbc49bf-4c90-4e93-8481-4202505398b2 main] metadata.Hive: Dumping metastore api call timing information for : compilation phase
2024-04-24T06:51:43,821  INFO [3dbc49bf-4c90-4e93-8481-4202505398b2 main] metadata.Hive: Total time spent in each metastore function (ms): {flushCache_()=0, getAllTableConstraints_(AllTableConstraintsRequest)=9, isCompatibleWith_(Configuration)=1}
2024-04-24T06:51:43,821  INFO [3dbc49bf-4c90-4e93-8481-4202505398b2 main] ql.Driver: Completed compiling command(queryId=alex_20240424065143_609c844a-1541-426f-81fe-74967ef7cec7); Time taken: 0.222 seconds
2024-04-24T06:51:43,822  INFO [3dbc49bf-4c90-4e93-8481-4202505398b2 main] common.LogUtils: Unregistered logging context.
2024-04-24T06:51:43,822  INFO [HiveServer2-Background-Pool: Thread-228] common.LogUtils: Thread context registration is done.
2024-04-24T06:51:43,822  INFO [HiveServer2-Background-Pool: Thread-228] reexec.ReExecDriver: Execution #1 of query
2024-04-24T06:51:43,823  INFO [HiveServer2-Background-Pool: Thread-228] ql.Driver: Operation QUERY obtained 2 locks
2024-04-24T06:51:43,823  INFO [HiveServer2-Background-Pool: Thread-228] ql.Driver: Executing command(queryId=alex_20240424065143_609c844a-1541-426f-81fe-74967ef7cec7): select reflect("java.lang.Thread", "sleep", bigint(1000))
PREHOOK: query: select reflect("java.lang.Thread", "sleep", bigint(1000))
2024-04-24T06:51:43,824  INFO [HiveServer2-Background-Pool: Thread-228] SessionState: PREHOOK: query: select reflect("java.lang.Thread", "sleep", bigint(1000))
PREHOOK: type: QUERY
2024-04-24T06:51:43,824  INFO [HiveServer2-Background-Pool: Thread-228] SessionState: PREHOOK: type: QUERY
PREHOOK: Input: _dummy_database@_dummy_table
2024-04-24T06:51:43,824  INFO [HiveServer2-Background-Pool: Thread-228] SessionState: PREHOOK: Input: _dummy_database@_dummy_table
PREHOOK: Output: file:/home/alex/Repositories/hive/service/target/tmp/localscratchdir/3dbc49bf-4c90-4e93-8481-4202505398b2/hive_2024-04-24_06-51-43_598_5865110628328005942-1/-mr-10001
2024-04-24T06:51:43,824  INFO [HiveServer2-Background-Pool: Thread-228] SessionState: PREHOOK: Output: file:/home/alex/Repositories/hive/service/target/tmp/localscratchdir/3dbc49bf-4c90-4e93-8481-4202505398b2/hive_2024-04-24_06-51-43_598_5865110628328005942-1/-mr-10001
2024-04-24T06:51:43,825  WARN [HiveServer2-Background-Pool: Thread-228] ql.Driver: Hive-on-MR is deprecated in Hive 2 and may not be available in the future versions. Consider using a different execution engine (i.e. spark, tez) or using Hive 1.X releases.
Query ID = alex_20240424065143_609c844a-1541-426f-81fe-74967ef7cec7
2024-04-24T06:51:43,825  INFO [HiveServer2-Background-Pool: Thread-228] ql.Driver: Query ID = alex_20240424065143_609c844a-1541-426f-81fe-74967ef7cec7
Total jobs = 1
2024-04-24T06:51:43,825  INFO [HiveServer2-Background-Pool: Thread-228] ql.Driver: Total jobs = 1
Launching Job 1 out of 1
2024-04-24T06:51:43,825  INFO [HiveServer2-Background-Pool: Thread-228] ql.Driver: Launching Job 1 out of 1
2024-04-24T06:51:43,833  INFO [HiveServer2-Background-Pool: Thread-188] mapreduce.JobSubmitter: Submitting tokens for job: job_local869396853_0004
2024-04-24T06:51:43,833  INFO [HiveServer2-Background-Pool: Thread-188] mapreduce.JobSubmitter: Executing with tokens: []
2024-04-24T06:51:43,914  INFO [HiveServer2-Background-Pool: Thread-228] ql.Driver: Starting task [Stage-1:MAPRED] in serial mode
Number of reduce tasks is set to 0 since there's no reduce operator
2024-04-24T06:51:43,914  INFO [HiveServer2-Background-Pool: Thread-228] exec.Task: Number of reduce tasks is set to 0 since there's no reduce operator
2024-04-24T06:51:43,920  INFO [HiveServer2-Background-Pool: Thread-228] mr.ExecDriver: Using org.apache.hadoop.hive.ql.io.CombineHiveInputFormat
2024-04-24T06:51:43,920  INFO [HiveServer2-Background-Pool: Thread-228] exec.Utilities: Processing alias _dummy_table
2024-04-24T06:51:43,920  INFO [HiveServer2-Background-Pool: Thread-228] exec.Utilities: Adding 1 inputs; the first input is file:/home/alex/Repositories/hive/service/target/tmp/localscratchdir/3dbc49bf-4c90-4e93-8481-4202505398b2/hive_2024-04-24_06-51-43_598_5865110628328005942-1/dummy_path
2024-04-24T06:51:43,933  INFO [HiveServer2-Background-Pool: Thread-228] exec.SerializationUtilities: Serializing MapWork using kryo
2024-04-24T06:51:43,935  INFO [HiveServer2-Background-Pool: Thread-228] exec.Utilities: Serialized plan (via FILE) - name: null size: 5,13KB
2024-04-24T06:51:43,936  WARN [HiveServer2-Background-Pool: Thread-228] impl.MetricsSystemImpl: JobTracker metrics system already initialized!
2024-04-24T06:51:43,942  INFO [HiveServer2-Background-Pool: Thread-188] mapreduce.Job: The url to track the job: http://localhost:8080/
Job running in-process (local Hadoop)2024-04-24T06:51:43,942  INFO [Thread-181] mapred.LocalJobRunner: OutputCommitter set in config org.apache.hadoop.hive.ql.io.HiveFileFormatUtils$NullOutputCommitter

2024-04-24T06:51:43,942  INFO [HiveServer2-Background-Pool: Thread-188] exec.Task: Job running in-process (local Hadoop)
2024-04-24T06:51:43,942  INFO [Thread-181] mapred.LocalJobRunner: OutputCommitter is org.apache.hadoop.hive.ql.io.HiveFileFormatUtils$NullOutputCommitter
2024-04-24T06:51:43,943  WARN [HiveServer2-Background-Pool: Thread-228] impl.MetricsSystemImpl: JobTracker metrics system already initialized!
2024-04-24T06:51:43,944  INFO [Thread-181] mapred.LocalJobRunner: Waiting for map tasks
2024-04-24T06:51:43,944  INFO [LocalJobRunner Map Task Executor #0] mapred.LocalJobRunner: Starting task: attempt_local869396853_0004_m_000000_0
2024-04-24T06:51:43,945  INFO [LocalJobRunner Map Task Executor #0] mapred.Task:  Using ResourceCalculatorProcessTree : [ ]
2024-04-24T06:51:43,946  INFO [LocalJobRunner Map Task Executor #0] mapred.MapTask: Processing split: Paths:/home/alex/Repositories/hive/service/target/tmp/localscratchdir/3dbc49bf-4c90-4e93-8481-4202505398b2/hive_2024-04-24_06-51-43_367_8196653368648216554-1/dummy_path/dummy_file:0+1InputFormatClass: org.apache.hadoop.hive.ql.io.NullRowsInputFormat

2024-04-24T06:51:43,947  INFO [LocalJobRunner Map Task Executor #0] exec.SerializationUtilities: Deserializing MapWork using kryo
2024-04-24T06:51:43,949  INFO [LocalJobRunner Map Task Executor #0] exec.Utilities: Deserialized plan (via FILE) - name: null size: 5,13KB
2024-04-24T06:51:43,949  INFO [LocalJobRunner Map Task Executor #0] mapred.MapTask: numReduceTasks: 0
2024-04-24T06:51:43,951  INFO [LocalJobRunner Map Task Executor #0] exec.MapOperator: Initializing Operator: MAP[0]
2024-04-24T06:51:43,952  INFO [LocalJobRunner Map Task Executor #0] mr.ExecMapper: 
<MAP>Id =0
  <Children>null
  <\Children>
  <Parent><\Parent>
<\MAP>
2024-04-24T06:51:43,952  WARN [HiveServer2-Background-Pool: Thread-228] mapreduce.JobResourceUploader: Hadoop command-line option parsing not performed. Implement the Tool interface and execute your application with ToolRunner to remedy this.
2024-04-24T06:51:43,953  INFO [LocalJobRunner Map Task Executor #0] exec.TableScanOperator: Initializing Operator: TS[0]
2024-04-24T06:51:43,953  INFO [LocalJobRunner Map Task Executor #0] exec.SelectOperator: Initializing Operator: SEL[1]
2024-04-24T06:51:43,953  INFO [LocalJobRunner Map Task Executor #0] exec.SelectOperator: SELECT null
2024-04-24T06:51:43,953  INFO [LocalJobRunner Map Task Executor #0] exec.FileSinkOperator: Initializing Operator: FS[2]
2024-04-24T06:51:43,954  INFO [LocalJobRunner Map Task Executor #0] exec.FileSinkOperator: Using serializer : class org.apache.hadoop.hive.serde2.lazy.LazySimpleSerDe [serdeParams=org.apache.hadoop.hive.serde2.lazy.LazySerDeParameters@222830cb, cachedObjectInspector=org.apache.hadoop.hive.serde2.lazy.objectinspector.LazySimpleStructObjectInspector<org.apache.hadoop.hive.serde2.lazy.objectinspector.primitive.LazyStringObjectInspector@5454be>, serializedSize=0, stats=org.apache.hadoop.hive.serde2.SerDeStats@691dcba9, lastOperationSerialize=false, lastOperationDeserialize=false [1, 2, 3, 4, 5, 6, 7, 8, 11, 14, 15, 16, 17, 18, 19, 20, 21, 22, 23, 24, 25, 26, 28, 29, 30, 31, -128, -127, -126, -125, -124, -123, -122, -121, -120, -119, -118, -117, -116, -115, -114, -113, -112, -111, -110, -109, -108, -107, -106, -105, -104, -103, -102, -101, -100, -99, -98, -97, -96, -95, -94, -93, -92, -91, -90, -89, -88, -87, -86, -85, -84, -83, -82, -81, -80, -79, -78, -77, -76, -75, -74, -73, -72, -71, -70, -69, -68, -67, -66, -65, -64, -63, -62, -61, -60, -59, -58, -57, -56, -55, -54, -53, -52, -51, -50, -49, -48, -47, -46, -45, -44, -43, -42, -41, -40, -39, -38, -37, -36, -35, -34, -33, -32, -31, -30, -29, -28, -27, -26, -25, -24, -23, -22, -21, -20, -19, -18, -17, -16, -15, -14, -13, -12, -11, -10, -9, -8, -7, -6, -5, -4, -3, -2, -1] : [_col0] : [string]] and formatter : org.apache.hadoop.hive.ql.io.HiveSequenceFileOutputFormat@73deda53
2024-04-24T06:51:43,959  WARN [HiveServer2-Background-Pool: Thread-228] mapreduce.JobResourceUploader: No job jar file set.  User classes may not be found. See Job or Job#setJar(String).
2024-04-24T06:51:43,959  INFO [HiveServer2-Background-Pool: Thread-228] io.CombineHiveInputFormat: Total number of paths: 1, launching 1 threads to check non-combinable ones.
2024-04-24T06:51:43,960  INFO [HiveServer2-Background-Pool: Thread-228] io.CombineHiveInputFormat: CombineHiveInputSplit creating pool for file:/home/alex/Repositories/hive/service/target/tmp/localscratchdir/3dbc49bf-4c90-4e93-8481-4202505398b2/hive_2024-04-24_06-51-43_598_5865110628328005942-1/dummy_path; using filter path file:/home/alex/Repositories/hive/service/target/tmp/localscratchdir/3dbc49bf-4c90-4e93-8481-4202505398b2/hive_2024-04-24_06-51-43_598_5865110628328005942-1/dummy_path
2024-04-24T06:51:43,967  INFO [HiveServer2-Background-Pool: Thread-228] input.FileInputFormat: Total input files to process : 1
2024-04-24T06:51:43,968  INFO [HiveServer2-Background-Pool: Thread-228] input.CombineFileInputFormat: DEBUG: Terminated node allocation with : CompletedNodes: 1, size left: 0
2024-04-24T06:51:43,968  INFO [HiveServer2-Background-Pool: Thread-228] io.CombineHiveInputFormat: Number of all splits 1
2024-04-24T06:51:43,993  INFO [HiveServer2-Background-Pool: Thread-228] mapreduce.JobSubmitter: number of splits:1
2024-04-24T06:51:44,022  INFO [HiveServer2-Background-Pool: Thread-228] mapreduce.JobSubmitter: Submitting tokens for job: job_local437502608_0005
2024-04-24T06:51:44,022  INFO [HiveServer2-Background-Pool: Thread-228] mapreduce.JobSubmitter: Executing with tokens: []
2024-04-24T06:51:44,127  INFO [HiveServer2-Background-Pool: Thread-228] mapreduce.Job: The url to track the job: http://localhost:8080/
Job running in-process (local Hadoop)
2024-04-24T06:51:44,128  INFO [Thread-211] mapred.LocalJobRunner: OutputCommitter set in config org.apache.hadoop.hive.ql.io.HiveFileFormatUtils$NullOutputCommitter
2024-04-24T06:51:44,128  INFO [HiveServer2-Background-Pool: Thread-228] exec.Task: Job running in-process (local Hadoop)
2024-04-24T06:51:44,128  INFO [Thread-211] mapred.LocalJobRunner: OutputCommitter is org.apache.hadoop.hive.ql.io.HiveFileFormatUtils$NullOutputCommitter
2024-04-24T06:51:44,130  INFO [Thread-211] mapred.LocalJobRunner: Waiting for map tasks
2024-04-24T06:51:44,130  INFO [LocalJobRunner Map Task Executor #0] mapred.LocalJobRunner: Starting task: attempt_local437502608_0005_m_000000_0
2024-04-24T06:51:44,131  INFO [LocalJobRunner Map Task Executor #0] mapred.Task:  Using ResourceCalculatorProcessTree : [ ]
2024-04-24T06:51:44,132  INFO [LocalJobRunner Map Task Executor #0] mapred.MapTask: Processing split: Paths:/home/alex/Repositories/hive/service/target/tmp/localscratchdir/3dbc49bf-4c90-4e93-8481-4202505398b2/hive_2024-04-24_06-51-43_598_5865110628328005942-1/dummy_path/dummy_file:0+1InputFormatClass: org.apache.hadoop.hive.ql.io.NullRowsInputFormat

2024-04-24T06:51:44,133  INFO [LocalJobRunner Map Task Executor #0] exec.SerializationUtilities: Deserializing MapWork using kryo
2024-04-24T06:51:44,135  INFO [LocalJobRunner Map Task Executor #0] exec.Utilities: Deserialized plan (via FILE) - name: null size: 5,13KB
2024-04-24T06:51:44,135  INFO [LocalJobRunner Map Task Executor #0] mapred.MapTask: numReduceTasks: 0
2024-04-24T06:51:44,136  INFO [LocalJobRunner Map Task Executor #0] exec.MapOperator: Initializing Operator: MAP[0]
2024-04-24T06:51:44,137  INFO [LocalJobRunner Map Task Executor #0] mr.ExecMapper: 
<MAP>Id =0
  <Children>null
  <\Children>
  <Parent><\Parent>
<\MAP>
2024-04-24T06:51:44,138  INFO [LocalJobRunner Map Task Executor #0] exec.TableScanOperator: Initializing Operator: TS[0]
2024-04-24T06:51:44,138  INFO [LocalJobRunner Map Task Executor #0] exec.SelectOperator: Initializing Operator: SEL[1]
2024-04-24T06:51:44,138  INFO [LocalJobRunner Map Task Executor #0] exec.SelectOperator: SELECT null
2024-04-24T06:51:44,139  INFO [LocalJobRunner Map Task Executor #0] exec.FileSinkOperator: Initializing Operator: FS[2]
2024-04-24T06:51:44,141  INFO [LocalJobRunner Map Task Executor #0] exec.FileSinkOperator: Using serializer : class org.apache.hadoop.hive.serde2.lazy.LazySimpleSerDe [serdeParams=org.apache.hadoop.hive.serde2.lazy.LazySerDeParameters@607e3be, cachedObjectInspector=org.apache.hadoop.hive.serde2.lazy.objectinspector.LazySimpleStructObjectInspector<org.apache.hadoop.hive.serde2.lazy.objectinspector.primitive.LazyStringObjectInspector@5454be>, serializedSize=0, stats=org.apache.hadoop.hive.serde2.SerDeStats@1d659a85, lastOperationSerialize=false, lastOperationDeserialize=false [1, 2, 3, 4, 5, 6, 7, 8, 11, 14, 15, 16, 17, 18, 19, 20, 21, 22, 23, 24, 25, 26, 28, 29, 30, 31, -128, -127, -126, -125, -124, -123, -122, -121, -120, -119, -118, -117, -116, -115, -114, -113, -112, -111, -110, -109, -108, -107, -106, -105, -104, -103, -102, -101, -100, -99, -98, -97, -96, -95, -94, -93, -92, -91, -90, -89, -88, -87, -86, -85, -84, -83, -82, -81, -80, -79, -78, -77, -76, -75, -74, -73, -72, -71, -70, -69, -68, -67, -66, -65, -64, -63, -62, -61, -60, -59, -58, -57, -56, -55, -54, -53, -52, -51, -50, -49, -48, -47, -46, -45, -44, -43, -42, -41, -40, -39, -38, -37, -36, -35, -34, -33, -32, -31, -30, -29, -28, -27, -26, -25, -24, -23, -22, -21, -20, -19, -18, -17, -16, -15, -14, -13, -12, -11, -10, -9, -8, -7, -6, -5, -4, -3, -2, -1] : [_col0] : [string]] and formatter : org.apache.hadoop.hive.ql.io.HiveSequenceFileOutputFormat@7e0bf55c
2024-04-24T06:51:44,347  INFO [main] service.CompositeService: Session closed, SessionHandle [3dbc49bf-4c90-4e93-8481-4202505398b2], current sessions:0
2024-04-24T06:51:44,348  INFO [3dbc49bf-4c90-4e93-8481-4202505398b2 main] operation.OperationManager: Closing operation: OperationHandle [opType=EXECUTE_STATEMENT, getHandleIdentifier()=c84d2dc0-c933-4b90-9381-1baa24c03c8f]
2024-04-24T06:51:44,348  INFO [3dbc49bf-4c90-4e93-8481-4202505398b2 main] operation.OperationManager: Removed queryId: alex_20240424065143_6332e3a2-6970-462f-be53-84719a341450 corresponding to operation: OperationHandle [opType=EXECUTE_STATEMENT, getHandleIdentifier()=c84d2dc0-c933-4b90-9381-1baa24c03c8f] with tag: null
2024-04-24T06:51:44,349  INFO [3dbc49bf-4c90-4e93-8481-4202505398b2 main] operation.SQLOperation: The running operation has been successfully interrupted: alex_20240424065143_6332e3a2-6970-462f-be53-84719a341450
2024-04-24T06:51:44,350  WARN [3dbc49bf-4c90-4e93-8481-4202505398b2 main] ql.Driver: Shutting down task : Stage-1:MAPRED
UDFReflect evaluate java.lang.reflect.InvocationTargetException method = public static native void java.lang.Thread.sleep(long) throws java.lang.InterruptedException args = [1000]
2024-04-24T06:51:44,352  INFO [3dbc49bf-4c90-4e93-8481-4202505398b2 main] ql.Context: Deleting scratch dir: file:/home/alex/Repositories/hive/service/target/tmp/localscratchdir/3dbc49bf-4c90-4e93-8481-4202505398b2/hive_2024-04-24_06-51-43_367_8196653368648216554-1
2024-04-24T06:51:44,352  WARN [HiveServer2-Background-Pool: Thread-188] mapreduce.Counters: Group org.apache.hadoop.mapred.Task$Counter is deprecated. Use org.apache.hadoop.mapreduce.TaskCounter instead
2024-04-24T06:51:44,351  WARN [Thread-181] mapred.LocalJobRunner: job_local869396853_0004
java.lang.InterruptedException: null
	at java.util.concurrent.locks.AbstractQueuedSynchronizer$ConditionObject.reportInterruptAfterWait(AbstractQueuedSynchronizer.java:2014) ~[?:1.8.0_402]
	at java.util.concurrent.locks.AbstractQueuedSynchronizer$ConditionObject.awaitNanos(AbstractQueuedSynchronizer.java:2088) ~[?:1.8.0_402]
	at java.util.concurrent.ThreadPoolExecutor.awaitTermination(ThreadPoolExecutor.java:1475) ~[?:1.8.0_402]
	at org.apache.hadoop.mapred.LocalJobRunner$Job.runTasks(LocalJobRunner.java:479) ~[hadoop-mapreduce-client-common-3.1.0.jar:?]
	at org.apache.hadoop.mapred.LocalJobRunner$Job.run(LocalJobRunner.java:552) [hadoop-mapreduce-client-common-3.1.0.jar:?]
2024-04-24T06:51:44,352  INFO [LocalJobRunner Map Task Executor #0] exec.FileSinkOperator: Final Path: FS file:/home/alex/Repositories/hive/service/target/tmp/localscratchdir/3dbc49bf-4c90-4e93-8481-4202505398b2/hive_2024-04-24_06-51-43_367_8196653368648216554-1/-mr-10001/.hive-staging_hive_2024-04-24_06-51-43_367_8196653368648216554-1/_tmp.-ext-10002/000000_0
2024-04-24 06:51:44,351 Stage-1 map = 0%,  reduce = 0%
2024-04-24T06:51:44,352  INFO [HiveServer2-Background-Pool: Thread-188] exec.Task: 2024-04-24 06:51:44,351 Stage-1 map = 0%,  reduce = 0%
2024-04-24T06:51:44,352  INFO [LocalJobRunner Map Task Executor #0] exec.FileSinkOperator: Writing to temp file: FS file:/home/alex/Repositories/hive/service/target/tmp/localscratchdir/3dbc49bf-4c90-4e93-8481-4202505398b2/hive_2024-04-24_06-51-43_367_8196653368648216554-1/-mr-10001/.hive-staging_hive_2024-04-24_06-51-43_367_8196653368648216554-1/_task_tmp.-ext-10002/_tmp.000000_0
2024-04-24T06:51:44,352  INFO [LocalJobRunner Map Task Executor #0] exec.FileSinkOperator: New Final Path: FS file:/home/alex/Repositories/hive/service/target/tmp/localscratchdir/3dbc49bf-4c90-4e93-8481-4202505398b2/hive_2024-04-24_06-51-43_367_8196653368648216554-1/-mr-10001/.hive-staging_hive_2024-04-24_06-51-43_367_8196653368648216554-1/_tmp.-ext-10002/000000_0
2024-04-24T06:51:44,353  INFO [3dbc49bf-4c90-4e93-8481-4202505398b2 main] cleanup.EventualCleanupService: Delete file:/home/alex/Repositories/hive/service/target/tmp/localscratchdir/3dbc49bf-4c90-4e93-8481-4202505398b2/hive_2024-04-24_06-51-43_367_8196653368648216554-1 operation was queued
2024-04-24T06:51:44,353  INFO [3dbc49bf-4c90-4e93-8481-4202505398b2 main] ql.Context: Deleting scratch dir: file:/home/alex/Repositories/hive/service/target/tmp/localscratchdir/3dbc49bf-4c90-4e93-8481-4202505398b2/hive_2024-04-24_06-51-43_367_8196653368648216554-4
2024-04-24T06:51:44,353  INFO [3dbc49bf-4c90-4e93-8481-4202505398b2 main] cleanup.EventualCleanupService: Delete file:/home/alex/Repositories/hive/service/target/tmp/localscratchdir/3dbc49bf-4c90-4e93-8481-4202505398b2/hive_2024-04-24_06-51-43_367_8196653368648216554-4 operation was queued
2024-04-24T06:51:44,354  WARN [HiveServer2-Background-Pool: Thread-188] mapreduce.Counters: Group org.apache.hadoop.mapred.Task$Counter is deprecated. Use org.apache.hadoop.mapreduce.TaskCounter instead
2024-04-24T06:51:44,355  INFO [3dbc49bf-4c90-4e93-8481-4202505398b2 main] exec.ListSinkOperator: Closing Operator: LIST_SINK[3]
2024-04-24T06:51:44,355  WARN [EventualCleanupService thread 0] fs.FileUtil: Failed to delete file or dir [/home/alex/Repositories/hive/service/target/tmp/localscratchdir/3dbc49bf-4c90-4e93-8481-4202505398b2/hive_2024-04-24_06-51-43_367_8196653368648216554-1]: it still exists.
2024-04-24T06:51:44,356  INFO [EventualCleanupService thread 0] cleanup.EventualCleanupService: Deleted file:/home/alex/Repositories/hive/service/target/tmp/localscratchdir/3dbc49bf-4c90-4e93-8481-4202505398b2/hive_2024-04-24_06-51-43_367_8196653368648216554-1
Ended Job = job_local869396853_0004 with errors
2024-04-24T06:51:44,356  INFO [3dbc49bf-4c90-4e93-8481-4202505398b2 main] exec.ListSinkOperator: RECORDS_OUT_OPERATOR_LIST_SINK_3:0, RECORDS_OUT_INTERMEDIATE:0, 
2024-04-24T06:51:44,356  INFO [EventualCleanupService thread 1] cleanup.EventualCleanupService: Deleted file:/home/alex/Repositories/hive/service/target/tmp/localscratchdir/3dbc49bf-4c90-4e93-8481-4202505398b2/hive_2024-04-24_06-51-43_367_8196653368648216554-4
2024-04-24T06:51:44,356 ERROR [HiveServer2-Background-Pool: Thread-188] exec.Task: Ended Job = job_local869396853_0004 with errors
2024-04-24T06:51:44,357  INFO [3dbc49bf-4c90-4e93-8481-4202505398b2 main] operation.SQLOperation: Closing operation log /home/alex/Repositories/hive/service/target/tmp/alex/operation_logs/3dbc49bf-4c90-4e93-8481-4202505398b2/alex_20240424065143_6332e3a2-6970-462f-be53-84719a341450 without delay
2024-04-24T06:51:44,358  INFO [3dbc49bf-4c90-4e93-8481-4202505398b2 main] operation.OperationManager: Closing operation: OperationHandle [opType=EXECUTE_STATEMENT, getHandleIdentifier()=7babd6ef-34f2-489b-b8eb-9856309b0e16]
2024-04-24T06:51:44,358  INFO [3dbc49bf-4c90-4e93-8481-4202505398b2 main] operation.OperationManager: Removed queryId: alex_20240424065136_755b7108-b075-4060-ac91-fd6ff528ddb9 corresponding to operation: OperationHandle [opType=EXECUTE_STATEMENT, getHandleIdentifier()=7babd6ef-34f2-489b-b8eb-9856309b0e16] with tag: null
2024-04-24T06:51:44,360  INFO [3dbc49bf-4c90-4e93-8481-4202505398b2 main] ql.Context: Deleting scratch dir: file:/home/alex/Repositories/hive/service/target/tmp/localscratchdir/3dbc49bf-4c90-4e93-8481-4202505398b2/hive_2024-04-24_06-51-36_490_2508475024988604068-1
2024-04-24T06:51:44,360  INFO [3dbc49bf-4c90-4e93-8481-4202505398b2 main] cleanup.EventualCleanupService: Delete file:/home/alex/Repositories/hive/service/target/tmp/localscratchdir/3dbc49bf-4c90-4e93-8481-4202505398b2/hive_2024-04-24_06-51-36_490_2508475024988604068-1 operation was queued
2024-04-24T06:51:44,360  INFO [3dbc49bf-4c90-4e93-8481-4202505398b2 main] exec.ListSinkOperator: Closing Operator: LIST_SINK[3]
2024-04-24T06:51:44,361  INFO [3dbc49bf-4c90-4e93-8481-4202505398b2 main] exec.ListSinkOperator: RECORDS_OUT_OPERATOR_LIST_SINK_3:0, RECORDS_OUT_INTERMEDIATE:0, 
2024-04-24T06:51:44,362  INFO [3dbc49bf-4c90-4e93-8481-4202505398b2 main] operation.SQLOperation: Closing operation log /home/alex/Repositories/hive/service/target/tmp/alex/operation_logs/3dbc49bf-4c90-4e93-8481-4202505398b2/alex_20240424065136_755b7108-b075-4060-ac91-fd6ff528ddb9 without delay
2024-04-24T06:51:44,362  INFO [3dbc49bf-4c90-4e93-8481-4202505398b2 main] operation.OperationManager: Closing operation: OperationHandle [opType=EXECUTE_STATEMENT, getHandleIdentifier()=4e803128-c21e-451d-b4f5-0a9d92868c79]
Error during job, obtaining debugging information...
2024-04-24T06:51:44,362 ERROR [Thread-217] exec.Task: Error during job, obtaining debugging information...
2024-04-24T06:51:44,362  INFO [3dbc49bf-4c90-4e93-8481-4202505398b2 main] operation.OperationManager: Removed queryId: alex_20240424065142_36b9cc5a-7f5c-46ff-b81f-d2b0e43b3bbc corresponding to operation: OperationHandle [opType=EXECUTE_STATEMENT, getHandleIdentifier()=4e803128-c21e-451d-b4f5-0a9d92868c79] with tag: null
2024-04-24T06:51:44,362  INFO [3dbc49bf-4c90-4e93-8481-4202505398b2 main] operation.SQLOperation: The running operation has been successfully interrupted: alex_20240424065142_36b9cc5a-7f5c-46ff-b81f-d2b0e43b3bbc
2024-04-24T06:51:44,365  INFO [EventualCleanupService thread 2] cleanup.EventualCleanupService: Deleted file:/home/alex/Repositories/hive/service/target/tmp/localscratchdir/3dbc49bf-4c90-4e93-8481-4202505398b2/hive_2024-04-24_06-51-36_490_2508475024988604068-1
2024-04-24T06:51:44,365  WARN [3dbc49bf-4c90-4e93-8481-4202505398b2 main] ql.Driver: Shutting down task : Stage-1:MAPRED
2024-04-24T06:51:44,366  WARN [HiveServer2-Background-Pool: Thread-114] mapreduce.Counters: Group org.apache.hadoop.mapred.Task$Counter is deprecated. Use org.apache.hadoop.mapreduce.TaskCounter instead
2024-04-24 06:51:44,365 Stage-1 map = 0%,  reduce = 0%
2024-04-24T06:51:44,366  INFO [HiveServer2-Background-Pool: Thread-114] exec.Task: 2024-04-24 06:51:44,365 Stage-1 map = 0%,  reduce = 0%
UDFReflect evaluate java.lang.reflect.InvocationTargetException method = public static native void java.lang.Thread.sleep(long) throws java.lang.InterruptedException args = [1000]
2024-04-24T06:51:44,368  WARN [Thread-107] mapred.LocalJobRunner: job_local1531387838_0002
java.lang.InterruptedException: null
	at java.util.concurrent.locks.AbstractQueuedSynchronizer$ConditionObject.reportInterruptAfterWait(AbstractQueuedSynchronizer.java:2014) ~[?:1.8.0_402]
	at java.util.concurrent.locks.AbstractQueuedSynchronizer$ConditionObject.awaitNanos(AbstractQueuedSynchronizer.java:2088) ~[?:1.8.0_402]
	at java.util.concurrent.ThreadPoolExecutor.awaitTermination(ThreadPoolExecutor.java:1475) ~[?:1.8.0_402]
	at org.apache.hadoop.mapred.LocalJobRunner$Job.runTasks(LocalJobRunner.java:479) ~[hadoop-mapreduce-client-common-3.1.0.jar:?]
	at org.apache.hadoop.mapred.LocalJobRunner$Job.run(LocalJobRunner.java:552) [hadoop-mapreduce-client-common-3.1.0.jar:?]
2024-04-24T06:51:44,368  INFO [LocalJobRunner Map Task Executor #0] exec.FileSinkOperator: Final Path: FS file:/home/alex/Repositories/hive/service/target/tmp/localscratchdir/3dbc49bf-4c90-4e93-8481-4202505398b2/hive_2024-04-24_06-51-42_899_1888890263969417252-1/-mr-10001/.hive-staging_hive_2024-04-24_06-51-42_899_1888890263969417252-1/_tmp.-ext-10002/000000_0
2024-04-24T06:51:44,369  INFO [LocalJobRunner Map Task Executor #0] exec.FileSinkOperator: Writing to temp file: FS file:/home/alex/Repositories/hive/service/target/tmp/localscratchdir/3dbc49bf-4c90-4e93-8481-4202505398b2/hive_2024-04-24_06-51-42_899_1888890263969417252-1/-mr-10001/.hive-staging_hive_2024-04-24_06-51-42_899_1888890263969417252-1/_task_tmp.-ext-10002/_tmp.000000_0
2024-04-24T06:51:44,369  INFO [LocalJobRunner Map Task Executor #0] exec.FileSinkOperator: New Final Path: FS file:/home/alex/Repositories/hive/service/target/tmp/localscratchdir/3dbc49bf-4c90-4e93-8481-4202505398b2/hive_2024-04-24_06-51-42_899_1888890263969417252-1/-mr-10001/.hive-staging_hive_2024-04-24_06-51-42_899_1888890263969417252-1/_tmp.-ext-10002/000000_0
2024-04-24T06:51:44,370  INFO [3dbc49bf-4c90-4e93-8481-4202505398b2 main] ql.Context: Deleting scratch dir: file:/home/alex/Repositories/hive/service/target/tmp/localscratchdir/3dbc49bf-4c90-4e93-8481-4202505398b2/hive_2024-04-24_06-51-42_899_1888890263969417252-2
2024-04-24T06:51:44,370  WARN [HiveServer2-Background-Pool: Thread-114] mapreduce.Counters: Group org.apache.hadoop.mapred.Task$Counter is deprecated. Use org.apache.hadoop.mapreduce.TaskCounter instead
2024-04-24T06:51:44,370  INFO [3dbc49bf-4c90-4e93-8481-4202505398b2 main] cleanup.EventualCleanupService: Delete file:/home/alex/Repositories/hive/service/target/tmp/localscratchdir/3dbc49bf-4c90-4e93-8481-4202505398b2/hive_2024-04-24_06-51-42_899_1888890263969417252-2 operation was queued
2024-04-24T06:51:44,371  INFO [3dbc49bf-4c90-4e93-8481-4202505398b2 main] ql.Context: Deleting scratch dir: file:/home/alex/Repositories/hive/service/target/tmp/localscratchdir/3dbc49bf-4c90-4e93-8481-4202505398b2/hive_2024-04-24_06-51-42_899_1888890263969417252-1
2024-04-24T06:51:44,373  INFO [3dbc49bf-4c90-4e93-8481-4202505398b2 main] cleanup.EventualCleanupService: Delete file:/home/alex/Repositories/hive/service/target/tmp/localscratchdir/3dbc49bf-4c90-4e93-8481-4202505398b2/hive_2024-04-24_06-51-42_899_1888890263969417252-1 operation was queued
2024-04-24T06:51:44,374  INFO [3dbc49bf-4c90-4e93-8481-4202505398b2 main] exec.ListSinkOperator: Closing Operator: LIST_SINK[3]
2024-04-24T06:51:44,374  INFO [EventualCleanupService thread 3] cleanup.EventualCleanupService: Deleted file:/home/alex/Repositories/hive/service/target/tmp/localscratchdir/3dbc49bf-4c90-4e93-8481-4202505398b2/hive_2024-04-24_06-51-42_899_1888890263969417252-2
2024-04-24T06:51:44,376  INFO [3dbc49bf-4c90-4e93-8481-4202505398b2 main] exec.ListSinkOperator: RECORDS_OUT_OPERATOR_LIST_SINK_3:0, RECORDS_OUT_INTERMEDIATE:0, 
2024-04-24T06:51:44,379  INFO [EventualCleanupService thread 4] cleanup.EventualCleanupService: Deleted file:/home/alex/Repositories/hive/service/target/tmp/localscratchdir/3dbc49bf-4c90-4e93-8481-4202505398b2/hive_2024-04-24_06-51-42_899_1888890263969417252-1
Ended Job = job_local1531387838_0002 with errors
2024-04-24T06:51:44,380  INFO [3dbc49bf-4c90-4e93-8481-4202505398b2 main] operation.SQLOperation: Closing operation log /home/alex/Repositories/hive/service/target/tmp/alex/operation_logs/3dbc49bf-4c90-4e93-8481-4202505398b2/alex_20240424065142_36b9cc5a-7f5c-46ff-b81f-d2b0e43b3bbc without delay
2024-04-24T06:51:44,381 ERROR [HiveServer2-Background-Pool: Thread-114] exec.Task: Ended Job = job_local1531387838_0002 with errors
2024-04-24T06:51:44,380  INFO [HiveServer2-Background-Pool: Thread-188] reexec.ReOptimizePlugin: ReOptimization: retryPossible: false
2024-04-24T06:51:44,381  INFO [3dbc49bf-4c90-4e93-8481-4202505398b2 main] operation.OperationManager: Closing operation: OperationHandle [opType=EXECUTE_STATEMENT, getHandleIdentifier()=cc6883ab-060f-4ac6-a79d-d8616219106b]
2024-04-24T06:51:44,381  INFO [3dbc49bf-4c90-4e93-8481-4202505398b2 main] operation.OperationManager: Removed queryId: alex_20240424065143_e2cc8721-1ec1-49a7-9cf9-f95ba0e80ff4 corresponding to operation: OperationHandle [opType=EXECUTE_STATEMENT, getHandleIdentifier()=cc6883ab-060f-4ac6-a79d-d8616219106b] with tag: null
FAILED: Operation cancelled
Error during job, obtaining debugging information...
2024-04-24T06:51:44,383 ERROR [Thread-220] exec.Task: Error during job, obtaining debugging information...
2024-04-24T06:51:44,384 ERROR [HiveServer2-Background-Pool: Thread-188] ql.Driver: FAILED: Operation cancelled
2024-04-24T06:51:44,385  INFO [HiveServer2-Background-Pool: Thread-188] metadata.Hive: Dumping metastore api call timing information for : execution phase
2024-04-24T06:51:44,386  INFO [HiveServer2-Background-Pool: Thread-188] metadata.Hive: Total time spent in each metastore function (ms): {}
MapReduce Jobs Launched: 
2024-04-24T06:51:44,387  INFO [HiveServer2-Background-Pool: Thread-188] ql.Driver: MapReduce Jobs Launched: 
2024-04-24T06:51:44,387  INFO [3dbc49bf-4c90-4e93-8481-4202505398b2 main] operation.SQLOperation: The running operation has been successfully interrupted: alex_20240424065143_e2cc8721-1ec1-49a7-9cf9-f95ba0e80ff4
2024-04-24T06:51:44,389  WARN [3dbc49bf-4c90-4e93-8481-4202505398b2 main] ql.Driver: Shutting down task : Stage-1:MAPRED
2024-04-24T06:51:44,389  WARN [HiveServer2-Background-Pool: Thread-188] mapreduce.Counters: Group FileSystemCounters is deprecated. Use org.apache.hadoop.mapreduce.FileSystemCounter instead
2024-04-24T06:51:44,393  INFO [3dbc49bf-4c90-4e93-8481-4202505398b2 main] ql.Context: Deleting scratch dir: file:/home/alex/Repositories/hive/service/target/tmp/localscratchdir/3dbc49bf-4c90-4e93-8481-4202505398b2/hive_2024-04-24_06-51-43_128_8739881805800958792-1
2024-04-24T06:51:44,393  INFO [3dbc49bf-4c90-4e93-8481-4202505398b2 main] cleanup.EventualCleanupService: Delete file:/home/alex/Repositories/hive/service/target/tmp/localscratchdir/3dbc49bf-4c90-4e93-8481-4202505398b2/hive_2024-04-24_06-51-43_128_8739881805800958792-1 operation was queued
2024-04-24T06:51:44,394  INFO [3dbc49bf-4c90-4e93-8481-4202505398b2 main] ql.Context: Deleting scratch dir: file:/home/alex/Repositories/hive/service/target/tmp/localscratchdir/3dbc49bf-4c90-4e93-8481-4202505398b2/hive_2024-04-24_06-51-43_128_8739881805800958792-3
2024-04-24T06:51:44,394  INFO [3dbc49bf-4c90-4e93-8481-4202505398b2 main] cleanup.EventualCleanupService: Delete file:/home/alex/Repositories/hive/service/target/tmp/localscratchdir/3dbc49bf-4c90-4e93-8481-4202505398b2/hive_2024-04-24_06-51-43_128_8739881805800958792-3 operation was queued
2024-04-24T06:51:44,394  WARN [HiveServer2-Background-Pool: Thread-148] mapreduce.Counters: Group org.apache.hadoop.mapred.Task$Counter is deprecated. Use org.apache.hadoop.mapreduce.TaskCounter instead
UDFReflect evaluate java.lang.reflect.InvocationTargetException method = public static native void java.lang.Thread.sleep(long) throws java.lang.InterruptedException args = [1000]
2024-04-24 06:51:44,394 Stage-1 map = 0%,  reduce = 0%
2024-04-24T06:51:44,395  INFO [HiveServer2-Background-Pool: Thread-148] exec.Task: 2024-04-24 06:51:44,394 Stage-1 map = 0%,  reduce = 0%
2024-04-24T06:51:44,395  WARN [Thread-144] mapred.LocalJobRunner: job_local1609268355_0003
java.lang.InterruptedException: null
	at java.util.concurrent.locks.AbstractQueuedSynchronizer$ConditionObject.reportInterruptAfterWait(AbstractQueuedSynchronizer.java:2014) ~[?:1.8.0_402]
	at java.util.concurrent.locks.AbstractQueuedSynchronizer$ConditionObject.awaitNanos(AbstractQueuedSynchronizer.java:2088) ~[?:1.8.0_402]
	at java.util.concurrent.ThreadPoolExecutor.awaitTermination(ThreadPoolExecutor.java:1475) ~[?:1.8.0_402]
	at org.apache.hadoop.mapred.LocalJobRunner$Job.runTasks(LocalJobRunner.java:479) ~[hadoop-mapreduce-client-common-3.1.0.jar:?]
	at org.apache.hadoop.mapred.LocalJobRunner$Job.run(LocalJobRunner.java:552) [hadoop-mapreduce-client-common-3.1.0.jar:?]
Stage-Stage-1:  HDFS Read: 0 HDFS Write: 0 FAIL
2024-04-24T06:51:44,395  INFO [LocalJobRunner Map Task Executor #0] exec.FileSinkOperator: Final Path: FS file:/home/alex/Repositories/hive/service/target/tmp/localscratchdir/3dbc49bf-4c90-4e93-8481-4202505398b2/hive_2024-04-24_06-51-43_128_8739881805800958792-1/-mr-10001/.hive-staging_hive_2024-04-24_06-51-43_128_8739881805800958792-1/_tmp.-ext-10002/000000_0
2024-04-24T06:51:44,395  INFO [HiveServer2-Background-Pool: Thread-188] ql.Driver: Stage-Stage-1:  HDFS Read: 0 HDFS Write: 0 FAIL
2024-04-24T06:51:44,395  INFO [LocalJobRunner Map Task Executor #0] exec.FileSinkOperator: Writing to temp file: FS file:/home/alex/Repositories/hive/service/target/tmp/localscratchdir/3dbc49bf-4c90-4e93-8481-4202505398b2/hive_2024-04-24_06-51-43_128_8739881805800958792-1/-mr-10001/.hive-staging_hive_2024-04-24_06-51-43_128_8739881805800958792-1/_task_tmp.-ext-10002/_tmp.000000_0
2024-04-24T06:51:44,396  INFO [LocalJobRunner Map Task Executor #0] exec.FileSinkOperator: New Final Path: FS file:/home/alex/Repositories/hive/service/target/tmp/localscratchdir/3dbc49bf-4c90-4e93-8481-4202505398b2/hive_2024-04-24_06-51-43_128_8739881805800958792-1/-mr-10001/.hive-staging_hive_2024-04-24_06-51-43_128_8739881805800958792-1/_tmp.-ext-10002/000000_0
2024-04-24T06:51:44,396  WARN [HiveServer2-Background-Pool: Thread-148] mapreduce.Counters: Group org.apache.hadoop.mapred.Task$Counter is deprecated. Use org.apache.hadoop.mapreduce.TaskCounter instead
Total MapReduce CPU Time Spent: 0 msec
2024-04-24T06:51:44,398  INFO [HiveServer2-Background-Pool: Thread-188] ql.Driver: Total MapReduce CPU Time Spent: 0 msec
2024-04-24T06:51:44,398  INFO [EventualCleanupService thread 5] cleanup.EventualCleanupService: Deleted file:/home/alex/Repositories/hive/service/target/tmp/localscratchdir/3dbc49bf-4c90-4e93-8481-4202505398b2/hive_2024-04-24_06-51-43_128_8739881805800958792-1
2024-04-24T06:51:44,399  INFO [HiveServer2-Background-Pool: Thread-188] ql.Driver: Executing command(queryId=alex_20240424065143_6332e3a2-6970-462f-be53-84719a341450) has been interrupted after 0.797 seconds
2024-04-24T06:51:44,399  INFO [3dbc49bf-4c90-4e93-8481-4202505398b2 main] exec.ListSinkOperator: Closing Operator: LIST_SINK[3]
2024-04-24T06:51:44,400  INFO [3dbc49bf-4c90-4e93-8481-4202505398b2 main] exec.ListSinkOperator: RECORDS_OUT_OPERATOR_LIST_SINK_3:0, RECORDS_OUT_INTERMEDIATE:0, 
2024-04-24T06:51:44,400  INFO [3dbc49bf-4c90-4e93-8481-4202505398b2 main] operation.SQLOperation: Closing operation log /home/alex/Repositories/hive/service/target/tmp/alex/operation_logs/3dbc49bf-4c90-4e93-8481-4202505398b2/alex_20240424065143_e2cc8721-1ec1-49a7-9cf9-f95ba0e80ff4 without delay
2024-04-24T06:51:44,400  INFO [EventualCleanupService thread 5] cleanup.EventualCleanupService: Deleted file:/home/alex/Repositories/hive/service/target/tmp/localscratchdir/3dbc49bf-4c90-4e93-8481-4202505398b2/hive_2024-04-24_06-51-43_128_8739881805800958792-3
2024-04-24T06:51:44,401  INFO [3dbc49bf-4c90-4e93-8481-4202505398b2 main] operation.OperationManager: Closing operation: OperationHandle [opType=EXECUTE_STATEMENT, getHandleIdentifier()=ae474953-6655-47f5-a93c-75919182f92a]
2024-04-24T06:51:44,401  INFO [3dbc49bf-4c90-4e93-8481-4202505398b2 main] operation.OperationManager: Removed queryId: alex_20240424065143_609c844a-1541-426f-81fe-74967ef7cec7 corresponding to operation: OperationHandle [opType=EXECUTE_STATEMENT, getHandleIdentifier()=ae474953-6655-47f5-a93c-75919182f92a] with tag: null
2024-04-24T06:51:44,401  INFO [3dbc49bf-4c90-4e93-8481-4202505398b2 main] operation.SQLOperation: The running operation has been successfully interrupted: alex_20240424065143_609c844a-1541-426f-81fe-74967ef7cec7
2024-04-24T06:51:44,407  WARN [3dbc49bf-4c90-4e93-8481-4202505398b2 main] ql.Driver: Shutting down task : Stage-1:MAPRED
Ended Job = job_local1609268355_0003 with errors2024-04-24T06:51:44,411  WARN [HiveServer2-Background-Pool: Thread-228] mapreduce.Counters: Group org.apache.hadoop.mapred.Task$Counter is deprecated. Use org.apache.hadoop.mapreduce.TaskCounter instead
2024-04-24 06:51:44,410 Stage-1 map = 0%,  reduce = 0%
2024-04-24T06:51:44,418  INFO [HiveServer2-Background-Pool: Thread-228] exec.Task: 2024-04-24 06:51:44,410 Stage-1 map = 0%,  reduce = 0%
2024-04-24T06:51:44,412  INFO [HiveServer2-Background-Pool: Thread-114] reexec.ReOptimizePlugin: ReOptimization: retryPossible: false
2024-04-24T06:51:44,415  INFO [3dbc49bf-4c90-4e93-8481-4202505398b2 main] ql.Context: Deleting scratch dir: file:/home/alex/Repositories/hive/service/target/tmp/localscratchdir/3dbc49bf-4c90-4e93-8481-4202505398b2/hive_2024-04-24_06-51-43_598_5865110628328005942-5
2024-04-24T06:51:44,419  INFO [3dbc49bf-4c90-4e93-8481-4202505398b2 main] cleanup.EventualCleanupService: Delete file:/home/alex/Repositories/hive/service/target/tmp/localscratchdir/3dbc49bf-4c90-4e93-8481-4202505398b2/hive_2024-04-24_06-51-43_598_5865110628328005942-5 operation was queued
UDFReflect evaluate java.lang.reflect.InvocationTargetException method = public static native void java.lang.Thread.sleep(long) throws java.lang.InterruptedException args = [1000]
2024-04-24T06:51:44,420  INFO [LocalJobRunner Map Task Executor #0] exec.FileSinkOperator: Final Path: FS file:/home/alex/Repositories/hive/service/target/tmp/localscratchdir/3dbc49bf-4c90-4e93-8481-4202505398b2/hive_2024-04-24_06-51-43_598_5865110628328005942-1/-mr-10001/.hive-staging_hive_2024-04-24_06-51-43_598_5865110628328005942-1/_tmp.-ext-10002/000000_0
2024-04-24T06:51:44,420  INFO [LocalJobRunner Map Task Executor #0] exec.FileSinkOperator: Writing to temp file: FS file:/home/alex/Repositories/hive/service/target/tmp/localscratchdir/3dbc49bf-4c90-4e93-8481-4202505398b2/hive_2024-04-24_06-51-43_598_5865110628328005942-1/-mr-10001/.hive-staging_hive_2024-04-24_06-51-43_598_5865110628328005942-1/_task_tmp.-ext-10002/_tmp.000000_0
2024-04-24T06:51:44,420  INFO [LocalJobRunner Map Task Executor #0] exec.FileSinkOperator: New Final Path: FS file:/home/alex/Repositories/hive/service/target/tmp/localscratchdir/3dbc49bf-4c90-4e93-8481-4202505398b2/hive_2024-04-24_06-51-43_598_5865110628328005942-1/-mr-10001/.hive-staging_hive_2024-04-24_06-51-43_598_5865110628328005942-1/_tmp.-ext-10002/000000_0
2024-04-24T06:51:44,420  INFO [3dbc49bf-4c90-4e93-8481-4202505398b2 main] ql.Context: Deleting scratch dir: file:/home/alex/Repositories/hive/service/target/tmp/localscratchdir/3dbc49bf-4c90-4e93-8481-4202505398b2/hive_2024-04-24_06-51-43_598_5865110628328005942-1
2024-04-24T06:51:44,421  INFO [3dbc49bf-4c90-4e93-8481-4202505398b2 main] cleanup.EventualCleanupService: Delete file:/home/alex/Repositories/hive/service/target/tmp/localscratchdir/3dbc49bf-4c90-4e93-8481-4202505398b2/hive_2024-04-24_06-51-43_598_5865110628328005942-1 operation was queued
2024-04-24T06:51:44,421  INFO [3dbc49bf-4c90-4e93-8481-4202505398b2 main] exec.ListSinkOperator: Closing Operator: LIST_SINK[3]
2024-04-24T06:51:44,421  INFO [EventualCleanupService thread 7] cleanup.EventualCleanupService: Deleted file:/home/alex/Repositories/hive/service/target/tmp/localscratchdir/3dbc49bf-4c90-4e93-8481-4202505398b2/hive_2024-04-24_06-51-43_598_5865110628328005942-5
2024-04-24T06:51:44,421  INFO [3dbc49bf-4c90-4e93-8481-4202505398b2 main] exec.ListSinkOperator: RECORDS_OUT_OPERATOR_LIST_SINK_3:0, RECORDS_OUT_INTERMEDIATE:0, 

FAILED: Operation cancelled
2024-04-24T06:51:44,422  INFO [3dbc49bf-4c90-4e93-8481-4202505398b2 main] operation.SQLOperation: Closing operation log /home/alex/Repositories/hive/service/target/tmp/alex/operation_logs/3dbc49bf-4c90-4e93-8481-4202505398b2/alex_20240424065143_609c844a-1541-426f-81fe-74967ef7cec7 without delay
2024-04-24T06:51:44,435  WARN [HiveServer2-Background-Pool: Thread-228] mapreduce.Counters: Group org.apache.hadoop.mapred.Task$Counter is deprecated. Use org.apache.hadoop.mapreduce.TaskCounter instead
2024-04-24T06:51:44,436  INFO [3dbc49bf-4c90-4e93-8481-4202505398b2 main] session.HiveSessionImpl: Operation log session directory is deleted: /home/alex/Repositories/hive/service/target/tmp/alex/operation_logs/3dbc49bf-4c90-4e93-8481-4202505398b2
Ended Job = job_local437502608_0005 with errors
2024-04-24T06:51:44,437 ERROR [HiveServer2-Background-Pool: Thread-228] exec.Task: Ended Job = job_local437502608_0005 with errors
2024-04-24T06:51:44,413  WARN [Thread-211] mapred.LocalJobRunner: job_local437502608_0005
java.lang.InterruptedException: null
	at java.util.concurrent.locks.AbstractQueuedSynchronizer$ConditionObject.reportInterruptAfterWait(AbstractQueuedSynchronizer.java:2014) ~[?:1.8.0_402]
	at java.util.concurrent.locks.AbstractQueuedSynchronizer$ConditionObject.awaitNanos(AbstractQueuedSynchronizer.java:2088) ~[?:1.8.0_402]
	at java.util.concurrent.ThreadPoolExecutor.awaitTermination(ThreadPoolExecutor.java:1475) ~[?:1.8.0_402]
	at org.apache.hadoop.mapred.LocalJobRunner$Job.runTasks(LocalJobRunner.java:479) ~[hadoop-mapreduce-client-common-3.1.0.jar:?]
	at org.apache.hadoop.mapred.LocalJobRunner$Job.run(LocalJobRunner.java:552) [hadoop-mapreduce-client-common-3.1.0.jar:?]
Error during job, obtaining debugging information...
2024-04-24T06:51:44,443 ERROR [Thread-226] exec.Task: Error during job, obtaining debugging information...
2024-04-24T06:51:44,433 ERROR [HiveServer2-Background-Pool: Thread-114] ql.Driver: FAILED: Operation cancelled
2024-04-24T06:51:44,448  INFO [EventualCleanupService thread 9] cleanup.EventualCleanupService: Deleted /home/alex/Repositories/hive/service/target/tmp/scratchdir/alex/3dbc49bf-4c90-4e93-8481-4202505398b2
2024-04-24T06:51:44,433 ERROR [HiveServer2-Background-Pool: Thread-148] exec.Task: Ended Job = job_local1609268355_0003 with errors
2024-04-24T06:51:44,427  INFO [EventualCleanupService thread 7] cleanup.EventualCleanupService: Deleted file:/home/alex/Repositories/hive/service/target/tmp/localscratchdir/3dbc49bf-4c90-4e93-8481-4202505398b2/hive_2024-04-24_06-51-43_598_5865110628328005942-1
2024-04-24T06:51:44,416  WARN [HiveServer2-Background-Pool: Thread-188] operation.SQLOperation: Ignore exception in terminal state: CLOSED
java.lang.NullPointerException: null
	at org.apache.hadoop.hive.ql.Driver.getPlanMapper(Driver.java:607) ~[classes/:?]
	at org.apache.hadoop.hive.ql.reexec.ReExecDriver.run(ReExecDriver.java:169) ~[classes/:?]
	at org.apache.hive.service.cli.operation.SQLOperation.runQuery(SQLOperation.java:233) [classes/:?]
	at org.apache.hive.service.cli.operation.SQLOperation.access$500(SQLOperation.java:88) [classes/:?]
	at org.apache.hive.service.cli.operation.SQLOperation$BackgroundWork$1.run(SQLOperation.java:336) [classes/:?]
	at java.security.AccessController.doPrivileged(Native Method) ~[?:1.8.0_402]
	at javax.security.auth.Subject.doAs(Subject.java:422) [?:1.8.0_402]
	at org.apache.hadoop.security.UserGroupInformation.doAs(UserGroupInformation.java:1682) [hadoop-common-3.1.0.jar:?]
	at org.apache.hive.service.cli.operation.SQLOperation$BackgroundWork.run(SQLOperation.java:356) [classes/:?]
	at java.util.concurrent.Executors$RunnableAdapter.call(Executors.java:511) [?:1.8.0_402]
	at java.util.concurrent.FutureTask.run(FutureTask.java:266) [?:1.8.0_402]
	at java.util.concurrent.ThreadPoolExecutor.runWorker(ThreadPoolExecutor.java:1149) [?:1.8.0_402]
	at java.util.concurrent.ThreadPoolExecutor$Worker.run(ThreadPoolExecutor.java:624) [?:1.8.0_402]
	at java.lang.Thread.run(Thread.java:750) [?:1.8.0_402]
2024-04-24T06:51:44,450  INFO [HiveServer2-Background-Pool: Thread-188] common.LogUtils: Unregistered logging context.
2024-04-24T06:51:44,447  INFO [main] cleanup.EventualCleanupService: Delete /home/alex/Repositories/hive/service/target/tmp/scratchdir/alex/3dbc49bf-4c90-4e93-8481-4202505398b2 operation was queued
2024-04-24T06:51:44,452  INFO [main] cleanup.EventualCleanupService: Delete /home/alex/Repositories/hive/service/target/tmp/localscratchdir/3dbc49bf-4c90-4e93-8481-4202505398b2 operation was queued
Error during job, obtaining debugging information...
2024-04-24T06:51:44,454 ERROR [Thread-228] exec.Task: Error during job, obtaining debugging information...
2024-04-24T06:51:44,457  INFO [HiveServer2-Background-Pool: Thread-114] metadata.Hive: Dumping metastore api call timing information for : execution phase
2024-04-24T06:51:44,457  INFO [HiveServer2-Background-Pool: Thread-114] metadata.Hive: Total time spent in each metastore function (ms): {}
MapReduce Jobs Launched: 
2024-04-24T06:51:44,457  INFO [HiveServer2-Background-Pool: Thread-114] ql.Driver: MapReduce Jobs Launched: 
2024-04-24T06:51:44,458  INFO [EventualCleanupService thread 0] cleanup.EventualCleanupService: Deleted /home/alex/Repositories/hive/service/target/tmp/localscratchdir/3dbc49bf-4c90-4e93-8481-4202505398b2
2024-04-24T06:51:44,466  WARN [HiveServer2-Background-Pool: Thread-114] mapreduce.Counters: Group FileSystemCounters is deprecated. Use org.apache.hadoop.mapreduce.FileSystemCounter instead
Stage-Stage-1:  HDFS Read: 0 HDFS Write: 0 FAIL
2024-04-24T06:51:44,467  INFO [HiveServer2-Background-Pool: Thread-114] ql.Driver: Stage-Stage-1:  HDFS Read: 0 HDFS Write: 0 FAIL
Total MapReduce CPU Time Spent: 0 msec
2024-04-24T06:51:44,468  INFO [HiveServer2-Background-Pool: Thread-114] ql.Driver: Total MapReduce CPU Time Spent: 0 msec
2024-04-24T06:51:44,468  INFO [HiveServer2-Background-Pool: Thread-114] ql.Driver: Executing command(queryId=alex_20240424065142_36b9cc5a-7f5c-46ff-b81f-d2b0e43b3bbc) has been interrupted after 1.331 seconds
2024-04-24T06:51:44,468  WARN [HiveServer2-Background-Pool: Thread-114] operation.SQLOperation: Ignore exception in terminal state: CLOSED
java.lang.NullPointerException: null
	at org.apache.hadoop.hive.ql.Driver.getPlanMapper(Driver.java:607) ~[classes/:?]
	at org.apache.hadoop.hive.ql.reexec.ReExecDriver.run(ReExecDriver.java:169) ~[classes/:?]
	at org.apache.hive.service.cli.operation.SQLOperation.runQuery(SQLOperation.java:233) [classes/:?]
	at org.apache.hive.service.cli.operation.SQLOperation.access$500(SQLOperation.java:88) [classes/:?]
	at org.apache.hive.service.cli.operation.SQLOperation$BackgroundWork$1.run(SQLOperation.java:336) [classes/:?]
	at java.security.AccessController.doPrivileged(Native Method) ~[?:1.8.0_402]
	at javax.security.auth.Subject.doAs(Subject.java:422) [?:1.8.0_402]
	at org.apache.hadoop.security.UserGroupInformation.doAs(UserGroupInformation.java:1682) [hadoop-common-3.1.0.jar:?]
	at org.apache.hive.service.cli.operation.SQLOperation$BackgroundWork.run(SQLOperation.java:356) [classes/:?]
	at java.util.concurrent.Executors$RunnableAdapter.call(Executors.java:511) [?:1.8.0_402]
	at java.util.concurrent.FutureTask.run(FutureTask.java:266) [?:1.8.0_402]
	at java.util.concurrent.ThreadPoolExecutor.runWorker(ThreadPoolExecutor.java:1149) [?:1.8.0_402]
	at java.util.concurrent.ThreadPoolExecutor$Worker.run(ThreadPoolExecutor.java:624) [?:1.8.0_402]
	at java.lang.Thread.run(Thread.java:750) [?:1.8.0_402]
2024-04-24T06:51:44,469  INFO [HiveServer2-Background-Pool: Thread-228] reexec.ReOptimizePlugin: ReOptimization: retryPossible: false
2024-04-24T06:51:44,469  INFO [HiveServer2-Background-Pool: Thread-114] common.LogUtils: Unregistered logging context.
FAILED: Operation cancelled
2024-04-24T06:51:44,470 ERROR [HiveServer2-Background-Pool: Thread-228] ql.Driver: FAILED: Operation cancelled
2024-04-24T06:51:44,470  INFO [HiveServer2-Background-Pool: Thread-228] metadata.Hive: Dumping metastore api call timing information for : execution phase
2024-04-24T06:51:44,472  INFO [HiveServer2-Background-Pool: Thread-148] reexec.ReOptimizePlugin: ReOptimization: retryPossible: false
FAILED: Operation cancelled
2024-04-24T06:51:44,472 ERROR [HiveServer2-Background-Pool: Thread-148] ql.Driver: FAILED: Operation cancelled
2024-04-24T06:51:44,473  INFO [HiveServer2-Background-Pool: Thread-228] metadata.Hive: Total time spent in each metastore function (ms): {}
2024-04-24T06:51:44,473  INFO [HiveServer2-Background-Pool: Thread-148] metadata.Hive: Dumping metastore api call timing information for : execution phase
MapReduce Jobs Launched: 
2024-04-24T06:51:44,473  INFO [HiveServer2-Background-Pool: Thread-228] ql.Driver: MapReduce Jobs Launched: 
2024-04-24T06:51:44,473  INFO [HiveServer2-Background-Pool: Thread-148] metadata.Hive: Total time spent in each metastore function (ms): {}
MapReduce Jobs Launched: 
Stage-Stage-1:  HDFS Read: 0 HDFS Write: 0 FAIL2024-04-24T06:51:44,474  INFO [HiveServer2-Background-Pool: Thread-148] ql.Driver: MapReduce Jobs Launched: 

2024-04-24T06:51:44,474  INFO [HiveServer2-Background-Pool: Thread-228] ql.Driver: Stage-Stage-1:  HDFS Read: 0 HDFS Write: 0 FAIL
Total MapReduce CPU Time Spent: 0 msec
2024-04-24T06:51:44,474  INFO [HiveServer2-Background-Pool: Thread-228] ql.Driver: Total MapReduce CPU Time Spent: 0 msec
2024-04-24T06:51:44,474  INFO [HiveServer2-Background-Pool: Thread-228] ql.Driver: Executing command(queryId=alex_20240424065143_609c844a-1541-426f-81fe-74967ef7cec7) has been interrupted after 0.647 seconds
Stage-Stage-1:  HDFS Read: 0 HDFS Write: 0 FAIL
2024-04-24T06:51:44,474  INFO [HiveServer2-Background-Pool: Thread-148] ql.Driver: Stage-Stage-1:  HDFS Read: 0 HDFS Write: 0 FAIL
Total MapReduce CPU Time Spent: 0 msec
2024-04-24T06:51:44,474  INFO [HiveServer2-Background-Pool: Thread-148] ql.Driver: Total MapReduce CPU Time Spent: 0 msec
2024-04-24T06:51:44,474  INFO [HiveServer2-Background-Pool: Thread-148] ql.Driver: Executing command(queryId=alex_20240424065143_e2cc8721-1ec1-49a7-9cf9-f95ba0e80ff4) has been interrupted after 1.117 seconds
2024-04-24T06:51:44,474  WARN [HiveServer2-Background-Pool: Thread-228] operation.SQLOperation: Ignore exception in terminal state: CLOSED
java.lang.NullPointerException: null
	at org.apache.hadoop.hive.ql.Driver.getPlanMapper(Driver.java:607) ~[classes/:?]
	at org.apache.hadoop.hive.ql.reexec.ReExecDriver.run(ReExecDriver.java:169) ~[classes/:?]
	at org.apache.hive.service.cli.operation.SQLOperation.runQuery(SQLOperation.java:233) [classes/:?]
	at org.apache.hive.service.cli.operation.SQLOperation.access$500(SQLOperation.java:88) [classes/:?]
	at org.apache.hive.service.cli.operation.SQLOperation$BackgroundWork$1.run(SQLOperation.java:336) [classes/:?]
	at java.security.AccessController.doPrivileged(Native Method) ~[?:1.8.0_402]
	at javax.security.auth.Subject.doAs(Subject.java:422) [?:1.8.0_402]
	at org.apache.hadoop.security.UserGroupInformation.doAs(UserGroupInformation.java:1682) [hadoop-common-3.1.0.jar:?]
	at org.apache.hive.service.cli.operation.SQLOperation$BackgroundWork.run(SQLOperation.java:356) [classes/:?]
	at java.util.concurrent.Executors$RunnableAdapter.call(Executors.java:511) [?:1.8.0_402]
	at java.util.concurrent.FutureTask.run(FutureTask.java:266) [?:1.8.0_402]
	at java.util.concurrent.ThreadPoolExecutor.runWorker(ThreadPoolExecutor.java:1149) [?:1.8.0_402]
	at java.util.concurrent.ThreadPoolExecutor$Worker.run(ThreadPoolExecutor.java:624) [?:1.8.0_402]
	at java.lang.Thread.run(Thread.java:750) [?:1.8.0_402]
2024-04-24T06:51:44,475  WARN [HiveServer2-Background-Pool: Thread-148] operation.SQLOperation: Ignore exception in terminal state: CLOSED
java.lang.NullPointerException: null
	at org.apache.hadoop.hive.ql.Driver.getPlanMapper(Driver.java:607) ~[classes/:?]
	at org.apache.hadoop.hive.ql.reexec.ReExecDriver.run(ReExecDriver.java:169) ~[classes/:?]
	at org.apache.hive.service.cli.operation.SQLOperation.runQuery(SQLOperation.java:233) [classes/:?]
	at org.apache.hive.service.cli.operation.SQLOperation.access$500(SQLOperation.java:88) [classes/:?]
	at org.apache.hive.service.cli.operation.SQLOperation$BackgroundWork$1.run(SQLOperation.java:336) [classes/:?]
	at java.security.AccessController.doPrivileged(Native Method) ~[?:1.8.0_402]
	at javax.security.auth.Subject.doAs(Subject.java:422) [?:1.8.0_402]
	at org.apache.hadoop.security.UserGroupInformation.doAs(UserGroupInformation.java:1682) [hadoop-common-3.1.0.jar:?]
	at org.apache.hive.service.cli.operation.SQLOperation$BackgroundWork.run(SQLOperation.java:356) [classes/:?]
	at java.util.concurrent.Executors$RunnableAdapter.call(Executors.java:511) [?:1.8.0_402]
	at java.util.concurrent.FutureTask.run(FutureTask.java:266) [?:1.8.0_402]
	at java.util.concurrent.ThreadPoolExecutor.runWorker(ThreadPoolExecutor.java:1149) [?:1.8.0_402]
	at java.util.concurrent.ThreadPoolExecutor$Worker.run(ThreadPoolExecutor.java:624) [?:1.8.0_402]
	at java.lang.Thread.run(Thread.java:750) [?:1.8.0_402]
2024-04-24T06:51:44,477  INFO [HiveServer2-Background-Pool: Thread-148] common.LogUtils: Unregistered logging context.
2024-04-24T06:51:44,478  INFO [HiveServer2-Background-Pool: Thread-228] common.LogUtils: Unregistered logging context.
2024-04-24T06:51:44,478 ERROR [LocalJobRunner Map Task Executor #0] mr.ExecMapper: org.apache.hadoop.hive.ql.metadata.HiveException: Hive Runtime Error while processing writable
	at org.apache.hadoop.hive.ql.exec.MapOperator.process(MapOperator.java:566)
	at org.apache.hadoop.hive.ql.exec.mr.ExecMapper.map(ExecMapper.java:148)
	at org.apache.hadoop.mapred.MapRunner.run(MapRunner.java:54)
	at org.apache.hadoop.hive.ql.exec.mr.ExecMapRunner.run(ExecMapRunner.java:37)
	at org.apache.hadoop.mapred.MapTask.runOldMapper(MapTask.java:465)
	at org.apache.hadoop.mapred.MapTask.run(MapTask.java:349)
	at org.apache.hadoop.mapred.LocalJobRunner$Job$MapTaskRunnable.run(LocalJobRunner.java:271)
	at java.util.concurrent.Executors$RunnableAdapter.call(Executors.java:511)
	at java.util.concurrent.FutureTask.run(FutureTask.java:266)
	at java.util.concurrent.ThreadPoolExecutor.runWorker(ThreadPoolExecutor.java:1149)
	at java.util.concurrent.ThreadPoolExecutor$Worker.run(ThreadPoolExecutor.java:624)
	at java.lang.Thread.run(Thread.java:750)
Caused by: org.apache.hadoop.hive.ql.metadata.HiveException: org.apache.hadoop.hive.ql.metadata.HiveException: ExitCodeException exitCode=1: chmod: cannot access '/home/alex/Repositories/hive/service/target/tmp/localscratchdir/3dbc49bf-4c90-4e93-8481-4202505398b2/hive_2024-04-24_06-51-42_899_1888890263969417252-1/-mr-10001/.hive-staging_hive_2024-04-24_06-51-42_899_1888890263969417252-1/_task_tmp.-ext-10002': No such file or directory

	at org.apache.hadoop.hive.ql.exec.FileSinkOperator.createBucketFiles(FileSinkOperator.java:895)
	at org.apache.hadoop.hive.ql.exec.FileSinkOperator.process(FileSinkOperator.java:1065)
	at org.apache.hadoop.hive.ql.exec.Operator.forward(Operator.java:888)
	at org.apache.hadoop.hive.ql.exec.SelectOperator.process(SelectOperator.java:94)
	at org.apache.hadoop.hive.ql.exec.Operator.forward(Operator.java:888)
	at org.apache.hadoop.hive.ql.exec.TableScanOperator.process(TableScanOperator.java:173)
	at org.apache.hadoop.hive.ql.exec.MapOperator$MapOpCtx.forward(MapOperator.java:154)
	at org.apache.hadoop.hive.ql.exec.MapOperator.process(MapOperator.java:552)
	... 11 more
Caused by: org.apache.hadoop.hive.ql.metadata.HiveException: ExitCodeException exitCode=1: chmod: cannot access '/home/alex/Repositories/hive/service/target/tmp/localscratchdir/3dbc49bf-4c90-4e93-8481-4202505398b2/hive_2024-04-24_06-51-42_899_1888890263969417252-1/-mr-10001/.hive-staging_hive_2024-04-24_06-51-42_899_1888890263969417252-1/_task_tmp.-ext-10002': No such file or directory

	at org.apache.hadoop.hive.ql.io.HiveFileFormatUtils.getHiveRecordWriter(HiveFileFormatUtils.java:287)
	at org.apache.hadoop.hive.ql.exec.FileSinkOperator.createBucketForFileIdx(FileSinkOperator.java:936)
	at org.apache.hadoop.hive.ql.exec.FileSinkOperator.createBucketFiles(FileSinkOperator.java:890)
	... 18 more
Caused by: ExitCodeException exitCode=1: chmod: cannot access '/home/alex/Repositories/hive/service/target/tmp/localscratchdir/3dbc49bf-4c90-4e93-8481-4202505398b2/hive_2024-04-24_06-51-42_899_1888890263969417252-1/-mr-10001/.hive-staging_hive_2024-04-24_06-51-42_899_1888890263969417252-1/_task_tmp.-ext-10002': No such file or directory

	at org.apache.hadoop.util.Shell.runCommand(Shell.java:1009)
	at org.apache.hadoop.util.Shell.run(Shell.java:902)
	at org.apache.hadoop.util.Shell$ShellCommandExecutor.execute(Shell.java:1227)
	at org.apache.hadoop.util.Shell.execCommand(Shell.java:1321)
	at org.apache.hadoop.util.Shell.execCommand(Shell.java:1303)
	at org.apache.hadoop.fs.RawLocalFileSystem.setPermission(RawLocalFileSystem.java:840)
	at org.apache.hadoop.fs.RawLocalFileSystem.mkOneDirWithMode(RawLocalFileSystem.java:522)
	at org.apache.hadoop.fs.RawLocalFileSystem.mkdirsWithOptionalPermission(RawLocalFileSystem.java:562)
	at org.apache.hadoop.fs.RawLocalFileSystem.mkdirs(RawLocalFileSystem.java:534)
	at org.apache.hadoop.fs.ChecksumFileSystem.mkdirs(ChecksumFileSystem.java:698)
	at org.apache.hadoop.fs.ChecksumFileSystem.create(ChecksumFileSystem.java:456)
	at org.apache.hadoop.fs.ChecksumFileSystem.create(ChecksumFileSystem.java:443)
	at org.apache.hadoop.fs.FileSystem.create(FileSystem.java:1169)
	at org.apache.hadoop.io.SequenceFile$Writer.<init>(SequenceFile.java:1168)
	at org.apache.hadoop.io.SequenceFile.createWriter(SequenceFile.java:285)
	at org.apache.hadoop.io.SequenceFile.createWriter(SequenceFile.java:542)
	at org.apache.hadoop.hive.ql.exec.Utilities.createSequenceWriter(Utilities.java:981)
	at org.apache.hadoop.hive.ql.io.HiveSequenceFileOutputFormat.getHiveRecordWriter(HiveSequenceFileOutputFormat.java:64)
	at org.apache.hadoop.hive.ql.io.HiveFileFormatUtils.getHiveRecordWriter(HiveFileFormatUtils.java:284)
	... 20 more

2024-04-24T06:51:44,478  INFO [LocalJobRunner Map Task Executor #0] exec.MapOperator: Closing Operator: MAP[0]
2024-04-24T06:51:44,478  INFO [LocalJobRunner Map Task Executor #0] exec.MapOperator: MAP[0]: Total records read - 0. abort - true
2024-04-24T06:51:44,478 ERROR [LocalJobRunner Map Task Executor #0] mr.ExecMapper: org.apache.hadoop.hive.ql.metadata.HiveException: Hive Runtime Error while processing writable
	at org.apache.hadoop.hive.ql.exec.MapOperator.process(MapOperator.java:566)
	at org.apache.hadoop.hive.ql.exec.mr.ExecMapper.map(ExecMapper.java:148)
	at org.apache.hadoop.mapred.MapRunner.run(MapRunner.java:54)
	at org.apache.hadoop.hive.ql.exec.mr.ExecMapRunner.run(ExecMapRunner.java:37)
	at org.apache.hadoop.mapred.MapTask.runOldMapper(MapTask.java:465)
	at org.apache.hadoop.mapred.MapTask.run(MapTask.java:349)
	at org.apache.hadoop.mapred.LocalJobRunner$Job$MapTaskRunnable.run(LocalJobRunner.java:271)
	at java.util.concurrent.Executors$RunnableAdapter.call(Executors.java:511)
	at java.util.concurrent.FutureTask.run(FutureTask.java:266)
	at java.util.concurrent.ThreadPoolExecutor.runWorker(ThreadPoolExecutor.java:1149)
	at java.util.concurrent.ThreadPoolExecutor$Worker.run(ThreadPoolExecutor.java:624)
	at java.lang.Thread.run(Thread.java:750)
Caused by: org.apache.hadoop.hive.ql.metadata.HiveException: org.apache.hadoop.hive.ql.metadata.HiveException: java.io.IOException: Mkdirs failed to create file:/home/alex/Repositories/hive/service/target/tmp/localscratchdir/3dbc49bf-4c90-4e93-8481-4202505398b2/hive_2024-04-24_06-51-43_598_5865110628328005942-1/-mr-10001/.hive-staging_hive_2024-04-24_06-51-43_598_5865110628328005942-1/_task_tmp.-ext-10002 (exists=false, cwd=file:/home/alex/Repositories/hive/service)
	at org.apache.hadoop.hive.ql.exec.FileSinkOperator.createBucketFiles(FileSinkOperator.java:895)
	at org.apache.hadoop.hive.ql.exec.FileSinkOperator.process(FileSinkOperator.java:1065)
	at org.apache.hadoop.hive.ql.exec.Operator.forward(Operator.java:888)
	at org.apache.hadoop.hive.ql.exec.SelectOperator.process(SelectOperator.java:94)
	at org.apache.hadoop.hive.ql.exec.Operator.forward(Operator.java:888)
	at org.apache.hadoop.hive.ql.exec.TableScanOperator.process(TableScanOperator.java:173)
	at org.apache.hadoop.hive.ql.exec.MapOperator$MapOpCtx.forward(MapOperator.java:154)
	at org.apache.hadoop.hive.ql.exec.MapOperator.process(MapOperator.java:552)
	... 11 more
Caused by: org.apache.hadoop.hive.ql.metadata.HiveException: java.io.IOException: Mkdirs failed to create file:/home/alex/Repositories/hive/service/target/tmp/localscratchdir/3dbc49bf-4c90-4e93-8481-4202505398b2/hive_2024-04-24_06-51-43_598_5865110628328005942-1/-mr-10001/.hive-staging_hive_2024-04-24_06-51-43_598_5865110628328005942-1/_task_tmp.-ext-10002 (exists=false, cwd=file:/home/alex/Repositories/hive/service)
	at org.apache.hadoop.hive.ql.io.HiveFileFormatUtils.getHiveRecordWriter(HiveFileFormatUtils.java:287)
	at org.apache.hadoop.hive.ql.exec.FileSinkOperator.createBucketForFileIdx(FileSinkOperator.java:936)
	at org.apache.hadoop.hive.ql.exec.FileSinkOperator.createBucketFiles(FileSinkOperator.java:890)
	... 18 more
Caused by: java.io.IOException: Mkdirs failed to create file:/home/alex/Repositories/hive/service/target/tmp/localscratchdir/3dbc49bf-4c90-4e93-8481-4202505398b2/hive_2024-04-24_06-51-43_598_5865110628328005942-1/-mr-10001/.hive-staging_hive_2024-04-24_06-51-43_598_5865110628328005942-1/_task_tmp.-ext-10002 (exists=false, cwd=file:/home/alex/Repositories/hive/service)
	at org.apache.hadoop.fs.ChecksumFileSystem.create(ChecksumFileSystem.java:458)
	at org.apache.hadoop.fs.ChecksumFileSystem.create(ChecksumFileSystem.java:443)
	at org.apache.hadoop.fs.FileSystem.create(FileSystem.java:1169)
	at org.apache.hadoop.io.SequenceFile$Writer.<init>(SequenceFile.java:1168)
	at org.apache.hadoop.io.SequenceFile.createWriter(SequenceFile.java:285)
	at org.apache.hadoop.io.SequenceFile.createWriter(SequenceFile.java:542)
	at org.apache.hadoop.hive.ql.exec.Utilities.createSequenceWriter(Utilities.java:981)
	at org.apache.hadoop.hive.ql.io.HiveSequenceFileOutputFormat.getHiveRecordWriter(HiveSequenceFileOutputFormat.java:64)
	at org.apache.hadoop.hive.ql.io.HiveFileFormatUtils.getHiveRecordWriter(HiveFileFormatUtils.java:284)
	... 20 more

2024-04-24T06:51:44,478 ERROR [LocalJobRunner Map Task Executor #0] mr.ExecMapper: org.apache.hadoop.hive.ql.metadata.HiveException: Hive Runtime Error while processing writable
	at org.apache.hadoop.hive.ql.exec.MapOperator.process(MapOperator.java:566)
	at org.apache.hadoop.hive.ql.exec.mr.ExecMapper.map(ExecMapper.java:148)
	at org.apache.hadoop.mapred.MapRunner.run(MapRunner.java:54)
	at org.apache.hadoop.hive.ql.exec.mr.ExecMapRunner.run(ExecMapRunner.java:37)
	at org.apache.hadoop.mapred.MapTask.runOldMapper(MapTask.java:465)
	at org.apache.hadoop.mapred.MapTask.run(MapTask.java:349)
	at org.apache.hadoop.mapred.LocalJobRunner$Job$MapTaskRunnable.run(LocalJobRunner.java:271)
	at java.util.concurrent.Executors$RunnableAdapter.call(Executors.java:511)
	at java.util.concurrent.FutureTask.run(FutureTask.java:266)
	at java.util.concurrent.ThreadPoolExecutor.runWorker(ThreadPoolExecutor.java:1149)
	at java.util.concurrent.ThreadPoolExecutor$Worker.run(ThreadPoolExecutor.java:624)
	at java.lang.Thread.run(Thread.java:750)
Caused by: org.apache.hadoop.hive.ql.metadata.HiveException: org.apache.hadoop.hive.ql.metadata.HiveException: ExitCodeException exitCode=1: chmod: cannot access '/home/alex/Repositories/hive/service/target/tmp/localscratchdir/3dbc49bf-4c90-4e93-8481-4202505398b2/hive_2024-04-24_06-51-43_367_8196653368648216554-1/-mr-10001/.hive-staging_hive_2024-04-24_06-51-43_367_8196653368648216554-1/_task_tmp.-ext-10002': No such file or directory

	at org.apache.hadoop.hive.ql.exec.FileSinkOperator.createBucketFiles(FileSinkOperator.java:895)
	at org.apache.hadoop.hive.ql.exec.FileSinkOperator.process(FileSinkOperator.java:1065)
	at org.apache.hadoop.hive.ql.exec.Operator.forward(Operator.java:888)
	at org.apache.hadoop.hive.ql.exec.SelectOperator.process(SelectOperator.java:94)
	at org.apache.hadoop.hive.ql.exec.Operator.forward(Operator.java:888)
	at org.apache.hadoop.hive.ql.exec.TableScanOperator.process(TableScanOperator.java:173)
	at org.apache.hadoop.hive.ql.exec.MapOperator$MapOpCtx.forward(MapOperator.java:154)
	at org.apache.hadoop.hive.ql.exec.MapOperator.process(MapOperator.java:552)
	... 11 more
Caused by: org.apache.hadoop.hive.ql.metadata.HiveException: ExitCodeException exitCode=1: chmod: cannot access '/home/alex/Repositories/hive/service/target/tmp/localscratchdir/3dbc49bf-4c90-4e93-8481-4202505398b2/hive_2024-04-24_06-51-43_367_8196653368648216554-1/-mr-10001/.hive-staging_hive_2024-04-24_06-51-43_367_8196653368648216554-1/_task_tmp.-ext-10002': No such file or directory

	at org.apache.hadoop.hive.ql.io.HiveFileFormatUtils.getHiveRecordWriter(HiveFileFormatUtils.java:287)
	at org.apache.hadoop.hive.ql.exec.FileSinkOperator.createBucketForFileIdx(FileSinkOperator.java:936)
	at org.apache.hadoop.hive.ql.exec.FileSinkOperator.createBucketFiles(FileSinkOperator.java:890)
	... 18 more
Caused by: ExitCodeException exitCode=1: chmod: cannot access '/home/alex/Repositories/hive/service/target/tmp/localscratchdir/3dbc49bf-4c90-4e93-8481-4202505398b2/hive_2024-04-24_06-51-43_367_8196653368648216554-1/-mr-10001/.hive-staging_hive_2024-04-24_06-51-43_367_8196653368648216554-1/_task_tmp.-ext-10002': No such file or directory

	at org.apache.hadoop.util.Shell.runCommand(Shell.java:1009)
	at org.apache.hadoop.util.Shell.run(Shell.java:902)
	at org.apache.hadoop.util.Shell$ShellCommandExecutor.execute(Shell.java:1227)
	at org.apache.hadoop.util.Shell.execCommand(Shell.java:1321)
	at org.apache.hadoop.util.Shell.execCommand(Shell.java:1303)
	at org.apache.hadoop.fs.RawLocalFileSystem.setPermission(RawLocalFileSystem.java:840)
	at org.apache.hadoop.fs.RawLocalFileSystem.mkOneDirWithMode(RawLocalFileSystem.java:522)
	at org.apache.hadoop.fs.RawLocalFileSystem.mkdirsWithOptionalPermission(RawLocalFileSystem.java:562)
	at org.apache.hadoop.fs.RawLocalFileSystem.mkdirs(RawLocalFileSystem.java:534)
	at org.apache.hadoop.fs.ChecksumFileSystem.mkdirs(ChecksumFileSystem.java:698)
	at org.apache.hadoop.fs.ChecksumFileSystem.create(ChecksumFileSystem.java:456)
	at org.apache.hadoop.fs.ChecksumFileSystem.create(ChecksumFileSystem.java:443)
	at org.apache.hadoop.fs.FileSystem.create(FileSystem.java:1169)
	at org.apache.hadoop.io.SequenceFile$Writer.<init>(SequenceFile.java:1168)
	at org.apache.hadoop.io.SequenceFile.createWriter(SequenceFile.java:285)
	at org.apache.hadoop.io.SequenceFile.createWriter(SequenceFile.java:542)
	at org.apache.hadoop.hive.ql.exec.Utilities.createSequenceWriter(Utilities.java:981)
	at org.apache.hadoop.hive.ql.io.HiveSequenceFileOutputFormat.getHiveRecordWriter(HiveSequenceFileOutputFormat.java:64)
	at org.apache.hadoop.hive.ql.io.HiveFileFormatUtils.getHiveRecordWriter(HiveFileFormatUtils.java:284)
	... 20 more

2024-04-24T06:51:44,479  INFO [LocalJobRunner Map Task Executor #0] exec.MapOperator: Closing Operator: MAP[0]
2024-04-24T06:51:44,479  INFO [LocalJobRunner Map Task Executor #0] exec.MapOperator: MAP[0]: Total records read - 0. abort - true
2024-04-24T06:51:44,479  INFO [LocalJobRunner Map Task Executor #0] exec.MapOperator: RECORDS_IN:0, RECORDS_OUT_OPERATOR_MAP_0:0, DESERIALIZE_ERRORS:1, RECORDS_OUT_INTERMEDIATE:0, 
2024-04-24T06:51:44,479  INFO [LocalJobRunner Map Task Executor #0] exec.MapOperator: RECORDS_OUT_OPERATOR_MAP_0:0, RECORDS_OUT_INTERMEDIATE:0, RECORDS_IN:0, DESERIALIZE_ERRORS:1, 
2024-04-24T06:51:44,479 ERROR [LocalJobRunner Map Task Executor #0] mr.ExecMapper: org.apache.hadoop.hive.ql.metadata.HiveException: Hive Runtime Error while processing writable
	at org.apache.hadoop.hive.ql.exec.MapOperator.process(MapOperator.java:566)
	at org.apache.hadoop.hive.ql.exec.mr.ExecMapper.map(ExecMapper.java:148)
	at org.apache.hadoop.mapred.MapRunner.run(MapRunner.java:54)
	at org.apache.hadoop.hive.ql.exec.mr.ExecMapRunner.run(ExecMapRunner.java:37)
	at org.apache.hadoop.mapred.MapTask.runOldMapper(MapTask.java:465)
	at org.apache.hadoop.mapred.MapTask.run(MapTask.java:349)
	at org.apache.hadoop.mapred.LocalJobRunner$Job$MapTaskRunnable.run(LocalJobRunner.java:271)
	at java.util.concurrent.Executors$RunnableAdapter.call(Executors.java:511)
	at java.util.concurrent.FutureTask.run(FutureTask.java:266)
	at java.util.concurrent.ThreadPoolExecutor.runWorker(ThreadPoolExecutor.java:1149)
	at java.util.concurrent.ThreadPoolExecutor$Worker.run(ThreadPoolExecutor.java:624)
	at java.lang.Thread.run(Thread.java:750)
Caused by: org.apache.hadoop.hive.ql.metadata.HiveException: org.apache.hadoop.hive.ql.metadata.HiveException: java.io.IOException: Mkdirs failed to create file:/home/alex/Repositories/hive/service/target/tmp/localscratchdir/3dbc49bf-4c90-4e93-8481-4202505398b2/hive_2024-04-24_06-51-43_128_8739881805800958792-1/-mr-10001/.hive-staging_hive_2024-04-24_06-51-43_128_8739881805800958792-1/_task_tmp.-ext-10002 (exists=false, cwd=file:/home/alex/Repositories/hive/service)
	at org.apache.hadoop.hive.ql.exec.FileSinkOperator.createBucketFiles(FileSinkOperator.java:895)
	at org.apache.hadoop.hive.ql.exec.FileSinkOperator.process(FileSinkOperator.java:1065)
	at org.apache.hadoop.hive.ql.exec.Operator.forward(Operator.java:888)
	at org.apache.hadoop.hive.ql.exec.SelectOperator.process(SelectOperator.java:94)
	at org.apache.hadoop.hive.ql.exec.Operator.forward(Operator.java:888)
	at org.apache.hadoop.hive.ql.exec.TableScanOperator.process(TableScanOperator.java:173)
	at org.apache.hadoop.hive.ql.exec.MapOperator$MapOpCtx.forward(MapOperator.java:154)
	at org.apache.hadoop.hive.ql.exec.MapOperator.process(MapOperator.java:552)
	... 11 more
Caused by: org.apache.hadoop.hive.ql.metadata.HiveException: java.io.IOException: Mkdirs failed to create file:/home/alex/Repositories/hive/service/target/tmp/localscratchdir/3dbc49bf-4c90-4e93-8481-4202505398b2/hive_2024-04-24_06-51-43_128_8739881805800958792-1/-mr-10001/.hive-staging_hive_2024-04-24_06-51-43_128_8739881805800958792-1/_task_tmp.-ext-10002 (exists=false, cwd=file:/home/alex/Repositories/hive/service)
	at org.apache.hadoop.hive.ql.io.HiveFileFormatUtils.getHiveRecordWriter(HiveFileFormatUtils.java:287)
	at org.apache.hadoop.hive.ql.exec.FileSinkOperator.createBucketForFileIdx(FileSinkOperator.java:936)
	at org.apache.hadoop.hive.ql.exec.FileSinkOperator.createBucketFiles(FileSinkOperator.java:890)
	... 18 more
Caused by: java.io.IOException: Mkdirs failed to create file:/home/alex/Repositories/hive/service/target/tmp/localscratchdir/3dbc49bf-4c90-4e93-8481-4202505398b2/hive_2024-04-24_06-51-43_128_8739881805800958792-1/-mr-10001/.hive-staging_hive_2024-04-24_06-51-43_128_8739881805800958792-1/_task_tmp.-ext-10002 (exists=false, cwd=file:/home/alex/Repositories/hive/service)
	at org.apache.hadoop.fs.ChecksumFileSystem.create(ChecksumFileSystem.java:458)
	at org.apache.hadoop.fs.ChecksumFileSystem.create(ChecksumFileSystem.java:443)
	at org.apache.hadoop.fs.FileSystem.create(FileSystem.java:1169)
	at org.apache.hadoop.io.SequenceFile$Writer.<init>(SequenceFile.java:1168)
	at org.apache.hadoop.io.SequenceFile.createWriter(SequenceFile.java:285)
	at org.apache.hadoop.io.SequenceFile.createWriter(SequenceFile.java:542)
	at org.apache.hadoop.hive.ql.exec.Utilities.createSequenceWriter(Utilities.java:981)
	at org.apache.hadoop.hive.ql.io.HiveSequenceFileOutputFormat.getHiveRecordWriter(HiveSequenceFileOutputFormat.java:64)
	at org.apache.hadoop.hive.ql.io.HiveFileFormatUtils.getHiveRecordWriter(HiveFileFormatUtils.java:284)
	... 20 more

2024-04-24T06:51:44,479  INFO [LocalJobRunner Map Task Executor #0] exec.MapOperator: Closing Operator: MAP[0]
2024-04-24T06:51:44,479  INFO [LocalJobRunner Map Task Executor #0] exec.TableScanOperator: Closing Operator: TS[0]
2024-04-24T06:51:44,480  INFO [LocalJobRunner Map Task Executor #0] exec.MapOperator: MAP[0]: Total records read - 0. abort - true
2024-04-24T06:51:44,480  INFO [LocalJobRunner Map Task Executor #0] exec.TableScanOperator: RECORDS_OUT_INTERMEDIATE:0, RECORDS_OUT_OPERATOR_TS_0:1, 
2024-04-24T06:51:44,480  INFO [LocalJobRunner Map Task Executor #0] exec.MapOperator: DESERIALIZE_ERRORS:1, RECORDS_OUT_INTERMEDIATE:0, RECORDS_OUT_OPERATOR_MAP_0:0, RECORDS_IN:0, 
2024-04-24T06:51:44,480  INFO [LocalJobRunner Map Task Executor #0] exec.TableScanOperator: Closing Operator: TS[0]
2024-04-24T06:51:44,480  INFO [LocalJobRunner Map Task Executor #0] exec.SelectOperator: Closing Operator: SEL[1]
2024-04-24T06:51:44,480  INFO [LocalJobRunner Map Task Executor #0] exec.TableScanOperator: RECORDS_OUT_OPERATOR_TS_0:1, RECORDS_OUT_INTERMEDIATE:0, 
2024-04-24T06:51:44,480  INFO [LocalJobRunner Map Task Executor #0] exec.MapOperator: Closing Operator: MAP[0]
2024-04-24T06:51:44,480  INFO [LocalJobRunner Map Task Executor #0] exec.SelectOperator: RECORDS_OUT_INTERMEDIATE:0, RECORDS_OUT_OPERATOR_SEL_1:1, 
2024-04-24T06:51:44,480  INFO [LocalJobRunner Map Task Executor #0] exec.TableScanOperator: Closing Operator: TS[0]
2024-04-24T06:51:44,480  INFO [LocalJobRunner Map Task Executor #0] exec.MapOperator: MAP[0]: Total records read - 0. abort - true
2024-04-24T06:51:44,480  INFO [LocalJobRunner Map Task Executor #0] exec.TableScanOperator: RECORDS_OUT_INTERMEDIATE:0, RECORDS_OUT_OPERATOR_TS_0:1, 
2024-04-24T06:51:44,480  INFO [LocalJobRunner Map Task Executor #0] exec.MapOperator: RECORDS_OUT_OPERATOR_MAP_0:0, DESERIALIZE_ERRORS:1, RECORDS_IN:0, RECORDS_OUT_INTERMEDIATE:0, 
2024-04-24T06:51:44,481  INFO [LocalJobRunner Map Task Executor #0] exec.TableScanOperator: Closing Operator: TS[0]
2024-04-24T06:51:44,481  INFO [LocalJobRunner Map Task Executor #0] exec.TableScanOperator: RECORDS_OUT_INTERMEDIATE:0, RECORDS_OUT_OPERATOR_TS_0:1, 
2024-04-24T06:51:44,481  INFO [LocalJobRunner Map Task Executor #0] exec.SelectOperator: Closing Operator: SEL[1]
2024-04-24T06:51:44,481  INFO [LocalJobRunner Map Task Executor #0] exec.SelectOperator: RECORDS_OUT_INTERMEDIATE:0, RECORDS_OUT_OPERATOR_SEL_1:1, 
2024-04-24T06:51:44,481  INFO [LocalJobRunner Map Task Executor #0] exec.SelectOperator: Closing Operator: SEL[1]
2024-04-24T06:51:44,482  INFO [LocalJobRunner Map Task Executor #0] exec.SelectOperator: Closing Operator: SEL[1]
2024-04-24T06:51:44,482  INFO [LocalJobRunner Map Task Executor #0] exec.FileSinkOperator: Closing Operator: FS[2]
2024-04-24T06:51:44,482  INFO [LocalJobRunner Map Task Executor #0] exec.SelectOperator: RECORDS_OUT_INTERMEDIATE:0, RECORDS_OUT_OPERATOR_SEL_1:1, 
2024-04-24T06:51:44,482  INFO [LocalJobRunner Map Task Executor #0] exec.FileSinkOperator: Closing Operator: FS[2]
2024-04-24T06:51:44,482  INFO [LocalJobRunner Map Task Executor #0] exec.FileSinkOperator: FS[2]: records written - 0
2024-04-24T06:51:44,482  INFO [LocalJobRunner Map Task Executor #0] exec.SelectOperator: RECORDS_OUT_OPERATOR_SEL_1:1, RECORDS_OUT_INTERMEDIATE:0, 
2024-04-24T06:51:44,482  INFO [LocalJobRunner Map Task Executor #0] exec.FileSinkOperator: FS[2]: records written - 0
2024-04-24T06:51:44,482  INFO [LocalJobRunner Map Task Executor #0] exec.FileSinkOperator: Closing Operator: FS[2]
2024-04-24T06:51:44,482  INFO [LocalJobRunner Map Task Executor #0] exec.FileSinkOperator: FS[2]: records written - 0
2024-04-24T06:51:44,482  INFO [LocalJobRunner Map Task Executor #0] exec.FileSinkOperator: Closing Operator: FS[2]
2024-04-24T06:51:44,483  INFO [LocalJobRunner Map Task Executor #0] exec.FileSinkOperator: FS[2]: records written - 0
2024-04-24T06:51:44,483  INFO [main] HiveMetaStore.audit: ugi=alex	ip=unknown-ip-addr	cmd=Cleaning up thread local RawStore...	
2024-04-24T06:51:44,483  INFO [main] metastore.ObjectStore: RawStore: org.apache.hadoop.hive.metastore.ObjectStore@642c6461, with PersistenceManager: org.datanucleus.api.jdo.JDOPersistenceManager@3ace6346 will be shutdown
2024-04-24T06:51:44,483  INFO [LocalJobRunner Map Task Executor #0] exec.FileSinkOperator: Final Path: FS file:/home/alex/Repositories/hive/service/target/tmp/localscratchdir/3dbc49bf-4c90-4e93-8481-4202505398b2/hive_2024-04-24_06-51-42_899_1888890263969417252-1/-mr-10001/.hive-staging_hive_2024-04-24_06-51-42_899_1888890263969417252-1/_tmp.-ext-10002/000000_0
2024-04-24T06:51:44,483  INFO [LocalJobRunner Map Task Executor #0] exec.FileSinkOperator: Final Path: FS file:/home/alex/Repositories/hive/service/target/tmp/localscratchdir/3dbc49bf-4c90-4e93-8481-4202505398b2/hive_2024-04-24_06-51-43_367_8196653368648216554-1/-mr-10001/.hive-staging_hive_2024-04-24_06-51-43_367_8196653368648216554-1/_tmp.-ext-10002/000000_0
2024-04-24T06:51:44,483  INFO [LocalJobRunner Map Task Executor #0] exec.FileSinkOperator: Final Path: FS file:/home/alex/Repositories/hive/service/target/tmp/localscratchdir/3dbc49bf-4c90-4e93-8481-4202505398b2/hive_2024-04-24_06-51-43_128_8739881805800958792-1/-mr-10001/.hive-staging_hive_2024-04-24_06-51-43_128_8739881805800958792-1/_tmp.-ext-10002/000000_0
2024-04-24T06:51:44,483  INFO [LocalJobRunner Map Task Executor #0] exec.FileSinkOperator: Writing to temp file: FS file:/home/alex/Repositories/hive/service/target/tmp/localscratchdir/3dbc49bf-4c90-4e93-8481-4202505398b2/hive_2024-04-24_06-51-42_899_1888890263969417252-1/-mr-10001/.hive-staging_hive_2024-04-24_06-51-42_899_1888890263969417252-1/_task_tmp.-ext-10002/_tmp.000000_0
2024-04-24T06:51:44,483  INFO [LocalJobRunner Map Task Executor #0] exec.FileSinkOperator: Writing to temp file: FS file:/home/alex/Repositories/hive/service/target/tmp/localscratchdir/3dbc49bf-4c90-4e93-8481-4202505398b2/hive_2024-04-24_06-51-43_128_8739881805800958792-1/-mr-10001/.hive-staging_hive_2024-04-24_06-51-43_128_8739881805800958792-1/_task_tmp.-ext-10002/_tmp.000000_0
2024-04-24T06:51:44,483  INFO [LocalJobRunner Map Task Executor #0] exec.FileSinkOperator: Final Path: FS file:/home/alex/Repositories/hive/service/target/tmp/localscratchdir/3dbc49bf-4c90-4e93-8481-4202505398b2/hive_2024-04-24_06-51-43_598_5865110628328005942-1/-mr-10001/.hive-staging_hive_2024-04-24_06-51-43_598_5865110628328005942-1/_tmp.-ext-10002/000000_0
2024-04-24T06:51:44,483  INFO [LocalJobRunner Map Task Executor #0] exec.FileSinkOperator: New Final Path: FS file:/home/alex/Repositories/hive/service/target/tmp/localscratchdir/3dbc49bf-4c90-4e93-8481-4202505398b2/hive_2024-04-24_06-51-42_899_1888890263969417252-1/-mr-10001/.hive-staging_hive_2024-04-24_06-51-42_899_1888890263969417252-1/_tmp.-ext-10002/000000_0
2024-04-24T06:51:44,483  INFO [LocalJobRunner Map Task Executor #0] exec.FileSinkOperator: New Final Path: FS file:/home/alex/Repositories/hive/service/target/tmp/localscratchdir/3dbc49bf-4c90-4e93-8481-4202505398b2/hive_2024-04-24_06-51-43_128_8739881805800958792-1/-mr-10001/.hive-staging_hive_2024-04-24_06-51-43_128_8739881805800958792-1/_tmp.-ext-10002/000000_0
2024-04-24T06:51:44,483  INFO [LocalJobRunner Map Task Executor #0] exec.FileSinkOperator: Writing to temp file: FS file:/home/alex/Repositories/hive/service/target/tmp/localscratchdir/3dbc49bf-4c90-4e93-8481-4202505398b2/hive_2024-04-24_06-51-43_598_5865110628328005942-1/-mr-10001/.hive-staging_hive_2024-04-24_06-51-43_598_5865110628328005942-1/_task_tmp.-ext-10002/_tmp.000000_0
2024-04-24T06:51:44,483  INFO [LocalJobRunner Map Task Executor #0] exec.FileSinkOperator: Writing to temp file: FS file:/home/alex/Repositories/hive/service/target/tmp/localscratchdir/3dbc49bf-4c90-4e93-8481-4202505398b2/hive_2024-04-24_06-51-43_367_8196653368648216554-1/-mr-10001/.hive-staging_hive_2024-04-24_06-51-43_367_8196653368648216554-1/_task_tmp.-ext-10002/_tmp.000000_0
2024-04-24T06:51:44,483  INFO [LocalJobRunner Map Task Executor #0] exec.FileSinkOperator: New Final Path: FS file:/home/alex/Repositories/hive/service/target/tmp/localscratchdir/3dbc49bf-4c90-4e93-8481-4202505398b2/hive_2024-04-24_06-51-43_367_8196653368648216554-1/-mr-10001/.hive-staging_hive_2024-04-24_06-51-43_367_8196653368648216554-1/_tmp.-ext-10002/000000_0
2024-04-24T06:51:44,483  INFO [LocalJobRunner Map Task Executor #0] exec.FileSinkOperator: New Final Path: FS file:/home/alex/Repositories/hive/service/target/tmp/localscratchdir/3dbc49bf-4c90-4e93-8481-4202505398b2/hive_2024-04-24_06-51-43_598_5865110628328005942-1/-mr-10001/.hive-staging_hive_2024-04-24_06-51-43_598_5865110628328005942-1/_tmp.-ext-10002/000000_0
2024-04-24T06:51:44,483  INFO [main] HiveMetaStore.audit: ugi=alex	ip=unknown-ip-addr	cmd=Done cleaning up thread local RawStore	
2024-04-24T06:51:44,484  INFO [main] metastore.HiveMetaStoreClient: Closed a connection to metastore, current connections: -2
]]></system-err>
  </testcase>
  <testcase name="testSync" classname="org.apache.hive.service.cli.operation.TestQueryShutdownHooks" time="2.236">
    <error type="java.lang.NoSuchFieldError"><![CDATA[java.lang.NoSuchFieldError: OBJECT_MAPPER
	at org.apache.hive.service.cli.operation.SQLOperation.getTaskStatus(SQLOperation.java:509)
	at org.apache.hive.service.cli.operation.Operation.getStatus(Operation.java:144)
	at org.apache.hive.service.cli.CLIService.getOperationStatus(CLIService.java:478)
	at org.apache.hive.service.cli.thrift.ThriftCLIService.GetOperationStatus(ThriftCLIService.java:793)
	at org.apache.hive.service.cli.thrift.ThriftCLIServiceClient.getOperationStatus(ThriftCLIServiceClient.java:378)
	at org.apache.hive.service.cli.operation.TestQueryShutdownHooks.testSync(TestQueryShutdownHooks.java:96)
	at sun.reflect.NativeMethodAccessorImpl.invoke0(Native Method)
	at sun.reflect.NativeMethodAccessorImpl.invoke(NativeMethodAccessorImpl.java:62)
	at sun.reflect.DelegatingMethodAccessorImpl.invoke(DelegatingMethodAccessorImpl.java:43)
	at java.lang.reflect.Method.invoke(Method.java:498)
	at org.junit.runners.model.FrameworkMethod$1.runReflectiveCall(FrameworkMethod.java:59)
	at org.junit.internal.runners.model.ReflectiveCallable.run(ReflectiveCallable.java:12)
	at org.junit.runners.model.FrameworkMethod.invokeExplosively(FrameworkMethod.java:56)
	at org.junit.internal.runners.statements.InvokeMethod.evaluate(InvokeMethod.java:17)
	at org.junit.internal.runners.statements.RunBefores.evaluate(RunBefores.java:26)
	at org.junit.internal.runners.statements.RunAfters.evaluate(RunAfters.java:27)
	at org.junit.runners.ParentRunner$3.evaluate(ParentRunner.java:306)
	at org.junit.runners.BlockJUnit4ClassRunner$1.evaluate(BlockJUnit4ClassRunner.java:100)
	at org.junit.runners.ParentRunner.runLeaf(ParentRunner.java:366)
	at org.junit.runners.BlockJUnit4ClassRunner.runChild(BlockJUnit4ClassRunner.java:103)
	at org.junit.runners.BlockJUnit4ClassRunner.runChild(BlockJUnit4ClassRunner.java:63)
	at org.junit.runners.ParentRunner$4.run(ParentRunner.java:331)
	at org.junit.runners.ParentRunner$1.schedule(ParentRunner.java:79)
	at org.junit.runners.ParentRunner.runChildren(ParentRunner.java:329)
	at org.junit.runners.ParentRunner.access$100(ParentRunner.java:66)
	at org.junit.runners.ParentRunner$2.evaluate(ParentRunner.java:293)
	at org.junit.runners.ParentRunner$3.evaluate(ParentRunner.java:306)
	at org.junit.runners.ParentRunner.run(ParentRunner.java:413)
	at org.junit.runner.JUnitCore.run(JUnitCore.java:137)
	at org.junit.runner.JUnitCore.run(JUnitCore.java:115)
	at org.junit.vintage.engine.execution.RunnerExecutor.execute(RunnerExecutor.java:43)
	at java.util.stream.ForEachOps$ForEachOp$OfRef.accept(ForEachOps.java:183)
	at java.util.stream.ReferencePipeline$3$1.accept(ReferencePipeline.java:193)
	at java.util.Iterator.forEachRemaining(Iterator.java:116)
	at java.util.Spliterators$IteratorSpliterator.forEachRemaining(Spliterators.java:1801)
	at java.util.stream.AbstractPipeline.copyInto(AbstractPipeline.java:482)
	at java.util.stream.AbstractPipeline.wrapAndCopyInto(AbstractPipeline.java:472)
	at java.util.stream.ForEachOps$ForEachOp.evaluateSequential(ForEachOps.java:150)
	at java.util.stream.ForEachOps$ForEachOp$OfRef.evaluateSequential(ForEachOps.java:173)
	at java.util.stream.AbstractPipeline.evaluate(AbstractPipeline.java:234)
	at java.util.stream.ReferencePipeline.forEach(ReferencePipeline.java:485)
	at org.junit.vintage.engine.VintageTestEngine.executeAllChildren(VintageTestEngine.java:82)
	at org.junit.vintage.engine.VintageTestEngine.execute(VintageTestEngine.java:73)
	at org.junit.platform.launcher.core.DefaultLauncher.execute(DefaultLauncher.java:248)
	at org.junit.platform.launcher.core.DefaultLauncher.lambda$execute$5(DefaultLauncher.java:211)
	at org.junit.platform.launcher.core.DefaultLauncher.withInterceptedStreams(DefaultLauncher.java:226)
	at org.junit.platform.launcher.core.DefaultLauncher.execute(DefaultLauncher.java:199)
	at org.junit.platform.launcher.core.DefaultLauncher.execute(DefaultLauncher.java:132)
	at org.apache.maven.surefire.junitplatform.JUnitPlatformProvider.invokeAllTests(JUnitPlatformProvider.java:154)
	at org.apache.maven.surefire.junitplatform.JUnitPlatformProvider.invoke(JUnitPlatformProvider.java:123)
	at org.apache.maven.surefire.booter.ForkedBooter.runSuitesInProcess(ForkedBooter.java:377)
	at org.apache.maven.surefire.booter.ForkedBooter.execute(ForkedBooter.java:138)
	at org.apache.maven.surefire.booter.ForkedBooter.run(ForkedBooter.java:465)
	at org.apache.maven.surefire.booter.ForkedBooter.main(ForkedBooter.java:451)
]]></error>
    <system-err><![CDATA[2024-04-24T06:51:44,509  INFO [LocalJobRunner Map Task Executor #0] exec.FileSinkOperator: RECORDS_OUT_OPERATOR_FS_2:1, RECORDS_OUT_INTERMEDIATE:0, RECORDS_OUT_0:0, 
2024-04-24T06:51:44,509  INFO [LocalJobRunner Map Task Executor #0] exec.FileSinkOperator: RECORDS_OUT_OPERATOR_FS_2:1, RECORDS_OUT_0:0, RECORDS_OUT_INTERMEDIATE:0, 
2024-04-24T06:51:44,509  INFO [LocalJobRunner Map Task Executor #0] exec.FileSinkOperator: RECORDS_OUT_INTERMEDIATE:0, RECORDS_OUT_0:0, RECORDS_OUT_OPERATOR_FS_2:1, 
2024-04-24T06:51:44,512  INFO [LocalJobRunner Map Task Executor #0] exec.FileSinkOperator: RECORDS_OUT_INTERMEDIATE:0, RECORDS_OUT_OPERATOR_FS_2:1, RECORDS_OUT_0:0, 
2024-04-24T06:51:44,568  WARN [main] conf.HiveConf: HiveConf of name hive.llap.io.cache.orc.size does not exist
2024-04-24T06:51:44,569  WARN [main] conf.HiveConf: HiveConf of name hive.llap.io.cache.orc.alloc.max does not exist
2024-04-24T06:51:44,569  WARN [main] conf.HiveConf: HiveConf of name hive.dummyparam.test.server.specific.config.hiveserver2site does not exist
2024-04-24T06:51:44,569  WARN [main] conf.HiveConf: HiveConf of name hive.llap.io.cache.orc.arena.size does not exist
2024-04-24T06:51:44,569  WARN [main] conf.HiveConf: HiveConf of name hive.metastore.metadb.dir does not exist
2024-04-24T06:51:44,569  WARN [main] conf.HiveConf: HiveConf of name hive.dummyparam.test.server.specific.config.hivesite does not exist
2024-04-24T06:51:44,569  WARN [main] conf.HiveConf: HiveConf of name hive.dummyparam.test.server.specific.config.override does not exist
2024-04-24T06:51:44,570  WARN [main] conf.HiveConf: HiveConf of name hive.metastore.client.cache.recordStats does not exist
2024-04-24T06:51:44,570  WARN [main] conf.HiveConf: HiveConf of name hive.stats.key.prefix.reserve.length does not exist
2024-04-24T06:51:44,570  WARN [main] conf.HiveConf: HiveConf of name hive.metastore.client.cache.maxSize does not exist
2024-04-24T06:51:44,570  WARN [main] conf.HiveConf: HiveConf of name hive.dummyparam.test.server.specific.config.metastoresite does not exist
2024-04-24T06:51:44,570  WARN [main] conf.HiveConf: HiveConf of name hive.llap.io.cache.orc.alloc.min does not exist
Hive Session ID = 207e6fd0-cc8c-4c55-942d-85335219e8d0
2024-04-24T06:51:44,570  INFO [main] SessionState: Hive Session ID = 207e6fd0-cc8c-4c55-942d-85335219e8d0
ivysettings.xml file not found in HIVE_HOME or HIVE_CONF_DIR,/home/alex/Repositories/hive/conf/ivysettings.xml will be used
2024-04-24T06:51:44,571  INFO [main] DependencyResolver: ivysettings.xml file not found in HIVE_HOME or HIVE_CONF_DIR,/home/alex/Repositories/hive/conf/ivysettings.xml will be used
2024-04-24T06:51:44,579  INFO [main] session.SessionState: Created HDFS directory: /home/alex/Repositories/hive/service/target/tmp/scratchdir/alex/207e6fd0-cc8c-4c55-942d-85335219e8d0
2024-04-24T06:51:44,582  INFO [main] session.SessionState: Created local directory: /home/alex/Repositories/hive/service/target/tmp/localscratchdir/207e6fd0-cc8c-4c55-942d-85335219e8d0
2024-04-24T06:51:44,584  INFO [main] session.SessionState: Created HDFS directory: /home/alex/Repositories/hive/service/target/tmp/scratchdir/alex/207e6fd0-cc8c-4c55-942d-85335219e8d0/_tmp_space.db
2024-04-24T06:51:44,585  INFO [main] sqlstd.SQLStdHiveAccessController: Created SQLStdHiveAccessController for session context : HiveAuthzSessionContext [sessionString=207e6fd0-cc8c-4c55-942d-85335219e8d0, clientType=HIVESERVER2]
2024-04-24T06:51:44,586  INFO [main] metastore.HiveMetaStoreClient: HMS client filtering is enabled.
2024-04-24T06:51:44,587  INFO [main] metastore.HMSHandler: 0: Opening raw store with implementation class:org.apache.hadoop.hive.metastore.ObjectStore
2024-04-24T06:51:44,587  INFO [main] metastore.PersistenceManagerProvider: Configuration datanucleus.autoStartMechanismMode is not set. Defaulting to 'ignored'
2024-04-24T06:51:44,588  INFO [main] metastore.ObjectStore: RawStore: org.apache.hadoop.hive.metastore.ObjectStore@2fc40856, with PersistenceManager: null will be shutdown
2024-04-24T06:51:44,589  INFO [main] metastore.ObjectStore: RawStore: org.apache.hadoop.hive.metastore.ObjectStore@2fc40856, with PersistenceManager: org.datanucleus.api.jdo.JDOPersistenceManager@5543d800 created in the thread with id: 1
2024-04-24T06:51:44,595  INFO [main] metastore.HMSHandler: Created RawStore: org.apache.hadoop.hive.metastore.ObjectStore@2fc40856 from thread id: 1
2024-04-24T06:51:44,595  INFO [main] metastore.HMSHandler: HMS server filtering is disabled by configuration
2024-04-24T06:51:44,595  INFO [main] metastore.RetryingMetaStoreClient: RetryingMetaStoreClient proxy=class org.apache.hadoop.hive.ql.metadata.SessionHiveMetaStoreClient ugi=alex (auth:SIMPLE) retries=1 delay=1 lifetime=0
2024-04-24T06:51:44,596  INFO [main] service.CompositeService: Operation log root directory is created: /home/alex/Repositories/hive/service/target/tmp/alex/operation_logs
2024-04-24T06:51:44,596  INFO [main] service.CompositeService: HiveServer2: Background operation thread pool size: 100
2024-04-24T06:51:44,596  INFO [main] service.CompositeService: HiveServer2: Background operation thread wait queue size: 100
2024-04-24T06:51:44,596  INFO [main] service.CompositeService: HiveServer2: Background operation thread keepalive time: 10 seconds
2024-04-24T06:51:44,596  INFO [main] service.CompositeService: Connections limit are user: 0 ipaddress: 0 user-ipaddress: 0
2024-04-24T06:51:44,598  INFO [main] cleanup.EventualCleanupService: EventualCleanupService started with 10 threads and queue of size 10000
ERROR StatusLogger Log4j2 ConfigurationScheduler attempted to increment scheduled items after start
ERROR StatusLogger Log4j2 ConfigurationScheduler attempted to increment scheduled items after start
2024-04-24T06:51:44,600  INFO [main] service.AbstractService: Service:OperationManager is inited.
2024-04-24T06:51:44,600  INFO [main] service.AbstractService: Service:SessionManager is inited.
2024-04-24T06:51:44,600  INFO [main] service.AbstractService: Service:CLIService is inited.
2024-04-24T06:51:44,600  INFO [main] service.AbstractService: Service:OperationManager is started.
2024-04-24T06:51:44,600  INFO [main] service.AbstractService: Service:SessionManager is started.
2024-04-24T06:51:44,600  INFO [main] service.AbstractService: Service:CLIService is started.
2024-04-24T06:51:44,600  INFO [main] service.AbstractService: Service:ThriftBinaryCLIService is inited.
2024-04-24T06:51:44,612  INFO [main] thrift.ThriftCLIService: Client protocol version: HIVE_CLI_SERVICE_PROTOCOL_V10
2024-04-24T06:51:44,612  INFO [main] thrift.ThriftCLIService: Creating Hive session handle for user [anonymous] from IP null
ivysettings.xml file not found in HIVE_HOME or HIVE_CONF_DIR,/home/alex/Repositories/hive/conf/ivysettings.xml will be used
2024-04-24T06:51:44,613  INFO [main] DependencyResolver: ivysettings.xml file not found in HIVE_HOME or HIVE_CONF_DIR,/home/alex/Repositories/hive/conf/ivysettings.xml will be used
2024-04-24T06:51:44,619  INFO [main] session.SessionState: Created HDFS directory: /home/alex/Repositories/hive/service/target/tmp/scratchdir/alex/d2d234fb-6cc2-4417-807f-7ac95bd351f6
2024-04-24T06:51:44,622  INFO [main] session.SessionState: Created local directory: /home/alex/Repositories/hive/service/target/tmp/localscratchdir/d2d234fb-6cc2-4417-807f-7ac95bd351f6
2024-04-24T06:51:44,624  INFO [main] session.SessionState: Created HDFS directory: /home/alex/Repositories/hive/service/target/tmp/scratchdir/alex/d2d234fb-6cc2-4417-807f-7ac95bd351f6/_tmp_space.db
2024-04-24T06:51:44,625  INFO [main] session.SessionState: Reloading auxiliary JAR files
2024-04-24T06:51:44,625  WARN [main] session.SessionState: Configuration hive.reloadable.aux.jars.path not specified
2024-04-24T06:51:44,625  INFO [main] HiveMetaStore.audit: ugi=alex	ip=unknown-ip-addr	cmd=Cleaning up thread local RawStore...	
2024-04-24T06:51:44,625  INFO [main] metastore.ObjectStore: RawStore: org.apache.hadoop.hive.metastore.ObjectStore@2fc40856, with PersistenceManager: org.datanucleus.api.jdo.JDOPersistenceManager@5543d800 will be shutdown
2024-04-24T06:51:44,625  INFO [main] HiveMetaStore.audit: ugi=alex	ip=unknown-ip-addr	cmd=Done cleaning up thread local RawStore	
2024-04-24T06:51:44,625  INFO [main] metastore.HiveMetaStoreClient: Closed a connection to metastore, current connections: -3
2024-04-24T06:51:44,625  INFO [main] session.HiveSessionImpl: Operation log session directory is created: /home/alex/Repositories/hive/service/target/tmp/alex/operation_logs/d2d234fb-6cc2-4417-807f-7ac95bd351f6
2024-04-24T06:51:44,625  INFO [main] service.CompositeService: Session opened, SessionHandle [d2d234fb-6cc2-4417-807f-7ac95bd351f6], current sessions:1
2024-04-24T06:51:44,625  INFO [main] thrift.ThriftCLIService: Login attempt is successful for user : anonymous
2024-04-24T06:51:44,625  INFO [d2d234fb-6cc2-4417-807f-7ac95bd351f6 main] session.HiveSessionImpl: executing select reflect("java.lang.System", "currentTimeMillis")
2024-04-24T06:51:44,627  INFO [d2d234fb-6cc2-4417-807f-7ac95bd351f6 main] operation.OperationManager: Adding operation: OperationHandle [opType=EXECUTE_STATEMENT, getHandleIdentifier()=152865da-83ea-4036-98a4-eb604255c279] SessionHandle [d2d234fb-6cc2-4417-807f-7ac95bd351f6]
2024-04-24T06:51:44,627  INFO [d2d234fb-6cc2-4417-807f-7ac95bd351f6 main] common.LogUtils: Thread context registration is done.
DEBUG StatusLogger Building Plugin[name=filter, class=org.apache.hadoop.hive.ql.log.LogDivertAppender$NameFilter].
DEBUG StatusLogger createFilter(loggingLevel="EXECUTION")
DEBUG StatusLogger Building Plugin[name=layout, class=org.apache.logging.log4j.core.layout.PatternLayout].
DEBUG StatusLogger PatternLayout$Builder(PatternSelector=null, alwaysWriteExceptions="null", footer="null", Configuration(HiveLog4j2Test), disableAnsi="null", pattern="%-5p : %m%n", noConsoleNoAnsi="null", charset="null", Replace=null, header="null")
DEBUG StatusLogger Building Plugin[name=appender, class=org.apache.hadoop.hive.ql.log.HushableRandomAccessFileAppender].
DEBUG StatusLogger createAppender(fileName="/home/alex/Repositories/hive/service/target/tmp/alex/operation_logs/d2d234fb-6cc2-4417-807f-7ac95bd351f6/alex_20240424065144_209fccec-8ca9-460e-ac84-23564648c886", append="null", name="query-file-appender", immediateFlush="null", bufferSize="null", ignoreExceptions="null", PatternLayout(org.apache.logging.log4j.core.layout.PatternLayout with name PatternLayout), NameFilter(org.apache.hadoop.hive.ql.log.LogDivertAppender$NameFilter with name NameFilter), advertise="null", advertiseURI="null", Configuration(HiveLog4j2Test))
DEBUG StatusLogger Starting RandomAccessFileManager /home/alex/Repositories/hive/service/target/tmp/alex/operation_logs/d2d234fb-6cc2-4417-807f-7ac95bd351f6/alex_20240424065144_209fccec-8ca9-460e-ac84-23564648c886
DEBUG StatusLogger Building Plugin[name=, class=org.apache.hadoop.hive.ql.log.LogDivertAppenderForTest$TestFilter].
DEBUG StatusLogger createFilter()
DEBUG StatusLogger Building Plugin[name=, class=org.apache.logging.log4j.core.layout.PatternLayout].
DEBUG StatusLogger PatternLayout$Builder(footer="null", charset="null", pattern="%-5p : %m%n", disableAnsi="null", header="null", Replace=null, noConsoleNoAnsi="null", Configuration(HiveLog4j2Test), alwaysWriteExceptions="null", PatternSelector=null)
DEBUG StatusLogger Building Plugin[name=appender, class=org.apache.hadoop.hive.ql.log.HushableRandomAccessFileAppender].
DEBUG StatusLogger createAppender(fileName="/home/alex/Repositories/hive/service/target/tmp/alex/operation_logs/d2d234fb-6cc2-4417-807f-7ac95bd351f6/alex_20240424065144_209fccec-8ca9-460e-ac84-23564648c886.test", append="null", name="test-query-file-appender", immediateFlush="null", bufferSize="null", ignoreExceptions="null", PatternLayout(org.apache.logging.log4j.core.layout.PatternLayout with name PatternLayout), test-filter(org.apache.hadoop.hive.ql.log.LogDivertAppenderForTest$TestFilter with name test-filter), advertise="null", advertiseURI="null", Configuration(HiveLog4j2Test))
DEBUG StatusLogger Starting RandomAccessFileManager /home/alex/Repositories/hive/service/target/tmp/alex/operation_logs/d2d234fb-6cc2-4417-807f-7ac95bd351f6/alex_20240424065144_209fccec-8ca9-460e-ac84-23564648c886.test
2024-04-24T06:51:44,633  INFO [d2d234fb-6cc2-4417-807f-7ac95bd351f6 main] operation.SQLOperation: [opType=EXECUTE_STATEMENT, queryId=alex_20240424065144_209fccec-8ca9-460e-ac84-23564648c886, startTime=1713966704626, sessionId=d2d234fb-6cc2-4417-807f-7ac95bd351f6, createTime=1713966704612, userName=anonymous, ipAddress=null]
2024-04-24T06:51:44,634  INFO [d2d234fb-6cc2-4417-807f-7ac95bd351f6 main] ql.Driver: Compiling command(queryId=alex_20240424065144_209fccec-8ca9-460e-ac84-23564648c886): select reflect("java.lang.System", "currentTimeMillis")
2024-04-24T06:51:44,636  INFO [d2d234fb-6cc2-4417-807f-7ac95bd351f6 main] metastore.HiveMetaStoreClient: HMS client filtering is enabled.
2024-04-24T06:51:44,637  INFO [d2d234fb-6cc2-4417-807f-7ac95bd351f6 main] metastore.HMSHandler: 0: Opening raw store with implementation class:org.apache.hadoop.hive.metastore.ObjectStore
2024-04-24T06:51:44,637  INFO [d2d234fb-6cc2-4417-807f-7ac95bd351f6 main] metastore.PersistenceManagerProvider: Configuration datanucleus.autoStartMechanismMode is not set. Defaulting to 'ignored'
2024-04-24T06:51:44,638  INFO [d2d234fb-6cc2-4417-807f-7ac95bd351f6 main] metastore.ObjectStore: RawStore: org.apache.hadoop.hive.metastore.ObjectStore@7c6fc278, with PersistenceManager: null will be shutdown
2024-04-24T06:51:44,639  INFO [d2d234fb-6cc2-4417-807f-7ac95bd351f6 main] metastore.ObjectStore: RawStore: org.apache.hadoop.hive.metastore.ObjectStore@7c6fc278, with PersistenceManager: org.datanucleus.api.jdo.JDOPersistenceManager@23ee92df created in the thread with id: 1
2024-04-24T06:51:44,645  INFO [d2d234fb-6cc2-4417-807f-7ac95bd351f6 main] metastore.HMSHandler: Created RawStore: org.apache.hadoop.hive.metastore.ObjectStore@7c6fc278 from thread id: 1
2024-04-24T06:51:44,645  INFO [d2d234fb-6cc2-4417-807f-7ac95bd351f6 main] metastore.HMSHandler: HMS server filtering is disabled by configuration
2024-04-24T06:51:44,645  INFO [d2d234fb-6cc2-4417-807f-7ac95bd351f6 main] metastore.RetryingMetaStoreClient: RetryingMetaStoreClient proxy=class org.apache.hadoop.hive.ql.metadata.SessionHiveMetaStoreClient ugi=alex (auth:SIMPLE) retries=1 delay=1 lifetime=0
2024-04-24T06:51:44,646  INFO [d2d234fb-6cc2-4417-807f-7ac95bd351f6 main] parse.CalcitePlanner: Starting caching scope for: alex_20240424065144_209fccec-8ca9-460e-ac84-23564648c886
2024-04-24T06:51:44,646  INFO [d2d234fb-6cc2-4417-807f-7ac95bd351f6 main] parse.CalcitePlanner: Starting Semantic Analysis
2024-04-24T06:51:44,646  INFO [d2d234fb-6cc2-4417-807f-7ac95bd351f6 main] sqlstd.SQLStdHiveAccessController: Created SQLStdHiveAccessController for session context : HiveAuthzSessionContext [sessionString=d2d234fb-6cc2-4417-807f-7ac95bd351f6, clientType=HIVESERVER2]
2024-04-24T06:51:44,647  INFO [d2d234fb-6cc2-4417-807f-7ac95bd351f6 main] parse.CalcitePlanner: Completed phase 1 of Semantic Analysis
2024-04-24T06:51:44,647  INFO [d2d234fb-6cc2-4417-807f-7ac95bd351f6 main] parse.CalcitePlanner: Get metadata for source tables
2024-04-24T06:51:44,647  INFO [d2d234fb-6cc2-4417-807f-7ac95bd351f6 main] parse.CalcitePlanner: Get metadata for subqueries
2024-04-24T06:51:44,647  INFO [d2d234fb-6cc2-4417-807f-7ac95bd351f6 main] parse.CalcitePlanner: Get metadata for destination tables
2024-04-24T06:51:44,647  INFO [d2d234fb-6cc2-4417-807f-7ac95bd351f6 main] parse.CalcitePlanner: Completed getting MetaData in Semantic Analysis
2024-04-24T06:51:44,677  INFO [d2d234fb-6cc2-4417-807f-7ac95bd351f6 main] HiveMetaStore.audit: ugi=alex	ip=unknown-ip-addr	cmd=get_all_table_constraints : tbl=hive._dummy_database._dummy_table	
2024-04-24T06:51:44,745  INFO [d2d234fb-6cc2-4417-807f-7ac95bd351f6 main] parse.CalcitePlanner: Get metadata for source tables
2024-04-24T06:51:44,746  INFO [d2d234fb-6cc2-4417-807f-7ac95bd351f6 main] HiveMetaStore.audit: ugi=alex	ip=unknown-ip-addr	cmd=get_table : tbl=hive._dummy_database._dummy_table	
2024-04-24T06:51:44,748  INFO [d2d234fb-6cc2-4417-807f-7ac95bd351f6 main] parse.CalcitePlanner: Get metadata for subqueries
2024-04-24T06:51:44,748  INFO [d2d234fb-6cc2-4417-807f-7ac95bd351f6 main] parse.CalcitePlanner: Get metadata for destination tables
2024-04-24T06:51:44,749  INFO [d2d234fb-6cc2-4417-807f-7ac95bd351f6 main] common.FileUtils: Creating directory if it doesn't exist: file:/home/alex/Repositories/hive/service/target/tmp/localscratchdir/d2d234fb-6cc2-4417-807f-7ac95bd351f6/hive_2024-04-24_06-51-44_634_1358860910684016377-1/-mr-10001/.hive-staging_hive_2024-04-24_06-51-44_634_1358860910684016377-1
2024-04-24T06:51:44,755  INFO [d2d234fb-6cc2-4417-807f-7ac95bd351f6 main] parse.CalcitePlanner: CBO Succeeded; optimized logical plan.
2024-04-24T06:51:44,758  INFO [d2d234fb-6cc2-4417-807f-7ac95bd351f6 main] optimizer.BucketVersionPopulator: not considering bucketingVersion for: TS[0] because it has -1<2 buckets 
2024-04-24T06:51:44,759  INFO [d2d234fb-6cc2-4417-807f-7ac95bd351f6 main] optimizer.SortedDynPartitionOptimizer: Sorted dynamic partitioning optimization kicked in..
2024-04-24T06:51:44,770  INFO [d2d234fb-6cc2-4417-807f-7ac95bd351f6 main] physical.Vectorizer: Examining input format to see if vectorization is enabled.
2024-04-24T06:51:44,771  INFO [d2d234fb-6cc2-4417-807f-7ac95bd351f6 main] physical.Vectorizer: Map vectorization enabled: false
2024-04-24T06:51:44,771  INFO [d2d234fb-6cc2-4417-807f-7ac95bd351f6 main] physical.Vectorizer: Map vectorized: false
2024-04-24T06:51:44,771  INFO [d2d234fb-6cc2-4417-807f-7ac95bd351f6 main] physical.Vectorizer: Map vectorizedVertexNum: 0
2024-04-24T06:51:44,771  INFO [d2d234fb-6cc2-4417-807f-7ac95bd351f6 main] physical.Vectorizer: Map enabledConditionsMet: [hive.vectorized.use.vectorized.input.format IS true]
2024-04-24T06:51:44,771  INFO [d2d234fb-6cc2-4417-807f-7ac95bd351f6 main] physical.Vectorizer: Map enabledConditionsNotMet: [Could not enable vectorization due to partition column names size 1 is greater than the number of table column names size 0 IS false]
2024-04-24T06:51:44,771  INFO [d2d234fb-6cc2-4417-807f-7ac95bd351f6 main] physical.Vectorizer: Map inputFileFormatClassNameSet: [org.apache.hadoop.hive.ql.io.NullRowsInputFormat]
2024-04-24T06:51:44,771  INFO [d2d234fb-6cc2-4417-807f-7ac95bd351f6 main] parse.CalcitePlanner: Completed plan generation
2024-04-24T06:51:44,771  INFO [d2d234fb-6cc2-4417-807f-7ac95bd351f6 main] parse.CalcitePlanner: Ending caching scope for: alex_20240424065144_209fccec-8ca9-460e-ac84-23564648c886
2024-04-24T06:51:44,771  INFO [d2d234fb-6cc2-4417-807f-7ac95bd351f6 main] ql.Driver: Semantic Analysis Completed (retrial = false)
2024-04-24T06:51:44,771  INFO [d2d234fb-6cc2-4417-807f-7ac95bd351f6 main] ql.Driver: Created Hive schema: Schema(fieldSchemas:[FieldSchema(name:_c0, type:string, comment:null)], properties:null)
2024-04-24T06:51:44,773  INFO [d2d234fb-6cc2-4417-807f-7ac95bd351f6 main] exec.ListSinkOperator: Initializing Operator: LIST_SINK[3]
2024-04-24T06:51:44,774  INFO [d2d234fb-6cc2-4417-807f-7ac95bd351f6 main] metadata.Hive: Dumping metastore api call timing information for : compilation phase
2024-04-24T06:51:44,774  INFO [d2d234fb-6cc2-4417-807f-7ac95bd351f6 main] metadata.Hive: Total time spent in each metastore function (ms): {flushCache_()=1, getAllTableConstraints_(AllTableConstraintsRequest)=5, isCompatibleWith_(Configuration)=0}
2024-04-24T06:51:44,774  INFO [d2d234fb-6cc2-4417-807f-7ac95bd351f6 main] ql.Driver: Completed compiling command(queryId=alex_20240424065144_209fccec-8ca9-460e-ac84-23564648c886); Time taken: 0.14 seconds
2024-04-24T06:51:44,775  INFO [d2d234fb-6cc2-4417-807f-7ac95bd351f6 main] reexec.ReExecDriver: Execution #1 of query
2024-04-24T06:51:44,775  INFO [d2d234fb-6cc2-4417-807f-7ac95bd351f6 main] lockmgr.DummyTxnManager: Creating lock manager of type org.apache.hadoop.hive.ql.lockmgr.EmbeddedLockManager
2024-04-24T06:51:44,776  INFO [d2d234fb-6cc2-4417-807f-7ac95bd351f6 main] ql.Driver: Operation QUERY obtained 2 locks
2024-04-24T06:51:44,776  INFO [d2d234fb-6cc2-4417-807f-7ac95bd351f6 main] ql.Driver: Executing command(queryId=alex_20240424065144_209fccec-8ca9-460e-ac84-23564648c886): select reflect("java.lang.System", "currentTimeMillis")
PREHOOK: query: select reflect("java.lang.System", "currentTimeMillis")
2024-04-24T06:51:44,776  INFO [d2d234fb-6cc2-4417-807f-7ac95bd351f6 main] SessionState: PREHOOK: query: select reflect("java.lang.System", "currentTimeMillis")
PREHOOK: type: QUERY
2024-04-24T06:51:44,776  INFO [d2d234fb-6cc2-4417-807f-7ac95bd351f6 main] SessionState: PREHOOK: type: QUERY
PREHOOK: Input: _dummy_database@_dummy_table
2024-04-24T06:51:44,776  INFO [d2d234fb-6cc2-4417-807f-7ac95bd351f6 main] SessionState: PREHOOK: Input: _dummy_database@_dummy_table
PREHOOK: Output: file:/home/alex/Repositories/hive/service/target/tmp/localscratchdir/d2d234fb-6cc2-4417-807f-7ac95bd351f6/hive_2024-04-24_06-51-44_634_1358860910684016377-1/-mr-10001
2024-04-24T06:51:44,776  INFO [d2d234fb-6cc2-4417-807f-7ac95bd351f6 main] SessionState: PREHOOK: Output: file:/home/alex/Repositories/hive/service/target/tmp/localscratchdir/d2d234fb-6cc2-4417-807f-7ac95bd351f6/hive_2024-04-24_06-51-44_634_1358860910684016377-1/-mr-10001
2024-04-24T06:51:44,777  WARN [d2d234fb-6cc2-4417-807f-7ac95bd351f6 main] ql.Driver: Hive-on-MR is deprecated in Hive 2 and may not be available in the future versions. Consider using a different execution engine (i.e. spark, tez) or using Hive 1.X releases.
Query ID = alex_20240424065144_209fccec-8ca9-460e-ac84-23564648c886
2024-04-24T06:51:44,777  INFO [d2d234fb-6cc2-4417-807f-7ac95bd351f6 main] ql.Driver: Query ID = alex_20240424065144_209fccec-8ca9-460e-ac84-23564648c886
Total jobs = 1
2024-04-24T06:51:44,777  INFO [d2d234fb-6cc2-4417-807f-7ac95bd351f6 main] ql.Driver: Total jobs = 1
Launching Job 1 out of 1
2024-04-24T06:51:44,777  INFO [d2d234fb-6cc2-4417-807f-7ac95bd351f6 main] ql.Driver: Launching Job 1 out of 1
2024-04-24T06:51:44,946  INFO [d2d234fb-6cc2-4417-807f-7ac95bd351f6 main] ql.Driver: Starting task [Stage-1:MAPRED] in serial mode
Number of reduce tasks is set to 0 since there's no reduce operator
2024-04-24T06:51:44,946  INFO [d2d234fb-6cc2-4417-807f-7ac95bd351f6 main] exec.Task: Number of reduce tasks is set to 0 since there's no reduce operator
2024-04-24T06:51:44,949  INFO [d2d234fb-6cc2-4417-807f-7ac95bd351f6 main] mr.ExecDriver: Using org.apache.hadoop.hive.ql.io.CombineHiveInputFormat
2024-04-24T06:51:44,949  INFO [d2d234fb-6cc2-4417-807f-7ac95bd351f6 main] exec.Utilities: Processing alias _dummy_table
2024-04-24T06:51:44,949  INFO [d2d234fb-6cc2-4417-807f-7ac95bd351f6 main] exec.Utilities: Adding 1 inputs; the first input is file:/home/alex/Repositories/hive/service/target/tmp/localscratchdir/d2d234fb-6cc2-4417-807f-7ac95bd351f6/hive_2024-04-24_06-51-44_634_1358860910684016377-1/dummy_path
2024-04-24T06:51:44,962  INFO [d2d234fb-6cc2-4417-807f-7ac95bd351f6 main] exec.SerializationUtilities: Serializing MapWork using kryo
2024-04-24T06:51:44,964  INFO [d2d234fb-6cc2-4417-807f-7ac95bd351f6 main] exec.Utilities: Serialized plan (via FILE) - name: null size: 5,14KB
2024-04-24T06:51:44,966  WARN [d2d234fb-6cc2-4417-807f-7ac95bd351f6 main] impl.MetricsSystemImpl: JobTracker metrics system already initialized!
2024-04-24T06:51:44,975  WARN [d2d234fb-6cc2-4417-807f-7ac95bd351f6 main] impl.MetricsSystemImpl: JobTracker metrics system already initialized!
2024-04-24T06:51:44,984  WARN [d2d234fb-6cc2-4417-807f-7ac95bd351f6 main] mapreduce.JobResourceUploader: Hadoop command-line option parsing not performed. Implement the Tool interface and execute your application with ToolRunner to remedy this.
2024-04-24T06:51:44,989  WARN [d2d234fb-6cc2-4417-807f-7ac95bd351f6 main] mapreduce.JobResourceUploader: No job jar file set.  User classes may not be found. See Job or Job#setJar(String).
2024-04-24T06:51:44,989  INFO [d2d234fb-6cc2-4417-807f-7ac95bd351f6 main] io.CombineHiveInputFormat: Total number of paths: 1, launching 1 threads to check non-combinable ones.
2024-04-24T06:51:44,991  INFO [d2d234fb-6cc2-4417-807f-7ac95bd351f6 main] io.CombineHiveInputFormat: CombineHiveInputSplit creating pool for file:/home/alex/Repositories/hive/service/target/tmp/localscratchdir/d2d234fb-6cc2-4417-807f-7ac95bd351f6/hive_2024-04-24_06-51-44_634_1358860910684016377-1/dummy_path; using filter path file:/home/alex/Repositories/hive/service/target/tmp/localscratchdir/d2d234fb-6cc2-4417-807f-7ac95bd351f6/hive_2024-04-24_06-51-44_634_1358860910684016377-1/dummy_path
2024-04-24T06:51:44,997  INFO [d2d234fb-6cc2-4417-807f-7ac95bd351f6 main] input.FileInputFormat: Total input files to process : 1
2024-04-24T06:51:44,997  INFO [d2d234fb-6cc2-4417-807f-7ac95bd351f6 main] input.CombineFileInputFormat: DEBUG: Terminated node allocation with : CompletedNodes: 1, size left: 0
2024-04-24T06:51:44,998  INFO [d2d234fb-6cc2-4417-807f-7ac95bd351f6 main] io.CombineHiveInputFormat: Number of all splits 1
2024-04-24T06:51:45,019  INFO [d2d234fb-6cc2-4417-807f-7ac95bd351f6 main] mapreduce.JobSubmitter: number of splits:1
2024-04-24T06:51:45,056  INFO [d2d234fb-6cc2-4417-807f-7ac95bd351f6 main] mapreduce.JobSubmitter: Submitting tokens for job: job_local1793433551_0006
2024-04-24T06:51:45,057  INFO [d2d234fb-6cc2-4417-807f-7ac95bd351f6 main] mapreduce.JobSubmitter: Executing with tokens: []
2024-04-24T06:51:45,129  INFO [d2d234fb-6cc2-4417-807f-7ac95bd351f6 main] mapreduce.Job: The url to track the job: http://localhost:8080/
Job running in-process (local Hadoop)
2024-04-24T06:51:45,129  INFO [d2d234fb-6cc2-4417-807f-7ac95bd351f6 main] exec.Task: Job running in-process (local Hadoop)
2024-04-24T06:51:45,129  INFO [Thread-296] mapred.LocalJobRunner: OutputCommitter set in config org.apache.hadoop.hive.ql.io.HiveFileFormatUtils$NullOutputCommitter
2024-04-24T06:51:45,129  INFO [Thread-296] mapred.LocalJobRunner: OutputCommitter is org.apache.hadoop.hive.ql.io.HiveFileFormatUtils$NullOutputCommitter
2024-04-24T06:51:45,132  INFO [Thread-296] mapred.LocalJobRunner: Waiting for map tasks
2024-04-24T06:51:45,132  INFO [LocalJobRunner Map Task Executor #0] mapred.LocalJobRunner: Starting task: attempt_local1793433551_0006_m_000000_0
2024-04-24T06:51:45,136  INFO [LocalJobRunner Map Task Executor #0] mapred.Task:  Using ResourceCalculatorProcessTree : [ ]
2024-04-24T06:51:45,136  INFO [LocalJobRunner Map Task Executor #0] mapred.MapTask: Processing split: Paths:/home/alex/Repositories/hive/service/target/tmp/localscratchdir/d2d234fb-6cc2-4417-807f-7ac95bd351f6/hive_2024-04-24_06-51-44_634_1358860910684016377-1/dummy_path/dummy_file:0+1InputFormatClass: org.apache.hadoop.hive.ql.io.NullRowsInputFormat

2024-04-24T06:51:45,141  INFO [LocalJobRunner Map Task Executor #0] exec.SerializationUtilities: Deserializing MapWork using kryo
2024-04-24T06:51:45,142  INFO [LocalJobRunner Map Task Executor #0] exec.Utilities: Deserialized plan (via FILE) - name: null size: 5,14KB
2024-04-24T06:51:45,143  INFO [LocalJobRunner Map Task Executor #0] mapred.MapTask: numReduceTasks: 0
2024-04-24T06:51:45,145  INFO [LocalJobRunner Map Task Executor #0] exec.MapOperator: Initializing Operator: MAP[0]
2024-04-24T06:51:45,146  INFO [LocalJobRunner Map Task Executor #0] mr.ExecMapper: 
<MAP>Id =0
  <Children>null
  <\Children>
  <Parent><\Parent>
<\MAP>
2024-04-24T06:51:45,146  INFO [LocalJobRunner Map Task Executor #0] exec.TableScanOperator: Initializing Operator: TS[0]
2024-04-24T06:51:45,146  INFO [LocalJobRunner Map Task Executor #0] exec.SelectOperator: Initializing Operator: SEL[1]
2024-04-24T06:51:45,146  INFO [LocalJobRunner Map Task Executor #0] exec.SelectOperator: SELECT null
2024-04-24T06:51:45,146  INFO [LocalJobRunner Map Task Executor #0] exec.FileSinkOperator: Initializing Operator: FS[2]
2024-04-24T06:51:45,147  INFO [LocalJobRunner Map Task Executor #0] exec.FileSinkOperator: Using serializer : class org.apache.hadoop.hive.serde2.lazy.LazySimpleSerDe [serdeParams=org.apache.hadoop.hive.serde2.lazy.LazySerDeParameters@1bd1b605, cachedObjectInspector=org.apache.hadoop.hive.serde2.lazy.objectinspector.LazySimpleStructObjectInspector<org.apache.hadoop.hive.serde2.lazy.objectinspector.primitive.LazyStringObjectInspector@5454be>, serializedSize=0, stats=org.apache.hadoop.hive.serde2.SerDeStats@7fcd5ec6, lastOperationSerialize=false, lastOperationDeserialize=false [1, 2, 3, 4, 5, 6, 7, 8, 11, 14, 15, 16, 17, 18, 19, 20, 21, 22, 23, 24, 25, 26, 28, 29, 30, 31, -128, -127, -126, -125, -124, -123, -122, -121, -120, -119, -118, -117, -116, -115, -114, -113, -112, -111, -110, -109, -108, -107, -106, -105, -104, -103, -102, -101, -100, -99, -98, -97, -96, -95, -94, -93, -92, -91, -90, -89, -88, -87, -86, -85, -84, -83, -82, -81, -80, -79, -78, -77, -76, -75, -74, -73, -72, -71, -70, -69, -68, -67, -66, -65, -64, -63, -62, -61, -60, -59, -58, -57, -56, -55, -54, -53, -52, -51, -50, -49, -48, -47, -46, -45, -44, -43, -42, -41, -40, -39, -38, -37, -36, -35, -34, -33, -32, -31, -30, -29, -28, -27, -26, -25, -24, -23, -22, -21, -20, -19, -18, -17, -16, -15, -14, -13, -12, -11, -10, -9, -8, -7, -6, -5, -4, -3, -2, -1] : [_col0] : [string]] and formatter : org.apache.hadoop.hive.ql.io.HiveSequenceFileOutputFormat@79acc00d
2024-04-24T06:51:45,147  INFO [LocalJobRunner Map Task Executor #0] exec.FileSinkOperator: Final Path: FS file:/home/alex/Repositories/hive/service/target/tmp/localscratchdir/d2d234fb-6cc2-4417-807f-7ac95bd351f6/hive_2024-04-24_06-51-44_634_1358860910684016377-1/-mr-10001/.hive-staging_hive_2024-04-24_06-51-44_634_1358860910684016377-1/_tmp.-ext-10002/000000_0
2024-04-24T06:51:45,148  INFO [LocalJobRunner Map Task Executor #0] exec.FileSinkOperator: Writing to temp file: FS file:/home/alex/Repositories/hive/service/target/tmp/localscratchdir/d2d234fb-6cc2-4417-807f-7ac95bd351f6/hive_2024-04-24_06-51-44_634_1358860910684016377-1/-mr-10001/.hive-staging_hive_2024-04-24_06-51-44_634_1358860910684016377-1/_task_tmp.-ext-10002/_tmp.000000_0
2024-04-24T06:51:45,148  INFO [LocalJobRunner Map Task Executor #0] exec.FileSinkOperator: New Final Path: FS file:/home/alex/Repositories/hive/service/target/tmp/localscratchdir/d2d234fb-6cc2-4417-807f-7ac95bd351f6/hive_2024-04-24_06-51-44_634_1358860910684016377-1/-mr-10001/.hive-staging_hive_2024-04-24_06-51-44_634_1358860910684016377-1/_tmp.-ext-10002/000000_0
2024-04-24T06:51:45,160  INFO [LocalJobRunner Map Task Executor #0] exec.FileSinkOperator: FS[2]: records written - 1
2024-04-24T06:51:45,160  INFO [LocalJobRunner Map Task Executor #0] exec.MapOperator: MAP[0]: records read - 1
2024-04-24T06:51:45,160  INFO [LocalJobRunner Map Task Executor #0] exec.MapOperator: Closing Operator: MAP[0]
2024-04-24T06:51:45,160  INFO [LocalJobRunner Map Task Executor #0] exec.MapOperator: MAP[0]: Total records read - 3. abort - false
2024-04-24T06:51:45,160  INFO [LocalJobRunner Map Task Executor #0] exec.MapOperator: RECORDS_OUT_INTERMEDIATE:0, RECORDS_IN:3, DESERIALIZE_ERRORS:0, RECORDS_OUT_OPERATOR_MAP_0:0, 
2024-04-24T06:51:45,160  INFO [LocalJobRunner Map Task Executor #0] exec.TableScanOperator: Closing Operator: TS[0]
2024-04-24T06:51:45,160  INFO [LocalJobRunner Map Task Executor #0] exec.TableScanOperator: RECORDS_OUT_OPERATOR_TS_0:1, RECORDS_OUT_INTERMEDIATE:0, 
2024-04-24T06:51:45,160  INFO [LocalJobRunner Map Task Executor #0] exec.SelectOperator: Closing Operator: SEL[1]
2024-04-24T06:51:45,160  INFO [LocalJobRunner Map Task Executor #0] exec.SelectOperator: RECORDS_OUT_INTERMEDIATE:0, RECORDS_OUT_OPERATOR_SEL_1:1, 
2024-04-24T06:51:45,160  INFO [LocalJobRunner Map Task Executor #0] exec.FileSinkOperator: Closing Operator: FS[2]
2024-04-24T06:51:45,160  INFO [LocalJobRunner Map Task Executor #0] exec.FileSinkOperator: FS[2]: records written - 1
2024-04-24T06:51:45,161  INFO [LocalJobRunner Map Task Executor #0] exec.FileSinkOperator: RECORDS_OUT_0:1, RECORDS_OUT_OPERATOR_FS_2:1, RECORDS_OUT_INTERMEDIATE:0, 
2024-04-24T06:51:45,162  INFO [LocalJobRunner Map Task Executor #0] mapred.LocalJobRunner: 
2024-04-24T06:51:45,165  INFO [LocalJobRunner Map Task Executor #0] mapred.Task: Task:attempt_local1793433551_0006_m_000000_0 is done. And is in the process of committing
2024-04-24T06:51:45,166  INFO [LocalJobRunner Map Task Executor #0] mapred.LocalJobRunner: map
2024-04-24T06:51:45,166  INFO [LocalJobRunner Map Task Executor #0] mapred.Task: Task 'attempt_local1793433551_0006_m_000000_0' done.
2024-04-24T06:51:45,166  INFO [LocalJobRunner Map Task Executor #0] mapred.Task: Final Counters for attempt_local1793433551_0006_m_000000_0: Counters: 24
	File System Counters
		FILE: Number of bytes read=33492
		FILE: Number of bytes written=6933412
		FILE: Number of read operations=0
		FILE: Number of large read operations=0
		FILE: Number of write operations=0
	Map-Reduce Framework
		Map input records=4
		Map output records=0
		Input split bytes=341
		Spilled Records=0
		Failed Shuffles=0
		Merged Map outputs=0
		GC time elapsed (ms)=0
		Total committed heap usage (bytes)=933756928
	HIVE
		CREATED_FILES=1
		DESERIALIZE_ERRORS=0
		RECORDS_IN=3
		RECORDS_OUT_0=1
		RECORDS_OUT_INTERMEDIATE=0
		RECORDS_OUT_OPERATOR_FS_2=1
		RECORDS_OUT_OPERATOR_MAP_0=0
		RECORDS_OUT_OPERATOR_SEL_1=1
		RECORDS_OUT_OPERATOR_TS_0=1
	File Input Format Counters 
		Bytes Read=0
	File Output Format Counters 
		Bytes Written=0
2024-04-24T06:51:45,166  INFO [LocalJobRunner Map Task Executor #0] mapred.LocalJobRunner: Finishing task: attempt_local1793433551_0006_m_000000_0
2024-04-24T06:51:45,166  INFO [Thread-296] mapred.LocalJobRunner: map task executor complete.
2024-04-24 06:51:46,141 Stage-1 map = 100%,  reduce = 0%
2024-04-24T06:51:46,142  INFO [d2d234fb-6cc2-4417-807f-7ac95bd351f6 main] exec.Task: 2024-04-24 06:51:46,141 Stage-1 map = 100%,  reduce = 0%
Ended Job = job_local1793433551_0006
2024-04-24T06:51:46,146  INFO [d2d234fb-6cc2-4417-807f-7ac95bd351f6 main] exec.Task: Ended Job = job_local1793433551_0006
POSTHOOK: query: select reflect("java.lang.System", "currentTimeMillis")
2024-04-24T06:51:46,155  INFO [d2d234fb-6cc2-4417-807f-7ac95bd351f6 main] SessionState: POSTHOOK: query: select reflect("java.lang.System", "currentTimeMillis")
POSTHOOK: type: QUERY
2024-04-24T06:51:46,155  INFO [d2d234fb-6cc2-4417-807f-7ac95bd351f6 main] SessionState: POSTHOOK: type: QUERY
POSTHOOK: Input: _dummy_database@_dummy_table
2024-04-24T06:51:46,156  INFO [d2d234fb-6cc2-4417-807f-7ac95bd351f6 main] SessionState: POSTHOOK: Input: _dummy_database@_dummy_table
POSTHOOK: Output: file:/home/alex/Repositories/hive/service/target/tmp/localscratchdir/d2d234fb-6cc2-4417-807f-7ac95bd351f6/hive_2024-04-24_06-51-44_634_1358860910684016377-1/-mr-10001
2024-04-24T06:51:46,156  INFO [d2d234fb-6cc2-4417-807f-7ac95bd351f6 main] SessionState: POSTHOOK: Output: file:/home/alex/Repositories/hive/service/target/tmp/localscratchdir/d2d234fb-6cc2-4417-807f-7ac95bd351f6/hive_2024-04-24_06-51-44_634_1358860910684016377-1/-mr-10001
2024-04-24T06:51:46,156  INFO [d2d234fb-6cc2-4417-807f-7ac95bd351f6 main] metadata.Hive: Dumping metastore api call timing information for : execution phase
2024-04-24T06:51:46,157  INFO [d2d234fb-6cc2-4417-807f-7ac95bd351f6 main] metadata.Hive: Total time spent in each metastore function (ms): {}
MapReduce Jobs Launched: 
2024-04-24T06:51:46,158  INFO [d2d234fb-6cc2-4417-807f-7ac95bd351f6 main] ql.Driver: MapReduce Jobs Launched: 
Stage-Stage-1:  HDFS Read: 0 HDFS Write: 0 SUCCESS
2024-04-24T06:51:46,158  INFO [d2d234fb-6cc2-4417-807f-7ac95bd351f6 main] ql.Driver: Stage-Stage-1:  HDFS Read: 0 HDFS Write: 0 SUCCESS
Total MapReduce CPU Time Spent: 0 msec
2024-04-24T06:51:46,159  INFO [d2d234fb-6cc2-4417-807f-7ac95bd351f6 main] ql.Driver: Total MapReduce CPU Time Spent: 0 msec
2024-04-24T06:51:46,159  INFO [d2d234fb-6cc2-4417-807f-7ac95bd351f6 main] ql.Driver: Completed executing command(queryId=alex_20240424065144_209fccec-8ca9-460e-ac84-23564648c886); Time taken: 1.38 seconds
2024-04-24T06:51:46,161  INFO [d2d234fb-6cc2-4417-807f-7ac95bd351f6 main] common.LogUtils: Unregistered logging context.
2024-04-24T06:51:46,162  INFO [d2d234fb-6cc2-4417-807f-7ac95bd351f6 main] session.HiveSessionImpl: executing CREATE TABLE sample_shutdown_hook (sample_id int, sample_value string)
2024-04-24T06:51:46,164  INFO [d2d234fb-6cc2-4417-807f-7ac95bd351f6 main] operation.OperationManager: Adding operation: OperationHandle [opType=EXECUTE_STATEMENT, getHandleIdentifier()=bc7780aa-0000-40d8-8213-1e8d2436a33c] SessionHandle [d2d234fb-6cc2-4417-807f-7ac95bd351f6]
2024-04-24T06:51:46,165  INFO [d2d234fb-6cc2-4417-807f-7ac95bd351f6 main] common.LogUtils: Thread context registration is done.
DEBUG StatusLogger Building Plugin[name=filter, class=org.apache.hadoop.hive.ql.log.LogDivertAppender$NameFilter].
DEBUG StatusLogger createFilter(loggingLevel="EXECUTION")
DEBUG StatusLogger Building Plugin[name=layout, class=org.apache.logging.log4j.core.layout.PatternLayout].
DEBUG StatusLogger PatternLayout$Builder(Replace=null, header="null", disableAnsi="null", Configuration(HiveLog4j2Test), PatternSelector=null, noConsoleNoAnsi="null", footer="null", pattern="%-5p : %m%n", charset="null", alwaysWriteExceptions="null")
DEBUG StatusLogger Building Plugin[name=appender, class=org.apache.hadoop.hive.ql.log.HushableRandomAccessFileAppender].
DEBUG StatusLogger createAppender(fileName="/home/alex/Repositories/hive/service/target/tmp/alex/operation_logs/d2d234fb-6cc2-4417-807f-7ac95bd351f6/alex_20240424065146_c25eeb4c-6805-4401-8868-8061a5362bbc", append="null", name="query-file-appender", immediateFlush="null", bufferSize="null", ignoreExceptions="null", PatternLayout(org.apache.logging.log4j.core.layout.PatternLayout with name PatternLayout), NameFilter(org.apache.hadoop.hive.ql.log.LogDivertAppender$NameFilter with name NameFilter), advertise="null", advertiseURI="null", Configuration(HiveLog4j2Test))
DEBUG StatusLogger Starting RandomAccessFileManager /home/alex/Repositories/hive/service/target/tmp/alex/operation_logs/d2d234fb-6cc2-4417-807f-7ac95bd351f6/alex_20240424065146_c25eeb4c-6805-4401-8868-8061a5362bbc
DEBUG StatusLogger Building Plugin[name=, class=org.apache.hadoop.hive.ql.log.LogDivertAppenderForTest$TestFilter].
DEBUG StatusLogger createFilter()
DEBUG StatusLogger Building Plugin[name=, class=org.apache.logging.log4j.core.layout.PatternLayout].
DEBUG StatusLogger PatternLayout$Builder(footer="null", Configuration(HiveLog4j2Test), pattern="%-5p : %m%n", Replace=null, PatternSelector=null, alwaysWriteExceptions="null", noConsoleNoAnsi="null", disableAnsi="null", header="null", charset="null")
DEBUG StatusLogger Building Plugin[name=appender, class=org.apache.hadoop.hive.ql.log.HushableRandomAccessFileAppender].
DEBUG StatusLogger createAppender(fileName="/home/alex/Repositories/hive/service/target/tmp/alex/operation_logs/d2d234fb-6cc2-4417-807f-7ac95bd351f6/alex_20240424065146_c25eeb4c-6805-4401-8868-8061a5362bbc.test", append="null", name="test-query-file-appender", immediateFlush="null", bufferSize="null", ignoreExceptions="null", PatternLayout(org.apache.logging.log4j.core.layout.PatternLayout with name PatternLayout), test-filter(org.apache.hadoop.hive.ql.log.LogDivertAppenderForTest$TestFilter with name test-filter), advertise="null", advertiseURI="null", Configuration(HiveLog4j2Test))
DEBUG StatusLogger Starting RandomAccessFileManager /home/alex/Repositories/hive/service/target/tmp/alex/operation_logs/d2d234fb-6cc2-4417-807f-7ac95bd351f6/alex_20240424065146_c25eeb4c-6805-4401-8868-8061a5362bbc.test
2024-04-24T06:51:46,179  INFO [d2d234fb-6cc2-4417-807f-7ac95bd351f6 main] operation.SQLOperation: [opType=EXECUTE_STATEMENT, queryId=alex_20240424065146_c25eeb4c-6805-4401-8868-8061a5362bbc, startTime=1713966706162, sessionId=d2d234fb-6cc2-4417-807f-7ac95bd351f6, createTime=1713966704612, userName=anonymous, ipAddress=null]
2024-04-24T06:51:46,180  INFO [d2d234fb-6cc2-4417-807f-7ac95bd351f6 main] ql.Driver: Compiling command(queryId=alex_20240424065146_c25eeb4c-6805-4401-8868-8061a5362bbc): CREATE TABLE sample_shutdown_hook (sample_id int, sample_value string)
2024-04-24T06:51:46,182  INFO [d2d234fb-6cc2-4417-807f-7ac95bd351f6 main] parse.CalcitePlanner: Starting caching scope for: alex_20240424065146_c25eeb4c-6805-4401-8868-8061a5362bbc
2024-04-24T06:51:46,183  INFO [d2d234fb-6cc2-4417-807f-7ac95bd351f6 main] parse.CalcitePlanner: Starting Semantic Analysis
2024-04-24T06:51:46,183  INFO [d2d234fb-6cc2-4417-807f-7ac95bd351f6 main] parse.CalcitePlanner: Creating table default.sample_shutdown_hook position=13
2024-04-24T06:51:46,184  INFO [d2d234fb-6cc2-4417-807f-7ac95bd351f6 main] HiveMetaStore.audit: ugi=alex	ip=unknown-ip-addr	cmd=get_database: default	
2024-04-24T06:51:46,376  INFO [d2d234fb-6cc2-4417-807f-7ac95bd351f6 main] reflections.Reflections: Reflections took 173 ms to scan 2 urls, producing 53 keys and 784 values 
2024-04-24T06:51:46,444  INFO [d2d234fb-6cc2-4417-807f-7ac95bd351f6 main] parse.CalcitePlanner: Ending caching scope for: alex_20240424065146_c25eeb4c-6805-4401-8868-8061a5362bbc
2024-04-24T06:51:46,444  INFO [d2d234fb-6cc2-4417-807f-7ac95bd351f6 main] ql.Driver: Semantic Analysis Completed (retrial = false)
2024-04-24T06:51:46,444  INFO [d2d234fb-6cc2-4417-807f-7ac95bd351f6 main] ql.Driver: Created Hive schema: Schema(fieldSchemas:null, properties:null)
2024-04-24T06:51:46,444  INFO [d2d234fb-6cc2-4417-807f-7ac95bd351f6 main] metadata.Hive: Dumping metastore api call timing information for : compilation phase
2024-04-24T06:51:46,444  INFO [d2d234fb-6cc2-4417-807f-7ac95bd351f6 main] metadata.Hive: Total time spent in each metastore function (ms): {flushCache_()=0, isCompatibleWith_(Configuration)=0, getDatabase_(String)=16}
2024-04-24T06:51:46,444  INFO [d2d234fb-6cc2-4417-807f-7ac95bd351f6 main] ql.Driver: Completed compiling command(queryId=alex_20240424065146_c25eeb4c-6805-4401-8868-8061a5362bbc); Time taken: 0.264 seconds
2024-04-24T06:51:46,445  INFO [d2d234fb-6cc2-4417-807f-7ac95bd351f6 main] reexec.ReExecDriver: Execution #1 of query
2024-04-24T06:51:46,445  INFO [d2d234fb-6cc2-4417-807f-7ac95bd351f6 main] ql.Driver: Operation CREATETABLE obtained 1 locks
2024-04-24T06:51:46,445  INFO [d2d234fb-6cc2-4417-807f-7ac95bd351f6 main] ql.Driver: Executing command(queryId=alex_20240424065146_c25eeb4c-6805-4401-8868-8061a5362bbc): CREATE TABLE sample_shutdown_hook (sample_id int, sample_value string)
PREHOOK: query: CREATE TABLE sample_shutdown_hook (sample_id int, sample_value string)
2024-04-24T06:51:46,445  INFO [d2d234fb-6cc2-4417-807f-7ac95bd351f6 main] SessionState: PREHOOK: query: CREATE TABLE sample_shutdown_hook (sample_id int, sample_value string)
PREHOOK: type: CREATETABLE
2024-04-24T06:51:46,445  INFO [d2d234fb-6cc2-4417-807f-7ac95bd351f6 main] SessionState: PREHOOK: type: CREATETABLE
PREHOOK: Output: database:default
2024-04-24T06:51:46,446  INFO [d2d234fb-6cc2-4417-807f-7ac95bd351f6 main] SessionState: PREHOOK: Output: database:default
PREHOOK: Output: default@sample_shutdown_hook
2024-04-24T06:51:46,446  INFO [d2d234fb-6cc2-4417-807f-7ac95bd351f6 main] SessionState: PREHOOK: Output: default@sample_shutdown_hook
2024-04-24T06:51:46,446  INFO [d2d234fb-6cc2-4417-807f-7ac95bd351f6 main] ql.Driver: Starting task [Stage-0:DDL] in serial mode
2024-04-24T06:51:46,548  INFO [d2d234fb-6cc2-4417-807f-7ac95bd351f6 main] HiveMetaStore.audit: ugi=alex	ip=unknown-ip-addr	cmd=create_table_req: Table(tableName:sample_shutdown_hook, dbName:default, owner:alex, createTime:1713966706, lastAccessTime:0, retention:0, sd:StorageDescriptor(cols:[FieldSchema(name:sample_id, type:int, comment:null), FieldSchema(name:sample_value, type:string, comment:null)], location:null, inputFormat:org.apache.hadoop.mapred.TextInputFormat, outputFormat:org.apache.hadoop.hive.ql.io.HiveIgnoreKeyTextOutputFormat, compressed:false, numBuckets:-1, serdeInfo:SerDeInfo(name:null, serializationLib:org.apache.hadoop.hive.serde2.lazy.LazySimpleSerDe, parameters:{serialization.format=1}), bucketCols:[], sortCols:[], parameters:{}, skewedInfo:SkewedInfo(skewedColNames:[], skewedColValues:[], skewedColValueLocationMaps:{}), storedAsSubDirectories:false), partitionKeys:[], parameters:{bucketing_version=2, totalSize=0, COLUMN_STATS_ACCURATE={"BASIC_STATS":"true","COLUMN_STATS":{"sample_id":"true","sample_value":"true"}}, numFiles=0, numRows=0, rawDataSize=0, numFilesErasureCoded=0}, viewOriginalText:null, viewExpandedText:null, tableType:MANAGED_TABLE, privileges:PrincipalPrivilegeSet(userPrivileges:{alex=[PrivilegeGrantInfo(privilege:INSERT, createTime:-1, grantor:alex, grantorType:USER, grantOption:true), PrivilegeGrantInfo(privilege:SELECT, createTime:-1, grantor:alex, grantorType:USER, grantOption:true), PrivilegeGrantInfo(privilege:UPDATE, createTime:-1, grantor:alex, grantorType:USER, grantOption:true), PrivilegeGrantInfo(privilege:DELETE, createTime:-1, grantor:alex, grantorType:USER, grantOption:true)]}, groupPrivileges:null, rolePrivileges:null), temporary:false, catName:hive, ownerType:USER)	
POSTHOOK: query: CREATE TABLE sample_shutdown_hook (sample_id int, sample_value string)
2024-04-24T06:51:46,734  INFO [d2d234fb-6cc2-4417-807f-7ac95bd351f6 main] SessionState: POSTHOOK: query: CREATE TABLE sample_shutdown_hook (sample_id int, sample_value string)
POSTHOOK: type: CREATETABLE
2024-04-24T06:51:46,734  INFO [d2d234fb-6cc2-4417-807f-7ac95bd351f6 main] SessionState: POSTHOOK: type: CREATETABLE
POSTHOOK: Output: database:default
2024-04-24T06:51:46,734  INFO [d2d234fb-6cc2-4417-807f-7ac95bd351f6 main] SessionState: POSTHOOK: Output: database:default
POSTHOOK: Output: default@sample_shutdown_hook
2024-04-24T06:51:46,734  INFO [d2d234fb-6cc2-4417-807f-7ac95bd351f6 main] SessionState: POSTHOOK: Output: default@sample_shutdown_hook
2024-04-24T06:51:46,734  INFO [d2d234fb-6cc2-4417-807f-7ac95bd351f6 main] metadata.Hive: Dumping metastore api call timing information for : execution phase
2024-04-24T06:51:46,734  INFO [d2d234fb-6cc2-4417-807f-7ac95bd351f6 main] metadata.Hive: Total time spent in each metastore function (ms): {createTable_(Table)=186, isCompatibleWith_(Configuration)=0}
2024-04-24T06:51:46,735  INFO [d2d234fb-6cc2-4417-807f-7ac95bd351f6 main] ql.Driver: Completed executing command(queryId=alex_20240424065146_c25eeb4c-6805-4401-8868-8061a5362bbc); Time taken: 0.289 seconds
2024-04-24T06:51:46,735  INFO [d2d234fb-6cc2-4417-807f-7ac95bd351f6 main] common.LogUtils: Unregistered logging context.
2024-04-24T06:51:46,736  INFO [main] service.CompositeService: Session closed, SessionHandle [d2d234fb-6cc2-4417-807f-7ac95bd351f6], current sessions:0
2024-04-24T06:51:46,736  INFO [d2d234fb-6cc2-4417-807f-7ac95bd351f6 main] operation.OperationManager: Closing operation: OperationHandle [opType=EXECUTE_STATEMENT, getHandleIdentifier()=bc7780aa-0000-40d8-8213-1e8d2436a33c]
2024-04-24T06:51:46,736  INFO [d2d234fb-6cc2-4417-807f-7ac95bd351f6 main] operation.OperationManager: Removed queryId: alex_20240424065146_c25eeb4c-6805-4401-8868-8061a5362bbc corresponding to operation: OperationHandle [opType=EXECUTE_STATEMENT, getHandleIdentifier()=bc7780aa-0000-40d8-8213-1e8d2436a33c] with tag: null
2024-04-24T06:51:46,736  INFO [d2d234fb-6cc2-4417-807f-7ac95bd351f6 main] operation.SQLOperation: Closing operation log /home/alex/Repositories/hive/service/target/tmp/alex/operation_logs/d2d234fb-6cc2-4417-807f-7ac95bd351f6/alex_20240424065146_c25eeb4c-6805-4401-8868-8061a5362bbc without delay
2024-04-24T06:51:46,736  INFO [d2d234fb-6cc2-4417-807f-7ac95bd351f6 main] operation.OperationManager: Closing operation: OperationHandle [opType=EXECUTE_STATEMENT, getHandleIdentifier()=152865da-83ea-4036-98a4-eb604255c279]
2024-04-24T06:51:46,736  INFO [d2d234fb-6cc2-4417-807f-7ac95bd351f6 main] operation.OperationManager: Removed queryId: alex_20240424065144_209fccec-8ca9-460e-ac84-23564648c886 corresponding to operation: OperationHandle [opType=EXECUTE_STATEMENT, getHandleIdentifier()=152865da-83ea-4036-98a4-eb604255c279] with tag: null
2024-04-24T06:51:46,737  INFO [d2d234fb-6cc2-4417-807f-7ac95bd351f6 main] ql.Context: Deleting scratch dir: file:/home/alex/Repositories/hive/service/target/tmp/localscratchdir/d2d234fb-6cc2-4417-807f-7ac95bd351f6/hive_2024-04-24_06-51-44_634_1358860910684016377-1
2024-04-24T06:51:46,738  INFO [d2d234fb-6cc2-4417-807f-7ac95bd351f6 main] cleanup.EventualCleanupService: Delete file:/home/alex/Repositories/hive/service/target/tmp/localscratchdir/d2d234fb-6cc2-4417-807f-7ac95bd351f6/hive_2024-04-24_06-51-44_634_1358860910684016377-1 operation was queued
2024-04-24T06:51:46,738  INFO [d2d234fb-6cc2-4417-807f-7ac95bd351f6 main] exec.ListSinkOperator: Closing Operator: LIST_SINK[3]
2024-04-24T06:51:46,738  INFO [d2d234fb-6cc2-4417-807f-7ac95bd351f6 main] exec.ListSinkOperator: RECORDS_OUT_OPERATOR_LIST_SINK_3:0, RECORDS_OUT_INTERMEDIATE:0, 
2024-04-24T06:51:46,738  INFO [d2d234fb-6cc2-4417-807f-7ac95bd351f6 main] operation.SQLOperation: Closing operation log /home/alex/Repositories/hive/service/target/tmp/alex/operation_logs/d2d234fb-6cc2-4417-807f-7ac95bd351f6/alex_20240424065144_209fccec-8ca9-460e-ac84-23564648c886 without delay
2024-04-24T06:51:46,739  INFO [d2d234fb-6cc2-4417-807f-7ac95bd351f6 main] session.HiveSessionImpl: Operation log session directory is deleted: /home/alex/Repositories/hive/service/target/tmp/alex/operation_logs/d2d234fb-6cc2-4417-807f-7ac95bd351f6
2024-04-24T06:51:46,739  INFO [EventualCleanupService thread 0] cleanup.EventualCleanupService: Deleted file:/home/alex/Repositories/hive/service/target/tmp/localscratchdir/d2d234fb-6cc2-4417-807f-7ac95bd351f6/hive_2024-04-24_06-51-44_634_1358860910684016377-1
2024-04-24T06:51:46,741  INFO [main] cleanup.EventualCleanupService: Delete /home/alex/Repositories/hive/service/target/tmp/scratchdir/alex/d2d234fb-6cc2-4417-807f-7ac95bd351f6 operation was queued
2024-04-24T06:51:46,741  INFO [main] cleanup.EventualCleanupService: Delete /home/alex/Repositories/hive/service/target/tmp/localscratchdir/d2d234fb-6cc2-4417-807f-7ac95bd351f6 operation was queued
2024-04-24T06:51:46,741  INFO [EventualCleanupService thread 2] cleanup.EventualCleanupService: Deleted /home/alex/Repositories/hive/service/target/tmp/localscratchdir/d2d234fb-6cc2-4417-807f-7ac95bd351f6
2024-04-24T06:51:46,741  INFO [EventualCleanupService thread 1] cleanup.EventualCleanupService: Deleted /home/alex/Repositories/hive/service/target/tmp/scratchdir/alex/d2d234fb-6cc2-4417-807f-7ac95bd351f6
2024-04-24T06:51:46,742  INFO [main] HiveMetaStore.audit: ugi=alex	ip=unknown-ip-addr	cmd=Cleaning up thread local RawStore...	
2024-04-24T06:51:46,742  INFO [main] metastore.ObjectStore: RawStore: org.apache.hadoop.hive.metastore.ObjectStore@7c6fc278, with PersistenceManager: org.datanucleus.api.jdo.JDOPersistenceManager@23ee92df will be shutdown
2024-04-24T06:51:46,743  INFO [main] HiveMetaStore.audit: ugi=alex	ip=unknown-ip-addr	cmd=Done cleaning up thread local RawStore	
2024-04-24T06:51:46,743  INFO [main] metastore.HiveMetaStoreClient: Closed a connection to metastore, current connections: -4
]]></system-err>
  </testcase>
  <testcase name="testShutdownHookManagerIsRegistered" classname="org.apache.hive.service.cli.operation.TestQueryShutdownHooks" time="2.421">
    <error type="java.lang.NoSuchFieldError"><![CDATA[java.lang.NoSuchFieldError: OBJECT_MAPPER
	at org.apache.hive.service.cli.operation.SQLOperation.getTaskStatus(SQLOperation.java:509)
	at org.apache.hive.service.cli.operation.Operation.getStatus(Operation.java:144)
	at org.apache.hive.service.cli.CLIService.getOperationStatus(CLIService.java:478)
	at org.apache.hive.service.cli.thrift.ThriftCLIService.GetOperationStatus(ThriftCLIService.java:793)
	at org.apache.hive.service.cli.thrift.ThriftCLIServiceClient.getOperationStatus(ThriftCLIServiceClient.java:378)
	at org.apache.hive.service.cli.operation.TestQueryShutdownHooks.testShutdownHookManagerIsRegistered(TestQueryShutdownHooks.java:159)
	at sun.reflect.NativeMethodAccessorImpl.invoke0(Native Method)
	at sun.reflect.NativeMethodAccessorImpl.invoke(NativeMethodAccessorImpl.java:62)
	at sun.reflect.DelegatingMethodAccessorImpl.invoke(DelegatingMethodAccessorImpl.java:43)
	at java.lang.reflect.Method.invoke(Method.java:498)
	at org.junit.runners.model.FrameworkMethod$1.runReflectiveCall(FrameworkMethod.java:59)
	at org.junit.internal.runners.model.ReflectiveCallable.run(ReflectiveCallable.java:12)
	at org.junit.runners.model.FrameworkMethod.invokeExplosively(FrameworkMethod.java:56)
	at org.junit.internal.runners.statements.InvokeMethod.evaluate(InvokeMethod.java:17)
	at org.junit.internal.runners.statements.RunBefores.evaluate(RunBefores.java:26)
	at org.junit.internal.runners.statements.RunAfters.evaluate(RunAfters.java:27)
	at org.junit.runners.ParentRunner$3.evaluate(ParentRunner.java:306)
	at org.junit.runners.BlockJUnit4ClassRunner$1.evaluate(BlockJUnit4ClassRunner.java:100)
	at org.junit.runners.ParentRunner.runLeaf(ParentRunner.java:366)
	at org.junit.runners.BlockJUnit4ClassRunner.runChild(BlockJUnit4ClassRunner.java:103)
	at org.junit.runners.BlockJUnit4ClassRunner.runChild(BlockJUnit4ClassRunner.java:63)
	at org.junit.runners.ParentRunner$4.run(ParentRunner.java:331)
	at org.junit.runners.ParentRunner$1.schedule(ParentRunner.java:79)
	at org.junit.runners.ParentRunner.runChildren(ParentRunner.java:329)
	at org.junit.runners.ParentRunner.access$100(ParentRunner.java:66)
	at org.junit.runners.ParentRunner$2.evaluate(ParentRunner.java:293)
	at org.junit.runners.ParentRunner$3.evaluate(ParentRunner.java:306)
	at org.junit.runners.ParentRunner.run(ParentRunner.java:413)
	at org.junit.runner.JUnitCore.run(JUnitCore.java:137)
	at org.junit.runner.JUnitCore.run(JUnitCore.java:115)
	at org.junit.vintage.engine.execution.RunnerExecutor.execute(RunnerExecutor.java:43)
	at java.util.stream.ForEachOps$ForEachOp$OfRef.accept(ForEachOps.java:183)
	at java.util.stream.ReferencePipeline$3$1.accept(ReferencePipeline.java:193)
	at java.util.Iterator.forEachRemaining(Iterator.java:116)
	at java.util.Spliterators$IteratorSpliterator.forEachRemaining(Spliterators.java:1801)
	at java.util.stream.AbstractPipeline.copyInto(AbstractPipeline.java:482)
	at java.util.stream.AbstractPipeline.wrapAndCopyInto(AbstractPipeline.java:472)
	at java.util.stream.ForEachOps$ForEachOp.evaluateSequential(ForEachOps.java:150)
	at java.util.stream.ForEachOps$ForEachOp$OfRef.evaluateSequential(ForEachOps.java:173)
	at java.util.stream.AbstractPipeline.evaluate(AbstractPipeline.java:234)
	at java.util.stream.ReferencePipeline.forEach(ReferencePipeline.java:485)
	at org.junit.vintage.engine.VintageTestEngine.executeAllChildren(VintageTestEngine.java:82)
	at org.junit.vintage.engine.VintageTestEngine.execute(VintageTestEngine.java:73)
	at org.junit.platform.launcher.core.DefaultLauncher.execute(DefaultLauncher.java:248)
	at org.junit.platform.launcher.core.DefaultLauncher.lambda$execute$5(DefaultLauncher.java:211)
	at org.junit.platform.launcher.core.DefaultLauncher.withInterceptedStreams(DefaultLauncher.java:226)
	at org.junit.platform.launcher.core.DefaultLauncher.execute(DefaultLauncher.java:199)
	at org.junit.platform.launcher.core.DefaultLauncher.execute(DefaultLauncher.java:132)
	at org.apache.maven.surefire.junitplatform.JUnitPlatformProvider.invokeAllTests(JUnitPlatformProvider.java:154)
	at org.apache.maven.surefire.junitplatform.JUnitPlatformProvider.invoke(JUnitPlatformProvider.java:123)
	at org.apache.maven.surefire.booter.ForkedBooter.runSuitesInProcess(ForkedBooter.java:377)
	at org.apache.maven.surefire.booter.ForkedBooter.execute(ForkedBooter.java:138)
	at org.apache.maven.surefire.booter.ForkedBooter.run(ForkedBooter.java:465)
	at org.apache.maven.surefire.booter.ForkedBooter.main(ForkedBooter.java:451)
]]></error>
    <system-err><![CDATA[2024-04-24T06:51:46,818  WARN [main] conf.HiveConf: HiveConf of name hive.dummyparam.test.server.specific.config.hiveserver2site does not exist
2024-04-24T06:51:46,818  WARN [main] conf.HiveConf: HiveConf of name hive.llap.io.cache.orc.alloc.max does not exist
2024-04-24T06:51:46,818  WARN [main] conf.HiveConf: HiveConf of name hive.llap.io.cache.orc.arena.size does not exist
2024-04-24T06:51:46,818  WARN [main] conf.HiveConf: HiveConf of name hive.stats.key.prefix.reserve.length does not exist
2024-04-24T06:51:46,819  WARN [main] conf.HiveConf: HiveConf of name hive.dummyparam.test.server.specific.config.hivesite does not exist
2024-04-24T06:51:46,819  WARN [main] conf.HiveConf: HiveConf of name hive.metastore.metadb.dir does not exist
2024-04-24T06:51:46,819  WARN [main] conf.HiveConf: HiveConf of name hive.metastore.client.cache.maxSize does not exist
2024-04-24T06:51:46,819  WARN [main] conf.HiveConf: HiveConf of name hive.llap.io.cache.orc.alloc.min does not exist
2024-04-24T06:51:46,819  WARN [main] conf.HiveConf: HiveConf of name hive.dummyparam.test.server.specific.config.metastoresite does not exist
2024-04-24T06:51:46,819  WARN [main] conf.HiveConf: HiveConf of name hive.metastore.client.cache.recordStats does not exist
2024-04-24T06:51:46,819  WARN [main] conf.HiveConf: HiveConf of name hive.dummyparam.test.server.specific.config.override does not exist
2024-04-24T06:51:46,820  WARN [main] conf.HiveConf: HiveConf of name hive.llap.io.cache.orc.size does not exist
Hive Session ID = b0137275-02fb-49e0-ba7b-aefcee7efb6d
2024-04-24T06:51:46,821  INFO [main] SessionState: Hive Session ID = b0137275-02fb-49e0-ba7b-aefcee7efb6d
ivysettings.xml file not found in HIVE_HOME or HIVE_CONF_DIR,/home/alex/Repositories/hive/conf/ivysettings.xml will be used
2024-04-24T06:51:46,821  INFO [main] DependencyResolver: ivysettings.xml file not found in HIVE_HOME or HIVE_CONF_DIR,/home/alex/Repositories/hive/conf/ivysettings.xml will be used
2024-04-24T06:51:46,829  INFO [main] session.SessionState: Created HDFS directory: /home/alex/Repositories/hive/service/target/tmp/scratchdir/alex/b0137275-02fb-49e0-ba7b-aefcee7efb6d
2024-04-24T06:51:46,832  INFO [main] session.SessionState: Created local directory: /home/alex/Repositories/hive/service/target/tmp/localscratchdir/b0137275-02fb-49e0-ba7b-aefcee7efb6d
2024-04-24T06:51:46,836  INFO [main] session.SessionState: Created HDFS directory: /home/alex/Repositories/hive/service/target/tmp/scratchdir/alex/b0137275-02fb-49e0-ba7b-aefcee7efb6d/_tmp_space.db
2024-04-24T06:51:46,837  INFO [main] sqlstd.SQLStdHiveAccessController: Created SQLStdHiveAccessController for session context : HiveAuthzSessionContext [sessionString=b0137275-02fb-49e0-ba7b-aefcee7efb6d, clientType=HIVESERVER2]
2024-04-24T06:51:46,838  INFO [main] metastore.HiveMetaStoreClient: HMS client filtering is enabled.
2024-04-24T06:51:46,839  INFO [main] metastore.HMSHandler: 0: Opening raw store with implementation class:org.apache.hadoop.hive.metastore.ObjectStore
2024-04-24T06:51:46,840  INFO [main] metastore.PersistenceManagerProvider: Configuration datanucleus.autoStartMechanismMode is not set. Defaulting to 'ignored'
2024-04-24T06:51:46,840  INFO [main] metastore.ObjectStore: RawStore: org.apache.hadoop.hive.metastore.ObjectStore@2d1f9ec3, with PersistenceManager: null will be shutdown
2024-04-24T06:51:46,841  INFO [main] metastore.ObjectStore: RawStore: org.apache.hadoop.hive.metastore.ObjectStore@2d1f9ec3, with PersistenceManager: org.datanucleus.api.jdo.JDOPersistenceManager@148f94dc created in the thread with id: 1
2024-04-24T06:51:46,851  INFO [main] metastore.HMSHandler: Created RawStore: org.apache.hadoop.hive.metastore.ObjectStore@2d1f9ec3 from thread id: 1
2024-04-24T06:51:46,851  INFO [main] metastore.HMSHandler: HMS server filtering is disabled by configuration
2024-04-24T06:51:46,851  INFO [main] metastore.RetryingMetaStoreClient: RetryingMetaStoreClient proxy=class org.apache.hadoop.hive.ql.metadata.SessionHiveMetaStoreClient ugi=alex (auth:SIMPLE) retries=1 delay=1 lifetime=0
2024-04-24T06:51:46,852  INFO [main] service.CompositeService: Operation log root directory is created: /home/alex/Repositories/hive/service/target/tmp/alex/operation_logs
2024-04-24T06:51:46,852  INFO [main] service.CompositeService: HiveServer2: Background operation thread pool size: 100
2024-04-24T06:51:46,852  INFO [main] service.CompositeService: HiveServer2: Background operation thread wait queue size: 100
2024-04-24T06:51:46,852  INFO [main] service.CompositeService: HiveServer2: Background operation thread keepalive time: 10 seconds
2024-04-24T06:51:46,853  INFO [main] service.CompositeService: Connections limit are user: 0 ipaddress: 0 user-ipaddress: 0
2024-04-24T06:51:46,854  INFO [main] cleanup.EventualCleanupService: EventualCleanupService started with 10 threads and queue of size 10000
ERROR StatusLogger Log4j2 ConfigurationScheduler attempted to increment scheduled items after start
ERROR StatusLogger Log4j2 ConfigurationScheduler attempted to increment scheduled items after start
2024-04-24T06:51:46,857  INFO [main] service.AbstractService: Service:OperationManager is inited.
2024-04-24T06:51:46,857  INFO [main] service.AbstractService: Service:SessionManager is inited.
2024-04-24T06:51:46,857  INFO [main] service.AbstractService: Service:CLIService is inited.
2024-04-24T06:51:46,857  INFO [main] service.AbstractService: Service:OperationManager is started.
2024-04-24T06:51:46,857  INFO [main] service.AbstractService: Service:SessionManager is started.
2024-04-24T06:51:46,857  INFO [main] service.AbstractService: Service:CLIService is started.
2024-04-24T06:51:46,858  INFO [main] service.AbstractService: Service:ThriftBinaryCLIService is inited.
2024-04-24T06:51:46,872  INFO [main] thrift.ThriftCLIService: Client protocol version: HIVE_CLI_SERVICE_PROTOCOL_V10
2024-04-24T06:51:46,872  INFO [main] thrift.ThriftCLIService: Creating Hive session handle for user [anonymous] from IP null
ivysettings.xml file not found in HIVE_HOME or HIVE_CONF_DIR,/home/alex/Repositories/hive/conf/ivysettings.xml will be used
2024-04-24T06:51:46,874  INFO [main] DependencyResolver: ivysettings.xml file not found in HIVE_HOME or HIVE_CONF_DIR,/home/alex/Repositories/hive/conf/ivysettings.xml will be used
2024-04-24T06:51:46,881  INFO [main] session.SessionState: Created HDFS directory: /home/alex/Repositories/hive/service/target/tmp/scratchdir/alex/47daaaee-c908-4ded-896f-cf49af2dfe8f
2024-04-24T06:51:46,884  INFO [main] session.SessionState: Created local directory: /home/alex/Repositories/hive/service/target/tmp/localscratchdir/47daaaee-c908-4ded-896f-cf49af2dfe8f
2024-04-24T06:51:46,887  INFO [main] session.SessionState: Created HDFS directory: /home/alex/Repositories/hive/service/target/tmp/scratchdir/alex/47daaaee-c908-4ded-896f-cf49af2dfe8f/_tmp_space.db
2024-04-24T06:51:46,888  INFO [main] session.SessionState: Reloading auxiliary JAR files
2024-04-24T06:51:46,888  WARN [main] session.SessionState: Configuration hive.reloadable.aux.jars.path not specified
2024-04-24T06:51:46,888  INFO [main] HiveMetaStore.audit: ugi=alex	ip=unknown-ip-addr	cmd=Cleaning up thread local RawStore...	
2024-04-24T06:51:46,888  INFO [main] metastore.ObjectStore: RawStore: org.apache.hadoop.hive.metastore.ObjectStore@2d1f9ec3, with PersistenceManager: org.datanucleus.api.jdo.JDOPersistenceManager@148f94dc will be shutdown
2024-04-24T06:51:46,888  INFO [main] HiveMetaStore.audit: ugi=alex	ip=unknown-ip-addr	cmd=Done cleaning up thread local RawStore	
2024-04-24T06:51:46,888  INFO [main] metastore.HiveMetaStoreClient: Closed a connection to metastore, current connections: -5
2024-04-24T06:51:46,888  INFO [main] session.HiveSessionImpl: Operation log session directory is created: /home/alex/Repositories/hive/service/target/tmp/alex/operation_logs/47daaaee-c908-4ded-896f-cf49af2dfe8f
2024-04-24T06:51:46,889  INFO [main] service.CompositeService: Session opened, SessionHandle [47daaaee-c908-4ded-896f-cf49af2dfe8f], current sessions:1
2024-04-24T06:51:46,889  INFO [main] thrift.ThriftCLIService: Login attempt is successful for user : anonymous
2024-04-24T06:51:46,889  INFO [47daaaee-c908-4ded-896f-cf49af2dfe8f main] session.HiveSessionImpl: executing select reflect("java.lang.System", "currentTimeMillis")
2024-04-24T06:51:46,890  INFO [47daaaee-c908-4ded-896f-cf49af2dfe8f main] operation.OperationManager: Adding operation: OperationHandle [opType=EXECUTE_STATEMENT, getHandleIdentifier()=11838318-7e24-4c07-99a0-8561369c845e] SessionHandle [47daaaee-c908-4ded-896f-cf49af2dfe8f]
2024-04-24T06:51:46,890  INFO [47daaaee-c908-4ded-896f-cf49af2dfe8f main] common.LogUtils: Thread context registration is done.
DEBUG StatusLogger Building Plugin[name=filter, class=org.apache.hadoop.hive.ql.log.LogDivertAppender$NameFilter].
DEBUG StatusLogger createFilter(loggingLevel="EXECUTION")
DEBUG StatusLogger Building Plugin[name=layout, class=org.apache.logging.log4j.core.layout.PatternLayout].
DEBUG StatusLogger PatternLayout$Builder(disableAnsi="null", charset="null", PatternSelector=null, footer="null", noConsoleNoAnsi="null", pattern="%-5p : %m%n", Replace=null, header="null", alwaysWriteExceptions="null", Configuration(HiveLog4j2Test))
DEBUG StatusLogger Building Plugin[name=appender, class=org.apache.hadoop.hive.ql.log.HushableRandomAccessFileAppender].
DEBUG StatusLogger createAppender(fileName="/home/alex/Repositories/hive/service/target/tmp/alex/operation_logs/47daaaee-c908-4ded-896f-cf49af2dfe8f/alex_20240424065146_b9b96bdd-cda1-4708-b900-6d8d02cc32a3", append="null", name="query-file-appender", immediateFlush="null", bufferSize="null", ignoreExceptions="null", PatternLayout(org.apache.logging.log4j.core.layout.PatternLayout with name PatternLayout), NameFilter(org.apache.hadoop.hive.ql.log.LogDivertAppender$NameFilter with name NameFilter), advertise="null", advertiseURI="null", Configuration(HiveLog4j2Test))
DEBUG StatusLogger Starting RandomAccessFileManager /home/alex/Repositories/hive/service/target/tmp/alex/operation_logs/47daaaee-c908-4ded-896f-cf49af2dfe8f/alex_20240424065146_b9b96bdd-cda1-4708-b900-6d8d02cc32a3
DEBUG StatusLogger Building Plugin[name=, class=org.apache.hadoop.hive.ql.log.LogDivertAppenderForTest$TestFilter].
DEBUG StatusLogger createFilter()
DEBUG StatusLogger Building Plugin[name=, class=org.apache.logging.log4j.core.layout.PatternLayout].
DEBUG StatusLogger PatternLayout$Builder(PatternSelector=null, Configuration(HiveLog4j2Test), disableAnsi="null", alwaysWriteExceptions="null", charset="null", header="null", footer="null", Replace=null, pattern="%-5p : %m%n", noConsoleNoAnsi="null")
DEBUG StatusLogger Building Plugin[name=appender, class=org.apache.hadoop.hive.ql.log.HushableRandomAccessFileAppender].
DEBUG StatusLogger createAppender(fileName="/home/alex/Repositories/hive/service/target/tmp/alex/operation_logs/47daaaee-c908-4ded-896f-cf49af2dfe8f/alex_20240424065146_b9b96bdd-cda1-4708-b900-6d8d02cc32a3.test", append="null", name="test-query-file-appender", immediateFlush="null", bufferSize="null", ignoreExceptions="null", PatternLayout(org.apache.logging.log4j.core.layout.PatternLayout with name PatternLayout), test-filter(org.apache.hadoop.hive.ql.log.LogDivertAppenderForTest$TestFilter with name test-filter), advertise="null", advertiseURI="null", Configuration(HiveLog4j2Test))
DEBUG StatusLogger Starting RandomAccessFileManager /home/alex/Repositories/hive/service/target/tmp/alex/operation_logs/47daaaee-c908-4ded-896f-cf49af2dfe8f/alex_20240424065146_b9b96bdd-cda1-4708-b900-6d8d02cc32a3.test
2024-04-24T06:51:46,898  INFO [47daaaee-c908-4ded-896f-cf49af2dfe8f main] operation.SQLOperation: [opType=EXECUTE_STATEMENT, queryId=alex_20240424065146_b9b96bdd-cda1-4708-b900-6d8d02cc32a3, startTime=1713966706889, sessionId=47daaaee-c908-4ded-896f-cf49af2dfe8f, createTime=1713966706872, userName=anonymous, ipAddress=null]
2024-04-24T06:51:46,899  INFO [47daaaee-c908-4ded-896f-cf49af2dfe8f main] ql.Driver: Compiling command(queryId=alex_20240424065146_b9b96bdd-cda1-4708-b900-6d8d02cc32a3): select reflect("java.lang.System", "currentTimeMillis")
2024-04-24T06:51:46,900  INFO [47daaaee-c908-4ded-896f-cf49af2dfe8f main] metastore.HiveMetaStoreClient: HMS client filtering is enabled.
2024-04-24T06:51:46,901  INFO [47daaaee-c908-4ded-896f-cf49af2dfe8f main] metastore.HMSHandler: 0: Opening raw store with implementation class:org.apache.hadoop.hive.metastore.ObjectStore
2024-04-24T06:51:46,901  INFO [47daaaee-c908-4ded-896f-cf49af2dfe8f main] metastore.PersistenceManagerProvider: Configuration datanucleus.autoStartMechanismMode is not set. Defaulting to 'ignored'
2024-04-24T06:51:46,902  INFO [47daaaee-c908-4ded-896f-cf49af2dfe8f main] metastore.ObjectStore: RawStore: org.apache.hadoop.hive.metastore.ObjectStore@15ea0ca3, with PersistenceManager: null will be shutdown
2024-04-24T06:51:46,902  INFO [47daaaee-c908-4ded-896f-cf49af2dfe8f main] metastore.ObjectStore: RawStore: org.apache.hadoop.hive.metastore.ObjectStore@15ea0ca3, with PersistenceManager: org.datanucleus.api.jdo.JDOPersistenceManager@7f3a92fd created in the thread with id: 1
2024-04-24T06:51:46,908  INFO [47daaaee-c908-4ded-896f-cf49af2dfe8f main] metastore.HMSHandler: Created RawStore: org.apache.hadoop.hive.metastore.ObjectStore@15ea0ca3 from thread id: 1
2024-04-24T06:51:46,908  INFO [47daaaee-c908-4ded-896f-cf49af2dfe8f main] metastore.HMSHandler: HMS server filtering is disabled by configuration
2024-04-24T06:51:46,909  INFO [47daaaee-c908-4ded-896f-cf49af2dfe8f main] metastore.RetryingMetaStoreClient: RetryingMetaStoreClient proxy=class org.apache.hadoop.hive.ql.metadata.SessionHiveMetaStoreClient ugi=alex (auth:SIMPLE) retries=1 delay=1 lifetime=0
2024-04-24T06:51:46,909  INFO [47daaaee-c908-4ded-896f-cf49af2dfe8f main] parse.CalcitePlanner: Starting caching scope for: alex_20240424065146_b9b96bdd-cda1-4708-b900-6d8d02cc32a3
2024-04-24T06:51:46,909  INFO [47daaaee-c908-4ded-896f-cf49af2dfe8f main] parse.CalcitePlanner: Starting Semantic Analysis
2024-04-24T06:51:46,909  INFO [47daaaee-c908-4ded-896f-cf49af2dfe8f main] sqlstd.SQLStdHiveAccessController: Created SQLStdHiveAccessController for session context : HiveAuthzSessionContext [sessionString=47daaaee-c908-4ded-896f-cf49af2dfe8f, clientType=HIVESERVER2]
2024-04-24T06:51:46,910  INFO [47daaaee-c908-4ded-896f-cf49af2dfe8f main] parse.CalcitePlanner: Completed phase 1 of Semantic Analysis
2024-04-24T06:51:46,910  INFO [47daaaee-c908-4ded-896f-cf49af2dfe8f main] parse.CalcitePlanner: Get metadata for source tables
2024-04-24T06:51:46,910  INFO [47daaaee-c908-4ded-896f-cf49af2dfe8f main] parse.CalcitePlanner: Get metadata for subqueries
2024-04-24T06:51:46,910  INFO [47daaaee-c908-4ded-896f-cf49af2dfe8f main] parse.CalcitePlanner: Get metadata for destination tables
2024-04-24T06:51:46,910  INFO [47daaaee-c908-4ded-896f-cf49af2dfe8f main] parse.CalcitePlanner: Completed getting MetaData in Semantic Analysis
2024-04-24T06:51:46,935  INFO [47daaaee-c908-4ded-896f-cf49af2dfe8f main] HiveMetaStore.audit: ugi=alex	ip=unknown-ip-addr	cmd=get_all_table_constraints : tbl=hive._dummy_database._dummy_table	
2024-04-24T06:51:47,067  INFO [47daaaee-c908-4ded-896f-cf49af2dfe8f main] parse.CalcitePlanner: Get metadata for source tables
2024-04-24T06:51:47,067  INFO [47daaaee-c908-4ded-896f-cf49af2dfe8f main] HiveMetaStore.audit: ugi=alex	ip=unknown-ip-addr	cmd=get_table : tbl=hive._dummy_database._dummy_table	
2024-04-24T06:51:47,075  INFO [47daaaee-c908-4ded-896f-cf49af2dfe8f main] parse.CalcitePlanner: Get metadata for subqueries
2024-04-24T06:51:47,075  INFO [47daaaee-c908-4ded-896f-cf49af2dfe8f main] parse.CalcitePlanner: Get metadata for destination tables
2024-04-24T06:51:47,076  INFO [47daaaee-c908-4ded-896f-cf49af2dfe8f main] common.FileUtils: Creating directory if it doesn't exist: file:/home/alex/Repositories/hive/service/target/tmp/localscratchdir/47daaaee-c908-4ded-896f-cf49af2dfe8f/hive_2024-04-24_06-51-46_899_5236628551144155017-1/-mr-10001/.hive-staging_hive_2024-04-24_06-51-46_899_5236628551144155017-1
2024-04-24T06:51:47,082  INFO [47daaaee-c908-4ded-896f-cf49af2dfe8f main] parse.CalcitePlanner: CBO Succeeded; optimized logical plan.
2024-04-24T06:51:47,085  INFO [47daaaee-c908-4ded-896f-cf49af2dfe8f main] optimizer.BucketVersionPopulator: not considering bucketingVersion for: TS[0] because it has -1<2 buckets 
2024-04-24T06:51:47,086  INFO [47daaaee-c908-4ded-896f-cf49af2dfe8f main] optimizer.SortedDynPartitionOptimizer: Sorted dynamic partitioning optimization kicked in..
2024-04-24T06:51:47,097  INFO [47daaaee-c908-4ded-896f-cf49af2dfe8f main] physical.Vectorizer: Examining input format to see if vectorization is enabled.
2024-04-24T06:51:47,097  INFO [47daaaee-c908-4ded-896f-cf49af2dfe8f main] physical.Vectorizer: Map vectorization enabled: false
2024-04-24T06:51:47,097  INFO [47daaaee-c908-4ded-896f-cf49af2dfe8f main] physical.Vectorizer: Map vectorized: false
2024-04-24T06:51:47,097  INFO [47daaaee-c908-4ded-896f-cf49af2dfe8f main] physical.Vectorizer: Map vectorizedVertexNum: 0
2024-04-24T06:51:47,097  INFO [47daaaee-c908-4ded-896f-cf49af2dfe8f main] physical.Vectorizer: Map enabledConditionsMet: [hive.vectorized.use.vectorized.input.format IS true]
2024-04-24T06:51:47,097  INFO [47daaaee-c908-4ded-896f-cf49af2dfe8f main] physical.Vectorizer: Map enabledConditionsNotMet: [Could not enable vectorization due to partition column names size 1 is greater than the number of table column names size 0 IS false]
2024-04-24T06:51:47,097  INFO [47daaaee-c908-4ded-896f-cf49af2dfe8f main] physical.Vectorizer: Map inputFileFormatClassNameSet: [org.apache.hadoop.hive.ql.io.NullRowsInputFormat]
2024-04-24T06:51:47,097  INFO [47daaaee-c908-4ded-896f-cf49af2dfe8f main] parse.CalcitePlanner: Completed plan generation
2024-04-24T06:51:47,097  INFO [47daaaee-c908-4ded-896f-cf49af2dfe8f main] parse.CalcitePlanner: Ending caching scope for: alex_20240424065146_b9b96bdd-cda1-4708-b900-6d8d02cc32a3
2024-04-24T06:51:47,097  INFO [47daaaee-c908-4ded-896f-cf49af2dfe8f main] ql.Driver: Semantic Analysis Completed (retrial = false)
2024-04-24T06:51:47,098  INFO [47daaaee-c908-4ded-896f-cf49af2dfe8f main] ql.Driver: Created Hive schema: Schema(fieldSchemas:[FieldSchema(name:_c0, type:string, comment:null)], properties:null)
2024-04-24T06:51:47,099  INFO [47daaaee-c908-4ded-896f-cf49af2dfe8f main] exec.ListSinkOperator: Initializing Operator: LIST_SINK[3]
2024-04-24T06:51:47,100  INFO [47daaaee-c908-4ded-896f-cf49af2dfe8f main] metadata.Hive: Dumping metastore api call timing information for : compilation phase
2024-04-24T06:51:47,100  INFO [47daaaee-c908-4ded-896f-cf49af2dfe8f main] metadata.Hive: Total time spent in each metastore function (ms): {isCompatibleWith_(Configuration)=0, getAllTableConstraints_(AllTableConstraintsRequest)=64, flushCache_()=0}
2024-04-24T06:51:47,100  INFO [47daaaee-c908-4ded-896f-cf49af2dfe8f main] ql.Driver: Completed compiling command(queryId=alex_20240424065146_b9b96bdd-cda1-4708-b900-6d8d02cc32a3); Time taken: 0.201 seconds
2024-04-24T06:51:47,100  INFO [47daaaee-c908-4ded-896f-cf49af2dfe8f main] reexec.ReExecDriver: Execution #1 of query
2024-04-24T06:51:47,101  INFO [47daaaee-c908-4ded-896f-cf49af2dfe8f main] lockmgr.DummyTxnManager: Creating lock manager of type org.apache.hadoop.hive.ql.lockmgr.EmbeddedLockManager
2024-04-24T06:51:47,101  INFO [47daaaee-c908-4ded-896f-cf49af2dfe8f main] ql.Driver: Operation QUERY obtained 2 locks
2024-04-24T06:51:47,101  INFO [47daaaee-c908-4ded-896f-cf49af2dfe8f main] ql.Driver: Executing command(queryId=alex_20240424065146_b9b96bdd-cda1-4708-b900-6d8d02cc32a3): select reflect("java.lang.System", "currentTimeMillis")
PREHOOK: query: select reflect("java.lang.System", "currentTimeMillis")
2024-04-24T06:51:47,101  INFO [47daaaee-c908-4ded-896f-cf49af2dfe8f main] SessionState: PREHOOK: query: select reflect("java.lang.System", "currentTimeMillis")
PREHOOK: type: QUERY
2024-04-24T06:51:47,101  INFO [47daaaee-c908-4ded-896f-cf49af2dfe8f main] SessionState: PREHOOK: type: QUERY
PREHOOK: Input: _dummy_database@_dummy_table
2024-04-24T06:51:47,101  INFO [47daaaee-c908-4ded-896f-cf49af2dfe8f main] SessionState: PREHOOK: Input: _dummy_database@_dummy_table
PREHOOK: Output: file:/home/alex/Repositories/hive/service/target/tmp/localscratchdir/47daaaee-c908-4ded-896f-cf49af2dfe8f/hive_2024-04-24_06-51-46_899_5236628551144155017-1/-mr-10001
2024-04-24T06:51:47,102  INFO [47daaaee-c908-4ded-896f-cf49af2dfe8f main] SessionState: PREHOOK: Output: file:/home/alex/Repositories/hive/service/target/tmp/localscratchdir/47daaaee-c908-4ded-896f-cf49af2dfe8f/hive_2024-04-24_06-51-46_899_5236628551144155017-1/-mr-10001
2024-04-24T06:51:47,102  WARN [47daaaee-c908-4ded-896f-cf49af2dfe8f main] ql.Driver: Hive-on-MR is deprecated in Hive 2 and may not be available in the future versions. Consider using a different execution engine (i.e. spark, tez) or using Hive 1.X releases.
Query ID = alex_20240424065146_b9b96bdd-cda1-4708-b900-6d8d02cc32a3
2024-04-24T06:51:47,102  INFO [47daaaee-c908-4ded-896f-cf49af2dfe8f main] ql.Driver: Query ID = alex_20240424065146_b9b96bdd-cda1-4708-b900-6d8d02cc32a3
Total jobs = 1
2024-04-24T06:51:47,103  INFO [47daaaee-c908-4ded-896f-cf49af2dfe8f main] ql.Driver: Total jobs = 1
Launching Job 1 out of 1
2024-04-24T06:51:47,103  INFO [47daaaee-c908-4ded-896f-cf49af2dfe8f main] ql.Driver: Launching Job 1 out of 1
2024-04-24T06:51:47,277  INFO [47daaaee-c908-4ded-896f-cf49af2dfe8f main] ql.Driver: Starting task [Stage-1:MAPRED] in serial mode
Number of reduce tasks is set to 0 since there's no reduce operator
2024-04-24T06:51:47,278  INFO [47daaaee-c908-4ded-896f-cf49af2dfe8f main] exec.Task: Number of reduce tasks is set to 0 since there's no reduce operator
2024-04-24T06:51:47,281  INFO [47daaaee-c908-4ded-896f-cf49af2dfe8f main] mr.ExecDriver: Using org.apache.hadoop.hive.ql.io.CombineHiveInputFormat
2024-04-24T06:51:47,281  INFO [47daaaee-c908-4ded-896f-cf49af2dfe8f main] exec.Utilities: Processing alias _dummy_table
2024-04-24T06:51:47,281  INFO [47daaaee-c908-4ded-896f-cf49af2dfe8f main] exec.Utilities: Adding 1 inputs; the first input is file:/home/alex/Repositories/hive/service/target/tmp/localscratchdir/47daaaee-c908-4ded-896f-cf49af2dfe8f/hive_2024-04-24_06-51-46_899_5236628551144155017-1/dummy_path
2024-04-24T06:51:47,293  INFO [47daaaee-c908-4ded-896f-cf49af2dfe8f main] exec.SerializationUtilities: Serializing MapWork using kryo
2024-04-24T06:51:47,294  INFO [47daaaee-c908-4ded-896f-cf49af2dfe8f main] exec.Utilities: Serialized plan (via FILE) - name: null size: 5,14KB
2024-04-24T06:51:47,295  WARN [47daaaee-c908-4ded-896f-cf49af2dfe8f main] impl.MetricsSystemImpl: JobTracker metrics system already initialized!
2024-04-24T06:51:47,302  WARN [47daaaee-c908-4ded-896f-cf49af2dfe8f main] impl.MetricsSystemImpl: JobTracker metrics system already initialized!
2024-04-24T06:51:47,313  WARN [47daaaee-c908-4ded-896f-cf49af2dfe8f main] mapreduce.JobResourceUploader: Hadoop command-line option parsing not performed. Implement the Tool interface and execute your application with ToolRunner to remedy this.
2024-04-24T06:51:47,318  WARN [47daaaee-c908-4ded-896f-cf49af2dfe8f main] mapreduce.JobResourceUploader: No job jar file set.  User classes may not be found. See Job or Job#setJar(String).
2024-04-24T06:51:47,319  INFO [47daaaee-c908-4ded-896f-cf49af2dfe8f main] io.CombineHiveInputFormat: Total number of paths: 1, launching 1 threads to check non-combinable ones.
2024-04-24T06:51:47,320  INFO [47daaaee-c908-4ded-896f-cf49af2dfe8f main] io.CombineHiveInputFormat: CombineHiveInputSplit creating pool for file:/home/alex/Repositories/hive/service/target/tmp/localscratchdir/47daaaee-c908-4ded-896f-cf49af2dfe8f/hive_2024-04-24_06-51-46_899_5236628551144155017-1/dummy_path; using filter path file:/home/alex/Repositories/hive/service/target/tmp/localscratchdir/47daaaee-c908-4ded-896f-cf49af2dfe8f/hive_2024-04-24_06-51-46_899_5236628551144155017-1/dummy_path
2024-04-24T06:51:47,326  INFO [47daaaee-c908-4ded-896f-cf49af2dfe8f main] input.FileInputFormat: Total input files to process : 1
2024-04-24T06:51:47,326  INFO [47daaaee-c908-4ded-896f-cf49af2dfe8f main] input.CombineFileInputFormat: DEBUG: Terminated node allocation with : CompletedNodes: 1, size left: 0
2024-04-24T06:51:47,326  INFO [47daaaee-c908-4ded-896f-cf49af2dfe8f main] io.CombineHiveInputFormat: Number of all splits 1
2024-04-24T06:51:47,349  INFO [47daaaee-c908-4ded-896f-cf49af2dfe8f main] mapreduce.JobSubmitter: number of splits:1
2024-04-24T06:51:47,372  INFO [47daaaee-c908-4ded-896f-cf49af2dfe8f main] mapreduce.JobSubmitter: Submitting tokens for job: job_local1901852035_0007
2024-04-24T06:51:47,372  INFO [47daaaee-c908-4ded-896f-cf49af2dfe8f main] mapreduce.JobSubmitter: Executing with tokens: []
2024-04-24T06:51:47,445  INFO [47daaaee-c908-4ded-896f-cf49af2dfe8f main] mapreduce.Job: The url to track the job: http://localhost:8080/
Job running in-process (local Hadoop)
2024-04-24T06:51:47,445  INFO [47daaaee-c908-4ded-896f-cf49af2dfe8f main] exec.Task: Job running in-process (local Hadoop)
2024-04-24T06:51:47,445  INFO [Thread-344] mapred.LocalJobRunner: OutputCommitter set in config org.apache.hadoop.hive.ql.io.HiveFileFormatUtils$NullOutputCommitter
2024-04-24T06:51:47,446  INFO [Thread-344] mapred.LocalJobRunner: OutputCommitter is org.apache.hadoop.hive.ql.io.HiveFileFormatUtils$NullOutputCommitter
2024-04-24T06:51:47,448  INFO [Thread-344] mapred.LocalJobRunner: Waiting for map tasks
2024-04-24T06:51:47,448  INFO [LocalJobRunner Map Task Executor #0] mapred.LocalJobRunner: Starting task: attempt_local1901852035_0007_m_000000_0
2024-04-24T06:51:47,452  INFO [LocalJobRunner Map Task Executor #0] mapred.Task:  Using ResourceCalculatorProcessTree : [ ]
2024-04-24T06:51:47,453  INFO [LocalJobRunner Map Task Executor #0] mapred.MapTask: Processing split: Paths:/home/alex/Repositories/hive/service/target/tmp/localscratchdir/47daaaee-c908-4ded-896f-cf49af2dfe8f/hive_2024-04-24_06-51-46_899_5236628551144155017-1/dummy_path/dummy_file:0+1InputFormatClass: org.apache.hadoop.hive.ql.io.NullRowsInputFormat

2024-04-24T06:51:47,456  INFO [LocalJobRunner Map Task Executor #0] exec.SerializationUtilities: Deserializing MapWork using kryo
2024-04-24T06:51:47,457  INFO [LocalJobRunner Map Task Executor #0] exec.Utilities: Deserialized plan (via FILE) - name: null size: 5,14KB
2024-04-24T06:51:47,457  INFO [LocalJobRunner Map Task Executor #0] mapred.MapTask: numReduceTasks: 0
2024-04-24T06:51:47,461  INFO [LocalJobRunner Map Task Executor #0] exec.MapOperator: Initializing Operator: MAP[0]
2024-04-24T06:51:47,461  INFO [LocalJobRunner Map Task Executor #0] mr.ExecMapper: 
<MAP>Id =0
  <Children>null
  <\Children>
  <Parent><\Parent>
<\MAP>
2024-04-24T06:51:47,462  INFO [LocalJobRunner Map Task Executor #0] exec.TableScanOperator: Initializing Operator: TS[0]
2024-04-24T06:51:47,462  INFO [LocalJobRunner Map Task Executor #0] exec.SelectOperator: Initializing Operator: SEL[1]
2024-04-24T06:51:47,462  INFO [LocalJobRunner Map Task Executor #0] exec.SelectOperator: SELECT null
2024-04-24T06:51:47,463  INFO [LocalJobRunner Map Task Executor #0] exec.FileSinkOperator: Initializing Operator: FS[2]
2024-04-24T06:51:47,463  INFO [LocalJobRunner Map Task Executor #0] exec.FileSinkOperator: Using serializer : class org.apache.hadoop.hive.serde2.lazy.LazySimpleSerDe [serdeParams=org.apache.hadoop.hive.serde2.lazy.LazySerDeParameters@2920fa44, cachedObjectInspector=org.apache.hadoop.hive.serde2.lazy.objectinspector.LazySimpleStructObjectInspector<org.apache.hadoop.hive.serde2.lazy.objectinspector.primitive.LazyStringObjectInspector@5454be>, serializedSize=0, stats=org.apache.hadoop.hive.serde2.SerDeStats@3323d589, lastOperationSerialize=false, lastOperationDeserialize=false [1, 2, 3, 4, 5, 6, 7, 8, 11, 14, 15, 16, 17, 18, 19, 20, 21, 22, 23, 24, 25, 26, 28, 29, 30, 31, -128, -127, -126, -125, -124, -123, -122, -121, -120, -119, -118, -117, -116, -115, -114, -113, -112, -111, -110, -109, -108, -107, -106, -105, -104, -103, -102, -101, -100, -99, -98, -97, -96, -95, -94, -93, -92, -91, -90, -89, -88, -87, -86, -85, -84, -83, -82, -81, -80, -79, -78, -77, -76, -75, -74, -73, -72, -71, -70, -69, -68, -67, -66, -65, -64, -63, -62, -61, -60, -59, -58, -57, -56, -55, -54, -53, -52, -51, -50, -49, -48, -47, -46, -45, -44, -43, -42, -41, -40, -39, -38, -37, -36, -35, -34, -33, -32, -31, -30, -29, -28, -27, -26, -25, -24, -23, -22, -21, -20, -19, -18, -17, -16, -15, -14, -13, -12, -11, -10, -9, -8, -7, -6, -5, -4, -3, -2, -1] : [_col0] : [string]] and formatter : org.apache.hadoop.hive.ql.io.HiveSequenceFileOutputFormat@6ecc61f9
2024-04-24T06:51:47,464  INFO [LocalJobRunner Map Task Executor #0] exec.FileSinkOperator: Final Path: FS file:/home/alex/Repositories/hive/service/target/tmp/localscratchdir/47daaaee-c908-4ded-896f-cf49af2dfe8f/hive_2024-04-24_06-51-46_899_5236628551144155017-1/-mr-10001/.hive-staging_hive_2024-04-24_06-51-46_899_5236628551144155017-1/_tmp.-ext-10002/000000_0
2024-04-24T06:51:47,464  INFO [LocalJobRunner Map Task Executor #0] exec.FileSinkOperator: Writing to temp file: FS file:/home/alex/Repositories/hive/service/target/tmp/localscratchdir/47daaaee-c908-4ded-896f-cf49af2dfe8f/hive_2024-04-24_06-51-46_899_5236628551144155017-1/-mr-10001/.hive-staging_hive_2024-04-24_06-51-46_899_5236628551144155017-1/_task_tmp.-ext-10002/_tmp.000000_0
2024-04-24T06:51:47,464  INFO [LocalJobRunner Map Task Executor #0] exec.FileSinkOperator: New Final Path: FS file:/home/alex/Repositories/hive/service/target/tmp/localscratchdir/47daaaee-c908-4ded-896f-cf49af2dfe8f/hive_2024-04-24_06-51-46_899_5236628551144155017-1/-mr-10001/.hive-staging_hive_2024-04-24_06-51-46_899_5236628551144155017-1/_tmp.-ext-10002/000000_0
2024-04-24T06:51:47,475  INFO [LocalJobRunner Map Task Executor #0] exec.FileSinkOperator: FS[2]: records written - 1
2024-04-24T06:51:47,475  INFO [LocalJobRunner Map Task Executor #0] exec.MapOperator: MAP[0]: records read - 1
2024-04-24T06:51:47,475  INFO [LocalJobRunner Map Task Executor #0] exec.MapOperator: Closing Operator: MAP[0]
2024-04-24T06:51:47,475  INFO [LocalJobRunner Map Task Executor #0] exec.MapOperator: MAP[0]: Total records read - 3. abort - false
2024-04-24T06:51:47,476  INFO [LocalJobRunner Map Task Executor #0] exec.MapOperator: RECORDS_IN:3, RECORDS_OUT_INTERMEDIATE:0, DESERIALIZE_ERRORS:0, RECORDS_OUT_OPERATOR_MAP_0:0, 
2024-04-24T06:51:47,476  INFO [LocalJobRunner Map Task Executor #0] exec.TableScanOperator: Closing Operator: TS[0]
2024-04-24T06:51:47,476  INFO [LocalJobRunner Map Task Executor #0] exec.TableScanOperator: RECORDS_OUT_INTERMEDIATE:0, RECORDS_OUT_OPERATOR_TS_0:1, 
2024-04-24T06:51:47,476  INFO [LocalJobRunner Map Task Executor #0] exec.SelectOperator: Closing Operator: SEL[1]
2024-04-24T06:51:47,476  INFO [LocalJobRunner Map Task Executor #0] exec.SelectOperator: RECORDS_OUT_OPERATOR_SEL_1:1, RECORDS_OUT_INTERMEDIATE:0, 
2024-04-24T06:51:47,476  INFO [LocalJobRunner Map Task Executor #0] exec.FileSinkOperator: Closing Operator: FS[2]
2024-04-24T06:51:47,476  INFO [LocalJobRunner Map Task Executor #0] exec.FileSinkOperator: FS[2]: records written - 1
2024-04-24T06:51:47,476  INFO [LocalJobRunner Map Task Executor #0] exec.FileSinkOperator: RECORDS_OUT_0:1, RECORDS_OUT_INTERMEDIATE:0, RECORDS_OUT_OPERATOR_FS_2:1, 
2024-04-24T06:51:47,477  INFO [LocalJobRunner Map Task Executor #0] mapred.LocalJobRunner: 
2024-04-24T06:51:47,479  INFO [LocalJobRunner Map Task Executor #0] mapred.Task: Task:attempt_local1901852035_0007_m_000000_0 is done. And is in the process of committing
2024-04-24T06:51:47,480  INFO [LocalJobRunner Map Task Executor #0] mapred.LocalJobRunner: map
2024-04-24T06:51:47,480  INFO [LocalJobRunner Map Task Executor #0] mapred.Task: Task 'attempt_local1901852035_0007_m_000000_0' done.
2024-04-24T06:51:47,480  INFO [LocalJobRunner Map Task Executor #0] mapred.Task: Final Counters for attempt_local1901852035_0007_m_000000_0: Counters: 24
	File System Counters
		FILE: Number of bytes read=39078
		FILE: Number of bytes written=8090596
		FILE: Number of read operations=0
		FILE: Number of large read operations=0
		FILE: Number of write operations=0
	Map-Reduce Framework
		Map input records=4
		Map output records=0
		Input split bytes=341
		Spilled Records=0
		Failed Shuffles=0
		Merged Map outputs=0
		GC time elapsed (ms)=0
		Total committed heap usage (bytes)=933756928
	HIVE
		CREATED_FILES=1
		DESERIALIZE_ERRORS=0
		RECORDS_IN=3
		RECORDS_OUT_0=1
		RECORDS_OUT_INTERMEDIATE=0
		RECORDS_OUT_OPERATOR_FS_2=1
		RECORDS_OUT_OPERATOR_MAP_0=0
		RECORDS_OUT_OPERATOR_SEL_1=1
		RECORDS_OUT_OPERATOR_TS_0=1
	File Input Format Counters 
		Bytes Read=0
	File Output Format Counters 
		Bytes Written=0
2024-04-24T06:51:47,480  INFO [LocalJobRunner Map Task Executor #0] mapred.LocalJobRunner: Finishing task: attempt_local1901852035_0007_m_000000_0
2024-04-24T06:51:47,481  INFO [Thread-344] mapred.LocalJobRunner: map task executor complete.
DEBUG StatusLogger Removing appender alex_20240424065136_755b7108-b075-4060-ac91-fd6ff528ddb9
DEBUG StatusLogger Removing appender alex_20240424065136_755b7108-b075-4060-ac91-fd6ff528ddb9
DEBUG StatusLogger Deleting route with alex_20240424065136_755b7108-b075-4060-ac91-fd6ff528ddb9 key 
DEBUG StatusLogger Deleting route with alex_20240424065136_755b7108-b075-4060-ac91-fd6ff528ddb9 key 
DEBUG StatusLogger Stopping route with alex_20240424065136_755b7108-b075-4060-ac91-fd6ff528ddb9 key
DEBUG StatusLogger Stopping route with alex_20240424065136_755b7108-b075-4060-ac91-fd6ff528ddb9 key
DEBUG StatusLogger Stopping appender query-file-appender
DEBUG StatusLogger Stopping appender test-query-file-appender
DEBUG StatusLogger Shutting down RandomAccessFileManager /home/alex/Repositories/hive/service/target/tmp/alex/operation_logs/3dbc49bf-4c90-4e93-8481-4202505398b2/alex_20240424065136_755b7108-b075-4060-ac91-fd6ff528ddb9.test
DEBUG StatusLogger Shut down RandomAccessFileManager /home/alex/Repositories/hive/service/target/tmp/alex/operation_logs/3dbc49bf-4c90-4e93-8481-4202505398b2/alex_20240424065136_755b7108-b075-4060-ac91-fd6ff528ddb9.test, all resources released: true
DEBUG StatusLogger Appender test-query-file-appender stopped with status true
DEBUG StatusLogger Shutting down RandomAccessFileManager /home/alex/Repositories/hive/service/target/tmp/alex/operation_logs/3dbc49bf-4c90-4e93-8481-4202505398b2/alex_20240424065136_755b7108-b075-4060-ac91-fd6ff528ddb9
DEBUG StatusLogger Shut down RandomAccessFileManager /home/alex/Repositories/hive/service/target/tmp/alex/operation_logs/3dbc49bf-4c90-4e93-8481-4202505398b2/alex_20240424065136_755b7108-b075-4060-ac91-fd6ff528ddb9, all resources released: true
DEBUG StatusLogger Appender query-file-appender stopped with status true
2024-04-24 06:51:48,456 Stage-1 map = 100%,  reduce = 0%
2024-04-24T06:51:48,457  INFO [47daaaee-c908-4ded-896f-cf49af2dfe8f main] exec.Task: 2024-04-24 06:51:48,456 Stage-1 map = 100%,  reduce = 0%
Ended Job = job_local1901852035_0007
2024-04-24T06:51:48,461  INFO [47daaaee-c908-4ded-896f-cf49af2dfe8f main] exec.Task: Ended Job = job_local1901852035_0007
POSTHOOK: query: select reflect("java.lang.System", "currentTimeMillis")
2024-04-24T06:51:48,471  INFO [47daaaee-c908-4ded-896f-cf49af2dfe8f main] SessionState: POSTHOOK: query: select reflect("java.lang.System", "currentTimeMillis")
POSTHOOK: type: QUERY
2024-04-24T06:51:48,472  INFO [47daaaee-c908-4ded-896f-cf49af2dfe8f main] SessionState: POSTHOOK: type: QUERY
POSTHOOK: Input: _dummy_database@_dummy_table
2024-04-24T06:51:48,472  INFO [47daaaee-c908-4ded-896f-cf49af2dfe8f main] SessionState: POSTHOOK: Input: _dummy_database@_dummy_table
POSTHOOK: Output: file:/home/alex/Repositories/hive/service/target/tmp/localscratchdir/47daaaee-c908-4ded-896f-cf49af2dfe8f/hive_2024-04-24_06-51-46_899_5236628551144155017-1/-mr-10001
2024-04-24T06:51:48,472  INFO [47daaaee-c908-4ded-896f-cf49af2dfe8f main] SessionState: POSTHOOK: Output: file:/home/alex/Repositories/hive/service/target/tmp/localscratchdir/47daaaee-c908-4ded-896f-cf49af2dfe8f/hive_2024-04-24_06-51-46_899_5236628551144155017-1/-mr-10001
2024-04-24T06:51:48,472  INFO [47daaaee-c908-4ded-896f-cf49af2dfe8f main] metadata.Hive: Dumping metastore api call timing information for : execution phase
2024-04-24T06:51:48,473  INFO [47daaaee-c908-4ded-896f-cf49af2dfe8f main] metadata.Hive: Total time spent in each metastore function (ms): {}
MapReduce Jobs Launched: 
2024-04-24T06:51:48,474  INFO [47daaaee-c908-4ded-896f-cf49af2dfe8f main] ql.Driver: MapReduce Jobs Launched: 
Stage-Stage-1:  HDFS Read: 0 HDFS Write: 0 SUCCESS
2024-04-24T06:51:48,474  INFO [47daaaee-c908-4ded-896f-cf49af2dfe8f main] ql.Driver: Stage-Stage-1:  HDFS Read: 0 HDFS Write: 0 SUCCESS
Total MapReduce CPU Time Spent: 0 msec
2024-04-24T06:51:48,474  INFO [47daaaee-c908-4ded-896f-cf49af2dfe8f main] ql.Driver: Total MapReduce CPU Time Spent: 0 msec
2024-04-24T06:51:48,474  INFO [47daaaee-c908-4ded-896f-cf49af2dfe8f main] ql.Driver: Completed executing command(queryId=alex_20240424065146_b9b96bdd-cda1-4708-b900-6d8d02cc32a3); Time taken: 1.371 seconds
2024-04-24T06:51:48,476  INFO [47daaaee-c908-4ded-896f-cf49af2dfe8f main] common.LogUtils: Unregistered logging context.
2024-04-24T06:51:48,476  INFO [47daaaee-c908-4ded-896f-cf49af2dfe8f main] session.HiveSessionImpl: executing select reflect("java.lang.Thread", "sleep", bigint(5000))
2024-04-24T06:51:48,479  INFO [47daaaee-c908-4ded-896f-cf49af2dfe8f main] operation.OperationManager: Adding operation: OperationHandle [opType=EXECUTE_STATEMENT, getHandleIdentifier()=07de5888-c12b-4772-b6d8-aa4513aad6a5] SessionHandle [47daaaee-c908-4ded-896f-cf49af2dfe8f]
2024-04-24T06:51:48,479  INFO [47daaaee-c908-4ded-896f-cf49af2dfe8f main] common.LogUtils: Thread context registration is done.
DEBUG StatusLogger Building Plugin[name=filter, class=org.apache.hadoop.hive.ql.log.LogDivertAppender$NameFilter].
DEBUG StatusLogger createFilter(loggingLevel="EXECUTION")
DEBUG StatusLogger Building Plugin[name=layout, class=org.apache.logging.log4j.core.layout.PatternLayout].
DEBUG StatusLogger PatternLayout$Builder(charset="null", Configuration(HiveLog4j2Test), pattern="%-5p : %m%n", PatternSelector=null, Replace=null, footer="null", alwaysWriteExceptions="null", disableAnsi="null", noConsoleNoAnsi="null", header="null")
DEBUG StatusLogger Building Plugin[name=appender, class=org.apache.hadoop.hive.ql.log.HushableRandomAccessFileAppender].
DEBUG StatusLogger createAppender(fileName="/home/alex/Repositories/hive/service/target/tmp/alex/operation_logs/47daaaee-c908-4ded-896f-cf49af2dfe8f/alex_20240424065148_47b7ba32-6032-4d0a-b0cd-b1e10e744f5d", append="null", name="query-file-appender", immediateFlush="null", bufferSize="null", ignoreExceptions="null", PatternLayout(org.apache.logging.log4j.core.layout.PatternLayout with name PatternLayout), NameFilter(org.apache.hadoop.hive.ql.log.LogDivertAppender$NameFilter with name NameFilter), advertise="null", advertiseURI="null", Configuration(HiveLog4j2Test))
DEBUG StatusLogger Starting RandomAccessFileManager /home/alex/Repositories/hive/service/target/tmp/alex/operation_logs/47daaaee-c908-4ded-896f-cf49af2dfe8f/alex_20240424065148_47b7ba32-6032-4d0a-b0cd-b1e10e744f5d
DEBUG StatusLogger Building Plugin[name=, class=org.apache.hadoop.hive.ql.log.LogDivertAppenderForTest$TestFilter].
DEBUG StatusLogger createFilter()
DEBUG StatusLogger Building Plugin[name=, class=org.apache.logging.log4j.core.layout.PatternLayout].
DEBUG StatusLogger PatternLayout$Builder(footer="null", alwaysWriteExceptions="null", noConsoleNoAnsi="null", PatternSelector=null, pattern="%-5p : %m%n", charset="null", Configuration(HiveLog4j2Test), disableAnsi="null", header="null", Replace=null)
DEBUG StatusLogger Building Plugin[name=appender, class=org.apache.hadoop.hive.ql.log.HushableRandomAccessFileAppender].
DEBUG StatusLogger createAppender(fileName="/home/alex/Repositories/hive/service/target/tmp/alex/operation_logs/47daaaee-c908-4ded-896f-cf49af2dfe8f/alex_20240424065148_47b7ba32-6032-4d0a-b0cd-b1e10e744f5d.test", append="null", name="test-query-file-appender", immediateFlush="null", bufferSize="null", ignoreExceptions="null", PatternLayout(org.apache.logging.log4j.core.layout.PatternLayout with name PatternLayout), test-filter(org.apache.hadoop.hive.ql.log.LogDivertAppenderForTest$TestFilter with name test-filter), advertise="null", advertiseURI="null", Configuration(HiveLog4j2Test))
DEBUG StatusLogger Starting RandomAccessFileManager /home/alex/Repositories/hive/service/target/tmp/alex/operation_logs/47daaaee-c908-4ded-896f-cf49af2dfe8f/alex_20240424065148_47b7ba32-6032-4d0a-b0cd-b1e10e744f5d.test
2024-04-24T06:51:48,490  INFO [47daaaee-c908-4ded-896f-cf49af2dfe8f main] operation.SQLOperation: [opType=EXECUTE_STATEMENT, queryId=alex_20240424065148_47b7ba32-6032-4d0a-b0cd-b1e10e744f5d, startTime=1713966708477, sessionId=47daaaee-c908-4ded-896f-cf49af2dfe8f, createTime=1713966706872, userName=anonymous, ipAddress=null]
2024-04-24T06:51:48,491  INFO [47daaaee-c908-4ded-896f-cf49af2dfe8f main] ql.Driver: Compiling command(queryId=alex_20240424065148_47b7ba32-6032-4d0a-b0cd-b1e10e744f5d): select reflect("java.lang.Thread", "sleep", bigint(5000))
2024-04-24T06:51:48,492  INFO [47daaaee-c908-4ded-896f-cf49af2dfe8f main] parse.CalcitePlanner: Starting caching scope for: alex_20240424065148_47b7ba32-6032-4d0a-b0cd-b1e10e744f5d
2024-04-24T06:51:48,492  INFO [47daaaee-c908-4ded-896f-cf49af2dfe8f main] parse.CalcitePlanner: Starting Semantic Analysis
2024-04-24T06:51:48,492  INFO [47daaaee-c908-4ded-896f-cf49af2dfe8f main] parse.CalcitePlanner: Completed phase 1 of Semantic Analysis
2024-04-24T06:51:48,492  INFO [47daaaee-c908-4ded-896f-cf49af2dfe8f main] parse.CalcitePlanner: Get metadata for source tables
2024-04-24T06:51:48,492  INFO [47daaaee-c908-4ded-896f-cf49af2dfe8f main] parse.CalcitePlanner: Get metadata for subqueries
2024-04-24T06:51:48,493  INFO [47daaaee-c908-4ded-896f-cf49af2dfe8f main] parse.CalcitePlanner: Get metadata for destination tables
2024-04-24T06:51:48,493  INFO [47daaaee-c908-4ded-896f-cf49af2dfe8f main] parse.CalcitePlanner: Completed getting MetaData in Semantic Analysis
2024-04-24T06:51:48,520  INFO [47daaaee-c908-4ded-896f-cf49af2dfe8f main] HiveMetaStore.audit: ugi=alex	ip=unknown-ip-addr	cmd=get_all_table_constraints : tbl=hive._dummy_database._dummy_table	
2024-04-24T06:51:48,618  INFO [47daaaee-c908-4ded-896f-cf49af2dfe8f main] parse.CalcitePlanner: Get metadata for source tables
2024-04-24T06:51:48,618  INFO [47daaaee-c908-4ded-896f-cf49af2dfe8f main] HiveMetaStore.audit: ugi=alex	ip=unknown-ip-addr	cmd=get_table : tbl=hive._dummy_database._dummy_table	
2024-04-24T06:51:48,621  INFO [47daaaee-c908-4ded-896f-cf49af2dfe8f main] parse.CalcitePlanner: Get metadata for subqueries
2024-04-24T06:51:48,621  INFO [47daaaee-c908-4ded-896f-cf49af2dfe8f main] parse.CalcitePlanner: Get metadata for destination tables
2024-04-24T06:51:48,622  INFO [47daaaee-c908-4ded-896f-cf49af2dfe8f main] common.FileUtils: Creating directory if it doesn't exist: file:/home/alex/Repositories/hive/service/target/tmp/localscratchdir/47daaaee-c908-4ded-896f-cf49af2dfe8f/hive_2024-04-24_06-51-48_490_1210405819835482128-1/-mr-10001/.hive-staging_hive_2024-04-24_06-51-48_490_1210405819835482128-1
2024-04-24T06:51:48,628  INFO [47daaaee-c908-4ded-896f-cf49af2dfe8f main] parse.CalcitePlanner: CBO Succeeded; optimized logical plan.
2024-04-24T06:51:48,635  INFO [47daaaee-c908-4ded-896f-cf49af2dfe8f main] optimizer.BucketVersionPopulator: not considering bucketingVersion for: TS[0] because it has -1<2 buckets 
2024-04-24T06:51:48,637  INFO [47daaaee-c908-4ded-896f-cf49af2dfe8f main] optimizer.SortedDynPartitionOptimizer: Sorted dynamic partitioning optimization kicked in..
2024-04-24T06:51:48,650  INFO [47daaaee-c908-4ded-896f-cf49af2dfe8f main] physical.Vectorizer: Examining input format to see if vectorization is enabled.
2024-04-24T06:51:48,650  INFO [47daaaee-c908-4ded-896f-cf49af2dfe8f main] physical.Vectorizer: Map vectorization enabled: false
2024-04-24T06:51:48,650  INFO [47daaaee-c908-4ded-896f-cf49af2dfe8f main] physical.Vectorizer: Map vectorized: false
2024-04-24T06:51:48,650  INFO [47daaaee-c908-4ded-896f-cf49af2dfe8f main] physical.Vectorizer: Map vectorizedVertexNum: 0
2024-04-24T06:51:48,650  INFO [47daaaee-c908-4ded-896f-cf49af2dfe8f main] physical.Vectorizer: Map enabledConditionsMet: [hive.vectorized.use.vectorized.input.format IS true]
2024-04-24T06:51:48,650  INFO [47daaaee-c908-4ded-896f-cf49af2dfe8f main] physical.Vectorizer: Map enabledConditionsNotMet: [Could not enable vectorization due to partition column names size 1 is greater than the number of table column names size 0 IS false]
2024-04-24T06:51:48,650  INFO [47daaaee-c908-4ded-896f-cf49af2dfe8f main] physical.Vectorizer: Map inputFileFormatClassNameSet: [org.apache.hadoop.hive.ql.io.NullRowsInputFormat]
2024-04-24T06:51:48,651  INFO [47daaaee-c908-4ded-896f-cf49af2dfe8f main] parse.CalcitePlanner: Completed plan generation
2024-04-24T06:51:48,651  INFO [47daaaee-c908-4ded-896f-cf49af2dfe8f main] parse.CalcitePlanner: Ending caching scope for: alex_20240424065148_47b7ba32-6032-4d0a-b0cd-b1e10e744f5d
2024-04-24T06:51:48,651  INFO [47daaaee-c908-4ded-896f-cf49af2dfe8f main] ql.Driver: Semantic Analysis Completed (retrial = false)
2024-04-24T06:51:48,651  INFO [47daaaee-c908-4ded-896f-cf49af2dfe8f main] ql.Driver: Created Hive schema: Schema(fieldSchemas:[FieldSchema(name:_c0, type:string, comment:null)], properties:null)
2024-04-24T06:51:48,653  INFO [47daaaee-c908-4ded-896f-cf49af2dfe8f main] exec.ListSinkOperator: Initializing Operator: LIST_SINK[3]
2024-04-24T06:51:48,653  INFO [47daaaee-c908-4ded-896f-cf49af2dfe8f main] metadata.Hive: Dumping metastore api call timing information for : compilation phase
2024-04-24T06:51:48,653  INFO [47daaaee-c908-4ded-896f-cf49af2dfe8f main] metadata.Hive: Total time spent in each metastore function (ms): {flushCache_()=0, getAllTableConstraints_(AllTableConstraintsRequest)=8, isCompatibleWith_(Configuration)=0}
2024-04-24T06:51:48,653  INFO [47daaaee-c908-4ded-896f-cf49af2dfe8f main] ql.Driver: Completed compiling command(queryId=alex_20240424065148_47b7ba32-6032-4d0a-b0cd-b1e10e744f5d); Time taken: 0.162 seconds
2024-04-24T06:51:48,654  INFO [47daaaee-c908-4ded-896f-cf49af2dfe8f main] common.LogUtils: Unregistered logging context.
2024-04-24T06:51:48,654  INFO [HiveServer2-Background-Pool: Thread-438] common.LogUtils: Thread context registration is done.
2024-04-24T06:51:48,654  INFO [HiveServer2-Background-Pool: Thread-438] reexec.ReExecDriver: Execution #1 of query
2024-04-24T06:51:48,655  INFO [HiveServer2-Background-Pool: Thread-438] ql.Driver: Operation QUERY obtained 2 locks
2024-04-24T06:51:48,656  INFO [HiveServer2-Background-Pool: Thread-438] ql.Driver: Executing command(queryId=alex_20240424065148_47b7ba32-6032-4d0a-b0cd-b1e10e744f5d): select reflect("java.lang.Thread", "sleep", bigint(5000))
PREHOOK: query: select reflect("java.lang.Thread", "sleep", bigint(5000))
2024-04-24T06:51:48,656  INFO [HiveServer2-Background-Pool: Thread-438] SessionState: PREHOOK: query: select reflect("java.lang.Thread", "sleep", bigint(5000))
PREHOOK: type: QUERY
2024-04-24T06:51:48,656  INFO [HiveServer2-Background-Pool: Thread-438] SessionState: PREHOOK: type: QUERY
PREHOOK: Input: _dummy_database@_dummy_table
2024-04-24T06:51:48,657  INFO [HiveServer2-Background-Pool: Thread-438] SessionState: PREHOOK: Input: _dummy_database@_dummy_table
PREHOOK: Output: file:/home/alex/Repositories/hive/service/target/tmp/localscratchdir/47daaaee-c908-4ded-896f-cf49af2dfe8f/hive_2024-04-24_06-51-48_490_1210405819835482128-1/-mr-10001
2024-04-24T06:51:48,657  INFO [HiveServer2-Background-Pool: Thread-438] SessionState: PREHOOK: Output: file:/home/alex/Repositories/hive/service/target/tmp/localscratchdir/47daaaee-c908-4ded-896f-cf49af2dfe8f/hive_2024-04-24_06-51-48_490_1210405819835482128-1/-mr-10001
2024-04-24T06:51:48,657  WARN [HiveServer2-Background-Pool: Thread-438] ql.Driver: Hive-on-MR is deprecated in Hive 2 and may not be available in the future versions. Consider using a different execution engine (i.e. tez, spark) or using Hive 1.X releases.
Query ID = alex_20240424065148_47b7ba32-6032-4d0a-b0cd-b1e10e744f5d
2024-04-24T06:51:48,657  INFO [HiveServer2-Background-Pool: Thread-438] ql.Driver: Query ID = alex_20240424065148_47b7ba32-6032-4d0a-b0cd-b1e10e744f5d
Total jobs = 1
2024-04-24T06:51:48,657  INFO [HiveServer2-Background-Pool: Thread-438] ql.Driver: Total jobs = 1
Launching Job 1 out of 1
2024-04-24T06:51:48,657  INFO [HiveServer2-Background-Pool: Thread-438] ql.Driver: Launching Job 1 out of 1
2024-04-24T06:51:48,738  INFO [HiveServer2-Background-Pool: Thread-438] ql.Driver: Starting task [Stage-1:MAPRED] in serial mode
Number of reduce tasks is set to 0 since there's no reduce operator
2024-04-24T06:51:48,738  INFO [HiveServer2-Background-Pool: Thread-438] exec.Task: Number of reduce tasks is set to 0 since there's no reduce operator
2024-04-24T06:51:48,744  INFO [HiveServer2-Background-Pool: Thread-438] mr.ExecDriver: Using org.apache.hadoop.hive.ql.io.CombineHiveInputFormat
2024-04-24T06:51:48,745  INFO [HiveServer2-Background-Pool: Thread-438] exec.Utilities: Processing alias _dummy_table
2024-04-24T06:51:48,745  INFO [HiveServer2-Background-Pool: Thread-438] exec.Utilities: Adding 1 inputs; the first input is file:/home/alex/Repositories/hive/service/target/tmp/localscratchdir/47daaaee-c908-4ded-896f-cf49af2dfe8f/hive_2024-04-24_06-51-48_490_1210405819835482128-1/dummy_path
2024-04-24T06:51:48,757  INFO [HiveServer2-Background-Pool: Thread-438] exec.SerializationUtilities: Serializing MapWork using kryo
2024-04-24T06:51:48,758  INFO [HiveServer2-Background-Pool: Thread-438] exec.Utilities: Serialized plan (via FILE) - name: null size: 5,13KB
2024-04-24T06:51:48,759  WARN [HiveServer2-Background-Pool: Thread-438] impl.MetricsSystemImpl: JobTracker metrics system already initialized!
2024-04-24T06:51:48,766  WARN [HiveServer2-Background-Pool: Thread-438] impl.MetricsSystemImpl: JobTracker metrics system already initialized!
2024-04-24T06:51:48,775  WARN [HiveServer2-Background-Pool: Thread-438] mapreduce.JobResourceUploader: Hadoop command-line option parsing not performed. Implement the Tool interface and execute your application with ToolRunner to remedy this.
2024-04-24T06:51:48,780  WARN [HiveServer2-Background-Pool: Thread-438] mapreduce.JobResourceUploader: No job jar file set.  User classes may not be found. See Job or Job#setJar(String).
2024-04-24T06:51:48,780  INFO [HiveServer2-Background-Pool: Thread-438] io.CombineHiveInputFormat: Total number of paths: 1, launching 1 threads to check non-combinable ones.
2024-04-24T06:51:48,781  INFO [HiveServer2-Background-Pool: Thread-438] io.CombineHiveInputFormat: CombineHiveInputSplit creating pool for file:/home/alex/Repositories/hive/service/target/tmp/localscratchdir/47daaaee-c908-4ded-896f-cf49af2dfe8f/hive_2024-04-24_06-51-48_490_1210405819835482128-1/dummy_path; using filter path file:/home/alex/Repositories/hive/service/target/tmp/localscratchdir/47daaaee-c908-4ded-896f-cf49af2dfe8f/hive_2024-04-24_06-51-48_490_1210405819835482128-1/dummy_path
2024-04-24T06:51:48,786  INFO [HiveServer2-Background-Pool: Thread-438] input.FileInputFormat: Total input files to process : 1
2024-04-24T06:51:48,786  INFO [HiveServer2-Background-Pool: Thread-438] input.CombineFileInputFormat: DEBUG: Terminated node allocation with : CompletedNodes: 1, size left: 0
2024-04-24T06:51:48,786  INFO [HiveServer2-Background-Pool: Thread-438] io.CombineHiveInputFormat: Number of all splits 1
2024-04-24T06:51:48,808  INFO [HiveServer2-Background-Pool: Thread-438] mapreduce.JobSubmitter: number of splits:1
2024-04-24T06:51:48,829  INFO [HiveServer2-Background-Pool: Thread-438] mapreduce.JobSubmitter: Submitting tokens for job: job_local848615255_0008
2024-04-24T06:51:48,830  INFO [HiveServer2-Background-Pool: Thread-438] mapreduce.JobSubmitter: Executing with tokens: []
2024-04-24T06:51:48,912  INFO [HiveServer2-Background-Pool: Thread-438] mapreduce.Job: The url to track the job: http://localhost:8080/
Job running in-process (local Hadoop)
2024-04-24T06:51:48,913  INFO [HiveServer2-Background-Pool: Thread-438] exec.Task: Job running in-process (local Hadoop)
2024-04-24T06:51:48,913  INFO [Thread-383] mapred.LocalJobRunner: OutputCommitter set in config org.apache.hadoop.hive.ql.io.HiveFileFormatUtils$NullOutputCommitter
2024-04-24T06:51:48,913  INFO [Thread-383] mapred.LocalJobRunner: OutputCommitter is org.apache.hadoop.hive.ql.io.HiveFileFormatUtils$NullOutputCommitter
2024-04-24T06:51:48,915  INFO [Thread-383] mapred.LocalJobRunner: Waiting for map tasks
2024-04-24T06:51:48,915  INFO [LocalJobRunner Map Task Executor #0] mapred.LocalJobRunner: Starting task: attempt_local848615255_0008_m_000000_0
2024-04-24T06:51:48,916  INFO [LocalJobRunner Map Task Executor #0] mapred.Task:  Using ResourceCalculatorProcessTree : [ ]
2024-04-24T06:51:48,917  INFO [LocalJobRunner Map Task Executor #0] mapred.MapTask: Processing split: Paths:/home/alex/Repositories/hive/service/target/tmp/localscratchdir/47daaaee-c908-4ded-896f-cf49af2dfe8f/hive_2024-04-24_06-51-48_490_1210405819835482128-1/dummy_path/dummy_file:0+1InputFormatClass: org.apache.hadoop.hive.ql.io.NullRowsInputFormat

2024-04-24T06:51:48,918  INFO [LocalJobRunner Map Task Executor #0] exec.SerializationUtilities: Deserializing MapWork using kryo
2024-04-24T06:51:48,919  INFO [LocalJobRunner Map Task Executor #0] exec.Utilities: Deserialized plan (via FILE) - name: null size: 5,13KB
2024-04-24T06:51:48,920  INFO [LocalJobRunner Map Task Executor #0] mapred.MapTask: numReduceTasks: 0
2024-04-24T06:51:48,920  INFO [LocalJobRunner Map Task Executor #0] exec.MapOperator: Initializing Operator: MAP[0]
2024-04-24T06:51:48,921  INFO [LocalJobRunner Map Task Executor #0] mr.ExecMapper: 
<MAP>Id =0
  <Children>null
  <\Children>
  <Parent><\Parent>
<\MAP>
2024-04-24T06:51:48,921  INFO [LocalJobRunner Map Task Executor #0] exec.TableScanOperator: Initializing Operator: TS[0]
2024-04-24T06:51:48,921  INFO [LocalJobRunner Map Task Executor #0] exec.SelectOperator: Initializing Operator: SEL[1]
2024-04-24T06:51:48,921  INFO [LocalJobRunner Map Task Executor #0] exec.SelectOperator: SELECT null
2024-04-24T06:51:48,922  INFO [LocalJobRunner Map Task Executor #0] exec.FileSinkOperator: Initializing Operator: FS[2]
2024-04-24T06:51:48,922  INFO [LocalJobRunner Map Task Executor #0] exec.FileSinkOperator: Using serializer : class org.apache.hadoop.hive.serde2.lazy.LazySimpleSerDe [serdeParams=org.apache.hadoop.hive.serde2.lazy.LazySerDeParameters@19ee9757, cachedObjectInspector=org.apache.hadoop.hive.serde2.lazy.objectinspector.LazySimpleStructObjectInspector<org.apache.hadoop.hive.serde2.lazy.objectinspector.primitive.LazyStringObjectInspector@5454be>, serializedSize=0, stats=org.apache.hadoop.hive.serde2.SerDeStats@34b0c2cc, lastOperationSerialize=false, lastOperationDeserialize=false [1, 2, 3, 4, 5, 6, 7, 8, 11, 14, 15, 16, 17, 18, 19, 20, 21, 22, 23, 24, 25, 26, 28, 29, 30, 31, -128, -127, -126, -125, -124, -123, -122, -121, -120, -119, -118, -117, -116, -115, -114, -113, -112, -111, -110, -109, -108, -107, -106, -105, -104, -103, -102, -101, -100, -99, -98, -97, -96, -95, -94, -93, -92, -91, -90, -89, -88, -87, -86, -85, -84, -83, -82, -81, -80, -79, -78, -77, -76, -75, -74, -73, -72, -71, -70, -69, -68, -67, -66, -65, -64, -63, -62, -61, -60, -59, -58, -57, -56, -55, -54, -53, -52, -51, -50, -49, -48, -47, -46, -45, -44, -43, -42, -41, -40, -39, -38, -37, -36, -35, -34, -33, -32, -31, -30, -29, -28, -27, -26, -25, -24, -23, -22, -21, -20, -19, -18, -17, -16, -15, -14, -13, -12, -11, -10, -9, -8, -7, -6, -5, -4, -3, -2, -1] : [_col0] : [string]] and formatter : org.apache.hadoop.hive.ql.io.HiveSequenceFileOutputFormat@2f6b909
2024-04-24T06:51:49,155  INFO [main] service.CompositeService: Session closed, SessionHandle [47daaaee-c908-4ded-896f-cf49af2dfe8f], current sessions:0
2024-04-24T06:51:49,156  INFO [47daaaee-c908-4ded-896f-cf49af2dfe8f main] operation.OperationManager: Closing operation: OperationHandle [opType=EXECUTE_STATEMENT, getHandleIdentifier()=11838318-7e24-4c07-99a0-8561369c845e]
2024-04-24T06:51:49,156  INFO [47daaaee-c908-4ded-896f-cf49af2dfe8f main] operation.OperationManager: Removed queryId: alex_20240424065146_b9b96bdd-cda1-4708-b900-6d8d02cc32a3 corresponding to operation: OperationHandle [opType=EXECUTE_STATEMENT, getHandleIdentifier()=11838318-7e24-4c07-99a0-8561369c845e] with tag: null
2024-04-24T06:51:49,156  INFO [47daaaee-c908-4ded-896f-cf49af2dfe8f main] ql.Context: Deleting scratch dir: file:/home/alex/Repositories/hive/service/target/tmp/localscratchdir/47daaaee-c908-4ded-896f-cf49af2dfe8f/hive_2024-04-24_06-51-46_899_5236628551144155017-1
2024-04-24T06:51:49,157  INFO [47daaaee-c908-4ded-896f-cf49af2dfe8f main] cleanup.EventualCleanupService: Delete file:/home/alex/Repositories/hive/service/target/tmp/localscratchdir/47daaaee-c908-4ded-896f-cf49af2dfe8f/hive_2024-04-24_06-51-46_899_5236628551144155017-1 operation was queued
2024-04-24T06:51:49,157  INFO [47daaaee-c908-4ded-896f-cf49af2dfe8f main] exec.ListSinkOperator: Closing Operator: LIST_SINK[3]
2024-04-24T06:51:49,157  INFO [47daaaee-c908-4ded-896f-cf49af2dfe8f main] exec.ListSinkOperator: RECORDS_OUT_OPERATOR_LIST_SINK_3:0, RECORDS_OUT_INTERMEDIATE:0, 
2024-04-24T06:51:49,157  INFO [47daaaee-c908-4ded-896f-cf49af2dfe8f main] operation.SQLOperation: Closing operation log /home/alex/Repositories/hive/service/target/tmp/alex/operation_logs/47daaaee-c908-4ded-896f-cf49af2dfe8f/alex_20240424065146_b9b96bdd-cda1-4708-b900-6d8d02cc32a3 without delay
2024-04-24T06:51:49,157  INFO [47daaaee-c908-4ded-896f-cf49af2dfe8f main] operation.OperationManager: Closing operation: OperationHandle [opType=EXECUTE_STATEMENT, getHandleIdentifier()=07de5888-c12b-4772-b6d8-aa4513aad6a5]
2024-04-24T06:51:49,157  INFO [47daaaee-c908-4ded-896f-cf49af2dfe8f main] operation.OperationManager: Removed queryId: alex_20240424065148_47b7ba32-6032-4d0a-b0cd-b1e10e744f5d corresponding to operation: OperationHandle [opType=EXECUTE_STATEMENT, getHandleIdentifier()=07de5888-c12b-4772-b6d8-aa4513aad6a5] with tag: null
2024-04-24T06:51:49,157  INFO [47daaaee-c908-4ded-896f-cf49af2dfe8f main] operation.SQLOperation: The running operation has been successfully interrupted: alex_20240424065148_47b7ba32-6032-4d0a-b0cd-b1e10e744f5d
2024-04-24T06:51:49,157  WARN [47daaaee-c908-4ded-896f-cf49af2dfe8f main] ql.Driver: Shutting down task : Stage-1:MAPRED
UDFReflect evaluate java.lang.reflect.InvocationTargetException method = public static native void java.lang.Thread.sleep(long) throws java.lang.InterruptedException args = [5000]
2024-04-24T06:51:49,158  INFO [47daaaee-c908-4ded-896f-cf49af2dfe8f main] ql.Context: Deleting scratch dir: file:/home/alex/Repositories/hive/service/target/tmp/localscratchdir/47daaaee-c908-4ded-896f-cf49af2dfe8f/hive_2024-04-24_06-51-48_490_1210405819835482128-6
2024-04-24T06:51:49,158  INFO [LocalJobRunner Map Task Executor #0] exec.FileSinkOperator: Final Path: FS file:/home/alex/Repositories/hive/service/target/tmp/localscratchdir/47daaaee-c908-4ded-896f-cf49af2dfe8f/hive_2024-04-24_06-51-48_490_1210405819835482128-1/-mr-10001/.hive-staging_hive_2024-04-24_06-51-48_490_1210405819835482128-1/_tmp.-ext-10002/000000_0
2024-04-24T06:51:49,158  INFO [LocalJobRunner Map Task Executor #0] exec.FileSinkOperator: Writing to temp file: FS file:/home/alex/Repositories/hive/service/target/tmp/localscratchdir/47daaaee-c908-4ded-896f-cf49af2dfe8f/hive_2024-04-24_06-51-48_490_1210405819835482128-1/-mr-10001/.hive-staging_hive_2024-04-24_06-51-48_490_1210405819835482128-1/_task_tmp.-ext-10002/_tmp.000000_0
2024-04-24T06:51:49,158  INFO [EventualCleanupService thread 0] cleanup.EventualCleanupService: Deleted file:/home/alex/Repositories/hive/service/target/tmp/localscratchdir/47daaaee-c908-4ded-896f-cf49af2dfe8f/hive_2024-04-24_06-51-46_899_5236628551144155017-1
2024-04-24T06:51:49,158  INFO [47daaaee-c908-4ded-896f-cf49af2dfe8f main] cleanup.EventualCleanupService: Delete file:/home/alex/Repositories/hive/service/target/tmp/localscratchdir/47daaaee-c908-4ded-896f-cf49af2dfe8f/hive_2024-04-24_06-51-48_490_1210405819835482128-6 operation was queued
2024-04-24T06:51:49,158  WARN [HiveServer2-Background-Pool: Thread-438] mapreduce.Counters: Group org.apache.hadoop.mapred.Task$Counter is deprecated. Use org.apache.hadoop.mapreduce.TaskCounter instead
2024-04-24 06:51:49,158 Stage-1 map = 0%,  reduce = 0%
2024-04-24T06:51:49,159  INFO [HiveServer2-Background-Pool: Thread-438] exec.Task: 2024-04-24 06:51:49,158 Stage-1 map = 0%,  reduce = 0%
2024-04-24T06:51:49,159  INFO [47daaaee-c908-4ded-896f-cf49af2dfe8f main] ql.Context: Deleting scratch dir: file:/home/alex/Repositories/hive/service/target/tmp/localscratchdir/47daaaee-c908-4ded-896f-cf49af2dfe8f/hive_2024-04-24_06-51-48_490_1210405819835482128-1
2024-04-24T06:51:49,158  INFO [LocalJobRunner Map Task Executor #0] exec.FileSinkOperator: New Final Path: FS file:/home/alex/Repositories/hive/service/target/tmp/localscratchdir/47daaaee-c908-4ded-896f-cf49af2dfe8f/hive_2024-04-24_06-51-48_490_1210405819835482128-1/-mr-10001/.hive-staging_hive_2024-04-24_06-51-48_490_1210405819835482128-1/_tmp.-ext-10002/000000_0
2024-04-24T06:51:49,158  WARN [Thread-383] mapred.LocalJobRunner: job_local848615255_0008
java.lang.InterruptedException: null
	at java.util.concurrent.locks.AbstractQueuedSynchronizer$ConditionObject.reportInterruptAfterWait(AbstractQueuedSynchronizer.java:2014) ~[?:1.8.0_402]
	at java.util.concurrent.locks.AbstractQueuedSynchronizer$ConditionObject.awaitNanos(AbstractQueuedSynchronizer.java:2088) ~[?:1.8.0_402]
	at java.util.concurrent.ThreadPoolExecutor.awaitTermination(ThreadPoolExecutor.java:1475) ~[?:1.8.0_402]
	at org.apache.hadoop.mapred.LocalJobRunner$Job.runTasks(LocalJobRunner.java:479) ~[hadoop-mapreduce-client-common-3.1.0.jar:?]
	at org.apache.hadoop.mapred.LocalJobRunner$Job.run(LocalJobRunner.java:552) [hadoop-mapreduce-client-common-3.1.0.jar:?]
2024-04-24T06:51:49,159  INFO [47daaaee-c908-4ded-896f-cf49af2dfe8f main] cleanup.EventualCleanupService: Delete file:/home/alex/Repositories/hive/service/target/tmp/localscratchdir/47daaaee-c908-4ded-896f-cf49af2dfe8f/hive_2024-04-24_06-51-48_490_1210405819835482128-1 operation was queued
2024-04-24T06:51:49,159  INFO [47daaaee-c908-4ded-896f-cf49af2dfe8f main] exec.ListSinkOperator: Closing Operator: LIST_SINK[3]
2024-04-24T06:51:49,159  INFO [EventualCleanupService thread 1] cleanup.EventualCleanupService: Deleted file:/home/alex/Repositories/hive/service/target/tmp/localscratchdir/47daaaee-c908-4ded-896f-cf49af2dfe8f/hive_2024-04-24_06-51-48_490_1210405819835482128-6
2024-04-24T06:51:49,159  WARN [HiveServer2-Background-Pool: Thread-438] mapreduce.Counters: Group org.apache.hadoop.mapred.Task$Counter is deprecated. Use org.apache.hadoop.mapreduce.TaskCounter instead
2024-04-24T06:51:49,159  INFO [47daaaee-c908-4ded-896f-cf49af2dfe8f main] exec.ListSinkOperator: RECORDS_OUT_OPERATOR_LIST_SINK_3:0, RECORDS_OUT_INTERMEDIATE:0, 
2024-04-24T06:51:49,160  INFO [47daaaee-c908-4ded-896f-cf49af2dfe8f main] operation.SQLOperation: Closing operation log /home/alex/Repositories/hive/service/target/tmp/alex/operation_logs/47daaaee-c908-4ded-896f-cf49af2dfe8f/alex_20240424065148_47b7ba32-6032-4d0a-b0cd-b1e10e744f5d without delay
Ended Job = job_local848615255_0008 with errors2024-04-24T06:51:49,160  WARN [EventualCleanupService thread 2] fs.FileUtil: Failed to delete file or dir [/home/alex/Repositories/hive/service/target/tmp/localscratchdir/47daaaee-c908-4ded-896f-cf49af2dfe8f/hive_2024-04-24_06-51-48_490_1210405819835482128-1/-mr-10001/.hive-staging_hive_2024-04-24_06-51-48_490_1210405819835482128-1]: it still exists.

2024-04-24T06:51:49,160 ERROR [HiveServer2-Background-Pool: Thread-438] exec.Task: Ended Job = job_local848615255_0008 with errors
2024-04-24T06:51:49,160  INFO [EventualCleanupService thread 2] cleanup.EventualCleanupService: Deleted file:/home/alex/Repositories/hive/service/target/tmp/localscratchdir/47daaaee-c908-4ded-896f-cf49af2dfe8f/hive_2024-04-24_06-51-48_490_1210405819835482128-1
2024-04-24T06:51:49,160  INFO [47daaaee-c908-4ded-896f-cf49af2dfe8f main] session.HiveSessionImpl: Operation log session directory is deleted: /home/alex/Repositories/hive/service/target/tmp/alex/operation_logs/47daaaee-c908-4ded-896f-cf49af2dfe8f
Error during job, obtaining debugging information...
2024-04-24T06:51:49,161 ERROR [Thread-388] exec.Task: Error during job, obtaining debugging information...
2024-04-24T06:51:49,162  INFO [main] cleanup.EventualCleanupService: Delete /home/alex/Repositories/hive/service/target/tmp/scratchdir/alex/47daaaee-c908-4ded-896f-cf49af2dfe8f operation was queued
2024-04-24T06:51:49,163  INFO [main] cleanup.EventualCleanupService: Delete /home/alex/Repositories/hive/service/target/tmp/localscratchdir/47daaaee-c908-4ded-896f-cf49af2dfe8f operation was queued
2024-04-24T06:51:49,163  INFO [EventualCleanupService thread 3] cleanup.EventualCleanupService: Deleted /home/alex/Repositories/hive/service/target/tmp/scratchdir/alex/47daaaee-c908-4ded-896f-cf49af2dfe8f
2024-04-24T06:51:49,164  INFO [EventualCleanupService thread 4] cleanup.EventualCleanupService: Deleted /home/alex/Repositories/hive/service/target/tmp/localscratchdir/47daaaee-c908-4ded-896f-cf49af2dfe8f
2024-04-24T06:51:49,164  INFO [main] HiveMetaStore.audit: ugi=alex	ip=unknown-ip-addr	cmd=Cleaning up thread local RawStore...	
2024-04-24T06:51:49,165  INFO [main] metastore.ObjectStore: RawStore: org.apache.hadoop.hive.metastore.ObjectStore@15ea0ca3, with PersistenceManager: org.datanucleus.api.jdo.JDOPersistenceManager@7f3a92fd will be shutdown
2024-04-24T06:51:49,165  INFO [HiveServer2-Background-Pool: Thread-438] reexec.ReOptimizePlugin: ReOptimization: retryPossible: false
2024-04-24T06:51:49,165  INFO [main] HiveMetaStore.audit: ugi=alex	ip=unknown-ip-addr	cmd=Done cleaning up thread local RawStore	
FAILED: Operation cancelled2024-04-24T06:51:49,165  INFO [main] metastore.HiveMetaStoreClient: Closed a connection to metastore, current connections: -6

2024-04-24T06:51:49,165 ERROR [HiveServer2-Background-Pool: Thread-438] ql.Driver: FAILED: Operation cancelled
2024-04-24T06:51:49,165  INFO [HiveServer2-Background-Pool: Thread-438] metadata.Hive: Dumping metastore api call timing information for : execution phase
2024-04-24T06:51:49,165 ERROR [LocalJobRunner Map Task Executor #0] mr.ExecMapper: org.apache.hadoop.hive.ql.metadata.HiveException: Hive Runtime Error while processing writable
	at org.apache.hadoop.hive.ql.exec.MapOperator.process(MapOperator.java:566)
	at org.apache.hadoop.hive.ql.exec.mr.ExecMapper.map(ExecMapper.java:148)
	at org.apache.hadoop.mapred.MapRunner.run(MapRunner.java:54)
	at org.apache.hadoop.hive.ql.exec.mr.ExecMapRunner.run(ExecMapRunner.java:37)
	at org.apache.hadoop.mapred.MapTask.runOldMapper(MapTask.java:465)
	at org.apache.hadoop.mapred.MapTask.run(MapTask.java:349)
	at org.apache.hadoop.mapred.LocalJobRunner$Job$MapTaskRunnable.run(LocalJobRunner.java:271)
	at java.util.concurrent.Executors$RunnableAdapter.call(Executors.java:511)
	at java.util.concurrent.FutureTask.run(FutureTask.java:266)
	at java.util.concurrent.ThreadPoolExecutor.runWorker(ThreadPoolExecutor.java:1149)
	at java.util.concurrent.ThreadPoolExecutor$Worker.run(ThreadPoolExecutor.java:624)
	at java.lang.Thread.run(Thread.java:750)
Caused by: org.apache.hadoop.hive.ql.metadata.HiveException: org.apache.hadoop.hive.ql.metadata.HiveException: ExitCodeException exitCode=1: chmod: cannot access '/home/alex/Repositories/hive/service/target/tmp/localscratchdir/47daaaee-c908-4ded-896f-cf49af2dfe8f/hive_2024-04-24_06-51-48_490_1210405819835482128-1/-mr-10001/.hive-staging_hive_2024-04-24_06-51-48_490_1210405819835482128-1/_task_tmp.-ext-10002': No such file or directory

	at org.apache.hadoop.hive.ql.exec.FileSinkOperator.createBucketFiles(FileSinkOperator.java:895)
	at org.apache.hadoop.hive.ql.exec.FileSinkOperator.process(FileSinkOperator.java:1065)
	at org.apache.hadoop.hive.ql.exec.Operator.forward(Operator.java:888)
	at org.apache.hadoop.hive.ql.exec.SelectOperator.process(SelectOperator.java:94)
	at org.apache.hadoop.hive.ql.exec.Operator.forward(Operator.java:888)
	at org.apache.hadoop.hive.ql.exec.TableScanOperator.process(TableScanOperator.java:173)
	at org.apache.hadoop.hive.ql.exec.MapOperator$MapOpCtx.forward(MapOperator.java:154)
	at org.apache.hadoop.hive.ql.exec.MapOperator.process(MapOperator.java:552)
	... 11 more
Caused by: org.apache.hadoop.hive.ql.metadata.HiveException: ExitCodeException exitCode=1: chmod: cannot access '/home/alex/Repositories/hive/service/target/tmp/localscratchdir/47daaaee-c908-4ded-896f-cf49af2dfe8f/hive_2024-04-24_06-51-48_490_1210405819835482128-1/-mr-10001/.hive-staging_hive_2024-04-24_06-51-48_490_1210405819835482128-1/_task_tmp.-ext-10002': No such file or directory

	at org.apache.hadoop.hive.ql.io.HiveFileFormatUtils.getHiveRecordWriter(HiveFileFormatUtils.java:287)
	at org.apache.hadoop.hive.ql.exec.FileSinkOperator.createBucketForFileIdx(FileSinkOperator.java:936)
	at org.apache.hadoop.hive.ql.exec.FileSinkOperator.createBucketFiles(FileSinkOperator.java:890)
	... 18 more
Caused by: ExitCodeException exitCode=1: chmod: cannot access '/home/alex/Repositories/hive/service/target/tmp/localscratchdir/47daaaee-c908-4ded-896f-cf49af2dfe8f/hive_2024-04-24_06-51-48_490_1210405819835482128-1/-mr-10001/.hive-staging_hive_2024-04-24_06-51-48_490_1210405819835482128-1/_task_tmp.-ext-10002': No such file or directory

	at org.apache.hadoop.util.Shell.runCommand(Shell.java:1009)
	at org.apache.hadoop.util.Shell.run(Shell.java:902)
	at org.apache.hadoop.util.Shell$ShellCommandExecutor.execute(Shell.java:1227)
	at org.apache.hadoop.util.Shell.execCommand(Shell.java:1321)
	at org.apache.hadoop.util.Shell.execCommand(Shell.java:1303)
	at org.apache.hadoop.fs.RawLocalFileSystem.setPermission(RawLocalFileSystem.java:840)
	at org.apache.hadoop.fs.RawLocalFileSystem.mkOneDirWithMode(RawLocalFileSystem.java:522)
	at org.apache.hadoop.fs.RawLocalFileSystem.mkdirsWithOptionalPermission(RawLocalFileSystem.java:562)
	at org.apache.hadoop.fs.RawLocalFileSystem.mkdirs(RawLocalFileSystem.java:534)
	at org.apache.hadoop.fs.ChecksumFileSystem.mkdirs(ChecksumFileSystem.java:698)
	at org.apache.hadoop.fs.ChecksumFileSystem.create(ChecksumFileSystem.java:456)
	at org.apache.hadoop.fs.ChecksumFileSystem.create(ChecksumFileSystem.java:443)
	at org.apache.hadoop.fs.FileSystem.create(FileSystem.java:1169)
	at org.apache.hadoop.io.SequenceFile$Writer.<init>(SequenceFile.java:1168)
	at org.apache.hadoop.io.SequenceFile.createWriter(SequenceFile.java:285)
	at org.apache.hadoop.io.SequenceFile.createWriter(SequenceFile.java:542)
	at org.apache.hadoop.hive.ql.exec.Utilities.createSequenceWriter(Utilities.java:981)
	at org.apache.hadoop.hive.ql.io.HiveSequenceFileOutputFormat.getHiveRecordWriter(HiveSequenceFileOutputFormat.java:64)
	at org.apache.hadoop.hive.ql.io.HiveFileFormatUtils.getHiveRecordWriter(HiveFileFormatUtils.java:284)
	... 20 more

2024-04-24T06:51:49,165  INFO [HiveServer2-Background-Pool: Thread-438] metadata.Hive: Total time spent in each metastore function (ms): {close_()=1}
2024-04-24T06:51:49,166  INFO [LocalJobRunner Map Task Executor #0] exec.MapOperator: Closing Operator: MAP[0]
2024-04-24T06:51:49,166  INFO [LocalJobRunner Map Task Executor #0] exec.MapOperator: MAP[0]: Total records read - 0. abort - true
2024-04-24T06:51:49,166  INFO [LocalJobRunner Map Task Executor #0] exec.MapOperator: RECORDS_OUT_INTERMEDIATE:0, RECORDS_OUT_OPERATOR_MAP_0:0, RECORDS_IN:0, DESERIALIZE_ERRORS:1, 
MapReduce Jobs Launched: 
2024-04-24T06:51:49,166  INFO [HiveServer2-Background-Pool: Thread-438] ql.Driver: MapReduce Jobs Launched: 
2024-04-24T06:51:49,166  INFO [LocalJobRunner Map Task Executor #0] exec.TableScanOperator: Closing Operator: TS[0]
2024-04-24T06:51:49,166  WARN [HiveServer2-Background-Pool: Thread-438] mapreduce.Counters: Group FileSystemCounters is deprecated. Use org.apache.hadoop.mapreduce.FileSystemCounter instead
2024-04-24T06:51:49,166  INFO [LocalJobRunner Map Task Executor #0] exec.TableScanOperator: RECORDS_OUT_INTERMEDIATE:0, RECORDS_OUT_OPERATOR_TS_0:1, 
2024-04-24T06:51:49,166  INFO [LocalJobRunner Map Task Executor #0] exec.SelectOperator: Closing Operator: SEL[1]
2024-04-24T06:51:49,166  INFO [LocalJobRunner Map Task Executor #0] exec.SelectOperator: RECORDS_OUT_INTERMEDIATE:0, RECORDS_OUT_OPERATOR_SEL_1:1, 
]]></system-err>
  </testcase>
</testsuite>