<?xml version="1.0" encoding="UTF-8"?>
<testsuite xmlns:xsi="http://www.w3.org/2001/XMLSchema-instance" xsi:noNamespaceSchemaLocation="https://maven.apache.org/surefire/maven-surefire-plugin/xsd/surefire-test-report-3.0.xsd" version="3.0" name="org.apache.nifi.minifi.bootstrap.configuration.ingestors.PullHttpChangeIngestorTest" time="1.655" tests="7" errors="0" skipped="0" failures="0">
  <properties>
    <property name="sun.desktop" value="gnome"/>
    <property name="awt.toolkit" value="sun.awt.X11.XToolkit"/>
    <property name="file.encoding.pkg" value="sun.io"/>
    <property name="java.specification.version" value="1.8"/>
    <property name="sun.cpu.isalist" value=""/>
    <property name="sun.jnu.encoding" value="UTF-8"/>
    <property name="java.class.path" value="/home/alex/Repositories/nifi/minifi/minifi-bootstrap/target/test-classes:/home/alex/Repositories/nifi/minifi/minifi-bootstrap/target/classes:/home/alex/.m2/repository/org/slf4j/slf4j-api/1.7.32/slf4j-api-1.7.32.jar:/home/alex/.m2/repository/ch/qos/logback/logback-classic/1.2.6/logback-classic-1.2.6.jar:/home/alex/.m2/repository/ch/qos/logback/logback-core/1.2.6/logback-core-1.2.6.jar:/home/alex/Repositories/nifi/nifi-api/target/classes:/home/alex/Repositories/nifi/nifi-commons/nifi-bootstrap-utils/target/classes:/home/alex/.m2/repository/net/java/dev/jna/jna-platform/4.4.0/jna-platform-4.4.0.jar:/home/alex/.m2/repository/net/java/dev/jna/jna/4.4.0/jna-4.4.0.jar:/home/alex/Repositories/nifi/nifi-nar-bundles/nifi-extension-utils/nifi-processor-utils/target/classes:/home/alex/Repositories/nifi/nifi-commons/nifi-security-socket-ssl/target/classes:/home/alex/.m2/repository/org/apache/commons/commons-lang3/3.9/commons-lang3-3.9.jar:/home/alex/.m2/repository/com/fasterxml/jackson/core/jackson-databind/2.12.3/jackson-databind-2.12.3.jar:/home/alex/.m2/repository/com/fasterxml/jackson/core/jackson-annotations/2.12.3/jackson-annotations-2.12.3.jar:/home/alex/.m2/repository/com/fasterxml/jackson/core/jackson-core/2.12.3/jackson-core-2.12.3.jar:/home/alex/Repositories/nifi/nifi-nar-bundles/nifi-standard-services/nifi-record-serialization-service-api/target/classes:/home/alex/Repositories/nifi/nifi-commons/nifi-record/target/classes:/home/alex/Repositories/nifi/nifi-nar-bundles/nifi-extension-utils/nifi-event-transport/target/classes:/home/alex/.m2/repository/io/netty/netty-handler/4.1.69.Final/netty-handler-4.1.69.Final.jar:/home/alex/.m2/repository/io/netty/netty-common/4.1.69.Final/netty-common-4.1.69.Final.jar:/home/alex/.m2/repository/io/netty/netty-resolver/4.1.69.Final/netty-resolver-4.1.69.Final.jar:/home/alex/.m2/repository/io/netty/netty-buffer/4.1.69.Final/netty-buffer-4.1.69.Final.jar:/home/alex/.m2/repository/io/netty/netty-transport/4.1.69.Final/netty-transport-4.1.69.Final.jar:/home/alex/.m2/repository/io/netty/netty-codec/4.1.69.Final/netty-codec-4.1.69.Final.jar:/home/alex/Repositories/nifi/nifi-commons/nifi-expression-language/target/classes:/home/alex/.m2/repository/org/antlr/antlr-runtime/3.5.2/antlr-runtime-3.5.2.jar:/home/alex/Repositories/nifi/nifi-commons/nifi-parameter/target/classes:/home/alex/Repositories/nifi/nifi-commons/nifi-uuid5/target/classes:/home/alex/.m2/repository/com/jayway/jsonpath/json-path/2.6.0/json-path-2.6.0.jar:/home/alex/.m2/repository/net/minidev/json-smart/2.4.7/json-smart-2.4.7.jar:/home/alex/.m2/repository/net/minidev/accessors-smart/2.4.7/accessors-smart-2.4.7.jar:/home/alex/.m2/repository/org/ow2/asm/asm/9.1/asm-9.1.jar:/home/alex/.m2/repository/org/apache/commons/commons-text/1.8/commons-text-1.8.jar:/home/alex/.m2/repository/commons-codec/commons-codec/1.10/commons-codec-1.10.jar:/home/alex/Repositories/nifi/minifi/minifi-commons/minifi-utils/target/classes:/home/alex/Repositories/nifi/nifi-commons/nifi-utils/target/classes:/home/alex/Repositories/nifi/nifi-commons/nifi-properties/target/classes:/home/alex/Repositories/nifi/nifi-commons/nifi-property-utils/target/classes:/home/alex/.m2/repository/org/yaml/snakeyaml/1.29/snakeyaml-1.29.jar:/home/alex/Repositories/nifi/minifi/minifi-commons/minifi-commons-schema/target/classes:/home/alex/.m2/repository/org/eclipse/jetty/jetty-server/9.4.44.v20210927/jetty-server-9.4.44.v20210927.jar:/home/alex/.m2/repository/javax/servlet/javax.servlet-api/3.1.0/javax.servlet-api-3.1.0.jar:/home/alex/.m2/repository/org/eclipse/jetty/jetty-http/9.4.44.v20210927/jetty-http-9.4.44.v20210927.jar:/home/alex/.m2/repository/org/eclipse/jetty/jetty-util/9.4.44.v20210927/jetty-util-9.4.44.v20210927.jar:/home/alex/.m2/repository/org/eclipse/jetty/jetty-io/9.4.44.v20210927/jetty-io-9.4.44.v20210927.jar:/home/alex/.m2/repository/org/eclipse/jetty/jetty-servlet/9.4.44.v20210927/jetty-servlet-9.4.44.v20210927.jar:/home/alex/.m2/repository/org/eclipse/jetty/jetty-security/9.4.44.v20210927/jetty-security-9.4.44.v20210927.jar:/home/alex/.m2/repository/org/eclipse/jetty/jetty-util-ajax/9.4.44.v20210927/jetty-util-ajax-9.4.44.v20210927.jar:/home/alex/.m2/repository/com/squareup/okhttp3/okhttp/3.12.3/okhttp-3.12.3.jar:/home/alex/.m2/repository/com/squareup/okio/okio/1.15.0/okio-1.15.0.jar:/home/alex/.m2/repository/commons-io/commons-io/2.10.0/commons-io-2.10.0.jar:/home/alex/.m2/repository/junit/junit/4.13.2/junit-4.13.2.jar:/home/alex/.m2/repository/org/hamcrest/hamcrest-core/1.3/hamcrest-core-1.3.jar:/home/alex/.m2/repository/org/mockito/mockito-all/1.10.19/mockito-all-1.10.19.jar:/home/alex/.m2/repository/org/slf4j/slf4j-simple/1.7.32/slf4j-simple-1.7.32.jar:/home/alex/.m2/repository/org/junit/jupiter/junit-jupiter-api/5.7.2/junit-jupiter-api-5.7.2.jar:/home/alex/.m2/repository/org/apiguardian/apiguardian-api/1.1.0/apiguardian-api-1.1.0.jar:/home/alex/.m2/repository/org/opentest4j/opentest4j/1.2.0/opentest4j-1.2.0.jar:/home/alex/.m2/repository/org/junit/platform/junit-platform-commons/1.7.2/junit-platform-commons-1.7.2.jar:/home/alex/.m2/repository/org/junit/jupiter/junit-jupiter-engine/5.7.2/junit-jupiter-engine-5.7.2.jar:/home/alex/.m2/repository/org/junit/platform/junit-platform-engine/1.7.2/junit-platform-engine-1.7.2.jar:/home/alex/.m2/repository/org/junit/vintage/junit-vintage-engine/5.7.2/junit-vintage-engine-5.7.2.jar:/home/alex/.m2/repository/org/junit/jupiter/junit-jupiter-params/5.7.2/junit-jupiter-params-5.7.2.jar:/home/alex/.m2/repository/org/mockito/mockito-core/3.11.2/mockito-core-3.11.2.jar:/home/alex/.m2/repository/net/bytebuddy/byte-buddy/1.11.3/byte-buddy-1.11.3.jar:/home/alex/.m2/repository/net/bytebuddy/byte-buddy-agent/1.11.3/byte-buddy-agent-1.11.3.jar:/home/alex/.m2/repository/org/objenesis/objenesis/3.2/objenesis-3.2.jar:/home/alex/.m2/repository/org/mockito/mockito-junit-jupiter/3.11.2/mockito-junit-jupiter-3.11.2.jar:/home/alex/.m2/repository/org/codehaus/groovy/groovy-test/2.5.14/groovy-test-2.5.14.jar:/home/alex/.m2/repository/org/codehaus/groovy/groovy/2.5.14/groovy-2.5.14.jar:"/>
    <property name="java.vm.vendor" value="Private Build"/>
    <property name="sun.arch.data.model" value="64"/>
    <property name="java.vendor.url" value="http://java.oracle.com/"/>
    <property name="user.timezone" value="Europe/Lisbon"/>
    <property name="java.vm.specification.version" value="1.8"/>
    <property name="os.name" value="Linux"/>
    <property name="user.country" value="US"/>
    <property name="sun.java.launcher" value="SUN_STANDARD"/>
    <property name="sun.boot.library.path" value="/usr/lib/jvm/java-8-openjdk-amd64/jre/lib/amd64"/>
    <property name="sun.java.command" value="/home/alex/Repositories/nifi/minifi/minifi-bootstrap/target/surefire/surefirebooter5432777125661131233.jar /home/alex/Repositories/nifi/minifi/minifi-bootstrap/target/surefire 2024-05-02T01-50-21_887-jvmRun1 surefire8183153446110970896tmp surefire_1825538260954521000602tmp"/>
    <property name="surefire.test.class.path" value="/home/alex/Repositories/nifi/minifi/minifi-bootstrap/target/test-classes:/home/alex/Repositories/nifi/minifi/minifi-bootstrap/target/classes:/home/alex/.m2/repository/org/slf4j/slf4j-api/1.7.32/slf4j-api-1.7.32.jar:/home/alex/.m2/repository/ch/qos/logback/logback-classic/1.2.6/logback-classic-1.2.6.jar:/home/alex/.m2/repository/ch/qos/logback/logback-core/1.2.6/logback-core-1.2.6.jar:/home/alex/Repositories/nifi/nifi-api/target/classes:/home/alex/Repositories/nifi/nifi-commons/nifi-bootstrap-utils/target/classes:/home/alex/.m2/repository/net/java/dev/jna/jna-platform/4.4.0/jna-platform-4.4.0.jar:/home/alex/.m2/repository/net/java/dev/jna/jna/4.4.0/jna-4.4.0.jar:/home/alex/Repositories/nifi/nifi-nar-bundles/nifi-extension-utils/nifi-processor-utils/target/classes:/home/alex/Repositories/nifi/nifi-commons/nifi-security-socket-ssl/target/classes:/home/alex/.m2/repository/org/apache/commons/commons-lang3/3.9/commons-lang3-3.9.jar:/home/alex/.m2/repository/com/fasterxml/jackson/core/jackson-databind/2.12.3/jackson-databind-2.12.3.jar:/home/alex/.m2/repository/com/fasterxml/jackson/core/jackson-annotations/2.12.3/jackson-annotations-2.12.3.jar:/home/alex/.m2/repository/com/fasterxml/jackson/core/jackson-core/2.12.3/jackson-core-2.12.3.jar:/home/alex/Repositories/nifi/nifi-nar-bundles/nifi-standard-services/nifi-record-serialization-service-api/target/classes:/home/alex/Repositories/nifi/nifi-commons/nifi-record/target/classes:/home/alex/Repositories/nifi/nifi-nar-bundles/nifi-extension-utils/nifi-event-transport/target/classes:/home/alex/.m2/repository/io/netty/netty-handler/4.1.69.Final/netty-handler-4.1.69.Final.jar:/home/alex/.m2/repository/io/netty/netty-common/4.1.69.Final/netty-common-4.1.69.Final.jar:/home/alex/.m2/repository/io/netty/netty-resolver/4.1.69.Final/netty-resolver-4.1.69.Final.jar:/home/alex/.m2/repository/io/netty/netty-buffer/4.1.69.Final/netty-buffer-4.1.69.Final.jar:/home/alex/.m2/repository/io/netty/netty-transport/4.1.69.Final/netty-transport-4.1.69.Final.jar:/home/alex/.m2/repository/io/netty/netty-codec/4.1.69.Final/netty-codec-4.1.69.Final.jar:/home/alex/Repositories/nifi/nifi-commons/nifi-expression-language/target/classes:/home/alex/.m2/repository/org/antlr/antlr-runtime/3.5.2/antlr-runtime-3.5.2.jar:/home/alex/Repositories/nifi/nifi-commons/nifi-parameter/target/classes:/home/alex/Repositories/nifi/nifi-commons/nifi-uuid5/target/classes:/home/alex/.m2/repository/com/jayway/jsonpath/json-path/2.6.0/json-path-2.6.0.jar:/home/alex/.m2/repository/net/minidev/json-smart/2.4.7/json-smart-2.4.7.jar:/home/alex/.m2/repository/net/minidev/accessors-smart/2.4.7/accessors-smart-2.4.7.jar:/home/alex/.m2/repository/org/ow2/asm/asm/9.1/asm-9.1.jar:/home/alex/.m2/repository/org/apache/commons/commons-text/1.8/commons-text-1.8.jar:/home/alex/.m2/repository/commons-codec/commons-codec/1.10/commons-codec-1.10.jar:/home/alex/Repositories/nifi/minifi/minifi-commons/minifi-utils/target/classes:/home/alex/Repositories/nifi/nifi-commons/nifi-utils/target/classes:/home/alex/Repositories/nifi/nifi-commons/nifi-properties/target/classes:/home/alex/Repositories/nifi/nifi-commons/nifi-property-utils/target/classes:/home/alex/.m2/repository/org/yaml/snakeyaml/1.29/snakeyaml-1.29.jar:/home/alex/Repositories/nifi/minifi/minifi-commons/minifi-commons-schema/target/classes:/home/alex/.m2/repository/org/eclipse/jetty/jetty-server/9.4.44.v20210927/jetty-server-9.4.44.v20210927.jar:/home/alex/.m2/repository/javax/servlet/javax.servlet-api/3.1.0/javax.servlet-api-3.1.0.jar:/home/alex/.m2/repository/org/eclipse/jetty/jetty-http/9.4.44.v20210927/jetty-http-9.4.44.v20210927.jar:/home/alex/.m2/repository/org/eclipse/jetty/jetty-util/9.4.44.v20210927/jetty-util-9.4.44.v20210927.jar:/home/alex/.m2/repository/org/eclipse/jetty/jetty-io/9.4.44.v20210927/jetty-io-9.4.44.v20210927.jar:/home/alex/.m2/repository/org/eclipse/jetty/jetty-servlet/9.4.44.v20210927/jetty-servlet-9.4.44.v20210927.jar:/home/alex/.m2/repository/org/eclipse/jetty/jetty-security/9.4.44.v20210927/jetty-security-9.4.44.v20210927.jar:/home/alex/.m2/repository/org/eclipse/jetty/jetty-util-ajax/9.4.44.v20210927/jetty-util-ajax-9.4.44.v20210927.jar:/home/alex/.m2/repository/com/squareup/okhttp3/okhttp/3.12.3/okhttp-3.12.3.jar:/home/alex/.m2/repository/com/squareup/okio/okio/1.15.0/okio-1.15.0.jar:/home/alex/.m2/repository/commons-io/commons-io/2.10.0/commons-io-2.10.0.jar:/home/alex/.m2/repository/junit/junit/4.13.2/junit-4.13.2.jar:/home/alex/.m2/repository/org/hamcrest/hamcrest-core/1.3/hamcrest-core-1.3.jar:/home/alex/.m2/repository/org/mockito/mockito-all/1.10.19/mockito-all-1.10.19.jar:/home/alex/.m2/repository/org/slf4j/slf4j-simple/1.7.32/slf4j-simple-1.7.32.jar:/home/alex/.m2/repository/org/junit/jupiter/junit-jupiter-api/5.7.2/junit-jupiter-api-5.7.2.jar:/home/alex/.m2/repository/org/apiguardian/apiguardian-api/1.1.0/apiguardian-api-1.1.0.jar:/home/alex/.m2/repository/org/opentest4j/opentest4j/1.2.0/opentest4j-1.2.0.jar:/home/alex/.m2/repository/org/junit/platform/junit-platform-commons/1.7.2/junit-platform-commons-1.7.2.jar:/home/alex/.m2/repository/org/junit/jupiter/junit-jupiter-engine/5.7.2/junit-jupiter-engine-5.7.2.jar:/home/alex/.m2/repository/org/junit/platform/junit-platform-engine/1.7.2/junit-platform-engine-1.7.2.jar:/home/alex/.m2/repository/org/junit/vintage/junit-vintage-engine/5.7.2/junit-vintage-engine-5.7.2.jar:/home/alex/.m2/repository/org/junit/jupiter/junit-jupiter-params/5.7.2/junit-jupiter-params-5.7.2.jar:/home/alex/.m2/repository/org/mockito/mockito-core/3.11.2/mockito-core-3.11.2.jar:/home/alex/.m2/repository/net/bytebuddy/byte-buddy/1.11.3/byte-buddy-1.11.3.jar:/home/alex/.m2/repository/net/bytebuddy/byte-buddy-agent/1.11.3/byte-buddy-agent-1.11.3.jar:/home/alex/.m2/repository/org/objenesis/objenesis/3.2/objenesis-3.2.jar:/home/alex/.m2/repository/org/mockito/mockito-junit-jupiter/3.11.2/mockito-junit-jupiter-3.11.2.jar:/home/alex/.m2/repository/org/codehaus/groovy/groovy-test/2.5.14/groovy-test-2.5.14.jar:/home/alex/.m2/repository/org/codehaus/groovy/groovy/2.5.14/groovy-2.5.14.jar:"/>
    <property name="sun.cpu.endian" value="little"/>
    <property name="user.home" value="/home/alex"/>
    <property name="user.language" value="en"/>
    <property name="java.specification.vendor" value="Oracle Corporation"/>
    <property name="java.home" value="/usr/lib/jvm/java-8-openjdk-amd64/jre"/>
    <property name="basedir" value="/home/alex/Repositories/nifi/minifi/minifi-bootstrap"/>
    <property name="file.separator" value="/"/>
    <property name="line.separator" value="&#10;"/>
    <property name="java.vm.specification.vendor" value="Oracle Corporation"/>
    <property name="java.specification.name" value="Java Platform API Specification"/>
    <property name="java.awt.graphicsenv" value="sun.awt.X11GraphicsEnvironment"/>
    <property name="java.awt.headless" value="true"/>
    <property name="surefire.real.class.path" value="/home/alex/Repositories/nifi/minifi/minifi-bootstrap/target/surefire/surefirebooter5432777125661131233.jar"/>
    <property name="sun.boot.class.path" value="/usr/lib/jvm/java-8-openjdk-amd64/jre/lib/resources.jar:/usr/lib/jvm/java-8-openjdk-amd64/jre/lib/rt.jar:/usr/lib/jvm/java-8-openjdk-amd64/jre/lib/sunrsasign.jar:/usr/lib/jvm/java-8-openjdk-amd64/jre/lib/jsse.jar:/usr/lib/jvm/java-8-openjdk-amd64/jre/lib/jce.jar:/usr/lib/jvm/java-8-openjdk-amd64/jre/lib/charsets.jar:/usr/lib/jvm/java-8-openjdk-amd64/jre/lib/jfr.jar:/usr/lib/jvm/java-8-openjdk-amd64/jre/classes"/>
    <property name="sun.management.compiler" value="HotSpot 64-Bit Tiered Compilers"/>
    <property name="java.runtime.version" value="1.8.0_402-8u402-ga-2ubuntu1~22.04-b06"/>
    <property name="java.net.preferIPv4Stack" value="true"/>
    <property name="user.name" value="alex"/>
    <property name="path.separator" value=":"/>
    <property name="os.version" value="6.5.0-28-generic"/>
    <property name="java.endorsed.dirs" value="/usr/lib/jvm/java-8-openjdk-amd64/jre/lib/endorsed"/>
    <property name="java.runtime.name" value="OpenJDK Runtime Environment"/>
    <property name="file.encoding" value="UTF-8"/>
    <property name="java.vm.name" value="OpenJDK 64-Bit Server VM"/>
    <property name="localRepository" value="/home/alex/.m2/repository"/>
    <property name="java.vendor.url.bug" value="http://bugreport.sun.com/bugreport/"/>
    <property name="jetty.git.hash" value="8da83308eeca865e495e53ef315a249d63ba9332"/>
    <property name="java.io.tmpdir" value="/tmp"/>
    <property name="java.version" value="1.8.0_402"/>
    <property name="user.dir" value="/home/alex/Repositories/nifi/minifi/minifi-bootstrap"/>
    <property name="os.arch" value="amd64"/>
    <property name="java.vm.specification.name" value="Java Virtual Machine Specification"/>
    <property name="java.awt.printerjob" value="sun.print.PSPrinterJob"/>
    <property name="sun.os.patch.level" value="unknown"/>
    <property name="java.library.path" value="/usr/java/packages/lib/amd64:/usr/lib/x86_64-linux-gnu/jni:/lib/x86_64-linux-gnu:/usr/lib/x86_64-linux-gnu:/usr/lib/jni:/lib:/usr/lib"/>
    <property name="java.vm.info" value="mixed mode"/>
    <property name="java.vendor" value="Private Build"/>
    <property name="java.vm.version" value="25.402-b06"/>
    <property name="java.specification.maintenance.version" value="5"/>
    <property name="java.ext.dirs" value="/usr/lib/jvm/java-8-openjdk-amd64/jre/lib/ext:/usr/java/packages/lib/ext"/>
    <property name="sun.io.unicode.encoding" value="UnicodeLittle"/>
    <property name="java.class.version" value="52.0"/>
  </properties>
  <testcase name="testNewUpdateWithPath" classname="org.apache.nifi.minifi.bootstrap.configuration.ingestors.PullHttpChangeIngestorTest" time="0.268">
    <system-out><![CDATA[02:09:58.014 [main] DEBUG org.eclipse.jetty.util.log - Logging to Logger[org.eclipse.jetty.util.log] via org.eclipse.jetty.util.log.Slf4jLog
02:09:58.016 [main] INFO org.eclipse.jetty.util.log - Logging initialized @838ms to org.eclipse.jetty.util.log.Slf4jLog
02:09:58.022 [main] DEBUG org.eclipse.jetty.util.component.ContainerLifeCycle - QueuedThreadPool[qtp961160488]@394a2528{STOPPED,8<=0<=200,i=0,r=-1,q=0}[NO_TRY] added {org.eclipse.jetty.util.thread.ThreadPoolBudget@2a266d09,POJO}
02:09:58.036 [main] DEBUG org.eclipse.jetty.util.component.ContainerLifeCycle - Server@53aad5d5{STOPPED}[9.4.44.v20210927] added {QueuedThreadPool[qtp961160488]@394a2528{STOPPED,8<=0<=200,i=0,r=-1,q=0}[NO_TRY],AUTO}
02:09:58.038 [main] DEBUG org.eclipse.jetty.util.component.ContainerLifeCycle - HandlerCollection@2892dae4{STOPPED} added {JettyHandler@355ce81c{STOPPED},AUTO}
02:09:58.039 [main] DEBUG org.eclipse.jetty.util.component.ContainerLifeCycle - Server@53aad5d5{STOPPED}[9.4.44.v20210927] added {HandlerCollection@2892dae4{STOPPED},MANAGED}
02:09:58.054 [main] DEBUG org.eclipse.jetty.util.component.ContainerLifeCycle - HttpConnectionFactory@22e357dc[HTTP/1.1] added {HttpConfiguration@49912c99{32768/8192,8192/8192,https://:0,[]},POJO}
02:09:58.062 [main] DEBUG org.eclipse.jetty.util.component.ContainerLifeCycle - ServerConnector@446293d{null, ()}{0.0.0.0:0} added {Server@53aad5d5{STOPPED}[9.4.44.v20210927],UNMANAGED}
02:09:58.062 [main] DEBUG org.eclipse.jetty.util.component.ContainerLifeCycle - ServerConnector@446293d{null, ()}{0.0.0.0:0} added {QueuedThreadPool[qtp961160488]@394a2528{STOPPED,8<=0<=200,i=0,r=-1,q=0}[NO_TRY],AUTO}
02:09:58.062 [main] DEBUG org.eclipse.jetty.util.component.ContainerLifeCycle - ServerConnector@446293d{null, ()}{0.0.0.0:0} added {ScheduledExecutorScheduler@3059cbc{STOPPED},AUTO}
02:09:58.062 [main] DEBUG org.eclipse.jetty.util.component.ContainerLifeCycle - ServerConnector@446293d{null, ()}{0.0.0.0:0} added {org.eclipse.jetty.io.ArrayByteBufferPool@7ea9e1e2,POJO}
02:09:58.063 [main] DEBUG org.eclipse.jetty.util.component.ContainerLifeCycle - ServerConnector@446293d{null, (http/1.1)}{0.0.0.0:0} added {HttpConnectionFactory@22e357dc[HTTP/1.1],AUTO}
02:09:58.063 [main] DEBUG org.eclipse.jetty.server.AbstractConnector - ServerConnector@446293d{HTTP/1.1, (http/1.1)}{0.0.0.0:0} added HttpConnectionFactory@22e357dc[HTTP/1.1]
02:09:58.067 [main] DEBUG org.eclipse.jetty.util.component.ContainerLifeCycle - ServerConnector@446293d{HTTP/1.1, (http/1.1)}{0.0.0.0:0} added {SelectorManager@ServerConnector@446293d{HTTP/1.1, (http/1.1)}{0.0.0.0:0},MANAGED}
02:09:58.067 [main] DEBUG org.eclipse.jetty.util.component.ContainerLifeCycle - Server@53aad5d5{STOPPED}[9.4.44.v20210927] added {ServerConnector@446293d{HTTP/1.1, (http/1.1)}{localhost:0},AUTO}
02:09:58.067 [main] DEBUG org.eclipse.jetty.util.component.AbstractLifeCycle - starting Server@53aad5d5{STOPPED}[9.4.44.v20210927]
02:09:58.069 [main] DEBUG org.eclipse.jetty.util.component.ContainerLifeCycle - Server@53aad5d5{STARTING}[9.4.44.v20210927] added {ErrorHandler@4d5b6aac{STOPPED},AUTO}
02:09:58.070 [main] INFO org.eclipse.jetty.server.Server - jetty-9.4.44.v20210927; built: 2021-09-27T23:02:44.612Z; git: 8da83308eeca865e495e53ef315a249d63ba9332; jvm 1.8.0_402-8u402-ga-2ubuntu1~22.04-b06
02:09:58.079 [main] DEBUG org.eclipse.jetty.server.handler.AbstractHandler - starting Server@53aad5d5{STARTING}[9.4.44.v20210927]
02:09:58.079 [main] DEBUG org.eclipse.jetty.util.component.AbstractLifeCycle - starting QueuedThreadPool[qtp961160488]@394a2528{STOPPED,8<=0<=200,i=0,r=-1,q=0}[NO_TRY]
02:09:58.080 [main] DEBUG org.eclipse.jetty.util.thread.ReservedThreadExecutor - ReservedThreadExecutor@383bfa16{reserved=0/8,pending=0}
02:09:58.081 [main] DEBUG org.eclipse.jetty.util.component.ContainerLifeCycle - QueuedThreadPool[qtp961160488]@394a2528{STARTING,8<=0<=200,i=0,r=-1,q=0}[ReservedThreadExecutor@383bfa16{reserved=0/8,pending=0}] added {ReservedThreadExecutor@383bfa16{reserved=0/8,pending=0},AUTO}
02:09:58.081 [main] DEBUG org.eclipse.jetty.util.component.AbstractLifeCycle - starting ReservedThreadExecutor@383bfa16{reserved=0/8,pending=0}
02:09:58.083 [main] DEBUG org.eclipse.jetty.util.component.AbstractLifeCycle - STARTED @906ms ReservedThreadExecutor@383bfa16{reserved=0/8,pending=0}
02:09:58.084 [main] DEBUG org.eclipse.jetty.util.thread.QueuedThreadPool - Starting Thread[qtp961160488-15,5,main]
02:09:58.084 [main] DEBUG org.eclipse.jetty.util.thread.QueuedThreadPool - Starting Thread[qtp961160488-16,5,main]
02:09:58.084 [main] DEBUG org.eclipse.jetty.util.thread.QueuedThreadPool - Starting Thread[qtp961160488-17,5,main]
02:09:58.084 [main] DEBUG org.eclipse.jetty.util.thread.QueuedThreadPool - Starting Thread[qtp961160488-18,5,main]
02:09:58.084 [qtp961160488-15] DEBUG org.eclipse.jetty.util.thread.QueuedThreadPool - Runner started for QueuedThreadPool[qtp961160488]@394a2528{STARTING,8<=2<=200,i=2,r=-1,q=0}[ReservedThreadExecutor@383bfa16{reserved=0/8,pending=0}]
02:09:58.085 [main] DEBUG org.eclipse.jetty.util.thread.QueuedThreadPool - Starting Thread[qtp961160488-19,5,main]
02:09:58.085 [qtp961160488-16] DEBUG org.eclipse.jetty.util.thread.QueuedThreadPool - Runner started for QueuedThreadPool[qtp961160488]@394a2528{STARTING,8<=3<=200,i=3,r=-1,q=0}[ReservedThreadExecutor@383bfa16{reserved=0/8,pending=0}]
02:09:58.085 [qtp961160488-17] DEBUG org.eclipse.jetty.util.thread.QueuedThreadPool - Runner started for QueuedThreadPool[qtp961160488]@394a2528{STARTING,8<=4<=200,i=4,r=-1,q=0}[ReservedThreadExecutor@383bfa16{reserved=0/8,pending=0}]
02:09:58.085 [main] DEBUG org.eclipse.jetty.util.thread.QueuedThreadPool - Starting Thread[qtp961160488-20,5,main]
02:09:58.091 [main] DEBUG org.eclipse.jetty.util.thread.QueuedThreadPool - Starting Thread[qtp961160488-21,5,main]
02:09:58.091 [qtp961160488-19] DEBUG org.eclipse.jetty.util.thread.QueuedThreadPool - Runner started for QueuedThreadPool[qtp961160488]@394a2528{STARTING,8<=7<=200,i=7,r=-1,q=0}[ReservedThreadExecutor@383bfa16{reserved=0/8,pending=0}]
02:09:58.091 [main] DEBUG org.eclipse.jetty.util.thread.QueuedThreadPool - Starting Thread[qtp961160488-22,5,main]
02:09:58.092 [qtp961160488-18] DEBUG org.eclipse.jetty.util.thread.QueuedThreadPool - Runner started for QueuedThreadPool[qtp961160488]@394a2528{STARTING,8<=8<=200,i=8,r=-1,q=0}[ReservedThreadExecutor@383bfa16{reserved=0/8,pending=0}]
02:09:58.092 [qtp961160488-20] DEBUG org.eclipse.jetty.util.thread.QueuedThreadPool - Runner started for QueuedThreadPool[qtp961160488]@394a2528{STARTING,8<=8<=200,i=8,r=-1,q=0}[ReservedThreadExecutor@383bfa16{reserved=0/8,pending=0}]
02:09:58.092 [main] DEBUG org.eclipse.jetty.util.component.AbstractLifeCycle - STARTED @914ms QueuedThreadPool[qtp961160488]@394a2528{STARTED,8<=8<=200,i=8,r=-1,q=0}[ReservedThreadExecutor@383bfa16{reserved=0/8,pending=0}]
02:09:58.092 [main] DEBUG org.eclipse.jetty.util.component.AbstractLifeCycle - starting HandlerCollection@2892dae4{STOPPED}
02:09:58.092 [main] DEBUG org.eclipse.jetty.server.handler.AbstractHandler - starting HandlerCollection@2892dae4{STARTING}
02:09:58.092 [main] DEBUG org.eclipse.jetty.util.component.AbstractLifeCycle - starting JettyHandler@355ce81c{STOPPED}
02:09:58.092 [qtp961160488-22] DEBUG org.eclipse.jetty.util.thread.QueuedThreadPool - Runner started for QueuedThreadPool[qtp961160488]@394a2528{STARTED,8<=8<=200,i=8,r=-1,q=0}[ReservedThreadExecutor@383bfa16{reserved=0/8,pending=0}]
02:09:58.092 [main] DEBUG org.eclipse.jetty.server.handler.AbstractHandler - starting JettyHandler@355ce81c{STARTING}
02:09:58.092 [main] DEBUG org.eclipse.jetty.util.component.AbstractLifeCycle - STARTED @915ms JettyHandler@355ce81c{STARTED}
02:09:58.092 [main] DEBUG org.eclipse.jetty.util.component.AbstractLifeCycle - STARTED @915ms HandlerCollection@2892dae4{STARTED}
02:09:58.092 [qtp961160488-21] DEBUG org.eclipse.jetty.util.thread.QueuedThreadPool - Runner started for QueuedThreadPool[qtp961160488]@394a2528{STARTED,8<=8<=200,i=8,r=-1,q=0}[ReservedThreadExecutor@383bfa16{reserved=0/8,pending=0}]
02:09:58.092 [main] DEBUG org.eclipse.jetty.util.component.AbstractLifeCycle - starting ErrorHandler@4d5b6aac{STOPPED}
02:09:58.092 [main] DEBUG org.eclipse.jetty.server.handler.AbstractHandler - starting ErrorHandler@4d5b6aac{STARTING}
02:09:58.093 [main] DEBUG org.eclipse.jetty.util.component.AbstractLifeCycle - STARTED @915ms ErrorHandler@4d5b6aac{STARTED}
02:09:58.093 [main] DEBUG org.eclipse.jetty.util.component.AbstractLifeCycle - starting ServerConnector@446293d{HTTP/1.1, (http/1.1)}{localhost:0}
02:09:58.096 [main] DEBUG org.eclipse.jetty.util.component.ContainerLifeCycle - ServerConnector@446293d{HTTP/1.1, (http/1.1)}{localhost:35601} added {sun.nio.ch.ServerSocketChannelImpl[/127.0.0.1:35601],POJO}
02:09:58.097 [main] DEBUG org.eclipse.jetty.util.component.AbstractLifeCycle - starting ScheduledExecutorScheduler@3059cbc{STOPPED}
02:09:58.097 [main] DEBUG org.eclipse.jetty.util.component.AbstractLifeCycle - STARTED @920ms ScheduledExecutorScheduler@3059cbc{STARTED}
02:09:58.098 [main] DEBUG org.eclipse.jetty.util.component.AbstractLifeCycle - starting HttpConnectionFactory@22e357dc[HTTP/1.1]
02:09:58.098 [main] DEBUG org.eclipse.jetty.util.component.AbstractLifeCycle - STARTED @920ms HttpConnectionFactory@22e357dc[HTTP/1.1]
02:09:58.098 [main] DEBUG org.eclipse.jetty.util.component.AbstractLifeCycle - starting SelectorManager@ServerConnector@446293d{HTTP/1.1, (http/1.1)}{localhost:35601}
02:09:58.110 [main] DEBUG org.eclipse.jetty.util.component.ContainerLifeCycle - EatWhatYouKill@25fb8912/SelectorProducer@d5b810e/IDLE/p=false/QueuedThreadPool[qtp961160488]@394a2528{STARTED,8<=8<=200,i=8,r=-1,q=0}[ReservedThreadExecutor@383bfa16{reserved=0/8,pending=0}][pc=0,pic=0,pec=0,epc=0]@2024-05-02T02:09:58.108+01:00 added {SelectorProducer@d5b810e,POJO}
02:09:58.110 [main] DEBUG org.eclipse.jetty.util.component.ContainerLifeCycle - EatWhatYouKill@25fb8912/SelectorProducer@d5b810e/IDLE/p=false/QueuedThreadPool[qtp961160488]@394a2528{STARTED,8<=8<=200,i=8,r=-1,q=0}[ReservedThreadExecutor@383bfa16{reserved=0/8,pending=0}][pc=0,pic=0,pec=0,epc=0]@2024-05-02T02:09:58.11+01:00 added {QueuedThreadPool[qtp961160488]@394a2528{STARTED,8<=8<=200,i=8,r=-1,q=0}[ReservedThreadExecutor@383bfa16{reserved=0/8,pending=0}],UNMANAGED}
02:09:58.111 [main] DEBUG org.eclipse.jetty.util.thread.strategy.EatWhatYouKill - EatWhatYouKill@25fb8912/SelectorProducer@d5b810e/IDLE/p=false/QueuedThreadPool[qtp961160488]@394a2528{STARTED,8<=8<=200,i=8,r=-1,q=0}[ReservedThreadExecutor@383bfa16{reserved=0/8,pending=0}][pc=0,pic=0,pec=0,epc=0]@2024-05-02T02:09:58.111+01:00 created
02:09:58.111 [main] DEBUG org.eclipse.jetty.util.component.ContainerLifeCycle - ManagedSelector@194bcebf{STOPPED} id=0 keys=-1 selected=-1 updates=0 added {EatWhatYouKill@25fb8912/SelectorProducer@d5b810e/IDLE/p=false/QueuedThreadPool[qtp961160488]@394a2528{STARTED,8<=8<=200,i=8,r=-1,q=0}[ReservedThreadExecutor@383bfa16{reserved=0/8,pending=0}][pc=0,pic=0,pec=0,epc=0]@2024-05-02T02:09:58.111+01:00,MANAGED}
02:09:58.111 [main] DEBUG org.eclipse.jetty.util.component.ContainerLifeCycle - SelectorManager@ServerConnector@446293d{HTTP/1.1, (http/1.1)}{localhost:35601} added {ManagedSelector@194bcebf{STOPPED} id=0 keys=-1 selected=-1 updates=0,AUTO}
02:09:58.111 [main] DEBUG org.eclipse.jetty.util.component.ContainerLifeCycle - EatWhatYouKill@17497425/SelectorProducer@f0da945/IDLE/p=false/QueuedThreadPool[qtp961160488]@394a2528{STARTED,8<=8<=200,i=8,r=-1,q=0}[ReservedThreadExecutor@383bfa16{reserved=0/8,pending=0}][pc=0,pic=0,pec=0,epc=0]@2024-05-02T02:09:58.111+01:00 added {SelectorProducer@f0da945,POJO}
02:09:58.112 [main] DEBUG org.eclipse.jetty.util.component.ContainerLifeCycle - EatWhatYouKill@17497425/SelectorProducer@f0da945/IDLE/p=false/QueuedThreadPool[qtp961160488]@394a2528{STARTED,8<=8<=200,i=8,r=-1,q=0}[ReservedThreadExecutor@383bfa16{reserved=0/8,pending=0}][pc=0,pic=0,pec=0,epc=0]@2024-05-02T02:09:58.111+01:00 added {QueuedThreadPool[qtp961160488]@394a2528{STARTED,8<=8<=200,i=8,r=-1,q=0}[ReservedThreadExecutor@383bfa16{reserved=0/8,pending=0}],UNMANAGED}
02:09:58.112 [main] DEBUG org.eclipse.jetty.util.thread.strategy.EatWhatYouKill - EatWhatYouKill@17497425/SelectorProducer@f0da945/IDLE/p=false/QueuedThreadPool[qtp961160488]@394a2528{STARTED,8<=8<=200,i=8,r=-1,q=0}[ReservedThreadExecutor@383bfa16{reserved=0/8,pending=0}][pc=0,pic=0,pec=0,epc=0]@2024-05-02T02:09:58.112+01:00 created
02:09:58.112 [main] DEBUG org.eclipse.jetty.util.component.ContainerLifeCycle - ManagedSelector@4803b726{STOPPED} id=1 keys=-1 selected=-1 updates=0 added {EatWhatYouKill@17497425/SelectorProducer@f0da945/IDLE/p=false/QueuedThreadPool[qtp961160488]@394a2528{STARTED,8<=8<=200,i=8,r=-1,q=0}[ReservedThreadExecutor@383bfa16{reserved=0/8,pending=0}][pc=0,pic=0,pec=0,epc=0]@2024-05-02T02:09:58.112+01:00,MANAGED}
02:09:58.112 [main] DEBUG org.eclipse.jetty.util.component.ContainerLifeCycle - SelectorManager@ServerConnector@446293d{HTTP/1.1, (http/1.1)}{localhost:35601} added {ManagedSelector@4803b726{STOPPED} id=1 keys=-1 selected=-1 updates=0,AUTO}
02:09:58.113 [main] DEBUG org.eclipse.jetty.util.component.ContainerLifeCycle - EatWhatYouKill@ffaa6af/SelectorProducer@53ce1329/IDLE/p=false/QueuedThreadPool[qtp961160488]@394a2528{STARTED,8<=8<=200,i=8,r=-1,q=0}[ReservedThreadExecutor@383bfa16{reserved=0/8,pending=0}][pc=0,pic=0,pec=0,epc=0]@2024-05-02T02:09:58.112+01:00 added {SelectorProducer@53ce1329,POJO}
02:09:58.113 [main] DEBUG org.eclipse.jetty.util.component.ContainerLifeCycle - EatWhatYouKill@ffaa6af/SelectorProducer@53ce1329/IDLE/p=false/QueuedThreadPool[qtp961160488]@394a2528{STARTED,8<=8<=200,i=8,r=-1,q=0}[ReservedThreadExecutor@383bfa16{reserved=0/8,pending=0}][pc=0,pic=0,pec=0,epc=0]@2024-05-02T02:09:58.113+01:00 added {QueuedThreadPool[qtp961160488]@394a2528{STARTED,8<=8<=200,i=8,r=-1,q=0}[ReservedThreadExecutor@383bfa16{reserved=0/8,pending=0}],UNMANAGED}
02:09:58.113 [main] DEBUG org.eclipse.jetty.util.thread.strategy.EatWhatYouKill - EatWhatYouKill@ffaa6af/SelectorProducer@53ce1329/IDLE/p=false/QueuedThreadPool[qtp961160488]@394a2528{STARTED,8<=8<=200,i=8,r=-1,q=0}[ReservedThreadExecutor@383bfa16{reserved=0/8,pending=0}][pc=0,pic=0,pec=0,epc=0]@2024-05-02T02:09:58.113+01:00 created
02:09:58.113 [main] DEBUG org.eclipse.jetty.util.component.ContainerLifeCycle - ManagedSelector@316bcf94{STOPPED} id=2 keys=-1 selected=-1 updates=0 added {EatWhatYouKill@ffaa6af/SelectorProducer@53ce1329/IDLE/p=false/QueuedThreadPool[qtp961160488]@394a2528{STARTED,8<=8<=200,i=8,r=-1,q=0}[ReservedThreadExecutor@383bfa16{reserved=0/8,pending=0}][pc=0,pic=0,pec=0,epc=0]@2024-05-02T02:09:58.113+01:00,MANAGED}
02:09:58.113 [main] DEBUG org.eclipse.jetty.util.component.ContainerLifeCycle - SelectorManager@ServerConnector@446293d{HTTP/1.1, (http/1.1)}{localhost:35601} added {ManagedSelector@316bcf94{STOPPED} id=2 keys=-1 selected=-1 updates=0,AUTO}
02:09:58.114 [main] DEBUG org.eclipse.jetty.util.component.ContainerLifeCycle - EatWhatYouKill@6404f418/SelectorProducer@3e11f9e9/IDLE/p=false/QueuedThreadPool[qtp961160488]@394a2528{STARTED,8<=8<=200,i=8,r=-1,q=0}[ReservedThreadExecutor@383bfa16{reserved=0/8,pending=0}][pc=0,pic=0,pec=0,epc=0]@2024-05-02T02:09:58.114+01:00 added {SelectorProducer@3e11f9e9,POJO}
02:09:58.114 [main] DEBUG org.eclipse.jetty.util.component.ContainerLifeCycle - EatWhatYouKill@6404f418/SelectorProducer@3e11f9e9/IDLE/p=false/QueuedThreadPool[qtp961160488]@394a2528{STARTED,8<=8<=200,i=8,r=-1,q=0}[ReservedThreadExecutor@383bfa16{reserved=0/8,pending=0}][pc=0,pic=0,pec=0,epc=0]@2024-05-02T02:09:58.114+01:00 added {QueuedThreadPool[qtp961160488]@394a2528{STARTED,8<=8<=200,i=8,r=-1,q=0}[ReservedThreadExecutor@383bfa16{reserved=0/8,pending=0}],UNMANAGED}
02:09:58.114 [main] DEBUG org.eclipse.jetty.util.thread.strategy.EatWhatYouKill - EatWhatYouKill@6404f418/SelectorProducer@3e11f9e9/IDLE/p=false/QueuedThreadPool[qtp961160488]@394a2528{STARTED,8<=8<=200,i=8,r=-1,q=0}[ReservedThreadExecutor@383bfa16{reserved=0/8,pending=0}][pc=0,pic=0,pec=0,epc=0]@2024-05-02T02:09:58.114+01:00 created
02:09:58.114 [main] DEBUG org.eclipse.jetty.util.component.ContainerLifeCycle - ManagedSelector@1de5f259{STOPPED} id=3 keys=-1 selected=-1 updates=0 added {EatWhatYouKill@6404f418/SelectorProducer@3e11f9e9/IDLE/p=false/QueuedThreadPool[qtp961160488]@394a2528{STARTED,8<=8<=200,i=8,r=-1,q=0}[ReservedThreadExecutor@383bfa16{reserved=0/8,pending=0}][pc=0,pic=0,pec=0,epc=0]@2024-05-02T02:09:58.114+01:00,MANAGED}
02:09:58.114 [main] DEBUG org.eclipse.jetty.util.component.ContainerLifeCycle - SelectorManager@ServerConnector@446293d{HTTP/1.1, (http/1.1)}{localhost:35601} added {ManagedSelector@1de5f259{STOPPED} id=3 keys=-1 selected=-1 updates=0,AUTO}
02:09:58.114 [main] DEBUG org.eclipse.jetty.util.component.AbstractLifeCycle - starting ManagedSelector@194bcebf{STOPPED} id=0 keys=-1 selected=-1 updates=0
02:09:58.115 [main] DEBUG org.eclipse.jetty.util.component.AbstractLifeCycle - starting EatWhatYouKill@25fb8912/SelectorProducer@d5b810e/IDLE/p=false/QueuedThreadPool[qtp961160488]@394a2528{STARTED,8<=8<=200,i=8,r=-1,q=0}[ReservedThreadExecutor@383bfa16{reserved=0/8,pending=0}][pc=0,pic=0,pec=0,epc=0]@2024-05-02T02:09:58.115+01:00
02:09:58.115 [main] DEBUG org.eclipse.jetty.util.component.AbstractLifeCycle - STARTED @938ms EatWhatYouKill@25fb8912/SelectorProducer@d5b810e/IDLE/p=false/QueuedThreadPool[qtp961160488]@394a2528{STARTED,8<=8<=200,i=8,r=-1,q=0}[ReservedThreadExecutor@383bfa16{reserved=0/8,pending=0}][pc=0,pic=0,pec=0,epc=0]@2024-05-02T02:09:58.115+01:00
02:09:58.116 [main] DEBUG org.eclipse.jetty.util.thread.QueuedThreadPool - queue org.eclipse.jetty.io.ManagedSelector$$Lambda$253/838473569@957e06 startThread=0
02:09:58.116 [qtp961160488-15] DEBUG org.eclipse.jetty.util.thread.QueuedThreadPool - run org.eclipse.jetty.io.ManagedSelector$$Lambda$253/838473569@957e06 in QueuedThreadPool[qtp961160488]@394a2528{STARTED,8<=8<=200,i=7,r=-1,q=0}[ReservedThreadExecutor@383bfa16{reserved=0/8,pending=0}]
02:09:58.116 [main] DEBUG org.eclipse.jetty.io.ManagedSelector - Queued change lazy=false org.eclipse.jetty.io.ManagedSelector$Start@32502377 on ManagedSelector@194bcebf{STARTING} id=0 keys=0 selected=0 updates=0
02:09:58.117 [qtp961160488-15] DEBUG org.eclipse.jetty.util.thread.strategy.EatWhatYouKill - EatWhatYouKill@25fb8912/SelectorProducer@d5b810e/IDLE/p=false/QueuedThreadPool[qtp961160488]@394a2528{STARTED,8<=8<=200,i=7,r=-1,q=0}[ReservedThreadExecutor@383bfa16{reserved=0/8,pending=0}][pc=0,pic=0,pec=0,epc=0]@2024-05-02T02:09:58.116+01:00 tryProduce false
02:09:58.118 [qtp961160488-15] DEBUG org.eclipse.jetty.io.ManagedSelector - updateable 1
02:09:58.118 [qtp961160488-15] DEBUG org.eclipse.jetty.io.ManagedSelector - update org.eclipse.jetty.io.ManagedSelector$Start@32502377
02:09:58.118 [qtp961160488-15] DEBUG org.eclipse.jetty.io.ManagedSelector - updates 0
02:09:58.118 [qtp961160488-15] DEBUG org.eclipse.jetty.io.ManagedSelector - Selector sun.nio.ch.EPollSelectorImpl@750a6cdb waiting with 0 keys
02:09:58.118 [main] DEBUG org.eclipse.jetty.util.component.AbstractLifeCycle - STARTED @941ms ManagedSelector@194bcebf{STARTED} id=0 keys=0 selected=0 updates=0
02:09:58.118 [main] DEBUG org.eclipse.jetty.util.component.AbstractLifeCycle - starting ManagedSelector@4803b726{STOPPED} id=1 keys=-1 selected=-1 updates=0
02:09:58.118 [main] DEBUG org.eclipse.jetty.util.component.AbstractLifeCycle - starting EatWhatYouKill@17497425/SelectorProducer@f0da945/IDLE/p=false/QueuedThreadPool[qtp961160488]@394a2528{STARTED,8<=8<=200,i=7,r=-1,q=0}[ReservedThreadExecutor@383bfa16{reserved=0/8,pending=0}][pc=0,pic=0,pec=0,epc=0]@2024-05-02T02:09:58.118+01:00
02:09:58.119 [main] DEBUG org.eclipse.jetty.util.component.AbstractLifeCycle - STARTED @941ms EatWhatYouKill@17497425/SelectorProducer@f0da945/IDLE/p=false/QueuedThreadPool[qtp961160488]@394a2528{STARTED,8<=8<=200,i=7,r=-1,q=0}[ReservedThreadExecutor@383bfa16{reserved=0/8,pending=0}][pc=0,pic=0,pec=0,epc=0]@2024-05-02T02:09:58.119+01:00
02:09:58.119 [main] DEBUG org.eclipse.jetty.util.thread.QueuedThreadPool - queue org.eclipse.jetty.io.ManagedSelector$$Lambda$253/838473569@2c1b194a startThread=0
02:09:58.119 [qtp961160488-16] DEBUG org.eclipse.jetty.util.thread.QueuedThreadPool - run org.eclipse.jetty.io.ManagedSelector$$Lambda$253/838473569@2c1b194a in QueuedThreadPool[qtp961160488]@394a2528{STARTED,8<=8<=200,i=6,r=-1,q=0}[ReservedThreadExecutor@383bfa16{reserved=0/8,pending=0}]
02:09:58.119 [main] DEBUG org.eclipse.jetty.io.ManagedSelector - Queued change lazy=false org.eclipse.jetty.io.ManagedSelector$Start@4dbb42b7 on ManagedSelector@4803b726{STARTING} id=1 keys=0 selected=0 updates=0
02:09:58.119 [qtp961160488-16] DEBUG org.eclipse.jetty.util.thread.strategy.EatWhatYouKill - EatWhatYouKill@17497425/SelectorProducer@f0da945/IDLE/p=false/QueuedThreadPool[qtp961160488]@394a2528{STARTED,8<=8<=200,i=6,r=-1,q=0}[ReservedThreadExecutor@383bfa16{reserved=0/8,pending=0}][pc=0,pic=0,pec=0,epc=0]@2024-05-02T02:09:58.119+01:00 tryProduce false
02:09:58.119 [qtp961160488-16] DEBUG org.eclipse.jetty.io.ManagedSelector - updateable 1
02:09:58.119 [qtp961160488-16] DEBUG org.eclipse.jetty.io.ManagedSelector - update org.eclipse.jetty.io.ManagedSelector$Start@4dbb42b7
02:09:58.119 [qtp961160488-16] DEBUG org.eclipse.jetty.io.ManagedSelector - updates 0
02:09:58.119 [qtp961160488-16] DEBUG org.eclipse.jetty.io.ManagedSelector - Selector sun.nio.ch.EPollSelectorImpl@15ad5557 waiting with 0 keys
02:09:58.119 [main] DEBUG org.eclipse.jetty.util.component.AbstractLifeCycle - STARTED @942ms ManagedSelector@4803b726{STARTED} id=1 keys=0 selected=0 updates=0
02:09:58.119 [main] DEBUG org.eclipse.jetty.util.component.AbstractLifeCycle - starting ManagedSelector@316bcf94{STOPPED} id=2 keys=-1 selected=-1 updates=0
02:09:58.120 [main] DEBUG org.eclipse.jetty.util.component.AbstractLifeCycle - starting EatWhatYouKill@ffaa6af/SelectorProducer@53ce1329/IDLE/p=false/QueuedThreadPool[qtp961160488]@394a2528{STARTED,8<=8<=200,i=6,r=-1,q=0}[ReservedThreadExecutor@383bfa16{reserved=0/8,pending=0}][pc=0,pic=0,pec=0,epc=0]@2024-05-02T02:09:58.12+01:00
02:09:58.120 [main] DEBUG org.eclipse.jetty.util.component.AbstractLifeCycle - STARTED @943ms EatWhatYouKill@ffaa6af/SelectorProducer@53ce1329/IDLE/p=false/QueuedThreadPool[qtp961160488]@394a2528{STARTED,8<=8<=200,i=6,r=-1,q=0}[ReservedThreadExecutor@383bfa16{reserved=0/8,pending=0}][pc=0,pic=0,pec=0,epc=0]@2024-05-02T02:09:58.12+01:00
02:09:58.120 [main] DEBUG org.eclipse.jetty.util.thread.QueuedThreadPool - queue org.eclipse.jetty.io.ManagedSelector$$Lambda$253/838473569@66f57048 startThread=0
02:09:58.120 [main] DEBUG org.eclipse.jetty.io.ManagedSelector - Queued change lazy=false org.eclipse.jetty.io.ManagedSelector$Start@550dbc7a on ManagedSelector@316bcf94{STARTING} id=2 keys=0 selected=0 updates=0
02:09:58.120 [qtp961160488-17] DEBUG org.eclipse.jetty.util.thread.QueuedThreadPool - run org.eclipse.jetty.io.ManagedSelector$$Lambda$253/838473569@66f57048 in QueuedThreadPool[qtp961160488]@394a2528{STARTED,8<=8<=200,i=5,r=-1,q=0}[ReservedThreadExecutor@383bfa16{reserved=0/8,pending=0}]
02:09:58.120 [qtp961160488-17] DEBUG org.eclipse.jetty.util.thread.strategy.EatWhatYouKill - EatWhatYouKill@ffaa6af/SelectorProducer@53ce1329/IDLE/p=false/QueuedThreadPool[qtp961160488]@394a2528{STARTED,8<=8<=200,i=5,r=-1,q=0}[ReservedThreadExecutor@383bfa16{reserved=0/8,pending=0}][pc=0,pic=0,pec=0,epc=0]@2024-05-02T02:09:58.12+01:00 tryProduce false
02:09:58.120 [qtp961160488-17] DEBUG org.eclipse.jetty.io.ManagedSelector - updateable 1
02:09:58.121 [qtp961160488-17] DEBUG org.eclipse.jetty.io.ManagedSelector - update org.eclipse.jetty.io.ManagedSelector$Start@550dbc7a
02:09:58.121 [qtp961160488-17] DEBUG org.eclipse.jetty.io.ManagedSelector - updates 0
02:09:58.121 [qtp961160488-17] DEBUG org.eclipse.jetty.io.ManagedSelector - Selector sun.nio.ch.EPollSelectorImpl@732a981a waiting with 0 keys
02:09:58.121 [main] DEBUG org.eclipse.jetty.util.component.AbstractLifeCycle - STARTED @944ms ManagedSelector@316bcf94{STARTED} id=2 keys=0 selected=0 updates=0
02:09:58.121 [main] DEBUG org.eclipse.jetty.util.component.AbstractLifeCycle - starting ManagedSelector@1de5f259{STOPPED} id=3 keys=-1 selected=-1 updates=0
02:09:58.121 [main] DEBUG org.eclipse.jetty.util.component.AbstractLifeCycle - starting EatWhatYouKill@6404f418/SelectorProducer@3e11f9e9/IDLE/p=false/QueuedThreadPool[qtp961160488]@394a2528{STARTED,8<=8<=200,i=5,r=-1,q=0}[ReservedThreadExecutor@383bfa16{reserved=0/8,pending=0}][pc=0,pic=0,pec=0,epc=0]@2024-05-02T02:09:58.121+01:00
02:09:58.121 [main] DEBUG org.eclipse.jetty.util.component.AbstractLifeCycle - STARTED @944ms EatWhatYouKill@6404f418/SelectorProducer@3e11f9e9/IDLE/p=false/QueuedThreadPool[qtp961160488]@394a2528{STARTED,8<=8<=200,i=5,r=-1,q=0}[ReservedThreadExecutor@383bfa16{reserved=0/8,pending=0}][pc=0,pic=0,pec=0,epc=0]@2024-05-02T02:09:58.121+01:00
02:09:58.122 [main] DEBUG org.eclipse.jetty.util.thread.QueuedThreadPool - queue org.eclipse.jetty.io.ManagedSelector$$Lambda$253/838473569@21282ed8 startThread=0
02:09:58.122 [qtp961160488-19] DEBUG org.eclipse.jetty.util.thread.QueuedThreadPool - run org.eclipse.jetty.io.ManagedSelector$$Lambda$253/838473569@21282ed8 in QueuedThreadPool[qtp961160488]@394a2528{STARTED,8<=8<=200,i=4,r=-1,q=0}[ReservedThreadExecutor@383bfa16{reserved=0/8,pending=0}]
02:09:58.122 [main] DEBUG org.eclipse.jetty.io.ManagedSelector - Queued change lazy=false org.eclipse.jetty.io.ManagedSelector$Start@36916eb0 on ManagedSelector@1de5f259{STARTING} id=3 keys=0 selected=0 updates=0
02:09:58.122 [qtp961160488-19] DEBUG org.eclipse.jetty.util.thread.strategy.EatWhatYouKill - EatWhatYouKill@6404f418/SelectorProducer@3e11f9e9/IDLE/p=false/QueuedThreadPool[qtp961160488]@394a2528{STARTED,8<=8<=200,i=4,r=-1,q=0}[ReservedThreadExecutor@383bfa16{reserved=0/8,pending=0}][pc=0,pic=0,pec=0,epc=0]@2024-05-02T02:09:58.122+01:00 tryProduce false
02:09:58.122 [qtp961160488-19] DEBUG org.eclipse.jetty.io.ManagedSelector - updateable 1
02:09:58.122 [qtp961160488-19] DEBUG org.eclipse.jetty.io.ManagedSelector - update org.eclipse.jetty.io.ManagedSelector$Start@36916eb0
02:09:58.122 [qtp961160488-19] DEBUG org.eclipse.jetty.io.ManagedSelector - updates 0
02:09:58.122 [qtp961160488-19] DEBUG org.eclipse.jetty.io.ManagedSelector - Selector sun.nio.ch.EPollSelectorImpl@314fddb5 waiting with 0 keys
02:09:58.123 [main] DEBUG org.eclipse.jetty.util.component.AbstractLifeCycle - STARTED @945ms ManagedSelector@1de5f259{STARTED} id=3 keys=0 selected=0 updates=0
02:09:58.123 [main] DEBUG org.eclipse.jetty.util.component.AbstractLifeCycle - STARTED @946ms SelectorManager@ServerConnector@446293d{HTTP/1.1, (http/1.1)}{localhost:35601}
02:09:58.124 [main] DEBUG org.eclipse.jetty.util.component.ContainerLifeCycle - ServerConnector@446293d{HTTP/1.1, (http/1.1)}{localhost:35601} added {acceptor-0@1e1a0406,POJO}
02:09:58.124 [main] DEBUG org.eclipse.jetty.util.thread.QueuedThreadPool - queue acceptor-0@1e1a0406 startThread=0
02:09:58.124 [qtp961160488-18] DEBUG org.eclipse.jetty.util.thread.QueuedThreadPool - run acceptor-0@1e1a0406 in QueuedThreadPool[qtp961160488]@394a2528{STARTED,8<=8<=200,i=3,r=-1,q=0}[ReservedThreadExecutor@383bfa16{reserved=0/8,pending=0}]
02:09:58.124 [main] INFO org.eclipse.jetty.server.AbstractConnector - Started ServerConnector@446293d{HTTP/1.1, (http/1.1)}{localhost:35601}
02:09:58.124 [main] DEBUG org.eclipse.jetty.util.component.AbstractLifeCycle - STARTED @947ms ServerConnector@446293d{HTTP/1.1, (http/1.1)}{localhost:35601}
02:09:58.124 [main] INFO org.eclipse.jetty.server.Server - Started @947ms
02:09:58.125 [main] DEBUG org.eclipse.jetty.util.component.AbstractLifeCycle - STARTED @947ms Server@53aad5d5{STARTED}[9.4.44.v20210927]
02:09:59.272 [main] DEBUG org.apache.nifi.minifi.bootstrap.configuration.ingestors.PullHttpChangeIngestor - Attempting to pull new config
02:09:59.291 [qtp961160488-18-acceptor-0@1e1a0406-ServerConnector@446293d{HTTP/1.1, (http/1.1)}{localhost:35601}] DEBUG org.eclipse.jetty.io.ManagedSelector - Queued change lazy=false Accept@195030a5[java.nio.channels.SocketChannel[connected local=/127.0.0.1:35601 remote=/127.0.0.1:47006]] on ManagedSelector@4803b726{STARTED} id=1 keys=0 selected=0 updates=0
02:09:59.291 [qtp961160488-18-acceptor-0@1e1a0406-ServerConnector@446293d{HTTP/1.1, (http/1.1)}{localhost:35601}] DEBUG org.eclipse.jetty.io.ManagedSelector - Wakeup on submit ManagedSelector@4803b726{STARTED} id=1 keys=0 selected=0 updates=1
02:09:59.291 [qtp961160488-16] DEBUG org.eclipse.jetty.io.ManagedSelector - Selector sun.nio.ch.EPollSelectorImpl@15ad5557 woken with none selected
02:09:59.291 [qtp961160488-16] DEBUG org.eclipse.jetty.io.ManagedSelector - Selector sun.nio.ch.EPollSelectorImpl@15ad5557 woken up from select, 0/0/0 selected
02:09:59.291 [qtp961160488-16] DEBUG org.eclipse.jetty.io.ManagedSelector - Selector sun.nio.ch.EPollSelectorImpl@15ad5557 processing 0 keys, 1 updates
02:09:59.291 [qtp961160488-16] DEBUG org.eclipse.jetty.io.ManagedSelector - updateable 1
02:09:59.291 [qtp961160488-16] DEBUG org.eclipse.jetty.io.ManagedSelector - update Accept@195030a5[java.nio.channels.SocketChannel[connected local=/127.0.0.1:35601 remote=/127.0.0.1:47006]]
02:09:59.292 [qtp961160488-16] DEBUG org.eclipse.jetty.util.thread.QueuedThreadPool - queue Accept@195030a5[java.nio.channels.SocketChannel[connected local=/127.0.0.1:35601 remote=/127.0.0.1:47006]] startThread=0
02:09:59.292 [qtp961160488-20] DEBUG org.eclipse.jetty.util.thread.QueuedThreadPool - run Accept@195030a5[java.nio.channels.SocketChannel[connected local=/127.0.0.1:35601 remote=/127.0.0.1:47006]] in QueuedThreadPool[qtp961160488]@394a2528{STARTED,8<=8<=200,i=2,r=-1,q=0}[ReservedThreadExecutor@383bfa16{reserved=0/8,pending=0}]
02:09:59.292 [qtp961160488-16] DEBUG org.eclipse.jetty.io.ManagedSelector - updates 0
02:09:59.292 [qtp961160488-16] DEBUG org.eclipse.jetty.io.ManagedSelector - Selector sun.nio.ch.EPollSelectorImpl@15ad5557 waiting with 1 keys
02:09:59.300 [qtp961160488-20] DEBUG org.eclipse.jetty.io.IdleTimeout - SocketChannelEndPoint@5a5f8615{l=/127.0.0.1:35601,r=/127.0.0.1:47006,OPEN,fill=-,flush=-,to=4/3000}{io=0/0,kio=0,kro=0}-><null> idle timeout check, elapsed: 4 ms, remaining: 2996 ms
02:09:59.305 [qtp961160488-20] DEBUG org.eclipse.jetty.http.PreEncodedHttpField - HttpField encoders loaded: [org.eclipse.jetty.http.Http1FieldPreEncoder@16ecb521]
02:09:59.332 [qtp961160488-20] DEBUG org.eclipse.jetty.server.HttpChannel - new HttpChannelOverHttp@766818c0{s=HttpChannelState@200a4f17{s=IDLE rs=BLOCKING os=OPEN is=IDLE awp=false se=false i=true al=0},r=0,c=false/false,a=IDLE,uri=null,age=0} -> SocketChannelEndPoint@5a5f8615{l=/127.0.0.1:35601,r=/127.0.0.1:47006,OPEN,fill=-,flush=-,to=36/3000}{io=0/0,kio=0,kro=0}-><null>,null,HttpChannelState@200a4f17{s=IDLE rs=BLOCKING os=OPEN is=IDLE awp=false se=false i=true al=0}
02:09:59.339 [qtp961160488-20] DEBUG org.eclipse.jetty.server.HttpConnection - New HTTP Connection HttpConnection@5aec4c45::SocketChannelEndPoint@5a5f8615{l=/127.0.0.1:35601,r=/127.0.0.1:47006,OPEN,fill=-,flush=-,to=43/3000}{io=0/0,kio=0,kro=0}-><null>
02:09:59.339 [qtp961160488-20] DEBUG org.eclipse.jetty.io.ManagedSelector - Queued change lazy=true org.eclipse.jetty.io.ManagedSelector$$Lambda$258/615682846@25c3b53e on ManagedSelector@4803b726{STARTED} id=1 keys=1 selected=0 updates=0
02:09:59.340 [qtp961160488-20] DEBUG org.eclipse.jetty.io.AbstractEndPoint - onOpen SocketChannelEndPoint@5a5f8615{l=/127.0.0.1:35601,r=/127.0.0.1:47006,OPEN,fill=-,flush=-,to=44/3000}{io=0/0,kio=0,kro=0}->HttpConnection@5aec4c45[p=HttpParser{s=START,0 of -1},g=HttpGenerator@630a4a69{s=START}]=>HttpChannelOverHttp@766818c0{s=HttpChannelState@200a4f17{s=IDLE rs=BLOCKING os=OPEN is=IDLE awp=false se=false i=true al=0},r=0,c=false/false,a=IDLE,uri=null,age=0}
02:09:59.340 [qtp961160488-20] DEBUG org.eclipse.jetty.io.AbstractConnection - onOpen HttpConnection@5aec4c45::SocketChannelEndPoint@5a5f8615{l=/127.0.0.1:35601,r=/127.0.0.1:47006,OPEN,fill=-,flush=-,to=44/3000}{io=0/0,kio=0,kro=0}->HttpConnection@5aec4c45[p=HttpParser{s=START,0 of -1},g=HttpGenerator@630a4a69{s=START}]=>HttpChannelOverHttp@766818c0{s=HttpChannelState@200a4f17{s=IDLE rs=BLOCKING os=OPEN is=IDLE awp=false se=false i=true al=0},r=0,c=false/false,a=IDLE,uri=null,age=0}
02:09:59.340 [qtp961160488-20] DEBUG org.eclipse.jetty.io.AbstractConnection - fillInterested HttpConnection@5aec4c45::SocketChannelEndPoint@5a5f8615{l=/127.0.0.1:35601,r=/127.0.0.1:47006,OPEN,fill=-,flush=-,to=44/3000}{io=0/0,kio=0,kro=0}->HttpConnection@5aec4c45[p=HttpParser{s=START,0 of -1},g=HttpGenerator@630a4a69{s=START}]=>HttpChannelOverHttp@766818c0{s=HttpChannelState@200a4f17{s=IDLE rs=BLOCKING os=OPEN is=IDLE awp=false se=false i=true al=0},r=0,c=false/false,a=IDLE,uri=null,age=0}
02:09:59.341 [qtp961160488-20] DEBUG org.eclipse.jetty.io.FillInterest - interested FillInterest@225f85eb{AC.ReadCB@5aec4c45{HttpConnection@5aec4c45::SocketChannelEndPoint@5a5f8615{l=/127.0.0.1:35601,r=/127.0.0.1:47006,OPEN,fill=FI,flush=-,to=0/3000}{io=0/0,kio=0,kro=0}->HttpConnection@5aec4c45[p=HttpParser{s=START,0 of -1},g=HttpGenerator@630a4a69{s=START}]=>HttpChannelOverHttp@766818c0{s=HttpChannelState@200a4f17{s=IDLE rs=BLOCKING os=OPEN is=IDLE awp=false se=false i=true al=0},r=0,c=false/false,a=IDLE,uri=null,age=0}}}
02:09:59.341 [qtp961160488-20] DEBUG org.eclipse.jetty.io.ChannelEndPoint - changeInterests p=false 0->1 for SocketChannelEndPoint@5a5f8615{l=/127.0.0.1:35601,r=/127.0.0.1:47006,OPEN,fill=FI,flush=-,to=0/3000}{io=0/1,kio=0,kro=0}->HttpConnection@5aec4c45[p=HttpParser{s=START,0 of -1},g=HttpGenerator@630a4a69{s=START}]=>HttpChannelOverHttp@766818c0{s=HttpChannelState@200a4f17{s=IDLE rs=BLOCKING os=OPEN is=IDLE awp=false se=false i=true al=0},r=0,c=false/false,a=IDLE,uri=null,age=0}
02:09:59.341 [qtp961160488-20] DEBUG org.eclipse.jetty.io.ManagedSelector - Queued change lazy=false org.eclipse.jetty.io.ChannelEndPoint$$Lambda$255/1830220082@1245c8dd on ManagedSelector@4803b726{STARTED} id=1 keys=1 selected=0 updates=1
02:09:59.341 [qtp961160488-20] DEBUG org.eclipse.jetty.io.ManagedSelector - Wakeup on submit ManagedSelector@4803b726{STARTED} id=1 keys=1 selected=0 updates=2
02:09:59.341 [qtp961160488-16] DEBUG org.eclipse.jetty.io.ManagedSelector - Selector sun.nio.ch.EPollSelectorImpl@15ad5557 woken with none selected
02:09:59.342 [qtp961160488-20] DEBUG org.eclipse.jetty.io.ManagedSelector - Created SocketChannelEndPoint@5a5f8615{l=/127.0.0.1:35601,r=/127.0.0.1:47006,OPEN,fill=FI,flush=-,to=0/3000}{io=0/1,kio=0,kro=0}->HttpConnection@5aec4c45[p=HttpParser{s=START,0 of -1},g=HttpGenerator@630a4a69{s=START}]=>HttpChannelOverHttp@766818c0{s=HttpChannelState@200a4f17{s=IDLE rs=BLOCKING os=OPEN is=IDLE awp=false se=false i=true al=0},r=0,c=false/false,a=IDLE,uri=null,age=0}
02:09:59.342 [qtp961160488-16] DEBUG org.eclipse.jetty.io.ManagedSelector - Selector sun.nio.ch.EPollSelectorImpl@15ad5557 woken up from select, 0/0/1 selected
02:09:59.342 [qtp961160488-16] DEBUG org.eclipse.jetty.io.ManagedSelector - Selector sun.nio.ch.EPollSelectorImpl@15ad5557 processing 0 keys, 2 updates
02:09:59.342 [qtp961160488-20] DEBUG org.eclipse.jetty.util.thread.QueuedThreadPool - ran Accept@195030a5[java.nio.channels.SocketChannel[connected local=/127.0.0.1:35601 remote=/127.0.0.1:47006]] in QueuedThreadPool[qtp961160488]@394a2528{STARTED,8<=8<=200,i=2,r=-1,q=0}[ReservedThreadExecutor@383bfa16{reserved=0/8,pending=0}]
02:09:59.342 [qtp961160488-16] DEBUG org.eclipse.jetty.io.ManagedSelector - updateable 2
02:09:59.342 [qtp961160488-16] DEBUG org.eclipse.jetty.io.ManagedSelector - update org.eclipse.jetty.io.ManagedSelector$$Lambda$258/615682846@25c3b53e
02:09:59.342 [qtp961160488-16] DEBUG org.eclipse.jetty.io.ManagedSelector - update org.eclipse.jetty.io.ChannelEndPoint$$Lambda$255/1830220082@1245c8dd
02:09:59.342 [qtp961160488-16] DEBUG org.eclipse.jetty.io.ChannelEndPoint - Key interests updated 0 -> 1 on SocketChannelEndPoint@5a5f8615{l=/127.0.0.1:35601,r=/127.0.0.1:47006,OPEN,fill=FI,flush=-,to=1/3000}{io=1/1,kio=1,kro=0}->HttpConnection@5aec4c45[p=HttpParser{s=START,0 of -1},g=HttpGenerator@630a4a69{s=START}]=>HttpChannelOverHttp@766818c0{s=HttpChannelState@200a4f17{s=IDLE rs=BLOCKING os=OPEN is=IDLE awp=false se=false i=true al=0},r=0,c=false/false,a=IDLE,uri=null,age=0}
02:09:59.342 [qtp961160488-16] DEBUG org.eclipse.jetty.io.ManagedSelector - updates 0
02:09:59.342 [qtp961160488-16] DEBUG org.eclipse.jetty.io.ManagedSelector - Selector sun.nio.ch.EPollSelectorImpl@15ad5557 waiting with 1 keys
02:09:59.343 [qtp961160488-16] DEBUG org.eclipse.jetty.io.ManagedSelector - Selector sun.nio.ch.EPollSelectorImpl@15ad5557 woken up from select, 1/1/1 selected
02:09:59.343 [qtp961160488-16] DEBUG org.eclipse.jetty.io.ManagedSelector - Selector sun.nio.ch.EPollSelectorImpl@15ad5557 processing 1 keys, 0 updates
02:09:59.343 [qtp961160488-16] DEBUG org.eclipse.jetty.io.ManagedSelector - selected 1 sun.nio.ch.SelectionKeyImpl@1f553e27 SocketChannelEndPoint@5a5f8615{l=/127.0.0.1:35601,r=/127.0.0.1:47006,OPEN,fill=FI,flush=-,to=2/3000}{io=1/1,kio=1,kro=1}->HttpConnection@5aec4c45[p=HttpParser{s=START,0 of -1},g=HttpGenerator@630a4a69{s=START}]=>HttpChannelOverHttp@766818c0{s=HttpChannelState@200a4f17{s=IDLE rs=BLOCKING os=OPEN is=IDLE awp=false se=false i=true al=0},r=0,c=false/false,a=IDLE,uri=null,age=0} 
02:09:59.343 [qtp961160488-16] DEBUG org.eclipse.jetty.io.ChannelEndPoint - onSelected 1->0 r=true w=false for SocketChannelEndPoint@5a5f8615{l=/127.0.0.1:35601,r=/127.0.0.1:47006,OPEN,fill=FI,flush=-,to=2/3000}{io=1/0,kio=1,kro=1}->HttpConnection@5aec4c45[p=HttpParser{s=START,0 of -1},g=HttpGenerator@630a4a69{s=START}]=>HttpChannelOverHttp@766818c0{s=HttpChannelState@200a4f17{s=IDLE rs=BLOCKING os=OPEN is=IDLE awp=false se=false i=true al=0},r=0,c=false/false,a=IDLE,uri=null,age=0}
02:09:59.343 [qtp961160488-16] DEBUG org.eclipse.jetty.io.ChannelEndPoint - task CEP:SocketChannelEndPoint@5a5f8615{l=/127.0.0.1:35601,r=/127.0.0.1:47006,OPEN,fill=FI,flush=-,to=2/3000}{io=1/0,kio=1,kro=1}->HttpConnection@5aec4c45[p=HttpParser{s=START,0 of -1},g=HttpGenerator@630a4a69{s=START}]=>HttpChannelOverHttp@766818c0{s=HttpChannelState@200a4f17{s=IDLE rs=BLOCKING os=OPEN is=IDLE awp=false se=false i=true al=0},r=0,c=false/false,a=IDLE,uri=null,age=0}:runFillable:BLOCKING
02:09:59.344 [qtp961160488-16] DEBUG org.eclipse.jetty.util.thread.ReservedThreadExecutor - ReservedThreadExecutor@383bfa16{reserved=0/8,pending=0} tryExecute EatWhatYouKill@17497425/SelectorProducer@f0da945/PRODUCING/p=false/QueuedThreadPool[qtp961160488]@394a2528{STARTED,8<=8<=200,i=3,r=-1,q=0}[ReservedThreadExecutor@383bfa16{reserved=0/8,pending=0}][pc=0,pic=0,pec=0,epc=0]@2024-05-02T02:09:59.344+01:00
02:09:59.344 [qtp961160488-16] DEBUG org.eclipse.jetty.util.thread.ReservedThreadExecutor - ReservedThreadExecutor@383bfa16{reserved=0/8,pending=1} startReservedThread p=1
02:09:59.345 [qtp961160488-22] DEBUG org.eclipse.jetty.util.thread.QueuedThreadPool - run ReservedThread@3a785ce6{PENDING,thread=null} in QueuedThreadPool[qtp961160488]@394a2528{STARTED,8<=8<=200,i=2,r=-1,q=0}[ReservedThreadExecutor@383bfa16{reserved=0/8,pending=1}]
02:09:59.345 [qtp961160488-16] DEBUG org.eclipse.jetty.util.thread.QueuedThreadPool - queue ReservedThread@3a785ce6{PENDING,thread=null} startThread=0
02:09:59.346 [qtp961160488-22] DEBUG org.eclipse.jetty.util.thread.ReservedThreadExecutor - ReservedThread@3a785ce6{PENDING,thread=Thread[qtp961160488-22,5,main]} was=PENDING next=RESERVED size=0+1 capacity=8
02:09:59.346 [qtp961160488-22] DEBUG org.eclipse.jetty.util.thread.ReservedThreadExecutor - ReservedThread@3a785ce6{RESERVED,thread=Thread[qtp961160488-22,5,main]} waiting ReservedThreadExecutor@383bfa16{reserved=1/8,pending=0}
02:09:59.346 [qtp961160488-16] DEBUG org.eclipse.jetty.util.thread.strategy.EatWhatYouKill - EatWhatYouKill@17497425/SelectorProducer@f0da945/PRODUCING/p=false/QueuedThreadPool[qtp961160488]@394a2528{STARTED,8<=8<=200,i=2,r=-1,q=0}[ReservedThreadExecutor@383bfa16{reserved=1/8,pending=0}][pc=0,pic=0,pec=0,epc=0]@2024-05-02T02:09:59.346+01:00 m=PRODUCE_EXECUTE_CONSUME t=CEP:SocketChannelEndPoint@5a5f8615{l=/127.0.0.1:35601,r=/127.0.0.1:47006,OPEN,fill=FI,flush=-,to=5/3000}{io=1/0,kio=1,kro=1}->HttpConnection@5aec4c45[p=HttpParser{s=START,0 of -1},g=HttpGenerator@630a4a69{s=START}]=>HttpChannelOverHttp@766818c0{s=HttpChannelState@200a4f17{s=IDLE rs=BLOCKING os=OPEN is=IDLE awp=false se=false i=true al=0},r=0,c=false/false,a=IDLE,uri=null,age=0}:runFillable:BLOCKING/BLOCKING
02:09:59.346 [qtp961160488-16] DEBUG org.eclipse.jetty.util.thread.QueuedThreadPool - queue CEP:SocketChannelEndPoint@5a5f8615{l=/127.0.0.1:35601,r=/127.0.0.1:47006,OPEN,fill=FI,flush=-,to=5/3000}{io=1/0,kio=1,kro=1}->HttpConnection@5aec4c45[p=HttpParser{s=START,0 of -1},g=HttpGenerator@630a4a69{s=START}]=>HttpChannelOverHttp@766818c0{s=HttpChannelState@200a4f17{s=IDLE rs=BLOCKING os=OPEN is=IDLE awp=false se=false i=true al=0},r=0,c=false/false,a=IDLE,uri=null,age=0}:runFillable:BLOCKING startThread=0
02:09:59.346 [qtp961160488-21] DEBUG org.eclipse.jetty.util.thread.QueuedThreadPool - run CEP:SocketChannelEndPoint@5a5f8615{l=/127.0.0.1:35601,r=/127.0.0.1:47006,OPEN,fill=FI,flush=-,to=5/3000}{io=1/0,kio=1,kro=1}->HttpConnection@5aec4c45[p=HttpParser{s=START,0 of -1},g=HttpGenerator@630a4a69{s=START}]=>HttpChannelOverHttp@766818c0{s=HttpChannelState@200a4f17{s=IDLE rs=BLOCKING os=OPEN is=IDLE awp=false se=false i=true al=0},r=0,c=false/false,a=IDLE,uri=null,age=0}:runFillable:BLOCKING in QueuedThreadPool[qtp961160488]@394a2528{STARTED,8<=8<=200,i=1,r=-1,q=0}[ReservedThreadExecutor@383bfa16{reserved=1/8,pending=0}]
02:09:59.347 [qtp961160488-16] DEBUG org.eclipse.jetty.io.ManagedSelector - updateable 0
02:09:59.347 [qtp961160488-16] DEBUG org.eclipse.jetty.io.ManagedSelector - updates 0
02:09:59.347 [qtp961160488-21] DEBUG org.eclipse.jetty.io.FillInterest - fillable FillInterest@225f85eb{AC.ReadCB@5aec4c45{HttpConnection@5aec4c45::SocketChannelEndPoint@5a5f8615{l=/127.0.0.1:35601,r=/127.0.0.1:47006,OPEN,fill=FI,flush=-,to=6/3000}{io=1/0,kio=1,kro=1}->HttpConnection@5aec4c45[p=HttpParser{s=START,0 of -1},g=HttpGenerator@630a4a69{s=START}]=>HttpChannelOverHttp@766818c0{s=HttpChannelState@200a4f17{s=IDLE rs=BLOCKING os=OPEN is=IDLE awp=false se=false i=true al=0},r=0,c=false/false,a=IDLE,uri=null,age=0}}}
02:09:59.347 [qtp961160488-16] DEBUG org.eclipse.jetty.io.ChannelEndPoint - Key interests updated 1 -> 0 on SocketChannelEndPoint@5a5f8615{l=/127.0.0.1:35601,r=/127.0.0.1:47006,OPEN,fill=FI,flush=-,to=6/3000}{io=0/0,kio=0,kro=1}->HttpConnection@5aec4c45[p=HttpParser{s=START,0 of -1},g=HttpGenerator@630a4a69{s=START}]=>HttpChannelOverHttp@766818c0{s=HttpChannelState@200a4f17{s=IDLE rs=BLOCKING os=OPEN is=IDLE awp=false se=false i=true al=0},r=0,c=false/false,a=IDLE,uri=null,age=0}
02:09:59.347 [qtp961160488-16] DEBUG org.eclipse.jetty.io.ManagedSelector - Selector sun.nio.ch.EPollSelectorImpl@15ad5557 waiting with 1 keys
02:09:59.347 [qtp961160488-21] DEBUG org.eclipse.jetty.server.HttpConnection - HttpConnection@5aec4c45::SocketChannelEndPoint@5a5f8615{l=/127.0.0.1:35601,r=/127.0.0.1:47006,OPEN,fill=-,flush=-,to=6/3000}{io=0/0,kio=0,kro=1}->HttpConnection@5aec4c45[p=HttpParser{s=START,0 of -1},g=HttpGenerator@630a4a69{s=START}]=>HttpChannelOverHttp@766818c0{s=HttpChannelState@200a4f17{s=IDLE rs=BLOCKING os=OPEN is=IDLE awp=false se=false i=true al=0},r=0,c=false/false,a=IDLE,uri=null,age=0} onFillable enter HttpChannelState@200a4f17{s=IDLE rs=BLOCKING os=OPEN is=IDLE awp=false se=false i=true al=0} null
02:09:59.351 [qtp961160488-21] DEBUG org.eclipse.jetty.util.TypeUtil - This JVM Runtime does not support Modules, disabling Jetty internal support
02:09:59.352 [qtp961160488-21] DEBUG org.eclipse.jetty.io.ChannelEndPoint - filled 125 HeapByteBuffer@293c2d56[p=0,l=125,c=8192,r=125]={<<<GET /config.yml HTTP/1.1\r...gent: okhttp/3.12.3\r\n\r\n>>>\x00\x00\x00\x00\x00\x00\x00\x00\x00...\x00\x00\x00\x00\x00\x00\x00}
02:09:59.352 [qtp961160488-21] DEBUG org.eclipse.jetty.server.HttpConnection - HttpConnection@5aec4c45::SocketChannelEndPoint@5a5f8615{l=/127.0.0.1:35601,r=/127.0.0.1:47006,OPEN,fill=-,flush=-,to=3/3000}{io=0/0,kio=0,kro=1}->HttpConnection@5aec4c45[p=HttpParser{s=START,0 of -1},g=HttpGenerator@630a4a69{s=START}]=>HttpChannelOverHttp@766818c0{s=HttpChannelState@200a4f17{s=IDLE rs=BLOCKING os=OPEN is=IDLE awp=false se=false i=true al=0},r=0,c=false/false,a=IDLE,uri=null,age=0} filled 125 HeapByteBuffer@293c2d56[p=0,l=125,c=8192,r=125]={<<<GET /config.yml HTTP/1.1\r...gent: okhttp/3.12.3\r\n\r\n>>>\x00\x00\x00\x00\x00\x00\x00\x00\x00...\x00\x00\x00\x00\x00\x00\x00}
02:09:59.352 [qtp961160488-21] DEBUG org.eclipse.jetty.server.HttpConnection - HttpConnection@5aec4c45::SocketChannelEndPoint@5a5f8615{l=/127.0.0.1:35601,r=/127.0.0.1:47006,OPEN,fill=-,flush=-,to=4/3000}{io=0/0,kio=0,kro=1}->HttpConnection@5aec4c45[p=HttpParser{s=START,0 of -1},g=HttpGenerator@630a4a69{s=START}]=>HttpChannelOverHttp@766818c0{s=HttpChannelState@200a4f17{s=IDLE rs=BLOCKING os=OPEN is=IDLE awp=false se=false i=true al=0},r=0,c=false/false,a=IDLE,uri=null,age=0} parse HeapByteBuffer@293c2d56[p=0,l=125,c=8192,r=125]={<<<GET /config.yml HTTP/1.1\r...gent: okhttp/3.12.3\r\n\r\n>>>\x00\x00\x00\x00\x00\x00\x00\x00\x00...\x00\x00\x00\x00\x00\x00\x00} {}
02:09:59.353 [qtp961160488-21] DEBUG org.eclipse.jetty.http.HttpParser - parseNext s=START HeapByteBuffer@293c2d56[p=0,l=125,c=8192,r=125]={<<<GET /config.yml HTTP/1.1\r...gent: okhttp/3.12.3\r\n\r\n>>>\x00\x00\x00\x00\x00\x00\x00\x00\x00...\x00\x00\x00\x00\x00\x00\x00}
02:09:59.353 [qtp961160488-21] DEBUG org.eclipse.jetty.http.HttpParser - START --> SPACE1
02:09:59.355 [qtp961160488-21] DEBUG org.eclipse.jetty.http.HttpParser - SPACE1 --> URI
02:09:59.355 [qtp961160488-21] DEBUG org.eclipse.jetty.http.HttpParser - URI --> SPACE2
02:09:59.355 [qtp961160488-21] DEBUG org.eclipse.jetty.http.HttpParser - SPACE2 --> REQUEST_VERSION
02:09:59.356 [qtp961160488-21] DEBUG org.eclipse.jetty.http.HttpParser - REQUEST_VERSION --> HEADER
02:09:59.356 [qtp961160488-21] DEBUG org.eclipse.jetty.http.HttpParser - HEADER:Host --> VALUE
02:09:59.356 [qtp961160488-21] DEBUG org.eclipse.jetty.http.HttpParser - HEADER:Host --> IN_VALUE
02:09:59.356 [qtp961160488-21] DEBUG org.eclipse.jetty.http.HttpParser - HEADER:Host --> FIELD
02:09:59.357 [qtp961160488-21] DEBUG org.eclipse.jetty.http.HttpParser - HEADER:Connection: keep-alive --> IN_VALUE
02:09:59.358 [qtp961160488-21] DEBUG org.eclipse.jetty.http.HttpParser - HEADER:Connection: keep-alive --> FIELD
02:09:59.358 [qtp961160488-21] DEBUG org.eclipse.jetty.http.HttpParser - HEADER:Accept-Encoding: gzip --> IN_VALUE
02:09:59.358 [qtp961160488-21] DEBUG org.eclipse.jetty.http.HttpParser - HEADER:Accept-Encoding: gzip --> FIELD
02:09:59.358 [qtp961160488-21] DEBUG org.eclipse.jetty.http.HttpParser - HEADER:User-Agent --> VALUE
02:09:59.358 [qtp961160488-21] DEBUG org.eclipse.jetty.http.HttpParser - HEADER:User-Agent --> IN_VALUE
02:09:59.358 [qtp961160488-21] DEBUG org.eclipse.jetty.http.HttpParser - HEADER:User-Agent --> FIELD
02:09:59.358 [qtp961160488-21] DEBUG org.eclipse.jetty.http.HttpParser - HEADER --> CONTENT
02:09:59.360 [qtp961160488-21] DEBUG org.eclipse.jetty.server.HttpChannel - REQUEST for //localhost:35601/config.yml on HttpChannelOverHttp@766818c0{s=HttpChannelState@200a4f17{s=IDLE rs=BLOCKING os=OPEN is=IDLE awp=false se=false i=true al=0},r=1,c=false/false,a=IDLE,uri=//localhost:35601/config.yml,age=1}
GET //localhost:35601/config.yml HTTP/1.1
Host: localhost:35601
Connection: keep-alive
Accept-Encoding: gzip
User-Agent: okhttp/3.12.3


02:09:59.360 [qtp961160488-21] DEBUG org.eclipse.jetty.server.HttpConnection - HttpConnection@5aec4c45::SocketChannelEndPoint@5a5f8615{l=/127.0.0.1:35601,r=/127.0.0.1:47006,OPEN,fill=-,flush=-,to=11/3000}{io=0/0,kio=0,kro=1}->HttpConnection@5aec4c45[p=HttpParser{s=CONTENT,0 of -1},g=HttpGenerator@630a4a69{s=START}]=>HttpChannelOverHttp@766818c0{s=HttpChannelState@200a4f17{s=IDLE rs=BLOCKING os=OPEN is=IDLE awp=false se=false i=true al=0},r=1,c=false/false,a=IDLE,uri=//localhost:35601/config.yml,age=2} parsed true HttpParser{s=CONTENT,0 of -1}
02:09:59.360 [qtp961160488-21] DEBUG org.eclipse.jetty.server.HttpConnection - releaseRequestBuffer HttpConnection@5aec4c45::SocketChannelEndPoint@5a5f8615{l=/127.0.0.1:35601,r=/127.0.0.1:47006,OPEN,fill=-,flush=-,to=11/3000}{io=0/0,kio=0,kro=1}->HttpConnection@5aec4c45[p=HttpParser{s=CONTENT,0 of -1},g=HttpGenerator@630a4a69{s=START}]=>HttpChannelOverHttp@766818c0{s=HttpChannelState@200a4f17{s=IDLE rs=BLOCKING os=OPEN is=IDLE awp=false se=false i=true al=0},r=1,c=false/false,a=IDLE,uri=//localhost:35601/config.yml,age=2}
02:09:59.362 [qtp961160488-21] DEBUG org.eclipse.jetty.server.HttpChannel - handle //localhost:35601/config.yml HttpChannelOverHttp@766818c0{s=HttpChannelState@200a4f17{s=IDLE rs=BLOCKING os=OPEN is=IDLE awp=false se=false i=true al=0},r=1,c=false/false,a=IDLE,uri=//localhost:35601/config.yml,age=3} 
02:09:59.362 [qtp961160488-21] DEBUG org.eclipse.jetty.server.HttpChannelState - handling HttpChannelState@200a4f17{s=IDLE rs=BLOCKING os=OPEN is=IDLE awp=false se=false i=true al=0}
02:09:59.363 [qtp961160488-21] DEBUG org.eclipse.jetty.server.HttpChannel - action DISPATCH HttpChannelOverHttp@766818c0{s=HttpChannelState@200a4f17{s=HANDLING rs=BLOCKING os=OPEN is=IDLE awp=false se=false i=true al=0},r=1,c=false/false,a=HANDLING,uri=//localhost:35601/config.yml,age=5}
02:09:59.365 [qtp961160488-21] DEBUG org.eclipse.jetty.server.Server - REQUEST GET /config.yml on HttpChannelOverHttp@766818c0{s=HttpChannelState@200a4f17{s=HANDLING rs=BLOCKING os=OPEN is=IDLE awp=false se=false i=true al=0},r=1,c=false/false,a=HANDLING,uri=//localhost:35601/config.yml,age=7}
02:09:59.374 [qtp961160488-21] DEBUG org.eclipse.jetty.server.HttpOutput - write(array HeapByteBuffer@33ffaa7d[p=0,l=4,c=512,r=4]={<<<path>>>\x00\x00\x00\x00\x00\x00\x00\x00\x00...\x00\x00\x00\x00\x00\x00\x00})
02:09:59.375 [qtp961160488-21] DEBUG org.eclipse.jetty.server.HttpOutput - write(array) s=CLOSING,api=BLOCKED,sc=false,e=null last=true agg=false flush=true async=false, len=4 null
02:09:59.375 [qtp961160488-21] DEBUG org.eclipse.jetty.server.HttpChannel - sendResponse info=null content=HeapByteBuffer@2236fa01[p=0,l=4,c=512,r=4]={<<<path>>>\x00\x00\x00\x00\x00\x00\x00\x00\x00...\x00\x00\x00\x00\x00\x00\x00} complete=true committing=true callback=Blocker@6c540078{null}
02:09:59.375 [qtp961160488-21] DEBUG org.eclipse.jetty.server.HttpChannel - COMMIT for /config.yml on HttpChannelOverHttp@766818c0{s=HttpChannelState@200a4f17{s=HANDLING rs=BLOCKING os=COMMITTED is=IDLE awp=false se=false i=true al=0},r=1,c=false/false,a=HANDLING,uri=//localhost:35601/config.yml,age=17}
200 null HTTP/1.1
Date: Thu, 02 May 2024 01:09:59 GMT
ETag: testEtag
Content-Type: text/plain;charset=utf-8
Content-Length: 4


02:09:59.378 [qtp961160488-21] DEBUG org.eclipse.jetty.server.HttpConnection - generate: NEED_HEADER for SendCallback@698b76f0[PROCESSING][i=HTTP/1.1{s=200,h=4,cl=4},cb=org.eclipse.jetty.server.HttpChannel$SendCallback@574e91cd] (null,[p=0,l=4,c=512,r=4],true)@START
02:09:59.378 [qtp961160488-21] DEBUG org.eclipse.jetty.http.HttpGenerator - generateHeaders HTTP/1.1{s=200,h=4,cl=4} last=true content=HeapByteBuffer@2236fa01[p=0,l=4,c=512,r=4]={<<<path>>>\x00\x00\x00\x00\x00\x00\x00\x00\x00...\x00\x00\x00\x00\x00\x00\x00}
02:09:59.379 [qtp961160488-21] DEBUG org.eclipse.jetty.http.HttpGenerator - Date: Thu, 02 May 2024 01:09:59 GMT
ETag: testEtag
Content-Type: text/plain;charset=utf-8
Content-Length: 4


02:09:59.379 [qtp961160488-21] DEBUG org.eclipse.jetty.http.HttpGenerator - CONTENT_LENGTH
02:09:59.379 [qtp961160488-21] DEBUG org.eclipse.jetty.server.HttpConnection - generate: FLUSH for SendCallback@698b76f0[PROCESSING][i=HTTP/1.1{s=200,h=4,cl=4},cb=org.eclipse.jetty.server.HttpChannel$SendCallback@574e91cd] ([p=0,l=164,c=8192,r=164],[p=0,l=4,c=512,r=4],true)@COMPLETING
02:09:59.379 [qtp961160488-21] DEBUG org.eclipse.jetty.io.WriteFlusher - write: WriteFlusher@4b3eae96{IDLE}->null [HeapByteBuffer@293c2d56[p=0,l=164,c=8192,r=164]={<<<HTTP/1.1 200 OK\r\nDate: Th...y(9.4.44.v20210927)\r\n\r\n>>>\x00\x00\x00\x00\x00\x00\x00\x00\x00...\x00\x00\x00\x00\x00\x00\x00},HeapByteBuffer@2236fa01[p=0,l=4,c=512,r=4]={<<<path>>>\x00\x00\x00\x00\x00\x00\x00\x00\x00...\x00\x00\x00\x00\x00\x00\x00}]
02:09:59.379 [qtp961160488-21] DEBUG org.eclipse.jetty.io.WriteFlusher - update WriteFlusher@4b3eae96{WRITING}->null:IDLE-->WRITING
02:09:59.380 [qtp961160488-21] DEBUG org.eclipse.jetty.io.ChannelEndPoint - flushed 168 SocketChannelEndPoint@5a5f8615{l=/127.0.0.1:35601,r=/127.0.0.1:47006,OPEN,fill=-,flush=W,to=31/3000}{io=0/0,kio=0,kro=1}->HttpConnection@5aec4c45[p=HttpParser{s=CONTENT,0 of -1},g=HttpGenerator@630a4a69{s=COMPLETING}]=>HttpChannelOverHttp@766818c0{s=HttpChannelState@200a4f17{s=HANDLING rs=BLOCKING os=COMMITTED is=IDLE awp=false se=false i=true al=0},r=1,c=false/false,a=HANDLING,uri=//localhost:35601/config.yml,age=22}
02:09:59.380 [qtp961160488-21] DEBUG org.eclipse.jetty.io.WriteFlusher - Flushed=true written=168 remaining=0 WriteFlusher@4b3eae96{WRITING}->null
02:09:59.380 [qtp961160488-21] DEBUG org.eclipse.jetty.io.WriteFlusher - update WriteFlusher@4b3eae96{IDLE}->null:WRITING-->IDLE
02:09:59.380 [qtp961160488-21] DEBUG org.eclipse.jetty.server.HttpConnection - generate: DONE for SendCallback@698b76f0[PROCESSING][i=HTTP/1.1{s=200,h=4,cl=4},cb=org.eclipse.jetty.server.HttpChannel$SendCallback@574e91cd] ([p=164,l=164,c=8192,r=0],[p=4,l=4,c=512,r=0],true)@END
02:09:59.380 [qtp961160488-21] DEBUG org.eclipse.jetty.server.HttpOutput - onWriteComplete(true,null) s=CLOSING,api=BLOCKED,sc=false,e=null->s=CLOSED,api=BLOCKING,sc=false,e=null c=null cb=null w=false
02:09:59.380 [qtp961160488-21] DEBUG org.eclipse.jetty.server.HttpOutput - close() s=CLOSED,api=BLOCKING,sc=false,e=null c=null b=null
02:09:59.381 [qtp961160488-21] DEBUG org.eclipse.jetty.server.Server - handled=true async=false committed=true on HttpChannelOverHttp@766818c0{s=HttpChannelState@200a4f17{s=HANDLING rs=BLOCKING os=COMPLETED is=IDLE awp=false se=false i=true al=0},r=1,c=false/true,a=HANDLING,uri=//localhost:35601/config.yml,age=23}
02:09:59.381 [qtp961160488-21] DEBUG org.eclipse.jetty.server.HttpChannelState - unhandle HttpChannelState@200a4f17{s=HANDLING rs=BLOCKING os=COMPLETED is=IDLE awp=false se=false i=true al=0}
02:09:59.381 [qtp961160488-21] DEBUG org.eclipse.jetty.server.HttpChannelState - nextAction(false) COMPLETE HttpChannelState@200a4f17{s=HANDLING rs=COMPLETING os=COMPLETED is=IDLE awp=false se=false i=false al=0}
02:09:59.381 [qtp961160488-21] DEBUG org.eclipse.jetty.server.HttpChannel - action COMPLETE HttpChannelOverHttp@766818c0{s=HttpChannelState@200a4f17{s=HANDLING rs=COMPLETING os=COMPLETED is=IDLE awp=false se=false i=false al=0},r=1,c=false/true,a=HANDLING,uri=//localhost:35601/config.yml,age=23}
02:09:59.382 [qtp961160488-21] DEBUG org.eclipse.jetty.server.HttpOutput - complete(org.eclipse.jetty.util.Callback$3@756b34ce) s=CLOSED,api=BLOCKING,sc=false,e=null s=true e=null, c=null
02:09:59.382 [qtp961160488-21] DEBUG org.eclipse.jetty.server.HttpChannelState - completed HttpChannelState@200a4f17{s=HANDLING rs=COMPLETING os=COMPLETED is=IDLE awp=false se=false i=false al=0}
02:09:59.382 [qtp961160488-21] DEBUG org.eclipse.jetty.server.HttpChannelState - unhandle HttpChannelState@200a4f17{s=HANDLING rs=COMPLETED os=COMPLETED is=IDLE awp=false se=false i=false al=0}
02:09:59.382 [qtp961160488-21] DEBUG org.eclipse.jetty.server.HttpChannelState - nextAction(false) TERMINATED HttpChannelState@200a4f17{s=IDLE rs=COMPLETED os=COMPLETED is=IDLE awp=false se=false i=false al=0}
02:09:59.382 [qtp961160488-21] DEBUG org.eclipse.jetty.server.HttpChannel - action TERMINATED HttpChannelOverHttp@766818c0{s=HttpChannelState@200a4f17{s=IDLE rs=COMPLETED os=COMPLETED is=IDLE awp=false se=false i=false al=0},r=1,c=true/true,a=IDLE,uri=//localhost:35601/config.yml,age=24}
02:09:59.382 [qtp961160488-21] DEBUG org.eclipse.jetty.server.HttpChannel - onCompleted for /config.yml written=4
02:09:59.383 [qtp961160488-21] DEBUG org.eclipse.jetty.io.ChannelEndPoint - filled 0 HeapByteBuffer@293c2d56[p=0,l=0,c=8192,r=0]={<<<>>>HTTP/1.1 ...\x00\x00\x00\x00\x00\x00\x00}
02:09:59.383 [qtp961160488-21] DEBUG org.eclipse.jetty.io.ChannelEndPoint - filled 0 HeapByteBuffer@293c2d56[p=0,l=0,c=8192,r=0]={<<<>>>HTTP/1.1 ...\x00\x00\x00\x00\x00\x00\x00}
02:09:59.383 [qtp961160488-21] DEBUG org.eclipse.jetty.server.HttpConnection - HttpConnection@5aec4c45::SocketChannelEndPoint@5a5f8615{l=/127.0.0.1:35601,r=/127.0.0.1:47006,OPEN,fill=-,flush=-,to=2/3000}{io=0/0,kio=0,kro=1}->HttpConnection@5aec4c45[p=HttpParser{s=CONTENT,0 of -1},g=HttpGenerator@630a4a69{s=END}]=>HttpChannelOverHttp@766818c0{s=HttpChannelState@200a4f17{s=IDLE rs=COMPLETED os=COMPLETED is=IDLE awp=false se=false i=false al=0},r=1,c=true/true,a=IDLE,uri=//localhost:35601/config.yml,age=25} filled 0 HeapByteBuffer@293c2d56[p=0,l=0,c=8192,r=0]={<<<>>>HTTP/1.1 ...\x00\x00\x00\x00\x00\x00\x00}
02:09:59.383 [qtp961160488-21] DEBUG org.eclipse.jetty.server.HttpConnection - HttpConnection@5aec4c45::SocketChannelEndPoint@5a5f8615{l=/127.0.0.1:35601,r=/127.0.0.1:47006,OPEN,fill=-,flush=-,to=3/3000}{io=0/0,kio=0,kro=1}->HttpConnection@5aec4c45[p=HttpParser{s=CONTENT,0 of -1},g=HttpGenerator@630a4a69{s=END}]=>HttpChannelOverHttp@766818c0{s=HttpChannelState@200a4f17{s=IDLE rs=COMPLETED os=COMPLETED is=IDLE awp=false se=false i=false al=0},r=1,c=true/true,a=IDLE,uri=//localhost:35601/config.yml,age=25} parse HeapByteBuffer@293c2d56[p=0,l=0,c=8192,r=0]={<<<>>>HTTP/1.1 ...\x00\x00\x00\x00\x00\x00\x00} {}
02:09:59.383 [qtp961160488-21] DEBUG org.eclipse.jetty.http.HttpParser - parseNext s=CONTENT HeapByteBuffer@293c2d56[p=0,l=0,c=8192,r=0]={<<<>>>HTTP/1.1 ...\x00\x00\x00\x00\x00\x00\x00}
02:09:59.383 [qtp961160488-21] DEBUG org.eclipse.jetty.http.HttpParser - CONTENT --> CONTENT_END
02:09:59.384 [qtp961160488-21] DEBUG org.eclipse.jetty.server.HttpChannel - onContentComplete HttpChannelOverHttp@766818c0{s=HttpChannelState@200a4f17{s=IDLE rs=COMPLETED os=COMPLETED is=IDLE awp=false se=false i=false al=0},r=1,c=true/true,a=IDLE,uri=//localhost:35601/config.yml,age=25}
02:09:59.384 [qtp961160488-21] DEBUG org.eclipse.jetty.http.HttpParser - CONTENT_END --> END
02:09:59.384 [qtp961160488-21] DEBUG org.eclipse.jetty.server.HttpChannel - onRequestComplete HttpChannelOverHttp@766818c0{s=HttpChannelState@200a4f17{s=IDLE rs=COMPLETED os=COMPLETED is=IDLE awp=false se=false i=false al=0},r=1,c=true/true,a=IDLE,uri=//localhost:35601/config.yml,age=26}
02:09:59.384 [qtp961160488-21] DEBUG org.eclipse.jetty.server.HttpInput - HttpInputOverHTTP@2f515ec7[c=0,q=0,[0]=null,s=STREAM] addContent EOF
02:09:59.384 [qtp961160488-21] DEBUG org.eclipse.jetty.server.HttpConnection - HttpConnection@5aec4c45::SocketChannelEndPoint@5a5f8615{l=/127.0.0.1:35601,r=/127.0.0.1:47006,OPEN,fill=-,flush=-,to=4/3000}{io=0/0,kio=0,kro=1}->HttpConnection@5aec4c45[p=HttpParser{s=END,0 of -1},g=HttpGenerator@630a4a69{s=END}]=>HttpChannelOverHttp@766818c0{s=HttpChannelState@200a4f17{s=IDLE rs=COMPLETED os=COMPLETED is=IDLE awp=false se=false i=false al=0},r=1,c=true/true,a=IDLE,uri=//localhost:35601/config.yml,age=26} parsed false HttpParser{s=END,0 of -1}
02:09:59.384 [qtp961160488-21] DEBUG org.eclipse.jetty.server.HttpConnection - releaseRequestBuffer HttpConnection@5aec4c45::SocketChannelEndPoint@5a5f8615{l=/127.0.0.1:35601,r=/127.0.0.1:47006,OPEN,fill=-,flush=-,to=4/3000}{io=0/0,kio=0,kro=1}->HttpConnection@5aec4c45[p=HttpParser{s=END,0 of -1},g=HttpGenerator@630a4a69{s=END}]=>HttpChannelOverHttp@766818c0{s=HttpChannelState@200a4f17{s=IDLE rs=COMPLETED os=COMPLETED is=IDLE awp=false se=false i=false al=0},r=1,c=true/true,a=IDLE,uri=//localhost:35601/config.yml,age=26}
02:09:59.384 [main] DEBUG org.apache.nifi.minifi.bootstrap.configuration.ingestors.PullHttpChangeIngestor - Response received: Response{protocol=http/1.1, code=200, message=OK, url=http://localhost:35601/config.yml}
02:09:59.384 [qtp961160488-21] DEBUG org.eclipse.jetty.server.HttpChannelState - recycle HttpChannelState@200a4f17{s=IDLE rs=COMPLETED os=COMPLETED is=IDLE awp=false se=false i=false al=0}
02:09:59.385 [main] DEBUG org.apache.nifi.minifi.bootstrap.configuration.ingestors.PullHttpChangeIngestor - New change received, notifying listener
02:09:59.385 [main] DEBUG org.apache.nifi.minifi.bootstrap.configuration.ingestors.PullHttpChangeIngestor - Listeners notified
02:09:59.387 [qtp961160488-21] DEBUG org.eclipse.jetty.http.HttpParser - reset HttpParser{s=END,0 of -1}
02:09:59.387 [qtp961160488-21] DEBUG org.eclipse.jetty.http.HttpParser - END --> START
02:09:59.387 [qtp961160488-21] DEBUG org.eclipse.jetty.server.HttpChannel - !handle TERMINATED HttpChannelOverHttp@766818c0{s=HttpChannelState@200a4f17{s=IDLE rs=BLOCKING os=OPEN is=IDLE awp=false se=false i=true al=0},r=1,c=false/false,a=IDLE,uri=null,age=0}
02:09:59.387 [qtp961160488-21] DEBUG org.eclipse.jetty.io.ChannelEndPoint - filled 0 HeapByteBuffer@293c2d56[p=0,l=0,c=8192,r=0]={<<<>>>HTTP/1.1 ...\x00\x00\x00\x00\x00\x00\x00}
02:09:59.388 [qtp961160488-21] DEBUG org.eclipse.jetty.io.ChannelEndPoint - filled 0 HeapByteBuffer@293c2d56[p=0,l=0,c=8192,r=0]={<<<>>>HTTP/1.1 ...\x00\x00\x00\x00\x00\x00\x00}
02:09:59.388 [qtp961160488-21] DEBUG org.eclipse.jetty.server.HttpConnection - HttpConnection@5aec4c45::SocketChannelEndPoint@5a5f8615{l=/127.0.0.1:35601,r=/127.0.0.1:47006,OPEN,fill=-,flush=-,to=7/3000}{io=0/0,kio=0,kro=1}->HttpConnection@5aec4c45[p=HttpParser{s=START,0 of -1},g=HttpGenerator@630a4a69{s=START}]=>HttpChannelOverHttp@766818c0{s=HttpChannelState@200a4f17{s=IDLE rs=BLOCKING os=OPEN is=IDLE awp=false se=false i=true al=0},r=1,c=false/false,a=IDLE,uri=null,age=0} filled 0 HeapByteBuffer@293c2d56[p=0,l=0,c=8192,r=0]={<<<>>>HTTP/1.1 ...\x00\x00\x00\x00\x00\x00\x00}
02:09:59.388 [qtp961160488-21] DEBUG org.eclipse.jetty.server.HttpConnection - HttpConnection@5aec4c45::SocketChannelEndPoint@5a5f8615{l=/127.0.0.1:35601,r=/127.0.0.1:47006,OPEN,fill=-,flush=-,to=8/3000}{io=0/0,kio=0,kro=1}->HttpConnection@5aec4c45[p=HttpParser{s=START,0 of -1},g=HttpGenerator@630a4a69{s=START}]=>HttpChannelOverHttp@766818c0{s=HttpChannelState@200a4f17{s=IDLE rs=BLOCKING os=OPEN is=IDLE awp=false se=false i=true al=0},r=1,c=false/false,a=IDLE,uri=null,age=0} parse HeapByteBuffer@293c2d56[p=0,l=0,c=8192,r=0]={<<<>>>HTTP/1.1 ...\x00\x00\x00\x00\x00\x00\x00} {}
02:09:59.388 [qtp961160488-21] DEBUG org.eclipse.jetty.http.HttpParser - parseNext s=START HeapByteBuffer@293c2d56[p=0,l=0,c=8192,r=0]={<<<>>>HTTP/1.1 ...\x00\x00\x00\x00\x00\x00\x00}
02:09:59.388 [qtp961160488-21] DEBUG org.eclipse.jetty.server.HttpConnection - HttpConnection@5aec4c45::SocketChannelEndPoint@5a5f8615{l=/127.0.0.1:35601,r=/127.0.0.1:47006,OPEN,fill=-,flush=-,to=8/3000}{io=0/0,kio=0,kro=1}->HttpConnection@5aec4c45[p=HttpParser{s=START,0 of -1},g=HttpGenerator@630a4a69{s=START}]=>HttpChannelOverHttp@766818c0{s=HttpChannelState@200a4f17{s=IDLE rs=BLOCKING os=OPEN is=IDLE awp=false se=false i=true al=0},r=1,c=false/false,a=IDLE,uri=null,age=0} parsed false HttpParser{s=START,0 of -1}
02:09:59.389 [qtp961160488-21] DEBUG org.eclipse.jetty.server.HttpConnection - releaseRequestBuffer HttpConnection@5aec4c45::SocketChannelEndPoint@5a5f8615{l=/127.0.0.1:35601,r=/127.0.0.1:47006,OPEN,fill=-,flush=-,to=8/3000}{io=0/0,kio=0,kro=1}->HttpConnection@5aec4c45[p=HttpParser{s=START,0 of -1},g=HttpGenerator@630a4a69{s=START}]=>HttpChannelOverHttp@766818c0{s=HttpChannelState@200a4f17{s=IDLE rs=BLOCKING os=OPEN is=IDLE awp=false se=false i=true al=0},r=1,c=false/false,a=IDLE,uri=null,age=0}
02:09:59.389 [qtp961160488-21] DEBUG org.eclipse.jetty.io.AbstractConnection - fillInterested HttpConnection@5aec4c45::SocketChannelEndPoint@5a5f8615{l=/127.0.0.1:35601,r=/127.0.0.1:47006,OPEN,fill=-,flush=-,to=8/3000}{io=0/0,kio=0,kro=1}->HttpConnection@5aec4c45[p=HttpParser{s=START,0 of -1},g=HttpGenerator@630a4a69{s=START}]=>HttpChannelOverHttp@766818c0{s=HttpChannelState@200a4f17{s=IDLE rs=BLOCKING os=OPEN is=IDLE awp=false se=false i=true al=0},r=1,c=false/false,a=IDLE,uri=null,age=0}
02:09:59.389 [qtp961160488-21] DEBUG org.eclipse.jetty.io.FillInterest - interested FillInterest@225f85eb{AC.ReadCB@5aec4c45{HttpConnection@5aec4c45::SocketChannelEndPoint@5a5f8615{l=/127.0.0.1:35601,r=/127.0.0.1:47006,OPEN,fill=FI,flush=-,to=0/3000}{io=0/0,kio=0,kro=1}->HttpConnection@5aec4c45[p=HttpParser{s=START,0 of -1},g=HttpGenerator@630a4a69{s=START}]=>HttpChannelOverHttp@766818c0{s=HttpChannelState@200a4f17{s=IDLE rs=BLOCKING os=OPEN is=IDLE awp=false se=false i=true al=0},r=1,c=false/false,a=IDLE,uri=null,age=0}}}
02:09:59.389 [qtp961160488-21] DEBUG org.eclipse.jetty.io.ChannelEndPoint - changeInterests p=false 0->1 for SocketChannelEndPoint@5a5f8615{l=/127.0.0.1:35601,r=/127.0.0.1:47006,OPEN,fill=FI,flush=-,to=0/3000}{io=0/1,kio=0,kro=1}->HttpConnection@5aec4c45[p=HttpParser{s=START,0 of -1},g=HttpGenerator@630a4a69{s=START}]=>HttpChannelOverHttp@766818c0{s=HttpChannelState@200a4f17{s=IDLE rs=BLOCKING os=OPEN is=IDLE awp=false se=false i=true al=0},r=1,c=false/false,a=IDLE,uri=null,age=0}
02:09:59.389 [qtp961160488-21] DEBUG org.eclipse.jetty.io.ManagedSelector - Queued change lazy=false org.eclipse.jetty.io.ChannelEndPoint$$Lambda$255/1830220082@1245c8dd on ManagedSelector@4803b726{STARTED} id=1 keys=1 selected=0 updates=0
02:09:59.389 [qtp961160488-21] DEBUG org.eclipse.jetty.io.ManagedSelector - Wakeup on submit ManagedSelector@4803b726{STARTED} id=1 keys=1 selected=0 updates=1
02:09:59.389 [qtp961160488-16] DEBUG org.eclipse.jetty.io.ManagedSelector - Selector sun.nio.ch.EPollSelectorImpl@15ad5557 woken with none selected
02:09:59.390 [qtp961160488-16] DEBUG org.eclipse.jetty.io.ManagedSelector - Selector sun.nio.ch.EPollSelectorImpl@15ad5557 woken up from select, 0/0/1 selected
02:09:59.390 [qtp961160488-21] DEBUG org.eclipse.jetty.server.HttpConnection - HttpConnection@5aec4c45::SocketChannelEndPoint@5a5f8615{l=/127.0.0.1:35601,r=/127.0.0.1:47006,OPEN,fill=FI,flush=-,to=0/3000}{io=0/1,kio=0,kro=1}->HttpConnection@5aec4c45[p=HttpParser{s=START,0 of -1},g=HttpGenerator@630a4a69{s=START}]=>HttpChannelOverHttp@766818c0{s=HttpChannelState@200a4f17{s=IDLE rs=BLOCKING os=OPEN is=IDLE awp=false se=false i=true al=0},r=1,c=false/false,a=IDLE,uri=null,age=0} onFillable exit HttpChannelState@200a4f17{s=IDLE rs=BLOCKING os=OPEN is=IDLE awp=false se=false i=true al=0} null
02:09:59.390 [qtp961160488-16] DEBUG org.eclipse.jetty.io.ManagedSelector - Selector sun.nio.ch.EPollSelectorImpl@15ad5557 processing 0 keys, 1 updates
02:09:59.390 [qtp961160488-16] DEBUG org.eclipse.jetty.io.ManagedSelector - updateable 1
02:09:59.390 [qtp961160488-16] DEBUG org.eclipse.jetty.io.ManagedSelector - update org.eclipse.jetty.io.ChannelEndPoint$$Lambda$255/1830220082@1245c8dd
02:09:59.390 [qtp961160488-21] DEBUG org.eclipse.jetty.util.thread.QueuedThreadPool - ran CEP:SocketChannelEndPoint@5a5f8615{l=/127.0.0.1:35601,r=/127.0.0.1:47006,OPEN,fill=FI,flush=-,to=0/3000}{io=0/1,kio=0,kro=1}->HttpConnection@5aec4c45[p=HttpParser{s=START,0 of -1},g=HttpGenerator@630a4a69{s=START}]=>HttpChannelOverHttp@766818c0{s=HttpChannelState@200a4f17{s=IDLE rs=BLOCKING os=OPEN is=IDLE awp=false se=false i=true al=0},r=1,c=false/false,a=IDLE,uri=null,age=0}:runFillable:BLOCKING in QueuedThreadPool[qtp961160488]@394a2528{STARTED,8<=8<=200,i=1,r=-1,q=0}[ReservedThreadExecutor@383bfa16{reserved=1/8,pending=0}]
02:09:59.390 [qtp961160488-16] DEBUG org.eclipse.jetty.io.ChannelEndPoint - Key interests updated 0 -> 1 on SocketChannelEndPoint@5a5f8615{l=/127.0.0.1:35601,r=/127.0.0.1:47006,OPEN,fill=FI,flush=-,to=0/3000}{io=1/1,kio=1,kro=1}->HttpConnection@5aec4c45[p=HttpParser{s=START,0 of -1},g=HttpGenerator@630a4a69{s=START}]=>HttpChannelOverHttp@766818c0{s=HttpChannelState@200a4f17{s=IDLE rs=BLOCKING os=OPEN is=IDLE awp=false se=false i=true al=0},r=1,c=false/false,a=IDLE,uri=null,age=0}
02:09:59.390 [qtp961160488-16] DEBUG org.eclipse.jetty.io.ManagedSelector - updates 0
02:09:59.390 [qtp961160488-16] DEBUG org.eclipse.jetty.io.ManagedSelector - Selector sun.nio.ch.EPollSelectorImpl@15ad5557 waiting with 1 keys
]]></system-out>
  </testcase>
  <testcase name="testUseEtag" classname="org.apache.nifi.minifi.bootstrap.configuration.ingestors.PullHttpChangeIngestorTest" time="0.018">
    <system-out><![CDATA[02:09:59.395 [main] DEBUG org.apache.nifi.minifi.bootstrap.configuration.ingestors.PullHttpChangeIngestor - Attempting to pull new config
02:09:59.395 [qtp961160488-18-acceptor-0@1e1a0406-ServerConnector@446293d{HTTP/1.1, (http/1.1)}{localhost:35601}] DEBUG org.eclipse.jetty.io.ManagedSelector - Queued change lazy=false Accept@1797ddff[java.nio.channels.SocketChannel[connected local=/127.0.0.1:35601 remote=/127.0.0.1:47014]] on ManagedSelector@316bcf94{STARTED} id=2 keys=0 selected=0 updates=0
02:09:59.395 [qtp961160488-18-acceptor-0@1e1a0406-ServerConnector@446293d{HTTP/1.1, (http/1.1)}{localhost:35601}] DEBUG org.eclipse.jetty.io.ManagedSelector - Wakeup on submit ManagedSelector@316bcf94{STARTED} id=2 keys=0 selected=0 updates=1
02:09:59.396 [qtp961160488-17] DEBUG org.eclipse.jetty.io.ManagedSelector - Selector sun.nio.ch.EPollSelectorImpl@732a981a woken with none selected
02:09:59.396 [qtp961160488-17] DEBUG org.eclipse.jetty.io.ManagedSelector - Selector sun.nio.ch.EPollSelectorImpl@732a981a woken up from select, 0/0/0 selected
02:09:59.396 [qtp961160488-17] DEBUG org.eclipse.jetty.io.ManagedSelector - Selector sun.nio.ch.EPollSelectorImpl@732a981a processing 0 keys, 1 updates
02:09:59.396 [qtp961160488-17] DEBUG org.eclipse.jetty.io.ManagedSelector - updateable 1
02:09:59.396 [qtp961160488-17] DEBUG org.eclipse.jetty.io.ManagedSelector - update Accept@1797ddff[java.nio.channels.SocketChannel[connected local=/127.0.0.1:35601 remote=/127.0.0.1:47014]]
02:09:59.396 [qtp961160488-17] DEBUG org.eclipse.jetty.util.thread.QueuedThreadPool - queue Accept@1797ddff[java.nio.channels.SocketChannel[connected local=/127.0.0.1:35601 remote=/127.0.0.1:47014]] startThread=0
02:09:59.396 [qtp961160488-17] DEBUG org.eclipse.jetty.io.ManagedSelector - updates 0
02:09:59.396 [qtp961160488-20] DEBUG org.eclipse.jetty.util.thread.QueuedThreadPool - run Accept@1797ddff[java.nio.channels.SocketChannel[connected local=/127.0.0.1:35601 remote=/127.0.0.1:47014]] in QueuedThreadPool[qtp961160488]@394a2528{STARTED,8<=8<=200,i=1,r=-1,q=0}[ReservedThreadExecutor@383bfa16{reserved=1/8,pending=0}]
02:09:59.396 [qtp961160488-17] DEBUG org.eclipse.jetty.io.ManagedSelector - Selector sun.nio.ch.EPollSelectorImpl@732a981a waiting with 1 keys
02:09:59.396 [qtp961160488-20] DEBUG org.eclipse.jetty.io.IdleTimeout - SocketChannelEndPoint@2a97e5ee{l=/127.0.0.1:35601,r=/127.0.0.1:47014,OPEN,fill=-,flush=-,to=0/3000}{io=0/0,kio=0,kro=0}-><null> idle timeout check, elapsed: 0 ms, remaining: 3000 ms
02:09:59.396 [qtp961160488-20] DEBUG org.eclipse.jetty.server.HttpChannel - new HttpChannelOverHttp@1bffabd7{s=HttpChannelState@4551159e{s=IDLE rs=BLOCKING os=OPEN is=IDLE awp=false se=false i=true al=0},r=0,c=false/false,a=IDLE,uri=null,age=0} -> SocketChannelEndPoint@2a97e5ee{l=/127.0.0.1:35601,r=/127.0.0.1:47014,OPEN,fill=-,flush=-,to=0/3000}{io=0/0,kio=0,kro=0}-><null>,null,HttpChannelState@4551159e{s=IDLE rs=BLOCKING os=OPEN is=IDLE awp=false se=false i=true al=0}
02:09:59.396 [qtp961160488-20] DEBUG org.eclipse.jetty.server.HttpConnection - New HTTP Connection HttpConnection@796e3ec9::SocketChannelEndPoint@2a97e5ee{l=/127.0.0.1:35601,r=/127.0.0.1:47014,OPEN,fill=-,flush=-,to=0/3000}{io=0/0,kio=0,kro=0}-><null>
02:09:59.396 [qtp961160488-20] DEBUG org.eclipse.jetty.io.ManagedSelector - Queued change lazy=true org.eclipse.jetty.io.ManagedSelector$$Lambda$258/615682846@6cc31c9f on ManagedSelector@316bcf94{STARTED} id=2 keys=1 selected=0 updates=0
02:09:59.397 [qtp961160488-20] DEBUG org.eclipse.jetty.io.AbstractEndPoint - onOpen SocketChannelEndPoint@2a97e5ee{l=/127.0.0.1:35601,r=/127.0.0.1:47014,OPEN,fill=-,flush=-,to=0/3000}{io=0/0,kio=0,kro=0}->HttpConnection@796e3ec9[p=HttpParser{s=START,0 of -1},g=HttpGenerator@a04a3c3{s=START}]=>HttpChannelOverHttp@1bffabd7{s=HttpChannelState@4551159e{s=IDLE rs=BLOCKING os=OPEN is=IDLE awp=false se=false i=true al=0},r=0,c=false/false,a=IDLE,uri=null,age=0}
02:09:59.397 [qtp961160488-20] DEBUG org.eclipse.jetty.io.AbstractConnection - onOpen HttpConnection@796e3ec9::SocketChannelEndPoint@2a97e5ee{l=/127.0.0.1:35601,r=/127.0.0.1:47014,OPEN,fill=-,flush=-,to=0/3000}{io=0/0,kio=0,kro=0}->HttpConnection@796e3ec9[p=HttpParser{s=START,0 of -1},g=HttpGenerator@a04a3c3{s=START}]=>HttpChannelOverHttp@1bffabd7{s=HttpChannelState@4551159e{s=IDLE rs=BLOCKING os=OPEN is=IDLE awp=false se=false i=true al=0},r=0,c=false/false,a=IDLE,uri=null,age=0}
02:09:59.397 [qtp961160488-20] DEBUG org.eclipse.jetty.io.AbstractConnection - fillInterested HttpConnection@796e3ec9::SocketChannelEndPoint@2a97e5ee{l=/127.0.0.1:35601,r=/127.0.0.1:47014,OPEN,fill=-,flush=-,to=1/3000}{io=0/0,kio=0,kro=0}->HttpConnection@796e3ec9[p=HttpParser{s=START,0 of -1},g=HttpGenerator@a04a3c3{s=START}]=>HttpChannelOverHttp@1bffabd7{s=HttpChannelState@4551159e{s=IDLE rs=BLOCKING os=OPEN is=IDLE awp=false se=false i=true al=0},r=0,c=false/false,a=IDLE,uri=null,age=0}
02:09:59.397 [qtp961160488-20] DEBUG org.eclipse.jetty.io.FillInterest - interested FillInterest@4734baf8{AC.ReadCB@796e3ec9{HttpConnection@796e3ec9::SocketChannelEndPoint@2a97e5ee{l=/127.0.0.1:35601,r=/127.0.0.1:47014,OPEN,fill=FI,flush=-,to=0/3000}{io=0/0,kio=0,kro=0}->HttpConnection@796e3ec9[p=HttpParser{s=START,0 of -1},g=HttpGenerator@a04a3c3{s=START}]=>HttpChannelOverHttp@1bffabd7{s=HttpChannelState@4551159e{s=IDLE rs=BLOCKING os=OPEN is=IDLE awp=false se=false i=true al=0},r=0,c=false/false,a=IDLE,uri=null,age=0}}}
02:09:59.397 [qtp961160488-20] DEBUG org.eclipse.jetty.io.ChannelEndPoint - changeInterests p=false 0->1 for SocketChannelEndPoint@2a97e5ee{l=/127.0.0.1:35601,r=/127.0.0.1:47014,OPEN,fill=FI,flush=-,to=0/3000}{io=0/1,kio=0,kro=0}->HttpConnection@796e3ec9[p=HttpParser{s=START,0 of -1},g=HttpGenerator@a04a3c3{s=START}]=>HttpChannelOverHttp@1bffabd7{s=HttpChannelState@4551159e{s=IDLE rs=BLOCKING os=OPEN is=IDLE awp=false se=false i=true al=0},r=0,c=false/false,a=IDLE,uri=null,age=0}
02:09:59.398 [qtp961160488-20] DEBUG org.eclipse.jetty.io.ManagedSelector - Queued change lazy=false org.eclipse.jetty.io.ChannelEndPoint$$Lambda$255/1830220082@4fa44ca1 on ManagedSelector@316bcf94{STARTED} id=2 keys=1 selected=0 updates=1
02:09:59.398 [qtp961160488-20] DEBUG org.eclipse.jetty.io.ManagedSelector - Wakeup on submit ManagedSelector@316bcf94{STARTED} id=2 keys=1 selected=0 updates=2
02:09:59.398 [qtp961160488-17] DEBUG org.eclipse.jetty.io.ManagedSelector - Selector sun.nio.ch.EPollSelectorImpl@732a981a woken with none selected
02:09:59.398 [qtp961160488-17] DEBUG org.eclipse.jetty.io.ManagedSelector - Selector sun.nio.ch.EPollSelectorImpl@732a981a woken up from select, 0/0/1 selected
02:09:59.398 [qtp961160488-17] DEBUG org.eclipse.jetty.io.ManagedSelector - Selector sun.nio.ch.EPollSelectorImpl@732a981a processing 0 keys, 2 updates
02:09:59.398 [qtp961160488-17] DEBUG org.eclipse.jetty.io.ManagedSelector - updateable 2
02:09:59.398 [qtp961160488-20] DEBUG org.eclipse.jetty.io.ManagedSelector - Created SocketChannelEndPoint@2a97e5ee{l=/127.0.0.1:35601,r=/127.0.0.1:47014,OPEN,fill=FI,flush=-,to=0/3000}{io=0/1,kio=0,kro=0}->HttpConnection@796e3ec9[p=HttpParser{s=START,0 of -1},g=HttpGenerator@a04a3c3{s=START}]=>HttpChannelOverHttp@1bffabd7{s=HttpChannelState@4551159e{s=IDLE rs=BLOCKING os=OPEN is=IDLE awp=false se=false i=true al=0},r=0,c=false/false,a=IDLE,uri=null,age=0}
02:09:59.398 [qtp961160488-17] DEBUG org.eclipse.jetty.io.ManagedSelector - update org.eclipse.jetty.io.ManagedSelector$$Lambda$258/615682846@6cc31c9f
02:09:59.398 [qtp961160488-17] DEBUG org.eclipse.jetty.io.ManagedSelector - update org.eclipse.jetty.io.ChannelEndPoint$$Lambda$255/1830220082@4fa44ca1
02:09:59.398 [qtp961160488-20] DEBUG org.eclipse.jetty.util.thread.QueuedThreadPool - ran Accept@1797ddff[java.nio.channels.SocketChannel[connected local=/127.0.0.1:35601 remote=/127.0.0.1:47014]] in QueuedThreadPool[qtp961160488]@394a2528{STARTED,8<=8<=200,i=1,r=-1,q=0}[ReservedThreadExecutor@383bfa16{reserved=1/8,pending=0}]
02:09:59.398 [qtp961160488-17] DEBUG org.eclipse.jetty.io.ChannelEndPoint - Key interests updated 0 -> 1 on SocketChannelEndPoint@2a97e5ee{l=/127.0.0.1:35601,r=/127.0.0.1:47014,OPEN,fill=FI,flush=-,to=0/3000}{io=1/1,kio=1,kro=0}->HttpConnection@796e3ec9[p=HttpParser{s=START,0 of -1},g=HttpGenerator@a04a3c3{s=START}]=>HttpChannelOverHttp@1bffabd7{s=HttpChannelState@4551159e{s=IDLE rs=BLOCKING os=OPEN is=IDLE awp=false se=false i=true al=0},r=0,c=false/false,a=IDLE,uri=null,age=0}
02:09:59.398 [qtp961160488-17] DEBUG org.eclipse.jetty.io.ManagedSelector - updates 0
02:09:59.398 [qtp961160488-17] DEBUG org.eclipse.jetty.io.ManagedSelector - Selector sun.nio.ch.EPollSelectorImpl@732a981a waiting with 1 keys
02:09:59.398 [qtp961160488-17] DEBUG org.eclipse.jetty.io.ManagedSelector - Selector sun.nio.ch.EPollSelectorImpl@732a981a woken up from select, 1/1/1 selected
02:09:59.398 [qtp961160488-17] DEBUG org.eclipse.jetty.io.ManagedSelector - Selector sun.nio.ch.EPollSelectorImpl@732a981a processing 1 keys, 0 updates
02:09:59.398 [qtp961160488-17] DEBUG org.eclipse.jetty.io.ManagedSelector - selected 1 sun.nio.ch.SelectionKeyImpl@7ded680f SocketChannelEndPoint@2a97e5ee{l=/127.0.0.1:35601,r=/127.0.0.1:47014,OPEN,fill=FI,flush=-,to=1/3000}{io=1/1,kio=1,kro=1}->HttpConnection@796e3ec9[p=HttpParser{s=START,0 of -1},g=HttpGenerator@a04a3c3{s=START}]=>HttpChannelOverHttp@1bffabd7{s=HttpChannelState@4551159e{s=IDLE rs=BLOCKING os=OPEN is=IDLE awp=false se=false i=true al=0},r=0,c=false/false,a=IDLE,uri=null,age=0} 
02:09:59.399 [qtp961160488-17] DEBUG org.eclipse.jetty.io.ChannelEndPoint - onSelected 1->0 r=true w=false for SocketChannelEndPoint@2a97e5ee{l=/127.0.0.1:35601,r=/127.0.0.1:47014,OPEN,fill=FI,flush=-,to=1/3000}{io=1/0,kio=1,kro=1}->HttpConnection@796e3ec9[p=HttpParser{s=START,0 of -1},g=HttpGenerator@a04a3c3{s=START}]=>HttpChannelOverHttp@1bffabd7{s=HttpChannelState@4551159e{s=IDLE rs=BLOCKING os=OPEN is=IDLE awp=false se=false i=true al=0},r=0,c=false/false,a=IDLE,uri=null,age=0}
02:09:59.399 [qtp961160488-17] DEBUG org.eclipse.jetty.io.ChannelEndPoint - task CEP:SocketChannelEndPoint@2a97e5ee{l=/127.0.0.1:35601,r=/127.0.0.1:47014,OPEN,fill=FI,flush=-,to=1/3000}{io=1/0,kio=1,kro=1}->HttpConnection@796e3ec9[p=HttpParser{s=START,0 of -1},g=HttpGenerator@a04a3c3{s=START}]=>HttpChannelOverHttp@1bffabd7{s=HttpChannelState@4551159e{s=IDLE rs=BLOCKING os=OPEN is=IDLE awp=false se=false i=true al=0},r=0,c=false/false,a=IDLE,uri=null,age=0}:runFillable:BLOCKING
02:09:59.399 [qtp961160488-17] DEBUG org.eclipse.jetty.util.thread.ReservedThreadExecutor - ReservedThreadExecutor@383bfa16{reserved=1/8,pending=0} tryExecute EatWhatYouKill@ffaa6af/SelectorProducer@53ce1329/PRODUCING/p=false/QueuedThreadPool[qtp961160488]@394a2528{STARTED,8<=8<=200,i=2,r=-1,q=0}[ReservedThreadExecutor@383bfa16{reserved=1/8,pending=0}][pc=0,pic=0,pec=0,epc=0]@2024-05-02T02:09:59.399+01:00
02:09:59.399 [qtp961160488-17] DEBUG org.eclipse.jetty.util.thread.ReservedThreadExecutor - ReservedThreadExecutor@383bfa16{reserved=0/8,pending=1} startReservedThread p=1
02:09:59.399 [qtp961160488-17] DEBUG org.eclipse.jetty.util.thread.QueuedThreadPool - queue ReservedThread@79d2f36a{PENDING,thread=null} startThread=0
02:09:59.399 [qtp961160488-17] DEBUG org.eclipse.jetty.util.thread.strategy.EatWhatYouKill - EatWhatYouKill@ffaa6af/SelectorProducer@53ce1329/IDLE/p=true/QueuedThreadPool[qtp961160488]@394a2528{STARTED,8<=8<=200,i=1,r=-1,q=0}[ReservedThreadExecutor@383bfa16{reserved=0/8,pending=1}][pc=0,pic=0,pec=0,epc=0]@2024-05-02T02:09:59.399+01:00 m=EXECUTE_PRODUCE_CONSUME t=CEP:SocketChannelEndPoint@2a97e5ee{l=/127.0.0.1:35601,r=/127.0.0.1:47014,OPEN,fill=FI,flush=-,to=2/3000}{io=1/0,kio=1,kro=1}->HttpConnection@796e3ec9[p=HttpParser{s=START,0 of -1},g=HttpGenerator@a04a3c3{s=START}]=>HttpChannelOverHttp@1bffabd7{s=HttpChannelState@4551159e{s=IDLE rs=BLOCKING os=OPEN is=IDLE awp=false se=false i=true al=0},r=0,c=false/false,a=IDLE,uri=null,age=0}:runFillable:BLOCKING/BLOCKING
02:09:59.400 [qtp961160488-21] DEBUG org.eclipse.jetty.util.thread.QueuedThreadPool - run ReservedThread@79d2f36a{PENDING,thread=null} in QueuedThreadPool[qtp961160488]@394a2528{STARTED,8<=8<=200,i=1,r=-1,q=0}[ReservedThreadExecutor@383bfa16{reserved=0/8,pending=1}]
02:09:59.400 [qtp961160488-17] DEBUG org.eclipse.jetty.io.FillInterest - fillable FillInterest@4734baf8{AC.ReadCB@796e3ec9{HttpConnection@796e3ec9::SocketChannelEndPoint@2a97e5ee{l=/127.0.0.1:35601,r=/127.0.0.1:47014,OPEN,fill=FI,flush=-,to=2/3000}{io=1/0,kio=1,kro=1}->HttpConnection@796e3ec9[p=HttpParser{s=START,0 of -1},g=HttpGenerator@a04a3c3{s=START}]=>HttpChannelOverHttp@1bffabd7{s=HttpChannelState@4551159e{s=IDLE rs=BLOCKING os=OPEN is=IDLE awp=false se=false i=true al=0},r=0,c=false/false,a=IDLE,uri=null,age=0}}}
02:09:59.400 [qtp961160488-17] DEBUG org.eclipse.jetty.server.HttpConnection - HttpConnection@796e3ec9::SocketChannelEndPoint@2a97e5ee{l=/127.0.0.1:35601,r=/127.0.0.1:47014,OPEN,fill=-,flush=-,to=2/3000}{io=1/0,kio=1,kro=1}->HttpConnection@796e3ec9[p=HttpParser{s=START,0 of -1},g=HttpGenerator@a04a3c3{s=START}]=>HttpChannelOverHttp@1bffabd7{s=HttpChannelState@4551159e{s=IDLE rs=BLOCKING os=OPEN is=IDLE awp=false se=false i=true al=0},r=0,c=false/false,a=IDLE,uri=null,age=0} onFillable enter HttpChannelState@4551159e{s=IDLE rs=BLOCKING os=OPEN is=IDLE awp=false se=false i=true al=0} null
02:09:59.400 [qtp961160488-17] DEBUG org.eclipse.jetty.io.ChannelEndPoint - filled 132 HeapByteBuffer@293c2d56[p=0,l=132,c=8192,r=132]={<<<GET / HTTP/1.1\r\nIf-None-M...gent: okhttp/3.12.3\r\n\r\n>>>ver: Jett...\x00\x00\x00\x00\x00\x00\x00}
02:09:59.400 [qtp961160488-17] DEBUG org.eclipse.jetty.server.HttpConnection - HttpConnection@796e3ec9::SocketChannelEndPoint@2a97e5ee{l=/127.0.0.1:35601,r=/127.0.0.1:47014,OPEN,fill=-,flush=-,to=0/3000}{io=1/0,kio=1,kro=1}->HttpConnection@796e3ec9[p=HttpParser{s=START,0 of -1},g=HttpGenerator@a04a3c3{s=START}]=>HttpChannelOverHttp@1bffabd7{s=HttpChannelState@4551159e{s=IDLE rs=BLOCKING os=OPEN is=IDLE awp=false se=false i=true al=0},r=0,c=false/false,a=IDLE,uri=null,age=0} filled 132 HeapByteBuffer@293c2d56[p=0,l=132,c=8192,r=132]={<<<GET / HTTP/1.1\r\nIf-None-M...gent: okhttp/3.12.3\r\n\r\n>>>ver: Jett...\x00\x00\x00\x00\x00\x00\x00}
02:09:59.401 [qtp961160488-17] DEBUG org.eclipse.jetty.server.HttpConnection - HttpConnection@796e3ec9::SocketChannelEndPoint@2a97e5ee{l=/127.0.0.1:35601,r=/127.0.0.1:47014,OPEN,fill=-,flush=-,to=0/3000}{io=1/0,kio=1,kro=1}->HttpConnection@796e3ec9[p=HttpParser{s=START,0 of -1},g=HttpGenerator@a04a3c3{s=START}]=>HttpChannelOverHttp@1bffabd7{s=HttpChannelState@4551159e{s=IDLE rs=BLOCKING os=OPEN is=IDLE awp=false se=false i=true al=0},r=0,c=false/false,a=IDLE,uri=null,age=0} parse HeapByteBuffer@293c2d56[p=0,l=132,c=8192,r=132]={<<<GET / HTTP/1.1\r\nIf-None-M...gent: okhttp/3.12.3\r\n\r\n>>>ver: Jett...\x00\x00\x00\x00\x00\x00\x00} {}
02:09:59.401 [qtp961160488-17] DEBUG org.eclipse.jetty.http.HttpParser - parseNext s=START HeapByteBuffer@293c2d56[p=0,l=132,c=8192,r=132]={<<<GET / HTTP/1.1\r\nIf-None-M...gent: okhttp/3.12.3\r\n\r\n>>>ver: Jett...\x00\x00\x00\x00\x00\x00\x00}
02:09:59.401 [qtp961160488-17] DEBUG org.eclipse.jetty.http.HttpParser - START --> SPACE1
02:09:59.401 [qtp961160488-17] DEBUG org.eclipse.jetty.http.HttpParser - SPACE1 --> URI
02:09:59.401 [qtp961160488-17] DEBUG org.eclipse.jetty.http.HttpParser - URI --> SPACE2
02:09:59.401 [qtp961160488-17] DEBUG org.eclipse.jetty.http.HttpParser - SPACE2 --> REQUEST_VERSION
02:09:59.401 [qtp961160488-17] DEBUG org.eclipse.jetty.http.HttpParser - REQUEST_VERSION --> HEADER
02:09:59.401 [qtp961160488-22] DEBUG org.eclipse.jetty.util.thread.ReservedThreadExecutor - ReservedThread@3a785ce6{RESERVED,thread=Thread[qtp961160488-22,5,main]} task=EatWhatYouKill@ffaa6af/SelectorProducer@53ce1329/IDLE/p=true/QueuedThreadPool[qtp961160488]@394a2528{STARTED,8<=8<=200,i=1,r=-1,q=0}[ReservedThreadExecutor@383bfa16{reserved=1/8,pending=0}][pc=0,pic=0,pec=0,epc=1]@2024-05-02T02:09:59.401+01:00 ReservedThreadExecutor@383bfa16{reserved=1/8,pending=0}
02:09:59.401 [qtp961160488-17] DEBUG org.eclipse.jetty.http.HttpParser - HEADER:If-None-Match --> VALUE
02:09:59.401 [qtp961160488-17] DEBUG org.eclipse.jetty.http.HttpParser - HEADER:If-None-Match --> FIELD
02:09:59.401 [qtp961160488-17] DEBUG org.eclipse.jetty.http.HttpParser - HEADER:Host --> VALUE
02:09:59.401 [qtp961160488-17] DEBUG org.eclipse.jetty.http.HttpParser - HEADER:Host --> IN_VALUE
02:09:59.401 [qtp961160488-17] DEBUG org.eclipse.jetty.http.HttpParser - HEADER:Host --> FIELD
02:09:59.401 [qtp961160488-22] DEBUG org.eclipse.jetty.util.thread.strategy.EatWhatYouKill - EatWhatYouKill@ffaa6af/SelectorProducer@53ce1329/IDLE/p=true/QueuedThreadPool[qtp961160488]@394a2528{STARTED,8<=8<=200,i=1,r=-1,q=0}[ReservedThreadExecutor@383bfa16{reserved=1/8,pending=0}][pc=0,pic=0,pec=0,epc=1]@2024-05-02T02:09:59.401+01:00 tryProduce true
02:09:59.400 [qtp961160488-21] DEBUG org.eclipse.jetty.util.thread.ReservedThreadExecutor - ReservedThread@79d2f36a{PENDING,thread=Thread[qtp961160488-21,5,main]} was=PENDING next=RESERVED size=0+1 capacity=8
02:09:59.401 [qtp961160488-22] DEBUG org.eclipse.jetty.io.ManagedSelector - updateable 0
02:09:59.401 [qtp961160488-22] DEBUG org.eclipse.jetty.io.ManagedSelector - updates 0
02:09:59.401 [qtp961160488-21] DEBUG org.eclipse.jetty.util.thread.ReservedThreadExecutor - ReservedThread@79d2f36a{RESERVED,thread=Thread[qtp961160488-21,5,main]} waiting ReservedThreadExecutor@383bfa16{reserved=1/8,pending=0}
02:09:59.401 [qtp961160488-17] DEBUG org.eclipse.jetty.http.HttpParser - HEADER:Connection: keep-alive --> IN_VALUE
02:09:59.401 [qtp961160488-17] DEBUG org.eclipse.jetty.http.HttpParser - HEADER:Connection: keep-alive --> FIELD
02:09:59.401 [qtp961160488-17] DEBUG org.eclipse.jetty.http.HttpParser - HEADER:Accept-Encoding: gzip --> IN_VALUE
02:09:59.401 [qtp961160488-22] DEBUG org.eclipse.jetty.io.ChannelEndPoint - Key interests updated 1 -> 0 on SocketChannelEndPoint@2a97e5ee{l=/127.0.0.1:35601,r=/127.0.0.1:47014,OPEN,fill=-,flush=-,to=1/3000}{io=0/0,kio=0,kro=1}->HttpConnection@796e3ec9[p=HttpParser{s=HEADER,0 of -1},g=HttpGenerator@a04a3c3{s=START}]=>HttpChannelOverHttp@1bffabd7{s=HttpChannelState@4551159e{s=IDLE rs=BLOCKING os=OPEN is=IDLE awp=false se=false i=true al=0},r=0,c=false/false,a=IDLE,uri=null,age=0}
02:09:59.401 [qtp961160488-17] DEBUG org.eclipse.jetty.http.HttpParser - HEADER:Accept-Encoding: gzip --> FIELD
02:09:59.401 [qtp961160488-22] DEBUG org.eclipse.jetty.io.ManagedSelector - Selector sun.nio.ch.EPollSelectorImpl@732a981a waiting with 1 keys
02:09:59.401 [qtp961160488-17] DEBUG org.eclipse.jetty.http.HttpParser - HEADER:User-Agent --> VALUE
02:09:59.401 [qtp961160488-17] DEBUG org.eclipse.jetty.http.HttpParser - HEADER:User-Agent --> IN_VALUE
02:09:59.401 [qtp961160488-17] DEBUG org.eclipse.jetty.http.HttpParser - HEADER:User-Agent --> FIELD
02:09:59.402 [qtp961160488-17] DEBUG org.eclipse.jetty.http.HttpParser - HEADER --> CONTENT
02:09:59.402 [qtp961160488-17] DEBUG org.eclipse.jetty.server.HttpChannel - REQUEST for //localhost:35601/ on HttpChannelOverHttp@1bffabd7{s=HttpChannelState@4551159e{s=IDLE rs=BLOCKING os=OPEN is=IDLE awp=false se=false i=true al=0},r=1,c=false/false,a=IDLE,uri=//localhost:35601/,age=0}
GET //localhost:35601/ HTTP/1.1
If-None-Match: 
Host: localhost:35601
Connection: keep-alive
Accept-Encoding: gzip
User-Agent: okhttp/3.12.3


02:09:59.402 [qtp961160488-17] DEBUG org.eclipse.jetty.server.HttpConnection - HttpConnection@796e3ec9::SocketChannelEndPoint@2a97e5ee{l=/127.0.0.1:35601,r=/127.0.0.1:47014,OPEN,fill=-,flush=-,to=1/3000}{io=0/0,kio=0,kro=1}->HttpConnection@796e3ec9[p=HttpParser{s=CONTENT,0 of -1},g=HttpGenerator@a04a3c3{s=START}]=>HttpChannelOverHttp@1bffabd7{s=HttpChannelState@4551159e{s=IDLE rs=BLOCKING os=OPEN is=IDLE awp=false se=false i=true al=0},r=1,c=false/false,a=IDLE,uri=//localhost:35601/,age=0} parsed true HttpParser{s=CONTENT,0 of -1}
02:09:59.402 [qtp961160488-17] DEBUG org.eclipse.jetty.server.HttpConnection - releaseRequestBuffer HttpConnection@796e3ec9::SocketChannelEndPoint@2a97e5ee{l=/127.0.0.1:35601,r=/127.0.0.1:47014,OPEN,fill=-,flush=-,to=1/3000}{io=0/0,kio=0,kro=1}->HttpConnection@796e3ec9[p=HttpParser{s=CONTENT,0 of -1},g=HttpGenerator@a04a3c3{s=START}]=>HttpChannelOverHttp@1bffabd7{s=HttpChannelState@4551159e{s=IDLE rs=BLOCKING os=OPEN is=IDLE awp=false se=false i=true al=0},r=1,c=false/false,a=IDLE,uri=//localhost:35601/,age=0}
02:09:59.402 [qtp961160488-17] DEBUG org.eclipse.jetty.server.HttpChannel - handle //localhost:35601/ HttpChannelOverHttp@1bffabd7{s=HttpChannelState@4551159e{s=IDLE rs=BLOCKING os=OPEN is=IDLE awp=false se=false i=true al=0},r=1,c=false/false,a=IDLE,uri=//localhost:35601/,age=0} 
02:09:59.402 [qtp961160488-17] DEBUG org.eclipse.jetty.server.HttpChannelState - handling HttpChannelState@4551159e{s=IDLE rs=BLOCKING os=OPEN is=IDLE awp=false se=false i=true al=0}
02:09:59.402 [qtp961160488-17] DEBUG org.eclipse.jetty.server.HttpChannel - action DISPATCH HttpChannelOverHttp@1bffabd7{s=HttpChannelState@4551159e{s=HANDLING rs=BLOCKING os=OPEN is=IDLE awp=false se=false i=true al=0},r=1,c=false/false,a=HANDLING,uri=//localhost:35601/,age=0}
02:09:59.403 [qtp961160488-17] DEBUG org.eclipse.jetty.server.Server - REQUEST GET / on HttpChannelOverHttp@1bffabd7{s=HttpChannelState@4551159e{s=HANDLING rs=BLOCKING os=OPEN is=IDLE awp=false se=false i=true al=0},r=1,c=false/false,a=HANDLING,uri=//localhost:35601/,age=0}
02:09:59.403 [qtp961160488-17] DEBUG org.eclipse.jetty.server.HttpOutput - write(array HeapByteBuffer@3cd06234[p=0,l=4,c=512,r=4]={<<<test>>>\x00\x00\x00\x00\x00\x00\x00\x00\x00...\x00\x00\x00\x00\x00\x00\x00})
02:09:59.403 [qtp961160488-17] DEBUG org.eclipse.jetty.server.HttpOutput - write(array) s=CLOSING,api=BLOCKED,sc=false,e=null last=true agg=false flush=true async=false, len=4 null
02:09:59.403 [qtp961160488-17] DEBUG org.eclipse.jetty.server.HttpChannel - sendResponse info=null content=HeapByteBuffer@1b1dd7fc[p=0,l=4,c=512,r=4]={<<<test>>>\x00\x00\x00\x00\x00\x00\x00\x00\x00...\x00\x00\x00\x00\x00\x00\x00} complete=true committing=true callback=Blocker@d267980{null}
02:09:59.403 [qtp961160488-17] DEBUG org.eclipse.jetty.server.HttpChannel - COMMIT for / on HttpChannelOverHttp@1bffabd7{s=HttpChannelState@4551159e{s=HANDLING rs=BLOCKING os=COMMITTED is=IDLE awp=false se=false i=true al=0},r=1,c=false/false,a=HANDLING,uri=//localhost:35601/,age=1}
200 null HTTP/1.1
Date: Thu, 02 May 2024 01:09:59 GMT
ETag: testEtag
Content-Type: text/plain;charset=utf-8
Content-Length: 4


02:09:59.403 [qtp961160488-17] DEBUG org.eclipse.jetty.server.HttpConnection - generate: NEED_HEADER for SendCallback@630192ed[PROCESSING][i=HTTP/1.1{s=200,h=4,cl=4},cb=org.eclipse.jetty.server.HttpChannel$SendCallback@5cff9d7b] (null,[p=0,l=4,c=512,r=4],true)@START
02:09:59.403 [qtp961160488-17] DEBUG org.eclipse.jetty.http.HttpGenerator - generateHeaders HTTP/1.1{s=200,h=4,cl=4} last=true content=HeapByteBuffer@1b1dd7fc[p=0,l=4,c=512,r=4]={<<<test>>>\x00\x00\x00\x00\x00\x00\x00\x00\x00...\x00\x00\x00\x00\x00\x00\x00}
02:09:59.403 [qtp961160488-17] DEBUG org.eclipse.jetty.http.HttpGenerator - Date: Thu, 02 May 2024 01:09:59 GMT
ETag: testEtag
Content-Type: text/plain;charset=utf-8
Content-Length: 4


02:09:59.403 [qtp961160488-17] DEBUG org.eclipse.jetty.http.HttpGenerator - CONTENT_LENGTH
02:09:59.403 [qtp961160488-17] DEBUG org.eclipse.jetty.server.HttpConnection - generate: FLUSH for SendCallback@630192ed[PROCESSING][i=HTTP/1.1{s=200,h=4,cl=4},cb=org.eclipse.jetty.server.HttpChannel$SendCallback@5cff9d7b] ([p=0,l=164,c=8192,r=164],[p=0,l=4,c=512,r=4],true)@COMPLETING
02:09:59.403 [qtp961160488-17] DEBUG org.eclipse.jetty.io.WriteFlusher - write: WriteFlusher@2928032f{IDLE}->null [HeapByteBuffer@293c2d56[p=0,l=164,c=8192,r=164]={<<<HTTP/1.1 200 OK\r\nDate: Th...y(9.4.44.v20210927)\r\n\r\n>>>\x00\x00\x00\x00\x00\x00\x00\x00\x00...\x00\x00\x00\x00\x00\x00\x00},HeapByteBuffer@1b1dd7fc[p=0,l=4,c=512,r=4]={<<<test>>>\x00\x00\x00\x00\x00\x00\x00\x00\x00...\x00\x00\x00\x00\x00\x00\x00}]
02:09:59.403 [qtp961160488-17] DEBUG org.eclipse.jetty.io.WriteFlusher - update WriteFlusher@2928032f{WRITING}->null:IDLE-->WRITING
02:09:59.404 [qtp961160488-17] DEBUG org.eclipse.jetty.io.ChannelEndPoint - flushed 168 SocketChannelEndPoint@2a97e5ee{l=/127.0.0.1:35601,r=/127.0.0.1:47014,OPEN,fill=-,flush=W,to=3/3000}{io=0/0,kio=0,kro=1}->HttpConnection@796e3ec9[p=HttpParser{s=CONTENT,0 of -1},g=HttpGenerator@a04a3c3{s=COMPLETING}]=>HttpChannelOverHttp@1bffabd7{s=HttpChannelState@4551159e{s=HANDLING rs=BLOCKING os=COMMITTED is=IDLE awp=false se=false i=true al=0},r=1,c=false/false,a=HANDLING,uri=//localhost:35601/,age=2}
02:09:59.404 [qtp961160488-17] DEBUG org.eclipse.jetty.io.WriteFlusher - Flushed=true written=168 remaining=0 WriteFlusher@2928032f{WRITING}->null
02:09:59.404 [qtp961160488-17] DEBUG org.eclipse.jetty.io.WriteFlusher - update WriteFlusher@2928032f{IDLE}->null:WRITING-->IDLE
02:09:59.404 [qtp961160488-17] DEBUG org.eclipse.jetty.server.HttpConnection - generate: DONE for SendCallback@630192ed[PROCESSING][i=HTTP/1.1{s=200,h=4,cl=4},cb=org.eclipse.jetty.server.HttpChannel$SendCallback@5cff9d7b] ([p=164,l=164,c=8192,r=0],[p=4,l=4,c=512,r=0],true)@END
02:09:59.404 [main] DEBUG org.apache.nifi.minifi.bootstrap.configuration.ingestors.PullHttpChangeIngestor - Response received: Response{protocol=http/1.1, code=200, message=OK, url=http://localhost:35601/}
02:09:59.404 [qtp961160488-17] DEBUG org.eclipse.jetty.server.HttpOutput - onWriteComplete(true,null) s=CLOSING,api=BLOCKED,sc=false,e=null->s=CLOSED,api=BLOCKING,sc=false,e=null c=null cb=null w=false
02:09:59.404 [qtp961160488-17] DEBUG org.eclipse.jetty.server.HttpOutput - close() s=CLOSED,api=BLOCKING,sc=false,e=null c=null b=null
02:09:59.404 [main] DEBUG org.apache.nifi.minifi.bootstrap.configuration.ingestors.PullHttpChangeIngestor - New change received, notifying listener
02:09:59.404 [qtp961160488-17] DEBUG org.eclipse.jetty.server.Server - handled=true async=false committed=true on HttpChannelOverHttp@1bffabd7{s=HttpChannelState@4551159e{s=HANDLING rs=BLOCKING os=COMPLETED is=IDLE awp=false se=false i=true al=0},r=1,c=false/true,a=HANDLING,uri=//localhost:35601/,age=2}
02:09:59.404 [qtp961160488-17] DEBUG org.eclipse.jetty.server.HttpChannelState - unhandle HttpChannelState@4551159e{s=HANDLING rs=BLOCKING os=COMPLETED is=IDLE awp=false se=false i=true al=0}
02:09:59.404 [main] DEBUG org.apache.nifi.minifi.bootstrap.configuration.ingestors.PullHttpChangeIngestor - Listeners notified
02:09:59.404 [qtp961160488-17] DEBUG org.eclipse.jetty.server.HttpChannelState - nextAction(false) COMPLETE HttpChannelState@4551159e{s=HANDLING rs=COMPLETING os=COMPLETED is=IDLE awp=false se=false i=false al=0}
02:09:59.405 [qtp961160488-17] DEBUG org.eclipse.jetty.server.HttpChannel - action COMPLETE HttpChannelOverHttp@1bffabd7{s=HttpChannelState@4551159e{s=HANDLING rs=COMPLETING os=COMPLETED is=IDLE awp=false se=false i=false al=0},r=1,c=false/true,a=HANDLING,uri=//localhost:35601/,age=3}
02:09:59.405 [main] DEBUG org.apache.nifi.minifi.bootstrap.configuration.ingestors.PullHttpChangeIngestor - Attempting to pull new config
02:09:59.405 [qtp961160488-17] DEBUG org.eclipse.jetty.server.HttpOutput - complete(org.eclipse.jetty.util.Callback$3@17fc95f3) s=CLOSED,api=BLOCKING,sc=false,e=null s=true e=null, c=null
02:09:59.405 [qtp961160488-17] DEBUG org.eclipse.jetty.server.HttpChannelState - completed HttpChannelState@4551159e{s=HANDLING rs=COMPLETING os=COMPLETED is=IDLE awp=false se=false i=false al=0}
02:09:59.405 [qtp961160488-17] DEBUG org.eclipse.jetty.server.HttpChannelState - unhandle HttpChannelState@4551159e{s=HANDLING rs=COMPLETED os=COMPLETED is=IDLE awp=false se=false i=false al=0}
02:09:59.405 [qtp961160488-17] DEBUG org.eclipse.jetty.server.HttpChannelState - nextAction(false) TERMINATED HttpChannelState@4551159e{s=IDLE rs=COMPLETED os=COMPLETED is=IDLE awp=false se=false i=false al=0}
02:09:59.405 [qtp961160488-17] DEBUG org.eclipse.jetty.server.HttpChannel - action TERMINATED HttpChannelOverHttp@1bffabd7{s=HttpChannelState@4551159e{s=IDLE rs=COMPLETED os=COMPLETED is=IDLE awp=false se=false i=false al=0},r=1,c=true/true,a=IDLE,uri=//localhost:35601/,age=3}
02:09:59.405 [qtp961160488-17] DEBUG org.eclipse.jetty.server.HttpChannel - onCompleted for / written=4
02:09:59.405 [qtp961160488-17] DEBUG org.eclipse.jetty.io.ChannelEndPoint - filled 0 HeapByteBuffer@293c2d56[p=0,l=0,c=8192,r=0]={<<<>>>HTTP/1.1 ...\x00\x00\x00\x00\x00\x00\x00}
02:09:59.405 [qtp961160488-17] DEBUG org.eclipse.jetty.io.ChannelEndPoint - filled 0 HeapByteBuffer@293c2d56[p=0,l=0,c=8192,r=0]={<<<>>>HTTP/1.1 ...\x00\x00\x00\x00\x00\x00\x00}
02:09:59.406 [qtp961160488-17] DEBUG org.eclipse.jetty.server.HttpConnection - HttpConnection@796e3ec9::SocketChannelEndPoint@2a97e5ee{l=/127.0.0.1:35601,r=/127.0.0.1:47014,OPEN,fill=-,flush=-,to=1/3000}{io=0/0,kio=0,kro=1}->HttpConnection@796e3ec9[p=HttpParser{s=CONTENT,0 of -1},g=HttpGenerator@a04a3c3{s=END}]=>HttpChannelOverHttp@1bffabd7{s=HttpChannelState@4551159e{s=IDLE rs=COMPLETED os=COMPLETED is=IDLE awp=false se=false i=false al=0},r=1,c=true/true,a=IDLE,uri=//localhost:35601/,age=4} filled 0 HeapByteBuffer@293c2d56[p=0,l=0,c=8192,r=0]={<<<>>>HTTP/1.1 ...\x00\x00\x00\x00\x00\x00\x00}
02:09:59.406 [qtp961160488-17] DEBUG org.eclipse.jetty.server.HttpConnection - HttpConnection@796e3ec9::SocketChannelEndPoint@2a97e5ee{l=/127.0.0.1:35601,r=/127.0.0.1:47014,OPEN,fill=-,flush=-,to=1/3000}{io=0/0,kio=0,kro=1}->HttpConnection@796e3ec9[p=HttpParser{s=CONTENT,0 of -1},g=HttpGenerator@a04a3c3{s=END}]=>HttpChannelOverHttp@1bffabd7{s=HttpChannelState@4551159e{s=IDLE rs=COMPLETED os=COMPLETED is=IDLE awp=false se=false i=false al=0},r=1,c=true/true,a=IDLE,uri=//localhost:35601/,age=4} parse HeapByteBuffer@293c2d56[p=0,l=0,c=8192,r=0]={<<<>>>HTTP/1.1 ...\x00\x00\x00\x00\x00\x00\x00} {}
02:09:59.406 [qtp961160488-17] DEBUG org.eclipse.jetty.http.HttpParser - parseNext s=CONTENT HeapByteBuffer@293c2d56[p=0,l=0,c=8192,r=0]={<<<>>>HTTP/1.1 ...\x00\x00\x00\x00\x00\x00\x00}
02:09:59.406 [qtp961160488-17] DEBUG org.eclipse.jetty.http.HttpParser - CONTENT --> CONTENT_END
02:09:59.406 [qtp961160488-17] DEBUG org.eclipse.jetty.server.HttpChannel - onContentComplete HttpChannelOverHttp@1bffabd7{s=HttpChannelState@4551159e{s=IDLE rs=COMPLETED os=COMPLETED is=IDLE awp=false se=false i=false al=0},r=1,c=true/true,a=IDLE,uri=//localhost:35601/,age=4}
02:09:59.406 [qtp961160488-17] DEBUG org.eclipse.jetty.http.HttpParser - CONTENT_END --> END
02:09:59.406 [qtp961160488-17] DEBUG org.eclipse.jetty.server.HttpChannel - onRequestComplete HttpChannelOverHttp@1bffabd7{s=HttpChannelState@4551159e{s=IDLE rs=COMPLETED os=COMPLETED is=IDLE awp=false se=false i=false al=0},r=1,c=true/true,a=IDLE,uri=//localhost:35601/,age=4}
02:09:59.406 [qtp961160488-17] DEBUG org.eclipse.jetty.server.HttpInput - HttpInputOverHTTP@7805fb1b[c=0,q=0,[0]=null,s=STREAM] addContent EOF
02:09:59.406 [qtp961160488-17] DEBUG org.eclipse.jetty.server.HttpConnection - HttpConnection@796e3ec9::SocketChannelEndPoint@2a97e5ee{l=/127.0.0.1:35601,r=/127.0.0.1:47014,OPEN,fill=-,flush=-,to=2/3000}{io=0/0,kio=0,kro=1}->HttpConnection@796e3ec9[p=HttpParser{s=END,0 of -1},g=HttpGenerator@a04a3c3{s=END}]=>HttpChannelOverHttp@1bffabd7{s=HttpChannelState@4551159e{s=IDLE rs=COMPLETED os=COMPLETED is=IDLE awp=false se=false i=false al=0},r=1,c=true/true,a=IDLE,uri=//localhost:35601/,age=4} parsed false HttpParser{s=END,0 of -1}
02:09:59.406 [qtp961160488-17] DEBUG org.eclipse.jetty.server.HttpConnection - releaseRequestBuffer HttpConnection@796e3ec9::SocketChannelEndPoint@2a97e5ee{l=/127.0.0.1:35601,r=/127.0.0.1:47014,OPEN,fill=-,flush=-,to=2/3000}{io=0/0,kio=0,kro=1}->HttpConnection@796e3ec9[p=HttpParser{s=END,0 of -1},g=HttpGenerator@a04a3c3{s=END}]=>HttpChannelOverHttp@1bffabd7{s=HttpChannelState@4551159e{s=IDLE rs=COMPLETED os=COMPLETED is=IDLE awp=false se=false i=false al=0},r=1,c=true/true,a=IDLE,uri=//localhost:35601/,age=4}
02:09:59.406 [qtp961160488-17] DEBUG org.eclipse.jetty.server.HttpChannelState - recycle HttpChannelState@4551159e{s=IDLE rs=COMPLETED os=COMPLETED is=IDLE awp=false se=false i=false al=0}
02:09:59.406 [qtp961160488-17] DEBUG org.eclipse.jetty.http.HttpParser - reset HttpParser{s=END,0 of -1}
02:09:59.406 [qtp961160488-17] DEBUG org.eclipse.jetty.http.HttpParser - END --> START
02:09:59.406 [qtp961160488-17] DEBUG org.eclipse.jetty.server.HttpChannel - !handle TERMINATED HttpChannelOverHttp@1bffabd7{s=HttpChannelState@4551159e{s=IDLE rs=BLOCKING os=OPEN is=IDLE awp=false se=false i=true al=0},r=1,c=false/false,a=IDLE,uri=null,age=0}
02:09:59.406 [qtp961160488-17] DEBUG org.eclipse.jetty.io.ChannelEndPoint - filled 142 HeapByteBuffer@293c2d56[p=0,l=142,c=8192,r=142]={<<<GET / HTTP/1.1\r\nIf-None-M...gent: okhttp/3.12.3\r\n\r\n>>>(9.4.44.v...\x00\x00\x00\x00\x00\x00\x00}
02:09:59.407 [qtp961160488-17] DEBUG org.eclipse.jetty.server.HttpConnection - HttpConnection@796e3ec9::SocketChannelEndPoint@2a97e5ee{l=/127.0.0.1:35601,r=/127.0.0.1:47014,OPEN,fill=-,flush=-,to=0/3000}{io=0/0,kio=0,kro=1}->HttpConnection@796e3ec9[p=HttpParser{s=START,0 of -1},g=HttpGenerator@a04a3c3{s=START}]=>HttpChannelOverHttp@1bffabd7{s=HttpChannelState@4551159e{s=IDLE rs=BLOCKING os=OPEN is=IDLE awp=false se=false i=true al=0},r=1,c=false/false,a=IDLE,uri=null,age=0} filled 142 HeapByteBuffer@293c2d56[p=0,l=142,c=8192,r=142]={<<<GET / HTTP/1.1\r\nIf-None-M...gent: okhttp/3.12.3\r\n\r\n>>>(9.4.44.v...\x00\x00\x00\x00\x00\x00\x00}
02:09:59.407 [qtp961160488-17] DEBUG org.eclipse.jetty.server.HttpConnection - HttpConnection@796e3ec9::SocketChannelEndPoint@2a97e5ee{l=/127.0.0.1:35601,r=/127.0.0.1:47014,OPEN,fill=-,flush=-,to=0/3000}{io=0/0,kio=0,kro=1}->HttpConnection@796e3ec9[p=HttpParser{s=START,0 of -1},g=HttpGenerator@a04a3c3{s=START}]=>HttpChannelOverHttp@1bffabd7{s=HttpChannelState@4551159e{s=IDLE rs=BLOCKING os=OPEN is=IDLE awp=false se=false i=true al=0},r=1,c=false/false,a=IDLE,uri=null,age=0} parse HeapByteBuffer@293c2d56[p=0,l=142,c=8192,r=142]={<<<GET / HTTP/1.1\r\nIf-None-M...gent: okhttp/3.12.3\r\n\r\n>>>(9.4.44.v...\x00\x00\x00\x00\x00\x00\x00} {}
02:09:59.407 [qtp961160488-17] DEBUG org.eclipse.jetty.http.HttpParser - parseNext s=START HeapByteBuffer@293c2d56[p=0,l=142,c=8192,r=142]={<<<GET / HTTP/1.1\r\nIf-None-M...gent: okhttp/3.12.3\r\n\r\n>>>(9.4.44.v...\x00\x00\x00\x00\x00\x00\x00}
02:09:59.407 [qtp961160488-17] DEBUG org.eclipse.jetty.http.HttpParser - START --> SPACE1
02:09:59.407 [qtp961160488-17] DEBUG org.eclipse.jetty.http.HttpParser - SPACE1 --> URI
02:09:59.407 [qtp961160488-17] DEBUG org.eclipse.jetty.http.HttpParser - URI --> SPACE2
02:09:59.407 [qtp961160488-17] DEBUG org.eclipse.jetty.http.HttpParser - SPACE2 --> REQUEST_VERSION
02:09:59.407 [qtp961160488-17] DEBUG org.eclipse.jetty.http.HttpParser - REQUEST_VERSION --> HEADER
02:09:59.407 [qtp961160488-17] DEBUG org.eclipse.jetty.http.HttpParser - HEADER:If-None-Match --> VALUE
02:09:59.407 [qtp961160488-17] DEBUG org.eclipse.jetty.http.HttpParser - HEADER:If-None-Match --> IN_VALUE
02:09:59.407 [qtp961160488-17] DEBUG org.eclipse.jetty.http.HttpParser - HEADER:If-None-Match --> FIELD
02:09:59.407 [qtp961160488-17] DEBUG org.eclipse.jetty.http.HttpParser - HEADER:Host: localhost:35601 --> IN_VALUE
02:09:59.407 [qtp961160488-17] DEBUG org.eclipse.jetty.http.HttpParser - HEADER:Host: localhost:35601 --> FIELD
02:09:59.407 [qtp961160488-17] DEBUG org.eclipse.jetty.http.HttpParser - HEADER:Connection: keep-alive --> IN_VALUE
02:09:59.407 [qtp961160488-17] DEBUG org.eclipse.jetty.http.HttpParser - HEADER:Connection: keep-alive --> FIELD
02:09:59.407 [qtp961160488-17] DEBUG org.eclipse.jetty.http.HttpParser - HEADER:Accept-Encoding: gzip --> IN_VALUE
02:09:59.407 [qtp961160488-17] DEBUG org.eclipse.jetty.http.HttpParser - HEADER:Accept-Encoding: gzip --> FIELD
02:09:59.407 [qtp961160488-17] DEBUG org.eclipse.jetty.http.HttpParser - HEADER:User-Agent: okhttp/3.12.3 --> IN_VALUE
02:09:59.407 [qtp961160488-17] DEBUG org.eclipse.jetty.http.HttpParser - HEADER:User-Agent: okhttp/3.12.3 --> FIELD
02:09:59.407 [qtp961160488-17] DEBUG org.eclipse.jetty.http.HttpParser - HEADER --> CONTENT
02:09:59.407 [qtp961160488-17] DEBUG org.eclipse.jetty.server.HttpChannel - REQUEST for //localhost:35601/ on HttpChannelOverHttp@1bffabd7{s=HttpChannelState@4551159e{s=IDLE rs=BLOCKING os=OPEN is=IDLE awp=false se=false i=true al=0},r=2,c=false/false,a=IDLE,uri=//localhost:35601/,age=0}
GET //localhost:35601/ HTTP/1.1
If-None-Match: "testEtag"
Host: localhost:35601
Connection: keep-alive
Accept-Encoding: gzip
User-Agent: okhttp/3.12.3


02:09:59.407 [qtp961160488-17] DEBUG org.eclipse.jetty.server.HttpConnection - HttpConnection@796e3ec9::SocketChannelEndPoint@2a97e5ee{l=/127.0.0.1:35601,r=/127.0.0.1:47014,OPEN,fill=-,flush=-,to=0/3000}{io=0/0,kio=0,kro=1}->HttpConnection@796e3ec9[p=HttpParser{s=CONTENT,0 of -1},g=HttpGenerator@a04a3c3{s=START}]=>HttpChannelOverHttp@1bffabd7{s=HttpChannelState@4551159e{s=IDLE rs=BLOCKING os=OPEN is=IDLE awp=false se=false i=true al=0},r=2,c=false/false,a=IDLE,uri=//localhost:35601/,age=0} parsed true HttpParser{s=CONTENT,0 of -1}
02:09:59.407 [qtp961160488-17] DEBUG org.eclipse.jetty.server.HttpConnection - releaseRequestBuffer HttpConnection@796e3ec9::SocketChannelEndPoint@2a97e5ee{l=/127.0.0.1:35601,r=/127.0.0.1:47014,OPEN,fill=-,flush=-,to=0/3000}{io=0/0,kio=0,kro=1}->HttpConnection@796e3ec9[p=HttpParser{s=CONTENT,0 of -1},g=HttpGenerator@a04a3c3{s=START}]=>HttpChannelOverHttp@1bffabd7{s=HttpChannelState@4551159e{s=IDLE rs=BLOCKING os=OPEN is=IDLE awp=false se=false i=true al=0},r=2,c=false/false,a=IDLE,uri=//localhost:35601/,age=0}
02:09:59.407 [qtp961160488-17] DEBUG org.eclipse.jetty.server.HttpChannel - handle //localhost:35601/ HttpChannelOverHttp@1bffabd7{s=HttpChannelState@4551159e{s=IDLE rs=BLOCKING os=OPEN is=IDLE awp=false se=false i=true al=0},r=2,c=false/false,a=IDLE,uri=//localhost:35601/,age=0} 
02:09:59.407 [qtp961160488-17] DEBUG org.eclipse.jetty.server.HttpChannelState - handling HttpChannelState@4551159e{s=IDLE rs=BLOCKING os=OPEN is=IDLE awp=false se=false i=true al=0}
02:09:59.407 [qtp961160488-17] DEBUG org.eclipse.jetty.server.HttpChannel - action DISPATCH HttpChannelOverHttp@1bffabd7{s=HttpChannelState@4551159e{s=HANDLING rs=BLOCKING os=OPEN is=IDLE awp=false se=false i=true al=0},r=2,c=false/false,a=HANDLING,uri=//localhost:35601/,age=0}
02:09:59.408 [qtp961160488-17] DEBUG org.eclipse.jetty.server.Server - REQUEST GET / on HttpChannelOverHttp@1bffabd7{s=HttpChannelState@4551159e{s=HANDLING rs=BLOCKING os=OPEN is=IDLE awp=false se=false i=true al=0},r=2,c=false/false,a=HANDLING,uri=//localhost:35601/,age=1}
02:09:59.408 [qtp961160488-17] DEBUG org.eclipse.jetty.server.Server - handled=true async=false committed=false on HttpChannelOverHttp@1bffabd7{s=HttpChannelState@4551159e{s=HANDLING rs=BLOCKING os=OPEN is=IDLE awp=false se=false i=true al=0},r=2,c=false/false,a=HANDLING,uri=//localhost:35601/,age=1}
02:09:59.408 [qtp961160488-17] DEBUG org.eclipse.jetty.server.HttpChannelState - unhandle HttpChannelState@4551159e{s=HANDLING rs=BLOCKING os=OPEN is=IDLE awp=false se=false i=true al=0}
02:09:59.408 [qtp961160488-17] DEBUG org.eclipse.jetty.server.HttpChannelState - nextAction(false) COMPLETE HttpChannelState@4551159e{s=HANDLING rs=COMPLETING os=OPEN is=IDLE awp=false se=false i=false al=0}
02:09:59.408 [qtp961160488-17] DEBUG org.eclipse.jetty.server.HttpChannel - action COMPLETE HttpChannelOverHttp@1bffabd7{s=HttpChannelState@4551159e{s=HANDLING rs=COMPLETING os=OPEN is=IDLE awp=false se=false i=false al=0},r=2,c=false/false,a=HANDLING,uri=//localhost:35601/,age=1}
02:09:59.408 [qtp961160488-17] DEBUG org.eclipse.jetty.io.ChannelEndPoint - filled 0 HeapByteBuffer@293c2d56[p=0,l=0,c=8192,r=0]={<<<>>>GET / HTT...\x00\x00\x00\x00\x00\x00\x00}
02:09:59.408 [qtp961160488-17] DEBUG org.eclipse.jetty.io.ChannelEndPoint - filled 0 HeapByteBuffer@293c2d56[p=0,l=0,c=8192,r=0]={<<<>>>GET / HTT...\x00\x00\x00\x00\x00\x00\x00}
02:09:59.408 [qtp961160488-17] DEBUG org.eclipse.jetty.server.HttpConnection - HttpConnection@796e3ec9::SocketChannelEndPoint@2a97e5ee{l=/127.0.0.1:35601,r=/127.0.0.1:47014,OPEN,fill=-,flush=-,to=1/3000}{io=0/0,kio=0,kro=1}->HttpConnection@796e3ec9[p=HttpParser{s=CONTENT,0 of -1},g=HttpGenerator@a04a3c3{s=START}]=>HttpChannelOverHttp@1bffabd7{s=HttpChannelState@4551159e{s=HANDLING rs=COMPLETING os=OPEN is=IDLE awp=false se=false i=false al=0},r=2,c=false/false,a=HANDLING,uri=//localhost:35601/,age=1} filled 0 HeapByteBuffer@293c2d56[p=0,l=0,c=8192,r=0]={<<<>>>GET / HTT...\x00\x00\x00\x00\x00\x00\x00}
02:09:59.408 [qtp961160488-17] DEBUG org.eclipse.jetty.server.HttpConnection - HttpConnection@796e3ec9::SocketChannelEndPoint@2a97e5ee{l=/127.0.0.1:35601,r=/127.0.0.1:47014,OPEN,fill=-,flush=-,to=1/3000}{io=0/0,kio=0,kro=1}->HttpConnection@796e3ec9[p=HttpParser{s=CONTENT,0 of -1},g=HttpGenerator@a04a3c3{s=START}]=>HttpChannelOverHttp@1bffabd7{s=HttpChannelState@4551159e{s=HANDLING rs=COMPLETING os=OPEN is=IDLE awp=false se=false i=false al=0},r=2,c=false/false,a=HANDLING,uri=//localhost:35601/,age=1} parse HeapByteBuffer@293c2d56[p=0,l=0,c=8192,r=0]={<<<>>>GET / HTT...\x00\x00\x00\x00\x00\x00\x00} {}
02:09:59.408 [qtp961160488-17] DEBUG org.eclipse.jetty.http.HttpParser - parseNext s=CONTENT HeapByteBuffer@293c2d56[p=0,l=0,c=8192,r=0]={<<<>>>GET / HTT...\x00\x00\x00\x00\x00\x00\x00}
02:09:59.408 [qtp961160488-17] DEBUG org.eclipse.jetty.http.HttpParser - CONTENT --> CONTENT_END
02:09:59.408 [qtp961160488-17] DEBUG org.eclipse.jetty.server.HttpChannel - onContentComplete HttpChannelOverHttp@1bffabd7{s=HttpChannelState@4551159e{s=HANDLING rs=COMPLETING os=OPEN is=IDLE awp=false se=false i=false al=0},r=2,c=false/false,a=HANDLING,uri=//localhost:35601/,age=1}
02:09:59.408 [qtp961160488-17] DEBUG org.eclipse.jetty.http.HttpParser - CONTENT_END --> END
02:09:59.408 [qtp961160488-17] DEBUG org.eclipse.jetty.server.HttpChannel - onRequestComplete HttpChannelOverHttp@1bffabd7{s=HttpChannelState@4551159e{s=HANDLING rs=COMPLETING os=OPEN is=IDLE awp=false se=false i=false al=0},r=2,c=false/false,a=HANDLING,uri=//localhost:35601/,age=1}
02:09:59.408 [qtp961160488-17] DEBUG org.eclipse.jetty.server.HttpInput - HttpInputOverHTTP@7805fb1b[c=0,q=0,[0]=null,s=STREAM] addContent EOF
02:09:59.409 [qtp961160488-17] DEBUG org.eclipse.jetty.server.HttpConnection - HttpConnection@796e3ec9::SocketChannelEndPoint@2a97e5ee{l=/127.0.0.1:35601,r=/127.0.0.1:47014,OPEN,fill=-,flush=-,to=2/3000}{io=0/0,kio=0,kro=1}->HttpConnection@796e3ec9[p=HttpParser{s=END,0 of -1},g=HttpGenerator@a04a3c3{s=START}]=>HttpChannelOverHttp@1bffabd7{s=HttpChannelState@4551159e{s=HANDLING rs=COMPLETING os=OPEN is=IDLE awp=false se=false i=false al=0},r=2,c=false/false,a=HANDLING,uri=//localhost:35601/,age=2} parsed false HttpParser{s=END,0 of -1}
02:09:59.409 [qtp961160488-17] DEBUG org.eclipse.jetty.server.HttpConnection - releaseRequestBuffer HttpConnection@796e3ec9::SocketChannelEndPoint@2a97e5ee{l=/127.0.0.1:35601,r=/127.0.0.1:47014,OPEN,fill=-,flush=-,to=2/3000}{io=0/0,kio=0,kro=1}->HttpConnection@796e3ec9[p=HttpParser{s=END,0 of -1},g=HttpGenerator@a04a3c3{s=START}]=>HttpChannelOverHttp@1bffabd7{s=HttpChannelState@4551159e{s=HANDLING rs=COMPLETING os=OPEN is=IDLE awp=false se=false i=false al=0},r=2,c=false/false,a=HANDLING,uri=//localhost:35601/,age=2}
02:09:59.409 [qtp961160488-17] DEBUG org.eclipse.jetty.server.HttpOutput - complete(org.eclipse.jetty.util.Callback$3@31e9f467) s=CLOSING,api=BLOCKED,sc=false,e=null s=false e=null, c=HeapByteBuffer@58b1a525[p=0,l=0,c=0,r=0]={<<<>>>}
02:09:59.410 [qtp961160488-17] DEBUG org.eclipse.jetty.server.HttpChannel - sendResponse info=null content=HeapByteBuffer@58b1a525[p=0,l=0,c=0,r=0]={<<<>>>} complete=true committing=true callback=org.eclipse.jetty.server.HttpOutput$WriteCompleteCB@400e5dc5
02:09:59.410 [qtp961160488-17] DEBUG org.eclipse.jetty.server.HttpChannel - COMMIT for / on HttpChannelOverHttp@1bffabd7{s=HttpChannelState@4551159e{s=HANDLING rs=COMPLETING os=COMMITTED is=IDLE awp=false se=false i=false al=0},r=2,c=false/false,a=HANDLING,uri=//localhost:35601/,age=3}
304 null HTTP/1.1
Date: Thu, 02 May 2024 01:09:59 GMT
ETag: testEtag


02:09:59.410 [qtp961160488-17] DEBUG org.eclipse.jetty.server.HttpConnection - generate: NEED_HEADER for SendCallback@630192ed[PROCESSING][i=HTTP/1.1{s=304,h=2,cl=-1},cb=org.eclipse.jetty.server.HttpChannel$SendCallback@3ebad36f] (null,[p=0,l=0,c=0,r=0],true)@START
02:09:59.410 [qtp961160488-17] DEBUG org.eclipse.jetty.http.HttpGenerator - generateHeaders HTTP/1.1{s=304,h=2,cl=-1} last=true content=HeapByteBuffer@58b1a525[p=0,l=0,c=0,r=0]={<<<>>>}
02:09:59.410 [qtp961160488-17] DEBUG org.eclipse.jetty.http.HttpGenerator - Date: Thu, 02 May 2024 01:09:59 GMT
ETag: testEtag


02:09:59.410 [qtp961160488-17] DEBUG org.eclipse.jetty.http.HttpGenerator - NO_CONTENT
02:09:59.410 [qtp961160488-17] DEBUG org.eclipse.jetty.server.HttpConnection - generate: FLUSH for SendCallback@630192ed[PROCESSING][i=HTTP/1.1{s=304,h=2,cl=-1},cb=org.eclipse.jetty.server.HttpChannel$SendCallback@3ebad36f] ([p=0,l=115,c=8192,r=115],[p=0,l=0,c=0,r=0],true)@COMPLETING
02:09:59.410 [qtp961160488-17] DEBUG org.eclipse.jetty.io.WriteFlusher - write: WriteFlusher@2928032f{IDLE}->null [HeapByteBuffer@293c2d56[p=0,l=115,c=8192,r=115]={<<<HTTP/1.1 304 Not Modified...y(9.4.44.v20210927)\r\n\r\n>>>er-Agent:...\x00\x00\x00\x00\x00\x00\x00}]
02:09:59.410 [qtp961160488-17] DEBUG org.eclipse.jetty.io.WriteFlusher - update WriteFlusher@2928032f{WRITING}->null:IDLE-->WRITING
02:09:59.410 [qtp961160488-17] DEBUG org.eclipse.jetty.io.ChannelEndPoint - flushed 115 SocketChannelEndPoint@2a97e5ee{l=/127.0.0.1:35601,r=/127.0.0.1:47014,OPEN,fill=-,flush=W,to=3/3000}{io=0/0,kio=0,kro=1}->HttpConnection@796e3ec9[p=HttpParser{s=END,0 of -1},g=HttpGenerator@a04a3c3{s=COMPLETING}]=>HttpChannelOverHttp@1bffabd7{s=HttpChannelState@4551159e{s=HANDLING rs=COMPLETING os=COMMITTED is=IDLE awp=false se=false i=false al=0},r=2,c=false/false,a=HANDLING,uri=//localhost:35601/,age=3}
02:09:59.410 [main] DEBUG org.apache.nifi.minifi.bootstrap.configuration.ingestors.PullHttpChangeIngestor - Response received: Response{protocol=http/1.1, code=304, message=Not Modified, url=http://localhost:35601/}
02:09:59.410 [qtp961160488-17] DEBUG org.eclipse.jetty.io.WriteFlusher - Flushed=true written=115 remaining=0 WriteFlusher@2928032f{WRITING}->null
02:09:59.410 [qtp961160488-17] DEBUG org.eclipse.jetty.io.WriteFlusher - update WriteFlusher@2928032f{IDLE}->null:WRITING-->IDLE
02:09:59.411 [qtp961160488-17] DEBUG org.eclipse.jetty.server.HttpConnection - generate: DONE for SendCallback@630192ed[PROCESSING][i=HTTP/1.1{s=304,h=2,cl=-1},cb=org.eclipse.jetty.server.HttpChannel$SendCallback@3ebad36f] ([p=115,l=115,c=8192,r=0],[p=0,l=0,c=0,r=0],true)@END
02:09:59.411 [qtp961160488-17] DEBUG org.eclipse.jetty.server.HttpOutput - onWriteComplete(true,null) s=CLOSING,api=BLOCKED,sc=false,e=null->s=CLOSED,api=BLOCKING,sc=false,e=null c=null cb=org.eclipse.jetty.util.Callback$3@31e9f467 w=false
02:09:59.411 [qtp961160488-17] DEBUG org.eclipse.jetty.server.HttpChannelState - completed HttpChannelState@4551159e{s=HANDLING rs=COMPLETING os=COMPLETED is=IDLE awp=false se=false i=false al=0}
02:09:59.411 [qtp961160488-17] DEBUG org.eclipse.jetty.server.HttpChannelState - unhandle HttpChannelState@4551159e{s=HANDLING rs=COMPLETED os=COMPLETED is=IDLE awp=false se=false i=false al=0}
02:09:59.411 [qtp961160488-17] DEBUG org.eclipse.jetty.server.HttpChannelState - nextAction(false) TERMINATED HttpChannelState@4551159e{s=IDLE rs=COMPLETED os=COMPLETED is=IDLE awp=false se=false i=false al=0}
]]></system-out>
  </testcase>
  <testcase name="testNewUpdate" classname="org.apache.nifi.minifi.bootstrap.configuration.ingestors.PullHttpChangeIngestorTest" time="0.009">
    <system-out><![CDATA[02:09:59.411 [qtp961160488-17] DEBUG org.eclipse.jetty.server.HttpChannel - action TERMINATED HttpChannelOverHttp@1bffabd7{s=HttpChannelState@4551159e{s=IDLE rs=COMPLETED os=COMPLETED is=IDLE awp=false se=false i=false al=0},r=2,c=true/true,a=IDLE,uri=//localhost:35601/,age=4}
02:09:59.411 [qtp961160488-17] DEBUG org.eclipse.jetty.server.HttpChannel - onCompleted for / written=0
02:09:59.411 [qtp961160488-17] DEBUG org.eclipse.jetty.server.HttpChannelState - recycle HttpChannelState@4551159e{s=IDLE rs=COMPLETED os=COMPLETED is=IDLE awp=false se=false i=false al=0}
02:09:59.411 [qtp961160488-17] DEBUG org.eclipse.jetty.http.HttpParser - reset HttpParser{s=END,0 of -1}
02:09:59.411 [qtp961160488-17] DEBUG org.eclipse.jetty.http.HttpParser - END --> START
02:09:59.411 [qtp961160488-17] DEBUG org.eclipse.jetty.server.HttpChannel - !handle TERMINATED HttpChannelOverHttp@1bffabd7{s=HttpChannelState@4551159e{s=IDLE rs=BLOCKING os=OPEN is=IDLE awp=false se=false i=true al=0},r=2,c=false/false,a=IDLE,uri=null,age=0}
02:09:59.411 [qtp961160488-17] DEBUG org.eclipse.jetty.io.ChannelEndPoint - filled 0 HeapByteBuffer@293c2d56[p=0,l=0,c=8192,r=0]={<<<>>>HTTP/1.1 ...\x00\x00\x00\x00\x00\x00\x00}
02:09:59.411 [qtp961160488-17] DEBUG org.eclipse.jetty.io.ChannelEndPoint - filled 0 HeapByteBuffer@293c2d56[p=0,l=0,c=8192,r=0]={<<<>>>HTTP/1.1 ...\x00\x00\x00\x00\x00\x00\x00}
02:09:59.411 [qtp961160488-17] DEBUG org.eclipse.jetty.server.HttpConnection - HttpConnection@796e3ec9::SocketChannelEndPoint@2a97e5ee{l=/127.0.0.1:35601,r=/127.0.0.1:47014,OPEN,fill=-,flush=-,to=0/3000}{io=0/0,kio=0,kro=1}->HttpConnection@796e3ec9[p=HttpParser{s=START,0 of -1},g=HttpGenerator@a04a3c3{s=START}]=>HttpChannelOverHttp@1bffabd7{s=HttpChannelState@4551159e{s=IDLE rs=BLOCKING os=OPEN is=IDLE awp=false se=false i=true al=0},r=2,c=false/false,a=IDLE,uri=null,age=0} filled 0 HeapByteBuffer@293c2d56[p=0,l=0,c=8192,r=0]={<<<>>>HTTP/1.1 ...\x00\x00\x00\x00\x00\x00\x00}
02:09:59.411 [qtp961160488-17] DEBUG org.eclipse.jetty.server.HttpConnection - HttpConnection@796e3ec9::SocketChannelEndPoint@2a97e5ee{l=/127.0.0.1:35601,r=/127.0.0.1:47014,OPEN,fill=-,flush=-,to=1/3000}{io=0/0,kio=0,kro=1}->HttpConnection@796e3ec9[p=HttpParser{s=START,0 of -1},g=HttpGenerator@a04a3c3{s=START}]=>HttpChannelOverHttp@1bffabd7{s=HttpChannelState@4551159e{s=IDLE rs=BLOCKING os=OPEN is=IDLE awp=false se=false i=true al=0},r=2,c=false/false,a=IDLE,uri=null,age=0} parse HeapByteBuffer@293c2d56[p=0,l=0,c=8192,r=0]={<<<>>>HTTP/1.1 ...\x00\x00\x00\x00\x00\x00\x00} {}
02:09:59.412 [qtp961160488-17] DEBUG org.eclipse.jetty.http.HttpParser - parseNext s=START HeapByteBuffer@293c2d56[p=0,l=0,c=8192,r=0]={<<<>>>HTTP/1.1 ...\x00\x00\x00\x00\x00\x00\x00}
02:09:59.412 [qtp961160488-17] DEBUG org.eclipse.jetty.server.HttpConnection - HttpConnection@796e3ec9::SocketChannelEndPoint@2a97e5ee{l=/127.0.0.1:35601,r=/127.0.0.1:47014,OPEN,fill=-,flush=-,to=1/3000}{io=0/0,kio=0,kro=1}->HttpConnection@796e3ec9[p=HttpParser{s=START,0 of -1},g=HttpGenerator@a04a3c3{s=START}]=>HttpChannelOverHttp@1bffabd7{s=HttpChannelState@4551159e{s=IDLE rs=BLOCKING os=OPEN is=IDLE awp=false se=false i=true al=0},r=2,c=false/false,a=IDLE,uri=null,age=0} parsed false HttpParser{s=START,0 of -1}
02:09:59.412 [qtp961160488-17] DEBUG org.eclipse.jetty.server.HttpConnection - releaseRequestBuffer HttpConnection@796e3ec9::SocketChannelEndPoint@2a97e5ee{l=/127.0.0.1:35601,r=/127.0.0.1:47014,OPEN,fill=-,flush=-,to=1/3000}{io=0/0,kio=0,kro=1}->HttpConnection@796e3ec9[p=HttpParser{s=START,0 of -1},g=HttpGenerator@a04a3c3{s=START}]=>HttpChannelOverHttp@1bffabd7{s=HttpChannelState@4551159e{s=IDLE rs=BLOCKING os=OPEN is=IDLE awp=false se=false i=true al=0},r=2,c=false/false,a=IDLE,uri=null,age=0}
02:09:59.412 [qtp961160488-17] DEBUG org.eclipse.jetty.io.AbstractConnection - fillInterested HttpConnection@796e3ec9::SocketChannelEndPoint@2a97e5ee{l=/127.0.0.1:35601,r=/127.0.0.1:47014,OPEN,fill=-,flush=-,to=1/3000}{io=0/0,kio=0,kro=1}->HttpConnection@796e3ec9[p=HttpParser{s=START,0 of -1},g=HttpGenerator@a04a3c3{s=START}]=>HttpChannelOverHttp@1bffabd7{s=HttpChannelState@4551159e{s=IDLE rs=BLOCKING os=OPEN is=IDLE awp=false se=false i=true al=0},r=2,c=false/false,a=IDLE,uri=null,age=0}
02:09:59.412 [qtp961160488-17] DEBUG org.eclipse.jetty.io.FillInterest - interested FillInterest@4734baf8{AC.ReadCB@796e3ec9{HttpConnection@796e3ec9::SocketChannelEndPoint@2a97e5ee{l=/127.0.0.1:35601,r=/127.0.0.1:47014,OPEN,fill=FI,flush=-,to=0/3000}{io=0/0,kio=0,kro=1}->HttpConnection@796e3ec9[p=HttpParser{s=START,0 of -1},g=HttpGenerator@a04a3c3{s=START}]=>HttpChannelOverHttp@1bffabd7{s=HttpChannelState@4551159e{s=IDLE rs=BLOCKING os=OPEN is=IDLE awp=false se=false i=true al=0},r=2,c=false/false,a=IDLE,uri=null,age=0}}}
02:09:59.412 [qtp961160488-17] DEBUG org.eclipse.jetty.io.ChannelEndPoint - changeInterests p=false 0->1 for SocketChannelEndPoint@2a97e5ee{l=/127.0.0.1:35601,r=/127.0.0.1:47014,OPEN,fill=FI,flush=-,to=0/3000}{io=0/1,kio=0,kro=1}->HttpConnection@796e3ec9[p=HttpParser{s=START,0 of -1},g=HttpGenerator@a04a3c3{s=START}]=>HttpChannelOverHttp@1bffabd7{s=HttpChannelState@4551159e{s=IDLE rs=BLOCKING os=OPEN is=IDLE awp=false se=false i=true al=0},r=2,c=false/false,a=IDLE,uri=null,age=0}
02:09:59.412 [qtp961160488-17] DEBUG org.eclipse.jetty.io.ManagedSelector - Queued change lazy=false org.eclipse.jetty.io.ChannelEndPoint$$Lambda$255/1830220082@4fa44ca1 on ManagedSelector@316bcf94{STARTED} id=2 keys=1 selected=0 updates=0
02:09:59.412 [qtp961160488-17] DEBUG org.eclipse.jetty.io.ManagedSelector - Wakeup on submit ManagedSelector@316bcf94{STARTED} id=2 keys=1 selected=0 updates=1
02:09:59.412 [main] DEBUG org.apache.nifi.minifi.bootstrap.configuration.ingestors.PullHttpChangeIngestor - Attempting to pull new config
02:09:59.412 [qtp961160488-22] DEBUG org.eclipse.jetty.io.ManagedSelector - Selector sun.nio.ch.EPollSelectorImpl@732a981a woken with none selected
02:09:59.412 [qtp961160488-22] DEBUG org.eclipse.jetty.io.ManagedSelector - Selector sun.nio.ch.EPollSelectorImpl@732a981a woken up from select, 0/0/1 selected
02:09:59.412 [qtp961160488-22] DEBUG org.eclipse.jetty.io.ManagedSelector - Selector sun.nio.ch.EPollSelectorImpl@732a981a processing 0 keys, 1 updates
02:09:59.412 [qtp961160488-22] DEBUG org.eclipse.jetty.io.ManagedSelector - updateable 1
02:09:59.412 [qtp961160488-17] DEBUG org.eclipse.jetty.server.HttpConnection - HttpConnection@796e3ec9::SocketChannelEndPoint@2a97e5ee{l=/127.0.0.1:35601,r=/127.0.0.1:47014,OPEN,fill=FI,flush=-,to=0/3000}{io=0/1,kio=0,kro=1}->HttpConnection@796e3ec9[p=HttpParser{s=START,0 of -1},g=HttpGenerator@a04a3c3{s=START}]=>HttpChannelOverHttp@1bffabd7{s=HttpChannelState@4551159e{s=IDLE rs=BLOCKING os=OPEN is=IDLE awp=false se=false i=true al=0},r=2,c=false/false,a=IDLE,uri=null,age=0} onFillable exit HttpChannelState@4551159e{s=IDLE rs=BLOCKING os=OPEN is=IDLE awp=false se=false i=true al=0} null
02:09:59.412 [qtp961160488-22] DEBUG org.eclipse.jetty.io.ManagedSelector - update org.eclipse.jetty.io.ChannelEndPoint$$Lambda$255/1830220082@4fa44ca1
02:09:59.412 [qtp961160488-17] DEBUG org.eclipse.jetty.util.thread.QueuedThreadPool - ran org.eclipse.jetty.io.ManagedSelector$$Lambda$253/838473569@66f57048 in QueuedThreadPool[qtp961160488]@394a2528{STARTED,8<=8<=200,i=1,r=-1,q=0}[ReservedThreadExecutor@383bfa16{reserved=1/8,pending=0}]
02:09:59.412 [qtp961160488-22] DEBUG org.eclipse.jetty.io.ChannelEndPoint - Key interests updated 0 -> 1 on SocketChannelEndPoint@2a97e5ee{l=/127.0.0.1:35601,r=/127.0.0.1:47014,OPEN,fill=FI,flush=-,to=0/3000}{io=1/1,kio=1,kro=1}->HttpConnection@796e3ec9[p=HttpParser{s=START,0 of -1},g=HttpGenerator@a04a3c3{s=START}]=>HttpChannelOverHttp@1bffabd7{s=HttpChannelState@4551159e{s=IDLE rs=BLOCKING os=OPEN is=IDLE awp=false se=false i=true al=0},r=2,c=false/false,a=IDLE,uri=null,age=0}
02:09:59.412 [qtp961160488-22] DEBUG org.eclipse.jetty.io.ManagedSelector - updates 0
02:09:59.413 [qtp961160488-22] DEBUG org.eclipse.jetty.io.ManagedSelector - Selector sun.nio.ch.EPollSelectorImpl@732a981a waiting with 1 keys
02:09:59.413 [qtp961160488-18-acceptor-0@1e1a0406-ServerConnector@446293d{HTTP/1.1, (http/1.1)}{localhost:35601}] DEBUG org.eclipse.jetty.io.ManagedSelector - Queued change lazy=false Accept@13a85bd5[java.nio.channels.SocketChannel[connected local=/127.0.0.1:35601 remote=/127.0.0.1:47022]] on ManagedSelector@1de5f259{STARTED} id=3 keys=0 selected=0 updates=0
02:09:59.413 [qtp961160488-18-acceptor-0@1e1a0406-ServerConnector@446293d{HTTP/1.1, (http/1.1)}{localhost:35601}] DEBUG org.eclipse.jetty.io.ManagedSelector - Wakeup on submit ManagedSelector@1de5f259{STARTED} id=3 keys=0 selected=0 updates=1
02:09:59.413 [qtp961160488-19] DEBUG org.eclipse.jetty.io.ManagedSelector - Selector sun.nio.ch.EPollSelectorImpl@314fddb5 woken with none selected
02:09:59.413 [qtp961160488-19] DEBUG org.eclipse.jetty.io.ManagedSelector - Selector sun.nio.ch.EPollSelectorImpl@314fddb5 woken up from select, 0/0/0 selected
02:09:59.413 [qtp961160488-19] DEBUG org.eclipse.jetty.io.ManagedSelector - Selector sun.nio.ch.EPollSelectorImpl@314fddb5 processing 0 keys, 1 updates
02:09:59.413 [qtp961160488-19] DEBUG org.eclipse.jetty.io.ManagedSelector - updateable 1
02:09:59.413 [qtp961160488-19] DEBUG org.eclipse.jetty.io.ManagedSelector - update Accept@13a85bd5[java.nio.channels.SocketChannel[connected local=/127.0.0.1:35601 remote=/127.0.0.1:47022]]
02:09:59.413 [qtp961160488-19] DEBUG org.eclipse.jetty.util.thread.QueuedThreadPool - queue Accept@13a85bd5[java.nio.channels.SocketChannel[connected local=/127.0.0.1:35601 remote=/127.0.0.1:47022]] startThread=0
02:09:59.413 [qtp961160488-19] DEBUG org.eclipse.jetty.io.ManagedSelector - updates 0
02:09:59.413 [qtp961160488-20] DEBUG org.eclipse.jetty.util.thread.QueuedThreadPool - run Accept@13a85bd5[java.nio.channels.SocketChannel[connected local=/127.0.0.1:35601 remote=/127.0.0.1:47022]] in QueuedThreadPool[qtp961160488]@394a2528{STARTED,8<=8<=200,i=1,r=-1,q=0}[ReservedThreadExecutor@383bfa16{reserved=1/8,pending=0}]
02:09:59.413 [qtp961160488-19] DEBUG org.eclipse.jetty.io.ManagedSelector - Selector sun.nio.ch.EPollSelectorImpl@314fddb5 waiting with 1 keys
02:09:59.413 [qtp961160488-20] DEBUG org.eclipse.jetty.io.IdleTimeout - SocketChannelEndPoint@3bf7962e{l=/127.0.0.1:35601,r=/127.0.0.1:47022,OPEN,fill=-,flush=-,to=0/3000}{io=0/0,kio=0,kro=0}-><null> idle timeout check, elapsed: 0 ms, remaining: 3000 ms
02:09:59.414 [qtp961160488-20] DEBUG org.eclipse.jetty.server.HttpChannel - new HttpChannelOverHttp@14c22028{s=HttpChannelState@7643ab32{s=IDLE rs=BLOCKING os=OPEN is=IDLE awp=false se=false i=true al=0},r=0,c=false/false,a=IDLE,uri=null,age=0} -> SocketChannelEndPoint@3bf7962e{l=/127.0.0.1:35601,r=/127.0.0.1:47022,OPEN,fill=-,flush=-,to=0/3000}{io=0/0,kio=0,kro=0}-><null>,null,HttpChannelState@7643ab32{s=IDLE rs=BLOCKING os=OPEN is=IDLE awp=false se=false i=true al=0}
02:09:59.414 [qtp961160488-20] DEBUG org.eclipse.jetty.server.HttpConnection - New HTTP Connection HttpConnection@1b6f301f::SocketChannelEndPoint@3bf7962e{l=/127.0.0.1:35601,r=/127.0.0.1:47022,OPEN,fill=-,flush=-,to=0/3000}{io=0/0,kio=0,kro=0}-><null>
02:09:59.414 [qtp961160488-20] DEBUG org.eclipse.jetty.io.ManagedSelector - Queued change lazy=true org.eclipse.jetty.io.ManagedSelector$$Lambda$258/615682846@1c2e93ba on ManagedSelector@1de5f259{STARTED} id=3 keys=1 selected=0 updates=0
02:09:59.414 [qtp961160488-20] DEBUG org.eclipse.jetty.io.AbstractEndPoint - onOpen SocketChannelEndPoint@3bf7962e{l=/127.0.0.1:35601,r=/127.0.0.1:47022,OPEN,fill=-,flush=-,to=0/3000}{io=0/0,kio=0,kro=0}->HttpConnection@1b6f301f[p=HttpParser{s=START,0 of -1},g=HttpGenerator@19683377{s=START}]=>HttpChannelOverHttp@14c22028{s=HttpChannelState@7643ab32{s=IDLE rs=BLOCKING os=OPEN is=IDLE awp=false se=false i=true al=0},r=0,c=false/false,a=IDLE,uri=null,age=0}
02:09:59.414 [qtp961160488-20] DEBUG org.eclipse.jetty.io.AbstractConnection - onOpen HttpConnection@1b6f301f::SocketChannelEndPoint@3bf7962e{l=/127.0.0.1:35601,r=/127.0.0.1:47022,OPEN,fill=-,flush=-,to=0/3000}{io=0/0,kio=0,kro=0}->HttpConnection@1b6f301f[p=HttpParser{s=START,0 of -1},g=HttpGenerator@19683377{s=START}]=>HttpChannelOverHttp@14c22028{s=HttpChannelState@7643ab32{s=IDLE rs=BLOCKING os=OPEN is=IDLE awp=false se=false i=true al=0},r=0,c=false/false,a=IDLE,uri=null,age=0}
02:09:59.414 [qtp961160488-20] DEBUG org.eclipse.jetty.io.AbstractConnection - fillInterested HttpConnection@1b6f301f::SocketChannelEndPoint@3bf7962e{l=/127.0.0.1:35601,r=/127.0.0.1:47022,OPEN,fill=-,flush=-,to=0/3000}{io=0/0,kio=0,kro=0}->HttpConnection@1b6f301f[p=HttpParser{s=START,0 of -1},g=HttpGenerator@19683377{s=START}]=>HttpChannelOverHttp@14c22028{s=HttpChannelState@7643ab32{s=IDLE rs=BLOCKING os=OPEN is=IDLE awp=false se=false i=true al=0},r=0,c=false/false,a=IDLE,uri=null,age=0}
02:09:59.414 [qtp961160488-20] DEBUG org.eclipse.jetty.io.FillInterest - interested FillInterest@72990153{AC.ReadCB@1b6f301f{HttpConnection@1b6f301f::SocketChannelEndPoint@3bf7962e{l=/127.0.0.1:35601,r=/127.0.0.1:47022,OPEN,fill=FI,flush=-,to=0/3000}{io=0/0,kio=0,kro=0}->HttpConnection@1b6f301f[p=HttpParser{s=START,0 of -1},g=HttpGenerator@19683377{s=START}]=>HttpChannelOverHttp@14c22028{s=HttpChannelState@7643ab32{s=IDLE rs=BLOCKING os=OPEN is=IDLE awp=false se=false i=true al=0},r=0,c=false/false,a=IDLE,uri=null,age=0}}}
02:09:59.415 [qtp961160488-20] DEBUG org.eclipse.jetty.io.ChannelEndPoint - changeInterests p=false 0->1 for SocketChannelEndPoint@3bf7962e{l=/127.0.0.1:35601,r=/127.0.0.1:47022,OPEN,fill=FI,flush=-,to=0/3000}{io=0/1,kio=0,kro=0}->HttpConnection@1b6f301f[p=HttpParser{s=START,0 of -1},g=HttpGenerator@19683377{s=START}]=>HttpChannelOverHttp@14c22028{s=HttpChannelState@7643ab32{s=IDLE rs=BLOCKING os=OPEN is=IDLE awp=false se=false i=true al=0},r=0,c=false/false,a=IDLE,uri=null,age=0}
02:09:59.415 [qtp961160488-20] DEBUG org.eclipse.jetty.io.ManagedSelector - Queued change lazy=false org.eclipse.jetty.io.ChannelEndPoint$$Lambda$255/1830220082@101428d7 on ManagedSelector@1de5f259{STARTED} id=3 keys=1 selected=0 updates=1
02:09:59.415 [qtp961160488-20] DEBUG org.eclipse.jetty.io.ManagedSelector - Wakeup on submit ManagedSelector@1de5f259{STARTED} id=3 keys=1 selected=0 updates=2
02:09:59.415 [qtp961160488-19] DEBUG org.eclipse.jetty.io.ManagedSelector - Selector sun.nio.ch.EPollSelectorImpl@314fddb5 woken with none selected
02:09:59.415 [qtp961160488-19] DEBUG org.eclipse.jetty.io.ManagedSelector - Selector sun.nio.ch.EPollSelectorImpl@314fddb5 woken up from select, 0/0/1 selected
02:09:59.415 [qtp961160488-20] DEBUG org.eclipse.jetty.io.ManagedSelector - Created SocketChannelEndPoint@3bf7962e{l=/127.0.0.1:35601,r=/127.0.0.1:47022,OPEN,fill=FI,flush=-,to=0/3000}{io=0/1,kio=0,kro=0}->HttpConnection@1b6f301f[p=HttpParser{s=START,0 of -1},g=HttpGenerator@19683377{s=START}]=>HttpChannelOverHttp@14c22028{s=HttpChannelState@7643ab32{s=IDLE rs=BLOCKING os=OPEN is=IDLE awp=false se=false i=true al=0},r=0,c=false/false,a=IDLE,uri=null,age=0}
02:09:59.415 [qtp961160488-19] DEBUG org.eclipse.jetty.io.ManagedSelector - Selector sun.nio.ch.EPollSelectorImpl@314fddb5 processing 0 keys, 2 updates
02:09:59.415 [qtp961160488-19] DEBUG org.eclipse.jetty.io.ManagedSelector - updateable 2
02:09:59.415 [qtp961160488-19] DEBUG org.eclipse.jetty.io.ManagedSelector - update org.eclipse.jetty.io.ManagedSelector$$Lambda$258/615682846@1c2e93ba
02:09:59.415 [qtp961160488-20] DEBUG org.eclipse.jetty.util.thread.QueuedThreadPool - ran Accept@13a85bd5[java.nio.channels.SocketChannel[connected local=/127.0.0.1:35601 remote=/127.0.0.1:47022]] in QueuedThreadPool[qtp961160488]@394a2528{STARTED,8<=8<=200,i=1,r=-1,q=0}[ReservedThreadExecutor@383bfa16{reserved=1/8,pending=0}]
02:09:59.415 [qtp961160488-19] DEBUG org.eclipse.jetty.io.ManagedSelector - update org.eclipse.jetty.io.ChannelEndPoint$$Lambda$255/1830220082@101428d7
02:09:59.415 [qtp961160488-19] DEBUG org.eclipse.jetty.io.ChannelEndPoint - Key interests updated 0 -> 1 on SocketChannelEndPoint@3bf7962e{l=/127.0.0.1:35601,r=/127.0.0.1:47022,OPEN,fill=FI,flush=-,to=0/3000}{io=1/1,kio=1,kro=0}->HttpConnection@1b6f301f[p=HttpParser{s=START,0 of -1},g=HttpGenerator@19683377{s=START}]=>HttpChannelOverHttp@14c22028{s=HttpChannelState@7643ab32{s=IDLE rs=BLOCKING os=OPEN is=IDLE awp=false se=false i=true al=0},r=0,c=false/false,a=IDLE,uri=null,age=0}
02:09:59.415 [qtp961160488-19] DEBUG org.eclipse.jetty.io.ManagedSelector - updates 0
02:09:59.415 [qtp961160488-19] DEBUG org.eclipse.jetty.io.ManagedSelector - Selector sun.nio.ch.EPollSelectorImpl@314fddb5 waiting with 1 keys
02:09:59.415 [qtp961160488-19] DEBUG org.eclipse.jetty.io.ManagedSelector - Selector sun.nio.ch.EPollSelectorImpl@314fddb5 woken up from select, 1/1/1 selected
02:09:59.415 [qtp961160488-19] DEBUG org.eclipse.jetty.io.ManagedSelector - Selector sun.nio.ch.EPollSelectorImpl@314fddb5 processing 1 keys, 0 updates
02:09:59.415 [qtp961160488-19] DEBUG org.eclipse.jetty.io.ManagedSelector - selected 1 sun.nio.ch.SelectionKeyImpl@3f8835ec SocketChannelEndPoint@3bf7962e{l=/127.0.0.1:35601,r=/127.0.0.1:47022,OPEN,fill=FI,flush=-,to=1/3000}{io=1/1,kio=1,kro=1}->HttpConnection@1b6f301f[p=HttpParser{s=START,0 of -1},g=HttpGenerator@19683377{s=START}]=>HttpChannelOverHttp@14c22028{s=HttpChannelState@7643ab32{s=IDLE rs=BLOCKING os=OPEN is=IDLE awp=false se=false i=true al=0},r=0,c=false/false,a=IDLE,uri=null,age=0} 
02:09:59.416 [qtp961160488-19] DEBUG org.eclipse.jetty.io.ChannelEndPoint - onSelected 1->0 r=true w=false for SocketChannelEndPoint@3bf7962e{l=/127.0.0.1:35601,r=/127.0.0.1:47022,OPEN,fill=FI,flush=-,to=1/3000}{io=1/0,kio=1,kro=1}->HttpConnection@1b6f301f[p=HttpParser{s=START,0 of -1},g=HttpGenerator@19683377{s=START}]=>HttpChannelOverHttp@14c22028{s=HttpChannelState@7643ab32{s=IDLE rs=BLOCKING os=OPEN is=IDLE awp=false se=false i=true al=0},r=0,c=false/false,a=IDLE,uri=null,age=0}
02:09:59.416 [qtp961160488-19] DEBUG org.eclipse.jetty.io.ChannelEndPoint - task CEP:SocketChannelEndPoint@3bf7962e{l=/127.0.0.1:35601,r=/127.0.0.1:47022,OPEN,fill=FI,flush=-,to=1/3000}{io=1/0,kio=1,kro=1}->HttpConnection@1b6f301f[p=HttpParser{s=START,0 of -1},g=HttpGenerator@19683377{s=START}]=>HttpChannelOverHttp@14c22028{s=HttpChannelState@7643ab32{s=IDLE rs=BLOCKING os=OPEN is=IDLE awp=false se=false i=true al=0},r=0,c=false/false,a=IDLE,uri=null,age=0}:runFillable:BLOCKING
02:09:59.416 [qtp961160488-19] DEBUG org.eclipse.jetty.util.thread.ReservedThreadExecutor - ReservedThreadExecutor@383bfa16{reserved=1/8,pending=0} tryExecute EatWhatYouKill@6404f418/SelectorProducer@3e11f9e9/PRODUCING/p=false/QueuedThreadPool[qtp961160488]@394a2528{STARTED,8<=8<=200,i=2,r=-1,q=0}[ReservedThreadExecutor@383bfa16{reserved=1/8,pending=0}][pc=0,pic=0,pec=0,epc=0]@2024-05-02T02:09:59.416+01:00
02:09:59.416 [qtp961160488-19] DEBUG org.eclipse.jetty.util.thread.ReservedThreadExecutor - ReservedThreadExecutor@383bfa16{reserved=0/8,pending=1} startReservedThread p=1
02:09:59.416 [qtp961160488-19] DEBUG org.eclipse.jetty.util.thread.QueuedThreadPool - queue ReservedThread@3bb7b6c5{PENDING,thread=null} startThread=0
02:09:59.416 [qtp961160488-17] DEBUG org.eclipse.jetty.util.thread.QueuedThreadPool - run ReservedThread@3bb7b6c5{PENDING,thread=null} in QueuedThreadPool[qtp961160488]@394a2528{STARTED,8<=8<=200,i=1,r=-1,q=0}[ReservedThreadExecutor@383bfa16{reserved=0/8,pending=1}]
02:09:59.416 [qtp961160488-17] DEBUG org.eclipse.jetty.util.thread.ReservedThreadExecutor - ReservedThread@3bb7b6c5{PENDING,thread=Thread[qtp961160488-17,5,main]} was=PENDING next=RESERVED size=0+1 capacity=8
02:09:59.416 [qtp961160488-17] DEBUG org.eclipse.jetty.util.thread.ReservedThreadExecutor - ReservedThread@3bb7b6c5{RESERVED,thread=Thread[qtp961160488-17,5,main]} waiting ReservedThreadExecutor@383bfa16{reserved=1/8,pending=0}
02:09:59.416 [qtp961160488-21] DEBUG org.eclipse.jetty.util.thread.ReservedThreadExecutor - ReservedThread@79d2f36a{RESERVED,thread=Thread[qtp961160488-21,5,main]} task=EatWhatYouKill@6404f418/SelectorProducer@3e11f9e9/IDLE/p=true/QueuedThreadPool[qtp961160488]@394a2528{STARTED,8<=8<=200,i=1,r=-1,q=0}[ReservedThreadExecutor@383bfa16{reserved=0/8,pending=1}][pc=0,pic=0,pec=0,epc=0]@2024-05-02T02:09:59.416+01:00 ReservedThreadExecutor@383bfa16{reserved=1/8,pending=0}
02:09:59.416 [qtp961160488-21] DEBUG org.eclipse.jetty.util.thread.strategy.EatWhatYouKill - EatWhatYouKill@6404f418/SelectorProducer@3e11f9e9/IDLE/p=true/QueuedThreadPool[qtp961160488]@394a2528{STARTED,8<=8<=200,i=1,r=-1,q=0}[ReservedThreadExecutor@383bfa16{reserved=1/8,pending=0}][pc=0,pic=0,pec=0,epc=0]@2024-05-02T02:09:59.416+01:00 tryProduce true
02:09:59.417 [qtp961160488-21] DEBUG org.eclipse.jetty.io.ManagedSelector - updateable 0
02:09:59.417 [qtp961160488-19] DEBUG org.eclipse.jetty.util.thread.strategy.EatWhatYouKill - EatWhatYouKill@6404f418/SelectorProducer@3e11f9e9/IDLE/p=true/QueuedThreadPool[qtp961160488]@394a2528{STARTED,8<=8<=200,i=1,r=-1,q=0}[ReservedThreadExecutor@383bfa16{reserved=1/8,pending=0}][pc=0,pic=0,pec=0,epc=0]@2024-05-02T02:09:59.416+01:00 m=EXECUTE_PRODUCE_CONSUME t=CEP:SocketChannelEndPoint@3bf7962e{l=/127.0.0.1:35601,r=/127.0.0.1:47022,OPEN,fill=FI,flush=-,to=2/3000}{io=1/0,kio=1,kro=1}->HttpConnection@1b6f301f[p=HttpParser{s=START,0 of -1},g=HttpGenerator@19683377{s=START}]=>HttpChannelOverHttp@14c22028{s=HttpChannelState@7643ab32{s=IDLE rs=BLOCKING os=OPEN is=IDLE awp=false se=false i=true al=0},r=0,c=false/false,a=IDLE,uri=null,age=0}:runFillable:BLOCKING/BLOCKING
02:09:59.417 [qtp961160488-21] DEBUG org.eclipse.jetty.io.ManagedSelector - updates 0
02:09:59.417 [qtp961160488-21] DEBUG org.eclipse.jetty.io.ChannelEndPoint - Key interests updated 1 -> 0 on SocketChannelEndPoint@3bf7962e{l=/127.0.0.1:35601,r=/127.0.0.1:47022,OPEN,fill=FI,flush=-,to=2/3000}{io=0/0,kio=0,kro=1}->HttpConnection@1b6f301f[p=HttpParser{s=START,0 of -1},g=HttpGenerator@19683377{s=START}]=>HttpChannelOverHttp@14c22028{s=HttpChannelState@7643ab32{s=IDLE rs=BLOCKING os=OPEN is=IDLE awp=false se=false i=true al=0},r=0,c=false/false,a=IDLE,uri=null,age=0}
02:09:59.417 [qtp961160488-21] DEBUG org.eclipse.jetty.io.ManagedSelector - Selector sun.nio.ch.EPollSelectorImpl@314fddb5 waiting with 1 keys
02:09:59.417 [qtp961160488-19] DEBUG org.eclipse.jetty.io.FillInterest - fillable FillInterest@72990153{AC.ReadCB@1b6f301f{HttpConnection@1b6f301f::SocketChannelEndPoint@3bf7962e{l=/127.0.0.1:35601,r=/127.0.0.1:47022,OPEN,fill=FI,flush=-,to=2/3000}{io=0/0,kio=0,kro=1}->HttpConnection@1b6f301f[p=HttpParser{s=START,0 of -1},g=HttpGenerator@19683377{s=START}]=>HttpChannelOverHttp@14c22028{s=HttpChannelState@7643ab32{s=IDLE rs=BLOCKING os=OPEN is=IDLE awp=false se=false i=true al=0},r=0,c=false/false,a=IDLE,uri=null,age=0}}}
02:09:59.417 [qtp961160488-19] DEBUG org.eclipse.jetty.server.HttpConnection - HttpConnection@1b6f301f::SocketChannelEndPoint@3bf7962e{l=/127.0.0.1:35601,r=/127.0.0.1:47022,OPEN,fill=-,flush=-,to=2/3000}{io=0/0,kio=0,kro=1}->HttpConnection@1b6f301f[p=HttpParser{s=START,0 of -1},g=HttpGenerator@19683377{s=START}]=>HttpChannelOverHttp@14c22028{s=HttpChannelState@7643ab32{s=IDLE rs=BLOCKING os=OPEN is=IDLE awp=false se=false i=true al=0},r=0,c=false/false,a=IDLE,uri=null,age=0} onFillable enter HttpChannelState@7643ab32{s=IDLE rs=BLOCKING os=OPEN is=IDLE awp=false se=false i=true al=0} null
02:09:59.417 [qtp961160488-19] DEBUG org.eclipse.jetty.io.ChannelEndPoint - filled 115 HeapByteBuffer@293c2d56[p=0,l=115,c=8192,r=115]={<<<GET / HTTP/1.1\r\nHost: loc...gent: okhttp/3.12.3\r\n\r\n>>>er-Agent:...\x00\x00\x00\x00\x00\x00\x00}
02:09:59.417 [qtp961160488-19] DEBUG org.eclipse.jetty.server.HttpConnection - HttpConnection@1b6f301f::SocketChannelEndPoint@3bf7962e{l=/127.0.0.1:35601,r=/127.0.0.1:47022,OPEN,fill=-,flush=-,to=0/3000}{io=0/0,kio=0,kro=1}->HttpConnection@1b6f301f[p=HttpParser{s=START,0 of -1},g=HttpGenerator@19683377{s=START}]=>HttpChannelOverHttp@14c22028{s=HttpChannelState@7643ab32{s=IDLE rs=BLOCKING os=OPEN is=IDLE awp=false se=false i=true al=0},r=0,c=false/false,a=IDLE,uri=null,age=0} filled 115 HeapByteBuffer@293c2d56[p=0,l=115,c=8192,r=115]={<<<GET / HTTP/1.1\r\nHost: loc...gent: okhttp/3.12.3\r\n\r\n>>>er-Agent:...\x00\x00\x00\x00\x00\x00\x00}
02:09:59.417 [qtp961160488-19] DEBUG org.eclipse.jetty.server.HttpConnection - HttpConnection@1b6f301f::SocketChannelEndPoint@3bf7962e{l=/127.0.0.1:35601,r=/127.0.0.1:47022,OPEN,fill=-,flush=-,to=0/3000}{io=0/0,kio=0,kro=1}->HttpConnection@1b6f301f[p=HttpParser{s=START,0 of -1},g=HttpGenerator@19683377{s=START}]=>HttpChannelOverHttp@14c22028{s=HttpChannelState@7643ab32{s=IDLE rs=BLOCKING os=OPEN is=IDLE awp=false se=false i=true al=0},r=0,c=false/false,a=IDLE,uri=null,age=0} parse HeapByteBuffer@293c2d56[p=0,l=115,c=8192,r=115]={<<<GET / HTTP/1.1\r\nHost: loc...gent: okhttp/3.12.3\r\n\r\n>>>er-Agent:...\x00\x00\x00\x00\x00\x00\x00} {}
02:09:59.417 [qtp961160488-19] DEBUG org.eclipse.jetty.http.HttpParser - parseNext s=START HeapByteBuffer@293c2d56[p=0,l=115,c=8192,r=115]={<<<GET / HTTP/1.1\r\nHost: loc...gent: okhttp/3.12.3\r\n\r\n>>>er-Agent:...\x00\x00\x00\x00\x00\x00\x00}
02:09:59.417 [qtp961160488-19] DEBUG org.eclipse.jetty.http.HttpParser - START --> SPACE1
02:09:59.417 [qtp961160488-19] DEBUG org.eclipse.jetty.http.HttpParser - SPACE1 --> URI
02:09:59.417 [qtp961160488-19] DEBUG org.eclipse.jetty.http.HttpParser - URI --> SPACE2
02:09:59.417 [qtp961160488-19] DEBUG org.eclipse.jetty.http.HttpParser - SPACE2 --> REQUEST_VERSION
02:09:59.417 [qtp961160488-19] DEBUG org.eclipse.jetty.http.HttpParser - REQUEST_VERSION --> HEADER
02:09:59.418 [qtp961160488-19] DEBUG org.eclipse.jetty.http.HttpParser - HEADER:Host --> VALUE
02:09:59.418 [qtp961160488-19] DEBUG org.eclipse.jetty.http.HttpParser - HEADER:Host --> IN_VALUE
02:09:59.418 [qtp961160488-19] DEBUG org.eclipse.jetty.http.HttpParser - HEADER:Host --> FIELD
02:09:59.418 [qtp961160488-19] DEBUG org.eclipse.jetty.http.HttpParser - HEADER:Connection: keep-alive --> IN_VALUE
02:09:59.418 [qtp961160488-19] DEBUG org.eclipse.jetty.http.HttpParser - HEADER:Connection: keep-alive --> FIELD
02:09:59.418 [qtp961160488-19] DEBUG org.eclipse.jetty.http.HttpParser - HEADER:Accept-Encoding: gzip --> IN_VALUE
02:09:59.418 [qtp961160488-19] DEBUG org.eclipse.jetty.http.HttpParser - HEADER:Accept-Encoding: gzip --> FIELD
02:09:59.418 [qtp961160488-19] DEBUG org.eclipse.jetty.http.HttpParser - HEADER:User-Agent --> VALUE
02:09:59.418 [qtp961160488-19] DEBUG org.eclipse.jetty.http.HttpParser - HEADER:User-Agent --> IN_VALUE
02:09:59.418 [qtp961160488-19] DEBUG org.eclipse.jetty.http.HttpParser - HEADER:User-Agent --> FIELD
02:09:59.418 [qtp961160488-19] DEBUG org.eclipse.jetty.http.HttpParser - HEADER --> CONTENT
02:09:59.418 [qtp961160488-19] DEBUG org.eclipse.jetty.server.HttpChannel - REQUEST for //localhost:35601/ on HttpChannelOverHttp@14c22028{s=HttpChannelState@7643ab32{s=IDLE rs=BLOCKING os=OPEN is=IDLE awp=false se=false i=true al=0},r=1,c=false/false,a=IDLE,uri=//localhost:35601/,age=0}
GET //localhost:35601/ HTTP/1.1
Host: localhost:35601
Connection: keep-alive
Accept-Encoding: gzip
User-Agent: okhttp/3.12.3


02:09:59.418 [qtp961160488-19] DEBUG org.eclipse.jetty.server.HttpConnection - HttpConnection@1b6f301f::SocketChannelEndPoint@3bf7962e{l=/127.0.0.1:35601,r=/127.0.0.1:47022,OPEN,fill=-,flush=-,to=0/3000}{io=0/0,kio=0,kro=1}->HttpConnection@1b6f301f[p=HttpParser{s=CONTENT,0 of -1},g=HttpGenerator@19683377{s=START}]=>HttpChannelOverHttp@14c22028{s=HttpChannelState@7643ab32{s=IDLE rs=BLOCKING os=OPEN is=IDLE awp=false se=false i=true al=0},r=1,c=false/false,a=IDLE,uri=//localhost:35601/,age=0} parsed true HttpParser{s=CONTENT,0 of -1}
02:09:59.418 [qtp961160488-19] DEBUG org.eclipse.jetty.server.HttpConnection - releaseRequestBuffer HttpConnection@1b6f301f::SocketChannelEndPoint@3bf7962e{l=/127.0.0.1:35601,r=/127.0.0.1:47022,OPEN,fill=-,flush=-,to=1/3000}{io=0/0,kio=0,kro=1}->HttpConnection@1b6f301f[p=HttpParser{s=CONTENT,0 of -1},g=HttpGenerator@19683377{s=START}]=>HttpChannelOverHttp@14c22028{s=HttpChannelState@7643ab32{s=IDLE rs=BLOCKING os=OPEN is=IDLE awp=false se=false i=true al=0},r=1,c=false/false,a=IDLE,uri=//localhost:35601/,age=0}
02:09:59.418 [qtp961160488-19] DEBUG org.eclipse.jetty.server.HttpChannel - handle //localhost:35601/ HttpChannelOverHttp@14c22028{s=HttpChannelState@7643ab32{s=IDLE rs=BLOCKING os=OPEN is=IDLE awp=false se=false i=true al=0},r=1,c=false/false,a=IDLE,uri=//localhost:35601/,age=0} 
02:09:59.418 [qtp961160488-19] DEBUG org.eclipse.jetty.server.HttpChannelState - handling HttpChannelState@7643ab32{s=IDLE rs=BLOCKING os=OPEN is=IDLE awp=false se=false i=true al=0}
02:09:59.418 [qtp961160488-19] DEBUG org.eclipse.jetty.server.HttpChannel - action DISPATCH HttpChannelOverHttp@14c22028{s=HttpChannelState@7643ab32{s=HANDLING rs=BLOCKING os=OPEN is=IDLE awp=false se=false i=true al=0},r=1,c=false/false,a=HANDLING,uri=//localhost:35601/,age=0}
02:09:59.419 [qtp961160488-19] DEBUG org.eclipse.jetty.server.Server - REQUEST GET / on HttpChannelOverHttp@14c22028{s=HttpChannelState@7643ab32{s=HANDLING rs=BLOCKING os=OPEN is=IDLE awp=false se=false i=true al=0},r=1,c=false/false,a=HANDLING,uri=//localhost:35601/,age=1}
02:09:59.419 [qtp961160488-19] DEBUG org.eclipse.jetty.server.HttpOutput - write(array HeapByteBuffer@7eb53fd7[p=0,l=4,c=512,r=4]={<<<test>>>\x00\x00\x00\x00\x00\x00\x00\x00\x00...\x00\x00\x00\x00\x00\x00\x00})
02:09:59.419 [qtp961160488-19] DEBUG org.eclipse.jetty.server.HttpOutput - write(array) s=CLOSING,api=BLOCKED,sc=false,e=null last=true agg=false flush=true async=false, len=4 null
02:09:59.419 [qtp961160488-19] DEBUG org.eclipse.jetty.server.HttpChannel - sendResponse info=null content=HeapByteBuffer@31d8e7c1[p=0,l=4,c=512,r=4]={<<<test>>>\x00\x00\x00\x00\x00\x00\x00\x00\x00...\x00\x00\x00\x00\x00\x00\x00} complete=true committing=true callback=Blocker@4f818343{null}
02:09:59.419 [qtp961160488-19] DEBUG org.eclipse.jetty.server.HttpChannel - COMMIT for / on HttpChannelOverHttp@14c22028{s=HttpChannelState@7643ab32{s=HANDLING rs=BLOCKING os=COMMITTED is=IDLE awp=false se=false i=true al=0},r=1,c=false/false,a=HANDLING,uri=//localhost:35601/,age=1}
200 null HTTP/1.1
Date: Thu, 02 May 2024 01:09:59 GMT
ETag: testEtag
Content-Type: text/plain;charset=utf-8
Content-Length: 4


02:09:59.419 [qtp961160488-19] DEBUG org.eclipse.jetty.server.HttpConnection - generate: NEED_HEADER for SendCallback@490605e8[PROCESSING][i=HTTP/1.1{s=200,h=4,cl=4},cb=org.eclipse.jetty.server.HttpChannel$SendCallback@1e9ac098] (null,[p=0,l=4,c=512,r=4],true)@START
02:09:59.419 [qtp961160488-19] DEBUG org.eclipse.jetty.http.HttpGenerator - generateHeaders HTTP/1.1{s=200,h=4,cl=4} last=true content=HeapByteBuffer@31d8e7c1[p=0,l=4,c=512,r=4]={<<<test>>>\x00\x00\x00\x00\x00\x00\x00\x00\x00...\x00\x00\x00\x00\x00\x00\x00}
02:09:59.419 [qtp961160488-19] DEBUG org.eclipse.jetty.http.HttpGenerator - Date: Thu, 02 May 2024 01:09:59 GMT
ETag: testEtag
Content-Type: text/plain;charset=utf-8
Content-Length: 4


02:09:59.419 [qtp961160488-19] DEBUG org.eclipse.jetty.http.HttpGenerator - CONTENT_LENGTH
02:09:59.419 [qtp961160488-19] DEBUG org.eclipse.jetty.server.HttpConnection - generate: FLUSH for SendCallback@490605e8[PROCESSING][i=HTTP/1.1{s=200,h=4,cl=4},cb=org.eclipse.jetty.server.HttpChannel$SendCallback@1e9ac098] ([p=0,l=164,c=8192,r=164],[p=0,l=4,c=512,r=4],true)@COMPLETING
02:09:59.419 [qtp961160488-19] DEBUG org.eclipse.jetty.io.WriteFlusher - write: WriteFlusher@680ada65{IDLE}->null [HeapByteBuffer@293c2d56[p=0,l=164,c=8192,r=164]={<<<HTTP/1.1 200 OK\r\nDate: Th...y(9.4.44.v20210927)\r\n\r\n>>>\x00\x00\x00\x00\x00\x00\x00\x00\x00...\x00\x00\x00\x00\x00\x00\x00},HeapByteBuffer@31d8e7c1[p=0,l=4,c=512,r=4]={<<<test>>>\x00\x00\x00\x00\x00\x00\x00\x00\x00...\x00\x00\x00\x00\x00\x00\x00}]
02:09:59.419 [qtp961160488-19] DEBUG org.eclipse.jetty.io.WriteFlusher - update WriteFlusher@680ada65{WRITING}->null:IDLE-->WRITING
02:09:59.419 [qtp961160488-19] DEBUG org.eclipse.jetty.io.ChannelEndPoint - flushed 168 SocketChannelEndPoint@3bf7962e{l=/127.0.0.1:35601,r=/127.0.0.1:47022,OPEN,fill=-,flush=W,to=2/3000}{io=0/0,kio=0,kro=1}->HttpConnection@1b6f301f[p=HttpParser{s=CONTENT,0 of -1},g=HttpGenerator@19683377{s=COMPLETING}]=>HttpChannelOverHttp@14c22028{s=HttpChannelState@7643ab32{s=HANDLING rs=BLOCKING os=COMMITTED is=IDLE awp=false se=false i=true al=0},r=1,c=false/false,a=HANDLING,uri=//localhost:35601/,age=1}
02:09:59.419 [main] DEBUG org.apache.nifi.minifi.bootstrap.configuration.ingestors.PullHttpChangeIngestor - Response received: Response{protocol=http/1.1, code=200, message=OK, url=http://localhost:35601/}
02:09:59.419 [qtp961160488-19] DEBUG org.eclipse.jetty.io.WriteFlusher - Flushed=true written=168 remaining=0 WriteFlusher@680ada65{WRITING}->null
02:09:59.419 [qtp961160488-19] DEBUG org.eclipse.jetty.io.WriteFlusher - update WriteFlusher@680ada65{IDLE}->null:WRITING-->IDLE
02:09:59.419 [qtp961160488-19] DEBUG org.eclipse.jetty.server.HttpConnection - generate: DONE for SendCallback@490605e8[PROCESSING][i=HTTP/1.1{s=200,h=4,cl=4},cb=org.eclipse.jetty.server.HttpChannel$SendCallback@1e9ac098] ([p=164,l=164,c=8192,r=0],[p=4,l=4,c=512,r=0],true)@END
02:09:59.419 [main] DEBUG org.apache.nifi.minifi.bootstrap.configuration.ingestors.PullHttpChangeIngestor - New change received, notifying listener
02:09:59.420 [qtp961160488-19] DEBUG org.eclipse.jetty.server.HttpOutput - onWriteComplete(true,null) s=CLOSING,api=BLOCKED,sc=false,e=null->s=CLOSED,api=BLOCKING,sc=false,e=null c=null cb=null w=false
02:09:59.420 [main] DEBUG org.apache.nifi.minifi.bootstrap.configuration.ingestors.PullHttpChangeIngestor - Listeners notified
02:09:59.420 [qtp961160488-19] DEBUG org.eclipse.jetty.server.HttpOutput - close() s=CLOSED,api=BLOCKING,sc=false,e=null c=null b=null
02:09:59.420 [qtp961160488-19] DEBUG org.eclipse.jetty.server.Server - handled=true async=false committed=true on HttpChannelOverHttp@14c22028{s=HttpChannelState@7643ab32{s=HANDLING rs=BLOCKING os=COMPLETED is=IDLE awp=false se=false i=true al=0},r=1,c=false/true,a=HANDLING,uri=//localhost:35601/,age=2}
02:09:59.420 [qtp961160488-19] DEBUG org.eclipse.jetty.server.HttpChannelState - unhandle HttpChannelState@7643ab32{s=HANDLING rs=BLOCKING os=COMPLETED is=IDLE awp=false se=false i=true al=0}
02:09:59.420 [qtp961160488-19] DEBUG org.eclipse.jetty.server.HttpChannelState - nextAction(false) COMPLETE HttpChannelState@7643ab32{s=HANDLING rs=COMPLETING os=COMPLETED is=IDLE awp=false se=false i=false al=0}
]]></system-out>
  </testcase>
  <testcase name="testUseEtagWithPath" classname="org.apache.nifi.minifi.bootstrap.configuration.ingestors.PullHttpChangeIngestorTest" time="0.021">
    <system-out><![CDATA[02:09:59.420 [qtp961160488-19] DEBUG org.eclipse.jetty.server.HttpChannel - action COMPLETE HttpChannelOverHttp@14c22028{s=HttpChannelState@7643ab32{s=HANDLING rs=COMPLETING os=COMPLETED is=IDLE awp=false se=false i=false al=0},r=1,c=false/true,a=HANDLING,uri=//localhost:35601/,age=2}
02:09:59.420 [qtp961160488-19] DEBUG org.eclipse.jetty.server.HttpOutput - complete(org.eclipse.jetty.util.Callback$3@2b52c7bc) s=CLOSED,api=BLOCKING,sc=false,e=null s=true e=null, c=null
02:09:59.420 [qtp961160488-19] DEBUG org.eclipse.jetty.server.HttpChannelState - completed HttpChannelState@7643ab32{s=HANDLING rs=COMPLETING os=COMPLETED is=IDLE awp=false se=false i=false al=0}
02:09:59.420 [qtp961160488-19] DEBUG org.eclipse.jetty.server.HttpChannelState - unhandle HttpChannelState@7643ab32{s=HANDLING rs=COMPLETED os=COMPLETED is=IDLE awp=false se=false i=false al=0}
02:09:59.420 [qtp961160488-19] DEBUG org.eclipse.jetty.server.HttpChannelState - nextAction(false) TERMINATED HttpChannelState@7643ab32{s=IDLE rs=COMPLETED os=COMPLETED is=IDLE awp=false se=false i=false al=0}
02:09:59.420 [qtp961160488-19] DEBUG org.eclipse.jetty.server.HttpChannel - action TERMINATED HttpChannelOverHttp@14c22028{s=HttpChannelState@7643ab32{s=IDLE rs=COMPLETED os=COMPLETED is=IDLE awp=false se=false i=false al=0},r=1,c=true/true,a=IDLE,uri=//localhost:35601/,age=2}
02:09:59.420 [qtp961160488-19] DEBUG org.eclipse.jetty.server.HttpChannel - onCompleted for / written=4
02:09:59.420 [qtp961160488-19] DEBUG org.eclipse.jetty.io.ChannelEndPoint - filled 0 HeapByteBuffer@293c2d56[p=0,l=0,c=8192,r=0]={<<<>>>HTTP/1.1 ...\x00\x00\x00\x00\x00\x00\x00}
02:09:59.420 [qtp961160488-19] DEBUG org.eclipse.jetty.io.ChannelEndPoint - filled 0 HeapByteBuffer@293c2d56[p=0,l=0,c=8192,r=0]={<<<>>>HTTP/1.1 ...\x00\x00\x00\x00\x00\x00\x00}
02:09:59.421 [qtp961160488-19] DEBUG org.eclipse.jetty.server.HttpConnection - HttpConnection@1b6f301f::SocketChannelEndPoint@3bf7962e{l=/127.0.0.1:35601,r=/127.0.0.1:47022,OPEN,fill=-,flush=-,to=1/3000}{io=0/0,kio=0,kro=1}->HttpConnection@1b6f301f[p=HttpParser{s=CONTENT,0 of -1},g=HttpGenerator@19683377{s=END}]=>HttpChannelOverHttp@14c22028{s=HttpChannelState@7643ab32{s=IDLE rs=COMPLETED os=COMPLETED is=IDLE awp=false se=false i=false al=0},r=1,c=true/true,a=IDLE,uri=//localhost:35601/,age=3} filled 0 HeapByteBuffer@293c2d56[p=0,l=0,c=8192,r=0]={<<<>>>HTTP/1.1 ...\x00\x00\x00\x00\x00\x00\x00}
02:09:59.421 [qtp961160488-19] DEBUG org.eclipse.jetty.server.HttpConnection - HttpConnection@1b6f301f::SocketChannelEndPoint@3bf7962e{l=/127.0.0.1:35601,r=/127.0.0.1:47022,OPEN,fill=-,flush=-,to=1/3000}{io=0/0,kio=0,kro=1}->HttpConnection@1b6f301f[p=HttpParser{s=CONTENT,0 of -1},g=HttpGenerator@19683377{s=END}]=>HttpChannelOverHttp@14c22028{s=HttpChannelState@7643ab32{s=IDLE rs=COMPLETED os=COMPLETED is=IDLE awp=false se=false i=false al=0},r=1,c=true/true,a=IDLE,uri=//localhost:35601/,age=3} parse HeapByteBuffer@293c2d56[p=0,l=0,c=8192,r=0]={<<<>>>HTTP/1.1 ...\x00\x00\x00\x00\x00\x00\x00} {}
02:09:59.421 [qtp961160488-19] DEBUG org.eclipse.jetty.http.HttpParser - parseNext s=CONTENT HeapByteBuffer@293c2d56[p=0,l=0,c=8192,r=0]={<<<>>>HTTP/1.1 ...\x00\x00\x00\x00\x00\x00\x00}
02:09:59.421 [qtp961160488-19] DEBUG org.eclipse.jetty.http.HttpParser - CONTENT --> CONTENT_END
02:09:59.421 [qtp961160488-19] DEBUG org.eclipse.jetty.server.HttpChannel - onContentComplete HttpChannelOverHttp@14c22028{s=HttpChannelState@7643ab32{s=IDLE rs=COMPLETED os=COMPLETED is=IDLE awp=false se=false i=false al=0},r=1,c=true/true,a=IDLE,uri=//localhost:35601/,age=3}
02:09:59.421 [qtp961160488-19] DEBUG org.eclipse.jetty.http.HttpParser - CONTENT_END --> END
02:09:59.421 [qtp961160488-19] DEBUG org.eclipse.jetty.server.HttpChannel - onRequestComplete HttpChannelOverHttp@14c22028{s=HttpChannelState@7643ab32{s=IDLE rs=COMPLETED os=COMPLETED is=IDLE awp=false se=false i=false al=0},r=1,c=true/true,a=IDLE,uri=//localhost:35601/,age=3}
02:09:59.421 [qtp961160488-19] DEBUG org.eclipse.jetty.server.HttpInput - HttpInputOverHTTP@5202ae7b[c=0,q=0,[0]=null,s=STREAM] addContent EOF
02:09:59.421 [qtp961160488-19] DEBUG org.eclipse.jetty.server.HttpConnection - HttpConnection@1b6f301f::SocketChannelEndPoint@3bf7962e{l=/127.0.0.1:35601,r=/127.0.0.1:47022,OPEN,fill=-,flush=-,to=1/3000}{io=0/0,kio=0,kro=1}->HttpConnection@1b6f301f[p=HttpParser{s=END,0 of -1},g=HttpGenerator@19683377{s=END}]=>HttpChannelOverHttp@14c22028{s=HttpChannelState@7643ab32{s=IDLE rs=COMPLETED os=COMPLETED is=IDLE awp=false se=false i=false al=0},r=1,c=true/true,a=IDLE,uri=//localhost:35601/,age=3} parsed false HttpParser{s=END,0 of -1}
02:09:59.421 [main] DEBUG org.apache.nifi.minifi.bootstrap.configuration.ingestors.PullHttpChangeIngestor - Attempting to pull new config
02:09:59.421 [qtp961160488-19] DEBUG org.eclipse.jetty.server.HttpConnection - releaseRequestBuffer HttpConnection@1b6f301f::SocketChannelEndPoint@3bf7962e{l=/127.0.0.1:35601,r=/127.0.0.1:47022,OPEN,fill=-,flush=-,to=1/3000}{io=0/0,kio=0,kro=1}->HttpConnection@1b6f301f[p=HttpParser{s=END,0 of -1},g=HttpGenerator@19683377{s=END}]=>HttpChannelOverHttp@14c22028{s=HttpChannelState@7643ab32{s=IDLE rs=COMPLETED os=COMPLETED is=IDLE awp=false se=false i=false al=0},r=1,c=true/true,a=IDLE,uri=//localhost:35601/,age=3}
02:09:59.421 [qtp961160488-19] DEBUG org.eclipse.jetty.server.HttpChannelState - recycle HttpChannelState@7643ab32{s=IDLE rs=COMPLETED os=COMPLETED is=IDLE awp=false se=false i=false al=0}
02:09:59.421 [qtp961160488-19] DEBUG org.eclipse.jetty.http.HttpParser - reset HttpParser{s=END,0 of -1}
02:09:59.421 [qtp961160488-19] DEBUG org.eclipse.jetty.http.HttpParser - END --> START
02:09:59.422 [qtp961160488-19] DEBUG org.eclipse.jetty.server.HttpChannel - !handle TERMINATED HttpChannelOverHttp@14c22028{s=HttpChannelState@7643ab32{s=IDLE rs=BLOCKING os=OPEN is=IDLE awp=false se=false i=true al=0},r=1,c=false/false,a=IDLE,uri=null,age=0}
02:09:59.422 [qtp961160488-19] DEBUG org.eclipse.jetty.io.ChannelEndPoint - filled 0 HeapByteBuffer@293c2d56[p=0,l=0,c=8192,r=0]={<<<>>>HTTP/1.1 ...\x00\x00\x00\x00\x00\x00\x00}
02:09:59.422 [qtp961160488-19] DEBUG org.eclipse.jetty.io.ChannelEndPoint - filled 0 HeapByteBuffer@293c2d56[p=0,l=0,c=8192,r=0]={<<<>>>HTTP/1.1 ...\x00\x00\x00\x00\x00\x00\x00}
02:09:59.422 [qtp961160488-19] DEBUG org.eclipse.jetty.server.HttpConnection - HttpConnection@1b6f301f::SocketChannelEndPoint@3bf7962e{l=/127.0.0.1:35601,r=/127.0.0.1:47022,OPEN,fill=-,flush=-,to=2/3000}{io=0/0,kio=0,kro=1}->HttpConnection@1b6f301f[p=HttpParser{s=START,0 of -1},g=HttpGenerator@19683377{s=START}]=>HttpChannelOverHttp@14c22028{s=HttpChannelState@7643ab32{s=IDLE rs=BLOCKING os=OPEN is=IDLE awp=false se=false i=true al=0},r=1,c=false/false,a=IDLE,uri=null,age=0} filled 0 HeapByteBuffer@293c2d56[p=0,l=0,c=8192,r=0]={<<<>>>HTTP/1.1 ...\x00\x00\x00\x00\x00\x00\x00}
02:09:59.422 [qtp961160488-18-acceptor-0@1e1a0406-ServerConnector@446293d{HTTP/1.1, (http/1.1)}{localhost:35601}] DEBUG org.eclipse.jetty.io.ManagedSelector - Queued change lazy=false Accept@56aad7c4[java.nio.channels.SocketChannel[connected local=/127.0.0.1:35601 remote=/127.0.0.1:47034]] on ManagedSelector@194bcebf{STARTED} id=0 keys=0 selected=0 updates=0
02:09:59.422 [qtp961160488-18-acceptor-0@1e1a0406-ServerConnector@446293d{HTTP/1.1, (http/1.1)}{localhost:35601}] DEBUG org.eclipse.jetty.io.ManagedSelector - Wakeup on submit ManagedSelector@194bcebf{STARTED} id=0 keys=0 selected=0 updates=1
02:09:59.422 [qtp961160488-19] DEBUG org.eclipse.jetty.server.HttpConnection - HttpConnection@1b6f301f::SocketChannelEndPoint@3bf7962e{l=/127.0.0.1:35601,r=/127.0.0.1:47022,OPEN,fill=-,flush=-,to=2/3000}{io=0/0,kio=0,kro=1}->HttpConnection@1b6f301f[p=HttpParser{s=START,0 of -1},g=HttpGenerator@19683377{s=START}]=>HttpChannelOverHttp@14c22028{s=HttpChannelState@7643ab32{s=IDLE rs=BLOCKING os=OPEN is=IDLE awp=false se=false i=true al=0},r=1,c=false/false,a=IDLE,uri=null,age=0} parse HeapByteBuffer@293c2d56[p=0,l=0,c=8192,r=0]={<<<>>>HTTP/1.1 ...\x00\x00\x00\x00\x00\x00\x00} {}
02:09:59.422 [qtp961160488-15] DEBUG org.eclipse.jetty.io.ManagedSelector - Selector sun.nio.ch.EPollSelectorImpl@750a6cdb woken with none selected
02:09:59.422 [qtp961160488-19] DEBUG org.eclipse.jetty.http.HttpParser - parseNext s=START HeapByteBuffer@293c2d56[p=0,l=0,c=8192,r=0]={<<<>>>HTTP/1.1 ...\x00\x00\x00\x00\x00\x00\x00}
02:09:59.422 [qtp961160488-15] DEBUG org.eclipse.jetty.io.ManagedSelector - Selector sun.nio.ch.EPollSelectorImpl@750a6cdb woken up from select, 0/0/0 selected
02:09:59.422 [qtp961160488-15] DEBUG org.eclipse.jetty.io.ManagedSelector - Selector sun.nio.ch.EPollSelectorImpl@750a6cdb processing 0 keys, 1 updates
02:09:59.422 [qtp961160488-15] DEBUG org.eclipse.jetty.io.ManagedSelector - updateable 1
02:09:59.422 [qtp961160488-15] DEBUG org.eclipse.jetty.io.ManagedSelector - update Accept@56aad7c4[java.nio.channels.SocketChannel[connected local=/127.0.0.1:35601 remote=/127.0.0.1:47034]]
02:09:59.422 [qtp961160488-19] DEBUG org.eclipse.jetty.server.HttpConnection - HttpConnection@1b6f301f::SocketChannelEndPoint@3bf7962e{l=/127.0.0.1:35601,r=/127.0.0.1:47022,OPEN,fill=-,flush=-,to=2/3000}{io=0/0,kio=0,kro=1}->HttpConnection@1b6f301f[p=HttpParser{s=START,0 of -1},g=HttpGenerator@19683377{s=START}]=>HttpChannelOverHttp@14c22028{s=HttpChannelState@7643ab32{s=IDLE rs=BLOCKING os=OPEN is=IDLE awp=false se=false i=true al=0},r=1,c=false/false,a=IDLE,uri=null,age=0} parsed false HttpParser{s=START,0 of -1}
02:09:59.422 [qtp961160488-15] DEBUG org.eclipse.jetty.util.thread.QueuedThreadPool - queue Accept@56aad7c4[java.nio.channels.SocketChannel[connected local=/127.0.0.1:35601 remote=/127.0.0.1:47034]] startThread=0
02:09:59.422 [qtp961160488-15] DEBUG org.eclipse.jetty.io.ManagedSelector - updates 0
02:09:59.422 [qtp961160488-20] DEBUG org.eclipse.jetty.util.thread.QueuedThreadPool - run Accept@56aad7c4[java.nio.channels.SocketChannel[connected local=/127.0.0.1:35601 remote=/127.0.0.1:47034]] in QueuedThreadPool[qtp961160488]@394a2528{STARTED,8<=8<=200,i=0,r=-1,q=0}[ReservedThreadExecutor@383bfa16{reserved=1/8,pending=0}]
02:09:59.422 [qtp961160488-15] DEBUG org.eclipse.jetty.io.ManagedSelector - Selector sun.nio.ch.EPollSelectorImpl@750a6cdb waiting with 1 keys
02:09:59.422 [qtp961160488-19] DEBUG org.eclipse.jetty.server.HttpConnection - releaseRequestBuffer HttpConnection@1b6f301f::SocketChannelEndPoint@3bf7962e{l=/127.0.0.1:35601,r=/127.0.0.1:47022,OPEN,fill=-,flush=-,to=2/3000}{io=0/0,kio=0,kro=1}->HttpConnection@1b6f301f[p=HttpParser{s=START,0 of -1},g=HttpGenerator@19683377{s=START}]=>HttpChannelOverHttp@14c22028{s=HttpChannelState@7643ab32{s=IDLE rs=BLOCKING os=OPEN is=IDLE awp=false se=false i=true al=0},r=1,c=false/false,a=IDLE,uri=null,age=0}
02:09:59.422 [qtp961160488-20] DEBUG org.eclipse.jetty.io.IdleTimeout - SocketChannelEndPoint@78cfda2c{l=/127.0.0.1:35601,r=/127.0.0.1:47034,OPEN,fill=-,flush=-,to=0/3000}{io=0/0,kio=0,kro=0}-><null> idle timeout check, elapsed: 0 ms, remaining: 3000 ms
02:09:59.423 [qtp961160488-20] DEBUG org.eclipse.jetty.server.HttpChannel - new HttpChannelOverHttp@20e4adc9{s=HttpChannelState@1acdb31f{s=IDLE rs=BLOCKING os=OPEN is=IDLE awp=false se=false i=true al=0},r=0,c=false/false,a=IDLE,uri=null,age=0} -> SocketChannelEndPoint@78cfda2c{l=/127.0.0.1:35601,r=/127.0.0.1:47034,OPEN,fill=-,flush=-,to=0/3000}{io=0/0,kio=0,kro=0}-><null>,null,HttpChannelState@1acdb31f{s=IDLE rs=BLOCKING os=OPEN is=IDLE awp=false se=false i=true al=0}
02:09:59.423 [qtp961160488-19] DEBUG org.eclipse.jetty.io.AbstractConnection - fillInterested HttpConnection@1b6f301f::SocketChannelEndPoint@3bf7962e{l=/127.0.0.1:35601,r=/127.0.0.1:47022,OPEN,fill=-,flush=-,to=3/3000}{io=0/0,kio=0,kro=1}->HttpConnection@1b6f301f[p=HttpParser{s=START,0 of -1},g=HttpGenerator@19683377{s=START}]=>HttpChannelOverHttp@14c22028{s=HttpChannelState@7643ab32{s=IDLE rs=BLOCKING os=OPEN is=IDLE awp=false se=false i=true al=0},r=1,c=false/false,a=IDLE,uri=null,age=0}
02:09:59.423 [qtp961160488-20] DEBUG org.eclipse.jetty.server.HttpConnection - New HTTP Connection HttpConnection@2b2e7201::SocketChannelEndPoint@78cfda2c{l=/127.0.0.1:35601,r=/127.0.0.1:47034,OPEN,fill=-,flush=-,to=0/3000}{io=0/0,kio=0,kro=0}-><null>
02:09:59.423 [qtp961160488-20] DEBUG org.eclipse.jetty.io.ManagedSelector - Queued change lazy=true org.eclipse.jetty.io.ManagedSelector$$Lambda$258/615682846@2d36c3f2 on ManagedSelector@194bcebf{STARTED} id=0 keys=1 selected=0 updates=0
02:09:59.423 [qtp961160488-19] DEBUG org.eclipse.jetty.io.FillInterest - interested FillInterest@72990153{AC.ReadCB@1b6f301f{HttpConnection@1b6f301f::SocketChannelEndPoint@3bf7962e{l=/127.0.0.1:35601,r=/127.0.0.1:47022,OPEN,fill=FI,flush=-,to=0/3000}{io=0/0,kio=0,kro=1}->HttpConnection@1b6f301f[p=HttpParser{s=START,0 of -1},g=HttpGenerator@19683377{s=START}]=>HttpChannelOverHttp@14c22028{s=HttpChannelState@7643ab32{s=IDLE rs=BLOCKING os=OPEN is=IDLE awp=false se=false i=true al=0},r=1,c=false/false,a=IDLE,uri=null,age=0}}}
02:09:59.423 [qtp961160488-20] DEBUG org.eclipse.jetty.io.AbstractEndPoint - onOpen SocketChannelEndPoint@78cfda2c{l=/127.0.0.1:35601,r=/127.0.0.1:47034,OPEN,fill=-,flush=-,to=0/3000}{io=0/0,kio=0,kro=0}->HttpConnection@2b2e7201[p=HttpParser{s=START,0 of -1},g=HttpGenerator@2839b978{s=START}]=>HttpChannelOverHttp@20e4adc9{s=HttpChannelState@1acdb31f{s=IDLE rs=BLOCKING os=OPEN is=IDLE awp=false se=false i=true al=0},r=0,c=false/false,a=IDLE,uri=null,age=0}
02:09:59.423 [qtp961160488-20] DEBUG org.eclipse.jetty.io.AbstractConnection - onOpen HttpConnection@2b2e7201::SocketChannelEndPoint@78cfda2c{l=/127.0.0.1:35601,r=/127.0.0.1:47034,OPEN,fill=-,flush=-,to=0/3000}{io=0/0,kio=0,kro=0}->HttpConnection@2b2e7201[p=HttpParser{s=START,0 of -1},g=HttpGenerator@2839b978{s=START}]=>HttpChannelOverHttp@20e4adc9{s=HttpChannelState@1acdb31f{s=IDLE rs=BLOCKING os=OPEN is=IDLE awp=false se=false i=true al=0},r=0,c=false/false,a=IDLE,uri=null,age=0}
02:09:59.423 [qtp961160488-19] DEBUG org.eclipse.jetty.io.ChannelEndPoint - changeInterests p=false 0->1 for SocketChannelEndPoint@3bf7962e{l=/127.0.0.1:35601,r=/127.0.0.1:47022,OPEN,fill=FI,flush=-,to=0/3000}{io=0/1,kio=0,kro=1}->HttpConnection@1b6f301f[p=HttpParser{s=START,0 of -1},g=HttpGenerator@19683377{s=START}]=>HttpChannelOverHttp@14c22028{s=HttpChannelState@7643ab32{s=IDLE rs=BLOCKING os=OPEN is=IDLE awp=false se=false i=true al=0},r=1,c=false/false,a=IDLE,uri=null,age=0}
02:09:59.423 [qtp961160488-20] DEBUG org.eclipse.jetty.io.AbstractConnection - fillInterested HttpConnection@2b2e7201::SocketChannelEndPoint@78cfda2c{l=/127.0.0.1:35601,r=/127.0.0.1:47034,OPEN,fill=-,flush=-,to=0/3000}{io=0/0,kio=0,kro=0}->HttpConnection@2b2e7201[p=HttpParser{s=START,0 of -1},g=HttpGenerator@2839b978{s=START}]=>HttpChannelOverHttp@20e4adc9{s=HttpChannelState@1acdb31f{s=IDLE rs=BLOCKING os=OPEN is=IDLE awp=false se=false i=true al=0},r=0,c=false/false,a=IDLE,uri=null,age=0}
02:09:59.423 [qtp961160488-19] DEBUG org.eclipse.jetty.io.ManagedSelector - Queued change lazy=false org.eclipse.jetty.io.ChannelEndPoint$$Lambda$255/1830220082@101428d7 on ManagedSelector@1de5f259{STARTED} id=3 keys=1 selected=0 updates=0
02:09:59.423 [qtp961160488-19] DEBUG org.eclipse.jetty.io.ManagedSelector - Wakeup on submit ManagedSelector@1de5f259{STARTED} id=3 keys=1 selected=0 updates=1
02:09:59.423 [qtp961160488-20] DEBUG org.eclipse.jetty.io.FillInterest - interested FillInterest@5f1ba22b{AC.ReadCB@2b2e7201{HttpConnection@2b2e7201::SocketChannelEndPoint@78cfda2c{l=/127.0.0.1:35601,r=/127.0.0.1:47034,OPEN,fill=FI,flush=-,to=0/3000}{io=0/0,kio=0,kro=0}->HttpConnection@2b2e7201[p=HttpParser{s=START,0 of -1},g=HttpGenerator@2839b978{s=START}]=>HttpChannelOverHttp@20e4adc9{s=HttpChannelState@1acdb31f{s=IDLE rs=BLOCKING os=OPEN is=IDLE awp=false se=false i=true al=0},r=0,c=false/false,a=IDLE,uri=null,age=0}}}
02:09:59.423 [qtp961160488-21] DEBUG org.eclipse.jetty.io.ManagedSelector - Selector sun.nio.ch.EPollSelectorImpl@314fddb5 woken with none selected
02:09:59.423 [qtp961160488-21] DEBUG org.eclipse.jetty.io.ManagedSelector - Selector sun.nio.ch.EPollSelectorImpl@314fddb5 woken up from select, 0/0/1 selected
02:09:59.423 [qtp961160488-21] DEBUG org.eclipse.jetty.io.ManagedSelector - Selector sun.nio.ch.EPollSelectorImpl@314fddb5 processing 0 keys, 1 updates
02:09:59.423 [qtp961160488-21] DEBUG org.eclipse.jetty.io.ManagedSelector - updateable 1
02:09:59.423 [qtp961160488-21] DEBUG org.eclipse.jetty.io.ManagedSelector - update org.eclipse.jetty.io.ChannelEndPoint$$Lambda$255/1830220082@101428d7
02:09:59.423 [qtp961160488-20] DEBUG org.eclipse.jetty.io.ChannelEndPoint - changeInterests p=false 0->1 for SocketChannelEndPoint@78cfda2c{l=/127.0.0.1:35601,r=/127.0.0.1:47034,OPEN,fill=FI,flush=-,to=0/3000}{io=0/1,kio=0,kro=0}->HttpConnection@2b2e7201[p=HttpParser{s=START,0 of -1},g=HttpGenerator@2839b978{s=START}]=>HttpChannelOverHttp@20e4adc9{s=HttpChannelState@1acdb31f{s=IDLE rs=BLOCKING os=OPEN is=IDLE awp=false se=false i=true al=0},r=0,c=false/false,a=IDLE,uri=null,age=0}
02:09:59.423 [qtp961160488-19] DEBUG org.eclipse.jetty.server.HttpConnection - HttpConnection@1b6f301f::SocketChannelEndPoint@3bf7962e{l=/127.0.0.1:35601,r=/127.0.0.1:47022,OPEN,fill=FI,flush=-,to=0/3000}{io=0/1,kio=0,kro=1}->HttpConnection@1b6f301f[p=HttpParser{s=START,0 of -1},g=HttpGenerator@19683377{s=START}]=>HttpChannelOverHttp@14c22028{s=HttpChannelState@7643ab32{s=IDLE rs=BLOCKING os=OPEN is=IDLE awp=false se=false i=true al=0},r=1,c=false/false,a=IDLE,uri=null,age=0} onFillable exit HttpChannelState@7643ab32{s=IDLE rs=BLOCKING os=OPEN is=IDLE awp=false se=false i=true al=0} null
02:09:59.423 [qtp961160488-20] DEBUG org.eclipse.jetty.io.ManagedSelector - Queued change lazy=false org.eclipse.jetty.io.ChannelEndPoint$$Lambda$255/1830220082@77d6db3 on ManagedSelector@194bcebf{STARTED} id=0 keys=1 selected=0 updates=1
02:09:59.423 [qtp961160488-20] DEBUG org.eclipse.jetty.io.ManagedSelector - Wakeup on submit ManagedSelector@194bcebf{STARTED} id=0 keys=1 selected=0 updates=2
02:09:59.423 [qtp961160488-21] DEBUG org.eclipse.jetty.io.ChannelEndPoint - Key interests updated 0 -> 1 on SocketChannelEndPoint@3bf7962e{l=/127.0.0.1:35601,r=/127.0.0.1:47022,OPEN,fill=FI,flush=-,to=0/3000}{io=1/1,kio=1,kro=1}->HttpConnection@1b6f301f[p=HttpParser{s=START,0 of -1},g=HttpGenerator@19683377{s=START}]=>HttpChannelOverHttp@14c22028{s=HttpChannelState@7643ab32{s=IDLE rs=BLOCKING os=OPEN is=IDLE awp=false se=false i=true al=0},r=1,c=false/false,a=IDLE,uri=null,age=0}
02:09:59.423 [qtp961160488-19] DEBUG org.eclipse.jetty.util.thread.QueuedThreadPool - ran org.eclipse.jetty.io.ManagedSelector$$Lambda$253/838473569@21282ed8 in QueuedThreadPool[qtp961160488]@394a2528{STARTED,8<=8<=200,i=0,r=-1,q=0}[ReservedThreadExecutor@383bfa16{reserved=1/8,pending=0}]
02:09:59.423 [qtp961160488-21] DEBUG org.eclipse.jetty.io.ManagedSelector - updates 0
02:09:59.424 [qtp961160488-21] DEBUG org.eclipse.jetty.io.ManagedSelector - Selector sun.nio.ch.EPollSelectorImpl@314fddb5 waiting with 1 keys
02:09:59.424 [qtp961160488-20] DEBUG org.eclipse.jetty.io.ManagedSelector - Created SocketChannelEndPoint@78cfda2c{l=/127.0.0.1:35601,r=/127.0.0.1:47034,OPEN,fill=FI,flush=-,to=0/3000}{io=0/1,kio=0,kro=0}->HttpConnection@2b2e7201[p=HttpParser{s=START,0 of -1},g=HttpGenerator@2839b978{s=START}]=>HttpChannelOverHttp@20e4adc9{s=HttpChannelState@1acdb31f{s=IDLE rs=BLOCKING os=OPEN is=IDLE awp=false se=false i=true al=0},r=0,c=false/false,a=IDLE,uri=null,age=0}
02:09:59.424 [qtp961160488-15] DEBUG org.eclipse.jetty.io.ManagedSelector - Selector sun.nio.ch.EPollSelectorImpl@750a6cdb woken with none selected
02:09:59.424 [qtp961160488-15] DEBUG org.eclipse.jetty.io.ManagedSelector - Selector sun.nio.ch.EPollSelectorImpl@750a6cdb woken up from select, 0/0/1 selected
02:09:59.424 [qtp961160488-20] DEBUG org.eclipse.jetty.util.thread.QueuedThreadPool - ran Accept@56aad7c4[java.nio.channels.SocketChannel[connected local=/127.0.0.1:35601 remote=/127.0.0.1:47034]] in QueuedThreadPool[qtp961160488]@394a2528{STARTED,8<=8<=200,i=1,r=-1,q=0}[ReservedThreadExecutor@383bfa16{reserved=1/8,pending=0}]
02:09:59.424 [qtp961160488-15] DEBUG org.eclipse.jetty.io.ManagedSelector - Selector sun.nio.ch.EPollSelectorImpl@750a6cdb processing 0 keys, 2 updates
02:09:59.424 [qtp961160488-15] DEBUG org.eclipse.jetty.io.ManagedSelector - updateable 2
02:09:59.424 [qtp961160488-15] DEBUG org.eclipse.jetty.io.ManagedSelector - update org.eclipse.jetty.io.ManagedSelector$$Lambda$258/615682846@2d36c3f2
02:09:59.424 [qtp961160488-15] DEBUG org.eclipse.jetty.io.ManagedSelector - update org.eclipse.jetty.io.ChannelEndPoint$$Lambda$255/1830220082@77d6db3
02:09:59.424 [qtp961160488-15] DEBUG org.eclipse.jetty.io.ChannelEndPoint - Key interests updated 0 -> 1 on SocketChannelEndPoint@78cfda2c{l=/127.0.0.1:35601,r=/127.0.0.1:47034,OPEN,fill=FI,flush=-,to=0/3000}{io=1/1,kio=1,kro=0}->HttpConnection@2b2e7201[p=HttpParser{s=START,0 of -1},g=HttpGenerator@2839b978{s=START}]=>HttpChannelOverHttp@20e4adc9{s=HttpChannelState@1acdb31f{s=IDLE rs=BLOCKING os=OPEN is=IDLE awp=false se=false i=true al=0},r=0,c=false/false,a=IDLE,uri=null,age=0}
02:09:59.424 [qtp961160488-15] DEBUG org.eclipse.jetty.io.ManagedSelector - updates 0
02:09:59.424 [qtp961160488-15] DEBUG org.eclipse.jetty.io.ManagedSelector - Selector sun.nio.ch.EPollSelectorImpl@750a6cdb waiting with 1 keys
02:09:59.424 [qtp961160488-15] DEBUG org.eclipse.jetty.io.ManagedSelector - Selector sun.nio.ch.EPollSelectorImpl@750a6cdb woken up from select, 1/1/1 selected
02:09:59.424 [qtp961160488-15] DEBUG org.eclipse.jetty.io.ManagedSelector - Selector sun.nio.ch.EPollSelectorImpl@750a6cdb processing 1 keys, 0 updates
02:09:59.424 [qtp961160488-15] DEBUG org.eclipse.jetty.io.ManagedSelector - selected 1 sun.nio.ch.SelectionKeyImpl@7f9d4abf SocketChannelEndPoint@78cfda2c{l=/127.0.0.1:35601,r=/127.0.0.1:47034,OPEN,fill=FI,flush=-,to=0/3000}{io=1/1,kio=1,kro=1}->HttpConnection@2b2e7201[p=HttpParser{s=START,0 of -1},g=HttpGenerator@2839b978{s=START}]=>HttpChannelOverHttp@20e4adc9{s=HttpChannelState@1acdb31f{s=IDLE rs=BLOCKING os=OPEN is=IDLE awp=false se=false i=true al=0},r=0,c=false/false,a=IDLE,uri=null,age=0} 
02:09:59.424 [qtp961160488-15] DEBUG org.eclipse.jetty.io.ChannelEndPoint - onSelected 1->0 r=true w=false for SocketChannelEndPoint@78cfda2c{l=/127.0.0.1:35601,r=/127.0.0.1:47034,OPEN,fill=FI,flush=-,to=0/3000}{io=1/0,kio=1,kro=1}->HttpConnection@2b2e7201[p=HttpParser{s=START,0 of -1},g=HttpGenerator@2839b978{s=START}]=>HttpChannelOverHttp@20e4adc9{s=HttpChannelState@1acdb31f{s=IDLE rs=BLOCKING os=OPEN is=IDLE awp=false se=false i=true al=0},r=0,c=false/false,a=IDLE,uri=null,age=0}
02:09:59.424 [qtp961160488-15] DEBUG org.eclipse.jetty.io.ChannelEndPoint - task CEP:SocketChannelEndPoint@78cfda2c{l=/127.0.0.1:35601,r=/127.0.0.1:47034,OPEN,fill=FI,flush=-,to=1/3000}{io=1/0,kio=1,kro=1}->HttpConnection@2b2e7201[p=HttpParser{s=START,0 of -1},g=HttpGenerator@2839b978{s=START}]=>HttpChannelOverHttp@20e4adc9{s=HttpChannelState@1acdb31f{s=IDLE rs=BLOCKING os=OPEN is=IDLE awp=false se=false i=true al=0},r=0,c=false/false,a=IDLE,uri=null,age=0}:runFillable:BLOCKING
02:09:59.424 [qtp961160488-15] DEBUG org.eclipse.jetty.util.thread.ReservedThreadExecutor - ReservedThreadExecutor@383bfa16{reserved=1/8,pending=0} tryExecute EatWhatYouKill@25fb8912/SelectorProducer@d5b810e/PRODUCING/p=false/QueuedThreadPool[qtp961160488]@394a2528{STARTED,8<=8<=200,i=2,r=-1,q=0}[ReservedThreadExecutor@383bfa16{reserved=1/8,pending=0}][pc=0,pic=0,pec=0,epc=0]@2024-05-02T02:09:59.424+01:00
02:09:59.424 [qtp961160488-15] DEBUG org.eclipse.jetty.util.thread.ReservedThreadExecutor - ReservedThreadExecutor@383bfa16{reserved=0/8,pending=1} startReservedThread p=1
02:09:59.425 [qtp961160488-15] DEBUG org.eclipse.jetty.util.thread.QueuedThreadPool - queue ReservedThread@5d49b323{PENDING,thread=null} startThread=0
02:09:59.425 [qtp961160488-19] DEBUG org.eclipse.jetty.util.thread.QueuedThreadPool - run ReservedThread@5d49b323{PENDING,thread=null} in QueuedThreadPool[qtp961160488]@394a2528{STARTED,8<=8<=200,i=1,r=-1,q=0}[ReservedThreadExecutor@383bfa16{reserved=0/8,pending=1}]
02:09:59.425 [qtp961160488-19] DEBUG org.eclipse.jetty.util.thread.ReservedThreadExecutor - ReservedThread@5d49b323{PENDING,thread=Thread[qtp961160488-19,5,main]} was=PENDING next=RESERVED size=0+1 capacity=8
02:09:59.425 [qtp961160488-19] DEBUG org.eclipse.jetty.util.thread.ReservedThreadExecutor - ReservedThread@5d49b323{RESERVED,thread=Thread[qtp961160488-19,5,main]} waiting ReservedThreadExecutor@383bfa16{reserved=1/8,pending=0}
02:09:59.425 [qtp961160488-15] DEBUG org.eclipse.jetty.util.thread.strategy.EatWhatYouKill - EatWhatYouKill@25fb8912/SelectorProducer@d5b810e/IDLE/p=true/QueuedThreadPool[qtp961160488]@394a2528{STARTED,8<=8<=200,i=1,r=-1,q=0}[ReservedThreadExecutor@383bfa16{reserved=1/8,pending=0}][pc=0,pic=0,pec=0,epc=0]@2024-05-02T02:09:59.425+01:00 m=EXECUTE_PRODUCE_CONSUME t=CEP:SocketChannelEndPoint@78cfda2c{l=/127.0.0.1:35601,r=/127.0.0.1:47034,OPEN,fill=FI,flush=-,to=1/3000}{io=1/0,kio=1,kro=1}->HttpConnection@2b2e7201[p=HttpParser{s=START,0 of -1},g=HttpGenerator@2839b978{s=START}]=>HttpChannelOverHttp@20e4adc9{s=HttpChannelState@1acdb31f{s=IDLE rs=BLOCKING os=OPEN is=IDLE awp=false se=false i=true al=0},r=0,c=false/false,a=IDLE,uri=null,age=0}:runFillable:BLOCKING/BLOCKING
02:09:59.425 [qtp961160488-17] DEBUG org.eclipse.jetty.util.thread.ReservedThreadExecutor - ReservedThread@3bb7b6c5{RESERVED,thread=Thread[qtp961160488-17,5,main]} task=EatWhatYouKill@25fb8912/SelectorProducer@d5b810e/IDLE/p=true/QueuedThreadPool[qtp961160488]@394a2528{STARTED,8<=8<=200,i=1,r=-1,q=0}[ReservedThreadExecutor@383bfa16{reserved=1/8,pending=0}][pc=0,pic=0,pec=0,epc=0]@2024-05-02T02:09:59.425+01:00 ReservedThreadExecutor@383bfa16{reserved=1/8,pending=0}
02:09:59.425 [qtp961160488-15] DEBUG org.eclipse.jetty.io.FillInterest - fillable FillInterest@5f1ba22b{AC.ReadCB@2b2e7201{HttpConnection@2b2e7201::SocketChannelEndPoint@78cfda2c{l=/127.0.0.1:35601,r=/127.0.0.1:47034,OPEN,fill=FI,flush=-,to=1/3000}{io=1/0,kio=1,kro=1}->HttpConnection@2b2e7201[p=HttpParser{s=START,0 of -1},g=HttpGenerator@2839b978{s=START}]=>HttpChannelOverHttp@20e4adc9{s=HttpChannelState@1acdb31f{s=IDLE rs=BLOCKING os=OPEN is=IDLE awp=false se=false i=true al=0},r=0,c=false/false,a=IDLE,uri=null,age=0}}}
02:09:59.425 [qtp961160488-17] DEBUG org.eclipse.jetty.util.thread.strategy.EatWhatYouKill - EatWhatYouKill@25fb8912/SelectorProducer@d5b810e/IDLE/p=true/QueuedThreadPool[qtp961160488]@394a2528{STARTED,8<=8<=200,i=1,r=-1,q=0}[ReservedThreadExecutor@383bfa16{reserved=1/8,pending=0}][pc=0,pic=0,pec=0,epc=1]@2024-05-02T02:09:59.425+01:00 tryProduce true
02:09:59.425 [qtp961160488-17] DEBUG org.eclipse.jetty.io.ManagedSelector - updateable 0
02:09:59.425 [qtp961160488-17] DEBUG org.eclipse.jetty.io.ManagedSelector - updates 0
02:09:59.425 [qtp961160488-15] DEBUG org.eclipse.jetty.server.HttpConnection - HttpConnection@2b2e7201::SocketChannelEndPoint@78cfda2c{l=/127.0.0.1:35601,r=/127.0.0.1:47034,OPEN,fill=-,flush=-,to=1/3000}{io=1/0,kio=1,kro=1}->HttpConnection@2b2e7201[p=HttpParser{s=START,0 of -1},g=HttpGenerator@2839b978{s=START}]=>HttpChannelOverHttp@20e4adc9{s=HttpChannelState@1acdb31f{s=IDLE rs=BLOCKING os=OPEN is=IDLE awp=false se=false i=true al=0},r=0,c=false/false,a=IDLE,uri=null,age=0} onFillable enter HttpChannelState@1acdb31f{s=IDLE rs=BLOCKING os=OPEN is=IDLE awp=false se=false i=true al=0} null
02:09:59.425 [qtp961160488-17] DEBUG org.eclipse.jetty.io.ChannelEndPoint - Key interests updated 1 -> 0 on SocketChannelEndPoint@78cfda2c{l=/127.0.0.1:35601,r=/127.0.0.1:47034,OPEN,fill=-,flush=-,to=2/3000}{io=0/0,kio=0,kro=1}->HttpConnection@2b2e7201[p=HttpParser{s=START,0 of -1},g=HttpGenerator@2839b978{s=START}]=>HttpChannelOverHttp@20e4adc9{s=HttpChannelState@1acdb31f{s=IDLE rs=BLOCKING os=OPEN is=IDLE awp=false se=false i=true al=0},r=0,c=false/false,a=IDLE,uri=null,age=0}
02:09:59.425 [qtp961160488-17] DEBUG org.eclipse.jetty.io.ManagedSelector - Selector sun.nio.ch.EPollSelectorImpl@750a6cdb waiting with 1 keys
02:09:59.425 [qtp961160488-15] DEBUG org.eclipse.jetty.io.ChannelEndPoint - filled 142 HeapByteBuffer@293c2d56[p=0,l=142,c=8192,r=142]={<<<GET /config.yml HTTP/1.1\r...gent: okhttp/3.12.3\r\n\r\n>>>(9.4.44.v...\x00\x00\x00\x00\x00\x00\x00}
02:09:59.426 [qtp961160488-15] DEBUG org.eclipse.jetty.server.HttpConnection - HttpConnection@2b2e7201::SocketChannelEndPoint@78cfda2c{l=/127.0.0.1:35601,r=/127.0.0.1:47034,OPEN,fill=-,flush=-,to=0/3000}{io=0/0,kio=0,kro=1}->HttpConnection@2b2e7201[p=HttpParser{s=START,0 of -1},g=HttpGenerator@2839b978{s=START}]=>HttpChannelOverHttp@20e4adc9{s=HttpChannelState@1acdb31f{s=IDLE rs=BLOCKING os=OPEN is=IDLE awp=false se=false i=true al=0},r=0,c=false/false,a=IDLE,uri=null,age=0} filled 142 HeapByteBuffer@293c2d56[p=0,l=142,c=8192,r=142]={<<<GET /config.yml HTTP/1.1\r...gent: okhttp/3.12.3\r\n\r\n>>>(9.4.44.v...\x00\x00\x00\x00\x00\x00\x00}
02:09:59.426 [qtp961160488-15] DEBUG org.eclipse.jetty.server.HttpConnection - HttpConnection@2b2e7201::SocketChannelEndPoint@78cfda2c{l=/127.0.0.1:35601,r=/127.0.0.1:47034,OPEN,fill=-,flush=-,to=0/3000}{io=0/0,kio=0,kro=1}->HttpConnection@2b2e7201[p=HttpParser{s=START,0 of -1},g=HttpGenerator@2839b978{s=START}]=>HttpChannelOverHttp@20e4adc9{s=HttpChannelState@1acdb31f{s=IDLE rs=BLOCKING os=OPEN is=IDLE awp=false se=false i=true al=0},r=0,c=false/false,a=IDLE,uri=null,age=0} parse HeapByteBuffer@293c2d56[p=0,l=142,c=8192,r=142]={<<<GET /config.yml HTTP/1.1\r...gent: okhttp/3.12.3\r\n\r\n>>>(9.4.44.v...\x00\x00\x00\x00\x00\x00\x00} {}
02:09:59.426 [qtp961160488-15] DEBUG org.eclipse.jetty.http.HttpParser - parseNext s=START HeapByteBuffer@293c2d56[p=0,l=142,c=8192,r=142]={<<<GET /config.yml HTTP/1.1\r...gent: okhttp/3.12.3\r\n\r\n>>>(9.4.44.v...\x00\x00\x00\x00\x00\x00\x00}
02:09:59.426 [qtp961160488-15] DEBUG org.eclipse.jetty.http.HttpParser - START --> SPACE1
02:09:59.426 [qtp961160488-15] DEBUG org.eclipse.jetty.http.HttpParser - SPACE1 --> URI
02:09:59.426 [qtp961160488-15] DEBUG org.eclipse.jetty.http.HttpParser - URI --> SPACE2
02:09:59.426 [qtp961160488-15] DEBUG org.eclipse.jetty.http.HttpParser - SPACE2 --> REQUEST_VERSION
02:09:59.426 [qtp961160488-15] DEBUG org.eclipse.jetty.http.HttpParser - REQUEST_VERSION --> HEADER
02:09:59.426 [qtp961160488-15] DEBUG org.eclipse.jetty.http.HttpParser - HEADER:If-None-Match --> VALUE
02:09:59.426 [qtp961160488-15] DEBUG org.eclipse.jetty.http.HttpParser - HEADER:If-None-Match --> FIELD
02:09:59.426 [qtp961160488-15] DEBUG org.eclipse.jetty.http.HttpParser - HEADER:Host --> VALUE
02:09:59.426 [qtp961160488-15] DEBUG org.eclipse.jetty.http.HttpParser - HEADER:Host --> IN_VALUE
02:09:59.426 [qtp961160488-15] DEBUG org.eclipse.jetty.http.HttpParser - HEADER:Host --> FIELD
02:09:59.426 [qtp961160488-15] DEBUG org.eclipse.jetty.http.HttpParser - HEADER:Connection: keep-alive --> IN_VALUE
02:09:59.426 [qtp961160488-15] DEBUG org.eclipse.jetty.http.HttpParser - HEADER:Connection: keep-alive --> FIELD
02:09:59.426 [qtp961160488-15] DEBUG org.eclipse.jetty.http.HttpParser - HEADER:Accept-Encoding: gzip --> IN_VALUE
02:09:59.426 [qtp961160488-15] DEBUG org.eclipse.jetty.http.HttpParser - HEADER:Accept-Encoding: gzip --> FIELD
02:09:59.426 [qtp961160488-15] DEBUG org.eclipse.jetty.http.HttpParser - HEADER:User-Agent --> VALUE
02:09:59.426 [qtp961160488-15] DEBUG org.eclipse.jetty.http.HttpParser - HEADER:User-Agent --> IN_VALUE
02:09:59.426 [qtp961160488-15] DEBUG org.eclipse.jetty.http.HttpParser - HEADER:User-Agent --> FIELD
02:09:59.426 [qtp961160488-15] DEBUG org.eclipse.jetty.http.HttpParser - HEADER --> CONTENT
02:09:59.426 [qtp961160488-15] DEBUG org.eclipse.jetty.server.HttpChannel - REQUEST for //localhost:35601/config.yml on HttpChannelOverHttp@20e4adc9{s=HttpChannelState@1acdb31f{s=IDLE rs=BLOCKING os=OPEN is=IDLE awp=false se=false i=true al=0},r=1,c=false/false,a=IDLE,uri=//localhost:35601/config.yml,age=0}
GET //localhost:35601/config.yml HTTP/1.1
If-None-Match: 
Host: localhost:35601
Connection: keep-alive
Accept-Encoding: gzip
User-Agent: okhttp/3.12.3


02:09:59.427 [qtp961160488-15] DEBUG org.eclipse.jetty.server.HttpConnection - HttpConnection@2b2e7201::SocketChannelEndPoint@78cfda2c{l=/127.0.0.1:35601,r=/127.0.0.1:47034,OPEN,fill=-,flush=-,to=1/3000}{io=0/0,kio=0,kro=1}->HttpConnection@2b2e7201[p=HttpParser{s=CONTENT,0 of -1},g=HttpGenerator@2839b978{s=START}]=>HttpChannelOverHttp@20e4adc9{s=HttpChannelState@1acdb31f{s=IDLE rs=BLOCKING os=OPEN is=IDLE awp=false se=false i=true al=0},r=1,c=false/false,a=IDLE,uri=//localhost:35601/config.yml,age=0} parsed true HttpParser{s=CONTENT,0 of -1}
02:09:59.427 [qtp961160488-15] DEBUG org.eclipse.jetty.server.HttpConnection - releaseRequestBuffer HttpConnection@2b2e7201::SocketChannelEndPoint@78cfda2c{l=/127.0.0.1:35601,r=/127.0.0.1:47034,OPEN,fill=-,flush=-,to=1/3000}{io=0/0,kio=0,kro=1}->HttpConnection@2b2e7201[p=HttpParser{s=CONTENT,0 of -1},g=HttpGenerator@2839b978{s=START}]=>HttpChannelOverHttp@20e4adc9{s=HttpChannelState@1acdb31f{s=IDLE rs=BLOCKING os=OPEN is=IDLE awp=false se=false i=true al=0},r=1,c=false/false,a=IDLE,uri=//localhost:35601/config.yml,age=1}
02:09:59.427 [qtp961160488-15] DEBUG org.eclipse.jetty.server.HttpChannel - handle //localhost:35601/config.yml HttpChannelOverHttp@20e4adc9{s=HttpChannelState@1acdb31f{s=IDLE rs=BLOCKING os=OPEN is=IDLE awp=false se=false i=true al=0},r=1,c=false/false,a=IDLE,uri=//localhost:35601/config.yml,age=1} 
02:09:59.427 [qtp961160488-15] DEBUG org.eclipse.jetty.server.HttpChannelState - handling HttpChannelState@1acdb31f{s=IDLE rs=BLOCKING os=OPEN is=IDLE awp=false se=false i=true al=0}
02:09:59.427 [qtp961160488-15] DEBUG org.eclipse.jetty.server.HttpChannel - action DISPATCH HttpChannelOverHttp@20e4adc9{s=HttpChannelState@1acdb31f{s=HANDLING rs=BLOCKING os=OPEN is=IDLE awp=false se=false i=true al=0},r=1,c=false/false,a=HANDLING,uri=//localhost:35601/config.yml,age=1}
02:09:59.427 [qtp961160488-15] DEBUG org.eclipse.jetty.server.Server - REQUEST GET /config.yml on HttpChannelOverHttp@20e4adc9{s=HttpChannelState@1acdb31f{s=HANDLING rs=BLOCKING os=OPEN is=IDLE awp=false se=false i=true al=0},r=1,c=false/false,a=HANDLING,uri=//localhost:35601/config.yml,age=1}
02:09:59.427 [qtp961160488-15] DEBUG org.eclipse.jetty.server.HttpOutput - write(array HeapByteBuffer@48447728[p=0,l=4,c=512,r=4]={<<<path>>>\x00\x00\x00\x00\x00\x00\x00\x00\x00...\x00\x00\x00\x00\x00\x00\x00})
02:09:59.427 [qtp961160488-15] DEBUG org.eclipse.jetty.server.HttpOutput - write(array) s=CLOSING,api=BLOCKED,sc=false,e=null last=true agg=false flush=true async=false, len=4 null
02:09:59.427 [qtp961160488-15] DEBUG org.eclipse.jetty.server.HttpChannel - sendResponse info=null content=HeapByteBuffer@6e0ea64f[p=0,l=4,c=512,r=4]={<<<path>>>\x00\x00\x00\x00\x00\x00\x00\x00\x00...\x00\x00\x00\x00\x00\x00\x00} complete=true committing=true callback=Blocker@7bd3d183{null}
02:09:59.427 [qtp961160488-15] DEBUG org.eclipse.jetty.server.HttpChannel - COMMIT for /config.yml on HttpChannelOverHttp@20e4adc9{s=HttpChannelState@1acdb31f{s=HANDLING rs=BLOCKING os=COMMITTED is=IDLE awp=false se=false i=true al=0},r=1,c=false/false,a=HANDLING,uri=//localhost:35601/config.yml,age=1}
200 null HTTP/1.1
Date: Thu, 02 May 2024 01:09:59 GMT
ETag: testEtag
Content-Type: text/plain;charset=utf-8
Content-Length: 4


02:09:59.427 [qtp961160488-15] DEBUG org.eclipse.jetty.server.HttpConnection - generate: NEED_HEADER for SendCallback@6b93a571[PROCESSING][i=HTTP/1.1{s=200,h=4,cl=4},cb=org.eclipse.jetty.server.HttpChannel$SendCallback@5721c] (null,[p=0,l=4,c=512,r=4],true)@START
02:09:59.427 [qtp961160488-15] DEBUG org.eclipse.jetty.http.HttpGenerator - generateHeaders HTTP/1.1{s=200,h=4,cl=4} last=true content=HeapByteBuffer@6e0ea64f[p=0,l=4,c=512,r=4]={<<<path>>>\x00\x00\x00\x00\x00\x00\x00\x00\x00...\x00\x00\x00\x00\x00\x00\x00}
02:09:59.427 [qtp961160488-15] DEBUG org.eclipse.jetty.http.HttpGenerator - Date: Thu, 02 May 2024 01:09:59 GMT
ETag: testEtag
Content-Type: text/plain;charset=utf-8
Content-Length: 4


02:09:59.427 [qtp961160488-15] DEBUG org.eclipse.jetty.http.HttpGenerator - CONTENT_LENGTH
02:09:59.427 [qtp961160488-15] DEBUG org.eclipse.jetty.server.HttpConnection - generate: FLUSH for SendCallback@6b93a571[PROCESSING][i=HTTP/1.1{s=200,h=4,cl=4},cb=org.eclipse.jetty.server.HttpChannel$SendCallback@5721c] ([p=0,l=164,c=8192,r=164],[p=0,l=4,c=512,r=4],true)@COMPLETING
02:09:59.428 [qtp961160488-15] DEBUG org.eclipse.jetty.io.WriteFlusher - write: WriteFlusher@1b22808d{IDLE}->null [HeapByteBuffer@293c2d56[p=0,l=164,c=8192,r=164]={<<<HTTP/1.1 200 OK\r\nDate: Th...y(9.4.44.v20210927)\r\n\r\n>>>\x00\x00\x00\x00\x00\x00\x00\x00\x00...\x00\x00\x00\x00\x00\x00\x00},HeapByteBuffer@6e0ea64f[p=0,l=4,c=512,r=4]={<<<path>>>\x00\x00\x00\x00\x00\x00\x00\x00\x00...\x00\x00\x00\x00\x00\x00\x00}]
02:09:59.428 [qtp961160488-15] DEBUG org.eclipse.jetty.io.WriteFlusher - update WriteFlusher@1b22808d{WRITING}->null:IDLE-->WRITING
02:09:59.428 [qtp961160488-15] DEBUG org.eclipse.jetty.io.ChannelEndPoint - flushed 168 SocketChannelEndPoint@78cfda2c{l=/127.0.0.1:35601,r=/127.0.0.1:47034,OPEN,fill=-,flush=W,to=2/3000}{io=0/0,kio=0,kro=1}->HttpConnection@2b2e7201[p=HttpParser{s=CONTENT,0 of -1},g=HttpGenerator@2839b978{s=COMPLETING}]=>HttpChannelOverHttp@20e4adc9{s=HttpChannelState@1acdb31f{s=HANDLING rs=BLOCKING os=COMMITTED is=IDLE awp=false se=false i=true al=0},r=1,c=false/false,a=HANDLING,uri=//localhost:35601/config.yml,age=2}
02:09:59.428 [qtp961160488-15] DEBUG org.eclipse.jetty.io.WriteFlusher - Flushed=true written=168 remaining=0 WriteFlusher@1b22808d{WRITING}->null
02:09:59.428 [main] DEBUG org.apache.nifi.minifi.bootstrap.configuration.ingestors.PullHttpChangeIngestor - Response received: Response{protocol=http/1.1, code=200, message=OK, url=http://localhost:35601/config.yml}
02:09:59.428 [qtp961160488-15] DEBUG org.eclipse.jetty.io.WriteFlusher - update WriteFlusher@1b22808d{IDLE}->null:WRITING-->IDLE
02:09:59.428 [qtp961160488-15] DEBUG org.eclipse.jetty.server.HttpConnection - generate: DONE for SendCallback@6b93a571[PROCESSING][i=HTTP/1.1{s=200,h=4,cl=4},cb=org.eclipse.jetty.server.HttpChannel$SendCallback@5721c] ([p=164,l=164,c=8192,r=0],[p=4,l=4,c=512,r=0],true)@END
02:09:59.428 [qtp961160488-15] DEBUG org.eclipse.jetty.server.HttpOutput - onWriteComplete(true,null) s=CLOSING,api=BLOCKED,sc=false,e=null->s=CLOSED,api=BLOCKING,sc=false,e=null c=null cb=null w=false
02:09:59.428 [main] DEBUG org.apache.nifi.minifi.bootstrap.configuration.ingestors.PullHttpChangeIngestor - New change received, notifying listener
02:09:59.428 [qtp961160488-15] DEBUG org.eclipse.jetty.server.HttpOutput - close() s=CLOSED,api=BLOCKING,sc=false,e=null c=null b=null
02:09:59.428 [qtp961160488-15] DEBUG org.eclipse.jetty.server.Server - handled=true async=false committed=true on HttpChannelOverHttp@20e4adc9{s=HttpChannelState@1acdb31f{s=HANDLING rs=BLOCKING os=COMPLETED is=IDLE awp=false se=false i=true al=0},r=1,c=false/true,a=HANDLING,uri=//localhost:35601/config.yml,age=2}
02:09:59.428 [main] DEBUG org.apache.nifi.minifi.bootstrap.configuration.ingestors.PullHttpChangeIngestor - Listeners notified
02:09:59.428 [qtp961160488-15] DEBUG org.eclipse.jetty.server.HttpChannelState - unhandle HttpChannelState@1acdb31f{s=HANDLING rs=BLOCKING os=COMPLETED is=IDLE awp=false se=false i=true al=0}
02:09:59.428 [qtp961160488-15] DEBUG org.eclipse.jetty.server.HttpChannelState - nextAction(false) COMPLETE HttpChannelState@1acdb31f{s=HANDLING rs=COMPLETING os=COMPLETED is=IDLE awp=false se=false i=false al=0}
02:09:59.428 [qtp961160488-15] DEBUG org.eclipse.jetty.server.HttpChannel - action COMPLETE HttpChannelOverHttp@20e4adc9{s=HttpChannelState@1acdb31f{s=HANDLING rs=COMPLETING os=COMPLETED is=IDLE awp=false se=false i=false al=0},r=1,c=false/true,a=HANDLING,uri=//localhost:35601/config.yml,age=2}
02:09:59.428 [qtp961160488-15] DEBUG org.eclipse.jetty.server.HttpOutput - complete(org.eclipse.jetty.util.Callback$3@7e9805a3) s=CLOSED,api=BLOCKING,sc=false,e=null s=true e=null, c=null
02:09:59.428 [qtp961160488-15] DEBUG org.eclipse.jetty.server.HttpChannelState - completed HttpChannelState@1acdb31f{s=HANDLING rs=COMPLETING os=COMPLETED is=IDLE awp=false se=false i=false al=0}
02:09:59.428 [qtp961160488-15] DEBUG org.eclipse.jetty.server.HttpChannelState - unhandle HttpChannelState@1acdb31f{s=HANDLING rs=COMPLETED os=COMPLETED is=IDLE awp=false se=false i=false al=0}
02:09:59.428 [main] DEBUG org.apache.nifi.minifi.bootstrap.configuration.ingestors.PullHttpChangeIngestor - Attempting to pull new config
02:09:59.428 [qtp961160488-15] DEBUG org.eclipse.jetty.server.HttpChannelState - nextAction(false) TERMINATED HttpChannelState@1acdb31f{s=IDLE rs=COMPLETED os=COMPLETED is=IDLE awp=false se=false i=false al=0}
02:09:59.428 [qtp961160488-15] DEBUG org.eclipse.jetty.server.HttpChannel - action TERMINATED HttpChannelOverHttp@20e4adc9{s=HttpChannelState@1acdb31f{s=IDLE rs=COMPLETED os=COMPLETED is=IDLE awp=false se=false i=false al=0},r=1,c=true/true,a=IDLE,uri=//localhost:35601/config.yml,age=2}
02:09:59.428 [qtp961160488-15] DEBUG org.eclipse.jetty.server.HttpChannel - onCompleted for /config.yml written=4
02:09:59.428 [qtp961160488-15] DEBUG org.eclipse.jetty.io.ChannelEndPoint - filled 0 HeapByteBuffer@293c2d56[p=0,l=0,c=8192,r=0]={<<<>>>HTTP/1.1 ...\x00\x00\x00\x00\x00\x00\x00}
02:09:59.429 [qtp961160488-15] DEBUG org.eclipse.jetty.io.ChannelEndPoint - filled 0 HeapByteBuffer@293c2d56[p=0,l=0,c=8192,r=0]={<<<>>>HTTP/1.1 ...\x00\x00\x00\x00\x00\x00\x00}
02:09:59.429 [qtp961160488-15] DEBUG org.eclipse.jetty.server.HttpConnection - HttpConnection@2b2e7201::SocketChannelEndPoint@78cfda2c{l=/127.0.0.1:35601,r=/127.0.0.1:47034,OPEN,fill=-,flush=-,to=0/3000}{io=0/0,kio=0,kro=1}->HttpConnection@2b2e7201[p=HttpParser{s=CONTENT,0 of -1},g=HttpGenerator@2839b978{s=END}]=>HttpChannelOverHttp@20e4adc9{s=HttpChannelState@1acdb31f{s=IDLE rs=COMPLETED os=COMPLETED is=IDLE awp=false se=false i=false al=0},r=1,c=true/true,a=IDLE,uri=//localhost:35601/config.yml,age=3} filled 0 HeapByteBuffer@293c2d56[p=0,l=0,c=8192,r=0]={<<<>>>HTTP/1.1 ...\x00\x00\x00\x00\x00\x00\x00}
02:09:59.429 [qtp961160488-15] DEBUG org.eclipse.jetty.server.HttpConnection - HttpConnection@2b2e7201::SocketChannelEndPoint@78cfda2c{l=/127.0.0.1:35601,r=/127.0.0.1:47034,OPEN,fill=-,flush=-,to=0/3000}{io=0/0,kio=0,kro=1}->HttpConnection@2b2e7201[p=HttpParser{s=CONTENT,0 of -1},g=HttpGenerator@2839b978{s=END}]=>HttpChannelOverHttp@20e4adc9{s=HttpChannelState@1acdb31f{s=IDLE rs=COMPLETED os=COMPLETED is=IDLE awp=false se=false i=false al=0},r=1,c=true/true,a=IDLE,uri=//localhost:35601/config.yml,age=3} parse HeapByteBuffer@293c2d56[p=0,l=0,c=8192,r=0]={<<<>>>HTTP/1.1 ...\x00\x00\x00\x00\x00\x00\x00} {}
02:09:59.429 [qtp961160488-15] DEBUG org.eclipse.jetty.http.HttpParser - parseNext s=CONTENT HeapByteBuffer@293c2d56[p=0,l=0,c=8192,r=0]={<<<>>>HTTP/1.1 ...\x00\x00\x00\x00\x00\x00\x00}
02:09:59.429 [qtp961160488-15] DEBUG org.eclipse.jetty.http.HttpParser - CONTENT --> CONTENT_END
02:09:59.429 [qtp961160488-15] DEBUG org.eclipse.jetty.server.HttpChannel - onContentComplete HttpChannelOverHttp@20e4adc9{s=HttpChannelState@1acdb31f{s=IDLE rs=COMPLETED os=COMPLETED is=IDLE awp=false se=false i=false al=0},r=1,c=true/true,a=IDLE,uri=//localhost:35601/config.yml,age=3}
02:09:59.429 [qtp961160488-15] DEBUG org.eclipse.jetty.http.HttpParser - CONTENT_END --> END
02:09:59.429 [qtp961160488-15] DEBUG org.eclipse.jetty.server.HttpChannel - onRequestComplete HttpChannelOverHttp@20e4adc9{s=HttpChannelState@1acdb31f{s=IDLE rs=COMPLETED os=COMPLETED is=IDLE awp=false se=false i=false al=0},r=1,c=true/true,a=IDLE,uri=//localhost:35601/config.yml,age=3}
02:09:59.429 [qtp961160488-15] DEBUG org.eclipse.jetty.server.HttpInput - HttpInputOverHTTP@8569f2c[c=0,q=0,[0]=null,s=STREAM] addContent EOF
02:09:59.429 [qtp961160488-15] DEBUG org.eclipse.jetty.server.HttpConnection - HttpConnection@2b2e7201::SocketChannelEndPoint@78cfda2c{l=/127.0.0.1:35601,r=/127.0.0.1:47034,OPEN,fill=-,flush=-,to=1/3000}{io=0/0,kio=0,kro=1}->HttpConnection@2b2e7201[p=HttpParser{s=END,0 of -1},g=HttpGenerator@2839b978{s=END}]=>HttpChannelOverHttp@20e4adc9{s=HttpChannelState@1acdb31f{s=IDLE rs=COMPLETED os=COMPLETED is=IDLE awp=false se=false i=false al=0},r=1,c=true/true,a=IDLE,uri=//localhost:35601/config.yml,age=3} parsed false HttpParser{s=END,0 of -1}
02:09:59.429 [qtp961160488-15] DEBUG org.eclipse.jetty.server.HttpConnection - releaseRequestBuffer HttpConnection@2b2e7201::SocketChannelEndPoint@78cfda2c{l=/127.0.0.1:35601,r=/127.0.0.1:47034,OPEN,fill=-,flush=-,to=1/3000}{io=0/0,kio=0,kro=1}->HttpConnection@2b2e7201[p=HttpParser{s=END,0 of -1},g=HttpGenerator@2839b978{s=END}]=>HttpChannelOverHttp@20e4adc9{s=HttpChannelState@1acdb31f{s=IDLE rs=COMPLETED os=COMPLETED is=IDLE awp=false se=false i=false al=0},r=1,c=true/true,a=IDLE,uri=//localhost:35601/config.yml,age=3}
02:09:59.430 [qtp961160488-15] DEBUG org.eclipse.jetty.server.HttpChannelState - recycle HttpChannelState@1acdb31f{s=IDLE rs=COMPLETED os=COMPLETED is=IDLE awp=false se=false i=false al=0}
02:09:59.430 [qtp961160488-15] DEBUG org.eclipse.jetty.http.HttpParser - reset HttpParser{s=END,0 of -1}
02:09:59.430 [qtp961160488-15] DEBUG org.eclipse.jetty.http.HttpParser - END --> START
02:09:59.430 [qtp961160488-15] DEBUG org.eclipse.jetty.server.HttpChannel - !handle TERMINATED HttpChannelOverHttp@20e4adc9{s=HttpChannelState@1acdb31f{s=IDLE rs=BLOCKING os=OPEN is=IDLE awp=false se=false i=true al=0},r=1,c=false/false,a=IDLE,uri=null,age=0}
02:09:59.430 [qtp961160488-15] DEBUG org.eclipse.jetty.io.ChannelEndPoint - filled 152 HeapByteBuffer@293c2d56[p=0,l=152,c=8192,r=152]={<<<GET /config.yml HTTP/1.1\r...gent: okhttp/3.12.3\r\n\r\n>>>0210927)\r...\x00\x00\x00\x00\x00\x00\x00}
02:09:59.430 [qtp961160488-15] DEBUG org.eclipse.jetty.server.HttpConnection - HttpConnection@2b2e7201::SocketChannelEndPoint@78cfda2c{l=/127.0.0.1:35601,r=/127.0.0.1:47034,OPEN,fill=-,flush=-,to=0/3000}{io=0/0,kio=0,kro=1}->HttpConnection@2b2e7201[p=HttpParser{s=START,0 of -1},g=HttpGenerator@2839b978{s=START}]=>HttpChannelOverHttp@20e4adc9{s=HttpChannelState@1acdb31f{s=IDLE rs=BLOCKING os=OPEN is=IDLE awp=false se=false i=true al=0},r=1,c=false/false,a=IDLE,uri=null,age=0} filled 152 HeapByteBuffer@293c2d56[p=0,l=152,c=8192,r=152]={<<<GET /config.yml HTTP/1.1\r...gent: okhttp/3.12.3\r\n\r\n>>>0210927)\r...\x00\x00\x00\x00\x00\x00\x00}
02:09:59.430 [qtp961160488-15] DEBUG org.eclipse.jetty.server.HttpConnection - HttpConnection@2b2e7201::SocketChannelEndPoint@78cfda2c{l=/127.0.0.1:35601,r=/127.0.0.1:47034,OPEN,fill=-,flush=-,to=0/3000}{io=0/0,kio=0,kro=1}->HttpConnection@2b2e7201[p=HttpParser{s=START,0 of -1},g=HttpGenerator@2839b978{s=START}]=>HttpChannelOverHttp@20e4adc9{s=HttpChannelState@1acdb31f{s=IDLE rs=BLOCKING os=OPEN is=IDLE awp=false se=false i=true al=0},r=1,c=false/false,a=IDLE,uri=null,age=0} parse HeapByteBuffer@293c2d56[p=0,l=152,c=8192,r=152]={<<<GET /config.yml HTTP/1.1\r...gent: okhttp/3.12.3\r\n\r\n>>>0210927)\r...\x00\x00\x00\x00\x00\x00\x00} {}
02:09:59.430 [qtp961160488-15] DEBUG org.eclipse.jetty.http.HttpParser - parseNext s=START HeapByteBuffer@293c2d56[p=0,l=152,c=8192,r=152]={<<<GET /config.yml HTTP/1.1\r...gent: okhttp/3.12.3\r\n\r\n>>>0210927)\r...\x00\x00\x00\x00\x00\x00\x00}
02:09:59.430 [qtp961160488-15] DEBUG org.eclipse.jetty.http.HttpParser - START --> SPACE1
02:09:59.430 [qtp961160488-15] DEBUG org.eclipse.jetty.http.HttpParser - SPACE1 --> URI
02:09:59.430 [qtp961160488-15] DEBUG org.eclipse.jetty.http.HttpParser - URI --> SPACE2
02:09:59.430 [qtp961160488-15] DEBUG org.eclipse.jetty.http.HttpParser - SPACE2 --> REQUEST_VERSION
02:09:59.430 [qtp961160488-15] DEBUG org.eclipse.jetty.http.HttpParser - REQUEST_VERSION --> HEADER
02:09:59.430 [qtp961160488-15] DEBUG org.eclipse.jetty.http.HttpParser - HEADER:If-None-Match --> VALUE
02:09:59.430 [qtp961160488-15] DEBUG org.eclipse.jetty.http.HttpParser - HEADER:If-None-Match --> IN_VALUE
02:09:59.430 [qtp961160488-15] DEBUG org.eclipse.jetty.http.HttpParser - HEADER:If-None-Match --> FIELD
02:09:59.430 [qtp961160488-15] DEBUG org.eclipse.jetty.http.HttpParser - HEADER:Host: localhost:35601 --> IN_VALUE
02:09:59.430 [qtp961160488-15] DEBUG org.eclipse.jetty.http.HttpParser - HEADER:Host: localhost:35601 --> FIELD
02:09:59.430 [qtp961160488-15] DEBUG org.eclipse.jetty.http.HttpParser - HEADER:Connection: keep-alive --> IN_VALUE
02:09:59.430 [qtp961160488-15] DEBUG org.eclipse.jetty.http.HttpParser - HEADER:Connection: keep-alive --> FIELD
02:09:59.430 [qtp961160488-15] DEBUG org.eclipse.jetty.http.HttpParser - HEADER:Accept-Encoding: gzip --> IN_VALUE
02:09:59.430 [qtp961160488-15] DEBUG org.eclipse.jetty.http.HttpParser - HEADER:Accept-Encoding: gzip --> FIELD
02:09:59.430 [qtp961160488-15] DEBUG org.eclipse.jetty.http.HttpParser - HEADER:User-Agent: okhttp/3.12.3 --> IN_VALUE
02:09:59.430 [qtp961160488-15] DEBUG org.eclipse.jetty.http.HttpParser - HEADER:User-Agent: okhttp/3.12.3 --> FIELD
02:09:59.431 [qtp961160488-15] DEBUG org.eclipse.jetty.http.HttpParser - HEADER --> CONTENT
02:09:59.431 [qtp961160488-15] DEBUG org.eclipse.jetty.server.HttpChannel - REQUEST for //localhost:35601/config.yml on HttpChannelOverHttp@20e4adc9{s=HttpChannelState@1acdb31f{s=IDLE rs=BLOCKING os=OPEN is=IDLE awp=false se=false i=true al=0},r=2,c=false/false,a=IDLE,uri=//localhost:35601/config.yml,age=0}
GET //localhost:35601/config.yml HTTP/1.1
If-None-Match: "testEtag"
Host: localhost:35601
Connection: keep-alive
Accept-Encoding: gzip
User-Agent: okhttp/3.12.3


02:09:59.431 [qtp961160488-15] DEBUG org.eclipse.jetty.server.HttpConnection - HttpConnection@2b2e7201::SocketChannelEndPoint@78cfda2c{l=/127.0.0.1:35601,r=/127.0.0.1:47034,OPEN,fill=-,flush=-,to=0/3000}{io=0/0,kio=0,kro=1}->HttpConnection@2b2e7201[p=HttpParser{s=CONTENT,0 of -1},g=HttpGenerator@2839b978{s=START}]=>HttpChannelOverHttp@20e4adc9{s=HttpChannelState@1acdb31f{s=IDLE rs=BLOCKING os=OPEN is=IDLE awp=false se=false i=true al=0},r=2,c=false/false,a=IDLE,uri=//localhost:35601/config.yml,age=0} parsed true HttpParser{s=CONTENT,0 of -1}
02:09:59.431 [qtp961160488-15] DEBUG org.eclipse.jetty.server.HttpConnection - releaseRequestBuffer HttpConnection@2b2e7201::SocketChannelEndPoint@78cfda2c{l=/127.0.0.1:35601,r=/127.0.0.1:47034,OPEN,fill=-,flush=-,to=1/3000}{io=0/0,kio=0,kro=1}->HttpConnection@2b2e7201[p=HttpParser{s=CONTENT,0 of -1},g=HttpGenerator@2839b978{s=START}]=>HttpChannelOverHttp@20e4adc9{s=HttpChannelState@1acdb31f{s=IDLE rs=BLOCKING os=OPEN is=IDLE awp=false se=false i=true al=0},r=2,c=false/false,a=IDLE,uri=//localhost:35601/config.yml,age=0}
02:09:59.431 [qtp961160488-15] DEBUG org.eclipse.jetty.server.HttpChannel - handle //localhost:35601/config.yml HttpChannelOverHttp@20e4adc9{s=HttpChannelState@1acdb31f{s=IDLE rs=BLOCKING os=OPEN is=IDLE awp=false se=false i=true al=0},r=2,c=false/false,a=IDLE,uri=//localhost:35601/config.yml,age=0} 
02:09:59.431 [qtp961160488-15] DEBUG org.eclipse.jetty.server.HttpChannelState - handling HttpChannelState@1acdb31f{s=IDLE rs=BLOCKING os=OPEN is=IDLE awp=false se=false i=true al=0}
02:09:59.431 [qtp961160488-15] DEBUG org.eclipse.jetty.server.HttpChannel - action DISPATCH HttpChannelOverHttp@20e4adc9{s=HttpChannelState@1acdb31f{s=HANDLING rs=BLOCKING os=OPEN is=IDLE awp=false se=false i=true al=0},r=2,c=false/false,a=HANDLING,uri=//localhost:35601/config.yml,age=0}
02:09:59.431 [qtp961160488-15] DEBUG org.eclipse.jetty.server.Server - REQUEST GET /config.yml on HttpChannelOverHttp@20e4adc9{s=HttpChannelState@1acdb31f{s=HANDLING rs=BLOCKING os=OPEN is=IDLE awp=false se=false i=true al=0},r=2,c=false/false,a=HANDLING,uri=//localhost:35601/config.yml,age=0}
02:09:59.431 [qtp961160488-15] DEBUG org.eclipse.jetty.server.Server - handled=true async=false committed=false on HttpChannelOverHttp@20e4adc9{s=HttpChannelState@1acdb31f{s=HANDLING rs=BLOCKING os=OPEN is=IDLE awp=false se=false i=true al=0},r=2,c=false/false,a=HANDLING,uri=//localhost:35601/config.yml,age=0}
02:09:59.431 [qtp961160488-15] DEBUG org.eclipse.jetty.server.HttpChannelState - unhandle HttpChannelState@1acdb31f{s=HANDLING rs=BLOCKING os=OPEN is=IDLE awp=false se=false i=true al=0}
02:09:59.431 [qtp961160488-15] DEBUG org.eclipse.jetty.server.HttpChannelState - nextAction(false) COMPLETE HttpChannelState@1acdb31f{s=HANDLING rs=COMPLETING os=OPEN is=IDLE awp=false se=false i=false al=0}
02:09:59.431 [qtp961160488-15] DEBUG org.eclipse.jetty.server.HttpChannel - action COMPLETE HttpChannelOverHttp@20e4adc9{s=HttpChannelState@1acdb31f{s=HANDLING rs=COMPLETING os=OPEN is=IDLE awp=false se=false i=false al=0},r=2,c=false/false,a=HANDLING,uri=//localhost:35601/config.yml,age=0}
02:09:59.431 [qtp961160488-15] DEBUG org.eclipse.jetty.io.ChannelEndPoint - filled 0 HeapByteBuffer@293c2d56[p=0,l=0,c=8192,r=0]={<<<>>>GET /conf...\x00\x00\x00\x00\x00\x00\x00}
02:09:59.431 [qtp961160488-15] DEBUG org.eclipse.jetty.io.ChannelEndPoint - filled 0 HeapByteBuffer@293c2d56[p=0,l=0,c=8192,r=0]={<<<>>>GET /conf...\x00\x00\x00\x00\x00\x00\x00}
02:09:59.431 [qtp961160488-15] DEBUG org.eclipse.jetty.server.HttpConnection - HttpConnection@2b2e7201::SocketChannelEndPoint@78cfda2c{l=/127.0.0.1:35601,r=/127.0.0.1:47034,OPEN,fill=-,flush=-,to=1/3000}{io=0/0,kio=0,kro=1}->HttpConnection@2b2e7201[p=HttpParser{s=CONTENT,0 of -1},g=HttpGenerator@2839b978{s=START}]=>HttpChannelOverHttp@20e4adc9{s=HttpChannelState@1acdb31f{s=HANDLING rs=COMPLETING os=OPEN is=IDLE awp=false se=false i=false al=0},r=2,c=false/false,a=HANDLING,uri=//localhost:35601/config.yml,age=0} filled 0 HeapByteBuffer@293c2d56[p=0,l=0,c=8192,r=0]={<<<>>>GET /conf...\x00\x00\x00\x00\x00\x00\x00}
02:09:59.432 [qtp961160488-15] DEBUG org.eclipse.jetty.server.HttpConnection - HttpConnection@2b2e7201::SocketChannelEndPoint@78cfda2c{l=/127.0.0.1:35601,r=/127.0.0.1:47034,OPEN,fill=-,flush=-,to=1/3000}{io=0/0,kio=0,kro=1}->HttpConnection@2b2e7201[p=HttpParser{s=CONTENT,0 of -1},g=HttpGenerator@2839b978{s=START}]=>HttpChannelOverHttp@20e4adc9{s=HttpChannelState@1acdb31f{s=HANDLING rs=COMPLETING os=OPEN is=IDLE awp=false se=false i=false al=0},r=2,c=false/false,a=HANDLING,uri=//localhost:35601/config.yml,age=1} parse HeapByteBuffer@293c2d56[p=0,l=0,c=8192,r=0]={<<<>>>GET /conf...\x00\x00\x00\x00\x00\x00\x00} {}
02:09:59.432 [qtp961160488-15] DEBUG org.eclipse.jetty.http.HttpParser - parseNext s=CONTENT HeapByteBuffer@293c2d56[p=0,l=0,c=8192,r=0]={<<<>>>GET /conf...\x00\x00\x00\x00\x00\x00\x00}
02:09:59.432 [qtp961160488-15] DEBUG org.eclipse.jetty.http.HttpParser - CONTENT --> CONTENT_END
02:09:59.432 [qtp961160488-15] DEBUG org.eclipse.jetty.server.HttpChannel - onContentComplete HttpChannelOverHttp@20e4adc9{s=HttpChannelState@1acdb31f{s=HANDLING rs=COMPLETING os=OPEN is=IDLE awp=false se=false i=false al=0},r=2,c=false/false,a=HANDLING,uri=//localhost:35601/config.yml,age=1}
02:09:59.432 [qtp961160488-15] DEBUG org.eclipse.jetty.http.HttpParser - CONTENT_END --> END
02:09:59.432 [qtp961160488-15] DEBUG org.eclipse.jetty.server.HttpChannel - onRequestComplete HttpChannelOverHttp@20e4adc9{s=HttpChannelState@1acdb31f{s=HANDLING rs=COMPLETING os=OPEN is=IDLE awp=false se=false i=false al=0},r=2,c=false/false,a=HANDLING,uri=//localhost:35601/config.yml,age=1}
02:09:59.432 [qtp961160488-15] DEBUG org.eclipse.jetty.server.HttpInput - HttpInputOverHTTP@8569f2c[c=0,q=0,[0]=null,s=STREAM] addContent EOF
02:09:59.432 [qtp961160488-15] DEBUG org.eclipse.jetty.server.HttpConnection - HttpConnection@2b2e7201::SocketChannelEndPoint@78cfda2c{l=/127.0.0.1:35601,r=/127.0.0.1:47034,OPEN,fill=-,flush=-,to=1/3000}{io=0/0,kio=0,kro=1}->HttpConnection@2b2e7201[p=HttpParser{s=END,0 of -1},g=HttpGenerator@2839b978{s=START}]=>HttpChannelOverHttp@20e4adc9{s=HttpChannelState@1acdb31f{s=HANDLING rs=COMPLETING os=OPEN is=IDLE awp=false se=false i=false al=0},r=2,c=false/false,a=HANDLING,uri=//localhost:35601/config.yml,age=1} parsed false HttpParser{s=END,0 of -1}
02:09:59.432 [qtp961160488-15] DEBUG org.eclipse.jetty.server.HttpConnection - releaseRequestBuffer HttpConnection@2b2e7201::SocketChannelEndPoint@78cfda2c{l=/127.0.0.1:35601,r=/127.0.0.1:47034,OPEN,fill=-,flush=-,to=2/3000}{io=0/0,kio=0,kro=1}->HttpConnection@2b2e7201[p=HttpParser{s=END,0 of -1},g=HttpGenerator@2839b978{s=START}]=>HttpChannelOverHttp@20e4adc9{s=HttpChannelState@1acdb31f{s=HANDLING rs=COMPLETING os=OPEN is=IDLE awp=false se=false i=false al=0},r=2,c=false/false,a=HANDLING,uri=//localhost:35601/config.yml,age=1}
02:09:59.432 [qtp961160488-15] DEBUG org.eclipse.jetty.server.HttpOutput - complete(org.eclipse.jetty.util.Callback$3@236899a8) s=CLOSING,api=BLOCKED,sc=false,e=null s=false e=null, c=HeapByteBuffer@58b1a525[p=0,l=0,c=0,r=0]={<<<>>>}
02:09:59.432 [qtp961160488-15] DEBUG org.eclipse.jetty.server.HttpChannel - sendResponse info=null content=HeapByteBuffer@58b1a525[p=0,l=0,c=0,r=0]={<<<>>>} complete=true committing=true callback=org.eclipse.jetty.server.HttpOutput$WriteCompleteCB@2cc143a0
02:09:59.440 [qtp961160488-15] DEBUG org.eclipse.jetty.server.HttpChannel - COMMIT for /config.yml on HttpChannelOverHttp@20e4adc9{s=HttpChannelState@1acdb31f{s=HANDLING rs=COMPLETING os=COMMITTED is=IDLE awp=false se=false i=false al=0},r=2,c=false/false,a=HANDLING,uri=//localhost:35601/config.yml,age=8}
304 null HTTP/1.1
Date: Thu, 02 May 2024 01:09:59 GMT
ETag: testEtag


02:09:59.440 [qtp961160488-15] DEBUG org.eclipse.jetty.server.HttpConnection - generate: NEED_HEADER for SendCallback@6b93a571[PROCESSING][i=HTTP/1.1{s=304,h=2,cl=-1},cb=org.eclipse.jetty.server.HttpChannel$SendCallback@12caee86] (null,[p=0,l=0,c=0,r=0],true)@START
02:09:59.440 [qtp961160488-15] DEBUG org.eclipse.jetty.http.HttpGenerator - generateHeaders HTTP/1.1{s=304,h=2,cl=-1} last=true content=HeapByteBuffer@58b1a525[p=0,l=0,c=0,r=0]={<<<>>>}
02:09:59.440 [qtp961160488-15] DEBUG org.eclipse.jetty.http.HttpGenerator - Date: Thu, 02 May 2024 01:09:59 GMT
ETag: testEtag


02:09:59.440 [qtp961160488-15] DEBUG org.eclipse.jetty.http.HttpGenerator - NO_CONTENT
02:09:59.440 [qtp961160488-15] DEBUG org.eclipse.jetty.server.HttpConnection - generate: FLUSH for SendCallback@6b93a571[PROCESSING][i=HTTP/1.1{s=304,h=2,cl=-1},cb=org.eclipse.jetty.server.HttpChannel$SendCallback@12caee86] ([p=0,l=115,c=8192,r=115],[p=0,l=0,c=0,r=0],true)@COMPLETING
02:09:59.440 [qtp961160488-15] DEBUG org.eclipse.jetty.io.WriteFlusher - write: WriteFlusher@1b22808d{IDLE}->null [HeapByteBuffer@293c2d56[p=0,l=115,c=8192,r=115]={<<<HTTP/1.1 304 Not Modified...y(9.4.44.v20210927)\r\n\r\n>>>: gzip\r\nU...\x00\x00\x00\x00\x00\x00\x00}]
02:09:59.440 [qtp961160488-15] DEBUG org.eclipse.jetty.io.WriteFlusher - update WriteFlusher@1b22808d{WRITING}->null:IDLE-->WRITING
02:09:59.440 [qtp961160488-15] DEBUG org.eclipse.jetty.io.ChannelEndPoint - flushed 115 SocketChannelEndPoint@78cfda2c{l=/127.0.0.1:35601,r=/127.0.0.1:47034,OPEN,fill=-,flush=W,to=10/3000}{io=0/0,kio=0,kro=1}->HttpConnection@2b2e7201[p=HttpParser{s=END,0 of -1},g=HttpGenerator@2839b978{s=COMPLETING}]=>HttpChannelOverHttp@20e4adc9{s=HttpChannelState@1acdb31f{s=HANDLING rs=COMPLETING os=COMMITTED is=IDLE awp=false se=false i=false al=0},r=2,c=false/false,a=HANDLING,uri=//localhost:35601/config.yml,age=9}
02:09:59.440 [main] DEBUG org.apache.nifi.minifi.bootstrap.configuration.ingestors.PullHttpChangeIngestor - Response received: Response{protocol=http/1.1, code=304, message=Not Modified, url=http://localhost:35601/config.yml}
02:09:59.440 [qtp961160488-15] DEBUG org.eclipse.jetty.io.WriteFlusher - Flushed=true written=115 remaining=0 WriteFlusher@1b22808d{WRITING}->null
02:09:59.440 [qtp961160488-15] DEBUG org.eclipse.jetty.io.WriteFlusher - update WriteFlusher@1b22808d{IDLE}->null:WRITING-->IDLE
02:09:59.440 [qtp961160488-15] DEBUG org.eclipse.jetty.server.HttpConnection - generate: DONE for SendCallback@6b93a571[PROCESSING][i=HTTP/1.1{s=304,h=2,cl=-1},cb=org.eclipse.jetty.server.HttpChannel$SendCallback@12caee86] ([p=115,l=115,c=8192,r=0],[p=0,l=0,c=0,r=0],true)@END
02:09:59.440 [qtp961160488-15] DEBUG org.eclipse.jetty.server.HttpOutput - onWriteComplete(true,null) s=CLOSING,api=BLOCKED,sc=false,e=null->s=CLOSED,api=BLOCKING,sc=false,e=null c=null cb=org.eclipse.jetty.util.Callback$3@236899a8 w=false
02:09:59.440 [qtp961160488-15] DEBUG org.eclipse.jetty.server.HttpChannelState - completed HttpChannelState@1acdb31f{s=HANDLING rs=COMPLETING os=COMPLETED is=IDLE awp=false se=false i=false al=0}
]]></system-out>
  </testcase>
  <testcase name="testSecurityOverride" classname="org.apache.nifi.minifi.bootstrap.configuration.ingestors.PullHttpChangeIngestorTest" time="0.183">
    <system-out><![CDATA[02:09:59.441 [qtp961160488-15] DEBUG org.eclipse.jetty.server.HttpChannelState - unhandle HttpChannelState@1acdb31f{s=HANDLING rs=COMPLETED os=COMPLETED is=IDLE awp=false se=false i=false al=0}
02:09:59.441 [qtp961160488-15] DEBUG org.eclipse.jetty.server.HttpChannelState - nextAction(false) TERMINATED HttpChannelState@1acdb31f{s=IDLE rs=COMPLETED os=COMPLETED is=IDLE awp=false se=false i=false al=0}
02:09:59.441 [qtp961160488-15] DEBUG org.eclipse.jetty.server.HttpChannel - action TERMINATED HttpChannelOverHttp@20e4adc9{s=HttpChannelState@1acdb31f{s=IDLE rs=COMPLETED os=COMPLETED is=IDLE awp=false se=false i=false al=0},r=2,c=true/true,a=IDLE,uri=//localhost:35601/config.yml,age=10}
02:09:59.441 [qtp961160488-15] DEBUG org.eclipse.jetty.server.HttpChannel - onCompleted for /config.yml written=0
02:09:59.441 [qtp961160488-15] DEBUG org.eclipse.jetty.server.HttpChannelState - recycle HttpChannelState@1acdb31f{s=IDLE rs=COMPLETED os=COMPLETED is=IDLE awp=false se=false i=false al=0}
02:09:59.441 [qtp961160488-15] DEBUG org.eclipse.jetty.http.HttpParser - reset HttpParser{s=END,0 of -1}
02:09:59.441 [qtp961160488-15] DEBUG org.eclipse.jetty.http.HttpParser - END --> START
02:09:59.442 [qtp961160488-15] DEBUG org.eclipse.jetty.server.HttpChannel - !handle TERMINATED HttpChannelOverHttp@20e4adc9{s=HttpChannelState@1acdb31f{s=IDLE rs=BLOCKING os=OPEN is=IDLE awp=false se=false i=true al=0},r=2,c=false/false,a=IDLE,uri=null,age=0}
02:09:59.442 [qtp961160488-15] DEBUG org.eclipse.jetty.io.ChannelEndPoint - filled 0 HeapByteBuffer@293c2d56[p=0,l=0,c=8192,r=0]={<<<>>>HTTP/1.1 ...\x00\x00\x00\x00\x00\x00\x00}
02:09:59.442 [qtp961160488-15] DEBUG org.eclipse.jetty.io.ChannelEndPoint - filled 0 HeapByteBuffer@293c2d56[p=0,l=0,c=8192,r=0]={<<<>>>HTTP/1.1 ...\x00\x00\x00\x00\x00\x00\x00}
02:09:59.442 [qtp961160488-15] DEBUG org.eclipse.jetty.server.HttpConnection - HttpConnection@2b2e7201::SocketChannelEndPoint@78cfda2c{l=/127.0.0.1:35601,r=/127.0.0.1:47034,OPEN,fill=-,flush=-,to=1/3000}{io=0/0,kio=0,kro=1}->HttpConnection@2b2e7201[p=HttpParser{s=START,0 of -1},g=HttpGenerator@2839b978{s=START}]=>HttpChannelOverHttp@20e4adc9{s=HttpChannelState@1acdb31f{s=IDLE rs=BLOCKING os=OPEN is=IDLE awp=false se=false i=true al=0},r=2,c=false/false,a=IDLE,uri=null,age=0} filled 0 HeapByteBuffer@293c2d56[p=0,l=0,c=8192,r=0]={<<<>>>HTTP/1.1 ...\x00\x00\x00\x00\x00\x00\x00}
02:09:59.442 [qtp961160488-15] DEBUG org.eclipse.jetty.server.HttpConnection - HttpConnection@2b2e7201::SocketChannelEndPoint@78cfda2c{l=/127.0.0.1:35601,r=/127.0.0.1:47034,OPEN,fill=-,flush=-,to=1/3000}{io=0/0,kio=0,kro=1}->HttpConnection@2b2e7201[p=HttpParser{s=START,0 of -1},g=HttpGenerator@2839b978{s=START}]=>HttpChannelOverHttp@20e4adc9{s=HttpChannelState@1acdb31f{s=IDLE rs=BLOCKING os=OPEN is=IDLE awp=false se=false i=true al=0},r=2,c=false/false,a=IDLE,uri=null,age=0} parse HeapByteBuffer@293c2d56[p=0,l=0,c=8192,r=0]={<<<>>>HTTP/1.1 ...\x00\x00\x00\x00\x00\x00\x00} {}
02:09:59.442 [qtp961160488-15] DEBUG org.eclipse.jetty.http.HttpParser - parseNext s=START HeapByteBuffer@293c2d56[p=0,l=0,c=8192,r=0]={<<<>>>HTTP/1.1 ...\x00\x00\x00\x00\x00\x00\x00}
02:09:59.442 [qtp961160488-15] DEBUG org.eclipse.jetty.server.HttpConnection - HttpConnection@2b2e7201::SocketChannelEndPoint@78cfda2c{l=/127.0.0.1:35601,r=/127.0.0.1:47034,OPEN,fill=-,flush=-,to=1/3000}{io=0/0,kio=0,kro=1}->HttpConnection@2b2e7201[p=HttpParser{s=START,0 of -1},g=HttpGenerator@2839b978{s=START}]=>HttpChannelOverHttp@20e4adc9{s=HttpChannelState@1acdb31f{s=IDLE rs=BLOCKING os=OPEN is=IDLE awp=false se=false i=true al=0},r=2,c=false/false,a=IDLE,uri=null,age=0} parsed false HttpParser{s=START,0 of -1}
02:09:59.442 [qtp961160488-15] DEBUG org.eclipse.jetty.server.HttpConnection - releaseRequestBuffer HttpConnection@2b2e7201::SocketChannelEndPoint@78cfda2c{l=/127.0.0.1:35601,r=/127.0.0.1:47034,OPEN,fill=-,flush=-,to=2/3000}{io=0/0,kio=0,kro=1}->HttpConnection@2b2e7201[p=HttpParser{s=START,0 of -1},g=HttpGenerator@2839b978{s=START}]=>HttpChannelOverHttp@20e4adc9{s=HttpChannelState@1acdb31f{s=IDLE rs=BLOCKING os=OPEN is=IDLE awp=false se=false i=true al=0},r=2,c=false/false,a=IDLE,uri=null,age=0}
02:09:59.443 [qtp961160488-15] DEBUG org.eclipse.jetty.io.AbstractConnection - fillInterested HttpConnection@2b2e7201::SocketChannelEndPoint@78cfda2c{l=/127.0.0.1:35601,r=/127.0.0.1:47034,OPEN,fill=-,flush=-,to=2/3000}{io=0/0,kio=0,kro=1}->HttpConnection@2b2e7201[p=HttpParser{s=START,0 of -1},g=HttpGenerator@2839b978{s=START}]=>HttpChannelOverHttp@20e4adc9{s=HttpChannelState@1acdb31f{s=IDLE rs=BLOCKING os=OPEN is=IDLE awp=false se=false i=true al=0},r=2,c=false/false,a=IDLE,uri=null,age=0}
02:09:59.443 [main] DEBUG org.apache.nifi.minifi.bootstrap.configuration.ingestors.PullHttpChangeIngestor - Attempting to pull new config
02:09:59.443 [qtp961160488-15] DEBUG org.eclipse.jetty.io.FillInterest - interested FillInterest@5f1ba22b{AC.ReadCB@2b2e7201{HttpConnection@2b2e7201::SocketChannelEndPoint@78cfda2c{l=/127.0.0.1:35601,r=/127.0.0.1:47034,OPEN,fill=FI,flush=-,to=0/3000}{io=0/0,kio=0,kro=1}->HttpConnection@2b2e7201[p=HttpParser{s=START,0 of -1},g=HttpGenerator@2839b978{s=START}]=>HttpChannelOverHttp@20e4adc9{s=HttpChannelState@1acdb31f{s=IDLE rs=BLOCKING os=OPEN is=IDLE awp=false se=false i=true al=0},r=2,c=false/false,a=IDLE,uri=null,age=0}}}
02:09:59.443 [qtp961160488-15] DEBUG org.eclipse.jetty.io.ChannelEndPoint - changeInterests p=false 0->1 for SocketChannelEndPoint@78cfda2c{l=/127.0.0.1:35601,r=/127.0.0.1:47034,OPEN,fill=FI,flush=-,to=0/3000}{io=0/1,kio=0,kro=1}->HttpConnection@2b2e7201[p=HttpParser{s=START,0 of -1},g=HttpGenerator@2839b978{s=START}]=>HttpChannelOverHttp@20e4adc9{s=HttpChannelState@1acdb31f{s=IDLE rs=BLOCKING os=OPEN is=IDLE awp=false se=false i=true al=0},r=2,c=false/false,a=IDLE,uri=null,age=0}
02:09:59.443 [qtp961160488-15] DEBUG org.eclipse.jetty.io.ManagedSelector - Queued change lazy=false org.eclipse.jetty.io.ChannelEndPoint$$Lambda$255/1830220082@77d6db3 on ManagedSelector@194bcebf{STARTED} id=0 keys=1 selected=0 updates=0
02:09:59.443 [qtp961160488-15] DEBUG org.eclipse.jetty.io.ManagedSelector - Wakeup on submit ManagedSelector@194bcebf{STARTED} id=0 keys=1 selected=0 updates=1
02:09:59.443 [qtp961160488-17] DEBUG org.eclipse.jetty.io.ManagedSelector - Selector sun.nio.ch.EPollSelectorImpl@750a6cdb woken with none selected
02:09:59.443 [qtp961160488-18-acceptor-0@1e1a0406-ServerConnector@446293d{HTTP/1.1, (http/1.1)}{localhost:35601}] DEBUG org.eclipse.jetty.io.ManagedSelector - Queued change lazy=false Accept@4e6710ac[java.nio.channels.SocketChannel[connected local=/127.0.0.1:35601 remote=/127.0.0.1:47046]] on ManagedSelector@4803b726{STARTED} id=1 keys=1 selected=0 updates=0
02:09:59.443 [qtp961160488-17] DEBUG org.eclipse.jetty.io.ManagedSelector - Selector sun.nio.ch.EPollSelectorImpl@750a6cdb woken up from select, 0/0/1 selected
02:09:59.443 [qtp961160488-17] DEBUG org.eclipse.jetty.io.ManagedSelector - Selector sun.nio.ch.EPollSelectorImpl@750a6cdb processing 0 keys, 1 updates
02:09:59.443 [qtp961160488-18-acceptor-0@1e1a0406-ServerConnector@446293d{HTTP/1.1, (http/1.1)}{localhost:35601}] DEBUG org.eclipse.jetty.io.ManagedSelector - Wakeup on submit ManagedSelector@4803b726{STARTED} id=1 keys=1 selected=0 updates=1
02:09:59.443 [qtp961160488-17] DEBUG org.eclipse.jetty.io.ManagedSelector - updateable 1
02:09:59.443 [qtp961160488-17] DEBUG org.eclipse.jetty.io.ManagedSelector - update org.eclipse.jetty.io.ChannelEndPoint$$Lambda$255/1830220082@77d6db3
02:09:59.443 [qtp961160488-16] DEBUG org.eclipse.jetty.io.ManagedSelector - Selector sun.nio.ch.EPollSelectorImpl@15ad5557 woken with none selected
02:09:59.443 [qtp961160488-16] DEBUG org.eclipse.jetty.io.ManagedSelector - Selector sun.nio.ch.EPollSelectorImpl@15ad5557 woken up from select, 0/0/1 selected
02:09:59.443 [qtp961160488-16] DEBUG org.eclipse.jetty.io.ManagedSelector - Selector sun.nio.ch.EPollSelectorImpl@15ad5557 processing 0 keys, 1 updates
02:09:59.443 [qtp961160488-16] DEBUG org.eclipse.jetty.io.ManagedSelector - updateable 1
02:09:59.443 [qtp961160488-16] DEBUG org.eclipse.jetty.io.ManagedSelector - update Accept@4e6710ac[java.nio.channels.SocketChannel[connected local=/127.0.0.1:35601 remote=/127.0.0.1:47046]]
02:09:59.443 [qtp961160488-17] DEBUG org.eclipse.jetty.io.ChannelEndPoint - Key interests updated 0 -> 1 on SocketChannelEndPoint@78cfda2c{l=/127.0.0.1:35601,r=/127.0.0.1:47034,OPEN,fill=FI,flush=-,to=0/3000}{io=1/1,kio=1,kro=1}->HttpConnection@2b2e7201[p=HttpParser{s=START,0 of -1},g=HttpGenerator@2839b978{s=START}]=>HttpChannelOverHttp@20e4adc9{s=HttpChannelState@1acdb31f{s=IDLE rs=BLOCKING os=OPEN is=IDLE awp=false se=false i=true al=0},r=2,c=false/false,a=IDLE,uri=null,age=0}
02:09:59.443 [qtp961160488-17] DEBUG org.eclipse.jetty.io.ManagedSelector - updates 0
02:09:59.443 [qtp961160488-16] DEBUG org.eclipse.jetty.util.thread.QueuedThreadPool - queue Accept@4e6710ac[java.nio.channels.SocketChannel[connected local=/127.0.0.1:35601 remote=/127.0.0.1:47046]] startThread=0
02:09:59.443 [qtp961160488-17] DEBUG org.eclipse.jetty.io.ManagedSelector - Selector sun.nio.ch.EPollSelectorImpl@750a6cdb waiting with 1 keys
02:09:59.443 [qtp961160488-16] DEBUG org.eclipse.jetty.io.ManagedSelector - updates 0
02:09:59.444 [qtp961160488-16] DEBUG org.eclipse.jetty.io.ManagedSelector - Selector sun.nio.ch.EPollSelectorImpl@15ad5557 waiting with 2 keys
02:09:59.444 [qtp961160488-20] DEBUG org.eclipse.jetty.util.thread.QueuedThreadPool - run Accept@4e6710ac[java.nio.channels.SocketChannel[connected local=/127.0.0.1:35601 remote=/127.0.0.1:47046]] in QueuedThreadPool[qtp961160488]@394a2528{STARTED,8<=8<=200,i=0,r=-1,q=0}[ReservedThreadExecutor@383bfa16{reserved=1/8,pending=0}]
02:09:59.444 [qtp961160488-15] DEBUG org.eclipse.jetty.server.HttpConnection - HttpConnection@2b2e7201::SocketChannelEndPoint@78cfda2c{l=/127.0.0.1:35601,r=/127.0.0.1:47034,OPEN,fill=FI,flush=-,to=0/3000}{io=1/1,kio=1,kro=1}->HttpConnection@2b2e7201[p=HttpParser{s=START,0 of -1},g=HttpGenerator@2839b978{s=START}]=>HttpChannelOverHttp@20e4adc9{s=HttpChannelState@1acdb31f{s=IDLE rs=BLOCKING os=OPEN is=IDLE awp=false se=false i=true al=0},r=2,c=false/false,a=IDLE,uri=null,age=0} onFillable exit HttpChannelState@1acdb31f{s=IDLE rs=BLOCKING os=OPEN is=IDLE awp=false se=false i=true al=0} null
02:09:59.444 [qtp961160488-20] DEBUG org.eclipse.jetty.io.IdleTimeout - SocketChannelEndPoint@1c4f07fd{l=/127.0.0.1:35601,r=/127.0.0.1:47046,OPEN,fill=-,flush=-,to=0/3000}{io=0/0,kio=0,kro=0}-><null> idle timeout check, elapsed: 0 ms, remaining: 3000 ms
02:09:59.444 [qtp961160488-15] DEBUG org.eclipse.jetty.util.thread.QueuedThreadPool - ran org.eclipse.jetty.io.ManagedSelector$$Lambda$253/838473569@957e06 in QueuedThreadPool[qtp961160488]@394a2528{STARTED,8<=8<=200,i=0,r=-1,q=0}[ReservedThreadExecutor@383bfa16{reserved=1/8,pending=0}]
02:09:59.444 [qtp961160488-20] DEBUG org.eclipse.jetty.server.HttpChannel - new HttpChannelOverHttp@79589f75{s=HttpChannelState@7bd0608f{s=IDLE rs=BLOCKING os=OPEN is=IDLE awp=false se=false i=true al=0},r=0,c=false/false,a=IDLE,uri=null,age=0} -> SocketChannelEndPoint@1c4f07fd{l=/127.0.0.1:35601,r=/127.0.0.1:47046,OPEN,fill=-,flush=-,to=0/3000}{io=0/0,kio=0,kro=0}-><null>,null,HttpChannelState@7bd0608f{s=IDLE rs=BLOCKING os=OPEN is=IDLE awp=false se=false i=true al=0}
02:09:59.444 [qtp961160488-20] DEBUG org.eclipse.jetty.server.HttpConnection - New HTTP Connection HttpConnection@17ac9ab3::SocketChannelEndPoint@1c4f07fd{l=/127.0.0.1:35601,r=/127.0.0.1:47046,OPEN,fill=-,flush=-,to=0/3000}{io=0/0,kio=0,kro=0}-><null>
02:09:59.444 [qtp961160488-20] DEBUG org.eclipse.jetty.io.ManagedSelector - Queued change lazy=true org.eclipse.jetty.io.ManagedSelector$$Lambda$258/615682846@73381754 on ManagedSelector@4803b726{STARTED} id=1 keys=2 selected=0 updates=0
02:09:59.444 [qtp961160488-20] DEBUG org.eclipse.jetty.io.AbstractEndPoint - onOpen SocketChannelEndPoint@1c4f07fd{l=/127.0.0.1:35601,r=/127.0.0.1:47046,OPEN,fill=-,flush=-,to=0/3000}{io=0/0,kio=0,kro=0}->HttpConnection@17ac9ab3[p=HttpParser{s=START,0 of -1},g=HttpGenerator@4e268d71{s=START}]=>HttpChannelOverHttp@79589f75{s=HttpChannelState@7bd0608f{s=IDLE rs=BLOCKING os=OPEN is=IDLE awp=false se=false i=true al=0},r=0,c=false/false,a=IDLE,uri=null,age=0}
02:09:59.444 [qtp961160488-20] DEBUG org.eclipse.jetty.io.AbstractConnection - onOpen HttpConnection@17ac9ab3::SocketChannelEndPoint@1c4f07fd{l=/127.0.0.1:35601,r=/127.0.0.1:47046,OPEN,fill=-,flush=-,to=0/3000}{io=0/0,kio=0,kro=0}->HttpConnection@17ac9ab3[p=HttpParser{s=START,0 of -1},g=HttpGenerator@4e268d71{s=START}]=>HttpChannelOverHttp@79589f75{s=HttpChannelState@7bd0608f{s=IDLE rs=BLOCKING os=OPEN is=IDLE awp=false se=false i=true al=0},r=0,c=false/false,a=IDLE,uri=null,age=0}
02:09:59.444 [qtp961160488-20] DEBUG org.eclipse.jetty.io.AbstractConnection - fillInterested HttpConnection@17ac9ab3::SocketChannelEndPoint@1c4f07fd{l=/127.0.0.1:35601,r=/127.0.0.1:47046,OPEN,fill=-,flush=-,to=0/3000}{io=0/0,kio=0,kro=0}->HttpConnection@17ac9ab3[p=HttpParser{s=START,0 of -1},g=HttpGenerator@4e268d71{s=START}]=>HttpChannelOverHttp@79589f75{s=HttpChannelState@7bd0608f{s=IDLE rs=BLOCKING os=OPEN is=IDLE awp=false se=false i=true al=0},r=0,c=false/false,a=IDLE,uri=null,age=0}
02:09:59.445 [qtp961160488-20] DEBUG org.eclipse.jetty.io.FillInterest - interested FillInterest@368a5822{AC.ReadCB@17ac9ab3{HttpConnection@17ac9ab3::SocketChannelEndPoint@1c4f07fd{l=/127.0.0.1:35601,r=/127.0.0.1:47046,OPEN,fill=FI,flush=-,to=0/3000}{io=0/0,kio=0,kro=0}->HttpConnection@17ac9ab3[p=HttpParser{s=START,0 of -1},g=HttpGenerator@4e268d71{s=START}]=>HttpChannelOverHttp@79589f75{s=HttpChannelState@7bd0608f{s=IDLE rs=BLOCKING os=OPEN is=IDLE awp=false se=false i=true al=0},r=0,c=false/false,a=IDLE,uri=null,age=0}}}
02:09:59.445 [qtp961160488-20] DEBUG org.eclipse.jetty.io.ChannelEndPoint - changeInterests p=false 0->1 for SocketChannelEndPoint@1c4f07fd{l=/127.0.0.1:35601,r=/127.0.0.1:47046,OPEN,fill=FI,flush=-,to=0/3000}{io=0/1,kio=0,kro=0}->HttpConnection@17ac9ab3[p=HttpParser{s=START,0 of -1},g=HttpGenerator@4e268d71{s=START}]=>HttpChannelOverHttp@79589f75{s=HttpChannelState@7bd0608f{s=IDLE rs=BLOCKING os=OPEN is=IDLE awp=false se=false i=true al=0},r=0,c=false/false,a=IDLE,uri=null,age=0}
02:09:59.445 [qtp961160488-20] DEBUG org.eclipse.jetty.io.ManagedSelector - Queued change lazy=false org.eclipse.jetty.io.ChannelEndPoint$$Lambda$255/1830220082@45003542 on ManagedSelector@4803b726{STARTED} id=1 keys=2 selected=0 updates=1
02:09:59.445 [qtp961160488-20] DEBUG org.eclipse.jetty.io.ManagedSelector - Wakeup on submit ManagedSelector@4803b726{STARTED} id=1 keys=2 selected=0 updates=2
02:09:59.445 [qtp961160488-20] DEBUG org.eclipse.jetty.io.ManagedSelector - Created SocketChannelEndPoint@1c4f07fd{l=/127.0.0.1:35601,r=/127.0.0.1:47046,OPEN,fill=FI,flush=-,to=0/3000}{io=0/1,kio=0,kro=0}->HttpConnection@17ac9ab3[p=HttpParser{s=START,0 of -1},g=HttpGenerator@4e268d71{s=START}]=>HttpChannelOverHttp@79589f75{s=HttpChannelState@7bd0608f{s=IDLE rs=BLOCKING os=OPEN is=IDLE awp=false se=false i=true al=0},r=0,c=false/false,a=IDLE,uri=null,age=0}
02:09:59.445 [qtp961160488-20] DEBUG org.eclipse.jetty.util.thread.QueuedThreadPool - ran Accept@4e6710ac[java.nio.channels.SocketChannel[connected local=/127.0.0.1:35601 remote=/127.0.0.1:47046]] in QueuedThreadPool[qtp961160488]@394a2528{STARTED,8<=8<=200,i=1,r=-1,q=0}[ReservedThreadExecutor@383bfa16{reserved=1/8,pending=0}]
02:09:59.445 [qtp961160488-16] DEBUG org.eclipse.jetty.io.ManagedSelector - Selector sun.nio.ch.EPollSelectorImpl@15ad5557 woken with none selected
02:09:59.445 [qtp961160488-16] DEBUG org.eclipse.jetty.io.ManagedSelector - Selector sun.nio.ch.EPollSelectorImpl@15ad5557 woken up from select, 0/0/2 selected
02:09:59.445 [qtp961160488-16] DEBUG org.eclipse.jetty.io.ManagedSelector - Selector sun.nio.ch.EPollSelectorImpl@15ad5557 processing 0 keys, 2 updates
02:09:59.445 [qtp961160488-16] DEBUG org.eclipse.jetty.io.ManagedSelector - updateable 2
02:09:59.445 [qtp961160488-16] DEBUG org.eclipse.jetty.io.ManagedSelector - update org.eclipse.jetty.io.ManagedSelector$$Lambda$258/615682846@73381754
02:09:59.445 [qtp961160488-16] DEBUG org.eclipse.jetty.io.ManagedSelector - update org.eclipse.jetty.io.ChannelEndPoint$$Lambda$255/1830220082@45003542
02:09:59.445 [qtp961160488-16] DEBUG org.eclipse.jetty.io.ChannelEndPoint - Key interests updated 0 -> 1 on SocketChannelEndPoint@1c4f07fd{l=/127.0.0.1:35601,r=/127.0.0.1:47046,OPEN,fill=FI,flush=-,to=0/3000}{io=1/1,kio=1,kro=0}->HttpConnection@17ac9ab3[p=HttpParser{s=START,0 of -1},g=HttpGenerator@4e268d71{s=START}]=>HttpChannelOverHttp@79589f75{s=HttpChannelState@7bd0608f{s=IDLE rs=BLOCKING os=OPEN is=IDLE awp=false se=false i=true al=0},r=0,c=false/false,a=IDLE,uri=null,age=0}
02:09:59.445 [qtp961160488-16] DEBUG org.eclipse.jetty.io.ManagedSelector - updates 0
02:09:59.445 [qtp961160488-16] DEBUG org.eclipse.jetty.io.ManagedSelector - Selector sun.nio.ch.EPollSelectorImpl@15ad5557 waiting with 2 keys
02:09:59.445 [qtp961160488-16] DEBUG org.eclipse.jetty.io.ManagedSelector - Selector sun.nio.ch.EPollSelectorImpl@15ad5557 woken up from select, 1/1/2 selected
02:09:59.445 [qtp961160488-16] DEBUG org.eclipse.jetty.io.ManagedSelector - Selector sun.nio.ch.EPollSelectorImpl@15ad5557 processing 1 keys, 0 updates
02:09:59.446 [qtp961160488-16] DEBUG org.eclipse.jetty.io.ManagedSelector - selected 1 sun.nio.ch.SelectionKeyImpl@651a7c6a SocketChannelEndPoint@1c4f07fd{l=/127.0.0.1:35601,r=/127.0.0.1:47046,OPEN,fill=FI,flush=-,to=1/3000}{io=1/1,kio=1,kro=1}->HttpConnection@17ac9ab3[p=HttpParser{s=START,0 of -1},g=HttpGenerator@4e268d71{s=START}]=>HttpChannelOverHttp@79589f75{s=HttpChannelState@7bd0608f{s=IDLE rs=BLOCKING os=OPEN is=IDLE awp=false se=false i=true al=0},r=0,c=false/false,a=IDLE,uri=null,age=0} 
02:09:59.446 [qtp961160488-16] DEBUG org.eclipse.jetty.io.ChannelEndPoint - onSelected 1->0 r=true w=false for SocketChannelEndPoint@1c4f07fd{l=/127.0.0.1:35601,r=/127.0.0.1:47046,OPEN,fill=FI,flush=-,to=1/3000}{io=1/0,kio=1,kro=1}->HttpConnection@17ac9ab3[p=HttpParser{s=START,0 of -1},g=HttpGenerator@4e268d71{s=START}]=>HttpChannelOverHttp@79589f75{s=HttpChannelState@7bd0608f{s=IDLE rs=BLOCKING os=OPEN is=IDLE awp=false se=false i=true al=0},r=0,c=false/false,a=IDLE,uri=null,age=0}
02:09:59.446 [qtp961160488-16] DEBUG org.eclipse.jetty.io.ChannelEndPoint - task CEP:SocketChannelEndPoint@1c4f07fd{l=/127.0.0.1:35601,r=/127.0.0.1:47046,OPEN,fill=FI,flush=-,to=1/3000}{io=1/0,kio=1,kro=1}->HttpConnection@17ac9ab3[p=HttpParser{s=START,0 of -1},g=HttpGenerator@4e268d71{s=START}]=>HttpChannelOverHttp@79589f75{s=HttpChannelState@7bd0608f{s=IDLE rs=BLOCKING os=OPEN is=IDLE awp=false se=false i=true al=0},r=0,c=false/false,a=IDLE,uri=null,age=0}:runFillable:BLOCKING
02:09:59.446 [qtp961160488-16] DEBUG org.eclipse.jetty.util.thread.ReservedThreadExecutor - ReservedThreadExecutor@383bfa16{reserved=1/8,pending=0} tryExecute EatWhatYouKill@17497425/SelectorProducer@f0da945/PRODUCING/p=false/QueuedThreadPool[qtp961160488]@394a2528{STARTED,8<=8<=200,i=2,r=-1,q=0}[ReservedThreadExecutor@383bfa16{reserved=1/8,pending=0}][pc=0,pic=0,pec=1,epc=0]@2024-05-02T02:09:59.446+01:00
02:09:59.446 [qtp961160488-16] DEBUG org.eclipse.jetty.util.thread.ReservedThreadExecutor - ReservedThreadExecutor@383bfa16{reserved=0/8,pending=1} startReservedThread p=1
02:09:59.446 [qtp961160488-16] DEBUG org.eclipse.jetty.util.thread.QueuedThreadPool - queue ReservedThread@34468c7f{PENDING,thread=null} startThread=0
02:09:59.446 [qtp961160488-15] DEBUG org.eclipse.jetty.util.thread.QueuedThreadPool - run ReservedThread@34468c7f{PENDING,thread=null} in QueuedThreadPool[qtp961160488]@394a2528{STARTED,8<=8<=200,i=1,r=-1,q=0}[ReservedThreadExecutor@383bfa16{reserved=0/8,pending=1}]
02:09:59.446 [qtp961160488-15] DEBUG org.eclipse.jetty.util.thread.ReservedThreadExecutor - ReservedThread@34468c7f{PENDING,thread=Thread[qtp961160488-15,5,main]} was=PENDING next=RESERVED size=0+1 capacity=8
02:09:59.446 [qtp961160488-19] DEBUG org.eclipse.jetty.util.thread.ReservedThreadExecutor - ReservedThread@5d49b323{RESERVED,thread=Thread[qtp961160488-19,5,main]} task=EatWhatYouKill@17497425/SelectorProducer@f0da945/IDLE/p=true/QueuedThreadPool[qtp961160488]@394a2528{STARTED,8<=8<=200,i=1,r=-1,q=0}[ReservedThreadExecutor@383bfa16{reserved=0/8,pending=1}][pc=0,pic=0,pec=1,epc=0]@2024-05-02T02:09:59.446+01:00 ReservedThreadExecutor@383bfa16{reserved=1/8,pending=0}
02:09:59.447 [qtp961160488-19] DEBUG org.eclipse.jetty.util.thread.strategy.EatWhatYouKill - EatWhatYouKill@17497425/SelectorProducer@f0da945/IDLE/p=true/QueuedThreadPool[qtp961160488]@394a2528{STARTED,8<=8<=200,i=1,r=-1,q=0}[ReservedThreadExecutor@383bfa16{reserved=1/8,pending=0}][pc=0,pic=0,pec=1,epc=0]@2024-05-02T02:09:59.447+01:00 tryProduce true
02:09:59.447 [qtp961160488-16] DEBUG org.eclipse.jetty.util.thread.strategy.EatWhatYouKill - EatWhatYouKill@17497425/SelectorProducer@f0da945/IDLE/p=true/QueuedThreadPool[qtp961160488]@394a2528{STARTED,8<=8<=200,i=1,r=-1,q=0}[ReservedThreadExecutor@383bfa16{reserved=1/8,pending=0}][pc=0,pic=0,pec=1,epc=0]@2024-05-02T02:09:59.446+01:00 m=EXECUTE_PRODUCE_CONSUME t=CEP:SocketChannelEndPoint@1c4f07fd{l=/127.0.0.1:35601,r=/127.0.0.1:47046,OPEN,fill=FI,flush=-,to=2/3000}{io=1/0,kio=1,kro=1}->HttpConnection@17ac9ab3[p=HttpParser{s=START,0 of -1},g=HttpGenerator@4e268d71{s=START}]=>HttpChannelOverHttp@79589f75{s=HttpChannelState@7bd0608f{s=IDLE rs=BLOCKING os=OPEN is=IDLE awp=false se=false i=true al=0},r=0,c=false/false,a=IDLE,uri=null,age=0}:runFillable:BLOCKING/BLOCKING
02:09:59.447 [qtp961160488-19] DEBUG org.eclipse.jetty.io.ManagedSelector - updateable 0
02:09:59.447 [qtp961160488-19] DEBUG org.eclipse.jetty.io.ManagedSelector - updates 0
02:09:59.447 [qtp961160488-16] DEBUG org.eclipse.jetty.io.FillInterest - fillable FillInterest@368a5822{AC.ReadCB@17ac9ab3{HttpConnection@17ac9ab3::SocketChannelEndPoint@1c4f07fd{l=/127.0.0.1:35601,r=/127.0.0.1:47046,OPEN,fill=FI,flush=-,to=2/3000}{io=0/0,kio=0,kro=1}->HttpConnection@17ac9ab3[p=HttpParser{s=START,0 of -1},g=HttpGenerator@4e268d71{s=START}]=>HttpChannelOverHttp@79589f75{s=HttpChannelState@7bd0608f{s=IDLE rs=BLOCKING os=OPEN is=IDLE awp=false se=false i=true al=0},r=0,c=false/false,a=IDLE,uri=null,age=0}}}
02:09:59.447 [qtp961160488-19] DEBUG org.eclipse.jetty.io.ChannelEndPoint - Key interests updated 1 -> 0 on SocketChannelEndPoint@1c4f07fd{l=/127.0.0.1:35601,r=/127.0.0.1:47046,OPEN,fill=FI,flush=-,to=2/3000}{io=0/0,kio=0,kro=1}->HttpConnection@17ac9ab3[p=HttpParser{s=START,0 of -1},g=HttpGenerator@4e268d71{s=START}]=>HttpChannelOverHttp@79589f75{s=HttpChannelState@7bd0608f{s=IDLE rs=BLOCKING os=OPEN is=IDLE awp=false se=false i=true al=0},r=0,c=false/false,a=IDLE,uri=null,age=0}
02:09:59.447 [qtp961160488-19] DEBUG org.eclipse.jetty.io.ManagedSelector - Selector sun.nio.ch.EPollSelectorImpl@15ad5557 waiting with 2 keys
02:09:59.447 [qtp961160488-16] DEBUG org.eclipse.jetty.server.HttpConnection - HttpConnection@17ac9ab3::SocketChannelEndPoint@1c4f07fd{l=/127.0.0.1:35601,r=/127.0.0.1:47046,OPEN,fill=-,flush=-,to=2/3000}{io=0/0,kio=0,kro=1}->HttpConnection@17ac9ab3[p=HttpParser{s=START,0 of -1},g=HttpGenerator@4e268d71{s=START}]=>HttpChannelOverHttp@79589f75{s=HttpChannelState@7bd0608f{s=IDLE rs=BLOCKING os=OPEN is=IDLE awp=false se=false i=true al=0},r=0,c=false/false,a=IDLE,uri=null,age=0} onFillable enter HttpChannelState@7bd0608f{s=IDLE rs=BLOCKING os=OPEN is=IDLE awp=false se=false i=true al=0} null
02:09:59.447 [qtp961160488-15] DEBUG org.eclipse.jetty.util.thread.ReservedThreadExecutor - ReservedThread@34468c7f{RESERVED,thread=Thread[qtp961160488-15,5,main]} waiting ReservedThreadExecutor@383bfa16{reserved=1/8,pending=0}
02:09:59.447 [qtp961160488-16] DEBUG org.eclipse.jetty.io.ChannelEndPoint - filled 133 HeapByteBuffer@293c2d56[p=0,l=133,c=8192,r=133]={<<<GET /config-minimal.yml H...gent: okhttp/3.12.3\r\n\r\n>>>: okhttp/...\x00\x00\x00\x00\x00\x00\x00}
02:09:59.447 [qtp961160488-16] DEBUG org.eclipse.jetty.server.HttpConnection - HttpConnection@17ac9ab3::SocketChannelEndPoint@1c4f07fd{l=/127.0.0.1:35601,r=/127.0.0.1:47046,OPEN,fill=-,flush=-,to=0/3000}{io=0/0,kio=0,kro=1}->HttpConnection@17ac9ab3[p=HttpParser{s=START,0 of -1},g=HttpGenerator@4e268d71{s=START}]=>HttpChannelOverHttp@79589f75{s=HttpChannelState@7bd0608f{s=IDLE rs=BLOCKING os=OPEN is=IDLE awp=false se=false i=true al=0},r=0,c=false/false,a=IDLE,uri=null,age=0} filled 133 HeapByteBuffer@293c2d56[p=0,l=133,c=8192,r=133]={<<<GET /config-minimal.yml H...gent: okhttp/3.12.3\r\n\r\n>>>: okhttp/...\x00\x00\x00\x00\x00\x00\x00}
02:09:59.447 [qtp961160488-16] DEBUG org.eclipse.jetty.server.HttpConnection - HttpConnection@17ac9ab3::SocketChannelEndPoint@1c4f07fd{l=/127.0.0.1:35601,r=/127.0.0.1:47046,OPEN,fill=-,flush=-,to=0/3000}{io=0/0,kio=0,kro=1}->HttpConnection@17ac9ab3[p=HttpParser{s=START,0 of -1},g=HttpGenerator@4e268d71{s=START}]=>HttpChannelOverHttp@79589f75{s=HttpChannelState@7bd0608f{s=IDLE rs=BLOCKING os=OPEN is=IDLE awp=false se=false i=true al=0},r=0,c=false/false,a=IDLE,uri=null,age=0} parse HeapByteBuffer@293c2d56[p=0,l=133,c=8192,r=133]={<<<GET /config-minimal.yml H...gent: okhttp/3.12.3\r\n\r\n>>>: okhttp/...\x00\x00\x00\x00\x00\x00\x00} {}
02:09:59.448 [qtp961160488-16] DEBUG org.eclipse.jetty.http.HttpParser - parseNext s=START HeapByteBuffer@293c2d56[p=0,l=133,c=8192,r=133]={<<<GET /config-minimal.yml H...gent: okhttp/3.12.3\r\n\r\n>>>: okhttp/...\x00\x00\x00\x00\x00\x00\x00}
02:09:59.448 [qtp961160488-16] DEBUG org.eclipse.jetty.http.HttpParser - START --> SPACE1
02:09:59.448 [qtp961160488-16] DEBUG org.eclipse.jetty.http.HttpParser - SPACE1 --> URI
02:09:59.448 [qtp961160488-16] DEBUG org.eclipse.jetty.http.HttpParser - URI --> SPACE2
02:09:59.448 [qtp961160488-16] DEBUG org.eclipse.jetty.http.HttpParser - SPACE2 --> REQUEST_VERSION
02:09:59.448 [qtp961160488-16] DEBUG org.eclipse.jetty.http.HttpParser - REQUEST_VERSION --> HEADER
02:09:59.448 [qtp961160488-16] DEBUG org.eclipse.jetty.http.HttpParser - HEADER:Host --> VALUE
02:09:59.448 [qtp961160488-16] DEBUG org.eclipse.jetty.http.HttpParser - HEADER:Host --> IN_VALUE
02:09:59.448 [qtp961160488-16] DEBUG org.eclipse.jetty.http.HttpParser - HEADER:Host --> FIELD
02:09:59.448 [qtp961160488-16] DEBUG org.eclipse.jetty.http.HttpParser - HEADER:Connection: keep-alive --> IN_VALUE
02:09:59.448 [qtp961160488-16] DEBUG org.eclipse.jetty.http.HttpParser - HEADER:Connection: keep-alive --> FIELD
02:09:59.448 [qtp961160488-16] DEBUG org.eclipse.jetty.http.HttpParser - HEADER:Accept-Encoding: gzip --> IN_VALUE
02:09:59.448 [qtp961160488-16] DEBUG org.eclipse.jetty.http.HttpParser - HEADER:Accept-Encoding: gzip --> FIELD
02:09:59.448 [qtp961160488-16] DEBUG org.eclipse.jetty.http.HttpParser - HEADER:User-Agent --> VALUE
02:09:59.448 [qtp961160488-16] DEBUG org.eclipse.jetty.http.HttpParser - HEADER:User-Agent --> IN_VALUE
02:09:59.448 [qtp961160488-16] DEBUG org.eclipse.jetty.http.HttpParser - HEADER:User-Agent --> FIELD
02:09:59.448 [qtp961160488-16] DEBUG org.eclipse.jetty.http.HttpParser - HEADER --> CONTENT
02:09:59.448 [qtp961160488-16] DEBUG org.eclipse.jetty.server.HttpChannel - REQUEST for //localhost:35601/config-minimal.yml on HttpChannelOverHttp@79589f75{s=HttpChannelState@7bd0608f{s=IDLE rs=BLOCKING os=OPEN is=IDLE awp=false se=false i=true al=0},r=1,c=false/false,a=IDLE,uri=//localhost:35601/config-minimal.yml,age=0}
GET //localhost:35601/config-minimal.yml HTTP/1.1
Host: localhost:35601
Connection: keep-alive
Accept-Encoding: gzip
User-Agent: okhttp/3.12.3


02:09:59.448 [qtp961160488-16] DEBUG org.eclipse.jetty.server.HttpConnection - HttpConnection@17ac9ab3::SocketChannelEndPoint@1c4f07fd{l=/127.0.0.1:35601,r=/127.0.0.1:47046,OPEN,fill=-,flush=-,to=0/3000}{io=0/0,kio=0,kro=1}->HttpConnection@17ac9ab3[p=HttpParser{s=CONTENT,0 of -1},g=HttpGenerator@4e268d71{s=START}]=>HttpChannelOverHttp@79589f75{s=HttpChannelState@7bd0608f{s=IDLE rs=BLOCKING os=OPEN is=IDLE awp=false se=false i=true al=0},r=1,c=false/false,a=IDLE,uri=//localhost:35601/config-minimal.yml,age=0} parsed true HttpParser{s=CONTENT,0 of -1}
02:09:59.448 [qtp961160488-16] DEBUG org.eclipse.jetty.server.HttpConnection - releaseRequestBuffer HttpConnection@17ac9ab3::SocketChannelEndPoint@1c4f07fd{l=/127.0.0.1:35601,r=/127.0.0.1:47046,OPEN,fill=-,flush=-,to=1/3000}{io=0/0,kio=0,kro=1}->HttpConnection@17ac9ab3[p=HttpParser{s=CONTENT,0 of -1},g=HttpGenerator@4e268d71{s=START}]=>HttpChannelOverHttp@79589f75{s=HttpChannelState@7bd0608f{s=IDLE rs=BLOCKING os=OPEN is=IDLE awp=false se=false i=true al=0},r=1,c=false/false,a=IDLE,uri=//localhost:35601/config-minimal.yml,age=0}
02:09:59.448 [qtp961160488-16] DEBUG org.eclipse.jetty.server.HttpChannel - handle //localhost:35601/config-minimal.yml HttpChannelOverHttp@79589f75{s=HttpChannelState@7bd0608f{s=IDLE rs=BLOCKING os=OPEN is=IDLE awp=false se=false i=true al=0},r=1,c=false/false,a=IDLE,uri=//localhost:35601/config-minimal.yml,age=0} 
02:09:59.448 [qtp961160488-16] DEBUG org.eclipse.jetty.server.HttpChannelState - handling HttpChannelState@7bd0608f{s=IDLE rs=BLOCKING os=OPEN is=IDLE awp=false se=false i=true al=0}
02:09:59.448 [qtp961160488-16] DEBUG org.eclipse.jetty.server.HttpChannel - action DISPATCH HttpChannelOverHttp@79589f75{s=HttpChannelState@7bd0608f{s=HANDLING rs=BLOCKING os=OPEN is=IDLE awp=false se=false i=true al=0},r=1,c=false/false,a=HANDLING,uri=//localhost:35601/config-minimal.yml,age=0}
02:09:59.448 [qtp961160488-16] DEBUG org.eclipse.jetty.server.Server - REQUEST GET /config-minimal.yml on HttpChannelOverHttp@79589f75{s=HttpChannelState@7bd0608f{s=HANDLING rs=BLOCKING os=OPEN is=IDLE awp=false se=false i=true al=0},r=1,c=false/false,a=HANDLING,uri=//localhost:35601/config-minimal.yml,age=0}
02:09:59.451 [qtp961160488-16] DEBUG org.eclipse.jetty.server.HttpOutput - write(array HeapByteBuffer@3e36023f[p=0,l=1469,c=262144,r=1469]={<<<# Licensed to the Apache ...tination name: PutFile\n>>>\x00\x00\x00\x00\x00\x00\x00\x00\x00...\x00\x00\x00\x00\x00\x00\x00})
02:09:59.452 [qtp961160488-16] DEBUG org.eclipse.jetty.server.HttpOutput - write(array) s=CLOSING,api=BLOCKED,sc=false,e=null last=true agg=false flush=true async=false, len=1469 null
02:09:59.452 [qtp961160488-16] DEBUG org.eclipse.jetty.server.HttpChannel - sendResponse info=null content=HeapByteBuffer@8f9c0bf[p=0,l=1469,c=262144,r=1469]={<<<# Licensed to the Apache ...tination name: PutFile\n>>>\x00\x00\x00\x00\x00\x00\x00\x00\x00...\x00\x00\x00\x00\x00\x00\x00} complete=true committing=true callback=Blocker@85c80ab{null}
02:09:59.452 [qtp961160488-16] DEBUG org.eclipse.jetty.server.HttpChannel - COMMIT for /config-minimal.yml on HttpChannelOverHttp@79589f75{s=HttpChannelState@7bd0608f{s=HANDLING rs=BLOCKING os=COMMITTED is=IDLE awp=false se=false i=true al=0},r=1,c=false/false,a=HANDLING,uri=//localhost:35601/config-minimal.yml,age=4}
200 null HTTP/1.1
Date: Thu, 02 May 2024 01:09:59 GMT
ETag: testEtag
Content-Type: text/plain;charset=utf-8
Content-Length: 1469


02:09:59.452 [qtp961160488-16] DEBUG org.eclipse.jetty.server.HttpConnection - generate: NEED_HEADER for SendCallback@410f1ade[PROCESSING][i=HTTP/1.1{s=200,h=4,cl=1469},cb=org.eclipse.jetty.server.HttpChannel$SendCallback@4f26df3a] (null,[p=0,l=1469,c=262144,r=1469],true)@START
02:09:59.452 [qtp961160488-16] DEBUG org.eclipse.jetty.http.HttpGenerator - generateHeaders HTTP/1.1{s=200,h=4,cl=1469} last=true content=HeapByteBuffer@8f9c0bf[p=0,l=1469,c=262144,r=1469]={<<<# Licensed to the Apache ...tination name: PutFile\n>>>\x00\x00\x00\x00\x00\x00\x00\x00\x00...\x00\x00\x00\x00\x00\x00\x00}
02:09:59.452 [qtp961160488-16] DEBUG org.eclipse.jetty.http.HttpGenerator - Date: Thu, 02 May 2024 01:09:59 GMT
ETag: testEtag
Content-Type: text/plain;charset=utf-8
Content-Length: 1469


02:09:59.452 [qtp961160488-16] DEBUG org.eclipse.jetty.http.HttpGenerator - CONTENT_LENGTH
02:09:59.452 [qtp961160488-16] DEBUG org.eclipse.jetty.server.HttpConnection - generate: FLUSH for SendCallback@410f1ade[PROCESSING][i=HTTP/1.1{s=200,h=4,cl=1469},cb=org.eclipse.jetty.server.HttpChannel$SendCallback@4f26df3a] ([p=0,l=167,c=8192,r=167],[p=0,l=1469,c=262144,r=1469],true)@COMPLETING
02:09:59.452 [qtp961160488-16] DEBUG org.eclipse.jetty.io.WriteFlusher - write: WriteFlusher@99c0259{IDLE}->null [HeapByteBuffer@293c2d56[p=0,l=167,c=8192,r=167]={<<<HTTP/1.1 200 OK\r\nDate: Th...y(9.4.44.v20210927)\r\n\r\n>>>\x00\x00\x00\x00\x00\x00\x00\x00\x00...\x00\x00\x00\x00\x00\x00\x00},HeapByteBuffer@8f9c0bf[p=0,l=1469,c=262144,r=1469]={<<<# Licensed to the Apache ...tination name: PutFile\n>>>\x00\x00\x00\x00\x00\x00\x00\x00\x00...\x00\x00\x00\x00\x00\x00\x00}]
02:09:59.452 [qtp961160488-16] DEBUG org.eclipse.jetty.io.WriteFlusher - update WriteFlusher@99c0259{WRITING}->null:IDLE-->WRITING
02:09:59.452 [main] DEBUG org.apache.nifi.minifi.bootstrap.configuration.ingestors.PullHttpChangeIngestor - Response received: Response{protocol=http/1.1, code=200, message=OK, url=http://localhost:35601/config-minimal.yml}
02:09:59.452 [main] DEBUG org.apache.nifi.minifi.bootstrap.configuration.ingestors.PullHttpChangeIngestor - Preserving previous security properties...
02:09:59.456 [qtp961160488-16] DEBUG org.eclipse.jetty.io.ChannelEndPoint - flushed 1636 SocketChannelEndPoint@1c4f07fd{l=/127.0.0.1:35601,r=/127.0.0.1:47046,OPEN,fill=-,flush=W,to=8/3000}{io=0/0,kio=0,kro=1}->HttpConnection@17ac9ab3[p=HttpParser{s=CONTENT,0 of -1},g=HttpGenerator@4e268d71{s=COMPLETING}]=>HttpChannelOverHttp@79589f75{s=HttpChannelState@7bd0608f{s=HANDLING rs=BLOCKING os=COMMITTED is=IDLE awp=false se=false i=true al=0},r=1,c=false/false,a=HANDLING,uri=//localhost:35601/config-minimal.yml,age=8}
02:09:59.456 [qtp961160488-16] DEBUG org.eclipse.jetty.io.WriteFlusher - Flushed=true written=1636 remaining=0 WriteFlusher@99c0259{WRITING}->null
02:09:59.456 [qtp961160488-16] DEBUG org.eclipse.jetty.io.WriteFlusher - update WriteFlusher@99c0259{IDLE}->null:WRITING-->IDLE
02:09:59.456 [qtp961160488-16] DEBUG org.eclipse.jetty.server.HttpConnection - generate: DONE for SendCallback@410f1ade[PROCESSING][i=HTTP/1.1{s=200,h=4,cl=1469},cb=org.eclipse.jetty.server.HttpChannel$SendCallback@4f26df3a] ([p=167,l=167,c=8192,r=0],[p=1469,l=1469,c=262144,r=0],true)@END
02:09:59.456 [qtp961160488-16] DEBUG org.eclipse.jetty.server.HttpOutput - onWriteComplete(true,null) s=CLOSING,api=BLOCKED,sc=false,e=null->s=CLOSED,api=BLOCKING,sc=false,e=null c=null cb=null w=false
02:09:59.457 [qtp961160488-16] DEBUG org.eclipse.jetty.server.HttpOutput - close() s=CLOSED,api=BLOCKING,sc=false,e=null c=null b=null
02:09:59.457 [qtp961160488-16] DEBUG org.eclipse.jetty.server.Server - handled=true async=false committed=true on HttpChannelOverHttp@79589f75{s=HttpChannelState@7bd0608f{s=HANDLING rs=BLOCKING os=COMPLETED is=IDLE awp=false se=false i=true al=0},r=1,c=false/true,a=HANDLING,uri=//localhost:35601/config-minimal.yml,age=9}
02:09:59.457 [qtp961160488-16] DEBUG org.eclipse.jetty.server.HttpChannelState - unhandle HttpChannelState@7bd0608f{s=HANDLING rs=BLOCKING os=COMPLETED is=IDLE awp=false se=false i=true al=0}
02:09:59.457 [qtp961160488-16] DEBUG org.eclipse.jetty.server.HttpChannelState - nextAction(false) COMPLETE HttpChannelState@7bd0608f{s=HANDLING rs=COMPLETING os=COMPLETED is=IDLE awp=false se=false i=false al=0}
02:09:59.457 [qtp961160488-16] DEBUG org.eclipse.jetty.server.HttpChannel - action COMPLETE HttpChannelOverHttp@79589f75{s=HttpChannelState@7bd0608f{s=HANDLING rs=COMPLETING os=COMPLETED is=IDLE awp=false se=false i=false al=0},r=1,c=false/true,a=HANDLING,uri=//localhost:35601/config-minimal.yml,age=9}
02:09:59.457 [qtp961160488-16] DEBUG org.eclipse.jetty.server.HttpOutput - complete(org.eclipse.jetty.util.Callback$3@65299219) s=CLOSED,api=BLOCKING,sc=false,e=null s=true e=null, c=null
02:09:59.457 [qtp961160488-16] DEBUG org.eclipse.jetty.server.HttpChannelState - completed HttpChannelState@7bd0608f{s=HANDLING rs=COMPLETING os=COMPLETED is=IDLE awp=false se=false i=false al=0}
02:09:59.457 [qtp961160488-16] DEBUG org.eclipse.jetty.server.HttpChannelState - unhandle HttpChannelState@7bd0608f{s=HANDLING rs=COMPLETED os=COMPLETED is=IDLE awp=false se=false i=false al=0}
02:09:59.457 [qtp961160488-16] DEBUG org.eclipse.jetty.server.HttpChannelState - nextAction(false) TERMINATED HttpChannelState@7bd0608f{s=IDLE rs=COMPLETED os=COMPLETED is=IDLE awp=false se=false i=false al=0}
02:09:59.457 [qtp961160488-16] DEBUG org.eclipse.jetty.server.HttpChannel - action TERMINATED HttpChannelOverHttp@79589f75{s=HttpChannelState@7bd0608f{s=IDLE rs=COMPLETED os=COMPLETED is=IDLE awp=false se=false i=false al=0},r=1,c=true/true,a=IDLE,uri=//localhost:35601/config-minimal.yml,age=9}
02:09:59.457 [qtp961160488-16] DEBUG org.eclipse.jetty.server.HttpChannel - onCompleted for /config-minimal.yml written=1469
02:09:59.457 [qtp961160488-16] DEBUG org.eclipse.jetty.io.ChannelEndPoint - filled 0 HeapByteBuffer@293c2d56[p=0,l=0,c=8192,r=0]={<<<>>>HTTP/1.1 ...\x00\x00\x00\x00\x00\x00\x00}
02:09:59.457 [qtp961160488-16] DEBUG org.eclipse.jetty.io.ChannelEndPoint - filled 0 HeapByteBuffer@293c2d56[p=0,l=0,c=8192,r=0]={<<<>>>HTTP/1.1 ...\x00\x00\x00\x00\x00\x00\x00}
02:09:59.457 [qtp961160488-16] DEBUG org.eclipse.jetty.server.HttpConnection - HttpConnection@17ac9ab3::SocketChannelEndPoint@1c4f07fd{l=/127.0.0.1:35601,r=/127.0.0.1:47046,OPEN,fill=-,flush=-,to=1/3000}{io=0/0,kio=0,kro=1}->HttpConnection@17ac9ab3[p=HttpParser{s=CONTENT,0 of -1},g=HttpGenerator@4e268d71{s=END}]=>HttpChannelOverHttp@79589f75{s=HttpChannelState@7bd0608f{s=IDLE rs=COMPLETED os=COMPLETED is=IDLE awp=false se=false i=false al=0},r=1,c=true/true,a=IDLE,uri=//localhost:35601/config-minimal.yml,age=9} filled 0 HeapByteBuffer@293c2d56[p=0,l=0,c=8192,r=0]={<<<>>>HTTP/1.1 ...\x00\x00\x00\x00\x00\x00\x00}
02:09:59.458 [qtp961160488-16] DEBUG org.eclipse.jetty.server.HttpConnection - HttpConnection@17ac9ab3::SocketChannelEndPoint@1c4f07fd{l=/127.0.0.1:35601,r=/127.0.0.1:47046,OPEN,fill=-,flush=-,to=1/3000}{io=0/0,kio=0,kro=1}->HttpConnection@17ac9ab3[p=HttpParser{s=CONTENT,0 of -1},g=HttpGenerator@4e268d71{s=END}]=>HttpChannelOverHttp@79589f75{s=HttpChannelState@7bd0608f{s=IDLE rs=COMPLETED os=COMPLETED is=IDLE awp=false se=false i=false al=0},r=1,c=true/true,a=IDLE,uri=//localhost:35601/config-minimal.yml,age=9} parse HeapByteBuffer@293c2d56[p=0,l=0,c=8192,r=0]={<<<>>>HTTP/1.1 ...\x00\x00\x00\x00\x00\x00\x00} {}
02:09:59.458 [qtp961160488-16] DEBUG org.eclipse.jetty.http.HttpParser - parseNext s=CONTENT HeapByteBuffer@293c2d56[p=0,l=0,c=8192,r=0]={<<<>>>HTTP/1.1 ...\x00\x00\x00\x00\x00\x00\x00}
02:09:59.458 [qtp961160488-16] DEBUG org.eclipse.jetty.http.HttpParser - CONTENT --> CONTENT_END
02:09:59.458 [qtp961160488-16] DEBUG org.eclipse.jetty.server.HttpChannel - onContentComplete HttpChannelOverHttp@79589f75{s=HttpChannelState@7bd0608f{s=IDLE rs=COMPLETED os=COMPLETED is=IDLE awp=false se=false i=false al=0},r=1,c=true/true,a=IDLE,uri=//localhost:35601/config-minimal.yml,age=10}
02:09:59.458 [qtp961160488-16] DEBUG org.eclipse.jetty.http.HttpParser - CONTENT_END --> END
02:09:59.458 [qtp961160488-16] DEBUG org.eclipse.jetty.server.HttpChannel - onRequestComplete HttpChannelOverHttp@79589f75{s=HttpChannelState@7bd0608f{s=IDLE rs=COMPLETED os=COMPLETED is=IDLE awp=false se=false i=false al=0},r=1,c=true/true,a=IDLE,uri=//localhost:35601/config-minimal.yml,age=10}
02:09:59.458 [qtp961160488-16] DEBUG org.eclipse.jetty.server.HttpInput - HttpInputOverHTTP@5c49ad88[c=0,q=0,[0]=null,s=STREAM] addContent EOF
02:09:59.458 [qtp961160488-16] DEBUG org.eclipse.jetty.server.HttpConnection - HttpConnection@17ac9ab3::SocketChannelEndPoint@1c4f07fd{l=/127.0.0.1:35601,r=/127.0.0.1:47046,OPEN,fill=-,flush=-,to=2/3000}{io=0/0,kio=0,kro=1}->HttpConnection@17ac9ab3[p=HttpParser{s=END,0 of -1},g=HttpGenerator@4e268d71{s=END}]=>HttpChannelOverHttp@79589f75{s=HttpChannelState@7bd0608f{s=IDLE rs=COMPLETED os=COMPLETED is=IDLE awp=false se=false i=false al=0},r=1,c=true/true,a=IDLE,uri=//localhost:35601/config-minimal.yml,age=10} parsed false HttpParser{s=END,0 of -1}
02:09:59.458 [qtp961160488-16] DEBUG org.eclipse.jetty.server.HttpConnection - releaseRequestBuffer HttpConnection@17ac9ab3::SocketChannelEndPoint@1c4f07fd{l=/127.0.0.1:35601,r=/127.0.0.1:47046,OPEN,fill=-,flush=-,to=2/3000}{io=0/0,kio=0,kro=1}->HttpConnection@17ac9ab3[p=HttpParser{s=END,0 of -1},g=HttpGenerator@4e268d71{s=END}]=>HttpChannelOverHttp@79589f75{s=HttpChannelState@7bd0608f{s=IDLE rs=COMPLETED os=COMPLETED is=IDLE awp=false se=false i=false al=0},r=1,c=true/true,a=IDLE,uri=//localhost:35601/config-minimal.yml,age=10}
02:09:59.458 [qtp961160488-16] DEBUG org.eclipse.jetty.server.HttpChannelState - recycle HttpChannelState@7bd0608f{s=IDLE rs=COMPLETED os=COMPLETED is=IDLE awp=false se=false i=false al=0}
02:09:59.458 [qtp961160488-16] DEBUG org.eclipse.jetty.http.HttpParser - reset HttpParser{s=END,0 of -1}
02:09:59.458 [qtp961160488-16] DEBUG org.eclipse.jetty.http.HttpParser - END --> START
02:09:59.458 [qtp961160488-16] DEBUG org.eclipse.jetty.server.HttpChannel - !handle TERMINATED HttpChannelOverHttp@79589f75{s=HttpChannelState@7bd0608f{s=IDLE rs=BLOCKING os=OPEN is=IDLE awp=false se=false i=true al=0},r=1,c=false/false,a=IDLE,uri=null,age=0}
02:09:59.458 [qtp961160488-16] DEBUG org.eclipse.jetty.io.ChannelEndPoint - filled 0 HeapByteBuffer@293c2d56[p=0,l=0,c=8192,r=0]={<<<>>>HTTP/1.1 ...\x00\x00\x00\x00\x00\x00\x00}
02:09:59.458 [qtp961160488-16] DEBUG org.eclipse.jetty.io.ChannelEndPoint - filled 0 HeapByteBuffer@293c2d56[p=0,l=0,c=8192,r=0]={<<<>>>HTTP/1.1 ...\x00\x00\x00\x00\x00\x00\x00}
02:09:59.458 [qtp961160488-16] DEBUG org.eclipse.jetty.server.HttpConnection - HttpConnection@17ac9ab3::SocketChannelEndPoint@1c4f07fd{l=/127.0.0.1:35601,r=/127.0.0.1:47046,OPEN,fill=-,flush=-,to=2/3000}{io=0/0,kio=0,kro=1}->HttpConnection@17ac9ab3[p=HttpParser{s=START,0 of -1},g=HttpGenerator@4e268d71{s=START}]=>HttpChannelOverHttp@79589f75{s=HttpChannelState@7bd0608f{s=IDLE rs=BLOCKING os=OPEN is=IDLE awp=false se=false i=true al=0},r=1,c=false/false,a=IDLE,uri=null,age=0} filled 0 HeapByteBuffer@293c2d56[p=0,l=0,c=8192,r=0]={<<<>>>HTTP/1.1 ...\x00\x00\x00\x00\x00\x00\x00}
02:09:59.459 [qtp961160488-16] DEBUG org.eclipse.jetty.server.HttpConnection - HttpConnection@17ac9ab3::SocketChannelEndPoint@1c4f07fd{l=/127.0.0.1:35601,r=/127.0.0.1:47046,OPEN,fill=-,flush=-,to=2/3000}{io=0/0,kio=0,kro=1}->HttpConnection@17ac9ab3[p=HttpParser{s=START,0 of -1},g=HttpGenerator@4e268d71{s=START}]=>HttpChannelOverHttp@79589f75{s=HttpChannelState@7bd0608f{s=IDLE rs=BLOCKING os=OPEN is=IDLE awp=false se=false i=true al=0},r=1,c=false/false,a=IDLE,uri=null,age=0} parse HeapByteBuffer@293c2d56[p=0,l=0,c=8192,r=0]={<<<>>>HTTP/1.1 ...\x00\x00\x00\x00\x00\x00\x00} {}
02:09:59.459 [qtp961160488-16] DEBUG org.eclipse.jetty.http.HttpParser - parseNext s=START HeapByteBuffer@293c2d56[p=0,l=0,c=8192,r=0]={<<<>>>HTTP/1.1 ...\x00\x00\x00\x00\x00\x00\x00}
02:09:59.459 [qtp961160488-16] DEBUG org.eclipse.jetty.server.HttpConnection - HttpConnection@17ac9ab3::SocketChannelEndPoint@1c4f07fd{l=/127.0.0.1:35601,r=/127.0.0.1:47046,OPEN,fill=-,flush=-,to=3/3000}{io=0/0,kio=0,kro=1}->HttpConnection@17ac9ab3[p=HttpParser{s=START,0 of -1},g=HttpGenerator@4e268d71{s=START}]=>HttpChannelOverHttp@79589f75{s=HttpChannelState@7bd0608f{s=IDLE rs=BLOCKING os=OPEN is=IDLE awp=false se=false i=true al=0},r=1,c=false/false,a=IDLE,uri=null,age=0} parsed false HttpParser{s=START,0 of -1}
02:09:59.459 [qtp961160488-16] DEBUG org.eclipse.jetty.server.HttpConnection - releaseRequestBuffer HttpConnection@17ac9ab3::SocketChannelEndPoint@1c4f07fd{l=/127.0.0.1:35601,r=/127.0.0.1:47046,OPEN,fill=-,flush=-,to=3/3000}{io=0/0,kio=0,kro=1}->HttpConnection@17ac9ab3[p=HttpParser{s=START,0 of -1},g=HttpGenerator@4e268d71{s=START}]=>HttpChannelOverHttp@79589f75{s=HttpChannelState@7bd0608f{s=IDLE rs=BLOCKING os=OPEN is=IDLE awp=false se=false i=true al=0},r=1,c=false/false,a=IDLE,uri=null,age=0}
02:09:59.459 [qtp961160488-16] DEBUG org.eclipse.jetty.io.AbstractConnection - fillInterested HttpConnection@17ac9ab3::SocketChannelEndPoint@1c4f07fd{l=/127.0.0.1:35601,r=/127.0.0.1:47046,OPEN,fill=-,flush=-,to=3/3000}{io=0/0,kio=0,kro=1}->HttpConnection@17ac9ab3[p=HttpParser{s=START,0 of -1},g=HttpGenerator@4e268d71{s=START}]=>HttpChannelOverHttp@79589f75{s=HttpChannelState@7bd0608f{s=IDLE rs=BLOCKING os=OPEN is=IDLE awp=false se=false i=true al=0},r=1,c=false/false,a=IDLE,uri=null,age=0}
02:09:59.459 [qtp961160488-16] DEBUG org.eclipse.jetty.io.FillInterest - interested FillInterest@368a5822{AC.ReadCB@17ac9ab3{HttpConnection@17ac9ab3::SocketChannelEndPoint@1c4f07fd{l=/127.0.0.1:35601,r=/127.0.0.1:47046,OPEN,fill=FI,flush=-,to=0/3000}{io=0/0,kio=0,kro=1}->HttpConnection@17ac9ab3[p=HttpParser{s=START,0 of -1},g=HttpGenerator@4e268d71{s=START}]=>HttpChannelOverHttp@79589f75{s=HttpChannelState@7bd0608f{s=IDLE rs=BLOCKING os=OPEN is=IDLE awp=false se=false i=true al=0},r=1,c=false/false,a=IDLE,uri=null,age=0}}}
02:09:59.459 [qtp961160488-16] DEBUG org.eclipse.jetty.io.ChannelEndPoint - changeInterests p=false 0->1 for SocketChannelEndPoint@1c4f07fd{l=/127.0.0.1:35601,r=/127.0.0.1:47046,OPEN,fill=FI,flush=-,to=0/3000}{io=0/1,kio=0,kro=1}->HttpConnection@17ac9ab3[p=HttpParser{s=START,0 of -1},g=HttpGenerator@4e268d71{s=START}]=>HttpChannelOverHttp@79589f75{s=HttpChannelState@7bd0608f{s=IDLE rs=BLOCKING os=OPEN is=IDLE awp=false se=false i=true al=0},r=1,c=false/false,a=IDLE,uri=null,age=0}
02:09:59.460 [qtp961160488-16] DEBUG org.eclipse.jetty.io.ManagedSelector - Queued change lazy=false org.eclipse.jetty.io.ChannelEndPoint$$Lambda$255/1830220082@45003542 on ManagedSelector@4803b726{STARTED} id=1 keys=2 selected=0 updates=0
02:09:59.460 [qtp961160488-16] DEBUG org.eclipse.jetty.io.ManagedSelector - Wakeup on submit ManagedSelector@4803b726{STARTED} id=1 keys=2 selected=0 updates=1
02:09:59.460 [qtp961160488-16] DEBUG org.eclipse.jetty.server.HttpConnection - HttpConnection@17ac9ab3::SocketChannelEndPoint@1c4f07fd{l=/127.0.0.1:35601,r=/127.0.0.1:47046,OPEN,fill=FI,flush=-,to=0/3000}{io=0/1,kio=0,kro=1}->HttpConnection@17ac9ab3[p=HttpParser{s=START,0 of -1},g=HttpGenerator@4e268d71{s=START}]=>HttpChannelOverHttp@79589f75{s=HttpChannelState@7bd0608f{s=IDLE rs=BLOCKING os=OPEN is=IDLE awp=false se=false i=true al=0},r=1,c=false/false,a=IDLE,uri=null,age=0} onFillable exit HttpChannelState@7bd0608f{s=IDLE rs=BLOCKING os=OPEN is=IDLE awp=false se=false i=true al=0} null
02:09:59.460 [qtp961160488-16] DEBUG org.eclipse.jetty.util.thread.QueuedThreadPool - ran org.eclipse.jetty.io.ManagedSelector$$Lambda$253/838473569@2c1b194a in QueuedThreadPool[qtp961160488]@394a2528{STARTED,8<=8<=200,i=1,r=-1,q=0}[ReservedThreadExecutor@383bfa16{reserved=1/8,pending=0}]
02:09:59.462 [qtp961160488-19] DEBUG org.eclipse.jetty.io.ManagedSelector - Selector sun.nio.ch.EPollSelectorImpl@15ad5557 woken with none selected
02:09:59.462 [qtp961160488-19] DEBUG org.eclipse.jetty.io.ManagedSelector - Selector sun.nio.ch.EPollSelectorImpl@15ad5557 woken up from select, 0/0/2 selected
02:09:59.462 [qtp961160488-19] DEBUG org.eclipse.jetty.io.ManagedSelector - Selector sun.nio.ch.EPollSelectorImpl@15ad5557 processing 0 keys, 1 updates
02:09:59.462 [qtp961160488-19] DEBUG org.eclipse.jetty.io.ManagedSelector - updateable 1
02:09:59.462 [qtp961160488-19] DEBUG org.eclipse.jetty.io.ManagedSelector - update org.eclipse.jetty.io.ChannelEndPoint$$Lambda$255/1830220082@45003542
02:09:59.462 [qtp961160488-19] DEBUG org.eclipse.jetty.io.ChannelEndPoint - Key interests updated 0 -> 1 on SocketChannelEndPoint@1c4f07fd{l=/127.0.0.1:35601,r=/127.0.0.1:47046,OPEN,fill=FI,flush=-,to=2/3000}{io=1/1,kio=1,kro=1}->HttpConnection@17ac9ab3[p=HttpParser{s=START,0 of -1},g=HttpGenerator@4e268d71{s=START}]=>HttpChannelOverHttp@79589f75{s=HttpChannelState@7bd0608f{s=IDLE rs=BLOCKING os=OPEN is=IDLE awp=false se=false i=true al=0},r=1,c=false/false,a=IDLE,uri=null,age=0}
02:09:59.462 [qtp961160488-19] DEBUG org.eclipse.jetty.io.ManagedSelector - updates 0
02:09:59.462 [qtp961160488-19] DEBUG org.eclipse.jetty.io.ManagedSelector - Selector sun.nio.ch.EPollSelectorImpl@15ad5557 waiting with 2 keys
02:09:59.615 [main] DEBUG org.apache.nifi.minifi.bootstrap.configuration.ingestors.PullHttpChangeIngestor - New change received, notifying listener
02:09:59.615 [main] DEBUG org.apache.nifi.minifi.bootstrap.configuration.ingestors.PullHttpChangeIngestor - Listeners notified
]]></system-out>
  </testcase>
  <testcase name="testNoUpdate" classname="org.apache.nifi.minifi.bootstrap.configuration.ingestors.PullHttpChangeIngestorTest" time="0.006">
    <system-out><![CDATA[02:09:59.625 [main] DEBUG org.apache.nifi.minifi.bootstrap.configuration.ingestors.PullHttpChangeIngestor - Attempting to pull new config
02:09:59.626 [qtp961160488-18-acceptor-0@1e1a0406-ServerConnector@446293d{HTTP/1.1, (http/1.1)}{localhost:35601}] DEBUG org.eclipse.jetty.io.ManagedSelector - Queued change lazy=false Accept@67b644ba[java.nio.channels.SocketChannel[connected local=/127.0.0.1:35601 remote=/127.0.0.1:47050]] on ManagedSelector@316bcf94{STARTED} id=2 keys=1 selected=0 updates=0
02:09:59.626 [qtp961160488-18-acceptor-0@1e1a0406-ServerConnector@446293d{HTTP/1.1, (http/1.1)}{localhost:35601}] DEBUG org.eclipse.jetty.io.ManagedSelector - Wakeup on submit ManagedSelector@316bcf94{STARTED} id=2 keys=1 selected=0 updates=1
02:09:59.626 [qtp961160488-22] DEBUG org.eclipse.jetty.io.ManagedSelector - Selector sun.nio.ch.EPollSelectorImpl@732a981a woken with none selected
02:09:59.626 [qtp961160488-22] DEBUG org.eclipse.jetty.io.ManagedSelector - Selector sun.nio.ch.EPollSelectorImpl@732a981a woken up from select, 0/0/1 selected
02:09:59.626 [qtp961160488-22] DEBUG org.eclipse.jetty.io.ManagedSelector - Selector sun.nio.ch.EPollSelectorImpl@732a981a processing 0 keys, 1 updates
02:09:59.626 [qtp961160488-22] DEBUG org.eclipse.jetty.io.ManagedSelector - updateable 1
02:09:59.626 [qtp961160488-22] DEBUG org.eclipse.jetty.io.ManagedSelector - update Accept@67b644ba[java.nio.channels.SocketChannel[connected local=/127.0.0.1:35601 remote=/127.0.0.1:47050]]
02:09:59.626 [qtp961160488-22] DEBUG org.eclipse.jetty.util.thread.QueuedThreadPool - queue Accept@67b644ba[java.nio.channels.SocketChannel[connected local=/127.0.0.1:35601 remote=/127.0.0.1:47050]] startThread=0
02:09:59.626 [qtp961160488-22] DEBUG org.eclipse.jetty.io.ManagedSelector - updates 0
02:09:59.626 [qtp961160488-22] DEBUG org.eclipse.jetty.io.ManagedSelector - Selector sun.nio.ch.EPollSelectorImpl@732a981a waiting with 2 keys
02:09:59.626 [qtp961160488-20] DEBUG org.eclipse.jetty.util.thread.QueuedThreadPool - run Accept@67b644ba[java.nio.channels.SocketChannel[connected local=/127.0.0.1:35601 remote=/127.0.0.1:47050]] in QueuedThreadPool[qtp961160488]@394a2528{STARTED,8<=8<=200,i=1,r=-1,q=0}[ReservedThreadExecutor@383bfa16{reserved=1/8,pending=0}]
02:09:59.626 [qtp961160488-20] DEBUG org.eclipse.jetty.io.IdleTimeout - SocketChannelEndPoint@76310801{l=/127.0.0.1:35601,r=/127.0.0.1:47050,OPEN,fill=-,flush=-,to=0/3000}{io=0/0,kio=0,kro=0}-><null> idle timeout check, elapsed: 0 ms, remaining: 3000 ms
02:09:59.626 [qtp961160488-20] DEBUG org.eclipse.jetty.server.HttpChannel - new HttpChannelOverHttp@c865eb3{s=HttpChannelState@68295c49{s=IDLE rs=BLOCKING os=OPEN is=IDLE awp=false se=false i=true al=0},r=0,c=false/false,a=IDLE,uri=null,age=0} -> SocketChannelEndPoint@76310801{l=/127.0.0.1:35601,r=/127.0.0.1:47050,OPEN,fill=-,flush=-,to=0/3000}{io=0/0,kio=0,kro=0}-><null>,null,HttpChannelState@68295c49{s=IDLE rs=BLOCKING os=OPEN is=IDLE awp=false se=false i=true al=0}
02:09:59.626 [qtp961160488-20] DEBUG org.eclipse.jetty.server.HttpConnection - New HTTP Connection HttpConnection@2cc7ce2b::SocketChannelEndPoint@76310801{l=/127.0.0.1:35601,r=/127.0.0.1:47050,OPEN,fill=-,flush=-,to=0/3000}{io=0/0,kio=0,kro=0}-><null>
02:09:59.626 [qtp961160488-20] DEBUG org.eclipse.jetty.io.ManagedSelector - Queued change lazy=true org.eclipse.jetty.io.ManagedSelector$$Lambda$258/615682846@52c8aab2 on ManagedSelector@316bcf94{STARTED} id=2 keys=2 selected=0 updates=0
02:09:59.626 [qtp961160488-20] DEBUG org.eclipse.jetty.io.AbstractEndPoint - onOpen SocketChannelEndPoint@76310801{l=/127.0.0.1:35601,r=/127.0.0.1:47050,OPEN,fill=-,flush=-,to=0/3000}{io=0/0,kio=0,kro=0}->HttpConnection@2cc7ce2b[p=HttpParser{s=START,0 of -1},g=HttpGenerator@6c85059e{s=START}]=>HttpChannelOverHttp@c865eb3{s=HttpChannelState@68295c49{s=IDLE rs=BLOCKING os=OPEN is=IDLE awp=false se=false i=true al=0},r=0,c=false/false,a=IDLE,uri=null,age=0}
02:09:59.627 [qtp961160488-20] DEBUG org.eclipse.jetty.io.AbstractConnection - onOpen HttpConnection@2cc7ce2b::SocketChannelEndPoint@76310801{l=/127.0.0.1:35601,r=/127.0.0.1:47050,OPEN,fill=-,flush=-,to=0/3000}{io=0/0,kio=0,kro=0}->HttpConnection@2cc7ce2b[p=HttpParser{s=START,0 of -1},g=HttpGenerator@6c85059e{s=START}]=>HttpChannelOverHttp@c865eb3{s=HttpChannelState@68295c49{s=IDLE rs=BLOCKING os=OPEN is=IDLE awp=false se=false i=true al=0},r=0,c=false/false,a=IDLE,uri=null,age=0}
02:09:59.627 [qtp961160488-20] DEBUG org.eclipse.jetty.io.AbstractConnection - fillInterested HttpConnection@2cc7ce2b::SocketChannelEndPoint@76310801{l=/127.0.0.1:35601,r=/127.0.0.1:47050,OPEN,fill=-,flush=-,to=0/3000}{io=0/0,kio=0,kro=0}->HttpConnection@2cc7ce2b[p=HttpParser{s=START,0 of -1},g=HttpGenerator@6c85059e{s=START}]=>HttpChannelOverHttp@c865eb3{s=HttpChannelState@68295c49{s=IDLE rs=BLOCKING os=OPEN is=IDLE awp=false se=false i=true al=0},r=0,c=false/false,a=IDLE,uri=null,age=0}
02:09:59.627 [qtp961160488-20] DEBUG org.eclipse.jetty.io.FillInterest - interested FillInterest@4eecc753{AC.ReadCB@2cc7ce2b{HttpConnection@2cc7ce2b::SocketChannelEndPoint@76310801{l=/127.0.0.1:35601,r=/127.0.0.1:47050,OPEN,fill=FI,flush=-,to=0/3000}{io=0/0,kio=0,kro=0}->HttpConnection@2cc7ce2b[p=HttpParser{s=START,0 of -1},g=HttpGenerator@6c85059e{s=START}]=>HttpChannelOverHttp@c865eb3{s=HttpChannelState@68295c49{s=IDLE rs=BLOCKING os=OPEN is=IDLE awp=false se=false i=true al=0},r=0,c=false/false,a=IDLE,uri=null,age=0}}}
02:09:59.627 [qtp961160488-20] DEBUG org.eclipse.jetty.io.ChannelEndPoint - changeInterests p=false 0->1 for SocketChannelEndPoint@76310801{l=/127.0.0.1:35601,r=/127.0.0.1:47050,OPEN,fill=FI,flush=-,to=0/3000}{io=0/1,kio=0,kro=0}->HttpConnection@2cc7ce2b[p=HttpParser{s=START,0 of -1},g=HttpGenerator@6c85059e{s=START}]=>HttpChannelOverHttp@c865eb3{s=HttpChannelState@68295c49{s=IDLE rs=BLOCKING os=OPEN is=IDLE awp=false se=false i=true al=0},r=0,c=false/false,a=IDLE,uri=null,age=0}
02:09:59.627 [qtp961160488-20] DEBUG org.eclipse.jetty.io.ManagedSelector - Queued change lazy=false org.eclipse.jetty.io.ChannelEndPoint$$Lambda$255/1830220082@5cc8ee33 on ManagedSelector@316bcf94{STARTED} id=2 keys=2 selected=0 updates=1
02:09:59.627 [qtp961160488-20] DEBUG org.eclipse.jetty.io.ManagedSelector - Wakeup on submit ManagedSelector@316bcf94{STARTED} id=2 keys=2 selected=0 updates=2
02:09:59.627 [qtp961160488-22] DEBUG org.eclipse.jetty.io.ManagedSelector - Selector sun.nio.ch.EPollSelectorImpl@732a981a woken with none selected
02:09:59.627 [qtp961160488-22] DEBUG org.eclipse.jetty.io.ManagedSelector - Selector sun.nio.ch.EPollSelectorImpl@732a981a woken up from select, 0/0/2 selected
02:09:59.627 [qtp961160488-22] DEBUG org.eclipse.jetty.io.ManagedSelector - Selector sun.nio.ch.EPollSelectorImpl@732a981a processing 0 keys, 2 updates
02:09:59.627 [qtp961160488-20] DEBUG org.eclipse.jetty.io.ManagedSelector - Created SocketChannelEndPoint@76310801{l=/127.0.0.1:35601,r=/127.0.0.1:47050,OPEN,fill=FI,flush=-,to=0/3000}{io=0/1,kio=0,kro=0}->HttpConnection@2cc7ce2b[p=HttpParser{s=START,0 of -1},g=HttpGenerator@6c85059e{s=START}]=>HttpChannelOverHttp@c865eb3{s=HttpChannelState@68295c49{s=IDLE rs=BLOCKING os=OPEN is=IDLE awp=false se=false i=true al=0},r=0,c=false/false,a=IDLE,uri=null,age=0}
02:09:59.627 [qtp961160488-22] DEBUG org.eclipse.jetty.io.ManagedSelector - updateable 2
02:09:59.627 [qtp961160488-22] DEBUG org.eclipse.jetty.io.ManagedSelector - update org.eclipse.jetty.io.ManagedSelector$$Lambda$258/615682846@52c8aab2
02:09:59.627 [qtp961160488-22] DEBUG org.eclipse.jetty.io.ManagedSelector - update org.eclipse.jetty.io.ChannelEndPoint$$Lambda$255/1830220082@5cc8ee33
02:09:59.627 [qtp961160488-20] DEBUG org.eclipse.jetty.util.thread.QueuedThreadPool - ran Accept@67b644ba[java.nio.channels.SocketChannel[connected local=/127.0.0.1:35601 remote=/127.0.0.1:47050]] in QueuedThreadPool[qtp961160488]@394a2528{STARTED,8<=8<=200,i=1,r=-1,q=0}[ReservedThreadExecutor@383bfa16{reserved=1/8,pending=0}]
02:09:59.627 [qtp961160488-22] DEBUG org.eclipse.jetty.io.ChannelEndPoint - Key interests updated 0 -> 1 on SocketChannelEndPoint@76310801{l=/127.0.0.1:35601,r=/127.0.0.1:47050,OPEN,fill=FI,flush=-,to=0/3000}{io=1/1,kio=1,kro=0}->HttpConnection@2cc7ce2b[p=HttpParser{s=START,0 of -1},g=HttpGenerator@6c85059e{s=START}]=>HttpChannelOverHttp@c865eb3{s=HttpChannelState@68295c49{s=IDLE rs=BLOCKING os=OPEN is=IDLE awp=false se=false i=true al=0},r=0,c=false/false,a=IDLE,uri=null,age=0}
02:09:59.627 [qtp961160488-22] DEBUG org.eclipse.jetty.io.ManagedSelector - updates 0
02:09:59.627 [qtp961160488-22] DEBUG org.eclipse.jetty.io.ManagedSelector - Selector sun.nio.ch.EPollSelectorImpl@732a981a waiting with 2 keys
02:09:59.627 [qtp961160488-22] DEBUG org.eclipse.jetty.io.ManagedSelector - Selector sun.nio.ch.EPollSelectorImpl@732a981a woken up from select, 1/1/2 selected
02:09:59.627 [qtp961160488-22] DEBUG org.eclipse.jetty.io.ManagedSelector - Selector sun.nio.ch.EPollSelectorImpl@732a981a processing 1 keys, 0 updates
02:09:59.627 [qtp961160488-22] DEBUG org.eclipse.jetty.io.ManagedSelector - selected 1 sun.nio.ch.SelectionKeyImpl@4a9b3b99 SocketChannelEndPoint@76310801{l=/127.0.0.1:35601,r=/127.0.0.1:47050,OPEN,fill=FI,flush=-,to=0/3000}{io=1/1,kio=1,kro=1}->HttpConnection@2cc7ce2b[p=HttpParser{s=START,0 of -1},g=HttpGenerator@6c85059e{s=START}]=>HttpChannelOverHttp@c865eb3{s=HttpChannelState@68295c49{s=IDLE rs=BLOCKING os=OPEN is=IDLE awp=false se=false i=true al=0},r=0,c=false/false,a=IDLE,uri=null,age=0} 
02:09:59.627 [qtp961160488-22] DEBUG org.eclipse.jetty.io.ChannelEndPoint - onSelected 1->0 r=true w=false for SocketChannelEndPoint@76310801{l=/127.0.0.1:35601,r=/127.0.0.1:47050,OPEN,fill=FI,flush=-,to=0/3000}{io=1/0,kio=1,kro=1}->HttpConnection@2cc7ce2b[p=HttpParser{s=START,0 of -1},g=HttpGenerator@6c85059e{s=START}]=>HttpChannelOverHttp@c865eb3{s=HttpChannelState@68295c49{s=IDLE rs=BLOCKING os=OPEN is=IDLE awp=false se=false i=true al=0},r=0,c=false/false,a=IDLE,uri=null,age=0}
02:09:59.627 [qtp961160488-22] DEBUG org.eclipse.jetty.io.ChannelEndPoint - task CEP:SocketChannelEndPoint@76310801{l=/127.0.0.1:35601,r=/127.0.0.1:47050,OPEN,fill=FI,flush=-,to=0/3000}{io=1/0,kio=1,kro=1}->HttpConnection@2cc7ce2b[p=HttpParser{s=START,0 of -1},g=HttpGenerator@6c85059e{s=START}]=>HttpChannelOverHttp@c865eb3{s=HttpChannelState@68295c49{s=IDLE rs=BLOCKING os=OPEN is=IDLE awp=false se=false i=true al=0},r=0,c=false/false,a=IDLE,uri=null,age=0}:runFillable:BLOCKING
02:09:59.627 [qtp961160488-22] DEBUG org.eclipse.jetty.util.thread.ReservedThreadExecutor - ReservedThreadExecutor@383bfa16{reserved=1/8,pending=0} tryExecute EatWhatYouKill@ffaa6af/SelectorProducer@53ce1329/PRODUCING/p=false/QueuedThreadPool[qtp961160488]@394a2528{STARTED,8<=8<=200,i=2,r=-1,q=0}[ReservedThreadExecutor@383bfa16{reserved=1/8,pending=0}][pc=0,pic=0,pec=0,epc=1]@2024-05-02T02:09:59.627+01:00
02:09:59.627 [qtp961160488-22] DEBUG org.eclipse.jetty.util.thread.ReservedThreadExecutor - ReservedThreadExecutor@383bfa16{reserved=0/8,pending=1} startReservedThread p=1
02:09:59.627 [qtp961160488-22] DEBUG org.eclipse.jetty.util.thread.QueuedThreadPool - queue ReservedThread@4ea4a612{PENDING,thread=null} startThread=0
02:09:59.628 [qtp961160488-16] DEBUG org.eclipse.jetty.util.thread.QueuedThreadPool - run ReservedThread@4ea4a612{PENDING,thread=null} in QueuedThreadPool[qtp961160488]@394a2528{STARTED,8<=8<=200,i=1,r=-1,q=0}[ReservedThreadExecutor@383bfa16{reserved=0/8,pending=1}]
02:09:59.628 [qtp961160488-16] DEBUG org.eclipse.jetty.util.thread.ReservedThreadExecutor - ReservedThread@4ea4a612{PENDING,thread=Thread[qtp961160488-16,5,main]} was=PENDING next=RESERVED size=0+1 capacity=8
02:09:59.628 [qtp961160488-16] DEBUG org.eclipse.jetty.util.thread.ReservedThreadExecutor - ReservedThread@4ea4a612{RESERVED,thread=Thread[qtp961160488-16,5,main]} waiting ReservedThreadExecutor@383bfa16{reserved=1/8,pending=0}
02:09:59.628 [qtp961160488-15] DEBUG org.eclipse.jetty.util.thread.ReservedThreadExecutor - ReservedThread@34468c7f{RESERVED,thread=Thread[qtp961160488-15,5,main]} task=EatWhatYouKill@ffaa6af/SelectorProducer@53ce1329/IDLE/p=true/QueuedThreadPool[qtp961160488]@394a2528{STARTED,8<=8<=200,i=1,r=-1,q=0}[ReservedThreadExecutor@383bfa16{reserved=0/8,pending=1}][pc=0,pic=0,pec=0,epc=1]@2024-05-02T02:09:59.628+01:00 ReservedThreadExecutor@383bfa16{reserved=1/8,pending=0}
02:09:59.628 [qtp961160488-22] DEBUG org.eclipse.jetty.util.thread.strategy.EatWhatYouKill - EatWhatYouKill@ffaa6af/SelectorProducer@53ce1329/IDLE/p=true/QueuedThreadPool[qtp961160488]@394a2528{STARTED,8<=8<=200,i=1,r=-1,q=0}[ReservedThreadExecutor@383bfa16{reserved=1/8,pending=0}][pc=0,pic=0,pec=0,epc=1]@2024-05-02T02:09:59.628+01:00 m=EXECUTE_PRODUCE_CONSUME t=CEP:SocketChannelEndPoint@76310801{l=/127.0.0.1:35601,r=/127.0.0.1:47050,OPEN,fill=FI,flush=-,to=1/3000}{io=1/0,kio=1,kro=1}->HttpConnection@2cc7ce2b[p=HttpParser{s=START,0 of -1},g=HttpGenerator@6c85059e{s=START}]=>HttpChannelOverHttp@c865eb3{s=HttpChannelState@68295c49{s=IDLE rs=BLOCKING os=OPEN is=IDLE awp=false se=false i=true al=0},r=0,c=false/false,a=IDLE,uri=null,age=0}:runFillable:BLOCKING/BLOCKING
02:09:59.628 [qtp961160488-15] DEBUG org.eclipse.jetty.util.thread.strategy.EatWhatYouKill - EatWhatYouKill@ffaa6af/SelectorProducer@53ce1329/IDLE/p=true/QueuedThreadPool[qtp961160488]@394a2528{STARTED,8<=8<=200,i=1,r=-1,q=0}[ReservedThreadExecutor@383bfa16{reserved=1/8,pending=0}][pc=0,pic=0,pec=0,epc=1]@2024-05-02T02:09:59.628+01:00 tryProduce true
02:09:59.628 [qtp961160488-22] DEBUG org.eclipse.jetty.io.FillInterest - fillable FillInterest@4eecc753{AC.ReadCB@2cc7ce2b{HttpConnection@2cc7ce2b::SocketChannelEndPoint@76310801{l=/127.0.0.1:35601,r=/127.0.0.1:47050,OPEN,fill=FI,flush=-,to=1/3000}{io=1/0,kio=1,kro=1}->HttpConnection@2cc7ce2b[p=HttpParser{s=START,0 of -1},g=HttpGenerator@6c85059e{s=START}]=>HttpChannelOverHttp@c865eb3{s=HttpChannelState@68295c49{s=IDLE rs=BLOCKING os=OPEN is=IDLE awp=false se=false i=true al=0},r=0,c=false/false,a=IDLE,uri=null,age=0}}}
02:09:59.628 [qtp961160488-15] DEBUG org.eclipse.jetty.io.ManagedSelector - updateable 0
02:09:59.628 [qtp961160488-15] DEBUG org.eclipse.jetty.io.ManagedSelector - updates 0
02:09:59.628 [qtp961160488-22] DEBUG org.eclipse.jetty.server.HttpConnection - HttpConnection@2cc7ce2b::SocketChannelEndPoint@76310801{l=/127.0.0.1:35601,r=/127.0.0.1:47050,OPEN,fill=-,flush=-,to=1/3000}{io=1/0,kio=1,kro=1}->HttpConnection@2cc7ce2b[p=HttpParser{s=START,0 of -1},g=HttpGenerator@6c85059e{s=START}]=>HttpChannelOverHttp@c865eb3{s=HttpChannelState@68295c49{s=IDLE rs=BLOCKING os=OPEN is=IDLE awp=false se=false i=true al=0},r=0,c=false/false,a=IDLE,uri=null,age=0} onFillable enter HttpChannelState@68295c49{s=IDLE rs=BLOCKING os=OPEN is=IDLE awp=false se=false i=true al=0} null
02:09:59.628 [qtp961160488-15] DEBUG org.eclipse.jetty.io.ChannelEndPoint - Key interests updated 1 -> 0 on SocketChannelEndPoint@76310801{l=/127.0.0.1:35601,r=/127.0.0.1:47050,OPEN,fill=-,flush=-,to=1/3000}{io=0/0,kio=0,kro=1}->HttpConnection@2cc7ce2b[p=HttpParser{s=START,0 of -1},g=HttpGenerator@6c85059e{s=START}]=>HttpChannelOverHttp@c865eb3{s=HttpChannelState@68295c49{s=IDLE rs=BLOCKING os=OPEN is=IDLE awp=false se=false i=true al=0},r=0,c=false/false,a=IDLE,uri=null,age=0}
02:09:59.628 [qtp961160488-15] DEBUG org.eclipse.jetty.io.ManagedSelector - Selector sun.nio.ch.EPollSelectorImpl@732a981a waiting with 2 keys
02:09:59.628 [qtp961160488-22] DEBUG org.eclipse.jetty.io.ChannelEndPoint - filled 115 HeapByteBuffer@293c2d56[p=0,l=115,c=8192,r=115]={<<<GET / HTTP/1.1\r\nHost: loc...gent: okhttp/3.12.3\r\n\r\n>>>nt-Length...\x00\x00\x00\x00\x00\x00\x00}
02:09:59.628 [qtp961160488-22] DEBUG org.eclipse.jetty.server.HttpConnection - HttpConnection@2cc7ce2b::SocketChannelEndPoint@76310801{l=/127.0.0.1:35601,r=/127.0.0.1:47050,OPEN,fill=-,flush=-,to=0/3000}{io=0/0,kio=0,kro=1}->HttpConnection@2cc7ce2b[p=HttpParser{s=START,0 of -1},g=HttpGenerator@6c85059e{s=START}]=>HttpChannelOverHttp@c865eb3{s=HttpChannelState@68295c49{s=IDLE rs=BLOCKING os=OPEN is=IDLE awp=false se=false i=true al=0},r=0,c=false/false,a=IDLE,uri=null,age=0} filled 115 HeapByteBuffer@293c2d56[p=0,l=115,c=8192,r=115]={<<<GET / HTTP/1.1\r\nHost: loc...gent: okhttp/3.12.3\r\n\r\n>>>nt-Length...\x00\x00\x00\x00\x00\x00\x00}
02:09:59.628 [qtp961160488-22] DEBUG org.eclipse.jetty.server.HttpConnection - HttpConnection@2cc7ce2b::SocketChannelEndPoint@76310801{l=/127.0.0.1:35601,r=/127.0.0.1:47050,OPEN,fill=-,flush=-,to=0/3000}{io=0/0,kio=0,kro=1}->HttpConnection@2cc7ce2b[p=HttpParser{s=START,0 of -1},g=HttpGenerator@6c85059e{s=START}]=>HttpChannelOverHttp@c865eb3{s=HttpChannelState@68295c49{s=IDLE rs=BLOCKING os=OPEN is=IDLE awp=false se=false i=true al=0},r=0,c=false/false,a=IDLE,uri=null,age=0} parse HeapByteBuffer@293c2d56[p=0,l=115,c=8192,r=115]={<<<GET / HTTP/1.1\r\nHost: loc...gent: okhttp/3.12.3\r\n\r\n>>>nt-Length...\x00\x00\x00\x00\x00\x00\x00} {}
02:09:59.628 [qtp961160488-22] DEBUG org.eclipse.jetty.http.HttpParser - parseNext s=START HeapByteBuffer@293c2d56[p=0,l=115,c=8192,r=115]={<<<GET / HTTP/1.1\r\nHost: loc...gent: okhttp/3.12.3\r\n\r\n>>>nt-Length...\x00\x00\x00\x00\x00\x00\x00}
02:09:59.628 [qtp961160488-22] DEBUG org.eclipse.jetty.http.HttpParser - START --> SPACE1
02:09:59.628 [qtp961160488-22] DEBUG org.eclipse.jetty.http.HttpParser - SPACE1 --> URI
02:09:59.628 [qtp961160488-22] DEBUG org.eclipse.jetty.http.HttpParser - URI --> SPACE2
02:09:59.628 [qtp961160488-22] DEBUG org.eclipse.jetty.http.HttpParser - SPACE2 --> REQUEST_VERSION
02:09:59.628 [qtp961160488-22] DEBUG org.eclipse.jetty.http.HttpParser - REQUEST_VERSION --> HEADER
02:09:59.628 [qtp961160488-22] DEBUG org.eclipse.jetty.http.HttpParser - HEADER:Host --> VALUE
02:09:59.628 [qtp961160488-22] DEBUG org.eclipse.jetty.http.HttpParser - HEADER:Host --> IN_VALUE
02:09:59.628 [qtp961160488-22] DEBUG org.eclipse.jetty.http.HttpParser - HEADER:Host --> FIELD
02:09:59.628 [qtp961160488-22] DEBUG org.eclipse.jetty.http.HttpParser - HEADER:Connection: keep-alive --> IN_VALUE
02:09:59.628 [qtp961160488-22] DEBUG org.eclipse.jetty.http.HttpParser - HEADER:Connection: keep-alive --> FIELD
02:09:59.628 [qtp961160488-22] DEBUG org.eclipse.jetty.http.HttpParser - HEADER:Accept-Encoding: gzip --> IN_VALUE
02:09:59.628 [qtp961160488-22] DEBUG org.eclipse.jetty.http.HttpParser - HEADER:Accept-Encoding: gzip --> FIELD
02:09:59.628 [qtp961160488-22] DEBUG org.eclipse.jetty.http.HttpParser - HEADER:User-Agent --> VALUE
02:09:59.628 [qtp961160488-22] DEBUG org.eclipse.jetty.http.HttpParser - HEADER:User-Agent --> IN_VALUE
02:09:59.628 [qtp961160488-22] DEBUG org.eclipse.jetty.http.HttpParser - HEADER:User-Agent --> FIELD
02:09:59.628 [qtp961160488-22] DEBUG org.eclipse.jetty.http.HttpParser - HEADER --> CONTENT
02:09:59.629 [qtp961160488-22] DEBUG org.eclipse.jetty.server.HttpChannel - REQUEST for //localhost:35601/ on HttpChannelOverHttp@c865eb3{s=HttpChannelState@68295c49{s=IDLE rs=BLOCKING os=OPEN is=IDLE awp=false se=false i=true al=0},r=1,c=false/false,a=IDLE,uri=//localhost:35601/,age=0}
GET //localhost:35601/ HTTP/1.1
Host: localhost:35601
Connection: keep-alive
Accept-Encoding: gzip
User-Agent: okhttp/3.12.3


02:09:59.629 [qtp961160488-22] DEBUG org.eclipse.jetty.server.HttpConnection - HttpConnection@2cc7ce2b::SocketChannelEndPoint@76310801{l=/127.0.0.1:35601,r=/127.0.0.1:47050,OPEN,fill=-,flush=-,to=0/3000}{io=0/0,kio=0,kro=1}->HttpConnection@2cc7ce2b[p=HttpParser{s=CONTENT,0 of -1},g=HttpGenerator@6c85059e{s=START}]=>HttpChannelOverHttp@c865eb3{s=HttpChannelState@68295c49{s=IDLE rs=BLOCKING os=OPEN is=IDLE awp=false se=false i=true al=0},r=1,c=false/false,a=IDLE,uri=//localhost:35601/,age=1} parsed true HttpParser{s=CONTENT,0 of -1}
02:09:59.629 [qtp961160488-22] DEBUG org.eclipse.jetty.server.HttpConnection - releaseRequestBuffer HttpConnection@2cc7ce2b::SocketChannelEndPoint@76310801{l=/127.0.0.1:35601,r=/127.0.0.1:47050,OPEN,fill=-,flush=-,to=0/3000}{io=0/0,kio=0,kro=1}->HttpConnection@2cc7ce2b[p=HttpParser{s=CONTENT,0 of -1},g=HttpGenerator@6c85059e{s=START}]=>HttpChannelOverHttp@c865eb3{s=HttpChannelState@68295c49{s=IDLE rs=BLOCKING os=OPEN is=IDLE awp=false se=false i=true al=0},r=1,c=false/false,a=IDLE,uri=//localhost:35601/,age=1}
02:09:59.629 [qtp961160488-22] DEBUG org.eclipse.jetty.server.HttpChannel - handle //localhost:35601/ HttpChannelOverHttp@c865eb3{s=HttpChannelState@68295c49{s=IDLE rs=BLOCKING os=OPEN is=IDLE awp=false se=false i=true al=0},r=1,c=false/false,a=IDLE,uri=//localhost:35601/,age=1} 
02:09:59.629 [qtp961160488-22] DEBUG org.eclipse.jetty.server.HttpChannelState - handling HttpChannelState@68295c49{s=IDLE rs=BLOCKING os=OPEN is=IDLE awp=false se=false i=true al=0}
02:09:59.629 [qtp961160488-22] DEBUG org.eclipse.jetty.server.HttpChannel - action DISPATCH HttpChannelOverHttp@c865eb3{s=HttpChannelState@68295c49{s=HANDLING rs=BLOCKING os=OPEN is=IDLE awp=false se=false i=true al=0},r=1,c=false/false,a=HANDLING,uri=//localhost:35601/,age=1}
02:09:59.629 [qtp961160488-22] DEBUG org.eclipse.jetty.server.Server - REQUEST GET / on HttpChannelOverHttp@c865eb3{s=HttpChannelState@68295c49{s=HANDLING rs=BLOCKING os=OPEN is=IDLE awp=false se=false i=true al=0},r=1,c=false/false,a=HANDLING,uri=//localhost:35601/,age=1}
02:09:59.629 [qtp961160488-22] DEBUG org.eclipse.jetty.server.HttpOutput - write(array HeapByteBuffer@ba631a2[p=0,l=4,c=512,r=4]={<<<test>>>\x00\x00\x00\x00\x00\x00\x00\x00\x00...\x00\x00\x00\x00\x00\x00\x00})
02:09:59.629 [qtp961160488-22] DEBUG org.eclipse.jetty.server.HttpOutput - write(array) s=CLOSING,api=BLOCKED,sc=false,e=null last=true agg=false flush=true async=false, len=4 null
02:09:59.629 [qtp961160488-22] DEBUG org.eclipse.jetty.server.HttpChannel - sendResponse info=null content=HeapByteBuffer@2933ca69[p=0,l=4,c=512,r=4]={<<<test>>>\x00\x00\x00\x00\x00\x00\x00\x00\x00...\x00\x00\x00\x00\x00\x00\x00} complete=true committing=true callback=Blocker@3a677b25{null}
02:09:59.629 [qtp961160488-22] DEBUG org.eclipse.jetty.server.HttpChannel - COMMIT for / on HttpChannelOverHttp@c865eb3{s=HttpChannelState@68295c49{s=HANDLING rs=BLOCKING os=COMMITTED is=IDLE awp=false se=false i=true al=0},r=1,c=false/false,a=HANDLING,uri=//localhost:35601/,age=1}
200 null HTTP/1.1
Date: Thu, 02 May 2024 01:09:59 GMT
ETag: testEtag
Content-Type: text/plain;charset=utf-8
Content-Length: 4


02:09:59.629 [qtp961160488-22] DEBUG org.eclipse.jetty.server.HttpConnection - generate: NEED_HEADER for SendCallback@5118de4d[PROCESSING][i=HTTP/1.1{s=200,h=4,cl=4},cb=org.eclipse.jetty.server.HttpChannel$SendCallback@6b89ceed] (null,[p=0,l=4,c=512,r=4],true)@START
02:09:59.629 [qtp961160488-22] DEBUG org.eclipse.jetty.http.HttpGenerator - generateHeaders HTTP/1.1{s=200,h=4,cl=4} last=true content=HeapByteBuffer@2933ca69[p=0,l=4,c=512,r=4]={<<<test>>>\x00\x00\x00\x00\x00\x00\x00\x00\x00...\x00\x00\x00\x00\x00\x00\x00}
02:09:59.629 [qtp961160488-22] DEBUG org.eclipse.jetty.http.HttpGenerator - Date: Thu, 02 May 2024 01:09:59 GMT
ETag: testEtag
Content-Type: text/plain;charset=utf-8
Content-Length: 4


02:09:59.629 [qtp961160488-22] DEBUG org.eclipse.jetty.http.HttpGenerator - CONTENT_LENGTH
02:09:59.629 [qtp961160488-22] DEBUG org.eclipse.jetty.server.HttpConnection - generate: FLUSH for SendCallback@5118de4d[PROCESSING][i=HTTP/1.1{s=200,h=4,cl=4},cb=org.eclipse.jetty.server.HttpChannel$SendCallback@6b89ceed] ([p=0,l=164,c=8192,r=164],[p=0,l=4,c=512,r=4],true)@COMPLETING
02:09:59.629 [qtp961160488-22] DEBUG org.eclipse.jetty.io.WriteFlusher - write: WriteFlusher@5c5e2177{IDLE}->null [HeapByteBuffer@293c2d56[p=0,l=164,c=8192,r=164]={<<<HTTP/1.1 200 OK\r\nDate: Th...y(9.4.44.v20210927)\r\n\r\n>>>\n\r\n\x00\x00\x00\x00\x00\x00...\x00\x00\x00\x00\x00\x00\x00},HeapByteBuffer@2933ca69[p=0,l=4,c=512,r=4]={<<<test>>>\x00\x00\x00\x00\x00\x00\x00\x00\x00...\x00\x00\x00\x00\x00\x00\x00}]
02:09:59.629 [qtp961160488-22] DEBUG org.eclipse.jetty.io.WriteFlusher - update WriteFlusher@5c5e2177{WRITING}->null:IDLE-->WRITING
02:09:59.629 [qtp961160488-22] DEBUG org.eclipse.jetty.io.ChannelEndPoint - flushed 168 SocketChannelEndPoint@76310801{l=/127.0.0.1:35601,r=/127.0.0.1:47050,OPEN,fill=-,flush=W,to=1/3000}{io=0/0,kio=0,kro=1}->HttpConnection@2cc7ce2b[p=HttpParser{s=CONTENT,0 of -1},g=HttpGenerator@6c85059e{s=COMPLETING}]=>HttpChannelOverHttp@c865eb3{s=HttpChannelState@68295c49{s=HANDLING rs=BLOCKING os=COMMITTED is=IDLE awp=false se=false i=true al=0},r=1,c=false/false,a=HANDLING,uri=//localhost:35601/,age=1}
02:09:59.629 [main] DEBUG org.apache.nifi.minifi.bootstrap.configuration.ingestors.PullHttpChangeIngestor - Response received: Response{protocol=http/1.1, code=200, message=OK, url=http://localhost:35601/}
02:09:59.629 [qtp961160488-22] DEBUG org.eclipse.jetty.io.WriteFlusher - Flushed=true written=168 remaining=0 WriteFlusher@5c5e2177{WRITING}->null
02:09:59.629 [qtp961160488-22] DEBUG org.eclipse.jetty.io.WriteFlusher - update WriteFlusher@5c5e2177{IDLE}->null:WRITING-->IDLE
02:09:59.630 [qtp961160488-22] DEBUG org.eclipse.jetty.server.HttpConnection - generate: DONE for SendCallback@5118de4d[PROCESSING][i=HTTP/1.1{s=200,h=4,cl=4},cb=org.eclipse.jetty.server.HttpChannel$SendCallback@6b89ceed] ([p=164,l=164,c=8192,r=0],[p=4,l=4,c=512,r=0],true)@END
02:09:59.630 [main] DEBUG org.apache.nifi.minifi.bootstrap.configuration.ingestors.PullHttpChangeIngestor - Pulled config same as currently running.
02:09:59.630 [qtp961160488-22] DEBUG org.eclipse.jetty.server.HttpOutput - onWriteComplete(true,null) s=CLOSING,api=BLOCKED,sc=false,e=null->s=CLOSED,api=BLOCKING,sc=false,e=null c=null cb=null w=false
02:09:59.630 [qtp961160488-22] DEBUG org.eclipse.jetty.server.HttpOutput - close() s=CLOSED,api=BLOCKING,sc=false,e=null c=null b=null
02:09:59.630 [qtp961160488-22] DEBUG org.eclipse.jetty.server.Server - handled=true async=false committed=true on HttpChannelOverHttp@c865eb3{s=HttpChannelState@68295c49{s=HANDLING rs=BLOCKING os=COMPLETED is=IDLE awp=false se=false i=true al=0},r=1,c=false/true,a=HANDLING,uri=//localhost:35601/,age=2}
02:09:59.630 [qtp961160488-22] DEBUG org.eclipse.jetty.server.HttpChannelState - unhandle HttpChannelState@68295c49{s=HANDLING rs=BLOCKING os=COMPLETED is=IDLE awp=false se=false i=true al=0}
02:09:59.630 [qtp961160488-22] DEBUG org.eclipse.jetty.server.HttpChannelState - nextAction(false) COMPLETE HttpChannelState@68295c49{s=HANDLING rs=COMPLETING os=COMPLETED is=IDLE awp=false se=false i=false al=0}
02:09:59.630 [qtp961160488-22] DEBUG org.eclipse.jetty.server.HttpChannel - action COMPLETE HttpChannelOverHttp@c865eb3{s=HttpChannelState@68295c49{s=HANDLING rs=COMPLETING os=COMPLETED is=IDLE awp=false se=false i=false al=0},r=1,c=false/true,a=HANDLING,uri=//localhost:35601/,age=2}
02:09:59.630 [qtp961160488-22] DEBUG org.eclipse.jetty.server.HttpOutput - complete(org.eclipse.jetty.util.Callback$3@5de1d78a) s=CLOSED,api=BLOCKING,sc=false,e=null s=true e=null, c=null
]]></system-out>
  </testcase>
  <testcase name="testNoUpdateWithPath" classname="org.apache.nifi.minifi.bootstrap.configuration.ingestors.PullHttpChangeIngestorTest" time="0.006">
    <system-out><![CDATA[02:09:59.630 [qtp961160488-22] DEBUG org.eclipse.jetty.server.HttpChannelState - completed HttpChannelState@68295c49{s=HANDLING rs=COMPLETING os=COMPLETED is=IDLE awp=false se=false i=false al=0}
02:09:59.630 [qtp961160488-22] DEBUG org.eclipse.jetty.server.HttpChannelState - unhandle HttpChannelState@68295c49{s=HANDLING rs=COMPLETED os=COMPLETED is=IDLE awp=false se=false i=false al=0}
02:09:59.630 [qtp961160488-22] DEBUG org.eclipse.jetty.server.HttpChannelState - nextAction(false) TERMINATED HttpChannelState@68295c49{s=IDLE rs=COMPLETED os=COMPLETED is=IDLE awp=false se=false i=false al=0}
02:09:59.630 [qtp961160488-22] DEBUG org.eclipse.jetty.server.HttpChannel - action TERMINATED HttpChannelOverHttp@c865eb3{s=HttpChannelState@68295c49{s=IDLE rs=COMPLETED os=COMPLETED is=IDLE awp=false se=false i=false al=0},r=1,c=true/true,a=IDLE,uri=//localhost:35601/,age=2}
02:09:59.630 [qtp961160488-22] DEBUG org.eclipse.jetty.server.HttpChannel - onCompleted for / written=4
02:09:59.630 [qtp961160488-22] DEBUG org.eclipse.jetty.io.ChannelEndPoint - filled 0 HeapByteBuffer@293c2d56[p=0,l=0,c=8192,r=0]={<<<>>>HTTP/1.1 ...\x00\x00\x00\x00\x00\x00\x00}
02:09:59.630 [qtp961160488-22] DEBUG org.eclipse.jetty.io.ChannelEndPoint - filled 0 HeapByteBuffer@293c2d56[p=0,l=0,c=8192,r=0]={<<<>>>HTTP/1.1 ...\x00\x00\x00\x00\x00\x00\x00}
02:09:59.630 [qtp961160488-22] DEBUG org.eclipse.jetty.server.HttpConnection - HttpConnection@2cc7ce2b::SocketChannelEndPoint@76310801{l=/127.0.0.1:35601,r=/127.0.0.1:47050,OPEN,fill=-,flush=-,to=0/3000}{io=0/0,kio=0,kro=1}->HttpConnection@2cc7ce2b[p=HttpParser{s=CONTENT,0 of -1},g=HttpGenerator@6c85059e{s=END}]=>HttpChannelOverHttp@c865eb3{s=HttpChannelState@68295c49{s=IDLE rs=COMPLETED os=COMPLETED is=IDLE awp=false se=false i=false al=0},r=1,c=true/true,a=IDLE,uri=//localhost:35601/,age=2} filled 0 HeapByteBuffer@293c2d56[p=0,l=0,c=8192,r=0]={<<<>>>HTTP/1.1 ...\x00\x00\x00\x00\x00\x00\x00}
02:09:59.631 [qtp961160488-22] DEBUG org.eclipse.jetty.server.HttpConnection - HttpConnection@2cc7ce2b::SocketChannelEndPoint@76310801{l=/127.0.0.1:35601,r=/127.0.0.1:47050,OPEN,fill=-,flush=-,to=1/3000}{io=0/0,kio=0,kro=1}->HttpConnection@2cc7ce2b[p=HttpParser{s=CONTENT,0 of -1},g=HttpGenerator@6c85059e{s=END}]=>HttpChannelOverHttp@c865eb3{s=HttpChannelState@68295c49{s=IDLE rs=COMPLETED os=COMPLETED is=IDLE awp=false se=false i=false al=0},r=1,c=true/true,a=IDLE,uri=//localhost:35601/,age=2} parse HeapByteBuffer@293c2d56[p=0,l=0,c=8192,r=0]={<<<>>>HTTP/1.1 ...\x00\x00\x00\x00\x00\x00\x00} {}
02:09:59.631 [qtp961160488-22] DEBUG org.eclipse.jetty.http.HttpParser - parseNext s=CONTENT HeapByteBuffer@293c2d56[p=0,l=0,c=8192,r=0]={<<<>>>HTTP/1.1 ...\x00\x00\x00\x00\x00\x00\x00}
02:09:59.631 [qtp961160488-22] DEBUG org.eclipse.jetty.http.HttpParser - CONTENT --> CONTENT_END
02:09:59.631 [qtp961160488-22] DEBUG org.eclipse.jetty.server.HttpChannel - onContentComplete HttpChannelOverHttp@c865eb3{s=HttpChannelState@68295c49{s=IDLE rs=COMPLETED os=COMPLETED is=IDLE awp=false se=false i=false al=0},r=1,c=true/true,a=IDLE,uri=//localhost:35601/,age=3}
02:09:59.631 [qtp961160488-22] DEBUG org.eclipse.jetty.http.HttpParser - CONTENT_END --> END
02:09:59.631 [qtp961160488-22] DEBUG org.eclipse.jetty.server.HttpChannel - onRequestComplete HttpChannelOverHttp@c865eb3{s=HttpChannelState@68295c49{s=IDLE rs=COMPLETED os=COMPLETED is=IDLE awp=false se=false i=false al=0},r=1,c=true/true,a=IDLE,uri=//localhost:35601/,age=3}
02:09:59.631 [qtp961160488-22] DEBUG org.eclipse.jetty.server.HttpInput - HttpInputOverHTTP@4a1c90cd[c=0,q=0,[0]=null,s=STREAM] addContent EOF
02:09:59.631 [qtp961160488-22] DEBUG org.eclipse.jetty.server.HttpConnection - HttpConnection@2cc7ce2b::SocketChannelEndPoint@76310801{l=/127.0.0.1:35601,r=/127.0.0.1:47050,OPEN,fill=-,flush=-,to=1/3000}{io=0/0,kio=0,kro=1}->HttpConnection@2cc7ce2b[p=HttpParser{s=END,0 of -1},g=HttpGenerator@6c85059e{s=END}]=>HttpChannelOverHttp@c865eb3{s=HttpChannelState@68295c49{s=IDLE rs=COMPLETED os=COMPLETED is=IDLE awp=false se=false i=false al=0},r=1,c=true/true,a=IDLE,uri=//localhost:35601/,age=3} parsed false HttpParser{s=END,0 of -1}
02:09:59.631 [qtp961160488-22] DEBUG org.eclipse.jetty.server.HttpConnection - releaseRequestBuffer HttpConnection@2cc7ce2b::SocketChannelEndPoint@76310801{l=/127.0.0.1:35601,r=/127.0.0.1:47050,OPEN,fill=-,flush=-,to=1/3000}{io=0/0,kio=0,kro=1}->HttpConnection@2cc7ce2b[p=HttpParser{s=END,0 of -1},g=HttpGenerator@6c85059e{s=END}]=>HttpChannelOverHttp@c865eb3{s=HttpChannelState@68295c49{s=IDLE rs=COMPLETED os=COMPLETED is=IDLE awp=false se=false i=false al=0},r=1,c=true/true,a=IDLE,uri=//localhost:35601/,age=3}
02:09:59.631 [qtp961160488-22] DEBUG org.eclipse.jetty.server.HttpChannelState - recycle HttpChannelState@68295c49{s=IDLE rs=COMPLETED os=COMPLETED is=IDLE awp=false se=false i=false al=0}
02:09:59.631 [qtp961160488-22] DEBUG org.eclipse.jetty.http.HttpParser - reset HttpParser{s=END,0 of -1}
02:09:59.631 [qtp961160488-22] DEBUG org.eclipse.jetty.http.HttpParser - END --> START
02:09:59.631 [qtp961160488-22] DEBUG org.eclipse.jetty.server.HttpChannel - !handle TERMINATED HttpChannelOverHttp@c865eb3{s=HttpChannelState@68295c49{s=IDLE rs=BLOCKING os=OPEN is=IDLE awp=false se=false i=true al=0},r=1,c=false/false,a=IDLE,uri=null,age=0}
02:09:59.631 [qtp961160488-22] DEBUG org.eclipse.jetty.io.ChannelEndPoint - filled 0 HeapByteBuffer@293c2d56[p=0,l=0,c=8192,r=0]={<<<>>>HTTP/1.1 ...\x00\x00\x00\x00\x00\x00\x00}
02:09:59.631 [qtp961160488-22] DEBUG org.eclipse.jetty.io.ChannelEndPoint - filled 0 HeapByteBuffer@293c2d56[p=0,l=0,c=8192,r=0]={<<<>>>HTTP/1.1 ...\x00\x00\x00\x00\x00\x00\x00}
02:09:59.631 [qtp961160488-22] DEBUG org.eclipse.jetty.server.HttpConnection - HttpConnection@2cc7ce2b::SocketChannelEndPoint@76310801{l=/127.0.0.1:35601,r=/127.0.0.1:47050,OPEN,fill=-,flush=-,to=1/3000}{io=0/0,kio=0,kro=1}->HttpConnection@2cc7ce2b[p=HttpParser{s=START,0 of -1},g=HttpGenerator@6c85059e{s=START}]=>HttpChannelOverHttp@c865eb3{s=HttpChannelState@68295c49{s=IDLE rs=BLOCKING os=OPEN is=IDLE awp=false se=false i=true al=0},r=1,c=false/false,a=IDLE,uri=null,age=0} filled 0 HeapByteBuffer@293c2d56[p=0,l=0,c=8192,r=0]={<<<>>>HTTP/1.1 ...\x00\x00\x00\x00\x00\x00\x00}
02:09:59.631 [main] DEBUG org.apache.nifi.minifi.bootstrap.configuration.ingestors.PullHttpChangeIngestor - Attempting to pull new config
02:09:59.631 [qtp961160488-22] DEBUG org.eclipse.jetty.server.HttpConnection - HttpConnection@2cc7ce2b::SocketChannelEndPoint@76310801{l=/127.0.0.1:35601,r=/127.0.0.1:47050,OPEN,fill=-,flush=-,to=1/3000}{io=0/0,kio=0,kro=1}->HttpConnection@2cc7ce2b[p=HttpParser{s=START,0 of -1},g=HttpGenerator@6c85059e{s=START}]=>HttpChannelOverHttp@c865eb3{s=HttpChannelState@68295c49{s=IDLE rs=BLOCKING os=OPEN is=IDLE awp=false se=false i=true al=0},r=1,c=false/false,a=IDLE,uri=null,age=0} parse HeapByteBuffer@293c2d56[p=0,l=0,c=8192,r=0]={<<<>>>HTTP/1.1 ...\x00\x00\x00\x00\x00\x00\x00} {}
02:09:59.631 [qtp961160488-22] DEBUG org.eclipse.jetty.http.HttpParser - parseNext s=START HeapByteBuffer@293c2d56[p=0,l=0,c=8192,r=0]={<<<>>>HTTP/1.1 ...\x00\x00\x00\x00\x00\x00\x00}
02:09:59.632 [qtp961160488-22] DEBUG org.eclipse.jetty.server.HttpConnection - HttpConnection@2cc7ce2b::SocketChannelEndPoint@76310801{l=/127.0.0.1:35601,r=/127.0.0.1:47050,OPEN,fill=-,flush=-,to=2/3000}{io=0/0,kio=0,kro=1}->HttpConnection@2cc7ce2b[p=HttpParser{s=START,0 of -1},g=HttpGenerator@6c85059e{s=START}]=>HttpChannelOverHttp@c865eb3{s=HttpChannelState@68295c49{s=IDLE rs=BLOCKING os=OPEN is=IDLE awp=false se=false i=true al=0},r=1,c=false/false,a=IDLE,uri=null,age=0} parsed false HttpParser{s=START,0 of -1}
02:09:59.632 [qtp961160488-22] DEBUG org.eclipse.jetty.server.HttpConnection - releaseRequestBuffer HttpConnection@2cc7ce2b::SocketChannelEndPoint@76310801{l=/127.0.0.1:35601,r=/127.0.0.1:47050,OPEN,fill=-,flush=-,to=2/3000}{io=0/0,kio=0,kro=1}->HttpConnection@2cc7ce2b[p=HttpParser{s=START,0 of -1},g=HttpGenerator@6c85059e{s=START}]=>HttpChannelOverHttp@c865eb3{s=HttpChannelState@68295c49{s=IDLE rs=BLOCKING os=OPEN is=IDLE awp=false se=false i=true al=0},r=1,c=false/false,a=IDLE,uri=null,age=0}
02:09:59.632 [qtp961160488-22] DEBUG org.eclipse.jetty.io.AbstractConnection - fillInterested HttpConnection@2cc7ce2b::SocketChannelEndPoint@76310801{l=/127.0.0.1:35601,r=/127.0.0.1:47050,OPEN,fill=-,flush=-,to=2/3000}{io=0/0,kio=0,kro=1}->HttpConnection@2cc7ce2b[p=HttpParser{s=START,0 of -1},g=HttpGenerator@6c85059e{s=START}]=>HttpChannelOverHttp@c865eb3{s=HttpChannelState@68295c49{s=IDLE rs=BLOCKING os=OPEN is=IDLE awp=false se=false i=true al=0},r=1,c=false/false,a=IDLE,uri=null,age=0}
02:09:59.632 [qtp961160488-18-acceptor-0@1e1a0406-ServerConnector@446293d{HTTP/1.1, (http/1.1)}{localhost:35601}] DEBUG org.eclipse.jetty.io.ManagedSelector - Queued change lazy=false Accept@3691dd6a[java.nio.channels.SocketChannel[connected local=/127.0.0.1:35601 remote=/127.0.0.1:47060]] on ManagedSelector@1de5f259{STARTED} id=3 keys=1 selected=0 updates=0
02:09:59.632 [qtp961160488-18-acceptor-0@1e1a0406-ServerConnector@446293d{HTTP/1.1, (http/1.1)}{localhost:35601}] DEBUG org.eclipse.jetty.io.ManagedSelector - Wakeup on submit ManagedSelector@1de5f259{STARTED} id=3 keys=1 selected=0 updates=1
02:09:59.632 [qtp961160488-22] DEBUG org.eclipse.jetty.io.FillInterest - interested FillInterest@4eecc753{AC.ReadCB@2cc7ce2b{HttpConnection@2cc7ce2b::SocketChannelEndPoint@76310801{l=/127.0.0.1:35601,r=/127.0.0.1:47050,OPEN,fill=FI,flush=-,to=0/3000}{io=0/0,kio=0,kro=1}->HttpConnection@2cc7ce2b[p=HttpParser{s=START,0 of -1},g=HttpGenerator@6c85059e{s=START}]=>HttpChannelOverHttp@c865eb3{s=HttpChannelState@68295c49{s=IDLE rs=BLOCKING os=OPEN is=IDLE awp=false se=false i=true al=0},r=1,c=false/false,a=IDLE,uri=null,age=0}}}
02:09:59.632 [qtp961160488-21] DEBUG org.eclipse.jetty.io.ManagedSelector - Selector sun.nio.ch.EPollSelectorImpl@314fddb5 woken with none selected
02:09:59.632 [qtp961160488-21] DEBUG org.eclipse.jetty.io.ManagedSelector - Selector sun.nio.ch.EPollSelectorImpl@314fddb5 woken up from select, 0/0/1 selected
02:09:59.632 [qtp961160488-21] DEBUG org.eclipse.jetty.io.ManagedSelector - Selector sun.nio.ch.EPollSelectorImpl@314fddb5 processing 0 keys, 1 updates
02:09:59.632 [qtp961160488-21] DEBUG org.eclipse.jetty.io.ManagedSelector - updateable 1
02:09:59.632 [qtp961160488-21] DEBUG org.eclipse.jetty.io.ManagedSelector - update Accept@3691dd6a[java.nio.channels.SocketChannel[connected local=/127.0.0.1:35601 remote=/127.0.0.1:47060]]
02:09:59.632 [qtp961160488-22] DEBUG org.eclipse.jetty.io.ChannelEndPoint - changeInterests p=false 0->1 for SocketChannelEndPoint@76310801{l=/127.0.0.1:35601,r=/127.0.0.1:47050,OPEN,fill=FI,flush=-,to=0/3000}{io=0/1,kio=0,kro=1}->HttpConnection@2cc7ce2b[p=HttpParser{s=START,0 of -1},g=HttpGenerator@6c85059e{s=START}]=>HttpChannelOverHttp@c865eb3{s=HttpChannelState@68295c49{s=IDLE rs=BLOCKING os=OPEN is=IDLE awp=false se=false i=true al=0},r=1,c=false/false,a=IDLE,uri=null,age=0}
02:09:59.632 [qtp961160488-21] DEBUG org.eclipse.jetty.util.thread.QueuedThreadPool - queue Accept@3691dd6a[java.nio.channels.SocketChannel[connected local=/127.0.0.1:35601 remote=/127.0.0.1:47060]] startThread=0
02:09:59.632 [qtp961160488-22] DEBUG org.eclipse.jetty.io.ManagedSelector - Queued change lazy=false org.eclipse.jetty.io.ChannelEndPoint$$Lambda$255/1830220082@5cc8ee33 on ManagedSelector@316bcf94{STARTED} id=2 keys=2 selected=0 updates=0
02:09:59.632 [qtp961160488-21] DEBUG org.eclipse.jetty.io.ManagedSelector - updates 0
02:09:59.632 [qtp961160488-22] DEBUG org.eclipse.jetty.io.ManagedSelector - Wakeup on submit ManagedSelector@316bcf94{STARTED} id=2 keys=2 selected=0 updates=1
02:09:59.632 [qtp961160488-21] DEBUG org.eclipse.jetty.io.ManagedSelector - Selector sun.nio.ch.EPollSelectorImpl@314fddb5 waiting with 2 keys
02:09:59.632 [qtp961160488-20] DEBUG org.eclipse.jetty.util.thread.QueuedThreadPool - run Accept@3691dd6a[java.nio.channels.SocketChannel[connected local=/127.0.0.1:35601 remote=/127.0.0.1:47060]] in QueuedThreadPool[qtp961160488]@394a2528{STARTED,8<=8<=200,i=0,r=-1,q=0}[ReservedThreadExecutor@383bfa16{reserved=1/8,pending=0}]
02:09:59.632 [qtp961160488-20] DEBUG org.eclipse.jetty.io.IdleTimeout - SocketChannelEndPoint@4bc25222{l=/127.0.0.1:35601,r=/127.0.0.1:47060,OPEN,fill=-,flush=-,to=0/3000}{io=0/0,kio=0,kro=0}-><null> idle timeout check, elapsed: 0 ms, remaining: 3000 ms
02:09:59.632 [qtp961160488-15] DEBUG org.eclipse.jetty.io.ManagedSelector - Selector sun.nio.ch.EPollSelectorImpl@732a981a woken with none selected
02:09:59.632 [qtp961160488-15] DEBUG org.eclipse.jetty.io.ManagedSelector - Selector sun.nio.ch.EPollSelectorImpl@732a981a woken up from select, 0/0/2 selected
02:09:59.632 [qtp961160488-15] DEBUG org.eclipse.jetty.io.ManagedSelector - Selector sun.nio.ch.EPollSelectorImpl@732a981a processing 0 keys, 1 updates
02:09:59.632 [qtp961160488-22] DEBUG org.eclipse.jetty.server.HttpConnection - HttpConnection@2cc7ce2b::SocketChannelEndPoint@76310801{l=/127.0.0.1:35601,r=/127.0.0.1:47050,OPEN,fill=FI,flush=-,to=0/3000}{io=0/1,kio=0,kro=1}->HttpConnection@2cc7ce2b[p=HttpParser{s=START,0 of -1},g=HttpGenerator@6c85059e{s=START}]=>HttpChannelOverHttp@c865eb3{s=HttpChannelState@68295c49{s=IDLE rs=BLOCKING os=OPEN is=IDLE awp=false se=false i=true al=0},r=1,c=false/false,a=IDLE,uri=null,age=0} onFillable exit HttpChannelState@68295c49{s=IDLE rs=BLOCKING os=OPEN is=IDLE awp=false se=false i=true al=0} null
02:09:59.632 [qtp961160488-15] DEBUG org.eclipse.jetty.io.ManagedSelector - updateable 1
02:09:59.632 [qtp961160488-20] DEBUG org.eclipse.jetty.server.HttpChannel - new HttpChannelOverHttp@faf0731{s=HttpChannelState@27519fc8{s=IDLE rs=BLOCKING os=OPEN is=IDLE awp=false se=false i=true al=0},r=0,c=false/false,a=IDLE,uri=null,age=0} -> SocketChannelEndPoint@4bc25222{l=/127.0.0.1:35601,r=/127.0.0.1:47060,OPEN,fill=-,flush=-,to=0/3000}{io=0/0,kio=0,kro=0}-><null>,null,HttpChannelState@27519fc8{s=IDLE rs=BLOCKING os=OPEN is=IDLE awp=false se=false i=true al=0}
02:09:59.632 [qtp961160488-15] DEBUG org.eclipse.jetty.io.ManagedSelector - update org.eclipse.jetty.io.ChannelEndPoint$$Lambda$255/1830220082@5cc8ee33
02:09:59.632 [qtp961160488-22] DEBUG org.eclipse.jetty.util.thread.ReservedThreadExecutor - ReservedThread@3a785ce6{RUNNING,thread=Thread[qtp961160488-22,5,main]} was=RUNNING next=RESERVED size=0+2 capacity=8
02:09:59.633 [qtp961160488-22] DEBUG org.eclipse.jetty.util.thread.ReservedThreadExecutor - ReservedThread@3a785ce6{RESERVED,thread=Thread[qtp961160488-22,5,main]} waiting ReservedThreadExecutor@383bfa16{reserved=2/8,pending=0}
02:09:59.633 [qtp961160488-20] DEBUG org.eclipse.jetty.server.HttpConnection - New HTTP Connection HttpConnection@3c734467::SocketChannelEndPoint@4bc25222{l=/127.0.0.1:35601,r=/127.0.0.1:47060,OPEN,fill=-,flush=-,to=0/3000}{io=0/0,kio=0,kro=0}-><null>
02:09:59.633 [qtp961160488-15] DEBUG org.eclipse.jetty.io.ChannelEndPoint - Key interests updated 0 -> 1 on SocketChannelEndPoint@76310801{l=/127.0.0.1:35601,r=/127.0.0.1:47050,OPEN,fill=FI,flush=-,to=0/3000}{io=1/1,kio=1,kro=1}->HttpConnection@2cc7ce2b[p=HttpParser{s=START,0 of -1},g=HttpGenerator@6c85059e{s=START}]=>HttpChannelOverHttp@c865eb3{s=HttpChannelState@68295c49{s=IDLE rs=BLOCKING os=OPEN is=IDLE awp=false se=false i=true al=0},r=1,c=false/false,a=IDLE,uri=null,age=0}
02:09:59.633 [qtp961160488-15] DEBUG org.eclipse.jetty.io.ManagedSelector - updates 0
02:09:59.633 [qtp961160488-20] DEBUG org.eclipse.jetty.io.ManagedSelector - Queued change lazy=true org.eclipse.jetty.io.ManagedSelector$$Lambda$258/615682846@65795289 on ManagedSelector@1de5f259{STARTED} id=3 keys=2 selected=0 updates=0
02:09:59.633 [qtp961160488-15] DEBUG org.eclipse.jetty.io.ManagedSelector - Selector sun.nio.ch.EPollSelectorImpl@732a981a waiting with 2 keys
02:09:59.633 [qtp961160488-20] DEBUG org.eclipse.jetty.io.AbstractEndPoint - onOpen SocketChannelEndPoint@4bc25222{l=/127.0.0.1:35601,r=/127.0.0.1:47060,OPEN,fill=-,flush=-,to=0/3000}{io=0/0,kio=0,kro=0}->HttpConnection@3c734467[p=HttpParser{s=START,0 of -1},g=HttpGenerator@12184798{s=START}]=>HttpChannelOverHttp@faf0731{s=HttpChannelState@27519fc8{s=IDLE rs=BLOCKING os=OPEN is=IDLE awp=false se=false i=true al=0},r=0,c=false/false,a=IDLE,uri=null,age=0}
02:09:59.633 [qtp961160488-20] DEBUG org.eclipse.jetty.io.AbstractConnection - onOpen HttpConnection@3c734467::SocketChannelEndPoint@4bc25222{l=/127.0.0.1:35601,r=/127.0.0.1:47060,OPEN,fill=-,flush=-,to=0/3000}{io=0/0,kio=0,kro=0}->HttpConnection@3c734467[p=HttpParser{s=START,0 of -1},g=HttpGenerator@12184798{s=START}]=>HttpChannelOverHttp@faf0731{s=HttpChannelState@27519fc8{s=IDLE rs=BLOCKING os=OPEN is=IDLE awp=false se=false i=true al=0},r=0,c=false/false,a=IDLE,uri=null,age=0}
02:09:59.633 [qtp961160488-20] DEBUG org.eclipse.jetty.io.AbstractConnection - fillInterested HttpConnection@3c734467::SocketChannelEndPoint@4bc25222{l=/127.0.0.1:35601,r=/127.0.0.1:47060,OPEN,fill=-,flush=-,to=0/3000}{io=0/0,kio=0,kro=0}->HttpConnection@3c734467[p=HttpParser{s=START,0 of -1},g=HttpGenerator@12184798{s=START}]=>HttpChannelOverHttp@faf0731{s=HttpChannelState@27519fc8{s=IDLE rs=BLOCKING os=OPEN is=IDLE awp=false se=false i=true al=0},r=0,c=false/false,a=IDLE,uri=null,age=0}
02:09:59.633 [qtp961160488-20] DEBUG org.eclipse.jetty.io.FillInterest - interested FillInterest@399c25cc{AC.ReadCB@3c734467{HttpConnection@3c734467::SocketChannelEndPoint@4bc25222{l=/127.0.0.1:35601,r=/127.0.0.1:47060,OPEN,fill=FI,flush=-,to=0/3000}{io=0/0,kio=0,kro=0}->HttpConnection@3c734467[p=HttpParser{s=START,0 of -1},g=HttpGenerator@12184798{s=START}]=>HttpChannelOverHttp@faf0731{s=HttpChannelState@27519fc8{s=IDLE rs=BLOCKING os=OPEN is=IDLE awp=false se=false i=true al=0},r=0,c=false/false,a=IDLE,uri=null,age=0}}}
02:09:59.633 [qtp961160488-20] DEBUG org.eclipse.jetty.io.ChannelEndPoint - changeInterests p=false 0->1 for SocketChannelEndPoint@4bc25222{l=/127.0.0.1:35601,r=/127.0.0.1:47060,OPEN,fill=FI,flush=-,to=0/3000}{io=0/1,kio=0,kro=0}->HttpConnection@3c734467[p=HttpParser{s=START,0 of -1},g=HttpGenerator@12184798{s=START}]=>HttpChannelOverHttp@faf0731{s=HttpChannelState@27519fc8{s=IDLE rs=BLOCKING os=OPEN is=IDLE awp=false se=false i=true al=0},r=0,c=false/false,a=IDLE,uri=null,age=0}
02:09:59.633 [qtp961160488-20] DEBUG org.eclipse.jetty.io.ManagedSelector - Queued change lazy=false org.eclipse.jetty.io.ChannelEndPoint$$Lambda$255/1830220082@1f6a1ee4 on ManagedSelector@1de5f259{STARTED} id=3 keys=2 selected=0 updates=1
02:09:59.633 [qtp961160488-20] DEBUG org.eclipse.jetty.io.ManagedSelector - Wakeup on submit ManagedSelector@1de5f259{STARTED} id=3 keys=2 selected=0 updates=2
02:09:59.633 [qtp961160488-21] DEBUG org.eclipse.jetty.io.ManagedSelector - Selector sun.nio.ch.EPollSelectorImpl@314fddb5 woken with none selected
02:09:59.633 [qtp961160488-21] DEBUG org.eclipse.jetty.io.ManagedSelector - Selector sun.nio.ch.EPollSelectorImpl@314fddb5 woken up from select, 0/0/2 selected
02:09:59.633 [qtp961160488-21] DEBUG org.eclipse.jetty.io.ManagedSelector - Selector sun.nio.ch.EPollSelectorImpl@314fddb5 processing 0 keys, 2 updates
02:09:59.633 [qtp961160488-20] DEBUG org.eclipse.jetty.io.ManagedSelector - Created SocketChannelEndPoint@4bc25222{l=/127.0.0.1:35601,r=/127.0.0.1:47060,OPEN,fill=FI,flush=-,to=0/3000}{io=0/1,kio=0,kro=0}->HttpConnection@3c734467[p=HttpParser{s=START,0 of -1},g=HttpGenerator@12184798{s=START}]=>HttpChannelOverHttp@faf0731{s=HttpChannelState@27519fc8{s=IDLE rs=BLOCKING os=OPEN is=IDLE awp=false se=false i=true al=0},r=0,c=false/false,a=IDLE,uri=null,age=0}
02:09:59.633 [qtp961160488-21] DEBUG org.eclipse.jetty.io.ManagedSelector - updateable 2
02:09:59.633 [qtp961160488-21] DEBUG org.eclipse.jetty.io.ManagedSelector - update org.eclipse.jetty.io.ManagedSelector$$Lambda$258/615682846@65795289
02:09:59.633 [qtp961160488-21] DEBUG org.eclipse.jetty.io.ManagedSelector - update org.eclipse.jetty.io.ChannelEndPoint$$Lambda$255/1830220082@1f6a1ee4
02:09:59.633 [qtp961160488-20] DEBUG org.eclipse.jetty.util.thread.QueuedThreadPool - ran Accept@3691dd6a[java.nio.channels.SocketChannel[connected local=/127.0.0.1:35601 remote=/127.0.0.1:47060]] in QueuedThreadPool[qtp961160488]@394a2528{STARTED,8<=8<=200,i=0,r=-1,q=0}[ReservedThreadExecutor@383bfa16{reserved=2/8,pending=0}]
02:09:59.633 [qtp961160488-21] DEBUG org.eclipse.jetty.io.ChannelEndPoint - Key interests updated 0 -> 1 on SocketChannelEndPoint@4bc25222{l=/127.0.0.1:35601,r=/127.0.0.1:47060,OPEN,fill=FI,flush=-,to=0/3000}{io=1/1,kio=1,kro=0}->HttpConnection@3c734467[p=HttpParser{s=START,0 of -1},g=HttpGenerator@12184798{s=START}]=>HttpChannelOverHttp@faf0731{s=HttpChannelState@27519fc8{s=IDLE rs=BLOCKING os=OPEN is=IDLE awp=false se=false i=true al=0},r=0,c=false/false,a=IDLE,uri=null,age=0}
02:09:59.633 [qtp961160488-21] DEBUG org.eclipse.jetty.io.ManagedSelector - updates 0
02:09:59.633 [qtp961160488-21] DEBUG org.eclipse.jetty.io.ManagedSelector - Selector sun.nio.ch.EPollSelectorImpl@314fddb5 waiting with 2 keys
02:09:59.633 [qtp961160488-21] DEBUG org.eclipse.jetty.io.ManagedSelector - Selector sun.nio.ch.EPollSelectorImpl@314fddb5 woken up from select, 1/1/2 selected
02:09:59.633 [qtp961160488-21] DEBUG org.eclipse.jetty.io.ManagedSelector - Selector sun.nio.ch.EPollSelectorImpl@314fddb5 processing 1 keys, 0 updates
02:09:59.633 [qtp961160488-21] DEBUG org.eclipse.jetty.io.ManagedSelector - selected 1 sun.nio.ch.SelectionKeyImpl@55ca4768 SocketChannelEndPoint@4bc25222{l=/127.0.0.1:35601,r=/127.0.0.1:47060,OPEN,fill=FI,flush=-,to=0/3000}{io=1/1,kio=1,kro=1}->HttpConnection@3c734467[p=HttpParser{s=START,0 of -1},g=HttpGenerator@12184798{s=START}]=>HttpChannelOverHttp@faf0731{s=HttpChannelState@27519fc8{s=IDLE rs=BLOCKING os=OPEN is=IDLE awp=false se=false i=true al=0},r=0,c=false/false,a=IDLE,uri=null,age=0} 
02:09:59.634 [qtp961160488-21] DEBUG org.eclipse.jetty.io.ChannelEndPoint - onSelected 1->0 r=true w=false for SocketChannelEndPoint@4bc25222{l=/127.0.0.1:35601,r=/127.0.0.1:47060,OPEN,fill=FI,flush=-,to=0/3000}{io=1/0,kio=1,kro=1}->HttpConnection@3c734467[p=HttpParser{s=START,0 of -1},g=HttpGenerator@12184798{s=START}]=>HttpChannelOverHttp@faf0731{s=HttpChannelState@27519fc8{s=IDLE rs=BLOCKING os=OPEN is=IDLE awp=false se=false i=true al=0},r=0,c=false/false,a=IDLE,uri=null,age=0}
02:09:59.634 [qtp961160488-21] DEBUG org.eclipse.jetty.io.ChannelEndPoint - task CEP:SocketChannelEndPoint@4bc25222{l=/127.0.0.1:35601,r=/127.0.0.1:47060,OPEN,fill=FI,flush=-,to=0/3000}{io=1/0,kio=1,kro=1}->HttpConnection@3c734467[p=HttpParser{s=START,0 of -1},g=HttpGenerator@12184798{s=START}]=>HttpChannelOverHttp@faf0731{s=HttpChannelState@27519fc8{s=IDLE rs=BLOCKING os=OPEN is=IDLE awp=false se=false i=true al=0},r=0,c=false/false,a=IDLE,uri=null,age=0}:runFillable:BLOCKING
02:09:59.634 [qtp961160488-21] DEBUG org.eclipse.jetty.util.thread.ReservedThreadExecutor - ReservedThreadExecutor@383bfa16{reserved=2/8,pending=0} tryExecute EatWhatYouKill@6404f418/SelectorProducer@3e11f9e9/PRODUCING/p=false/QueuedThreadPool[qtp961160488]@394a2528{STARTED,8<=8<=200,i=1,r=-1,q=0}[ReservedThreadExecutor@383bfa16{reserved=2/8,pending=0}][pc=0,pic=0,pec=0,epc=1]@2024-05-02T02:09:59.634+01:00
02:09:59.634 [qtp961160488-21] DEBUG org.eclipse.jetty.util.thread.strategy.EatWhatYouKill - EatWhatYouKill@6404f418/SelectorProducer@3e11f9e9/IDLE/p=true/QueuedThreadPool[qtp961160488]@394a2528{STARTED,8<=8<=200,i=1,r=-1,q=0}[ReservedThreadExecutor@383bfa16{reserved=1/8,pending=0}][pc=0,pic=0,pec=0,epc=1]@2024-05-02T02:09:59.634+01:00 m=EXECUTE_PRODUCE_CONSUME t=CEP:SocketChannelEndPoint@4bc25222{l=/127.0.0.1:35601,r=/127.0.0.1:47060,OPEN,fill=FI,flush=-,to=1/3000}{io=1/0,kio=1,kro=1}->HttpConnection@3c734467[p=HttpParser{s=START,0 of -1},g=HttpGenerator@12184798{s=START}]=>HttpChannelOverHttp@faf0731{s=HttpChannelState@27519fc8{s=IDLE rs=BLOCKING os=OPEN is=IDLE awp=false se=false i=true al=0},r=0,c=false/false,a=IDLE,uri=null,age=0}:runFillable:BLOCKING/BLOCKING
02:09:59.634 [qtp961160488-22] DEBUG org.eclipse.jetty.util.thread.ReservedThreadExecutor - ReservedThread@3a785ce6{RESERVED,thread=Thread[qtp961160488-22,5,main]} task=EatWhatYouKill@6404f418/SelectorProducer@3e11f9e9/IDLE/p=true/QueuedThreadPool[qtp961160488]@394a2528{STARTED,8<=8<=200,i=1,r=-1,q=0}[ReservedThreadExecutor@383bfa16{reserved=1/8,pending=0}][pc=0,pic=0,pec=0,epc=1]@2024-05-02T02:09:59.634+01:00 ReservedThreadExecutor@383bfa16{reserved=1/8,pending=0}
02:09:59.634 [qtp961160488-21] DEBUG org.eclipse.jetty.io.FillInterest - fillable FillInterest@399c25cc{AC.ReadCB@3c734467{HttpConnection@3c734467::SocketChannelEndPoint@4bc25222{l=/127.0.0.1:35601,r=/127.0.0.1:47060,OPEN,fill=FI,flush=-,to=1/3000}{io=1/0,kio=1,kro=1}->HttpConnection@3c734467[p=HttpParser{s=START,0 of -1},g=HttpGenerator@12184798{s=START}]=>HttpChannelOverHttp@faf0731{s=HttpChannelState@27519fc8{s=IDLE rs=BLOCKING os=OPEN is=IDLE awp=false se=false i=true al=0},r=0,c=false/false,a=IDLE,uri=null,age=0}}}
02:09:59.634 [qtp961160488-22] DEBUG org.eclipse.jetty.util.thread.strategy.EatWhatYouKill - EatWhatYouKill@6404f418/SelectorProducer@3e11f9e9/IDLE/p=true/QueuedThreadPool[qtp961160488]@394a2528{STARTED,8<=8<=200,i=1,r=-1,q=0}[ReservedThreadExecutor@383bfa16{reserved=1/8,pending=0}][pc=0,pic=0,pec=0,epc=2]@2024-05-02T02:09:59.634+01:00 tryProduce true
02:09:59.634 [qtp961160488-22] DEBUG org.eclipse.jetty.io.ManagedSelector - updateable 0
02:09:59.634 [qtp961160488-22] DEBUG org.eclipse.jetty.io.ManagedSelector - updates 0
02:09:59.634 [qtp961160488-21] DEBUG org.eclipse.jetty.server.HttpConnection - HttpConnection@3c734467::SocketChannelEndPoint@4bc25222{l=/127.0.0.1:35601,r=/127.0.0.1:47060,OPEN,fill=-,flush=-,to=1/3000}{io=1/0,kio=1,kro=1}->HttpConnection@3c734467[p=HttpParser{s=START,0 of -1},g=HttpGenerator@12184798{s=START}]=>HttpChannelOverHttp@faf0731{s=HttpChannelState@27519fc8{s=IDLE rs=BLOCKING os=OPEN is=IDLE awp=false se=false i=true al=0},r=0,c=false/false,a=IDLE,uri=null,age=0} onFillable enter HttpChannelState@27519fc8{s=IDLE rs=BLOCKING os=OPEN is=IDLE awp=false se=false i=true al=0} null
02:09:59.634 [qtp961160488-22] DEBUG org.eclipse.jetty.io.ChannelEndPoint - Key interests updated 1 -> 0 on SocketChannelEndPoint@4bc25222{l=/127.0.0.1:35601,r=/127.0.0.1:47060,OPEN,fill=-,flush=-,to=1/3000}{io=0/0,kio=0,kro=1}->HttpConnection@3c734467[p=HttpParser{s=START,0 of -1},g=HttpGenerator@12184798{s=START}]=>HttpChannelOverHttp@faf0731{s=HttpChannelState@27519fc8{s=IDLE rs=BLOCKING os=OPEN is=IDLE awp=false se=false i=true al=0},r=0,c=false/false,a=IDLE,uri=null,age=0}
02:09:59.634 [qtp961160488-22] DEBUG org.eclipse.jetty.io.ManagedSelector - Selector sun.nio.ch.EPollSelectorImpl@314fddb5 waiting with 2 keys
02:09:59.634 [qtp961160488-21] DEBUG org.eclipse.jetty.io.ChannelEndPoint - filled 125 HeapByteBuffer@293c2d56[p=0,l=125,c=8192,r=125]={<<<GET /config.yml HTTP/1.1\r...gent: okhttp/3.12.3\r\n\r\n>>> 4\r\nServe...\x00\x00\x00\x00\x00\x00\x00}
02:09:59.634 [qtp961160488-21] DEBUG org.eclipse.jetty.server.HttpConnection - HttpConnection@3c734467::SocketChannelEndPoint@4bc25222{l=/127.0.0.1:35601,r=/127.0.0.1:47060,OPEN,fill=-,flush=-,to=0/3000}{io=0/0,kio=0,kro=1}->HttpConnection@3c734467[p=HttpParser{s=START,0 of -1},g=HttpGenerator@12184798{s=START}]=>HttpChannelOverHttp@faf0731{s=HttpChannelState@27519fc8{s=IDLE rs=BLOCKING os=OPEN is=IDLE awp=false se=false i=true al=0},r=0,c=false/false,a=IDLE,uri=null,age=0} filled 125 HeapByteBuffer@293c2d56[p=0,l=125,c=8192,r=125]={<<<GET /config.yml HTTP/1.1\r...gent: okhttp/3.12.3\r\n\r\n>>> 4\r\nServe...\x00\x00\x00\x00\x00\x00\x00}
02:09:59.635 [qtp961160488-21] DEBUG org.eclipse.jetty.server.HttpConnection - HttpConnection@3c734467::SocketChannelEndPoint@4bc25222{l=/127.0.0.1:35601,r=/127.0.0.1:47060,OPEN,fill=-,flush=-,to=0/3000}{io=0/0,kio=0,kro=1}->HttpConnection@3c734467[p=HttpParser{s=START,0 of -1},g=HttpGenerator@12184798{s=START}]=>HttpChannelOverHttp@faf0731{s=HttpChannelState@27519fc8{s=IDLE rs=BLOCKING os=OPEN is=IDLE awp=false se=false i=true al=0},r=0,c=false/false,a=IDLE,uri=null,age=0} parse HeapByteBuffer@293c2d56[p=0,l=125,c=8192,r=125]={<<<GET /config.yml HTTP/1.1\r...gent: okhttp/3.12.3\r\n\r\n>>> 4\r\nServe...\x00\x00\x00\x00\x00\x00\x00} {}
02:09:59.635 [qtp961160488-21] DEBUG org.eclipse.jetty.http.HttpParser - parseNext s=START HeapByteBuffer@293c2d56[p=0,l=125,c=8192,r=125]={<<<GET /config.yml HTTP/1.1\r...gent: okhttp/3.12.3\r\n\r\n>>> 4\r\nServe...\x00\x00\x00\x00\x00\x00\x00}
02:09:59.635 [qtp961160488-21] DEBUG org.eclipse.jetty.http.HttpParser - START --> SPACE1
02:09:59.635 [qtp961160488-21] DEBUG org.eclipse.jetty.http.HttpParser - SPACE1 --> URI
02:09:59.635 [qtp961160488-21] DEBUG org.eclipse.jetty.http.HttpParser - URI --> SPACE2
02:09:59.635 [qtp961160488-21] DEBUG org.eclipse.jetty.http.HttpParser - SPACE2 --> REQUEST_VERSION
02:09:59.635 [qtp961160488-21] DEBUG org.eclipse.jetty.http.HttpParser - REQUEST_VERSION --> HEADER
02:09:59.635 [qtp961160488-21] DEBUG org.eclipse.jetty.http.HttpParser - HEADER:Host --> VALUE
02:09:59.635 [qtp961160488-21] DEBUG org.eclipse.jetty.http.HttpParser - HEADER:Host --> IN_VALUE
02:09:59.635 [qtp961160488-21] DEBUG org.eclipse.jetty.http.HttpParser - HEADER:Host --> FIELD
02:09:59.635 [qtp961160488-21] DEBUG org.eclipse.jetty.http.HttpParser - HEADER:Connection: keep-alive --> IN_VALUE
02:09:59.635 [qtp961160488-21] DEBUG org.eclipse.jetty.http.HttpParser - HEADER:Connection: keep-alive --> FIELD
02:09:59.635 [qtp961160488-21] DEBUG org.eclipse.jetty.http.HttpParser - HEADER:Accept-Encoding: gzip --> IN_VALUE
02:09:59.635 [qtp961160488-21] DEBUG org.eclipse.jetty.http.HttpParser - HEADER:Accept-Encoding: gzip --> FIELD
02:09:59.635 [qtp961160488-21] DEBUG org.eclipse.jetty.http.HttpParser - HEADER:User-Agent --> VALUE
02:09:59.635 [qtp961160488-21] DEBUG org.eclipse.jetty.http.HttpParser - HEADER:User-Agent --> IN_VALUE
02:09:59.635 [qtp961160488-21] DEBUG org.eclipse.jetty.http.HttpParser - HEADER:User-Agent --> FIELD
02:09:59.635 [qtp961160488-21] DEBUG org.eclipse.jetty.http.HttpParser - HEADER --> CONTENT
02:09:59.635 [qtp961160488-21] DEBUG org.eclipse.jetty.server.HttpChannel - REQUEST for //localhost:35601/config.yml on HttpChannelOverHttp@faf0731{s=HttpChannelState@27519fc8{s=IDLE rs=BLOCKING os=OPEN is=IDLE awp=false se=false i=true al=0},r=1,c=false/false,a=IDLE,uri=//localhost:35601/config.yml,age=0}
GET //localhost:35601/config.yml HTTP/1.1
Host: localhost:35601
Connection: keep-alive
Accept-Encoding: gzip
User-Agent: okhttp/3.12.3


02:09:59.635 [qtp961160488-21] DEBUG org.eclipse.jetty.server.HttpConnection - HttpConnection@3c734467::SocketChannelEndPoint@4bc25222{l=/127.0.0.1:35601,r=/127.0.0.1:47060,OPEN,fill=-,flush=-,to=0/3000}{io=0/0,kio=0,kro=1}->HttpConnection@3c734467[p=HttpParser{s=CONTENT,0 of -1},g=HttpGenerator@12184798{s=START}]=>HttpChannelOverHttp@faf0731{s=HttpChannelState@27519fc8{s=IDLE rs=BLOCKING os=OPEN is=IDLE awp=false se=false i=true al=0},r=1,c=false/false,a=IDLE,uri=//localhost:35601/config.yml,age=0} parsed true HttpParser{s=CONTENT,0 of -1}
02:09:59.635 [qtp961160488-21] DEBUG org.eclipse.jetty.server.HttpConnection - releaseRequestBuffer HttpConnection@3c734467::SocketChannelEndPoint@4bc25222{l=/127.0.0.1:35601,r=/127.0.0.1:47060,OPEN,fill=-,flush=-,to=0/3000}{io=0/0,kio=0,kro=1}->HttpConnection@3c734467[p=HttpParser{s=CONTENT,0 of -1},g=HttpGenerator@12184798{s=START}]=>HttpChannelOverHttp@faf0731{s=HttpChannelState@27519fc8{s=IDLE rs=BLOCKING os=OPEN is=IDLE awp=false se=false i=true al=0},r=1,c=false/false,a=IDLE,uri=//localhost:35601/config.yml,age=0}
02:09:59.635 [qtp961160488-21] DEBUG org.eclipse.jetty.server.HttpChannel - handle //localhost:35601/config.yml HttpChannelOverHttp@faf0731{s=HttpChannelState@27519fc8{s=IDLE rs=BLOCKING os=OPEN is=IDLE awp=false se=false i=true al=0},r=1,c=false/false,a=IDLE,uri=//localhost:35601/config.yml,age=0} 
02:09:59.635 [qtp961160488-21] DEBUG org.eclipse.jetty.server.HttpChannelState - handling HttpChannelState@27519fc8{s=IDLE rs=BLOCKING os=OPEN is=IDLE awp=false se=false i=true al=0}
02:09:59.635 [qtp961160488-21] DEBUG org.eclipse.jetty.server.HttpChannel - action DISPATCH HttpChannelOverHttp@faf0731{s=HttpChannelState@27519fc8{s=HANDLING rs=BLOCKING os=OPEN is=IDLE awp=false se=false i=true al=0},r=1,c=false/false,a=HANDLING,uri=//localhost:35601/config.yml,age=0}
02:09:59.635 [qtp961160488-21] DEBUG org.eclipse.jetty.server.Server - REQUEST GET /config.yml on HttpChannelOverHttp@faf0731{s=HttpChannelState@27519fc8{s=HANDLING rs=BLOCKING os=OPEN is=IDLE awp=false se=false i=true al=0},r=1,c=false/false,a=HANDLING,uri=//localhost:35601/config.yml,age=0}
02:09:59.635 [qtp961160488-21] DEBUG org.eclipse.jetty.server.HttpOutput - write(array HeapByteBuffer@450ba493[p=0,l=4,c=512,r=4]={<<<path>>>\x00\x00\x00\x00\x00\x00\x00\x00\x00...\x00\x00\x00\x00\x00\x00\x00})
02:09:59.635 [qtp961160488-21] DEBUG org.eclipse.jetty.server.HttpOutput - write(array) s=CLOSING,api=BLOCKED,sc=false,e=null last=true agg=false flush=true async=false, len=4 null
02:09:59.635 [qtp961160488-21] DEBUG org.eclipse.jetty.server.HttpChannel - sendResponse info=null content=HeapByteBuffer@669c34fd[p=0,l=4,c=512,r=4]={<<<path>>>\x00\x00\x00\x00\x00\x00\x00\x00\x00...\x00\x00\x00\x00\x00\x00\x00} complete=true committing=true callback=Blocker@274b28bc{null}
02:09:59.635 [qtp961160488-21] DEBUG org.eclipse.jetty.server.HttpChannel - COMMIT for /config.yml on HttpChannelOverHttp@faf0731{s=HttpChannelState@27519fc8{s=HANDLING rs=BLOCKING os=COMMITTED is=IDLE awp=false se=false i=true al=0},r=1,c=false/false,a=HANDLING,uri=//localhost:35601/config.yml,age=0}
200 null HTTP/1.1
Date: Thu, 02 May 2024 01:09:59 GMT
ETag: testEtag
Content-Type: text/plain;charset=utf-8
Content-Length: 4


02:09:59.635 [qtp961160488-21] DEBUG org.eclipse.jetty.server.HttpConnection - generate: NEED_HEADER for SendCallback@203dca3a[PROCESSING][i=HTTP/1.1{s=200,h=4,cl=4},cb=org.eclipse.jetty.server.HttpChannel$SendCallback@388add92] (null,[p=0,l=4,c=512,r=4],true)@START
02:09:59.635 [qtp961160488-21] DEBUG org.eclipse.jetty.http.HttpGenerator - generateHeaders HTTP/1.1{s=200,h=4,cl=4} last=true content=HeapByteBuffer@669c34fd[p=0,l=4,c=512,r=4]={<<<path>>>\x00\x00\x00\x00\x00\x00\x00\x00\x00...\x00\x00\x00\x00\x00\x00\x00}
02:09:59.635 [qtp961160488-21] DEBUG org.eclipse.jetty.http.HttpGenerator - Date: Thu, 02 May 2024 01:09:59 GMT
ETag: testEtag
Content-Type: text/plain;charset=utf-8
Content-Length: 4


02:09:59.635 [qtp961160488-21] DEBUG org.eclipse.jetty.http.HttpGenerator - CONTENT_LENGTH
02:09:59.635 [qtp961160488-21] DEBUG org.eclipse.jetty.server.HttpConnection - generate: FLUSH for SendCallback@203dca3a[PROCESSING][i=HTTP/1.1{s=200,h=4,cl=4},cb=org.eclipse.jetty.server.HttpChannel$SendCallback@388add92] ([p=0,l=164,c=8192,r=164],[p=0,l=4,c=512,r=4],true)@COMPLETING
02:09:59.635 [qtp961160488-21] DEBUG org.eclipse.jetty.io.WriteFlusher - write: WriteFlusher@3f362da2{IDLE}->null [HeapByteBuffer@293c2d56[p=0,l=164,c=8192,r=164]={<<<HTTP/1.1 200 OK\r\nDate: Th...y(9.4.44.v20210927)\r\n\r\n>>>\n\r\n\x00\x00\x00\x00\x00\x00...\x00\x00\x00\x00\x00\x00\x00},HeapByteBuffer@669c34fd[p=0,l=4,c=512,r=4]={<<<path>>>\x00\x00\x00\x00\x00\x00\x00\x00\x00...\x00\x00\x00\x00\x00\x00\x00}]
02:09:59.635 [qtp961160488-21] DEBUG org.eclipse.jetty.io.WriteFlusher - update WriteFlusher@3f362da2{WRITING}->null:IDLE-->WRITING
02:09:59.636 [main] DEBUG org.apache.nifi.minifi.bootstrap.configuration.ingestors.PullHttpChangeIngestor - Response received: Response{protocol=http/1.1, code=200, message=OK, url=http://localhost:35601/config.yml}
02:09:59.636 [qtp961160488-21] DEBUG org.eclipse.jetty.io.ChannelEndPoint - flushed 168 SocketChannelEndPoint@4bc25222{l=/127.0.0.1:35601,r=/127.0.0.1:47060,OPEN,fill=-,flush=W,to=1/3000}{io=0/0,kio=0,kro=1}->HttpConnection@3c734467[p=HttpParser{s=CONTENT,0 of -1},g=HttpGenerator@12184798{s=COMPLETING}]=>HttpChannelOverHttp@faf0731{s=HttpChannelState@27519fc8{s=HANDLING rs=BLOCKING os=COMMITTED is=IDLE awp=false se=false i=true al=0},r=1,c=false/false,a=HANDLING,uri=//localhost:35601/config.yml,age=1}
02:09:59.636 [qtp961160488-21] DEBUG org.eclipse.jetty.io.WriteFlusher - Flushed=true written=168 remaining=0 WriteFlusher@3f362da2{WRITING}->null
02:09:59.636 [qtp961160488-21] DEBUG org.eclipse.jetty.io.WriteFlusher - update WriteFlusher@3f362da2{IDLE}->null:WRITING-->IDLE
02:09:59.636 [qtp961160488-21] DEBUG org.eclipse.jetty.server.HttpConnection - generate: DONE for SendCallback@203dca3a[PROCESSING][i=HTTP/1.1{s=200,h=4,cl=4},cb=org.eclipse.jetty.server.HttpChannel$SendCallback@388add92] ([p=164,l=164,c=8192,r=0],[p=4,l=4,c=512,r=0],true)@END
02:09:59.636 [main] DEBUG org.apache.nifi.minifi.bootstrap.configuration.ingestors.PullHttpChangeIngestor - Pulled config same as currently running.
02:09:59.636 [qtp961160488-21] DEBUG org.eclipse.jetty.server.HttpOutput - onWriteComplete(true,null) s=CLOSING,api=BLOCKED,sc=false,e=null->s=CLOSED,api=BLOCKING,sc=false,e=null c=null cb=null w=false
02:09:59.636 [qtp961160488-21] DEBUG org.eclipse.jetty.server.HttpOutput - close() s=CLOSED,api=BLOCKING,sc=false,e=null c=null b=null
02:09:59.636 [qtp961160488-21] DEBUG org.eclipse.jetty.server.Server - handled=true async=false committed=true on HttpChannelOverHttp@faf0731{s=HttpChannelState@27519fc8{s=HANDLING rs=BLOCKING os=COMPLETED is=IDLE awp=false se=false i=true al=0},r=1,c=false/true,a=HANDLING,uri=//localhost:35601/config.yml,age=1}
02:09:59.636 [qtp961160488-21] DEBUG org.eclipse.jetty.server.HttpChannelState - unhandle HttpChannelState@27519fc8{s=HANDLING rs=BLOCKING os=COMPLETED is=IDLE awp=false se=false i=true al=0}
02:09:59.636 [qtp961160488-21] DEBUG org.eclipse.jetty.server.HttpChannelState - nextAction(false) COMPLETE HttpChannelState@27519fc8{s=HANDLING rs=COMPLETING os=COMPLETED is=IDLE awp=false se=false i=false al=0}
02:09:59.636 [qtp961160488-21] DEBUG org.eclipse.jetty.server.HttpChannel - action COMPLETE HttpChannelOverHttp@faf0731{s=HttpChannelState@27519fc8{s=HANDLING rs=COMPLETING os=COMPLETED is=IDLE awp=false se=false i=false al=0},r=1,c=false/true,a=HANDLING,uri=//localhost:35601/config.yml,age=1}
02:09:59.636 [qtp961160488-21] DEBUG org.eclipse.jetty.server.HttpOutput - complete(org.eclipse.jetty.util.Callback$3@41c6ec30) s=CLOSED,api=BLOCKING,sc=false,e=null s=true e=null, c=null
02:09:59.636 [qtp961160488-21] DEBUG org.eclipse.jetty.server.HttpChannelState - completed HttpChannelState@27519fc8{s=HANDLING rs=COMPLETING os=COMPLETED is=IDLE awp=false se=false i=false al=0}
]]></system-out>
  </testcase>
</testsuite>