<?xml version="1.0" encoding="UTF-8"?>
<testsuite xmlns:xsi="http://www.w3.org/2001/XMLSchema-instance" xsi:noNamespaceSchemaLocation="https://maven.apache.org/surefire/maven-surefire-plugin/xsd/surefire-test-report-3.0.xsd" version="3.0" name="org.apache.nifi.security.util.crypto.BcryptSecureHasherTest" time="0.69" tests="14" errors="0" skipped="1" failures="0">
  <properties>
    <property name="sun.desktop" value="gnome"/>
    <property name="awt.toolkit" value="sun.awt.X11.XToolkit"/>
    <property name="file.encoding.pkg" value="sun.io"/>
    <property name="java.specification.version" value="1.8"/>
    <property name="sun.cpu.isalist" value=""/>
    <property name="sun.jnu.encoding" value="UTF-8"/>
    <property name="java.class.path" value="/home/alex/Repositories/nifi/nifi-commons/nifi-security-utils/target/test-classes:/home/alex/Repositories/nifi/nifi-commons/nifi-security-utils/target/classes:/home/alex/Repositories/nifi/nifi-api/target/classes:/home/alex/Repositories/nifi/nifi-commons/nifi-utils/target/classes:/home/alex/Repositories/nifi/nifi-commons/nifi-security-utils-api/target/classes:/home/alex/Repositories/nifi/nifi-commons/nifi-security-kms/target/classes:/home/alex/.m2/repository/org/apache/commons/commons-lang3/3.12.0/commons-lang3-3.12.0.jar:/home/alex/.m2/repository/commons-codec/commons-codec/1.14/commons-codec-1.14.jar:/home/alex/.m2/repository/org/bouncycastle/bcprov-jdk15on/1.69/bcprov-jdk15on-1.69.jar:/home/alex/.m2/repository/org/bouncycastle/bcpkix-jdk15on/1.69/bcpkix-jdk15on-1.69.jar:/home/alex/.m2/repository/org/bouncycastle/bcutil-jdk15on/1.69/bcutil-jdk15on-1.69.jar:/home/alex/Repositories/nifi/nifi-commons/nifi-properties/target/classes:/home/alex/Repositories/nifi/nifi-commons/nifi-property-utils/target/classes:/home/alex/.m2/repository/at/favre/lib/bcrypt/0.9.0/bcrypt-0.9.0.jar:/home/alex/.m2/repository/at/favre/lib/bytes/1.3.0/bytes-1.3.0.jar:/home/alex/.m2/repository/org/apache/commons/commons-configuration2/2.7/commons-configuration2-2.7.jar:/home/alex/.m2/repository/org/apache/commons/commons-text/1.8/commons-text-1.8.jar:/home/alex/.m2/repository/org/slf4j/jcl-over-slf4j/1.7.32/jcl-over-slf4j-1.7.32.jar:/home/alex/.m2/repository/org/slf4j/slf4j-api/1.7.32/slf4j-api-1.7.32.jar:/home/alex/.m2/repository/org/junit/jupiter/junit-jupiter-api/5.7.2/junit-jupiter-api-5.7.2.jar:/home/alex/.m2/repository/org/apiguardian/apiguardian-api/1.1.0/apiguardian-api-1.1.0.jar:/home/alex/.m2/repository/org/opentest4j/opentest4j/1.2.0/opentest4j-1.2.0.jar:/home/alex/.m2/repository/org/junit/platform/junit-platform-commons/1.7.2/junit-platform-commons-1.7.2.jar:/home/alex/.m2/repository/org/junit/jupiter/junit-jupiter-engine/5.7.2/junit-jupiter-engine-5.7.2.jar:/home/alex/.m2/repository/org/junit/platform/junit-platform-engine/1.7.2/junit-platform-engine-1.7.2.jar:/home/alex/.m2/repository/org/junit/vintage/junit-vintage-engine/5.7.2/junit-vintage-engine-5.7.2.jar:/home/alex/.m2/repository/junit/junit/4.13.2/junit-4.13.2.jar:/home/alex/.m2/repository/org/hamcrest/hamcrest-core/1.3/hamcrest-core-1.3.jar:/home/alex/.m2/repository/org/junit/jupiter/junit-jupiter-params/5.7.2/junit-jupiter-params-5.7.2.jar:/home/alex/.m2/repository/org/mockito/mockito-core/3.11.2/mockito-core-3.11.2.jar:/home/alex/.m2/repository/net/bytebuddy/byte-buddy/1.11.3/byte-buddy-1.11.3.jar:/home/alex/.m2/repository/net/bytebuddy/byte-buddy-agent/1.11.3/byte-buddy-agent-1.11.3.jar:/home/alex/.m2/repository/org/objenesis/objenesis/3.2/objenesis-3.2.jar:/home/alex/.m2/repository/org/mockito/mockito-junit-jupiter/3.11.2/mockito-junit-jupiter-3.11.2.jar:/home/alex/.m2/repository/org/slf4j/slf4j-simple/1.7.32/slf4j-simple-1.7.32.jar:/home/alex/.m2/repository/org/codehaus/groovy/groovy-test/2.5.14/groovy-test-2.5.14.jar:/home/alex/.m2/repository/org/codehaus/groovy/groovy/2.5.14/groovy-2.5.14.jar:"/>
    <property name="java.vm.vendor" value="Private Build"/>
    <property name="sun.arch.data.model" value="64"/>
    <property name="java.vendor.url" value="http://java.oracle.com/"/>
    <property name="user.timezone" value=""/>
    <property name="java.vm.specification.version" value="1.8"/>
    <property name="os.name" value="Linux"/>
    <property name="user.country" value="US"/>
    <property name="sun.java.launcher" value="SUN_STANDARD"/>
    <property name="sun.boot.library.path" value="/usr/lib/jvm/java-8-openjdk-amd64/jre/lib/amd64"/>
    <property name="sun.java.command" value="/home/alex/Repositories/nifi/nifi-commons/nifi-security-utils/target/surefire/surefirebooter7410933820110731907.jar /home/alex/Repositories/nifi/nifi-commons/nifi-security-utils/target/surefire 2024-05-02T01-50-21_887-jvmRun1 surefire6843710224828161912tmp surefire_68954014902198764314tmp"/>
    <property name="surefire.test.class.path" value="/home/alex/Repositories/nifi/nifi-commons/nifi-security-utils/target/test-classes:/home/alex/Repositories/nifi/nifi-commons/nifi-security-utils/target/classes:/home/alex/Repositories/nifi/nifi-api/target/classes:/home/alex/Repositories/nifi/nifi-commons/nifi-utils/target/classes:/home/alex/Repositories/nifi/nifi-commons/nifi-security-utils-api/target/classes:/home/alex/Repositories/nifi/nifi-commons/nifi-security-kms/target/classes:/home/alex/.m2/repository/org/apache/commons/commons-lang3/3.12.0/commons-lang3-3.12.0.jar:/home/alex/.m2/repository/commons-codec/commons-codec/1.14/commons-codec-1.14.jar:/home/alex/.m2/repository/org/bouncycastle/bcprov-jdk15on/1.69/bcprov-jdk15on-1.69.jar:/home/alex/.m2/repository/org/bouncycastle/bcpkix-jdk15on/1.69/bcpkix-jdk15on-1.69.jar:/home/alex/.m2/repository/org/bouncycastle/bcutil-jdk15on/1.69/bcutil-jdk15on-1.69.jar:/home/alex/Repositories/nifi/nifi-commons/nifi-properties/target/classes:/home/alex/Repositories/nifi/nifi-commons/nifi-property-utils/target/classes:/home/alex/.m2/repository/at/favre/lib/bcrypt/0.9.0/bcrypt-0.9.0.jar:/home/alex/.m2/repository/at/favre/lib/bytes/1.3.0/bytes-1.3.0.jar:/home/alex/.m2/repository/org/apache/commons/commons-configuration2/2.7/commons-configuration2-2.7.jar:/home/alex/.m2/repository/org/apache/commons/commons-text/1.8/commons-text-1.8.jar:/home/alex/.m2/repository/org/slf4j/jcl-over-slf4j/1.7.32/jcl-over-slf4j-1.7.32.jar:/home/alex/.m2/repository/org/slf4j/slf4j-api/1.7.32/slf4j-api-1.7.32.jar:/home/alex/.m2/repository/org/junit/jupiter/junit-jupiter-api/5.7.2/junit-jupiter-api-5.7.2.jar:/home/alex/.m2/repository/org/apiguardian/apiguardian-api/1.1.0/apiguardian-api-1.1.0.jar:/home/alex/.m2/repository/org/opentest4j/opentest4j/1.2.0/opentest4j-1.2.0.jar:/home/alex/.m2/repository/org/junit/platform/junit-platform-commons/1.7.2/junit-platform-commons-1.7.2.jar:/home/alex/.m2/repository/org/junit/jupiter/junit-jupiter-engine/5.7.2/junit-jupiter-engine-5.7.2.jar:/home/alex/.m2/repository/org/junit/platform/junit-platform-engine/1.7.2/junit-platform-engine-1.7.2.jar:/home/alex/.m2/repository/org/junit/vintage/junit-vintage-engine/5.7.2/junit-vintage-engine-5.7.2.jar:/home/alex/.m2/repository/junit/junit/4.13.2/junit-4.13.2.jar:/home/alex/.m2/repository/org/hamcrest/hamcrest-core/1.3/hamcrest-core-1.3.jar:/home/alex/.m2/repository/org/junit/jupiter/junit-jupiter-params/5.7.2/junit-jupiter-params-5.7.2.jar:/home/alex/.m2/repository/org/mockito/mockito-core/3.11.2/mockito-core-3.11.2.jar:/home/alex/.m2/repository/net/bytebuddy/byte-buddy/1.11.3/byte-buddy-1.11.3.jar:/home/alex/.m2/repository/net/bytebuddy/byte-buddy-agent/1.11.3/byte-buddy-agent-1.11.3.jar:/home/alex/.m2/repository/org/objenesis/objenesis/3.2/objenesis-3.2.jar:/home/alex/.m2/repository/org/mockito/mockito-junit-jupiter/3.11.2/mockito-junit-jupiter-3.11.2.jar:/home/alex/.m2/repository/org/slf4j/slf4j-simple/1.7.32/slf4j-simple-1.7.32.jar:/home/alex/.m2/repository/org/codehaus/groovy/groovy-test/2.5.14/groovy-test-2.5.14.jar:/home/alex/.m2/repository/org/codehaus/groovy/groovy/2.5.14/groovy-2.5.14.jar:"/>
    <property name="sun.cpu.endian" value="little"/>
    <property name="user.home" value="/home/alex"/>
    <property name="user.language" value="en"/>
    <property name="java.specification.vendor" value="Oracle Corporation"/>
    <property name="java.home" value="/usr/lib/jvm/java-8-openjdk-amd64/jre"/>
    <property name="basedir" value="/home/alex/Repositories/nifi/nifi-commons/nifi-security-utils"/>
    <property name="file.separator" value="/"/>
    <property name="line.separator" value="&#10;"/>
    <property name="java.vm.specification.vendor" value="Oracle Corporation"/>
    <property name="java.specification.name" value="Java Platform API Specification"/>
    <property name="java.awt.graphicsenv" value="sun.awt.X11GraphicsEnvironment"/>
    <property name="java.awt.headless" value="true"/>
    <property name="surefire.real.class.path" value="/home/alex/Repositories/nifi/nifi-commons/nifi-security-utils/target/surefire/surefirebooter7410933820110731907.jar"/>
    <property name="sun.boot.class.path" value="/usr/lib/jvm/java-8-openjdk-amd64/jre/lib/resources.jar:/usr/lib/jvm/java-8-openjdk-amd64/jre/lib/rt.jar:/usr/lib/jvm/java-8-openjdk-amd64/jre/lib/sunrsasign.jar:/usr/lib/jvm/java-8-openjdk-amd64/jre/lib/jsse.jar:/usr/lib/jvm/java-8-openjdk-amd64/jre/lib/jce.jar:/usr/lib/jvm/java-8-openjdk-amd64/jre/lib/charsets.jar:/usr/lib/jvm/java-8-openjdk-amd64/jre/lib/jfr.jar:/usr/lib/jvm/java-8-openjdk-amd64/jre/classes"/>
    <property name="sun.management.compiler" value="HotSpot 64-Bit Tiered Compilers"/>
    <property name="java.runtime.version" value="1.8.0_402-8u402-ga-2ubuntu1~22.04-b06"/>
    <property name="java.net.preferIPv4Stack" value="true"/>
    <property name="user.name" value="alex"/>
    <property name="path.separator" value=":"/>
    <property name="os.version" value="6.5.0-28-generic"/>
    <property name="java.endorsed.dirs" value="/usr/lib/jvm/java-8-openjdk-amd64/jre/lib/endorsed"/>
    <property name="java.runtime.name" value="OpenJDK Runtime Environment"/>
    <property name="file.encoding" value="UTF-8"/>
    <property name="java.vm.name" value="OpenJDK 64-Bit Server VM"/>
    <property name="localRepository" value="/home/alex/.m2/repository"/>
    <property name="java.vendor.url.bug" value="http://bugreport.sun.com/bugreport/"/>
    <property name="java.io.tmpdir" value="/tmp"/>
    <property name="java.version" value="1.8.0_402"/>
    <property name="user.dir" value="/home/alex/Repositories/nifi/nifi-commons/nifi-security-utils"/>
    <property name="os.arch" value="amd64"/>
    <property name="java.vm.specification.name" value="Java Virtual Machine Specification"/>
    <property name="java.awt.printerjob" value="sun.print.PSPrinterJob"/>
    <property name="sun.os.patch.level" value="unknown"/>
    <property name="java.library.path" value="/usr/java/packages/lib/amd64:/usr/lib/x86_64-linux-gnu/jni:/lib/x86_64-linux-gnu:/usr/lib/x86_64-linux-gnu:/usr/lib/jni:/lib:/usr/lib"/>
    <property name="java.vm.info" value="mixed mode"/>
    <property name="java.vendor" value="Private Build"/>
    <property name="java.vm.version" value="25.402-b06"/>
    <property name="java.specification.maintenance.version" value="5"/>
    <property name="java.ext.dirs" value="/usr/lib/jvm/java-8-openjdk-amd64/jre/lib/ext:/usr/java/packages/lib/ext"/>
    <property name="sun.io.unicode.encoding" value="UnicodeLittle"/>
    <property name="java.class.version" value="52.0"/>
  </properties>
  <testcase name="testShouldVerifySaltLengthBoundary" classname="org.apache.nifi.security.util.crypto.BcryptSecureHasherTest" time="0.003"/>
  <testcase name="testShouldHandleArbitrarySalt" classname="org.apache.nifi.security.util.crypto.BcryptSecureHasherTest" time="0.027">
    <system-err><![CDATA[[main] INFO org.apache.nifi.security.util.crypto.BcryptSecureHasher - Generating Bcrypt hash for cost factor: 4
[main] WARN org.apache.nifi.security.util.crypto.BcryptSecureHasher - The provided cost factor 4 is below the recommended minimum 12.
[main] WARN org.apache.nifi.security.util.crypto.BcryptSecureHasher - The provided cost factor 4 is below the recommended minimum 12.
]]></system-err>
  </testcase>
  <testcase name="testDefaultCostParamsShouldBeSufficient" classname="org.apache.nifi.security.util.crypto.BcryptSecureHasherTest" time="0">
    <skipped message="System property [nifi.test.performance] does not exist"/>
  </testcase>
  <testcase name="testShouldValidateArbitrarySalt" classname="org.apache.nifi.security.util.crypto.BcryptSecureHasherTest" time="0.005">
    <system-err><![CDATA[[main] INFO org.apache.nifi.security.util.crypto.BcryptSecureHasher - Generating Bcrypt hash for cost factor: 4
[main] WARN org.apache.nifi.security.util.crypto.BcryptSecureHasher - The provided cost factor 4 is below the recommended minimum 12.
[main] WARN org.apache.nifi.security.util.crypto.BcryptSecureHasher - The provided cost factor 4 is below the recommended minimum 12.
[main] WARN org.apache.nifi.security.util.crypto.AbstractSecureHasher - The provided dynamic salt length 7 is below the recommended minimum 16
[main] ERROR org.apache.nifi.security.util.crypto.AbstractSecureHasher - The salt length 7 is outside the boundary of 16 to 2147483647.
[main] WARN org.apache.nifi.security.util.crypto.AbstractSecureHasher - The provided dynamic salt length 7 is below the recommended minimum 16
[main] WARN org.apache.nifi.security.util.crypto.AbstractSecureHasher - The provided dynamic salt length 7 is below the recommended minimum 16
[main] WARN org.apache.nifi.security.util.crypto.AbstractSecureHasher - The provided dynamic salt length 7 is below the recommended minimum 16
]]></system-err>
  </testcase>
  <testcase name="testConvertRadix64ToBase64ShouldHandlePeriod" classname="org.apache.nifi.security.util.crypto.BcryptSecureHasherTest" time="0.004">
    <system-err><![CDATA[[main] INFO org.apache.nifi.security.util.crypto.BcryptSecureHasher - Plain bytes: [102, 55, 98, 99, 102, 57, 102, 55, 57, 100, 49, 49, 102, 53, 99, 98, 102, 51, 51, 56, 53, 101, 54, 98, 53, 101, 50, 98, 57, 102, 52, 48]
[main] INFO org.apache.nifi.security.util.crypto.BcryptSecureHasher - Converted (R64) 75x373yP7atxMD3pVgsdO. to (B64) 97z5950R9cvzOF5rXiufQA
[main] INFO org.apache.nifi.security.util.crypto.BcryptSecureHasher - Converted (B64) 97z5950R9cvzOF5rXiufQA to (R64) 75x373yP7atxMD3pVgsdO.
]]></system-err>
  </testcase>
  <testcase name="testShouldBeDifferentWithRandomSalt" classname="org.apache.nifi.security.util.crypto.BcryptSecureHasherTest" time="0.023">
    <system-err><![CDATA[[main] INFO org.apache.nifi.security.util.crypto.BcryptSecureHasher - Generating Bcrypt hash for cost factor: 4, salt length: 16
[main] WARN org.apache.nifi.security.util.crypto.BcryptSecureHasher - The provided cost factor 4 is below the recommended minimum 12.
[main] INFO org.apache.nifi.security.util.crypto.BcryptSecureHasher - Generated hash: [50, 52, 51, 50, 54, 49, 50, 52, 51, 48, 51, 52, 50, 52, 51, 55, 52, 102, 53, 97, 54, 51, 52, 54, 54, 53, 54, 55, 51, 56, 54, 99, 55, 97, 51, 57, 51, 57, 52, 56, 52, 98, 52, 55, 53, 49, 52, 49, 54, 49, 51, 52, 51, 53, 51, 53, 55, 53, 55, 52, 55, 52, 54, 98, 54, 54, 54, 56, 52, 55, 52, 49, 55, 57, 52, 101, 54, 50, 50, 102, 55, 48, 55, 53, 53, 48, 53, 55, 54, 56, 54, 50, 54, 55, 51, 57, 54, 50, 55, 49, 55, 57, 52, 97, 54, 99, 50, 102, 52, 55, 54, 49, 52, 98, 51, 55, 53, 55, 55, 49]
[main] INFO org.apache.nifi.security.util.crypto.BcryptSecureHasher - Generated hash: [50, 52, 51, 50, 54, 49, 50, 52, 51, 48, 51, 52, 50, 52, 51, 56, 52, 97, 55, 57, 51, 52, 54, 56, 54, 55, 55, 56, 54, 102, 51, 48, 55, 55, 55, 57, 51, 55, 51, 57, 52, 54, 52, 57, 52, 101, 51, 49, 50, 102, 54, 57, 52, 56, 55, 56, 52, 102, 54, 54, 53, 57, 54, 57, 55, 51, 52, 97, 54, 102, 55, 97, 54, 55, 51, 54, 52, 100, 52, 101, 51, 54, 54, 98, 54, 57, 54, 49, 55, 50, 51, 56, 53, 53, 54, 52, 55, 97, 54, 50, 51, 48, 54, 57, 51, 49, 55, 52, 55, 51, 52, 54, 53, 55, 54, 57, 50, 102, 54, 53]
[main] INFO org.apache.nifi.security.util.crypto.BcryptSecureHasher - Generated hash: [50, 52, 51, 50, 54, 49, 50, 52, 51, 48, 51, 52, 50, 52, 52, 57, 50, 101, 54, 98, 55, 53, 50, 101, 52, 53, 54, 102, 54, 56, 54, 54, 52, 49, 55, 52, 50, 102, 52, 102, 51, 48, 52, 97, 51, 56, 51, 51, 55, 53, 54, 101, 54, 49, 51, 48, 52, 102, 52, 54, 52, 50, 55, 55, 55, 56, 50, 101, 51, 53, 54, 100, 51, 53, 52, 51, 53, 52, 52, 50, 53, 97, 53, 55, 51, 51, 54, 97, 52, 97, 54, 56, 54, 50, 54, 100, 52, 54, 51, 53, 53, 56, 55, 97, 54, 102, 53, 97, 52, 102, 55, 50, 51, 57, 51, 48, 55, 56, 53, 55]
[main] INFO org.apache.nifi.security.util.crypto.BcryptSecureHasher - Generated hash: [50, 52, 51, 50, 54, 49, 50, 52, 51, 48, 51, 52, 50, 52, 52, 97, 53, 53, 53, 48, 54, 98, 52, 56, 54, 50, 55, 53, 52, 52, 53, 49, 51, 53, 52, 49, 51, 50, 55, 48, 52, 52, 54, 54, 52, 57, 53, 52, 51, 50, 55, 55, 54, 102, 51, 50, 52, 102, 52, 55, 52, 98, 53, 51, 51, 51, 51, 51, 52, 56, 52, 101, 55, 48, 55, 51, 54, 51, 50, 101, 55, 57, 55, 53, 52, 50, 53, 50, 54, 50, 51, 53, 52, 99, 51, 49, 51, 50, 52, 97, 51, 55, 55, 56, 52, 54, 53, 48, 51, 57, 52, 100, 54, 54, 52, 55, 51, 49, 52, 98]
[main] INFO org.apache.nifi.security.util.crypto.BcryptSecureHasher - Generated hash: [50, 52, 51, 50, 54, 49, 50, 52, 51, 48, 51, 52, 50, 52, 53, 97, 52, 49, 55, 51, 55, 55, 52, 102, 53, 52, 52, 57, 55, 50, 51, 53, 52, 97, 51, 54, 52, 101, 52, 101, 53, 48, 50, 101, 54, 52, 55, 49, 53, 52, 55, 55, 51, 57, 55, 53, 54, 53, 50, 102, 55, 57, 51, 51, 55, 55, 52, 56, 54, 98, 51, 56, 54, 54, 53, 48, 54, 52, 55, 54, 53, 57, 54, 99, 54, 57, 53, 97, 54, 54, 54, 54, 54, 98, 50, 102, 55, 51, 53, 51, 51, 52, 51, 53, 51, 50, 54, 52, 54, 50, 52, 50, 53, 56, 50, 101, 53, 50, 55, 49]
[main] INFO org.apache.nifi.security.util.crypto.BcryptSecureHasher - Generated hash: [50, 52, 51, 50, 54, 49, 50, 52, 51, 48, 51, 52, 50, 52, 54, 54, 52, 53, 54, 53, 53, 52, 54, 55, 54, 102, 54, 50, 54, 51, 53, 49, 55, 57, 55, 97, 52, 54, 51, 56, 52, 57, 54, 101, 51, 49, 51, 55, 53, 51, 50, 102, 52, 50, 55, 48, 55, 53, 53, 49, 52, 49, 53, 97, 50, 101, 55, 97, 52, 97, 51, 52, 54, 50, 55, 52, 55, 52, 53, 57, 51, 51, 51, 53, 52, 97, 52, 53, 54, 100, 51, 51, 55, 49, 55, 48, 54, 102, 52, 53, 54, 102, 52, 56, 55, 53, 52, 55, 52, 54, 52, 52, 55, 50, 51, 57, 55, 49, 52, 55]
[main] INFO org.apache.nifi.security.util.crypto.BcryptSecureHasher - Generated hash: [50, 52, 51, 50, 54, 49, 50, 52, 51, 48, 51, 52, 50, 52, 53, 51, 55, 51, 54, 102, 52, 55, 52, 51, 51, 50, 52, 49, 52, 99, 51, 49, 52, 50, 51, 51, 52, 101, 54, 54, 54, 57, 51, 55, 53, 52, 51, 57, 54, 53, 54, 50, 51, 50, 54, 99, 54, 53, 55, 49, 54, 102, 51, 51, 55, 52, 55, 55, 51, 56, 51, 48, 52, 51, 51, 55, 52, 52, 53, 50, 55, 53, 51, 57, 51, 52, 52, 100, 52, 53, 51, 48, 55, 54, 54, 56, 54, 102, 54, 53, 51, 48, 53, 55, 51, 57, 52, 57, 52, 54, 53, 49, 54, 102, 55, 51, 53, 51, 53, 51]
[main] INFO org.apache.nifi.security.util.crypto.BcryptSecureHasher - Generated hash: [50, 52, 51, 50, 54, 49, 50, 52, 51, 48, 51, 52, 50, 52, 53, 50, 52, 51, 55, 97, 54, 97, 51, 54, 54, 51, 53, 55, 53, 50, 55, 56, 54, 51, 52, 99, 51, 53, 54, 102, 55, 57, 55, 52, 52, 55, 52, 49, 53, 54, 52, 53, 54, 57, 51, 54, 50, 101, 54, 50, 55, 48, 55, 51, 54, 51, 51, 56, 51, 49, 52, 54, 54, 55, 52, 49, 54, 50, 55, 97, 54, 53, 55, 56, 51, 48, 54, 97, 53, 48, 51, 52, 52, 50, 51, 52, 52, 54, 51, 56, 53, 57, 51, 56, 51, 48, 54, 54, 53, 51, 54, 52, 55, 97, 54, 52, 51, 50, 53, 51]
[main] INFO org.apache.nifi.security.util.crypto.BcryptSecureHasher - Generated hash: [50, 52, 51, 50, 54, 49, 50, 52, 51, 48, 51, 52, 50, 52, 55, 49, 52, 100, 55, 52, 51, 51, 53, 55, 54, 97, 52, 98, 53, 54, 51, 51, 54, 56, 50, 102, 50, 101, 50, 102, 55, 57, 53, 52, 52, 99, 51, 51, 54, 101, 55, 57, 54, 98, 53, 53, 54, 53, 54, 101, 55, 51, 55, 97, 54, 50, 51, 52, 53, 48, 54, 102, 51, 51, 51, 56, 54, 100, 53, 51, 52, 102, 54, 50, 55, 52, 53, 55, 52, 53, 51, 48, 50, 101, 55, 54, 55, 49, 52, 49, 55, 55, 54, 50, 52, 101, 51, 57, 53, 97, 51, 52, 55, 57, 52, 49, 55, 48, 54, 49]
[main] INFO org.apache.nifi.security.util.crypto.BcryptSecureHasher - Generated hash: [50, 52, 51, 50, 54, 49, 50, 52, 51, 48, 51, 52, 50, 52, 54, 102, 52, 57, 55, 50, 50, 102, 55, 53, 54, 98, 55, 53, 55, 55, 51, 49, 54, 101, 54, 54, 53, 51, 55, 57, 53, 57, 52, 56, 52, 53, 53, 48, 52, 53, 55, 54, 53, 56, 51, 55, 50, 101, 53, 56, 53, 57, 51, 52, 52, 97, 55, 53, 51, 48, 51, 52, 53, 49, 55, 50, 51, 51, 52, 54, 54, 99, 55, 97, 51, 52, 55, 56, 51, 56, 54, 52, 53, 57, 54, 49, 55, 51, 51, 54, 51, 56, 55, 51, 52, 53, 51, 54, 52, 55, 53, 54, 52, 50, 52, 55, 52, 50, 53, 55]
]]></system-err>
  </testcase>
  <testcase name="testShouldFormatHex" classname="org.apache.nifi.security.util.crypto.BcryptSecureHasherTest" time="0.295">
    <system-err><![CDATA[[main] INFO org.apache.nifi.security.util.crypto.BcryptSecureHasher - Generated hash: 24326124313224526b6a4559512f526245447959554b6553304471622e5852696135344d4e356c5a44515243575874516c4c696d476669635a776871
]]></system-err>
  </testcase>
  <testcase name="testShouldConvertRadix64ToBase64" classname="org.apache.nifi.security.util.crypto.BcryptSecureHasherTest" time="0">
    <system-err><![CDATA[[main] INFO org.apache.nifi.security.util.crypto.BcryptSecureHasher - Plain bytes: [97, 50, 56, 102, 52, 101, 57, 48, 99, 57, 55, 49, 54, 53, 55, 54, 56, 52, 99, 50, 53, 53, 100, 54, 57, 99, 99, 52, 99, 99, 57, 51]
[main] INFO org.apache.nifi.security.util.crypto.BcryptSecureHasher - Converted (R64) mm7MiKjvXVYCujVUlKRKiu to (B64) oo9OkMlxZXaEwlXWnMTMkw
[main] INFO org.apache.nifi.security.util.crypto.BcryptSecureHasher - Converted (B64) oo9OkMlxZXaEwlXWnMTMkw to (R64) mm7MiKjvXVYCujVUlKRKiu
]]></system-err>
  </testcase>
  <testcase name="testShouldFailSaltLengthBoundary" classname="org.apache.nifi.security.util.crypto.BcryptSecureHasherTest" time="0.002">
    <system-err><![CDATA[[main] WARN org.apache.nifi.security.util.crypto.AbstractSecureHasher - The provided dynamic salt length -8 is below the recommended minimum 16
[main] WARN org.apache.nifi.security.util.crypto.AbstractSecureHasher - The provided dynamic salt length 1 is below the recommended minimum 16
[main] INFO org.apache.nifi.security.util.crypto.BcryptSecureHasher - For Salt Length value -8, saltLength is invalid
[main] INFO org.apache.nifi.security.util.crypto.BcryptSecureHasher - For Salt Length value 1, saltLength is invalid
]]></system-err>
  </testcase>
  <testcase name="testShouldHandleNullInput" classname="org.apache.nifi.security.util.crypto.BcryptSecureHasherTest" time="0.002">
    <system-err><![CDATA[[main] WARN org.apache.nifi.security.util.crypto.AbstractSecureHasher - Attempting to generate a hash using Bcrypt of null or empty input; returning 0 length string
[main] INFO org.apache.nifi.security.util.crypto.BcryptSecureHasher - Generated hex-encoded hash: 
[main] WARN org.apache.nifi.security.util.crypto.AbstractSecureHasher - Attempting to generate a hash using Bcrypt of null or empty input; returning 0 length string
[main] INFO org.apache.nifi.security.util.crypto.BcryptSecureHasher - Generated B64-encoded hash: 
[main] WARN org.apache.nifi.security.util.crypto.AbstractSecureHasher - Attempting to generate a hash using Bcrypt of null or empty input; returning 0 length string
[main] INFO org.apache.nifi.security.util.crypto.BcryptSecureHasher - Generated hex-encoded hash: 
[main] WARN org.apache.nifi.security.util.crypto.AbstractSecureHasher - Attempting to generate a hash using Bcrypt of null or empty input; returning 0 length string
[main] INFO org.apache.nifi.security.util.crypto.BcryptSecureHasher - Generated B64-encoded hash: 
]]></system-err>
  </testcase>
  <testcase name="testShouldVerifyCostBoundary" classname="org.apache.nifi.security.util.crypto.BcryptSecureHasherTest" time="0.001"/>
  <testcase name="testShouldFormatBase64" classname="org.apache.nifi.security.util.crypto.BcryptSecureHasherTest" time="0.302">
    <system-err><![CDATA[[main] INFO org.apache.nifi.security.util.crypto.BcryptSecureHasher - Generated hash: JDJhJDEyJFJrakVZUS9SYkVEeVlVS2VTMERxYi5YUmlhNTRNTjVsWkRRUkNXWHRRbExpbUdmaWNad2hx
]]></system-err>
  </testcase>
  <testcase name="testShouldFailCostBoundary" classname="org.apache.nifi.security.util.crypto.BcryptSecureHasherTest" time="0.002">
    <system-err><![CDATA[[main] WARN org.apache.nifi.security.util.crypto.BcryptSecureHasher - The provided cost factor -8 is below the recommended minimum 12.
[main] WARN org.apache.nifi.security.util.crypto.BcryptSecureHasher - The provided cost factor 0 is below the recommended minimum 12.
[main] INFO org.apache.nifi.security.util.crypto.BcryptSecureHasher - For cost factor -8, cost is invalid
[main] INFO org.apache.nifi.security.util.crypto.BcryptSecureHasher - For cost factor 0, cost is invalid
[main] INFO org.apache.nifi.security.util.crypto.BcryptSecureHasher - For cost factor 40, cost is invalid
]]></system-err>
  </testcase>
  <testcase name="testShouldBeDeterministicWithStaticSalt" classname="org.apache.nifi.security.util.crypto.BcryptSecureHasherTest" time="0.015">
    <system-err><![CDATA[[main] INFO org.apache.nifi.security.util.crypto.BcryptSecureHasher - Generating Bcrypt hash for cost factor: 4
[main] WARN org.apache.nifi.security.util.crypto.BcryptSecureHasher - The provided cost factor 4 is below the recommended minimum 12.
[main] INFO org.apache.nifi.security.util.crypto.BcryptSecureHasher - Generated hash: 24326124303424526b6a4559512f526245447959554b6553304471622e596b4c5331655a2e6c61586550484c69464d783937564c566d47354250454f
[main] INFO org.apache.nifi.security.util.crypto.BcryptSecureHasher - Generated hash: 24326124303424526b6a4559512f526245447959554b6553304471622e596b4c5331655a2e6c61586550484c69464d783937564c566d47354250454f
[main] INFO org.apache.nifi.security.util.crypto.BcryptSecureHasher - Generated hash: 24326124303424526b6a4559512f526245447959554b6553304471622e596b4c5331655a2e6c61586550484c69464d783937564c566d47354250454f
[main] INFO org.apache.nifi.security.util.crypto.BcryptSecureHasher - Generated hash: 24326124303424526b6a4559512f526245447959554b6553304471622e596b4c5331655a2e6c61586550484c69464d783937564c566d47354250454f
[main] INFO org.apache.nifi.security.util.crypto.BcryptSecureHasher - Generated hash: 24326124303424526b6a4559512f526245447959554b6553304471622e596b4c5331655a2e6c61586550484c69464d783937564c566d47354250454f
[main] INFO org.apache.nifi.security.util.crypto.BcryptSecureHasher - Generated hash: 24326124303424526b6a4559512f526245447959554b6553304471622e596b4c5331655a2e6c61586550484c69464d783937564c566d47354250454f
[main] INFO org.apache.nifi.security.util.crypto.BcryptSecureHasher - Generated hash: 24326124303424526b6a4559512f526245447959554b6553304471622e596b4c5331655a2e6c61586550484c69464d783937564c566d47354250454f
[main] INFO org.apache.nifi.security.util.crypto.BcryptSecureHasher - Generated hash: 24326124303424526b6a4559512f526245447959554b6553304471622e596b4c5331655a2e6c61586550484c69464d783937564c566d47354250454f
[main] INFO org.apache.nifi.security.util.crypto.BcryptSecureHasher - Generated hash: 24326124303424526b6a4559512f526245447959554b6553304471622e596b4c5331655a2e6c61586550484c69464d783937564c566d47354250454f
[main] INFO org.apache.nifi.security.util.crypto.BcryptSecureHasher - Generated hash: 24326124303424526b6a4559512f526245447959554b6553304471622e596b4c5331655a2e6c61586550484c69464d783937564c566d47354250454f
]]></system-err>
  </testcase>
</testsuite>