<?xml version="1.0" encoding="UTF-8"?>
<testsuite xmlns:xsi="http://www.w3.org/2001/XMLSchema-instance" xsi:noNamespaceSchemaLocation="https://maven.apache.org/surefire/maven-surefire-plugin/xsd/surefire-test-report-3.0.xsd" version="3.0" name="org.apache.nifi.processors.standard.TestRouteText" time="1.283" tests="33" errors="0" skipped="0" failures="0">
  <properties>
    <property name="sun.desktop" value="gnome"/>
    <property name="awt.toolkit" value="sun.awt.X11.XToolkit"/>
    <property name="file.encoding.pkg" value="sun.io"/>
    <property name="java.specification.version" value="1.8"/>
    <property name="sun.cpu.isalist" value=""/>
    <property name="sun.jnu.encoding" value="UTF-8"/>
    <property name="java.class.path" value="/home/alex/Repositories/nifi/nifi-nar-bundles/nifi-standard-bundle/nifi-standard-processors/target/test-classes:/home/alex/Repositories/nifi/nifi-nar-bundles/nifi-standard-bundle/nifi-standard-processors/target/classes:/home/alex/.m2/repository/org/apache/ftpserver/ftpserver-core/1.1.1/ftpserver-core-1.1.1.jar:/home/alex/.m2/repository/org/apache/ftpserver/ftplet-api/1.1.1/ftplet-api-1.1.1.jar:/home/alex/.m2/repository/org/slf4j/slf4j-api/1.7.32/slf4j-api-1.7.32.jar:/home/alex/.m2/repository/org/apache/mina/mina-core/2.0.16/mina-core-2.0.16.jar:/home/alex/Repositories/nifi/nifi-api/target/classes:/home/alex/Repositories/nifi/nifi-commons/nifi-expression-language/target/classes:/home/alex/.m2/repository/org/antlr/antlr-runtime/3.5.2/antlr-runtime-3.5.2.jar:/home/alex/Repositories/nifi/nifi-commons/nifi-parameter/target/classes:/home/alex/Repositories/nifi/nifi-commons/nifi-uuid5/target/classes:/home/alex/.m2/repository/org/apache/commons/commons-text/1.8/commons-text-1.8.jar:/home/alex/Repositories/nifi/nifi-nar-bundles/nifi-extension-utils/nifi-processor-utils/target/classes:/home/alex/Repositories/nifi/nifi-commons/nifi-security-socket-ssl/target/classes:/home/alex/Repositories/nifi/nifi-nar-bundles/nifi-extension-utils/nifi-event-transport/target/classes:/home/alex/.m2/repository/io/netty/netty-handler/4.1.69.Final/netty-handler-4.1.69.Final.jar:/home/alex/.m2/repository/io/netty/netty-common/4.1.69.Final/netty-common-4.1.69.Final.jar:/home/alex/.m2/repository/io/netty/netty-resolver/4.1.69.Final/netty-resolver-4.1.69.Final.jar:/home/alex/.m2/repository/io/netty/netty-transport/4.1.69.Final/netty-transport-4.1.69.Final.jar:/home/alex/.m2/repository/io/netty/netty-codec/4.1.69.Final/netty-codec-4.1.69.Final.jar:/home/alex/Repositories/nifi/nifi-nar-bundles/nifi-extension-utils/nifi-syslog-utils/target/classes:/home/alex/.m2/repository/com/github/palindromicity/simple-syslog-5424/0.0.16/simple-syslog-5424-0.0.16.jar:/home/alex/.m2/repository/org/antlr/antlr4-runtime/4.7.2/antlr4-runtime-4.7.2.jar:/home/alex/Repositories/nifi/nifi-commons/nifi-utils/target/classes:/home/alex/Repositories/nifi/nifi-commons/nifi-record-path/target/classes:/home/alex/Repositories/nifi/nifi-commons/nifi-properties/target/classes:/home/alex/Repositories/nifi/nifi-commons/nifi-property-utils/target/classes:/home/alex/.m2/repository/com/github/ben-manes/caffeine/caffeine/2.8.1/caffeine-2.8.1.jar:/home/alex/Repositories/nifi/nifi-nar-bundles/nifi-standard-services/nifi-ssl-context-service-api/target/classes:/home/alex/Repositories/nifi/nifi-commons/nifi-security-utils-api/target/classes:/home/alex/Repositories/nifi/nifi-nar-bundles/nifi-standard-services/nifi-lookup-service-api/target/classes:/home/alex/Repositories/nifi/nifi-commons/nifi-flowfile-packager/target/classes:/home/alex/Repositories/nifi/nifi-nar-bundles/nifi-standard-services/nifi-distributed-cache-client-service-api/target/classes:/home/alex/Repositories/nifi/nifi-nar-bundles/nifi-standard-services/nifi-http-context-map-api/target/classes:/home/alex/Repositories/nifi/nifi-nar-bundles/nifi-standard-services/nifi-record-serialization-service-api/target/classes:/home/alex/Repositories/nifi/nifi-nar-bundles/nifi-standard-services/nifi-proxy-configuration-api/target/classes:/home/alex/Repositories/nifi/nifi-commons/nifi-record/target/classes:/home/alex/Repositories/nifi/nifi-nar-bundles/nifi-standard-services/nifi-record-sink-api/target/classes:/home/alex/.m2/repository/commons-io/commons-io/2.10.0/commons-io-2.10.0.jar:/home/alex/.m2/repository/javax/ws/rs/javax.ws.rs-api/2.1/javax.ws.rs-api-2.1.jar:/home/alex/.m2/repository/commons-net/commons-net/3.6/commons-net-3.6.jar:/home/alex/.m2/repository/org/apache/commons/commons-compress/1.21/commons-compress-1.21.jar:/home/alex/.m2/repository/org/apache/commons/commons-lang3/3.9/commons-lang3-3.9.jar:/home/alex/.m2/repository/org/bouncycastle/bcprov-jdk15on/1.69/bcprov-jdk15on-1.69.jar:/home/alex/.m2/repository/org/bouncycastle/bcpg-jdk15on/1.69/bcpg-jdk15on-1.69.jar:/home/alex/.m2/repository/org/bouncycastle/bcpkix-jdk15on/1.69/bcpkix-jdk15on-1.69.jar:/home/alex/.m2/repository/org/bouncycastle/bcutil-jdk15on/1.69/bcutil-jdk15on-1.69.jar:/home/alex/.m2/repository/commons-codec/commons-codec/1.14/commons-codec-1.14.jar:/home/alex/Repositories/nifi/nifi-commons/nifi-security-utils/target/classes:/home/alex/Repositories/nifi/nifi-commons/nifi-security-kms/target/classes:/home/alex/.m2/repository/org/apache/commons/commons-configuration2/2.7/commons-configuration2-2.7.jar:/home/alex/.m2/repository/com/hierynomus/sshj/0.32.0/sshj-0.32.0.jar:/home/alex/.m2/repository/com/jcraft/jzlib/1.1.3/jzlib-1.1.3.jar:/home/alex/.m2/repository/com/hierynomus/asn-one/0.6.0/asn-one-0.6.0.jar:/home/alex/.m2/repository/net/i2p/crypto/eddsa/0.3.0/eddsa-0.3.0.jar:/home/alex/.m2/repository/org/eclipse/jetty/jetty-server/9.4.44.v20210927/jetty-server-9.4.44.v20210927.jar:/home/alex/.m2/repository/javax/servlet/javax.servlet-api/3.1.0/javax.servlet-api-3.1.0.jar:/home/alex/.m2/repository/org/eclipse/jetty/jetty-http/9.4.44.v20210927/jetty-http-9.4.44.v20210927.jar:/home/alex/.m2/repository/org/eclipse/jetty/jetty-util/9.4.44.v20210927/jetty-util-9.4.44.v20210927.jar:/home/alex/.m2/repository/org/eclipse/jetty/jetty-io/9.4.44.v20210927/jetty-io-9.4.44.v20210927.jar:/home/alex/.m2/repository/org/eclipse/jetty/jetty-servlet/9.4.44.v20210927/jetty-servlet-9.4.44.v20210927.jar:/home/alex/.m2/repository/org/eclipse/jetty/jetty-security/9.4.44.v20210927/jetty-security-9.4.44.v20210927.jar:/home/alex/.m2/repository/org/eclipse/jetty/jetty-util-ajax/9.4.44.v20210927/jetty-util-ajax-9.4.44.v20210927.jar:/home/alex/.m2/repository/org/apache/httpcomponents/httpclient/4.5.5/httpclient-4.5.5.jar:/home/alex/.m2/repository/commons-logging/commons-logging/1.2/commons-logging-1.2.jar:/home/alex/.m2/repository/org/apache/httpcomponents/httpcore/4.4.9/httpcore-4.4.9.jar:/home/alex/.m2/repository/jakarta/activation/jakarta.activation-api/2.0.1/jakarta.activation-api-2.0.1.jar:/home/alex/.m2/repository/com/sun/activation/jakarta.activation/2.0.1/jakarta.activation-2.0.1.jar:/home/alex/.m2/repository/jakarta/mail/jakarta.mail-api/2.0.1/jakarta.mail-api-2.0.1.jar:/home/alex/.m2/repository/com/sun/mail/jakarta.mail/2.0.1/jakarta.mail-2.0.1.jar:/home/alex/.m2/repository/com/github/jponge/lzma-java/1.3/lzma-java-1.3.jar:/home/alex/.m2/repository/org/tukaani/xz/1.8/xz-1.8.jar:/home/alex/.m2/repository/net/sf/saxon/Saxon-HE/10.6/Saxon-HE-10.6.jar:/home/alex/Repositories/nifi/nifi-commons/nifi-socket-utils/target/classes:/home/alex/Repositories/nifi/nifi-commons/nifi-logging-utils/target/classes:/home/alex/Repositories/nifi/nifi-nar-bundles/nifi-standard-services/nifi-load-distribution-service-api/target/classes:/home/alex/.m2/repository/javax/jms/javax.jms-api/2.0.1/javax.jms-api-2.0.1.jar:/home/alex/.m2/repository/org/apache/activemq/activemq-client/5.15.15/activemq-client-5.15.15.jar:/home/alex/.m2/repository/org/apache/geronimo/specs/geronimo-jms_1.1_spec/1.1.1/geronimo-jms_1.1_spec-1.1.1.jar:/home/alex/.m2/repository/org/fusesource/hawtbuf/hawtbuf/1.11/hawtbuf-1.11.jar:/home/alex/.m2/repository/org/apache/geronimo/specs/geronimo-j2ee-management_1.1_spec/1.0.1/geronimo-j2ee-management_1.1_spec-1.0.1.jar:/home/alex/.m2/repository/com/jayway/jsonpath/json-path/2.6.0/json-path-2.6.0.jar:/home/alex/.m2/repository/net/minidev/json-smart/2.4.7/json-smart-2.4.7.jar:/home/alex/.m2/repository/net/minidev/accessors-smart/2.4.7/accessors-smart-2.4.7.jar:/home/alex/.m2/repository/org/ow2/asm/asm/9.1/asm-9.1.jar:/home/alex/.m2/repository/org/apache/tika/tika-core/1.26/tika-core-1.26.jar:/home/alex/.m2/repository/com/fasterxml/jackson/core/jackson-databind/2.12.3/jackson-databind-2.12.3.jar:/home/alex/.m2/repository/com/fasterxml/jackson/core/jackson-annotations/2.12.3/jackson-annotations-2.12.3.jar:/home/alex/.m2/repository/com/fasterxml/jackson/core/jackson-core/2.12.3/jackson-core-2.12.3.jar:/home/alex/Repositories/nifi/nifi-nar-bundles/nifi-extension-utils/nifi-record-utils/nifi-avro-record-utils/target/classes:/home/alex/Repositories/nifi/nifi-nar-bundles/nifi-extension-utils/nifi-record-utils/nifi-standard-record-utils/target/classes:/home/alex/.m2/repository/org/apache/avro/avro/1.8.1/avro-1.8.1.jar:/home/alex/.m2/repository/org/codehaus/jackson/jackson-core-asl/1.9.13/jackson-core-asl-1.9.13.jar:/home/alex/.m2/repository/org/codehaus/jackson/jackson-mapper-asl/1.9.13/jackson-mapper-asl-1.9.13.jar:/home/alex/.m2/repository/com/thoughtworks/paranamer/paranamer/2.7/paranamer-2.7.jar:/home/alex/Repositories/nifi/nifi-nar-bundles/nifi-standard-services/nifi-dbcp-service-api/target/classes:/home/alex/.m2/repository/com/squareup/okhttp3/okhttp/4.9.2/okhttp-4.9.2.jar:/home/alex/.m2/repository/com/squareup/okio/okio/2.8.0/okio-2.8.0.jar:/home/alex/.m2/repository/org/jetbrains/kotlin/kotlin-stdlib-common/1.4.0/kotlin-stdlib-common-1.4.0.jar:/home/alex/.m2/repository/org/jetbrains/kotlin/kotlin-stdlib/1.4.10/kotlin-stdlib-1.4.10.jar:/home/alex/.m2/repository/org/jetbrains/annotations/13.0/annotations-13.0.jar:/home/alex/.m2/repository/io/github/rburgst/okhttp-digest/2.5/okhttp-digest-2.5.jar:/home/alex/.m2/repository/at/favre/lib/bcrypt/0.9.0/bcrypt-0.9.0.jar:/home/alex/.m2/repository/at/favre/lib/bytes/1.3.0/bytes-1.3.0.jar:/home/alex/.m2/repository/com/google/guava/guava/28.0-jre/guava-28.0-jre.jar:/home/alex/.m2/repository/com/google/guava/failureaccess/1.0.1/failureaccess-1.0.1.jar:/home/alex/.m2/repository/com/google/guava/listenablefuture/9999.0-empty-to-avoid-conflict-with-guava/listenablefuture-9999.0-empty-to-avoid-conflict-with-guava.jar:/home/alex/.m2/repository/com/google/code/findbugs/jsr305/3.0.2/jsr305-3.0.2.jar:/home/alex/.m2/repository/org/checkerframework/checker-qual/2.8.1/checker-qual-2.8.1.jar:/home/alex/.m2/repository/com/google/errorprone/error_prone_annotations/2.3.2/error_prone_annotations-2.3.2.jar:/home/alex/.m2/repository/com/google/j2objc/j2objc-annotations/1.3/j2objc-annotations-1.3.jar:/home/alex/.m2/repository/org/codehaus/mojo/animal-sniffer-annotations/1.17/animal-sniffer-annotations-1.17.jar:/home/alex/Repositories/nifi/nifi-mock/target/classes:/home/alex/Repositories/nifi/nifi-framework-api/target/classes:/home/alex/Repositories/nifi/nifi-nar-bundles/nifi-framework-bundle/nifi-framework/nifi-framework-core-api/target/classes:/home/alex/Repositories/nifi/nifi-nar-bundles/nifi-framework-bundle/nifi-framework/nifi-framework-nar-utils/target/classes:/home/alex/Repositories/nifi/nifi-nar-bundles/nifi-framework-bundle/nifi-framework/nifi-client-dto/target/classes:/home/alex/.m2/repository/io/swagger/swagger-annotations/1.6.0/swagger-annotations-1.6.0.jar:/home/alex/Repositories/nifi/nifi-commons/nifi-site-to-site-client/target/classes:/home/alex/.m2/repository/org/apache/httpcomponents/httpasyncclient/4.1.4/httpasyncclient-4.1.4.jar:/home/alex/.m2/repository/org/apache/httpcomponents/httpcore-nio/4.4.10/httpcore-nio-4.4.10.jar:/home/alex/Repositories/nifi/nifi-nar-bundles/nifi-framework-bundle/nifi-framework/nifi-framework-authorization/target/classes:/home/alex/Repositories/nifi/nifi-registry/nifi-registry-core/nifi-registry-data-model/target/classes:/home/alex/Repositories/nifi/nifi-registry/nifi-registry-core/nifi-registry-revision/nifi-registry-revision-entity-model/target/classes:/home/alex/Repositories/nifi/nifi-registry/nifi-registry-core/nifi-registry-client/target/classes:/home/alex/Repositories/nifi/nifi-registry/nifi-registry-core/nifi-registry-security-utils/target/classes:/home/alex/.m2/repository/org/glassfish/jersey/core/jersey-client/2.33/jersey-client-2.33.jar:/home/alex/.m2/repository/jakarta/ws/rs/jakarta.ws.rs-api/2.1.6/jakarta.ws.rs-api-2.1.6.jar:/home/alex/.m2/repository/org/glassfish/hk2/external/jakarta.inject/2.6.1/jakarta.inject-2.6.1.jar:/home/alex/.m2/repository/org/glassfish/jersey/media/jersey-media-json-jackson/2.33/jersey-media-json-jackson-2.33.jar:/home/alex/.m2/repository/org/glassfish/jersey/ext/jersey-entity-filtering/2.33/jersey-entity-filtering-2.33.jar:/home/alex/.m2/repository/org/glassfish/jersey/inject/jersey-hk2/2.33/jersey-hk2-2.33.jar:/home/alex/.m2/repository/org/glassfish/hk2/hk2-locator/2.6.1/hk2-locator-2.6.1.jar:/home/alex/.m2/repository/org/glassfish/hk2/external/aopalliance-repackaged/2.6.1/aopalliance-repackaged-2.6.1.jar:/home/alex/.m2/repository/org/glassfish/hk2/hk2-api/2.6.1/hk2-api-2.6.1.jar:/home/alex/.m2/repository/org/glassfish/hk2/hk2-utils/2.6.1/hk2-utils-2.6.1.jar:/home/alex/.m2/repository/org/javassist/javassist/3.25.0-GA/javassist-3.25.0-GA.jar:/home/alex/.m2/repository/org/glassfish/jersey/core/jersey-common/2.33/jersey-common-2.33.jar:/home/alex/.m2/repository/jakarta/annotation/jakarta.annotation-api/1.3.5/jakarta.annotation-api-1.3.5.jar:/home/alex/.m2/repository/org/glassfish/hk2/osgi-resource-locator/1.0.3/osgi-resource-locator-1.0.3.jar:/home/alex/.m2/repository/org/glassfish/jersey/media/jersey-media-multipart/2.33/jersey-media-multipart-2.33.jar:/home/alex/.m2/repository/org/jvnet/mimepull/mimepull/1.9.13/mimepull-1.9.13.jar:/home/alex/Repositories/nifi/nifi-commons/nifi-data-provenance-utils/target/classes:/home/alex/Repositories/nifi/nifi-nar-bundles/nifi-standard-services/nifi-distributed-cache-services-bundle/nifi-distributed-cache-client-service/target/classes:/home/alex/Repositories/nifi/nifi-nar-bundles/nifi-standard-services/nifi-distributed-cache-services-bundle/nifi-distributed-cache-protocol/target/classes:/home/alex/.m2/repository/io/netty/netty-buffer/4.1.69.Final/netty-buffer-4.1.69.Final.jar:/home/alex/.m2/repository/com/google/http-client/google-http-client/1.28.0/google-http-client-1.28.0.jar:/home/alex/.m2/repository/io/opencensus/opencensus-api/0.18.0/opencensus-api-0.18.0.jar:/home/alex/.m2/repository/io/grpc/grpc-context/1.14.0/grpc-context-1.14.0.jar:/home/alex/.m2/repository/io/opencensus/opencensus-contrib-http-util/0.18.0/opencensus-contrib-http-util-0.18.0.jar:/home/alex/.m2/repository/org/apache/activemq/activemq-broker/5.15.14/activemq-broker-5.15.14.jar:/home/alex/.m2/repository/org/apache/activemq/activemq-openwire-legacy/5.15.14/activemq-openwire-legacy-5.15.14.jar:/home/alex/Repositories/nifi/nifi-nar-bundles/nifi-standard-services/nifi-ssl-context-bundle/nifi-ssl-context-service/target/classes:/home/alex/Repositories/nifi/nifi-nar-bundles/nifi-framework-bundle/nifi-framework/nifi-standard-prioritizers/target/classes:/home/alex/Repositories/nifi/nifi-nar-bundles/nifi-extension-utils/nifi-record-utils/nifi-mock-record-utils/target/classes:/home/alex/Repositories/nifi/nifi-nar-bundles/nifi-standard-services/nifi-record-serialization-services-bundle/nifi-record-serialization-services/target/classes:/home/alex/.m2/repository/org/apache/commons/commons-csv/1.8/commons-csv-1.8.jar:/home/alex/.m2/repository/com/fasterxml/jackson/dataformat/jackson-dataformat-csv/2.12.3/jackson-dataformat-csv-2.12.3.jar:/home/alex/.m2/repository/net/java/dev/stax-utils/stax-utils/20070216/stax-utils-20070216.jar:/home/alex/Repositories/nifi/nifi-nar-bundles/nifi-standard-services/nifi-lookup-services-bundle/nifi-lookup-services/target/classes:/home/alex/.m2/repository/commons-beanutils/commons-beanutils/1.9.4/commons-beanutils-1.9.4.jar:/home/alex/.m2/repository/commons-collections/commons-collections/3.2.2/commons-collections-3.2.2.jar:/home/alex/.m2/repository/com/maxmind/geoip2/geoip2/2.12.0/geoip2-2.12.0.jar:/home/alex/.m2/repository/com/maxmind/db/maxmind-db/1.2.2/maxmind-db-1.2.2.jar:/home/alex/.m2/repository/org/apache/derby/derby/10.14.2.0/derby-10.14.2.0.jar:/home/alex/.m2/repository/org/xerial/snappy/snappy-java/1.1.7.3/snappy-java-1.1.7.3.jar:/home/alex/.m2/repository/net/lingala/zip4j/zip4j/2.8.0/zip4j-2.8.0.jar:/home/alex/.m2/repository/com/h2database/h2/1.4.187/h2-1.4.187.jar:/home/alex/.m2/repository/org/mockftpserver/MockFtpServer/2.7.1/MockFtpServer-2.7.1.jar:/home/alex/.m2/repository/org/apache/sshd/sshd-core/1.7.0/sshd-core-1.7.0.jar:/home/alex/.m2/repository/com/bazaarvoice/jolt/jolt-core/0.1.1/jolt-core-0.1.1.jar:/home/alex/.m2/repository/javax/inject/javax.inject/1/javax.inject-1.jar:/home/alex/.m2/repository/com/bazaarvoice/jolt/json-utils/0.1.1/json-utils-0.1.1.jar:/home/alex/Repositories/nifi/nifi-nar-bundles/nifi-standard-bundle/nifi-standard-utils/target/classes:/home/alex/.m2/repository/net/sf/supercsv/super-csv/2.4.0/super-csv-2.4.0.jar:/home/alex/.m2/repository/com/fluenda/parcefone/2.1.0/parcefone-2.1.0.jar:/home/alex/.m2/repository/javax/validation/validation-api/1.1.0.Final/validation-api-1.1.0.Final.jar:/home/alex/.m2/repository/javax/el/javax.el-api/3.0.0/javax.el-api-3.0.0.jar:/home/alex/.m2/repository/com/github/wnameless/json/json-flattener/0.12.0/json-flattener-0.12.0.jar:/home/alex/.m2/repository/com/github/wnameless/json/json-base/2.0.0/json-base-2.0.0.jar:/home/alex/.m2/repository/org/apache/bval/bval-jsr/1.1.2/bval-jsr-1.1.2.jar:/home/alex/.m2/repository/org/apache/bval/bval-core/1.1.2/bval-core-1.1.2.jar:/home/alex/.m2/repository/io/krakens/java-grok/0.1.9/java-grok-0.1.9.jar:/home/alex/.m2/repository/org/apache/calcite/calcite-core/1.27.0/calcite-core-1.27.0.jar:/home/alex/.m2/repository/org/apache/calcite/calcite-linq4j/1.27.0/calcite-linq4j-1.27.0.jar:/home/alex/.m2/repository/com/esri/geometry/esri-geometry-api/2.2.0/esri-geometry-api-2.2.0.jar:/home/alex/.m2/repository/org/apache/calcite/avatica/avatica-core/1.18.0/avatica-core-1.18.0.jar:/home/alex/.m2/repository/org/apache/calcite/avatica/avatica-metrics/1.18.0/avatica-metrics-1.18.0.jar:/home/alex/.m2/repository/com/google/protobuf/protobuf-java/3.6.1/protobuf-java-3.6.1.jar:/home/alex/.m2/repository/org/apiguardian/apiguardian-api/1.1.0/apiguardian-api-1.1.0.jar:/home/alex/.m2/repository/com/fasterxml/jackson/dataformat/jackson-dataformat-yaml/2.10.0/jackson-dataformat-yaml-2.10.0.jar:/home/alex/.m2/repository/org/yaml/snakeyaml/1.29/snakeyaml-1.29.jar:/home/alex/.m2/repository/com/google/uzaygezen/uzaygezen-core/0.2/uzaygezen-core-0.2.jar:/home/alex/.m2/repository/com/yahoo/datasketches/sketches-core/0.9.0/sketches-core-0.9.0.jar:/home/alex/.m2/repository/com/yahoo/datasketches/memory/0.9.0/memory-0.9.0.jar:/home/alex/.m2/repository/net/hydromatic/aggdesigner-algorithm/6.0/aggdesigner-algorithm-6.0.jar:/home/alex/.m2/repository/commons-lang/commons-lang/2.4/commons-lang-2.4.jar:/home/alex/.m2/repository/org/apache/commons/commons-dbcp2/2.6.0/commons-dbcp2-2.6.0.jar:/home/alex/.m2/repository/org/apache/commons/commons-pool2/2.6.1/commons-pool2-2.6.1.jar:/home/alex/.m2/repository/org/codehaus/janino/commons-compiler/3.0.11/commons-compiler-3.0.11.jar:/home/alex/.m2/repository/org/codehaus/janino/janino/3.0.11/janino-3.0.11.jar:/home/alex/Repositories/nifi/nifi-nar-bundles/nifi-standard-services/nifi-schema-registry-service-api/target/classes:/home/alex/Repositories/nifi/nifi-nar-bundles/nifi-extension-utils/nifi-database-utils/target/classes:/home/alex/Repositories/nifi/nifi-nar-bundles/nifi-standard-bundle/nifi-standard-web-test-utils/target/classes:/home/alex/.m2/repository/com/github/stefanbirkner/fake-sftp-server-rule/2.0.1/fake-sftp-server-rule-2.0.1.jar:/home/alex/.m2/repository/com/github/marschall/memoryfilesystem/2.8.0/memoryfilesystem-2.8.0.jar:/home/alex/.m2/repository/junit/junit/4.13.2/junit-4.13.2.jar:/home/alex/.m2/repository/org/hamcrest/hamcrest-core/1.3/hamcrest-core-1.3.jar:/home/alex/Repositories/nifi/nifi-nar-bundles/nifi-extension-utils/nifi-database-test-utils/target/classes:/home/alex/.m2/repository/org/codehaus/groovy/groovy-json/2.5.14/groovy-json-2.5.14.jar:/home/alex/.m2/repository/org/codehaus/groovy/groovy/2.5.14/groovy-2.5.14.jar:/home/alex/.m2/repository/org/codehaus/groovy/groovy-servlet/2.5.14/groovy-servlet-2.5.14.jar:/home/alex/.m2/repository/org/codehaus/groovy/groovy-templates/2.5.14/groovy-templates-2.5.14.jar:/home/alex/.m2/repository/org/codehaus/groovy/groovy-xml/2.5.14/groovy-xml-2.5.14.jar:/home/alex/.m2/repository/org/hamcrest/hamcrest-all/1.3/hamcrest-all-1.3.jar:/home/alex/.m2/repository/com/squareup/okhttp3/mockwebserver/4.9.2/mockwebserver-4.9.2.jar:/home/alex/.m2/repository/org/jetbrains/kotlin/kotlin-stdlib-jdk8/1.4.10/kotlin-stdlib-jdk8-1.4.10.jar:/home/alex/.m2/repository/org/jetbrains/kotlin/kotlin-stdlib-jdk7/1.4.10/kotlin-stdlib-jdk7-1.4.10.jar:/home/alex/.m2/repository/org/mockito/mockito-inline/3.12.4/mockito-inline-3.12.4.jar:/home/alex/.m2/repository/org/junit/jupiter/junit-jupiter-api/5.7.2/junit-jupiter-api-5.7.2.jar:/home/alex/.m2/repository/org/opentest4j/opentest4j/1.2.0/opentest4j-1.2.0.jar:/home/alex/.m2/repository/org/junit/platform/junit-platform-commons/1.7.2/junit-platform-commons-1.7.2.jar:/home/alex/.m2/repository/org/junit/jupiter/junit-jupiter-engine/5.7.2/junit-jupiter-engine-5.7.2.jar:/home/alex/.m2/repository/org/junit/platform/junit-platform-engine/1.7.2/junit-platform-engine-1.7.2.jar:/home/alex/.m2/repository/org/junit/vintage/junit-vintage-engine/5.7.2/junit-vintage-engine-5.7.2.jar:/home/alex/.m2/repository/org/junit/jupiter/junit-jupiter-params/5.7.2/junit-jupiter-params-5.7.2.jar:/home/alex/.m2/repository/org/mockito/mockito-core/3.11.2/mockito-core-3.11.2.jar:/home/alex/.m2/repository/net/bytebuddy/byte-buddy/1.11.3/byte-buddy-1.11.3.jar:/home/alex/.m2/repository/net/bytebuddy/byte-buddy-agent/1.11.3/byte-buddy-agent-1.11.3.jar:/home/alex/.m2/repository/org/objenesis/objenesis/3.2/objenesis-3.2.jar:/home/alex/.m2/repository/org/mockito/mockito-junit-jupiter/3.11.2/mockito-junit-jupiter-3.11.2.jar:/home/alex/.m2/repository/org/slf4j/slf4j-simple/1.7.32/slf4j-simple-1.7.32.jar:/home/alex/.m2/repository/org/codehaus/groovy/groovy-test/2.5.14/groovy-test-2.5.14.jar:"/>
    <property name="org.slf4j.simpleLogger.log.nifi.processors.standard.TestExecuteSQLRecord" value="debug"/>
    <property name="java.vm.vendor" value="Private Build"/>
    <property name="sun.arch.data.model" value="64"/>
    <property name="java.vendor.url" value="http://java.oracle.com/"/>
    <property name="user.timezone" value="Europe/Lisbon"/>
    <property name="java.vm.specification.version" value="1.8"/>
    <property name="os.name" value="Linux"/>
    <property name="user.country" value="US"/>
    <property name="sun.java.launcher" value="SUN_STANDARD"/>
    <property name="sun.boot.library.path" value="/usr/lib/jvm/java-8-openjdk-amd64/jre/lib/amd64"/>
    <property name="sun.java.command" value="/home/alex/Repositories/nifi/nifi-nar-bundles/nifi-standard-bundle/nifi-standard-processors/target/surefire/surefirebooter4492904506786624144.jar /home/alex/Repositories/nifi/nifi-nar-bundles/nifi-standard-bundle/nifi-standard-processors/target/surefire 2024-05-02T01-50-21_887-jvmRun1 surefire1374191565714248671tmp surefire_691858830825519103005tmp"/>
    <property name="org.slf4j.simpleLogger.log.nifi.io.nio" value="debug"/>
    <property name="surefire.test.class.path" value="/home/alex/Repositories/nifi/nifi-nar-bundles/nifi-standard-bundle/nifi-standard-processors/target/test-classes:/home/alex/Repositories/nifi/nifi-nar-bundles/nifi-standard-bundle/nifi-standard-processors/target/classes:/home/alex/.m2/repository/org/apache/ftpserver/ftpserver-core/1.1.1/ftpserver-core-1.1.1.jar:/home/alex/.m2/repository/org/apache/ftpserver/ftplet-api/1.1.1/ftplet-api-1.1.1.jar:/home/alex/.m2/repository/org/slf4j/slf4j-api/1.7.32/slf4j-api-1.7.32.jar:/home/alex/.m2/repository/org/apache/mina/mina-core/2.0.16/mina-core-2.0.16.jar:/home/alex/Repositories/nifi/nifi-api/target/classes:/home/alex/Repositories/nifi/nifi-commons/nifi-expression-language/target/classes:/home/alex/.m2/repository/org/antlr/antlr-runtime/3.5.2/antlr-runtime-3.5.2.jar:/home/alex/Repositories/nifi/nifi-commons/nifi-parameter/target/classes:/home/alex/Repositories/nifi/nifi-commons/nifi-uuid5/target/classes:/home/alex/.m2/repository/org/apache/commons/commons-text/1.8/commons-text-1.8.jar:/home/alex/Repositories/nifi/nifi-nar-bundles/nifi-extension-utils/nifi-processor-utils/target/classes:/home/alex/Repositories/nifi/nifi-commons/nifi-security-socket-ssl/target/classes:/home/alex/Repositories/nifi/nifi-nar-bundles/nifi-extension-utils/nifi-event-transport/target/classes:/home/alex/.m2/repository/io/netty/netty-handler/4.1.69.Final/netty-handler-4.1.69.Final.jar:/home/alex/.m2/repository/io/netty/netty-common/4.1.69.Final/netty-common-4.1.69.Final.jar:/home/alex/.m2/repository/io/netty/netty-resolver/4.1.69.Final/netty-resolver-4.1.69.Final.jar:/home/alex/.m2/repository/io/netty/netty-transport/4.1.69.Final/netty-transport-4.1.69.Final.jar:/home/alex/.m2/repository/io/netty/netty-codec/4.1.69.Final/netty-codec-4.1.69.Final.jar:/home/alex/Repositories/nifi/nifi-nar-bundles/nifi-extension-utils/nifi-syslog-utils/target/classes:/home/alex/.m2/repository/com/github/palindromicity/simple-syslog-5424/0.0.16/simple-syslog-5424-0.0.16.jar:/home/alex/.m2/repository/org/antlr/antlr4-runtime/4.7.2/antlr4-runtime-4.7.2.jar:/home/alex/Repositories/nifi/nifi-commons/nifi-utils/target/classes:/home/alex/Repositories/nifi/nifi-commons/nifi-record-path/target/classes:/home/alex/Repositories/nifi/nifi-commons/nifi-properties/target/classes:/home/alex/Repositories/nifi/nifi-commons/nifi-property-utils/target/classes:/home/alex/.m2/repository/com/github/ben-manes/caffeine/caffeine/2.8.1/caffeine-2.8.1.jar:/home/alex/Repositories/nifi/nifi-nar-bundles/nifi-standard-services/nifi-ssl-context-service-api/target/classes:/home/alex/Repositories/nifi/nifi-commons/nifi-security-utils-api/target/classes:/home/alex/Repositories/nifi/nifi-nar-bundles/nifi-standard-services/nifi-lookup-service-api/target/classes:/home/alex/Repositories/nifi/nifi-commons/nifi-flowfile-packager/target/classes:/home/alex/Repositories/nifi/nifi-nar-bundles/nifi-standard-services/nifi-distributed-cache-client-service-api/target/classes:/home/alex/Repositories/nifi/nifi-nar-bundles/nifi-standard-services/nifi-http-context-map-api/target/classes:/home/alex/Repositories/nifi/nifi-nar-bundles/nifi-standard-services/nifi-record-serialization-service-api/target/classes:/home/alex/Repositories/nifi/nifi-nar-bundles/nifi-standard-services/nifi-proxy-configuration-api/target/classes:/home/alex/Repositories/nifi/nifi-commons/nifi-record/target/classes:/home/alex/Repositories/nifi/nifi-nar-bundles/nifi-standard-services/nifi-record-sink-api/target/classes:/home/alex/.m2/repository/commons-io/commons-io/2.10.0/commons-io-2.10.0.jar:/home/alex/.m2/repository/javax/ws/rs/javax.ws.rs-api/2.1/javax.ws.rs-api-2.1.jar:/home/alex/.m2/repository/commons-net/commons-net/3.6/commons-net-3.6.jar:/home/alex/.m2/repository/org/apache/commons/commons-compress/1.21/commons-compress-1.21.jar:/home/alex/.m2/repository/org/apache/commons/commons-lang3/3.9/commons-lang3-3.9.jar:/home/alex/.m2/repository/org/bouncycastle/bcprov-jdk15on/1.69/bcprov-jdk15on-1.69.jar:/home/alex/.m2/repository/org/bouncycastle/bcpg-jdk15on/1.69/bcpg-jdk15on-1.69.jar:/home/alex/.m2/repository/org/bouncycastle/bcpkix-jdk15on/1.69/bcpkix-jdk15on-1.69.jar:/home/alex/.m2/repository/org/bouncycastle/bcutil-jdk15on/1.69/bcutil-jdk15on-1.69.jar:/home/alex/.m2/repository/commons-codec/commons-codec/1.14/commons-codec-1.14.jar:/home/alex/Repositories/nifi/nifi-commons/nifi-security-utils/target/classes:/home/alex/Repositories/nifi/nifi-commons/nifi-security-kms/target/classes:/home/alex/.m2/repository/org/apache/commons/commons-configuration2/2.7/commons-configuration2-2.7.jar:/home/alex/.m2/repository/com/hierynomus/sshj/0.32.0/sshj-0.32.0.jar:/home/alex/.m2/repository/com/jcraft/jzlib/1.1.3/jzlib-1.1.3.jar:/home/alex/.m2/repository/com/hierynomus/asn-one/0.6.0/asn-one-0.6.0.jar:/home/alex/.m2/repository/net/i2p/crypto/eddsa/0.3.0/eddsa-0.3.0.jar:/home/alex/.m2/repository/org/eclipse/jetty/jetty-server/9.4.44.v20210927/jetty-server-9.4.44.v20210927.jar:/home/alex/.m2/repository/javax/servlet/javax.servlet-api/3.1.0/javax.servlet-api-3.1.0.jar:/home/alex/.m2/repository/org/eclipse/jetty/jetty-http/9.4.44.v20210927/jetty-http-9.4.44.v20210927.jar:/home/alex/.m2/repository/org/eclipse/jetty/jetty-util/9.4.44.v20210927/jetty-util-9.4.44.v20210927.jar:/home/alex/.m2/repository/org/eclipse/jetty/jetty-io/9.4.44.v20210927/jetty-io-9.4.44.v20210927.jar:/home/alex/.m2/repository/org/eclipse/jetty/jetty-servlet/9.4.44.v20210927/jetty-servlet-9.4.44.v20210927.jar:/home/alex/.m2/repository/org/eclipse/jetty/jetty-security/9.4.44.v20210927/jetty-security-9.4.44.v20210927.jar:/home/alex/.m2/repository/org/eclipse/jetty/jetty-util-ajax/9.4.44.v20210927/jetty-util-ajax-9.4.44.v20210927.jar:/home/alex/.m2/repository/org/apache/httpcomponents/httpclient/4.5.5/httpclient-4.5.5.jar:/home/alex/.m2/repository/commons-logging/commons-logging/1.2/commons-logging-1.2.jar:/home/alex/.m2/repository/org/apache/httpcomponents/httpcore/4.4.9/httpcore-4.4.9.jar:/home/alex/.m2/repository/jakarta/activation/jakarta.activation-api/2.0.1/jakarta.activation-api-2.0.1.jar:/home/alex/.m2/repository/com/sun/activation/jakarta.activation/2.0.1/jakarta.activation-2.0.1.jar:/home/alex/.m2/repository/jakarta/mail/jakarta.mail-api/2.0.1/jakarta.mail-api-2.0.1.jar:/home/alex/.m2/repository/com/sun/mail/jakarta.mail/2.0.1/jakarta.mail-2.0.1.jar:/home/alex/.m2/repository/com/github/jponge/lzma-java/1.3/lzma-java-1.3.jar:/home/alex/.m2/repository/org/tukaani/xz/1.8/xz-1.8.jar:/home/alex/.m2/repository/net/sf/saxon/Saxon-HE/10.6/Saxon-HE-10.6.jar:/home/alex/Repositories/nifi/nifi-commons/nifi-socket-utils/target/classes:/home/alex/Repositories/nifi/nifi-commons/nifi-logging-utils/target/classes:/home/alex/Repositories/nifi/nifi-nar-bundles/nifi-standard-services/nifi-load-distribution-service-api/target/classes:/home/alex/.m2/repository/javax/jms/javax.jms-api/2.0.1/javax.jms-api-2.0.1.jar:/home/alex/.m2/repository/org/apache/activemq/activemq-client/5.15.15/activemq-client-5.15.15.jar:/home/alex/.m2/repository/org/apache/geronimo/specs/geronimo-jms_1.1_spec/1.1.1/geronimo-jms_1.1_spec-1.1.1.jar:/home/alex/.m2/repository/org/fusesource/hawtbuf/hawtbuf/1.11/hawtbuf-1.11.jar:/home/alex/.m2/repository/org/apache/geronimo/specs/geronimo-j2ee-management_1.1_spec/1.0.1/geronimo-j2ee-management_1.1_spec-1.0.1.jar:/home/alex/.m2/repository/com/jayway/jsonpath/json-path/2.6.0/json-path-2.6.0.jar:/home/alex/.m2/repository/net/minidev/json-smart/2.4.7/json-smart-2.4.7.jar:/home/alex/.m2/repository/net/minidev/accessors-smart/2.4.7/accessors-smart-2.4.7.jar:/home/alex/.m2/repository/org/ow2/asm/asm/9.1/asm-9.1.jar:/home/alex/.m2/repository/org/apache/tika/tika-core/1.26/tika-core-1.26.jar:/home/alex/.m2/repository/com/fasterxml/jackson/core/jackson-databind/2.12.3/jackson-databind-2.12.3.jar:/home/alex/.m2/repository/com/fasterxml/jackson/core/jackson-annotations/2.12.3/jackson-annotations-2.12.3.jar:/home/alex/.m2/repository/com/fasterxml/jackson/core/jackson-core/2.12.3/jackson-core-2.12.3.jar:/home/alex/Repositories/nifi/nifi-nar-bundles/nifi-extension-utils/nifi-record-utils/nifi-avro-record-utils/target/classes:/home/alex/Repositories/nifi/nifi-nar-bundles/nifi-extension-utils/nifi-record-utils/nifi-standard-record-utils/target/classes:/home/alex/.m2/repository/org/apache/avro/avro/1.8.1/avro-1.8.1.jar:/home/alex/.m2/repository/org/codehaus/jackson/jackson-core-asl/1.9.13/jackson-core-asl-1.9.13.jar:/home/alex/.m2/repository/org/codehaus/jackson/jackson-mapper-asl/1.9.13/jackson-mapper-asl-1.9.13.jar:/home/alex/.m2/repository/com/thoughtworks/paranamer/paranamer/2.7/paranamer-2.7.jar:/home/alex/Repositories/nifi/nifi-nar-bundles/nifi-standard-services/nifi-dbcp-service-api/target/classes:/home/alex/.m2/repository/com/squareup/okhttp3/okhttp/4.9.2/okhttp-4.9.2.jar:/home/alex/.m2/repository/com/squareup/okio/okio/2.8.0/okio-2.8.0.jar:/home/alex/.m2/repository/org/jetbrains/kotlin/kotlin-stdlib-common/1.4.0/kotlin-stdlib-common-1.4.0.jar:/home/alex/.m2/repository/org/jetbrains/kotlin/kotlin-stdlib/1.4.10/kotlin-stdlib-1.4.10.jar:/home/alex/.m2/repository/org/jetbrains/annotations/13.0/annotations-13.0.jar:/home/alex/.m2/repository/io/github/rburgst/okhttp-digest/2.5/okhttp-digest-2.5.jar:/home/alex/.m2/repository/at/favre/lib/bcrypt/0.9.0/bcrypt-0.9.0.jar:/home/alex/.m2/repository/at/favre/lib/bytes/1.3.0/bytes-1.3.0.jar:/home/alex/.m2/repository/com/google/guava/guava/28.0-jre/guava-28.0-jre.jar:/home/alex/.m2/repository/com/google/guava/failureaccess/1.0.1/failureaccess-1.0.1.jar:/home/alex/.m2/repository/com/google/guava/listenablefuture/9999.0-empty-to-avoid-conflict-with-guava/listenablefuture-9999.0-empty-to-avoid-conflict-with-guava.jar:/home/alex/.m2/repository/com/google/code/findbugs/jsr305/3.0.2/jsr305-3.0.2.jar:/home/alex/.m2/repository/org/checkerframework/checker-qual/2.8.1/checker-qual-2.8.1.jar:/home/alex/.m2/repository/com/google/errorprone/error_prone_annotations/2.3.2/error_prone_annotations-2.3.2.jar:/home/alex/.m2/repository/com/google/j2objc/j2objc-annotations/1.3/j2objc-annotations-1.3.jar:/home/alex/.m2/repository/org/codehaus/mojo/animal-sniffer-annotations/1.17/animal-sniffer-annotations-1.17.jar:/home/alex/Repositories/nifi/nifi-mock/target/classes:/home/alex/Repositories/nifi/nifi-framework-api/target/classes:/home/alex/Repositories/nifi/nifi-nar-bundles/nifi-framework-bundle/nifi-framework/nifi-framework-core-api/target/classes:/home/alex/Repositories/nifi/nifi-nar-bundles/nifi-framework-bundle/nifi-framework/nifi-framework-nar-utils/target/classes:/home/alex/Repositories/nifi/nifi-nar-bundles/nifi-framework-bundle/nifi-framework/nifi-client-dto/target/classes:/home/alex/.m2/repository/io/swagger/swagger-annotations/1.6.0/swagger-annotations-1.6.0.jar:/home/alex/Repositories/nifi/nifi-commons/nifi-site-to-site-client/target/classes:/home/alex/.m2/repository/org/apache/httpcomponents/httpasyncclient/4.1.4/httpasyncclient-4.1.4.jar:/home/alex/.m2/repository/org/apache/httpcomponents/httpcore-nio/4.4.10/httpcore-nio-4.4.10.jar:/home/alex/Repositories/nifi/nifi-nar-bundles/nifi-framework-bundle/nifi-framework/nifi-framework-authorization/target/classes:/home/alex/Repositories/nifi/nifi-registry/nifi-registry-core/nifi-registry-data-model/target/classes:/home/alex/Repositories/nifi/nifi-registry/nifi-registry-core/nifi-registry-revision/nifi-registry-revision-entity-model/target/classes:/home/alex/Repositories/nifi/nifi-registry/nifi-registry-core/nifi-registry-client/target/classes:/home/alex/Repositories/nifi/nifi-registry/nifi-registry-core/nifi-registry-security-utils/target/classes:/home/alex/.m2/repository/org/glassfish/jersey/core/jersey-client/2.33/jersey-client-2.33.jar:/home/alex/.m2/repository/jakarta/ws/rs/jakarta.ws.rs-api/2.1.6/jakarta.ws.rs-api-2.1.6.jar:/home/alex/.m2/repository/org/glassfish/hk2/external/jakarta.inject/2.6.1/jakarta.inject-2.6.1.jar:/home/alex/.m2/repository/org/glassfish/jersey/media/jersey-media-json-jackson/2.33/jersey-media-json-jackson-2.33.jar:/home/alex/.m2/repository/org/glassfish/jersey/ext/jersey-entity-filtering/2.33/jersey-entity-filtering-2.33.jar:/home/alex/.m2/repository/org/glassfish/jersey/inject/jersey-hk2/2.33/jersey-hk2-2.33.jar:/home/alex/.m2/repository/org/glassfish/hk2/hk2-locator/2.6.1/hk2-locator-2.6.1.jar:/home/alex/.m2/repository/org/glassfish/hk2/external/aopalliance-repackaged/2.6.1/aopalliance-repackaged-2.6.1.jar:/home/alex/.m2/repository/org/glassfish/hk2/hk2-api/2.6.1/hk2-api-2.6.1.jar:/home/alex/.m2/repository/org/glassfish/hk2/hk2-utils/2.6.1/hk2-utils-2.6.1.jar:/home/alex/.m2/repository/org/javassist/javassist/3.25.0-GA/javassist-3.25.0-GA.jar:/home/alex/.m2/repository/org/glassfish/jersey/core/jersey-common/2.33/jersey-common-2.33.jar:/home/alex/.m2/repository/jakarta/annotation/jakarta.annotation-api/1.3.5/jakarta.annotation-api-1.3.5.jar:/home/alex/.m2/repository/org/glassfish/hk2/osgi-resource-locator/1.0.3/osgi-resource-locator-1.0.3.jar:/home/alex/.m2/repository/org/glassfish/jersey/media/jersey-media-multipart/2.33/jersey-media-multipart-2.33.jar:/home/alex/.m2/repository/org/jvnet/mimepull/mimepull/1.9.13/mimepull-1.9.13.jar:/home/alex/Repositories/nifi/nifi-commons/nifi-data-provenance-utils/target/classes:/home/alex/Repositories/nifi/nifi-nar-bundles/nifi-standard-services/nifi-distributed-cache-services-bundle/nifi-distributed-cache-client-service/target/classes:/home/alex/Repositories/nifi/nifi-nar-bundles/nifi-standard-services/nifi-distributed-cache-services-bundle/nifi-distributed-cache-protocol/target/classes:/home/alex/.m2/repository/io/netty/netty-buffer/4.1.69.Final/netty-buffer-4.1.69.Final.jar:/home/alex/.m2/repository/com/google/http-client/google-http-client/1.28.0/google-http-client-1.28.0.jar:/home/alex/.m2/repository/io/opencensus/opencensus-api/0.18.0/opencensus-api-0.18.0.jar:/home/alex/.m2/repository/io/grpc/grpc-context/1.14.0/grpc-context-1.14.0.jar:/home/alex/.m2/repository/io/opencensus/opencensus-contrib-http-util/0.18.0/opencensus-contrib-http-util-0.18.0.jar:/home/alex/.m2/repository/org/apache/activemq/activemq-broker/5.15.14/activemq-broker-5.15.14.jar:/home/alex/.m2/repository/org/apache/activemq/activemq-openwire-legacy/5.15.14/activemq-openwire-legacy-5.15.14.jar:/home/alex/Repositories/nifi/nifi-nar-bundles/nifi-standard-services/nifi-ssl-context-bundle/nifi-ssl-context-service/target/classes:/home/alex/Repositories/nifi/nifi-nar-bundles/nifi-framework-bundle/nifi-framework/nifi-standard-prioritizers/target/classes:/home/alex/Repositories/nifi/nifi-nar-bundles/nifi-extension-utils/nifi-record-utils/nifi-mock-record-utils/target/classes:/home/alex/Repositories/nifi/nifi-nar-bundles/nifi-standard-services/nifi-record-serialization-services-bundle/nifi-record-serialization-services/target/classes:/home/alex/.m2/repository/org/apache/commons/commons-csv/1.8/commons-csv-1.8.jar:/home/alex/.m2/repository/com/fasterxml/jackson/dataformat/jackson-dataformat-csv/2.12.3/jackson-dataformat-csv-2.12.3.jar:/home/alex/.m2/repository/net/java/dev/stax-utils/stax-utils/20070216/stax-utils-20070216.jar:/home/alex/Repositories/nifi/nifi-nar-bundles/nifi-standard-services/nifi-lookup-services-bundle/nifi-lookup-services/target/classes:/home/alex/.m2/repository/commons-beanutils/commons-beanutils/1.9.4/commons-beanutils-1.9.4.jar:/home/alex/.m2/repository/commons-collections/commons-collections/3.2.2/commons-collections-3.2.2.jar:/home/alex/.m2/repository/com/maxmind/geoip2/geoip2/2.12.0/geoip2-2.12.0.jar:/home/alex/.m2/repository/com/maxmind/db/maxmind-db/1.2.2/maxmind-db-1.2.2.jar:/home/alex/.m2/repository/org/apache/derby/derby/10.14.2.0/derby-10.14.2.0.jar:/home/alex/.m2/repository/org/xerial/snappy/snappy-java/1.1.7.3/snappy-java-1.1.7.3.jar:/home/alex/.m2/repository/net/lingala/zip4j/zip4j/2.8.0/zip4j-2.8.0.jar:/home/alex/.m2/repository/com/h2database/h2/1.4.187/h2-1.4.187.jar:/home/alex/.m2/repository/org/mockftpserver/MockFtpServer/2.7.1/MockFtpServer-2.7.1.jar:/home/alex/.m2/repository/org/apache/sshd/sshd-core/1.7.0/sshd-core-1.7.0.jar:/home/alex/.m2/repository/com/bazaarvoice/jolt/jolt-core/0.1.1/jolt-core-0.1.1.jar:/home/alex/.m2/repository/javax/inject/javax.inject/1/javax.inject-1.jar:/home/alex/.m2/repository/com/bazaarvoice/jolt/json-utils/0.1.1/json-utils-0.1.1.jar:/home/alex/Repositories/nifi/nifi-nar-bundles/nifi-standard-bundle/nifi-standard-utils/target/classes:/home/alex/.m2/repository/net/sf/supercsv/super-csv/2.4.0/super-csv-2.4.0.jar:/home/alex/.m2/repository/com/fluenda/parcefone/2.1.0/parcefone-2.1.0.jar:/home/alex/.m2/repository/javax/validation/validation-api/1.1.0.Final/validation-api-1.1.0.Final.jar:/home/alex/.m2/repository/javax/el/javax.el-api/3.0.0/javax.el-api-3.0.0.jar:/home/alex/.m2/repository/com/github/wnameless/json/json-flattener/0.12.0/json-flattener-0.12.0.jar:/home/alex/.m2/repository/com/github/wnameless/json/json-base/2.0.0/json-base-2.0.0.jar:/home/alex/.m2/repository/org/apache/bval/bval-jsr/1.1.2/bval-jsr-1.1.2.jar:/home/alex/.m2/repository/org/apache/bval/bval-core/1.1.2/bval-core-1.1.2.jar:/home/alex/.m2/repository/io/krakens/java-grok/0.1.9/java-grok-0.1.9.jar:/home/alex/.m2/repository/org/apache/calcite/calcite-core/1.27.0/calcite-core-1.27.0.jar:/home/alex/.m2/repository/org/apache/calcite/calcite-linq4j/1.27.0/calcite-linq4j-1.27.0.jar:/home/alex/.m2/repository/com/esri/geometry/esri-geometry-api/2.2.0/esri-geometry-api-2.2.0.jar:/home/alex/.m2/repository/org/apache/calcite/avatica/avatica-core/1.18.0/avatica-core-1.18.0.jar:/home/alex/.m2/repository/org/apache/calcite/avatica/avatica-metrics/1.18.0/avatica-metrics-1.18.0.jar:/home/alex/.m2/repository/com/google/protobuf/protobuf-java/3.6.1/protobuf-java-3.6.1.jar:/home/alex/.m2/repository/org/apiguardian/apiguardian-api/1.1.0/apiguardian-api-1.1.0.jar:/home/alex/.m2/repository/com/fasterxml/jackson/dataformat/jackson-dataformat-yaml/2.10.0/jackson-dataformat-yaml-2.10.0.jar:/home/alex/.m2/repository/org/yaml/snakeyaml/1.29/snakeyaml-1.29.jar:/home/alex/.m2/repository/com/google/uzaygezen/uzaygezen-core/0.2/uzaygezen-core-0.2.jar:/home/alex/.m2/repository/com/yahoo/datasketches/sketches-core/0.9.0/sketches-core-0.9.0.jar:/home/alex/.m2/repository/com/yahoo/datasketches/memory/0.9.0/memory-0.9.0.jar:/home/alex/.m2/repository/net/hydromatic/aggdesigner-algorithm/6.0/aggdesigner-algorithm-6.0.jar:/home/alex/.m2/repository/commons-lang/commons-lang/2.4/commons-lang-2.4.jar:/home/alex/.m2/repository/org/apache/commons/commons-dbcp2/2.6.0/commons-dbcp2-2.6.0.jar:/home/alex/.m2/repository/org/apache/commons/commons-pool2/2.6.1/commons-pool2-2.6.1.jar:/home/alex/.m2/repository/org/codehaus/janino/commons-compiler/3.0.11/commons-compiler-3.0.11.jar:/home/alex/.m2/repository/org/codehaus/janino/janino/3.0.11/janino-3.0.11.jar:/home/alex/Repositories/nifi/nifi-nar-bundles/nifi-standard-services/nifi-schema-registry-service-api/target/classes:/home/alex/Repositories/nifi/nifi-nar-bundles/nifi-extension-utils/nifi-database-utils/target/classes:/home/alex/Repositories/nifi/nifi-nar-bundles/nifi-standard-bundle/nifi-standard-web-test-utils/target/classes:/home/alex/.m2/repository/com/github/stefanbirkner/fake-sftp-server-rule/2.0.1/fake-sftp-server-rule-2.0.1.jar:/home/alex/.m2/repository/com/github/marschall/memoryfilesystem/2.8.0/memoryfilesystem-2.8.0.jar:/home/alex/.m2/repository/junit/junit/4.13.2/junit-4.13.2.jar:/home/alex/.m2/repository/org/hamcrest/hamcrest-core/1.3/hamcrest-core-1.3.jar:/home/alex/Repositories/nifi/nifi-nar-bundles/nifi-extension-utils/nifi-database-test-utils/target/classes:/home/alex/.m2/repository/org/codehaus/groovy/groovy-json/2.5.14/groovy-json-2.5.14.jar:/home/alex/.m2/repository/org/codehaus/groovy/groovy/2.5.14/groovy-2.5.14.jar:/home/alex/.m2/repository/org/codehaus/groovy/groovy-servlet/2.5.14/groovy-servlet-2.5.14.jar:/home/alex/.m2/repository/org/codehaus/groovy/groovy-templates/2.5.14/groovy-templates-2.5.14.jar:/home/alex/.m2/repository/org/codehaus/groovy/groovy-xml/2.5.14/groovy-xml-2.5.14.jar:/home/alex/.m2/repository/org/hamcrest/hamcrest-all/1.3/hamcrest-all-1.3.jar:/home/alex/.m2/repository/com/squareup/okhttp3/mockwebserver/4.9.2/mockwebserver-4.9.2.jar:/home/alex/.m2/repository/org/jetbrains/kotlin/kotlin-stdlib-jdk8/1.4.10/kotlin-stdlib-jdk8-1.4.10.jar:/home/alex/.m2/repository/org/jetbrains/kotlin/kotlin-stdlib-jdk7/1.4.10/kotlin-stdlib-jdk7-1.4.10.jar:/home/alex/.m2/repository/org/mockito/mockito-inline/3.12.4/mockito-inline-3.12.4.jar:/home/alex/.m2/repository/org/junit/jupiter/junit-jupiter-api/5.7.2/junit-jupiter-api-5.7.2.jar:/home/alex/.m2/repository/org/opentest4j/opentest4j/1.2.0/opentest4j-1.2.0.jar:/home/alex/.m2/repository/org/junit/platform/junit-platform-commons/1.7.2/junit-platform-commons-1.7.2.jar:/home/alex/.m2/repository/org/junit/jupiter/junit-jupiter-engine/5.7.2/junit-jupiter-engine-5.7.2.jar:/home/alex/.m2/repository/org/junit/platform/junit-platform-engine/1.7.2/junit-platform-engine-1.7.2.jar:/home/alex/.m2/repository/org/junit/vintage/junit-vintage-engine/5.7.2/junit-vintage-engine-5.7.2.jar:/home/alex/.m2/repository/org/junit/jupiter/junit-jupiter-params/5.7.2/junit-jupiter-params-5.7.2.jar:/home/alex/.m2/repository/org/mockito/mockito-core/3.11.2/mockito-core-3.11.2.jar:/home/alex/.m2/repository/net/bytebuddy/byte-buddy/1.11.3/byte-buddy-1.11.3.jar:/home/alex/.m2/repository/net/bytebuddy/byte-buddy-agent/1.11.3/byte-buddy-agent-1.11.3.jar:/home/alex/.m2/repository/org/objenesis/objenesis/3.2/objenesis-3.2.jar:/home/alex/.m2/repository/org/mockito/mockito-junit-jupiter/3.11.2/mockito-junit-jupiter-3.11.2.jar:/home/alex/.m2/repository/org/slf4j/slf4j-simple/1.7.32/slf4j-simple-1.7.32.jar:/home/alex/.m2/repository/org/codehaus/groovy/groovy-test/2.5.14/groovy-test-2.5.14.jar:"/>
    <property name="sun.cpu.endian" value="little"/>
    <property name="user.home" value="/home/alex"/>
    <property name="user.language" value="en"/>
    <property name="java.specification.vendor" value="Oracle Corporation"/>
    <property name="java.home" value="/usr/lib/jvm/java-8-openjdk-amd64/jre"/>
    <property name="basedir" value="/home/alex/Repositories/nifi/nifi-nar-bundles/nifi-standard-bundle/nifi-standard-processors"/>
    <property name="file.separator" value="/"/>
    <property name="line.separator" value="&#10;"/>
    <property name="java.vm.specification.vendor" value="Oracle Corporation"/>
    <property name="java.specification.name" value="Java Platform API Specification"/>
    <property name="derby.stream.error.file" value="target/derby.log"/>
    <property name="org.slf4j.simpleLogger.log.org.apache.nifi" value="TRACE"/>
    <property name="javax.xml.xpath.XPathFactory:http://saxon.sf.net/jaxp/xpath/om" value="net.sf.saxon.xpath.XPathFactoryImpl"/>
    <property name="java.awt.graphicsenv" value="sun.awt.X11GraphicsEnvironment"/>
    <property name="org.slf4j.simpleLogger.log.org.apache.nifi.processors.standard.SQLTransform" value="debug"/>
    <property name="java.awt.headless" value="true"/>
    <property name="org.slf4j.simpleLogger.log.nifi.processors.standard.ExecuteSQLRecord" value="debug"/>
    <property name="org.slf4j.simpleLogger.showDateTime" value="true"/>
    <property name="surefire.real.class.path" value="/home/alex/Repositories/nifi/nifi-nar-bundles/nifi-standard-bundle/nifi-standard-processors/target/surefire/surefirebooter4492904506786624144.jar"/>
    <property name="sun.boot.class.path" value="/usr/lib/jvm/java-8-openjdk-amd64/jre/lib/resources.jar:/usr/lib/jvm/java-8-openjdk-amd64/jre/lib/rt.jar:/usr/lib/jvm/java-8-openjdk-amd64/jre/lib/sunrsasign.jar:/usr/lib/jvm/java-8-openjdk-amd64/jre/lib/jsse.jar:/usr/lib/jvm/java-8-openjdk-amd64/jre/lib/jce.jar:/usr/lib/jvm/java-8-openjdk-amd64/jre/lib/charsets.jar:/usr/lib/jvm/java-8-openjdk-amd64/jre/lib/jfr.jar:/usr/lib/jvm/java-8-openjdk-amd64/jre/classes"/>
    <property name="sun.management.compiler" value="HotSpot 64-Bit Tiered Compilers"/>
    <property name="org.slf4j.simpleLogger.log.nifi.processors.standard.TestExecuteSQL" value="debug"/>
    <property name="java.runtime.version" value="1.8.0_402-8u402-ga-2ubuntu1~22.04-b06"/>
    <property name="java.net.preferIPv4Stack" value="true"/>
    <property name="user.name" value="alex"/>
    <property name="path.separator" value=":"/>
    <property name="os.version" value="6.5.0-28-generic"/>
    <property name="java.endorsed.dirs" value="/usr/lib/jvm/java-8-openjdk-amd64/jre/lib/endorsed"/>
    <property name="java.runtime.name" value="OpenJDK Runtime Environment"/>
    <property name="org.slf4j.simpleLogger.log.nifi.processors.standard.DistributeLoad" value="debug"/>
    <property name="file.encoding" value="UTF-8"/>
    <property name="org.slf4j.simpleLogger.log.org.apache.nifi.processors.standard" value="DEBUG"/>
    <property name="org.slf4j.simpleLogger.log.nifi.processors.standard.ExecuteSQL" value="debug"/>
    <property name="sun.nio.ch.bugLevel" value=""/>
    <property name="java.vm.name" value="OpenJDK 64-Bit Server VM"/>
    <property name="localRepository" value="/home/alex/.m2/repository"/>
    <property name="java.vendor.url.bug" value="http://bugreport.sun.com/bugreport/"/>
    <property name="jetty.git.hash" value="8da83308eeca865e495e53ef315a249d63ba9332"/>
    <property name="java.io.tmpdir" value="/tmp"/>
    <property name="java.version" value="1.8.0_402"/>
    <property name="user.dir" value="/home/alex/Repositories/nifi/nifi-nar-bundles/nifi-standard-bundle/nifi-standard-processors"/>
    <property name="org.slf4j.simpleLogger.log.nifi.processors.standard.TestDetectDuplicate" value="debug"/>
    <property name="os.arch" value="amd64"/>
    <property name="java.vm.specification.name" value="Java Virtual Machine Specification"/>
    <property name="java.awt.printerjob" value="sun.print.PSPrinterJob"/>
    <property name="sun.os.patch.level" value="unknown"/>
    <property name="org.slf4j.simpleLogger.defaultLogLevel" value="info"/>
    <property name="java.library.path" value="/usr/java/packages/lib/amd64:/usr/lib/x86_64-linux-gnu/jni:/lib/x86_64-linux-gnu:/usr/lib/x86_64-linux-gnu:/usr/lib/jni:/lib:/usr/lib"/>
    <property name="java.vm.info" value="mixed mode"/>
    <property name="java.vendor" value="Private Build"/>
    <property name="java.vm.version" value="25.402-b06"/>
    <property name="org.slf4j.simpleLogger.log.nifi.processors.standard.DetectDuplicate" value="debug"/>
    <property name="java.specification.maintenance.version" value="5"/>
    <property name="java.ext.dirs" value="/usr/lib/jvm/java-8-openjdk-amd64/jre/lib/ext:/usr/java/packages/lib/ext"/>
    <property name="sun.io.unicode.encoding" value="UnicodeLittle"/>
    <property name="java.class.version" value="52.0"/>
  </properties>
  <testcase name="testSeparationStrategyNotKnown" classname="org.apache.nifi.processors.standard.TestRouteText" time="0.005"/>
  <testcase name="testRelationships" classname="org.apache.nifi.processors.standard.TestRouteText" time="0.002">
    <system-err><![CDATA[[main] DEBUG org.apache.nifi.processors.standard.RouteText - RouteText[id=ca175368-20f6-4362-baab-569be923642e] Adding new dynamic property: PropertyDescriptor[simple]
[main] DEBUG org.apache.nifi.processors.standard.RouteText - RouteText[id=ca175368-20f6-4362-baab-569be923642e] Adding new dynamic property: PropertyDescriptor[simple]
]]></system-err>
  </testcase>
  <testcase name="testSimpleContainsIgnoreCase" classname="org.apache.nifi.processors.standard.TestRouteText" time="0.004">
    <system-err><![CDATA[[main] DEBUG org.apache.nifi.processors.standard.RouteText - RouteText[id=4bc576a0-4ac1-49aa-b24d-163c9807ed0e] Adding new dynamic property: PropertyDescriptor[simple]
[pool-2304-thread-1] INFO org.apache.nifi.processors.standard.RouteText - RouteText[id=4bc576a0-4ac1-49aa-b24d-163c9807ed0e] Created FlowFile[1,92021526416534.mockFlowFile,17B] from FlowFile[0,92021526416534.mockFlowFile,26B]; routing to relationship simple
[pool-2304-thread-1] INFO org.apache.nifi.processors.standard.RouteText - RouteText[id=4bc576a0-4ac1-49aa-b24d-163c9807ed0e] Created FlowFile[2,92021526416534.mockFlowFile,9B] from FlowFile[0,92021526416534.mockFlowFile,26B]; routing to relationship unmatched
[pool-2304-thread-1] INFO org.apache.nifi.processors.standard.RouteText - RouteText[id=4bc576a0-4ac1-49aa-b24d-163c9807ed0e] Routing FlowFile[0,92021526416534.mockFlowFile,26B] to original
]]></system-err>
  </testcase>
  <testcase name="testSimpleDefaultContainRegularExpression" classname="org.apache.nifi.processors.standard.TestRouteText" time="0.006">
    <system-err><![CDATA[[main] DEBUG org.apache.nifi.processors.standard.RouteText - RouteText[id=f82445b5-1da4-49d9-bd57-2c966f0915e9] Adding new dynamic property: PropertyDescriptor[simple]
[pool-2305-thread-1] INFO org.apache.nifi.processors.standard.RouteText - RouteText[id=f82445b5-1da4-49d9-bd57-2c966f0915e9] Created FlowFile[1,92021530304343.mockFlowFile,17B] from FlowFile[0,92021530304343.mockFlowFile,26B]; routing to relationship simple
[pool-2305-thread-1] INFO org.apache.nifi.processors.standard.RouteText - RouteText[id=f82445b5-1da4-49d9-bd57-2c966f0915e9] Created FlowFile[2,92021530304343.mockFlowFile,9B] from FlowFile[0,92021530304343.mockFlowFile,26B]; routing to relationship unmatched
[pool-2305-thread-1] INFO org.apache.nifi.processors.standard.RouteText - RouteText[id=f82445b5-1da4-49d9-bd57-2c966f0915e9] Routing FlowFile[0,92021530304343.mockFlowFile,26B] to original
]]></system-err>
  </testcase>
  <testcase name="testXml" classname="org.apache.nifi.processors.standard.TestRouteText" time="0.002">
    <system-err><![CDATA[[main] DEBUG org.apache.nifi.processors.standard.RouteText - RouteText[id=7de08b3f-c893-4e24-91ef-9f2066caf89c] Adding new dynamic property: PropertyDescriptor[element]
[main] DEBUG org.apache.nifi.processors.standard.RouteText - RouteText[id=7de08b3f-c893-4e24-91ef-9f2066caf89c] Adding new dynamic property: PropertyDescriptor[NodeType]
[main] DEBUG org.apache.nifi.processors.standard.RouteText - RouteText[id=7de08b3f-c893-4e24-91ef-9f2066caf89c] Adding new dynamic property: PropertyDescriptor[name]
[pool-2306-thread-1] INFO org.apache.nifi.processors.standard.RouteText - RouteText[id=7de08b3f-c893-4e24-91ef-9f2066caf89c] Created FlowFile[4,XmlBundle.xsd,37B] from FlowFile[0,XmlBundle.xsd,1664B]; routing to relationship NodeType
[pool-2306-thread-1] INFO org.apache.nifi.processors.standard.RouteText - RouteText[id=7de08b3f-c893-4e24-91ef-9f2066caf89c] Created FlowFile[2,XmlBundle.xsd,352B] from FlowFile[0,XmlBundle.xsd,1664B]; routing to relationship element
[pool-2306-thread-1] INFO org.apache.nifi.processors.standard.RouteText - RouteText[id=7de08b3f-c893-4e24-91ef-9f2066caf89c] Created FlowFile[3,XmlBundle.xsd,468B] from FlowFile[0,XmlBundle.xsd,1664B]; routing to relationship name
[pool-2306-thread-1] INFO org.apache.nifi.processors.standard.RouteText - RouteText[id=7de08b3f-c893-4e24-91ef-9f2066caf89c] Created FlowFile[1,XmlBundle.xsd,1196B] from FlowFile[0,XmlBundle.xsd,1664B]; routing to relationship unmatched
[pool-2306-thread-1] INFO org.apache.nifi.processors.standard.RouteText - RouteText[id=7de08b3f-c893-4e24-91ef-9f2066caf89c] Routing FlowFile[0,XmlBundle.xsd,1664B] to original
]]></system-err>
  </testcase>
  <testcase name="testSatisfiesExpression" classname="org.apache.nifi.processors.standard.TestRouteText" time="0.007">
    <system-err><![CDATA[[main] DEBUG org.apache.nifi.processors.standard.RouteText - RouteText[id=d71b89b6-284d-4ed5-a5e7-bedb996cef14] Adding new dynamic property: PropertyDescriptor[third-line]
[main] DEBUG org.apache.nifi.processors.standard.RouteText - RouteText[id=d71b89b6-284d-4ed5-a5e7-bedb996cef14] Adding new dynamic property: PropertyDescriptor[empty]
[main] DEBUG org.apache.nifi.processors.standard.RouteText - RouteText[id=d71b89b6-284d-4ed5-a5e7-bedb996cef14] Adding new dynamic property: PropertyDescriptor[second-field-you]
[pool-2307-thread-1] INFO org.apache.nifi.processors.standard.RouteText - RouteText[id=d71b89b6-284d-4ed5-a5e7-bedb996cef14] Created FlowFile[3,92021539650123.mockFlowFile,14B] from FlowFile[0,92021539650123.mockFlowFile,28B]; routing to relationship third-line
[pool-2307-thread-1] INFO org.apache.nifi.processors.standard.RouteText - RouteText[id=d71b89b6-284d-4ed5-a5e7-bedb996cef14] Created FlowFile[4,92021539650123.mockFlowFile,14B] from FlowFile[0,92021539650123.mockFlowFile,28B]; routing to relationship second-field-you
[pool-2307-thread-1] INFO org.apache.nifi.processors.standard.RouteText - RouteText[id=d71b89b6-284d-4ed5-a5e7-bedb996cef14] Created FlowFile[2,92021539650123.mockFlowFile,8B] from FlowFile[0,92021539650123.mockFlowFile,28B]; routing to relationship empty
[pool-2307-thread-1] INFO org.apache.nifi.processors.standard.RouteText - RouteText[id=d71b89b6-284d-4ed5-a5e7-bedb996cef14] Created FlowFile[1,92021539650123.mockFlowFile,6B] from FlowFile[0,92021539650123.mockFlowFile,28B]; routing to relationship unmatched
[pool-2307-thread-1] INFO org.apache.nifi.processors.standard.RouteText - RouteText[id=d71b89b6-284d-4ed5-a5e7-bedb996cef14] Routing FlowFile[0,92021539650123.mockFlowFile,28B] to original
]]></system-err>
  </testcase>
  <testcase name="testRouteLineToMultipleRelationships" classname="org.apache.nifi.processors.standard.TestRouteText" time="0.001">
    <system-err><![CDATA[[main] DEBUG org.apache.nifi.processors.standard.RouteText - RouteText[id=f81873f9-12fd-49c0-a2e6-077fd76d870e] Adding new dynamic property: PropertyDescriptor[z]
[main] DEBUG org.apache.nifi.processors.standard.RouteText - RouteText[id=f81873f9-12fd-49c0-a2e6-077fd76d870e] Adding new dynamic property: PropertyDescriptor[e]
[main] DEBUG org.apache.nifi.processors.standard.RouteText - RouteText[id=f81873f9-12fd-49c0-a2e6-077fd76d870e] Adding new dynamic property: PropertyDescriptor[t]
[pool-2308-thread-1] INFO org.apache.nifi.processors.standard.RouteText - RouteText[id=f81873f9-12fd-49c0-a2e6-077fd76d870e] Created FlowFile[1,92021545625600.mockFlowFile,26B] from FlowFile[0,92021545625600.mockFlowFile,26B]; routing to relationship t
[pool-2308-thread-1] INFO org.apache.nifi.processors.standard.RouteText - RouteText[id=f81873f9-12fd-49c0-a2e6-077fd76d870e] Created FlowFile[2,92021545625600.mockFlowFile,17B] from FlowFile[0,92021545625600.mockFlowFile,26B]; routing to relationship e
[pool-2308-thread-1] INFO org.apache.nifi.processors.standard.RouteText - RouteText[id=f81873f9-12fd-49c0-a2e6-077fd76d870e] Routing FlowFile[0,92021545625600.mockFlowFile,26B] to original
]]></system-err>
  </testcase>
  <testcase name="testSimpleAllEnds" classname="org.apache.nifi.processors.standard.TestRouteText" time="0.001">
    <system-err><![CDATA[[main] DEBUG org.apache.nifi.processors.standard.RouteText - RouteText[id=35ab9143-bdc6-4138-853a-407e8a6e0166] Adding new dynamic property: PropertyDescriptor[second]
[main] DEBUG org.apache.nifi.processors.standard.RouteText - RouteText[id=35ab9143-bdc6-4138-853a-407e8a6e0166] Adding new dynamic property: PropertyDescriptor[simple]
[pool-2309-thread-1] INFO org.apache.nifi.processors.standard.RouteText - RouteText[id=35ab9143-bdc6-4138-853a-407e8a6e0166] Created FlowFile[2,92021546519647.mockFlowFile,9B] from FlowFile[0,92021546519647.mockFlowFile,26B]; routing to relationship unmatched
[pool-2309-thread-1] INFO org.apache.nifi.processors.standard.RouteText - RouteText[id=35ab9143-bdc6-4138-853a-407e8a6e0166] Created FlowFile[1,92021546519647.mockFlowFile,17B] from FlowFile[0,92021546519647.mockFlowFile,26B]; routing to relationship matched
[pool-2309-thread-1] INFO org.apache.nifi.processors.standard.RouteText - RouteText[id=35ab9143-bdc6-4138-853a-407e8a6e0166] Routing FlowFile[0,92021546519647.mockFlowFile,26B] to original
]]></system-err>
  </testcase>
  <testcase name="testJson" classname="org.apache.nifi.processors.standard.TestRouteText" time="0.004">
    <system-err><![CDATA[[main] DEBUG org.apache.nifi.processors.standard.RouteText - RouteText[id=43e2fd2e-17f2-4db9-8577-eb1f3a62f544] Adding new dynamic property: PropertyDescriptor[address]
[main] DEBUG org.apache.nifi.processors.standard.RouteText - RouteText[id=43e2fd2e-17f2-4db9-8577-eb1f3a62f544] Adding new dynamic property: PropertyDescriptor[greeting]
[pool-2310-thread-1] INFO org.apache.nifi.processors.standard.RouteText - RouteText[id=43e2fd2e-17f2-4db9-8577-eb1f3a62f544] Created FlowFile[2,json-sample.json,447B] from FlowFile[0,json-sample.json,12466B]; routing to relationship address
[pool-2310-thread-1] INFO org.apache.nifi.processors.standard.RouteText - RouteText[id=43e2fd2e-17f2-4db9-8577-eb1f3a62f544] Created FlowFile[3,json-sample.json,463B] from FlowFile[0,json-sample.json,12466B]; routing to relationship greeting
[pool-2310-thread-1] INFO org.apache.nifi.processors.standard.RouteText - RouteText[id=43e2fd2e-17f2-4db9-8577-eb1f3a62f544] Created FlowFile[1,json-sample.json,11556B] from FlowFile[0,json-sample.json,12466B]; routing to relationship unmatched
[pool-2310-thread-1] INFO org.apache.nifi.processors.standard.RouteText - RouteText[id=43e2fd2e-17f2-4db9-8577-eb1f3a62f544] Routing FlowFile[0,json-sample.json,12466B] to original
]]></system-err>
  </testcase>
  <testcase name="testSimpleAllMatchRegularExpression" classname="org.apache.nifi.processors.standard.TestRouteText" time="0.001">
    <system-err><![CDATA[[main] DEBUG org.apache.nifi.processors.standard.RouteText - RouteText[id=b695f819-70bb-4a35-b130-ba1396b44f2d] Adding new dynamic property: PropertyDescriptor[second]
[main] DEBUG org.apache.nifi.processors.standard.RouteText - RouteText[id=b695f819-70bb-4a35-b130-ba1396b44f2d] Adding new dynamic property: PropertyDescriptor[simple]
[pool-2311-thread-1] INFO org.apache.nifi.processors.standard.RouteText - RouteText[id=b695f819-70bb-4a35-b130-ba1396b44f2d] Created FlowFile[2,92021551988828.mockFlowFile,9B] from FlowFile[0,92021551988828.mockFlowFile,26B]; routing to relationship unmatched
[pool-2311-thread-1] INFO org.apache.nifi.processors.standard.RouteText - RouteText[id=b695f819-70bb-4a35-b130-ba1396b44f2d] Created FlowFile[1,92021551988828.mockFlowFile,17B] from FlowFile[0,92021551988828.mockFlowFile,26B]; routing to relationship matched
[pool-2311-thread-1] INFO org.apache.nifi.processors.standard.RouteText - RouteText[id=b695f819-70bb-4a35-b130-ba1396b44f2d] Routing FlowFile[0,92021551988828.mockFlowFile,26B] to original
]]></system-err>
  </testcase>
  <testcase name="testSimpleAnyEnds" classname="org.apache.nifi.processors.standard.TestRouteText" time="0">
    <system-err><![CDATA[[main] DEBUG org.apache.nifi.processors.standard.RouteText - RouteText[id=4d24d878-05fe-4664-a41a-d3a81bc27a90] Adding new dynamic property: PropertyDescriptor[simple]
[main] DEBUG org.apache.nifi.processors.standard.RouteText - RouteText[id=4d24d878-05fe-4664-a41a-d3a81bc27a90] Adding new dynamic property: PropertyDescriptor[no]
[pool-2312-thread-1] INFO org.apache.nifi.processors.standard.RouteText - RouteText[id=4d24d878-05fe-4664-a41a-d3a81bc27a90] Created FlowFile[2,92021553148858.mockFlowFile,9B] from FlowFile[0,92021553148858.mockFlowFile,26B]; routing to relationship unmatched
[pool-2312-thread-1] INFO org.apache.nifi.processors.standard.RouteText - RouteText[id=4d24d878-05fe-4664-a41a-d3a81bc27a90] Created FlowFile[1,92021553148858.mockFlowFile,17B] from FlowFile[0,92021553148858.mockFlowFile,26B]; routing to relationship matched
[pool-2312-thread-1] INFO org.apache.nifi.processors.standard.RouteText - RouteText[id=4d24d878-05fe-4664-a41a-d3a81bc27a90] Routing FlowFile[0,92021553148858.mockFlowFile,26B] to original
]]></system-err>
  </testcase>
  <testcase name="testSimpleCaseInsensitiveStartsMatch" classname="org.apache.nifi.processors.standard.TestRouteText" time="0">
    <system-err><![CDATA[[main] DEBUG org.apache.nifi.processors.standard.RouteText - RouteText[id=8aa3630e-5834-467c-8944-d08ae2018e79] Adding new dynamic property: PropertyDescriptor[simple]
[pool-2313-thread-1] INFO org.apache.nifi.processors.standard.RouteText - RouteText[id=8aa3630e-5834-467c-8944-d08ae2018e79] Created FlowFile[1,92021554196632.mockFlowFile,33B] from FlowFile[0,92021554196632.mockFlowFile,33B]; routing to relationship simple
[pool-2313-thread-1] INFO org.apache.nifi.processors.standard.RouteText - RouteText[id=8aa3630e-5834-467c-8944-d08ae2018e79] Routing FlowFile[0,92021554196632.mockFlowFile,33B] to original
]]></system-err>
  </testcase>
  <testcase name="testMultipleGroupsSameRelationship" classname="org.apache.nifi.processors.standard.TestRouteText" time="0.002">
    <system-err><![CDATA[[main] DEBUG org.apache.nifi.processors.standard.RouteText - RouteText[id=cf591d1e-6828-447c-ab8e-feb48d3c747f] Adding new dynamic property: PropertyDescriptor[o]
[pool-2314-thread-1] INFO org.apache.nifi.processors.standard.RouteText - RouteText[id=cf591d1e-6828-447c-ab8e-feb48d3c747f] Created FlowFile[2,92021555040635.mockFlowFile,10B] from FlowFile[0,92021555040635.mockFlowFile,42B]; routing to relationship o
[pool-2314-thread-1] INFO org.apache.nifi.processors.standard.RouteText - RouteText[id=cf591d1e-6828-447c-ab8e-feb48d3c747f] Created FlowFile[1,92021555040635.mockFlowFile,19B] from FlowFile[0,92021555040635.mockFlowFile,42B]; routing to relationship o
[pool-2314-thread-1] INFO org.apache.nifi.processors.standard.RouteText - RouteText[id=cf591d1e-6828-447c-ab8e-feb48d3c747f] Created FlowFile[3,92021555040635.mockFlowFile,13B] from FlowFile[0,92021555040635.mockFlowFile,42B]; routing to relationship o
[pool-2314-thread-1] INFO org.apache.nifi.processors.standard.RouteText - RouteText[id=cf591d1e-6828-447c-ab8e-feb48d3c747f] Routing FlowFile[0,92021555040635.mockFlowFile,42B] to original
]]></system-err>
  </testcase>
  <testcase name="testSimpleAnyEquals" classname="org.apache.nifi.processors.standard.TestRouteText" time="0.001">
    <system-err><![CDATA[[main] DEBUG org.apache.nifi.processors.standard.RouteText - RouteText[id=aadc7a07-5f24-440f-96e4-045ccc8de82c] Adding new dynamic property: PropertyDescriptor[simple]
[main] DEBUG org.apache.nifi.processors.standard.RouteText - RouteText[id=aadc7a07-5f24-440f-96e4-045ccc8de82c] Adding new dynamic property: PropertyDescriptor[no]
[pool-2315-thread-1] INFO org.apache.nifi.processors.standard.RouteText - RouteText[id=aadc7a07-5f24-440f-96e4-045ccc8de82c] Created FlowFile[2,92021556424901.mockFlowFile,9B] from FlowFile[0,92021556424901.mockFlowFile,26B]; routing to relationship unmatched
[pool-2315-thread-1] INFO org.apache.nifi.processors.standard.RouteText - RouteText[id=aadc7a07-5f24-440f-96e4-045ccc8de82c] Created FlowFile[1,92021556424901.mockFlowFile,17B] from FlowFile[0,92021556424901.mockFlowFile,26B]; routing to relationship matched
[pool-2315-thread-1] INFO org.apache.nifi.processors.standard.RouteText - RouteText[id=aadc7a07-5f24-440f-96e4-045ccc8de82c] Routing FlowFile[0,92021556424901.mockFlowFile,26B] to original
]]></system-err>
  </testcase>
  <testcase name="testSimpleAnyStarts" classname="org.apache.nifi.processors.standard.TestRouteText" time="0">
    <system-err><![CDATA[[main] DEBUG org.apache.nifi.processors.standard.RouteText - RouteText[id=66ad0dff-6464-4707-9215-4da6f493c0b6] Adding new dynamic property: PropertyDescriptor[simple]
[main] DEBUG org.apache.nifi.processors.standard.RouteText - RouteText[id=66ad0dff-6464-4707-9215-4da6f493c0b6] Adding new dynamic property: PropertyDescriptor[no]
[pool-2316-thread-1] INFO org.apache.nifi.processors.standard.RouteText - RouteText[id=66ad0dff-6464-4707-9215-4da6f493c0b6] Created FlowFile[2,92021557381503.mockFlowFile,9B] from FlowFile[0,92021557381503.mockFlowFile,26B]; routing to relationship unmatched
[pool-2316-thread-1] INFO org.apache.nifi.processors.standard.RouteText - RouteText[id=66ad0dff-6464-4707-9215-4da6f493c0b6] Created FlowFile[1,92021557381503.mockFlowFile,17B] from FlowFile[0,92021557381503.mockFlowFile,26B]; routing to relationship matched
[pool-2316-thread-1] INFO org.apache.nifi.processors.standard.RouteText - RouteText[id=66ad0dff-6464-4707-9215-4da6f493c0b6] Routing FlowFile[0,92021557381503.mockFlowFile,26B] to original
]]></system-err>
  </testcase>
  <testcase name="testGroupDifferentRelationships" classname="org.apache.nifi.processors.standard.TestRouteText" time="0.001">
    <system-err><![CDATA[[main] DEBUG org.apache.nifi.processors.standard.RouteText - RouteText[id=f8f892c5-96b8-4a25-b0c4-3c1e8a617313] Adding new dynamic property: PropertyDescriptor[l]
[pool-2317-thread-1] INFO org.apache.nifi.processors.standard.RouteText - RouteText[id=f8f892c5-96b8-4a25-b0c4-3c1e8a617313] Created FlowFile[2,92021558573639.mockFlowFile,8B] from FlowFile[0,92021558573639.mockFlowFile,33B]; routing to relationship l
[pool-2317-thread-1] INFO org.apache.nifi.processors.standard.RouteText - RouteText[id=f8f892c5-96b8-4a25-b0c4-3c1e8a617313] Created FlowFile[1,92021558573639.mockFlowFile,8B] from FlowFile[0,92021558573639.mockFlowFile,33B]; routing to relationship l
[pool-2317-thread-1] INFO org.apache.nifi.processors.standard.RouteText - RouteText[id=f8f892c5-96b8-4a25-b0c4-3c1e8a617313] Created FlowFile[4,92021558573639.mockFlowFile,6B] from FlowFile[0,92021558573639.mockFlowFile,33B]; routing to relationship unmatched
[pool-2317-thread-1] INFO org.apache.nifi.processors.standard.RouteText - RouteText[id=f8f892c5-96b8-4a25-b0c4-3c1e8a617313] Created FlowFile[3,92021558573639.mockFlowFile,11B] from FlowFile[0,92021558573639.mockFlowFile,33B]; routing to relationship unmatched
[pool-2317-thread-1] INFO org.apache.nifi.processors.standard.RouteText - RouteText[id=f8f892c5-96b8-4a25-b0c4-3c1e8a617313] Routing FlowFile[0,92021558573639.mockFlowFile,33B] to original
]]></system-err>
  </testcase>
  <testcase name="testGroupSameRelationship" classname="org.apache.nifi.processors.standard.TestRouteText" time="0.001">
    <system-err><![CDATA[[main] DEBUG org.apache.nifi.processors.standard.RouteText - RouteText[id=351c2721-44be-4b27-97f3-037925f5fa96] Adding new dynamic property: PropertyDescriptor[o]
[pool-2318-thread-1] INFO org.apache.nifi.processors.standard.RouteText - RouteText[id=351c2721-44be-4b27-97f3-037925f5fa96] Created FlowFile[2,92021559821510.mockFlowFile,8B] from FlowFile[0,92021559821510.mockFlowFile,26B]; routing to relationship o
[pool-2318-thread-1] INFO org.apache.nifi.processors.standard.RouteText - RouteText[id=351c2721-44be-4b27-97f3-037925f5fa96] Created FlowFile[1,92021559821510.mockFlowFile,18B] from FlowFile[0,92021559821510.mockFlowFile,26B]; routing to relationship o
[pool-2318-thread-1] INFO org.apache.nifi.processors.standard.RouteText - RouteText[id=351c2721-44be-4b27-97f3-037925f5fa96] Routing FlowFile[0,92021559821510.mockFlowFile,26B] to original
]]></system-err>
  </testcase>
  <testcase name="testSimpleDefaultEquals" classname="org.apache.nifi.processors.standard.TestRouteText" time="0.02">
    <system-err><![CDATA[[main] DEBUG org.apache.nifi.processors.standard.RouteText - RouteText[id=72800d88-a8bc-4c05-afdd-d2a201cd67ab] Adding new dynamic property: PropertyDescriptor[simple]
[pool-2319-thread-1] INFO org.apache.nifi.processors.standard.RouteText - RouteText[id=72800d88-a8bc-4c05-afdd-d2a201cd67ab] Created FlowFile[1,92021560711830.mockFlowFile,17B] from FlowFile[0,92021560711830.mockFlowFile,26B]; routing to relationship simple
[pool-2319-thread-1] INFO org.apache.nifi.processors.standard.RouteText - RouteText[id=72800d88-a8bc-4c05-afdd-d2a201cd67ab] Created FlowFile[2,92021560711830.mockFlowFile,9B] from FlowFile[0,92021560711830.mockFlowFile,26B]; routing to relationship unmatched
[pool-2319-thread-1] INFO org.apache.nifi.processors.standard.RouteText - RouteText[id=72800d88-a8bc-4c05-afdd-d2a201cd67ab] Routing FlowFile[0,92021560711830.mockFlowFile,26B] to original
]]></system-err>
  </testcase>
  <testcase name="testSimpleDefaultEnd" classname="org.apache.nifi.processors.standard.TestRouteText" time="0.001">
    <system-err><![CDATA[[main] DEBUG org.apache.nifi.processors.standard.RouteText - RouteText[id=58fa2aab-72ef-4e78-8b79-f24ac70371a8] Adding new dynamic property: PropertyDescriptor[simple]
[pool-2320-thread-1] INFO org.apache.nifi.processors.standard.RouteText - RouteText[id=58fa2aab-72ef-4e78-8b79-f24ac70371a8] Created FlowFile[1,92021580955777.mockFlowFile,17B] from FlowFile[0,92021580955777.mockFlowFile,26B]; routing to relationship simple
[pool-2320-thread-1] INFO org.apache.nifi.processors.standard.RouteText - RouteText[id=58fa2aab-72ef-4e78-8b79-f24ac70371a8] Created FlowFile[2,92021580955777.mockFlowFile,9B] from FlowFile[0,92021580955777.mockFlowFile,26B]; routing to relationship unmatched
[pool-2320-thread-1] INFO org.apache.nifi.processors.standard.RouteText - RouteText[id=58fa2aab-72ef-4e78-8b79-f24ac70371a8] Routing FlowFile[0,92021580955777.mockFlowFile,26B] to original
]]></system-err>
  </testcase>
  <testcase name="testSimpleDefaultStarts" classname="org.apache.nifi.processors.standard.TestRouteText" time="0.001">
    <system-err><![CDATA[[main] DEBUG org.apache.nifi.processors.standard.RouteText - RouteText[id=279e3d38-2e82-4e15-b137-4adc49b569d3] Adding new dynamic property: PropertyDescriptor[simple]
[pool-2321-thread-1] INFO org.apache.nifi.processors.standard.RouteText - RouteText[id=279e3d38-2e82-4e15-b137-4adc49b569d3] Created FlowFile[1,92021581852359.mockFlowFile,17B] from FlowFile[0,92021581852359.mockFlowFile,26B]; routing to relationship simple
[pool-2321-thread-1] INFO org.apache.nifi.processors.standard.RouteText - RouteText[id=279e3d38-2e82-4e15-b137-4adc49b569d3] Created FlowFile[2,92021581852359.mockFlowFile,9B] from FlowFile[0,92021581852359.mockFlowFile,26B]; routing to relationship unmatched
[pool-2321-thread-1] INFO org.apache.nifi.processors.standard.RouteText - RouteText[id=279e3d38-2e82-4e15-b137-4adc49b569d3] Routing FlowFile[0,92021581852359.mockFlowFile,26B] to original
]]></system-err>
  </testcase>
  <testcase name="testSimpleAnyContainRegularExpression" classname="org.apache.nifi.processors.standard.TestRouteText" time="0.001">
    <system-err><![CDATA[[main] DEBUG org.apache.nifi.processors.standard.RouteText - RouteText[id=f390819b-5c02-48dd-9a70-8a14ecf6df72] Adding new dynamic property: PropertyDescriptor[simple]
[main] DEBUG org.apache.nifi.processors.standard.RouteText - RouteText[id=f390819b-5c02-48dd-9a70-8a14ecf6df72] Adding new dynamic property: PropertyDescriptor[no]
[pool-2322-thread-1] INFO org.apache.nifi.processors.standard.RouteText - RouteText[id=f390819b-5c02-48dd-9a70-8a14ecf6df72] Created FlowFile[2,92021582833647.mockFlowFile,9B] from FlowFile[0,92021582833647.mockFlowFile,26B]; routing to relationship unmatched
[pool-2322-thread-1] INFO org.apache.nifi.processors.standard.RouteText - RouteText[id=f390819b-5c02-48dd-9a70-8a14ecf6df72] Created FlowFile[1,92021582833647.mockFlowFile,17B] from FlowFile[0,92021582833647.mockFlowFile,26B]; routing to relationship matched
[pool-2322-thread-1] INFO org.apache.nifi.processors.standard.RouteText - RouteText[id=f390819b-5c02-48dd-9a70-8a14ecf6df72] Routing FlowFile[0,92021582833647.mockFlowFile,26B] to original
]]></system-err>
  </testcase>
  <testcase name="testSimpleCaseSensitiveStartsMatch" classname="org.apache.nifi.processors.standard.TestRouteText" time="0">
    <system-err><![CDATA[[main] DEBUG org.apache.nifi.processors.standard.RouteText - RouteText[id=b1c43b68-c47e-4003-b1fa-c1443a4efa95] Adding new dynamic property: PropertyDescriptor[simple]
[pool-2323-thread-1] INFO org.apache.nifi.processors.standard.RouteText - RouteText[id=b1c43b68-c47e-4003-b1fa-c1443a4efa95] Created FlowFile[2,92021584251489.mockFlowFile,16B] from FlowFile[0,92021584251489.mockFlowFile,33B]; routing to relationship simple
[pool-2323-thread-1] INFO org.apache.nifi.processors.standard.RouteText - RouteText[id=b1c43b68-c47e-4003-b1fa-c1443a4efa95] Created FlowFile[1,92021584251489.mockFlowFile,17B] from FlowFile[0,92021584251489.mockFlowFile,33B]; routing to relationship unmatched
[pool-2323-thread-1] INFO org.apache.nifi.processors.standard.RouteText - RouteText[id=b1c43b68-c47e-4003-b1fa-c1443a4efa95] Routing FlowFile[0,92021584251489.mockFlowFile,33B] to original
]]></system-err>
  </testcase>
  <testcase name="testPatternCache" classname="org.apache.nifi.processors.standard.TestRouteText" time="1.194">
    <system-err><![CDATA[[main] DEBUG org.apache.nifi.processors.standard.RouteText - RouteText[id=e191155b-3232-49bd-bfe9-6bfcf78aa3cb] Adding new dynamic property: PropertyDescriptor[simple]
[pool-2324-thread-1] INFO org.apache.nifi.processors.standard.RouteText - RouteText[id=e191155b-3232-49bd-bfe9-6bfcf78aa3cb] Created FlowFile[2,92021585149177.mockFlowFile,9B] from FlowFile[0,92021585149177.mockFlowFile,9B]; routing to relationship unmatched
[pool-2324-thread-1] INFO org.apache.nifi.processors.standard.RouteText - RouteText[id=e191155b-3232-49bd-bfe9-6bfcf78aa3cb] Routing FlowFile[0,92021585149177.mockFlowFile,9B] to original
[pool-2324-thread-1] INFO org.apache.nifi.processors.standard.RouteText - RouteText[id=e191155b-3232-49bd-bfe9-6bfcf78aa3cb] Created FlowFile[3,92021585183013.mockFlowFile,15B] from FlowFile[1,92021585183013.mockFlowFile,15B]; routing to relationship unmatched
[pool-2324-thread-1] INFO org.apache.nifi.processors.standard.RouteText - RouteText[id=e191155b-3232-49bd-bfe9-6bfcf78aa3cb] Routing FlowFile[1,92021585183013.mockFlowFile,15B] to original
[main] DEBUG org.apache.nifi.processors.standard.RouteText - RouteText[id=e191155b-3232-49bd-bfe9-6bfcf78aa3cb] Adding new dynamic property: PropertyDescriptor[simple]
[pool-2325-thread-1] INFO org.apache.nifi.processors.standard.RouteText - RouteText[id=e191155b-3232-49bd-bfe9-6bfcf78aa3cb] Created FlowFile[5,92021586774308.mockFlowFile,21B] from FlowFile[4,92021586774308.mockFlowFile,21B]; routing to relationship simple
[pool-2325-thread-1] INFO org.apache.nifi.processors.standard.RouteText - RouteText[id=e191155b-3232-49bd-bfe9-6bfcf78aa3cb] Routing FlowFile[4,92021586774308.mockFlowFile,21B] to original
[main] DEBUG org.apache.nifi.processors.standard.RouteText - RouteText[id=e191155b-3232-49bd-bfe9-6bfcf78aa3cb] Adding new dynamic property: PropertyDescriptor[simple]
[pool-2326-thread-1] INFO org.apache.nifi.processors.standard.RouteText - RouteText[id=e191155b-3232-49bd-bfe9-6bfcf78aa3cb] Created FlowFile[7,92021587537575.mockFlowFile,21B] from FlowFile[6,92021587537575.mockFlowFile,21B]; routing to relationship simple
[pool-2326-thread-1] INFO org.apache.nifi.processors.standard.RouteText - RouteText[id=e191155b-3232-49bd-bfe9-6bfcf78aa3cb] Routing FlowFile[6,92021587537575.mockFlowFile,21B] to original
[main] DEBUG org.apache.nifi.processors.standard.RouteText - RouteText[id=e191155b-3232-49bd-bfe9-6bfcf78aa3cb] Adding new dynamic property: PropertyDescriptor[simple]
[pool-2327-thread-1] INFO org.apache.nifi.processors.standard.RouteText - RouteText[id=e191155b-3232-49bd-bfe9-6bfcf78aa3cb] Created FlowFile[9,92021588722509.mockFlowFile,21B] from FlowFile[8,92021588722509.mockFlowFile,21B]; routing to relationship simple
[pool-2327-thread-1] INFO org.apache.nifi.processors.standard.RouteText - RouteText[id=e191155b-3232-49bd-bfe9-6bfcf78aa3cb] Routing FlowFile[8,92021588722509.mockFlowFile,21B] to original
[main] DEBUG org.apache.nifi.processors.standard.RouteText - RouteText[id=e191155b-3232-49bd-bfe9-6bfcf78aa3cb] Adding new dynamic property: PropertyDescriptor[simple]
[pool-2328-thread-1] INFO org.apache.nifi.processors.standard.RouteText - RouteText[id=e191155b-3232-49bd-bfe9-6bfcf78aa3cb] Created FlowFile[11,92021589487925.mockFlowFile,21B] from FlowFile[10,92021589487925.mockFlowFile,21B]; routing to relationship simple
[pool-2328-thread-1] INFO org.apache.nifi.processors.standard.RouteText - RouteText[id=e191155b-3232-49bd-bfe9-6bfcf78aa3cb] Routing FlowFile[10,92021589487925.mockFlowFile,21B] to original
[main] DEBUG org.apache.nifi.processors.standard.RouteText - RouteText[id=e191155b-3232-49bd-bfe9-6bfcf78aa3cb] Adding new dynamic property: PropertyDescriptor[simple]
[pool-2329-thread-1] INFO org.apache.nifi.processors.standard.RouteText - RouteText[id=e191155b-3232-49bd-bfe9-6bfcf78aa3cb] Created FlowFile[13,92021590419585.mockFlowFile,21B] from FlowFile[12,92021590419585.mockFlowFile,21B]; routing to relationship simple
[pool-2329-thread-1] INFO org.apache.nifi.processors.standard.RouteText - RouteText[id=e191155b-3232-49bd-bfe9-6bfcf78aa3cb] Routing FlowFile[12,92021590419585.mockFlowFile,21B] to original
[main] DEBUG org.apache.nifi.processors.standard.RouteText - RouteText[id=e191155b-3232-49bd-bfe9-6bfcf78aa3cb] Adding new dynamic property: PropertyDescriptor[simple]
[pool-2330-thread-1] INFO org.apache.nifi.processors.standard.RouteText - RouteText[id=e191155b-3232-49bd-bfe9-6bfcf78aa3cb] Created FlowFile[15,92021591160646.mockFlowFile,21B] from FlowFile[14,92021591160646.mockFlowFile,21B]; routing to relationship simple
[pool-2330-thread-1] INFO org.apache.nifi.processors.standard.RouteText - RouteText[id=e191155b-3232-49bd-bfe9-6bfcf78aa3cb] Routing FlowFile[14,92021591160646.mockFlowFile,21B] to original
[main] DEBUG org.apache.nifi.processors.standard.RouteText - RouteText[id=e191155b-3232-49bd-bfe9-6bfcf78aa3cb] Adding new dynamic property: PropertyDescriptor[simple]
[pool-2331-thread-1] INFO org.apache.nifi.processors.standard.RouteText - RouteText[id=e191155b-3232-49bd-bfe9-6bfcf78aa3cb] Created FlowFile[17,92021591861154.mockFlowFile,21B] from FlowFile[16,92021591861154.mockFlowFile,21B]; routing to relationship simple
[pool-2331-thread-1] INFO org.apache.nifi.processors.standard.RouteText - RouteText[id=e191155b-3232-49bd-bfe9-6bfcf78aa3cb] Routing FlowFile[16,92021591861154.mockFlowFile,21B] to original
[main] DEBUG org.apache.nifi.processors.standard.RouteText - RouteText[id=e191155b-3232-49bd-bfe9-6bfcf78aa3cb] Adding new dynamic property: PropertyDescriptor[simple]
[pool-2332-thread-1] INFO org.apache.nifi.processors.standard.RouteText - RouteText[id=e191155b-3232-49bd-bfe9-6bfcf78aa3cb] Created FlowFile[19,92021592597882.mockFlowFile,21B] from FlowFile[18,92021592597882.mockFlowFile,21B]; routing to relationship simple
[pool-2332-thread-1] INFO org.apache.nifi.processors.standard.RouteText - RouteText[id=e191155b-3232-49bd-bfe9-6bfcf78aa3cb] Routing FlowFile[18,92021592597882.mockFlowFile,21B] to original
[main] DEBUG org.apache.nifi.processors.standard.RouteText - RouteText[id=e191155b-3232-49bd-bfe9-6bfcf78aa3cb] Adding new dynamic property: PropertyDescriptor[simple]
[pool-2333-thread-1] INFO org.apache.nifi.processors.standard.RouteText - RouteText[id=e191155b-3232-49bd-bfe9-6bfcf78aa3cb] Created FlowFile[21,92021593388529.mockFlowFile,21B] from FlowFile[20,92021593388529.mockFlowFile,21B]; routing to relationship simple
[pool-2333-thread-1] INFO org.apache.nifi.processors.standard.RouteText - RouteText[id=e191155b-3232-49bd-bfe9-6bfcf78aa3cb] Routing FlowFile[20,92021593388529.mockFlowFile,21B] to original
[main] DEBUG org.apache.nifi.processors.standard.RouteText - RouteText[id=e191155b-3232-49bd-bfe9-6bfcf78aa3cb] Adding new dynamic property: PropertyDescriptor[simple]
[pool-2334-thread-1] INFO org.apache.nifi.processors.standard.RouteText - RouteText[id=e191155b-3232-49bd-bfe9-6bfcf78aa3cb] Created FlowFile[23,92021594134584.mockFlowFile,21B] from FlowFile[22,92021594134584.mockFlowFile,21B]; routing to relationship simple
[pool-2334-thread-1] INFO org.apache.nifi.processors.standard.RouteText - RouteText[id=e191155b-3232-49bd-bfe9-6bfcf78aa3cb] Routing FlowFile[22,92021594134584.mockFlowFile,21B] to original
[main] DEBUG org.apache.nifi.processors.standard.RouteText - RouteText[id=e191155b-3232-49bd-bfe9-6bfcf78aa3cb] Adding new dynamic property: PropertyDescriptor[simple]
[pool-2335-thread-1] INFO org.apache.nifi.processors.standard.RouteText - RouteText[id=e191155b-3232-49bd-bfe9-6bfcf78aa3cb] Created FlowFile[25,92021594842522.mockFlowFile,22B] from FlowFile[24,92021594842522.mockFlowFile,22B]; routing to relationship simple
[pool-2335-thread-1] INFO org.apache.nifi.processors.standard.RouteText - RouteText[id=e191155b-3232-49bd-bfe9-6bfcf78aa3cb] Routing FlowFile[24,92021594842522.mockFlowFile,22B] to original
[main] DEBUG org.apache.nifi.processors.standard.RouteText - RouteText[id=e191155b-3232-49bd-bfe9-6bfcf78aa3cb] Adding new dynamic property: PropertyDescriptor[simple]
[pool-2336-thread-1] INFO org.apache.nifi.processors.standard.RouteText - RouteText[id=e191155b-3232-49bd-bfe9-6bfcf78aa3cb] Created FlowFile[27,92021595534068.mockFlowFile,22B] from FlowFile[26,92021595534068.mockFlowFile,22B]; routing to relationship simple
[pool-2336-thread-1] INFO org.apache.nifi.processors.standard.RouteText - RouteText[id=e191155b-3232-49bd-bfe9-6bfcf78aa3cb] Routing FlowFile[26,92021595534068.mockFlowFile,22B] to original
[main] DEBUG org.apache.nifi.processors.standard.RouteText - RouteText[id=e191155b-3232-49bd-bfe9-6bfcf78aa3cb] Adding new dynamic property: PropertyDescriptor[simple]
[pool-2337-thread-1] INFO org.apache.nifi.processors.standard.RouteText - RouteText[id=e191155b-3232-49bd-bfe9-6bfcf78aa3cb] Created FlowFile[29,92021596438848.mockFlowFile,22B] from FlowFile[28,92021596438848.mockFlowFile,22B]; routing to relationship simple
[pool-2337-thread-1] INFO org.apache.nifi.processors.standard.RouteText - RouteText[id=e191155b-3232-49bd-bfe9-6bfcf78aa3cb] Routing FlowFile[28,92021596438848.mockFlowFile,22B] to original
[main] DEBUG org.apache.nifi.processors.standard.RouteText - RouteText[id=e191155b-3232-49bd-bfe9-6bfcf78aa3cb] Adding new dynamic property: PropertyDescriptor[simple]
[pool-2338-thread-1] INFO org.apache.nifi.processors.standard.RouteText - RouteText[id=e191155b-3232-49bd-bfe9-6bfcf78aa3cb] Created FlowFile[31,92021597144013.mockFlowFile,22B] from FlowFile[30,92021597144013.mockFlowFile,22B]; routing to relationship simple
[pool-2338-thread-1] INFO org.apache.nifi.processors.standard.RouteText - RouteText[id=e191155b-3232-49bd-bfe9-6bfcf78aa3cb] Routing FlowFile[30,92021597144013.mockFlowFile,22B] to original
[main] DEBUG org.apache.nifi.processors.standard.RouteText - RouteText[id=e191155b-3232-49bd-bfe9-6bfcf78aa3cb] Adding new dynamic property: PropertyDescriptor[simple]
[pool-2339-thread-1] INFO org.apache.nifi.processors.standard.RouteText - RouteText[id=e191155b-3232-49bd-bfe9-6bfcf78aa3cb] Created FlowFile[33,92021597863196.mockFlowFile,22B] from FlowFile[32,92021597863196.mockFlowFile,22B]; routing to relationship simple
[pool-2339-thread-1] INFO org.apache.nifi.processors.standard.RouteText - RouteText[id=e191155b-3232-49bd-bfe9-6bfcf78aa3cb] Routing FlowFile[32,92021597863196.mockFlowFile,22B] to original
[main] DEBUG org.apache.nifi.processors.standard.RouteText - RouteText[id=e191155b-3232-49bd-bfe9-6bfcf78aa3cb] Adding new dynamic property: PropertyDescriptor[simple]
[pool-2340-thread-1] INFO org.apache.nifi.processors.standard.RouteText - RouteText[id=e191155b-3232-49bd-bfe9-6bfcf78aa3cb] Created FlowFile[35,92021598604668.mockFlowFile,22B] from FlowFile[34,92021598604668.mockFlowFile,22B]; routing to relationship simple
[pool-2340-thread-1] INFO org.apache.nifi.processors.standard.RouteText - RouteText[id=e191155b-3232-49bd-bfe9-6bfcf78aa3cb] Routing FlowFile[34,92021598604668.mockFlowFile,22B] to original
[main] DEBUG org.apache.nifi.processors.standard.RouteText - RouteText[id=e191155b-3232-49bd-bfe9-6bfcf78aa3cb] Adding new dynamic property: PropertyDescriptor[simple]
[pool-2341-thread-1] INFO org.apache.nifi.processors.standard.RouteText - RouteText[id=e191155b-3232-49bd-bfe9-6bfcf78aa3cb] Created FlowFile[37,92021599210143.mockFlowFile,22B] from FlowFile[36,92021599210143.mockFlowFile,22B]; routing to relationship simple
[pool-2341-thread-1] INFO org.apache.nifi.processors.standard.RouteText - RouteText[id=e191155b-3232-49bd-bfe9-6bfcf78aa3cb] Routing FlowFile[36,92021599210143.mockFlowFile,22B] to original
[main] DEBUG org.apache.nifi.processors.standard.RouteText - RouteText[id=e191155b-3232-49bd-bfe9-6bfcf78aa3cb] Adding new dynamic property: PropertyDescriptor[simple]
[pool-2342-thread-1] INFO org.apache.nifi.processors.standard.RouteText - RouteText[id=e191155b-3232-49bd-bfe9-6bfcf78aa3cb] Created FlowFile[39,92021599960430.mockFlowFile,22B] from FlowFile[38,92021599960430.mockFlowFile,22B]; routing to relationship simple
[pool-2342-thread-1] INFO org.apache.nifi.processors.standard.RouteText - RouteText[id=e191155b-3232-49bd-bfe9-6bfcf78aa3cb] Routing FlowFile[38,92021599960430.mockFlowFile,22B] to original
[main] DEBUG org.apache.nifi.processors.standard.RouteText - RouteText[id=e191155b-3232-49bd-bfe9-6bfcf78aa3cb] Adding new dynamic property: PropertyDescriptor[simple]
[pool-2343-thread-1] INFO org.apache.nifi.processors.standard.RouteText - RouteText[id=e191155b-3232-49bd-bfe9-6bfcf78aa3cb] Created FlowFile[41,92021600625277.mockFlowFile,22B] from FlowFile[40,92021600625277.mockFlowFile,22B]; routing to relationship simple
[pool-2343-thread-1] INFO org.apache.nifi.processors.standard.RouteText - RouteText[id=e191155b-3232-49bd-bfe9-6bfcf78aa3cb] Routing FlowFile[40,92021600625277.mockFlowFile,22B] to original
[main] DEBUG org.apache.nifi.processors.standard.RouteText - RouteText[id=e191155b-3232-49bd-bfe9-6bfcf78aa3cb] Adding new dynamic property: PropertyDescriptor[simple]
[pool-2344-thread-1] INFO org.apache.nifi.processors.standard.RouteText - RouteText[id=e191155b-3232-49bd-bfe9-6bfcf78aa3cb] Created FlowFile[43,92021601291828.mockFlowFile,22B] from FlowFile[42,92021601291828.mockFlowFile,22B]; routing to relationship simple
[pool-2344-thread-1] INFO org.apache.nifi.processors.standard.RouteText - RouteText[id=e191155b-3232-49bd-bfe9-6bfcf78aa3cb] Routing FlowFile[42,92021601291828.mockFlowFile,22B] to original
[main] DEBUG org.apache.nifi.processors.standard.RouteText - RouteText[id=e191155b-3232-49bd-bfe9-6bfcf78aa3cb] Adding new dynamic property: PropertyDescriptor[simple]
[pool-2345-thread-1] INFO org.apache.nifi.processors.standard.RouteText - RouteText[id=e191155b-3232-49bd-bfe9-6bfcf78aa3cb] Created FlowFile[45,92021601931588.mockFlowFile,22B] from FlowFile[44,92021601931588.mockFlowFile,22B]; routing to relationship simple
[pool-2345-thread-1] INFO org.apache.nifi.processors.standard.RouteText - RouteText[id=e191155b-3232-49bd-bfe9-6bfcf78aa3cb] Routing FlowFile[44,92021601931588.mockFlowFile,22B] to original
[main] DEBUG org.apache.nifi.processors.standard.RouteText - RouteText[id=e191155b-3232-49bd-bfe9-6bfcf78aa3cb] Adding new dynamic property: PropertyDescriptor[simple]
[pool-2346-thread-1] INFO org.apache.nifi.processors.standard.RouteText - RouteText[id=e191155b-3232-49bd-bfe9-6bfcf78aa3cb] Created FlowFile[47,92021602545041.mockFlowFile,22B] from FlowFile[46,92021602545041.mockFlowFile,22B]; routing to relationship simple
[pool-2346-thread-1] INFO org.apache.nifi.processors.standard.RouteText - RouteText[id=e191155b-3232-49bd-bfe9-6bfcf78aa3cb] Routing FlowFile[46,92021602545041.mockFlowFile,22B] to original
[main] DEBUG org.apache.nifi.processors.standard.RouteText - RouteText[id=e191155b-3232-49bd-bfe9-6bfcf78aa3cb] Adding new dynamic property: PropertyDescriptor[simple]
[pool-2347-thread-1] INFO org.apache.nifi.processors.standard.RouteText - RouteText[id=e191155b-3232-49bd-bfe9-6bfcf78aa3cb] Created FlowFile[49,92021603159704.mockFlowFile,22B] from FlowFile[48,92021603159704.mockFlowFile,22B]; routing to relationship simple
[pool-2347-thread-1] INFO org.apache.nifi.processors.standard.RouteText - RouteText[id=e191155b-3232-49bd-bfe9-6bfcf78aa3cb] Routing FlowFile[48,92021603159704.mockFlowFile,22B] to original
[main] DEBUG org.apache.nifi.processors.standard.RouteText - RouteText[id=e191155b-3232-49bd-bfe9-6bfcf78aa3cb] Adding new dynamic property: PropertyDescriptor[simple]
[pool-2348-thread-1] INFO org.apache.nifi.processors.standard.RouteText - RouteText[id=e191155b-3232-49bd-bfe9-6bfcf78aa3cb] Created FlowFile[51,92021603822732.mockFlowFile,22B] from FlowFile[50,92021603822732.mockFlowFile,22B]; routing to relationship simple
[pool-2348-thread-1] INFO org.apache.nifi.processors.standard.RouteText - RouteText[id=e191155b-3232-49bd-bfe9-6bfcf78aa3cb] Routing FlowFile[50,92021603822732.mockFlowFile,22B] to original
[main] DEBUG org.apache.nifi.processors.standard.RouteText - RouteText[id=e191155b-3232-49bd-bfe9-6bfcf78aa3cb] Adding new dynamic property: PropertyDescriptor[simple]
[pool-2349-thread-1] INFO org.apache.nifi.processors.standard.RouteText - RouteText[id=e191155b-3232-49bd-bfe9-6bfcf78aa3cb] Created FlowFile[53,92021604478499.mockFlowFile,22B] from FlowFile[52,92021604478499.mockFlowFile,22B]; routing to relationship simple
[pool-2349-thread-1] INFO org.apache.nifi.processors.standard.RouteText - RouteText[id=e191155b-3232-49bd-bfe9-6bfcf78aa3cb] Routing FlowFile[52,92021604478499.mockFlowFile,22B] to original
[main] DEBUG org.apache.nifi.processors.standard.RouteText - RouteText[id=e191155b-3232-49bd-bfe9-6bfcf78aa3cb] Adding new dynamic property: PropertyDescriptor[simple]
[pool-2350-thread-1] INFO org.apache.nifi.processors.standard.RouteText - RouteText[id=e191155b-3232-49bd-bfe9-6bfcf78aa3cb] Created FlowFile[55,92021605082125.mockFlowFile,22B] from FlowFile[54,92021605082125.mockFlowFile,22B]; routing to relationship simple
[pool-2350-thread-1] INFO org.apache.nifi.processors.standard.RouteText - RouteText[id=e191155b-3232-49bd-bfe9-6bfcf78aa3cb] Routing FlowFile[54,92021605082125.mockFlowFile,22B] to original
[main] DEBUG org.apache.nifi.processors.standard.RouteText - RouteText[id=e191155b-3232-49bd-bfe9-6bfcf78aa3cb] Adding new dynamic property: PropertyDescriptor[simple]
[pool-2351-thread-1] INFO org.apache.nifi.processors.standard.RouteText - RouteText[id=e191155b-3232-49bd-bfe9-6bfcf78aa3cb] Created FlowFile[57,92021605611910.mockFlowFile,22B] from FlowFile[56,92021605611910.mockFlowFile,22B]; routing to relationship simple
[pool-2351-thread-1] INFO org.apache.nifi.processors.standard.RouteText - RouteText[id=e191155b-3232-49bd-bfe9-6bfcf78aa3cb] Routing FlowFile[56,92021605611910.mockFlowFile,22B] to original
[main] DEBUG org.apache.nifi.processors.standard.RouteText - RouteText[id=e191155b-3232-49bd-bfe9-6bfcf78aa3cb] Adding new dynamic property: PropertyDescriptor[simple]
[pool-2352-thread-1] INFO org.apache.nifi.processors.standard.RouteText - RouteText[id=e191155b-3232-49bd-bfe9-6bfcf78aa3cb] Created FlowFile[59,92021606129394.mockFlowFile,22B] from FlowFile[58,92021606129394.mockFlowFile,22B]; routing to relationship simple
[pool-2352-thread-1] INFO org.apache.nifi.processors.standard.RouteText - RouteText[id=e191155b-3232-49bd-bfe9-6bfcf78aa3cb] Routing FlowFile[58,92021606129394.mockFlowFile,22B] to original
[main] DEBUG org.apache.nifi.processors.standard.RouteText - RouteText[id=e191155b-3232-49bd-bfe9-6bfcf78aa3cb] Adding new dynamic property: PropertyDescriptor[simple]
[pool-2353-thread-1] INFO org.apache.nifi.processors.standard.RouteText - RouteText[id=e191155b-3232-49bd-bfe9-6bfcf78aa3cb] Created FlowFile[61,92021606551929.mockFlowFile,22B] from FlowFile[60,92021606551929.mockFlowFile,22B]; routing to relationship simple
[pool-2353-thread-1] INFO org.apache.nifi.processors.standard.RouteText - RouteText[id=e191155b-3232-49bd-bfe9-6bfcf78aa3cb] Routing FlowFile[60,92021606551929.mockFlowFile,22B] to original
[main] DEBUG org.apache.nifi.processors.standard.RouteText - RouteText[id=e191155b-3232-49bd-bfe9-6bfcf78aa3cb] Adding new dynamic property: PropertyDescriptor[simple]
[pool-2354-thread-1] INFO org.apache.nifi.processors.standard.RouteText - RouteText[id=e191155b-3232-49bd-bfe9-6bfcf78aa3cb] Created FlowFile[63,92021606961071.mockFlowFile,22B] from FlowFile[62,92021606961071.mockFlowFile,22B]; routing to relationship simple
[pool-2354-thread-1] INFO org.apache.nifi.processors.standard.RouteText - RouteText[id=e191155b-3232-49bd-bfe9-6bfcf78aa3cb] Routing FlowFile[62,92021606961071.mockFlowFile,22B] to original
[main] DEBUG org.apache.nifi.processors.standard.RouteText - RouteText[id=e191155b-3232-49bd-bfe9-6bfcf78aa3cb] Adding new dynamic property: PropertyDescriptor[simple]
[pool-2355-thread-1] INFO org.apache.nifi.processors.standard.RouteText - RouteText[id=e191155b-3232-49bd-bfe9-6bfcf78aa3cb] Created FlowFile[65,92021607529289.mockFlowFile,22B] from FlowFile[64,92021607529289.mockFlowFile,22B]; routing to relationship simple
[pool-2355-thread-1] INFO org.apache.nifi.processors.standard.RouteText - RouteText[id=e191155b-3232-49bd-bfe9-6bfcf78aa3cb] Routing FlowFile[64,92021607529289.mockFlowFile,22B] to original
[main] DEBUG org.apache.nifi.processors.standard.RouteText - RouteText[id=e191155b-3232-49bd-bfe9-6bfcf78aa3cb] Adding new dynamic property: PropertyDescriptor[simple]
[pool-2356-thread-1] INFO org.apache.nifi.processors.standard.RouteText - RouteText[id=e191155b-3232-49bd-bfe9-6bfcf78aa3cb] Created FlowFile[67,92021607994161.mockFlowFile,22B] from FlowFile[66,92021607994161.mockFlowFile,22B]; routing to relationship simple
[pool-2356-thread-1] INFO org.apache.nifi.processors.standard.RouteText - RouteText[id=e191155b-3232-49bd-bfe9-6bfcf78aa3cb] Routing FlowFile[66,92021607994161.mockFlowFile,22B] to original
[main] DEBUG org.apache.nifi.processors.standard.RouteText - RouteText[id=e191155b-3232-49bd-bfe9-6bfcf78aa3cb] Adding new dynamic property: PropertyDescriptor[simple]
[pool-2357-thread-1] INFO org.apache.nifi.processors.standard.RouteText - RouteText[id=e191155b-3232-49bd-bfe9-6bfcf78aa3cb] Created FlowFile[69,92021608545706.mockFlowFile,22B] from FlowFile[68,92021608545706.mockFlowFile,22B]; routing to relationship simple
[pool-2357-thread-1] INFO org.apache.nifi.processors.standard.RouteText - RouteText[id=e191155b-3232-49bd-bfe9-6bfcf78aa3cb] Routing FlowFile[68,92021608545706.mockFlowFile,22B] to original
[main] DEBUG org.apache.nifi.processors.standard.RouteText - RouteText[id=e191155b-3232-49bd-bfe9-6bfcf78aa3cb] Adding new dynamic property: PropertyDescriptor[simple]
[pool-2358-thread-1] INFO org.apache.nifi.processors.standard.RouteText - RouteText[id=e191155b-3232-49bd-bfe9-6bfcf78aa3cb] Created FlowFile[71,92021609060472.mockFlowFile,22B] from FlowFile[70,92021609060472.mockFlowFile,22B]; routing to relationship simple
[pool-2358-thread-1] INFO org.apache.nifi.processors.standard.RouteText - RouteText[id=e191155b-3232-49bd-bfe9-6bfcf78aa3cb] Routing FlowFile[70,92021609060472.mockFlowFile,22B] to original
[main] DEBUG org.apache.nifi.processors.standard.RouteText - RouteText[id=e191155b-3232-49bd-bfe9-6bfcf78aa3cb] Adding new dynamic property: PropertyDescriptor[simple]
[pool-2359-thread-1] INFO org.apache.nifi.processors.standard.RouteText - RouteText[id=e191155b-3232-49bd-bfe9-6bfcf78aa3cb] Created FlowFile[73,92021609574992.mockFlowFile,22B] from FlowFile[72,92021609574992.mockFlowFile,22B]; routing to relationship simple
[pool-2359-thread-1] INFO org.apache.nifi.processors.standard.RouteText - RouteText[id=e191155b-3232-49bd-bfe9-6bfcf78aa3cb] Routing FlowFile[72,92021609574992.mockFlowFile,22B] to original
[main] DEBUG org.apache.nifi.processors.standard.RouteText - RouteText[id=e191155b-3232-49bd-bfe9-6bfcf78aa3cb] Adding new dynamic property: PropertyDescriptor[simple]
[pool-2360-thread-1] INFO org.apache.nifi.processors.standard.RouteText - RouteText[id=e191155b-3232-49bd-bfe9-6bfcf78aa3cb] Created FlowFile[75,92021610087963.mockFlowFile,22B] from FlowFile[74,92021610087963.mockFlowFile,22B]; routing to relationship simple
[pool-2360-thread-1] INFO org.apache.nifi.processors.standard.RouteText - RouteText[id=e191155b-3232-49bd-bfe9-6bfcf78aa3cb] Routing FlowFile[74,92021610087963.mockFlowFile,22B] to original
[main] DEBUG org.apache.nifi.processors.standard.RouteText - RouteText[id=e191155b-3232-49bd-bfe9-6bfcf78aa3cb] Adding new dynamic property: PropertyDescriptor[simple]
[pool-2361-thread-1] INFO org.apache.nifi.processors.standard.RouteText - RouteText[id=e191155b-3232-49bd-bfe9-6bfcf78aa3cb] Created FlowFile[77,92021610566790.mockFlowFile,22B] from FlowFile[76,92021610566790.mockFlowFile,22B]; routing to relationship simple
[pool-2361-thread-1] INFO org.apache.nifi.processors.standard.RouteText - RouteText[id=e191155b-3232-49bd-bfe9-6bfcf78aa3cb] Routing FlowFile[76,92021610566790.mockFlowFile,22B] to original
[main] DEBUG org.apache.nifi.processors.standard.RouteText - RouteText[id=e191155b-3232-49bd-bfe9-6bfcf78aa3cb] Adding new dynamic property: PropertyDescriptor[simple]
[pool-2362-thread-1] INFO org.apache.nifi.processors.standard.RouteText - RouteText[id=e191155b-3232-49bd-bfe9-6bfcf78aa3cb] Created FlowFile[79,92021611170131.mockFlowFile,22B] from FlowFile[78,92021611170131.mockFlowFile,22B]; routing to relationship simple
[pool-2362-thread-1] INFO org.apache.nifi.processors.standard.RouteText - RouteText[id=e191155b-3232-49bd-bfe9-6bfcf78aa3cb] Routing FlowFile[78,92021611170131.mockFlowFile,22B] to original
[main] DEBUG org.apache.nifi.processors.standard.RouteText - RouteText[id=e191155b-3232-49bd-bfe9-6bfcf78aa3cb] Adding new dynamic property: PropertyDescriptor[simple]
[pool-2363-thread-1] INFO org.apache.nifi.processors.standard.RouteText - RouteText[id=e191155b-3232-49bd-bfe9-6bfcf78aa3cb] Created FlowFile[81,92021611818262.mockFlowFile,22B] from FlowFile[80,92021611818262.mockFlowFile,22B]; routing to relationship simple
[pool-2363-thread-1] INFO org.apache.nifi.processors.standard.RouteText - RouteText[id=e191155b-3232-49bd-bfe9-6bfcf78aa3cb] Routing FlowFile[80,92021611818262.mockFlowFile,22B] to original
[main] DEBUG org.apache.nifi.processors.standard.RouteText - RouteText[id=e191155b-3232-49bd-bfe9-6bfcf78aa3cb] Adding new dynamic property: PropertyDescriptor[simple]
[pool-2364-thread-1] INFO org.apache.nifi.processors.standard.RouteText - RouteText[id=e191155b-3232-49bd-bfe9-6bfcf78aa3cb] Created FlowFile[83,92021612423965.mockFlowFile,22B] from FlowFile[82,92021612423965.mockFlowFile,22B]; routing to relationship simple
[pool-2364-thread-1] INFO org.apache.nifi.processors.standard.RouteText - RouteText[id=e191155b-3232-49bd-bfe9-6bfcf78aa3cb] Routing FlowFile[82,92021612423965.mockFlowFile,22B] to original
[main] DEBUG org.apache.nifi.processors.standard.RouteText - RouteText[id=e191155b-3232-49bd-bfe9-6bfcf78aa3cb] Adding new dynamic property: PropertyDescriptor[simple]
[pool-2365-thread-1] INFO org.apache.nifi.processors.standard.RouteText - RouteText[id=e191155b-3232-49bd-bfe9-6bfcf78aa3cb] Created FlowFile[85,92021612961284.mockFlowFile,22B] from FlowFile[84,92021612961284.mockFlowFile,22B]; routing to relationship simple
[pool-2365-thread-1] INFO org.apache.nifi.processors.standard.RouteText - RouteText[id=e191155b-3232-49bd-bfe9-6bfcf78aa3cb] Routing FlowFile[84,92021612961284.mockFlowFile,22B] to original
[main] DEBUG org.apache.nifi.processors.standard.RouteText - RouteText[id=e191155b-3232-49bd-bfe9-6bfcf78aa3cb] Adding new dynamic property: PropertyDescriptor[simple]
[pool-2366-thread-1] INFO org.apache.nifi.processors.standard.RouteText - RouteText[id=e191155b-3232-49bd-bfe9-6bfcf78aa3cb] Created FlowFile[87,92021613549287.mockFlowFile,22B] from FlowFile[86,92021613549287.mockFlowFile,22B]; routing to relationship simple
[pool-2366-thread-1] INFO org.apache.nifi.processors.standard.RouteText - RouteText[id=e191155b-3232-49bd-bfe9-6bfcf78aa3cb] Routing FlowFile[86,92021613549287.mockFlowFile,22B] to original
[main] DEBUG org.apache.nifi.processors.standard.RouteText - RouteText[id=e191155b-3232-49bd-bfe9-6bfcf78aa3cb] Adding new dynamic property: PropertyDescriptor[simple]
[pool-2367-thread-1] INFO org.apache.nifi.processors.standard.RouteText - RouteText[id=e191155b-3232-49bd-bfe9-6bfcf78aa3cb] Created FlowFile[89,92021614069606.mockFlowFile,22B] from FlowFile[88,92021614069606.mockFlowFile,22B]; routing to relationship simple
[pool-2367-thread-1] INFO org.apache.nifi.processors.standard.RouteText - RouteText[id=e191155b-3232-49bd-bfe9-6bfcf78aa3cb] Routing FlowFile[88,92021614069606.mockFlowFile,22B] to original
[main] DEBUG org.apache.nifi.processors.standard.RouteText - RouteText[id=e191155b-3232-49bd-bfe9-6bfcf78aa3cb] Adding new dynamic property: PropertyDescriptor[simple]
[pool-2368-thread-1] INFO org.apache.nifi.processors.standard.RouteText - RouteText[id=e191155b-3232-49bd-bfe9-6bfcf78aa3cb] Created FlowFile[91,92021614590859.mockFlowFile,22B] from FlowFile[90,92021614590859.mockFlowFile,22B]; routing to relationship simple
[pool-2368-thread-1] INFO org.apache.nifi.processors.standard.RouteText - RouteText[id=e191155b-3232-49bd-bfe9-6bfcf78aa3cb] Routing FlowFile[90,92021614590859.mockFlowFile,22B] to original
[main] DEBUG org.apache.nifi.processors.standard.RouteText - RouteText[id=e191155b-3232-49bd-bfe9-6bfcf78aa3cb] Adding new dynamic property: PropertyDescriptor[simple]
[pool-2369-thread-1] INFO org.apache.nifi.processors.standard.RouteText - RouteText[id=e191155b-3232-49bd-bfe9-6bfcf78aa3cb] Created FlowFile[93,92021615081453.mockFlowFile,22B] from FlowFile[92,92021615081453.mockFlowFile,22B]; routing to relationship simple
[pool-2369-thread-1] INFO org.apache.nifi.processors.standard.RouteText - RouteText[id=e191155b-3232-49bd-bfe9-6bfcf78aa3cb] Routing FlowFile[92,92021615081453.mockFlowFile,22B] to original
[main] DEBUG org.apache.nifi.processors.standard.RouteText - RouteText[id=e191155b-3232-49bd-bfe9-6bfcf78aa3cb] Adding new dynamic property: PropertyDescriptor[simple]
[pool-2370-thread-1] INFO org.apache.nifi.processors.standard.RouteText - RouteText[id=e191155b-3232-49bd-bfe9-6bfcf78aa3cb] Created FlowFile[95,92021615729063.mockFlowFile,22B] from FlowFile[94,92021615729063.mockFlowFile,22B]; routing to relationship simple
[pool-2370-thread-1] INFO org.apache.nifi.processors.standard.RouteText - RouteText[id=e191155b-3232-49bd-bfe9-6bfcf78aa3cb] Routing FlowFile[94,92021615729063.mockFlowFile,22B] to original
[main] DEBUG org.apache.nifi.processors.standard.RouteText - RouteText[id=e191155b-3232-49bd-bfe9-6bfcf78aa3cb] Adding new dynamic property: PropertyDescriptor[simple]
[pool-2371-thread-1] INFO org.apache.nifi.processors.standard.RouteText - RouteText[id=e191155b-3232-49bd-bfe9-6bfcf78aa3cb] Created FlowFile[97,92021616233338.mockFlowFile,22B] from FlowFile[96,92021616233338.mockFlowFile,22B]; routing to relationship simple
[pool-2371-thread-1] INFO org.apache.nifi.processors.standard.RouteText - RouteText[id=e191155b-3232-49bd-bfe9-6bfcf78aa3cb] Routing FlowFile[96,92021616233338.mockFlowFile,22B] to original
[main] DEBUG org.apache.nifi.processors.standard.RouteText - RouteText[id=e191155b-3232-49bd-bfe9-6bfcf78aa3cb] Adding new dynamic property: PropertyDescriptor[simple]
[pool-2372-thread-1] INFO org.apache.nifi.processors.standard.RouteText - RouteText[id=e191155b-3232-49bd-bfe9-6bfcf78aa3cb] Created FlowFile[99,92021616906435.mockFlowFile,22B] from FlowFile[98,92021616906435.mockFlowFile,22B]; routing to relationship simple
[pool-2372-thread-1] INFO org.apache.nifi.processors.standard.RouteText - RouteText[id=e191155b-3232-49bd-bfe9-6bfcf78aa3cb] Routing FlowFile[98,92021616906435.mockFlowFile,22B] to original
[main] DEBUG org.apache.nifi.processors.standard.RouteText - RouteText[id=e191155b-3232-49bd-bfe9-6bfcf78aa3cb] Adding new dynamic property: PropertyDescriptor[simple]
[pool-2373-thread-1] INFO org.apache.nifi.processors.standard.RouteText - RouteText[id=e191155b-3232-49bd-bfe9-6bfcf78aa3cb] Created FlowFile[101,92021617584594.mockFlowFile,22B] from FlowFile[100,92021617584594.mockFlowFile,22B]; routing to relationship simple
[pool-2373-thread-1] INFO org.apache.nifi.processors.standard.RouteText - RouteText[id=e191155b-3232-49bd-bfe9-6bfcf78aa3cb] Routing FlowFile[100,92021617584594.mockFlowFile,22B] to original
[main] DEBUG org.apache.nifi.processors.standard.RouteText - RouteText[id=e191155b-3232-49bd-bfe9-6bfcf78aa3cb] Adding new dynamic property: PropertyDescriptor[simple]
[pool-2374-thread-1] INFO org.apache.nifi.processors.standard.RouteText - RouteText[id=e191155b-3232-49bd-bfe9-6bfcf78aa3cb] Created FlowFile[103,92021618411021.mockFlowFile,22B] from FlowFile[102,92021618411021.mockFlowFile,22B]; routing to relationship simple
[pool-2374-thread-1] INFO org.apache.nifi.processors.standard.RouteText - RouteText[id=e191155b-3232-49bd-bfe9-6bfcf78aa3cb] Routing FlowFile[102,92021618411021.mockFlowFile,22B] to original
[main] DEBUG org.apache.nifi.processors.standard.RouteText - RouteText[id=e191155b-3232-49bd-bfe9-6bfcf78aa3cb] Adding new dynamic property: PropertyDescriptor[simple]
[pool-2375-thread-1] INFO org.apache.nifi.processors.standard.RouteText - RouteText[id=e191155b-3232-49bd-bfe9-6bfcf78aa3cb] Created FlowFile[105,92021619028412.mockFlowFile,22B] from FlowFile[104,92021619028412.mockFlowFile,22B]; routing to relationship simple
[pool-2375-thread-1] INFO org.apache.nifi.processors.standard.RouteText - RouteText[id=e191155b-3232-49bd-bfe9-6bfcf78aa3cb] Routing FlowFile[104,92021619028412.mockFlowFile,22B] to original
[main] DEBUG org.apache.nifi.processors.standard.RouteText - RouteText[id=e191155b-3232-49bd-bfe9-6bfcf78aa3cb] Adding new dynamic property: PropertyDescriptor[simple]
[pool-2376-thread-1] INFO org.apache.nifi.processors.standard.RouteText - RouteText[id=e191155b-3232-49bd-bfe9-6bfcf78aa3cb] Created FlowFile[107,92021619706257.mockFlowFile,22B] from FlowFile[106,92021619706257.mockFlowFile,22B]; routing to relationship simple
[pool-2376-thread-1] INFO org.apache.nifi.processors.standard.RouteText - RouteText[id=e191155b-3232-49bd-bfe9-6bfcf78aa3cb] Routing FlowFile[106,92021619706257.mockFlowFile,22B] to original
[main] DEBUG org.apache.nifi.processors.standard.RouteText - RouteText[id=e191155b-3232-49bd-bfe9-6bfcf78aa3cb] Adding new dynamic property: PropertyDescriptor[simple]
[pool-2377-thread-1] INFO org.apache.nifi.processors.standard.RouteText - RouteText[id=e191155b-3232-49bd-bfe9-6bfcf78aa3cb] Created FlowFile[109,92021620203102.mockFlowFile,22B] from FlowFile[108,92021620203102.mockFlowFile,22B]; routing to relationship simple
[pool-2377-thread-1] INFO org.apache.nifi.processors.standard.RouteText - RouteText[id=e191155b-3232-49bd-bfe9-6bfcf78aa3cb] Routing FlowFile[108,92021620203102.mockFlowFile,22B] to original
[main] DEBUG org.apache.nifi.processors.standard.RouteText - RouteText[id=e191155b-3232-49bd-bfe9-6bfcf78aa3cb] Adding new dynamic property: PropertyDescriptor[simple]
[pool-2378-thread-1] INFO org.apache.nifi.processors.standard.RouteText - RouteText[id=e191155b-3232-49bd-bfe9-6bfcf78aa3cb] Created FlowFile[111,92021620761390.mockFlowFile,22B] from FlowFile[110,92021620761390.mockFlowFile,22B]; routing to relationship simple
[pool-2378-thread-1] INFO org.apache.nifi.processors.standard.RouteText - RouteText[id=e191155b-3232-49bd-bfe9-6bfcf78aa3cb] Routing FlowFile[110,92021620761390.mockFlowFile,22B] to original
[main] DEBUG org.apache.nifi.processors.standard.RouteText - RouteText[id=e191155b-3232-49bd-bfe9-6bfcf78aa3cb] Adding new dynamic property: PropertyDescriptor[simple]
[pool-2379-thread-1] INFO org.apache.nifi.processors.standard.RouteText - RouteText[id=e191155b-3232-49bd-bfe9-6bfcf78aa3cb] Created FlowFile[113,92021621290817.mockFlowFile,22B] from FlowFile[112,92021621290817.mockFlowFile,22B]; routing to relationship simple
[pool-2379-thread-1] INFO org.apache.nifi.processors.standard.RouteText - RouteText[id=e191155b-3232-49bd-bfe9-6bfcf78aa3cb] Routing FlowFile[112,92021621290817.mockFlowFile,22B] to original
[main] DEBUG org.apache.nifi.processors.standard.RouteText - RouteText[id=e191155b-3232-49bd-bfe9-6bfcf78aa3cb] Adding new dynamic property: PropertyDescriptor[simple]
[pool-2380-thread-1] INFO org.apache.nifi.processors.standard.RouteText - RouteText[id=e191155b-3232-49bd-bfe9-6bfcf78aa3cb] Created FlowFile[115,92021621807786.mockFlowFile,22B] from FlowFile[114,92021621807786.mockFlowFile,22B]; routing to relationship simple
[pool-2380-thread-1] INFO org.apache.nifi.processors.standard.RouteText - RouteText[id=e191155b-3232-49bd-bfe9-6bfcf78aa3cb] Routing FlowFile[114,92021621807786.mockFlowFile,22B] to original
[main] DEBUG org.apache.nifi.processors.standard.RouteText - RouteText[id=e191155b-3232-49bd-bfe9-6bfcf78aa3cb] Adding new dynamic property: PropertyDescriptor[simple]
[pool-2381-thread-1] INFO org.apache.nifi.processors.standard.RouteText - RouteText[id=e191155b-3232-49bd-bfe9-6bfcf78aa3cb] Created FlowFile[117,92021622334129.mockFlowFile,22B] from FlowFile[116,92021622334129.mockFlowFile,22B]; routing to relationship simple
[pool-2381-thread-1] INFO org.apache.nifi.processors.standard.RouteText - RouteText[id=e191155b-3232-49bd-bfe9-6bfcf78aa3cb] Routing FlowFile[116,92021622334129.mockFlowFile,22B] to original
[main] DEBUG org.apache.nifi.processors.standard.RouteText - RouteText[id=e191155b-3232-49bd-bfe9-6bfcf78aa3cb] Adding new dynamic property: PropertyDescriptor[simple]
[pool-2382-thread-1] INFO org.apache.nifi.processors.standard.RouteText - RouteText[id=e191155b-3232-49bd-bfe9-6bfcf78aa3cb] Created FlowFile[119,92021622886684.mockFlowFile,22B] from FlowFile[118,92021622886684.mockFlowFile,22B]; routing to relationship simple
[pool-2382-thread-1] INFO org.apache.nifi.processors.standard.RouteText - RouteText[id=e191155b-3232-49bd-bfe9-6bfcf78aa3cb] Routing FlowFile[118,92021622886684.mockFlowFile,22B] to original
[main] DEBUG org.apache.nifi.processors.standard.RouteText - RouteText[id=e191155b-3232-49bd-bfe9-6bfcf78aa3cb] Adding new dynamic property: PropertyDescriptor[simple]
[pool-2383-thread-1] INFO org.apache.nifi.processors.standard.RouteText - RouteText[id=e191155b-3232-49bd-bfe9-6bfcf78aa3cb] Created FlowFile[121,92021623527280.mockFlowFile,22B] from FlowFile[120,92021623527280.mockFlowFile,22B]; routing to relationship simple
[pool-2383-thread-1] INFO org.apache.nifi.processors.standard.RouteText - RouteText[id=e191155b-3232-49bd-bfe9-6bfcf78aa3cb] Routing FlowFile[120,92021623527280.mockFlowFile,22B] to original
[main] DEBUG org.apache.nifi.processors.standard.RouteText - RouteText[id=e191155b-3232-49bd-bfe9-6bfcf78aa3cb] Adding new dynamic property: PropertyDescriptor[simple]
[pool-2384-thread-1] INFO org.apache.nifi.processors.standard.RouteText - RouteText[id=e191155b-3232-49bd-bfe9-6bfcf78aa3cb] Created FlowFile[123,92021624239243.mockFlowFile,22B] from FlowFile[122,92021624239243.mockFlowFile,22B]; routing to relationship simple
[pool-2384-thread-1] INFO org.apache.nifi.processors.standard.RouteText - RouteText[id=e191155b-3232-49bd-bfe9-6bfcf78aa3cb] Routing FlowFile[122,92021624239243.mockFlowFile,22B] to original
[main] DEBUG org.apache.nifi.processors.standard.RouteText - RouteText[id=e191155b-3232-49bd-bfe9-6bfcf78aa3cb] Adding new dynamic property: PropertyDescriptor[simple]
[pool-2385-thread-1] INFO org.apache.nifi.processors.standard.RouteText - RouteText[id=e191155b-3232-49bd-bfe9-6bfcf78aa3cb] Created FlowFile[125,92021624875439.mockFlowFile,22B] from FlowFile[124,92021624875439.mockFlowFile,22B]; routing to relationship simple
[pool-2385-thread-1] INFO org.apache.nifi.processors.standard.RouteText - RouteText[id=e191155b-3232-49bd-bfe9-6bfcf78aa3cb] Routing FlowFile[124,92021624875439.mockFlowFile,22B] to original
[main] DEBUG org.apache.nifi.processors.standard.RouteText - RouteText[id=e191155b-3232-49bd-bfe9-6bfcf78aa3cb] Adding new dynamic property: PropertyDescriptor[simple]
[pool-2386-thread-1] INFO org.apache.nifi.processors.standard.RouteText - RouteText[id=e191155b-3232-49bd-bfe9-6bfcf78aa3cb] Created FlowFile[127,92021625513934.mockFlowFile,22B] from FlowFile[126,92021625513934.mockFlowFile,22B]; routing to relationship simple
[pool-2386-thread-1] INFO org.apache.nifi.processors.standard.RouteText - RouteText[id=e191155b-3232-49bd-bfe9-6bfcf78aa3cb] Routing FlowFile[126,92021625513934.mockFlowFile,22B] to original
[main] DEBUG org.apache.nifi.processors.standard.RouteText - RouteText[id=e191155b-3232-49bd-bfe9-6bfcf78aa3cb] Adding new dynamic property: PropertyDescriptor[simple]
[pool-2387-thread-1] INFO org.apache.nifi.processors.standard.RouteText - RouteText[id=e191155b-3232-49bd-bfe9-6bfcf78aa3cb] Created FlowFile[129,92021626156415.mockFlowFile,22B] from FlowFile[128,92021626156415.mockFlowFile,22B]; routing to relationship simple
[pool-2387-thread-1] INFO org.apache.nifi.processors.standard.RouteText - RouteText[id=e191155b-3232-49bd-bfe9-6bfcf78aa3cb] Routing FlowFile[128,92021626156415.mockFlowFile,22B] to original
[main] DEBUG org.apache.nifi.processors.standard.RouteText - RouteText[id=e191155b-3232-49bd-bfe9-6bfcf78aa3cb] Adding new dynamic property: PropertyDescriptor[simple]
[pool-2388-thread-1] INFO org.apache.nifi.processors.standard.RouteText - RouteText[id=e191155b-3232-49bd-bfe9-6bfcf78aa3cb] Created FlowFile[131,92021626981806.mockFlowFile,22B] from FlowFile[130,92021626981806.mockFlowFile,22B]; routing to relationship simple
[pool-2388-thread-1] INFO org.apache.nifi.processors.standard.RouteText - RouteText[id=e191155b-3232-49bd-bfe9-6bfcf78aa3cb] Routing FlowFile[130,92021626981806.mockFlowFile,22B] to original
[main] DEBUG org.apache.nifi.processors.standard.RouteText - RouteText[id=e191155b-3232-49bd-bfe9-6bfcf78aa3cb] Adding new dynamic property: PropertyDescriptor[simple]
[pool-2389-thread-1] INFO org.apache.nifi.processors.standard.RouteText - RouteText[id=e191155b-3232-49bd-bfe9-6bfcf78aa3cb] Created FlowFile[133,92021627770211.mockFlowFile,22B] from FlowFile[132,92021627770211.mockFlowFile,22B]; routing to relationship simple
[pool-2389-thread-1] INFO org.apache.nifi.processors.standard.RouteText - RouteText[id=e191155b-3232-49bd-bfe9-6bfcf78aa3cb] Routing FlowFile[132,92021627770211.mockFlowFile,22B] to original
[main] DEBUG org.apache.nifi.processors.standard.RouteText - RouteText[id=e191155b-3232-49bd-bfe9-6bfcf78aa3cb] Adding new dynamic property: PropertyDescriptor[simple]
[pool-2390-thread-1] INFO org.apache.nifi.processors.standard.RouteText - RouteText[id=e191155b-3232-49bd-bfe9-6bfcf78aa3cb] Created FlowFile[135,92021628930552.mockFlowFile,22B] from FlowFile[134,92021628930552.mockFlowFile,22B]; routing to relationship simple
[pool-2390-thread-1] INFO org.apache.nifi.processors.standard.RouteText - RouteText[id=e191155b-3232-49bd-bfe9-6bfcf78aa3cb] Routing FlowFile[134,92021628930552.mockFlowFile,22B] to original
[main] DEBUG org.apache.nifi.processors.standard.RouteText - RouteText[id=e191155b-3232-49bd-bfe9-6bfcf78aa3cb] Adding new dynamic property: PropertyDescriptor[simple]
[pool-2391-thread-1] INFO org.apache.nifi.processors.standard.RouteText - RouteText[id=e191155b-3232-49bd-bfe9-6bfcf78aa3cb] Created FlowFile[137,92021629681013.mockFlowFile,22B] from FlowFile[136,92021629681013.mockFlowFile,22B]; routing to relationship simple
[pool-2391-thread-1] INFO org.apache.nifi.processors.standard.RouteText - RouteText[id=e191155b-3232-49bd-bfe9-6bfcf78aa3cb] Routing FlowFile[136,92021629681013.mockFlowFile,22B] to original
[main] DEBUG org.apache.nifi.processors.standard.RouteText - RouteText[id=e191155b-3232-49bd-bfe9-6bfcf78aa3cb] Adding new dynamic property: PropertyDescriptor[simple]
[pool-2392-thread-1] INFO org.apache.nifi.processors.standard.RouteText - RouteText[id=e191155b-3232-49bd-bfe9-6bfcf78aa3cb] Created FlowFile[139,92021630367749.mockFlowFile,22B] from FlowFile[138,92021630367749.mockFlowFile,22B]; routing to relationship simple
[pool-2392-thread-1] INFO org.apache.nifi.processors.standard.RouteText - RouteText[id=e191155b-3232-49bd-bfe9-6bfcf78aa3cb] Routing FlowFile[138,92021630367749.mockFlowFile,22B] to original
[main] DEBUG org.apache.nifi.processors.standard.RouteText - RouteText[id=e191155b-3232-49bd-bfe9-6bfcf78aa3cb] Adding new dynamic property: PropertyDescriptor[simple]
[pool-2393-thread-1] INFO org.apache.nifi.processors.standard.RouteText - RouteText[id=e191155b-3232-49bd-bfe9-6bfcf78aa3cb] Created FlowFile[141,92021631038609.mockFlowFile,22B] from FlowFile[140,92021631038609.mockFlowFile,22B]; routing to relationship simple
[pool-2393-thread-1] INFO org.apache.nifi.processors.standard.RouteText - RouteText[id=e191155b-3232-49bd-bfe9-6bfcf78aa3cb] Routing FlowFile[140,92021631038609.mockFlowFile,22B] to original
[main] DEBUG org.apache.nifi.processors.standard.RouteText - RouteText[id=e191155b-3232-49bd-bfe9-6bfcf78aa3cb] Adding new dynamic property: PropertyDescriptor[simple]
[pool-2394-thread-1] INFO org.apache.nifi.processors.standard.RouteText - RouteText[id=e191155b-3232-49bd-bfe9-6bfcf78aa3cb] Created FlowFile[143,92021631594266.mockFlowFile,22B] from FlowFile[142,92021631594266.mockFlowFile,22B]; routing to relationship simple
[pool-2394-thread-1] INFO org.apache.nifi.processors.standard.RouteText - RouteText[id=e191155b-3232-49bd-bfe9-6bfcf78aa3cb] Routing FlowFile[142,92021631594266.mockFlowFile,22B] to original
[main] DEBUG org.apache.nifi.processors.standard.RouteText - RouteText[id=e191155b-3232-49bd-bfe9-6bfcf78aa3cb] Adding new dynamic property: PropertyDescriptor[simple]
[pool-2395-thread-1] INFO org.apache.nifi.processors.standard.RouteText - RouteText[id=e191155b-3232-49bd-bfe9-6bfcf78aa3cb] Created FlowFile[145,92021632328288.mockFlowFile,22B] from FlowFile[144,92021632328288.mockFlowFile,22B]; routing to relationship simple
[pool-2395-thread-1] INFO org.apache.nifi.processors.standard.RouteText - RouteText[id=e191155b-3232-49bd-bfe9-6bfcf78aa3cb] Routing FlowFile[144,92021632328288.mockFlowFile,22B] to original
[main] DEBUG org.apache.nifi.processors.standard.RouteText - RouteText[id=e191155b-3232-49bd-bfe9-6bfcf78aa3cb] Adding new dynamic property: PropertyDescriptor[simple]
[pool-2396-thread-1] INFO org.apache.nifi.processors.standard.RouteText - RouteText[id=e191155b-3232-49bd-bfe9-6bfcf78aa3cb] Created FlowFile[147,92021632957617.mockFlowFile,22B] from FlowFile[146,92021632957617.mockFlowFile,22B]; routing to relationship simple
[pool-2396-thread-1] INFO org.apache.nifi.processors.standard.RouteText - RouteText[id=e191155b-3232-49bd-bfe9-6bfcf78aa3cb] Routing FlowFile[146,92021632957617.mockFlowFile,22B] to original
[main] DEBUG org.apache.nifi.processors.standard.RouteText - RouteText[id=e191155b-3232-49bd-bfe9-6bfcf78aa3cb] Adding new dynamic property: PropertyDescriptor[simple]
[pool-2397-thread-1] INFO org.apache.nifi.processors.standard.RouteText - RouteText[id=e191155b-3232-49bd-bfe9-6bfcf78aa3cb] Created FlowFile[149,92021633601860.mockFlowFile,22B] from FlowFile[148,92021633601860.mockFlowFile,22B]; routing to relationship simple
[pool-2397-thread-1] INFO org.apache.nifi.processors.standard.RouteText - RouteText[id=e191155b-3232-49bd-bfe9-6bfcf78aa3cb] Routing FlowFile[148,92021633601860.mockFlowFile,22B] to original
[main] DEBUG org.apache.nifi.processors.standard.RouteText - RouteText[id=e191155b-3232-49bd-bfe9-6bfcf78aa3cb] Adding new dynamic property: PropertyDescriptor[simple]
[pool-2398-thread-1] INFO org.apache.nifi.processors.standard.RouteText - RouteText[id=e191155b-3232-49bd-bfe9-6bfcf78aa3cb] Created FlowFile[151,92021634217784.mockFlowFile,22B] from FlowFile[150,92021634217784.mockFlowFile,22B]; routing to relationship simple
[pool-2398-thread-1] INFO org.apache.nifi.processors.standard.RouteText - RouteText[id=e191155b-3232-49bd-bfe9-6bfcf78aa3cb] Routing FlowFile[150,92021634217784.mockFlowFile,22B] to original
[main] DEBUG org.apache.nifi.processors.standard.RouteText - RouteText[id=e191155b-3232-49bd-bfe9-6bfcf78aa3cb] Adding new dynamic property: PropertyDescriptor[simple]
[pool-2399-thread-1] INFO org.apache.nifi.processors.standard.RouteText - RouteText[id=e191155b-3232-49bd-bfe9-6bfcf78aa3cb] Created FlowFile[153,92021634828506.mockFlowFile,22B] from FlowFile[152,92021634828506.mockFlowFile,22B]; routing to relationship simple
[pool-2399-thread-1] INFO org.apache.nifi.processors.standard.RouteText - RouteText[id=e191155b-3232-49bd-bfe9-6bfcf78aa3cb] Routing FlowFile[152,92021634828506.mockFlowFile,22B] to original
[main] DEBUG org.apache.nifi.processors.standard.RouteText - RouteText[id=e191155b-3232-49bd-bfe9-6bfcf78aa3cb] Adding new dynamic property: PropertyDescriptor[simple]
[pool-2400-thread-1] INFO org.apache.nifi.processors.standard.RouteText - RouteText[id=e191155b-3232-49bd-bfe9-6bfcf78aa3cb] Created FlowFile[155,92021635447066.mockFlowFile,22B] from FlowFile[154,92021635447066.mockFlowFile,22B]; routing to relationship simple
[pool-2400-thread-1] INFO org.apache.nifi.processors.standard.RouteText - RouteText[id=e191155b-3232-49bd-bfe9-6bfcf78aa3cb] Routing FlowFile[154,92021635447066.mockFlowFile,22B] to original
[main] DEBUG org.apache.nifi.processors.standard.RouteText - RouteText[id=e191155b-3232-49bd-bfe9-6bfcf78aa3cb] Adding new dynamic property: PropertyDescriptor[simple]
[pool-2401-thread-1] INFO org.apache.nifi.processors.standard.RouteText - RouteText[id=e191155b-3232-49bd-bfe9-6bfcf78aa3cb] Created FlowFile[157,92021636150120.mockFlowFile,22B] from FlowFile[156,92021636150120.mockFlowFile,22B]; routing to relationship simple
[pool-2401-thread-1] INFO org.apache.nifi.processors.standard.RouteText - RouteText[id=e191155b-3232-49bd-bfe9-6bfcf78aa3cb] Routing FlowFile[156,92021636150120.mockFlowFile,22B] to original
[main] DEBUG org.apache.nifi.processors.standard.RouteText - RouteText[id=e191155b-3232-49bd-bfe9-6bfcf78aa3cb] Adding new dynamic property: PropertyDescriptor[simple]
[pool-2402-thread-1] INFO org.apache.nifi.processors.standard.RouteText - RouteText[id=e191155b-3232-49bd-bfe9-6bfcf78aa3cb] Created FlowFile[159,92021636844736.mockFlowFile,22B] from FlowFile[158,92021636844736.mockFlowFile,22B]; routing to relationship simple
[pool-2402-thread-1] INFO org.apache.nifi.processors.standard.RouteText - RouteText[id=e191155b-3232-49bd-bfe9-6bfcf78aa3cb] Routing FlowFile[158,92021636844736.mockFlowFile,22B] to original
[main] DEBUG org.apache.nifi.processors.standard.RouteText - RouteText[id=e191155b-3232-49bd-bfe9-6bfcf78aa3cb] Adding new dynamic property: PropertyDescriptor[simple]
[pool-2403-thread-1] INFO org.apache.nifi.processors.standard.RouteText - RouteText[id=e191155b-3232-49bd-bfe9-6bfcf78aa3cb] Created FlowFile[161,92021637515238.mockFlowFile,22B] from FlowFile[160,92021637515238.mockFlowFile,22B]; routing to relationship simple
[pool-2403-thread-1] INFO org.apache.nifi.processors.standard.RouteText - RouteText[id=e191155b-3232-49bd-bfe9-6bfcf78aa3cb] Routing FlowFile[160,92021637515238.mockFlowFile,22B] to original
[main] DEBUG org.apache.nifi.processors.standard.RouteText - RouteText[id=e191155b-3232-49bd-bfe9-6bfcf78aa3cb] Adding new dynamic property: PropertyDescriptor[simple]
[pool-2404-thread-1] INFO org.apache.nifi.processors.standard.RouteText - RouteText[id=e191155b-3232-49bd-bfe9-6bfcf78aa3cb] Created FlowFile[163,92021638157696.mockFlowFile,22B] from FlowFile[162,92021638157696.mockFlowFile,22B]; routing to relationship simple
[pool-2404-thread-1] INFO org.apache.nifi.processors.standard.RouteText - RouteText[id=e191155b-3232-49bd-bfe9-6bfcf78aa3cb] Routing FlowFile[162,92021638157696.mockFlowFile,22B] to original
[main] DEBUG org.apache.nifi.processors.standard.RouteText - RouteText[id=e191155b-3232-49bd-bfe9-6bfcf78aa3cb] Adding new dynamic property: PropertyDescriptor[simple]
[pool-2405-thread-1] INFO org.apache.nifi.processors.standard.RouteText - RouteText[id=e191155b-3232-49bd-bfe9-6bfcf78aa3cb] Created FlowFile[165,92021638773229.mockFlowFile,22B] from FlowFile[164,92021638773229.mockFlowFile,22B]; routing to relationship simple
[pool-2405-thread-1] INFO org.apache.nifi.processors.standard.RouteText - RouteText[id=e191155b-3232-49bd-bfe9-6bfcf78aa3cb] Routing FlowFile[164,92021638773229.mockFlowFile,22B] to original
[main] DEBUG org.apache.nifi.processors.standard.RouteText - RouteText[id=e191155b-3232-49bd-bfe9-6bfcf78aa3cb] Adding new dynamic property: PropertyDescriptor[simple]
[pool-2406-thread-1] INFO org.apache.nifi.processors.standard.RouteText - RouteText[id=e191155b-3232-49bd-bfe9-6bfcf78aa3cb] Created FlowFile[167,92021639370882.mockFlowFile,22B] from FlowFile[166,92021639370882.mockFlowFile,22B]; routing to relationship simple
[pool-2406-thread-1] INFO org.apache.nifi.processors.standard.RouteText - RouteText[id=e191155b-3232-49bd-bfe9-6bfcf78aa3cb] Routing FlowFile[166,92021639370882.mockFlowFile,22B] to original
[main] DEBUG org.apache.nifi.processors.standard.RouteText - RouteText[id=e191155b-3232-49bd-bfe9-6bfcf78aa3cb] Adding new dynamic property: PropertyDescriptor[simple]
[pool-2407-thread-1] INFO org.apache.nifi.processors.standard.RouteText - RouteText[id=e191155b-3232-49bd-bfe9-6bfcf78aa3cb] Created FlowFile[169,92021639957579.mockFlowFile,22B] from FlowFile[168,92021639957579.mockFlowFile,22B]; routing to relationship simple
[pool-2407-thread-1] INFO org.apache.nifi.processors.standard.RouteText - RouteText[id=e191155b-3232-49bd-bfe9-6bfcf78aa3cb] Routing FlowFile[168,92021639957579.mockFlowFile,22B] to original
[main] DEBUG org.apache.nifi.processors.standard.RouteText - RouteText[id=e191155b-3232-49bd-bfe9-6bfcf78aa3cb] Adding new dynamic property: PropertyDescriptor[simple]
[pool-2408-thread-1] INFO org.apache.nifi.processors.standard.RouteText - RouteText[id=e191155b-3232-49bd-bfe9-6bfcf78aa3cb] Created FlowFile[171,92021640561341.mockFlowFile,22B] from FlowFile[170,92021640561341.mockFlowFile,22B]; routing to relationship simple
[pool-2408-thread-1] INFO org.apache.nifi.processors.standard.RouteText - RouteText[id=e191155b-3232-49bd-bfe9-6bfcf78aa3cb] Routing FlowFile[170,92021640561341.mockFlowFile,22B] to original
[main] DEBUG org.apache.nifi.processors.standard.RouteText - RouteText[id=e191155b-3232-49bd-bfe9-6bfcf78aa3cb] Adding new dynamic property: PropertyDescriptor[simple]
[pool-2409-thread-1] INFO org.apache.nifi.processors.standard.RouteText - RouteText[id=e191155b-3232-49bd-bfe9-6bfcf78aa3cb] Created FlowFile[173,92021641201534.mockFlowFile,22B] from FlowFile[172,92021641201534.mockFlowFile,22B]; routing to relationship simple
[pool-2409-thread-1] INFO org.apache.nifi.processors.standard.RouteText - RouteText[id=e191155b-3232-49bd-bfe9-6bfcf78aa3cb] Routing FlowFile[172,92021641201534.mockFlowFile,22B] to original
[main] DEBUG org.apache.nifi.processors.standard.RouteText - RouteText[id=e191155b-3232-49bd-bfe9-6bfcf78aa3cb] Adding new dynamic property: PropertyDescriptor[simple]
[pool-2410-thread-1] INFO org.apache.nifi.processors.standard.RouteText - RouteText[id=e191155b-3232-49bd-bfe9-6bfcf78aa3cb] Created FlowFile[175,92021641861198.mockFlowFile,22B] from FlowFile[174,92021641861198.mockFlowFile,22B]; routing to relationship simple
[pool-2410-thread-1] INFO org.apache.nifi.processors.standard.RouteText - RouteText[id=e191155b-3232-49bd-bfe9-6bfcf78aa3cb] Routing FlowFile[174,92021641861198.mockFlowFile,22B] to original
[main] DEBUG org.apache.nifi.processors.standard.RouteText - RouteText[id=e191155b-3232-49bd-bfe9-6bfcf78aa3cb] Adding new dynamic property: PropertyDescriptor[simple]
[pool-2411-thread-1] INFO org.apache.nifi.processors.standard.RouteText - RouteText[id=e191155b-3232-49bd-bfe9-6bfcf78aa3cb] Created FlowFile[177,92021642504662.mockFlowFile,22B] from FlowFile[176,92021642504662.mockFlowFile,22B]; routing to relationship simple
[pool-2411-thread-1] INFO org.apache.nifi.processors.standard.RouteText - RouteText[id=e191155b-3232-49bd-bfe9-6bfcf78aa3cb] Routing FlowFile[176,92021642504662.mockFlowFile,22B] to original
[main] DEBUG org.apache.nifi.processors.standard.RouteText - RouteText[id=e191155b-3232-49bd-bfe9-6bfcf78aa3cb] Adding new dynamic property: PropertyDescriptor[simple]
[pool-2412-thread-1] INFO org.apache.nifi.processors.standard.RouteText - RouteText[id=e191155b-3232-49bd-bfe9-6bfcf78aa3cb] Created FlowFile[179,92021643250599.mockFlowFile,22B] from FlowFile[178,92021643250599.mockFlowFile,22B]; routing to relationship simple
[pool-2412-thread-1] INFO org.apache.nifi.processors.standard.RouteText - RouteText[id=e191155b-3232-49bd-bfe9-6bfcf78aa3cb] Routing FlowFile[178,92021643250599.mockFlowFile,22B] to original
[main] DEBUG org.apache.nifi.processors.standard.RouteText - RouteText[id=e191155b-3232-49bd-bfe9-6bfcf78aa3cb] Adding new dynamic property: PropertyDescriptor[simple]
[pool-2413-thread-1] INFO org.apache.nifi.processors.standard.RouteText - RouteText[id=e191155b-3232-49bd-bfe9-6bfcf78aa3cb] Created FlowFile[181,92021643891519.mockFlowFile,22B] from FlowFile[180,92021643891519.mockFlowFile,22B]; routing to relationship simple
[pool-2413-thread-1] INFO org.apache.nifi.processors.standard.RouteText - RouteText[id=e191155b-3232-49bd-bfe9-6bfcf78aa3cb] Routing FlowFile[180,92021643891519.mockFlowFile,22B] to original
[main] DEBUG org.apache.nifi.processors.standard.RouteText - RouteText[id=e191155b-3232-49bd-bfe9-6bfcf78aa3cb] Adding new dynamic property: PropertyDescriptor[simple]
[pool-2414-thread-1] INFO org.apache.nifi.processors.standard.RouteText - RouteText[id=e191155b-3232-49bd-bfe9-6bfcf78aa3cb] Created FlowFile[183,92021644539366.mockFlowFile,22B] from FlowFile[182,92021644539366.mockFlowFile,22B]; routing to relationship simple
[pool-2414-thread-1] INFO org.apache.nifi.processors.standard.RouteText - RouteText[id=e191155b-3232-49bd-bfe9-6bfcf78aa3cb] Routing FlowFile[182,92021644539366.mockFlowFile,22B] to original
[main] DEBUG org.apache.nifi.processors.standard.RouteText - RouteText[id=e191155b-3232-49bd-bfe9-6bfcf78aa3cb] Adding new dynamic property: PropertyDescriptor[simple]
[pool-2415-thread-1] INFO org.apache.nifi.processors.standard.RouteText - RouteText[id=e191155b-3232-49bd-bfe9-6bfcf78aa3cb] Created FlowFile[185,92021645573438.mockFlowFile,22B] from FlowFile[184,92021645573438.mockFlowFile,22B]; routing to relationship simple
[pool-2415-thread-1] INFO org.apache.nifi.processors.standard.RouteText - RouteText[id=e191155b-3232-49bd-bfe9-6bfcf78aa3cb] Routing FlowFile[184,92021645573438.mockFlowFile,22B] to original
[main] DEBUG org.apache.nifi.processors.standard.RouteText - RouteText[id=e191155b-3232-49bd-bfe9-6bfcf78aa3cb] Adding new dynamic property: PropertyDescriptor[simple]
[pool-2416-thread-1] INFO org.apache.nifi.processors.standard.RouteText - RouteText[id=e191155b-3232-49bd-bfe9-6bfcf78aa3cb] Created FlowFile[187,92021646256751.mockFlowFile,22B] from FlowFile[186,92021646256751.mockFlowFile,22B]; routing to relationship simple
[pool-2416-thread-1] INFO org.apache.nifi.processors.standard.RouteText - RouteText[id=e191155b-3232-49bd-bfe9-6bfcf78aa3cb] Routing FlowFile[186,92021646256751.mockFlowFile,22B] to original
[main] DEBUG org.apache.nifi.processors.standard.RouteText - RouteText[id=e191155b-3232-49bd-bfe9-6bfcf78aa3cb] Adding new dynamic property: PropertyDescriptor[simple]
[pool-2417-thread-1] INFO org.apache.nifi.processors.standard.RouteText - RouteText[id=e191155b-3232-49bd-bfe9-6bfcf78aa3cb] Created FlowFile[189,92021646885405.mockFlowFile,22B] from FlowFile[188,92021646885405.mockFlowFile,22B]; routing to relationship simple
[pool-2417-thread-1] INFO org.apache.nifi.processors.standard.RouteText - RouteText[id=e191155b-3232-49bd-bfe9-6bfcf78aa3cb] Routing FlowFile[188,92021646885405.mockFlowFile,22B] to original
[main] DEBUG org.apache.nifi.processors.standard.RouteText - RouteText[id=e191155b-3232-49bd-bfe9-6bfcf78aa3cb] Adding new dynamic property: PropertyDescriptor[simple]
[pool-2418-thread-1] INFO org.apache.nifi.processors.standard.RouteText - RouteText[id=e191155b-3232-49bd-bfe9-6bfcf78aa3cb] Created FlowFile[191,92021647490422.mockFlowFile,22B] from FlowFile[190,92021647490422.mockFlowFile,22B]; routing to relationship simple
[pool-2418-thread-1] INFO org.apache.nifi.processors.standard.RouteText - RouteText[id=e191155b-3232-49bd-bfe9-6bfcf78aa3cb] Routing FlowFile[190,92021647490422.mockFlowFile,22B] to original
[main] DEBUG org.apache.nifi.processors.standard.RouteText - RouteText[id=e191155b-3232-49bd-bfe9-6bfcf78aa3cb] Adding new dynamic property: PropertyDescriptor[simple]
[pool-2419-thread-1] INFO org.apache.nifi.processors.standard.RouteText - RouteText[id=e191155b-3232-49bd-bfe9-6bfcf78aa3cb] Created FlowFile[193,92021648095351.mockFlowFile,22B] from FlowFile[192,92021648095351.mockFlowFile,22B]; routing to relationship simple
[pool-2419-thread-1] INFO org.apache.nifi.processors.standard.RouteText - RouteText[id=e191155b-3232-49bd-bfe9-6bfcf78aa3cb] Routing FlowFile[192,92021648095351.mockFlowFile,22B] to original
[main] DEBUG org.apache.nifi.processors.standard.RouteText - RouteText[id=e191155b-3232-49bd-bfe9-6bfcf78aa3cb] Adding new dynamic property: PropertyDescriptor[simple]
[pool-2420-thread-1] INFO org.apache.nifi.processors.standard.RouteText - RouteText[id=e191155b-3232-49bd-bfe9-6bfcf78aa3cb] Created FlowFile[195,92021648673363.mockFlowFile,22B] from FlowFile[194,92021648673363.mockFlowFile,22B]; routing to relationship simple
[pool-2420-thread-1] INFO org.apache.nifi.processors.standard.RouteText - RouteText[id=e191155b-3232-49bd-bfe9-6bfcf78aa3cb] Routing FlowFile[194,92021648673363.mockFlowFile,22B] to original
[main] DEBUG org.apache.nifi.processors.standard.RouteText - RouteText[id=e191155b-3232-49bd-bfe9-6bfcf78aa3cb] Adding new dynamic property: PropertyDescriptor[simple]
[pool-2421-thread-1] INFO org.apache.nifi.processors.standard.RouteText - RouteText[id=e191155b-3232-49bd-bfe9-6bfcf78aa3cb] Created FlowFile[197,92021649283317.mockFlowFile,22B] from FlowFile[196,92021649283317.mockFlowFile,22B]; routing to relationship simple
[pool-2421-thread-1] INFO org.apache.nifi.processors.standard.RouteText - RouteText[id=e191155b-3232-49bd-bfe9-6bfcf78aa3cb] Routing FlowFile[196,92021649283317.mockFlowFile,22B] to original
[main] DEBUG org.apache.nifi.processors.standard.RouteText - RouteText[id=e191155b-3232-49bd-bfe9-6bfcf78aa3cb] Adding new dynamic property: PropertyDescriptor[simple]
[pool-2422-thread-1] INFO org.apache.nifi.processors.standard.RouteText - RouteText[id=e191155b-3232-49bd-bfe9-6bfcf78aa3cb] Created FlowFile[199,92021649856073.mockFlowFile,22B] from FlowFile[198,92021649856073.mockFlowFile,22B]; routing to relationship simple
[pool-2422-thread-1] INFO org.apache.nifi.processors.standard.RouteText - RouteText[id=e191155b-3232-49bd-bfe9-6bfcf78aa3cb] Routing FlowFile[198,92021649856073.mockFlowFile,22B] to original
[main] DEBUG org.apache.nifi.processors.standard.RouteText - RouteText[id=e191155b-3232-49bd-bfe9-6bfcf78aa3cb] Adding new dynamic property: PropertyDescriptor[simple]
[pool-2423-thread-1] INFO org.apache.nifi.processors.standard.RouteText - RouteText[id=e191155b-3232-49bd-bfe9-6bfcf78aa3cb] Created FlowFile[201,92021650524086.mockFlowFile,22B] from FlowFile[200,92021650524086.mockFlowFile,22B]; routing to relationship simple
[pool-2423-thread-1] INFO org.apache.nifi.processors.standard.RouteText - RouteText[id=e191155b-3232-49bd-bfe9-6bfcf78aa3cb] Routing FlowFile[200,92021650524086.mockFlowFile,22B] to original
[main] DEBUG org.apache.nifi.processors.standard.RouteText - RouteText[id=e191155b-3232-49bd-bfe9-6bfcf78aa3cb] Adding new dynamic property: PropertyDescriptor[simple]
[pool-2424-thread-1] INFO org.apache.nifi.processors.standard.RouteText - RouteText[id=e191155b-3232-49bd-bfe9-6bfcf78aa3cb] Created FlowFile[203,92021650979055.mockFlowFile,22B] from FlowFile[202,92021650979055.mockFlowFile,22B]; routing to relationship simple
[pool-2424-thread-1] INFO org.apache.nifi.processors.standard.RouteText - RouteText[id=e191155b-3232-49bd-bfe9-6bfcf78aa3cb] Routing FlowFile[202,92021650979055.mockFlowFile,22B] to original
[main] DEBUG org.apache.nifi.processors.standard.RouteText - RouteText[id=e191155b-3232-49bd-bfe9-6bfcf78aa3cb] Adding new dynamic property: PropertyDescriptor[simple]
[pool-2425-thread-1] INFO org.apache.nifi.processors.standard.RouteText - RouteText[id=e191155b-3232-49bd-bfe9-6bfcf78aa3cb] Created FlowFile[205,92021651587820.mockFlowFile,23B] from FlowFile[204,92021651587820.mockFlowFile,23B]; routing to relationship simple
[pool-2425-thread-1] INFO org.apache.nifi.processors.standard.RouteText - RouteText[id=e191155b-3232-49bd-bfe9-6bfcf78aa3cb] Routing FlowFile[204,92021651587820.mockFlowFile,23B] to original
[main] DEBUG org.apache.nifi.processors.standard.RouteText - RouteText[id=e191155b-3232-49bd-bfe9-6bfcf78aa3cb] Adding new dynamic property: PropertyDescriptor[simple]
[pool-2426-thread-1] INFO org.apache.nifi.processors.standard.RouteText - RouteText[id=e191155b-3232-49bd-bfe9-6bfcf78aa3cb] Created FlowFile[207,92021652091475.mockFlowFile,23B] from FlowFile[206,92021652091475.mockFlowFile,23B]; routing to relationship simple
[pool-2426-thread-1] INFO org.apache.nifi.processors.standard.RouteText - RouteText[id=e191155b-3232-49bd-bfe9-6bfcf78aa3cb] Routing FlowFile[206,92021652091475.mockFlowFile,23B] to original
[main] DEBUG org.apache.nifi.processors.standard.RouteText - RouteText[id=e191155b-3232-49bd-bfe9-6bfcf78aa3cb] Adding new dynamic property: PropertyDescriptor[simple]
[pool-2427-thread-1] INFO org.apache.nifi.processors.standard.RouteText - RouteText[id=e191155b-3232-49bd-bfe9-6bfcf78aa3cb] Created FlowFile[209,92021652598107.mockFlowFile,23B] from FlowFile[208,92021652598107.mockFlowFile,23B]; routing to relationship simple
[pool-2427-thread-1] INFO org.apache.nifi.processors.standard.RouteText - RouteText[id=e191155b-3232-49bd-bfe9-6bfcf78aa3cb] Routing FlowFile[208,92021652598107.mockFlowFile,23B] to original
[main] DEBUG org.apache.nifi.processors.standard.RouteText - RouteText[id=e191155b-3232-49bd-bfe9-6bfcf78aa3cb] Adding new dynamic property: PropertyDescriptor[simple]
[pool-2428-thread-1] INFO org.apache.nifi.processors.standard.RouteText - RouteText[id=e191155b-3232-49bd-bfe9-6bfcf78aa3cb] Created FlowFile[211,92021653336499.mockFlowFile,23B] from FlowFile[210,92021653336499.mockFlowFile,23B]; routing to relationship simple
[pool-2428-thread-1] INFO org.apache.nifi.processors.standard.RouteText - RouteText[id=e191155b-3232-49bd-bfe9-6bfcf78aa3cb] Routing FlowFile[210,92021653336499.mockFlowFile,23B] to original
[main] DEBUG org.apache.nifi.processors.standard.RouteText - RouteText[id=e191155b-3232-49bd-bfe9-6bfcf78aa3cb] Adding new dynamic property: PropertyDescriptor[simple]
[pool-2429-thread-1] INFO org.apache.nifi.processors.standard.RouteText - RouteText[id=e191155b-3232-49bd-bfe9-6bfcf78aa3cb] Created FlowFile[213,92021653857941.mockFlowFile,23B] from FlowFile[212,92021653857941.mockFlowFile,23B]; routing to relationship simple
[pool-2429-thread-1] INFO org.apache.nifi.processors.standard.RouteText - RouteText[id=e191155b-3232-49bd-bfe9-6bfcf78aa3cb] Routing FlowFile[212,92021653857941.mockFlowFile,23B] to original
[main] DEBUG org.apache.nifi.processors.standard.RouteText - RouteText[id=e191155b-3232-49bd-bfe9-6bfcf78aa3cb] Adding new dynamic property: PropertyDescriptor[simple]
[pool-2430-thread-1] INFO org.apache.nifi.processors.standard.RouteText - RouteText[id=e191155b-3232-49bd-bfe9-6bfcf78aa3cb] Created FlowFile[215,92021654243000.mockFlowFile,23B] from FlowFile[214,92021654243000.mockFlowFile,23B]; routing to relationship simple
[pool-2430-thread-1] INFO org.apache.nifi.processors.standard.RouteText - RouteText[id=e191155b-3232-49bd-bfe9-6bfcf78aa3cb] Routing FlowFile[214,92021654243000.mockFlowFile,23B] to original
[main] DEBUG org.apache.nifi.processors.standard.RouteText - RouteText[id=e191155b-3232-49bd-bfe9-6bfcf78aa3cb] Adding new dynamic property: PropertyDescriptor[simple]
[pool-2431-thread-1] INFO org.apache.nifi.processors.standard.RouteText - RouteText[id=e191155b-3232-49bd-bfe9-6bfcf78aa3cb] Created FlowFile[217,92021654653121.mockFlowFile,23B] from FlowFile[216,92021654653121.mockFlowFile,23B]; routing to relationship simple
[pool-2431-thread-1] INFO org.apache.nifi.processors.standard.RouteText - RouteText[id=e191155b-3232-49bd-bfe9-6bfcf78aa3cb] Routing FlowFile[216,92021654653121.mockFlowFile,23B] to original
[main] DEBUG org.apache.nifi.processors.standard.RouteText - RouteText[id=e191155b-3232-49bd-bfe9-6bfcf78aa3cb] Adding new dynamic property: PropertyDescriptor[simple]
[pool-2432-thread-1] INFO org.apache.nifi.processors.standard.RouteText - RouteText[id=e191155b-3232-49bd-bfe9-6bfcf78aa3cb] Created FlowFile[219,92021655089296.mockFlowFile,23B] from FlowFile[218,92021655089296.mockFlowFile,23B]; routing to relationship simple
[pool-2432-thread-1] INFO org.apache.nifi.processors.standard.RouteText - RouteText[id=e191155b-3232-49bd-bfe9-6bfcf78aa3cb] Routing FlowFile[218,92021655089296.mockFlowFile,23B] to original
[main] DEBUG org.apache.nifi.processors.standard.RouteText - RouteText[id=e191155b-3232-49bd-bfe9-6bfcf78aa3cb] Adding new dynamic property: PropertyDescriptor[simple]
[pool-2433-thread-1] INFO org.apache.nifi.processors.standard.RouteText - RouteText[id=e191155b-3232-49bd-bfe9-6bfcf78aa3cb] Created FlowFile[221,92021655670008.mockFlowFile,23B] from FlowFile[220,92021655670008.mockFlowFile,23B]; routing to relationship simple
[pool-2433-thread-1] INFO org.apache.nifi.processors.standard.RouteText - RouteText[id=e191155b-3232-49bd-bfe9-6bfcf78aa3cb] Routing FlowFile[220,92021655670008.mockFlowFile,23B] to original
[main] DEBUG org.apache.nifi.processors.standard.RouteText - RouteText[id=e191155b-3232-49bd-bfe9-6bfcf78aa3cb] Adding new dynamic property: PropertyDescriptor[simple]
[pool-2434-thread-1] INFO org.apache.nifi.processors.standard.RouteText - RouteText[id=e191155b-3232-49bd-bfe9-6bfcf78aa3cb] Created FlowFile[223,92021656148342.mockFlowFile,23B] from FlowFile[222,92021656148342.mockFlowFile,23B]; routing to relationship simple
[pool-2434-thread-1] INFO org.apache.nifi.processors.standard.RouteText - RouteText[id=e191155b-3232-49bd-bfe9-6bfcf78aa3cb] Routing FlowFile[222,92021656148342.mockFlowFile,23B] to original
[main] DEBUG org.apache.nifi.processors.standard.RouteText - RouteText[id=e191155b-3232-49bd-bfe9-6bfcf78aa3cb] Adding new dynamic property: PropertyDescriptor[simple]
[pool-2435-thread-1] INFO org.apache.nifi.processors.standard.RouteText - RouteText[id=e191155b-3232-49bd-bfe9-6bfcf78aa3cb] Created FlowFile[225,92021656697106.mockFlowFile,23B] from FlowFile[224,92021656697106.mockFlowFile,23B]; routing to relationship simple
[pool-2435-thread-1] INFO org.apache.nifi.processors.standard.RouteText - RouteText[id=e191155b-3232-49bd-bfe9-6bfcf78aa3cb] Routing FlowFile[224,92021656697106.mockFlowFile,23B] to original
[main] DEBUG org.apache.nifi.processors.standard.RouteText - RouteText[id=e191155b-3232-49bd-bfe9-6bfcf78aa3cb] Adding new dynamic property: PropertyDescriptor[simple]
[pool-2436-thread-1] INFO org.apache.nifi.processors.standard.RouteText - RouteText[id=e191155b-3232-49bd-bfe9-6bfcf78aa3cb] Created FlowFile[227,92021657196894.mockFlowFile,23B] from FlowFile[226,92021657196894.mockFlowFile,23B]; routing to relationship simple
[pool-2436-thread-1] INFO org.apache.nifi.processors.standard.RouteText - RouteText[id=e191155b-3232-49bd-bfe9-6bfcf78aa3cb] Routing FlowFile[226,92021657196894.mockFlowFile,23B] to original
[main] DEBUG org.apache.nifi.processors.standard.RouteText - RouteText[id=e191155b-3232-49bd-bfe9-6bfcf78aa3cb] Adding new dynamic property: PropertyDescriptor[simple]
[pool-2437-thread-1] INFO org.apache.nifi.processors.standard.RouteText - RouteText[id=e191155b-3232-49bd-bfe9-6bfcf78aa3cb] Created FlowFile[229,92021657551245.mockFlowFile,23B] from FlowFile[228,92021657551245.mockFlowFile,23B]; routing to relationship simple
[pool-2437-thread-1] INFO org.apache.nifi.processors.standard.RouteText - RouteText[id=e191155b-3232-49bd-bfe9-6bfcf78aa3cb] Routing FlowFile[228,92021657551245.mockFlowFile,23B] to original
[main] DEBUG org.apache.nifi.processors.standard.RouteText - RouteText[id=e191155b-3232-49bd-bfe9-6bfcf78aa3cb] Adding new dynamic property: PropertyDescriptor[simple]
[pool-2438-thread-1] INFO org.apache.nifi.processors.standard.RouteText - RouteText[id=e191155b-3232-49bd-bfe9-6bfcf78aa3cb] Created FlowFile[231,92021657909375.mockFlowFile,23B] from FlowFile[230,92021657909375.mockFlowFile,23B]; routing to relationship simple
[pool-2438-thread-1] INFO org.apache.nifi.processors.standard.RouteText - RouteText[id=e191155b-3232-49bd-bfe9-6bfcf78aa3cb] Routing FlowFile[230,92021657909375.mockFlowFile,23B] to original
[main] DEBUG org.apache.nifi.processors.standard.RouteText - RouteText[id=e191155b-3232-49bd-bfe9-6bfcf78aa3cb] Adding new dynamic property: PropertyDescriptor[simple]
[pool-2439-thread-1] INFO org.apache.nifi.processors.standard.RouteText - RouteText[id=e191155b-3232-49bd-bfe9-6bfcf78aa3cb] Created FlowFile[233,92021658437252.mockFlowFile,23B] from FlowFile[232,92021658437252.mockFlowFile,23B]; routing to relationship simple
[pool-2439-thread-1] INFO org.apache.nifi.processors.standard.RouteText - RouteText[id=e191155b-3232-49bd-bfe9-6bfcf78aa3cb] Routing FlowFile[232,92021658437252.mockFlowFile,23B] to original
[main] DEBUG org.apache.nifi.processors.standard.RouteText - RouteText[id=e191155b-3232-49bd-bfe9-6bfcf78aa3cb] Adding new dynamic property: PropertyDescriptor[simple]
[pool-2440-thread-1] INFO org.apache.nifi.processors.standard.RouteText - RouteText[id=e191155b-3232-49bd-bfe9-6bfcf78aa3cb] Created FlowFile[235,92021658981833.mockFlowFile,23B] from FlowFile[234,92021658981833.mockFlowFile,23B]; routing to relationship simple
[pool-2440-thread-1] INFO org.apache.nifi.processors.standard.RouteText - RouteText[id=e191155b-3232-49bd-bfe9-6bfcf78aa3cb] Routing FlowFile[234,92021658981833.mockFlowFile,23B] to original
[main] DEBUG org.apache.nifi.processors.standard.RouteText - RouteText[id=e191155b-3232-49bd-bfe9-6bfcf78aa3cb] Adding new dynamic property: PropertyDescriptor[simple]
[pool-2441-thread-1] INFO org.apache.nifi.processors.standard.RouteText - RouteText[id=e191155b-3232-49bd-bfe9-6bfcf78aa3cb] Created FlowFile[237,92021659516030.mockFlowFile,23B] from FlowFile[236,92021659516030.mockFlowFile,23B]; routing to relationship simple
[pool-2441-thread-1] INFO org.apache.nifi.processors.standard.RouteText - RouteText[id=e191155b-3232-49bd-bfe9-6bfcf78aa3cb] Routing FlowFile[236,92021659516030.mockFlowFile,23B] to original
[main] DEBUG org.apache.nifi.processors.standard.RouteText - RouteText[id=e191155b-3232-49bd-bfe9-6bfcf78aa3cb] Adding new dynamic property: PropertyDescriptor[simple]
[pool-2442-thread-1] INFO org.apache.nifi.processors.standard.RouteText - RouteText[id=e191155b-3232-49bd-bfe9-6bfcf78aa3cb] Created FlowFile[239,92021660082312.mockFlowFile,23B] from FlowFile[238,92021660082312.mockFlowFile,23B]; routing to relationship simple
[pool-2442-thread-1] INFO org.apache.nifi.processors.standard.RouteText - RouteText[id=e191155b-3232-49bd-bfe9-6bfcf78aa3cb] Routing FlowFile[238,92021660082312.mockFlowFile,23B] to original
[main] DEBUG org.apache.nifi.processors.standard.RouteText - RouteText[id=e191155b-3232-49bd-bfe9-6bfcf78aa3cb] Adding new dynamic property: PropertyDescriptor[simple]
[pool-2443-thread-1] INFO org.apache.nifi.processors.standard.RouteText - RouteText[id=e191155b-3232-49bd-bfe9-6bfcf78aa3cb] Created FlowFile[241,92021660591584.mockFlowFile,23B] from FlowFile[240,92021660591584.mockFlowFile,23B]; routing to relationship simple
[pool-2443-thread-1] INFO org.apache.nifi.processors.standard.RouteText - RouteText[id=e191155b-3232-49bd-bfe9-6bfcf78aa3cb] Routing FlowFile[240,92021660591584.mockFlowFile,23B] to original
[main] DEBUG org.apache.nifi.processors.standard.RouteText - RouteText[id=e191155b-3232-49bd-bfe9-6bfcf78aa3cb] Adding new dynamic property: PropertyDescriptor[simple]
[pool-2444-thread-1] INFO org.apache.nifi.processors.standard.RouteText - RouteText[id=e191155b-3232-49bd-bfe9-6bfcf78aa3cb] Created FlowFile[243,92021661085892.mockFlowFile,23B] from FlowFile[242,92021661085892.mockFlowFile,23B]; routing to relationship simple
[pool-2444-thread-1] INFO org.apache.nifi.processors.standard.RouteText - RouteText[id=e191155b-3232-49bd-bfe9-6bfcf78aa3cb] Routing FlowFile[242,92021661085892.mockFlowFile,23B] to original
[main] DEBUG org.apache.nifi.processors.standard.RouteText - RouteText[id=e191155b-3232-49bd-bfe9-6bfcf78aa3cb] Adding new dynamic property: PropertyDescriptor[simple]
[pool-2445-thread-1] INFO org.apache.nifi.processors.standard.RouteText - RouteText[id=e191155b-3232-49bd-bfe9-6bfcf78aa3cb] Created FlowFile[245,92021661644188.mockFlowFile,23B] from FlowFile[244,92021661644188.mockFlowFile,23B]; routing to relationship simple
[pool-2445-thread-1] INFO org.apache.nifi.processors.standard.RouteText - RouteText[id=e191155b-3232-49bd-bfe9-6bfcf78aa3cb] Routing FlowFile[244,92021661644188.mockFlowFile,23B] to original
[main] DEBUG org.apache.nifi.processors.standard.RouteText - RouteText[id=e191155b-3232-49bd-bfe9-6bfcf78aa3cb] Adding new dynamic property: PropertyDescriptor[simple]
[pool-2446-thread-1] INFO org.apache.nifi.processors.standard.RouteText - RouteText[id=e191155b-3232-49bd-bfe9-6bfcf78aa3cb] Created FlowFile[247,92021662185962.mockFlowFile,23B] from FlowFile[246,92021662185962.mockFlowFile,23B]; routing to relationship simple
[pool-2446-thread-1] INFO org.apache.nifi.processors.standard.RouteText - RouteText[id=e191155b-3232-49bd-bfe9-6bfcf78aa3cb] Routing FlowFile[246,92021662185962.mockFlowFile,23B] to original
[main] DEBUG org.apache.nifi.processors.standard.RouteText - RouteText[id=e191155b-3232-49bd-bfe9-6bfcf78aa3cb] Adding new dynamic property: PropertyDescriptor[simple]
[pool-2447-thread-1] INFO org.apache.nifi.processors.standard.RouteText - RouteText[id=e191155b-3232-49bd-bfe9-6bfcf78aa3cb] Created FlowFile[249,92021662796779.mockFlowFile,23B] from FlowFile[248,92021662796779.mockFlowFile,23B]; routing to relationship simple
[pool-2447-thread-1] INFO org.apache.nifi.processors.standard.RouteText - RouteText[id=e191155b-3232-49bd-bfe9-6bfcf78aa3cb] Routing FlowFile[248,92021662796779.mockFlowFile,23B] to original
[main] DEBUG org.apache.nifi.processors.standard.RouteText - RouteText[id=e191155b-3232-49bd-bfe9-6bfcf78aa3cb] Adding new dynamic property: PropertyDescriptor[simple]
[pool-2448-thread-1] INFO org.apache.nifi.processors.standard.RouteText - RouteText[id=e191155b-3232-49bd-bfe9-6bfcf78aa3cb] Created FlowFile[251,92021663377775.mockFlowFile,23B] from FlowFile[250,92021663377775.mockFlowFile,23B]; routing to relationship simple
[pool-2448-thread-1] INFO org.apache.nifi.processors.standard.RouteText - RouteText[id=e191155b-3232-49bd-bfe9-6bfcf78aa3cb] Routing FlowFile[250,92021663377775.mockFlowFile,23B] to original
[main] DEBUG org.apache.nifi.processors.standard.RouteText - RouteText[id=e191155b-3232-49bd-bfe9-6bfcf78aa3cb] Adding new dynamic property: PropertyDescriptor[simple]
[pool-2449-thread-1] INFO org.apache.nifi.processors.standard.RouteText - RouteText[id=e191155b-3232-49bd-bfe9-6bfcf78aa3cb] Created FlowFile[253,92021663923110.mockFlowFile,23B] from FlowFile[252,92021663923110.mockFlowFile,23B]; routing to relationship simple
[pool-2449-thread-1] INFO org.apache.nifi.processors.standard.RouteText - RouteText[id=e191155b-3232-49bd-bfe9-6bfcf78aa3cb] Routing FlowFile[252,92021663923110.mockFlowFile,23B] to original
[main] DEBUG org.apache.nifi.processors.standard.RouteText - RouteText[id=e191155b-3232-49bd-bfe9-6bfcf78aa3cb] Adding new dynamic property: PropertyDescriptor[simple]
[pool-2450-thread-1] INFO org.apache.nifi.processors.standard.RouteText - RouteText[id=e191155b-3232-49bd-bfe9-6bfcf78aa3cb] Created FlowFile[255,92021664530069.mockFlowFile,23B] from FlowFile[254,92021664530069.mockFlowFile,23B]; routing to relationship simple
[pool-2450-thread-1] INFO org.apache.nifi.processors.standard.RouteText - RouteText[id=e191155b-3232-49bd-bfe9-6bfcf78aa3cb] Routing FlowFile[254,92021664530069.mockFlowFile,23B] to original
[main] DEBUG org.apache.nifi.processors.standard.RouteText - RouteText[id=e191155b-3232-49bd-bfe9-6bfcf78aa3cb] Adding new dynamic property: PropertyDescriptor[simple]
[pool-2451-thread-1] INFO org.apache.nifi.processors.standard.RouteText - RouteText[id=e191155b-3232-49bd-bfe9-6bfcf78aa3cb] Created FlowFile[257,92021665144566.mockFlowFile,23B] from FlowFile[256,92021665144566.mockFlowFile,23B]; routing to relationship simple
[pool-2451-thread-1] INFO org.apache.nifi.processors.standard.RouteText - RouteText[id=e191155b-3232-49bd-bfe9-6bfcf78aa3cb] Routing FlowFile[256,92021665144566.mockFlowFile,23B] to original
[main] DEBUG org.apache.nifi.processors.standard.RouteText - RouteText[id=e191155b-3232-49bd-bfe9-6bfcf78aa3cb] Adding new dynamic property: PropertyDescriptor[simple]
[pool-2452-thread-1] INFO org.apache.nifi.processors.standard.RouteText - RouteText[id=e191155b-3232-49bd-bfe9-6bfcf78aa3cb] Created FlowFile[259,92021665831197.mockFlowFile,23B] from FlowFile[258,92021665831197.mockFlowFile,23B]; routing to relationship simple
[pool-2452-thread-1] INFO org.apache.nifi.processors.standard.RouteText - RouteText[id=e191155b-3232-49bd-bfe9-6bfcf78aa3cb] Routing FlowFile[258,92021665831197.mockFlowFile,23B] to original
[main] DEBUG org.apache.nifi.processors.standard.RouteText - RouteText[id=e191155b-3232-49bd-bfe9-6bfcf78aa3cb] Adding new dynamic property: PropertyDescriptor[simple]
[pool-2453-thread-1] INFO org.apache.nifi.processors.standard.RouteText - RouteText[id=e191155b-3232-49bd-bfe9-6bfcf78aa3cb] Created FlowFile[261,92021666568875.mockFlowFile,23B] from FlowFile[260,92021666568875.mockFlowFile,23B]; routing to relationship simple
[pool-2453-thread-1] INFO org.apache.nifi.processors.standard.RouteText - RouteText[id=e191155b-3232-49bd-bfe9-6bfcf78aa3cb] Routing FlowFile[260,92021666568875.mockFlowFile,23B] to original
[main] DEBUG org.apache.nifi.processors.standard.RouteText - RouteText[id=e191155b-3232-49bd-bfe9-6bfcf78aa3cb] Adding new dynamic property: PropertyDescriptor[simple]
[pool-2454-thread-1] INFO org.apache.nifi.processors.standard.RouteText - RouteText[id=e191155b-3232-49bd-bfe9-6bfcf78aa3cb] Created FlowFile[263,92021667197456.mockFlowFile,23B] from FlowFile[262,92021667197456.mockFlowFile,23B]; routing to relationship simple
[pool-2454-thread-1] INFO org.apache.nifi.processors.standard.RouteText - RouteText[id=e191155b-3232-49bd-bfe9-6bfcf78aa3cb] Routing FlowFile[262,92021667197456.mockFlowFile,23B] to original
[main] DEBUG org.apache.nifi.processors.standard.RouteText - RouteText[id=e191155b-3232-49bd-bfe9-6bfcf78aa3cb] Adding new dynamic property: PropertyDescriptor[simple]
[pool-2455-thread-1] INFO org.apache.nifi.processors.standard.RouteText - RouteText[id=e191155b-3232-49bd-bfe9-6bfcf78aa3cb] Created FlowFile[265,92021667824719.mockFlowFile,23B] from FlowFile[264,92021667824719.mockFlowFile,23B]; routing to relationship simple
[pool-2455-thread-1] INFO org.apache.nifi.processors.standard.RouteText - RouteText[id=e191155b-3232-49bd-bfe9-6bfcf78aa3cb] Routing FlowFile[264,92021667824719.mockFlowFile,23B] to original
[main] DEBUG org.apache.nifi.processors.standard.RouteText - RouteText[id=e191155b-3232-49bd-bfe9-6bfcf78aa3cb] Adding new dynamic property: PropertyDescriptor[simple]
[pool-2456-thread-1] INFO org.apache.nifi.processors.standard.RouteText - RouteText[id=e191155b-3232-49bd-bfe9-6bfcf78aa3cb] Created FlowFile[267,92021668393885.mockFlowFile,23B] from FlowFile[266,92021668393885.mockFlowFile,23B]; routing to relationship simple
[pool-2456-thread-1] INFO org.apache.nifi.processors.standard.RouteText - RouteText[id=e191155b-3232-49bd-bfe9-6bfcf78aa3cb] Routing FlowFile[266,92021668393885.mockFlowFile,23B] to original
[main] DEBUG org.apache.nifi.processors.standard.RouteText - RouteText[id=e191155b-3232-49bd-bfe9-6bfcf78aa3cb] Adding new dynamic property: PropertyDescriptor[simple]
[pool-2457-thread-1] INFO org.apache.nifi.processors.standard.RouteText - RouteText[id=e191155b-3232-49bd-bfe9-6bfcf78aa3cb] Created FlowFile[269,92021668957985.mockFlowFile,23B] from FlowFile[268,92021668957985.mockFlowFile,23B]; routing to relationship simple
[pool-2457-thread-1] INFO org.apache.nifi.processors.standard.RouteText - RouteText[id=e191155b-3232-49bd-bfe9-6bfcf78aa3cb] Routing FlowFile[268,92021668957985.mockFlowFile,23B] to original
[main] DEBUG org.apache.nifi.processors.standard.RouteText - RouteText[id=e191155b-3232-49bd-bfe9-6bfcf78aa3cb] Adding new dynamic property: PropertyDescriptor[simple]
[pool-2458-thread-1] INFO org.apache.nifi.processors.standard.RouteText - RouteText[id=e191155b-3232-49bd-bfe9-6bfcf78aa3cb] Created FlowFile[271,92021669540565.mockFlowFile,23B] from FlowFile[270,92021669540565.mockFlowFile,23B]; routing to relationship simple
[pool-2458-thread-1] INFO org.apache.nifi.processors.standard.RouteText - RouteText[id=e191155b-3232-49bd-bfe9-6bfcf78aa3cb] Routing FlowFile[270,92021669540565.mockFlowFile,23B] to original
[main] DEBUG org.apache.nifi.processors.standard.RouteText - RouteText[id=e191155b-3232-49bd-bfe9-6bfcf78aa3cb] Adding new dynamic property: PropertyDescriptor[simple]
[pool-2459-thread-1] INFO org.apache.nifi.processors.standard.RouteText - RouteText[id=e191155b-3232-49bd-bfe9-6bfcf78aa3cb] Created FlowFile[273,92021670122591.mockFlowFile,23B] from FlowFile[272,92021670122591.mockFlowFile,23B]; routing to relationship simple
[pool-2459-thread-1] INFO org.apache.nifi.processors.standard.RouteText - RouteText[id=e191155b-3232-49bd-bfe9-6bfcf78aa3cb] Routing FlowFile[272,92021670122591.mockFlowFile,23B] to original
[main] DEBUG org.apache.nifi.processors.standard.RouteText - RouteText[id=e191155b-3232-49bd-bfe9-6bfcf78aa3cb] Adding new dynamic property: PropertyDescriptor[simple]
[pool-2460-thread-1] INFO org.apache.nifi.processors.standard.RouteText - RouteText[id=e191155b-3232-49bd-bfe9-6bfcf78aa3cb] Created FlowFile[275,92021670702536.mockFlowFile,23B] from FlowFile[274,92021670702536.mockFlowFile,23B]; routing to relationship simple
[pool-2460-thread-1] INFO org.apache.nifi.processors.standard.RouteText - RouteText[id=e191155b-3232-49bd-bfe9-6bfcf78aa3cb] Routing FlowFile[274,92021670702536.mockFlowFile,23B] to original
[main] DEBUG org.apache.nifi.processors.standard.RouteText - RouteText[id=e191155b-3232-49bd-bfe9-6bfcf78aa3cb] Adding new dynamic property: PropertyDescriptor[simple]
[pool-2461-thread-1] INFO org.apache.nifi.processors.standard.RouteText - RouteText[id=e191155b-3232-49bd-bfe9-6bfcf78aa3cb] Created FlowFile[277,92021671304613.mockFlowFile,23B] from FlowFile[276,92021671304613.mockFlowFile,23B]; routing to relationship simple
[pool-2461-thread-1] INFO org.apache.nifi.processors.standard.RouteText - RouteText[id=e191155b-3232-49bd-bfe9-6bfcf78aa3cb] Routing FlowFile[276,92021671304613.mockFlowFile,23B] to original
[main] DEBUG org.apache.nifi.processors.standard.RouteText - RouteText[id=e191155b-3232-49bd-bfe9-6bfcf78aa3cb] Adding new dynamic property: PropertyDescriptor[simple]
[pool-2462-thread-1] INFO org.apache.nifi.processors.standard.RouteText - RouteText[id=e191155b-3232-49bd-bfe9-6bfcf78aa3cb] Created FlowFile[279,92021671868046.mockFlowFile,23B] from FlowFile[278,92021671868046.mockFlowFile,23B]; routing to relationship simple
[pool-2462-thread-1] INFO org.apache.nifi.processors.standard.RouteText - RouteText[id=e191155b-3232-49bd-bfe9-6bfcf78aa3cb] Routing FlowFile[278,92021671868046.mockFlowFile,23B] to original
[main] DEBUG org.apache.nifi.processors.standard.RouteText - RouteText[id=e191155b-3232-49bd-bfe9-6bfcf78aa3cb] Adding new dynamic property: PropertyDescriptor[simple]
[pool-2463-thread-1] INFO org.apache.nifi.processors.standard.RouteText - RouteText[id=e191155b-3232-49bd-bfe9-6bfcf78aa3cb] Created FlowFile[281,92021672507658.mockFlowFile,23B] from FlowFile[280,92021672507658.mockFlowFile,23B]; routing to relationship simple
[pool-2463-thread-1] INFO org.apache.nifi.processors.standard.RouteText - RouteText[id=e191155b-3232-49bd-bfe9-6bfcf78aa3cb] Routing FlowFile[280,92021672507658.mockFlowFile,23B] to original
[main] DEBUG org.apache.nifi.processors.standard.RouteText - RouteText[id=e191155b-3232-49bd-bfe9-6bfcf78aa3cb] Adding new dynamic property: PropertyDescriptor[simple]
[pool-2464-thread-1] INFO org.apache.nifi.processors.standard.RouteText - RouteText[id=e191155b-3232-49bd-bfe9-6bfcf78aa3cb] Created FlowFile[283,92021673092490.mockFlowFile,23B] from FlowFile[282,92021673092490.mockFlowFile,23B]; routing to relationship simple
[pool-2464-thread-1] INFO org.apache.nifi.processors.standard.RouteText - RouteText[id=e191155b-3232-49bd-bfe9-6bfcf78aa3cb] Routing FlowFile[282,92021673092490.mockFlowFile,23B] to original
[main] DEBUG org.apache.nifi.processors.standard.RouteText - RouteText[id=e191155b-3232-49bd-bfe9-6bfcf78aa3cb] Adding new dynamic property: PropertyDescriptor[simple]
[pool-2465-thread-1] INFO org.apache.nifi.processors.standard.RouteText - RouteText[id=e191155b-3232-49bd-bfe9-6bfcf78aa3cb] Created FlowFile[285,92021673647259.mockFlowFile,23B] from FlowFile[284,92021673647259.mockFlowFile,23B]; routing to relationship simple
[pool-2465-thread-1] INFO org.apache.nifi.processors.standard.RouteText - RouteText[id=e191155b-3232-49bd-bfe9-6bfcf78aa3cb] Routing FlowFile[284,92021673647259.mockFlowFile,23B] to original
[main] DEBUG org.apache.nifi.processors.standard.RouteText - RouteText[id=e191155b-3232-49bd-bfe9-6bfcf78aa3cb] Adding new dynamic property: PropertyDescriptor[simple]
[pool-2466-thread-1] INFO org.apache.nifi.processors.standard.RouteText - RouteText[id=e191155b-3232-49bd-bfe9-6bfcf78aa3cb] Created FlowFile[287,92021674101254.mockFlowFile,23B] from FlowFile[286,92021674101254.mockFlowFile,23B]; routing to relationship simple
[pool-2466-thread-1] INFO org.apache.nifi.processors.standard.RouteText - RouteText[id=e191155b-3232-49bd-bfe9-6bfcf78aa3cb] Routing FlowFile[286,92021674101254.mockFlowFile,23B] to original
[main] DEBUG org.apache.nifi.processors.standard.RouteText - RouteText[id=e191155b-3232-49bd-bfe9-6bfcf78aa3cb] Adding new dynamic property: PropertyDescriptor[simple]
[pool-2467-thread-1] INFO org.apache.nifi.processors.standard.RouteText - RouteText[id=e191155b-3232-49bd-bfe9-6bfcf78aa3cb] Created FlowFile[289,92021674550753.mockFlowFile,23B] from FlowFile[288,92021674550753.mockFlowFile,23B]; routing to relationship simple
[pool-2467-thread-1] INFO org.apache.nifi.processors.standard.RouteText - RouteText[id=e191155b-3232-49bd-bfe9-6bfcf78aa3cb] Routing FlowFile[288,92021674550753.mockFlowFile,23B] to original
[main] DEBUG org.apache.nifi.processors.standard.RouteText - RouteText[id=e191155b-3232-49bd-bfe9-6bfcf78aa3cb] Adding new dynamic property: PropertyDescriptor[simple]
[pool-2468-thread-1] INFO org.apache.nifi.processors.standard.RouteText - RouteText[id=e191155b-3232-49bd-bfe9-6bfcf78aa3cb] Created FlowFile[291,92021674999194.mockFlowFile,23B] from FlowFile[290,92021674999194.mockFlowFile,23B]; routing to relationship simple
[pool-2468-thread-1] INFO org.apache.nifi.processors.standard.RouteText - RouteText[id=e191155b-3232-49bd-bfe9-6bfcf78aa3cb] Routing FlowFile[290,92021674999194.mockFlowFile,23B] to original
[main] DEBUG org.apache.nifi.processors.standard.RouteText - RouteText[id=e191155b-3232-49bd-bfe9-6bfcf78aa3cb] Adding new dynamic property: PropertyDescriptor[simple]
[pool-2469-thread-1] INFO org.apache.nifi.processors.standard.RouteText - RouteText[id=e191155b-3232-49bd-bfe9-6bfcf78aa3cb] Created FlowFile[293,92021675587584.mockFlowFile,23B] from FlowFile[292,92021675587584.mockFlowFile,23B]; routing to relationship simple
[pool-2469-thread-1] INFO org.apache.nifi.processors.standard.RouteText - RouteText[id=e191155b-3232-49bd-bfe9-6bfcf78aa3cb] Routing FlowFile[292,92021675587584.mockFlowFile,23B] to original
[main] DEBUG org.apache.nifi.processors.standard.RouteText - RouteText[id=e191155b-3232-49bd-bfe9-6bfcf78aa3cb] Adding new dynamic property: PropertyDescriptor[simple]
[pool-2470-thread-1] INFO org.apache.nifi.processors.standard.RouteText - RouteText[id=e191155b-3232-49bd-bfe9-6bfcf78aa3cb] Created FlowFile[295,92021676127528.mockFlowFile,23B] from FlowFile[294,92021676127528.mockFlowFile,23B]; routing to relationship simple
[pool-2470-thread-1] INFO org.apache.nifi.processors.standard.RouteText - RouteText[id=e191155b-3232-49bd-bfe9-6bfcf78aa3cb] Routing FlowFile[294,92021676127528.mockFlowFile,23B] to original
[main] DEBUG org.apache.nifi.processors.standard.RouteText - RouteText[id=e191155b-3232-49bd-bfe9-6bfcf78aa3cb] Adding new dynamic property: PropertyDescriptor[simple]
[pool-2471-thread-1] INFO org.apache.nifi.processors.standard.RouteText - RouteText[id=e191155b-3232-49bd-bfe9-6bfcf78aa3cb] Created FlowFile[297,92021676705823.mockFlowFile,23B] from FlowFile[296,92021676705823.mockFlowFile,23B]; routing to relationship simple
[pool-2471-thread-1] INFO org.apache.nifi.processors.standard.RouteText - RouteText[id=e191155b-3232-49bd-bfe9-6bfcf78aa3cb] Routing FlowFile[296,92021676705823.mockFlowFile,23B] to original
[main] DEBUG org.apache.nifi.processors.standard.RouteText - RouteText[id=e191155b-3232-49bd-bfe9-6bfcf78aa3cb] Adding new dynamic property: PropertyDescriptor[simple]
[pool-2472-thread-1] INFO org.apache.nifi.processors.standard.RouteText - RouteText[id=e191155b-3232-49bd-bfe9-6bfcf78aa3cb] Created FlowFile[299,92021677254419.mockFlowFile,23B] from FlowFile[298,92021677254419.mockFlowFile,23B]; routing to relationship simple
[pool-2472-thread-1] INFO org.apache.nifi.processors.standard.RouteText - RouteText[id=e191155b-3232-49bd-bfe9-6bfcf78aa3cb] Routing FlowFile[298,92021677254419.mockFlowFile,23B] to original
[main] DEBUG org.apache.nifi.processors.standard.RouteText - RouteText[id=e191155b-3232-49bd-bfe9-6bfcf78aa3cb] Adding new dynamic property: PropertyDescriptor[simple]
[pool-2473-thread-1] INFO org.apache.nifi.processors.standard.RouteText - RouteText[id=e191155b-3232-49bd-bfe9-6bfcf78aa3cb] Created FlowFile[301,92021677817905.mockFlowFile,23B] from FlowFile[300,92021677817905.mockFlowFile,23B]; routing to relationship simple
[pool-2473-thread-1] INFO org.apache.nifi.processors.standard.RouteText - RouteText[id=e191155b-3232-49bd-bfe9-6bfcf78aa3cb] Routing FlowFile[300,92021677817905.mockFlowFile,23B] to original
[main] DEBUG org.apache.nifi.processors.standard.RouteText - RouteText[id=e191155b-3232-49bd-bfe9-6bfcf78aa3cb] Adding new dynamic property: PropertyDescriptor[simple]
[pool-2474-thread-1] INFO org.apache.nifi.processors.standard.RouteText - RouteText[id=e191155b-3232-49bd-bfe9-6bfcf78aa3cb] Created FlowFile[303,92021678292339.mockFlowFile,23B] from FlowFile[302,92021678292339.mockFlowFile,23B]; routing to relationship simple
[pool-2474-thread-1] INFO org.apache.nifi.processors.standard.RouteText - RouteText[id=e191155b-3232-49bd-bfe9-6bfcf78aa3cb] Routing FlowFile[302,92021678292339.mockFlowFile,23B] to original
[main] DEBUG org.apache.nifi.processors.standard.RouteText - RouteText[id=e191155b-3232-49bd-bfe9-6bfcf78aa3cb] Adding new dynamic property: PropertyDescriptor[simple]
[pool-2475-thread-1] INFO org.apache.nifi.processors.standard.RouteText - RouteText[id=e191155b-3232-49bd-bfe9-6bfcf78aa3cb] Created FlowFile[305,92021678747670.mockFlowFile,23B] from FlowFile[304,92021678747670.mockFlowFile,23B]; routing to relationship simple
[pool-2475-thread-1] INFO org.apache.nifi.processors.standard.RouteText - RouteText[id=e191155b-3232-49bd-bfe9-6bfcf78aa3cb] Routing FlowFile[304,92021678747670.mockFlowFile,23B] to original
[main] DEBUG org.apache.nifi.processors.standard.RouteText - RouteText[id=e191155b-3232-49bd-bfe9-6bfcf78aa3cb] Adding new dynamic property: PropertyDescriptor[simple]
[pool-2476-thread-1] INFO org.apache.nifi.processors.standard.RouteText - RouteText[id=e191155b-3232-49bd-bfe9-6bfcf78aa3cb] Created FlowFile[307,92021679223459.mockFlowFile,23B] from FlowFile[306,92021679223459.mockFlowFile,23B]; routing to relationship simple
[pool-2476-thread-1] INFO org.apache.nifi.processors.standard.RouteText - RouteText[id=e191155b-3232-49bd-bfe9-6bfcf78aa3cb] Routing FlowFile[306,92021679223459.mockFlowFile,23B] to original
[main] DEBUG org.apache.nifi.processors.standard.RouteText - RouteText[id=e191155b-3232-49bd-bfe9-6bfcf78aa3cb] Adding new dynamic property: PropertyDescriptor[simple]
[pool-2477-thread-1] INFO org.apache.nifi.processors.standard.RouteText - RouteText[id=e191155b-3232-49bd-bfe9-6bfcf78aa3cb] Created FlowFile[309,92021679818636.mockFlowFile,23B] from FlowFile[308,92021679818636.mockFlowFile,23B]; routing to relationship simple
[pool-2477-thread-1] INFO org.apache.nifi.processors.standard.RouteText - RouteText[id=e191155b-3232-49bd-bfe9-6bfcf78aa3cb] Routing FlowFile[308,92021679818636.mockFlowFile,23B] to original
[main] DEBUG org.apache.nifi.processors.standard.RouteText - RouteText[id=e191155b-3232-49bd-bfe9-6bfcf78aa3cb] Adding new dynamic property: PropertyDescriptor[simple]
[pool-2478-thread-1] INFO org.apache.nifi.processors.standard.RouteText - RouteText[id=e191155b-3232-49bd-bfe9-6bfcf78aa3cb] Created FlowFile[311,92021680632284.mockFlowFile,23B] from FlowFile[310,92021680632284.mockFlowFile,23B]; routing to relationship simple
[pool-2478-thread-1] INFO org.apache.nifi.processors.standard.RouteText - RouteText[id=e191155b-3232-49bd-bfe9-6bfcf78aa3cb] Routing FlowFile[310,92021680632284.mockFlowFile,23B] to original
[main] DEBUG org.apache.nifi.processors.standard.RouteText - RouteText[id=e191155b-3232-49bd-bfe9-6bfcf78aa3cb] Adding new dynamic property: PropertyDescriptor[simple]
[pool-2479-thread-1] INFO org.apache.nifi.processors.standard.RouteText - RouteText[id=e191155b-3232-49bd-bfe9-6bfcf78aa3cb] Created FlowFile[313,92021681379800.mockFlowFile,23B] from FlowFile[312,92021681379800.mockFlowFile,23B]; routing to relationship simple
[pool-2479-thread-1] INFO org.apache.nifi.processors.standard.RouteText - RouteText[id=e191155b-3232-49bd-bfe9-6bfcf78aa3cb] Routing FlowFile[312,92021681379800.mockFlowFile,23B] to original
[main] DEBUG org.apache.nifi.processors.standard.RouteText - RouteText[id=e191155b-3232-49bd-bfe9-6bfcf78aa3cb] Adding new dynamic property: PropertyDescriptor[simple]
[pool-2480-thread-1] INFO org.apache.nifi.processors.standard.RouteText - RouteText[id=e191155b-3232-49bd-bfe9-6bfcf78aa3cb] Created FlowFile[315,92021682108600.mockFlowFile,23B] from FlowFile[314,92021682108600.mockFlowFile,23B]; routing to relationship simple
[pool-2480-thread-1] INFO org.apache.nifi.processors.standard.RouteText - RouteText[id=e191155b-3232-49bd-bfe9-6bfcf78aa3cb] Routing FlowFile[314,92021682108600.mockFlowFile,23B] to original
[main] DEBUG org.apache.nifi.processors.standard.RouteText - RouteText[id=e191155b-3232-49bd-bfe9-6bfcf78aa3cb] Adding new dynamic property: PropertyDescriptor[simple]
[pool-2481-thread-1] INFO org.apache.nifi.processors.standard.RouteText - RouteText[id=e191155b-3232-49bd-bfe9-6bfcf78aa3cb] Created FlowFile[317,92021682633861.mockFlowFile,23B] from FlowFile[316,92021682633861.mockFlowFile,23B]; routing to relationship simple
[pool-2481-thread-1] INFO org.apache.nifi.processors.standard.RouteText - RouteText[id=e191155b-3232-49bd-bfe9-6bfcf78aa3cb] Routing FlowFile[316,92021682633861.mockFlowFile,23B] to original
[main] DEBUG org.apache.nifi.processors.standard.RouteText - RouteText[id=e191155b-3232-49bd-bfe9-6bfcf78aa3cb] Adding new dynamic property: PropertyDescriptor[simple]
[pool-2482-thread-1] INFO org.apache.nifi.processors.standard.RouteText - RouteText[id=e191155b-3232-49bd-bfe9-6bfcf78aa3cb] Created FlowFile[319,92021683075120.mockFlowFile,23B] from FlowFile[318,92021683075120.mockFlowFile,23B]; routing to relationship simple
[pool-2482-thread-1] INFO org.apache.nifi.processors.standard.RouteText - RouteText[id=e191155b-3232-49bd-bfe9-6bfcf78aa3cb] Routing FlowFile[318,92021683075120.mockFlowFile,23B] to original
[main] DEBUG org.apache.nifi.processors.standard.RouteText - RouteText[id=e191155b-3232-49bd-bfe9-6bfcf78aa3cb] Adding new dynamic property: PropertyDescriptor[simple]
[pool-2483-thread-1] INFO org.apache.nifi.processors.standard.RouteText - RouteText[id=e191155b-3232-49bd-bfe9-6bfcf78aa3cb] Created FlowFile[321,92021683652098.mockFlowFile,23B] from FlowFile[320,92021683652098.mockFlowFile,23B]; routing to relationship simple
[pool-2483-thread-1] INFO org.apache.nifi.processors.standard.RouteText - RouteText[id=e191155b-3232-49bd-bfe9-6bfcf78aa3cb] Routing FlowFile[320,92021683652098.mockFlowFile,23B] to original
[main] DEBUG org.apache.nifi.processors.standard.RouteText - RouteText[id=e191155b-3232-49bd-bfe9-6bfcf78aa3cb] Adding new dynamic property: PropertyDescriptor[simple]
[pool-2484-thread-1] INFO org.apache.nifi.processors.standard.RouteText - RouteText[id=e191155b-3232-49bd-bfe9-6bfcf78aa3cb] Created FlowFile[323,92021684127712.mockFlowFile,23B] from FlowFile[322,92021684127712.mockFlowFile,23B]; routing to relationship simple
[pool-2484-thread-1] INFO org.apache.nifi.processors.standard.RouteText - RouteText[id=e191155b-3232-49bd-bfe9-6bfcf78aa3cb] Routing FlowFile[322,92021684127712.mockFlowFile,23B] to original
[main] DEBUG org.apache.nifi.processors.standard.RouteText - RouteText[id=e191155b-3232-49bd-bfe9-6bfcf78aa3cb] Adding new dynamic property: PropertyDescriptor[simple]
[pool-2485-thread-1] INFO org.apache.nifi.processors.standard.RouteText - RouteText[id=e191155b-3232-49bd-bfe9-6bfcf78aa3cb] Created FlowFile[325,92021684703683.mockFlowFile,23B] from FlowFile[324,92021684703683.mockFlowFile,23B]; routing to relationship simple
[pool-2485-thread-1] INFO org.apache.nifi.processors.standard.RouteText - RouteText[id=e191155b-3232-49bd-bfe9-6bfcf78aa3cb] Routing FlowFile[324,92021684703683.mockFlowFile,23B] to original
[main] DEBUG org.apache.nifi.processors.standard.RouteText - RouteText[id=e191155b-3232-49bd-bfe9-6bfcf78aa3cb] Adding new dynamic property: PropertyDescriptor[simple]
[pool-2486-thread-1] INFO org.apache.nifi.processors.standard.RouteText - RouteText[id=e191155b-3232-49bd-bfe9-6bfcf78aa3cb] Created FlowFile[327,92021685254723.mockFlowFile,23B] from FlowFile[326,92021685254723.mockFlowFile,23B]; routing to relationship simple
[pool-2486-thread-1] INFO org.apache.nifi.processors.standard.RouteText - RouteText[id=e191155b-3232-49bd-bfe9-6bfcf78aa3cb] Routing FlowFile[326,92021685254723.mockFlowFile,23B] to original
[main] DEBUG org.apache.nifi.processors.standard.RouteText - RouteText[id=e191155b-3232-49bd-bfe9-6bfcf78aa3cb] Adding new dynamic property: PropertyDescriptor[simple]
[pool-2487-thread-1] INFO org.apache.nifi.processors.standard.RouteText - RouteText[id=e191155b-3232-49bd-bfe9-6bfcf78aa3cb] Created FlowFile[329,92021685796950.mockFlowFile,23B] from FlowFile[328,92021685796950.mockFlowFile,23B]; routing to relationship simple
[pool-2487-thread-1] INFO org.apache.nifi.processors.standard.RouteText - RouteText[id=e191155b-3232-49bd-bfe9-6bfcf78aa3cb] Routing FlowFile[328,92021685796950.mockFlowFile,23B] to original
[main] DEBUG org.apache.nifi.processors.standard.RouteText - RouteText[id=e191155b-3232-49bd-bfe9-6bfcf78aa3cb] Adding new dynamic property: PropertyDescriptor[simple]
[pool-2488-thread-1] INFO org.apache.nifi.processors.standard.RouteText - RouteText[id=e191155b-3232-49bd-bfe9-6bfcf78aa3cb] Created FlowFile[331,92021686237572.mockFlowFile,23B] from FlowFile[330,92021686237572.mockFlowFile,23B]; routing to relationship simple
[pool-2488-thread-1] INFO org.apache.nifi.processors.standard.RouteText - RouteText[id=e191155b-3232-49bd-bfe9-6bfcf78aa3cb] Routing FlowFile[330,92021686237572.mockFlowFile,23B] to original
[main] DEBUG org.apache.nifi.processors.standard.RouteText - RouteText[id=e191155b-3232-49bd-bfe9-6bfcf78aa3cb] Adding new dynamic property: PropertyDescriptor[simple]
[pool-2489-thread-1] INFO org.apache.nifi.processors.standard.RouteText - RouteText[id=e191155b-3232-49bd-bfe9-6bfcf78aa3cb] Created FlowFile[333,92021686662211.mockFlowFile,23B] from FlowFile[332,92021686662211.mockFlowFile,23B]; routing to relationship simple
[pool-2489-thread-1] INFO org.apache.nifi.processors.standard.RouteText - RouteText[id=e191155b-3232-49bd-bfe9-6bfcf78aa3cb] Routing FlowFile[332,92021686662211.mockFlowFile,23B] to original
[main] DEBUG org.apache.nifi.processors.standard.RouteText - RouteText[id=e191155b-3232-49bd-bfe9-6bfcf78aa3cb] Adding new dynamic property: PropertyDescriptor[simple]
[pool-2490-thread-1] INFO org.apache.nifi.processors.standard.RouteText - RouteText[id=e191155b-3232-49bd-bfe9-6bfcf78aa3cb] Created FlowFile[335,92021687198978.mockFlowFile,23B] from FlowFile[334,92021687198978.mockFlowFile,23B]; routing to relationship simple
[pool-2490-thread-1] INFO org.apache.nifi.processors.standard.RouteText - RouteText[id=e191155b-3232-49bd-bfe9-6bfcf78aa3cb] Routing FlowFile[334,92021687198978.mockFlowFile,23B] to original
[main] DEBUG org.apache.nifi.processors.standard.RouteText - RouteText[id=e191155b-3232-49bd-bfe9-6bfcf78aa3cb] Adding new dynamic property: PropertyDescriptor[simple]
[pool-2491-thread-1] INFO org.apache.nifi.processors.standard.RouteText - RouteText[id=e191155b-3232-49bd-bfe9-6bfcf78aa3cb] Created FlowFile[337,92021687839505.mockFlowFile,23B] from FlowFile[336,92021687839505.mockFlowFile,23B]; routing to relationship simple
[pool-2491-thread-1] INFO org.apache.nifi.processors.standard.RouteText - RouteText[id=e191155b-3232-49bd-bfe9-6bfcf78aa3cb] Routing FlowFile[336,92021687839505.mockFlowFile,23B] to original
[main] DEBUG org.apache.nifi.processors.standard.RouteText - RouteText[id=e191155b-3232-49bd-bfe9-6bfcf78aa3cb] Adding new dynamic property: PropertyDescriptor[simple]
[pool-2492-thread-1] INFO org.apache.nifi.processors.standard.RouteText - RouteText[id=e191155b-3232-49bd-bfe9-6bfcf78aa3cb] Created FlowFile[339,92021688415536.mockFlowFile,23B] from FlowFile[338,92021688415536.mockFlowFile,23B]; routing to relationship simple
[pool-2492-thread-1] INFO org.apache.nifi.processors.standard.RouteText - RouteText[id=e191155b-3232-49bd-bfe9-6bfcf78aa3cb] Routing FlowFile[338,92021688415536.mockFlowFile,23B] to original
[main] DEBUG org.apache.nifi.processors.standard.RouteText - RouteText[id=e191155b-3232-49bd-bfe9-6bfcf78aa3cb] Adding new dynamic property: PropertyDescriptor[simple]
[pool-2493-thread-1] INFO org.apache.nifi.processors.standard.RouteText - RouteText[id=e191155b-3232-49bd-bfe9-6bfcf78aa3cb] Created FlowFile[341,92021689031999.mockFlowFile,23B] from FlowFile[340,92021689031999.mockFlowFile,23B]; routing to relationship simple
[pool-2493-thread-1] INFO org.apache.nifi.processors.standard.RouteText - RouteText[id=e191155b-3232-49bd-bfe9-6bfcf78aa3cb] Routing FlowFile[340,92021689031999.mockFlowFile,23B] to original
[main] DEBUG org.apache.nifi.processors.standard.RouteText - RouteText[id=e191155b-3232-49bd-bfe9-6bfcf78aa3cb] Adding new dynamic property: PropertyDescriptor[simple]
[pool-2494-thread-1] INFO org.apache.nifi.processors.standard.RouteText - RouteText[id=e191155b-3232-49bd-bfe9-6bfcf78aa3cb] Created FlowFile[343,92021689594727.mockFlowFile,23B] from FlowFile[342,92021689594727.mockFlowFile,23B]; routing to relationship simple
[pool-2494-thread-1] INFO org.apache.nifi.processors.standard.RouteText - RouteText[id=e191155b-3232-49bd-bfe9-6bfcf78aa3cb] Routing FlowFile[342,92021689594727.mockFlowFile,23B] to original
[main] DEBUG org.apache.nifi.processors.standard.RouteText - RouteText[id=e191155b-3232-49bd-bfe9-6bfcf78aa3cb] Adding new dynamic property: PropertyDescriptor[simple]
[pool-2495-thread-1] INFO org.apache.nifi.processors.standard.RouteText - RouteText[id=e191155b-3232-49bd-bfe9-6bfcf78aa3cb] Created FlowFile[345,92021690144392.mockFlowFile,23B] from FlowFile[344,92021690144392.mockFlowFile,23B]; routing to relationship simple
[pool-2495-thread-1] INFO org.apache.nifi.processors.standard.RouteText - RouteText[id=e191155b-3232-49bd-bfe9-6bfcf78aa3cb] Routing FlowFile[344,92021690144392.mockFlowFile,23B] to original
[main] DEBUG org.apache.nifi.processors.standard.RouteText - RouteText[id=e191155b-3232-49bd-bfe9-6bfcf78aa3cb] Adding new dynamic property: PropertyDescriptor[simple]
[pool-2496-thread-1] INFO org.apache.nifi.processors.standard.RouteText - RouteText[id=e191155b-3232-49bd-bfe9-6bfcf78aa3cb] Created FlowFile[347,92021690581506.mockFlowFile,23B] from FlowFile[346,92021690581506.mockFlowFile,23B]; routing to relationship simple
[pool-2496-thread-1] INFO org.apache.nifi.processors.standard.RouteText - RouteText[id=e191155b-3232-49bd-bfe9-6bfcf78aa3cb] Routing FlowFile[346,92021690581506.mockFlowFile,23B] to original
[main] DEBUG org.apache.nifi.processors.standard.RouteText - RouteText[id=e191155b-3232-49bd-bfe9-6bfcf78aa3cb] Adding new dynamic property: PropertyDescriptor[simple]
[pool-2497-thread-1] INFO org.apache.nifi.processors.standard.RouteText - RouteText[id=e191155b-3232-49bd-bfe9-6bfcf78aa3cb] Created FlowFile[349,92021691031897.mockFlowFile,23B] from FlowFile[348,92021691031897.mockFlowFile,23B]; routing to relationship simple
[pool-2497-thread-1] INFO org.apache.nifi.processors.standard.RouteText - RouteText[id=e191155b-3232-49bd-bfe9-6bfcf78aa3cb] Routing FlowFile[348,92021691031897.mockFlowFile,23B] to original
[main] DEBUG org.apache.nifi.processors.standard.RouteText - RouteText[id=e191155b-3232-49bd-bfe9-6bfcf78aa3cb] Adding new dynamic property: PropertyDescriptor[simple]
[pool-2498-thread-1] INFO org.apache.nifi.processors.standard.RouteText - RouteText[id=e191155b-3232-49bd-bfe9-6bfcf78aa3cb] Created FlowFile[351,92021691638122.mockFlowFile,23B] from FlowFile[350,92021691638122.mockFlowFile,23B]; routing to relationship simple
[pool-2498-thread-1] INFO org.apache.nifi.processors.standard.RouteText - RouteText[id=e191155b-3232-49bd-bfe9-6bfcf78aa3cb] Routing FlowFile[350,92021691638122.mockFlowFile,23B] to original
[main] DEBUG org.apache.nifi.processors.standard.RouteText - RouteText[id=e191155b-3232-49bd-bfe9-6bfcf78aa3cb] Adding new dynamic property: PropertyDescriptor[simple]
[pool-2499-thread-1] INFO org.apache.nifi.processors.standard.RouteText - RouteText[id=e191155b-3232-49bd-bfe9-6bfcf78aa3cb] Created FlowFile[353,92021692143998.mockFlowFile,23B] from FlowFile[352,92021692143998.mockFlowFile,23B]; routing to relationship simple
[pool-2499-thread-1] INFO org.apache.nifi.processors.standard.RouteText - RouteText[id=e191155b-3232-49bd-bfe9-6bfcf78aa3cb] Routing FlowFile[352,92021692143998.mockFlowFile,23B] to original
[main] DEBUG org.apache.nifi.processors.standard.RouteText - RouteText[id=e191155b-3232-49bd-bfe9-6bfcf78aa3cb] Adding new dynamic property: PropertyDescriptor[simple]
[pool-2500-thread-1] INFO org.apache.nifi.processors.standard.RouteText - RouteText[id=e191155b-3232-49bd-bfe9-6bfcf78aa3cb] Created FlowFile[355,92021692871207.mockFlowFile,23B] from FlowFile[354,92021692871207.mockFlowFile,23B]; routing to relationship simple
[pool-2500-thread-1] INFO org.apache.nifi.processors.standard.RouteText - RouteText[id=e191155b-3232-49bd-bfe9-6bfcf78aa3cb] Routing FlowFile[354,92021692871207.mockFlowFile,23B] to original
[main] DEBUG org.apache.nifi.processors.standard.RouteText - RouteText[id=e191155b-3232-49bd-bfe9-6bfcf78aa3cb] Adding new dynamic property: PropertyDescriptor[simple]
[pool-2501-thread-1] INFO org.apache.nifi.processors.standard.RouteText - RouteText[id=e191155b-3232-49bd-bfe9-6bfcf78aa3cb] Created FlowFile[357,92021693531434.mockFlowFile,23B] from FlowFile[356,92021693531434.mockFlowFile,23B]; routing to relationship simple
[pool-2501-thread-1] INFO org.apache.nifi.processors.standard.RouteText - RouteText[id=e191155b-3232-49bd-bfe9-6bfcf78aa3cb] Routing FlowFile[356,92021693531434.mockFlowFile,23B] to original
[main] DEBUG org.apache.nifi.processors.standard.RouteText - RouteText[id=e191155b-3232-49bd-bfe9-6bfcf78aa3cb] Adding new dynamic property: PropertyDescriptor[simple]
[pool-2502-thread-1] INFO org.apache.nifi.processors.standard.RouteText - RouteText[id=e191155b-3232-49bd-bfe9-6bfcf78aa3cb] Created FlowFile[359,92021694206592.mockFlowFile,23B] from FlowFile[358,92021694206592.mockFlowFile,23B]; routing to relationship simple
[pool-2502-thread-1] INFO org.apache.nifi.processors.standard.RouteText - RouteText[id=e191155b-3232-49bd-bfe9-6bfcf78aa3cb] Routing FlowFile[358,92021694206592.mockFlowFile,23B] to original
[main] DEBUG org.apache.nifi.processors.standard.RouteText - RouteText[id=e191155b-3232-49bd-bfe9-6bfcf78aa3cb] Adding new dynamic property: PropertyDescriptor[simple]
[pool-2503-thread-1] INFO org.apache.nifi.processors.standard.RouteText - RouteText[id=e191155b-3232-49bd-bfe9-6bfcf78aa3cb] Created FlowFile[361,92021694789768.mockFlowFile,23B] from FlowFile[360,92021694789768.mockFlowFile,23B]; routing to relationship simple
[pool-2503-thread-1] INFO org.apache.nifi.processors.standard.RouteText - RouteText[id=e191155b-3232-49bd-bfe9-6bfcf78aa3cb] Routing FlowFile[360,92021694789768.mockFlowFile,23B] to original
[main] DEBUG org.apache.nifi.processors.standard.RouteText - RouteText[id=e191155b-3232-49bd-bfe9-6bfcf78aa3cb] Adding new dynamic property: PropertyDescriptor[simple]
[pool-2504-thread-1] INFO org.apache.nifi.processors.standard.RouteText - RouteText[id=e191155b-3232-49bd-bfe9-6bfcf78aa3cb] Created FlowFile[363,92021695597564.mockFlowFile,23B] from FlowFile[362,92021695597564.mockFlowFile,23B]; routing to relationship simple
[pool-2504-thread-1] INFO org.apache.nifi.processors.standard.RouteText - RouteText[id=e191155b-3232-49bd-bfe9-6bfcf78aa3cb] Routing FlowFile[362,92021695597564.mockFlowFile,23B] to original
[main] DEBUG org.apache.nifi.processors.standard.RouteText - RouteText[id=e191155b-3232-49bd-bfe9-6bfcf78aa3cb] Adding new dynamic property: PropertyDescriptor[simple]
[pool-2505-thread-1] INFO org.apache.nifi.processors.standard.RouteText - RouteText[id=e191155b-3232-49bd-bfe9-6bfcf78aa3cb] Created FlowFile[365,92021696405429.mockFlowFile,23B] from FlowFile[364,92021696405429.mockFlowFile,23B]; routing to relationship simple
[pool-2505-thread-1] INFO org.apache.nifi.processors.standard.RouteText - RouteText[id=e191155b-3232-49bd-bfe9-6bfcf78aa3cb] Routing FlowFile[364,92021696405429.mockFlowFile,23B] to original
[main] DEBUG org.apache.nifi.processors.standard.RouteText - RouteText[id=e191155b-3232-49bd-bfe9-6bfcf78aa3cb] Adding new dynamic property: PropertyDescriptor[simple]
[pool-2506-thread-1] INFO org.apache.nifi.processors.standard.RouteText - RouteText[id=e191155b-3232-49bd-bfe9-6bfcf78aa3cb] Created FlowFile[367,92021697138555.mockFlowFile,23B] from FlowFile[366,92021697138555.mockFlowFile,23B]; routing to relationship simple
[pool-2506-thread-1] INFO org.apache.nifi.processors.standard.RouteText - RouteText[id=e191155b-3232-49bd-bfe9-6bfcf78aa3cb] Routing FlowFile[366,92021697138555.mockFlowFile,23B] to original
[main] DEBUG org.apache.nifi.processors.standard.RouteText - RouteText[id=e191155b-3232-49bd-bfe9-6bfcf78aa3cb] Adding new dynamic property: PropertyDescriptor[simple]
[pool-2507-thread-1] INFO org.apache.nifi.processors.standard.RouteText - RouteText[id=e191155b-3232-49bd-bfe9-6bfcf78aa3cb] Created FlowFile[369,92021697787445.mockFlowFile,23B] from FlowFile[368,92021697787445.mockFlowFile,23B]; routing to relationship simple
[pool-2507-thread-1] INFO org.apache.nifi.processors.standard.RouteText - RouteText[id=e191155b-3232-49bd-bfe9-6bfcf78aa3cb] Routing FlowFile[368,92021697787445.mockFlowFile,23B] to original
[main] DEBUG org.apache.nifi.processors.standard.RouteText - RouteText[id=e191155b-3232-49bd-bfe9-6bfcf78aa3cb] Adding new dynamic property: PropertyDescriptor[simple]
[pool-2508-thread-1] INFO org.apache.nifi.processors.standard.RouteText - RouteText[id=e191155b-3232-49bd-bfe9-6bfcf78aa3cb] Created FlowFile[371,92021698416367.mockFlowFile,23B] from FlowFile[370,92021698416367.mockFlowFile,23B]; routing to relationship simple
[pool-2508-thread-1] INFO org.apache.nifi.processors.standard.RouteText - RouteText[id=e191155b-3232-49bd-bfe9-6bfcf78aa3cb] Routing FlowFile[370,92021698416367.mockFlowFile,23B] to original
[main] DEBUG org.apache.nifi.processors.standard.RouteText - RouteText[id=e191155b-3232-49bd-bfe9-6bfcf78aa3cb] Adding new dynamic property: PropertyDescriptor[simple]
[pool-2509-thread-1] INFO org.apache.nifi.processors.standard.RouteText - RouteText[id=e191155b-3232-49bd-bfe9-6bfcf78aa3cb] Created FlowFile[373,92021698980353.mockFlowFile,23B] from FlowFile[372,92021698980353.mockFlowFile,23B]; routing to relationship simple
[pool-2509-thread-1] INFO org.apache.nifi.processors.standard.RouteText - RouteText[id=e191155b-3232-49bd-bfe9-6bfcf78aa3cb] Routing FlowFile[372,92021698980353.mockFlowFile,23B] to original
[main] DEBUG org.apache.nifi.processors.standard.RouteText - RouteText[id=e191155b-3232-49bd-bfe9-6bfcf78aa3cb] Adding new dynamic property: PropertyDescriptor[simple]
[pool-2510-thread-1] INFO org.apache.nifi.processors.standard.RouteText - RouteText[id=e191155b-3232-49bd-bfe9-6bfcf78aa3cb] Created FlowFile[375,92021699613616.mockFlowFile,23B] from FlowFile[374,92021699613616.mockFlowFile,23B]; routing to relationship simple
[pool-2510-thread-1] INFO org.apache.nifi.processors.standard.RouteText - RouteText[id=e191155b-3232-49bd-bfe9-6bfcf78aa3cb] Routing FlowFile[374,92021699613616.mockFlowFile,23B] to original
[main] DEBUG org.apache.nifi.processors.standard.RouteText - RouteText[id=e191155b-3232-49bd-bfe9-6bfcf78aa3cb] Adding new dynamic property: PropertyDescriptor[simple]
[pool-2511-thread-1] INFO org.apache.nifi.processors.standard.RouteText - RouteText[id=e191155b-3232-49bd-bfe9-6bfcf78aa3cb] Created FlowFile[377,92021700278292.mockFlowFile,23B] from FlowFile[376,92021700278292.mockFlowFile,23B]; routing to relationship simple
[pool-2511-thread-1] INFO org.apache.nifi.processors.standard.RouteText - RouteText[id=e191155b-3232-49bd-bfe9-6bfcf78aa3cb] Routing FlowFile[376,92021700278292.mockFlowFile,23B] to original
[main] DEBUG org.apache.nifi.processors.standard.RouteText - RouteText[id=e191155b-3232-49bd-bfe9-6bfcf78aa3cb] Adding new dynamic property: PropertyDescriptor[simple]
[pool-2512-thread-1] INFO org.apache.nifi.processors.standard.RouteText - RouteText[id=e191155b-3232-49bd-bfe9-6bfcf78aa3cb] Created FlowFile[379,92021701064663.mockFlowFile,23B] from FlowFile[378,92021701064663.mockFlowFile,23B]; routing to relationship simple
[pool-2512-thread-1] INFO org.apache.nifi.processors.standard.RouteText - RouteText[id=e191155b-3232-49bd-bfe9-6bfcf78aa3cb] Routing FlowFile[378,92021701064663.mockFlowFile,23B] to original
[main] DEBUG org.apache.nifi.processors.standard.RouteText - RouteText[id=e191155b-3232-49bd-bfe9-6bfcf78aa3cb] Adding new dynamic property: PropertyDescriptor[simple]
[pool-2513-thread-1] INFO org.apache.nifi.processors.standard.RouteText - RouteText[id=e191155b-3232-49bd-bfe9-6bfcf78aa3cb] Created FlowFile[381,92021701747355.mockFlowFile,23B] from FlowFile[380,92021701747355.mockFlowFile,23B]; routing to relationship simple
[pool-2513-thread-1] INFO org.apache.nifi.processors.standard.RouteText - RouteText[id=e191155b-3232-49bd-bfe9-6bfcf78aa3cb] Routing FlowFile[380,92021701747355.mockFlowFile,23B] to original
[main] DEBUG org.apache.nifi.processors.standard.RouteText - RouteText[id=e191155b-3232-49bd-bfe9-6bfcf78aa3cb] Adding new dynamic property: PropertyDescriptor[simple]
[pool-2514-thread-1] INFO org.apache.nifi.processors.standard.RouteText - RouteText[id=e191155b-3232-49bd-bfe9-6bfcf78aa3cb] Created FlowFile[383,92021702297287.mockFlowFile,23B] from FlowFile[382,92021702297287.mockFlowFile,23B]; routing to relationship simple
[pool-2514-thread-1] INFO org.apache.nifi.processors.standard.RouteText - RouteText[id=e191155b-3232-49bd-bfe9-6bfcf78aa3cb] Routing FlowFile[382,92021702297287.mockFlowFile,23B] to original
[main] DEBUG org.apache.nifi.processors.standard.RouteText - RouteText[id=e191155b-3232-49bd-bfe9-6bfcf78aa3cb] Adding new dynamic property: PropertyDescriptor[simple]
[pool-2515-thread-1] INFO org.apache.nifi.processors.standard.RouteText - RouteText[id=e191155b-3232-49bd-bfe9-6bfcf78aa3cb] Created FlowFile[385,92021702876212.mockFlowFile,23B] from FlowFile[384,92021702876212.mockFlowFile,23B]; routing to relationship simple
[pool-2515-thread-1] INFO org.apache.nifi.processors.standard.RouteText - RouteText[id=e191155b-3232-49bd-bfe9-6bfcf78aa3cb] Routing FlowFile[384,92021702876212.mockFlowFile,23B] to original
[main] DEBUG org.apache.nifi.processors.standard.RouteText - RouteText[id=e191155b-3232-49bd-bfe9-6bfcf78aa3cb] Adding new dynamic property: PropertyDescriptor[simple]
[pool-2516-thread-1] INFO org.apache.nifi.processors.standard.RouteText - RouteText[id=e191155b-3232-49bd-bfe9-6bfcf78aa3cb] Created FlowFile[387,92021703668700.mockFlowFile,23B] from FlowFile[386,92021703668700.mockFlowFile,23B]; routing to relationship simple
[pool-2516-thread-1] INFO org.apache.nifi.processors.standard.RouteText - RouteText[id=e191155b-3232-49bd-bfe9-6bfcf78aa3cb] Routing FlowFile[386,92021703668700.mockFlowFile,23B] to original
[main] DEBUG org.apache.nifi.processors.standard.RouteText - RouteText[id=e191155b-3232-49bd-bfe9-6bfcf78aa3cb] Adding new dynamic property: PropertyDescriptor[simple]
[pool-2517-thread-1] INFO org.apache.nifi.processors.standard.RouteText - RouteText[id=e191155b-3232-49bd-bfe9-6bfcf78aa3cb] Created FlowFile[389,92021704502877.mockFlowFile,23B] from FlowFile[388,92021704502877.mockFlowFile,23B]; routing to relationship simple
[pool-2517-thread-1] INFO org.apache.nifi.processors.standard.RouteText - RouteText[id=e191155b-3232-49bd-bfe9-6bfcf78aa3cb] Routing FlowFile[388,92021704502877.mockFlowFile,23B] to original
[main] DEBUG org.apache.nifi.processors.standard.RouteText - RouteText[id=e191155b-3232-49bd-bfe9-6bfcf78aa3cb] Adding new dynamic property: PropertyDescriptor[simple]
[pool-2518-thread-1] INFO org.apache.nifi.processors.standard.RouteText - RouteText[id=e191155b-3232-49bd-bfe9-6bfcf78aa3cb] Created FlowFile[391,92021705909117.mockFlowFile,23B] from FlowFile[390,92021705909117.mockFlowFile,23B]; routing to relationship simple
[pool-2518-thread-1] INFO org.apache.nifi.processors.standard.RouteText - RouteText[id=e191155b-3232-49bd-bfe9-6bfcf78aa3cb] Routing FlowFile[390,92021705909117.mockFlowFile,23B] to original
[main] DEBUG org.apache.nifi.processors.standard.RouteText - RouteText[id=e191155b-3232-49bd-bfe9-6bfcf78aa3cb] Adding new dynamic property: PropertyDescriptor[simple]
[pool-2519-thread-1] INFO org.apache.nifi.processors.standard.RouteText - RouteText[id=e191155b-3232-49bd-bfe9-6bfcf78aa3cb] Created FlowFile[393,92021706640390.mockFlowFile,23B] from FlowFile[392,92021706640390.mockFlowFile,23B]; routing to relationship simple
[pool-2519-thread-1] INFO org.apache.nifi.processors.standard.RouteText - RouteText[id=e191155b-3232-49bd-bfe9-6bfcf78aa3cb] Routing FlowFile[392,92021706640390.mockFlowFile,23B] to original
[main] DEBUG org.apache.nifi.processors.standard.RouteText - RouteText[id=e191155b-3232-49bd-bfe9-6bfcf78aa3cb] Adding new dynamic property: PropertyDescriptor[simple]
[pool-2520-thread-1] INFO org.apache.nifi.processors.standard.RouteText - RouteText[id=e191155b-3232-49bd-bfe9-6bfcf78aa3cb] Created FlowFile[395,92021707334261.mockFlowFile,23B] from FlowFile[394,92021707334261.mockFlowFile,23B]; routing to relationship simple
[pool-2520-thread-1] INFO org.apache.nifi.processors.standard.RouteText - RouteText[id=e191155b-3232-49bd-bfe9-6bfcf78aa3cb] Routing FlowFile[394,92021707334261.mockFlowFile,23B] to original
[main] DEBUG org.apache.nifi.processors.standard.RouteText - RouteText[id=e191155b-3232-49bd-bfe9-6bfcf78aa3cb] Adding new dynamic property: PropertyDescriptor[simple]
[pool-2521-thread-1] INFO org.apache.nifi.processors.standard.RouteText - RouteText[id=e191155b-3232-49bd-bfe9-6bfcf78aa3cb] Created FlowFile[397,92021707929524.mockFlowFile,23B] from FlowFile[396,92021707929524.mockFlowFile,23B]; routing to relationship simple
[pool-2521-thread-1] INFO org.apache.nifi.processors.standard.RouteText - RouteText[id=e191155b-3232-49bd-bfe9-6bfcf78aa3cb] Routing FlowFile[396,92021707929524.mockFlowFile,23B] to original
[main] DEBUG org.apache.nifi.processors.standard.RouteText - RouteText[id=e191155b-3232-49bd-bfe9-6bfcf78aa3cb] Adding new dynamic property: PropertyDescriptor[simple]
[pool-2522-thread-1] INFO org.apache.nifi.processors.standard.RouteText - RouteText[id=e191155b-3232-49bd-bfe9-6bfcf78aa3cb] Created FlowFile[399,92021708573637.mockFlowFile,23B] from FlowFile[398,92021708573637.mockFlowFile,23B]; routing to relationship simple
[pool-2522-thread-1] INFO org.apache.nifi.processors.standard.RouteText - RouteText[id=e191155b-3232-49bd-bfe9-6bfcf78aa3cb] Routing FlowFile[398,92021708573637.mockFlowFile,23B] to original
[main] DEBUG org.apache.nifi.processors.standard.RouteText - RouteText[id=e191155b-3232-49bd-bfe9-6bfcf78aa3cb] Adding new dynamic property: PropertyDescriptor[simple]
[pool-2523-thread-1] INFO org.apache.nifi.processors.standard.RouteText - RouteText[id=e191155b-3232-49bd-bfe9-6bfcf78aa3cb] Created FlowFile[401,92021709234782.mockFlowFile,23B] from FlowFile[400,92021709234782.mockFlowFile,23B]; routing to relationship simple
[pool-2523-thread-1] INFO org.apache.nifi.processors.standard.RouteText - RouteText[id=e191155b-3232-49bd-bfe9-6bfcf78aa3cb] Routing FlowFile[400,92021709234782.mockFlowFile,23B] to original
[main] DEBUG org.apache.nifi.processors.standard.RouteText - RouteText[id=e191155b-3232-49bd-bfe9-6bfcf78aa3cb] Adding new dynamic property: PropertyDescriptor[simple]
[pool-2524-thread-1] INFO org.apache.nifi.processors.standard.RouteText - RouteText[id=e191155b-3232-49bd-bfe9-6bfcf78aa3cb] Created FlowFile[403,92021709842528.mockFlowFile,23B] from FlowFile[402,92021709842528.mockFlowFile,23B]; routing to relationship simple
[pool-2524-thread-1] INFO org.apache.nifi.processors.standard.RouteText - RouteText[id=e191155b-3232-49bd-bfe9-6bfcf78aa3cb] Routing FlowFile[402,92021709842528.mockFlowFile,23B] to original
[main] DEBUG org.apache.nifi.processors.standard.RouteText - RouteText[id=e191155b-3232-49bd-bfe9-6bfcf78aa3cb] Adding new dynamic property: PropertyDescriptor[simple]
[pool-2525-thread-1] INFO org.apache.nifi.processors.standard.RouteText - RouteText[id=e191155b-3232-49bd-bfe9-6bfcf78aa3cb] Created FlowFile[405,92021710437888.mockFlowFile,23B] from FlowFile[404,92021710437888.mockFlowFile,23B]; routing to relationship simple
[pool-2525-thread-1] INFO org.apache.nifi.processors.standard.RouteText - RouteText[id=e191155b-3232-49bd-bfe9-6bfcf78aa3cb] Routing FlowFile[404,92021710437888.mockFlowFile,23B] to original
[main] DEBUG org.apache.nifi.processors.standard.RouteText - RouteText[id=e191155b-3232-49bd-bfe9-6bfcf78aa3cb] Adding new dynamic property: PropertyDescriptor[simple]
[pool-2526-thread-1] INFO org.apache.nifi.processors.standard.RouteText - RouteText[id=e191155b-3232-49bd-bfe9-6bfcf78aa3cb] Created FlowFile[407,92021711014608.mockFlowFile,23B] from FlowFile[406,92021711014608.mockFlowFile,23B]; routing to relationship simple
[pool-2526-thread-1] INFO org.apache.nifi.processors.standard.RouteText - RouteText[id=e191155b-3232-49bd-bfe9-6bfcf78aa3cb] Routing FlowFile[406,92021711014608.mockFlowFile,23B] to original
[main] DEBUG org.apache.nifi.processors.standard.RouteText - RouteText[id=e191155b-3232-49bd-bfe9-6bfcf78aa3cb] Adding new dynamic property: PropertyDescriptor[simple]
[pool-2527-thread-1] INFO org.apache.nifi.processors.standard.RouteText - RouteText[id=e191155b-3232-49bd-bfe9-6bfcf78aa3cb] Created FlowFile[409,92021711585076.mockFlowFile,23B] from FlowFile[408,92021711585076.mockFlowFile,23B]; routing to relationship simple
[pool-2527-thread-1] INFO org.apache.nifi.processors.standard.RouteText - RouteText[id=e191155b-3232-49bd-bfe9-6bfcf78aa3cb] Routing FlowFile[408,92021711585076.mockFlowFile,23B] to original
[main] DEBUG org.apache.nifi.processors.standard.RouteText - RouteText[id=e191155b-3232-49bd-bfe9-6bfcf78aa3cb] Adding new dynamic property: PropertyDescriptor[simple]
[pool-2528-thread-1] INFO org.apache.nifi.processors.standard.RouteText - RouteText[id=e191155b-3232-49bd-bfe9-6bfcf78aa3cb] Created FlowFile[411,92021712045853.mockFlowFile,23B] from FlowFile[410,92021712045853.mockFlowFile,23B]; routing to relationship simple
[pool-2528-thread-1] INFO org.apache.nifi.processors.standard.RouteText - RouteText[id=e191155b-3232-49bd-bfe9-6bfcf78aa3cb] Routing FlowFile[410,92021712045853.mockFlowFile,23B] to original
[main] DEBUG org.apache.nifi.processors.standard.RouteText - RouteText[id=e191155b-3232-49bd-bfe9-6bfcf78aa3cb] Adding new dynamic property: PropertyDescriptor[simple]
[pool-2529-thread-1] INFO org.apache.nifi.processors.standard.RouteText - RouteText[id=e191155b-3232-49bd-bfe9-6bfcf78aa3cb] Created FlowFile[413,92021712622653.mockFlowFile,23B] from FlowFile[412,92021712622653.mockFlowFile,23B]; routing to relationship simple
[pool-2529-thread-1] INFO org.apache.nifi.processors.standard.RouteText - RouteText[id=e191155b-3232-49bd-bfe9-6bfcf78aa3cb] Routing FlowFile[412,92021712622653.mockFlowFile,23B] to original
[main] DEBUG org.apache.nifi.processors.standard.RouteText - RouteText[id=e191155b-3232-49bd-bfe9-6bfcf78aa3cb] Adding new dynamic property: PropertyDescriptor[simple]
[pool-2530-thread-1] INFO org.apache.nifi.processors.standard.RouteText - RouteText[id=e191155b-3232-49bd-bfe9-6bfcf78aa3cb] Created FlowFile[415,92021713216973.mockFlowFile,23B] from FlowFile[414,92021713216973.mockFlowFile,23B]; routing to relationship simple
[pool-2530-thread-1] INFO org.apache.nifi.processors.standard.RouteText - RouteText[id=e191155b-3232-49bd-bfe9-6bfcf78aa3cb] Routing FlowFile[414,92021713216973.mockFlowFile,23B] to original
[main] DEBUG org.apache.nifi.processors.standard.RouteText - RouteText[id=e191155b-3232-49bd-bfe9-6bfcf78aa3cb] Adding new dynamic property: PropertyDescriptor[simple]
[pool-2531-thread-1] INFO org.apache.nifi.processors.standard.RouteText - RouteText[id=e191155b-3232-49bd-bfe9-6bfcf78aa3cb] Created FlowFile[417,92021713830281.mockFlowFile,23B] from FlowFile[416,92021713830281.mockFlowFile,23B]; routing to relationship simple
[pool-2531-thread-1] INFO org.apache.nifi.processors.standard.RouteText - RouteText[id=e191155b-3232-49bd-bfe9-6bfcf78aa3cb] Routing FlowFile[416,92021713830281.mockFlowFile,23B] to original
[main] DEBUG org.apache.nifi.processors.standard.RouteText - RouteText[id=e191155b-3232-49bd-bfe9-6bfcf78aa3cb] Adding new dynamic property: PropertyDescriptor[simple]
[pool-2532-thread-1] INFO org.apache.nifi.processors.standard.RouteText - RouteText[id=e191155b-3232-49bd-bfe9-6bfcf78aa3cb] Created FlowFile[419,92021714395182.mockFlowFile,23B] from FlowFile[418,92021714395182.mockFlowFile,23B]; routing to relationship simple
[pool-2532-thread-1] INFO org.apache.nifi.processors.standard.RouteText - RouteText[id=e191155b-3232-49bd-bfe9-6bfcf78aa3cb] Routing FlowFile[418,92021714395182.mockFlowFile,23B] to original
[main] DEBUG org.apache.nifi.processors.standard.RouteText - RouteText[id=e191155b-3232-49bd-bfe9-6bfcf78aa3cb] Adding new dynamic property: PropertyDescriptor[simple]
[pool-2533-thread-1] INFO org.apache.nifi.processors.standard.RouteText - RouteText[id=e191155b-3232-49bd-bfe9-6bfcf78aa3cb] Created FlowFile[421,92021714963872.mockFlowFile,23B] from FlowFile[420,92021714963872.mockFlowFile,23B]; routing to relationship simple
[pool-2533-thread-1] INFO org.apache.nifi.processors.standard.RouteText - RouteText[id=e191155b-3232-49bd-bfe9-6bfcf78aa3cb] Routing FlowFile[420,92021714963872.mockFlowFile,23B] to original
[main] DEBUG org.apache.nifi.processors.standard.RouteText - RouteText[id=e191155b-3232-49bd-bfe9-6bfcf78aa3cb] Adding new dynamic property: PropertyDescriptor[simple]
[pool-2534-thread-1] INFO org.apache.nifi.processors.standard.RouteText - RouteText[id=e191155b-3232-49bd-bfe9-6bfcf78aa3cb] Created FlowFile[423,92021715579400.mockFlowFile,23B] from FlowFile[422,92021715579400.mockFlowFile,23B]; routing to relationship simple
[pool-2534-thread-1] INFO org.apache.nifi.processors.standard.RouteText - RouteText[id=e191155b-3232-49bd-bfe9-6bfcf78aa3cb] Routing FlowFile[422,92021715579400.mockFlowFile,23B] to original
[main] DEBUG org.apache.nifi.processors.standard.RouteText - RouteText[id=e191155b-3232-49bd-bfe9-6bfcf78aa3cb] Adding new dynamic property: PropertyDescriptor[simple]
[pool-2535-thread-1] INFO org.apache.nifi.processors.standard.RouteText - RouteText[id=e191155b-3232-49bd-bfe9-6bfcf78aa3cb] Created FlowFile[425,92021716220370.mockFlowFile,23B] from FlowFile[424,92021716220370.mockFlowFile,23B]; routing to relationship simple
[pool-2535-thread-1] INFO org.apache.nifi.processors.standard.RouteText - RouteText[id=e191155b-3232-49bd-bfe9-6bfcf78aa3cb] Routing FlowFile[424,92021716220370.mockFlowFile,23B] to original
[main] DEBUG org.apache.nifi.processors.standard.RouteText - RouteText[id=e191155b-3232-49bd-bfe9-6bfcf78aa3cb] Adding new dynamic property: PropertyDescriptor[simple]
[pool-2536-thread-1] INFO org.apache.nifi.processors.standard.RouteText - RouteText[id=e191155b-3232-49bd-bfe9-6bfcf78aa3cb] Created FlowFile[427,92021716780921.mockFlowFile,23B] from FlowFile[426,92021716780921.mockFlowFile,23B]; routing to relationship simple
[pool-2536-thread-1] INFO org.apache.nifi.processors.standard.RouteText - RouteText[id=e191155b-3232-49bd-bfe9-6bfcf78aa3cb] Routing FlowFile[426,92021716780921.mockFlowFile,23B] to original
[main] DEBUG org.apache.nifi.processors.standard.RouteText - RouteText[id=e191155b-3232-49bd-bfe9-6bfcf78aa3cb] Adding new dynamic property: PropertyDescriptor[simple]
[pool-2537-thread-1] INFO org.apache.nifi.processors.standard.RouteText - RouteText[id=e191155b-3232-49bd-bfe9-6bfcf78aa3cb] Created FlowFile[429,92021717469039.mockFlowFile,23B] from FlowFile[428,92021717469039.mockFlowFile,23B]; routing to relationship simple
[pool-2537-thread-1] INFO org.apache.nifi.processors.standard.RouteText - RouteText[id=e191155b-3232-49bd-bfe9-6bfcf78aa3cb] Routing FlowFile[428,92021717469039.mockFlowFile,23B] to original
[main] DEBUG org.apache.nifi.processors.standard.RouteText - RouteText[id=e191155b-3232-49bd-bfe9-6bfcf78aa3cb] Adding new dynamic property: PropertyDescriptor[simple]
[pool-2538-thread-1] INFO org.apache.nifi.processors.standard.RouteText - RouteText[id=e191155b-3232-49bd-bfe9-6bfcf78aa3cb] Created FlowFile[431,92021718089322.mockFlowFile,23B] from FlowFile[430,92021718089322.mockFlowFile,23B]; routing to relationship simple
[pool-2538-thread-1] INFO org.apache.nifi.processors.standard.RouteText - RouteText[id=e191155b-3232-49bd-bfe9-6bfcf78aa3cb] Routing FlowFile[430,92021718089322.mockFlowFile,23B] to original
[main] DEBUG org.apache.nifi.processors.standard.RouteText - RouteText[id=e191155b-3232-49bd-bfe9-6bfcf78aa3cb] Adding new dynamic property: PropertyDescriptor[simple]
[pool-2539-thread-1] INFO org.apache.nifi.processors.standard.RouteText - RouteText[id=e191155b-3232-49bd-bfe9-6bfcf78aa3cb] Created FlowFile[433,92021718663249.mockFlowFile,23B] from FlowFile[432,92021718663249.mockFlowFile,23B]; routing to relationship simple
[pool-2539-thread-1] INFO org.apache.nifi.processors.standard.RouteText - RouteText[id=e191155b-3232-49bd-bfe9-6bfcf78aa3cb] Routing FlowFile[432,92021718663249.mockFlowFile,23B] to original
[main] DEBUG org.apache.nifi.processors.standard.RouteText - RouteText[id=e191155b-3232-49bd-bfe9-6bfcf78aa3cb] Adding new dynamic property: PropertyDescriptor[simple]
[pool-2540-thread-1] INFO org.apache.nifi.processors.standard.RouteText - RouteText[id=e191155b-3232-49bd-bfe9-6bfcf78aa3cb] Created FlowFile[435,92021719315271.mockFlowFile,23B] from FlowFile[434,92021719315271.mockFlowFile,23B]; routing to relationship simple
[pool-2540-thread-1] INFO org.apache.nifi.processors.standard.RouteText - RouteText[id=e191155b-3232-49bd-bfe9-6bfcf78aa3cb] Routing FlowFile[434,92021719315271.mockFlowFile,23B] to original
[main] DEBUG org.apache.nifi.processors.standard.RouteText - RouteText[id=e191155b-3232-49bd-bfe9-6bfcf78aa3cb] Adding new dynamic property: PropertyDescriptor[simple]
[pool-2541-thread-1] INFO org.apache.nifi.processors.standard.RouteText - RouteText[id=e191155b-3232-49bd-bfe9-6bfcf78aa3cb] Created FlowFile[437,92021719878223.mockFlowFile,23B] from FlowFile[436,92021719878223.mockFlowFile,23B]; routing to relationship simple
[pool-2541-thread-1] INFO org.apache.nifi.processors.standard.RouteText - RouteText[id=e191155b-3232-49bd-bfe9-6bfcf78aa3cb] Routing FlowFile[436,92021719878223.mockFlowFile,23B] to original
[main] DEBUG org.apache.nifi.processors.standard.RouteText - RouteText[id=e191155b-3232-49bd-bfe9-6bfcf78aa3cb] Adding new dynamic property: PropertyDescriptor[simple]
[pool-2542-thread-1] INFO org.apache.nifi.processors.standard.RouteText - RouteText[id=e191155b-3232-49bd-bfe9-6bfcf78aa3cb] Created FlowFile[439,92021720604090.mockFlowFile,23B] from FlowFile[438,92021720604090.mockFlowFile,23B]; routing to relationship simple
[pool-2542-thread-1] INFO org.apache.nifi.processors.standard.RouteText - RouteText[id=e191155b-3232-49bd-bfe9-6bfcf78aa3cb] Routing FlowFile[438,92021720604090.mockFlowFile,23B] to original
[main] DEBUG org.apache.nifi.processors.standard.RouteText - RouteText[id=e191155b-3232-49bd-bfe9-6bfcf78aa3cb] Adding new dynamic property: PropertyDescriptor[simple]
[pool-2543-thread-1] INFO org.apache.nifi.processors.standard.RouteText - RouteText[id=e191155b-3232-49bd-bfe9-6bfcf78aa3cb] Created FlowFile[441,92021721245542.mockFlowFile,23B] from FlowFile[440,92021721245542.mockFlowFile,23B]; routing to relationship simple
[pool-2543-thread-1] INFO org.apache.nifi.processors.standard.RouteText - RouteText[id=e191155b-3232-49bd-bfe9-6bfcf78aa3cb] Routing FlowFile[440,92021721245542.mockFlowFile,23B] to original
[main] DEBUG org.apache.nifi.processors.standard.RouteText - RouteText[id=e191155b-3232-49bd-bfe9-6bfcf78aa3cb] Adding new dynamic property: PropertyDescriptor[simple]
[pool-2544-thread-1] INFO org.apache.nifi.processors.standard.RouteText - RouteText[id=e191155b-3232-49bd-bfe9-6bfcf78aa3cb] Created FlowFile[443,92021721874502.mockFlowFile,23B] from FlowFile[442,92021721874502.mockFlowFile,23B]; routing to relationship simple
[pool-2544-thread-1] INFO org.apache.nifi.processors.standard.RouteText - RouteText[id=e191155b-3232-49bd-bfe9-6bfcf78aa3cb] Routing FlowFile[442,92021721874502.mockFlowFile,23B] to original
[main] DEBUG org.apache.nifi.processors.standard.RouteText - RouteText[id=e191155b-3232-49bd-bfe9-6bfcf78aa3cb] Adding new dynamic property: PropertyDescriptor[simple]
[pool-2545-thread-1] INFO org.apache.nifi.processors.standard.RouteText - RouteText[id=e191155b-3232-49bd-bfe9-6bfcf78aa3cb] Created FlowFile[445,92021722577007.mockFlowFile,23B] from FlowFile[444,92021722577007.mockFlowFile,23B]; routing to relationship simple
[pool-2545-thread-1] INFO org.apache.nifi.processors.standard.RouteText - RouteText[id=e191155b-3232-49bd-bfe9-6bfcf78aa3cb] Routing FlowFile[444,92021722577007.mockFlowFile,23B] to original
[main] DEBUG org.apache.nifi.processors.standard.RouteText - RouteText[id=e191155b-3232-49bd-bfe9-6bfcf78aa3cb] Adding new dynamic property: PropertyDescriptor[simple]
[pool-2546-thread-1] INFO org.apache.nifi.processors.standard.RouteText - RouteText[id=e191155b-3232-49bd-bfe9-6bfcf78aa3cb] Created FlowFile[447,92021723201514.mockFlowFile,23B] from FlowFile[446,92021723201514.mockFlowFile,23B]; routing to relationship simple
[pool-2546-thread-1] INFO org.apache.nifi.processors.standard.RouteText - RouteText[id=e191155b-3232-49bd-bfe9-6bfcf78aa3cb] Routing FlowFile[446,92021723201514.mockFlowFile,23B] to original
[main] DEBUG org.apache.nifi.processors.standard.RouteText - RouteText[id=e191155b-3232-49bd-bfe9-6bfcf78aa3cb] Adding new dynamic property: PropertyDescriptor[simple]
[pool-2547-thread-1] INFO org.apache.nifi.processors.standard.RouteText - RouteText[id=e191155b-3232-49bd-bfe9-6bfcf78aa3cb] Created FlowFile[449,92021723889970.mockFlowFile,23B] from FlowFile[448,92021723889970.mockFlowFile,23B]; routing to relationship simple
[pool-2547-thread-1] INFO org.apache.nifi.processors.standard.RouteText - RouteText[id=e191155b-3232-49bd-bfe9-6bfcf78aa3cb] Routing FlowFile[448,92021723889970.mockFlowFile,23B] to original
[main] DEBUG org.apache.nifi.processors.standard.RouteText - RouteText[id=e191155b-3232-49bd-bfe9-6bfcf78aa3cb] Adding new dynamic property: PropertyDescriptor[simple]
[pool-2548-thread-1] INFO org.apache.nifi.processors.standard.RouteText - RouteText[id=e191155b-3232-49bd-bfe9-6bfcf78aa3cb] Created FlowFile[451,92021724636310.mockFlowFile,23B] from FlowFile[450,92021724636310.mockFlowFile,23B]; routing to relationship simple
[pool-2548-thread-1] INFO org.apache.nifi.processors.standard.RouteText - RouteText[id=e191155b-3232-49bd-bfe9-6bfcf78aa3cb] Routing FlowFile[450,92021724636310.mockFlowFile,23B] to original
[main] DEBUG org.apache.nifi.processors.standard.RouteText - RouteText[id=e191155b-3232-49bd-bfe9-6bfcf78aa3cb] Adding new dynamic property: PropertyDescriptor[simple]
[pool-2549-thread-1] INFO org.apache.nifi.processors.standard.RouteText - RouteText[id=e191155b-3232-49bd-bfe9-6bfcf78aa3cb] Created FlowFile[453,92021725260878.mockFlowFile,23B] from FlowFile[452,92021725260878.mockFlowFile,23B]; routing to relationship simple
[pool-2549-thread-1] INFO org.apache.nifi.processors.standard.RouteText - RouteText[id=e191155b-3232-49bd-bfe9-6bfcf78aa3cb] Routing FlowFile[452,92021725260878.mockFlowFile,23B] to original
[main] DEBUG org.apache.nifi.processors.standard.RouteText - RouteText[id=e191155b-3232-49bd-bfe9-6bfcf78aa3cb] Adding new dynamic property: PropertyDescriptor[simple]
[pool-2550-thread-1] INFO org.apache.nifi.processors.standard.RouteText - RouteText[id=e191155b-3232-49bd-bfe9-6bfcf78aa3cb] Created FlowFile[455,92021725883006.mockFlowFile,23B] from FlowFile[454,92021725883006.mockFlowFile,23B]; routing to relationship simple
[pool-2550-thread-1] INFO org.apache.nifi.processors.standard.RouteText - RouteText[id=e191155b-3232-49bd-bfe9-6bfcf78aa3cb] Routing FlowFile[454,92021725883006.mockFlowFile,23B] to original
[main] DEBUG org.apache.nifi.processors.standard.RouteText - RouteText[id=e191155b-3232-49bd-bfe9-6bfcf78aa3cb] Adding new dynamic property: PropertyDescriptor[simple]
[pool-2551-thread-1] INFO org.apache.nifi.processors.standard.RouteText - RouteText[id=e191155b-3232-49bd-bfe9-6bfcf78aa3cb] Created FlowFile[457,92021726644358.mockFlowFile,23B] from FlowFile[456,92021726644358.mockFlowFile,23B]; routing to relationship simple
[pool-2551-thread-1] INFO org.apache.nifi.processors.standard.RouteText - RouteText[id=e191155b-3232-49bd-bfe9-6bfcf78aa3cb] Routing FlowFile[456,92021726644358.mockFlowFile,23B] to original
[main] DEBUG org.apache.nifi.processors.standard.RouteText - RouteText[id=e191155b-3232-49bd-bfe9-6bfcf78aa3cb] Adding new dynamic property: PropertyDescriptor[simple]
[pool-2552-thread-1] INFO org.apache.nifi.processors.standard.RouteText - RouteText[id=e191155b-3232-49bd-bfe9-6bfcf78aa3cb] Created FlowFile[459,92021727233927.mockFlowFile,23B] from FlowFile[458,92021727233927.mockFlowFile,23B]; routing to relationship simple
[pool-2552-thread-1] INFO org.apache.nifi.processors.standard.RouteText - RouteText[id=e191155b-3232-49bd-bfe9-6bfcf78aa3cb] Routing FlowFile[458,92021727233927.mockFlowFile,23B] to original
[main] DEBUG org.apache.nifi.processors.standard.RouteText - RouteText[id=e191155b-3232-49bd-bfe9-6bfcf78aa3cb] Adding new dynamic property: PropertyDescriptor[simple]
[pool-2553-thread-1] INFO org.apache.nifi.processors.standard.RouteText - RouteText[id=e191155b-3232-49bd-bfe9-6bfcf78aa3cb] Created FlowFile[461,92021727815992.mockFlowFile,23B] from FlowFile[460,92021727815992.mockFlowFile,23B]; routing to relationship simple
[pool-2553-thread-1] INFO org.apache.nifi.processors.standard.RouteText - RouteText[id=e191155b-3232-49bd-bfe9-6bfcf78aa3cb] Routing FlowFile[460,92021727815992.mockFlowFile,23B] to original
[main] DEBUG org.apache.nifi.processors.standard.RouteText - RouteText[id=e191155b-3232-49bd-bfe9-6bfcf78aa3cb] Adding new dynamic property: PropertyDescriptor[simple]
[pool-2554-thread-1] INFO org.apache.nifi.processors.standard.RouteText - RouteText[id=e191155b-3232-49bd-bfe9-6bfcf78aa3cb] Created FlowFile[463,92021728374827.mockFlowFile,23B] from FlowFile[462,92021728374827.mockFlowFile,23B]; routing to relationship simple
[pool-2554-thread-1] INFO org.apache.nifi.processors.standard.RouteText - RouteText[id=e191155b-3232-49bd-bfe9-6bfcf78aa3cb] Routing FlowFile[462,92021728374827.mockFlowFile,23B] to original
[main] DEBUG org.apache.nifi.processors.standard.RouteText - RouteText[id=e191155b-3232-49bd-bfe9-6bfcf78aa3cb] Adding new dynamic property: PropertyDescriptor[simple]
[pool-2555-thread-1] INFO org.apache.nifi.processors.standard.RouteText - RouteText[id=e191155b-3232-49bd-bfe9-6bfcf78aa3cb] Created FlowFile[465,92021728989758.mockFlowFile,23B] from FlowFile[464,92021728989758.mockFlowFile,23B]; routing to relationship simple
[pool-2555-thread-1] INFO org.apache.nifi.processors.standard.RouteText - RouteText[id=e191155b-3232-49bd-bfe9-6bfcf78aa3cb] Routing FlowFile[464,92021728989758.mockFlowFile,23B] to original
[main] DEBUG org.apache.nifi.processors.standard.RouteText - RouteText[id=e191155b-3232-49bd-bfe9-6bfcf78aa3cb] Adding new dynamic property: PropertyDescriptor[simple]
[pool-2556-thread-1] INFO org.apache.nifi.processors.standard.RouteText - RouteText[id=e191155b-3232-49bd-bfe9-6bfcf78aa3cb] Created FlowFile[467,92021729584443.mockFlowFile,23B] from FlowFile[466,92021729584443.mockFlowFile,23B]; routing to relationship simple
[pool-2556-thread-1] INFO org.apache.nifi.processors.standard.RouteText - RouteText[id=e191155b-3232-49bd-bfe9-6bfcf78aa3cb] Routing FlowFile[466,92021729584443.mockFlowFile,23B] to original
[main] DEBUG org.apache.nifi.processors.standard.RouteText - RouteText[id=e191155b-3232-49bd-bfe9-6bfcf78aa3cb] Adding new dynamic property: PropertyDescriptor[simple]
[pool-2557-thread-1] INFO org.apache.nifi.processors.standard.RouteText - RouteText[id=e191155b-3232-49bd-bfe9-6bfcf78aa3cb] Created FlowFile[469,92021730184919.mockFlowFile,23B] from FlowFile[468,92021730184919.mockFlowFile,23B]; routing to relationship simple
[pool-2557-thread-1] INFO org.apache.nifi.processors.standard.RouteText - RouteText[id=e191155b-3232-49bd-bfe9-6bfcf78aa3cb] Routing FlowFile[468,92021730184919.mockFlowFile,23B] to original
[main] DEBUG org.apache.nifi.processors.standard.RouteText - RouteText[id=e191155b-3232-49bd-bfe9-6bfcf78aa3cb] Adding new dynamic property: PropertyDescriptor[simple]
[pool-2558-thread-1] INFO org.apache.nifi.processors.standard.RouteText - RouteText[id=e191155b-3232-49bd-bfe9-6bfcf78aa3cb] Created FlowFile[471,92021730759076.mockFlowFile,23B] from FlowFile[470,92021730759076.mockFlowFile,23B]; routing to relationship simple
[pool-2558-thread-1] INFO org.apache.nifi.processors.standard.RouteText - RouteText[id=e191155b-3232-49bd-bfe9-6bfcf78aa3cb] Routing FlowFile[470,92021730759076.mockFlowFile,23B] to original
[main] DEBUG org.apache.nifi.processors.standard.RouteText - RouteText[id=e191155b-3232-49bd-bfe9-6bfcf78aa3cb] Adding new dynamic property: PropertyDescriptor[simple]
[pool-2559-thread-1] INFO org.apache.nifi.processors.standard.RouteText - RouteText[id=e191155b-3232-49bd-bfe9-6bfcf78aa3cb] Created FlowFile[473,92021731381381.mockFlowFile,23B] from FlowFile[472,92021731381381.mockFlowFile,23B]; routing to relationship simple
[pool-2559-thread-1] INFO org.apache.nifi.processors.standard.RouteText - RouteText[id=e191155b-3232-49bd-bfe9-6bfcf78aa3cb] Routing FlowFile[472,92021731381381.mockFlowFile,23B] to original
[main] DEBUG org.apache.nifi.processors.standard.RouteText - RouteText[id=e191155b-3232-49bd-bfe9-6bfcf78aa3cb] Adding new dynamic property: PropertyDescriptor[simple]
[pool-2560-thread-1] INFO org.apache.nifi.processors.standard.RouteText - RouteText[id=e191155b-3232-49bd-bfe9-6bfcf78aa3cb] Created FlowFile[475,92021731978983.mockFlowFile,23B] from FlowFile[474,92021731978983.mockFlowFile,23B]; routing to relationship simple
[pool-2560-thread-1] INFO org.apache.nifi.processors.standard.RouteText - RouteText[id=e191155b-3232-49bd-bfe9-6bfcf78aa3cb] Routing FlowFile[474,92021731978983.mockFlowFile,23B] to original
[main] DEBUG org.apache.nifi.processors.standard.RouteText - RouteText[id=e191155b-3232-49bd-bfe9-6bfcf78aa3cb] Adding new dynamic property: PropertyDescriptor[simple]
[pool-2561-thread-1] INFO org.apache.nifi.processors.standard.RouteText - RouteText[id=e191155b-3232-49bd-bfe9-6bfcf78aa3cb] Created FlowFile[477,92021732585437.mockFlowFile,23B] from FlowFile[476,92021732585437.mockFlowFile,23B]; routing to relationship simple
[pool-2561-thread-1] INFO org.apache.nifi.processors.standard.RouteText - RouteText[id=e191155b-3232-49bd-bfe9-6bfcf78aa3cb] Routing FlowFile[476,92021732585437.mockFlowFile,23B] to original
[main] DEBUG org.apache.nifi.processors.standard.RouteText - RouteText[id=e191155b-3232-49bd-bfe9-6bfcf78aa3cb] Adding new dynamic property: PropertyDescriptor[simple]
[pool-2562-thread-1] INFO org.apache.nifi.processors.standard.RouteText - RouteText[id=e191155b-3232-49bd-bfe9-6bfcf78aa3cb] Created FlowFile[479,92021733173556.mockFlowFile,23B] from FlowFile[478,92021733173556.mockFlowFile,23B]; routing to relationship simple
[pool-2562-thread-1] INFO org.apache.nifi.processors.standard.RouteText - RouteText[id=e191155b-3232-49bd-bfe9-6bfcf78aa3cb] Routing FlowFile[478,92021733173556.mockFlowFile,23B] to original
[main] DEBUG org.apache.nifi.processors.standard.RouteText - RouteText[id=e191155b-3232-49bd-bfe9-6bfcf78aa3cb] Adding new dynamic property: PropertyDescriptor[simple]
[pool-2563-thread-1] INFO org.apache.nifi.processors.standard.RouteText - RouteText[id=e191155b-3232-49bd-bfe9-6bfcf78aa3cb] Created FlowFile[481,92021733795610.mockFlowFile,23B] from FlowFile[480,92021733795610.mockFlowFile,23B]; routing to relationship simple
[pool-2563-thread-1] INFO org.apache.nifi.processors.standard.RouteText - RouteText[id=e191155b-3232-49bd-bfe9-6bfcf78aa3cb] Routing FlowFile[480,92021733795610.mockFlowFile,23B] to original
[main] DEBUG org.apache.nifi.processors.standard.RouteText - RouteText[id=e191155b-3232-49bd-bfe9-6bfcf78aa3cb] Adding new dynamic property: PropertyDescriptor[simple]
[pool-2564-thread-1] INFO org.apache.nifi.processors.standard.RouteText - RouteText[id=e191155b-3232-49bd-bfe9-6bfcf78aa3cb] Created FlowFile[483,92021734390689.mockFlowFile,23B] from FlowFile[482,92021734390689.mockFlowFile,23B]; routing to relationship simple
[pool-2564-thread-1] INFO org.apache.nifi.processors.standard.RouteText - RouteText[id=e191155b-3232-49bd-bfe9-6bfcf78aa3cb] Routing FlowFile[482,92021734390689.mockFlowFile,23B] to original
[main] DEBUG org.apache.nifi.processors.standard.RouteText - RouteText[id=e191155b-3232-49bd-bfe9-6bfcf78aa3cb] Adding new dynamic property: PropertyDescriptor[simple]
[pool-2565-thread-1] INFO org.apache.nifi.processors.standard.RouteText - RouteText[id=e191155b-3232-49bd-bfe9-6bfcf78aa3cb] Created FlowFile[485,92021734989627.mockFlowFile,23B] from FlowFile[484,92021734989627.mockFlowFile,23B]; routing to relationship simple
[pool-2565-thread-1] INFO org.apache.nifi.processors.standard.RouteText - RouteText[id=e191155b-3232-49bd-bfe9-6bfcf78aa3cb] Routing FlowFile[484,92021734989627.mockFlowFile,23B] to original
[main] DEBUG org.apache.nifi.processors.standard.RouteText - RouteText[id=e191155b-3232-49bd-bfe9-6bfcf78aa3cb] Adding new dynamic property: PropertyDescriptor[simple]
[pool-2566-thread-1] INFO org.apache.nifi.processors.standard.RouteText - RouteText[id=e191155b-3232-49bd-bfe9-6bfcf78aa3cb] Created FlowFile[487,92021735616564.mockFlowFile,23B] from FlowFile[486,92021735616564.mockFlowFile,23B]; routing to relationship simple
[pool-2566-thread-1] INFO org.apache.nifi.processors.standard.RouteText - RouteText[id=e191155b-3232-49bd-bfe9-6bfcf78aa3cb] Routing FlowFile[486,92021735616564.mockFlowFile,23B] to original
[main] DEBUG org.apache.nifi.processors.standard.RouteText - RouteText[id=e191155b-3232-49bd-bfe9-6bfcf78aa3cb] Adding new dynamic property: PropertyDescriptor[simple]
[pool-2567-thread-1] INFO org.apache.nifi.processors.standard.RouteText - RouteText[id=e191155b-3232-49bd-bfe9-6bfcf78aa3cb] Created FlowFile[489,92021736566997.mockFlowFile,23B] from FlowFile[488,92021736566997.mockFlowFile,23B]; routing to relationship simple
[pool-2567-thread-1] INFO org.apache.nifi.processors.standard.RouteText - RouteText[id=e191155b-3232-49bd-bfe9-6bfcf78aa3cb] Routing FlowFile[488,92021736566997.mockFlowFile,23B] to original
[main] DEBUG org.apache.nifi.processors.standard.RouteText - RouteText[id=e191155b-3232-49bd-bfe9-6bfcf78aa3cb] Adding new dynamic property: PropertyDescriptor[simple]
[pool-2568-thread-1] INFO org.apache.nifi.processors.standard.RouteText - RouteText[id=e191155b-3232-49bd-bfe9-6bfcf78aa3cb] Created FlowFile[491,92021737235063.mockFlowFile,23B] from FlowFile[490,92021737235063.mockFlowFile,23B]; routing to relationship simple
[pool-2568-thread-1] INFO org.apache.nifi.processors.standard.RouteText - RouteText[id=e191155b-3232-49bd-bfe9-6bfcf78aa3cb] Routing FlowFile[490,92021737235063.mockFlowFile,23B] to original
[main] DEBUG org.apache.nifi.processors.standard.RouteText - RouteText[id=e191155b-3232-49bd-bfe9-6bfcf78aa3cb] Adding new dynamic property: PropertyDescriptor[simple]
[pool-2569-thread-1] INFO org.apache.nifi.processors.standard.RouteText - RouteText[id=e191155b-3232-49bd-bfe9-6bfcf78aa3cb] Created FlowFile[493,92021737925156.mockFlowFile,23B] from FlowFile[492,92021737925156.mockFlowFile,23B]; routing to relationship simple
[pool-2569-thread-1] INFO org.apache.nifi.processors.standard.RouteText - RouteText[id=e191155b-3232-49bd-bfe9-6bfcf78aa3cb] Routing FlowFile[492,92021737925156.mockFlowFile,23B] to original
[main] DEBUG org.apache.nifi.processors.standard.RouteText - RouteText[id=e191155b-3232-49bd-bfe9-6bfcf78aa3cb] Adding new dynamic property: PropertyDescriptor[simple]
[pool-2570-thread-1] INFO org.apache.nifi.processors.standard.RouteText - RouteText[id=e191155b-3232-49bd-bfe9-6bfcf78aa3cb] Created FlowFile[495,92021738520195.mockFlowFile,23B] from FlowFile[494,92021738520195.mockFlowFile,23B]; routing to relationship simple
[pool-2570-thread-1] INFO org.apache.nifi.processors.standard.RouteText - RouteText[id=e191155b-3232-49bd-bfe9-6bfcf78aa3cb] Routing FlowFile[494,92021738520195.mockFlowFile,23B] to original
[main] DEBUG org.apache.nifi.processors.standard.RouteText - RouteText[id=e191155b-3232-49bd-bfe9-6bfcf78aa3cb] Adding new dynamic property: PropertyDescriptor[simple]
[pool-2571-thread-1] INFO org.apache.nifi.processors.standard.RouteText - RouteText[id=e191155b-3232-49bd-bfe9-6bfcf78aa3cb] Created FlowFile[497,92021739100429.mockFlowFile,23B] from FlowFile[496,92021739100429.mockFlowFile,23B]; routing to relationship simple
[pool-2571-thread-1] INFO org.apache.nifi.processors.standard.RouteText - RouteText[id=e191155b-3232-49bd-bfe9-6bfcf78aa3cb] Routing FlowFile[496,92021739100429.mockFlowFile,23B] to original
[main] DEBUG org.apache.nifi.processors.standard.RouteText - RouteText[id=e191155b-3232-49bd-bfe9-6bfcf78aa3cb] Adding new dynamic property: PropertyDescriptor[simple]
[pool-2572-thread-1] INFO org.apache.nifi.processors.standard.RouteText - RouteText[id=e191155b-3232-49bd-bfe9-6bfcf78aa3cb] Created FlowFile[499,92021739674461.mockFlowFile,23B] from FlowFile[498,92021739674461.mockFlowFile,23B]; routing to relationship simple
[pool-2572-thread-1] INFO org.apache.nifi.processors.standard.RouteText - RouteText[id=e191155b-3232-49bd-bfe9-6bfcf78aa3cb] Routing FlowFile[498,92021739674461.mockFlowFile,23B] to original
[main] DEBUG org.apache.nifi.processors.standard.RouteText - RouteText[id=e191155b-3232-49bd-bfe9-6bfcf78aa3cb] Adding new dynamic property: PropertyDescriptor[simple]
[pool-2573-thread-1] INFO org.apache.nifi.processors.standard.RouteText - RouteText[id=e191155b-3232-49bd-bfe9-6bfcf78aa3cb] Created FlowFile[501,92021740341228.mockFlowFile,23B] from FlowFile[500,92021740341228.mockFlowFile,23B]; routing to relationship simple
[pool-2573-thread-1] INFO org.apache.nifi.processors.standard.RouteText - RouteText[id=e191155b-3232-49bd-bfe9-6bfcf78aa3cb] Routing FlowFile[500,92021740341228.mockFlowFile,23B] to original
[main] DEBUG org.apache.nifi.processors.standard.RouteText - RouteText[id=e191155b-3232-49bd-bfe9-6bfcf78aa3cb] Adding new dynamic property: PropertyDescriptor[simple]
[pool-2574-thread-1] INFO org.apache.nifi.processors.standard.RouteText - RouteText[id=e191155b-3232-49bd-bfe9-6bfcf78aa3cb] Created FlowFile[503,92021740955746.mockFlowFile,23B] from FlowFile[502,92021740955746.mockFlowFile,23B]; routing to relationship simple
[pool-2574-thread-1] INFO org.apache.nifi.processors.standard.RouteText - RouteText[id=e191155b-3232-49bd-bfe9-6bfcf78aa3cb] Routing FlowFile[502,92021740955746.mockFlowFile,23B] to original
[main] DEBUG org.apache.nifi.processors.standard.RouteText - RouteText[id=e191155b-3232-49bd-bfe9-6bfcf78aa3cb] Adding new dynamic property: PropertyDescriptor[simple]
[pool-2575-thread-1] INFO org.apache.nifi.processors.standard.RouteText - RouteText[id=e191155b-3232-49bd-bfe9-6bfcf78aa3cb] Created FlowFile[505,92021741524545.mockFlowFile,23B] from FlowFile[504,92021741524545.mockFlowFile,23B]; routing to relationship simple
[pool-2575-thread-1] INFO org.apache.nifi.processors.standard.RouteText - RouteText[id=e191155b-3232-49bd-bfe9-6bfcf78aa3cb] Routing FlowFile[504,92021741524545.mockFlowFile,23B] to original
[main] DEBUG org.apache.nifi.processors.standard.RouteText - RouteText[id=e191155b-3232-49bd-bfe9-6bfcf78aa3cb] Adding new dynamic property: PropertyDescriptor[simple]
[pool-2576-thread-1] INFO org.apache.nifi.processors.standard.RouteText - RouteText[id=e191155b-3232-49bd-bfe9-6bfcf78aa3cb] Created FlowFile[507,92021742085717.mockFlowFile,23B] from FlowFile[506,92021742085717.mockFlowFile,23B]; routing to relationship simple
[pool-2576-thread-1] INFO org.apache.nifi.processors.standard.RouteText - RouteText[id=e191155b-3232-49bd-bfe9-6bfcf78aa3cb] Routing FlowFile[506,92021742085717.mockFlowFile,23B] to original
[main] DEBUG org.apache.nifi.processors.standard.RouteText - RouteText[id=e191155b-3232-49bd-bfe9-6bfcf78aa3cb] Adding new dynamic property: PropertyDescriptor[simple]
[pool-2577-thread-1] INFO org.apache.nifi.processors.standard.RouteText - RouteText[id=e191155b-3232-49bd-bfe9-6bfcf78aa3cb] Created FlowFile[509,92021743931363.mockFlowFile,23B] from FlowFile[508,92021743931363.mockFlowFile,23B]; routing to relationship simple
[pool-2577-thread-1] INFO org.apache.nifi.processors.standard.RouteText - RouteText[id=e191155b-3232-49bd-bfe9-6bfcf78aa3cb] Routing FlowFile[508,92021743931363.mockFlowFile,23B] to original
[main] DEBUG org.apache.nifi.processors.standard.RouteText - RouteText[id=e191155b-3232-49bd-bfe9-6bfcf78aa3cb] Adding new dynamic property: PropertyDescriptor[simple]
[pool-2578-thread-1] INFO org.apache.nifi.processors.standard.RouteText - RouteText[id=e191155b-3232-49bd-bfe9-6bfcf78aa3cb] Created FlowFile[511,92021744703312.mockFlowFile,23B] from FlowFile[510,92021744703312.mockFlowFile,23B]; routing to relationship simple
[pool-2578-thread-1] INFO org.apache.nifi.processors.standard.RouteText - RouteText[id=e191155b-3232-49bd-bfe9-6bfcf78aa3cb] Routing FlowFile[510,92021744703312.mockFlowFile,23B] to original
[main] DEBUG org.apache.nifi.processors.standard.RouteText - RouteText[id=e191155b-3232-49bd-bfe9-6bfcf78aa3cb] Adding new dynamic property: PropertyDescriptor[simple]
[pool-2579-thread-1] INFO org.apache.nifi.processors.standard.RouteText - RouteText[id=e191155b-3232-49bd-bfe9-6bfcf78aa3cb] Created FlowFile[513,92021745320712.mockFlowFile,23B] from FlowFile[512,92021745320712.mockFlowFile,23B]; routing to relationship simple
[pool-2579-thread-1] INFO org.apache.nifi.processors.standard.RouteText - RouteText[id=e191155b-3232-49bd-bfe9-6bfcf78aa3cb] Routing FlowFile[512,92021745320712.mockFlowFile,23B] to original
[main] DEBUG org.apache.nifi.processors.standard.RouteText - RouteText[id=e191155b-3232-49bd-bfe9-6bfcf78aa3cb] Adding new dynamic property: PropertyDescriptor[simple]
[pool-2580-thread-1] INFO org.apache.nifi.processors.standard.RouteText - RouteText[id=e191155b-3232-49bd-bfe9-6bfcf78aa3cb] Created FlowFile[515,92021746012421.mockFlowFile,23B] from FlowFile[514,92021746012421.mockFlowFile,23B]; routing to relationship simple
[pool-2580-thread-1] INFO org.apache.nifi.processors.standard.RouteText - RouteText[id=e191155b-3232-49bd-bfe9-6bfcf78aa3cb] Routing FlowFile[514,92021746012421.mockFlowFile,23B] to original
[main] DEBUG org.apache.nifi.processors.standard.RouteText - RouteText[id=e191155b-3232-49bd-bfe9-6bfcf78aa3cb] Adding new dynamic property: PropertyDescriptor[simple]
[pool-2581-thread-1] INFO org.apache.nifi.processors.standard.RouteText - RouteText[id=e191155b-3232-49bd-bfe9-6bfcf78aa3cb] Created FlowFile[517,92021746665447.mockFlowFile,23B] from FlowFile[516,92021746665447.mockFlowFile,23B]; routing to relationship simple
[pool-2581-thread-1] INFO org.apache.nifi.processors.standard.RouteText - RouteText[id=e191155b-3232-49bd-bfe9-6bfcf78aa3cb] Routing FlowFile[516,92021746665447.mockFlowFile,23B] to original
[main] DEBUG org.apache.nifi.processors.standard.RouteText - RouteText[id=e191155b-3232-49bd-bfe9-6bfcf78aa3cb] Adding new dynamic property: PropertyDescriptor[simple]
[pool-2582-thread-1] INFO org.apache.nifi.processors.standard.RouteText - RouteText[id=e191155b-3232-49bd-bfe9-6bfcf78aa3cb] Created FlowFile[519,92021747462606.mockFlowFile,23B] from FlowFile[518,92021747462606.mockFlowFile,23B]; routing to relationship simple
[pool-2582-thread-1] INFO org.apache.nifi.processors.standard.RouteText - RouteText[id=e191155b-3232-49bd-bfe9-6bfcf78aa3cb] Routing FlowFile[518,92021747462606.mockFlowFile,23B] to original
[main] DEBUG org.apache.nifi.processors.standard.RouteText - RouteText[id=e191155b-3232-49bd-bfe9-6bfcf78aa3cb] Adding new dynamic property: PropertyDescriptor[simple]
[pool-2583-thread-1] INFO org.apache.nifi.processors.standard.RouteText - RouteText[id=e191155b-3232-49bd-bfe9-6bfcf78aa3cb] Created FlowFile[521,92021748045014.mockFlowFile,23B] from FlowFile[520,92021748045014.mockFlowFile,23B]; routing to relationship simple
[pool-2583-thread-1] INFO org.apache.nifi.processors.standard.RouteText - RouteText[id=e191155b-3232-49bd-bfe9-6bfcf78aa3cb] Routing FlowFile[520,92021748045014.mockFlowFile,23B] to original
[main] DEBUG org.apache.nifi.processors.standard.RouteText - RouteText[id=e191155b-3232-49bd-bfe9-6bfcf78aa3cb] Adding new dynamic property: PropertyDescriptor[simple]
[pool-2584-thread-1] INFO org.apache.nifi.processors.standard.RouteText - RouteText[id=e191155b-3232-49bd-bfe9-6bfcf78aa3cb] Created FlowFile[523,92021748521342.mockFlowFile,23B] from FlowFile[522,92021748521342.mockFlowFile,23B]; routing to relationship simple
[pool-2584-thread-1] INFO org.apache.nifi.processors.standard.RouteText - RouteText[id=e191155b-3232-49bd-bfe9-6bfcf78aa3cb] Routing FlowFile[522,92021748521342.mockFlowFile,23B] to original
[main] DEBUG org.apache.nifi.processors.standard.RouteText - RouteText[id=e191155b-3232-49bd-bfe9-6bfcf78aa3cb] Adding new dynamic property: PropertyDescriptor[simple]
[pool-2585-thread-1] INFO org.apache.nifi.processors.standard.RouteText - RouteText[id=e191155b-3232-49bd-bfe9-6bfcf78aa3cb] Created FlowFile[525,92021748978155.mockFlowFile,23B] from FlowFile[524,92021748978155.mockFlowFile,23B]; routing to relationship simple
[pool-2585-thread-1] INFO org.apache.nifi.processors.standard.RouteText - RouteText[id=e191155b-3232-49bd-bfe9-6bfcf78aa3cb] Routing FlowFile[524,92021748978155.mockFlowFile,23B] to original
[main] DEBUG org.apache.nifi.processors.standard.RouteText - RouteText[id=e191155b-3232-49bd-bfe9-6bfcf78aa3cb] Adding new dynamic property: PropertyDescriptor[simple]
[pool-2586-thread-1] INFO org.apache.nifi.processors.standard.RouteText - RouteText[id=e191155b-3232-49bd-bfe9-6bfcf78aa3cb] Created FlowFile[527,92021749421754.mockFlowFile,23B] from FlowFile[526,92021749421754.mockFlowFile,23B]; routing to relationship simple
[pool-2586-thread-1] INFO org.apache.nifi.processors.standard.RouteText - RouteText[id=e191155b-3232-49bd-bfe9-6bfcf78aa3cb] Routing FlowFile[526,92021749421754.mockFlowFile,23B] to original
[main] DEBUG org.apache.nifi.processors.standard.RouteText - RouteText[id=e191155b-3232-49bd-bfe9-6bfcf78aa3cb] Adding new dynamic property: PropertyDescriptor[simple]
[pool-2587-thread-1] INFO org.apache.nifi.processors.standard.RouteText - RouteText[id=e191155b-3232-49bd-bfe9-6bfcf78aa3cb] Created FlowFile[529,92021749980074.mockFlowFile,23B] from FlowFile[528,92021749980074.mockFlowFile,23B]; routing to relationship simple
[pool-2587-thread-1] INFO org.apache.nifi.processors.standard.RouteText - RouteText[id=e191155b-3232-49bd-bfe9-6bfcf78aa3cb] Routing FlowFile[528,92021749980074.mockFlowFile,23B] to original
[main] DEBUG org.apache.nifi.processors.standard.RouteText - RouteText[id=e191155b-3232-49bd-bfe9-6bfcf78aa3cb] Adding new dynamic property: PropertyDescriptor[simple]
[pool-2588-thread-1] INFO org.apache.nifi.processors.standard.RouteText - RouteText[id=e191155b-3232-49bd-bfe9-6bfcf78aa3cb] Created FlowFile[531,92021750515480.mockFlowFile,23B] from FlowFile[530,92021750515480.mockFlowFile,23B]; routing to relationship simple
[pool-2588-thread-1] INFO org.apache.nifi.processors.standard.RouteText - RouteText[id=e191155b-3232-49bd-bfe9-6bfcf78aa3cb] Routing FlowFile[530,92021750515480.mockFlowFile,23B] to original
[main] DEBUG org.apache.nifi.processors.standard.RouteText - RouteText[id=e191155b-3232-49bd-bfe9-6bfcf78aa3cb] Adding new dynamic property: PropertyDescriptor[simple]
[pool-2589-thread-1] INFO org.apache.nifi.processors.standard.RouteText - RouteText[id=e191155b-3232-49bd-bfe9-6bfcf78aa3cb] Created FlowFile[533,92021751005970.mockFlowFile,23B] from FlowFile[532,92021751005970.mockFlowFile,23B]; routing to relationship simple
[pool-2589-thread-1] INFO org.apache.nifi.processors.standard.RouteText - RouteText[id=e191155b-3232-49bd-bfe9-6bfcf78aa3cb] Routing FlowFile[532,92021751005970.mockFlowFile,23B] to original
[main] DEBUG org.apache.nifi.processors.standard.RouteText - RouteText[id=e191155b-3232-49bd-bfe9-6bfcf78aa3cb] Adding new dynamic property: PropertyDescriptor[simple]
[pool-2590-thread-1] INFO org.apache.nifi.processors.standard.RouteText - RouteText[id=e191155b-3232-49bd-bfe9-6bfcf78aa3cb] Created FlowFile[535,92021751537169.mockFlowFile,23B] from FlowFile[534,92021751537169.mockFlowFile,23B]; routing to relationship simple
[pool-2590-thread-1] INFO org.apache.nifi.processors.standard.RouteText - RouteText[id=e191155b-3232-49bd-bfe9-6bfcf78aa3cb] Routing FlowFile[534,92021751537169.mockFlowFile,23B] to original
[main] DEBUG org.apache.nifi.processors.standard.RouteText - RouteText[id=e191155b-3232-49bd-bfe9-6bfcf78aa3cb] Adding new dynamic property: PropertyDescriptor[simple]
[pool-2591-thread-1] INFO org.apache.nifi.processors.standard.RouteText - RouteText[id=e191155b-3232-49bd-bfe9-6bfcf78aa3cb] Created FlowFile[537,92021752019043.mockFlowFile,23B] from FlowFile[536,92021752019043.mockFlowFile,23B]; routing to relationship simple
[pool-2591-thread-1] INFO org.apache.nifi.processors.standard.RouteText - RouteText[id=e191155b-3232-49bd-bfe9-6bfcf78aa3cb] Routing FlowFile[536,92021752019043.mockFlowFile,23B] to original
[main] DEBUG org.apache.nifi.processors.standard.RouteText - RouteText[id=e191155b-3232-49bd-bfe9-6bfcf78aa3cb] Adding new dynamic property: PropertyDescriptor[simple]
[pool-2592-thread-1] INFO org.apache.nifi.processors.standard.RouteText - RouteText[id=e191155b-3232-49bd-bfe9-6bfcf78aa3cb] Created FlowFile[539,92021752582412.mockFlowFile,23B] from FlowFile[538,92021752582412.mockFlowFile,23B]; routing to relationship simple
[pool-2592-thread-1] INFO org.apache.nifi.processors.standard.RouteText - RouteText[id=e191155b-3232-49bd-bfe9-6bfcf78aa3cb] Routing FlowFile[538,92021752582412.mockFlowFile,23B] to original
[main] DEBUG org.apache.nifi.processors.standard.RouteText - RouteText[id=e191155b-3232-49bd-bfe9-6bfcf78aa3cb] Adding new dynamic property: PropertyDescriptor[simple]
[pool-2593-thread-1] INFO org.apache.nifi.processors.standard.RouteText - RouteText[id=e191155b-3232-49bd-bfe9-6bfcf78aa3cb] Created FlowFile[541,92021753165319.mockFlowFile,23B] from FlowFile[540,92021753165319.mockFlowFile,23B]; routing to relationship simple
[pool-2593-thread-1] INFO org.apache.nifi.processors.standard.RouteText - RouteText[id=e191155b-3232-49bd-bfe9-6bfcf78aa3cb] Routing FlowFile[540,92021753165319.mockFlowFile,23B] to original
[main] DEBUG org.apache.nifi.processors.standard.RouteText - RouteText[id=e191155b-3232-49bd-bfe9-6bfcf78aa3cb] Adding new dynamic property: PropertyDescriptor[simple]
[pool-2594-thread-1] INFO org.apache.nifi.processors.standard.RouteText - RouteText[id=e191155b-3232-49bd-bfe9-6bfcf78aa3cb] Created FlowFile[543,92021753734264.mockFlowFile,23B] from FlowFile[542,92021753734264.mockFlowFile,23B]; routing to relationship simple
[pool-2594-thread-1] INFO org.apache.nifi.processors.standard.RouteText - RouteText[id=e191155b-3232-49bd-bfe9-6bfcf78aa3cb] Routing FlowFile[542,92021753734264.mockFlowFile,23B] to original
[main] DEBUG org.apache.nifi.processors.standard.RouteText - RouteText[id=e191155b-3232-49bd-bfe9-6bfcf78aa3cb] Adding new dynamic property: PropertyDescriptor[simple]
[pool-2595-thread-1] INFO org.apache.nifi.processors.standard.RouteText - RouteText[id=e191155b-3232-49bd-bfe9-6bfcf78aa3cb] Created FlowFile[545,92021754370462.mockFlowFile,23B] from FlowFile[544,92021754370462.mockFlowFile,23B]; routing to relationship simple
[pool-2595-thread-1] INFO org.apache.nifi.processors.standard.RouteText - RouteText[id=e191155b-3232-49bd-bfe9-6bfcf78aa3cb] Routing FlowFile[544,92021754370462.mockFlowFile,23B] to original
[main] DEBUG org.apache.nifi.processors.standard.RouteText - RouteText[id=e191155b-3232-49bd-bfe9-6bfcf78aa3cb] Adding new dynamic property: PropertyDescriptor[simple]
[pool-2596-thread-1] INFO org.apache.nifi.processors.standard.RouteText - RouteText[id=e191155b-3232-49bd-bfe9-6bfcf78aa3cb] Created FlowFile[547,92021755077021.mockFlowFile,23B] from FlowFile[546,92021755077021.mockFlowFile,23B]; routing to relationship simple
[pool-2596-thread-1] INFO org.apache.nifi.processors.standard.RouteText - RouteText[id=e191155b-3232-49bd-bfe9-6bfcf78aa3cb] Routing FlowFile[546,92021755077021.mockFlowFile,23B] to original
[main] DEBUG org.apache.nifi.processors.standard.RouteText - RouteText[id=e191155b-3232-49bd-bfe9-6bfcf78aa3cb] Adding new dynamic property: PropertyDescriptor[simple]
[pool-2597-thread-1] INFO org.apache.nifi.processors.standard.RouteText - RouteText[id=e191155b-3232-49bd-bfe9-6bfcf78aa3cb] Created FlowFile[549,92021755604744.mockFlowFile,23B] from FlowFile[548,92021755604744.mockFlowFile,23B]; routing to relationship simple
[pool-2597-thread-1] INFO org.apache.nifi.processors.standard.RouteText - RouteText[id=e191155b-3232-49bd-bfe9-6bfcf78aa3cb] Routing FlowFile[548,92021755604744.mockFlowFile,23B] to original
[main] DEBUG org.apache.nifi.processors.standard.RouteText - RouteText[id=e191155b-3232-49bd-bfe9-6bfcf78aa3cb] Adding new dynamic property: PropertyDescriptor[simple]
[pool-2598-thread-1] INFO org.apache.nifi.processors.standard.RouteText - RouteText[id=e191155b-3232-49bd-bfe9-6bfcf78aa3cb] Created FlowFile[551,92021756077253.mockFlowFile,23B] from FlowFile[550,92021756077253.mockFlowFile,23B]; routing to relationship simple
[pool-2598-thread-1] INFO org.apache.nifi.processors.standard.RouteText - RouteText[id=e191155b-3232-49bd-bfe9-6bfcf78aa3cb] Routing FlowFile[550,92021756077253.mockFlowFile,23B] to original
[main] DEBUG org.apache.nifi.processors.standard.RouteText - RouteText[id=e191155b-3232-49bd-bfe9-6bfcf78aa3cb] Adding new dynamic property: PropertyDescriptor[simple]
[pool-2599-thread-1] INFO org.apache.nifi.processors.standard.RouteText - RouteText[id=e191155b-3232-49bd-bfe9-6bfcf78aa3cb] Created FlowFile[553,92021756557250.mockFlowFile,23B] from FlowFile[552,92021756557250.mockFlowFile,23B]; routing to relationship simple
[pool-2599-thread-1] INFO org.apache.nifi.processors.standard.RouteText - RouteText[id=e191155b-3232-49bd-bfe9-6bfcf78aa3cb] Routing FlowFile[552,92021756557250.mockFlowFile,23B] to original
[main] DEBUG org.apache.nifi.processors.standard.RouteText - RouteText[id=e191155b-3232-49bd-bfe9-6bfcf78aa3cb] Adding new dynamic property: PropertyDescriptor[simple]
[pool-2600-thread-1] INFO org.apache.nifi.processors.standard.RouteText - RouteText[id=e191155b-3232-49bd-bfe9-6bfcf78aa3cb] Created FlowFile[555,92021757043870.mockFlowFile,23B] from FlowFile[554,92021757043870.mockFlowFile,23B]; routing to relationship simple
[pool-2600-thread-1] INFO org.apache.nifi.processors.standard.RouteText - RouteText[id=e191155b-3232-49bd-bfe9-6bfcf78aa3cb] Routing FlowFile[554,92021757043870.mockFlowFile,23B] to original
[main] DEBUG org.apache.nifi.processors.standard.RouteText - RouteText[id=e191155b-3232-49bd-bfe9-6bfcf78aa3cb] Adding new dynamic property: PropertyDescriptor[simple]
[pool-2601-thread-1] INFO org.apache.nifi.processors.standard.RouteText - RouteText[id=e191155b-3232-49bd-bfe9-6bfcf78aa3cb] Created FlowFile[557,92021757486030.mockFlowFile,23B] from FlowFile[556,92021757486030.mockFlowFile,23B]; routing to relationship simple
[pool-2601-thread-1] INFO org.apache.nifi.processors.standard.RouteText - RouteText[id=e191155b-3232-49bd-bfe9-6bfcf78aa3cb] Routing FlowFile[556,92021757486030.mockFlowFile,23B] to original
[main] DEBUG org.apache.nifi.processors.standard.RouteText - RouteText[id=e191155b-3232-49bd-bfe9-6bfcf78aa3cb] Adding new dynamic property: PropertyDescriptor[simple]
[pool-2602-thread-1] INFO org.apache.nifi.processors.standard.RouteText - RouteText[id=e191155b-3232-49bd-bfe9-6bfcf78aa3cb] Created FlowFile[559,92021757917863.mockFlowFile,23B] from FlowFile[558,92021757917863.mockFlowFile,23B]; routing to relationship simple
[pool-2602-thread-1] INFO org.apache.nifi.processors.standard.RouteText - RouteText[id=e191155b-3232-49bd-bfe9-6bfcf78aa3cb] Routing FlowFile[558,92021757917863.mockFlowFile,23B] to original
[main] DEBUG org.apache.nifi.processors.standard.RouteText - RouteText[id=e191155b-3232-49bd-bfe9-6bfcf78aa3cb] Adding new dynamic property: PropertyDescriptor[simple]
[pool-2603-thread-1] INFO org.apache.nifi.processors.standard.RouteText - RouteText[id=e191155b-3232-49bd-bfe9-6bfcf78aa3cb] Created FlowFile[561,92021758430875.mockFlowFile,23B] from FlowFile[560,92021758430875.mockFlowFile,23B]; routing to relationship simple
[pool-2603-thread-1] INFO org.apache.nifi.processors.standard.RouteText - RouteText[id=e191155b-3232-49bd-bfe9-6bfcf78aa3cb] Routing FlowFile[560,92021758430875.mockFlowFile,23B] to original
[main] DEBUG org.apache.nifi.processors.standard.RouteText - RouteText[id=e191155b-3232-49bd-bfe9-6bfcf78aa3cb] Adding new dynamic property: PropertyDescriptor[simple]
[pool-2604-thread-1] INFO org.apache.nifi.processors.standard.RouteText - RouteText[id=e191155b-3232-49bd-bfe9-6bfcf78aa3cb] Created FlowFile[563,92021758919096.mockFlowFile,23B] from FlowFile[562,92021758919096.mockFlowFile,23B]; routing to relationship simple
[pool-2604-thread-1] INFO org.apache.nifi.processors.standard.RouteText - RouteText[id=e191155b-3232-49bd-bfe9-6bfcf78aa3cb] Routing FlowFile[562,92021758919096.mockFlowFile,23B] to original
[main] DEBUG org.apache.nifi.processors.standard.RouteText - RouteText[id=e191155b-3232-49bd-bfe9-6bfcf78aa3cb] Adding new dynamic property: PropertyDescriptor[simple]
[pool-2605-thread-1] INFO org.apache.nifi.processors.standard.RouteText - RouteText[id=e191155b-3232-49bd-bfe9-6bfcf78aa3cb] Created FlowFile[565,92021759455950.mockFlowFile,23B] from FlowFile[564,92021759455950.mockFlowFile,23B]; routing to relationship simple
[pool-2605-thread-1] INFO org.apache.nifi.processors.standard.RouteText - RouteText[id=e191155b-3232-49bd-bfe9-6bfcf78aa3cb] Routing FlowFile[564,92021759455950.mockFlowFile,23B] to original
[main] DEBUG org.apache.nifi.processors.standard.RouteText - RouteText[id=e191155b-3232-49bd-bfe9-6bfcf78aa3cb] Adding new dynamic property: PropertyDescriptor[simple]
[pool-2606-thread-1] INFO org.apache.nifi.processors.standard.RouteText - RouteText[id=e191155b-3232-49bd-bfe9-6bfcf78aa3cb] Created FlowFile[567,92021760028366.mockFlowFile,23B] from FlowFile[566,92021760028366.mockFlowFile,23B]; routing to relationship simple
[pool-2606-thread-1] INFO org.apache.nifi.processors.standard.RouteText - RouteText[id=e191155b-3232-49bd-bfe9-6bfcf78aa3cb] Routing FlowFile[566,92021760028366.mockFlowFile,23B] to original
[main] DEBUG org.apache.nifi.processors.standard.RouteText - RouteText[id=e191155b-3232-49bd-bfe9-6bfcf78aa3cb] Adding new dynamic property: PropertyDescriptor[simple]
[pool-2607-thread-1] INFO org.apache.nifi.processors.standard.RouteText - RouteText[id=e191155b-3232-49bd-bfe9-6bfcf78aa3cb] Created FlowFile[569,92021760699923.mockFlowFile,23B] from FlowFile[568,92021760699923.mockFlowFile,23B]; routing to relationship simple
[pool-2607-thread-1] INFO org.apache.nifi.processors.standard.RouteText - RouteText[id=e191155b-3232-49bd-bfe9-6bfcf78aa3cb] Routing FlowFile[568,92021760699923.mockFlowFile,23B] to original
[main] DEBUG org.apache.nifi.processors.standard.RouteText - RouteText[id=e191155b-3232-49bd-bfe9-6bfcf78aa3cb] Adding new dynamic property: PropertyDescriptor[simple]
[pool-2608-thread-1] INFO org.apache.nifi.processors.standard.RouteText - RouteText[id=e191155b-3232-49bd-bfe9-6bfcf78aa3cb] Created FlowFile[571,92021761293058.mockFlowFile,23B] from FlowFile[570,92021761293058.mockFlowFile,23B]; routing to relationship simple
[pool-2608-thread-1] INFO org.apache.nifi.processors.standard.RouteText - RouteText[id=e191155b-3232-49bd-bfe9-6bfcf78aa3cb] Routing FlowFile[570,92021761293058.mockFlowFile,23B] to original
[main] DEBUG org.apache.nifi.processors.standard.RouteText - RouteText[id=e191155b-3232-49bd-bfe9-6bfcf78aa3cb] Adding new dynamic property: PropertyDescriptor[simple]
[pool-2609-thread-1] INFO org.apache.nifi.processors.standard.RouteText - RouteText[id=e191155b-3232-49bd-bfe9-6bfcf78aa3cb] Created FlowFile[573,92021761880328.mockFlowFile,23B] from FlowFile[572,92021761880328.mockFlowFile,23B]; routing to relationship simple
[pool-2609-thread-1] INFO org.apache.nifi.processors.standard.RouteText - RouteText[id=e191155b-3232-49bd-bfe9-6bfcf78aa3cb] Routing FlowFile[572,92021761880328.mockFlowFile,23B] to original
[main] DEBUG org.apache.nifi.processors.standard.RouteText - RouteText[id=e191155b-3232-49bd-bfe9-6bfcf78aa3cb] Adding new dynamic property: PropertyDescriptor[simple]
[pool-2610-thread-1] INFO org.apache.nifi.processors.standard.RouteText - RouteText[id=e191155b-3232-49bd-bfe9-6bfcf78aa3cb] Created FlowFile[575,92021762440719.mockFlowFile,23B] from FlowFile[574,92021762440719.mockFlowFile,23B]; routing to relationship simple
[pool-2610-thread-1] INFO org.apache.nifi.processors.standard.RouteText - RouteText[id=e191155b-3232-49bd-bfe9-6bfcf78aa3cb] Routing FlowFile[574,92021762440719.mockFlowFile,23B] to original
[main] DEBUG org.apache.nifi.processors.standard.RouteText - RouteText[id=e191155b-3232-49bd-bfe9-6bfcf78aa3cb] Adding new dynamic property: PropertyDescriptor[simple]
[pool-2611-thread-1] INFO org.apache.nifi.processors.standard.RouteText - RouteText[id=e191155b-3232-49bd-bfe9-6bfcf78aa3cb] Created FlowFile[577,92021762969702.mockFlowFile,23B] from FlowFile[576,92021762969702.mockFlowFile,23B]; routing to relationship simple
[pool-2611-thread-1] INFO org.apache.nifi.processors.standard.RouteText - RouteText[id=e191155b-3232-49bd-bfe9-6bfcf78aa3cb] Routing FlowFile[576,92021762969702.mockFlowFile,23B] to original
[main] DEBUG org.apache.nifi.processors.standard.RouteText - RouteText[id=e191155b-3232-49bd-bfe9-6bfcf78aa3cb] Adding new dynamic property: PropertyDescriptor[simple]
[pool-2612-thread-1] INFO org.apache.nifi.processors.standard.RouteText - RouteText[id=e191155b-3232-49bd-bfe9-6bfcf78aa3cb] Created FlowFile[579,92021763620398.mockFlowFile,23B] from FlowFile[578,92021763620398.mockFlowFile,23B]; routing to relationship simple
[pool-2612-thread-1] INFO org.apache.nifi.processors.standard.RouteText - RouteText[id=e191155b-3232-49bd-bfe9-6bfcf78aa3cb] Routing FlowFile[578,92021763620398.mockFlowFile,23B] to original
[main] DEBUG org.apache.nifi.processors.standard.RouteText - RouteText[id=e191155b-3232-49bd-bfe9-6bfcf78aa3cb] Adding new dynamic property: PropertyDescriptor[simple]
[pool-2613-thread-1] INFO org.apache.nifi.processors.standard.RouteText - RouteText[id=e191155b-3232-49bd-bfe9-6bfcf78aa3cb] Created FlowFile[581,92021764640652.mockFlowFile,23B] from FlowFile[580,92021764640652.mockFlowFile,23B]; routing to relationship simple
[pool-2613-thread-1] INFO org.apache.nifi.processors.standard.RouteText - RouteText[id=e191155b-3232-49bd-bfe9-6bfcf78aa3cb] Routing FlowFile[580,92021764640652.mockFlowFile,23B] to original
[main] DEBUG org.apache.nifi.processors.standard.RouteText - RouteText[id=e191155b-3232-49bd-bfe9-6bfcf78aa3cb] Adding new dynamic property: PropertyDescriptor[simple]
[pool-2614-thread-1] INFO org.apache.nifi.processors.standard.RouteText - RouteText[id=e191155b-3232-49bd-bfe9-6bfcf78aa3cb] Created FlowFile[583,92021765266082.mockFlowFile,23B] from FlowFile[582,92021765266082.mockFlowFile,23B]; routing to relationship simple
[pool-2614-thread-1] INFO org.apache.nifi.processors.standard.RouteText - RouteText[id=e191155b-3232-49bd-bfe9-6bfcf78aa3cb] Routing FlowFile[582,92021765266082.mockFlowFile,23B] to original
[main] DEBUG org.apache.nifi.processors.standard.RouteText - RouteText[id=e191155b-3232-49bd-bfe9-6bfcf78aa3cb] Adding new dynamic property: PropertyDescriptor[simple]
[pool-2615-thread-1] INFO org.apache.nifi.processors.standard.RouteText - RouteText[id=e191155b-3232-49bd-bfe9-6bfcf78aa3cb] Created FlowFile[585,92021765817348.mockFlowFile,23B] from FlowFile[584,92021765817348.mockFlowFile,23B]; routing to relationship simple
[pool-2615-thread-1] INFO org.apache.nifi.processors.standard.RouteText - RouteText[id=e191155b-3232-49bd-bfe9-6bfcf78aa3cb] Routing FlowFile[584,92021765817348.mockFlowFile,23B] to original
[main] DEBUG org.apache.nifi.processors.standard.RouteText - RouteText[id=e191155b-3232-49bd-bfe9-6bfcf78aa3cb] Adding new dynamic property: PropertyDescriptor[simple]
[pool-2616-thread-1] INFO org.apache.nifi.processors.standard.RouteText - RouteText[id=e191155b-3232-49bd-bfe9-6bfcf78aa3cb] Created FlowFile[587,92021766392513.mockFlowFile,23B] from FlowFile[586,92021766392513.mockFlowFile,23B]; routing to relationship simple
[pool-2616-thread-1] INFO org.apache.nifi.processors.standard.RouteText - RouteText[id=e191155b-3232-49bd-bfe9-6bfcf78aa3cb] Routing FlowFile[586,92021766392513.mockFlowFile,23B] to original
[main] DEBUG org.apache.nifi.processors.standard.RouteText - RouteText[id=e191155b-3232-49bd-bfe9-6bfcf78aa3cb] Adding new dynamic property: PropertyDescriptor[simple]
[pool-2617-thread-1] INFO org.apache.nifi.processors.standard.RouteText - RouteText[id=e191155b-3232-49bd-bfe9-6bfcf78aa3cb] Created FlowFile[589,92021766849040.mockFlowFile,23B] from FlowFile[588,92021766849040.mockFlowFile,23B]; routing to relationship simple
[pool-2617-thread-1] INFO org.apache.nifi.processors.standard.RouteText - RouteText[id=e191155b-3232-49bd-bfe9-6bfcf78aa3cb] Routing FlowFile[588,92021766849040.mockFlowFile,23B] to original
[main] DEBUG org.apache.nifi.processors.standard.RouteText - RouteText[id=e191155b-3232-49bd-bfe9-6bfcf78aa3cb] Adding new dynamic property: PropertyDescriptor[simple]
[pool-2618-thread-1] INFO org.apache.nifi.processors.standard.RouteText - RouteText[id=e191155b-3232-49bd-bfe9-6bfcf78aa3cb] Created FlowFile[591,92021767356028.mockFlowFile,23B] from FlowFile[590,92021767356028.mockFlowFile,23B]; routing to relationship simple
[pool-2618-thread-1] INFO org.apache.nifi.processors.standard.RouteText - RouteText[id=e191155b-3232-49bd-bfe9-6bfcf78aa3cb] Routing FlowFile[590,92021767356028.mockFlowFile,23B] to original
[main] DEBUG org.apache.nifi.processors.standard.RouteText - RouteText[id=e191155b-3232-49bd-bfe9-6bfcf78aa3cb] Adding new dynamic property: PropertyDescriptor[simple]
[pool-2619-thread-1] INFO org.apache.nifi.processors.standard.RouteText - RouteText[id=e191155b-3232-49bd-bfe9-6bfcf78aa3cb] Created FlowFile[593,92021767827023.mockFlowFile,23B] from FlowFile[592,92021767827023.mockFlowFile,23B]; routing to relationship simple
[pool-2619-thread-1] INFO org.apache.nifi.processors.standard.RouteText - RouteText[id=e191155b-3232-49bd-bfe9-6bfcf78aa3cb] Routing FlowFile[592,92021767827023.mockFlowFile,23B] to original
[main] DEBUG org.apache.nifi.processors.standard.RouteText - RouteText[id=e191155b-3232-49bd-bfe9-6bfcf78aa3cb] Adding new dynamic property: PropertyDescriptor[simple]
[pool-2620-thread-1] INFO org.apache.nifi.processors.standard.RouteText - RouteText[id=e191155b-3232-49bd-bfe9-6bfcf78aa3cb] Created FlowFile[595,92021768415982.mockFlowFile,23B] from FlowFile[594,92021768415982.mockFlowFile,23B]; routing to relationship simple
[pool-2620-thread-1] INFO org.apache.nifi.processors.standard.RouteText - RouteText[id=e191155b-3232-49bd-bfe9-6bfcf78aa3cb] Routing FlowFile[594,92021768415982.mockFlowFile,23B] to original
[main] DEBUG org.apache.nifi.processors.standard.RouteText - RouteText[id=e191155b-3232-49bd-bfe9-6bfcf78aa3cb] Adding new dynamic property: PropertyDescriptor[simple]
[pool-2621-thread-1] INFO org.apache.nifi.processors.standard.RouteText - RouteText[id=e191155b-3232-49bd-bfe9-6bfcf78aa3cb] Created FlowFile[597,92021768993266.mockFlowFile,23B] from FlowFile[596,92021768993266.mockFlowFile,23B]; routing to relationship simple
[pool-2621-thread-1] INFO org.apache.nifi.processors.standard.RouteText - RouteText[id=e191155b-3232-49bd-bfe9-6bfcf78aa3cb] Routing FlowFile[596,92021768993266.mockFlowFile,23B] to original
[main] DEBUG org.apache.nifi.processors.standard.RouteText - RouteText[id=e191155b-3232-49bd-bfe9-6bfcf78aa3cb] Adding new dynamic property: PropertyDescriptor[simple]
[pool-2622-thread-1] INFO org.apache.nifi.processors.standard.RouteText - RouteText[id=e191155b-3232-49bd-bfe9-6bfcf78aa3cb] Created FlowFile[599,92021769527925.mockFlowFile,23B] from FlowFile[598,92021769527925.mockFlowFile,23B]; routing to relationship simple
[pool-2622-thread-1] INFO org.apache.nifi.processors.standard.RouteText - RouteText[id=e191155b-3232-49bd-bfe9-6bfcf78aa3cb] Routing FlowFile[598,92021769527925.mockFlowFile,23B] to original
[main] DEBUG org.apache.nifi.processors.standard.RouteText - RouteText[id=e191155b-3232-49bd-bfe9-6bfcf78aa3cb] Adding new dynamic property: PropertyDescriptor[simple]
[pool-2623-thread-1] INFO org.apache.nifi.processors.standard.RouteText - RouteText[id=e191155b-3232-49bd-bfe9-6bfcf78aa3cb] Created FlowFile[601,92021769972146.mockFlowFile,23B] from FlowFile[600,92021769972146.mockFlowFile,23B]; routing to relationship simple
[pool-2623-thread-1] INFO org.apache.nifi.processors.standard.RouteText - RouteText[id=e191155b-3232-49bd-bfe9-6bfcf78aa3cb] Routing FlowFile[600,92021769972146.mockFlowFile,23B] to original
[main] DEBUG org.apache.nifi.processors.standard.RouteText - RouteText[id=e191155b-3232-49bd-bfe9-6bfcf78aa3cb] Adding new dynamic property: PropertyDescriptor[simple]
[pool-2624-thread-1] INFO org.apache.nifi.processors.standard.RouteText - RouteText[id=e191155b-3232-49bd-bfe9-6bfcf78aa3cb] Created FlowFile[603,92021770366756.mockFlowFile,23B] from FlowFile[602,92021770366756.mockFlowFile,23B]; routing to relationship simple
[pool-2624-thread-1] INFO org.apache.nifi.processors.standard.RouteText - RouteText[id=e191155b-3232-49bd-bfe9-6bfcf78aa3cb] Routing FlowFile[602,92021770366756.mockFlowFile,23B] to original
[main] DEBUG org.apache.nifi.processors.standard.RouteText - RouteText[id=e191155b-3232-49bd-bfe9-6bfcf78aa3cb] Adding new dynamic property: PropertyDescriptor[simple]
[pool-2625-thread-1] INFO org.apache.nifi.processors.standard.RouteText - RouteText[id=e191155b-3232-49bd-bfe9-6bfcf78aa3cb] Created FlowFile[605,92021770791235.mockFlowFile,23B] from FlowFile[604,92021770791235.mockFlowFile,23B]; routing to relationship simple
[pool-2625-thread-1] INFO org.apache.nifi.processors.standard.RouteText - RouteText[id=e191155b-3232-49bd-bfe9-6bfcf78aa3cb] Routing FlowFile[604,92021770791235.mockFlowFile,23B] to original
[main] DEBUG org.apache.nifi.processors.standard.RouteText - RouteText[id=e191155b-3232-49bd-bfe9-6bfcf78aa3cb] Adding new dynamic property: PropertyDescriptor[simple]
[pool-2626-thread-1] INFO org.apache.nifi.processors.standard.RouteText - RouteText[id=e191155b-3232-49bd-bfe9-6bfcf78aa3cb] Created FlowFile[607,92021771294854.mockFlowFile,23B] from FlowFile[606,92021771294854.mockFlowFile,23B]; routing to relationship simple
[pool-2626-thread-1] INFO org.apache.nifi.processors.standard.RouteText - RouteText[id=e191155b-3232-49bd-bfe9-6bfcf78aa3cb] Routing FlowFile[606,92021771294854.mockFlowFile,23B] to original
[main] DEBUG org.apache.nifi.processors.standard.RouteText - RouteText[id=e191155b-3232-49bd-bfe9-6bfcf78aa3cb] Adding new dynamic property: PropertyDescriptor[simple]
[pool-2627-thread-1] INFO org.apache.nifi.processors.standard.RouteText - RouteText[id=e191155b-3232-49bd-bfe9-6bfcf78aa3cb] Created FlowFile[609,92021771825913.mockFlowFile,23B] from FlowFile[608,92021771825913.mockFlowFile,23B]; routing to relationship simple
[pool-2627-thread-1] INFO org.apache.nifi.processors.standard.RouteText - RouteText[id=e191155b-3232-49bd-bfe9-6bfcf78aa3cb] Routing FlowFile[608,92021771825913.mockFlowFile,23B] to original
[main] DEBUG org.apache.nifi.processors.standard.RouteText - RouteText[id=e191155b-3232-49bd-bfe9-6bfcf78aa3cb] Adding new dynamic property: PropertyDescriptor[simple]
[pool-2628-thread-1] INFO org.apache.nifi.processors.standard.RouteText - RouteText[id=e191155b-3232-49bd-bfe9-6bfcf78aa3cb] Created FlowFile[611,92021772408153.mockFlowFile,23B] from FlowFile[610,92021772408153.mockFlowFile,23B]; routing to relationship simple
[pool-2628-thread-1] INFO org.apache.nifi.processors.standard.RouteText - RouteText[id=e191155b-3232-49bd-bfe9-6bfcf78aa3cb] Routing FlowFile[610,92021772408153.mockFlowFile,23B] to original
[main] DEBUG org.apache.nifi.processors.standard.RouteText - RouteText[id=e191155b-3232-49bd-bfe9-6bfcf78aa3cb] Adding new dynamic property: PropertyDescriptor[simple]
[pool-2629-thread-1] INFO org.apache.nifi.processors.standard.RouteText - RouteText[id=e191155b-3232-49bd-bfe9-6bfcf78aa3cb] Created FlowFile[613,92021772984078.mockFlowFile,23B] from FlowFile[612,92021772984078.mockFlowFile,23B]; routing to relationship simple
[pool-2629-thread-1] INFO org.apache.nifi.processors.standard.RouteText - RouteText[id=e191155b-3232-49bd-bfe9-6bfcf78aa3cb] Routing FlowFile[612,92021772984078.mockFlowFile,23B] to original
[main] DEBUG org.apache.nifi.processors.standard.RouteText - RouteText[id=e191155b-3232-49bd-bfe9-6bfcf78aa3cb] Adding new dynamic property: PropertyDescriptor[simple]
[pool-2630-thread-1] INFO org.apache.nifi.processors.standard.RouteText - RouteText[id=e191155b-3232-49bd-bfe9-6bfcf78aa3cb] Created FlowFile[615,92021773568901.mockFlowFile,23B] from FlowFile[614,92021773568901.mockFlowFile,23B]; routing to relationship simple
[pool-2630-thread-1] INFO org.apache.nifi.processors.standard.RouteText - RouteText[id=e191155b-3232-49bd-bfe9-6bfcf78aa3cb] Routing FlowFile[614,92021773568901.mockFlowFile,23B] to original
[main] DEBUG org.apache.nifi.processors.standard.RouteText - RouteText[id=e191155b-3232-49bd-bfe9-6bfcf78aa3cb] Adding new dynamic property: PropertyDescriptor[simple]
[pool-2631-thread-1] INFO org.apache.nifi.processors.standard.RouteText - RouteText[id=e191155b-3232-49bd-bfe9-6bfcf78aa3cb] Created FlowFile[617,92021774108356.mockFlowFile,23B] from FlowFile[616,92021774108356.mockFlowFile,23B]; routing to relationship simple
[pool-2631-thread-1] INFO org.apache.nifi.processors.standard.RouteText - RouteText[id=e191155b-3232-49bd-bfe9-6bfcf78aa3cb] Routing FlowFile[616,92021774108356.mockFlowFile,23B] to original
[main] DEBUG org.apache.nifi.processors.standard.RouteText - RouteText[id=e191155b-3232-49bd-bfe9-6bfcf78aa3cb] Adding new dynamic property: PropertyDescriptor[simple]
[pool-2632-thread-1] INFO org.apache.nifi.processors.standard.RouteText - RouteText[id=e191155b-3232-49bd-bfe9-6bfcf78aa3cb] Created FlowFile[619,92021774585408.mockFlowFile,23B] from FlowFile[618,92021774585408.mockFlowFile,23B]; routing to relationship simple
[pool-2632-thread-1] INFO org.apache.nifi.processors.standard.RouteText - RouteText[id=e191155b-3232-49bd-bfe9-6bfcf78aa3cb] Routing FlowFile[618,92021774585408.mockFlowFile,23B] to original
[main] DEBUG org.apache.nifi.processors.standard.RouteText - RouteText[id=e191155b-3232-49bd-bfe9-6bfcf78aa3cb] Adding new dynamic property: PropertyDescriptor[simple]
[pool-2633-thread-1] INFO org.apache.nifi.processors.standard.RouteText - RouteText[id=e191155b-3232-49bd-bfe9-6bfcf78aa3cb] Created FlowFile[621,92021775057793.mockFlowFile,23B] from FlowFile[620,92021775057793.mockFlowFile,23B]; routing to relationship simple
[pool-2633-thread-1] INFO org.apache.nifi.processors.standard.RouteText - RouteText[id=e191155b-3232-49bd-bfe9-6bfcf78aa3cb] Routing FlowFile[620,92021775057793.mockFlowFile,23B] to original
[main] DEBUG org.apache.nifi.processors.standard.RouteText - RouteText[id=e191155b-3232-49bd-bfe9-6bfcf78aa3cb] Adding new dynamic property: PropertyDescriptor[simple]
[pool-2634-thread-1] INFO org.apache.nifi.processors.standard.RouteText - RouteText[id=e191155b-3232-49bd-bfe9-6bfcf78aa3cb] Created FlowFile[623,92021775677459.mockFlowFile,23B] from FlowFile[622,92021775677459.mockFlowFile,23B]; routing to relationship simple
[pool-2634-thread-1] INFO org.apache.nifi.processors.standard.RouteText - RouteText[id=e191155b-3232-49bd-bfe9-6bfcf78aa3cb] Routing FlowFile[622,92021775677459.mockFlowFile,23B] to original
[main] DEBUG org.apache.nifi.processors.standard.RouteText - RouteText[id=e191155b-3232-49bd-bfe9-6bfcf78aa3cb] Adding new dynamic property: PropertyDescriptor[simple]
[pool-2635-thread-1] INFO org.apache.nifi.processors.standard.RouteText - RouteText[id=e191155b-3232-49bd-bfe9-6bfcf78aa3cb] Created FlowFile[625,92021776253476.mockFlowFile,23B] from FlowFile[624,92021776253476.mockFlowFile,23B]; routing to relationship simple
[pool-2635-thread-1] INFO org.apache.nifi.processors.standard.RouteText - RouteText[id=e191155b-3232-49bd-bfe9-6bfcf78aa3cb] Routing FlowFile[624,92021776253476.mockFlowFile,23B] to original
[main] DEBUG org.apache.nifi.processors.standard.RouteText - RouteText[id=e191155b-3232-49bd-bfe9-6bfcf78aa3cb] Adding new dynamic property: PropertyDescriptor[simple]
[pool-2636-thread-1] INFO org.apache.nifi.processors.standard.RouteText - RouteText[id=e191155b-3232-49bd-bfe9-6bfcf78aa3cb] Created FlowFile[627,92021776753453.mockFlowFile,23B] from FlowFile[626,92021776753453.mockFlowFile,23B]; routing to relationship simple
[pool-2636-thread-1] INFO org.apache.nifi.processors.standard.RouteText - RouteText[id=e191155b-3232-49bd-bfe9-6bfcf78aa3cb] Routing FlowFile[626,92021776753453.mockFlowFile,23B] to original
[main] DEBUG org.apache.nifi.processors.standard.RouteText - RouteText[id=e191155b-3232-49bd-bfe9-6bfcf78aa3cb] Adding new dynamic property: PropertyDescriptor[simple]
[pool-2637-thread-1] INFO org.apache.nifi.processors.standard.RouteText - RouteText[id=e191155b-3232-49bd-bfe9-6bfcf78aa3cb] Created FlowFile[629,92021777380886.mockFlowFile,23B] from FlowFile[628,92021777380886.mockFlowFile,23B]; routing to relationship simple
[pool-2637-thread-1] INFO org.apache.nifi.processors.standard.RouteText - RouteText[id=e191155b-3232-49bd-bfe9-6bfcf78aa3cb] Routing FlowFile[628,92021777380886.mockFlowFile,23B] to original
[main] DEBUG org.apache.nifi.processors.standard.RouteText - RouteText[id=e191155b-3232-49bd-bfe9-6bfcf78aa3cb] Adding new dynamic property: PropertyDescriptor[simple]
[pool-2638-thread-1] INFO org.apache.nifi.processors.standard.RouteText - RouteText[id=e191155b-3232-49bd-bfe9-6bfcf78aa3cb] Created FlowFile[631,92021777890914.mockFlowFile,23B] from FlowFile[630,92021777890914.mockFlowFile,23B]; routing to relationship simple
[pool-2638-thread-1] INFO org.apache.nifi.processors.standard.RouteText - RouteText[id=e191155b-3232-49bd-bfe9-6bfcf78aa3cb] Routing FlowFile[630,92021777890914.mockFlowFile,23B] to original
[main] DEBUG org.apache.nifi.processors.standard.RouteText - RouteText[id=e191155b-3232-49bd-bfe9-6bfcf78aa3cb] Adding new dynamic property: PropertyDescriptor[simple]
[pool-2639-thread-1] INFO org.apache.nifi.processors.standard.RouteText - RouteText[id=e191155b-3232-49bd-bfe9-6bfcf78aa3cb] Created FlowFile[633,92021778437637.mockFlowFile,23B] from FlowFile[632,92021778437637.mockFlowFile,23B]; routing to relationship simple
[pool-2639-thread-1] INFO org.apache.nifi.processors.standard.RouteText - RouteText[id=e191155b-3232-49bd-bfe9-6bfcf78aa3cb] Routing FlowFile[632,92021778437637.mockFlowFile,23B] to original
[main] DEBUG org.apache.nifi.processors.standard.RouteText - RouteText[id=e191155b-3232-49bd-bfe9-6bfcf78aa3cb] Adding new dynamic property: PropertyDescriptor[simple]
[pool-2640-thread-1] INFO org.apache.nifi.processors.standard.RouteText - RouteText[id=e191155b-3232-49bd-bfe9-6bfcf78aa3cb] Created FlowFile[635,92021778935642.mockFlowFile,23B] from FlowFile[634,92021778935642.mockFlowFile,23B]; routing to relationship simple
[pool-2640-thread-1] INFO org.apache.nifi.processors.standard.RouteText - RouteText[id=e191155b-3232-49bd-bfe9-6bfcf78aa3cb] Routing FlowFile[634,92021778935642.mockFlowFile,23B] to original
[main] DEBUG org.apache.nifi.processors.standard.RouteText - RouteText[id=e191155b-3232-49bd-bfe9-6bfcf78aa3cb] Adding new dynamic property: PropertyDescriptor[simple]
[pool-2641-thread-1] INFO org.apache.nifi.processors.standard.RouteText - RouteText[id=e191155b-3232-49bd-bfe9-6bfcf78aa3cb] Created FlowFile[637,92021779478956.mockFlowFile,23B] from FlowFile[636,92021779478956.mockFlowFile,23B]; routing to relationship simple
[pool-2641-thread-1] INFO org.apache.nifi.processors.standard.RouteText - RouteText[id=e191155b-3232-49bd-bfe9-6bfcf78aa3cb] Routing FlowFile[636,92021779478956.mockFlowFile,23B] to original
[main] DEBUG org.apache.nifi.processors.standard.RouteText - RouteText[id=e191155b-3232-49bd-bfe9-6bfcf78aa3cb] Adding new dynamic property: PropertyDescriptor[simple]
[pool-2642-thread-1] INFO org.apache.nifi.processors.standard.RouteText - RouteText[id=e191155b-3232-49bd-bfe9-6bfcf78aa3cb] Created FlowFile[639,92021779999478.mockFlowFile,23B] from FlowFile[638,92021779999478.mockFlowFile,23B]; routing to relationship simple
[pool-2642-thread-1] INFO org.apache.nifi.processors.standard.RouteText - RouteText[id=e191155b-3232-49bd-bfe9-6bfcf78aa3cb] Routing FlowFile[638,92021779999478.mockFlowFile,23B] to original
[main] DEBUG org.apache.nifi.processors.standard.RouteText - RouteText[id=e191155b-3232-49bd-bfe9-6bfcf78aa3cb] Adding new dynamic property: PropertyDescriptor[simple]
[pool-2643-thread-1] INFO org.apache.nifi.processors.standard.RouteText - RouteText[id=e191155b-3232-49bd-bfe9-6bfcf78aa3cb] Created FlowFile[641,92021780635667.mockFlowFile,23B] from FlowFile[640,92021780635667.mockFlowFile,23B]; routing to relationship simple
[pool-2643-thread-1] INFO org.apache.nifi.processors.standard.RouteText - RouteText[id=e191155b-3232-49bd-bfe9-6bfcf78aa3cb] Routing FlowFile[640,92021780635667.mockFlowFile,23B] to original
[main] DEBUG org.apache.nifi.processors.standard.RouteText - RouteText[id=e191155b-3232-49bd-bfe9-6bfcf78aa3cb] Adding new dynamic property: PropertyDescriptor[simple]
[pool-2644-thread-1] INFO org.apache.nifi.processors.standard.RouteText - RouteText[id=e191155b-3232-49bd-bfe9-6bfcf78aa3cb] Created FlowFile[643,92021781433033.mockFlowFile,23B] from FlowFile[642,92021781433033.mockFlowFile,23B]; routing to relationship simple
[pool-2644-thread-1] INFO org.apache.nifi.processors.standard.RouteText - RouteText[id=e191155b-3232-49bd-bfe9-6bfcf78aa3cb] Routing FlowFile[642,92021781433033.mockFlowFile,23B] to original
[main] DEBUG org.apache.nifi.processors.standard.RouteText - RouteText[id=e191155b-3232-49bd-bfe9-6bfcf78aa3cb] Adding new dynamic property: PropertyDescriptor[simple]
[pool-2645-thread-1] INFO org.apache.nifi.processors.standard.RouteText - RouteText[id=e191155b-3232-49bd-bfe9-6bfcf78aa3cb] Created FlowFile[645,92021782125550.mockFlowFile,23B] from FlowFile[644,92021782125550.mockFlowFile,23B]; routing to relationship simple
[pool-2645-thread-1] INFO org.apache.nifi.processors.standard.RouteText - RouteText[id=e191155b-3232-49bd-bfe9-6bfcf78aa3cb] Routing FlowFile[644,92021782125550.mockFlowFile,23B] to original
[main] DEBUG org.apache.nifi.processors.standard.RouteText - RouteText[id=e191155b-3232-49bd-bfe9-6bfcf78aa3cb] Adding new dynamic property: PropertyDescriptor[simple]
[pool-2646-thread-1] INFO org.apache.nifi.processors.standard.RouteText - RouteText[id=e191155b-3232-49bd-bfe9-6bfcf78aa3cb] Created FlowFile[647,92021782751393.mockFlowFile,23B] from FlowFile[646,92021782751393.mockFlowFile,23B]; routing to relationship simple
[pool-2646-thread-1] INFO org.apache.nifi.processors.standard.RouteText - RouteText[id=e191155b-3232-49bd-bfe9-6bfcf78aa3cb] Routing FlowFile[646,92021782751393.mockFlowFile,23B] to original
[main] DEBUG org.apache.nifi.processors.standard.RouteText - RouteText[id=e191155b-3232-49bd-bfe9-6bfcf78aa3cb] Adding new dynamic property: PropertyDescriptor[simple]
[pool-2647-thread-1] INFO org.apache.nifi.processors.standard.RouteText - RouteText[id=e191155b-3232-49bd-bfe9-6bfcf78aa3cb] Created FlowFile[649,92021783364823.mockFlowFile,23B] from FlowFile[648,92021783364823.mockFlowFile,23B]; routing to relationship simple
[pool-2647-thread-1] INFO org.apache.nifi.processors.standard.RouteText - RouteText[id=e191155b-3232-49bd-bfe9-6bfcf78aa3cb] Routing FlowFile[648,92021783364823.mockFlowFile,23B] to original
[main] DEBUG org.apache.nifi.processors.standard.RouteText - RouteText[id=e191155b-3232-49bd-bfe9-6bfcf78aa3cb] Adding new dynamic property: PropertyDescriptor[simple]
[pool-2648-thread-1] INFO org.apache.nifi.processors.standard.RouteText - RouteText[id=e191155b-3232-49bd-bfe9-6bfcf78aa3cb] Created FlowFile[651,92021783934342.mockFlowFile,23B] from FlowFile[650,92021783934342.mockFlowFile,23B]; routing to relationship simple
[pool-2648-thread-1] INFO org.apache.nifi.processors.standard.RouteText - RouteText[id=e191155b-3232-49bd-bfe9-6bfcf78aa3cb] Routing FlowFile[650,92021783934342.mockFlowFile,23B] to original
[main] DEBUG org.apache.nifi.processors.standard.RouteText - RouteText[id=e191155b-3232-49bd-bfe9-6bfcf78aa3cb] Adding new dynamic property: PropertyDescriptor[simple]
[pool-2649-thread-1] INFO org.apache.nifi.processors.standard.RouteText - RouteText[id=e191155b-3232-49bd-bfe9-6bfcf78aa3cb] Created FlowFile[653,92021784490884.mockFlowFile,23B] from FlowFile[652,92021784490884.mockFlowFile,23B]; routing to relationship simple
[pool-2649-thread-1] INFO org.apache.nifi.processors.standard.RouteText - RouteText[id=e191155b-3232-49bd-bfe9-6bfcf78aa3cb] Routing FlowFile[652,92021784490884.mockFlowFile,23B] to original
[main] DEBUG org.apache.nifi.processors.standard.RouteText - RouteText[id=e191155b-3232-49bd-bfe9-6bfcf78aa3cb] Adding new dynamic property: PropertyDescriptor[simple]
[pool-2650-thread-1] INFO org.apache.nifi.processors.standard.RouteText - RouteText[id=e191155b-3232-49bd-bfe9-6bfcf78aa3cb] Created FlowFile[655,92021785013958.mockFlowFile,23B] from FlowFile[654,92021785013958.mockFlowFile,23B]; routing to relationship simple
[pool-2650-thread-1] INFO org.apache.nifi.processors.standard.RouteText - RouteText[id=e191155b-3232-49bd-bfe9-6bfcf78aa3cb] Routing FlowFile[654,92021785013958.mockFlowFile,23B] to original
[main] DEBUG org.apache.nifi.processors.standard.RouteText - RouteText[id=e191155b-3232-49bd-bfe9-6bfcf78aa3cb] Adding new dynamic property: PropertyDescriptor[simple]
[pool-2651-thread-1] INFO org.apache.nifi.processors.standard.RouteText - RouteText[id=e191155b-3232-49bd-bfe9-6bfcf78aa3cb] Created FlowFile[657,92021785632750.mockFlowFile,23B] from FlowFile[656,92021785632750.mockFlowFile,23B]; routing to relationship simple
[pool-2651-thread-1] INFO org.apache.nifi.processors.standard.RouteText - RouteText[id=e191155b-3232-49bd-bfe9-6bfcf78aa3cb] Routing FlowFile[656,92021785632750.mockFlowFile,23B] to original
[main] DEBUG org.apache.nifi.processors.standard.RouteText - RouteText[id=e191155b-3232-49bd-bfe9-6bfcf78aa3cb] Adding new dynamic property: PropertyDescriptor[simple]
[pool-2652-thread-1] INFO org.apache.nifi.processors.standard.RouteText - RouteText[id=e191155b-3232-49bd-bfe9-6bfcf78aa3cb] Created FlowFile[659,92021786235587.mockFlowFile,23B] from FlowFile[658,92021786235587.mockFlowFile,23B]; routing to relationship simple
[pool-2652-thread-1] INFO org.apache.nifi.processors.standard.RouteText - RouteText[id=e191155b-3232-49bd-bfe9-6bfcf78aa3cb] Routing FlowFile[658,92021786235587.mockFlowFile,23B] to original
[main] DEBUG org.apache.nifi.processors.standard.RouteText - RouteText[id=e191155b-3232-49bd-bfe9-6bfcf78aa3cb] Adding new dynamic property: PropertyDescriptor[simple]
[pool-2653-thread-1] INFO org.apache.nifi.processors.standard.RouteText - RouteText[id=e191155b-3232-49bd-bfe9-6bfcf78aa3cb] Created FlowFile[661,92021786833702.mockFlowFile,23B] from FlowFile[660,92021786833702.mockFlowFile,23B]; routing to relationship simple
[pool-2653-thread-1] INFO org.apache.nifi.processors.standard.RouteText - RouteText[id=e191155b-3232-49bd-bfe9-6bfcf78aa3cb] Routing FlowFile[660,92021786833702.mockFlowFile,23B] to original
[main] DEBUG org.apache.nifi.processors.standard.RouteText - RouteText[id=e191155b-3232-49bd-bfe9-6bfcf78aa3cb] Adding new dynamic property: PropertyDescriptor[simple]
[pool-2654-thread-1] INFO org.apache.nifi.processors.standard.RouteText - RouteText[id=e191155b-3232-49bd-bfe9-6bfcf78aa3cb] Created FlowFile[663,92021787429833.mockFlowFile,23B] from FlowFile[662,92021787429833.mockFlowFile,23B]; routing to relationship simple
[pool-2654-thread-1] INFO org.apache.nifi.processors.standard.RouteText - RouteText[id=e191155b-3232-49bd-bfe9-6bfcf78aa3cb] Routing FlowFile[662,92021787429833.mockFlowFile,23B] to original
[main] DEBUG org.apache.nifi.processors.standard.RouteText - RouteText[id=e191155b-3232-49bd-bfe9-6bfcf78aa3cb] Adding new dynamic property: PropertyDescriptor[simple]
[pool-2655-thread-1] INFO org.apache.nifi.processors.standard.RouteText - RouteText[id=e191155b-3232-49bd-bfe9-6bfcf78aa3cb] Created FlowFile[665,92021788041146.mockFlowFile,23B] from FlowFile[664,92021788041146.mockFlowFile,23B]; routing to relationship simple
[pool-2655-thread-1] INFO org.apache.nifi.processors.standard.RouteText - RouteText[id=e191155b-3232-49bd-bfe9-6bfcf78aa3cb] Routing FlowFile[664,92021788041146.mockFlowFile,23B] to original
[main] DEBUG org.apache.nifi.processors.standard.RouteText - RouteText[id=e191155b-3232-49bd-bfe9-6bfcf78aa3cb] Adding new dynamic property: PropertyDescriptor[simple]
[pool-2656-thread-1] INFO org.apache.nifi.processors.standard.RouteText - RouteText[id=e191155b-3232-49bd-bfe9-6bfcf78aa3cb] Created FlowFile[667,92021788769476.mockFlowFile,23B] from FlowFile[666,92021788769476.mockFlowFile,23B]; routing to relationship simple
[pool-2656-thread-1] INFO org.apache.nifi.processors.standard.RouteText - RouteText[id=e191155b-3232-49bd-bfe9-6bfcf78aa3cb] Routing FlowFile[666,92021788769476.mockFlowFile,23B] to original
[main] DEBUG org.apache.nifi.processors.standard.RouteText - RouteText[id=e191155b-3232-49bd-bfe9-6bfcf78aa3cb] Adding new dynamic property: PropertyDescriptor[simple]
[pool-2657-thread-1] INFO org.apache.nifi.processors.standard.RouteText - RouteText[id=e191155b-3232-49bd-bfe9-6bfcf78aa3cb] Created FlowFile[669,92021789466126.mockFlowFile,23B] from FlowFile[668,92021789466126.mockFlowFile,23B]; routing to relationship simple
[pool-2657-thread-1] INFO org.apache.nifi.processors.standard.RouteText - RouteText[id=e191155b-3232-49bd-bfe9-6bfcf78aa3cb] Routing FlowFile[668,92021789466126.mockFlowFile,23B] to original
[main] DEBUG org.apache.nifi.processors.standard.RouteText - RouteText[id=e191155b-3232-49bd-bfe9-6bfcf78aa3cb] Adding new dynamic property: PropertyDescriptor[simple]
[pool-2658-thread-1] INFO org.apache.nifi.processors.standard.RouteText - RouteText[id=e191155b-3232-49bd-bfe9-6bfcf78aa3cb] Created FlowFile[671,92021790164978.mockFlowFile,23B] from FlowFile[670,92021790164978.mockFlowFile,23B]; routing to relationship simple
[pool-2658-thread-1] INFO org.apache.nifi.processors.standard.RouteText - RouteText[id=e191155b-3232-49bd-bfe9-6bfcf78aa3cb] Routing FlowFile[670,92021790164978.mockFlowFile,23B] to original
[main] DEBUG org.apache.nifi.processors.standard.RouteText - RouteText[id=e191155b-3232-49bd-bfe9-6bfcf78aa3cb] Adding new dynamic property: PropertyDescriptor[simple]
[pool-2659-thread-1] INFO org.apache.nifi.processors.standard.RouteText - RouteText[id=e191155b-3232-49bd-bfe9-6bfcf78aa3cb] Created FlowFile[673,92021790730816.mockFlowFile,23B] from FlowFile[672,92021790730816.mockFlowFile,23B]; routing to relationship simple
[pool-2659-thread-1] INFO org.apache.nifi.processors.standard.RouteText - RouteText[id=e191155b-3232-49bd-bfe9-6bfcf78aa3cb] Routing FlowFile[672,92021790730816.mockFlowFile,23B] to original
[main] DEBUG org.apache.nifi.processors.standard.RouteText - RouteText[id=e191155b-3232-49bd-bfe9-6bfcf78aa3cb] Adding new dynamic property: PropertyDescriptor[simple]
[pool-2660-thread-1] INFO org.apache.nifi.processors.standard.RouteText - RouteText[id=e191155b-3232-49bd-bfe9-6bfcf78aa3cb] Created FlowFile[675,92021791237152.mockFlowFile,23B] from FlowFile[674,92021791237152.mockFlowFile,23B]; routing to relationship simple
[pool-2660-thread-1] INFO org.apache.nifi.processors.standard.RouteText - RouteText[id=e191155b-3232-49bd-bfe9-6bfcf78aa3cb] Routing FlowFile[674,92021791237152.mockFlowFile,23B] to original
[main] DEBUG org.apache.nifi.processors.standard.RouteText - RouteText[id=e191155b-3232-49bd-bfe9-6bfcf78aa3cb] Adding new dynamic property: PropertyDescriptor[simple]
[pool-2661-thread-1] INFO org.apache.nifi.processors.standard.RouteText - RouteText[id=e191155b-3232-49bd-bfe9-6bfcf78aa3cb] Created FlowFile[677,92021791714911.mockFlowFile,23B] from FlowFile[676,92021791714911.mockFlowFile,23B]; routing to relationship simple
[pool-2661-thread-1] INFO org.apache.nifi.processors.standard.RouteText - RouteText[id=e191155b-3232-49bd-bfe9-6bfcf78aa3cb] Routing FlowFile[676,92021791714911.mockFlowFile,23B] to original
[main] DEBUG org.apache.nifi.processors.standard.RouteText - RouteText[id=e191155b-3232-49bd-bfe9-6bfcf78aa3cb] Adding new dynamic property: PropertyDescriptor[simple]
[pool-2662-thread-1] INFO org.apache.nifi.processors.standard.RouteText - RouteText[id=e191155b-3232-49bd-bfe9-6bfcf78aa3cb] Created FlowFile[679,92021792219618.mockFlowFile,23B] from FlowFile[678,92021792219618.mockFlowFile,23B]; routing to relationship simple
[pool-2662-thread-1] INFO org.apache.nifi.processors.standard.RouteText - RouteText[id=e191155b-3232-49bd-bfe9-6bfcf78aa3cb] Routing FlowFile[678,92021792219618.mockFlowFile,23B] to original
[main] DEBUG org.apache.nifi.processors.standard.RouteText - RouteText[id=e191155b-3232-49bd-bfe9-6bfcf78aa3cb] Adding new dynamic property: PropertyDescriptor[simple]
[pool-2663-thread-1] INFO org.apache.nifi.processors.standard.RouteText - RouteText[id=e191155b-3232-49bd-bfe9-6bfcf78aa3cb] Created FlowFile[681,92021792834115.mockFlowFile,23B] from FlowFile[680,92021792834115.mockFlowFile,23B]; routing to relationship simple
[pool-2663-thread-1] INFO org.apache.nifi.processors.standard.RouteText - RouteText[id=e191155b-3232-49bd-bfe9-6bfcf78aa3cb] Routing FlowFile[680,92021792834115.mockFlowFile,23B] to original
[main] DEBUG org.apache.nifi.processors.standard.RouteText - RouteText[id=e191155b-3232-49bd-bfe9-6bfcf78aa3cb] Adding new dynamic property: PropertyDescriptor[simple]
[pool-2664-thread-1] INFO org.apache.nifi.processors.standard.RouteText - RouteText[id=e191155b-3232-49bd-bfe9-6bfcf78aa3cb] Created FlowFile[683,92021793431595.mockFlowFile,23B] from FlowFile[682,92021793431595.mockFlowFile,23B]; routing to relationship simple
[pool-2664-thread-1] INFO org.apache.nifi.processors.standard.RouteText - RouteText[id=e191155b-3232-49bd-bfe9-6bfcf78aa3cb] Routing FlowFile[682,92021793431595.mockFlowFile,23B] to original
[main] DEBUG org.apache.nifi.processors.standard.RouteText - RouteText[id=e191155b-3232-49bd-bfe9-6bfcf78aa3cb] Adding new dynamic property: PropertyDescriptor[simple]
[pool-2665-thread-1] INFO org.apache.nifi.processors.standard.RouteText - RouteText[id=e191155b-3232-49bd-bfe9-6bfcf78aa3cb] Created FlowFile[685,92021794042948.mockFlowFile,23B] from FlowFile[684,92021794042948.mockFlowFile,23B]; routing to relationship simple
[pool-2665-thread-1] INFO org.apache.nifi.processors.standard.RouteText - RouteText[id=e191155b-3232-49bd-bfe9-6bfcf78aa3cb] Routing FlowFile[684,92021794042948.mockFlowFile,23B] to original
[main] DEBUG org.apache.nifi.processors.standard.RouteText - RouteText[id=e191155b-3232-49bd-bfe9-6bfcf78aa3cb] Adding new dynamic property: PropertyDescriptor[simple]
[pool-2666-thread-1] INFO org.apache.nifi.processors.standard.RouteText - RouteText[id=e191155b-3232-49bd-bfe9-6bfcf78aa3cb] Created FlowFile[687,92021794671479.mockFlowFile,23B] from FlowFile[686,92021794671479.mockFlowFile,23B]; routing to relationship simple
[pool-2666-thread-1] INFO org.apache.nifi.processors.standard.RouteText - RouteText[id=e191155b-3232-49bd-bfe9-6bfcf78aa3cb] Routing FlowFile[686,92021794671479.mockFlowFile,23B] to original
[main] DEBUG org.apache.nifi.processors.standard.RouteText - RouteText[id=e191155b-3232-49bd-bfe9-6bfcf78aa3cb] Adding new dynamic property: PropertyDescriptor[simple]
[pool-2667-thread-1] INFO org.apache.nifi.processors.standard.RouteText - RouteText[id=e191155b-3232-49bd-bfe9-6bfcf78aa3cb] Created FlowFile[689,92021795307354.mockFlowFile,23B] from FlowFile[688,92021795307354.mockFlowFile,23B]; routing to relationship simple
[pool-2667-thread-1] INFO org.apache.nifi.processors.standard.RouteText - RouteText[id=e191155b-3232-49bd-bfe9-6bfcf78aa3cb] Routing FlowFile[688,92021795307354.mockFlowFile,23B] to original
[main] DEBUG org.apache.nifi.processors.standard.RouteText - RouteText[id=e191155b-3232-49bd-bfe9-6bfcf78aa3cb] Adding new dynamic property: PropertyDescriptor[simple]
[pool-2668-thread-1] INFO org.apache.nifi.processors.standard.RouteText - RouteText[id=e191155b-3232-49bd-bfe9-6bfcf78aa3cb] Created FlowFile[691,92021796041851.mockFlowFile,23B] from FlowFile[690,92021796041851.mockFlowFile,23B]; routing to relationship simple
[pool-2668-thread-1] INFO org.apache.nifi.processors.standard.RouteText - RouteText[id=e191155b-3232-49bd-bfe9-6bfcf78aa3cb] Routing FlowFile[690,92021796041851.mockFlowFile,23B] to original
[main] DEBUG org.apache.nifi.processors.standard.RouteText - RouteText[id=e191155b-3232-49bd-bfe9-6bfcf78aa3cb] Adding new dynamic property: PropertyDescriptor[simple]
[pool-2669-thread-1] INFO org.apache.nifi.processors.standard.RouteText - RouteText[id=e191155b-3232-49bd-bfe9-6bfcf78aa3cb] Created FlowFile[693,92021796693333.mockFlowFile,23B] from FlowFile[692,92021796693333.mockFlowFile,23B]; routing to relationship simple
[pool-2669-thread-1] INFO org.apache.nifi.processors.standard.RouteText - RouteText[id=e191155b-3232-49bd-bfe9-6bfcf78aa3cb] Routing FlowFile[692,92021796693333.mockFlowFile,23B] to original
[main] DEBUG org.apache.nifi.processors.standard.RouteText - RouteText[id=e191155b-3232-49bd-bfe9-6bfcf78aa3cb] Adding new dynamic property: PropertyDescriptor[simple]
[pool-2670-thread-1] INFO org.apache.nifi.processors.standard.RouteText - RouteText[id=e191155b-3232-49bd-bfe9-6bfcf78aa3cb] Created FlowFile[695,92021797417218.mockFlowFile,23B] from FlowFile[694,92021797417218.mockFlowFile,23B]; routing to relationship simple
[pool-2670-thread-1] INFO org.apache.nifi.processors.standard.RouteText - RouteText[id=e191155b-3232-49bd-bfe9-6bfcf78aa3cb] Routing FlowFile[694,92021797417218.mockFlowFile,23B] to original
[main] DEBUG org.apache.nifi.processors.standard.RouteText - RouteText[id=e191155b-3232-49bd-bfe9-6bfcf78aa3cb] Adding new dynamic property: PropertyDescriptor[simple]
[pool-2671-thread-1] INFO org.apache.nifi.processors.standard.RouteText - RouteText[id=e191155b-3232-49bd-bfe9-6bfcf78aa3cb] Created FlowFile[697,92021798077767.mockFlowFile,23B] from FlowFile[696,92021798077767.mockFlowFile,23B]; routing to relationship simple
[pool-2671-thread-1] INFO org.apache.nifi.processors.standard.RouteText - RouteText[id=e191155b-3232-49bd-bfe9-6bfcf78aa3cb] Routing FlowFile[696,92021798077767.mockFlowFile,23B] to original
[main] DEBUG org.apache.nifi.processors.standard.RouteText - RouteText[id=e191155b-3232-49bd-bfe9-6bfcf78aa3cb] Adding new dynamic property: PropertyDescriptor[simple]
[pool-2672-thread-1] INFO org.apache.nifi.processors.standard.RouteText - RouteText[id=e191155b-3232-49bd-bfe9-6bfcf78aa3cb] Created FlowFile[699,92021798723662.mockFlowFile,23B] from FlowFile[698,92021798723662.mockFlowFile,23B]; routing to relationship simple
[pool-2672-thread-1] INFO org.apache.nifi.processors.standard.RouteText - RouteText[id=e191155b-3232-49bd-bfe9-6bfcf78aa3cb] Routing FlowFile[698,92021798723662.mockFlowFile,23B] to original
[main] DEBUG org.apache.nifi.processors.standard.RouteText - RouteText[id=e191155b-3232-49bd-bfe9-6bfcf78aa3cb] Adding new dynamic property: PropertyDescriptor[simple]
[pool-2673-thread-1] INFO org.apache.nifi.processors.standard.RouteText - RouteText[id=e191155b-3232-49bd-bfe9-6bfcf78aa3cb] Created FlowFile[701,92021799375205.mockFlowFile,23B] from FlowFile[700,92021799375205.mockFlowFile,23B]; routing to relationship simple
[pool-2673-thread-1] INFO org.apache.nifi.processors.standard.RouteText - RouteText[id=e191155b-3232-49bd-bfe9-6bfcf78aa3cb] Routing FlowFile[700,92021799375205.mockFlowFile,23B] to original
[main] DEBUG org.apache.nifi.processors.standard.RouteText - RouteText[id=e191155b-3232-49bd-bfe9-6bfcf78aa3cb] Adding new dynamic property: PropertyDescriptor[simple]
[pool-2674-thread-1] INFO org.apache.nifi.processors.standard.RouteText - RouteText[id=e191155b-3232-49bd-bfe9-6bfcf78aa3cb] Created FlowFile[703,92021800034601.mockFlowFile,23B] from FlowFile[702,92021800034601.mockFlowFile,23B]; routing to relationship simple
[pool-2674-thread-1] INFO org.apache.nifi.processors.standard.RouteText - RouteText[id=e191155b-3232-49bd-bfe9-6bfcf78aa3cb] Routing FlowFile[702,92021800034601.mockFlowFile,23B] to original
[main] DEBUG org.apache.nifi.processors.standard.RouteText - RouteText[id=e191155b-3232-49bd-bfe9-6bfcf78aa3cb] Adding new dynamic property: PropertyDescriptor[simple]
[pool-2675-thread-1] INFO org.apache.nifi.processors.standard.RouteText - RouteText[id=e191155b-3232-49bd-bfe9-6bfcf78aa3cb] Created FlowFile[705,92021800769451.mockFlowFile,23B] from FlowFile[704,92021800769451.mockFlowFile,23B]; routing to relationship simple
[pool-2675-thread-1] INFO org.apache.nifi.processors.standard.RouteText - RouteText[id=e191155b-3232-49bd-bfe9-6bfcf78aa3cb] Routing FlowFile[704,92021800769451.mockFlowFile,23B] to original
[main] DEBUG org.apache.nifi.processors.standard.RouteText - RouteText[id=e191155b-3232-49bd-bfe9-6bfcf78aa3cb] Adding new dynamic property: PropertyDescriptor[simple]
[pool-2676-thread-1] INFO org.apache.nifi.processors.standard.RouteText - RouteText[id=e191155b-3232-49bd-bfe9-6bfcf78aa3cb] Created FlowFile[707,92021801511553.mockFlowFile,23B] from FlowFile[706,92021801511553.mockFlowFile,23B]; routing to relationship simple
[pool-2676-thread-1] INFO org.apache.nifi.processors.standard.RouteText - RouteText[id=e191155b-3232-49bd-bfe9-6bfcf78aa3cb] Routing FlowFile[706,92021801511553.mockFlowFile,23B] to original
[main] DEBUG org.apache.nifi.processors.standard.RouteText - RouteText[id=e191155b-3232-49bd-bfe9-6bfcf78aa3cb] Adding new dynamic property: PropertyDescriptor[simple]
[pool-2677-thread-1] INFO org.apache.nifi.processors.standard.RouteText - RouteText[id=e191155b-3232-49bd-bfe9-6bfcf78aa3cb] Created FlowFile[709,92021802187111.mockFlowFile,23B] from FlowFile[708,92021802187111.mockFlowFile,23B]; routing to relationship simple
[pool-2677-thread-1] INFO org.apache.nifi.processors.standard.RouteText - RouteText[id=e191155b-3232-49bd-bfe9-6bfcf78aa3cb] Routing FlowFile[708,92021802187111.mockFlowFile,23B] to original
[main] DEBUG org.apache.nifi.processors.standard.RouteText - RouteText[id=e191155b-3232-49bd-bfe9-6bfcf78aa3cb] Adding new dynamic property: PropertyDescriptor[simple]
[pool-2678-thread-1] INFO org.apache.nifi.processors.standard.RouteText - RouteText[id=e191155b-3232-49bd-bfe9-6bfcf78aa3cb] Created FlowFile[711,92021802823033.mockFlowFile,23B] from FlowFile[710,92021802823033.mockFlowFile,23B]; routing to relationship simple
[pool-2678-thread-1] INFO org.apache.nifi.processors.standard.RouteText - RouteText[id=e191155b-3232-49bd-bfe9-6bfcf78aa3cb] Routing FlowFile[710,92021802823033.mockFlowFile,23B] to original
[main] DEBUG org.apache.nifi.processors.standard.RouteText - RouteText[id=e191155b-3232-49bd-bfe9-6bfcf78aa3cb] Adding new dynamic property: PropertyDescriptor[simple]
[pool-2679-thread-1] INFO org.apache.nifi.processors.standard.RouteText - RouteText[id=e191155b-3232-49bd-bfe9-6bfcf78aa3cb] Created FlowFile[713,92021803438121.mockFlowFile,23B] from FlowFile[712,92021803438121.mockFlowFile,23B]; routing to relationship simple
[pool-2679-thread-1] INFO org.apache.nifi.processors.standard.RouteText - RouteText[id=e191155b-3232-49bd-bfe9-6bfcf78aa3cb] Routing FlowFile[712,92021803438121.mockFlowFile,23B] to original
[main] DEBUG org.apache.nifi.processors.standard.RouteText - RouteText[id=e191155b-3232-49bd-bfe9-6bfcf78aa3cb] Adding new dynamic property: PropertyDescriptor[simple]
[pool-2680-thread-1] INFO org.apache.nifi.processors.standard.RouteText - RouteText[id=e191155b-3232-49bd-bfe9-6bfcf78aa3cb] Created FlowFile[715,92021804177482.mockFlowFile,23B] from FlowFile[714,92021804177482.mockFlowFile,23B]; routing to relationship simple
[pool-2680-thread-1] INFO org.apache.nifi.processors.standard.RouteText - RouteText[id=e191155b-3232-49bd-bfe9-6bfcf78aa3cb] Routing FlowFile[714,92021804177482.mockFlowFile,23B] to original
[main] DEBUG org.apache.nifi.processors.standard.RouteText - RouteText[id=e191155b-3232-49bd-bfe9-6bfcf78aa3cb] Adding new dynamic property: PropertyDescriptor[simple]
[pool-2681-thread-1] INFO org.apache.nifi.processors.standard.RouteText - RouteText[id=e191155b-3232-49bd-bfe9-6bfcf78aa3cb] Created FlowFile[717,92021804857123.mockFlowFile,23B] from FlowFile[716,92021804857123.mockFlowFile,23B]; routing to relationship simple
[pool-2681-thread-1] INFO org.apache.nifi.processors.standard.RouteText - RouteText[id=e191155b-3232-49bd-bfe9-6bfcf78aa3cb] Routing FlowFile[716,92021804857123.mockFlowFile,23B] to original
[main] DEBUG org.apache.nifi.processors.standard.RouteText - RouteText[id=e191155b-3232-49bd-bfe9-6bfcf78aa3cb] Adding new dynamic property: PropertyDescriptor[simple]
[pool-2682-thread-1] INFO org.apache.nifi.processors.standard.RouteText - RouteText[id=e191155b-3232-49bd-bfe9-6bfcf78aa3cb] Created FlowFile[719,92021805531898.mockFlowFile,23B] from FlowFile[718,92021805531898.mockFlowFile,23B]; routing to relationship simple
[pool-2682-thread-1] INFO org.apache.nifi.processors.standard.RouteText - RouteText[id=e191155b-3232-49bd-bfe9-6bfcf78aa3cb] Routing FlowFile[718,92021805531898.mockFlowFile,23B] to original
[main] DEBUG org.apache.nifi.processors.standard.RouteText - RouteText[id=e191155b-3232-49bd-bfe9-6bfcf78aa3cb] Adding new dynamic property: PropertyDescriptor[simple]
[pool-2683-thread-1] INFO org.apache.nifi.processors.standard.RouteText - RouteText[id=e191155b-3232-49bd-bfe9-6bfcf78aa3cb] Created FlowFile[721,92021806214459.mockFlowFile,23B] from FlowFile[720,92021806214459.mockFlowFile,23B]; routing to relationship simple
[pool-2683-thread-1] INFO org.apache.nifi.processors.standard.RouteText - RouteText[id=e191155b-3232-49bd-bfe9-6bfcf78aa3cb] Routing FlowFile[720,92021806214459.mockFlowFile,23B] to original
[main] DEBUG org.apache.nifi.processors.standard.RouteText - RouteText[id=e191155b-3232-49bd-bfe9-6bfcf78aa3cb] Adding new dynamic property: PropertyDescriptor[simple]
[pool-2684-thread-1] INFO org.apache.nifi.processors.standard.RouteText - RouteText[id=e191155b-3232-49bd-bfe9-6bfcf78aa3cb] Created FlowFile[723,92021806859008.mockFlowFile,23B] from FlowFile[722,92021806859008.mockFlowFile,23B]; routing to relationship simple
[pool-2684-thread-1] INFO org.apache.nifi.processors.standard.RouteText - RouteText[id=e191155b-3232-49bd-bfe9-6bfcf78aa3cb] Routing FlowFile[722,92021806859008.mockFlowFile,23B] to original
[main] DEBUG org.apache.nifi.processors.standard.RouteText - RouteText[id=e191155b-3232-49bd-bfe9-6bfcf78aa3cb] Adding new dynamic property: PropertyDescriptor[simple]
[pool-2685-thread-1] INFO org.apache.nifi.processors.standard.RouteText - RouteText[id=e191155b-3232-49bd-bfe9-6bfcf78aa3cb] Created FlowFile[725,92021807460721.mockFlowFile,23B] from FlowFile[724,92021807460721.mockFlowFile,23B]; routing to relationship simple
[pool-2685-thread-1] INFO org.apache.nifi.processors.standard.RouteText - RouteText[id=e191155b-3232-49bd-bfe9-6bfcf78aa3cb] Routing FlowFile[724,92021807460721.mockFlowFile,23B] to original
[main] DEBUG org.apache.nifi.processors.standard.RouteText - RouteText[id=e191155b-3232-49bd-bfe9-6bfcf78aa3cb] Adding new dynamic property: PropertyDescriptor[simple]
[pool-2686-thread-1] INFO org.apache.nifi.processors.standard.RouteText - RouteText[id=e191155b-3232-49bd-bfe9-6bfcf78aa3cb] Created FlowFile[727,92021808011750.mockFlowFile,23B] from FlowFile[726,92021808011750.mockFlowFile,23B]; routing to relationship simple
[pool-2686-thread-1] INFO org.apache.nifi.processors.standard.RouteText - RouteText[id=e191155b-3232-49bd-bfe9-6bfcf78aa3cb] Routing FlowFile[726,92021808011750.mockFlowFile,23B] to original
[main] DEBUG org.apache.nifi.processors.standard.RouteText - RouteText[id=e191155b-3232-49bd-bfe9-6bfcf78aa3cb] Adding new dynamic property: PropertyDescriptor[simple]
[pool-2687-thread-1] INFO org.apache.nifi.processors.standard.RouteText - RouteText[id=e191155b-3232-49bd-bfe9-6bfcf78aa3cb] Created FlowFile[729,92021808676099.mockFlowFile,23B] from FlowFile[728,92021808676099.mockFlowFile,23B]; routing to relationship simple
[pool-2687-thread-1] INFO org.apache.nifi.processors.standard.RouteText - RouteText[id=e191155b-3232-49bd-bfe9-6bfcf78aa3cb] Routing FlowFile[728,92021808676099.mockFlowFile,23B] to original
[main] DEBUG org.apache.nifi.processors.standard.RouteText - RouteText[id=e191155b-3232-49bd-bfe9-6bfcf78aa3cb] Adding new dynamic property: PropertyDescriptor[simple]
[pool-2688-thread-1] INFO org.apache.nifi.processors.standard.RouteText - RouteText[id=e191155b-3232-49bd-bfe9-6bfcf78aa3cb] Created FlowFile[731,92021809340884.mockFlowFile,23B] from FlowFile[730,92021809340884.mockFlowFile,23B]; routing to relationship simple
[pool-2688-thread-1] INFO org.apache.nifi.processors.standard.RouteText - RouteText[id=e191155b-3232-49bd-bfe9-6bfcf78aa3cb] Routing FlowFile[730,92021809340884.mockFlowFile,23B] to original
[main] DEBUG org.apache.nifi.processors.standard.RouteText - RouteText[id=e191155b-3232-49bd-bfe9-6bfcf78aa3cb] Adding new dynamic property: PropertyDescriptor[simple]
[pool-2689-thread-1] INFO org.apache.nifi.processors.standard.RouteText - RouteText[id=e191155b-3232-49bd-bfe9-6bfcf78aa3cb] Created FlowFile[733,92021810000461.mockFlowFile,23B] from FlowFile[732,92021810000461.mockFlowFile,23B]; routing to relationship simple
[pool-2689-thread-1] INFO org.apache.nifi.processors.standard.RouteText - RouteText[id=e191155b-3232-49bd-bfe9-6bfcf78aa3cb] Routing FlowFile[732,92021810000461.mockFlowFile,23B] to original
[main] DEBUG org.apache.nifi.processors.standard.RouteText - RouteText[id=e191155b-3232-49bd-bfe9-6bfcf78aa3cb] Adding new dynamic property: PropertyDescriptor[simple]
[pool-2690-thread-1] INFO org.apache.nifi.processors.standard.RouteText - RouteText[id=e191155b-3232-49bd-bfe9-6bfcf78aa3cb] Created FlowFile[735,92021810618830.mockFlowFile,23B] from FlowFile[734,92021810618830.mockFlowFile,23B]; routing to relationship simple
[pool-2690-thread-1] INFO org.apache.nifi.processors.standard.RouteText - RouteText[id=e191155b-3232-49bd-bfe9-6bfcf78aa3cb] Routing FlowFile[734,92021810618830.mockFlowFile,23B] to original
[main] DEBUG org.apache.nifi.processors.standard.RouteText - RouteText[id=e191155b-3232-49bd-bfe9-6bfcf78aa3cb] Adding new dynamic property: PropertyDescriptor[simple]
[pool-2691-thread-1] INFO org.apache.nifi.processors.standard.RouteText - RouteText[id=e191155b-3232-49bd-bfe9-6bfcf78aa3cb] Created FlowFile[737,92021811168634.mockFlowFile,23B] from FlowFile[736,92021811168634.mockFlowFile,23B]; routing to relationship simple
[pool-2691-thread-1] INFO org.apache.nifi.processors.standard.RouteText - RouteText[id=e191155b-3232-49bd-bfe9-6bfcf78aa3cb] Routing FlowFile[736,92021811168634.mockFlowFile,23B] to original
[main] DEBUG org.apache.nifi.processors.standard.RouteText - RouteText[id=e191155b-3232-49bd-bfe9-6bfcf78aa3cb] Adding new dynamic property: PropertyDescriptor[simple]
[pool-2692-thread-1] INFO org.apache.nifi.processors.standard.RouteText - RouteText[id=e191155b-3232-49bd-bfe9-6bfcf78aa3cb] Created FlowFile[739,92021811738239.mockFlowFile,23B] from FlowFile[738,92021811738239.mockFlowFile,23B]; routing to relationship simple
[pool-2692-thread-1] INFO org.apache.nifi.processors.standard.RouteText - RouteText[id=e191155b-3232-49bd-bfe9-6bfcf78aa3cb] Routing FlowFile[738,92021811738239.mockFlowFile,23B] to original
[main] DEBUG org.apache.nifi.processors.standard.RouteText - RouteText[id=e191155b-3232-49bd-bfe9-6bfcf78aa3cb] Adding new dynamic property: PropertyDescriptor[simple]
[pool-2693-thread-1] INFO org.apache.nifi.processors.standard.RouteText - RouteText[id=e191155b-3232-49bd-bfe9-6bfcf78aa3cb] Created FlowFile[741,92021812340790.mockFlowFile,23B] from FlowFile[740,92021812340790.mockFlowFile,23B]; routing to relationship simple
[pool-2693-thread-1] INFO org.apache.nifi.processors.standard.RouteText - RouteText[id=e191155b-3232-49bd-bfe9-6bfcf78aa3cb] Routing FlowFile[740,92021812340790.mockFlowFile,23B] to original
[main] DEBUG org.apache.nifi.processors.standard.RouteText - RouteText[id=e191155b-3232-49bd-bfe9-6bfcf78aa3cb] Adding new dynamic property: PropertyDescriptor[simple]
[pool-2694-thread-1] INFO org.apache.nifi.processors.standard.RouteText - RouteText[id=e191155b-3232-49bd-bfe9-6bfcf78aa3cb] Created FlowFile[743,92021813012992.mockFlowFile,23B] from FlowFile[742,92021813012992.mockFlowFile,23B]; routing to relationship simple
[pool-2694-thread-1] INFO org.apache.nifi.processors.standard.RouteText - RouteText[id=e191155b-3232-49bd-bfe9-6bfcf78aa3cb] Routing FlowFile[742,92021813012992.mockFlowFile,23B] to original
[main] DEBUG org.apache.nifi.processors.standard.RouteText - RouteText[id=e191155b-3232-49bd-bfe9-6bfcf78aa3cb] Adding new dynamic property: PropertyDescriptor[simple]
[pool-2695-thread-1] INFO org.apache.nifi.processors.standard.RouteText - RouteText[id=e191155b-3232-49bd-bfe9-6bfcf78aa3cb] Created FlowFile[745,92021813525776.mockFlowFile,23B] from FlowFile[744,92021813525776.mockFlowFile,23B]; routing to relationship simple
[pool-2695-thread-1] INFO org.apache.nifi.processors.standard.RouteText - RouteText[id=e191155b-3232-49bd-bfe9-6bfcf78aa3cb] Routing FlowFile[744,92021813525776.mockFlowFile,23B] to original
[main] DEBUG org.apache.nifi.processors.standard.RouteText - RouteText[id=e191155b-3232-49bd-bfe9-6bfcf78aa3cb] Adding new dynamic property: PropertyDescriptor[simple]
[pool-2696-thread-1] INFO org.apache.nifi.processors.standard.RouteText - RouteText[id=e191155b-3232-49bd-bfe9-6bfcf78aa3cb] Created FlowFile[747,92021813979894.mockFlowFile,23B] from FlowFile[746,92021813979894.mockFlowFile,23B]; routing to relationship simple
[pool-2696-thread-1] INFO org.apache.nifi.processors.standard.RouteText - RouteText[id=e191155b-3232-49bd-bfe9-6bfcf78aa3cb] Routing FlowFile[746,92021813979894.mockFlowFile,23B] to original
[main] DEBUG org.apache.nifi.processors.standard.RouteText - RouteText[id=e191155b-3232-49bd-bfe9-6bfcf78aa3cb] Adding new dynamic property: PropertyDescriptor[simple]
[pool-2697-thread-1] INFO org.apache.nifi.processors.standard.RouteText - RouteText[id=e191155b-3232-49bd-bfe9-6bfcf78aa3cb] Created FlowFile[749,92021814429160.mockFlowFile,23B] from FlowFile[748,92021814429160.mockFlowFile,23B]; routing to relationship simple
[pool-2697-thread-1] INFO org.apache.nifi.processors.standard.RouteText - RouteText[id=e191155b-3232-49bd-bfe9-6bfcf78aa3cb] Routing FlowFile[748,92021814429160.mockFlowFile,23B] to original
[main] DEBUG org.apache.nifi.processors.standard.RouteText - RouteText[id=e191155b-3232-49bd-bfe9-6bfcf78aa3cb] Adding new dynamic property: PropertyDescriptor[simple]
[pool-2698-thread-1] INFO org.apache.nifi.processors.standard.RouteText - RouteText[id=e191155b-3232-49bd-bfe9-6bfcf78aa3cb] Created FlowFile[751,92021814891457.mockFlowFile,23B] from FlowFile[750,92021814891457.mockFlowFile,23B]; routing to relationship simple
[pool-2698-thread-1] INFO org.apache.nifi.processors.standard.RouteText - RouteText[id=e191155b-3232-49bd-bfe9-6bfcf78aa3cb] Routing FlowFile[750,92021814891457.mockFlowFile,23B] to original
[main] DEBUG org.apache.nifi.processors.standard.RouteText - RouteText[id=e191155b-3232-49bd-bfe9-6bfcf78aa3cb] Adding new dynamic property: PropertyDescriptor[simple]
[pool-2699-thread-1] INFO org.apache.nifi.processors.standard.RouteText - RouteText[id=e191155b-3232-49bd-bfe9-6bfcf78aa3cb] Created FlowFile[753,92021815340236.mockFlowFile,23B] from FlowFile[752,92021815340236.mockFlowFile,23B]; routing to relationship simple
[pool-2699-thread-1] INFO org.apache.nifi.processors.standard.RouteText - RouteText[id=e191155b-3232-49bd-bfe9-6bfcf78aa3cb] Routing FlowFile[752,92021815340236.mockFlowFile,23B] to original
[main] DEBUG org.apache.nifi.processors.standard.RouteText - RouteText[id=e191155b-3232-49bd-bfe9-6bfcf78aa3cb] Adding new dynamic property: PropertyDescriptor[simple]
[pool-2700-thread-1] INFO org.apache.nifi.processors.standard.RouteText - RouteText[id=e191155b-3232-49bd-bfe9-6bfcf78aa3cb] Created FlowFile[755,92021815786855.mockFlowFile,23B] from FlowFile[754,92021815786855.mockFlowFile,23B]; routing to relationship simple
[pool-2700-thread-1] INFO org.apache.nifi.processors.standard.RouteText - RouteText[id=e191155b-3232-49bd-bfe9-6bfcf78aa3cb] Routing FlowFile[754,92021815786855.mockFlowFile,23B] to original
[main] DEBUG org.apache.nifi.processors.standard.RouteText - RouteText[id=e191155b-3232-49bd-bfe9-6bfcf78aa3cb] Adding new dynamic property: PropertyDescriptor[simple]
[pool-2701-thread-1] INFO org.apache.nifi.processors.standard.RouteText - RouteText[id=e191155b-3232-49bd-bfe9-6bfcf78aa3cb] Created FlowFile[757,92021816357288.mockFlowFile,23B] from FlowFile[756,92021816357288.mockFlowFile,23B]; routing to relationship simple
[pool-2701-thread-1] INFO org.apache.nifi.processors.standard.RouteText - RouteText[id=e191155b-3232-49bd-bfe9-6bfcf78aa3cb] Routing FlowFile[756,92021816357288.mockFlowFile,23B] to original
[main] DEBUG org.apache.nifi.processors.standard.RouteText - RouteText[id=e191155b-3232-49bd-bfe9-6bfcf78aa3cb] Adding new dynamic property: PropertyDescriptor[simple]
[pool-2702-thread-1] INFO org.apache.nifi.processors.standard.RouteText - RouteText[id=e191155b-3232-49bd-bfe9-6bfcf78aa3cb] Created FlowFile[759,92021816947396.mockFlowFile,23B] from FlowFile[758,92021816947396.mockFlowFile,23B]; routing to relationship simple
[pool-2702-thread-1] INFO org.apache.nifi.processors.standard.RouteText - RouteText[id=e191155b-3232-49bd-bfe9-6bfcf78aa3cb] Routing FlowFile[758,92021816947396.mockFlowFile,23B] to original
[main] DEBUG org.apache.nifi.processors.standard.RouteText - RouteText[id=e191155b-3232-49bd-bfe9-6bfcf78aa3cb] Adding new dynamic property: PropertyDescriptor[simple]
[pool-2703-thread-1] INFO org.apache.nifi.processors.standard.RouteText - RouteText[id=e191155b-3232-49bd-bfe9-6bfcf78aa3cb] Created FlowFile[761,92021817569167.mockFlowFile,23B] from FlowFile[760,92021817569167.mockFlowFile,23B]; routing to relationship simple
[pool-2703-thread-1] INFO org.apache.nifi.processors.standard.RouteText - RouteText[id=e191155b-3232-49bd-bfe9-6bfcf78aa3cb] Routing FlowFile[760,92021817569167.mockFlowFile,23B] to original
[main] DEBUG org.apache.nifi.processors.standard.RouteText - RouteText[id=e191155b-3232-49bd-bfe9-6bfcf78aa3cb] Adding new dynamic property: PropertyDescriptor[simple]
[pool-2704-thread-1] INFO org.apache.nifi.processors.standard.RouteText - RouteText[id=e191155b-3232-49bd-bfe9-6bfcf78aa3cb] Created FlowFile[763,92021818227397.mockFlowFile,23B] from FlowFile[762,92021818227397.mockFlowFile,23B]; routing to relationship simple
[pool-2704-thread-1] INFO org.apache.nifi.processors.standard.RouteText - RouteText[id=e191155b-3232-49bd-bfe9-6bfcf78aa3cb] Routing FlowFile[762,92021818227397.mockFlowFile,23B] to original
[main] DEBUG org.apache.nifi.processors.standard.RouteText - RouteText[id=e191155b-3232-49bd-bfe9-6bfcf78aa3cb] Adding new dynamic property: PropertyDescriptor[simple]
[pool-2705-thread-1] INFO org.apache.nifi.processors.standard.RouteText - RouteText[id=e191155b-3232-49bd-bfe9-6bfcf78aa3cb] Created FlowFile[765,92021818811856.mockFlowFile,23B] from FlowFile[764,92021818811856.mockFlowFile,23B]; routing to relationship simple
[pool-2705-thread-1] INFO org.apache.nifi.processors.standard.RouteText - RouteText[id=e191155b-3232-49bd-bfe9-6bfcf78aa3cb] Routing FlowFile[764,92021818811856.mockFlowFile,23B] to original
[main] DEBUG org.apache.nifi.processors.standard.RouteText - RouteText[id=e191155b-3232-49bd-bfe9-6bfcf78aa3cb] Adding new dynamic property: PropertyDescriptor[simple]
[pool-2706-thread-1] INFO org.apache.nifi.processors.standard.RouteText - RouteText[id=e191155b-3232-49bd-bfe9-6bfcf78aa3cb] Created FlowFile[767,92021819374956.mockFlowFile,23B] from FlowFile[766,92021819374956.mockFlowFile,23B]; routing to relationship simple
[pool-2706-thread-1] INFO org.apache.nifi.processors.standard.RouteText - RouteText[id=e191155b-3232-49bd-bfe9-6bfcf78aa3cb] Routing FlowFile[766,92021819374956.mockFlowFile,23B] to original
[main] DEBUG org.apache.nifi.processors.standard.RouteText - RouteText[id=e191155b-3232-49bd-bfe9-6bfcf78aa3cb] Adding new dynamic property: PropertyDescriptor[simple]
[pool-2707-thread-1] INFO org.apache.nifi.processors.standard.RouteText - RouteText[id=e191155b-3232-49bd-bfe9-6bfcf78aa3cb] Created FlowFile[769,92021819926751.mockFlowFile,23B] from FlowFile[768,92021819926751.mockFlowFile,23B]; routing to relationship simple
[pool-2707-thread-1] INFO org.apache.nifi.processors.standard.RouteText - RouteText[id=e191155b-3232-49bd-bfe9-6bfcf78aa3cb] Routing FlowFile[768,92021819926751.mockFlowFile,23B] to original
[main] DEBUG org.apache.nifi.processors.standard.RouteText - RouteText[id=e191155b-3232-49bd-bfe9-6bfcf78aa3cb] Adding new dynamic property: PropertyDescriptor[simple]
[pool-2708-thread-1] INFO org.apache.nifi.processors.standard.RouteText - RouteText[id=e191155b-3232-49bd-bfe9-6bfcf78aa3cb] Created FlowFile[771,92021822858801.mockFlowFile,23B] from FlowFile[770,92021822858801.mockFlowFile,23B]; routing to relationship simple
[pool-2708-thread-1] INFO org.apache.nifi.processors.standard.RouteText - RouteText[id=e191155b-3232-49bd-bfe9-6bfcf78aa3cb] Routing FlowFile[770,92021822858801.mockFlowFile,23B] to original
[main] DEBUG org.apache.nifi.processors.standard.RouteText - RouteText[id=e191155b-3232-49bd-bfe9-6bfcf78aa3cb] Adding new dynamic property: PropertyDescriptor[simple]
[pool-2709-thread-1] INFO org.apache.nifi.processors.standard.RouteText - RouteText[id=e191155b-3232-49bd-bfe9-6bfcf78aa3cb] Created FlowFile[773,92021823802220.mockFlowFile,23B] from FlowFile[772,92021823802220.mockFlowFile,23B]; routing to relationship simple
[pool-2709-thread-1] INFO org.apache.nifi.processors.standard.RouteText - RouteText[id=e191155b-3232-49bd-bfe9-6bfcf78aa3cb] Routing FlowFile[772,92021823802220.mockFlowFile,23B] to original
[main] DEBUG org.apache.nifi.processors.standard.RouteText - RouteText[id=e191155b-3232-49bd-bfe9-6bfcf78aa3cb] Adding new dynamic property: PropertyDescriptor[simple]
[pool-2710-thread-1] INFO org.apache.nifi.processors.standard.RouteText - RouteText[id=e191155b-3232-49bd-bfe9-6bfcf78aa3cb] Created FlowFile[775,92021824617578.mockFlowFile,23B] from FlowFile[774,92021824617578.mockFlowFile,23B]; routing to relationship simple
[pool-2710-thread-1] INFO org.apache.nifi.processors.standard.RouteText - RouteText[id=e191155b-3232-49bd-bfe9-6bfcf78aa3cb] Routing FlowFile[774,92021824617578.mockFlowFile,23B] to original
[main] DEBUG org.apache.nifi.processors.standard.RouteText - RouteText[id=e191155b-3232-49bd-bfe9-6bfcf78aa3cb] Adding new dynamic property: PropertyDescriptor[simple]
[pool-2711-thread-1] INFO org.apache.nifi.processors.standard.RouteText - RouteText[id=e191155b-3232-49bd-bfe9-6bfcf78aa3cb] Created FlowFile[777,92021825174168.mockFlowFile,23B] from FlowFile[776,92021825174168.mockFlowFile,23B]; routing to relationship simple
[pool-2711-thread-1] INFO org.apache.nifi.processors.standard.RouteText - RouteText[id=e191155b-3232-49bd-bfe9-6bfcf78aa3cb] Routing FlowFile[776,92021825174168.mockFlowFile,23B] to original
[main] DEBUG org.apache.nifi.processors.standard.RouteText - RouteText[id=e191155b-3232-49bd-bfe9-6bfcf78aa3cb] Adding new dynamic property: PropertyDescriptor[simple]
[pool-2712-thread-1] INFO org.apache.nifi.processors.standard.RouteText - RouteText[id=e191155b-3232-49bd-bfe9-6bfcf78aa3cb] Created FlowFile[779,92021825714418.mockFlowFile,23B] from FlowFile[778,92021825714418.mockFlowFile,23B]; routing to relationship simple
[pool-2712-thread-1] INFO org.apache.nifi.processors.standard.RouteText - RouteText[id=e191155b-3232-49bd-bfe9-6bfcf78aa3cb] Routing FlowFile[778,92021825714418.mockFlowFile,23B] to original
[main] DEBUG org.apache.nifi.processors.standard.RouteText - RouteText[id=e191155b-3232-49bd-bfe9-6bfcf78aa3cb] Adding new dynamic property: PropertyDescriptor[simple]
[pool-2713-thread-1] INFO org.apache.nifi.processors.standard.RouteText - RouteText[id=e191155b-3232-49bd-bfe9-6bfcf78aa3cb] Created FlowFile[781,92021826142376.mockFlowFile,23B] from FlowFile[780,92021826142376.mockFlowFile,23B]; routing to relationship simple
[pool-2713-thread-1] INFO org.apache.nifi.processors.standard.RouteText - RouteText[id=e191155b-3232-49bd-bfe9-6bfcf78aa3cb] Routing FlowFile[780,92021826142376.mockFlowFile,23B] to original
[main] DEBUG org.apache.nifi.processors.standard.RouteText - RouteText[id=e191155b-3232-49bd-bfe9-6bfcf78aa3cb] Adding new dynamic property: PropertyDescriptor[simple]
[pool-2714-thread-1] INFO org.apache.nifi.processors.standard.RouteText - RouteText[id=e191155b-3232-49bd-bfe9-6bfcf78aa3cb] Created FlowFile[783,92021826568480.mockFlowFile,23B] from FlowFile[782,92021826568480.mockFlowFile,23B]; routing to relationship simple
[pool-2714-thread-1] INFO org.apache.nifi.processors.standard.RouteText - RouteText[id=e191155b-3232-49bd-bfe9-6bfcf78aa3cb] Routing FlowFile[782,92021826568480.mockFlowFile,23B] to original
[main] DEBUG org.apache.nifi.processors.standard.RouteText - RouteText[id=e191155b-3232-49bd-bfe9-6bfcf78aa3cb] Adding new dynamic property: PropertyDescriptor[simple]
[pool-2715-thread-1] INFO org.apache.nifi.processors.standard.RouteText - RouteText[id=e191155b-3232-49bd-bfe9-6bfcf78aa3cb] Created FlowFile[785,92021827052479.mockFlowFile,23B] from FlowFile[784,92021827052479.mockFlowFile,23B]; routing to relationship simple
[pool-2715-thread-1] INFO org.apache.nifi.processors.standard.RouteText - RouteText[id=e191155b-3232-49bd-bfe9-6bfcf78aa3cb] Routing FlowFile[784,92021827052479.mockFlowFile,23B] to original
[main] DEBUG org.apache.nifi.processors.standard.RouteText - RouteText[id=e191155b-3232-49bd-bfe9-6bfcf78aa3cb] Adding new dynamic property: PropertyDescriptor[simple]
[pool-2716-thread-1] INFO org.apache.nifi.processors.standard.RouteText - RouteText[id=e191155b-3232-49bd-bfe9-6bfcf78aa3cb] Created FlowFile[787,92021827607934.mockFlowFile,23B] from FlowFile[786,92021827607934.mockFlowFile,23B]; routing to relationship simple
[pool-2716-thread-1] INFO org.apache.nifi.processors.standard.RouteText - RouteText[id=e191155b-3232-49bd-bfe9-6bfcf78aa3cb] Routing FlowFile[786,92021827607934.mockFlowFile,23B] to original
[main] DEBUG org.apache.nifi.processors.standard.RouteText - RouteText[id=e191155b-3232-49bd-bfe9-6bfcf78aa3cb] Adding new dynamic property: PropertyDescriptor[simple]
[pool-2717-thread-1] INFO org.apache.nifi.processors.standard.RouteText - RouteText[id=e191155b-3232-49bd-bfe9-6bfcf78aa3cb] Created FlowFile[789,92021828071599.mockFlowFile,23B] from FlowFile[788,92021828071599.mockFlowFile,23B]; routing to relationship simple
[pool-2717-thread-1] INFO org.apache.nifi.processors.standard.RouteText - RouteText[id=e191155b-3232-49bd-bfe9-6bfcf78aa3cb] Routing FlowFile[788,92021828071599.mockFlowFile,23B] to original
[main] DEBUG org.apache.nifi.processors.standard.RouteText - RouteText[id=e191155b-3232-49bd-bfe9-6bfcf78aa3cb] Adding new dynamic property: PropertyDescriptor[simple]
[pool-2718-thread-1] INFO org.apache.nifi.processors.standard.RouteText - RouteText[id=e191155b-3232-49bd-bfe9-6bfcf78aa3cb] Created FlowFile[791,92021828632540.mockFlowFile,23B] from FlowFile[790,92021828632540.mockFlowFile,23B]; routing to relationship simple
[pool-2718-thread-1] INFO org.apache.nifi.processors.standard.RouteText - RouteText[id=e191155b-3232-49bd-bfe9-6bfcf78aa3cb] Routing FlowFile[790,92021828632540.mockFlowFile,23B] to original
[main] DEBUG org.apache.nifi.processors.standard.RouteText - RouteText[id=e191155b-3232-49bd-bfe9-6bfcf78aa3cb] Adding new dynamic property: PropertyDescriptor[simple]
[pool-2719-thread-1] INFO org.apache.nifi.processors.standard.RouteText - RouteText[id=e191155b-3232-49bd-bfe9-6bfcf78aa3cb] Created FlowFile[793,92021829292903.mockFlowFile,23B] from FlowFile[792,92021829292903.mockFlowFile,23B]; routing to relationship simple
[pool-2719-thread-1] INFO org.apache.nifi.processors.standard.RouteText - RouteText[id=e191155b-3232-49bd-bfe9-6bfcf78aa3cb] Routing FlowFile[792,92021829292903.mockFlowFile,23B] to original
[main] DEBUG org.apache.nifi.processors.standard.RouteText - RouteText[id=e191155b-3232-49bd-bfe9-6bfcf78aa3cb] Adding new dynamic property: PropertyDescriptor[simple]
[pool-2720-thread-1] INFO org.apache.nifi.processors.standard.RouteText - RouteText[id=e191155b-3232-49bd-bfe9-6bfcf78aa3cb] Created FlowFile[795,92021829875280.mockFlowFile,23B] from FlowFile[794,92021829875280.mockFlowFile,23B]; routing to relationship simple
[pool-2720-thread-1] INFO org.apache.nifi.processors.standard.RouteText - RouteText[id=e191155b-3232-49bd-bfe9-6bfcf78aa3cb] Routing FlowFile[794,92021829875280.mockFlowFile,23B] to original
[main] DEBUG org.apache.nifi.processors.standard.RouteText - RouteText[id=e191155b-3232-49bd-bfe9-6bfcf78aa3cb] Adding new dynamic property: PropertyDescriptor[simple]
[pool-2721-thread-1] INFO org.apache.nifi.processors.standard.RouteText - RouteText[id=e191155b-3232-49bd-bfe9-6bfcf78aa3cb] Created FlowFile[797,92021830318471.mockFlowFile,23B] from FlowFile[796,92021830318471.mockFlowFile,23B]; routing to relationship simple
[pool-2721-thread-1] INFO org.apache.nifi.processors.standard.RouteText - RouteText[id=e191155b-3232-49bd-bfe9-6bfcf78aa3cb] Routing FlowFile[796,92021830318471.mockFlowFile,23B] to original
[main] DEBUG org.apache.nifi.processors.standard.RouteText - RouteText[id=e191155b-3232-49bd-bfe9-6bfcf78aa3cb] Adding new dynamic property: PropertyDescriptor[simple]
[pool-2722-thread-1] INFO org.apache.nifi.processors.standard.RouteText - RouteText[id=e191155b-3232-49bd-bfe9-6bfcf78aa3cb] Created FlowFile[799,92021830728889.mockFlowFile,23B] from FlowFile[798,92021830728889.mockFlowFile,23B]; routing to relationship simple
[pool-2722-thread-1] INFO org.apache.nifi.processors.standard.RouteText - RouteText[id=e191155b-3232-49bd-bfe9-6bfcf78aa3cb] Routing FlowFile[798,92021830728889.mockFlowFile,23B] to original
[main] DEBUG org.apache.nifi.processors.standard.RouteText - RouteText[id=e191155b-3232-49bd-bfe9-6bfcf78aa3cb] Adding new dynamic property: PropertyDescriptor[simple]
[pool-2723-thread-1] INFO org.apache.nifi.processors.standard.RouteText - RouteText[id=e191155b-3232-49bd-bfe9-6bfcf78aa3cb] Created FlowFile[801,92021831149949.mockFlowFile,23B] from FlowFile[800,92021831149949.mockFlowFile,23B]; routing to relationship simple
[pool-2723-thread-1] INFO org.apache.nifi.processors.standard.RouteText - RouteText[id=e191155b-3232-49bd-bfe9-6bfcf78aa3cb] Routing FlowFile[800,92021831149949.mockFlowFile,23B] to original
[main] DEBUG org.apache.nifi.processors.standard.RouteText - RouteText[id=e191155b-3232-49bd-bfe9-6bfcf78aa3cb] Adding new dynamic property: PropertyDescriptor[simple]
[pool-2724-thread-1] INFO org.apache.nifi.processors.standard.RouteText - RouteText[id=e191155b-3232-49bd-bfe9-6bfcf78aa3cb] Created FlowFile[803,92021831703632.mockFlowFile,23B] from FlowFile[802,92021831703632.mockFlowFile,23B]; routing to relationship simple
[pool-2724-thread-1] INFO org.apache.nifi.processors.standard.RouteText - RouteText[id=e191155b-3232-49bd-bfe9-6bfcf78aa3cb] Routing FlowFile[802,92021831703632.mockFlowFile,23B] to original
[main] DEBUG org.apache.nifi.processors.standard.RouteText - RouteText[id=e191155b-3232-49bd-bfe9-6bfcf78aa3cb] Adding new dynamic property: PropertyDescriptor[simple]
[pool-2725-thread-1] INFO org.apache.nifi.processors.standard.RouteText - RouteText[id=e191155b-3232-49bd-bfe9-6bfcf78aa3cb] Created FlowFile[805,92021832109603.mockFlowFile,23B] from FlowFile[804,92021832109603.mockFlowFile,23B]; routing to relationship simple
[pool-2725-thread-1] INFO org.apache.nifi.processors.standard.RouteText - RouteText[id=e191155b-3232-49bd-bfe9-6bfcf78aa3cb] Routing FlowFile[804,92021832109603.mockFlowFile,23B] to original
[main] DEBUG org.apache.nifi.processors.standard.RouteText - RouteText[id=e191155b-3232-49bd-bfe9-6bfcf78aa3cb] Adding new dynamic property: PropertyDescriptor[simple]
[pool-2726-thread-1] INFO org.apache.nifi.processors.standard.RouteText - RouteText[id=e191155b-3232-49bd-bfe9-6bfcf78aa3cb] Created FlowFile[807,92021832661332.mockFlowFile,23B] from FlowFile[806,92021832661332.mockFlowFile,23B]; routing to relationship simple
[pool-2726-thread-1] INFO org.apache.nifi.processors.standard.RouteText - RouteText[id=e191155b-3232-49bd-bfe9-6bfcf78aa3cb] Routing FlowFile[806,92021832661332.mockFlowFile,23B] to original
[main] DEBUG org.apache.nifi.processors.standard.RouteText - RouteText[id=e191155b-3232-49bd-bfe9-6bfcf78aa3cb] Adding new dynamic property: PropertyDescriptor[simple]
[pool-2727-thread-1] INFO org.apache.nifi.processors.standard.RouteText - RouteText[id=e191155b-3232-49bd-bfe9-6bfcf78aa3cb] Created FlowFile[809,92021833200189.mockFlowFile,23B] from FlowFile[808,92021833200189.mockFlowFile,23B]; routing to relationship simple
[pool-2727-thread-1] INFO org.apache.nifi.processors.standard.RouteText - RouteText[id=e191155b-3232-49bd-bfe9-6bfcf78aa3cb] Routing FlowFile[808,92021833200189.mockFlowFile,23B] to original
[main] DEBUG org.apache.nifi.processors.standard.RouteText - RouteText[id=e191155b-3232-49bd-bfe9-6bfcf78aa3cb] Adding new dynamic property: PropertyDescriptor[simple]
[pool-2728-thread-1] INFO org.apache.nifi.processors.standard.RouteText - RouteText[id=e191155b-3232-49bd-bfe9-6bfcf78aa3cb] Created FlowFile[811,92021833749140.mockFlowFile,23B] from FlowFile[810,92021833749140.mockFlowFile,23B]; routing to relationship simple
[pool-2728-thread-1] INFO org.apache.nifi.processors.standard.RouteText - RouteText[id=e191155b-3232-49bd-bfe9-6bfcf78aa3cb] Routing FlowFile[810,92021833749140.mockFlowFile,23B] to original
[main] DEBUG org.apache.nifi.processors.standard.RouteText - RouteText[id=e191155b-3232-49bd-bfe9-6bfcf78aa3cb] Adding new dynamic property: PropertyDescriptor[simple]
[pool-2729-thread-1] INFO org.apache.nifi.processors.standard.RouteText - RouteText[id=e191155b-3232-49bd-bfe9-6bfcf78aa3cb] Created FlowFile[813,92021834178713.mockFlowFile,23B] from FlowFile[812,92021834178713.mockFlowFile,23B]; routing to relationship simple
[pool-2729-thread-1] INFO org.apache.nifi.processors.standard.RouteText - RouteText[id=e191155b-3232-49bd-bfe9-6bfcf78aa3cb] Routing FlowFile[812,92021834178713.mockFlowFile,23B] to original
[main] DEBUG org.apache.nifi.processors.standard.RouteText - RouteText[id=e191155b-3232-49bd-bfe9-6bfcf78aa3cb] Adding new dynamic property: PropertyDescriptor[simple]
[pool-2730-thread-1] INFO org.apache.nifi.processors.standard.RouteText - RouteText[id=e191155b-3232-49bd-bfe9-6bfcf78aa3cb] Created FlowFile[815,92021834573155.mockFlowFile,23B] from FlowFile[814,92021834573155.mockFlowFile,23B]; routing to relationship simple
[pool-2730-thread-1] INFO org.apache.nifi.processors.standard.RouteText - RouteText[id=e191155b-3232-49bd-bfe9-6bfcf78aa3cb] Routing FlowFile[814,92021834573155.mockFlowFile,23B] to original
[main] DEBUG org.apache.nifi.processors.standard.RouteText - RouteText[id=e191155b-3232-49bd-bfe9-6bfcf78aa3cb] Adding new dynamic property: PropertyDescriptor[simple]
[pool-2731-thread-1] INFO org.apache.nifi.processors.standard.RouteText - RouteText[id=e191155b-3232-49bd-bfe9-6bfcf78aa3cb] Created FlowFile[817,92021834966586.mockFlowFile,23B] from FlowFile[816,92021834966586.mockFlowFile,23B]; routing to relationship simple
[pool-2731-thread-1] INFO org.apache.nifi.processors.standard.RouteText - RouteText[id=e191155b-3232-49bd-bfe9-6bfcf78aa3cb] Routing FlowFile[816,92021834966586.mockFlowFile,23B] to original
[main] DEBUG org.apache.nifi.processors.standard.RouteText - RouteText[id=e191155b-3232-49bd-bfe9-6bfcf78aa3cb] Adding new dynamic property: PropertyDescriptor[simple]
[pool-2732-thread-1] INFO org.apache.nifi.processors.standard.RouteText - RouteText[id=e191155b-3232-49bd-bfe9-6bfcf78aa3cb] Created FlowFile[819,92021835548233.mockFlowFile,23B] from FlowFile[818,92021835548233.mockFlowFile,23B]; routing to relationship simple
[pool-2732-thread-1] INFO org.apache.nifi.processors.standard.RouteText - RouteText[id=e191155b-3232-49bd-bfe9-6bfcf78aa3cb] Routing FlowFile[818,92021835548233.mockFlowFile,23B] to original
[main] DEBUG org.apache.nifi.processors.standard.RouteText - RouteText[id=e191155b-3232-49bd-bfe9-6bfcf78aa3cb] Adding new dynamic property: PropertyDescriptor[simple]
[pool-2733-thread-1] INFO org.apache.nifi.processors.standard.RouteText - RouteText[id=e191155b-3232-49bd-bfe9-6bfcf78aa3cb] Created FlowFile[821,92021836165360.mockFlowFile,23B] from FlowFile[820,92021836165360.mockFlowFile,23B]; routing to relationship simple
[pool-2733-thread-1] INFO org.apache.nifi.processors.standard.RouteText - RouteText[id=e191155b-3232-49bd-bfe9-6bfcf78aa3cb] Routing FlowFile[820,92021836165360.mockFlowFile,23B] to original
[main] DEBUG org.apache.nifi.processors.standard.RouteText - RouteText[id=e191155b-3232-49bd-bfe9-6bfcf78aa3cb] Adding new dynamic property: PropertyDescriptor[simple]
[pool-2734-thread-1] INFO org.apache.nifi.processors.standard.RouteText - RouteText[id=e191155b-3232-49bd-bfe9-6bfcf78aa3cb] Created FlowFile[823,92021836828300.mockFlowFile,23B] from FlowFile[822,92021836828300.mockFlowFile,23B]; routing to relationship simple
[pool-2734-thread-1] INFO org.apache.nifi.processors.standard.RouteText - RouteText[id=e191155b-3232-49bd-bfe9-6bfcf78aa3cb] Routing FlowFile[822,92021836828300.mockFlowFile,23B] to original
[main] DEBUG org.apache.nifi.processors.standard.RouteText - RouteText[id=e191155b-3232-49bd-bfe9-6bfcf78aa3cb] Adding new dynamic property: PropertyDescriptor[simple]
[pool-2735-thread-1] INFO org.apache.nifi.processors.standard.RouteText - RouteText[id=e191155b-3232-49bd-bfe9-6bfcf78aa3cb] Created FlowFile[825,92021837419290.mockFlowFile,23B] from FlowFile[824,92021837419290.mockFlowFile,23B]; routing to relationship simple
[pool-2735-thread-1] INFO org.apache.nifi.processors.standard.RouteText - RouteText[id=e191155b-3232-49bd-bfe9-6bfcf78aa3cb] Routing FlowFile[824,92021837419290.mockFlowFile,23B] to original
[main] DEBUG org.apache.nifi.processors.standard.RouteText - RouteText[id=e191155b-3232-49bd-bfe9-6bfcf78aa3cb] Adding new dynamic property: PropertyDescriptor[simple]
[pool-2736-thread-1] INFO org.apache.nifi.processors.standard.RouteText - RouteText[id=e191155b-3232-49bd-bfe9-6bfcf78aa3cb] Created FlowFile[827,92021838034437.mockFlowFile,23B] from FlowFile[826,92021838034437.mockFlowFile,23B]; routing to relationship simple
[pool-2736-thread-1] INFO org.apache.nifi.processors.standard.RouteText - RouteText[id=e191155b-3232-49bd-bfe9-6bfcf78aa3cb] Routing FlowFile[826,92021838034437.mockFlowFile,23B] to original
[main] DEBUG org.apache.nifi.processors.standard.RouteText - RouteText[id=e191155b-3232-49bd-bfe9-6bfcf78aa3cb] Adding new dynamic property: PropertyDescriptor[simple]
[pool-2737-thread-1] INFO org.apache.nifi.processors.standard.RouteText - RouteText[id=e191155b-3232-49bd-bfe9-6bfcf78aa3cb] Created FlowFile[829,92021838510386.mockFlowFile,23B] from FlowFile[828,92021838510386.mockFlowFile,23B]; routing to relationship simple
[pool-2737-thread-1] INFO org.apache.nifi.processors.standard.RouteText - RouteText[id=e191155b-3232-49bd-bfe9-6bfcf78aa3cb] Routing FlowFile[828,92021838510386.mockFlowFile,23B] to original
[main] DEBUG org.apache.nifi.processors.standard.RouteText - RouteText[id=e191155b-3232-49bd-bfe9-6bfcf78aa3cb] Adding new dynamic property: PropertyDescriptor[simple]
[pool-2738-thread-1] INFO org.apache.nifi.processors.standard.RouteText - RouteText[id=e191155b-3232-49bd-bfe9-6bfcf78aa3cb] Created FlowFile[831,92021838962691.mockFlowFile,23B] from FlowFile[830,92021838962691.mockFlowFile,23B]; routing to relationship simple
[pool-2738-thread-1] INFO org.apache.nifi.processors.standard.RouteText - RouteText[id=e191155b-3232-49bd-bfe9-6bfcf78aa3cb] Routing FlowFile[830,92021838962691.mockFlowFile,23B] to original
[main] DEBUG org.apache.nifi.processors.standard.RouteText - RouteText[id=e191155b-3232-49bd-bfe9-6bfcf78aa3cb] Adding new dynamic property: PropertyDescriptor[simple]
[pool-2739-thread-1] INFO org.apache.nifi.processors.standard.RouteText - RouteText[id=e191155b-3232-49bd-bfe9-6bfcf78aa3cb] Created FlowFile[833,92021839469055.mockFlowFile,23B] from FlowFile[832,92021839469055.mockFlowFile,23B]; routing to relationship simple
[pool-2739-thread-1] INFO org.apache.nifi.processors.standard.RouteText - RouteText[id=e191155b-3232-49bd-bfe9-6bfcf78aa3cb] Routing FlowFile[832,92021839469055.mockFlowFile,23B] to original
[main] DEBUG org.apache.nifi.processors.standard.RouteText - RouteText[id=e191155b-3232-49bd-bfe9-6bfcf78aa3cb] Adding new dynamic property: PropertyDescriptor[simple]
[pool-2740-thread-1] INFO org.apache.nifi.processors.standard.RouteText - RouteText[id=e191155b-3232-49bd-bfe9-6bfcf78aa3cb] Created FlowFile[835,92021839927407.mockFlowFile,23B] from FlowFile[834,92021839927407.mockFlowFile,23B]; routing to relationship simple
[pool-2740-thread-1] INFO org.apache.nifi.processors.standard.RouteText - RouteText[id=e191155b-3232-49bd-bfe9-6bfcf78aa3cb] Routing FlowFile[834,92021839927407.mockFlowFile,23B] to original
[main] DEBUG org.apache.nifi.processors.standard.RouteText - RouteText[id=e191155b-3232-49bd-bfe9-6bfcf78aa3cb] Adding new dynamic property: PropertyDescriptor[simple]
[pool-2741-thread-1] INFO org.apache.nifi.processors.standard.RouteText - RouteText[id=e191155b-3232-49bd-bfe9-6bfcf78aa3cb] Created FlowFile[837,92021840486710.mockFlowFile,23B] from FlowFile[836,92021840486710.mockFlowFile,23B]; routing to relationship simple
[pool-2741-thread-1] INFO org.apache.nifi.processors.standard.RouteText - RouteText[id=e191155b-3232-49bd-bfe9-6bfcf78aa3cb] Routing FlowFile[836,92021840486710.mockFlowFile,23B] to original
[main] DEBUG org.apache.nifi.processors.standard.RouteText - RouteText[id=e191155b-3232-49bd-bfe9-6bfcf78aa3cb] Adding new dynamic property: PropertyDescriptor[simple]
[pool-2742-thread-1] INFO org.apache.nifi.processors.standard.RouteText - RouteText[id=e191155b-3232-49bd-bfe9-6bfcf78aa3cb] Created FlowFile[839,92021841068090.mockFlowFile,23B] from FlowFile[838,92021841068090.mockFlowFile,23B]; routing to relationship simple
[pool-2742-thread-1] INFO org.apache.nifi.processors.standard.RouteText - RouteText[id=e191155b-3232-49bd-bfe9-6bfcf78aa3cb] Routing FlowFile[838,92021841068090.mockFlowFile,23B] to original
[main] DEBUG org.apache.nifi.processors.standard.RouteText - RouteText[id=e191155b-3232-49bd-bfe9-6bfcf78aa3cb] Adding new dynamic property: PropertyDescriptor[simple]
[pool-2743-thread-1] INFO org.apache.nifi.processors.standard.RouteText - RouteText[id=e191155b-3232-49bd-bfe9-6bfcf78aa3cb] Created FlowFile[841,92021841615610.mockFlowFile,23B] from FlowFile[840,92021841615610.mockFlowFile,23B]; routing to relationship simple
[pool-2743-thread-1] INFO org.apache.nifi.processors.standard.RouteText - RouteText[id=e191155b-3232-49bd-bfe9-6bfcf78aa3cb] Routing FlowFile[840,92021841615610.mockFlowFile,23B] to original
[main] DEBUG org.apache.nifi.processors.standard.RouteText - RouteText[id=e191155b-3232-49bd-bfe9-6bfcf78aa3cb] Adding new dynamic property: PropertyDescriptor[simple]
[pool-2744-thread-1] INFO org.apache.nifi.processors.standard.RouteText - RouteText[id=e191155b-3232-49bd-bfe9-6bfcf78aa3cb] Created FlowFile[843,92021842135583.mockFlowFile,23B] from FlowFile[842,92021842135583.mockFlowFile,23B]; routing to relationship simple
[pool-2744-thread-1] INFO org.apache.nifi.processors.standard.RouteText - RouteText[id=e191155b-3232-49bd-bfe9-6bfcf78aa3cb] Routing FlowFile[842,92021842135583.mockFlowFile,23B] to original
[main] DEBUG org.apache.nifi.processors.standard.RouteText - RouteText[id=e191155b-3232-49bd-bfe9-6bfcf78aa3cb] Adding new dynamic property: PropertyDescriptor[simple]
[pool-2745-thread-1] INFO org.apache.nifi.processors.standard.RouteText - RouteText[id=e191155b-3232-49bd-bfe9-6bfcf78aa3cb] Created FlowFile[845,92021842561240.mockFlowFile,23B] from FlowFile[844,92021842561240.mockFlowFile,23B]; routing to relationship simple
[pool-2745-thread-1] INFO org.apache.nifi.processors.standard.RouteText - RouteText[id=e191155b-3232-49bd-bfe9-6bfcf78aa3cb] Routing FlowFile[844,92021842561240.mockFlowFile,23B] to original
[main] DEBUG org.apache.nifi.processors.standard.RouteText - RouteText[id=e191155b-3232-49bd-bfe9-6bfcf78aa3cb] Adding new dynamic property: PropertyDescriptor[simple]
[pool-2746-thread-1] INFO org.apache.nifi.processors.standard.RouteText - RouteText[id=e191155b-3232-49bd-bfe9-6bfcf78aa3cb] Created FlowFile[847,92021842977014.mockFlowFile,23B] from FlowFile[846,92021842977014.mockFlowFile,23B]; routing to relationship simple
[pool-2746-thread-1] INFO org.apache.nifi.processors.standard.RouteText - RouteText[id=e191155b-3232-49bd-bfe9-6bfcf78aa3cb] Routing FlowFile[846,92021842977014.mockFlowFile,23B] to original
[main] DEBUG org.apache.nifi.processors.standard.RouteText - RouteText[id=e191155b-3232-49bd-bfe9-6bfcf78aa3cb] Adding new dynamic property: PropertyDescriptor[simple]
[pool-2747-thread-1] INFO org.apache.nifi.processors.standard.RouteText - RouteText[id=e191155b-3232-49bd-bfe9-6bfcf78aa3cb] Created FlowFile[849,92021843461456.mockFlowFile,23B] from FlowFile[848,92021843461456.mockFlowFile,23B]; routing to relationship simple
[pool-2747-thread-1] INFO org.apache.nifi.processors.standard.RouteText - RouteText[id=e191155b-3232-49bd-bfe9-6bfcf78aa3cb] Routing FlowFile[848,92021843461456.mockFlowFile,23B] to original
[main] DEBUG org.apache.nifi.processors.standard.RouteText - RouteText[id=e191155b-3232-49bd-bfe9-6bfcf78aa3cb] Adding new dynamic property: PropertyDescriptor[simple]
[pool-2748-thread-1] INFO org.apache.nifi.processors.standard.RouteText - RouteText[id=e191155b-3232-49bd-bfe9-6bfcf78aa3cb] Created FlowFile[851,92021843860051.mockFlowFile,23B] from FlowFile[850,92021843860051.mockFlowFile,23B]; routing to relationship simple
[pool-2748-thread-1] INFO org.apache.nifi.processors.standard.RouteText - RouteText[id=e191155b-3232-49bd-bfe9-6bfcf78aa3cb] Routing FlowFile[850,92021843860051.mockFlowFile,23B] to original
[main] DEBUG org.apache.nifi.processors.standard.RouteText - RouteText[id=e191155b-3232-49bd-bfe9-6bfcf78aa3cb] Adding new dynamic property: PropertyDescriptor[simple]
[pool-2749-thread-1] INFO org.apache.nifi.processors.standard.RouteText - RouteText[id=e191155b-3232-49bd-bfe9-6bfcf78aa3cb] Created FlowFile[853,92021844355431.mockFlowFile,23B] from FlowFile[852,92021844355431.mockFlowFile,23B]; routing to relationship simple
[pool-2749-thread-1] INFO org.apache.nifi.processors.standard.RouteText - RouteText[id=e191155b-3232-49bd-bfe9-6bfcf78aa3cb] Routing FlowFile[852,92021844355431.mockFlowFile,23B] to original
[main] DEBUG org.apache.nifi.processors.standard.RouteText - RouteText[id=e191155b-3232-49bd-bfe9-6bfcf78aa3cb] Adding new dynamic property: PropertyDescriptor[simple]
[pool-2750-thread-1] INFO org.apache.nifi.processors.standard.RouteText - RouteText[id=e191155b-3232-49bd-bfe9-6bfcf78aa3cb] Created FlowFile[855,92021844829969.mockFlowFile,23B] from FlowFile[854,92021844829969.mockFlowFile,23B]; routing to relationship simple
[pool-2750-thread-1] INFO org.apache.nifi.processors.standard.RouteText - RouteText[id=e191155b-3232-49bd-bfe9-6bfcf78aa3cb] Routing FlowFile[854,92021844829969.mockFlowFile,23B] to original
[main] DEBUG org.apache.nifi.processors.standard.RouteText - RouteText[id=e191155b-3232-49bd-bfe9-6bfcf78aa3cb] Adding new dynamic property: PropertyDescriptor[simple]
[pool-2751-thread-1] INFO org.apache.nifi.processors.standard.RouteText - RouteText[id=e191155b-3232-49bd-bfe9-6bfcf78aa3cb] Created FlowFile[857,92021845215545.mockFlowFile,23B] from FlowFile[856,92021845215545.mockFlowFile,23B]; routing to relationship simple
[pool-2751-thread-1] INFO org.apache.nifi.processors.standard.RouteText - RouteText[id=e191155b-3232-49bd-bfe9-6bfcf78aa3cb] Routing FlowFile[856,92021845215545.mockFlowFile,23B] to original
[main] DEBUG org.apache.nifi.processors.standard.RouteText - RouteText[id=e191155b-3232-49bd-bfe9-6bfcf78aa3cb] Adding new dynamic property: PropertyDescriptor[simple]
[pool-2752-thread-1] INFO org.apache.nifi.processors.standard.RouteText - RouteText[id=e191155b-3232-49bd-bfe9-6bfcf78aa3cb] Created FlowFile[859,92021845697122.mockFlowFile,23B] from FlowFile[858,92021845697122.mockFlowFile,23B]; routing to relationship simple
[pool-2752-thread-1] INFO org.apache.nifi.processors.standard.RouteText - RouteText[id=e191155b-3232-49bd-bfe9-6bfcf78aa3cb] Routing FlowFile[858,92021845697122.mockFlowFile,23B] to original
[main] DEBUG org.apache.nifi.processors.standard.RouteText - RouteText[id=e191155b-3232-49bd-bfe9-6bfcf78aa3cb] Adding new dynamic property: PropertyDescriptor[simple]
[pool-2753-thread-1] INFO org.apache.nifi.processors.standard.RouteText - RouteText[id=e191155b-3232-49bd-bfe9-6bfcf78aa3cb] Created FlowFile[861,92021846197613.mockFlowFile,23B] from FlowFile[860,92021846197613.mockFlowFile,23B]; routing to relationship simple
[pool-2753-thread-1] INFO org.apache.nifi.processors.standard.RouteText - RouteText[id=e191155b-3232-49bd-bfe9-6bfcf78aa3cb] Routing FlowFile[860,92021846197613.mockFlowFile,23B] to original
[main] DEBUG org.apache.nifi.processors.standard.RouteText - RouteText[id=e191155b-3232-49bd-bfe9-6bfcf78aa3cb] Adding new dynamic property: PropertyDescriptor[simple]
[pool-2754-thread-1] INFO org.apache.nifi.processors.standard.RouteText - RouteText[id=e191155b-3232-49bd-bfe9-6bfcf78aa3cb] Created FlowFile[863,92021846671629.mockFlowFile,23B] from FlowFile[862,92021846671629.mockFlowFile,23B]; routing to relationship simple
[pool-2754-thread-1] INFO org.apache.nifi.processors.standard.RouteText - RouteText[id=e191155b-3232-49bd-bfe9-6bfcf78aa3cb] Routing FlowFile[862,92021846671629.mockFlowFile,23B] to original
[main] DEBUG org.apache.nifi.processors.standard.RouteText - RouteText[id=e191155b-3232-49bd-bfe9-6bfcf78aa3cb] Adding new dynamic property: PropertyDescriptor[simple]
[pool-2755-thread-1] INFO org.apache.nifi.processors.standard.RouteText - RouteText[id=e191155b-3232-49bd-bfe9-6bfcf78aa3cb] Created FlowFile[865,92021847153353.mockFlowFile,23B] from FlowFile[864,92021847153353.mockFlowFile,23B]; routing to relationship simple
[pool-2755-thread-1] INFO org.apache.nifi.processors.standard.RouteText - RouteText[id=e191155b-3232-49bd-bfe9-6bfcf78aa3cb] Routing FlowFile[864,92021847153353.mockFlowFile,23B] to original
[main] DEBUG org.apache.nifi.processors.standard.RouteText - RouteText[id=e191155b-3232-49bd-bfe9-6bfcf78aa3cb] Adding new dynamic property: PropertyDescriptor[simple]
[pool-2756-thread-1] INFO org.apache.nifi.processors.standard.RouteText - RouteText[id=e191155b-3232-49bd-bfe9-6bfcf78aa3cb] Created FlowFile[867,92021847707606.mockFlowFile,23B] from FlowFile[866,92021847707606.mockFlowFile,23B]; routing to relationship simple
[pool-2756-thread-1] INFO org.apache.nifi.processors.standard.RouteText - RouteText[id=e191155b-3232-49bd-bfe9-6bfcf78aa3cb] Routing FlowFile[866,92021847707606.mockFlowFile,23B] to original
[main] DEBUG org.apache.nifi.processors.standard.RouteText - RouteText[id=e191155b-3232-49bd-bfe9-6bfcf78aa3cb] Adding new dynamic property: PropertyDescriptor[simple]
[pool-2757-thread-1] INFO org.apache.nifi.processors.standard.RouteText - RouteText[id=e191155b-3232-49bd-bfe9-6bfcf78aa3cb] Created FlowFile[869,92021848175283.mockFlowFile,23B] from FlowFile[868,92021848175283.mockFlowFile,23B]; routing to relationship simple
[pool-2757-thread-1] INFO org.apache.nifi.processors.standard.RouteText - RouteText[id=e191155b-3232-49bd-bfe9-6bfcf78aa3cb] Routing FlowFile[868,92021848175283.mockFlowFile,23B] to original
[main] DEBUG org.apache.nifi.processors.standard.RouteText - RouteText[id=e191155b-3232-49bd-bfe9-6bfcf78aa3cb] Adding new dynamic property: PropertyDescriptor[simple]
[pool-2758-thread-1] INFO org.apache.nifi.processors.standard.RouteText - RouteText[id=e191155b-3232-49bd-bfe9-6bfcf78aa3cb] Created FlowFile[871,92021848762581.mockFlowFile,23B] from FlowFile[870,92021848762581.mockFlowFile,23B]; routing to relationship simple
[pool-2758-thread-1] INFO org.apache.nifi.processors.standard.RouteText - RouteText[id=e191155b-3232-49bd-bfe9-6bfcf78aa3cb] Routing FlowFile[870,92021848762581.mockFlowFile,23B] to original
[main] DEBUG org.apache.nifi.processors.standard.RouteText - RouteText[id=e191155b-3232-49bd-bfe9-6bfcf78aa3cb] Adding new dynamic property: PropertyDescriptor[simple]
[pool-2759-thread-1] INFO org.apache.nifi.processors.standard.RouteText - RouteText[id=e191155b-3232-49bd-bfe9-6bfcf78aa3cb] Created FlowFile[873,92021849338441.mockFlowFile,23B] from FlowFile[872,92021849338441.mockFlowFile,23B]; routing to relationship simple
[pool-2759-thread-1] INFO org.apache.nifi.processors.standard.RouteText - RouteText[id=e191155b-3232-49bd-bfe9-6bfcf78aa3cb] Routing FlowFile[872,92021849338441.mockFlowFile,23B] to original
[main] DEBUG org.apache.nifi.processors.standard.RouteText - RouteText[id=e191155b-3232-49bd-bfe9-6bfcf78aa3cb] Adding new dynamic property: PropertyDescriptor[simple]
[pool-2760-thread-1] INFO org.apache.nifi.processors.standard.RouteText - RouteText[id=e191155b-3232-49bd-bfe9-6bfcf78aa3cb] Created FlowFile[875,92021849868849.mockFlowFile,23B] from FlowFile[874,92021849868849.mockFlowFile,23B]; routing to relationship simple
[pool-2760-thread-1] INFO org.apache.nifi.processors.standard.RouteText - RouteText[id=e191155b-3232-49bd-bfe9-6bfcf78aa3cb] Routing FlowFile[874,92021849868849.mockFlowFile,23B] to original
[main] DEBUG org.apache.nifi.processors.standard.RouteText - RouteText[id=e191155b-3232-49bd-bfe9-6bfcf78aa3cb] Adding new dynamic property: PropertyDescriptor[simple]
[pool-2761-thread-1] INFO org.apache.nifi.processors.standard.RouteText - RouteText[id=e191155b-3232-49bd-bfe9-6bfcf78aa3cb] Created FlowFile[877,92021850374316.mockFlowFile,23B] from FlowFile[876,92021850374316.mockFlowFile,23B]; routing to relationship simple
[pool-2761-thread-1] INFO org.apache.nifi.processors.standard.RouteText - RouteText[id=e191155b-3232-49bd-bfe9-6bfcf78aa3cb] Routing FlowFile[876,92021850374316.mockFlowFile,23B] to original
[main] DEBUG org.apache.nifi.processors.standard.RouteText - RouteText[id=e191155b-3232-49bd-bfe9-6bfcf78aa3cb] Adding new dynamic property: PropertyDescriptor[simple]
[pool-2762-thread-1] INFO org.apache.nifi.processors.standard.RouteText - RouteText[id=e191155b-3232-49bd-bfe9-6bfcf78aa3cb] Created FlowFile[879,92021850777005.mockFlowFile,23B] from FlowFile[878,92021850777005.mockFlowFile,23B]; routing to relationship simple
[pool-2762-thread-1] INFO org.apache.nifi.processors.standard.RouteText - RouteText[id=e191155b-3232-49bd-bfe9-6bfcf78aa3cb] Routing FlowFile[878,92021850777005.mockFlowFile,23B] to original
[main] DEBUG org.apache.nifi.processors.standard.RouteText - RouteText[id=e191155b-3232-49bd-bfe9-6bfcf78aa3cb] Adding new dynamic property: PropertyDescriptor[simple]
[pool-2763-thread-1] INFO org.apache.nifi.processors.standard.RouteText - RouteText[id=e191155b-3232-49bd-bfe9-6bfcf78aa3cb] Created FlowFile[881,92021851295626.mockFlowFile,23B] from FlowFile[880,92021851295626.mockFlowFile,23B]; routing to relationship simple
[pool-2763-thread-1] INFO org.apache.nifi.processors.standard.RouteText - RouteText[id=e191155b-3232-49bd-bfe9-6bfcf78aa3cb] Routing FlowFile[880,92021851295626.mockFlowFile,23B] to original
[main] DEBUG org.apache.nifi.processors.standard.RouteText - RouteText[id=e191155b-3232-49bd-bfe9-6bfcf78aa3cb] Adding new dynamic property: PropertyDescriptor[simple]
[pool-2764-thread-1] INFO org.apache.nifi.processors.standard.RouteText - RouteText[id=e191155b-3232-49bd-bfe9-6bfcf78aa3cb] Created FlowFile[883,92021851814052.mockFlowFile,23B] from FlowFile[882,92021851814052.mockFlowFile,23B]; routing to relationship simple
[pool-2764-thread-1] INFO org.apache.nifi.processors.standard.RouteText - RouteText[id=e191155b-3232-49bd-bfe9-6bfcf78aa3cb] Routing FlowFile[882,92021851814052.mockFlowFile,23B] to original
[main] DEBUG org.apache.nifi.processors.standard.RouteText - RouteText[id=e191155b-3232-49bd-bfe9-6bfcf78aa3cb] Adding new dynamic property: PropertyDescriptor[simple]
[pool-2765-thread-1] INFO org.apache.nifi.processors.standard.RouteText - RouteText[id=e191155b-3232-49bd-bfe9-6bfcf78aa3cb] Created FlowFile[885,92021852381447.mockFlowFile,23B] from FlowFile[884,92021852381447.mockFlowFile,23B]; routing to relationship simple
[pool-2765-thread-1] INFO org.apache.nifi.processors.standard.RouteText - RouteText[id=e191155b-3232-49bd-bfe9-6bfcf78aa3cb] Routing FlowFile[884,92021852381447.mockFlowFile,23B] to original
[main] DEBUG org.apache.nifi.processors.standard.RouteText - RouteText[id=e191155b-3232-49bd-bfe9-6bfcf78aa3cb] Adding new dynamic property: PropertyDescriptor[simple]
[pool-2766-thread-1] INFO org.apache.nifi.processors.standard.RouteText - RouteText[id=e191155b-3232-49bd-bfe9-6bfcf78aa3cb] Created FlowFile[887,92021852898150.mockFlowFile,23B] from FlowFile[886,92021852898150.mockFlowFile,23B]; routing to relationship simple
[pool-2766-thread-1] INFO org.apache.nifi.processors.standard.RouteText - RouteText[id=e191155b-3232-49bd-bfe9-6bfcf78aa3cb] Routing FlowFile[886,92021852898150.mockFlowFile,23B] to original
[main] DEBUG org.apache.nifi.processors.standard.RouteText - RouteText[id=e191155b-3232-49bd-bfe9-6bfcf78aa3cb] Adding new dynamic property: PropertyDescriptor[simple]
[pool-2767-thread-1] INFO org.apache.nifi.processors.standard.RouteText - RouteText[id=e191155b-3232-49bd-bfe9-6bfcf78aa3cb] Created FlowFile[889,92021853394631.mockFlowFile,23B] from FlowFile[888,92021853394631.mockFlowFile,23B]; routing to relationship simple
[pool-2767-thread-1] INFO org.apache.nifi.processors.standard.RouteText - RouteText[id=e191155b-3232-49bd-bfe9-6bfcf78aa3cb] Routing FlowFile[888,92021853394631.mockFlowFile,23B] to original
[main] DEBUG org.apache.nifi.processors.standard.RouteText - RouteText[id=e191155b-3232-49bd-bfe9-6bfcf78aa3cb] Adding new dynamic property: PropertyDescriptor[simple]
[pool-2768-thread-1] INFO org.apache.nifi.processors.standard.RouteText - RouteText[id=e191155b-3232-49bd-bfe9-6bfcf78aa3cb] Created FlowFile[891,92021853899378.mockFlowFile,23B] from FlowFile[890,92021853899378.mockFlowFile,23B]; routing to relationship simple
[pool-2768-thread-1] INFO org.apache.nifi.processors.standard.RouteText - RouteText[id=e191155b-3232-49bd-bfe9-6bfcf78aa3cb] Routing FlowFile[890,92021853899378.mockFlowFile,23B] to original
[main] DEBUG org.apache.nifi.processors.standard.RouteText - RouteText[id=e191155b-3232-49bd-bfe9-6bfcf78aa3cb] Adding new dynamic property: PropertyDescriptor[simple]
[pool-2769-thread-1] INFO org.apache.nifi.processors.standard.RouteText - RouteText[id=e191155b-3232-49bd-bfe9-6bfcf78aa3cb] Created FlowFile[893,92021854281517.mockFlowFile,23B] from FlowFile[892,92021854281517.mockFlowFile,23B]; routing to relationship simple
[pool-2769-thread-1] INFO org.apache.nifi.processors.standard.RouteText - RouteText[id=e191155b-3232-49bd-bfe9-6bfcf78aa3cb] Routing FlowFile[892,92021854281517.mockFlowFile,23B] to original
[main] DEBUG org.apache.nifi.processors.standard.RouteText - RouteText[id=e191155b-3232-49bd-bfe9-6bfcf78aa3cb] Adding new dynamic property: PropertyDescriptor[simple]
[pool-2770-thread-1] INFO org.apache.nifi.processors.standard.RouteText - RouteText[id=e191155b-3232-49bd-bfe9-6bfcf78aa3cb] Created FlowFile[895,92021854662944.mockFlowFile,23B] from FlowFile[894,92021854662944.mockFlowFile,23B]; routing to relationship simple
[pool-2770-thread-1] INFO org.apache.nifi.processors.standard.RouteText - RouteText[id=e191155b-3232-49bd-bfe9-6bfcf78aa3cb] Routing FlowFile[894,92021854662944.mockFlowFile,23B] to original
[main] DEBUG org.apache.nifi.processors.standard.RouteText - RouteText[id=e191155b-3232-49bd-bfe9-6bfcf78aa3cb] Adding new dynamic property: PropertyDescriptor[simple]
[pool-2771-thread-1] INFO org.apache.nifi.processors.standard.RouteText - RouteText[id=e191155b-3232-49bd-bfe9-6bfcf78aa3cb] Created FlowFile[897,92021855047268.mockFlowFile,23B] from FlowFile[896,92021855047268.mockFlowFile,23B]; routing to relationship simple
[pool-2771-thread-1] INFO org.apache.nifi.processors.standard.RouteText - RouteText[id=e191155b-3232-49bd-bfe9-6bfcf78aa3cb] Routing FlowFile[896,92021855047268.mockFlowFile,23B] to original
[main] DEBUG org.apache.nifi.processors.standard.RouteText - RouteText[id=e191155b-3232-49bd-bfe9-6bfcf78aa3cb] Adding new dynamic property: PropertyDescriptor[simple]
[pool-2772-thread-1] INFO org.apache.nifi.processors.standard.RouteText - RouteText[id=e191155b-3232-49bd-bfe9-6bfcf78aa3cb] Created FlowFile[899,92021855679310.mockFlowFile,23B] from FlowFile[898,92021855679310.mockFlowFile,23B]; routing to relationship simple
[pool-2772-thread-1] INFO org.apache.nifi.processors.standard.RouteText - RouteText[id=e191155b-3232-49bd-bfe9-6bfcf78aa3cb] Routing FlowFile[898,92021855679310.mockFlowFile,23B] to original
[main] DEBUG org.apache.nifi.processors.standard.RouteText - RouteText[id=e191155b-3232-49bd-bfe9-6bfcf78aa3cb] Adding new dynamic property: PropertyDescriptor[simple]
[pool-2773-thread-1] INFO org.apache.nifi.processors.standard.RouteText - RouteText[id=e191155b-3232-49bd-bfe9-6bfcf78aa3cb] Created FlowFile[901,92021856205587.mockFlowFile,23B] from FlowFile[900,92021856205587.mockFlowFile,23B]; routing to relationship simple
[pool-2773-thread-1] INFO org.apache.nifi.processors.standard.RouteText - RouteText[id=e191155b-3232-49bd-bfe9-6bfcf78aa3cb] Routing FlowFile[900,92021856205587.mockFlowFile,23B] to original
[main] DEBUG org.apache.nifi.processors.standard.RouteText - RouteText[id=e191155b-3232-49bd-bfe9-6bfcf78aa3cb] Adding new dynamic property: PropertyDescriptor[simple]
[pool-2774-thread-1] INFO org.apache.nifi.processors.standard.RouteText - RouteText[id=e191155b-3232-49bd-bfe9-6bfcf78aa3cb] Created FlowFile[903,92021856795686.mockFlowFile,23B] from FlowFile[902,92021856795686.mockFlowFile,23B]; routing to relationship simple
[pool-2774-thread-1] INFO org.apache.nifi.processors.standard.RouteText - RouteText[id=e191155b-3232-49bd-bfe9-6bfcf78aa3cb] Routing FlowFile[902,92021856795686.mockFlowFile,23B] to original
[main] DEBUG org.apache.nifi.processors.standard.RouteText - RouteText[id=e191155b-3232-49bd-bfe9-6bfcf78aa3cb] Adding new dynamic property: PropertyDescriptor[simple]
[pool-2775-thread-1] INFO org.apache.nifi.processors.standard.RouteText - RouteText[id=e191155b-3232-49bd-bfe9-6bfcf78aa3cb] Created FlowFile[905,92021857511850.mockFlowFile,23B] from FlowFile[904,92021857511850.mockFlowFile,23B]; routing to relationship simple
[pool-2775-thread-1] INFO org.apache.nifi.processors.standard.RouteText - RouteText[id=e191155b-3232-49bd-bfe9-6bfcf78aa3cb] Routing FlowFile[904,92021857511850.mockFlowFile,23B] to original
[main] DEBUG org.apache.nifi.processors.standard.RouteText - RouteText[id=e191155b-3232-49bd-bfe9-6bfcf78aa3cb] Adding new dynamic property: PropertyDescriptor[simple]
[pool-2776-thread-1] INFO org.apache.nifi.processors.standard.RouteText - RouteText[id=e191155b-3232-49bd-bfe9-6bfcf78aa3cb] Created FlowFile[907,92021858114322.mockFlowFile,23B] from FlowFile[906,92021858114322.mockFlowFile,23B]; routing to relationship simple
[pool-2776-thread-1] INFO org.apache.nifi.processors.standard.RouteText - RouteText[id=e191155b-3232-49bd-bfe9-6bfcf78aa3cb] Routing FlowFile[906,92021858114322.mockFlowFile,23B] to original
[main] DEBUG org.apache.nifi.processors.standard.RouteText - RouteText[id=e191155b-3232-49bd-bfe9-6bfcf78aa3cb] Adding new dynamic property: PropertyDescriptor[simple]
[pool-2777-thread-1] INFO org.apache.nifi.processors.standard.RouteText - RouteText[id=e191155b-3232-49bd-bfe9-6bfcf78aa3cb] Created FlowFile[909,92021858641255.mockFlowFile,23B] from FlowFile[908,92021858641255.mockFlowFile,23B]; routing to relationship simple
[pool-2777-thread-1] INFO org.apache.nifi.processors.standard.RouteText - RouteText[id=e191155b-3232-49bd-bfe9-6bfcf78aa3cb] Routing FlowFile[908,92021858641255.mockFlowFile,23B] to original
[main] DEBUG org.apache.nifi.processors.standard.RouteText - RouteText[id=e191155b-3232-49bd-bfe9-6bfcf78aa3cb] Adding new dynamic property: PropertyDescriptor[simple]
[pool-2778-thread-1] INFO org.apache.nifi.processors.standard.RouteText - RouteText[id=e191155b-3232-49bd-bfe9-6bfcf78aa3cb] Created FlowFile[911,92021859198473.mockFlowFile,23B] from FlowFile[910,92021859198473.mockFlowFile,23B]; routing to relationship simple
[pool-2778-thread-1] INFO org.apache.nifi.processors.standard.RouteText - RouteText[id=e191155b-3232-49bd-bfe9-6bfcf78aa3cb] Routing FlowFile[910,92021859198473.mockFlowFile,23B] to original
[main] DEBUG org.apache.nifi.processors.standard.RouteText - RouteText[id=e191155b-3232-49bd-bfe9-6bfcf78aa3cb] Adding new dynamic property: PropertyDescriptor[simple]
[pool-2779-thread-1] INFO org.apache.nifi.processors.standard.RouteText - RouteText[id=e191155b-3232-49bd-bfe9-6bfcf78aa3cb] Created FlowFile[913,92021859706761.mockFlowFile,23B] from FlowFile[912,92021859706761.mockFlowFile,23B]; routing to relationship simple
[pool-2779-thread-1] INFO org.apache.nifi.processors.standard.RouteText - RouteText[id=e191155b-3232-49bd-bfe9-6bfcf78aa3cb] Routing FlowFile[912,92021859706761.mockFlowFile,23B] to original
[main] DEBUG org.apache.nifi.processors.standard.RouteText - RouteText[id=e191155b-3232-49bd-bfe9-6bfcf78aa3cb] Adding new dynamic property: PropertyDescriptor[simple]
[pool-2780-thread-1] INFO org.apache.nifi.processors.standard.RouteText - RouteText[id=e191155b-3232-49bd-bfe9-6bfcf78aa3cb] Created FlowFile[915,92021860339923.mockFlowFile,23B] from FlowFile[914,92021860339923.mockFlowFile,23B]; routing to relationship simple
[pool-2780-thread-1] INFO org.apache.nifi.processors.standard.RouteText - RouteText[id=e191155b-3232-49bd-bfe9-6bfcf78aa3cb] Routing FlowFile[914,92021860339923.mockFlowFile,23B] to original
[main] DEBUG org.apache.nifi.processors.standard.RouteText - RouteText[id=e191155b-3232-49bd-bfe9-6bfcf78aa3cb] Adding new dynamic property: PropertyDescriptor[simple]
[pool-2781-thread-1] INFO org.apache.nifi.processors.standard.RouteText - RouteText[id=e191155b-3232-49bd-bfe9-6bfcf78aa3cb] Created FlowFile[917,92021860932638.mockFlowFile,23B] from FlowFile[916,92021860932638.mockFlowFile,23B]; routing to relationship simple
[pool-2781-thread-1] INFO org.apache.nifi.processors.standard.RouteText - RouteText[id=e191155b-3232-49bd-bfe9-6bfcf78aa3cb] Routing FlowFile[916,92021860932638.mockFlowFile,23B] to original
[main] DEBUG org.apache.nifi.processors.standard.RouteText - RouteText[id=e191155b-3232-49bd-bfe9-6bfcf78aa3cb] Adding new dynamic property: PropertyDescriptor[simple]
[pool-2782-thread-1] INFO org.apache.nifi.processors.standard.RouteText - RouteText[id=e191155b-3232-49bd-bfe9-6bfcf78aa3cb] Created FlowFile[919,92021861463871.mockFlowFile,23B] from FlowFile[918,92021861463871.mockFlowFile,23B]; routing to relationship simple
[pool-2782-thread-1] INFO org.apache.nifi.processors.standard.RouteText - RouteText[id=e191155b-3232-49bd-bfe9-6bfcf78aa3cb] Routing FlowFile[918,92021861463871.mockFlowFile,23B] to original
[main] DEBUG org.apache.nifi.processors.standard.RouteText - RouteText[id=e191155b-3232-49bd-bfe9-6bfcf78aa3cb] Adding new dynamic property: PropertyDescriptor[simple]
[pool-2783-thread-1] INFO org.apache.nifi.processors.standard.RouteText - RouteText[id=e191155b-3232-49bd-bfe9-6bfcf78aa3cb] Created FlowFile[921,92021861969270.mockFlowFile,23B] from FlowFile[920,92021861969270.mockFlowFile,23B]; routing to relationship simple
[pool-2783-thread-1] INFO org.apache.nifi.processors.standard.RouteText - RouteText[id=e191155b-3232-49bd-bfe9-6bfcf78aa3cb] Routing FlowFile[920,92021861969270.mockFlowFile,23B] to original
[main] DEBUG org.apache.nifi.processors.standard.RouteText - RouteText[id=e191155b-3232-49bd-bfe9-6bfcf78aa3cb] Adding new dynamic property: PropertyDescriptor[simple]
[pool-2784-thread-1] INFO org.apache.nifi.processors.standard.RouteText - RouteText[id=e191155b-3232-49bd-bfe9-6bfcf78aa3cb] Created FlowFile[923,92021862518540.mockFlowFile,23B] from FlowFile[922,92021862518540.mockFlowFile,23B]; routing to relationship simple
[pool-2784-thread-1] INFO org.apache.nifi.processors.standard.RouteText - RouteText[id=e191155b-3232-49bd-bfe9-6bfcf78aa3cb] Routing FlowFile[922,92021862518540.mockFlowFile,23B] to original
[main] DEBUG org.apache.nifi.processors.standard.RouteText - RouteText[id=e191155b-3232-49bd-bfe9-6bfcf78aa3cb] Adding new dynamic property: PropertyDescriptor[simple]
[pool-2785-thread-1] INFO org.apache.nifi.processors.standard.RouteText - RouteText[id=e191155b-3232-49bd-bfe9-6bfcf78aa3cb] Created FlowFile[925,92021863070659.mockFlowFile,23B] from FlowFile[924,92021863070659.mockFlowFile,23B]; routing to relationship simple
[pool-2785-thread-1] INFO org.apache.nifi.processors.standard.RouteText - RouteText[id=e191155b-3232-49bd-bfe9-6bfcf78aa3cb] Routing FlowFile[924,92021863070659.mockFlowFile,23B] to original
[main] DEBUG org.apache.nifi.processors.standard.RouteText - RouteText[id=e191155b-3232-49bd-bfe9-6bfcf78aa3cb] Adding new dynamic property: PropertyDescriptor[simple]
[pool-2786-thread-1] INFO org.apache.nifi.processors.standard.RouteText - RouteText[id=e191155b-3232-49bd-bfe9-6bfcf78aa3cb] Created FlowFile[927,92021863551404.mockFlowFile,23B] from FlowFile[926,92021863551404.mockFlowFile,23B]; routing to relationship simple
[pool-2786-thread-1] INFO org.apache.nifi.processors.standard.RouteText - RouteText[id=e191155b-3232-49bd-bfe9-6bfcf78aa3cb] Routing FlowFile[926,92021863551404.mockFlowFile,23B] to original
[main] DEBUG org.apache.nifi.processors.standard.RouteText - RouteText[id=e191155b-3232-49bd-bfe9-6bfcf78aa3cb] Adding new dynamic property: PropertyDescriptor[simple]
[pool-2787-thread-1] INFO org.apache.nifi.processors.standard.RouteText - RouteText[id=e191155b-3232-49bd-bfe9-6bfcf78aa3cb] Created FlowFile[929,92021864078775.mockFlowFile,23B] from FlowFile[928,92021864078775.mockFlowFile,23B]; routing to relationship simple
[pool-2787-thread-1] INFO org.apache.nifi.processors.standard.RouteText - RouteText[id=e191155b-3232-49bd-bfe9-6bfcf78aa3cb] Routing FlowFile[928,92021864078775.mockFlowFile,23B] to original
[main] DEBUG org.apache.nifi.processors.standard.RouteText - RouteText[id=e191155b-3232-49bd-bfe9-6bfcf78aa3cb] Adding new dynamic property: PropertyDescriptor[simple]
[pool-2788-thread-1] INFO org.apache.nifi.processors.standard.RouteText - RouteText[id=e191155b-3232-49bd-bfe9-6bfcf78aa3cb] Created FlowFile[931,92021864614764.mockFlowFile,23B] from FlowFile[930,92021864614764.mockFlowFile,23B]; routing to relationship simple
[pool-2788-thread-1] INFO org.apache.nifi.processors.standard.RouteText - RouteText[id=e191155b-3232-49bd-bfe9-6bfcf78aa3cb] Routing FlowFile[930,92021864614764.mockFlowFile,23B] to original
[main] DEBUG org.apache.nifi.processors.standard.RouteText - RouteText[id=e191155b-3232-49bd-bfe9-6bfcf78aa3cb] Adding new dynamic property: PropertyDescriptor[simple]
[pool-2789-thread-1] INFO org.apache.nifi.processors.standard.RouteText - RouteText[id=e191155b-3232-49bd-bfe9-6bfcf78aa3cb] Created FlowFile[933,92021865115314.mockFlowFile,23B] from FlowFile[932,92021865115314.mockFlowFile,23B]; routing to relationship simple
[pool-2789-thread-1] INFO org.apache.nifi.processors.standard.RouteText - RouteText[id=e191155b-3232-49bd-bfe9-6bfcf78aa3cb] Routing FlowFile[932,92021865115314.mockFlowFile,23B] to original
[main] DEBUG org.apache.nifi.processors.standard.RouteText - RouteText[id=e191155b-3232-49bd-bfe9-6bfcf78aa3cb] Adding new dynamic property: PropertyDescriptor[simple]
[pool-2790-thread-1] INFO org.apache.nifi.processors.standard.RouteText - RouteText[id=e191155b-3232-49bd-bfe9-6bfcf78aa3cb] Created FlowFile[935,92021865613966.mockFlowFile,23B] from FlowFile[934,92021865613966.mockFlowFile,23B]; routing to relationship simple
[pool-2790-thread-1] INFO org.apache.nifi.processors.standard.RouteText - RouteText[id=e191155b-3232-49bd-bfe9-6bfcf78aa3cb] Routing FlowFile[934,92021865613966.mockFlowFile,23B] to original
[main] DEBUG org.apache.nifi.processors.standard.RouteText - RouteText[id=e191155b-3232-49bd-bfe9-6bfcf78aa3cb] Adding new dynamic property: PropertyDescriptor[simple]
[pool-2791-thread-1] INFO org.apache.nifi.processors.standard.RouteText - RouteText[id=e191155b-3232-49bd-bfe9-6bfcf78aa3cb] Created FlowFile[937,92021866112220.mockFlowFile,23B] from FlowFile[936,92021866112220.mockFlowFile,23B]; routing to relationship simple
[pool-2791-thread-1] INFO org.apache.nifi.processors.standard.RouteText - RouteText[id=e191155b-3232-49bd-bfe9-6bfcf78aa3cb] Routing FlowFile[936,92021866112220.mockFlowFile,23B] to original
[main] DEBUG org.apache.nifi.processors.standard.RouteText - RouteText[id=e191155b-3232-49bd-bfe9-6bfcf78aa3cb] Adding new dynamic property: PropertyDescriptor[simple]
[pool-2792-thread-1] INFO org.apache.nifi.processors.standard.RouteText - RouteText[id=e191155b-3232-49bd-bfe9-6bfcf78aa3cb] Created FlowFile[939,92021866606970.mockFlowFile,23B] from FlowFile[938,92021866606970.mockFlowFile,23B]; routing to relationship simple
[pool-2792-thread-1] INFO org.apache.nifi.processors.standard.RouteText - RouteText[id=e191155b-3232-49bd-bfe9-6bfcf78aa3cb] Routing FlowFile[938,92021866606970.mockFlowFile,23B] to original
[main] DEBUG org.apache.nifi.processors.standard.RouteText - RouteText[id=e191155b-3232-49bd-bfe9-6bfcf78aa3cb] Adding new dynamic property: PropertyDescriptor[simple]
[pool-2793-thread-1] INFO org.apache.nifi.processors.standard.RouteText - RouteText[id=e191155b-3232-49bd-bfe9-6bfcf78aa3cb] Created FlowFile[941,92021867103059.mockFlowFile,23B] from FlowFile[940,92021867103059.mockFlowFile,23B]; routing to relationship simple
[pool-2793-thread-1] INFO org.apache.nifi.processors.standard.RouteText - RouteText[id=e191155b-3232-49bd-bfe9-6bfcf78aa3cb] Routing FlowFile[940,92021867103059.mockFlowFile,23B] to original
[main] DEBUG org.apache.nifi.processors.standard.RouteText - RouteText[id=e191155b-3232-49bd-bfe9-6bfcf78aa3cb] Adding new dynamic property: PropertyDescriptor[simple]
[pool-2794-thread-1] INFO org.apache.nifi.processors.standard.RouteText - RouteText[id=e191155b-3232-49bd-bfe9-6bfcf78aa3cb] Created FlowFile[943,92021867547458.mockFlowFile,23B] from FlowFile[942,92021867547458.mockFlowFile,23B]; routing to relationship simple
[pool-2794-thread-1] INFO org.apache.nifi.processors.standard.RouteText - RouteText[id=e191155b-3232-49bd-bfe9-6bfcf78aa3cb] Routing FlowFile[942,92021867547458.mockFlowFile,23B] to original
[main] DEBUG org.apache.nifi.processors.standard.RouteText - RouteText[id=e191155b-3232-49bd-bfe9-6bfcf78aa3cb] Adding new dynamic property: PropertyDescriptor[simple]
[pool-2795-thread-1] INFO org.apache.nifi.processors.standard.RouteText - RouteText[id=e191155b-3232-49bd-bfe9-6bfcf78aa3cb] Created FlowFile[945,92021868130638.mockFlowFile,23B] from FlowFile[944,92021868130638.mockFlowFile,23B]; routing to relationship simple
[pool-2795-thread-1] INFO org.apache.nifi.processors.standard.RouteText - RouteText[id=e191155b-3232-49bd-bfe9-6bfcf78aa3cb] Routing FlowFile[944,92021868130638.mockFlowFile,23B] to original
[main] DEBUG org.apache.nifi.processors.standard.RouteText - RouteText[id=e191155b-3232-49bd-bfe9-6bfcf78aa3cb] Adding new dynamic property: PropertyDescriptor[simple]
[pool-2796-thread-1] INFO org.apache.nifi.processors.standard.RouteText - RouteText[id=e191155b-3232-49bd-bfe9-6bfcf78aa3cb] Created FlowFile[947,92021868821926.mockFlowFile,23B] from FlowFile[946,92021868821926.mockFlowFile,23B]; routing to relationship simple
[pool-2796-thread-1] INFO org.apache.nifi.processors.standard.RouteText - RouteText[id=e191155b-3232-49bd-bfe9-6bfcf78aa3cb] Routing FlowFile[946,92021868821926.mockFlowFile,23B] to original
[main] DEBUG org.apache.nifi.processors.standard.RouteText - RouteText[id=e191155b-3232-49bd-bfe9-6bfcf78aa3cb] Adding new dynamic property: PropertyDescriptor[simple]
[pool-2797-thread-1] INFO org.apache.nifi.processors.standard.RouteText - RouteText[id=e191155b-3232-49bd-bfe9-6bfcf78aa3cb] Created FlowFile[949,92021869373764.mockFlowFile,23B] from FlowFile[948,92021869373764.mockFlowFile,23B]; routing to relationship simple
[pool-2797-thread-1] INFO org.apache.nifi.processors.standard.RouteText - RouteText[id=e191155b-3232-49bd-bfe9-6bfcf78aa3cb] Routing FlowFile[948,92021869373764.mockFlowFile,23B] to original
[main] DEBUG org.apache.nifi.processors.standard.RouteText - RouteText[id=e191155b-3232-49bd-bfe9-6bfcf78aa3cb] Adding new dynamic property: PropertyDescriptor[simple]
[pool-2798-thread-1] INFO org.apache.nifi.processors.standard.RouteText - RouteText[id=e191155b-3232-49bd-bfe9-6bfcf78aa3cb] Created FlowFile[951,92021869927896.mockFlowFile,23B] from FlowFile[950,92021869927896.mockFlowFile,23B]; routing to relationship simple
[pool-2798-thread-1] INFO org.apache.nifi.processors.standard.RouteText - RouteText[id=e191155b-3232-49bd-bfe9-6bfcf78aa3cb] Routing FlowFile[950,92021869927896.mockFlowFile,23B] to original
[main] DEBUG org.apache.nifi.processors.standard.RouteText - RouteText[id=e191155b-3232-49bd-bfe9-6bfcf78aa3cb] Adding new dynamic property: PropertyDescriptor[simple]
[pool-2799-thread-1] INFO org.apache.nifi.processors.standard.RouteText - RouteText[id=e191155b-3232-49bd-bfe9-6bfcf78aa3cb] Created FlowFile[953,92021870451152.mockFlowFile,23B] from FlowFile[952,92021870451152.mockFlowFile,23B]; routing to relationship simple
[pool-2799-thread-1] INFO org.apache.nifi.processors.standard.RouteText - RouteText[id=e191155b-3232-49bd-bfe9-6bfcf78aa3cb] Routing FlowFile[952,92021870451152.mockFlowFile,23B] to original
[main] DEBUG org.apache.nifi.processors.standard.RouteText - RouteText[id=e191155b-3232-49bd-bfe9-6bfcf78aa3cb] Adding new dynamic property: PropertyDescriptor[simple]
[pool-2800-thread-1] INFO org.apache.nifi.processors.standard.RouteText - RouteText[id=e191155b-3232-49bd-bfe9-6bfcf78aa3cb] Created FlowFile[955,92021871028659.mockFlowFile,23B] from FlowFile[954,92021871028659.mockFlowFile,23B]; routing to relationship simple
[pool-2800-thread-1] INFO org.apache.nifi.processors.standard.RouteText - RouteText[id=e191155b-3232-49bd-bfe9-6bfcf78aa3cb] Routing FlowFile[954,92021871028659.mockFlowFile,23B] to original
[main] DEBUG org.apache.nifi.processors.standard.RouteText - RouteText[id=e191155b-3232-49bd-bfe9-6bfcf78aa3cb] Adding new dynamic property: PropertyDescriptor[simple]
[pool-2801-thread-1] INFO org.apache.nifi.processors.standard.RouteText - RouteText[id=e191155b-3232-49bd-bfe9-6bfcf78aa3cb] Created FlowFile[957,92021871498089.mockFlowFile,23B] from FlowFile[956,92021871498089.mockFlowFile,23B]; routing to relationship simple
[pool-2801-thread-1] INFO org.apache.nifi.processors.standard.RouteText - RouteText[id=e191155b-3232-49bd-bfe9-6bfcf78aa3cb] Routing FlowFile[956,92021871498089.mockFlowFile,23B] to original
[main] DEBUG org.apache.nifi.processors.standard.RouteText - RouteText[id=e191155b-3232-49bd-bfe9-6bfcf78aa3cb] Adding new dynamic property: PropertyDescriptor[simple]
[pool-2802-thread-1] INFO org.apache.nifi.processors.standard.RouteText - RouteText[id=e191155b-3232-49bd-bfe9-6bfcf78aa3cb] Created FlowFile[959,92021872029031.mockFlowFile,23B] from FlowFile[958,92021872029031.mockFlowFile,23B]; routing to relationship simple
[pool-2802-thread-1] INFO org.apache.nifi.processors.standard.RouteText - RouteText[id=e191155b-3232-49bd-bfe9-6bfcf78aa3cb] Routing FlowFile[958,92021872029031.mockFlowFile,23B] to original
[main] DEBUG org.apache.nifi.processors.standard.RouteText - RouteText[id=e191155b-3232-49bd-bfe9-6bfcf78aa3cb] Adding new dynamic property: PropertyDescriptor[simple]
[pool-2803-thread-1] INFO org.apache.nifi.processors.standard.RouteText - RouteText[id=e191155b-3232-49bd-bfe9-6bfcf78aa3cb] Created FlowFile[961,92021872507339.mockFlowFile,23B] from FlowFile[960,92021872507339.mockFlowFile,23B]; routing to relationship simple
[pool-2803-thread-1] INFO org.apache.nifi.processors.standard.RouteText - RouteText[id=e191155b-3232-49bd-bfe9-6bfcf78aa3cb] Routing FlowFile[960,92021872507339.mockFlowFile,23B] to original
[main] DEBUG org.apache.nifi.processors.standard.RouteText - RouteText[id=e191155b-3232-49bd-bfe9-6bfcf78aa3cb] Adding new dynamic property: PropertyDescriptor[simple]
[pool-2804-thread-1] INFO org.apache.nifi.processors.standard.RouteText - RouteText[id=e191155b-3232-49bd-bfe9-6bfcf78aa3cb] Created FlowFile[963,92021873004784.mockFlowFile,23B] from FlowFile[962,92021873004784.mockFlowFile,23B]; routing to relationship simple
[pool-2804-thread-1] INFO org.apache.nifi.processors.standard.RouteText - RouteText[id=e191155b-3232-49bd-bfe9-6bfcf78aa3cb] Routing FlowFile[962,92021873004784.mockFlowFile,23B] to original
[main] DEBUG org.apache.nifi.processors.standard.RouteText - RouteText[id=e191155b-3232-49bd-bfe9-6bfcf78aa3cb] Adding new dynamic property: PropertyDescriptor[simple]
[pool-2805-thread-1] INFO org.apache.nifi.processors.standard.RouteText - RouteText[id=e191155b-3232-49bd-bfe9-6bfcf78aa3cb] Created FlowFile[965,92021873491236.mockFlowFile,23B] from FlowFile[964,92021873491236.mockFlowFile,23B]; routing to relationship simple
[pool-2805-thread-1] INFO org.apache.nifi.processors.standard.RouteText - RouteText[id=e191155b-3232-49bd-bfe9-6bfcf78aa3cb] Routing FlowFile[964,92021873491236.mockFlowFile,23B] to original
[main] DEBUG org.apache.nifi.processors.standard.RouteText - RouteText[id=e191155b-3232-49bd-bfe9-6bfcf78aa3cb] Adding new dynamic property: PropertyDescriptor[simple]
[pool-2806-thread-1] INFO org.apache.nifi.processors.standard.RouteText - RouteText[id=e191155b-3232-49bd-bfe9-6bfcf78aa3cb] Created FlowFile[967,92021874039143.mockFlowFile,23B] from FlowFile[966,92021874039143.mockFlowFile,23B]; routing to relationship simple
[pool-2806-thread-1] INFO org.apache.nifi.processors.standard.RouteText - RouteText[id=e191155b-3232-49bd-bfe9-6bfcf78aa3cb] Routing FlowFile[966,92021874039143.mockFlowFile,23B] to original
[main] DEBUG org.apache.nifi.processors.standard.RouteText - RouteText[id=e191155b-3232-49bd-bfe9-6bfcf78aa3cb] Adding new dynamic property: PropertyDescriptor[simple]
[pool-2807-thread-1] INFO org.apache.nifi.processors.standard.RouteText - RouteText[id=e191155b-3232-49bd-bfe9-6bfcf78aa3cb] Created FlowFile[969,92021874548192.mockFlowFile,23B] from FlowFile[968,92021874548192.mockFlowFile,23B]; routing to relationship simple
[pool-2807-thread-1] INFO org.apache.nifi.processors.standard.RouteText - RouteText[id=e191155b-3232-49bd-bfe9-6bfcf78aa3cb] Routing FlowFile[968,92021874548192.mockFlowFile,23B] to original
[main] DEBUG org.apache.nifi.processors.standard.RouteText - RouteText[id=e191155b-3232-49bd-bfe9-6bfcf78aa3cb] Adding new dynamic property: PropertyDescriptor[simple]
[pool-2808-thread-1] INFO org.apache.nifi.processors.standard.RouteText - RouteText[id=e191155b-3232-49bd-bfe9-6bfcf78aa3cb] Created FlowFile[971,92021875056553.mockFlowFile,23B] from FlowFile[970,92021875056553.mockFlowFile,23B]; routing to relationship simple
[pool-2808-thread-1] INFO org.apache.nifi.processors.standard.RouteText - RouteText[id=e191155b-3232-49bd-bfe9-6bfcf78aa3cb] Routing FlowFile[970,92021875056553.mockFlowFile,23B] to original
[main] DEBUG org.apache.nifi.processors.standard.RouteText - RouteText[id=e191155b-3232-49bd-bfe9-6bfcf78aa3cb] Adding new dynamic property: PropertyDescriptor[simple]
[pool-2809-thread-1] INFO org.apache.nifi.processors.standard.RouteText - RouteText[id=e191155b-3232-49bd-bfe9-6bfcf78aa3cb] Created FlowFile[973,92021875557806.mockFlowFile,23B] from FlowFile[972,92021875557806.mockFlowFile,23B]; routing to relationship simple
[pool-2809-thread-1] INFO org.apache.nifi.processors.standard.RouteText - RouteText[id=e191155b-3232-49bd-bfe9-6bfcf78aa3cb] Routing FlowFile[972,92021875557806.mockFlowFile,23B] to original
[main] DEBUG org.apache.nifi.processors.standard.RouteText - RouteText[id=e191155b-3232-49bd-bfe9-6bfcf78aa3cb] Adding new dynamic property: PropertyDescriptor[simple]
[pool-2810-thread-1] INFO org.apache.nifi.processors.standard.RouteText - RouteText[id=e191155b-3232-49bd-bfe9-6bfcf78aa3cb] Created FlowFile[975,92021876228706.mockFlowFile,23B] from FlowFile[974,92021876228706.mockFlowFile,23B]; routing to relationship simple
[pool-2810-thread-1] INFO org.apache.nifi.processors.standard.RouteText - RouteText[id=e191155b-3232-49bd-bfe9-6bfcf78aa3cb] Routing FlowFile[974,92021876228706.mockFlowFile,23B] to original
[main] DEBUG org.apache.nifi.processors.standard.RouteText - RouteText[id=e191155b-3232-49bd-bfe9-6bfcf78aa3cb] Adding new dynamic property: PropertyDescriptor[simple]
[pool-2811-thread-1] INFO org.apache.nifi.processors.standard.RouteText - RouteText[id=e191155b-3232-49bd-bfe9-6bfcf78aa3cb] Created FlowFile[977,92021876761893.mockFlowFile,23B] from FlowFile[976,92021876761893.mockFlowFile,23B]; routing to relationship simple
[pool-2811-thread-1] INFO org.apache.nifi.processors.standard.RouteText - RouteText[id=e191155b-3232-49bd-bfe9-6bfcf78aa3cb] Routing FlowFile[976,92021876761893.mockFlowFile,23B] to original
[main] DEBUG org.apache.nifi.processors.standard.RouteText - RouteText[id=e191155b-3232-49bd-bfe9-6bfcf78aa3cb] Adding new dynamic property: PropertyDescriptor[simple]
[pool-2812-thread-1] INFO org.apache.nifi.processors.standard.RouteText - RouteText[id=e191155b-3232-49bd-bfe9-6bfcf78aa3cb] Created FlowFile[979,92021877252471.mockFlowFile,23B] from FlowFile[978,92021877252471.mockFlowFile,23B]; routing to relationship simple
[pool-2812-thread-1] INFO org.apache.nifi.processors.standard.RouteText - RouteText[id=e191155b-3232-49bd-bfe9-6bfcf78aa3cb] Routing FlowFile[978,92021877252471.mockFlowFile,23B] to original
[main] DEBUG org.apache.nifi.processors.standard.RouteText - RouteText[id=e191155b-3232-49bd-bfe9-6bfcf78aa3cb] Adding new dynamic property: PropertyDescriptor[simple]
[pool-2813-thread-1] INFO org.apache.nifi.processors.standard.RouteText - RouteText[id=e191155b-3232-49bd-bfe9-6bfcf78aa3cb] Created FlowFile[981,92021877734158.mockFlowFile,23B] from FlowFile[980,92021877734158.mockFlowFile,23B]; routing to relationship simple
[pool-2813-thread-1] INFO org.apache.nifi.processors.standard.RouteText - RouteText[id=e191155b-3232-49bd-bfe9-6bfcf78aa3cb] Routing FlowFile[980,92021877734158.mockFlowFile,23B] to original
[main] DEBUG org.apache.nifi.processors.standard.RouteText - RouteText[id=e191155b-3232-49bd-bfe9-6bfcf78aa3cb] Adding new dynamic property: PropertyDescriptor[simple]
[pool-2814-thread-1] INFO org.apache.nifi.processors.standard.RouteText - RouteText[id=e191155b-3232-49bd-bfe9-6bfcf78aa3cb] Created FlowFile[983,92021878230558.mockFlowFile,23B] from FlowFile[982,92021878230558.mockFlowFile,23B]; routing to relationship simple
[pool-2814-thread-1] INFO org.apache.nifi.processors.standard.RouteText - RouteText[id=e191155b-3232-49bd-bfe9-6bfcf78aa3cb] Routing FlowFile[982,92021878230558.mockFlowFile,23B] to original
[main] DEBUG org.apache.nifi.processors.standard.RouteText - RouteText[id=e191155b-3232-49bd-bfe9-6bfcf78aa3cb] Adding new dynamic property: PropertyDescriptor[simple]
[pool-2815-thread-1] INFO org.apache.nifi.processors.standard.RouteText - RouteText[id=e191155b-3232-49bd-bfe9-6bfcf78aa3cb] Created FlowFile[985,92021878736036.mockFlowFile,23B] from FlowFile[984,92021878736036.mockFlowFile,23B]; routing to relationship simple
[pool-2815-thread-1] INFO org.apache.nifi.processors.standard.RouteText - RouteText[id=e191155b-3232-49bd-bfe9-6bfcf78aa3cb] Routing FlowFile[984,92021878736036.mockFlowFile,23B] to original
[main] DEBUG org.apache.nifi.processors.standard.RouteText - RouteText[id=e191155b-3232-49bd-bfe9-6bfcf78aa3cb] Adding new dynamic property: PropertyDescriptor[simple]
[pool-2816-thread-1] INFO org.apache.nifi.processors.standard.RouteText - RouteText[id=e191155b-3232-49bd-bfe9-6bfcf78aa3cb] Created FlowFile[987,92021879223770.mockFlowFile,23B] from FlowFile[986,92021879223770.mockFlowFile,23B]; routing to relationship simple
[pool-2816-thread-1] INFO org.apache.nifi.processors.standard.RouteText - RouteText[id=e191155b-3232-49bd-bfe9-6bfcf78aa3cb] Routing FlowFile[986,92021879223770.mockFlowFile,23B] to original
[main] DEBUG org.apache.nifi.processors.standard.RouteText - RouteText[id=e191155b-3232-49bd-bfe9-6bfcf78aa3cb] Adding new dynamic property: PropertyDescriptor[simple]
[pool-2817-thread-1] INFO org.apache.nifi.processors.standard.RouteText - RouteText[id=e191155b-3232-49bd-bfe9-6bfcf78aa3cb] Created FlowFile[989,92021879742761.mockFlowFile,23B] from FlowFile[988,92021879742761.mockFlowFile,23B]; routing to relationship simple
[pool-2817-thread-1] INFO org.apache.nifi.processors.standard.RouteText - RouteText[id=e191155b-3232-49bd-bfe9-6bfcf78aa3cb] Routing FlowFile[988,92021879742761.mockFlowFile,23B] to original
[main] DEBUG org.apache.nifi.processors.standard.RouteText - RouteText[id=e191155b-3232-49bd-bfe9-6bfcf78aa3cb] Adding new dynamic property: PropertyDescriptor[simple]
[pool-2818-thread-1] INFO org.apache.nifi.processors.standard.RouteText - RouteText[id=e191155b-3232-49bd-bfe9-6bfcf78aa3cb] Created FlowFile[991,92021880290413.mockFlowFile,23B] from FlowFile[990,92021880290413.mockFlowFile,23B]; routing to relationship simple
[pool-2818-thread-1] INFO org.apache.nifi.processors.standard.RouteText - RouteText[id=e191155b-3232-49bd-bfe9-6bfcf78aa3cb] Routing FlowFile[990,92021880290413.mockFlowFile,23B] to original
[main] DEBUG org.apache.nifi.processors.standard.RouteText - RouteText[id=e191155b-3232-49bd-bfe9-6bfcf78aa3cb] Adding new dynamic property: PropertyDescriptor[simple]
[pool-2819-thread-1] INFO org.apache.nifi.processors.standard.RouteText - RouteText[id=e191155b-3232-49bd-bfe9-6bfcf78aa3cb] Created FlowFile[993,92021880887257.mockFlowFile,23B] from FlowFile[992,92021880887257.mockFlowFile,23B]; routing to relationship simple
[pool-2819-thread-1] INFO org.apache.nifi.processors.standard.RouteText - RouteText[id=e191155b-3232-49bd-bfe9-6bfcf78aa3cb] Routing FlowFile[992,92021880887257.mockFlowFile,23B] to original
[main] DEBUG org.apache.nifi.processors.standard.RouteText - RouteText[id=e191155b-3232-49bd-bfe9-6bfcf78aa3cb] Adding new dynamic property: PropertyDescriptor[simple]
[pool-2820-thread-1] INFO org.apache.nifi.processors.standard.RouteText - RouteText[id=e191155b-3232-49bd-bfe9-6bfcf78aa3cb] Created FlowFile[995,92021881394462.mockFlowFile,23B] from FlowFile[994,92021881394462.mockFlowFile,23B]; routing to relationship simple
[pool-2820-thread-1] INFO org.apache.nifi.processors.standard.RouteText - RouteText[id=e191155b-3232-49bd-bfe9-6bfcf78aa3cb] Routing FlowFile[994,92021881394462.mockFlowFile,23B] to original
[main] DEBUG org.apache.nifi.processors.standard.RouteText - RouteText[id=e191155b-3232-49bd-bfe9-6bfcf78aa3cb] Adding new dynamic property: PropertyDescriptor[simple]
[pool-2821-thread-1] INFO org.apache.nifi.processors.standard.RouteText - RouteText[id=e191155b-3232-49bd-bfe9-6bfcf78aa3cb] Created FlowFile[997,92021881921040.mockFlowFile,23B] from FlowFile[996,92021881921040.mockFlowFile,23B]; routing to relationship simple
[pool-2821-thread-1] INFO org.apache.nifi.processors.standard.RouteText - RouteText[id=e191155b-3232-49bd-bfe9-6bfcf78aa3cb] Routing FlowFile[996,92021881921040.mockFlowFile,23B] to original
[main] DEBUG org.apache.nifi.processors.standard.RouteText - RouteText[id=e191155b-3232-49bd-bfe9-6bfcf78aa3cb] Adding new dynamic property: PropertyDescriptor[simple]
[pool-2822-thread-1] INFO org.apache.nifi.processors.standard.RouteText - RouteText[id=e191155b-3232-49bd-bfe9-6bfcf78aa3cb] Created FlowFile[999,92021882499702.mockFlowFile,23B] from FlowFile[998,92021882499702.mockFlowFile,23B]; routing to relationship simple
[pool-2822-thread-1] INFO org.apache.nifi.processors.standard.RouteText - RouteText[id=e191155b-3232-49bd-bfe9-6bfcf78aa3cb] Routing FlowFile[998,92021882499702.mockFlowFile,23B] to original
[main] DEBUG org.apache.nifi.processors.standard.RouteText - RouteText[id=e191155b-3232-49bd-bfe9-6bfcf78aa3cb] Adding new dynamic property: PropertyDescriptor[simple]
[pool-2823-thread-1] INFO org.apache.nifi.processors.standard.RouteText - RouteText[id=e191155b-3232-49bd-bfe9-6bfcf78aa3cb] Created FlowFile[1001,92021883071049.mockFlowFile,23B] from FlowFile[1000,92021883071049.mockFlowFile,23B]; routing to relationship simple
[pool-2823-thread-1] INFO org.apache.nifi.processors.standard.RouteText - RouteText[id=e191155b-3232-49bd-bfe9-6bfcf78aa3cb] Routing FlowFile[1000,92021883071049.mockFlowFile,23B] to original
[main] DEBUG org.apache.nifi.processors.standard.RouteText - RouteText[id=e191155b-3232-49bd-bfe9-6bfcf78aa3cb] Adding new dynamic property: PropertyDescriptor[simple]
[pool-2824-thread-1] INFO org.apache.nifi.processors.standard.RouteText - RouteText[id=e191155b-3232-49bd-bfe9-6bfcf78aa3cb] Created FlowFile[1003,92021883592419.mockFlowFile,23B] from FlowFile[1002,92021883592419.mockFlowFile,23B]; routing to relationship simple
[pool-2824-thread-1] INFO org.apache.nifi.processors.standard.RouteText - RouteText[id=e191155b-3232-49bd-bfe9-6bfcf78aa3cb] Routing FlowFile[1002,92021883592419.mockFlowFile,23B] to original
[main] DEBUG org.apache.nifi.processors.standard.RouteText - RouteText[id=e191155b-3232-49bd-bfe9-6bfcf78aa3cb] Adding new dynamic property: PropertyDescriptor[simple]
[pool-2825-thread-1] INFO org.apache.nifi.processors.standard.RouteText - RouteText[id=e191155b-3232-49bd-bfe9-6bfcf78aa3cb] Created FlowFile[1005,92021884165684.mockFlowFile,23B] from FlowFile[1004,92021884165684.mockFlowFile,23B]; routing to relationship simple
[pool-2825-thread-1] INFO org.apache.nifi.processors.standard.RouteText - RouteText[id=e191155b-3232-49bd-bfe9-6bfcf78aa3cb] Routing FlowFile[1004,92021884165684.mockFlowFile,23B] to original
[main] DEBUG org.apache.nifi.processors.standard.RouteText - RouteText[id=e191155b-3232-49bd-bfe9-6bfcf78aa3cb] Adding new dynamic property: PropertyDescriptor[simple]
[pool-2826-thread-1] INFO org.apache.nifi.processors.standard.RouteText - RouteText[id=e191155b-3232-49bd-bfe9-6bfcf78aa3cb] Created FlowFile[1007,92021884733960.mockFlowFile,23B] from FlowFile[1006,92021884733960.mockFlowFile,23B]; routing to relationship simple
[pool-2826-thread-1] INFO org.apache.nifi.processors.standard.RouteText - RouteText[id=e191155b-3232-49bd-bfe9-6bfcf78aa3cb] Routing FlowFile[1006,92021884733960.mockFlowFile,23B] to original
[main] DEBUG org.apache.nifi.processors.standard.RouteText - RouteText[id=e191155b-3232-49bd-bfe9-6bfcf78aa3cb] Adding new dynamic property: PropertyDescriptor[simple]
[pool-2827-thread-1] INFO org.apache.nifi.processors.standard.RouteText - RouteText[id=e191155b-3232-49bd-bfe9-6bfcf78aa3cb] Created FlowFile[1009,92021885279290.mockFlowFile,23B] from FlowFile[1008,92021885279290.mockFlowFile,23B]; routing to relationship simple
[pool-2827-thread-1] INFO org.apache.nifi.processors.standard.RouteText - RouteText[id=e191155b-3232-49bd-bfe9-6bfcf78aa3cb] Routing FlowFile[1008,92021885279290.mockFlowFile,23B] to original
[main] DEBUG org.apache.nifi.processors.standard.RouteText - RouteText[id=e191155b-3232-49bd-bfe9-6bfcf78aa3cb] Adding new dynamic property: PropertyDescriptor[simple]
[pool-2828-thread-1] INFO org.apache.nifi.processors.standard.RouteText - RouteText[id=e191155b-3232-49bd-bfe9-6bfcf78aa3cb] Created FlowFile[1011,92021885796885.mockFlowFile,23B] from FlowFile[1010,92021885796885.mockFlowFile,23B]; routing to relationship simple
[pool-2828-thread-1] INFO org.apache.nifi.processors.standard.RouteText - RouteText[id=e191155b-3232-49bd-bfe9-6bfcf78aa3cb] Routing FlowFile[1010,92021885796885.mockFlowFile,23B] to original
[main] DEBUG org.apache.nifi.processors.standard.RouteText - RouteText[id=e191155b-3232-49bd-bfe9-6bfcf78aa3cb] Adding new dynamic property: PropertyDescriptor[simple]
[pool-2829-thread-1] INFO org.apache.nifi.processors.standard.RouteText - RouteText[id=e191155b-3232-49bd-bfe9-6bfcf78aa3cb] Created FlowFile[1013,92021886526912.mockFlowFile,23B] from FlowFile[1012,92021886526912.mockFlowFile,23B]; routing to relationship simple
[pool-2829-thread-1] INFO org.apache.nifi.processors.standard.RouteText - RouteText[id=e191155b-3232-49bd-bfe9-6bfcf78aa3cb] Routing FlowFile[1012,92021886526912.mockFlowFile,23B] to original
[main] DEBUG org.apache.nifi.processors.standard.RouteText - RouteText[id=e191155b-3232-49bd-bfe9-6bfcf78aa3cb] Adding new dynamic property: PropertyDescriptor[simple]
[pool-2830-thread-1] INFO org.apache.nifi.processors.standard.RouteText - RouteText[id=e191155b-3232-49bd-bfe9-6bfcf78aa3cb] Created FlowFile[1015,92021887187353.mockFlowFile,23B] from FlowFile[1014,92021887187353.mockFlowFile,23B]; routing to relationship simple
[pool-2830-thread-1] INFO org.apache.nifi.processors.standard.RouteText - RouteText[id=e191155b-3232-49bd-bfe9-6bfcf78aa3cb] Routing FlowFile[1014,92021887187353.mockFlowFile,23B] to original
[main] DEBUG org.apache.nifi.processors.standard.RouteText - RouteText[id=e191155b-3232-49bd-bfe9-6bfcf78aa3cb] Adding new dynamic property: PropertyDescriptor[simple]
[pool-2831-thread-1] INFO org.apache.nifi.processors.standard.RouteText - RouteText[id=e191155b-3232-49bd-bfe9-6bfcf78aa3cb] Created FlowFile[1017,92021887895447.mockFlowFile,23B] from FlowFile[1016,92021887895447.mockFlowFile,23B]; routing to relationship simple
[pool-2831-thread-1] INFO org.apache.nifi.processors.standard.RouteText - RouteText[id=e191155b-3232-49bd-bfe9-6bfcf78aa3cb] Routing FlowFile[1016,92021887895447.mockFlowFile,23B] to original
[main] DEBUG org.apache.nifi.processors.standard.RouteText - RouteText[id=e191155b-3232-49bd-bfe9-6bfcf78aa3cb] Adding new dynamic property: PropertyDescriptor[simple]
[pool-2832-thread-1] INFO org.apache.nifi.processors.standard.RouteText - RouteText[id=e191155b-3232-49bd-bfe9-6bfcf78aa3cb] Created FlowFile[1019,92021888703454.mockFlowFile,23B] from FlowFile[1018,92021888703454.mockFlowFile,23B]; routing to relationship simple
[pool-2832-thread-1] INFO org.apache.nifi.processors.standard.RouteText - RouteText[id=e191155b-3232-49bd-bfe9-6bfcf78aa3cb] Routing FlowFile[1018,92021888703454.mockFlowFile,23B] to original
[main] DEBUG org.apache.nifi.processors.standard.RouteText - RouteText[id=e191155b-3232-49bd-bfe9-6bfcf78aa3cb] Adding new dynamic property: PropertyDescriptor[simple]
[pool-2833-thread-1] INFO org.apache.nifi.processors.standard.RouteText - RouteText[id=e191155b-3232-49bd-bfe9-6bfcf78aa3cb] Created FlowFile[1021,92021889317211.mockFlowFile,23B] from FlowFile[1020,92021889317211.mockFlowFile,23B]; routing to relationship simple
[pool-2833-thread-1] INFO org.apache.nifi.processors.standard.RouteText - RouteText[id=e191155b-3232-49bd-bfe9-6bfcf78aa3cb] Routing FlowFile[1020,92021889317211.mockFlowFile,23B] to original
[main] DEBUG org.apache.nifi.processors.standard.RouteText - RouteText[id=e191155b-3232-49bd-bfe9-6bfcf78aa3cb] Adding new dynamic property: PropertyDescriptor[simple]
[pool-2834-thread-1] INFO org.apache.nifi.processors.standard.RouteText - RouteText[id=e191155b-3232-49bd-bfe9-6bfcf78aa3cb] Created FlowFile[1023,92021889877514.mockFlowFile,23B] from FlowFile[1022,92021889877514.mockFlowFile,23B]; routing to relationship simple
[pool-2834-thread-1] INFO org.apache.nifi.processors.standard.RouteText - RouteText[id=e191155b-3232-49bd-bfe9-6bfcf78aa3cb] Routing FlowFile[1022,92021889877514.mockFlowFile,23B] to original
[main] DEBUG org.apache.nifi.processors.standard.RouteText - RouteText[id=e191155b-3232-49bd-bfe9-6bfcf78aa3cb] Adding new dynamic property: PropertyDescriptor[simple]
[pool-2835-thread-1] INFO org.apache.nifi.processors.standard.RouteText - RouteText[id=e191155b-3232-49bd-bfe9-6bfcf78aa3cb] Created FlowFile[1025,92021890530353.mockFlowFile,23B] from FlowFile[1024,92021890530353.mockFlowFile,23B]; routing to relationship simple
[pool-2835-thread-1] INFO org.apache.nifi.processors.standard.RouteText - RouteText[id=e191155b-3232-49bd-bfe9-6bfcf78aa3cb] Routing FlowFile[1024,92021890530353.mockFlowFile,23B] to original
[main] DEBUG org.apache.nifi.processors.standard.RouteText - RouteText[id=e191155b-3232-49bd-bfe9-6bfcf78aa3cb] Adding new dynamic property: PropertyDescriptor[simple]
[pool-2836-thread-1] INFO org.apache.nifi.processors.standard.RouteText - RouteText[id=e191155b-3232-49bd-bfe9-6bfcf78aa3cb] Created FlowFile[1027,92021891230067.mockFlowFile,23B] from FlowFile[1026,92021891230067.mockFlowFile,23B]; routing to relationship simple
[pool-2836-thread-1] INFO org.apache.nifi.processors.standard.RouteText - RouteText[id=e191155b-3232-49bd-bfe9-6bfcf78aa3cb] Routing FlowFile[1026,92021891230067.mockFlowFile,23B] to original
[main] DEBUG org.apache.nifi.processors.standard.RouteText - RouteText[id=e191155b-3232-49bd-bfe9-6bfcf78aa3cb] Adding new dynamic property: PropertyDescriptor[simple]
[pool-2837-thread-1] INFO org.apache.nifi.processors.standard.RouteText - RouteText[id=e191155b-3232-49bd-bfe9-6bfcf78aa3cb] Created FlowFile[1029,92021891769193.mockFlowFile,23B] from FlowFile[1028,92021891769193.mockFlowFile,23B]; routing to relationship simple
[pool-2837-thread-1] INFO org.apache.nifi.processors.standard.RouteText - RouteText[id=e191155b-3232-49bd-bfe9-6bfcf78aa3cb] Routing FlowFile[1028,92021891769193.mockFlowFile,23B] to original
[main] DEBUG org.apache.nifi.processors.standard.RouteText - RouteText[id=e191155b-3232-49bd-bfe9-6bfcf78aa3cb] Adding new dynamic property: PropertyDescriptor[simple]
[pool-2838-thread-1] INFO org.apache.nifi.processors.standard.RouteText - RouteText[id=e191155b-3232-49bd-bfe9-6bfcf78aa3cb] Created FlowFile[1031,92021892245751.mockFlowFile,23B] from FlowFile[1030,92021892245751.mockFlowFile,23B]; routing to relationship simple
[pool-2838-thread-1] INFO org.apache.nifi.processors.standard.RouteText - RouteText[id=e191155b-3232-49bd-bfe9-6bfcf78aa3cb] Routing FlowFile[1030,92021892245751.mockFlowFile,23B] to original
[main] DEBUG org.apache.nifi.processors.standard.RouteText - RouteText[id=e191155b-3232-49bd-bfe9-6bfcf78aa3cb] Adding new dynamic property: PropertyDescriptor[simple]
[pool-2839-thread-1] INFO org.apache.nifi.processors.standard.RouteText - RouteText[id=e191155b-3232-49bd-bfe9-6bfcf78aa3cb] Created FlowFile[1033,92021892687102.mockFlowFile,23B] from FlowFile[1032,92021892687102.mockFlowFile,23B]; routing to relationship simple
[pool-2839-thread-1] INFO org.apache.nifi.processors.standard.RouteText - RouteText[id=e191155b-3232-49bd-bfe9-6bfcf78aa3cb] Routing FlowFile[1032,92021892687102.mockFlowFile,23B] to original
[main] DEBUG org.apache.nifi.processors.standard.RouteText - RouteText[id=e191155b-3232-49bd-bfe9-6bfcf78aa3cb] Adding new dynamic property: PropertyDescriptor[simple]
[pool-2840-thread-1] INFO org.apache.nifi.processors.standard.RouteText - RouteText[id=e191155b-3232-49bd-bfe9-6bfcf78aa3cb] Created FlowFile[1035,92021893143296.mockFlowFile,23B] from FlowFile[1034,92021893143296.mockFlowFile,23B]; routing to relationship simple
[pool-2840-thread-1] INFO org.apache.nifi.processors.standard.RouteText - RouteText[id=e191155b-3232-49bd-bfe9-6bfcf78aa3cb] Routing FlowFile[1034,92021893143296.mockFlowFile,23B] to original
[main] DEBUG org.apache.nifi.processors.standard.RouteText - RouteText[id=e191155b-3232-49bd-bfe9-6bfcf78aa3cb] Adding new dynamic property: PropertyDescriptor[simple]
[pool-2841-thread-1] INFO org.apache.nifi.processors.standard.RouteText - RouteText[id=e191155b-3232-49bd-bfe9-6bfcf78aa3cb] Created FlowFile[1037,92021893625317.mockFlowFile,23B] from FlowFile[1036,92021893625317.mockFlowFile,23B]; routing to relationship simple
[pool-2841-thread-1] INFO org.apache.nifi.processors.standard.RouteText - RouteText[id=e191155b-3232-49bd-bfe9-6bfcf78aa3cb] Routing FlowFile[1036,92021893625317.mockFlowFile,23B] to original
[main] DEBUG org.apache.nifi.processors.standard.RouteText - RouteText[id=e191155b-3232-49bd-bfe9-6bfcf78aa3cb] Adding new dynamic property: PropertyDescriptor[simple]
[pool-2842-thread-1] INFO org.apache.nifi.processors.standard.RouteText - RouteText[id=e191155b-3232-49bd-bfe9-6bfcf78aa3cb] Created FlowFile[1039,92021894068404.mockFlowFile,23B] from FlowFile[1038,92021894068404.mockFlowFile,23B]; routing to relationship simple
[pool-2842-thread-1] INFO org.apache.nifi.processors.standard.RouteText - RouteText[id=e191155b-3232-49bd-bfe9-6bfcf78aa3cb] Routing FlowFile[1038,92021894068404.mockFlowFile,23B] to original
[main] DEBUG org.apache.nifi.processors.standard.RouteText - RouteText[id=e191155b-3232-49bd-bfe9-6bfcf78aa3cb] Adding new dynamic property: PropertyDescriptor[simple]
[pool-2843-thread-1] INFO org.apache.nifi.processors.standard.RouteText - RouteText[id=e191155b-3232-49bd-bfe9-6bfcf78aa3cb] Created FlowFile[1041,92021894554870.mockFlowFile,23B] from FlowFile[1040,92021894554870.mockFlowFile,23B]; routing to relationship simple
[pool-2843-thread-1] INFO org.apache.nifi.processors.standard.RouteText - RouteText[id=e191155b-3232-49bd-bfe9-6bfcf78aa3cb] Routing FlowFile[1040,92021894554870.mockFlowFile,23B] to original
[main] DEBUG org.apache.nifi.processors.standard.RouteText - RouteText[id=e191155b-3232-49bd-bfe9-6bfcf78aa3cb] Adding new dynamic property: PropertyDescriptor[simple]
[pool-2844-thread-1] INFO org.apache.nifi.processors.standard.RouteText - RouteText[id=e191155b-3232-49bd-bfe9-6bfcf78aa3cb] Created FlowFile[1043,92021895008673.mockFlowFile,23B] from FlowFile[1042,92021895008673.mockFlowFile,23B]; routing to relationship simple
[pool-2844-thread-1] INFO org.apache.nifi.processors.standard.RouteText - RouteText[id=e191155b-3232-49bd-bfe9-6bfcf78aa3cb] Routing FlowFile[1042,92021895008673.mockFlowFile,23B] to original
[main] DEBUG org.apache.nifi.processors.standard.RouteText - RouteText[id=e191155b-3232-49bd-bfe9-6bfcf78aa3cb] Adding new dynamic property: PropertyDescriptor[simple]
[pool-2845-thread-1] INFO org.apache.nifi.processors.standard.RouteText - RouteText[id=e191155b-3232-49bd-bfe9-6bfcf78aa3cb] Created FlowFile[1045,92021895420779.mockFlowFile,23B] from FlowFile[1044,92021895420779.mockFlowFile,23B]; routing to relationship simple
[pool-2845-thread-1] INFO org.apache.nifi.processors.standard.RouteText - RouteText[id=e191155b-3232-49bd-bfe9-6bfcf78aa3cb] Routing FlowFile[1044,92021895420779.mockFlowFile,23B] to original
[main] DEBUG org.apache.nifi.processors.standard.RouteText - RouteText[id=e191155b-3232-49bd-bfe9-6bfcf78aa3cb] Adding new dynamic property: PropertyDescriptor[simple]
[pool-2846-thread-1] INFO org.apache.nifi.processors.standard.RouteText - RouteText[id=e191155b-3232-49bd-bfe9-6bfcf78aa3cb] Created FlowFile[1047,92021895859495.mockFlowFile,23B] from FlowFile[1046,92021895859495.mockFlowFile,23B]; routing to relationship simple
[pool-2846-thread-1] INFO org.apache.nifi.processors.standard.RouteText - RouteText[id=e191155b-3232-49bd-bfe9-6bfcf78aa3cb] Routing FlowFile[1046,92021895859495.mockFlowFile,23B] to original
[main] DEBUG org.apache.nifi.processors.standard.RouteText - RouteText[id=e191155b-3232-49bd-bfe9-6bfcf78aa3cb] Adding new dynamic property: PropertyDescriptor[simple]
[pool-2847-thread-1] INFO org.apache.nifi.processors.standard.RouteText - RouteText[id=e191155b-3232-49bd-bfe9-6bfcf78aa3cb] Created FlowFile[1049,92021896323786.mockFlowFile,23B] from FlowFile[1048,92021896323786.mockFlowFile,23B]; routing to relationship simple
[pool-2847-thread-1] INFO org.apache.nifi.processors.standard.RouteText - RouteText[id=e191155b-3232-49bd-bfe9-6bfcf78aa3cb] Routing FlowFile[1048,92021896323786.mockFlowFile,23B] to original
[main] DEBUG org.apache.nifi.processors.standard.RouteText - RouteText[id=e191155b-3232-49bd-bfe9-6bfcf78aa3cb] Adding new dynamic property: PropertyDescriptor[simple]
[pool-2848-thread-1] INFO org.apache.nifi.processors.standard.RouteText - RouteText[id=e191155b-3232-49bd-bfe9-6bfcf78aa3cb] Created FlowFile[1051,92021896765546.mockFlowFile,23B] from FlowFile[1050,92021896765546.mockFlowFile,23B]; routing to relationship simple
[pool-2848-thread-1] INFO org.apache.nifi.processors.standard.RouteText - RouteText[id=e191155b-3232-49bd-bfe9-6bfcf78aa3cb] Routing FlowFile[1050,92021896765546.mockFlowFile,23B] to original
[main] DEBUG org.apache.nifi.processors.standard.RouteText - RouteText[id=e191155b-3232-49bd-bfe9-6bfcf78aa3cb] Adding new dynamic property: PropertyDescriptor[simple]
[pool-2849-thread-1] INFO org.apache.nifi.processors.standard.RouteText - RouteText[id=e191155b-3232-49bd-bfe9-6bfcf78aa3cb] Created FlowFile[1053,92021897203201.mockFlowFile,23B] from FlowFile[1052,92021897203201.mockFlowFile,23B]; routing to relationship simple
[pool-2849-thread-1] INFO org.apache.nifi.processors.standard.RouteText - RouteText[id=e191155b-3232-49bd-bfe9-6bfcf78aa3cb] Routing FlowFile[1052,92021897203201.mockFlowFile,23B] to original
[main] DEBUG org.apache.nifi.processors.standard.RouteText - RouteText[id=e191155b-3232-49bd-bfe9-6bfcf78aa3cb] Adding new dynamic property: PropertyDescriptor[simple]
[pool-2850-thread-1] INFO org.apache.nifi.processors.standard.RouteText - RouteText[id=e191155b-3232-49bd-bfe9-6bfcf78aa3cb] Created FlowFile[1055,92021897650267.mockFlowFile,23B] from FlowFile[1054,92021897650267.mockFlowFile,23B]; routing to relationship simple
[pool-2850-thread-1] INFO org.apache.nifi.processors.standard.RouteText - RouteText[id=e191155b-3232-49bd-bfe9-6bfcf78aa3cb] Routing FlowFile[1054,92021897650267.mockFlowFile,23B] to original
[main] DEBUG org.apache.nifi.processors.standard.RouteText - RouteText[id=e191155b-3232-49bd-bfe9-6bfcf78aa3cb] Adding new dynamic property: PropertyDescriptor[simple]
[pool-2851-thread-1] INFO org.apache.nifi.processors.standard.RouteText - RouteText[id=e191155b-3232-49bd-bfe9-6bfcf78aa3cb] Created FlowFile[1057,92021898087178.mockFlowFile,23B] from FlowFile[1056,92021898087178.mockFlowFile,23B]; routing to relationship simple
[pool-2851-thread-1] INFO org.apache.nifi.processors.standard.RouteText - RouteText[id=e191155b-3232-49bd-bfe9-6bfcf78aa3cb] Routing FlowFile[1056,92021898087178.mockFlowFile,23B] to original
[main] DEBUG org.apache.nifi.processors.standard.RouteText - RouteText[id=e191155b-3232-49bd-bfe9-6bfcf78aa3cb] Adding new dynamic property: PropertyDescriptor[simple]
[pool-2852-thread-1] INFO org.apache.nifi.processors.standard.RouteText - RouteText[id=e191155b-3232-49bd-bfe9-6bfcf78aa3cb] Created FlowFile[1059,92021898512326.mockFlowFile,23B] from FlowFile[1058,92021898512326.mockFlowFile,23B]; routing to relationship simple
[pool-2852-thread-1] INFO org.apache.nifi.processors.standard.RouteText - RouteText[id=e191155b-3232-49bd-bfe9-6bfcf78aa3cb] Routing FlowFile[1058,92021898512326.mockFlowFile,23B] to original
[main] DEBUG org.apache.nifi.processors.standard.RouteText - RouteText[id=e191155b-3232-49bd-bfe9-6bfcf78aa3cb] Adding new dynamic property: PropertyDescriptor[simple]
[pool-2853-thread-1] INFO org.apache.nifi.processors.standard.RouteText - RouteText[id=e191155b-3232-49bd-bfe9-6bfcf78aa3cb] Created FlowFile[1061,92021898941059.mockFlowFile,23B] from FlowFile[1060,92021898941059.mockFlowFile,23B]; routing to relationship simple
[pool-2853-thread-1] INFO org.apache.nifi.processors.standard.RouteText - RouteText[id=e191155b-3232-49bd-bfe9-6bfcf78aa3cb] Routing FlowFile[1060,92021898941059.mockFlowFile,23B] to original
[main] DEBUG org.apache.nifi.processors.standard.RouteText - RouteText[id=e191155b-3232-49bd-bfe9-6bfcf78aa3cb] Adding new dynamic property: PropertyDescriptor[simple]
[pool-2854-thread-1] INFO org.apache.nifi.processors.standard.RouteText - RouteText[id=e191155b-3232-49bd-bfe9-6bfcf78aa3cb] Created FlowFile[1063,92021899397898.mockFlowFile,23B] from FlowFile[1062,92021899397898.mockFlowFile,23B]; routing to relationship simple
[pool-2854-thread-1] INFO org.apache.nifi.processors.standard.RouteText - RouteText[id=e191155b-3232-49bd-bfe9-6bfcf78aa3cb] Routing FlowFile[1062,92021899397898.mockFlowFile,23B] to original
[main] DEBUG org.apache.nifi.processors.standard.RouteText - RouteText[id=e191155b-3232-49bd-bfe9-6bfcf78aa3cb] Adding new dynamic property: PropertyDescriptor[simple]
[pool-2855-thread-1] INFO org.apache.nifi.processors.standard.RouteText - RouteText[id=e191155b-3232-49bd-bfe9-6bfcf78aa3cb] Created FlowFile[1065,92021899828725.mockFlowFile,23B] from FlowFile[1064,92021899828725.mockFlowFile,23B]; routing to relationship simple
[pool-2855-thread-1] INFO org.apache.nifi.processors.standard.RouteText - RouteText[id=e191155b-3232-49bd-bfe9-6bfcf78aa3cb] Routing FlowFile[1064,92021899828725.mockFlowFile,23B] to original
[main] DEBUG org.apache.nifi.processors.standard.RouteText - RouteText[id=e191155b-3232-49bd-bfe9-6bfcf78aa3cb] Adding new dynamic property: PropertyDescriptor[simple]
[pool-2856-thread-1] INFO org.apache.nifi.processors.standard.RouteText - RouteText[id=e191155b-3232-49bd-bfe9-6bfcf78aa3cb] Created FlowFile[1067,92021900266158.mockFlowFile,23B] from FlowFile[1066,92021900266158.mockFlowFile,23B]; routing to relationship simple
[pool-2856-thread-1] INFO org.apache.nifi.processors.standard.RouteText - RouteText[id=e191155b-3232-49bd-bfe9-6bfcf78aa3cb] Routing FlowFile[1066,92021900266158.mockFlowFile,23B] to original
[main] DEBUG org.apache.nifi.processors.standard.RouteText - RouteText[id=e191155b-3232-49bd-bfe9-6bfcf78aa3cb] Adding new dynamic property: PropertyDescriptor[simple]
[pool-2857-thread-1] INFO org.apache.nifi.processors.standard.RouteText - RouteText[id=e191155b-3232-49bd-bfe9-6bfcf78aa3cb] Created FlowFile[1069,92021900697633.mockFlowFile,23B] from FlowFile[1068,92021900697633.mockFlowFile,23B]; routing to relationship simple
[pool-2857-thread-1] INFO org.apache.nifi.processors.standard.RouteText - RouteText[id=e191155b-3232-49bd-bfe9-6bfcf78aa3cb] Routing FlowFile[1068,92021900697633.mockFlowFile,23B] to original
[main] DEBUG org.apache.nifi.processors.standard.RouteText - RouteText[id=e191155b-3232-49bd-bfe9-6bfcf78aa3cb] Adding new dynamic property: PropertyDescriptor[simple]
[pool-2858-thread-1] INFO org.apache.nifi.processors.standard.RouteText - RouteText[id=e191155b-3232-49bd-bfe9-6bfcf78aa3cb] Created FlowFile[1071,92021901153542.mockFlowFile,23B] from FlowFile[1070,92021901153542.mockFlowFile,23B]; routing to relationship simple
[pool-2858-thread-1] INFO org.apache.nifi.processors.standard.RouteText - RouteText[id=e191155b-3232-49bd-bfe9-6bfcf78aa3cb] Routing FlowFile[1070,92021901153542.mockFlowFile,23B] to original
[main] DEBUG org.apache.nifi.processors.standard.RouteText - RouteText[id=e191155b-3232-49bd-bfe9-6bfcf78aa3cb] Adding new dynamic property: PropertyDescriptor[simple]
[pool-2859-thread-1] INFO org.apache.nifi.processors.standard.RouteText - RouteText[id=e191155b-3232-49bd-bfe9-6bfcf78aa3cb] Created FlowFile[1073,92021901773059.mockFlowFile,23B] from FlowFile[1072,92021901773059.mockFlowFile,23B]; routing to relationship simple
[pool-2859-thread-1] INFO org.apache.nifi.processors.standard.RouteText - RouteText[id=e191155b-3232-49bd-bfe9-6bfcf78aa3cb] Routing FlowFile[1072,92021901773059.mockFlowFile,23B] to original
[main] DEBUG org.apache.nifi.processors.standard.RouteText - RouteText[id=e191155b-3232-49bd-bfe9-6bfcf78aa3cb] Adding new dynamic property: PropertyDescriptor[simple]
[pool-2860-thread-1] INFO org.apache.nifi.processors.standard.RouteText - RouteText[id=e191155b-3232-49bd-bfe9-6bfcf78aa3cb] Created FlowFile[1075,92021902223235.mockFlowFile,23B] from FlowFile[1074,92021902223235.mockFlowFile,23B]; routing to relationship simple
[pool-2860-thread-1] INFO org.apache.nifi.processors.standard.RouteText - RouteText[id=e191155b-3232-49bd-bfe9-6bfcf78aa3cb] Routing FlowFile[1074,92021902223235.mockFlowFile,23B] to original
[main] DEBUG org.apache.nifi.processors.standard.RouteText - RouteText[id=e191155b-3232-49bd-bfe9-6bfcf78aa3cb] Adding new dynamic property: PropertyDescriptor[simple]
[pool-2861-thread-1] INFO org.apache.nifi.processors.standard.RouteText - RouteText[id=e191155b-3232-49bd-bfe9-6bfcf78aa3cb] Created FlowFile[1077,92021902666296.mockFlowFile,23B] from FlowFile[1076,92021902666296.mockFlowFile,23B]; routing to relationship simple
[pool-2861-thread-1] INFO org.apache.nifi.processors.standard.RouteText - RouteText[id=e191155b-3232-49bd-bfe9-6bfcf78aa3cb] Routing FlowFile[1076,92021902666296.mockFlowFile,23B] to original
[main] DEBUG org.apache.nifi.processors.standard.RouteText - RouteText[id=e191155b-3232-49bd-bfe9-6bfcf78aa3cb] Adding new dynamic property: PropertyDescriptor[simple]
[pool-2862-thread-1] INFO org.apache.nifi.processors.standard.RouteText - RouteText[id=e191155b-3232-49bd-bfe9-6bfcf78aa3cb] Created FlowFile[1079,92021903124681.mockFlowFile,23B] from FlowFile[1078,92021903124681.mockFlowFile,23B]; routing to relationship simple
[pool-2862-thread-1] INFO org.apache.nifi.processors.standard.RouteText - RouteText[id=e191155b-3232-49bd-bfe9-6bfcf78aa3cb] Routing FlowFile[1078,92021903124681.mockFlowFile,23B] to original
[main] DEBUG org.apache.nifi.processors.standard.RouteText - RouteText[id=e191155b-3232-49bd-bfe9-6bfcf78aa3cb] Adding new dynamic property: PropertyDescriptor[simple]
[pool-2863-thread-1] INFO org.apache.nifi.processors.standard.RouteText - RouteText[id=e191155b-3232-49bd-bfe9-6bfcf78aa3cb] Created FlowFile[1081,92021903531837.mockFlowFile,23B] from FlowFile[1080,92021903531837.mockFlowFile,23B]; routing to relationship simple
[pool-2863-thread-1] INFO org.apache.nifi.processors.standard.RouteText - RouteText[id=e191155b-3232-49bd-bfe9-6bfcf78aa3cb] Routing FlowFile[1080,92021903531837.mockFlowFile,23B] to original
[main] DEBUG org.apache.nifi.processors.standard.RouteText - RouteText[id=e191155b-3232-49bd-bfe9-6bfcf78aa3cb] Adding new dynamic property: PropertyDescriptor[simple]
[pool-2864-thread-1] INFO org.apache.nifi.processors.standard.RouteText - RouteText[id=e191155b-3232-49bd-bfe9-6bfcf78aa3cb] Created FlowFile[1083,92021903988571.mockFlowFile,23B] from FlowFile[1082,92021903988571.mockFlowFile,23B]; routing to relationship simple
[pool-2864-thread-1] INFO org.apache.nifi.processors.standard.RouteText - RouteText[id=e191155b-3232-49bd-bfe9-6bfcf78aa3cb] Routing FlowFile[1082,92021903988571.mockFlowFile,23B] to original
[main] DEBUG org.apache.nifi.processors.standard.RouteText - RouteText[id=e191155b-3232-49bd-bfe9-6bfcf78aa3cb] Adding new dynamic property: PropertyDescriptor[simple]
[pool-2865-thread-1] INFO org.apache.nifi.processors.standard.RouteText - RouteText[id=e191155b-3232-49bd-bfe9-6bfcf78aa3cb] Created FlowFile[1085,92021904450837.mockFlowFile,23B] from FlowFile[1084,92021904450837.mockFlowFile,23B]; routing to relationship simple
[pool-2865-thread-1] INFO org.apache.nifi.processors.standard.RouteText - RouteText[id=e191155b-3232-49bd-bfe9-6bfcf78aa3cb] Routing FlowFile[1084,92021904450837.mockFlowFile,23B] to original
[main] DEBUG org.apache.nifi.processors.standard.RouteText - RouteText[id=e191155b-3232-49bd-bfe9-6bfcf78aa3cb] Adding new dynamic property: PropertyDescriptor[simple]
[pool-2866-thread-1] INFO org.apache.nifi.processors.standard.RouteText - RouteText[id=e191155b-3232-49bd-bfe9-6bfcf78aa3cb] Created FlowFile[1087,92021904895455.mockFlowFile,23B] from FlowFile[1086,92021904895455.mockFlowFile,23B]; routing to relationship simple
[pool-2866-thread-1] INFO org.apache.nifi.processors.standard.RouteText - RouteText[id=e191155b-3232-49bd-bfe9-6bfcf78aa3cb] Routing FlowFile[1086,92021904895455.mockFlowFile,23B] to original
[main] DEBUG org.apache.nifi.processors.standard.RouteText - RouteText[id=e191155b-3232-49bd-bfe9-6bfcf78aa3cb] Adding new dynamic property: PropertyDescriptor[simple]
[pool-2867-thread-1] INFO org.apache.nifi.processors.standard.RouteText - RouteText[id=e191155b-3232-49bd-bfe9-6bfcf78aa3cb] Created FlowFile[1089,92021905348084.mockFlowFile,23B] from FlowFile[1088,92021905348084.mockFlowFile,23B]; routing to relationship simple
[pool-2867-thread-1] INFO org.apache.nifi.processors.standard.RouteText - RouteText[id=e191155b-3232-49bd-bfe9-6bfcf78aa3cb] Routing FlowFile[1088,92021905348084.mockFlowFile,23B] to original
[main] DEBUG org.apache.nifi.processors.standard.RouteText - RouteText[id=e191155b-3232-49bd-bfe9-6bfcf78aa3cb] Adding new dynamic property: PropertyDescriptor[simple]
[pool-2868-thread-1] INFO org.apache.nifi.processors.standard.RouteText - RouteText[id=e191155b-3232-49bd-bfe9-6bfcf78aa3cb] Created FlowFile[1091,92021905804524.mockFlowFile,23B] from FlowFile[1090,92021905804524.mockFlowFile,23B]; routing to relationship simple
[pool-2868-thread-1] INFO org.apache.nifi.processors.standard.RouteText - RouteText[id=e191155b-3232-49bd-bfe9-6bfcf78aa3cb] Routing FlowFile[1090,92021905804524.mockFlowFile,23B] to original
[main] DEBUG org.apache.nifi.processors.standard.RouteText - RouteText[id=e191155b-3232-49bd-bfe9-6bfcf78aa3cb] Adding new dynamic property: PropertyDescriptor[simple]
[pool-2869-thread-1] INFO org.apache.nifi.processors.standard.RouteText - RouteText[id=e191155b-3232-49bd-bfe9-6bfcf78aa3cb] Created FlowFile[1093,92021906240294.mockFlowFile,23B] from FlowFile[1092,92021906240294.mockFlowFile,23B]; routing to relationship simple
[pool-2869-thread-1] INFO org.apache.nifi.processors.standard.RouteText - RouteText[id=e191155b-3232-49bd-bfe9-6bfcf78aa3cb] Routing FlowFile[1092,92021906240294.mockFlowFile,23B] to original
[main] DEBUG org.apache.nifi.processors.standard.RouteText - RouteText[id=e191155b-3232-49bd-bfe9-6bfcf78aa3cb] Adding new dynamic property: PropertyDescriptor[simple]
[pool-2870-thread-1] INFO org.apache.nifi.processors.standard.RouteText - RouteText[id=e191155b-3232-49bd-bfe9-6bfcf78aa3cb] Created FlowFile[1095,92021906669471.mockFlowFile,23B] from FlowFile[1094,92021906669471.mockFlowFile,23B]; routing to relationship simple
[pool-2870-thread-1] INFO org.apache.nifi.processors.standard.RouteText - RouteText[id=e191155b-3232-49bd-bfe9-6bfcf78aa3cb] Routing FlowFile[1094,92021906669471.mockFlowFile,23B] to original
[main] DEBUG org.apache.nifi.processors.standard.RouteText - RouteText[id=e191155b-3232-49bd-bfe9-6bfcf78aa3cb] Adding new dynamic property: PropertyDescriptor[simple]
[pool-2871-thread-1] INFO org.apache.nifi.processors.standard.RouteText - RouteText[id=e191155b-3232-49bd-bfe9-6bfcf78aa3cb] Created FlowFile[1097,92021907085539.mockFlowFile,23B] from FlowFile[1096,92021907085539.mockFlowFile,23B]; routing to relationship simple
[pool-2871-thread-1] INFO org.apache.nifi.processors.standard.RouteText - RouteText[id=e191155b-3232-49bd-bfe9-6bfcf78aa3cb] Routing FlowFile[1096,92021907085539.mockFlowFile,23B] to original
[main] DEBUG org.apache.nifi.processors.standard.RouteText - RouteText[id=e191155b-3232-49bd-bfe9-6bfcf78aa3cb] Adding new dynamic property: PropertyDescriptor[simple]
[pool-2872-thread-1] INFO org.apache.nifi.processors.standard.RouteText - RouteText[id=e191155b-3232-49bd-bfe9-6bfcf78aa3cb] Created FlowFile[1099,92021907452934.mockFlowFile,23B] from FlowFile[1098,92021907452934.mockFlowFile,23B]; routing to relationship simple
[pool-2872-thread-1] INFO org.apache.nifi.processors.standard.RouteText - RouteText[id=e191155b-3232-49bd-bfe9-6bfcf78aa3cb] Routing FlowFile[1098,92021907452934.mockFlowFile,23B] to original
[main] DEBUG org.apache.nifi.processors.standard.RouteText - RouteText[id=e191155b-3232-49bd-bfe9-6bfcf78aa3cb] Adding new dynamic property: PropertyDescriptor[simple]
[pool-2873-thread-1] INFO org.apache.nifi.processors.standard.RouteText - RouteText[id=e191155b-3232-49bd-bfe9-6bfcf78aa3cb] Created FlowFile[1101,92021907883169.mockFlowFile,23B] from FlowFile[1100,92021907883169.mockFlowFile,23B]; routing to relationship simple
[pool-2873-thread-1] INFO org.apache.nifi.processors.standard.RouteText - RouteText[id=e191155b-3232-49bd-bfe9-6bfcf78aa3cb] Routing FlowFile[1100,92021907883169.mockFlowFile,23B] to original
[main] DEBUG org.apache.nifi.processors.standard.RouteText - RouteText[id=e191155b-3232-49bd-bfe9-6bfcf78aa3cb] Adding new dynamic property: PropertyDescriptor[simple]
[pool-2874-thread-1] INFO org.apache.nifi.processors.standard.RouteText - RouteText[id=e191155b-3232-49bd-bfe9-6bfcf78aa3cb] Created FlowFile[1103,92021908454414.mockFlowFile,23B] from FlowFile[1102,92021908454414.mockFlowFile,23B]; routing to relationship simple
[pool-2874-thread-1] INFO org.apache.nifi.processors.standard.RouteText - RouteText[id=e191155b-3232-49bd-bfe9-6bfcf78aa3cb] Routing FlowFile[1102,92021908454414.mockFlowFile,23B] to original
[main] DEBUG org.apache.nifi.processors.standard.RouteText - RouteText[id=e191155b-3232-49bd-bfe9-6bfcf78aa3cb] Adding new dynamic property: PropertyDescriptor[simple]
[pool-2875-thread-1] INFO org.apache.nifi.processors.standard.RouteText - RouteText[id=e191155b-3232-49bd-bfe9-6bfcf78aa3cb] Created FlowFile[1105,92021908949109.mockFlowFile,23B] from FlowFile[1104,92021908949109.mockFlowFile,23B]; routing to relationship simple
[pool-2875-thread-1] INFO org.apache.nifi.processors.standard.RouteText - RouteText[id=e191155b-3232-49bd-bfe9-6bfcf78aa3cb] Routing FlowFile[1104,92021908949109.mockFlowFile,23B] to original
[main] DEBUG org.apache.nifi.processors.standard.RouteText - RouteText[id=e191155b-3232-49bd-bfe9-6bfcf78aa3cb] Adding new dynamic property: PropertyDescriptor[simple]
[pool-2876-thread-1] INFO org.apache.nifi.processors.standard.RouteText - RouteText[id=e191155b-3232-49bd-bfe9-6bfcf78aa3cb] Created FlowFile[1107,92021909478636.mockFlowFile,23B] from FlowFile[1106,92021909478636.mockFlowFile,23B]; routing to relationship simple
[pool-2876-thread-1] INFO org.apache.nifi.processors.standard.RouteText - RouteText[id=e191155b-3232-49bd-bfe9-6bfcf78aa3cb] Routing FlowFile[1106,92021909478636.mockFlowFile,23B] to original
[main] DEBUG org.apache.nifi.processors.standard.RouteText - RouteText[id=e191155b-3232-49bd-bfe9-6bfcf78aa3cb] Adding new dynamic property: PropertyDescriptor[simple]
[pool-2877-thread-1] INFO org.apache.nifi.processors.standard.RouteText - RouteText[id=e191155b-3232-49bd-bfe9-6bfcf78aa3cb] Created FlowFile[1109,92021909935196.mockFlowFile,23B] from FlowFile[1108,92021909935196.mockFlowFile,23B]; routing to relationship simple
[pool-2877-thread-1] INFO org.apache.nifi.processors.standard.RouteText - RouteText[id=e191155b-3232-49bd-bfe9-6bfcf78aa3cb] Routing FlowFile[1108,92021909935196.mockFlowFile,23B] to original
[main] DEBUG org.apache.nifi.processors.standard.RouteText - RouteText[id=e191155b-3232-49bd-bfe9-6bfcf78aa3cb] Adding new dynamic property: PropertyDescriptor[simple]
[pool-2878-thread-1] INFO org.apache.nifi.processors.standard.RouteText - RouteText[id=e191155b-3232-49bd-bfe9-6bfcf78aa3cb] Created FlowFile[1111,92021910368283.mockFlowFile,23B] from FlowFile[1110,92021910368283.mockFlowFile,23B]; routing to relationship simple
[pool-2878-thread-1] INFO org.apache.nifi.processors.standard.RouteText - RouteText[id=e191155b-3232-49bd-bfe9-6bfcf78aa3cb] Routing FlowFile[1110,92021910368283.mockFlowFile,23B] to original
[main] DEBUG org.apache.nifi.processors.standard.RouteText - RouteText[id=e191155b-3232-49bd-bfe9-6bfcf78aa3cb] Adding new dynamic property: PropertyDescriptor[simple]
[pool-2879-thread-1] INFO org.apache.nifi.processors.standard.RouteText - RouteText[id=e191155b-3232-49bd-bfe9-6bfcf78aa3cb] Created FlowFile[1113,92021910823113.mockFlowFile,23B] from FlowFile[1112,92021910823113.mockFlowFile,23B]; routing to relationship simple
[pool-2879-thread-1] INFO org.apache.nifi.processors.standard.RouteText - RouteText[id=e191155b-3232-49bd-bfe9-6bfcf78aa3cb] Routing FlowFile[1112,92021910823113.mockFlowFile,23B] to original
[main] DEBUG org.apache.nifi.processors.standard.RouteText - RouteText[id=e191155b-3232-49bd-bfe9-6bfcf78aa3cb] Adding new dynamic property: PropertyDescriptor[simple]
[pool-2880-thread-1] INFO org.apache.nifi.processors.standard.RouteText - RouteText[id=e191155b-3232-49bd-bfe9-6bfcf78aa3cb] Created FlowFile[1115,92021911287151.mockFlowFile,23B] from FlowFile[1114,92021911287151.mockFlowFile,23B]; routing to relationship simple
[pool-2880-thread-1] INFO org.apache.nifi.processors.standard.RouteText - RouteText[id=e191155b-3232-49bd-bfe9-6bfcf78aa3cb] Routing FlowFile[1114,92021911287151.mockFlowFile,23B] to original
[main] DEBUG org.apache.nifi.processors.standard.RouteText - RouteText[id=e191155b-3232-49bd-bfe9-6bfcf78aa3cb] Adding new dynamic property: PropertyDescriptor[simple]
[pool-2881-thread-1] INFO org.apache.nifi.processors.standard.RouteText - RouteText[id=e191155b-3232-49bd-bfe9-6bfcf78aa3cb] Created FlowFile[1117,92021911801932.mockFlowFile,23B] from FlowFile[1116,92021911801932.mockFlowFile,23B]; routing to relationship simple
[pool-2881-thread-1] INFO org.apache.nifi.processors.standard.RouteText - RouteText[id=e191155b-3232-49bd-bfe9-6bfcf78aa3cb] Routing FlowFile[1116,92021911801932.mockFlowFile,23B] to original
[main] DEBUG org.apache.nifi.processors.standard.RouteText - RouteText[id=e191155b-3232-49bd-bfe9-6bfcf78aa3cb] Adding new dynamic property: PropertyDescriptor[simple]
[pool-2882-thread-1] INFO org.apache.nifi.processors.standard.RouteText - RouteText[id=e191155b-3232-49bd-bfe9-6bfcf78aa3cb] Created FlowFile[1119,92021912283286.mockFlowFile,23B] from FlowFile[1118,92021912283286.mockFlowFile,23B]; routing to relationship simple
[pool-2882-thread-1] INFO org.apache.nifi.processors.standard.RouteText - RouteText[id=e191155b-3232-49bd-bfe9-6bfcf78aa3cb] Routing FlowFile[1118,92021912283286.mockFlowFile,23B] to original
[main] DEBUG org.apache.nifi.processors.standard.RouteText - RouteText[id=e191155b-3232-49bd-bfe9-6bfcf78aa3cb] Adding new dynamic property: PropertyDescriptor[simple]
[pool-2883-thread-1] INFO org.apache.nifi.processors.standard.RouteText - RouteText[id=e191155b-3232-49bd-bfe9-6bfcf78aa3cb] Created FlowFile[1121,92021912735203.mockFlowFile,23B] from FlowFile[1120,92021912735203.mockFlowFile,23B]; routing to relationship simple
[pool-2883-thread-1] INFO org.apache.nifi.processors.standard.RouteText - RouteText[id=e191155b-3232-49bd-bfe9-6bfcf78aa3cb] Routing FlowFile[1120,92021912735203.mockFlowFile,23B] to original
[main] DEBUG org.apache.nifi.processors.standard.RouteText - RouteText[id=e191155b-3232-49bd-bfe9-6bfcf78aa3cb] Adding new dynamic property: PropertyDescriptor[simple]
[pool-2884-thread-1] INFO org.apache.nifi.processors.standard.RouteText - RouteText[id=e191155b-3232-49bd-bfe9-6bfcf78aa3cb] Created FlowFile[1123,92021913197042.mockFlowFile,23B] from FlowFile[1122,92021913197042.mockFlowFile,23B]; routing to relationship simple
[pool-2884-thread-1] INFO org.apache.nifi.processors.standard.RouteText - RouteText[id=e191155b-3232-49bd-bfe9-6bfcf78aa3cb] Routing FlowFile[1122,92021913197042.mockFlowFile,23B] to original
[main] DEBUG org.apache.nifi.processors.standard.RouteText - RouteText[id=e191155b-3232-49bd-bfe9-6bfcf78aa3cb] Adding new dynamic property: PropertyDescriptor[simple]
[pool-2885-thread-1] INFO org.apache.nifi.processors.standard.RouteText - RouteText[id=e191155b-3232-49bd-bfe9-6bfcf78aa3cb] Created FlowFile[1125,92021913671459.mockFlowFile,23B] from FlowFile[1124,92021913671459.mockFlowFile,23B]; routing to relationship simple
[pool-2885-thread-1] INFO org.apache.nifi.processors.standard.RouteText - RouteText[id=e191155b-3232-49bd-bfe9-6bfcf78aa3cb] Routing FlowFile[1124,92021913671459.mockFlowFile,23B] to original
[main] DEBUG org.apache.nifi.processors.standard.RouteText - RouteText[id=e191155b-3232-49bd-bfe9-6bfcf78aa3cb] Adding new dynamic property: PropertyDescriptor[simple]
[pool-2886-thread-1] INFO org.apache.nifi.processors.standard.RouteText - RouteText[id=e191155b-3232-49bd-bfe9-6bfcf78aa3cb] Created FlowFile[1127,92021914198369.mockFlowFile,23B] from FlowFile[1126,92021914198369.mockFlowFile,23B]; routing to relationship simple
[pool-2886-thread-1] INFO org.apache.nifi.processors.standard.RouteText - RouteText[id=e191155b-3232-49bd-bfe9-6bfcf78aa3cb] Routing FlowFile[1126,92021914198369.mockFlowFile,23B] to original
[main] DEBUG org.apache.nifi.processors.standard.RouteText - RouteText[id=e191155b-3232-49bd-bfe9-6bfcf78aa3cb] Adding new dynamic property: PropertyDescriptor[simple]
[pool-2887-thread-1] INFO org.apache.nifi.processors.standard.RouteText - RouteText[id=e191155b-3232-49bd-bfe9-6bfcf78aa3cb] Created FlowFile[1129,92021914695841.mockFlowFile,23B] from FlowFile[1128,92021914695841.mockFlowFile,23B]; routing to relationship simple
[pool-2887-thread-1] INFO org.apache.nifi.processors.standard.RouteText - RouteText[id=e191155b-3232-49bd-bfe9-6bfcf78aa3cb] Routing FlowFile[1128,92021914695841.mockFlowFile,23B] to original
[main] DEBUG org.apache.nifi.processors.standard.RouteText - RouteText[id=e191155b-3232-49bd-bfe9-6bfcf78aa3cb] Adding new dynamic property: PropertyDescriptor[simple]
[pool-2888-thread-1] INFO org.apache.nifi.processors.standard.RouteText - RouteText[id=e191155b-3232-49bd-bfe9-6bfcf78aa3cb] Created FlowFile[1131,92021915177330.mockFlowFile,23B] from FlowFile[1130,92021915177330.mockFlowFile,23B]; routing to relationship simple
[pool-2888-thread-1] INFO org.apache.nifi.processors.standard.RouteText - RouteText[id=e191155b-3232-49bd-bfe9-6bfcf78aa3cb] Routing FlowFile[1130,92021915177330.mockFlowFile,23B] to original
[main] DEBUG org.apache.nifi.processors.standard.RouteText - RouteText[id=e191155b-3232-49bd-bfe9-6bfcf78aa3cb] Adding new dynamic property: PropertyDescriptor[simple]
[pool-2889-thread-1] INFO org.apache.nifi.processors.standard.RouteText - RouteText[id=e191155b-3232-49bd-bfe9-6bfcf78aa3cb] Created FlowFile[1133,92021915613971.mockFlowFile,23B] from FlowFile[1132,92021915613971.mockFlowFile,23B]; routing to relationship simple
[pool-2889-thread-1] INFO org.apache.nifi.processors.standard.RouteText - RouteText[id=e191155b-3232-49bd-bfe9-6bfcf78aa3cb] Routing FlowFile[1132,92021915613971.mockFlowFile,23B] to original
[main] DEBUG org.apache.nifi.processors.standard.RouteText - RouteText[id=e191155b-3232-49bd-bfe9-6bfcf78aa3cb] Adding new dynamic property: PropertyDescriptor[simple]
[pool-2890-thread-1] INFO org.apache.nifi.processors.standard.RouteText - RouteText[id=e191155b-3232-49bd-bfe9-6bfcf78aa3cb] Created FlowFile[1135,92021916105695.mockFlowFile,23B] from FlowFile[1134,92021916105695.mockFlowFile,23B]; routing to relationship simple
[pool-2890-thread-1] INFO org.apache.nifi.processors.standard.RouteText - RouteText[id=e191155b-3232-49bd-bfe9-6bfcf78aa3cb] Routing FlowFile[1134,92021916105695.mockFlowFile,23B] to original
[main] DEBUG org.apache.nifi.processors.standard.RouteText - RouteText[id=e191155b-3232-49bd-bfe9-6bfcf78aa3cb] Adding new dynamic property: PropertyDescriptor[simple]
[pool-2891-thread-1] INFO org.apache.nifi.processors.standard.RouteText - RouteText[id=e191155b-3232-49bd-bfe9-6bfcf78aa3cb] Created FlowFile[1137,92021916571132.mockFlowFile,23B] from FlowFile[1136,92021916571132.mockFlowFile,23B]; routing to relationship simple
[pool-2891-thread-1] INFO org.apache.nifi.processors.standard.RouteText - RouteText[id=e191155b-3232-49bd-bfe9-6bfcf78aa3cb] Routing FlowFile[1136,92021916571132.mockFlowFile,23B] to original
[main] DEBUG org.apache.nifi.processors.standard.RouteText - RouteText[id=e191155b-3232-49bd-bfe9-6bfcf78aa3cb] Adding new dynamic property: PropertyDescriptor[simple]
[pool-2892-thread-1] INFO org.apache.nifi.processors.standard.RouteText - RouteText[id=e191155b-3232-49bd-bfe9-6bfcf78aa3cb] Created FlowFile[1139,92021917071276.mockFlowFile,23B] from FlowFile[1138,92021917071276.mockFlowFile,23B]; routing to relationship simple
[pool-2892-thread-1] INFO org.apache.nifi.processors.standard.RouteText - RouteText[id=e191155b-3232-49bd-bfe9-6bfcf78aa3cb] Routing FlowFile[1138,92021917071276.mockFlowFile,23B] to original
[main] DEBUG org.apache.nifi.processors.standard.RouteText - RouteText[id=e191155b-3232-49bd-bfe9-6bfcf78aa3cb] Adding new dynamic property: PropertyDescriptor[simple]
[pool-2893-thread-1] INFO org.apache.nifi.processors.standard.RouteText - RouteText[id=e191155b-3232-49bd-bfe9-6bfcf78aa3cb] Created FlowFile[1141,92021917582412.mockFlowFile,23B] from FlowFile[1140,92021917582412.mockFlowFile,23B]; routing to relationship simple
[pool-2893-thread-1] INFO org.apache.nifi.processors.standard.RouteText - RouteText[id=e191155b-3232-49bd-bfe9-6bfcf78aa3cb] Routing FlowFile[1140,92021917582412.mockFlowFile,23B] to original
[main] DEBUG org.apache.nifi.processors.standard.RouteText - RouteText[id=e191155b-3232-49bd-bfe9-6bfcf78aa3cb] Adding new dynamic property: PropertyDescriptor[simple]
[pool-2894-thread-1] INFO org.apache.nifi.processors.standard.RouteText - RouteText[id=e191155b-3232-49bd-bfe9-6bfcf78aa3cb] Created FlowFile[1143,92021918085366.mockFlowFile,23B] from FlowFile[1142,92021918085366.mockFlowFile,23B]; routing to relationship simple
[pool-2894-thread-1] INFO org.apache.nifi.processors.standard.RouteText - RouteText[id=e191155b-3232-49bd-bfe9-6bfcf78aa3cb] Routing FlowFile[1142,92021918085366.mockFlowFile,23B] to original
[main] DEBUG org.apache.nifi.processors.standard.RouteText - RouteText[id=e191155b-3232-49bd-bfe9-6bfcf78aa3cb] Adding new dynamic property: PropertyDescriptor[simple]
[pool-2895-thread-1] INFO org.apache.nifi.processors.standard.RouteText - RouteText[id=e191155b-3232-49bd-bfe9-6bfcf78aa3cb] Created FlowFile[1145,92021918574396.mockFlowFile,23B] from FlowFile[1144,92021918574396.mockFlowFile,23B]; routing to relationship simple
[pool-2895-thread-1] INFO org.apache.nifi.processors.standard.RouteText - RouteText[id=e191155b-3232-49bd-bfe9-6bfcf78aa3cb] Routing FlowFile[1144,92021918574396.mockFlowFile,23B] to original
[main] DEBUG org.apache.nifi.processors.standard.RouteText - RouteText[id=e191155b-3232-49bd-bfe9-6bfcf78aa3cb] Adding new dynamic property: PropertyDescriptor[simple]
[pool-2896-thread-1] INFO org.apache.nifi.processors.standard.RouteText - RouteText[id=e191155b-3232-49bd-bfe9-6bfcf78aa3cb] Created FlowFile[1147,92021919093911.mockFlowFile,23B] from FlowFile[1146,92021919093911.mockFlowFile,23B]; routing to relationship simple
[pool-2896-thread-1] INFO org.apache.nifi.processors.standard.RouteText - RouteText[id=e191155b-3232-49bd-bfe9-6bfcf78aa3cb] Routing FlowFile[1146,92021919093911.mockFlowFile,23B] to original
[main] DEBUG org.apache.nifi.processors.standard.RouteText - RouteText[id=e191155b-3232-49bd-bfe9-6bfcf78aa3cb] Adding new dynamic property: PropertyDescriptor[simple]
[pool-2897-thread-1] INFO org.apache.nifi.processors.standard.RouteText - RouteText[id=e191155b-3232-49bd-bfe9-6bfcf78aa3cb] Created FlowFile[1149,92021919575153.mockFlowFile,23B] from FlowFile[1148,92021919575153.mockFlowFile,23B]; routing to relationship simple
[pool-2897-thread-1] INFO org.apache.nifi.processors.standard.RouteText - RouteText[id=e191155b-3232-49bd-bfe9-6bfcf78aa3cb] Routing FlowFile[1148,92021919575153.mockFlowFile,23B] to original
[main] DEBUG org.apache.nifi.processors.standard.RouteText - RouteText[id=e191155b-3232-49bd-bfe9-6bfcf78aa3cb] Adding new dynamic property: PropertyDescriptor[simple]
[pool-2898-thread-1] INFO org.apache.nifi.processors.standard.RouteText - RouteText[id=e191155b-3232-49bd-bfe9-6bfcf78aa3cb] Created FlowFile[1151,92021920136690.mockFlowFile,23B] from FlowFile[1150,92021920136690.mockFlowFile,23B]; routing to relationship simple
[pool-2898-thread-1] INFO org.apache.nifi.processors.standard.RouteText - RouteText[id=e191155b-3232-49bd-bfe9-6bfcf78aa3cb] Routing FlowFile[1150,92021920136690.mockFlowFile,23B] to original
[main] DEBUG org.apache.nifi.processors.standard.RouteText - RouteText[id=e191155b-3232-49bd-bfe9-6bfcf78aa3cb] Adding new dynamic property: PropertyDescriptor[simple]
[pool-2899-thread-1] INFO org.apache.nifi.processors.standard.RouteText - RouteText[id=e191155b-3232-49bd-bfe9-6bfcf78aa3cb] Created FlowFile[1153,92021940290373.mockFlowFile,23B] from FlowFile[1152,92021940290373.mockFlowFile,23B]; routing to relationship simple
[pool-2899-thread-1] INFO org.apache.nifi.processors.standard.RouteText - RouteText[id=e191155b-3232-49bd-bfe9-6bfcf78aa3cb] Routing FlowFile[1152,92021940290373.mockFlowFile,23B] to original
[main] DEBUG org.apache.nifi.processors.standard.RouteText - RouteText[id=e191155b-3232-49bd-bfe9-6bfcf78aa3cb] Adding new dynamic property: PropertyDescriptor[simple]
[pool-2900-thread-1] INFO org.apache.nifi.processors.standard.RouteText - RouteText[id=e191155b-3232-49bd-bfe9-6bfcf78aa3cb] Created FlowFile[1155,92021941511749.mockFlowFile,23B] from FlowFile[1154,92021941511749.mockFlowFile,23B]; routing to relationship simple
[pool-2900-thread-1] INFO org.apache.nifi.processors.standard.RouteText - RouteText[id=e191155b-3232-49bd-bfe9-6bfcf78aa3cb] Routing FlowFile[1154,92021941511749.mockFlowFile,23B] to original
[main] DEBUG org.apache.nifi.processors.standard.RouteText - RouteText[id=e191155b-3232-49bd-bfe9-6bfcf78aa3cb] Adding new dynamic property: PropertyDescriptor[simple]
[pool-2901-thread-1] INFO org.apache.nifi.processors.standard.RouteText - RouteText[id=e191155b-3232-49bd-bfe9-6bfcf78aa3cb] Created FlowFile[1157,92021942168530.mockFlowFile,23B] from FlowFile[1156,92021942168530.mockFlowFile,23B]; routing to relationship simple
[pool-2901-thread-1] INFO org.apache.nifi.processors.standard.RouteText - RouteText[id=e191155b-3232-49bd-bfe9-6bfcf78aa3cb] Routing FlowFile[1156,92021942168530.mockFlowFile,23B] to original
[main] DEBUG org.apache.nifi.processors.standard.RouteText - RouteText[id=e191155b-3232-49bd-bfe9-6bfcf78aa3cb] Adding new dynamic property: PropertyDescriptor[simple]
[pool-2902-thread-1] INFO org.apache.nifi.processors.standard.RouteText - RouteText[id=e191155b-3232-49bd-bfe9-6bfcf78aa3cb] Created FlowFile[1159,92021942719269.mockFlowFile,23B] from FlowFile[1158,92021942719269.mockFlowFile,23B]; routing to relationship simple
[pool-2902-thread-1] INFO org.apache.nifi.processors.standard.RouteText - RouteText[id=e191155b-3232-49bd-bfe9-6bfcf78aa3cb] Routing FlowFile[1158,92021942719269.mockFlowFile,23B] to original
[main] DEBUG org.apache.nifi.processors.standard.RouteText - RouteText[id=e191155b-3232-49bd-bfe9-6bfcf78aa3cb] Adding new dynamic property: PropertyDescriptor[simple]
[pool-2903-thread-1] INFO org.apache.nifi.processors.standard.RouteText - RouteText[id=e191155b-3232-49bd-bfe9-6bfcf78aa3cb] Created FlowFile[1161,92021943261868.mockFlowFile,23B] from FlowFile[1160,92021943261868.mockFlowFile,23B]; routing to relationship simple
[pool-2903-thread-1] INFO org.apache.nifi.processors.standard.RouteText - RouteText[id=e191155b-3232-49bd-bfe9-6bfcf78aa3cb] Routing FlowFile[1160,92021943261868.mockFlowFile,23B] to original
[main] DEBUG org.apache.nifi.processors.standard.RouteText - RouteText[id=e191155b-3232-49bd-bfe9-6bfcf78aa3cb] Adding new dynamic property: PropertyDescriptor[simple]
[pool-2904-thread-1] INFO org.apache.nifi.processors.standard.RouteText - RouteText[id=e191155b-3232-49bd-bfe9-6bfcf78aa3cb] Created FlowFile[1163,92021943819881.mockFlowFile,23B] from FlowFile[1162,92021943819881.mockFlowFile,23B]; routing to relationship simple
[pool-2904-thread-1] INFO org.apache.nifi.processors.standard.RouteText - RouteText[id=e191155b-3232-49bd-bfe9-6bfcf78aa3cb] Routing FlowFile[1162,92021943819881.mockFlowFile,23B] to original
[main] DEBUG org.apache.nifi.processors.standard.RouteText - RouteText[id=e191155b-3232-49bd-bfe9-6bfcf78aa3cb] Adding new dynamic property: PropertyDescriptor[simple]
[pool-2905-thread-1] INFO org.apache.nifi.processors.standard.RouteText - RouteText[id=e191155b-3232-49bd-bfe9-6bfcf78aa3cb] Created FlowFile[1165,92021944333024.mockFlowFile,23B] from FlowFile[1164,92021944333024.mockFlowFile,23B]; routing to relationship simple
[pool-2905-thread-1] INFO org.apache.nifi.processors.standard.RouteText - RouteText[id=e191155b-3232-49bd-bfe9-6bfcf78aa3cb] Routing FlowFile[1164,92021944333024.mockFlowFile,23B] to original
[main] DEBUG org.apache.nifi.processors.standard.RouteText - RouteText[id=e191155b-3232-49bd-bfe9-6bfcf78aa3cb] Adding new dynamic property: PropertyDescriptor[simple]
[pool-2906-thread-1] INFO org.apache.nifi.processors.standard.RouteText - RouteText[id=e191155b-3232-49bd-bfe9-6bfcf78aa3cb] Created FlowFile[1167,92021944835944.mockFlowFile,23B] from FlowFile[1166,92021944835944.mockFlowFile,23B]; routing to relationship simple
[pool-2906-thread-1] INFO org.apache.nifi.processors.standard.RouteText - RouteText[id=e191155b-3232-49bd-bfe9-6bfcf78aa3cb] Routing FlowFile[1166,92021944835944.mockFlowFile,23B] to original
[main] DEBUG org.apache.nifi.processors.standard.RouteText - RouteText[id=e191155b-3232-49bd-bfe9-6bfcf78aa3cb] Adding new dynamic property: PropertyDescriptor[simple]
[pool-2907-thread-1] INFO org.apache.nifi.processors.standard.RouteText - RouteText[id=e191155b-3232-49bd-bfe9-6bfcf78aa3cb] Created FlowFile[1169,92021945386456.mockFlowFile,23B] from FlowFile[1168,92021945386456.mockFlowFile,23B]; routing to relationship simple
[pool-2907-thread-1] INFO org.apache.nifi.processors.standard.RouteText - RouteText[id=e191155b-3232-49bd-bfe9-6bfcf78aa3cb] Routing FlowFile[1168,92021945386456.mockFlowFile,23B] to original
[main] DEBUG org.apache.nifi.processors.standard.RouteText - RouteText[id=e191155b-3232-49bd-bfe9-6bfcf78aa3cb] Adding new dynamic property: PropertyDescriptor[simple]
[pool-2908-thread-1] INFO org.apache.nifi.processors.standard.RouteText - RouteText[id=e191155b-3232-49bd-bfe9-6bfcf78aa3cb] Created FlowFile[1171,92021945896487.mockFlowFile,23B] from FlowFile[1170,92021945896487.mockFlowFile,23B]; routing to relationship simple
[pool-2908-thread-1] INFO org.apache.nifi.processors.standard.RouteText - RouteText[id=e191155b-3232-49bd-bfe9-6bfcf78aa3cb] Routing FlowFile[1170,92021945896487.mockFlowFile,23B] to original
[main] DEBUG org.apache.nifi.processors.standard.RouteText - RouteText[id=e191155b-3232-49bd-bfe9-6bfcf78aa3cb] Adding new dynamic property: PropertyDescriptor[simple]
[pool-2909-thread-1] INFO org.apache.nifi.processors.standard.RouteText - RouteText[id=e191155b-3232-49bd-bfe9-6bfcf78aa3cb] Created FlowFile[1173,92021946390979.mockFlowFile,23B] from FlowFile[1172,92021946390979.mockFlowFile,23B]; routing to relationship simple
[pool-2909-thread-1] INFO org.apache.nifi.processors.standard.RouteText - RouteText[id=e191155b-3232-49bd-bfe9-6bfcf78aa3cb] Routing FlowFile[1172,92021946390979.mockFlowFile,23B] to original
[main] DEBUG org.apache.nifi.processors.standard.RouteText - RouteText[id=e191155b-3232-49bd-bfe9-6bfcf78aa3cb] Adding new dynamic property: PropertyDescriptor[simple]
[pool-2910-thread-1] INFO org.apache.nifi.processors.standard.RouteText - RouteText[id=e191155b-3232-49bd-bfe9-6bfcf78aa3cb] Created FlowFile[1175,92021946917867.mockFlowFile,23B] from FlowFile[1174,92021946917867.mockFlowFile,23B]; routing to relationship simple
[pool-2910-thread-1] INFO org.apache.nifi.processors.standard.RouteText - RouteText[id=e191155b-3232-49bd-bfe9-6bfcf78aa3cb] Routing FlowFile[1174,92021946917867.mockFlowFile,23B] to original
[main] DEBUG org.apache.nifi.processors.standard.RouteText - RouteText[id=e191155b-3232-49bd-bfe9-6bfcf78aa3cb] Adding new dynamic property: PropertyDescriptor[simple]
[pool-2911-thread-1] INFO org.apache.nifi.processors.standard.RouteText - RouteText[id=e191155b-3232-49bd-bfe9-6bfcf78aa3cb] Created FlowFile[1177,92021947425250.mockFlowFile,23B] from FlowFile[1176,92021947425250.mockFlowFile,23B]; routing to relationship simple
[pool-2911-thread-1] INFO org.apache.nifi.processors.standard.RouteText - RouteText[id=e191155b-3232-49bd-bfe9-6bfcf78aa3cb] Routing FlowFile[1176,92021947425250.mockFlowFile,23B] to original
[main] DEBUG org.apache.nifi.processors.standard.RouteText - RouteText[id=e191155b-3232-49bd-bfe9-6bfcf78aa3cb] Adding new dynamic property: PropertyDescriptor[simple]
[pool-2912-thread-1] INFO org.apache.nifi.processors.standard.RouteText - RouteText[id=e191155b-3232-49bd-bfe9-6bfcf78aa3cb] Created FlowFile[1179,92021947928916.mockFlowFile,23B] from FlowFile[1178,92021947928916.mockFlowFile,23B]; routing to relationship simple
[pool-2912-thread-1] INFO org.apache.nifi.processors.standard.RouteText - RouteText[id=e191155b-3232-49bd-bfe9-6bfcf78aa3cb] Routing FlowFile[1178,92021947928916.mockFlowFile,23B] to original
[main] DEBUG org.apache.nifi.processors.standard.RouteText - RouteText[id=e191155b-3232-49bd-bfe9-6bfcf78aa3cb] Adding new dynamic property: PropertyDescriptor[simple]
[pool-2913-thread-1] INFO org.apache.nifi.processors.standard.RouteText - RouteText[id=e191155b-3232-49bd-bfe9-6bfcf78aa3cb] Created FlowFile[1181,92021948400388.mockFlowFile,23B] from FlowFile[1180,92021948400388.mockFlowFile,23B]; routing to relationship simple
[pool-2913-thread-1] INFO org.apache.nifi.processors.standard.RouteText - RouteText[id=e191155b-3232-49bd-bfe9-6bfcf78aa3cb] Routing FlowFile[1180,92021948400388.mockFlowFile,23B] to original
[main] DEBUG org.apache.nifi.processors.standard.RouteText - RouteText[id=e191155b-3232-49bd-bfe9-6bfcf78aa3cb] Adding new dynamic property: PropertyDescriptor[simple]
[pool-2914-thread-1] INFO org.apache.nifi.processors.standard.RouteText - RouteText[id=e191155b-3232-49bd-bfe9-6bfcf78aa3cb] Created FlowFile[1183,92021948905800.mockFlowFile,23B] from FlowFile[1182,92021948905800.mockFlowFile,23B]; routing to relationship simple
[pool-2914-thread-1] INFO org.apache.nifi.processors.standard.RouteText - RouteText[id=e191155b-3232-49bd-bfe9-6bfcf78aa3cb] Routing FlowFile[1182,92021948905800.mockFlowFile,23B] to original
[main] DEBUG org.apache.nifi.processors.standard.RouteText - RouteText[id=e191155b-3232-49bd-bfe9-6bfcf78aa3cb] Adding new dynamic property: PropertyDescriptor[simple]
[pool-2915-thread-1] INFO org.apache.nifi.processors.standard.RouteText - RouteText[id=e191155b-3232-49bd-bfe9-6bfcf78aa3cb] Created FlowFile[1185,92021949442157.mockFlowFile,23B] from FlowFile[1184,92021949442157.mockFlowFile,23B]; routing to relationship simple
[pool-2915-thread-1] INFO org.apache.nifi.processors.standard.RouteText - RouteText[id=e191155b-3232-49bd-bfe9-6bfcf78aa3cb] Routing FlowFile[1184,92021949442157.mockFlowFile,23B] to original
[main] DEBUG org.apache.nifi.processors.standard.RouteText - RouteText[id=e191155b-3232-49bd-bfe9-6bfcf78aa3cb] Adding new dynamic property: PropertyDescriptor[simple]
[pool-2916-thread-1] INFO org.apache.nifi.processors.standard.RouteText - RouteText[id=e191155b-3232-49bd-bfe9-6bfcf78aa3cb] Created FlowFile[1187,92021949915104.mockFlowFile,23B] from FlowFile[1186,92021949915104.mockFlowFile,23B]; routing to relationship simple
[pool-2916-thread-1] INFO org.apache.nifi.processors.standard.RouteText - RouteText[id=e191155b-3232-49bd-bfe9-6bfcf78aa3cb] Routing FlowFile[1186,92021949915104.mockFlowFile,23B] to original
[main] DEBUG org.apache.nifi.processors.standard.RouteText - RouteText[id=e191155b-3232-49bd-bfe9-6bfcf78aa3cb] Adding new dynamic property: PropertyDescriptor[simple]
[pool-2917-thread-1] INFO org.apache.nifi.processors.standard.RouteText - RouteText[id=e191155b-3232-49bd-bfe9-6bfcf78aa3cb] Created FlowFile[1189,92021950457375.mockFlowFile,23B] from FlowFile[1188,92021950457375.mockFlowFile,23B]; routing to relationship simple
[pool-2917-thread-1] INFO org.apache.nifi.processors.standard.RouteText - RouteText[id=e191155b-3232-49bd-bfe9-6bfcf78aa3cb] Routing FlowFile[1188,92021950457375.mockFlowFile,23B] to original
[main] DEBUG org.apache.nifi.processors.standard.RouteText - RouteText[id=e191155b-3232-49bd-bfe9-6bfcf78aa3cb] Adding new dynamic property: PropertyDescriptor[simple]
[pool-2918-thread-1] INFO org.apache.nifi.processors.standard.RouteText - RouteText[id=e191155b-3232-49bd-bfe9-6bfcf78aa3cb] Created FlowFile[1191,92021950981701.mockFlowFile,23B] from FlowFile[1190,92021950981701.mockFlowFile,23B]; routing to relationship simple
[pool-2918-thread-1] INFO org.apache.nifi.processors.standard.RouteText - RouteText[id=e191155b-3232-49bd-bfe9-6bfcf78aa3cb] Routing FlowFile[1190,92021950981701.mockFlowFile,23B] to original
[main] DEBUG org.apache.nifi.processors.standard.RouteText - RouteText[id=e191155b-3232-49bd-bfe9-6bfcf78aa3cb] Adding new dynamic property: PropertyDescriptor[simple]
[pool-2919-thread-1] INFO org.apache.nifi.processors.standard.RouteText - RouteText[id=e191155b-3232-49bd-bfe9-6bfcf78aa3cb] Created FlowFile[1193,92021951441436.mockFlowFile,23B] from FlowFile[1192,92021951441436.mockFlowFile,23B]; routing to relationship simple
[pool-2919-thread-1] INFO org.apache.nifi.processors.standard.RouteText - RouteText[id=e191155b-3232-49bd-bfe9-6bfcf78aa3cb] Routing FlowFile[1192,92021951441436.mockFlowFile,23B] to original
[main] DEBUG org.apache.nifi.processors.standard.RouteText - RouteText[id=e191155b-3232-49bd-bfe9-6bfcf78aa3cb] Adding new dynamic property: PropertyDescriptor[simple]
[pool-2920-thread-1] INFO org.apache.nifi.processors.standard.RouteText - RouteText[id=e191155b-3232-49bd-bfe9-6bfcf78aa3cb] Created FlowFile[1195,92021951997022.mockFlowFile,23B] from FlowFile[1194,92021951997022.mockFlowFile,23B]; routing to relationship simple
[pool-2920-thread-1] INFO org.apache.nifi.processors.standard.RouteText - RouteText[id=e191155b-3232-49bd-bfe9-6bfcf78aa3cb] Routing FlowFile[1194,92021951997022.mockFlowFile,23B] to original
[main] DEBUG org.apache.nifi.processors.standard.RouteText - RouteText[id=e191155b-3232-49bd-bfe9-6bfcf78aa3cb] Adding new dynamic property: PropertyDescriptor[simple]
[pool-2921-thread-1] INFO org.apache.nifi.processors.standard.RouteText - RouteText[id=e191155b-3232-49bd-bfe9-6bfcf78aa3cb] Created FlowFile[1197,92021952475929.mockFlowFile,23B] from FlowFile[1196,92021952475929.mockFlowFile,23B]; routing to relationship simple
[pool-2921-thread-1] INFO org.apache.nifi.processors.standard.RouteText - RouteText[id=e191155b-3232-49bd-bfe9-6bfcf78aa3cb] Routing FlowFile[1196,92021952475929.mockFlowFile,23B] to original
[main] DEBUG org.apache.nifi.processors.standard.RouteText - RouteText[id=e191155b-3232-49bd-bfe9-6bfcf78aa3cb] Adding new dynamic property: PropertyDescriptor[simple]
[pool-2922-thread-1] INFO org.apache.nifi.processors.standard.RouteText - RouteText[id=e191155b-3232-49bd-bfe9-6bfcf78aa3cb] Created FlowFile[1199,92021952929658.mockFlowFile,23B] from FlowFile[1198,92021952929658.mockFlowFile,23B]; routing to relationship simple
[pool-2922-thread-1] INFO org.apache.nifi.processors.standard.RouteText - RouteText[id=e191155b-3232-49bd-bfe9-6bfcf78aa3cb] Routing FlowFile[1198,92021952929658.mockFlowFile,23B] to original
[main] DEBUG org.apache.nifi.processors.standard.RouteText - RouteText[id=e191155b-3232-49bd-bfe9-6bfcf78aa3cb] Adding new dynamic property: PropertyDescriptor[simple]
[pool-2923-thread-1] INFO org.apache.nifi.processors.standard.RouteText - RouteText[id=e191155b-3232-49bd-bfe9-6bfcf78aa3cb] Created FlowFile[1201,92021953427527.mockFlowFile,23B] from FlowFile[1200,92021953427527.mockFlowFile,23B]; routing to relationship simple
[pool-2923-thread-1] INFO org.apache.nifi.processors.standard.RouteText - RouteText[id=e191155b-3232-49bd-bfe9-6bfcf78aa3cb] Routing FlowFile[1200,92021953427527.mockFlowFile,23B] to original
[main] DEBUG org.apache.nifi.processors.standard.RouteText - RouteText[id=e191155b-3232-49bd-bfe9-6bfcf78aa3cb] Adding new dynamic property: PropertyDescriptor[simple]
[pool-2924-thread-1] INFO org.apache.nifi.processors.standard.RouteText - RouteText[id=e191155b-3232-49bd-bfe9-6bfcf78aa3cb] Created FlowFile[1203,92021953920204.mockFlowFile,23B] from FlowFile[1202,92021953920204.mockFlowFile,23B]; routing to relationship simple
[pool-2924-thread-1] INFO org.apache.nifi.processors.standard.RouteText - RouteText[id=e191155b-3232-49bd-bfe9-6bfcf78aa3cb] Routing FlowFile[1202,92021953920204.mockFlowFile,23B] to original
[main] DEBUG org.apache.nifi.processors.standard.RouteText - RouteText[id=e191155b-3232-49bd-bfe9-6bfcf78aa3cb] Adding new dynamic property: PropertyDescriptor[simple]
[pool-2925-thread-1] INFO org.apache.nifi.processors.standard.RouteText - RouteText[id=e191155b-3232-49bd-bfe9-6bfcf78aa3cb] Created FlowFile[1205,92021954416784.mockFlowFile,23B] from FlowFile[1204,92021954416784.mockFlowFile,23B]; routing to relationship simple
[pool-2925-thread-1] INFO org.apache.nifi.processors.standard.RouteText - RouteText[id=e191155b-3232-49bd-bfe9-6bfcf78aa3cb] Routing FlowFile[1204,92021954416784.mockFlowFile,23B] to original
[main] DEBUG org.apache.nifi.processors.standard.RouteText - RouteText[id=e191155b-3232-49bd-bfe9-6bfcf78aa3cb] Adding new dynamic property: PropertyDescriptor[simple]
[pool-2926-thread-1] INFO org.apache.nifi.processors.standard.RouteText - RouteText[id=e191155b-3232-49bd-bfe9-6bfcf78aa3cb] Created FlowFile[1207,92021954915635.mockFlowFile,23B] from FlowFile[1206,92021954915635.mockFlowFile,23B]; routing to relationship simple
[pool-2926-thread-1] INFO org.apache.nifi.processors.standard.RouteText - RouteText[id=e191155b-3232-49bd-bfe9-6bfcf78aa3cb] Routing FlowFile[1206,92021954915635.mockFlowFile,23B] to original
[main] DEBUG org.apache.nifi.processors.standard.RouteText - RouteText[id=e191155b-3232-49bd-bfe9-6bfcf78aa3cb] Adding new dynamic property: PropertyDescriptor[simple]
[pool-2927-thread-1] INFO org.apache.nifi.processors.standard.RouteText - RouteText[id=e191155b-3232-49bd-bfe9-6bfcf78aa3cb] Created FlowFile[1209,92021955421581.mockFlowFile,23B] from FlowFile[1208,92021955421581.mockFlowFile,23B]; routing to relationship simple
[pool-2927-thread-1] INFO org.apache.nifi.processors.standard.RouteText - RouteText[id=e191155b-3232-49bd-bfe9-6bfcf78aa3cb] Routing FlowFile[1208,92021955421581.mockFlowFile,23B] to original
[main] DEBUG org.apache.nifi.processors.standard.RouteText - RouteText[id=e191155b-3232-49bd-bfe9-6bfcf78aa3cb] Adding new dynamic property: PropertyDescriptor[simple]
[pool-2928-thread-1] INFO org.apache.nifi.processors.standard.RouteText - RouteText[id=e191155b-3232-49bd-bfe9-6bfcf78aa3cb] Created FlowFile[1211,92021955925093.mockFlowFile,23B] from FlowFile[1210,92021955925093.mockFlowFile,23B]; routing to relationship simple
[pool-2928-thread-1] INFO org.apache.nifi.processors.standard.RouteText - RouteText[id=e191155b-3232-49bd-bfe9-6bfcf78aa3cb] Routing FlowFile[1210,92021955925093.mockFlowFile,23B] to original
[main] DEBUG org.apache.nifi.processors.standard.RouteText - RouteText[id=e191155b-3232-49bd-bfe9-6bfcf78aa3cb] Adding new dynamic property: PropertyDescriptor[simple]
[pool-2929-thread-1] INFO org.apache.nifi.processors.standard.RouteText - RouteText[id=e191155b-3232-49bd-bfe9-6bfcf78aa3cb] Created FlowFile[1213,92021956399489.mockFlowFile,23B] from FlowFile[1212,92021956399489.mockFlowFile,23B]; routing to relationship simple
[pool-2929-thread-1] INFO org.apache.nifi.processors.standard.RouteText - RouteText[id=e191155b-3232-49bd-bfe9-6bfcf78aa3cb] Routing FlowFile[1212,92021956399489.mockFlowFile,23B] to original
[main] DEBUG org.apache.nifi.processors.standard.RouteText - RouteText[id=e191155b-3232-49bd-bfe9-6bfcf78aa3cb] Adding new dynamic property: PropertyDescriptor[simple]
[pool-2930-thread-1] INFO org.apache.nifi.processors.standard.RouteText - RouteText[id=e191155b-3232-49bd-bfe9-6bfcf78aa3cb] Created FlowFile[1215,92021956844502.mockFlowFile,23B] from FlowFile[1214,92021956844502.mockFlowFile,23B]; routing to relationship simple
[pool-2930-thread-1] INFO org.apache.nifi.processors.standard.RouteText - RouteText[id=e191155b-3232-49bd-bfe9-6bfcf78aa3cb] Routing FlowFile[1214,92021956844502.mockFlowFile,23B] to original
[main] DEBUG org.apache.nifi.processors.standard.RouteText - RouteText[id=e191155b-3232-49bd-bfe9-6bfcf78aa3cb] Adding new dynamic property: PropertyDescriptor[simple]
[pool-2931-thread-1] INFO org.apache.nifi.processors.standard.RouteText - RouteText[id=e191155b-3232-49bd-bfe9-6bfcf78aa3cb] Created FlowFile[1217,92021957319557.mockFlowFile,23B] from FlowFile[1216,92021957319557.mockFlowFile,23B]; routing to relationship simple
[pool-2931-thread-1] INFO org.apache.nifi.processors.standard.RouteText - RouteText[id=e191155b-3232-49bd-bfe9-6bfcf78aa3cb] Routing FlowFile[1216,92021957319557.mockFlowFile,23B] to original
[main] DEBUG org.apache.nifi.processors.standard.RouteText - RouteText[id=e191155b-3232-49bd-bfe9-6bfcf78aa3cb] Adding new dynamic property: PropertyDescriptor[simple]
[pool-2932-thread-1] INFO org.apache.nifi.processors.standard.RouteText - RouteText[id=e191155b-3232-49bd-bfe9-6bfcf78aa3cb] Created FlowFile[1219,92021957806183.mockFlowFile,23B] from FlowFile[1218,92021957806183.mockFlowFile,23B]; routing to relationship simple
[pool-2932-thread-1] INFO org.apache.nifi.processors.standard.RouteText - RouteText[id=e191155b-3232-49bd-bfe9-6bfcf78aa3cb] Routing FlowFile[1218,92021957806183.mockFlowFile,23B] to original
[main] DEBUG org.apache.nifi.processors.standard.RouteText - RouteText[id=e191155b-3232-49bd-bfe9-6bfcf78aa3cb] Adding new dynamic property: PropertyDescriptor[simple]
[pool-2933-thread-1] INFO org.apache.nifi.processors.standard.RouteText - RouteText[id=e191155b-3232-49bd-bfe9-6bfcf78aa3cb] Created FlowFile[1221,92021958287118.mockFlowFile,23B] from FlowFile[1220,92021958287118.mockFlowFile,23B]; routing to relationship simple
[pool-2933-thread-1] INFO org.apache.nifi.processors.standard.RouteText - RouteText[id=e191155b-3232-49bd-bfe9-6bfcf78aa3cb] Routing FlowFile[1220,92021958287118.mockFlowFile,23B] to original
[main] DEBUG org.apache.nifi.processors.standard.RouteText - RouteText[id=e191155b-3232-49bd-bfe9-6bfcf78aa3cb] Adding new dynamic property: PropertyDescriptor[simple]
[pool-2934-thread-1] INFO org.apache.nifi.processors.standard.RouteText - RouteText[id=e191155b-3232-49bd-bfe9-6bfcf78aa3cb] Created FlowFile[1223,92021958727366.mockFlowFile,23B] from FlowFile[1222,92021958727366.mockFlowFile,23B]; routing to relationship simple
[pool-2934-thread-1] INFO org.apache.nifi.processors.standard.RouteText - RouteText[id=e191155b-3232-49bd-bfe9-6bfcf78aa3cb] Routing FlowFile[1222,92021958727366.mockFlowFile,23B] to original
[main] DEBUG org.apache.nifi.processors.standard.RouteText - RouteText[id=e191155b-3232-49bd-bfe9-6bfcf78aa3cb] Adding new dynamic property: PropertyDescriptor[simple]
[pool-2935-thread-1] INFO org.apache.nifi.processors.standard.RouteText - RouteText[id=e191155b-3232-49bd-bfe9-6bfcf78aa3cb] Created FlowFile[1225,92021959180795.mockFlowFile,23B] from FlowFile[1224,92021959180795.mockFlowFile,23B]; routing to relationship simple
[pool-2935-thread-1] INFO org.apache.nifi.processors.standard.RouteText - RouteText[id=e191155b-3232-49bd-bfe9-6bfcf78aa3cb] Routing FlowFile[1224,92021959180795.mockFlowFile,23B] to original
[main] DEBUG org.apache.nifi.processors.standard.RouteText - RouteText[id=e191155b-3232-49bd-bfe9-6bfcf78aa3cb] Adding new dynamic property: PropertyDescriptor[simple]
[pool-2936-thread-1] INFO org.apache.nifi.processors.standard.RouteText - RouteText[id=e191155b-3232-49bd-bfe9-6bfcf78aa3cb] Created FlowFile[1227,92021959640098.mockFlowFile,23B] from FlowFile[1226,92021959640098.mockFlowFile,23B]; routing to relationship simple
[pool-2936-thread-1] INFO org.apache.nifi.processors.standard.RouteText - RouteText[id=e191155b-3232-49bd-bfe9-6bfcf78aa3cb] Routing FlowFile[1226,92021959640098.mockFlowFile,23B] to original
[main] DEBUG org.apache.nifi.processors.standard.RouteText - RouteText[id=e191155b-3232-49bd-bfe9-6bfcf78aa3cb] Adding new dynamic property: PropertyDescriptor[simple]
[pool-2937-thread-1] INFO org.apache.nifi.processors.standard.RouteText - RouteText[id=e191155b-3232-49bd-bfe9-6bfcf78aa3cb] Created FlowFile[1229,92021960254673.mockFlowFile,23B] from FlowFile[1228,92021960254673.mockFlowFile,23B]; routing to relationship simple
[pool-2937-thread-1] INFO org.apache.nifi.processors.standard.RouteText - RouteText[id=e191155b-3232-49bd-bfe9-6bfcf78aa3cb] Routing FlowFile[1228,92021960254673.mockFlowFile,23B] to original
[main] DEBUG org.apache.nifi.processors.standard.RouteText - RouteText[id=e191155b-3232-49bd-bfe9-6bfcf78aa3cb] Adding new dynamic property: PropertyDescriptor[simple]
[pool-2938-thread-1] INFO org.apache.nifi.processors.standard.RouteText - RouteText[id=e191155b-3232-49bd-bfe9-6bfcf78aa3cb] Created FlowFile[1231,92021960777864.mockFlowFile,23B] from FlowFile[1230,92021960777864.mockFlowFile,23B]; routing to relationship simple
[pool-2938-thread-1] INFO org.apache.nifi.processors.standard.RouteText - RouteText[id=e191155b-3232-49bd-bfe9-6bfcf78aa3cb] Routing FlowFile[1230,92021960777864.mockFlowFile,23B] to original
[main] DEBUG org.apache.nifi.processors.standard.RouteText - RouteText[id=e191155b-3232-49bd-bfe9-6bfcf78aa3cb] Adding new dynamic property: PropertyDescriptor[simple]
[pool-2939-thread-1] INFO org.apache.nifi.processors.standard.RouteText - RouteText[id=e191155b-3232-49bd-bfe9-6bfcf78aa3cb] Created FlowFile[1233,92021961292632.mockFlowFile,23B] from FlowFile[1232,92021961292632.mockFlowFile,23B]; routing to relationship simple
[pool-2939-thread-1] INFO org.apache.nifi.processors.standard.RouteText - RouteText[id=e191155b-3232-49bd-bfe9-6bfcf78aa3cb] Routing FlowFile[1232,92021961292632.mockFlowFile,23B] to original
[main] DEBUG org.apache.nifi.processors.standard.RouteText - RouteText[id=e191155b-3232-49bd-bfe9-6bfcf78aa3cb] Adding new dynamic property: PropertyDescriptor[simple]
[pool-2940-thread-1] INFO org.apache.nifi.processors.standard.RouteText - RouteText[id=e191155b-3232-49bd-bfe9-6bfcf78aa3cb] Created FlowFile[1235,92021961788269.mockFlowFile,23B] from FlowFile[1234,92021961788269.mockFlowFile,23B]; routing to relationship simple
[pool-2940-thread-1] INFO org.apache.nifi.processors.standard.RouteText - RouteText[id=e191155b-3232-49bd-bfe9-6bfcf78aa3cb] Routing FlowFile[1234,92021961788269.mockFlowFile,23B] to original
[main] DEBUG org.apache.nifi.processors.standard.RouteText - RouteText[id=e191155b-3232-49bd-bfe9-6bfcf78aa3cb] Adding new dynamic property: PropertyDescriptor[simple]
[pool-2941-thread-1] INFO org.apache.nifi.processors.standard.RouteText - RouteText[id=e191155b-3232-49bd-bfe9-6bfcf78aa3cb] Created FlowFile[1237,92021962274972.mockFlowFile,23B] from FlowFile[1236,92021962274972.mockFlowFile,23B]; routing to relationship simple
[pool-2941-thread-1] INFO org.apache.nifi.processors.standard.RouteText - RouteText[id=e191155b-3232-49bd-bfe9-6bfcf78aa3cb] Routing FlowFile[1236,92021962274972.mockFlowFile,23B] to original
[main] DEBUG org.apache.nifi.processors.standard.RouteText - RouteText[id=e191155b-3232-49bd-bfe9-6bfcf78aa3cb] Adding new dynamic property: PropertyDescriptor[simple]
[pool-2942-thread-1] INFO org.apache.nifi.processors.standard.RouteText - RouteText[id=e191155b-3232-49bd-bfe9-6bfcf78aa3cb] Created FlowFile[1239,92021962782390.mockFlowFile,23B] from FlowFile[1238,92021962782390.mockFlowFile,23B]; routing to relationship simple
[pool-2942-thread-1] INFO org.apache.nifi.processors.standard.RouteText - RouteText[id=e191155b-3232-49bd-bfe9-6bfcf78aa3cb] Routing FlowFile[1238,92021962782390.mockFlowFile,23B] to original
[main] DEBUG org.apache.nifi.processors.standard.RouteText - RouteText[id=e191155b-3232-49bd-bfe9-6bfcf78aa3cb] Adding new dynamic property: PropertyDescriptor[simple]
[pool-2943-thread-1] INFO org.apache.nifi.processors.standard.RouteText - RouteText[id=e191155b-3232-49bd-bfe9-6bfcf78aa3cb] Created FlowFile[1241,92021963358985.mockFlowFile,23B] from FlowFile[1240,92021963358985.mockFlowFile,23B]; routing to relationship simple
[pool-2943-thread-1] INFO org.apache.nifi.processors.standard.RouteText - RouteText[id=e191155b-3232-49bd-bfe9-6bfcf78aa3cb] Routing FlowFile[1240,92021963358985.mockFlowFile,23B] to original
[main] DEBUG org.apache.nifi.processors.standard.RouteText - RouteText[id=e191155b-3232-49bd-bfe9-6bfcf78aa3cb] Adding new dynamic property: PropertyDescriptor[simple]
[pool-2944-thread-1] INFO org.apache.nifi.processors.standard.RouteText - RouteText[id=e191155b-3232-49bd-bfe9-6bfcf78aa3cb] Created FlowFile[1243,92021963905785.mockFlowFile,23B] from FlowFile[1242,92021963905785.mockFlowFile,23B]; routing to relationship simple
[pool-2944-thread-1] INFO org.apache.nifi.processors.standard.RouteText - RouteText[id=e191155b-3232-49bd-bfe9-6bfcf78aa3cb] Routing FlowFile[1242,92021963905785.mockFlowFile,23B] to original
[main] DEBUG org.apache.nifi.processors.standard.RouteText - RouteText[id=e191155b-3232-49bd-bfe9-6bfcf78aa3cb] Adding new dynamic property: PropertyDescriptor[simple]
[pool-2945-thread-1] INFO org.apache.nifi.processors.standard.RouteText - RouteText[id=e191155b-3232-49bd-bfe9-6bfcf78aa3cb] Created FlowFile[1245,92021964423280.mockFlowFile,23B] from FlowFile[1244,92021964423280.mockFlowFile,23B]; routing to relationship simple
[pool-2945-thread-1] INFO org.apache.nifi.processors.standard.RouteText - RouteText[id=e191155b-3232-49bd-bfe9-6bfcf78aa3cb] Routing FlowFile[1244,92021964423280.mockFlowFile,23B] to original
[main] DEBUG org.apache.nifi.processors.standard.RouteText - RouteText[id=e191155b-3232-49bd-bfe9-6bfcf78aa3cb] Adding new dynamic property: PropertyDescriptor[simple]
[pool-2946-thread-1] INFO org.apache.nifi.processors.standard.RouteText - RouteText[id=e191155b-3232-49bd-bfe9-6bfcf78aa3cb] Created FlowFile[1247,92021964949045.mockFlowFile,23B] from FlowFile[1246,92021964949045.mockFlowFile,23B]; routing to relationship simple
[pool-2946-thread-1] INFO org.apache.nifi.processors.standard.RouteText - RouteText[id=e191155b-3232-49bd-bfe9-6bfcf78aa3cb] Routing FlowFile[1246,92021964949045.mockFlowFile,23B] to original
[main] DEBUG org.apache.nifi.processors.standard.RouteText - RouteText[id=e191155b-3232-49bd-bfe9-6bfcf78aa3cb] Adding new dynamic property: PropertyDescriptor[simple]
[pool-2947-thread-1] INFO org.apache.nifi.processors.standard.RouteText - RouteText[id=e191155b-3232-49bd-bfe9-6bfcf78aa3cb] Created FlowFile[1249,92021965465235.mockFlowFile,23B] from FlowFile[1248,92021965465235.mockFlowFile,23B]; routing to relationship simple
[pool-2947-thread-1] INFO org.apache.nifi.processors.standard.RouteText - RouteText[id=e191155b-3232-49bd-bfe9-6bfcf78aa3cb] Routing FlowFile[1248,92021965465235.mockFlowFile,23B] to original
[main] DEBUG org.apache.nifi.processors.standard.RouteText - RouteText[id=e191155b-3232-49bd-bfe9-6bfcf78aa3cb] Adding new dynamic property: PropertyDescriptor[simple]
[pool-2948-thread-1] INFO org.apache.nifi.processors.standard.RouteText - RouteText[id=e191155b-3232-49bd-bfe9-6bfcf78aa3cb] Created FlowFile[1251,92021965926731.mockFlowFile,23B] from FlowFile[1250,92021965926731.mockFlowFile,23B]; routing to relationship simple
[pool-2948-thread-1] INFO org.apache.nifi.processors.standard.RouteText - RouteText[id=e191155b-3232-49bd-bfe9-6bfcf78aa3cb] Routing FlowFile[1250,92021965926731.mockFlowFile,23B] to original
[main] DEBUG org.apache.nifi.processors.standard.RouteText - RouteText[id=e191155b-3232-49bd-bfe9-6bfcf78aa3cb] Adding new dynamic property: PropertyDescriptor[simple]
[pool-2949-thread-1] INFO org.apache.nifi.processors.standard.RouteText - RouteText[id=e191155b-3232-49bd-bfe9-6bfcf78aa3cb] Created FlowFile[1253,92021966399473.mockFlowFile,23B] from FlowFile[1252,92021966399473.mockFlowFile,23B]; routing to relationship simple
[pool-2949-thread-1] INFO org.apache.nifi.processors.standard.RouteText - RouteText[id=e191155b-3232-49bd-bfe9-6bfcf78aa3cb] Routing FlowFile[1252,92021966399473.mockFlowFile,23B] to original
[main] DEBUG org.apache.nifi.processors.standard.RouteText - RouteText[id=e191155b-3232-49bd-bfe9-6bfcf78aa3cb] Adding new dynamic property: PropertyDescriptor[simple]
[pool-2950-thread-1] INFO org.apache.nifi.processors.standard.RouteText - RouteText[id=e191155b-3232-49bd-bfe9-6bfcf78aa3cb] Created FlowFile[1255,92021966873197.mockFlowFile,23B] from FlowFile[1254,92021966873197.mockFlowFile,23B]; routing to relationship simple
[pool-2950-thread-1] INFO org.apache.nifi.processors.standard.RouteText - RouteText[id=e191155b-3232-49bd-bfe9-6bfcf78aa3cb] Routing FlowFile[1254,92021966873197.mockFlowFile,23B] to original
[main] DEBUG org.apache.nifi.processors.standard.RouteText - RouteText[id=e191155b-3232-49bd-bfe9-6bfcf78aa3cb] Adding new dynamic property: PropertyDescriptor[simple]
[pool-2951-thread-1] INFO org.apache.nifi.processors.standard.RouteText - RouteText[id=e191155b-3232-49bd-bfe9-6bfcf78aa3cb] Created FlowFile[1257,92021967352988.mockFlowFile,23B] from FlowFile[1256,92021967352988.mockFlowFile,23B]; routing to relationship simple
[pool-2951-thread-1] INFO org.apache.nifi.processors.standard.RouteText - RouteText[id=e191155b-3232-49bd-bfe9-6bfcf78aa3cb] Routing FlowFile[1256,92021967352988.mockFlowFile,23B] to original
[main] DEBUG org.apache.nifi.processors.standard.RouteText - RouteText[id=e191155b-3232-49bd-bfe9-6bfcf78aa3cb] Adding new dynamic property: PropertyDescriptor[simple]
[pool-2952-thread-1] INFO org.apache.nifi.processors.standard.RouteText - RouteText[id=e191155b-3232-49bd-bfe9-6bfcf78aa3cb] Created FlowFile[1259,92021967813322.mockFlowFile,23B] from FlowFile[1258,92021967813322.mockFlowFile,23B]; routing to relationship simple
[pool-2952-thread-1] INFO org.apache.nifi.processors.standard.RouteText - RouteText[id=e191155b-3232-49bd-bfe9-6bfcf78aa3cb] Routing FlowFile[1258,92021967813322.mockFlowFile,23B] to original
[main] DEBUG org.apache.nifi.processors.standard.RouteText - RouteText[id=e191155b-3232-49bd-bfe9-6bfcf78aa3cb] Adding new dynamic property: PropertyDescriptor[simple]
[pool-2953-thread-1] INFO org.apache.nifi.processors.standard.RouteText - RouteText[id=e191155b-3232-49bd-bfe9-6bfcf78aa3cb] Created FlowFile[1261,92021968279178.mockFlowFile,23B] from FlowFile[1260,92021968279178.mockFlowFile,23B]; routing to relationship simple
[pool-2953-thread-1] INFO org.apache.nifi.processors.standard.RouteText - RouteText[id=e191155b-3232-49bd-bfe9-6bfcf78aa3cb] Routing FlowFile[1260,92021968279178.mockFlowFile,23B] to original
[main] DEBUG org.apache.nifi.processors.standard.RouteText - RouteText[id=e191155b-3232-49bd-bfe9-6bfcf78aa3cb] Adding new dynamic property: PropertyDescriptor[simple]
[pool-2954-thread-1] INFO org.apache.nifi.processors.standard.RouteText - RouteText[id=e191155b-3232-49bd-bfe9-6bfcf78aa3cb] Created FlowFile[1263,92021968750959.mockFlowFile,23B] from FlowFile[1262,92021968750959.mockFlowFile,23B]; routing to relationship simple
[pool-2954-thread-1] INFO org.apache.nifi.processors.standard.RouteText - RouteText[id=e191155b-3232-49bd-bfe9-6bfcf78aa3cb] Routing FlowFile[1262,92021968750959.mockFlowFile,23B] to original
[main] DEBUG org.apache.nifi.processors.standard.RouteText - RouteText[id=e191155b-3232-49bd-bfe9-6bfcf78aa3cb] Adding new dynamic property: PropertyDescriptor[simple]
[pool-2955-thread-1] INFO org.apache.nifi.processors.standard.RouteText - RouteText[id=e191155b-3232-49bd-bfe9-6bfcf78aa3cb] Created FlowFile[1265,92021969230437.mockFlowFile,23B] from FlowFile[1264,92021969230437.mockFlowFile,23B]; routing to relationship simple
[pool-2955-thread-1] INFO org.apache.nifi.processors.standard.RouteText - RouteText[id=e191155b-3232-49bd-bfe9-6bfcf78aa3cb] Routing FlowFile[1264,92021969230437.mockFlowFile,23B] to original
[main] DEBUG org.apache.nifi.processors.standard.RouteText - RouteText[id=e191155b-3232-49bd-bfe9-6bfcf78aa3cb] Adding new dynamic property: PropertyDescriptor[simple]
[pool-2956-thread-1] INFO org.apache.nifi.processors.standard.RouteText - RouteText[id=e191155b-3232-49bd-bfe9-6bfcf78aa3cb] Created FlowFile[1267,92021969698379.mockFlowFile,23B] from FlowFile[1266,92021969698379.mockFlowFile,23B]; routing to relationship simple
[pool-2956-thread-1] INFO org.apache.nifi.processors.standard.RouteText - RouteText[id=e191155b-3232-49bd-bfe9-6bfcf78aa3cb] Routing FlowFile[1266,92021969698379.mockFlowFile,23B] to original
[main] DEBUG org.apache.nifi.processors.standard.RouteText - RouteText[id=e191155b-3232-49bd-bfe9-6bfcf78aa3cb] Adding new dynamic property: PropertyDescriptor[simple]
[pool-2957-thread-1] INFO org.apache.nifi.processors.standard.RouteText - RouteText[id=e191155b-3232-49bd-bfe9-6bfcf78aa3cb] Created FlowFile[1269,92021970154863.mockFlowFile,23B] from FlowFile[1268,92021970154863.mockFlowFile,23B]; routing to relationship simple
[pool-2957-thread-1] INFO org.apache.nifi.processors.standard.RouteText - RouteText[id=e191155b-3232-49bd-bfe9-6bfcf78aa3cb] Routing FlowFile[1268,92021970154863.mockFlowFile,23B] to original
[main] DEBUG org.apache.nifi.processors.standard.RouteText - RouteText[id=e191155b-3232-49bd-bfe9-6bfcf78aa3cb] Adding new dynamic property: PropertyDescriptor[simple]
[pool-2958-thread-1] INFO org.apache.nifi.processors.standard.RouteText - RouteText[id=e191155b-3232-49bd-bfe9-6bfcf78aa3cb] Created FlowFile[1271,92021970608770.mockFlowFile,23B] from FlowFile[1270,92021970608770.mockFlowFile,23B]; routing to relationship simple
[pool-2958-thread-1] INFO org.apache.nifi.processors.standard.RouteText - RouteText[id=e191155b-3232-49bd-bfe9-6bfcf78aa3cb] Routing FlowFile[1270,92021970608770.mockFlowFile,23B] to original
[main] DEBUG org.apache.nifi.processors.standard.RouteText - RouteText[id=e191155b-3232-49bd-bfe9-6bfcf78aa3cb] Adding new dynamic property: PropertyDescriptor[simple]
[pool-2959-thread-1] INFO org.apache.nifi.processors.standard.RouteText - RouteText[id=e191155b-3232-49bd-bfe9-6bfcf78aa3cb] Created FlowFile[1273,92021971109825.mockFlowFile,23B] from FlowFile[1272,92021971109825.mockFlowFile,23B]; routing to relationship simple
[pool-2959-thread-1] INFO org.apache.nifi.processors.standard.RouteText - RouteText[id=e191155b-3232-49bd-bfe9-6bfcf78aa3cb] Routing FlowFile[1272,92021971109825.mockFlowFile,23B] to original
[main] DEBUG org.apache.nifi.processors.standard.RouteText - RouteText[id=e191155b-3232-49bd-bfe9-6bfcf78aa3cb] Adding new dynamic property: PropertyDescriptor[simple]
[pool-2960-thread-1] INFO org.apache.nifi.processors.standard.RouteText - RouteText[id=e191155b-3232-49bd-bfe9-6bfcf78aa3cb] Created FlowFile[1275,92021971660565.mockFlowFile,23B] from FlowFile[1274,92021971660565.mockFlowFile,23B]; routing to relationship simple
[pool-2960-thread-1] INFO org.apache.nifi.processors.standard.RouteText - RouteText[id=e191155b-3232-49bd-bfe9-6bfcf78aa3cb] Routing FlowFile[1274,92021971660565.mockFlowFile,23B] to original
[main] DEBUG org.apache.nifi.processors.standard.RouteText - RouteText[id=e191155b-3232-49bd-bfe9-6bfcf78aa3cb] Adding new dynamic property: PropertyDescriptor[simple]
[pool-2961-thread-1] INFO org.apache.nifi.processors.standard.RouteText - RouteText[id=e191155b-3232-49bd-bfe9-6bfcf78aa3cb] Created FlowFile[1277,92021972077470.mockFlowFile,23B] from FlowFile[1276,92021972077470.mockFlowFile,23B]; routing to relationship simple
[pool-2961-thread-1] INFO org.apache.nifi.processors.standard.RouteText - RouteText[id=e191155b-3232-49bd-bfe9-6bfcf78aa3cb] Routing FlowFile[1276,92021972077470.mockFlowFile,23B] to original
[main] DEBUG org.apache.nifi.processors.standard.RouteText - RouteText[id=e191155b-3232-49bd-bfe9-6bfcf78aa3cb] Adding new dynamic property: PropertyDescriptor[simple]
[pool-2962-thread-1] INFO org.apache.nifi.processors.standard.RouteText - RouteText[id=e191155b-3232-49bd-bfe9-6bfcf78aa3cb] Created FlowFile[1279,92021972603501.mockFlowFile,23B] from FlowFile[1278,92021972603501.mockFlowFile,23B]; routing to relationship simple
[pool-2962-thread-1] INFO org.apache.nifi.processors.standard.RouteText - RouteText[id=e191155b-3232-49bd-bfe9-6bfcf78aa3cb] Routing FlowFile[1278,92021972603501.mockFlowFile,23B] to original
[main] DEBUG org.apache.nifi.processors.standard.RouteText - RouteText[id=e191155b-3232-49bd-bfe9-6bfcf78aa3cb] Adding new dynamic property: PropertyDescriptor[simple]
[pool-2963-thread-1] INFO org.apache.nifi.processors.standard.RouteText - RouteText[id=e191155b-3232-49bd-bfe9-6bfcf78aa3cb] Created FlowFile[1281,92021973299889.mockFlowFile,23B] from FlowFile[1280,92021973299889.mockFlowFile,23B]; routing to relationship simple
[pool-2963-thread-1] INFO org.apache.nifi.processors.standard.RouteText - RouteText[id=e191155b-3232-49bd-bfe9-6bfcf78aa3cb] Routing FlowFile[1280,92021973299889.mockFlowFile,23B] to original
[main] DEBUG org.apache.nifi.processors.standard.RouteText - RouteText[id=e191155b-3232-49bd-bfe9-6bfcf78aa3cb] Adding new dynamic property: PropertyDescriptor[simple]
[pool-2964-thread-1] INFO org.apache.nifi.processors.standard.RouteText - RouteText[id=e191155b-3232-49bd-bfe9-6bfcf78aa3cb] Created FlowFile[1283,92021973860312.mockFlowFile,23B] from FlowFile[1282,92021973860312.mockFlowFile,23B]; routing to relationship simple
[pool-2964-thread-1] INFO org.apache.nifi.processors.standard.RouteText - RouteText[id=e191155b-3232-49bd-bfe9-6bfcf78aa3cb] Routing FlowFile[1282,92021973860312.mockFlowFile,23B] to original
[main] DEBUG org.apache.nifi.processors.standard.RouteText - RouteText[id=e191155b-3232-49bd-bfe9-6bfcf78aa3cb] Adding new dynamic property: PropertyDescriptor[simple]
[pool-2965-thread-1] INFO org.apache.nifi.processors.standard.RouteText - RouteText[id=e191155b-3232-49bd-bfe9-6bfcf78aa3cb] Created FlowFile[1285,92021974404357.mockFlowFile,23B] from FlowFile[1284,92021974404357.mockFlowFile,23B]; routing to relationship simple
[pool-2965-thread-1] INFO org.apache.nifi.processors.standard.RouteText - RouteText[id=e191155b-3232-49bd-bfe9-6bfcf78aa3cb] Routing FlowFile[1284,92021974404357.mockFlowFile,23B] to original
[main] DEBUG org.apache.nifi.processors.standard.RouteText - RouteText[id=e191155b-3232-49bd-bfe9-6bfcf78aa3cb] Adding new dynamic property: PropertyDescriptor[simple]
[pool-2966-thread-1] INFO org.apache.nifi.processors.standard.RouteText - RouteText[id=e191155b-3232-49bd-bfe9-6bfcf78aa3cb] Created FlowFile[1287,92021974885944.mockFlowFile,23B] from FlowFile[1286,92021974885944.mockFlowFile,23B]; routing to relationship simple
[pool-2966-thread-1] INFO org.apache.nifi.processors.standard.RouteText - RouteText[id=e191155b-3232-49bd-bfe9-6bfcf78aa3cb] Routing FlowFile[1286,92021974885944.mockFlowFile,23B] to original
[main] DEBUG org.apache.nifi.processors.standard.RouteText - RouteText[id=e191155b-3232-49bd-bfe9-6bfcf78aa3cb] Adding new dynamic property: PropertyDescriptor[simple]
[pool-2967-thread-1] INFO org.apache.nifi.processors.standard.RouteText - RouteText[id=e191155b-3232-49bd-bfe9-6bfcf78aa3cb] Created FlowFile[1289,92021975327083.mockFlowFile,23B] from FlowFile[1288,92021975327083.mockFlowFile,23B]; routing to relationship simple
[pool-2967-thread-1] INFO org.apache.nifi.processors.standard.RouteText - RouteText[id=e191155b-3232-49bd-bfe9-6bfcf78aa3cb] Routing FlowFile[1288,92021975327083.mockFlowFile,23B] to original
[main] DEBUG org.apache.nifi.processors.standard.RouteText - RouteText[id=e191155b-3232-49bd-bfe9-6bfcf78aa3cb] Adding new dynamic property: PropertyDescriptor[simple]
[pool-2968-thread-1] INFO org.apache.nifi.processors.standard.RouteText - RouteText[id=e191155b-3232-49bd-bfe9-6bfcf78aa3cb] Created FlowFile[1291,92021975790457.mockFlowFile,23B] from FlowFile[1290,92021975790457.mockFlowFile,23B]; routing to relationship simple
[pool-2968-thread-1] INFO org.apache.nifi.processors.standard.RouteText - RouteText[id=e191155b-3232-49bd-bfe9-6bfcf78aa3cb] Routing FlowFile[1290,92021975790457.mockFlowFile,23B] to original
[main] DEBUG org.apache.nifi.processors.standard.RouteText - RouteText[id=e191155b-3232-49bd-bfe9-6bfcf78aa3cb] Adding new dynamic property: PropertyDescriptor[simple]
[pool-2969-thread-1] INFO org.apache.nifi.processors.standard.RouteText - RouteText[id=e191155b-3232-49bd-bfe9-6bfcf78aa3cb] Created FlowFile[1293,92021976282979.mockFlowFile,23B] from FlowFile[1292,92021976282979.mockFlowFile,23B]; routing to relationship simple
[pool-2969-thread-1] INFO org.apache.nifi.processors.standard.RouteText - RouteText[id=e191155b-3232-49bd-bfe9-6bfcf78aa3cb] Routing FlowFile[1292,92021976282979.mockFlowFile,23B] to original
[main] DEBUG org.apache.nifi.processors.standard.RouteText - RouteText[id=e191155b-3232-49bd-bfe9-6bfcf78aa3cb] Adding new dynamic property: PropertyDescriptor[simple]
[pool-2970-thread-1] INFO org.apache.nifi.processors.standard.RouteText - RouteText[id=e191155b-3232-49bd-bfe9-6bfcf78aa3cb] Created FlowFile[1295,92021976842121.mockFlowFile,23B] from FlowFile[1294,92021976842121.mockFlowFile,23B]; routing to relationship simple
[pool-2970-thread-1] INFO org.apache.nifi.processors.standard.RouteText - RouteText[id=e191155b-3232-49bd-bfe9-6bfcf78aa3cb] Routing FlowFile[1294,92021976842121.mockFlowFile,23B] to original
[main] DEBUG org.apache.nifi.processors.standard.RouteText - RouteText[id=e191155b-3232-49bd-bfe9-6bfcf78aa3cb] Adding new dynamic property: PropertyDescriptor[simple]
[pool-2971-thread-1] INFO org.apache.nifi.processors.standard.RouteText - RouteText[id=e191155b-3232-49bd-bfe9-6bfcf78aa3cb] Created FlowFile[1297,92021977347374.mockFlowFile,23B] from FlowFile[1296,92021977347374.mockFlowFile,23B]; routing to relationship simple
[pool-2971-thread-1] INFO org.apache.nifi.processors.standard.RouteText - RouteText[id=e191155b-3232-49bd-bfe9-6bfcf78aa3cb] Routing FlowFile[1296,92021977347374.mockFlowFile,23B] to original
[main] DEBUG org.apache.nifi.processors.standard.RouteText - RouteText[id=e191155b-3232-49bd-bfe9-6bfcf78aa3cb] Adding new dynamic property: PropertyDescriptor[simple]
[pool-2972-thread-1] INFO org.apache.nifi.processors.standard.RouteText - RouteText[id=e191155b-3232-49bd-bfe9-6bfcf78aa3cb] Created FlowFile[1299,92021977846335.mockFlowFile,23B] from FlowFile[1298,92021977846335.mockFlowFile,23B]; routing to relationship simple
[pool-2972-thread-1] INFO org.apache.nifi.processors.standard.RouteText - RouteText[id=e191155b-3232-49bd-bfe9-6bfcf78aa3cb] Routing FlowFile[1298,92021977846335.mockFlowFile,23B] to original
[main] DEBUG org.apache.nifi.processors.standard.RouteText - RouteText[id=e191155b-3232-49bd-bfe9-6bfcf78aa3cb] Adding new dynamic property: PropertyDescriptor[simple]
[pool-2973-thread-1] INFO org.apache.nifi.processors.standard.RouteText - RouteText[id=e191155b-3232-49bd-bfe9-6bfcf78aa3cb] Created FlowFile[1301,92021978376803.mockFlowFile,23B] from FlowFile[1300,92021978376803.mockFlowFile,23B]; routing to relationship simple
[pool-2973-thread-1] INFO org.apache.nifi.processors.standard.RouteText - RouteText[id=e191155b-3232-49bd-bfe9-6bfcf78aa3cb] Routing FlowFile[1300,92021978376803.mockFlowFile,23B] to original
[main] DEBUG org.apache.nifi.processors.standard.RouteText - RouteText[id=e191155b-3232-49bd-bfe9-6bfcf78aa3cb] Adding new dynamic property: PropertyDescriptor[simple]
[pool-2974-thread-1] INFO org.apache.nifi.processors.standard.RouteText - RouteText[id=e191155b-3232-49bd-bfe9-6bfcf78aa3cb] Created FlowFile[1303,92021978875778.mockFlowFile,23B] from FlowFile[1302,92021978875778.mockFlowFile,23B]; routing to relationship simple
[pool-2974-thread-1] INFO org.apache.nifi.processors.standard.RouteText - RouteText[id=e191155b-3232-49bd-bfe9-6bfcf78aa3cb] Routing FlowFile[1302,92021978875778.mockFlowFile,23B] to original
[main] DEBUG org.apache.nifi.processors.standard.RouteText - RouteText[id=e191155b-3232-49bd-bfe9-6bfcf78aa3cb] Adding new dynamic property: PropertyDescriptor[simple]
[pool-2975-thread-1] INFO org.apache.nifi.processors.standard.RouteText - RouteText[id=e191155b-3232-49bd-bfe9-6bfcf78aa3cb] Created FlowFile[1305,92021979382920.mockFlowFile,23B] from FlowFile[1304,92021979382920.mockFlowFile,23B]; routing to relationship simple
[pool-2975-thread-1] INFO org.apache.nifi.processors.standard.RouteText - RouteText[id=e191155b-3232-49bd-bfe9-6bfcf78aa3cb] Routing FlowFile[1304,92021979382920.mockFlowFile,23B] to original
[main] DEBUG org.apache.nifi.processors.standard.RouteText - RouteText[id=e191155b-3232-49bd-bfe9-6bfcf78aa3cb] Adding new dynamic property: PropertyDescriptor[simple]
[pool-2976-thread-1] INFO org.apache.nifi.processors.standard.RouteText - RouteText[id=e191155b-3232-49bd-bfe9-6bfcf78aa3cb] Created FlowFile[1307,92021979876873.mockFlowFile,23B] from FlowFile[1306,92021979876873.mockFlowFile,23B]; routing to relationship simple
[pool-2976-thread-1] INFO org.apache.nifi.processors.standard.RouteText - RouteText[id=e191155b-3232-49bd-bfe9-6bfcf78aa3cb] Routing FlowFile[1306,92021979876873.mockFlowFile,23B] to original
[main] DEBUG org.apache.nifi.processors.standard.RouteText - RouteText[id=e191155b-3232-49bd-bfe9-6bfcf78aa3cb] Adding new dynamic property: PropertyDescriptor[simple]
[pool-2977-thread-1] INFO org.apache.nifi.processors.standard.RouteText - RouteText[id=e191155b-3232-49bd-bfe9-6bfcf78aa3cb] Created FlowFile[1309,92021980447120.mockFlowFile,23B] from FlowFile[1308,92021980447120.mockFlowFile,23B]; routing to relationship simple
[pool-2977-thread-1] INFO org.apache.nifi.processors.standard.RouteText - RouteText[id=e191155b-3232-49bd-bfe9-6bfcf78aa3cb] Routing FlowFile[1308,92021980447120.mockFlowFile,23B] to original
[main] DEBUG org.apache.nifi.processors.standard.RouteText - RouteText[id=e191155b-3232-49bd-bfe9-6bfcf78aa3cb] Adding new dynamic property: PropertyDescriptor[simple]
[pool-2978-thread-1] INFO org.apache.nifi.processors.standard.RouteText - RouteText[id=e191155b-3232-49bd-bfe9-6bfcf78aa3cb] Created FlowFile[1311,92021981102125.mockFlowFile,23B] from FlowFile[1310,92021981102125.mockFlowFile,23B]; routing to relationship simple
[pool-2978-thread-1] INFO org.apache.nifi.processors.standard.RouteText - RouteText[id=e191155b-3232-49bd-bfe9-6bfcf78aa3cb] Routing FlowFile[1310,92021981102125.mockFlowFile,23B] to original
[main] DEBUG org.apache.nifi.processors.standard.RouteText - RouteText[id=e191155b-3232-49bd-bfe9-6bfcf78aa3cb] Adding new dynamic property: PropertyDescriptor[simple]
[pool-2979-thread-1] INFO org.apache.nifi.processors.standard.RouteText - RouteText[id=e191155b-3232-49bd-bfe9-6bfcf78aa3cb] Created FlowFile[1313,92021981691733.mockFlowFile,23B] from FlowFile[1312,92021981691733.mockFlowFile,23B]; routing to relationship simple
[pool-2979-thread-1] INFO org.apache.nifi.processors.standard.RouteText - RouteText[id=e191155b-3232-49bd-bfe9-6bfcf78aa3cb] Routing FlowFile[1312,92021981691733.mockFlowFile,23B] to original
[main] DEBUG org.apache.nifi.processors.standard.RouteText - RouteText[id=e191155b-3232-49bd-bfe9-6bfcf78aa3cb] Adding new dynamic property: PropertyDescriptor[simple]
[pool-2980-thread-1] INFO org.apache.nifi.processors.standard.RouteText - RouteText[id=e191155b-3232-49bd-bfe9-6bfcf78aa3cb] Created FlowFile[1315,92021982202182.mockFlowFile,23B] from FlowFile[1314,92021982202182.mockFlowFile,23B]; routing to relationship simple
[pool-2980-thread-1] INFO org.apache.nifi.processors.standard.RouteText - RouteText[id=e191155b-3232-49bd-bfe9-6bfcf78aa3cb] Routing FlowFile[1314,92021982202182.mockFlowFile,23B] to original
[main] DEBUG org.apache.nifi.processors.standard.RouteText - RouteText[id=e191155b-3232-49bd-bfe9-6bfcf78aa3cb] Adding new dynamic property: PropertyDescriptor[simple]
[pool-2981-thread-1] INFO org.apache.nifi.processors.standard.RouteText - RouteText[id=e191155b-3232-49bd-bfe9-6bfcf78aa3cb] Created FlowFile[1317,92021982729804.mockFlowFile,23B] from FlowFile[1316,92021982729804.mockFlowFile,23B]; routing to relationship simple
[pool-2981-thread-1] INFO org.apache.nifi.processors.standard.RouteText - RouteText[id=e191155b-3232-49bd-bfe9-6bfcf78aa3cb] Routing FlowFile[1316,92021982729804.mockFlowFile,23B] to original
[main] DEBUG org.apache.nifi.processors.standard.RouteText - RouteText[id=e191155b-3232-49bd-bfe9-6bfcf78aa3cb] Adding new dynamic property: PropertyDescriptor[simple]
[pool-2982-thread-1] INFO org.apache.nifi.processors.standard.RouteText - RouteText[id=e191155b-3232-49bd-bfe9-6bfcf78aa3cb] Created FlowFile[1319,92021983249014.mockFlowFile,23B] from FlowFile[1318,92021983249014.mockFlowFile,23B]; routing to relationship simple
[pool-2982-thread-1] INFO org.apache.nifi.processors.standard.RouteText - RouteText[id=e191155b-3232-49bd-bfe9-6bfcf78aa3cb] Routing FlowFile[1318,92021983249014.mockFlowFile,23B] to original
[main] DEBUG org.apache.nifi.processors.standard.RouteText - RouteText[id=e191155b-3232-49bd-bfe9-6bfcf78aa3cb] Adding new dynamic property: PropertyDescriptor[simple]
[pool-2983-thread-1] INFO org.apache.nifi.processors.standard.RouteText - RouteText[id=e191155b-3232-49bd-bfe9-6bfcf78aa3cb] Created FlowFile[1321,92021983783649.mockFlowFile,23B] from FlowFile[1320,92021983783649.mockFlowFile,23B]; routing to relationship simple
[pool-2983-thread-1] INFO org.apache.nifi.processors.standard.RouteText - RouteText[id=e191155b-3232-49bd-bfe9-6bfcf78aa3cb] Routing FlowFile[1320,92021983783649.mockFlowFile,23B] to original
[main] DEBUG org.apache.nifi.processors.standard.RouteText - RouteText[id=e191155b-3232-49bd-bfe9-6bfcf78aa3cb] Adding new dynamic property: PropertyDescriptor[simple]
[pool-2984-thread-1] INFO org.apache.nifi.processors.standard.RouteText - RouteText[id=e191155b-3232-49bd-bfe9-6bfcf78aa3cb] Created FlowFile[1323,92021984337697.mockFlowFile,23B] from FlowFile[1322,92021984337697.mockFlowFile,23B]; routing to relationship simple
[pool-2984-thread-1] INFO org.apache.nifi.processors.standard.RouteText - RouteText[id=e191155b-3232-49bd-bfe9-6bfcf78aa3cb] Routing FlowFile[1322,92021984337697.mockFlowFile,23B] to original
[main] DEBUG org.apache.nifi.processors.standard.RouteText - RouteText[id=e191155b-3232-49bd-bfe9-6bfcf78aa3cb] Adding new dynamic property: PropertyDescriptor[simple]
[pool-2985-thread-1] INFO org.apache.nifi.processors.standard.RouteText - RouteText[id=e191155b-3232-49bd-bfe9-6bfcf78aa3cb] Created FlowFile[1325,92021984837673.mockFlowFile,23B] from FlowFile[1324,92021984837673.mockFlowFile,23B]; routing to relationship simple
[pool-2985-thread-1] INFO org.apache.nifi.processors.standard.RouteText - RouteText[id=e191155b-3232-49bd-bfe9-6bfcf78aa3cb] Routing FlowFile[1324,92021984837673.mockFlowFile,23B] to original
[main] DEBUG org.apache.nifi.processors.standard.RouteText - RouteText[id=e191155b-3232-49bd-bfe9-6bfcf78aa3cb] Adding new dynamic property: PropertyDescriptor[simple]
[pool-2986-thread-1] INFO org.apache.nifi.processors.standard.RouteText - RouteText[id=e191155b-3232-49bd-bfe9-6bfcf78aa3cb] Created FlowFile[1327,92021985327985.mockFlowFile,23B] from FlowFile[1326,92021985327985.mockFlowFile,23B]; routing to relationship simple
[pool-2986-thread-1] INFO org.apache.nifi.processors.standard.RouteText - RouteText[id=e191155b-3232-49bd-bfe9-6bfcf78aa3cb] Routing FlowFile[1326,92021985327985.mockFlowFile,23B] to original
[main] DEBUG org.apache.nifi.processors.standard.RouteText - RouteText[id=e191155b-3232-49bd-bfe9-6bfcf78aa3cb] Adding new dynamic property: PropertyDescriptor[simple]
[pool-2987-thread-1] INFO org.apache.nifi.processors.standard.RouteText - RouteText[id=e191155b-3232-49bd-bfe9-6bfcf78aa3cb] Created FlowFile[1329,92021985856419.mockFlowFile,23B] from FlowFile[1328,92021985856419.mockFlowFile,23B]; routing to relationship simple
[pool-2987-thread-1] INFO org.apache.nifi.processors.standard.RouteText - RouteText[id=e191155b-3232-49bd-bfe9-6bfcf78aa3cb] Routing FlowFile[1328,92021985856419.mockFlowFile,23B] to original
[main] DEBUG org.apache.nifi.processors.standard.RouteText - RouteText[id=e191155b-3232-49bd-bfe9-6bfcf78aa3cb] Adding new dynamic property: PropertyDescriptor[simple]
[pool-2988-thread-1] INFO org.apache.nifi.processors.standard.RouteText - RouteText[id=e191155b-3232-49bd-bfe9-6bfcf78aa3cb] Created FlowFile[1331,92021986366857.mockFlowFile,23B] from FlowFile[1330,92021986366857.mockFlowFile,23B]; routing to relationship simple
[pool-2988-thread-1] INFO org.apache.nifi.processors.standard.RouteText - RouteText[id=e191155b-3232-49bd-bfe9-6bfcf78aa3cb] Routing FlowFile[1330,92021986366857.mockFlowFile,23B] to original
[main] DEBUG org.apache.nifi.processors.standard.RouteText - RouteText[id=e191155b-3232-49bd-bfe9-6bfcf78aa3cb] Adding new dynamic property: PropertyDescriptor[simple]
[pool-2989-thread-1] INFO org.apache.nifi.processors.standard.RouteText - RouteText[id=e191155b-3232-49bd-bfe9-6bfcf78aa3cb] Created FlowFile[1333,92021986866629.mockFlowFile,23B] from FlowFile[1332,92021986866629.mockFlowFile,23B]; routing to relationship simple
[pool-2989-thread-1] INFO org.apache.nifi.processors.standard.RouteText - RouteText[id=e191155b-3232-49bd-bfe9-6bfcf78aa3cb] Routing FlowFile[1332,92021986866629.mockFlowFile,23B] to original
[main] DEBUG org.apache.nifi.processors.standard.RouteText - RouteText[id=e191155b-3232-49bd-bfe9-6bfcf78aa3cb] Adding new dynamic property: PropertyDescriptor[simple]
[pool-2990-thread-1] INFO org.apache.nifi.processors.standard.RouteText - RouteText[id=e191155b-3232-49bd-bfe9-6bfcf78aa3cb] Created FlowFile[1335,92021987383671.mockFlowFile,23B] from FlowFile[1334,92021987383671.mockFlowFile,23B]; routing to relationship simple
[pool-2990-thread-1] INFO org.apache.nifi.processors.standard.RouteText - RouteText[id=e191155b-3232-49bd-bfe9-6bfcf78aa3cb] Routing FlowFile[1334,92021987383671.mockFlowFile,23B] to original
[main] DEBUG org.apache.nifi.processors.standard.RouteText - RouteText[id=e191155b-3232-49bd-bfe9-6bfcf78aa3cb] Adding new dynamic property: PropertyDescriptor[simple]
[pool-2991-thread-1] INFO org.apache.nifi.processors.standard.RouteText - RouteText[id=e191155b-3232-49bd-bfe9-6bfcf78aa3cb] Created FlowFile[1337,92021987876450.mockFlowFile,23B] from FlowFile[1336,92021987876450.mockFlowFile,23B]; routing to relationship simple
[pool-2991-thread-1] INFO org.apache.nifi.processors.standard.RouteText - RouteText[id=e191155b-3232-49bd-bfe9-6bfcf78aa3cb] Routing FlowFile[1336,92021987876450.mockFlowFile,23B] to original
[main] DEBUG org.apache.nifi.processors.standard.RouteText - RouteText[id=e191155b-3232-49bd-bfe9-6bfcf78aa3cb] Adding new dynamic property: PropertyDescriptor[simple]
[pool-2992-thread-1] INFO org.apache.nifi.processors.standard.RouteText - RouteText[id=e191155b-3232-49bd-bfe9-6bfcf78aa3cb] Created FlowFile[1339,92021988369867.mockFlowFile,23B] from FlowFile[1338,92021988369867.mockFlowFile,23B]; routing to relationship simple
[pool-2992-thread-1] INFO org.apache.nifi.processors.standard.RouteText - RouteText[id=e191155b-3232-49bd-bfe9-6bfcf78aa3cb] Routing FlowFile[1338,92021988369867.mockFlowFile,23B] to original
[main] DEBUG org.apache.nifi.processors.standard.RouteText - RouteText[id=e191155b-3232-49bd-bfe9-6bfcf78aa3cb] Adding new dynamic property: PropertyDescriptor[simple]
[pool-2993-thread-1] INFO org.apache.nifi.processors.standard.RouteText - RouteText[id=e191155b-3232-49bd-bfe9-6bfcf78aa3cb] Created FlowFile[1341,92021988802650.mockFlowFile,23B] from FlowFile[1340,92021988802650.mockFlowFile,23B]; routing to relationship simple
[pool-2993-thread-1] INFO org.apache.nifi.processors.standard.RouteText - RouteText[id=e191155b-3232-49bd-bfe9-6bfcf78aa3cb] Routing FlowFile[1340,92021988802650.mockFlowFile,23B] to original
[main] DEBUG org.apache.nifi.processors.standard.RouteText - RouteText[id=e191155b-3232-49bd-bfe9-6bfcf78aa3cb] Adding new dynamic property: PropertyDescriptor[simple]
[pool-2994-thread-1] INFO org.apache.nifi.processors.standard.RouteText - RouteText[id=e191155b-3232-49bd-bfe9-6bfcf78aa3cb] Created FlowFile[1343,92021989288740.mockFlowFile,23B] from FlowFile[1342,92021989288740.mockFlowFile,23B]; routing to relationship simple
[pool-2994-thread-1] INFO org.apache.nifi.processors.standard.RouteText - RouteText[id=e191155b-3232-49bd-bfe9-6bfcf78aa3cb] Routing FlowFile[1342,92021989288740.mockFlowFile,23B] to original
[main] DEBUG org.apache.nifi.processors.standard.RouteText - RouteText[id=e191155b-3232-49bd-bfe9-6bfcf78aa3cb] Adding new dynamic property: PropertyDescriptor[simple]
[pool-2995-thread-1] INFO org.apache.nifi.processors.standard.RouteText - RouteText[id=e191155b-3232-49bd-bfe9-6bfcf78aa3cb] Created FlowFile[1345,92021989776480.mockFlowFile,23B] from FlowFile[1344,92021989776480.mockFlowFile,23B]; routing to relationship simple
[pool-2995-thread-1] INFO org.apache.nifi.processors.standard.RouteText - RouteText[id=e191155b-3232-49bd-bfe9-6bfcf78aa3cb] Routing FlowFile[1344,92021989776480.mockFlowFile,23B] to original
[main] DEBUG org.apache.nifi.processors.standard.RouteText - RouteText[id=e191155b-3232-49bd-bfe9-6bfcf78aa3cb] Adding new dynamic property: PropertyDescriptor[simple]
[pool-2996-thread-1] INFO org.apache.nifi.processors.standard.RouteText - RouteText[id=e191155b-3232-49bd-bfe9-6bfcf78aa3cb] Created FlowFile[1347,92021990267233.mockFlowFile,23B] from FlowFile[1346,92021990267233.mockFlowFile,23B]; routing to relationship simple
[pool-2996-thread-1] INFO org.apache.nifi.processors.standard.RouteText - RouteText[id=e191155b-3232-49bd-bfe9-6bfcf78aa3cb] Routing FlowFile[1346,92021990267233.mockFlowFile,23B] to original
[main] DEBUG org.apache.nifi.processors.standard.RouteText - RouteText[id=e191155b-3232-49bd-bfe9-6bfcf78aa3cb] Adding new dynamic property: PropertyDescriptor[simple]
[pool-2997-thread-1] INFO org.apache.nifi.processors.standard.RouteText - RouteText[id=e191155b-3232-49bd-bfe9-6bfcf78aa3cb] Created FlowFile[1349,92021990753964.mockFlowFile,23B] from FlowFile[1348,92021990753964.mockFlowFile,23B]; routing to relationship simple
[pool-2997-thread-1] INFO org.apache.nifi.processors.standard.RouteText - RouteText[id=e191155b-3232-49bd-bfe9-6bfcf78aa3cb] Routing FlowFile[1348,92021990753964.mockFlowFile,23B] to original
[main] DEBUG org.apache.nifi.processors.standard.RouteText - RouteText[id=e191155b-3232-49bd-bfe9-6bfcf78aa3cb] Adding new dynamic property: PropertyDescriptor[simple]
[pool-2998-thread-1] INFO org.apache.nifi.processors.standard.RouteText - RouteText[id=e191155b-3232-49bd-bfe9-6bfcf78aa3cb] Created FlowFile[1351,92021991218677.mockFlowFile,23B] from FlowFile[1350,92021991218677.mockFlowFile,23B]; routing to relationship simple
[pool-2998-thread-1] INFO org.apache.nifi.processors.standard.RouteText - RouteText[id=e191155b-3232-49bd-bfe9-6bfcf78aa3cb] Routing FlowFile[1350,92021991218677.mockFlowFile,23B] to original
[main] DEBUG org.apache.nifi.processors.standard.RouteText - RouteText[id=e191155b-3232-49bd-bfe9-6bfcf78aa3cb] Adding new dynamic property: PropertyDescriptor[simple]
[pool-2999-thread-1] INFO org.apache.nifi.processors.standard.RouteText - RouteText[id=e191155b-3232-49bd-bfe9-6bfcf78aa3cb] Created FlowFile[1353,92021991618242.mockFlowFile,23B] from FlowFile[1352,92021991618242.mockFlowFile,23B]; routing to relationship simple
[pool-2999-thread-1] INFO org.apache.nifi.processors.standard.RouteText - RouteText[id=e191155b-3232-49bd-bfe9-6bfcf78aa3cb] Routing FlowFile[1352,92021991618242.mockFlowFile,23B] to original
[main] DEBUG org.apache.nifi.processors.standard.RouteText - RouteText[id=e191155b-3232-49bd-bfe9-6bfcf78aa3cb] Adding new dynamic property: PropertyDescriptor[simple]
[pool-3000-thread-1] INFO org.apache.nifi.processors.standard.RouteText - RouteText[id=e191155b-3232-49bd-bfe9-6bfcf78aa3cb] Created FlowFile[1355,92021992060289.mockFlowFile,23B] from FlowFile[1354,92021992060289.mockFlowFile,23B]; routing to relationship simple
[pool-3000-thread-1] INFO org.apache.nifi.processors.standard.RouteText - RouteText[id=e191155b-3232-49bd-bfe9-6bfcf78aa3cb] Routing FlowFile[1354,92021992060289.mockFlowFile,23B] to original
[main] DEBUG org.apache.nifi.processors.standard.RouteText - RouteText[id=e191155b-3232-49bd-bfe9-6bfcf78aa3cb] Adding new dynamic property: PropertyDescriptor[simple]
[pool-3001-thread-1] INFO org.apache.nifi.processors.standard.RouteText - RouteText[id=e191155b-3232-49bd-bfe9-6bfcf78aa3cb] Created FlowFile[1357,92021992453620.mockFlowFile,23B] from FlowFile[1356,92021992453620.mockFlowFile,23B]; routing to relationship simple
[pool-3001-thread-1] INFO org.apache.nifi.processors.standard.RouteText - RouteText[id=e191155b-3232-49bd-bfe9-6bfcf78aa3cb] Routing FlowFile[1356,92021992453620.mockFlowFile,23B] to original
[main] DEBUG org.apache.nifi.processors.standard.RouteText - RouteText[id=e191155b-3232-49bd-bfe9-6bfcf78aa3cb] Adding new dynamic property: PropertyDescriptor[simple]
[pool-3002-thread-1] INFO org.apache.nifi.processors.standard.RouteText - RouteText[id=e191155b-3232-49bd-bfe9-6bfcf78aa3cb] Created FlowFile[1359,92021992903191.mockFlowFile,23B] from FlowFile[1358,92021992903191.mockFlowFile,23B]; routing to relationship simple
[pool-3002-thread-1] INFO org.apache.nifi.processors.standard.RouteText - RouteText[id=e191155b-3232-49bd-bfe9-6bfcf78aa3cb] Routing FlowFile[1358,92021992903191.mockFlowFile,23B] to original
[main] DEBUG org.apache.nifi.processors.standard.RouteText - RouteText[id=e191155b-3232-49bd-bfe9-6bfcf78aa3cb] Adding new dynamic property: PropertyDescriptor[simple]
[pool-3003-thread-1] INFO org.apache.nifi.processors.standard.RouteText - RouteText[id=e191155b-3232-49bd-bfe9-6bfcf78aa3cb] Created FlowFile[1361,92021993422862.mockFlowFile,23B] from FlowFile[1360,92021993422862.mockFlowFile,23B]; routing to relationship simple
[pool-3003-thread-1] INFO org.apache.nifi.processors.standard.RouteText - RouteText[id=e191155b-3232-49bd-bfe9-6bfcf78aa3cb] Routing FlowFile[1360,92021993422862.mockFlowFile,23B] to original
[main] DEBUG org.apache.nifi.processors.standard.RouteText - RouteText[id=e191155b-3232-49bd-bfe9-6bfcf78aa3cb] Adding new dynamic property: PropertyDescriptor[simple]
[pool-3004-thread-1] INFO org.apache.nifi.processors.standard.RouteText - RouteText[id=e191155b-3232-49bd-bfe9-6bfcf78aa3cb] Created FlowFile[1363,92021993888847.mockFlowFile,23B] from FlowFile[1362,92021993888847.mockFlowFile,23B]; routing to relationship simple
[pool-3004-thread-1] INFO org.apache.nifi.processors.standard.RouteText - RouteText[id=e191155b-3232-49bd-bfe9-6bfcf78aa3cb] Routing FlowFile[1362,92021993888847.mockFlowFile,23B] to original
[main] DEBUG org.apache.nifi.processors.standard.RouteText - RouteText[id=e191155b-3232-49bd-bfe9-6bfcf78aa3cb] Adding new dynamic property: PropertyDescriptor[simple]
[pool-3005-thread-1] INFO org.apache.nifi.processors.standard.RouteText - RouteText[id=e191155b-3232-49bd-bfe9-6bfcf78aa3cb] Created FlowFile[1365,92021994487723.mockFlowFile,23B] from FlowFile[1364,92021994487723.mockFlowFile,23B]; routing to relationship simple
[pool-3005-thread-1] INFO org.apache.nifi.processors.standard.RouteText - RouteText[id=e191155b-3232-49bd-bfe9-6bfcf78aa3cb] Routing FlowFile[1364,92021994487723.mockFlowFile,23B] to original
[main] DEBUG org.apache.nifi.processors.standard.RouteText - RouteText[id=e191155b-3232-49bd-bfe9-6bfcf78aa3cb] Adding new dynamic property: PropertyDescriptor[simple]
[pool-3006-thread-1] INFO org.apache.nifi.processors.standard.RouteText - RouteText[id=e191155b-3232-49bd-bfe9-6bfcf78aa3cb] Created FlowFile[1367,92021994963209.mockFlowFile,23B] from FlowFile[1366,92021994963209.mockFlowFile,23B]; routing to relationship simple
[pool-3006-thread-1] INFO org.apache.nifi.processors.standard.RouteText - RouteText[id=e191155b-3232-49bd-bfe9-6bfcf78aa3cb] Routing FlowFile[1366,92021994963209.mockFlowFile,23B] to original
[main] DEBUG org.apache.nifi.processors.standard.RouteText - RouteText[id=e191155b-3232-49bd-bfe9-6bfcf78aa3cb] Adding new dynamic property: PropertyDescriptor[simple]
[pool-3007-thread-1] INFO org.apache.nifi.processors.standard.RouteText - RouteText[id=e191155b-3232-49bd-bfe9-6bfcf78aa3cb] Created FlowFile[1369,92021995423287.mockFlowFile,23B] from FlowFile[1368,92021995423287.mockFlowFile,23B]; routing to relationship simple
[pool-3007-thread-1] INFO org.apache.nifi.processors.standard.RouteText - RouteText[id=e191155b-3232-49bd-bfe9-6bfcf78aa3cb] Routing FlowFile[1368,92021995423287.mockFlowFile,23B] to original
[main] DEBUG org.apache.nifi.processors.standard.RouteText - RouteText[id=e191155b-3232-49bd-bfe9-6bfcf78aa3cb] Adding new dynamic property: PropertyDescriptor[simple]
[pool-3008-thread-1] INFO org.apache.nifi.processors.standard.RouteText - RouteText[id=e191155b-3232-49bd-bfe9-6bfcf78aa3cb] Created FlowFile[1371,92021995887461.mockFlowFile,23B] from FlowFile[1370,92021995887461.mockFlowFile,23B]; routing to relationship simple
[pool-3008-thread-1] INFO org.apache.nifi.processors.standard.RouteText - RouteText[id=e191155b-3232-49bd-bfe9-6bfcf78aa3cb] Routing FlowFile[1370,92021995887461.mockFlowFile,23B] to original
[main] DEBUG org.apache.nifi.processors.standard.RouteText - RouteText[id=e191155b-3232-49bd-bfe9-6bfcf78aa3cb] Adding new dynamic property: PropertyDescriptor[simple]
[pool-3009-thread-1] INFO org.apache.nifi.processors.standard.RouteText - RouteText[id=e191155b-3232-49bd-bfe9-6bfcf78aa3cb] Created FlowFile[1373,92021996354974.mockFlowFile,23B] from FlowFile[1372,92021996354974.mockFlowFile,23B]; routing to relationship simple
[pool-3009-thread-1] INFO org.apache.nifi.processors.standard.RouteText - RouteText[id=e191155b-3232-49bd-bfe9-6bfcf78aa3cb] Routing FlowFile[1372,92021996354974.mockFlowFile,23B] to original
[main] DEBUG org.apache.nifi.processors.standard.RouteText - RouteText[id=e191155b-3232-49bd-bfe9-6bfcf78aa3cb] Adding new dynamic property: PropertyDescriptor[simple]
[pool-3010-thread-1] INFO org.apache.nifi.processors.standard.RouteText - RouteText[id=e191155b-3232-49bd-bfe9-6bfcf78aa3cb] Created FlowFile[1375,92021996777815.mockFlowFile,23B] from FlowFile[1374,92021996777815.mockFlowFile,23B]; routing to relationship simple
[pool-3010-thread-1] INFO org.apache.nifi.processors.standard.RouteText - RouteText[id=e191155b-3232-49bd-bfe9-6bfcf78aa3cb] Routing FlowFile[1374,92021996777815.mockFlowFile,23B] to original
[main] DEBUG org.apache.nifi.processors.standard.RouteText - RouteText[id=e191155b-3232-49bd-bfe9-6bfcf78aa3cb] Adding new dynamic property: PropertyDescriptor[simple]
[pool-3011-thread-1] INFO org.apache.nifi.processors.standard.RouteText - RouteText[id=e191155b-3232-49bd-bfe9-6bfcf78aa3cb] Created FlowFile[1377,92021997327489.mockFlowFile,23B] from FlowFile[1376,92021997327489.mockFlowFile,23B]; routing to relationship simple
[pool-3011-thread-1] INFO org.apache.nifi.processors.standard.RouteText - RouteText[id=e191155b-3232-49bd-bfe9-6bfcf78aa3cb] Routing FlowFile[1376,92021997327489.mockFlowFile,23B] to original
[main] DEBUG org.apache.nifi.processors.standard.RouteText - RouteText[id=e191155b-3232-49bd-bfe9-6bfcf78aa3cb] Adding new dynamic property: PropertyDescriptor[simple]
[pool-3012-thread-1] INFO org.apache.nifi.processors.standard.RouteText - RouteText[id=e191155b-3232-49bd-bfe9-6bfcf78aa3cb] Created FlowFile[1379,92021997860157.mockFlowFile,23B] from FlowFile[1378,92021997860157.mockFlowFile,23B]; routing to relationship simple
[pool-3012-thread-1] INFO org.apache.nifi.processors.standard.RouteText - RouteText[id=e191155b-3232-49bd-bfe9-6bfcf78aa3cb] Routing FlowFile[1378,92021997860157.mockFlowFile,23B] to original
[main] DEBUG org.apache.nifi.processors.standard.RouteText - RouteText[id=e191155b-3232-49bd-bfe9-6bfcf78aa3cb] Adding new dynamic property: PropertyDescriptor[simple]
[pool-3013-thread-1] INFO org.apache.nifi.processors.standard.RouteText - RouteText[id=e191155b-3232-49bd-bfe9-6bfcf78aa3cb] Created FlowFile[1381,92021998290332.mockFlowFile,23B] from FlowFile[1380,92021998290332.mockFlowFile,23B]; routing to relationship simple
[pool-3013-thread-1] INFO org.apache.nifi.processors.standard.RouteText - RouteText[id=e191155b-3232-49bd-bfe9-6bfcf78aa3cb] Routing FlowFile[1380,92021998290332.mockFlowFile,23B] to original
[main] DEBUG org.apache.nifi.processors.standard.RouteText - RouteText[id=e191155b-3232-49bd-bfe9-6bfcf78aa3cb] Adding new dynamic property: PropertyDescriptor[simple]
[pool-3014-thread-1] INFO org.apache.nifi.processors.standard.RouteText - RouteText[id=e191155b-3232-49bd-bfe9-6bfcf78aa3cb] Created FlowFile[1383,92021998720533.mockFlowFile,23B] from FlowFile[1382,92021998720533.mockFlowFile,23B]; routing to relationship simple
[pool-3014-thread-1] INFO org.apache.nifi.processors.standard.RouteText - RouteText[id=e191155b-3232-49bd-bfe9-6bfcf78aa3cb] Routing FlowFile[1382,92021998720533.mockFlowFile,23B] to original
[main] DEBUG org.apache.nifi.processors.standard.RouteText - RouteText[id=e191155b-3232-49bd-bfe9-6bfcf78aa3cb] Adding new dynamic property: PropertyDescriptor[simple]
[pool-3015-thread-1] INFO org.apache.nifi.processors.standard.RouteText - RouteText[id=e191155b-3232-49bd-bfe9-6bfcf78aa3cb] Created FlowFile[1385,92021999156856.mockFlowFile,23B] from FlowFile[1384,92021999156856.mockFlowFile,23B]; routing to relationship simple
[pool-3015-thread-1] INFO org.apache.nifi.processors.standard.RouteText - RouteText[id=e191155b-3232-49bd-bfe9-6bfcf78aa3cb] Routing FlowFile[1384,92021999156856.mockFlowFile,23B] to original
[main] DEBUG org.apache.nifi.processors.standard.RouteText - RouteText[id=e191155b-3232-49bd-bfe9-6bfcf78aa3cb] Adding new dynamic property: PropertyDescriptor[simple]
[pool-3016-thread-1] INFO org.apache.nifi.processors.standard.RouteText - RouteText[id=e191155b-3232-49bd-bfe9-6bfcf78aa3cb] Created FlowFile[1387,92021999654870.mockFlowFile,23B] from FlowFile[1386,92021999654870.mockFlowFile,23B]; routing to relationship simple
[pool-3016-thread-1] INFO org.apache.nifi.processors.standard.RouteText - RouteText[id=e191155b-3232-49bd-bfe9-6bfcf78aa3cb] Routing FlowFile[1386,92021999654870.mockFlowFile,23B] to original
[main] DEBUG org.apache.nifi.processors.standard.RouteText - RouteText[id=e191155b-3232-49bd-bfe9-6bfcf78aa3cb] Adding new dynamic property: PropertyDescriptor[simple]
[pool-3017-thread-1] INFO org.apache.nifi.processors.standard.RouteText - RouteText[id=e191155b-3232-49bd-bfe9-6bfcf78aa3cb] Created FlowFile[1389,92022000114581.mockFlowFile,23B] from FlowFile[1388,92022000114581.mockFlowFile,23B]; routing to relationship simple
[pool-3017-thread-1] INFO org.apache.nifi.processors.standard.RouteText - RouteText[id=e191155b-3232-49bd-bfe9-6bfcf78aa3cb] Routing FlowFile[1388,92022000114581.mockFlowFile,23B] to original
[main] DEBUG org.apache.nifi.processors.standard.RouteText - RouteText[id=e191155b-3232-49bd-bfe9-6bfcf78aa3cb] Adding new dynamic property: PropertyDescriptor[simple]
[pool-3018-thread-1] INFO org.apache.nifi.processors.standard.RouteText - RouteText[id=e191155b-3232-49bd-bfe9-6bfcf78aa3cb] Created FlowFile[1391,92022000682888.mockFlowFile,23B] from FlowFile[1390,92022000682888.mockFlowFile,23B]; routing to relationship simple
[pool-3018-thread-1] INFO org.apache.nifi.processors.standard.RouteText - RouteText[id=e191155b-3232-49bd-bfe9-6bfcf78aa3cb] Routing FlowFile[1390,92022000682888.mockFlowFile,23B] to original
[main] DEBUG org.apache.nifi.processors.standard.RouteText - RouteText[id=e191155b-3232-49bd-bfe9-6bfcf78aa3cb] Adding new dynamic property: PropertyDescriptor[simple]
[pool-3019-thread-1] INFO org.apache.nifi.processors.standard.RouteText - RouteText[id=e191155b-3232-49bd-bfe9-6bfcf78aa3cb] Created FlowFile[1393,92022001210737.mockFlowFile,23B] from FlowFile[1392,92022001210737.mockFlowFile,23B]; routing to relationship simple
[pool-3019-thread-1] INFO org.apache.nifi.processors.standard.RouteText - RouteText[id=e191155b-3232-49bd-bfe9-6bfcf78aa3cb] Routing FlowFile[1392,92022001210737.mockFlowFile,23B] to original
[main] DEBUG org.apache.nifi.processors.standard.RouteText - RouteText[id=e191155b-3232-49bd-bfe9-6bfcf78aa3cb] Adding new dynamic property: PropertyDescriptor[simple]
[pool-3020-thread-1] INFO org.apache.nifi.processors.standard.RouteText - RouteText[id=e191155b-3232-49bd-bfe9-6bfcf78aa3cb] Created FlowFile[1395,92022001741853.mockFlowFile,23B] from FlowFile[1394,92022001741853.mockFlowFile,23B]; routing to relationship simple
[pool-3020-thread-1] INFO org.apache.nifi.processors.standard.RouteText - RouteText[id=e191155b-3232-49bd-bfe9-6bfcf78aa3cb] Routing FlowFile[1394,92022001741853.mockFlowFile,23B] to original
[main] DEBUG org.apache.nifi.processors.standard.RouteText - RouteText[id=e191155b-3232-49bd-bfe9-6bfcf78aa3cb] Adding new dynamic property: PropertyDescriptor[simple]
[pool-3021-thread-1] INFO org.apache.nifi.processors.standard.RouteText - RouteText[id=e191155b-3232-49bd-bfe9-6bfcf78aa3cb] Created FlowFile[1397,92022002173123.mockFlowFile,23B] from FlowFile[1396,92022002173123.mockFlowFile,23B]; routing to relationship simple
[pool-3021-thread-1] INFO org.apache.nifi.processors.standard.RouteText - RouteText[id=e191155b-3232-49bd-bfe9-6bfcf78aa3cb] Routing FlowFile[1396,92022002173123.mockFlowFile,23B] to original
[main] DEBUG org.apache.nifi.processors.standard.RouteText - RouteText[id=e191155b-3232-49bd-bfe9-6bfcf78aa3cb] Adding new dynamic property: PropertyDescriptor[simple]
[pool-3022-thread-1] INFO org.apache.nifi.processors.standard.RouteText - RouteText[id=e191155b-3232-49bd-bfe9-6bfcf78aa3cb] Created FlowFile[1399,92022002583753.mockFlowFile,23B] from FlowFile[1398,92022002583753.mockFlowFile,23B]; routing to relationship simple
[pool-3022-thread-1] INFO org.apache.nifi.processors.standard.RouteText - RouteText[id=e191155b-3232-49bd-bfe9-6bfcf78aa3cb] Routing FlowFile[1398,92022002583753.mockFlowFile,23B] to original
[main] DEBUG org.apache.nifi.processors.standard.RouteText - RouteText[id=e191155b-3232-49bd-bfe9-6bfcf78aa3cb] Adding new dynamic property: PropertyDescriptor[simple]
[pool-3023-thread-1] INFO org.apache.nifi.processors.standard.RouteText - RouteText[id=e191155b-3232-49bd-bfe9-6bfcf78aa3cb] Created FlowFile[1401,92022002977014.mockFlowFile,23B] from FlowFile[1400,92022002977014.mockFlowFile,23B]; routing to relationship simple
[pool-3023-thread-1] INFO org.apache.nifi.processors.standard.RouteText - RouteText[id=e191155b-3232-49bd-bfe9-6bfcf78aa3cb] Routing FlowFile[1400,92022002977014.mockFlowFile,23B] to original
[main] DEBUG org.apache.nifi.processors.standard.RouteText - RouteText[id=e191155b-3232-49bd-bfe9-6bfcf78aa3cb] Adding new dynamic property: PropertyDescriptor[simple]
[pool-3024-thread-1] INFO org.apache.nifi.processors.standard.RouteText - RouteText[id=e191155b-3232-49bd-bfe9-6bfcf78aa3cb] Created FlowFile[1403,92022003466094.mockFlowFile,23B] from FlowFile[1402,92022003466094.mockFlowFile,23B]; routing to relationship simple
[pool-3024-thread-1] INFO org.apache.nifi.processors.standard.RouteText - RouteText[id=e191155b-3232-49bd-bfe9-6bfcf78aa3cb] Routing FlowFile[1402,92022003466094.mockFlowFile,23B] to original
[main] DEBUG org.apache.nifi.processors.standard.RouteText - RouteText[id=e191155b-3232-49bd-bfe9-6bfcf78aa3cb] Adding new dynamic property: PropertyDescriptor[simple]
[pool-3025-thread-1] INFO org.apache.nifi.processors.standard.RouteText - RouteText[id=e191155b-3232-49bd-bfe9-6bfcf78aa3cb] Created FlowFile[1405,92022003959376.mockFlowFile,23B] from FlowFile[1404,92022003959376.mockFlowFile,23B]; routing to relationship simple
[pool-3025-thread-1] INFO org.apache.nifi.processors.standard.RouteText - RouteText[id=e191155b-3232-49bd-bfe9-6bfcf78aa3cb] Routing FlowFile[1404,92022003959376.mockFlowFile,23B] to original
[main] DEBUG org.apache.nifi.processors.standard.RouteText - RouteText[id=e191155b-3232-49bd-bfe9-6bfcf78aa3cb] Adding new dynamic property: PropertyDescriptor[simple]
[pool-3026-thread-1] INFO org.apache.nifi.processors.standard.RouteText - RouteText[id=e191155b-3232-49bd-bfe9-6bfcf78aa3cb] Created FlowFile[1407,92022004512715.mockFlowFile,23B] from FlowFile[1406,92022004512715.mockFlowFile,23B]; routing to relationship simple
[pool-3026-thread-1] INFO org.apache.nifi.processors.standard.RouteText - RouteText[id=e191155b-3232-49bd-bfe9-6bfcf78aa3cb] Routing FlowFile[1406,92022004512715.mockFlowFile,23B] to original
[main] DEBUG org.apache.nifi.processors.standard.RouteText - RouteText[id=e191155b-3232-49bd-bfe9-6bfcf78aa3cb] Adding new dynamic property: PropertyDescriptor[simple]
[pool-3027-thread-1] INFO org.apache.nifi.processors.standard.RouteText - RouteText[id=e191155b-3232-49bd-bfe9-6bfcf78aa3cb] Created FlowFile[1409,92022005163361.mockFlowFile,23B] from FlowFile[1408,92022005163361.mockFlowFile,23B]; routing to relationship simple
[pool-3027-thread-1] INFO org.apache.nifi.processors.standard.RouteText - RouteText[id=e191155b-3232-49bd-bfe9-6bfcf78aa3cb] Routing FlowFile[1408,92022005163361.mockFlowFile,23B] to original
[main] DEBUG org.apache.nifi.processors.standard.RouteText - RouteText[id=e191155b-3232-49bd-bfe9-6bfcf78aa3cb] Adding new dynamic property: PropertyDescriptor[simple]
[pool-3028-thread-1] INFO org.apache.nifi.processors.standard.RouteText - RouteText[id=e191155b-3232-49bd-bfe9-6bfcf78aa3cb] Created FlowFile[1411,92022005712668.mockFlowFile,23B] from FlowFile[1410,92022005712668.mockFlowFile,23B]; routing to relationship simple
[pool-3028-thread-1] INFO org.apache.nifi.processors.standard.RouteText - RouteText[id=e191155b-3232-49bd-bfe9-6bfcf78aa3cb] Routing FlowFile[1410,92022005712668.mockFlowFile,23B] to original
[main] DEBUG org.apache.nifi.processors.standard.RouteText - RouteText[id=e191155b-3232-49bd-bfe9-6bfcf78aa3cb] Adding new dynamic property: PropertyDescriptor[simple]
[pool-3029-thread-1] INFO org.apache.nifi.processors.standard.RouteText - RouteText[id=e191155b-3232-49bd-bfe9-6bfcf78aa3cb] Created FlowFile[1413,92022006189070.mockFlowFile,23B] from FlowFile[1412,92022006189070.mockFlowFile,23B]; routing to relationship simple
[pool-3029-thread-1] INFO org.apache.nifi.processors.standard.RouteText - RouteText[id=e191155b-3232-49bd-bfe9-6bfcf78aa3cb] Routing FlowFile[1412,92022006189070.mockFlowFile,23B] to original
[main] DEBUG org.apache.nifi.processors.standard.RouteText - RouteText[id=e191155b-3232-49bd-bfe9-6bfcf78aa3cb] Adding new dynamic property: PropertyDescriptor[simple]
[pool-3030-thread-1] INFO org.apache.nifi.processors.standard.RouteText - RouteText[id=e191155b-3232-49bd-bfe9-6bfcf78aa3cb] Created FlowFile[1415,92022006706647.mockFlowFile,23B] from FlowFile[1414,92022006706647.mockFlowFile,23B]; routing to relationship simple
[pool-3030-thread-1] INFO org.apache.nifi.processors.standard.RouteText - RouteText[id=e191155b-3232-49bd-bfe9-6bfcf78aa3cb] Routing FlowFile[1414,92022006706647.mockFlowFile,23B] to original
[main] DEBUG org.apache.nifi.processors.standard.RouteText - RouteText[id=e191155b-3232-49bd-bfe9-6bfcf78aa3cb] Adding new dynamic property: PropertyDescriptor[simple]
[pool-3031-thread-1] INFO org.apache.nifi.processors.standard.RouteText - RouteText[id=e191155b-3232-49bd-bfe9-6bfcf78aa3cb] Created FlowFile[1417,92022007351845.mockFlowFile,23B] from FlowFile[1416,92022007351845.mockFlowFile,23B]; routing to relationship simple
[pool-3031-thread-1] INFO org.apache.nifi.processors.standard.RouteText - RouteText[id=e191155b-3232-49bd-bfe9-6bfcf78aa3cb] Routing FlowFile[1416,92022007351845.mockFlowFile,23B] to original
[main] DEBUG org.apache.nifi.processors.standard.RouteText - RouteText[id=e191155b-3232-49bd-bfe9-6bfcf78aa3cb] Adding new dynamic property: PropertyDescriptor[simple]
[pool-3032-thread-1] INFO org.apache.nifi.processors.standard.RouteText - RouteText[id=e191155b-3232-49bd-bfe9-6bfcf78aa3cb] Created FlowFile[1419,92022007868597.mockFlowFile,23B] from FlowFile[1418,92022007868597.mockFlowFile,23B]; routing to relationship simple
[pool-3032-thread-1] INFO org.apache.nifi.processors.standard.RouteText - RouteText[id=e191155b-3232-49bd-bfe9-6bfcf78aa3cb] Routing FlowFile[1418,92022007868597.mockFlowFile,23B] to original
[main] DEBUG org.apache.nifi.processors.standard.RouteText - RouteText[id=e191155b-3232-49bd-bfe9-6bfcf78aa3cb] Adding new dynamic property: PropertyDescriptor[simple]
[pool-3033-thread-1] INFO org.apache.nifi.processors.standard.RouteText - RouteText[id=e191155b-3232-49bd-bfe9-6bfcf78aa3cb] Created FlowFile[1421,92022008354030.mockFlowFile,23B] from FlowFile[1420,92022008354030.mockFlowFile,23B]; routing to relationship simple
[pool-3033-thread-1] INFO org.apache.nifi.processors.standard.RouteText - RouteText[id=e191155b-3232-49bd-bfe9-6bfcf78aa3cb] Routing FlowFile[1420,92022008354030.mockFlowFile,23B] to original
[main] DEBUG org.apache.nifi.processors.standard.RouteText - RouteText[id=e191155b-3232-49bd-bfe9-6bfcf78aa3cb] Adding new dynamic property: PropertyDescriptor[simple]
[pool-3034-thread-1] INFO org.apache.nifi.processors.standard.RouteText - RouteText[id=e191155b-3232-49bd-bfe9-6bfcf78aa3cb] Created FlowFile[1423,92022008832565.mockFlowFile,23B] from FlowFile[1422,92022008832565.mockFlowFile,23B]; routing to relationship simple
[pool-3034-thread-1] INFO org.apache.nifi.processors.standard.RouteText - RouteText[id=e191155b-3232-49bd-bfe9-6bfcf78aa3cb] Routing FlowFile[1422,92022008832565.mockFlowFile,23B] to original
[main] DEBUG org.apache.nifi.processors.standard.RouteText - RouteText[id=e191155b-3232-49bd-bfe9-6bfcf78aa3cb] Adding new dynamic property: PropertyDescriptor[simple]
[pool-3035-thread-1] INFO org.apache.nifi.processors.standard.RouteText - RouteText[id=e191155b-3232-49bd-bfe9-6bfcf78aa3cb] Created FlowFile[1425,92022009330949.mockFlowFile,23B] from FlowFile[1424,92022009330949.mockFlowFile,23B]; routing to relationship simple
[pool-3035-thread-1] INFO org.apache.nifi.processors.standard.RouteText - RouteText[id=e191155b-3232-49bd-bfe9-6bfcf78aa3cb] Routing FlowFile[1424,92022009330949.mockFlowFile,23B] to original
[main] DEBUG org.apache.nifi.processors.standard.RouteText - RouteText[id=e191155b-3232-49bd-bfe9-6bfcf78aa3cb] Adding new dynamic property: PropertyDescriptor[simple]
[pool-3036-thread-1] INFO org.apache.nifi.processors.standard.RouteText - RouteText[id=e191155b-3232-49bd-bfe9-6bfcf78aa3cb] Created FlowFile[1427,92022009805105.mockFlowFile,23B] from FlowFile[1426,92022009805105.mockFlowFile,23B]; routing to relationship simple
[pool-3036-thread-1] INFO org.apache.nifi.processors.standard.RouteText - RouteText[id=e191155b-3232-49bd-bfe9-6bfcf78aa3cb] Routing FlowFile[1426,92022009805105.mockFlowFile,23B] to original
[main] DEBUG org.apache.nifi.processors.standard.RouteText - RouteText[id=e191155b-3232-49bd-bfe9-6bfcf78aa3cb] Adding new dynamic property: PropertyDescriptor[simple]
[pool-3037-thread-1] INFO org.apache.nifi.processors.standard.RouteText - RouteText[id=e191155b-3232-49bd-bfe9-6bfcf78aa3cb] Created FlowFile[1429,92022010256563.mockFlowFile,23B] from FlowFile[1428,92022010256563.mockFlowFile,23B]; routing to relationship simple
[pool-3037-thread-1] INFO org.apache.nifi.processors.standard.RouteText - RouteText[id=e191155b-3232-49bd-bfe9-6bfcf78aa3cb] Routing FlowFile[1428,92022010256563.mockFlowFile,23B] to original
[main] DEBUG org.apache.nifi.processors.standard.RouteText - RouteText[id=e191155b-3232-49bd-bfe9-6bfcf78aa3cb] Adding new dynamic property: PropertyDescriptor[simple]
[pool-3038-thread-1] INFO org.apache.nifi.processors.standard.RouteText - RouteText[id=e191155b-3232-49bd-bfe9-6bfcf78aa3cb] Created FlowFile[1431,92022010707548.mockFlowFile,23B] from FlowFile[1430,92022010707548.mockFlowFile,23B]; routing to relationship simple
[pool-3038-thread-1] INFO org.apache.nifi.processors.standard.RouteText - RouteText[id=e191155b-3232-49bd-bfe9-6bfcf78aa3cb] Routing FlowFile[1430,92022010707548.mockFlowFile,23B] to original
[main] DEBUG org.apache.nifi.processors.standard.RouteText - RouteText[id=e191155b-3232-49bd-bfe9-6bfcf78aa3cb] Adding new dynamic property: PropertyDescriptor[simple]
[pool-3039-thread-1] INFO org.apache.nifi.processors.standard.RouteText - RouteText[id=e191155b-3232-49bd-bfe9-6bfcf78aa3cb] Created FlowFile[1433,92022011174370.mockFlowFile,23B] from FlowFile[1432,92022011174370.mockFlowFile,23B]; routing to relationship simple
[pool-3039-thread-1] INFO org.apache.nifi.processors.standard.RouteText - RouteText[id=e191155b-3232-49bd-bfe9-6bfcf78aa3cb] Routing FlowFile[1432,92022011174370.mockFlowFile,23B] to original
[main] DEBUG org.apache.nifi.processors.standard.RouteText - RouteText[id=e191155b-3232-49bd-bfe9-6bfcf78aa3cb] Adding new dynamic property: PropertyDescriptor[simple]
[pool-3040-thread-1] INFO org.apache.nifi.processors.standard.RouteText - RouteText[id=e191155b-3232-49bd-bfe9-6bfcf78aa3cb] Created FlowFile[1435,92022011622744.mockFlowFile,23B] from FlowFile[1434,92022011622744.mockFlowFile,23B]; routing to relationship simple
[pool-3040-thread-1] INFO org.apache.nifi.processors.standard.RouteText - RouteText[id=e191155b-3232-49bd-bfe9-6bfcf78aa3cb] Routing FlowFile[1434,92022011622744.mockFlowFile,23B] to original
[main] DEBUG org.apache.nifi.processors.standard.RouteText - RouteText[id=e191155b-3232-49bd-bfe9-6bfcf78aa3cb] Adding new dynamic property: PropertyDescriptor[simple]
[pool-3041-thread-1] INFO org.apache.nifi.processors.standard.RouteText - RouteText[id=e191155b-3232-49bd-bfe9-6bfcf78aa3cb] Created FlowFile[1437,92022012201483.mockFlowFile,23B] from FlowFile[1436,92022012201483.mockFlowFile,23B]; routing to relationship simple
[pool-3041-thread-1] INFO org.apache.nifi.processors.standard.RouteText - RouteText[id=e191155b-3232-49bd-bfe9-6bfcf78aa3cb] Routing FlowFile[1436,92022012201483.mockFlowFile,23B] to original
[main] DEBUG org.apache.nifi.processors.standard.RouteText - RouteText[id=e191155b-3232-49bd-bfe9-6bfcf78aa3cb] Adding new dynamic property: PropertyDescriptor[simple]
[pool-3042-thread-1] INFO org.apache.nifi.processors.standard.RouteText - RouteText[id=e191155b-3232-49bd-bfe9-6bfcf78aa3cb] Created FlowFile[1439,92022012698162.mockFlowFile,23B] from FlowFile[1438,92022012698162.mockFlowFile,23B]; routing to relationship simple
[pool-3042-thread-1] INFO org.apache.nifi.processors.standard.RouteText - RouteText[id=e191155b-3232-49bd-bfe9-6bfcf78aa3cb] Routing FlowFile[1438,92022012698162.mockFlowFile,23B] to original
[main] DEBUG org.apache.nifi.processors.standard.RouteText - RouteText[id=e191155b-3232-49bd-bfe9-6bfcf78aa3cb] Adding new dynamic property: PropertyDescriptor[simple]
[pool-3043-thread-1] INFO org.apache.nifi.processors.standard.RouteText - RouteText[id=e191155b-3232-49bd-bfe9-6bfcf78aa3cb] Created FlowFile[1441,92022013172371.mockFlowFile,23B] from FlowFile[1440,92022013172371.mockFlowFile,23B]; routing to relationship simple
[pool-3043-thread-1] INFO org.apache.nifi.processors.standard.RouteText - RouteText[id=e191155b-3232-49bd-bfe9-6bfcf78aa3cb] Routing FlowFile[1440,92022013172371.mockFlowFile,23B] to original
[main] DEBUG org.apache.nifi.processors.standard.RouteText - RouteText[id=e191155b-3232-49bd-bfe9-6bfcf78aa3cb] Adding new dynamic property: PropertyDescriptor[simple]
[pool-3044-thread-1] INFO org.apache.nifi.processors.standard.RouteText - RouteText[id=e191155b-3232-49bd-bfe9-6bfcf78aa3cb] Created FlowFile[1443,92022013651300.mockFlowFile,23B] from FlowFile[1442,92022013651300.mockFlowFile,23B]; routing to relationship simple
[pool-3044-thread-1] INFO org.apache.nifi.processors.standard.RouteText - RouteText[id=e191155b-3232-49bd-bfe9-6bfcf78aa3cb] Routing FlowFile[1442,92022013651300.mockFlowFile,23B] to original
[main] DEBUG org.apache.nifi.processors.standard.RouteText - RouteText[id=e191155b-3232-49bd-bfe9-6bfcf78aa3cb] Adding new dynamic property: PropertyDescriptor[simple]
[pool-3045-thread-1] INFO org.apache.nifi.processors.standard.RouteText - RouteText[id=e191155b-3232-49bd-bfe9-6bfcf78aa3cb] Created FlowFile[1445,92022014109434.mockFlowFile,23B] from FlowFile[1444,92022014109434.mockFlowFile,23B]; routing to relationship simple
[pool-3045-thread-1] INFO org.apache.nifi.processors.standard.RouteText - RouteText[id=e191155b-3232-49bd-bfe9-6bfcf78aa3cb] Routing FlowFile[1444,92022014109434.mockFlowFile,23B] to original
[main] DEBUG org.apache.nifi.processors.standard.RouteText - RouteText[id=e191155b-3232-49bd-bfe9-6bfcf78aa3cb] Adding new dynamic property: PropertyDescriptor[simple]
[pool-3046-thread-1] INFO org.apache.nifi.processors.standard.RouteText - RouteText[id=e191155b-3232-49bd-bfe9-6bfcf78aa3cb] Created FlowFile[1447,92022014583074.mockFlowFile,23B] from FlowFile[1446,92022014583074.mockFlowFile,23B]; routing to relationship simple
[pool-3046-thread-1] INFO org.apache.nifi.processors.standard.RouteText - RouteText[id=e191155b-3232-49bd-bfe9-6bfcf78aa3cb] Routing FlowFile[1446,92022014583074.mockFlowFile,23B] to original
[main] DEBUG org.apache.nifi.processors.standard.RouteText - RouteText[id=e191155b-3232-49bd-bfe9-6bfcf78aa3cb] Adding new dynamic property: PropertyDescriptor[simple]
[pool-3047-thread-1] INFO org.apache.nifi.processors.standard.RouteText - RouteText[id=e191155b-3232-49bd-bfe9-6bfcf78aa3cb] Created FlowFile[1449,92022015015249.mockFlowFile,23B] from FlowFile[1448,92022015015249.mockFlowFile,23B]; routing to relationship simple
[pool-3047-thread-1] INFO org.apache.nifi.processors.standard.RouteText - RouteText[id=e191155b-3232-49bd-bfe9-6bfcf78aa3cb] Routing FlowFile[1448,92022015015249.mockFlowFile,23B] to original
[main] DEBUG org.apache.nifi.processors.standard.RouteText - RouteText[id=e191155b-3232-49bd-bfe9-6bfcf78aa3cb] Adding new dynamic property: PropertyDescriptor[simple]
[pool-3048-thread-1] INFO org.apache.nifi.processors.standard.RouteText - RouteText[id=e191155b-3232-49bd-bfe9-6bfcf78aa3cb] Created FlowFile[1451,92022015400821.mockFlowFile,23B] from FlowFile[1450,92022015400821.mockFlowFile,23B]; routing to relationship simple
[pool-3048-thread-1] INFO org.apache.nifi.processors.standard.RouteText - RouteText[id=e191155b-3232-49bd-bfe9-6bfcf78aa3cb] Routing FlowFile[1450,92022015400821.mockFlowFile,23B] to original
[main] DEBUG org.apache.nifi.processors.standard.RouteText - RouteText[id=e191155b-3232-49bd-bfe9-6bfcf78aa3cb] Adding new dynamic property: PropertyDescriptor[simple]
[pool-3049-thread-1] INFO org.apache.nifi.processors.standard.RouteText - RouteText[id=e191155b-3232-49bd-bfe9-6bfcf78aa3cb] Created FlowFile[1453,92022015828805.mockFlowFile,23B] from FlowFile[1452,92022015828805.mockFlowFile,23B]; routing to relationship simple
[pool-3049-thread-1] INFO org.apache.nifi.processors.standard.RouteText - RouteText[id=e191155b-3232-49bd-bfe9-6bfcf78aa3cb] Routing FlowFile[1452,92022015828805.mockFlowFile,23B] to original
[main] DEBUG org.apache.nifi.processors.standard.RouteText - RouteText[id=e191155b-3232-49bd-bfe9-6bfcf78aa3cb] Adding new dynamic property: PropertyDescriptor[simple]
[pool-3050-thread-1] INFO org.apache.nifi.processors.standard.RouteText - RouteText[id=e191155b-3232-49bd-bfe9-6bfcf78aa3cb] Created FlowFile[1455,92022016398275.mockFlowFile,23B] from FlowFile[1454,92022016398275.mockFlowFile,23B]; routing to relationship simple
[pool-3050-thread-1] INFO org.apache.nifi.processors.standard.RouteText - RouteText[id=e191155b-3232-49bd-bfe9-6bfcf78aa3cb] Routing FlowFile[1454,92022016398275.mockFlowFile,23B] to original
[main] DEBUG org.apache.nifi.processors.standard.RouteText - RouteText[id=e191155b-3232-49bd-bfe9-6bfcf78aa3cb] Adding new dynamic property: PropertyDescriptor[simple]
[pool-3051-thread-1] INFO org.apache.nifi.processors.standard.RouteText - RouteText[id=e191155b-3232-49bd-bfe9-6bfcf78aa3cb] Created FlowFile[1457,92022016848263.mockFlowFile,23B] from FlowFile[1456,92022016848263.mockFlowFile,23B]; routing to relationship simple
[pool-3051-thread-1] INFO org.apache.nifi.processors.standard.RouteText - RouteText[id=e191155b-3232-49bd-bfe9-6bfcf78aa3cb] Routing FlowFile[1456,92022016848263.mockFlowFile,23B] to original
[main] DEBUG org.apache.nifi.processors.standard.RouteText - RouteText[id=e191155b-3232-49bd-bfe9-6bfcf78aa3cb] Adding new dynamic property: PropertyDescriptor[simple]
[pool-3052-thread-1] INFO org.apache.nifi.processors.standard.RouteText - RouteText[id=e191155b-3232-49bd-bfe9-6bfcf78aa3cb] Created FlowFile[1459,92022017283783.mockFlowFile,23B] from FlowFile[1458,92022017283783.mockFlowFile,23B]; routing to relationship simple
[pool-3052-thread-1] INFO org.apache.nifi.processors.standard.RouteText - RouteText[id=e191155b-3232-49bd-bfe9-6bfcf78aa3cb] Routing FlowFile[1458,92022017283783.mockFlowFile,23B] to original
[main] DEBUG org.apache.nifi.processors.standard.RouteText - RouteText[id=e191155b-3232-49bd-bfe9-6bfcf78aa3cb] Adding new dynamic property: PropertyDescriptor[simple]
[pool-3053-thread-1] INFO org.apache.nifi.processors.standard.RouteText - RouteText[id=e191155b-3232-49bd-bfe9-6bfcf78aa3cb] Created FlowFile[1461,92022017724661.mockFlowFile,23B] from FlowFile[1460,92022017724661.mockFlowFile,23B]; routing to relationship simple
[pool-3053-thread-1] INFO org.apache.nifi.processors.standard.RouteText - RouteText[id=e191155b-3232-49bd-bfe9-6bfcf78aa3cb] Routing FlowFile[1460,92022017724661.mockFlowFile,23B] to original
[main] DEBUG org.apache.nifi.processors.standard.RouteText - RouteText[id=e191155b-3232-49bd-bfe9-6bfcf78aa3cb] Adding new dynamic property: PropertyDescriptor[simple]
[pool-3054-thread-1] INFO org.apache.nifi.processors.standard.RouteText - RouteText[id=e191155b-3232-49bd-bfe9-6bfcf78aa3cb] Created FlowFile[1463,92022018175068.mockFlowFile,23B] from FlowFile[1462,92022018175068.mockFlowFile,23B]; routing to relationship simple
[pool-3054-thread-1] INFO org.apache.nifi.processors.standard.RouteText - RouteText[id=e191155b-3232-49bd-bfe9-6bfcf78aa3cb] Routing FlowFile[1462,92022018175068.mockFlowFile,23B] to original
[main] DEBUG org.apache.nifi.processors.standard.RouteText - RouteText[id=e191155b-3232-49bd-bfe9-6bfcf78aa3cb] Adding new dynamic property: PropertyDescriptor[simple]
[pool-3055-thread-1] INFO org.apache.nifi.processors.standard.RouteText - RouteText[id=e191155b-3232-49bd-bfe9-6bfcf78aa3cb] Created FlowFile[1465,92022018621474.mockFlowFile,23B] from FlowFile[1464,92022018621474.mockFlowFile,23B]; routing to relationship simple
[pool-3055-thread-1] INFO org.apache.nifi.processors.standard.RouteText - RouteText[id=e191155b-3232-49bd-bfe9-6bfcf78aa3cb] Routing FlowFile[1464,92022018621474.mockFlowFile,23B] to original
[main] DEBUG org.apache.nifi.processors.standard.RouteText - RouteText[id=e191155b-3232-49bd-bfe9-6bfcf78aa3cb] Adding new dynamic property: PropertyDescriptor[simple]
[pool-3056-thread-1] INFO org.apache.nifi.processors.standard.RouteText - RouteText[id=e191155b-3232-49bd-bfe9-6bfcf78aa3cb] Created FlowFile[1467,92022019066681.mockFlowFile,23B] from FlowFile[1466,92022019066681.mockFlowFile,23B]; routing to relationship simple
[pool-3056-thread-1] INFO org.apache.nifi.processors.standard.RouteText - RouteText[id=e191155b-3232-49bd-bfe9-6bfcf78aa3cb] Routing FlowFile[1466,92022019066681.mockFlowFile,23B] to original
[main] DEBUG org.apache.nifi.processors.standard.RouteText - RouteText[id=e191155b-3232-49bd-bfe9-6bfcf78aa3cb] Adding new dynamic property: PropertyDescriptor[simple]
[pool-3057-thread-1] INFO org.apache.nifi.processors.standard.RouteText - RouteText[id=e191155b-3232-49bd-bfe9-6bfcf78aa3cb] Created FlowFile[1469,92022019457632.mockFlowFile,23B] from FlowFile[1468,92022019457632.mockFlowFile,23B]; routing to relationship simple
[pool-3057-thread-1] INFO org.apache.nifi.processors.standard.RouteText - RouteText[id=e191155b-3232-49bd-bfe9-6bfcf78aa3cb] Routing FlowFile[1468,92022019457632.mockFlowFile,23B] to original
[main] DEBUG org.apache.nifi.processors.standard.RouteText - RouteText[id=e191155b-3232-49bd-bfe9-6bfcf78aa3cb] Adding new dynamic property: PropertyDescriptor[simple]
[pool-3058-thread-1] INFO org.apache.nifi.processors.standard.RouteText - RouteText[id=e191155b-3232-49bd-bfe9-6bfcf78aa3cb] Created FlowFile[1471,92022019891600.mockFlowFile,23B] from FlowFile[1470,92022019891600.mockFlowFile,23B]; routing to relationship simple
[pool-3058-thread-1] INFO org.apache.nifi.processors.standard.RouteText - RouteText[id=e191155b-3232-49bd-bfe9-6bfcf78aa3cb] Routing FlowFile[1470,92022019891600.mockFlowFile,23B] to original
[main] DEBUG org.apache.nifi.processors.standard.RouteText - RouteText[id=e191155b-3232-49bd-bfe9-6bfcf78aa3cb] Adding new dynamic property: PropertyDescriptor[simple]
[pool-3059-thread-1] INFO org.apache.nifi.processors.standard.RouteText - RouteText[id=e191155b-3232-49bd-bfe9-6bfcf78aa3cb] Created FlowFile[1473,92022020384723.mockFlowFile,23B] from FlowFile[1472,92022020384723.mockFlowFile,23B]; routing to relationship simple
[pool-3059-thread-1] INFO org.apache.nifi.processors.standard.RouteText - RouteText[id=e191155b-3232-49bd-bfe9-6bfcf78aa3cb] Routing FlowFile[1472,92022020384723.mockFlowFile,23B] to original
[main] DEBUG org.apache.nifi.processors.standard.RouteText - RouteText[id=e191155b-3232-49bd-bfe9-6bfcf78aa3cb] Adding new dynamic property: PropertyDescriptor[simple]
[pool-3060-thread-1] INFO org.apache.nifi.processors.standard.RouteText - RouteText[id=e191155b-3232-49bd-bfe9-6bfcf78aa3cb] Created FlowFile[1475,92022020827762.mockFlowFile,23B] from FlowFile[1474,92022020827762.mockFlowFile,23B]; routing to relationship simple
[pool-3060-thread-1] INFO org.apache.nifi.processors.standard.RouteText - RouteText[id=e191155b-3232-49bd-bfe9-6bfcf78aa3cb] Routing FlowFile[1474,92022020827762.mockFlowFile,23B] to original
[main] DEBUG org.apache.nifi.processors.standard.RouteText - RouteText[id=e191155b-3232-49bd-bfe9-6bfcf78aa3cb] Adding new dynamic property: PropertyDescriptor[simple]
[pool-3061-thread-1] INFO org.apache.nifi.processors.standard.RouteText - RouteText[id=e191155b-3232-49bd-bfe9-6bfcf78aa3cb] Created FlowFile[1477,92022021262867.mockFlowFile,23B] from FlowFile[1476,92022021262867.mockFlowFile,23B]; routing to relationship simple
[pool-3061-thread-1] INFO org.apache.nifi.processors.standard.RouteText - RouteText[id=e191155b-3232-49bd-bfe9-6bfcf78aa3cb] Routing FlowFile[1476,92022021262867.mockFlowFile,23B] to original
[main] DEBUG org.apache.nifi.processors.standard.RouteText - RouteText[id=e191155b-3232-49bd-bfe9-6bfcf78aa3cb] Adding new dynamic property: PropertyDescriptor[simple]
[pool-3062-thread-1] INFO org.apache.nifi.processors.standard.RouteText - RouteText[id=e191155b-3232-49bd-bfe9-6bfcf78aa3cb] Created FlowFile[1479,92022021703747.mockFlowFile,23B] from FlowFile[1478,92022021703747.mockFlowFile,23B]; routing to relationship simple
[pool-3062-thread-1] INFO org.apache.nifi.processors.standard.RouteText - RouteText[id=e191155b-3232-49bd-bfe9-6bfcf78aa3cb] Routing FlowFile[1478,92022021703747.mockFlowFile,23B] to original
[main] DEBUG org.apache.nifi.processors.standard.RouteText - RouteText[id=e191155b-3232-49bd-bfe9-6bfcf78aa3cb] Adding new dynamic property: PropertyDescriptor[simple]
[pool-3063-thread-1] INFO org.apache.nifi.processors.standard.RouteText - RouteText[id=e191155b-3232-49bd-bfe9-6bfcf78aa3cb] Created FlowFile[1481,92022022128405.mockFlowFile,23B] from FlowFile[1480,92022022128405.mockFlowFile,23B]; routing to relationship simple
[pool-3063-thread-1] INFO org.apache.nifi.processors.standard.RouteText - RouteText[id=e191155b-3232-49bd-bfe9-6bfcf78aa3cb] Routing FlowFile[1480,92022022128405.mockFlowFile,23B] to original
[main] DEBUG org.apache.nifi.processors.standard.RouteText - RouteText[id=e191155b-3232-49bd-bfe9-6bfcf78aa3cb] Adding new dynamic property: PropertyDescriptor[simple]
[pool-3064-thread-1] INFO org.apache.nifi.processors.standard.RouteText - RouteText[id=e191155b-3232-49bd-bfe9-6bfcf78aa3cb] Created FlowFile[1483,92022022558776.mockFlowFile,23B] from FlowFile[1482,92022022558776.mockFlowFile,23B]; routing to relationship simple
[pool-3064-thread-1] INFO org.apache.nifi.processors.standard.RouteText - RouteText[id=e191155b-3232-49bd-bfe9-6bfcf78aa3cb] Routing FlowFile[1482,92022022558776.mockFlowFile,23B] to original
[main] DEBUG org.apache.nifi.processors.standard.RouteText - RouteText[id=e191155b-3232-49bd-bfe9-6bfcf78aa3cb] Adding new dynamic property: PropertyDescriptor[simple]
[pool-3065-thread-1] INFO org.apache.nifi.processors.standard.RouteText - RouteText[id=e191155b-3232-49bd-bfe9-6bfcf78aa3cb] Created FlowFile[1485,92022023001378.mockFlowFile,23B] from FlowFile[1484,92022023001378.mockFlowFile,23B]; routing to relationship simple
[pool-3065-thread-1] INFO org.apache.nifi.processors.standard.RouteText - RouteText[id=e191155b-3232-49bd-bfe9-6bfcf78aa3cb] Routing FlowFile[1484,92022023001378.mockFlowFile,23B] to original
[main] DEBUG org.apache.nifi.processors.standard.RouteText - RouteText[id=e191155b-3232-49bd-bfe9-6bfcf78aa3cb] Adding new dynamic property: PropertyDescriptor[simple]
[pool-3066-thread-1] INFO org.apache.nifi.processors.standard.RouteText - RouteText[id=e191155b-3232-49bd-bfe9-6bfcf78aa3cb] Created FlowFile[1487,92022023453589.mockFlowFile,23B] from FlowFile[1486,92022023453589.mockFlowFile,23B]; routing to relationship simple
[pool-3066-thread-1] INFO org.apache.nifi.processors.standard.RouteText - RouteText[id=e191155b-3232-49bd-bfe9-6bfcf78aa3cb] Routing FlowFile[1486,92022023453589.mockFlowFile,23B] to original
[main] DEBUG org.apache.nifi.processors.standard.RouteText - RouteText[id=e191155b-3232-49bd-bfe9-6bfcf78aa3cb] Adding new dynamic property: PropertyDescriptor[simple]
[pool-3067-thread-1] INFO org.apache.nifi.processors.standard.RouteText - RouteText[id=e191155b-3232-49bd-bfe9-6bfcf78aa3cb] Created FlowFile[1489,92022023924184.mockFlowFile,23B] from FlowFile[1488,92022023924184.mockFlowFile,23B]; routing to relationship simple
[pool-3067-thread-1] INFO org.apache.nifi.processors.standard.RouteText - RouteText[id=e191155b-3232-49bd-bfe9-6bfcf78aa3cb] Routing FlowFile[1488,92022023924184.mockFlowFile,23B] to original
[main] DEBUG org.apache.nifi.processors.standard.RouteText - RouteText[id=e191155b-3232-49bd-bfe9-6bfcf78aa3cb] Adding new dynamic property: PropertyDescriptor[simple]
[pool-3068-thread-1] INFO org.apache.nifi.processors.standard.RouteText - RouteText[id=e191155b-3232-49bd-bfe9-6bfcf78aa3cb] Created FlowFile[1491,92022024688369.mockFlowFile,23B] from FlowFile[1490,92022024688369.mockFlowFile,23B]; routing to relationship simple
[pool-3068-thread-1] INFO org.apache.nifi.processors.standard.RouteText - RouteText[id=e191155b-3232-49bd-bfe9-6bfcf78aa3cb] Routing FlowFile[1490,92022024688369.mockFlowFile,23B] to original
[main] DEBUG org.apache.nifi.processors.standard.RouteText - RouteText[id=e191155b-3232-49bd-bfe9-6bfcf78aa3cb] Adding new dynamic property: PropertyDescriptor[simple]
[pool-3069-thread-1] INFO org.apache.nifi.processors.standard.RouteText - RouteText[id=e191155b-3232-49bd-bfe9-6bfcf78aa3cb] Created FlowFile[1493,92022025192238.mockFlowFile,23B] from FlowFile[1492,92022025192238.mockFlowFile,23B]; routing to relationship simple
[pool-3069-thread-1] INFO org.apache.nifi.processors.standard.RouteText - RouteText[id=e191155b-3232-49bd-bfe9-6bfcf78aa3cb] Routing FlowFile[1492,92022025192238.mockFlowFile,23B] to original
[main] DEBUG org.apache.nifi.processors.standard.RouteText - RouteText[id=e191155b-3232-49bd-bfe9-6bfcf78aa3cb] Adding new dynamic property: PropertyDescriptor[simple]
[pool-3070-thread-1] INFO org.apache.nifi.processors.standard.RouteText - RouteText[id=e191155b-3232-49bd-bfe9-6bfcf78aa3cb] Created FlowFile[1495,92022025666530.mockFlowFile,23B] from FlowFile[1494,92022025666530.mockFlowFile,23B]; routing to relationship simple
[pool-3070-thread-1] INFO org.apache.nifi.processors.standard.RouteText - RouteText[id=e191155b-3232-49bd-bfe9-6bfcf78aa3cb] Routing FlowFile[1494,92022025666530.mockFlowFile,23B] to original
[main] DEBUG org.apache.nifi.processors.standard.RouteText - RouteText[id=e191155b-3232-49bd-bfe9-6bfcf78aa3cb] Adding new dynamic property: PropertyDescriptor[simple]
[pool-3071-thread-1] INFO org.apache.nifi.processors.standard.RouteText - RouteText[id=e191155b-3232-49bd-bfe9-6bfcf78aa3cb] Created FlowFile[1497,92022026119457.mockFlowFile,23B] from FlowFile[1496,92022026119457.mockFlowFile,23B]; routing to relationship simple
[pool-3071-thread-1] INFO org.apache.nifi.processors.standard.RouteText - RouteText[id=e191155b-3232-49bd-bfe9-6bfcf78aa3cb] Routing FlowFile[1496,92022026119457.mockFlowFile,23B] to original
[main] DEBUG org.apache.nifi.processors.standard.RouteText - RouteText[id=e191155b-3232-49bd-bfe9-6bfcf78aa3cb] Adding new dynamic property: PropertyDescriptor[simple]
[pool-3072-thread-1] INFO org.apache.nifi.processors.standard.RouteText - RouteText[id=e191155b-3232-49bd-bfe9-6bfcf78aa3cb] Created FlowFile[1499,92022026569064.mockFlowFile,23B] from FlowFile[1498,92022026569064.mockFlowFile,23B]; routing to relationship simple
[pool-3072-thread-1] INFO org.apache.nifi.processors.standard.RouteText - RouteText[id=e191155b-3232-49bd-bfe9-6bfcf78aa3cb] Routing FlowFile[1498,92022026569064.mockFlowFile,23B] to original
[main] DEBUG org.apache.nifi.processors.standard.RouteText - RouteText[id=e191155b-3232-49bd-bfe9-6bfcf78aa3cb] Adding new dynamic property: PropertyDescriptor[simple]
[pool-3073-thread-1] INFO org.apache.nifi.processors.standard.RouteText - RouteText[id=e191155b-3232-49bd-bfe9-6bfcf78aa3cb] Created FlowFile[1501,92022027014932.mockFlowFile,23B] from FlowFile[1500,92022027014932.mockFlowFile,23B]; routing to relationship simple
[pool-3073-thread-1] INFO org.apache.nifi.processors.standard.RouteText - RouteText[id=e191155b-3232-49bd-bfe9-6bfcf78aa3cb] Routing FlowFile[1500,92022027014932.mockFlowFile,23B] to original
[main] DEBUG org.apache.nifi.processors.standard.RouteText - RouteText[id=e191155b-3232-49bd-bfe9-6bfcf78aa3cb] Adding new dynamic property: PropertyDescriptor[simple]
[pool-3074-thread-1] INFO org.apache.nifi.processors.standard.RouteText - RouteText[id=e191155b-3232-49bd-bfe9-6bfcf78aa3cb] Created FlowFile[1503,92022027471659.mockFlowFile,23B] from FlowFile[1502,92022027471659.mockFlowFile,23B]; routing to relationship simple
[pool-3074-thread-1] INFO org.apache.nifi.processors.standard.RouteText - RouteText[id=e191155b-3232-49bd-bfe9-6bfcf78aa3cb] Routing FlowFile[1502,92022027471659.mockFlowFile,23B] to original
[main] DEBUG org.apache.nifi.processors.standard.RouteText - RouteText[id=e191155b-3232-49bd-bfe9-6bfcf78aa3cb] Adding new dynamic property: PropertyDescriptor[simple]
[pool-3075-thread-1] INFO org.apache.nifi.processors.standard.RouteText - RouteText[id=e191155b-3232-49bd-bfe9-6bfcf78aa3cb] Created FlowFile[1505,92022027933787.mockFlowFile,23B] from FlowFile[1504,92022027933787.mockFlowFile,23B]; routing to relationship simple
[pool-3075-thread-1] INFO org.apache.nifi.processors.standard.RouteText - RouteText[id=e191155b-3232-49bd-bfe9-6bfcf78aa3cb] Routing FlowFile[1504,92022027933787.mockFlowFile,23B] to original
[main] DEBUG org.apache.nifi.processors.standard.RouteText - RouteText[id=e191155b-3232-49bd-bfe9-6bfcf78aa3cb] Adding new dynamic property: PropertyDescriptor[simple]
[pool-3076-thread-1] INFO org.apache.nifi.processors.standard.RouteText - RouteText[id=e191155b-3232-49bd-bfe9-6bfcf78aa3cb] Created FlowFile[1507,92022028487559.mockFlowFile,23B] from FlowFile[1506,92022028487559.mockFlowFile,23B]; routing to relationship simple
[pool-3076-thread-1] INFO org.apache.nifi.processors.standard.RouteText - RouteText[id=e191155b-3232-49bd-bfe9-6bfcf78aa3cb] Routing FlowFile[1506,92022028487559.mockFlowFile,23B] to original
[main] DEBUG org.apache.nifi.processors.standard.RouteText - RouteText[id=e191155b-3232-49bd-bfe9-6bfcf78aa3cb] Adding new dynamic property: PropertyDescriptor[simple]
[pool-3077-thread-1] INFO org.apache.nifi.processors.standard.RouteText - RouteText[id=e191155b-3232-49bd-bfe9-6bfcf78aa3cb] Created FlowFile[1509,92022028939543.mockFlowFile,23B] from FlowFile[1508,92022028939543.mockFlowFile,23B]; routing to relationship simple
[pool-3077-thread-1] INFO org.apache.nifi.processors.standard.RouteText - RouteText[id=e191155b-3232-49bd-bfe9-6bfcf78aa3cb] Routing FlowFile[1508,92022028939543.mockFlowFile,23B] to original
[main] DEBUG org.apache.nifi.processors.standard.RouteText - RouteText[id=e191155b-3232-49bd-bfe9-6bfcf78aa3cb] Adding new dynamic property: PropertyDescriptor[simple]
[pool-3078-thread-1] INFO org.apache.nifi.processors.standard.RouteText - RouteText[id=e191155b-3232-49bd-bfe9-6bfcf78aa3cb] Created FlowFile[1511,92022029435067.mockFlowFile,23B] from FlowFile[1510,92022029435067.mockFlowFile,23B]; routing to relationship simple
[pool-3078-thread-1] INFO org.apache.nifi.processors.standard.RouteText - RouteText[id=e191155b-3232-49bd-bfe9-6bfcf78aa3cb] Routing FlowFile[1510,92022029435067.mockFlowFile,23B] to original
[main] DEBUG org.apache.nifi.processors.standard.RouteText - RouteText[id=e191155b-3232-49bd-bfe9-6bfcf78aa3cb] Adding new dynamic property: PropertyDescriptor[simple]
[pool-3079-thread-1] INFO org.apache.nifi.processors.standard.RouteText - RouteText[id=e191155b-3232-49bd-bfe9-6bfcf78aa3cb] Created FlowFile[1513,92022029889322.mockFlowFile,23B] from FlowFile[1512,92022029889322.mockFlowFile,23B]; routing to relationship simple
[pool-3079-thread-1] INFO org.apache.nifi.processors.standard.RouteText - RouteText[id=e191155b-3232-49bd-bfe9-6bfcf78aa3cb] Routing FlowFile[1512,92022029889322.mockFlowFile,23B] to original
[main] DEBUG org.apache.nifi.processors.standard.RouteText - RouteText[id=e191155b-3232-49bd-bfe9-6bfcf78aa3cb] Adding new dynamic property: PropertyDescriptor[simple]
[pool-3080-thread-1] INFO org.apache.nifi.processors.standard.RouteText - RouteText[id=e191155b-3232-49bd-bfe9-6bfcf78aa3cb] Created FlowFile[1515,92022030341884.mockFlowFile,23B] from FlowFile[1514,92022030341884.mockFlowFile,23B]; routing to relationship simple
[pool-3080-thread-1] INFO org.apache.nifi.processors.standard.RouteText - RouteText[id=e191155b-3232-49bd-bfe9-6bfcf78aa3cb] Routing FlowFile[1514,92022030341884.mockFlowFile,23B] to original
[main] DEBUG org.apache.nifi.processors.standard.RouteText - RouteText[id=e191155b-3232-49bd-bfe9-6bfcf78aa3cb] Adding new dynamic property: PropertyDescriptor[simple]
[pool-3081-thread-1] INFO org.apache.nifi.processors.standard.RouteText - RouteText[id=e191155b-3232-49bd-bfe9-6bfcf78aa3cb] Created FlowFile[1517,92022030785124.mockFlowFile,23B] from FlowFile[1516,92022030785124.mockFlowFile,23B]; routing to relationship simple
[pool-3081-thread-1] INFO org.apache.nifi.processors.standard.RouteText - RouteText[id=e191155b-3232-49bd-bfe9-6bfcf78aa3cb] Routing FlowFile[1516,92022030785124.mockFlowFile,23B] to original
[main] DEBUG org.apache.nifi.processors.standard.RouteText - RouteText[id=e191155b-3232-49bd-bfe9-6bfcf78aa3cb] Adding new dynamic property: PropertyDescriptor[simple]
[pool-3082-thread-1] INFO org.apache.nifi.processors.standard.RouteText - RouteText[id=e191155b-3232-49bd-bfe9-6bfcf78aa3cb] Created FlowFile[1519,92022031255777.mockFlowFile,23B] from FlowFile[1518,92022031255777.mockFlowFile,23B]; routing to relationship simple
[pool-3082-thread-1] INFO org.apache.nifi.processors.standard.RouteText - RouteText[id=e191155b-3232-49bd-bfe9-6bfcf78aa3cb] Routing FlowFile[1518,92022031255777.mockFlowFile,23B] to original
[main] DEBUG org.apache.nifi.processors.standard.RouteText - RouteText[id=e191155b-3232-49bd-bfe9-6bfcf78aa3cb] Adding new dynamic property: PropertyDescriptor[simple]
[pool-3083-thread-1] INFO org.apache.nifi.processors.standard.RouteText - RouteText[id=e191155b-3232-49bd-bfe9-6bfcf78aa3cb] Created FlowFile[1521,92022031704809.mockFlowFile,23B] from FlowFile[1520,92022031704809.mockFlowFile,23B]; routing to relationship simple
[pool-3083-thread-1] INFO org.apache.nifi.processors.standard.RouteText - RouteText[id=e191155b-3232-49bd-bfe9-6bfcf78aa3cb] Routing FlowFile[1520,92022031704809.mockFlowFile,23B] to original
[main] DEBUG org.apache.nifi.processors.standard.RouteText - RouteText[id=e191155b-3232-49bd-bfe9-6bfcf78aa3cb] Adding new dynamic property: PropertyDescriptor[simple]
[pool-3084-thread-1] INFO org.apache.nifi.processors.standard.RouteText - RouteText[id=e191155b-3232-49bd-bfe9-6bfcf78aa3cb] Created FlowFile[1523,92022032385899.mockFlowFile,23B] from FlowFile[1522,92022032385899.mockFlowFile,23B]; routing to relationship simple
[pool-3084-thread-1] INFO org.apache.nifi.processors.standard.RouteText - RouteText[id=e191155b-3232-49bd-bfe9-6bfcf78aa3cb] Routing FlowFile[1522,92022032385899.mockFlowFile,23B] to original
[main] DEBUG org.apache.nifi.processors.standard.RouteText - RouteText[id=e191155b-3232-49bd-bfe9-6bfcf78aa3cb] Adding new dynamic property: PropertyDescriptor[simple]
[pool-3085-thread-1] INFO org.apache.nifi.processors.standard.RouteText - RouteText[id=e191155b-3232-49bd-bfe9-6bfcf78aa3cb] Created FlowFile[1525,92022032822389.mockFlowFile,23B] from FlowFile[1524,92022032822389.mockFlowFile,23B]; routing to relationship simple
[pool-3085-thread-1] INFO org.apache.nifi.processors.standard.RouteText - RouteText[id=e191155b-3232-49bd-bfe9-6bfcf78aa3cb] Routing FlowFile[1524,92022032822389.mockFlowFile,23B] to original
[main] DEBUG org.apache.nifi.processors.standard.RouteText - RouteText[id=e191155b-3232-49bd-bfe9-6bfcf78aa3cb] Adding new dynamic property: PropertyDescriptor[simple]
[pool-3086-thread-1] INFO org.apache.nifi.processors.standard.RouteText - RouteText[id=e191155b-3232-49bd-bfe9-6bfcf78aa3cb] Created FlowFile[1527,92022033273038.mockFlowFile,23B] from FlowFile[1526,92022033273038.mockFlowFile,23B]; routing to relationship simple
[pool-3086-thread-1] INFO org.apache.nifi.processors.standard.RouteText - RouteText[id=e191155b-3232-49bd-bfe9-6bfcf78aa3cb] Routing FlowFile[1526,92022033273038.mockFlowFile,23B] to original
[main] DEBUG org.apache.nifi.processors.standard.RouteText - RouteText[id=e191155b-3232-49bd-bfe9-6bfcf78aa3cb] Adding new dynamic property: PropertyDescriptor[simple]
[pool-3087-thread-1] INFO org.apache.nifi.processors.standard.RouteText - RouteText[id=e191155b-3232-49bd-bfe9-6bfcf78aa3cb] Created FlowFile[1529,92022033751451.mockFlowFile,23B] from FlowFile[1528,92022033751451.mockFlowFile,23B]; routing to relationship simple
[pool-3087-thread-1] INFO org.apache.nifi.processors.standard.RouteText - RouteText[id=e191155b-3232-49bd-bfe9-6bfcf78aa3cb] Routing FlowFile[1528,92022033751451.mockFlowFile,23B] to original
[main] DEBUG org.apache.nifi.processors.standard.RouteText - RouteText[id=e191155b-3232-49bd-bfe9-6bfcf78aa3cb] Adding new dynamic property: PropertyDescriptor[simple]
[pool-3088-thread-1] INFO org.apache.nifi.processors.standard.RouteText - RouteText[id=e191155b-3232-49bd-bfe9-6bfcf78aa3cb] Created FlowFile[1531,92022034225953.mockFlowFile,23B] from FlowFile[1530,92022034225953.mockFlowFile,23B]; routing to relationship simple
[pool-3088-thread-1] INFO org.apache.nifi.processors.standard.RouteText - RouteText[id=e191155b-3232-49bd-bfe9-6bfcf78aa3cb] Routing FlowFile[1530,92022034225953.mockFlowFile,23B] to original
[main] DEBUG org.apache.nifi.processors.standard.RouteText - RouteText[id=e191155b-3232-49bd-bfe9-6bfcf78aa3cb] Adding new dynamic property: PropertyDescriptor[simple]
[pool-3089-thread-1] INFO org.apache.nifi.processors.standard.RouteText - RouteText[id=e191155b-3232-49bd-bfe9-6bfcf78aa3cb] Created FlowFile[1533,92022034662035.mockFlowFile,23B] from FlowFile[1532,92022034662035.mockFlowFile,23B]; routing to relationship simple
[pool-3089-thread-1] INFO org.apache.nifi.processors.standard.RouteText - RouteText[id=e191155b-3232-49bd-bfe9-6bfcf78aa3cb] Routing FlowFile[1532,92022034662035.mockFlowFile,23B] to original
[main] DEBUG org.apache.nifi.processors.standard.RouteText - RouteText[id=e191155b-3232-49bd-bfe9-6bfcf78aa3cb] Adding new dynamic property: PropertyDescriptor[simple]
[pool-3090-thread-1] INFO org.apache.nifi.processors.standard.RouteText - RouteText[id=e191155b-3232-49bd-bfe9-6bfcf78aa3cb] Created FlowFile[1535,92022035405233.mockFlowFile,23B] from FlowFile[1534,92022035405233.mockFlowFile,23B]; routing to relationship simple
[pool-3090-thread-1] INFO org.apache.nifi.processors.standard.RouteText - RouteText[id=e191155b-3232-49bd-bfe9-6bfcf78aa3cb] Routing FlowFile[1534,92022035405233.mockFlowFile,23B] to original
[main] DEBUG org.apache.nifi.processors.standard.RouteText - RouteText[id=e191155b-3232-49bd-bfe9-6bfcf78aa3cb] Adding new dynamic property: PropertyDescriptor[simple]
[pool-3091-thread-1] INFO org.apache.nifi.processors.standard.RouteText - RouteText[id=e191155b-3232-49bd-bfe9-6bfcf78aa3cb] Created FlowFile[1537,92022036040309.mockFlowFile,23B] from FlowFile[1536,92022036040309.mockFlowFile,23B]; routing to relationship simple
[pool-3091-thread-1] INFO org.apache.nifi.processors.standard.RouteText - RouteText[id=e191155b-3232-49bd-bfe9-6bfcf78aa3cb] Routing FlowFile[1536,92022036040309.mockFlowFile,23B] to original
[main] DEBUG org.apache.nifi.processors.standard.RouteText - RouteText[id=e191155b-3232-49bd-bfe9-6bfcf78aa3cb] Adding new dynamic property: PropertyDescriptor[simple]
[pool-3092-thread-1] INFO org.apache.nifi.processors.standard.RouteText - RouteText[id=e191155b-3232-49bd-bfe9-6bfcf78aa3cb] Created FlowFile[1539,92022036519963.mockFlowFile,23B] from FlowFile[1538,92022036519963.mockFlowFile,23B]; routing to relationship simple
[pool-3092-thread-1] INFO org.apache.nifi.processors.standard.RouteText - RouteText[id=e191155b-3232-49bd-bfe9-6bfcf78aa3cb] Routing FlowFile[1538,92022036519963.mockFlowFile,23B] to original
[main] DEBUG org.apache.nifi.processors.standard.RouteText - RouteText[id=e191155b-3232-49bd-bfe9-6bfcf78aa3cb] Adding new dynamic property: PropertyDescriptor[simple]
[pool-3093-thread-1] INFO org.apache.nifi.processors.standard.RouteText - RouteText[id=e191155b-3232-49bd-bfe9-6bfcf78aa3cb] Created FlowFile[1541,92022036949123.mockFlowFile,23B] from FlowFile[1540,92022036949123.mockFlowFile,23B]; routing to relationship simple
[pool-3093-thread-1] INFO org.apache.nifi.processors.standard.RouteText - RouteText[id=e191155b-3232-49bd-bfe9-6bfcf78aa3cb] Routing FlowFile[1540,92022036949123.mockFlowFile,23B] to original
[main] DEBUG org.apache.nifi.processors.standard.RouteText - RouteText[id=e191155b-3232-49bd-bfe9-6bfcf78aa3cb] Adding new dynamic property: PropertyDescriptor[simple]
[pool-3094-thread-1] INFO org.apache.nifi.processors.standard.RouteText - RouteText[id=e191155b-3232-49bd-bfe9-6bfcf78aa3cb] Created FlowFile[1543,92022037411138.mockFlowFile,23B] from FlowFile[1542,92022037411138.mockFlowFile,23B]; routing to relationship simple
[pool-3094-thread-1] INFO org.apache.nifi.processors.standard.RouteText - RouteText[id=e191155b-3232-49bd-bfe9-6bfcf78aa3cb] Routing FlowFile[1542,92022037411138.mockFlowFile,23B] to original
[main] DEBUG org.apache.nifi.processors.standard.RouteText - RouteText[id=e191155b-3232-49bd-bfe9-6bfcf78aa3cb] Adding new dynamic property: PropertyDescriptor[simple]
[pool-3095-thread-1] INFO org.apache.nifi.processors.standard.RouteText - RouteText[id=e191155b-3232-49bd-bfe9-6bfcf78aa3cb] Created FlowFile[1545,92022037895142.mockFlowFile,23B] from FlowFile[1544,92022037895142.mockFlowFile,23B]; routing to relationship simple
[pool-3095-thread-1] INFO org.apache.nifi.processors.standard.RouteText - RouteText[id=e191155b-3232-49bd-bfe9-6bfcf78aa3cb] Routing FlowFile[1544,92022037895142.mockFlowFile,23B] to original
[main] DEBUG org.apache.nifi.processors.standard.RouteText - RouteText[id=e191155b-3232-49bd-bfe9-6bfcf78aa3cb] Adding new dynamic property: PropertyDescriptor[simple]
[pool-3096-thread-1] INFO org.apache.nifi.processors.standard.RouteText - RouteText[id=e191155b-3232-49bd-bfe9-6bfcf78aa3cb] Created FlowFile[1547,92022038441745.mockFlowFile,23B] from FlowFile[1546,92022038441745.mockFlowFile,23B]; routing to relationship simple
[pool-3096-thread-1] INFO org.apache.nifi.processors.standard.RouteText - RouteText[id=e191155b-3232-49bd-bfe9-6bfcf78aa3cb] Routing FlowFile[1546,92022038441745.mockFlowFile,23B] to original
[main] DEBUG org.apache.nifi.processors.standard.RouteText - RouteText[id=e191155b-3232-49bd-bfe9-6bfcf78aa3cb] Adding new dynamic property: PropertyDescriptor[simple]
[pool-3097-thread-1] INFO org.apache.nifi.processors.standard.RouteText - RouteText[id=e191155b-3232-49bd-bfe9-6bfcf78aa3cb] Created FlowFile[1549,92022038920258.mockFlowFile,23B] from FlowFile[1548,92022038920258.mockFlowFile,23B]; routing to relationship simple
[pool-3097-thread-1] INFO org.apache.nifi.processors.standard.RouteText - RouteText[id=e191155b-3232-49bd-bfe9-6bfcf78aa3cb] Routing FlowFile[1548,92022038920258.mockFlowFile,23B] to original
[main] DEBUG org.apache.nifi.processors.standard.RouteText - RouteText[id=e191155b-3232-49bd-bfe9-6bfcf78aa3cb] Adding new dynamic property: PropertyDescriptor[simple]
[pool-3098-thread-1] INFO org.apache.nifi.processors.standard.RouteText - RouteText[id=e191155b-3232-49bd-bfe9-6bfcf78aa3cb] Created FlowFile[1551,92022039388587.mockFlowFile,23B] from FlowFile[1550,92022039388587.mockFlowFile,23B]; routing to relationship simple
[pool-3098-thread-1] INFO org.apache.nifi.processors.standard.RouteText - RouteText[id=e191155b-3232-49bd-bfe9-6bfcf78aa3cb] Routing FlowFile[1550,92022039388587.mockFlowFile,23B] to original
[main] DEBUG org.apache.nifi.processors.standard.RouteText - RouteText[id=e191155b-3232-49bd-bfe9-6bfcf78aa3cb] Adding new dynamic property: PropertyDescriptor[simple]
[pool-3099-thread-1] INFO org.apache.nifi.processors.standard.RouteText - RouteText[id=e191155b-3232-49bd-bfe9-6bfcf78aa3cb] Created FlowFile[1553,92022039862825.mockFlowFile,23B] from FlowFile[1552,92022039862825.mockFlowFile,23B]; routing to relationship simple
[pool-3099-thread-1] INFO org.apache.nifi.processors.standard.RouteText - RouteText[id=e191155b-3232-49bd-bfe9-6bfcf78aa3cb] Routing FlowFile[1552,92022039862825.mockFlowFile,23B] to original
[main] DEBUG org.apache.nifi.processors.standard.RouteText - RouteText[id=e191155b-3232-49bd-bfe9-6bfcf78aa3cb] Adding new dynamic property: PropertyDescriptor[simple]
[pool-3100-thread-1] INFO org.apache.nifi.processors.standard.RouteText - RouteText[id=e191155b-3232-49bd-bfe9-6bfcf78aa3cb] Created FlowFile[1555,92022040394593.mockFlowFile,23B] from FlowFile[1554,92022040394593.mockFlowFile,23B]; routing to relationship simple
[pool-3100-thread-1] INFO org.apache.nifi.processors.standard.RouteText - RouteText[id=e191155b-3232-49bd-bfe9-6bfcf78aa3cb] Routing FlowFile[1554,92022040394593.mockFlowFile,23B] to original
[main] DEBUG org.apache.nifi.processors.standard.RouteText - RouteText[id=e191155b-3232-49bd-bfe9-6bfcf78aa3cb] Adding new dynamic property: PropertyDescriptor[simple]
[pool-3101-thread-1] INFO org.apache.nifi.processors.standard.RouteText - RouteText[id=e191155b-3232-49bd-bfe9-6bfcf78aa3cb] Created FlowFile[1557,92022040819660.mockFlowFile,23B] from FlowFile[1556,92022040819660.mockFlowFile,23B]; routing to relationship simple
[pool-3101-thread-1] INFO org.apache.nifi.processors.standard.RouteText - RouteText[id=e191155b-3232-49bd-bfe9-6bfcf78aa3cb] Routing FlowFile[1556,92022040819660.mockFlowFile,23B] to original
[main] DEBUG org.apache.nifi.processors.standard.RouteText - RouteText[id=e191155b-3232-49bd-bfe9-6bfcf78aa3cb] Adding new dynamic property: PropertyDescriptor[simple]
[pool-3102-thread-1] INFO org.apache.nifi.processors.standard.RouteText - RouteText[id=e191155b-3232-49bd-bfe9-6bfcf78aa3cb] Created FlowFile[1559,92022041297802.mockFlowFile,23B] from FlowFile[1558,92022041297802.mockFlowFile,23B]; routing to relationship simple
[pool-3102-thread-1] INFO org.apache.nifi.processors.standard.RouteText - RouteText[id=e191155b-3232-49bd-bfe9-6bfcf78aa3cb] Routing FlowFile[1558,92022041297802.mockFlowFile,23B] to original
[main] DEBUG org.apache.nifi.processors.standard.RouteText - RouteText[id=e191155b-3232-49bd-bfe9-6bfcf78aa3cb] Adding new dynamic property: PropertyDescriptor[simple]
[pool-3103-thread-1] INFO org.apache.nifi.processors.standard.RouteText - RouteText[id=e191155b-3232-49bd-bfe9-6bfcf78aa3cb] Created FlowFile[1561,92022041760419.mockFlowFile,23B] from FlowFile[1560,92022041760419.mockFlowFile,23B]; routing to relationship simple
[pool-3103-thread-1] INFO org.apache.nifi.processors.standard.RouteText - RouteText[id=e191155b-3232-49bd-bfe9-6bfcf78aa3cb] Routing FlowFile[1560,92022041760419.mockFlowFile,23B] to original
[main] DEBUG org.apache.nifi.processors.standard.RouteText - RouteText[id=e191155b-3232-49bd-bfe9-6bfcf78aa3cb] Adding new dynamic property: PropertyDescriptor[simple]
[pool-3104-thread-1] INFO org.apache.nifi.processors.standard.RouteText - RouteText[id=e191155b-3232-49bd-bfe9-6bfcf78aa3cb] Created FlowFile[1563,92022042207601.mockFlowFile,23B] from FlowFile[1562,92022042207601.mockFlowFile,23B]; routing to relationship simple
[pool-3104-thread-1] INFO org.apache.nifi.processors.standard.RouteText - RouteText[id=e191155b-3232-49bd-bfe9-6bfcf78aa3cb] Routing FlowFile[1562,92022042207601.mockFlowFile,23B] to original
[main] DEBUG org.apache.nifi.processors.standard.RouteText - RouteText[id=e191155b-3232-49bd-bfe9-6bfcf78aa3cb] Adding new dynamic property: PropertyDescriptor[simple]
[pool-3105-thread-1] INFO org.apache.nifi.processors.standard.RouteText - RouteText[id=e191155b-3232-49bd-bfe9-6bfcf78aa3cb] Created FlowFile[1565,92022042680216.mockFlowFile,23B] from FlowFile[1564,92022042680216.mockFlowFile,23B]; routing to relationship simple
[pool-3105-thread-1] INFO org.apache.nifi.processors.standard.RouteText - RouteText[id=e191155b-3232-49bd-bfe9-6bfcf78aa3cb] Routing FlowFile[1564,92022042680216.mockFlowFile,23B] to original
[main] DEBUG org.apache.nifi.processors.standard.RouteText - RouteText[id=e191155b-3232-49bd-bfe9-6bfcf78aa3cb] Adding new dynamic property: PropertyDescriptor[simple]
[pool-3106-thread-1] INFO org.apache.nifi.processors.standard.RouteText - RouteText[id=e191155b-3232-49bd-bfe9-6bfcf78aa3cb] Created FlowFile[1567,92022043138865.mockFlowFile,23B] from FlowFile[1566,92022043138865.mockFlowFile,23B]; routing to relationship simple
[pool-3106-thread-1] INFO org.apache.nifi.processors.standard.RouteText - RouteText[id=e191155b-3232-49bd-bfe9-6bfcf78aa3cb] Routing FlowFile[1566,92022043138865.mockFlowFile,23B] to original
[main] DEBUG org.apache.nifi.processors.standard.RouteText - RouteText[id=e191155b-3232-49bd-bfe9-6bfcf78aa3cb] Adding new dynamic property: PropertyDescriptor[simple]
[pool-3107-thread-1] INFO org.apache.nifi.processors.standard.RouteText - RouteText[id=e191155b-3232-49bd-bfe9-6bfcf78aa3cb] Created FlowFile[1569,92022043581538.mockFlowFile,23B] from FlowFile[1568,92022043581538.mockFlowFile,23B]; routing to relationship simple
[pool-3107-thread-1] INFO org.apache.nifi.processors.standard.RouteText - RouteText[id=e191155b-3232-49bd-bfe9-6bfcf78aa3cb] Routing FlowFile[1568,92022043581538.mockFlowFile,23B] to original
[main] DEBUG org.apache.nifi.processors.standard.RouteText - RouteText[id=e191155b-3232-49bd-bfe9-6bfcf78aa3cb] Adding new dynamic property: PropertyDescriptor[simple]
[pool-3108-thread-1] INFO org.apache.nifi.processors.standard.RouteText - RouteText[id=e191155b-3232-49bd-bfe9-6bfcf78aa3cb] Created FlowFile[1571,92022044126044.mockFlowFile,23B] from FlowFile[1570,92022044126044.mockFlowFile,23B]; routing to relationship simple
[pool-3108-thread-1] INFO org.apache.nifi.processors.standard.RouteText - RouteText[id=e191155b-3232-49bd-bfe9-6bfcf78aa3cb] Routing FlowFile[1570,92022044126044.mockFlowFile,23B] to original
[main] DEBUG org.apache.nifi.processors.standard.RouteText - RouteText[id=e191155b-3232-49bd-bfe9-6bfcf78aa3cb] Adding new dynamic property: PropertyDescriptor[simple]
[pool-3109-thread-1] INFO org.apache.nifi.processors.standard.RouteText - RouteText[id=e191155b-3232-49bd-bfe9-6bfcf78aa3cb] Created FlowFile[1573,92022044614061.mockFlowFile,23B] from FlowFile[1572,92022044614061.mockFlowFile,23B]; routing to relationship simple
[pool-3109-thread-1] INFO org.apache.nifi.processors.standard.RouteText - RouteText[id=e191155b-3232-49bd-bfe9-6bfcf78aa3cb] Routing FlowFile[1572,92022044614061.mockFlowFile,23B] to original
[main] DEBUG org.apache.nifi.processors.standard.RouteText - RouteText[id=e191155b-3232-49bd-bfe9-6bfcf78aa3cb] Adding new dynamic property: PropertyDescriptor[simple]
[pool-3110-thread-1] INFO org.apache.nifi.processors.standard.RouteText - RouteText[id=e191155b-3232-49bd-bfe9-6bfcf78aa3cb] Created FlowFile[1575,92022045124088.mockFlowFile,23B] from FlowFile[1574,92022045124088.mockFlowFile,23B]; routing to relationship simple
[pool-3110-thread-1] INFO org.apache.nifi.processors.standard.RouteText - RouteText[id=e191155b-3232-49bd-bfe9-6bfcf78aa3cb] Routing FlowFile[1574,92022045124088.mockFlowFile,23B] to original
[main] DEBUG org.apache.nifi.processors.standard.RouteText - RouteText[id=e191155b-3232-49bd-bfe9-6bfcf78aa3cb] Adding new dynamic property: PropertyDescriptor[simple]
[pool-3111-thread-1] INFO org.apache.nifi.processors.standard.RouteText - RouteText[id=e191155b-3232-49bd-bfe9-6bfcf78aa3cb] Created FlowFile[1577,92022045631937.mockFlowFile,23B] from FlowFile[1576,92022045631937.mockFlowFile,23B]; routing to relationship simple
[pool-3111-thread-1] INFO org.apache.nifi.processors.standard.RouteText - RouteText[id=e191155b-3232-49bd-bfe9-6bfcf78aa3cb] Routing FlowFile[1576,92022045631937.mockFlowFile,23B] to original
[main] DEBUG org.apache.nifi.processors.standard.RouteText - RouteText[id=e191155b-3232-49bd-bfe9-6bfcf78aa3cb] Adding new dynamic property: PropertyDescriptor[simple]
[pool-3112-thread-1] INFO org.apache.nifi.processors.standard.RouteText - RouteText[id=e191155b-3232-49bd-bfe9-6bfcf78aa3cb] Created FlowFile[1579,92022046095781.mockFlowFile,23B] from FlowFile[1578,92022046095781.mockFlowFile,23B]; routing to relationship simple
[pool-3112-thread-1] INFO org.apache.nifi.processors.standard.RouteText - RouteText[id=e191155b-3232-49bd-bfe9-6bfcf78aa3cb] Routing FlowFile[1578,92022046095781.mockFlowFile,23B] to original
[main] DEBUG org.apache.nifi.processors.standard.RouteText - RouteText[id=e191155b-3232-49bd-bfe9-6bfcf78aa3cb] Adding new dynamic property: PropertyDescriptor[simple]
[pool-3113-thread-1] INFO org.apache.nifi.processors.standard.RouteText - RouteText[id=e191155b-3232-49bd-bfe9-6bfcf78aa3cb] Created FlowFile[1581,92022046579878.mockFlowFile,23B] from FlowFile[1580,92022046579878.mockFlowFile,23B]; routing to relationship simple
[pool-3113-thread-1] INFO org.apache.nifi.processors.standard.RouteText - RouteText[id=e191155b-3232-49bd-bfe9-6bfcf78aa3cb] Routing FlowFile[1580,92022046579878.mockFlowFile,23B] to original
[main] DEBUG org.apache.nifi.processors.standard.RouteText - RouteText[id=e191155b-3232-49bd-bfe9-6bfcf78aa3cb] Adding new dynamic property: PropertyDescriptor[simple]
[pool-3114-thread-1] INFO org.apache.nifi.processors.standard.RouteText - RouteText[id=e191155b-3232-49bd-bfe9-6bfcf78aa3cb] Created FlowFile[1583,92022047048901.mockFlowFile,23B] from FlowFile[1582,92022047048901.mockFlowFile,23B]; routing to relationship simple
[pool-3114-thread-1] INFO org.apache.nifi.processors.standard.RouteText - RouteText[id=e191155b-3232-49bd-bfe9-6bfcf78aa3cb] Routing FlowFile[1582,92022047048901.mockFlowFile,23B] to original
[main] DEBUG org.apache.nifi.processors.standard.RouteText - RouteText[id=e191155b-3232-49bd-bfe9-6bfcf78aa3cb] Adding new dynamic property: PropertyDescriptor[simple]
[pool-3115-thread-1] INFO org.apache.nifi.processors.standard.RouteText - RouteText[id=e191155b-3232-49bd-bfe9-6bfcf78aa3cb] Created FlowFile[1585,92022047544025.mockFlowFile,23B] from FlowFile[1584,92022047544025.mockFlowFile,23B]; routing to relationship simple
[pool-3115-thread-1] INFO org.apache.nifi.processors.standard.RouteText - RouteText[id=e191155b-3232-49bd-bfe9-6bfcf78aa3cb] Routing FlowFile[1584,92022047544025.mockFlowFile,23B] to original
[main] DEBUG org.apache.nifi.processors.standard.RouteText - RouteText[id=e191155b-3232-49bd-bfe9-6bfcf78aa3cb] Adding new dynamic property: PropertyDescriptor[simple]
[pool-3116-thread-1] INFO org.apache.nifi.processors.standard.RouteText - RouteText[id=e191155b-3232-49bd-bfe9-6bfcf78aa3cb] Created FlowFile[1587,92022048031526.mockFlowFile,23B] from FlowFile[1586,92022048031526.mockFlowFile,23B]; routing to relationship simple
[pool-3116-thread-1] INFO org.apache.nifi.processors.standard.RouteText - RouteText[id=e191155b-3232-49bd-bfe9-6bfcf78aa3cb] Routing FlowFile[1586,92022048031526.mockFlowFile,23B] to original
[main] DEBUG org.apache.nifi.processors.standard.RouteText - RouteText[id=e191155b-3232-49bd-bfe9-6bfcf78aa3cb] Adding new dynamic property: PropertyDescriptor[simple]
[pool-3117-thread-1] INFO org.apache.nifi.processors.standard.RouteText - RouteText[id=e191155b-3232-49bd-bfe9-6bfcf78aa3cb] Created FlowFile[1589,92022048510612.mockFlowFile,23B] from FlowFile[1588,92022048510612.mockFlowFile,23B]; routing to relationship simple
[pool-3117-thread-1] INFO org.apache.nifi.processors.standard.RouteText - RouteText[id=e191155b-3232-49bd-bfe9-6bfcf78aa3cb] Routing FlowFile[1588,92022048510612.mockFlowFile,23B] to original
[main] DEBUG org.apache.nifi.processors.standard.RouteText - RouteText[id=e191155b-3232-49bd-bfe9-6bfcf78aa3cb] Adding new dynamic property: PropertyDescriptor[simple]
[pool-3118-thread-1] INFO org.apache.nifi.processors.standard.RouteText - RouteText[id=e191155b-3232-49bd-bfe9-6bfcf78aa3cb] Created FlowFile[1591,92022048989585.mockFlowFile,23B] from FlowFile[1590,92022048989585.mockFlowFile,23B]; routing to relationship simple
[pool-3118-thread-1] INFO org.apache.nifi.processors.standard.RouteText - RouteText[id=e191155b-3232-49bd-bfe9-6bfcf78aa3cb] Routing FlowFile[1590,92022048989585.mockFlowFile,23B] to original
[main] DEBUG org.apache.nifi.processors.standard.RouteText - RouteText[id=e191155b-3232-49bd-bfe9-6bfcf78aa3cb] Adding new dynamic property: PropertyDescriptor[simple]
[pool-3119-thread-1] INFO org.apache.nifi.processors.standard.RouteText - RouteText[id=e191155b-3232-49bd-bfe9-6bfcf78aa3cb] Created FlowFile[1593,92022049451184.mockFlowFile,23B] from FlowFile[1592,92022049451184.mockFlowFile,23B]; routing to relationship simple
[pool-3119-thread-1] INFO org.apache.nifi.processors.standard.RouteText - RouteText[id=e191155b-3232-49bd-bfe9-6bfcf78aa3cb] Routing FlowFile[1592,92022049451184.mockFlowFile,23B] to original
[main] DEBUG org.apache.nifi.processors.standard.RouteText - RouteText[id=e191155b-3232-49bd-bfe9-6bfcf78aa3cb] Adding new dynamic property: PropertyDescriptor[simple]
[pool-3120-thread-1] INFO org.apache.nifi.processors.standard.RouteText - RouteText[id=e191155b-3232-49bd-bfe9-6bfcf78aa3cb] Created FlowFile[1595,92022049925004.mockFlowFile,23B] from FlowFile[1594,92022049925004.mockFlowFile,23B]; routing to relationship simple
[pool-3120-thread-1] INFO org.apache.nifi.processors.standard.RouteText - RouteText[id=e191155b-3232-49bd-bfe9-6bfcf78aa3cb] Routing FlowFile[1594,92022049925004.mockFlowFile,23B] to original
[main] DEBUG org.apache.nifi.processors.standard.RouteText - RouteText[id=e191155b-3232-49bd-bfe9-6bfcf78aa3cb] Adding new dynamic property: PropertyDescriptor[simple]
[pool-3121-thread-1] INFO org.apache.nifi.processors.standard.RouteText - RouteText[id=e191155b-3232-49bd-bfe9-6bfcf78aa3cb] Created FlowFile[1597,92022050397440.mockFlowFile,23B] from FlowFile[1596,92022050397440.mockFlowFile,23B]; routing to relationship simple
[pool-3121-thread-1] INFO org.apache.nifi.processors.standard.RouteText - RouteText[id=e191155b-3232-49bd-bfe9-6bfcf78aa3cb] Routing FlowFile[1596,92022050397440.mockFlowFile,23B] to original
[main] DEBUG org.apache.nifi.processors.standard.RouteText - RouteText[id=e191155b-3232-49bd-bfe9-6bfcf78aa3cb] Adding new dynamic property: PropertyDescriptor[simple]
[pool-3122-thread-1] INFO org.apache.nifi.processors.standard.RouteText - RouteText[id=e191155b-3232-49bd-bfe9-6bfcf78aa3cb] Created FlowFile[1599,92022050866473.mockFlowFile,23B] from FlowFile[1598,92022050866473.mockFlowFile,23B]; routing to relationship simple
[pool-3122-thread-1] INFO org.apache.nifi.processors.standard.RouteText - RouteText[id=e191155b-3232-49bd-bfe9-6bfcf78aa3cb] Routing FlowFile[1598,92022050866473.mockFlowFile,23B] to original
[main] DEBUG org.apache.nifi.processors.standard.RouteText - RouteText[id=e191155b-3232-49bd-bfe9-6bfcf78aa3cb] Adding new dynamic property: PropertyDescriptor[simple]
[pool-3123-thread-1] INFO org.apache.nifi.processors.standard.RouteText - RouteText[id=e191155b-3232-49bd-bfe9-6bfcf78aa3cb] Created FlowFile[1601,92022051336812.mockFlowFile,23B] from FlowFile[1600,92022051336812.mockFlowFile,23B]; routing to relationship simple
[pool-3123-thread-1] INFO org.apache.nifi.processors.standard.RouteText - RouteText[id=e191155b-3232-49bd-bfe9-6bfcf78aa3cb] Routing FlowFile[1600,92022051336812.mockFlowFile,23B] to original
[main] DEBUG org.apache.nifi.processors.standard.RouteText - RouteText[id=e191155b-3232-49bd-bfe9-6bfcf78aa3cb] Adding new dynamic property: PropertyDescriptor[simple]
[pool-3124-thread-1] INFO org.apache.nifi.processors.standard.RouteText - RouteText[id=e191155b-3232-49bd-bfe9-6bfcf78aa3cb] Created FlowFile[1603,92022051800578.mockFlowFile,23B] from FlowFile[1602,92022051800578.mockFlowFile,23B]; routing to relationship simple
[pool-3124-thread-1] INFO org.apache.nifi.processors.standard.RouteText - RouteText[id=e191155b-3232-49bd-bfe9-6bfcf78aa3cb] Routing FlowFile[1602,92022051800578.mockFlowFile,23B] to original
[main] DEBUG org.apache.nifi.processors.standard.RouteText - RouteText[id=e191155b-3232-49bd-bfe9-6bfcf78aa3cb] Adding new dynamic property: PropertyDescriptor[simple]
[pool-3125-thread-1] INFO org.apache.nifi.processors.standard.RouteText - RouteText[id=e191155b-3232-49bd-bfe9-6bfcf78aa3cb] Created FlowFile[1605,92022052287578.mockFlowFile,23B] from FlowFile[1604,92022052287578.mockFlowFile,23B]; routing to relationship simple
[pool-3125-thread-1] INFO org.apache.nifi.processors.standard.RouteText - RouteText[id=e191155b-3232-49bd-bfe9-6bfcf78aa3cb] Routing FlowFile[1604,92022052287578.mockFlowFile,23B] to original
[main] DEBUG org.apache.nifi.processors.standard.RouteText - RouteText[id=e191155b-3232-49bd-bfe9-6bfcf78aa3cb] Adding new dynamic property: PropertyDescriptor[simple]
[pool-3126-thread-1] INFO org.apache.nifi.processors.standard.RouteText - RouteText[id=e191155b-3232-49bd-bfe9-6bfcf78aa3cb] Created FlowFile[1607,92022052748055.mockFlowFile,23B] from FlowFile[1606,92022052748055.mockFlowFile,23B]; routing to relationship simple
[pool-3126-thread-1] INFO org.apache.nifi.processors.standard.RouteText - RouteText[id=e191155b-3232-49bd-bfe9-6bfcf78aa3cb] Routing FlowFile[1606,92022052748055.mockFlowFile,23B] to original
[main] DEBUG org.apache.nifi.processors.standard.RouteText - RouteText[id=e191155b-3232-49bd-bfe9-6bfcf78aa3cb] Adding new dynamic property: PropertyDescriptor[simple]
[pool-3127-thread-1] INFO org.apache.nifi.processors.standard.RouteText - RouteText[id=e191155b-3232-49bd-bfe9-6bfcf78aa3cb] Created FlowFile[1609,92022053195601.mockFlowFile,23B] from FlowFile[1608,92022053195601.mockFlowFile,23B]; routing to relationship simple
[pool-3127-thread-1] INFO org.apache.nifi.processors.standard.RouteText - RouteText[id=e191155b-3232-49bd-bfe9-6bfcf78aa3cb] Routing FlowFile[1608,92022053195601.mockFlowFile,23B] to original
[main] DEBUG org.apache.nifi.processors.standard.RouteText - RouteText[id=e191155b-3232-49bd-bfe9-6bfcf78aa3cb] Adding new dynamic property: PropertyDescriptor[simple]
[pool-3128-thread-1] INFO org.apache.nifi.processors.standard.RouteText - RouteText[id=e191155b-3232-49bd-bfe9-6bfcf78aa3cb] Created FlowFile[1611,92022053619123.mockFlowFile,23B] from FlowFile[1610,92022053619123.mockFlowFile,23B]; routing to relationship simple
[pool-3128-thread-1] INFO org.apache.nifi.processors.standard.RouteText - RouteText[id=e191155b-3232-49bd-bfe9-6bfcf78aa3cb] Routing FlowFile[1610,92022053619123.mockFlowFile,23B] to original
[main] DEBUG org.apache.nifi.processors.standard.RouteText - RouteText[id=e191155b-3232-49bd-bfe9-6bfcf78aa3cb] Adding new dynamic property: PropertyDescriptor[simple]
[pool-3129-thread-1] INFO org.apache.nifi.processors.standard.RouteText - RouteText[id=e191155b-3232-49bd-bfe9-6bfcf78aa3cb] Created FlowFile[1613,92022054050028.mockFlowFile,23B] from FlowFile[1612,92022054050028.mockFlowFile,23B]; routing to relationship simple
[pool-3129-thread-1] INFO org.apache.nifi.processors.standard.RouteText - RouteText[id=e191155b-3232-49bd-bfe9-6bfcf78aa3cb] Routing FlowFile[1612,92022054050028.mockFlowFile,23B] to original
[main] DEBUG org.apache.nifi.processors.standard.RouteText - RouteText[id=e191155b-3232-49bd-bfe9-6bfcf78aa3cb] Adding new dynamic property: PropertyDescriptor[simple]
[pool-3130-thread-1] INFO org.apache.nifi.processors.standard.RouteText - RouteText[id=e191155b-3232-49bd-bfe9-6bfcf78aa3cb] Created FlowFile[1615,92022054484659.mockFlowFile,23B] from FlowFile[1614,92022054484659.mockFlowFile,23B]; routing to relationship simple
[pool-3130-thread-1] INFO org.apache.nifi.processors.standard.RouteText - RouteText[id=e191155b-3232-49bd-bfe9-6bfcf78aa3cb] Routing FlowFile[1614,92022054484659.mockFlowFile,23B] to original
[main] DEBUG org.apache.nifi.processors.standard.RouteText - RouteText[id=e191155b-3232-49bd-bfe9-6bfcf78aa3cb] Adding new dynamic property: PropertyDescriptor[simple]
[pool-3131-thread-1] INFO org.apache.nifi.processors.standard.RouteText - RouteText[id=e191155b-3232-49bd-bfe9-6bfcf78aa3cb] Created FlowFile[1617,92022054931339.mockFlowFile,23B] from FlowFile[1616,92022054931339.mockFlowFile,23B]; routing to relationship simple
[pool-3131-thread-1] INFO org.apache.nifi.processors.standard.RouteText - RouteText[id=e191155b-3232-49bd-bfe9-6bfcf78aa3cb] Routing FlowFile[1616,92022054931339.mockFlowFile,23B] to original
[main] DEBUG org.apache.nifi.processors.standard.RouteText - RouteText[id=e191155b-3232-49bd-bfe9-6bfcf78aa3cb] Adding new dynamic property: PropertyDescriptor[simple]
[pool-3132-thread-1] INFO org.apache.nifi.processors.standard.RouteText - RouteText[id=e191155b-3232-49bd-bfe9-6bfcf78aa3cb] Created FlowFile[1619,92022055369505.mockFlowFile,23B] from FlowFile[1618,92022055369505.mockFlowFile,23B]; routing to relationship simple
[pool-3132-thread-1] INFO org.apache.nifi.processors.standard.RouteText - RouteText[id=e191155b-3232-49bd-bfe9-6bfcf78aa3cb] Routing FlowFile[1618,92022055369505.mockFlowFile,23B] to original
[main] DEBUG org.apache.nifi.processors.standard.RouteText - RouteText[id=e191155b-3232-49bd-bfe9-6bfcf78aa3cb] Adding new dynamic property: PropertyDescriptor[simple]
[pool-3133-thread-1] INFO org.apache.nifi.processors.standard.RouteText - RouteText[id=e191155b-3232-49bd-bfe9-6bfcf78aa3cb] Created FlowFile[1621,92022055801961.mockFlowFile,23B] from FlowFile[1620,92022055801961.mockFlowFile,23B]; routing to relationship simple
[pool-3133-thread-1] INFO org.apache.nifi.processors.standard.RouteText - RouteText[id=e191155b-3232-49bd-bfe9-6bfcf78aa3cb] Routing FlowFile[1620,92022055801961.mockFlowFile,23B] to original
[main] DEBUG org.apache.nifi.processors.standard.RouteText - RouteText[id=e191155b-3232-49bd-bfe9-6bfcf78aa3cb] Adding new dynamic property: PropertyDescriptor[simple]
[pool-3134-thread-1] INFO org.apache.nifi.processors.standard.RouteText - RouteText[id=e191155b-3232-49bd-bfe9-6bfcf78aa3cb] Created FlowFile[1623,92022056246959.mockFlowFile,23B] from FlowFile[1622,92022056246959.mockFlowFile,23B]; routing to relationship simple
[pool-3134-thread-1] INFO org.apache.nifi.processors.standard.RouteText - RouteText[id=e191155b-3232-49bd-bfe9-6bfcf78aa3cb] Routing FlowFile[1622,92022056246959.mockFlowFile,23B] to original
[main] DEBUG org.apache.nifi.processors.standard.RouteText - RouteText[id=e191155b-3232-49bd-bfe9-6bfcf78aa3cb] Adding new dynamic property: PropertyDescriptor[simple]
[pool-3135-thread-1] INFO org.apache.nifi.processors.standard.RouteText - RouteText[id=e191155b-3232-49bd-bfe9-6bfcf78aa3cb] Created FlowFile[1625,92022056712871.mockFlowFile,23B] from FlowFile[1624,92022056712871.mockFlowFile,23B]; routing to relationship simple
[pool-3135-thread-1] INFO org.apache.nifi.processors.standard.RouteText - RouteText[id=e191155b-3232-49bd-bfe9-6bfcf78aa3cb] Routing FlowFile[1624,92022056712871.mockFlowFile,23B] to original
[main] DEBUG org.apache.nifi.processors.standard.RouteText - RouteText[id=e191155b-3232-49bd-bfe9-6bfcf78aa3cb] Adding new dynamic property: PropertyDescriptor[simple]
[pool-3136-thread-1] INFO org.apache.nifi.processors.standard.RouteText - RouteText[id=e191155b-3232-49bd-bfe9-6bfcf78aa3cb] Created FlowFile[1627,92022057166914.mockFlowFile,23B] from FlowFile[1626,92022057166914.mockFlowFile,23B]; routing to relationship simple
[pool-3136-thread-1] INFO org.apache.nifi.processors.standard.RouteText - RouteText[id=e191155b-3232-49bd-bfe9-6bfcf78aa3cb] Routing FlowFile[1626,92022057166914.mockFlowFile,23B] to original
[main] DEBUG org.apache.nifi.processors.standard.RouteText - RouteText[id=e191155b-3232-49bd-bfe9-6bfcf78aa3cb] Adding new dynamic property: PropertyDescriptor[simple]
[pool-3137-thread-1] INFO org.apache.nifi.processors.standard.RouteText - RouteText[id=e191155b-3232-49bd-bfe9-6bfcf78aa3cb] Created FlowFile[1629,92022057623305.mockFlowFile,23B] from FlowFile[1628,92022057623305.mockFlowFile,23B]; routing to relationship simple
[pool-3137-thread-1] INFO org.apache.nifi.processors.standard.RouteText - RouteText[id=e191155b-3232-49bd-bfe9-6bfcf78aa3cb] Routing FlowFile[1628,92022057623305.mockFlowFile,23B] to original
[main] DEBUG org.apache.nifi.processors.standard.RouteText - RouteText[id=e191155b-3232-49bd-bfe9-6bfcf78aa3cb] Adding new dynamic property: PropertyDescriptor[simple]
[pool-3138-thread-1] INFO org.apache.nifi.processors.standard.RouteText - RouteText[id=e191155b-3232-49bd-bfe9-6bfcf78aa3cb] Created FlowFile[1631,92022058072322.mockFlowFile,23B] from FlowFile[1630,92022058072322.mockFlowFile,23B]; routing to relationship simple
[pool-3138-thread-1] INFO org.apache.nifi.processors.standard.RouteText - RouteText[id=e191155b-3232-49bd-bfe9-6bfcf78aa3cb] Routing FlowFile[1630,92022058072322.mockFlowFile,23B] to original
[main] DEBUG org.apache.nifi.processors.standard.RouteText - RouteText[id=e191155b-3232-49bd-bfe9-6bfcf78aa3cb] Adding new dynamic property: PropertyDescriptor[simple]
[pool-3139-thread-1] INFO org.apache.nifi.processors.standard.RouteText - RouteText[id=e191155b-3232-49bd-bfe9-6bfcf78aa3cb] Created FlowFile[1633,92022058543137.mockFlowFile,23B] from FlowFile[1632,92022058543137.mockFlowFile,23B]; routing to relationship simple
[pool-3139-thread-1] INFO org.apache.nifi.processors.standard.RouteText - RouteText[id=e191155b-3232-49bd-bfe9-6bfcf78aa3cb] Routing FlowFile[1632,92022058543137.mockFlowFile,23B] to original
[main] DEBUG org.apache.nifi.processors.standard.RouteText - RouteText[id=e191155b-3232-49bd-bfe9-6bfcf78aa3cb] Adding new dynamic property: PropertyDescriptor[simple]
[pool-3140-thread-1] INFO org.apache.nifi.processors.standard.RouteText - RouteText[id=e191155b-3232-49bd-bfe9-6bfcf78aa3cb] Created FlowFile[1635,92022059002200.mockFlowFile,23B] from FlowFile[1634,92022059002200.mockFlowFile,23B]; routing to relationship simple
[pool-3140-thread-1] INFO org.apache.nifi.processors.standard.RouteText - RouteText[id=e191155b-3232-49bd-bfe9-6bfcf78aa3cb] Routing FlowFile[1634,92022059002200.mockFlowFile,23B] to original
[main] DEBUG org.apache.nifi.processors.standard.RouteText - RouteText[id=e191155b-3232-49bd-bfe9-6bfcf78aa3cb] Adding new dynamic property: PropertyDescriptor[simple]
[pool-3141-thread-1] INFO org.apache.nifi.processors.standard.RouteText - RouteText[id=e191155b-3232-49bd-bfe9-6bfcf78aa3cb] Created FlowFile[1637,92022059423488.mockFlowFile,23B] from FlowFile[1636,92022059423488.mockFlowFile,23B]; routing to relationship simple
[pool-3141-thread-1] INFO org.apache.nifi.processors.standard.RouteText - RouteText[id=e191155b-3232-49bd-bfe9-6bfcf78aa3cb] Routing FlowFile[1636,92022059423488.mockFlowFile,23B] to original
[main] DEBUG org.apache.nifi.processors.standard.RouteText - RouteText[id=e191155b-3232-49bd-bfe9-6bfcf78aa3cb] Adding new dynamic property: PropertyDescriptor[simple]
[pool-3142-thread-1] INFO org.apache.nifi.processors.standard.RouteText - RouteText[id=e191155b-3232-49bd-bfe9-6bfcf78aa3cb] Created FlowFile[1639,92022059885313.mockFlowFile,23B] from FlowFile[1638,92022059885313.mockFlowFile,23B]; routing to relationship simple
[pool-3142-thread-1] INFO org.apache.nifi.processors.standard.RouteText - RouteText[id=e191155b-3232-49bd-bfe9-6bfcf78aa3cb] Routing FlowFile[1638,92022059885313.mockFlowFile,23B] to original
[main] DEBUG org.apache.nifi.processors.standard.RouteText - RouteText[id=e191155b-3232-49bd-bfe9-6bfcf78aa3cb] Adding new dynamic property: PropertyDescriptor[simple]
[pool-3143-thread-1] INFO org.apache.nifi.processors.standard.RouteText - RouteText[id=e191155b-3232-49bd-bfe9-6bfcf78aa3cb] Created FlowFile[1641,92022060418848.mockFlowFile,23B] from FlowFile[1640,92022060418848.mockFlowFile,23B]; routing to relationship simple
[pool-3143-thread-1] INFO org.apache.nifi.processors.standard.RouteText - RouteText[id=e191155b-3232-49bd-bfe9-6bfcf78aa3cb] Routing FlowFile[1640,92022060418848.mockFlowFile,23B] to original
[main] DEBUG org.apache.nifi.processors.standard.RouteText - RouteText[id=e191155b-3232-49bd-bfe9-6bfcf78aa3cb] Adding new dynamic property: PropertyDescriptor[simple]
[pool-3144-thread-1] INFO org.apache.nifi.processors.standard.RouteText - RouteText[id=e191155b-3232-49bd-bfe9-6bfcf78aa3cb] Created FlowFile[1643,92022060866606.mockFlowFile,23B] from FlowFile[1642,92022060866606.mockFlowFile,23B]; routing to relationship simple
[pool-3144-thread-1] INFO org.apache.nifi.processors.standard.RouteText - RouteText[id=e191155b-3232-49bd-bfe9-6bfcf78aa3cb] Routing FlowFile[1642,92022060866606.mockFlowFile,23B] to original
[main] DEBUG org.apache.nifi.processors.standard.RouteText - RouteText[id=e191155b-3232-49bd-bfe9-6bfcf78aa3cb] Adding new dynamic property: PropertyDescriptor[simple]
[pool-3145-thread-1] INFO org.apache.nifi.processors.standard.RouteText - RouteText[id=e191155b-3232-49bd-bfe9-6bfcf78aa3cb] Created FlowFile[1645,92022061321960.mockFlowFile,23B] from FlowFile[1644,92022061321960.mockFlowFile,23B]; routing to relationship simple
[pool-3145-thread-1] INFO org.apache.nifi.processors.standard.RouteText - RouteText[id=e191155b-3232-49bd-bfe9-6bfcf78aa3cb] Routing FlowFile[1644,92022061321960.mockFlowFile,23B] to original
[main] DEBUG org.apache.nifi.processors.standard.RouteText - RouteText[id=e191155b-3232-49bd-bfe9-6bfcf78aa3cb] Adding new dynamic property: PropertyDescriptor[simple]
[pool-3146-thread-1] INFO org.apache.nifi.processors.standard.RouteText - RouteText[id=e191155b-3232-49bd-bfe9-6bfcf78aa3cb] Created FlowFile[1647,92022061777227.mockFlowFile,23B] from FlowFile[1646,92022061777227.mockFlowFile,23B]; routing to relationship simple
[pool-3146-thread-1] INFO org.apache.nifi.processors.standard.RouteText - RouteText[id=e191155b-3232-49bd-bfe9-6bfcf78aa3cb] Routing FlowFile[1646,92022061777227.mockFlowFile,23B] to original
[main] DEBUG org.apache.nifi.processors.standard.RouteText - RouteText[id=e191155b-3232-49bd-bfe9-6bfcf78aa3cb] Adding new dynamic property: PropertyDescriptor[simple]
[pool-3147-thread-1] INFO org.apache.nifi.processors.standard.RouteText - RouteText[id=e191155b-3232-49bd-bfe9-6bfcf78aa3cb] Created FlowFile[1649,92022062234308.mockFlowFile,23B] from FlowFile[1648,92022062234308.mockFlowFile,23B]; routing to relationship simple
[pool-3147-thread-1] INFO org.apache.nifi.processors.standard.RouteText - RouteText[id=e191155b-3232-49bd-bfe9-6bfcf78aa3cb] Routing FlowFile[1648,92022062234308.mockFlowFile,23B] to original
[main] DEBUG org.apache.nifi.processors.standard.RouteText - RouteText[id=e191155b-3232-49bd-bfe9-6bfcf78aa3cb] Adding new dynamic property: PropertyDescriptor[simple]
[pool-3148-thread-1] INFO org.apache.nifi.processors.standard.RouteText - RouteText[id=e191155b-3232-49bd-bfe9-6bfcf78aa3cb] Created FlowFile[1651,92022062680974.mockFlowFile,23B] from FlowFile[1650,92022062680974.mockFlowFile,23B]; routing to relationship simple
[pool-3148-thread-1] INFO org.apache.nifi.processors.standard.RouteText - RouteText[id=e191155b-3232-49bd-bfe9-6bfcf78aa3cb] Routing FlowFile[1650,92022062680974.mockFlowFile,23B] to original
[main] DEBUG org.apache.nifi.processors.standard.RouteText - RouteText[id=e191155b-3232-49bd-bfe9-6bfcf78aa3cb] Adding new dynamic property: PropertyDescriptor[simple]
[pool-3149-thread-1] INFO org.apache.nifi.processors.standard.RouteText - RouteText[id=e191155b-3232-49bd-bfe9-6bfcf78aa3cb] Created FlowFile[1653,92022063154524.mockFlowFile,23B] from FlowFile[1652,92022063154524.mockFlowFile,23B]; routing to relationship simple
[pool-3149-thread-1] INFO org.apache.nifi.processors.standard.RouteText - RouteText[id=e191155b-3232-49bd-bfe9-6bfcf78aa3cb] Routing FlowFile[1652,92022063154524.mockFlowFile,23B] to original
[main] DEBUG org.apache.nifi.processors.standard.RouteText - RouteText[id=e191155b-3232-49bd-bfe9-6bfcf78aa3cb] Adding new dynamic property: PropertyDescriptor[simple]
[pool-3150-thread-1] INFO org.apache.nifi.processors.standard.RouteText - RouteText[id=e191155b-3232-49bd-bfe9-6bfcf78aa3cb] Created FlowFile[1655,92022063565088.mockFlowFile,23B] from FlowFile[1654,92022063565088.mockFlowFile,23B]; routing to relationship simple
[pool-3150-thread-1] INFO org.apache.nifi.processors.standard.RouteText - RouteText[id=e191155b-3232-49bd-bfe9-6bfcf78aa3cb] Routing FlowFile[1654,92022063565088.mockFlowFile,23B] to original
[main] DEBUG org.apache.nifi.processors.standard.RouteText - RouteText[id=e191155b-3232-49bd-bfe9-6bfcf78aa3cb] Adding new dynamic property: PropertyDescriptor[simple]
[pool-3151-thread-1] INFO org.apache.nifi.processors.standard.RouteText - RouteText[id=e191155b-3232-49bd-bfe9-6bfcf78aa3cb] Created FlowFile[1657,92022064044113.mockFlowFile,23B] from FlowFile[1656,92022064044113.mockFlowFile,23B]; routing to relationship simple
[pool-3151-thread-1] INFO org.apache.nifi.processors.standard.RouteText - RouteText[id=e191155b-3232-49bd-bfe9-6bfcf78aa3cb] Routing FlowFile[1656,92022064044113.mockFlowFile,23B] to original
[main] DEBUG org.apache.nifi.processors.standard.RouteText - RouteText[id=e191155b-3232-49bd-bfe9-6bfcf78aa3cb] Adding new dynamic property: PropertyDescriptor[simple]
[pool-3152-thread-1] INFO org.apache.nifi.processors.standard.RouteText - RouteText[id=e191155b-3232-49bd-bfe9-6bfcf78aa3cb] Created FlowFile[1659,92022064450457.mockFlowFile,23B] from FlowFile[1658,92022064450457.mockFlowFile,23B]; routing to relationship simple
[pool-3152-thread-1] INFO org.apache.nifi.processors.standard.RouteText - RouteText[id=e191155b-3232-49bd-bfe9-6bfcf78aa3cb] Routing FlowFile[1658,92022064450457.mockFlowFile,23B] to original
[main] DEBUG org.apache.nifi.processors.standard.RouteText - RouteText[id=e191155b-3232-49bd-bfe9-6bfcf78aa3cb] Adding new dynamic property: PropertyDescriptor[simple]
[pool-3153-thread-1] INFO org.apache.nifi.processors.standard.RouteText - RouteText[id=e191155b-3232-49bd-bfe9-6bfcf78aa3cb] Created FlowFile[1661,92022064882100.mockFlowFile,23B] from FlowFile[1660,92022064882100.mockFlowFile,23B]; routing to relationship simple
[pool-3153-thread-1] INFO org.apache.nifi.processors.standard.RouteText - RouteText[id=e191155b-3232-49bd-bfe9-6bfcf78aa3cb] Routing FlowFile[1660,92022064882100.mockFlowFile,23B] to original
[main] DEBUG org.apache.nifi.processors.standard.RouteText - RouteText[id=e191155b-3232-49bd-bfe9-6bfcf78aa3cb] Adding new dynamic property: PropertyDescriptor[simple]
[pool-3154-thread-1] INFO org.apache.nifi.processors.standard.RouteText - RouteText[id=e191155b-3232-49bd-bfe9-6bfcf78aa3cb] Created FlowFile[1663,92022065452866.mockFlowFile,23B] from FlowFile[1662,92022065452866.mockFlowFile,23B]; routing to relationship simple
[pool-3154-thread-1] INFO org.apache.nifi.processors.standard.RouteText - RouteText[id=e191155b-3232-49bd-bfe9-6bfcf78aa3cb] Routing FlowFile[1662,92022065452866.mockFlowFile,23B] to original
[main] DEBUG org.apache.nifi.processors.standard.RouteText - RouteText[id=e191155b-3232-49bd-bfe9-6bfcf78aa3cb] Adding new dynamic property: PropertyDescriptor[simple]
[pool-3155-thread-1] INFO org.apache.nifi.processors.standard.RouteText - RouteText[id=e191155b-3232-49bd-bfe9-6bfcf78aa3cb] Created FlowFile[1665,92022067911721.mockFlowFile,23B] from FlowFile[1664,92022067911721.mockFlowFile,23B]; routing to relationship simple
[pool-3155-thread-1] INFO org.apache.nifi.processors.standard.RouteText - RouteText[id=e191155b-3232-49bd-bfe9-6bfcf78aa3cb] Routing FlowFile[1664,92022067911721.mockFlowFile,23B] to original
[main] DEBUG org.apache.nifi.processors.standard.RouteText - RouteText[id=e191155b-3232-49bd-bfe9-6bfcf78aa3cb] Adding new dynamic property: PropertyDescriptor[simple]
[pool-3156-thread-1] INFO org.apache.nifi.processors.standard.RouteText - RouteText[id=e191155b-3232-49bd-bfe9-6bfcf78aa3cb] Created FlowFile[1667,92022068523698.mockFlowFile,23B] from FlowFile[1666,92022068523698.mockFlowFile,23B]; routing to relationship simple
[pool-3156-thread-1] INFO org.apache.nifi.processors.standard.RouteText - RouteText[id=e191155b-3232-49bd-bfe9-6bfcf78aa3cb] Routing FlowFile[1666,92022068523698.mockFlowFile,23B] to original
[main] DEBUG org.apache.nifi.processors.standard.RouteText - RouteText[id=e191155b-3232-49bd-bfe9-6bfcf78aa3cb] Adding new dynamic property: PropertyDescriptor[simple]
[pool-3157-thread-1] INFO org.apache.nifi.processors.standard.RouteText - RouteText[id=e191155b-3232-49bd-bfe9-6bfcf78aa3cb] Created FlowFile[1669,92022069236199.mockFlowFile,23B] from FlowFile[1668,92022069236199.mockFlowFile,23B]; routing to relationship simple
[pool-3157-thread-1] INFO org.apache.nifi.processors.standard.RouteText - RouteText[id=e191155b-3232-49bd-bfe9-6bfcf78aa3cb] Routing FlowFile[1668,92022069236199.mockFlowFile,23B] to original
[main] DEBUG org.apache.nifi.processors.standard.RouteText - RouteText[id=e191155b-3232-49bd-bfe9-6bfcf78aa3cb] Adding new dynamic property: PropertyDescriptor[simple]
[pool-3158-thread-1] INFO org.apache.nifi.processors.standard.RouteText - RouteText[id=e191155b-3232-49bd-bfe9-6bfcf78aa3cb] Created FlowFile[1671,92022069713917.mockFlowFile,23B] from FlowFile[1670,92022069713917.mockFlowFile,23B]; routing to relationship simple
[pool-3158-thread-1] INFO org.apache.nifi.processors.standard.RouteText - RouteText[id=e191155b-3232-49bd-bfe9-6bfcf78aa3cb] Routing FlowFile[1670,92022069713917.mockFlowFile,23B] to original
[main] DEBUG org.apache.nifi.processors.standard.RouteText - RouteText[id=e191155b-3232-49bd-bfe9-6bfcf78aa3cb] Adding new dynamic property: PropertyDescriptor[simple]
[pool-3159-thread-1] INFO org.apache.nifi.processors.standard.RouteText - RouteText[id=e191155b-3232-49bd-bfe9-6bfcf78aa3cb] Created FlowFile[1673,92022070190720.mockFlowFile,23B] from FlowFile[1672,92022070190720.mockFlowFile,23B]; routing to relationship simple
[pool-3159-thread-1] INFO org.apache.nifi.processors.standard.RouteText - RouteText[id=e191155b-3232-49bd-bfe9-6bfcf78aa3cb] Routing FlowFile[1672,92022070190720.mockFlowFile,23B] to original
[main] DEBUG org.apache.nifi.processors.standard.RouteText - RouteText[id=e191155b-3232-49bd-bfe9-6bfcf78aa3cb] Adding new dynamic property: PropertyDescriptor[simple]
[pool-3160-thread-1] INFO org.apache.nifi.processors.standard.RouteText - RouteText[id=e191155b-3232-49bd-bfe9-6bfcf78aa3cb] Created FlowFile[1675,92022070646600.mockFlowFile,23B] from FlowFile[1674,92022070646600.mockFlowFile,23B]; routing to relationship simple
[pool-3160-thread-1] INFO org.apache.nifi.processors.standard.RouteText - RouteText[id=e191155b-3232-49bd-bfe9-6bfcf78aa3cb] Routing FlowFile[1674,92022070646600.mockFlowFile,23B] to original
[main] DEBUG org.apache.nifi.processors.standard.RouteText - RouteText[id=e191155b-3232-49bd-bfe9-6bfcf78aa3cb] Adding new dynamic property: PropertyDescriptor[simple]
[pool-3161-thread-1] INFO org.apache.nifi.processors.standard.RouteText - RouteText[id=e191155b-3232-49bd-bfe9-6bfcf78aa3cb] Created FlowFile[1677,92022071087651.mockFlowFile,23B] from FlowFile[1676,92022071087651.mockFlowFile,23B]; routing to relationship simple
[pool-3161-thread-1] INFO org.apache.nifi.processors.standard.RouteText - RouteText[id=e191155b-3232-49bd-bfe9-6bfcf78aa3cb] Routing FlowFile[1676,92022071087651.mockFlowFile,23B] to original
[main] DEBUG org.apache.nifi.processors.standard.RouteText - RouteText[id=e191155b-3232-49bd-bfe9-6bfcf78aa3cb] Adding new dynamic property: PropertyDescriptor[simple]
[pool-3162-thread-1] INFO org.apache.nifi.processors.standard.RouteText - RouteText[id=e191155b-3232-49bd-bfe9-6bfcf78aa3cb] Created FlowFile[1679,92022071530755.mockFlowFile,23B] from FlowFile[1678,92022071530755.mockFlowFile,23B]; routing to relationship simple
[pool-3162-thread-1] INFO org.apache.nifi.processors.standard.RouteText - RouteText[id=e191155b-3232-49bd-bfe9-6bfcf78aa3cb] Routing FlowFile[1678,92022071530755.mockFlowFile,23B] to original
[main] DEBUG org.apache.nifi.processors.standard.RouteText - RouteText[id=e191155b-3232-49bd-bfe9-6bfcf78aa3cb] Adding new dynamic property: PropertyDescriptor[simple]
[pool-3163-thread-1] INFO org.apache.nifi.processors.standard.RouteText - RouteText[id=e191155b-3232-49bd-bfe9-6bfcf78aa3cb] Created FlowFile[1681,92022072080624.mockFlowFile,23B] from FlowFile[1680,92022072080624.mockFlowFile,23B]; routing to relationship simple
[pool-3163-thread-1] INFO org.apache.nifi.processors.standard.RouteText - RouteText[id=e191155b-3232-49bd-bfe9-6bfcf78aa3cb] Routing FlowFile[1680,92022072080624.mockFlowFile,23B] to original
[main] DEBUG org.apache.nifi.processors.standard.RouteText - RouteText[id=e191155b-3232-49bd-bfe9-6bfcf78aa3cb] Adding new dynamic property: PropertyDescriptor[simple]
[pool-3164-thread-1] INFO org.apache.nifi.processors.standard.RouteText - RouteText[id=e191155b-3232-49bd-bfe9-6bfcf78aa3cb] Created FlowFile[1683,92022072517320.mockFlowFile,23B] from FlowFile[1682,92022072517320.mockFlowFile,23B]; routing to relationship simple
[pool-3164-thread-1] INFO org.apache.nifi.processors.standard.RouteText - RouteText[id=e191155b-3232-49bd-bfe9-6bfcf78aa3cb] Routing FlowFile[1682,92022072517320.mockFlowFile,23B] to original
[main] DEBUG org.apache.nifi.processors.standard.RouteText - RouteText[id=e191155b-3232-49bd-bfe9-6bfcf78aa3cb] Adding new dynamic property: PropertyDescriptor[simple]
[pool-3165-thread-1] INFO org.apache.nifi.processors.standard.RouteText - RouteText[id=e191155b-3232-49bd-bfe9-6bfcf78aa3cb] Created FlowFile[1685,92022072984712.mockFlowFile,23B] from FlowFile[1684,92022072984712.mockFlowFile,23B]; routing to relationship simple
[pool-3165-thread-1] INFO org.apache.nifi.processors.standard.RouteText - RouteText[id=e191155b-3232-49bd-bfe9-6bfcf78aa3cb] Routing FlowFile[1684,92022072984712.mockFlowFile,23B] to original
[main] DEBUG org.apache.nifi.processors.standard.RouteText - RouteText[id=e191155b-3232-49bd-bfe9-6bfcf78aa3cb] Adding new dynamic property: PropertyDescriptor[simple]
[pool-3166-thread-1] INFO org.apache.nifi.processors.standard.RouteText - RouteText[id=e191155b-3232-49bd-bfe9-6bfcf78aa3cb] Created FlowFile[1687,92022073448225.mockFlowFile,23B] from FlowFile[1686,92022073448225.mockFlowFile,23B]; routing to relationship simple
[pool-3166-thread-1] INFO org.apache.nifi.processors.standard.RouteText - RouteText[id=e191155b-3232-49bd-bfe9-6bfcf78aa3cb] Routing FlowFile[1686,92022073448225.mockFlowFile,23B] to original
[main] DEBUG org.apache.nifi.processors.standard.RouteText - RouteText[id=e191155b-3232-49bd-bfe9-6bfcf78aa3cb] Adding new dynamic property: PropertyDescriptor[simple]
[pool-3167-thread-1] INFO org.apache.nifi.processors.standard.RouteText - RouteText[id=e191155b-3232-49bd-bfe9-6bfcf78aa3cb] Created FlowFile[1689,92022073908458.mockFlowFile,23B] from FlowFile[1688,92022073908458.mockFlowFile,23B]; routing to relationship simple
[pool-3167-thread-1] INFO org.apache.nifi.processors.standard.RouteText - RouteText[id=e191155b-3232-49bd-bfe9-6bfcf78aa3cb] Routing FlowFile[1688,92022073908458.mockFlowFile,23B] to original
[main] DEBUG org.apache.nifi.processors.standard.RouteText - RouteText[id=e191155b-3232-49bd-bfe9-6bfcf78aa3cb] Adding new dynamic property: PropertyDescriptor[simple]
[pool-3168-thread-1] INFO org.apache.nifi.processors.standard.RouteText - RouteText[id=e191155b-3232-49bd-bfe9-6bfcf78aa3cb] Created FlowFile[1691,92022074369643.mockFlowFile,23B] from FlowFile[1690,92022074369643.mockFlowFile,23B]; routing to relationship simple
[pool-3168-thread-1] INFO org.apache.nifi.processors.standard.RouteText - RouteText[id=e191155b-3232-49bd-bfe9-6bfcf78aa3cb] Routing FlowFile[1690,92022074369643.mockFlowFile,23B] to original
[main] DEBUG org.apache.nifi.processors.standard.RouteText - RouteText[id=e191155b-3232-49bd-bfe9-6bfcf78aa3cb] Adding new dynamic property: PropertyDescriptor[simple]
[pool-3169-thread-1] INFO org.apache.nifi.processors.standard.RouteText - RouteText[id=e191155b-3232-49bd-bfe9-6bfcf78aa3cb] Created FlowFile[1693,92022074829782.mockFlowFile,23B] from FlowFile[1692,92022074829782.mockFlowFile,23B]; routing to relationship simple
[pool-3169-thread-1] INFO org.apache.nifi.processors.standard.RouteText - RouteText[id=e191155b-3232-49bd-bfe9-6bfcf78aa3cb] Routing FlowFile[1692,92022074829782.mockFlowFile,23B] to original
[main] DEBUG org.apache.nifi.processors.standard.RouteText - RouteText[id=e191155b-3232-49bd-bfe9-6bfcf78aa3cb] Adding new dynamic property: PropertyDescriptor[simple]
[pool-3170-thread-1] INFO org.apache.nifi.processors.standard.RouteText - RouteText[id=e191155b-3232-49bd-bfe9-6bfcf78aa3cb] Created FlowFile[1695,92022075299444.mockFlowFile,23B] from FlowFile[1694,92022075299444.mockFlowFile,23B]; routing to relationship simple
[pool-3170-thread-1] INFO org.apache.nifi.processors.standard.RouteText - RouteText[id=e191155b-3232-49bd-bfe9-6bfcf78aa3cb] Routing FlowFile[1694,92022075299444.mockFlowFile,23B] to original
[main] DEBUG org.apache.nifi.processors.standard.RouteText - RouteText[id=e191155b-3232-49bd-bfe9-6bfcf78aa3cb] Adding new dynamic property: PropertyDescriptor[simple]
[pool-3171-thread-1] INFO org.apache.nifi.processors.standard.RouteText - RouteText[id=e191155b-3232-49bd-bfe9-6bfcf78aa3cb] Created FlowFile[1697,92022075763478.mockFlowFile,23B] from FlowFile[1696,92022075763478.mockFlowFile,23B]; routing to relationship simple
[pool-3171-thread-1] INFO org.apache.nifi.processors.standard.RouteText - RouteText[id=e191155b-3232-49bd-bfe9-6bfcf78aa3cb] Routing FlowFile[1696,92022075763478.mockFlowFile,23B] to original
[main] DEBUG org.apache.nifi.processors.standard.RouteText - RouteText[id=e191155b-3232-49bd-bfe9-6bfcf78aa3cb] Adding new dynamic property: PropertyDescriptor[simple]
[pool-3172-thread-1] INFO org.apache.nifi.processors.standard.RouteText - RouteText[id=e191155b-3232-49bd-bfe9-6bfcf78aa3cb] Created FlowFile[1699,92022076247164.mockFlowFile,23B] from FlowFile[1698,92022076247164.mockFlowFile,23B]; routing to relationship simple
[pool-3172-thread-1] INFO org.apache.nifi.processors.standard.RouteText - RouteText[id=e191155b-3232-49bd-bfe9-6bfcf78aa3cb] Routing FlowFile[1698,92022076247164.mockFlowFile,23B] to original
[main] DEBUG org.apache.nifi.processors.standard.RouteText - RouteText[id=e191155b-3232-49bd-bfe9-6bfcf78aa3cb] Adding new dynamic property: PropertyDescriptor[simple]
[pool-3173-thread-1] INFO org.apache.nifi.processors.standard.RouteText - RouteText[id=e191155b-3232-49bd-bfe9-6bfcf78aa3cb] Created FlowFile[1701,92022076717030.mockFlowFile,23B] from FlowFile[1700,92022076717030.mockFlowFile,23B]; routing to relationship simple
[pool-3173-thread-1] INFO org.apache.nifi.processors.standard.RouteText - RouteText[id=e191155b-3232-49bd-bfe9-6bfcf78aa3cb] Routing FlowFile[1700,92022076717030.mockFlowFile,23B] to original
[main] DEBUG org.apache.nifi.processors.standard.RouteText - RouteText[id=e191155b-3232-49bd-bfe9-6bfcf78aa3cb] Adding new dynamic property: PropertyDescriptor[simple]
[pool-3174-thread-1] INFO org.apache.nifi.processors.standard.RouteText - RouteText[id=e191155b-3232-49bd-bfe9-6bfcf78aa3cb] Created FlowFile[1703,92022077195216.mockFlowFile,23B] from FlowFile[1702,92022077195216.mockFlowFile,23B]; routing to relationship simple
[pool-3174-thread-1] INFO org.apache.nifi.processors.standard.RouteText - RouteText[id=e191155b-3232-49bd-bfe9-6bfcf78aa3cb] Routing FlowFile[1702,92022077195216.mockFlowFile,23B] to original
[main] DEBUG org.apache.nifi.processors.standard.RouteText - RouteText[id=e191155b-3232-49bd-bfe9-6bfcf78aa3cb] Adding new dynamic property: PropertyDescriptor[simple]
[pool-3175-thread-1] INFO org.apache.nifi.processors.standard.RouteText - RouteText[id=e191155b-3232-49bd-bfe9-6bfcf78aa3cb] Created FlowFile[1705,92022077662054.mockFlowFile,23B] from FlowFile[1704,92022077662054.mockFlowFile,23B]; routing to relationship simple
[pool-3175-thread-1] INFO org.apache.nifi.processors.standard.RouteText - RouteText[id=e191155b-3232-49bd-bfe9-6bfcf78aa3cb] Routing FlowFile[1704,92022077662054.mockFlowFile,23B] to original
[main] DEBUG org.apache.nifi.processors.standard.RouteText - RouteText[id=e191155b-3232-49bd-bfe9-6bfcf78aa3cb] Adding new dynamic property: PropertyDescriptor[simple]
[pool-3176-thread-1] INFO org.apache.nifi.processors.standard.RouteText - RouteText[id=e191155b-3232-49bd-bfe9-6bfcf78aa3cb] Created FlowFile[1707,92022078134798.mockFlowFile,23B] from FlowFile[1706,92022078134798.mockFlowFile,23B]; routing to relationship simple
[pool-3176-thread-1] INFO org.apache.nifi.processors.standard.RouteText - RouteText[id=e191155b-3232-49bd-bfe9-6bfcf78aa3cb] Routing FlowFile[1706,92022078134798.mockFlowFile,23B] to original
[main] DEBUG org.apache.nifi.processors.standard.RouteText - RouteText[id=e191155b-3232-49bd-bfe9-6bfcf78aa3cb] Adding new dynamic property: PropertyDescriptor[simple]
[pool-3177-thread-1] INFO org.apache.nifi.processors.standard.RouteText - RouteText[id=e191155b-3232-49bd-bfe9-6bfcf78aa3cb] Created FlowFile[1709,92022078622572.mockFlowFile,23B] from FlowFile[1708,92022078622572.mockFlowFile,23B]; routing to relationship simple
[pool-3177-thread-1] INFO org.apache.nifi.processors.standard.RouteText - RouteText[id=e191155b-3232-49bd-bfe9-6bfcf78aa3cb] Routing FlowFile[1708,92022078622572.mockFlowFile,23B] to original
[main] DEBUG org.apache.nifi.processors.standard.RouteText - RouteText[id=e191155b-3232-49bd-bfe9-6bfcf78aa3cb] Adding new dynamic property: PropertyDescriptor[simple]
[pool-3178-thread-1] INFO org.apache.nifi.processors.standard.RouteText - RouteText[id=e191155b-3232-49bd-bfe9-6bfcf78aa3cb] Created FlowFile[1711,92022079099768.mockFlowFile,23B] from FlowFile[1710,92022079099768.mockFlowFile,23B]; routing to relationship simple
[pool-3178-thread-1] INFO org.apache.nifi.processors.standard.RouteText - RouteText[id=e191155b-3232-49bd-bfe9-6bfcf78aa3cb] Routing FlowFile[1710,92022079099768.mockFlowFile,23B] to original
[main] DEBUG org.apache.nifi.processors.standard.RouteText - RouteText[id=e191155b-3232-49bd-bfe9-6bfcf78aa3cb] Adding new dynamic property: PropertyDescriptor[simple]
[pool-3179-thread-1] INFO org.apache.nifi.processors.standard.RouteText - RouteText[id=e191155b-3232-49bd-bfe9-6bfcf78aa3cb] Created FlowFile[1713,92022079533207.mockFlowFile,23B] from FlowFile[1712,92022079533207.mockFlowFile,23B]; routing to relationship simple
[pool-3179-thread-1] INFO org.apache.nifi.processors.standard.RouteText - RouteText[id=e191155b-3232-49bd-bfe9-6bfcf78aa3cb] Routing FlowFile[1712,92022079533207.mockFlowFile,23B] to original
[main] DEBUG org.apache.nifi.processors.standard.RouteText - RouteText[id=e191155b-3232-49bd-bfe9-6bfcf78aa3cb] Adding new dynamic property: PropertyDescriptor[simple]
[pool-3180-thread-1] INFO org.apache.nifi.processors.standard.RouteText - RouteText[id=e191155b-3232-49bd-bfe9-6bfcf78aa3cb] Created FlowFile[1715,92022080051927.mockFlowFile,23B] from FlowFile[1714,92022080051927.mockFlowFile,23B]; routing to relationship simple
[pool-3180-thread-1] INFO org.apache.nifi.processors.standard.RouteText - RouteText[id=e191155b-3232-49bd-bfe9-6bfcf78aa3cb] Routing FlowFile[1714,92022080051927.mockFlowFile,23B] to original
[main] DEBUG org.apache.nifi.processors.standard.RouteText - RouteText[id=e191155b-3232-49bd-bfe9-6bfcf78aa3cb] Adding new dynamic property: PropertyDescriptor[simple]
[pool-3181-thread-1] INFO org.apache.nifi.processors.standard.RouteText - RouteText[id=e191155b-3232-49bd-bfe9-6bfcf78aa3cb] Created FlowFile[1717,92022080610168.mockFlowFile,23B] from FlowFile[1716,92022080610168.mockFlowFile,23B]; routing to relationship simple
[pool-3181-thread-1] INFO org.apache.nifi.processors.standard.RouteText - RouteText[id=e191155b-3232-49bd-bfe9-6bfcf78aa3cb] Routing FlowFile[1716,92022080610168.mockFlowFile,23B] to original
[main] DEBUG org.apache.nifi.processors.standard.RouteText - RouteText[id=e191155b-3232-49bd-bfe9-6bfcf78aa3cb] Adding new dynamic property: PropertyDescriptor[simple]
[pool-3182-thread-1] INFO org.apache.nifi.processors.standard.RouteText - RouteText[id=e191155b-3232-49bd-bfe9-6bfcf78aa3cb] Created FlowFile[1719,92022081073827.mockFlowFile,23B] from FlowFile[1718,92022081073827.mockFlowFile,23B]; routing to relationship simple
[pool-3182-thread-1] INFO org.apache.nifi.processors.standard.RouteText - RouteText[id=e191155b-3232-49bd-bfe9-6bfcf78aa3cb] Routing FlowFile[1718,92022081073827.mockFlowFile,23B] to original
[main] DEBUG org.apache.nifi.processors.standard.RouteText - RouteText[id=e191155b-3232-49bd-bfe9-6bfcf78aa3cb] Adding new dynamic property: PropertyDescriptor[simple]
[pool-3183-thread-1] INFO org.apache.nifi.processors.standard.RouteText - RouteText[id=e191155b-3232-49bd-bfe9-6bfcf78aa3cb] Created FlowFile[1721,92022081552593.mockFlowFile,23B] from FlowFile[1720,92022081552593.mockFlowFile,23B]; routing to relationship simple
[pool-3183-thread-1] INFO org.apache.nifi.processors.standard.RouteText - RouteText[id=e191155b-3232-49bd-bfe9-6bfcf78aa3cb] Routing FlowFile[1720,92022081552593.mockFlowFile,23B] to original
[main] DEBUG org.apache.nifi.processors.standard.RouteText - RouteText[id=e191155b-3232-49bd-bfe9-6bfcf78aa3cb] Adding new dynamic property: PropertyDescriptor[simple]
[pool-3184-thread-1] INFO org.apache.nifi.processors.standard.RouteText - RouteText[id=e191155b-3232-49bd-bfe9-6bfcf78aa3cb] Created FlowFile[1723,92022082049403.mockFlowFile,23B] from FlowFile[1722,92022082049403.mockFlowFile,23B]; routing to relationship simple
[pool-3184-thread-1] INFO org.apache.nifi.processors.standard.RouteText - RouteText[id=e191155b-3232-49bd-bfe9-6bfcf78aa3cb] Routing FlowFile[1722,92022082049403.mockFlowFile,23B] to original
[main] DEBUG org.apache.nifi.processors.standard.RouteText - RouteText[id=e191155b-3232-49bd-bfe9-6bfcf78aa3cb] Adding new dynamic property: PropertyDescriptor[simple]
[pool-3185-thread-1] INFO org.apache.nifi.processors.standard.RouteText - RouteText[id=e191155b-3232-49bd-bfe9-6bfcf78aa3cb] Created FlowFile[1725,92022082539878.mockFlowFile,23B] from FlowFile[1724,92022082539878.mockFlowFile,23B]; routing to relationship simple
[pool-3185-thread-1] INFO org.apache.nifi.processors.standard.RouteText - RouteText[id=e191155b-3232-49bd-bfe9-6bfcf78aa3cb] Routing FlowFile[1724,92022082539878.mockFlowFile,23B] to original
[main] DEBUG org.apache.nifi.processors.standard.RouteText - RouteText[id=e191155b-3232-49bd-bfe9-6bfcf78aa3cb] Adding new dynamic property: PropertyDescriptor[simple]
[pool-3186-thread-1] INFO org.apache.nifi.processors.standard.RouteText - RouteText[id=e191155b-3232-49bd-bfe9-6bfcf78aa3cb] Created FlowFile[1727,92022083071414.mockFlowFile,23B] from FlowFile[1726,92022083071414.mockFlowFile,23B]; routing to relationship simple
[pool-3186-thread-1] INFO org.apache.nifi.processors.standard.RouteText - RouteText[id=e191155b-3232-49bd-bfe9-6bfcf78aa3cb] Routing FlowFile[1726,92022083071414.mockFlowFile,23B] to original
[main] DEBUG org.apache.nifi.processors.standard.RouteText - RouteText[id=e191155b-3232-49bd-bfe9-6bfcf78aa3cb] Adding new dynamic property: PropertyDescriptor[simple]
[pool-3187-thread-1] INFO org.apache.nifi.processors.standard.RouteText - RouteText[id=e191155b-3232-49bd-bfe9-6bfcf78aa3cb] Created FlowFile[1729,92022083620204.mockFlowFile,23B] from FlowFile[1728,92022083620204.mockFlowFile,23B]; routing to relationship simple
[pool-3187-thread-1] INFO org.apache.nifi.processors.standard.RouteText - RouteText[id=e191155b-3232-49bd-bfe9-6bfcf78aa3cb] Routing FlowFile[1728,92022083620204.mockFlowFile,23B] to original
[main] DEBUG org.apache.nifi.processors.standard.RouteText - RouteText[id=e191155b-3232-49bd-bfe9-6bfcf78aa3cb] Adding new dynamic property: PropertyDescriptor[simple]
[pool-3188-thread-1] INFO org.apache.nifi.processors.standard.RouteText - RouteText[id=e191155b-3232-49bd-bfe9-6bfcf78aa3cb] Created FlowFile[1731,92022084133596.mockFlowFile,23B] from FlowFile[1730,92022084133596.mockFlowFile,23B]; routing to relationship simple
[pool-3188-thread-1] INFO org.apache.nifi.processors.standard.RouteText - RouteText[id=e191155b-3232-49bd-bfe9-6bfcf78aa3cb] Routing FlowFile[1730,92022084133596.mockFlowFile,23B] to original
[main] DEBUG org.apache.nifi.processors.standard.RouteText - RouteText[id=e191155b-3232-49bd-bfe9-6bfcf78aa3cb] Adding new dynamic property: PropertyDescriptor[simple]
[pool-3189-thread-1] INFO org.apache.nifi.processors.standard.RouteText - RouteText[id=e191155b-3232-49bd-bfe9-6bfcf78aa3cb] Created FlowFile[1733,92022084661147.mockFlowFile,23B] from FlowFile[1732,92022084661147.mockFlowFile,23B]; routing to relationship simple
[pool-3189-thread-1] INFO org.apache.nifi.processors.standard.RouteText - RouteText[id=e191155b-3232-49bd-bfe9-6bfcf78aa3cb] Routing FlowFile[1732,92022084661147.mockFlowFile,23B] to original
[main] DEBUG org.apache.nifi.processors.standard.RouteText - RouteText[id=e191155b-3232-49bd-bfe9-6bfcf78aa3cb] Adding new dynamic property: PropertyDescriptor[simple]
[pool-3190-thread-1] INFO org.apache.nifi.processors.standard.RouteText - RouteText[id=e191155b-3232-49bd-bfe9-6bfcf78aa3cb] Created FlowFile[1735,92022085248159.mockFlowFile,23B] from FlowFile[1734,92022085248159.mockFlowFile,23B]; routing to relationship simple
[pool-3190-thread-1] INFO org.apache.nifi.processors.standard.RouteText - RouteText[id=e191155b-3232-49bd-bfe9-6bfcf78aa3cb] Routing FlowFile[1734,92022085248159.mockFlowFile,23B] to original
[main] DEBUG org.apache.nifi.processors.standard.RouteText - RouteText[id=e191155b-3232-49bd-bfe9-6bfcf78aa3cb] Adding new dynamic property: PropertyDescriptor[simple]
[pool-3191-thread-1] INFO org.apache.nifi.processors.standard.RouteText - RouteText[id=e191155b-3232-49bd-bfe9-6bfcf78aa3cb] Created FlowFile[1737,92022085760637.mockFlowFile,23B] from FlowFile[1736,92022085760637.mockFlowFile,23B]; routing to relationship simple
[pool-3191-thread-1] INFO org.apache.nifi.processors.standard.RouteText - RouteText[id=e191155b-3232-49bd-bfe9-6bfcf78aa3cb] Routing FlowFile[1736,92022085760637.mockFlowFile,23B] to original
[main] DEBUG org.apache.nifi.processors.standard.RouteText - RouteText[id=e191155b-3232-49bd-bfe9-6bfcf78aa3cb] Adding new dynamic property: PropertyDescriptor[simple]
[pool-3192-thread-1] INFO org.apache.nifi.processors.standard.RouteText - RouteText[id=e191155b-3232-49bd-bfe9-6bfcf78aa3cb] Created FlowFile[1739,92022086241690.mockFlowFile,23B] from FlowFile[1738,92022086241690.mockFlowFile,23B]; routing to relationship simple
[pool-3192-thread-1] INFO org.apache.nifi.processors.standard.RouteText - RouteText[id=e191155b-3232-49bd-bfe9-6bfcf78aa3cb] Routing FlowFile[1738,92022086241690.mockFlowFile,23B] to original
[main] DEBUG org.apache.nifi.processors.standard.RouteText - RouteText[id=e191155b-3232-49bd-bfe9-6bfcf78aa3cb] Adding new dynamic property: PropertyDescriptor[simple]
[pool-3193-thread-1] INFO org.apache.nifi.processors.standard.RouteText - RouteText[id=e191155b-3232-49bd-bfe9-6bfcf78aa3cb] Created FlowFile[1741,92022086733248.mockFlowFile,23B] from FlowFile[1740,92022086733248.mockFlowFile,23B]; routing to relationship simple
[pool-3193-thread-1] INFO org.apache.nifi.processors.standard.RouteText - RouteText[id=e191155b-3232-49bd-bfe9-6bfcf78aa3cb] Routing FlowFile[1740,92022086733248.mockFlowFile,23B] to original
[main] DEBUG org.apache.nifi.processors.standard.RouteText - RouteText[id=e191155b-3232-49bd-bfe9-6bfcf78aa3cb] Adding new dynamic property: PropertyDescriptor[simple]
[pool-3194-thread-1] INFO org.apache.nifi.processors.standard.RouteText - RouteText[id=e191155b-3232-49bd-bfe9-6bfcf78aa3cb] Created FlowFile[1743,92022087260837.mockFlowFile,23B] from FlowFile[1742,92022087260837.mockFlowFile,23B]; routing to relationship simple
[pool-3194-thread-1] INFO org.apache.nifi.processors.standard.RouteText - RouteText[id=e191155b-3232-49bd-bfe9-6bfcf78aa3cb] Routing FlowFile[1742,92022087260837.mockFlowFile,23B] to original
[main] DEBUG org.apache.nifi.processors.standard.RouteText - RouteText[id=e191155b-3232-49bd-bfe9-6bfcf78aa3cb] Adding new dynamic property: PropertyDescriptor[simple]
[pool-3195-thread-1] INFO org.apache.nifi.processors.standard.RouteText - RouteText[id=e191155b-3232-49bd-bfe9-6bfcf78aa3cb] Created FlowFile[1745,92022087798203.mockFlowFile,23B] from FlowFile[1744,92022087798203.mockFlowFile,23B]; routing to relationship simple
[pool-3195-thread-1] INFO org.apache.nifi.processors.standard.RouteText - RouteText[id=e191155b-3232-49bd-bfe9-6bfcf78aa3cb] Routing FlowFile[1744,92022087798203.mockFlowFile,23B] to original
[main] DEBUG org.apache.nifi.processors.standard.RouteText - RouteText[id=e191155b-3232-49bd-bfe9-6bfcf78aa3cb] Adding new dynamic property: PropertyDescriptor[simple]
[pool-3196-thread-1] INFO org.apache.nifi.processors.standard.RouteText - RouteText[id=e191155b-3232-49bd-bfe9-6bfcf78aa3cb] Created FlowFile[1747,92022088354827.mockFlowFile,23B] from FlowFile[1746,92022088354827.mockFlowFile,23B]; routing to relationship simple
[pool-3196-thread-1] INFO org.apache.nifi.processors.standard.RouteText - RouteText[id=e191155b-3232-49bd-bfe9-6bfcf78aa3cb] Routing FlowFile[1746,92022088354827.mockFlowFile,23B] to original
[main] DEBUG org.apache.nifi.processors.standard.RouteText - RouteText[id=e191155b-3232-49bd-bfe9-6bfcf78aa3cb] Adding new dynamic property: PropertyDescriptor[simple]
[pool-3197-thread-1] INFO org.apache.nifi.processors.standard.RouteText - RouteText[id=e191155b-3232-49bd-bfe9-6bfcf78aa3cb] Created FlowFile[1749,92022088882686.mockFlowFile,23B] from FlowFile[1748,92022088882686.mockFlowFile,23B]; routing to relationship simple
[pool-3197-thread-1] INFO org.apache.nifi.processors.standard.RouteText - RouteText[id=e191155b-3232-49bd-bfe9-6bfcf78aa3cb] Routing FlowFile[1748,92022088882686.mockFlowFile,23B] to original
[main] DEBUG org.apache.nifi.processors.standard.RouteText - RouteText[id=e191155b-3232-49bd-bfe9-6bfcf78aa3cb] Adding new dynamic property: PropertyDescriptor[simple]
[pool-3198-thread-1] INFO org.apache.nifi.processors.standard.RouteText - RouteText[id=e191155b-3232-49bd-bfe9-6bfcf78aa3cb] Created FlowFile[1751,92022089401851.mockFlowFile,23B] from FlowFile[1750,92022089401851.mockFlowFile,23B]; routing to relationship simple
[pool-3198-thread-1] INFO org.apache.nifi.processors.standard.RouteText - RouteText[id=e191155b-3232-49bd-bfe9-6bfcf78aa3cb] Routing FlowFile[1750,92022089401851.mockFlowFile,23B] to original
[main] DEBUG org.apache.nifi.processors.standard.RouteText - RouteText[id=e191155b-3232-49bd-bfe9-6bfcf78aa3cb] Adding new dynamic property: PropertyDescriptor[simple]
[pool-3199-thread-1] INFO org.apache.nifi.processors.standard.RouteText - RouteText[id=e191155b-3232-49bd-bfe9-6bfcf78aa3cb] Created FlowFile[1753,92022089915154.mockFlowFile,23B] from FlowFile[1752,92022089915154.mockFlowFile,23B]; routing to relationship simple
[pool-3199-thread-1] INFO org.apache.nifi.processors.standard.RouteText - RouteText[id=e191155b-3232-49bd-bfe9-6bfcf78aa3cb] Routing FlowFile[1752,92022089915154.mockFlowFile,23B] to original
[main] DEBUG org.apache.nifi.processors.standard.RouteText - RouteText[id=e191155b-3232-49bd-bfe9-6bfcf78aa3cb] Adding new dynamic property: PropertyDescriptor[simple]
[pool-3200-thread-1] INFO org.apache.nifi.processors.standard.RouteText - RouteText[id=e191155b-3232-49bd-bfe9-6bfcf78aa3cb] Created FlowFile[1755,92022090444939.mockFlowFile,23B] from FlowFile[1754,92022090444939.mockFlowFile,23B]; routing to relationship simple
[pool-3200-thread-1] INFO org.apache.nifi.processors.standard.RouteText - RouteText[id=e191155b-3232-49bd-bfe9-6bfcf78aa3cb] Routing FlowFile[1754,92022090444939.mockFlowFile,23B] to original
[main] DEBUG org.apache.nifi.processors.standard.RouteText - RouteText[id=e191155b-3232-49bd-bfe9-6bfcf78aa3cb] Adding new dynamic property: PropertyDescriptor[simple]
[pool-3201-thread-1] INFO org.apache.nifi.processors.standard.RouteText - RouteText[id=e191155b-3232-49bd-bfe9-6bfcf78aa3cb] Created FlowFile[1757,92022090982423.mockFlowFile,23B] from FlowFile[1756,92022090982423.mockFlowFile,23B]; routing to relationship simple
[pool-3201-thread-1] INFO org.apache.nifi.processors.standard.RouteText - RouteText[id=e191155b-3232-49bd-bfe9-6bfcf78aa3cb] Routing FlowFile[1756,92022090982423.mockFlowFile,23B] to original
[main] DEBUG org.apache.nifi.processors.standard.RouteText - RouteText[id=e191155b-3232-49bd-bfe9-6bfcf78aa3cb] Adding new dynamic property: PropertyDescriptor[simple]
[pool-3202-thread-1] INFO org.apache.nifi.processors.standard.RouteText - RouteText[id=e191155b-3232-49bd-bfe9-6bfcf78aa3cb] Created FlowFile[1759,92022091534225.mockFlowFile,23B] from FlowFile[1758,92022091534225.mockFlowFile,23B]; routing to relationship simple
[pool-3202-thread-1] INFO org.apache.nifi.processors.standard.RouteText - RouteText[id=e191155b-3232-49bd-bfe9-6bfcf78aa3cb] Routing FlowFile[1758,92022091534225.mockFlowFile,23B] to original
[main] DEBUG org.apache.nifi.processors.standard.RouteText - RouteText[id=e191155b-3232-49bd-bfe9-6bfcf78aa3cb] Adding new dynamic property: PropertyDescriptor[simple]
[pool-3203-thread-1] INFO org.apache.nifi.processors.standard.RouteText - RouteText[id=e191155b-3232-49bd-bfe9-6bfcf78aa3cb] Created FlowFile[1761,92022092190049.mockFlowFile,23B] from FlowFile[1760,92022092190049.mockFlowFile,23B]; routing to relationship simple
[pool-3203-thread-1] INFO org.apache.nifi.processors.standard.RouteText - RouteText[id=e191155b-3232-49bd-bfe9-6bfcf78aa3cb] Routing FlowFile[1760,92022092190049.mockFlowFile,23B] to original
[main] DEBUG org.apache.nifi.processors.standard.RouteText - RouteText[id=e191155b-3232-49bd-bfe9-6bfcf78aa3cb] Adding new dynamic property: PropertyDescriptor[simple]
[pool-3204-thread-1] INFO org.apache.nifi.processors.standard.RouteText - RouteText[id=e191155b-3232-49bd-bfe9-6bfcf78aa3cb] Created FlowFile[1763,92022092631058.mockFlowFile,23B] from FlowFile[1762,92022092631058.mockFlowFile,23B]; routing to relationship simple
[pool-3204-thread-1] INFO org.apache.nifi.processors.standard.RouteText - RouteText[id=e191155b-3232-49bd-bfe9-6bfcf78aa3cb] Routing FlowFile[1762,92022092631058.mockFlowFile,23B] to original
[main] DEBUG org.apache.nifi.processors.standard.RouteText - RouteText[id=e191155b-3232-49bd-bfe9-6bfcf78aa3cb] Adding new dynamic property: PropertyDescriptor[simple]
[pool-3205-thread-1] INFO org.apache.nifi.processors.standard.RouteText - RouteText[id=e191155b-3232-49bd-bfe9-6bfcf78aa3cb] Created FlowFile[1765,92022093092350.mockFlowFile,23B] from FlowFile[1764,92022093092350.mockFlowFile,23B]; routing to relationship simple
[pool-3205-thread-1] INFO org.apache.nifi.processors.standard.RouteText - RouteText[id=e191155b-3232-49bd-bfe9-6bfcf78aa3cb] Routing FlowFile[1764,92022093092350.mockFlowFile,23B] to original
[main] DEBUG org.apache.nifi.processors.standard.RouteText - RouteText[id=e191155b-3232-49bd-bfe9-6bfcf78aa3cb] Adding new dynamic property: PropertyDescriptor[simple]
[pool-3206-thread-1] INFO org.apache.nifi.processors.standard.RouteText - RouteText[id=e191155b-3232-49bd-bfe9-6bfcf78aa3cb] Created FlowFile[1767,92022093561600.mockFlowFile,23B] from FlowFile[1766,92022093561600.mockFlowFile,23B]; routing to relationship simple
[pool-3206-thread-1] INFO org.apache.nifi.processors.standard.RouteText - RouteText[id=e191155b-3232-49bd-bfe9-6bfcf78aa3cb] Routing FlowFile[1766,92022093561600.mockFlowFile,23B] to original
[main] DEBUG org.apache.nifi.processors.standard.RouteText - RouteText[id=e191155b-3232-49bd-bfe9-6bfcf78aa3cb] Adding new dynamic property: PropertyDescriptor[simple]
[pool-3207-thread-1] INFO org.apache.nifi.processors.standard.RouteText - RouteText[id=e191155b-3232-49bd-bfe9-6bfcf78aa3cb] Created FlowFile[1769,92022094027278.mockFlowFile,23B] from FlowFile[1768,92022094027278.mockFlowFile,23B]; routing to relationship simple
[pool-3207-thread-1] INFO org.apache.nifi.processors.standard.RouteText - RouteText[id=e191155b-3232-49bd-bfe9-6bfcf78aa3cb] Routing FlowFile[1768,92022094027278.mockFlowFile,23B] to original
[main] DEBUG org.apache.nifi.processors.standard.RouteText - RouteText[id=e191155b-3232-49bd-bfe9-6bfcf78aa3cb] Adding new dynamic property: PropertyDescriptor[simple]
[pool-3208-thread-1] INFO org.apache.nifi.processors.standard.RouteText - RouteText[id=e191155b-3232-49bd-bfe9-6bfcf78aa3cb] Created FlowFile[1771,92022094498227.mockFlowFile,23B] from FlowFile[1770,92022094498227.mockFlowFile,23B]; routing to relationship simple
[pool-3208-thread-1] INFO org.apache.nifi.processors.standard.RouteText - RouteText[id=e191155b-3232-49bd-bfe9-6bfcf78aa3cb] Routing FlowFile[1770,92022094498227.mockFlowFile,23B] to original
[main] DEBUG org.apache.nifi.processors.standard.RouteText - RouteText[id=e191155b-3232-49bd-bfe9-6bfcf78aa3cb] Adding new dynamic property: PropertyDescriptor[simple]
[pool-3209-thread-1] INFO org.apache.nifi.processors.standard.RouteText - RouteText[id=e191155b-3232-49bd-bfe9-6bfcf78aa3cb] Created FlowFile[1773,92022095051839.mockFlowFile,23B] from FlowFile[1772,92022095051839.mockFlowFile,23B]; routing to relationship simple
[pool-3209-thread-1] INFO org.apache.nifi.processors.standard.RouteText - RouteText[id=e191155b-3232-49bd-bfe9-6bfcf78aa3cb] Routing FlowFile[1772,92022095051839.mockFlowFile,23B] to original
[main] DEBUG org.apache.nifi.processors.standard.RouteText - RouteText[id=e191155b-3232-49bd-bfe9-6bfcf78aa3cb] Adding new dynamic property: PropertyDescriptor[simple]
[pool-3210-thread-1] INFO org.apache.nifi.processors.standard.RouteText - RouteText[id=e191155b-3232-49bd-bfe9-6bfcf78aa3cb] Created FlowFile[1775,92022095559169.mockFlowFile,23B] from FlowFile[1774,92022095559169.mockFlowFile,23B]; routing to relationship simple
[pool-3210-thread-1] INFO org.apache.nifi.processors.standard.RouteText - RouteText[id=e191155b-3232-49bd-bfe9-6bfcf78aa3cb] Routing FlowFile[1774,92022095559169.mockFlowFile,23B] to original
[main] DEBUG org.apache.nifi.processors.standard.RouteText - RouteText[id=e191155b-3232-49bd-bfe9-6bfcf78aa3cb] Adding new dynamic property: PropertyDescriptor[simple]
[pool-3211-thread-1] INFO org.apache.nifi.processors.standard.RouteText - RouteText[id=e191155b-3232-49bd-bfe9-6bfcf78aa3cb] Created FlowFile[1777,92022096076832.mockFlowFile,23B] from FlowFile[1776,92022096076832.mockFlowFile,23B]; routing to relationship simple
[pool-3211-thread-1] INFO org.apache.nifi.processors.standard.RouteText - RouteText[id=e191155b-3232-49bd-bfe9-6bfcf78aa3cb] Routing FlowFile[1776,92022096076832.mockFlowFile,23B] to original
[main] DEBUG org.apache.nifi.processors.standard.RouteText - RouteText[id=e191155b-3232-49bd-bfe9-6bfcf78aa3cb] Adding new dynamic property: PropertyDescriptor[simple]
[pool-3212-thread-1] INFO org.apache.nifi.processors.standard.RouteText - RouteText[id=e191155b-3232-49bd-bfe9-6bfcf78aa3cb] Created FlowFile[1779,92022096548912.mockFlowFile,23B] from FlowFile[1778,92022096548912.mockFlowFile,23B]; routing to relationship simple
[pool-3212-thread-1] INFO org.apache.nifi.processors.standard.RouteText - RouteText[id=e191155b-3232-49bd-bfe9-6bfcf78aa3cb] Routing FlowFile[1778,92022096548912.mockFlowFile,23B] to original
[main] DEBUG org.apache.nifi.processors.standard.RouteText - RouteText[id=e191155b-3232-49bd-bfe9-6bfcf78aa3cb] Adding new dynamic property: PropertyDescriptor[simple]
[pool-3213-thread-1] INFO org.apache.nifi.processors.standard.RouteText - RouteText[id=e191155b-3232-49bd-bfe9-6bfcf78aa3cb] Created FlowFile[1781,92022097050196.mockFlowFile,23B] from FlowFile[1780,92022097050196.mockFlowFile,23B]; routing to relationship simple
[pool-3213-thread-1] INFO org.apache.nifi.processors.standard.RouteText - RouteText[id=e191155b-3232-49bd-bfe9-6bfcf78aa3cb] Routing FlowFile[1780,92022097050196.mockFlowFile,23B] to original
[main] DEBUG org.apache.nifi.processors.standard.RouteText - RouteText[id=e191155b-3232-49bd-bfe9-6bfcf78aa3cb] Adding new dynamic property: PropertyDescriptor[simple]
[pool-3214-thread-1] INFO org.apache.nifi.processors.standard.RouteText - RouteText[id=e191155b-3232-49bd-bfe9-6bfcf78aa3cb] Created FlowFile[1783,92022097542660.mockFlowFile,23B] from FlowFile[1782,92022097542660.mockFlowFile,23B]; routing to relationship simple
[pool-3214-thread-1] INFO org.apache.nifi.processors.standard.RouteText - RouteText[id=e191155b-3232-49bd-bfe9-6bfcf78aa3cb] Routing FlowFile[1782,92022097542660.mockFlowFile,23B] to original
[main] DEBUG org.apache.nifi.processors.standard.RouteText - RouteText[id=e191155b-3232-49bd-bfe9-6bfcf78aa3cb] Adding new dynamic property: PropertyDescriptor[simple]
[pool-3215-thread-1] INFO org.apache.nifi.processors.standard.RouteText - RouteText[id=e191155b-3232-49bd-bfe9-6bfcf78aa3cb] Created FlowFile[1785,92022098025075.mockFlowFile,23B] from FlowFile[1784,92022098025075.mockFlowFile,23B]; routing to relationship simple
[pool-3215-thread-1] INFO org.apache.nifi.processors.standard.RouteText - RouteText[id=e191155b-3232-49bd-bfe9-6bfcf78aa3cb] Routing FlowFile[1784,92022098025075.mockFlowFile,23B] to original
[main] DEBUG org.apache.nifi.processors.standard.RouteText - RouteText[id=e191155b-3232-49bd-bfe9-6bfcf78aa3cb] Adding new dynamic property: PropertyDescriptor[simple]
[pool-3216-thread-1] INFO org.apache.nifi.processors.standard.RouteText - RouteText[id=e191155b-3232-49bd-bfe9-6bfcf78aa3cb] Created FlowFile[1787,92022098525704.mockFlowFile,23B] from FlowFile[1786,92022098525704.mockFlowFile,23B]; routing to relationship simple
[pool-3216-thread-1] INFO org.apache.nifi.processors.standard.RouteText - RouteText[id=e191155b-3232-49bd-bfe9-6bfcf78aa3cb] Routing FlowFile[1786,92022098525704.mockFlowFile,23B] to original
[main] DEBUG org.apache.nifi.processors.standard.RouteText - RouteText[id=e191155b-3232-49bd-bfe9-6bfcf78aa3cb] Adding new dynamic property: PropertyDescriptor[simple]
[pool-3217-thread-1] INFO org.apache.nifi.processors.standard.RouteText - RouteText[id=e191155b-3232-49bd-bfe9-6bfcf78aa3cb] Created FlowFile[1789,92022099025659.mockFlowFile,23B] from FlowFile[1788,92022099025659.mockFlowFile,23B]; routing to relationship simple
[pool-3217-thread-1] INFO org.apache.nifi.processors.standard.RouteText - RouteText[id=e191155b-3232-49bd-bfe9-6bfcf78aa3cb] Routing FlowFile[1788,92022099025659.mockFlowFile,23B] to original
[main] DEBUG org.apache.nifi.processors.standard.RouteText - RouteText[id=e191155b-3232-49bd-bfe9-6bfcf78aa3cb] Adding new dynamic property: PropertyDescriptor[simple]
[pool-3218-thread-1] INFO org.apache.nifi.processors.standard.RouteText - RouteText[id=e191155b-3232-49bd-bfe9-6bfcf78aa3cb] Created FlowFile[1791,92022099649890.mockFlowFile,23B] from FlowFile[1790,92022099649890.mockFlowFile,23B]; routing to relationship simple
[pool-3218-thread-1] INFO org.apache.nifi.processors.standard.RouteText - RouteText[id=e191155b-3232-49bd-bfe9-6bfcf78aa3cb] Routing FlowFile[1790,92022099649890.mockFlowFile,23B] to original
[main] DEBUG org.apache.nifi.processors.standard.RouteText - RouteText[id=e191155b-3232-49bd-bfe9-6bfcf78aa3cb] Adding new dynamic property: PropertyDescriptor[simple]
[pool-3219-thread-1] INFO org.apache.nifi.processors.standard.RouteText - RouteText[id=e191155b-3232-49bd-bfe9-6bfcf78aa3cb] Created FlowFile[1793,92022100206230.mockFlowFile,23B] from FlowFile[1792,92022100206230.mockFlowFile,23B]; routing to relationship simple
[pool-3219-thread-1] INFO org.apache.nifi.processors.standard.RouteText - RouteText[id=e191155b-3232-49bd-bfe9-6bfcf78aa3cb] Routing FlowFile[1792,92022100206230.mockFlowFile,23B] to original
[main] DEBUG org.apache.nifi.processors.standard.RouteText - RouteText[id=e191155b-3232-49bd-bfe9-6bfcf78aa3cb] Adding new dynamic property: PropertyDescriptor[simple]
[pool-3220-thread-1] INFO org.apache.nifi.processors.standard.RouteText - RouteText[id=e191155b-3232-49bd-bfe9-6bfcf78aa3cb] Created FlowFile[1795,92022100724509.mockFlowFile,23B] from FlowFile[1794,92022100724509.mockFlowFile,23B]; routing to relationship simple
[pool-3220-thread-1] INFO org.apache.nifi.processors.standard.RouteText - RouteText[id=e191155b-3232-49bd-bfe9-6bfcf78aa3cb] Routing FlowFile[1794,92022100724509.mockFlowFile,23B] to original
[main] DEBUG org.apache.nifi.processors.standard.RouteText - RouteText[id=e191155b-3232-49bd-bfe9-6bfcf78aa3cb] Adding new dynamic property: PropertyDescriptor[simple]
[pool-3221-thread-1] INFO org.apache.nifi.processors.standard.RouteText - RouteText[id=e191155b-3232-49bd-bfe9-6bfcf78aa3cb] Created FlowFile[1797,92022101238791.mockFlowFile,23B] from FlowFile[1796,92022101238791.mockFlowFile,23B]; routing to relationship simple
[pool-3221-thread-1] INFO org.apache.nifi.processors.standard.RouteText - RouteText[id=e191155b-3232-49bd-bfe9-6bfcf78aa3cb] Routing FlowFile[1796,92022101238791.mockFlowFile,23B] to original
[main] DEBUG org.apache.nifi.processors.standard.RouteText - RouteText[id=e191155b-3232-49bd-bfe9-6bfcf78aa3cb] Adding new dynamic property: PropertyDescriptor[simple]
[pool-3222-thread-1] INFO org.apache.nifi.processors.standard.RouteText - RouteText[id=e191155b-3232-49bd-bfe9-6bfcf78aa3cb] Created FlowFile[1799,92022101756599.mockFlowFile,23B] from FlowFile[1798,92022101756599.mockFlowFile,23B]; routing to relationship simple
[pool-3222-thread-1] INFO org.apache.nifi.processors.standard.RouteText - RouteText[id=e191155b-3232-49bd-bfe9-6bfcf78aa3cb] Routing FlowFile[1798,92022101756599.mockFlowFile,23B] to original
[main] DEBUG org.apache.nifi.processors.standard.RouteText - RouteText[id=e191155b-3232-49bd-bfe9-6bfcf78aa3cb] Adding new dynamic property: PropertyDescriptor[simple]
[pool-3223-thread-1] INFO org.apache.nifi.processors.standard.RouteText - RouteText[id=e191155b-3232-49bd-bfe9-6bfcf78aa3cb] Created FlowFile[1801,92022102246778.mockFlowFile,23B] from FlowFile[1800,92022102246778.mockFlowFile,23B]; routing to relationship simple
[pool-3223-thread-1] INFO org.apache.nifi.processors.standard.RouteText - RouteText[id=e191155b-3232-49bd-bfe9-6bfcf78aa3cb] Routing FlowFile[1800,92022102246778.mockFlowFile,23B] to original
[main] DEBUG org.apache.nifi.processors.standard.RouteText - RouteText[id=e191155b-3232-49bd-bfe9-6bfcf78aa3cb] Adding new dynamic property: PropertyDescriptor[simple]
[pool-3224-thread-1] INFO org.apache.nifi.processors.standard.RouteText - RouteText[id=e191155b-3232-49bd-bfe9-6bfcf78aa3cb] Created FlowFile[1803,92022102729812.mockFlowFile,23B] from FlowFile[1802,92022102729812.mockFlowFile,23B]; routing to relationship simple
[pool-3224-thread-1] INFO org.apache.nifi.processors.standard.RouteText - RouteText[id=e191155b-3232-49bd-bfe9-6bfcf78aa3cb] Routing FlowFile[1802,92022102729812.mockFlowFile,23B] to original
[main] DEBUG org.apache.nifi.processors.standard.RouteText - RouteText[id=e191155b-3232-49bd-bfe9-6bfcf78aa3cb] Adding new dynamic property: PropertyDescriptor[simple]
[pool-3225-thread-1] INFO org.apache.nifi.processors.standard.RouteText - RouteText[id=e191155b-3232-49bd-bfe9-6bfcf78aa3cb] Created FlowFile[1805,92022103201288.mockFlowFile,23B] from FlowFile[1804,92022103201288.mockFlowFile,23B]; routing to relationship simple
[pool-3225-thread-1] INFO org.apache.nifi.processors.standard.RouteText - RouteText[id=e191155b-3232-49bd-bfe9-6bfcf78aa3cb] Routing FlowFile[1804,92022103201288.mockFlowFile,23B] to original
[main] DEBUG org.apache.nifi.processors.standard.RouteText - RouteText[id=e191155b-3232-49bd-bfe9-6bfcf78aa3cb] Adding new dynamic property: PropertyDescriptor[simple]
[pool-3226-thread-1] INFO org.apache.nifi.processors.standard.RouteText - RouteText[id=e191155b-3232-49bd-bfe9-6bfcf78aa3cb] Created FlowFile[1807,92022103721141.mockFlowFile,23B] from FlowFile[1806,92022103721141.mockFlowFile,23B]; routing to relationship simple
[pool-3226-thread-1] INFO org.apache.nifi.processors.standard.RouteText - RouteText[id=e191155b-3232-49bd-bfe9-6bfcf78aa3cb] Routing FlowFile[1806,92022103721141.mockFlowFile,23B] to original
[main] DEBUG org.apache.nifi.processors.standard.RouteText - RouteText[id=e191155b-3232-49bd-bfe9-6bfcf78aa3cb] Adding new dynamic property: PropertyDescriptor[simple]
[pool-3227-thread-1] INFO org.apache.nifi.processors.standard.RouteText - RouteText[id=e191155b-3232-49bd-bfe9-6bfcf78aa3cb] Created FlowFile[1809,92022104257799.mockFlowFile,23B] from FlowFile[1808,92022104257799.mockFlowFile,23B]; routing to relationship simple
[pool-3227-thread-1] INFO org.apache.nifi.processors.standard.RouteText - RouteText[id=e191155b-3232-49bd-bfe9-6bfcf78aa3cb] Routing FlowFile[1808,92022104257799.mockFlowFile,23B] to original
[main] DEBUG org.apache.nifi.processors.standard.RouteText - RouteText[id=e191155b-3232-49bd-bfe9-6bfcf78aa3cb] Adding new dynamic property: PropertyDescriptor[simple]
[pool-3228-thread-1] INFO org.apache.nifi.processors.standard.RouteText - RouteText[id=e191155b-3232-49bd-bfe9-6bfcf78aa3cb] Created FlowFile[1811,92022104785685.mockFlowFile,23B] from FlowFile[1810,92022104785685.mockFlowFile,23B]; routing to relationship simple
[pool-3228-thread-1] INFO org.apache.nifi.processors.standard.RouteText - RouteText[id=e191155b-3232-49bd-bfe9-6bfcf78aa3cb] Routing FlowFile[1810,92022104785685.mockFlowFile,23B] to original
[main] DEBUG org.apache.nifi.processors.standard.RouteText - RouteText[id=e191155b-3232-49bd-bfe9-6bfcf78aa3cb] Adding new dynamic property: PropertyDescriptor[simple]
[pool-3229-thread-1] INFO org.apache.nifi.processors.standard.RouteText - RouteText[id=e191155b-3232-49bd-bfe9-6bfcf78aa3cb] Created FlowFile[1813,92022105258401.mockFlowFile,23B] from FlowFile[1812,92022105258401.mockFlowFile,23B]; routing to relationship simple
[pool-3229-thread-1] INFO org.apache.nifi.processors.standard.RouteText - RouteText[id=e191155b-3232-49bd-bfe9-6bfcf78aa3cb] Routing FlowFile[1812,92022105258401.mockFlowFile,23B] to original
[main] DEBUG org.apache.nifi.processors.standard.RouteText - RouteText[id=e191155b-3232-49bd-bfe9-6bfcf78aa3cb] Adding new dynamic property: PropertyDescriptor[simple]
[pool-3230-thread-1] INFO org.apache.nifi.processors.standard.RouteText - RouteText[id=e191155b-3232-49bd-bfe9-6bfcf78aa3cb] Created FlowFile[1815,92022105742055.mockFlowFile,23B] from FlowFile[1814,92022105742055.mockFlowFile,23B]; routing to relationship simple
[pool-3230-thread-1] INFO org.apache.nifi.processors.standard.RouteText - RouteText[id=e191155b-3232-49bd-bfe9-6bfcf78aa3cb] Routing FlowFile[1814,92022105742055.mockFlowFile,23B] to original
[main] DEBUG org.apache.nifi.processors.standard.RouteText - RouteText[id=e191155b-3232-49bd-bfe9-6bfcf78aa3cb] Adding new dynamic property: PropertyDescriptor[simple]
[pool-3231-thread-1] INFO org.apache.nifi.processors.standard.RouteText - RouteText[id=e191155b-3232-49bd-bfe9-6bfcf78aa3cb] Created FlowFile[1817,92022106325746.mockFlowFile,23B] from FlowFile[1816,92022106325746.mockFlowFile,23B]; routing to relationship simple
[pool-3231-thread-1] INFO org.apache.nifi.processors.standard.RouteText - RouteText[id=e191155b-3232-49bd-bfe9-6bfcf78aa3cb] Routing FlowFile[1816,92022106325746.mockFlowFile,23B] to original
[main] DEBUG org.apache.nifi.processors.standard.RouteText - RouteText[id=e191155b-3232-49bd-bfe9-6bfcf78aa3cb] Adding new dynamic property: PropertyDescriptor[simple]
[pool-3232-thread-1] INFO org.apache.nifi.processors.standard.RouteText - RouteText[id=e191155b-3232-49bd-bfe9-6bfcf78aa3cb] Created FlowFile[1819,92022106813179.mockFlowFile,23B] from FlowFile[1818,92022106813179.mockFlowFile,23B]; routing to relationship simple
[pool-3232-thread-1] INFO org.apache.nifi.processors.standard.RouteText - RouteText[id=e191155b-3232-49bd-bfe9-6bfcf78aa3cb] Routing FlowFile[1818,92022106813179.mockFlowFile,23B] to original
[main] DEBUG org.apache.nifi.processors.standard.RouteText - RouteText[id=e191155b-3232-49bd-bfe9-6bfcf78aa3cb] Adding new dynamic property: PropertyDescriptor[simple]
[pool-3233-thread-1] INFO org.apache.nifi.processors.standard.RouteText - RouteText[id=e191155b-3232-49bd-bfe9-6bfcf78aa3cb] Created FlowFile[1821,92022107240310.mockFlowFile,23B] from FlowFile[1820,92022107240310.mockFlowFile,23B]; routing to relationship simple
[pool-3233-thread-1] INFO org.apache.nifi.processors.standard.RouteText - RouteText[id=e191155b-3232-49bd-bfe9-6bfcf78aa3cb] Routing FlowFile[1820,92022107240310.mockFlowFile,23B] to original
[main] DEBUG org.apache.nifi.processors.standard.RouteText - RouteText[id=e191155b-3232-49bd-bfe9-6bfcf78aa3cb] Adding new dynamic property: PropertyDescriptor[simple]
[pool-3234-thread-1] INFO org.apache.nifi.processors.standard.RouteText - RouteText[id=e191155b-3232-49bd-bfe9-6bfcf78aa3cb] Created FlowFile[1823,92022107682342.mockFlowFile,23B] from FlowFile[1822,92022107682342.mockFlowFile,23B]; routing to relationship simple
[pool-3234-thread-1] INFO org.apache.nifi.processors.standard.RouteText - RouteText[id=e191155b-3232-49bd-bfe9-6bfcf78aa3cb] Routing FlowFile[1822,92022107682342.mockFlowFile,23B] to original
[main] DEBUG org.apache.nifi.processors.standard.RouteText - RouteText[id=e191155b-3232-49bd-bfe9-6bfcf78aa3cb] Adding new dynamic property: PropertyDescriptor[simple]
[pool-3235-thread-1] INFO org.apache.nifi.processors.standard.RouteText - RouteText[id=e191155b-3232-49bd-bfe9-6bfcf78aa3cb] Created FlowFile[1825,92022108256636.mockFlowFile,23B] from FlowFile[1824,92022108256636.mockFlowFile,23B]; routing to relationship simple
[pool-3235-thread-1] INFO org.apache.nifi.processors.standard.RouteText - RouteText[id=e191155b-3232-49bd-bfe9-6bfcf78aa3cb] Routing FlowFile[1824,92022108256636.mockFlowFile,23B] to original
[main] DEBUG org.apache.nifi.processors.standard.RouteText - RouteText[id=e191155b-3232-49bd-bfe9-6bfcf78aa3cb] Adding new dynamic property: PropertyDescriptor[simple]
[pool-3236-thread-1] INFO org.apache.nifi.processors.standard.RouteText - RouteText[id=e191155b-3232-49bd-bfe9-6bfcf78aa3cb] Created FlowFile[1827,92022108734833.mockFlowFile,23B] from FlowFile[1826,92022108734833.mockFlowFile,23B]; routing to relationship simple
[pool-3236-thread-1] INFO org.apache.nifi.processors.standard.RouteText - RouteText[id=e191155b-3232-49bd-bfe9-6bfcf78aa3cb] Routing FlowFile[1826,92022108734833.mockFlowFile,23B] to original
[main] DEBUG org.apache.nifi.processors.standard.RouteText - RouteText[id=e191155b-3232-49bd-bfe9-6bfcf78aa3cb] Adding new dynamic property: PropertyDescriptor[simple]
[pool-3237-thread-1] INFO org.apache.nifi.processors.standard.RouteText - RouteText[id=e191155b-3232-49bd-bfe9-6bfcf78aa3cb] Created FlowFile[1829,92022109208194.mockFlowFile,23B] from FlowFile[1828,92022109208194.mockFlowFile,23B]; routing to relationship simple
[pool-3237-thread-1] INFO org.apache.nifi.processors.standard.RouteText - RouteText[id=e191155b-3232-49bd-bfe9-6bfcf78aa3cb] Routing FlowFile[1828,92022109208194.mockFlowFile,23B] to original
[main] DEBUG org.apache.nifi.processors.standard.RouteText - RouteText[id=e191155b-3232-49bd-bfe9-6bfcf78aa3cb] Adding new dynamic property: PropertyDescriptor[simple]
[pool-3238-thread-1] INFO org.apache.nifi.processors.standard.RouteText - RouteText[id=e191155b-3232-49bd-bfe9-6bfcf78aa3cb] Created FlowFile[1831,92022109702860.mockFlowFile,23B] from FlowFile[1830,92022109702860.mockFlowFile,23B]; routing to relationship simple
[pool-3238-thread-1] INFO org.apache.nifi.processors.standard.RouteText - RouteText[id=e191155b-3232-49bd-bfe9-6bfcf78aa3cb] Routing FlowFile[1830,92022109702860.mockFlowFile,23B] to original
[main] DEBUG org.apache.nifi.processors.standard.RouteText - RouteText[id=e191155b-3232-49bd-bfe9-6bfcf78aa3cb] Adding new dynamic property: PropertyDescriptor[simple]
[pool-3239-thread-1] INFO org.apache.nifi.processors.standard.RouteText - RouteText[id=e191155b-3232-49bd-bfe9-6bfcf78aa3cb] Created FlowFile[1833,92022110159553.mockFlowFile,23B] from FlowFile[1832,92022110159553.mockFlowFile,23B]; routing to relationship simple
[pool-3239-thread-1] INFO org.apache.nifi.processors.standard.RouteText - RouteText[id=e191155b-3232-49bd-bfe9-6bfcf78aa3cb] Routing FlowFile[1832,92022110159553.mockFlowFile,23B] to original
[main] DEBUG org.apache.nifi.processors.standard.RouteText - RouteText[id=e191155b-3232-49bd-bfe9-6bfcf78aa3cb] Adding new dynamic property: PropertyDescriptor[simple]
[pool-3240-thread-1] INFO org.apache.nifi.processors.standard.RouteText - RouteText[id=e191155b-3232-49bd-bfe9-6bfcf78aa3cb] Created FlowFile[1835,92022110571016.mockFlowFile,23B] from FlowFile[1834,92022110571016.mockFlowFile,23B]; routing to relationship simple
[pool-3240-thread-1] INFO org.apache.nifi.processors.standard.RouteText - RouteText[id=e191155b-3232-49bd-bfe9-6bfcf78aa3cb] Routing FlowFile[1834,92022110571016.mockFlowFile,23B] to original
[main] DEBUG org.apache.nifi.processors.standard.RouteText - RouteText[id=e191155b-3232-49bd-bfe9-6bfcf78aa3cb] Adding new dynamic property: PropertyDescriptor[simple]
[pool-3241-thread-1] INFO org.apache.nifi.processors.standard.RouteText - RouteText[id=e191155b-3232-49bd-bfe9-6bfcf78aa3cb] Created FlowFile[1837,92022111033683.mockFlowFile,23B] from FlowFile[1836,92022111033683.mockFlowFile,23B]; routing to relationship simple
[pool-3241-thread-1] INFO org.apache.nifi.processors.standard.RouteText - RouteText[id=e191155b-3232-49bd-bfe9-6bfcf78aa3cb] Routing FlowFile[1836,92022111033683.mockFlowFile,23B] to original
[main] DEBUG org.apache.nifi.processors.standard.RouteText - RouteText[id=e191155b-3232-49bd-bfe9-6bfcf78aa3cb] Adding new dynamic property: PropertyDescriptor[simple]
[pool-3242-thread-1] INFO org.apache.nifi.processors.standard.RouteText - RouteText[id=e191155b-3232-49bd-bfe9-6bfcf78aa3cb] Created FlowFile[1839,92022111529152.mockFlowFile,23B] from FlowFile[1838,92022111529152.mockFlowFile,23B]; routing to relationship simple
[pool-3242-thread-1] INFO org.apache.nifi.processors.standard.RouteText - RouteText[id=e191155b-3232-49bd-bfe9-6bfcf78aa3cb] Routing FlowFile[1838,92022111529152.mockFlowFile,23B] to original
[main] DEBUG org.apache.nifi.processors.standard.RouteText - RouteText[id=e191155b-3232-49bd-bfe9-6bfcf78aa3cb] Adding new dynamic property: PropertyDescriptor[simple]
[pool-3243-thread-1] INFO org.apache.nifi.processors.standard.RouteText - RouteText[id=e191155b-3232-49bd-bfe9-6bfcf78aa3cb] Created FlowFile[1841,92022112098496.mockFlowFile,23B] from FlowFile[1840,92022112098496.mockFlowFile,23B]; routing to relationship simple
[pool-3243-thread-1] INFO org.apache.nifi.processors.standard.RouteText - RouteText[id=e191155b-3232-49bd-bfe9-6bfcf78aa3cb] Routing FlowFile[1840,92022112098496.mockFlowFile,23B] to original
[main] DEBUG org.apache.nifi.processors.standard.RouteText - RouteText[id=e191155b-3232-49bd-bfe9-6bfcf78aa3cb] Adding new dynamic property: PropertyDescriptor[simple]
[pool-3244-thread-1] INFO org.apache.nifi.processors.standard.RouteText - RouteText[id=e191155b-3232-49bd-bfe9-6bfcf78aa3cb] Created FlowFile[1843,92022112616081.mockFlowFile,23B] from FlowFile[1842,92022112616081.mockFlowFile,23B]; routing to relationship simple
[pool-3244-thread-1] INFO org.apache.nifi.processors.standard.RouteText - RouteText[id=e191155b-3232-49bd-bfe9-6bfcf78aa3cb] Routing FlowFile[1842,92022112616081.mockFlowFile,23B] to original
[main] DEBUG org.apache.nifi.processors.standard.RouteText - RouteText[id=e191155b-3232-49bd-bfe9-6bfcf78aa3cb] Adding new dynamic property: PropertyDescriptor[simple]
[pool-3245-thread-1] INFO org.apache.nifi.processors.standard.RouteText - RouteText[id=e191155b-3232-49bd-bfe9-6bfcf78aa3cb] Created FlowFile[1845,92022113113894.mockFlowFile,23B] from FlowFile[1844,92022113113894.mockFlowFile,23B]; routing to relationship simple
[pool-3245-thread-1] INFO org.apache.nifi.processors.standard.RouteText - RouteText[id=e191155b-3232-49bd-bfe9-6bfcf78aa3cb] Routing FlowFile[1844,92022113113894.mockFlowFile,23B] to original
[main] DEBUG org.apache.nifi.processors.standard.RouteText - RouteText[id=e191155b-3232-49bd-bfe9-6bfcf78aa3cb] Adding new dynamic property: PropertyDescriptor[simple]
[pool-3246-thread-1] INFO org.apache.nifi.processors.standard.RouteText - RouteText[id=e191155b-3232-49bd-bfe9-6bfcf78aa3cb] Created FlowFile[1847,92022113618589.mockFlowFile,23B] from FlowFile[1846,92022113618589.mockFlowFile,23B]; routing to relationship simple
[pool-3246-thread-1] INFO org.apache.nifi.processors.standard.RouteText - RouteText[id=e191155b-3232-49bd-bfe9-6bfcf78aa3cb] Routing FlowFile[1846,92022113618589.mockFlowFile,23B] to original
[main] DEBUG org.apache.nifi.processors.standard.RouteText - RouteText[id=e191155b-3232-49bd-bfe9-6bfcf78aa3cb] Adding new dynamic property: PropertyDescriptor[simple]
[pool-3247-thread-1] INFO org.apache.nifi.processors.standard.RouteText - RouteText[id=e191155b-3232-49bd-bfe9-6bfcf78aa3cb] Created FlowFile[1849,92022114113850.mockFlowFile,23B] from FlowFile[1848,92022114113850.mockFlowFile,23B]; routing to relationship simple
[pool-3247-thread-1] INFO org.apache.nifi.processors.standard.RouteText - RouteText[id=e191155b-3232-49bd-bfe9-6bfcf78aa3cb] Routing FlowFile[1848,92022114113850.mockFlowFile,23B] to original
[main] DEBUG org.apache.nifi.processors.standard.RouteText - RouteText[id=e191155b-3232-49bd-bfe9-6bfcf78aa3cb] Adding new dynamic property: PropertyDescriptor[simple]
[pool-3248-thread-1] INFO org.apache.nifi.processors.standard.RouteText - RouteText[id=e191155b-3232-49bd-bfe9-6bfcf78aa3cb] Created FlowFile[1851,92022114619161.mockFlowFile,23B] from FlowFile[1850,92022114619161.mockFlowFile,23B]; routing to relationship simple
[pool-3248-thread-1] INFO org.apache.nifi.processors.standard.RouteText - RouteText[id=e191155b-3232-49bd-bfe9-6bfcf78aa3cb] Routing FlowFile[1850,92022114619161.mockFlowFile,23B] to original
[main] DEBUG org.apache.nifi.processors.standard.RouteText - RouteText[id=e191155b-3232-49bd-bfe9-6bfcf78aa3cb] Adding new dynamic property: PropertyDescriptor[simple]
[pool-3249-thread-1] INFO org.apache.nifi.processors.standard.RouteText - RouteText[id=e191155b-3232-49bd-bfe9-6bfcf78aa3cb] Created FlowFile[1853,92022115135992.mockFlowFile,23B] from FlowFile[1852,92022115135992.mockFlowFile,23B]; routing to relationship simple
[pool-3249-thread-1] INFO org.apache.nifi.processors.standard.RouteText - RouteText[id=e191155b-3232-49bd-bfe9-6bfcf78aa3cb] Routing FlowFile[1852,92022115135992.mockFlowFile,23B] to original
[main] DEBUG org.apache.nifi.processors.standard.RouteText - RouteText[id=e191155b-3232-49bd-bfe9-6bfcf78aa3cb] Adding new dynamic property: PropertyDescriptor[simple]
[pool-3250-thread-1] INFO org.apache.nifi.processors.standard.RouteText - RouteText[id=e191155b-3232-49bd-bfe9-6bfcf78aa3cb] Created FlowFile[1855,92022115604103.mockFlowFile,23B] from FlowFile[1854,92022115604103.mockFlowFile,23B]; routing to relationship simple
[pool-3250-thread-1] INFO org.apache.nifi.processors.standard.RouteText - RouteText[id=e191155b-3232-49bd-bfe9-6bfcf78aa3cb] Routing FlowFile[1854,92022115604103.mockFlowFile,23B] to original
[main] DEBUG org.apache.nifi.processors.standard.RouteText - RouteText[id=e191155b-3232-49bd-bfe9-6bfcf78aa3cb] Adding new dynamic property: PropertyDescriptor[simple]
[pool-3251-thread-1] INFO org.apache.nifi.processors.standard.RouteText - RouteText[id=e191155b-3232-49bd-bfe9-6bfcf78aa3cb] Created FlowFile[1857,92022116118478.mockFlowFile,23B] from FlowFile[1856,92022116118478.mockFlowFile,23B]; routing to relationship simple
[pool-3251-thread-1] INFO org.apache.nifi.processors.standard.RouteText - RouteText[id=e191155b-3232-49bd-bfe9-6bfcf78aa3cb] Routing FlowFile[1856,92022116118478.mockFlowFile,23B] to original
[main] DEBUG org.apache.nifi.processors.standard.RouteText - RouteText[id=e191155b-3232-49bd-bfe9-6bfcf78aa3cb] Adding new dynamic property: PropertyDescriptor[simple]
[pool-3252-thread-1] INFO org.apache.nifi.processors.standard.RouteText - RouteText[id=e191155b-3232-49bd-bfe9-6bfcf78aa3cb] Created FlowFile[1859,92022116618920.mockFlowFile,23B] from FlowFile[1858,92022116618920.mockFlowFile,23B]; routing to relationship simple
[pool-3252-thread-1] INFO org.apache.nifi.processors.standard.RouteText - RouteText[id=e191155b-3232-49bd-bfe9-6bfcf78aa3cb] Routing FlowFile[1858,92022116618920.mockFlowFile,23B] to original
[main] DEBUG org.apache.nifi.processors.standard.RouteText - RouteText[id=e191155b-3232-49bd-bfe9-6bfcf78aa3cb] Adding new dynamic property: PropertyDescriptor[simple]
[pool-3253-thread-1] INFO org.apache.nifi.processors.standard.RouteText - RouteText[id=e191155b-3232-49bd-bfe9-6bfcf78aa3cb] Created FlowFile[1861,92022117101166.mockFlowFile,23B] from FlowFile[1860,92022117101166.mockFlowFile,23B]; routing to relationship simple
[pool-3253-thread-1] INFO org.apache.nifi.processors.standard.RouteText - RouteText[id=e191155b-3232-49bd-bfe9-6bfcf78aa3cb] Routing FlowFile[1860,92022117101166.mockFlowFile,23B] to original
[main] DEBUG org.apache.nifi.processors.standard.RouteText - RouteText[id=e191155b-3232-49bd-bfe9-6bfcf78aa3cb] Adding new dynamic property: PropertyDescriptor[simple]
[pool-3254-thread-1] INFO org.apache.nifi.processors.standard.RouteText - RouteText[id=e191155b-3232-49bd-bfe9-6bfcf78aa3cb] Created FlowFile[1863,92022117586229.mockFlowFile,23B] from FlowFile[1862,92022117586229.mockFlowFile,23B]; routing to relationship simple
[pool-3254-thread-1] INFO org.apache.nifi.processors.standard.RouteText - RouteText[id=e191155b-3232-49bd-bfe9-6bfcf78aa3cb] Routing FlowFile[1862,92022117586229.mockFlowFile,23B] to original
[main] DEBUG org.apache.nifi.processors.standard.RouteText - RouteText[id=e191155b-3232-49bd-bfe9-6bfcf78aa3cb] Adding new dynamic property: PropertyDescriptor[simple]
[pool-3255-thread-1] INFO org.apache.nifi.processors.standard.RouteText - RouteText[id=e191155b-3232-49bd-bfe9-6bfcf78aa3cb] Created FlowFile[1865,92022118101352.mockFlowFile,23B] from FlowFile[1864,92022118101352.mockFlowFile,23B]; routing to relationship simple
[pool-3255-thread-1] INFO org.apache.nifi.processors.standard.RouteText - RouteText[id=e191155b-3232-49bd-bfe9-6bfcf78aa3cb] Routing FlowFile[1864,92022118101352.mockFlowFile,23B] to original
[main] DEBUG org.apache.nifi.processors.standard.RouteText - RouteText[id=e191155b-3232-49bd-bfe9-6bfcf78aa3cb] Adding new dynamic property: PropertyDescriptor[simple]
[pool-3256-thread-1] INFO org.apache.nifi.processors.standard.RouteText - RouteText[id=e191155b-3232-49bd-bfe9-6bfcf78aa3cb] Created FlowFile[1867,92022118647128.mockFlowFile,23B] from FlowFile[1866,92022118647128.mockFlowFile,23B]; routing to relationship simple
[pool-3256-thread-1] INFO org.apache.nifi.processors.standard.RouteText - RouteText[id=e191155b-3232-49bd-bfe9-6bfcf78aa3cb] Routing FlowFile[1866,92022118647128.mockFlowFile,23B] to original
[main] DEBUG org.apache.nifi.processors.standard.RouteText - RouteText[id=e191155b-3232-49bd-bfe9-6bfcf78aa3cb] Adding new dynamic property: PropertyDescriptor[simple]
[pool-3257-thread-1] INFO org.apache.nifi.processors.standard.RouteText - RouteText[id=e191155b-3232-49bd-bfe9-6bfcf78aa3cb] Created FlowFile[1869,92022119163445.mockFlowFile,23B] from FlowFile[1868,92022119163445.mockFlowFile,23B]; routing to relationship simple
[pool-3257-thread-1] INFO org.apache.nifi.processors.standard.RouteText - RouteText[id=e191155b-3232-49bd-bfe9-6bfcf78aa3cb] Routing FlowFile[1868,92022119163445.mockFlowFile,23B] to original
[main] DEBUG org.apache.nifi.processors.standard.RouteText - RouteText[id=e191155b-3232-49bd-bfe9-6bfcf78aa3cb] Adding new dynamic property: PropertyDescriptor[simple]
[pool-3258-thread-1] INFO org.apache.nifi.processors.standard.RouteText - RouteText[id=e191155b-3232-49bd-bfe9-6bfcf78aa3cb] Created FlowFile[1871,92022119658393.mockFlowFile,23B] from FlowFile[1870,92022119658393.mockFlowFile,23B]; routing to relationship simple
[pool-3258-thread-1] INFO org.apache.nifi.processors.standard.RouteText - RouteText[id=e191155b-3232-49bd-bfe9-6bfcf78aa3cb] Routing FlowFile[1870,92022119658393.mockFlowFile,23B] to original
[main] DEBUG org.apache.nifi.processors.standard.RouteText - RouteText[id=e191155b-3232-49bd-bfe9-6bfcf78aa3cb] Adding new dynamic property: PropertyDescriptor[simple]
[pool-3259-thread-1] INFO org.apache.nifi.processors.standard.RouteText - RouteText[id=e191155b-3232-49bd-bfe9-6bfcf78aa3cb] Created FlowFile[1873,92022120169388.mockFlowFile,23B] from FlowFile[1872,92022120169388.mockFlowFile,23B]; routing to relationship simple
[pool-3259-thread-1] INFO org.apache.nifi.processors.standard.RouteText - RouteText[id=e191155b-3232-49bd-bfe9-6bfcf78aa3cb] Routing FlowFile[1872,92022120169388.mockFlowFile,23B] to original
[main] DEBUG org.apache.nifi.processors.standard.RouteText - RouteText[id=e191155b-3232-49bd-bfe9-6bfcf78aa3cb] Adding new dynamic property: PropertyDescriptor[simple]
[pool-3260-thread-1] INFO org.apache.nifi.processors.standard.RouteText - RouteText[id=e191155b-3232-49bd-bfe9-6bfcf78aa3cb] Created FlowFile[1875,92022120680702.mockFlowFile,23B] from FlowFile[1874,92022120680702.mockFlowFile,23B]; routing to relationship simple
[pool-3260-thread-1] INFO org.apache.nifi.processors.standard.RouteText - RouteText[id=e191155b-3232-49bd-bfe9-6bfcf78aa3cb] Routing FlowFile[1874,92022120680702.mockFlowFile,23B] to original
[main] DEBUG org.apache.nifi.processors.standard.RouteText - RouteText[id=e191155b-3232-49bd-bfe9-6bfcf78aa3cb] Adding new dynamic property: PropertyDescriptor[simple]
[pool-3261-thread-1] INFO org.apache.nifi.processors.standard.RouteText - RouteText[id=e191155b-3232-49bd-bfe9-6bfcf78aa3cb] Created FlowFile[1877,92022121201490.mockFlowFile,23B] from FlowFile[1876,92022121201490.mockFlowFile,23B]; routing to relationship simple
[pool-3261-thread-1] INFO org.apache.nifi.processors.standard.RouteText - RouteText[id=e191155b-3232-49bd-bfe9-6bfcf78aa3cb] Routing FlowFile[1876,92022121201490.mockFlowFile,23B] to original
[main] DEBUG org.apache.nifi.processors.standard.RouteText - RouteText[id=e191155b-3232-49bd-bfe9-6bfcf78aa3cb] Adding new dynamic property: PropertyDescriptor[simple]
[pool-3262-thread-1] INFO org.apache.nifi.processors.standard.RouteText - RouteText[id=e191155b-3232-49bd-bfe9-6bfcf78aa3cb] Created FlowFile[1879,92022121702786.mockFlowFile,23B] from FlowFile[1878,92022121702786.mockFlowFile,23B]; routing to relationship simple
[pool-3262-thread-1] INFO org.apache.nifi.processors.standard.RouteText - RouteText[id=e191155b-3232-49bd-bfe9-6bfcf78aa3cb] Routing FlowFile[1878,92022121702786.mockFlowFile,23B] to original
[main] DEBUG org.apache.nifi.processors.standard.RouteText - RouteText[id=e191155b-3232-49bd-bfe9-6bfcf78aa3cb] Adding new dynamic property: PropertyDescriptor[simple]
[pool-3263-thread-1] INFO org.apache.nifi.processors.standard.RouteText - RouteText[id=e191155b-3232-49bd-bfe9-6bfcf78aa3cb] Created FlowFile[1881,92022122217918.mockFlowFile,23B] from FlowFile[1880,92022122217918.mockFlowFile,23B]; routing to relationship simple
[pool-3263-thread-1] INFO org.apache.nifi.processors.standard.RouteText - RouteText[id=e191155b-3232-49bd-bfe9-6bfcf78aa3cb] Routing FlowFile[1880,92022122217918.mockFlowFile,23B] to original
[main] DEBUG org.apache.nifi.processors.standard.RouteText - RouteText[id=e191155b-3232-49bd-bfe9-6bfcf78aa3cb] Adding new dynamic property: PropertyDescriptor[simple]
[pool-3264-thread-1] INFO org.apache.nifi.processors.standard.RouteText - RouteText[id=e191155b-3232-49bd-bfe9-6bfcf78aa3cb] Created FlowFile[1883,92022122721481.mockFlowFile,23B] from FlowFile[1882,92022122721481.mockFlowFile,23B]; routing to relationship simple
[pool-3264-thread-1] INFO org.apache.nifi.processors.standard.RouteText - RouteText[id=e191155b-3232-49bd-bfe9-6bfcf78aa3cb] Routing FlowFile[1882,92022122721481.mockFlowFile,23B] to original
[main] DEBUG org.apache.nifi.processors.standard.RouteText - RouteText[id=e191155b-3232-49bd-bfe9-6bfcf78aa3cb] Adding new dynamic property: PropertyDescriptor[simple]
[pool-3265-thread-1] INFO org.apache.nifi.processors.standard.RouteText - RouteText[id=e191155b-3232-49bd-bfe9-6bfcf78aa3cb] Created FlowFile[1885,92022123205838.mockFlowFile,23B] from FlowFile[1884,92022123205838.mockFlowFile,23B]; routing to relationship simple
[pool-3265-thread-1] INFO org.apache.nifi.processors.standard.RouteText - RouteText[id=e191155b-3232-49bd-bfe9-6bfcf78aa3cb] Routing FlowFile[1884,92022123205838.mockFlowFile,23B] to original
[main] DEBUG org.apache.nifi.processors.standard.RouteText - RouteText[id=e191155b-3232-49bd-bfe9-6bfcf78aa3cb] Adding new dynamic property: PropertyDescriptor[simple]
[pool-3266-thread-1] INFO org.apache.nifi.processors.standard.RouteText - RouteText[id=e191155b-3232-49bd-bfe9-6bfcf78aa3cb] Created FlowFile[1887,92022123727776.mockFlowFile,23B] from FlowFile[1886,92022123727776.mockFlowFile,23B]; routing to relationship simple
[pool-3266-thread-1] INFO org.apache.nifi.processors.standard.RouteText - RouteText[id=e191155b-3232-49bd-bfe9-6bfcf78aa3cb] Routing FlowFile[1886,92022123727776.mockFlowFile,23B] to original
[main] DEBUG org.apache.nifi.processors.standard.RouteText - RouteText[id=e191155b-3232-49bd-bfe9-6bfcf78aa3cb] Adding new dynamic property: PropertyDescriptor[simple]
[pool-3267-thread-1] INFO org.apache.nifi.processors.standard.RouteText - RouteText[id=e191155b-3232-49bd-bfe9-6bfcf78aa3cb] Created FlowFile[1889,92022124480361.mockFlowFile,23B] from FlowFile[1888,92022124480361.mockFlowFile,23B]; routing to relationship simple
[pool-3267-thread-1] INFO org.apache.nifi.processors.standard.RouteText - RouteText[id=e191155b-3232-49bd-bfe9-6bfcf78aa3cb] Routing FlowFile[1888,92022124480361.mockFlowFile,23B] to original
[main] DEBUG org.apache.nifi.processors.standard.RouteText - RouteText[id=e191155b-3232-49bd-bfe9-6bfcf78aa3cb] Adding new dynamic property: PropertyDescriptor[simple]
[pool-3268-thread-1] INFO org.apache.nifi.processors.standard.RouteText - RouteText[id=e191155b-3232-49bd-bfe9-6bfcf78aa3cb] Created FlowFile[1891,92022125023361.mockFlowFile,23B] from FlowFile[1890,92022125023361.mockFlowFile,23B]; routing to relationship simple
[pool-3268-thread-1] INFO org.apache.nifi.processors.standard.RouteText - RouteText[id=e191155b-3232-49bd-bfe9-6bfcf78aa3cb] Routing FlowFile[1890,92022125023361.mockFlowFile,23B] to original
[main] DEBUG org.apache.nifi.processors.standard.RouteText - RouteText[id=e191155b-3232-49bd-bfe9-6bfcf78aa3cb] Adding new dynamic property: PropertyDescriptor[simple]
[pool-3269-thread-1] INFO org.apache.nifi.processors.standard.RouteText - RouteText[id=e191155b-3232-49bd-bfe9-6bfcf78aa3cb] Created FlowFile[1893,92022125539782.mockFlowFile,23B] from FlowFile[1892,92022125539782.mockFlowFile,23B]; routing to relationship simple
[pool-3269-thread-1] INFO org.apache.nifi.processors.standard.RouteText - RouteText[id=e191155b-3232-49bd-bfe9-6bfcf78aa3cb] Routing FlowFile[1892,92022125539782.mockFlowFile,23B] to original
[main] DEBUG org.apache.nifi.processors.standard.RouteText - RouteText[id=e191155b-3232-49bd-bfe9-6bfcf78aa3cb] Adding new dynamic property: PropertyDescriptor[simple]
[pool-3270-thread-1] INFO org.apache.nifi.processors.standard.RouteText - RouteText[id=e191155b-3232-49bd-bfe9-6bfcf78aa3cb] Created FlowFile[1895,92022126113303.mockFlowFile,23B] from FlowFile[1894,92022126113303.mockFlowFile,23B]; routing to relationship simple
[pool-3270-thread-1] INFO org.apache.nifi.processors.standard.RouteText - RouteText[id=e191155b-3232-49bd-bfe9-6bfcf78aa3cb] Routing FlowFile[1894,92022126113303.mockFlowFile,23B] to original
[main] DEBUG org.apache.nifi.processors.standard.RouteText - RouteText[id=e191155b-3232-49bd-bfe9-6bfcf78aa3cb] Adding new dynamic property: PropertyDescriptor[simple]
[pool-3271-thread-1] INFO org.apache.nifi.processors.standard.RouteText - RouteText[id=e191155b-3232-49bd-bfe9-6bfcf78aa3cb] Created FlowFile[1897,92022126638586.mockFlowFile,23B] from FlowFile[1896,92022126638586.mockFlowFile,23B]; routing to relationship simple
[pool-3271-thread-1] INFO org.apache.nifi.processors.standard.RouteText - RouteText[id=e191155b-3232-49bd-bfe9-6bfcf78aa3cb] Routing FlowFile[1896,92022126638586.mockFlowFile,23B] to original
[main] DEBUG org.apache.nifi.processors.standard.RouteText - RouteText[id=e191155b-3232-49bd-bfe9-6bfcf78aa3cb] Adding new dynamic property: PropertyDescriptor[simple]
[pool-3272-thread-1] INFO org.apache.nifi.processors.standard.RouteText - RouteText[id=e191155b-3232-49bd-bfe9-6bfcf78aa3cb] Created FlowFile[1899,92022127145613.mockFlowFile,23B] from FlowFile[1898,92022127145613.mockFlowFile,23B]; routing to relationship simple
[pool-3272-thread-1] INFO org.apache.nifi.processors.standard.RouteText - RouteText[id=e191155b-3232-49bd-bfe9-6bfcf78aa3cb] Routing FlowFile[1898,92022127145613.mockFlowFile,23B] to original
[main] DEBUG org.apache.nifi.processors.standard.RouteText - RouteText[id=e191155b-3232-49bd-bfe9-6bfcf78aa3cb] Adding new dynamic property: PropertyDescriptor[simple]
[pool-3273-thread-1] INFO org.apache.nifi.processors.standard.RouteText - RouteText[id=e191155b-3232-49bd-bfe9-6bfcf78aa3cb] Created FlowFile[1901,92022127604153.mockFlowFile,23B] from FlowFile[1900,92022127604153.mockFlowFile,23B]; routing to relationship simple
[pool-3273-thread-1] INFO org.apache.nifi.processors.standard.RouteText - RouteText[id=e191155b-3232-49bd-bfe9-6bfcf78aa3cb] Routing FlowFile[1900,92022127604153.mockFlowFile,23B] to original
[main] DEBUG org.apache.nifi.processors.standard.RouteText - RouteText[id=e191155b-3232-49bd-bfe9-6bfcf78aa3cb] Adding new dynamic property: PropertyDescriptor[simple]
[pool-3274-thread-1] INFO org.apache.nifi.processors.standard.RouteText - RouteText[id=e191155b-3232-49bd-bfe9-6bfcf78aa3cb] Created FlowFile[1903,92022128102053.mockFlowFile,23B] from FlowFile[1902,92022128102053.mockFlowFile,23B]; routing to relationship simple
[pool-3274-thread-1] INFO org.apache.nifi.processors.standard.RouteText - RouteText[id=e191155b-3232-49bd-bfe9-6bfcf78aa3cb] Routing FlowFile[1902,92022128102053.mockFlowFile,23B] to original
[main] DEBUG org.apache.nifi.processors.standard.RouteText - RouteText[id=e191155b-3232-49bd-bfe9-6bfcf78aa3cb] Adding new dynamic property: PropertyDescriptor[simple]
[pool-3275-thread-1] INFO org.apache.nifi.processors.standard.RouteText - RouteText[id=e191155b-3232-49bd-bfe9-6bfcf78aa3cb] Created FlowFile[1905,92022128716733.mockFlowFile,23B] from FlowFile[1904,92022128716733.mockFlowFile,23B]; routing to relationship simple
[pool-3275-thread-1] INFO org.apache.nifi.processors.standard.RouteText - RouteText[id=e191155b-3232-49bd-bfe9-6bfcf78aa3cb] Routing FlowFile[1904,92022128716733.mockFlowFile,23B] to original
[main] DEBUG org.apache.nifi.processors.standard.RouteText - RouteText[id=e191155b-3232-49bd-bfe9-6bfcf78aa3cb] Adding new dynamic property: PropertyDescriptor[simple]
[pool-3276-thread-1] INFO org.apache.nifi.processors.standard.RouteText - RouteText[id=e191155b-3232-49bd-bfe9-6bfcf78aa3cb] Created FlowFile[1907,92022129209576.mockFlowFile,23B] from FlowFile[1906,92022129209576.mockFlowFile,23B]; routing to relationship simple
[pool-3276-thread-1] INFO org.apache.nifi.processors.standard.RouteText - RouteText[id=e191155b-3232-49bd-bfe9-6bfcf78aa3cb] Routing FlowFile[1906,92022129209576.mockFlowFile,23B] to original
[main] DEBUG org.apache.nifi.processors.standard.RouteText - RouteText[id=e191155b-3232-49bd-bfe9-6bfcf78aa3cb] Adding new dynamic property: PropertyDescriptor[simple]
[pool-3277-thread-1] INFO org.apache.nifi.processors.standard.RouteText - RouteText[id=e191155b-3232-49bd-bfe9-6bfcf78aa3cb] Created FlowFile[1909,92022129717416.mockFlowFile,23B] from FlowFile[1908,92022129717416.mockFlowFile,23B]; routing to relationship simple
[pool-3277-thread-1] INFO org.apache.nifi.processors.standard.RouteText - RouteText[id=e191155b-3232-49bd-bfe9-6bfcf78aa3cb] Routing FlowFile[1908,92022129717416.mockFlowFile,23B] to original
[main] DEBUG org.apache.nifi.processors.standard.RouteText - RouteText[id=e191155b-3232-49bd-bfe9-6bfcf78aa3cb] Adding new dynamic property: PropertyDescriptor[simple]
[pool-3278-thread-1] INFO org.apache.nifi.processors.standard.RouteText - RouteText[id=e191155b-3232-49bd-bfe9-6bfcf78aa3cb] Created FlowFile[1911,92022130220657.mockFlowFile,23B] from FlowFile[1910,92022130220657.mockFlowFile,23B]; routing to relationship simple
[pool-3278-thread-1] INFO org.apache.nifi.processors.standard.RouteText - RouteText[id=e191155b-3232-49bd-bfe9-6bfcf78aa3cb] Routing FlowFile[1910,92022130220657.mockFlowFile,23B] to original
[main] DEBUG org.apache.nifi.processors.standard.RouteText - RouteText[id=e191155b-3232-49bd-bfe9-6bfcf78aa3cb] Adding new dynamic property: PropertyDescriptor[simple]
[pool-3279-thread-1] INFO org.apache.nifi.processors.standard.RouteText - RouteText[id=e191155b-3232-49bd-bfe9-6bfcf78aa3cb] Created FlowFile[1913,92022130709530.mockFlowFile,23B] from FlowFile[1912,92022130709530.mockFlowFile,23B]; routing to relationship simple
[pool-3279-thread-1] INFO org.apache.nifi.processors.standard.RouteText - RouteText[id=e191155b-3232-49bd-bfe9-6bfcf78aa3cb] Routing FlowFile[1912,92022130709530.mockFlowFile,23B] to original
[main] DEBUG org.apache.nifi.processors.standard.RouteText - RouteText[id=e191155b-3232-49bd-bfe9-6bfcf78aa3cb] Adding new dynamic property: PropertyDescriptor[simple]
[pool-3280-thread-1] INFO org.apache.nifi.processors.standard.RouteText - RouteText[id=e191155b-3232-49bd-bfe9-6bfcf78aa3cb] Created FlowFile[1915,92022131204837.mockFlowFile,23B] from FlowFile[1914,92022131204837.mockFlowFile,23B]; routing to relationship simple
[pool-3280-thread-1] INFO org.apache.nifi.processors.standard.RouteText - RouteText[id=e191155b-3232-49bd-bfe9-6bfcf78aa3cb] Routing FlowFile[1914,92022131204837.mockFlowFile,23B] to original
[main] DEBUG org.apache.nifi.processors.standard.RouteText - RouteText[id=e191155b-3232-49bd-bfe9-6bfcf78aa3cb] Adding new dynamic property: PropertyDescriptor[simple]
[pool-3281-thread-1] INFO org.apache.nifi.processors.standard.RouteText - RouteText[id=e191155b-3232-49bd-bfe9-6bfcf78aa3cb] Created FlowFile[1917,92022131735708.mockFlowFile,23B] from FlowFile[1916,92022131735708.mockFlowFile,23B]; routing to relationship simple
[pool-3281-thread-1] INFO org.apache.nifi.processors.standard.RouteText - RouteText[id=e191155b-3232-49bd-bfe9-6bfcf78aa3cb] Routing FlowFile[1916,92022131735708.mockFlowFile,23B] to original
[main] DEBUG org.apache.nifi.processors.standard.RouteText - RouteText[id=e191155b-3232-49bd-bfe9-6bfcf78aa3cb] Adding new dynamic property: PropertyDescriptor[simple]
[pool-3282-thread-1] INFO org.apache.nifi.processors.standard.RouteText - RouteText[id=e191155b-3232-49bd-bfe9-6bfcf78aa3cb] Created FlowFile[1919,92022132379378.mockFlowFile,23B] from FlowFile[1918,92022132379378.mockFlowFile,23B]; routing to relationship simple
[pool-3282-thread-1] INFO org.apache.nifi.processors.standard.RouteText - RouteText[id=e191155b-3232-49bd-bfe9-6bfcf78aa3cb] Routing FlowFile[1918,92022132379378.mockFlowFile,23B] to original
[main] DEBUG org.apache.nifi.processors.standard.RouteText - RouteText[id=e191155b-3232-49bd-bfe9-6bfcf78aa3cb] Adding new dynamic property: PropertyDescriptor[simple]
[pool-3283-thread-1] INFO org.apache.nifi.processors.standard.RouteText - RouteText[id=e191155b-3232-49bd-bfe9-6bfcf78aa3cb] Created FlowFile[1921,92022132884443.mockFlowFile,23B] from FlowFile[1920,92022132884443.mockFlowFile,23B]; routing to relationship simple
[pool-3283-thread-1] INFO org.apache.nifi.processors.standard.RouteText - RouteText[id=e191155b-3232-49bd-bfe9-6bfcf78aa3cb] Routing FlowFile[1920,92022132884443.mockFlowFile,23B] to original
[main] DEBUG org.apache.nifi.processors.standard.RouteText - RouteText[id=e191155b-3232-49bd-bfe9-6bfcf78aa3cb] Adding new dynamic property: PropertyDescriptor[simple]
[pool-3284-thread-1] INFO org.apache.nifi.processors.standard.RouteText - RouteText[id=e191155b-3232-49bd-bfe9-6bfcf78aa3cb] Created FlowFile[1923,92022133368098.mockFlowFile,23B] from FlowFile[1922,92022133368098.mockFlowFile,23B]; routing to relationship simple
[pool-3284-thread-1] INFO org.apache.nifi.processors.standard.RouteText - RouteText[id=e191155b-3232-49bd-bfe9-6bfcf78aa3cb] Routing FlowFile[1922,92022133368098.mockFlowFile,23B] to original
[main] DEBUG org.apache.nifi.processors.standard.RouteText - RouteText[id=e191155b-3232-49bd-bfe9-6bfcf78aa3cb] Adding new dynamic property: PropertyDescriptor[simple]
[pool-3285-thread-1] INFO org.apache.nifi.processors.standard.RouteText - RouteText[id=e191155b-3232-49bd-bfe9-6bfcf78aa3cb] Created FlowFile[1925,92022133848260.mockFlowFile,23B] from FlowFile[1924,92022133848260.mockFlowFile,23B]; routing to relationship simple
[pool-3285-thread-1] INFO org.apache.nifi.processors.standard.RouteText - RouteText[id=e191155b-3232-49bd-bfe9-6bfcf78aa3cb] Routing FlowFile[1924,92022133848260.mockFlowFile,23B] to original
[main] DEBUG org.apache.nifi.processors.standard.RouteText - RouteText[id=e191155b-3232-49bd-bfe9-6bfcf78aa3cb] Adding new dynamic property: PropertyDescriptor[simple]
[pool-3286-thread-1] INFO org.apache.nifi.processors.standard.RouteText - RouteText[id=e191155b-3232-49bd-bfe9-6bfcf78aa3cb] Created FlowFile[1927,92022134321106.mockFlowFile,23B] from FlowFile[1926,92022134321106.mockFlowFile,23B]; routing to relationship simple
[pool-3286-thread-1] INFO org.apache.nifi.processors.standard.RouteText - RouteText[id=e191155b-3232-49bd-bfe9-6bfcf78aa3cb] Routing FlowFile[1926,92022134321106.mockFlowFile,23B] to original
[main] DEBUG org.apache.nifi.processors.standard.RouteText - RouteText[id=e191155b-3232-49bd-bfe9-6bfcf78aa3cb] Adding new dynamic property: PropertyDescriptor[simple]
[pool-3287-thread-1] INFO org.apache.nifi.processors.standard.RouteText - RouteText[id=e191155b-3232-49bd-bfe9-6bfcf78aa3cb] Created FlowFile[1929,92022134787718.mockFlowFile,23B] from FlowFile[1928,92022134787718.mockFlowFile,23B]; routing to relationship simple
[pool-3287-thread-1] INFO org.apache.nifi.processors.standard.RouteText - RouteText[id=e191155b-3232-49bd-bfe9-6bfcf78aa3cb] Routing FlowFile[1928,92022134787718.mockFlowFile,23B] to original
[main] DEBUG org.apache.nifi.processors.standard.RouteText - RouteText[id=e191155b-3232-49bd-bfe9-6bfcf78aa3cb] Adding new dynamic property: PropertyDescriptor[simple]
[pool-3288-thread-1] INFO org.apache.nifi.processors.standard.RouteText - RouteText[id=e191155b-3232-49bd-bfe9-6bfcf78aa3cb] Created FlowFile[1931,92022135257758.mockFlowFile,23B] from FlowFile[1930,92022135257758.mockFlowFile,23B]; routing to relationship simple
[pool-3288-thread-1] INFO org.apache.nifi.processors.standard.RouteText - RouteText[id=e191155b-3232-49bd-bfe9-6bfcf78aa3cb] Routing FlowFile[1930,92022135257758.mockFlowFile,23B] to original
[main] DEBUG org.apache.nifi.processors.standard.RouteText - RouteText[id=e191155b-3232-49bd-bfe9-6bfcf78aa3cb] Adding new dynamic property: PropertyDescriptor[simple]
[pool-3289-thread-1] INFO org.apache.nifi.processors.standard.RouteText - RouteText[id=e191155b-3232-49bd-bfe9-6bfcf78aa3cb] Created FlowFile[1933,92022135727384.mockFlowFile,23B] from FlowFile[1932,92022135727384.mockFlowFile,23B]; routing to relationship simple
[pool-3289-thread-1] INFO org.apache.nifi.processors.standard.RouteText - RouteText[id=e191155b-3232-49bd-bfe9-6bfcf78aa3cb] Routing FlowFile[1932,92022135727384.mockFlowFile,23B] to original
[main] DEBUG org.apache.nifi.processors.standard.RouteText - RouteText[id=e191155b-3232-49bd-bfe9-6bfcf78aa3cb] Adding new dynamic property: PropertyDescriptor[simple]
[pool-3290-thread-1] INFO org.apache.nifi.processors.standard.RouteText - RouteText[id=e191155b-3232-49bd-bfe9-6bfcf78aa3cb] Created FlowFile[1935,92022136211212.mockFlowFile,23B] from FlowFile[1934,92022136211212.mockFlowFile,23B]; routing to relationship simple
[pool-3290-thread-1] INFO org.apache.nifi.processors.standard.RouteText - RouteText[id=e191155b-3232-49bd-bfe9-6bfcf78aa3cb] Routing FlowFile[1934,92022136211212.mockFlowFile,23B] to original
[main] DEBUG org.apache.nifi.processors.standard.RouteText - RouteText[id=e191155b-3232-49bd-bfe9-6bfcf78aa3cb] Adding new dynamic property: PropertyDescriptor[simple]
[pool-3291-thread-1] INFO org.apache.nifi.processors.standard.RouteText - RouteText[id=e191155b-3232-49bd-bfe9-6bfcf78aa3cb] Created FlowFile[1937,92022136670335.mockFlowFile,23B] from FlowFile[1936,92022136670335.mockFlowFile,23B]; routing to relationship simple
[pool-3291-thread-1] INFO org.apache.nifi.processors.standard.RouteText - RouteText[id=e191155b-3232-49bd-bfe9-6bfcf78aa3cb] Routing FlowFile[1936,92022136670335.mockFlowFile,23B] to original
[main] DEBUG org.apache.nifi.processors.standard.RouteText - RouteText[id=e191155b-3232-49bd-bfe9-6bfcf78aa3cb] Adding new dynamic property: PropertyDescriptor[simple]
[pool-3292-thread-1] INFO org.apache.nifi.processors.standard.RouteText - RouteText[id=e191155b-3232-49bd-bfe9-6bfcf78aa3cb] Created FlowFile[1939,92022137158844.mockFlowFile,23B] from FlowFile[1938,92022137158844.mockFlowFile,23B]; routing to relationship simple
[pool-3292-thread-1] INFO org.apache.nifi.processors.standard.RouteText - RouteText[id=e191155b-3232-49bd-bfe9-6bfcf78aa3cb] Routing FlowFile[1938,92022137158844.mockFlowFile,23B] to original
[main] DEBUG org.apache.nifi.processors.standard.RouteText - RouteText[id=e191155b-3232-49bd-bfe9-6bfcf78aa3cb] Adding new dynamic property: PropertyDescriptor[simple]
[pool-3293-thread-1] INFO org.apache.nifi.processors.standard.RouteText - RouteText[id=e191155b-3232-49bd-bfe9-6bfcf78aa3cb] Created FlowFile[1941,92022137642889.mockFlowFile,23B] from FlowFile[1940,92022137642889.mockFlowFile,23B]; routing to relationship simple
[pool-3293-thread-1] INFO org.apache.nifi.processors.standard.RouteText - RouteText[id=e191155b-3232-49bd-bfe9-6bfcf78aa3cb] Routing FlowFile[1940,92022137642889.mockFlowFile,23B] to original
[main] DEBUG org.apache.nifi.processors.standard.RouteText - RouteText[id=e191155b-3232-49bd-bfe9-6bfcf78aa3cb] Adding new dynamic property: PropertyDescriptor[simple]
[pool-3294-thread-1] INFO org.apache.nifi.processors.standard.RouteText - RouteText[id=e191155b-3232-49bd-bfe9-6bfcf78aa3cb] Created FlowFile[1943,92022138127062.mockFlowFile,23B] from FlowFile[1942,92022138127062.mockFlowFile,23B]; routing to relationship simple
[pool-3294-thread-1] INFO org.apache.nifi.processors.standard.RouteText - RouteText[id=e191155b-3232-49bd-bfe9-6bfcf78aa3cb] Routing FlowFile[1942,92022138127062.mockFlowFile,23B] to original
[main] DEBUG org.apache.nifi.processors.standard.RouteText - RouteText[id=e191155b-3232-49bd-bfe9-6bfcf78aa3cb] Adding new dynamic property: PropertyDescriptor[simple]
[pool-3295-thread-1] INFO org.apache.nifi.processors.standard.RouteText - RouteText[id=e191155b-3232-49bd-bfe9-6bfcf78aa3cb] Created FlowFile[1945,92022138599500.mockFlowFile,23B] from FlowFile[1944,92022138599500.mockFlowFile,23B]; routing to relationship simple
[pool-3295-thread-1] INFO org.apache.nifi.processors.standard.RouteText - RouteText[id=e191155b-3232-49bd-bfe9-6bfcf78aa3cb] Routing FlowFile[1944,92022138599500.mockFlowFile,23B] to original
[main] DEBUG org.apache.nifi.processors.standard.RouteText - RouteText[id=e191155b-3232-49bd-bfe9-6bfcf78aa3cb] Adding new dynamic property: PropertyDescriptor[simple]
[pool-3296-thread-1] INFO org.apache.nifi.processors.standard.RouteText - RouteText[id=e191155b-3232-49bd-bfe9-6bfcf78aa3cb] Created FlowFile[1947,92022139088177.mockFlowFile,23B] from FlowFile[1946,92022139088177.mockFlowFile,23B]; routing to relationship simple
[pool-3296-thread-1] INFO org.apache.nifi.processors.standard.RouteText - RouteText[id=e191155b-3232-49bd-bfe9-6bfcf78aa3cb] Routing FlowFile[1946,92022139088177.mockFlowFile,23B] to original
[main] DEBUG org.apache.nifi.processors.standard.RouteText - RouteText[id=e191155b-3232-49bd-bfe9-6bfcf78aa3cb] Adding new dynamic property: PropertyDescriptor[simple]
[pool-3297-thread-1] INFO org.apache.nifi.processors.standard.RouteText - RouteText[id=e191155b-3232-49bd-bfe9-6bfcf78aa3cb] Created FlowFile[1949,92022139534267.mockFlowFile,23B] from FlowFile[1948,92022139534267.mockFlowFile,23B]; routing to relationship simple
[pool-3297-thread-1] INFO org.apache.nifi.processors.standard.RouteText - RouteText[id=e191155b-3232-49bd-bfe9-6bfcf78aa3cb] Routing FlowFile[1948,92022139534267.mockFlowFile,23B] to original
[main] DEBUG org.apache.nifi.processors.standard.RouteText - RouteText[id=e191155b-3232-49bd-bfe9-6bfcf78aa3cb] Adding new dynamic property: PropertyDescriptor[simple]
[pool-3298-thread-1] INFO org.apache.nifi.processors.standard.RouteText - RouteText[id=e191155b-3232-49bd-bfe9-6bfcf78aa3cb] Created FlowFile[1951,92022139979372.mockFlowFile,23B] from FlowFile[1950,92022139979372.mockFlowFile,23B]; routing to relationship simple
[pool-3298-thread-1] INFO org.apache.nifi.processors.standard.RouteText - RouteText[id=e191155b-3232-49bd-bfe9-6bfcf78aa3cb] Routing FlowFile[1950,92022139979372.mockFlowFile,23B] to original
[main] DEBUG org.apache.nifi.processors.standard.RouteText - RouteText[id=e191155b-3232-49bd-bfe9-6bfcf78aa3cb] Adding new dynamic property: PropertyDescriptor[simple]
[pool-3299-thread-1] INFO org.apache.nifi.processors.standard.RouteText - RouteText[id=e191155b-3232-49bd-bfe9-6bfcf78aa3cb] Created FlowFile[1953,92022140578965.mockFlowFile,23B] from FlowFile[1952,92022140578965.mockFlowFile,23B]; routing to relationship simple
[pool-3299-thread-1] INFO org.apache.nifi.processors.standard.RouteText - RouteText[id=e191155b-3232-49bd-bfe9-6bfcf78aa3cb] Routing FlowFile[1952,92022140578965.mockFlowFile,23B] to original
[main] DEBUG org.apache.nifi.processors.standard.RouteText - RouteText[id=e191155b-3232-49bd-bfe9-6bfcf78aa3cb] Adding new dynamic property: PropertyDescriptor[simple]
[pool-3300-thread-1] INFO org.apache.nifi.processors.standard.RouteText - RouteText[id=e191155b-3232-49bd-bfe9-6bfcf78aa3cb] Created FlowFile[1955,92022141052469.mockFlowFile,23B] from FlowFile[1954,92022141052469.mockFlowFile,23B]; routing to relationship simple
[pool-3300-thread-1] INFO org.apache.nifi.processors.standard.RouteText - RouteText[id=e191155b-3232-49bd-bfe9-6bfcf78aa3cb] Routing FlowFile[1954,92022141052469.mockFlowFile,23B] to original
[main] DEBUG org.apache.nifi.processors.standard.RouteText - RouteText[id=e191155b-3232-49bd-bfe9-6bfcf78aa3cb] Adding new dynamic property: PropertyDescriptor[simple]
[pool-3301-thread-1] INFO org.apache.nifi.processors.standard.RouteText - RouteText[id=e191155b-3232-49bd-bfe9-6bfcf78aa3cb] Created FlowFile[1957,92022141607031.mockFlowFile,23B] from FlowFile[1956,92022141607031.mockFlowFile,23B]; routing to relationship simple
[pool-3301-thread-1] INFO org.apache.nifi.processors.standard.RouteText - RouteText[id=e191155b-3232-49bd-bfe9-6bfcf78aa3cb] Routing FlowFile[1956,92022141607031.mockFlowFile,23B] to original
[main] DEBUG org.apache.nifi.processors.standard.RouteText - RouteText[id=e191155b-3232-49bd-bfe9-6bfcf78aa3cb] Adding new dynamic property: PropertyDescriptor[simple]
[pool-3302-thread-1] INFO org.apache.nifi.processors.standard.RouteText - RouteText[id=e191155b-3232-49bd-bfe9-6bfcf78aa3cb] Created FlowFile[1959,92022142081702.mockFlowFile,23B] from FlowFile[1958,92022142081702.mockFlowFile,23B]; routing to relationship simple
[pool-3302-thread-1] INFO org.apache.nifi.processors.standard.RouteText - RouteText[id=e191155b-3232-49bd-bfe9-6bfcf78aa3cb] Routing FlowFile[1958,92022142081702.mockFlowFile,23B] to original
[main] DEBUG org.apache.nifi.processors.standard.RouteText - RouteText[id=e191155b-3232-49bd-bfe9-6bfcf78aa3cb] Adding new dynamic property: PropertyDescriptor[simple]
[pool-3303-thread-1] INFO org.apache.nifi.processors.standard.RouteText - RouteText[id=e191155b-3232-49bd-bfe9-6bfcf78aa3cb] Created FlowFile[1961,92022142474486.mockFlowFile,23B] from FlowFile[1960,92022142474486.mockFlowFile,23B]; routing to relationship simple
[pool-3303-thread-1] INFO org.apache.nifi.processors.standard.RouteText - RouteText[id=e191155b-3232-49bd-bfe9-6bfcf78aa3cb] Routing FlowFile[1960,92022142474486.mockFlowFile,23B] to original
[main] DEBUG org.apache.nifi.processors.standard.RouteText - RouteText[id=e191155b-3232-49bd-bfe9-6bfcf78aa3cb] Adding new dynamic property: PropertyDescriptor[simple]
[pool-3304-thread-1] INFO org.apache.nifi.processors.standard.RouteText - RouteText[id=e191155b-3232-49bd-bfe9-6bfcf78aa3cb] Created FlowFile[1963,92022142857080.mockFlowFile,23B] from FlowFile[1962,92022142857080.mockFlowFile,23B]; routing to relationship simple
[pool-3304-thread-1] INFO org.apache.nifi.processors.standard.RouteText - RouteText[id=e191155b-3232-49bd-bfe9-6bfcf78aa3cb] Routing FlowFile[1962,92022142857080.mockFlowFile,23B] to original
[main] DEBUG org.apache.nifi.processors.standard.RouteText - RouteText[id=e191155b-3232-49bd-bfe9-6bfcf78aa3cb] Adding new dynamic property: PropertyDescriptor[simple]
[pool-3305-thread-1] INFO org.apache.nifi.processors.standard.RouteText - RouteText[id=e191155b-3232-49bd-bfe9-6bfcf78aa3cb] Created FlowFile[1965,92022143292704.mockFlowFile,23B] from FlowFile[1964,92022143292704.mockFlowFile,23B]; routing to relationship simple
[pool-3305-thread-1] INFO org.apache.nifi.processors.standard.RouteText - RouteText[id=e191155b-3232-49bd-bfe9-6bfcf78aa3cb] Routing FlowFile[1964,92022143292704.mockFlowFile,23B] to original
[main] DEBUG org.apache.nifi.processors.standard.RouteText - RouteText[id=e191155b-3232-49bd-bfe9-6bfcf78aa3cb] Adding new dynamic property: PropertyDescriptor[simple]
[pool-3306-thread-1] INFO org.apache.nifi.processors.standard.RouteText - RouteText[id=e191155b-3232-49bd-bfe9-6bfcf78aa3cb] Created FlowFile[1967,92022143772665.mockFlowFile,23B] from FlowFile[1966,92022143772665.mockFlowFile,23B]; routing to relationship simple
[pool-3306-thread-1] INFO org.apache.nifi.processors.standard.RouteText - RouteText[id=e191155b-3232-49bd-bfe9-6bfcf78aa3cb] Routing FlowFile[1966,92022143772665.mockFlowFile,23B] to original
[main] DEBUG org.apache.nifi.processors.standard.RouteText - RouteText[id=e191155b-3232-49bd-bfe9-6bfcf78aa3cb] Adding new dynamic property: PropertyDescriptor[simple]
[pool-3307-thread-1] INFO org.apache.nifi.processors.standard.RouteText - RouteText[id=e191155b-3232-49bd-bfe9-6bfcf78aa3cb] Created FlowFile[1969,92022144176493.mockFlowFile,23B] from FlowFile[1968,92022144176493.mockFlowFile,23B]; routing to relationship simple
[pool-3307-thread-1] INFO org.apache.nifi.processors.standard.RouteText - RouteText[id=e191155b-3232-49bd-bfe9-6bfcf78aa3cb] Routing FlowFile[1968,92022144176493.mockFlowFile,23B] to original
[main] DEBUG org.apache.nifi.processors.standard.RouteText - RouteText[id=e191155b-3232-49bd-bfe9-6bfcf78aa3cb] Adding new dynamic property: PropertyDescriptor[simple]
[pool-3308-thread-1] INFO org.apache.nifi.processors.standard.RouteText - RouteText[id=e191155b-3232-49bd-bfe9-6bfcf78aa3cb] Created FlowFile[1971,92022144643350.mockFlowFile,23B] from FlowFile[1970,92022144643350.mockFlowFile,23B]; routing to relationship simple
[pool-3308-thread-1] INFO org.apache.nifi.processors.standard.RouteText - RouteText[id=e191155b-3232-49bd-bfe9-6bfcf78aa3cb] Routing FlowFile[1970,92022144643350.mockFlowFile,23B] to original
[main] DEBUG org.apache.nifi.processors.standard.RouteText - RouteText[id=e191155b-3232-49bd-bfe9-6bfcf78aa3cb] Adding new dynamic property: PropertyDescriptor[simple]
[pool-3309-thread-1] INFO org.apache.nifi.processors.standard.RouteText - RouteText[id=e191155b-3232-49bd-bfe9-6bfcf78aa3cb] Created FlowFile[1973,92022145096536.mockFlowFile,23B] from FlowFile[1972,92022145096536.mockFlowFile,23B]; routing to relationship simple
[pool-3309-thread-1] INFO org.apache.nifi.processors.standard.RouteText - RouteText[id=e191155b-3232-49bd-bfe9-6bfcf78aa3cb] Routing FlowFile[1972,92022145096536.mockFlowFile,23B] to original
[main] DEBUG org.apache.nifi.processors.standard.RouteText - RouteText[id=e191155b-3232-49bd-bfe9-6bfcf78aa3cb] Adding new dynamic property: PropertyDescriptor[simple]
[pool-3310-thread-1] INFO org.apache.nifi.processors.standard.RouteText - RouteText[id=e191155b-3232-49bd-bfe9-6bfcf78aa3cb] Created FlowFile[1975,92022145551574.mockFlowFile,23B] from FlowFile[1974,92022145551574.mockFlowFile,23B]; routing to relationship simple
[pool-3310-thread-1] INFO org.apache.nifi.processors.standard.RouteText - RouteText[id=e191155b-3232-49bd-bfe9-6bfcf78aa3cb] Routing FlowFile[1974,92022145551574.mockFlowFile,23B] to original
[main] DEBUG org.apache.nifi.processors.standard.RouteText - RouteText[id=e191155b-3232-49bd-bfe9-6bfcf78aa3cb] Adding new dynamic property: PropertyDescriptor[simple]
[pool-3311-thread-1] INFO org.apache.nifi.processors.standard.RouteText - RouteText[id=e191155b-3232-49bd-bfe9-6bfcf78aa3cb] Created FlowFile[1977,92022145912305.mockFlowFile,23B] from FlowFile[1976,92022145912305.mockFlowFile,23B]; routing to relationship simple
[pool-3311-thread-1] INFO org.apache.nifi.processors.standard.RouteText - RouteText[id=e191155b-3232-49bd-bfe9-6bfcf78aa3cb] Routing FlowFile[1976,92022145912305.mockFlowFile,23B] to original
[main] DEBUG org.apache.nifi.processors.standard.RouteText - RouteText[id=e191155b-3232-49bd-bfe9-6bfcf78aa3cb] Adding new dynamic property: PropertyDescriptor[simple]
[pool-3312-thread-1] INFO org.apache.nifi.processors.standard.RouteText - RouteText[id=e191155b-3232-49bd-bfe9-6bfcf78aa3cb] Created FlowFile[1979,92022146291910.mockFlowFile,23B] from FlowFile[1978,92022146291910.mockFlowFile,23B]; routing to relationship simple
[pool-3312-thread-1] INFO org.apache.nifi.processors.standard.RouteText - RouteText[id=e191155b-3232-49bd-bfe9-6bfcf78aa3cb] Routing FlowFile[1978,92022146291910.mockFlowFile,23B] to original
[main] DEBUG org.apache.nifi.processors.standard.RouteText - RouteText[id=e191155b-3232-49bd-bfe9-6bfcf78aa3cb] Adding new dynamic property: PropertyDescriptor[simple]
[pool-3313-thread-1] INFO org.apache.nifi.processors.standard.RouteText - RouteText[id=e191155b-3232-49bd-bfe9-6bfcf78aa3cb] Created FlowFile[1981,92022146648897.mockFlowFile,23B] from FlowFile[1980,92022146648897.mockFlowFile,23B]; routing to relationship simple
[pool-3313-thread-1] INFO org.apache.nifi.processors.standard.RouteText - RouteText[id=e191155b-3232-49bd-bfe9-6bfcf78aa3cb] Routing FlowFile[1980,92022146648897.mockFlowFile,23B] to original
[main] DEBUG org.apache.nifi.processors.standard.RouteText - RouteText[id=e191155b-3232-49bd-bfe9-6bfcf78aa3cb] Adding new dynamic property: PropertyDescriptor[simple]
[pool-3314-thread-1] INFO org.apache.nifi.processors.standard.RouteText - RouteText[id=e191155b-3232-49bd-bfe9-6bfcf78aa3cb] Created FlowFile[1983,92022146984722.mockFlowFile,23B] from FlowFile[1982,92022146984722.mockFlowFile,23B]; routing to relationship simple
[pool-3314-thread-1] INFO org.apache.nifi.processors.standard.RouteText - RouteText[id=e191155b-3232-49bd-bfe9-6bfcf78aa3cb] Routing FlowFile[1982,92022146984722.mockFlowFile,23B] to original
[main] DEBUG org.apache.nifi.processors.standard.RouteText - RouteText[id=e191155b-3232-49bd-bfe9-6bfcf78aa3cb] Adding new dynamic property: PropertyDescriptor[simple]
[pool-3315-thread-1] INFO org.apache.nifi.processors.standard.RouteText - RouteText[id=e191155b-3232-49bd-bfe9-6bfcf78aa3cb] Created FlowFile[1985,92022147448285.mockFlowFile,23B] from FlowFile[1984,92022147448285.mockFlowFile,23B]; routing to relationship simple
[pool-3315-thread-1] INFO org.apache.nifi.processors.standard.RouteText - RouteText[id=e191155b-3232-49bd-bfe9-6bfcf78aa3cb] Routing FlowFile[1984,92022147448285.mockFlowFile,23B] to original
[main] DEBUG org.apache.nifi.processors.standard.RouteText - RouteText[id=e191155b-3232-49bd-bfe9-6bfcf78aa3cb] Adding new dynamic property: PropertyDescriptor[simple]
[pool-3316-thread-1] INFO org.apache.nifi.processors.standard.RouteText - RouteText[id=e191155b-3232-49bd-bfe9-6bfcf78aa3cb] Created FlowFile[1987,92022147878673.mockFlowFile,23B] from FlowFile[1986,92022147878673.mockFlowFile,23B]; routing to relationship simple
[pool-3316-thread-1] INFO org.apache.nifi.processors.standard.RouteText - RouteText[id=e191155b-3232-49bd-bfe9-6bfcf78aa3cb] Routing FlowFile[1986,92022147878673.mockFlowFile,23B] to original
[main] DEBUG org.apache.nifi.processors.standard.RouteText - RouteText[id=e191155b-3232-49bd-bfe9-6bfcf78aa3cb] Adding new dynamic property: PropertyDescriptor[simple]
[pool-3317-thread-1] INFO org.apache.nifi.processors.standard.RouteText - RouteText[id=e191155b-3232-49bd-bfe9-6bfcf78aa3cb] Created FlowFile[1989,92022149735379.mockFlowFile,23B] from FlowFile[1988,92022149735379.mockFlowFile,23B]; routing to relationship simple
[pool-3317-thread-1] INFO org.apache.nifi.processors.standard.RouteText - RouteText[id=e191155b-3232-49bd-bfe9-6bfcf78aa3cb] Routing FlowFile[1988,92022149735379.mockFlowFile,23B] to original
[main] DEBUG org.apache.nifi.processors.standard.RouteText - RouteText[id=e191155b-3232-49bd-bfe9-6bfcf78aa3cb] Adding new dynamic property: PropertyDescriptor[simple]
[pool-3318-thread-1] INFO org.apache.nifi.processors.standard.RouteText - RouteText[id=e191155b-3232-49bd-bfe9-6bfcf78aa3cb] Created FlowFile[1991,92022150322691.mockFlowFile,23B] from FlowFile[1990,92022150322691.mockFlowFile,23B]; routing to relationship simple
[pool-3318-thread-1] INFO org.apache.nifi.processors.standard.RouteText - RouteText[id=e191155b-3232-49bd-bfe9-6bfcf78aa3cb] Routing FlowFile[1990,92022150322691.mockFlowFile,23B] to original
[main] DEBUG org.apache.nifi.processors.standard.RouteText - RouteText[id=e191155b-3232-49bd-bfe9-6bfcf78aa3cb] Adding new dynamic property: PropertyDescriptor[simple]
[pool-3319-thread-1] INFO org.apache.nifi.processors.standard.RouteText - RouteText[id=e191155b-3232-49bd-bfe9-6bfcf78aa3cb] Created FlowFile[1993,92022150689455.mockFlowFile,23B] from FlowFile[1992,92022150689455.mockFlowFile,23B]; routing to relationship simple
[pool-3319-thread-1] INFO org.apache.nifi.processors.standard.RouteText - RouteText[id=e191155b-3232-49bd-bfe9-6bfcf78aa3cb] Routing FlowFile[1992,92022150689455.mockFlowFile,23B] to original
[main] DEBUG org.apache.nifi.processors.standard.RouteText - RouteText[id=e191155b-3232-49bd-bfe9-6bfcf78aa3cb] Adding new dynamic property: PropertyDescriptor[simple]
[pool-3320-thread-1] INFO org.apache.nifi.processors.standard.RouteText - RouteText[id=e191155b-3232-49bd-bfe9-6bfcf78aa3cb] Created FlowFile[1995,92022151054293.mockFlowFile,23B] from FlowFile[1994,92022151054293.mockFlowFile,23B]; routing to relationship simple
[pool-3320-thread-1] INFO org.apache.nifi.processors.standard.RouteText - RouteText[id=e191155b-3232-49bd-bfe9-6bfcf78aa3cb] Routing FlowFile[1994,92022151054293.mockFlowFile,23B] to original
[main] DEBUG org.apache.nifi.processors.standard.RouteText - RouteText[id=e191155b-3232-49bd-bfe9-6bfcf78aa3cb] Adding new dynamic property: PropertyDescriptor[simple]
[pool-3321-thread-1] INFO org.apache.nifi.processors.standard.RouteText - RouteText[id=e191155b-3232-49bd-bfe9-6bfcf78aa3cb] Created FlowFile[1997,92022151596187.mockFlowFile,23B] from FlowFile[1996,92022151596187.mockFlowFile,23B]; routing to relationship simple
[pool-3321-thread-1] INFO org.apache.nifi.processors.standard.RouteText - RouteText[id=e191155b-3232-49bd-bfe9-6bfcf78aa3cb] Routing FlowFile[1996,92022151596187.mockFlowFile,23B] to original
[main] DEBUG org.apache.nifi.processors.standard.RouteText - RouteText[id=e191155b-3232-49bd-bfe9-6bfcf78aa3cb] Adding new dynamic property: PropertyDescriptor[simple]
[pool-3322-thread-1] INFO org.apache.nifi.processors.standard.RouteText - RouteText[id=e191155b-3232-49bd-bfe9-6bfcf78aa3cb] Created FlowFile[1999,92022152213109.mockFlowFile,23B] from FlowFile[1998,92022152213109.mockFlowFile,23B]; routing to relationship simple
[pool-3322-thread-1] INFO org.apache.nifi.processors.standard.RouteText - RouteText[id=e191155b-3232-49bd-bfe9-6bfcf78aa3cb] Routing FlowFile[1998,92022152213109.mockFlowFile,23B] to original
[main] DEBUG org.apache.nifi.processors.standard.RouteText - RouteText[id=e191155b-3232-49bd-bfe9-6bfcf78aa3cb] Adding new dynamic property: PropertyDescriptor[simple]
[pool-3323-thread-1] INFO org.apache.nifi.processors.standard.RouteText - RouteText[id=e191155b-3232-49bd-bfe9-6bfcf78aa3cb] Created FlowFile[2001,92022152822093.mockFlowFile,23B] from FlowFile[2000,92022152822093.mockFlowFile,23B]; routing to relationship simple
[pool-3323-thread-1] INFO org.apache.nifi.processors.standard.RouteText - RouteText[id=e191155b-3232-49bd-bfe9-6bfcf78aa3cb] Routing FlowFile[2000,92022152822093.mockFlowFile,23B] to original
[main] DEBUG org.apache.nifi.processors.standard.RouteText - RouteText[id=e191155b-3232-49bd-bfe9-6bfcf78aa3cb] Adding new dynamic property: PropertyDescriptor[simple]
[pool-3324-thread-1] INFO org.apache.nifi.processors.standard.RouteText - RouteText[id=e191155b-3232-49bd-bfe9-6bfcf78aa3cb] Created FlowFile[2003,92022153308261.mockFlowFile,23B] from FlowFile[2002,92022153308261.mockFlowFile,23B]; routing to relationship simple
[pool-3324-thread-1] INFO org.apache.nifi.processors.standard.RouteText - RouteText[id=e191155b-3232-49bd-bfe9-6bfcf78aa3cb] Routing FlowFile[2002,92022153308261.mockFlowFile,23B] to original
[main] DEBUG org.apache.nifi.processors.standard.RouteText - RouteText[id=e191155b-3232-49bd-bfe9-6bfcf78aa3cb] Adding new dynamic property: PropertyDescriptor[simple]
[pool-3325-thread-1] INFO org.apache.nifi.processors.standard.RouteText - RouteText[id=e191155b-3232-49bd-bfe9-6bfcf78aa3cb] Created FlowFile[2005,92022153761433.mockFlowFile,24B] from FlowFile[2004,92022153761433.mockFlowFile,24B]; routing to relationship simple
[pool-3325-thread-1] INFO org.apache.nifi.processors.standard.RouteText - RouteText[id=e191155b-3232-49bd-bfe9-6bfcf78aa3cb] Routing FlowFile[2004,92022153761433.mockFlowFile,24B] to original
[main] DEBUG org.apache.nifi.processors.standard.RouteText - RouteText[id=e191155b-3232-49bd-bfe9-6bfcf78aa3cb] Adding new dynamic property: PropertyDescriptor[simple]
[pool-3326-thread-1] INFO org.apache.nifi.processors.standard.RouteText - RouteText[id=e191155b-3232-49bd-bfe9-6bfcf78aa3cb] Created FlowFile[2007,92022154108911.mockFlowFile,24B] from FlowFile[2006,92022154108911.mockFlowFile,24B]; routing to relationship simple
[pool-3326-thread-1] INFO org.apache.nifi.processors.standard.RouteText - RouteText[id=e191155b-3232-49bd-bfe9-6bfcf78aa3cb] Routing FlowFile[2006,92022154108911.mockFlowFile,24B] to original
[main] DEBUG org.apache.nifi.processors.standard.RouteText - RouteText[id=e191155b-3232-49bd-bfe9-6bfcf78aa3cb] Adding new dynamic property: PropertyDescriptor[simple]
[pool-3327-thread-1] INFO org.apache.nifi.processors.standard.RouteText - RouteText[id=e191155b-3232-49bd-bfe9-6bfcf78aa3cb] Created FlowFile[2009,92022154442957.mockFlowFile,24B] from FlowFile[2008,92022154442957.mockFlowFile,24B]; routing to relationship simple
[pool-3327-thread-1] INFO org.apache.nifi.processors.standard.RouteText - RouteText[id=e191155b-3232-49bd-bfe9-6bfcf78aa3cb] Routing FlowFile[2008,92022154442957.mockFlowFile,24B] to original
[main] DEBUG org.apache.nifi.processors.standard.RouteText - RouteText[id=e191155b-3232-49bd-bfe9-6bfcf78aa3cb] Adding new dynamic property: PropertyDescriptor[simple]
[pool-3328-thread-1] INFO org.apache.nifi.processors.standard.RouteText - RouteText[id=e191155b-3232-49bd-bfe9-6bfcf78aa3cb] Created FlowFile[2011,92022154822675.mockFlowFile,24B] from FlowFile[2010,92022154822675.mockFlowFile,24B]; routing to relationship simple
[pool-3328-thread-1] INFO org.apache.nifi.processors.standard.RouteText - RouteText[id=e191155b-3232-49bd-bfe9-6bfcf78aa3cb] Routing FlowFile[2010,92022154822675.mockFlowFile,24B] to original
[main] DEBUG org.apache.nifi.processors.standard.RouteText - RouteText[id=e191155b-3232-49bd-bfe9-6bfcf78aa3cb] Adding new dynamic property: PropertyDescriptor[simple]
[pool-3329-thread-1] INFO org.apache.nifi.processors.standard.RouteText - RouteText[id=e191155b-3232-49bd-bfe9-6bfcf78aa3cb] Created FlowFile[2013,92022155265964.mockFlowFile,24B] from FlowFile[2012,92022155265964.mockFlowFile,24B]; routing to relationship simple
[pool-3329-thread-1] INFO org.apache.nifi.processors.standard.RouteText - RouteText[id=e191155b-3232-49bd-bfe9-6bfcf78aa3cb] Routing FlowFile[2012,92022155265964.mockFlowFile,24B] to original
[main] DEBUG org.apache.nifi.processors.standard.RouteText - RouteText[id=e191155b-3232-49bd-bfe9-6bfcf78aa3cb] Adding new dynamic property: PropertyDescriptor[simple]
[pool-3330-thread-1] INFO org.apache.nifi.processors.standard.RouteText - RouteText[id=e191155b-3232-49bd-bfe9-6bfcf78aa3cb] Created FlowFile[2015,92022155745863.mockFlowFile,24B] from FlowFile[2014,92022155745863.mockFlowFile,24B]; routing to relationship simple
[pool-3330-thread-1] INFO org.apache.nifi.processors.standard.RouteText - RouteText[id=e191155b-3232-49bd-bfe9-6bfcf78aa3cb] Routing FlowFile[2014,92022155745863.mockFlowFile,24B] to original
[main] DEBUG org.apache.nifi.processors.standard.RouteText - RouteText[id=e191155b-3232-49bd-bfe9-6bfcf78aa3cb] Adding new dynamic property: PropertyDescriptor[simple]
[pool-3331-thread-1] INFO org.apache.nifi.processors.standard.RouteText - RouteText[id=e191155b-3232-49bd-bfe9-6bfcf78aa3cb] Created FlowFile[2017,92022156221267.mockFlowFile,24B] from FlowFile[2016,92022156221267.mockFlowFile,24B]; routing to relationship simple
[pool-3331-thread-1] INFO org.apache.nifi.processors.standard.RouteText - RouteText[id=e191155b-3232-49bd-bfe9-6bfcf78aa3cb] Routing FlowFile[2016,92022156221267.mockFlowFile,24B] to original
[main] DEBUG org.apache.nifi.processors.standard.RouteText - RouteText[id=e191155b-3232-49bd-bfe9-6bfcf78aa3cb] Adding new dynamic property: PropertyDescriptor[simple]
[pool-3332-thread-1] INFO org.apache.nifi.processors.standard.RouteText - RouteText[id=e191155b-3232-49bd-bfe9-6bfcf78aa3cb] Created FlowFile[2019,92022156685721.mockFlowFile,24B] from FlowFile[2018,92022156685721.mockFlowFile,24B]; routing to relationship simple
[pool-3332-thread-1] INFO org.apache.nifi.processors.standard.RouteText - RouteText[id=e191155b-3232-49bd-bfe9-6bfcf78aa3cb] Routing FlowFile[2018,92022156685721.mockFlowFile,24B] to original
[main] DEBUG org.apache.nifi.processors.standard.RouteText - RouteText[id=e191155b-3232-49bd-bfe9-6bfcf78aa3cb] Adding new dynamic property: PropertyDescriptor[simple]
[pool-3333-thread-1] INFO org.apache.nifi.processors.standard.RouteText - RouteText[id=e191155b-3232-49bd-bfe9-6bfcf78aa3cb] Created FlowFile[2021,92022157235505.mockFlowFile,24B] from FlowFile[2020,92022157235505.mockFlowFile,24B]; routing to relationship simple
[pool-3333-thread-1] INFO org.apache.nifi.processors.standard.RouteText - RouteText[id=e191155b-3232-49bd-bfe9-6bfcf78aa3cb] Routing FlowFile[2020,92022157235505.mockFlowFile,24B] to original
[main] DEBUG org.apache.nifi.processors.standard.RouteText - RouteText[id=e191155b-3232-49bd-bfe9-6bfcf78aa3cb] Adding new dynamic property: PropertyDescriptor[simple]
[pool-3334-thread-1] INFO org.apache.nifi.processors.standard.RouteText - RouteText[id=e191155b-3232-49bd-bfe9-6bfcf78aa3cb] Created FlowFile[2023,92022157774868.mockFlowFile,24B] from FlowFile[2022,92022157774868.mockFlowFile,24B]; routing to relationship simple
[pool-3334-thread-1] INFO org.apache.nifi.processors.standard.RouteText - RouteText[id=e191155b-3232-49bd-bfe9-6bfcf78aa3cb] Routing FlowFile[2022,92022157774868.mockFlowFile,24B] to original
[main] DEBUG org.apache.nifi.processors.standard.RouteText - RouteText[id=e191155b-3232-49bd-bfe9-6bfcf78aa3cb] Adding new dynamic property: PropertyDescriptor[simple]
[pool-3335-thread-1] INFO org.apache.nifi.processors.standard.RouteText - RouteText[id=e191155b-3232-49bd-bfe9-6bfcf78aa3cb] Created FlowFile[2025,92022158293881.mockFlowFile,24B] from FlowFile[2024,92022158293881.mockFlowFile,24B]; routing to relationship simple
[pool-3335-thread-1] INFO org.apache.nifi.processors.standard.RouteText - RouteText[id=e191155b-3232-49bd-bfe9-6bfcf78aa3cb] Routing FlowFile[2024,92022158293881.mockFlowFile,24B] to original
[main] DEBUG org.apache.nifi.processors.standard.RouteText - RouteText[id=e191155b-3232-49bd-bfe9-6bfcf78aa3cb] Adding new dynamic property: PropertyDescriptor[simple]
[pool-3336-thread-1] INFO org.apache.nifi.processors.standard.RouteText - RouteText[id=e191155b-3232-49bd-bfe9-6bfcf78aa3cb] Created FlowFile[2027,92022158793314.mockFlowFile,24B] from FlowFile[2026,92022158793314.mockFlowFile,24B]; routing to relationship simple
[pool-3336-thread-1] INFO org.apache.nifi.processors.standard.RouteText - RouteText[id=e191155b-3232-49bd-bfe9-6bfcf78aa3cb] Routing FlowFile[2026,92022158793314.mockFlowFile,24B] to original
[main] DEBUG org.apache.nifi.processors.standard.RouteText - RouteText[id=e191155b-3232-49bd-bfe9-6bfcf78aa3cb] Adding new dynamic property: PropertyDescriptor[simple]
[pool-3337-thread-1] INFO org.apache.nifi.processors.standard.RouteText - RouteText[id=e191155b-3232-49bd-bfe9-6bfcf78aa3cb] Created FlowFile[2029,92022159267018.mockFlowFile,24B] from FlowFile[2028,92022159267018.mockFlowFile,24B]; routing to relationship simple
[pool-3337-thread-1] INFO org.apache.nifi.processors.standard.RouteText - RouteText[id=e191155b-3232-49bd-bfe9-6bfcf78aa3cb] Routing FlowFile[2028,92022159267018.mockFlowFile,24B] to original
[main] DEBUG org.apache.nifi.processors.standard.RouteText - RouteText[id=e191155b-3232-49bd-bfe9-6bfcf78aa3cb] Adding new dynamic property: PropertyDescriptor[simple]
[pool-3338-thread-1] INFO org.apache.nifi.processors.standard.RouteText - RouteText[id=e191155b-3232-49bd-bfe9-6bfcf78aa3cb] Created FlowFile[2031,92022160015866.mockFlowFile,24B] from FlowFile[2030,92022160015866.mockFlowFile,24B]; routing to relationship simple
[pool-3338-thread-1] INFO org.apache.nifi.processors.standard.RouteText - RouteText[id=e191155b-3232-49bd-bfe9-6bfcf78aa3cb] Routing FlowFile[2030,92022160015866.mockFlowFile,24B] to original
[main] DEBUG org.apache.nifi.processors.standard.RouteText - RouteText[id=e191155b-3232-49bd-bfe9-6bfcf78aa3cb] Adding new dynamic property: PropertyDescriptor[simple]
[pool-3339-thread-1] INFO org.apache.nifi.processors.standard.RouteText - RouteText[id=e191155b-3232-49bd-bfe9-6bfcf78aa3cb] Created FlowFile[2033,92022160432291.mockFlowFile,24B] from FlowFile[2032,92022160432291.mockFlowFile,24B]; routing to relationship simple
[pool-3339-thread-1] INFO org.apache.nifi.processors.standard.RouteText - RouteText[id=e191155b-3232-49bd-bfe9-6bfcf78aa3cb] Routing FlowFile[2032,92022160432291.mockFlowFile,24B] to original
[main] DEBUG org.apache.nifi.processors.standard.RouteText - RouteText[id=e191155b-3232-49bd-bfe9-6bfcf78aa3cb] Adding new dynamic property: PropertyDescriptor[simple]
[pool-3340-thread-1] INFO org.apache.nifi.processors.standard.RouteText - RouteText[id=e191155b-3232-49bd-bfe9-6bfcf78aa3cb] Created FlowFile[2035,92022160802632.mockFlowFile,24B] from FlowFile[2034,92022160802632.mockFlowFile,24B]; routing to relationship simple
[pool-3340-thread-1] INFO org.apache.nifi.processors.standard.RouteText - RouteText[id=e191155b-3232-49bd-bfe9-6bfcf78aa3cb] Routing FlowFile[2034,92022160802632.mockFlowFile,24B] to original
[main] DEBUG org.apache.nifi.processors.standard.RouteText - RouteText[id=e191155b-3232-49bd-bfe9-6bfcf78aa3cb] Adding new dynamic property: PropertyDescriptor[simple]
[pool-3341-thread-1] INFO org.apache.nifi.processors.standard.RouteText - RouteText[id=e191155b-3232-49bd-bfe9-6bfcf78aa3cb] Created FlowFile[2037,92022161317405.mockFlowFile,24B] from FlowFile[2036,92022161317405.mockFlowFile,24B]; routing to relationship simple
[pool-3341-thread-1] INFO org.apache.nifi.processors.standard.RouteText - RouteText[id=e191155b-3232-49bd-bfe9-6bfcf78aa3cb] Routing FlowFile[2036,92022161317405.mockFlowFile,24B] to original
[main] DEBUG org.apache.nifi.processors.standard.RouteText - RouteText[id=e191155b-3232-49bd-bfe9-6bfcf78aa3cb] Adding new dynamic property: PropertyDescriptor[simple]
[pool-3342-thread-1] INFO org.apache.nifi.processors.standard.RouteText - RouteText[id=e191155b-3232-49bd-bfe9-6bfcf78aa3cb] Created FlowFile[2039,92022161794374.mockFlowFile,24B] from FlowFile[2038,92022161794374.mockFlowFile,24B]; routing to relationship simple
[pool-3342-thread-1] INFO org.apache.nifi.processors.standard.RouteText - RouteText[id=e191155b-3232-49bd-bfe9-6bfcf78aa3cb] Routing FlowFile[2038,92022161794374.mockFlowFile,24B] to original
[main] DEBUG org.apache.nifi.processors.standard.RouteText - RouteText[id=e191155b-3232-49bd-bfe9-6bfcf78aa3cb] Adding new dynamic property: PropertyDescriptor[simple]
[pool-3343-thread-1] INFO org.apache.nifi.processors.standard.RouteText - RouteText[id=e191155b-3232-49bd-bfe9-6bfcf78aa3cb] Created FlowFile[2041,92022162268100.mockFlowFile,24B] from FlowFile[2040,92022162268100.mockFlowFile,24B]; routing to relationship simple
[pool-3343-thread-1] INFO org.apache.nifi.processors.standard.RouteText - RouteText[id=e191155b-3232-49bd-bfe9-6bfcf78aa3cb] Routing FlowFile[2040,92022162268100.mockFlowFile,24B] to original
[main] DEBUG org.apache.nifi.processors.standard.RouteText - RouteText[id=e191155b-3232-49bd-bfe9-6bfcf78aa3cb] Adding new dynamic property: PropertyDescriptor[simple]
[pool-3344-thread-1] INFO org.apache.nifi.processors.standard.RouteText - RouteText[id=e191155b-3232-49bd-bfe9-6bfcf78aa3cb] Created FlowFile[2043,92022162625918.mockFlowFile,24B] from FlowFile[2042,92022162625918.mockFlowFile,24B]; routing to relationship simple
[pool-3344-thread-1] INFO org.apache.nifi.processors.standard.RouteText - RouteText[id=e191155b-3232-49bd-bfe9-6bfcf78aa3cb] Routing FlowFile[2042,92022162625918.mockFlowFile,24B] to original
[main] DEBUG org.apache.nifi.processors.standard.RouteText - RouteText[id=e191155b-3232-49bd-bfe9-6bfcf78aa3cb] Adding new dynamic property: PropertyDescriptor[simple]
[pool-3345-thread-1] INFO org.apache.nifi.processors.standard.RouteText - RouteText[id=e191155b-3232-49bd-bfe9-6bfcf78aa3cb] Created FlowFile[2045,92022163224876.mockFlowFile,24B] from FlowFile[2044,92022163224876.mockFlowFile,24B]; routing to relationship simple
[pool-3345-thread-1] INFO org.apache.nifi.processors.standard.RouteText - RouteText[id=e191155b-3232-49bd-bfe9-6bfcf78aa3cb] Routing FlowFile[2044,92022163224876.mockFlowFile,24B] to original
[main] DEBUG org.apache.nifi.processors.standard.RouteText - RouteText[id=e191155b-3232-49bd-bfe9-6bfcf78aa3cb] Adding new dynamic property: PropertyDescriptor[simple]
[pool-3346-thread-1] INFO org.apache.nifi.processors.standard.RouteText - RouteText[id=e191155b-3232-49bd-bfe9-6bfcf78aa3cb] Created FlowFile[2047,92022163829488.mockFlowFile,24B] from FlowFile[2046,92022163829488.mockFlowFile,24B]; routing to relationship simple
[pool-3346-thread-1] INFO org.apache.nifi.processors.standard.RouteText - RouteText[id=e191155b-3232-49bd-bfe9-6bfcf78aa3cb] Routing FlowFile[2046,92022163829488.mockFlowFile,24B] to original
[main] DEBUG org.apache.nifi.processors.standard.RouteText - RouteText[id=e191155b-3232-49bd-bfe9-6bfcf78aa3cb] Adding new dynamic property: PropertyDescriptor[simple]
[pool-3347-thread-1] INFO org.apache.nifi.processors.standard.RouteText - RouteText[id=e191155b-3232-49bd-bfe9-6bfcf78aa3cb] Created FlowFile[2049,92022164384216.mockFlowFile,24B] from FlowFile[2048,92022164384216.mockFlowFile,24B]; routing to relationship simple
[pool-3347-thread-1] INFO org.apache.nifi.processors.standard.RouteText - RouteText[id=e191155b-3232-49bd-bfe9-6bfcf78aa3cb] Routing FlowFile[2048,92022164384216.mockFlowFile,24B] to original
[main] DEBUG org.apache.nifi.processors.standard.RouteText - RouteText[id=e191155b-3232-49bd-bfe9-6bfcf78aa3cb] Adding new dynamic property: PropertyDescriptor[simple]
[pool-3348-thread-1] INFO org.apache.nifi.processors.standard.RouteText - RouteText[id=e191155b-3232-49bd-bfe9-6bfcf78aa3cb] Created FlowFile[2051,92022164939893.mockFlowFile,24B] from FlowFile[2050,92022164939893.mockFlowFile,24B]; routing to relationship simple
[pool-3348-thread-1] INFO org.apache.nifi.processors.standard.RouteText - RouteText[id=e191155b-3232-49bd-bfe9-6bfcf78aa3cb] Routing FlowFile[2050,92022164939893.mockFlowFile,24B] to original
[main] DEBUG org.apache.nifi.processors.standard.RouteText - RouteText[id=e191155b-3232-49bd-bfe9-6bfcf78aa3cb] Adding new dynamic property: PropertyDescriptor[simple]
[pool-3349-thread-1] INFO org.apache.nifi.processors.standard.RouteText - RouteText[id=e191155b-3232-49bd-bfe9-6bfcf78aa3cb] Created FlowFile[2053,92022165568233.mockFlowFile,24B] from FlowFile[2052,92022165568233.mockFlowFile,24B]; routing to relationship simple
[pool-3349-thread-1] INFO org.apache.nifi.processors.standard.RouteText - RouteText[id=e191155b-3232-49bd-bfe9-6bfcf78aa3cb] Routing FlowFile[2052,92022165568233.mockFlowFile,24B] to original
[main] DEBUG org.apache.nifi.processors.standard.RouteText - RouteText[id=e191155b-3232-49bd-bfe9-6bfcf78aa3cb] Adding new dynamic property: PropertyDescriptor[simple]
[pool-3350-thread-1] INFO org.apache.nifi.processors.standard.RouteText - RouteText[id=e191155b-3232-49bd-bfe9-6bfcf78aa3cb] Created FlowFile[2055,92022166073543.mockFlowFile,24B] from FlowFile[2054,92022166073543.mockFlowFile,24B]; routing to relationship simple
[pool-3350-thread-1] INFO org.apache.nifi.processors.standard.RouteText - RouteText[id=e191155b-3232-49bd-bfe9-6bfcf78aa3cb] Routing FlowFile[2054,92022166073543.mockFlowFile,24B] to original
[main] DEBUG org.apache.nifi.processors.standard.RouteText - RouteText[id=e191155b-3232-49bd-bfe9-6bfcf78aa3cb] Adding new dynamic property: PropertyDescriptor[simple]
[pool-3351-thread-1] INFO org.apache.nifi.processors.standard.RouteText - RouteText[id=e191155b-3232-49bd-bfe9-6bfcf78aa3cb] Created FlowFile[2057,92022166579759.mockFlowFile,24B] from FlowFile[2056,92022166579759.mockFlowFile,24B]; routing to relationship simple
[pool-3351-thread-1] INFO org.apache.nifi.processors.standard.RouteText - RouteText[id=e191155b-3232-49bd-bfe9-6bfcf78aa3cb] Routing FlowFile[2056,92022166579759.mockFlowFile,24B] to original
[main] DEBUG org.apache.nifi.processors.standard.RouteText - RouteText[id=e191155b-3232-49bd-bfe9-6bfcf78aa3cb] Adding new dynamic property: PropertyDescriptor[simple]
[pool-3352-thread-1] INFO org.apache.nifi.processors.standard.RouteText - RouteText[id=e191155b-3232-49bd-bfe9-6bfcf78aa3cb] Created FlowFile[2059,92022167052149.mockFlowFile,24B] from FlowFile[2058,92022167052149.mockFlowFile,24B]; routing to relationship simple
[pool-3352-thread-1] INFO org.apache.nifi.processors.standard.RouteText - RouteText[id=e191155b-3232-49bd-bfe9-6bfcf78aa3cb] Routing FlowFile[2058,92022167052149.mockFlowFile,24B] to original
[main] DEBUG org.apache.nifi.processors.standard.RouteText - RouteText[id=e191155b-3232-49bd-bfe9-6bfcf78aa3cb] Adding new dynamic property: PropertyDescriptor[simple]
[pool-3353-thread-1] INFO org.apache.nifi.processors.standard.RouteText - RouteText[id=e191155b-3232-49bd-bfe9-6bfcf78aa3cb] Created FlowFile[2061,92022167491642.mockFlowFile,24B] from FlowFile[2060,92022167491642.mockFlowFile,24B]; routing to relationship simple
[pool-3353-thread-1] INFO org.apache.nifi.processors.standard.RouteText - RouteText[id=e191155b-3232-49bd-bfe9-6bfcf78aa3cb] Routing FlowFile[2060,92022167491642.mockFlowFile,24B] to original
[main] DEBUG org.apache.nifi.processors.standard.RouteText - RouteText[id=e191155b-3232-49bd-bfe9-6bfcf78aa3cb] Adding new dynamic property: PropertyDescriptor[simple]
[pool-3354-thread-1] INFO org.apache.nifi.processors.standard.RouteText - RouteText[id=e191155b-3232-49bd-bfe9-6bfcf78aa3cb] Created FlowFile[2063,92022167938862.mockFlowFile,24B] from FlowFile[2062,92022167938862.mockFlowFile,24B]; routing to relationship simple
[pool-3354-thread-1] INFO org.apache.nifi.processors.standard.RouteText - RouteText[id=e191155b-3232-49bd-bfe9-6bfcf78aa3cb] Routing FlowFile[2062,92022167938862.mockFlowFile,24B] to original
[main] DEBUG org.apache.nifi.processors.standard.RouteText - RouteText[id=e191155b-3232-49bd-bfe9-6bfcf78aa3cb] Adding new dynamic property: PropertyDescriptor[simple]
[pool-3355-thread-1] INFO org.apache.nifi.processors.standard.RouteText - RouteText[id=e191155b-3232-49bd-bfe9-6bfcf78aa3cb] Created FlowFile[2065,92022168614050.mockFlowFile,24B] from FlowFile[2064,92022168614050.mockFlowFile,24B]; routing to relationship simple
[pool-3355-thread-1] INFO org.apache.nifi.processors.standard.RouteText - RouteText[id=e191155b-3232-49bd-bfe9-6bfcf78aa3cb] Routing FlowFile[2064,92022168614050.mockFlowFile,24B] to original
[main] DEBUG org.apache.nifi.processors.standard.RouteText - RouteText[id=e191155b-3232-49bd-bfe9-6bfcf78aa3cb] Adding new dynamic property: PropertyDescriptor[simple]
[pool-3356-thread-1] INFO org.apache.nifi.processors.standard.RouteText - RouteText[id=e191155b-3232-49bd-bfe9-6bfcf78aa3cb] Created FlowFile[2067,92022169086606.mockFlowFile,24B] from FlowFile[2066,92022169086606.mockFlowFile,24B]; routing to relationship simple
[pool-3356-thread-1] INFO org.apache.nifi.processors.standard.RouteText - RouteText[id=e191155b-3232-49bd-bfe9-6bfcf78aa3cb] Routing FlowFile[2066,92022169086606.mockFlowFile,24B] to original
[main] DEBUG org.apache.nifi.processors.standard.RouteText - RouteText[id=e191155b-3232-49bd-bfe9-6bfcf78aa3cb] Adding new dynamic property: PropertyDescriptor[simple]
[pool-3357-thread-1] INFO org.apache.nifi.processors.standard.RouteText - RouteText[id=e191155b-3232-49bd-bfe9-6bfcf78aa3cb] Created FlowFile[2069,92022169549215.mockFlowFile,24B] from FlowFile[2068,92022169549215.mockFlowFile,24B]; routing to relationship simple
[pool-3357-thread-1] INFO org.apache.nifi.processors.standard.RouteText - RouteText[id=e191155b-3232-49bd-bfe9-6bfcf78aa3cb] Routing FlowFile[2068,92022169549215.mockFlowFile,24B] to original
[main] DEBUG org.apache.nifi.processors.standard.RouteText - RouteText[id=e191155b-3232-49bd-bfe9-6bfcf78aa3cb] Adding new dynamic property: PropertyDescriptor[simple]
[pool-3358-thread-1] INFO org.apache.nifi.processors.standard.RouteText - RouteText[id=e191155b-3232-49bd-bfe9-6bfcf78aa3cb] Created FlowFile[2071,92022170049703.mockFlowFile,24B] from FlowFile[2070,92022170049703.mockFlowFile,24B]; routing to relationship simple
[pool-3358-thread-1] INFO org.apache.nifi.processors.standard.RouteText - RouteText[id=e191155b-3232-49bd-bfe9-6bfcf78aa3cb] Routing FlowFile[2070,92022170049703.mockFlowFile,24B] to original
[main] DEBUG org.apache.nifi.processors.standard.RouteText - RouteText[id=e191155b-3232-49bd-bfe9-6bfcf78aa3cb] Adding new dynamic property: PropertyDescriptor[simple]
[pool-3359-thread-1] INFO org.apache.nifi.processors.standard.RouteText - RouteText[id=e191155b-3232-49bd-bfe9-6bfcf78aa3cb] Created FlowFile[2073,92022170508328.mockFlowFile,24B] from FlowFile[2072,92022170508328.mockFlowFile,24B]; routing to relationship simple
[pool-3359-thread-1] INFO org.apache.nifi.processors.standard.RouteText - RouteText[id=e191155b-3232-49bd-bfe9-6bfcf78aa3cb] Routing FlowFile[2072,92022170508328.mockFlowFile,24B] to original
[main] DEBUG org.apache.nifi.processors.standard.RouteText - RouteText[id=e191155b-3232-49bd-bfe9-6bfcf78aa3cb] Adding new dynamic property: PropertyDescriptor[simple]
[pool-3360-thread-1] INFO org.apache.nifi.processors.standard.RouteText - RouteText[id=e191155b-3232-49bd-bfe9-6bfcf78aa3cb] Created FlowFile[2075,92022171013179.mockFlowFile,24B] from FlowFile[2074,92022171013179.mockFlowFile,24B]; routing to relationship simple
[pool-3360-thread-1] INFO org.apache.nifi.processors.standard.RouteText - RouteText[id=e191155b-3232-49bd-bfe9-6bfcf78aa3cb] Routing FlowFile[2074,92022171013179.mockFlowFile,24B] to original
[main] DEBUG org.apache.nifi.processors.standard.RouteText - RouteText[id=e191155b-3232-49bd-bfe9-6bfcf78aa3cb] Adding new dynamic property: PropertyDescriptor[simple]
[pool-3361-thread-1] INFO org.apache.nifi.processors.standard.RouteText - RouteText[id=e191155b-3232-49bd-bfe9-6bfcf78aa3cb] Created FlowFile[2077,92022171488097.mockFlowFile,24B] from FlowFile[2076,92022171488097.mockFlowFile,24B]; routing to relationship simple
[pool-3361-thread-1] INFO org.apache.nifi.processors.standard.RouteText - RouteText[id=e191155b-3232-49bd-bfe9-6bfcf78aa3cb] Routing FlowFile[2076,92022171488097.mockFlowFile,24B] to original
[main] DEBUG org.apache.nifi.processors.standard.RouteText - RouteText[id=e191155b-3232-49bd-bfe9-6bfcf78aa3cb] Adding new dynamic property: PropertyDescriptor[simple]
[pool-3362-thread-1] INFO org.apache.nifi.processors.standard.RouteText - RouteText[id=e191155b-3232-49bd-bfe9-6bfcf78aa3cb] Created FlowFile[2079,92022171950820.mockFlowFile,24B] from FlowFile[2078,92022171950820.mockFlowFile,24B]; routing to relationship simple
[pool-3362-thread-1] INFO org.apache.nifi.processors.standard.RouteText - RouteText[id=e191155b-3232-49bd-bfe9-6bfcf78aa3cb] Routing FlowFile[2078,92022171950820.mockFlowFile,24B] to original
[main] DEBUG org.apache.nifi.processors.standard.RouteText - RouteText[id=e191155b-3232-49bd-bfe9-6bfcf78aa3cb] Adding new dynamic property: PropertyDescriptor[simple]
[pool-3363-thread-1] INFO org.apache.nifi.processors.standard.RouteText - RouteText[id=e191155b-3232-49bd-bfe9-6bfcf78aa3cb] Created FlowFile[2081,92022172452335.mockFlowFile,24B] from FlowFile[2080,92022172452335.mockFlowFile,24B]; routing to relationship simple
[pool-3363-thread-1] INFO org.apache.nifi.processors.standard.RouteText - RouteText[id=e191155b-3232-49bd-bfe9-6bfcf78aa3cb] Routing FlowFile[2080,92022172452335.mockFlowFile,24B] to original
[main] DEBUG org.apache.nifi.processors.standard.RouteText - RouteText[id=e191155b-3232-49bd-bfe9-6bfcf78aa3cb] Adding new dynamic property: PropertyDescriptor[simple]
[pool-3364-thread-1] INFO org.apache.nifi.processors.standard.RouteText - RouteText[id=e191155b-3232-49bd-bfe9-6bfcf78aa3cb] Created FlowFile[2083,92022172996993.mockFlowFile,24B] from FlowFile[2082,92022172996993.mockFlowFile,24B]; routing to relationship simple
[pool-3364-thread-1] INFO org.apache.nifi.processors.standard.RouteText - RouteText[id=e191155b-3232-49bd-bfe9-6bfcf78aa3cb] Routing FlowFile[2082,92022172996993.mockFlowFile,24B] to original
[main] DEBUG org.apache.nifi.processors.standard.RouteText - RouteText[id=e191155b-3232-49bd-bfe9-6bfcf78aa3cb] Adding new dynamic property: PropertyDescriptor[simple]
[pool-3365-thread-1] INFO org.apache.nifi.processors.standard.RouteText - RouteText[id=e191155b-3232-49bd-bfe9-6bfcf78aa3cb] Created FlowFile[2085,92022173594888.mockFlowFile,24B] from FlowFile[2084,92022173594888.mockFlowFile,24B]; routing to relationship simple
[pool-3365-thread-1] INFO org.apache.nifi.processors.standard.RouteText - RouteText[id=e191155b-3232-49bd-bfe9-6bfcf78aa3cb] Routing FlowFile[2084,92022173594888.mockFlowFile,24B] to original
[main] DEBUG org.apache.nifi.processors.standard.RouteText - RouteText[id=e191155b-3232-49bd-bfe9-6bfcf78aa3cb] Adding new dynamic property: PropertyDescriptor[simple]
[pool-3366-thread-1] INFO org.apache.nifi.processors.standard.RouteText - RouteText[id=e191155b-3232-49bd-bfe9-6bfcf78aa3cb] Created FlowFile[2087,92022174192425.mockFlowFile,24B] from FlowFile[2086,92022174192425.mockFlowFile,24B]; routing to relationship simple
[pool-3366-thread-1] INFO org.apache.nifi.processors.standard.RouteText - RouteText[id=e191155b-3232-49bd-bfe9-6bfcf78aa3cb] Routing FlowFile[2086,92022174192425.mockFlowFile,24B] to original
[main] DEBUG org.apache.nifi.processors.standard.RouteText - RouteText[id=e191155b-3232-49bd-bfe9-6bfcf78aa3cb] Adding new dynamic property: PropertyDescriptor[simple]
[pool-3367-thread-1] INFO org.apache.nifi.processors.standard.RouteText - RouteText[id=e191155b-3232-49bd-bfe9-6bfcf78aa3cb] Created FlowFile[2089,92022174743353.mockFlowFile,24B] from FlowFile[2088,92022174743353.mockFlowFile,24B]; routing to relationship simple
[pool-3367-thread-1] INFO org.apache.nifi.processors.standard.RouteText - RouteText[id=e191155b-3232-49bd-bfe9-6bfcf78aa3cb] Routing FlowFile[2088,92022174743353.mockFlowFile,24B] to original
[main] DEBUG org.apache.nifi.processors.standard.RouteText - RouteText[id=e191155b-3232-49bd-bfe9-6bfcf78aa3cb] Adding new dynamic property: PropertyDescriptor[simple]
[pool-3368-thread-1] INFO org.apache.nifi.processors.standard.RouteText - RouteText[id=e191155b-3232-49bd-bfe9-6bfcf78aa3cb] Created FlowFile[2091,92022175241870.mockFlowFile,24B] from FlowFile[2090,92022175241870.mockFlowFile,24B]; routing to relationship simple
[pool-3368-thread-1] INFO org.apache.nifi.processors.standard.RouteText - RouteText[id=e191155b-3232-49bd-bfe9-6bfcf78aa3cb] Routing FlowFile[2090,92022175241870.mockFlowFile,24B] to original
[main] DEBUG org.apache.nifi.processors.standard.RouteText - RouteText[id=e191155b-3232-49bd-bfe9-6bfcf78aa3cb] Adding new dynamic property: PropertyDescriptor[simple]
[pool-3369-thread-1] INFO org.apache.nifi.processors.standard.RouteText - RouteText[id=e191155b-3232-49bd-bfe9-6bfcf78aa3cb] Created FlowFile[2093,92022175766402.mockFlowFile,24B] from FlowFile[2092,92022175766402.mockFlowFile,24B]; routing to relationship simple
[pool-3369-thread-1] INFO org.apache.nifi.processors.standard.RouteText - RouteText[id=e191155b-3232-49bd-bfe9-6bfcf78aa3cb] Routing FlowFile[2092,92022175766402.mockFlowFile,24B] to original
[main] DEBUG org.apache.nifi.processors.standard.RouteText - RouteText[id=e191155b-3232-49bd-bfe9-6bfcf78aa3cb] Adding new dynamic property: PropertyDescriptor[simple]
[pool-3370-thread-1] INFO org.apache.nifi.processors.standard.RouteText - RouteText[id=e191155b-3232-49bd-bfe9-6bfcf78aa3cb] Created FlowFile[2095,92022176306284.mockFlowFile,24B] from FlowFile[2094,92022176306284.mockFlowFile,24B]; routing to relationship simple
[pool-3370-thread-1] INFO org.apache.nifi.processors.standard.RouteText - RouteText[id=e191155b-3232-49bd-bfe9-6bfcf78aa3cb] Routing FlowFile[2094,92022176306284.mockFlowFile,24B] to original
[main] DEBUG org.apache.nifi.processors.standard.RouteText - RouteText[id=e191155b-3232-49bd-bfe9-6bfcf78aa3cb] Adding new dynamic property: PropertyDescriptor[simple]
[pool-3371-thread-1] INFO org.apache.nifi.processors.standard.RouteText - RouteText[id=e191155b-3232-49bd-bfe9-6bfcf78aa3cb] Created FlowFile[2097,92022176846185.mockFlowFile,24B] from FlowFile[2096,92022176846185.mockFlowFile,24B]; routing to relationship simple
[pool-3371-thread-1] INFO org.apache.nifi.processors.standard.RouteText - RouteText[id=e191155b-3232-49bd-bfe9-6bfcf78aa3cb] Routing FlowFile[2096,92022176846185.mockFlowFile,24B] to original
[main] DEBUG org.apache.nifi.processors.standard.RouteText - RouteText[id=e191155b-3232-49bd-bfe9-6bfcf78aa3cb] Adding new dynamic property: PropertyDescriptor[simple]
[pool-3372-thread-1] INFO org.apache.nifi.processors.standard.RouteText - RouteText[id=e191155b-3232-49bd-bfe9-6bfcf78aa3cb] Created FlowFile[2099,92022177385841.mockFlowFile,24B] from FlowFile[2098,92022177385841.mockFlowFile,24B]; routing to relationship simple
[pool-3372-thread-1] INFO org.apache.nifi.processors.standard.RouteText - RouteText[id=e191155b-3232-49bd-bfe9-6bfcf78aa3cb] Routing FlowFile[2098,92022177385841.mockFlowFile,24B] to original
[main] DEBUG org.apache.nifi.processors.standard.RouteText - RouteText[id=e191155b-3232-49bd-bfe9-6bfcf78aa3cb] Adding new dynamic property: PropertyDescriptor[simple]
[pool-3373-thread-1] INFO org.apache.nifi.processors.standard.RouteText - RouteText[id=e191155b-3232-49bd-bfe9-6bfcf78aa3cb] Created FlowFile[2101,92022177931637.mockFlowFile,24B] from FlowFile[2100,92022177931637.mockFlowFile,24B]; routing to relationship simple
[pool-3373-thread-1] INFO org.apache.nifi.processors.standard.RouteText - RouteText[id=e191155b-3232-49bd-bfe9-6bfcf78aa3cb] Routing FlowFile[2100,92022177931637.mockFlowFile,24B] to original
[main] DEBUG org.apache.nifi.processors.standard.RouteText - RouteText[id=e191155b-3232-49bd-bfe9-6bfcf78aa3cb] Adding new dynamic property: PropertyDescriptor[simple]
[pool-3374-thread-1] INFO org.apache.nifi.processors.standard.RouteText - RouteText[id=e191155b-3232-49bd-bfe9-6bfcf78aa3cb] Created FlowFile[2103,92022178489620.mockFlowFile,24B] from FlowFile[2102,92022178489620.mockFlowFile,24B]; routing to relationship simple
[pool-3374-thread-1] INFO org.apache.nifi.processors.standard.RouteText - RouteText[id=e191155b-3232-49bd-bfe9-6bfcf78aa3cb] Routing FlowFile[2102,92022178489620.mockFlowFile,24B] to original
[main] DEBUG org.apache.nifi.processors.standard.RouteText - RouteText[id=e191155b-3232-49bd-bfe9-6bfcf78aa3cb] Adding new dynamic property: PropertyDescriptor[simple]
[pool-3375-thread-1] INFO org.apache.nifi.processors.standard.RouteText - RouteText[id=e191155b-3232-49bd-bfe9-6bfcf78aa3cb] Created FlowFile[2105,92022179033332.mockFlowFile,24B] from FlowFile[2104,92022179033332.mockFlowFile,24B]; routing to relationship simple
[pool-3375-thread-1] INFO org.apache.nifi.processors.standard.RouteText - RouteText[id=e191155b-3232-49bd-bfe9-6bfcf78aa3cb] Routing FlowFile[2104,92022179033332.mockFlowFile,24B] to original
[main] DEBUG org.apache.nifi.processors.standard.RouteText - RouteText[id=e191155b-3232-49bd-bfe9-6bfcf78aa3cb] Adding new dynamic property: PropertyDescriptor[simple]
[pool-3376-thread-1] INFO org.apache.nifi.processors.standard.RouteText - RouteText[id=e191155b-3232-49bd-bfe9-6bfcf78aa3cb] Created FlowFile[2107,92022179582806.mockFlowFile,24B] from FlowFile[2106,92022179582806.mockFlowFile,24B]; routing to relationship simple
[pool-3376-thread-1] INFO org.apache.nifi.processors.standard.RouteText - RouteText[id=e191155b-3232-49bd-bfe9-6bfcf78aa3cb] Routing FlowFile[2106,92022179582806.mockFlowFile,24B] to original
[main] DEBUG org.apache.nifi.processors.standard.RouteText - RouteText[id=e191155b-3232-49bd-bfe9-6bfcf78aa3cb] Adding new dynamic property: PropertyDescriptor[simple]
[pool-3377-thread-1] INFO org.apache.nifi.processors.standard.RouteText - RouteText[id=e191155b-3232-49bd-bfe9-6bfcf78aa3cb] Created FlowFile[2109,92022180201302.mockFlowFile,24B] from FlowFile[2108,92022180201302.mockFlowFile,24B]; routing to relationship simple
[pool-3377-thread-1] INFO org.apache.nifi.processors.standard.RouteText - RouteText[id=e191155b-3232-49bd-bfe9-6bfcf78aa3cb] Routing FlowFile[2108,92022180201302.mockFlowFile,24B] to original
[main] DEBUG org.apache.nifi.processors.standard.RouteText - RouteText[id=e191155b-3232-49bd-bfe9-6bfcf78aa3cb] Adding new dynamic property: PropertyDescriptor[simple]
[pool-3378-thread-1] INFO org.apache.nifi.processors.standard.RouteText - RouteText[id=e191155b-3232-49bd-bfe9-6bfcf78aa3cb] Created FlowFile[2111,92022180797444.mockFlowFile,24B] from FlowFile[2110,92022180797444.mockFlowFile,24B]; routing to relationship simple
[pool-3378-thread-1] INFO org.apache.nifi.processors.standard.RouteText - RouteText[id=e191155b-3232-49bd-bfe9-6bfcf78aa3cb] Routing FlowFile[2110,92022180797444.mockFlowFile,24B] to original
[main] DEBUG org.apache.nifi.processors.standard.RouteText - RouteText[id=e191155b-3232-49bd-bfe9-6bfcf78aa3cb] Adding new dynamic property: PropertyDescriptor[simple]
[pool-3379-thread-1] INFO org.apache.nifi.processors.standard.RouteText - RouteText[id=e191155b-3232-49bd-bfe9-6bfcf78aa3cb] Created FlowFile[2113,92022181382515.mockFlowFile,24B] from FlowFile[2112,92022181382515.mockFlowFile,24B]; routing to relationship simple
[pool-3379-thread-1] INFO org.apache.nifi.processors.standard.RouteText - RouteText[id=e191155b-3232-49bd-bfe9-6bfcf78aa3cb] Routing FlowFile[2112,92022181382515.mockFlowFile,24B] to original
[main] DEBUG org.apache.nifi.processors.standard.RouteText - RouteText[id=e191155b-3232-49bd-bfe9-6bfcf78aa3cb] Adding new dynamic property: PropertyDescriptor[simple]
[pool-3380-thread-1] INFO org.apache.nifi.processors.standard.RouteText - RouteText[id=e191155b-3232-49bd-bfe9-6bfcf78aa3cb] Created FlowFile[2115,92022182045718.mockFlowFile,24B] from FlowFile[2114,92022182045718.mockFlowFile,24B]; routing to relationship simple
[pool-3380-thread-1] INFO org.apache.nifi.processors.standard.RouteText - RouteText[id=e191155b-3232-49bd-bfe9-6bfcf78aa3cb] Routing FlowFile[2114,92022182045718.mockFlowFile,24B] to original
[main] DEBUG org.apache.nifi.processors.standard.RouteText - RouteText[id=e191155b-3232-49bd-bfe9-6bfcf78aa3cb] Adding new dynamic property: PropertyDescriptor[simple]
[pool-3381-thread-1] INFO org.apache.nifi.processors.standard.RouteText - RouteText[id=e191155b-3232-49bd-bfe9-6bfcf78aa3cb] Created FlowFile[2117,92022182613423.mockFlowFile,24B] from FlowFile[2116,92022182613423.mockFlowFile,24B]; routing to relationship simple
[pool-3381-thread-1] INFO org.apache.nifi.processors.standard.RouteText - RouteText[id=e191155b-3232-49bd-bfe9-6bfcf78aa3cb] Routing FlowFile[2116,92022182613423.mockFlowFile,24B] to original
[main] DEBUG org.apache.nifi.processors.standard.RouteText - RouteText[id=e191155b-3232-49bd-bfe9-6bfcf78aa3cb] Adding new dynamic property: PropertyDescriptor[simple]
[pool-3382-thread-1] INFO org.apache.nifi.processors.standard.RouteText - RouteText[id=e191155b-3232-49bd-bfe9-6bfcf78aa3cb] Created FlowFile[2119,92022183155696.mockFlowFile,24B] from FlowFile[2118,92022183155696.mockFlowFile,24B]; routing to relationship simple
[pool-3382-thread-1] INFO org.apache.nifi.processors.standard.RouteText - RouteText[id=e191155b-3232-49bd-bfe9-6bfcf78aa3cb] Routing FlowFile[2118,92022183155696.mockFlowFile,24B] to original
[main] DEBUG org.apache.nifi.processors.standard.RouteText - RouteText[id=e191155b-3232-49bd-bfe9-6bfcf78aa3cb] Adding new dynamic property: PropertyDescriptor[simple]
[pool-3383-thread-1] INFO org.apache.nifi.processors.standard.RouteText - RouteText[id=e191155b-3232-49bd-bfe9-6bfcf78aa3cb] Created FlowFile[2121,92022183671389.mockFlowFile,24B] from FlowFile[2120,92022183671389.mockFlowFile,24B]; routing to relationship simple
[pool-3383-thread-1] INFO org.apache.nifi.processors.standard.RouteText - RouteText[id=e191155b-3232-49bd-bfe9-6bfcf78aa3cb] Routing FlowFile[2120,92022183671389.mockFlowFile,24B] to original
[main] DEBUG org.apache.nifi.processors.standard.RouteText - RouteText[id=e191155b-3232-49bd-bfe9-6bfcf78aa3cb] Adding new dynamic property: PropertyDescriptor[simple]
[pool-3384-thread-1] INFO org.apache.nifi.processors.standard.RouteText - RouteText[id=e191155b-3232-49bd-bfe9-6bfcf78aa3cb] Created FlowFile[2123,92022184205094.mockFlowFile,24B] from FlowFile[2122,92022184205094.mockFlowFile,24B]; routing to relationship simple
[pool-3384-thread-1] INFO org.apache.nifi.processors.standard.RouteText - RouteText[id=e191155b-3232-49bd-bfe9-6bfcf78aa3cb] Routing FlowFile[2122,92022184205094.mockFlowFile,24B] to original
[main] DEBUG org.apache.nifi.processors.standard.RouteText - RouteText[id=e191155b-3232-49bd-bfe9-6bfcf78aa3cb] Adding new dynamic property: PropertyDescriptor[simple]
[pool-3385-thread-1] INFO org.apache.nifi.processors.standard.RouteText - RouteText[id=e191155b-3232-49bd-bfe9-6bfcf78aa3cb] Created FlowFile[2125,92022184758483.mockFlowFile,24B] from FlowFile[2124,92022184758483.mockFlowFile,24B]; routing to relationship simple
[pool-3385-thread-1] INFO org.apache.nifi.processors.standard.RouteText - RouteText[id=e191155b-3232-49bd-bfe9-6bfcf78aa3cb] Routing FlowFile[2124,92022184758483.mockFlowFile,24B] to original
[main] DEBUG org.apache.nifi.processors.standard.RouteText - RouteText[id=e191155b-3232-49bd-bfe9-6bfcf78aa3cb] Adding new dynamic property: PropertyDescriptor[simple]
[pool-3386-thread-1] INFO org.apache.nifi.processors.standard.RouteText - RouteText[id=e191155b-3232-49bd-bfe9-6bfcf78aa3cb] Created FlowFile[2127,92022185291181.mockFlowFile,24B] from FlowFile[2126,92022185291181.mockFlowFile,24B]; routing to relationship simple
[pool-3386-thread-1] INFO org.apache.nifi.processors.standard.RouteText - RouteText[id=e191155b-3232-49bd-bfe9-6bfcf78aa3cb] Routing FlowFile[2126,92022185291181.mockFlowFile,24B] to original
[main] DEBUG org.apache.nifi.processors.standard.RouteText - RouteText[id=e191155b-3232-49bd-bfe9-6bfcf78aa3cb] Adding new dynamic property: PropertyDescriptor[simple]
[pool-3387-thread-1] INFO org.apache.nifi.processors.standard.RouteText - RouteText[id=e191155b-3232-49bd-bfe9-6bfcf78aa3cb] Created FlowFile[2129,92022185828068.mockFlowFile,24B] from FlowFile[2128,92022185828068.mockFlowFile,24B]; routing to relationship simple
[pool-3387-thread-1] INFO org.apache.nifi.processors.standard.RouteText - RouteText[id=e191155b-3232-49bd-bfe9-6bfcf78aa3cb] Routing FlowFile[2128,92022185828068.mockFlowFile,24B] to original
[main] DEBUG org.apache.nifi.processors.standard.RouteText - RouteText[id=e191155b-3232-49bd-bfe9-6bfcf78aa3cb] Adding new dynamic property: PropertyDescriptor[simple]
[pool-3388-thread-1] INFO org.apache.nifi.processors.standard.RouteText - RouteText[id=e191155b-3232-49bd-bfe9-6bfcf78aa3cb] Created FlowFile[2131,92022186354014.mockFlowFile,24B] from FlowFile[2130,92022186354014.mockFlowFile,24B]; routing to relationship simple
[pool-3388-thread-1] INFO org.apache.nifi.processors.standard.RouteText - RouteText[id=e191155b-3232-49bd-bfe9-6bfcf78aa3cb] Routing FlowFile[2130,92022186354014.mockFlowFile,24B] to original
[main] DEBUG org.apache.nifi.processors.standard.RouteText - RouteText[id=e191155b-3232-49bd-bfe9-6bfcf78aa3cb] Adding new dynamic property: PropertyDescriptor[simple]
[pool-3389-thread-1] INFO org.apache.nifi.processors.standard.RouteText - RouteText[id=e191155b-3232-49bd-bfe9-6bfcf78aa3cb] Created FlowFile[2133,92022186888864.mockFlowFile,24B] from FlowFile[2132,92022186888864.mockFlowFile,24B]; routing to relationship simple
[pool-3389-thread-1] INFO org.apache.nifi.processors.standard.RouteText - RouteText[id=e191155b-3232-49bd-bfe9-6bfcf78aa3cb] Routing FlowFile[2132,92022186888864.mockFlowFile,24B] to original
[main] DEBUG org.apache.nifi.processors.standard.RouteText - RouteText[id=e191155b-3232-49bd-bfe9-6bfcf78aa3cb] Adding new dynamic property: PropertyDescriptor[simple]
[pool-3390-thread-1] INFO org.apache.nifi.processors.standard.RouteText - RouteText[id=e191155b-3232-49bd-bfe9-6bfcf78aa3cb] Created FlowFile[2135,92022187442625.mockFlowFile,24B] from FlowFile[2134,92022187442625.mockFlowFile,24B]; routing to relationship simple
[pool-3390-thread-1] INFO org.apache.nifi.processors.standard.RouteText - RouteText[id=e191155b-3232-49bd-bfe9-6bfcf78aa3cb] Routing FlowFile[2134,92022187442625.mockFlowFile,24B] to original
[main] DEBUG org.apache.nifi.processors.standard.RouteText - RouteText[id=e191155b-3232-49bd-bfe9-6bfcf78aa3cb] Adding new dynamic property: PropertyDescriptor[simple]
[pool-3391-thread-1] INFO org.apache.nifi.processors.standard.RouteText - RouteText[id=e191155b-3232-49bd-bfe9-6bfcf78aa3cb] Created FlowFile[2137,92022187967842.mockFlowFile,24B] from FlowFile[2136,92022187967842.mockFlowFile,24B]; routing to relationship simple
[pool-3391-thread-1] INFO org.apache.nifi.processors.standard.RouteText - RouteText[id=e191155b-3232-49bd-bfe9-6bfcf78aa3cb] Routing FlowFile[2136,92022187967842.mockFlowFile,24B] to original
[main] DEBUG org.apache.nifi.processors.standard.RouteText - RouteText[id=e191155b-3232-49bd-bfe9-6bfcf78aa3cb] Adding new dynamic property: PropertyDescriptor[simple]
[pool-3392-thread-1] INFO org.apache.nifi.processors.standard.RouteText - RouteText[id=e191155b-3232-49bd-bfe9-6bfcf78aa3cb] Created FlowFile[2139,92022188467680.mockFlowFile,24B] from FlowFile[2138,92022188467680.mockFlowFile,24B]; routing to relationship simple
[pool-3392-thread-1] INFO org.apache.nifi.processors.standard.RouteText - RouteText[id=e191155b-3232-49bd-bfe9-6bfcf78aa3cb] Routing FlowFile[2138,92022188467680.mockFlowFile,24B] to original
[main] DEBUG org.apache.nifi.processors.standard.RouteText - RouteText[id=e191155b-3232-49bd-bfe9-6bfcf78aa3cb] Adding new dynamic property: PropertyDescriptor[simple]
[pool-3393-thread-1] INFO org.apache.nifi.processors.standard.RouteText - RouteText[id=e191155b-3232-49bd-bfe9-6bfcf78aa3cb] Created FlowFile[2141,92022188983576.mockFlowFile,24B] from FlowFile[2140,92022188983576.mockFlowFile,24B]; routing to relationship simple
[pool-3393-thread-1] INFO org.apache.nifi.processors.standard.RouteText - RouteText[id=e191155b-3232-49bd-bfe9-6bfcf78aa3cb] Routing FlowFile[2140,92022188983576.mockFlowFile,24B] to original
[main] DEBUG org.apache.nifi.processors.standard.RouteText - RouteText[id=e191155b-3232-49bd-bfe9-6bfcf78aa3cb] Adding new dynamic property: PropertyDescriptor[simple]
[pool-3394-thread-1] INFO org.apache.nifi.processors.standard.RouteText - RouteText[id=e191155b-3232-49bd-bfe9-6bfcf78aa3cb] Created FlowFile[2143,92022189491042.mockFlowFile,24B] from FlowFile[2142,92022189491042.mockFlowFile,24B]; routing to relationship simple
[pool-3394-thread-1] INFO org.apache.nifi.processors.standard.RouteText - RouteText[id=e191155b-3232-49bd-bfe9-6bfcf78aa3cb] Routing FlowFile[2142,92022189491042.mockFlowFile,24B] to original
[main] DEBUG org.apache.nifi.processors.standard.RouteText - RouteText[id=e191155b-3232-49bd-bfe9-6bfcf78aa3cb] Adding new dynamic property: PropertyDescriptor[simple]
[pool-3395-thread-1] INFO org.apache.nifi.processors.standard.RouteText - RouteText[id=e191155b-3232-49bd-bfe9-6bfcf78aa3cb] Created FlowFile[2145,92022190004127.mockFlowFile,24B] from FlowFile[2144,92022190004127.mockFlowFile,24B]; routing to relationship simple
[pool-3395-thread-1] INFO org.apache.nifi.processors.standard.RouteText - RouteText[id=e191155b-3232-49bd-bfe9-6bfcf78aa3cb] Routing FlowFile[2144,92022190004127.mockFlowFile,24B] to original
[main] DEBUG org.apache.nifi.processors.standard.RouteText - RouteText[id=e191155b-3232-49bd-bfe9-6bfcf78aa3cb] Adding new dynamic property: PropertyDescriptor[simple]
[pool-3396-thread-1] INFO org.apache.nifi.processors.standard.RouteText - RouteText[id=e191155b-3232-49bd-bfe9-6bfcf78aa3cb] Created FlowFile[2147,92022190511598.mockFlowFile,24B] from FlowFile[2146,92022190511598.mockFlowFile,24B]; routing to relationship simple
[pool-3396-thread-1] INFO org.apache.nifi.processors.standard.RouteText - RouteText[id=e191155b-3232-49bd-bfe9-6bfcf78aa3cb] Routing FlowFile[2146,92022190511598.mockFlowFile,24B] to original
[main] DEBUG org.apache.nifi.processors.standard.RouteText - RouteText[id=e191155b-3232-49bd-bfe9-6bfcf78aa3cb] Adding new dynamic property: PropertyDescriptor[simple]
[pool-3397-thread-1] INFO org.apache.nifi.processors.standard.RouteText - RouteText[id=e191155b-3232-49bd-bfe9-6bfcf78aa3cb] Created FlowFile[2149,92022191027061.mockFlowFile,24B] from FlowFile[2148,92022191027061.mockFlowFile,24B]; routing to relationship simple
[pool-3397-thread-1] INFO org.apache.nifi.processors.standard.RouteText - RouteText[id=e191155b-3232-49bd-bfe9-6bfcf78aa3cb] Routing FlowFile[2148,92022191027061.mockFlowFile,24B] to original
[main] DEBUG org.apache.nifi.processors.standard.RouteText - RouteText[id=e191155b-3232-49bd-bfe9-6bfcf78aa3cb] Adding new dynamic property: PropertyDescriptor[simple]
[pool-3398-thread-1] INFO org.apache.nifi.processors.standard.RouteText - RouteText[id=e191155b-3232-49bd-bfe9-6bfcf78aa3cb] Created FlowFile[2151,92022191527540.mockFlowFile,24B] from FlowFile[2150,92022191527540.mockFlowFile,24B]; routing to relationship simple
[pool-3398-thread-1] INFO org.apache.nifi.processors.standard.RouteText - RouteText[id=e191155b-3232-49bd-bfe9-6bfcf78aa3cb] Routing FlowFile[2150,92022191527540.mockFlowFile,24B] to original
[main] DEBUG org.apache.nifi.processors.standard.RouteText - RouteText[id=e191155b-3232-49bd-bfe9-6bfcf78aa3cb] Adding new dynamic property: PropertyDescriptor[simple]
[pool-3399-thread-1] INFO org.apache.nifi.processors.standard.RouteText - RouteText[id=e191155b-3232-49bd-bfe9-6bfcf78aa3cb] Created FlowFile[2153,92022192063103.mockFlowFile,24B] from FlowFile[2152,92022192063103.mockFlowFile,24B]; routing to relationship simple
[pool-3399-thread-1] INFO org.apache.nifi.processors.standard.RouteText - RouteText[id=e191155b-3232-49bd-bfe9-6bfcf78aa3cb] Routing FlowFile[2152,92022192063103.mockFlowFile,24B] to original
[main] DEBUG org.apache.nifi.processors.standard.RouteText - RouteText[id=e191155b-3232-49bd-bfe9-6bfcf78aa3cb] Adding new dynamic property: PropertyDescriptor[simple]
[pool-3400-thread-1] INFO org.apache.nifi.processors.standard.RouteText - RouteText[id=e191155b-3232-49bd-bfe9-6bfcf78aa3cb] Created FlowFile[2155,92022192592277.mockFlowFile,24B] from FlowFile[2154,92022192592277.mockFlowFile,24B]; routing to relationship simple
[pool-3400-thread-1] INFO org.apache.nifi.processors.standard.RouteText - RouteText[id=e191155b-3232-49bd-bfe9-6bfcf78aa3cb] Routing FlowFile[2154,92022192592277.mockFlowFile,24B] to original
[main] DEBUG org.apache.nifi.processors.standard.RouteText - RouteText[id=e191155b-3232-49bd-bfe9-6bfcf78aa3cb] Adding new dynamic property: PropertyDescriptor[simple]
[pool-3401-thread-1] INFO org.apache.nifi.processors.standard.RouteText - RouteText[id=e191155b-3232-49bd-bfe9-6bfcf78aa3cb] Created FlowFile[2157,92022193096663.mockFlowFile,24B] from FlowFile[2156,92022193096663.mockFlowFile,24B]; routing to relationship simple
[pool-3401-thread-1] INFO org.apache.nifi.processors.standard.RouteText - RouteText[id=e191155b-3232-49bd-bfe9-6bfcf78aa3cb] Routing FlowFile[2156,92022193096663.mockFlowFile,24B] to original
[main] DEBUG org.apache.nifi.processors.standard.RouteText - RouteText[id=e191155b-3232-49bd-bfe9-6bfcf78aa3cb] Adding new dynamic property: PropertyDescriptor[simple]
[pool-3402-thread-1] INFO org.apache.nifi.processors.standard.RouteText - RouteText[id=e191155b-3232-49bd-bfe9-6bfcf78aa3cb] Created FlowFile[2159,92022193613007.mockFlowFile,24B] from FlowFile[2158,92022193613007.mockFlowFile,24B]; routing to relationship simple
[pool-3402-thread-1] INFO org.apache.nifi.processors.standard.RouteText - RouteText[id=e191155b-3232-49bd-bfe9-6bfcf78aa3cb] Routing FlowFile[2158,92022193613007.mockFlowFile,24B] to original
[main] DEBUG org.apache.nifi.processors.standard.RouteText - RouteText[id=e191155b-3232-49bd-bfe9-6bfcf78aa3cb] Adding new dynamic property: PropertyDescriptor[simple]
[pool-3403-thread-1] INFO org.apache.nifi.processors.standard.RouteText - RouteText[id=e191155b-3232-49bd-bfe9-6bfcf78aa3cb] Created FlowFile[2161,92022194119168.mockFlowFile,24B] from FlowFile[2160,92022194119168.mockFlowFile,24B]; routing to relationship simple
[pool-3403-thread-1] INFO org.apache.nifi.processors.standard.RouteText - RouteText[id=e191155b-3232-49bd-bfe9-6bfcf78aa3cb] Routing FlowFile[2160,92022194119168.mockFlowFile,24B] to original
[main] DEBUG org.apache.nifi.processors.standard.RouteText - RouteText[id=e191155b-3232-49bd-bfe9-6bfcf78aa3cb] Adding new dynamic property: PropertyDescriptor[simple]
[pool-3404-thread-1] INFO org.apache.nifi.processors.standard.RouteText - RouteText[id=e191155b-3232-49bd-bfe9-6bfcf78aa3cb] Created FlowFile[2163,92022194620457.mockFlowFile,24B] from FlowFile[2162,92022194620457.mockFlowFile,24B]; routing to relationship simple
[pool-3404-thread-1] INFO org.apache.nifi.processors.standard.RouteText - RouteText[id=e191155b-3232-49bd-bfe9-6bfcf78aa3cb] Routing FlowFile[2162,92022194620457.mockFlowFile,24B] to original
[main] DEBUG org.apache.nifi.processors.standard.RouteText - RouteText[id=e191155b-3232-49bd-bfe9-6bfcf78aa3cb] Adding new dynamic property: PropertyDescriptor[simple]
[pool-3405-thread-1] INFO org.apache.nifi.processors.standard.RouteText - RouteText[id=e191155b-3232-49bd-bfe9-6bfcf78aa3cb] Created FlowFile[2165,92022195130913.mockFlowFile,24B] from FlowFile[2164,92022195130913.mockFlowFile,24B]; routing to relationship simple
[pool-3405-thread-1] INFO org.apache.nifi.processors.standard.RouteText - RouteText[id=e191155b-3232-49bd-bfe9-6bfcf78aa3cb] Routing FlowFile[2164,92022195130913.mockFlowFile,24B] to original
[main] DEBUG org.apache.nifi.processors.standard.RouteText - RouteText[id=e191155b-3232-49bd-bfe9-6bfcf78aa3cb] Adding new dynamic property: PropertyDescriptor[simple]
[pool-3406-thread-1] INFO org.apache.nifi.processors.standard.RouteText - RouteText[id=e191155b-3232-49bd-bfe9-6bfcf78aa3cb] Created FlowFile[2167,92022195652865.mockFlowFile,24B] from FlowFile[2166,92022195652865.mockFlowFile,24B]; routing to relationship simple
[pool-3406-thread-1] INFO org.apache.nifi.processors.standard.RouteText - RouteText[id=e191155b-3232-49bd-bfe9-6bfcf78aa3cb] Routing FlowFile[2166,92022195652865.mockFlowFile,24B] to original
[main] DEBUG org.apache.nifi.processors.standard.RouteText - RouteText[id=e191155b-3232-49bd-bfe9-6bfcf78aa3cb] Adding new dynamic property: PropertyDescriptor[simple]
[pool-3407-thread-1] INFO org.apache.nifi.processors.standard.RouteText - RouteText[id=e191155b-3232-49bd-bfe9-6bfcf78aa3cb] Created FlowFile[2169,92022196181480.mockFlowFile,24B] from FlowFile[2168,92022196181480.mockFlowFile,24B]; routing to relationship simple
[pool-3407-thread-1] INFO org.apache.nifi.processors.standard.RouteText - RouteText[id=e191155b-3232-49bd-bfe9-6bfcf78aa3cb] Routing FlowFile[2168,92022196181480.mockFlowFile,24B] to original
[main] DEBUG org.apache.nifi.processors.standard.RouteText - RouteText[id=e191155b-3232-49bd-bfe9-6bfcf78aa3cb] Adding new dynamic property: PropertyDescriptor[simple]
[pool-3408-thread-1] INFO org.apache.nifi.processors.standard.RouteText - RouteText[id=e191155b-3232-49bd-bfe9-6bfcf78aa3cb] Created FlowFile[2171,92022196709413.mockFlowFile,24B] from FlowFile[2170,92022196709413.mockFlowFile,24B]; routing to relationship simple
[pool-3408-thread-1] INFO org.apache.nifi.processors.standard.RouteText - RouteText[id=e191155b-3232-49bd-bfe9-6bfcf78aa3cb] Routing FlowFile[2170,92022196709413.mockFlowFile,24B] to original
[main] DEBUG org.apache.nifi.processors.standard.RouteText - RouteText[id=e191155b-3232-49bd-bfe9-6bfcf78aa3cb] Adding new dynamic property: PropertyDescriptor[simple]
[pool-3409-thread-1] INFO org.apache.nifi.processors.standard.RouteText - RouteText[id=e191155b-3232-49bd-bfe9-6bfcf78aa3cb] Created FlowFile[2173,92022197366648.mockFlowFile,24B] from FlowFile[2172,92022197366648.mockFlowFile,24B]; routing to relationship simple
[pool-3409-thread-1] INFO org.apache.nifi.processors.standard.RouteText - RouteText[id=e191155b-3232-49bd-bfe9-6bfcf78aa3cb] Routing FlowFile[2172,92022197366648.mockFlowFile,24B] to original
[main] DEBUG org.apache.nifi.processors.standard.RouteText - RouteText[id=e191155b-3232-49bd-bfe9-6bfcf78aa3cb] Adding new dynamic property: PropertyDescriptor[simple]
[pool-3410-thread-1] INFO org.apache.nifi.processors.standard.RouteText - RouteText[id=e191155b-3232-49bd-bfe9-6bfcf78aa3cb] Created FlowFile[2175,92022197941925.mockFlowFile,24B] from FlowFile[2174,92022197941925.mockFlowFile,24B]; routing to relationship simple
[pool-3410-thread-1] INFO org.apache.nifi.processors.standard.RouteText - RouteText[id=e191155b-3232-49bd-bfe9-6bfcf78aa3cb] Routing FlowFile[2174,92022197941925.mockFlowFile,24B] to original
[main] DEBUG org.apache.nifi.processors.standard.RouteText - RouteText[id=e191155b-3232-49bd-bfe9-6bfcf78aa3cb] Adding new dynamic property: PropertyDescriptor[simple]
[pool-3411-thread-1] INFO org.apache.nifi.processors.standard.RouteText - RouteText[id=e191155b-3232-49bd-bfe9-6bfcf78aa3cb] Created FlowFile[2177,92022198504155.mockFlowFile,24B] from FlowFile[2176,92022198504155.mockFlowFile,24B]; routing to relationship simple
[pool-3411-thread-1] INFO org.apache.nifi.processors.standard.RouteText - RouteText[id=e191155b-3232-49bd-bfe9-6bfcf78aa3cb] Routing FlowFile[2176,92022198504155.mockFlowFile,24B] to original
[main] DEBUG org.apache.nifi.processors.standard.RouteText - RouteText[id=e191155b-3232-49bd-bfe9-6bfcf78aa3cb] Adding new dynamic property: PropertyDescriptor[simple]
[pool-3412-thread-1] INFO org.apache.nifi.processors.standard.RouteText - RouteText[id=e191155b-3232-49bd-bfe9-6bfcf78aa3cb] Created FlowFile[2179,92022199075715.mockFlowFile,24B] from FlowFile[2178,92022199075715.mockFlowFile,24B]; routing to relationship simple
[pool-3412-thread-1] INFO org.apache.nifi.processors.standard.RouteText - RouteText[id=e191155b-3232-49bd-bfe9-6bfcf78aa3cb] Routing FlowFile[2178,92022199075715.mockFlowFile,24B] to original
[main] DEBUG org.apache.nifi.processors.standard.RouteText - RouteText[id=e191155b-3232-49bd-bfe9-6bfcf78aa3cb] Adding new dynamic property: PropertyDescriptor[simple]
[pool-3413-thread-1] INFO org.apache.nifi.processors.standard.RouteText - RouteText[id=e191155b-3232-49bd-bfe9-6bfcf78aa3cb] Created FlowFile[2181,92022199621077.mockFlowFile,24B] from FlowFile[2180,92022199621077.mockFlowFile,24B]; routing to relationship simple
[pool-3413-thread-1] INFO org.apache.nifi.processors.standard.RouteText - RouteText[id=e191155b-3232-49bd-bfe9-6bfcf78aa3cb] Routing FlowFile[2180,92022199621077.mockFlowFile,24B] to original
[main] DEBUG org.apache.nifi.processors.standard.RouteText - RouteText[id=e191155b-3232-49bd-bfe9-6bfcf78aa3cb] Adding new dynamic property: PropertyDescriptor[simple]
[pool-3414-thread-1] INFO org.apache.nifi.processors.standard.RouteText - RouteText[id=e191155b-3232-49bd-bfe9-6bfcf78aa3cb] Created FlowFile[2183,92022200279661.mockFlowFile,24B] from FlowFile[2182,92022200279661.mockFlowFile,24B]; routing to relationship simple
[pool-3414-thread-1] INFO org.apache.nifi.processors.standard.RouteText - RouteText[id=e191155b-3232-49bd-bfe9-6bfcf78aa3cb] Routing FlowFile[2182,92022200279661.mockFlowFile,24B] to original
[main] DEBUG org.apache.nifi.processors.standard.RouteText - RouteText[id=e191155b-3232-49bd-bfe9-6bfcf78aa3cb] Adding new dynamic property: PropertyDescriptor[simple]
[pool-3415-thread-1] INFO org.apache.nifi.processors.standard.RouteText - RouteText[id=e191155b-3232-49bd-bfe9-6bfcf78aa3cb] Created FlowFile[2185,92022200830784.mockFlowFile,24B] from FlowFile[2184,92022200830784.mockFlowFile,24B]; routing to relationship simple
[pool-3415-thread-1] INFO org.apache.nifi.processors.standard.RouteText - RouteText[id=e191155b-3232-49bd-bfe9-6bfcf78aa3cb] Routing FlowFile[2184,92022200830784.mockFlowFile,24B] to original
[main] DEBUG org.apache.nifi.processors.standard.RouteText - RouteText[id=e191155b-3232-49bd-bfe9-6bfcf78aa3cb] Adding new dynamic property: PropertyDescriptor[simple]
[pool-3416-thread-1] INFO org.apache.nifi.processors.standard.RouteText - RouteText[id=e191155b-3232-49bd-bfe9-6bfcf78aa3cb] Created FlowFile[2187,92022201398382.mockFlowFile,24B] from FlowFile[2186,92022201398382.mockFlowFile,24B]; routing to relationship simple
[pool-3416-thread-1] INFO org.apache.nifi.processors.standard.RouteText - RouteText[id=e191155b-3232-49bd-bfe9-6bfcf78aa3cb] Routing FlowFile[2186,92022201398382.mockFlowFile,24B] to original
[main] DEBUG org.apache.nifi.processors.standard.RouteText - RouteText[id=e191155b-3232-49bd-bfe9-6bfcf78aa3cb] Adding new dynamic property: PropertyDescriptor[simple]
[pool-3417-thread-1] INFO org.apache.nifi.processors.standard.RouteText - RouteText[id=e191155b-3232-49bd-bfe9-6bfcf78aa3cb] Created FlowFile[2189,92022201951713.mockFlowFile,24B] from FlowFile[2188,92022201951713.mockFlowFile,24B]; routing to relationship simple
[pool-3417-thread-1] INFO org.apache.nifi.processors.standard.RouteText - RouteText[id=e191155b-3232-49bd-bfe9-6bfcf78aa3cb] Routing FlowFile[2188,92022201951713.mockFlowFile,24B] to original
[main] DEBUG org.apache.nifi.processors.standard.RouteText - RouteText[id=e191155b-3232-49bd-bfe9-6bfcf78aa3cb] Adding new dynamic property: PropertyDescriptor[simple]
[pool-3418-thread-1] INFO org.apache.nifi.processors.standard.RouteText - RouteText[id=e191155b-3232-49bd-bfe9-6bfcf78aa3cb] Created FlowFile[2191,92022202462939.mockFlowFile,24B] from FlowFile[2190,92022202462939.mockFlowFile,24B]; routing to relationship simple
[pool-3418-thread-1] INFO org.apache.nifi.processors.standard.RouteText - RouteText[id=e191155b-3232-49bd-bfe9-6bfcf78aa3cb] Routing FlowFile[2190,92022202462939.mockFlowFile,24B] to original
[main] DEBUG org.apache.nifi.processors.standard.RouteText - RouteText[id=e191155b-3232-49bd-bfe9-6bfcf78aa3cb] Adding new dynamic property: PropertyDescriptor[simple]
[pool-3419-thread-1] INFO org.apache.nifi.processors.standard.RouteText - RouteText[id=e191155b-3232-49bd-bfe9-6bfcf78aa3cb] Created FlowFile[2193,92022202978981.mockFlowFile,24B] from FlowFile[2192,92022202978981.mockFlowFile,24B]; routing to relationship simple
[pool-3419-thread-1] INFO org.apache.nifi.processors.standard.RouteText - RouteText[id=e191155b-3232-49bd-bfe9-6bfcf78aa3cb] Routing FlowFile[2192,92022202978981.mockFlowFile,24B] to original
[main] DEBUG org.apache.nifi.processors.standard.RouteText - RouteText[id=e191155b-3232-49bd-bfe9-6bfcf78aa3cb] Adding new dynamic property: PropertyDescriptor[simple]
[pool-3420-thread-1] INFO org.apache.nifi.processors.standard.RouteText - RouteText[id=e191155b-3232-49bd-bfe9-6bfcf78aa3cb] Created FlowFile[2195,92022203416629.mockFlowFile,24B] from FlowFile[2194,92022203416629.mockFlowFile,24B]; routing to relationship simple
[pool-3420-thread-1] INFO org.apache.nifi.processors.standard.RouteText - RouteText[id=e191155b-3232-49bd-bfe9-6bfcf78aa3cb] Routing FlowFile[2194,92022203416629.mockFlowFile,24B] to original
[main] DEBUG org.apache.nifi.processors.standard.RouteText - RouteText[id=e191155b-3232-49bd-bfe9-6bfcf78aa3cb] Adding new dynamic property: PropertyDescriptor[simple]
[pool-3421-thread-1] INFO org.apache.nifi.processors.standard.RouteText - RouteText[id=e191155b-3232-49bd-bfe9-6bfcf78aa3cb] Created FlowFile[2197,92022203910989.mockFlowFile,24B] from FlowFile[2196,92022203910989.mockFlowFile,24B]; routing to relationship simple
[pool-3421-thread-1] INFO org.apache.nifi.processors.standard.RouteText - RouteText[id=e191155b-3232-49bd-bfe9-6bfcf78aa3cb] Routing FlowFile[2196,92022203910989.mockFlowFile,24B] to original
[main] DEBUG org.apache.nifi.processors.standard.RouteText - RouteText[id=e191155b-3232-49bd-bfe9-6bfcf78aa3cb] Adding new dynamic property: PropertyDescriptor[simple]
[pool-3422-thread-1] INFO org.apache.nifi.processors.standard.RouteText - RouteText[id=e191155b-3232-49bd-bfe9-6bfcf78aa3cb] Created FlowFile[2199,92022204409065.mockFlowFile,24B] from FlowFile[2198,92022204409065.mockFlowFile,24B]; routing to relationship simple
[pool-3422-thread-1] INFO org.apache.nifi.processors.standard.RouteText - RouteText[id=e191155b-3232-49bd-bfe9-6bfcf78aa3cb] Routing FlowFile[2198,92022204409065.mockFlowFile,24B] to original
[main] DEBUG org.apache.nifi.processors.standard.RouteText - RouteText[id=e191155b-3232-49bd-bfe9-6bfcf78aa3cb] Adding new dynamic property: PropertyDescriptor[simple]
[pool-3423-thread-1] INFO org.apache.nifi.processors.standard.RouteText - RouteText[id=e191155b-3232-49bd-bfe9-6bfcf78aa3cb] Created FlowFile[2201,92022204924855.mockFlowFile,24B] from FlowFile[2200,92022204924855.mockFlowFile,24B]; routing to relationship simple
[pool-3423-thread-1] INFO org.apache.nifi.processors.standard.RouteText - RouteText[id=e191155b-3232-49bd-bfe9-6bfcf78aa3cb] Routing FlowFile[2200,92022204924855.mockFlowFile,24B] to original
[main] DEBUG org.apache.nifi.processors.standard.RouteText - RouteText[id=e191155b-3232-49bd-bfe9-6bfcf78aa3cb] Adding new dynamic property: PropertyDescriptor[simple]
[pool-3424-thread-1] INFO org.apache.nifi.processors.standard.RouteText - RouteText[id=e191155b-3232-49bd-bfe9-6bfcf78aa3cb] Created FlowFile[2203,92022235584606.mockFlowFile,24B] from FlowFile[2202,92022235584606.mockFlowFile,24B]; routing to relationship simple
[pool-3424-thread-1] INFO org.apache.nifi.processors.standard.RouteText - RouteText[id=e191155b-3232-49bd-bfe9-6bfcf78aa3cb] Routing FlowFile[2202,92022235584606.mockFlowFile,24B] to original
[main] DEBUG org.apache.nifi.processors.standard.RouteText - RouteText[id=e191155b-3232-49bd-bfe9-6bfcf78aa3cb] Adding new dynamic property: PropertyDescriptor[simple]
[pool-3425-thread-1] INFO org.apache.nifi.processors.standard.RouteText - RouteText[id=e191155b-3232-49bd-bfe9-6bfcf78aa3cb] Created FlowFile[2205,92022236157424.mockFlowFile,24B] from FlowFile[2204,92022236157424.mockFlowFile,24B]; routing to relationship simple
[pool-3425-thread-1] INFO org.apache.nifi.processors.standard.RouteText - RouteText[id=e191155b-3232-49bd-bfe9-6bfcf78aa3cb] Routing FlowFile[2204,92022236157424.mockFlowFile,24B] to original
[main] DEBUG org.apache.nifi.processors.standard.RouteText - RouteText[id=e191155b-3232-49bd-bfe9-6bfcf78aa3cb] Adding new dynamic property: PropertyDescriptor[simple]
[pool-3426-thread-1] INFO org.apache.nifi.processors.standard.RouteText - RouteText[id=e191155b-3232-49bd-bfe9-6bfcf78aa3cb] Created FlowFile[2207,92022236681683.mockFlowFile,24B] from FlowFile[2206,92022236681683.mockFlowFile,24B]; routing to relationship simple
[pool-3426-thread-1] INFO org.apache.nifi.processors.standard.RouteText - RouteText[id=e191155b-3232-49bd-bfe9-6bfcf78aa3cb] Routing FlowFile[2206,92022236681683.mockFlowFile,24B] to original
[main] DEBUG org.apache.nifi.processors.standard.RouteText - RouteText[id=e191155b-3232-49bd-bfe9-6bfcf78aa3cb] Adding new dynamic property: PropertyDescriptor[simple]
[pool-3427-thread-1] INFO org.apache.nifi.processors.standard.RouteText - RouteText[id=e191155b-3232-49bd-bfe9-6bfcf78aa3cb] Created FlowFile[2209,92022237183506.mockFlowFile,24B] from FlowFile[2208,92022237183506.mockFlowFile,24B]; routing to relationship simple
[pool-3427-thread-1] INFO org.apache.nifi.processors.standard.RouteText - RouteText[id=e191155b-3232-49bd-bfe9-6bfcf78aa3cb] Routing FlowFile[2208,92022237183506.mockFlowFile,24B] to original
[main] DEBUG org.apache.nifi.processors.standard.RouteText - RouteText[id=e191155b-3232-49bd-bfe9-6bfcf78aa3cb] Adding new dynamic property: PropertyDescriptor[simple]
[pool-3428-thread-1] INFO org.apache.nifi.processors.standard.RouteText - RouteText[id=e191155b-3232-49bd-bfe9-6bfcf78aa3cb] Created FlowFile[2211,92022237688185.mockFlowFile,24B] from FlowFile[2210,92022237688185.mockFlowFile,24B]; routing to relationship simple
[pool-3428-thread-1] INFO org.apache.nifi.processors.standard.RouteText - RouteText[id=e191155b-3232-49bd-bfe9-6bfcf78aa3cb] Routing FlowFile[2210,92022237688185.mockFlowFile,24B] to original
[main] DEBUG org.apache.nifi.processors.standard.RouteText - RouteText[id=e191155b-3232-49bd-bfe9-6bfcf78aa3cb] Adding new dynamic property: PropertyDescriptor[simple]
[pool-3429-thread-1] INFO org.apache.nifi.processors.standard.RouteText - RouteText[id=e191155b-3232-49bd-bfe9-6bfcf78aa3cb] Created FlowFile[2213,92022238247373.mockFlowFile,24B] from FlowFile[2212,92022238247373.mockFlowFile,24B]; routing to relationship simple
[pool-3429-thread-1] INFO org.apache.nifi.processors.standard.RouteText - RouteText[id=e191155b-3232-49bd-bfe9-6bfcf78aa3cb] Routing FlowFile[2212,92022238247373.mockFlowFile,24B] to original
[main] DEBUG org.apache.nifi.processors.standard.RouteText - RouteText[id=e191155b-3232-49bd-bfe9-6bfcf78aa3cb] Adding new dynamic property: PropertyDescriptor[simple]
[pool-3430-thread-1] INFO org.apache.nifi.processors.standard.RouteText - RouteText[id=e191155b-3232-49bd-bfe9-6bfcf78aa3cb] Created FlowFile[2215,92022238836665.mockFlowFile,24B] from FlowFile[2214,92022238836665.mockFlowFile,24B]; routing to relationship simple
[pool-3430-thread-1] INFO org.apache.nifi.processors.standard.RouteText - RouteText[id=e191155b-3232-49bd-bfe9-6bfcf78aa3cb] Routing FlowFile[2214,92022238836665.mockFlowFile,24B] to original
[main] DEBUG org.apache.nifi.processors.standard.RouteText - RouteText[id=e191155b-3232-49bd-bfe9-6bfcf78aa3cb] Adding new dynamic property: PropertyDescriptor[simple]
[pool-3431-thread-1] INFO org.apache.nifi.processors.standard.RouteText - RouteText[id=e191155b-3232-49bd-bfe9-6bfcf78aa3cb] Created FlowFile[2217,92022239370348.mockFlowFile,24B] from FlowFile[2216,92022239370348.mockFlowFile,24B]; routing to relationship simple
[pool-3431-thread-1] INFO org.apache.nifi.processors.standard.RouteText - RouteText[id=e191155b-3232-49bd-bfe9-6bfcf78aa3cb] Routing FlowFile[2216,92022239370348.mockFlowFile,24B] to original
[main] DEBUG org.apache.nifi.processors.standard.RouteText - RouteText[id=e191155b-3232-49bd-bfe9-6bfcf78aa3cb] Adding new dynamic property: PropertyDescriptor[simple]
[pool-3432-thread-1] INFO org.apache.nifi.processors.standard.RouteText - RouteText[id=e191155b-3232-49bd-bfe9-6bfcf78aa3cb] Created FlowFile[2219,92022239931672.mockFlowFile,24B] from FlowFile[2218,92022239931672.mockFlowFile,24B]; routing to relationship simple
[pool-3432-thread-1] INFO org.apache.nifi.processors.standard.RouteText - RouteText[id=e191155b-3232-49bd-bfe9-6bfcf78aa3cb] Routing FlowFile[2218,92022239931672.mockFlowFile,24B] to original
[main] DEBUG org.apache.nifi.processors.standard.RouteText - RouteText[id=e191155b-3232-49bd-bfe9-6bfcf78aa3cb] Adding new dynamic property: PropertyDescriptor[simple]
[pool-3433-thread-1] INFO org.apache.nifi.processors.standard.RouteText - RouteText[id=e191155b-3232-49bd-bfe9-6bfcf78aa3cb] Created FlowFile[2221,92022240448248.mockFlowFile,24B] from FlowFile[2220,92022240448248.mockFlowFile,24B]; routing to relationship simple
[pool-3433-thread-1] INFO org.apache.nifi.processors.standard.RouteText - RouteText[id=e191155b-3232-49bd-bfe9-6bfcf78aa3cb] Routing FlowFile[2220,92022240448248.mockFlowFile,24B] to original
[main] DEBUG org.apache.nifi.processors.standard.RouteText - RouteText[id=e191155b-3232-49bd-bfe9-6bfcf78aa3cb] Adding new dynamic property: PropertyDescriptor[simple]
[pool-3434-thread-1] INFO org.apache.nifi.processors.standard.RouteText - RouteText[id=e191155b-3232-49bd-bfe9-6bfcf78aa3cb] Created FlowFile[2223,92022240984149.mockFlowFile,24B] from FlowFile[2222,92022240984149.mockFlowFile,24B]; routing to relationship simple
[pool-3434-thread-1] INFO org.apache.nifi.processors.standard.RouteText - RouteText[id=e191155b-3232-49bd-bfe9-6bfcf78aa3cb] Routing FlowFile[2222,92022240984149.mockFlowFile,24B] to original
[main] DEBUG org.apache.nifi.processors.standard.RouteText - RouteText[id=e191155b-3232-49bd-bfe9-6bfcf78aa3cb] Adding new dynamic property: PropertyDescriptor[simple]
[pool-3435-thread-1] INFO org.apache.nifi.processors.standard.RouteText - RouteText[id=e191155b-3232-49bd-bfe9-6bfcf78aa3cb] Created FlowFile[2225,92022241547278.mockFlowFile,24B] from FlowFile[2224,92022241547278.mockFlowFile,24B]; routing to relationship simple
[pool-3435-thread-1] INFO org.apache.nifi.processors.standard.RouteText - RouteText[id=e191155b-3232-49bd-bfe9-6bfcf78aa3cb] Routing FlowFile[2224,92022241547278.mockFlowFile,24B] to original
[main] DEBUG org.apache.nifi.processors.standard.RouteText - RouteText[id=e191155b-3232-49bd-bfe9-6bfcf78aa3cb] Adding new dynamic property: PropertyDescriptor[simple]
[pool-3436-thread-1] INFO org.apache.nifi.processors.standard.RouteText - RouteText[id=e191155b-3232-49bd-bfe9-6bfcf78aa3cb] Created FlowFile[2227,92022242141249.mockFlowFile,24B] from FlowFile[2226,92022242141249.mockFlowFile,24B]; routing to relationship simple
[pool-3436-thread-1] INFO org.apache.nifi.processors.standard.RouteText - RouteText[id=e191155b-3232-49bd-bfe9-6bfcf78aa3cb] Routing FlowFile[2226,92022242141249.mockFlowFile,24B] to original
[main] DEBUG org.apache.nifi.processors.standard.RouteText - RouteText[id=e191155b-3232-49bd-bfe9-6bfcf78aa3cb] Adding new dynamic property: PropertyDescriptor[simple]
[pool-3437-thread-1] INFO org.apache.nifi.processors.standard.RouteText - RouteText[id=e191155b-3232-49bd-bfe9-6bfcf78aa3cb] Created FlowFile[2229,92022242757988.mockFlowFile,24B] from FlowFile[2228,92022242757988.mockFlowFile,24B]; routing to relationship simple
[pool-3437-thread-1] INFO org.apache.nifi.processors.standard.RouteText - RouteText[id=e191155b-3232-49bd-bfe9-6bfcf78aa3cb] Routing FlowFile[2228,92022242757988.mockFlowFile,24B] to original
[main] DEBUG org.apache.nifi.processors.standard.RouteText - RouteText[id=e191155b-3232-49bd-bfe9-6bfcf78aa3cb] Adding new dynamic property: PropertyDescriptor[simple]
[pool-3438-thread-1] INFO org.apache.nifi.processors.standard.RouteText - RouteText[id=e191155b-3232-49bd-bfe9-6bfcf78aa3cb] Created FlowFile[2231,92022243324166.mockFlowFile,24B] from FlowFile[2230,92022243324166.mockFlowFile,24B]; routing to relationship simple
[pool-3438-thread-1] INFO org.apache.nifi.processors.standard.RouteText - RouteText[id=e191155b-3232-49bd-bfe9-6bfcf78aa3cb] Routing FlowFile[2230,92022243324166.mockFlowFile,24B] to original
[main] DEBUG org.apache.nifi.processors.standard.RouteText - RouteText[id=e191155b-3232-49bd-bfe9-6bfcf78aa3cb] Adding new dynamic property: PropertyDescriptor[simple]
[pool-3439-thread-1] INFO org.apache.nifi.processors.standard.RouteText - RouteText[id=e191155b-3232-49bd-bfe9-6bfcf78aa3cb] Created FlowFile[2233,92022243902446.mockFlowFile,24B] from FlowFile[2232,92022243902446.mockFlowFile,24B]; routing to relationship simple
[pool-3439-thread-1] INFO org.apache.nifi.processors.standard.RouteText - RouteText[id=e191155b-3232-49bd-bfe9-6bfcf78aa3cb] Routing FlowFile[2232,92022243902446.mockFlowFile,24B] to original
[main] DEBUG org.apache.nifi.processors.standard.RouteText - RouteText[id=e191155b-3232-49bd-bfe9-6bfcf78aa3cb] Adding new dynamic property: PropertyDescriptor[simple]
[pool-3440-thread-1] INFO org.apache.nifi.processors.standard.RouteText - RouteText[id=e191155b-3232-49bd-bfe9-6bfcf78aa3cb] Created FlowFile[2235,92022244503209.mockFlowFile,24B] from FlowFile[2234,92022244503209.mockFlowFile,24B]; routing to relationship simple
[pool-3440-thread-1] INFO org.apache.nifi.processors.standard.RouteText - RouteText[id=e191155b-3232-49bd-bfe9-6bfcf78aa3cb] Routing FlowFile[2234,92022244503209.mockFlowFile,24B] to original
[main] DEBUG org.apache.nifi.processors.standard.RouteText - RouteText[id=e191155b-3232-49bd-bfe9-6bfcf78aa3cb] Adding new dynamic property: PropertyDescriptor[simple]
[pool-3441-thread-1] INFO org.apache.nifi.processors.standard.RouteText - RouteText[id=e191155b-3232-49bd-bfe9-6bfcf78aa3cb] Created FlowFile[2237,92022245098035.mockFlowFile,24B] from FlowFile[2236,92022245098035.mockFlowFile,24B]; routing to relationship simple
[pool-3441-thread-1] INFO org.apache.nifi.processors.standard.RouteText - RouteText[id=e191155b-3232-49bd-bfe9-6bfcf78aa3cb] Routing FlowFile[2236,92022245098035.mockFlowFile,24B] to original
[main] DEBUG org.apache.nifi.processors.standard.RouteText - RouteText[id=e191155b-3232-49bd-bfe9-6bfcf78aa3cb] Adding new dynamic property: PropertyDescriptor[simple]
[pool-3442-thread-1] INFO org.apache.nifi.processors.standard.RouteText - RouteText[id=e191155b-3232-49bd-bfe9-6bfcf78aa3cb] Created FlowFile[2239,92022245663361.mockFlowFile,24B] from FlowFile[2238,92022245663361.mockFlowFile,24B]; routing to relationship simple
[pool-3442-thread-1] INFO org.apache.nifi.processors.standard.RouteText - RouteText[id=e191155b-3232-49bd-bfe9-6bfcf78aa3cb] Routing FlowFile[2238,92022245663361.mockFlowFile,24B] to original
[main] DEBUG org.apache.nifi.processors.standard.RouteText - RouteText[id=e191155b-3232-49bd-bfe9-6bfcf78aa3cb] Adding new dynamic property: PropertyDescriptor[simple]
[pool-3443-thread-1] INFO org.apache.nifi.processors.standard.RouteText - RouteText[id=e191155b-3232-49bd-bfe9-6bfcf78aa3cb] Created FlowFile[2241,92022246242737.mockFlowFile,24B] from FlowFile[2240,92022246242737.mockFlowFile,24B]; routing to relationship simple
[pool-3443-thread-1] INFO org.apache.nifi.processors.standard.RouteText - RouteText[id=e191155b-3232-49bd-bfe9-6bfcf78aa3cb] Routing FlowFile[2240,92022246242737.mockFlowFile,24B] to original
[main] DEBUG org.apache.nifi.processors.standard.RouteText - RouteText[id=e191155b-3232-49bd-bfe9-6bfcf78aa3cb] Adding new dynamic property: PropertyDescriptor[simple]
[pool-3444-thread-1] INFO org.apache.nifi.processors.standard.RouteText - RouteText[id=e191155b-3232-49bd-bfe9-6bfcf78aa3cb] Created FlowFile[2243,92022246820572.mockFlowFile,24B] from FlowFile[2242,92022246820572.mockFlowFile,24B]; routing to relationship simple
[pool-3444-thread-1] INFO org.apache.nifi.processors.standard.RouteText - RouteText[id=e191155b-3232-49bd-bfe9-6bfcf78aa3cb] Routing FlowFile[2242,92022246820572.mockFlowFile,24B] to original
[main] DEBUG org.apache.nifi.processors.standard.RouteText - RouteText[id=e191155b-3232-49bd-bfe9-6bfcf78aa3cb] Adding new dynamic property: PropertyDescriptor[simple]
[pool-3445-thread-1] INFO org.apache.nifi.processors.standard.RouteText - RouteText[id=e191155b-3232-49bd-bfe9-6bfcf78aa3cb] Created FlowFile[2245,92022247337673.mockFlowFile,24B] from FlowFile[2244,92022247337673.mockFlowFile,24B]; routing to relationship simple
[pool-3445-thread-1] INFO org.apache.nifi.processors.standard.RouteText - RouteText[id=e191155b-3232-49bd-bfe9-6bfcf78aa3cb] Routing FlowFile[2244,92022247337673.mockFlowFile,24B] to original
[main] DEBUG org.apache.nifi.processors.standard.RouteText - RouteText[id=e191155b-3232-49bd-bfe9-6bfcf78aa3cb] Adding new dynamic property: PropertyDescriptor[simple]
[pool-3446-thread-1] INFO org.apache.nifi.processors.standard.RouteText - RouteText[id=e191155b-3232-49bd-bfe9-6bfcf78aa3cb] Created FlowFile[2247,92022247872434.mockFlowFile,24B] from FlowFile[2246,92022247872434.mockFlowFile,24B]; routing to relationship simple
[pool-3446-thread-1] INFO org.apache.nifi.processors.standard.RouteText - RouteText[id=e191155b-3232-49bd-bfe9-6bfcf78aa3cb] Routing FlowFile[2246,92022247872434.mockFlowFile,24B] to original
[main] DEBUG org.apache.nifi.processors.standard.RouteText - RouteText[id=e191155b-3232-49bd-bfe9-6bfcf78aa3cb] Adding new dynamic property: PropertyDescriptor[simple]
[pool-3447-thread-1] INFO org.apache.nifi.processors.standard.RouteText - RouteText[id=e191155b-3232-49bd-bfe9-6bfcf78aa3cb] Created FlowFile[2249,92022248431391.mockFlowFile,24B] from FlowFile[2248,92022248431391.mockFlowFile,24B]; routing to relationship simple
[pool-3447-thread-1] INFO org.apache.nifi.processors.standard.RouteText - RouteText[id=e191155b-3232-49bd-bfe9-6bfcf78aa3cb] Routing FlowFile[2248,92022248431391.mockFlowFile,24B] to original
[main] DEBUG org.apache.nifi.processors.standard.RouteText - RouteText[id=e191155b-3232-49bd-bfe9-6bfcf78aa3cb] Adding new dynamic property: PropertyDescriptor[simple]
[pool-3448-thread-1] INFO org.apache.nifi.processors.standard.RouteText - RouteText[id=e191155b-3232-49bd-bfe9-6bfcf78aa3cb] Created FlowFile[2251,92022248970602.mockFlowFile,24B] from FlowFile[2250,92022248970602.mockFlowFile,24B]; routing to relationship simple
[pool-3448-thread-1] INFO org.apache.nifi.processors.standard.RouteText - RouteText[id=e191155b-3232-49bd-bfe9-6bfcf78aa3cb] Routing FlowFile[2250,92022248970602.mockFlowFile,24B] to original
[main] DEBUG org.apache.nifi.processors.standard.RouteText - RouteText[id=e191155b-3232-49bd-bfe9-6bfcf78aa3cb] Adding new dynamic property: PropertyDescriptor[simple]
[pool-3449-thread-1] INFO org.apache.nifi.processors.standard.RouteText - RouteText[id=e191155b-3232-49bd-bfe9-6bfcf78aa3cb] Created FlowFile[2253,92022249506421.mockFlowFile,24B] from FlowFile[2252,92022249506421.mockFlowFile,24B]; routing to relationship simple
[pool-3449-thread-1] INFO org.apache.nifi.processors.standard.RouteText - RouteText[id=e191155b-3232-49bd-bfe9-6bfcf78aa3cb] Routing FlowFile[2252,92022249506421.mockFlowFile,24B] to original
[main] DEBUG org.apache.nifi.processors.standard.RouteText - RouteText[id=e191155b-3232-49bd-bfe9-6bfcf78aa3cb] Adding new dynamic property: PropertyDescriptor[simple]
[pool-3450-thread-1] INFO org.apache.nifi.processors.standard.RouteText - RouteText[id=e191155b-3232-49bd-bfe9-6bfcf78aa3cb] Created FlowFile[2255,92022250061817.mockFlowFile,24B] from FlowFile[2254,92022250061817.mockFlowFile,24B]; routing to relationship simple
[pool-3450-thread-1] INFO org.apache.nifi.processors.standard.RouteText - RouteText[id=e191155b-3232-49bd-bfe9-6bfcf78aa3cb] Routing FlowFile[2254,92022250061817.mockFlowFile,24B] to original
[main] DEBUG org.apache.nifi.processors.standard.RouteText - RouteText[id=e191155b-3232-49bd-bfe9-6bfcf78aa3cb] Adding new dynamic property: PropertyDescriptor[simple]
[pool-3451-thread-1] INFO org.apache.nifi.processors.standard.RouteText - RouteText[id=e191155b-3232-49bd-bfe9-6bfcf78aa3cb] Created FlowFile[2257,92022250632469.mockFlowFile,24B] from FlowFile[2256,92022250632469.mockFlowFile,24B]; routing to relationship simple
[pool-3451-thread-1] INFO org.apache.nifi.processors.standard.RouteText - RouteText[id=e191155b-3232-49bd-bfe9-6bfcf78aa3cb] Routing FlowFile[2256,92022250632469.mockFlowFile,24B] to original
[main] DEBUG org.apache.nifi.processors.standard.RouteText - RouteText[id=e191155b-3232-49bd-bfe9-6bfcf78aa3cb] Adding new dynamic property: PropertyDescriptor[simple]
[pool-3452-thread-1] INFO org.apache.nifi.processors.standard.RouteText - RouteText[id=e191155b-3232-49bd-bfe9-6bfcf78aa3cb] Created FlowFile[2259,92022251190716.mockFlowFile,24B] from FlowFile[2258,92022251190716.mockFlowFile,24B]; routing to relationship simple
[pool-3452-thread-1] INFO org.apache.nifi.processors.standard.RouteText - RouteText[id=e191155b-3232-49bd-bfe9-6bfcf78aa3cb] Routing FlowFile[2258,92022251190716.mockFlowFile,24B] to original
[main] DEBUG org.apache.nifi.processors.standard.RouteText - RouteText[id=e191155b-3232-49bd-bfe9-6bfcf78aa3cb] Adding new dynamic property: PropertyDescriptor[simple]
[pool-3453-thread-1] INFO org.apache.nifi.processors.standard.RouteText - RouteText[id=e191155b-3232-49bd-bfe9-6bfcf78aa3cb] Created FlowFile[2261,92022251717963.mockFlowFile,24B] from FlowFile[2260,92022251717963.mockFlowFile,24B]; routing to relationship simple
[pool-3453-thread-1] INFO org.apache.nifi.processors.standard.RouteText - RouteText[id=e191155b-3232-49bd-bfe9-6bfcf78aa3cb] Routing FlowFile[2260,92022251717963.mockFlowFile,24B] to original
[main] DEBUG org.apache.nifi.processors.standard.RouteText - RouteText[id=e191155b-3232-49bd-bfe9-6bfcf78aa3cb] Adding new dynamic property: PropertyDescriptor[simple]
[pool-3454-thread-1] INFO org.apache.nifi.processors.standard.RouteText - RouteText[id=e191155b-3232-49bd-bfe9-6bfcf78aa3cb] Created FlowFile[2263,92022252249309.mockFlowFile,24B] from FlowFile[2262,92022252249309.mockFlowFile,24B]; routing to relationship simple
[pool-3454-thread-1] INFO org.apache.nifi.processors.standard.RouteText - RouteText[id=e191155b-3232-49bd-bfe9-6bfcf78aa3cb] Routing FlowFile[2262,92022252249309.mockFlowFile,24B] to original
[main] DEBUG org.apache.nifi.processors.standard.RouteText - RouteText[id=e191155b-3232-49bd-bfe9-6bfcf78aa3cb] Adding new dynamic property: PropertyDescriptor[simple]
[pool-3455-thread-1] INFO org.apache.nifi.processors.standard.RouteText - RouteText[id=e191155b-3232-49bd-bfe9-6bfcf78aa3cb] Created FlowFile[2265,92022252788184.mockFlowFile,24B] from FlowFile[2264,92022252788184.mockFlowFile,24B]; routing to relationship simple
[pool-3455-thread-1] INFO org.apache.nifi.processors.standard.RouteText - RouteText[id=e191155b-3232-49bd-bfe9-6bfcf78aa3cb] Routing FlowFile[2264,92022252788184.mockFlowFile,24B] to original
[main] DEBUG org.apache.nifi.processors.standard.RouteText - RouteText[id=e191155b-3232-49bd-bfe9-6bfcf78aa3cb] Adding new dynamic property: PropertyDescriptor[simple]
[pool-3456-thread-1] INFO org.apache.nifi.processors.standard.RouteText - RouteText[id=e191155b-3232-49bd-bfe9-6bfcf78aa3cb] Created FlowFile[2267,92022253329100.mockFlowFile,24B] from FlowFile[2266,92022253329100.mockFlowFile,24B]; routing to relationship simple
[pool-3456-thread-1] INFO org.apache.nifi.processors.standard.RouteText - RouteText[id=e191155b-3232-49bd-bfe9-6bfcf78aa3cb] Routing FlowFile[2266,92022253329100.mockFlowFile,24B] to original
[main] DEBUG org.apache.nifi.processors.standard.RouteText - RouteText[id=e191155b-3232-49bd-bfe9-6bfcf78aa3cb] Adding new dynamic property: PropertyDescriptor[simple]
[pool-3457-thread-1] INFO org.apache.nifi.processors.standard.RouteText - RouteText[id=e191155b-3232-49bd-bfe9-6bfcf78aa3cb] Created FlowFile[2269,92022254040762.mockFlowFile,24B] from FlowFile[2268,92022254040762.mockFlowFile,24B]; routing to relationship simple
[pool-3457-thread-1] INFO org.apache.nifi.processors.standard.RouteText - RouteText[id=e191155b-3232-49bd-bfe9-6bfcf78aa3cb] Routing FlowFile[2268,92022254040762.mockFlowFile,24B] to original
[main] DEBUG org.apache.nifi.processors.standard.RouteText - RouteText[id=e191155b-3232-49bd-bfe9-6bfcf78aa3cb] Adding new dynamic property: PropertyDescriptor[simple]
[pool-3458-thread-1] INFO org.apache.nifi.processors.standard.RouteText - RouteText[id=e191155b-3232-49bd-bfe9-6bfcf78aa3cb] Created FlowFile[2271,92022254648632.mockFlowFile,24B] from FlowFile[2270,92022254648632.mockFlowFile,24B]; routing to relationship simple
[pool-3458-thread-1] INFO org.apache.nifi.processors.standard.RouteText - RouteText[id=e191155b-3232-49bd-bfe9-6bfcf78aa3cb] Routing FlowFile[2270,92022254648632.mockFlowFile,24B] to original
[main] DEBUG org.apache.nifi.processors.standard.RouteText - RouteText[id=e191155b-3232-49bd-bfe9-6bfcf78aa3cb] Adding new dynamic property: PropertyDescriptor[simple]
[pool-3459-thread-1] INFO org.apache.nifi.processors.standard.RouteText - RouteText[id=e191155b-3232-49bd-bfe9-6bfcf78aa3cb] Created FlowFile[2273,92022255228202.mockFlowFile,24B] from FlowFile[2272,92022255228202.mockFlowFile,24B]; routing to relationship simple
[pool-3459-thread-1] INFO org.apache.nifi.processors.standard.RouteText - RouteText[id=e191155b-3232-49bd-bfe9-6bfcf78aa3cb] Routing FlowFile[2272,92022255228202.mockFlowFile,24B] to original
[main] DEBUG org.apache.nifi.processors.standard.RouteText - RouteText[id=e191155b-3232-49bd-bfe9-6bfcf78aa3cb] Adding new dynamic property: PropertyDescriptor[simple]
[pool-3460-thread-1] INFO org.apache.nifi.processors.standard.RouteText - RouteText[id=e191155b-3232-49bd-bfe9-6bfcf78aa3cb] Created FlowFile[2275,92022255766742.mockFlowFile,24B] from FlowFile[2274,92022255766742.mockFlowFile,24B]; routing to relationship simple
[pool-3460-thread-1] INFO org.apache.nifi.processors.standard.RouteText - RouteText[id=e191155b-3232-49bd-bfe9-6bfcf78aa3cb] Routing FlowFile[2274,92022255766742.mockFlowFile,24B] to original
[main] DEBUG org.apache.nifi.processors.standard.RouteText - RouteText[id=e191155b-3232-49bd-bfe9-6bfcf78aa3cb] Adding new dynamic property: PropertyDescriptor[simple]
[pool-3461-thread-1] INFO org.apache.nifi.processors.standard.RouteText - RouteText[id=e191155b-3232-49bd-bfe9-6bfcf78aa3cb] Created FlowFile[2277,92022256284493.mockFlowFile,24B] from FlowFile[2276,92022256284493.mockFlowFile,24B]; routing to relationship simple
[pool-3461-thread-1] INFO org.apache.nifi.processors.standard.RouteText - RouteText[id=e191155b-3232-49bd-bfe9-6bfcf78aa3cb] Routing FlowFile[2276,92022256284493.mockFlowFile,24B] to original
[main] DEBUG org.apache.nifi.processors.standard.RouteText - RouteText[id=e191155b-3232-49bd-bfe9-6bfcf78aa3cb] Adding new dynamic property: PropertyDescriptor[simple]
[pool-3462-thread-1] INFO org.apache.nifi.processors.standard.RouteText - RouteText[id=e191155b-3232-49bd-bfe9-6bfcf78aa3cb] Created FlowFile[2279,92022256800491.mockFlowFile,24B] from FlowFile[2278,92022256800491.mockFlowFile,24B]; routing to relationship simple
[pool-3462-thread-1] INFO org.apache.nifi.processors.standard.RouteText - RouteText[id=e191155b-3232-49bd-bfe9-6bfcf78aa3cb] Routing FlowFile[2278,92022256800491.mockFlowFile,24B] to original
[main] DEBUG org.apache.nifi.processors.standard.RouteText - RouteText[id=e191155b-3232-49bd-bfe9-6bfcf78aa3cb] Adding new dynamic property: PropertyDescriptor[simple]
[pool-3463-thread-1] INFO org.apache.nifi.processors.standard.RouteText - RouteText[id=e191155b-3232-49bd-bfe9-6bfcf78aa3cb] Created FlowFile[2281,92022257327688.mockFlowFile,24B] from FlowFile[2280,92022257327688.mockFlowFile,24B]; routing to relationship simple
[pool-3463-thread-1] INFO org.apache.nifi.processors.standard.RouteText - RouteText[id=e191155b-3232-49bd-bfe9-6bfcf78aa3cb] Routing FlowFile[2280,92022257327688.mockFlowFile,24B] to original
[main] DEBUG org.apache.nifi.processors.standard.RouteText - RouteText[id=e191155b-3232-49bd-bfe9-6bfcf78aa3cb] Adding new dynamic property: PropertyDescriptor[simple]
[pool-3464-thread-1] INFO org.apache.nifi.processors.standard.RouteText - RouteText[id=e191155b-3232-49bd-bfe9-6bfcf78aa3cb] Created FlowFile[2283,92022257846685.mockFlowFile,24B] from FlowFile[2282,92022257846685.mockFlowFile,24B]; routing to relationship simple
[pool-3464-thread-1] INFO org.apache.nifi.processors.standard.RouteText - RouteText[id=e191155b-3232-49bd-bfe9-6bfcf78aa3cb] Routing FlowFile[2282,92022257846685.mockFlowFile,24B] to original
[main] DEBUG org.apache.nifi.processors.standard.RouteText - RouteText[id=e191155b-3232-49bd-bfe9-6bfcf78aa3cb] Adding new dynamic property: PropertyDescriptor[simple]
[pool-3465-thread-1] INFO org.apache.nifi.processors.standard.RouteText - RouteText[id=e191155b-3232-49bd-bfe9-6bfcf78aa3cb] Created FlowFile[2285,92022258361911.mockFlowFile,24B] from FlowFile[2284,92022258361911.mockFlowFile,24B]; routing to relationship simple
[pool-3465-thread-1] INFO org.apache.nifi.processors.standard.RouteText - RouteText[id=e191155b-3232-49bd-bfe9-6bfcf78aa3cb] Routing FlowFile[2284,92022258361911.mockFlowFile,24B] to original
[main] DEBUG org.apache.nifi.processors.standard.RouteText - RouteText[id=e191155b-3232-49bd-bfe9-6bfcf78aa3cb] Adding new dynamic property: PropertyDescriptor[simple]
[pool-3466-thread-1] INFO org.apache.nifi.processors.standard.RouteText - RouteText[id=e191155b-3232-49bd-bfe9-6bfcf78aa3cb] Created FlowFile[2287,92022259104768.mockFlowFile,24B] from FlowFile[2286,92022259104768.mockFlowFile,24B]; routing to relationship simple
[pool-3466-thread-1] INFO org.apache.nifi.processors.standard.RouteText - RouteText[id=e191155b-3232-49bd-bfe9-6bfcf78aa3cb] Routing FlowFile[2286,92022259104768.mockFlowFile,24B] to original
[main] DEBUG org.apache.nifi.processors.standard.RouteText - RouteText[id=e191155b-3232-49bd-bfe9-6bfcf78aa3cb] Adding new dynamic property: PropertyDescriptor[simple]
[pool-3467-thread-1] INFO org.apache.nifi.processors.standard.RouteText - RouteText[id=e191155b-3232-49bd-bfe9-6bfcf78aa3cb] Created FlowFile[2289,92022259710130.mockFlowFile,24B] from FlowFile[2288,92022259710130.mockFlowFile,24B]; routing to relationship simple
[pool-3467-thread-1] INFO org.apache.nifi.processors.standard.RouteText - RouteText[id=e191155b-3232-49bd-bfe9-6bfcf78aa3cb] Routing FlowFile[2288,92022259710130.mockFlowFile,24B] to original
[main] DEBUG org.apache.nifi.processors.standard.RouteText - RouteText[id=e191155b-3232-49bd-bfe9-6bfcf78aa3cb] Adding new dynamic property: PropertyDescriptor[simple]
[pool-3468-thread-1] INFO org.apache.nifi.processors.standard.RouteText - RouteText[id=e191155b-3232-49bd-bfe9-6bfcf78aa3cb] Created FlowFile[2291,92022260293655.mockFlowFile,24B] from FlowFile[2290,92022260293655.mockFlowFile,24B]; routing to relationship simple
[pool-3468-thread-1] INFO org.apache.nifi.processors.standard.RouteText - RouteText[id=e191155b-3232-49bd-bfe9-6bfcf78aa3cb] Routing FlowFile[2290,92022260293655.mockFlowFile,24B] to original
[main] DEBUG org.apache.nifi.processors.standard.RouteText - RouteText[id=e191155b-3232-49bd-bfe9-6bfcf78aa3cb] Adding new dynamic property: PropertyDescriptor[simple]
[pool-3469-thread-1] INFO org.apache.nifi.processors.standard.RouteText - RouteText[id=e191155b-3232-49bd-bfe9-6bfcf78aa3cb] Created FlowFile[2293,92022260870490.mockFlowFile,24B] from FlowFile[2292,92022260870490.mockFlowFile,24B]; routing to relationship simple
[pool-3469-thread-1] INFO org.apache.nifi.processors.standard.RouteText - RouteText[id=e191155b-3232-49bd-bfe9-6bfcf78aa3cb] Routing FlowFile[2292,92022260870490.mockFlowFile,24B] to original
[main] DEBUG org.apache.nifi.processors.standard.RouteText - RouteText[id=e191155b-3232-49bd-bfe9-6bfcf78aa3cb] Adding new dynamic property: PropertyDescriptor[simple]
[pool-3470-thread-1] INFO org.apache.nifi.processors.standard.RouteText - RouteText[id=e191155b-3232-49bd-bfe9-6bfcf78aa3cb] Created FlowFile[2295,92022261423528.mockFlowFile,24B] from FlowFile[2294,92022261423528.mockFlowFile,24B]; routing to relationship simple
[pool-3470-thread-1] INFO org.apache.nifi.processors.standard.RouteText - RouteText[id=e191155b-3232-49bd-bfe9-6bfcf78aa3cb] Routing FlowFile[2294,92022261423528.mockFlowFile,24B] to original
[main] DEBUG org.apache.nifi.processors.standard.RouteText - RouteText[id=e191155b-3232-49bd-bfe9-6bfcf78aa3cb] Adding new dynamic property: PropertyDescriptor[simple]
[pool-3471-thread-1] INFO org.apache.nifi.processors.standard.RouteText - RouteText[id=e191155b-3232-49bd-bfe9-6bfcf78aa3cb] Created FlowFile[2297,92022261972052.mockFlowFile,24B] from FlowFile[2296,92022261972052.mockFlowFile,24B]; routing to relationship simple
[pool-3471-thread-1] INFO org.apache.nifi.processors.standard.RouteText - RouteText[id=e191155b-3232-49bd-bfe9-6bfcf78aa3cb] Routing FlowFile[2296,92022261972052.mockFlowFile,24B] to original
[main] DEBUG org.apache.nifi.processors.standard.RouteText - RouteText[id=e191155b-3232-49bd-bfe9-6bfcf78aa3cb] Adding new dynamic property: PropertyDescriptor[simple]
[pool-3472-thread-1] INFO org.apache.nifi.processors.standard.RouteText - RouteText[id=e191155b-3232-49bd-bfe9-6bfcf78aa3cb] Created FlowFile[2299,92022262499870.mockFlowFile,24B] from FlowFile[2298,92022262499870.mockFlowFile,24B]; routing to relationship simple
[pool-3472-thread-1] INFO org.apache.nifi.processors.standard.RouteText - RouteText[id=e191155b-3232-49bd-bfe9-6bfcf78aa3cb] Routing FlowFile[2298,92022262499870.mockFlowFile,24B] to original
[main] DEBUG org.apache.nifi.processors.standard.RouteText - RouteText[id=e191155b-3232-49bd-bfe9-6bfcf78aa3cb] Adding new dynamic property: PropertyDescriptor[simple]
[pool-3473-thread-1] INFO org.apache.nifi.processors.standard.RouteText - RouteText[id=e191155b-3232-49bd-bfe9-6bfcf78aa3cb] Created FlowFile[2301,92022263199742.mockFlowFile,24B] from FlowFile[2300,92022263199742.mockFlowFile,24B]; routing to relationship simple
[pool-3473-thread-1] INFO org.apache.nifi.processors.standard.RouteText - RouteText[id=e191155b-3232-49bd-bfe9-6bfcf78aa3cb] Routing FlowFile[2300,92022263199742.mockFlowFile,24B] to original
[main] DEBUG org.apache.nifi.processors.standard.RouteText - RouteText[id=e191155b-3232-49bd-bfe9-6bfcf78aa3cb] Adding new dynamic property: PropertyDescriptor[simple]
[pool-3474-thread-1] INFO org.apache.nifi.processors.standard.RouteText - RouteText[id=e191155b-3232-49bd-bfe9-6bfcf78aa3cb] Created FlowFile[2303,92022263886257.mockFlowFile,24B] from FlowFile[2302,92022263886257.mockFlowFile,24B]; routing to relationship simple
[pool-3474-thread-1] INFO org.apache.nifi.processors.standard.RouteText - RouteText[id=e191155b-3232-49bd-bfe9-6bfcf78aa3cb] Routing FlowFile[2302,92022263886257.mockFlowFile,24B] to original
[main] DEBUG org.apache.nifi.processors.standard.RouteText - RouteText[id=e191155b-3232-49bd-bfe9-6bfcf78aa3cb] Adding new dynamic property: PropertyDescriptor[simple]
[pool-3475-thread-1] INFO org.apache.nifi.processors.standard.RouteText - RouteText[id=e191155b-3232-49bd-bfe9-6bfcf78aa3cb] Created FlowFile[2305,92022264609187.mockFlowFile,24B] from FlowFile[2304,92022264609187.mockFlowFile,24B]; routing to relationship simple
[pool-3475-thread-1] INFO org.apache.nifi.processors.standard.RouteText - RouteText[id=e191155b-3232-49bd-bfe9-6bfcf78aa3cb] Routing FlowFile[2304,92022264609187.mockFlowFile,24B] to original
[main] DEBUG org.apache.nifi.processors.standard.RouteText - RouteText[id=e191155b-3232-49bd-bfe9-6bfcf78aa3cb] Adding new dynamic property: PropertyDescriptor[simple]
[pool-3476-thread-1] INFO org.apache.nifi.processors.standard.RouteText - RouteText[id=e191155b-3232-49bd-bfe9-6bfcf78aa3cb] Created FlowFile[2307,92022265839420.mockFlowFile,24B] from FlowFile[2306,92022265839420.mockFlowFile,24B]; routing to relationship simple
[pool-3476-thread-1] INFO org.apache.nifi.processors.standard.RouteText - RouteText[id=e191155b-3232-49bd-bfe9-6bfcf78aa3cb] Routing FlowFile[2306,92022265839420.mockFlowFile,24B] to original
[main] DEBUG org.apache.nifi.processors.standard.RouteText - RouteText[id=e191155b-3232-49bd-bfe9-6bfcf78aa3cb] Adding new dynamic property: PropertyDescriptor[simple]
[pool-3477-thread-1] INFO org.apache.nifi.processors.standard.RouteText - RouteText[id=e191155b-3232-49bd-bfe9-6bfcf78aa3cb] Created FlowFile[2309,92022266469821.mockFlowFile,24B] from FlowFile[2308,92022266469821.mockFlowFile,24B]; routing to relationship simple
[pool-3477-thread-1] INFO org.apache.nifi.processors.standard.RouteText - RouteText[id=e191155b-3232-49bd-bfe9-6bfcf78aa3cb] Routing FlowFile[2308,92022266469821.mockFlowFile,24B] to original
[main] DEBUG org.apache.nifi.processors.standard.RouteText - RouteText[id=e191155b-3232-49bd-bfe9-6bfcf78aa3cb] Adding new dynamic property: PropertyDescriptor[simple]
[pool-3478-thread-1] INFO org.apache.nifi.processors.standard.RouteText - RouteText[id=e191155b-3232-49bd-bfe9-6bfcf78aa3cb] Created FlowFile[2311,92022267021501.mockFlowFile,24B] from FlowFile[2310,92022267021501.mockFlowFile,24B]; routing to relationship simple
[pool-3478-thread-1] INFO org.apache.nifi.processors.standard.RouteText - RouteText[id=e191155b-3232-49bd-bfe9-6bfcf78aa3cb] Routing FlowFile[2310,92022267021501.mockFlowFile,24B] to original
[main] DEBUG org.apache.nifi.processors.standard.RouteText - RouteText[id=e191155b-3232-49bd-bfe9-6bfcf78aa3cb] Adding new dynamic property: PropertyDescriptor[simple]
[pool-3479-thread-1] INFO org.apache.nifi.processors.standard.RouteText - RouteText[id=e191155b-3232-49bd-bfe9-6bfcf78aa3cb] Created FlowFile[2313,92022267528071.mockFlowFile,24B] from FlowFile[2312,92022267528071.mockFlowFile,24B]; routing to relationship simple
[pool-3479-thread-1] INFO org.apache.nifi.processors.standard.RouteText - RouteText[id=e191155b-3232-49bd-bfe9-6bfcf78aa3cb] Routing FlowFile[2312,92022267528071.mockFlowFile,24B] to original
[main] DEBUG org.apache.nifi.processors.standard.RouteText - RouteText[id=e191155b-3232-49bd-bfe9-6bfcf78aa3cb] Adding new dynamic property: PropertyDescriptor[simple]
[pool-3480-thread-1] INFO org.apache.nifi.processors.standard.RouteText - RouteText[id=e191155b-3232-49bd-bfe9-6bfcf78aa3cb] Created FlowFile[2315,92022268023775.mockFlowFile,24B] from FlowFile[2314,92022268023775.mockFlowFile,24B]; routing to relationship simple
[pool-3480-thread-1] INFO org.apache.nifi.processors.standard.RouteText - RouteText[id=e191155b-3232-49bd-bfe9-6bfcf78aa3cb] Routing FlowFile[2314,92022268023775.mockFlowFile,24B] to original
[main] DEBUG org.apache.nifi.processors.standard.RouteText - RouteText[id=e191155b-3232-49bd-bfe9-6bfcf78aa3cb] Adding new dynamic property: PropertyDescriptor[simple]
[pool-3481-thread-1] INFO org.apache.nifi.processors.standard.RouteText - RouteText[id=e191155b-3232-49bd-bfe9-6bfcf78aa3cb] Created FlowFile[2317,92022268511105.mockFlowFile,24B] from FlowFile[2316,92022268511105.mockFlowFile,24B]; routing to relationship simple
[pool-3481-thread-1] INFO org.apache.nifi.processors.standard.RouteText - RouteText[id=e191155b-3232-49bd-bfe9-6bfcf78aa3cb] Routing FlowFile[2316,92022268511105.mockFlowFile,24B] to original
[main] DEBUG org.apache.nifi.processors.standard.RouteText - RouteText[id=e191155b-3232-49bd-bfe9-6bfcf78aa3cb] Adding new dynamic property: PropertyDescriptor[simple]
[pool-3482-thread-1] INFO org.apache.nifi.processors.standard.RouteText - RouteText[id=e191155b-3232-49bd-bfe9-6bfcf78aa3cb] Created FlowFile[2319,92022269018845.mockFlowFile,24B] from FlowFile[2318,92022269018845.mockFlowFile,24B]; routing to relationship simple
[pool-3482-thread-1] INFO org.apache.nifi.processors.standard.RouteText - RouteText[id=e191155b-3232-49bd-bfe9-6bfcf78aa3cb] Routing FlowFile[2318,92022269018845.mockFlowFile,24B] to original
[main] DEBUG org.apache.nifi.processors.standard.RouteText - RouteText[id=e191155b-3232-49bd-bfe9-6bfcf78aa3cb] Adding new dynamic property: PropertyDescriptor[simple]
[pool-3483-thread-1] INFO org.apache.nifi.processors.standard.RouteText - RouteText[id=e191155b-3232-49bd-bfe9-6bfcf78aa3cb] Created FlowFile[2321,92022269566124.mockFlowFile,24B] from FlowFile[2320,92022269566124.mockFlowFile,24B]; routing to relationship simple
[pool-3483-thread-1] INFO org.apache.nifi.processors.standard.RouteText - RouteText[id=e191155b-3232-49bd-bfe9-6bfcf78aa3cb] Routing FlowFile[2320,92022269566124.mockFlowFile,24B] to original
[main] DEBUG org.apache.nifi.processors.standard.RouteText - RouteText[id=e191155b-3232-49bd-bfe9-6bfcf78aa3cb] Adding new dynamic property: PropertyDescriptor[simple]
[pool-3484-thread-1] INFO org.apache.nifi.processors.standard.RouteText - RouteText[id=e191155b-3232-49bd-bfe9-6bfcf78aa3cb] Created FlowFile[2323,92022270079504.mockFlowFile,24B] from FlowFile[2322,92022270079504.mockFlowFile,24B]; routing to relationship simple
[pool-3484-thread-1] INFO org.apache.nifi.processors.standard.RouteText - RouteText[id=e191155b-3232-49bd-bfe9-6bfcf78aa3cb] Routing FlowFile[2322,92022270079504.mockFlowFile,24B] to original
[main] DEBUG org.apache.nifi.processors.standard.RouteText - RouteText[id=e191155b-3232-49bd-bfe9-6bfcf78aa3cb] Adding new dynamic property: PropertyDescriptor[simple]
[pool-3485-thread-1] INFO org.apache.nifi.processors.standard.RouteText - RouteText[id=e191155b-3232-49bd-bfe9-6bfcf78aa3cb] Created FlowFile[2325,92022270560897.mockFlowFile,24B] from FlowFile[2324,92022270560897.mockFlowFile,24B]; routing to relationship simple
[pool-3485-thread-1] INFO org.apache.nifi.processors.standard.RouteText - RouteText[id=e191155b-3232-49bd-bfe9-6bfcf78aa3cb] Routing FlowFile[2324,92022270560897.mockFlowFile,24B] to original
[main] DEBUG org.apache.nifi.processors.standard.RouteText - RouteText[id=e191155b-3232-49bd-bfe9-6bfcf78aa3cb] Adding new dynamic property: PropertyDescriptor[simple]
[pool-3486-thread-1] INFO org.apache.nifi.processors.standard.RouteText - RouteText[id=e191155b-3232-49bd-bfe9-6bfcf78aa3cb] Created FlowFile[2327,92022271034634.mockFlowFile,24B] from FlowFile[2326,92022271034634.mockFlowFile,24B]; routing to relationship simple
[pool-3486-thread-1] INFO org.apache.nifi.processors.standard.RouteText - RouteText[id=e191155b-3232-49bd-bfe9-6bfcf78aa3cb] Routing FlowFile[2326,92022271034634.mockFlowFile,24B] to original
[main] DEBUG org.apache.nifi.processors.standard.RouteText - RouteText[id=e191155b-3232-49bd-bfe9-6bfcf78aa3cb] Adding new dynamic property: PropertyDescriptor[simple]
[pool-3487-thread-1] INFO org.apache.nifi.processors.standard.RouteText - RouteText[id=e191155b-3232-49bd-bfe9-6bfcf78aa3cb] Created FlowFile[2329,92022271505724.mockFlowFile,24B] from FlowFile[2328,92022271505724.mockFlowFile,24B]; routing to relationship simple
[pool-3487-thread-1] INFO org.apache.nifi.processors.standard.RouteText - RouteText[id=e191155b-3232-49bd-bfe9-6bfcf78aa3cb] Routing FlowFile[2328,92022271505724.mockFlowFile,24B] to original
[main] DEBUG org.apache.nifi.processors.standard.RouteText - RouteText[id=e191155b-3232-49bd-bfe9-6bfcf78aa3cb] Adding new dynamic property: PropertyDescriptor[simple]
[pool-3488-thread-1] INFO org.apache.nifi.processors.standard.RouteText - RouteText[id=e191155b-3232-49bd-bfe9-6bfcf78aa3cb] Created FlowFile[2331,92022271958667.mockFlowFile,24B] from FlowFile[2330,92022271958667.mockFlowFile,24B]; routing to relationship simple
[pool-3488-thread-1] INFO org.apache.nifi.processors.standard.RouteText - RouteText[id=e191155b-3232-49bd-bfe9-6bfcf78aa3cb] Routing FlowFile[2330,92022271958667.mockFlowFile,24B] to original
[main] DEBUG org.apache.nifi.processors.standard.RouteText - RouteText[id=e191155b-3232-49bd-bfe9-6bfcf78aa3cb] Adding new dynamic property: PropertyDescriptor[simple]
[pool-3489-thread-1] INFO org.apache.nifi.processors.standard.RouteText - RouteText[id=e191155b-3232-49bd-bfe9-6bfcf78aa3cb] Created FlowFile[2333,92022272413483.mockFlowFile,24B] from FlowFile[2332,92022272413483.mockFlowFile,24B]; routing to relationship simple
[pool-3489-thread-1] INFO org.apache.nifi.processors.standard.RouteText - RouteText[id=e191155b-3232-49bd-bfe9-6bfcf78aa3cb] Routing FlowFile[2332,92022272413483.mockFlowFile,24B] to original
[main] DEBUG org.apache.nifi.processors.standard.RouteText - RouteText[id=e191155b-3232-49bd-bfe9-6bfcf78aa3cb] Adding new dynamic property: PropertyDescriptor[simple]
[pool-3490-thread-1] INFO org.apache.nifi.processors.standard.RouteText - RouteText[id=e191155b-3232-49bd-bfe9-6bfcf78aa3cb] Created FlowFile[2335,92022272876489.mockFlowFile,24B] from FlowFile[2334,92022272876489.mockFlowFile,24B]; routing to relationship simple
[pool-3490-thread-1] INFO org.apache.nifi.processors.standard.RouteText - RouteText[id=e191155b-3232-49bd-bfe9-6bfcf78aa3cb] Routing FlowFile[2334,92022272876489.mockFlowFile,24B] to original
[main] DEBUG org.apache.nifi.processors.standard.RouteText - RouteText[id=e191155b-3232-49bd-bfe9-6bfcf78aa3cb] Adding new dynamic property: PropertyDescriptor[simple]
[pool-3491-thread-1] INFO org.apache.nifi.processors.standard.RouteText - RouteText[id=e191155b-3232-49bd-bfe9-6bfcf78aa3cb] Created FlowFile[2337,92022273333619.mockFlowFile,24B] from FlowFile[2336,92022273333619.mockFlowFile,24B]; routing to relationship simple
[pool-3491-thread-1] INFO org.apache.nifi.processors.standard.RouteText - RouteText[id=e191155b-3232-49bd-bfe9-6bfcf78aa3cb] Routing FlowFile[2336,92022273333619.mockFlowFile,24B] to original
[main] DEBUG org.apache.nifi.processors.standard.RouteText - RouteText[id=e191155b-3232-49bd-bfe9-6bfcf78aa3cb] Adding new dynamic property: PropertyDescriptor[simple]
[pool-3492-thread-1] INFO org.apache.nifi.processors.standard.RouteText - RouteText[id=e191155b-3232-49bd-bfe9-6bfcf78aa3cb] Created FlowFile[2339,92022273792030.mockFlowFile,24B] from FlowFile[2338,92022273792030.mockFlowFile,24B]; routing to relationship simple
[pool-3492-thread-1] INFO org.apache.nifi.processors.standard.RouteText - RouteText[id=e191155b-3232-49bd-bfe9-6bfcf78aa3cb] Routing FlowFile[2338,92022273792030.mockFlowFile,24B] to original
[main] DEBUG org.apache.nifi.processors.standard.RouteText - RouteText[id=e191155b-3232-49bd-bfe9-6bfcf78aa3cb] Adding new dynamic property: PropertyDescriptor[simple]
[pool-3493-thread-1] INFO org.apache.nifi.processors.standard.RouteText - RouteText[id=e191155b-3232-49bd-bfe9-6bfcf78aa3cb] Created FlowFile[2341,92022274287398.mockFlowFile,24B] from FlowFile[2340,92022274287398.mockFlowFile,24B]; routing to relationship simple
[pool-3493-thread-1] INFO org.apache.nifi.processors.standard.RouteText - RouteText[id=e191155b-3232-49bd-bfe9-6bfcf78aa3cb] Routing FlowFile[2340,92022274287398.mockFlowFile,24B] to original
[main] DEBUG org.apache.nifi.processors.standard.RouteText - RouteText[id=e191155b-3232-49bd-bfe9-6bfcf78aa3cb] Adding new dynamic property: PropertyDescriptor[simple]
[pool-3494-thread-1] INFO org.apache.nifi.processors.standard.RouteText - RouteText[id=e191155b-3232-49bd-bfe9-6bfcf78aa3cb] Created FlowFile[2343,92022274784774.mockFlowFile,24B] from FlowFile[2342,92022274784774.mockFlowFile,24B]; routing to relationship simple
[pool-3494-thread-1] INFO org.apache.nifi.processors.standard.RouteText - RouteText[id=e191155b-3232-49bd-bfe9-6bfcf78aa3cb] Routing FlowFile[2342,92022274784774.mockFlowFile,24B] to original
[main] DEBUG org.apache.nifi.processors.standard.RouteText - RouteText[id=e191155b-3232-49bd-bfe9-6bfcf78aa3cb] Adding new dynamic property: PropertyDescriptor[simple]
[pool-3495-thread-1] INFO org.apache.nifi.processors.standard.RouteText - RouteText[id=e191155b-3232-49bd-bfe9-6bfcf78aa3cb] Created FlowFile[2345,92022275313328.mockFlowFile,24B] from FlowFile[2344,92022275313328.mockFlowFile,24B]; routing to relationship simple
[pool-3495-thread-1] INFO org.apache.nifi.processors.standard.RouteText - RouteText[id=e191155b-3232-49bd-bfe9-6bfcf78aa3cb] Routing FlowFile[2344,92022275313328.mockFlowFile,24B] to original
[main] DEBUG org.apache.nifi.processors.standard.RouteText - RouteText[id=e191155b-3232-49bd-bfe9-6bfcf78aa3cb] Adding new dynamic property: PropertyDescriptor[simple]
[pool-3496-thread-1] INFO org.apache.nifi.processors.standard.RouteText - RouteText[id=e191155b-3232-49bd-bfe9-6bfcf78aa3cb] Created FlowFile[2347,92022275821773.mockFlowFile,24B] from FlowFile[2346,92022275821773.mockFlowFile,24B]; routing to relationship simple
[pool-3496-thread-1] INFO org.apache.nifi.processors.standard.RouteText - RouteText[id=e191155b-3232-49bd-bfe9-6bfcf78aa3cb] Routing FlowFile[2346,92022275821773.mockFlowFile,24B] to original
[main] DEBUG org.apache.nifi.processors.standard.RouteText - RouteText[id=e191155b-3232-49bd-bfe9-6bfcf78aa3cb] Adding new dynamic property: PropertyDescriptor[simple]
[pool-3497-thread-1] INFO org.apache.nifi.processors.standard.RouteText - RouteText[id=e191155b-3232-49bd-bfe9-6bfcf78aa3cb] Created FlowFile[2349,92022276347146.mockFlowFile,24B] from FlowFile[2348,92022276347146.mockFlowFile,24B]; routing to relationship simple
[pool-3497-thread-1] INFO org.apache.nifi.processors.standard.RouteText - RouteText[id=e191155b-3232-49bd-bfe9-6bfcf78aa3cb] Routing FlowFile[2348,92022276347146.mockFlowFile,24B] to original
[main] DEBUG org.apache.nifi.processors.standard.RouteText - RouteText[id=e191155b-3232-49bd-bfe9-6bfcf78aa3cb] Adding new dynamic property: PropertyDescriptor[simple]
[pool-3498-thread-1] INFO org.apache.nifi.processors.standard.RouteText - RouteText[id=e191155b-3232-49bd-bfe9-6bfcf78aa3cb] Created FlowFile[2351,92022276887337.mockFlowFile,24B] from FlowFile[2350,92022276887337.mockFlowFile,24B]; routing to relationship simple
[pool-3498-thread-1] INFO org.apache.nifi.processors.standard.RouteText - RouteText[id=e191155b-3232-49bd-bfe9-6bfcf78aa3cb] Routing FlowFile[2350,92022276887337.mockFlowFile,24B] to original
[main] DEBUG org.apache.nifi.processors.standard.RouteText - RouteText[id=e191155b-3232-49bd-bfe9-6bfcf78aa3cb] Adding new dynamic property: PropertyDescriptor[simple]
[pool-3499-thread-1] INFO org.apache.nifi.processors.standard.RouteText - RouteText[id=e191155b-3232-49bd-bfe9-6bfcf78aa3cb] Created FlowFile[2353,92022277459745.mockFlowFile,24B] from FlowFile[2352,92022277459745.mockFlowFile,24B]; routing to relationship simple
[pool-3499-thread-1] INFO org.apache.nifi.processors.standard.RouteText - RouteText[id=e191155b-3232-49bd-bfe9-6bfcf78aa3cb] Routing FlowFile[2352,92022277459745.mockFlowFile,24B] to original
[main] DEBUG org.apache.nifi.processors.standard.RouteText - RouteText[id=e191155b-3232-49bd-bfe9-6bfcf78aa3cb] Adding new dynamic property: PropertyDescriptor[simple]
[pool-3500-thread-1] INFO org.apache.nifi.processors.standard.RouteText - RouteText[id=e191155b-3232-49bd-bfe9-6bfcf78aa3cb] Created FlowFile[2355,92022278330016.mockFlowFile,24B] from FlowFile[2354,92022278330016.mockFlowFile,24B]; routing to relationship simple
[pool-3500-thread-1] INFO org.apache.nifi.processors.standard.RouteText - RouteText[id=e191155b-3232-49bd-bfe9-6bfcf78aa3cb] Routing FlowFile[2354,92022278330016.mockFlowFile,24B] to original
[main] DEBUG org.apache.nifi.processors.standard.RouteText - RouteText[id=e191155b-3232-49bd-bfe9-6bfcf78aa3cb] Adding new dynamic property: PropertyDescriptor[simple]
[pool-3501-thread-1] INFO org.apache.nifi.processors.standard.RouteText - RouteText[id=e191155b-3232-49bd-bfe9-6bfcf78aa3cb] Created FlowFile[2357,92022278886003.mockFlowFile,24B] from FlowFile[2356,92022278886003.mockFlowFile,24B]; routing to relationship simple
[pool-3501-thread-1] INFO org.apache.nifi.processors.standard.RouteText - RouteText[id=e191155b-3232-49bd-bfe9-6bfcf78aa3cb] Routing FlowFile[2356,92022278886003.mockFlowFile,24B] to original
[main] DEBUG org.apache.nifi.processors.standard.RouteText - RouteText[id=e191155b-3232-49bd-bfe9-6bfcf78aa3cb] Adding new dynamic property: PropertyDescriptor[simple]
[pool-3502-thread-1] INFO org.apache.nifi.processors.standard.RouteText - RouteText[id=e191155b-3232-49bd-bfe9-6bfcf78aa3cb] Created FlowFile[2359,92022279391862.mockFlowFile,24B] from FlowFile[2358,92022279391862.mockFlowFile,24B]; routing to relationship simple
[pool-3502-thread-1] INFO org.apache.nifi.processors.standard.RouteText - RouteText[id=e191155b-3232-49bd-bfe9-6bfcf78aa3cb] Routing FlowFile[2358,92022279391862.mockFlowFile,24B] to original
[main] DEBUG org.apache.nifi.processors.standard.RouteText - RouteText[id=e191155b-3232-49bd-bfe9-6bfcf78aa3cb] Adding new dynamic property: PropertyDescriptor[simple]
[pool-3503-thread-1] INFO org.apache.nifi.processors.standard.RouteText - RouteText[id=e191155b-3232-49bd-bfe9-6bfcf78aa3cb] Created FlowFile[2361,92022280043200.mockFlowFile,24B] from FlowFile[2360,92022280043200.mockFlowFile,24B]; routing to relationship simple
[pool-3503-thread-1] INFO org.apache.nifi.processors.standard.RouteText - RouteText[id=e191155b-3232-49bd-bfe9-6bfcf78aa3cb] Routing FlowFile[2360,92022280043200.mockFlowFile,24B] to original
[main] DEBUG org.apache.nifi.processors.standard.RouteText - RouteText[id=e191155b-3232-49bd-bfe9-6bfcf78aa3cb] Adding new dynamic property: PropertyDescriptor[simple]
[pool-3504-thread-1] INFO org.apache.nifi.processors.standard.RouteText - RouteText[id=e191155b-3232-49bd-bfe9-6bfcf78aa3cb] Created FlowFile[2363,92022280567948.mockFlowFile,24B] from FlowFile[2362,92022280567948.mockFlowFile,24B]; routing to relationship simple
[pool-3504-thread-1] INFO org.apache.nifi.processors.standard.RouteText - RouteText[id=e191155b-3232-49bd-bfe9-6bfcf78aa3cb] Routing FlowFile[2362,92022280567948.mockFlowFile,24B] to original
[main] DEBUG org.apache.nifi.processors.standard.RouteText - RouteText[id=e191155b-3232-49bd-bfe9-6bfcf78aa3cb] Adding new dynamic property: PropertyDescriptor[simple]
[pool-3505-thread-1] INFO org.apache.nifi.processors.standard.RouteText - RouteText[id=e191155b-3232-49bd-bfe9-6bfcf78aa3cb] Created FlowFile[2365,92022281102794.mockFlowFile,24B] from FlowFile[2364,92022281102794.mockFlowFile,24B]; routing to relationship simple
[pool-3505-thread-1] INFO org.apache.nifi.processors.standard.RouteText - RouteText[id=e191155b-3232-49bd-bfe9-6bfcf78aa3cb] Routing FlowFile[2364,92022281102794.mockFlowFile,24B] to original
[main] DEBUG org.apache.nifi.processors.standard.RouteText - RouteText[id=e191155b-3232-49bd-bfe9-6bfcf78aa3cb] Adding new dynamic property: PropertyDescriptor[simple]
[pool-3506-thread-1] INFO org.apache.nifi.processors.standard.RouteText - RouteText[id=e191155b-3232-49bd-bfe9-6bfcf78aa3cb] Created FlowFile[2367,92022281618032.mockFlowFile,24B] from FlowFile[2366,92022281618032.mockFlowFile,24B]; routing to relationship simple
[pool-3506-thread-1] INFO org.apache.nifi.processors.standard.RouteText - RouteText[id=e191155b-3232-49bd-bfe9-6bfcf78aa3cb] Routing FlowFile[2366,92022281618032.mockFlowFile,24B] to original
[main] DEBUG org.apache.nifi.processors.standard.RouteText - RouteText[id=e191155b-3232-49bd-bfe9-6bfcf78aa3cb] Adding new dynamic property: PropertyDescriptor[simple]
[pool-3507-thread-1] INFO org.apache.nifi.processors.standard.RouteText - RouteText[id=e191155b-3232-49bd-bfe9-6bfcf78aa3cb] Created FlowFile[2369,92022282121379.mockFlowFile,24B] from FlowFile[2368,92022282121379.mockFlowFile,24B]; routing to relationship simple
[pool-3507-thread-1] INFO org.apache.nifi.processors.standard.RouteText - RouteText[id=e191155b-3232-49bd-bfe9-6bfcf78aa3cb] Routing FlowFile[2368,92022282121379.mockFlowFile,24B] to original
[main] DEBUG org.apache.nifi.processors.standard.RouteText - RouteText[id=e191155b-3232-49bd-bfe9-6bfcf78aa3cb] Adding new dynamic property: PropertyDescriptor[simple]
[pool-3508-thread-1] INFO org.apache.nifi.processors.standard.RouteText - RouteText[id=e191155b-3232-49bd-bfe9-6bfcf78aa3cb] Created FlowFile[2371,92022282582744.mockFlowFile,24B] from FlowFile[2370,92022282582744.mockFlowFile,24B]; routing to relationship simple
[pool-3508-thread-1] INFO org.apache.nifi.processors.standard.RouteText - RouteText[id=e191155b-3232-49bd-bfe9-6bfcf78aa3cb] Routing FlowFile[2370,92022282582744.mockFlowFile,24B] to original
[main] DEBUG org.apache.nifi.processors.standard.RouteText - RouteText[id=e191155b-3232-49bd-bfe9-6bfcf78aa3cb] Adding new dynamic property: PropertyDescriptor[simple]
[pool-3509-thread-1] INFO org.apache.nifi.processors.standard.RouteText - RouteText[id=e191155b-3232-49bd-bfe9-6bfcf78aa3cb] Created FlowFile[2373,92022283040907.mockFlowFile,24B] from FlowFile[2372,92022283040907.mockFlowFile,24B]; routing to relationship simple
[pool-3509-thread-1] INFO org.apache.nifi.processors.standard.RouteText - RouteText[id=e191155b-3232-49bd-bfe9-6bfcf78aa3cb] Routing FlowFile[2372,92022283040907.mockFlowFile,24B] to original
[main] DEBUG org.apache.nifi.processors.standard.RouteText - RouteText[id=e191155b-3232-49bd-bfe9-6bfcf78aa3cb] Adding new dynamic property: PropertyDescriptor[simple]
[pool-3510-thread-1] INFO org.apache.nifi.processors.standard.RouteText - RouteText[id=e191155b-3232-49bd-bfe9-6bfcf78aa3cb] Created FlowFile[2375,92022283515929.mockFlowFile,24B] from FlowFile[2374,92022283515929.mockFlowFile,24B]; routing to relationship simple
[pool-3510-thread-1] INFO org.apache.nifi.processors.standard.RouteText - RouteText[id=e191155b-3232-49bd-bfe9-6bfcf78aa3cb] Routing FlowFile[2374,92022283515929.mockFlowFile,24B] to original
[main] DEBUG org.apache.nifi.processors.standard.RouteText - RouteText[id=e191155b-3232-49bd-bfe9-6bfcf78aa3cb] Adding new dynamic property: PropertyDescriptor[simple]
[pool-3511-thread-1] INFO org.apache.nifi.processors.standard.RouteText - RouteText[id=e191155b-3232-49bd-bfe9-6bfcf78aa3cb] Created FlowFile[2377,92022283995665.mockFlowFile,24B] from FlowFile[2376,92022283995665.mockFlowFile,24B]; routing to relationship simple
[pool-3511-thread-1] INFO org.apache.nifi.processors.standard.RouteText - RouteText[id=e191155b-3232-49bd-bfe9-6bfcf78aa3cb] Routing FlowFile[2376,92022283995665.mockFlowFile,24B] to original
[main] DEBUG org.apache.nifi.processors.standard.RouteText - RouteText[id=e191155b-3232-49bd-bfe9-6bfcf78aa3cb] Adding new dynamic property: PropertyDescriptor[simple]
[pool-3512-thread-1] INFO org.apache.nifi.processors.standard.RouteText - RouteText[id=e191155b-3232-49bd-bfe9-6bfcf78aa3cb] Created FlowFile[2379,92022284477487.mockFlowFile,24B] from FlowFile[2378,92022284477487.mockFlowFile,24B]; routing to relationship simple
[pool-3512-thread-1] INFO org.apache.nifi.processors.standard.RouteText - RouteText[id=e191155b-3232-49bd-bfe9-6bfcf78aa3cb] Routing FlowFile[2378,92022284477487.mockFlowFile,24B] to original
[main] DEBUG org.apache.nifi.processors.standard.RouteText - RouteText[id=e191155b-3232-49bd-bfe9-6bfcf78aa3cb] Adding new dynamic property: PropertyDescriptor[simple]
[pool-3513-thread-1] INFO org.apache.nifi.processors.standard.RouteText - RouteText[id=e191155b-3232-49bd-bfe9-6bfcf78aa3cb] Created FlowFile[2381,92022284942938.mockFlowFile,24B] from FlowFile[2380,92022284942938.mockFlowFile,24B]; routing to relationship simple
[pool-3513-thread-1] INFO org.apache.nifi.processors.standard.RouteText - RouteText[id=e191155b-3232-49bd-bfe9-6bfcf78aa3cb] Routing FlowFile[2380,92022284942938.mockFlowFile,24B] to original
[main] DEBUG org.apache.nifi.processors.standard.RouteText - RouteText[id=e191155b-3232-49bd-bfe9-6bfcf78aa3cb] Adding new dynamic property: PropertyDescriptor[simple]
[pool-3514-thread-1] INFO org.apache.nifi.processors.standard.RouteText - RouteText[id=e191155b-3232-49bd-bfe9-6bfcf78aa3cb] Created FlowFile[2383,92022285406845.mockFlowFile,24B] from FlowFile[2382,92022285406845.mockFlowFile,24B]; routing to relationship simple
[pool-3514-thread-1] INFO org.apache.nifi.processors.standard.RouteText - RouteText[id=e191155b-3232-49bd-bfe9-6bfcf78aa3cb] Routing FlowFile[2382,92022285406845.mockFlowFile,24B] to original
[main] DEBUG org.apache.nifi.processors.standard.RouteText - RouteText[id=e191155b-3232-49bd-bfe9-6bfcf78aa3cb] Adding new dynamic property: PropertyDescriptor[simple]
[pool-3515-thread-1] INFO org.apache.nifi.processors.standard.RouteText - RouteText[id=e191155b-3232-49bd-bfe9-6bfcf78aa3cb] Created FlowFile[2385,92022285910572.mockFlowFile,24B] from FlowFile[2384,92022285910572.mockFlowFile,24B]; routing to relationship simple
[pool-3515-thread-1] INFO org.apache.nifi.processors.standard.RouteText - RouteText[id=e191155b-3232-49bd-bfe9-6bfcf78aa3cb] Routing FlowFile[2384,92022285910572.mockFlowFile,24B] to original
[main] DEBUG org.apache.nifi.processors.standard.RouteText - RouteText[id=e191155b-3232-49bd-bfe9-6bfcf78aa3cb] Adding new dynamic property: PropertyDescriptor[simple]
[pool-3516-thread-1] INFO org.apache.nifi.processors.standard.RouteText - RouteText[id=e191155b-3232-49bd-bfe9-6bfcf78aa3cb] Created FlowFile[2387,92022286399638.mockFlowFile,24B] from FlowFile[2386,92022286399638.mockFlowFile,24B]; routing to relationship simple
[pool-3516-thread-1] INFO org.apache.nifi.processors.standard.RouteText - RouteText[id=e191155b-3232-49bd-bfe9-6bfcf78aa3cb] Routing FlowFile[2386,92022286399638.mockFlowFile,24B] to original
[main] DEBUG org.apache.nifi.processors.standard.RouteText - RouteText[id=e191155b-3232-49bd-bfe9-6bfcf78aa3cb] Adding new dynamic property: PropertyDescriptor[simple]
[pool-3517-thread-1] INFO org.apache.nifi.processors.standard.RouteText - RouteText[id=e191155b-3232-49bd-bfe9-6bfcf78aa3cb] Created FlowFile[2389,92022286878741.mockFlowFile,24B] from FlowFile[2388,92022286878741.mockFlowFile,24B]; routing to relationship simple
[pool-3517-thread-1] INFO org.apache.nifi.processors.standard.RouteText - RouteText[id=e191155b-3232-49bd-bfe9-6bfcf78aa3cb] Routing FlowFile[2388,92022286878741.mockFlowFile,24B] to original
[main] DEBUG org.apache.nifi.processors.standard.RouteText - RouteText[id=e191155b-3232-49bd-bfe9-6bfcf78aa3cb] Adding new dynamic property: PropertyDescriptor[simple]
[pool-3518-thread-1] INFO org.apache.nifi.processors.standard.RouteText - RouteText[id=e191155b-3232-49bd-bfe9-6bfcf78aa3cb] Created FlowFile[2391,92022287370500.mockFlowFile,24B] from FlowFile[2390,92022287370500.mockFlowFile,24B]; routing to relationship simple
[pool-3518-thread-1] INFO org.apache.nifi.processors.standard.RouteText - RouteText[id=e191155b-3232-49bd-bfe9-6bfcf78aa3cb] Routing FlowFile[2390,92022287370500.mockFlowFile,24B] to original
[main] DEBUG org.apache.nifi.processors.standard.RouteText - RouteText[id=e191155b-3232-49bd-bfe9-6bfcf78aa3cb] Adding new dynamic property: PropertyDescriptor[simple]
[pool-3519-thread-1] INFO org.apache.nifi.processors.standard.RouteText - RouteText[id=e191155b-3232-49bd-bfe9-6bfcf78aa3cb] Created FlowFile[2393,92022287879559.mockFlowFile,24B] from FlowFile[2392,92022287879559.mockFlowFile,24B]; routing to relationship simple
[pool-3519-thread-1] INFO org.apache.nifi.processors.standard.RouteText - RouteText[id=e191155b-3232-49bd-bfe9-6bfcf78aa3cb] Routing FlowFile[2392,92022287879559.mockFlowFile,24B] to original
[main] DEBUG org.apache.nifi.processors.standard.RouteText - RouteText[id=e191155b-3232-49bd-bfe9-6bfcf78aa3cb] Adding new dynamic property: PropertyDescriptor[simple]
[pool-3520-thread-1] INFO org.apache.nifi.processors.standard.RouteText - RouteText[id=e191155b-3232-49bd-bfe9-6bfcf78aa3cb] Created FlowFile[2395,92022288401451.mockFlowFile,24B] from FlowFile[2394,92022288401451.mockFlowFile,24B]; routing to relationship simple
[pool-3520-thread-1] INFO org.apache.nifi.processors.standard.RouteText - RouteText[id=e191155b-3232-49bd-bfe9-6bfcf78aa3cb] Routing FlowFile[2394,92022288401451.mockFlowFile,24B] to original
[main] DEBUG org.apache.nifi.processors.standard.RouteText - RouteText[id=e191155b-3232-49bd-bfe9-6bfcf78aa3cb] Adding new dynamic property: PropertyDescriptor[simple]
[pool-3521-thread-1] INFO org.apache.nifi.processors.standard.RouteText - RouteText[id=e191155b-3232-49bd-bfe9-6bfcf78aa3cb] Created FlowFile[2397,92022289058776.mockFlowFile,24B] from FlowFile[2396,92022289058776.mockFlowFile,24B]; routing to relationship simple
[pool-3521-thread-1] INFO org.apache.nifi.processors.standard.RouteText - RouteText[id=e191155b-3232-49bd-bfe9-6bfcf78aa3cb] Routing FlowFile[2396,92022289058776.mockFlowFile,24B] to original
[main] DEBUG org.apache.nifi.processors.standard.RouteText - RouteText[id=e191155b-3232-49bd-bfe9-6bfcf78aa3cb] Adding new dynamic property: PropertyDescriptor[simple]
[pool-3522-thread-1] INFO org.apache.nifi.processors.standard.RouteText - RouteText[id=e191155b-3232-49bd-bfe9-6bfcf78aa3cb] Created FlowFile[2399,92022289603717.mockFlowFile,24B] from FlowFile[2398,92022289603717.mockFlowFile,24B]; routing to relationship simple
[pool-3522-thread-1] INFO org.apache.nifi.processors.standard.RouteText - RouteText[id=e191155b-3232-49bd-bfe9-6bfcf78aa3cb] Routing FlowFile[2398,92022289603717.mockFlowFile,24B] to original
[main] DEBUG org.apache.nifi.processors.standard.RouteText - RouteText[id=e191155b-3232-49bd-bfe9-6bfcf78aa3cb] Adding new dynamic property: PropertyDescriptor[simple]
[pool-3523-thread-1] INFO org.apache.nifi.processors.standard.RouteText - RouteText[id=e191155b-3232-49bd-bfe9-6bfcf78aa3cb] Created FlowFile[2401,92022290125187.mockFlowFile,24B] from FlowFile[2400,92022290125187.mockFlowFile,24B]; routing to relationship simple
[pool-3523-thread-1] INFO org.apache.nifi.processors.standard.RouteText - RouteText[id=e191155b-3232-49bd-bfe9-6bfcf78aa3cb] Routing FlowFile[2400,92022290125187.mockFlowFile,24B] to original
[main] DEBUG org.apache.nifi.processors.standard.RouteText - RouteText[id=e191155b-3232-49bd-bfe9-6bfcf78aa3cb] Adding new dynamic property: PropertyDescriptor[simple]
[pool-3524-thread-1] INFO org.apache.nifi.processors.standard.RouteText - RouteText[id=e191155b-3232-49bd-bfe9-6bfcf78aa3cb] Created FlowFile[2403,92022291165965.mockFlowFile,24B] from FlowFile[2402,92022291165965.mockFlowFile,24B]; routing to relationship simple
[pool-3524-thread-1] INFO org.apache.nifi.processors.standard.RouteText - RouteText[id=e191155b-3232-49bd-bfe9-6bfcf78aa3cb] Routing FlowFile[2402,92022291165965.mockFlowFile,24B] to original
[main] DEBUG org.apache.nifi.processors.standard.RouteText - RouteText[id=e191155b-3232-49bd-bfe9-6bfcf78aa3cb] Adding new dynamic property: PropertyDescriptor[simple]
[pool-3525-thread-1] INFO org.apache.nifi.processors.standard.RouteText - RouteText[id=e191155b-3232-49bd-bfe9-6bfcf78aa3cb] Created FlowFile[2405,92022291760639.mockFlowFile,24B] from FlowFile[2404,92022291760639.mockFlowFile,24B]; routing to relationship simple
[pool-3525-thread-1] INFO org.apache.nifi.processors.standard.RouteText - RouteText[id=e191155b-3232-49bd-bfe9-6bfcf78aa3cb] Routing FlowFile[2404,92022291760639.mockFlowFile,24B] to original
[main] DEBUG org.apache.nifi.processors.standard.RouteText - RouteText[id=e191155b-3232-49bd-bfe9-6bfcf78aa3cb] Adding new dynamic property: PropertyDescriptor[simple]
[pool-3526-thread-1] INFO org.apache.nifi.processors.standard.RouteText - RouteText[id=e191155b-3232-49bd-bfe9-6bfcf78aa3cb] Created FlowFile[2407,92022292413621.mockFlowFile,24B] from FlowFile[2406,92022292413621.mockFlowFile,24B]; routing to relationship simple
[pool-3526-thread-1] INFO org.apache.nifi.processors.standard.RouteText - RouteText[id=e191155b-3232-49bd-bfe9-6bfcf78aa3cb] Routing FlowFile[2406,92022292413621.mockFlowFile,24B] to original
[main] DEBUG org.apache.nifi.processors.standard.RouteText - RouteText[id=e191155b-3232-49bd-bfe9-6bfcf78aa3cb] Adding new dynamic property: PropertyDescriptor[simple]
[pool-3527-thread-1] INFO org.apache.nifi.processors.standard.RouteText - RouteText[id=e191155b-3232-49bd-bfe9-6bfcf78aa3cb] Created FlowFile[2409,92022293024185.mockFlowFile,24B] from FlowFile[2408,92022293024185.mockFlowFile,24B]; routing to relationship simple
[pool-3527-thread-1] INFO org.apache.nifi.processors.standard.RouteText - RouteText[id=e191155b-3232-49bd-bfe9-6bfcf78aa3cb] Routing FlowFile[2408,92022293024185.mockFlowFile,24B] to original
[main] DEBUG org.apache.nifi.processors.standard.RouteText - RouteText[id=e191155b-3232-49bd-bfe9-6bfcf78aa3cb] Adding new dynamic property: PropertyDescriptor[simple]
[pool-3528-thread-1] INFO org.apache.nifi.processors.standard.RouteText - RouteText[id=e191155b-3232-49bd-bfe9-6bfcf78aa3cb] Created FlowFile[2411,92022293573069.mockFlowFile,24B] from FlowFile[2410,92022293573069.mockFlowFile,24B]; routing to relationship simple
[pool-3528-thread-1] INFO org.apache.nifi.processors.standard.RouteText - RouteText[id=e191155b-3232-49bd-bfe9-6bfcf78aa3cb] Routing FlowFile[2410,92022293573069.mockFlowFile,24B] to original
[main] DEBUG org.apache.nifi.processors.standard.RouteText - RouteText[id=e191155b-3232-49bd-bfe9-6bfcf78aa3cb] Adding new dynamic property: PropertyDescriptor[simple]
[pool-3529-thread-1] INFO org.apache.nifi.processors.standard.RouteText - RouteText[id=e191155b-3232-49bd-bfe9-6bfcf78aa3cb] Created FlowFile[2413,92022294086808.mockFlowFile,24B] from FlowFile[2412,92022294086808.mockFlowFile,24B]; routing to relationship simple
[pool-3529-thread-1] INFO org.apache.nifi.processors.standard.RouteText - RouteText[id=e191155b-3232-49bd-bfe9-6bfcf78aa3cb] Routing FlowFile[2412,92022294086808.mockFlowFile,24B] to original
[main] DEBUG org.apache.nifi.processors.standard.RouteText - RouteText[id=e191155b-3232-49bd-bfe9-6bfcf78aa3cb] Adding new dynamic property: PropertyDescriptor[simple]
[pool-3530-thread-1] INFO org.apache.nifi.processors.standard.RouteText - RouteText[id=e191155b-3232-49bd-bfe9-6bfcf78aa3cb] Created FlowFile[2415,92022294617150.mockFlowFile,24B] from FlowFile[2414,92022294617150.mockFlowFile,24B]; routing to relationship simple
[pool-3530-thread-1] INFO org.apache.nifi.processors.standard.RouteText - RouteText[id=e191155b-3232-49bd-bfe9-6bfcf78aa3cb] Routing FlowFile[2414,92022294617150.mockFlowFile,24B] to original
[main] DEBUG org.apache.nifi.processors.standard.RouteText - RouteText[id=e191155b-3232-49bd-bfe9-6bfcf78aa3cb] Adding new dynamic property: PropertyDescriptor[simple]
[pool-3531-thread-1] INFO org.apache.nifi.processors.standard.RouteText - RouteText[id=e191155b-3232-49bd-bfe9-6bfcf78aa3cb] Created FlowFile[2417,92022295125193.mockFlowFile,24B] from FlowFile[2416,92022295125193.mockFlowFile,24B]; routing to relationship simple
[pool-3531-thread-1] INFO org.apache.nifi.processors.standard.RouteText - RouteText[id=e191155b-3232-49bd-bfe9-6bfcf78aa3cb] Routing FlowFile[2416,92022295125193.mockFlowFile,24B] to original
[main] DEBUG org.apache.nifi.processors.standard.RouteText - RouteText[id=e191155b-3232-49bd-bfe9-6bfcf78aa3cb] Adding new dynamic property: PropertyDescriptor[simple]
[pool-3532-thread-1] INFO org.apache.nifi.processors.standard.RouteText - RouteText[id=e191155b-3232-49bd-bfe9-6bfcf78aa3cb] Created FlowFile[2419,92022295762196.mockFlowFile,24B] from FlowFile[2418,92022295762196.mockFlowFile,24B]; routing to relationship simple
[pool-3532-thread-1] INFO org.apache.nifi.processors.standard.RouteText - RouteText[id=e191155b-3232-49bd-bfe9-6bfcf78aa3cb] Routing FlowFile[2418,92022295762196.mockFlowFile,24B] to original
[main] DEBUG org.apache.nifi.processors.standard.RouteText - RouteText[id=e191155b-3232-49bd-bfe9-6bfcf78aa3cb] Adding new dynamic property: PropertyDescriptor[simple]
[pool-3533-thread-1] INFO org.apache.nifi.processors.standard.RouteText - RouteText[id=e191155b-3232-49bd-bfe9-6bfcf78aa3cb] Created FlowFile[2421,92022296311350.mockFlowFile,24B] from FlowFile[2420,92022296311350.mockFlowFile,24B]; routing to relationship simple
[pool-3533-thread-1] INFO org.apache.nifi.processors.standard.RouteText - RouteText[id=e191155b-3232-49bd-bfe9-6bfcf78aa3cb] Routing FlowFile[2420,92022296311350.mockFlowFile,24B] to original
[main] DEBUG org.apache.nifi.processors.standard.RouteText - RouteText[id=e191155b-3232-49bd-bfe9-6bfcf78aa3cb] Adding new dynamic property: PropertyDescriptor[simple]
[pool-3534-thread-1] INFO org.apache.nifi.processors.standard.RouteText - RouteText[id=e191155b-3232-49bd-bfe9-6bfcf78aa3cb] Created FlowFile[2423,92022296894520.mockFlowFile,24B] from FlowFile[2422,92022296894520.mockFlowFile,24B]; routing to relationship simple
[pool-3534-thread-1] INFO org.apache.nifi.processors.standard.RouteText - RouteText[id=e191155b-3232-49bd-bfe9-6bfcf78aa3cb] Routing FlowFile[2422,92022296894520.mockFlowFile,24B] to original
[main] DEBUG org.apache.nifi.processors.standard.RouteText - RouteText[id=e191155b-3232-49bd-bfe9-6bfcf78aa3cb] Adding new dynamic property: PropertyDescriptor[simple]
[pool-3535-thread-1] INFO org.apache.nifi.processors.standard.RouteText - RouteText[id=e191155b-3232-49bd-bfe9-6bfcf78aa3cb] Created FlowFile[2425,92022297444635.mockFlowFile,24B] from FlowFile[2424,92022297444635.mockFlowFile,24B]; routing to relationship simple
[pool-3535-thread-1] INFO org.apache.nifi.processors.standard.RouteText - RouteText[id=e191155b-3232-49bd-bfe9-6bfcf78aa3cb] Routing FlowFile[2424,92022297444635.mockFlowFile,24B] to original
[main] DEBUG org.apache.nifi.processors.standard.RouteText - RouteText[id=e191155b-3232-49bd-bfe9-6bfcf78aa3cb] Adding new dynamic property: PropertyDescriptor[simple]
[pool-3536-thread-1] INFO org.apache.nifi.processors.standard.RouteText - RouteText[id=e191155b-3232-49bd-bfe9-6bfcf78aa3cb] Created FlowFile[2427,92022300827483.mockFlowFile,24B] from FlowFile[2426,92022300827483.mockFlowFile,24B]; routing to relationship simple
[pool-3536-thread-1] INFO org.apache.nifi.processors.standard.RouteText - RouteText[id=e191155b-3232-49bd-bfe9-6bfcf78aa3cb] Routing FlowFile[2426,92022300827483.mockFlowFile,24B] to original
[main] DEBUG org.apache.nifi.processors.standard.RouteText - RouteText[id=e191155b-3232-49bd-bfe9-6bfcf78aa3cb] Adding new dynamic property: PropertyDescriptor[simple]
[pool-3537-thread-1] INFO org.apache.nifi.processors.standard.RouteText - RouteText[id=e191155b-3232-49bd-bfe9-6bfcf78aa3cb] Created FlowFile[2429,92022301568478.mockFlowFile,24B] from FlowFile[2428,92022301568478.mockFlowFile,24B]; routing to relationship simple
[pool-3537-thread-1] INFO org.apache.nifi.processors.standard.RouteText - RouteText[id=e191155b-3232-49bd-bfe9-6bfcf78aa3cb] Routing FlowFile[2428,92022301568478.mockFlowFile,24B] to original
[main] DEBUG org.apache.nifi.processors.standard.RouteText - RouteText[id=e191155b-3232-49bd-bfe9-6bfcf78aa3cb] Adding new dynamic property: PropertyDescriptor[simple]
[pool-3538-thread-1] INFO org.apache.nifi.processors.standard.RouteText - RouteText[id=e191155b-3232-49bd-bfe9-6bfcf78aa3cb] Created FlowFile[2431,92022302186866.mockFlowFile,24B] from FlowFile[2430,92022302186866.mockFlowFile,24B]; routing to relationship simple
[pool-3538-thread-1] INFO org.apache.nifi.processors.standard.RouteText - RouteText[id=e191155b-3232-49bd-bfe9-6bfcf78aa3cb] Routing FlowFile[2430,92022302186866.mockFlowFile,24B] to original
[main] DEBUG org.apache.nifi.processors.standard.RouteText - RouteText[id=e191155b-3232-49bd-bfe9-6bfcf78aa3cb] Adding new dynamic property: PropertyDescriptor[simple]
[pool-3539-thread-1] INFO org.apache.nifi.processors.standard.RouteText - RouteText[id=e191155b-3232-49bd-bfe9-6bfcf78aa3cb] Created FlowFile[2433,92022302762833.mockFlowFile,24B] from FlowFile[2432,92022302762833.mockFlowFile,24B]; routing to relationship simple
[pool-3539-thread-1] INFO org.apache.nifi.processors.standard.RouteText - RouteText[id=e191155b-3232-49bd-bfe9-6bfcf78aa3cb] Routing FlowFile[2432,92022302762833.mockFlowFile,24B] to original
[main] DEBUG org.apache.nifi.processors.standard.RouteText - RouteText[id=e191155b-3232-49bd-bfe9-6bfcf78aa3cb] Adding new dynamic property: PropertyDescriptor[simple]
[pool-3540-thread-1] INFO org.apache.nifi.processors.standard.RouteText - RouteText[id=e191155b-3232-49bd-bfe9-6bfcf78aa3cb] Created FlowFile[2435,92022303300881.mockFlowFile,24B] from FlowFile[2434,92022303300881.mockFlowFile,24B]; routing to relationship simple
[pool-3540-thread-1] INFO org.apache.nifi.processors.standard.RouteText - RouteText[id=e191155b-3232-49bd-bfe9-6bfcf78aa3cb] Routing FlowFile[2434,92022303300881.mockFlowFile,24B] to original
[main] DEBUG org.apache.nifi.processors.standard.RouteText - RouteText[id=e191155b-3232-49bd-bfe9-6bfcf78aa3cb] Adding new dynamic property: PropertyDescriptor[simple]
[pool-3541-thread-1] INFO org.apache.nifi.processors.standard.RouteText - RouteText[id=e191155b-3232-49bd-bfe9-6bfcf78aa3cb] Created FlowFile[2437,92022303851008.mockFlowFile,24B] from FlowFile[2436,92022303851008.mockFlowFile,24B]; routing to relationship simple
[pool-3541-thread-1] INFO org.apache.nifi.processors.standard.RouteText - RouteText[id=e191155b-3232-49bd-bfe9-6bfcf78aa3cb] Routing FlowFile[2436,92022303851008.mockFlowFile,24B] to original
[main] DEBUG org.apache.nifi.processors.standard.RouteText - RouteText[id=e191155b-3232-49bd-bfe9-6bfcf78aa3cb] Adding new dynamic property: PropertyDescriptor[simple]
[pool-3542-thread-1] INFO org.apache.nifi.processors.standard.RouteText - RouteText[id=e191155b-3232-49bd-bfe9-6bfcf78aa3cb] Created FlowFile[2439,92022304440757.mockFlowFile,24B] from FlowFile[2438,92022304440757.mockFlowFile,24B]; routing to relationship simple
[pool-3542-thread-1] INFO org.apache.nifi.processors.standard.RouteText - RouteText[id=e191155b-3232-49bd-bfe9-6bfcf78aa3cb] Routing FlowFile[2438,92022304440757.mockFlowFile,24B] to original
[main] DEBUG org.apache.nifi.processors.standard.RouteText - RouteText[id=e191155b-3232-49bd-bfe9-6bfcf78aa3cb] Adding new dynamic property: PropertyDescriptor[simple]
[pool-3543-thread-1] INFO org.apache.nifi.processors.standard.RouteText - RouteText[id=e191155b-3232-49bd-bfe9-6bfcf78aa3cb] Created FlowFile[2441,92022305065775.mockFlowFile,24B] from FlowFile[2440,92022305065775.mockFlowFile,24B]; routing to relationship simple
[pool-3543-thread-1] INFO org.apache.nifi.processors.standard.RouteText - RouteText[id=e191155b-3232-49bd-bfe9-6bfcf78aa3cb] Routing FlowFile[2440,92022305065775.mockFlowFile,24B] to original
[main] DEBUG org.apache.nifi.processors.standard.RouteText - RouteText[id=e191155b-3232-49bd-bfe9-6bfcf78aa3cb] Adding new dynamic property: PropertyDescriptor[simple]
[pool-3544-thread-1] INFO org.apache.nifi.processors.standard.RouteText - RouteText[id=e191155b-3232-49bd-bfe9-6bfcf78aa3cb] Created FlowFile[2443,92022305670771.mockFlowFile,24B] from FlowFile[2442,92022305670771.mockFlowFile,24B]; routing to relationship simple
[pool-3544-thread-1] INFO org.apache.nifi.processors.standard.RouteText - RouteText[id=e191155b-3232-49bd-bfe9-6bfcf78aa3cb] Routing FlowFile[2442,92022305670771.mockFlowFile,24B] to original
[main] DEBUG org.apache.nifi.processors.standard.RouteText - RouteText[id=e191155b-3232-49bd-bfe9-6bfcf78aa3cb] Adding new dynamic property: PropertyDescriptor[simple]
[pool-3545-thread-1] INFO org.apache.nifi.processors.standard.RouteText - RouteText[id=e191155b-3232-49bd-bfe9-6bfcf78aa3cb] Created FlowFile[2445,92022306239229.mockFlowFile,24B] from FlowFile[2444,92022306239229.mockFlowFile,24B]; routing to relationship simple
[pool-3545-thread-1] INFO org.apache.nifi.processors.standard.RouteText - RouteText[id=e191155b-3232-49bd-bfe9-6bfcf78aa3cb] Routing FlowFile[2444,92022306239229.mockFlowFile,24B] to original
[main] DEBUG org.apache.nifi.processors.standard.RouteText - RouteText[id=e191155b-3232-49bd-bfe9-6bfcf78aa3cb] Adding new dynamic property: PropertyDescriptor[simple]
[pool-3546-thread-1] INFO org.apache.nifi.processors.standard.RouteText - RouteText[id=e191155b-3232-49bd-bfe9-6bfcf78aa3cb] Created FlowFile[2447,92022306833020.mockFlowFile,24B] from FlowFile[2446,92022306833020.mockFlowFile,24B]; routing to relationship simple
[pool-3546-thread-1] INFO org.apache.nifi.processors.standard.RouteText - RouteText[id=e191155b-3232-49bd-bfe9-6bfcf78aa3cb] Routing FlowFile[2446,92022306833020.mockFlowFile,24B] to original
[main] DEBUG org.apache.nifi.processors.standard.RouteText - RouteText[id=e191155b-3232-49bd-bfe9-6bfcf78aa3cb] Adding new dynamic property: PropertyDescriptor[simple]
[pool-3547-thread-1] INFO org.apache.nifi.processors.standard.RouteText - RouteText[id=e191155b-3232-49bd-bfe9-6bfcf78aa3cb] Created FlowFile[2449,92022307405268.mockFlowFile,24B] from FlowFile[2448,92022307405268.mockFlowFile,24B]; routing to relationship simple
[pool-3547-thread-1] INFO org.apache.nifi.processors.standard.RouteText - RouteText[id=e191155b-3232-49bd-bfe9-6bfcf78aa3cb] Routing FlowFile[2448,92022307405268.mockFlowFile,24B] to original
[main] DEBUG org.apache.nifi.processors.standard.RouteText - RouteText[id=e191155b-3232-49bd-bfe9-6bfcf78aa3cb] Adding new dynamic property: PropertyDescriptor[simple]
[pool-3548-thread-1] INFO org.apache.nifi.processors.standard.RouteText - RouteText[id=e191155b-3232-49bd-bfe9-6bfcf78aa3cb] Created FlowFile[2451,92022307965072.mockFlowFile,24B] from FlowFile[2450,92022307965072.mockFlowFile,24B]; routing to relationship simple
[pool-3548-thread-1] INFO org.apache.nifi.processors.standard.RouteText - RouteText[id=e191155b-3232-49bd-bfe9-6bfcf78aa3cb] Routing FlowFile[2450,92022307965072.mockFlowFile,24B] to original
[main] DEBUG org.apache.nifi.processors.standard.RouteText - RouteText[id=e191155b-3232-49bd-bfe9-6bfcf78aa3cb] Adding new dynamic property: PropertyDescriptor[simple]
[pool-3549-thread-1] INFO org.apache.nifi.processors.standard.RouteText - RouteText[id=e191155b-3232-49bd-bfe9-6bfcf78aa3cb] Created FlowFile[2453,92022308529908.mockFlowFile,24B] from FlowFile[2452,92022308529908.mockFlowFile,24B]; routing to relationship simple
[pool-3549-thread-1] INFO org.apache.nifi.processors.standard.RouteText - RouteText[id=e191155b-3232-49bd-bfe9-6bfcf78aa3cb] Routing FlowFile[2452,92022308529908.mockFlowFile,24B] to original
[main] DEBUG org.apache.nifi.processors.standard.RouteText - RouteText[id=e191155b-3232-49bd-bfe9-6bfcf78aa3cb] Adding new dynamic property: PropertyDescriptor[simple]
[pool-3550-thread-1] INFO org.apache.nifi.processors.standard.RouteText - RouteText[id=e191155b-3232-49bd-bfe9-6bfcf78aa3cb] Created FlowFile[2455,92022309046650.mockFlowFile,24B] from FlowFile[2454,92022309046650.mockFlowFile,24B]; routing to relationship simple
[pool-3550-thread-1] INFO org.apache.nifi.processors.standard.RouteText - RouteText[id=e191155b-3232-49bd-bfe9-6bfcf78aa3cb] Routing FlowFile[2454,92022309046650.mockFlowFile,24B] to original
[main] DEBUG org.apache.nifi.processors.standard.RouteText - RouteText[id=e191155b-3232-49bd-bfe9-6bfcf78aa3cb] Adding new dynamic property: PropertyDescriptor[simple]
[pool-3551-thread-1] INFO org.apache.nifi.processors.standard.RouteText - RouteText[id=e191155b-3232-49bd-bfe9-6bfcf78aa3cb] Created FlowFile[2457,92022309517724.mockFlowFile,24B] from FlowFile[2456,92022309517724.mockFlowFile,24B]; routing to relationship simple
[pool-3551-thread-1] INFO org.apache.nifi.processors.standard.RouteText - RouteText[id=e191155b-3232-49bd-bfe9-6bfcf78aa3cb] Routing FlowFile[2456,92022309517724.mockFlowFile,24B] to original
[main] DEBUG org.apache.nifi.processors.standard.RouteText - RouteText[id=e191155b-3232-49bd-bfe9-6bfcf78aa3cb] Adding new dynamic property: PropertyDescriptor[simple]
[pool-3552-thread-1] INFO org.apache.nifi.processors.standard.RouteText - RouteText[id=e191155b-3232-49bd-bfe9-6bfcf78aa3cb] Created FlowFile[2459,92022309980044.mockFlowFile,24B] from FlowFile[2458,92022309980044.mockFlowFile,24B]; routing to relationship simple
[pool-3552-thread-1] INFO org.apache.nifi.processors.standard.RouteText - RouteText[id=e191155b-3232-49bd-bfe9-6bfcf78aa3cb] Routing FlowFile[2458,92022309980044.mockFlowFile,24B] to original
[main] DEBUG org.apache.nifi.processors.standard.RouteText - RouteText[id=e191155b-3232-49bd-bfe9-6bfcf78aa3cb] Adding new dynamic property: PropertyDescriptor[simple]
[pool-3553-thread-1] INFO org.apache.nifi.processors.standard.RouteText - RouteText[id=e191155b-3232-49bd-bfe9-6bfcf78aa3cb] Created FlowFile[2461,92022310416979.mockFlowFile,24B] from FlowFile[2460,92022310416979.mockFlowFile,24B]; routing to relationship simple
[pool-3553-thread-1] INFO org.apache.nifi.processors.standard.RouteText - RouteText[id=e191155b-3232-49bd-bfe9-6bfcf78aa3cb] Routing FlowFile[2460,92022310416979.mockFlowFile,24B] to original
[main] DEBUG org.apache.nifi.processors.standard.RouteText - RouteText[id=e191155b-3232-49bd-bfe9-6bfcf78aa3cb] Adding new dynamic property: PropertyDescriptor[simple]
[pool-3554-thread-1] INFO org.apache.nifi.processors.standard.RouteText - RouteText[id=e191155b-3232-49bd-bfe9-6bfcf78aa3cb] Created FlowFile[2463,92022310845408.mockFlowFile,24B] from FlowFile[2462,92022310845408.mockFlowFile,24B]; routing to relationship simple
[pool-3554-thread-1] INFO org.apache.nifi.processors.standard.RouteText - RouteText[id=e191155b-3232-49bd-bfe9-6bfcf78aa3cb] Routing FlowFile[2462,92022310845408.mockFlowFile,24B] to original
[main] DEBUG org.apache.nifi.processors.standard.RouteText - RouteText[id=e191155b-3232-49bd-bfe9-6bfcf78aa3cb] Adding new dynamic property: PropertyDescriptor[simple]
[pool-3555-thread-1] INFO org.apache.nifi.processors.standard.RouteText - RouteText[id=e191155b-3232-49bd-bfe9-6bfcf78aa3cb] Created FlowFile[2465,92022311302885.mockFlowFile,24B] from FlowFile[2464,92022311302885.mockFlowFile,24B]; routing to relationship simple
[pool-3555-thread-1] INFO org.apache.nifi.processors.standard.RouteText - RouteText[id=e191155b-3232-49bd-bfe9-6bfcf78aa3cb] Routing FlowFile[2464,92022311302885.mockFlowFile,24B] to original
[main] DEBUG org.apache.nifi.processors.standard.RouteText - RouteText[id=e191155b-3232-49bd-bfe9-6bfcf78aa3cb] Adding new dynamic property: PropertyDescriptor[simple]
[pool-3556-thread-1] INFO org.apache.nifi.processors.standard.RouteText - RouteText[id=e191155b-3232-49bd-bfe9-6bfcf78aa3cb] Created FlowFile[2467,92022311780112.mockFlowFile,24B] from FlowFile[2466,92022311780112.mockFlowFile,24B]; routing to relationship simple
[pool-3556-thread-1] INFO org.apache.nifi.processors.standard.RouteText - RouteText[id=e191155b-3232-49bd-bfe9-6bfcf78aa3cb] Routing FlowFile[2466,92022311780112.mockFlowFile,24B] to original
[main] DEBUG org.apache.nifi.processors.standard.RouteText - RouteText[id=e191155b-3232-49bd-bfe9-6bfcf78aa3cb] Adding new dynamic property: PropertyDescriptor[simple]
[pool-3557-thread-1] INFO org.apache.nifi.processors.standard.RouteText - RouteText[id=e191155b-3232-49bd-bfe9-6bfcf78aa3cb] Created FlowFile[2469,92022312500356.mockFlowFile,24B] from FlowFile[2468,92022312500356.mockFlowFile,24B]; routing to relationship simple
[pool-3557-thread-1] INFO org.apache.nifi.processors.standard.RouteText - RouteText[id=e191155b-3232-49bd-bfe9-6bfcf78aa3cb] Routing FlowFile[2468,92022312500356.mockFlowFile,24B] to original
[main] DEBUG org.apache.nifi.processors.standard.RouteText - RouteText[id=e191155b-3232-49bd-bfe9-6bfcf78aa3cb] Adding new dynamic property: PropertyDescriptor[simple]
[pool-3558-thread-1] INFO org.apache.nifi.processors.standard.RouteText - RouteText[id=e191155b-3232-49bd-bfe9-6bfcf78aa3cb] Created FlowFile[2471,92022313128781.mockFlowFile,24B] from FlowFile[2470,92022313128781.mockFlowFile,24B]; routing to relationship simple
[pool-3558-thread-1] INFO org.apache.nifi.processors.standard.RouteText - RouteText[id=e191155b-3232-49bd-bfe9-6bfcf78aa3cb] Routing FlowFile[2470,92022313128781.mockFlowFile,24B] to original
[main] DEBUG org.apache.nifi.processors.standard.RouteText - RouteText[id=e191155b-3232-49bd-bfe9-6bfcf78aa3cb] Adding new dynamic property: PropertyDescriptor[simple]
[pool-3559-thread-1] INFO org.apache.nifi.processors.standard.RouteText - RouteText[id=e191155b-3232-49bd-bfe9-6bfcf78aa3cb] Created FlowFile[2473,92022313678943.mockFlowFile,24B] from FlowFile[2472,92022313678943.mockFlowFile,24B]; routing to relationship simple
[pool-3559-thread-1] INFO org.apache.nifi.processors.standard.RouteText - RouteText[id=e191155b-3232-49bd-bfe9-6bfcf78aa3cb] Routing FlowFile[2472,92022313678943.mockFlowFile,24B] to original
[main] DEBUG org.apache.nifi.processors.standard.RouteText - RouteText[id=e191155b-3232-49bd-bfe9-6bfcf78aa3cb] Adding new dynamic property: PropertyDescriptor[simple]
[pool-3560-thread-1] INFO org.apache.nifi.processors.standard.RouteText - RouteText[id=e191155b-3232-49bd-bfe9-6bfcf78aa3cb] Created FlowFile[2475,92022314198783.mockFlowFile,24B] from FlowFile[2474,92022314198783.mockFlowFile,24B]; routing to relationship simple
[pool-3560-thread-1] INFO org.apache.nifi.processors.standard.RouteText - RouteText[id=e191155b-3232-49bd-bfe9-6bfcf78aa3cb] Routing FlowFile[2474,92022314198783.mockFlowFile,24B] to original
[main] DEBUG org.apache.nifi.processors.standard.RouteText - RouteText[id=e191155b-3232-49bd-bfe9-6bfcf78aa3cb] Adding new dynamic property: PropertyDescriptor[simple]
[pool-3561-thread-1] INFO org.apache.nifi.processors.standard.RouteText - RouteText[id=e191155b-3232-49bd-bfe9-6bfcf78aa3cb] Created FlowFile[2477,92022314704962.mockFlowFile,24B] from FlowFile[2476,92022314704962.mockFlowFile,24B]; routing to relationship simple
[pool-3561-thread-1] INFO org.apache.nifi.processors.standard.RouteText - RouteText[id=e191155b-3232-49bd-bfe9-6bfcf78aa3cb] Routing FlowFile[2476,92022314704962.mockFlowFile,24B] to original
[main] DEBUG org.apache.nifi.processors.standard.RouteText - RouteText[id=e191155b-3232-49bd-bfe9-6bfcf78aa3cb] Adding new dynamic property: PropertyDescriptor[simple]
[pool-3562-thread-1] INFO org.apache.nifi.processors.standard.RouteText - RouteText[id=e191155b-3232-49bd-bfe9-6bfcf78aa3cb] Created FlowFile[2479,92022315203155.mockFlowFile,24B] from FlowFile[2478,92022315203155.mockFlowFile,24B]; routing to relationship simple
[pool-3562-thread-1] INFO org.apache.nifi.processors.standard.RouteText - RouteText[id=e191155b-3232-49bd-bfe9-6bfcf78aa3cb] Routing FlowFile[2478,92022315203155.mockFlowFile,24B] to original
[main] DEBUG org.apache.nifi.processors.standard.RouteText - RouteText[id=e191155b-3232-49bd-bfe9-6bfcf78aa3cb] Adding new dynamic property: PropertyDescriptor[simple]
[pool-3563-thread-1] INFO org.apache.nifi.processors.standard.RouteText - RouteText[id=e191155b-3232-49bd-bfe9-6bfcf78aa3cb] Created FlowFile[2481,92022315776323.mockFlowFile,24B] from FlowFile[2480,92022315776323.mockFlowFile,24B]; routing to relationship simple
[pool-3563-thread-1] INFO org.apache.nifi.processors.standard.RouteText - RouteText[id=e191155b-3232-49bd-bfe9-6bfcf78aa3cb] Routing FlowFile[2480,92022315776323.mockFlowFile,24B] to original
[main] DEBUG org.apache.nifi.processors.standard.RouteText - RouteText[id=e191155b-3232-49bd-bfe9-6bfcf78aa3cb] Adding new dynamic property: PropertyDescriptor[simple]
[pool-3564-thread-1] INFO org.apache.nifi.processors.standard.RouteText - RouteText[id=e191155b-3232-49bd-bfe9-6bfcf78aa3cb] Created FlowFile[2483,92022316304114.mockFlowFile,24B] from FlowFile[2482,92022316304114.mockFlowFile,24B]; routing to relationship simple
[pool-3564-thread-1] INFO org.apache.nifi.processors.standard.RouteText - RouteText[id=e191155b-3232-49bd-bfe9-6bfcf78aa3cb] Routing FlowFile[2482,92022316304114.mockFlowFile,24B] to original
[main] DEBUG org.apache.nifi.processors.standard.RouteText - RouteText[id=e191155b-3232-49bd-bfe9-6bfcf78aa3cb] Adding new dynamic property: PropertyDescriptor[simple]
[pool-3565-thread-1] INFO org.apache.nifi.processors.standard.RouteText - RouteText[id=e191155b-3232-49bd-bfe9-6bfcf78aa3cb] Created FlowFile[2485,92022316887509.mockFlowFile,24B] from FlowFile[2484,92022316887509.mockFlowFile,24B]; routing to relationship simple
[pool-3565-thread-1] INFO org.apache.nifi.processors.standard.RouteText - RouteText[id=e191155b-3232-49bd-bfe9-6bfcf78aa3cb] Routing FlowFile[2484,92022316887509.mockFlowFile,24B] to original
[main] DEBUG org.apache.nifi.processors.standard.RouteText - RouteText[id=e191155b-3232-49bd-bfe9-6bfcf78aa3cb] Adding new dynamic property: PropertyDescriptor[simple]
[pool-3566-thread-1] INFO org.apache.nifi.processors.standard.RouteText - RouteText[id=e191155b-3232-49bd-bfe9-6bfcf78aa3cb] Created FlowFile[2487,92022317452290.mockFlowFile,24B] from FlowFile[2486,92022317452290.mockFlowFile,24B]; routing to relationship simple
[pool-3566-thread-1] INFO org.apache.nifi.processors.standard.RouteText - RouteText[id=e191155b-3232-49bd-bfe9-6bfcf78aa3cb] Routing FlowFile[2486,92022317452290.mockFlowFile,24B] to original
[main] DEBUG org.apache.nifi.processors.standard.RouteText - RouteText[id=e191155b-3232-49bd-bfe9-6bfcf78aa3cb] Adding new dynamic property: PropertyDescriptor[simple]
[pool-3567-thread-1] INFO org.apache.nifi.processors.standard.RouteText - RouteText[id=e191155b-3232-49bd-bfe9-6bfcf78aa3cb] Created FlowFile[2489,92022317997461.mockFlowFile,24B] from FlowFile[2488,92022317997461.mockFlowFile,24B]; routing to relationship simple
[pool-3567-thread-1] INFO org.apache.nifi.processors.standard.RouteText - RouteText[id=e191155b-3232-49bd-bfe9-6bfcf78aa3cb] Routing FlowFile[2488,92022317997461.mockFlowFile,24B] to original
[main] DEBUG org.apache.nifi.processors.standard.RouteText - RouteText[id=e191155b-3232-49bd-bfe9-6bfcf78aa3cb] Adding new dynamic property: PropertyDescriptor[simple]
[pool-3568-thread-1] INFO org.apache.nifi.processors.standard.RouteText - RouteText[id=e191155b-3232-49bd-bfe9-6bfcf78aa3cb] Created FlowFile[2491,92022318549002.mockFlowFile,24B] from FlowFile[2490,92022318549002.mockFlowFile,24B]; routing to relationship simple
[pool-3568-thread-1] INFO org.apache.nifi.processors.standard.RouteText - RouteText[id=e191155b-3232-49bd-bfe9-6bfcf78aa3cb] Routing FlowFile[2490,92022318549002.mockFlowFile,24B] to original
[main] DEBUG org.apache.nifi.processors.standard.RouteText - RouteText[id=e191155b-3232-49bd-bfe9-6bfcf78aa3cb] Adding new dynamic property: PropertyDescriptor[simple]
[pool-3569-thread-1] INFO org.apache.nifi.processors.standard.RouteText - RouteText[id=e191155b-3232-49bd-bfe9-6bfcf78aa3cb] Created FlowFile[2493,92022319090641.mockFlowFile,24B] from FlowFile[2492,92022319090641.mockFlowFile,24B]; routing to relationship simple
[pool-3569-thread-1] INFO org.apache.nifi.processors.standard.RouteText - RouteText[id=e191155b-3232-49bd-bfe9-6bfcf78aa3cb] Routing FlowFile[2492,92022319090641.mockFlowFile,24B] to original
[main] DEBUG org.apache.nifi.processors.standard.RouteText - RouteText[id=e191155b-3232-49bd-bfe9-6bfcf78aa3cb] Adding new dynamic property: PropertyDescriptor[simple]
[pool-3570-thread-1] INFO org.apache.nifi.processors.standard.RouteText - RouteText[id=e191155b-3232-49bd-bfe9-6bfcf78aa3cb] Created FlowFile[2495,92022319614764.mockFlowFile,24B] from FlowFile[2494,92022319614764.mockFlowFile,24B]; routing to relationship simple
[pool-3570-thread-1] INFO org.apache.nifi.processors.standard.RouteText - RouteText[id=e191155b-3232-49bd-bfe9-6bfcf78aa3cb] Routing FlowFile[2494,92022319614764.mockFlowFile,24B] to original
[main] DEBUG org.apache.nifi.processors.standard.RouteText - RouteText[id=e191155b-3232-49bd-bfe9-6bfcf78aa3cb] Adding new dynamic property: PropertyDescriptor[simple]
[pool-3571-thread-1] INFO org.apache.nifi.processors.standard.RouteText - RouteText[id=e191155b-3232-49bd-bfe9-6bfcf78aa3cb] Created FlowFile[2497,92022320162576.mockFlowFile,24B] from FlowFile[2496,92022320162576.mockFlowFile,24B]; routing to relationship simple
[pool-3571-thread-1] INFO org.apache.nifi.processors.standard.RouteText - RouteText[id=e191155b-3232-49bd-bfe9-6bfcf78aa3cb] Routing FlowFile[2496,92022320162576.mockFlowFile,24B] to original
[main] DEBUG org.apache.nifi.processors.standard.RouteText - RouteText[id=e191155b-3232-49bd-bfe9-6bfcf78aa3cb] Adding new dynamic property: PropertyDescriptor[simple]
[pool-3572-thread-1] INFO org.apache.nifi.processors.standard.RouteText - RouteText[id=e191155b-3232-49bd-bfe9-6bfcf78aa3cb] Created FlowFile[2499,92022320714584.mockFlowFile,24B] from FlowFile[2498,92022320714584.mockFlowFile,24B]; routing to relationship simple
[pool-3572-thread-1] INFO org.apache.nifi.processors.standard.RouteText - RouteText[id=e191155b-3232-49bd-bfe9-6bfcf78aa3cb] Routing FlowFile[2498,92022320714584.mockFlowFile,24B] to original
[main] DEBUG org.apache.nifi.processors.standard.RouteText - RouteText[id=e191155b-3232-49bd-bfe9-6bfcf78aa3cb] Adding new dynamic property: PropertyDescriptor[simple]
[pool-3573-thread-1] INFO org.apache.nifi.processors.standard.RouteText - RouteText[id=e191155b-3232-49bd-bfe9-6bfcf78aa3cb] Created FlowFile[2501,92022321281235.mockFlowFile,24B] from FlowFile[2500,92022321281235.mockFlowFile,24B]; routing to relationship simple
[pool-3573-thread-1] INFO org.apache.nifi.processors.standard.RouteText - RouteText[id=e191155b-3232-49bd-bfe9-6bfcf78aa3cb] Routing FlowFile[2500,92022321281235.mockFlowFile,24B] to original
[main] DEBUG org.apache.nifi.processors.standard.RouteText - RouteText[id=e191155b-3232-49bd-bfe9-6bfcf78aa3cb] Adding new dynamic property: PropertyDescriptor[simple]
[pool-3574-thread-1] INFO org.apache.nifi.processors.standard.RouteText - RouteText[id=e191155b-3232-49bd-bfe9-6bfcf78aa3cb] Created FlowFile[2503,92022321861499.mockFlowFile,24B] from FlowFile[2502,92022321861499.mockFlowFile,24B]; routing to relationship simple
[pool-3574-thread-1] INFO org.apache.nifi.processors.standard.RouteText - RouteText[id=e191155b-3232-49bd-bfe9-6bfcf78aa3cb] Routing FlowFile[2502,92022321861499.mockFlowFile,24B] to original
[main] DEBUG org.apache.nifi.processors.standard.RouteText - RouteText[id=e191155b-3232-49bd-bfe9-6bfcf78aa3cb] Adding new dynamic property: PropertyDescriptor[simple]
[pool-3575-thread-1] INFO org.apache.nifi.processors.standard.RouteText - RouteText[id=e191155b-3232-49bd-bfe9-6bfcf78aa3cb] Created FlowFile[2505,92022322400160.mockFlowFile,24B] from FlowFile[2504,92022322400160.mockFlowFile,24B]; routing to relationship simple
[pool-3575-thread-1] INFO org.apache.nifi.processors.standard.RouteText - RouteText[id=e191155b-3232-49bd-bfe9-6bfcf78aa3cb] Routing FlowFile[2504,92022322400160.mockFlowFile,24B] to original
[main] DEBUG org.apache.nifi.processors.standard.RouteText - RouteText[id=e191155b-3232-49bd-bfe9-6bfcf78aa3cb] Adding new dynamic property: PropertyDescriptor[simple]
[pool-3576-thread-1] INFO org.apache.nifi.processors.standard.RouteText - RouteText[id=e191155b-3232-49bd-bfe9-6bfcf78aa3cb] Created FlowFile[2507,92022322910268.mockFlowFile,24B] from FlowFile[2506,92022322910268.mockFlowFile,24B]; routing to relationship simple
[pool-3576-thread-1] INFO org.apache.nifi.processors.standard.RouteText - RouteText[id=e191155b-3232-49bd-bfe9-6bfcf78aa3cb] Routing FlowFile[2506,92022322910268.mockFlowFile,24B] to original
[main] DEBUG org.apache.nifi.processors.standard.RouteText - RouteText[id=e191155b-3232-49bd-bfe9-6bfcf78aa3cb] Adding new dynamic property: PropertyDescriptor[simple]
[pool-3577-thread-1] INFO org.apache.nifi.processors.standard.RouteText - RouteText[id=e191155b-3232-49bd-bfe9-6bfcf78aa3cb] Created FlowFile[2509,92022323434545.mockFlowFile,24B] from FlowFile[2508,92022323434545.mockFlowFile,24B]; routing to relationship simple
[pool-3577-thread-1] INFO org.apache.nifi.processors.standard.RouteText - RouteText[id=e191155b-3232-49bd-bfe9-6bfcf78aa3cb] Routing FlowFile[2508,92022323434545.mockFlowFile,24B] to original
[main] DEBUG org.apache.nifi.processors.standard.RouteText - RouteText[id=e191155b-3232-49bd-bfe9-6bfcf78aa3cb] Adding new dynamic property: PropertyDescriptor[simple]
[pool-3578-thread-1] INFO org.apache.nifi.processors.standard.RouteText - RouteText[id=e191155b-3232-49bd-bfe9-6bfcf78aa3cb] Created FlowFile[2511,92022323988208.mockFlowFile,24B] from FlowFile[2510,92022323988208.mockFlowFile,24B]; routing to relationship simple
[pool-3578-thread-1] INFO org.apache.nifi.processors.standard.RouteText - RouteText[id=e191155b-3232-49bd-bfe9-6bfcf78aa3cb] Routing FlowFile[2510,92022323988208.mockFlowFile,24B] to original
[main] DEBUG org.apache.nifi.processors.standard.RouteText - RouteText[id=e191155b-3232-49bd-bfe9-6bfcf78aa3cb] Adding new dynamic property: PropertyDescriptor[simple]
[pool-3579-thread-1] INFO org.apache.nifi.processors.standard.RouteText - RouteText[id=e191155b-3232-49bd-bfe9-6bfcf78aa3cb] Created FlowFile[2513,92022324526656.mockFlowFile,24B] from FlowFile[2512,92022324526656.mockFlowFile,24B]; routing to relationship simple
[pool-3579-thread-1] INFO org.apache.nifi.processors.standard.RouteText - RouteText[id=e191155b-3232-49bd-bfe9-6bfcf78aa3cb] Routing FlowFile[2512,92022324526656.mockFlowFile,24B] to original
[main] DEBUG org.apache.nifi.processors.standard.RouteText - RouteText[id=e191155b-3232-49bd-bfe9-6bfcf78aa3cb] Adding new dynamic property: PropertyDescriptor[simple]
[pool-3580-thread-1] INFO org.apache.nifi.processors.standard.RouteText - RouteText[id=e191155b-3232-49bd-bfe9-6bfcf78aa3cb] Created FlowFile[2515,92022325060535.mockFlowFile,24B] from FlowFile[2514,92022325060535.mockFlowFile,24B]; routing to relationship simple
[pool-3580-thread-1] INFO org.apache.nifi.processors.standard.RouteText - RouteText[id=e191155b-3232-49bd-bfe9-6bfcf78aa3cb] Routing FlowFile[2514,92022325060535.mockFlowFile,24B] to original
[main] DEBUG org.apache.nifi.processors.standard.RouteText - RouteText[id=e191155b-3232-49bd-bfe9-6bfcf78aa3cb] Adding new dynamic property: PropertyDescriptor[simple]
[pool-3581-thread-1] INFO org.apache.nifi.processors.standard.RouteText - RouteText[id=e191155b-3232-49bd-bfe9-6bfcf78aa3cb] Created FlowFile[2517,92022325744306.mockFlowFile,24B] from FlowFile[2516,92022325744306.mockFlowFile,24B]; routing to relationship simple
[pool-3581-thread-1] INFO org.apache.nifi.processors.standard.RouteText - RouteText[id=e191155b-3232-49bd-bfe9-6bfcf78aa3cb] Routing FlowFile[2516,92022325744306.mockFlowFile,24B] to original
[main] DEBUG org.apache.nifi.processors.standard.RouteText - RouteText[id=e191155b-3232-49bd-bfe9-6bfcf78aa3cb] Adding new dynamic property: PropertyDescriptor[simple]
[pool-3582-thread-1] INFO org.apache.nifi.processors.standard.RouteText - RouteText[id=e191155b-3232-49bd-bfe9-6bfcf78aa3cb] Created FlowFile[2519,92022326351971.mockFlowFile,24B] from FlowFile[2518,92022326351971.mockFlowFile,24B]; routing to relationship simple
[pool-3582-thread-1] INFO org.apache.nifi.processors.standard.RouteText - RouteText[id=e191155b-3232-49bd-bfe9-6bfcf78aa3cb] Routing FlowFile[2518,92022326351971.mockFlowFile,24B] to original
[main] DEBUG org.apache.nifi.processors.standard.RouteText - RouteText[id=e191155b-3232-49bd-bfe9-6bfcf78aa3cb] Adding new dynamic property: PropertyDescriptor[simple]
[pool-3583-thread-1] INFO org.apache.nifi.processors.standard.RouteText - RouteText[id=e191155b-3232-49bd-bfe9-6bfcf78aa3cb] Created FlowFile[2521,92022326945866.mockFlowFile,24B] from FlowFile[2520,92022326945866.mockFlowFile,24B]; routing to relationship simple
[pool-3583-thread-1] INFO org.apache.nifi.processors.standard.RouteText - RouteText[id=e191155b-3232-49bd-bfe9-6bfcf78aa3cb] Routing FlowFile[2520,92022326945866.mockFlowFile,24B] to original
[main] DEBUG org.apache.nifi.processors.standard.RouteText - RouteText[id=e191155b-3232-49bd-bfe9-6bfcf78aa3cb] Adding new dynamic property: PropertyDescriptor[simple]
[pool-3584-thread-1] INFO org.apache.nifi.processors.standard.RouteText - RouteText[id=e191155b-3232-49bd-bfe9-6bfcf78aa3cb] Created FlowFile[2523,92022327557482.mockFlowFile,24B] from FlowFile[2522,92022327557482.mockFlowFile,24B]; routing to relationship simple
[pool-3584-thread-1] INFO org.apache.nifi.processors.standard.RouteText - RouteText[id=e191155b-3232-49bd-bfe9-6bfcf78aa3cb] Routing FlowFile[2522,92022327557482.mockFlowFile,24B] to original
[main] DEBUG org.apache.nifi.processors.standard.RouteText - RouteText[id=e191155b-3232-49bd-bfe9-6bfcf78aa3cb] Adding new dynamic property: PropertyDescriptor[simple]
[pool-3585-thread-1] INFO org.apache.nifi.processors.standard.RouteText - RouteText[id=e191155b-3232-49bd-bfe9-6bfcf78aa3cb] Created FlowFile[2525,92022328154933.mockFlowFile,24B] from FlowFile[2524,92022328154933.mockFlowFile,24B]; routing to relationship simple
[pool-3585-thread-1] INFO org.apache.nifi.processors.standard.RouteText - RouteText[id=e191155b-3232-49bd-bfe9-6bfcf78aa3cb] Routing FlowFile[2524,92022328154933.mockFlowFile,24B] to original
[main] DEBUG org.apache.nifi.processors.standard.RouteText - RouteText[id=e191155b-3232-49bd-bfe9-6bfcf78aa3cb] Adding new dynamic property: PropertyDescriptor[simple]
[pool-3586-thread-1] INFO org.apache.nifi.processors.standard.RouteText - RouteText[id=e191155b-3232-49bd-bfe9-6bfcf78aa3cb] Created FlowFile[2527,92022328767886.mockFlowFile,24B] from FlowFile[2526,92022328767886.mockFlowFile,24B]; routing to relationship simple
[pool-3586-thread-1] INFO org.apache.nifi.processors.standard.RouteText - RouteText[id=e191155b-3232-49bd-bfe9-6bfcf78aa3cb] Routing FlowFile[2526,92022328767886.mockFlowFile,24B] to original
[main] DEBUG org.apache.nifi.processors.standard.RouteText - RouteText[id=e191155b-3232-49bd-bfe9-6bfcf78aa3cb] Adding new dynamic property: PropertyDescriptor[simple]
[pool-3587-thread-1] INFO org.apache.nifi.processors.standard.RouteText - RouteText[id=e191155b-3232-49bd-bfe9-6bfcf78aa3cb] Created FlowFile[2529,92022329360223.mockFlowFile,24B] from FlowFile[2528,92022329360223.mockFlowFile,24B]; routing to relationship simple
[pool-3587-thread-1] INFO org.apache.nifi.processors.standard.RouteText - RouteText[id=e191155b-3232-49bd-bfe9-6bfcf78aa3cb] Routing FlowFile[2528,92022329360223.mockFlowFile,24B] to original
[main] DEBUG org.apache.nifi.processors.standard.RouteText - RouteText[id=e191155b-3232-49bd-bfe9-6bfcf78aa3cb] Adding new dynamic property: PropertyDescriptor[simple]
[pool-3588-thread-1] INFO org.apache.nifi.processors.standard.RouteText - RouteText[id=e191155b-3232-49bd-bfe9-6bfcf78aa3cb] Created FlowFile[2531,92022329992935.mockFlowFile,24B] from FlowFile[2530,92022329992935.mockFlowFile,24B]; routing to relationship simple
[pool-3588-thread-1] INFO org.apache.nifi.processors.standard.RouteText - RouteText[id=e191155b-3232-49bd-bfe9-6bfcf78aa3cb] Routing FlowFile[2530,92022329992935.mockFlowFile,24B] to original
[main] DEBUG org.apache.nifi.processors.standard.RouteText - RouteText[id=e191155b-3232-49bd-bfe9-6bfcf78aa3cb] Adding new dynamic property: PropertyDescriptor[simple]
[pool-3589-thread-1] INFO org.apache.nifi.processors.standard.RouteText - RouteText[id=e191155b-3232-49bd-bfe9-6bfcf78aa3cb] Created FlowFile[2533,92022330535873.mockFlowFile,24B] from FlowFile[2532,92022330535873.mockFlowFile,24B]; routing to relationship simple
[pool-3589-thread-1] INFO org.apache.nifi.processors.standard.RouteText - RouteText[id=e191155b-3232-49bd-bfe9-6bfcf78aa3cb] Routing FlowFile[2532,92022330535873.mockFlowFile,24B] to original
[main] DEBUG org.apache.nifi.processors.standard.RouteText - RouteText[id=e191155b-3232-49bd-bfe9-6bfcf78aa3cb] Adding new dynamic property: PropertyDescriptor[simple]
[pool-3590-thread-1] INFO org.apache.nifi.processors.standard.RouteText - RouteText[id=e191155b-3232-49bd-bfe9-6bfcf78aa3cb] Created FlowFile[2535,92022331160444.mockFlowFile,24B] from FlowFile[2534,92022331160444.mockFlowFile,24B]; routing to relationship simple
[pool-3590-thread-1] INFO org.apache.nifi.processors.standard.RouteText - RouteText[id=e191155b-3232-49bd-bfe9-6bfcf78aa3cb] Routing FlowFile[2534,92022331160444.mockFlowFile,24B] to original
[main] DEBUG org.apache.nifi.processors.standard.RouteText - RouteText[id=e191155b-3232-49bd-bfe9-6bfcf78aa3cb] Adding new dynamic property: PropertyDescriptor[simple]
[pool-3591-thread-1] INFO org.apache.nifi.processors.standard.RouteText - RouteText[id=e191155b-3232-49bd-bfe9-6bfcf78aa3cb] Created FlowFile[2537,92022331743569.mockFlowFile,24B] from FlowFile[2536,92022331743569.mockFlowFile,24B]; routing to relationship simple
[pool-3591-thread-1] INFO org.apache.nifi.processors.standard.RouteText - RouteText[id=e191155b-3232-49bd-bfe9-6bfcf78aa3cb] Routing FlowFile[2536,92022331743569.mockFlowFile,24B] to original
[main] DEBUG org.apache.nifi.processors.standard.RouteText - RouteText[id=e191155b-3232-49bd-bfe9-6bfcf78aa3cb] Adding new dynamic property: PropertyDescriptor[simple]
[pool-3592-thread-1] INFO org.apache.nifi.processors.standard.RouteText - RouteText[id=e191155b-3232-49bd-bfe9-6bfcf78aa3cb] Created FlowFile[2539,92022332337058.mockFlowFile,24B] from FlowFile[2538,92022332337058.mockFlowFile,24B]; routing to relationship simple
[pool-3592-thread-1] INFO org.apache.nifi.processors.standard.RouteText - RouteText[id=e191155b-3232-49bd-bfe9-6bfcf78aa3cb] Routing FlowFile[2538,92022332337058.mockFlowFile,24B] to original
[main] DEBUG org.apache.nifi.processors.standard.RouteText - RouteText[id=e191155b-3232-49bd-bfe9-6bfcf78aa3cb] Adding new dynamic property: PropertyDescriptor[simple]
[pool-3593-thread-1] INFO org.apache.nifi.processors.standard.RouteText - RouteText[id=e191155b-3232-49bd-bfe9-6bfcf78aa3cb] Created FlowFile[2541,92022332895437.mockFlowFile,24B] from FlowFile[2540,92022332895437.mockFlowFile,24B]; routing to relationship simple
[pool-3593-thread-1] INFO org.apache.nifi.processors.standard.RouteText - RouteText[id=e191155b-3232-49bd-bfe9-6bfcf78aa3cb] Routing FlowFile[2540,92022332895437.mockFlowFile,24B] to original
[main] DEBUG org.apache.nifi.processors.standard.RouteText - RouteText[id=e191155b-3232-49bd-bfe9-6bfcf78aa3cb] Adding new dynamic property: PropertyDescriptor[simple]
[pool-3594-thread-1] INFO org.apache.nifi.processors.standard.RouteText - RouteText[id=e191155b-3232-49bd-bfe9-6bfcf78aa3cb] Created FlowFile[2543,92022333493290.mockFlowFile,24B] from FlowFile[2542,92022333493290.mockFlowFile,24B]; routing to relationship simple
[pool-3594-thread-1] INFO org.apache.nifi.processors.standard.RouteText - RouteText[id=e191155b-3232-49bd-bfe9-6bfcf78aa3cb] Routing FlowFile[2542,92022333493290.mockFlowFile,24B] to original
[main] DEBUG org.apache.nifi.processors.standard.RouteText - RouteText[id=e191155b-3232-49bd-bfe9-6bfcf78aa3cb] Adding new dynamic property: PropertyDescriptor[simple]
[pool-3595-thread-1] INFO org.apache.nifi.processors.standard.RouteText - RouteText[id=e191155b-3232-49bd-bfe9-6bfcf78aa3cb] Created FlowFile[2545,92022334086342.mockFlowFile,24B] from FlowFile[2544,92022334086342.mockFlowFile,24B]; routing to relationship simple
[pool-3595-thread-1] INFO org.apache.nifi.processors.standard.RouteText - RouteText[id=e191155b-3232-49bd-bfe9-6bfcf78aa3cb] Routing FlowFile[2544,92022334086342.mockFlowFile,24B] to original
[main] DEBUG org.apache.nifi.processors.standard.RouteText - RouteText[id=e191155b-3232-49bd-bfe9-6bfcf78aa3cb] Adding new dynamic property: PropertyDescriptor[simple]
[pool-3596-thread-1] INFO org.apache.nifi.processors.standard.RouteText - RouteText[id=e191155b-3232-49bd-bfe9-6bfcf78aa3cb] Created FlowFile[2547,92022334791976.mockFlowFile,24B] from FlowFile[2546,92022334791976.mockFlowFile,24B]; routing to relationship simple
[pool-3596-thread-1] INFO org.apache.nifi.processors.standard.RouteText - RouteText[id=e191155b-3232-49bd-bfe9-6bfcf78aa3cb] Routing FlowFile[2546,92022334791976.mockFlowFile,24B] to original
[main] DEBUG org.apache.nifi.processors.standard.RouteText - RouteText[id=e191155b-3232-49bd-bfe9-6bfcf78aa3cb] Adding new dynamic property: PropertyDescriptor[simple]
[pool-3597-thread-1] INFO org.apache.nifi.processors.standard.RouteText - RouteText[id=e191155b-3232-49bd-bfe9-6bfcf78aa3cb] Created FlowFile[2549,92022335414991.mockFlowFile,24B] from FlowFile[2548,92022335414991.mockFlowFile,24B]; routing to relationship simple
[pool-3597-thread-1] INFO org.apache.nifi.processors.standard.RouteText - RouteText[id=e191155b-3232-49bd-bfe9-6bfcf78aa3cb] Routing FlowFile[2548,92022335414991.mockFlowFile,24B] to original
[main] DEBUG org.apache.nifi.processors.standard.RouteText - RouteText[id=e191155b-3232-49bd-bfe9-6bfcf78aa3cb] Adding new dynamic property: PropertyDescriptor[simple]
[pool-3598-thread-1] INFO org.apache.nifi.processors.standard.RouteText - RouteText[id=e191155b-3232-49bd-bfe9-6bfcf78aa3cb] Created FlowFile[2551,92022335993018.mockFlowFile,24B] from FlowFile[2550,92022335993018.mockFlowFile,24B]; routing to relationship simple
[pool-3598-thread-1] INFO org.apache.nifi.processors.standard.RouteText - RouteText[id=e191155b-3232-49bd-bfe9-6bfcf78aa3cb] Routing FlowFile[2550,92022335993018.mockFlowFile,24B] to original
[main] DEBUG org.apache.nifi.processors.standard.RouteText - RouteText[id=e191155b-3232-49bd-bfe9-6bfcf78aa3cb] Adding new dynamic property: PropertyDescriptor[simple]
[pool-3599-thread-1] INFO org.apache.nifi.processors.standard.RouteText - RouteText[id=e191155b-3232-49bd-bfe9-6bfcf78aa3cb] Created FlowFile[2553,92022336496737.mockFlowFile,24B] from FlowFile[2552,92022336496737.mockFlowFile,24B]; routing to relationship simple
[pool-3599-thread-1] INFO org.apache.nifi.processors.standard.RouteText - RouteText[id=e191155b-3232-49bd-bfe9-6bfcf78aa3cb] Routing FlowFile[2552,92022336496737.mockFlowFile,24B] to original
[main] DEBUG org.apache.nifi.processors.standard.RouteText - RouteText[id=e191155b-3232-49bd-bfe9-6bfcf78aa3cb] Adding new dynamic property: PropertyDescriptor[simple]
[pool-3600-thread-1] INFO org.apache.nifi.processors.standard.RouteText - RouteText[id=e191155b-3232-49bd-bfe9-6bfcf78aa3cb] Created FlowFile[2555,92022337182549.mockFlowFile,24B] from FlowFile[2554,92022337182549.mockFlowFile,24B]; routing to relationship simple
[pool-3600-thread-1] INFO org.apache.nifi.processors.standard.RouteText - RouteText[id=e191155b-3232-49bd-bfe9-6bfcf78aa3cb] Routing FlowFile[2554,92022337182549.mockFlowFile,24B] to original
[main] DEBUG org.apache.nifi.processors.standard.RouteText - RouteText[id=e191155b-3232-49bd-bfe9-6bfcf78aa3cb] Adding new dynamic property: PropertyDescriptor[simple]
[pool-3601-thread-1] INFO org.apache.nifi.processors.standard.RouteText - RouteText[id=e191155b-3232-49bd-bfe9-6bfcf78aa3cb] Created FlowFile[2557,92022337776322.mockFlowFile,24B] from FlowFile[2556,92022337776322.mockFlowFile,24B]; routing to relationship simple
[pool-3601-thread-1] INFO org.apache.nifi.processors.standard.RouteText - RouteText[id=e191155b-3232-49bd-bfe9-6bfcf78aa3cb] Routing FlowFile[2556,92022337776322.mockFlowFile,24B] to original
[main] DEBUG org.apache.nifi.processors.standard.RouteText - RouteText[id=e191155b-3232-49bd-bfe9-6bfcf78aa3cb] Adding new dynamic property: PropertyDescriptor[simple]
[pool-3602-thread-1] INFO org.apache.nifi.processors.standard.RouteText - RouteText[id=e191155b-3232-49bd-bfe9-6bfcf78aa3cb] Created FlowFile[2559,92022338321756.mockFlowFile,24B] from FlowFile[2558,92022338321756.mockFlowFile,24B]; routing to relationship simple
[pool-3602-thread-1] INFO org.apache.nifi.processors.standard.RouteText - RouteText[id=e191155b-3232-49bd-bfe9-6bfcf78aa3cb] Routing FlowFile[2558,92022338321756.mockFlowFile,24B] to original
[main] DEBUG org.apache.nifi.processors.standard.RouteText - RouteText[id=e191155b-3232-49bd-bfe9-6bfcf78aa3cb] Adding new dynamic property: PropertyDescriptor[simple]
[pool-3603-thread-1] INFO org.apache.nifi.processors.standard.RouteText - RouteText[id=e191155b-3232-49bd-bfe9-6bfcf78aa3cb] Created FlowFile[2561,92022338886653.mockFlowFile,24B] from FlowFile[2560,92022338886653.mockFlowFile,24B]; routing to relationship simple
[pool-3603-thread-1] INFO org.apache.nifi.processors.standard.RouteText - RouteText[id=e191155b-3232-49bd-bfe9-6bfcf78aa3cb] Routing FlowFile[2560,92022338886653.mockFlowFile,24B] to original
[main] DEBUG org.apache.nifi.processors.standard.RouteText - RouteText[id=e191155b-3232-49bd-bfe9-6bfcf78aa3cb] Adding new dynamic property: PropertyDescriptor[simple]
[pool-3604-thread-1] INFO org.apache.nifi.processors.standard.RouteText - RouteText[id=e191155b-3232-49bd-bfe9-6bfcf78aa3cb] Created FlowFile[2563,92022339408581.mockFlowFile,24B] from FlowFile[2562,92022339408581.mockFlowFile,24B]; routing to relationship simple
[pool-3604-thread-1] INFO org.apache.nifi.processors.standard.RouteText - RouteText[id=e191155b-3232-49bd-bfe9-6bfcf78aa3cb] Routing FlowFile[2562,92022339408581.mockFlowFile,24B] to original
[main] DEBUG org.apache.nifi.processors.standard.RouteText - RouteText[id=e191155b-3232-49bd-bfe9-6bfcf78aa3cb] Adding new dynamic property: PropertyDescriptor[simple]
[pool-3605-thread-1] INFO org.apache.nifi.processors.standard.RouteText - RouteText[id=e191155b-3232-49bd-bfe9-6bfcf78aa3cb] Created FlowFile[2565,92022340035072.mockFlowFile,24B] from FlowFile[2564,92022340035072.mockFlowFile,24B]; routing to relationship simple
[pool-3605-thread-1] INFO org.apache.nifi.processors.standard.RouteText - RouteText[id=e191155b-3232-49bd-bfe9-6bfcf78aa3cb] Routing FlowFile[2564,92022340035072.mockFlowFile,24B] to original
[main] DEBUG org.apache.nifi.processors.standard.RouteText - RouteText[id=e191155b-3232-49bd-bfe9-6bfcf78aa3cb] Adding new dynamic property: PropertyDescriptor[simple]
[pool-3606-thread-1] INFO org.apache.nifi.processors.standard.RouteText - RouteText[id=e191155b-3232-49bd-bfe9-6bfcf78aa3cb] Created FlowFile[2567,92022340529515.mockFlowFile,24B] from FlowFile[2566,92022340529515.mockFlowFile,24B]; routing to relationship simple
[pool-3606-thread-1] INFO org.apache.nifi.processors.standard.RouteText - RouteText[id=e191155b-3232-49bd-bfe9-6bfcf78aa3cb] Routing FlowFile[2566,92022340529515.mockFlowFile,24B] to original
[main] DEBUG org.apache.nifi.processors.standard.RouteText - RouteText[id=e191155b-3232-49bd-bfe9-6bfcf78aa3cb] Adding new dynamic property: PropertyDescriptor[simple]
[pool-3607-thread-1] INFO org.apache.nifi.processors.standard.RouteText - RouteText[id=e191155b-3232-49bd-bfe9-6bfcf78aa3cb] Created FlowFile[2569,92022341086736.mockFlowFile,24B] from FlowFile[2568,92022341086736.mockFlowFile,24B]; routing to relationship simple
[pool-3607-thread-1] INFO org.apache.nifi.processors.standard.RouteText - RouteText[id=e191155b-3232-49bd-bfe9-6bfcf78aa3cb] Routing FlowFile[2568,92022341086736.mockFlowFile,24B] to original
[main] DEBUG org.apache.nifi.processors.standard.RouteText - RouteText[id=e191155b-3232-49bd-bfe9-6bfcf78aa3cb] Adding new dynamic property: PropertyDescriptor[simple]
[pool-3608-thread-1] INFO org.apache.nifi.processors.standard.RouteText - RouteText[id=e191155b-3232-49bd-bfe9-6bfcf78aa3cb] Created FlowFile[2571,92022341725115.mockFlowFile,24B] from FlowFile[2570,92022341725115.mockFlowFile,24B]; routing to relationship simple
[pool-3608-thread-1] INFO org.apache.nifi.processors.standard.RouteText - RouteText[id=e191155b-3232-49bd-bfe9-6bfcf78aa3cb] Routing FlowFile[2570,92022341725115.mockFlowFile,24B] to original
[main] DEBUG org.apache.nifi.processors.standard.RouteText - RouteText[id=e191155b-3232-49bd-bfe9-6bfcf78aa3cb] Adding new dynamic property: PropertyDescriptor[simple]
[pool-3609-thread-1] INFO org.apache.nifi.processors.standard.RouteText - RouteText[id=e191155b-3232-49bd-bfe9-6bfcf78aa3cb] Created FlowFile[2573,92022342280730.mockFlowFile,24B] from FlowFile[2572,92022342280730.mockFlowFile,24B]; routing to relationship simple
[pool-3609-thread-1] INFO org.apache.nifi.processors.standard.RouteText - RouteText[id=e191155b-3232-49bd-bfe9-6bfcf78aa3cb] Routing FlowFile[2572,92022342280730.mockFlowFile,24B] to original
[main] DEBUG org.apache.nifi.processors.standard.RouteText - RouteText[id=e191155b-3232-49bd-bfe9-6bfcf78aa3cb] Adding new dynamic property: PropertyDescriptor[simple]
[pool-3610-thread-1] INFO org.apache.nifi.processors.standard.RouteText - RouteText[id=e191155b-3232-49bd-bfe9-6bfcf78aa3cb] Created FlowFile[2575,92022342824525.mockFlowFile,24B] from FlowFile[2574,92022342824525.mockFlowFile,24B]; routing to relationship simple
[pool-3610-thread-1] INFO org.apache.nifi.processors.standard.RouteText - RouteText[id=e191155b-3232-49bd-bfe9-6bfcf78aa3cb] Routing FlowFile[2574,92022342824525.mockFlowFile,24B] to original
[main] DEBUG org.apache.nifi.processors.standard.RouteText - RouteText[id=e191155b-3232-49bd-bfe9-6bfcf78aa3cb] Adding new dynamic property: PropertyDescriptor[simple]
[pool-3611-thread-1] INFO org.apache.nifi.processors.standard.RouteText - RouteText[id=e191155b-3232-49bd-bfe9-6bfcf78aa3cb] Created FlowFile[2577,92022343363772.mockFlowFile,24B] from FlowFile[2576,92022343363772.mockFlowFile,24B]; routing to relationship simple
[pool-3611-thread-1] INFO org.apache.nifi.processors.standard.RouteText - RouteText[id=e191155b-3232-49bd-bfe9-6bfcf78aa3cb] Routing FlowFile[2576,92022343363772.mockFlowFile,24B] to original
[main] DEBUG org.apache.nifi.processors.standard.RouteText - RouteText[id=e191155b-3232-49bd-bfe9-6bfcf78aa3cb] Adding new dynamic property: PropertyDescriptor[simple]
[pool-3612-thread-1] INFO org.apache.nifi.processors.standard.RouteText - RouteText[id=e191155b-3232-49bd-bfe9-6bfcf78aa3cb] Created FlowFile[2579,92022343915860.mockFlowFile,24B] from FlowFile[2578,92022343915860.mockFlowFile,24B]; routing to relationship simple
[pool-3612-thread-1] INFO org.apache.nifi.processors.standard.RouteText - RouteText[id=e191155b-3232-49bd-bfe9-6bfcf78aa3cb] Routing FlowFile[2578,92022343915860.mockFlowFile,24B] to original
[main] DEBUG org.apache.nifi.processors.standard.RouteText - RouteText[id=e191155b-3232-49bd-bfe9-6bfcf78aa3cb] Adding new dynamic property: PropertyDescriptor[simple]
[pool-3613-thread-1] INFO org.apache.nifi.processors.standard.RouteText - RouteText[id=e191155b-3232-49bd-bfe9-6bfcf78aa3cb] Created FlowFile[2581,92022344449511.mockFlowFile,24B] from FlowFile[2580,92022344449511.mockFlowFile,24B]; routing to relationship simple
[pool-3613-thread-1] INFO org.apache.nifi.processors.standard.RouteText - RouteText[id=e191155b-3232-49bd-bfe9-6bfcf78aa3cb] Routing FlowFile[2580,92022344449511.mockFlowFile,24B] to original
[main] DEBUG org.apache.nifi.processors.standard.RouteText - RouteText[id=e191155b-3232-49bd-bfe9-6bfcf78aa3cb] Adding new dynamic property: PropertyDescriptor[simple]
[pool-3614-thread-1] INFO org.apache.nifi.processors.standard.RouteText - RouteText[id=e191155b-3232-49bd-bfe9-6bfcf78aa3cb] Created FlowFile[2583,92022344995370.mockFlowFile,24B] from FlowFile[2582,92022344995370.mockFlowFile,24B]; routing to relationship simple
[pool-3614-thread-1] INFO org.apache.nifi.processors.standard.RouteText - RouteText[id=e191155b-3232-49bd-bfe9-6bfcf78aa3cb] Routing FlowFile[2582,92022344995370.mockFlowFile,24B] to original
[main] DEBUG org.apache.nifi.processors.standard.RouteText - RouteText[id=e191155b-3232-49bd-bfe9-6bfcf78aa3cb] Adding new dynamic property: PropertyDescriptor[simple]
[pool-3615-thread-1] INFO org.apache.nifi.processors.standard.RouteText - RouteText[id=e191155b-3232-49bd-bfe9-6bfcf78aa3cb] Created FlowFile[2585,92022345557878.mockFlowFile,24B] from FlowFile[2584,92022345557878.mockFlowFile,24B]; routing to relationship simple
[pool-3615-thread-1] INFO org.apache.nifi.processors.standard.RouteText - RouteText[id=e191155b-3232-49bd-bfe9-6bfcf78aa3cb] Routing FlowFile[2584,92022345557878.mockFlowFile,24B] to original
[main] DEBUG org.apache.nifi.processors.standard.RouteText - RouteText[id=e191155b-3232-49bd-bfe9-6bfcf78aa3cb] Adding new dynamic property: PropertyDescriptor[simple]
[pool-3616-thread-1] INFO org.apache.nifi.processors.standard.RouteText - RouteText[id=e191155b-3232-49bd-bfe9-6bfcf78aa3cb] Created FlowFile[2587,92022346075458.mockFlowFile,24B] from FlowFile[2586,92022346075458.mockFlowFile,24B]; routing to relationship simple
[pool-3616-thread-1] INFO org.apache.nifi.processors.standard.RouteText - RouteText[id=e191155b-3232-49bd-bfe9-6bfcf78aa3cb] Routing FlowFile[2586,92022346075458.mockFlowFile,24B] to original
[main] DEBUG org.apache.nifi.processors.standard.RouteText - RouteText[id=e191155b-3232-49bd-bfe9-6bfcf78aa3cb] Adding new dynamic property: PropertyDescriptor[simple]
[pool-3617-thread-1] INFO org.apache.nifi.processors.standard.RouteText - RouteText[id=e191155b-3232-49bd-bfe9-6bfcf78aa3cb] Created FlowFile[2589,92022346612896.mockFlowFile,24B] from FlowFile[2588,92022346612896.mockFlowFile,24B]; routing to relationship simple
[pool-3617-thread-1] INFO org.apache.nifi.processors.standard.RouteText - RouteText[id=e191155b-3232-49bd-bfe9-6bfcf78aa3cb] Routing FlowFile[2588,92022346612896.mockFlowFile,24B] to original
[main] DEBUG org.apache.nifi.processors.standard.RouteText - RouteText[id=e191155b-3232-49bd-bfe9-6bfcf78aa3cb] Adding new dynamic property: PropertyDescriptor[simple]
[pool-3618-thread-1] INFO org.apache.nifi.processors.standard.RouteText - RouteText[id=e191155b-3232-49bd-bfe9-6bfcf78aa3cb] Created FlowFile[2591,92022347157412.mockFlowFile,24B] from FlowFile[2590,92022347157412.mockFlowFile,24B]; routing to relationship simple
[pool-3618-thread-1] INFO org.apache.nifi.processors.standard.RouteText - RouteText[id=e191155b-3232-49bd-bfe9-6bfcf78aa3cb] Routing FlowFile[2590,92022347157412.mockFlowFile,24B] to original
[main] DEBUG org.apache.nifi.processors.standard.RouteText - RouteText[id=e191155b-3232-49bd-bfe9-6bfcf78aa3cb] Adding new dynamic property: PropertyDescriptor[simple]
[pool-3619-thread-1] INFO org.apache.nifi.processors.standard.RouteText - RouteText[id=e191155b-3232-49bd-bfe9-6bfcf78aa3cb] Created FlowFile[2593,92022347783697.mockFlowFile,24B] from FlowFile[2592,92022347783697.mockFlowFile,24B]; routing to relationship simple
[pool-3619-thread-1] INFO org.apache.nifi.processors.standard.RouteText - RouteText[id=e191155b-3232-49bd-bfe9-6bfcf78aa3cb] Routing FlowFile[2592,92022347783697.mockFlowFile,24B] to original
[main] DEBUG org.apache.nifi.processors.standard.RouteText - RouteText[id=e191155b-3232-49bd-bfe9-6bfcf78aa3cb] Adding new dynamic property: PropertyDescriptor[simple]
[pool-3620-thread-1] INFO org.apache.nifi.processors.standard.RouteText - RouteText[id=e191155b-3232-49bd-bfe9-6bfcf78aa3cb] Created FlowFile[2595,92022348482052.mockFlowFile,24B] from FlowFile[2594,92022348482052.mockFlowFile,24B]; routing to relationship simple
[pool-3620-thread-1] INFO org.apache.nifi.processors.standard.RouteText - RouteText[id=e191155b-3232-49bd-bfe9-6bfcf78aa3cb] Routing FlowFile[2594,92022348482052.mockFlowFile,24B] to original
[main] DEBUG org.apache.nifi.processors.standard.RouteText - RouteText[id=e191155b-3232-49bd-bfe9-6bfcf78aa3cb] Adding new dynamic property: PropertyDescriptor[simple]
[pool-3621-thread-1] INFO org.apache.nifi.processors.standard.RouteText - RouteText[id=e191155b-3232-49bd-bfe9-6bfcf78aa3cb] Created FlowFile[2597,92022348987248.mockFlowFile,24B] from FlowFile[2596,92022348987248.mockFlowFile,24B]; routing to relationship simple
[pool-3621-thread-1] INFO org.apache.nifi.processors.standard.RouteText - RouteText[id=e191155b-3232-49bd-bfe9-6bfcf78aa3cb] Routing FlowFile[2596,92022348987248.mockFlowFile,24B] to original
[main] DEBUG org.apache.nifi.processors.standard.RouteText - RouteText[id=e191155b-3232-49bd-bfe9-6bfcf78aa3cb] Adding new dynamic property: PropertyDescriptor[simple]
[pool-3622-thread-1] INFO org.apache.nifi.processors.standard.RouteText - RouteText[id=e191155b-3232-49bd-bfe9-6bfcf78aa3cb] Created FlowFile[2599,92022349567072.mockFlowFile,24B] from FlowFile[2598,92022349567072.mockFlowFile,24B]; routing to relationship simple
[pool-3622-thread-1] INFO org.apache.nifi.processors.standard.RouteText - RouteText[id=e191155b-3232-49bd-bfe9-6bfcf78aa3cb] Routing FlowFile[2598,92022349567072.mockFlowFile,24B] to original
[main] DEBUG org.apache.nifi.processors.standard.RouteText - RouteText[id=e191155b-3232-49bd-bfe9-6bfcf78aa3cb] Adding new dynamic property: PropertyDescriptor[simple]
[pool-3623-thread-1] INFO org.apache.nifi.processors.standard.RouteText - RouteText[id=e191155b-3232-49bd-bfe9-6bfcf78aa3cb] Created FlowFile[2601,92022350208364.mockFlowFile,24B] from FlowFile[2600,92022350208364.mockFlowFile,24B]; routing to relationship simple
[pool-3623-thread-1] INFO org.apache.nifi.processors.standard.RouteText - RouteText[id=e191155b-3232-49bd-bfe9-6bfcf78aa3cb] Routing FlowFile[2600,92022350208364.mockFlowFile,24B] to original
[main] DEBUG org.apache.nifi.processors.standard.RouteText - RouteText[id=e191155b-3232-49bd-bfe9-6bfcf78aa3cb] Adding new dynamic property: PropertyDescriptor[simple]
[pool-3624-thread-1] INFO org.apache.nifi.processors.standard.RouteText - RouteText[id=e191155b-3232-49bd-bfe9-6bfcf78aa3cb] Created FlowFile[2603,92022350789584.mockFlowFile,24B] from FlowFile[2602,92022350789584.mockFlowFile,24B]; routing to relationship simple
[pool-3624-thread-1] INFO org.apache.nifi.processors.standard.RouteText - RouteText[id=e191155b-3232-49bd-bfe9-6bfcf78aa3cb] Routing FlowFile[2602,92022350789584.mockFlowFile,24B] to original
[main] DEBUG org.apache.nifi.processors.standard.RouteText - RouteText[id=e191155b-3232-49bd-bfe9-6bfcf78aa3cb] Adding new dynamic property: PropertyDescriptor[simple]
[pool-3625-thread-1] INFO org.apache.nifi.processors.standard.RouteText - RouteText[id=e191155b-3232-49bd-bfe9-6bfcf78aa3cb] Created FlowFile[2605,92022351300104.mockFlowFile,24B] from FlowFile[2604,92022351300104.mockFlowFile,24B]; routing to relationship simple
[pool-3625-thread-1] INFO org.apache.nifi.processors.standard.RouteText - RouteText[id=e191155b-3232-49bd-bfe9-6bfcf78aa3cb] Routing FlowFile[2604,92022351300104.mockFlowFile,24B] to original
[main] DEBUG org.apache.nifi.processors.standard.RouteText - RouteText[id=e191155b-3232-49bd-bfe9-6bfcf78aa3cb] Adding new dynamic property: PropertyDescriptor[simple]
[pool-3626-thread-1] INFO org.apache.nifi.processors.standard.RouteText - RouteText[id=e191155b-3232-49bd-bfe9-6bfcf78aa3cb] Created FlowFile[2607,92022351849135.mockFlowFile,24B] from FlowFile[2606,92022351849135.mockFlowFile,24B]; routing to relationship simple
[pool-3626-thread-1] INFO org.apache.nifi.processors.standard.RouteText - RouteText[id=e191155b-3232-49bd-bfe9-6bfcf78aa3cb] Routing FlowFile[2606,92022351849135.mockFlowFile,24B] to original
[main] DEBUG org.apache.nifi.processors.standard.RouteText - RouteText[id=e191155b-3232-49bd-bfe9-6bfcf78aa3cb] Adding new dynamic property: PropertyDescriptor[simple]
[pool-3627-thread-1] INFO org.apache.nifi.processors.standard.RouteText - RouteText[id=e191155b-3232-49bd-bfe9-6bfcf78aa3cb] Created FlowFile[2609,92022352375054.mockFlowFile,24B] from FlowFile[2608,92022352375054.mockFlowFile,24B]; routing to relationship simple
[pool-3627-thread-1] INFO org.apache.nifi.processors.standard.RouteText - RouteText[id=e191155b-3232-49bd-bfe9-6bfcf78aa3cb] Routing FlowFile[2608,92022352375054.mockFlowFile,24B] to original
[main] DEBUG org.apache.nifi.processors.standard.RouteText - RouteText[id=e191155b-3232-49bd-bfe9-6bfcf78aa3cb] Adding new dynamic property: PropertyDescriptor[simple]
[pool-3628-thread-1] INFO org.apache.nifi.processors.standard.RouteText - RouteText[id=e191155b-3232-49bd-bfe9-6bfcf78aa3cb] Created FlowFile[2611,92022352933708.mockFlowFile,24B] from FlowFile[2610,92022352933708.mockFlowFile,24B]; routing to relationship simple
[pool-3628-thread-1] INFO org.apache.nifi.processors.standard.RouteText - RouteText[id=e191155b-3232-49bd-bfe9-6bfcf78aa3cb] Routing FlowFile[2610,92022352933708.mockFlowFile,24B] to original
[main] DEBUG org.apache.nifi.processors.standard.RouteText - RouteText[id=e191155b-3232-49bd-bfe9-6bfcf78aa3cb] Adding new dynamic property: PropertyDescriptor[simple]
[pool-3629-thread-1] INFO org.apache.nifi.processors.standard.RouteText - RouteText[id=e191155b-3232-49bd-bfe9-6bfcf78aa3cb] Created FlowFile[2613,92022353517949.mockFlowFile,24B] from FlowFile[2612,92022353517949.mockFlowFile,24B]; routing to relationship simple
[pool-3629-thread-1] INFO org.apache.nifi.processors.standard.RouteText - RouteText[id=e191155b-3232-49bd-bfe9-6bfcf78aa3cb] Routing FlowFile[2612,92022353517949.mockFlowFile,24B] to original
[main] DEBUG org.apache.nifi.processors.standard.RouteText - RouteText[id=e191155b-3232-49bd-bfe9-6bfcf78aa3cb] Adding new dynamic property: PropertyDescriptor[simple]
[pool-3630-thread-1] INFO org.apache.nifi.processors.standard.RouteText - RouteText[id=e191155b-3232-49bd-bfe9-6bfcf78aa3cb] Created FlowFile[2615,92022354085090.mockFlowFile,24B] from FlowFile[2614,92022354085090.mockFlowFile,24B]; routing to relationship simple
[pool-3630-thread-1] INFO org.apache.nifi.processors.standard.RouteText - RouteText[id=e191155b-3232-49bd-bfe9-6bfcf78aa3cb] Routing FlowFile[2614,92022354085090.mockFlowFile,24B] to original
[main] DEBUG org.apache.nifi.processors.standard.RouteText - RouteText[id=e191155b-3232-49bd-bfe9-6bfcf78aa3cb] Adding new dynamic property: PropertyDescriptor[simple]
[pool-3631-thread-1] INFO org.apache.nifi.processors.standard.RouteText - RouteText[id=e191155b-3232-49bd-bfe9-6bfcf78aa3cb] Created FlowFile[2617,92022354742128.mockFlowFile,24B] from FlowFile[2616,92022354742128.mockFlowFile,24B]; routing to relationship simple
[pool-3631-thread-1] INFO org.apache.nifi.processors.standard.RouteText - RouteText[id=e191155b-3232-49bd-bfe9-6bfcf78aa3cb] Routing FlowFile[2616,92022354742128.mockFlowFile,24B] to original
[main] DEBUG org.apache.nifi.processors.standard.RouteText - RouteText[id=e191155b-3232-49bd-bfe9-6bfcf78aa3cb] Adding new dynamic property: PropertyDescriptor[simple]
[pool-3632-thread-1] INFO org.apache.nifi.processors.standard.RouteText - RouteText[id=e191155b-3232-49bd-bfe9-6bfcf78aa3cb] Created FlowFile[2619,92022355316646.mockFlowFile,24B] from FlowFile[2618,92022355316646.mockFlowFile,24B]; routing to relationship simple
[pool-3632-thread-1] INFO org.apache.nifi.processors.standard.RouteText - RouteText[id=e191155b-3232-49bd-bfe9-6bfcf78aa3cb] Routing FlowFile[2618,92022355316646.mockFlowFile,24B] to original
[main] DEBUG org.apache.nifi.processors.standard.RouteText - RouteText[id=e191155b-3232-49bd-bfe9-6bfcf78aa3cb] Adding new dynamic property: PropertyDescriptor[simple]
[pool-3633-thread-1] INFO org.apache.nifi.processors.standard.RouteText - RouteText[id=e191155b-3232-49bd-bfe9-6bfcf78aa3cb] Created FlowFile[2621,92022355869930.mockFlowFile,24B] from FlowFile[2620,92022355869930.mockFlowFile,24B]; routing to relationship simple
[pool-3633-thread-1] INFO org.apache.nifi.processors.standard.RouteText - RouteText[id=e191155b-3232-49bd-bfe9-6bfcf78aa3cb] Routing FlowFile[2620,92022355869930.mockFlowFile,24B] to original
[main] DEBUG org.apache.nifi.processors.standard.RouteText - RouteText[id=e191155b-3232-49bd-bfe9-6bfcf78aa3cb] Adding new dynamic property: PropertyDescriptor[simple]
[pool-3634-thread-1] INFO org.apache.nifi.processors.standard.RouteText - RouteText[id=e191155b-3232-49bd-bfe9-6bfcf78aa3cb] Created FlowFile[2623,92022356432139.mockFlowFile,24B] from FlowFile[2622,92022356432139.mockFlowFile,24B]; routing to relationship simple
[pool-3634-thread-1] INFO org.apache.nifi.processors.standard.RouteText - RouteText[id=e191155b-3232-49bd-bfe9-6bfcf78aa3cb] Routing FlowFile[2622,92022356432139.mockFlowFile,24B] to original
[main] DEBUG org.apache.nifi.processors.standard.RouteText - RouteText[id=e191155b-3232-49bd-bfe9-6bfcf78aa3cb] Adding new dynamic property: PropertyDescriptor[simple]
[pool-3635-thread-1] INFO org.apache.nifi.processors.standard.RouteText - RouteText[id=e191155b-3232-49bd-bfe9-6bfcf78aa3cb] Created FlowFile[2625,92022356952666.mockFlowFile,24B] from FlowFile[2624,92022356952666.mockFlowFile,24B]; routing to relationship simple
[pool-3635-thread-1] INFO org.apache.nifi.processors.standard.RouteText - RouteText[id=e191155b-3232-49bd-bfe9-6bfcf78aa3cb] Routing FlowFile[2624,92022356952666.mockFlowFile,24B] to original
[main] DEBUG org.apache.nifi.processors.standard.RouteText - RouteText[id=e191155b-3232-49bd-bfe9-6bfcf78aa3cb] Adding new dynamic property: PropertyDescriptor[simple]
[pool-3636-thread-1] INFO org.apache.nifi.processors.standard.RouteText - RouteText[id=e191155b-3232-49bd-bfe9-6bfcf78aa3cb] Created FlowFile[2627,92022357488653.mockFlowFile,24B] from FlowFile[2626,92022357488653.mockFlowFile,24B]; routing to relationship simple
[pool-3636-thread-1] INFO org.apache.nifi.processors.standard.RouteText - RouteText[id=e191155b-3232-49bd-bfe9-6bfcf78aa3cb] Routing FlowFile[2626,92022357488653.mockFlowFile,24B] to original
[main] DEBUG org.apache.nifi.processors.standard.RouteText - RouteText[id=e191155b-3232-49bd-bfe9-6bfcf78aa3cb] Adding new dynamic property: PropertyDescriptor[simple]
[pool-3637-thread-1] INFO org.apache.nifi.processors.standard.RouteText - RouteText[id=e191155b-3232-49bd-bfe9-6bfcf78aa3cb] Created FlowFile[2629,92022358021166.mockFlowFile,24B] from FlowFile[2628,92022358021166.mockFlowFile,24B]; routing to relationship simple
[pool-3637-thread-1] INFO org.apache.nifi.processors.standard.RouteText - RouteText[id=e191155b-3232-49bd-bfe9-6bfcf78aa3cb] Routing FlowFile[2628,92022358021166.mockFlowFile,24B] to original
[main] DEBUG org.apache.nifi.processors.standard.RouteText - RouteText[id=e191155b-3232-49bd-bfe9-6bfcf78aa3cb] Adding new dynamic property: PropertyDescriptor[simple]
[pool-3638-thread-1] INFO org.apache.nifi.processors.standard.RouteText - RouteText[id=e191155b-3232-49bd-bfe9-6bfcf78aa3cb] Created FlowFile[2631,92022358585173.mockFlowFile,24B] from FlowFile[2630,92022358585173.mockFlowFile,24B]; routing to relationship simple
[pool-3638-thread-1] INFO org.apache.nifi.processors.standard.RouteText - RouteText[id=e191155b-3232-49bd-bfe9-6bfcf78aa3cb] Routing FlowFile[2630,92022358585173.mockFlowFile,24B] to original
[main] DEBUG org.apache.nifi.processors.standard.RouteText - RouteText[id=e191155b-3232-49bd-bfe9-6bfcf78aa3cb] Adding new dynamic property: PropertyDescriptor[simple]
[pool-3639-thread-1] INFO org.apache.nifi.processors.standard.RouteText - RouteText[id=e191155b-3232-49bd-bfe9-6bfcf78aa3cb] Created FlowFile[2633,92022359102853.mockFlowFile,24B] from FlowFile[2632,92022359102853.mockFlowFile,24B]; routing to relationship simple
[pool-3639-thread-1] INFO org.apache.nifi.processors.standard.RouteText - RouteText[id=e191155b-3232-49bd-bfe9-6bfcf78aa3cb] Routing FlowFile[2632,92022359102853.mockFlowFile,24B] to original
[main] DEBUG org.apache.nifi.processors.standard.RouteText - RouteText[id=e191155b-3232-49bd-bfe9-6bfcf78aa3cb] Adding new dynamic property: PropertyDescriptor[simple]
[pool-3640-thread-1] INFO org.apache.nifi.processors.standard.RouteText - RouteText[id=e191155b-3232-49bd-bfe9-6bfcf78aa3cb] Created FlowFile[2635,92022359590932.mockFlowFile,24B] from FlowFile[2634,92022359590932.mockFlowFile,24B]; routing to relationship simple
[pool-3640-thread-1] INFO org.apache.nifi.processors.standard.RouteText - RouteText[id=e191155b-3232-49bd-bfe9-6bfcf78aa3cb] Routing FlowFile[2634,92022359590932.mockFlowFile,24B] to original
[main] DEBUG org.apache.nifi.processors.standard.RouteText - RouteText[id=e191155b-3232-49bd-bfe9-6bfcf78aa3cb] Adding new dynamic property: PropertyDescriptor[simple]
[pool-3641-thread-1] INFO org.apache.nifi.processors.standard.RouteText - RouteText[id=e191155b-3232-49bd-bfe9-6bfcf78aa3cb] Created FlowFile[2637,92022360121348.mockFlowFile,24B] from FlowFile[2636,92022360121348.mockFlowFile,24B]; routing to relationship simple
[pool-3641-thread-1] INFO org.apache.nifi.processors.standard.RouteText - RouteText[id=e191155b-3232-49bd-bfe9-6bfcf78aa3cb] Routing FlowFile[2636,92022360121348.mockFlowFile,24B] to original
[main] DEBUG org.apache.nifi.processors.standard.RouteText - RouteText[id=e191155b-3232-49bd-bfe9-6bfcf78aa3cb] Adding new dynamic property: PropertyDescriptor[simple]
[pool-3642-thread-1] INFO org.apache.nifi.processors.standard.RouteText - RouteText[id=e191155b-3232-49bd-bfe9-6bfcf78aa3cb] Created FlowFile[2639,92022360610134.mockFlowFile,24B] from FlowFile[2638,92022360610134.mockFlowFile,24B]; routing to relationship simple
[pool-3642-thread-1] INFO org.apache.nifi.processors.standard.RouteText - RouteText[id=e191155b-3232-49bd-bfe9-6bfcf78aa3cb] Routing FlowFile[2638,92022360610134.mockFlowFile,24B] to original
[main] DEBUG org.apache.nifi.processors.standard.RouteText - RouteText[id=e191155b-3232-49bd-bfe9-6bfcf78aa3cb] Adding new dynamic property: PropertyDescriptor[simple]
[pool-3643-thread-1] INFO org.apache.nifi.processors.standard.RouteText - RouteText[id=e191155b-3232-49bd-bfe9-6bfcf78aa3cb] Created FlowFile[2641,92022361147688.mockFlowFile,24B] from FlowFile[2640,92022361147688.mockFlowFile,24B]; routing to relationship simple
[pool-3643-thread-1] INFO org.apache.nifi.processors.standard.RouteText - RouteText[id=e191155b-3232-49bd-bfe9-6bfcf78aa3cb] Routing FlowFile[2640,92022361147688.mockFlowFile,24B] to original
[main] DEBUG org.apache.nifi.processors.standard.RouteText - RouteText[id=e191155b-3232-49bd-bfe9-6bfcf78aa3cb] Adding new dynamic property: PropertyDescriptor[simple]
[pool-3644-thread-1] INFO org.apache.nifi.processors.standard.RouteText - RouteText[id=e191155b-3232-49bd-bfe9-6bfcf78aa3cb] Created FlowFile[2643,92022361677578.mockFlowFile,24B] from FlowFile[2642,92022361677578.mockFlowFile,24B]; routing to relationship simple
[pool-3644-thread-1] INFO org.apache.nifi.processors.standard.RouteText - RouteText[id=e191155b-3232-49bd-bfe9-6bfcf78aa3cb] Routing FlowFile[2642,92022361677578.mockFlowFile,24B] to original
[main] DEBUG org.apache.nifi.processors.standard.RouteText - RouteText[id=e191155b-3232-49bd-bfe9-6bfcf78aa3cb] Adding new dynamic property: PropertyDescriptor[simple]
[pool-3645-thread-1] INFO org.apache.nifi.processors.standard.RouteText - RouteText[id=e191155b-3232-49bd-bfe9-6bfcf78aa3cb] Created FlowFile[2645,92022362210622.mockFlowFile,24B] from FlowFile[2644,92022362210622.mockFlowFile,24B]; routing to relationship simple
[pool-3645-thread-1] INFO org.apache.nifi.processors.standard.RouteText - RouteText[id=e191155b-3232-49bd-bfe9-6bfcf78aa3cb] Routing FlowFile[2644,92022362210622.mockFlowFile,24B] to original
[main] DEBUG org.apache.nifi.processors.standard.RouteText - RouteText[id=e191155b-3232-49bd-bfe9-6bfcf78aa3cb] Adding new dynamic property: PropertyDescriptor[simple]
[pool-3646-thread-1] INFO org.apache.nifi.processors.standard.RouteText - RouteText[id=e191155b-3232-49bd-bfe9-6bfcf78aa3cb] Created FlowFile[2647,92022362759585.mockFlowFile,24B] from FlowFile[2646,92022362759585.mockFlowFile,24B]; routing to relationship simple
[pool-3646-thread-1] INFO org.apache.nifi.processors.standard.RouteText - RouteText[id=e191155b-3232-49bd-bfe9-6bfcf78aa3cb] Routing FlowFile[2646,92022362759585.mockFlowFile,24B] to original
[main] DEBUG org.apache.nifi.processors.standard.RouteText - RouteText[id=e191155b-3232-49bd-bfe9-6bfcf78aa3cb] Adding new dynamic property: PropertyDescriptor[simple]
[pool-3647-thread-1] INFO org.apache.nifi.processors.standard.RouteText - RouteText[id=e191155b-3232-49bd-bfe9-6bfcf78aa3cb] Created FlowFile[2649,92022363296794.mockFlowFile,24B] from FlowFile[2648,92022363296794.mockFlowFile,24B]; routing to relationship simple
[pool-3647-thread-1] INFO org.apache.nifi.processors.standard.RouteText - RouteText[id=e191155b-3232-49bd-bfe9-6bfcf78aa3cb] Routing FlowFile[2648,92022363296794.mockFlowFile,24B] to original
[main] DEBUG org.apache.nifi.processors.standard.RouteText - RouteText[id=e191155b-3232-49bd-bfe9-6bfcf78aa3cb] Adding new dynamic property: PropertyDescriptor[simple]
[pool-3648-thread-1] INFO org.apache.nifi.processors.standard.RouteText - RouteText[id=e191155b-3232-49bd-bfe9-6bfcf78aa3cb] Created FlowFile[2651,92022363842313.mockFlowFile,24B] from FlowFile[2650,92022363842313.mockFlowFile,24B]; routing to relationship simple
[pool-3648-thread-1] INFO org.apache.nifi.processors.standard.RouteText - RouteText[id=e191155b-3232-49bd-bfe9-6bfcf78aa3cb] Routing FlowFile[2650,92022363842313.mockFlowFile,24B] to original
[main] DEBUG org.apache.nifi.processors.standard.RouteText - RouteText[id=e191155b-3232-49bd-bfe9-6bfcf78aa3cb] Adding new dynamic property: PropertyDescriptor[simple]
[pool-3649-thread-1] INFO org.apache.nifi.processors.standard.RouteText - RouteText[id=e191155b-3232-49bd-bfe9-6bfcf78aa3cb] Created FlowFile[2653,92022364523544.mockFlowFile,24B] from FlowFile[2652,92022364523544.mockFlowFile,24B]; routing to relationship simple
[pool-3649-thread-1] INFO org.apache.nifi.processors.standard.RouteText - RouteText[id=e191155b-3232-49bd-bfe9-6bfcf78aa3cb] Routing FlowFile[2652,92022364523544.mockFlowFile,24B] to original
[main] DEBUG org.apache.nifi.processors.standard.RouteText - RouteText[id=e191155b-3232-49bd-bfe9-6bfcf78aa3cb] Adding new dynamic property: PropertyDescriptor[simple]
[pool-3650-thread-1] INFO org.apache.nifi.processors.standard.RouteText - RouteText[id=e191155b-3232-49bd-bfe9-6bfcf78aa3cb] Created FlowFile[2655,92022365060594.mockFlowFile,24B] from FlowFile[2654,92022365060594.mockFlowFile,24B]; routing to relationship simple
[pool-3650-thread-1] INFO org.apache.nifi.processors.standard.RouteText - RouteText[id=e191155b-3232-49bd-bfe9-6bfcf78aa3cb] Routing FlowFile[2654,92022365060594.mockFlowFile,24B] to original
[main] DEBUG org.apache.nifi.processors.standard.RouteText - RouteText[id=e191155b-3232-49bd-bfe9-6bfcf78aa3cb] Adding new dynamic property: PropertyDescriptor[simple]
[pool-3651-thread-1] INFO org.apache.nifi.processors.standard.RouteText - RouteText[id=e191155b-3232-49bd-bfe9-6bfcf78aa3cb] Created FlowFile[2657,92022365604503.mockFlowFile,24B] from FlowFile[2656,92022365604503.mockFlowFile,24B]; routing to relationship simple
[pool-3651-thread-1] INFO org.apache.nifi.processors.standard.RouteText - RouteText[id=e191155b-3232-49bd-bfe9-6bfcf78aa3cb] Routing FlowFile[2656,92022365604503.mockFlowFile,24B] to original
[main] DEBUG org.apache.nifi.processors.standard.RouteText - RouteText[id=e191155b-3232-49bd-bfe9-6bfcf78aa3cb] Adding new dynamic property: PropertyDescriptor[simple]
[pool-3652-thread-1] INFO org.apache.nifi.processors.standard.RouteText - RouteText[id=e191155b-3232-49bd-bfe9-6bfcf78aa3cb] Created FlowFile[2659,92022366129439.mockFlowFile,24B] from FlowFile[2658,92022366129439.mockFlowFile,24B]; routing to relationship simple
[pool-3652-thread-1] INFO org.apache.nifi.processors.standard.RouteText - RouteText[id=e191155b-3232-49bd-bfe9-6bfcf78aa3cb] Routing FlowFile[2658,92022366129439.mockFlowFile,24B] to original
[main] DEBUG org.apache.nifi.processors.standard.RouteText - RouteText[id=e191155b-3232-49bd-bfe9-6bfcf78aa3cb] Adding new dynamic property: PropertyDescriptor[simple]
[pool-3653-thread-1] INFO org.apache.nifi.processors.standard.RouteText - RouteText[id=e191155b-3232-49bd-bfe9-6bfcf78aa3cb] Created FlowFile[2661,92022366651537.mockFlowFile,24B] from FlowFile[2660,92022366651537.mockFlowFile,24B]; routing to relationship simple
[pool-3653-thread-1] INFO org.apache.nifi.processors.standard.RouteText - RouteText[id=e191155b-3232-49bd-bfe9-6bfcf78aa3cb] Routing FlowFile[2660,92022366651537.mockFlowFile,24B] to original
[main] DEBUG org.apache.nifi.processors.standard.RouteText - RouteText[id=e191155b-3232-49bd-bfe9-6bfcf78aa3cb] Adding new dynamic property: PropertyDescriptor[simple]
[pool-3654-thread-1] INFO org.apache.nifi.processors.standard.RouteText - RouteText[id=e191155b-3232-49bd-bfe9-6bfcf78aa3cb] Created FlowFile[2663,92022367221095.mockFlowFile,24B] from FlowFile[2662,92022367221095.mockFlowFile,24B]; routing to relationship simple
[pool-3654-thread-1] INFO org.apache.nifi.processors.standard.RouteText - RouteText[id=e191155b-3232-49bd-bfe9-6bfcf78aa3cb] Routing FlowFile[2662,92022367221095.mockFlowFile,24B] to original
[main] DEBUG org.apache.nifi.processors.standard.RouteText - RouteText[id=e191155b-3232-49bd-bfe9-6bfcf78aa3cb] Adding new dynamic property: PropertyDescriptor[simple]
[pool-3655-thread-1] INFO org.apache.nifi.processors.standard.RouteText - RouteText[id=e191155b-3232-49bd-bfe9-6bfcf78aa3cb] Created FlowFile[2665,92022367726289.mockFlowFile,24B] from FlowFile[2664,92022367726289.mockFlowFile,24B]; routing to relationship simple
[pool-3655-thread-1] INFO org.apache.nifi.processors.standard.RouteText - RouteText[id=e191155b-3232-49bd-bfe9-6bfcf78aa3cb] Routing FlowFile[2664,92022367726289.mockFlowFile,24B] to original
[main] DEBUG org.apache.nifi.processors.standard.RouteText - RouteText[id=e191155b-3232-49bd-bfe9-6bfcf78aa3cb] Adding new dynamic property: PropertyDescriptor[simple]
[pool-3656-thread-1] INFO org.apache.nifi.processors.standard.RouteText - RouteText[id=e191155b-3232-49bd-bfe9-6bfcf78aa3cb] Created FlowFile[2667,92022368249411.mockFlowFile,24B] from FlowFile[2666,92022368249411.mockFlowFile,24B]; routing to relationship simple
[pool-3656-thread-1] INFO org.apache.nifi.processors.standard.RouteText - RouteText[id=e191155b-3232-49bd-bfe9-6bfcf78aa3cb] Routing FlowFile[2666,92022368249411.mockFlowFile,24B] to original
[main] DEBUG org.apache.nifi.processors.standard.RouteText - RouteText[id=e191155b-3232-49bd-bfe9-6bfcf78aa3cb] Adding new dynamic property: PropertyDescriptor[simple]
[pool-3657-thread-1] INFO org.apache.nifi.processors.standard.RouteText - RouteText[id=e191155b-3232-49bd-bfe9-6bfcf78aa3cb] Created FlowFile[2669,92022368770254.mockFlowFile,24B] from FlowFile[2668,92022368770254.mockFlowFile,24B]; routing to relationship simple
[pool-3657-thread-1] INFO org.apache.nifi.processors.standard.RouteText - RouteText[id=e191155b-3232-49bd-bfe9-6bfcf78aa3cb] Routing FlowFile[2668,92022368770254.mockFlowFile,24B] to original
[main] DEBUG org.apache.nifi.processors.standard.RouteText - RouteText[id=e191155b-3232-49bd-bfe9-6bfcf78aa3cb] Adding new dynamic property: PropertyDescriptor[simple]
[pool-3658-thread-1] INFO org.apache.nifi.processors.standard.RouteText - RouteText[id=e191155b-3232-49bd-bfe9-6bfcf78aa3cb] Created FlowFile[2671,92022369297154.mockFlowFile,24B] from FlowFile[2670,92022369297154.mockFlowFile,24B]; routing to relationship simple
[pool-3658-thread-1] INFO org.apache.nifi.processors.standard.RouteText - RouteText[id=e191155b-3232-49bd-bfe9-6bfcf78aa3cb] Routing FlowFile[2670,92022369297154.mockFlowFile,24B] to original
[main] DEBUG org.apache.nifi.processors.standard.RouteText - RouteText[id=e191155b-3232-49bd-bfe9-6bfcf78aa3cb] Adding new dynamic property: PropertyDescriptor[simple]
[pool-3659-thread-1] INFO org.apache.nifi.processors.standard.RouteText - RouteText[id=e191155b-3232-49bd-bfe9-6bfcf78aa3cb] Created FlowFile[2673,92022369903234.mockFlowFile,24B] from FlowFile[2672,92022369903234.mockFlowFile,24B]; routing to relationship simple
[pool-3659-thread-1] INFO org.apache.nifi.processors.standard.RouteText - RouteText[id=e191155b-3232-49bd-bfe9-6bfcf78aa3cb] Routing FlowFile[2672,92022369903234.mockFlowFile,24B] to original
[main] DEBUG org.apache.nifi.processors.standard.RouteText - RouteText[id=e191155b-3232-49bd-bfe9-6bfcf78aa3cb] Adding new dynamic property: PropertyDescriptor[simple]
[pool-3660-thread-1] INFO org.apache.nifi.processors.standard.RouteText - RouteText[id=e191155b-3232-49bd-bfe9-6bfcf78aa3cb] Created FlowFile[2675,92022370461844.mockFlowFile,24B] from FlowFile[2674,92022370461844.mockFlowFile,24B]; routing to relationship simple
[pool-3660-thread-1] INFO org.apache.nifi.processors.standard.RouteText - RouteText[id=e191155b-3232-49bd-bfe9-6bfcf78aa3cb] Routing FlowFile[2674,92022370461844.mockFlowFile,24B] to original
[main] DEBUG org.apache.nifi.processors.standard.RouteText - RouteText[id=e191155b-3232-49bd-bfe9-6bfcf78aa3cb] Adding new dynamic property: PropertyDescriptor[simple]
[pool-3661-thread-1] INFO org.apache.nifi.processors.standard.RouteText - RouteText[id=e191155b-3232-49bd-bfe9-6bfcf78aa3cb] Created FlowFile[2677,92022371011642.mockFlowFile,24B] from FlowFile[2676,92022371011642.mockFlowFile,24B]; routing to relationship simple
[pool-3661-thread-1] INFO org.apache.nifi.processors.standard.RouteText - RouteText[id=e191155b-3232-49bd-bfe9-6bfcf78aa3cb] Routing FlowFile[2676,92022371011642.mockFlowFile,24B] to original
[main] DEBUG org.apache.nifi.processors.standard.RouteText - RouteText[id=e191155b-3232-49bd-bfe9-6bfcf78aa3cb] Adding new dynamic property: PropertyDescriptor[simple]
[pool-3662-thread-1] INFO org.apache.nifi.processors.standard.RouteText - RouteText[id=e191155b-3232-49bd-bfe9-6bfcf78aa3cb] Created FlowFile[2679,92022371547571.mockFlowFile,24B] from FlowFile[2678,92022371547571.mockFlowFile,24B]; routing to relationship simple
[pool-3662-thread-1] INFO org.apache.nifi.processors.standard.RouteText - RouteText[id=e191155b-3232-49bd-bfe9-6bfcf78aa3cb] Routing FlowFile[2678,92022371547571.mockFlowFile,24B] to original
[main] DEBUG org.apache.nifi.processors.standard.RouteText - RouteText[id=e191155b-3232-49bd-bfe9-6bfcf78aa3cb] Adding new dynamic property: PropertyDescriptor[simple]
[pool-3663-thread-1] INFO org.apache.nifi.processors.standard.RouteText - RouteText[id=e191155b-3232-49bd-bfe9-6bfcf78aa3cb] Created FlowFile[2681,92022372103952.mockFlowFile,24B] from FlowFile[2680,92022372103952.mockFlowFile,24B]; routing to relationship simple
[pool-3663-thread-1] INFO org.apache.nifi.processors.standard.RouteText - RouteText[id=e191155b-3232-49bd-bfe9-6bfcf78aa3cb] Routing FlowFile[2680,92022372103952.mockFlowFile,24B] to original
[main] DEBUG org.apache.nifi.processors.standard.RouteText - RouteText[id=e191155b-3232-49bd-bfe9-6bfcf78aa3cb] Adding new dynamic property: PropertyDescriptor[simple]
[pool-3664-thread-1] INFO org.apache.nifi.processors.standard.RouteText - RouteText[id=e191155b-3232-49bd-bfe9-6bfcf78aa3cb] Created FlowFile[2683,92022372773962.mockFlowFile,24B] from FlowFile[2682,92022372773962.mockFlowFile,24B]; routing to relationship simple
[pool-3664-thread-1] INFO org.apache.nifi.processors.standard.RouteText - RouteText[id=e191155b-3232-49bd-bfe9-6bfcf78aa3cb] Routing FlowFile[2682,92022372773962.mockFlowFile,24B] to original
[main] DEBUG org.apache.nifi.processors.standard.RouteText - RouteText[id=e191155b-3232-49bd-bfe9-6bfcf78aa3cb] Adding new dynamic property: PropertyDescriptor[simple]
[pool-3665-thread-1] INFO org.apache.nifi.processors.standard.RouteText - RouteText[id=e191155b-3232-49bd-bfe9-6bfcf78aa3cb] Created FlowFile[2685,92022373321325.mockFlowFile,24B] from FlowFile[2684,92022373321325.mockFlowFile,24B]; routing to relationship simple
[pool-3665-thread-1] INFO org.apache.nifi.processors.standard.RouteText - RouteText[id=e191155b-3232-49bd-bfe9-6bfcf78aa3cb] Routing FlowFile[2684,92022373321325.mockFlowFile,24B] to original
[main] DEBUG org.apache.nifi.processors.standard.RouteText - RouteText[id=e191155b-3232-49bd-bfe9-6bfcf78aa3cb] Adding new dynamic property: PropertyDescriptor[simple]
[pool-3666-thread-1] INFO org.apache.nifi.processors.standard.RouteText - RouteText[id=e191155b-3232-49bd-bfe9-6bfcf78aa3cb] Created FlowFile[2687,92022373850188.mockFlowFile,24B] from FlowFile[2686,92022373850188.mockFlowFile,24B]; routing to relationship simple
[pool-3666-thread-1] INFO org.apache.nifi.processors.standard.RouteText - RouteText[id=e191155b-3232-49bd-bfe9-6bfcf78aa3cb] Routing FlowFile[2686,92022373850188.mockFlowFile,24B] to original
[main] DEBUG org.apache.nifi.processors.standard.RouteText - RouteText[id=e191155b-3232-49bd-bfe9-6bfcf78aa3cb] Adding new dynamic property: PropertyDescriptor[simple]
[pool-3667-thread-1] INFO org.apache.nifi.processors.standard.RouteText - RouteText[id=e191155b-3232-49bd-bfe9-6bfcf78aa3cb] Created FlowFile[2689,92022374384797.mockFlowFile,24B] from FlowFile[2688,92022374384797.mockFlowFile,24B]; routing to relationship simple
[pool-3667-thread-1] INFO org.apache.nifi.processors.standard.RouteText - RouteText[id=e191155b-3232-49bd-bfe9-6bfcf78aa3cb] Routing FlowFile[2688,92022374384797.mockFlowFile,24B] to original
[main] DEBUG org.apache.nifi.processors.standard.RouteText - RouteText[id=e191155b-3232-49bd-bfe9-6bfcf78aa3cb] Adding new dynamic property: PropertyDescriptor[simple]
[pool-3668-thread-1] INFO org.apache.nifi.processors.standard.RouteText - RouteText[id=e191155b-3232-49bd-bfe9-6bfcf78aa3cb] Created FlowFile[2691,92022374908188.mockFlowFile,24B] from FlowFile[2690,92022374908188.mockFlowFile,24B]; routing to relationship simple
[pool-3668-thread-1] INFO org.apache.nifi.processors.standard.RouteText - RouteText[id=e191155b-3232-49bd-bfe9-6bfcf78aa3cb] Routing FlowFile[2690,92022374908188.mockFlowFile,24B] to original
[main] DEBUG org.apache.nifi.processors.standard.RouteText - RouteText[id=e191155b-3232-49bd-bfe9-6bfcf78aa3cb] Adding new dynamic property: PropertyDescriptor[simple]
[pool-3669-thread-1] INFO org.apache.nifi.processors.standard.RouteText - RouteText[id=e191155b-3232-49bd-bfe9-6bfcf78aa3cb] Created FlowFile[2693,92022375425859.mockFlowFile,24B] from FlowFile[2692,92022375425859.mockFlowFile,24B]; routing to relationship simple
[pool-3669-thread-1] INFO org.apache.nifi.processors.standard.RouteText - RouteText[id=e191155b-3232-49bd-bfe9-6bfcf78aa3cb] Routing FlowFile[2692,92022375425859.mockFlowFile,24B] to original
[main] DEBUG org.apache.nifi.processors.standard.RouteText - RouteText[id=e191155b-3232-49bd-bfe9-6bfcf78aa3cb] Adding new dynamic property: PropertyDescriptor[simple]
[pool-3670-thread-1] INFO org.apache.nifi.processors.standard.RouteText - RouteText[id=e191155b-3232-49bd-bfe9-6bfcf78aa3cb] Created FlowFile[2695,92022375962762.mockFlowFile,24B] from FlowFile[2694,92022375962762.mockFlowFile,24B]; routing to relationship simple
[pool-3670-thread-1] INFO org.apache.nifi.processors.standard.RouteText - RouteText[id=e191155b-3232-49bd-bfe9-6bfcf78aa3cb] Routing FlowFile[2694,92022375962762.mockFlowFile,24B] to original
[main] DEBUG org.apache.nifi.processors.standard.RouteText - RouteText[id=e191155b-3232-49bd-bfe9-6bfcf78aa3cb] Adding new dynamic property: PropertyDescriptor[simple]
[pool-3671-thread-1] INFO org.apache.nifi.processors.standard.RouteText - RouteText[id=e191155b-3232-49bd-bfe9-6bfcf78aa3cb] Created FlowFile[2697,92022376507148.mockFlowFile,24B] from FlowFile[2696,92022376507148.mockFlowFile,24B]; routing to relationship simple
[pool-3671-thread-1] INFO org.apache.nifi.processors.standard.RouteText - RouteText[id=e191155b-3232-49bd-bfe9-6bfcf78aa3cb] Routing FlowFile[2696,92022376507148.mockFlowFile,24B] to original
[main] DEBUG org.apache.nifi.processors.standard.RouteText - RouteText[id=e191155b-3232-49bd-bfe9-6bfcf78aa3cb] Adding new dynamic property: PropertyDescriptor[simple]
[pool-3672-thread-1] INFO org.apache.nifi.processors.standard.RouteText - RouteText[id=e191155b-3232-49bd-bfe9-6bfcf78aa3cb] Created FlowFile[2699,92022377055257.mockFlowFile,24B] from FlowFile[2698,92022377055257.mockFlowFile,24B]; routing to relationship simple
[pool-3672-thread-1] INFO org.apache.nifi.processors.standard.RouteText - RouteText[id=e191155b-3232-49bd-bfe9-6bfcf78aa3cb] Routing FlowFile[2698,92022377055257.mockFlowFile,24B] to original
[main] DEBUG org.apache.nifi.processors.standard.RouteText - RouteText[id=e191155b-3232-49bd-bfe9-6bfcf78aa3cb] Adding new dynamic property: PropertyDescriptor[simple]
[pool-3673-thread-1] INFO org.apache.nifi.processors.standard.RouteText - RouteText[id=e191155b-3232-49bd-bfe9-6bfcf78aa3cb] Created FlowFile[2701,92022377613894.mockFlowFile,24B] from FlowFile[2700,92022377613894.mockFlowFile,24B]; routing to relationship simple
[pool-3673-thread-1] INFO org.apache.nifi.processors.standard.RouteText - RouteText[id=e191155b-3232-49bd-bfe9-6bfcf78aa3cb] Routing FlowFile[2700,92022377613894.mockFlowFile,24B] to original
[main] DEBUG org.apache.nifi.processors.standard.RouteText - RouteText[id=e191155b-3232-49bd-bfe9-6bfcf78aa3cb] Adding new dynamic property: PropertyDescriptor[simple]
[pool-3674-thread-1] INFO org.apache.nifi.processors.standard.RouteText - RouteText[id=e191155b-3232-49bd-bfe9-6bfcf78aa3cb] Created FlowFile[2703,92022378155290.mockFlowFile,24B] from FlowFile[2702,92022378155290.mockFlowFile,24B]; routing to relationship simple
[pool-3674-thread-1] INFO org.apache.nifi.processors.standard.RouteText - RouteText[id=e191155b-3232-49bd-bfe9-6bfcf78aa3cb] Routing FlowFile[2702,92022378155290.mockFlowFile,24B] to original
[main] DEBUG org.apache.nifi.processors.standard.RouteText - RouteText[id=e191155b-3232-49bd-bfe9-6bfcf78aa3cb] Adding new dynamic property: PropertyDescriptor[simple]
[pool-3675-thread-1] INFO org.apache.nifi.processors.standard.RouteText - RouteText[id=e191155b-3232-49bd-bfe9-6bfcf78aa3cb] Created FlowFile[2705,92022378703051.mockFlowFile,24B] from FlowFile[2704,92022378703051.mockFlowFile,24B]; routing to relationship simple
[pool-3675-thread-1] INFO org.apache.nifi.processors.standard.RouteText - RouteText[id=e191155b-3232-49bd-bfe9-6bfcf78aa3cb] Routing FlowFile[2704,92022378703051.mockFlowFile,24B] to original
[main] DEBUG org.apache.nifi.processors.standard.RouteText - RouteText[id=e191155b-3232-49bd-bfe9-6bfcf78aa3cb] Adding new dynamic property: PropertyDescriptor[simple]
[pool-3676-thread-1] INFO org.apache.nifi.processors.standard.RouteText - RouteText[id=e191155b-3232-49bd-bfe9-6bfcf78aa3cb] Created FlowFile[2707,92022379202601.mockFlowFile,24B] from FlowFile[2706,92022379202601.mockFlowFile,24B]; routing to relationship simple
[pool-3676-thread-1] INFO org.apache.nifi.processors.standard.RouteText - RouteText[id=e191155b-3232-49bd-bfe9-6bfcf78aa3cb] Routing FlowFile[2706,92022379202601.mockFlowFile,24B] to original
[main] DEBUG org.apache.nifi.processors.standard.RouteText - RouteText[id=e191155b-3232-49bd-bfe9-6bfcf78aa3cb] Adding new dynamic property: PropertyDescriptor[simple]
[pool-3677-thread-1] INFO org.apache.nifi.processors.standard.RouteText - RouteText[id=e191155b-3232-49bd-bfe9-6bfcf78aa3cb] Created FlowFile[2709,92022379737746.mockFlowFile,24B] from FlowFile[2708,92022379737746.mockFlowFile,24B]; routing to relationship simple
[pool-3677-thread-1] INFO org.apache.nifi.processors.standard.RouteText - RouteText[id=e191155b-3232-49bd-bfe9-6bfcf78aa3cb] Routing FlowFile[2708,92022379737746.mockFlowFile,24B] to original
[main] DEBUG org.apache.nifi.processors.standard.RouteText - RouteText[id=e191155b-3232-49bd-bfe9-6bfcf78aa3cb] Adding new dynamic property: PropertyDescriptor[simple]
[pool-3678-thread-1] INFO org.apache.nifi.processors.standard.RouteText - RouteText[id=e191155b-3232-49bd-bfe9-6bfcf78aa3cb] Created FlowFile[2711,92022380255216.mockFlowFile,24B] from FlowFile[2710,92022380255216.mockFlowFile,24B]; routing to relationship simple
[pool-3678-thread-1] INFO org.apache.nifi.processors.standard.RouteText - RouteText[id=e191155b-3232-49bd-bfe9-6bfcf78aa3cb] Routing FlowFile[2710,92022380255216.mockFlowFile,24B] to original
[main] DEBUG org.apache.nifi.processors.standard.RouteText - RouteText[id=e191155b-3232-49bd-bfe9-6bfcf78aa3cb] Adding new dynamic property: PropertyDescriptor[simple]
[pool-3679-thread-1] INFO org.apache.nifi.processors.standard.RouteText - RouteText[id=e191155b-3232-49bd-bfe9-6bfcf78aa3cb] Created FlowFile[2713,92022380810874.mockFlowFile,24B] from FlowFile[2712,92022380810874.mockFlowFile,24B]; routing to relationship simple
[pool-3679-thread-1] INFO org.apache.nifi.processors.standard.RouteText - RouteText[id=e191155b-3232-49bd-bfe9-6bfcf78aa3cb] Routing FlowFile[2712,92022380810874.mockFlowFile,24B] to original
[main] DEBUG org.apache.nifi.processors.standard.RouteText - RouteText[id=e191155b-3232-49bd-bfe9-6bfcf78aa3cb] Adding new dynamic property: PropertyDescriptor[simple]
[pool-3680-thread-1] INFO org.apache.nifi.processors.standard.RouteText - RouteText[id=e191155b-3232-49bd-bfe9-6bfcf78aa3cb] Created FlowFile[2715,92022381344898.mockFlowFile,24B] from FlowFile[2714,92022381344898.mockFlowFile,24B]; routing to relationship simple
[pool-3680-thread-1] INFO org.apache.nifi.processors.standard.RouteText - RouteText[id=e191155b-3232-49bd-bfe9-6bfcf78aa3cb] Routing FlowFile[2714,92022381344898.mockFlowFile,24B] to original
[main] DEBUG org.apache.nifi.processors.standard.RouteText - RouteText[id=e191155b-3232-49bd-bfe9-6bfcf78aa3cb] Adding new dynamic property: PropertyDescriptor[simple]
[pool-3681-thread-1] INFO org.apache.nifi.processors.standard.RouteText - RouteText[id=e191155b-3232-49bd-bfe9-6bfcf78aa3cb] Created FlowFile[2717,92022381896378.mockFlowFile,24B] from FlowFile[2716,92022381896378.mockFlowFile,24B]; routing to relationship simple
[pool-3681-thread-1] INFO org.apache.nifi.processors.standard.RouteText - RouteText[id=e191155b-3232-49bd-bfe9-6bfcf78aa3cb] Routing FlowFile[2716,92022381896378.mockFlowFile,24B] to original
[main] DEBUG org.apache.nifi.processors.standard.RouteText - RouteText[id=e191155b-3232-49bd-bfe9-6bfcf78aa3cb] Adding new dynamic property: PropertyDescriptor[simple]
[pool-3682-thread-1] INFO org.apache.nifi.processors.standard.RouteText - RouteText[id=e191155b-3232-49bd-bfe9-6bfcf78aa3cb] Created FlowFile[2719,92022382453886.mockFlowFile,24B] from FlowFile[2718,92022382453886.mockFlowFile,24B]; routing to relationship simple
[pool-3682-thread-1] INFO org.apache.nifi.processors.standard.RouteText - RouteText[id=e191155b-3232-49bd-bfe9-6bfcf78aa3cb] Routing FlowFile[2718,92022382453886.mockFlowFile,24B] to original
[main] DEBUG org.apache.nifi.processors.standard.RouteText - RouteText[id=e191155b-3232-49bd-bfe9-6bfcf78aa3cb] Adding new dynamic property: PropertyDescriptor[simple]
[pool-3683-thread-1] INFO org.apache.nifi.processors.standard.RouteText - RouteText[id=e191155b-3232-49bd-bfe9-6bfcf78aa3cb] Created FlowFile[2721,92022382960700.mockFlowFile,24B] from FlowFile[2720,92022382960700.mockFlowFile,24B]; routing to relationship simple
[pool-3683-thread-1] INFO org.apache.nifi.processors.standard.RouteText - RouteText[id=e191155b-3232-49bd-bfe9-6bfcf78aa3cb] Routing FlowFile[2720,92022382960700.mockFlowFile,24B] to original
[main] DEBUG org.apache.nifi.processors.standard.RouteText - RouteText[id=e191155b-3232-49bd-bfe9-6bfcf78aa3cb] Adding new dynamic property: PropertyDescriptor[simple]
[pool-3684-thread-1] INFO org.apache.nifi.processors.standard.RouteText - RouteText[id=e191155b-3232-49bd-bfe9-6bfcf78aa3cb] Created FlowFile[2723,92022383466556.mockFlowFile,24B] from FlowFile[2722,92022383466556.mockFlowFile,24B]; routing to relationship simple
[pool-3684-thread-1] INFO org.apache.nifi.processors.standard.RouteText - RouteText[id=e191155b-3232-49bd-bfe9-6bfcf78aa3cb] Routing FlowFile[2722,92022383466556.mockFlowFile,24B] to original
[main] DEBUG org.apache.nifi.processors.standard.RouteText - RouteText[id=e191155b-3232-49bd-bfe9-6bfcf78aa3cb] Adding new dynamic property: PropertyDescriptor[simple]
[pool-3685-thread-1] INFO org.apache.nifi.processors.standard.RouteText - RouteText[id=e191155b-3232-49bd-bfe9-6bfcf78aa3cb] Created FlowFile[2725,92022383977407.mockFlowFile,24B] from FlowFile[2724,92022383977407.mockFlowFile,24B]; routing to relationship simple
[pool-3685-thread-1] INFO org.apache.nifi.processors.standard.RouteText - RouteText[id=e191155b-3232-49bd-bfe9-6bfcf78aa3cb] Routing FlowFile[2724,92022383977407.mockFlowFile,24B] to original
[main] DEBUG org.apache.nifi.processors.standard.RouteText - RouteText[id=e191155b-3232-49bd-bfe9-6bfcf78aa3cb] Adding new dynamic property: PropertyDescriptor[simple]
[pool-3686-thread-1] INFO org.apache.nifi.processors.standard.RouteText - RouteText[id=e191155b-3232-49bd-bfe9-6bfcf78aa3cb] Created FlowFile[2727,92022384598788.mockFlowFile,24B] from FlowFile[2726,92022384598788.mockFlowFile,24B]; routing to relationship simple
[pool-3686-thread-1] INFO org.apache.nifi.processors.standard.RouteText - RouteText[id=e191155b-3232-49bd-bfe9-6bfcf78aa3cb] Routing FlowFile[2726,92022384598788.mockFlowFile,24B] to original
[main] DEBUG org.apache.nifi.processors.standard.RouteText - RouteText[id=e191155b-3232-49bd-bfe9-6bfcf78aa3cb] Adding new dynamic property: PropertyDescriptor[simple]
[pool-3687-thread-1] INFO org.apache.nifi.processors.standard.RouteText - RouteText[id=e191155b-3232-49bd-bfe9-6bfcf78aa3cb] Created FlowFile[2729,92022385141623.mockFlowFile,24B] from FlowFile[2728,92022385141623.mockFlowFile,24B]; routing to relationship simple
[pool-3687-thread-1] INFO org.apache.nifi.processors.standard.RouteText - RouteText[id=e191155b-3232-49bd-bfe9-6bfcf78aa3cb] Routing FlowFile[2728,92022385141623.mockFlowFile,24B] to original
[main] DEBUG org.apache.nifi.processors.standard.RouteText - RouteText[id=e191155b-3232-49bd-bfe9-6bfcf78aa3cb] Adding new dynamic property: PropertyDescriptor[simple]
[pool-3688-thread-1] INFO org.apache.nifi.processors.standard.RouteText - RouteText[id=e191155b-3232-49bd-bfe9-6bfcf78aa3cb] Created FlowFile[2731,92022385650546.mockFlowFile,24B] from FlowFile[2730,92022385650546.mockFlowFile,24B]; routing to relationship simple
[pool-3688-thread-1] INFO org.apache.nifi.processors.standard.RouteText - RouteText[id=e191155b-3232-49bd-bfe9-6bfcf78aa3cb] Routing FlowFile[2730,92022385650546.mockFlowFile,24B] to original
[main] DEBUG org.apache.nifi.processors.standard.RouteText - RouteText[id=e191155b-3232-49bd-bfe9-6bfcf78aa3cb] Adding new dynamic property: PropertyDescriptor[simple]
[pool-3689-thread-1] INFO org.apache.nifi.processors.standard.RouteText - RouteText[id=e191155b-3232-49bd-bfe9-6bfcf78aa3cb] Created FlowFile[2733,92022386115445.mockFlowFile,24B] from FlowFile[2732,92022386115445.mockFlowFile,24B]; routing to relationship simple
[pool-3689-thread-1] INFO org.apache.nifi.processors.standard.RouteText - RouteText[id=e191155b-3232-49bd-bfe9-6bfcf78aa3cb] Routing FlowFile[2732,92022386115445.mockFlowFile,24B] to original
[main] DEBUG org.apache.nifi.processors.standard.RouteText - RouteText[id=e191155b-3232-49bd-bfe9-6bfcf78aa3cb] Adding new dynamic property: PropertyDescriptor[simple]
[pool-3690-thread-1] INFO org.apache.nifi.processors.standard.RouteText - RouteText[id=e191155b-3232-49bd-bfe9-6bfcf78aa3cb] Created FlowFile[2735,92022386539263.mockFlowFile,24B] from FlowFile[2734,92022386539263.mockFlowFile,24B]; routing to relationship simple
[pool-3690-thread-1] INFO org.apache.nifi.processors.standard.RouteText - RouteText[id=e191155b-3232-49bd-bfe9-6bfcf78aa3cb] Routing FlowFile[2734,92022386539263.mockFlowFile,24B] to original
[main] DEBUG org.apache.nifi.processors.standard.RouteText - RouteText[id=e191155b-3232-49bd-bfe9-6bfcf78aa3cb] Adding new dynamic property: PropertyDescriptor[simple]
[pool-3691-thread-1] INFO org.apache.nifi.processors.standard.RouteText - RouteText[id=e191155b-3232-49bd-bfe9-6bfcf78aa3cb] Created FlowFile[2737,92022386949698.mockFlowFile,24B] from FlowFile[2736,92022386949698.mockFlowFile,24B]; routing to relationship simple
[pool-3691-thread-1] INFO org.apache.nifi.processors.standard.RouteText - RouteText[id=e191155b-3232-49bd-bfe9-6bfcf78aa3cb] Routing FlowFile[2736,92022386949698.mockFlowFile,24B] to original
[main] DEBUG org.apache.nifi.processors.standard.RouteText - RouteText[id=e191155b-3232-49bd-bfe9-6bfcf78aa3cb] Adding new dynamic property: PropertyDescriptor[simple]
[pool-3692-thread-1] INFO org.apache.nifi.processors.standard.RouteText - RouteText[id=e191155b-3232-49bd-bfe9-6bfcf78aa3cb] Created FlowFile[2739,92022387556639.mockFlowFile,24B] from FlowFile[2738,92022387556639.mockFlowFile,24B]; routing to relationship simple
[pool-3692-thread-1] INFO org.apache.nifi.processors.standard.RouteText - RouteText[id=e191155b-3232-49bd-bfe9-6bfcf78aa3cb] Routing FlowFile[2738,92022387556639.mockFlowFile,24B] to original
[main] DEBUG org.apache.nifi.processors.standard.RouteText - RouteText[id=e191155b-3232-49bd-bfe9-6bfcf78aa3cb] Adding new dynamic property: PropertyDescriptor[simple]
[pool-3693-thread-1] INFO org.apache.nifi.processors.standard.RouteText - RouteText[id=e191155b-3232-49bd-bfe9-6bfcf78aa3cb] Created FlowFile[2741,92022388087236.mockFlowFile,24B] from FlowFile[2740,92022388087236.mockFlowFile,24B]; routing to relationship simple
[pool-3693-thread-1] INFO org.apache.nifi.processors.standard.RouteText - RouteText[id=e191155b-3232-49bd-bfe9-6bfcf78aa3cb] Routing FlowFile[2740,92022388087236.mockFlowFile,24B] to original
[main] DEBUG org.apache.nifi.processors.standard.RouteText - RouteText[id=e191155b-3232-49bd-bfe9-6bfcf78aa3cb] Adding new dynamic property: PropertyDescriptor[simple]
[pool-3694-thread-1] INFO org.apache.nifi.processors.standard.RouteText - RouteText[id=e191155b-3232-49bd-bfe9-6bfcf78aa3cb] Created FlowFile[2743,92022388685549.mockFlowFile,24B] from FlowFile[2742,92022388685549.mockFlowFile,24B]; routing to relationship simple
[pool-3694-thread-1] INFO org.apache.nifi.processors.standard.RouteText - RouteText[id=e191155b-3232-49bd-bfe9-6bfcf78aa3cb] Routing FlowFile[2742,92022388685549.mockFlowFile,24B] to original
[main] DEBUG org.apache.nifi.processors.standard.RouteText - RouteText[id=e191155b-3232-49bd-bfe9-6bfcf78aa3cb] Adding new dynamic property: PropertyDescriptor[simple]
[pool-3695-thread-1] INFO org.apache.nifi.processors.standard.RouteText - RouteText[id=e191155b-3232-49bd-bfe9-6bfcf78aa3cb] Created FlowFile[2745,92022389228662.mockFlowFile,24B] from FlowFile[2744,92022389228662.mockFlowFile,24B]; routing to relationship simple
[pool-3695-thread-1] INFO org.apache.nifi.processors.standard.RouteText - RouteText[id=e191155b-3232-49bd-bfe9-6bfcf78aa3cb] Routing FlowFile[2744,92022389228662.mockFlowFile,24B] to original
[main] DEBUG org.apache.nifi.processors.standard.RouteText - RouteText[id=e191155b-3232-49bd-bfe9-6bfcf78aa3cb] Adding new dynamic property: PropertyDescriptor[simple]
[pool-3696-thread-1] INFO org.apache.nifi.processors.standard.RouteText - RouteText[id=e191155b-3232-49bd-bfe9-6bfcf78aa3cb] Created FlowFile[2747,92022389757919.mockFlowFile,24B] from FlowFile[2746,92022389757919.mockFlowFile,24B]; routing to relationship simple
[pool-3696-thread-1] INFO org.apache.nifi.processors.standard.RouteText - RouteText[id=e191155b-3232-49bd-bfe9-6bfcf78aa3cb] Routing FlowFile[2746,92022389757919.mockFlowFile,24B] to original
[main] DEBUG org.apache.nifi.processors.standard.RouteText - RouteText[id=e191155b-3232-49bd-bfe9-6bfcf78aa3cb] Adding new dynamic property: PropertyDescriptor[simple]
[pool-3697-thread-1] INFO org.apache.nifi.processors.standard.RouteText - RouteText[id=e191155b-3232-49bd-bfe9-6bfcf78aa3cb] Created FlowFile[2749,92022390201598.mockFlowFile,24B] from FlowFile[2748,92022390201598.mockFlowFile,24B]; routing to relationship simple
[pool-3697-thread-1] INFO org.apache.nifi.processors.standard.RouteText - RouteText[id=e191155b-3232-49bd-bfe9-6bfcf78aa3cb] Routing FlowFile[2748,92022390201598.mockFlowFile,24B] to original
[main] DEBUG org.apache.nifi.processors.standard.RouteText - RouteText[id=e191155b-3232-49bd-bfe9-6bfcf78aa3cb] Adding new dynamic property: PropertyDescriptor[simple]
[pool-3698-thread-1] INFO org.apache.nifi.processors.standard.RouteText - RouteText[id=e191155b-3232-49bd-bfe9-6bfcf78aa3cb] Created FlowFile[2751,92022390599718.mockFlowFile,24B] from FlowFile[2750,92022390599718.mockFlowFile,24B]; routing to relationship simple
[pool-3698-thread-1] INFO org.apache.nifi.processors.standard.RouteText - RouteText[id=e191155b-3232-49bd-bfe9-6bfcf78aa3cb] Routing FlowFile[2750,92022390599718.mockFlowFile,24B] to original
[main] DEBUG org.apache.nifi.processors.standard.RouteText - RouteText[id=e191155b-3232-49bd-bfe9-6bfcf78aa3cb] Adding new dynamic property: PropertyDescriptor[simple]
[pool-3699-thread-1] INFO org.apache.nifi.processors.standard.RouteText - RouteText[id=e191155b-3232-49bd-bfe9-6bfcf78aa3cb] Created FlowFile[2753,92022390989953.mockFlowFile,24B] from FlowFile[2752,92022390989953.mockFlowFile,24B]; routing to relationship simple
[pool-3699-thread-1] INFO org.apache.nifi.processors.standard.RouteText - RouteText[id=e191155b-3232-49bd-bfe9-6bfcf78aa3cb] Routing FlowFile[2752,92022390989953.mockFlowFile,24B] to original
[main] DEBUG org.apache.nifi.processors.standard.RouteText - RouteText[id=e191155b-3232-49bd-bfe9-6bfcf78aa3cb] Adding new dynamic property: PropertyDescriptor[simple]
[pool-3700-thread-1] INFO org.apache.nifi.processors.standard.RouteText - RouteText[id=e191155b-3232-49bd-bfe9-6bfcf78aa3cb] Created FlowFile[2755,92022391574375.mockFlowFile,24B] from FlowFile[2754,92022391574375.mockFlowFile,24B]; routing to relationship simple
[pool-3700-thread-1] INFO org.apache.nifi.processors.standard.RouteText - RouteText[id=e191155b-3232-49bd-bfe9-6bfcf78aa3cb] Routing FlowFile[2754,92022391574375.mockFlowFile,24B] to original
[main] DEBUG org.apache.nifi.processors.standard.RouteText - RouteText[id=e191155b-3232-49bd-bfe9-6bfcf78aa3cb] Adding new dynamic property: PropertyDescriptor[simple]
[pool-3701-thread-1] INFO org.apache.nifi.processors.standard.RouteText - RouteText[id=e191155b-3232-49bd-bfe9-6bfcf78aa3cb] Created FlowFile[2757,92022392065588.mockFlowFile,24B] from FlowFile[2756,92022392065588.mockFlowFile,24B]; routing to relationship simple
[pool-3701-thread-1] INFO org.apache.nifi.processors.standard.RouteText - RouteText[id=e191155b-3232-49bd-bfe9-6bfcf78aa3cb] Routing FlowFile[2756,92022392065588.mockFlowFile,24B] to original
[main] DEBUG org.apache.nifi.processors.standard.RouteText - RouteText[id=e191155b-3232-49bd-bfe9-6bfcf78aa3cb] Adding new dynamic property: PropertyDescriptor[simple]
[pool-3702-thread-1] INFO org.apache.nifi.processors.standard.RouteText - RouteText[id=e191155b-3232-49bd-bfe9-6bfcf78aa3cb] Created FlowFile[2759,92022392582204.mockFlowFile,24B] from FlowFile[2758,92022392582204.mockFlowFile,24B]; routing to relationship simple
[pool-3702-thread-1] INFO org.apache.nifi.processors.standard.RouteText - RouteText[id=e191155b-3232-49bd-bfe9-6bfcf78aa3cb] Routing FlowFile[2758,92022392582204.mockFlowFile,24B] to original
[main] DEBUG org.apache.nifi.processors.standard.RouteText - RouteText[id=e191155b-3232-49bd-bfe9-6bfcf78aa3cb] Adding new dynamic property: PropertyDescriptor[simple]
[pool-3703-thread-1] INFO org.apache.nifi.processors.standard.RouteText - RouteText[id=e191155b-3232-49bd-bfe9-6bfcf78aa3cb] Created FlowFile[2761,92022393038831.mockFlowFile,24B] from FlowFile[2760,92022393038831.mockFlowFile,24B]; routing to relationship simple
[pool-3703-thread-1] INFO org.apache.nifi.processors.standard.RouteText - RouteText[id=e191155b-3232-49bd-bfe9-6bfcf78aa3cb] Routing FlowFile[2760,92022393038831.mockFlowFile,24B] to original
[main] DEBUG org.apache.nifi.processors.standard.RouteText - RouteText[id=e191155b-3232-49bd-bfe9-6bfcf78aa3cb] Adding new dynamic property: PropertyDescriptor[simple]
[pool-3704-thread-1] INFO org.apache.nifi.processors.standard.RouteText - RouteText[id=e191155b-3232-49bd-bfe9-6bfcf78aa3cb] Created FlowFile[2763,92022393470640.mockFlowFile,24B] from FlowFile[2762,92022393470640.mockFlowFile,24B]; routing to relationship simple
[pool-3704-thread-1] INFO org.apache.nifi.processors.standard.RouteText - RouteText[id=e191155b-3232-49bd-bfe9-6bfcf78aa3cb] Routing FlowFile[2762,92022393470640.mockFlowFile,24B] to original
[main] DEBUG org.apache.nifi.processors.standard.RouteText - RouteText[id=e191155b-3232-49bd-bfe9-6bfcf78aa3cb] Adding new dynamic property: PropertyDescriptor[simple]
[pool-3705-thread-1] INFO org.apache.nifi.processors.standard.RouteText - RouteText[id=e191155b-3232-49bd-bfe9-6bfcf78aa3cb] Created FlowFile[2765,92022393880315.mockFlowFile,24B] from FlowFile[2764,92022393880315.mockFlowFile,24B]; routing to relationship simple
[pool-3705-thread-1] INFO org.apache.nifi.processors.standard.RouteText - RouteText[id=e191155b-3232-49bd-bfe9-6bfcf78aa3cb] Routing FlowFile[2764,92022393880315.mockFlowFile,24B] to original
[main] DEBUG org.apache.nifi.processors.standard.RouteText - RouteText[id=e191155b-3232-49bd-bfe9-6bfcf78aa3cb] Adding new dynamic property: PropertyDescriptor[simple]
[pool-3706-thread-1] INFO org.apache.nifi.processors.standard.RouteText - RouteText[id=e191155b-3232-49bd-bfe9-6bfcf78aa3cb] Created FlowFile[2767,92022394272151.mockFlowFile,24B] from FlowFile[2766,92022394272151.mockFlowFile,24B]; routing to relationship simple
[pool-3706-thread-1] INFO org.apache.nifi.processors.standard.RouteText - RouteText[id=e191155b-3232-49bd-bfe9-6bfcf78aa3cb] Routing FlowFile[2766,92022394272151.mockFlowFile,24B] to original
[main] DEBUG org.apache.nifi.processors.standard.RouteText - RouteText[id=e191155b-3232-49bd-bfe9-6bfcf78aa3cb] Adding new dynamic property: PropertyDescriptor[simple]
[pool-3707-thread-1] INFO org.apache.nifi.processors.standard.RouteText - RouteText[id=e191155b-3232-49bd-bfe9-6bfcf78aa3cb] Created FlowFile[2769,92022394673540.mockFlowFile,24B] from FlowFile[2768,92022394673540.mockFlowFile,24B]; routing to relationship simple
[pool-3707-thread-1] INFO org.apache.nifi.processors.standard.RouteText - RouteText[id=e191155b-3232-49bd-bfe9-6bfcf78aa3cb] Routing FlowFile[2768,92022394673540.mockFlowFile,24B] to original
[main] DEBUG org.apache.nifi.processors.standard.RouteText - RouteText[id=e191155b-3232-49bd-bfe9-6bfcf78aa3cb] Adding new dynamic property: PropertyDescriptor[simple]
[pool-3708-thread-1] INFO org.apache.nifi.processors.standard.RouteText - RouteText[id=e191155b-3232-49bd-bfe9-6bfcf78aa3cb] Created FlowFile[2771,92022395062662.mockFlowFile,24B] from FlowFile[2770,92022395062662.mockFlowFile,24B]; routing to relationship simple
[pool-3708-thread-1] INFO org.apache.nifi.processors.standard.RouteText - RouteText[id=e191155b-3232-49bd-bfe9-6bfcf78aa3cb] Routing FlowFile[2770,92022395062662.mockFlowFile,24B] to original
[main] DEBUG org.apache.nifi.processors.standard.RouteText - RouteText[id=e191155b-3232-49bd-bfe9-6bfcf78aa3cb] Adding new dynamic property: PropertyDescriptor[simple]
[pool-3709-thread-1] INFO org.apache.nifi.processors.standard.RouteText - RouteText[id=e191155b-3232-49bd-bfe9-6bfcf78aa3cb] Created FlowFile[2773,92022395534212.mockFlowFile,24B] from FlowFile[2772,92022395534212.mockFlowFile,24B]; routing to relationship simple
[pool-3709-thread-1] INFO org.apache.nifi.processors.standard.RouteText - RouteText[id=e191155b-3232-49bd-bfe9-6bfcf78aa3cb] Routing FlowFile[2772,92022395534212.mockFlowFile,24B] to original
[main] DEBUG org.apache.nifi.processors.standard.RouteText - RouteText[id=e191155b-3232-49bd-bfe9-6bfcf78aa3cb] Adding new dynamic property: PropertyDescriptor[simple]
[pool-3710-thread-1] INFO org.apache.nifi.processors.standard.RouteText - RouteText[id=e191155b-3232-49bd-bfe9-6bfcf78aa3cb] Created FlowFile[2775,92022396044227.mockFlowFile,24B] from FlowFile[2774,92022396044227.mockFlowFile,24B]; routing to relationship simple
[pool-3710-thread-1] INFO org.apache.nifi.processors.standard.RouteText - RouteText[id=e191155b-3232-49bd-bfe9-6bfcf78aa3cb] Routing FlowFile[2774,92022396044227.mockFlowFile,24B] to original
[main] DEBUG org.apache.nifi.processors.standard.RouteText - RouteText[id=e191155b-3232-49bd-bfe9-6bfcf78aa3cb] Adding new dynamic property: PropertyDescriptor[simple]
[pool-3711-thread-1] INFO org.apache.nifi.processors.standard.RouteText - RouteText[id=e191155b-3232-49bd-bfe9-6bfcf78aa3cb] Created FlowFile[2777,92022396560649.mockFlowFile,24B] from FlowFile[2776,92022396560649.mockFlowFile,24B]; routing to relationship simple
[pool-3711-thread-1] INFO org.apache.nifi.processors.standard.RouteText - RouteText[id=e191155b-3232-49bd-bfe9-6bfcf78aa3cb] Routing FlowFile[2776,92022396560649.mockFlowFile,24B] to original
[main] DEBUG org.apache.nifi.processors.standard.RouteText - RouteText[id=e191155b-3232-49bd-bfe9-6bfcf78aa3cb] Adding new dynamic property: PropertyDescriptor[simple]
[pool-3712-thread-1] INFO org.apache.nifi.processors.standard.RouteText - RouteText[id=e191155b-3232-49bd-bfe9-6bfcf78aa3cb] Created FlowFile[2779,92022397060778.mockFlowFile,24B] from FlowFile[2778,92022397060778.mockFlowFile,24B]; routing to relationship simple
[pool-3712-thread-1] INFO org.apache.nifi.processors.standard.RouteText - RouteText[id=e191155b-3232-49bd-bfe9-6bfcf78aa3cb] Routing FlowFile[2778,92022397060778.mockFlowFile,24B] to original
[main] DEBUG org.apache.nifi.processors.standard.RouteText - RouteText[id=e191155b-3232-49bd-bfe9-6bfcf78aa3cb] Adding new dynamic property: PropertyDescriptor[simple]
[pool-3713-thread-1] INFO org.apache.nifi.processors.standard.RouteText - RouteText[id=e191155b-3232-49bd-bfe9-6bfcf78aa3cb] Created FlowFile[2781,92022397457834.mockFlowFile,24B] from FlowFile[2780,92022397457834.mockFlowFile,24B]; routing to relationship simple
[pool-3713-thread-1] INFO org.apache.nifi.processors.standard.RouteText - RouteText[id=e191155b-3232-49bd-bfe9-6bfcf78aa3cb] Routing FlowFile[2780,92022397457834.mockFlowFile,24B] to original
[main] DEBUG org.apache.nifi.processors.standard.RouteText - RouteText[id=e191155b-3232-49bd-bfe9-6bfcf78aa3cb] Adding new dynamic property: PropertyDescriptor[simple]
[pool-3714-thread-1] INFO org.apache.nifi.processors.standard.RouteText - RouteText[id=e191155b-3232-49bd-bfe9-6bfcf78aa3cb] Created FlowFile[2783,92022397882927.mockFlowFile,24B] from FlowFile[2782,92022397882927.mockFlowFile,24B]; routing to relationship simple
[pool-3714-thread-1] INFO org.apache.nifi.processors.standard.RouteText - RouteText[id=e191155b-3232-49bd-bfe9-6bfcf78aa3cb] Routing FlowFile[2782,92022397882927.mockFlowFile,24B] to original
[main] DEBUG org.apache.nifi.processors.standard.RouteText - RouteText[id=e191155b-3232-49bd-bfe9-6bfcf78aa3cb] Adding new dynamic property: PropertyDescriptor[simple]
[pool-3715-thread-1] INFO org.apache.nifi.processors.standard.RouteText - RouteText[id=e191155b-3232-49bd-bfe9-6bfcf78aa3cb] Created FlowFile[2785,92022398295659.mockFlowFile,24B] from FlowFile[2784,92022398295659.mockFlowFile,24B]; routing to relationship simple
[pool-3715-thread-1] INFO org.apache.nifi.processors.standard.RouteText - RouteText[id=e191155b-3232-49bd-bfe9-6bfcf78aa3cb] Routing FlowFile[2784,92022398295659.mockFlowFile,24B] to original
[main] DEBUG org.apache.nifi.processors.standard.RouteText - RouteText[id=e191155b-3232-49bd-bfe9-6bfcf78aa3cb] Adding new dynamic property: PropertyDescriptor[simple]
[pool-3716-thread-1] INFO org.apache.nifi.processors.standard.RouteText - RouteText[id=e191155b-3232-49bd-bfe9-6bfcf78aa3cb] Created FlowFile[2787,92022398676863.mockFlowFile,24B] from FlowFile[2786,92022398676863.mockFlowFile,24B]; routing to relationship simple
[pool-3716-thread-1] INFO org.apache.nifi.processors.standard.RouteText - RouteText[id=e191155b-3232-49bd-bfe9-6bfcf78aa3cb] Routing FlowFile[2786,92022398676863.mockFlowFile,24B] to original
[main] DEBUG org.apache.nifi.processors.standard.RouteText - RouteText[id=e191155b-3232-49bd-bfe9-6bfcf78aa3cb] Adding new dynamic property: PropertyDescriptor[simple]
[pool-3717-thread-1] INFO org.apache.nifi.processors.standard.RouteText - RouteText[id=e191155b-3232-49bd-bfe9-6bfcf78aa3cb] Created FlowFile[2789,92022399057106.mockFlowFile,24B] from FlowFile[2788,92022399057106.mockFlowFile,24B]; routing to relationship simple
[pool-3717-thread-1] INFO org.apache.nifi.processors.standard.RouteText - RouteText[id=e191155b-3232-49bd-bfe9-6bfcf78aa3cb] Routing FlowFile[2788,92022399057106.mockFlowFile,24B] to original
[main] DEBUG org.apache.nifi.processors.standard.RouteText - RouteText[id=e191155b-3232-49bd-bfe9-6bfcf78aa3cb] Adding new dynamic property: PropertyDescriptor[simple]
[pool-3718-thread-1] INFO org.apache.nifi.processors.standard.RouteText - RouteText[id=e191155b-3232-49bd-bfe9-6bfcf78aa3cb] Created FlowFile[2791,92022399535830.mockFlowFile,24B] from FlowFile[2790,92022399535830.mockFlowFile,24B]; routing to relationship simple
[pool-3718-thread-1] INFO org.apache.nifi.processors.standard.RouteText - RouteText[id=e191155b-3232-49bd-bfe9-6bfcf78aa3cb] Routing FlowFile[2790,92022399535830.mockFlowFile,24B] to original
[main] DEBUG org.apache.nifi.processors.standard.RouteText - RouteText[id=e191155b-3232-49bd-bfe9-6bfcf78aa3cb] Adding new dynamic property: PropertyDescriptor[simple]
[pool-3719-thread-1] INFO org.apache.nifi.processors.standard.RouteText - RouteText[id=e191155b-3232-49bd-bfe9-6bfcf78aa3cb] Created FlowFile[2793,92022400021614.mockFlowFile,24B] from FlowFile[2792,92022400021614.mockFlowFile,24B]; routing to relationship simple
[pool-3719-thread-1] INFO org.apache.nifi.processors.standard.RouteText - RouteText[id=e191155b-3232-49bd-bfe9-6bfcf78aa3cb] Routing FlowFile[2792,92022400021614.mockFlowFile,24B] to original
[main] DEBUG org.apache.nifi.processors.standard.RouteText - RouteText[id=e191155b-3232-49bd-bfe9-6bfcf78aa3cb] Adding new dynamic property: PropertyDescriptor[simple]
[pool-3720-thread-1] INFO org.apache.nifi.processors.standard.RouteText - RouteText[id=e191155b-3232-49bd-bfe9-6bfcf78aa3cb] Created FlowFile[2795,92022400518778.mockFlowFile,24B] from FlowFile[2794,92022400518778.mockFlowFile,24B]; routing to relationship simple
[pool-3720-thread-1] INFO org.apache.nifi.processors.standard.RouteText - RouteText[id=e191155b-3232-49bd-bfe9-6bfcf78aa3cb] Routing FlowFile[2794,92022400518778.mockFlowFile,24B] to original
[main] DEBUG org.apache.nifi.processors.standard.RouteText - RouteText[id=e191155b-3232-49bd-bfe9-6bfcf78aa3cb] Adding new dynamic property: PropertyDescriptor[simple]
[pool-3721-thread-1] INFO org.apache.nifi.processors.standard.RouteText - RouteText[id=e191155b-3232-49bd-bfe9-6bfcf78aa3cb] Created FlowFile[2797,92022400993945.mockFlowFile,24B] from FlowFile[2796,92022400993945.mockFlowFile,24B]; routing to relationship simple
[pool-3721-thread-1] INFO org.apache.nifi.processors.standard.RouteText - RouteText[id=e191155b-3232-49bd-bfe9-6bfcf78aa3cb] Routing FlowFile[2796,92022400993945.mockFlowFile,24B] to original
[main] DEBUG org.apache.nifi.processors.standard.RouteText - RouteText[id=e191155b-3232-49bd-bfe9-6bfcf78aa3cb] Adding new dynamic property: PropertyDescriptor[simple]
[pool-3722-thread-1] INFO org.apache.nifi.processors.standard.RouteText - RouteText[id=e191155b-3232-49bd-bfe9-6bfcf78aa3cb] Created FlowFile[2799,92022401436263.mockFlowFile,24B] from FlowFile[2798,92022401436263.mockFlowFile,24B]; routing to relationship simple
[pool-3722-thread-1] INFO org.apache.nifi.processors.standard.RouteText - RouteText[id=e191155b-3232-49bd-bfe9-6bfcf78aa3cb] Routing FlowFile[2798,92022401436263.mockFlowFile,24B] to original
[main] DEBUG org.apache.nifi.processors.standard.RouteText - RouteText[id=e191155b-3232-49bd-bfe9-6bfcf78aa3cb] Adding new dynamic property: PropertyDescriptor[simple]
[pool-3723-thread-1] INFO org.apache.nifi.processors.standard.RouteText - RouteText[id=e191155b-3232-49bd-bfe9-6bfcf78aa3cb] Created FlowFile[2801,92022401832225.mockFlowFile,24B] from FlowFile[2800,92022401832225.mockFlowFile,24B]; routing to relationship simple
[pool-3723-thread-1] INFO org.apache.nifi.processors.standard.RouteText - RouteText[id=e191155b-3232-49bd-bfe9-6bfcf78aa3cb] Routing FlowFile[2800,92022401832225.mockFlowFile,24B] to original
[main] DEBUG org.apache.nifi.processors.standard.RouteText - RouteText[id=e191155b-3232-49bd-bfe9-6bfcf78aa3cb] Adding new dynamic property: PropertyDescriptor[simple]
[pool-3724-thread-1] INFO org.apache.nifi.processors.standard.RouteText - RouteText[id=e191155b-3232-49bd-bfe9-6bfcf78aa3cb] Created FlowFile[2803,92022402201617.mockFlowFile,24B] from FlowFile[2802,92022402201617.mockFlowFile,24B]; routing to relationship simple
[pool-3724-thread-1] INFO org.apache.nifi.processors.standard.RouteText - RouteText[id=e191155b-3232-49bd-bfe9-6bfcf78aa3cb] Routing FlowFile[2802,92022402201617.mockFlowFile,24B] to original
[main] DEBUG org.apache.nifi.processors.standard.RouteText - RouteText[id=e191155b-3232-49bd-bfe9-6bfcf78aa3cb] Adding new dynamic property: PropertyDescriptor[simple]
[pool-3725-thread-1] INFO org.apache.nifi.processors.standard.RouteText - RouteText[id=e191155b-3232-49bd-bfe9-6bfcf78aa3cb] Created FlowFile[2805,92022402584569.mockFlowFile,24B] from FlowFile[2804,92022402584569.mockFlowFile,24B]; routing to relationship simple
[pool-3725-thread-1] INFO org.apache.nifi.processors.standard.RouteText - RouteText[id=e191155b-3232-49bd-bfe9-6bfcf78aa3cb] Routing FlowFile[2804,92022402584569.mockFlowFile,24B] to original
[main] DEBUG org.apache.nifi.processors.standard.RouteText - RouteText[id=e191155b-3232-49bd-bfe9-6bfcf78aa3cb] Adding new dynamic property: PropertyDescriptor[simple]
[pool-3726-thread-1] INFO org.apache.nifi.processors.standard.RouteText - RouteText[id=e191155b-3232-49bd-bfe9-6bfcf78aa3cb] Created FlowFile[2807,92022402995301.mockFlowFile,24B] from FlowFile[2806,92022402995301.mockFlowFile,24B]; routing to relationship simple
[pool-3726-thread-1] INFO org.apache.nifi.processors.standard.RouteText - RouteText[id=e191155b-3232-49bd-bfe9-6bfcf78aa3cb] Routing FlowFile[2806,92022402995301.mockFlowFile,24B] to original
[main] DEBUG org.apache.nifi.processors.standard.RouteText - RouteText[id=e191155b-3232-49bd-bfe9-6bfcf78aa3cb] Adding new dynamic property: PropertyDescriptor[simple]
[pool-3727-thread-1] INFO org.apache.nifi.processors.standard.RouteText - RouteText[id=e191155b-3232-49bd-bfe9-6bfcf78aa3cb] Created FlowFile[2809,92022403599797.mockFlowFile,24B] from FlowFile[2808,92022403599797.mockFlowFile,24B]; routing to relationship simple
[pool-3727-thread-1] INFO org.apache.nifi.processors.standard.RouteText - RouteText[id=e191155b-3232-49bd-bfe9-6bfcf78aa3cb] Routing FlowFile[2808,92022403599797.mockFlowFile,24B] to original
[main] DEBUG org.apache.nifi.processors.standard.RouteText - RouteText[id=e191155b-3232-49bd-bfe9-6bfcf78aa3cb] Adding new dynamic property: PropertyDescriptor[simple]
[pool-3728-thread-1] INFO org.apache.nifi.processors.standard.RouteText - RouteText[id=e191155b-3232-49bd-bfe9-6bfcf78aa3cb] Created FlowFile[2811,92022404224899.mockFlowFile,24B] from FlowFile[2810,92022404224899.mockFlowFile,24B]; routing to relationship simple
[pool-3728-thread-1] INFO org.apache.nifi.processors.standard.RouteText - RouteText[id=e191155b-3232-49bd-bfe9-6bfcf78aa3cb] Routing FlowFile[2810,92022404224899.mockFlowFile,24B] to original
[main] DEBUG org.apache.nifi.processors.standard.RouteText - RouteText[id=e191155b-3232-49bd-bfe9-6bfcf78aa3cb] Adding new dynamic property: PropertyDescriptor[simple]
[pool-3729-thread-1] INFO org.apache.nifi.processors.standard.RouteText - RouteText[id=e191155b-3232-49bd-bfe9-6bfcf78aa3cb] Created FlowFile[2813,92022404810091.mockFlowFile,24B] from FlowFile[2812,92022404810091.mockFlowFile,24B]; routing to relationship simple
[pool-3729-thread-1] INFO org.apache.nifi.processors.standard.RouteText - RouteText[id=e191155b-3232-49bd-bfe9-6bfcf78aa3cb] Routing FlowFile[2812,92022404810091.mockFlowFile,24B] to original
[main] DEBUG org.apache.nifi.processors.standard.RouteText - RouteText[id=e191155b-3232-49bd-bfe9-6bfcf78aa3cb] Adding new dynamic property: PropertyDescriptor[simple]
[pool-3730-thread-1] INFO org.apache.nifi.processors.standard.RouteText - RouteText[id=e191155b-3232-49bd-bfe9-6bfcf78aa3cb] Created FlowFile[2815,92022405397160.mockFlowFile,24B] from FlowFile[2814,92022405397160.mockFlowFile,24B]; routing to relationship simple
[pool-3730-thread-1] INFO org.apache.nifi.processors.standard.RouteText - RouteText[id=e191155b-3232-49bd-bfe9-6bfcf78aa3cb] Routing FlowFile[2814,92022405397160.mockFlowFile,24B] to original
[main] DEBUG org.apache.nifi.processors.standard.RouteText - RouteText[id=e191155b-3232-49bd-bfe9-6bfcf78aa3cb] Adding new dynamic property: PropertyDescriptor[simple]
[pool-3731-thread-1] INFO org.apache.nifi.processors.standard.RouteText - RouteText[id=e191155b-3232-49bd-bfe9-6bfcf78aa3cb] Created FlowFile[2817,92022405977510.mockFlowFile,24B] from FlowFile[2816,92022405977510.mockFlowFile,24B]; routing to relationship simple
[pool-3731-thread-1] INFO org.apache.nifi.processors.standard.RouteText - RouteText[id=e191155b-3232-49bd-bfe9-6bfcf78aa3cb] Routing FlowFile[2816,92022405977510.mockFlowFile,24B] to original
[main] DEBUG org.apache.nifi.processors.standard.RouteText - RouteText[id=e191155b-3232-49bd-bfe9-6bfcf78aa3cb] Adding new dynamic property: PropertyDescriptor[simple]
[pool-3732-thread-1] INFO org.apache.nifi.processors.standard.RouteText - RouteText[id=e191155b-3232-49bd-bfe9-6bfcf78aa3cb] Created FlowFile[2819,92022406559702.mockFlowFile,24B] from FlowFile[2818,92022406559702.mockFlowFile,24B]; routing to relationship simple
[pool-3732-thread-1] INFO org.apache.nifi.processors.standard.RouteText - RouteText[id=e191155b-3232-49bd-bfe9-6bfcf78aa3cb] Routing FlowFile[2818,92022406559702.mockFlowFile,24B] to original
[main] DEBUG org.apache.nifi.processors.standard.RouteText - RouteText[id=e191155b-3232-49bd-bfe9-6bfcf78aa3cb] Adding new dynamic property: PropertyDescriptor[simple]
[pool-3733-thread-1] INFO org.apache.nifi.processors.standard.RouteText - RouteText[id=e191155b-3232-49bd-bfe9-6bfcf78aa3cb] Created FlowFile[2821,92022407094022.mockFlowFile,24B] from FlowFile[2820,92022407094022.mockFlowFile,24B]; routing to relationship simple
[pool-3733-thread-1] INFO org.apache.nifi.processors.standard.RouteText - RouteText[id=e191155b-3232-49bd-bfe9-6bfcf78aa3cb] Routing FlowFile[2820,92022407094022.mockFlowFile,24B] to original
[main] DEBUG org.apache.nifi.processors.standard.RouteText - RouteText[id=e191155b-3232-49bd-bfe9-6bfcf78aa3cb] Adding new dynamic property: PropertyDescriptor[simple]
[pool-3734-thread-1] INFO org.apache.nifi.processors.standard.RouteText - RouteText[id=e191155b-3232-49bd-bfe9-6bfcf78aa3cb] Created FlowFile[2823,92022407629928.mockFlowFile,24B] from FlowFile[2822,92022407629928.mockFlowFile,24B]; routing to relationship simple
[pool-3734-thread-1] INFO org.apache.nifi.processors.standard.RouteText - RouteText[id=e191155b-3232-49bd-bfe9-6bfcf78aa3cb] Routing FlowFile[2822,92022407629928.mockFlowFile,24B] to original
[main] DEBUG org.apache.nifi.processors.standard.RouteText - RouteText[id=e191155b-3232-49bd-bfe9-6bfcf78aa3cb] Adding new dynamic property: PropertyDescriptor[simple]
[pool-3735-thread-1] INFO org.apache.nifi.processors.standard.RouteText - RouteText[id=e191155b-3232-49bd-bfe9-6bfcf78aa3cb] Created FlowFile[2825,92022408216747.mockFlowFile,24B] from FlowFile[2824,92022408216747.mockFlowFile,24B]; routing to relationship simple
[pool-3735-thread-1] INFO org.apache.nifi.processors.standard.RouteText - RouteText[id=e191155b-3232-49bd-bfe9-6bfcf78aa3cb] Routing FlowFile[2824,92022408216747.mockFlowFile,24B] to original
[main] DEBUG org.apache.nifi.processors.standard.RouteText - RouteText[id=e191155b-3232-49bd-bfe9-6bfcf78aa3cb] Adding new dynamic property: PropertyDescriptor[simple]
[pool-3736-thread-1] INFO org.apache.nifi.processors.standard.RouteText - RouteText[id=e191155b-3232-49bd-bfe9-6bfcf78aa3cb] Created FlowFile[2827,92022408832756.mockFlowFile,24B] from FlowFile[2826,92022408832756.mockFlowFile,24B]; routing to relationship simple
[pool-3736-thread-1] INFO org.apache.nifi.processors.standard.RouteText - RouteText[id=e191155b-3232-49bd-bfe9-6bfcf78aa3cb] Routing FlowFile[2826,92022408832756.mockFlowFile,24B] to original
[main] DEBUG org.apache.nifi.processors.standard.RouteText - RouteText[id=e191155b-3232-49bd-bfe9-6bfcf78aa3cb] Adding new dynamic property: PropertyDescriptor[simple]
[pool-3737-thread-1] INFO org.apache.nifi.processors.standard.RouteText - RouteText[id=e191155b-3232-49bd-bfe9-6bfcf78aa3cb] Created FlowFile[2829,92022409414627.mockFlowFile,24B] from FlowFile[2828,92022409414627.mockFlowFile,24B]; routing to relationship simple
[pool-3737-thread-1] INFO org.apache.nifi.processors.standard.RouteText - RouteText[id=e191155b-3232-49bd-bfe9-6bfcf78aa3cb] Routing FlowFile[2828,92022409414627.mockFlowFile,24B] to original
[main] DEBUG org.apache.nifi.processors.standard.RouteText - RouteText[id=e191155b-3232-49bd-bfe9-6bfcf78aa3cb] Adding new dynamic property: PropertyDescriptor[simple]
[pool-3738-thread-1] INFO org.apache.nifi.processors.standard.RouteText - RouteText[id=e191155b-3232-49bd-bfe9-6bfcf78aa3cb] Created FlowFile[2831,92022410009625.mockFlowFile,24B] from FlowFile[2830,92022410009625.mockFlowFile,24B]; routing to relationship simple
[pool-3738-thread-1] INFO org.apache.nifi.processors.standard.RouteText - RouteText[id=e191155b-3232-49bd-bfe9-6bfcf78aa3cb] Routing FlowFile[2830,92022410009625.mockFlowFile,24B] to original
[main] DEBUG org.apache.nifi.processors.standard.RouteText - RouteText[id=e191155b-3232-49bd-bfe9-6bfcf78aa3cb] Adding new dynamic property: PropertyDescriptor[simple]
[pool-3739-thread-1] INFO org.apache.nifi.processors.standard.RouteText - RouteText[id=e191155b-3232-49bd-bfe9-6bfcf78aa3cb] Created FlowFile[2833,92022410610384.mockFlowFile,24B] from FlowFile[2832,92022410610384.mockFlowFile,24B]; routing to relationship simple
[pool-3739-thread-1] INFO org.apache.nifi.processors.standard.RouteText - RouteText[id=e191155b-3232-49bd-bfe9-6bfcf78aa3cb] Routing FlowFile[2832,92022410610384.mockFlowFile,24B] to original
[main] DEBUG org.apache.nifi.processors.standard.RouteText - RouteText[id=e191155b-3232-49bd-bfe9-6bfcf78aa3cb] Adding new dynamic property: PropertyDescriptor[simple]
[pool-3740-thread-1] INFO org.apache.nifi.processors.standard.RouteText - RouteText[id=e191155b-3232-49bd-bfe9-6bfcf78aa3cb] Created FlowFile[2835,92022411086813.mockFlowFile,24B] from FlowFile[2834,92022411086813.mockFlowFile,24B]; routing to relationship simple
[pool-3740-thread-1] INFO org.apache.nifi.processors.standard.RouteText - RouteText[id=e191155b-3232-49bd-bfe9-6bfcf78aa3cb] Routing FlowFile[2834,92022411086813.mockFlowFile,24B] to original
[main] DEBUG org.apache.nifi.processors.standard.RouteText - RouteText[id=e191155b-3232-49bd-bfe9-6bfcf78aa3cb] Adding new dynamic property: PropertyDescriptor[simple]
[pool-3741-thread-1] INFO org.apache.nifi.processors.standard.RouteText - RouteText[id=e191155b-3232-49bd-bfe9-6bfcf78aa3cb] Created FlowFile[2837,92022411688775.mockFlowFile,24B] from FlowFile[2836,92022411688775.mockFlowFile,24B]; routing to relationship simple
[pool-3741-thread-1] INFO org.apache.nifi.processors.standard.RouteText - RouteText[id=e191155b-3232-49bd-bfe9-6bfcf78aa3cb] Routing FlowFile[2836,92022411688775.mockFlowFile,24B] to original
[main] DEBUG org.apache.nifi.processors.standard.RouteText - RouteText[id=e191155b-3232-49bd-bfe9-6bfcf78aa3cb] Adding new dynamic property: PropertyDescriptor[simple]
[pool-3742-thread-1] INFO org.apache.nifi.processors.standard.RouteText - RouteText[id=e191155b-3232-49bd-bfe9-6bfcf78aa3cb] Created FlowFile[2839,92022412235363.mockFlowFile,24B] from FlowFile[2838,92022412235363.mockFlowFile,24B]; routing to relationship simple
[pool-3742-thread-1] INFO org.apache.nifi.processors.standard.RouteText - RouteText[id=e191155b-3232-49bd-bfe9-6bfcf78aa3cb] Routing FlowFile[2838,92022412235363.mockFlowFile,24B] to original
[main] DEBUG org.apache.nifi.processors.standard.RouteText - RouteText[id=e191155b-3232-49bd-bfe9-6bfcf78aa3cb] Adding new dynamic property: PropertyDescriptor[simple]
[pool-3743-thread-1] INFO org.apache.nifi.processors.standard.RouteText - RouteText[id=e191155b-3232-49bd-bfe9-6bfcf78aa3cb] Created FlowFile[2841,92022412799732.mockFlowFile,24B] from FlowFile[2840,92022412799732.mockFlowFile,24B]; routing to relationship simple
[pool-3743-thread-1] INFO org.apache.nifi.processors.standard.RouteText - RouteText[id=e191155b-3232-49bd-bfe9-6bfcf78aa3cb] Routing FlowFile[2840,92022412799732.mockFlowFile,24B] to original
[main] DEBUG org.apache.nifi.processors.standard.RouteText - RouteText[id=e191155b-3232-49bd-bfe9-6bfcf78aa3cb] Adding new dynamic property: PropertyDescriptor[simple]
[pool-3744-thread-1] INFO org.apache.nifi.processors.standard.RouteText - RouteText[id=e191155b-3232-49bd-bfe9-6bfcf78aa3cb] Created FlowFile[2843,92022413425182.mockFlowFile,24B] from FlowFile[2842,92022413425182.mockFlowFile,24B]; routing to relationship simple
[pool-3744-thread-1] INFO org.apache.nifi.processors.standard.RouteText - RouteText[id=e191155b-3232-49bd-bfe9-6bfcf78aa3cb] Routing FlowFile[2842,92022413425182.mockFlowFile,24B] to original
[main] DEBUG org.apache.nifi.processors.standard.RouteText - RouteText[id=e191155b-3232-49bd-bfe9-6bfcf78aa3cb] Adding new dynamic property: PropertyDescriptor[simple]
[pool-3745-thread-1] INFO org.apache.nifi.processors.standard.RouteText - RouteText[id=e191155b-3232-49bd-bfe9-6bfcf78aa3cb] Created FlowFile[2845,92022414023002.mockFlowFile,24B] from FlowFile[2844,92022414023002.mockFlowFile,24B]; routing to relationship simple
[pool-3745-thread-1] INFO org.apache.nifi.processors.standard.RouteText - RouteText[id=e191155b-3232-49bd-bfe9-6bfcf78aa3cb] Routing FlowFile[2844,92022414023002.mockFlowFile,24B] to original
[main] DEBUG org.apache.nifi.processors.standard.RouteText - RouteText[id=e191155b-3232-49bd-bfe9-6bfcf78aa3cb] Adding new dynamic property: PropertyDescriptor[simple]
[pool-3746-thread-1] INFO org.apache.nifi.processors.standard.RouteText - RouteText[id=e191155b-3232-49bd-bfe9-6bfcf78aa3cb] Created FlowFile[2847,92022414487150.mockFlowFile,24B] from FlowFile[2846,92022414487150.mockFlowFile,24B]; routing to relationship simple
[pool-3746-thread-1] INFO org.apache.nifi.processors.standard.RouteText - RouteText[id=e191155b-3232-49bd-bfe9-6bfcf78aa3cb] Routing FlowFile[2846,92022414487150.mockFlowFile,24B] to original
[main] DEBUG org.apache.nifi.processors.standard.RouteText - RouteText[id=e191155b-3232-49bd-bfe9-6bfcf78aa3cb] Adding new dynamic property: PropertyDescriptor[simple]
[pool-3747-thread-1] INFO org.apache.nifi.processors.standard.RouteText - RouteText[id=e191155b-3232-49bd-bfe9-6bfcf78aa3cb] Created FlowFile[2849,92022415052235.mockFlowFile,24B] from FlowFile[2848,92022415052235.mockFlowFile,24B]; routing to relationship simple
[pool-3747-thread-1] INFO org.apache.nifi.processors.standard.RouteText - RouteText[id=e191155b-3232-49bd-bfe9-6bfcf78aa3cb] Routing FlowFile[2848,92022415052235.mockFlowFile,24B] to original
[main] DEBUG org.apache.nifi.processors.standard.RouteText - RouteText[id=e191155b-3232-49bd-bfe9-6bfcf78aa3cb] Adding new dynamic property: PropertyDescriptor[simple]
[pool-3748-thread-1] INFO org.apache.nifi.processors.standard.RouteText - RouteText[id=e191155b-3232-49bd-bfe9-6bfcf78aa3cb] Created FlowFile[2851,92022415589774.mockFlowFile,24B] from FlowFile[2850,92022415589774.mockFlowFile,24B]; routing to relationship simple
[pool-3748-thread-1] INFO org.apache.nifi.processors.standard.RouteText - RouteText[id=e191155b-3232-49bd-bfe9-6bfcf78aa3cb] Routing FlowFile[2850,92022415589774.mockFlowFile,24B] to original
[main] DEBUG org.apache.nifi.processors.standard.RouteText - RouteText[id=e191155b-3232-49bd-bfe9-6bfcf78aa3cb] Adding new dynamic property: PropertyDescriptor[simple]
[pool-3749-thread-1] INFO org.apache.nifi.processors.standard.RouteText - RouteText[id=e191155b-3232-49bd-bfe9-6bfcf78aa3cb] Created FlowFile[2853,92022416143706.mockFlowFile,24B] from FlowFile[2852,92022416143706.mockFlowFile,24B]; routing to relationship simple
[pool-3749-thread-1] INFO org.apache.nifi.processors.standard.RouteText - RouteText[id=e191155b-3232-49bd-bfe9-6bfcf78aa3cb] Routing FlowFile[2852,92022416143706.mockFlowFile,24B] to original
[main] DEBUG org.apache.nifi.processors.standard.RouteText - RouteText[id=e191155b-3232-49bd-bfe9-6bfcf78aa3cb] Adding new dynamic property: PropertyDescriptor[simple]
[pool-3750-thread-1] INFO org.apache.nifi.processors.standard.RouteText - RouteText[id=e191155b-3232-49bd-bfe9-6bfcf78aa3cb] Created FlowFile[2855,92022416800731.mockFlowFile,24B] from FlowFile[2854,92022416800731.mockFlowFile,24B]; routing to relationship simple
[pool-3750-thread-1] INFO org.apache.nifi.processors.standard.RouteText - RouteText[id=e191155b-3232-49bd-bfe9-6bfcf78aa3cb] Routing FlowFile[2854,92022416800731.mockFlowFile,24B] to original
[main] DEBUG org.apache.nifi.processors.standard.RouteText - RouteText[id=e191155b-3232-49bd-bfe9-6bfcf78aa3cb] Adding new dynamic property: PropertyDescriptor[simple]
[pool-3751-thread-1] INFO org.apache.nifi.processors.standard.RouteText - RouteText[id=e191155b-3232-49bd-bfe9-6bfcf78aa3cb] Created FlowFile[2857,92022417393959.mockFlowFile,24B] from FlowFile[2856,92022417393959.mockFlowFile,24B]; routing to relationship simple
[pool-3751-thread-1] INFO org.apache.nifi.processors.standard.RouteText - RouteText[id=e191155b-3232-49bd-bfe9-6bfcf78aa3cb] Routing FlowFile[2856,92022417393959.mockFlowFile,24B] to original
[main] DEBUG org.apache.nifi.processors.standard.RouteText - RouteText[id=e191155b-3232-49bd-bfe9-6bfcf78aa3cb] Adding new dynamic property: PropertyDescriptor[simple]
[pool-3752-thread-1] INFO org.apache.nifi.processors.standard.RouteText - RouteText[id=e191155b-3232-49bd-bfe9-6bfcf78aa3cb] Created FlowFile[2859,92022417967151.mockFlowFile,24B] from FlowFile[2858,92022417967151.mockFlowFile,24B]; routing to relationship simple
[pool-3752-thread-1] INFO org.apache.nifi.processors.standard.RouteText - RouteText[id=e191155b-3232-49bd-bfe9-6bfcf78aa3cb] Routing FlowFile[2858,92022417967151.mockFlowFile,24B] to original
[main] DEBUG org.apache.nifi.processors.standard.RouteText - RouteText[id=e191155b-3232-49bd-bfe9-6bfcf78aa3cb] Adding new dynamic property: PropertyDescriptor[simple]
[pool-3753-thread-1] INFO org.apache.nifi.processors.standard.RouteText - RouteText[id=e191155b-3232-49bd-bfe9-6bfcf78aa3cb] Created FlowFile[2861,92022418533579.mockFlowFile,24B] from FlowFile[2860,92022418533579.mockFlowFile,24B]; routing to relationship simple
[pool-3753-thread-1] INFO org.apache.nifi.processors.standard.RouteText - RouteText[id=e191155b-3232-49bd-bfe9-6bfcf78aa3cb] Routing FlowFile[2860,92022418533579.mockFlowFile,24B] to original
[main] DEBUG org.apache.nifi.processors.standard.RouteText - RouteText[id=e191155b-3232-49bd-bfe9-6bfcf78aa3cb] Adding new dynamic property: PropertyDescriptor[simple]
[pool-3754-thread-1] INFO org.apache.nifi.processors.standard.RouteText - RouteText[id=e191155b-3232-49bd-bfe9-6bfcf78aa3cb] Created FlowFile[2863,92022418993020.mockFlowFile,24B] from FlowFile[2862,92022418993020.mockFlowFile,24B]; routing to relationship simple
[pool-3754-thread-1] INFO org.apache.nifi.processors.standard.RouteText - RouteText[id=e191155b-3232-49bd-bfe9-6bfcf78aa3cb] Routing FlowFile[2862,92022418993020.mockFlowFile,24B] to original
[main] DEBUG org.apache.nifi.processors.standard.RouteText - RouteText[id=e191155b-3232-49bd-bfe9-6bfcf78aa3cb] Adding new dynamic property: PropertyDescriptor[simple]
[pool-3755-thread-1] INFO org.apache.nifi.processors.standard.RouteText - RouteText[id=e191155b-3232-49bd-bfe9-6bfcf78aa3cb] Created FlowFile[2865,92022419597223.mockFlowFile,24B] from FlowFile[2864,92022419597223.mockFlowFile,24B]; routing to relationship simple
[pool-3755-thread-1] INFO org.apache.nifi.processors.standard.RouteText - RouteText[id=e191155b-3232-49bd-bfe9-6bfcf78aa3cb] Routing FlowFile[2864,92022419597223.mockFlowFile,24B] to original
[main] DEBUG org.apache.nifi.processors.standard.RouteText - RouteText[id=e191155b-3232-49bd-bfe9-6bfcf78aa3cb] Adding new dynamic property: PropertyDescriptor[simple]
[pool-3756-thread-1] INFO org.apache.nifi.processors.standard.RouteText - RouteText[id=e191155b-3232-49bd-bfe9-6bfcf78aa3cb] Created FlowFile[2867,92022420282297.mockFlowFile,24B] from FlowFile[2866,92022420282297.mockFlowFile,24B]; routing to relationship simple
[pool-3756-thread-1] INFO org.apache.nifi.processors.standard.RouteText - RouteText[id=e191155b-3232-49bd-bfe9-6bfcf78aa3cb] Routing FlowFile[2866,92022420282297.mockFlowFile,24B] to original
[main] DEBUG org.apache.nifi.processors.standard.RouteText - RouteText[id=e191155b-3232-49bd-bfe9-6bfcf78aa3cb] Adding new dynamic property: PropertyDescriptor[simple]
[pool-3757-thread-1] INFO org.apache.nifi.processors.standard.RouteText - RouteText[id=e191155b-3232-49bd-bfe9-6bfcf78aa3cb] Created FlowFile[2869,92022420923888.mockFlowFile,24B] from FlowFile[2868,92022420923888.mockFlowFile,24B]; routing to relationship simple
[pool-3757-thread-1] INFO org.apache.nifi.processors.standard.RouteText - RouteText[id=e191155b-3232-49bd-bfe9-6bfcf78aa3cb] Routing FlowFile[2868,92022420923888.mockFlowFile,24B] to original
[main] DEBUG org.apache.nifi.processors.standard.RouteText - RouteText[id=e191155b-3232-49bd-bfe9-6bfcf78aa3cb] Adding new dynamic property: PropertyDescriptor[simple]
[pool-3758-thread-1] INFO org.apache.nifi.processors.standard.RouteText - RouteText[id=e191155b-3232-49bd-bfe9-6bfcf78aa3cb] Created FlowFile[2871,92022421514298.mockFlowFile,24B] from FlowFile[2870,92022421514298.mockFlowFile,24B]; routing to relationship simple
[pool-3758-thread-1] INFO org.apache.nifi.processors.standard.RouteText - RouteText[id=e191155b-3232-49bd-bfe9-6bfcf78aa3cb] Routing FlowFile[2870,92022421514298.mockFlowFile,24B] to original
[main] DEBUG org.apache.nifi.processors.standard.RouteText - RouteText[id=e191155b-3232-49bd-bfe9-6bfcf78aa3cb] Adding new dynamic property: PropertyDescriptor[simple]
[pool-3759-thread-1] INFO org.apache.nifi.processors.standard.RouteText - RouteText[id=e191155b-3232-49bd-bfe9-6bfcf78aa3cb] Created FlowFile[2873,92022422083935.mockFlowFile,24B] from FlowFile[2872,92022422083935.mockFlowFile,24B]; routing to relationship simple
[pool-3759-thread-1] INFO org.apache.nifi.processors.standard.RouteText - RouteText[id=e191155b-3232-49bd-bfe9-6bfcf78aa3cb] Routing FlowFile[2872,92022422083935.mockFlowFile,24B] to original
[main] DEBUG org.apache.nifi.processors.standard.RouteText - RouteText[id=e191155b-3232-49bd-bfe9-6bfcf78aa3cb] Adding new dynamic property: PropertyDescriptor[simple]
[pool-3760-thread-1] INFO org.apache.nifi.processors.standard.RouteText - RouteText[id=e191155b-3232-49bd-bfe9-6bfcf78aa3cb] Created FlowFile[2875,92022422566573.mockFlowFile,24B] from FlowFile[2874,92022422566573.mockFlowFile,24B]; routing to relationship simple
[pool-3760-thread-1] INFO org.apache.nifi.processors.standard.RouteText - RouteText[id=e191155b-3232-49bd-bfe9-6bfcf78aa3cb] Routing FlowFile[2874,92022422566573.mockFlowFile,24B] to original
[main] DEBUG org.apache.nifi.processors.standard.RouteText - RouteText[id=e191155b-3232-49bd-bfe9-6bfcf78aa3cb] Adding new dynamic property: PropertyDescriptor[simple]
[pool-3761-thread-1] INFO org.apache.nifi.processors.standard.RouteText - RouteText[id=e191155b-3232-49bd-bfe9-6bfcf78aa3cb] Created FlowFile[2877,92022423021788.mockFlowFile,24B] from FlowFile[2876,92022423021788.mockFlowFile,24B]; routing to relationship simple
[pool-3761-thread-1] INFO org.apache.nifi.processors.standard.RouteText - RouteText[id=e191155b-3232-49bd-bfe9-6bfcf78aa3cb] Routing FlowFile[2876,92022423021788.mockFlowFile,24B] to original
[main] DEBUG org.apache.nifi.processors.standard.RouteText - RouteText[id=e191155b-3232-49bd-bfe9-6bfcf78aa3cb] Adding new dynamic property: PropertyDescriptor[simple]
[pool-3762-thread-1] INFO org.apache.nifi.processors.standard.RouteText - RouteText[id=e191155b-3232-49bd-bfe9-6bfcf78aa3cb] Created FlowFile[2879,92022423625183.mockFlowFile,24B] from FlowFile[2878,92022423625183.mockFlowFile,24B]; routing to relationship simple
[pool-3762-thread-1] INFO org.apache.nifi.processors.standard.RouteText - RouteText[id=e191155b-3232-49bd-bfe9-6bfcf78aa3cb] Routing FlowFile[2878,92022423625183.mockFlowFile,24B] to original
[main] DEBUG org.apache.nifi.processors.standard.RouteText - RouteText[id=e191155b-3232-49bd-bfe9-6bfcf78aa3cb] Adding new dynamic property: PropertyDescriptor[simple]
[pool-3763-thread-1] INFO org.apache.nifi.processors.standard.RouteText - RouteText[id=e191155b-3232-49bd-bfe9-6bfcf78aa3cb] Created FlowFile[2881,92022424138117.mockFlowFile,24B] from FlowFile[2880,92022424138117.mockFlowFile,24B]; routing to relationship simple
[pool-3763-thread-1] INFO org.apache.nifi.processors.standard.RouteText - RouteText[id=e191155b-3232-49bd-bfe9-6bfcf78aa3cb] Routing FlowFile[2880,92022424138117.mockFlowFile,24B] to original
[main] DEBUG org.apache.nifi.processors.standard.RouteText - RouteText[id=e191155b-3232-49bd-bfe9-6bfcf78aa3cb] Adding new dynamic property: PropertyDescriptor[simple]
[pool-3764-thread-1] INFO org.apache.nifi.processors.standard.RouteText - RouteText[id=e191155b-3232-49bd-bfe9-6bfcf78aa3cb] Created FlowFile[2883,92022424771448.mockFlowFile,24B] from FlowFile[2882,92022424771448.mockFlowFile,24B]; routing to relationship simple
[pool-3764-thread-1] INFO org.apache.nifi.processors.standard.RouteText - RouteText[id=e191155b-3232-49bd-bfe9-6bfcf78aa3cb] Routing FlowFile[2882,92022424771448.mockFlowFile,24B] to original
[main] DEBUG org.apache.nifi.processors.standard.RouteText - RouteText[id=e191155b-3232-49bd-bfe9-6bfcf78aa3cb] Adding new dynamic property: PropertyDescriptor[simple]
[pool-3765-thread-1] INFO org.apache.nifi.processors.standard.RouteText - RouteText[id=e191155b-3232-49bd-bfe9-6bfcf78aa3cb] Created FlowFile[2885,92022425381543.mockFlowFile,24B] from FlowFile[2884,92022425381543.mockFlowFile,24B]; routing to relationship simple
[pool-3765-thread-1] INFO org.apache.nifi.processors.standard.RouteText - RouteText[id=e191155b-3232-49bd-bfe9-6bfcf78aa3cb] Routing FlowFile[2884,92022425381543.mockFlowFile,24B] to original
[main] DEBUG org.apache.nifi.processors.standard.RouteText - RouteText[id=e191155b-3232-49bd-bfe9-6bfcf78aa3cb] Adding new dynamic property: PropertyDescriptor[simple]
[pool-3766-thread-1] INFO org.apache.nifi.processors.standard.RouteText - RouteText[id=e191155b-3232-49bd-bfe9-6bfcf78aa3cb] Created FlowFile[2887,92022425955259.mockFlowFile,24B] from FlowFile[2886,92022425955259.mockFlowFile,24B]; routing to relationship simple
[pool-3766-thread-1] INFO org.apache.nifi.processors.standard.RouteText - RouteText[id=e191155b-3232-49bd-bfe9-6bfcf78aa3cb] Routing FlowFile[2886,92022425955259.mockFlowFile,24B] to original
[main] DEBUG org.apache.nifi.processors.standard.RouteText - RouteText[id=e191155b-3232-49bd-bfe9-6bfcf78aa3cb] Adding new dynamic property: PropertyDescriptor[simple]
[pool-3767-thread-1] INFO org.apache.nifi.processors.standard.RouteText - RouteText[id=e191155b-3232-49bd-bfe9-6bfcf78aa3cb] Created FlowFile[2889,92022426503002.mockFlowFile,24B] from FlowFile[2888,92022426503002.mockFlowFile,24B]; routing to relationship simple
[pool-3767-thread-1] INFO org.apache.nifi.processors.standard.RouteText - RouteText[id=e191155b-3232-49bd-bfe9-6bfcf78aa3cb] Routing FlowFile[2888,92022426503002.mockFlowFile,24B] to original
[main] DEBUG org.apache.nifi.processors.standard.RouteText - RouteText[id=e191155b-3232-49bd-bfe9-6bfcf78aa3cb] Adding new dynamic property: PropertyDescriptor[simple]
[pool-3768-thread-1] INFO org.apache.nifi.processors.standard.RouteText - RouteText[id=e191155b-3232-49bd-bfe9-6bfcf78aa3cb] Created FlowFile[2891,92022426965474.mockFlowFile,24B] from FlowFile[2890,92022426965474.mockFlowFile,24B]; routing to relationship simple
[pool-3768-thread-1] INFO org.apache.nifi.processors.standard.RouteText - RouteText[id=e191155b-3232-49bd-bfe9-6bfcf78aa3cb] Routing FlowFile[2890,92022426965474.mockFlowFile,24B] to original
[main] DEBUG org.apache.nifi.processors.standard.RouteText - RouteText[id=e191155b-3232-49bd-bfe9-6bfcf78aa3cb] Adding new dynamic property: PropertyDescriptor[simple]
[pool-3769-thread-1] INFO org.apache.nifi.processors.standard.RouteText - RouteText[id=e191155b-3232-49bd-bfe9-6bfcf78aa3cb] Created FlowFile[2893,92022427510936.mockFlowFile,24B] from FlowFile[2892,92022427510936.mockFlowFile,24B]; routing to relationship simple
[pool-3769-thread-1] INFO org.apache.nifi.processors.standard.RouteText - RouteText[id=e191155b-3232-49bd-bfe9-6bfcf78aa3cb] Routing FlowFile[2892,92022427510936.mockFlowFile,24B] to original
[main] DEBUG org.apache.nifi.processors.standard.RouteText - RouteText[id=e191155b-3232-49bd-bfe9-6bfcf78aa3cb] Adding new dynamic property: PropertyDescriptor[simple]
[pool-3770-thread-1] INFO org.apache.nifi.processors.standard.RouteText - RouteText[id=e191155b-3232-49bd-bfe9-6bfcf78aa3cb] Created FlowFile[2895,92022428083448.mockFlowFile,24B] from FlowFile[2894,92022428083448.mockFlowFile,24B]; routing to relationship simple
[pool-3770-thread-1] INFO org.apache.nifi.processors.standard.RouteText - RouteText[id=e191155b-3232-49bd-bfe9-6bfcf78aa3cb] Routing FlowFile[2894,92022428083448.mockFlowFile,24B] to original
[main] DEBUG org.apache.nifi.processors.standard.RouteText - RouteText[id=e191155b-3232-49bd-bfe9-6bfcf78aa3cb] Adding new dynamic property: PropertyDescriptor[simple]
[pool-3771-thread-1] INFO org.apache.nifi.processors.standard.RouteText - RouteText[id=e191155b-3232-49bd-bfe9-6bfcf78aa3cb] Created FlowFile[2897,92022428763954.mockFlowFile,24B] from FlowFile[2896,92022428763954.mockFlowFile,24B]; routing to relationship simple
[pool-3771-thread-1] INFO org.apache.nifi.processors.standard.RouteText - RouteText[id=e191155b-3232-49bd-bfe9-6bfcf78aa3cb] Routing FlowFile[2896,92022428763954.mockFlowFile,24B] to original
[main] DEBUG org.apache.nifi.processors.standard.RouteText - RouteText[id=e191155b-3232-49bd-bfe9-6bfcf78aa3cb] Adding new dynamic property: PropertyDescriptor[simple]
[pool-3772-thread-1] INFO org.apache.nifi.processors.standard.RouteText - RouteText[id=e191155b-3232-49bd-bfe9-6bfcf78aa3cb] Created FlowFile[2899,92022429347135.mockFlowFile,24B] from FlowFile[2898,92022429347135.mockFlowFile,24B]; routing to relationship simple
[pool-3772-thread-1] INFO org.apache.nifi.processors.standard.RouteText - RouteText[id=e191155b-3232-49bd-bfe9-6bfcf78aa3cb] Routing FlowFile[2898,92022429347135.mockFlowFile,24B] to original
[main] DEBUG org.apache.nifi.processors.standard.RouteText - RouteText[id=e191155b-3232-49bd-bfe9-6bfcf78aa3cb] Adding new dynamic property: PropertyDescriptor[simple]
[pool-3773-thread-1] INFO org.apache.nifi.processors.standard.RouteText - RouteText[id=e191155b-3232-49bd-bfe9-6bfcf78aa3cb] Created FlowFile[2901,92022429900616.mockFlowFile,24B] from FlowFile[2900,92022429900616.mockFlowFile,24B]; routing to relationship simple
[pool-3773-thread-1] INFO org.apache.nifi.processors.standard.RouteText - RouteText[id=e191155b-3232-49bd-bfe9-6bfcf78aa3cb] Routing FlowFile[2900,92022429900616.mockFlowFile,24B] to original
[main] DEBUG org.apache.nifi.processors.standard.RouteText - RouteText[id=e191155b-3232-49bd-bfe9-6bfcf78aa3cb] Adding new dynamic property: PropertyDescriptor[simple]
[pool-3774-thread-1] INFO org.apache.nifi.processors.standard.RouteText - RouteText[id=e191155b-3232-49bd-bfe9-6bfcf78aa3cb] Created FlowFile[2903,92022430378245.mockFlowFile,24B] from FlowFile[2902,92022430378245.mockFlowFile,24B]; routing to relationship simple
[pool-3774-thread-1] INFO org.apache.nifi.processors.standard.RouteText - RouteText[id=e191155b-3232-49bd-bfe9-6bfcf78aa3cb] Routing FlowFile[2902,92022430378245.mockFlowFile,24B] to original
[main] DEBUG org.apache.nifi.processors.standard.RouteText - RouteText[id=e191155b-3232-49bd-bfe9-6bfcf78aa3cb] Adding new dynamic property: PropertyDescriptor[simple]
[pool-3775-thread-1] INFO org.apache.nifi.processors.standard.RouteText - RouteText[id=e191155b-3232-49bd-bfe9-6bfcf78aa3cb] Created FlowFile[2905,92022430903086.mockFlowFile,24B] from FlowFile[2904,92022430903086.mockFlowFile,24B]; routing to relationship simple
[pool-3775-thread-1] INFO org.apache.nifi.processors.standard.RouteText - RouteText[id=e191155b-3232-49bd-bfe9-6bfcf78aa3cb] Routing FlowFile[2904,92022430903086.mockFlowFile,24B] to original
[main] DEBUG org.apache.nifi.processors.standard.RouteText - RouteText[id=e191155b-3232-49bd-bfe9-6bfcf78aa3cb] Adding new dynamic property: PropertyDescriptor[simple]
[pool-3776-thread-1] INFO org.apache.nifi.processors.standard.RouteText - RouteText[id=e191155b-3232-49bd-bfe9-6bfcf78aa3cb] Created FlowFile[2907,92022431479390.mockFlowFile,24B] from FlowFile[2906,92022431479390.mockFlowFile,24B]; routing to relationship simple
[pool-3776-thread-1] INFO org.apache.nifi.processors.standard.RouteText - RouteText[id=e191155b-3232-49bd-bfe9-6bfcf78aa3cb] Routing FlowFile[2906,92022431479390.mockFlowFile,24B] to original
[main] DEBUG org.apache.nifi.processors.standard.RouteText - RouteText[id=e191155b-3232-49bd-bfe9-6bfcf78aa3cb] Adding new dynamic property: PropertyDescriptor[simple]
[pool-3777-thread-1] INFO org.apache.nifi.processors.standard.RouteText - RouteText[id=e191155b-3232-49bd-bfe9-6bfcf78aa3cb] Created FlowFile[2909,92022432014708.mockFlowFile,24B] from FlowFile[2908,92022432014708.mockFlowFile,24B]; routing to relationship simple
[pool-3777-thread-1] INFO org.apache.nifi.processors.standard.RouteText - RouteText[id=e191155b-3232-49bd-bfe9-6bfcf78aa3cb] Routing FlowFile[2908,92022432014708.mockFlowFile,24B] to original
[main] DEBUG org.apache.nifi.processors.standard.RouteText - RouteText[id=e191155b-3232-49bd-bfe9-6bfcf78aa3cb] Adding new dynamic property: PropertyDescriptor[simple]
[pool-3778-thread-1] INFO org.apache.nifi.processors.standard.RouteText - RouteText[id=e191155b-3232-49bd-bfe9-6bfcf78aa3cb] Created FlowFile[2911,92022432607963.mockFlowFile,24B] from FlowFile[2910,92022432607963.mockFlowFile,24B]; routing to relationship simple
[pool-3778-thread-1] INFO org.apache.nifi.processors.standard.RouteText - RouteText[id=e191155b-3232-49bd-bfe9-6bfcf78aa3cb] Routing FlowFile[2910,92022432607963.mockFlowFile,24B] to original
[main] DEBUG org.apache.nifi.processors.standard.RouteText - RouteText[id=e191155b-3232-49bd-bfe9-6bfcf78aa3cb] Adding new dynamic property: PropertyDescriptor[simple]
[pool-3779-thread-1] INFO org.apache.nifi.processors.standard.RouteText - RouteText[id=e191155b-3232-49bd-bfe9-6bfcf78aa3cb] Created FlowFile[2913,92022433172154.mockFlowFile,24B] from FlowFile[2912,92022433172154.mockFlowFile,24B]; routing to relationship simple
[pool-3779-thread-1] INFO org.apache.nifi.processors.standard.RouteText - RouteText[id=e191155b-3232-49bd-bfe9-6bfcf78aa3cb] Routing FlowFile[2912,92022433172154.mockFlowFile,24B] to original
[main] DEBUG org.apache.nifi.processors.standard.RouteText - RouteText[id=e191155b-3232-49bd-bfe9-6bfcf78aa3cb] Adding new dynamic property: PropertyDescriptor[simple]
[pool-3780-thread-1] INFO org.apache.nifi.processors.standard.RouteText - RouteText[id=e191155b-3232-49bd-bfe9-6bfcf78aa3cb] Created FlowFile[2915,92022433742615.mockFlowFile,24B] from FlowFile[2914,92022433742615.mockFlowFile,24B]; routing to relationship simple
[pool-3780-thread-1] INFO org.apache.nifi.processors.standard.RouteText - RouteText[id=e191155b-3232-49bd-bfe9-6bfcf78aa3cb] Routing FlowFile[2914,92022433742615.mockFlowFile,24B] to original
[main] DEBUG org.apache.nifi.processors.standard.RouteText - RouteText[id=e191155b-3232-49bd-bfe9-6bfcf78aa3cb] Adding new dynamic property: PropertyDescriptor[simple]
[pool-3781-thread-1] INFO org.apache.nifi.processors.standard.RouteText - RouteText[id=e191155b-3232-49bd-bfe9-6bfcf78aa3cb] Created FlowFile[2917,92022434277081.mockFlowFile,24B] from FlowFile[2916,92022434277081.mockFlowFile,24B]; routing to relationship simple
[pool-3781-thread-1] INFO org.apache.nifi.processors.standard.RouteText - RouteText[id=e191155b-3232-49bd-bfe9-6bfcf78aa3cb] Routing FlowFile[2916,92022434277081.mockFlowFile,24B] to original
[main] DEBUG org.apache.nifi.processors.standard.RouteText - RouteText[id=e191155b-3232-49bd-bfe9-6bfcf78aa3cb] Adding new dynamic property: PropertyDescriptor[simple]
[pool-3782-thread-1] INFO org.apache.nifi.processors.standard.RouteText - RouteText[id=e191155b-3232-49bd-bfe9-6bfcf78aa3cb] Created FlowFile[2919,92022434854258.mockFlowFile,24B] from FlowFile[2918,92022434854258.mockFlowFile,24B]; routing to relationship simple
[pool-3782-thread-1] INFO org.apache.nifi.processors.standard.RouteText - RouteText[id=e191155b-3232-49bd-bfe9-6bfcf78aa3cb] Routing FlowFile[2918,92022434854258.mockFlowFile,24B] to original
[main] DEBUG org.apache.nifi.processors.standard.RouteText - RouteText[id=e191155b-3232-49bd-bfe9-6bfcf78aa3cb] Adding new dynamic property: PropertyDescriptor[simple]
[pool-3783-thread-1] INFO org.apache.nifi.processors.standard.RouteText - RouteText[id=e191155b-3232-49bd-bfe9-6bfcf78aa3cb] Created FlowFile[2921,92022435393502.mockFlowFile,24B] from FlowFile[2920,92022435393502.mockFlowFile,24B]; routing to relationship simple
[pool-3783-thread-1] INFO org.apache.nifi.processors.standard.RouteText - RouteText[id=e191155b-3232-49bd-bfe9-6bfcf78aa3cb] Routing FlowFile[2920,92022435393502.mockFlowFile,24B] to original
[main] DEBUG org.apache.nifi.processors.standard.RouteText - RouteText[id=e191155b-3232-49bd-bfe9-6bfcf78aa3cb] Adding new dynamic property: PropertyDescriptor[simple]
[pool-3784-thread-1] INFO org.apache.nifi.processors.standard.RouteText - RouteText[id=e191155b-3232-49bd-bfe9-6bfcf78aa3cb] Created FlowFile[2923,92022435868412.mockFlowFile,24B] from FlowFile[2922,92022435868412.mockFlowFile,24B]; routing to relationship simple
[pool-3784-thread-1] INFO org.apache.nifi.processors.standard.RouteText - RouteText[id=e191155b-3232-49bd-bfe9-6bfcf78aa3cb] Routing FlowFile[2922,92022435868412.mockFlowFile,24B] to original
[main] DEBUG org.apache.nifi.processors.standard.RouteText - RouteText[id=e191155b-3232-49bd-bfe9-6bfcf78aa3cb] Adding new dynamic property: PropertyDescriptor[simple]
[pool-3785-thread-1] INFO org.apache.nifi.processors.standard.RouteText - RouteText[id=e191155b-3232-49bd-bfe9-6bfcf78aa3cb] Created FlowFile[2925,92022436373274.mockFlowFile,24B] from FlowFile[2924,92022436373274.mockFlowFile,24B]; routing to relationship simple
[pool-3785-thread-1] INFO org.apache.nifi.processors.standard.RouteText - RouteText[id=e191155b-3232-49bd-bfe9-6bfcf78aa3cb] Routing FlowFile[2924,92022436373274.mockFlowFile,24B] to original
[main] DEBUG org.apache.nifi.processors.standard.RouteText - RouteText[id=e191155b-3232-49bd-bfe9-6bfcf78aa3cb] Adding new dynamic property: PropertyDescriptor[simple]
[pool-3786-thread-1] INFO org.apache.nifi.processors.standard.RouteText - RouteText[id=e191155b-3232-49bd-bfe9-6bfcf78aa3cb] Created FlowFile[2927,92022436825979.mockFlowFile,24B] from FlowFile[2926,92022436825979.mockFlowFile,24B]; routing to relationship simple
[pool-3786-thread-1] INFO org.apache.nifi.processors.standard.RouteText - RouteText[id=e191155b-3232-49bd-bfe9-6bfcf78aa3cb] Routing FlowFile[2926,92022436825979.mockFlowFile,24B] to original
[main] DEBUG org.apache.nifi.processors.standard.RouteText - RouteText[id=e191155b-3232-49bd-bfe9-6bfcf78aa3cb] Adding new dynamic property: PropertyDescriptor[simple]
[pool-3787-thread-1] INFO org.apache.nifi.processors.standard.RouteText - RouteText[id=e191155b-3232-49bd-bfe9-6bfcf78aa3cb] Created FlowFile[2929,92022437265495.mockFlowFile,24B] from FlowFile[2928,92022437265495.mockFlowFile,24B]; routing to relationship simple
[pool-3787-thread-1] INFO org.apache.nifi.processors.standard.RouteText - RouteText[id=e191155b-3232-49bd-bfe9-6bfcf78aa3cb] Routing FlowFile[2928,92022437265495.mockFlowFile,24B] to original
[main] DEBUG org.apache.nifi.processors.standard.RouteText - RouteText[id=e191155b-3232-49bd-bfe9-6bfcf78aa3cb] Adding new dynamic property: PropertyDescriptor[simple]
[pool-3788-thread-1] INFO org.apache.nifi.processors.standard.RouteText - RouteText[id=e191155b-3232-49bd-bfe9-6bfcf78aa3cb] Created FlowFile[2931,92022437687584.mockFlowFile,24B] from FlowFile[2930,92022437687584.mockFlowFile,24B]; routing to relationship simple
[pool-3788-thread-1] INFO org.apache.nifi.processors.standard.RouteText - RouteText[id=e191155b-3232-49bd-bfe9-6bfcf78aa3cb] Routing FlowFile[2930,92022437687584.mockFlowFile,24B] to original
[main] DEBUG org.apache.nifi.processors.standard.RouteText - RouteText[id=e191155b-3232-49bd-bfe9-6bfcf78aa3cb] Adding new dynamic property: PropertyDescriptor[simple]
[pool-3789-thread-1] INFO org.apache.nifi.processors.standard.RouteText - RouteText[id=e191155b-3232-49bd-bfe9-6bfcf78aa3cb] Created FlowFile[2933,92022438104826.mockFlowFile,24B] from FlowFile[2932,92022438104826.mockFlowFile,24B]; routing to relationship simple
[pool-3789-thread-1] INFO org.apache.nifi.processors.standard.RouteText - RouteText[id=e191155b-3232-49bd-bfe9-6bfcf78aa3cb] Routing FlowFile[2932,92022438104826.mockFlowFile,24B] to original
[main] DEBUG org.apache.nifi.processors.standard.RouteText - RouteText[id=e191155b-3232-49bd-bfe9-6bfcf78aa3cb] Adding new dynamic property: PropertyDescriptor[simple]
[pool-3790-thread-1] INFO org.apache.nifi.processors.standard.RouteText - RouteText[id=e191155b-3232-49bd-bfe9-6bfcf78aa3cb] Created FlowFile[2935,92022438526697.mockFlowFile,24B] from FlowFile[2934,92022438526697.mockFlowFile,24B]; routing to relationship simple
[pool-3790-thread-1] INFO org.apache.nifi.processors.standard.RouteText - RouteText[id=e191155b-3232-49bd-bfe9-6bfcf78aa3cb] Routing FlowFile[2934,92022438526697.mockFlowFile,24B] to original
[main] DEBUG org.apache.nifi.processors.standard.RouteText - RouteText[id=e191155b-3232-49bd-bfe9-6bfcf78aa3cb] Adding new dynamic property: PropertyDescriptor[simple]
[pool-3791-thread-1] INFO org.apache.nifi.processors.standard.RouteText - RouteText[id=e191155b-3232-49bd-bfe9-6bfcf78aa3cb] Created FlowFile[2937,92022439083955.mockFlowFile,24B] from FlowFile[2936,92022439083955.mockFlowFile,24B]; routing to relationship simple
[pool-3791-thread-1] INFO org.apache.nifi.processors.standard.RouteText - RouteText[id=e191155b-3232-49bd-bfe9-6bfcf78aa3cb] Routing FlowFile[2936,92022439083955.mockFlowFile,24B] to original
[main] DEBUG org.apache.nifi.processors.standard.RouteText - RouteText[id=e191155b-3232-49bd-bfe9-6bfcf78aa3cb] Adding new dynamic property: PropertyDescriptor[simple]
[pool-3792-thread-1] INFO org.apache.nifi.processors.standard.RouteText - RouteText[id=e191155b-3232-49bd-bfe9-6bfcf78aa3cb] Created FlowFile[2939,92022439597970.mockFlowFile,24B] from FlowFile[2938,92022439597970.mockFlowFile,24B]; routing to relationship simple
[pool-3792-thread-1] INFO org.apache.nifi.processors.standard.RouteText - RouteText[id=e191155b-3232-49bd-bfe9-6bfcf78aa3cb] Routing FlowFile[2938,92022439597970.mockFlowFile,24B] to original
[main] DEBUG org.apache.nifi.processors.standard.RouteText - RouteText[id=e191155b-3232-49bd-bfe9-6bfcf78aa3cb] Adding new dynamic property: PropertyDescriptor[simple]
[pool-3793-thread-1] INFO org.apache.nifi.processors.standard.RouteText - RouteText[id=e191155b-3232-49bd-bfe9-6bfcf78aa3cb] Created FlowFile[2941,92022440053633.mockFlowFile,24B] from FlowFile[2940,92022440053633.mockFlowFile,24B]; routing to relationship simple
[pool-3793-thread-1] INFO org.apache.nifi.processors.standard.RouteText - RouteText[id=e191155b-3232-49bd-bfe9-6bfcf78aa3cb] Routing FlowFile[2940,92022440053633.mockFlowFile,24B] to original
[main] DEBUG org.apache.nifi.processors.standard.RouteText - RouteText[id=e191155b-3232-49bd-bfe9-6bfcf78aa3cb] Adding new dynamic property: PropertyDescriptor[simple]
[pool-3794-thread-1] INFO org.apache.nifi.processors.standard.RouteText - RouteText[id=e191155b-3232-49bd-bfe9-6bfcf78aa3cb] Created FlowFile[2943,92022440556082.mockFlowFile,24B] from FlowFile[2942,92022440556082.mockFlowFile,24B]; routing to relationship simple
[pool-3794-thread-1] INFO org.apache.nifi.processors.standard.RouteText - RouteText[id=e191155b-3232-49bd-bfe9-6bfcf78aa3cb] Routing FlowFile[2942,92022440556082.mockFlowFile,24B] to original
[main] DEBUG org.apache.nifi.processors.standard.RouteText - RouteText[id=e191155b-3232-49bd-bfe9-6bfcf78aa3cb] Adding new dynamic property: PropertyDescriptor[simple]
[pool-3795-thread-1] INFO org.apache.nifi.processors.standard.RouteText - RouteText[id=e191155b-3232-49bd-bfe9-6bfcf78aa3cb] Created FlowFile[2945,92022441052282.mockFlowFile,24B] from FlowFile[2944,92022441052282.mockFlowFile,24B]; routing to relationship simple
[pool-3795-thread-1] INFO org.apache.nifi.processors.standard.RouteText - RouteText[id=e191155b-3232-49bd-bfe9-6bfcf78aa3cb] Routing FlowFile[2944,92022441052282.mockFlowFile,24B] to original
[main] DEBUG org.apache.nifi.processors.standard.RouteText - RouteText[id=e191155b-3232-49bd-bfe9-6bfcf78aa3cb] Adding new dynamic property: PropertyDescriptor[simple]
[pool-3796-thread-1] INFO org.apache.nifi.processors.standard.RouteText - RouteText[id=e191155b-3232-49bd-bfe9-6bfcf78aa3cb] Created FlowFile[2947,92022441479388.mockFlowFile,24B] from FlowFile[2946,92022441479388.mockFlowFile,24B]; routing to relationship simple
[pool-3796-thread-1] INFO org.apache.nifi.processors.standard.RouteText - RouteText[id=e191155b-3232-49bd-bfe9-6bfcf78aa3cb] Routing FlowFile[2946,92022441479388.mockFlowFile,24B] to original
[main] DEBUG org.apache.nifi.processors.standard.RouteText - RouteText[id=e191155b-3232-49bd-bfe9-6bfcf78aa3cb] Adding new dynamic property: PropertyDescriptor[simple]
[pool-3797-thread-1] INFO org.apache.nifi.processors.standard.RouteText - RouteText[id=e191155b-3232-49bd-bfe9-6bfcf78aa3cb] Created FlowFile[2949,92022441907266.mockFlowFile,24B] from FlowFile[2948,92022441907266.mockFlowFile,24B]; routing to relationship simple
[pool-3797-thread-1] INFO org.apache.nifi.processors.standard.RouteText - RouteText[id=e191155b-3232-49bd-bfe9-6bfcf78aa3cb] Routing FlowFile[2948,92022441907266.mockFlowFile,24B] to original
[main] DEBUG org.apache.nifi.processors.standard.RouteText - RouteText[id=e191155b-3232-49bd-bfe9-6bfcf78aa3cb] Adding new dynamic property: PropertyDescriptor[simple]
[pool-3798-thread-1] INFO org.apache.nifi.processors.standard.RouteText - RouteText[id=e191155b-3232-49bd-bfe9-6bfcf78aa3cb] Created FlowFile[2951,92022442326238.mockFlowFile,24B] from FlowFile[2950,92022442326238.mockFlowFile,24B]; routing to relationship simple
[pool-3798-thread-1] INFO org.apache.nifi.processors.standard.RouteText - RouteText[id=e191155b-3232-49bd-bfe9-6bfcf78aa3cb] Routing FlowFile[2950,92022442326238.mockFlowFile,24B] to original
[main] DEBUG org.apache.nifi.processors.standard.RouteText - RouteText[id=e191155b-3232-49bd-bfe9-6bfcf78aa3cb] Adding new dynamic property: PropertyDescriptor[simple]
[pool-3799-thread-1] INFO org.apache.nifi.processors.standard.RouteText - RouteText[id=e191155b-3232-49bd-bfe9-6bfcf78aa3cb] Created FlowFile[2953,92022442730252.mockFlowFile,24B] from FlowFile[2952,92022442730252.mockFlowFile,24B]; routing to relationship simple
[pool-3799-thread-1] INFO org.apache.nifi.processors.standard.RouteText - RouteText[id=e191155b-3232-49bd-bfe9-6bfcf78aa3cb] Routing FlowFile[2952,92022442730252.mockFlowFile,24B] to original
[main] DEBUG org.apache.nifi.processors.standard.RouteText - RouteText[id=e191155b-3232-49bd-bfe9-6bfcf78aa3cb] Adding new dynamic property: PropertyDescriptor[simple]
[pool-3800-thread-1] INFO org.apache.nifi.processors.standard.RouteText - RouteText[id=e191155b-3232-49bd-bfe9-6bfcf78aa3cb] Created FlowFile[2955,92022443120520.mockFlowFile,24B] from FlowFile[2954,92022443120520.mockFlowFile,24B]; routing to relationship simple
[pool-3800-thread-1] INFO org.apache.nifi.processors.standard.RouteText - RouteText[id=e191155b-3232-49bd-bfe9-6bfcf78aa3cb] Routing FlowFile[2954,92022443120520.mockFlowFile,24B] to original
[main] DEBUG org.apache.nifi.processors.standard.RouteText - RouteText[id=e191155b-3232-49bd-bfe9-6bfcf78aa3cb] Adding new dynamic property: PropertyDescriptor[simple]
[pool-3801-thread-1] INFO org.apache.nifi.processors.standard.RouteText - RouteText[id=e191155b-3232-49bd-bfe9-6bfcf78aa3cb] Created FlowFile[2957,92022443572012.mockFlowFile,24B] from FlowFile[2956,92022443572012.mockFlowFile,24B]; routing to relationship simple
[pool-3801-thread-1] INFO org.apache.nifi.processors.standard.RouteText - RouteText[id=e191155b-3232-49bd-bfe9-6bfcf78aa3cb] Routing FlowFile[2956,92022443572012.mockFlowFile,24B] to original
[main] DEBUG org.apache.nifi.processors.standard.RouteText - RouteText[id=e191155b-3232-49bd-bfe9-6bfcf78aa3cb] Adding new dynamic property: PropertyDescriptor[simple]
[pool-3802-thread-1] INFO org.apache.nifi.processors.standard.RouteText - RouteText[id=e191155b-3232-49bd-bfe9-6bfcf78aa3cb] Created FlowFile[2959,92022444014455.mockFlowFile,24B] from FlowFile[2958,92022444014455.mockFlowFile,24B]; routing to relationship simple
[pool-3802-thread-1] INFO org.apache.nifi.processors.standard.RouteText - RouteText[id=e191155b-3232-49bd-bfe9-6bfcf78aa3cb] Routing FlowFile[2958,92022444014455.mockFlowFile,24B] to original
[main] DEBUG org.apache.nifi.processors.standard.RouteText - RouteText[id=e191155b-3232-49bd-bfe9-6bfcf78aa3cb] Adding new dynamic property: PropertyDescriptor[simple]
[pool-3803-thread-1] INFO org.apache.nifi.processors.standard.RouteText - RouteText[id=e191155b-3232-49bd-bfe9-6bfcf78aa3cb] Created FlowFile[2961,92022444466450.mockFlowFile,24B] from FlowFile[2960,92022444466450.mockFlowFile,24B]; routing to relationship simple
[pool-3803-thread-1] INFO org.apache.nifi.processors.standard.RouteText - RouteText[id=e191155b-3232-49bd-bfe9-6bfcf78aa3cb] Routing FlowFile[2960,92022444466450.mockFlowFile,24B] to original
[main] DEBUG org.apache.nifi.processors.standard.RouteText - RouteText[id=e191155b-3232-49bd-bfe9-6bfcf78aa3cb] Adding new dynamic property: PropertyDescriptor[simple]
[pool-3804-thread-1] INFO org.apache.nifi.processors.standard.RouteText - RouteText[id=e191155b-3232-49bd-bfe9-6bfcf78aa3cb] Created FlowFile[2963,92022444859784.mockFlowFile,24B] from FlowFile[2962,92022444859784.mockFlowFile,24B]; routing to relationship simple
[pool-3804-thread-1] INFO org.apache.nifi.processors.standard.RouteText - RouteText[id=e191155b-3232-49bd-bfe9-6bfcf78aa3cb] Routing FlowFile[2962,92022444859784.mockFlowFile,24B] to original
[main] DEBUG org.apache.nifi.processors.standard.RouteText - RouteText[id=e191155b-3232-49bd-bfe9-6bfcf78aa3cb] Adding new dynamic property: PropertyDescriptor[simple]
[pool-3805-thread-1] INFO org.apache.nifi.processors.standard.RouteText - RouteText[id=e191155b-3232-49bd-bfe9-6bfcf78aa3cb] Created FlowFile[2965,92022445271875.mockFlowFile,24B] from FlowFile[2964,92022445271875.mockFlowFile,24B]; routing to relationship simple
[pool-3805-thread-1] INFO org.apache.nifi.processors.standard.RouteText - RouteText[id=e191155b-3232-49bd-bfe9-6bfcf78aa3cb] Routing FlowFile[2964,92022445271875.mockFlowFile,24B] to original
[main] DEBUG org.apache.nifi.processors.standard.RouteText - RouteText[id=e191155b-3232-49bd-bfe9-6bfcf78aa3cb] Adding new dynamic property: PropertyDescriptor[simple]
[pool-3806-thread-1] INFO org.apache.nifi.processors.standard.RouteText - RouteText[id=e191155b-3232-49bd-bfe9-6bfcf78aa3cb] Created FlowFile[2967,92022445707806.mockFlowFile,24B] from FlowFile[2966,92022445707806.mockFlowFile,24B]; routing to relationship simple
[pool-3806-thread-1] INFO org.apache.nifi.processors.standard.RouteText - RouteText[id=e191155b-3232-49bd-bfe9-6bfcf78aa3cb] Routing FlowFile[2966,92022445707806.mockFlowFile,24B] to original
[main] DEBUG org.apache.nifi.processors.standard.RouteText - RouteText[id=e191155b-3232-49bd-bfe9-6bfcf78aa3cb] Adding new dynamic property: PropertyDescriptor[simple]
[pool-3807-thread-1] INFO org.apache.nifi.processors.standard.RouteText - RouteText[id=e191155b-3232-49bd-bfe9-6bfcf78aa3cb] Created FlowFile[2969,92022446110820.mockFlowFile,24B] from FlowFile[2968,92022446110820.mockFlowFile,24B]; routing to relationship simple
[pool-3807-thread-1] INFO org.apache.nifi.processors.standard.RouteText - RouteText[id=e191155b-3232-49bd-bfe9-6bfcf78aa3cb] Routing FlowFile[2968,92022446110820.mockFlowFile,24B] to original
[main] DEBUG org.apache.nifi.processors.standard.RouteText - RouteText[id=e191155b-3232-49bd-bfe9-6bfcf78aa3cb] Adding new dynamic property: PropertyDescriptor[simple]
[pool-3808-thread-1] INFO org.apache.nifi.processors.standard.RouteText - RouteText[id=e191155b-3232-49bd-bfe9-6bfcf78aa3cb] Created FlowFile[2971,92022446501863.mockFlowFile,24B] from FlowFile[2970,92022446501863.mockFlowFile,24B]; routing to relationship simple
[pool-3808-thread-1] INFO org.apache.nifi.processors.standard.RouteText - RouteText[id=e191155b-3232-49bd-bfe9-6bfcf78aa3cb] Routing FlowFile[2970,92022446501863.mockFlowFile,24B] to original
[main] DEBUG org.apache.nifi.processors.standard.RouteText - RouteText[id=e191155b-3232-49bd-bfe9-6bfcf78aa3cb] Adding new dynamic property: PropertyDescriptor[simple]
[pool-3809-thread-1] INFO org.apache.nifi.processors.standard.RouteText - RouteText[id=e191155b-3232-49bd-bfe9-6bfcf78aa3cb] Created FlowFile[2973,92022446894137.mockFlowFile,24B] from FlowFile[2972,92022446894137.mockFlowFile,24B]; routing to relationship simple
[pool-3809-thread-1] INFO org.apache.nifi.processors.standard.RouteText - RouteText[id=e191155b-3232-49bd-bfe9-6bfcf78aa3cb] Routing FlowFile[2972,92022446894137.mockFlowFile,24B] to original
[main] DEBUG org.apache.nifi.processors.standard.RouteText - RouteText[id=e191155b-3232-49bd-bfe9-6bfcf78aa3cb] Adding new dynamic property: PropertyDescriptor[simple]
[pool-3810-thread-1] INFO org.apache.nifi.processors.standard.RouteText - RouteText[id=e191155b-3232-49bd-bfe9-6bfcf78aa3cb] Created FlowFile[2975,92022447282029.mockFlowFile,24B] from FlowFile[2974,92022447282029.mockFlowFile,24B]; routing to relationship simple
[pool-3810-thread-1] INFO org.apache.nifi.processors.standard.RouteText - RouteText[id=e191155b-3232-49bd-bfe9-6bfcf78aa3cb] Routing FlowFile[2974,92022447282029.mockFlowFile,24B] to original
[main] DEBUG org.apache.nifi.processors.standard.RouteText - RouteText[id=e191155b-3232-49bd-bfe9-6bfcf78aa3cb] Adding new dynamic property: PropertyDescriptor[simple]
[pool-3811-thread-1] INFO org.apache.nifi.processors.standard.RouteText - RouteText[id=e191155b-3232-49bd-bfe9-6bfcf78aa3cb] Created FlowFile[2977,92022447684478.mockFlowFile,24B] from FlowFile[2976,92022447684478.mockFlowFile,24B]; routing to relationship simple
[pool-3811-thread-1] INFO org.apache.nifi.processors.standard.RouteText - RouteText[id=e191155b-3232-49bd-bfe9-6bfcf78aa3cb] Routing FlowFile[2976,92022447684478.mockFlowFile,24B] to original
[main] DEBUG org.apache.nifi.processors.standard.RouteText - RouteText[id=e191155b-3232-49bd-bfe9-6bfcf78aa3cb] Adding new dynamic property: PropertyDescriptor[simple]
[pool-3812-thread-1] INFO org.apache.nifi.processors.standard.RouteText - RouteText[id=e191155b-3232-49bd-bfe9-6bfcf78aa3cb] Created FlowFile[2979,92022448111678.mockFlowFile,24B] from FlowFile[2978,92022448111678.mockFlowFile,24B]; routing to relationship simple
[pool-3812-thread-1] INFO org.apache.nifi.processors.standard.RouteText - RouteText[id=e191155b-3232-49bd-bfe9-6bfcf78aa3cb] Routing FlowFile[2978,92022448111678.mockFlowFile,24B] to original
[main] DEBUG org.apache.nifi.processors.standard.RouteText - RouteText[id=e191155b-3232-49bd-bfe9-6bfcf78aa3cb] Adding new dynamic property: PropertyDescriptor[simple]
[pool-3813-thread-1] INFO org.apache.nifi.processors.standard.RouteText - RouteText[id=e191155b-3232-49bd-bfe9-6bfcf78aa3cb] Created FlowFile[2981,92022448568742.mockFlowFile,24B] from FlowFile[2980,92022448568742.mockFlowFile,24B]; routing to relationship simple
[pool-3813-thread-1] INFO org.apache.nifi.processors.standard.RouteText - RouteText[id=e191155b-3232-49bd-bfe9-6bfcf78aa3cb] Routing FlowFile[2980,92022448568742.mockFlowFile,24B] to original
[main] DEBUG org.apache.nifi.processors.standard.RouteText - RouteText[id=e191155b-3232-49bd-bfe9-6bfcf78aa3cb] Adding new dynamic property: PropertyDescriptor[simple]
[pool-3814-thread-1] INFO org.apache.nifi.processors.standard.RouteText - RouteText[id=e191155b-3232-49bd-bfe9-6bfcf78aa3cb] Created FlowFile[2983,92022449027242.mockFlowFile,24B] from FlowFile[2982,92022449027242.mockFlowFile,24B]; routing to relationship simple
[pool-3814-thread-1] INFO org.apache.nifi.processors.standard.RouteText - RouteText[id=e191155b-3232-49bd-bfe9-6bfcf78aa3cb] Routing FlowFile[2982,92022449027242.mockFlowFile,24B] to original
[main] DEBUG org.apache.nifi.processors.standard.RouteText - RouteText[id=e191155b-3232-49bd-bfe9-6bfcf78aa3cb] Adding new dynamic property: PropertyDescriptor[simple]
[pool-3815-thread-1] INFO org.apache.nifi.processors.standard.RouteText - RouteText[id=e191155b-3232-49bd-bfe9-6bfcf78aa3cb] Created FlowFile[2985,92022449466797.mockFlowFile,24B] from FlowFile[2984,92022449466797.mockFlowFile,24B]; routing to relationship simple
[pool-3815-thread-1] INFO org.apache.nifi.processors.standard.RouteText - RouteText[id=e191155b-3232-49bd-bfe9-6bfcf78aa3cb] Routing FlowFile[2984,92022449466797.mockFlowFile,24B] to original
[main] DEBUG org.apache.nifi.processors.standard.RouteText - RouteText[id=e191155b-3232-49bd-bfe9-6bfcf78aa3cb] Adding new dynamic property: PropertyDescriptor[simple]
[pool-3816-thread-1] INFO org.apache.nifi.processors.standard.RouteText - RouteText[id=e191155b-3232-49bd-bfe9-6bfcf78aa3cb] Created FlowFile[2987,92022449896659.mockFlowFile,24B] from FlowFile[2986,92022449896659.mockFlowFile,24B]; routing to relationship simple
[pool-3816-thread-1] INFO org.apache.nifi.processors.standard.RouteText - RouteText[id=e191155b-3232-49bd-bfe9-6bfcf78aa3cb] Routing FlowFile[2986,92022449896659.mockFlowFile,24B] to original
[main] DEBUG org.apache.nifi.processors.standard.RouteText - RouteText[id=e191155b-3232-49bd-bfe9-6bfcf78aa3cb] Adding new dynamic property: PropertyDescriptor[simple]
[pool-3817-thread-1] INFO org.apache.nifi.processors.standard.RouteText - RouteText[id=e191155b-3232-49bd-bfe9-6bfcf78aa3cb] Created FlowFile[2989,92022450338101.mockFlowFile,24B] from FlowFile[2988,92022450338101.mockFlowFile,24B]; routing to relationship simple
[pool-3817-thread-1] INFO org.apache.nifi.processors.standard.RouteText - RouteText[id=e191155b-3232-49bd-bfe9-6bfcf78aa3cb] Routing FlowFile[2988,92022450338101.mockFlowFile,24B] to original
[main] DEBUG org.apache.nifi.processors.standard.RouteText - RouteText[id=e191155b-3232-49bd-bfe9-6bfcf78aa3cb] Adding new dynamic property: PropertyDescriptor[simple]
[pool-3818-thread-1] INFO org.apache.nifi.processors.standard.RouteText - RouteText[id=e191155b-3232-49bd-bfe9-6bfcf78aa3cb] Created FlowFile[2991,92022450778761.mockFlowFile,24B] from FlowFile[2990,92022450778761.mockFlowFile,24B]; routing to relationship simple
[pool-3818-thread-1] INFO org.apache.nifi.processors.standard.RouteText - RouteText[id=e191155b-3232-49bd-bfe9-6bfcf78aa3cb] Routing FlowFile[2990,92022450778761.mockFlowFile,24B] to original
[main] DEBUG org.apache.nifi.processors.standard.RouteText - RouteText[id=e191155b-3232-49bd-bfe9-6bfcf78aa3cb] Adding new dynamic property: PropertyDescriptor[simple]
[pool-3819-thread-1] INFO org.apache.nifi.processors.standard.RouteText - RouteText[id=e191155b-3232-49bd-bfe9-6bfcf78aa3cb] Created FlowFile[2993,92022451238268.mockFlowFile,24B] from FlowFile[2992,92022451238268.mockFlowFile,24B]; routing to relationship simple
[pool-3819-thread-1] INFO org.apache.nifi.processors.standard.RouteText - RouteText[id=e191155b-3232-49bd-bfe9-6bfcf78aa3cb] Routing FlowFile[2992,92022451238268.mockFlowFile,24B] to original
[main] DEBUG org.apache.nifi.processors.standard.RouteText - RouteText[id=e191155b-3232-49bd-bfe9-6bfcf78aa3cb] Adding new dynamic property: PropertyDescriptor[simple]
[pool-3820-thread-1] INFO org.apache.nifi.processors.standard.RouteText - RouteText[id=e191155b-3232-49bd-bfe9-6bfcf78aa3cb] Created FlowFile[2995,92022451704863.mockFlowFile,24B] from FlowFile[2994,92022451704863.mockFlowFile,24B]; routing to relationship simple
[pool-3820-thread-1] INFO org.apache.nifi.processors.standard.RouteText - RouteText[id=e191155b-3232-49bd-bfe9-6bfcf78aa3cb] Routing FlowFile[2994,92022451704863.mockFlowFile,24B] to original
[main] DEBUG org.apache.nifi.processors.standard.RouteText - RouteText[id=e191155b-3232-49bd-bfe9-6bfcf78aa3cb] Adding new dynamic property: PropertyDescriptor[simple]
[pool-3821-thread-1] INFO org.apache.nifi.processors.standard.RouteText - RouteText[id=e191155b-3232-49bd-bfe9-6bfcf78aa3cb] Created FlowFile[2997,92022452165931.mockFlowFile,24B] from FlowFile[2996,92022452165931.mockFlowFile,24B]; routing to relationship simple
[pool-3821-thread-1] INFO org.apache.nifi.processors.standard.RouteText - RouteText[id=e191155b-3232-49bd-bfe9-6bfcf78aa3cb] Routing FlowFile[2996,92022452165931.mockFlowFile,24B] to original
[main] DEBUG org.apache.nifi.processors.standard.RouteText - RouteText[id=e191155b-3232-49bd-bfe9-6bfcf78aa3cb] Adding new dynamic property: PropertyDescriptor[simple]
[pool-3822-thread-1] INFO org.apache.nifi.processors.standard.RouteText - RouteText[id=e191155b-3232-49bd-bfe9-6bfcf78aa3cb] Created FlowFile[2999,92022452666423.mockFlowFile,24B] from FlowFile[2998,92022452666423.mockFlowFile,24B]; routing to relationship simple
[pool-3822-thread-1] INFO org.apache.nifi.processors.standard.RouteText - RouteText[id=e191155b-3232-49bd-bfe9-6bfcf78aa3cb] Routing FlowFile[2998,92022452666423.mockFlowFile,24B] to original
[main] DEBUG org.apache.nifi.processors.standard.RouteText - RouteText[id=e191155b-3232-49bd-bfe9-6bfcf78aa3cb] Adding new dynamic property: PropertyDescriptor[simple]
[pool-3823-thread-1] INFO org.apache.nifi.processors.standard.RouteText - RouteText[id=e191155b-3232-49bd-bfe9-6bfcf78aa3cb] Created FlowFile[3001,92022453142322.mockFlowFile,24B] from FlowFile[3000,92022453142322.mockFlowFile,24B]; routing to relationship simple
[pool-3823-thread-1] INFO org.apache.nifi.processors.standard.RouteText - RouteText[id=e191155b-3232-49bd-bfe9-6bfcf78aa3cb] Routing FlowFile[3000,92022453142322.mockFlowFile,24B] to original
[main] DEBUG org.apache.nifi.processors.standard.RouteText - RouteText[id=e191155b-3232-49bd-bfe9-6bfcf78aa3cb] Adding new dynamic property: PropertyDescriptor[simple]
[pool-3824-thread-1] INFO org.apache.nifi.processors.standard.RouteText - RouteText[id=e191155b-3232-49bd-bfe9-6bfcf78aa3cb] Created FlowFile[3003,92022453629595.mockFlowFile,24B] from FlowFile[3002,92022453629595.mockFlowFile,24B]; routing to relationship simple
[pool-3824-thread-1] INFO org.apache.nifi.processors.standard.RouteText - RouteText[id=e191155b-3232-49bd-bfe9-6bfcf78aa3cb] Routing FlowFile[3002,92022453629595.mockFlowFile,24B] to original
[main] DEBUG org.apache.nifi.processors.standard.RouteText - RouteText[id=e191155b-3232-49bd-bfe9-6bfcf78aa3cb] Adding new dynamic property: PropertyDescriptor[simple]
[pool-3825-thread-1] INFO org.apache.nifi.processors.standard.RouteText - RouteText[id=e191155b-3232-49bd-bfe9-6bfcf78aa3cb] Created FlowFile[3005,92022454101297.mockFlowFile,24B] from FlowFile[3004,92022454101297.mockFlowFile,24B]; routing to relationship simple
[pool-3825-thread-1] INFO org.apache.nifi.processors.standard.RouteText - RouteText[id=e191155b-3232-49bd-bfe9-6bfcf78aa3cb] Routing FlowFile[3004,92022454101297.mockFlowFile,24B] to original
[main] DEBUG org.apache.nifi.processors.standard.RouteText - RouteText[id=e191155b-3232-49bd-bfe9-6bfcf78aa3cb] Adding new dynamic property: PropertyDescriptor[simple]
[pool-3826-thread-1] INFO org.apache.nifi.processors.standard.RouteText - RouteText[id=e191155b-3232-49bd-bfe9-6bfcf78aa3cb] Created FlowFile[3007,92022454564797.mockFlowFile,24B] from FlowFile[3006,92022454564797.mockFlowFile,24B]; routing to relationship simple
[pool-3826-thread-1] INFO org.apache.nifi.processors.standard.RouteText - RouteText[id=e191155b-3232-49bd-bfe9-6bfcf78aa3cb] Routing FlowFile[3006,92022454564797.mockFlowFile,24B] to original
[main] DEBUG org.apache.nifi.processors.standard.RouteText - RouteText[id=e191155b-3232-49bd-bfe9-6bfcf78aa3cb] Adding new dynamic property: PropertyDescriptor[simple]
[pool-3827-thread-1] INFO org.apache.nifi.processors.standard.RouteText - RouteText[id=e191155b-3232-49bd-bfe9-6bfcf78aa3cb] Created FlowFile[3009,92022455020830.mockFlowFile,24B] from FlowFile[3008,92022455020830.mockFlowFile,24B]; routing to relationship simple
[pool-3827-thread-1] INFO org.apache.nifi.processors.standard.RouteText - RouteText[id=e191155b-3232-49bd-bfe9-6bfcf78aa3cb] Routing FlowFile[3008,92022455020830.mockFlowFile,24B] to original
[main] DEBUG org.apache.nifi.processors.standard.RouteText - RouteText[id=e191155b-3232-49bd-bfe9-6bfcf78aa3cb] Adding new dynamic property: PropertyDescriptor[simple]
[pool-3828-thread-1] INFO org.apache.nifi.processors.standard.RouteText - RouteText[id=e191155b-3232-49bd-bfe9-6bfcf78aa3cb] Created FlowFile[3011,92022455496341.mockFlowFile,24B] from FlowFile[3010,92022455496341.mockFlowFile,24B]; routing to relationship simple
[pool-3828-thread-1] INFO org.apache.nifi.processors.standard.RouteText - RouteText[id=e191155b-3232-49bd-bfe9-6bfcf78aa3cb] Routing FlowFile[3010,92022455496341.mockFlowFile,24B] to original
[main] DEBUG org.apache.nifi.processors.standard.RouteText - RouteText[id=e191155b-3232-49bd-bfe9-6bfcf78aa3cb] Adding new dynamic property: PropertyDescriptor[simple]
[pool-3829-thread-1] INFO org.apache.nifi.processors.standard.RouteText - RouteText[id=e191155b-3232-49bd-bfe9-6bfcf78aa3cb] Created FlowFile[3013,92022455967598.mockFlowFile,24B] from FlowFile[3012,92022455967598.mockFlowFile,24B]; routing to relationship simple
[pool-3829-thread-1] INFO org.apache.nifi.processors.standard.RouteText - RouteText[id=e191155b-3232-49bd-bfe9-6bfcf78aa3cb] Routing FlowFile[3012,92022455967598.mockFlowFile,24B] to original
[main] DEBUG org.apache.nifi.processors.standard.RouteText - RouteText[id=e191155b-3232-49bd-bfe9-6bfcf78aa3cb] Adding new dynamic property: PropertyDescriptor[simple]
[pool-3830-thread-1] INFO org.apache.nifi.processors.standard.RouteText - RouteText[id=e191155b-3232-49bd-bfe9-6bfcf78aa3cb] Created FlowFile[3015,92022456575905.mockFlowFile,24B] from FlowFile[3014,92022456575905.mockFlowFile,24B]; routing to relationship simple
[pool-3830-thread-1] INFO org.apache.nifi.processors.standard.RouteText - RouteText[id=e191155b-3232-49bd-bfe9-6bfcf78aa3cb] Routing FlowFile[3014,92022456575905.mockFlowFile,24B] to original
[main] DEBUG org.apache.nifi.processors.standard.RouteText - RouteText[id=e191155b-3232-49bd-bfe9-6bfcf78aa3cb] Adding new dynamic property: PropertyDescriptor[simple]
[pool-3831-thread-1] INFO org.apache.nifi.processors.standard.RouteText - RouteText[id=e191155b-3232-49bd-bfe9-6bfcf78aa3cb] Created FlowFile[3017,92022457031470.mockFlowFile,24B] from FlowFile[3016,92022457031470.mockFlowFile,24B]; routing to relationship simple
[pool-3831-thread-1] INFO org.apache.nifi.processors.standard.RouteText - RouteText[id=e191155b-3232-49bd-bfe9-6bfcf78aa3cb] Routing FlowFile[3016,92022457031470.mockFlowFile,24B] to original
[main] DEBUG org.apache.nifi.processors.standard.RouteText - RouteText[id=e191155b-3232-49bd-bfe9-6bfcf78aa3cb] Adding new dynamic property: PropertyDescriptor[simple]
[pool-3832-thread-1] INFO org.apache.nifi.processors.standard.RouteText - RouteText[id=e191155b-3232-49bd-bfe9-6bfcf78aa3cb] Created FlowFile[3019,92022457510560.mockFlowFile,24B] from FlowFile[3018,92022457510560.mockFlowFile,24B]; routing to relationship simple
[pool-3832-thread-1] INFO org.apache.nifi.processors.standard.RouteText - RouteText[id=e191155b-3232-49bd-bfe9-6bfcf78aa3cb] Routing FlowFile[3018,92022457510560.mockFlowFile,24B] to original
[main] DEBUG org.apache.nifi.processors.standard.RouteText - RouteText[id=e191155b-3232-49bd-bfe9-6bfcf78aa3cb] Adding new dynamic property: PropertyDescriptor[simple]
[pool-3833-thread-1] INFO org.apache.nifi.processors.standard.RouteText - RouteText[id=e191155b-3232-49bd-bfe9-6bfcf78aa3cb] Created FlowFile[3021,92022457994913.mockFlowFile,24B] from FlowFile[3020,92022457994913.mockFlowFile,24B]; routing to relationship simple
[pool-3833-thread-1] INFO org.apache.nifi.processors.standard.RouteText - RouteText[id=e191155b-3232-49bd-bfe9-6bfcf78aa3cb] Routing FlowFile[3020,92022457994913.mockFlowFile,24B] to original
[main] DEBUG org.apache.nifi.processors.standard.RouteText - RouteText[id=e191155b-3232-49bd-bfe9-6bfcf78aa3cb] Adding new dynamic property: PropertyDescriptor[simple]
[pool-3834-thread-1] INFO org.apache.nifi.processors.standard.RouteText - RouteText[id=e191155b-3232-49bd-bfe9-6bfcf78aa3cb] Created FlowFile[3023,92022458468556.mockFlowFile,24B] from FlowFile[3022,92022458468556.mockFlowFile,24B]; routing to relationship simple
[pool-3834-thread-1] INFO org.apache.nifi.processors.standard.RouteText - RouteText[id=e191155b-3232-49bd-bfe9-6bfcf78aa3cb] Routing FlowFile[3022,92022458468556.mockFlowFile,24B] to original
[main] DEBUG org.apache.nifi.processors.standard.RouteText - RouteText[id=e191155b-3232-49bd-bfe9-6bfcf78aa3cb] Adding new dynamic property: PropertyDescriptor[simple]
[pool-3835-thread-1] INFO org.apache.nifi.processors.standard.RouteText - RouteText[id=e191155b-3232-49bd-bfe9-6bfcf78aa3cb] Created FlowFile[3025,92022458974236.mockFlowFile,24B] from FlowFile[3024,92022458974236.mockFlowFile,24B]; routing to relationship simple
[pool-3835-thread-1] INFO org.apache.nifi.processors.standard.RouteText - RouteText[id=e191155b-3232-49bd-bfe9-6bfcf78aa3cb] Routing FlowFile[3024,92022458974236.mockFlowFile,24B] to original
[main] DEBUG org.apache.nifi.processors.standard.RouteText - RouteText[id=e191155b-3232-49bd-bfe9-6bfcf78aa3cb] Adding new dynamic property: PropertyDescriptor[simple]
[pool-3836-thread-1] INFO org.apache.nifi.processors.standard.RouteText - RouteText[id=e191155b-3232-49bd-bfe9-6bfcf78aa3cb] Created FlowFile[3027,92022459530342.mockFlowFile,24B] from FlowFile[3026,92022459530342.mockFlowFile,24B]; routing to relationship simple
[pool-3836-thread-1] INFO org.apache.nifi.processors.standard.RouteText - RouteText[id=e191155b-3232-49bd-bfe9-6bfcf78aa3cb] Routing FlowFile[3026,92022459530342.mockFlowFile,24B] to original
[main] DEBUG org.apache.nifi.processors.standard.RouteText - RouteText[id=e191155b-3232-49bd-bfe9-6bfcf78aa3cb] Adding new dynamic property: PropertyDescriptor[simple]
[pool-3837-thread-1] INFO org.apache.nifi.processors.standard.RouteText - RouteText[id=e191155b-3232-49bd-bfe9-6bfcf78aa3cb] Created FlowFile[3029,92022460071994.mockFlowFile,24B] from FlowFile[3028,92022460071994.mockFlowFile,24B]; routing to relationship simple
[pool-3837-thread-1] INFO org.apache.nifi.processors.standard.RouteText - RouteText[id=e191155b-3232-49bd-bfe9-6bfcf78aa3cb] Routing FlowFile[3028,92022460071994.mockFlowFile,24B] to original
[main] DEBUG org.apache.nifi.processors.standard.RouteText - RouteText[id=e191155b-3232-49bd-bfe9-6bfcf78aa3cb] Adding new dynamic property: PropertyDescriptor[simple]
[pool-3838-thread-1] INFO org.apache.nifi.processors.standard.RouteText - RouteText[id=e191155b-3232-49bd-bfe9-6bfcf78aa3cb] Created FlowFile[3031,92022460581220.mockFlowFile,24B] from FlowFile[3030,92022460581220.mockFlowFile,24B]; routing to relationship simple
[pool-3838-thread-1] INFO org.apache.nifi.processors.standard.RouteText - RouteText[id=e191155b-3232-49bd-bfe9-6bfcf78aa3cb] Routing FlowFile[3030,92022460581220.mockFlowFile,24B] to original
[main] DEBUG org.apache.nifi.processors.standard.RouteText - RouteText[id=e191155b-3232-49bd-bfe9-6bfcf78aa3cb] Adding new dynamic property: PropertyDescriptor[simple]
[pool-3839-thread-1] INFO org.apache.nifi.processors.standard.RouteText - RouteText[id=e191155b-3232-49bd-bfe9-6bfcf78aa3cb] Created FlowFile[3033,92022461080886.mockFlowFile,24B] from FlowFile[3032,92022461080886.mockFlowFile,24B]; routing to relationship simple
[pool-3839-thread-1] INFO org.apache.nifi.processors.standard.RouteText - RouteText[id=e191155b-3232-49bd-bfe9-6bfcf78aa3cb] Routing FlowFile[3032,92022461080886.mockFlowFile,24B] to original
[main] DEBUG org.apache.nifi.processors.standard.RouteText - RouteText[id=e191155b-3232-49bd-bfe9-6bfcf78aa3cb] Adding new dynamic property: PropertyDescriptor[simple]
[pool-3840-thread-1] INFO org.apache.nifi.processors.standard.RouteText - RouteText[id=e191155b-3232-49bd-bfe9-6bfcf78aa3cb] Created FlowFile[3035,92022461577454.mockFlowFile,24B] from FlowFile[3034,92022461577454.mockFlowFile,24B]; routing to relationship simple
[pool-3840-thread-1] INFO org.apache.nifi.processors.standard.RouteText - RouteText[id=e191155b-3232-49bd-bfe9-6bfcf78aa3cb] Routing FlowFile[3034,92022461577454.mockFlowFile,24B] to original
[main] DEBUG org.apache.nifi.processors.standard.RouteText - RouteText[id=e191155b-3232-49bd-bfe9-6bfcf78aa3cb] Adding new dynamic property: PropertyDescriptor[simple]
[pool-3841-thread-1] INFO org.apache.nifi.processors.standard.RouteText - RouteText[id=e191155b-3232-49bd-bfe9-6bfcf78aa3cb] Created FlowFile[3037,92022462084399.mockFlowFile,24B] from FlowFile[3036,92022462084399.mockFlowFile,24B]; routing to relationship simple
[pool-3841-thread-1] INFO org.apache.nifi.processors.standard.RouteText - RouteText[id=e191155b-3232-49bd-bfe9-6bfcf78aa3cb] Routing FlowFile[3036,92022462084399.mockFlowFile,24B] to original
[main] DEBUG org.apache.nifi.processors.standard.RouteText - RouteText[id=e191155b-3232-49bd-bfe9-6bfcf78aa3cb] Adding new dynamic property: PropertyDescriptor[simple]
[pool-3842-thread-1] INFO org.apache.nifi.processors.standard.RouteText - RouteText[id=e191155b-3232-49bd-bfe9-6bfcf78aa3cb] Created FlowFile[3039,92022462701853.mockFlowFile,24B] from FlowFile[3038,92022462701853.mockFlowFile,24B]; routing to relationship simple
[pool-3842-thread-1] INFO org.apache.nifi.processors.standard.RouteText - RouteText[id=e191155b-3232-49bd-bfe9-6bfcf78aa3cb] Routing FlowFile[3038,92022462701853.mockFlowFile,24B] to original
[main] DEBUG org.apache.nifi.processors.standard.RouteText - RouteText[id=e191155b-3232-49bd-bfe9-6bfcf78aa3cb] Adding new dynamic property: PropertyDescriptor[simple]
[pool-3843-thread-1] INFO org.apache.nifi.processors.standard.RouteText - RouteText[id=e191155b-3232-49bd-bfe9-6bfcf78aa3cb] Created FlowFile[3041,92022463238148.mockFlowFile,24B] from FlowFile[3040,92022463238148.mockFlowFile,24B]; routing to relationship simple
[pool-3843-thread-1] INFO org.apache.nifi.processors.standard.RouteText - RouteText[id=e191155b-3232-49bd-bfe9-6bfcf78aa3cb] Routing FlowFile[3040,92022463238148.mockFlowFile,24B] to original
[main] DEBUG org.apache.nifi.processors.standard.RouteText - RouteText[id=e191155b-3232-49bd-bfe9-6bfcf78aa3cb] Adding new dynamic property: PropertyDescriptor[simple]
[pool-3844-thread-1] INFO org.apache.nifi.processors.standard.RouteText - RouteText[id=e191155b-3232-49bd-bfe9-6bfcf78aa3cb] Created FlowFile[3043,92022463766312.mockFlowFile,24B] from FlowFile[3042,92022463766312.mockFlowFile,24B]; routing to relationship simple
[pool-3844-thread-1] INFO org.apache.nifi.processors.standard.RouteText - RouteText[id=e191155b-3232-49bd-bfe9-6bfcf78aa3cb] Routing FlowFile[3042,92022463766312.mockFlowFile,24B] to original
[main] DEBUG org.apache.nifi.processors.standard.RouteText - RouteText[id=e191155b-3232-49bd-bfe9-6bfcf78aa3cb] Adding new dynamic property: PropertyDescriptor[simple]
[pool-3845-thread-1] INFO org.apache.nifi.processors.standard.RouteText - RouteText[id=e191155b-3232-49bd-bfe9-6bfcf78aa3cb] Created FlowFile[3045,92022464319184.mockFlowFile,24B] from FlowFile[3044,92022464319184.mockFlowFile,24B]; routing to relationship simple
[pool-3845-thread-1] INFO org.apache.nifi.processors.standard.RouteText - RouteText[id=e191155b-3232-49bd-bfe9-6bfcf78aa3cb] Routing FlowFile[3044,92022464319184.mockFlowFile,24B] to original
[main] DEBUG org.apache.nifi.processors.standard.RouteText - RouteText[id=e191155b-3232-49bd-bfe9-6bfcf78aa3cb] Adding new dynamic property: PropertyDescriptor[simple]
[pool-3846-thread-1] INFO org.apache.nifi.processors.standard.RouteText - RouteText[id=e191155b-3232-49bd-bfe9-6bfcf78aa3cb] Created FlowFile[3047,92022464813603.mockFlowFile,24B] from FlowFile[3046,92022464813603.mockFlowFile,24B]; routing to relationship simple
[pool-3846-thread-1] INFO org.apache.nifi.processors.standard.RouteText - RouteText[id=e191155b-3232-49bd-bfe9-6bfcf78aa3cb] Routing FlowFile[3046,92022464813603.mockFlowFile,24B] to original
[main] DEBUG org.apache.nifi.processors.standard.RouteText - RouteText[id=e191155b-3232-49bd-bfe9-6bfcf78aa3cb] Adding new dynamic property: PropertyDescriptor[simple]
[pool-3847-thread-1] INFO org.apache.nifi.processors.standard.RouteText - RouteText[id=e191155b-3232-49bd-bfe9-6bfcf78aa3cb] Created FlowFile[3049,92022465309728.mockFlowFile,24B] from FlowFile[3048,92022465309728.mockFlowFile,24B]; routing to relationship simple
[pool-3847-thread-1] INFO org.apache.nifi.processors.standard.RouteText - RouteText[id=e191155b-3232-49bd-bfe9-6bfcf78aa3cb] Routing FlowFile[3048,92022465309728.mockFlowFile,24B] to original
[main] DEBUG org.apache.nifi.processors.standard.RouteText - RouteText[id=e191155b-3232-49bd-bfe9-6bfcf78aa3cb] Adding new dynamic property: PropertyDescriptor[simple]
[pool-3848-thread-1] INFO org.apache.nifi.processors.standard.RouteText - RouteText[id=e191155b-3232-49bd-bfe9-6bfcf78aa3cb] Created FlowFile[3051,92022465818335.mockFlowFile,24B] from FlowFile[3050,92022465818335.mockFlowFile,24B]; routing to relationship simple
[pool-3848-thread-1] INFO org.apache.nifi.processors.standard.RouteText - RouteText[id=e191155b-3232-49bd-bfe9-6bfcf78aa3cb] Routing FlowFile[3050,92022465818335.mockFlowFile,24B] to original
[main] DEBUG org.apache.nifi.processors.standard.RouteText - RouteText[id=e191155b-3232-49bd-bfe9-6bfcf78aa3cb] Adding new dynamic property: PropertyDescriptor[simple]
[pool-3849-thread-1] INFO org.apache.nifi.processors.standard.RouteText - RouteText[id=e191155b-3232-49bd-bfe9-6bfcf78aa3cb] Created FlowFile[3053,92022466312133.mockFlowFile,24B] from FlowFile[3052,92022466312133.mockFlowFile,24B]; routing to relationship simple
[pool-3849-thread-1] INFO org.apache.nifi.processors.standard.RouteText - RouteText[id=e191155b-3232-49bd-bfe9-6bfcf78aa3cb] Routing FlowFile[3052,92022466312133.mockFlowFile,24B] to original
[main] DEBUG org.apache.nifi.processors.standard.RouteText - RouteText[id=e191155b-3232-49bd-bfe9-6bfcf78aa3cb] Adding new dynamic property: PropertyDescriptor[simple]
[pool-3850-thread-1] INFO org.apache.nifi.processors.standard.RouteText - RouteText[id=e191155b-3232-49bd-bfe9-6bfcf78aa3cb] Created FlowFile[3055,92022466813436.mockFlowFile,24B] from FlowFile[3054,92022466813436.mockFlowFile,24B]; routing to relationship simple
[pool-3850-thread-1] INFO org.apache.nifi.processors.standard.RouteText - RouteText[id=e191155b-3232-49bd-bfe9-6bfcf78aa3cb] Routing FlowFile[3054,92022466813436.mockFlowFile,24B] to original
[main] DEBUG org.apache.nifi.processors.standard.RouteText - RouteText[id=e191155b-3232-49bd-bfe9-6bfcf78aa3cb] Adding new dynamic property: PropertyDescriptor[simple]
[pool-3851-thread-1] INFO org.apache.nifi.processors.standard.RouteText - RouteText[id=e191155b-3232-49bd-bfe9-6bfcf78aa3cb] Created FlowFile[3057,92022467294565.mockFlowFile,24B] from FlowFile[3056,92022467294565.mockFlowFile,24B]; routing to relationship simple
[pool-3851-thread-1] INFO org.apache.nifi.processors.standard.RouteText - RouteText[id=e191155b-3232-49bd-bfe9-6bfcf78aa3cb] Routing FlowFile[3056,92022467294565.mockFlowFile,24B] to original
[main] DEBUG org.apache.nifi.processors.standard.RouteText - RouteText[id=e191155b-3232-49bd-bfe9-6bfcf78aa3cb] Adding new dynamic property: PropertyDescriptor[simple]
[pool-3852-thread-1] INFO org.apache.nifi.processors.standard.RouteText - RouteText[id=e191155b-3232-49bd-bfe9-6bfcf78aa3cb] Created FlowFile[3059,92022467807408.mockFlowFile,24B] from FlowFile[3058,92022467807408.mockFlowFile,24B]; routing to relationship simple
[pool-3852-thread-1] INFO org.apache.nifi.processors.standard.RouteText - RouteText[id=e191155b-3232-49bd-bfe9-6bfcf78aa3cb] Routing FlowFile[3058,92022467807408.mockFlowFile,24B] to original
[main] DEBUG org.apache.nifi.processors.standard.RouteText - RouteText[id=e191155b-3232-49bd-bfe9-6bfcf78aa3cb] Adding new dynamic property: PropertyDescriptor[simple]
[pool-3853-thread-1] INFO org.apache.nifi.processors.standard.RouteText - RouteText[id=e191155b-3232-49bd-bfe9-6bfcf78aa3cb] Created FlowFile[3061,92022468533120.mockFlowFile,24B] from FlowFile[3060,92022468533120.mockFlowFile,24B]; routing to relationship simple
[pool-3853-thread-1] INFO org.apache.nifi.processors.standard.RouteText - RouteText[id=e191155b-3232-49bd-bfe9-6bfcf78aa3cb] Routing FlowFile[3060,92022468533120.mockFlowFile,24B] to original
[main] DEBUG org.apache.nifi.processors.standard.RouteText - RouteText[id=e191155b-3232-49bd-bfe9-6bfcf78aa3cb] Adding new dynamic property: PropertyDescriptor[simple]
[pool-3854-thread-1] INFO org.apache.nifi.processors.standard.RouteText - RouteText[id=e191155b-3232-49bd-bfe9-6bfcf78aa3cb] Created FlowFile[3063,92022469038446.mockFlowFile,24B] from FlowFile[3062,92022469038446.mockFlowFile,24B]; routing to relationship simple
[pool-3854-thread-1] INFO org.apache.nifi.processors.standard.RouteText - RouteText[id=e191155b-3232-49bd-bfe9-6bfcf78aa3cb] Routing FlowFile[3062,92022469038446.mockFlowFile,24B] to original
[main] DEBUG org.apache.nifi.processors.standard.RouteText - RouteText[id=e191155b-3232-49bd-bfe9-6bfcf78aa3cb] Adding new dynamic property: PropertyDescriptor[simple]
[pool-3855-thread-1] INFO org.apache.nifi.processors.standard.RouteText - RouteText[id=e191155b-3232-49bd-bfe9-6bfcf78aa3cb] Created FlowFile[3065,92022469659617.mockFlowFile,24B] from FlowFile[3064,92022469659617.mockFlowFile,24B]; routing to relationship simple
[pool-3855-thread-1] INFO org.apache.nifi.processors.standard.RouteText - RouteText[id=e191155b-3232-49bd-bfe9-6bfcf78aa3cb] Routing FlowFile[3064,92022469659617.mockFlowFile,24B] to original
[main] DEBUG org.apache.nifi.processors.standard.RouteText - RouteText[id=e191155b-3232-49bd-bfe9-6bfcf78aa3cb] Adding new dynamic property: PropertyDescriptor[simple]
[pool-3856-thread-1] INFO org.apache.nifi.processors.standard.RouteText - RouteText[id=e191155b-3232-49bd-bfe9-6bfcf78aa3cb] Created FlowFile[3067,92022470168079.mockFlowFile,24B] from FlowFile[3066,92022470168079.mockFlowFile,24B]; routing to relationship simple
[pool-3856-thread-1] INFO org.apache.nifi.processors.standard.RouteText - RouteText[id=e191155b-3232-49bd-bfe9-6bfcf78aa3cb] Routing FlowFile[3066,92022470168079.mockFlowFile,24B] to original
[main] DEBUG org.apache.nifi.processors.standard.RouteText - RouteText[id=e191155b-3232-49bd-bfe9-6bfcf78aa3cb] Adding new dynamic property: PropertyDescriptor[simple]
[pool-3857-thread-1] INFO org.apache.nifi.processors.standard.RouteText - RouteText[id=e191155b-3232-49bd-bfe9-6bfcf78aa3cb] Created FlowFile[3069,92022470609121.mockFlowFile,24B] from FlowFile[3068,92022470609121.mockFlowFile,24B]; routing to relationship simple
[pool-3857-thread-1] INFO org.apache.nifi.processors.standard.RouteText - RouteText[id=e191155b-3232-49bd-bfe9-6bfcf78aa3cb] Routing FlowFile[3068,92022470609121.mockFlowFile,24B] to original
[main] DEBUG org.apache.nifi.processors.standard.RouteText - RouteText[id=e191155b-3232-49bd-bfe9-6bfcf78aa3cb] Adding new dynamic property: PropertyDescriptor[simple]
[pool-3858-thread-1] INFO org.apache.nifi.processors.standard.RouteText - RouteText[id=e191155b-3232-49bd-bfe9-6bfcf78aa3cb] Created FlowFile[3071,92022471077355.mockFlowFile,24B] from FlowFile[3070,92022471077355.mockFlowFile,24B]; routing to relationship simple
[pool-3858-thread-1] INFO org.apache.nifi.processors.standard.RouteText - RouteText[id=e191155b-3232-49bd-bfe9-6bfcf78aa3cb] Routing FlowFile[3070,92022471077355.mockFlowFile,24B] to original
[main] DEBUG org.apache.nifi.processors.standard.RouteText - RouteText[id=e191155b-3232-49bd-bfe9-6bfcf78aa3cb] Adding new dynamic property: PropertyDescriptor[simple]
[pool-3859-thread-1] INFO org.apache.nifi.processors.standard.RouteText - RouteText[id=e191155b-3232-49bd-bfe9-6bfcf78aa3cb] Created FlowFile[3073,92022471536782.mockFlowFile,24B] from FlowFile[3072,92022471536782.mockFlowFile,24B]; routing to relationship simple
[pool-3859-thread-1] INFO org.apache.nifi.processors.standard.RouteText - RouteText[id=e191155b-3232-49bd-bfe9-6bfcf78aa3cb] Routing FlowFile[3072,92022471536782.mockFlowFile,24B] to original
[main] DEBUG org.apache.nifi.processors.standard.RouteText - RouteText[id=e191155b-3232-49bd-bfe9-6bfcf78aa3cb] Adding new dynamic property: PropertyDescriptor[simple]
[pool-3860-thread-1] INFO org.apache.nifi.processors.standard.RouteText - RouteText[id=e191155b-3232-49bd-bfe9-6bfcf78aa3cb] Created FlowFile[3075,92022472047142.mockFlowFile,24B] from FlowFile[3074,92022472047142.mockFlowFile,24B]; routing to relationship simple
[pool-3860-thread-1] INFO org.apache.nifi.processors.standard.RouteText - RouteText[id=e191155b-3232-49bd-bfe9-6bfcf78aa3cb] Routing FlowFile[3074,92022472047142.mockFlowFile,24B] to original
[main] DEBUG org.apache.nifi.processors.standard.RouteText - RouteText[id=e191155b-3232-49bd-bfe9-6bfcf78aa3cb] Adding new dynamic property: PropertyDescriptor[simple]
[pool-3861-thread-1] INFO org.apache.nifi.processors.standard.RouteText - RouteText[id=e191155b-3232-49bd-bfe9-6bfcf78aa3cb] Created FlowFile[3077,92022472518864.mockFlowFile,24B] from FlowFile[3076,92022472518864.mockFlowFile,24B]; routing to relationship simple
[pool-3861-thread-1] INFO org.apache.nifi.processors.standard.RouteText - RouteText[id=e191155b-3232-49bd-bfe9-6bfcf78aa3cb] Routing FlowFile[3076,92022472518864.mockFlowFile,24B] to original
[main] DEBUG org.apache.nifi.processors.standard.RouteText - RouteText[id=e191155b-3232-49bd-bfe9-6bfcf78aa3cb] Adding new dynamic property: PropertyDescriptor[simple]
[pool-3862-thread-1] INFO org.apache.nifi.processors.standard.RouteText - RouteText[id=e191155b-3232-49bd-bfe9-6bfcf78aa3cb] Created FlowFile[3079,92022473012059.mockFlowFile,24B] from FlowFile[3078,92022473012059.mockFlowFile,24B]; routing to relationship simple
[pool-3862-thread-1] INFO org.apache.nifi.processors.standard.RouteText - RouteText[id=e191155b-3232-49bd-bfe9-6bfcf78aa3cb] Routing FlowFile[3078,92022473012059.mockFlowFile,24B] to original
[main] DEBUG org.apache.nifi.processors.standard.RouteText - RouteText[id=e191155b-3232-49bd-bfe9-6bfcf78aa3cb] Adding new dynamic property: PropertyDescriptor[simple]
[pool-3863-thread-1] INFO org.apache.nifi.processors.standard.RouteText - RouteText[id=e191155b-3232-49bd-bfe9-6bfcf78aa3cb] Created FlowFile[3081,92022473497971.mockFlowFile,24B] from FlowFile[3080,92022473497971.mockFlowFile,24B]; routing to relationship simple
[pool-3863-thread-1] INFO org.apache.nifi.processors.standard.RouteText - RouteText[id=e191155b-3232-49bd-bfe9-6bfcf78aa3cb] Routing FlowFile[3080,92022473497971.mockFlowFile,24B] to original
[main] DEBUG org.apache.nifi.processors.standard.RouteText - RouteText[id=e191155b-3232-49bd-bfe9-6bfcf78aa3cb] Adding new dynamic property: PropertyDescriptor[simple]
[pool-3864-thread-1] INFO org.apache.nifi.processors.standard.RouteText - RouteText[id=e191155b-3232-49bd-bfe9-6bfcf78aa3cb] Created FlowFile[3083,92022473946089.mockFlowFile,24B] from FlowFile[3082,92022473946089.mockFlowFile,24B]; routing to relationship simple
[pool-3864-thread-1] INFO org.apache.nifi.processors.standard.RouteText - RouteText[id=e191155b-3232-49bd-bfe9-6bfcf78aa3cb] Routing FlowFile[3082,92022473946089.mockFlowFile,24B] to original
[main] DEBUG org.apache.nifi.processors.standard.RouteText - RouteText[id=e191155b-3232-49bd-bfe9-6bfcf78aa3cb] Adding new dynamic property: PropertyDescriptor[simple]
[pool-3865-thread-1] INFO org.apache.nifi.processors.standard.RouteText - RouteText[id=e191155b-3232-49bd-bfe9-6bfcf78aa3cb] Created FlowFile[3085,92022474397291.mockFlowFile,24B] from FlowFile[3084,92022474397291.mockFlowFile,24B]; routing to relationship simple
[pool-3865-thread-1] INFO org.apache.nifi.processors.standard.RouteText - RouteText[id=e191155b-3232-49bd-bfe9-6bfcf78aa3cb] Routing FlowFile[3084,92022474397291.mockFlowFile,24B] to original
[main] DEBUG org.apache.nifi.processors.standard.RouteText - RouteText[id=e191155b-3232-49bd-bfe9-6bfcf78aa3cb] Adding new dynamic property: PropertyDescriptor[simple]
[pool-3866-thread-1] INFO org.apache.nifi.processors.standard.RouteText - RouteText[id=e191155b-3232-49bd-bfe9-6bfcf78aa3cb] Created FlowFile[3087,92022474872685.mockFlowFile,24B] from FlowFile[3086,92022474872685.mockFlowFile,24B]; routing to relationship simple
[pool-3866-thread-1] INFO org.apache.nifi.processors.standard.RouteText - RouteText[id=e191155b-3232-49bd-bfe9-6bfcf78aa3cb] Routing FlowFile[3086,92022474872685.mockFlowFile,24B] to original
[main] DEBUG org.apache.nifi.processors.standard.RouteText - RouteText[id=e191155b-3232-49bd-bfe9-6bfcf78aa3cb] Adding new dynamic property: PropertyDescriptor[simple]
[pool-3867-thread-1] INFO org.apache.nifi.processors.standard.RouteText - RouteText[id=e191155b-3232-49bd-bfe9-6bfcf78aa3cb] Created FlowFile[3089,92022475359132.mockFlowFile,24B] from FlowFile[3088,92022475359132.mockFlowFile,24B]; routing to relationship simple
[pool-3867-thread-1] INFO org.apache.nifi.processors.standard.RouteText - RouteText[id=e191155b-3232-49bd-bfe9-6bfcf78aa3cb] Routing FlowFile[3088,92022475359132.mockFlowFile,24B] to original
[main] DEBUG org.apache.nifi.processors.standard.RouteText - RouteText[id=e191155b-3232-49bd-bfe9-6bfcf78aa3cb] Adding new dynamic property: PropertyDescriptor[simple]
[pool-3868-thread-1] INFO org.apache.nifi.processors.standard.RouteText - RouteText[id=e191155b-3232-49bd-bfe9-6bfcf78aa3cb] Created FlowFile[3091,92022475841523.mockFlowFile,24B] from FlowFile[3090,92022475841523.mockFlowFile,24B]; routing to relationship simple
[pool-3868-thread-1] INFO org.apache.nifi.processors.standard.RouteText - RouteText[id=e191155b-3232-49bd-bfe9-6bfcf78aa3cb] Routing FlowFile[3090,92022475841523.mockFlowFile,24B] to original
[main] DEBUG org.apache.nifi.processors.standard.RouteText - RouteText[id=e191155b-3232-49bd-bfe9-6bfcf78aa3cb] Adding new dynamic property: PropertyDescriptor[simple]
[pool-3869-thread-1] INFO org.apache.nifi.processors.standard.RouteText - RouteText[id=e191155b-3232-49bd-bfe9-6bfcf78aa3cb] Created FlowFile[3093,92022476351932.mockFlowFile,24B] from FlowFile[3092,92022476351932.mockFlowFile,24B]; routing to relationship simple
[pool-3869-thread-1] INFO org.apache.nifi.processors.standard.RouteText - RouteText[id=e191155b-3232-49bd-bfe9-6bfcf78aa3cb] Routing FlowFile[3092,92022476351932.mockFlowFile,24B] to original
[main] DEBUG org.apache.nifi.processors.standard.RouteText - RouteText[id=e191155b-3232-49bd-bfe9-6bfcf78aa3cb] Adding new dynamic property: PropertyDescriptor[simple]
[pool-3870-thread-1] INFO org.apache.nifi.processors.standard.RouteText - RouteText[id=e191155b-3232-49bd-bfe9-6bfcf78aa3cb] Created FlowFile[3095,92022476808367.mockFlowFile,24B] from FlowFile[3094,92022476808367.mockFlowFile,24B]; routing to relationship simple
[pool-3870-thread-1] INFO org.apache.nifi.processors.standard.RouteText - RouteText[id=e191155b-3232-49bd-bfe9-6bfcf78aa3cb] Routing FlowFile[3094,92022476808367.mockFlowFile,24B] to original
[main] DEBUG org.apache.nifi.processors.standard.RouteText - RouteText[id=e191155b-3232-49bd-bfe9-6bfcf78aa3cb] Adding new dynamic property: PropertyDescriptor[simple]
[pool-3871-thread-1] INFO org.apache.nifi.processors.standard.RouteText - RouteText[id=e191155b-3232-49bd-bfe9-6bfcf78aa3cb] Created FlowFile[3097,92022477262022.mockFlowFile,24B] from FlowFile[3096,92022477262022.mockFlowFile,24B]; routing to relationship simple
[pool-3871-thread-1] INFO org.apache.nifi.processors.standard.RouteText - RouteText[id=e191155b-3232-49bd-bfe9-6bfcf78aa3cb] Routing FlowFile[3096,92022477262022.mockFlowFile,24B] to original
[main] DEBUG org.apache.nifi.processors.standard.RouteText - RouteText[id=e191155b-3232-49bd-bfe9-6bfcf78aa3cb] Adding new dynamic property: PropertyDescriptor[simple]
[pool-3872-thread-1] INFO org.apache.nifi.processors.standard.RouteText - RouteText[id=e191155b-3232-49bd-bfe9-6bfcf78aa3cb] Created FlowFile[3099,92022477699241.mockFlowFile,24B] from FlowFile[3098,92022477699241.mockFlowFile,24B]; routing to relationship simple
[pool-3872-thread-1] INFO org.apache.nifi.processors.standard.RouteText - RouteText[id=e191155b-3232-49bd-bfe9-6bfcf78aa3cb] Routing FlowFile[3098,92022477699241.mockFlowFile,24B] to original
[main] DEBUG org.apache.nifi.processors.standard.RouteText - RouteText[id=e191155b-3232-49bd-bfe9-6bfcf78aa3cb] Adding new dynamic property: PropertyDescriptor[simple]
[pool-3873-thread-1] INFO org.apache.nifi.processors.standard.RouteText - RouteText[id=e191155b-3232-49bd-bfe9-6bfcf78aa3cb] Created FlowFile[3101,92022478151389.mockFlowFile,24B] from FlowFile[3100,92022478151389.mockFlowFile,24B]; routing to relationship simple
[pool-3873-thread-1] INFO org.apache.nifi.processors.standard.RouteText - RouteText[id=e191155b-3232-49bd-bfe9-6bfcf78aa3cb] Routing FlowFile[3100,92022478151389.mockFlowFile,24B] to original
[main] DEBUG org.apache.nifi.processors.standard.RouteText - RouteText[id=e191155b-3232-49bd-bfe9-6bfcf78aa3cb] Adding new dynamic property: PropertyDescriptor[simple]
[pool-3874-thread-1] INFO org.apache.nifi.processors.standard.RouteText - RouteText[id=e191155b-3232-49bd-bfe9-6bfcf78aa3cb] Created FlowFile[3103,92022478594408.mockFlowFile,24B] from FlowFile[3102,92022478594408.mockFlowFile,24B]; routing to relationship simple
[pool-3874-thread-1] INFO org.apache.nifi.processors.standard.RouteText - RouteText[id=e191155b-3232-49bd-bfe9-6bfcf78aa3cb] Routing FlowFile[3102,92022478594408.mockFlowFile,24B] to original
[main] DEBUG org.apache.nifi.processors.standard.RouteText - RouteText[id=e191155b-3232-49bd-bfe9-6bfcf78aa3cb] Adding new dynamic property: PropertyDescriptor[simple]
[pool-3875-thread-1] INFO org.apache.nifi.processors.standard.RouteText - RouteText[id=e191155b-3232-49bd-bfe9-6bfcf78aa3cb] Created FlowFile[3105,92022479019325.mockFlowFile,24B] from FlowFile[3104,92022479019325.mockFlowFile,24B]; routing to relationship simple
[pool-3875-thread-1] INFO org.apache.nifi.processors.standard.RouteText - RouteText[id=e191155b-3232-49bd-bfe9-6bfcf78aa3cb] Routing FlowFile[3104,92022479019325.mockFlowFile,24B] to original
[main] DEBUG org.apache.nifi.processors.standard.RouteText - RouteText[id=e191155b-3232-49bd-bfe9-6bfcf78aa3cb] Adding new dynamic property: PropertyDescriptor[simple]
[pool-3876-thread-1] INFO org.apache.nifi.processors.standard.RouteText - RouteText[id=e191155b-3232-49bd-bfe9-6bfcf78aa3cb] Created FlowFile[3107,92022479453448.mockFlowFile,24B] from FlowFile[3106,92022479453448.mockFlowFile,24B]; routing to relationship simple
[pool-3876-thread-1] INFO org.apache.nifi.processors.standard.RouteText - RouteText[id=e191155b-3232-49bd-bfe9-6bfcf78aa3cb] Routing FlowFile[3106,92022479453448.mockFlowFile,24B] to original
[main] DEBUG org.apache.nifi.processors.standard.RouteText - RouteText[id=e191155b-3232-49bd-bfe9-6bfcf78aa3cb] Adding new dynamic property: PropertyDescriptor[simple]
[pool-3877-thread-1] INFO org.apache.nifi.processors.standard.RouteText - RouteText[id=e191155b-3232-49bd-bfe9-6bfcf78aa3cb] Created FlowFile[3109,92022479924360.mockFlowFile,24B] from FlowFile[3108,92022479924360.mockFlowFile,24B]; routing to relationship simple
[pool-3877-thread-1] INFO org.apache.nifi.processors.standard.RouteText - RouteText[id=e191155b-3232-49bd-bfe9-6bfcf78aa3cb] Routing FlowFile[3108,92022479924360.mockFlowFile,24B] to original
[main] DEBUG org.apache.nifi.processors.standard.RouteText - RouteText[id=e191155b-3232-49bd-bfe9-6bfcf78aa3cb] Adding new dynamic property: PropertyDescriptor[simple]
[pool-3878-thread-1] INFO org.apache.nifi.processors.standard.RouteText - RouteText[id=e191155b-3232-49bd-bfe9-6bfcf78aa3cb] Created FlowFile[3111,92022480475305.mockFlowFile,24B] from FlowFile[3110,92022480475305.mockFlowFile,24B]; routing to relationship simple
[pool-3878-thread-1] INFO org.apache.nifi.processors.standard.RouteText - RouteText[id=e191155b-3232-49bd-bfe9-6bfcf78aa3cb] Routing FlowFile[3110,92022480475305.mockFlowFile,24B] to original
[main] DEBUG org.apache.nifi.processors.standard.RouteText - RouteText[id=e191155b-3232-49bd-bfe9-6bfcf78aa3cb] Adding new dynamic property: PropertyDescriptor[simple]
[pool-3879-thread-1] INFO org.apache.nifi.processors.standard.RouteText - RouteText[id=e191155b-3232-49bd-bfe9-6bfcf78aa3cb] Created FlowFile[3113,92022480963502.mockFlowFile,24B] from FlowFile[3112,92022480963502.mockFlowFile,24B]; routing to relationship simple
[pool-3879-thread-1] INFO org.apache.nifi.processors.standard.RouteText - RouteText[id=e191155b-3232-49bd-bfe9-6bfcf78aa3cb] Routing FlowFile[3112,92022480963502.mockFlowFile,24B] to original
[main] DEBUG org.apache.nifi.processors.standard.RouteText - RouteText[id=e191155b-3232-49bd-bfe9-6bfcf78aa3cb] Adding new dynamic property: PropertyDescriptor[simple]
[pool-3880-thread-1] INFO org.apache.nifi.processors.standard.RouteText - RouteText[id=e191155b-3232-49bd-bfe9-6bfcf78aa3cb] Created FlowFile[3115,92022481455996.mockFlowFile,24B] from FlowFile[3114,92022481455996.mockFlowFile,24B]; routing to relationship simple
[pool-3880-thread-1] INFO org.apache.nifi.processors.standard.RouteText - RouteText[id=e191155b-3232-49bd-bfe9-6bfcf78aa3cb] Routing FlowFile[3114,92022481455996.mockFlowFile,24B] to original
[main] DEBUG org.apache.nifi.processors.standard.RouteText - RouteText[id=e191155b-3232-49bd-bfe9-6bfcf78aa3cb] Adding new dynamic property: PropertyDescriptor[simple]
[pool-3881-thread-1] INFO org.apache.nifi.processors.standard.RouteText - RouteText[id=e191155b-3232-49bd-bfe9-6bfcf78aa3cb] Created FlowFile[3117,92022481944522.mockFlowFile,24B] from FlowFile[3116,92022481944522.mockFlowFile,24B]; routing to relationship simple
[pool-3881-thread-1] INFO org.apache.nifi.processors.standard.RouteText - RouteText[id=e191155b-3232-49bd-bfe9-6bfcf78aa3cb] Routing FlowFile[3116,92022481944522.mockFlowFile,24B] to original
[main] DEBUG org.apache.nifi.processors.standard.RouteText - RouteText[id=e191155b-3232-49bd-bfe9-6bfcf78aa3cb] Adding new dynamic property: PropertyDescriptor[simple]
[pool-3882-thread-1] INFO org.apache.nifi.processors.standard.RouteText - RouteText[id=e191155b-3232-49bd-bfe9-6bfcf78aa3cb] Created FlowFile[3119,92022482404224.mockFlowFile,24B] from FlowFile[3118,92022482404224.mockFlowFile,24B]; routing to relationship simple
[pool-3882-thread-1] INFO org.apache.nifi.processors.standard.RouteText - RouteText[id=e191155b-3232-49bd-bfe9-6bfcf78aa3cb] Routing FlowFile[3118,92022482404224.mockFlowFile,24B] to original
[main] DEBUG org.apache.nifi.processors.standard.RouteText - RouteText[id=e191155b-3232-49bd-bfe9-6bfcf78aa3cb] Adding new dynamic property: PropertyDescriptor[simple]
[pool-3883-thread-1] INFO org.apache.nifi.processors.standard.RouteText - RouteText[id=e191155b-3232-49bd-bfe9-6bfcf78aa3cb] Created FlowFile[3121,92022482909852.mockFlowFile,24B] from FlowFile[3120,92022482909852.mockFlowFile,24B]; routing to relationship simple
[pool-3883-thread-1] INFO org.apache.nifi.processors.standard.RouteText - RouteText[id=e191155b-3232-49bd-bfe9-6bfcf78aa3cb] Routing FlowFile[3120,92022482909852.mockFlowFile,24B] to original
[main] DEBUG org.apache.nifi.processors.standard.RouteText - RouteText[id=e191155b-3232-49bd-bfe9-6bfcf78aa3cb] Adding new dynamic property: PropertyDescriptor[simple]
[pool-3884-thread-1] INFO org.apache.nifi.processors.standard.RouteText - RouteText[id=e191155b-3232-49bd-bfe9-6bfcf78aa3cb] Created FlowFile[3123,92022483451486.mockFlowFile,24B] from FlowFile[3122,92022483451486.mockFlowFile,24B]; routing to relationship simple
[pool-3884-thread-1] INFO org.apache.nifi.processors.standard.RouteText - RouteText[id=e191155b-3232-49bd-bfe9-6bfcf78aa3cb] Routing FlowFile[3122,92022483451486.mockFlowFile,24B] to original
[main] DEBUG org.apache.nifi.processors.standard.RouteText - RouteText[id=e191155b-3232-49bd-bfe9-6bfcf78aa3cb] Adding new dynamic property: PropertyDescriptor[simple]
[pool-3885-thread-1] INFO org.apache.nifi.processors.standard.RouteText - RouteText[id=e191155b-3232-49bd-bfe9-6bfcf78aa3cb] Created FlowFile[3125,92022484033824.mockFlowFile,24B] from FlowFile[3124,92022484033824.mockFlowFile,24B]; routing to relationship simple
[pool-3885-thread-1] INFO org.apache.nifi.processors.standard.RouteText - RouteText[id=e191155b-3232-49bd-bfe9-6bfcf78aa3cb] Routing FlowFile[3124,92022484033824.mockFlowFile,24B] to original
[main] DEBUG org.apache.nifi.processors.standard.RouteText - RouteText[id=e191155b-3232-49bd-bfe9-6bfcf78aa3cb] Adding new dynamic property: PropertyDescriptor[simple]
[pool-3886-thread-1] INFO org.apache.nifi.processors.standard.RouteText - RouteText[id=e191155b-3232-49bd-bfe9-6bfcf78aa3cb] Created FlowFile[3127,92022484559085.mockFlowFile,24B] from FlowFile[3126,92022484559085.mockFlowFile,24B]; routing to relationship simple
[pool-3886-thread-1] INFO org.apache.nifi.processors.standard.RouteText - RouteText[id=e191155b-3232-49bd-bfe9-6bfcf78aa3cb] Routing FlowFile[3126,92022484559085.mockFlowFile,24B] to original
[main] DEBUG org.apache.nifi.processors.standard.RouteText - RouteText[id=e191155b-3232-49bd-bfe9-6bfcf78aa3cb] Adding new dynamic property: PropertyDescriptor[simple]
[pool-3887-thread-1] INFO org.apache.nifi.processors.standard.RouteText - RouteText[id=e191155b-3232-49bd-bfe9-6bfcf78aa3cb] Created FlowFile[3129,92022485140024.mockFlowFile,24B] from FlowFile[3128,92022485140024.mockFlowFile,24B]; routing to relationship simple
[pool-3887-thread-1] INFO org.apache.nifi.processors.standard.RouteText - RouteText[id=e191155b-3232-49bd-bfe9-6bfcf78aa3cb] Routing FlowFile[3128,92022485140024.mockFlowFile,24B] to original
[main] DEBUG org.apache.nifi.processors.standard.RouteText - RouteText[id=e191155b-3232-49bd-bfe9-6bfcf78aa3cb] Adding new dynamic property: PropertyDescriptor[simple]
[pool-3888-thread-1] INFO org.apache.nifi.processors.standard.RouteText - RouteText[id=e191155b-3232-49bd-bfe9-6bfcf78aa3cb] Created FlowFile[3131,92022485694166.mockFlowFile,24B] from FlowFile[3130,92022485694166.mockFlowFile,24B]; routing to relationship simple
[pool-3888-thread-1] INFO org.apache.nifi.processors.standard.RouteText - RouteText[id=e191155b-3232-49bd-bfe9-6bfcf78aa3cb] Routing FlowFile[3130,92022485694166.mockFlowFile,24B] to original
[main] DEBUG org.apache.nifi.processors.standard.RouteText - RouteText[id=e191155b-3232-49bd-bfe9-6bfcf78aa3cb] Adding new dynamic property: PropertyDescriptor[simple]
[pool-3889-thread-1] INFO org.apache.nifi.processors.standard.RouteText - RouteText[id=e191155b-3232-49bd-bfe9-6bfcf78aa3cb] Created FlowFile[3133,92022486235718.mockFlowFile,24B] from FlowFile[3132,92022486235718.mockFlowFile,24B]; routing to relationship simple
[pool-3889-thread-1] INFO org.apache.nifi.processors.standard.RouteText - RouteText[id=e191155b-3232-49bd-bfe9-6bfcf78aa3cb] Routing FlowFile[3132,92022486235718.mockFlowFile,24B] to original
[main] DEBUG org.apache.nifi.processors.standard.RouteText - RouteText[id=e191155b-3232-49bd-bfe9-6bfcf78aa3cb] Adding new dynamic property: PropertyDescriptor[simple]
[pool-3890-thread-1] INFO org.apache.nifi.processors.standard.RouteText - RouteText[id=e191155b-3232-49bd-bfe9-6bfcf78aa3cb] Created FlowFile[3135,92022486728530.mockFlowFile,24B] from FlowFile[3134,92022486728530.mockFlowFile,24B]; routing to relationship simple
[pool-3890-thread-1] INFO org.apache.nifi.processors.standard.RouteText - RouteText[id=e191155b-3232-49bd-bfe9-6bfcf78aa3cb] Routing FlowFile[3134,92022486728530.mockFlowFile,24B] to original
[main] DEBUG org.apache.nifi.processors.standard.RouteText - RouteText[id=e191155b-3232-49bd-bfe9-6bfcf78aa3cb] Adding new dynamic property: PropertyDescriptor[simple]
[pool-3891-thread-1] INFO org.apache.nifi.processors.standard.RouteText - RouteText[id=e191155b-3232-49bd-bfe9-6bfcf78aa3cb] Created FlowFile[3137,92022487237807.mockFlowFile,24B] from FlowFile[3136,92022487237807.mockFlowFile,24B]; routing to relationship simple
[pool-3891-thread-1] INFO org.apache.nifi.processors.standard.RouteText - RouteText[id=e191155b-3232-49bd-bfe9-6bfcf78aa3cb] Routing FlowFile[3136,92022487237807.mockFlowFile,24B] to original
[main] DEBUG org.apache.nifi.processors.standard.RouteText - RouteText[id=e191155b-3232-49bd-bfe9-6bfcf78aa3cb] Adding new dynamic property: PropertyDescriptor[simple]
[pool-3892-thread-1] INFO org.apache.nifi.processors.standard.RouteText - RouteText[id=e191155b-3232-49bd-bfe9-6bfcf78aa3cb] Created FlowFile[3139,92022487744311.mockFlowFile,24B] from FlowFile[3138,92022487744311.mockFlowFile,24B]; routing to relationship simple
[pool-3892-thread-1] INFO org.apache.nifi.processors.standard.RouteText - RouteText[id=e191155b-3232-49bd-bfe9-6bfcf78aa3cb] Routing FlowFile[3138,92022487744311.mockFlowFile,24B] to original
[main] DEBUG org.apache.nifi.processors.standard.RouteText - RouteText[id=e191155b-3232-49bd-bfe9-6bfcf78aa3cb] Adding new dynamic property: PropertyDescriptor[simple]
[pool-3893-thread-1] INFO org.apache.nifi.processors.standard.RouteText - RouteText[id=e191155b-3232-49bd-bfe9-6bfcf78aa3cb] Created FlowFile[3141,92022488336136.mockFlowFile,24B] from FlowFile[3140,92022488336136.mockFlowFile,24B]; routing to relationship simple
[pool-3893-thread-1] INFO org.apache.nifi.processors.standard.RouteText - RouteText[id=e191155b-3232-49bd-bfe9-6bfcf78aa3cb] Routing FlowFile[3140,92022488336136.mockFlowFile,24B] to original
[main] DEBUG org.apache.nifi.processors.standard.RouteText - RouteText[id=e191155b-3232-49bd-bfe9-6bfcf78aa3cb] Adding new dynamic property: PropertyDescriptor[simple]
[pool-3894-thread-1] INFO org.apache.nifi.processors.standard.RouteText - RouteText[id=e191155b-3232-49bd-bfe9-6bfcf78aa3cb] Created FlowFile[3143,92022488845052.mockFlowFile,24B] from FlowFile[3142,92022488845052.mockFlowFile,24B]; routing to relationship simple
[pool-3894-thread-1] INFO org.apache.nifi.processors.standard.RouteText - RouteText[id=e191155b-3232-49bd-bfe9-6bfcf78aa3cb] Routing FlowFile[3142,92022488845052.mockFlowFile,24B] to original
[main] DEBUG org.apache.nifi.processors.standard.RouteText - RouteText[id=e191155b-3232-49bd-bfe9-6bfcf78aa3cb] Adding new dynamic property: PropertyDescriptor[simple]
[pool-3895-thread-1] INFO org.apache.nifi.processors.standard.RouteText - RouteText[id=e191155b-3232-49bd-bfe9-6bfcf78aa3cb] Created FlowFile[3145,92022489359430.mockFlowFile,24B] from FlowFile[3144,92022489359430.mockFlowFile,24B]; routing to relationship simple
[pool-3895-thread-1] INFO org.apache.nifi.processors.standard.RouteText - RouteText[id=e191155b-3232-49bd-bfe9-6bfcf78aa3cb] Routing FlowFile[3144,92022489359430.mockFlowFile,24B] to original
[main] DEBUG org.apache.nifi.processors.standard.RouteText - RouteText[id=e191155b-3232-49bd-bfe9-6bfcf78aa3cb] Adding new dynamic property: PropertyDescriptor[simple]
[pool-3896-thread-1] INFO org.apache.nifi.processors.standard.RouteText - RouteText[id=e191155b-3232-49bd-bfe9-6bfcf78aa3cb] Created FlowFile[3147,92022489866059.mockFlowFile,24B] from FlowFile[3146,92022489866059.mockFlowFile,24B]; routing to relationship simple
[pool-3896-thread-1] INFO org.apache.nifi.processors.standard.RouteText - RouteText[id=e191155b-3232-49bd-bfe9-6bfcf78aa3cb] Routing FlowFile[3146,92022489866059.mockFlowFile,24B] to original
[main] DEBUG org.apache.nifi.processors.standard.RouteText - RouteText[id=e191155b-3232-49bd-bfe9-6bfcf78aa3cb] Adding new dynamic property: PropertyDescriptor[simple]
[pool-3897-thread-1] INFO org.apache.nifi.processors.standard.RouteText - RouteText[id=e191155b-3232-49bd-bfe9-6bfcf78aa3cb] Created FlowFile[3149,92022490384504.mockFlowFile,24B] from FlowFile[3148,92022490384504.mockFlowFile,24B]; routing to relationship simple
[pool-3897-thread-1] INFO org.apache.nifi.processors.standard.RouteText - RouteText[id=e191155b-3232-49bd-bfe9-6bfcf78aa3cb] Routing FlowFile[3148,92022490384504.mockFlowFile,24B] to original
[main] DEBUG org.apache.nifi.processors.standard.RouteText - RouteText[id=e191155b-3232-49bd-bfe9-6bfcf78aa3cb] Adding new dynamic property: PropertyDescriptor[simple]
[pool-3898-thread-1] INFO org.apache.nifi.processors.standard.RouteText - RouteText[id=e191155b-3232-49bd-bfe9-6bfcf78aa3cb] Created FlowFile[3151,92022490906476.mockFlowFile,24B] from FlowFile[3150,92022490906476.mockFlowFile,24B]; routing to relationship simple
[pool-3898-thread-1] INFO org.apache.nifi.processors.standard.RouteText - RouteText[id=e191155b-3232-49bd-bfe9-6bfcf78aa3cb] Routing FlowFile[3150,92022490906476.mockFlowFile,24B] to original
[main] DEBUG org.apache.nifi.processors.standard.RouteText - RouteText[id=e191155b-3232-49bd-bfe9-6bfcf78aa3cb] Adding new dynamic property: PropertyDescriptor[simple]
[pool-3899-thread-1] INFO org.apache.nifi.processors.standard.RouteText - RouteText[id=e191155b-3232-49bd-bfe9-6bfcf78aa3cb] Created FlowFile[3153,92022513116179.mockFlowFile,24B] from FlowFile[3152,92022513116179.mockFlowFile,24B]; routing to relationship simple
[pool-3899-thread-1] INFO org.apache.nifi.processors.standard.RouteText - RouteText[id=e191155b-3232-49bd-bfe9-6bfcf78aa3cb] Routing FlowFile[3152,92022513116179.mockFlowFile,24B] to original
[main] DEBUG org.apache.nifi.processors.standard.RouteText - RouteText[id=e191155b-3232-49bd-bfe9-6bfcf78aa3cb] Adding new dynamic property: PropertyDescriptor[simple]
[pool-3900-thread-1] INFO org.apache.nifi.processors.standard.RouteText - RouteText[id=e191155b-3232-49bd-bfe9-6bfcf78aa3cb] Created FlowFile[3155,92022513653634.mockFlowFile,24B] from FlowFile[3154,92022513653634.mockFlowFile,24B]; routing to relationship simple
[pool-3900-thread-1] INFO org.apache.nifi.processors.standard.RouteText - RouteText[id=e191155b-3232-49bd-bfe9-6bfcf78aa3cb] Routing FlowFile[3154,92022513653634.mockFlowFile,24B] to original
[main] DEBUG org.apache.nifi.processors.standard.RouteText - RouteText[id=e191155b-3232-49bd-bfe9-6bfcf78aa3cb] Adding new dynamic property: PropertyDescriptor[simple]
[pool-3901-thread-1] INFO org.apache.nifi.processors.standard.RouteText - RouteText[id=e191155b-3232-49bd-bfe9-6bfcf78aa3cb] Created FlowFile[3157,92022514110278.mockFlowFile,24B] from FlowFile[3156,92022514110278.mockFlowFile,24B]; routing to relationship simple
[pool-3901-thread-1] INFO org.apache.nifi.processors.standard.RouteText - RouteText[id=e191155b-3232-49bd-bfe9-6bfcf78aa3cb] Routing FlowFile[3156,92022514110278.mockFlowFile,24B] to original
[main] DEBUG org.apache.nifi.processors.standard.RouteText - RouteText[id=e191155b-3232-49bd-bfe9-6bfcf78aa3cb] Adding new dynamic property: PropertyDescriptor[simple]
[pool-3902-thread-1] INFO org.apache.nifi.processors.standard.RouteText - RouteText[id=e191155b-3232-49bd-bfe9-6bfcf78aa3cb] Created FlowFile[3159,92022514626979.mockFlowFile,24B] from FlowFile[3158,92022514626979.mockFlowFile,24B]; routing to relationship simple
[pool-3902-thread-1] INFO org.apache.nifi.processors.standard.RouteText - RouteText[id=e191155b-3232-49bd-bfe9-6bfcf78aa3cb] Routing FlowFile[3158,92022514626979.mockFlowFile,24B] to original
[main] DEBUG org.apache.nifi.processors.standard.RouteText - RouteText[id=e191155b-3232-49bd-bfe9-6bfcf78aa3cb] Adding new dynamic property: PropertyDescriptor[simple]
[pool-3903-thread-1] INFO org.apache.nifi.processors.standard.RouteText - RouteText[id=e191155b-3232-49bd-bfe9-6bfcf78aa3cb] Created FlowFile[3161,92022515088699.mockFlowFile,24B] from FlowFile[3160,92022515088699.mockFlowFile,24B]; routing to relationship simple
[pool-3903-thread-1] INFO org.apache.nifi.processors.standard.RouteText - RouteText[id=e191155b-3232-49bd-bfe9-6bfcf78aa3cb] Routing FlowFile[3160,92022515088699.mockFlowFile,24B] to original
[main] DEBUG org.apache.nifi.processors.standard.RouteText - RouteText[id=e191155b-3232-49bd-bfe9-6bfcf78aa3cb] Adding new dynamic property: PropertyDescriptor[simple]
[pool-3904-thread-1] INFO org.apache.nifi.processors.standard.RouteText - RouteText[id=e191155b-3232-49bd-bfe9-6bfcf78aa3cb] Created FlowFile[3163,92022515666406.mockFlowFile,24B] from FlowFile[3162,92022515666406.mockFlowFile,24B]; routing to relationship simple
[pool-3904-thread-1] INFO org.apache.nifi.processors.standard.RouteText - RouteText[id=e191155b-3232-49bd-bfe9-6bfcf78aa3cb] Routing FlowFile[3162,92022515666406.mockFlowFile,24B] to original
[main] DEBUG org.apache.nifi.processors.standard.RouteText - RouteText[id=e191155b-3232-49bd-bfe9-6bfcf78aa3cb] Adding new dynamic property: PropertyDescriptor[simple]
[pool-3905-thread-1] INFO org.apache.nifi.processors.standard.RouteText - RouteText[id=e191155b-3232-49bd-bfe9-6bfcf78aa3cb] Created FlowFile[3165,92022516189024.mockFlowFile,24B] from FlowFile[3164,92022516189024.mockFlowFile,24B]; routing to relationship simple
[pool-3905-thread-1] INFO org.apache.nifi.processors.standard.RouteText - RouteText[id=e191155b-3232-49bd-bfe9-6bfcf78aa3cb] Routing FlowFile[3164,92022516189024.mockFlowFile,24B] to original
[main] DEBUG org.apache.nifi.processors.standard.RouteText - RouteText[id=e191155b-3232-49bd-bfe9-6bfcf78aa3cb] Adding new dynamic property: PropertyDescriptor[simple]
[pool-3906-thread-1] INFO org.apache.nifi.processors.standard.RouteText - RouteText[id=e191155b-3232-49bd-bfe9-6bfcf78aa3cb] Created FlowFile[3167,92022516669087.mockFlowFile,24B] from FlowFile[3166,92022516669087.mockFlowFile,24B]; routing to relationship simple
[pool-3906-thread-1] INFO org.apache.nifi.processors.standard.RouteText - RouteText[id=e191155b-3232-49bd-bfe9-6bfcf78aa3cb] Routing FlowFile[3166,92022516669087.mockFlowFile,24B] to original
[main] DEBUG org.apache.nifi.processors.standard.RouteText - RouteText[id=e191155b-3232-49bd-bfe9-6bfcf78aa3cb] Adding new dynamic property: PropertyDescriptor[simple]
[pool-3907-thread-1] INFO org.apache.nifi.processors.standard.RouteText - RouteText[id=e191155b-3232-49bd-bfe9-6bfcf78aa3cb] Created FlowFile[3169,92022517124195.mockFlowFile,24B] from FlowFile[3168,92022517124195.mockFlowFile,24B]; routing to relationship simple
[pool-3907-thread-1] INFO org.apache.nifi.processors.standard.RouteText - RouteText[id=e191155b-3232-49bd-bfe9-6bfcf78aa3cb] Routing FlowFile[3168,92022517124195.mockFlowFile,24B] to original
[main] DEBUG org.apache.nifi.processors.standard.RouteText - RouteText[id=e191155b-3232-49bd-bfe9-6bfcf78aa3cb] Adding new dynamic property: PropertyDescriptor[simple]
[pool-3908-thread-1] INFO org.apache.nifi.processors.standard.RouteText - RouteText[id=e191155b-3232-49bd-bfe9-6bfcf78aa3cb] Created FlowFile[3171,92022517550718.mockFlowFile,24B] from FlowFile[3170,92022517550718.mockFlowFile,24B]; routing to relationship simple
[pool-3908-thread-1] INFO org.apache.nifi.processors.standard.RouteText - RouteText[id=e191155b-3232-49bd-bfe9-6bfcf78aa3cb] Routing FlowFile[3170,92022517550718.mockFlowFile,24B] to original
[main] DEBUG org.apache.nifi.processors.standard.RouteText - RouteText[id=e191155b-3232-49bd-bfe9-6bfcf78aa3cb] Adding new dynamic property: PropertyDescriptor[simple]
[pool-3909-thread-1] INFO org.apache.nifi.processors.standard.RouteText - RouteText[id=e191155b-3232-49bd-bfe9-6bfcf78aa3cb] Created FlowFile[3173,92022518050745.mockFlowFile,24B] from FlowFile[3172,92022518050745.mockFlowFile,24B]; routing to relationship simple
[pool-3909-thread-1] INFO org.apache.nifi.processors.standard.RouteText - RouteText[id=e191155b-3232-49bd-bfe9-6bfcf78aa3cb] Routing FlowFile[3172,92022518050745.mockFlowFile,24B] to original
[main] DEBUG org.apache.nifi.processors.standard.RouteText - RouteText[id=e191155b-3232-49bd-bfe9-6bfcf78aa3cb] Adding new dynamic property: PropertyDescriptor[simple]
[pool-3910-thread-1] INFO org.apache.nifi.processors.standard.RouteText - RouteText[id=e191155b-3232-49bd-bfe9-6bfcf78aa3cb] Created FlowFile[3175,92022518564981.mockFlowFile,24B] from FlowFile[3174,92022518564981.mockFlowFile,24B]; routing to relationship simple
[pool-3910-thread-1] INFO org.apache.nifi.processors.standard.RouteText - RouteText[id=e191155b-3232-49bd-bfe9-6bfcf78aa3cb] Routing FlowFile[3174,92022518564981.mockFlowFile,24B] to original
[main] DEBUG org.apache.nifi.processors.standard.RouteText - RouteText[id=e191155b-3232-49bd-bfe9-6bfcf78aa3cb] Adding new dynamic property: PropertyDescriptor[simple]
[pool-3911-thread-1] INFO org.apache.nifi.processors.standard.RouteText - RouteText[id=e191155b-3232-49bd-bfe9-6bfcf78aa3cb] Created FlowFile[3177,92022519050749.mockFlowFile,24B] from FlowFile[3176,92022519050749.mockFlowFile,24B]; routing to relationship simple
[pool-3911-thread-1] INFO org.apache.nifi.processors.standard.RouteText - RouteText[id=e191155b-3232-49bd-bfe9-6bfcf78aa3cb] Routing FlowFile[3176,92022519050749.mockFlowFile,24B] to original
[main] DEBUG org.apache.nifi.processors.standard.RouteText - RouteText[id=e191155b-3232-49bd-bfe9-6bfcf78aa3cb] Adding new dynamic property: PropertyDescriptor[simple]
[pool-3912-thread-1] INFO org.apache.nifi.processors.standard.RouteText - RouteText[id=e191155b-3232-49bd-bfe9-6bfcf78aa3cb] Created FlowFile[3179,92022519531603.mockFlowFile,24B] from FlowFile[3178,92022519531603.mockFlowFile,24B]; routing to relationship simple
[pool-3912-thread-1] INFO org.apache.nifi.processors.standard.RouteText - RouteText[id=e191155b-3232-49bd-bfe9-6bfcf78aa3cb] Routing FlowFile[3178,92022519531603.mockFlowFile,24B] to original
[main] DEBUG org.apache.nifi.processors.standard.RouteText - RouteText[id=e191155b-3232-49bd-bfe9-6bfcf78aa3cb] Adding new dynamic property: PropertyDescriptor[simple]
[pool-3913-thread-1] INFO org.apache.nifi.processors.standard.RouteText - RouteText[id=e191155b-3232-49bd-bfe9-6bfcf78aa3cb] Created FlowFile[3181,92022520000075.mockFlowFile,24B] from FlowFile[3180,92022520000075.mockFlowFile,24B]; routing to relationship simple
[pool-3913-thread-1] INFO org.apache.nifi.processors.standard.RouteText - RouteText[id=e191155b-3232-49bd-bfe9-6bfcf78aa3cb] Routing FlowFile[3180,92022520000075.mockFlowFile,24B] to original
[main] DEBUG org.apache.nifi.processors.standard.RouteText - RouteText[id=e191155b-3232-49bd-bfe9-6bfcf78aa3cb] Adding new dynamic property: PropertyDescriptor[simple]
[pool-3914-thread-1] INFO org.apache.nifi.processors.standard.RouteText - RouteText[id=e191155b-3232-49bd-bfe9-6bfcf78aa3cb] Created FlowFile[3183,92022520466064.mockFlowFile,24B] from FlowFile[3182,92022520466064.mockFlowFile,24B]; routing to relationship simple
[pool-3914-thread-1] INFO org.apache.nifi.processors.standard.RouteText - RouteText[id=e191155b-3232-49bd-bfe9-6bfcf78aa3cb] Routing FlowFile[3182,92022520466064.mockFlowFile,24B] to original
[main] DEBUG org.apache.nifi.processors.standard.RouteText - RouteText[id=e191155b-3232-49bd-bfe9-6bfcf78aa3cb] Adding new dynamic property: PropertyDescriptor[simple]
[pool-3915-thread-1] INFO org.apache.nifi.processors.standard.RouteText - RouteText[id=e191155b-3232-49bd-bfe9-6bfcf78aa3cb] Created FlowFile[3185,92022520960633.mockFlowFile,24B] from FlowFile[3184,92022520960633.mockFlowFile,24B]; routing to relationship simple
[pool-3915-thread-1] INFO org.apache.nifi.processors.standard.RouteText - RouteText[id=e191155b-3232-49bd-bfe9-6bfcf78aa3cb] Routing FlowFile[3184,92022520960633.mockFlowFile,24B] to original
[main] DEBUG org.apache.nifi.processors.standard.RouteText - RouteText[id=e191155b-3232-49bd-bfe9-6bfcf78aa3cb] Adding new dynamic property: PropertyDescriptor[simple]
[pool-3916-thread-1] INFO org.apache.nifi.processors.standard.RouteText - RouteText[id=e191155b-3232-49bd-bfe9-6bfcf78aa3cb] Created FlowFile[3187,92022521455691.mockFlowFile,24B] from FlowFile[3186,92022521455691.mockFlowFile,24B]; routing to relationship simple
[pool-3916-thread-1] INFO org.apache.nifi.processors.standard.RouteText - RouteText[id=e191155b-3232-49bd-bfe9-6bfcf78aa3cb] Routing FlowFile[3186,92022521455691.mockFlowFile,24B] to original
[main] DEBUG org.apache.nifi.processors.standard.RouteText - RouteText[id=e191155b-3232-49bd-bfe9-6bfcf78aa3cb] Adding new dynamic property: PropertyDescriptor[simple]
[pool-3917-thread-1] INFO org.apache.nifi.processors.standard.RouteText - RouteText[id=e191155b-3232-49bd-bfe9-6bfcf78aa3cb] Created FlowFile[3189,92022521942832.mockFlowFile,24B] from FlowFile[3188,92022521942832.mockFlowFile,24B]; routing to relationship simple
[pool-3917-thread-1] INFO org.apache.nifi.processors.standard.RouteText - RouteText[id=e191155b-3232-49bd-bfe9-6bfcf78aa3cb] Routing FlowFile[3188,92022521942832.mockFlowFile,24B] to original
[main] DEBUG org.apache.nifi.processors.standard.RouteText - RouteText[id=e191155b-3232-49bd-bfe9-6bfcf78aa3cb] Adding new dynamic property: PropertyDescriptor[simple]
[pool-3918-thread-1] INFO org.apache.nifi.processors.standard.RouteText - RouteText[id=e191155b-3232-49bd-bfe9-6bfcf78aa3cb] Created FlowFile[3191,92022522597479.mockFlowFile,24B] from FlowFile[3190,92022522597479.mockFlowFile,24B]; routing to relationship simple
[pool-3918-thread-1] INFO org.apache.nifi.processors.standard.RouteText - RouteText[id=e191155b-3232-49bd-bfe9-6bfcf78aa3cb] Routing FlowFile[3190,92022522597479.mockFlowFile,24B] to original
[main] DEBUG org.apache.nifi.processors.standard.RouteText - RouteText[id=e191155b-3232-49bd-bfe9-6bfcf78aa3cb] Adding new dynamic property: PropertyDescriptor[simple]
[pool-3919-thread-1] INFO org.apache.nifi.processors.standard.RouteText - RouteText[id=e191155b-3232-49bd-bfe9-6bfcf78aa3cb] Created FlowFile[3193,92022523158697.mockFlowFile,24B] from FlowFile[3192,92022523158697.mockFlowFile,24B]; routing to relationship simple
[pool-3919-thread-1] INFO org.apache.nifi.processors.standard.RouteText - RouteText[id=e191155b-3232-49bd-bfe9-6bfcf78aa3cb] Routing FlowFile[3192,92022523158697.mockFlowFile,24B] to original
[main] DEBUG org.apache.nifi.processors.standard.RouteText - RouteText[id=e191155b-3232-49bd-bfe9-6bfcf78aa3cb] Adding new dynamic property: PropertyDescriptor[simple]
[pool-3920-thread-1] INFO org.apache.nifi.processors.standard.RouteText - RouteText[id=e191155b-3232-49bd-bfe9-6bfcf78aa3cb] Created FlowFile[3195,92022523677585.mockFlowFile,24B] from FlowFile[3194,92022523677585.mockFlowFile,24B]; routing to relationship simple
[pool-3920-thread-1] INFO org.apache.nifi.processors.standard.RouteText - RouteText[id=e191155b-3232-49bd-bfe9-6bfcf78aa3cb] Routing FlowFile[3194,92022523677585.mockFlowFile,24B] to original
[main] DEBUG org.apache.nifi.processors.standard.RouteText - RouteText[id=e191155b-3232-49bd-bfe9-6bfcf78aa3cb] Adding new dynamic property: PropertyDescriptor[simple]
[pool-3921-thread-1] INFO org.apache.nifi.processors.standard.RouteText - RouteText[id=e191155b-3232-49bd-bfe9-6bfcf78aa3cb] Created FlowFile[3197,92022524174430.mockFlowFile,24B] from FlowFile[3196,92022524174430.mockFlowFile,24B]; routing to relationship simple
[pool-3921-thread-1] INFO org.apache.nifi.processors.standard.RouteText - RouteText[id=e191155b-3232-49bd-bfe9-6bfcf78aa3cb] Routing FlowFile[3196,92022524174430.mockFlowFile,24B] to original
[main] DEBUG org.apache.nifi.processors.standard.RouteText - RouteText[id=e191155b-3232-49bd-bfe9-6bfcf78aa3cb] Adding new dynamic property: PropertyDescriptor[simple]
[pool-3922-thread-1] INFO org.apache.nifi.processors.standard.RouteText - RouteText[id=e191155b-3232-49bd-bfe9-6bfcf78aa3cb] Created FlowFile[3199,92022524657775.mockFlowFile,24B] from FlowFile[3198,92022524657775.mockFlowFile,24B]; routing to relationship simple
[pool-3922-thread-1] INFO org.apache.nifi.processors.standard.RouteText - RouteText[id=e191155b-3232-49bd-bfe9-6bfcf78aa3cb] Routing FlowFile[3198,92022524657775.mockFlowFile,24B] to original
[main] DEBUG org.apache.nifi.processors.standard.RouteText - RouteText[id=e191155b-3232-49bd-bfe9-6bfcf78aa3cb] Adding new dynamic property: PropertyDescriptor[simple]
[pool-3923-thread-1] INFO org.apache.nifi.processors.standard.RouteText - RouteText[id=e191155b-3232-49bd-bfe9-6bfcf78aa3cb] Created FlowFile[3201,92022525117066.mockFlowFile,24B] from FlowFile[3200,92022525117066.mockFlowFile,24B]; routing to relationship simple
[pool-3923-thread-1] INFO org.apache.nifi.processors.standard.RouteText - RouteText[id=e191155b-3232-49bd-bfe9-6bfcf78aa3cb] Routing FlowFile[3200,92022525117066.mockFlowFile,24B] to original
[main] DEBUG org.apache.nifi.processors.standard.RouteText - RouteText[id=e191155b-3232-49bd-bfe9-6bfcf78aa3cb] Adding new dynamic property: PropertyDescriptor[simple]
[pool-3924-thread-1] INFO org.apache.nifi.processors.standard.RouteText - RouteText[id=e191155b-3232-49bd-bfe9-6bfcf78aa3cb] Created FlowFile[3203,92022525560185.mockFlowFile,24B] from FlowFile[3202,92022525560185.mockFlowFile,24B]; routing to relationship simple
[pool-3924-thread-1] INFO org.apache.nifi.processors.standard.RouteText - RouteText[id=e191155b-3232-49bd-bfe9-6bfcf78aa3cb] Routing FlowFile[3202,92022525560185.mockFlowFile,24B] to original
[main] DEBUG org.apache.nifi.processors.standard.RouteText - RouteText[id=e191155b-3232-49bd-bfe9-6bfcf78aa3cb] Adding new dynamic property: PropertyDescriptor[simple]
[pool-3925-thread-1] INFO org.apache.nifi.processors.standard.RouteText - RouteText[id=e191155b-3232-49bd-bfe9-6bfcf78aa3cb] Created FlowFile[3205,92022525993977.mockFlowFile,24B] from FlowFile[3204,92022525993977.mockFlowFile,24B]; routing to relationship simple
[pool-3925-thread-1] INFO org.apache.nifi.processors.standard.RouteText - RouteText[id=e191155b-3232-49bd-bfe9-6bfcf78aa3cb] Routing FlowFile[3204,92022525993977.mockFlowFile,24B] to original
[main] DEBUG org.apache.nifi.processors.standard.RouteText - RouteText[id=e191155b-3232-49bd-bfe9-6bfcf78aa3cb] Adding new dynamic property: PropertyDescriptor[simple]
[pool-3926-thread-1] INFO org.apache.nifi.processors.standard.RouteText - RouteText[id=e191155b-3232-49bd-bfe9-6bfcf78aa3cb] Created FlowFile[3207,92022526417551.mockFlowFile,24B] from FlowFile[3206,92022526417551.mockFlowFile,24B]; routing to relationship simple
[pool-3926-thread-1] INFO org.apache.nifi.processors.standard.RouteText - RouteText[id=e191155b-3232-49bd-bfe9-6bfcf78aa3cb] Routing FlowFile[3206,92022526417551.mockFlowFile,24B] to original
[main] DEBUG org.apache.nifi.processors.standard.RouteText - RouteText[id=e191155b-3232-49bd-bfe9-6bfcf78aa3cb] Adding new dynamic property: PropertyDescriptor[simple]
[pool-3927-thread-1] INFO org.apache.nifi.processors.standard.RouteText - RouteText[id=e191155b-3232-49bd-bfe9-6bfcf78aa3cb] Created FlowFile[3209,92022526848726.mockFlowFile,24B] from FlowFile[3208,92022526848726.mockFlowFile,24B]; routing to relationship simple
[pool-3927-thread-1] INFO org.apache.nifi.processors.standard.RouteText - RouteText[id=e191155b-3232-49bd-bfe9-6bfcf78aa3cb] Routing FlowFile[3208,92022526848726.mockFlowFile,24B] to original
[main] DEBUG org.apache.nifi.processors.standard.RouteText - RouteText[id=e191155b-3232-49bd-bfe9-6bfcf78aa3cb] Adding new dynamic property: PropertyDescriptor[simple]
[pool-3928-thread-1] INFO org.apache.nifi.processors.standard.RouteText - RouteText[id=e191155b-3232-49bd-bfe9-6bfcf78aa3cb] Created FlowFile[3211,92022527301620.mockFlowFile,24B] from FlowFile[3210,92022527301620.mockFlowFile,24B]; routing to relationship simple
[pool-3928-thread-1] INFO org.apache.nifi.processors.standard.RouteText - RouteText[id=e191155b-3232-49bd-bfe9-6bfcf78aa3cb] Routing FlowFile[3210,92022527301620.mockFlowFile,24B] to original
[main] DEBUG org.apache.nifi.processors.standard.RouteText - RouteText[id=e191155b-3232-49bd-bfe9-6bfcf78aa3cb] Adding new dynamic property: PropertyDescriptor[simple]
[pool-3929-thread-1] INFO org.apache.nifi.processors.standard.RouteText - RouteText[id=e191155b-3232-49bd-bfe9-6bfcf78aa3cb] Created FlowFile[3213,92022527728344.mockFlowFile,24B] from FlowFile[3212,92022527728344.mockFlowFile,24B]; routing to relationship simple
[pool-3929-thread-1] INFO org.apache.nifi.processors.standard.RouteText - RouteText[id=e191155b-3232-49bd-bfe9-6bfcf78aa3cb] Routing FlowFile[3212,92022527728344.mockFlowFile,24B] to original
[main] DEBUG org.apache.nifi.processors.standard.RouteText - RouteText[id=e191155b-3232-49bd-bfe9-6bfcf78aa3cb] Adding new dynamic property: PropertyDescriptor[simple]
[pool-3930-thread-1] INFO org.apache.nifi.processors.standard.RouteText - RouteText[id=e191155b-3232-49bd-bfe9-6bfcf78aa3cb] Created FlowFile[3215,92022528175584.mockFlowFile,24B] from FlowFile[3214,92022528175584.mockFlowFile,24B]; routing to relationship simple
[pool-3930-thread-1] INFO org.apache.nifi.processors.standard.RouteText - RouteText[id=e191155b-3232-49bd-bfe9-6bfcf78aa3cb] Routing FlowFile[3214,92022528175584.mockFlowFile,24B] to original
[main] DEBUG org.apache.nifi.processors.standard.RouteText - RouteText[id=e191155b-3232-49bd-bfe9-6bfcf78aa3cb] Adding new dynamic property: PropertyDescriptor[simple]
[pool-3931-thread-1] INFO org.apache.nifi.processors.standard.RouteText - RouteText[id=e191155b-3232-49bd-bfe9-6bfcf78aa3cb] Created FlowFile[3217,92022528640905.mockFlowFile,24B] from FlowFile[3216,92022528640905.mockFlowFile,24B]; routing to relationship simple
[pool-3931-thread-1] INFO org.apache.nifi.processors.standard.RouteText - RouteText[id=e191155b-3232-49bd-bfe9-6bfcf78aa3cb] Routing FlowFile[3216,92022528640905.mockFlowFile,24B] to original
[main] DEBUG org.apache.nifi.processors.standard.RouteText - RouteText[id=e191155b-3232-49bd-bfe9-6bfcf78aa3cb] Adding new dynamic property: PropertyDescriptor[simple]
[pool-3932-thread-1] INFO org.apache.nifi.processors.standard.RouteText - RouteText[id=e191155b-3232-49bd-bfe9-6bfcf78aa3cb] Created FlowFile[3219,92022529156408.mockFlowFile,24B] from FlowFile[3218,92022529156408.mockFlowFile,24B]; routing to relationship simple
[pool-3932-thread-1] INFO org.apache.nifi.processors.standard.RouteText - RouteText[id=e191155b-3232-49bd-bfe9-6bfcf78aa3cb] Routing FlowFile[3218,92022529156408.mockFlowFile,24B] to original
[main] DEBUG org.apache.nifi.processors.standard.RouteText - RouteText[id=e191155b-3232-49bd-bfe9-6bfcf78aa3cb] Adding new dynamic property: PropertyDescriptor[simple]
[pool-3933-thread-1] INFO org.apache.nifi.processors.standard.RouteText - RouteText[id=e191155b-3232-49bd-bfe9-6bfcf78aa3cb] Created FlowFile[3221,92022529630507.mockFlowFile,24B] from FlowFile[3220,92022529630507.mockFlowFile,24B]; routing to relationship simple
[pool-3933-thread-1] INFO org.apache.nifi.processors.standard.RouteText - RouteText[id=e191155b-3232-49bd-bfe9-6bfcf78aa3cb] Routing FlowFile[3220,92022529630507.mockFlowFile,24B] to original
[main] DEBUG org.apache.nifi.processors.standard.RouteText - RouteText[id=e191155b-3232-49bd-bfe9-6bfcf78aa3cb] Adding new dynamic property: PropertyDescriptor[simple]
[pool-3934-thread-1] INFO org.apache.nifi.processors.standard.RouteText - RouteText[id=e191155b-3232-49bd-bfe9-6bfcf78aa3cb] Created FlowFile[3223,92022530100919.mockFlowFile,24B] from FlowFile[3222,92022530100919.mockFlowFile,24B]; routing to relationship simple
[pool-3934-thread-1] INFO org.apache.nifi.processors.standard.RouteText - RouteText[id=e191155b-3232-49bd-bfe9-6bfcf78aa3cb] Routing FlowFile[3222,92022530100919.mockFlowFile,24B] to original
[main] DEBUG org.apache.nifi.processors.standard.RouteText - RouteText[id=e191155b-3232-49bd-bfe9-6bfcf78aa3cb] Adding new dynamic property: PropertyDescriptor[simple]
[pool-3935-thread-1] INFO org.apache.nifi.processors.standard.RouteText - RouteText[id=e191155b-3232-49bd-bfe9-6bfcf78aa3cb] Created FlowFile[3225,92022530583045.mockFlowFile,24B] from FlowFile[3224,92022530583045.mockFlowFile,24B]; routing to relationship simple
[pool-3935-thread-1] INFO org.apache.nifi.processors.standard.RouteText - RouteText[id=e191155b-3232-49bd-bfe9-6bfcf78aa3cb] Routing FlowFile[3224,92022530583045.mockFlowFile,24B] to original
[main] DEBUG org.apache.nifi.processors.standard.RouteText - RouteText[id=e191155b-3232-49bd-bfe9-6bfcf78aa3cb] Adding new dynamic property: PropertyDescriptor[simple]
[pool-3936-thread-1] INFO org.apache.nifi.processors.standard.RouteText - RouteText[id=e191155b-3232-49bd-bfe9-6bfcf78aa3cb] Created FlowFile[3227,92022531050713.mockFlowFile,24B] from FlowFile[3226,92022531050713.mockFlowFile,24B]; routing to relationship simple
[pool-3936-thread-1] INFO org.apache.nifi.processors.standard.RouteText - RouteText[id=e191155b-3232-49bd-bfe9-6bfcf78aa3cb] Routing FlowFile[3226,92022531050713.mockFlowFile,24B] to original
[main] DEBUG org.apache.nifi.processors.standard.RouteText - RouteText[id=e191155b-3232-49bd-bfe9-6bfcf78aa3cb] Adding new dynamic property: PropertyDescriptor[simple]
[pool-3937-thread-1] INFO org.apache.nifi.processors.standard.RouteText - RouteText[id=e191155b-3232-49bd-bfe9-6bfcf78aa3cb] Created FlowFile[3229,92022531508938.mockFlowFile,24B] from FlowFile[3228,92022531508938.mockFlowFile,24B]; routing to relationship simple
[pool-3937-thread-1] INFO org.apache.nifi.processors.standard.RouteText - RouteText[id=e191155b-3232-49bd-bfe9-6bfcf78aa3cb] Routing FlowFile[3228,92022531508938.mockFlowFile,24B] to original
[main] DEBUG org.apache.nifi.processors.standard.RouteText - RouteText[id=e191155b-3232-49bd-bfe9-6bfcf78aa3cb] Adding new dynamic property: PropertyDescriptor[simple]
[pool-3938-thread-1] INFO org.apache.nifi.processors.standard.RouteText - RouteText[id=e191155b-3232-49bd-bfe9-6bfcf78aa3cb] Created FlowFile[3231,92022531944183.mockFlowFile,24B] from FlowFile[3230,92022531944183.mockFlowFile,24B]; routing to relationship simple
[pool-3938-thread-1] INFO org.apache.nifi.processors.standard.RouteText - RouteText[id=e191155b-3232-49bd-bfe9-6bfcf78aa3cb] Routing FlowFile[3230,92022531944183.mockFlowFile,24B] to original
[main] DEBUG org.apache.nifi.processors.standard.RouteText - RouteText[id=e191155b-3232-49bd-bfe9-6bfcf78aa3cb] Adding new dynamic property: PropertyDescriptor[simple]
[pool-3939-thread-1] INFO org.apache.nifi.processors.standard.RouteText - RouteText[id=e191155b-3232-49bd-bfe9-6bfcf78aa3cb] Created FlowFile[3233,92022532395485.mockFlowFile,24B] from FlowFile[3232,92022532395485.mockFlowFile,24B]; routing to relationship simple
[pool-3939-thread-1] INFO org.apache.nifi.processors.standard.RouteText - RouteText[id=e191155b-3232-49bd-bfe9-6bfcf78aa3cb] Routing FlowFile[3232,92022532395485.mockFlowFile,24B] to original
[main] DEBUG org.apache.nifi.processors.standard.RouteText - RouteText[id=e191155b-3232-49bd-bfe9-6bfcf78aa3cb] Adding new dynamic property: PropertyDescriptor[simple]
[pool-3940-thread-1] INFO org.apache.nifi.processors.standard.RouteText - RouteText[id=e191155b-3232-49bd-bfe9-6bfcf78aa3cb] Created FlowFile[3235,92022532824717.mockFlowFile,24B] from FlowFile[3234,92022532824717.mockFlowFile,24B]; routing to relationship simple
[pool-3940-thread-1] INFO org.apache.nifi.processors.standard.RouteText - RouteText[id=e191155b-3232-49bd-bfe9-6bfcf78aa3cb] Routing FlowFile[3234,92022532824717.mockFlowFile,24B] to original
[main] DEBUG org.apache.nifi.processors.standard.RouteText - RouteText[id=e191155b-3232-49bd-bfe9-6bfcf78aa3cb] Adding new dynamic property: PropertyDescriptor[simple]
[pool-3941-thread-1] INFO org.apache.nifi.processors.standard.RouteText - RouteText[id=e191155b-3232-49bd-bfe9-6bfcf78aa3cb] Created FlowFile[3237,92022533318499.mockFlowFile,24B] from FlowFile[3236,92022533318499.mockFlowFile,24B]; routing to relationship simple
[pool-3941-thread-1] INFO org.apache.nifi.processors.standard.RouteText - RouteText[id=e191155b-3232-49bd-bfe9-6bfcf78aa3cb] Routing FlowFile[3236,92022533318499.mockFlowFile,24B] to original
[main] DEBUG org.apache.nifi.processors.standard.RouteText - RouteText[id=e191155b-3232-49bd-bfe9-6bfcf78aa3cb] Adding new dynamic property: PropertyDescriptor[simple]
[pool-3942-thread-1] INFO org.apache.nifi.processors.standard.RouteText - RouteText[id=e191155b-3232-49bd-bfe9-6bfcf78aa3cb] Created FlowFile[3239,92022533829164.mockFlowFile,24B] from FlowFile[3238,92022533829164.mockFlowFile,24B]; routing to relationship simple
[pool-3942-thread-1] INFO org.apache.nifi.processors.standard.RouteText - RouteText[id=e191155b-3232-49bd-bfe9-6bfcf78aa3cb] Routing FlowFile[3238,92022533829164.mockFlowFile,24B] to original
[main] DEBUG org.apache.nifi.processors.standard.RouteText - RouteText[id=e191155b-3232-49bd-bfe9-6bfcf78aa3cb] Adding new dynamic property: PropertyDescriptor[simple]
[pool-3943-thread-1] INFO org.apache.nifi.processors.standard.RouteText - RouteText[id=e191155b-3232-49bd-bfe9-6bfcf78aa3cb] Created FlowFile[3241,92022534324771.mockFlowFile,24B] from FlowFile[3240,92022534324771.mockFlowFile,24B]; routing to relationship simple
[pool-3943-thread-1] INFO org.apache.nifi.processors.standard.RouteText - RouteText[id=e191155b-3232-49bd-bfe9-6bfcf78aa3cb] Routing FlowFile[3240,92022534324771.mockFlowFile,24B] to original
[main] DEBUG org.apache.nifi.processors.standard.RouteText - RouteText[id=e191155b-3232-49bd-bfe9-6bfcf78aa3cb] Adding new dynamic property: PropertyDescriptor[simple]
[pool-3944-thread-1] INFO org.apache.nifi.processors.standard.RouteText - RouteText[id=e191155b-3232-49bd-bfe9-6bfcf78aa3cb] Created FlowFile[3243,92022534810122.mockFlowFile,24B] from FlowFile[3242,92022534810122.mockFlowFile,24B]; routing to relationship simple
[pool-3944-thread-1] INFO org.apache.nifi.processors.standard.RouteText - RouteText[id=e191155b-3232-49bd-bfe9-6bfcf78aa3cb] Routing FlowFile[3242,92022534810122.mockFlowFile,24B] to original
[main] DEBUG org.apache.nifi.processors.standard.RouteText - RouteText[id=e191155b-3232-49bd-bfe9-6bfcf78aa3cb] Adding new dynamic property: PropertyDescriptor[simple]
[pool-3945-thread-1] INFO org.apache.nifi.processors.standard.RouteText - RouteText[id=e191155b-3232-49bd-bfe9-6bfcf78aa3cb] Created FlowFile[3245,92022535296557.mockFlowFile,24B] from FlowFile[3244,92022535296557.mockFlowFile,24B]; routing to relationship simple
[pool-3945-thread-1] INFO org.apache.nifi.processors.standard.RouteText - RouteText[id=e191155b-3232-49bd-bfe9-6bfcf78aa3cb] Routing FlowFile[3244,92022535296557.mockFlowFile,24B] to original
[main] DEBUG org.apache.nifi.processors.standard.RouteText - RouteText[id=e191155b-3232-49bd-bfe9-6bfcf78aa3cb] Adding new dynamic property: PropertyDescriptor[simple]
[pool-3946-thread-1] INFO org.apache.nifi.processors.standard.RouteText - RouteText[id=e191155b-3232-49bd-bfe9-6bfcf78aa3cb] Created FlowFile[3247,92022535787660.mockFlowFile,24B] from FlowFile[3246,92022535787660.mockFlowFile,24B]; routing to relationship simple
[pool-3946-thread-1] INFO org.apache.nifi.processors.standard.RouteText - RouteText[id=e191155b-3232-49bd-bfe9-6bfcf78aa3cb] Routing FlowFile[3246,92022535787660.mockFlowFile,24B] to original
[main] DEBUG org.apache.nifi.processors.standard.RouteText - RouteText[id=e191155b-3232-49bd-bfe9-6bfcf78aa3cb] Adding new dynamic property: PropertyDescriptor[simple]
[pool-3947-thread-1] INFO org.apache.nifi.processors.standard.RouteText - RouteText[id=e191155b-3232-49bd-bfe9-6bfcf78aa3cb] Created FlowFile[3249,92022536315883.mockFlowFile,24B] from FlowFile[3248,92022536315883.mockFlowFile,24B]; routing to relationship simple
[pool-3947-thread-1] INFO org.apache.nifi.processors.standard.RouteText - RouteText[id=e191155b-3232-49bd-bfe9-6bfcf78aa3cb] Routing FlowFile[3248,92022536315883.mockFlowFile,24B] to original
[main] DEBUG org.apache.nifi.processors.standard.RouteText - RouteText[id=e191155b-3232-49bd-bfe9-6bfcf78aa3cb] Adding new dynamic property: PropertyDescriptor[simple]
[pool-3948-thread-1] INFO org.apache.nifi.processors.standard.RouteText - RouteText[id=e191155b-3232-49bd-bfe9-6bfcf78aa3cb] Created FlowFile[3251,92022536843503.mockFlowFile,24B] from FlowFile[3250,92022536843503.mockFlowFile,24B]; routing to relationship simple
[pool-3948-thread-1] INFO org.apache.nifi.processors.standard.RouteText - RouteText[id=e191155b-3232-49bd-bfe9-6bfcf78aa3cb] Routing FlowFile[3250,92022536843503.mockFlowFile,24B] to original
[main] DEBUG org.apache.nifi.processors.standard.RouteText - RouteText[id=e191155b-3232-49bd-bfe9-6bfcf78aa3cb] Adding new dynamic property: PropertyDescriptor[simple]
[pool-3949-thread-1] INFO org.apache.nifi.processors.standard.RouteText - RouteText[id=e191155b-3232-49bd-bfe9-6bfcf78aa3cb] Created FlowFile[3253,92022537320388.mockFlowFile,24B] from FlowFile[3252,92022537320388.mockFlowFile,24B]; routing to relationship simple
[pool-3949-thread-1] INFO org.apache.nifi.processors.standard.RouteText - RouteText[id=e191155b-3232-49bd-bfe9-6bfcf78aa3cb] Routing FlowFile[3252,92022537320388.mockFlowFile,24B] to original
[main] DEBUG org.apache.nifi.processors.standard.RouteText - RouteText[id=e191155b-3232-49bd-bfe9-6bfcf78aa3cb] Adding new dynamic property: PropertyDescriptor[simple]
[pool-3950-thread-1] INFO org.apache.nifi.processors.standard.RouteText - RouteText[id=e191155b-3232-49bd-bfe9-6bfcf78aa3cb] Created FlowFile[3255,92022537769807.mockFlowFile,24B] from FlowFile[3254,92022537769807.mockFlowFile,24B]; routing to relationship simple
[pool-3950-thread-1] INFO org.apache.nifi.processors.standard.RouteText - RouteText[id=e191155b-3232-49bd-bfe9-6bfcf78aa3cb] Routing FlowFile[3254,92022537769807.mockFlowFile,24B] to original
[main] DEBUG org.apache.nifi.processors.standard.RouteText - RouteText[id=e191155b-3232-49bd-bfe9-6bfcf78aa3cb] Adding new dynamic property: PropertyDescriptor[simple]
[pool-3951-thread-1] INFO org.apache.nifi.processors.standard.RouteText - RouteText[id=e191155b-3232-49bd-bfe9-6bfcf78aa3cb] Created FlowFile[3257,92022538220684.mockFlowFile,24B] from FlowFile[3256,92022538220684.mockFlowFile,24B]; routing to relationship simple
[pool-3951-thread-1] INFO org.apache.nifi.processors.standard.RouteText - RouteText[id=e191155b-3232-49bd-bfe9-6bfcf78aa3cb] Routing FlowFile[3256,92022538220684.mockFlowFile,24B] to original
[main] DEBUG org.apache.nifi.processors.standard.RouteText - RouteText[id=e191155b-3232-49bd-bfe9-6bfcf78aa3cb] Adding new dynamic property: PropertyDescriptor[simple]
[pool-3952-thread-1] INFO org.apache.nifi.processors.standard.RouteText - RouteText[id=e191155b-3232-49bd-bfe9-6bfcf78aa3cb] Created FlowFile[3259,92022538669356.mockFlowFile,24B] from FlowFile[3258,92022538669356.mockFlowFile,24B]; routing to relationship simple
[pool-3952-thread-1] INFO org.apache.nifi.processors.standard.RouteText - RouteText[id=e191155b-3232-49bd-bfe9-6bfcf78aa3cb] Routing FlowFile[3258,92022538669356.mockFlowFile,24B] to original
[main] DEBUG org.apache.nifi.processors.standard.RouteText - RouteText[id=e191155b-3232-49bd-bfe9-6bfcf78aa3cb] Adding new dynamic property: PropertyDescriptor[simple]
[pool-3953-thread-1] INFO org.apache.nifi.processors.standard.RouteText - RouteText[id=e191155b-3232-49bd-bfe9-6bfcf78aa3cb] Created FlowFile[3261,92022539156828.mockFlowFile,24B] from FlowFile[3260,92022539156828.mockFlowFile,24B]; routing to relationship simple
[pool-3953-thread-1] INFO org.apache.nifi.processors.standard.RouteText - RouteText[id=e191155b-3232-49bd-bfe9-6bfcf78aa3cb] Routing FlowFile[3260,92022539156828.mockFlowFile,24B] to original
[main] DEBUG org.apache.nifi.processors.standard.RouteText - RouteText[id=e191155b-3232-49bd-bfe9-6bfcf78aa3cb] Adding new dynamic property: PropertyDescriptor[simple]
[pool-3954-thread-1] INFO org.apache.nifi.processors.standard.RouteText - RouteText[id=e191155b-3232-49bd-bfe9-6bfcf78aa3cb] Created FlowFile[3263,92022539628322.mockFlowFile,24B] from FlowFile[3262,92022539628322.mockFlowFile,24B]; routing to relationship simple
[pool-3954-thread-1] INFO org.apache.nifi.processors.standard.RouteText - RouteText[id=e191155b-3232-49bd-bfe9-6bfcf78aa3cb] Routing FlowFile[3262,92022539628322.mockFlowFile,24B] to original
[main] DEBUG org.apache.nifi.processors.standard.RouteText - RouteText[id=e191155b-3232-49bd-bfe9-6bfcf78aa3cb] Adding new dynamic property: PropertyDescriptor[simple]
[pool-3955-thread-1] INFO org.apache.nifi.processors.standard.RouteText - RouteText[id=e191155b-3232-49bd-bfe9-6bfcf78aa3cb] Created FlowFile[3265,92022540133190.mockFlowFile,24B] from FlowFile[3264,92022540133190.mockFlowFile,24B]; routing to relationship simple
[pool-3955-thread-1] INFO org.apache.nifi.processors.standard.RouteText - RouteText[id=e191155b-3232-49bd-bfe9-6bfcf78aa3cb] Routing FlowFile[3264,92022540133190.mockFlowFile,24B] to original
[main] DEBUG org.apache.nifi.processors.standard.RouteText - RouteText[id=e191155b-3232-49bd-bfe9-6bfcf78aa3cb] Adding new dynamic property: PropertyDescriptor[simple]
[pool-3956-thread-1] INFO org.apache.nifi.processors.standard.RouteText - RouteText[id=e191155b-3232-49bd-bfe9-6bfcf78aa3cb] Created FlowFile[3267,92022540613406.mockFlowFile,24B] from FlowFile[3266,92022540613406.mockFlowFile,24B]; routing to relationship simple
[pool-3956-thread-1] INFO org.apache.nifi.processors.standard.RouteText - RouteText[id=e191155b-3232-49bd-bfe9-6bfcf78aa3cb] Routing FlowFile[3266,92022540613406.mockFlowFile,24B] to original
[main] DEBUG org.apache.nifi.processors.standard.RouteText - RouteText[id=e191155b-3232-49bd-bfe9-6bfcf78aa3cb] Adding new dynamic property: PropertyDescriptor[simple]
[pool-3957-thread-1] INFO org.apache.nifi.processors.standard.RouteText - RouteText[id=e191155b-3232-49bd-bfe9-6bfcf78aa3cb] Created FlowFile[3269,92022541073111.mockFlowFile,24B] from FlowFile[3268,92022541073111.mockFlowFile,24B]; routing to relationship simple
[pool-3957-thread-1] INFO org.apache.nifi.processors.standard.RouteText - RouteText[id=e191155b-3232-49bd-bfe9-6bfcf78aa3cb] Routing FlowFile[3268,92022541073111.mockFlowFile,24B] to original
[main] DEBUG org.apache.nifi.processors.standard.RouteText - RouteText[id=e191155b-3232-49bd-bfe9-6bfcf78aa3cb] Adding new dynamic property: PropertyDescriptor[simple]
[pool-3958-thread-1] INFO org.apache.nifi.processors.standard.RouteText - RouteText[id=e191155b-3232-49bd-bfe9-6bfcf78aa3cb] Created FlowFile[3271,92022541519383.mockFlowFile,24B] from FlowFile[3270,92022541519383.mockFlowFile,24B]; routing to relationship simple
[pool-3958-thread-1] INFO org.apache.nifi.processors.standard.RouteText - RouteText[id=e191155b-3232-49bd-bfe9-6bfcf78aa3cb] Routing FlowFile[3270,92022541519383.mockFlowFile,24B] to original
[main] DEBUG org.apache.nifi.processors.standard.RouteText - RouteText[id=e191155b-3232-49bd-bfe9-6bfcf78aa3cb] Adding new dynamic property: PropertyDescriptor[simple]
[pool-3959-thread-1] INFO org.apache.nifi.processors.standard.RouteText - RouteText[id=e191155b-3232-49bd-bfe9-6bfcf78aa3cb] Created FlowFile[3273,92022541974155.mockFlowFile,24B] from FlowFile[3272,92022541974155.mockFlowFile,24B]; routing to relationship simple
[pool-3959-thread-1] INFO org.apache.nifi.processors.standard.RouteText - RouteText[id=e191155b-3232-49bd-bfe9-6bfcf78aa3cb] Routing FlowFile[3272,92022541974155.mockFlowFile,24B] to original
[main] DEBUG org.apache.nifi.processors.standard.RouteText - RouteText[id=e191155b-3232-49bd-bfe9-6bfcf78aa3cb] Adding new dynamic property: PropertyDescriptor[simple]
[pool-3960-thread-1] INFO org.apache.nifi.processors.standard.RouteText - RouteText[id=e191155b-3232-49bd-bfe9-6bfcf78aa3cb] Created FlowFile[3275,92022542403855.mockFlowFile,24B] from FlowFile[3274,92022542403855.mockFlowFile,24B]; routing to relationship simple
[pool-3960-thread-1] INFO org.apache.nifi.processors.standard.RouteText - RouteText[id=e191155b-3232-49bd-bfe9-6bfcf78aa3cb] Routing FlowFile[3274,92022542403855.mockFlowFile,24B] to original
[main] DEBUG org.apache.nifi.processors.standard.RouteText - RouteText[id=e191155b-3232-49bd-bfe9-6bfcf78aa3cb] Adding new dynamic property: PropertyDescriptor[simple]
[pool-3961-thread-1] INFO org.apache.nifi.processors.standard.RouteText - RouteText[id=e191155b-3232-49bd-bfe9-6bfcf78aa3cb] Created FlowFile[3277,92022542855027.mockFlowFile,24B] from FlowFile[3276,92022542855027.mockFlowFile,24B]; routing to relationship simple
[pool-3961-thread-1] INFO org.apache.nifi.processors.standard.RouteText - RouteText[id=e191155b-3232-49bd-bfe9-6bfcf78aa3cb] Routing FlowFile[3276,92022542855027.mockFlowFile,24B] to original
[main] DEBUG org.apache.nifi.processors.standard.RouteText - RouteText[id=e191155b-3232-49bd-bfe9-6bfcf78aa3cb] Adding new dynamic property: PropertyDescriptor[simple]
[pool-3962-thread-1] INFO org.apache.nifi.processors.standard.RouteText - RouteText[id=e191155b-3232-49bd-bfe9-6bfcf78aa3cb] Created FlowFile[3279,92022543365532.mockFlowFile,24B] from FlowFile[3278,92022543365532.mockFlowFile,24B]; routing to relationship simple
[pool-3962-thread-1] INFO org.apache.nifi.processors.standard.RouteText - RouteText[id=e191155b-3232-49bd-bfe9-6bfcf78aa3cb] Routing FlowFile[3278,92022543365532.mockFlowFile,24B] to original
[main] DEBUG org.apache.nifi.processors.standard.RouteText - RouteText[id=e191155b-3232-49bd-bfe9-6bfcf78aa3cb] Adding new dynamic property: PropertyDescriptor[simple]
[pool-3963-thread-1] INFO org.apache.nifi.processors.standard.RouteText - RouteText[id=e191155b-3232-49bd-bfe9-6bfcf78aa3cb] Created FlowFile[3281,92022543821090.mockFlowFile,24B] from FlowFile[3280,92022543821090.mockFlowFile,24B]; routing to relationship simple
[pool-3963-thread-1] INFO org.apache.nifi.processors.standard.RouteText - RouteText[id=e191155b-3232-49bd-bfe9-6bfcf78aa3cb] Routing FlowFile[3280,92022543821090.mockFlowFile,24B] to original
[main] DEBUG org.apache.nifi.processors.standard.RouteText - RouteText[id=e191155b-3232-49bd-bfe9-6bfcf78aa3cb] Adding new dynamic property: PropertyDescriptor[simple]
[pool-3964-thread-1] INFO org.apache.nifi.processors.standard.RouteText - RouteText[id=e191155b-3232-49bd-bfe9-6bfcf78aa3cb] Created FlowFile[3283,92022544429885.mockFlowFile,24B] from FlowFile[3282,92022544429885.mockFlowFile,24B]; routing to relationship simple
[pool-3964-thread-1] INFO org.apache.nifi.processors.standard.RouteText - RouteText[id=e191155b-3232-49bd-bfe9-6bfcf78aa3cb] Routing FlowFile[3282,92022544429885.mockFlowFile,24B] to original
[main] DEBUG org.apache.nifi.processors.standard.RouteText - RouteText[id=e191155b-3232-49bd-bfe9-6bfcf78aa3cb] Adding new dynamic property: PropertyDescriptor[simple]
[pool-3965-thread-1] INFO org.apache.nifi.processors.standard.RouteText - RouteText[id=e191155b-3232-49bd-bfe9-6bfcf78aa3cb] Created FlowFile[3285,92022544992214.mockFlowFile,24B] from FlowFile[3284,92022544992214.mockFlowFile,24B]; routing to relationship simple
[pool-3965-thread-1] INFO org.apache.nifi.processors.standard.RouteText - RouteText[id=e191155b-3232-49bd-bfe9-6bfcf78aa3cb] Routing FlowFile[3284,92022544992214.mockFlowFile,24B] to original
[main] DEBUG org.apache.nifi.processors.standard.RouteText - RouteText[id=e191155b-3232-49bd-bfe9-6bfcf78aa3cb] Adding new dynamic property: PropertyDescriptor[simple]
[pool-3966-thread-1] INFO org.apache.nifi.processors.standard.RouteText - RouteText[id=e191155b-3232-49bd-bfe9-6bfcf78aa3cb] Created FlowFile[3287,92022545531330.mockFlowFile,24B] from FlowFile[3286,92022545531330.mockFlowFile,24B]; routing to relationship simple
[pool-3966-thread-1] INFO org.apache.nifi.processors.standard.RouteText - RouteText[id=e191155b-3232-49bd-bfe9-6bfcf78aa3cb] Routing FlowFile[3286,92022545531330.mockFlowFile,24B] to original
[main] DEBUG org.apache.nifi.processors.standard.RouteText - RouteText[id=e191155b-3232-49bd-bfe9-6bfcf78aa3cb] Adding new dynamic property: PropertyDescriptor[simple]
[pool-3967-thread-1] INFO org.apache.nifi.processors.standard.RouteText - RouteText[id=e191155b-3232-49bd-bfe9-6bfcf78aa3cb] Created FlowFile[3289,92022546071970.mockFlowFile,24B] from FlowFile[3288,92022546071970.mockFlowFile,24B]; routing to relationship simple
[pool-3967-thread-1] INFO org.apache.nifi.processors.standard.RouteText - RouteText[id=e191155b-3232-49bd-bfe9-6bfcf78aa3cb] Routing FlowFile[3288,92022546071970.mockFlowFile,24B] to original
[main] DEBUG org.apache.nifi.processors.standard.RouteText - RouteText[id=e191155b-3232-49bd-bfe9-6bfcf78aa3cb] Adding new dynamic property: PropertyDescriptor[simple]
[pool-3968-thread-1] INFO org.apache.nifi.processors.standard.RouteText - RouteText[id=e191155b-3232-49bd-bfe9-6bfcf78aa3cb] Created FlowFile[3291,92022546530731.mockFlowFile,24B] from FlowFile[3290,92022546530731.mockFlowFile,24B]; routing to relationship simple
[pool-3968-thread-1] INFO org.apache.nifi.processors.standard.RouteText - RouteText[id=e191155b-3232-49bd-bfe9-6bfcf78aa3cb] Routing FlowFile[3290,92022546530731.mockFlowFile,24B] to original
[main] DEBUG org.apache.nifi.processors.standard.RouteText - RouteText[id=e191155b-3232-49bd-bfe9-6bfcf78aa3cb] Adding new dynamic property: PropertyDescriptor[simple]
[pool-3969-thread-1] INFO org.apache.nifi.processors.standard.RouteText - RouteText[id=e191155b-3232-49bd-bfe9-6bfcf78aa3cb] Created FlowFile[3293,92022546974956.mockFlowFile,24B] from FlowFile[3292,92022546974956.mockFlowFile,24B]; routing to relationship simple
[pool-3969-thread-1] INFO org.apache.nifi.processors.standard.RouteText - RouteText[id=e191155b-3232-49bd-bfe9-6bfcf78aa3cb] Routing FlowFile[3292,92022546974956.mockFlowFile,24B] to original
[main] DEBUG org.apache.nifi.processors.standard.RouteText - RouteText[id=e191155b-3232-49bd-bfe9-6bfcf78aa3cb] Adding new dynamic property: PropertyDescriptor[simple]
[pool-3970-thread-1] INFO org.apache.nifi.processors.standard.RouteText - RouteText[id=e191155b-3232-49bd-bfe9-6bfcf78aa3cb] Created FlowFile[3295,92022547394132.mockFlowFile,24B] from FlowFile[3294,92022547394132.mockFlowFile,24B]; routing to relationship simple
[pool-3970-thread-1] INFO org.apache.nifi.processors.standard.RouteText - RouteText[id=e191155b-3232-49bd-bfe9-6bfcf78aa3cb] Routing FlowFile[3294,92022547394132.mockFlowFile,24B] to original
[main] DEBUG org.apache.nifi.processors.standard.RouteText - RouteText[id=e191155b-3232-49bd-bfe9-6bfcf78aa3cb] Adding new dynamic property: PropertyDescriptor[simple]
[pool-3971-thread-1] INFO org.apache.nifi.processors.standard.RouteText - RouteText[id=e191155b-3232-49bd-bfe9-6bfcf78aa3cb] Created FlowFile[3297,92022547751843.mockFlowFile,24B] from FlowFile[3296,92022547751843.mockFlowFile,24B]; routing to relationship simple
[pool-3971-thread-1] INFO org.apache.nifi.processors.standard.RouteText - RouteText[id=e191155b-3232-49bd-bfe9-6bfcf78aa3cb] Routing FlowFile[3296,92022547751843.mockFlowFile,24B] to original
[main] DEBUG org.apache.nifi.processors.standard.RouteText - RouteText[id=e191155b-3232-49bd-bfe9-6bfcf78aa3cb] Adding new dynamic property: PropertyDescriptor[simple]
[pool-3972-thread-1] INFO org.apache.nifi.processors.standard.RouteText - RouteText[id=e191155b-3232-49bd-bfe9-6bfcf78aa3cb] Created FlowFile[3299,92022548129998.mockFlowFile,24B] from FlowFile[3298,92022548129998.mockFlowFile,24B]; routing to relationship simple
[pool-3972-thread-1] INFO org.apache.nifi.processors.standard.RouteText - RouteText[id=e191155b-3232-49bd-bfe9-6bfcf78aa3cb] Routing FlowFile[3298,92022548129998.mockFlowFile,24B] to original
[main] DEBUG org.apache.nifi.processors.standard.RouteText - RouteText[id=e191155b-3232-49bd-bfe9-6bfcf78aa3cb] Adding new dynamic property: PropertyDescriptor[simple]
[pool-3973-thread-1] INFO org.apache.nifi.processors.standard.RouteText - RouteText[id=e191155b-3232-49bd-bfe9-6bfcf78aa3cb] Created FlowFile[3301,92022548680465.mockFlowFile,24B] from FlowFile[3300,92022548680465.mockFlowFile,24B]; routing to relationship simple
[pool-3973-thread-1] INFO org.apache.nifi.processors.standard.RouteText - RouteText[id=e191155b-3232-49bd-bfe9-6bfcf78aa3cb] Routing FlowFile[3300,92022548680465.mockFlowFile,24B] to original
[main] DEBUG org.apache.nifi.processors.standard.RouteText - RouteText[id=e191155b-3232-49bd-bfe9-6bfcf78aa3cb] Adding new dynamic property: PropertyDescriptor[simple]
[pool-3974-thread-1] INFO org.apache.nifi.processors.standard.RouteText - RouteText[id=e191155b-3232-49bd-bfe9-6bfcf78aa3cb] Created FlowFile[3303,92022549209385.mockFlowFile,24B] from FlowFile[3302,92022549209385.mockFlowFile,24B]; routing to relationship simple
[pool-3974-thread-1] INFO org.apache.nifi.processors.standard.RouteText - RouteText[id=e191155b-3232-49bd-bfe9-6bfcf78aa3cb] Routing FlowFile[3302,92022549209385.mockFlowFile,24B] to original
[main] DEBUG org.apache.nifi.processors.standard.RouteText - RouteText[id=e191155b-3232-49bd-bfe9-6bfcf78aa3cb] Adding new dynamic property: PropertyDescriptor[simple]
[pool-3975-thread-1] INFO org.apache.nifi.processors.standard.RouteText - RouteText[id=e191155b-3232-49bd-bfe9-6bfcf78aa3cb] Created FlowFile[3305,92022549699866.mockFlowFile,24B] from FlowFile[3304,92022549699866.mockFlowFile,24B]; routing to relationship simple
[pool-3975-thread-1] INFO org.apache.nifi.processors.standard.RouteText - RouteText[id=e191155b-3232-49bd-bfe9-6bfcf78aa3cb] Routing FlowFile[3304,92022549699866.mockFlowFile,24B] to original
[main] DEBUG org.apache.nifi.processors.standard.RouteText - RouteText[id=e191155b-3232-49bd-bfe9-6bfcf78aa3cb] Adding new dynamic property: PropertyDescriptor[simple]
[pool-3976-thread-1] INFO org.apache.nifi.processors.standard.RouteText - RouteText[id=e191155b-3232-49bd-bfe9-6bfcf78aa3cb] Created FlowFile[3307,92022550115579.mockFlowFile,24B] from FlowFile[3306,92022550115579.mockFlowFile,24B]; routing to relationship simple
[pool-3976-thread-1] INFO org.apache.nifi.processors.standard.RouteText - RouteText[id=e191155b-3232-49bd-bfe9-6bfcf78aa3cb] Routing FlowFile[3306,92022550115579.mockFlowFile,24B] to original
[main] DEBUG org.apache.nifi.processors.standard.RouteText - RouteText[id=e191155b-3232-49bd-bfe9-6bfcf78aa3cb] Adding new dynamic property: PropertyDescriptor[simple]
[pool-3977-thread-1] INFO org.apache.nifi.processors.standard.RouteText - RouteText[id=e191155b-3232-49bd-bfe9-6bfcf78aa3cb] Created FlowFile[3309,92022550516919.mockFlowFile,24B] from FlowFile[3308,92022550516919.mockFlowFile,24B]; routing to relationship simple
[pool-3977-thread-1] INFO org.apache.nifi.processors.standard.RouteText - RouteText[id=e191155b-3232-49bd-bfe9-6bfcf78aa3cb] Routing FlowFile[3308,92022550516919.mockFlowFile,24B] to original
[main] DEBUG org.apache.nifi.processors.standard.RouteText - RouteText[id=e191155b-3232-49bd-bfe9-6bfcf78aa3cb] Adding new dynamic property: PropertyDescriptor[simple]
[pool-3978-thread-1] INFO org.apache.nifi.processors.standard.RouteText - RouteText[id=e191155b-3232-49bd-bfe9-6bfcf78aa3cb] Created FlowFile[3311,92022550991580.mockFlowFile,24B] from FlowFile[3310,92022550991580.mockFlowFile,24B]; routing to relationship simple
[pool-3978-thread-1] INFO org.apache.nifi.processors.standard.RouteText - RouteText[id=e191155b-3232-49bd-bfe9-6bfcf78aa3cb] Routing FlowFile[3310,92022550991580.mockFlowFile,24B] to original
[main] DEBUG org.apache.nifi.processors.standard.RouteText - RouteText[id=e191155b-3232-49bd-bfe9-6bfcf78aa3cb] Adding new dynamic property: PropertyDescriptor[simple]
[pool-3979-thread-1] INFO org.apache.nifi.processors.standard.RouteText - RouteText[id=e191155b-3232-49bd-bfe9-6bfcf78aa3cb] Created FlowFile[3313,92022551386182.mockFlowFile,24B] from FlowFile[3312,92022551386182.mockFlowFile,24B]; routing to relationship simple
[pool-3979-thread-1] INFO org.apache.nifi.processors.standard.RouteText - RouteText[id=e191155b-3232-49bd-bfe9-6bfcf78aa3cb] Routing FlowFile[3312,92022551386182.mockFlowFile,24B] to original
[main] DEBUG org.apache.nifi.processors.standard.RouteText - RouteText[id=e191155b-3232-49bd-bfe9-6bfcf78aa3cb] Adding new dynamic property: PropertyDescriptor[simple]
[pool-3980-thread-1] INFO org.apache.nifi.processors.standard.RouteText - RouteText[id=e191155b-3232-49bd-bfe9-6bfcf78aa3cb] Created FlowFile[3315,92022551853800.mockFlowFile,24B] from FlowFile[3314,92022551853800.mockFlowFile,24B]; routing to relationship simple
[pool-3980-thread-1] INFO org.apache.nifi.processors.standard.RouteText - RouteText[id=e191155b-3232-49bd-bfe9-6bfcf78aa3cb] Routing FlowFile[3314,92022551853800.mockFlowFile,24B] to original
[main] DEBUG org.apache.nifi.processors.standard.RouteText - RouteText[id=e191155b-3232-49bd-bfe9-6bfcf78aa3cb] Adding new dynamic property: PropertyDescriptor[simple]
[pool-3981-thread-1] INFO org.apache.nifi.processors.standard.RouteText - RouteText[id=e191155b-3232-49bd-bfe9-6bfcf78aa3cb] Created FlowFile[3317,92022552287271.mockFlowFile,24B] from FlowFile[3316,92022552287271.mockFlowFile,24B]; routing to relationship simple
[pool-3981-thread-1] INFO org.apache.nifi.processors.standard.RouteText - RouteText[id=e191155b-3232-49bd-bfe9-6bfcf78aa3cb] Routing FlowFile[3316,92022552287271.mockFlowFile,24B] to original
[main] DEBUG org.apache.nifi.processors.standard.RouteText - RouteText[id=e191155b-3232-49bd-bfe9-6bfcf78aa3cb] Adding new dynamic property: PropertyDescriptor[simple]
[pool-3982-thread-1] INFO org.apache.nifi.processors.standard.RouteText - RouteText[id=e191155b-3232-49bd-bfe9-6bfcf78aa3cb] Created FlowFile[3319,92022552829876.mockFlowFile,24B] from FlowFile[3318,92022552829876.mockFlowFile,24B]; routing to relationship simple
[pool-3982-thread-1] INFO org.apache.nifi.processors.standard.RouteText - RouteText[id=e191155b-3232-49bd-bfe9-6bfcf78aa3cb] Routing FlowFile[3318,92022552829876.mockFlowFile,24B] to original
[main] DEBUG org.apache.nifi.processors.standard.RouteText - RouteText[id=e191155b-3232-49bd-bfe9-6bfcf78aa3cb] Adding new dynamic property: PropertyDescriptor[simple]
[pool-3983-thread-1] INFO org.apache.nifi.processors.standard.RouteText - RouteText[id=e191155b-3232-49bd-bfe9-6bfcf78aa3cb] Created FlowFile[3321,92022553406469.mockFlowFile,24B] from FlowFile[3320,92022553406469.mockFlowFile,24B]; routing to relationship simple
[pool-3983-thread-1] INFO org.apache.nifi.processors.standard.RouteText - RouteText[id=e191155b-3232-49bd-bfe9-6bfcf78aa3cb] Routing FlowFile[3320,92022553406469.mockFlowFile,24B] to original
[main] DEBUG org.apache.nifi.processors.standard.RouteText - RouteText[id=e191155b-3232-49bd-bfe9-6bfcf78aa3cb] Adding new dynamic property: PropertyDescriptor[simple]
[pool-3984-thread-1] INFO org.apache.nifi.processors.standard.RouteText - RouteText[id=e191155b-3232-49bd-bfe9-6bfcf78aa3cb] Created FlowFile[3323,92022561377607.mockFlowFile,24B] from FlowFile[3322,92022561377607.mockFlowFile,24B]; routing to relationship simple
[pool-3984-thread-1] INFO org.apache.nifi.processors.standard.RouteText - RouteText[id=e191155b-3232-49bd-bfe9-6bfcf78aa3cb] Routing FlowFile[3322,92022561377607.mockFlowFile,24B] to original
[main] DEBUG org.apache.nifi.processors.standard.RouteText - RouteText[id=e191155b-3232-49bd-bfe9-6bfcf78aa3cb] Adding new dynamic property: PropertyDescriptor[simple]
[pool-3985-thread-1] INFO org.apache.nifi.processors.standard.RouteText - RouteText[id=e191155b-3232-49bd-bfe9-6bfcf78aa3cb] Created FlowFile[3325,92022562103381.mockFlowFile,24B] from FlowFile[3324,92022562103381.mockFlowFile,24B]; routing to relationship simple
[pool-3985-thread-1] INFO org.apache.nifi.processors.standard.RouteText - RouteText[id=e191155b-3232-49bd-bfe9-6bfcf78aa3cb] Routing FlowFile[3324,92022562103381.mockFlowFile,24B] to original
[main] DEBUG org.apache.nifi.processors.standard.RouteText - RouteText[id=e191155b-3232-49bd-bfe9-6bfcf78aa3cb] Adding new dynamic property: PropertyDescriptor[simple]
[pool-3986-thread-1] INFO org.apache.nifi.processors.standard.RouteText - RouteText[id=e191155b-3232-49bd-bfe9-6bfcf78aa3cb] Created FlowFile[3327,92022562740193.mockFlowFile,24B] from FlowFile[3326,92022562740193.mockFlowFile,24B]; routing to relationship simple
[pool-3986-thread-1] INFO org.apache.nifi.processors.standard.RouteText - RouteText[id=e191155b-3232-49bd-bfe9-6bfcf78aa3cb] Routing FlowFile[3326,92022562740193.mockFlowFile,24B] to original
[main] DEBUG org.apache.nifi.processors.standard.RouteText - RouteText[id=e191155b-3232-49bd-bfe9-6bfcf78aa3cb] Adding new dynamic property: PropertyDescriptor[simple]
[pool-3987-thread-1] INFO org.apache.nifi.processors.standard.RouteText - RouteText[id=e191155b-3232-49bd-bfe9-6bfcf78aa3cb] Created FlowFile[3329,92022563383822.mockFlowFile,24B] from FlowFile[3328,92022563383822.mockFlowFile,24B]; routing to relationship simple
[pool-3987-thread-1] INFO org.apache.nifi.processors.standard.RouteText - RouteText[id=e191155b-3232-49bd-bfe9-6bfcf78aa3cb] Routing FlowFile[3328,92022563383822.mockFlowFile,24B] to original
[main] DEBUG org.apache.nifi.processors.standard.RouteText - RouteText[id=e191155b-3232-49bd-bfe9-6bfcf78aa3cb] Adding new dynamic property: PropertyDescriptor[simple]
[pool-3988-thread-1] INFO org.apache.nifi.processors.standard.RouteText - RouteText[id=e191155b-3232-49bd-bfe9-6bfcf78aa3cb] Created FlowFile[3331,92022563886047.mockFlowFile,24B] from FlowFile[3330,92022563886047.mockFlowFile,24B]; routing to relationship simple
[pool-3988-thread-1] INFO org.apache.nifi.processors.standard.RouteText - RouteText[id=e191155b-3232-49bd-bfe9-6bfcf78aa3cb] Routing FlowFile[3330,92022563886047.mockFlowFile,24B] to original
[main] DEBUG org.apache.nifi.processors.standard.RouteText - RouteText[id=e191155b-3232-49bd-bfe9-6bfcf78aa3cb] Adding new dynamic property: PropertyDescriptor[simple]
[pool-3989-thread-1] INFO org.apache.nifi.processors.standard.RouteText - RouteText[id=e191155b-3232-49bd-bfe9-6bfcf78aa3cb] Created FlowFile[3333,92022564385312.mockFlowFile,24B] from FlowFile[3332,92022564385312.mockFlowFile,24B]; routing to relationship simple
[pool-3989-thread-1] INFO org.apache.nifi.processors.standard.RouteText - RouteText[id=e191155b-3232-49bd-bfe9-6bfcf78aa3cb] Routing FlowFile[3332,92022564385312.mockFlowFile,24B] to original
[main] DEBUG org.apache.nifi.processors.standard.RouteText - RouteText[id=e191155b-3232-49bd-bfe9-6bfcf78aa3cb] Adding new dynamic property: PropertyDescriptor[simple]
[pool-3990-thread-1] INFO org.apache.nifi.processors.standard.RouteText - RouteText[id=e191155b-3232-49bd-bfe9-6bfcf78aa3cb] Created FlowFile[3335,92022564999209.mockFlowFile,24B] from FlowFile[3334,92022564999209.mockFlowFile,24B]; routing to relationship simple
[pool-3990-thread-1] INFO org.apache.nifi.processors.standard.RouteText - RouteText[id=e191155b-3232-49bd-bfe9-6bfcf78aa3cb] Routing FlowFile[3334,92022564999209.mockFlowFile,24B] to original
[main] DEBUG org.apache.nifi.processors.standard.RouteText - RouteText[id=e191155b-3232-49bd-bfe9-6bfcf78aa3cb] Adding new dynamic property: PropertyDescriptor[simple]
[pool-3991-thread-1] INFO org.apache.nifi.processors.standard.RouteText - RouteText[id=e191155b-3232-49bd-bfe9-6bfcf78aa3cb] Created FlowFile[3337,92022565510395.mockFlowFile,24B] from FlowFile[3336,92022565510395.mockFlowFile,24B]; routing to relationship simple
[pool-3991-thread-1] INFO org.apache.nifi.processors.standard.RouteText - RouteText[id=e191155b-3232-49bd-bfe9-6bfcf78aa3cb] Routing FlowFile[3336,92022565510395.mockFlowFile,24B] to original
[main] DEBUG org.apache.nifi.processors.standard.RouteText - RouteText[id=e191155b-3232-49bd-bfe9-6bfcf78aa3cb] Adding new dynamic property: PropertyDescriptor[simple]
[pool-3992-thread-1] INFO org.apache.nifi.processors.standard.RouteText - RouteText[id=e191155b-3232-49bd-bfe9-6bfcf78aa3cb] Created FlowFile[3339,92022565981596.mockFlowFile,24B] from FlowFile[3338,92022565981596.mockFlowFile,24B]; routing to relationship simple
[pool-3992-thread-1] INFO org.apache.nifi.processors.standard.RouteText - RouteText[id=e191155b-3232-49bd-bfe9-6bfcf78aa3cb] Routing FlowFile[3338,92022565981596.mockFlowFile,24B] to original
[main] DEBUG org.apache.nifi.processors.standard.RouteText - RouteText[id=e191155b-3232-49bd-bfe9-6bfcf78aa3cb] Adding new dynamic property: PropertyDescriptor[simple]
[pool-3993-thread-1] INFO org.apache.nifi.processors.standard.RouteText - RouteText[id=e191155b-3232-49bd-bfe9-6bfcf78aa3cb] Created FlowFile[3341,92022566450757.mockFlowFile,24B] from FlowFile[3340,92022566450757.mockFlowFile,24B]; routing to relationship simple
[pool-3993-thread-1] INFO org.apache.nifi.processors.standard.RouteText - RouteText[id=e191155b-3232-49bd-bfe9-6bfcf78aa3cb] Routing FlowFile[3340,92022566450757.mockFlowFile,24B] to original
[main] DEBUG org.apache.nifi.processors.standard.RouteText - RouteText[id=e191155b-3232-49bd-bfe9-6bfcf78aa3cb] Adding new dynamic property: PropertyDescriptor[simple]
[pool-3994-thread-1] INFO org.apache.nifi.processors.standard.RouteText - RouteText[id=e191155b-3232-49bd-bfe9-6bfcf78aa3cb] Created FlowFile[3343,92022566904793.mockFlowFile,24B] from FlowFile[3342,92022566904793.mockFlowFile,24B]; routing to relationship simple
[pool-3994-thread-1] INFO org.apache.nifi.processors.standard.RouteText - RouteText[id=e191155b-3232-49bd-bfe9-6bfcf78aa3cb] Routing FlowFile[3342,92022566904793.mockFlowFile,24B] to original
[main] DEBUG org.apache.nifi.processors.standard.RouteText - RouteText[id=e191155b-3232-49bd-bfe9-6bfcf78aa3cb] Adding new dynamic property: PropertyDescriptor[simple]
[pool-3995-thread-1] INFO org.apache.nifi.processors.standard.RouteText - RouteText[id=e191155b-3232-49bd-bfe9-6bfcf78aa3cb] Created FlowFile[3345,92022567373496.mockFlowFile,24B] from FlowFile[3344,92022567373496.mockFlowFile,24B]; routing to relationship simple
[pool-3995-thread-1] INFO org.apache.nifi.processors.standard.RouteText - RouteText[id=e191155b-3232-49bd-bfe9-6bfcf78aa3cb] Routing FlowFile[3344,92022567373496.mockFlowFile,24B] to original
[main] DEBUG org.apache.nifi.processors.standard.RouteText - RouteText[id=e191155b-3232-49bd-bfe9-6bfcf78aa3cb] Adding new dynamic property: PropertyDescriptor[simple]
[pool-3996-thread-1] INFO org.apache.nifi.processors.standard.RouteText - RouteText[id=e191155b-3232-49bd-bfe9-6bfcf78aa3cb] Created FlowFile[3347,92022567852637.mockFlowFile,24B] from FlowFile[3346,92022567852637.mockFlowFile,24B]; routing to relationship simple
[pool-3996-thread-1] INFO org.apache.nifi.processors.standard.RouteText - RouteText[id=e191155b-3232-49bd-bfe9-6bfcf78aa3cb] Routing FlowFile[3346,92022567852637.mockFlowFile,24B] to original
[main] DEBUG org.apache.nifi.processors.standard.RouteText - RouteText[id=e191155b-3232-49bd-bfe9-6bfcf78aa3cb] Adding new dynamic property: PropertyDescriptor[simple]
[pool-3997-thread-1] INFO org.apache.nifi.processors.standard.RouteText - RouteText[id=e191155b-3232-49bd-bfe9-6bfcf78aa3cb] Created FlowFile[3349,92022568345629.mockFlowFile,24B] from FlowFile[3348,92022568345629.mockFlowFile,24B]; routing to relationship simple
[pool-3997-thread-1] INFO org.apache.nifi.processors.standard.RouteText - RouteText[id=e191155b-3232-49bd-bfe9-6bfcf78aa3cb] Routing FlowFile[3348,92022568345629.mockFlowFile,24B] to original
[main] DEBUG org.apache.nifi.processors.standard.RouteText - RouteText[id=e191155b-3232-49bd-bfe9-6bfcf78aa3cb] Adding new dynamic property: PropertyDescriptor[simple]
[pool-3998-thread-1] INFO org.apache.nifi.processors.standard.RouteText - RouteText[id=e191155b-3232-49bd-bfe9-6bfcf78aa3cb] Created FlowFile[3351,92022568836446.mockFlowFile,24B] from FlowFile[3350,92022568836446.mockFlowFile,24B]; routing to relationship simple
[pool-3998-thread-1] INFO org.apache.nifi.processors.standard.RouteText - RouteText[id=e191155b-3232-49bd-bfe9-6bfcf78aa3cb] Routing FlowFile[3350,92022568836446.mockFlowFile,24B] to original
[main] DEBUG org.apache.nifi.processors.standard.RouteText - RouteText[id=e191155b-3232-49bd-bfe9-6bfcf78aa3cb] Adding new dynamic property: PropertyDescriptor[simple]
[pool-3999-thread-1] INFO org.apache.nifi.processors.standard.RouteText - RouteText[id=e191155b-3232-49bd-bfe9-6bfcf78aa3cb] Created FlowFile[3353,92022569306090.mockFlowFile,24B] from FlowFile[3352,92022569306090.mockFlowFile,24B]; routing to relationship simple
[pool-3999-thread-1] INFO org.apache.nifi.processors.standard.RouteText - RouteText[id=e191155b-3232-49bd-bfe9-6bfcf78aa3cb] Routing FlowFile[3352,92022569306090.mockFlowFile,24B] to original
[main] DEBUG org.apache.nifi.processors.standard.RouteText - RouteText[id=e191155b-3232-49bd-bfe9-6bfcf78aa3cb] Adding new dynamic property: PropertyDescriptor[simple]
[pool-4000-thread-1] INFO org.apache.nifi.processors.standard.RouteText - RouteText[id=e191155b-3232-49bd-bfe9-6bfcf78aa3cb] Created FlowFile[3355,92022569765670.mockFlowFile,24B] from FlowFile[3354,92022569765670.mockFlowFile,24B]; routing to relationship simple
[pool-4000-thread-1] INFO org.apache.nifi.processors.standard.RouteText - RouteText[id=e191155b-3232-49bd-bfe9-6bfcf78aa3cb] Routing FlowFile[3354,92022569765670.mockFlowFile,24B] to original
[main] DEBUG org.apache.nifi.processors.standard.RouteText - RouteText[id=e191155b-3232-49bd-bfe9-6bfcf78aa3cb] Adding new dynamic property: PropertyDescriptor[simple]
[pool-4001-thread-1] INFO org.apache.nifi.processors.standard.RouteText - RouteText[id=e191155b-3232-49bd-bfe9-6bfcf78aa3cb] Created FlowFile[3357,92022570232907.mockFlowFile,24B] from FlowFile[3356,92022570232907.mockFlowFile,24B]; routing to relationship simple
[pool-4001-thread-1] INFO org.apache.nifi.processors.standard.RouteText - RouteText[id=e191155b-3232-49bd-bfe9-6bfcf78aa3cb] Routing FlowFile[3356,92022570232907.mockFlowFile,24B] to original
[main] DEBUG org.apache.nifi.processors.standard.RouteText - RouteText[id=e191155b-3232-49bd-bfe9-6bfcf78aa3cb] Adding new dynamic property: PropertyDescriptor[simple]
[pool-4002-thread-1] INFO org.apache.nifi.processors.standard.RouteText - RouteText[id=e191155b-3232-49bd-bfe9-6bfcf78aa3cb] Created FlowFile[3359,92022570701723.mockFlowFile,24B] from FlowFile[3358,92022570701723.mockFlowFile,24B]; routing to relationship simple
[pool-4002-thread-1] INFO org.apache.nifi.processors.standard.RouteText - RouteText[id=e191155b-3232-49bd-bfe9-6bfcf78aa3cb] Routing FlowFile[3358,92022570701723.mockFlowFile,24B] to original
[main] DEBUG org.apache.nifi.processors.standard.RouteText - RouteText[id=e191155b-3232-49bd-bfe9-6bfcf78aa3cb] Adding new dynamic property: PropertyDescriptor[simple]
[pool-4003-thread-1] INFO org.apache.nifi.processors.standard.RouteText - RouteText[id=e191155b-3232-49bd-bfe9-6bfcf78aa3cb] Created FlowFile[3361,92022571181061.mockFlowFile,24B] from FlowFile[3360,92022571181061.mockFlowFile,24B]; routing to relationship simple
[pool-4003-thread-1] INFO org.apache.nifi.processors.standard.RouteText - RouteText[id=e191155b-3232-49bd-bfe9-6bfcf78aa3cb] Routing FlowFile[3360,92022571181061.mockFlowFile,24B] to original
[main] DEBUG org.apache.nifi.processors.standard.RouteText - RouteText[id=e191155b-3232-49bd-bfe9-6bfcf78aa3cb] Adding new dynamic property: PropertyDescriptor[simple]
[pool-4004-thread-1] INFO org.apache.nifi.processors.standard.RouteText - RouteText[id=e191155b-3232-49bd-bfe9-6bfcf78aa3cb] Created FlowFile[3363,92022571677656.mockFlowFile,24B] from FlowFile[3362,92022571677656.mockFlowFile,24B]; routing to relationship simple
[pool-4004-thread-1] INFO org.apache.nifi.processors.standard.RouteText - RouteText[id=e191155b-3232-49bd-bfe9-6bfcf78aa3cb] Routing FlowFile[3362,92022571677656.mockFlowFile,24B] to original
[main] DEBUG org.apache.nifi.processors.standard.RouteText - RouteText[id=e191155b-3232-49bd-bfe9-6bfcf78aa3cb] Adding new dynamic property: PropertyDescriptor[simple]
[pool-4005-thread-1] INFO org.apache.nifi.processors.standard.RouteText - RouteText[id=e191155b-3232-49bd-bfe9-6bfcf78aa3cb] Created FlowFile[3365,92022572175635.mockFlowFile,24B] from FlowFile[3364,92022572175635.mockFlowFile,24B]; routing to relationship simple
[pool-4005-thread-1] INFO org.apache.nifi.processors.standard.RouteText - RouteText[id=e191155b-3232-49bd-bfe9-6bfcf78aa3cb] Routing FlowFile[3364,92022572175635.mockFlowFile,24B] to original
[main] DEBUG org.apache.nifi.processors.standard.RouteText - RouteText[id=e191155b-3232-49bd-bfe9-6bfcf78aa3cb] Adding new dynamic property: PropertyDescriptor[simple]
[pool-4006-thread-1] INFO org.apache.nifi.processors.standard.RouteText - RouteText[id=e191155b-3232-49bd-bfe9-6bfcf78aa3cb] Created FlowFile[3367,92022572679318.mockFlowFile,24B] from FlowFile[3366,92022572679318.mockFlowFile,24B]; routing to relationship simple
[pool-4006-thread-1] INFO org.apache.nifi.processors.standard.RouteText - RouteText[id=e191155b-3232-49bd-bfe9-6bfcf78aa3cb] Routing FlowFile[3366,92022572679318.mockFlowFile,24B] to original
[main] DEBUG org.apache.nifi.processors.standard.RouteText - RouteText[id=e191155b-3232-49bd-bfe9-6bfcf78aa3cb] Adding new dynamic property: PropertyDescriptor[simple]
[pool-4007-thread-1] INFO org.apache.nifi.processors.standard.RouteText - RouteText[id=e191155b-3232-49bd-bfe9-6bfcf78aa3cb] Created FlowFile[3369,92022573183224.mockFlowFile,24B] from FlowFile[3368,92022573183224.mockFlowFile,24B]; routing to relationship simple
[pool-4007-thread-1] INFO org.apache.nifi.processors.standard.RouteText - RouteText[id=e191155b-3232-49bd-bfe9-6bfcf78aa3cb] Routing FlowFile[3368,92022573183224.mockFlowFile,24B] to original
[main] DEBUG org.apache.nifi.processors.standard.RouteText - RouteText[id=e191155b-3232-49bd-bfe9-6bfcf78aa3cb] Adding new dynamic property: PropertyDescriptor[simple]
[pool-4008-thread-1] INFO org.apache.nifi.processors.standard.RouteText - RouteText[id=e191155b-3232-49bd-bfe9-6bfcf78aa3cb] Created FlowFile[3371,92022573691502.mockFlowFile,24B] from FlowFile[3370,92022573691502.mockFlowFile,24B]; routing to relationship simple
[pool-4008-thread-1] INFO org.apache.nifi.processors.standard.RouteText - RouteText[id=e191155b-3232-49bd-bfe9-6bfcf78aa3cb] Routing FlowFile[3370,92022573691502.mockFlowFile,24B] to original
[main] DEBUG org.apache.nifi.processors.standard.RouteText - RouteText[id=e191155b-3232-49bd-bfe9-6bfcf78aa3cb] Adding new dynamic property: PropertyDescriptor[simple]
[pool-4009-thread-1] INFO org.apache.nifi.processors.standard.RouteText - RouteText[id=e191155b-3232-49bd-bfe9-6bfcf78aa3cb] Created FlowFile[3373,92022574141795.mockFlowFile,24B] from FlowFile[3372,92022574141795.mockFlowFile,24B]; routing to relationship simple
[pool-4009-thread-1] INFO org.apache.nifi.processors.standard.RouteText - RouteText[id=e191155b-3232-49bd-bfe9-6bfcf78aa3cb] Routing FlowFile[3372,92022574141795.mockFlowFile,24B] to original
[main] DEBUG org.apache.nifi.processors.standard.RouteText - RouteText[id=e191155b-3232-49bd-bfe9-6bfcf78aa3cb] Adding new dynamic property: PropertyDescriptor[simple]
[pool-4010-thread-1] INFO org.apache.nifi.processors.standard.RouteText - RouteText[id=e191155b-3232-49bd-bfe9-6bfcf78aa3cb] Created FlowFile[3375,92022574564295.mockFlowFile,24B] from FlowFile[3374,92022574564295.mockFlowFile,24B]; routing to relationship simple
[pool-4010-thread-1] INFO org.apache.nifi.processors.standard.RouteText - RouteText[id=e191155b-3232-49bd-bfe9-6bfcf78aa3cb] Routing FlowFile[3374,92022574564295.mockFlowFile,24B] to original
[main] DEBUG org.apache.nifi.processors.standard.RouteText - RouteText[id=e191155b-3232-49bd-bfe9-6bfcf78aa3cb] Adding new dynamic property: PropertyDescriptor[simple]
[pool-4011-thread-1] INFO org.apache.nifi.processors.standard.RouteText - RouteText[id=e191155b-3232-49bd-bfe9-6bfcf78aa3cb] Created FlowFile[3377,92022574990627.mockFlowFile,24B] from FlowFile[3376,92022574990627.mockFlowFile,24B]; routing to relationship simple
[pool-4011-thread-1] INFO org.apache.nifi.processors.standard.RouteText - RouteText[id=e191155b-3232-49bd-bfe9-6bfcf78aa3cb] Routing FlowFile[3376,92022574990627.mockFlowFile,24B] to original
[main] DEBUG org.apache.nifi.processors.standard.RouteText - RouteText[id=e191155b-3232-49bd-bfe9-6bfcf78aa3cb] Adding new dynamic property: PropertyDescriptor[simple]
[pool-4012-thread-1] INFO org.apache.nifi.processors.standard.RouteText - RouteText[id=e191155b-3232-49bd-bfe9-6bfcf78aa3cb] Created FlowFile[3379,92022575453513.mockFlowFile,24B] from FlowFile[3378,92022575453513.mockFlowFile,24B]; routing to relationship simple
[pool-4012-thread-1] INFO org.apache.nifi.processors.standard.RouteText - RouteText[id=e191155b-3232-49bd-bfe9-6bfcf78aa3cb] Routing FlowFile[3378,92022575453513.mockFlowFile,24B] to original
[main] DEBUG org.apache.nifi.processors.standard.RouteText - RouteText[id=e191155b-3232-49bd-bfe9-6bfcf78aa3cb] Adding new dynamic property: PropertyDescriptor[simple]
[pool-4013-thread-1] INFO org.apache.nifi.processors.standard.RouteText - RouteText[id=e191155b-3232-49bd-bfe9-6bfcf78aa3cb] Created FlowFile[3381,92022575917662.mockFlowFile,24B] from FlowFile[3380,92022575917662.mockFlowFile,24B]; routing to relationship simple
[pool-4013-thread-1] INFO org.apache.nifi.processors.standard.RouteText - RouteText[id=e191155b-3232-49bd-bfe9-6bfcf78aa3cb] Routing FlowFile[3380,92022575917662.mockFlowFile,24B] to original
[main] DEBUG org.apache.nifi.processors.standard.RouteText - RouteText[id=e191155b-3232-49bd-bfe9-6bfcf78aa3cb] Adding new dynamic property: PropertyDescriptor[simple]
[pool-4014-thread-1] INFO org.apache.nifi.processors.standard.RouteText - RouteText[id=e191155b-3232-49bd-bfe9-6bfcf78aa3cb] Created FlowFile[3383,92022576397318.mockFlowFile,24B] from FlowFile[3382,92022576397318.mockFlowFile,24B]; routing to relationship simple
[pool-4014-thread-1] INFO org.apache.nifi.processors.standard.RouteText - RouteText[id=e191155b-3232-49bd-bfe9-6bfcf78aa3cb] Routing FlowFile[3382,92022576397318.mockFlowFile,24B] to original
[main] DEBUG org.apache.nifi.processors.standard.RouteText - RouteText[id=e191155b-3232-49bd-bfe9-6bfcf78aa3cb] Adding new dynamic property: PropertyDescriptor[simple]
[pool-4015-thread-1] INFO org.apache.nifi.processors.standard.RouteText - RouteText[id=e191155b-3232-49bd-bfe9-6bfcf78aa3cb] Created FlowFile[3385,92022576878591.mockFlowFile,24B] from FlowFile[3384,92022576878591.mockFlowFile,24B]; routing to relationship simple
[pool-4015-thread-1] INFO org.apache.nifi.processors.standard.RouteText - RouteText[id=e191155b-3232-49bd-bfe9-6bfcf78aa3cb] Routing FlowFile[3384,92022576878591.mockFlowFile,24B] to original
[main] DEBUG org.apache.nifi.processors.standard.RouteText - RouteText[id=e191155b-3232-49bd-bfe9-6bfcf78aa3cb] Adding new dynamic property: PropertyDescriptor[simple]
[pool-4016-thread-1] INFO org.apache.nifi.processors.standard.RouteText - RouteText[id=e191155b-3232-49bd-bfe9-6bfcf78aa3cb] Created FlowFile[3387,92022577356585.mockFlowFile,24B] from FlowFile[3386,92022577356585.mockFlowFile,24B]; routing to relationship simple
[pool-4016-thread-1] INFO org.apache.nifi.processors.standard.RouteText - RouteText[id=e191155b-3232-49bd-bfe9-6bfcf78aa3cb] Routing FlowFile[3386,92022577356585.mockFlowFile,24B] to original
[main] DEBUG org.apache.nifi.processors.standard.RouteText - RouteText[id=e191155b-3232-49bd-bfe9-6bfcf78aa3cb] Adding new dynamic property: PropertyDescriptor[simple]
[pool-4017-thread-1] INFO org.apache.nifi.processors.standard.RouteText - RouteText[id=e191155b-3232-49bd-bfe9-6bfcf78aa3cb] Created FlowFile[3389,92022577814936.mockFlowFile,24B] from FlowFile[3388,92022577814936.mockFlowFile,24B]; routing to relationship simple
[pool-4017-thread-1] INFO org.apache.nifi.processors.standard.RouteText - RouteText[id=e191155b-3232-49bd-bfe9-6bfcf78aa3cb] Routing FlowFile[3388,92022577814936.mockFlowFile,24B] to original
[main] DEBUG org.apache.nifi.processors.standard.RouteText - RouteText[id=e191155b-3232-49bd-bfe9-6bfcf78aa3cb] Adding new dynamic property: PropertyDescriptor[simple]
[pool-4018-thread-1] INFO org.apache.nifi.processors.standard.RouteText - RouteText[id=e191155b-3232-49bd-bfe9-6bfcf78aa3cb] Created FlowFile[3391,92022578273560.mockFlowFile,24B] from FlowFile[3390,92022578273560.mockFlowFile,24B]; routing to relationship simple
[pool-4018-thread-1] INFO org.apache.nifi.processors.standard.RouteText - RouteText[id=e191155b-3232-49bd-bfe9-6bfcf78aa3cb] Routing FlowFile[3390,92022578273560.mockFlowFile,24B] to original
[main] DEBUG org.apache.nifi.processors.standard.RouteText - RouteText[id=e191155b-3232-49bd-bfe9-6bfcf78aa3cb] Adding new dynamic property: PropertyDescriptor[simple]
[pool-4019-thread-1] INFO org.apache.nifi.processors.standard.RouteText - RouteText[id=e191155b-3232-49bd-bfe9-6bfcf78aa3cb] Created FlowFile[3393,92022578810341.mockFlowFile,24B] from FlowFile[3392,92022578810341.mockFlowFile,24B]; routing to relationship simple
[pool-4019-thread-1] INFO org.apache.nifi.processors.standard.RouteText - RouteText[id=e191155b-3232-49bd-bfe9-6bfcf78aa3cb] Routing FlowFile[3392,92022578810341.mockFlowFile,24B] to original
[main] DEBUG org.apache.nifi.processors.standard.RouteText - RouteText[id=e191155b-3232-49bd-bfe9-6bfcf78aa3cb] Adding new dynamic property: PropertyDescriptor[simple]
[pool-4020-thread-1] INFO org.apache.nifi.processors.standard.RouteText - RouteText[id=e191155b-3232-49bd-bfe9-6bfcf78aa3cb] Created FlowFile[3395,92022579299412.mockFlowFile,24B] from FlowFile[3394,92022579299412.mockFlowFile,24B]; routing to relationship simple
[pool-4020-thread-1] INFO org.apache.nifi.processors.standard.RouteText - RouteText[id=e191155b-3232-49bd-bfe9-6bfcf78aa3cb] Routing FlowFile[3394,92022579299412.mockFlowFile,24B] to original
[main] DEBUG org.apache.nifi.processors.standard.RouteText - RouteText[id=e191155b-3232-49bd-bfe9-6bfcf78aa3cb] Adding new dynamic property: PropertyDescriptor[simple]
[pool-4021-thread-1] INFO org.apache.nifi.processors.standard.RouteText - RouteText[id=e191155b-3232-49bd-bfe9-6bfcf78aa3cb] Created FlowFile[3397,92022579739901.mockFlowFile,24B] from FlowFile[3396,92022579739901.mockFlowFile,24B]; routing to relationship simple
[pool-4021-thread-1] INFO org.apache.nifi.processors.standard.RouteText - RouteText[id=e191155b-3232-49bd-bfe9-6bfcf78aa3cb] Routing FlowFile[3396,92022579739901.mockFlowFile,24B] to original
[main] DEBUG org.apache.nifi.processors.standard.RouteText - RouteText[id=e191155b-3232-49bd-bfe9-6bfcf78aa3cb] Adding new dynamic property: PropertyDescriptor[simple]
[pool-4022-thread-1] INFO org.apache.nifi.processors.standard.RouteText - RouteText[id=e191155b-3232-49bd-bfe9-6bfcf78aa3cb] Created FlowFile[3399,92022580178482.mockFlowFile,24B] from FlowFile[3398,92022580178482.mockFlowFile,24B]; routing to relationship simple
[pool-4022-thread-1] INFO org.apache.nifi.processors.standard.RouteText - RouteText[id=e191155b-3232-49bd-bfe9-6bfcf78aa3cb] Routing FlowFile[3398,92022580178482.mockFlowFile,24B] to original
[main] DEBUG org.apache.nifi.processors.standard.RouteText - RouteText[id=e191155b-3232-49bd-bfe9-6bfcf78aa3cb] Adding new dynamic property: PropertyDescriptor[simple]
[pool-4023-thread-1] INFO org.apache.nifi.processors.standard.RouteText - RouteText[id=e191155b-3232-49bd-bfe9-6bfcf78aa3cb] Created FlowFile[3401,92022580641111.mockFlowFile,24B] from FlowFile[3400,92022580641111.mockFlowFile,24B]; routing to relationship simple
[pool-4023-thread-1] INFO org.apache.nifi.processors.standard.RouteText - RouteText[id=e191155b-3232-49bd-bfe9-6bfcf78aa3cb] Routing FlowFile[3400,92022580641111.mockFlowFile,24B] to original
[main] DEBUG org.apache.nifi.processors.standard.RouteText - RouteText[id=e191155b-3232-49bd-bfe9-6bfcf78aa3cb] Adding new dynamic property: PropertyDescriptor[simple]
[pool-4024-thread-1] INFO org.apache.nifi.processors.standard.RouteText - RouteText[id=e191155b-3232-49bd-bfe9-6bfcf78aa3cb] Created FlowFile[3403,92022581110451.mockFlowFile,24B] from FlowFile[3402,92022581110451.mockFlowFile,24B]; routing to relationship simple
[pool-4024-thread-1] INFO org.apache.nifi.processors.standard.RouteText - RouteText[id=e191155b-3232-49bd-bfe9-6bfcf78aa3cb] Routing FlowFile[3402,92022581110451.mockFlowFile,24B] to original
[main] DEBUG org.apache.nifi.processors.standard.RouteText - RouteText[id=e191155b-3232-49bd-bfe9-6bfcf78aa3cb] Adding new dynamic property: PropertyDescriptor[simple]
[pool-4025-thread-1] INFO org.apache.nifi.processors.standard.RouteText - RouteText[id=e191155b-3232-49bd-bfe9-6bfcf78aa3cb] Created FlowFile[3405,92022581583871.mockFlowFile,24B] from FlowFile[3404,92022581583871.mockFlowFile,24B]; routing to relationship simple
[pool-4025-thread-1] INFO org.apache.nifi.processors.standard.RouteText - RouteText[id=e191155b-3232-49bd-bfe9-6bfcf78aa3cb] Routing FlowFile[3404,92022581583871.mockFlowFile,24B] to original
[main] DEBUG org.apache.nifi.processors.standard.RouteText - RouteText[id=e191155b-3232-49bd-bfe9-6bfcf78aa3cb] Adding new dynamic property: PropertyDescriptor[simple]
[pool-4026-thread-1] INFO org.apache.nifi.processors.standard.RouteText - RouteText[id=e191155b-3232-49bd-bfe9-6bfcf78aa3cb] Created FlowFile[3407,92022582056604.mockFlowFile,24B] from FlowFile[3406,92022582056604.mockFlowFile,24B]; routing to relationship simple
[pool-4026-thread-1] INFO org.apache.nifi.processors.standard.RouteText - RouteText[id=e191155b-3232-49bd-bfe9-6bfcf78aa3cb] Routing FlowFile[3406,92022582056604.mockFlowFile,24B] to original
[main] DEBUG org.apache.nifi.processors.standard.RouteText - RouteText[id=e191155b-3232-49bd-bfe9-6bfcf78aa3cb] Adding new dynamic property: PropertyDescriptor[simple]
[pool-4027-thread-1] INFO org.apache.nifi.processors.standard.RouteText - RouteText[id=e191155b-3232-49bd-bfe9-6bfcf78aa3cb] Created FlowFile[3409,92022582534159.mockFlowFile,24B] from FlowFile[3408,92022582534159.mockFlowFile,24B]; routing to relationship simple
[pool-4027-thread-1] INFO org.apache.nifi.processors.standard.RouteText - RouteText[id=e191155b-3232-49bd-bfe9-6bfcf78aa3cb] Routing FlowFile[3408,92022582534159.mockFlowFile,24B] to original
[main] DEBUG org.apache.nifi.processors.standard.RouteText - RouteText[id=e191155b-3232-49bd-bfe9-6bfcf78aa3cb] Adding new dynamic property: PropertyDescriptor[simple]
[pool-4028-thread-1] INFO org.apache.nifi.processors.standard.RouteText - RouteText[id=e191155b-3232-49bd-bfe9-6bfcf78aa3cb] Created FlowFile[3411,92022582965957.mockFlowFile,24B] from FlowFile[3410,92022582965957.mockFlowFile,24B]; routing to relationship simple
[pool-4028-thread-1] INFO org.apache.nifi.processors.standard.RouteText - RouteText[id=e191155b-3232-49bd-bfe9-6bfcf78aa3cb] Routing FlowFile[3410,92022582965957.mockFlowFile,24B] to original
[main] DEBUG org.apache.nifi.processors.standard.RouteText - RouteText[id=e191155b-3232-49bd-bfe9-6bfcf78aa3cb] Adding new dynamic property: PropertyDescriptor[simple]
[pool-4029-thread-1] INFO org.apache.nifi.processors.standard.RouteText - RouteText[id=e191155b-3232-49bd-bfe9-6bfcf78aa3cb] Created FlowFile[3413,92022583432140.mockFlowFile,24B] from FlowFile[3412,92022583432140.mockFlowFile,24B]; routing to relationship simple
[pool-4029-thread-1] INFO org.apache.nifi.processors.standard.RouteText - RouteText[id=e191155b-3232-49bd-bfe9-6bfcf78aa3cb] Routing FlowFile[3412,92022583432140.mockFlowFile,24B] to original
[main] DEBUG org.apache.nifi.processors.standard.RouteText - RouteText[id=e191155b-3232-49bd-bfe9-6bfcf78aa3cb] Adding new dynamic property: PropertyDescriptor[simple]
[pool-4030-thread-1] INFO org.apache.nifi.processors.standard.RouteText - RouteText[id=e191155b-3232-49bd-bfe9-6bfcf78aa3cb] Created FlowFile[3415,92022583898229.mockFlowFile,24B] from FlowFile[3414,92022583898229.mockFlowFile,24B]; routing to relationship simple
[pool-4030-thread-1] INFO org.apache.nifi.processors.standard.RouteText - RouteText[id=e191155b-3232-49bd-bfe9-6bfcf78aa3cb] Routing FlowFile[3414,92022583898229.mockFlowFile,24B] to original
[main] DEBUG org.apache.nifi.processors.standard.RouteText - RouteText[id=e191155b-3232-49bd-bfe9-6bfcf78aa3cb] Adding new dynamic property: PropertyDescriptor[simple]
[pool-4031-thread-1] INFO org.apache.nifi.processors.standard.RouteText - RouteText[id=e191155b-3232-49bd-bfe9-6bfcf78aa3cb] Created FlowFile[3417,92022584372562.mockFlowFile,24B] from FlowFile[3416,92022584372562.mockFlowFile,24B]; routing to relationship simple
[pool-4031-thread-1] INFO org.apache.nifi.processors.standard.RouteText - RouteText[id=e191155b-3232-49bd-bfe9-6bfcf78aa3cb] Routing FlowFile[3416,92022584372562.mockFlowFile,24B] to original
[main] DEBUG org.apache.nifi.processors.standard.RouteText - RouteText[id=e191155b-3232-49bd-bfe9-6bfcf78aa3cb] Adding new dynamic property: PropertyDescriptor[simple]
[pool-4032-thread-1] INFO org.apache.nifi.processors.standard.RouteText - RouteText[id=e191155b-3232-49bd-bfe9-6bfcf78aa3cb] Created FlowFile[3419,92022584830273.mockFlowFile,24B] from FlowFile[3418,92022584830273.mockFlowFile,24B]; routing to relationship simple
[pool-4032-thread-1] INFO org.apache.nifi.processors.standard.RouteText - RouteText[id=e191155b-3232-49bd-bfe9-6bfcf78aa3cb] Routing FlowFile[3418,92022584830273.mockFlowFile,24B] to original
[main] DEBUG org.apache.nifi.processors.standard.RouteText - RouteText[id=e191155b-3232-49bd-bfe9-6bfcf78aa3cb] Adding new dynamic property: PropertyDescriptor[simple]
[pool-4033-thread-1] INFO org.apache.nifi.processors.standard.RouteText - RouteText[id=e191155b-3232-49bd-bfe9-6bfcf78aa3cb] Created FlowFile[3421,92022585293754.mockFlowFile,24B] from FlowFile[3420,92022585293754.mockFlowFile,24B]; routing to relationship simple
[pool-4033-thread-1] INFO org.apache.nifi.processors.standard.RouteText - RouteText[id=e191155b-3232-49bd-bfe9-6bfcf78aa3cb] Routing FlowFile[3420,92022585293754.mockFlowFile,24B] to original
[main] DEBUG org.apache.nifi.processors.standard.RouteText - RouteText[id=e191155b-3232-49bd-bfe9-6bfcf78aa3cb] Adding new dynamic property: PropertyDescriptor[simple]
[pool-4034-thread-1] INFO org.apache.nifi.processors.standard.RouteText - RouteText[id=e191155b-3232-49bd-bfe9-6bfcf78aa3cb] Created FlowFile[3423,92022585762138.mockFlowFile,24B] from FlowFile[3422,92022585762138.mockFlowFile,24B]; routing to relationship simple
[pool-4034-thread-1] INFO org.apache.nifi.processors.standard.RouteText - RouteText[id=e191155b-3232-49bd-bfe9-6bfcf78aa3cb] Routing FlowFile[3422,92022585762138.mockFlowFile,24B] to original
[main] DEBUG org.apache.nifi.processors.standard.RouteText - RouteText[id=e191155b-3232-49bd-bfe9-6bfcf78aa3cb] Adding new dynamic property: PropertyDescriptor[simple]
[pool-4035-thread-1] INFO org.apache.nifi.processors.standard.RouteText - RouteText[id=e191155b-3232-49bd-bfe9-6bfcf78aa3cb] Created FlowFile[3425,92022586256074.mockFlowFile,24B] from FlowFile[3424,92022586256074.mockFlowFile,24B]; routing to relationship simple
[pool-4035-thread-1] INFO org.apache.nifi.processors.standard.RouteText - RouteText[id=e191155b-3232-49bd-bfe9-6bfcf78aa3cb] Routing FlowFile[3424,92022586256074.mockFlowFile,24B] to original
[main] DEBUG org.apache.nifi.processors.standard.RouteText - RouteText[id=e191155b-3232-49bd-bfe9-6bfcf78aa3cb] Adding new dynamic property: PropertyDescriptor[simple]
[pool-4036-thread-1] INFO org.apache.nifi.processors.standard.RouteText - RouteText[id=e191155b-3232-49bd-bfe9-6bfcf78aa3cb] Created FlowFile[3427,92022586719510.mockFlowFile,24B] from FlowFile[3426,92022586719510.mockFlowFile,24B]; routing to relationship simple
[pool-4036-thread-1] INFO org.apache.nifi.processors.standard.RouteText - RouteText[id=e191155b-3232-49bd-bfe9-6bfcf78aa3cb] Routing FlowFile[3426,92022586719510.mockFlowFile,24B] to original
[main] DEBUG org.apache.nifi.processors.standard.RouteText - RouteText[id=e191155b-3232-49bd-bfe9-6bfcf78aa3cb] Adding new dynamic property: PropertyDescriptor[simple]
[pool-4037-thread-1] INFO org.apache.nifi.processors.standard.RouteText - RouteText[id=e191155b-3232-49bd-bfe9-6bfcf78aa3cb] Created FlowFile[3429,92022587161779.mockFlowFile,24B] from FlowFile[3428,92022587161779.mockFlowFile,24B]; routing to relationship simple
[pool-4037-thread-1] INFO org.apache.nifi.processors.standard.RouteText - RouteText[id=e191155b-3232-49bd-bfe9-6bfcf78aa3cb] Routing FlowFile[3428,92022587161779.mockFlowFile,24B] to original
[main] DEBUG org.apache.nifi.processors.standard.RouteText - RouteText[id=e191155b-3232-49bd-bfe9-6bfcf78aa3cb] Adding new dynamic property: PropertyDescriptor[simple]
[pool-4038-thread-1] INFO org.apache.nifi.processors.standard.RouteText - RouteText[id=e191155b-3232-49bd-bfe9-6bfcf78aa3cb] Created FlowFile[3431,92022587630577.mockFlowFile,24B] from FlowFile[3430,92022587630577.mockFlowFile,24B]; routing to relationship simple
[pool-4038-thread-1] INFO org.apache.nifi.processors.standard.RouteText - RouteText[id=e191155b-3232-49bd-bfe9-6bfcf78aa3cb] Routing FlowFile[3430,92022587630577.mockFlowFile,24B] to original
[main] DEBUG org.apache.nifi.processors.standard.RouteText - RouteText[id=e191155b-3232-49bd-bfe9-6bfcf78aa3cb] Adding new dynamic property: PropertyDescriptor[simple]
[pool-4039-thread-1] INFO org.apache.nifi.processors.standard.RouteText - RouteText[id=e191155b-3232-49bd-bfe9-6bfcf78aa3cb] Created FlowFile[3433,92022588109777.mockFlowFile,24B] from FlowFile[3432,92022588109777.mockFlowFile,24B]; routing to relationship simple
[pool-4039-thread-1] INFO org.apache.nifi.processors.standard.RouteText - RouteText[id=e191155b-3232-49bd-bfe9-6bfcf78aa3cb] Routing FlowFile[3432,92022588109777.mockFlowFile,24B] to original
[main] DEBUG org.apache.nifi.processors.standard.RouteText - RouteText[id=e191155b-3232-49bd-bfe9-6bfcf78aa3cb] Adding new dynamic property: PropertyDescriptor[simple]
[pool-4040-thread-1] INFO org.apache.nifi.processors.standard.RouteText - RouteText[id=e191155b-3232-49bd-bfe9-6bfcf78aa3cb] Created FlowFile[3435,92022588592885.mockFlowFile,24B] from FlowFile[3434,92022588592885.mockFlowFile,24B]; routing to relationship simple
[pool-4040-thread-1] INFO org.apache.nifi.processors.standard.RouteText - RouteText[id=e191155b-3232-49bd-bfe9-6bfcf78aa3cb] Routing FlowFile[3434,92022588592885.mockFlowFile,24B] to original
[main] DEBUG org.apache.nifi.processors.standard.RouteText - RouteText[id=e191155b-3232-49bd-bfe9-6bfcf78aa3cb] Adding new dynamic property: PropertyDescriptor[simple]
[pool-4041-thread-1] INFO org.apache.nifi.processors.standard.RouteText - RouteText[id=e191155b-3232-49bd-bfe9-6bfcf78aa3cb] Created FlowFile[3437,92022589095366.mockFlowFile,24B] from FlowFile[3436,92022589095366.mockFlowFile,24B]; routing to relationship simple
[pool-4041-thread-1] INFO org.apache.nifi.processors.standard.RouteText - RouteText[id=e191155b-3232-49bd-bfe9-6bfcf78aa3cb] Routing FlowFile[3436,92022589095366.mockFlowFile,24B] to original
[main] DEBUG org.apache.nifi.processors.standard.RouteText - RouteText[id=e191155b-3232-49bd-bfe9-6bfcf78aa3cb] Adding new dynamic property: PropertyDescriptor[simple]
[pool-4042-thread-1] INFO org.apache.nifi.processors.standard.RouteText - RouteText[id=e191155b-3232-49bd-bfe9-6bfcf78aa3cb] Created FlowFile[3439,92022589587913.mockFlowFile,24B] from FlowFile[3438,92022589587913.mockFlowFile,24B]; routing to relationship simple
[pool-4042-thread-1] INFO org.apache.nifi.processors.standard.RouteText - RouteText[id=e191155b-3232-49bd-bfe9-6bfcf78aa3cb] Routing FlowFile[3438,92022589587913.mockFlowFile,24B] to original
[main] DEBUG org.apache.nifi.processors.standard.RouteText - RouteText[id=e191155b-3232-49bd-bfe9-6bfcf78aa3cb] Adding new dynamic property: PropertyDescriptor[simple]
[pool-4043-thread-1] INFO org.apache.nifi.processors.standard.RouteText - RouteText[id=e191155b-3232-49bd-bfe9-6bfcf78aa3cb] Created FlowFile[3441,92022590057186.mockFlowFile,24B] from FlowFile[3440,92022590057186.mockFlowFile,24B]; routing to relationship simple
[pool-4043-thread-1] INFO org.apache.nifi.processors.standard.RouteText - RouteText[id=e191155b-3232-49bd-bfe9-6bfcf78aa3cb] Routing FlowFile[3440,92022590057186.mockFlowFile,24B] to original
[main] DEBUG org.apache.nifi.processors.standard.RouteText - RouteText[id=e191155b-3232-49bd-bfe9-6bfcf78aa3cb] Adding new dynamic property: PropertyDescriptor[simple]
[pool-4044-thread-1] INFO org.apache.nifi.processors.standard.RouteText - RouteText[id=e191155b-3232-49bd-bfe9-6bfcf78aa3cb] Created FlowFile[3443,92022590513732.mockFlowFile,24B] from FlowFile[3442,92022590513732.mockFlowFile,24B]; routing to relationship simple
[pool-4044-thread-1] INFO org.apache.nifi.processors.standard.RouteText - RouteText[id=e191155b-3232-49bd-bfe9-6bfcf78aa3cb] Routing FlowFile[3442,92022590513732.mockFlowFile,24B] to original
[main] DEBUG org.apache.nifi.processors.standard.RouteText - RouteText[id=e191155b-3232-49bd-bfe9-6bfcf78aa3cb] Adding new dynamic property: PropertyDescriptor[simple]
[pool-4045-thread-1] INFO org.apache.nifi.processors.standard.RouteText - RouteText[id=e191155b-3232-49bd-bfe9-6bfcf78aa3cb] Created FlowFile[3445,92022590985921.mockFlowFile,24B] from FlowFile[3444,92022590985921.mockFlowFile,24B]; routing to relationship simple
[pool-4045-thread-1] INFO org.apache.nifi.processors.standard.RouteText - RouteText[id=e191155b-3232-49bd-bfe9-6bfcf78aa3cb] Routing FlowFile[3444,92022590985921.mockFlowFile,24B] to original
[main] DEBUG org.apache.nifi.processors.standard.RouteText - RouteText[id=e191155b-3232-49bd-bfe9-6bfcf78aa3cb] Adding new dynamic property: PropertyDescriptor[simple]
[pool-4046-thread-1] INFO org.apache.nifi.processors.standard.RouteText - RouteText[id=e191155b-3232-49bd-bfe9-6bfcf78aa3cb] Created FlowFile[3447,92022591569262.mockFlowFile,24B] from FlowFile[3446,92022591569262.mockFlowFile,24B]; routing to relationship simple
[pool-4046-thread-1] INFO org.apache.nifi.processors.standard.RouteText - RouteText[id=e191155b-3232-49bd-bfe9-6bfcf78aa3cb] Routing FlowFile[3446,92022591569262.mockFlowFile,24B] to original
[main] DEBUG org.apache.nifi.processors.standard.RouteText - RouteText[id=e191155b-3232-49bd-bfe9-6bfcf78aa3cb] Adding new dynamic property: PropertyDescriptor[simple]
[pool-4047-thread-1] INFO org.apache.nifi.processors.standard.RouteText - RouteText[id=e191155b-3232-49bd-bfe9-6bfcf78aa3cb] Created FlowFile[3449,92022592077767.mockFlowFile,24B] from FlowFile[3448,92022592077767.mockFlowFile,24B]; routing to relationship simple
[pool-4047-thread-1] INFO org.apache.nifi.processors.standard.RouteText - RouteText[id=e191155b-3232-49bd-bfe9-6bfcf78aa3cb] Routing FlowFile[3448,92022592077767.mockFlowFile,24B] to original
[main] DEBUG org.apache.nifi.processors.standard.RouteText - RouteText[id=e191155b-3232-49bd-bfe9-6bfcf78aa3cb] Adding new dynamic property: PropertyDescriptor[simple]
[pool-4048-thread-1] INFO org.apache.nifi.processors.standard.RouteText - RouteText[id=e191155b-3232-49bd-bfe9-6bfcf78aa3cb] Created FlowFile[3451,92022592591449.mockFlowFile,24B] from FlowFile[3450,92022592591449.mockFlowFile,24B]; routing to relationship simple
[pool-4048-thread-1] INFO org.apache.nifi.processors.standard.RouteText - RouteText[id=e191155b-3232-49bd-bfe9-6bfcf78aa3cb] Routing FlowFile[3450,92022592591449.mockFlowFile,24B] to original
[main] DEBUG org.apache.nifi.processors.standard.RouteText - RouteText[id=e191155b-3232-49bd-bfe9-6bfcf78aa3cb] Adding new dynamic property: PropertyDescriptor[simple]
[pool-4049-thread-1] INFO org.apache.nifi.processors.standard.RouteText - RouteText[id=e191155b-3232-49bd-bfe9-6bfcf78aa3cb] Created FlowFile[3453,92022593093468.mockFlowFile,24B] from FlowFile[3452,92022593093468.mockFlowFile,24B]; routing to relationship simple
[pool-4049-thread-1] INFO org.apache.nifi.processors.standard.RouteText - RouteText[id=e191155b-3232-49bd-bfe9-6bfcf78aa3cb] Routing FlowFile[3452,92022593093468.mockFlowFile,24B] to original
[main] DEBUG org.apache.nifi.processors.standard.RouteText - RouteText[id=e191155b-3232-49bd-bfe9-6bfcf78aa3cb] Adding new dynamic property: PropertyDescriptor[simple]
[pool-4050-thread-1] INFO org.apache.nifi.processors.standard.RouteText - RouteText[id=e191155b-3232-49bd-bfe9-6bfcf78aa3cb] Created FlowFile[3455,92022593739987.mockFlowFile,24B] from FlowFile[3454,92022593739987.mockFlowFile,24B]; routing to relationship simple
[pool-4050-thread-1] INFO org.apache.nifi.processors.standard.RouteText - RouteText[id=e191155b-3232-49bd-bfe9-6bfcf78aa3cb] Routing FlowFile[3454,92022593739987.mockFlowFile,24B] to original
[main] DEBUG org.apache.nifi.processors.standard.RouteText - RouteText[id=e191155b-3232-49bd-bfe9-6bfcf78aa3cb] Adding new dynamic property: PropertyDescriptor[simple]
[pool-4051-thread-1] INFO org.apache.nifi.processors.standard.RouteText - RouteText[id=e191155b-3232-49bd-bfe9-6bfcf78aa3cb] Created FlowFile[3457,92022594299097.mockFlowFile,24B] from FlowFile[3456,92022594299097.mockFlowFile,24B]; routing to relationship simple
[pool-4051-thread-1] INFO org.apache.nifi.processors.standard.RouteText - RouteText[id=e191155b-3232-49bd-bfe9-6bfcf78aa3cb] Routing FlowFile[3456,92022594299097.mockFlowFile,24B] to original
[main] DEBUG org.apache.nifi.processors.standard.RouteText - RouteText[id=e191155b-3232-49bd-bfe9-6bfcf78aa3cb] Adding new dynamic property: PropertyDescriptor[simple]
[pool-4052-thread-1] INFO org.apache.nifi.processors.standard.RouteText - RouteText[id=e191155b-3232-49bd-bfe9-6bfcf78aa3cb] Created FlowFile[3459,92022594786300.mockFlowFile,24B] from FlowFile[3458,92022594786300.mockFlowFile,24B]; routing to relationship simple
[pool-4052-thread-1] INFO org.apache.nifi.processors.standard.RouteText - RouteText[id=e191155b-3232-49bd-bfe9-6bfcf78aa3cb] Routing FlowFile[3458,92022594786300.mockFlowFile,24B] to original
[main] DEBUG org.apache.nifi.processors.standard.RouteText - RouteText[id=e191155b-3232-49bd-bfe9-6bfcf78aa3cb] Adding new dynamic property: PropertyDescriptor[simple]
[pool-4053-thread-1] INFO org.apache.nifi.processors.standard.RouteText - RouteText[id=e191155b-3232-49bd-bfe9-6bfcf78aa3cb] Created FlowFile[3461,92022595258338.mockFlowFile,24B] from FlowFile[3460,92022595258338.mockFlowFile,24B]; routing to relationship simple
[pool-4053-thread-1] INFO org.apache.nifi.processors.standard.RouteText - RouteText[id=e191155b-3232-49bd-bfe9-6bfcf78aa3cb] Routing FlowFile[3460,92022595258338.mockFlowFile,24B] to original
[main] DEBUG org.apache.nifi.processors.standard.RouteText - RouteText[id=e191155b-3232-49bd-bfe9-6bfcf78aa3cb] Adding new dynamic property: PropertyDescriptor[simple]
[pool-4054-thread-1] INFO org.apache.nifi.processors.standard.RouteText - RouteText[id=e191155b-3232-49bd-bfe9-6bfcf78aa3cb] Created FlowFile[3463,92022596149618.mockFlowFile,24B] from FlowFile[3462,92022596149618.mockFlowFile,24B]; routing to relationship simple
[pool-4054-thread-1] INFO org.apache.nifi.processors.standard.RouteText - RouteText[id=e191155b-3232-49bd-bfe9-6bfcf78aa3cb] Routing FlowFile[3462,92022596149618.mockFlowFile,24B] to original
[main] DEBUG org.apache.nifi.processors.standard.RouteText - RouteText[id=e191155b-3232-49bd-bfe9-6bfcf78aa3cb] Adding new dynamic property: PropertyDescriptor[simple]
[pool-4055-thread-1] INFO org.apache.nifi.processors.standard.RouteText - RouteText[id=e191155b-3232-49bd-bfe9-6bfcf78aa3cb] Created FlowFile[3465,92022596618416.mockFlowFile,24B] from FlowFile[3464,92022596618416.mockFlowFile,24B]; routing to relationship simple
[pool-4055-thread-1] INFO org.apache.nifi.processors.standard.RouteText - RouteText[id=e191155b-3232-49bd-bfe9-6bfcf78aa3cb] Routing FlowFile[3464,92022596618416.mockFlowFile,24B] to original
[main] DEBUG org.apache.nifi.processors.standard.RouteText - RouteText[id=e191155b-3232-49bd-bfe9-6bfcf78aa3cb] Adding new dynamic property: PropertyDescriptor[simple]
[pool-4056-thread-1] INFO org.apache.nifi.processors.standard.RouteText - RouteText[id=e191155b-3232-49bd-bfe9-6bfcf78aa3cb] Created FlowFile[3467,92022597052309.mockFlowFile,24B] from FlowFile[3466,92022597052309.mockFlowFile,24B]; routing to relationship simple
[pool-4056-thread-1] INFO org.apache.nifi.processors.standard.RouteText - RouteText[id=e191155b-3232-49bd-bfe9-6bfcf78aa3cb] Routing FlowFile[3466,92022597052309.mockFlowFile,24B] to original
[main] DEBUG org.apache.nifi.processors.standard.RouteText - RouteText[id=e191155b-3232-49bd-bfe9-6bfcf78aa3cb] Adding new dynamic property: PropertyDescriptor[simple]
[pool-4057-thread-1] INFO org.apache.nifi.processors.standard.RouteText - RouteText[id=e191155b-3232-49bd-bfe9-6bfcf78aa3cb] Created FlowFile[3469,92022597479922.mockFlowFile,24B] from FlowFile[3468,92022597479922.mockFlowFile,24B]; routing to relationship simple
[pool-4057-thread-1] INFO org.apache.nifi.processors.standard.RouteText - RouteText[id=e191155b-3232-49bd-bfe9-6bfcf78aa3cb] Routing FlowFile[3468,92022597479922.mockFlowFile,24B] to original
[main] DEBUG org.apache.nifi.processors.standard.RouteText - RouteText[id=e191155b-3232-49bd-bfe9-6bfcf78aa3cb] Adding new dynamic property: PropertyDescriptor[simple]
[pool-4058-thread-1] INFO org.apache.nifi.processors.standard.RouteText - RouteText[id=e191155b-3232-49bd-bfe9-6bfcf78aa3cb] Created FlowFile[3471,92022597905616.mockFlowFile,24B] from FlowFile[3470,92022597905616.mockFlowFile,24B]; routing to relationship simple
[pool-4058-thread-1] INFO org.apache.nifi.processors.standard.RouteText - RouteText[id=e191155b-3232-49bd-bfe9-6bfcf78aa3cb] Routing FlowFile[3470,92022597905616.mockFlowFile,24B] to original
[main] DEBUG org.apache.nifi.processors.standard.RouteText - RouteText[id=e191155b-3232-49bd-bfe9-6bfcf78aa3cb] Adding new dynamic property: PropertyDescriptor[simple]
[pool-4059-thread-1] INFO org.apache.nifi.processors.standard.RouteText - RouteText[id=e191155b-3232-49bd-bfe9-6bfcf78aa3cb] Created FlowFile[3473,92022598340947.mockFlowFile,24B] from FlowFile[3472,92022598340947.mockFlowFile,24B]; routing to relationship simple
[pool-4059-thread-1] INFO org.apache.nifi.processors.standard.RouteText - RouteText[id=e191155b-3232-49bd-bfe9-6bfcf78aa3cb] Routing FlowFile[3472,92022598340947.mockFlowFile,24B] to original
[main] DEBUG org.apache.nifi.processors.standard.RouteText - RouteText[id=e191155b-3232-49bd-bfe9-6bfcf78aa3cb] Adding new dynamic property: PropertyDescriptor[simple]
[pool-4060-thread-1] INFO org.apache.nifi.processors.standard.RouteText - RouteText[id=e191155b-3232-49bd-bfe9-6bfcf78aa3cb] Created FlowFile[3475,92022598789406.mockFlowFile,24B] from FlowFile[3474,92022598789406.mockFlowFile,24B]; routing to relationship simple
[pool-4060-thread-1] INFO org.apache.nifi.processors.standard.RouteText - RouteText[id=e191155b-3232-49bd-bfe9-6bfcf78aa3cb] Routing FlowFile[3474,92022598789406.mockFlowFile,24B] to original
[main] DEBUG org.apache.nifi.processors.standard.RouteText - RouteText[id=e191155b-3232-49bd-bfe9-6bfcf78aa3cb] Adding new dynamic property: PropertyDescriptor[simple]
[pool-4061-thread-1] INFO org.apache.nifi.processors.standard.RouteText - RouteText[id=e191155b-3232-49bd-bfe9-6bfcf78aa3cb] Created FlowFile[3477,92022599230108.mockFlowFile,24B] from FlowFile[3476,92022599230108.mockFlowFile,24B]; routing to relationship simple
[pool-4061-thread-1] INFO org.apache.nifi.processors.standard.RouteText - RouteText[id=e191155b-3232-49bd-bfe9-6bfcf78aa3cb] Routing FlowFile[3476,92022599230108.mockFlowFile,24B] to original
[main] DEBUG org.apache.nifi.processors.standard.RouteText - RouteText[id=e191155b-3232-49bd-bfe9-6bfcf78aa3cb] Adding new dynamic property: PropertyDescriptor[simple]
[pool-4062-thread-1] INFO org.apache.nifi.processors.standard.RouteText - RouteText[id=e191155b-3232-49bd-bfe9-6bfcf78aa3cb] Created FlowFile[3479,92022599676864.mockFlowFile,24B] from FlowFile[3478,92022599676864.mockFlowFile,24B]; routing to relationship simple
[pool-4062-thread-1] INFO org.apache.nifi.processors.standard.RouteText - RouteText[id=e191155b-3232-49bd-bfe9-6bfcf78aa3cb] Routing FlowFile[3478,92022599676864.mockFlowFile,24B] to original
[main] DEBUG org.apache.nifi.processors.standard.RouteText - RouteText[id=e191155b-3232-49bd-bfe9-6bfcf78aa3cb] Adding new dynamic property: PropertyDescriptor[simple]
[pool-4063-thread-1] INFO org.apache.nifi.processors.standard.RouteText - RouteText[id=e191155b-3232-49bd-bfe9-6bfcf78aa3cb] Created FlowFile[3481,92022600115193.mockFlowFile,24B] from FlowFile[3480,92022600115193.mockFlowFile,24B]; routing to relationship simple
[pool-4063-thread-1] INFO org.apache.nifi.processors.standard.RouteText - RouteText[id=e191155b-3232-49bd-bfe9-6bfcf78aa3cb] Routing FlowFile[3480,92022600115193.mockFlowFile,24B] to original
[main] DEBUG org.apache.nifi.processors.standard.RouteText - RouteText[id=e191155b-3232-49bd-bfe9-6bfcf78aa3cb] Adding new dynamic property: PropertyDescriptor[simple]
[pool-4064-thread-1] INFO org.apache.nifi.processors.standard.RouteText - RouteText[id=e191155b-3232-49bd-bfe9-6bfcf78aa3cb] Created FlowFile[3483,92022600636989.mockFlowFile,24B] from FlowFile[3482,92022600636989.mockFlowFile,24B]; routing to relationship simple
[pool-4064-thread-1] INFO org.apache.nifi.processors.standard.RouteText - RouteText[id=e191155b-3232-49bd-bfe9-6bfcf78aa3cb] Routing FlowFile[3482,92022600636989.mockFlowFile,24B] to original
[main] DEBUG org.apache.nifi.processors.standard.RouteText - RouteText[id=e191155b-3232-49bd-bfe9-6bfcf78aa3cb] Adding new dynamic property: PropertyDescriptor[simple]
[pool-4065-thread-1] INFO org.apache.nifi.processors.standard.RouteText - RouteText[id=e191155b-3232-49bd-bfe9-6bfcf78aa3cb] Created FlowFile[3485,92022601132758.mockFlowFile,24B] from FlowFile[3484,92022601132758.mockFlowFile,24B]; routing to relationship simple
[pool-4065-thread-1] INFO org.apache.nifi.processors.standard.RouteText - RouteText[id=e191155b-3232-49bd-bfe9-6bfcf78aa3cb] Routing FlowFile[3484,92022601132758.mockFlowFile,24B] to original
[main] DEBUG org.apache.nifi.processors.standard.RouteText - RouteText[id=e191155b-3232-49bd-bfe9-6bfcf78aa3cb] Adding new dynamic property: PropertyDescriptor[simple]
[pool-4066-thread-1] INFO org.apache.nifi.processors.standard.RouteText - RouteText[id=e191155b-3232-49bd-bfe9-6bfcf78aa3cb] Created FlowFile[3487,92022601629677.mockFlowFile,24B] from FlowFile[3486,92022601629677.mockFlowFile,24B]; routing to relationship simple
[pool-4066-thread-1] INFO org.apache.nifi.processors.standard.RouteText - RouteText[id=e191155b-3232-49bd-bfe9-6bfcf78aa3cb] Routing FlowFile[3486,92022601629677.mockFlowFile,24B] to original
[main] DEBUG org.apache.nifi.processors.standard.RouteText - RouteText[id=e191155b-3232-49bd-bfe9-6bfcf78aa3cb] Adding new dynamic property: PropertyDescriptor[simple]
[pool-4067-thread-1] INFO org.apache.nifi.processors.standard.RouteText - RouteText[id=e191155b-3232-49bd-bfe9-6bfcf78aa3cb] Created FlowFile[3489,92022602152108.mockFlowFile,24B] from FlowFile[3488,92022602152108.mockFlowFile,24B]; routing to relationship simple
[pool-4067-thread-1] INFO org.apache.nifi.processors.standard.RouteText - RouteText[id=e191155b-3232-49bd-bfe9-6bfcf78aa3cb] Routing FlowFile[3488,92022602152108.mockFlowFile,24B] to original
[main] DEBUG org.apache.nifi.processors.standard.RouteText - RouteText[id=e191155b-3232-49bd-bfe9-6bfcf78aa3cb] Adding new dynamic property: PropertyDescriptor[simple]
[pool-4068-thread-1] INFO org.apache.nifi.processors.standard.RouteText - RouteText[id=e191155b-3232-49bd-bfe9-6bfcf78aa3cb] Created FlowFile[3491,92022602671219.mockFlowFile,24B] from FlowFile[3490,92022602671219.mockFlowFile,24B]; routing to relationship simple
[pool-4068-thread-1] INFO org.apache.nifi.processors.standard.RouteText - RouteText[id=e191155b-3232-49bd-bfe9-6bfcf78aa3cb] Routing FlowFile[3490,92022602671219.mockFlowFile,24B] to original
[main] DEBUG org.apache.nifi.processors.standard.RouteText - RouteText[id=e191155b-3232-49bd-bfe9-6bfcf78aa3cb] Adding new dynamic property: PropertyDescriptor[simple]
[pool-4069-thread-1] INFO org.apache.nifi.processors.standard.RouteText - RouteText[id=e191155b-3232-49bd-bfe9-6bfcf78aa3cb] Created FlowFile[3493,92022603199030.mockFlowFile,24B] from FlowFile[3492,92022603199030.mockFlowFile,24B]; routing to relationship simple
[pool-4069-thread-1] INFO org.apache.nifi.processors.standard.RouteText - RouteText[id=e191155b-3232-49bd-bfe9-6bfcf78aa3cb] Routing FlowFile[3492,92022603199030.mockFlowFile,24B] to original
[main] DEBUG org.apache.nifi.processors.standard.RouteText - RouteText[id=e191155b-3232-49bd-bfe9-6bfcf78aa3cb] Adding new dynamic property: PropertyDescriptor[simple]
[pool-4070-thread-1] INFO org.apache.nifi.processors.standard.RouteText - RouteText[id=e191155b-3232-49bd-bfe9-6bfcf78aa3cb] Created FlowFile[3495,92022603754728.mockFlowFile,24B] from FlowFile[3494,92022603754728.mockFlowFile,24B]; routing to relationship simple
[pool-4070-thread-1] INFO org.apache.nifi.processors.standard.RouteText - RouteText[id=e191155b-3232-49bd-bfe9-6bfcf78aa3cb] Routing FlowFile[3494,92022603754728.mockFlowFile,24B] to original
[main] DEBUG org.apache.nifi.processors.standard.RouteText - RouteText[id=e191155b-3232-49bd-bfe9-6bfcf78aa3cb] Adding new dynamic property: PropertyDescriptor[simple]
[pool-4071-thread-1] INFO org.apache.nifi.processors.standard.RouteText - RouteText[id=e191155b-3232-49bd-bfe9-6bfcf78aa3cb] Created FlowFile[3497,92022604232563.mockFlowFile,24B] from FlowFile[3496,92022604232563.mockFlowFile,24B]; routing to relationship simple
[pool-4071-thread-1] INFO org.apache.nifi.processors.standard.RouteText - RouteText[id=e191155b-3232-49bd-bfe9-6bfcf78aa3cb] Routing FlowFile[3496,92022604232563.mockFlowFile,24B] to original
[main] DEBUG org.apache.nifi.processors.standard.RouteText - RouteText[id=e191155b-3232-49bd-bfe9-6bfcf78aa3cb] Adding new dynamic property: PropertyDescriptor[simple]
[pool-4072-thread-1] INFO org.apache.nifi.processors.standard.RouteText - RouteText[id=e191155b-3232-49bd-bfe9-6bfcf78aa3cb] Created FlowFile[3499,92022604735528.mockFlowFile,24B] from FlowFile[3498,92022604735528.mockFlowFile,24B]; routing to relationship simple
[pool-4072-thread-1] INFO org.apache.nifi.processors.standard.RouteText - RouteText[id=e191155b-3232-49bd-bfe9-6bfcf78aa3cb] Routing FlowFile[3498,92022604735528.mockFlowFile,24B] to original
[main] DEBUG org.apache.nifi.processors.standard.RouteText - RouteText[id=e191155b-3232-49bd-bfe9-6bfcf78aa3cb] Adding new dynamic property: PropertyDescriptor[simple]
[pool-4073-thread-1] INFO org.apache.nifi.processors.standard.RouteText - RouteText[id=e191155b-3232-49bd-bfe9-6bfcf78aa3cb] Created FlowFile[3501,92022605207413.mockFlowFile,24B] from FlowFile[3500,92022605207413.mockFlowFile,24B]; routing to relationship simple
[pool-4073-thread-1] INFO org.apache.nifi.processors.standard.RouteText - RouteText[id=e191155b-3232-49bd-bfe9-6bfcf78aa3cb] Routing FlowFile[3500,92022605207413.mockFlowFile,24B] to original
[main] DEBUG org.apache.nifi.processors.standard.RouteText - RouteText[id=e191155b-3232-49bd-bfe9-6bfcf78aa3cb] Adding new dynamic property: PropertyDescriptor[simple]
[pool-4074-thread-1] INFO org.apache.nifi.processors.standard.RouteText - RouteText[id=e191155b-3232-49bd-bfe9-6bfcf78aa3cb] Created FlowFile[3503,92022605668524.mockFlowFile,24B] from FlowFile[3502,92022605668524.mockFlowFile,24B]; routing to relationship simple
[pool-4074-thread-1] INFO org.apache.nifi.processors.standard.RouteText - RouteText[id=e191155b-3232-49bd-bfe9-6bfcf78aa3cb] Routing FlowFile[3502,92022605668524.mockFlowFile,24B] to original
[main] DEBUG org.apache.nifi.processors.standard.RouteText - RouteText[id=e191155b-3232-49bd-bfe9-6bfcf78aa3cb] Adding new dynamic property: PropertyDescriptor[simple]
[pool-4075-thread-1] INFO org.apache.nifi.processors.standard.RouteText - RouteText[id=e191155b-3232-49bd-bfe9-6bfcf78aa3cb] Created FlowFile[3505,92022606182981.mockFlowFile,24B] from FlowFile[3504,92022606182981.mockFlowFile,24B]; routing to relationship simple
[pool-4075-thread-1] INFO org.apache.nifi.processors.standard.RouteText - RouteText[id=e191155b-3232-49bd-bfe9-6bfcf78aa3cb] Routing FlowFile[3504,92022606182981.mockFlowFile,24B] to original
[main] DEBUG org.apache.nifi.processors.standard.RouteText - RouteText[id=e191155b-3232-49bd-bfe9-6bfcf78aa3cb] Adding new dynamic property: PropertyDescriptor[simple]
[pool-4076-thread-1] INFO org.apache.nifi.processors.standard.RouteText - RouteText[id=e191155b-3232-49bd-bfe9-6bfcf78aa3cb] Created FlowFile[3507,92022606653904.mockFlowFile,24B] from FlowFile[3506,92022606653904.mockFlowFile,24B]; routing to relationship simple
[pool-4076-thread-1] INFO org.apache.nifi.processors.standard.RouteText - RouteText[id=e191155b-3232-49bd-bfe9-6bfcf78aa3cb] Routing FlowFile[3506,92022606653904.mockFlowFile,24B] to original
[main] DEBUG org.apache.nifi.processors.standard.RouteText - RouteText[id=e191155b-3232-49bd-bfe9-6bfcf78aa3cb] Adding new dynamic property: PropertyDescriptor[simple]
[pool-4077-thread-1] INFO org.apache.nifi.processors.standard.RouteText - RouteText[id=e191155b-3232-49bd-bfe9-6bfcf78aa3cb] Created FlowFile[3509,92022607106294.mockFlowFile,24B] from FlowFile[3508,92022607106294.mockFlowFile,24B]; routing to relationship simple
[pool-4077-thread-1] INFO org.apache.nifi.processors.standard.RouteText - RouteText[id=e191155b-3232-49bd-bfe9-6bfcf78aa3cb] Routing FlowFile[3508,92022607106294.mockFlowFile,24B] to original
[main] DEBUG org.apache.nifi.processors.standard.RouteText - RouteText[id=e191155b-3232-49bd-bfe9-6bfcf78aa3cb] Adding new dynamic property: PropertyDescriptor[simple]
[pool-4078-thread-1] INFO org.apache.nifi.processors.standard.RouteText - RouteText[id=e191155b-3232-49bd-bfe9-6bfcf78aa3cb] Created FlowFile[3511,92022607519910.mockFlowFile,24B] from FlowFile[3510,92022607519910.mockFlowFile,24B]; routing to relationship simple
[pool-4078-thread-1] INFO org.apache.nifi.processors.standard.RouteText - RouteText[id=e191155b-3232-49bd-bfe9-6bfcf78aa3cb] Routing FlowFile[3510,92022607519910.mockFlowFile,24B] to original
[main] DEBUG org.apache.nifi.processors.standard.RouteText - RouteText[id=e191155b-3232-49bd-bfe9-6bfcf78aa3cb] Adding new dynamic property: PropertyDescriptor[simple]
[pool-4079-thread-1] INFO org.apache.nifi.processors.standard.RouteText - RouteText[id=e191155b-3232-49bd-bfe9-6bfcf78aa3cb] Created FlowFile[3513,92022607924297.mockFlowFile,24B] from FlowFile[3512,92022607924297.mockFlowFile,24B]; routing to relationship simple
[pool-4079-thread-1] INFO org.apache.nifi.processors.standard.RouteText - RouteText[id=e191155b-3232-49bd-bfe9-6bfcf78aa3cb] Routing FlowFile[3512,92022607924297.mockFlowFile,24B] to original
[main] DEBUG org.apache.nifi.processors.standard.RouteText - RouteText[id=e191155b-3232-49bd-bfe9-6bfcf78aa3cb] Adding new dynamic property: PropertyDescriptor[simple]
[pool-4080-thread-1] INFO org.apache.nifi.processors.standard.RouteText - RouteText[id=e191155b-3232-49bd-bfe9-6bfcf78aa3cb] Created FlowFile[3515,92022608388909.mockFlowFile,24B] from FlowFile[3514,92022608388909.mockFlowFile,24B]; routing to relationship simple
[pool-4080-thread-1] INFO org.apache.nifi.processors.standard.RouteText - RouteText[id=e191155b-3232-49bd-bfe9-6bfcf78aa3cb] Routing FlowFile[3514,92022608388909.mockFlowFile,24B] to original
[main] DEBUG org.apache.nifi.processors.standard.RouteText - RouteText[id=e191155b-3232-49bd-bfe9-6bfcf78aa3cb] Adding new dynamic property: PropertyDescriptor[simple]
[pool-4081-thread-1] INFO org.apache.nifi.processors.standard.RouteText - RouteText[id=e191155b-3232-49bd-bfe9-6bfcf78aa3cb] Created FlowFile[3517,92022608859341.mockFlowFile,24B] from FlowFile[3516,92022608859341.mockFlowFile,24B]; routing to relationship simple
[pool-4081-thread-1] INFO org.apache.nifi.processors.standard.RouteText - RouteText[id=e191155b-3232-49bd-bfe9-6bfcf78aa3cb] Routing FlowFile[3516,92022608859341.mockFlowFile,24B] to original
[main] DEBUG org.apache.nifi.processors.standard.RouteText - RouteText[id=e191155b-3232-49bd-bfe9-6bfcf78aa3cb] Adding new dynamic property: PropertyDescriptor[simple]
[pool-4082-thread-1] INFO org.apache.nifi.processors.standard.RouteText - RouteText[id=e191155b-3232-49bd-bfe9-6bfcf78aa3cb] Created FlowFile[3519,92022609292089.mockFlowFile,24B] from FlowFile[3518,92022609292089.mockFlowFile,24B]; routing to relationship simple
[pool-4082-thread-1] INFO org.apache.nifi.processors.standard.RouteText - RouteText[id=e191155b-3232-49bd-bfe9-6bfcf78aa3cb] Routing FlowFile[3518,92022609292089.mockFlowFile,24B] to original
[main] DEBUG org.apache.nifi.processors.standard.RouteText - RouteText[id=e191155b-3232-49bd-bfe9-6bfcf78aa3cb] Adding new dynamic property: PropertyDescriptor[simple]
[pool-4083-thread-1] INFO org.apache.nifi.processors.standard.RouteText - RouteText[id=e191155b-3232-49bd-bfe9-6bfcf78aa3cb] Created FlowFile[3521,92022609724418.mockFlowFile,24B] from FlowFile[3520,92022609724418.mockFlowFile,24B]; routing to relationship simple
[pool-4083-thread-1] INFO org.apache.nifi.processors.standard.RouteText - RouteText[id=e191155b-3232-49bd-bfe9-6bfcf78aa3cb] Routing FlowFile[3520,92022609724418.mockFlowFile,24B] to original
[main] DEBUG org.apache.nifi.processors.standard.RouteText - RouteText[id=e191155b-3232-49bd-bfe9-6bfcf78aa3cb] Adding new dynamic property: PropertyDescriptor[simple]
[pool-4084-thread-1] INFO org.apache.nifi.processors.standard.RouteText - RouteText[id=e191155b-3232-49bd-bfe9-6bfcf78aa3cb] Created FlowFile[3523,92022610154988.mockFlowFile,24B] from FlowFile[3522,92022610154988.mockFlowFile,24B]; routing to relationship simple
[pool-4084-thread-1] INFO org.apache.nifi.processors.standard.RouteText - RouteText[id=e191155b-3232-49bd-bfe9-6bfcf78aa3cb] Routing FlowFile[3522,92022610154988.mockFlowFile,24B] to original
[main] DEBUG org.apache.nifi.processors.standard.RouteText - RouteText[id=e191155b-3232-49bd-bfe9-6bfcf78aa3cb] Adding new dynamic property: PropertyDescriptor[simple]
[pool-4085-thread-1] INFO org.apache.nifi.processors.standard.RouteText - RouteText[id=e191155b-3232-49bd-bfe9-6bfcf78aa3cb] Created FlowFile[3525,92022610588108.mockFlowFile,24B] from FlowFile[3524,92022610588108.mockFlowFile,24B]; routing to relationship simple
[pool-4085-thread-1] INFO org.apache.nifi.processors.standard.RouteText - RouteText[id=e191155b-3232-49bd-bfe9-6bfcf78aa3cb] Routing FlowFile[3524,92022610588108.mockFlowFile,24B] to original
[main] DEBUG org.apache.nifi.processors.standard.RouteText - RouteText[id=e191155b-3232-49bd-bfe9-6bfcf78aa3cb] Adding new dynamic property: PropertyDescriptor[simple]
[pool-4086-thread-1] INFO org.apache.nifi.processors.standard.RouteText - RouteText[id=e191155b-3232-49bd-bfe9-6bfcf78aa3cb] Created FlowFile[3527,92022611025729.mockFlowFile,24B] from FlowFile[3526,92022611025729.mockFlowFile,24B]; routing to relationship simple
[pool-4086-thread-1] INFO org.apache.nifi.processors.standard.RouteText - RouteText[id=e191155b-3232-49bd-bfe9-6bfcf78aa3cb] Routing FlowFile[3526,92022611025729.mockFlowFile,24B] to original
[main] DEBUG org.apache.nifi.processors.standard.RouteText - RouteText[id=e191155b-3232-49bd-bfe9-6bfcf78aa3cb] Adding new dynamic property: PropertyDescriptor[simple]
[pool-4087-thread-1] INFO org.apache.nifi.processors.standard.RouteText - RouteText[id=e191155b-3232-49bd-bfe9-6bfcf78aa3cb] Created FlowFile[3529,92022611484321.mockFlowFile,24B] from FlowFile[3528,92022611484321.mockFlowFile,24B]; routing to relationship simple
[pool-4087-thread-1] INFO org.apache.nifi.processors.standard.RouteText - RouteText[id=e191155b-3232-49bd-bfe9-6bfcf78aa3cb] Routing FlowFile[3528,92022611484321.mockFlowFile,24B] to original
[main] DEBUG org.apache.nifi.processors.standard.RouteText - RouteText[id=e191155b-3232-49bd-bfe9-6bfcf78aa3cb] Adding new dynamic property: PropertyDescriptor[simple]
[pool-4088-thread-1] INFO org.apache.nifi.processors.standard.RouteText - RouteText[id=e191155b-3232-49bd-bfe9-6bfcf78aa3cb] Created FlowFile[3531,92022611934529.mockFlowFile,24B] from FlowFile[3530,92022611934529.mockFlowFile,24B]; routing to relationship simple
[pool-4088-thread-1] INFO org.apache.nifi.processors.standard.RouteText - RouteText[id=e191155b-3232-49bd-bfe9-6bfcf78aa3cb] Routing FlowFile[3530,92022611934529.mockFlowFile,24B] to original
[main] DEBUG org.apache.nifi.processors.standard.RouteText - RouteText[id=e191155b-3232-49bd-bfe9-6bfcf78aa3cb] Adding new dynamic property: PropertyDescriptor[simple]
[pool-4089-thread-1] INFO org.apache.nifi.processors.standard.RouteText - RouteText[id=e191155b-3232-49bd-bfe9-6bfcf78aa3cb] Created FlowFile[3533,92022612449018.mockFlowFile,24B] from FlowFile[3532,92022612449018.mockFlowFile,24B]; routing to relationship simple
[pool-4089-thread-1] INFO org.apache.nifi.processors.standard.RouteText - RouteText[id=e191155b-3232-49bd-bfe9-6bfcf78aa3cb] Routing FlowFile[3532,92022612449018.mockFlowFile,24B] to original
[main] DEBUG org.apache.nifi.processors.standard.RouteText - RouteText[id=e191155b-3232-49bd-bfe9-6bfcf78aa3cb] Adding new dynamic property: PropertyDescriptor[simple]
[pool-4090-thread-1] INFO org.apache.nifi.processors.standard.RouteText - RouteText[id=e191155b-3232-49bd-bfe9-6bfcf78aa3cb] Created FlowFile[3535,92022612926680.mockFlowFile,24B] from FlowFile[3534,92022612926680.mockFlowFile,24B]; routing to relationship simple
[pool-4090-thread-1] INFO org.apache.nifi.processors.standard.RouteText - RouteText[id=e191155b-3232-49bd-bfe9-6bfcf78aa3cb] Routing FlowFile[3534,92022612926680.mockFlowFile,24B] to original
[main] DEBUG org.apache.nifi.processors.standard.RouteText - RouteText[id=e191155b-3232-49bd-bfe9-6bfcf78aa3cb] Adding new dynamic property: PropertyDescriptor[simple]
[pool-4091-thread-1] INFO org.apache.nifi.processors.standard.RouteText - RouteText[id=e191155b-3232-49bd-bfe9-6bfcf78aa3cb] Created FlowFile[3537,92022613592180.mockFlowFile,24B] from FlowFile[3536,92022613592180.mockFlowFile,24B]; routing to relationship simple
[pool-4091-thread-1] INFO org.apache.nifi.processors.standard.RouteText - RouteText[id=e191155b-3232-49bd-bfe9-6bfcf78aa3cb] Routing FlowFile[3536,92022613592180.mockFlowFile,24B] to original
[main] DEBUG org.apache.nifi.processors.standard.RouteText - RouteText[id=e191155b-3232-49bd-bfe9-6bfcf78aa3cb] Adding new dynamic property: PropertyDescriptor[simple]
[pool-4092-thread-1] INFO org.apache.nifi.processors.standard.RouteText - RouteText[id=e191155b-3232-49bd-bfe9-6bfcf78aa3cb] Created FlowFile[3539,92022614174599.mockFlowFile,24B] from FlowFile[3538,92022614174599.mockFlowFile,24B]; routing to relationship simple
[pool-4092-thread-1] INFO org.apache.nifi.processors.standard.RouteText - RouteText[id=e191155b-3232-49bd-bfe9-6bfcf78aa3cb] Routing FlowFile[3538,92022614174599.mockFlowFile,24B] to original
[main] DEBUG org.apache.nifi.processors.standard.RouteText - RouteText[id=e191155b-3232-49bd-bfe9-6bfcf78aa3cb] Adding new dynamic property: PropertyDescriptor[simple]
[pool-4093-thread-1] INFO org.apache.nifi.processors.standard.RouteText - RouteText[id=e191155b-3232-49bd-bfe9-6bfcf78aa3cb] Created FlowFile[3541,92022614736917.mockFlowFile,24B] from FlowFile[3540,92022614736917.mockFlowFile,24B]; routing to relationship simple
[pool-4093-thread-1] INFO org.apache.nifi.processors.standard.RouteText - RouteText[id=e191155b-3232-49bd-bfe9-6bfcf78aa3cb] Routing FlowFile[3540,92022614736917.mockFlowFile,24B] to original
[main] DEBUG org.apache.nifi.processors.standard.RouteText - RouteText[id=e191155b-3232-49bd-bfe9-6bfcf78aa3cb] Adding new dynamic property: PropertyDescriptor[simple]
[pool-4094-thread-1] INFO org.apache.nifi.processors.standard.RouteText - RouteText[id=e191155b-3232-49bd-bfe9-6bfcf78aa3cb] Created FlowFile[3543,92022615236489.mockFlowFile,24B] from FlowFile[3542,92022615236489.mockFlowFile,24B]; routing to relationship simple
[pool-4094-thread-1] INFO org.apache.nifi.processors.standard.RouteText - RouteText[id=e191155b-3232-49bd-bfe9-6bfcf78aa3cb] Routing FlowFile[3542,92022615236489.mockFlowFile,24B] to original
[main] DEBUG org.apache.nifi.processors.standard.RouteText - RouteText[id=e191155b-3232-49bd-bfe9-6bfcf78aa3cb] Adding new dynamic property: PropertyDescriptor[simple]
[pool-4095-thread-1] INFO org.apache.nifi.processors.standard.RouteText - RouteText[id=e191155b-3232-49bd-bfe9-6bfcf78aa3cb] Created FlowFile[3545,92022615725787.mockFlowFile,24B] from FlowFile[3544,92022615725787.mockFlowFile,24B]; routing to relationship simple
[pool-4095-thread-1] INFO org.apache.nifi.processors.standard.RouteText - RouteText[id=e191155b-3232-49bd-bfe9-6bfcf78aa3cb] Routing FlowFile[3544,92022615725787.mockFlowFile,24B] to original
[main] DEBUG org.apache.nifi.processors.standard.RouteText - RouteText[id=e191155b-3232-49bd-bfe9-6bfcf78aa3cb] Adding new dynamic property: PropertyDescriptor[simple]
[pool-4096-thread-1] INFO org.apache.nifi.processors.standard.RouteText - RouteText[id=e191155b-3232-49bd-bfe9-6bfcf78aa3cb] Created FlowFile[3547,92022616205479.mockFlowFile,24B] from FlowFile[3546,92022616205479.mockFlowFile,24B]; routing to relationship simple
[pool-4096-thread-1] INFO org.apache.nifi.processors.standard.RouteText - RouteText[id=e191155b-3232-49bd-bfe9-6bfcf78aa3cb] Routing FlowFile[3546,92022616205479.mockFlowFile,24B] to original
[main] DEBUG org.apache.nifi.processors.standard.RouteText - RouteText[id=e191155b-3232-49bd-bfe9-6bfcf78aa3cb] Adding new dynamic property: PropertyDescriptor[simple]
[pool-4097-thread-1] INFO org.apache.nifi.processors.standard.RouteText - RouteText[id=e191155b-3232-49bd-bfe9-6bfcf78aa3cb] Created FlowFile[3549,92022616702901.mockFlowFile,24B] from FlowFile[3548,92022616702901.mockFlowFile,24B]; routing to relationship simple
[pool-4097-thread-1] INFO org.apache.nifi.processors.standard.RouteText - RouteText[id=e191155b-3232-49bd-bfe9-6bfcf78aa3cb] Routing FlowFile[3548,92022616702901.mockFlowFile,24B] to original
[main] DEBUG org.apache.nifi.processors.standard.RouteText - RouteText[id=e191155b-3232-49bd-bfe9-6bfcf78aa3cb] Adding new dynamic property: PropertyDescriptor[simple]
[pool-4098-thread-1] INFO org.apache.nifi.processors.standard.RouteText - RouteText[id=e191155b-3232-49bd-bfe9-6bfcf78aa3cb] Created FlowFile[3551,92022617183881.mockFlowFile,24B] from FlowFile[3550,92022617183881.mockFlowFile,24B]; routing to relationship simple
[pool-4098-thread-1] INFO org.apache.nifi.processors.standard.RouteText - RouteText[id=e191155b-3232-49bd-bfe9-6bfcf78aa3cb] Routing FlowFile[3550,92022617183881.mockFlowFile,24B] to original
[main] DEBUG org.apache.nifi.processors.standard.RouteText - RouteText[id=e191155b-3232-49bd-bfe9-6bfcf78aa3cb] Adding new dynamic property: PropertyDescriptor[simple]
[pool-4099-thread-1] INFO org.apache.nifi.processors.standard.RouteText - RouteText[id=e191155b-3232-49bd-bfe9-6bfcf78aa3cb] Created FlowFile[3553,92022617664921.mockFlowFile,24B] from FlowFile[3552,92022617664921.mockFlowFile,24B]; routing to relationship simple
[pool-4099-thread-1] INFO org.apache.nifi.processors.standard.RouteText - RouteText[id=e191155b-3232-49bd-bfe9-6bfcf78aa3cb] Routing FlowFile[3552,92022617664921.mockFlowFile,24B] to original
[main] DEBUG org.apache.nifi.processors.standard.RouteText - RouteText[id=e191155b-3232-49bd-bfe9-6bfcf78aa3cb] Adding new dynamic property: PropertyDescriptor[simple]
[pool-4100-thread-1] INFO org.apache.nifi.processors.standard.RouteText - RouteText[id=e191155b-3232-49bd-bfe9-6bfcf78aa3cb] Created FlowFile[3555,92022618214774.mockFlowFile,24B] from FlowFile[3554,92022618214774.mockFlowFile,24B]; routing to relationship simple
[pool-4100-thread-1] INFO org.apache.nifi.processors.standard.RouteText - RouteText[id=e191155b-3232-49bd-bfe9-6bfcf78aa3cb] Routing FlowFile[3554,92022618214774.mockFlowFile,24B] to original
[main] DEBUG org.apache.nifi.processors.standard.RouteText - RouteText[id=e191155b-3232-49bd-bfe9-6bfcf78aa3cb] Adding new dynamic property: PropertyDescriptor[simple]
[pool-4101-thread-1] INFO org.apache.nifi.processors.standard.RouteText - RouteText[id=e191155b-3232-49bd-bfe9-6bfcf78aa3cb] Created FlowFile[3557,92022618658880.mockFlowFile,24B] from FlowFile[3556,92022618658880.mockFlowFile,24B]; routing to relationship simple
[pool-4101-thread-1] INFO org.apache.nifi.processors.standard.RouteText - RouteText[id=e191155b-3232-49bd-bfe9-6bfcf78aa3cb] Routing FlowFile[3556,92022618658880.mockFlowFile,24B] to original
[main] DEBUG org.apache.nifi.processors.standard.RouteText - RouteText[id=e191155b-3232-49bd-bfe9-6bfcf78aa3cb] Adding new dynamic property: PropertyDescriptor[simple]
[pool-4102-thread-1] INFO org.apache.nifi.processors.standard.RouteText - RouteText[id=e191155b-3232-49bd-bfe9-6bfcf78aa3cb] Created FlowFile[3559,92022619109477.mockFlowFile,24B] from FlowFile[3558,92022619109477.mockFlowFile,24B]; routing to relationship simple
[pool-4102-thread-1] INFO org.apache.nifi.processors.standard.RouteText - RouteText[id=e191155b-3232-49bd-bfe9-6bfcf78aa3cb] Routing FlowFile[3558,92022619109477.mockFlowFile,24B] to original
[main] DEBUG org.apache.nifi.processors.standard.RouteText - RouteText[id=e191155b-3232-49bd-bfe9-6bfcf78aa3cb] Adding new dynamic property: PropertyDescriptor[simple]
[pool-4103-thread-1] INFO org.apache.nifi.processors.standard.RouteText - RouteText[id=e191155b-3232-49bd-bfe9-6bfcf78aa3cb] Created FlowFile[3561,92022619637444.mockFlowFile,24B] from FlowFile[3560,92022619637444.mockFlowFile,24B]; routing to relationship simple
[pool-4103-thread-1] INFO org.apache.nifi.processors.standard.RouteText - RouteText[id=e191155b-3232-49bd-bfe9-6bfcf78aa3cb] Routing FlowFile[3560,92022619637444.mockFlowFile,24B] to original
[main] DEBUG org.apache.nifi.processors.standard.RouteText - RouteText[id=e191155b-3232-49bd-bfe9-6bfcf78aa3cb] Adding new dynamic property: PropertyDescriptor[simple]
[pool-4104-thread-1] INFO org.apache.nifi.processors.standard.RouteText - RouteText[id=e191155b-3232-49bd-bfe9-6bfcf78aa3cb] Created FlowFile[3563,92022620073786.mockFlowFile,24B] from FlowFile[3562,92022620073786.mockFlowFile,24B]; routing to relationship simple
[pool-4104-thread-1] INFO org.apache.nifi.processors.standard.RouteText - RouteText[id=e191155b-3232-49bd-bfe9-6bfcf78aa3cb] Routing FlowFile[3562,92022620073786.mockFlowFile,24B] to original
[main] DEBUG org.apache.nifi.processors.standard.RouteText - RouteText[id=e191155b-3232-49bd-bfe9-6bfcf78aa3cb] Adding new dynamic property: PropertyDescriptor[simple]
[pool-4105-thread-1] INFO org.apache.nifi.processors.standard.RouteText - RouteText[id=e191155b-3232-49bd-bfe9-6bfcf78aa3cb] Created FlowFile[3565,92022620590381.mockFlowFile,24B] from FlowFile[3564,92022620590381.mockFlowFile,24B]; routing to relationship simple
[pool-4105-thread-1] INFO org.apache.nifi.processors.standard.RouteText - RouteText[id=e191155b-3232-49bd-bfe9-6bfcf78aa3cb] Routing FlowFile[3564,92022620590381.mockFlowFile,24B] to original
[main] DEBUG org.apache.nifi.processors.standard.RouteText - RouteText[id=e191155b-3232-49bd-bfe9-6bfcf78aa3cb] Adding new dynamic property: PropertyDescriptor[simple]
[pool-4106-thread-1] INFO org.apache.nifi.processors.standard.RouteText - RouteText[id=e191155b-3232-49bd-bfe9-6bfcf78aa3cb] Created FlowFile[3567,92022621072392.mockFlowFile,24B] from FlowFile[3566,92022621072392.mockFlowFile,24B]; routing to relationship simple
[pool-4106-thread-1] INFO org.apache.nifi.processors.standard.RouteText - RouteText[id=e191155b-3232-49bd-bfe9-6bfcf78aa3cb] Routing FlowFile[3566,92022621072392.mockFlowFile,24B] to original
[main] DEBUG org.apache.nifi.processors.standard.RouteText - RouteText[id=e191155b-3232-49bd-bfe9-6bfcf78aa3cb] Adding new dynamic property: PropertyDescriptor[simple]
[pool-4107-thread-1] INFO org.apache.nifi.processors.standard.RouteText - RouteText[id=e191155b-3232-49bd-bfe9-6bfcf78aa3cb] Created FlowFile[3569,92022621526493.mockFlowFile,24B] from FlowFile[3568,92022621526493.mockFlowFile,24B]; routing to relationship simple
[pool-4107-thread-1] INFO org.apache.nifi.processors.standard.RouteText - RouteText[id=e191155b-3232-49bd-bfe9-6bfcf78aa3cb] Routing FlowFile[3568,92022621526493.mockFlowFile,24B] to original
[main] DEBUG org.apache.nifi.processors.standard.RouteText - RouteText[id=e191155b-3232-49bd-bfe9-6bfcf78aa3cb] Adding new dynamic property: PropertyDescriptor[simple]
[pool-4108-thread-1] INFO org.apache.nifi.processors.standard.RouteText - RouteText[id=e191155b-3232-49bd-bfe9-6bfcf78aa3cb] Created FlowFile[3571,92022621889616.mockFlowFile,24B] from FlowFile[3570,92022621889616.mockFlowFile,24B]; routing to relationship simple
[pool-4108-thread-1] INFO org.apache.nifi.processors.standard.RouteText - RouteText[id=e191155b-3232-49bd-bfe9-6bfcf78aa3cb] Routing FlowFile[3570,92022621889616.mockFlowFile,24B] to original
[main] DEBUG org.apache.nifi.processors.standard.RouteText - RouteText[id=e191155b-3232-49bd-bfe9-6bfcf78aa3cb] Adding new dynamic property: PropertyDescriptor[simple]
[pool-4109-thread-1] INFO org.apache.nifi.processors.standard.RouteText - RouteText[id=e191155b-3232-49bd-bfe9-6bfcf78aa3cb] Created FlowFile[3573,92022622365534.mockFlowFile,24B] from FlowFile[3572,92022622365534.mockFlowFile,24B]; routing to relationship simple
[pool-4109-thread-1] INFO org.apache.nifi.processors.standard.RouteText - RouteText[id=e191155b-3232-49bd-bfe9-6bfcf78aa3cb] Routing FlowFile[3572,92022622365534.mockFlowFile,24B] to original
[main] DEBUG org.apache.nifi.processors.standard.RouteText - RouteText[id=e191155b-3232-49bd-bfe9-6bfcf78aa3cb] Adding new dynamic property: PropertyDescriptor[simple]
[pool-4110-thread-1] INFO org.apache.nifi.processors.standard.RouteText - RouteText[id=e191155b-3232-49bd-bfe9-6bfcf78aa3cb] Created FlowFile[3575,92022622912239.mockFlowFile,24B] from FlowFile[3574,92022622912239.mockFlowFile,24B]; routing to relationship simple
[pool-4110-thread-1] INFO org.apache.nifi.processors.standard.RouteText - RouteText[id=e191155b-3232-49bd-bfe9-6bfcf78aa3cb] Routing FlowFile[3574,92022622912239.mockFlowFile,24B] to original
[main] DEBUG org.apache.nifi.processors.standard.RouteText - RouteText[id=e191155b-3232-49bd-bfe9-6bfcf78aa3cb] Adding new dynamic property: PropertyDescriptor[simple]
[pool-4111-thread-1] INFO org.apache.nifi.processors.standard.RouteText - RouteText[id=e191155b-3232-49bd-bfe9-6bfcf78aa3cb] Created FlowFile[3577,92022623421077.mockFlowFile,24B] from FlowFile[3576,92022623421077.mockFlowFile,24B]; routing to relationship simple
[pool-4111-thread-1] INFO org.apache.nifi.processors.standard.RouteText - RouteText[id=e191155b-3232-49bd-bfe9-6bfcf78aa3cb] Routing FlowFile[3576,92022623421077.mockFlowFile,24B] to original
[main] DEBUG org.apache.nifi.processors.standard.RouteText - RouteText[id=e191155b-3232-49bd-bfe9-6bfcf78aa3cb] Adding new dynamic property: PropertyDescriptor[simple]
[pool-4112-thread-1] INFO org.apache.nifi.processors.standard.RouteText - RouteText[id=e191155b-3232-49bd-bfe9-6bfcf78aa3cb] Created FlowFile[3579,92022624095987.mockFlowFile,24B] from FlowFile[3578,92022624095987.mockFlowFile,24B]; routing to relationship simple
[pool-4112-thread-1] INFO org.apache.nifi.processors.standard.RouteText - RouteText[id=e191155b-3232-49bd-bfe9-6bfcf78aa3cb] Routing FlowFile[3578,92022624095987.mockFlowFile,24B] to original
[main] DEBUG org.apache.nifi.processors.standard.RouteText - RouteText[id=e191155b-3232-49bd-bfe9-6bfcf78aa3cb] Adding new dynamic property: PropertyDescriptor[simple]
[pool-4113-thread-1] INFO org.apache.nifi.processors.standard.RouteText - RouteText[id=e191155b-3232-49bd-bfe9-6bfcf78aa3cb] Created FlowFile[3581,92022624632507.mockFlowFile,24B] from FlowFile[3580,92022624632507.mockFlowFile,24B]; routing to relationship simple
[pool-4113-thread-1] INFO org.apache.nifi.processors.standard.RouteText - RouteText[id=e191155b-3232-49bd-bfe9-6bfcf78aa3cb] Routing FlowFile[3580,92022624632507.mockFlowFile,24B] to original
[main] DEBUG org.apache.nifi.processors.standard.RouteText - RouteText[id=e191155b-3232-49bd-bfe9-6bfcf78aa3cb] Adding new dynamic property: PropertyDescriptor[simple]
[pool-4114-thread-1] INFO org.apache.nifi.processors.standard.RouteText - RouteText[id=e191155b-3232-49bd-bfe9-6bfcf78aa3cb] Created FlowFile[3583,92022625162854.mockFlowFile,24B] from FlowFile[3582,92022625162854.mockFlowFile,24B]; routing to relationship simple
[pool-4114-thread-1] INFO org.apache.nifi.processors.standard.RouteText - RouteText[id=e191155b-3232-49bd-bfe9-6bfcf78aa3cb] Routing FlowFile[3582,92022625162854.mockFlowFile,24B] to original
[main] DEBUG org.apache.nifi.processors.standard.RouteText - RouteText[id=e191155b-3232-49bd-bfe9-6bfcf78aa3cb] Adding new dynamic property: PropertyDescriptor[simple]
[pool-4115-thread-1] INFO org.apache.nifi.processors.standard.RouteText - RouteText[id=e191155b-3232-49bd-bfe9-6bfcf78aa3cb] Created FlowFile[3585,92022625725973.mockFlowFile,24B] from FlowFile[3584,92022625725973.mockFlowFile,24B]; routing to relationship simple
[pool-4115-thread-1] INFO org.apache.nifi.processors.standard.RouteText - RouteText[id=e191155b-3232-49bd-bfe9-6bfcf78aa3cb] Routing FlowFile[3584,92022625725973.mockFlowFile,24B] to original
[main] DEBUG org.apache.nifi.processors.standard.RouteText - RouteText[id=e191155b-3232-49bd-bfe9-6bfcf78aa3cb] Adding new dynamic property: PropertyDescriptor[simple]
[pool-4116-thread-1] INFO org.apache.nifi.processors.standard.RouteText - RouteText[id=e191155b-3232-49bd-bfe9-6bfcf78aa3cb] Created FlowFile[3587,92022626236911.mockFlowFile,24B] from FlowFile[3586,92022626236911.mockFlowFile,24B]; routing to relationship simple
[pool-4116-thread-1] INFO org.apache.nifi.processors.standard.RouteText - RouteText[id=e191155b-3232-49bd-bfe9-6bfcf78aa3cb] Routing FlowFile[3586,92022626236911.mockFlowFile,24B] to original
[main] DEBUG org.apache.nifi.processors.standard.RouteText - RouteText[id=e191155b-3232-49bd-bfe9-6bfcf78aa3cb] Adding new dynamic property: PropertyDescriptor[simple]
[pool-4117-thread-1] INFO org.apache.nifi.processors.standard.RouteText - RouteText[id=e191155b-3232-49bd-bfe9-6bfcf78aa3cb] Created FlowFile[3589,92022626652749.mockFlowFile,24B] from FlowFile[3588,92022626652749.mockFlowFile,24B]; routing to relationship simple
[pool-4117-thread-1] INFO org.apache.nifi.processors.standard.RouteText - RouteText[id=e191155b-3232-49bd-bfe9-6bfcf78aa3cb] Routing FlowFile[3588,92022626652749.mockFlowFile,24B] to original
[main] DEBUG org.apache.nifi.processors.standard.RouteText - RouteText[id=e191155b-3232-49bd-bfe9-6bfcf78aa3cb] Adding new dynamic property: PropertyDescriptor[simple]
[pool-4118-thread-1] INFO org.apache.nifi.processors.standard.RouteText - RouteText[id=e191155b-3232-49bd-bfe9-6bfcf78aa3cb] Created FlowFile[3591,92022627066514.mockFlowFile,24B] from FlowFile[3590,92022627066514.mockFlowFile,24B]; routing to relationship simple
[pool-4118-thread-1] INFO org.apache.nifi.processors.standard.RouteText - RouteText[id=e191155b-3232-49bd-bfe9-6bfcf78aa3cb] Routing FlowFile[3590,92022627066514.mockFlowFile,24B] to original
[main] DEBUG org.apache.nifi.processors.standard.RouteText - RouteText[id=e191155b-3232-49bd-bfe9-6bfcf78aa3cb] Adding new dynamic property: PropertyDescriptor[simple]
[pool-4119-thread-1] INFO org.apache.nifi.processors.standard.RouteText - RouteText[id=e191155b-3232-49bd-bfe9-6bfcf78aa3cb] Created FlowFile[3593,92022627572556.mockFlowFile,24B] from FlowFile[3592,92022627572556.mockFlowFile,24B]; routing to relationship simple
[pool-4119-thread-1] INFO org.apache.nifi.processors.standard.RouteText - RouteText[id=e191155b-3232-49bd-bfe9-6bfcf78aa3cb] Routing FlowFile[3592,92022627572556.mockFlowFile,24B] to original
[main] DEBUG org.apache.nifi.processors.standard.RouteText - RouteText[id=e191155b-3232-49bd-bfe9-6bfcf78aa3cb] Adding new dynamic property: PropertyDescriptor[simple]
[pool-4120-thread-1] INFO org.apache.nifi.processors.standard.RouteText - RouteText[id=e191155b-3232-49bd-bfe9-6bfcf78aa3cb] Created FlowFile[3595,92022627987768.mockFlowFile,24B] from FlowFile[3594,92022627987768.mockFlowFile,24B]; routing to relationship simple
[pool-4120-thread-1] INFO org.apache.nifi.processors.standard.RouteText - RouteText[id=e191155b-3232-49bd-bfe9-6bfcf78aa3cb] Routing FlowFile[3594,92022627987768.mockFlowFile,24B] to original
[main] DEBUG org.apache.nifi.processors.standard.RouteText - RouteText[id=e191155b-3232-49bd-bfe9-6bfcf78aa3cb] Adding new dynamic property: PropertyDescriptor[simple]
[pool-4121-thread-1] INFO org.apache.nifi.processors.standard.RouteText - RouteText[id=e191155b-3232-49bd-bfe9-6bfcf78aa3cb] Created FlowFile[3597,92022628546109.mockFlowFile,24B] from FlowFile[3596,92022628546109.mockFlowFile,24B]; routing to relationship simple
[pool-4121-thread-1] INFO org.apache.nifi.processors.standard.RouteText - RouteText[id=e191155b-3232-49bd-bfe9-6bfcf78aa3cb] Routing FlowFile[3596,92022628546109.mockFlowFile,24B] to original
[main] DEBUG org.apache.nifi.processors.standard.RouteText - RouteText[id=e191155b-3232-49bd-bfe9-6bfcf78aa3cb] Adding new dynamic property: PropertyDescriptor[simple]
[pool-4122-thread-1] INFO org.apache.nifi.processors.standard.RouteText - RouteText[id=e191155b-3232-49bd-bfe9-6bfcf78aa3cb] Created FlowFile[3599,92022628982502.mockFlowFile,24B] from FlowFile[3598,92022628982502.mockFlowFile,24B]; routing to relationship simple
[pool-4122-thread-1] INFO org.apache.nifi.processors.standard.RouteText - RouteText[id=e191155b-3232-49bd-bfe9-6bfcf78aa3cb] Routing FlowFile[3598,92022628982502.mockFlowFile,24B] to original
[main] DEBUG org.apache.nifi.processors.standard.RouteText - RouteText[id=e191155b-3232-49bd-bfe9-6bfcf78aa3cb] Adding new dynamic property: PropertyDescriptor[simple]
[pool-4123-thread-1] INFO org.apache.nifi.processors.standard.RouteText - RouteText[id=e191155b-3232-49bd-bfe9-6bfcf78aa3cb] Created FlowFile[3601,92022629421444.mockFlowFile,24B] from FlowFile[3600,92022629421444.mockFlowFile,24B]; routing to relationship simple
[pool-4123-thread-1] INFO org.apache.nifi.processors.standard.RouteText - RouteText[id=e191155b-3232-49bd-bfe9-6bfcf78aa3cb] Routing FlowFile[3600,92022629421444.mockFlowFile,24B] to original
[main] DEBUG org.apache.nifi.processors.standard.RouteText - RouteText[id=e191155b-3232-49bd-bfe9-6bfcf78aa3cb] Adding new dynamic property: PropertyDescriptor[simple]
[pool-4124-thread-1] INFO org.apache.nifi.processors.standard.RouteText - RouteText[id=e191155b-3232-49bd-bfe9-6bfcf78aa3cb] Created FlowFile[3603,92022629883010.mockFlowFile,24B] from FlowFile[3602,92022629883010.mockFlowFile,24B]; routing to relationship simple
[pool-4124-thread-1] INFO org.apache.nifi.processors.standard.RouteText - RouteText[id=e191155b-3232-49bd-bfe9-6bfcf78aa3cb] Routing FlowFile[3602,92022629883010.mockFlowFile,24B] to original
[main] DEBUG org.apache.nifi.processors.standard.RouteText - RouteText[id=e191155b-3232-49bd-bfe9-6bfcf78aa3cb] Adding new dynamic property: PropertyDescriptor[simple]
[pool-4125-thread-1] INFO org.apache.nifi.processors.standard.RouteText - RouteText[id=e191155b-3232-49bd-bfe9-6bfcf78aa3cb] Created FlowFile[3605,92022630283413.mockFlowFile,24B] from FlowFile[3604,92022630283413.mockFlowFile,24B]; routing to relationship simple
[pool-4125-thread-1] INFO org.apache.nifi.processors.standard.RouteText - RouteText[id=e191155b-3232-49bd-bfe9-6bfcf78aa3cb] Routing FlowFile[3604,92022630283413.mockFlowFile,24B] to original
[main] DEBUG org.apache.nifi.processors.standard.RouteText - RouteText[id=e191155b-3232-49bd-bfe9-6bfcf78aa3cb] Adding new dynamic property: PropertyDescriptor[simple]
[pool-4126-thread-1] INFO org.apache.nifi.processors.standard.RouteText - RouteText[id=e191155b-3232-49bd-bfe9-6bfcf78aa3cb] Created FlowFile[3607,92022630725707.mockFlowFile,24B] from FlowFile[3606,92022630725707.mockFlowFile,24B]; routing to relationship simple
[pool-4126-thread-1] INFO org.apache.nifi.processors.standard.RouteText - RouteText[id=e191155b-3232-49bd-bfe9-6bfcf78aa3cb] Routing FlowFile[3606,92022630725707.mockFlowFile,24B] to original
[main] DEBUG org.apache.nifi.processors.standard.RouteText - RouteText[id=e191155b-3232-49bd-bfe9-6bfcf78aa3cb] Adding new dynamic property: PropertyDescriptor[simple]
[pool-4127-thread-1] INFO org.apache.nifi.processors.standard.RouteText - RouteText[id=e191155b-3232-49bd-bfe9-6bfcf78aa3cb] Created FlowFile[3609,92022631127259.mockFlowFile,24B] from FlowFile[3608,92022631127259.mockFlowFile,24B]; routing to relationship simple
[pool-4127-thread-1] INFO org.apache.nifi.processors.standard.RouteText - RouteText[id=e191155b-3232-49bd-bfe9-6bfcf78aa3cb] Routing FlowFile[3608,92022631127259.mockFlowFile,24B] to original
[main] DEBUG org.apache.nifi.processors.standard.RouteText - RouteText[id=e191155b-3232-49bd-bfe9-6bfcf78aa3cb] Adding new dynamic property: PropertyDescriptor[simple]
[pool-4128-thread-1] INFO org.apache.nifi.processors.standard.RouteText - RouteText[id=e191155b-3232-49bd-bfe9-6bfcf78aa3cb] Created FlowFile[3611,92022631625562.mockFlowFile,24B] from FlowFile[3610,92022631625562.mockFlowFile,24B]; routing to relationship simple
[pool-4128-thread-1] INFO org.apache.nifi.processors.standard.RouteText - RouteText[id=e191155b-3232-49bd-bfe9-6bfcf78aa3cb] Routing FlowFile[3610,92022631625562.mockFlowFile,24B] to original
[main] DEBUG org.apache.nifi.processors.standard.RouteText - RouteText[id=e191155b-3232-49bd-bfe9-6bfcf78aa3cb] Adding new dynamic property: PropertyDescriptor[simple]
[pool-4129-thread-1] INFO org.apache.nifi.processors.standard.RouteText - RouteText[id=e191155b-3232-49bd-bfe9-6bfcf78aa3cb] Created FlowFile[3613,92022632066450.mockFlowFile,24B] from FlowFile[3612,92022632066450.mockFlowFile,24B]; routing to relationship simple
[pool-4129-thread-1] INFO org.apache.nifi.processors.standard.RouteText - RouteText[id=e191155b-3232-49bd-bfe9-6bfcf78aa3cb] Routing FlowFile[3612,92022632066450.mockFlowFile,24B] to original
[main] DEBUG org.apache.nifi.processors.standard.RouteText - RouteText[id=e191155b-3232-49bd-bfe9-6bfcf78aa3cb] Adding new dynamic property: PropertyDescriptor[simple]
[pool-4130-thread-1] INFO org.apache.nifi.processors.standard.RouteText - RouteText[id=e191155b-3232-49bd-bfe9-6bfcf78aa3cb] Created FlowFile[3615,92022632633348.mockFlowFile,24B] from FlowFile[3614,92022632633348.mockFlowFile,24B]; routing to relationship simple
[pool-4130-thread-1] INFO org.apache.nifi.processors.standard.RouteText - RouteText[id=e191155b-3232-49bd-bfe9-6bfcf78aa3cb] Routing FlowFile[3614,92022632633348.mockFlowFile,24B] to original
[main] DEBUG org.apache.nifi.processors.standard.RouteText - RouteText[id=e191155b-3232-49bd-bfe9-6bfcf78aa3cb] Adding new dynamic property: PropertyDescriptor[simple]
[pool-4131-thread-1] INFO org.apache.nifi.processors.standard.RouteText - RouteText[id=e191155b-3232-49bd-bfe9-6bfcf78aa3cb] Created FlowFile[3617,92022633217551.mockFlowFile,24B] from FlowFile[3616,92022633217551.mockFlowFile,24B]; routing to relationship simple
[pool-4131-thread-1] INFO org.apache.nifi.processors.standard.RouteText - RouteText[id=e191155b-3232-49bd-bfe9-6bfcf78aa3cb] Routing FlowFile[3616,92022633217551.mockFlowFile,24B] to original
[main] DEBUG org.apache.nifi.processors.standard.RouteText - RouteText[id=e191155b-3232-49bd-bfe9-6bfcf78aa3cb] Adding new dynamic property: PropertyDescriptor[simple]
[pool-4132-thread-1] INFO org.apache.nifi.processors.standard.RouteText - RouteText[id=e191155b-3232-49bd-bfe9-6bfcf78aa3cb] Created FlowFile[3619,92022633784673.mockFlowFile,24B] from FlowFile[3618,92022633784673.mockFlowFile,24B]; routing to relationship simple
[pool-4132-thread-1] INFO org.apache.nifi.processors.standard.RouteText - RouteText[id=e191155b-3232-49bd-bfe9-6bfcf78aa3cb] Routing FlowFile[3618,92022633784673.mockFlowFile,24B] to original
[main] DEBUG org.apache.nifi.processors.standard.RouteText - RouteText[id=e191155b-3232-49bd-bfe9-6bfcf78aa3cb] Adding new dynamic property: PropertyDescriptor[simple]
[pool-4133-thread-1] INFO org.apache.nifi.processors.standard.RouteText - RouteText[id=e191155b-3232-49bd-bfe9-6bfcf78aa3cb] Created FlowFile[3621,92022634237425.mockFlowFile,24B] from FlowFile[3620,92022634237425.mockFlowFile,24B]; routing to relationship simple
[pool-4133-thread-1] INFO org.apache.nifi.processors.standard.RouteText - RouteText[id=e191155b-3232-49bd-bfe9-6bfcf78aa3cb] Routing FlowFile[3620,92022634237425.mockFlowFile,24B] to original
[main] DEBUG org.apache.nifi.processors.standard.RouteText - RouteText[id=e191155b-3232-49bd-bfe9-6bfcf78aa3cb] Adding new dynamic property: PropertyDescriptor[simple]
[pool-4134-thread-1] INFO org.apache.nifi.processors.standard.RouteText - RouteText[id=e191155b-3232-49bd-bfe9-6bfcf78aa3cb] Created FlowFile[3623,92022634708338.mockFlowFile,24B] from FlowFile[3622,92022634708338.mockFlowFile,24B]; routing to relationship simple
[pool-4134-thread-1] INFO org.apache.nifi.processors.standard.RouteText - RouteText[id=e191155b-3232-49bd-bfe9-6bfcf78aa3cb] Routing FlowFile[3622,92022634708338.mockFlowFile,24B] to original
[main] DEBUG org.apache.nifi.processors.standard.RouteText - RouteText[id=e191155b-3232-49bd-bfe9-6bfcf78aa3cb] Adding new dynamic property: PropertyDescriptor[simple]
[pool-4135-thread-1] INFO org.apache.nifi.processors.standard.RouteText - RouteText[id=e191155b-3232-49bd-bfe9-6bfcf78aa3cb] Created FlowFile[3625,92022635154734.mockFlowFile,24B] from FlowFile[3624,92022635154734.mockFlowFile,24B]; routing to relationship simple
[pool-4135-thread-1] INFO org.apache.nifi.processors.standard.RouteText - RouteText[id=e191155b-3232-49bd-bfe9-6bfcf78aa3cb] Routing FlowFile[3624,92022635154734.mockFlowFile,24B] to original
[main] DEBUG org.apache.nifi.processors.standard.RouteText - RouteText[id=e191155b-3232-49bd-bfe9-6bfcf78aa3cb] Adding new dynamic property: PropertyDescriptor[simple]
[pool-4136-thread-1] INFO org.apache.nifi.processors.standard.RouteText - RouteText[id=e191155b-3232-49bd-bfe9-6bfcf78aa3cb] Created FlowFile[3627,92022635694072.mockFlowFile,24B] from FlowFile[3626,92022635694072.mockFlowFile,24B]; routing to relationship simple
[pool-4136-thread-1] INFO org.apache.nifi.processors.standard.RouteText - RouteText[id=e191155b-3232-49bd-bfe9-6bfcf78aa3cb] Routing FlowFile[3626,92022635694072.mockFlowFile,24B] to original
[main] DEBUG org.apache.nifi.processors.standard.RouteText - RouteText[id=e191155b-3232-49bd-bfe9-6bfcf78aa3cb] Adding new dynamic property: PropertyDescriptor[simple]
[pool-4137-thread-1] INFO org.apache.nifi.processors.standard.RouteText - RouteText[id=e191155b-3232-49bd-bfe9-6bfcf78aa3cb] Created FlowFile[3629,92022636146699.mockFlowFile,24B] from FlowFile[3628,92022636146699.mockFlowFile,24B]; routing to relationship simple
[pool-4137-thread-1] INFO org.apache.nifi.processors.standard.RouteText - RouteText[id=e191155b-3232-49bd-bfe9-6bfcf78aa3cb] Routing FlowFile[3628,92022636146699.mockFlowFile,24B] to original
[main] DEBUG org.apache.nifi.processors.standard.RouteText - RouteText[id=e191155b-3232-49bd-bfe9-6bfcf78aa3cb] Adding new dynamic property: PropertyDescriptor[simple]
[pool-4138-thread-1] INFO org.apache.nifi.processors.standard.RouteText - RouteText[id=e191155b-3232-49bd-bfe9-6bfcf78aa3cb] Created FlowFile[3631,92022636754429.mockFlowFile,24B] from FlowFile[3630,92022636754429.mockFlowFile,24B]; routing to relationship simple
[pool-4138-thread-1] INFO org.apache.nifi.processors.standard.RouteText - RouteText[id=e191155b-3232-49bd-bfe9-6bfcf78aa3cb] Routing FlowFile[3630,92022636754429.mockFlowFile,24B] to original
[main] DEBUG org.apache.nifi.processors.standard.RouteText - RouteText[id=e191155b-3232-49bd-bfe9-6bfcf78aa3cb] Adding new dynamic property: PropertyDescriptor[simple]
[pool-4139-thread-1] INFO org.apache.nifi.processors.standard.RouteText - RouteText[id=e191155b-3232-49bd-bfe9-6bfcf78aa3cb] Created FlowFile[3633,92022637331548.mockFlowFile,24B] from FlowFile[3632,92022637331548.mockFlowFile,24B]; routing to relationship simple
[pool-4139-thread-1] INFO org.apache.nifi.processors.standard.RouteText - RouteText[id=e191155b-3232-49bd-bfe9-6bfcf78aa3cb] Routing FlowFile[3632,92022637331548.mockFlowFile,24B] to original
[main] DEBUG org.apache.nifi.processors.standard.RouteText - RouteText[id=e191155b-3232-49bd-bfe9-6bfcf78aa3cb] Adding new dynamic property: PropertyDescriptor[simple]
[pool-4140-thread-1] INFO org.apache.nifi.processors.standard.RouteText - RouteText[id=e191155b-3232-49bd-bfe9-6bfcf78aa3cb] Created FlowFile[3635,92022637847043.mockFlowFile,24B] from FlowFile[3634,92022637847043.mockFlowFile,24B]; routing to relationship simple
[pool-4140-thread-1] INFO org.apache.nifi.processors.standard.RouteText - RouteText[id=e191155b-3232-49bd-bfe9-6bfcf78aa3cb] Routing FlowFile[3634,92022637847043.mockFlowFile,24B] to original
[main] DEBUG org.apache.nifi.processors.standard.RouteText - RouteText[id=e191155b-3232-49bd-bfe9-6bfcf78aa3cb] Adding new dynamic property: PropertyDescriptor[simple]
[pool-4141-thread-1] INFO org.apache.nifi.processors.standard.RouteText - RouteText[id=e191155b-3232-49bd-bfe9-6bfcf78aa3cb] Created FlowFile[3637,92022638240336.mockFlowFile,24B] from FlowFile[3636,92022638240336.mockFlowFile,24B]; routing to relationship simple
[pool-4141-thread-1] INFO org.apache.nifi.processors.standard.RouteText - RouteText[id=e191155b-3232-49bd-bfe9-6bfcf78aa3cb] Routing FlowFile[3636,92022638240336.mockFlowFile,24B] to original
[main] DEBUG org.apache.nifi.processors.standard.RouteText - RouteText[id=e191155b-3232-49bd-bfe9-6bfcf78aa3cb] Adding new dynamic property: PropertyDescriptor[simple]
[pool-4142-thread-1] INFO org.apache.nifi.processors.standard.RouteText - RouteText[id=e191155b-3232-49bd-bfe9-6bfcf78aa3cb] Created FlowFile[3639,92022638612451.mockFlowFile,24B] from FlowFile[3638,92022638612451.mockFlowFile,24B]; routing to relationship simple
[pool-4142-thread-1] INFO org.apache.nifi.processors.standard.RouteText - RouteText[id=e191155b-3232-49bd-bfe9-6bfcf78aa3cb] Routing FlowFile[3638,92022638612451.mockFlowFile,24B] to original
[main] DEBUG org.apache.nifi.processors.standard.RouteText - RouteText[id=e191155b-3232-49bd-bfe9-6bfcf78aa3cb] Adding new dynamic property: PropertyDescriptor[simple]
[pool-4143-thread-1] INFO org.apache.nifi.processors.standard.RouteText - RouteText[id=e191155b-3232-49bd-bfe9-6bfcf78aa3cb] Created FlowFile[3641,92022638991779.mockFlowFile,24B] from FlowFile[3640,92022638991779.mockFlowFile,24B]; routing to relationship simple
[pool-4143-thread-1] INFO org.apache.nifi.processors.standard.RouteText - RouteText[id=e191155b-3232-49bd-bfe9-6bfcf78aa3cb] Routing FlowFile[3640,92022638991779.mockFlowFile,24B] to original
[main] DEBUG org.apache.nifi.processors.standard.RouteText - RouteText[id=e191155b-3232-49bd-bfe9-6bfcf78aa3cb] Adding new dynamic property: PropertyDescriptor[simple]
[pool-4144-thread-1] INFO org.apache.nifi.processors.standard.RouteText - RouteText[id=e191155b-3232-49bd-bfe9-6bfcf78aa3cb] Created FlowFile[3643,92022639505261.mockFlowFile,24B] from FlowFile[3642,92022639505261.mockFlowFile,24B]; routing to relationship simple
[pool-4144-thread-1] INFO org.apache.nifi.processors.standard.RouteText - RouteText[id=e191155b-3232-49bd-bfe9-6bfcf78aa3cb] Routing FlowFile[3642,92022639505261.mockFlowFile,24B] to original
[main] DEBUG org.apache.nifi.processors.standard.RouteText - RouteText[id=e191155b-3232-49bd-bfe9-6bfcf78aa3cb] Adding new dynamic property: PropertyDescriptor[simple]
[pool-4145-thread-1] INFO org.apache.nifi.processors.standard.RouteText - RouteText[id=e191155b-3232-49bd-bfe9-6bfcf78aa3cb] Created FlowFile[3645,92022639946933.mockFlowFile,24B] from FlowFile[3644,92022639946933.mockFlowFile,24B]; routing to relationship simple
[pool-4145-thread-1] INFO org.apache.nifi.processors.standard.RouteText - RouteText[id=e191155b-3232-49bd-bfe9-6bfcf78aa3cb] Routing FlowFile[3644,92022639946933.mockFlowFile,24B] to original
[main] DEBUG org.apache.nifi.processors.standard.RouteText - RouteText[id=e191155b-3232-49bd-bfe9-6bfcf78aa3cb] Adding new dynamic property: PropertyDescriptor[simple]
[pool-4146-thread-1] INFO org.apache.nifi.processors.standard.RouteText - RouteText[id=e191155b-3232-49bd-bfe9-6bfcf78aa3cb] Created FlowFile[3647,92022640437609.mockFlowFile,24B] from FlowFile[3646,92022640437609.mockFlowFile,24B]; routing to relationship simple
[pool-4146-thread-1] INFO org.apache.nifi.processors.standard.RouteText - RouteText[id=e191155b-3232-49bd-bfe9-6bfcf78aa3cb] Routing FlowFile[3646,92022640437609.mockFlowFile,24B] to original
[main] DEBUG org.apache.nifi.processors.standard.RouteText - RouteText[id=e191155b-3232-49bd-bfe9-6bfcf78aa3cb] Adding new dynamic property: PropertyDescriptor[simple]
[pool-4147-thread-1] INFO org.apache.nifi.processors.standard.RouteText - RouteText[id=e191155b-3232-49bd-bfe9-6bfcf78aa3cb] Created FlowFile[3649,92022640924817.mockFlowFile,24B] from FlowFile[3648,92022640924817.mockFlowFile,24B]; routing to relationship simple
[pool-4147-thread-1] INFO org.apache.nifi.processors.standard.RouteText - RouteText[id=e191155b-3232-49bd-bfe9-6bfcf78aa3cb] Routing FlowFile[3648,92022640924817.mockFlowFile,24B] to original
[main] DEBUG org.apache.nifi.processors.standard.RouteText - RouteText[id=e191155b-3232-49bd-bfe9-6bfcf78aa3cb] Adding new dynamic property: PropertyDescriptor[simple]
[pool-4148-thread-1] INFO org.apache.nifi.processors.standard.RouteText - RouteText[id=e191155b-3232-49bd-bfe9-6bfcf78aa3cb] Created FlowFile[3651,92022641395390.mockFlowFile,24B] from FlowFile[3650,92022641395390.mockFlowFile,24B]; routing to relationship simple
[pool-4148-thread-1] INFO org.apache.nifi.processors.standard.RouteText - RouteText[id=e191155b-3232-49bd-bfe9-6bfcf78aa3cb] Routing FlowFile[3650,92022641395390.mockFlowFile,24B] to original
[main] DEBUG org.apache.nifi.processors.standard.RouteText - RouteText[id=e191155b-3232-49bd-bfe9-6bfcf78aa3cb] Adding new dynamic property: PropertyDescriptor[simple]
[pool-4149-thread-1] INFO org.apache.nifi.processors.standard.RouteText - RouteText[id=e191155b-3232-49bd-bfe9-6bfcf78aa3cb] Created FlowFile[3653,92022641765358.mockFlowFile,24B] from FlowFile[3652,92022641765358.mockFlowFile,24B]; routing to relationship simple
[pool-4149-thread-1] INFO org.apache.nifi.processors.standard.RouteText - RouteText[id=e191155b-3232-49bd-bfe9-6bfcf78aa3cb] Routing FlowFile[3652,92022641765358.mockFlowFile,24B] to original
[main] DEBUG org.apache.nifi.processors.standard.RouteText - RouteText[id=e191155b-3232-49bd-bfe9-6bfcf78aa3cb] Adding new dynamic property: PropertyDescriptor[simple]
[pool-4150-thread-1] INFO org.apache.nifi.processors.standard.RouteText - RouteText[id=e191155b-3232-49bd-bfe9-6bfcf78aa3cb] Created FlowFile[3655,92022642134210.mockFlowFile,24B] from FlowFile[3654,92022642134210.mockFlowFile,24B]; routing to relationship simple
[pool-4150-thread-1] INFO org.apache.nifi.processors.standard.RouteText - RouteText[id=e191155b-3232-49bd-bfe9-6bfcf78aa3cb] Routing FlowFile[3654,92022642134210.mockFlowFile,24B] to original
[main] DEBUG org.apache.nifi.processors.standard.RouteText - RouteText[id=e191155b-3232-49bd-bfe9-6bfcf78aa3cb] Adding new dynamic property: PropertyDescriptor[simple]
[pool-4151-thread-1] INFO org.apache.nifi.processors.standard.RouteText - RouteText[id=e191155b-3232-49bd-bfe9-6bfcf78aa3cb] Created FlowFile[3657,92022642548684.mockFlowFile,24B] from FlowFile[3656,92022642548684.mockFlowFile,24B]; routing to relationship simple
[pool-4151-thread-1] INFO org.apache.nifi.processors.standard.RouteText - RouteText[id=e191155b-3232-49bd-bfe9-6bfcf78aa3cb] Routing FlowFile[3656,92022642548684.mockFlowFile,24B] to original
[main] DEBUG org.apache.nifi.processors.standard.RouteText - RouteText[id=e191155b-3232-49bd-bfe9-6bfcf78aa3cb] Adding new dynamic property: PropertyDescriptor[simple]
[pool-4152-thread-1] INFO org.apache.nifi.processors.standard.RouteText - RouteText[id=e191155b-3232-49bd-bfe9-6bfcf78aa3cb] Created FlowFile[3659,92022643020411.mockFlowFile,24B] from FlowFile[3658,92022643020411.mockFlowFile,24B]; routing to relationship simple
[pool-4152-thread-1] INFO org.apache.nifi.processors.standard.RouteText - RouteText[id=e191155b-3232-49bd-bfe9-6bfcf78aa3cb] Routing FlowFile[3658,92022643020411.mockFlowFile,24B] to original
[main] DEBUG org.apache.nifi.processors.standard.RouteText - RouteText[id=e191155b-3232-49bd-bfe9-6bfcf78aa3cb] Adding new dynamic property: PropertyDescriptor[simple]
[pool-4153-thread-1] INFO org.apache.nifi.processors.standard.RouteText - RouteText[id=e191155b-3232-49bd-bfe9-6bfcf78aa3cb] Created FlowFile[3661,92022643549340.mockFlowFile,24B] from FlowFile[3660,92022643549340.mockFlowFile,24B]; routing to relationship simple
[pool-4153-thread-1] INFO org.apache.nifi.processors.standard.RouteText - RouteText[id=e191155b-3232-49bd-bfe9-6bfcf78aa3cb] Routing FlowFile[3660,92022643549340.mockFlowFile,24B] to original
[main] DEBUG org.apache.nifi.processors.standard.RouteText - RouteText[id=e191155b-3232-49bd-bfe9-6bfcf78aa3cb] Adding new dynamic property: PropertyDescriptor[simple]
[pool-4154-thread-1] INFO org.apache.nifi.processors.standard.RouteText - RouteText[id=e191155b-3232-49bd-bfe9-6bfcf78aa3cb] Created FlowFile[3663,92022643988822.mockFlowFile,24B] from FlowFile[3662,92022643988822.mockFlowFile,24B]; routing to relationship simple
[pool-4154-thread-1] INFO org.apache.nifi.processors.standard.RouteText - RouteText[id=e191155b-3232-49bd-bfe9-6bfcf78aa3cb] Routing FlowFile[3662,92022643988822.mockFlowFile,24B] to original
[main] DEBUG org.apache.nifi.processors.standard.RouteText - RouteText[id=e191155b-3232-49bd-bfe9-6bfcf78aa3cb] Adding new dynamic property: PropertyDescriptor[simple]
[pool-4155-thread-1] INFO org.apache.nifi.processors.standard.RouteText - RouteText[id=e191155b-3232-49bd-bfe9-6bfcf78aa3cb] Created FlowFile[3665,92022644541011.mockFlowFile,24B] from FlowFile[3664,92022644541011.mockFlowFile,24B]; routing to relationship simple
[pool-4155-thread-1] INFO org.apache.nifi.processors.standard.RouteText - RouteText[id=e191155b-3232-49bd-bfe9-6bfcf78aa3cb] Routing FlowFile[3664,92022644541011.mockFlowFile,24B] to original
[main] DEBUG org.apache.nifi.processors.standard.RouteText - RouteText[id=e191155b-3232-49bd-bfe9-6bfcf78aa3cb] Adding new dynamic property: PropertyDescriptor[simple]
[pool-4156-thread-1] INFO org.apache.nifi.processors.standard.RouteText - RouteText[id=e191155b-3232-49bd-bfe9-6bfcf78aa3cb] Created FlowFile[3667,92022645062973.mockFlowFile,24B] from FlowFile[3666,92022645062973.mockFlowFile,24B]; routing to relationship simple
[pool-4156-thread-1] INFO org.apache.nifi.processors.standard.RouteText - RouteText[id=e191155b-3232-49bd-bfe9-6bfcf78aa3cb] Routing FlowFile[3666,92022645062973.mockFlowFile,24B] to original
[main] DEBUG org.apache.nifi.processors.standard.RouteText - RouteText[id=e191155b-3232-49bd-bfe9-6bfcf78aa3cb] Adding new dynamic property: PropertyDescriptor[simple]
[pool-4157-thread-1] INFO org.apache.nifi.processors.standard.RouteText - RouteText[id=e191155b-3232-49bd-bfe9-6bfcf78aa3cb] Created FlowFile[3669,92022645577691.mockFlowFile,24B] from FlowFile[3668,92022645577691.mockFlowFile,24B]; routing to relationship simple
[pool-4157-thread-1] INFO org.apache.nifi.processors.standard.RouteText - RouteText[id=e191155b-3232-49bd-bfe9-6bfcf78aa3cb] Routing FlowFile[3668,92022645577691.mockFlowFile,24B] to original
[main] DEBUG org.apache.nifi.processors.standard.RouteText - RouteText[id=e191155b-3232-49bd-bfe9-6bfcf78aa3cb] Adding new dynamic property: PropertyDescriptor[simple]
[pool-4158-thread-1] INFO org.apache.nifi.processors.standard.RouteText - RouteText[id=e191155b-3232-49bd-bfe9-6bfcf78aa3cb] Created FlowFile[3671,92022646009912.mockFlowFile,24B] from FlowFile[3670,92022646009912.mockFlowFile,24B]; routing to relationship simple
[pool-4158-thread-1] INFO org.apache.nifi.processors.standard.RouteText - RouteText[id=e191155b-3232-49bd-bfe9-6bfcf78aa3cb] Routing FlowFile[3670,92022646009912.mockFlowFile,24B] to original
[main] DEBUG org.apache.nifi.processors.standard.RouteText - RouteText[id=e191155b-3232-49bd-bfe9-6bfcf78aa3cb] Adding new dynamic property: PropertyDescriptor[simple]
[pool-4159-thread-1] INFO org.apache.nifi.processors.standard.RouteText - RouteText[id=e191155b-3232-49bd-bfe9-6bfcf78aa3cb] Created FlowFile[3673,92022646454427.mockFlowFile,24B] from FlowFile[3672,92022646454427.mockFlowFile,24B]; routing to relationship simple
[pool-4159-thread-1] INFO org.apache.nifi.processors.standard.RouteText - RouteText[id=e191155b-3232-49bd-bfe9-6bfcf78aa3cb] Routing FlowFile[3672,92022646454427.mockFlowFile,24B] to original
[main] DEBUG org.apache.nifi.processors.standard.RouteText - RouteText[id=e191155b-3232-49bd-bfe9-6bfcf78aa3cb] Adding new dynamic property: PropertyDescriptor[simple]
[pool-4160-thread-1] INFO org.apache.nifi.processors.standard.RouteText - RouteText[id=e191155b-3232-49bd-bfe9-6bfcf78aa3cb] Created FlowFile[3675,92022646874470.mockFlowFile,24B] from FlowFile[3674,92022646874470.mockFlowFile,24B]; routing to relationship simple
[pool-4160-thread-1] INFO org.apache.nifi.processors.standard.RouteText - RouteText[id=e191155b-3232-49bd-bfe9-6bfcf78aa3cb] Routing FlowFile[3674,92022646874470.mockFlowFile,24B] to original
[main] DEBUG org.apache.nifi.processors.standard.RouteText - RouteText[id=e191155b-3232-49bd-bfe9-6bfcf78aa3cb] Adding new dynamic property: PropertyDescriptor[simple]
[pool-4161-thread-1] INFO org.apache.nifi.processors.standard.RouteText - RouteText[id=e191155b-3232-49bd-bfe9-6bfcf78aa3cb] Created FlowFile[3677,92022647346787.mockFlowFile,24B] from FlowFile[3676,92022647346787.mockFlowFile,24B]; routing to relationship simple
[pool-4161-thread-1] INFO org.apache.nifi.processors.standard.RouteText - RouteText[id=e191155b-3232-49bd-bfe9-6bfcf78aa3cb] Routing FlowFile[3676,92022647346787.mockFlowFile,24B] to original
[main] DEBUG org.apache.nifi.processors.standard.RouteText - RouteText[id=e191155b-3232-49bd-bfe9-6bfcf78aa3cb] Adding new dynamic property: PropertyDescriptor[simple]
[pool-4162-thread-1] INFO org.apache.nifi.processors.standard.RouteText - RouteText[id=e191155b-3232-49bd-bfe9-6bfcf78aa3cb] Created FlowFile[3679,92022647822934.mockFlowFile,24B] from FlowFile[3678,92022647822934.mockFlowFile,24B]; routing to relationship simple
[pool-4162-thread-1] INFO org.apache.nifi.processors.standard.RouteText - RouteText[id=e191155b-3232-49bd-bfe9-6bfcf78aa3cb] Routing FlowFile[3678,92022647822934.mockFlowFile,24B] to original
[main] DEBUG org.apache.nifi.processors.standard.RouteText - RouteText[id=e191155b-3232-49bd-bfe9-6bfcf78aa3cb] Adding new dynamic property: PropertyDescriptor[simple]
[pool-4163-thread-1] INFO org.apache.nifi.processors.standard.RouteText - RouteText[id=e191155b-3232-49bd-bfe9-6bfcf78aa3cb] Created FlowFile[3681,92022648378677.mockFlowFile,24B] from FlowFile[3680,92022648378677.mockFlowFile,24B]; routing to relationship simple
[pool-4163-thread-1] INFO org.apache.nifi.processors.standard.RouteText - RouteText[id=e191155b-3232-49bd-bfe9-6bfcf78aa3cb] Routing FlowFile[3680,92022648378677.mockFlowFile,24B] to original
[main] DEBUG org.apache.nifi.processors.standard.RouteText - RouteText[id=e191155b-3232-49bd-bfe9-6bfcf78aa3cb] Adding new dynamic property: PropertyDescriptor[simple]
[pool-4164-thread-1] INFO org.apache.nifi.processors.standard.RouteText - RouteText[id=e191155b-3232-49bd-bfe9-6bfcf78aa3cb] Created FlowFile[3683,92022649029653.mockFlowFile,24B] from FlowFile[3682,92022649029653.mockFlowFile,24B]; routing to relationship simple
[pool-4164-thread-1] INFO org.apache.nifi.processors.standard.RouteText - RouteText[id=e191155b-3232-49bd-bfe9-6bfcf78aa3cb] Routing FlowFile[3682,92022649029653.mockFlowFile,24B] to original
[main] DEBUG org.apache.nifi.processors.standard.RouteText - RouteText[id=e191155b-3232-49bd-bfe9-6bfcf78aa3cb] Adding new dynamic property: PropertyDescriptor[simple]
[pool-4165-thread-1] INFO org.apache.nifi.processors.standard.RouteText - RouteText[id=e191155b-3232-49bd-bfe9-6bfcf78aa3cb] Created FlowFile[3685,92022649647794.mockFlowFile,24B] from FlowFile[3684,92022649647794.mockFlowFile,24B]; routing to relationship simple
[pool-4165-thread-1] INFO org.apache.nifi.processors.standard.RouteText - RouteText[id=e191155b-3232-49bd-bfe9-6bfcf78aa3cb] Routing FlowFile[3684,92022649647794.mockFlowFile,24B] to original
[main] DEBUG org.apache.nifi.processors.standard.RouteText - RouteText[id=e191155b-3232-49bd-bfe9-6bfcf78aa3cb] Adding new dynamic property: PropertyDescriptor[simple]
[pool-4166-thread-1] INFO org.apache.nifi.processors.standard.RouteText - RouteText[id=e191155b-3232-49bd-bfe9-6bfcf78aa3cb] Created FlowFile[3687,92022650268358.mockFlowFile,24B] from FlowFile[3686,92022650268358.mockFlowFile,24B]; routing to relationship simple
[pool-4166-thread-1] INFO org.apache.nifi.processors.standard.RouteText - RouteText[id=e191155b-3232-49bd-bfe9-6bfcf78aa3cb] Routing FlowFile[3686,92022650268358.mockFlowFile,24B] to original
[main] DEBUG org.apache.nifi.processors.standard.RouteText - RouteText[id=e191155b-3232-49bd-bfe9-6bfcf78aa3cb] Adding new dynamic property: PropertyDescriptor[simple]
[pool-4167-thread-1] INFO org.apache.nifi.processors.standard.RouteText - RouteText[id=e191155b-3232-49bd-bfe9-6bfcf78aa3cb] Created FlowFile[3689,92022650708635.mockFlowFile,24B] from FlowFile[3688,92022650708635.mockFlowFile,24B]; routing to relationship simple
[pool-4167-thread-1] INFO org.apache.nifi.processors.standard.RouteText - RouteText[id=e191155b-3232-49bd-bfe9-6bfcf78aa3cb] Routing FlowFile[3688,92022650708635.mockFlowFile,24B] to original
[main] DEBUG org.apache.nifi.processors.standard.RouteText - RouteText[id=e191155b-3232-49bd-bfe9-6bfcf78aa3cb] Adding new dynamic property: PropertyDescriptor[simple]
[pool-4168-thread-1] INFO org.apache.nifi.processors.standard.RouteText - RouteText[id=e191155b-3232-49bd-bfe9-6bfcf78aa3cb] Created FlowFile[3691,92022651357464.mockFlowFile,24B] from FlowFile[3690,92022651357464.mockFlowFile,24B]; routing to relationship simple
[pool-4168-thread-1] INFO org.apache.nifi.processors.standard.RouteText - RouteText[id=e191155b-3232-49bd-bfe9-6bfcf78aa3cb] Routing FlowFile[3690,92022651357464.mockFlowFile,24B] to original
[main] DEBUG org.apache.nifi.processors.standard.RouteText - RouteText[id=e191155b-3232-49bd-bfe9-6bfcf78aa3cb] Adding new dynamic property: PropertyDescriptor[simple]
[pool-4169-thread-1] INFO org.apache.nifi.processors.standard.RouteText - RouteText[id=e191155b-3232-49bd-bfe9-6bfcf78aa3cb] Created FlowFile[3693,92022651883105.mockFlowFile,24B] from FlowFile[3692,92022651883105.mockFlowFile,24B]; routing to relationship simple
[pool-4169-thread-1] INFO org.apache.nifi.processors.standard.RouteText - RouteText[id=e191155b-3232-49bd-bfe9-6bfcf78aa3cb] Routing FlowFile[3692,92022651883105.mockFlowFile,24B] to original
[main] DEBUG org.apache.nifi.processors.standard.RouteText - RouteText[id=e191155b-3232-49bd-bfe9-6bfcf78aa3cb] Adding new dynamic property: PropertyDescriptor[simple]
[pool-4170-thread-1] INFO org.apache.nifi.processors.standard.RouteText - RouteText[id=e191155b-3232-49bd-bfe9-6bfcf78aa3cb] Created FlowFile[3695,92022652405557.mockFlowFile,24B] from FlowFile[3694,92022652405557.mockFlowFile,24B]; routing to relationship simple
[pool-4170-thread-1] INFO org.apache.nifi.processors.standard.RouteText - RouteText[id=e191155b-3232-49bd-bfe9-6bfcf78aa3cb] Routing FlowFile[3694,92022652405557.mockFlowFile,24B] to original
[main] DEBUG org.apache.nifi.processors.standard.RouteText - RouteText[id=e191155b-3232-49bd-bfe9-6bfcf78aa3cb] Adding new dynamic property: PropertyDescriptor[simple]
[pool-4171-thread-1] INFO org.apache.nifi.processors.standard.RouteText - RouteText[id=e191155b-3232-49bd-bfe9-6bfcf78aa3cb] Created FlowFile[3697,92022652949958.mockFlowFile,24B] from FlowFile[3696,92022652949958.mockFlowFile,24B]; routing to relationship simple
[pool-4171-thread-1] INFO org.apache.nifi.processors.standard.RouteText - RouteText[id=e191155b-3232-49bd-bfe9-6bfcf78aa3cb] Routing FlowFile[3696,92022652949958.mockFlowFile,24B] to original
[main] DEBUG org.apache.nifi.processors.standard.RouteText - RouteText[id=e191155b-3232-49bd-bfe9-6bfcf78aa3cb] Adding new dynamic property: PropertyDescriptor[simple]
[pool-4172-thread-1] INFO org.apache.nifi.processors.standard.RouteText - RouteText[id=e191155b-3232-49bd-bfe9-6bfcf78aa3cb] Created FlowFile[3699,92022653455771.mockFlowFile,24B] from FlowFile[3698,92022653455771.mockFlowFile,24B]; routing to relationship simple
[pool-4172-thread-1] INFO org.apache.nifi.processors.standard.RouteText - RouteText[id=e191155b-3232-49bd-bfe9-6bfcf78aa3cb] Routing FlowFile[3698,92022653455771.mockFlowFile,24B] to original
[main] DEBUG org.apache.nifi.processors.standard.RouteText - RouteText[id=e191155b-3232-49bd-bfe9-6bfcf78aa3cb] Adding new dynamic property: PropertyDescriptor[simple]
[pool-4173-thread-1] INFO org.apache.nifi.processors.standard.RouteText - RouteText[id=e191155b-3232-49bd-bfe9-6bfcf78aa3cb] Created FlowFile[3701,92022654180453.mockFlowFile,24B] from FlowFile[3700,92022654180453.mockFlowFile,24B]; routing to relationship simple
[pool-4173-thread-1] INFO org.apache.nifi.processors.standard.RouteText - RouteText[id=e191155b-3232-49bd-bfe9-6bfcf78aa3cb] Routing FlowFile[3700,92022654180453.mockFlowFile,24B] to original
[main] DEBUG org.apache.nifi.processors.standard.RouteText - RouteText[id=e191155b-3232-49bd-bfe9-6bfcf78aa3cb] Adding new dynamic property: PropertyDescriptor[simple]
[pool-4174-thread-1] INFO org.apache.nifi.processors.standard.RouteText - RouteText[id=e191155b-3232-49bd-bfe9-6bfcf78aa3cb] Created FlowFile[3703,92022654861793.mockFlowFile,24B] from FlowFile[3702,92022654861793.mockFlowFile,24B]; routing to relationship simple
[pool-4174-thread-1] INFO org.apache.nifi.processors.standard.RouteText - RouteText[id=e191155b-3232-49bd-bfe9-6bfcf78aa3cb] Routing FlowFile[3702,92022654861793.mockFlowFile,24B] to original
[main] DEBUG org.apache.nifi.processors.standard.RouteText - RouteText[id=e191155b-3232-49bd-bfe9-6bfcf78aa3cb] Adding new dynamic property: PropertyDescriptor[simple]
[pool-4175-thread-1] INFO org.apache.nifi.processors.standard.RouteText - RouteText[id=e191155b-3232-49bd-bfe9-6bfcf78aa3cb] Created FlowFile[3705,92022655493373.mockFlowFile,24B] from FlowFile[3704,92022655493373.mockFlowFile,24B]; routing to relationship simple
[pool-4175-thread-1] INFO org.apache.nifi.processors.standard.RouteText - RouteText[id=e191155b-3232-49bd-bfe9-6bfcf78aa3cb] Routing FlowFile[3704,92022655493373.mockFlowFile,24B] to original
[main] DEBUG org.apache.nifi.processors.standard.RouteText - RouteText[id=e191155b-3232-49bd-bfe9-6bfcf78aa3cb] Adding new dynamic property: PropertyDescriptor[simple]
[pool-4176-thread-1] INFO org.apache.nifi.processors.standard.RouteText - RouteText[id=e191155b-3232-49bd-bfe9-6bfcf78aa3cb] Created FlowFile[3707,92022656088848.mockFlowFile,24B] from FlowFile[3706,92022656088848.mockFlowFile,24B]; routing to relationship simple
[pool-4176-thread-1] INFO org.apache.nifi.processors.standard.RouteText - RouteText[id=e191155b-3232-49bd-bfe9-6bfcf78aa3cb] Routing FlowFile[3706,92022656088848.mockFlowFile,24B] to original
[main] DEBUG org.apache.nifi.processors.standard.RouteText - RouteText[id=e191155b-3232-49bd-bfe9-6bfcf78aa3cb] Adding new dynamic property: PropertyDescriptor[simple]
[pool-4177-thread-1] INFO org.apache.nifi.processors.standard.RouteText - RouteText[id=e191155b-3232-49bd-bfe9-6bfcf78aa3cb] Created FlowFile[3709,92022656715984.mockFlowFile,24B] from FlowFile[3708,92022656715984.mockFlowFile,24B]; routing to relationship simple
[pool-4177-thread-1] INFO org.apache.nifi.processors.standard.RouteText - RouteText[id=e191155b-3232-49bd-bfe9-6bfcf78aa3cb] Routing FlowFile[3708,92022656715984.mockFlowFile,24B] to original
[main] DEBUG org.apache.nifi.processors.standard.RouteText - RouteText[id=e191155b-3232-49bd-bfe9-6bfcf78aa3cb] Adding new dynamic property: PropertyDescriptor[simple]
[pool-4178-thread-1] INFO org.apache.nifi.processors.standard.RouteText - RouteText[id=e191155b-3232-49bd-bfe9-6bfcf78aa3cb] Created FlowFile[3711,92022657342803.mockFlowFile,24B] from FlowFile[3710,92022657342803.mockFlowFile,24B]; routing to relationship simple
[pool-4178-thread-1] INFO org.apache.nifi.processors.standard.RouteText - RouteText[id=e191155b-3232-49bd-bfe9-6bfcf78aa3cb] Routing FlowFile[3710,92022657342803.mockFlowFile,24B] to original
[main] DEBUG org.apache.nifi.processors.standard.RouteText - RouteText[id=e191155b-3232-49bd-bfe9-6bfcf78aa3cb] Adding new dynamic property: PropertyDescriptor[simple]
[pool-4179-thread-1] INFO org.apache.nifi.processors.standard.RouteText - RouteText[id=e191155b-3232-49bd-bfe9-6bfcf78aa3cb] Created FlowFile[3713,92022657932417.mockFlowFile,24B] from FlowFile[3712,92022657932417.mockFlowFile,24B]; routing to relationship simple
[pool-4179-thread-1] INFO org.apache.nifi.processors.standard.RouteText - RouteText[id=e191155b-3232-49bd-bfe9-6bfcf78aa3cb] Routing FlowFile[3712,92022657932417.mockFlowFile,24B] to original
[main] DEBUG org.apache.nifi.processors.standard.RouteText - RouteText[id=e191155b-3232-49bd-bfe9-6bfcf78aa3cb] Adding new dynamic property: PropertyDescriptor[simple]
[pool-4180-thread-1] INFO org.apache.nifi.processors.standard.RouteText - RouteText[id=e191155b-3232-49bd-bfe9-6bfcf78aa3cb] Created FlowFile[3715,92022658549526.mockFlowFile,24B] from FlowFile[3714,92022658549526.mockFlowFile,24B]; routing to relationship simple
[pool-4180-thread-1] INFO org.apache.nifi.processors.standard.RouteText - RouteText[id=e191155b-3232-49bd-bfe9-6bfcf78aa3cb] Routing FlowFile[3714,92022658549526.mockFlowFile,24B] to original
[main] DEBUG org.apache.nifi.processors.standard.RouteText - RouteText[id=e191155b-3232-49bd-bfe9-6bfcf78aa3cb] Adding new dynamic property: PropertyDescriptor[simple]
[pool-4181-thread-1] INFO org.apache.nifi.processors.standard.RouteText - RouteText[id=e191155b-3232-49bd-bfe9-6bfcf78aa3cb] Created FlowFile[3717,92022659001165.mockFlowFile,24B] from FlowFile[3716,92022659001165.mockFlowFile,24B]; routing to relationship simple
[pool-4181-thread-1] INFO org.apache.nifi.processors.standard.RouteText - RouteText[id=e191155b-3232-49bd-bfe9-6bfcf78aa3cb] Routing FlowFile[3716,92022659001165.mockFlowFile,24B] to original
[main] DEBUG org.apache.nifi.processors.standard.RouteText - RouteText[id=e191155b-3232-49bd-bfe9-6bfcf78aa3cb] Adding new dynamic property: PropertyDescriptor[simple]
[pool-4182-thread-1] INFO org.apache.nifi.processors.standard.RouteText - RouteText[id=e191155b-3232-49bd-bfe9-6bfcf78aa3cb] Created FlowFile[3719,92022659597226.mockFlowFile,24B] from FlowFile[3718,92022659597226.mockFlowFile,24B]; routing to relationship simple
[pool-4182-thread-1] INFO org.apache.nifi.processors.standard.RouteText - RouteText[id=e191155b-3232-49bd-bfe9-6bfcf78aa3cb] Routing FlowFile[3718,92022659597226.mockFlowFile,24B] to original
[main] DEBUG org.apache.nifi.processors.standard.RouteText - RouteText[id=e191155b-3232-49bd-bfe9-6bfcf78aa3cb] Adding new dynamic property: PropertyDescriptor[simple]
[pool-4183-thread-1] INFO org.apache.nifi.processors.standard.RouteText - RouteText[id=e191155b-3232-49bd-bfe9-6bfcf78aa3cb] Created FlowFile[3721,92022660241216.mockFlowFile,24B] from FlowFile[3720,92022660241216.mockFlowFile,24B]; routing to relationship simple
[pool-4183-thread-1] INFO org.apache.nifi.processors.standard.RouteText - RouteText[id=e191155b-3232-49bd-bfe9-6bfcf78aa3cb] Routing FlowFile[3720,92022660241216.mockFlowFile,24B] to original
[main] DEBUG org.apache.nifi.processors.standard.RouteText - RouteText[id=e191155b-3232-49bd-bfe9-6bfcf78aa3cb] Adding new dynamic property: PropertyDescriptor[simple]
[pool-4184-thread-1] INFO org.apache.nifi.processors.standard.RouteText - RouteText[id=e191155b-3232-49bd-bfe9-6bfcf78aa3cb] Created FlowFile[3723,92022660837747.mockFlowFile,24B] from FlowFile[3722,92022660837747.mockFlowFile,24B]; routing to relationship simple
[pool-4184-thread-1] INFO org.apache.nifi.processors.standard.RouteText - RouteText[id=e191155b-3232-49bd-bfe9-6bfcf78aa3cb] Routing FlowFile[3722,92022660837747.mockFlowFile,24B] to original
[main] DEBUG org.apache.nifi.processors.standard.RouteText - RouteText[id=e191155b-3232-49bd-bfe9-6bfcf78aa3cb] Adding new dynamic property: PropertyDescriptor[simple]
[pool-4185-thread-1] INFO org.apache.nifi.processors.standard.RouteText - RouteText[id=e191155b-3232-49bd-bfe9-6bfcf78aa3cb] Created FlowFile[3725,92022661373979.mockFlowFile,24B] from FlowFile[3724,92022661373979.mockFlowFile,24B]; routing to relationship simple
[pool-4185-thread-1] INFO org.apache.nifi.processors.standard.RouteText - RouteText[id=e191155b-3232-49bd-bfe9-6bfcf78aa3cb] Routing FlowFile[3724,92022661373979.mockFlowFile,24B] to original
[main] DEBUG org.apache.nifi.processors.standard.RouteText - RouteText[id=e191155b-3232-49bd-bfe9-6bfcf78aa3cb] Adding new dynamic property: PropertyDescriptor[simple]
[pool-4186-thread-1] INFO org.apache.nifi.processors.standard.RouteText - RouteText[id=e191155b-3232-49bd-bfe9-6bfcf78aa3cb] Created FlowFile[3727,92022661837674.mockFlowFile,24B] from FlowFile[3726,92022661837674.mockFlowFile,24B]; routing to relationship simple
[pool-4186-thread-1] INFO org.apache.nifi.processors.standard.RouteText - RouteText[id=e191155b-3232-49bd-bfe9-6bfcf78aa3cb] Routing FlowFile[3726,92022661837674.mockFlowFile,24B] to original
[main] DEBUG org.apache.nifi.processors.standard.RouteText - RouteText[id=e191155b-3232-49bd-bfe9-6bfcf78aa3cb] Adding new dynamic property: PropertyDescriptor[simple]
[pool-4187-thread-1] INFO org.apache.nifi.processors.standard.RouteText - RouteText[id=e191155b-3232-49bd-bfe9-6bfcf78aa3cb] Created FlowFile[3729,92022662421977.mockFlowFile,24B] from FlowFile[3728,92022662421977.mockFlowFile,24B]; routing to relationship simple
[pool-4187-thread-1] INFO org.apache.nifi.processors.standard.RouteText - RouteText[id=e191155b-3232-49bd-bfe9-6bfcf78aa3cb] Routing FlowFile[3728,92022662421977.mockFlowFile,24B] to original
[main] DEBUG org.apache.nifi.processors.standard.RouteText - RouteText[id=e191155b-3232-49bd-bfe9-6bfcf78aa3cb] Adding new dynamic property: PropertyDescriptor[simple]
[pool-4188-thread-1] INFO org.apache.nifi.processors.standard.RouteText - RouteText[id=e191155b-3232-49bd-bfe9-6bfcf78aa3cb] Created FlowFile[3731,92022662965930.mockFlowFile,24B] from FlowFile[3730,92022662965930.mockFlowFile,24B]; routing to relationship simple
[pool-4188-thread-1] INFO org.apache.nifi.processors.standard.RouteText - RouteText[id=e191155b-3232-49bd-bfe9-6bfcf78aa3cb] Routing FlowFile[3730,92022662965930.mockFlowFile,24B] to original
[main] DEBUG org.apache.nifi.processors.standard.RouteText - RouteText[id=e191155b-3232-49bd-bfe9-6bfcf78aa3cb] Adding new dynamic property: PropertyDescriptor[simple]
[pool-4189-thread-1] INFO org.apache.nifi.processors.standard.RouteText - RouteText[id=e191155b-3232-49bd-bfe9-6bfcf78aa3cb] Created FlowFile[3733,92022663506004.mockFlowFile,24B] from FlowFile[3732,92022663506004.mockFlowFile,24B]; routing to relationship simple
[pool-4189-thread-1] INFO org.apache.nifi.processors.standard.RouteText - RouteText[id=e191155b-3232-49bd-bfe9-6bfcf78aa3cb] Routing FlowFile[3732,92022663506004.mockFlowFile,24B] to original
[main] DEBUG org.apache.nifi.processors.standard.RouteText - RouteText[id=e191155b-3232-49bd-bfe9-6bfcf78aa3cb] Adding new dynamic property: PropertyDescriptor[simple]
[pool-4190-thread-1] INFO org.apache.nifi.processors.standard.RouteText - RouteText[id=e191155b-3232-49bd-bfe9-6bfcf78aa3cb] Created FlowFile[3735,92022664036102.mockFlowFile,24B] from FlowFile[3734,92022664036102.mockFlowFile,24B]; routing to relationship simple
[pool-4190-thread-1] INFO org.apache.nifi.processors.standard.RouteText - RouteText[id=e191155b-3232-49bd-bfe9-6bfcf78aa3cb] Routing FlowFile[3734,92022664036102.mockFlowFile,24B] to original
[main] DEBUG org.apache.nifi.processors.standard.RouteText - RouteText[id=e191155b-3232-49bd-bfe9-6bfcf78aa3cb] Adding new dynamic property: PropertyDescriptor[simple]
[pool-4191-thread-1] INFO org.apache.nifi.processors.standard.RouteText - RouteText[id=e191155b-3232-49bd-bfe9-6bfcf78aa3cb] Created FlowFile[3737,92022664617732.mockFlowFile,24B] from FlowFile[3736,92022664617732.mockFlowFile,24B]; routing to relationship simple
[pool-4191-thread-1] INFO org.apache.nifi.processors.standard.RouteText - RouteText[id=e191155b-3232-49bd-bfe9-6bfcf78aa3cb] Routing FlowFile[3736,92022664617732.mockFlowFile,24B] to original
[main] DEBUG org.apache.nifi.processors.standard.RouteText - RouteText[id=e191155b-3232-49bd-bfe9-6bfcf78aa3cb] Adding new dynamic property: PropertyDescriptor[simple]
[pool-4192-thread-1] INFO org.apache.nifi.processors.standard.RouteText - RouteText[id=e191155b-3232-49bd-bfe9-6bfcf78aa3cb] Created FlowFile[3739,92022665182286.mockFlowFile,24B] from FlowFile[3738,92022665182286.mockFlowFile,24B]; routing to relationship simple
[pool-4192-thread-1] INFO org.apache.nifi.processors.standard.RouteText - RouteText[id=e191155b-3232-49bd-bfe9-6bfcf78aa3cb] Routing FlowFile[3738,92022665182286.mockFlowFile,24B] to original
[main] DEBUG org.apache.nifi.processors.standard.RouteText - RouteText[id=e191155b-3232-49bd-bfe9-6bfcf78aa3cb] Adding new dynamic property: PropertyDescriptor[simple]
[pool-4193-thread-1] INFO org.apache.nifi.processors.standard.RouteText - RouteText[id=e191155b-3232-49bd-bfe9-6bfcf78aa3cb] Created FlowFile[3741,92022665756349.mockFlowFile,24B] from FlowFile[3740,92022665756349.mockFlowFile,24B]; routing to relationship simple
[pool-4193-thread-1] INFO org.apache.nifi.processors.standard.RouteText - RouteText[id=e191155b-3232-49bd-bfe9-6bfcf78aa3cb] Routing FlowFile[3740,92022665756349.mockFlowFile,24B] to original
[main] DEBUG org.apache.nifi.processors.standard.RouteText - RouteText[id=e191155b-3232-49bd-bfe9-6bfcf78aa3cb] Adding new dynamic property: PropertyDescriptor[simple]
[pool-4194-thread-1] INFO org.apache.nifi.processors.standard.RouteText - RouteText[id=e191155b-3232-49bd-bfe9-6bfcf78aa3cb] Created FlowFile[3743,92022666283998.mockFlowFile,24B] from FlowFile[3742,92022666283998.mockFlowFile,24B]; routing to relationship simple
[pool-4194-thread-1] INFO org.apache.nifi.processors.standard.RouteText - RouteText[id=e191155b-3232-49bd-bfe9-6bfcf78aa3cb] Routing FlowFile[3742,92022666283998.mockFlowFile,24B] to original
[main] DEBUG org.apache.nifi.processors.standard.RouteText - RouteText[id=e191155b-3232-49bd-bfe9-6bfcf78aa3cb] Adding new dynamic property: PropertyDescriptor[simple]
[pool-4195-thread-1] INFO org.apache.nifi.processors.standard.RouteText - RouteText[id=e191155b-3232-49bd-bfe9-6bfcf78aa3cb] Created FlowFile[3745,92022666764038.mockFlowFile,24B] from FlowFile[3744,92022666764038.mockFlowFile,24B]; routing to relationship simple
[pool-4195-thread-1] INFO org.apache.nifi.processors.standard.RouteText - RouteText[id=e191155b-3232-49bd-bfe9-6bfcf78aa3cb] Routing FlowFile[3744,92022666764038.mockFlowFile,24B] to original
[main] DEBUG org.apache.nifi.processors.standard.RouteText - RouteText[id=e191155b-3232-49bd-bfe9-6bfcf78aa3cb] Adding new dynamic property: PropertyDescriptor[simple]
[pool-4196-thread-1] INFO org.apache.nifi.processors.standard.RouteText - RouteText[id=e191155b-3232-49bd-bfe9-6bfcf78aa3cb] Created FlowFile[3747,92022667287469.mockFlowFile,24B] from FlowFile[3746,92022667287469.mockFlowFile,24B]; routing to relationship simple
[pool-4196-thread-1] INFO org.apache.nifi.processors.standard.RouteText - RouteText[id=e191155b-3232-49bd-bfe9-6bfcf78aa3cb] Routing FlowFile[3746,92022667287469.mockFlowFile,24B] to original
[main] DEBUG org.apache.nifi.processors.standard.RouteText - RouteText[id=e191155b-3232-49bd-bfe9-6bfcf78aa3cb] Adding new dynamic property: PropertyDescriptor[simple]
[pool-4197-thread-1] INFO org.apache.nifi.processors.standard.RouteText - RouteText[id=e191155b-3232-49bd-bfe9-6bfcf78aa3cb] Created FlowFile[3749,92022667792588.mockFlowFile,24B] from FlowFile[3748,92022667792588.mockFlowFile,24B]; routing to relationship simple
[pool-4197-thread-1] INFO org.apache.nifi.processors.standard.RouteText - RouteText[id=e191155b-3232-49bd-bfe9-6bfcf78aa3cb] Routing FlowFile[3748,92022667792588.mockFlowFile,24B] to original
[main] DEBUG org.apache.nifi.processors.standard.RouteText - RouteText[id=e191155b-3232-49bd-bfe9-6bfcf78aa3cb] Adding new dynamic property: PropertyDescriptor[simple]
[pool-4198-thread-1] INFO org.apache.nifi.processors.standard.RouteText - RouteText[id=e191155b-3232-49bd-bfe9-6bfcf78aa3cb] Created FlowFile[3751,92022668393809.mockFlowFile,24B] from FlowFile[3750,92022668393809.mockFlowFile,24B]; routing to relationship simple
[pool-4198-thread-1] INFO org.apache.nifi.processors.standard.RouteText - RouteText[id=e191155b-3232-49bd-bfe9-6bfcf78aa3cb] Routing FlowFile[3750,92022668393809.mockFlowFile,24B] to original
[main] DEBUG org.apache.nifi.processors.standard.RouteText - RouteText[id=e191155b-3232-49bd-bfe9-6bfcf78aa3cb] Adding new dynamic property: PropertyDescriptor[simple]
[pool-4199-thread-1] INFO org.apache.nifi.processors.standard.RouteText - RouteText[id=e191155b-3232-49bd-bfe9-6bfcf78aa3cb] Created FlowFile[3753,92022668976564.mockFlowFile,24B] from FlowFile[3752,92022668976564.mockFlowFile,24B]; routing to relationship simple
[pool-4199-thread-1] INFO org.apache.nifi.processors.standard.RouteText - RouteText[id=e191155b-3232-49bd-bfe9-6bfcf78aa3cb] Routing FlowFile[3752,92022668976564.mockFlowFile,24B] to original
[main] DEBUG org.apache.nifi.processors.standard.RouteText - RouteText[id=e191155b-3232-49bd-bfe9-6bfcf78aa3cb] Adding new dynamic property: PropertyDescriptor[simple]
[pool-4200-thread-1] INFO org.apache.nifi.processors.standard.RouteText - RouteText[id=e191155b-3232-49bd-bfe9-6bfcf78aa3cb] Created FlowFile[3755,92022669524379.mockFlowFile,24B] from FlowFile[3754,92022669524379.mockFlowFile,24B]; routing to relationship simple
[pool-4200-thread-1] INFO org.apache.nifi.processors.standard.RouteText - RouteText[id=e191155b-3232-49bd-bfe9-6bfcf78aa3cb] Routing FlowFile[3754,92022669524379.mockFlowFile,24B] to original
[main] DEBUG org.apache.nifi.processors.standard.RouteText - RouteText[id=e191155b-3232-49bd-bfe9-6bfcf78aa3cb] Adding new dynamic property: PropertyDescriptor[simple]
[pool-4201-thread-1] INFO org.apache.nifi.processors.standard.RouteText - RouteText[id=e191155b-3232-49bd-bfe9-6bfcf78aa3cb] Created FlowFile[3757,92022670048442.mockFlowFile,24B] from FlowFile[3756,92022670048442.mockFlowFile,24B]; routing to relationship simple
[pool-4201-thread-1] INFO org.apache.nifi.processors.standard.RouteText - RouteText[id=e191155b-3232-49bd-bfe9-6bfcf78aa3cb] Routing FlowFile[3756,92022670048442.mockFlowFile,24B] to original
[main] DEBUG org.apache.nifi.processors.standard.RouteText - RouteText[id=e191155b-3232-49bd-bfe9-6bfcf78aa3cb] Adding new dynamic property: PropertyDescriptor[simple]
[pool-4202-thread-1] INFO org.apache.nifi.processors.standard.RouteText - RouteText[id=e191155b-3232-49bd-bfe9-6bfcf78aa3cb] Created FlowFile[3759,92022670486759.mockFlowFile,24B] from FlowFile[3758,92022670486759.mockFlowFile,24B]; routing to relationship simple
[pool-4202-thread-1] INFO org.apache.nifi.processors.standard.RouteText - RouteText[id=e191155b-3232-49bd-bfe9-6bfcf78aa3cb] Routing FlowFile[3758,92022670486759.mockFlowFile,24B] to original
[main] DEBUG org.apache.nifi.processors.standard.RouteText - RouteText[id=e191155b-3232-49bd-bfe9-6bfcf78aa3cb] Adding new dynamic property: PropertyDescriptor[simple]
[pool-4203-thread-1] INFO org.apache.nifi.processors.standard.RouteText - RouteText[id=e191155b-3232-49bd-bfe9-6bfcf78aa3cb] Created FlowFile[3761,92022670917447.mockFlowFile,24B] from FlowFile[3760,92022670917447.mockFlowFile,24B]; routing to relationship simple
[pool-4203-thread-1] INFO org.apache.nifi.processors.standard.RouteText - RouteText[id=e191155b-3232-49bd-bfe9-6bfcf78aa3cb] Routing FlowFile[3760,92022670917447.mockFlowFile,24B] to original
[main] DEBUG org.apache.nifi.processors.standard.RouteText - RouteText[id=e191155b-3232-49bd-bfe9-6bfcf78aa3cb] Adding new dynamic property: PropertyDescriptor[simple]
[pool-4204-thread-1] INFO org.apache.nifi.processors.standard.RouteText - RouteText[id=e191155b-3232-49bd-bfe9-6bfcf78aa3cb] Created FlowFile[3763,92022671441859.mockFlowFile,24B] from FlowFile[3762,92022671441859.mockFlowFile,24B]; routing to relationship simple
[pool-4204-thread-1] INFO org.apache.nifi.processors.standard.RouteText - RouteText[id=e191155b-3232-49bd-bfe9-6bfcf78aa3cb] Routing FlowFile[3762,92022671441859.mockFlowFile,24B] to original
[main] DEBUG org.apache.nifi.processors.standard.RouteText - RouteText[id=e191155b-3232-49bd-bfe9-6bfcf78aa3cb] Adding new dynamic property: PropertyDescriptor[simple]
[pool-4205-thread-1] INFO org.apache.nifi.processors.standard.RouteText - RouteText[id=e191155b-3232-49bd-bfe9-6bfcf78aa3cb] Created FlowFile[3765,92022671996469.mockFlowFile,24B] from FlowFile[3764,92022671996469.mockFlowFile,24B]; routing to relationship simple
[pool-4205-thread-1] INFO org.apache.nifi.processors.standard.RouteText - RouteText[id=e191155b-3232-49bd-bfe9-6bfcf78aa3cb] Routing FlowFile[3764,92022671996469.mockFlowFile,24B] to original
[main] DEBUG org.apache.nifi.processors.standard.RouteText - RouteText[id=e191155b-3232-49bd-bfe9-6bfcf78aa3cb] Adding new dynamic property: PropertyDescriptor[simple]
[pool-4206-thread-1] INFO org.apache.nifi.processors.standard.RouteText - RouteText[id=e191155b-3232-49bd-bfe9-6bfcf78aa3cb] Created FlowFile[3767,92022672599219.mockFlowFile,24B] from FlowFile[3766,92022672599219.mockFlowFile,24B]; routing to relationship simple
[pool-4206-thread-1] INFO org.apache.nifi.processors.standard.RouteText - RouteText[id=e191155b-3232-49bd-bfe9-6bfcf78aa3cb] Routing FlowFile[3766,92022672599219.mockFlowFile,24B] to original
[main] DEBUG org.apache.nifi.processors.standard.RouteText - RouteText[id=e191155b-3232-49bd-bfe9-6bfcf78aa3cb] Adding new dynamic property: PropertyDescriptor[simple]
[pool-4207-thread-1] INFO org.apache.nifi.processors.standard.RouteText - RouteText[id=e191155b-3232-49bd-bfe9-6bfcf78aa3cb] Created FlowFile[3769,92022673202204.mockFlowFile,24B] from FlowFile[3768,92022673202204.mockFlowFile,24B]; routing to relationship simple
[pool-4207-thread-1] INFO org.apache.nifi.processors.standard.RouteText - RouteText[id=e191155b-3232-49bd-bfe9-6bfcf78aa3cb] Routing FlowFile[3768,92022673202204.mockFlowFile,24B] to original
[main] DEBUG org.apache.nifi.processors.standard.RouteText - RouteText[id=e191155b-3232-49bd-bfe9-6bfcf78aa3cb] Adding new dynamic property: PropertyDescriptor[simple]
[pool-4208-thread-1] INFO org.apache.nifi.processors.standard.RouteText - RouteText[id=e191155b-3232-49bd-bfe9-6bfcf78aa3cb] Created FlowFile[3771,92022673747094.mockFlowFile,24B] from FlowFile[3770,92022673747094.mockFlowFile,24B]; routing to relationship simple
[pool-4208-thread-1] INFO org.apache.nifi.processors.standard.RouteText - RouteText[id=e191155b-3232-49bd-bfe9-6bfcf78aa3cb] Routing FlowFile[3770,92022673747094.mockFlowFile,24B] to original
[main] DEBUG org.apache.nifi.processors.standard.RouteText - RouteText[id=e191155b-3232-49bd-bfe9-6bfcf78aa3cb] Adding new dynamic property: PropertyDescriptor[simple]
[pool-4209-thread-1] INFO org.apache.nifi.processors.standard.RouteText - RouteText[id=e191155b-3232-49bd-bfe9-6bfcf78aa3cb] Created FlowFile[3773,92022674299324.mockFlowFile,24B] from FlowFile[3772,92022674299324.mockFlowFile,24B]; routing to relationship simple
[pool-4209-thread-1] INFO org.apache.nifi.processors.standard.RouteText - RouteText[id=e191155b-3232-49bd-bfe9-6bfcf78aa3cb] Routing FlowFile[3772,92022674299324.mockFlowFile,24B] to original
[main] DEBUG org.apache.nifi.processors.standard.RouteText - RouteText[id=e191155b-3232-49bd-bfe9-6bfcf78aa3cb] Adding new dynamic property: PropertyDescriptor[simple]
[pool-4210-thread-1] INFO org.apache.nifi.processors.standard.RouteText - RouteText[id=e191155b-3232-49bd-bfe9-6bfcf78aa3cb] Created FlowFile[3775,92022674760794.mockFlowFile,24B] from FlowFile[3774,92022674760794.mockFlowFile,24B]; routing to relationship simple
[pool-4210-thread-1] INFO org.apache.nifi.processors.standard.RouteText - RouteText[id=e191155b-3232-49bd-bfe9-6bfcf78aa3cb] Routing FlowFile[3774,92022674760794.mockFlowFile,24B] to original
[main] DEBUG org.apache.nifi.processors.standard.RouteText - RouteText[id=e191155b-3232-49bd-bfe9-6bfcf78aa3cb] Adding new dynamic property: PropertyDescriptor[simple]
[pool-4211-thread-1] INFO org.apache.nifi.processors.standard.RouteText - RouteText[id=e191155b-3232-49bd-bfe9-6bfcf78aa3cb] Created FlowFile[3777,92022675299782.mockFlowFile,24B] from FlowFile[3776,92022675299782.mockFlowFile,24B]; routing to relationship simple
[pool-4211-thread-1] INFO org.apache.nifi.processors.standard.RouteText - RouteText[id=e191155b-3232-49bd-bfe9-6bfcf78aa3cb] Routing FlowFile[3776,92022675299782.mockFlowFile,24B] to original
[main] DEBUG org.apache.nifi.processors.standard.RouteText - RouteText[id=e191155b-3232-49bd-bfe9-6bfcf78aa3cb] Adding new dynamic property: PropertyDescriptor[simple]
[pool-4212-thread-1] INFO org.apache.nifi.processors.standard.RouteText - RouteText[id=e191155b-3232-49bd-bfe9-6bfcf78aa3cb] Created FlowFile[3779,92022675903146.mockFlowFile,24B] from FlowFile[3778,92022675903146.mockFlowFile,24B]; routing to relationship simple
[pool-4212-thread-1] INFO org.apache.nifi.processors.standard.RouteText - RouteText[id=e191155b-3232-49bd-bfe9-6bfcf78aa3cb] Routing FlowFile[3778,92022675903146.mockFlowFile,24B] to original
[main] DEBUG org.apache.nifi.processors.standard.RouteText - RouteText[id=e191155b-3232-49bd-bfe9-6bfcf78aa3cb] Adding new dynamic property: PropertyDescriptor[simple]
[pool-4213-thread-1] INFO org.apache.nifi.processors.standard.RouteText - RouteText[id=e191155b-3232-49bd-bfe9-6bfcf78aa3cb] Created FlowFile[3781,92022676490402.mockFlowFile,24B] from FlowFile[3780,92022676490402.mockFlowFile,24B]; routing to relationship simple
[pool-4213-thread-1] INFO org.apache.nifi.processors.standard.RouteText - RouteText[id=e191155b-3232-49bd-bfe9-6bfcf78aa3cb] Routing FlowFile[3780,92022676490402.mockFlowFile,24B] to original
[main] DEBUG org.apache.nifi.processors.standard.RouteText - RouteText[id=e191155b-3232-49bd-bfe9-6bfcf78aa3cb] Adding new dynamic property: PropertyDescriptor[simple]
[pool-4214-thread-1] INFO org.apache.nifi.processors.standard.RouteText - RouteText[id=e191155b-3232-49bd-bfe9-6bfcf78aa3cb] Created FlowFile[3783,92022677044635.mockFlowFile,24B] from FlowFile[3782,92022677044635.mockFlowFile,24B]; routing to relationship simple
[pool-4214-thread-1] INFO org.apache.nifi.processors.standard.RouteText - RouteText[id=e191155b-3232-49bd-bfe9-6bfcf78aa3cb] Routing FlowFile[3782,92022677044635.mockFlowFile,24B] to original
[main] DEBUG org.apache.nifi.processors.standard.RouteText - RouteText[id=e191155b-3232-49bd-bfe9-6bfcf78aa3cb] Adding new dynamic property: PropertyDescriptor[simple]
[pool-4215-thread-1] INFO org.apache.nifi.processors.standard.RouteText - RouteText[id=e191155b-3232-49bd-bfe9-6bfcf78aa3cb] Created FlowFile[3785,92022677577855.mockFlowFile,24B] from FlowFile[3784,92022677577855.mockFlowFile,24B]; routing to relationship simple
[pool-4215-thread-1] INFO org.apache.nifi.processors.standard.RouteText - RouteText[id=e191155b-3232-49bd-bfe9-6bfcf78aa3cb] Routing FlowFile[3784,92022677577855.mockFlowFile,24B] to original
[main] DEBUG org.apache.nifi.processors.standard.RouteText - RouteText[id=e191155b-3232-49bd-bfe9-6bfcf78aa3cb] Adding new dynamic property: PropertyDescriptor[simple]
[pool-4216-thread-1] INFO org.apache.nifi.processors.standard.RouteText - RouteText[id=e191155b-3232-49bd-bfe9-6bfcf78aa3cb] Created FlowFile[3787,92022678100487.mockFlowFile,24B] from FlowFile[3786,92022678100487.mockFlowFile,24B]; routing to relationship simple
[pool-4216-thread-1] INFO org.apache.nifi.processors.standard.RouteText - RouteText[id=e191155b-3232-49bd-bfe9-6bfcf78aa3cb] Routing FlowFile[3786,92022678100487.mockFlowFile,24B] to original
[main] DEBUG org.apache.nifi.processors.standard.RouteText - RouteText[id=e191155b-3232-49bd-bfe9-6bfcf78aa3cb] Adding new dynamic property: PropertyDescriptor[simple]
[pool-4217-thread-1] INFO org.apache.nifi.processors.standard.RouteText - RouteText[id=e191155b-3232-49bd-bfe9-6bfcf78aa3cb] Created FlowFile[3789,92022678520658.mockFlowFile,24B] from FlowFile[3788,92022678520658.mockFlowFile,24B]; routing to relationship simple
[pool-4217-thread-1] INFO org.apache.nifi.processors.standard.RouteText - RouteText[id=e191155b-3232-49bd-bfe9-6bfcf78aa3cb] Routing FlowFile[3788,92022678520658.mockFlowFile,24B] to original
[main] DEBUG org.apache.nifi.processors.standard.RouteText - RouteText[id=e191155b-3232-49bd-bfe9-6bfcf78aa3cb] Adding new dynamic property: PropertyDescriptor[simple]
[pool-4218-thread-1] INFO org.apache.nifi.processors.standard.RouteText - RouteText[id=e191155b-3232-49bd-bfe9-6bfcf78aa3cb] Created FlowFile[3791,92022678945011.mockFlowFile,24B] from FlowFile[3790,92022678945011.mockFlowFile,24B]; routing to relationship simple
[pool-4218-thread-1] INFO org.apache.nifi.processors.standard.RouteText - RouteText[id=e191155b-3232-49bd-bfe9-6bfcf78aa3cb] Routing FlowFile[3790,92022678945011.mockFlowFile,24B] to original
[main] DEBUG org.apache.nifi.processors.standard.RouteText - RouteText[id=e191155b-3232-49bd-bfe9-6bfcf78aa3cb] Adding new dynamic property: PropertyDescriptor[simple]
[pool-4219-thread-1] INFO org.apache.nifi.processors.standard.RouteText - RouteText[id=e191155b-3232-49bd-bfe9-6bfcf78aa3cb] Created FlowFile[3793,92022679438483.mockFlowFile,24B] from FlowFile[3792,92022679438483.mockFlowFile,24B]; routing to relationship simple
[pool-4219-thread-1] INFO org.apache.nifi.processors.standard.RouteText - RouteText[id=e191155b-3232-49bd-bfe9-6bfcf78aa3cb] Routing FlowFile[3792,92022679438483.mockFlowFile,24B] to original
[main] DEBUG org.apache.nifi.processors.standard.RouteText - RouteText[id=e191155b-3232-49bd-bfe9-6bfcf78aa3cb] Adding new dynamic property: PropertyDescriptor[simple]
[pool-4220-thread-1] INFO org.apache.nifi.processors.standard.RouteText - RouteText[id=e191155b-3232-49bd-bfe9-6bfcf78aa3cb] Created FlowFile[3795,92022679906765.mockFlowFile,24B] from FlowFile[3794,92022679906765.mockFlowFile,24B]; routing to relationship simple
[pool-4220-thread-1] INFO org.apache.nifi.processors.standard.RouteText - RouteText[id=e191155b-3232-49bd-bfe9-6bfcf78aa3cb] Routing FlowFile[3794,92022679906765.mockFlowFile,24B] to original
[main] DEBUG org.apache.nifi.processors.standard.RouteText - RouteText[id=e191155b-3232-49bd-bfe9-6bfcf78aa3cb] Adding new dynamic property: PropertyDescriptor[simple]
[pool-4221-thread-1] INFO org.apache.nifi.processors.standard.RouteText - RouteText[id=e191155b-3232-49bd-bfe9-6bfcf78aa3cb] Created FlowFile[3797,92022680433172.mockFlowFile,24B] from FlowFile[3796,92022680433172.mockFlowFile,24B]; routing to relationship simple
[pool-4221-thread-1] INFO org.apache.nifi.processors.standard.RouteText - RouteText[id=e191155b-3232-49bd-bfe9-6bfcf78aa3cb] Routing FlowFile[3796,92022680433172.mockFlowFile,24B] to original
[main] DEBUG org.apache.nifi.processors.standard.RouteText - RouteText[id=e191155b-3232-49bd-bfe9-6bfcf78aa3cb] Adding new dynamic property: PropertyDescriptor[simple]
[pool-4222-thread-1] INFO org.apache.nifi.processors.standard.RouteText - RouteText[id=e191155b-3232-49bd-bfe9-6bfcf78aa3cb] Created FlowFile[3799,92022681002518.mockFlowFile,24B] from FlowFile[3798,92022681002518.mockFlowFile,24B]; routing to relationship simple
[pool-4222-thread-1] INFO org.apache.nifi.processors.standard.RouteText - RouteText[id=e191155b-3232-49bd-bfe9-6bfcf78aa3cb] Routing FlowFile[3798,92022681002518.mockFlowFile,24B] to original
[main] DEBUG org.apache.nifi.processors.standard.RouteText - RouteText[id=e191155b-3232-49bd-bfe9-6bfcf78aa3cb] Adding new dynamic property: PropertyDescriptor[simple]
[pool-4223-thread-1] INFO org.apache.nifi.processors.standard.RouteText - RouteText[id=e191155b-3232-49bd-bfe9-6bfcf78aa3cb] Created FlowFile[3801,92022681537551.mockFlowFile,24B] from FlowFile[3800,92022681537551.mockFlowFile,24B]; routing to relationship simple
[pool-4223-thread-1] INFO org.apache.nifi.processors.standard.RouteText - RouteText[id=e191155b-3232-49bd-bfe9-6bfcf78aa3cb] Routing FlowFile[3800,92022681537551.mockFlowFile,24B] to original
[main] DEBUG org.apache.nifi.processors.standard.RouteText - RouteText[id=e191155b-3232-49bd-bfe9-6bfcf78aa3cb] Adding new dynamic property: PropertyDescriptor[simple]
[pool-4224-thread-1] INFO org.apache.nifi.processors.standard.RouteText - RouteText[id=e191155b-3232-49bd-bfe9-6bfcf78aa3cb] Created FlowFile[3803,92022682035355.mockFlowFile,24B] from FlowFile[3802,92022682035355.mockFlowFile,24B]; routing to relationship simple
[pool-4224-thread-1] INFO org.apache.nifi.processors.standard.RouteText - RouteText[id=e191155b-3232-49bd-bfe9-6bfcf78aa3cb] Routing FlowFile[3802,92022682035355.mockFlowFile,24B] to original
[main] DEBUG org.apache.nifi.processors.standard.RouteText - RouteText[id=e191155b-3232-49bd-bfe9-6bfcf78aa3cb] Adding new dynamic property: PropertyDescriptor[simple]
[pool-4225-thread-1] INFO org.apache.nifi.processors.standard.RouteText - RouteText[id=e191155b-3232-49bd-bfe9-6bfcf78aa3cb] Created FlowFile[3805,92022682457373.mockFlowFile,24B] from FlowFile[3804,92022682457373.mockFlowFile,24B]; routing to relationship simple
[pool-4225-thread-1] INFO org.apache.nifi.processors.standard.RouteText - RouteText[id=e191155b-3232-49bd-bfe9-6bfcf78aa3cb] Routing FlowFile[3804,92022682457373.mockFlowFile,24B] to original
[main] DEBUG org.apache.nifi.processors.standard.RouteText - RouteText[id=e191155b-3232-49bd-bfe9-6bfcf78aa3cb] Adding new dynamic property: PropertyDescriptor[simple]
[pool-4226-thread-1] INFO org.apache.nifi.processors.standard.RouteText - RouteText[id=e191155b-3232-49bd-bfe9-6bfcf78aa3cb] Created FlowFile[3807,92022682871571.mockFlowFile,24B] from FlowFile[3806,92022682871571.mockFlowFile,24B]; routing to relationship simple
[pool-4226-thread-1] INFO org.apache.nifi.processors.standard.RouteText - RouteText[id=e191155b-3232-49bd-bfe9-6bfcf78aa3cb] Routing FlowFile[3806,92022682871571.mockFlowFile,24B] to original
[main] DEBUG org.apache.nifi.processors.standard.RouteText - RouteText[id=e191155b-3232-49bd-bfe9-6bfcf78aa3cb] Adding new dynamic property: PropertyDescriptor[simple]
[pool-4227-thread-1] INFO org.apache.nifi.processors.standard.RouteText - RouteText[id=e191155b-3232-49bd-bfe9-6bfcf78aa3cb] Created FlowFile[3809,92022683369064.mockFlowFile,24B] from FlowFile[3808,92022683369064.mockFlowFile,24B]; routing to relationship simple
[pool-4227-thread-1] INFO org.apache.nifi.processors.standard.RouteText - RouteText[id=e191155b-3232-49bd-bfe9-6bfcf78aa3cb] Routing FlowFile[3808,92022683369064.mockFlowFile,24B] to original
[main] DEBUG org.apache.nifi.processors.standard.RouteText - RouteText[id=e191155b-3232-49bd-bfe9-6bfcf78aa3cb] Adding new dynamic property: PropertyDescriptor[simple]
[pool-4228-thread-1] INFO org.apache.nifi.processors.standard.RouteText - RouteText[id=e191155b-3232-49bd-bfe9-6bfcf78aa3cb] Created FlowFile[3811,92022683766317.mockFlowFile,24B] from FlowFile[3810,92022683766317.mockFlowFile,24B]; routing to relationship simple
[pool-4228-thread-1] INFO org.apache.nifi.processors.standard.RouteText - RouteText[id=e191155b-3232-49bd-bfe9-6bfcf78aa3cb] Routing FlowFile[3810,92022683766317.mockFlowFile,24B] to original
[main] DEBUG org.apache.nifi.processors.standard.RouteText - RouteText[id=e191155b-3232-49bd-bfe9-6bfcf78aa3cb] Adding new dynamic property: PropertyDescriptor[simple]
[pool-4229-thread-1] INFO org.apache.nifi.processors.standard.RouteText - RouteText[id=e191155b-3232-49bd-bfe9-6bfcf78aa3cb] Created FlowFile[3813,92022684174885.mockFlowFile,24B] from FlowFile[3812,92022684174885.mockFlowFile,24B]; routing to relationship simple
[pool-4229-thread-1] INFO org.apache.nifi.processors.standard.RouteText - RouteText[id=e191155b-3232-49bd-bfe9-6bfcf78aa3cb] Routing FlowFile[3812,92022684174885.mockFlowFile,24B] to original
[main] DEBUG org.apache.nifi.processors.standard.RouteText - RouteText[id=e191155b-3232-49bd-bfe9-6bfcf78aa3cb] Adding new dynamic property: PropertyDescriptor[simple]
[pool-4230-thread-1] INFO org.apache.nifi.processors.standard.RouteText - RouteText[id=e191155b-3232-49bd-bfe9-6bfcf78aa3cb] Created FlowFile[3815,92022684732129.mockFlowFile,24B] from FlowFile[3814,92022684732129.mockFlowFile,24B]; routing to relationship simple
[pool-4230-thread-1] INFO org.apache.nifi.processors.standard.RouteText - RouteText[id=e191155b-3232-49bd-bfe9-6bfcf78aa3cb] Routing FlowFile[3814,92022684732129.mockFlowFile,24B] to original
[main] DEBUG org.apache.nifi.processors.standard.RouteText - RouteText[id=e191155b-3232-49bd-bfe9-6bfcf78aa3cb] Adding new dynamic property: PropertyDescriptor[simple]
[pool-4231-thread-1] INFO org.apache.nifi.processors.standard.RouteText - RouteText[id=e191155b-3232-49bd-bfe9-6bfcf78aa3cb] Created FlowFile[3817,92022685254012.mockFlowFile,24B] from FlowFile[3816,92022685254012.mockFlowFile,24B]; routing to relationship simple
[pool-4231-thread-1] INFO org.apache.nifi.processors.standard.RouteText - RouteText[id=e191155b-3232-49bd-bfe9-6bfcf78aa3cb] Routing FlowFile[3816,92022685254012.mockFlowFile,24B] to original
[main] DEBUG org.apache.nifi.processors.standard.RouteText - RouteText[id=e191155b-3232-49bd-bfe9-6bfcf78aa3cb] Adding new dynamic property: PropertyDescriptor[simple]
[pool-4232-thread-1] INFO org.apache.nifi.processors.standard.RouteText - RouteText[id=e191155b-3232-49bd-bfe9-6bfcf78aa3cb] Created FlowFile[3819,92022685754381.mockFlowFile,24B] from FlowFile[3818,92022685754381.mockFlowFile,24B]; routing to relationship simple
[pool-4232-thread-1] INFO org.apache.nifi.processors.standard.RouteText - RouteText[id=e191155b-3232-49bd-bfe9-6bfcf78aa3cb] Routing FlowFile[3818,92022685754381.mockFlowFile,24B] to original
[main] DEBUG org.apache.nifi.processors.standard.RouteText - RouteText[id=e191155b-3232-49bd-bfe9-6bfcf78aa3cb] Adding new dynamic property: PropertyDescriptor[simple]
[pool-4233-thread-1] INFO org.apache.nifi.processors.standard.RouteText - RouteText[id=e191155b-3232-49bd-bfe9-6bfcf78aa3cb] Created FlowFile[3821,92022686173015.mockFlowFile,24B] from FlowFile[3820,92022686173015.mockFlowFile,24B]; routing to relationship simple
[pool-4233-thread-1] INFO org.apache.nifi.processors.standard.RouteText - RouteText[id=e191155b-3232-49bd-bfe9-6bfcf78aa3cb] Routing FlowFile[3820,92022686173015.mockFlowFile,24B] to original
[main] DEBUG org.apache.nifi.processors.standard.RouteText - RouteText[id=e191155b-3232-49bd-bfe9-6bfcf78aa3cb] Adding new dynamic property: PropertyDescriptor[simple]
[pool-4234-thread-1] INFO org.apache.nifi.processors.standard.RouteText - RouteText[id=e191155b-3232-49bd-bfe9-6bfcf78aa3cb] Created FlowFile[3823,92022686586591.mockFlowFile,24B] from FlowFile[3822,92022686586591.mockFlowFile,24B]; routing to relationship simple
[pool-4234-thread-1] INFO org.apache.nifi.processors.standard.RouteText - RouteText[id=e191155b-3232-49bd-bfe9-6bfcf78aa3cb] Routing FlowFile[3822,92022686586591.mockFlowFile,24B] to original
[main] DEBUG org.apache.nifi.processors.standard.RouteText - RouteText[id=e191155b-3232-49bd-bfe9-6bfcf78aa3cb] Adding new dynamic property: PropertyDescriptor[simple]
[pool-4235-thread-1] INFO org.apache.nifi.processors.standard.RouteText - RouteText[id=e191155b-3232-49bd-bfe9-6bfcf78aa3cb] Created FlowFile[3825,92022686996957.mockFlowFile,24B] from FlowFile[3824,92022686996957.mockFlowFile,24B]; routing to relationship simple
[pool-4235-thread-1] INFO org.apache.nifi.processors.standard.RouteText - RouteText[id=e191155b-3232-49bd-bfe9-6bfcf78aa3cb] Routing FlowFile[3824,92022686996957.mockFlowFile,24B] to original
[main] DEBUG org.apache.nifi.processors.standard.RouteText - RouteText[id=e191155b-3232-49bd-bfe9-6bfcf78aa3cb] Adding new dynamic property: PropertyDescriptor[simple]
[pool-4236-thread-1] INFO org.apache.nifi.processors.standard.RouteText - RouteText[id=e191155b-3232-49bd-bfe9-6bfcf78aa3cb] Created FlowFile[3827,92022687535800.mockFlowFile,24B] from FlowFile[3826,92022687535800.mockFlowFile,24B]; routing to relationship simple
[pool-4236-thread-1] INFO org.apache.nifi.processors.standard.RouteText - RouteText[id=e191155b-3232-49bd-bfe9-6bfcf78aa3cb] Routing FlowFile[3826,92022687535800.mockFlowFile,24B] to original
[main] DEBUG org.apache.nifi.processors.standard.RouteText - RouteText[id=e191155b-3232-49bd-bfe9-6bfcf78aa3cb] Adding new dynamic property: PropertyDescriptor[simple]
[pool-4237-thread-1] INFO org.apache.nifi.processors.standard.RouteText - RouteText[id=e191155b-3232-49bd-bfe9-6bfcf78aa3cb] Created FlowFile[3829,92022688234598.mockFlowFile,24B] from FlowFile[3828,92022688234598.mockFlowFile,24B]; routing to relationship simple
[pool-4237-thread-1] INFO org.apache.nifi.processors.standard.RouteText - RouteText[id=e191155b-3232-49bd-bfe9-6bfcf78aa3cb] Routing FlowFile[3828,92022688234598.mockFlowFile,24B] to original
[main] DEBUG org.apache.nifi.processors.standard.RouteText - RouteText[id=e191155b-3232-49bd-bfe9-6bfcf78aa3cb] Adding new dynamic property: PropertyDescriptor[simple]
[pool-4238-thread-1] INFO org.apache.nifi.processors.standard.RouteText - RouteText[id=e191155b-3232-49bd-bfe9-6bfcf78aa3cb] Created FlowFile[3831,92022689748331.mockFlowFile,24B] from FlowFile[3830,92022689748331.mockFlowFile,24B]; routing to relationship simple
[pool-4238-thread-1] INFO org.apache.nifi.processors.standard.RouteText - RouteText[id=e191155b-3232-49bd-bfe9-6bfcf78aa3cb] Routing FlowFile[3830,92022689748331.mockFlowFile,24B] to original
[main] DEBUG org.apache.nifi.processors.standard.RouteText - RouteText[id=e191155b-3232-49bd-bfe9-6bfcf78aa3cb] Adding new dynamic property: PropertyDescriptor[simple]
[pool-4239-thread-1] INFO org.apache.nifi.processors.standard.RouteText - RouteText[id=e191155b-3232-49bd-bfe9-6bfcf78aa3cb] Created FlowFile[3833,92022690265730.mockFlowFile,24B] from FlowFile[3832,92022690265730.mockFlowFile,24B]; routing to relationship simple
[pool-4239-thread-1] INFO org.apache.nifi.processors.standard.RouteText - RouteText[id=e191155b-3232-49bd-bfe9-6bfcf78aa3cb] Routing FlowFile[3832,92022690265730.mockFlowFile,24B] to original
[main] DEBUG org.apache.nifi.processors.standard.RouteText - RouteText[id=e191155b-3232-49bd-bfe9-6bfcf78aa3cb] Adding new dynamic property: PropertyDescriptor[simple]
[pool-4240-thread-1] INFO org.apache.nifi.processors.standard.RouteText - RouteText[id=e191155b-3232-49bd-bfe9-6bfcf78aa3cb] Created FlowFile[3835,92022690720634.mockFlowFile,24B] from FlowFile[3834,92022690720634.mockFlowFile,24B]; routing to relationship simple
[pool-4240-thread-1] INFO org.apache.nifi.processors.standard.RouteText - RouteText[id=e191155b-3232-49bd-bfe9-6bfcf78aa3cb] Routing FlowFile[3834,92022690720634.mockFlowFile,24B] to original
[main] DEBUG org.apache.nifi.processors.standard.RouteText - RouteText[id=e191155b-3232-49bd-bfe9-6bfcf78aa3cb] Adding new dynamic property: PropertyDescriptor[simple]
[pool-4241-thread-1] INFO org.apache.nifi.processors.standard.RouteText - RouteText[id=e191155b-3232-49bd-bfe9-6bfcf78aa3cb] Created FlowFile[3837,92022691159567.mockFlowFile,24B] from FlowFile[3836,92022691159567.mockFlowFile,24B]; routing to relationship simple
[pool-4241-thread-1] INFO org.apache.nifi.processors.standard.RouteText - RouteText[id=e191155b-3232-49bd-bfe9-6bfcf78aa3cb] Routing FlowFile[3836,92022691159567.mockFlowFile,24B] to original
[main] DEBUG org.apache.nifi.processors.standard.RouteText - RouteText[id=e191155b-3232-49bd-bfe9-6bfcf78aa3cb] Adding new dynamic property: PropertyDescriptor[simple]
[pool-4242-thread-1] INFO org.apache.nifi.processors.standard.RouteText - RouteText[id=e191155b-3232-49bd-bfe9-6bfcf78aa3cb] Created FlowFile[3839,92022691579234.mockFlowFile,24B] from FlowFile[3838,92022691579234.mockFlowFile,24B]; routing to relationship simple
[pool-4242-thread-1] INFO org.apache.nifi.processors.standard.RouteText - RouteText[id=e191155b-3232-49bd-bfe9-6bfcf78aa3cb] Routing FlowFile[3838,92022691579234.mockFlowFile,24B] to original
[main] DEBUG org.apache.nifi.processors.standard.RouteText - RouteText[id=e191155b-3232-49bd-bfe9-6bfcf78aa3cb] Adding new dynamic property: PropertyDescriptor[simple]
[pool-4243-thread-1] INFO org.apache.nifi.processors.standard.RouteText - RouteText[id=e191155b-3232-49bd-bfe9-6bfcf78aa3cb] Created FlowFile[3841,92022692053124.mockFlowFile,24B] from FlowFile[3840,92022692053124.mockFlowFile,24B]; routing to relationship simple
[pool-4243-thread-1] INFO org.apache.nifi.processors.standard.RouteText - RouteText[id=e191155b-3232-49bd-bfe9-6bfcf78aa3cb] Routing FlowFile[3840,92022692053124.mockFlowFile,24B] to original
[main] DEBUG org.apache.nifi.processors.standard.RouteText - RouteText[id=e191155b-3232-49bd-bfe9-6bfcf78aa3cb] Adding new dynamic property: PropertyDescriptor[simple]
[pool-4244-thread-1] INFO org.apache.nifi.processors.standard.RouteText - RouteText[id=e191155b-3232-49bd-bfe9-6bfcf78aa3cb] Created FlowFile[3843,92022692615750.mockFlowFile,24B] from FlowFile[3842,92022692615750.mockFlowFile,24B]; routing to relationship simple
[pool-4244-thread-1] INFO org.apache.nifi.processors.standard.RouteText - RouteText[id=e191155b-3232-49bd-bfe9-6bfcf78aa3cb] Routing FlowFile[3842,92022692615750.mockFlowFile,24B] to original
[main] DEBUG org.apache.nifi.processors.standard.RouteText - RouteText[id=e191155b-3232-49bd-bfe9-6bfcf78aa3cb] Adding new dynamic property: PropertyDescriptor[simple]
[pool-4245-thread-1] INFO org.apache.nifi.processors.standard.RouteText - RouteText[id=e191155b-3232-49bd-bfe9-6bfcf78aa3cb] Created FlowFile[3845,92022693161713.mockFlowFile,24B] from FlowFile[3844,92022693161713.mockFlowFile,24B]; routing to relationship simple
[pool-4245-thread-1] INFO org.apache.nifi.processors.standard.RouteText - RouteText[id=e191155b-3232-49bd-bfe9-6bfcf78aa3cb] Routing FlowFile[3844,92022693161713.mockFlowFile,24B] to original
[main] DEBUG org.apache.nifi.processors.standard.RouteText - RouteText[id=e191155b-3232-49bd-bfe9-6bfcf78aa3cb] Adding new dynamic property: PropertyDescriptor[simple]
[pool-4246-thread-1] INFO org.apache.nifi.processors.standard.RouteText - RouteText[id=e191155b-3232-49bd-bfe9-6bfcf78aa3cb] Created FlowFile[3847,92022693598474.mockFlowFile,24B] from FlowFile[3846,92022693598474.mockFlowFile,24B]; routing to relationship simple
[pool-4246-thread-1] INFO org.apache.nifi.processors.standard.RouteText - RouteText[id=e191155b-3232-49bd-bfe9-6bfcf78aa3cb] Routing FlowFile[3846,92022693598474.mockFlowFile,24B] to original
[main] DEBUG org.apache.nifi.processors.standard.RouteText - RouteText[id=e191155b-3232-49bd-bfe9-6bfcf78aa3cb] Adding new dynamic property: PropertyDescriptor[simple]
[pool-4247-thread-1] INFO org.apache.nifi.processors.standard.RouteText - RouteText[id=e191155b-3232-49bd-bfe9-6bfcf78aa3cb] Created FlowFile[3849,92022694136263.mockFlowFile,24B] from FlowFile[3848,92022694136263.mockFlowFile,24B]; routing to relationship simple
[pool-4247-thread-1] INFO org.apache.nifi.processors.standard.RouteText - RouteText[id=e191155b-3232-49bd-bfe9-6bfcf78aa3cb] Routing FlowFile[3848,92022694136263.mockFlowFile,24B] to original
[main] DEBUG org.apache.nifi.processors.standard.RouteText - RouteText[id=e191155b-3232-49bd-bfe9-6bfcf78aa3cb] Adding new dynamic property: PropertyDescriptor[simple]
[pool-4248-thread-1] INFO org.apache.nifi.processors.standard.RouteText - RouteText[id=e191155b-3232-49bd-bfe9-6bfcf78aa3cb] Created FlowFile[3851,92022694576359.mockFlowFile,24B] from FlowFile[3850,92022694576359.mockFlowFile,24B]; routing to relationship simple
[pool-4248-thread-1] INFO org.apache.nifi.processors.standard.RouteText - RouteText[id=e191155b-3232-49bd-bfe9-6bfcf78aa3cb] Routing FlowFile[3850,92022694576359.mockFlowFile,24B] to original
[main] DEBUG org.apache.nifi.processors.standard.RouteText - RouteText[id=e191155b-3232-49bd-bfe9-6bfcf78aa3cb] Adding new dynamic property: PropertyDescriptor[simple]
[pool-4249-thread-1] INFO org.apache.nifi.processors.standard.RouteText - RouteText[id=e191155b-3232-49bd-bfe9-6bfcf78aa3cb] Created FlowFile[3853,92022694972549.mockFlowFile,24B] from FlowFile[3852,92022694972549.mockFlowFile,24B]; routing to relationship simple
[pool-4249-thread-1] INFO org.apache.nifi.processors.standard.RouteText - RouteText[id=e191155b-3232-49bd-bfe9-6bfcf78aa3cb] Routing FlowFile[3852,92022694972549.mockFlowFile,24B] to original
[main] DEBUG org.apache.nifi.processors.standard.RouteText - RouteText[id=e191155b-3232-49bd-bfe9-6bfcf78aa3cb] Adding new dynamic property: PropertyDescriptor[simple]
[pool-4250-thread-1] INFO org.apache.nifi.processors.standard.RouteText - RouteText[id=e191155b-3232-49bd-bfe9-6bfcf78aa3cb] Created FlowFile[3855,92022695480224.mockFlowFile,24B] from FlowFile[3854,92022695480224.mockFlowFile,24B]; routing to relationship simple
[pool-4250-thread-1] INFO org.apache.nifi.processors.standard.RouteText - RouteText[id=e191155b-3232-49bd-bfe9-6bfcf78aa3cb] Routing FlowFile[3854,92022695480224.mockFlowFile,24B] to original
[main] DEBUG org.apache.nifi.processors.standard.RouteText - RouteText[id=e191155b-3232-49bd-bfe9-6bfcf78aa3cb] Adding new dynamic property: PropertyDescriptor[simple]
[pool-4251-thread-1] INFO org.apache.nifi.processors.standard.RouteText - RouteText[id=e191155b-3232-49bd-bfe9-6bfcf78aa3cb] Created FlowFile[3857,92022695900801.mockFlowFile,24B] from FlowFile[3856,92022695900801.mockFlowFile,24B]; routing to relationship simple
[pool-4251-thread-1] INFO org.apache.nifi.processors.standard.RouteText - RouteText[id=e191155b-3232-49bd-bfe9-6bfcf78aa3cb] Routing FlowFile[3856,92022695900801.mockFlowFile,24B] to original
[main] DEBUG org.apache.nifi.processors.standard.RouteText - RouteText[id=e191155b-3232-49bd-bfe9-6bfcf78aa3cb] Adding new dynamic property: PropertyDescriptor[simple]
[pool-4252-thread-1] INFO org.apache.nifi.processors.standard.RouteText - RouteText[id=e191155b-3232-49bd-bfe9-6bfcf78aa3cb] Created FlowFile[3859,92022696459717.mockFlowFile,24B] from FlowFile[3858,92022696459717.mockFlowFile,24B]; routing to relationship simple
[pool-4252-thread-1] INFO org.apache.nifi.processors.standard.RouteText - RouteText[id=e191155b-3232-49bd-bfe9-6bfcf78aa3cb] Routing FlowFile[3858,92022696459717.mockFlowFile,24B] to original
[main] DEBUG org.apache.nifi.processors.standard.RouteText - RouteText[id=e191155b-3232-49bd-bfe9-6bfcf78aa3cb] Adding new dynamic property: PropertyDescriptor[simple]
[pool-4253-thread-1] INFO org.apache.nifi.processors.standard.RouteText - RouteText[id=e191155b-3232-49bd-bfe9-6bfcf78aa3cb] Created FlowFile[3861,92022697008893.mockFlowFile,24B] from FlowFile[3860,92022697008893.mockFlowFile,24B]; routing to relationship simple
[pool-4253-thread-1] INFO org.apache.nifi.processors.standard.RouteText - RouteText[id=e191155b-3232-49bd-bfe9-6bfcf78aa3cb] Routing FlowFile[3860,92022697008893.mockFlowFile,24B] to original
[main] DEBUG org.apache.nifi.processors.standard.RouteText - RouteText[id=e191155b-3232-49bd-bfe9-6bfcf78aa3cb] Adding new dynamic property: PropertyDescriptor[simple]
[pool-4254-thread-1] INFO org.apache.nifi.processors.standard.RouteText - RouteText[id=e191155b-3232-49bd-bfe9-6bfcf78aa3cb] Created FlowFile[3863,92022697564319.mockFlowFile,24B] from FlowFile[3862,92022697564319.mockFlowFile,24B]; routing to relationship simple
[pool-4254-thread-1] INFO org.apache.nifi.processors.standard.RouteText - RouteText[id=e191155b-3232-49bd-bfe9-6bfcf78aa3cb] Routing FlowFile[3862,92022697564319.mockFlowFile,24B] to original
[main] DEBUG org.apache.nifi.processors.standard.RouteText - RouteText[id=e191155b-3232-49bd-bfe9-6bfcf78aa3cb] Adding new dynamic property: PropertyDescriptor[simple]
[pool-4255-thread-1] INFO org.apache.nifi.processors.standard.RouteText - RouteText[id=e191155b-3232-49bd-bfe9-6bfcf78aa3cb] Created FlowFile[3865,92022698134326.mockFlowFile,24B] from FlowFile[3864,92022698134326.mockFlowFile,24B]; routing to relationship simple
[pool-4255-thread-1] INFO org.apache.nifi.processors.standard.RouteText - RouteText[id=e191155b-3232-49bd-bfe9-6bfcf78aa3cb] Routing FlowFile[3864,92022698134326.mockFlowFile,24B] to original
[main] DEBUG org.apache.nifi.processors.standard.RouteText - RouteText[id=e191155b-3232-49bd-bfe9-6bfcf78aa3cb] Adding new dynamic property: PropertyDescriptor[simple]
[pool-4256-thread-1] INFO org.apache.nifi.processors.standard.RouteText - RouteText[id=e191155b-3232-49bd-bfe9-6bfcf78aa3cb] Created FlowFile[3867,92022698643701.mockFlowFile,24B] from FlowFile[3866,92022698643701.mockFlowFile,24B]; routing to relationship simple
[pool-4256-thread-1] INFO org.apache.nifi.processors.standard.RouteText - RouteText[id=e191155b-3232-49bd-bfe9-6bfcf78aa3cb] Routing FlowFile[3866,92022698643701.mockFlowFile,24B] to original
[main] DEBUG org.apache.nifi.processors.standard.RouteText - RouteText[id=e191155b-3232-49bd-bfe9-6bfcf78aa3cb] Adding new dynamic property: PropertyDescriptor[simple]
[pool-4257-thread-1] INFO org.apache.nifi.processors.standard.RouteText - RouteText[id=e191155b-3232-49bd-bfe9-6bfcf78aa3cb] Created FlowFile[3869,92022699022633.mockFlowFile,24B] from FlowFile[3868,92022699022633.mockFlowFile,24B]; routing to relationship simple
[pool-4257-thread-1] INFO org.apache.nifi.processors.standard.RouteText - RouteText[id=e191155b-3232-49bd-bfe9-6bfcf78aa3cb] Routing FlowFile[3868,92022699022633.mockFlowFile,24B] to original
[main] DEBUG org.apache.nifi.processors.standard.RouteText - RouteText[id=e191155b-3232-49bd-bfe9-6bfcf78aa3cb] Adding new dynamic property: PropertyDescriptor[simple]
[pool-4258-thread-1] INFO org.apache.nifi.processors.standard.RouteText - RouteText[id=e191155b-3232-49bd-bfe9-6bfcf78aa3cb] Created FlowFile[3871,92022699525141.mockFlowFile,24B] from FlowFile[3870,92022699525141.mockFlowFile,24B]; routing to relationship simple
[pool-4258-thread-1] INFO org.apache.nifi.processors.standard.RouteText - RouteText[id=e191155b-3232-49bd-bfe9-6bfcf78aa3cb] Routing FlowFile[3870,92022699525141.mockFlowFile,24B] to original
[main] DEBUG org.apache.nifi.processors.standard.RouteText - RouteText[id=e191155b-3232-49bd-bfe9-6bfcf78aa3cb] Adding new dynamic property: PropertyDescriptor[simple]
[pool-4259-thread-1] INFO org.apache.nifi.processors.standard.RouteText - RouteText[id=e191155b-3232-49bd-bfe9-6bfcf78aa3cb] Created FlowFile[3873,92022699950518.mockFlowFile,24B] from FlowFile[3872,92022699950518.mockFlowFile,24B]; routing to relationship simple
[pool-4259-thread-1] INFO org.apache.nifi.processors.standard.RouteText - RouteText[id=e191155b-3232-49bd-bfe9-6bfcf78aa3cb] Routing FlowFile[3872,92022699950518.mockFlowFile,24B] to original
[main] DEBUG org.apache.nifi.processors.standard.RouteText - RouteText[id=e191155b-3232-49bd-bfe9-6bfcf78aa3cb] Adding new dynamic property: PropertyDescriptor[simple]
[pool-4260-thread-1] INFO org.apache.nifi.processors.standard.RouteText - RouteText[id=e191155b-3232-49bd-bfe9-6bfcf78aa3cb] Created FlowFile[3875,92022700462523.mockFlowFile,24B] from FlowFile[3874,92022700462523.mockFlowFile,24B]; routing to relationship simple
[pool-4260-thread-1] INFO org.apache.nifi.processors.standard.RouteText - RouteText[id=e191155b-3232-49bd-bfe9-6bfcf78aa3cb] Routing FlowFile[3874,92022700462523.mockFlowFile,24B] to original
[main] DEBUG org.apache.nifi.processors.standard.RouteText - RouteText[id=e191155b-3232-49bd-bfe9-6bfcf78aa3cb] Adding new dynamic property: PropertyDescriptor[simple]
[pool-4261-thread-1] INFO org.apache.nifi.processors.standard.RouteText - RouteText[id=e191155b-3232-49bd-bfe9-6bfcf78aa3cb] Created FlowFile[3877,92022700941728.mockFlowFile,24B] from FlowFile[3876,92022700941728.mockFlowFile,24B]; routing to relationship simple
[pool-4261-thread-1] INFO org.apache.nifi.processors.standard.RouteText - RouteText[id=e191155b-3232-49bd-bfe9-6bfcf78aa3cb] Routing FlowFile[3876,92022700941728.mockFlowFile,24B] to original
[main] DEBUG org.apache.nifi.processors.standard.RouteText - RouteText[id=e191155b-3232-49bd-bfe9-6bfcf78aa3cb] Adding new dynamic property: PropertyDescriptor[simple]
[pool-4262-thread-1] INFO org.apache.nifi.processors.standard.RouteText - RouteText[id=e191155b-3232-49bd-bfe9-6bfcf78aa3cb] Created FlowFile[3879,92022701432792.mockFlowFile,24B] from FlowFile[3878,92022701432792.mockFlowFile,24B]; routing to relationship simple
[pool-4262-thread-1] INFO org.apache.nifi.processors.standard.RouteText - RouteText[id=e191155b-3232-49bd-bfe9-6bfcf78aa3cb] Routing FlowFile[3878,92022701432792.mockFlowFile,24B] to original
[main] DEBUG org.apache.nifi.processors.standard.RouteText - RouteText[id=e191155b-3232-49bd-bfe9-6bfcf78aa3cb] Adding new dynamic property: PropertyDescriptor[simple]
[pool-4263-thread-1] INFO org.apache.nifi.processors.standard.RouteText - RouteText[id=e191155b-3232-49bd-bfe9-6bfcf78aa3cb] Created FlowFile[3881,92022701887150.mockFlowFile,24B] from FlowFile[3880,92022701887150.mockFlowFile,24B]; routing to relationship simple
[pool-4263-thread-1] INFO org.apache.nifi.processors.standard.RouteText - RouteText[id=e191155b-3232-49bd-bfe9-6bfcf78aa3cb] Routing FlowFile[3880,92022701887150.mockFlowFile,24B] to original
[main] DEBUG org.apache.nifi.processors.standard.RouteText - RouteText[id=e191155b-3232-49bd-bfe9-6bfcf78aa3cb] Adding new dynamic property: PropertyDescriptor[simple]
[pool-4264-thread-1] INFO org.apache.nifi.processors.standard.RouteText - RouteText[id=e191155b-3232-49bd-bfe9-6bfcf78aa3cb] Created FlowFile[3883,92022702237044.mockFlowFile,24B] from FlowFile[3882,92022702237044.mockFlowFile,24B]; routing to relationship simple
[pool-4264-thread-1] INFO org.apache.nifi.processors.standard.RouteText - RouteText[id=e191155b-3232-49bd-bfe9-6bfcf78aa3cb] Routing FlowFile[3882,92022702237044.mockFlowFile,24B] to original
[main] DEBUG org.apache.nifi.processors.standard.RouteText - RouteText[id=e191155b-3232-49bd-bfe9-6bfcf78aa3cb] Adding new dynamic property: PropertyDescriptor[simple]
[pool-4265-thread-1] INFO org.apache.nifi.processors.standard.RouteText - RouteText[id=e191155b-3232-49bd-bfe9-6bfcf78aa3cb] Created FlowFile[3885,92022702589236.mockFlowFile,24B] from FlowFile[3884,92022702589236.mockFlowFile,24B]; routing to relationship simple
[pool-4265-thread-1] INFO org.apache.nifi.processors.standard.RouteText - RouteText[id=e191155b-3232-49bd-bfe9-6bfcf78aa3cb] Routing FlowFile[3884,92022702589236.mockFlowFile,24B] to original
[main] DEBUG org.apache.nifi.processors.standard.RouteText - RouteText[id=e191155b-3232-49bd-bfe9-6bfcf78aa3cb] Adding new dynamic property: PropertyDescriptor[simple]
[pool-4266-thread-1] INFO org.apache.nifi.processors.standard.RouteText - RouteText[id=e191155b-3232-49bd-bfe9-6bfcf78aa3cb] Created FlowFile[3887,92022702934690.mockFlowFile,24B] from FlowFile[3886,92022702934690.mockFlowFile,24B]; routing to relationship simple
[pool-4266-thread-1] INFO org.apache.nifi.processors.standard.RouteText - RouteText[id=e191155b-3232-49bd-bfe9-6bfcf78aa3cb] Routing FlowFile[3886,92022702934690.mockFlowFile,24B] to original
[main] DEBUG org.apache.nifi.processors.standard.RouteText - RouteText[id=e191155b-3232-49bd-bfe9-6bfcf78aa3cb] Adding new dynamic property: PropertyDescriptor[simple]
[pool-4267-thread-1] INFO org.apache.nifi.processors.standard.RouteText - RouteText[id=e191155b-3232-49bd-bfe9-6bfcf78aa3cb] Created FlowFile[3889,92022703389029.mockFlowFile,24B] from FlowFile[3888,92022703389029.mockFlowFile,24B]; routing to relationship simple
[pool-4267-thread-1] INFO org.apache.nifi.processors.standard.RouteText - RouteText[id=e191155b-3232-49bd-bfe9-6bfcf78aa3cb] Routing FlowFile[3888,92022703389029.mockFlowFile,24B] to original
[main] DEBUG org.apache.nifi.processors.standard.RouteText - RouteText[id=e191155b-3232-49bd-bfe9-6bfcf78aa3cb] Adding new dynamic property: PropertyDescriptor[simple]
[pool-4268-thread-1] INFO org.apache.nifi.processors.standard.RouteText - RouteText[id=e191155b-3232-49bd-bfe9-6bfcf78aa3cb] Created FlowFile[3891,92022703802980.mockFlowFile,24B] from FlowFile[3890,92022703802980.mockFlowFile,24B]; routing to relationship simple
[pool-4268-thread-1] INFO org.apache.nifi.processors.standard.RouteText - RouteText[id=e191155b-3232-49bd-bfe9-6bfcf78aa3cb] Routing FlowFile[3890,92022703802980.mockFlowFile,24B] to original
[main] DEBUG org.apache.nifi.processors.standard.RouteText - RouteText[id=e191155b-3232-49bd-bfe9-6bfcf78aa3cb] Adding new dynamic property: PropertyDescriptor[simple]
[pool-4269-thread-1] INFO org.apache.nifi.processors.standard.RouteText - RouteText[id=e191155b-3232-49bd-bfe9-6bfcf78aa3cb] Created FlowFile[3893,92022704237176.mockFlowFile,24B] from FlowFile[3892,92022704237176.mockFlowFile,24B]; routing to relationship simple
[pool-4269-thread-1] INFO org.apache.nifi.processors.standard.RouteText - RouteText[id=e191155b-3232-49bd-bfe9-6bfcf78aa3cb] Routing FlowFile[3892,92022704237176.mockFlowFile,24B] to original
[main] DEBUG org.apache.nifi.processors.standard.RouteText - RouteText[id=e191155b-3232-49bd-bfe9-6bfcf78aa3cb] Adding new dynamic property: PropertyDescriptor[simple]
[pool-4270-thread-1] INFO org.apache.nifi.processors.standard.RouteText - RouteText[id=e191155b-3232-49bd-bfe9-6bfcf78aa3cb] Created FlowFile[3895,92022704756251.mockFlowFile,24B] from FlowFile[3894,92022704756251.mockFlowFile,24B]; routing to relationship simple
[pool-4270-thread-1] INFO org.apache.nifi.processors.standard.RouteText - RouteText[id=e191155b-3232-49bd-bfe9-6bfcf78aa3cb] Routing FlowFile[3894,92022704756251.mockFlowFile,24B] to original
[main] DEBUG org.apache.nifi.processors.standard.RouteText - RouteText[id=e191155b-3232-49bd-bfe9-6bfcf78aa3cb] Adding new dynamic property: PropertyDescriptor[simple]
[pool-4271-thread-1] INFO org.apache.nifi.processors.standard.RouteText - RouteText[id=e191155b-3232-49bd-bfe9-6bfcf78aa3cb] Created FlowFile[3897,92022705282337.mockFlowFile,24B] from FlowFile[3896,92022705282337.mockFlowFile,24B]; routing to relationship simple
[pool-4271-thread-1] INFO org.apache.nifi.processors.standard.RouteText - RouteText[id=e191155b-3232-49bd-bfe9-6bfcf78aa3cb] Routing FlowFile[3896,92022705282337.mockFlowFile,24B] to original
[main] DEBUG org.apache.nifi.processors.standard.RouteText - RouteText[id=e191155b-3232-49bd-bfe9-6bfcf78aa3cb] Adding new dynamic property: PropertyDescriptor[simple]
[pool-4272-thread-1] INFO org.apache.nifi.processors.standard.RouteText - RouteText[id=e191155b-3232-49bd-bfe9-6bfcf78aa3cb] Created FlowFile[3899,92022705774716.mockFlowFile,24B] from FlowFile[3898,92022705774716.mockFlowFile,24B]; routing to relationship simple
[pool-4272-thread-1] INFO org.apache.nifi.processors.standard.RouteText - RouteText[id=e191155b-3232-49bd-bfe9-6bfcf78aa3cb] Routing FlowFile[3898,92022705774716.mockFlowFile,24B] to original
[main] DEBUG org.apache.nifi.processors.standard.RouteText - RouteText[id=e191155b-3232-49bd-bfe9-6bfcf78aa3cb] Adding new dynamic property: PropertyDescriptor[simple]
[pool-4273-thread-1] INFO org.apache.nifi.processors.standard.RouteText - RouteText[id=e191155b-3232-49bd-bfe9-6bfcf78aa3cb] Created FlowFile[3901,92022706144996.mockFlowFile,24B] from FlowFile[3900,92022706144996.mockFlowFile,24B]; routing to relationship simple
[pool-4273-thread-1] INFO org.apache.nifi.processors.standard.RouteText - RouteText[id=e191155b-3232-49bd-bfe9-6bfcf78aa3cb] Routing FlowFile[3900,92022706144996.mockFlowFile,24B] to original
[main] DEBUG org.apache.nifi.processors.standard.RouteText - RouteText[id=e191155b-3232-49bd-bfe9-6bfcf78aa3cb] Adding new dynamic property: PropertyDescriptor[simple]
[pool-4274-thread-1] INFO org.apache.nifi.processors.standard.RouteText - RouteText[id=e191155b-3232-49bd-bfe9-6bfcf78aa3cb] Created FlowFile[3903,92022706617588.mockFlowFile,24B] from FlowFile[3902,92022706617588.mockFlowFile,24B]; routing to relationship simple
[pool-4274-thread-1] INFO org.apache.nifi.processors.standard.RouteText - RouteText[id=e191155b-3232-49bd-bfe9-6bfcf78aa3cb] Routing FlowFile[3902,92022706617588.mockFlowFile,24B] to original
[main] DEBUG org.apache.nifi.processors.standard.RouteText - RouteText[id=e191155b-3232-49bd-bfe9-6bfcf78aa3cb] Adding new dynamic property: PropertyDescriptor[simple]
[pool-4275-thread-1] INFO org.apache.nifi.processors.standard.RouteText - RouteText[id=e191155b-3232-49bd-bfe9-6bfcf78aa3cb] Created FlowFile[3905,92022707021567.mockFlowFile,24B] from FlowFile[3904,92022707021567.mockFlowFile,24B]; routing to relationship simple
[pool-4275-thread-1] INFO org.apache.nifi.processors.standard.RouteText - RouteText[id=e191155b-3232-49bd-bfe9-6bfcf78aa3cb] Routing FlowFile[3904,92022707021567.mockFlowFile,24B] to original
[main] DEBUG org.apache.nifi.processors.standard.RouteText - RouteText[id=e191155b-3232-49bd-bfe9-6bfcf78aa3cb] Adding new dynamic property: PropertyDescriptor[simple]
[pool-4276-thread-1] INFO org.apache.nifi.processors.standard.RouteText - RouteText[id=e191155b-3232-49bd-bfe9-6bfcf78aa3cb] Created FlowFile[3907,92022707400806.mockFlowFile,24B] from FlowFile[3906,92022707400806.mockFlowFile,24B]; routing to relationship simple
[pool-4276-thread-1] INFO org.apache.nifi.processors.standard.RouteText - RouteText[id=e191155b-3232-49bd-bfe9-6bfcf78aa3cb] Routing FlowFile[3906,92022707400806.mockFlowFile,24B] to original
[main] DEBUG org.apache.nifi.processors.standard.RouteText - RouteText[id=e191155b-3232-49bd-bfe9-6bfcf78aa3cb] Adding new dynamic property: PropertyDescriptor[simple]
[pool-4277-thread-1] INFO org.apache.nifi.processors.standard.RouteText - RouteText[id=e191155b-3232-49bd-bfe9-6bfcf78aa3cb] Created FlowFile[3909,92022707827452.mockFlowFile,24B] from FlowFile[3908,92022707827452.mockFlowFile,24B]; routing to relationship simple
[pool-4277-thread-1] INFO org.apache.nifi.processors.standard.RouteText - RouteText[id=e191155b-3232-49bd-bfe9-6bfcf78aa3cb] Routing FlowFile[3908,92022707827452.mockFlowFile,24B] to original
[main] DEBUG org.apache.nifi.processors.standard.RouteText - RouteText[id=e191155b-3232-49bd-bfe9-6bfcf78aa3cb] Adding new dynamic property: PropertyDescriptor[simple]
[pool-4278-thread-1] INFO org.apache.nifi.processors.standard.RouteText - RouteText[id=e191155b-3232-49bd-bfe9-6bfcf78aa3cb] Created FlowFile[3911,92022708358037.mockFlowFile,24B] from FlowFile[3910,92022708358037.mockFlowFile,24B]; routing to relationship simple
[pool-4278-thread-1] INFO org.apache.nifi.processors.standard.RouteText - RouteText[id=e191155b-3232-49bd-bfe9-6bfcf78aa3cb] Routing FlowFile[3910,92022708358037.mockFlowFile,24B] to original
[main] DEBUG org.apache.nifi.processors.standard.RouteText - RouteText[id=e191155b-3232-49bd-bfe9-6bfcf78aa3cb] Adding new dynamic property: PropertyDescriptor[simple]
[pool-4279-thread-1] INFO org.apache.nifi.processors.standard.RouteText - RouteText[id=e191155b-3232-49bd-bfe9-6bfcf78aa3cb] Created FlowFile[3913,92022708903959.mockFlowFile,24B] from FlowFile[3912,92022708903959.mockFlowFile,24B]; routing to relationship simple
[pool-4279-thread-1] INFO org.apache.nifi.processors.standard.RouteText - RouteText[id=e191155b-3232-49bd-bfe9-6bfcf78aa3cb] Routing FlowFile[3912,92022708903959.mockFlowFile,24B] to original
[main] DEBUG org.apache.nifi.processors.standard.RouteText - RouteText[id=e191155b-3232-49bd-bfe9-6bfcf78aa3cb] Adding new dynamic property: PropertyDescriptor[simple]
[pool-4280-thread-1] INFO org.apache.nifi.processors.standard.RouteText - RouteText[id=e191155b-3232-49bd-bfe9-6bfcf78aa3cb] Created FlowFile[3915,92022709451736.mockFlowFile,24B] from FlowFile[3914,92022709451736.mockFlowFile,24B]; routing to relationship simple
[pool-4280-thread-1] INFO org.apache.nifi.processors.standard.RouteText - RouteText[id=e191155b-3232-49bd-bfe9-6bfcf78aa3cb] Routing FlowFile[3914,92022709451736.mockFlowFile,24B] to original
[main] DEBUG org.apache.nifi.processors.standard.RouteText - RouteText[id=e191155b-3232-49bd-bfe9-6bfcf78aa3cb] Adding new dynamic property: PropertyDescriptor[simple]
[pool-4281-thread-1] INFO org.apache.nifi.processors.standard.RouteText - RouteText[id=e191155b-3232-49bd-bfe9-6bfcf78aa3cb] Created FlowFile[3917,92022709958727.mockFlowFile,24B] from FlowFile[3916,92022709958727.mockFlowFile,24B]; routing to relationship simple
[pool-4281-thread-1] INFO org.apache.nifi.processors.standard.RouteText - RouteText[id=e191155b-3232-49bd-bfe9-6bfcf78aa3cb] Routing FlowFile[3916,92022709958727.mockFlowFile,24B] to original
[main] DEBUG org.apache.nifi.processors.standard.RouteText - RouteText[id=e191155b-3232-49bd-bfe9-6bfcf78aa3cb] Adding new dynamic property: PropertyDescriptor[simple]
[pool-4282-thread-1] INFO org.apache.nifi.processors.standard.RouteText - RouteText[id=e191155b-3232-49bd-bfe9-6bfcf78aa3cb] Created FlowFile[3919,92022710438801.mockFlowFile,24B] from FlowFile[3918,92022710438801.mockFlowFile,24B]; routing to relationship simple
[pool-4282-thread-1] INFO org.apache.nifi.processors.standard.RouteText - RouteText[id=e191155b-3232-49bd-bfe9-6bfcf78aa3cb] Routing FlowFile[3918,92022710438801.mockFlowFile,24B] to original
[main] DEBUG org.apache.nifi.processors.standard.RouteText - RouteText[id=e191155b-3232-49bd-bfe9-6bfcf78aa3cb] Adding new dynamic property: PropertyDescriptor[simple]
[pool-4283-thread-1] INFO org.apache.nifi.processors.standard.RouteText - RouteText[id=e191155b-3232-49bd-bfe9-6bfcf78aa3cb] Created FlowFile[3921,92022710832474.mockFlowFile,24B] from FlowFile[3920,92022710832474.mockFlowFile,24B]; routing to relationship simple
[pool-4283-thread-1] INFO org.apache.nifi.processors.standard.RouteText - RouteText[id=e191155b-3232-49bd-bfe9-6bfcf78aa3cb] Routing FlowFile[3920,92022710832474.mockFlowFile,24B] to original
[main] DEBUG org.apache.nifi.processors.standard.RouteText - RouteText[id=e191155b-3232-49bd-bfe9-6bfcf78aa3cb] Adding new dynamic property: PropertyDescriptor[simple]
[pool-4284-thread-1] INFO org.apache.nifi.processors.standard.RouteText - RouteText[id=e191155b-3232-49bd-bfe9-6bfcf78aa3cb] Created FlowFile[3923,92022711349577.mockFlowFile,24B] from FlowFile[3922,92022711349577.mockFlowFile,24B]; routing to relationship simple
[pool-4284-thread-1] INFO org.apache.nifi.processors.standard.RouteText - RouteText[id=e191155b-3232-49bd-bfe9-6bfcf78aa3cb] Routing FlowFile[3922,92022711349577.mockFlowFile,24B] to original
[main] DEBUG org.apache.nifi.processors.standard.RouteText - RouteText[id=e191155b-3232-49bd-bfe9-6bfcf78aa3cb] Adding new dynamic property: PropertyDescriptor[simple]
[pool-4285-thread-1] INFO org.apache.nifi.processors.standard.RouteText - RouteText[id=e191155b-3232-49bd-bfe9-6bfcf78aa3cb] Created FlowFile[3925,92022711771665.mockFlowFile,24B] from FlowFile[3924,92022711771665.mockFlowFile,24B]; routing to relationship simple
[pool-4285-thread-1] INFO org.apache.nifi.processors.standard.RouteText - RouteText[id=e191155b-3232-49bd-bfe9-6bfcf78aa3cb] Routing FlowFile[3924,92022711771665.mockFlowFile,24B] to original
[main] DEBUG org.apache.nifi.processors.standard.RouteText - RouteText[id=e191155b-3232-49bd-bfe9-6bfcf78aa3cb] Adding new dynamic property: PropertyDescriptor[simple]
[pool-4286-thread-1] INFO org.apache.nifi.processors.standard.RouteText - RouteText[id=e191155b-3232-49bd-bfe9-6bfcf78aa3cb] Created FlowFile[3927,92022712199703.mockFlowFile,24B] from FlowFile[3926,92022712199703.mockFlowFile,24B]; routing to relationship simple
[pool-4286-thread-1] INFO org.apache.nifi.processors.standard.RouteText - RouteText[id=e191155b-3232-49bd-bfe9-6bfcf78aa3cb] Routing FlowFile[3926,92022712199703.mockFlowFile,24B] to original
[main] DEBUG org.apache.nifi.processors.standard.RouteText - RouteText[id=e191155b-3232-49bd-bfe9-6bfcf78aa3cb] Adding new dynamic property: PropertyDescriptor[simple]
[pool-4287-thread-1] INFO org.apache.nifi.processors.standard.RouteText - RouteText[id=e191155b-3232-49bd-bfe9-6bfcf78aa3cb] Created FlowFile[3929,92022712770662.mockFlowFile,24B] from FlowFile[3928,92022712770662.mockFlowFile,24B]; routing to relationship simple
[pool-4287-thread-1] INFO org.apache.nifi.processors.standard.RouteText - RouteText[id=e191155b-3232-49bd-bfe9-6bfcf78aa3cb] Routing FlowFile[3928,92022712770662.mockFlowFile,24B] to original
[main] DEBUG org.apache.nifi.processors.standard.RouteText - RouteText[id=e191155b-3232-49bd-bfe9-6bfcf78aa3cb] Adding new dynamic property: PropertyDescriptor[simple]
[pool-4288-thread-1] INFO org.apache.nifi.processors.standard.RouteText - RouteText[id=e191155b-3232-49bd-bfe9-6bfcf78aa3cb] Created FlowFile[3931,92022713250016.mockFlowFile,24B] from FlowFile[3930,92022713250016.mockFlowFile,24B]; routing to relationship simple
[pool-4288-thread-1] INFO org.apache.nifi.processors.standard.RouteText - RouteText[id=e191155b-3232-49bd-bfe9-6bfcf78aa3cb] Routing FlowFile[3930,92022713250016.mockFlowFile,24B] to original
[main] DEBUG org.apache.nifi.processors.standard.RouteText - RouteText[id=e191155b-3232-49bd-bfe9-6bfcf78aa3cb] Adding new dynamic property: PropertyDescriptor[simple]
[pool-4289-thread-1] INFO org.apache.nifi.processors.standard.RouteText - RouteText[id=e191155b-3232-49bd-bfe9-6bfcf78aa3cb] Created FlowFile[3933,92022713762122.mockFlowFile,24B] from FlowFile[3932,92022713762122.mockFlowFile,24B]; routing to relationship simple
[pool-4289-thread-1] INFO org.apache.nifi.processors.standard.RouteText - RouteText[id=e191155b-3232-49bd-bfe9-6bfcf78aa3cb] Routing FlowFile[3932,92022713762122.mockFlowFile,24B] to original
[main] DEBUG org.apache.nifi.processors.standard.RouteText - RouteText[id=e191155b-3232-49bd-bfe9-6bfcf78aa3cb] Adding new dynamic property: PropertyDescriptor[simple]
[pool-4290-thread-1] INFO org.apache.nifi.processors.standard.RouteText - RouteText[id=e191155b-3232-49bd-bfe9-6bfcf78aa3cb] Created FlowFile[3935,92022714279647.mockFlowFile,24B] from FlowFile[3934,92022714279647.mockFlowFile,24B]; routing to relationship simple
[pool-4290-thread-1] INFO org.apache.nifi.processors.standard.RouteText - RouteText[id=e191155b-3232-49bd-bfe9-6bfcf78aa3cb] Routing FlowFile[3934,92022714279647.mockFlowFile,24B] to original
[main] DEBUG org.apache.nifi.processors.standard.RouteText - RouteText[id=e191155b-3232-49bd-bfe9-6bfcf78aa3cb] Adding new dynamic property: PropertyDescriptor[simple]
[pool-4291-thread-1] INFO org.apache.nifi.processors.standard.RouteText - RouteText[id=e191155b-3232-49bd-bfe9-6bfcf78aa3cb] Created FlowFile[3937,92022714676534.mockFlowFile,24B] from FlowFile[3936,92022714676534.mockFlowFile,24B]; routing to relationship simple
[pool-4291-thread-1] INFO org.apache.nifi.processors.standard.RouteText - RouteText[id=e191155b-3232-49bd-bfe9-6bfcf78aa3cb] Routing FlowFile[3936,92022714676534.mockFlowFile,24B] to original
[main] DEBUG org.apache.nifi.processors.standard.RouteText - RouteText[id=e191155b-3232-49bd-bfe9-6bfcf78aa3cb] Adding new dynamic property: PropertyDescriptor[simple]
[pool-4292-thread-1] INFO org.apache.nifi.processors.standard.RouteText - RouteText[id=e191155b-3232-49bd-bfe9-6bfcf78aa3cb] Created FlowFile[3939,92022715057725.mockFlowFile,24B] from FlowFile[3938,92022715057725.mockFlowFile,24B]; routing to relationship simple
[pool-4292-thread-1] INFO org.apache.nifi.processors.standard.RouteText - RouteText[id=e191155b-3232-49bd-bfe9-6bfcf78aa3cb] Routing FlowFile[3938,92022715057725.mockFlowFile,24B] to original
[main] DEBUG org.apache.nifi.processors.standard.RouteText - RouteText[id=e191155b-3232-49bd-bfe9-6bfcf78aa3cb] Adding new dynamic property: PropertyDescriptor[simple]
[pool-4293-thread-1] INFO org.apache.nifi.processors.standard.RouteText - RouteText[id=e191155b-3232-49bd-bfe9-6bfcf78aa3cb] Created FlowFile[3941,92022715577033.mockFlowFile,24B] from FlowFile[3940,92022715577033.mockFlowFile,24B]; routing to relationship simple
[pool-4293-thread-1] INFO org.apache.nifi.processors.standard.RouteText - RouteText[id=e191155b-3232-49bd-bfe9-6bfcf78aa3cb] Routing FlowFile[3940,92022715577033.mockFlowFile,24B] to original
[main] DEBUG org.apache.nifi.processors.standard.RouteText - RouteText[id=e191155b-3232-49bd-bfe9-6bfcf78aa3cb] Adding new dynamic property: PropertyDescriptor[simple]
[pool-4294-thread-1] INFO org.apache.nifi.processors.standard.RouteText - RouteText[id=e191155b-3232-49bd-bfe9-6bfcf78aa3cb] Created FlowFile[3943,92022716045642.mockFlowFile,24B] from FlowFile[3942,92022716045642.mockFlowFile,24B]; routing to relationship simple
[pool-4294-thread-1] INFO org.apache.nifi.processors.standard.RouteText - RouteText[id=e191155b-3232-49bd-bfe9-6bfcf78aa3cb] Routing FlowFile[3942,92022716045642.mockFlowFile,24B] to original
[main] DEBUG org.apache.nifi.processors.standard.RouteText - RouteText[id=e191155b-3232-49bd-bfe9-6bfcf78aa3cb] Adding new dynamic property: PropertyDescriptor[simple]
[pool-4295-thread-1] INFO org.apache.nifi.processors.standard.RouteText - RouteText[id=e191155b-3232-49bd-bfe9-6bfcf78aa3cb] Created FlowFile[3945,92022716546070.mockFlowFile,24B] from FlowFile[3944,92022716546070.mockFlowFile,24B]; routing to relationship simple
[pool-4295-thread-1] INFO org.apache.nifi.processors.standard.RouteText - RouteText[id=e191155b-3232-49bd-bfe9-6bfcf78aa3cb] Routing FlowFile[3944,92022716546070.mockFlowFile,24B] to original
[main] DEBUG org.apache.nifi.processors.standard.RouteText - RouteText[id=e191155b-3232-49bd-bfe9-6bfcf78aa3cb] Adding new dynamic property: PropertyDescriptor[simple]
[pool-4296-thread-1] INFO org.apache.nifi.processors.standard.RouteText - RouteText[id=e191155b-3232-49bd-bfe9-6bfcf78aa3cb] Created FlowFile[3947,92022716944305.mockFlowFile,24B] from FlowFile[3946,92022716944305.mockFlowFile,24B]; routing to relationship simple
[pool-4296-thread-1] INFO org.apache.nifi.processors.standard.RouteText - RouteText[id=e191155b-3232-49bd-bfe9-6bfcf78aa3cb] Routing FlowFile[3946,92022716944305.mockFlowFile,24B] to original
[main] DEBUG org.apache.nifi.processors.standard.RouteText - RouteText[id=e191155b-3232-49bd-bfe9-6bfcf78aa3cb] Adding new dynamic property: PropertyDescriptor[simple]
[pool-4297-thread-1] INFO org.apache.nifi.processors.standard.RouteText - RouteText[id=e191155b-3232-49bd-bfe9-6bfcf78aa3cb] Created FlowFile[3949,92022717334319.mockFlowFile,24B] from FlowFile[3948,92022717334319.mockFlowFile,24B]; routing to relationship simple
[pool-4297-thread-1] INFO org.apache.nifi.processors.standard.RouteText - RouteText[id=e191155b-3232-49bd-bfe9-6bfcf78aa3cb] Routing FlowFile[3948,92022717334319.mockFlowFile,24B] to original
[main] DEBUG org.apache.nifi.processors.standard.RouteText - RouteText[id=e191155b-3232-49bd-bfe9-6bfcf78aa3cb] Adding new dynamic property: PropertyDescriptor[simple]
[pool-4298-thread-1] INFO org.apache.nifi.processors.standard.RouteText - RouteText[id=e191155b-3232-49bd-bfe9-6bfcf78aa3cb] Created FlowFile[3951,92022717815886.mockFlowFile,24B] from FlowFile[3950,92022717815886.mockFlowFile,24B]; routing to relationship simple
[pool-4298-thread-1] INFO org.apache.nifi.processors.standard.RouteText - RouteText[id=e191155b-3232-49bd-bfe9-6bfcf78aa3cb] Routing FlowFile[3950,92022717815886.mockFlowFile,24B] to original
[main] DEBUG org.apache.nifi.processors.standard.RouteText - RouteText[id=e191155b-3232-49bd-bfe9-6bfcf78aa3cb] Adding new dynamic property: PropertyDescriptor[simple]
[pool-4299-thread-1] INFO org.apache.nifi.processors.standard.RouteText - RouteText[id=e191155b-3232-49bd-bfe9-6bfcf78aa3cb] Created FlowFile[3953,92022718267898.mockFlowFile,24B] from FlowFile[3952,92022718267898.mockFlowFile,24B]; routing to relationship simple
[pool-4299-thread-1] INFO org.apache.nifi.processors.standard.RouteText - RouteText[id=e191155b-3232-49bd-bfe9-6bfcf78aa3cb] Routing FlowFile[3952,92022718267898.mockFlowFile,24B] to original
[main] DEBUG org.apache.nifi.processors.standard.RouteText - RouteText[id=e191155b-3232-49bd-bfe9-6bfcf78aa3cb] Adding new dynamic property: PropertyDescriptor[simple]
[pool-4300-thread-1] INFO org.apache.nifi.processors.standard.RouteText - RouteText[id=e191155b-3232-49bd-bfe9-6bfcf78aa3cb] Created FlowFile[3955,92022718795257.mockFlowFile,24B] from FlowFile[3954,92022718795257.mockFlowFile,24B]; routing to relationship simple
[pool-4300-thread-1] INFO org.apache.nifi.processors.standard.RouteText - RouteText[id=e191155b-3232-49bd-bfe9-6bfcf78aa3cb] Routing FlowFile[3954,92022718795257.mockFlowFile,24B] to original
[main] DEBUG org.apache.nifi.processors.standard.RouteText - RouteText[id=e191155b-3232-49bd-bfe9-6bfcf78aa3cb] Adding new dynamic property: PropertyDescriptor[simple]
[pool-4301-thread-1] INFO org.apache.nifi.processors.standard.RouteText - RouteText[id=e191155b-3232-49bd-bfe9-6bfcf78aa3cb] Created FlowFile[3957,92022719298312.mockFlowFile,24B] from FlowFile[3956,92022719298312.mockFlowFile,24B]; routing to relationship simple
[pool-4301-thread-1] INFO org.apache.nifi.processors.standard.RouteText - RouteText[id=e191155b-3232-49bd-bfe9-6bfcf78aa3cb] Routing FlowFile[3956,92022719298312.mockFlowFile,24B] to original
[main] DEBUG org.apache.nifi.processors.standard.RouteText - RouteText[id=e191155b-3232-49bd-bfe9-6bfcf78aa3cb] Adding new dynamic property: PropertyDescriptor[simple]
[pool-4302-thread-1] INFO org.apache.nifi.processors.standard.RouteText - RouteText[id=e191155b-3232-49bd-bfe9-6bfcf78aa3cb] Created FlowFile[3959,92022719759899.mockFlowFile,24B] from FlowFile[3958,92022719759899.mockFlowFile,24B]; routing to relationship simple
[pool-4302-thread-1] INFO org.apache.nifi.processors.standard.RouteText - RouteText[id=e191155b-3232-49bd-bfe9-6bfcf78aa3cb] Routing FlowFile[3958,92022719759899.mockFlowFile,24B] to original
[main] DEBUG org.apache.nifi.processors.standard.RouteText - RouteText[id=e191155b-3232-49bd-bfe9-6bfcf78aa3cb] Adding new dynamic property: PropertyDescriptor[simple]
[pool-4303-thread-1] INFO org.apache.nifi.processors.standard.RouteText - RouteText[id=e191155b-3232-49bd-bfe9-6bfcf78aa3cb] Created FlowFile[3961,92022720225593.mockFlowFile,24B] from FlowFile[3960,92022720225593.mockFlowFile,24B]; routing to relationship simple
[pool-4303-thread-1] INFO org.apache.nifi.processors.standard.RouteText - RouteText[id=e191155b-3232-49bd-bfe9-6bfcf78aa3cb] Routing FlowFile[3960,92022720225593.mockFlowFile,24B] to original
[main] DEBUG org.apache.nifi.processors.standard.RouteText - RouteText[id=e191155b-3232-49bd-bfe9-6bfcf78aa3cb] Adding new dynamic property: PropertyDescriptor[simple]
[pool-4304-thread-1] INFO org.apache.nifi.processors.standard.RouteText - RouteText[id=e191155b-3232-49bd-bfe9-6bfcf78aa3cb] Created FlowFile[3963,92022720702313.mockFlowFile,24B] from FlowFile[3962,92022720702313.mockFlowFile,24B]; routing to relationship simple
[pool-4304-thread-1] INFO org.apache.nifi.processors.standard.RouteText - RouteText[id=e191155b-3232-49bd-bfe9-6bfcf78aa3cb] Routing FlowFile[3962,92022720702313.mockFlowFile,24B] to original
[main] DEBUG org.apache.nifi.processors.standard.RouteText - RouteText[id=e191155b-3232-49bd-bfe9-6bfcf78aa3cb] Adding new dynamic property: PropertyDescriptor[simple]
[pool-4305-thread-1] INFO org.apache.nifi.processors.standard.RouteText - RouteText[id=e191155b-3232-49bd-bfe9-6bfcf78aa3cb] Created FlowFile[3965,92022721151451.mockFlowFile,24B] from FlowFile[3964,92022721151451.mockFlowFile,24B]; routing to relationship simple
[pool-4305-thread-1] INFO org.apache.nifi.processors.standard.RouteText - RouteText[id=e191155b-3232-49bd-bfe9-6bfcf78aa3cb] Routing FlowFile[3964,92022721151451.mockFlowFile,24B] to original
[main] DEBUG org.apache.nifi.processors.standard.RouteText - RouteText[id=e191155b-3232-49bd-bfe9-6bfcf78aa3cb] Adding new dynamic property: PropertyDescriptor[simple]
[pool-4306-thread-1] INFO org.apache.nifi.processors.standard.RouteText - RouteText[id=e191155b-3232-49bd-bfe9-6bfcf78aa3cb] Created FlowFile[3967,92022721592961.mockFlowFile,24B] from FlowFile[3966,92022721592961.mockFlowFile,24B]; routing to relationship simple
[pool-4306-thread-1] INFO org.apache.nifi.processors.standard.RouteText - RouteText[id=e191155b-3232-49bd-bfe9-6bfcf78aa3cb] Routing FlowFile[3966,92022721592961.mockFlowFile,24B] to original
[main] DEBUG org.apache.nifi.processors.standard.RouteText - RouteText[id=e191155b-3232-49bd-bfe9-6bfcf78aa3cb] Adding new dynamic property: PropertyDescriptor[simple]
[pool-4307-thread-1] INFO org.apache.nifi.processors.standard.RouteText - RouteText[id=e191155b-3232-49bd-bfe9-6bfcf78aa3cb] Created FlowFile[3969,92022722070395.mockFlowFile,24B] from FlowFile[3968,92022722070395.mockFlowFile,24B]; routing to relationship simple
[pool-4307-thread-1] INFO org.apache.nifi.processors.standard.RouteText - RouteText[id=e191155b-3232-49bd-bfe9-6bfcf78aa3cb] Routing FlowFile[3968,92022722070395.mockFlowFile,24B] to original
[main] DEBUG org.apache.nifi.processors.standard.RouteText - RouteText[id=e191155b-3232-49bd-bfe9-6bfcf78aa3cb] Adding new dynamic property: PropertyDescriptor[simple]
[pool-4308-thread-1] INFO org.apache.nifi.processors.standard.RouteText - RouteText[id=e191155b-3232-49bd-bfe9-6bfcf78aa3cb] Created FlowFile[3971,92022722538114.mockFlowFile,24B] from FlowFile[3970,92022722538114.mockFlowFile,24B]; routing to relationship simple
[pool-4308-thread-1] INFO org.apache.nifi.processors.standard.RouteText - RouteText[id=e191155b-3232-49bd-bfe9-6bfcf78aa3cb] Routing FlowFile[3970,92022722538114.mockFlowFile,24B] to original
[main] DEBUG org.apache.nifi.processors.standard.RouteText - RouteText[id=e191155b-3232-49bd-bfe9-6bfcf78aa3cb] Adding new dynamic property: PropertyDescriptor[simple]
[pool-4309-thread-1] INFO org.apache.nifi.processors.standard.RouteText - RouteText[id=e191155b-3232-49bd-bfe9-6bfcf78aa3cb] Created FlowFile[3973,92022722988169.mockFlowFile,24B] from FlowFile[3972,92022722988169.mockFlowFile,24B]; routing to relationship simple
[pool-4309-thread-1] INFO org.apache.nifi.processors.standard.RouteText - RouteText[id=e191155b-3232-49bd-bfe9-6bfcf78aa3cb] Routing FlowFile[3972,92022722988169.mockFlowFile,24B] to original
[main] DEBUG org.apache.nifi.processors.standard.RouteText - RouteText[id=e191155b-3232-49bd-bfe9-6bfcf78aa3cb] Adding new dynamic property: PropertyDescriptor[simple]
[pool-4310-thread-1] INFO org.apache.nifi.processors.standard.RouteText - RouteText[id=e191155b-3232-49bd-bfe9-6bfcf78aa3cb] Created FlowFile[3975,92022723389079.mockFlowFile,24B] from FlowFile[3974,92022723389079.mockFlowFile,24B]; routing to relationship simple
[pool-4310-thread-1] INFO org.apache.nifi.processors.standard.RouteText - RouteText[id=e191155b-3232-49bd-bfe9-6bfcf78aa3cb] Routing FlowFile[3974,92022723389079.mockFlowFile,24B] to original
[main] DEBUG org.apache.nifi.processors.standard.RouteText - RouteText[id=e191155b-3232-49bd-bfe9-6bfcf78aa3cb] Adding new dynamic property: PropertyDescriptor[simple]
[pool-4311-thread-1] INFO org.apache.nifi.processors.standard.RouteText - RouteText[id=e191155b-3232-49bd-bfe9-6bfcf78aa3cb] Created FlowFile[3977,92022723810983.mockFlowFile,24B] from FlowFile[3976,92022723810983.mockFlowFile,24B]; routing to relationship simple
[pool-4311-thread-1] INFO org.apache.nifi.processors.standard.RouteText - RouteText[id=e191155b-3232-49bd-bfe9-6bfcf78aa3cb] Routing FlowFile[3976,92022723810983.mockFlowFile,24B] to original
[main] DEBUG org.apache.nifi.processors.standard.RouteText - RouteText[id=e191155b-3232-49bd-bfe9-6bfcf78aa3cb] Adding new dynamic property: PropertyDescriptor[simple]
[pool-4312-thread-1] INFO org.apache.nifi.processors.standard.RouteText - RouteText[id=e191155b-3232-49bd-bfe9-6bfcf78aa3cb] Created FlowFile[3979,92022724352356.mockFlowFile,24B] from FlowFile[3978,92022724352356.mockFlowFile,24B]; routing to relationship simple
[pool-4312-thread-1] INFO org.apache.nifi.processors.standard.RouteText - RouteText[id=e191155b-3232-49bd-bfe9-6bfcf78aa3cb] Routing FlowFile[3978,92022724352356.mockFlowFile,24B] to original
[main] DEBUG org.apache.nifi.processors.standard.RouteText - RouteText[id=e191155b-3232-49bd-bfe9-6bfcf78aa3cb] Adding new dynamic property: PropertyDescriptor[simple]
[pool-4313-thread-1] INFO org.apache.nifi.processors.standard.RouteText - RouteText[id=e191155b-3232-49bd-bfe9-6bfcf78aa3cb] Created FlowFile[3981,92022724878937.mockFlowFile,24B] from FlowFile[3980,92022724878937.mockFlowFile,24B]; routing to relationship simple
[pool-4313-thread-1] INFO org.apache.nifi.processors.standard.RouteText - RouteText[id=e191155b-3232-49bd-bfe9-6bfcf78aa3cb] Routing FlowFile[3980,92022724878937.mockFlowFile,24B] to original
[main] DEBUG org.apache.nifi.processors.standard.RouteText - RouteText[id=e191155b-3232-49bd-bfe9-6bfcf78aa3cb] Adding new dynamic property: PropertyDescriptor[simple]
[pool-4314-thread-1] INFO org.apache.nifi.processors.standard.RouteText - RouteText[id=e191155b-3232-49bd-bfe9-6bfcf78aa3cb] Created FlowFile[3983,92022725308104.mockFlowFile,24B] from FlowFile[3982,92022725308104.mockFlowFile,24B]; routing to relationship simple
[pool-4314-thread-1] INFO org.apache.nifi.processors.standard.RouteText - RouteText[id=e191155b-3232-49bd-bfe9-6bfcf78aa3cb] Routing FlowFile[3982,92022725308104.mockFlowFile,24B] to original
[main] DEBUG org.apache.nifi.processors.standard.RouteText - RouteText[id=e191155b-3232-49bd-bfe9-6bfcf78aa3cb] Adding new dynamic property: PropertyDescriptor[simple]
[pool-4315-thread-1] INFO org.apache.nifi.processors.standard.RouteText - RouteText[id=e191155b-3232-49bd-bfe9-6bfcf78aa3cb] Created FlowFile[3985,92022725706434.mockFlowFile,24B] from FlowFile[3984,92022725706434.mockFlowFile,24B]; routing to relationship simple
[pool-4315-thread-1] INFO org.apache.nifi.processors.standard.RouteText - RouteText[id=e191155b-3232-49bd-bfe9-6bfcf78aa3cb] Routing FlowFile[3984,92022725706434.mockFlowFile,24B] to original
[main] DEBUG org.apache.nifi.processors.standard.RouteText - RouteText[id=e191155b-3232-49bd-bfe9-6bfcf78aa3cb] Adding new dynamic property: PropertyDescriptor[simple]
[pool-4316-thread-1] INFO org.apache.nifi.processors.standard.RouteText - RouteText[id=e191155b-3232-49bd-bfe9-6bfcf78aa3cb] Created FlowFile[3987,92022726096703.mockFlowFile,24B] from FlowFile[3986,92022726096703.mockFlowFile,24B]; routing to relationship simple
[pool-4316-thread-1] INFO org.apache.nifi.processors.standard.RouteText - RouteText[id=e191155b-3232-49bd-bfe9-6bfcf78aa3cb] Routing FlowFile[3986,92022726096703.mockFlowFile,24B] to original
[main] DEBUG org.apache.nifi.processors.standard.RouteText - RouteText[id=e191155b-3232-49bd-bfe9-6bfcf78aa3cb] Adding new dynamic property: PropertyDescriptor[simple]
[pool-4317-thread-1] INFO org.apache.nifi.processors.standard.RouteText - RouteText[id=e191155b-3232-49bd-bfe9-6bfcf78aa3cb] Created FlowFile[3989,92022726500888.mockFlowFile,24B] from FlowFile[3988,92022726500888.mockFlowFile,24B]; routing to relationship simple
[pool-4317-thread-1] INFO org.apache.nifi.processors.standard.RouteText - RouteText[id=e191155b-3232-49bd-bfe9-6bfcf78aa3cb] Routing FlowFile[3988,92022726500888.mockFlowFile,24B] to original
[main] DEBUG org.apache.nifi.processors.standard.RouteText - RouteText[id=e191155b-3232-49bd-bfe9-6bfcf78aa3cb] Adding new dynamic property: PropertyDescriptor[simple]
[pool-4318-thread-1] INFO org.apache.nifi.processors.standard.RouteText - RouteText[id=e191155b-3232-49bd-bfe9-6bfcf78aa3cb] Created FlowFile[3991,92022726923226.mockFlowFile,24B] from FlowFile[3990,92022726923226.mockFlowFile,24B]; routing to relationship simple
[pool-4318-thread-1] INFO org.apache.nifi.processors.standard.RouteText - RouteText[id=e191155b-3232-49bd-bfe9-6bfcf78aa3cb] Routing FlowFile[3990,92022726923226.mockFlowFile,24B] to original
[main] DEBUG org.apache.nifi.processors.standard.RouteText - RouteText[id=e191155b-3232-49bd-bfe9-6bfcf78aa3cb] Adding new dynamic property: PropertyDescriptor[simple]
[pool-4319-thread-1] INFO org.apache.nifi.processors.standard.RouteText - RouteText[id=e191155b-3232-49bd-bfe9-6bfcf78aa3cb] Created FlowFile[3993,92022727456028.mockFlowFile,24B] from FlowFile[3992,92022727456028.mockFlowFile,24B]; routing to relationship simple
[pool-4319-thread-1] INFO org.apache.nifi.processors.standard.RouteText - RouteText[id=e191155b-3232-49bd-bfe9-6bfcf78aa3cb] Routing FlowFile[3992,92022727456028.mockFlowFile,24B] to original
[main] DEBUG org.apache.nifi.processors.standard.RouteText - RouteText[id=e191155b-3232-49bd-bfe9-6bfcf78aa3cb] Adding new dynamic property: PropertyDescriptor[simple]
[pool-4320-thread-1] INFO org.apache.nifi.processors.standard.RouteText - RouteText[id=e191155b-3232-49bd-bfe9-6bfcf78aa3cb] Created FlowFile[3995,92022727923972.mockFlowFile,24B] from FlowFile[3994,92022727923972.mockFlowFile,24B]; routing to relationship simple
[pool-4320-thread-1] INFO org.apache.nifi.processors.standard.RouteText - RouteText[id=e191155b-3232-49bd-bfe9-6bfcf78aa3cb] Routing FlowFile[3994,92022727923972.mockFlowFile,24B] to original
[main] DEBUG org.apache.nifi.processors.standard.RouteText - RouteText[id=e191155b-3232-49bd-bfe9-6bfcf78aa3cb] Adding new dynamic property: PropertyDescriptor[simple]
[pool-4321-thread-1] INFO org.apache.nifi.processors.standard.RouteText - RouteText[id=e191155b-3232-49bd-bfe9-6bfcf78aa3cb] Created FlowFile[3997,92022728342098.mockFlowFile,24B] from FlowFile[3996,92022728342098.mockFlowFile,24B]; routing to relationship simple
[pool-4321-thread-1] INFO org.apache.nifi.processors.standard.RouteText - RouteText[id=e191155b-3232-49bd-bfe9-6bfcf78aa3cb] Routing FlowFile[3996,92022728342098.mockFlowFile,24B] to original
[main] DEBUG org.apache.nifi.processors.standard.RouteText - RouteText[id=e191155b-3232-49bd-bfe9-6bfcf78aa3cb] Adding new dynamic property: PropertyDescriptor[simple]
[pool-4322-thread-1] INFO org.apache.nifi.processors.standard.RouteText - RouteText[id=e191155b-3232-49bd-bfe9-6bfcf78aa3cb] Created FlowFile[3999,92022728843330.mockFlowFile,24B] from FlowFile[3998,92022728843330.mockFlowFile,24B]; routing to relationship simple
[pool-4322-thread-1] INFO org.apache.nifi.processors.standard.RouteText - RouteText[id=e191155b-3232-49bd-bfe9-6bfcf78aa3cb] Routing FlowFile[3998,92022728843330.mockFlowFile,24B] to original
[main] DEBUG org.apache.nifi.processors.standard.RouteText - RouteText[id=e191155b-3232-49bd-bfe9-6bfcf78aa3cb] Adding new dynamic property: PropertyDescriptor[simple]
[pool-4323-thread-1] INFO org.apache.nifi.processors.standard.RouteText - RouteText[id=e191155b-3232-49bd-bfe9-6bfcf78aa3cb] Created FlowFile[4001,92022729304378.mockFlowFile,24B] from FlowFile[4000,92022729304378.mockFlowFile,24B]; routing to relationship simple
[pool-4323-thread-1] INFO org.apache.nifi.processors.standard.RouteText - RouteText[id=e191155b-3232-49bd-bfe9-6bfcf78aa3cb] Routing FlowFile[4000,92022729304378.mockFlowFile,24B] to original
[main] DEBUG org.apache.nifi.processors.standard.RouteText - RouteText[id=e191155b-3232-49bd-bfe9-6bfcf78aa3cb] Adding new dynamic property: PropertyDescriptor[simple]
[pool-4324-thread-1] INFO org.apache.nifi.processors.standard.RouteText - RouteText[id=e191155b-3232-49bd-bfe9-6bfcf78aa3cb] Created FlowFile[4003,92022729790885.mockFlowFile,24B] from FlowFile[4002,92022729790885.mockFlowFile,24B]; routing to relationship simple
[pool-4324-thread-1] INFO org.apache.nifi.processors.standard.RouteText - RouteText[id=e191155b-3232-49bd-bfe9-6bfcf78aa3cb] Routing FlowFile[4002,92022729790885.mockFlowFile,24B] to original
[main] DEBUG org.apache.nifi.processors.standard.RouteText - RouteText[id=e191155b-3232-49bd-bfe9-6bfcf78aa3cb] Adding new dynamic property: PropertyDescriptor[simple]
[pool-4325-thread-1] INFO org.apache.nifi.processors.standard.RouteText - RouteText[id=e191155b-3232-49bd-bfe9-6bfcf78aa3cb] Created FlowFile[4005,92022730321385.mockFlowFile,24B] from FlowFile[4004,92022730321385.mockFlowFile,24B]; routing to relationship simple
[pool-4325-thread-1] INFO org.apache.nifi.processors.standard.RouteText - RouteText[id=e191155b-3232-49bd-bfe9-6bfcf78aa3cb] Routing FlowFile[4004,92022730321385.mockFlowFile,24B] to original
[main] DEBUG org.apache.nifi.processors.standard.RouteText - RouteText[id=e191155b-3232-49bd-bfe9-6bfcf78aa3cb] Adding new dynamic property: PropertyDescriptor[simple]
[pool-4326-thread-1] INFO org.apache.nifi.processors.standard.RouteText - RouteText[id=e191155b-3232-49bd-bfe9-6bfcf78aa3cb] Created FlowFile[4007,92022730877156.mockFlowFile,24B] from FlowFile[4006,92022730877156.mockFlowFile,24B]; routing to relationship simple
[pool-4326-thread-1] INFO org.apache.nifi.processors.standard.RouteText - RouteText[id=e191155b-3232-49bd-bfe9-6bfcf78aa3cb] Routing FlowFile[4006,92022730877156.mockFlowFile,24B] to original
[main] DEBUG org.apache.nifi.processors.standard.RouteText - RouteText[id=e191155b-3232-49bd-bfe9-6bfcf78aa3cb] Adding new dynamic property: PropertyDescriptor[simple]
[pool-4327-thread-1] INFO org.apache.nifi.processors.standard.RouteText - RouteText[id=e191155b-3232-49bd-bfe9-6bfcf78aa3cb] Created FlowFile[4009,92022731461795.mockFlowFile,24B] from FlowFile[4008,92022731461795.mockFlowFile,24B]; routing to relationship simple
[pool-4327-thread-1] INFO org.apache.nifi.processors.standard.RouteText - RouteText[id=e191155b-3232-49bd-bfe9-6bfcf78aa3cb] Routing FlowFile[4008,92022731461795.mockFlowFile,24B] to original
[main] DEBUG org.apache.nifi.processors.standard.RouteText - RouteText[id=e191155b-3232-49bd-bfe9-6bfcf78aa3cb] Adding new dynamic property: PropertyDescriptor[simple]
[pool-4328-thread-1] INFO org.apache.nifi.processors.standard.RouteText - RouteText[id=e191155b-3232-49bd-bfe9-6bfcf78aa3cb] Created FlowFile[4011,92022731958752.mockFlowFile,24B] from FlowFile[4010,92022731958752.mockFlowFile,24B]; routing to relationship simple
[pool-4328-thread-1] INFO org.apache.nifi.processors.standard.RouteText - RouteText[id=e191155b-3232-49bd-bfe9-6bfcf78aa3cb] Routing FlowFile[4010,92022731958752.mockFlowFile,24B] to original
[main] DEBUG org.apache.nifi.processors.standard.RouteText - RouteText[id=e191155b-3232-49bd-bfe9-6bfcf78aa3cb] Adding new dynamic property: PropertyDescriptor[simple]
[pool-4329-thread-1] INFO org.apache.nifi.processors.standard.RouteText - RouteText[id=e191155b-3232-49bd-bfe9-6bfcf78aa3cb] Created FlowFile[4013,92022732517882.mockFlowFile,24B] from FlowFile[4012,92022732517882.mockFlowFile,24B]; routing to relationship simple
[pool-4329-thread-1] INFO org.apache.nifi.processors.standard.RouteText - RouteText[id=e191155b-3232-49bd-bfe9-6bfcf78aa3cb] Routing FlowFile[4012,92022732517882.mockFlowFile,24B] to original
[main] DEBUG org.apache.nifi.processors.standard.RouteText - RouteText[id=e191155b-3232-49bd-bfe9-6bfcf78aa3cb] Adding new dynamic property: PropertyDescriptor[simple]
[pool-4330-thread-1] INFO org.apache.nifi.processors.standard.RouteText - RouteText[id=e191155b-3232-49bd-bfe9-6bfcf78aa3cb] Created FlowFile[4015,92022733090970.mockFlowFile,24B] from FlowFile[4014,92022733090970.mockFlowFile,24B]; routing to relationship simple
[pool-4330-thread-1] INFO org.apache.nifi.processors.standard.RouteText - RouteText[id=e191155b-3232-49bd-bfe9-6bfcf78aa3cb] Routing FlowFile[4014,92022733090970.mockFlowFile,24B] to original
[main] DEBUG org.apache.nifi.processors.standard.RouteText - RouteText[id=e191155b-3232-49bd-bfe9-6bfcf78aa3cb] Adding new dynamic property: PropertyDescriptor[simple]
[pool-4331-thread-1] INFO org.apache.nifi.processors.standard.RouteText - RouteText[id=e191155b-3232-49bd-bfe9-6bfcf78aa3cb] Created FlowFile[4017,92022733599330.mockFlowFile,24B] from FlowFile[4016,92022733599330.mockFlowFile,24B]; routing to relationship simple
[pool-4331-thread-1] INFO org.apache.nifi.processors.standard.RouteText - RouteText[id=e191155b-3232-49bd-bfe9-6bfcf78aa3cb] Routing FlowFile[4016,92022733599330.mockFlowFile,24B] to original
[main] DEBUG org.apache.nifi.processors.standard.RouteText - RouteText[id=e191155b-3232-49bd-bfe9-6bfcf78aa3cb] Adding new dynamic property: PropertyDescriptor[simple]
[pool-4332-thread-1] INFO org.apache.nifi.processors.standard.RouteText - RouteText[id=e191155b-3232-49bd-bfe9-6bfcf78aa3cb] Created FlowFile[4019,92022734202816.mockFlowFile,24B] from FlowFile[4018,92022734202816.mockFlowFile,24B]; routing to relationship simple
[pool-4332-thread-1] INFO org.apache.nifi.processors.standard.RouteText - RouteText[id=e191155b-3232-49bd-bfe9-6bfcf78aa3cb] Routing FlowFile[4018,92022734202816.mockFlowFile,24B] to original
[main] DEBUG org.apache.nifi.processors.standard.RouteText - RouteText[id=e191155b-3232-49bd-bfe9-6bfcf78aa3cb] Adding new dynamic property: PropertyDescriptor[simple]
[pool-4333-thread-1] INFO org.apache.nifi.processors.standard.RouteText - RouteText[id=e191155b-3232-49bd-bfe9-6bfcf78aa3cb] Created FlowFile[4021,92022734780317.mockFlowFile,24B] from FlowFile[4020,92022734780317.mockFlowFile,24B]; routing to relationship simple
[pool-4333-thread-1] INFO org.apache.nifi.processors.standard.RouteText - RouteText[id=e191155b-3232-49bd-bfe9-6bfcf78aa3cb] Routing FlowFile[4020,92022734780317.mockFlowFile,24B] to original
[main] DEBUG org.apache.nifi.processors.standard.RouteText - RouteText[id=e191155b-3232-49bd-bfe9-6bfcf78aa3cb] Adding new dynamic property: PropertyDescriptor[simple]
[pool-4334-thread-1] INFO org.apache.nifi.processors.standard.RouteText - RouteText[id=e191155b-3232-49bd-bfe9-6bfcf78aa3cb] Created FlowFile[4023,92022735395798.mockFlowFile,24B] from FlowFile[4022,92022735395798.mockFlowFile,24B]; routing to relationship simple
[pool-4334-thread-1] INFO org.apache.nifi.processors.standard.RouteText - RouteText[id=e191155b-3232-49bd-bfe9-6bfcf78aa3cb] Routing FlowFile[4022,92022735395798.mockFlowFile,24B] to original
[main] DEBUG org.apache.nifi.processors.standard.RouteText - RouteText[id=e191155b-3232-49bd-bfe9-6bfcf78aa3cb] Adding new dynamic property: PropertyDescriptor[simple]
[pool-4335-thread-1] INFO org.apache.nifi.processors.standard.RouteText - RouteText[id=e191155b-3232-49bd-bfe9-6bfcf78aa3cb] Created FlowFile[4025,92022735906124.mockFlowFile,24B] from FlowFile[4024,92022735906124.mockFlowFile,24B]; routing to relationship simple
[pool-4335-thread-1] INFO org.apache.nifi.processors.standard.RouteText - RouteText[id=e191155b-3232-49bd-bfe9-6bfcf78aa3cb] Routing FlowFile[4024,92022735906124.mockFlowFile,24B] to original
[main] DEBUG org.apache.nifi.processors.standard.RouteText - RouteText[id=e191155b-3232-49bd-bfe9-6bfcf78aa3cb] Adding new dynamic property: PropertyDescriptor[simple]
[pool-4336-thread-1] INFO org.apache.nifi.processors.standard.RouteText - RouteText[id=e191155b-3232-49bd-bfe9-6bfcf78aa3cb] Created FlowFile[4027,92022736518919.mockFlowFile,24B] from FlowFile[4026,92022736518919.mockFlowFile,24B]; routing to relationship simple
[pool-4336-thread-1] INFO org.apache.nifi.processors.standard.RouteText - RouteText[id=e191155b-3232-49bd-bfe9-6bfcf78aa3cb] Routing FlowFile[4026,92022736518919.mockFlowFile,24B] to original
[main] DEBUG org.apache.nifi.processors.standard.RouteText - RouteText[id=e191155b-3232-49bd-bfe9-6bfcf78aa3cb] Adding new dynamic property: PropertyDescriptor[simple]
[pool-4337-thread-1] INFO org.apache.nifi.processors.standard.RouteText - RouteText[id=e191155b-3232-49bd-bfe9-6bfcf78aa3cb] Created FlowFile[4029,92022737114650.mockFlowFile,24B] from FlowFile[4028,92022737114650.mockFlowFile,24B]; routing to relationship simple
[pool-4337-thread-1] INFO org.apache.nifi.processors.standard.RouteText - RouteText[id=e191155b-3232-49bd-bfe9-6bfcf78aa3cb] Routing FlowFile[4028,92022737114650.mockFlowFile,24B] to original
[main] DEBUG org.apache.nifi.processors.standard.RouteText - RouteText[id=e191155b-3232-49bd-bfe9-6bfcf78aa3cb] Adding new dynamic property: PropertyDescriptor[simple]
[pool-4338-thread-1] INFO org.apache.nifi.processors.standard.RouteText - RouteText[id=e191155b-3232-49bd-bfe9-6bfcf78aa3cb] Created FlowFile[4031,92022737682901.mockFlowFile,24B] from FlowFile[4030,92022737682901.mockFlowFile,24B]; routing to relationship simple
[pool-4338-thread-1] INFO org.apache.nifi.processors.standard.RouteText - RouteText[id=e191155b-3232-49bd-bfe9-6bfcf78aa3cb] Routing FlowFile[4030,92022737682901.mockFlowFile,24B] to original
[main] DEBUG org.apache.nifi.processors.standard.RouteText - RouteText[id=e191155b-3232-49bd-bfe9-6bfcf78aa3cb] Adding new dynamic property: PropertyDescriptor[simple]
[pool-4339-thread-1] INFO org.apache.nifi.processors.standard.RouteText - RouteText[id=e191155b-3232-49bd-bfe9-6bfcf78aa3cb] Created FlowFile[4033,92022738228166.mockFlowFile,24B] from FlowFile[4032,92022738228166.mockFlowFile,24B]; routing to relationship simple
[pool-4339-thread-1] INFO org.apache.nifi.processors.standard.RouteText - RouteText[id=e191155b-3232-49bd-bfe9-6bfcf78aa3cb] Routing FlowFile[4032,92022738228166.mockFlowFile,24B] to original
[main] DEBUG org.apache.nifi.processors.standard.RouteText - RouteText[id=e191155b-3232-49bd-bfe9-6bfcf78aa3cb] Adding new dynamic property: PropertyDescriptor[simple]
[pool-4340-thread-1] INFO org.apache.nifi.processors.standard.RouteText - RouteText[id=e191155b-3232-49bd-bfe9-6bfcf78aa3cb] Created FlowFile[4035,92022738692462.mockFlowFile,24B] from FlowFile[4034,92022738692462.mockFlowFile,24B]; routing to relationship simple
[pool-4340-thread-1] INFO org.apache.nifi.processors.standard.RouteText - RouteText[id=e191155b-3232-49bd-bfe9-6bfcf78aa3cb] Routing FlowFile[4034,92022738692462.mockFlowFile,24B] to original
[main] DEBUG org.apache.nifi.processors.standard.RouteText - RouteText[id=e191155b-3232-49bd-bfe9-6bfcf78aa3cb] Adding new dynamic property: PropertyDescriptor[simple]
[pool-4341-thread-1] INFO org.apache.nifi.processors.standard.RouteText - RouteText[id=e191155b-3232-49bd-bfe9-6bfcf78aa3cb] Created FlowFile[4037,92022739135375.mockFlowFile,24B] from FlowFile[4036,92022739135375.mockFlowFile,24B]; routing to relationship simple
[pool-4341-thread-1] INFO org.apache.nifi.processors.standard.RouteText - RouteText[id=e191155b-3232-49bd-bfe9-6bfcf78aa3cb] Routing FlowFile[4036,92022739135375.mockFlowFile,24B] to original
[main] DEBUG org.apache.nifi.processors.standard.RouteText - RouteText[id=e191155b-3232-49bd-bfe9-6bfcf78aa3cb] Adding new dynamic property: PropertyDescriptor[simple]
[pool-4342-thread-1] INFO org.apache.nifi.processors.standard.RouteText - RouteText[id=e191155b-3232-49bd-bfe9-6bfcf78aa3cb] Created FlowFile[4039,92022760261433.mockFlowFile,24B] from FlowFile[4038,92022760261433.mockFlowFile,24B]; routing to relationship simple
[pool-4342-thread-1] INFO org.apache.nifi.processors.standard.RouteText - RouteText[id=e191155b-3232-49bd-bfe9-6bfcf78aa3cb] Routing FlowFile[4038,92022760261433.mockFlowFile,24B] to original
[main] DEBUG org.apache.nifi.processors.standard.RouteText - RouteText[id=e191155b-3232-49bd-bfe9-6bfcf78aa3cb] Adding new dynamic property: PropertyDescriptor[simple]
[pool-4343-thread-1] INFO org.apache.nifi.processors.standard.RouteText - RouteText[id=e191155b-3232-49bd-bfe9-6bfcf78aa3cb] Created FlowFile[4041,92022760969489.mockFlowFile,24B] from FlowFile[4040,92022760969489.mockFlowFile,24B]; routing to relationship simple
[pool-4343-thread-1] INFO org.apache.nifi.processors.standard.RouteText - RouteText[id=e191155b-3232-49bd-bfe9-6bfcf78aa3cb] Routing FlowFile[4040,92022760969489.mockFlowFile,24B] to original
[main] DEBUG org.apache.nifi.processors.standard.RouteText - RouteText[id=e191155b-3232-49bd-bfe9-6bfcf78aa3cb] Adding new dynamic property: PropertyDescriptor[simple]
[pool-4344-thread-1] INFO org.apache.nifi.processors.standard.RouteText - RouteText[id=e191155b-3232-49bd-bfe9-6bfcf78aa3cb] Created FlowFile[4043,92022761576220.mockFlowFile,24B] from FlowFile[4042,92022761576220.mockFlowFile,24B]; routing to relationship simple
[pool-4344-thread-1] INFO org.apache.nifi.processors.standard.RouteText - RouteText[id=e191155b-3232-49bd-bfe9-6bfcf78aa3cb] Routing FlowFile[4042,92022761576220.mockFlowFile,24B] to original
[main] DEBUG org.apache.nifi.processors.standard.RouteText - RouteText[id=e191155b-3232-49bd-bfe9-6bfcf78aa3cb] Adding new dynamic property: PropertyDescriptor[simple]
[pool-4345-thread-1] INFO org.apache.nifi.processors.standard.RouteText - RouteText[id=e191155b-3232-49bd-bfe9-6bfcf78aa3cb] Created FlowFile[4045,92022762139101.mockFlowFile,24B] from FlowFile[4044,92022762139101.mockFlowFile,24B]; routing to relationship simple
[pool-4345-thread-1] INFO org.apache.nifi.processors.standard.RouteText - RouteText[id=e191155b-3232-49bd-bfe9-6bfcf78aa3cb] Routing FlowFile[4044,92022762139101.mockFlowFile,24B] to original
[main] DEBUG org.apache.nifi.processors.standard.RouteText - RouteText[id=e191155b-3232-49bd-bfe9-6bfcf78aa3cb] Adding new dynamic property: PropertyDescriptor[simple]
[pool-4346-thread-1] INFO org.apache.nifi.processors.standard.RouteText - RouteText[id=e191155b-3232-49bd-bfe9-6bfcf78aa3cb] Created FlowFile[4047,92022762743531.mockFlowFile,24B] from FlowFile[4046,92022762743531.mockFlowFile,24B]; routing to relationship simple
[pool-4346-thread-1] INFO org.apache.nifi.processors.standard.RouteText - RouteText[id=e191155b-3232-49bd-bfe9-6bfcf78aa3cb] Routing FlowFile[4046,92022762743531.mockFlowFile,24B] to original
[main] DEBUG org.apache.nifi.processors.standard.RouteText - RouteText[id=e191155b-3232-49bd-bfe9-6bfcf78aa3cb] Adding new dynamic property: PropertyDescriptor[simple]
[pool-4347-thread-1] INFO org.apache.nifi.processors.standard.RouteText - RouteText[id=e191155b-3232-49bd-bfe9-6bfcf78aa3cb] Created FlowFile[4049,92022763355318.mockFlowFile,24B] from FlowFile[4048,92022763355318.mockFlowFile,24B]; routing to relationship simple
[pool-4347-thread-1] INFO org.apache.nifi.processors.standard.RouteText - RouteText[id=e191155b-3232-49bd-bfe9-6bfcf78aa3cb] Routing FlowFile[4048,92022763355318.mockFlowFile,24B] to original
[main] DEBUG org.apache.nifi.processors.standard.RouteText - RouteText[id=e191155b-3232-49bd-bfe9-6bfcf78aa3cb] Adding new dynamic property: PropertyDescriptor[simple]
[pool-4348-thread-1] INFO org.apache.nifi.processors.standard.RouteText - RouteText[id=e191155b-3232-49bd-bfe9-6bfcf78aa3cb] Created FlowFile[4051,92022763885815.mockFlowFile,24B] from FlowFile[4050,92022763885815.mockFlowFile,24B]; routing to relationship simple
[pool-4348-thread-1] INFO org.apache.nifi.processors.standard.RouteText - RouteText[id=e191155b-3232-49bd-bfe9-6bfcf78aa3cb] Routing FlowFile[4050,92022763885815.mockFlowFile,24B] to original
[main] DEBUG org.apache.nifi.processors.standard.RouteText - RouteText[id=e191155b-3232-49bd-bfe9-6bfcf78aa3cb] Adding new dynamic property: PropertyDescriptor[simple]
[pool-4349-thread-1] INFO org.apache.nifi.processors.standard.RouteText - RouteText[id=e191155b-3232-49bd-bfe9-6bfcf78aa3cb] Created FlowFile[4053,92022764476555.mockFlowFile,24B] from FlowFile[4052,92022764476555.mockFlowFile,24B]; routing to relationship simple
[pool-4349-thread-1] INFO org.apache.nifi.processors.standard.RouteText - RouteText[id=e191155b-3232-49bd-bfe9-6bfcf78aa3cb] Routing FlowFile[4052,92022764476555.mockFlowFile,24B] to original
[main] DEBUG org.apache.nifi.processors.standard.RouteText - RouteText[id=e191155b-3232-49bd-bfe9-6bfcf78aa3cb] Adding new dynamic property: PropertyDescriptor[simple]
[pool-4350-thread-1] INFO org.apache.nifi.processors.standard.RouteText - RouteText[id=e191155b-3232-49bd-bfe9-6bfcf78aa3cb] Created FlowFile[4055,92022765093174.mockFlowFile,24B] from FlowFile[4054,92022765093174.mockFlowFile,24B]; routing to relationship simple
[pool-4350-thread-1] INFO org.apache.nifi.processors.standard.RouteText - RouteText[id=e191155b-3232-49bd-bfe9-6bfcf78aa3cb] Routing FlowFile[4054,92022765093174.mockFlowFile,24B] to original
[main] DEBUG org.apache.nifi.processors.standard.RouteText - RouteText[id=e191155b-3232-49bd-bfe9-6bfcf78aa3cb] Adding new dynamic property: PropertyDescriptor[simple]
[pool-4351-thread-1] INFO org.apache.nifi.processors.standard.RouteText - RouteText[id=e191155b-3232-49bd-bfe9-6bfcf78aa3cb] Created FlowFile[4057,92022765693323.mockFlowFile,24B] from FlowFile[4056,92022765693323.mockFlowFile,24B]; routing to relationship simple
[pool-4351-thread-1] INFO org.apache.nifi.processors.standard.RouteText - RouteText[id=e191155b-3232-49bd-bfe9-6bfcf78aa3cb] Routing FlowFile[4056,92022765693323.mockFlowFile,24B] to original
[main] DEBUG org.apache.nifi.processors.standard.RouteText - RouteText[id=e191155b-3232-49bd-bfe9-6bfcf78aa3cb] Adding new dynamic property: PropertyDescriptor[simple]
[pool-4352-thread-1] INFO org.apache.nifi.processors.standard.RouteText - RouteText[id=e191155b-3232-49bd-bfe9-6bfcf78aa3cb] Created FlowFile[4059,92022766233692.mockFlowFile,24B] from FlowFile[4058,92022766233692.mockFlowFile,24B]; routing to relationship simple
[pool-4352-thread-1] INFO org.apache.nifi.processors.standard.RouteText - RouteText[id=e191155b-3232-49bd-bfe9-6bfcf78aa3cb] Routing FlowFile[4058,92022766233692.mockFlowFile,24B] to original
[main] DEBUG org.apache.nifi.processors.standard.RouteText - RouteText[id=e191155b-3232-49bd-bfe9-6bfcf78aa3cb] Adding new dynamic property: PropertyDescriptor[simple]
[pool-4353-thread-1] INFO org.apache.nifi.processors.standard.RouteText - RouteText[id=e191155b-3232-49bd-bfe9-6bfcf78aa3cb] Created FlowFile[4061,92022766746703.mockFlowFile,24B] from FlowFile[4060,92022766746703.mockFlowFile,24B]; routing to relationship simple
[pool-4353-thread-1] INFO org.apache.nifi.processors.standard.RouteText - RouteText[id=e191155b-3232-49bd-bfe9-6bfcf78aa3cb] Routing FlowFile[4060,92022766746703.mockFlowFile,24B] to original
[main] DEBUG org.apache.nifi.processors.standard.RouteText - RouteText[id=e191155b-3232-49bd-bfe9-6bfcf78aa3cb] Adding new dynamic property: PropertyDescriptor[simple]
[pool-4354-thread-1] INFO org.apache.nifi.processors.standard.RouteText - RouteText[id=e191155b-3232-49bd-bfe9-6bfcf78aa3cb] Created FlowFile[4063,92022767155052.mockFlowFile,24B] from FlowFile[4062,92022767155052.mockFlowFile,24B]; routing to relationship simple
[pool-4354-thread-1] INFO org.apache.nifi.processors.standard.RouteText - RouteText[id=e191155b-3232-49bd-bfe9-6bfcf78aa3cb] Routing FlowFile[4062,92022767155052.mockFlowFile,24B] to original
[main] DEBUG org.apache.nifi.processors.standard.RouteText - RouteText[id=e191155b-3232-49bd-bfe9-6bfcf78aa3cb] Adding new dynamic property: PropertyDescriptor[simple]
[pool-4355-thread-1] INFO org.apache.nifi.processors.standard.RouteText - RouteText[id=e191155b-3232-49bd-bfe9-6bfcf78aa3cb] Created FlowFile[4065,92022767711319.mockFlowFile,24B] from FlowFile[4064,92022767711319.mockFlowFile,24B]; routing to relationship simple
[pool-4355-thread-1] INFO org.apache.nifi.processors.standard.RouteText - RouteText[id=e191155b-3232-49bd-bfe9-6bfcf78aa3cb] Routing FlowFile[4064,92022767711319.mockFlowFile,24B] to original
[main] DEBUG org.apache.nifi.processors.standard.RouteText - RouteText[id=e191155b-3232-49bd-bfe9-6bfcf78aa3cb] Adding new dynamic property: PropertyDescriptor[simple]
[pool-4356-thread-1] INFO org.apache.nifi.processors.standard.RouteText - RouteText[id=e191155b-3232-49bd-bfe9-6bfcf78aa3cb] Created FlowFile[4067,92022768181117.mockFlowFile,24B] from FlowFile[4066,92022768181117.mockFlowFile,24B]; routing to relationship simple
[pool-4356-thread-1] INFO org.apache.nifi.processors.standard.RouteText - RouteText[id=e191155b-3232-49bd-bfe9-6bfcf78aa3cb] Routing FlowFile[4066,92022768181117.mockFlowFile,24B] to original
[main] DEBUG org.apache.nifi.processors.standard.RouteText - RouteText[id=e191155b-3232-49bd-bfe9-6bfcf78aa3cb] Adding new dynamic property: PropertyDescriptor[simple]
[pool-4357-thread-1] INFO org.apache.nifi.processors.standard.RouteText - RouteText[id=e191155b-3232-49bd-bfe9-6bfcf78aa3cb] Created FlowFile[4069,92022768753818.mockFlowFile,24B] from FlowFile[4068,92022768753818.mockFlowFile,24B]; routing to relationship simple
[pool-4357-thread-1] INFO org.apache.nifi.processors.standard.RouteText - RouteText[id=e191155b-3232-49bd-bfe9-6bfcf78aa3cb] Routing FlowFile[4068,92022768753818.mockFlowFile,24B] to original
[main] DEBUG org.apache.nifi.processors.standard.RouteText - RouteText[id=e191155b-3232-49bd-bfe9-6bfcf78aa3cb] Adding new dynamic property: PropertyDescriptor[simple]
[pool-4358-thread-1] INFO org.apache.nifi.processors.standard.RouteText - RouteText[id=e191155b-3232-49bd-bfe9-6bfcf78aa3cb] Created FlowFile[4071,92022769301029.mockFlowFile,24B] from FlowFile[4070,92022769301029.mockFlowFile,24B]; routing to relationship simple
[pool-4358-thread-1] INFO org.apache.nifi.processors.standard.RouteText - RouteText[id=e191155b-3232-49bd-bfe9-6bfcf78aa3cb] Routing FlowFile[4070,92022769301029.mockFlowFile,24B] to original
[main] DEBUG org.apache.nifi.processors.standard.RouteText - RouteText[id=e191155b-3232-49bd-bfe9-6bfcf78aa3cb] Adding new dynamic property: PropertyDescriptor[simple]
[pool-4359-thread-1] INFO org.apache.nifi.processors.standard.RouteText - RouteText[id=e191155b-3232-49bd-bfe9-6bfcf78aa3cb] Created FlowFile[4073,92022769813563.mockFlowFile,24B] from FlowFile[4072,92022769813563.mockFlowFile,24B]; routing to relationship simple
[pool-4359-thread-1] INFO org.apache.nifi.processors.standard.RouteText - RouteText[id=e191155b-3232-49bd-bfe9-6bfcf78aa3cb] Routing FlowFile[4072,92022769813563.mockFlowFile,24B] to original
[main] DEBUG org.apache.nifi.processors.standard.RouteText - RouteText[id=e191155b-3232-49bd-bfe9-6bfcf78aa3cb] Adding new dynamic property: PropertyDescriptor[simple]
[pool-4360-thread-1] INFO org.apache.nifi.processors.standard.RouteText - RouteText[id=e191155b-3232-49bd-bfe9-6bfcf78aa3cb] Created FlowFile[4075,92022770338763.mockFlowFile,24B] from FlowFile[4074,92022770338763.mockFlowFile,24B]; routing to relationship simple
[pool-4360-thread-1] INFO org.apache.nifi.processors.standard.RouteText - RouteText[id=e191155b-3232-49bd-bfe9-6bfcf78aa3cb] Routing FlowFile[4074,92022770338763.mockFlowFile,24B] to original
[main] DEBUG org.apache.nifi.processors.standard.RouteText - RouteText[id=e191155b-3232-49bd-bfe9-6bfcf78aa3cb] Adding new dynamic property: PropertyDescriptor[simple]
[pool-4361-thread-1] INFO org.apache.nifi.processors.standard.RouteText - RouteText[id=e191155b-3232-49bd-bfe9-6bfcf78aa3cb] Created FlowFile[4077,92022770747475.mockFlowFile,24B] from FlowFile[4076,92022770747475.mockFlowFile,24B]; routing to relationship simple
[pool-4361-thread-1] INFO org.apache.nifi.processors.standard.RouteText - RouteText[id=e191155b-3232-49bd-bfe9-6bfcf78aa3cb] Routing FlowFile[4076,92022770747475.mockFlowFile,24B] to original
[main] DEBUG org.apache.nifi.processors.standard.RouteText - RouteText[id=e191155b-3232-49bd-bfe9-6bfcf78aa3cb] Adding new dynamic property: PropertyDescriptor[simple]
[pool-4362-thread-1] INFO org.apache.nifi.processors.standard.RouteText - RouteText[id=e191155b-3232-49bd-bfe9-6bfcf78aa3cb] Created FlowFile[4079,92022771131550.mockFlowFile,24B] from FlowFile[4078,92022771131550.mockFlowFile,24B]; routing to relationship simple
[pool-4362-thread-1] INFO org.apache.nifi.processors.standard.RouteText - RouteText[id=e191155b-3232-49bd-bfe9-6bfcf78aa3cb] Routing FlowFile[4078,92022771131550.mockFlowFile,24B] to original
[main] DEBUG org.apache.nifi.processors.standard.RouteText - RouteText[id=e191155b-3232-49bd-bfe9-6bfcf78aa3cb] Adding new dynamic property: PropertyDescriptor[simple]
[pool-4363-thread-1] INFO org.apache.nifi.processors.standard.RouteText - RouteText[id=e191155b-3232-49bd-bfe9-6bfcf78aa3cb] Created FlowFile[4081,92022771654124.mockFlowFile,24B] from FlowFile[4080,92022771654124.mockFlowFile,24B]; routing to relationship simple
[pool-4363-thread-1] INFO org.apache.nifi.processors.standard.RouteText - RouteText[id=e191155b-3232-49bd-bfe9-6bfcf78aa3cb] Routing FlowFile[4080,92022771654124.mockFlowFile,24B] to original
[main] DEBUG org.apache.nifi.processors.standard.RouteText - RouteText[id=e191155b-3232-49bd-bfe9-6bfcf78aa3cb] Adding new dynamic property: PropertyDescriptor[simple]
[pool-4364-thread-1] INFO org.apache.nifi.processors.standard.RouteText - RouteText[id=e191155b-3232-49bd-bfe9-6bfcf78aa3cb] Created FlowFile[4083,92022772217210.mockFlowFile,24B] from FlowFile[4082,92022772217210.mockFlowFile,24B]; routing to relationship simple
[pool-4364-thread-1] INFO org.apache.nifi.processors.standard.RouteText - RouteText[id=e191155b-3232-49bd-bfe9-6bfcf78aa3cb] Routing FlowFile[4082,92022772217210.mockFlowFile,24B] to original
[main] DEBUG org.apache.nifi.processors.standard.RouteText - RouteText[id=e191155b-3232-49bd-bfe9-6bfcf78aa3cb] Adding new dynamic property: PropertyDescriptor[simple]
[pool-4365-thread-1] INFO org.apache.nifi.processors.standard.RouteText - RouteText[id=e191155b-3232-49bd-bfe9-6bfcf78aa3cb] Created FlowFile[4085,92022772717658.mockFlowFile,24B] from FlowFile[4084,92022772717658.mockFlowFile,24B]; routing to relationship simple
[pool-4365-thread-1] INFO org.apache.nifi.processors.standard.RouteText - RouteText[id=e191155b-3232-49bd-bfe9-6bfcf78aa3cb] Routing FlowFile[4084,92022772717658.mockFlowFile,24B] to original
[main] DEBUG org.apache.nifi.processors.standard.RouteText - RouteText[id=e191155b-3232-49bd-bfe9-6bfcf78aa3cb] Adding new dynamic property: PropertyDescriptor[simple]
[pool-4366-thread-1] INFO org.apache.nifi.processors.standard.RouteText - RouteText[id=e191155b-3232-49bd-bfe9-6bfcf78aa3cb] Created FlowFile[4087,92022773177820.mockFlowFile,24B] from FlowFile[4086,92022773177820.mockFlowFile,24B]; routing to relationship simple
[pool-4366-thread-1] INFO org.apache.nifi.processors.standard.RouteText - RouteText[id=e191155b-3232-49bd-bfe9-6bfcf78aa3cb] Routing FlowFile[4086,92022773177820.mockFlowFile,24B] to original
[main] DEBUG org.apache.nifi.processors.standard.RouteText - RouteText[id=e191155b-3232-49bd-bfe9-6bfcf78aa3cb] Adding new dynamic property: PropertyDescriptor[simple]
[pool-4367-thread-1] INFO org.apache.nifi.processors.standard.RouteText - RouteText[id=e191155b-3232-49bd-bfe9-6bfcf78aa3cb] Created FlowFile[4089,92022773636217.mockFlowFile,24B] from FlowFile[4088,92022773636217.mockFlowFile,24B]; routing to relationship simple
[pool-4367-thread-1] INFO org.apache.nifi.processors.standard.RouteText - RouteText[id=e191155b-3232-49bd-bfe9-6bfcf78aa3cb] Routing FlowFile[4088,92022773636217.mockFlowFile,24B] to original
[main] DEBUG org.apache.nifi.processors.standard.RouteText - RouteText[id=e191155b-3232-49bd-bfe9-6bfcf78aa3cb] Adding new dynamic property: PropertyDescriptor[simple]
[pool-4368-thread-1] INFO org.apache.nifi.processors.standard.RouteText - RouteText[id=e191155b-3232-49bd-bfe9-6bfcf78aa3cb] Created FlowFile[4091,92022774095518.mockFlowFile,24B] from FlowFile[4090,92022774095518.mockFlowFile,24B]; routing to relationship simple
[pool-4368-thread-1] INFO org.apache.nifi.processors.standard.RouteText - RouteText[id=e191155b-3232-49bd-bfe9-6bfcf78aa3cb] Routing FlowFile[4090,92022774095518.mockFlowFile,24B] to original
[main] DEBUG org.apache.nifi.processors.standard.RouteText - RouteText[id=e191155b-3232-49bd-bfe9-6bfcf78aa3cb] Adding new dynamic property: PropertyDescriptor[simple]
[pool-4369-thread-1] INFO org.apache.nifi.processors.standard.RouteText - RouteText[id=e191155b-3232-49bd-bfe9-6bfcf78aa3cb] Created FlowFile[4093,92022774548229.mockFlowFile,24B] from FlowFile[4092,92022774548229.mockFlowFile,24B]; routing to relationship simple
[pool-4369-thread-1] INFO org.apache.nifi.processors.standard.RouteText - RouteText[id=e191155b-3232-49bd-bfe9-6bfcf78aa3cb] Routing FlowFile[4092,92022774548229.mockFlowFile,24B] to original
[main] DEBUG org.apache.nifi.processors.standard.RouteText - RouteText[id=e191155b-3232-49bd-bfe9-6bfcf78aa3cb] Adding new dynamic property: PropertyDescriptor[simple]
[pool-4370-thread-1] INFO org.apache.nifi.processors.standard.RouteText - RouteText[id=e191155b-3232-49bd-bfe9-6bfcf78aa3cb] Created FlowFile[4095,92022775000312.mockFlowFile,24B] from FlowFile[4094,92022775000312.mockFlowFile,24B]; routing to relationship simple
[pool-4370-thread-1] INFO org.apache.nifi.processors.standard.RouteText - RouteText[id=e191155b-3232-49bd-bfe9-6bfcf78aa3cb] Routing FlowFile[4094,92022775000312.mockFlowFile,24B] to original
[main] DEBUG org.apache.nifi.processors.standard.RouteText - RouteText[id=e191155b-3232-49bd-bfe9-6bfcf78aa3cb] Adding new dynamic property: PropertyDescriptor[simple]
[pool-4371-thread-1] INFO org.apache.nifi.processors.standard.RouteText - RouteText[id=e191155b-3232-49bd-bfe9-6bfcf78aa3cb] Created FlowFile[4097,92022775468423.mockFlowFile,24B] from FlowFile[4096,92022775468423.mockFlowFile,24B]; routing to relationship simple
[pool-4371-thread-1] INFO org.apache.nifi.processors.standard.RouteText - RouteText[id=e191155b-3232-49bd-bfe9-6bfcf78aa3cb] Routing FlowFile[4096,92022775468423.mockFlowFile,24B] to original
[main] DEBUG org.apache.nifi.processors.standard.RouteText - RouteText[id=e191155b-3232-49bd-bfe9-6bfcf78aa3cb] Adding new dynamic property: PropertyDescriptor[simple]
[pool-4372-thread-1] INFO org.apache.nifi.processors.standard.RouteText - RouteText[id=e191155b-3232-49bd-bfe9-6bfcf78aa3cb] Created FlowFile[4099,92022775960994.mockFlowFile,24B] from FlowFile[4098,92022775960994.mockFlowFile,24B]; routing to relationship simple
[pool-4372-thread-1] INFO org.apache.nifi.processors.standard.RouteText - RouteText[id=e191155b-3232-49bd-bfe9-6bfcf78aa3cb] Routing FlowFile[4098,92022775960994.mockFlowFile,24B] to original
]]></system-err>
  </testcase>
  <testcase name="testSimpleDefaultMatchRegularExpression" classname="org.apache.nifi.processors.standard.TestRouteText" time="0.001">
    <system-err><![CDATA[[main] DEBUG org.apache.nifi.processors.standard.RouteText - RouteText[id=da812882-8180-47c7-89a2-e40ac3d17465] Adding new dynamic property: PropertyDescriptor[simple]
[pool-4373-thread-1] INFO org.apache.nifi.processors.standard.RouteText - RouteText[id=da812882-8180-47c7-89a2-e40ac3d17465] Created FlowFile[1,92022779037619.mockFlowFile,17B] from FlowFile[0,92022779037619.mockFlowFile,26B]; routing to relationship simple
[pool-4373-thread-1] INFO org.apache.nifi.processors.standard.RouteText - RouteText[id=da812882-8180-47c7-89a2-e40ac3d17465] Created FlowFile[2,92022779037619.mockFlowFile,9B] from FlowFile[0,92022779037619.mockFlowFile,26B]; routing to relationship unmatched
[pool-4373-thread-1] INFO org.apache.nifi.processors.standard.RouteText - RouteText[id=da812882-8180-47c7-89a2-e40ac3d17465] Routing FlowFile[0,92022779037619.mockFlowFile,26B] to original
]]></system-err>
  </testcase>
  <testcase name="testRouteOnPropertiesStartsWindowsNewLine" classname="org.apache.nifi.processors.standard.TestRouteText" time="0">
    <system-err><![CDATA[[main] DEBUG org.apache.nifi.processors.standard.RouteText - RouteText[id=999d922a-c3e3-405d-90e5-dba2bb3ca0a9] Adding new dynamic property: PropertyDescriptor[simple]
[pool-4374-thread-1] INFO org.apache.nifi.processors.standard.RouteText - RouteText[id=999d922a-c3e3-405d-90e5-dba2bb3ca0a9] Created FlowFile[1,92022780259336.mockFlowFile,18B] from FlowFile[0,92022780259336.mockFlowFile,27B]; routing to relationship simple
[pool-4374-thread-1] INFO org.apache.nifi.processors.standard.RouteText - RouteText[id=999d922a-c3e3-405d-90e5-dba2bb3ca0a9] Created FlowFile[2,92022780259336.mockFlowFile,9B] from FlowFile[0,92022780259336.mockFlowFile,27B]; routing to relationship unmatched
[pool-4374-thread-1] INFO org.apache.nifi.processors.standard.RouteText - RouteText[id=999d922a-c3e3-405d-90e5-dba2bb3ca0a9] Routing FlowFile[0,92022780259336.mockFlowFile,27B] to original
]]></system-err>
  </testcase>
  <testcase name="testSimpleAllEquals" classname="org.apache.nifi.processors.standard.TestRouteText" time="0">
    <system-err><![CDATA[[main] DEBUG org.apache.nifi.processors.standard.RouteText - RouteText[id=3ab3d247-052a-4fde-92ac-db6fdd1cd02e] Adding new dynamic property: PropertyDescriptor[second]
[main] DEBUG org.apache.nifi.processors.standard.RouteText - RouteText[id=3ab3d247-052a-4fde-92ac-db6fdd1cd02e] Adding new dynamic property: PropertyDescriptor[simple]
[pool-4375-thread-1] INFO org.apache.nifi.processors.standard.RouteText - RouteText[id=3ab3d247-052a-4fde-92ac-db6fdd1cd02e] Created FlowFile[2,92022781195242.mockFlowFile,9B] from FlowFile[0,92022781195242.mockFlowFile,26B]; routing to relationship unmatched
[pool-4375-thread-1] INFO org.apache.nifi.processors.standard.RouteText - RouteText[id=3ab3d247-052a-4fde-92ac-db6fdd1cd02e] Created FlowFile[1,92022781195242.mockFlowFile,17B] from FlowFile[0,92022781195242.mockFlowFile,26B]; routing to relationship matched
[pool-4375-thread-1] INFO org.apache.nifi.processors.standard.RouteText - RouteText[id=3ab3d247-052a-4fde-92ac-db6fdd1cd02e] Routing FlowFile[0,92022781195242.mockFlowFile,26B] to original
]]></system-err>
  </testcase>
  <testcase name="testInvalidRegex" classname="org.apache.nifi.processors.standard.TestRouteText" time="0.001"/>
  <testcase name="testSimpleAllContainRegularExpression" classname="org.apache.nifi.processors.standard.TestRouteText" time="0.001">
    <system-err><![CDATA[[main] DEBUG org.apache.nifi.processors.standard.RouteText - RouteText[id=29a79b26-6e3b-4948-a119-ebeb9168a74e] Adding new dynamic property: PropertyDescriptor[second]
[main] DEBUG org.apache.nifi.processors.standard.RouteText - RouteText[id=29a79b26-6e3b-4948-a119-ebeb9168a74e] Adding new dynamic property: PropertyDescriptor[simple]
[pool-4376-thread-1] INFO org.apache.nifi.processors.standard.RouteText - RouteText[id=29a79b26-6e3b-4948-a119-ebeb9168a74e] Created FlowFile[2,92022782533926.mockFlowFile,9B] from FlowFile[0,92022782533926.mockFlowFile,26B]; routing to relationship unmatched
[pool-4376-thread-1] INFO org.apache.nifi.processors.standard.RouteText - RouteText[id=29a79b26-6e3b-4948-a119-ebeb9168a74e] Created FlowFile[1,92022782533926.mockFlowFile,17B] from FlowFile[0,92022782533926.mockFlowFile,26B]; routing to relationship matched
[pool-4376-thread-1] INFO org.apache.nifi.processors.standard.RouteText - RouteText[id=29a79b26-6e3b-4948-a119-ebeb9168a74e] Routing FlowFile[0,92022782533926.mockFlowFile,26B] to original
]]></system-err>
  </testcase>
  <testcase name="testSimpleDefaultContains" classname="org.apache.nifi.processors.standard.TestRouteText" time="0">
    <system-err><![CDATA[[main] DEBUG org.apache.nifi.processors.standard.RouteText - RouteText[id=d26f379a-959d-4cd8-9654-d2d1c9efc3ca] Adding new dynamic property: PropertyDescriptor[simple]
[pool-4377-thread-1] INFO org.apache.nifi.processors.standard.RouteText - RouteText[id=d26f379a-959d-4cd8-9654-d2d1c9efc3ca] Created FlowFile[1,92022783176179.mockFlowFile,17B] from FlowFile[0,92022783176179.mockFlowFile,26B]; routing to relationship simple
[pool-4377-thread-1] INFO org.apache.nifi.processors.standard.RouteText - RouteText[id=d26f379a-959d-4cd8-9654-d2d1c9efc3ca] Created FlowFile[2,92022783176179.mockFlowFile,9B] from FlowFile[0,92022783176179.mockFlowFile,26B]; routing to relationship unmatched
[pool-4377-thread-1] INFO org.apache.nifi.processors.standard.RouteText - RouteText[id=d26f379a-959d-4cd8-9654-d2d1c9efc3ca] Routing FlowFile[0,92022783176179.mockFlowFile,26B] to original
]]></system-err>
  </testcase>
  <testcase name="testNotText" classname="org.apache.nifi.processors.standard.TestRouteText" time="0.017">
    <system-err><![CDATA[[main] DEBUG org.apache.nifi.processors.standard.RouteText - RouteText[id=0a51559d-702e-41f3-8c8d-3d083b5d5ba9] Adding new dynamic property: PropertyDescriptor[simple]
[pool-4378-thread-1] INFO org.apache.nifi.processors.standard.RouteText - RouteText[id=0a51559d-702e-41f3-8c8d-3d083b5d5ba9] Created FlowFile[1,simple.jpg,42919B] from FlowFile[0,simple.jpg,25248B]; routing to relationship unmatched
[pool-4378-thread-1] INFO org.apache.nifi.processors.standard.RouteText - RouteText[id=0a51559d-702e-41f3-8c8d-3d083b5d5ba9] Routing FlowFile[0,simple.jpg,25248B] to original
]]></system-err>
  </testcase>
  <testcase name="testSimpleAllStarts" classname="org.apache.nifi.processors.standard.TestRouteText" time="0.001">
    <system-err><![CDATA[[main] DEBUG org.apache.nifi.processors.standard.RouteText - RouteText[id=7862ef00-6736-4879-a16a-8adf20e43214] Adding new dynamic property: PropertyDescriptor[second]
[main] DEBUG org.apache.nifi.processors.standard.RouteText - RouteText[id=7862ef00-6736-4879-a16a-8adf20e43214] Adding new dynamic property: PropertyDescriptor[simple]
[pool-4379-thread-1] INFO org.apache.nifi.processors.standard.RouteText - RouteText[id=7862ef00-6736-4879-a16a-8adf20e43214] Created FlowFile[2,92022800765978.mockFlowFile,9B] from FlowFile[0,92022800765978.mockFlowFile,26B]; routing to relationship unmatched
[pool-4379-thread-1] INFO org.apache.nifi.processors.standard.RouteText - RouteText[id=7862ef00-6736-4879-a16a-8adf20e43214] Created FlowFile[1,92022800765978.mockFlowFile,17B] from FlowFile[0,92022800765978.mockFlowFile,26B]; routing to relationship matched
[pool-4379-thread-1] INFO org.apache.nifi.processors.standard.RouteText - RouteText[id=7862ef00-6736-4879-a16a-8adf20e43214] Routing FlowFile[0,92022800765978.mockFlowFile,26B] to original
]]></system-err>
  </testcase>
  <testcase name="testRouteOnPropertiesStartsJustCarriageReturn" classname="org.apache.nifi.processors.standard.TestRouteText" time="0">
    <system-err><![CDATA[[main] DEBUG org.apache.nifi.processors.standard.RouteText - RouteText[id=19a4c22c-4ce1-41c8-a385-6cb030d9ef48] Adding new dynamic property: PropertyDescriptor[simple]
[pool-4380-thread-1] INFO org.apache.nifi.processors.standard.RouteText - RouteText[id=19a4c22c-4ce1-41c8-a385-6cb030d9ef48] Created FlowFile[1,92022801476936.mockFlowFile,17B] from FlowFile[0,92022801476936.mockFlowFile,26B]; routing to relationship simple
[pool-4380-thread-1] INFO org.apache.nifi.processors.standard.RouteText - RouteText[id=19a4c22c-4ce1-41c8-a385-6cb030d9ef48] Created FlowFile[2,92022801476936.mockFlowFile,9B] from FlowFile[0,92022801476936.mockFlowFile,26B]; routing to relationship unmatched
[pool-4380-thread-1] INFO org.apache.nifi.processors.standard.RouteText - RouteText[id=19a4c22c-4ce1-41c8-a385-6cb030d9ef48] Routing FlowFile[0,92022801476936.mockFlowFile,26B] to original
]]></system-err>
  </testcase>
  <testcase name="testSimpleAnyMatchRegularExpression" classname="org.apache.nifi.processors.standard.TestRouteText" time="0.001">
    <system-err><![CDATA[[main] DEBUG org.apache.nifi.processors.standard.RouteText - RouteText[id=f628ec08-78bc-40e2-8d9f-8b5a6c459f93] Adding new dynamic property: PropertyDescriptor[simple]
[main] DEBUG org.apache.nifi.processors.standard.RouteText - RouteText[id=f628ec08-78bc-40e2-8d9f-8b5a6c459f93] Adding new dynamic property: PropertyDescriptor[no]
[pool-4381-thread-1] INFO org.apache.nifi.processors.standard.RouteText - RouteText[id=f628ec08-78bc-40e2-8d9f-8b5a6c459f93] Created FlowFile[2,92022802041881.mockFlowFile,9B] from FlowFile[0,92022802041881.mockFlowFile,26B]; routing to relationship unmatched
[pool-4381-thread-1] INFO org.apache.nifi.processors.standard.RouteText - RouteText[id=f628ec08-78bc-40e2-8d9f-8b5a6c459f93] Created FlowFile[1,92022802041881.mockFlowFile,17B] from FlowFile[0,92022802041881.mockFlowFile,26B]; routing to relationship matched
[pool-4381-thread-1] INFO org.apache.nifi.processors.standard.RouteText - RouteText[id=f628ec08-78bc-40e2-8d9f-8b5a6c459f93] Routing FlowFile[0,92022802041881.mockFlowFile,26B] to original
]]></system-err>
  </testcase>
</testsuite>