<?xml version="1.0" encoding="UTF-8"?>
<testsuite xmlns:xsi="http://www.w3.org/2001/XMLSchema-instance" xsi:noNamespaceSchemaLocation="https://maven.apache.org/surefire/maven-surefire-plugin/xsd/surefire-test-report-3.0.xsd" version="3.0" name="org.apache.nifi.processors.standard.CryptographicHashAttributeTest" time="0.176" tests="6" errors="0" skipped="0" failures="0">
  <properties>
    <property name="sun.desktop" value="gnome"/>
    <property name="awt.toolkit" value="sun.awt.X11.XToolkit"/>
    <property name="file.encoding.pkg" value="sun.io"/>
    <property name="java.specification.version" value="1.8"/>
    <property name="sun.cpu.isalist" value=""/>
    <property name="sun.jnu.encoding" value="UTF-8"/>
    <property name="java.class.path" value="/home/alex/Repositories/nifi/nifi-nar-bundles/nifi-standard-bundle/nifi-standard-processors/target/test-classes:/home/alex/Repositories/nifi/nifi-nar-bundles/nifi-standard-bundle/nifi-standard-processors/target/classes:/home/alex/.m2/repository/org/apache/ftpserver/ftpserver-core/1.1.1/ftpserver-core-1.1.1.jar:/home/alex/.m2/repository/org/apache/ftpserver/ftplet-api/1.1.1/ftplet-api-1.1.1.jar:/home/alex/.m2/repository/org/slf4j/slf4j-api/1.7.32/slf4j-api-1.7.32.jar:/home/alex/.m2/repository/org/apache/mina/mina-core/2.0.16/mina-core-2.0.16.jar:/home/alex/Repositories/nifi/nifi-api/target/classes:/home/alex/Repositories/nifi/nifi-commons/nifi-expression-language/target/classes:/home/alex/.m2/repository/org/antlr/antlr-runtime/3.5.2/antlr-runtime-3.5.2.jar:/home/alex/Repositories/nifi/nifi-commons/nifi-parameter/target/classes:/home/alex/Repositories/nifi/nifi-commons/nifi-uuid5/target/classes:/home/alex/.m2/repository/org/apache/commons/commons-text/1.8/commons-text-1.8.jar:/home/alex/Repositories/nifi/nifi-nar-bundles/nifi-extension-utils/nifi-processor-utils/target/classes:/home/alex/Repositories/nifi/nifi-commons/nifi-security-socket-ssl/target/classes:/home/alex/Repositories/nifi/nifi-nar-bundles/nifi-extension-utils/nifi-event-transport/target/classes:/home/alex/.m2/repository/io/netty/netty-handler/4.1.69.Final/netty-handler-4.1.69.Final.jar:/home/alex/.m2/repository/io/netty/netty-common/4.1.69.Final/netty-common-4.1.69.Final.jar:/home/alex/.m2/repository/io/netty/netty-resolver/4.1.69.Final/netty-resolver-4.1.69.Final.jar:/home/alex/.m2/repository/io/netty/netty-transport/4.1.69.Final/netty-transport-4.1.69.Final.jar:/home/alex/.m2/repository/io/netty/netty-codec/4.1.69.Final/netty-codec-4.1.69.Final.jar:/home/alex/Repositories/nifi/nifi-nar-bundles/nifi-extension-utils/nifi-syslog-utils/target/classes:/home/alex/.m2/repository/com/github/palindromicity/simple-syslog-5424/0.0.16/simple-syslog-5424-0.0.16.jar:/home/alex/.m2/repository/org/antlr/antlr4-runtime/4.7.2/antlr4-runtime-4.7.2.jar:/home/alex/Repositories/nifi/nifi-commons/nifi-utils/target/classes:/home/alex/Repositories/nifi/nifi-commons/nifi-record-path/target/classes:/home/alex/Repositories/nifi/nifi-commons/nifi-properties/target/classes:/home/alex/Repositories/nifi/nifi-commons/nifi-property-utils/target/classes:/home/alex/.m2/repository/com/github/ben-manes/caffeine/caffeine/2.8.1/caffeine-2.8.1.jar:/home/alex/Repositories/nifi/nifi-nar-bundles/nifi-standard-services/nifi-ssl-context-service-api/target/classes:/home/alex/Repositories/nifi/nifi-commons/nifi-security-utils-api/target/classes:/home/alex/Repositories/nifi/nifi-nar-bundles/nifi-standard-services/nifi-lookup-service-api/target/classes:/home/alex/Repositories/nifi/nifi-commons/nifi-flowfile-packager/target/classes:/home/alex/Repositories/nifi/nifi-nar-bundles/nifi-standard-services/nifi-distributed-cache-client-service-api/target/classes:/home/alex/Repositories/nifi/nifi-nar-bundles/nifi-standard-services/nifi-http-context-map-api/target/classes:/home/alex/Repositories/nifi/nifi-nar-bundles/nifi-standard-services/nifi-record-serialization-service-api/target/classes:/home/alex/Repositories/nifi/nifi-nar-bundles/nifi-standard-services/nifi-proxy-configuration-api/target/classes:/home/alex/Repositories/nifi/nifi-commons/nifi-record/target/classes:/home/alex/Repositories/nifi/nifi-nar-bundles/nifi-standard-services/nifi-record-sink-api/target/classes:/home/alex/.m2/repository/commons-io/commons-io/2.10.0/commons-io-2.10.0.jar:/home/alex/.m2/repository/javax/ws/rs/javax.ws.rs-api/2.1/javax.ws.rs-api-2.1.jar:/home/alex/.m2/repository/commons-net/commons-net/3.6/commons-net-3.6.jar:/home/alex/.m2/repository/org/apache/commons/commons-compress/1.21/commons-compress-1.21.jar:/home/alex/.m2/repository/org/apache/commons/commons-lang3/3.9/commons-lang3-3.9.jar:/home/alex/.m2/repository/org/bouncycastle/bcprov-jdk15on/1.69/bcprov-jdk15on-1.69.jar:/home/alex/.m2/repository/org/bouncycastle/bcpg-jdk15on/1.69/bcpg-jdk15on-1.69.jar:/home/alex/.m2/repository/org/bouncycastle/bcpkix-jdk15on/1.69/bcpkix-jdk15on-1.69.jar:/home/alex/.m2/repository/org/bouncycastle/bcutil-jdk15on/1.69/bcutil-jdk15on-1.69.jar:/home/alex/.m2/repository/commons-codec/commons-codec/1.14/commons-codec-1.14.jar:/home/alex/Repositories/nifi/nifi-commons/nifi-security-utils/target/classes:/home/alex/Repositories/nifi/nifi-commons/nifi-security-kms/target/classes:/home/alex/.m2/repository/org/apache/commons/commons-configuration2/2.7/commons-configuration2-2.7.jar:/home/alex/.m2/repository/com/hierynomus/sshj/0.32.0/sshj-0.32.0.jar:/home/alex/.m2/repository/com/jcraft/jzlib/1.1.3/jzlib-1.1.3.jar:/home/alex/.m2/repository/com/hierynomus/asn-one/0.6.0/asn-one-0.6.0.jar:/home/alex/.m2/repository/net/i2p/crypto/eddsa/0.3.0/eddsa-0.3.0.jar:/home/alex/.m2/repository/org/eclipse/jetty/jetty-server/9.4.44.v20210927/jetty-server-9.4.44.v20210927.jar:/home/alex/.m2/repository/javax/servlet/javax.servlet-api/3.1.0/javax.servlet-api-3.1.0.jar:/home/alex/.m2/repository/org/eclipse/jetty/jetty-http/9.4.44.v20210927/jetty-http-9.4.44.v20210927.jar:/home/alex/.m2/repository/org/eclipse/jetty/jetty-util/9.4.44.v20210927/jetty-util-9.4.44.v20210927.jar:/home/alex/.m2/repository/org/eclipse/jetty/jetty-io/9.4.44.v20210927/jetty-io-9.4.44.v20210927.jar:/home/alex/.m2/repository/org/eclipse/jetty/jetty-servlet/9.4.44.v20210927/jetty-servlet-9.4.44.v20210927.jar:/home/alex/.m2/repository/org/eclipse/jetty/jetty-security/9.4.44.v20210927/jetty-security-9.4.44.v20210927.jar:/home/alex/.m2/repository/org/eclipse/jetty/jetty-util-ajax/9.4.44.v20210927/jetty-util-ajax-9.4.44.v20210927.jar:/home/alex/.m2/repository/org/apache/httpcomponents/httpclient/4.5.5/httpclient-4.5.5.jar:/home/alex/.m2/repository/commons-logging/commons-logging/1.2/commons-logging-1.2.jar:/home/alex/.m2/repository/org/apache/httpcomponents/httpcore/4.4.9/httpcore-4.4.9.jar:/home/alex/.m2/repository/jakarta/activation/jakarta.activation-api/2.0.1/jakarta.activation-api-2.0.1.jar:/home/alex/.m2/repository/com/sun/activation/jakarta.activation/2.0.1/jakarta.activation-2.0.1.jar:/home/alex/.m2/repository/jakarta/mail/jakarta.mail-api/2.0.1/jakarta.mail-api-2.0.1.jar:/home/alex/.m2/repository/com/sun/mail/jakarta.mail/2.0.1/jakarta.mail-2.0.1.jar:/home/alex/.m2/repository/com/github/jponge/lzma-java/1.3/lzma-java-1.3.jar:/home/alex/.m2/repository/org/tukaani/xz/1.8/xz-1.8.jar:/home/alex/.m2/repository/net/sf/saxon/Saxon-HE/10.6/Saxon-HE-10.6.jar:/home/alex/Repositories/nifi/nifi-commons/nifi-socket-utils/target/classes:/home/alex/Repositories/nifi/nifi-commons/nifi-logging-utils/target/classes:/home/alex/Repositories/nifi/nifi-nar-bundles/nifi-standard-services/nifi-load-distribution-service-api/target/classes:/home/alex/.m2/repository/javax/jms/javax.jms-api/2.0.1/javax.jms-api-2.0.1.jar:/home/alex/.m2/repository/org/apache/activemq/activemq-client/5.15.15/activemq-client-5.15.15.jar:/home/alex/.m2/repository/org/apache/geronimo/specs/geronimo-jms_1.1_spec/1.1.1/geronimo-jms_1.1_spec-1.1.1.jar:/home/alex/.m2/repository/org/fusesource/hawtbuf/hawtbuf/1.11/hawtbuf-1.11.jar:/home/alex/.m2/repository/org/apache/geronimo/specs/geronimo-j2ee-management_1.1_spec/1.0.1/geronimo-j2ee-management_1.1_spec-1.0.1.jar:/home/alex/.m2/repository/com/jayway/jsonpath/json-path/2.6.0/json-path-2.6.0.jar:/home/alex/.m2/repository/net/minidev/json-smart/2.4.7/json-smart-2.4.7.jar:/home/alex/.m2/repository/net/minidev/accessors-smart/2.4.7/accessors-smart-2.4.7.jar:/home/alex/.m2/repository/org/ow2/asm/asm/9.1/asm-9.1.jar:/home/alex/.m2/repository/org/apache/tika/tika-core/1.26/tika-core-1.26.jar:/home/alex/.m2/repository/com/fasterxml/jackson/core/jackson-databind/2.12.3/jackson-databind-2.12.3.jar:/home/alex/.m2/repository/com/fasterxml/jackson/core/jackson-annotations/2.12.3/jackson-annotations-2.12.3.jar:/home/alex/.m2/repository/com/fasterxml/jackson/core/jackson-core/2.12.3/jackson-core-2.12.3.jar:/home/alex/Repositories/nifi/nifi-nar-bundles/nifi-extension-utils/nifi-record-utils/nifi-avro-record-utils/target/classes:/home/alex/Repositories/nifi/nifi-nar-bundles/nifi-extension-utils/nifi-record-utils/nifi-standard-record-utils/target/classes:/home/alex/.m2/repository/org/apache/avro/avro/1.8.1/avro-1.8.1.jar:/home/alex/.m2/repository/org/codehaus/jackson/jackson-core-asl/1.9.13/jackson-core-asl-1.9.13.jar:/home/alex/.m2/repository/org/codehaus/jackson/jackson-mapper-asl/1.9.13/jackson-mapper-asl-1.9.13.jar:/home/alex/.m2/repository/com/thoughtworks/paranamer/paranamer/2.7/paranamer-2.7.jar:/home/alex/Repositories/nifi/nifi-nar-bundles/nifi-standard-services/nifi-dbcp-service-api/target/classes:/home/alex/.m2/repository/com/squareup/okhttp3/okhttp/4.9.2/okhttp-4.9.2.jar:/home/alex/.m2/repository/com/squareup/okio/okio/2.8.0/okio-2.8.0.jar:/home/alex/.m2/repository/org/jetbrains/kotlin/kotlin-stdlib-common/1.4.0/kotlin-stdlib-common-1.4.0.jar:/home/alex/.m2/repository/org/jetbrains/kotlin/kotlin-stdlib/1.4.10/kotlin-stdlib-1.4.10.jar:/home/alex/.m2/repository/org/jetbrains/annotations/13.0/annotations-13.0.jar:/home/alex/.m2/repository/io/github/rburgst/okhttp-digest/2.5/okhttp-digest-2.5.jar:/home/alex/.m2/repository/at/favre/lib/bcrypt/0.9.0/bcrypt-0.9.0.jar:/home/alex/.m2/repository/at/favre/lib/bytes/1.3.0/bytes-1.3.0.jar:/home/alex/.m2/repository/com/google/guava/guava/28.0-jre/guava-28.0-jre.jar:/home/alex/.m2/repository/com/google/guava/failureaccess/1.0.1/failureaccess-1.0.1.jar:/home/alex/.m2/repository/com/google/guava/listenablefuture/9999.0-empty-to-avoid-conflict-with-guava/listenablefuture-9999.0-empty-to-avoid-conflict-with-guava.jar:/home/alex/.m2/repository/com/google/code/findbugs/jsr305/3.0.2/jsr305-3.0.2.jar:/home/alex/.m2/repository/org/checkerframework/checker-qual/2.8.1/checker-qual-2.8.1.jar:/home/alex/.m2/repository/com/google/errorprone/error_prone_annotations/2.3.2/error_prone_annotations-2.3.2.jar:/home/alex/.m2/repository/com/google/j2objc/j2objc-annotations/1.3/j2objc-annotations-1.3.jar:/home/alex/.m2/repository/org/codehaus/mojo/animal-sniffer-annotations/1.17/animal-sniffer-annotations-1.17.jar:/home/alex/Repositories/nifi/nifi-mock/target/classes:/home/alex/Repositories/nifi/nifi-framework-api/target/classes:/home/alex/Repositories/nifi/nifi-nar-bundles/nifi-framework-bundle/nifi-framework/nifi-framework-core-api/target/classes:/home/alex/Repositories/nifi/nifi-nar-bundles/nifi-framework-bundle/nifi-framework/nifi-framework-nar-utils/target/classes:/home/alex/Repositories/nifi/nifi-nar-bundles/nifi-framework-bundle/nifi-framework/nifi-client-dto/target/classes:/home/alex/.m2/repository/io/swagger/swagger-annotations/1.6.0/swagger-annotations-1.6.0.jar:/home/alex/Repositories/nifi/nifi-commons/nifi-site-to-site-client/target/classes:/home/alex/.m2/repository/org/apache/httpcomponents/httpasyncclient/4.1.4/httpasyncclient-4.1.4.jar:/home/alex/.m2/repository/org/apache/httpcomponents/httpcore-nio/4.4.10/httpcore-nio-4.4.10.jar:/home/alex/Repositories/nifi/nifi-nar-bundles/nifi-framework-bundle/nifi-framework/nifi-framework-authorization/target/classes:/home/alex/Repositories/nifi/nifi-registry/nifi-registry-core/nifi-registry-data-model/target/classes:/home/alex/Repositories/nifi/nifi-registry/nifi-registry-core/nifi-registry-revision/nifi-registry-revision-entity-model/target/classes:/home/alex/Repositories/nifi/nifi-registry/nifi-registry-core/nifi-registry-client/target/classes:/home/alex/Repositories/nifi/nifi-registry/nifi-registry-core/nifi-registry-security-utils/target/classes:/home/alex/.m2/repository/org/glassfish/jersey/core/jersey-client/2.33/jersey-client-2.33.jar:/home/alex/.m2/repository/jakarta/ws/rs/jakarta.ws.rs-api/2.1.6/jakarta.ws.rs-api-2.1.6.jar:/home/alex/.m2/repository/org/glassfish/hk2/external/jakarta.inject/2.6.1/jakarta.inject-2.6.1.jar:/home/alex/.m2/repository/org/glassfish/jersey/media/jersey-media-json-jackson/2.33/jersey-media-json-jackson-2.33.jar:/home/alex/.m2/repository/org/glassfish/jersey/ext/jersey-entity-filtering/2.33/jersey-entity-filtering-2.33.jar:/home/alex/.m2/repository/org/glassfish/jersey/inject/jersey-hk2/2.33/jersey-hk2-2.33.jar:/home/alex/.m2/repository/org/glassfish/hk2/hk2-locator/2.6.1/hk2-locator-2.6.1.jar:/home/alex/.m2/repository/org/glassfish/hk2/external/aopalliance-repackaged/2.6.1/aopalliance-repackaged-2.6.1.jar:/home/alex/.m2/repository/org/glassfish/hk2/hk2-api/2.6.1/hk2-api-2.6.1.jar:/home/alex/.m2/repository/org/glassfish/hk2/hk2-utils/2.6.1/hk2-utils-2.6.1.jar:/home/alex/.m2/repository/org/javassist/javassist/3.25.0-GA/javassist-3.25.0-GA.jar:/home/alex/.m2/repository/org/glassfish/jersey/core/jersey-common/2.33/jersey-common-2.33.jar:/home/alex/.m2/repository/jakarta/annotation/jakarta.annotation-api/1.3.5/jakarta.annotation-api-1.3.5.jar:/home/alex/.m2/repository/org/glassfish/hk2/osgi-resource-locator/1.0.3/osgi-resource-locator-1.0.3.jar:/home/alex/.m2/repository/org/glassfish/jersey/media/jersey-media-multipart/2.33/jersey-media-multipart-2.33.jar:/home/alex/.m2/repository/org/jvnet/mimepull/mimepull/1.9.13/mimepull-1.9.13.jar:/home/alex/Repositories/nifi/nifi-commons/nifi-data-provenance-utils/target/classes:/home/alex/Repositories/nifi/nifi-nar-bundles/nifi-standard-services/nifi-distributed-cache-services-bundle/nifi-distributed-cache-client-service/target/classes:/home/alex/Repositories/nifi/nifi-nar-bundles/nifi-standard-services/nifi-distributed-cache-services-bundle/nifi-distributed-cache-protocol/target/classes:/home/alex/.m2/repository/io/netty/netty-buffer/4.1.69.Final/netty-buffer-4.1.69.Final.jar:/home/alex/.m2/repository/com/google/http-client/google-http-client/1.28.0/google-http-client-1.28.0.jar:/home/alex/.m2/repository/io/opencensus/opencensus-api/0.18.0/opencensus-api-0.18.0.jar:/home/alex/.m2/repository/io/grpc/grpc-context/1.14.0/grpc-context-1.14.0.jar:/home/alex/.m2/repository/io/opencensus/opencensus-contrib-http-util/0.18.0/opencensus-contrib-http-util-0.18.0.jar:/home/alex/.m2/repository/org/apache/activemq/activemq-broker/5.15.14/activemq-broker-5.15.14.jar:/home/alex/.m2/repository/org/apache/activemq/activemq-openwire-legacy/5.15.14/activemq-openwire-legacy-5.15.14.jar:/home/alex/Repositories/nifi/nifi-nar-bundles/nifi-standard-services/nifi-ssl-context-bundle/nifi-ssl-context-service/target/classes:/home/alex/Repositories/nifi/nifi-nar-bundles/nifi-framework-bundle/nifi-framework/nifi-standard-prioritizers/target/classes:/home/alex/Repositories/nifi/nifi-nar-bundles/nifi-extension-utils/nifi-record-utils/nifi-mock-record-utils/target/classes:/home/alex/Repositories/nifi/nifi-nar-bundles/nifi-standard-services/nifi-record-serialization-services-bundle/nifi-record-serialization-services/target/classes:/home/alex/.m2/repository/org/apache/commons/commons-csv/1.8/commons-csv-1.8.jar:/home/alex/.m2/repository/com/fasterxml/jackson/dataformat/jackson-dataformat-csv/2.12.3/jackson-dataformat-csv-2.12.3.jar:/home/alex/.m2/repository/net/java/dev/stax-utils/stax-utils/20070216/stax-utils-20070216.jar:/home/alex/Repositories/nifi/nifi-nar-bundles/nifi-standard-services/nifi-lookup-services-bundle/nifi-lookup-services/target/classes:/home/alex/.m2/repository/commons-beanutils/commons-beanutils/1.9.4/commons-beanutils-1.9.4.jar:/home/alex/.m2/repository/commons-collections/commons-collections/3.2.2/commons-collections-3.2.2.jar:/home/alex/.m2/repository/com/maxmind/geoip2/geoip2/2.12.0/geoip2-2.12.0.jar:/home/alex/.m2/repository/com/maxmind/db/maxmind-db/1.2.2/maxmind-db-1.2.2.jar:/home/alex/.m2/repository/org/apache/derby/derby/10.14.2.0/derby-10.14.2.0.jar:/home/alex/.m2/repository/org/xerial/snappy/snappy-java/1.1.7.3/snappy-java-1.1.7.3.jar:/home/alex/.m2/repository/net/lingala/zip4j/zip4j/2.8.0/zip4j-2.8.0.jar:/home/alex/.m2/repository/com/h2database/h2/1.4.187/h2-1.4.187.jar:/home/alex/.m2/repository/org/mockftpserver/MockFtpServer/2.7.1/MockFtpServer-2.7.1.jar:/home/alex/.m2/repository/org/apache/sshd/sshd-core/1.7.0/sshd-core-1.7.0.jar:/home/alex/.m2/repository/com/bazaarvoice/jolt/jolt-core/0.1.1/jolt-core-0.1.1.jar:/home/alex/.m2/repository/javax/inject/javax.inject/1/javax.inject-1.jar:/home/alex/.m2/repository/com/bazaarvoice/jolt/json-utils/0.1.1/json-utils-0.1.1.jar:/home/alex/Repositories/nifi/nifi-nar-bundles/nifi-standard-bundle/nifi-standard-utils/target/classes:/home/alex/.m2/repository/net/sf/supercsv/super-csv/2.4.0/super-csv-2.4.0.jar:/home/alex/.m2/repository/com/fluenda/parcefone/2.1.0/parcefone-2.1.0.jar:/home/alex/.m2/repository/javax/validation/validation-api/1.1.0.Final/validation-api-1.1.0.Final.jar:/home/alex/.m2/repository/javax/el/javax.el-api/3.0.0/javax.el-api-3.0.0.jar:/home/alex/.m2/repository/com/github/wnameless/json/json-flattener/0.12.0/json-flattener-0.12.0.jar:/home/alex/.m2/repository/com/github/wnameless/json/json-base/2.0.0/json-base-2.0.0.jar:/home/alex/.m2/repository/org/apache/bval/bval-jsr/1.1.2/bval-jsr-1.1.2.jar:/home/alex/.m2/repository/org/apache/bval/bval-core/1.1.2/bval-core-1.1.2.jar:/home/alex/.m2/repository/io/krakens/java-grok/0.1.9/java-grok-0.1.9.jar:/home/alex/.m2/repository/org/apache/calcite/calcite-core/1.27.0/calcite-core-1.27.0.jar:/home/alex/.m2/repository/org/apache/calcite/calcite-linq4j/1.27.0/calcite-linq4j-1.27.0.jar:/home/alex/.m2/repository/com/esri/geometry/esri-geometry-api/2.2.0/esri-geometry-api-2.2.0.jar:/home/alex/.m2/repository/org/apache/calcite/avatica/avatica-core/1.18.0/avatica-core-1.18.0.jar:/home/alex/.m2/repository/org/apache/calcite/avatica/avatica-metrics/1.18.0/avatica-metrics-1.18.0.jar:/home/alex/.m2/repository/com/google/protobuf/protobuf-java/3.6.1/protobuf-java-3.6.1.jar:/home/alex/.m2/repository/org/apiguardian/apiguardian-api/1.1.0/apiguardian-api-1.1.0.jar:/home/alex/.m2/repository/com/fasterxml/jackson/dataformat/jackson-dataformat-yaml/2.10.0/jackson-dataformat-yaml-2.10.0.jar:/home/alex/.m2/repository/org/yaml/snakeyaml/1.29/snakeyaml-1.29.jar:/home/alex/.m2/repository/com/google/uzaygezen/uzaygezen-core/0.2/uzaygezen-core-0.2.jar:/home/alex/.m2/repository/com/yahoo/datasketches/sketches-core/0.9.0/sketches-core-0.9.0.jar:/home/alex/.m2/repository/com/yahoo/datasketches/memory/0.9.0/memory-0.9.0.jar:/home/alex/.m2/repository/net/hydromatic/aggdesigner-algorithm/6.0/aggdesigner-algorithm-6.0.jar:/home/alex/.m2/repository/commons-lang/commons-lang/2.4/commons-lang-2.4.jar:/home/alex/.m2/repository/org/apache/commons/commons-dbcp2/2.6.0/commons-dbcp2-2.6.0.jar:/home/alex/.m2/repository/org/apache/commons/commons-pool2/2.6.1/commons-pool2-2.6.1.jar:/home/alex/.m2/repository/org/codehaus/janino/commons-compiler/3.0.11/commons-compiler-3.0.11.jar:/home/alex/.m2/repository/org/codehaus/janino/janino/3.0.11/janino-3.0.11.jar:/home/alex/Repositories/nifi/nifi-nar-bundles/nifi-standard-services/nifi-schema-registry-service-api/target/classes:/home/alex/Repositories/nifi/nifi-nar-bundles/nifi-extension-utils/nifi-database-utils/target/classes:/home/alex/Repositories/nifi/nifi-nar-bundles/nifi-standard-bundle/nifi-standard-web-test-utils/target/classes:/home/alex/.m2/repository/com/github/stefanbirkner/fake-sftp-server-rule/2.0.1/fake-sftp-server-rule-2.0.1.jar:/home/alex/.m2/repository/com/github/marschall/memoryfilesystem/2.8.0/memoryfilesystem-2.8.0.jar:/home/alex/.m2/repository/junit/junit/4.13.2/junit-4.13.2.jar:/home/alex/.m2/repository/org/hamcrest/hamcrest-core/1.3/hamcrest-core-1.3.jar:/home/alex/Repositories/nifi/nifi-nar-bundles/nifi-extension-utils/nifi-database-test-utils/target/classes:/home/alex/.m2/repository/org/codehaus/groovy/groovy-json/2.5.14/groovy-json-2.5.14.jar:/home/alex/.m2/repository/org/codehaus/groovy/groovy/2.5.14/groovy-2.5.14.jar:/home/alex/.m2/repository/org/codehaus/groovy/groovy-servlet/2.5.14/groovy-servlet-2.5.14.jar:/home/alex/.m2/repository/org/codehaus/groovy/groovy-templates/2.5.14/groovy-templates-2.5.14.jar:/home/alex/.m2/repository/org/codehaus/groovy/groovy-xml/2.5.14/groovy-xml-2.5.14.jar:/home/alex/.m2/repository/org/hamcrest/hamcrest-all/1.3/hamcrest-all-1.3.jar:/home/alex/.m2/repository/com/squareup/okhttp3/mockwebserver/4.9.2/mockwebserver-4.9.2.jar:/home/alex/.m2/repository/org/jetbrains/kotlin/kotlin-stdlib-jdk8/1.4.10/kotlin-stdlib-jdk8-1.4.10.jar:/home/alex/.m2/repository/org/jetbrains/kotlin/kotlin-stdlib-jdk7/1.4.10/kotlin-stdlib-jdk7-1.4.10.jar:/home/alex/.m2/repository/org/mockito/mockito-inline/3.12.4/mockito-inline-3.12.4.jar:/home/alex/.m2/repository/org/junit/jupiter/junit-jupiter-api/5.7.2/junit-jupiter-api-5.7.2.jar:/home/alex/.m2/repository/org/opentest4j/opentest4j/1.2.0/opentest4j-1.2.0.jar:/home/alex/.m2/repository/org/junit/platform/junit-platform-commons/1.7.2/junit-platform-commons-1.7.2.jar:/home/alex/.m2/repository/org/junit/jupiter/junit-jupiter-engine/5.7.2/junit-jupiter-engine-5.7.2.jar:/home/alex/.m2/repository/org/junit/platform/junit-platform-engine/1.7.2/junit-platform-engine-1.7.2.jar:/home/alex/.m2/repository/org/junit/vintage/junit-vintage-engine/5.7.2/junit-vintage-engine-5.7.2.jar:/home/alex/.m2/repository/org/junit/jupiter/junit-jupiter-params/5.7.2/junit-jupiter-params-5.7.2.jar:/home/alex/.m2/repository/org/mockito/mockito-core/3.11.2/mockito-core-3.11.2.jar:/home/alex/.m2/repository/net/bytebuddy/byte-buddy/1.11.3/byte-buddy-1.11.3.jar:/home/alex/.m2/repository/net/bytebuddy/byte-buddy-agent/1.11.3/byte-buddy-agent-1.11.3.jar:/home/alex/.m2/repository/org/objenesis/objenesis/3.2/objenesis-3.2.jar:/home/alex/.m2/repository/org/mockito/mockito-junit-jupiter/3.11.2/mockito-junit-jupiter-3.11.2.jar:/home/alex/.m2/repository/org/slf4j/slf4j-simple/1.7.32/slf4j-simple-1.7.32.jar:/home/alex/.m2/repository/org/codehaus/groovy/groovy-test/2.5.14/groovy-test-2.5.14.jar:"/>
    <property name="java.vm.vendor" value="Private Build"/>
    <property name="sun.arch.data.model" value="64"/>
    <property name="java.vendor.url" value="http://java.oracle.com/"/>
    <property name="user.timezone" value="Europe/Lisbon"/>
    <property name="java.vm.specification.version" value="1.8"/>
    <property name="os.name" value="Linux"/>
    <property name="user.country" value="US"/>
    <property name="sun.java.launcher" value="SUN_STANDARD"/>
    <property name="sun.boot.library.path" value="/usr/lib/jvm/java-8-openjdk-amd64/jre/lib/amd64"/>
    <property name="sun.java.command" value="/home/alex/Repositories/nifi/nifi-nar-bundles/nifi-standard-bundle/nifi-standard-processors/target/surefire/surefirebooter4492904506786624144.jar /home/alex/Repositories/nifi/nifi-nar-bundles/nifi-standard-bundle/nifi-standard-processors/target/surefire 2024-05-02T01-50-21_887-jvmRun1 surefire1374191565714248671tmp surefire_691858830825519103005tmp"/>
    <property name="org.slf4j.simpleLogger.log.nifi.io.nio" value="debug"/>
    <property name="surefire.test.class.path" value="/home/alex/Repositories/nifi/nifi-nar-bundles/nifi-standard-bundle/nifi-standard-processors/target/test-classes:/home/alex/Repositories/nifi/nifi-nar-bundles/nifi-standard-bundle/nifi-standard-processors/target/classes:/home/alex/.m2/repository/org/apache/ftpserver/ftpserver-core/1.1.1/ftpserver-core-1.1.1.jar:/home/alex/.m2/repository/org/apache/ftpserver/ftplet-api/1.1.1/ftplet-api-1.1.1.jar:/home/alex/.m2/repository/org/slf4j/slf4j-api/1.7.32/slf4j-api-1.7.32.jar:/home/alex/.m2/repository/org/apache/mina/mina-core/2.0.16/mina-core-2.0.16.jar:/home/alex/Repositories/nifi/nifi-api/target/classes:/home/alex/Repositories/nifi/nifi-commons/nifi-expression-language/target/classes:/home/alex/.m2/repository/org/antlr/antlr-runtime/3.5.2/antlr-runtime-3.5.2.jar:/home/alex/Repositories/nifi/nifi-commons/nifi-parameter/target/classes:/home/alex/Repositories/nifi/nifi-commons/nifi-uuid5/target/classes:/home/alex/.m2/repository/org/apache/commons/commons-text/1.8/commons-text-1.8.jar:/home/alex/Repositories/nifi/nifi-nar-bundles/nifi-extension-utils/nifi-processor-utils/target/classes:/home/alex/Repositories/nifi/nifi-commons/nifi-security-socket-ssl/target/classes:/home/alex/Repositories/nifi/nifi-nar-bundles/nifi-extension-utils/nifi-event-transport/target/classes:/home/alex/.m2/repository/io/netty/netty-handler/4.1.69.Final/netty-handler-4.1.69.Final.jar:/home/alex/.m2/repository/io/netty/netty-common/4.1.69.Final/netty-common-4.1.69.Final.jar:/home/alex/.m2/repository/io/netty/netty-resolver/4.1.69.Final/netty-resolver-4.1.69.Final.jar:/home/alex/.m2/repository/io/netty/netty-transport/4.1.69.Final/netty-transport-4.1.69.Final.jar:/home/alex/.m2/repository/io/netty/netty-codec/4.1.69.Final/netty-codec-4.1.69.Final.jar:/home/alex/Repositories/nifi/nifi-nar-bundles/nifi-extension-utils/nifi-syslog-utils/target/classes:/home/alex/.m2/repository/com/github/palindromicity/simple-syslog-5424/0.0.16/simple-syslog-5424-0.0.16.jar:/home/alex/.m2/repository/org/antlr/antlr4-runtime/4.7.2/antlr4-runtime-4.7.2.jar:/home/alex/Repositories/nifi/nifi-commons/nifi-utils/target/classes:/home/alex/Repositories/nifi/nifi-commons/nifi-record-path/target/classes:/home/alex/Repositories/nifi/nifi-commons/nifi-properties/target/classes:/home/alex/Repositories/nifi/nifi-commons/nifi-property-utils/target/classes:/home/alex/.m2/repository/com/github/ben-manes/caffeine/caffeine/2.8.1/caffeine-2.8.1.jar:/home/alex/Repositories/nifi/nifi-nar-bundles/nifi-standard-services/nifi-ssl-context-service-api/target/classes:/home/alex/Repositories/nifi/nifi-commons/nifi-security-utils-api/target/classes:/home/alex/Repositories/nifi/nifi-nar-bundles/nifi-standard-services/nifi-lookup-service-api/target/classes:/home/alex/Repositories/nifi/nifi-commons/nifi-flowfile-packager/target/classes:/home/alex/Repositories/nifi/nifi-nar-bundles/nifi-standard-services/nifi-distributed-cache-client-service-api/target/classes:/home/alex/Repositories/nifi/nifi-nar-bundles/nifi-standard-services/nifi-http-context-map-api/target/classes:/home/alex/Repositories/nifi/nifi-nar-bundles/nifi-standard-services/nifi-record-serialization-service-api/target/classes:/home/alex/Repositories/nifi/nifi-nar-bundles/nifi-standard-services/nifi-proxy-configuration-api/target/classes:/home/alex/Repositories/nifi/nifi-commons/nifi-record/target/classes:/home/alex/Repositories/nifi/nifi-nar-bundles/nifi-standard-services/nifi-record-sink-api/target/classes:/home/alex/.m2/repository/commons-io/commons-io/2.10.0/commons-io-2.10.0.jar:/home/alex/.m2/repository/javax/ws/rs/javax.ws.rs-api/2.1/javax.ws.rs-api-2.1.jar:/home/alex/.m2/repository/commons-net/commons-net/3.6/commons-net-3.6.jar:/home/alex/.m2/repository/org/apache/commons/commons-compress/1.21/commons-compress-1.21.jar:/home/alex/.m2/repository/org/apache/commons/commons-lang3/3.9/commons-lang3-3.9.jar:/home/alex/.m2/repository/org/bouncycastle/bcprov-jdk15on/1.69/bcprov-jdk15on-1.69.jar:/home/alex/.m2/repository/org/bouncycastle/bcpg-jdk15on/1.69/bcpg-jdk15on-1.69.jar:/home/alex/.m2/repository/org/bouncycastle/bcpkix-jdk15on/1.69/bcpkix-jdk15on-1.69.jar:/home/alex/.m2/repository/org/bouncycastle/bcutil-jdk15on/1.69/bcutil-jdk15on-1.69.jar:/home/alex/.m2/repository/commons-codec/commons-codec/1.14/commons-codec-1.14.jar:/home/alex/Repositories/nifi/nifi-commons/nifi-security-utils/target/classes:/home/alex/Repositories/nifi/nifi-commons/nifi-security-kms/target/classes:/home/alex/.m2/repository/org/apache/commons/commons-configuration2/2.7/commons-configuration2-2.7.jar:/home/alex/.m2/repository/com/hierynomus/sshj/0.32.0/sshj-0.32.0.jar:/home/alex/.m2/repository/com/jcraft/jzlib/1.1.3/jzlib-1.1.3.jar:/home/alex/.m2/repository/com/hierynomus/asn-one/0.6.0/asn-one-0.6.0.jar:/home/alex/.m2/repository/net/i2p/crypto/eddsa/0.3.0/eddsa-0.3.0.jar:/home/alex/.m2/repository/org/eclipse/jetty/jetty-server/9.4.44.v20210927/jetty-server-9.4.44.v20210927.jar:/home/alex/.m2/repository/javax/servlet/javax.servlet-api/3.1.0/javax.servlet-api-3.1.0.jar:/home/alex/.m2/repository/org/eclipse/jetty/jetty-http/9.4.44.v20210927/jetty-http-9.4.44.v20210927.jar:/home/alex/.m2/repository/org/eclipse/jetty/jetty-util/9.4.44.v20210927/jetty-util-9.4.44.v20210927.jar:/home/alex/.m2/repository/org/eclipse/jetty/jetty-io/9.4.44.v20210927/jetty-io-9.4.44.v20210927.jar:/home/alex/.m2/repository/org/eclipse/jetty/jetty-servlet/9.4.44.v20210927/jetty-servlet-9.4.44.v20210927.jar:/home/alex/.m2/repository/org/eclipse/jetty/jetty-security/9.4.44.v20210927/jetty-security-9.4.44.v20210927.jar:/home/alex/.m2/repository/org/eclipse/jetty/jetty-util-ajax/9.4.44.v20210927/jetty-util-ajax-9.4.44.v20210927.jar:/home/alex/.m2/repository/org/apache/httpcomponents/httpclient/4.5.5/httpclient-4.5.5.jar:/home/alex/.m2/repository/commons-logging/commons-logging/1.2/commons-logging-1.2.jar:/home/alex/.m2/repository/org/apache/httpcomponents/httpcore/4.4.9/httpcore-4.4.9.jar:/home/alex/.m2/repository/jakarta/activation/jakarta.activation-api/2.0.1/jakarta.activation-api-2.0.1.jar:/home/alex/.m2/repository/com/sun/activation/jakarta.activation/2.0.1/jakarta.activation-2.0.1.jar:/home/alex/.m2/repository/jakarta/mail/jakarta.mail-api/2.0.1/jakarta.mail-api-2.0.1.jar:/home/alex/.m2/repository/com/sun/mail/jakarta.mail/2.0.1/jakarta.mail-2.0.1.jar:/home/alex/.m2/repository/com/github/jponge/lzma-java/1.3/lzma-java-1.3.jar:/home/alex/.m2/repository/org/tukaani/xz/1.8/xz-1.8.jar:/home/alex/.m2/repository/net/sf/saxon/Saxon-HE/10.6/Saxon-HE-10.6.jar:/home/alex/Repositories/nifi/nifi-commons/nifi-socket-utils/target/classes:/home/alex/Repositories/nifi/nifi-commons/nifi-logging-utils/target/classes:/home/alex/Repositories/nifi/nifi-nar-bundles/nifi-standard-services/nifi-load-distribution-service-api/target/classes:/home/alex/.m2/repository/javax/jms/javax.jms-api/2.0.1/javax.jms-api-2.0.1.jar:/home/alex/.m2/repository/org/apache/activemq/activemq-client/5.15.15/activemq-client-5.15.15.jar:/home/alex/.m2/repository/org/apache/geronimo/specs/geronimo-jms_1.1_spec/1.1.1/geronimo-jms_1.1_spec-1.1.1.jar:/home/alex/.m2/repository/org/fusesource/hawtbuf/hawtbuf/1.11/hawtbuf-1.11.jar:/home/alex/.m2/repository/org/apache/geronimo/specs/geronimo-j2ee-management_1.1_spec/1.0.1/geronimo-j2ee-management_1.1_spec-1.0.1.jar:/home/alex/.m2/repository/com/jayway/jsonpath/json-path/2.6.0/json-path-2.6.0.jar:/home/alex/.m2/repository/net/minidev/json-smart/2.4.7/json-smart-2.4.7.jar:/home/alex/.m2/repository/net/minidev/accessors-smart/2.4.7/accessors-smart-2.4.7.jar:/home/alex/.m2/repository/org/ow2/asm/asm/9.1/asm-9.1.jar:/home/alex/.m2/repository/org/apache/tika/tika-core/1.26/tika-core-1.26.jar:/home/alex/.m2/repository/com/fasterxml/jackson/core/jackson-databind/2.12.3/jackson-databind-2.12.3.jar:/home/alex/.m2/repository/com/fasterxml/jackson/core/jackson-annotations/2.12.3/jackson-annotations-2.12.3.jar:/home/alex/.m2/repository/com/fasterxml/jackson/core/jackson-core/2.12.3/jackson-core-2.12.3.jar:/home/alex/Repositories/nifi/nifi-nar-bundles/nifi-extension-utils/nifi-record-utils/nifi-avro-record-utils/target/classes:/home/alex/Repositories/nifi/nifi-nar-bundles/nifi-extension-utils/nifi-record-utils/nifi-standard-record-utils/target/classes:/home/alex/.m2/repository/org/apache/avro/avro/1.8.1/avro-1.8.1.jar:/home/alex/.m2/repository/org/codehaus/jackson/jackson-core-asl/1.9.13/jackson-core-asl-1.9.13.jar:/home/alex/.m2/repository/org/codehaus/jackson/jackson-mapper-asl/1.9.13/jackson-mapper-asl-1.9.13.jar:/home/alex/.m2/repository/com/thoughtworks/paranamer/paranamer/2.7/paranamer-2.7.jar:/home/alex/Repositories/nifi/nifi-nar-bundles/nifi-standard-services/nifi-dbcp-service-api/target/classes:/home/alex/.m2/repository/com/squareup/okhttp3/okhttp/4.9.2/okhttp-4.9.2.jar:/home/alex/.m2/repository/com/squareup/okio/okio/2.8.0/okio-2.8.0.jar:/home/alex/.m2/repository/org/jetbrains/kotlin/kotlin-stdlib-common/1.4.0/kotlin-stdlib-common-1.4.0.jar:/home/alex/.m2/repository/org/jetbrains/kotlin/kotlin-stdlib/1.4.10/kotlin-stdlib-1.4.10.jar:/home/alex/.m2/repository/org/jetbrains/annotations/13.0/annotations-13.0.jar:/home/alex/.m2/repository/io/github/rburgst/okhttp-digest/2.5/okhttp-digest-2.5.jar:/home/alex/.m2/repository/at/favre/lib/bcrypt/0.9.0/bcrypt-0.9.0.jar:/home/alex/.m2/repository/at/favre/lib/bytes/1.3.0/bytes-1.3.0.jar:/home/alex/.m2/repository/com/google/guava/guava/28.0-jre/guava-28.0-jre.jar:/home/alex/.m2/repository/com/google/guava/failureaccess/1.0.1/failureaccess-1.0.1.jar:/home/alex/.m2/repository/com/google/guava/listenablefuture/9999.0-empty-to-avoid-conflict-with-guava/listenablefuture-9999.0-empty-to-avoid-conflict-with-guava.jar:/home/alex/.m2/repository/com/google/code/findbugs/jsr305/3.0.2/jsr305-3.0.2.jar:/home/alex/.m2/repository/org/checkerframework/checker-qual/2.8.1/checker-qual-2.8.1.jar:/home/alex/.m2/repository/com/google/errorprone/error_prone_annotations/2.3.2/error_prone_annotations-2.3.2.jar:/home/alex/.m2/repository/com/google/j2objc/j2objc-annotations/1.3/j2objc-annotations-1.3.jar:/home/alex/.m2/repository/org/codehaus/mojo/animal-sniffer-annotations/1.17/animal-sniffer-annotations-1.17.jar:/home/alex/Repositories/nifi/nifi-mock/target/classes:/home/alex/Repositories/nifi/nifi-framework-api/target/classes:/home/alex/Repositories/nifi/nifi-nar-bundles/nifi-framework-bundle/nifi-framework/nifi-framework-core-api/target/classes:/home/alex/Repositories/nifi/nifi-nar-bundles/nifi-framework-bundle/nifi-framework/nifi-framework-nar-utils/target/classes:/home/alex/Repositories/nifi/nifi-nar-bundles/nifi-framework-bundle/nifi-framework/nifi-client-dto/target/classes:/home/alex/.m2/repository/io/swagger/swagger-annotations/1.6.0/swagger-annotations-1.6.0.jar:/home/alex/Repositories/nifi/nifi-commons/nifi-site-to-site-client/target/classes:/home/alex/.m2/repository/org/apache/httpcomponents/httpasyncclient/4.1.4/httpasyncclient-4.1.4.jar:/home/alex/.m2/repository/org/apache/httpcomponents/httpcore-nio/4.4.10/httpcore-nio-4.4.10.jar:/home/alex/Repositories/nifi/nifi-nar-bundles/nifi-framework-bundle/nifi-framework/nifi-framework-authorization/target/classes:/home/alex/Repositories/nifi/nifi-registry/nifi-registry-core/nifi-registry-data-model/target/classes:/home/alex/Repositories/nifi/nifi-registry/nifi-registry-core/nifi-registry-revision/nifi-registry-revision-entity-model/target/classes:/home/alex/Repositories/nifi/nifi-registry/nifi-registry-core/nifi-registry-client/target/classes:/home/alex/Repositories/nifi/nifi-registry/nifi-registry-core/nifi-registry-security-utils/target/classes:/home/alex/.m2/repository/org/glassfish/jersey/core/jersey-client/2.33/jersey-client-2.33.jar:/home/alex/.m2/repository/jakarta/ws/rs/jakarta.ws.rs-api/2.1.6/jakarta.ws.rs-api-2.1.6.jar:/home/alex/.m2/repository/org/glassfish/hk2/external/jakarta.inject/2.6.1/jakarta.inject-2.6.1.jar:/home/alex/.m2/repository/org/glassfish/jersey/media/jersey-media-json-jackson/2.33/jersey-media-json-jackson-2.33.jar:/home/alex/.m2/repository/org/glassfish/jersey/ext/jersey-entity-filtering/2.33/jersey-entity-filtering-2.33.jar:/home/alex/.m2/repository/org/glassfish/jersey/inject/jersey-hk2/2.33/jersey-hk2-2.33.jar:/home/alex/.m2/repository/org/glassfish/hk2/hk2-locator/2.6.1/hk2-locator-2.6.1.jar:/home/alex/.m2/repository/org/glassfish/hk2/external/aopalliance-repackaged/2.6.1/aopalliance-repackaged-2.6.1.jar:/home/alex/.m2/repository/org/glassfish/hk2/hk2-api/2.6.1/hk2-api-2.6.1.jar:/home/alex/.m2/repository/org/glassfish/hk2/hk2-utils/2.6.1/hk2-utils-2.6.1.jar:/home/alex/.m2/repository/org/javassist/javassist/3.25.0-GA/javassist-3.25.0-GA.jar:/home/alex/.m2/repository/org/glassfish/jersey/core/jersey-common/2.33/jersey-common-2.33.jar:/home/alex/.m2/repository/jakarta/annotation/jakarta.annotation-api/1.3.5/jakarta.annotation-api-1.3.5.jar:/home/alex/.m2/repository/org/glassfish/hk2/osgi-resource-locator/1.0.3/osgi-resource-locator-1.0.3.jar:/home/alex/.m2/repository/org/glassfish/jersey/media/jersey-media-multipart/2.33/jersey-media-multipart-2.33.jar:/home/alex/.m2/repository/org/jvnet/mimepull/mimepull/1.9.13/mimepull-1.9.13.jar:/home/alex/Repositories/nifi/nifi-commons/nifi-data-provenance-utils/target/classes:/home/alex/Repositories/nifi/nifi-nar-bundles/nifi-standard-services/nifi-distributed-cache-services-bundle/nifi-distributed-cache-client-service/target/classes:/home/alex/Repositories/nifi/nifi-nar-bundles/nifi-standard-services/nifi-distributed-cache-services-bundle/nifi-distributed-cache-protocol/target/classes:/home/alex/.m2/repository/io/netty/netty-buffer/4.1.69.Final/netty-buffer-4.1.69.Final.jar:/home/alex/.m2/repository/com/google/http-client/google-http-client/1.28.0/google-http-client-1.28.0.jar:/home/alex/.m2/repository/io/opencensus/opencensus-api/0.18.0/opencensus-api-0.18.0.jar:/home/alex/.m2/repository/io/grpc/grpc-context/1.14.0/grpc-context-1.14.0.jar:/home/alex/.m2/repository/io/opencensus/opencensus-contrib-http-util/0.18.0/opencensus-contrib-http-util-0.18.0.jar:/home/alex/.m2/repository/org/apache/activemq/activemq-broker/5.15.14/activemq-broker-5.15.14.jar:/home/alex/.m2/repository/org/apache/activemq/activemq-openwire-legacy/5.15.14/activemq-openwire-legacy-5.15.14.jar:/home/alex/Repositories/nifi/nifi-nar-bundles/nifi-standard-services/nifi-ssl-context-bundle/nifi-ssl-context-service/target/classes:/home/alex/Repositories/nifi/nifi-nar-bundles/nifi-framework-bundle/nifi-framework/nifi-standard-prioritizers/target/classes:/home/alex/Repositories/nifi/nifi-nar-bundles/nifi-extension-utils/nifi-record-utils/nifi-mock-record-utils/target/classes:/home/alex/Repositories/nifi/nifi-nar-bundles/nifi-standard-services/nifi-record-serialization-services-bundle/nifi-record-serialization-services/target/classes:/home/alex/.m2/repository/org/apache/commons/commons-csv/1.8/commons-csv-1.8.jar:/home/alex/.m2/repository/com/fasterxml/jackson/dataformat/jackson-dataformat-csv/2.12.3/jackson-dataformat-csv-2.12.3.jar:/home/alex/.m2/repository/net/java/dev/stax-utils/stax-utils/20070216/stax-utils-20070216.jar:/home/alex/Repositories/nifi/nifi-nar-bundles/nifi-standard-services/nifi-lookup-services-bundle/nifi-lookup-services/target/classes:/home/alex/.m2/repository/commons-beanutils/commons-beanutils/1.9.4/commons-beanutils-1.9.4.jar:/home/alex/.m2/repository/commons-collections/commons-collections/3.2.2/commons-collections-3.2.2.jar:/home/alex/.m2/repository/com/maxmind/geoip2/geoip2/2.12.0/geoip2-2.12.0.jar:/home/alex/.m2/repository/com/maxmind/db/maxmind-db/1.2.2/maxmind-db-1.2.2.jar:/home/alex/.m2/repository/org/apache/derby/derby/10.14.2.0/derby-10.14.2.0.jar:/home/alex/.m2/repository/org/xerial/snappy/snappy-java/1.1.7.3/snappy-java-1.1.7.3.jar:/home/alex/.m2/repository/net/lingala/zip4j/zip4j/2.8.0/zip4j-2.8.0.jar:/home/alex/.m2/repository/com/h2database/h2/1.4.187/h2-1.4.187.jar:/home/alex/.m2/repository/org/mockftpserver/MockFtpServer/2.7.1/MockFtpServer-2.7.1.jar:/home/alex/.m2/repository/org/apache/sshd/sshd-core/1.7.0/sshd-core-1.7.0.jar:/home/alex/.m2/repository/com/bazaarvoice/jolt/jolt-core/0.1.1/jolt-core-0.1.1.jar:/home/alex/.m2/repository/javax/inject/javax.inject/1/javax.inject-1.jar:/home/alex/.m2/repository/com/bazaarvoice/jolt/json-utils/0.1.1/json-utils-0.1.1.jar:/home/alex/Repositories/nifi/nifi-nar-bundles/nifi-standard-bundle/nifi-standard-utils/target/classes:/home/alex/.m2/repository/net/sf/supercsv/super-csv/2.4.0/super-csv-2.4.0.jar:/home/alex/.m2/repository/com/fluenda/parcefone/2.1.0/parcefone-2.1.0.jar:/home/alex/.m2/repository/javax/validation/validation-api/1.1.0.Final/validation-api-1.1.0.Final.jar:/home/alex/.m2/repository/javax/el/javax.el-api/3.0.0/javax.el-api-3.0.0.jar:/home/alex/.m2/repository/com/github/wnameless/json/json-flattener/0.12.0/json-flattener-0.12.0.jar:/home/alex/.m2/repository/com/github/wnameless/json/json-base/2.0.0/json-base-2.0.0.jar:/home/alex/.m2/repository/org/apache/bval/bval-jsr/1.1.2/bval-jsr-1.1.2.jar:/home/alex/.m2/repository/org/apache/bval/bval-core/1.1.2/bval-core-1.1.2.jar:/home/alex/.m2/repository/io/krakens/java-grok/0.1.9/java-grok-0.1.9.jar:/home/alex/.m2/repository/org/apache/calcite/calcite-core/1.27.0/calcite-core-1.27.0.jar:/home/alex/.m2/repository/org/apache/calcite/calcite-linq4j/1.27.0/calcite-linq4j-1.27.0.jar:/home/alex/.m2/repository/com/esri/geometry/esri-geometry-api/2.2.0/esri-geometry-api-2.2.0.jar:/home/alex/.m2/repository/org/apache/calcite/avatica/avatica-core/1.18.0/avatica-core-1.18.0.jar:/home/alex/.m2/repository/org/apache/calcite/avatica/avatica-metrics/1.18.0/avatica-metrics-1.18.0.jar:/home/alex/.m2/repository/com/google/protobuf/protobuf-java/3.6.1/protobuf-java-3.6.1.jar:/home/alex/.m2/repository/org/apiguardian/apiguardian-api/1.1.0/apiguardian-api-1.1.0.jar:/home/alex/.m2/repository/com/fasterxml/jackson/dataformat/jackson-dataformat-yaml/2.10.0/jackson-dataformat-yaml-2.10.0.jar:/home/alex/.m2/repository/org/yaml/snakeyaml/1.29/snakeyaml-1.29.jar:/home/alex/.m2/repository/com/google/uzaygezen/uzaygezen-core/0.2/uzaygezen-core-0.2.jar:/home/alex/.m2/repository/com/yahoo/datasketches/sketches-core/0.9.0/sketches-core-0.9.0.jar:/home/alex/.m2/repository/com/yahoo/datasketches/memory/0.9.0/memory-0.9.0.jar:/home/alex/.m2/repository/net/hydromatic/aggdesigner-algorithm/6.0/aggdesigner-algorithm-6.0.jar:/home/alex/.m2/repository/commons-lang/commons-lang/2.4/commons-lang-2.4.jar:/home/alex/.m2/repository/org/apache/commons/commons-dbcp2/2.6.0/commons-dbcp2-2.6.0.jar:/home/alex/.m2/repository/org/apache/commons/commons-pool2/2.6.1/commons-pool2-2.6.1.jar:/home/alex/.m2/repository/org/codehaus/janino/commons-compiler/3.0.11/commons-compiler-3.0.11.jar:/home/alex/.m2/repository/org/codehaus/janino/janino/3.0.11/janino-3.0.11.jar:/home/alex/Repositories/nifi/nifi-nar-bundles/nifi-standard-services/nifi-schema-registry-service-api/target/classes:/home/alex/Repositories/nifi/nifi-nar-bundles/nifi-extension-utils/nifi-database-utils/target/classes:/home/alex/Repositories/nifi/nifi-nar-bundles/nifi-standard-bundle/nifi-standard-web-test-utils/target/classes:/home/alex/.m2/repository/com/github/stefanbirkner/fake-sftp-server-rule/2.0.1/fake-sftp-server-rule-2.0.1.jar:/home/alex/.m2/repository/com/github/marschall/memoryfilesystem/2.8.0/memoryfilesystem-2.8.0.jar:/home/alex/.m2/repository/junit/junit/4.13.2/junit-4.13.2.jar:/home/alex/.m2/repository/org/hamcrest/hamcrest-core/1.3/hamcrest-core-1.3.jar:/home/alex/Repositories/nifi/nifi-nar-bundles/nifi-extension-utils/nifi-database-test-utils/target/classes:/home/alex/.m2/repository/org/codehaus/groovy/groovy-json/2.5.14/groovy-json-2.5.14.jar:/home/alex/.m2/repository/org/codehaus/groovy/groovy/2.5.14/groovy-2.5.14.jar:/home/alex/.m2/repository/org/codehaus/groovy/groovy-servlet/2.5.14/groovy-servlet-2.5.14.jar:/home/alex/.m2/repository/org/codehaus/groovy/groovy-templates/2.5.14/groovy-templates-2.5.14.jar:/home/alex/.m2/repository/org/codehaus/groovy/groovy-xml/2.5.14/groovy-xml-2.5.14.jar:/home/alex/.m2/repository/org/hamcrest/hamcrest-all/1.3/hamcrest-all-1.3.jar:/home/alex/.m2/repository/com/squareup/okhttp3/mockwebserver/4.9.2/mockwebserver-4.9.2.jar:/home/alex/.m2/repository/org/jetbrains/kotlin/kotlin-stdlib-jdk8/1.4.10/kotlin-stdlib-jdk8-1.4.10.jar:/home/alex/.m2/repository/org/jetbrains/kotlin/kotlin-stdlib-jdk7/1.4.10/kotlin-stdlib-jdk7-1.4.10.jar:/home/alex/.m2/repository/org/mockito/mockito-inline/3.12.4/mockito-inline-3.12.4.jar:/home/alex/.m2/repository/org/junit/jupiter/junit-jupiter-api/5.7.2/junit-jupiter-api-5.7.2.jar:/home/alex/.m2/repository/org/opentest4j/opentest4j/1.2.0/opentest4j-1.2.0.jar:/home/alex/.m2/repository/org/junit/platform/junit-platform-commons/1.7.2/junit-platform-commons-1.7.2.jar:/home/alex/.m2/repository/org/junit/jupiter/junit-jupiter-engine/5.7.2/junit-jupiter-engine-5.7.2.jar:/home/alex/.m2/repository/org/junit/platform/junit-platform-engine/1.7.2/junit-platform-engine-1.7.2.jar:/home/alex/.m2/repository/org/junit/vintage/junit-vintage-engine/5.7.2/junit-vintage-engine-5.7.2.jar:/home/alex/.m2/repository/org/junit/jupiter/junit-jupiter-params/5.7.2/junit-jupiter-params-5.7.2.jar:/home/alex/.m2/repository/org/mockito/mockito-core/3.11.2/mockito-core-3.11.2.jar:/home/alex/.m2/repository/net/bytebuddy/byte-buddy/1.11.3/byte-buddy-1.11.3.jar:/home/alex/.m2/repository/net/bytebuddy/byte-buddy-agent/1.11.3/byte-buddy-agent-1.11.3.jar:/home/alex/.m2/repository/org/objenesis/objenesis/3.2/objenesis-3.2.jar:/home/alex/.m2/repository/org/mockito/mockito-junit-jupiter/3.11.2/mockito-junit-jupiter-3.11.2.jar:/home/alex/.m2/repository/org/slf4j/slf4j-simple/1.7.32/slf4j-simple-1.7.32.jar:/home/alex/.m2/repository/org/codehaus/groovy/groovy-test/2.5.14/groovy-test-2.5.14.jar:"/>
    <property name="sun.cpu.endian" value="little"/>
    <property name="user.home" value="/home/alex"/>
    <property name="user.language" value="en"/>
    <property name="java.specification.vendor" value="Oracle Corporation"/>
    <property name="java.home" value="/usr/lib/jvm/java-8-openjdk-amd64/jre"/>
    <property name="basedir" value="/home/alex/Repositories/nifi/nifi-nar-bundles/nifi-standard-bundle/nifi-standard-processors"/>
    <property name="file.separator" value="/"/>
    <property name="line.separator" value="&#10;"/>
    <property name="java.vm.specification.vendor" value="Oracle Corporation"/>
    <property name="java.specification.name" value="Java Platform API Specification"/>
    <property name="derby.stream.error.file" value="target/derby.log"/>
    <property name="java.awt.graphicsenv" value="sun.awt.X11GraphicsEnvironment"/>
    <property name="org.slf4j.simpleLogger.log.org.apache.nifi.processors.standard.SQLTransform" value="debug"/>
    <property name="java.awt.headless" value="true"/>
    <property name="org.slf4j.simpleLogger.showDateTime" value="true"/>
    <property name="surefire.real.class.path" value="/home/alex/Repositories/nifi/nifi-nar-bundles/nifi-standard-bundle/nifi-standard-processors/target/surefire/surefirebooter4492904506786624144.jar"/>
    <property name="sun.boot.class.path" value="/usr/lib/jvm/java-8-openjdk-amd64/jre/lib/resources.jar:/usr/lib/jvm/java-8-openjdk-amd64/jre/lib/rt.jar:/usr/lib/jvm/java-8-openjdk-amd64/jre/lib/sunrsasign.jar:/usr/lib/jvm/java-8-openjdk-amd64/jre/lib/jsse.jar:/usr/lib/jvm/java-8-openjdk-amd64/jre/lib/jce.jar:/usr/lib/jvm/java-8-openjdk-amd64/jre/lib/charsets.jar:/usr/lib/jvm/java-8-openjdk-amd64/jre/lib/jfr.jar:/usr/lib/jvm/java-8-openjdk-amd64/jre/classes"/>
    <property name="sun.management.compiler" value="HotSpot 64-Bit Tiered Compilers"/>
    <property name="java.runtime.version" value="1.8.0_402-8u402-ga-2ubuntu1~22.04-b06"/>
    <property name="java.net.preferIPv4Stack" value="true"/>
    <property name="user.name" value="alex"/>
    <property name="path.separator" value=":"/>
    <property name="os.version" value="6.5.0-28-generic"/>
    <property name="java.endorsed.dirs" value="/usr/lib/jvm/java-8-openjdk-amd64/jre/lib/endorsed"/>
    <property name="java.runtime.name" value="OpenJDK Runtime Environment"/>
    <property name="file.encoding" value="UTF-8"/>
    <property name="sun.nio.ch.bugLevel" value=""/>
    <property name="java.vm.name" value="OpenJDK 64-Bit Server VM"/>
    <property name="localRepository" value="/home/alex/.m2/repository"/>
    <property name="java.vendor.url.bug" value="http://bugreport.sun.com/bugreport/"/>
    <property name="java.io.tmpdir" value="/tmp"/>
    <property name="java.version" value="1.8.0_402"/>
    <property name="user.dir" value="/home/alex/Repositories/nifi/nifi-nar-bundles/nifi-standard-bundle/nifi-standard-processors"/>
    <property name="os.arch" value="amd64"/>
    <property name="java.vm.specification.name" value="Java Virtual Machine Specification"/>
    <property name="java.awt.printerjob" value="sun.print.PSPrinterJob"/>
    <property name="sun.os.patch.level" value="unknown"/>
    <property name="org.slf4j.simpleLogger.defaultLogLevel" value="info"/>
    <property name="java.library.path" value="/usr/java/packages/lib/amd64:/usr/lib/x86_64-linux-gnu/jni:/lib/x86_64-linux-gnu:/usr/lib/x86_64-linux-gnu:/usr/lib/jni:/lib:/usr/lib"/>
    <property name="java.vm.info" value="mixed mode"/>
    <property name="java.vendor" value="Private Build"/>
    <property name="java.vm.version" value="25.402-b06"/>
    <property name="java.specification.maintenance.version" value="5"/>
    <property name="java.ext.dirs" value="/usr/lib/jvm/java-8-openjdk-amd64/jre/lib/ext:/usr/java/packages/lib/ext"/>
    <property name="sun.io.unicode.encoding" value="UnicodeLittle"/>
    <property name="java.class.version" value="52.0"/>
  </properties>
  <testcase name="testShouldCalculateHashOfPresentAttribute" classname="org.apache.nifi.processors.standard.CryptographicHashAttributeTest" time="0.064">
    <system-err><![CDATA[[main] INFO org.apache.nifi.processors.standard.CryptographicHashAttributeTest - [EXPECTED]         MD2(alopresto) = 326d36aff5e2473c23ab54b6a193d737
[main] INFO org.apache.nifi.processors.standard.CryptographicHashAttributeTest - [EXPECTED]         MD2(2024-05-02 01:58:48.281 +0100) = 2cfe145a2fa32b9fcce9fc66a3db34d7
[main] INFO org.apache.nifi.processors.standard.CryptographicHashAttributeTest - Setting hash algorithm to MD2
[main] INFO org.apache.nifi.processors.standard.CryptographicHashAttributeTest - flowfile.username_MD2 = 326d36aff5e2473c23ab54b6a193d737
[main] INFO org.apache.nifi.processors.standard.CryptographicHashAttributeTest - flowfile.date_MD2 = 2cfe145a2fa32b9fcce9fc66a3db34d7
[main] INFO org.apache.nifi.processors.standard.CryptographicHashAttributeTest - [EXPECTED]         MD5(alopresto) = 543d5b89b8d21eefd90e36e6dceaf715
[main] INFO org.apache.nifi.processors.standard.CryptographicHashAttributeTest - [EXPECTED]         MD5(2024-05-02 01:58:48.281 +0100) = 1eb880272b1841f54b0535b4410cd6f7
[main] INFO org.apache.nifi.processors.standard.CryptographicHashAttributeTest - Setting hash algorithm to MD5
[main] INFO org.apache.nifi.processors.standard.CryptographicHashAttributeTest - flowfile.username_MD5 = 543d5b89b8d21eefd90e36e6dceaf715
[main] INFO org.apache.nifi.processors.standard.CryptographicHashAttributeTest - flowfile.date_MD5 = 1eb880272b1841f54b0535b4410cd6f7
[main] INFO org.apache.nifi.processors.standard.CryptographicHashAttributeTest - [EXPECTED]       SHA-1(alopresto) = feb3cf00ee9bc01575e9428a4270e7b599f5a4bd
[main] INFO org.apache.nifi.processors.standard.CryptographicHashAttributeTest - [EXPECTED]       SHA-1(2024-05-02 01:58:48.281 +0100) = 707ccaf2b9845f1d108de453a03687d093223df0
[main] INFO org.apache.nifi.processors.standard.CryptographicHashAttributeTest - Setting hash algorithm to SHA-1
[main] INFO org.apache.nifi.processors.standard.CryptographicHashAttributeTest - flowfile.username_SHA-1 = feb3cf00ee9bc01575e9428a4270e7b599f5a4bd
[main] INFO org.apache.nifi.processors.standard.CryptographicHashAttributeTest - flowfile.date_SHA-1 = 707ccaf2b9845f1d108de453a03687d093223df0
[main] INFO org.apache.nifi.processors.standard.CryptographicHashAttributeTest - [EXPECTED]     SHA-224(alopresto) = 1350407880aca59020712c9828884ad48befea1ad614780a1162c8bf
[main] INFO org.apache.nifi.processors.standard.CryptographicHashAttributeTest - [EXPECTED]     SHA-224(2024-05-02 01:58:48.281 +0100) = 6a015b05b8fd3e0d8d4a726b4772d699d000113d980e0a6f852f5f0c
[main] INFO org.apache.nifi.processors.standard.CryptographicHashAttributeTest - Setting hash algorithm to SHA-224
[main] INFO org.apache.nifi.processors.standard.CryptographicHashAttributeTest - flowfile.username_SHA-224 = 1350407880aca59020712c9828884ad48befea1ad614780a1162c8bf
[main] INFO org.apache.nifi.processors.standard.CryptographicHashAttributeTest - flowfile.date_SHA-224 = 6a015b05b8fd3e0d8d4a726b4772d699d000113d980e0a6f852f5f0c
[main] INFO org.apache.nifi.processors.standard.CryptographicHashAttributeTest - [EXPECTED]     SHA-256(alopresto) = 600973dc8f2b7bb2a20651ebefe4bf91c5295afef19f4d5b9994d581f5a68a23
[main] INFO org.apache.nifi.processors.standard.CryptographicHashAttributeTest - [EXPECTED]     SHA-256(2024-05-02 01:58:48.281 +0100) = 5373d5d8913f5dc2c0a0bcb800fb02d85111c03a7acc2cb3fead83d65c613132
[main] INFO org.apache.nifi.processors.standard.CryptographicHashAttributeTest - Setting hash algorithm to SHA-256
[main] INFO org.apache.nifi.processors.standard.CryptographicHashAttributeTest - flowfile.username_SHA-256 = 600973dc8f2b7bb2a20651ebefe4bf91c5295afef19f4d5b9994d581f5a68a23
[main] INFO org.apache.nifi.processors.standard.CryptographicHashAttributeTest - flowfile.date_SHA-256 = 5373d5d8913f5dc2c0a0bcb800fb02d85111c03a7acc2cb3fead83d65c613132
[main] INFO org.apache.nifi.processors.standard.CryptographicHashAttributeTest - [EXPECTED]     SHA-384(alopresto) = c5281f88fd5cff56fe512abc56930eae958b61049bffa296bafadac7696e2fd2fec8b5bcc9b69153ba0388b77b2f5b89
[main] INFO org.apache.nifi.processors.standard.CryptographicHashAttributeTest - [EXPECTED]     SHA-384(2024-05-02 01:58:48.281 +0100) = d8b4d4b83f27433e2df983daa74138b16953b2b64260fa089dbac6bf0cf9f1c40a0b4fb0a6ef76de6c7179499272be35
[main] INFO org.apache.nifi.processors.standard.CryptographicHashAttributeTest - Setting hash algorithm to SHA-384
[main] INFO org.apache.nifi.processors.standard.CryptographicHashAttributeTest - flowfile.username_SHA-384 = c5281f88fd5cff56fe512abc56930eae958b61049bffa296bafadac7696e2fd2fec8b5bcc9b69153ba0388b77b2f5b89
[main] INFO org.apache.nifi.processors.standard.CryptographicHashAttributeTest - flowfile.date_SHA-384 = d8b4d4b83f27433e2df983daa74138b16953b2b64260fa089dbac6bf0cf9f1c40a0b4fb0a6ef76de6c7179499272be35
[main] INFO org.apache.nifi.processors.standard.CryptographicHashAttributeTest - [EXPECTED]     SHA-512(alopresto) = 739b4f6722fb5de20125751c7a1a358b2a7eb8f07e530e4bf18561fbff93234908aa9d2577770c876bca9ede5ba784d5ce6081dbbdfe5ddd446678f223b8d632
[main] INFO org.apache.nifi.processors.standard.CryptographicHashAttributeTest - [EXPECTED]     SHA-512(2024-05-02 01:58:48.281 +0100) = 0720eeba8388207c48fe74a098b2d59a68aab1e6b7f87c23c745688a86436fa26a6fee9a83b84a9aa42c4d8841b147c74c1f03b8a2a795102efcb4884804a513
[main] INFO org.apache.nifi.processors.standard.CryptographicHashAttributeTest - Setting hash algorithm to SHA-512
[main] INFO org.apache.nifi.processors.standard.CryptographicHashAttributeTest - flowfile.username_SHA-512 = 739b4f6722fb5de20125751c7a1a358b2a7eb8f07e530e4bf18561fbff93234908aa9d2577770c876bca9ede5ba784d5ce6081dbbdfe5ddd446678f223b8d632
[main] INFO org.apache.nifi.processors.standard.CryptographicHashAttributeTest - flowfile.date_SHA-512 = 0720eeba8388207c48fe74a098b2d59a68aab1e6b7f87c23c745688a86436fa26a6fee9a83b84a9aa42c4d8841b147c74c1f03b8a2a795102efcb4884804a513
[main] INFO org.apache.nifi.processors.standard.CryptographicHashAttributeTest - [EXPECTED] SHA-512/224(alopresto) = 38a9636224af851358954799f78ec8757568f16856e07a33dd0cdacc
[main] INFO org.apache.nifi.processors.standard.CryptographicHashAttributeTest - [EXPECTED] SHA-512/224(2024-05-02 01:58:48.281 +0100) = e431e90be03a86e85f552d68b26ccdc218da03644833e5935c3837c6
[main] INFO org.apache.nifi.processors.standard.CryptographicHashAttributeTest - Setting hash algorithm to SHA-512/224
[main] INFO org.apache.nifi.processors.standard.CryptographicHashAttributeTest - flowfile.username_SHA-512/224 = 38a9636224af851358954799f78ec8757568f16856e07a33dd0cdacc
[main] INFO org.apache.nifi.processors.standard.CryptographicHashAttributeTest - flowfile.date_SHA-512/224 = e431e90be03a86e85f552d68b26ccdc218da03644833e5935c3837c6
[main] INFO org.apache.nifi.processors.standard.CryptographicHashAttributeTest - [EXPECTED] SHA-512/256(alopresto) = 370885c776287a2597419043f99d35d3e1062a19ca1a69be850769105120875c
[main] INFO org.apache.nifi.processors.standard.CryptographicHashAttributeTest - [EXPECTED] SHA-512/256(2024-05-02 01:58:48.281 +0100) = 0912edc7faadd150447696472d41c24320b2c9f0fcb3ba8dec7b5953c2f943e4
[main] INFO org.apache.nifi.processors.standard.CryptographicHashAttributeTest - Setting hash algorithm to SHA-512/256
[main] INFO org.apache.nifi.processors.standard.CryptographicHashAttributeTest - flowfile.username_SHA-512/256 = 370885c776287a2597419043f99d35d3e1062a19ca1a69be850769105120875c
[main] INFO org.apache.nifi.processors.standard.CryptographicHashAttributeTest - flowfile.date_SHA-512/256 = 0912edc7faadd150447696472d41c24320b2c9f0fcb3ba8dec7b5953c2f943e4
[main] INFO org.apache.nifi.processors.standard.CryptographicHashAttributeTest - [EXPECTED]    SHA3-224(alopresto) = 7ea11353d972cece9ec5767a36fe240b159c6fbfba64e33ec73ec13e
[main] INFO org.apache.nifi.processors.standard.CryptographicHashAttributeTest - [EXPECTED]    SHA3-224(2024-05-02 01:58:48.281 +0100) = 56882d26b1a73e1b6c4011e2a1e1b67c72bd7819fb3594daf65ee88f
[main] INFO org.apache.nifi.processors.standard.CryptographicHashAttributeTest - Setting hash algorithm to SHA3-224
[main] INFO org.apache.nifi.processors.standard.CryptographicHashAttributeTest - flowfile.username_SHA3-224 = 7ea11353d972cece9ec5767a36fe240b159c6fbfba64e33ec73ec13e
[main] INFO org.apache.nifi.processors.standard.CryptographicHashAttributeTest - flowfile.date_SHA3-224 = 56882d26b1a73e1b6c4011e2a1e1b67c72bd7819fb3594daf65ee88f
[main] INFO org.apache.nifi.processors.standard.CryptographicHashAttributeTest - [EXPECTED]    SHA3-256(alopresto) = 4eb6a96c91941d27f478d732312f81d535959fec854b37c1750abdbe8fb063e8
[main] INFO org.apache.nifi.processors.standard.CryptographicHashAttributeTest - [EXPECTED]    SHA3-256(2024-05-02 01:58:48.281 +0100) = ee9bfb709bb7881b9310737118071885bc1bbb82afc68f0079a575a9d2709186
[main] INFO org.apache.nifi.processors.standard.CryptographicHashAttributeTest - Setting hash algorithm to SHA3-256
[main] INFO org.apache.nifi.processors.standard.CryptographicHashAttributeTest - flowfile.username_SHA3-256 = 4eb6a96c91941d27f478d732312f81d535959fec854b37c1750abdbe8fb063e8
[main] INFO org.apache.nifi.processors.standard.CryptographicHashAttributeTest - flowfile.date_SHA3-256 = ee9bfb709bb7881b9310737118071885bc1bbb82afc68f0079a575a9d2709186
[main] INFO org.apache.nifi.processors.standard.CryptographicHashAttributeTest - [EXPECTED]    SHA3-384(alopresto) = ac2980977cd8cfc6c6b89a955fc827cc72ed959de855772ae63c442c20861261654e19de8ae7b1223da66a9cf3ea81a1
[main] INFO org.apache.nifi.processors.standard.CryptographicHashAttributeTest - [EXPECTED]    SHA3-384(2024-05-02 01:58:48.281 +0100) = d36213b5521d0cfaa521d33590312b1335300bb344ce782a2fa80f0e44a7b036707f6fdc4cf4bc490527b8840f8adf24
[main] INFO org.apache.nifi.processors.standard.CryptographicHashAttributeTest - Setting hash algorithm to SHA3-384
[main] INFO org.apache.nifi.processors.standard.CryptographicHashAttributeTest - flowfile.username_SHA3-384 = ac2980977cd8cfc6c6b89a955fc827cc72ed959de855772ae63c442c20861261654e19de8ae7b1223da66a9cf3ea81a1
[main] INFO org.apache.nifi.processors.standard.CryptographicHashAttributeTest - flowfile.date_SHA3-384 = d36213b5521d0cfaa521d33590312b1335300bb344ce782a2fa80f0e44a7b036707f6fdc4cf4bc490527b8840f8adf24
[main] INFO org.apache.nifi.processors.standard.CryptographicHashAttributeTest - [EXPECTED]    SHA3-512(alopresto) = 3f5fce02238d646c5b1f85732dd13b2fe23160bc0a1386c14f38d52a2c7b4c143aba6556f988e9e811d5138254e3d37c1d425c84b4bcf484d27e8c8634e3c030
[main] INFO org.apache.nifi.processors.standard.CryptographicHashAttributeTest - [EXPECTED]    SHA3-512(2024-05-02 01:58:48.281 +0100) = 29f599f760494a496ec667a8995aac849d940f59a116ad3d5767c7b3b6232429a06a401f7a2f670c5e70aae4339ea431ee15c841569df6ece7a24d49966815b5
[main] INFO org.apache.nifi.processors.standard.CryptographicHashAttributeTest - Setting hash algorithm to SHA3-512
[main] INFO org.apache.nifi.processors.standard.CryptographicHashAttributeTest - flowfile.username_SHA3-512 = 3f5fce02238d646c5b1f85732dd13b2fe23160bc0a1386c14f38d52a2c7b4c143aba6556f988e9e811d5138254e3d37c1d425c84b4bcf484d27e8c8634e3c030
[main] INFO org.apache.nifi.processors.standard.CryptographicHashAttributeTest - flowfile.date_SHA3-512 = 29f599f760494a496ec667a8995aac849d940f59a116ad3d5767c7b3b6232429a06a401f7a2f670c5e70aae4339ea431ee15c841569df6ece7a24d49966815b5
[main] INFO org.apache.nifi.processors.standard.CryptographicHashAttributeTest - [EXPECTED]  BLAKE2-160(alopresto) = 3183dbb75b206fb429365b5eba35eff3b4ad26e7
[main] INFO org.apache.nifi.processors.standard.CryptographicHashAttributeTest - [EXPECTED]  BLAKE2-160(2024-05-02 01:58:48.281 +0100) = 1aef8644c2535c0564afc2b56b85eec6c203e06c
[main] INFO org.apache.nifi.processors.standard.CryptographicHashAttributeTest - Setting hash algorithm to BLAKE2-160
[main] INFO org.apache.nifi.processors.standard.CryptographicHashAttributeTest - flowfile.username_BLAKE2-160 = 3183dbb75b206fb429365b5eba35eff3b4ad26e7
[main] INFO org.apache.nifi.processors.standard.CryptographicHashAttributeTest - flowfile.date_BLAKE2-160 = 1aef8644c2535c0564afc2b56b85eec6c203e06c
[main] INFO org.apache.nifi.processors.standard.CryptographicHashAttributeTest - [EXPECTED]  BLAKE2-256(alopresto) = c3240ba7756c0b1edb30147b26cc44c26793936b98a2f39a71f0071cc1e4a244
[main] INFO org.apache.nifi.processors.standard.CryptographicHashAttributeTest - [EXPECTED]  BLAKE2-256(2024-05-02 01:58:48.281 +0100) = 54149b127cfca8d7bd98197fefe989232ccec2c0d0c0a89dddd439d680fce07c
[main] INFO org.apache.nifi.processors.standard.CryptographicHashAttributeTest - Setting hash algorithm to BLAKE2-256
[main] INFO org.apache.nifi.processors.standard.CryptographicHashAttributeTest - flowfile.username_BLAKE2-256 = c3240ba7756c0b1edb30147b26cc44c26793936b98a2f39a71f0071cc1e4a244
[main] INFO org.apache.nifi.processors.standard.CryptographicHashAttributeTest - flowfile.date_BLAKE2-256 = 54149b127cfca8d7bd98197fefe989232ccec2c0d0c0a89dddd439d680fce07c
[main] INFO org.apache.nifi.processors.standard.CryptographicHashAttributeTest - [EXPECTED]  BLAKE2-384(alopresto) = f8e38969c7348870e5e7af09beac6931982fae61db1560b4de0b25004e75da48a9d004a8f848f4145bc0fd65778a286e
[main] INFO org.apache.nifi.processors.standard.CryptographicHashAttributeTest - [EXPECTED]  BLAKE2-384(2024-05-02 01:58:48.281 +0100) = 5dfedbeb8dc10c4c528dc934d0336ffb07cff23d070c78ed3dae15334e3e103bd442fc0fed9143b93f121be856ebbe47
[main] INFO org.apache.nifi.processors.standard.CryptographicHashAttributeTest - Setting hash algorithm to BLAKE2-384
[main] INFO org.apache.nifi.processors.standard.CryptographicHashAttributeTest - flowfile.username_BLAKE2-384 = f8e38969c7348870e5e7af09beac6931982fae61db1560b4de0b25004e75da48a9d004a8f848f4145bc0fd65778a286e
[main] INFO org.apache.nifi.processors.standard.CryptographicHashAttributeTest - flowfile.date_BLAKE2-384 = 5dfedbeb8dc10c4c528dc934d0336ffb07cff23d070c78ed3dae15334e3e103bd442fc0fed9143b93f121be856ebbe47
[main] INFO org.apache.nifi.processors.standard.CryptographicHashAttributeTest - [EXPECTED]  BLAKE2-512(alopresto) = 581f0339613fb4acf3de694dff4d7066fdaff163ab7af97812cabfd5e2dad0cd618d85099ff691aaa969ca22d244e4cdce43704a506383c7d78eea7754c32bdc
[main] INFO org.apache.nifi.processors.standard.CryptographicHashAttributeTest - [EXPECTED]  BLAKE2-512(2024-05-02 01:58:48.281 +0100) = b8089158d1c158fc8a2b0c669d5dc6c54b13f7502c54ae270d647ebddf76b9da5cee99fec67bb2c3f331b03360f6ec191fad9159fab6fdfe2b764bb1582ba6d9
[main] INFO org.apache.nifi.processors.standard.CryptographicHashAttributeTest - Setting hash algorithm to BLAKE2-512
[main] INFO org.apache.nifi.processors.standard.CryptographicHashAttributeTest - flowfile.username_BLAKE2-512 = 581f0339613fb4acf3de694dff4d7066fdaff163ab7af97812cabfd5e2dad0cd618d85099ff691aaa969ca22d244e4cdce43704a506383c7d78eea7754c32bdc
[main] INFO org.apache.nifi.processors.standard.CryptographicHashAttributeTest - flowfile.date_BLAKE2-512 = b8089158d1c158fc8a2b0c669d5dc6c54b13f7502c54ae270d647ebddf76b9da5cee99fec67bb2c3f331b03360f6ec191fad9159fab6fdfe2b764bb1582ba6d9
]]></system-err>
  </testcase>
  <testcase name="testShouldCalculateHashWithVariousCharacterEncodings" classname="org.apache.nifi.processors.standard.CryptographicHashAttributeTest" time="0.026">
    <system-err><![CDATA[[main] INFO org.apache.nifi.processors.standard.CryptographicHashAttributeTest - [EXPECTED] MD5(    utf_8(apachenifi)) = a968b5ec1d52449963dcc517789baaaf
[main] INFO org.apache.nifi.processors.standard.CryptographicHashAttributeTest - [EXPECTED] MD5(   utf_16(apachenifi)) = b8413d18f7e64042bb0322a1cd61eba2
[main] INFO org.apache.nifi.processors.standard.CryptographicHashAttributeTest - [EXPECTED] MD5( utf_16be(apachenifi)) = b8413d18f7e64042bb0322a1cd61eba2
[main] INFO org.apache.nifi.processors.standard.CryptographicHashAttributeTest - [EXPECTED] MD5( utf_16le(apachenifi)) = 91c3b67f9f8ae77156f21f271cc09121
[main] INFO org.apache.nifi.processors.standard.CryptographicHashAttributeTest - [EXPECTED] MD5(apachenifi, UTF-8) = a968b5ec1d52449963dcc517789baaaf
[main] INFO org.apache.nifi.processors.standard.CryptographicHashAttributeTest - Setting hash algorithm to MD5
[main] INFO org.apache.nifi.processors.standard.CryptographicHashAttributeTest - Setting character set to UTF-8
[main] INFO org.apache.nifi.processors.standard.CryptographicHashAttributeTest - flowfile.test_attribute_MD5 = a968b5ec1d52449963dcc517789baaaf
[main] WARN org.apache.nifi.security.util.crypto.HashService - The charset provided was UTF-16, but Java will insert a Big Endian BOM in the decoded message before hashing, so switching to UTF-16BE
[main] INFO org.apache.nifi.processors.standard.CryptographicHashAttributeTest - [EXPECTED] MD5(apachenifi, UTF-16) = b8413d18f7e64042bb0322a1cd61eba2
[main] INFO org.apache.nifi.processors.standard.CryptographicHashAttributeTest - Setting hash algorithm to MD5
[main] INFO org.apache.nifi.processors.standard.CryptographicHashAttributeTest - Setting character set to UTF-16
[pool-1325-thread-1] WARN org.apache.nifi.security.util.crypto.HashService - The charset provided was UTF-16, but Java will insert a Big Endian BOM in the decoded message before hashing, so switching to UTF-16BE
[main] INFO org.apache.nifi.processors.standard.CryptographicHashAttributeTest - flowfile.test_attribute_MD5 = b8413d18f7e64042bb0322a1cd61eba2
[main] INFO org.apache.nifi.processors.standard.CryptographicHashAttributeTest - [EXPECTED] MD5(apachenifi, UTF-16LE) = 91c3b67f9f8ae77156f21f271cc09121
[main] INFO org.apache.nifi.processors.standard.CryptographicHashAttributeTest - Setting hash algorithm to MD5
[main] INFO org.apache.nifi.processors.standard.CryptographicHashAttributeTest - Setting character set to UTF-16LE
[main] INFO org.apache.nifi.processors.standard.CryptographicHashAttributeTest - flowfile.test_attribute_MD5 = 91c3b67f9f8ae77156f21f271cc09121
[main] INFO org.apache.nifi.processors.standard.CryptographicHashAttributeTest - [EXPECTED] MD5(apachenifi, UTF-16BE) = b8413d18f7e64042bb0322a1cd61eba2
[main] INFO org.apache.nifi.processors.standard.CryptographicHashAttributeTest - Setting hash algorithm to MD5
[main] INFO org.apache.nifi.processors.standard.CryptographicHashAttributeTest - Setting character set to UTF-16BE
[main] INFO org.apache.nifi.processors.standard.CryptographicHashAttributeTest - flowfile.test_attribute_MD5 = b8413d18f7e64042bb0322a1cd61eba2
]]></system-err>
  </testcase>
  <testcase name="testShouldRouteToFailureOnEmptyAttributes" classname="org.apache.nifi.processors.standard.CryptographicHashAttributeTest" time="0.014">
    <system-err><![CDATA[[main] INFO org.apache.nifi.processors.standard.CryptographicHashAttributeTest - Setting hash algorithm to MD2
[pool-1328-thread-1] INFO org.apache.nifi.processors.standard.CryptographicHashAttribute - CryptographicHashAttribute[id=c39e1375-a008-4073-8f3f-f59f0c1b6cab] Routing FlowFile[0,91948272808351.mockFlowFile,0B] to 'failure' because of missing all attributes: 
[main] INFO org.apache.nifi.processors.standard.CryptographicHashAttributeTest - Failed flowfile has attributes [date:null, path:target, filename:91948272808351.mockFlowFile, uuid:a6a8df86-1252-4b1f-af22-3a10d4efb7e0, username:]
[main] INFO org.apache.nifi.processors.standard.CryptographicHashAttributeTest - Setting hash algorithm to MD5
[pool-1329-thread-1] INFO org.apache.nifi.processors.standard.CryptographicHashAttribute - CryptographicHashAttribute[id=c39e1375-a008-4073-8f3f-f59f0c1b6cab] Routing FlowFile[1,91948275096734.mockFlowFile,0B] to 'failure' because of missing all attributes: 
[main] INFO org.apache.nifi.processors.standard.CryptographicHashAttributeTest - Failed flowfile has attributes [date:null, path:target, filename:91948275096734.mockFlowFile, uuid:97da5c78-9945-468f-a5dd-349cce86c184, username:]
[main] INFO org.apache.nifi.processors.standard.CryptographicHashAttributeTest - Setting hash algorithm to SHA-1
[pool-1330-thread-1] INFO org.apache.nifi.processors.standard.CryptographicHashAttribute - CryptographicHashAttribute[id=c39e1375-a008-4073-8f3f-f59f0c1b6cab] Routing FlowFile[2,91948275707420.mockFlowFile,0B] to 'failure' because of missing all attributes: 
[main] INFO org.apache.nifi.processors.standard.CryptographicHashAttributeTest - Failed flowfile has attributes [date:null, path:target, filename:91948275707420.mockFlowFile, uuid:8d1c8576-57d8-4450-94f4-3549cce2f115, username:]
[main] INFO org.apache.nifi.processors.standard.CryptographicHashAttributeTest - Setting hash algorithm to SHA-224
[pool-1331-thread-1] INFO org.apache.nifi.processors.standard.CryptographicHashAttribute - CryptographicHashAttribute[id=c39e1375-a008-4073-8f3f-f59f0c1b6cab] Routing FlowFile[3,91948276101425.mockFlowFile,0B] to 'failure' because of missing all attributes: 
[main] INFO org.apache.nifi.processors.standard.CryptographicHashAttributeTest - Failed flowfile has attributes [date:null, path:target, filename:91948276101425.mockFlowFile, uuid:73624e10-dc44-4433-ba11-9a38b9195c71, username:]
[main] INFO org.apache.nifi.processors.standard.CryptographicHashAttributeTest - Setting hash algorithm to SHA-256
[pool-1332-thread-1] INFO org.apache.nifi.processors.standard.CryptographicHashAttribute - CryptographicHashAttribute[id=c39e1375-a008-4073-8f3f-f59f0c1b6cab] Routing FlowFile[4,91948276629025.mockFlowFile,0B] to 'failure' because of missing all attributes: 
[main] INFO org.apache.nifi.processors.standard.CryptographicHashAttributeTest - Failed flowfile has attributes [date:null, path:target, filename:91948276629025.mockFlowFile, uuid:5dfcca40-92a2-4461-a284-ae54e52fc7dd, username:]
[main] INFO org.apache.nifi.processors.standard.CryptographicHashAttributeTest - Setting hash algorithm to SHA-384
[pool-1333-thread-1] INFO org.apache.nifi.processors.standard.CryptographicHashAttribute - CryptographicHashAttribute[id=c39e1375-a008-4073-8f3f-f59f0c1b6cab] Routing FlowFile[5,91948277172716.mockFlowFile,0B] to 'failure' because of missing all attributes: 
[main] INFO org.apache.nifi.processors.standard.CryptographicHashAttributeTest - Failed flowfile has attributes [date:null, path:target, filename:91948277172716.mockFlowFile, uuid:b07d732e-1ca0-41e8-8709-a188d10b8c95, username:]
[main] INFO org.apache.nifi.processors.standard.CryptographicHashAttributeTest - Setting hash algorithm to SHA-512
[pool-1334-thread-1] INFO org.apache.nifi.processors.standard.CryptographicHashAttribute - CryptographicHashAttribute[id=c39e1375-a008-4073-8f3f-f59f0c1b6cab] Routing FlowFile[6,91948277927887.mockFlowFile,0B] to 'failure' because of missing all attributes: 
[main] INFO org.apache.nifi.processors.standard.CryptographicHashAttributeTest - Failed flowfile has attributes [date:null, path:target, filename:91948277927887.mockFlowFile, uuid:c29f6594-e89e-4964-814a-343216214700, username:]
[main] INFO org.apache.nifi.processors.standard.CryptographicHashAttributeTest - Setting hash algorithm to SHA-512/224
[pool-1335-thread-1] INFO org.apache.nifi.processors.standard.CryptographicHashAttribute - CryptographicHashAttribute[id=c39e1375-a008-4073-8f3f-f59f0c1b6cab] Routing FlowFile[7,91948278621894.mockFlowFile,0B] to 'failure' because of missing all attributes: 
[main] INFO org.apache.nifi.processors.standard.CryptographicHashAttributeTest - Failed flowfile has attributes [date:null, path:target, filename:91948278621894.mockFlowFile, uuid:0cd754c2-234f-4fc2-bd6b-729b3fe0e09c, username:]
[main] INFO org.apache.nifi.processors.standard.CryptographicHashAttributeTest - Setting hash algorithm to SHA-512/256
[pool-1336-thread-1] INFO org.apache.nifi.processors.standard.CryptographicHashAttribute - CryptographicHashAttribute[id=c39e1375-a008-4073-8f3f-f59f0c1b6cab] Routing FlowFile[8,91948279606872.mockFlowFile,0B] to 'failure' because of missing all attributes: 
[main] INFO org.apache.nifi.processors.standard.CryptographicHashAttributeTest - Failed flowfile has attributes [date:null, path:target, filename:91948279606872.mockFlowFile, uuid:912a9fed-7cbd-46ce-8e0a-bffbd5eb4dba, username:]
[main] INFO org.apache.nifi.processors.standard.CryptographicHashAttributeTest - Setting hash algorithm to SHA3-224
[pool-1337-thread-1] INFO org.apache.nifi.processors.standard.CryptographicHashAttribute - CryptographicHashAttribute[id=c39e1375-a008-4073-8f3f-f59f0c1b6cab] Routing FlowFile[9,91948280173591.mockFlowFile,0B] to 'failure' because of missing all attributes: 
[main] INFO org.apache.nifi.processors.standard.CryptographicHashAttributeTest - Failed flowfile has attributes [date:null, path:target, filename:91948280173591.mockFlowFile, uuid:c385e0b4-81de-419f-99b4-6cd72b9dbf54, username:]
[main] INFO org.apache.nifi.processors.standard.CryptographicHashAttributeTest - Setting hash algorithm to SHA3-256
[pool-1338-thread-1] INFO org.apache.nifi.processors.standard.CryptographicHashAttribute - CryptographicHashAttribute[id=c39e1375-a008-4073-8f3f-f59f0c1b6cab] Routing FlowFile[10,91948280786716.mockFlowFile,0B] to 'failure' because of missing all attributes: 
[main] INFO org.apache.nifi.processors.standard.CryptographicHashAttributeTest - Failed flowfile has attributes [date:null, path:target, filename:91948280786716.mockFlowFile, uuid:dbde1c28-26a5-4dce-a2ba-dc7a49798337, username:]
[main] INFO org.apache.nifi.processors.standard.CryptographicHashAttributeTest - Setting hash algorithm to SHA3-384
[pool-1339-thread-1] INFO org.apache.nifi.processors.standard.CryptographicHashAttribute - CryptographicHashAttribute[id=c39e1375-a008-4073-8f3f-f59f0c1b6cab] Routing FlowFile[11,91948281340083.mockFlowFile,0B] to 'failure' because of missing all attributes: 
[main] INFO org.apache.nifi.processors.standard.CryptographicHashAttributeTest - Failed flowfile has attributes [date:null, path:target, filename:91948281340083.mockFlowFile, uuid:8d7a9994-2b0c-4341-bb1f-0f2a0f3ef51f, username:]
[main] INFO org.apache.nifi.processors.standard.CryptographicHashAttributeTest - Setting hash algorithm to SHA3-512
[pool-1340-thread-1] INFO org.apache.nifi.processors.standard.CryptographicHashAttribute - CryptographicHashAttribute[id=c39e1375-a008-4073-8f3f-f59f0c1b6cab] Routing FlowFile[12,91948281747524.mockFlowFile,0B] to 'failure' because of missing all attributes: 
[main] INFO org.apache.nifi.processors.standard.CryptographicHashAttributeTest - Failed flowfile has attributes [date:null, path:target, filename:91948281747524.mockFlowFile, uuid:3cee09b6-75d6-4165-871e-350d12305759, username:]
[main] INFO org.apache.nifi.processors.standard.CryptographicHashAttributeTest - Setting hash algorithm to BLAKE2-160
[pool-1341-thread-1] INFO org.apache.nifi.processors.standard.CryptographicHashAttribute - CryptographicHashAttribute[id=c39e1375-a008-4073-8f3f-f59f0c1b6cab] Routing FlowFile[13,91948282199365.mockFlowFile,0B] to 'failure' because of missing all attributes: 
[main] INFO org.apache.nifi.processors.standard.CryptographicHashAttributeTest - Failed flowfile has attributes [date:null, path:target, filename:91948282199365.mockFlowFile, uuid:fd158129-af8b-4520-be7e-54ca19674f0c, username:]
[main] INFO org.apache.nifi.processors.standard.CryptographicHashAttributeTest - Setting hash algorithm to BLAKE2-256
[pool-1342-thread-1] INFO org.apache.nifi.processors.standard.CryptographicHashAttribute - CryptographicHashAttribute[id=c39e1375-a008-4073-8f3f-f59f0c1b6cab] Routing FlowFile[14,91948282718320.mockFlowFile,0B] to 'failure' because of missing all attributes: 
[main] INFO org.apache.nifi.processors.standard.CryptographicHashAttributeTest - Failed flowfile has attributes [date:null, path:target, filename:91948282718320.mockFlowFile, uuid:47a84e27-f9d7-45de-90b5-c49b8ef2c96e, username:]
[main] INFO org.apache.nifi.processors.standard.CryptographicHashAttributeTest - Setting hash algorithm to BLAKE2-384
[pool-1343-thread-1] INFO org.apache.nifi.processors.standard.CryptographicHashAttribute - CryptographicHashAttribute[id=c39e1375-a008-4073-8f3f-f59f0c1b6cab] Routing FlowFile[15,91948283392714.mockFlowFile,0B] to 'failure' because of missing all attributes: 
[main] INFO org.apache.nifi.processors.standard.CryptographicHashAttributeTest - Failed flowfile has attributes [date:null, path:target, filename:91948283392714.mockFlowFile, uuid:1430e2ac-c269-410f-8a01-17d2566d452e, username:]
[main] INFO org.apache.nifi.processors.standard.CryptographicHashAttributeTest - Setting hash algorithm to BLAKE2-512
[pool-1344-thread-1] INFO org.apache.nifi.processors.standard.CryptographicHashAttribute - CryptographicHashAttribute[id=c39e1375-a008-4073-8f3f-f59f0c1b6cab] Routing FlowFile[16,91948284074187.mockFlowFile,0B] to 'failure' because of missing all attributes: 
[main] INFO org.apache.nifi.processors.standard.CryptographicHashAttributeTest - Failed flowfile has attributes [date:null, path:target, filename:91948284074187.mockFlowFile, uuid:46ddee13-f4e8-42e1-bebb-897f5a3112fe, username:]
]]></system-err>
  </testcase>
  <testcase name="testShouldCalculateHashOfMissingAttribute" classname="org.apache.nifi.processors.standard.CryptographicHashAttributeTest" time="0.019">
    <system-err><![CDATA[[main] INFO org.apache.nifi.processors.standard.CryptographicHashAttributeTest - [EXPECTED]         MD2() = 8350e5a3e24c153df2275c9f80692773
[main] INFO org.apache.nifi.processors.standard.CryptographicHashAttributeTest - [EXPECTED]         MD2(null) = null
[main] INFO org.apache.nifi.processors.standard.CryptographicHashAttributeTest - Setting hash algorithm to MD2
[main] INFO org.apache.nifi.processors.standard.CryptographicHashAttributeTest - flowfile.username_MD2 = 8350e5a3e24c153df2275c9f80692773
[main] INFO org.apache.nifi.processors.standard.CryptographicHashAttributeTest - flowfile.date_MD2 = null
[main] INFO org.apache.nifi.processors.standard.CryptographicHashAttributeTest - [EXPECTED]         MD5() = d41d8cd98f00b204e9800998ecf8427e
[main] INFO org.apache.nifi.processors.standard.CryptographicHashAttributeTest - [EXPECTED]         MD5(null) = null
[main] INFO org.apache.nifi.processors.standard.CryptographicHashAttributeTest - Setting hash algorithm to MD5
[main] INFO org.apache.nifi.processors.standard.CryptographicHashAttributeTest - flowfile.username_MD5 = d41d8cd98f00b204e9800998ecf8427e
[main] INFO org.apache.nifi.processors.standard.CryptographicHashAttributeTest - flowfile.date_MD5 = null
[main] INFO org.apache.nifi.processors.standard.CryptographicHashAttributeTest - [EXPECTED]       SHA-1() = da39a3ee5e6b4b0d3255bfef95601890afd80709
[main] INFO org.apache.nifi.processors.standard.CryptographicHashAttributeTest - [EXPECTED]       SHA-1(null) = null
[main] INFO org.apache.nifi.processors.standard.CryptographicHashAttributeTest - Setting hash algorithm to SHA-1
[main] INFO org.apache.nifi.processors.standard.CryptographicHashAttributeTest - flowfile.username_SHA-1 = da39a3ee5e6b4b0d3255bfef95601890afd80709
[main] INFO org.apache.nifi.processors.standard.CryptographicHashAttributeTest - flowfile.date_SHA-1 = null
[main] INFO org.apache.nifi.processors.standard.CryptographicHashAttributeTest - [EXPECTED]     SHA-224() = d14a028c2a3a2bc9476102bb288234c415a2b01f828ea62ac5b3e42f
[main] INFO org.apache.nifi.processors.standard.CryptographicHashAttributeTest - [EXPECTED]     SHA-224(null) = null
[main] INFO org.apache.nifi.processors.standard.CryptographicHashAttributeTest - Setting hash algorithm to SHA-224
[main] INFO org.apache.nifi.processors.standard.CryptographicHashAttributeTest - flowfile.username_SHA-224 = d14a028c2a3a2bc9476102bb288234c415a2b01f828ea62ac5b3e42f
[main] INFO org.apache.nifi.processors.standard.CryptographicHashAttributeTest - flowfile.date_SHA-224 = null
[main] INFO org.apache.nifi.processors.standard.CryptographicHashAttributeTest - [EXPECTED]     SHA-256() = e3b0c44298fc1c149afbf4c8996fb92427ae41e4649b934ca495991b7852b855
[main] INFO org.apache.nifi.processors.standard.CryptographicHashAttributeTest - [EXPECTED]     SHA-256(null) = null
[main] INFO org.apache.nifi.processors.standard.CryptographicHashAttributeTest - Setting hash algorithm to SHA-256
[main] INFO org.apache.nifi.processors.standard.CryptographicHashAttributeTest - flowfile.username_SHA-256 = e3b0c44298fc1c149afbf4c8996fb92427ae41e4649b934ca495991b7852b855
[main] INFO org.apache.nifi.processors.standard.CryptographicHashAttributeTest - flowfile.date_SHA-256 = null
[main] INFO org.apache.nifi.processors.standard.CryptographicHashAttributeTest - [EXPECTED]     SHA-384() = 38b060a751ac96384cd9327eb1b1e36a21fdb71114be07434c0cc7bf63f6e1da274edebfe76f65fbd51ad2f14898b95b
[main] INFO org.apache.nifi.processors.standard.CryptographicHashAttributeTest - [EXPECTED]     SHA-384(null) = null
[main] INFO org.apache.nifi.processors.standard.CryptographicHashAttributeTest - Setting hash algorithm to SHA-384
[main] INFO org.apache.nifi.processors.standard.CryptographicHashAttributeTest - flowfile.username_SHA-384 = 38b060a751ac96384cd9327eb1b1e36a21fdb71114be07434c0cc7bf63f6e1da274edebfe76f65fbd51ad2f14898b95b
[main] INFO org.apache.nifi.processors.standard.CryptographicHashAttributeTest - flowfile.date_SHA-384 = null
[main] INFO org.apache.nifi.processors.standard.CryptographicHashAttributeTest - [EXPECTED]     SHA-512() = cf83e1357eefb8bdf1542850d66d8007d620e4050b5715dc83f4a921d36ce9ce47d0d13c5d85f2b0ff8318d2877eec2f63b931bd47417a81a538327af927da3e
[main] INFO org.apache.nifi.processors.standard.CryptographicHashAttributeTest - [EXPECTED]     SHA-512(null) = null
[main] INFO org.apache.nifi.processors.standard.CryptographicHashAttributeTest - Setting hash algorithm to SHA-512
[main] INFO org.apache.nifi.processors.standard.CryptographicHashAttributeTest - flowfile.username_SHA-512 = cf83e1357eefb8bdf1542850d66d8007d620e4050b5715dc83f4a921d36ce9ce47d0d13c5d85f2b0ff8318d2877eec2f63b931bd47417a81a538327af927da3e
[main] INFO org.apache.nifi.processors.standard.CryptographicHashAttributeTest - flowfile.date_SHA-512 = null
[main] INFO org.apache.nifi.processors.standard.CryptographicHashAttributeTest - [EXPECTED] SHA-512/224() = 6ed0dd02806fa89e25de060c19d3ac86cabb87d6a0ddd05c333b84f4
[main] INFO org.apache.nifi.processors.standard.CryptographicHashAttributeTest - [EXPECTED] SHA-512/224(null) = null
[main] INFO org.apache.nifi.processors.standard.CryptographicHashAttributeTest - Setting hash algorithm to SHA-512/224
[main] INFO org.apache.nifi.processors.standard.CryptographicHashAttributeTest - flowfile.username_SHA-512/224 = 6ed0dd02806fa89e25de060c19d3ac86cabb87d6a0ddd05c333b84f4
[main] INFO org.apache.nifi.processors.standard.CryptographicHashAttributeTest - flowfile.date_SHA-512/224 = null
[main] INFO org.apache.nifi.processors.standard.CryptographicHashAttributeTest - [EXPECTED] SHA-512/256() = c672b8d1ef56ed28ab87c3622c5114069bdd3ad7b8f9737498d0c01ecef0967a
[main] INFO org.apache.nifi.processors.standard.CryptographicHashAttributeTest - [EXPECTED] SHA-512/256(null) = null
[main] INFO org.apache.nifi.processors.standard.CryptographicHashAttributeTest - Setting hash algorithm to SHA-512/256
[main] INFO org.apache.nifi.processors.standard.CryptographicHashAttributeTest - flowfile.username_SHA-512/256 = c672b8d1ef56ed28ab87c3622c5114069bdd3ad7b8f9737498d0c01ecef0967a
[main] INFO org.apache.nifi.processors.standard.CryptographicHashAttributeTest - flowfile.date_SHA-512/256 = null
[main] INFO org.apache.nifi.processors.standard.CryptographicHashAttributeTest - [EXPECTED]    SHA3-224() = 6b4e03423667dbb73b6e15454f0eb1abd4597f9a1b078e3f5b5a6bc7
[main] INFO org.apache.nifi.processors.standard.CryptographicHashAttributeTest - [EXPECTED]    SHA3-224(null) = null
[main] INFO org.apache.nifi.processors.standard.CryptographicHashAttributeTest - Setting hash algorithm to SHA3-224
[main] INFO org.apache.nifi.processors.standard.CryptographicHashAttributeTest - flowfile.username_SHA3-224 = 6b4e03423667dbb73b6e15454f0eb1abd4597f9a1b078e3f5b5a6bc7
[main] INFO org.apache.nifi.processors.standard.CryptographicHashAttributeTest - flowfile.date_SHA3-224 = null
[main] INFO org.apache.nifi.processors.standard.CryptographicHashAttributeTest - [EXPECTED]    SHA3-256() = a7ffc6f8bf1ed76651c14756a061d662f580ff4de43b49fa82d80a4b80f8434a
[main] INFO org.apache.nifi.processors.standard.CryptographicHashAttributeTest - [EXPECTED]    SHA3-256(null) = null
[main] INFO org.apache.nifi.processors.standard.CryptographicHashAttributeTest - Setting hash algorithm to SHA3-256
[main] INFO org.apache.nifi.processors.standard.CryptographicHashAttributeTest - flowfile.username_SHA3-256 = a7ffc6f8bf1ed76651c14756a061d662f580ff4de43b49fa82d80a4b80f8434a
[main] INFO org.apache.nifi.processors.standard.CryptographicHashAttributeTest - flowfile.date_SHA3-256 = null
[main] INFO org.apache.nifi.processors.standard.CryptographicHashAttributeTest - [EXPECTED]    SHA3-384() = 0c63a75b845e4f7d01107d852e4c2485c51a50aaaa94fc61995e71bbee983a2ac3713831264adb47fb6bd1e058d5f004
[main] INFO org.apache.nifi.processors.standard.CryptographicHashAttributeTest - [EXPECTED]    SHA3-384(null) = null
[main] INFO org.apache.nifi.processors.standard.CryptographicHashAttributeTest - Setting hash algorithm to SHA3-384
[main] INFO org.apache.nifi.processors.standard.CryptographicHashAttributeTest - flowfile.username_SHA3-384 = 0c63a75b845e4f7d01107d852e4c2485c51a50aaaa94fc61995e71bbee983a2ac3713831264adb47fb6bd1e058d5f004
[main] INFO org.apache.nifi.processors.standard.CryptographicHashAttributeTest - flowfile.date_SHA3-384 = null
[main] INFO org.apache.nifi.processors.standard.CryptographicHashAttributeTest - [EXPECTED]    SHA3-512() = a69f73cca23a9ac5c8b567dc185a756e97c982164fe25859e0d1dcc1475c80a615b2123af1f5f94c11e3e9402c3ac558f500199d95b6d3e301758586281dcd26
[main] INFO org.apache.nifi.processors.standard.CryptographicHashAttributeTest - [EXPECTED]    SHA3-512(null) = null
[main] INFO org.apache.nifi.processors.standard.CryptographicHashAttributeTest - Setting hash algorithm to SHA3-512
[main] INFO org.apache.nifi.processors.standard.CryptographicHashAttributeTest - flowfile.username_SHA3-512 = a69f73cca23a9ac5c8b567dc185a756e97c982164fe25859e0d1dcc1475c80a615b2123af1f5f94c11e3e9402c3ac558f500199d95b6d3e301758586281dcd26
[main] INFO org.apache.nifi.processors.standard.CryptographicHashAttributeTest - flowfile.date_SHA3-512 = null
[main] INFO org.apache.nifi.processors.standard.CryptographicHashAttributeTest - [EXPECTED]  BLAKE2-160() = 3345524abf6bbe1809449224b5972c41790b6cf2
[main] INFO org.apache.nifi.processors.standard.CryptographicHashAttributeTest - [EXPECTED]  BLAKE2-160(null) = null
[main] INFO org.apache.nifi.processors.standard.CryptographicHashAttributeTest - Setting hash algorithm to BLAKE2-160
[main] INFO org.apache.nifi.processors.standard.CryptographicHashAttributeTest - flowfile.username_BLAKE2-160 = 3345524abf6bbe1809449224b5972c41790b6cf2
[main] INFO org.apache.nifi.processors.standard.CryptographicHashAttributeTest - flowfile.date_BLAKE2-160 = null
[main] INFO org.apache.nifi.processors.standard.CryptographicHashAttributeTest - [EXPECTED]  BLAKE2-256() = 0e5751c026e543b2e8ab2eb06099daa1d1e5df47778f7787faab45cdf12fe3a8
[main] INFO org.apache.nifi.processors.standard.CryptographicHashAttributeTest - [EXPECTED]  BLAKE2-256(null) = null
[main] INFO org.apache.nifi.processors.standard.CryptographicHashAttributeTest - Setting hash algorithm to BLAKE2-256
[main] INFO org.apache.nifi.processors.standard.CryptographicHashAttributeTest - flowfile.username_BLAKE2-256 = 0e5751c026e543b2e8ab2eb06099daa1d1e5df47778f7787faab45cdf12fe3a8
[main] INFO org.apache.nifi.processors.standard.CryptographicHashAttributeTest - flowfile.date_BLAKE2-256 = null
[main] INFO org.apache.nifi.processors.standard.CryptographicHashAttributeTest - [EXPECTED]  BLAKE2-384() = b32811423377f52d7862286ee1a72ee540524380fda1724a6f25d7978c6fd3244a6caf0498812673c5e05ef583825100
[main] INFO org.apache.nifi.processors.standard.CryptographicHashAttributeTest - [EXPECTED]  BLAKE2-384(null) = null
[main] INFO org.apache.nifi.processors.standard.CryptographicHashAttributeTest - Setting hash algorithm to BLAKE2-384
[main] INFO org.apache.nifi.processors.standard.CryptographicHashAttributeTest - flowfile.username_BLAKE2-384 = b32811423377f52d7862286ee1a72ee540524380fda1724a6f25d7978c6fd3244a6caf0498812673c5e05ef583825100
[main] INFO org.apache.nifi.processors.standard.CryptographicHashAttributeTest - flowfile.date_BLAKE2-384 = null
[main] INFO org.apache.nifi.processors.standard.CryptographicHashAttributeTest - [EXPECTED]  BLAKE2-512() = 786a02f742015903c6c6fd852552d272912f4740e15847618a86e217f71f5419d25e1031afee585313896444934eb04b903a685b1448b755d56f701afe9be2ce
[main] INFO org.apache.nifi.processors.standard.CryptographicHashAttributeTest - [EXPECTED]  BLAKE2-512(null) = null
[main] INFO org.apache.nifi.processors.standard.CryptographicHashAttributeTest - Setting hash algorithm to BLAKE2-512
[main] INFO org.apache.nifi.processors.standard.CryptographicHashAttributeTest - flowfile.username_BLAKE2-512 = 786a02f742015903c6c6fd852552d272912f4740e15847618a86e217f71f5419d25e1031afee585313896444934eb04b903a685b1448b755d56f701afe9be2ce
[main] INFO org.apache.nifi.processors.standard.CryptographicHashAttributeTest - flowfile.date_BLAKE2-512 = null
]]></system-err>
  </testcase>
  <testcase name="testShouldRouteToSuccessOnAllowPartial" classname="org.apache.nifi.processors.standard.CryptographicHashAttributeTest" time="0.025">
    <system-err><![CDATA[[main] INFO org.apache.nifi.processors.standard.CryptographicHashAttributeTest - [EXPECTED]         MD2() = 8350e5a3e24c153df2275c9f80692773
[main] INFO org.apache.nifi.processors.standard.CryptographicHashAttributeTest - [EXPECTED]         MD2(null) = null
[main] INFO org.apache.nifi.processors.standard.CryptographicHashAttributeTest - Setting hash algorithm to MD2
[main] INFO org.apache.nifi.processors.standard.CryptographicHashAttributeTest - Successful flowfile has attributes [path:target, filename:91948310432205.mockFlowFile, username_MD2:8350e5a3e24c153df2275c9f80692773, uuid:d2c21461-11f6-4aec-a15a-ae80502026dd, username:]
[main] INFO org.apache.nifi.processors.standard.CryptographicHashAttributeTest - [EXPECTED]         MD5() = d41d8cd98f00b204e9800998ecf8427e
[main] INFO org.apache.nifi.processors.standard.CryptographicHashAttributeTest - [EXPECTED]         MD5(null) = null
[main] INFO org.apache.nifi.processors.standard.CryptographicHashAttributeTest - Setting hash algorithm to MD5
[main] INFO org.apache.nifi.processors.standard.CryptographicHashAttributeTest - Successful flowfile has attributes [path:target, filename:91948312742364.mockFlowFile, username_MD5:d41d8cd98f00b204e9800998ecf8427e, uuid:ff25ba9b-e8a4-4607-9205-05f626919314, username:]
[main] INFO org.apache.nifi.processors.standard.CryptographicHashAttributeTest - [EXPECTED]       SHA-1() = da39a3ee5e6b4b0d3255bfef95601890afd80709
[main] INFO org.apache.nifi.processors.standard.CryptographicHashAttributeTest - [EXPECTED]       SHA-1(null) = null
[main] INFO org.apache.nifi.processors.standard.CryptographicHashAttributeTest - Setting hash algorithm to SHA-1
[main] INFO org.apache.nifi.processors.standard.CryptographicHashAttributeTest - Successful flowfile has attributes [path:target, filename:91948313575544.mockFlowFile, uuid:167747ce-bd45-4311-bf03-03c8c2e6b945, username:, username_SHA-1:da39a3ee5e6b4b0d3255bfef95601890afd80709]
[main] INFO org.apache.nifi.processors.standard.CryptographicHashAttributeTest - [EXPECTED]     SHA-224() = d14a028c2a3a2bc9476102bb288234c415a2b01f828ea62ac5b3e42f
[main] INFO org.apache.nifi.processors.standard.CryptographicHashAttributeTest - [EXPECTED]     SHA-224(null) = null
[main] INFO org.apache.nifi.processors.standard.CryptographicHashAttributeTest - Setting hash algorithm to SHA-224
[main] INFO org.apache.nifi.processors.standard.CryptographicHashAttributeTest - Successful flowfile has attributes [path:target, filename:91948314384779.mockFlowFile, username_SHA-224:d14a028c2a3a2bc9476102bb288234c415a2b01f828ea62ac5b3e42f, uuid:e770b9e4-9a3a-4a28-a0bc-6b04b0d458f6, username:]
[main] INFO org.apache.nifi.processors.standard.CryptographicHashAttributeTest - [EXPECTED]     SHA-256() = e3b0c44298fc1c149afbf4c8996fb92427ae41e4649b934ca495991b7852b855
[main] INFO org.apache.nifi.processors.standard.CryptographicHashAttributeTest - [EXPECTED]     SHA-256(null) = null
[main] INFO org.apache.nifi.processors.standard.CryptographicHashAttributeTest - Setting hash algorithm to SHA-256
[main] INFO org.apache.nifi.processors.standard.CryptographicHashAttributeTest - Successful flowfile has attributes [path:target, filename:91948315169755.mockFlowFile, username_SHA-256:e3b0c44298fc1c149afbf4c8996fb92427ae41e4649b934ca495991b7852b855, uuid:8e87e3e6-0daa-407f-ad29-73735ce0c8cd, username:]
[main] INFO org.apache.nifi.processors.standard.CryptographicHashAttributeTest - [EXPECTED]     SHA-384() = 38b060a751ac96384cd9327eb1b1e36a21fdb71114be07434c0cc7bf63f6e1da274edebfe76f65fbd51ad2f14898b95b
[main] INFO org.apache.nifi.processors.standard.CryptographicHashAttributeTest - [EXPECTED]     SHA-384(null) = null
[main] INFO org.apache.nifi.processors.standard.CryptographicHashAttributeTest - Setting hash algorithm to SHA-384
[main] INFO org.apache.nifi.processors.standard.CryptographicHashAttributeTest - Successful flowfile has attributes [path:target, filename:91948315989962.mockFlowFile, username_SHA-384:38b060a751ac96384cd9327eb1b1e36a21fdb71114be07434c0cc7bf63f6e1da274edebfe76f65fbd51ad2f14898b95b, uuid:6ecd0861-c2ac-4871-8d08-2d18752c7b94, username:]
[main] INFO org.apache.nifi.processors.standard.CryptographicHashAttributeTest - [EXPECTED]     SHA-512() = cf83e1357eefb8bdf1542850d66d8007d620e4050b5715dc83f4a921d36ce9ce47d0d13c5d85f2b0ff8318d2877eec2f63b931bd47417a81a538327af927da3e
[main] INFO org.apache.nifi.processors.standard.CryptographicHashAttributeTest - [EXPECTED]     SHA-512(null) = null
[main] INFO org.apache.nifi.processors.standard.CryptographicHashAttributeTest - Setting hash algorithm to SHA-512
[main] INFO org.apache.nifi.processors.standard.CryptographicHashAttributeTest - Successful flowfile has attributes [path:target, filename:91948316736947.mockFlowFile, uuid:0cd7be7c-6f7f-40e3-b7c6-97673cde5715, username_SHA-512:cf83e1357eefb8bdf1542850d66d8007d620e4050b5715dc83f4a921d36ce9ce47d0d13c5d85f2b0ff8318d2877eec2f63b931bd47417a81a538327af927da3e, username:]
[main] INFO org.apache.nifi.processors.standard.CryptographicHashAttributeTest - [EXPECTED] SHA-512/224() = 6ed0dd02806fa89e25de060c19d3ac86cabb87d6a0ddd05c333b84f4
[main] INFO org.apache.nifi.processors.standard.CryptographicHashAttributeTest - [EXPECTED] SHA-512/224(null) = null
[main] INFO org.apache.nifi.processors.standard.CryptographicHashAttributeTest - Setting hash algorithm to SHA-512/224
[main] INFO org.apache.nifi.processors.standard.CryptographicHashAttributeTest - Successful flowfile has attributes [path:target, filename:91948317468044.mockFlowFile, username_SHA-512/224:6ed0dd02806fa89e25de060c19d3ac86cabb87d6a0ddd05c333b84f4, uuid:3e640fde-1aa1-4e6c-a2ee-c7dacadf0678, username:]
[main] INFO org.apache.nifi.processors.standard.CryptographicHashAttributeTest - [EXPECTED] SHA-512/256() = c672b8d1ef56ed28ab87c3622c5114069bdd3ad7b8f9737498d0c01ecef0967a
[main] INFO org.apache.nifi.processors.standard.CryptographicHashAttributeTest - [EXPECTED] SHA-512/256(null) = null
[main] INFO org.apache.nifi.processors.standard.CryptographicHashAttributeTest - Setting hash algorithm to SHA-512/256
[main] INFO org.apache.nifi.processors.standard.CryptographicHashAttributeTest - Successful flowfile has attributes [path:target, username_SHA-512/256:c672b8d1ef56ed28ab87c3622c5114069bdd3ad7b8f9737498d0c01ecef0967a, filename:91948318209188.mockFlowFile, uuid:f9c334f0-ffdb-4a4c-97f2-e2d4431168af, username:]
[main] INFO org.apache.nifi.processors.standard.CryptographicHashAttributeTest - [EXPECTED]    SHA3-224() = 6b4e03423667dbb73b6e15454f0eb1abd4597f9a1b078e3f5b5a6bc7
[main] INFO org.apache.nifi.processors.standard.CryptographicHashAttributeTest - [EXPECTED]    SHA3-224(null) = null
[main] INFO org.apache.nifi.processors.standard.CryptographicHashAttributeTest - Setting hash algorithm to SHA3-224
[main] INFO org.apache.nifi.processors.standard.CryptographicHashAttributeTest - Successful flowfile has attributes [path:target, filename:91948318980217.mockFlowFile, uuid:88b08422-d207-45c2-a55f-673ef6095049, username_SHA3-224:6b4e03423667dbb73b6e15454f0eb1abd4597f9a1b078e3f5b5a6bc7, username:]
[main] INFO org.apache.nifi.processors.standard.CryptographicHashAttributeTest - [EXPECTED]    SHA3-256() = a7ffc6f8bf1ed76651c14756a061d662f580ff4de43b49fa82d80a4b80f8434a
[main] INFO org.apache.nifi.processors.standard.CryptographicHashAttributeTest - [EXPECTED]    SHA3-256(null) = null
[main] INFO org.apache.nifi.processors.standard.CryptographicHashAttributeTest - Setting hash algorithm to SHA3-256
[main] INFO org.apache.nifi.processors.standard.CryptographicHashAttributeTest - Successful flowfile has attributes [path:target, filename:91948319970049.mockFlowFile, username_SHA3-256:a7ffc6f8bf1ed76651c14756a061d662f580ff4de43b49fa82d80a4b80f8434a, uuid:9cc5c87a-6d5a-4f5a-ae78-5f2dc1cf3a16, username:]
[main] INFO org.apache.nifi.processors.standard.CryptographicHashAttributeTest - [EXPECTED]    SHA3-384() = 0c63a75b845e4f7d01107d852e4c2485c51a50aaaa94fc61995e71bbee983a2ac3713831264adb47fb6bd1e058d5f004
[main] INFO org.apache.nifi.processors.standard.CryptographicHashAttributeTest - [EXPECTED]    SHA3-384(null) = null
[main] INFO org.apache.nifi.processors.standard.CryptographicHashAttributeTest - Setting hash algorithm to SHA3-384
[main] INFO org.apache.nifi.processors.standard.CryptographicHashAttributeTest - Successful flowfile has attributes [path:target, filename:91948321021590.mockFlowFile, username_SHA3-384:0c63a75b845e4f7d01107d852e4c2485c51a50aaaa94fc61995e71bbee983a2ac3713831264adb47fb6bd1e058d5f004, uuid:663e6d1b-371e-4ebb-b74a-b4385d18cf34, username:]
[main] INFO org.apache.nifi.processors.standard.CryptographicHashAttributeTest - [EXPECTED]    SHA3-512() = a69f73cca23a9ac5c8b567dc185a756e97c982164fe25859e0d1dcc1475c80a615b2123af1f5f94c11e3e9402c3ac558f500199d95b6d3e301758586281dcd26
[main] INFO org.apache.nifi.processors.standard.CryptographicHashAttributeTest - [EXPECTED]    SHA3-512(null) = null
[main] INFO org.apache.nifi.processors.standard.CryptographicHashAttributeTest - Setting hash algorithm to SHA3-512
[main] INFO org.apache.nifi.processors.standard.CryptographicHashAttributeTest - Successful flowfile has attributes [path:target, filename:91948322855047.mockFlowFile, username_SHA3-512:a69f73cca23a9ac5c8b567dc185a756e97c982164fe25859e0d1dcc1475c80a615b2123af1f5f94c11e3e9402c3ac558f500199d95b6d3e301758586281dcd26, uuid:7adbf029-3f11-4f93-be86-97faf3f61398, username:]
[main] INFO org.apache.nifi.processors.standard.CryptographicHashAttributeTest - [EXPECTED]  BLAKE2-160() = 3345524abf6bbe1809449224b5972c41790b6cf2
[main] INFO org.apache.nifi.processors.standard.CryptographicHashAttributeTest - [EXPECTED]  BLAKE2-160(null) = null
[main] INFO org.apache.nifi.processors.standard.CryptographicHashAttributeTest - Setting hash algorithm to BLAKE2-160
[main] INFO org.apache.nifi.processors.standard.CryptographicHashAttributeTest - Successful flowfile has attributes [path:target, filename:91948323798703.mockFlowFile, username_BLAKE2-160:3345524abf6bbe1809449224b5972c41790b6cf2, uuid:7003c745-829b-43e1-a8e8-ab1dc902decc, username:]
[main] INFO org.apache.nifi.processors.standard.CryptographicHashAttributeTest - [EXPECTED]  BLAKE2-256() = 0e5751c026e543b2e8ab2eb06099daa1d1e5df47778f7787faab45cdf12fe3a8
[main] INFO org.apache.nifi.processors.standard.CryptographicHashAttributeTest - [EXPECTED]  BLAKE2-256(null) = null
[main] INFO org.apache.nifi.processors.standard.CryptographicHashAttributeTest - Setting hash algorithm to BLAKE2-256
[main] INFO org.apache.nifi.processors.standard.CryptographicHashAttributeTest - Successful flowfile has attributes [path:target, filename:91948324619386.mockFlowFile, username_BLAKE2-256:0e5751c026e543b2e8ab2eb06099daa1d1e5df47778f7787faab45cdf12fe3a8, uuid:713e5652-53ab-40fe-9c4d-9c9f2b0f10bd, username:]
[main] INFO org.apache.nifi.processors.standard.CryptographicHashAttributeTest - [EXPECTED]  BLAKE2-384() = b32811423377f52d7862286ee1a72ee540524380fda1724a6f25d7978c6fd3244a6caf0498812673c5e05ef583825100
[main] INFO org.apache.nifi.processors.standard.CryptographicHashAttributeTest - [EXPECTED]  BLAKE2-384(null) = null
[main] INFO org.apache.nifi.processors.standard.CryptographicHashAttributeTest - Setting hash algorithm to BLAKE2-384
[main] INFO org.apache.nifi.processors.standard.CryptographicHashAttributeTest - Successful flowfile has attributes [path:target, filename:91948326001527.mockFlowFile, username_BLAKE2-384:b32811423377f52d7862286ee1a72ee540524380fda1724a6f25d7978c6fd3244a6caf0498812673c5e05ef583825100, uuid:2996233a-1cb9-46b8-88f2-dbcdb54e930d, username:]
[main] INFO org.apache.nifi.processors.standard.CryptographicHashAttributeTest - [EXPECTED]  BLAKE2-512() = 786a02f742015903c6c6fd852552d272912f4740e15847618a86e217f71f5419d25e1031afee585313896444934eb04b903a685b1448b755d56f701afe9be2ce
[main] INFO org.apache.nifi.processors.standard.CryptographicHashAttributeTest - [EXPECTED]  BLAKE2-512(null) = null
[main] INFO org.apache.nifi.processors.standard.CryptographicHashAttributeTest - Setting hash algorithm to BLAKE2-512
[main] INFO org.apache.nifi.processors.standard.CryptographicHashAttributeTest - Successful flowfile has attributes [path:target, filename:91948327419875.mockFlowFile, username_BLAKE2-512:786a02f742015903c6c6fd852552d272912f4740e15847618a86e217f71f5419d25e1031afee585313896444934eb04b903a685b1448b755d56f701afe9be2ce, uuid:df5b7ab0-9a1d-4a15-8a8c-89782f42b231, username:]
]]></system-err>
  </testcase>
  <testcase name="testShouldRouteToFailureOnProhibitedMissingAttribute" classname="org.apache.nifi.processors.standard.CryptographicHashAttributeTest" time="0.023">
    <system-err><![CDATA[[main] INFO org.apache.nifi.processors.standard.CryptographicHashAttributeTest - [EXPECTED]         MD2() = 8350e5a3e24c153df2275c9f80692773
[main] INFO org.apache.nifi.processors.standard.CryptographicHashAttributeTest - [EXPECTED]         MD2(null) = null
[main] INFO org.apache.nifi.processors.standard.CryptographicHashAttributeTest - Setting hash algorithm to MD2
[pool-1379-thread-1] INFO org.apache.nifi.processors.standard.CryptographicHashAttribute - CryptographicHashAttribute[id=a1565160-1f6f-4456-8bfb-2bd55deb5616] Routing FlowFile[0,91948333314532.mockFlowFile,0B] to 'failure' because of missing attributes: date 
[main] INFO org.apache.nifi.processors.standard.CryptographicHashAttributeTest - Failed flowfile has attributes [date:null, path:target, filename:91948333314532.mockFlowFile, uuid:3de5da8b-6bc2-4a54-9960-294e270733e3, username:]
[main] INFO org.apache.nifi.processors.standard.CryptographicHashAttributeTest - [EXPECTED]         MD5() = d41d8cd98f00b204e9800998ecf8427e
[main] INFO org.apache.nifi.processors.standard.CryptographicHashAttributeTest - [EXPECTED]         MD5(null) = null
[main] INFO org.apache.nifi.processors.standard.CryptographicHashAttributeTest - Setting hash algorithm to MD5
[pool-1380-thread-1] INFO org.apache.nifi.processors.standard.CryptographicHashAttribute - CryptographicHashAttribute[id=a1565160-1f6f-4456-8bfb-2bd55deb5616] Routing FlowFile[1,91948336181495.mockFlowFile,0B] to 'failure' because of missing attributes: date 
[main] INFO org.apache.nifi.processors.standard.CryptographicHashAttributeTest - Failed flowfile has attributes [date:null, path:target, filename:91948336181495.mockFlowFile, uuid:02c828bb-be88-4f44-bd94-dee30636fee8, username:]
[main] INFO org.apache.nifi.processors.standard.CryptographicHashAttributeTest - [EXPECTED]       SHA-1() = da39a3ee5e6b4b0d3255bfef95601890afd80709
[main] INFO org.apache.nifi.processors.standard.CryptographicHashAttributeTest - [EXPECTED]       SHA-1(null) = null
[main] INFO org.apache.nifi.processors.standard.CryptographicHashAttributeTest - Setting hash algorithm to SHA-1
[pool-1381-thread-1] INFO org.apache.nifi.processors.standard.CryptographicHashAttribute - CryptographicHashAttribute[id=a1565160-1f6f-4456-8bfb-2bd55deb5616] Routing FlowFile[2,91948337303292.mockFlowFile,0B] to 'failure' because of missing attributes: date 
[main] INFO org.apache.nifi.processors.standard.CryptographicHashAttributeTest - Failed flowfile has attributes [date:null, path:target, filename:91948337303292.mockFlowFile, uuid:d2940b3a-df31-4158-8591-18440a42521e, username:]
[main] INFO org.apache.nifi.processors.standard.CryptographicHashAttributeTest - [EXPECTED]     SHA-224() = d14a028c2a3a2bc9476102bb288234c415a2b01f828ea62ac5b3e42f
[main] INFO org.apache.nifi.processors.standard.CryptographicHashAttributeTest - [EXPECTED]     SHA-224(null) = null
[main] INFO org.apache.nifi.processors.standard.CryptographicHashAttributeTest - Setting hash algorithm to SHA-224
[pool-1382-thread-1] INFO org.apache.nifi.processors.standard.CryptographicHashAttribute - CryptographicHashAttribute[id=a1565160-1f6f-4456-8bfb-2bd55deb5616] Routing FlowFile[3,91948338199993.mockFlowFile,0B] to 'failure' because of missing attributes: date 
[main] INFO org.apache.nifi.processors.standard.CryptographicHashAttributeTest - Failed flowfile has attributes [date:null, path:target, filename:91948338199993.mockFlowFile, uuid:2efa7428-47d9-4ed7-825d-d9bb5cfbc6c4, username:]
[main] INFO org.apache.nifi.processors.standard.CryptographicHashAttributeTest - [EXPECTED]     SHA-256() = e3b0c44298fc1c149afbf4c8996fb92427ae41e4649b934ca495991b7852b855
[main] INFO org.apache.nifi.processors.standard.CryptographicHashAttributeTest - [EXPECTED]     SHA-256(null) = null
[main] INFO org.apache.nifi.processors.standard.CryptographicHashAttributeTest - Setting hash algorithm to SHA-256
[pool-1383-thread-1] INFO org.apache.nifi.processors.standard.CryptographicHashAttribute - CryptographicHashAttribute[id=a1565160-1f6f-4456-8bfb-2bd55deb5616] Routing FlowFile[4,91948339341634.mockFlowFile,0B] to 'failure' because of missing attributes: date 
[main] INFO org.apache.nifi.processors.standard.CryptographicHashAttributeTest - Failed flowfile has attributes [date:null, path:target, filename:91948339341634.mockFlowFile, uuid:72f213de-57f8-438c-9fdf-b13e37e78c3f, username:]
[main] INFO org.apache.nifi.processors.standard.CryptographicHashAttributeTest - [EXPECTED]     SHA-384() = 38b060a751ac96384cd9327eb1b1e36a21fdb71114be07434c0cc7bf63f6e1da274edebfe76f65fbd51ad2f14898b95b
[main] INFO org.apache.nifi.processors.standard.CryptographicHashAttributeTest - [EXPECTED]     SHA-384(null) = null
[main] INFO org.apache.nifi.processors.standard.CryptographicHashAttributeTest - Setting hash algorithm to SHA-384
[pool-1384-thread-1] INFO org.apache.nifi.processors.standard.CryptographicHashAttribute - CryptographicHashAttribute[id=a1565160-1f6f-4456-8bfb-2bd55deb5616] Routing FlowFile[5,91948340287327.mockFlowFile,0B] to 'failure' because of missing attributes: date 
[main] INFO org.apache.nifi.processors.standard.CryptographicHashAttributeTest - Failed flowfile has attributes [date:null, path:target, filename:91948340287327.mockFlowFile, uuid:92c85816-0e4d-4f94-8228-34dfe941f561, username:]
[main] INFO org.apache.nifi.processors.standard.CryptographicHashAttributeTest - [EXPECTED]     SHA-512() = cf83e1357eefb8bdf1542850d66d8007d620e4050b5715dc83f4a921d36ce9ce47d0d13c5d85f2b0ff8318d2877eec2f63b931bd47417a81a538327af927da3e
[main] INFO org.apache.nifi.processors.standard.CryptographicHashAttributeTest - [EXPECTED]     SHA-512(null) = null
[main] INFO org.apache.nifi.processors.standard.CryptographicHashAttributeTest - Setting hash algorithm to SHA-512
[pool-1385-thread-1] INFO org.apache.nifi.processors.standard.CryptographicHashAttribute - CryptographicHashAttribute[id=a1565160-1f6f-4456-8bfb-2bd55deb5616] Routing FlowFile[6,91948341186200.mockFlowFile,0B] to 'failure' because of missing attributes: date 
[main] INFO org.apache.nifi.processors.standard.CryptographicHashAttributeTest - Failed flowfile has attributes [date:null, path:target, filename:91948341186200.mockFlowFile, uuid:890db7ea-a910-406e-afb5-c99ad1d523ec, username:]
[main] INFO org.apache.nifi.processors.standard.CryptographicHashAttributeTest - [EXPECTED] SHA-512/224() = 6ed0dd02806fa89e25de060c19d3ac86cabb87d6a0ddd05c333b84f4
[main] INFO org.apache.nifi.processors.standard.CryptographicHashAttributeTest - [EXPECTED] SHA-512/224(null) = null
[main] INFO org.apache.nifi.processors.standard.CryptographicHashAttributeTest - Setting hash algorithm to SHA-512/224
[pool-1386-thread-1] INFO org.apache.nifi.processors.standard.CryptographicHashAttribute - CryptographicHashAttribute[id=a1565160-1f6f-4456-8bfb-2bd55deb5616] Routing FlowFile[7,91948342315838.mockFlowFile,0B] to 'failure' because of missing attributes: date 
[main] INFO org.apache.nifi.processors.standard.CryptographicHashAttributeTest - Failed flowfile has attributes [date:null, path:target, filename:91948342315838.mockFlowFile, uuid:c2d85dc1-cc89-47fd-a873-4ce936938c1d, username:]
[main] INFO org.apache.nifi.processors.standard.CryptographicHashAttributeTest - [EXPECTED] SHA-512/256() = c672b8d1ef56ed28ab87c3622c5114069bdd3ad7b8f9737498d0c01ecef0967a
[main] INFO org.apache.nifi.processors.standard.CryptographicHashAttributeTest - [EXPECTED] SHA-512/256(null) = null
[main] INFO org.apache.nifi.processors.standard.CryptographicHashAttributeTest - Setting hash algorithm to SHA-512/256
[pool-1387-thread-1] INFO org.apache.nifi.processors.standard.CryptographicHashAttribute - CryptographicHashAttribute[id=a1565160-1f6f-4456-8bfb-2bd55deb5616] Routing FlowFile[8,91948343510299.mockFlowFile,0B] to 'failure' because of missing attributes: date 
[main] INFO org.apache.nifi.processors.standard.CryptographicHashAttributeTest - Failed flowfile has attributes [date:null, path:target, filename:91948343510299.mockFlowFile, uuid:16b7153b-e3bb-4942-9cda-33a9145e45d0, username:]
[main] INFO org.apache.nifi.processors.standard.CryptographicHashAttributeTest - [EXPECTED]    SHA3-224() = 6b4e03423667dbb73b6e15454f0eb1abd4597f9a1b078e3f5b5a6bc7
[main] INFO org.apache.nifi.processors.standard.CryptographicHashAttributeTest - [EXPECTED]    SHA3-224(null) = null
[main] INFO org.apache.nifi.processors.standard.CryptographicHashAttributeTest - Setting hash algorithm to SHA3-224
[pool-1388-thread-1] INFO org.apache.nifi.processors.standard.CryptographicHashAttribute - CryptographicHashAttribute[id=a1565160-1f6f-4456-8bfb-2bd55deb5616] Routing FlowFile[9,91948344524720.mockFlowFile,0B] to 'failure' because of missing attributes: date 
[main] INFO org.apache.nifi.processors.standard.CryptographicHashAttributeTest - Failed flowfile has attributes [date:null, path:target, filename:91948344524720.mockFlowFile, uuid:e6fbe747-e8aa-4076-8a4c-c0cb167b1074, username:]
[main] INFO org.apache.nifi.processors.standard.CryptographicHashAttributeTest - [EXPECTED]    SHA3-256() = a7ffc6f8bf1ed76651c14756a061d662f580ff4de43b49fa82d80a4b80f8434a
[main] INFO org.apache.nifi.processors.standard.CryptographicHashAttributeTest - [EXPECTED]    SHA3-256(null) = null
[main] INFO org.apache.nifi.processors.standard.CryptographicHashAttributeTest - Setting hash algorithm to SHA3-256
[pool-1389-thread-1] INFO org.apache.nifi.processors.standard.CryptographicHashAttribute - CryptographicHashAttribute[id=a1565160-1f6f-4456-8bfb-2bd55deb5616] Routing FlowFile[10,91948345537563.mockFlowFile,0B] to 'failure' because of missing attributes: date 
[main] INFO org.apache.nifi.processors.standard.CryptographicHashAttributeTest - Failed flowfile has attributes [date:null, path:target, filename:91948345537563.mockFlowFile, uuid:467402ae-1d94-4f87-81ce-db304ee9d75d, username:]
[main] INFO org.apache.nifi.processors.standard.CryptographicHashAttributeTest - [EXPECTED]    SHA3-384() = 0c63a75b845e4f7d01107d852e4c2485c51a50aaaa94fc61995e71bbee983a2ac3713831264adb47fb6bd1e058d5f004
[main] INFO org.apache.nifi.processors.standard.CryptographicHashAttributeTest - [EXPECTED]    SHA3-384(null) = null
[main] INFO org.apache.nifi.processors.standard.CryptographicHashAttributeTest - Setting hash algorithm to SHA3-384
[pool-1390-thread-1] INFO org.apache.nifi.processors.standard.CryptographicHashAttribute - CryptographicHashAttribute[id=a1565160-1f6f-4456-8bfb-2bd55deb5616] Routing FlowFile[11,91948346452145.mockFlowFile,0B] to 'failure' because of missing attributes: date 
[main] INFO org.apache.nifi.processors.standard.CryptographicHashAttributeTest - Failed flowfile has attributes [date:null, path:target, filename:91948346452145.mockFlowFile, uuid:bdffa7d0-89fc-40c4-9a35-8aac0602edf7, username:]
[main] INFO org.apache.nifi.processors.standard.CryptographicHashAttributeTest - [EXPECTED]    SHA3-512() = a69f73cca23a9ac5c8b567dc185a756e97c982164fe25859e0d1dcc1475c80a615b2123af1f5f94c11e3e9402c3ac558f500199d95b6d3e301758586281dcd26
[main] INFO org.apache.nifi.processors.standard.CryptographicHashAttributeTest - [EXPECTED]    SHA3-512(null) = null
[main] INFO org.apache.nifi.processors.standard.CryptographicHashAttributeTest - Setting hash algorithm to SHA3-512
[pool-1391-thread-1] INFO org.apache.nifi.processors.standard.CryptographicHashAttribute - CryptographicHashAttribute[id=a1565160-1f6f-4456-8bfb-2bd55deb5616] Routing FlowFile[12,91948347376911.mockFlowFile,0B] to 'failure' because of missing attributes: date 
[main] INFO org.apache.nifi.processors.standard.CryptographicHashAttributeTest - Failed flowfile has attributes [date:null, path:target, filename:91948347376911.mockFlowFile, uuid:bc9e480c-355d-44f2-b631-bfa269d67a49, username:]
[main] INFO org.apache.nifi.processors.standard.CryptographicHashAttributeTest - [EXPECTED]  BLAKE2-160() = 3345524abf6bbe1809449224b5972c41790b6cf2
[main] INFO org.apache.nifi.processors.standard.CryptographicHashAttributeTest - [EXPECTED]  BLAKE2-160(null) = null
[main] INFO org.apache.nifi.processors.standard.CryptographicHashAttributeTest - Setting hash algorithm to BLAKE2-160
[pool-1392-thread-1] INFO org.apache.nifi.processors.standard.CryptographicHashAttribute - CryptographicHashAttribute[id=a1565160-1f6f-4456-8bfb-2bd55deb5616] Routing FlowFile[13,91948348228579.mockFlowFile,0B] to 'failure' because of missing attributes: date 
[main] INFO org.apache.nifi.processors.standard.CryptographicHashAttributeTest - Failed flowfile has attributes [date:null, path:target, filename:91948348228579.mockFlowFile, uuid:a9bace2e-d412-4692-a202-d009b9efaa3c, username:]
[main] INFO org.apache.nifi.processors.standard.CryptographicHashAttributeTest - [EXPECTED]  BLAKE2-256() = 0e5751c026e543b2e8ab2eb06099daa1d1e5df47778f7787faab45cdf12fe3a8
[main] INFO org.apache.nifi.processors.standard.CryptographicHashAttributeTest - [EXPECTED]  BLAKE2-256(null) = null
[main] INFO org.apache.nifi.processors.standard.CryptographicHashAttributeTest - Setting hash algorithm to BLAKE2-256
[pool-1393-thread-1] INFO org.apache.nifi.processors.standard.CryptographicHashAttribute - CryptographicHashAttribute[id=a1565160-1f6f-4456-8bfb-2bd55deb5616] Routing FlowFile[14,91948349051490.mockFlowFile,0B] to 'failure' because of missing attributes: date 
[main] INFO org.apache.nifi.processors.standard.CryptographicHashAttributeTest - Failed flowfile has attributes [date:null, path:target, filename:91948349051490.mockFlowFile, uuid:b19046fd-3962-4c27-b8d2-a6e59209379e, username:]
[main] INFO org.apache.nifi.processors.standard.CryptographicHashAttributeTest - [EXPECTED]  BLAKE2-384() = b32811423377f52d7862286ee1a72ee540524380fda1724a6f25d7978c6fd3244a6caf0498812673c5e05ef583825100
[main] INFO org.apache.nifi.processors.standard.CryptographicHashAttributeTest - [EXPECTED]  BLAKE2-384(null) = null
[main] INFO org.apache.nifi.processors.standard.CryptographicHashAttributeTest - Setting hash algorithm to BLAKE2-384
[pool-1394-thread-1] INFO org.apache.nifi.processors.standard.CryptographicHashAttribute - CryptographicHashAttribute[id=a1565160-1f6f-4456-8bfb-2bd55deb5616] Routing FlowFile[15,91948350105122.mockFlowFile,0B] to 'failure' because of missing attributes: date 
[main] INFO org.apache.nifi.processors.standard.CryptographicHashAttributeTest - Failed flowfile has attributes [date:null, path:target, filename:91948350105122.mockFlowFile, uuid:32c725ba-287d-44e5-8a97-17af02d3092c, username:]
[main] INFO org.apache.nifi.processors.standard.CryptographicHashAttributeTest - [EXPECTED]  BLAKE2-512() = 786a02f742015903c6c6fd852552d272912f4740e15847618a86e217f71f5419d25e1031afee585313896444934eb04b903a685b1448b755d56f701afe9be2ce
[main] INFO org.apache.nifi.processors.standard.CryptographicHashAttributeTest - [EXPECTED]  BLAKE2-512(null) = null
[main] INFO org.apache.nifi.processors.standard.CryptographicHashAttributeTest - Setting hash algorithm to BLAKE2-512
[pool-1395-thread-1] INFO org.apache.nifi.processors.standard.CryptographicHashAttribute - CryptographicHashAttribute[id=a1565160-1f6f-4456-8bfb-2bd55deb5616] Routing FlowFile[16,91948350932768.mockFlowFile,0B] to 'failure' because of missing attributes: date 
[main] INFO org.apache.nifi.processors.standard.CryptographicHashAttributeTest - Failed flowfile has attributes [date:null, path:target, filename:91948350932768.mockFlowFile, uuid:9542a81f-12b0-45c3-91a2-1191c67f33ae, username:]
]]></system-err>
  </testcase>
</testsuite>