<?xml version="1.0" encoding="UTF-8"?>
<testsuite xmlns:xsi="http://www.w3.org/2001/XMLSchema-instance" xsi:noNamespaceSchemaLocation="https://maven.apache.org/surefire/maven-surefire-plugin/xsd/surefire-test-report-3.0.xsd" version="3.0" name="org.apache.nifi.processors.standard.TestControlRate" time="5.209" tests="8" errors="0" skipped="0" failures="0">
  <properties>
    <property name="sun.desktop" value="gnome"/>
    <property name="awt.toolkit" value="sun.awt.X11.XToolkit"/>
    <property name="file.encoding.pkg" value="sun.io"/>
    <property name="java.specification.version" value="1.8"/>
    <property name="sun.cpu.isalist" value=""/>
    <property name="sun.jnu.encoding" value="UTF-8"/>
    <property name="java.class.path" value="/home/alex/Repositories/nifi/nifi-nar-bundles/nifi-standard-bundle/nifi-standard-processors/target/test-classes:/home/alex/Repositories/nifi/nifi-nar-bundles/nifi-standard-bundle/nifi-standard-processors/target/classes:/home/alex/.m2/repository/org/apache/ftpserver/ftpserver-core/1.1.1/ftpserver-core-1.1.1.jar:/home/alex/.m2/repository/org/apache/ftpserver/ftplet-api/1.1.1/ftplet-api-1.1.1.jar:/home/alex/.m2/repository/org/slf4j/slf4j-api/1.7.32/slf4j-api-1.7.32.jar:/home/alex/.m2/repository/org/apache/mina/mina-core/2.0.16/mina-core-2.0.16.jar:/home/alex/Repositories/nifi/nifi-api/target/classes:/home/alex/Repositories/nifi/nifi-commons/nifi-expression-language/target/classes:/home/alex/.m2/repository/org/antlr/antlr-runtime/3.5.2/antlr-runtime-3.5.2.jar:/home/alex/Repositories/nifi/nifi-commons/nifi-parameter/target/classes:/home/alex/Repositories/nifi/nifi-commons/nifi-uuid5/target/classes:/home/alex/.m2/repository/org/apache/commons/commons-text/1.8/commons-text-1.8.jar:/home/alex/Repositories/nifi/nifi-nar-bundles/nifi-extension-utils/nifi-processor-utils/target/classes:/home/alex/Repositories/nifi/nifi-commons/nifi-security-socket-ssl/target/classes:/home/alex/Repositories/nifi/nifi-nar-bundles/nifi-extension-utils/nifi-event-transport/target/classes:/home/alex/.m2/repository/io/netty/netty-handler/4.1.69.Final/netty-handler-4.1.69.Final.jar:/home/alex/.m2/repository/io/netty/netty-common/4.1.69.Final/netty-common-4.1.69.Final.jar:/home/alex/.m2/repository/io/netty/netty-resolver/4.1.69.Final/netty-resolver-4.1.69.Final.jar:/home/alex/.m2/repository/io/netty/netty-transport/4.1.69.Final/netty-transport-4.1.69.Final.jar:/home/alex/.m2/repository/io/netty/netty-codec/4.1.69.Final/netty-codec-4.1.69.Final.jar:/home/alex/Repositories/nifi/nifi-nar-bundles/nifi-extension-utils/nifi-syslog-utils/target/classes:/home/alex/.m2/repository/com/github/palindromicity/simple-syslog-5424/0.0.16/simple-syslog-5424-0.0.16.jar:/home/alex/.m2/repository/org/antlr/antlr4-runtime/4.7.2/antlr4-runtime-4.7.2.jar:/home/alex/Repositories/nifi/nifi-commons/nifi-utils/target/classes:/home/alex/Repositories/nifi/nifi-commons/nifi-record-path/target/classes:/home/alex/Repositories/nifi/nifi-commons/nifi-properties/target/classes:/home/alex/Repositories/nifi/nifi-commons/nifi-property-utils/target/classes:/home/alex/.m2/repository/com/github/ben-manes/caffeine/caffeine/2.8.1/caffeine-2.8.1.jar:/home/alex/Repositories/nifi/nifi-nar-bundles/nifi-standard-services/nifi-ssl-context-service-api/target/classes:/home/alex/Repositories/nifi/nifi-commons/nifi-security-utils-api/target/classes:/home/alex/Repositories/nifi/nifi-nar-bundles/nifi-standard-services/nifi-lookup-service-api/target/classes:/home/alex/Repositories/nifi/nifi-commons/nifi-flowfile-packager/target/classes:/home/alex/Repositories/nifi/nifi-nar-bundles/nifi-standard-services/nifi-distributed-cache-client-service-api/target/classes:/home/alex/Repositories/nifi/nifi-nar-bundles/nifi-standard-services/nifi-http-context-map-api/target/classes:/home/alex/Repositories/nifi/nifi-nar-bundles/nifi-standard-services/nifi-record-serialization-service-api/target/classes:/home/alex/Repositories/nifi/nifi-nar-bundles/nifi-standard-services/nifi-proxy-configuration-api/target/classes:/home/alex/Repositories/nifi/nifi-commons/nifi-record/target/classes:/home/alex/Repositories/nifi/nifi-nar-bundles/nifi-standard-services/nifi-record-sink-api/target/classes:/home/alex/.m2/repository/commons-io/commons-io/2.10.0/commons-io-2.10.0.jar:/home/alex/.m2/repository/javax/ws/rs/javax.ws.rs-api/2.1/javax.ws.rs-api-2.1.jar:/home/alex/.m2/repository/commons-net/commons-net/3.6/commons-net-3.6.jar:/home/alex/.m2/repository/org/apache/commons/commons-compress/1.21/commons-compress-1.21.jar:/home/alex/.m2/repository/org/apache/commons/commons-lang3/3.9/commons-lang3-3.9.jar:/home/alex/.m2/repository/org/bouncycastle/bcprov-jdk15on/1.69/bcprov-jdk15on-1.69.jar:/home/alex/.m2/repository/org/bouncycastle/bcpg-jdk15on/1.69/bcpg-jdk15on-1.69.jar:/home/alex/.m2/repository/org/bouncycastle/bcpkix-jdk15on/1.69/bcpkix-jdk15on-1.69.jar:/home/alex/.m2/repository/org/bouncycastle/bcutil-jdk15on/1.69/bcutil-jdk15on-1.69.jar:/home/alex/.m2/repository/commons-codec/commons-codec/1.14/commons-codec-1.14.jar:/home/alex/Repositories/nifi/nifi-commons/nifi-security-utils/target/classes:/home/alex/Repositories/nifi/nifi-commons/nifi-security-kms/target/classes:/home/alex/.m2/repository/org/apache/commons/commons-configuration2/2.7/commons-configuration2-2.7.jar:/home/alex/.m2/repository/com/hierynomus/sshj/0.32.0/sshj-0.32.0.jar:/home/alex/.m2/repository/com/jcraft/jzlib/1.1.3/jzlib-1.1.3.jar:/home/alex/.m2/repository/com/hierynomus/asn-one/0.6.0/asn-one-0.6.0.jar:/home/alex/.m2/repository/net/i2p/crypto/eddsa/0.3.0/eddsa-0.3.0.jar:/home/alex/.m2/repository/org/eclipse/jetty/jetty-server/9.4.44.v20210927/jetty-server-9.4.44.v20210927.jar:/home/alex/.m2/repository/javax/servlet/javax.servlet-api/3.1.0/javax.servlet-api-3.1.0.jar:/home/alex/.m2/repository/org/eclipse/jetty/jetty-http/9.4.44.v20210927/jetty-http-9.4.44.v20210927.jar:/home/alex/.m2/repository/org/eclipse/jetty/jetty-util/9.4.44.v20210927/jetty-util-9.4.44.v20210927.jar:/home/alex/.m2/repository/org/eclipse/jetty/jetty-io/9.4.44.v20210927/jetty-io-9.4.44.v20210927.jar:/home/alex/.m2/repository/org/eclipse/jetty/jetty-servlet/9.4.44.v20210927/jetty-servlet-9.4.44.v20210927.jar:/home/alex/.m2/repository/org/eclipse/jetty/jetty-security/9.4.44.v20210927/jetty-security-9.4.44.v20210927.jar:/home/alex/.m2/repository/org/eclipse/jetty/jetty-util-ajax/9.4.44.v20210927/jetty-util-ajax-9.4.44.v20210927.jar:/home/alex/.m2/repository/org/apache/httpcomponents/httpclient/4.5.5/httpclient-4.5.5.jar:/home/alex/.m2/repository/commons-logging/commons-logging/1.2/commons-logging-1.2.jar:/home/alex/.m2/repository/org/apache/httpcomponents/httpcore/4.4.9/httpcore-4.4.9.jar:/home/alex/.m2/repository/jakarta/activation/jakarta.activation-api/2.0.1/jakarta.activation-api-2.0.1.jar:/home/alex/.m2/repository/com/sun/activation/jakarta.activation/2.0.1/jakarta.activation-2.0.1.jar:/home/alex/.m2/repository/jakarta/mail/jakarta.mail-api/2.0.1/jakarta.mail-api-2.0.1.jar:/home/alex/.m2/repository/com/sun/mail/jakarta.mail/2.0.1/jakarta.mail-2.0.1.jar:/home/alex/.m2/repository/com/github/jponge/lzma-java/1.3/lzma-java-1.3.jar:/home/alex/.m2/repository/org/tukaani/xz/1.8/xz-1.8.jar:/home/alex/.m2/repository/net/sf/saxon/Saxon-HE/10.6/Saxon-HE-10.6.jar:/home/alex/Repositories/nifi/nifi-commons/nifi-socket-utils/target/classes:/home/alex/Repositories/nifi/nifi-commons/nifi-logging-utils/target/classes:/home/alex/Repositories/nifi/nifi-nar-bundles/nifi-standard-services/nifi-load-distribution-service-api/target/classes:/home/alex/.m2/repository/javax/jms/javax.jms-api/2.0.1/javax.jms-api-2.0.1.jar:/home/alex/.m2/repository/org/apache/activemq/activemq-client/5.15.15/activemq-client-5.15.15.jar:/home/alex/.m2/repository/org/apache/geronimo/specs/geronimo-jms_1.1_spec/1.1.1/geronimo-jms_1.1_spec-1.1.1.jar:/home/alex/.m2/repository/org/fusesource/hawtbuf/hawtbuf/1.11/hawtbuf-1.11.jar:/home/alex/.m2/repository/org/apache/geronimo/specs/geronimo-j2ee-management_1.1_spec/1.0.1/geronimo-j2ee-management_1.1_spec-1.0.1.jar:/home/alex/.m2/repository/com/jayway/jsonpath/json-path/2.6.0/json-path-2.6.0.jar:/home/alex/.m2/repository/net/minidev/json-smart/2.4.7/json-smart-2.4.7.jar:/home/alex/.m2/repository/net/minidev/accessors-smart/2.4.7/accessors-smart-2.4.7.jar:/home/alex/.m2/repository/org/ow2/asm/asm/9.1/asm-9.1.jar:/home/alex/.m2/repository/org/apache/tika/tika-core/1.26/tika-core-1.26.jar:/home/alex/.m2/repository/com/fasterxml/jackson/core/jackson-databind/2.12.3/jackson-databind-2.12.3.jar:/home/alex/.m2/repository/com/fasterxml/jackson/core/jackson-annotations/2.12.3/jackson-annotations-2.12.3.jar:/home/alex/.m2/repository/com/fasterxml/jackson/core/jackson-core/2.12.3/jackson-core-2.12.3.jar:/home/alex/Repositories/nifi/nifi-nar-bundles/nifi-extension-utils/nifi-record-utils/nifi-avro-record-utils/target/classes:/home/alex/Repositories/nifi/nifi-nar-bundles/nifi-extension-utils/nifi-record-utils/nifi-standard-record-utils/target/classes:/home/alex/.m2/repository/org/apache/avro/avro/1.8.1/avro-1.8.1.jar:/home/alex/.m2/repository/org/codehaus/jackson/jackson-core-asl/1.9.13/jackson-core-asl-1.9.13.jar:/home/alex/.m2/repository/org/codehaus/jackson/jackson-mapper-asl/1.9.13/jackson-mapper-asl-1.9.13.jar:/home/alex/.m2/repository/com/thoughtworks/paranamer/paranamer/2.7/paranamer-2.7.jar:/home/alex/Repositories/nifi/nifi-nar-bundles/nifi-standard-services/nifi-dbcp-service-api/target/classes:/home/alex/.m2/repository/com/squareup/okhttp3/okhttp/4.9.2/okhttp-4.9.2.jar:/home/alex/.m2/repository/com/squareup/okio/okio/2.8.0/okio-2.8.0.jar:/home/alex/.m2/repository/org/jetbrains/kotlin/kotlin-stdlib-common/1.4.0/kotlin-stdlib-common-1.4.0.jar:/home/alex/.m2/repository/org/jetbrains/kotlin/kotlin-stdlib/1.4.10/kotlin-stdlib-1.4.10.jar:/home/alex/.m2/repository/org/jetbrains/annotations/13.0/annotations-13.0.jar:/home/alex/.m2/repository/io/github/rburgst/okhttp-digest/2.5/okhttp-digest-2.5.jar:/home/alex/.m2/repository/at/favre/lib/bcrypt/0.9.0/bcrypt-0.9.0.jar:/home/alex/.m2/repository/at/favre/lib/bytes/1.3.0/bytes-1.3.0.jar:/home/alex/.m2/repository/com/google/guava/guava/28.0-jre/guava-28.0-jre.jar:/home/alex/.m2/repository/com/google/guava/failureaccess/1.0.1/failureaccess-1.0.1.jar:/home/alex/.m2/repository/com/google/guava/listenablefuture/9999.0-empty-to-avoid-conflict-with-guava/listenablefuture-9999.0-empty-to-avoid-conflict-with-guava.jar:/home/alex/.m2/repository/com/google/code/findbugs/jsr305/3.0.2/jsr305-3.0.2.jar:/home/alex/.m2/repository/org/checkerframework/checker-qual/2.8.1/checker-qual-2.8.1.jar:/home/alex/.m2/repository/com/google/errorprone/error_prone_annotations/2.3.2/error_prone_annotations-2.3.2.jar:/home/alex/.m2/repository/com/google/j2objc/j2objc-annotations/1.3/j2objc-annotations-1.3.jar:/home/alex/.m2/repository/org/codehaus/mojo/animal-sniffer-annotations/1.17/animal-sniffer-annotations-1.17.jar:/home/alex/Repositories/nifi/nifi-mock/target/classes:/home/alex/Repositories/nifi/nifi-framework-api/target/classes:/home/alex/Repositories/nifi/nifi-nar-bundles/nifi-framework-bundle/nifi-framework/nifi-framework-core-api/target/classes:/home/alex/Repositories/nifi/nifi-nar-bundles/nifi-framework-bundle/nifi-framework/nifi-framework-nar-utils/target/classes:/home/alex/Repositories/nifi/nifi-nar-bundles/nifi-framework-bundle/nifi-framework/nifi-client-dto/target/classes:/home/alex/.m2/repository/io/swagger/swagger-annotations/1.6.0/swagger-annotations-1.6.0.jar:/home/alex/Repositories/nifi/nifi-commons/nifi-site-to-site-client/target/classes:/home/alex/.m2/repository/org/apache/httpcomponents/httpasyncclient/4.1.4/httpasyncclient-4.1.4.jar:/home/alex/.m2/repository/org/apache/httpcomponents/httpcore-nio/4.4.10/httpcore-nio-4.4.10.jar:/home/alex/Repositories/nifi/nifi-nar-bundles/nifi-framework-bundle/nifi-framework/nifi-framework-authorization/target/classes:/home/alex/Repositories/nifi/nifi-registry/nifi-registry-core/nifi-registry-data-model/target/classes:/home/alex/Repositories/nifi/nifi-registry/nifi-registry-core/nifi-registry-revision/nifi-registry-revision-entity-model/target/classes:/home/alex/Repositories/nifi/nifi-registry/nifi-registry-core/nifi-registry-client/target/classes:/home/alex/Repositories/nifi/nifi-registry/nifi-registry-core/nifi-registry-security-utils/target/classes:/home/alex/.m2/repository/org/glassfish/jersey/core/jersey-client/2.33/jersey-client-2.33.jar:/home/alex/.m2/repository/jakarta/ws/rs/jakarta.ws.rs-api/2.1.6/jakarta.ws.rs-api-2.1.6.jar:/home/alex/.m2/repository/org/glassfish/hk2/external/jakarta.inject/2.6.1/jakarta.inject-2.6.1.jar:/home/alex/.m2/repository/org/glassfish/jersey/media/jersey-media-json-jackson/2.33/jersey-media-json-jackson-2.33.jar:/home/alex/.m2/repository/org/glassfish/jersey/ext/jersey-entity-filtering/2.33/jersey-entity-filtering-2.33.jar:/home/alex/.m2/repository/org/glassfish/jersey/inject/jersey-hk2/2.33/jersey-hk2-2.33.jar:/home/alex/.m2/repository/org/glassfish/hk2/hk2-locator/2.6.1/hk2-locator-2.6.1.jar:/home/alex/.m2/repository/org/glassfish/hk2/external/aopalliance-repackaged/2.6.1/aopalliance-repackaged-2.6.1.jar:/home/alex/.m2/repository/org/glassfish/hk2/hk2-api/2.6.1/hk2-api-2.6.1.jar:/home/alex/.m2/repository/org/glassfish/hk2/hk2-utils/2.6.1/hk2-utils-2.6.1.jar:/home/alex/.m2/repository/org/javassist/javassist/3.25.0-GA/javassist-3.25.0-GA.jar:/home/alex/.m2/repository/org/glassfish/jersey/core/jersey-common/2.33/jersey-common-2.33.jar:/home/alex/.m2/repository/jakarta/annotation/jakarta.annotation-api/1.3.5/jakarta.annotation-api-1.3.5.jar:/home/alex/.m2/repository/org/glassfish/hk2/osgi-resource-locator/1.0.3/osgi-resource-locator-1.0.3.jar:/home/alex/.m2/repository/org/glassfish/jersey/media/jersey-media-multipart/2.33/jersey-media-multipart-2.33.jar:/home/alex/.m2/repository/org/jvnet/mimepull/mimepull/1.9.13/mimepull-1.9.13.jar:/home/alex/Repositories/nifi/nifi-commons/nifi-data-provenance-utils/target/classes:/home/alex/Repositories/nifi/nifi-nar-bundles/nifi-standard-services/nifi-distributed-cache-services-bundle/nifi-distributed-cache-client-service/target/classes:/home/alex/Repositories/nifi/nifi-nar-bundles/nifi-standard-services/nifi-distributed-cache-services-bundle/nifi-distributed-cache-protocol/target/classes:/home/alex/.m2/repository/io/netty/netty-buffer/4.1.69.Final/netty-buffer-4.1.69.Final.jar:/home/alex/.m2/repository/com/google/http-client/google-http-client/1.28.0/google-http-client-1.28.0.jar:/home/alex/.m2/repository/io/opencensus/opencensus-api/0.18.0/opencensus-api-0.18.0.jar:/home/alex/.m2/repository/io/grpc/grpc-context/1.14.0/grpc-context-1.14.0.jar:/home/alex/.m2/repository/io/opencensus/opencensus-contrib-http-util/0.18.0/opencensus-contrib-http-util-0.18.0.jar:/home/alex/.m2/repository/org/apache/activemq/activemq-broker/5.15.14/activemq-broker-5.15.14.jar:/home/alex/.m2/repository/org/apache/activemq/activemq-openwire-legacy/5.15.14/activemq-openwire-legacy-5.15.14.jar:/home/alex/Repositories/nifi/nifi-nar-bundles/nifi-standard-services/nifi-ssl-context-bundle/nifi-ssl-context-service/target/classes:/home/alex/Repositories/nifi/nifi-nar-bundles/nifi-framework-bundle/nifi-framework/nifi-standard-prioritizers/target/classes:/home/alex/Repositories/nifi/nifi-nar-bundles/nifi-extension-utils/nifi-record-utils/nifi-mock-record-utils/target/classes:/home/alex/Repositories/nifi/nifi-nar-bundles/nifi-standard-services/nifi-record-serialization-services-bundle/nifi-record-serialization-services/target/classes:/home/alex/.m2/repository/org/apache/commons/commons-csv/1.8/commons-csv-1.8.jar:/home/alex/.m2/repository/com/fasterxml/jackson/dataformat/jackson-dataformat-csv/2.12.3/jackson-dataformat-csv-2.12.3.jar:/home/alex/.m2/repository/net/java/dev/stax-utils/stax-utils/20070216/stax-utils-20070216.jar:/home/alex/Repositories/nifi/nifi-nar-bundles/nifi-standard-services/nifi-lookup-services-bundle/nifi-lookup-services/target/classes:/home/alex/.m2/repository/commons-beanutils/commons-beanutils/1.9.4/commons-beanutils-1.9.4.jar:/home/alex/.m2/repository/commons-collections/commons-collections/3.2.2/commons-collections-3.2.2.jar:/home/alex/.m2/repository/com/maxmind/geoip2/geoip2/2.12.0/geoip2-2.12.0.jar:/home/alex/.m2/repository/com/maxmind/db/maxmind-db/1.2.2/maxmind-db-1.2.2.jar:/home/alex/.m2/repository/org/apache/derby/derby/10.14.2.0/derby-10.14.2.0.jar:/home/alex/.m2/repository/org/xerial/snappy/snappy-java/1.1.7.3/snappy-java-1.1.7.3.jar:/home/alex/.m2/repository/net/lingala/zip4j/zip4j/2.8.0/zip4j-2.8.0.jar:/home/alex/.m2/repository/com/h2database/h2/1.4.187/h2-1.4.187.jar:/home/alex/.m2/repository/org/mockftpserver/MockFtpServer/2.7.1/MockFtpServer-2.7.1.jar:/home/alex/.m2/repository/org/apache/sshd/sshd-core/1.7.0/sshd-core-1.7.0.jar:/home/alex/.m2/repository/com/bazaarvoice/jolt/jolt-core/0.1.1/jolt-core-0.1.1.jar:/home/alex/.m2/repository/javax/inject/javax.inject/1/javax.inject-1.jar:/home/alex/.m2/repository/com/bazaarvoice/jolt/json-utils/0.1.1/json-utils-0.1.1.jar:/home/alex/Repositories/nifi/nifi-nar-bundles/nifi-standard-bundle/nifi-standard-utils/target/classes:/home/alex/.m2/repository/net/sf/supercsv/super-csv/2.4.0/super-csv-2.4.0.jar:/home/alex/.m2/repository/com/fluenda/parcefone/2.1.0/parcefone-2.1.0.jar:/home/alex/.m2/repository/javax/validation/validation-api/1.1.0.Final/validation-api-1.1.0.Final.jar:/home/alex/.m2/repository/javax/el/javax.el-api/3.0.0/javax.el-api-3.0.0.jar:/home/alex/.m2/repository/com/github/wnameless/json/json-flattener/0.12.0/json-flattener-0.12.0.jar:/home/alex/.m2/repository/com/github/wnameless/json/json-base/2.0.0/json-base-2.0.0.jar:/home/alex/.m2/repository/org/apache/bval/bval-jsr/1.1.2/bval-jsr-1.1.2.jar:/home/alex/.m2/repository/org/apache/bval/bval-core/1.1.2/bval-core-1.1.2.jar:/home/alex/.m2/repository/io/krakens/java-grok/0.1.9/java-grok-0.1.9.jar:/home/alex/.m2/repository/org/apache/calcite/calcite-core/1.27.0/calcite-core-1.27.0.jar:/home/alex/.m2/repository/org/apache/calcite/calcite-linq4j/1.27.0/calcite-linq4j-1.27.0.jar:/home/alex/.m2/repository/com/esri/geometry/esri-geometry-api/2.2.0/esri-geometry-api-2.2.0.jar:/home/alex/.m2/repository/org/apache/calcite/avatica/avatica-core/1.18.0/avatica-core-1.18.0.jar:/home/alex/.m2/repository/org/apache/calcite/avatica/avatica-metrics/1.18.0/avatica-metrics-1.18.0.jar:/home/alex/.m2/repository/com/google/protobuf/protobuf-java/3.6.1/protobuf-java-3.6.1.jar:/home/alex/.m2/repository/org/apiguardian/apiguardian-api/1.1.0/apiguardian-api-1.1.0.jar:/home/alex/.m2/repository/com/fasterxml/jackson/dataformat/jackson-dataformat-yaml/2.10.0/jackson-dataformat-yaml-2.10.0.jar:/home/alex/.m2/repository/org/yaml/snakeyaml/1.29/snakeyaml-1.29.jar:/home/alex/.m2/repository/com/google/uzaygezen/uzaygezen-core/0.2/uzaygezen-core-0.2.jar:/home/alex/.m2/repository/com/yahoo/datasketches/sketches-core/0.9.0/sketches-core-0.9.0.jar:/home/alex/.m2/repository/com/yahoo/datasketches/memory/0.9.0/memory-0.9.0.jar:/home/alex/.m2/repository/net/hydromatic/aggdesigner-algorithm/6.0/aggdesigner-algorithm-6.0.jar:/home/alex/.m2/repository/commons-lang/commons-lang/2.4/commons-lang-2.4.jar:/home/alex/.m2/repository/org/apache/commons/commons-dbcp2/2.6.0/commons-dbcp2-2.6.0.jar:/home/alex/.m2/repository/org/apache/commons/commons-pool2/2.6.1/commons-pool2-2.6.1.jar:/home/alex/.m2/repository/org/codehaus/janino/commons-compiler/3.0.11/commons-compiler-3.0.11.jar:/home/alex/.m2/repository/org/codehaus/janino/janino/3.0.11/janino-3.0.11.jar:/home/alex/Repositories/nifi/nifi-nar-bundles/nifi-standard-services/nifi-schema-registry-service-api/target/classes:/home/alex/Repositories/nifi/nifi-nar-bundles/nifi-extension-utils/nifi-database-utils/target/classes:/home/alex/Repositories/nifi/nifi-nar-bundles/nifi-standard-bundle/nifi-standard-web-test-utils/target/classes:/home/alex/.m2/repository/com/github/stefanbirkner/fake-sftp-server-rule/2.0.1/fake-sftp-server-rule-2.0.1.jar:/home/alex/.m2/repository/com/github/marschall/memoryfilesystem/2.8.0/memoryfilesystem-2.8.0.jar:/home/alex/.m2/repository/junit/junit/4.13.2/junit-4.13.2.jar:/home/alex/.m2/repository/org/hamcrest/hamcrest-core/1.3/hamcrest-core-1.3.jar:/home/alex/Repositories/nifi/nifi-nar-bundles/nifi-extension-utils/nifi-database-test-utils/target/classes:/home/alex/.m2/repository/org/codehaus/groovy/groovy-json/2.5.14/groovy-json-2.5.14.jar:/home/alex/.m2/repository/org/codehaus/groovy/groovy/2.5.14/groovy-2.5.14.jar:/home/alex/.m2/repository/org/codehaus/groovy/groovy-servlet/2.5.14/groovy-servlet-2.5.14.jar:/home/alex/.m2/repository/org/codehaus/groovy/groovy-templates/2.5.14/groovy-templates-2.5.14.jar:/home/alex/.m2/repository/org/codehaus/groovy/groovy-xml/2.5.14/groovy-xml-2.5.14.jar:/home/alex/.m2/repository/org/hamcrest/hamcrest-all/1.3/hamcrest-all-1.3.jar:/home/alex/.m2/repository/com/squareup/okhttp3/mockwebserver/4.9.2/mockwebserver-4.9.2.jar:/home/alex/.m2/repository/org/jetbrains/kotlin/kotlin-stdlib-jdk8/1.4.10/kotlin-stdlib-jdk8-1.4.10.jar:/home/alex/.m2/repository/org/jetbrains/kotlin/kotlin-stdlib-jdk7/1.4.10/kotlin-stdlib-jdk7-1.4.10.jar:/home/alex/.m2/repository/org/mockito/mockito-inline/3.12.4/mockito-inline-3.12.4.jar:/home/alex/.m2/repository/org/junit/jupiter/junit-jupiter-api/5.7.2/junit-jupiter-api-5.7.2.jar:/home/alex/.m2/repository/org/opentest4j/opentest4j/1.2.0/opentest4j-1.2.0.jar:/home/alex/.m2/repository/org/junit/platform/junit-platform-commons/1.7.2/junit-platform-commons-1.7.2.jar:/home/alex/.m2/repository/org/junit/jupiter/junit-jupiter-engine/5.7.2/junit-jupiter-engine-5.7.2.jar:/home/alex/.m2/repository/org/junit/platform/junit-platform-engine/1.7.2/junit-platform-engine-1.7.2.jar:/home/alex/.m2/repository/org/junit/vintage/junit-vintage-engine/5.7.2/junit-vintage-engine-5.7.2.jar:/home/alex/.m2/repository/org/junit/jupiter/junit-jupiter-params/5.7.2/junit-jupiter-params-5.7.2.jar:/home/alex/.m2/repository/org/mockito/mockito-core/3.11.2/mockito-core-3.11.2.jar:/home/alex/.m2/repository/net/bytebuddy/byte-buddy/1.11.3/byte-buddy-1.11.3.jar:/home/alex/.m2/repository/net/bytebuddy/byte-buddy-agent/1.11.3/byte-buddy-agent-1.11.3.jar:/home/alex/.m2/repository/org/objenesis/objenesis/3.2/objenesis-3.2.jar:/home/alex/.m2/repository/org/mockito/mockito-junit-jupiter/3.11.2/mockito-junit-jupiter-3.11.2.jar:/home/alex/.m2/repository/org/slf4j/slf4j-simple/1.7.32/slf4j-simple-1.7.32.jar:/home/alex/.m2/repository/org/codehaus/groovy/groovy-test/2.5.14/groovy-test-2.5.14.jar:"/>
    <property name="java.vm.vendor" value="Private Build"/>
    <property name="sun.arch.data.model" value="64"/>
    <property name="java.vendor.url" value="http://java.oracle.com/"/>
    <property name="user.timezone" value="Europe/Lisbon"/>
    <property name="java.vm.specification.version" value="1.8"/>
    <property name="os.name" value="Linux"/>
    <property name="user.country" value="US"/>
    <property name="sun.java.launcher" value="SUN_STANDARD"/>
    <property name="sun.boot.library.path" value="/usr/lib/jvm/java-8-openjdk-amd64/jre/lib/amd64"/>
    <property name="sun.java.command" value="/home/alex/Repositories/nifi/nifi-nar-bundles/nifi-standard-bundle/nifi-standard-processors/target/surefire/surefirebooter4492904506786624144.jar /home/alex/Repositories/nifi/nifi-nar-bundles/nifi-standard-bundle/nifi-standard-processors/target/surefire 2024-05-02T01-50-21_887-jvmRun1 surefire1374191565714248671tmp surefire_691858830825519103005tmp"/>
    <property name="surefire.test.class.path" value="/home/alex/Repositories/nifi/nifi-nar-bundles/nifi-standard-bundle/nifi-standard-processors/target/test-classes:/home/alex/Repositories/nifi/nifi-nar-bundles/nifi-standard-bundle/nifi-standard-processors/target/classes:/home/alex/.m2/repository/org/apache/ftpserver/ftpserver-core/1.1.1/ftpserver-core-1.1.1.jar:/home/alex/.m2/repository/org/apache/ftpserver/ftplet-api/1.1.1/ftplet-api-1.1.1.jar:/home/alex/.m2/repository/org/slf4j/slf4j-api/1.7.32/slf4j-api-1.7.32.jar:/home/alex/.m2/repository/org/apache/mina/mina-core/2.0.16/mina-core-2.0.16.jar:/home/alex/Repositories/nifi/nifi-api/target/classes:/home/alex/Repositories/nifi/nifi-commons/nifi-expression-language/target/classes:/home/alex/.m2/repository/org/antlr/antlr-runtime/3.5.2/antlr-runtime-3.5.2.jar:/home/alex/Repositories/nifi/nifi-commons/nifi-parameter/target/classes:/home/alex/Repositories/nifi/nifi-commons/nifi-uuid5/target/classes:/home/alex/.m2/repository/org/apache/commons/commons-text/1.8/commons-text-1.8.jar:/home/alex/Repositories/nifi/nifi-nar-bundles/nifi-extension-utils/nifi-processor-utils/target/classes:/home/alex/Repositories/nifi/nifi-commons/nifi-security-socket-ssl/target/classes:/home/alex/Repositories/nifi/nifi-nar-bundles/nifi-extension-utils/nifi-event-transport/target/classes:/home/alex/.m2/repository/io/netty/netty-handler/4.1.69.Final/netty-handler-4.1.69.Final.jar:/home/alex/.m2/repository/io/netty/netty-common/4.1.69.Final/netty-common-4.1.69.Final.jar:/home/alex/.m2/repository/io/netty/netty-resolver/4.1.69.Final/netty-resolver-4.1.69.Final.jar:/home/alex/.m2/repository/io/netty/netty-transport/4.1.69.Final/netty-transport-4.1.69.Final.jar:/home/alex/.m2/repository/io/netty/netty-codec/4.1.69.Final/netty-codec-4.1.69.Final.jar:/home/alex/Repositories/nifi/nifi-nar-bundles/nifi-extension-utils/nifi-syslog-utils/target/classes:/home/alex/.m2/repository/com/github/palindromicity/simple-syslog-5424/0.0.16/simple-syslog-5424-0.0.16.jar:/home/alex/.m2/repository/org/antlr/antlr4-runtime/4.7.2/antlr4-runtime-4.7.2.jar:/home/alex/Repositories/nifi/nifi-commons/nifi-utils/target/classes:/home/alex/Repositories/nifi/nifi-commons/nifi-record-path/target/classes:/home/alex/Repositories/nifi/nifi-commons/nifi-properties/target/classes:/home/alex/Repositories/nifi/nifi-commons/nifi-property-utils/target/classes:/home/alex/.m2/repository/com/github/ben-manes/caffeine/caffeine/2.8.1/caffeine-2.8.1.jar:/home/alex/Repositories/nifi/nifi-nar-bundles/nifi-standard-services/nifi-ssl-context-service-api/target/classes:/home/alex/Repositories/nifi/nifi-commons/nifi-security-utils-api/target/classes:/home/alex/Repositories/nifi/nifi-nar-bundles/nifi-standard-services/nifi-lookup-service-api/target/classes:/home/alex/Repositories/nifi/nifi-commons/nifi-flowfile-packager/target/classes:/home/alex/Repositories/nifi/nifi-nar-bundles/nifi-standard-services/nifi-distributed-cache-client-service-api/target/classes:/home/alex/Repositories/nifi/nifi-nar-bundles/nifi-standard-services/nifi-http-context-map-api/target/classes:/home/alex/Repositories/nifi/nifi-nar-bundles/nifi-standard-services/nifi-record-serialization-service-api/target/classes:/home/alex/Repositories/nifi/nifi-nar-bundles/nifi-standard-services/nifi-proxy-configuration-api/target/classes:/home/alex/Repositories/nifi/nifi-commons/nifi-record/target/classes:/home/alex/Repositories/nifi/nifi-nar-bundles/nifi-standard-services/nifi-record-sink-api/target/classes:/home/alex/.m2/repository/commons-io/commons-io/2.10.0/commons-io-2.10.0.jar:/home/alex/.m2/repository/javax/ws/rs/javax.ws.rs-api/2.1/javax.ws.rs-api-2.1.jar:/home/alex/.m2/repository/commons-net/commons-net/3.6/commons-net-3.6.jar:/home/alex/.m2/repository/org/apache/commons/commons-compress/1.21/commons-compress-1.21.jar:/home/alex/.m2/repository/org/apache/commons/commons-lang3/3.9/commons-lang3-3.9.jar:/home/alex/.m2/repository/org/bouncycastle/bcprov-jdk15on/1.69/bcprov-jdk15on-1.69.jar:/home/alex/.m2/repository/org/bouncycastle/bcpg-jdk15on/1.69/bcpg-jdk15on-1.69.jar:/home/alex/.m2/repository/org/bouncycastle/bcpkix-jdk15on/1.69/bcpkix-jdk15on-1.69.jar:/home/alex/.m2/repository/org/bouncycastle/bcutil-jdk15on/1.69/bcutil-jdk15on-1.69.jar:/home/alex/.m2/repository/commons-codec/commons-codec/1.14/commons-codec-1.14.jar:/home/alex/Repositories/nifi/nifi-commons/nifi-security-utils/target/classes:/home/alex/Repositories/nifi/nifi-commons/nifi-security-kms/target/classes:/home/alex/.m2/repository/org/apache/commons/commons-configuration2/2.7/commons-configuration2-2.7.jar:/home/alex/.m2/repository/com/hierynomus/sshj/0.32.0/sshj-0.32.0.jar:/home/alex/.m2/repository/com/jcraft/jzlib/1.1.3/jzlib-1.1.3.jar:/home/alex/.m2/repository/com/hierynomus/asn-one/0.6.0/asn-one-0.6.0.jar:/home/alex/.m2/repository/net/i2p/crypto/eddsa/0.3.0/eddsa-0.3.0.jar:/home/alex/.m2/repository/org/eclipse/jetty/jetty-server/9.4.44.v20210927/jetty-server-9.4.44.v20210927.jar:/home/alex/.m2/repository/javax/servlet/javax.servlet-api/3.1.0/javax.servlet-api-3.1.0.jar:/home/alex/.m2/repository/org/eclipse/jetty/jetty-http/9.4.44.v20210927/jetty-http-9.4.44.v20210927.jar:/home/alex/.m2/repository/org/eclipse/jetty/jetty-util/9.4.44.v20210927/jetty-util-9.4.44.v20210927.jar:/home/alex/.m2/repository/org/eclipse/jetty/jetty-io/9.4.44.v20210927/jetty-io-9.4.44.v20210927.jar:/home/alex/.m2/repository/org/eclipse/jetty/jetty-servlet/9.4.44.v20210927/jetty-servlet-9.4.44.v20210927.jar:/home/alex/.m2/repository/org/eclipse/jetty/jetty-security/9.4.44.v20210927/jetty-security-9.4.44.v20210927.jar:/home/alex/.m2/repository/org/eclipse/jetty/jetty-util-ajax/9.4.44.v20210927/jetty-util-ajax-9.4.44.v20210927.jar:/home/alex/.m2/repository/org/apache/httpcomponents/httpclient/4.5.5/httpclient-4.5.5.jar:/home/alex/.m2/repository/commons-logging/commons-logging/1.2/commons-logging-1.2.jar:/home/alex/.m2/repository/org/apache/httpcomponents/httpcore/4.4.9/httpcore-4.4.9.jar:/home/alex/.m2/repository/jakarta/activation/jakarta.activation-api/2.0.1/jakarta.activation-api-2.0.1.jar:/home/alex/.m2/repository/com/sun/activation/jakarta.activation/2.0.1/jakarta.activation-2.0.1.jar:/home/alex/.m2/repository/jakarta/mail/jakarta.mail-api/2.0.1/jakarta.mail-api-2.0.1.jar:/home/alex/.m2/repository/com/sun/mail/jakarta.mail/2.0.1/jakarta.mail-2.0.1.jar:/home/alex/.m2/repository/com/github/jponge/lzma-java/1.3/lzma-java-1.3.jar:/home/alex/.m2/repository/org/tukaani/xz/1.8/xz-1.8.jar:/home/alex/.m2/repository/net/sf/saxon/Saxon-HE/10.6/Saxon-HE-10.6.jar:/home/alex/Repositories/nifi/nifi-commons/nifi-socket-utils/target/classes:/home/alex/Repositories/nifi/nifi-commons/nifi-logging-utils/target/classes:/home/alex/Repositories/nifi/nifi-nar-bundles/nifi-standard-services/nifi-load-distribution-service-api/target/classes:/home/alex/.m2/repository/javax/jms/javax.jms-api/2.0.1/javax.jms-api-2.0.1.jar:/home/alex/.m2/repository/org/apache/activemq/activemq-client/5.15.15/activemq-client-5.15.15.jar:/home/alex/.m2/repository/org/apache/geronimo/specs/geronimo-jms_1.1_spec/1.1.1/geronimo-jms_1.1_spec-1.1.1.jar:/home/alex/.m2/repository/org/fusesource/hawtbuf/hawtbuf/1.11/hawtbuf-1.11.jar:/home/alex/.m2/repository/org/apache/geronimo/specs/geronimo-j2ee-management_1.1_spec/1.0.1/geronimo-j2ee-management_1.1_spec-1.0.1.jar:/home/alex/.m2/repository/com/jayway/jsonpath/json-path/2.6.0/json-path-2.6.0.jar:/home/alex/.m2/repository/net/minidev/json-smart/2.4.7/json-smart-2.4.7.jar:/home/alex/.m2/repository/net/minidev/accessors-smart/2.4.7/accessors-smart-2.4.7.jar:/home/alex/.m2/repository/org/ow2/asm/asm/9.1/asm-9.1.jar:/home/alex/.m2/repository/org/apache/tika/tika-core/1.26/tika-core-1.26.jar:/home/alex/.m2/repository/com/fasterxml/jackson/core/jackson-databind/2.12.3/jackson-databind-2.12.3.jar:/home/alex/.m2/repository/com/fasterxml/jackson/core/jackson-annotations/2.12.3/jackson-annotations-2.12.3.jar:/home/alex/.m2/repository/com/fasterxml/jackson/core/jackson-core/2.12.3/jackson-core-2.12.3.jar:/home/alex/Repositories/nifi/nifi-nar-bundles/nifi-extension-utils/nifi-record-utils/nifi-avro-record-utils/target/classes:/home/alex/Repositories/nifi/nifi-nar-bundles/nifi-extension-utils/nifi-record-utils/nifi-standard-record-utils/target/classes:/home/alex/.m2/repository/org/apache/avro/avro/1.8.1/avro-1.8.1.jar:/home/alex/.m2/repository/org/codehaus/jackson/jackson-core-asl/1.9.13/jackson-core-asl-1.9.13.jar:/home/alex/.m2/repository/org/codehaus/jackson/jackson-mapper-asl/1.9.13/jackson-mapper-asl-1.9.13.jar:/home/alex/.m2/repository/com/thoughtworks/paranamer/paranamer/2.7/paranamer-2.7.jar:/home/alex/Repositories/nifi/nifi-nar-bundles/nifi-standard-services/nifi-dbcp-service-api/target/classes:/home/alex/.m2/repository/com/squareup/okhttp3/okhttp/4.9.2/okhttp-4.9.2.jar:/home/alex/.m2/repository/com/squareup/okio/okio/2.8.0/okio-2.8.0.jar:/home/alex/.m2/repository/org/jetbrains/kotlin/kotlin-stdlib-common/1.4.0/kotlin-stdlib-common-1.4.0.jar:/home/alex/.m2/repository/org/jetbrains/kotlin/kotlin-stdlib/1.4.10/kotlin-stdlib-1.4.10.jar:/home/alex/.m2/repository/org/jetbrains/annotations/13.0/annotations-13.0.jar:/home/alex/.m2/repository/io/github/rburgst/okhttp-digest/2.5/okhttp-digest-2.5.jar:/home/alex/.m2/repository/at/favre/lib/bcrypt/0.9.0/bcrypt-0.9.0.jar:/home/alex/.m2/repository/at/favre/lib/bytes/1.3.0/bytes-1.3.0.jar:/home/alex/.m2/repository/com/google/guava/guava/28.0-jre/guava-28.0-jre.jar:/home/alex/.m2/repository/com/google/guava/failureaccess/1.0.1/failureaccess-1.0.1.jar:/home/alex/.m2/repository/com/google/guava/listenablefuture/9999.0-empty-to-avoid-conflict-with-guava/listenablefuture-9999.0-empty-to-avoid-conflict-with-guava.jar:/home/alex/.m2/repository/com/google/code/findbugs/jsr305/3.0.2/jsr305-3.0.2.jar:/home/alex/.m2/repository/org/checkerframework/checker-qual/2.8.1/checker-qual-2.8.1.jar:/home/alex/.m2/repository/com/google/errorprone/error_prone_annotations/2.3.2/error_prone_annotations-2.3.2.jar:/home/alex/.m2/repository/com/google/j2objc/j2objc-annotations/1.3/j2objc-annotations-1.3.jar:/home/alex/.m2/repository/org/codehaus/mojo/animal-sniffer-annotations/1.17/animal-sniffer-annotations-1.17.jar:/home/alex/Repositories/nifi/nifi-mock/target/classes:/home/alex/Repositories/nifi/nifi-framework-api/target/classes:/home/alex/Repositories/nifi/nifi-nar-bundles/nifi-framework-bundle/nifi-framework/nifi-framework-core-api/target/classes:/home/alex/Repositories/nifi/nifi-nar-bundles/nifi-framework-bundle/nifi-framework/nifi-framework-nar-utils/target/classes:/home/alex/Repositories/nifi/nifi-nar-bundles/nifi-framework-bundle/nifi-framework/nifi-client-dto/target/classes:/home/alex/.m2/repository/io/swagger/swagger-annotations/1.6.0/swagger-annotations-1.6.0.jar:/home/alex/Repositories/nifi/nifi-commons/nifi-site-to-site-client/target/classes:/home/alex/.m2/repository/org/apache/httpcomponents/httpasyncclient/4.1.4/httpasyncclient-4.1.4.jar:/home/alex/.m2/repository/org/apache/httpcomponents/httpcore-nio/4.4.10/httpcore-nio-4.4.10.jar:/home/alex/Repositories/nifi/nifi-nar-bundles/nifi-framework-bundle/nifi-framework/nifi-framework-authorization/target/classes:/home/alex/Repositories/nifi/nifi-registry/nifi-registry-core/nifi-registry-data-model/target/classes:/home/alex/Repositories/nifi/nifi-registry/nifi-registry-core/nifi-registry-revision/nifi-registry-revision-entity-model/target/classes:/home/alex/Repositories/nifi/nifi-registry/nifi-registry-core/nifi-registry-client/target/classes:/home/alex/Repositories/nifi/nifi-registry/nifi-registry-core/nifi-registry-security-utils/target/classes:/home/alex/.m2/repository/org/glassfish/jersey/core/jersey-client/2.33/jersey-client-2.33.jar:/home/alex/.m2/repository/jakarta/ws/rs/jakarta.ws.rs-api/2.1.6/jakarta.ws.rs-api-2.1.6.jar:/home/alex/.m2/repository/org/glassfish/hk2/external/jakarta.inject/2.6.1/jakarta.inject-2.6.1.jar:/home/alex/.m2/repository/org/glassfish/jersey/media/jersey-media-json-jackson/2.33/jersey-media-json-jackson-2.33.jar:/home/alex/.m2/repository/org/glassfish/jersey/ext/jersey-entity-filtering/2.33/jersey-entity-filtering-2.33.jar:/home/alex/.m2/repository/org/glassfish/jersey/inject/jersey-hk2/2.33/jersey-hk2-2.33.jar:/home/alex/.m2/repository/org/glassfish/hk2/hk2-locator/2.6.1/hk2-locator-2.6.1.jar:/home/alex/.m2/repository/org/glassfish/hk2/external/aopalliance-repackaged/2.6.1/aopalliance-repackaged-2.6.1.jar:/home/alex/.m2/repository/org/glassfish/hk2/hk2-api/2.6.1/hk2-api-2.6.1.jar:/home/alex/.m2/repository/org/glassfish/hk2/hk2-utils/2.6.1/hk2-utils-2.6.1.jar:/home/alex/.m2/repository/org/javassist/javassist/3.25.0-GA/javassist-3.25.0-GA.jar:/home/alex/.m2/repository/org/glassfish/jersey/core/jersey-common/2.33/jersey-common-2.33.jar:/home/alex/.m2/repository/jakarta/annotation/jakarta.annotation-api/1.3.5/jakarta.annotation-api-1.3.5.jar:/home/alex/.m2/repository/org/glassfish/hk2/osgi-resource-locator/1.0.3/osgi-resource-locator-1.0.3.jar:/home/alex/.m2/repository/org/glassfish/jersey/media/jersey-media-multipart/2.33/jersey-media-multipart-2.33.jar:/home/alex/.m2/repository/org/jvnet/mimepull/mimepull/1.9.13/mimepull-1.9.13.jar:/home/alex/Repositories/nifi/nifi-commons/nifi-data-provenance-utils/target/classes:/home/alex/Repositories/nifi/nifi-nar-bundles/nifi-standard-services/nifi-distributed-cache-services-bundle/nifi-distributed-cache-client-service/target/classes:/home/alex/Repositories/nifi/nifi-nar-bundles/nifi-standard-services/nifi-distributed-cache-services-bundle/nifi-distributed-cache-protocol/target/classes:/home/alex/.m2/repository/io/netty/netty-buffer/4.1.69.Final/netty-buffer-4.1.69.Final.jar:/home/alex/.m2/repository/com/google/http-client/google-http-client/1.28.0/google-http-client-1.28.0.jar:/home/alex/.m2/repository/io/opencensus/opencensus-api/0.18.0/opencensus-api-0.18.0.jar:/home/alex/.m2/repository/io/grpc/grpc-context/1.14.0/grpc-context-1.14.0.jar:/home/alex/.m2/repository/io/opencensus/opencensus-contrib-http-util/0.18.0/opencensus-contrib-http-util-0.18.0.jar:/home/alex/.m2/repository/org/apache/activemq/activemq-broker/5.15.14/activemq-broker-5.15.14.jar:/home/alex/.m2/repository/org/apache/activemq/activemq-openwire-legacy/5.15.14/activemq-openwire-legacy-5.15.14.jar:/home/alex/Repositories/nifi/nifi-nar-bundles/nifi-standard-services/nifi-ssl-context-bundle/nifi-ssl-context-service/target/classes:/home/alex/Repositories/nifi/nifi-nar-bundles/nifi-framework-bundle/nifi-framework/nifi-standard-prioritizers/target/classes:/home/alex/Repositories/nifi/nifi-nar-bundles/nifi-extension-utils/nifi-record-utils/nifi-mock-record-utils/target/classes:/home/alex/Repositories/nifi/nifi-nar-bundles/nifi-standard-services/nifi-record-serialization-services-bundle/nifi-record-serialization-services/target/classes:/home/alex/.m2/repository/org/apache/commons/commons-csv/1.8/commons-csv-1.8.jar:/home/alex/.m2/repository/com/fasterxml/jackson/dataformat/jackson-dataformat-csv/2.12.3/jackson-dataformat-csv-2.12.3.jar:/home/alex/.m2/repository/net/java/dev/stax-utils/stax-utils/20070216/stax-utils-20070216.jar:/home/alex/Repositories/nifi/nifi-nar-bundles/nifi-standard-services/nifi-lookup-services-bundle/nifi-lookup-services/target/classes:/home/alex/.m2/repository/commons-beanutils/commons-beanutils/1.9.4/commons-beanutils-1.9.4.jar:/home/alex/.m2/repository/commons-collections/commons-collections/3.2.2/commons-collections-3.2.2.jar:/home/alex/.m2/repository/com/maxmind/geoip2/geoip2/2.12.0/geoip2-2.12.0.jar:/home/alex/.m2/repository/com/maxmind/db/maxmind-db/1.2.2/maxmind-db-1.2.2.jar:/home/alex/.m2/repository/org/apache/derby/derby/10.14.2.0/derby-10.14.2.0.jar:/home/alex/.m2/repository/org/xerial/snappy/snappy-java/1.1.7.3/snappy-java-1.1.7.3.jar:/home/alex/.m2/repository/net/lingala/zip4j/zip4j/2.8.0/zip4j-2.8.0.jar:/home/alex/.m2/repository/com/h2database/h2/1.4.187/h2-1.4.187.jar:/home/alex/.m2/repository/org/mockftpserver/MockFtpServer/2.7.1/MockFtpServer-2.7.1.jar:/home/alex/.m2/repository/org/apache/sshd/sshd-core/1.7.0/sshd-core-1.7.0.jar:/home/alex/.m2/repository/com/bazaarvoice/jolt/jolt-core/0.1.1/jolt-core-0.1.1.jar:/home/alex/.m2/repository/javax/inject/javax.inject/1/javax.inject-1.jar:/home/alex/.m2/repository/com/bazaarvoice/jolt/json-utils/0.1.1/json-utils-0.1.1.jar:/home/alex/Repositories/nifi/nifi-nar-bundles/nifi-standard-bundle/nifi-standard-utils/target/classes:/home/alex/.m2/repository/net/sf/supercsv/super-csv/2.4.0/super-csv-2.4.0.jar:/home/alex/.m2/repository/com/fluenda/parcefone/2.1.0/parcefone-2.1.0.jar:/home/alex/.m2/repository/javax/validation/validation-api/1.1.0.Final/validation-api-1.1.0.Final.jar:/home/alex/.m2/repository/javax/el/javax.el-api/3.0.0/javax.el-api-3.0.0.jar:/home/alex/.m2/repository/com/github/wnameless/json/json-flattener/0.12.0/json-flattener-0.12.0.jar:/home/alex/.m2/repository/com/github/wnameless/json/json-base/2.0.0/json-base-2.0.0.jar:/home/alex/.m2/repository/org/apache/bval/bval-jsr/1.1.2/bval-jsr-1.1.2.jar:/home/alex/.m2/repository/org/apache/bval/bval-core/1.1.2/bval-core-1.1.2.jar:/home/alex/.m2/repository/io/krakens/java-grok/0.1.9/java-grok-0.1.9.jar:/home/alex/.m2/repository/org/apache/calcite/calcite-core/1.27.0/calcite-core-1.27.0.jar:/home/alex/.m2/repository/org/apache/calcite/calcite-linq4j/1.27.0/calcite-linq4j-1.27.0.jar:/home/alex/.m2/repository/com/esri/geometry/esri-geometry-api/2.2.0/esri-geometry-api-2.2.0.jar:/home/alex/.m2/repository/org/apache/calcite/avatica/avatica-core/1.18.0/avatica-core-1.18.0.jar:/home/alex/.m2/repository/org/apache/calcite/avatica/avatica-metrics/1.18.0/avatica-metrics-1.18.0.jar:/home/alex/.m2/repository/com/google/protobuf/protobuf-java/3.6.1/protobuf-java-3.6.1.jar:/home/alex/.m2/repository/org/apiguardian/apiguardian-api/1.1.0/apiguardian-api-1.1.0.jar:/home/alex/.m2/repository/com/fasterxml/jackson/dataformat/jackson-dataformat-yaml/2.10.0/jackson-dataformat-yaml-2.10.0.jar:/home/alex/.m2/repository/org/yaml/snakeyaml/1.29/snakeyaml-1.29.jar:/home/alex/.m2/repository/com/google/uzaygezen/uzaygezen-core/0.2/uzaygezen-core-0.2.jar:/home/alex/.m2/repository/com/yahoo/datasketches/sketches-core/0.9.0/sketches-core-0.9.0.jar:/home/alex/.m2/repository/com/yahoo/datasketches/memory/0.9.0/memory-0.9.0.jar:/home/alex/.m2/repository/net/hydromatic/aggdesigner-algorithm/6.0/aggdesigner-algorithm-6.0.jar:/home/alex/.m2/repository/commons-lang/commons-lang/2.4/commons-lang-2.4.jar:/home/alex/.m2/repository/org/apache/commons/commons-dbcp2/2.6.0/commons-dbcp2-2.6.0.jar:/home/alex/.m2/repository/org/apache/commons/commons-pool2/2.6.1/commons-pool2-2.6.1.jar:/home/alex/.m2/repository/org/codehaus/janino/commons-compiler/3.0.11/commons-compiler-3.0.11.jar:/home/alex/.m2/repository/org/codehaus/janino/janino/3.0.11/janino-3.0.11.jar:/home/alex/Repositories/nifi/nifi-nar-bundles/nifi-standard-services/nifi-schema-registry-service-api/target/classes:/home/alex/Repositories/nifi/nifi-nar-bundles/nifi-extension-utils/nifi-database-utils/target/classes:/home/alex/Repositories/nifi/nifi-nar-bundles/nifi-standard-bundle/nifi-standard-web-test-utils/target/classes:/home/alex/.m2/repository/com/github/stefanbirkner/fake-sftp-server-rule/2.0.1/fake-sftp-server-rule-2.0.1.jar:/home/alex/.m2/repository/com/github/marschall/memoryfilesystem/2.8.0/memoryfilesystem-2.8.0.jar:/home/alex/.m2/repository/junit/junit/4.13.2/junit-4.13.2.jar:/home/alex/.m2/repository/org/hamcrest/hamcrest-core/1.3/hamcrest-core-1.3.jar:/home/alex/Repositories/nifi/nifi-nar-bundles/nifi-extension-utils/nifi-database-test-utils/target/classes:/home/alex/.m2/repository/org/codehaus/groovy/groovy-json/2.5.14/groovy-json-2.5.14.jar:/home/alex/.m2/repository/org/codehaus/groovy/groovy/2.5.14/groovy-2.5.14.jar:/home/alex/.m2/repository/org/codehaus/groovy/groovy-servlet/2.5.14/groovy-servlet-2.5.14.jar:/home/alex/.m2/repository/org/codehaus/groovy/groovy-templates/2.5.14/groovy-templates-2.5.14.jar:/home/alex/.m2/repository/org/codehaus/groovy/groovy-xml/2.5.14/groovy-xml-2.5.14.jar:/home/alex/.m2/repository/org/hamcrest/hamcrest-all/1.3/hamcrest-all-1.3.jar:/home/alex/.m2/repository/com/squareup/okhttp3/mockwebserver/4.9.2/mockwebserver-4.9.2.jar:/home/alex/.m2/repository/org/jetbrains/kotlin/kotlin-stdlib-jdk8/1.4.10/kotlin-stdlib-jdk8-1.4.10.jar:/home/alex/.m2/repository/org/jetbrains/kotlin/kotlin-stdlib-jdk7/1.4.10/kotlin-stdlib-jdk7-1.4.10.jar:/home/alex/.m2/repository/org/mockito/mockito-inline/3.12.4/mockito-inline-3.12.4.jar:/home/alex/.m2/repository/org/junit/jupiter/junit-jupiter-api/5.7.2/junit-jupiter-api-5.7.2.jar:/home/alex/.m2/repository/org/opentest4j/opentest4j/1.2.0/opentest4j-1.2.0.jar:/home/alex/.m2/repository/org/junit/platform/junit-platform-commons/1.7.2/junit-platform-commons-1.7.2.jar:/home/alex/.m2/repository/org/junit/jupiter/junit-jupiter-engine/5.7.2/junit-jupiter-engine-5.7.2.jar:/home/alex/.m2/repository/org/junit/platform/junit-platform-engine/1.7.2/junit-platform-engine-1.7.2.jar:/home/alex/.m2/repository/org/junit/vintage/junit-vintage-engine/5.7.2/junit-vintage-engine-5.7.2.jar:/home/alex/.m2/repository/org/junit/jupiter/junit-jupiter-params/5.7.2/junit-jupiter-params-5.7.2.jar:/home/alex/.m2/repository/org/mockito/mockito-core/3.11.2/mockito-core-3.11.2.jar:/home/alex/.m2/repository/net/bytebuddy/byte-buddy/1.11.3/byte-buddy-1.11.3.jar:/home/alex/.m2/repository/net/bytebuddy/byte-buddy-agent/1.11.3/byte-buddy-agent-1.11.3.jar:/home/alex/.m2/repository/org/objenesis/objenesis/3.2/objenesis-3.2.jar:/home/alex/.m2/repository/org/mockito/mockito-junit-jupiter/3.11.2/mockito-junit-jupiter-3.11.2.jar:/home/alex/.m2/repository/org/slf4j/slf4j-simple/1.7.32/slf4j-simple-1.7.32.jar:/home/alex/.m2/repository/org/codehaus/groovy/groovy-test/2.5.14/groovy-test-2.5.14.jar:"/>
    <property name="sun.cpu.endian" value="little"/>
    <property name="user.home" value="/home/alex"/>
    <property name="user.language" value="en"/>
    <property name="java.specification.vendor" value="Oracle Corporation"/>
    <property name="java.home" value="/usr/lib/jvm/java-8-openjdk-amd64/jre"/>
    <property name="basedir" value="/home/alex/Repositories/nifi/nifi-nar-bundles/nifi-standard-bundle/nifi-standard-processors"/>
    <property name="file.separator" value="/"/>
    <property name="line.separator" value="&#10;"/>
    <property name="java.vm.specification.vendor" value="Oracle Corporation"/>
    <property name="java.specification.name" value="Java Platform API Specification"/>
    <property name="derby.stream.error.file" value="target/derby.log"/>
    <property name="java.awt.graphicsenv" value="sun.awt.X11GraphicsEnvironment"/>
    <property name="java.awt.headless" value="true"/>
    <property name="surefire.real.class.path" value="/home/alex/Repositories/nifi/nifi-nar-bundles/nifi-standard-bundle/nifi-standard-processors/target/surefire/surefirebooter4492904506786624144.jar"/>
    <property name="sun.boot.class.path" value="/usr/lib/jvm/java-8-openjdk-amd64/jre/lib/resources.jar:/usr/lib/jvm/java-8-openjdk-amd64/jre/lib/rt.jar:/usr/lib/jvm/java-8-openjdk-amd64/jre/lib/sunrsasign.jar:/usr/lib/jvm/java-8-openjdk-amd64/jre/lib/jsse.jar:/usr/lib/jvm/java-8-openjdk-amd64/jre/lib/jce.jar:/usr/lib/jvm/java-8-openjdk-amd64/jre/lib/charsets.jar:/usr/lib/jvm/java-8-openjdk-amd64/jre/lib/jfr.jar:/usr/lib/jvm/java-8-openjdk-amd64/jre/classes"/>
    <property name="sun.management.compiler" value="HotSpot 64-Bit Tiered Compilers"/>
    <property name="java.runtime.version" value="1.8.0_402-8u402-ga-2ubuntu1~22.04-b06"/>
    <property name="java.net.preferIPv4Stack" value="true"/>
    <property name="user.name" value="alex"/>
    <property name="path.separator" value=":"/>
    <property name="os.version" value="6.5.0-28-generic"/>
    <property name="java.endorsed.dirs" value="/usr/lib/jvm/java-8-openjdk-amd64/jre/lib/endorsed"/>
    <property name="java.runtime.name" value="OpenJDK Runtime Environment"/>
    <property name="file.encoding" value="UTF-8"/>
    <property name="sun.nio.ch.bugLevel" value=""/>
    <property name="java.vm.name" value="OpenJDK 64-Bit Server VM"/>
    <property name="localRepository" value="/home/alex/.m2/repository"/>
    <property name="java.vendor.url.bug" value="http://bugreport.sun.com/bugreport/"/>
    <property name="java.io.tmpdir" value="/tmp"/>
    <property name="java.version" value="1.8.0_402"/>
    <property name="user.dir" value="/home/alex/Repositories/nifi/nifi-nar-bundles/nifi-standard-bundle/nifi-standard-processors"/>
    <property name="os.arch" value="amd64"/>
    <property name="java.vm.specification.name" value="Java Virtual Machine Specification"/>
    <property name="java.awt.printerjob" value="sun.print.PSPrinterJob"/>
    <property name="sun.os.patch.level" value="unknown"/>
    <property name="java.library.path" value="/usr/java/packages/lib/amd64:/usr/lib/x86_64-linux-gnu/jni:/lib/x86_64-linux-gnu:/usr/lib/x86_64-linux-gnu:/usr/lib/jni:/lib:/usr/lib"/>
    <property name="java.vm.info" value="mixed mode"/>
    <property name="java.vendor" value="Private Build"/>
    <property name="java.vm.version" value="25.402-b06"/>
    <property name="java.specification.maintenance.version" value="5"/>
    <property name="java.ext.dirs" value="/usr/lib/jvm/java-8-openjdk-amd64/jre/lib/ext:/usr/java/packages/lib/ext"/>
    <property name="sun.io.unicode.encoding" value="UnicodeLittle"/>
    <property name="java.class.version" value="52.0"/>
  </properties>
  <testcase name="testFileCountRate" classname="org.apache.nifi.processors.standard.TestControlRate" time="1.11">
    <system-err><![CDATA[[pool-139-thread-1] INFO org.apache.nifi.processors.standard.ControlRate - ControlRate[id=51bae8d6-8e4e-45e5-94f0-8ddf5b9eb03a] transferring FlowFile[0,91905105477352.mockFlowFile,11B] to 'success'
[pool-139-thread-1] INFO org.apache.nifi.processors.standard.ControlRate - ControlRate[id=51bae8d6-8e4e-45e5-94f0-8ddf5b9eb03a] transferring FlowFile[1,91905105545841.mockFlowFile,11B] to 'success'
[pool-139-thread-1] INFO org.apache.nifi.processors.standard.ControlRate - ControlRate[id=51bae8d6-8e4e-45e5-94f0-8ddf5b9eb03a] transferring FlowFile[2,91905105581617.mockFlowFile,11B] to 'success'
[pool-141-thread-1] INFO org.apache.nifi.processors.standard.ControlRate - ControlRate[id=51bae8d6-8e4e-45e5-94f0-8ddf5b9eb03a] transferring FlowFile[3,91905105605544.mockFlowFile,11B] to 'success'
]]></system-err>
  </testcase>
  <testcase name="testDataSizeRate" classname="org.apache.nifi.processors.standard.TestControlRate" time="1.104">
    <system-err><![CDATA[[pool-142-thread-1] INFO org.apache.nifi.processors.standard.ControlRate - ControlRate[id=2201cbfd-e930-4bbb-a9f8-227df9f361e6] transferring FlowFile[0,91906212837679.mockFlowFile,10B] to 'success'
[pool-142-thread-1] INFO org.apache.nifi.processors.standard.ControlRate - ControlRate[id=2201cbfd-e930-4bbb-a9f8-227df9f361e6] transferring FlowFile[1,91906212878568.mockFlowFile,10B] to 'success'
[pool-144-thread-1] INFO org.apache.nifi.processors.standard.ControlRate - ControlRate[id=2201cbfd-e930-4bbb-a9f8-227df9f361e6] transferring FlowFile[2,91906212913254.mockFlowFile,10B] to 'success'
[pool-144-thread-1] INFO org.apache.nifi.processors.standard.ControlRate - ControlRate[id=2201cbfd-e930-4bbb-a9f8-227df9f361e6] transferring FlowFile[3,91906213023978.mockFlowFile,10B] to 'success'
]]></system-err>
  </testcase>
  <testcase name="testBatchLimit" classname="org.apache.nifi.processors.standard.TestControlRate" time="0.078">
    <system-err><![CDATA[[pool-145-thread-1] INFO org.apache.nifi.processors.standard.ControlRate - ControlRate[id=cc240f80-1797-4429-a146-e82ec75ed5a9] transferring FlowFile[0,91907317543734.mockFlowFile,11B] to 'success'
[pool-145-thread-1] INFO org.apache.nifi.processors.standard.ControlRate - ControlRate[id=cc240f80-1797-4429-a146-e82ec75ed5a9] transferring FlowFile[1,91907317638628.mockFlowFile,11B] to 'success'
[pool-145-thread-1] INFO org.apache.nifi.processors.standard.ControlRate - ControlRate[id=cc240f80-1797-4429-a146-e82ec75ed5a9] transferring FlowFile[2,91907317691220.mockFlowFile,11B] to 'success'
[pool-145-thread-1] INFO org.apache.nifi.processors.standard.ControlRate - ControlRate[id=cc240f80-1797-4429-a146-e82ec75ed5a9] transferring FlowFile[3,91907317715123.mockFlowFile,11B] to 'success'
[pool-145-thread-1] INFO org.apache.nifi.processors.standard.ControlRate - ControlRate[id=cc240f80-1797-4429-a146-e82ec75ed5a9] transferring FlowFile[4,91907317749182.mockFlowFile,11B] to 'success'
[pool-145-thread-1] INFO org.apache.nifi.processors.standard.ControlRate - ControlRate[id=cc240f80-1797-4429-a146-e82ec75ed5a9] transferring FlowFile[5,91907317774943.mockFlowFile,11B] to 'success'
[pool-145-thread-1] INFO org.apache.nifi.processors.standard.ControlRate - ControlRate[id=cc240f80-1797-4429-a146-e82ec75ed5a9] transferring FlowFile[6,91907317814489.mockFlowFile,11B] to 'success'
[pool-145-thread-1] INFO org.apache.nifi.processors.standard.ControlRate - ControlRate[id=cc240f80-1797-4429-a146-e82ec75ed5a9] transferring FlowFile[7,91907317854810.mockFlowFile,11B] to 'success'
[pool-145-thread-1] INFO org.apache.nifi.processors.standard.ControlRate - ControlRate[id=cc240f80-1797-4429-a146-e82ec75ed5a9] transferring FlowFile[8,91907317875573.mockFlowFile,11B] to 'success'
[pool-145-thread-1] INFO org.apache.nifi.processors.standard.ControlRate - ControlRate[id=cc240f80-1797-4429-a146-e82ec75ed5a9] transferring FlowFile[9,91907317895148.mockFlowFile,11B] to 'success'
[pool-145-thread-1] INFO org.apache.nifi.processors.standard.ControlRate - ControlRate[id=cc240f80-1797-4429-a146-e82ec75ed5a9] transferring FlowFile[10,91907317913799.mockFlowFile,12B] to 'success'
[pool-145-thread-1] INFO org.apache.nifi.processors.standard.ControlRate - ControlRate[id=cc240f80-1797-4429-a146-e82ec75ed5a9] transferring FlowFile[11,91907317933820.mockFlowFile,12B] to 'success'
[pool-145-thread-1] INFO org.apache.nifi.processors.standard.ControlRate - ControlRate[id=cc240f80-1797-4429-a146-e82ec75ed5a9] transferring FlowFile[12,91907317983020.mockFlowFile,12B] to 'success'
[pool-145-thread-1] INFO org.apache.nifi.processors.standard.ControlRate - ControlRate[id=cc240f80-1797-4429-a146-e82ec75ed5a9] transferring FlowFile[13,91907318003684.mockFlowFile,12B] to 'success'
[pool-145-thread-1] INFO org.apache.nifi.processors.standard.ControlRate - ControlRate[id=cc240f80-1797-4429-a146-e82ec75ed5a9] transferring FlowFile[14,91907318035902.mockFlowFile,12B] to 'success'
[pool-145-thread-1] INFO org.apache.nifi.processors.standard.ControlRate - ControlRate[id=cc240f80-1797-4429-a146-e82ec75ed5a9] transferring FlowFile[15,91907318059140.mockFlowFile,12B] to 'success'
[pool-145-thread-1] INFO org.apache.nifi.processors.standard.ControlRate - ControlRate[id=cc240f80-1797-4429-a146-e82ec75ed5a9] transferring FlowFile[16,91907318104476.mockFlowFile,12B] to 'success'
[pool-145-thread-1] INFO org.apache.nifi.processors.standard.ControlRate - ControlRate[id=cc240f80-1797-4429-a146-e82ec75ed5a9] transferring FlowFile[17,91907318124825.mockFlowFile,12B] to 'success'
[pool-145-thread-1] INFO org.apache.nifi.processors.standard.ControlRate - ControlRate[id=cc240f80-1797-4429-a146-e82ec75ed5a9] transferring FlowFile[18,91907318144915.mockFlowFile,12B] to 'success'
[pool-145-thread-1] INFO org.apache.nifi.processors.standard.ControlRate - ControlRate[id=cc240f80-1797-4429-a146-e82ec75ed5a9] transferring FlowFile[19,91907318164282.mockFlowFile,12B] to 'success'
[pool-145-thread-1] INFO org.apache.nifi.processors.standard.ControlRate - ControlRate[id=cc240f80-1797-4429-a146-e82ec75ed5a9] transferring FlowFile[20,91907318183531.mockFlowFile,12B] to 'success'
[pool-145-thread-1] INFO org.apache.nifi.processors.standard.ControlRate - ControlRate[id=cc240f80-1797-4429-a146-e82ec75ed5a9] transferring FlowFile[21,91907318215528.mockFlowFile,12B] to 'success'
[pool-145-thread-1] INFO org.apache.nifi.processors.standard.ControlRate - ControlRate[id=cc240f80-1797-4429-a146-e82ec75ed5a9] transferring FlowFile[22,91907318308780.mockFlowFile,12B] to 'success'
[pool-145-thread-1] INFO org.apache.nifi.processors.standard.ControlRate - ControlRate[id=cc240f80-1797-4429-a146-e82ec75ed5a9] transferring FlowFile[23,91907318339264.mockFlowFile,12B] to 'success'
[pool-145-thread-1] INFO org.apache.nifi.processors.standard.ControlRate - ControlRate[id=cc240f80-1797-4429-a146-e82ec75ed5a9] transferring FlowFile[24,91907318359757.mockFlowFile,12B] to 'success'
[pool-145-thread-1] INFO org.apache.nifi.processors.standard.ControlRate - ControlRate[id=cc240f80-1797-4429-a146-e82ec75ed5a9] transferring FlowFile[25,91907318379216.mockFlowFile,12B] to 'success'
[pool-145-thread-1] INFO org.apache.nifi.processors.standard.ControlRate - ControlRate[id=cc240f80-1797-4429-a146-e82ec75ed5a9] transferring FlowFile[26,91907318398457.mockFlowFile,12B] to 'success'
[pool-145-thread-1] INFO org.apache.nifi.processors.standard.ControlRate - ControlRate[id=cc240f80-1797-4429-a146-e82ec75ed5a9] transferring FlowFile[27,91907318417361.mockFlowFile,12B] to 'success'
[pool-145-thread-1] INFO org.apache.nifi.processors.standard.ControlRate - ControlRate[id=cc240f80-1797-4429-a146-e82ec75ed5a9] transferring FlowFile[28,91907318436330.mockFlowFile,12B] to 'success'
[pool-145-thread-1] INFO org.apache.nifi.processors.standard.ControlRate - ControlRate[id=cc240f80-1797-4429-a146-e82ec75ed5a9] transferring FlowFile[29,91907318462932.mockFlowFile,12B] to 'success'
[pool-145-thread-1] INFO org.apache.nifi.processors.standard.ControlRate - ControlRate[id=cc240f80-1797-4429-a146-e82ec75ed5a9] transferring FlowFile[30,91907318484523.mockFlowFile,12B] to 'success'
[pool-145-thread-1] INFO org.apache.nifi.processors.standard.ControlRate - ControlRate[id=cc240f80-1797-4429-a146-e82ec75ed5a9] transferring FlowFile[31,91907318510111.mockFlowFile,12B] to 'success'
[pool-145-thread-1] INFO org.apache.nifi.processors.standard.ControlRate - ControlRate[id=cc240f80-1797-4429-a146-e82ec75ed5a9] transferring FlowFile[32,91907318528976.mockFlowFile,12B] to 'success'
[pool-145-thread-1] INFO org.apache.nifi.processors.standard.ControlRate - ControlRate[id=cc240f80-1797-4429-a146-e82ec75ed5a9] transferring FlowFile[33,91907318547968.mockFlowFile,12B] to 'success'
[pool-145-thread-1] INFO org.apache.nifi.processors.standard.ControlRate - ControlRate[id=cc240f80-1797-4429-a146-e82ec75ed5a9] transferring FlowFile[34,91907318567220.mockFlowFile,12B] to 'success'
[pool-145-thread-1] INFO org.apache.nifi.processors.standard.ControlRate - ControlRate[id=cc240f80-1797-4429-a146-e82ec75ed5a9] transferring FlowFile[35,91907318587525.mockFlowFile,12B] to 'success'
[pool-145-thread-1] INFO org.apache.nifi.processors.standard.ControlRate - ControlRate[id=cc240f80-1797-4429-a146-e82ec75ed5a9] transferring FlowFile[36,91907318605928.mockFlowFile,12B] to 'success'
[pool-145-thread-1] INFO org.apache.nifi.processors.standard.ControlRate - ControlRate[id=cc240f80-1797-4429-a146-e82ec75ed5a9] transferring FlowFile[37,91907318630160.mockFlowFile,12B] to 'success'
[pool-145-thread-1] INFO org.apache.nifi.processors.standard.ControlRate - ControlRate[id=cc240f80-1797-4429-a146-e82ec75ed5a9] transferring FlowFile[38,91907318648964.mockFlowFile,12B] to 'success'
[pool-145-thread-1] INFO org.apache.nifi.processors.standard.ControlRate - ControlRate[id=cc240f80-1797-4429-a146-e82ec75ed5a9] transferring FlowFile[39,91907318671827.mockFlowFile,12B] to 'success'
[pool-145-thread-1] INFO org.apache.nifi.processors.standard.ControlRate - ControlRate[id=cc240f80-1797-4429-a146-e82ec75ed5a9] transferring FlowFile[40,91907318689477.mockFlowFile,12B] to 'success'
[pool-145-thread-1] INFO org.apache.nifi.processors.standard.ControlRate - ControlRate[id=cc240f80-1797-4429-a146-e82ec75ed5a9] transferring FlowFile[41,91907318710733.mockFlowFile,12B] to 'success'
[pool-145-thread-1] INFO org.apache.nifi.processors.standard.ControlRate - ControlRate[id=cc240f80-1797-4429-a146-e82ec75ed5a9] transferring FlowFile[42,91907318728038.mockFlowFile,12B] to 'success'
[pool-145-thread-1] INFO org.apache.nifi.processors.standard.ControlRate - ControlRate[id=cc240f80-1797-4429-a146-e82ec75ed5a9] transferring FlowFile[43,91907318744940.mockFlowFile,12B] to 'success'
[pool-145-thread-1] INFO org.apache.nifi.processors.standard.ControlRate - ControlRate[id=cc240f80-1797-4429-a146-e82ec75ed5a9] transferring FlowFile[44,91907318761539.mockFlowFile,12B] to 'success'
[pool-145-thread-1] INFO org.apache.nifi.processors.standard.ControlRate - ControlRate[id=cc240f80-1797-4429-a146-e82ec75ed5a9] transferring FlowFile[45,91907318777390.mockFlowFile,12B] to 'success'
[pool-145-thread-1] INFO org.apache.nifi.processors.standard.ControlRate - ControlRate[id=cc240f80-1797-4429-a146-e82ec75ed5a9] transferring FlowFile[46,91907318794196.mockFlowFile,12B] to 'success'
[pool-145-thread-1] INFO org.apache.nifi.processors.standard.ControlRate - ControlRate[id=cc240f80-1797-4429-a146-e82ec75ed5a9] transferring FlowFile[47,91907318815166.mockFlowFile,12B] to 'success'
[pool-145-thread-1] INFO org.apache.nifi.processors.standard.ControlRate - ControlRate[id=cc240f80-1797-4429-a146-e82ec75ed5a9] transferring FlowFile[48,91907318832795.mockFlowFile,12B] to 'success'
[pool-145-thread-1] INFO org.apache.nifi.processors.standard.ControlRate - ControlRate[id=cc240f80-1797-4429-a146-e82ec75ed5a9] transferring FlowFile[49,91907318855095.mockFlowFile,12B] to 'success'
[pool-145-thread-1] INFO org.apache.nifi.processors.standard.ControlRate - ControlRate[id=cc240f80-1797-4429-a146-e82ec75ed5a9] transferring FlowFile[50,91907318872926.mockFlowFile,12B] to 'success'
[pool-145-thread-1] INFO org.apache.nifi.processors.standard.ControlRate - ControlRate[id=cc240f80-1797-4429-a146-e82ec75ed5a9] transferring FlowFile[51,91907318891320.mockFlowFile,12B] to 'success'
[pool-145-thread-1] INFO org.apache.nifi.processors.standard.ControlRate - ControlRate[id=cc240f80-1797-4429-a146-e82ec75ed5a9] transferring FlowFile[52,91907318907501.mockFlowFile,12B] to 'success'
[pool-145-thread-1] INFO org.apache.nifi.processors.standard.ControlRate - ControlRate[id=cc240f80-1797-4429-a146-e82ec75ed5a9] transferring FlowFile[53,91907318925049.mockFlowFile,12B] to 'success'
[pool-145-thread-1] INFO org.apache.nifi.processors.standard.ControlRate - ControlRate[id=cc240f80-1797-4429-a146-e82ec75ed5a9] transferring FlowFile[54,91907318941520.mockFlowFile,12B] to 'success'
[pool-145-thread-1] INFO org.apache.nifi.processors.standard.ControlRate - ControlRate[id=cc240f80-1797-4429-a146-e82ec75ed5a9] transferring FlowFile[55,91907318962225.mockFlowFile,12B] to 'success'
[pool-145-thread-1] INFO org.apache.nifi.processors.standard.ControlRate - ControlRate[id=cc240f80-1797-4429-a146-e82ec75ed5a9] transferring FlowFile[56,91907318979171.mockFlowFile,12B] to 'success'
[pool-145-thread-1] INFO org.apache.nifi.processors.standard.ControlRate - ControlRate[id=cc240f80-1797-4429-a146-e82ec75ed5a9] transferring FlowFile[57,91907318994492.mockFlowFile,12B] to 'success'
[pool-145-thread-1] INFO org.apache.nifi.processors.standard.ControlRate - ControlRate[id=cc240f80-1797-4429-a146-e82ec75ed5a9] transferring FlowFile[58,91907319010984.mockFlowFile,12B] to 'success'
[pool-145-thread-1] INFO org.apache.nifi.processors.standard.ControlRate - ControlRate[id=cc240f80-1797-4429-a146-e82ec75ed5a9] transferring FlowFile[59,91907319034335.mockFlowFile,12B] to 'success'
[pool-145-thread-1] INFO org.apache.nifi.processors.standard.ControlRate - ControlRate[id=cc240f80-1797-4429-a146-e82ec75ed5a9] transferring FlowFile[60,91907319050144.mockFlowFile,12B] to 'success'
[pool-145-thread-1] INFO org.apache.nifi.processors.standard.ControlRate - ControlRate[id=cc240f80-1797-4429-a146-e82ec75ed5a9] transferring FlowFile[61,91907319079557.mockFlowFile,12B] to 'success'
[pool-145-thread-1] INFO org.apache.nifi.processors.standard.ControlRate - ControlRate[id=cc240f80-1797-4429-a146-e82ec75ed5a9] transferring FlowFile[62,91907319095072.mockFlowFile,12B] to 'success'
[pool-145-thread-1] INFO org.apache.nifi.processors.standard.ControlRate - ControlRate[id=cc240f80-1797-4429-a146-e82ec75ed5a9] transferring FlowFile[63,91907319116122.mockFlowFile,12B] to 'success'
[pool-145-thread-1] INFO org.apache.nifi.processors.standard.ControlRate - ControlRate[id=cc240f80-1797-4429-a146-e82ec75ed5a9] transferring FlowFile[64,91907319132630.mockFlowFile,12B] to 'success'
[pool-145-thread-1] INFO org.apache.nifi.processors.standard.ControlRate - ControlRate[id=cc240f80-1797-4429-a146-e82ec75ed5a9] transferring FlowFile[65,91907319149385.mockFlowFile,12B] to 'success'
[pool-145-thread-1] INFO org.apache.nifi.processors.standard.ControlRate - ControlRate[id=cc240f80-1797-4429-a146-e82ec75ed5a9] transferring FlowFile[66,91907319176355.mockFlowFile,12B] to 'success'
[pool-145-thread-1] INFO org.apache.nifi.processors.standard.ControlRate - ControlRate[id=cc240f80-1797-4429-a146-e82ec75ed5a9] transferring FlowFile[67,91907319194576.mockFlowFile,12B] to 'success'
[pool-145-thread-1] INFO org.apache.nifi.processors.standard.ControlRate - ControlRate[id=cc240f80-1797-4429-a146-e82ec75ed5a9] transferring FlowFile[68,91907319210601.mockFlowFile,12B] to 'success'
[pool-145-thread-1] INFO org.apache.nifi.processors.standard.ControlRate - ControlRate[id=cc240f80-1797-4429-a146-e82ec75ed5a9] transferring FlowFile[69,91907319226408.mockFlowFile,12B] to 'success'
[pool-145-thread-1] INFO org.apache.nifi.processors.standard.ControlRate - ControlRate[id=cc240f80-1797-4429-a146-e82ec75ed5a9] transferring FlowFile[70,91907319241727.mockFlowFile,12B] to 'success'
[pool-145-thread-1] INFO org.apache.nifi.processors.standard.ControlRate - ControlRate[id=cc240f80-1797-4429-a146-e82ec75ed5a9] transferring FlowFile[71,91907319262384.mockFlowFile,12B] to 'success'
[pool-145-thread-1] INFO org.apache.nifi.processors.standard.ControlRate - ControlRate[id=cc240f80-1797-4429-a146-e82ec75ed5a9] transferring FlowFile[72,91907319283798.mockFlowFile,12B] to 'success'
[pool-145-thread-1] INFO org.apache.nifi.processors.standard.ControlRate - ControlRate[id=cc240f80-1797-4429-a146-e82ec75ed5a9] transferring FlowFile[73,91907319300166.mockFlowFile,12B] to 'success'
[pool-145-thread-1] INFO org.apache.nifi.processors.standard.ControlRate - ControlRate[id=cc240f80-1797-4429-a146-e82ec75ed5a9] transferring FlowFile[74,91907319358653.mockFlowFile,12B] to 'success'
[pool-145-thread-1] INFO org.apache.nifi.processors.standard.ControlRate - ControlRate[id=cc240f80-1797-4429-a146-e82ec75ed5a9] transferring FlowFile[75,91907319393129.mockFlowFile,12B] to 'success'
[pool-145-thread-1] INFO org.apache.nifi.processors.standard.ControlRate - ControlRate[id=cc240f80-1797-4429-a146-e82ec75ed5a9] transferring FlowFile[76,91907319429371.mockFlowFile,12B] to 'success'
[pool-145-thread-1] INFO org.apache.nifi.processors.standard.ControlRate - ControlRate[id=cc240f80-1797-4429-a146-e82ec75ed5a9] transferring FlowFile[77,91907319445633.mockFlowFile,12B] to 'success'
[pool-145-thread-1] INFO org.apache.nifi.processors.standard.ControlRate - ControlRate[id=cc240f80-1797-4429-a146-e82ec75ed5a9] transferring FlowFile[78,91907319475730.mockFlowFile,12B] to 'success'
[pool-145-thread-1] INFO org.apache.nifi.processors.standard.ControlRate - ControlRate[id=cc240f80-1797-4429-a146-e82ec75ed5a9] transferring FlowFile[79,91907319497414.mockFlowFile,12B] to 'success'
[pool-145-thread-1] INFO org.apache.nifi.processors.standard.ControlRate - ControlRate[id=cc240f80-1797-4429-a146-e82ec75ed5a9] transferring FlowFile[80,91907319514198.mockFlowFile,12B] to 'success'
[pool-145-thread-1] INFO org.apache.nifi.processors.standard.ControlRate - ControlRate[id=cc240f80-1797-4429-a146-e82ec75ed5a9] transferring FlowFile[81,91907319531422.mockFlowFile,12B] to 'success'
[pool-145-thread-1] INFO org.apache.nifi.processors.standard.ControlRate - ControlRate[id=cc240f80-1797-4429-a146-e82ec75ed5a9] transferring FlowFile[82,91907319547817.mockFlowFile,12B] to 'success'
[pool-145-thread-1] INFO org.apache.nifi.processors.standard.ControlRate - ControlRate[id=cc240f80-1797-4429-a146-e82ec75ed5a9] transferring FlowFile[83,91907319565832.mockFlowFile,12B] to 'success'
[pool-145-thread-1] INFO org.apache.nifi.processors.standard.ControlRate - ControlRate[id=cc240f80-1797-4429-a146-e82ec75ed5a9] transferring FlowFile[84,91907319584384.mockFlowFile,12B] to 'success'
[pool-145-thread-1] INFO org.apache.nifi.processors.standard.ControlRate - ControlRate[id=cc240f80-1797-4429-a146-e82ec75ed5a9] transferring FlowFile[85,91907319605607.mockFlowFile,12B] to 'success'
[pool-145-thread-1] INFO org.apache.nifi.processors.standard.ControlRate - ControlRate[id=cc240f80-1797-4429-a146-e82ec75ed5a9] transferring FlowFile[86,91907319641147.mockFlowFile,12B] to 'success'
[pool-145-thread-1] INFO org.apache.nifi.processors.standard.ControlRate - ControlRate[id=cc240f80-1797-4429-a146-e82ec75ed5a9] transferring FlowFile[87,91907319663011.mockFlowFile,12B] to 'success'
[pool-145-thread-1] INFO org.apache.nifi.processors.standard.ControlRate - ControlRate[id=cc240f80-1797-4429-a146-e82ec75ed5a9] transferring FlowFile[88,91907319693300.mockFlowFile,12B] to 'success'
[pool-145-thread-1] INFO org.apache.nifi.processors.standard.ControlRate - ControlRate[id=cc240f80-1797-4429-a146-e82ec75ed5a9] transferring FlowFile[89,91907319715127.mockFlowFile,12B] to 'success'
[pool-145-thread-1] INFO org.apache.nifi.processors.standard.ControlRate - ControlRate[id=cc240f80-1797-4429-a146-e82ec75ed5a9] transferring FlowFile[90,91907319751969.mockFlowFile,12B] to 'success'
[pool-145-thread-1] INFO org.apache.nifi.processors.standard.ControlRate - ControlRate[id=cc240f80-1797-4429-a146-e82ec75ed5a9] transferring FlowFile[91,91907319773507.mockFlowFile,12B] to 'success'
[pool-145-thread-1] INFO org.apache.nifi.processors.standard.ControlRate - ControlRate[id=cc240f80-1797-4429-a146-e82ec75ed5a9] transferring FlowFile[92,91907319821176.mockFlowFile,12B] to 'success'
[pool-145-thread-1] INFO org.apache.nifi.processors.standard.ControlRate - ControlRate[id=cc240f80-1797-4429-a146-e82ec75ed5a9] transferring FlowFile[93,91907319837989.mockFlowFile,12B] to 'success'
[pool-145-thread-1] INFO org.apache.nifi.processors.standard.ControlRate - ControlRate[id=cc240f80-1797-4429-a146-e82ec75ed5a9] transferring FlowFile[94,91907319855604.mockFlowFile,12B] to 'success'
[pool-145-thread-1] INFO org.apache.nifi.processors.standard.ControlRate - ControlRate[id=cc240f80-1797-4429-a146-e82ec75ed5a9] transferring FlowFile[95,91907319880178.mockFlowFile,12B] to 'success'
[pool-145-thread-1] INFO org.apache.nifi.processors.standard.ControlRate - ControlRate[id=cc240f80-1797-4429-a146-e82ec75ed5a9] transferring FlowFile[96,91907319899329.mockFlowFile,12B] to 'success'
[pool-145-thread-1] INFO org.apache.nifi.processors.standard.ControlRate - ControlRate[id=cc240f80-1797-4429-a146-e82ec75ed5a9] transferring FlowFile[97,91907319915927.mockFlowFile,12B] to 'success'
[pool-145-thread-1] INFO org.apache.nifi.processors.standard.ControlRate - ControlRate[id=cc240f80-1797-4429-a146-e82ec75ed5a9] transferring FlowFile[98,91907319933987.mockFlowFile,12B] to 'success'
[pool-145-thread-1] INFO org.apache.nifi.processors.standard.ControlRate - ControlRate[id=cc240f80-1797-4429-a146-e82ec75ed5a9] transferring FlowFile[99,91907319951929.mockFlowFile,12B] to 'success'
[pool-145-thread-1] INFO org.apache.nifi.processors.standard.ControlRate - ControlRate[id=cc240f80-1797-4429-a146-e82ec75ed5a9] transferring FlowFile[100,91907319968380.mockFlowFile,13B] to 'success'
[pool-145-thread-1] INFO org.apache.nifi.processors.standard.ControlRate - ControlRate[id=cc240f80-1797-4429-a146-e82ec75ed5a9] transferring FlowFile[101,91907319987840.mockFlowFile,13B] to 'success'
[pool-145-thread-1] INFO org.apache.nifi.processors.standard.ControlRate - ControlRate[id=cc240f80-1797-4429-a146-e82ec75ed5a9] transferring FlowFile[102,91907320018119.mockFlowFile,13B] to 'success'
[pool-145-thread-1] INFO org.apache.nifi.processors.standard.ControlRate - ControlRate[id=cc240f80-1797-4429-a146-e82ec75ed5a9] transferring FlowFile[103,91907320042260.mockFlowFile,13B] to 'success'
[pool-145-thread-1] INFO org.apache.nifi.processors.standard.ControlRate - ControlRate[id=cc240f80-1797-4429-a146-e82ec75ed5a9] transferring FlowFile[104,91907320060952.mockFlowFile,13B] to 'success'
[pool-145-thread-1] INFO org.apache.nifi.processors.standard.ControlRate - ControlRate[id=cc240f80-1797-4429-a146-e82ec75ed5a9] transferring FlowFile[105,91907320078068.mockFlowFile,13B] to 'success'
[pool-145-thread-1] INFO org.apache.nifi.processors.standard.ControlRate - ControlRate[id=cc240f80-1797-4429-a146-e82ec75ed5a9] transferring FlowFile[106,91907320147361.mockFlowFile,13B] to 'success'
[pool-145-thread-1] INFO org.apache.nifi.processors.standard.ControlRate - ControlRate[id=cc240f80-1797-4429-a146-e82ec75ed5a9] transferring FlowFile[107,91907320165552.mockFlowFile,13B] to 'success'
[pool-145-thread-1] INFO org.apache.nifi.processors.standard.ControlRate - ControlRate[id=cc240f80-1797-4429-a146-e82ec75ed5a9] transferring FlowFile[108,91907320183458.mockFlowFile,13B] to 'success'
[pool-145-thread-1] INFO org.apache.nifi.processors.standard.ControlRate - ControlRate[id=cc240f80-1797-4429-a146-e82ec75ed5a9] transferring FlowFile[109,91907320207664.mockFlowFile,13B] to 'success'
[pool-145-thread-1] INFO org.apache.nifi.processors.standard.ControlRate - ControlRate[id=cc240f80-1797-4429-a146-e82ec75ed5a9] transferring FlowFile[110,91907320223377.mockFlowFile,13B] to 'success'
[pool-145-thread-1] INFO org.apache.nifi.processors.standard.ControlRate - ControlRate[id=cc240f80-1797-4429-a146-e82ec75ed5a9] transferring FlowFile[111,91907320245489.mockFlowFile,13B] to 'success'
[pool-145-thread-1] INFO org.apache.nifi.processors.standard.ControlRate - ControlRate[id=cc240f80-1797-4429-a146-e82ec75ed5a9] transferring FlowFile[112,91907320262344.mockFlowFile,13B] to 'success'
[pool-145-thread-1] INFO org.apache.nifi.processors.standard.ControlRate - ControlRate[id=cc240f80-1797-4429-a146-e82ec75ed5a9] transferring FlowFile[113,91907320280701.mockFlowFile,13B] to 'success'
[pool-145-thread-1] INFO org.apache.nifi.processors.standard.ControlRate - ControlRate[id=cc240f80-1797-4429-a146-e82ec75ed5a9] transferring FlowFile[114,91907320297602.mockFlowFile,13B] to 'success'
[pool-145-thread-1] INFO org.apache.nifi.processors.standard.ControlRate - ControlRate[id=cc240f80-1797-4429-a146-e82ec75ed5a9] transferring FlowFile[115,91907320314105.mockFlowFile,13B] to 'success'
[pool-145-thread-1] INFO org.apache.nifi.processors.standard.ControlRate - ControlRate[id=cc240f80-1797-4429-a146-e82ec75ed5a9] transferring FlowFile[116,91907320330853.mockFlowFile,13B] to 'success'
[pool-145-thread-1] INFO org.apache.nifi.processors.standard.ControlRate - ControlRate[id=cc240f80-1797-4429-a146-e82ec75ed5a9] transferring FlowFile[117,91907320346663.mockFlowFile,13B] to 'success'
[pool-145-thread-1] INFO org.apache.nifi.processors.standard.ControlRate - ControlRate[id=cc240f80-1797-4429-a146-e82ec75ed5a9] transferring FlowFile[118,91907320363584.mockFlowFile,13B] to 'success'
[pool-145-thread-1] INFO org.apache.nifi.processors.standard.ControlRate - ControlRate[id=cc240f80-1797-4429-a146-e82ec75ed5a9] transferring FlowFile[119,91907320385041.mockFlowFile,13B] to 'success'
[pool-145-thread-1] INFO org.apache.nifi.processors.standard.ControlRate - ControlRate[id=cc240f80-1797-4429-a146-e82ec75ed5a9] transferring FlowFile[120,91907320401909.mockFlowFile,13B] to 'success'
[pool-145-thread-1] INFO org.apache.nifi.processors.standard.ControlRate - ControlRate[id=cc240f80-1797-4429-a146-e82ec75ed5a9] transferring FlowFile[121,91907320418262.mockFlowFile,13B] to 'success'
[pool-145-thread-1] INFO org.apache.nifi.processors.standard.ControlRate - ControlRate[id=cc240f80-1797-4429-a146-e82ec75ed5a9] transferring FlowFile[122,91907320434088.mockFlowFile,13B] to 'success'
[pool-145-thread-1] INFO org.apache.nifi.processors.standard.ControlRate - ControlRate[id=cc240f80-1797-4429-a146-e82ec75ed5a9] transferring FlowFile[123,91907320450665.mockFlowFile,13B] to 'success'
[pool-145-thread-1] INFO org.apache.nifi.processors.standard.ControlRate - ControlRate[id=cc240f80-1797-4429-a146-e82ec75ed5a9] transferring FlowFile[124,91907320466343.mockFlowFile,13B] to 'success'
[pool-145-thread-1] INFO org.apache.nifi.processors.standard.ControlRate - ControlRate[id=cc240f80-1797-4429-a146-e82ec75ed5a9] transferring FlowFile[125,91907320481186.mockFlowFile,13B] to 'success'
[pool-145-thread-1] INFO org.apache.nifi.processors.standard.ControlRate - ControlRate[id=cc240f80-1797-4429-a146-e82ec75ed5a9] transferring FlowFile[126,91907320496750.mockFlowFile,13B] to 'success'
[pool-145-thread-1] INFO org.apache.nifi.processors.standard.ControlRate - ControlRate[id=cc240f80-1797-4429-a146-e82ec75ed5a9] transferring FlowFile[127,91907320515981.mockFlowFile,13B] to 'success'
[pool-145-thread-1] INFO org.apache.nifi.processors.standard.ControlRate - ControlRate[id=cc240f80-1797-4429-a146-e82ec75ed5a9] transferring FlowFile[128,91907320532309.mockFlowFile,13B] to 'success'
[pool-145-thread-1] INFO org.apache.nifi.processors.standard.ControlRate - ControlRate[id=cc240f80-1797-4429-a146-e82ec75ed5a9] transferring FlowFile[129,91907320548602.mockFlowFile,13B] to 'success'
[pool-145-thread-1] INFO org.apache.nifi.processors.standard.ControlRate - ControlRate[id=cc240f80-1797-4429-a146-e82ec75ed5a9] transferring FlowFile[130,91907320563355.mockFlowFile,13B] to 'success'
[pool-145-thread-1] INFO org.apache.nifi.processors.standard.ControlRate - ControlRate[id=cc240f80-1797-4429-a146-e82ec75ed5a9] transferring FlowFile[131,91907320579463.mockFlowFile,13B] to 'success'
[pool-145-thread-1] INFO org.apache.nifi.processors.standard.ControlRate - ControlRate[id=cc240f80-1797-4429-a146-e82ec75ed5a9] transferring FlowFile[132,91907320594613.mockFlowFile,13B] to 'success'
[pool-145-thread-1] INFO org.apache.nifi.processors.standard.ControlRate - ControlRate[id=cc240f80-1797-4429-a146-e82ec75ed5a9] transferring FlowFile[133,91907320610560.mockFlowFile,13B] to 'success'
[pool-145-thread-1] INFO org.apache.nifi.processors.standard.ControlRate - ControlRate[id=cc240f80-1797-4429-a146-e82ec75ed5a9] transferring FlowFile[134,91907320626286.mockFlowFile,13B] to 'success'
[pool-145-thread-1] INFO org.apache.nifi.processors.standard.ControlRate - ControlRate[id=cc240f80-1797-4429-a146-e82ec75ed5a9] transferring FlowFile[135,91907320645669.mockFlowFile,13B] to 'success'
[pool-145-thread-1] INFO org.apache.nifi.processors.standard.ControlRate - ControlRate[id=cc240f80-1797-4429-a146-e82ec75ed5a9] transferring FlowFile[136,91907320662309.mockFlowFile,13B] to 'success'
[pool-145-thread-1] INFO org.apache.nifi.processors.standard.ControlRate - ControlRate[id=cc240f80-1797-4429-a146-e82ec75ed5a9] transferring FlowFile[137,91907320677183.mockFlowFile,13B] to 'success'
[pool-145-thread-1] INFO org.apache.nifi.processors.standard.ControlRate - ControlRate[id=cc240f80-1797-4429-a146-e82ec75ed5a9] transferring FlowFile[138,91907320693192.mockFlowFile,13B] to 'success'
[pool-145-thread-1] INFO org.apache.nifi.processors.standard.ControlRate - ControlRate[id=cc240f80-1797-4429-a146-e82ec75ed5a9] transferring FlowFile[139,91907320709898.mockFlowFile,13B] to 'success'
[pool-145-thread-1] INFO org.apache.nifi.processors.standard.ControlRate - ControlRate[id=cc240f80-1797-4429-a146-e82ec75ed5a9] transferring FlowFile[140,91907320724705.mockFlowFile,13B] to 'success'
[pool-145-thread-1] INFO org.apache.nifi.processors.standard.ControlRate - ControlRate[id=cc240f80-1797-4429-a146-e82ec75ed5a9] transferring FlowFile[141,91907320740037.mockFlowFile,13B] to 'success'
[pool-145-thread-1] INFO org.apache.nifi.processors.standard.ControlRate - ControlRate[id=cc240f80-1797-4429-a146-e82ec75ed5a9] transferring FlowFile[142,91907320755663.mockFlowFile,13B] to 'success'
[pool-145-thread-1] INFO org.apache.nifi.processors.standard.ControlRate - ControlRate[id=cc240f80-1797-4429-a146-e82ec75ed5a9] transferring FlowFile[143,91907320776436.mockFlowFile,13B] to 'success'
[pool-145-thread-1] INFO org.apache.nifi.processors.standard.ControlRate - ControlRate[id=cc240f80-1797-4429-a146-e82ec75ed5a9] transferring FlowFile[144,91907320793993.mockFlowFile,13B] to 'success'
[pool-145-thread-1] INFO org.apache.nifi.processors.standard.ControlRate - ControlRate[id=cc240f80-1797-4429-a146-e82ec75ed5a9] transferring FlowFile[145,91907320809729.mockFlowFile,13B] to 'success'
[pool-145-thread-1] INFO org.apache.nifi.processors.standard.ControlRate - ControlRate[id=cc240f80-1797-4429-a146-e82ec75ed5a9] transferring FlowFile[146,91907320825779.mockFlowFile,13B] to 'success'
[pool-145-thread-1] INFO org.apache.nifi.processors.standard.ControlRate - ControlRate[id=cc240f80-1797-4429-a146-e82ec75ed5a9] transferring FlowFile[147,91907320842048.mockFlowFile,13B] to 'success'
[pool-145-thread-1] INFO org.apache.nifi.processors.standard.ControlRate - ControlRate[id=cc240f80-1797-4429-a146-e82ec75ed5a9] transferring FlowFile[148,91907320858291.mockFlowFile,13B] to 'success'
[pool-145-thread-1] INFO org.apache.nifi.processors.standard.ControlRate - ControlRate[id=cc240f80-1797-4429-a146-e82ec75ed5a9] transferring FlowFile[149,91907320873544.mockFlowFile,13B] to 'success'
[pool-145-thread-1] INFO org.apache.nifi.processors.standard.ControlRate - ControlRate[id=cc240f80-1797-4429-a146-e82ec75ed5a9] transferring FlowFile[150,91907320891282.mockFlowFile,13B] to 'success'
[pool-145-thread-1] INFO org.apache.nifi.processors.standard.ControlRate - ControlRate[id=cc240f80-1797-4429-a146-e82ec75ed5a9] transferring FlowFile[151,91907320912420.mockFlowFile,13B] to 'success'
[pool-145-thread-1] INFO org.apache.nifi.processors.standard.ControlRate - ControlRate[id=cc240f80-1797-4429-a146-e82ec75ed5a9] transferring FlowFile[152,91907320929411.mockFlowFile,13B] to 'success'
[pool-145-thread-1] INFO org.apache.nifi.processors.standard.ControlRate - ControlRate[id=cc240f80-1797-4429-a146-e82ec75ed5a9] transferring FlowFile[153,91907320946120.mockFlowFile,13B] to 'success'
[pool-145-thread-1] INFO org.apache.nifi.processors.standard.ControlRate - ControlRate[id=cc240f80-1797-4429-a146-e82ec75ed5a9] transferring FlowFile[154,91907320962629.mockFlowFile,13B] to 'success'
[pool-145-thread-1] INFO org.apache.nifi.processors.standard.ControlRate - ControlRate[id=cc240f80-1797-4429-a146-e82ec75ed5a9] transferring FlowFile[155,91907320977703.mockFlowFile,13B] to 'success'
[pool-145-thread-1] INFO org.apache.nifi.processors.standard.ControlRate - ControlRate[id=cc240f80-1797-4429-a146-e82ec75ed5a9] transferring FlowFile[156,91907320993897.mockFlowFile,13B] to 'success'
[pool-145-thread-1] INFO org.apache.nifi.processors.standard.ControlRate - ControlRate[id=cc240f80-1797-4429-a146-e82ec75ed5a9] transferring FlowFile[157,91907321009512.mockFlowFile,13B] to 'success'
[pool-145-thread-1] INFO org.apache.nifi.processors.standard.ControlRate - ControlRate[id=cc240f80-1797-4429-a146-e82ec75ed5a9] transferring FlowFile[158,91907321077973.mockFlowFile,13B] to 'success'
[pool-145-thread-1] INFO org.apache.nifi.processors.standard.ControlRate - ControlRate[id=cc240f80-1797-4429-a146-e82ec75ed5a9] transferring FlowFile[159,91907321137042.mockFlowFile,13B] to 'success'
[pool-145-thread-1] INFO org.apache.nifi.processors.standard.ControlRate - ControlRate[id=cc240f80-1797-4429-a146-e82ec75ed5a9] transferring FlowFile[160,91907321158090.mockFlowFile,13B] to 'success'
[pool-145-thread-1] INFO org.apache.nifi.processors.standard.ControlRate - ControlRate[id=cc240f80-1797-4429-a146-e82ec75ed5a9] transferring FlowFile[161,91907321185453.mockFlowFile,13B] to 'success'
[pool-145-thread-1] INFO org.apache.nifi.processors.standard.ControlRate - ControlRate[id=cc240f80-1797-4429-a146-e82ec75ed5a9] transferring FlowFile[162,91907321202258.mockFlowFile,13B] to 'success'
[pool-145-thread-1] INFO org.apache.nifi.processors.standard.ControlRate - ControlRate[id=cc240f80-1797-4429-a146-e82ec75ed5a9] transferring FlowFile[163,91907321220144.mockFlowFile,13B] to 'success'
[pool-145-thread-1] INFO org.apache.nifi.processors.standard.ControlRate - ControlRate[id=cc240f80-1797-4429-a146-e82ec75ed5a9] transferring FlowFile[164,91907321237281.mockFlowFile,13B] to 'success'
[pool-145-thread-1] INFO org.apache.nifi.processors.standard.ControlRate - ControlRate[id=cc240f80-1797-4429-a146-e82ec75ed5a9] transferring FlowFile[165,91907321253202.mockFlowFile,13B] to 'success'
[pool-145-thread-1] INFO org.apache.nifi.processors.standard.ControlRate - ControlRate[id=cc240f80-1797-4429-a146-e82ec75ed5a9] transferring FlowFile[166,91907321269439.mockFlowFile,13B] to 'success'
[pool-145-thread-1] INFO org.apache.nifi.processors.standard.ControlRate - ControlRate[id=cc240f80-1797-4429-a146-e82ec75ed5a9] transferring FlowFile[167,91907321289530.mockFlowFile,13B] to 'success'
[pool-145-thread-1] INFO org.apache.nifi.processors.standard.ControlRate - ControlRate[id=cc240f80-1797-4429-a146-e82ec75ed5a9] transferring FlowFile[168,91907321306326.mockFlowFile,13B] to 'success'
[pool-145-thread-1] INFO org.apache.nifi.processors.standard.ControlRate - ControlRate[id=cc240f80-1797-4429-a146-e82ec75ed5a9] transferring FlowFile[169,91907321322165.mockFlowFile,13B] to 'success'
[pool-145-thread-1] INFO org.apache.nifi.processors.standard.ControlRate - ControlRate[id=cc240f80-1797-4429-a146-e82ec75ed5a9] transferring FlowFile[170,91907321337331.mockFlowFile,13B] to 'success'
[pool-145-thread-1] INFO org.apache.nifi.processors.standard.ControlRate - ControlRate[id=cc240f80-1797-4429-a146-e82ec75ed5a9] transferring FlowFile[171,91907321353148.mockFlowFile,13B] to 'success'
[pool-145-thread-1] INFO org.apache.nifi.processors.standard.ControlRate - ControlRate[id=cc240f80-1797-4429-a146-e82ec75ed5a9] transferring FlowFile[172,91907321377675.mockFlowFile,13B] to 'success'
[pool-145-thread-1] INFO org.apache.nifi.processors.standard.ControlRate - ControlRate[id=cc240f80-1797-4429-a146-e82ec75ed5a9] transferring FlowFile[173,91907321393205.mockFlowFile,13B] to 'success'
[pool-145-thread-1] INFO org.apache.nifi.processors.standard.ControlRate - ControlRate[id=cc240f80-1797-4429-a146-e82ec75ed5a9] transferring FlowFile[174,91907321408613.mockFlowFile,13B] to 'success'
[pool-145-thread-1] INFO org.apache.nifi.processors.standard.ControlRate - ControlRate[id=cc240f80-1797-4429-a146-e82ec75ed5a9] transferring FlowFile[175,91907321428679.mockFlowFile,13B] to 'success'
[pool-145-thread-1] INFO org.apache.nifi.processors.standard.ControlRate - ControlRate[id=cc240f80-1797-4429-a146-e82ec75ed5a9] transferring FlowFile[176,91907321452619.mockFlowFile,13B] to 'success'
[pool-145-thread-1] INFO org.apache.nifi.processors.standard.ControlRate - ControlRate[id=cc240f80-1797-4429-a146-e82ec75ed5a9] transferring FlowFile[177,91907321468345.mockFlowFile,13B] to 'success'
[pool-145-thread-1] INFO org.apache.nifi.processors.standard.ControlRate - ControlRate[id=cc240f80-1797-4429-a146-e82ec75ed5a9] transferring FlowFile[178,91907321486259.mockFlowFile,13B] to 'success'
[pool-145-thread-1] INFO org.apache.nifi.processors.standard.ControlRate - ControlRate[id=cc240f80-1797-4429-a146-e82ec75ed5a9] transferring FlowFile[179,91907321503375.mockFlowFile,13B] to 'success'
[pool-145-thread-1] INFO org.apache.nifi.processors.standard.ControlRate - ControlRate[id=cc240f80-1797-4429-a146-e82ec75ed5a9] transferring FlowFile[180,91907321519407.mockFlowFile,13B] to 'success'
[pool-145-thread-1] INFO org.apache.nifi.processors.standard.ControlRate - ControlRate[id=cc240f80-1797-4429-a146-e82ec75ed5a9] transferring FlowFile[181,91907321535100.mockFlowFile,13B] to 'success'
[pool-145-thread-1] INFO org.apache.nifi.processors.standard.ControlRate - ControlRate[id=cc240f80-1797-4429-a146-e82ec75ed5a9] transferring FlowFile[182,91907321549592.mockFlowFile,13B] to 'success'
[pool-145-thread-1] INFO org.apache.nifi.processors.standard.ControlRate - ControlRate[id=cc240f80-1797-4429-a146-e82ec75ed5a9] transferring FlowFile[183,91907321569781.mockFlowFile,13B] to 'success'
[pool-145-thread-1] INFO org.apache.nifi.processors.standard.ControlRate - ControlRate[id=cc240f80-1797-4429-a146-e82ec75ed5a9] transferring FlowFile[184,91907321586652.mockFlowFile,13B] to 'success'
[pool-145-thread-1] INFO org.apache.nifi.processors.standard.ControlRate - ControlRate[id=cc240f80-1797-4429-a146-e82ec75ed5a9] transferring FlowFile[185,91907321602120.mockFlowFile,13B] to 'success'
[pool-145-thread-1] INFO org.apache.nifi.processors.standard.ControlRate - ControlRate[id=cc240f80-1797-4429-a146-e82ec75ed5a9] transferring FlowFile[186,91907321617776.mockFlowFile,13B] to 'success'
[pool-145-thread-1] INFO org.apache.nifi.processors.standard.ControlRate - ControlRate[id=cc240f80-1797-4429-a146-e82ec75ed5a9] transferring FlowFile[187,91907321632205.mockFlowFile,13B] to 'success'
[pool-145-thread-1] INFO org.apache.nifi.processors.standard.ControlRate - ControlRate[id=cc240f80-1797-4429-a146-e82ec75ed5a9] transferring FlowFile[188,91907321648322.mockFlowFile,13B] to 'success'
[pool-145-thread-1] INFO org.apache.nifi.processors.standard.ControlRate - ControlRate[id=cc240f80-1797-4429-a146-e82ec75ed5a9] transferring FlowFile[189,91907321664391.mockFlowFile,13B] to 'success'
[pool-145-thread-1] INFO org.apache.nifi.processors.standard.ControlRate - ControlRate[id=cc240f80-1797-4429-a146-e82ec75ed5a9] transferring FlowFile[190,91907321680561.mockFlowFile,13B] to 'success'
[pool-145-thread-1] INFO org.apache.nifi.processors.standard.ControlRate - ControlRate[id=cc240f80-1797-4429-a146-e82ec75ed5a9] transferring FlowFile[191,91907321701255.mockFlowFile,13B] to 'success'
[pool-145-thread-1] INFO org.apache.nifi.processors.standard.ControlRate - ControlRate[id=cc240f80-1797-4429-a146-e82ec75ed5a9] transferring FlowFile[192,91907321716225.mockFlowFile,13B] to 'success'
[pool-145-thread-1] INFO org.apache.nifi.processors.standard.ControlRate - ControlRate[id=cc240f80-1797-4429-a146-e82ec75ed5a9] transferring FlowFile[193,91907321732758.mockFlowFile,13B] to 'success'
[pool-145-thread-1] INFO org.apache.nifi.processors.standard.ControlRate - ControlRate[id=cc240f80-1797-4429-a146-e82ec75ed5a9] transferring FlowFile[194,91907321754846.mockFlowFile,13B] to 'success'
[pool-145-thread-1] INFO org.apache.nifi.processors.standard.ControlRate - ControlRate[id=cc240f80-1797-4429-a146-e82ec75ed5a9] transferring FlowFile[195,91907321772344.mockFlowFile,13B] to 'success'
[pool-145-thread-1] INFO org.apache.nifi.processors.standard.ControlRate - ControlRate[id=cc240f80-1797-4429-a146-e82ec75ed5a9] transferring FlowFile[196,91907321790865.mockFlowFile,13B] to 'success'
[pool-145-thread-1] INFO org.apache.nifi.processors.standard.ControlRate - ControlRate[id=cc240f80-1797-4429-a146-e82ec75ed5a9] transferring FlowFile[197,91907321806833.mockFlowFile,13B] to 'success'
[pool-145-thread-1] INFO org.apache.nifi.processors.standard.ControlRate - ControlRate[id=cc240f80-1797-4429-a146-e82ec75ed5a9] transferring FlowFile[198,91907321860684.mockFlowFile,13B] to 'success'
[pool-145-thread-1] INFO org.apache.nifi.processors.standard.ControlRate - ControlRate[id=cc240f80-1797-4429-a146-e82ec75ed5a9] transferring FlowFile[199,91907321883529.mockFlowFile,13B] to 'success'
[pool-145-thread-1] INFO org.apache.nifi.processors.standard.ControlRate - ControlRate[id=cc240f80-1797-4429-a146-e82ec75ed5a9] transferring FlowFile[200,91907321899646.mockFlowFile,13B] to 'success'
[pool-145-thread-1] INFO org.apache.nifi.processors.standard.ControlRate - ControlRate[id=cc240f80-1797-4429-a146-e82ec75ed5a9] transferring FlowFile[201,91907321915435.mockFlowFile,13B] to 'success'
[pool-145-thread-1] INFO org.apache.nifi.processors.standard.ControlRate - ControlRate[id=cc240f80-1797-4429-a146-e82ec75ed5a9] transferring FlowFile[202,91907321930110.mockFlowFile,13B] to 'success'
[pool-145-thread-1] INFO org.apache.nifi.processors.standard.ControlRate - ControlRate[id=cc240f80-1797-4429-a146-e82ec75ed5a9] transferring FlowFile[203,91907321945227.mockFlowFile,13B] to 'success'
[pool-145-thread-1] INFO org.apache.nifi.processors.standard.ControlRate - ControlRate[id=cc240f80-1797-4429-a146-e82ec75ed5a9] transferring FlowFile[204,91907321967895.mockFlowFile,13B] to 'success'
[pool-145-thread-1] INFO org.apache.nifi.processors.standard.ControlRate - ControlRate[id=cc240f80-1797-4429-a146-e82ec75ed5a9] transferring FlowFile[205,91907321983086.mockFlowFile,13B] to 'success'
[pool-145-thread-1] INFO org.apache.nifi.processors.standard.ControlRate - ControlRate[id=cc240f80-1797-4429-a146-e82ec75ed5a9] transferring FlowFile[206,91907321998594.mockFlowFile,13B] to 'success'
[pool-145-thread-1] INFO org.apache.nifi.processors.standard.ControlRate - ControlRate[id=cc240f80-1797-4429-a146-e82ec75ed5a9] transferring FlowFile[207,91907322018193.mockFlowFile,13B] to 'success'
[pool-145-thread-1] INFO org.apache.nifi.processors.standard.ControlRate - ControlRate[id=cc240f80-1797-4429-a146-e82ec75ed5a9] transferring FlowFile[208,91907322033804.mockFlowFile,13B] to 'success'
[pool-145-thread-1] INFO org.apache.nifi.processors.standard.ControlRate - ControlRate[id=cc240f80-1797-4429-a146-e82ec75ed5a9] transferring FlowFile[209,91907322053562.mockFlowFile,13B] to 'success'
[pool-145-thread-1] INFO org.apache.nifi.processors.standard.ControlRate - ControlRate[id=cc240f80-1797-4429-a146-e82ec75ed5a9] transferring FlowFile[210,91907322069483.mockFlowFile,13B] to 'success'
[pool-145-thread-1] INFO org.apache.nifi.processors.standard.ControlRate - ControlRate[id=cc240f80-1797-4429-a146-e82ec75ed5a9] transferring FlowFile[211,91907322085468.mockFlowFile,13B] to 'success'
[pool-145-thread-1] INFO org.apache.nifi.processors.standard.ControlRate - ControlRate[id=cc240f80-1797-4429-a146-e82ec75ed5a9] transferring FlowFile[212,91907322099957.mockFlowFile,13B] to 'success'
[pool-145-thread-1] INFO org.apache.nifi.processors.standard.ControlRate - ControlRate[id=cc240f80-1797-4429-a146-e82ec75ed5a9] transferring FlowFile[213,91907322114970.mockFlowFile,13B] to 'success'
[pool-145-thread-1] INFO org.apache.nifi.processors.standard.ControlRate - ControlRate[id=cc240f80-1797-4429-a146-e82ec75ed5a9] transferring FlowFile[214,91907322129468.mockFlowFile,13B] to 'success'
[pool-145-thread-1] INFO org.apache.nifi.processors.standard.ControlRate - ControlRate[id=cc240f80-1797-4429-a146-e82ec75ed5a9] transferring FlowFile[215,91907322148358.mockFlowFile,13B] to 'success'
[pool-145-thread-1] INFO org.apache.nifi.processors.standard.ControlRate - ControlRate[id=cc240f80-1797-4429-a146-e82ec75ed5a9] transferring FlowFile[216,91907322165185.mockFlowFile,13B] to 'success'
[pool-145-thread-1] INFO org.apache.nifi.processors.standard.ControlRate - ControlRate[id=cc240f80-1797-4429-a146-e82ec75ed5a9] transferring FlowFile[217,91907322180147.mockFlowFile,13B] to 'success'
[pool-145-thread-1] INFO org.apache.nifi.processors.standard.ControlRate - ControlRate[id=cc240f80-1797-4429-a146-e82ec75ed5a9] transferring FlowFile[218,91907322198024.mockFlowFile,13B] to 'success'
[pool-145-thread-1] INFO org.apache.nifi.processors.standard.ControlRate - ControlRate[id=cc240f80-1797-4429-a146-e82ec75ed5a9] transferring FlowFile[219,91907322213524.mockFlowFile,13B] to 'success'
[pool-145-thread-1] INFO org.apache.nifi.processors.standard.ControlRate - ControlRate[id=cc240f80-1797-4429-a146-e82ec75ed5a9] transferring FlowFile[220,91907322227981.mockFlowFile,13B] to 'success'
[pool-145-thread-1] INFO org.apache.nifi.processors.standard.ControlRate - ControlRate[id=cc240f80-1797-4429-a146-e82ec75ed5a9] transferring FlowFile[221,91907322242696.mockFlowFile,13B] to 'success'
[pool-145-thread-1] INFO org.apache.nifi.processors.standard.ControlRate - ControlRate[id=cc240f80-1797-4429-a146-e82ec75ed5a9] transferring FlowFile[222,91907322257086.mockFlowFile,13B] to 'success'
[pool-145-thread-1] INFO org.apache.nifi.processors.standard.ControlRate - ControlRate[id=cc240f80-1797-4429-a146-e82ec75ed5a9] transferring FlowFile[223,91907322280452.mockFlowFile,13B] to 'success'
[pool-145-thread-1] INFO org.apache.nifi.processors.standard.ControlRate - ControlRate[id=cc240f80-1797-4429-a146-e82ec75ed5a9] transferring FlowFile[224,91907322297506.mockFlowFile,13B] to 'success'
[pool-145-thread-1] INFO org.apache.nifi.processors.standard.ControlRate - ControlRate[id=cc240f80-1797-4429-a146-e82ec75ed5a9] transferring FlowFile[225,91907322311676.mockFlowFile,13B] to 'success'
[pool-145-thread-1] INFO org.apache.nifi.processors.standard.ControlRate - ControlRate[id=cc240f80-1797-4429-a146-e82ec75ed5a9] transferring FlowFile[226,91907322327793.mockFlowFile,13B] to 'success'
[pool-145-thread-1] INFO org.apache.nifi.processors.standard.ControlRate - ControlRate[id=cc240f80-1797-4429-a146-e82ec75ed5a9] transferring FlowFile[227,91907322342055.mockFlowFile,13B] to 'success'
[pool-145-thread-1] INFO org.apache.nifi.processors.standard.ControlRate - ControlRate[id=cc240f80-1797-4429-a146-e82ec75ed5a9] transferring FlowFile[228,91907322358326.mockFlowFile,13B] to 'success'
[pool-145-thread-1] INFO org.apache.nifi.processors.standard.ControlRate - ControlRate[id=cc240f80-1797-4429-a146-e82ec75ed5a9] transferring FlowFile[229,91907322374783.mockFlowFile,13B] to 'success'
[pool-145-thread-1] INFO org.apache.nifi.processors.standard.ControlRate - ControlRate[id=cc240f80-1797-4429-a146-e82ec75ed5a9] transferring FlowFile[230,91907322391487.mockFlowFile,13B] to 'success'
[pool-145-thread-1] INFO org.apache.nifi.processors.standard.ControlRate - ControlRate[id=cc240f80-1797-4429-a146-e82ec75ed5a9] transferring FlowFile[231,91907322412615.mockFlowFile,13B] to 'success'
[pool-145-thread-1] INFO org.apache.nifi.processors.standard.ControlRate - ControlRate[id=cc240f80-1797-4429-a146-e82ec75ed5a9] transferring FlowFile[232,91907322427063.mockFlowFile,13B] to 'success'
[pool-145-thread-1] INFO org.apache.nifi.processors.standard.ControlRate - ControlRate[id=cc240f80-1797-4429-a146-e82ec75ed5a9] transferring FlowFile[233,91907322442212.mockFlowFile,13B] to 'success'
[pool-145-thread-1] INFO org.apache.nifi.processors.standard.ControlRate - ControlRate[id=cc240f80-1797-4429-a146-e82ec75ed5a9] transferring FlowFile[234,91907322457470.mockFlowFile,13B] to 'success'
[pool-145-thread-1] INFO org.apache.nifi.processors.standard.ControlRate - ControlRate[id=cc240f80-1797-4429-a146-e82ec75ed5a9] transferring FlowFile[235,91907322472840.mockFlowFile,13B] to 'success'
[pool-145-thread-1] INFO org.apache.nifi.processors.standard.ControlRate - ControlRate[id=cc240f80-1797-4429-a146-e82ec75ed5a9] transferring FlowFile[236,91907322488680.mockFlowFile,13B] to 'success'
[pool-145-thread-1] INFO org.apache.nifi.processors.standard.ControlRate - ControlRate[id=cc240f80-1797-4429-a146-e82ec75ed5a9] transferring FlowFile[237,91907322502749.mockFlowFile,13B] to 'success'
[pool-145-thread-1] INFO org.apache.nifi.processors.standard.ControlRate - ControlRate[id=cc240f80-1797-4429-a146-e82ec75ed5a9] transferring FlowFile[238,91907322517268.mockFlowFile,13B] to 'success'
[pool-145-thread-1] INFO org.apache.nifi.processors.standard.ControlRate - ControlRate[id=cc240f80-1797-4429-a146-e82ec75ed5a9] transferring FlowFile[239,91907322538071.mockFlowFile,13B] to 'success'
[pool-145-thread-1] INFO org.apache.nifi.processors.standard.ControlRate - ControlRate[id=cc240f80-1797-4429-a146-e82ec75ed5a9] transferring FlowFile[240,91907322552659.mockFlowFile,13B] to 'success'
[pool-145-thread-1] INFO org.apache.nifi.processors.standard.ControlRate - ControlRate[id=cc240f80-1797-4429-a146-e82ec75ed5a9] transferring FlowFile[241,91907322606777.mockFlowFile,13B] to 'success'
[pool-145-thread-1] INFO org.apache.nifi.processors.standard.ControlRate - ControlRate[id=cc240f80-1797-4429-a146-e82ec75ed5a9] transferring FlowFile[242,91907322622295.mockFlowFile,13B] to 'success'
[pool-145-thread-1] INFO org.apache.nifi.processors.standard.ControlRate - ControlRate[id=cc240f80-1797-4429-a146-e82ec75ed5a9] transferring FlowFile[243,91907322638139.mockFlowFile,13B] to 'success'
[pool-145-thread-1] INFO org.apache.nifi.processors.standard.ControlRate - ControlRate[id=cc240f80-1797-4429-a146-e82ec75ed5a9] transferring FlowFile[244,91907322654564.mockFlowFile,13B] to 'success'
[pool-145-thread-1] INFO org.apache.nifi.processors.standard.ControlRate - ControlRate[id=cc240f80-1797-4429-a146-e82ec75ed5a9] transferring FlowFile[245,91907322668884.mockFlowFile,13B] to 'success'
[pool-145-thread-1] INFO org.apache.nifi.processors.standard.ControlRate - ControlRate[id=cc240f80-1797-4429-a146-e82ec75ed5a9] transferring FlowFile[246,91907322702558.mockFlowFile,13B] to 'success'
[pool-145-thread-1] INFO org.apache.nifi.processors.standard.ControlRate - ControlRate[id=cc240f80-1797-4429-a146-e82ec75ed5a9] transferring FlowFile[247,91907322723125.mockFlowFile,13B] to 'success'
[pool-145-thread-1] INFO org.apache.nifi.processors.standard.ControlRate - ControlRate[id=cc240f80-1797-4429-a146-e82ec75ed5a9] transferring FlowFile[248,91907322739943.mockFlowFile,13B] to 'success'
[pool-145-thread-1] INFO org.apache.nifi.processors.standard.ControlRate - ControlRate[id=cc240f80-1797-4429-a146-e82ec75ed5a9] transferring FlowFile[249,91907322755332.mockFlowFile,13B] to 'success'
[pool-145-thread-1] INFO org.apache.nifi.processors.standard.ControlRate - ControlRate[id=cc240f80-1797-4429-a146-e82ec75ed5a9] transferring FlowFile[250,91907322769225.mockFlowFile,13B] to 'success'
[pool-145-thread-1] INFO org.apache.nifi.processors.standard.ControlRate - ControlRate[id=cc240f80-1797-4429-a146-e82ec75ed5a9] transferring FlowFile[251,91907322784635.mockFlowFile,13B] to 'success'
[pool-145-thread-1] INFO org.apache.nifi.processors.standard.ControlRate - ControlRate[id=cc240f80-1797-4429-a146-e82ec75ed5a9] transferring FlowFile[252,91907322798664.mockFlowFile,13B] to 'success'
[pool-145-thread-1] INFO org.apache.nifi.processors.standard.ControlRate - ControlRate[id=cc240f80-1797-4429-a146-e82ec75ed5a9] transferring FlowFile[253,91907322813553.mockFlowFile,13B] to 'success'
[pool-145-thread-1] INFO org.apache.nifi.processors.standard.ControlRate - ControlRate[id=cc240f80-1797-4429-a146-e82ec75ed5a9] transferring FlowFile[254,91907322829722.mockFlowFile,13B] to 'success'
[pool-145-thread-1] INFO org.apache.nifi.processors.standard.ControlRate - ControlRate[id=cc240f80-1797-4429-a146-e82ec75ed5a9] transferring FlowFile[255,91907322848461.mockFlowFile,13B] to 'success'
[pool-145-thread-1] INFO org.apache.nifi.processors.standard.ControlRate - ControlRate[id=cc240f80-1797-4429-a146-e82ec75ed5a9] transferring FlowFile[256,91907322864632.mockFlowFile,13B] to 'success'
[pool-145-thread-1] INFO org.apache.nifi.processors.standard.ControlRate - ControlRate[id=cc240f80-1797-4429-a146-e82ec75ed5a9] transferring FlowFile[257,91907322879190.mockFlowFile,13B] to 'success'
[pool-145-thread-1] INFO org.apache.nifi.processors.standard.ControlRate - ControlRate[id=cc240f80-1797-4429-a146-e82ec75ed5a9] transferring FlowFile[258,91907322899111.mockFlowFile,13B] to 'success'
[pool-145-thread-1] INFO org.apache.nifi.processors.standard.ControlRate - ControlRate[id=cc240f80-1797-4429-a146-e82ec75ed5a9] transferring FlowFile[259,91907322919137.mockFlowFile,13B] to 'success'
[pool-145-thread-1] INFO org.apache.nifi.processors.standard.ControlRate - ControlRate[id=cc240f80-1797-4429-a146-e82ec75ed5a9] transferring FlowFile[260,91907322937880.mockFlowFile,13B] to 'success'
[pool-145-thread-1] INFO org.apache.nifi.processors.standard.ControlRate - ControlRate[id=cc240f80-1797-4429-a146-e82ec75ed5a9] transferring FlowFile[261,91907322954598.mockFlowFile,13B] to 'success'
[pool-145-thread-1] INFO org.apache.nifi.processors.standard.ControlRate - ControlRate[id=cc240f80-1797-4429-a146-e82ec75ed5a9] transferring FlowFile[262,91907322968400.mockFlowFile,13B] to 'success'
[pool-145-thread-1] INFO org.apache.nifi.processors.standard.ControlRate - ControlRate[id=cc240f80-1797-4429-a146-e82ec75ed5a9] transferring FlowFile[263,91907322988572.mockFlowFile,13B] to 'success'
[pool-145-thread-1] INFO org.apache.nifi.processors.standard.ControlRate - ControlRate[id=cc240f80-1797-4429-a146-e82ec75ed5a9] transferring FlowFile[264,91907323003797.mockFlowFile,13B] to 'success'
[pool-145-thread-1] INFO org.apache.nifi.processors.standard.ControlRate - ControlRate[id=cc240f80-1797-4429-a146-e82ec75ed5a9] transferring FlowFile[265,91907323017611.mockFlowFile,13B] to 'success'
[pool-145-thread-1] INFO org.apache.nifi.processors.standard.ControlRate - ControlRate[id=cc240f80-1797-4429-a146-e82ec75ed5a9] transferring FlowFile[266,91907323032427.mockFlowFile,13B] to 'success'
[pool-145-thread-1] INFO org.apache.nifi.processors.standard.ControlRate - ControlRate[id=cc240f80-1797-4429-a146-e82ec75ed5a9] transferring FlowFile[267,91907323045919.mockFlowFile,13B] to 'success'
[pool-145-thread-1] INFO org.apache.nifi.processors.standard.ControlRate - ControlRate[id=cc240f80-1797-4429-a146-e82ec75ed5a9] transferring FlowFile[268,91907323060565.mockFlowFile,13B] to 'success'
[pool-145-thread-1] INFO org.apache.nifi.processors.standard.ControlRate - ControlRate[id=cc240f80-1797-4429-a146-e82ec75ed5a9] transferring FlowFile[269,91907323075260.mockFlowFile,13B] to 'success'
[pool-145-thread-1] INFO org.apache.nifi.processors.standard.ControlRate - ControlRate[id=cc240f80-1797-4429-a146-e82ec75ed5a9] transferring FlowFile[270,91907323089722.mockFlowFile,13B] to 'success'
[pool-145-thread-1] INFO org.apache.nifi.processors.standard.ControlRate - ControlRate[id=cc240f80-1797-4429-a146-e82ec75ed5a9] transferring FlowFile[271,91907323109382.mockFlowFile,13B] to 'success'
[pool-145-thread-1] INFO org.apache.nifi.processors.standard.ControlRate - ControlRate[id=cc240f80-1797-4429-a146-e82ec75ed5a9] transferring FlowFile[272,91907323123392.mockFlowFile,13B] to 'success'
[pool-145-thread-1] INFO org.apache.nifi.processors.standard.ControlRate - ControlRate[id=cc240f80-1797-4429-a146-e82ec75ed5a9] transferring FlowFile[273,91907323137950.mockFlowFile,13B] to 'success'
[pool-145-thread-1] INFO org.apache.nifi.processors.standard.ControlRate - ControlRate[id=cc240f80-1797-4429-a146-e82ec75ed5a9] transferring FlowFile[274,91907323153314.mockFlowFile,13B] to 'success'
[pool-145-thread-1] INFO org.apache.nifi.processors.standard.ControlRate - ControlRate[id=cc240f80-1797-4429-a146-e82ec75ed5a9] transferring FlowFile[275,91907323167818.mockFlowFile,13B] to 'success'
[pool-145-thread-1] INFO org.apache.nifi.processors.standard.ControlRate - ControlRate[id=cc240f80-1797-4429-a146-e82ec75ed5a9] transferring FlowFile[276,91907323190211.mockFlowFile,13B] to 'success'
[pool-145-thread-1] INFO org.apache.nifi.processors.standard.ControlRate - ControlRate[id=cc240f80-1797-4429-a146-e82ec75ed5a9] transferring FlowFile[277,91907323205834.mockFlowFile,13B] to 'success'
[pool-145-thread-1] INFO org.apache.nifi.processors.standard.ControlRate - ControlRate[id=cc240f80-1797-4429-a146-e82ec75ed5a9] transferring FlowFile[278,91907323223585.mockFlowFile,13B] to 'success'
[pool-145-thread-1] INFO org.apache.nifi.processors.standard.ControlRate - ControlRate[id=cc240f80-1797-4429-a146-e82ec75ed5a9] transferring FlowFile[279,91907323244442.mockFlowFile,13B] to 'success'
[pool-145-thread-1] INFO org.apache.nifi.processors.standard.ControlRate - ControlRate[id=cc240f80-1797-4429-a146-e82ec75ed5a9] transferring FlowFile[280,91907323259518.mockFlowFile,13B] to 'success'
[pool-145-thread-1] INFO org.apache.nifi.processors.standard.ControlRate - ControlRate[id=cc240f80-1797-4429-a146-e82ec75ed5a9] transferring FlowFile[281,91907323275942.mockFlowFile,13B] to 'success'
[pool-145-thread-1] INFO org.apache.nifi.processors.standard.ControlRate - ControlRate[id=cc240f80-1797-4429-a146-e82ec75ed5a9] transferring FlowFile[282,91907323290721.mockFlowFile,13B] to 'success'
[pool-145-thread-1] INFO org.apache.nifi.processors.standard.ControlRate - ControlRate[id=cc240f80-1797-4429-a146-e82ec75ed5a9] transferring FlowFile[283,91907323305696.mockFlowFile,13B] to 'success'
[pool-145-thread-1] INFO org.apache.nifi.processors.standard.ControlRate - ControlRate[id=cc240f80-1797-4429-a146-e82ec75ed5a9] transferring FlowFile[284,91907323320464.mockFlowFile,13B] to 'success'
[pool-145-thread-1] INFO org.apache.nifi.processors.standard.ControlRate - ControlRate[id=cc240f80-1797-4429-a146-e82ec75ed5a9] transferring FlowFile[285,91907323334540.mockFlowFile,13B] to 'success'
[pool-145-thread-1] INFO org.apache.nifi.processors.standard.ControlRate - ControlRate[id=cc240f80-1797-4429-a146-e82ec75ed5a9] transferring FlowFile[286,91907323366371.mockFlowFile,13B] to 'success'
[pool-145-thread-1] INFO org.apache.nifi.processors.standard.ControlRate - ControlRate[id=cc240f80-1797-4429-a146-e82ec75ed5a9] transferring FlowFile[287,91907323387835.mockFlowFile,13B] to 'success'
[pool-145-thread-1] INFO org.apache.nifi.processors.standard.ControlRate - ControlRate[id=cc240f80-1797-4429-a146-e82ec75ed5a9] transferring FlowFile[288,91907323404816.mockFlowFile,13B] to 'success'
[pool-145-thread-1] INFO org.apache.nifi.processors.standard.ControlRate - ControlRate[id=cc240f80-1797-4429-a146-e82ec75ed5a9] transferring FlowFile[289,91907323426956.mockFlowFile,13B] to 'success'
[pool-145-thread-1] INFO org.apache.nifi.processors.standard.ControlRate - ControlRate[id=cc240f80-1797-4429-a146-e82ec75ed5a9] transferring FlowFile[290,91907323442502.mockFlowFile,13B] to 'success'
[pool-145-thread-1] INFO org.apache.nifi.processors.standard.ControlRate - ControlRate[id=cc240f80-1797-4429-a146-e82ec75ed5a9] transferring FlowFile[291,91907323464896.mockFlowFile,13B] to 'success'
[pool-145-thread-1] INFO org.apache.nifi.processors.standard.ControlRate - ControlRate[id=cc240f80-1797-4429-a146-e82ec75ed5a9] transferring FlowFile[292,91907323479839.mockFlowFile,13B] to 'success'
[pool-145-thread-1] INFO org.apache.nifi.processors.standard.ControlRate - ControlRate[id=cc240f80-1797-4429-a146-e82ec75ed5a9] transferring FlowFile[293,91907323508682.mockFlowFile,13B] to 'success'
[pool-145-thread-1] INFO org.apache.nifi.processors.standard.ControlRate - ControlRate[id=cc240f80-1797-4429-a146-e82ec75ed5a9] transferring FlowFile[294,91907323528399.mockFlowFile,13B] to 'success'
[pool-145-thread-1] INFO org.apache.nifi.processors.standard.ControlRate - ControlRate[id=cc240f80-1797-4429-a146-e82ec75ed5a9] transferring FlowFile[295,91907323547407.mockFlowFile,13B] to 'success'
[pool-145-thread-1] INFO org.apache.nifi.processors.standard.ControlRate - ControlRate[id=cc240f80-1797-4429-a146-e82ec75ed5a9] transferring FlowFile[296,91907323564117.mockFlowFile,13B] to 'success'
[pool-145-thread-1] INFO org.apache.nifi.processors.standard.ControlRate - ControlRate[id=cc240f80-1797-4429-a146-e82ec75ed5a9] transferring FlowFile[297,91907323579036.mockFlowFile,13B] to 'success'
[pool-145-thread-1] INFO org.apache.nifi.processors.standard.ControlRate - ControlRate[id=cc240f80-1797-4429-a146-e82ec75ed5a9] transferring FlowFile[298,91907323594909.mockFlowFile,13B] to 'success'
[pool-145-thread-1] INFO org.apache.nifi.processors.standard.ControlRate - ControlRate[id=cc240f80-1797-4429-a146-e82ec75ed5a9] transferring FlowFile[299,91907323609534.mockFlowFile,13B] to 'success'
[pool-145-thread-1] INFO org.apache.nifi.processors.standard.ControlRate - ControlRate[id=cc240f80-1797-4429-a146-e82ec75ed5a9] transferring FlowFile[300,91907323623743.mockFlowFile,13B] to 'success'
[pool-145-thread-1] INFO org.apache.nifi.processors.standard.ControlRate - ControlRate[id=cc240f80-1797-4429-a146-e82ec75ed5a9] transferring FlowFile[301,91907323638542.mockFlowFile,13B] to 'success'
[pool-145-thread-1] INFO org.apache.nifi.processors.standard.ControlRate - ControlRate[id=cc240f80-1797-4429-a146-e82ec75ed5a9] transferring FlowFile[302,91907323652521.mockFlowFile,13B] to 'success'
[pool-145-thread-1] INFO org.apache.nifi.processors.standard.ControlRate - ControlRate[id=cc240f80-1797-4429-a146-e82ec75ed5a9] transferring FlowFile[303,91907323671817.mockFlowFile,13B] to 'success'
[pool-145-thread-1] INFO org.apache.nifi.processors.standard.ControlRate - ControlRate[id=cc240f80-1797-4429-a146-e82ec75ed5a9] transferring FlowFile[304,91907323687072.mockFlowFile,13B] to 'success'
[pool-145-thread-1] INFO org.apache.nifi.processors.standard.ControlRate - ControlRate[id=cc240f80-1797-4429-a146-e82ec75ed5a9] transferring FlowFile[305,91907323701581.mockFlowFile,13B] to 'success'
[pool-145-thread-1] INFO org.apache.nifi.processors.standard.ControlRate - ControlRate[id=cc240f80-1797-4429-a146-e82ec75ed5a9] transferring FlowFile[306,91907323759888.mockFlowFile,13B] to 'success'
[pool-145-thread-1] INFO org.apache.nifi.processors.standard.ControlRate - ControlRate[id=cc240f80-1797-4429-a146-e82ec75ed5a9] transferring FlowFile[307,91907323784233.mockFlowFile,13B] to 'success'
[pool-145-thread-1] INFO org.apache.nifi.processors.standard.ControlRate - ControlRate[id=cc240f80-1797-4429-a146-e82ec75ed5a9] transferring FlowFile[308,91907323800037.mockFlowFile,13B] to 'success'
[pool-145-thread-1] INFO org.apache.nifi.processors.standard.ControlRate - ControlRate[id=cc240f80-1797-4429-a146-e82ec75ed5a9] transferring FlowFile[309,91907323815180.mockFlowFile,13B] to 'success'
[pool-145-thread-1] INFO org.apache.nifi.processors.standard.ControlRate - ControlRate[id=cc240f80-1797-4429-a146-e82ec75ed5a9] transferring FlowFile[310,91907323829282.mockFlowFile,13B] to 'success'
[pool-145-thread-1] INFO org.apache.nifi.processors.standard.ControlRate - ControlRate[id=cc240f80-1797-4429-a146-e82ec75ed5a9] transferring FlowFile[311,91907323849974.mockFlowFile,13B] to 'success'
[pool-145-thread-1] INFO org.apache.nifi.processors.standard.ControlRate - ControlRate[id=cc240f80-1797-4429-a146-e82ec75ed5a9] transferring FlowFile[312,91907323864750.mockFlowFile,13B] to 'success'
[pool-145-thread-1] INFO org.apache.nifi.processors.standard.ControlRate - ControlRate[id=cc240f80-1797-4429-a146-e82ec75ed5a9] transferring FlowFile[313,91907323879992.mockFlowFile,13B] to 'success'
[pool-145-thread-1] INFO org.apache.nifi.processors.standard.ControlRate - ControlRate[id=cc240f80-1797-4429-a146-e82ec75ed5a9] transferring FlowFile[314,91907323896014.mockFlowFile,13B] to 'success'
[pool-145-thread-1] INFO org.apache.nifi.processors.standard.ControlRate - ControlRate[id=cc240f80-1797-4429-a146-e82ec75ed5a9] transferring FlowFile[315,91907323910747.mockFlowFile,13B] to 'success'
[pool-145-thread-1] INFO org.apache.nifi.processors.standard.ControlRate - ControlRate[id=cc240f80-1797-4429-a146-e82ec75ed5a9] transferring FlowFile[316,91907323925990.mockFlowFile,13B] to 'success'
[pool-145-thread-1] INFO org.apache.nifi.processors.standard.ControlRate - ControlRate[id=cc240f80-1797-4429-a146-e82ec75ed5a9] transferring FlowFile[317,91907323940725.mockFlowFile,13B] to 'success'
[pool-145-thread-1] INFO org.apache.nifi.processors.standard.ControlRate - ControlRate[id=cc240f80-1797-4429-a146-e82ec75ed5a9] transferring FlowFile[318,91907323978683.mockFlowFile,13B] to 'success'
[pool-145-thread-1] INFO org.apache.nifi.processors.standard.ControlRate - ControlRate[id=cc240f80-1797-4429-a146-e82ec75ed5a9] transferring FlowFile[319,91907323999057.mockFlowFile,13B] to 'success'
[pool-145-thread-1] INFO org.apache.nifi.processors.standard.ControlRate - ControlRate[id=cc240f80-1797-4429-a146-e82ec75ed5a9] transferring FlowFile[320,91907324027901.mockFlowFile,13B] to 'success'
[pool-145-thread-1] INFO org.apache.nifi.processors.standard.ControlRate - ControlRate[id=cc240f80-1797-4429-a146-e82ec75ed5a9] transferring FlowFile[321,91907324055759.mockFlowFile,13B] to 'success'
[pool-145-thread-1] INFO org.apache.nifi.processors.standard.ControlRate - ControlRate[id=cc240f80-1797-4429-a146-e82ec75ed5a9] transferring FlowFile[322,91907324072045.mockFlowFile,13B] to 'success'
[pool-145-thread-1] INFO org.apache.nifi.processors.standard.ControlRate - ControlRate[id=cc240f80-1797-4429-a146-e82ec75ed5a9] transferring FlowFile[323,91907324087771.mockFlowFile,13B] to 'success'
[pool-145-thread-1] INFO org.apache.nifi.processors.standard.ControlRate - ControlRate[id=cc240f80-1797-4429-a146-e82ec75ed5a9] transferring FlowFile[324,91907324102133.mockFlowFile,13B] to 'success'
[pool-145-thread-1] INFO org.apache.nifi.processors.standard.ControlRate - ControlRate[id=cc240f80-1797-4429-a146-e82ec75ed5a9] transferring FlowFile[325,91907324115855.mockFlowFile,13B] to 'success'
[pool-145-thread-1] INFO org.apache.nifi.processors.standard.ControlRate - ControlRate[id=cc240f80-1797-4429-a146-e82ec75ed5a9] transferring FlowFile[326,91907324130216.mockFlowFile,13B] to 'success'
[pool-145-thread-1] INFO org.apache.nifi.processors.standard.ControlRate - ControlRate[id=cc240f80-1797-4429-a146-e82ec75ed5a9] transferring FlowFile[327,91907324152074.mockFlowFile,13B] to 'success'
[pool-145-thread-1] INFO org.apache.nifi.processors.standard.ControlRate - ControlRate[id=cc240f80-1797-4429-a146-e82ec75ed5a9] transferring FlowFile[328,91907324167521.mockFlowFile,13B] to 'success'
[pool-145-thread-1] INFO org.apache.nifi.processors.standard.ControlRate - ControlRate[id=cc240f80-1797-4429-a146-e82ec75ed5a9] transferring FlowFile[329,91907324181703.mockFlowFile,13B] to 'success'
[pool-145-thread-1] INFO org.apache.nifi.processors.standard.ControlRate - ControlRate[id=cc240f80-1797-4429-a146-e82ec75ed5a9] transferring FlowFile[330,91907324195393.mockFlowFile,13B] to 'success'
[pool-145-thread-1] INFO org.apache.nifi.processors.standard.ControlRate - ControlRate[id=cc240f80-1797-4429-a146-e82ec75ed5a9] transferring FlowFile[331,91907324209815.mockFlowFile,13B] to 'success'
[pool-145-thread-1] INFO org.apache.nifi.processors.standard.ControlRate - ControlRate[id=cc240f80-1797-4429-a146-e82ec75ed5a9] transferring FlowFile[332,91907324225215.mockFlowFile,13B] to 'success'
[pool-145-thread-1] INFO org.apache.nifi.processors.standard.ControlRate - ControlRate[id=cc240f80-1797-4429-a146-e82ec75ed5a9] transferring FlowFile[333,91907324264307.mockFlowFile,13B] to 'success'
[pool-145-thread-1] INFO org.apache.nifi.processors.standard.ControlRate - ControlRate[id=cc240f80-1797-4429-a146-e82ec75ed5a9] transferring FlowFile[334,91907324288072.mockFlowFile,13B] to 'success'
[pool-145-thread-1] INFO org.apache.nifi.processors.standard.ControlRate - ControlRate[id=cc240f80-1797-4429-a146-e82ec75ed5a9] transferring FlowFile[335,91907324307329.mockFlowFile,13B] to 'success'
[pool-145-thread-1] INFO org.apache.nifi.processors.standard.ControlRate - ControlRate[id=cc240f80-1797-4429-a146-e82ec75ed5a9] transferring FlowFile[336,91907324322395.mockFlowFile,13B] to 'success'
[pool-145-thread-1] INFO org.apache.nifi.processors.standard.ControlRate - ControlRate[id=cc240f80-1797-4429-a146-e82ec75ed5a9] transferring FlowFile[337,91907324336706.mockFlowFile,13B] to 'success'
[pool-145-thread-1] INFO org.apache.nifi.processors.standard.ControlRate - ControlRate[id=cc240f80-1797-4429-a146-e82ec75ed5a9] transferring FlowFile[338,91907324351209.mockFlowFile,13B] to 'success'
[pool-145-thread-1] INFO org.apache.nifi.processors.standard.ControlRate - ControlRate[id=cc240f80-1797-4429-a146-e82ec75ed5a9] transferring FlowFile[339,91907324365260.mockFlowFile,13B] to 'success'
[pool-145-thread-1] INFO org.apache.nifi.processors.standard.ControlRate - ControlRate[id=cc240f80-1797-4429-a146-e82ec75ed5a9] transferring FlowFile[340,91907324378523.mockFlowFile,13B] to 'success'
[pool-145-thread-1] INFO org.apache.nifi.processors.standard.ControlRate - ControlRate[id=cc240f80-1797-4429-a146-e82ec75ed5a9] transferring FlowFile[341,91907324392391.mockFlowFile,13B] to 'success'
[pool-145-thread-1] INFO org.apache.nifi.processors.standard.ControlRate - ControlRate[id=cc240f80-1797-4429-a146-e82ec75ed5a9] transferring FlowFile[342,91907324433558.mockFlowFile,13B] to 'success'
[pool-145-thread-1] INFO org.apache.nifi.processors.standard.ControlRate - ControlRate[id=cc240f80-1797-4429-a146-e82ec75ed5a9] transferring FlowFile[343,91907324453713.mockFlowFile,13B] to 'success'
[pool-145-thread-1] INFO org.apache.nifi.processors.standard.ControlRate - ControlRate[id=cc240f80-1797-4429-a146-e82ec75ed5a9] transferring FlowFile[344,91907324469125.mockFlowFile,13B] to 'success'
[pool-145-thread-1] INFO org.apache.nifi.processors.standard.ControlRate - ControlRate[id=cc240f80-1797-4429-a146-e82ec75ed5a9] transferring FlowFile[345,91907324483370.mockFlowFile,13B] to 'success'
[pool-145-thread-1] INFO org.apache.nifi.processors.standard.ControlRate - ControlRate[id=cc240f80-1797-4429-a146-e82ec75ed5a9] transferring FlowFile[346,91907324499295.mockFlowFile,13B] to 'success'
[pool-145-thread-1] INFO org.apache.nifi.processors.standard.ControlRate - ControlRate[id=cc240f80-1797-4429-a146-e82ec75ed5a9] transferring FlowFile[347,91907324513502.mockFlowFile,13B] to 'success'
[pool-145-thread-1] INFO org.apache.nifi.processors.standard.ControlRate - ControlRate[id=cc240f80-1797-4429-a146-e82ec75ed5a9] transferring FlowFile[348,91907324528639.mockFlowFile,13B] to 'success'
[pool-145-thread-1] INFO org.apache.nifi.processors.standard.ControlRate - ControlRate[id=cc240f80-1797-4429-a146-e82ec75ed5a9] transferring FlowFile[349,91907324543705.mockFlowFile,13B] to 'success'
[pool-145-thread-1] INFO org.apache.nifi.processors.standard.ControlRate - ControlRate[id=cc240f80-1797-4429-a146-e82ec75ed5a9] transferring FlowFile[350,91907324557741.mockFlowFile,13B] to 'success'
[pool-145-thread-1] INFO org.apache.nifi.processors.standard.ControlRate - ControlRate[id=cc240f80-1797-4429-a146-e82ec75ed5a9] transferring FlowFile[351,91907324681335.mockFlowFile,13B] to 'success'
[pool-145-thread-1] INFO org.apache.nifi.processors.standard.ControlRate - ControlRate[id=cc240f80-1797-4429-a146-e82ec75ed5a9] transferring FlowFile[352,91907324736175.mockFlowFile,13B] to 'success'
[pool-145-thread-1] INFO org.apache.nifi.processors.standard.ControlRate - ControlRate[id=cc240f80-1797-4429-a146-e82ec75ed5a9] transferring FlowFile[353,91907324753163.mockFlowFile,13B] to 'success'
[pool-145-thread-1] INFO org.apache.nifi.processors.standard.ControlRate - ControlRate[id=cc240f80-1797-4429-a146-e82ec75ed5a9] transferring FlowFile[354,91907324771795.mockFlowFile,13B] to 'success'
[pool-145-thread-1] INFO org.apache.nifi.processors.standard.ControlRate - ControlRate[id=cc240f80-1797-4429-a146-e82ec75ed5a9] transferring FlowFile[355,91907324786544.mockFlowFile,13B] to 'success'
[pool-145-thread-1] INFO org.apache.nifi.processors.standard.ControlRate - ControlRate[id=cc240f80-1797-4429-a146-e82ec75ed5a9] transferring FlowFile[356,91907324801466.mockFlowFile,13B] to 'success'
[pool-145-thread-1] INFO org.apache.nifi.processors.standard.ControlRate - ControlRate[id=cc240f80-1797-4429-a146-e82ec75ed5a9] transferring FlowFile[357,91907324825314.mockFlowFile,13B] to 'success'
[pool-145-thread-1] INFO org.apache.nifi.processors.standard.ControlRate - ControlRate[id=cc240f80-1797-4429-a146-e82ec75ed5a9] transferring FlowFile[358,91907324843221.mockFlowFile,13B] to 'success'
[pool-145-thread-1] INFO org.apache.nifi.processors.standard.ControlRate - ControlRate[id=cc240f80-1797-4429-a146-e82ec75ed5a9] transferring FlowFile[359,91907324863949.mockFlowFile,13B] to 'success'
[pool-145-thread-1] INFO org.apache.nifi.processors.standard.ControlRate - ControlRate[id=cc240f80-1797-4429-a146-e82ec75ed5a9] transferring FlowFile[360,91907324878876.mockFlowFile,13B] to 'success'
[pool-145-thread-1] INFO org.apache.nifi.processors.standard.ControlRate - ControlRate[id=cc240f80-1797-4429-a146-e82ec75ed5a9] transferring FlowFile[361,91907324894091.mockFlowFile,13B] to 'success'
[pool-145-thread-1] INFO org.apache.nifi.processors.standard.ControlRate - ControlRate[id=cc240f80-1797-4429-a146-e82ec75ed5a9] transferring FlowFile[362,91907324908234.mockFlowFile,13B] to 'success'
[pool-145-thread-1] INFO org.apache.nifi.processors.standard.ControlRate - ControlRate[id=cc240f80-1797-4429-a146-e82ec75ed5a9] transferring FlowFile[363,91907324924168.mockFlowFile,13B] to 'success'
[pool-145-thread-1] INFO org.apache.nifi.processors.standard.ControlRate - ControlRate[id=cc240f80-1797-4429-a146-e82ec75ed5a9] transferring FlowFile[364,91907324939003.mockFlowFile,13B] to 'success'
[pool-145-thread-1] INFO org.apache.nifi.processors.standard.ControlRate - ControlRate[id=cc240f80-1797-4429-a146-e82ec75ed5a9] transferring FlowFile[365,91907324953253.mockFlowFile,13B] to 'success'
[pool-145-thread-1] INFO org.apache.nifi.processors.standard.ControlRate - ControlRate[id=cc240f80-1797-4429-a146-e82ec75ed5a9] transferring FlowFile[366,91907324968764.mockFlowFile,13B] to 'success'
[pool-145-thread-1] INFO org.apache.nifi.processors.standard.ControlRate - ControlRate[id=cc240f80-1797-4429-a146-e82ec75ed5a9] transferring FlowFile[367,91907324987923.mockFlowFile,13B] to 'success'
[pool-145-thread-1] INFO org.apache.nifi.processors.standard.ControlRate - ControlRate[id=cc240f80-1797-4429-a146-e82ec75ed5a9] transferring FlowFile[368,91907325002862.mockFlowFile,13B] to 'success'
[pool-145-thread-1] INFO org.apache.nifi.processors.standard.ControlRate - ControlRate[id=cc240f80-1797-4429-a146-e82ec75ed5a9] transferring FlowFile[369,91907325021213.mockFlowFile,13B] to 'success'
[pool-145-thread-1] INFO org.apache.nifi.processors.standard.ControlRate - ControlRate[id=cc240f80-1797-4429-a146-e82ec75ed5a9] transferring FlowFile[370,91907325035525.mockFlowFile,13B] to 'success'
[pool-145-thread-1] INFO org.apache.nifi.processors.standard.ControlRate - ControlRate[id=cc240f80-1797-4429-a146-e82ec75ed5a9] transferring FlowFile[371,91907325051741.mockFlowFile,13B] to 'success'
[pool-145-thread-1] INFO org.apache.nifi.processors.standard.ControlRate - ControlRate[id=cc240f80-1797-4429-a146-e82ec75ed5a9] transferring FlowFile[372,91907325065766.mockFlowFile,13B] to 'success'
[pool-145-thread-1] INFO org.apache.nifi.processors.standard.ControlRate - ControlRate[id=cc240f80-1797-4429-a146-e82ec75ed5a9] transferring FlowFile[373,91907325080367.mockFlowFile,13B] to 'success'
[pool-145-thread-1] INFO org.apache.nifi.processors.standard.ControlRate - ControlRate[id=cc240f80-1797-4429-a146-e82ec75ed5a9] transferring FlowFile[374,91907325094842.mockFlowFile,13B] to 'success'
[pool-145-thread-1] INFO org.apache.nifi.processors.standard.ControlRate - ControlRate[id=cc240f80-1797-4429-a146-e82ec75ed5a9] transferring FlowFile[375,91907325113675.mockFlowFile,13B] to 'success'
[pool-145-thread-1] INFO org.apache.nifi.processors.standard.ControlRate - ControlRate[id=cc240f80-1797-4429-a146-e82ec75ed5a9] transferring FlowFile[376,91907325129349.mockFlowFile,13B] to 'success'
[pool-145-thread-1] INFO org.apache.nifi.processors.standard.ControlRate - ControlRate[id=cc240f80-1797-4429-a146-e82ec75ed5a9] transferring FlowFile[377,91907325143032.mockFlowFile,13B] to 'success'
[pool-145-thread-1] INFO org.apache.nifi.processors.standard.ControlRate - ControlRate[id=cc240f80-1797-4429-a146-e82ec75ed5a9] transferring FlowFile[378,91907325186276.mockFlowFile,13B] to 'success'
[pool-145-thread-1] INFO org.apache.nifi.processors.standard.ControlRate - ControlRate[id=cc240f80-1797-4429-a146-e82ec75ed5a9] transferring FlowFile[379,91907325207171.mockFlowFile,13B] to 'success'
[pool-145-thread-1] INFO org.apache.nifi.processors.standard.ControlRate - ControlRate[id=cc240f80-1797-4429-a146-e82ec75ed5a9] transferring FlowFile[380,91907325221160.mockFlowFile,13B] to 'success'
[pool-145-thread-1] INFO org.apache.nifi.processors.standard.ControlRate - ControlRate[id=cc240f80-1797-4429-a146-e82ec75ed5a9] transferring FlowFile[381,91907325235715.mockFlowFile,13B] to 'success'
[pool-145-thread-1] INFO org.apache.nifi.processors.standard.ControlRate - ControlRate[id=cc240f80-1797-4429-a146-e82ec75ed5a9] transferring FlowFile[382,91907325249321.mockFlowFile,13B] to 'success'
[pool-145-thread-1] INFO org.apache.nifi.processors.standard.ControlRate - ControlRate[id=cc240f80-1797-4429-a146-e82ec75ed5a9] transferring FlowFile[383,91907325268682.mockFlowFile,13B] to 'success'
[pool-145-thread-1] INFO org.apache.nifi.processors.standard.ControlRate - ControlRate[id=cc240f80-1797-4429-a146-e82ec75ed5a9] transferring FlowFile[384,91907325283712.mockFlowFile,13B] to 'success'
[pool-145-thread-1] INFO org.apache.nifi.processors.standard.ControlRate - ControlRate[id=cc240f80-1797-4429-a146-e82ec75ed5a9] transferring FlowFile[385,91907325297726.mockFlowFile,13B] to 'success'
[pool-145-thread-1] INFO org.apache.nifi.processors.standard.ControlRate - ControlRate[id=cc240f80-1797-4429-a146-e82ec75ed5a9] transferring FlowFile[386,91907325312235.mockFlowFile,13B] to 'success'
[pool-145-thread-1] INFO org.apache.nifi.processors.standard.ControlRate - ControlRate[id=cc240f80-1797-4429-a146-e82ec75ed5a9] transferring FlowFile[387,91907325325447.mockFlowFile,13B] to 'success'
[pool-145-thread-1] INFO org.apache.nifi.processors.standard.ControlRate - ControlRate[id=cc240f80-1797-4429-a146-e82ec75ed5a9] transferring FlowFile[388,91907325339985.mockFlowFile,13B] to 'success'
[pool-145-thread-1] INFO org.apache.nifi.processors.standard.ControlRate - ControlRate[id=cc240f80-1797-4429-a146-e82ec75ed5a9] transferring FlowFile[389,91907325360716.mockFlowFile,13B] to 'success'
[pool-145-thread-1] INFO org.apache.nifi.processors.standard.ControlRate - ControlRate[id=cc240f80-1797-4429-a146-e82ec75ed5a9] transferring FlowFile[390,91907325375292.mockFlowFile,13B] to 'success'
[pool-145-thread-1] INFO org.apache.nifi.processors.standard.ControlRate - ControlRate[id=cc240f80-1797-4429-a146-e82ec75ed5a9] transferring FlowFile[391,91907325395437.mockFlowFile,13B] to 'success'
[pool-145-thread-1] INFO org.apache.nifi.processors.standard.ControlRate - ControlRate[id=cc240f80-1797-4429-a146-e82ec75ed5a9] transferring FlowFile[392,91907325409550.mockFlowFile,13B] to 'success'
[pool-145-thread-1] INFO org.apache.nifi.processors.standard.ControlRate - ControlRate[id=cc240f80-1797-4429-a146-e82ec75ed5a9] transferring FlowFile[393,91907325424048.mockFlowFile,13B] to 'success'
[pool-145-thread-1] INFO org.apache.nifi.processors.standard.ControlRate - ControlRate[id=cc240f80-1797-4429-a146-e82ec75ed5a9] transferring FlowFile[394,91907325438912.mockFlowFile,13B] to 'success'
[pool-145-thread-1] INFO org.apache.nifi.processors.standard.ControlRate - ControlRate[id=cc240f80-1797-4429-a146-e82ec75ed5a9] transferring FlowFile[395,91907325452936.mockFlowFile,13B] to 'success'
[pool-145-thread-1] INFO org.apache.nifi.processors.standard.ControlRate - ControlRate[id=cc240f80-1797-4429-a146-e82ec75ed5a9] transferring FlowFile[396,91907325467195.mockFlowFile,13B] to 'success'
[pool-145-thread-1] INFO org.apache.nifi.processors.standard.ControlRate - ControlRate[id=cc240f80-1797-4429-a146-e82ec75ed5a9] transferring FlowFile[397,91907325481248.mockFlowFile,13B] to 'success'
[pool-145-thread-1] INFO org.apache.nifi.processors.standard.ControlRate - ControlRate[id=cc240f80-1797-4429-a146-e82ec75ed5a9] transferring FlowFile[398,91907325497380.mockFlowFile,13B] to 'success'
[pool-145-thread-1] INFO org.apache.nifi.processors.standard.ControlRate - ControlRate[id=cc240f80-1797-4429-a146-e82ec75ed5a9] transferring FlowFile[399,91907325518327.mockFlowFile,13B] to 'success'
[pool-145-thread-1] INFO org.apache.nifi.processors.standard.ControlRate - ControlRate[id=cc240f80-1797-4429-a146-e82ec75ed5a9] transferring FlowFile[400,91907325532305.mockFlowFile,13B] to 'success'
[pool-145-thread-1] INFO org.apache.nifi.processors.standard.ControlRate - ControlRate[id=cc240f80-1797-4429-a146-e82ec75ed5a9] transferring FlowFile[401,91907325609184.mockFlowFile,13B] to 'success'
[pool-145-thread-1] INFO org.apache.nifi.processors.standard.ControlRate - ControlRate[id=cc240f80-1797-4429-a146-e82ec75ed5a9] transferring FlowFile[402,91907325623494.mockFlowFile,13B] to 'success'
[pool-145-thread-1] INFO org.apache.nifi.processors.standard.ControlRate - ControlRate[id=cc240f80-1797-4429-a146-e82ec75ed5a9] transferring FlowFile[403,91907325637244.mockFlowFile,13B] to 'success'
[pool-145-thread-1] INFO org.apache.nifi.processors.standard.ControlRate - ControlRate[id=cc240f80-1797-4429-a146-e82ec75ed5a9] transferring FlowFile[404,91907325651067.mockFlowFile,13B] to 'success'
[pool-145-thread-1] INFO org.apache.nifi.processors.standard.ControlRate - ControlRate[id=cc240f80-1797-4429-a146-e82ec75ed5a9] transferring FlowFile[405,91907325663863.mockFlowFile,13B] to 'success'
[pool-145-thread-1] INFO org.apache.nifi.processors.standard.ControlRate - ControlRate[id=cc240f80-1797-4429-a146-e82ec75ed5a9] transferring FlowFile[406,91907325699046.mockFlowFile,13B] to 'success'
[pool-145-thread-1] INFO org.apache.nifi.processors.standard.ControlRate - ControlRate[id=cc240f80-1797-4429-a146-e82ec75ed5a9] transferring FlowFile[407,91907325719641.mockFlowFile,13B] to 'success'
[pool-145-thread-1] INFO org.apache.nifi.processors.standard.ControlRate - ControlRate[id=cc240f80-1797-4429-a146-e82ec75ed5a9] transferring FlowFile[408,91907325736133.mockFlowFile,13B] to 'success'
[pool-145-thread-1] INFO org.apache.nifi.processors.standard.ControlRate - ControlRate[id=cc240f80-1797-4429-a146-e82ec75ed5a9] transferring FlowFile[409,91907325751113.mockFlowFile,13B] to 'success'
[pool-145-thread-1] INFO org.apache.nifi.processors.standard.ControlRate - ControlRate[id=cc240f80-1797-4429-a146-e82ec75ed5a9] transferring FlowFile[410,91907325764520.mockFlowFile,13B] to 'success'
[pool-145-thread-1] INFO org.apache.nifi.processors.standard.ControlRate - ControlRate[id=cc240f80-1797-4429-a146-e82ec75ed5a9] transferring FlowFile[411,91907325787126.mockFlowFile,13B] to 'success'
[pool-145-thread-1] INFO org.apache.nifi.processors.standard.ControlRate - ControlRate[id=cc240f80-1797-4429-a146-e82ec75ed5a9] transferring FlowFile[412,91907325801267.mockFlowFile,13B] to 'success'
[pool-145-thread-1] INFO org.apache.nifi.processors.standard.ControlRate - ControlRate[id=cc240f80-1797-4429-a146-e82ec75ed5a9] transferring FlowFile[413,91907325815667.mockFlowFile,13B] to 'success'
[pool-145-thread-1] INFO org.apache.nifi.processors.standard.ControlRate - ControlRate[id=cc240f80-1797-4429-a146-e82ec75ed5a9] transferring FlowFile[414,91907325830117.mockFlowFile,13B] to 'success'
[pool-145-thread-1] INFO org.apache.nifi.processors.standard.ControlRate - ControlRate[id=cc240f80-1797-4429-a146-e82ec75ed5a9] transferring FlowFile[415,91907325849210.mockFlowFile,13B] to 'success'
[pool-145-thread-1] INFO org.apache.nifi.processors.standard.ControlRate - ControlRate[id=cc240f80-1797-4429-a146-e82ec75ed5a9] transferring FlowFile[416,91907325883182.mockFlowFile,13B] to 'success'
[pool-145-thread-1] INFO org.apache.nifi.processors.standard.ControlRate - ControlRate[id=cc240f80-1797-4429-a146-e82ec75ed5a9] transferring FlowFile[417,91907325897148.mockFlowFile,13B] to 'success'
[pool-145-thread-1] INFO org.apache.nifi.processors.standard.ControlRate - ControlRate[id=cc240f80-1797-4429-a146-e82ec75ed5a9] transferring FlowFile[418,91907325911140.mockFlowFile,13B] to 'success'
[pool-145-thread-1] INFO org.apache.nifi.processors.standard.ControlRate - ControlRate[id=cc240f80-1797-4429-a146-e82ec75ed5a9] transferring FlowFile[419,91907325926182.mockFlowFile,13B] to 'success'
[pool-145-thread-1] INFO org.apache.nifi.processors.standard.ControlRate - ControlRate[id=cc240f80-1797-4429-a146-e82ec75ed5a9] transferring FlowFile[420,91907325955559.mockFlowFile,13B] to 'success'
[pool-145-thread-1] INFO org.apache.nifi.processors.standard.ControlRate - ControlRate[id=cc240f80-1797-4429-a146-e82ec75ed5a9] transferring FlowFile[421,91907325971290.mockFlowFile,13B] to 'success'
[pool-145-thread-1] INFO org.apache.nifi.processors.standard.ControlRate - ControlRate[id=cc240f80-1797-4429-a146-e82ec75ed5a9] transferring FlowFile[422,91907325985127.mockFlowFile,13B] to 'success'
[pool-145-thread-1] INFO org.apache.nifi.processors.standard.ControlRate - ControlRate[id=cc240f80-1797-4429-a146-e82ec75ed5a9] transferring FlowFile[423,91907326004333.mockFlowFile,13B] to 'success'
[pool-145-thread-1] INFO org.apache.nifi.processors.standard.ControlRate - ControlRate[id=cc240f80-1797-4429-a146-e82ec75ed5a9] transferring FlowFile[424,91907326018920.mockFlowFile,13B] to 'success'
[pool-145-thread-1] INFO org.apache.nifi.processors.standard.ControlRate - ControlRate[id=cc240f80-1797-4429-a146-e82ec75ed5a9] transferring FlowFile[425,91907326032492.mockFlowFile,13B] to 'success'
[pool-145-thread-1] INFO org.apache.nifi.processors.standard.ControlRate - ControlRate[id=cc240f80-1797-4429-a146-e82ec75ed5a9] transferring FlowFile[426,91907326046501.mockFlowFile,13B] to 'success'
[pool-145-thread-1] INFO org.apache.nifi.processors.standard.ControlRate - ControlRate[id=cc240f80-1797-4429-a146-e82ec75ed5a9] transferring FlowFile[427,91907326059241.mockFlowFile,13B] to 'success'
[pool-145-thread-1] INFO org.apache.nifi.processors.standard.ControlRate - ControlRate[id=cc240f80-1797-4429-a146-e82ec75ed5a9] transferring FlowFile[428,91907326073190.mockFlowFile,13B] to 'success'
[pool-145-thread-1] INFO org.apache.nifi.processors.standard.ControlRate - ControlRate[id=cc240f80-1797-4429-a146-e82ec75ed5a9] transferring FlowFile[429,91907326087195.mockFlowFile,13B] to 'success'
[pool-145-thread-1] INFO org.apache.nifi.processors.standard.ControlRate - ControlRate[id=cc240f80-1797-4429-a146-e82ec75ed5a9] transferring FlowFile[430,91907326100267.mockFlowFile,13B] to 'success'
[pool-145-thread-1] INFO org.apache.nifi.processors.standard.ControlRate - ControlRate[id=cc240f80-1797-4429-a146-e82ec75ed5a9] transferring FlowFile[431,91907326119845.mockFlowFile,13B] to 'success'
[pool-145-thread-1] INFO org.apache.nifi.processors.standard.ControlRate - ControlRate[id=cc240f80-1797-4429-a146-e82ec75ed5a9] transferring FlowFile[432,91907326133421.mockFlowFile,13B] to 'success'
[pool-145-thread-1] INFO org.apache.nifi.processors.standard.ControlRate - ControlRate[id=cc240f80-1797-4429-a146-e82ec75ed5a9] transferring FlowFile[433,91907326147734.mockFlowFile,13B] to 'success'
[pool-145-thread-1] INFO org.apache.nifi.processors.standard.ControlRate - ControlRate[id=cc240f80-1797-4429-a146-e82ec75ed5a9] transferring FlowFile[434,91907326162982.mockFlowFile,13B] to 'success'
[pool-145-thread-1] INFO org.apache.nifi.processors.standard.ControlRate - ControlRate[id=cc240f80-1797-4429-a146-e82ec75ed5a9] transferring FlowFile[435,91907326186156.mockFlowFile,13B] to 'success'
[pool-145-thread-1] INFO org.apache.nifi.processors.standard.ControlRate - ControlRate[id=cc240f80-1797-4429-a146-e82ec75ed5a9] transferring FlowFile[436,91907326200424.mockFlowFile,13B] to 'success'
[pool-145-thread-1] INFO org.apache.nifi.processors.standard.ControlRate - ControlRate[id=cc240f80-1797-4429-a146-e82ec75ed5a9] transferring FlowFile[437,91907326213445.mockFlowFile,13B] to 'success'
[pool-145-thread-1] INFO org.apache.nifi.processors.standard.ControlRate - ControlRate[id=cc240f80-1797-4429-a146-e82ec75ed5a9] transferring FlowFile[438,91907326227584.mockFlowFile,13B] to 'success'
[pool-145-thread-1] INFO org.apache.nifi.processors.standard.ControlRate - ControlRate[id=cc240f80-1797-4429-a146-e82ec75ed5a9] transferring FlowFile[439,91907326246686.mockFlowFile,13B] to 'success'
[pool-145-thread-1] INFO org.apache.nifi.processors.standard.ControlRate - ControlRate[id=cc240f80-1797-4429-a146-e82ec75ed5a9] transferring FlowFile[440,91907326281741.mockFlowFile,13B] to 'success'
[pool-145-thread-1] INFO org.apache.nifi.processors.standard.ControlRate - ControlRate[id=cc240f80-1797-4429-a146-e82ec75ed5a9] transferring FlowFile[441,91907326303374.mockFlowFile,13B] to 'success'
[pool-145-thread-1] INFO org.apache.nifi.processors.standard.ControlRate - ControlRate[id=cc240f80-1797-4429-a146-e82ec75ed5a9] transferring FlowFile[442,91907326317267.mockFlowFile,13B] to 'success'
[pool-145-thread-1] INFO org.apache.nifi.processors.standard.ControlRate - ControlRate[id=cc240f80-1797-4429-a146-e82ec75ed5a9] transferring FlowFile[443,91907326331445.mockFlowFile,13B] to 'success'
[pool-145-thread-1] INFO org.apache.nifi.processors.standard.ControlRate - ControlRate[id=cc240f80-1797-4429-a146-e82ec75ed5a9] transferring FlowFile[444,91907326345602.mockFlowFile,13B] to 'success'
[pool-145-thread-1] INFO org.apache.nifi.processors.standard.ControlRate - ControlRate[id=cc240f80-1797-4429-a146-e82ec75ed5a9] transferring FlowFile[445,91907326358931.mockFlowFile,13B] to 'success'
[pool-145-thread-1] INFO org.apache.nifi.processors.standard.ControlRate - ControlRate[id=cc240f80-1797-4429-a146-e82ec75ed5a9] transferring FlowFile[446,91907326373691.mockFlowFile,13B] to 'success'
[pool-145-thread-1] INFO org.apache.nifi.processors.standard.ControlRate - ControlRate[id=cc240f80-1797-4429-a146-e82ec75ed5a9] transferring FlowFile[447,91907326393190.mockFlowFile,13B] to 'success'
[pool-145-thread-1] INFO org.apache.nifi.processors.standard.ControlRate - ControlRate[id=cc240f80-1797-4429-a146-e82ec75ed5a9] transferring FlowFile[448,91907326408353.mockFlowFile,13B] to 'success'
[pool-145-thread-1] INFO org.apache.nifi.processors.standard.ControlRate - ControlRate[id=cc240f80-1797-4429-a146-e82ec75ed5a9] transferring FlowFile[449,91907326422398.mockFlowFile,13B] to 'success'
[pool-145-thread-1] INFO org.apache.nifi.processors.standard.ControlRate - ControlRate[id=cc240f80-1797-4429-a146-e82ec75ed5a9] transferring FlowFile[450,91907326458882.mockFlowFile,13B] to 'success'
[pool-145-thread-1] INFO org.apache.nifi.processors.standard.ControlRate - ControlRate[id=cc240f80-1797-4429-a146-e82ec75ed5a9] transferring FlowFile[451,91907326482621.mockFlowFile,13B] to 'success'
[pool-145-thread-1] INFO org.apache.nifi.processors.standard.ControlRate - ControlRate[id=cc240f80-1797-4429-a146-e82ec75ed5a9] transferring FlowFile[452,91907326497664.mockFlowFile,13B] to 'success'
[pool-145-thread-1] INFO org.apache.nifi.processors.standard.ControlRate - ControlRate[id=cc240f80-1797-4429-a146-e82ec75ed5a9] transferring FlowFile[453,91907326512824.mockFlowFile,13B] to 'success'
[pool-145-thread-1] INFO org.apache.nifi.processors.standard.ControlRate - ControlRate[id=cc240f80-1797-4429-a146-e82ec75ed5a9] transferring FlowFile[454,91907326527219.mockFlowFile,13B] to 'success'
[pool-145-thread-1] INFO org.apache.nifi.processors.standard.ControlRate - ControlRate[id=cc240f80-1797-4429-a146-e82ec75ed5a9] transferring FlowFile[455,91907326545699.mockFlowFile,13B] to 'success'
[pool-145-thread-1] INFO org.apache.nifi.processors.standard.ControlRate - ControlRate[id=cc240f80-1797-4429-a146-e82ec75ed5a9] transferring FlowFile[456,91907326560198.mockFlowFile,13B] to 'success'
[pool-145-thread-1] INFO org.apache.nifi.processors.standard.ControlRate - ControlRate[id=cc240f80-1797-4429-a146-e82ec75ed5a9] transferring FlowFile[457,91907326572766.mockFlowFile,13B] to 'success'
[pool-145-thread-1] INFO org.apache.nifi.processors.standard.ControlRate - ControlRate[id=cc240f80-1797-4429-a146-e82ec75ed5a9] transferring FlowFile[458,91907326586534.mockFlowFile,13B] to 'success'
[pool-145-thread-1] INFO org.apache.nifi.processors.standard.ControlRate - ControlRate[id=cc240f80-1797-4429-a146-e82ec75ed5a9] transferring FlowFile[459,91907326601844.mockFlowFile,13B] to 'success'
[pool-145-thread-1] INFO org.apache.nifi.processors.standard.ControlRate - ControlRate[id=cc240f80-1797-4429-a146-e82ec75ed5a9] transferring FlowFile[460,91907326614468.mockFlowFile,13B] to 'success'
[pool-145-thread-1] INFO org.apache.nifi.processors.standard.ControlRate - ControlRate[id=cc240f80-1797-4429-a146-e82ec75ed5a9] transferring FlowFile[461,91907326627893.mockFlowFile,13B] to 'success'
[pool-145-thread-1] INFO org.apache.nifi.processors.standard.ControlRate - ControlRate[id=cc240f80-1797-4429-a146-e82ec75ed5a9] transferring FlowFile[462,91907326640809.mockFlowFile,13B] to 'success'
[pool-145-thread-1] INFO org.apache.nifi.processors.standard.ControlRate - ControlRate[id=cc240f80-1797-4429-a146-e82ec75ed5a9] transferring FlowFile[463,91907326659415.mockFlowFile,13B] to 'success'
[pool-145-thread-1] INFO org.apache.nifi.processors.standard.ControlRate - ControlRate[id=cc240f80-1797-4429-a146-e82ec75ed5a9] transferring FlowFile[464,91907326674159.mockFlowFile,13B] to 'success'
[pool-145-thread-1] INFO org.apache.nifi.processors.standard.ControlRate - ControlRate[id=cc240f80-1797-4429-a146-e82ec75ed5a9] transferring FlowFile[465,91907326686562.mockFlowFile,13B] to 'success'
[pool-145-thread-1] INFO org.apache.nifi.processors.standard.ControlRate - ControlRate[id=cc240f80-1797-4429-a146-e82ec75ed5a9] transferring FlowFile[466,91907326700264.mockFlowFile,13B] to 'success'
[pool-145-thread-1] INFO org.apache.nifi.processors.standard.ControlRate - ControlRate[id=cc240f80-1797-4429-a146-e82ec75ed5a9] transferring FlowFile[467,91907326713074.mockFlowFile,13B] to 'success'
[pool-145-thread-1] INFO org.apache.nifi.processors.standard.ControlRate - ControlRate[id=cc240f80-1797-4429-a146-e82ec75ed5a9] transferring FlowFile[468,91907326726603.mockFlowFile,13B] to 'success'
[pool-145-thread-1] INFO org.apache.nifi.processors.standard.ControlRate - ControlRate[id=cc240f80-1797-4429-a146-e82ec75ed5a9] transferring FlowFile[469,91907326740399.mockFlowFile,13B] to 'success'
[pool-145-thread-1] INFO org.apache.nifi.processors.standard.ControlRate - ControlRate[id=cc240f80-1797-4429-a146-e82ec75ed5a9] transferring FlowFile[470,91907326753384.mockFlowFile,13B] to 'success'
[pool-145-thread-1] INFO org.apache.nifi.processors.standard.ControlRate - ControlRate[id=cc240f80-1797-4429-a146-e82ec75ed5a9] transferring FlowFile[471,91907326771828.mockFlowFile,13B] to 'success'
[pool-145-thread-1] INFO org.apache.nifi.processors.standard.ControlRate - ControlRate[id=cc240f80-1797-4429-a146-e82ec75ed5a9] transferring FlowFile[472,91907326786275.mockFlowFile,13B] to 'success'
[pool-145-thread-1] INFO org.apache.nifi.processors.standard.ControlRate - ControlRate[id=cc240f80-1797-4429-a146-e82ec75ed5a9] transferring FlowFile[473,91907326799876.mockFlowFile,13B] to 'success'
[pool-145-thread-1] INFO org.apache.nifi.processors.standard.ControlRate - ControlRate[id=cc240f80-1797-4429-a146-e82ec75ed5a9] transferring FlowFile[474,91907326819312.mockFlowFile,13B] to 'success'
[pool-145-thread-1] INFO org.apache.nifi.processors.standard.ControlRate - ControlRate[id=cc240f80-1797-4429-a146-e82ec75ed5a9] transferring FlowFile[475,91907326835935.mockFlowFile,13B] to 'success'
[pool-145-thread-1] INFO org.apache.nifi.processors.standard.ControlRate - ControlRate[id=cc240f80-1797-4429-a146-e82ec75ed5a9] transferring FlowFile[476,91907326850187.mockFlowFile,13B] to 'success'
[pool-145-thread-1] INFO org.apache.nifi.processors.standard.ControlRate - ControlRate[id=cc240f80-1797-4429-a146-e82ec75ed5a9] transferring FlowFile[477,91907326863071.mockFlowFile,13B] to 'success'
[pool-145-thread-1] INFO org.apache.nifi.processors.standard.ControlRate - ControlRate[id=cc240f80-1797-4429-a146-e82ec75ed5a9] transferring FlowFile[478,91907326877080.mockFlowFile,13B] to 'success'
[pool-145-thread-1] INFO org.apache.nifi.processors.standard.ControlRate - ControlRate[id=cc240f80-1797-4429-a146-e82ec75ed5a9] transferring FlowFile[479,91907326899415.mockFlowFile,13B] to 'success'
[pool-145-thread-1] INFO org.apache.nifi.processors.standard.ControlRate - ControlRate[id=cc240f80-1797-4429-a146-e82ec75ed5a9] transferring FlowFile[480,91907326916723.mockFlowFile,13B] to 'success'
[pool-145-thread-1] INFO org.apache.nifi.processors.standard.ControlRate - ControlRate[id=cc240f80-1797-4429-a146-e82ec75ed5a9] transferring FlowFile[481,91907326931425.mockFlowFile,13B] to 'success'
[pool-145-thread-1] INFO org.apache.nifi.processors.standard.ControlRate - ControlRate[id=cc240f80-1797-4429-a146-e82ec75ed5a9] transferring FlowFile[482,91907326946246.mockFlowFile,13B] to 'success'
[pool-145-thread-1] INFO org.apache.nifi.processors.standard.ControlRate - ControlRate[id=cc240f80-1797-4429-a146-e82ec75ed5a9] transferring FlowFile[483,91907326960136.mockFlowFile,13B] to 'success'
[pool-145-thread-1] INFO org.apache.nifi.processors.standard.ControlRate - ControlRate[id=cc240f80-1797-4429-a146-e82ec75ed5a9] transferring FlowFile[484,91907326973855.mockFlowFile,13B] to 'success'
[pool-145-thread-1] INFO org.apache.nifi.processors.standard.ControlRate - ControlRate[id=cc240f80-1797-4429-a146-e82ec75ed5a9] transferring FlowFile[485,91907326987593.mockFlowFile,13B] to 'success'
[pool-145-thread-1] INFO org.apache.nifi.processors.standard.ControlRate - ControlRate[id=cc240f80-1797-4429-a146-e82ec75ed5a9] transferring FlowFile[486,91907327002705.mockFlowFile,13B] to 'success'
[pool-145-thread-1] INFO org.apache.nifi.processors.standard.ControlRate - ControlRate[id=cc240f80-1797-4429-a146-e82ec75ed5a9] transferring FlowFile[487,91907327020800.mockFlowFile,13B] to 'success'
[pool-145-thread-1] INFO org.apache.nifi.processors.standard.ControlRate - ControlRate[id=cc240f80-1797-4429-a146-e82ec75ed5a9] transferring FlowFile[488,91907327035784.mockFlowFile,13B] to 'success'
[pool-145-thread-1] INFO org.apache.nifi.processors.standard.ControlRate - ControlRate[id=cc240f80-1797-4429-a146-e82ec75ed5a9] transferring FlowFile[489,91907327049997.mockFlowFile,13B] to 'success'
[pool-145-thread-1] INFO org.apache.nifi.processors.standard.ControlRate - ControlRate[id=cc240f80-1797-4429-a146-e82ec75ed5a9] transferring FlowFile[490,91907327062807.mockFlowFile,13B] to 'success'
[pool-145-thread-1] INFO org.apache.nifi.processors.standard.ControlRate - ControlRate[id=cc240f80-1797-4429-a146-e82ec75ed5a9] transferring FlowFile[491,91907327076767.mockFlowFile,13B] to 'success'
[pool-145-thread-1] INFO org.apache.nifi.processors.standard.ControlRate - ControlRate[id=cc240f80-1797-4429-a146-e82ec75ed5a9] transferring FlowFile[492,91907327091186.mockFlowFile,13B] to 'success'
[pool-145-thread-1] INFO org.apache.nifi.processors.standard.ControlRate - ControlRate[id=cc240f80-1797-4429-a146-e82ec75ed5a9] transferring FlowFile[493,91907327105086.mockFlowFile,13B] to 'success'
[pool-145-thread-1] INFO org.apache.nifi.processors.standard.ControlRate - ControlRate[id=cc240f80-1797-4429-a146-e82ec75ed5a9] transferring FlowFile[494,91907327118528.mockFlowFile,13B] to 'success'
[pool-145-thread-1] INFO org.apache.nifi.processors.standard.ControlRate - ControlRate[id=cc240f80-1797-4429-a146-e82ec75ed5a9] transferring FlowFile[495,91907327136120.mockFlowFile,13B] to 'success'
[pool-145-thread-1] INFO org.apache.nifi.processors.standard.ControlRate - ControlRate[id=cc240f80-1797-4429-a146-e82ec75ed5a9] transferring FlowFile[496,91907327150675.mockFlowFile,13B] to 'success'
[pool-145-thread-1] INFO org.apache.nifi.processors.standard.ControlRate - ControlRate[id=cc240f80-1797-4429-a146-e82ec75ed5a9] transferring FlowFile[497,91907327163656.mockFlowFile,13B] to 'success'
[pool-145-thread-1] INFO org.apache.nifi.processors.standard.ControlRate - ControlRate[id=cc240f80-1797-4429-a146-e82ec75ed5a9] transferring FlowFile[498,91907327177109.mockFlowFile,13B] to 'success'
[pool-145-thread-1] INFO org.apache.nifi.processors.standard.ControlRate - ControlRate[id=cc240f80-1797-4429-a146-e82ec75ed5a9] transferring FlowFile[499,91907327190638.mockFlowFile,13B] to 'success'
[pool-145-thread-1] INFO org.apache.nifi.processors.standard.ControlRate - ControlRate[id=cc240f80-1797-4429-a146-e82ec75ed5a9] transferring FlowFile[500,91907327203310.mockFlowFile,13B] to 'success'
[pool-145-thread-1] INFO org.apache.nifi.processors.standard.ControlRate - ControlRate[id=cc240f80-1797-4429-a146-e82ec75ed5a9] transferring FlowFile[501,91907327217030.mockFlowFile,13B] to 'success'
[pool-145-thread-1] INFO org.apache.nifi.processors.standard.ControlRate - ControlRate[id=cc240f80-1797-4429-a146-e82ec75ed5a9] transferring FlowFile[502,91907327229735.mockFlowFile,13B] to 'success'
[pool-145-thread-1] INFO org.apache.nifi.processors.standard.ControlRate - ControlRate[id=cc240f80-1797-4429-a146-e82ec75ed5a9] transferring FlowFile[503,91907327248322.mockFlowFile,13B] to 'success'
[pool-145-thread-1] INFO org.apache.nifi.processors.standard.ControlRate - ControlRate[id=cc240f80-1797-4429-a146-e82ec75ed5a9] transferring FlowFile[504,91907327262296.mockFlowFile,13B] to 'success'
[pool-145-thread-1] INFO org.apache.nifi.processors.standard.ControlRate - ControlRate[id=cc240f80-1797-4429-a146-e82ec75ed5a9] transferring FlowFile[505,91907327275496.mockFlowFile,13B] to 'success'
[pool-145-thread-1] INFO org.apache.nifi.processors.standard.ControlRate - ControlRate[id=cc240f80-1797-4429-a146-e82ec75ed5a9] transferring FlowFile[506,91907327288883.mockFlowFile,13B] to 'success'
[pool-145-thread-1] INFO org.apache.nifi.processors.standard.ControlRate - ControlRate[id=cc240f80-1797-4429-a146-e82ec75ed5a9] transferring FlowFile[507,91907327301371.mockFlowFile,13B] to 'success'
[pool-145-thread-1] INFO org.apache.nifi.processors.standard.ControlRate - ControlRate[id=cc240f80-1797-4429-a146-e82ec75ed5a9] transferring FlowFile[508,91907327315466.mockFlowFile,13B] to 'success'
[pool-145-thread-1] INFO org.apache.nifi.processors.standard.ControlRate - ControlRate[id=cc240f80-1797-4429-a146-e82ec75ed5a9] transferring FlowFile[509,91907327329593.mockFlowFile,13B] to 'success'
[pool-145-thread-1] INFO org.apache.nifi.processors.standard.ControlRate - ControlRate[id=cc240f80-1797-4429-a146-e82ec75ed5a9] transferring FlowFile[510,91907327350934.mockFlowFile,13B] to 'success'
[pool-145-thread-1] INFO org.apache.nifi.processors.standard.ControlRate - ControlRate[id=cc240f80-1797-4429-a146-e82ec75ed5a9] transferring FlowFile[511,91907327370324.mockFlowFile,13B] to 'success'
[pool-145-thread-1] INFO org.apache.nifi.processors.standard.ControlRate - ControlRate[id=cc240f80-1797-4429-a146-e82ec75ed5a9] transferring FlowFile[512,91907327384159.mockFlowFile,13B] to 'success'
[pool-145-thread-1] INFO org.apache.nifi.processors.standard.ControlRate - ControlRate[id=cc240f80-1797-4429-a146-e82ec75ed5a9] transferring FlowFile[513,91907327398470.mockFlowFile,13B] to 'success'
[pool-145-thread-1] INFO org.apache.nifi.processors.standard.ControlRate - ControlRate[id=cc240f80-1797-4429-a146-e82ec75ed5a9] transferring FlowFile[514,91907327412152.mockFlowFile,13B] to 'success'
[pool-145-thread-1] INFO org.apache.nifi.processors.standard.ControlRate - ControlRate[id=cc240f80-1797-4429-a146-e82ec75ed5a9] transferring FlowFile[515,91907327424694.mockFlowFile,13B] to 'success'
[pool-145-thread-1] INFO org.apache.nifi.processors.standard.ControlRate - ControlRate[id=cc240f80-1797-4429-a146-e82ec75ed5a9] transferring FlowFile[516,91907327438711.mockFlowFile,13B] to 'success'
[pool-145-thread-1] INFO org.apache.nifi.processors.standard.ControlRate - ControlRate[id=cc240f80-1797-4429-a146-e82ec75ed5a9] transferring FlowFile[517,91907327455621.mockFlowFile,13B] to 'success'
[pool-145-thread-1] INFO org.apache.nifi.processors.standard.ControlRate - ControlRate[id=cc240f80-1797-4429-a146-e82ec75ed5a9] transferring FlowFile[518,91907327469974.mockFlowFile,13B] to 'success'
[pool-145-thread-1] INFO org.apache.nifi.processors.standard.ControlRate - ControlRate[id=cc240f80-1797-4429-a146-e82ec75ed5a9] transferring FlowFile[519,91907327488047.mockFlowFile,13B] to 'success'
[pool-145-thread-1] INFO org.apache.nifi.processors.standard.ControlRate - ControlRate[id=cc240f80-1797-4429-a146-e82ec75ed5a9] transferring FlowFile[520,91907327500646.mockFlowFile,13B] to 'success'
[pool-145-thread-1] INFO org.apache.nifi.processors.standard.ControlRate - ControlRate[id=cc240f80-1797-4429-a146-e82ec75ed5a9] transferring FlowFile[521,91907327513119.mockFlowFile,13B] to 'success'
[pool-145-thread-1] INFO org.apache.nifi.processors.standard.ControlRate - ControlRate[id=cc240f80-1797-4429-a146-e82ec75ed5a9] transferring FlowFile[522,91907327526096.mockFlowFile,13B] to 'success'
[pool-145-thread-1] INFO org.apache.nifi.processors.standard.ControlRate - ControlRate[id=cc240f80-1797-4429-a146-e82ec75ed5a9] transferring FlowFile[523,91907327540699.mockFlowFile,13B] to 'success'
[pool-145-thread-1] INFO org.apache.nifi.processors.standard.ControlRate - ControlRate[id=cc240f80-1797-4429-a146-e82ec75ed5a9] transferring FlowFile[524,91907327554251.mockFlowFile,13B] to 'success'
[pool-145-thread-1] INFO org.apache.nifi.processors.standard.ControlRate - ControlRate[id=cc240f80-1797-4429-a146-e82ec75ed5a9] transferring FlowFile[525,91907327567432.mockFlowFile,13B] to 'success'
[pool-145-thread-1] INFO org.apache.nifi.processors.standard.ControlRate - ControlRate[id=cc240f80-1797-4429-a146-e82ec75ed5a9] transferring FlowFile[526,91907327579767.mockFlowFile,13B] to 'success'
[pool-145-thread-1] INFO org.apache.nifi.processors.standard.ControlRate - ControlRate[id=cc240f80-1797-4429-a146-e82ec75ed5a9] transferring FlowFile[527,91907327597142.mockFlowFile,13B] to 'success'
[pool-145-thread-1] INFO org.apache.nifi.processors.standard.ControlRate - ControlRate[id=cc240f80-1797-4429-a146-e82ec75ed5a9] transferring FlowFile[528,91907327611433.mockFlowFile,13B] to 'success'
[pool-145-thread-1] INFO org.apache.nifi.processors.standard.ControlRate - ControlRate[id=cc240f80-1797-4429-a146-e82ec75ed5a9] transferring FlowFile[529,91907327626494.mockFlowFile,13B] to 'success'
[pool-145-thread-1] INFO org.apache.nifi.processors.standard.ControlRate - ControlRate[id=cc240f80-1797-4429-a146-e82ec75ed5a9] transferring FlowFile[530,91907327640012.mockFlowFile,13B] to 'success'
[pool-145-thread-1] INFO org.apache.nifi.processors.standard.ControlRate - ControlRate[id=cc240f80-1797-4429-a146-e82ec75ed5a9] transferring FlowFile[531,91907327653235.mockFlowFile,13B] to 'success'
[pool-145-thread-1] INFO org.apache.nifi.processors.standard.ControlRate - ControlRate[id=cc240f80-1797-4429-a146-e82ec75ed5a9] transferring FlowFile[532,91907327665155.mockFlowFile,13B] to 'success'
[pool-145-thread-1] INFO org.apache.nifi.processors.standard.ControlRate - ControlRate[id=cc240f80-1797-4429-a146-e82ec75ed5a9] transferring FlowFile[533,91907327678171.mockFlowFile,13B] to 'success'
[pool-145-thread-1] INFO org.apache.nifi.processors.standard.ControlRate - ControlRate[id=cc240f80-1797-4429-a146-e82ec75ed5a9] transferring FlowFile[534,91907327696012.mockFlowFile,13B] to 'success'
[pool-145-thread-1] INFO org.apache.nifi.processors.standard.ControlRate - ControlRate[id=cc240f80-1797-4429-a146-e82ec75ed5a9] transferring FlowFile[535,91907327712451.mockFlowFile,13B] to 'success'
[pool-145-thread-1] INFO org.apache.nifi.processors.standard.ControlRate - ControlRate[id=cc240f80-1797-4429-a146-e82ec75ed5a9] transferring FlowFile[536,91907327725571.mockFlowFile,13B] to 'success'
[pool-145-thread-1] INFO org.apache.nifi.processors.standard.ControlRate - ControlRate[id=cc240f80-1797-4429-a146-e82ec75ed5a9] transferring FlowFile[537,91907327737122.mockFlowFile,13B] to 'success'
[pool-145-thread-1] INFO org.apache.nifi.processors.standard.ControlRate - ControlRate[id=cc240f80-1797-4429-a146-e82ec75ed5a9] transferring FlowFile[538,91907327751541.mockFlowFile,13B] to 'success'
[pool-145-thread-1] INFO org.apache.nifi.processors.standard.ControlRate - ControlRate[id=cc240f80-1797-4429-a146-e82ec75ed5a9] transferring FlowFile[539,91907327765318.mockFlowFile,13B] to 'success'
[pool-145-thread-1] INFO org.apache.nifi.processors.standard.ControlRate - ControlRate[id=cc240f80-1797-4429-a146-e82ec75ed5a9] transferring FlowFile[540,91907327778602.mockFlowFile,13B] to 'success'
[pool-145-thread-1] INFO org.apache.nifi.processors.standard.ControlRate - ControlRate[id=cc240f80-1797-4429-a146-e82ec75ed5a9] transferring FlowFile[541,91907327791133.mockFlowFile,13B] to 'success'
[pool-145-thread-1] INFO org.apache.nifi.processors.standard.ControlRate - ControlRate[id=cc240f80-1797-4429-a146-e82ec75ed5a9] transferring FlowFile[542,91907327865737.mockFlowFile,13B] to 'success'
[pool-145-thread-1] INFO org.apache.nifi.processors.standard.ControlRate - ControlRate[id=cc240f80-1797-4429-a146-e82ec75ed5a9] transferring FlowFile[543,91907327886726.mockFlowFile,13B] to 'success'
[pool-145-thread-1] INFO org.apache.nifi.processors.standard.ControlRate - ControlRate[id=cc240f80-1797-4429-a146-e82ec75ed5a9] transferring FlowFile[544,91907327900656.mockFlowFile,13B] to 'success'
[pool-145-thread-1] INFO org.apache.nifi.processors.standard.ControlRate - ControlRate[id=cc240f80-1797-4429-a146-e82ec75ed5a9] transferring FlowFile[545,91907327913003.mockFlowFile,13B] to 'success'
[pool-145-thread-1] INFO org.apache.nifi.processors.standard.ControlRate - ControlRate[id=cc240f80-1797-4429-a146-e82ec75ed5a9] transferring FlowFile[546,91907327926063.mockFlowFile,13B] to 'success'
[pool-145-thread-1] INFO org.apache.nifi.processors.standard.ControlRate - ControlRate[id=cc240f80-1797-4429-a146-e82ec75ed5a9] transferring FlowFile[547,91907327938761.mockFlowFile,13B] to 'success'
[pool-145-thread-1] INFO org.apache.nifi.processors.standard.ControlRate - ControlRate[id=cc240f80-1797-4429-a146-e82ec75ed5a9] transferring FlowFile[548,91907327952705.mockFlowFile,13B] to 'success'
[pool-145-thread-1] INFO org.apache.nifi.processors.standard.ControlRate - ControlRate[id=cc240f80-1797-4429-a146-e82ec75ed5a9] transferring FlowFile[549,91907327965893.mockFlowFile,13B] to 'success'
[pool-145-thread-1] INFO org.apache.nifi.processors.standard.ControlRate - ControlRate[id=cc240f80-1797-4429-a146-e82ec75ed5a9] transferring FlowFile[550,91907327978896.mockFlowFile,13B] to 'success'
[pool-145-thread-1] INFO org.apache.nifi.processors.standard.ControlRate - ControlRate[id=cc240f80-1797-4429-a146-e82ec75ed5a9] transferring FlowFile[551,91907327996979.mockFlowFile,13B] to 'success'
[pool-145-thread-1] INFO org.apache.nifi.processors.standard.ControlRate - ControlRate[id=cc240f80-1797-4429-a146-e82ec75ed5a9] transferring FlowFile[552,91907328023253.mockFlowFile,13B] to 'success'
[pool-145-thread-1] INFO org.apache.nifi.processors.standard.ControlRate - ControlRate[id=cc240f80-1797-4429-a146-e82ec75ed5a9] transferring FlowFile[553,91907328037056.mockFlowFile,13B] to 'success'
[pool-145-thread-1] INFO org.apache.nifi.processors.standard.ControlRate - ControlRate[id=cc240f80-1797-4429-a146-e82ec75ed5a9] transferring FlowFile[554,91907328049778.mockFlowFile,13B] to 'success'
[pool-145-thread-1] INFO org.apache.nifi.processors.standard.ControlRate - ControlRate[id=cc240f80-1797-4429-a146-e82ec75ed5a9] transferring FlowFile[555,91907328061614.mockFlowFile,13B] to 'success'
[pool-145-thread-1] INFO org.apache.nifi.processors.standard.ControlRate - ControlRate[id=cc240f80-1797-4429-a146-e82ec75ed5a9] transferring FlowFile[556,91907328074347.mockFlowFile,13B] to 'success'
[pool-145-thread-1] INFO org.apache.nifi.processors.standard.ControlRate - ControlRate[id=cc240f80-1797-4429-a146-e82ec75ed5a9] transferring FlowFile[557,91907328086309.mockFlowFile,13B] to 'success'
[pool-145-thread-1] INFO org.apache.nifi.processors.standard.ControlRate - ControlRate[id=cc240f80-1797-4429-a146-e82ec75ed5a9] transferring FlowFile[558,91907328099284.mockFlowFile,13B] to 'success'
[pool-145-thread-1] INFO org.apache.nifi.processors.standard.ControlRate - ControlRate[id=cc240f80-1797-4429-a146-e82ec75ed5a9] transferring FlowFile[559,91907328116217.mockFlowFile,13B] to 'success'
[pool-145-thread-1] INFO org.apache.nifi.processors.standard.ControlRate - ControlRate[id=cc240f80-1797-4429-a146-e82ec75ed5a9] transferring FlowFile[560,91907328129107.mockFlowFile,13B] to 'success'
[pool-145-thread-1] INFO org.apache.nifi.processors.standard.ControlRate - ControlRate[id=cc240f80-1797-4429-a146-e82ec75ed5a9] transferring FlowFile[561,91907328141653.mockFlowFile,13B] to 'success'
[pool-145-thread-1] INFO org.apache.nifi.processors.standard.ControlRate - ControlRate[id=cc240f80-1797-4429-a146-e82ec75ed5a9] transferring FlowFile[562,91907328153945.mockFlowFile,13B] to 'success'
[pool-145-thread-1] INFO org.apache.nifi.processors.standard.ControlRate - ControlRate[id=cc240f80-1797-4429-a146-e82ec75ed5a9] transferring FlowFile[563,91907328170012.mockFlowFile,13B] to 'success'
[pool-145-thread-1] INFO org.apache.nifi.processors.standard.ControlRate - ControlRate[id=cc240f80-1797-4429-a146-e82ec75ed5a9] transferring FlowFile[564,91907328189494.mockFlowFile,13B] to 'success'
[pool-145-thread-1] INFO org.apache.nifi.processors.standard.ControlRate - ControlRate[id=cc240f80-1797-4429-a146-e82ec75ed5a9] transferring FlowFile[565,91907328202816.mockFlowFile,13B] to 'success'
[pool-145-thread-1] INFO org.apache.nifi.processors.standard.ControlRate - ControlRate[id=cc240f80-1797-4429-a146-e82ec75ed5a9] transferring FlowFile[566,91907328216357.mockFlowFile,13B] to 'success'
[pool-145-thread-1] INFO org.apache.nifi.processors.standard.ControlRate - ControlRate[id=cc240f80-1797-4429-a146-e82ec75ed5a9] transferring FlowFile[567,91907328232546.mockFlowFile,13B] to 'success'
[pool-145-thread-1] INFO org.apache.nifi.processors.standard.ControlRate - ControlRate[id=cc240f80-1797-4429-a146-e82ec75ed5a9] transferring FlowFile[568,91907328245814.mockFlowFile,13B] to 'success'
[pool-145-thread-1] INFO org.apache.nifi.processors.standard.ControlRate - ControlRate[id=cc240f80-1797-4429-a146-e82ec75ed5a9] transferring FlowFile[569,91907328258349.mockFlowFile,13B] to 'success'
[pool-145-thread-1] INFO org.apache.nifi.processors.standard.ControlRate - ControlRate[id=cc240f80-1797-4429-a146-e82ec75ed5a9] transferring FlowFile[570,91907328270801.mockFlowFile,13B] to 'success'
[pool-145-thread-1] INFO org.apache.nifi.processors.standard.ControlRate - ControlRate[id=cc240f80-1797-4429-a146-e82ec75ed5a9] transferring FlowFile[571,91907328284968.mockFlowFile,13B] to 'success'
[pool-145-thread-1] INFO org.apache.nifi.processors.standard.ControlRate - ControlRate[id=cc240f80-1797-4429-a146-e82ec75ed5a9] transferring FlowFile[572,91907328297812.mockFlowFile,13B] to 'success'
[pool-145-thread-1] INFO org.apache.nifi.processors.standard.ControlRate - ControlRate[id=cc240f80-1797-4429-a146-e82ec75ed5a9] transferring FlowFile[573,91907328312191.mockFlowFile,13B] to 'success'
[pool-145-thread-1] INFO org.apache.nifi.processors.standard.ControlRate - ControlRate[id=cc240f80-1797-4429-a146-e82ec75ed5a9] transferring FlowFile[574,91907328325432.mockFlowFile,13B] to 'success'
[pool-145-thread-1] INFO org.apache.nifi.processors.standard.ControlRate - ControlRate[id=cc240f80-1797-4429-a146-e82ec75ed5a9] transferring FlowFile[575,91907328341561.mockFlowFile,13B] to 'success'
[pool-145-thread-1] INFO org.apache.nifi.processors.standard.ControlRate - ControlRate[id=cc240f80-1797-4429-a146-e82ec75ed5a9] transferring FlowFile[576,91907328354969.mockFlowFile,13B] to 'success'
[pool-145-thread-1] INFO org.apache.nifi.processors.standard.ControlRate - ControlRate[id=cc240f80-1797-4429-a146-e82ec75ed5a9] transferring FlowFile[577,91907328367043.mockFlowFile,13B] to 'success'
[pool-145-thread-1] INFO org.apache.nifi.processors.standard.ControlRate - ControlRate[id=cc240f80-1797-4429-a146-e82ec75ed5a9] transferring FlowFile[578,91907328383357.mockFlowFile,13B] to 'success'
[pool-145-thread-1] INFO org.apache.nifi.processors.standard.ControlRate - ControlRate[id=cc240f80-1797-4429-a146-e82ec75ed5a9] transferring FlowFile[579,91907328398243.mockFlowFile,13B] to 'success'
[pool-145-thread-1] INFO org.apache.nifi.processors.standard.ControlRate - ControlRate[id=cc240f80-1797-4429-a146-e82ec75ed5a9] transferring FlowFile[580,91907328411144.mockFlowFile,13B] to 'success'
[pool-145-thread-1] INFO org.apache.nifi.processors.standard.ControlRate - ControlRate[id=cc240f80-1797-4429-a146-e82ec75ed5a9] transferring FlowFile[581,91907328424081.mockFlowFile,13B] to 'success'
[pool-145-thread-1] INFO org.apache.nifi.processors.standard.ControlRate - ControlRate[id=cc240f80-1797-4429-a146-e82ec75ed5a9] transferring FlowFile[582,91907328436030.mockFlowFile,13B] to 'success'
[pool-145-thread-1] INFO org.apache.nifi.processors.standard.ControlRate - ControlRate[id=cc240f80-1797-4429-a146-e82ec75ed5a9] transferring FlowFile[583,91907328454917.mockFlowFile,13B] to 'success'
[pool-145-thread-1] INFO org.apache.nifi.processors.standard.ControlRate - ControlRate[id=cc240f80-1797-4429-a146-e82ec75ed5a9] transferring FlowFile[584,91907328468904.mockFlowFile,13B] to 'success'
[pool-145-thread-1] INFO org.apache.nifi.processors.standard.ControlRate - ControlRate[id=cc240f80-1797-4429-a146-e82ec75ed5a9] transferring FlowFile[585,91907328482433.mockFlowFile,13B] to 'success'
[pool-145-thread-1] INFO org.apache.nifi.processors.standard.ControlRate - ControlRate[id=cc240f80-1797-4429-a146-e82ec75ed5a9] transferring FlowFile[586,91907328495347.mockFlowFile,13B] to 'success'
[pool-145-thread-1] INFO org.apache.nifi.processors.standard.ControlRate - ControlRate[id=cc240f80-1797-4429-a146-e82ec75ed5a9] transferring FlowFile[587,91907328507826.mockFlowFile,13B] to 'success'
[pool-145-thread-1] INFO org.apache.nifi.processors.standard.ControlRate - ControlRate[id=cc240f80-1797-4429-a146-e82ec75ed5a9] transferring FlowFile[588,91907328521280.mockFlowFile,13B] to 'success'
[pool-145-thread-1] INFO org.apache.nifi.processors.standard.ControlRate - ControlRate[id=cc240f80-1797-4429-a146-e82ec75ed5a9] transferring FlowFile[589,91907328535007.mockFlowFile,13B] to 'success'
[pool-145-thread-1] INFO org.apache.nifi.processors.standard.ControlRate - ControlRate[id=cc240f80-1797-4429-a146-e82ec75ed5a9] transferring FlowFile[590,91907328546786.mockFlowFile,13B] to 'success'
[pool-145-thread-1] INFO org.apache.nifi.processors.standard.ControlRate - ControlRate[id=cc240f80-1797-4429-a146-e82ec75ed5a9] transferring FlowFile[591,91907328563592.mockFlowFile,13B] to 'success'
[pool-145-thread-1] INFO org.apache.nifi.processors.standard.ControlRate - ControlRate[id=cc240f80-1797-4429-a146-e82ec75ed5a9] transferring FlowFile[592,91907328575799.mockFlowFile,13B] to 'success'
[pool-145-thread-1] INFO org.apache.nifi.processors.standard.ControlRate - ControlRate[id=cc240f80-1797-4429-a146-e82ec75ed5a9] transferring FlowFile[593,91907328588776.mockFlowFile,13B] to 'success'
[pool-145-thread-1] INFO org.apache.nifi.processors.standard.ControlRate - ControlRate[id=cc240f80-1797-4429-a146-e82ec75ed5a9] transferring FlowFile[594,91907328601764.mockFlowFile,13B] to 'success'
[pool-145-thread-1] INFO org.apache.nifi.processors.standard.ControlRate - ControlRate[id=cc240f80-1797-4429-a146-e82ec75ed5a9] transferring FlowFile[595,91907328613571.mockFlowFile,13B] to 'success'
[pool-145-thread-1] INFO org.apache.nifi.processors.standard.ControlRate - ControlRate[id=cc240f80-1797-4429-a146-e82ec75ed5a9] transferring FlowFile[596,91907328630819.mockFlowFile,13B] to 'success'
[pool-145-thread-1] INFO org.apache.nifi.processors.standard.ControlRate - ControlRate[id=cc240f80-1797-4429-a146-e82ec75ed5a9] transferring FlowFile[597,91907328645187.mockFlowFile,13B] to 'success'
[pool-145-thread-1] INFO org.apache.nifi.processors.standard.ControlRate - ControlRate[id=cc240f80-1797-4429-a146-e82ec75ed5a9] transferring FlowFile[598,91907328659038.mockFlowFile,13B] to 'success'
[pool-145-thread-1] INFO org.apache.nifi.processors.standard.ControlRate - ControlRate[id=cc240f80-1797-4429-a146-e82ec75ed5a9] transferring FlowFile[599,91907328676963.mockFlowFile,13B] to 'success'
[pool-145-thread-1] INFO org.apache.nifi.processors.standard.ControlRate - ControlRate[id=cc240f80-1797-4429-a146-e82ec75ed5a9] transferring FlowFile[600,91907328690453.mockFlowFile,13B] to 'success'
[pool-145-thread-1] INFO org.apache.nifi.processors.standard.ControlRate - ControlRate[id=cc240f80-1797-4429-a146-e82ec75ed5a9] transferring FlowFile[601,91907328703893.mockFlowFile,13B] to 'success'
[pool-145-thread-1] INFO org.apache.nifi.processors.standard.ControlRate - ControlRate[id=cc240f80-1797-4429-a146-e82ec75ed5a9] transferring FlowFile[602,91907328716600.mockFlowFile,13B] to 'success'
[pool-145-thread-1] INFO org.apache.nifi.processors.standard.ControlRate - ControlRate[id=cc240f80-1797-4429-a146-e82ec75ed5a9] transferring FlowFile[603,91907328730240.mockFlowFile,13B] to 'success'
[pool-145-thread-1] INFO org.apache.nifi.processors.standard.ControlRate - ControlRate[id=cc240f80-1797-4429-a146-e82ec75ed5a9] transferring FlowFile[604,91907328743134.mockFlowFile,13B] to 'success'
[pool-145-thread-1] INFO org.apache.nifi.processors.standard.ControlRate - ControlRate[id=cc240f80-1797-4429-a146-e82ec75ed5a9] transferring FlowFile[605,91907328755283.mockFlowFile,13B] to 'success'
[pool-145-thread-1] INFO org.apache.nifi.processors.standard.ControlRate - ControlRate[id=cc240f80-1797-4429-a146-e82ec75ed5a9] transferring FlowFile[606,91907328768183.mockFlowFile,13B] to 'success'
[pool-145-thread-1] INFO org.apache.nifi.processors.standard.ControlRate - ControlRate[id=cc240f80-1797-4429-a146-e82ec75ed5a9] transferring FlowFile[607,91907328786284.mockFlowFile,13B] to 'success'
[pool-145-thread-1] INFO org.apache.nifi.processors.standard.ControlRate - ControlRate[id=cc240f80-1797-4429-a146-e82ec75ed5a9] transferring FlowFile[608,91907328800549.mockFlowFile,13B] to 'success'
[pool-145-thread-1] INFO org.apache.nifi.processors.standard.ControlRate - ControlRate[id=cc240f80-1797-4429-a146-e82ec75ed5a9] transferring FlowFile[609,91907328813627.mockFlowFile,13B] to 'success'
[pool-145-thread-1] INFO org.apache.nifi.processors.standard.ControlRate - ControlRate[id=cc240f80-1797-4429-a146-e82ec75ed5a9] transferring FlowFile[610,91907328828120.mockFlowFile,13B] to 'success'
[pool-145-thread-1] INFO org.apache.nifi.processors.standard.ControlRate - ControlRate[id=cc240f80-1797-4429-a146-e82ec75ed5a9] transferring FlowFile[611,91907328841773.mockFlowFile,13B] to 'success'
[pool-145-thread-1] INFO org.apache.nifi.processors.standard.ControlRate - ControlRate[id=cc240f80-1797-4429-a146-e82ec75ed5a9] transferring FlowFile[612,91907328853812.mockFlowFile,13B] to 'success'
[pool-145-thread-1] INFO org.apache.nifi.processors.standard.ControlRate - ControlRate[id=cc240f80-1797-4429-a146-e82ec75ed5a9] transferring FlowFile[613,91907328867682.mockFlowFile,13B] to 'success'
[pool-145-thread-1] INFO org.apache.nifi.processors.standard.ControlRate - ControlRate[id=cc240f80-1797-4429-a146-e82ec75ed5a9] transferring FlowFile[614,91907328880668.mockFlowFile,13B] to 'success'
[pool-145-thread-1] INFO org.apache.nifi.processors.standard.ControlRate - ControlRate[id=cc240f80-1797-4429-a146-e82ec75ed5a9] transferring FlowFile[615,91907328896873.mockFlowFile,13B] to 'success'
[pool-145-thread-1] INFO org.apache.nifi.processors.standard.ControlRate - ControlRate[id=cc240f80-1797-4429-a146-e82ec75ed5a9] transferring FlowFile[616,91907328910906.mockFlowFile,13B] to 'success'
[pool-145-thread-1] INFO org.apache.nifi.processors.standard.ControlRate - ControlRate[id=cc240f80-1797-4429-a146-e82ec75ed5a9] transferring FlowFile[617,91907328923728.mockFlowFile,13B] to 'success'
[pool-145-thread-1] INFO org.apache.nifi.processors.standard.ControlRate - ControlRate[id=cc240f80-1797-4429-a146-e82ec75ed5a9] transferring FlowFile[618,91907328937203.mockFlowFile,13B] to 'success'
[pool-145-thread-1] INFO org.apache.nifi.processors.standard.ControlRate - ControlRate[id=cc240f80-1797-4429-a146-e82ec75ed5a9] transferring FlowFile[619,91907328951170.mockFlowFile,13B] to 'success'
[pool-145-thread-1] INFO org.apache.nifi.processors.standard.ControlRate - ControlRate[id=cc240f80-1797-4429-a146-e82ec75ed5a9] transferring FlowFile[620,91907328963866.mockFlowFile,13B] to 'success'
[pool-145-thread-1] INFO org.apache.nifi.processors.standard.ControlRate - ControlRate[id=cc240f80-1797-4429-a146-e82ec75ed5a9] transferring FlowFile[621,91907328977452.mockFlowFile,13B] to 'success'
[pool-145-thread-1] INFO org.apache.nifi.processors.standard.ControlRate - ControlRate[id=cc240f80-1797-4429-a146-e82ec75ed5a9] transferring FlowFile[622,91907328989649.mockFlowFile,13B] to 'success'
[pool-145-thread-1] INFO org.apache.nifi.processors.standard.ControlRate - ControlRate[id=cc240f80-1797-4429-a146-e82ec75ed5a9] transferring FlowFile[623,91907329007170.mockFlowFile,13B] to 'success'
[pool-145-thread-1] INFO org.apache.nifi.processors.standard.ControlRate - ControlRate[id=cc240f80-1797-4429-a146-e82ec75ed5a9] transferring FlowFile[624,91907329020571.mockFlowFile,13B] to 'success'
[pool-145-thread-1] INFO org.apache.nifi.processors.standard.ControlRate - ControlRate[id=cc240f80-1797-4429-a146-e82ec75ed5a9] transferring FlowFile[625,91907329032785.mockFlowFile,13B] to 'success'
[pool-145-thread-1] INFO org.apache.nifi.processors.standard.ControlRate - ControlRate[id=cc240f80-1797-4429-a146-e82ec75ed5a9] transferring FlowFile[626,91907329045850.mockFlowFile,13B] to 'success'
[pool-145-thread-1] INFO org.apache.nifi.processors.standard.ControlRate - ControlRate[id=cc240f80-1797-4429-a146-e82ec75ed5a9] transferring FlowFile[627,91907329057957.mockFlowFile,13B] to 'success'
[pool-145-thread-1] INFO org.apache.nifi.processors.standard.ControlRate - ControlRate[id=cc240f80-1797-4429-a146-e82ec75ed5a9] transferring FlowFile[628,91907329071493.mockFlowFile,13B] to 'success'
[pool-145-thread-1] INFO org.apache.nifi.processors.standard.ControlRate - ControlRate[id=cc240f80-1797-4429-a146-e82ec75ed5a9] transferring FlowFile[629,91907329085792.mockFlowFile,13B] to 'success'
[pool-145-thread-1] INFO org.apache.nifi.processors.standard.ControlRate - ControlRate[id=cc240f80-1797-4429-a146-e82ec75ed5a9] transferring FlowFile[630,91907329098202.mockFlowFile,13B] to 'success'
[pool-145-thread-1] INFO org.apache.nifi.processors.standard.ControlRate - ControlRate[id=cc240f80-1797-4429-a146-e82ec75ed5a9] transferring FlowFile[631,91907329115903.mockFlowFile,13B] to 'success'
[pool-145-thread-1] INFO org.apache.nifi.processors.standard.ControlRate - ControlRate[id=cc240f80-1797-4429-a146-e82ec75ed5a9] transferring FlowFile[632,91907329127944.mockFlowFile,13B] to 'success'
[pool-145-thread-1] INFO org.apache.nifi.processors.standard.ControlRate - ControlRate[id=cc240f80-1797-4429-a146-e82ec75ed5a9] transferring FlowFile[633,91907329140730.mockFlowFile,13B] to 'success'
[pool-145-thread-1] INFO org.apache.nifi.processors.standard.ControlRate - ControlRate[id=cc240f80-1797-4429-a146-e82ec75ed5a9] transferring FlowFile[634,91907329154450.mockFlowFile,13B] to 'success'
[pool-145-thread-1] INFO org.apache.nifi.processors.standard.ControlRate - ControlRate[id=cc240f80-1797-4429-a146-e82ec75ed5a9] transferring FlowFile[635,91907329166374.mockFlowFile,13B] to 'success'
[pool-145-thread-1] INFO org.apache.nifi.processors.standard.ControlRate - ControlRate[id=cc240f80-1797-4429-a146-e82ec75ed5a9] transferring FlowFile[636,91907329178787.mockFlowFile,13B] to 'success'
[pool-145-thread-1] INFO org.apache.nifi.processors.standard.ControlRate - ControlRate[id=cc240f80-1797-4429-a146-e82ec75ed5a9] transferring FlowFile[637,91907329190754.mockFlowFile,13B] to 'success'
[pool-145-thread-1] INFO org.apache.nifi.processors.standard.ControlRate - ControlRate[id=cc240f80-1797-4429-a146-e82ec75ed5a9] transferring FlowFile[638,91907329205272.mockFlowFile,13B] to 'success'
[pool-145-thread-1] INFO org.apache.nifi.processors.standard.ControlRate - ControlRate[id=cc240f80-1797-4429-a146-e82ec75ed5a9] transferring FlowFile[639,91907329223533.mockFlowFile,13B] to 'success'
[pool-145-thread-1] INFO org.apache.nifi.processors.standard.ControlRate - ControlRate[id=cc240f80-1797-4429-a146-e82ec75ed5a9] transferring FlowFile[640,91907329236746.mockFlowFile,13B] to 'success'
[pool-145-thread-1] INFO org.apache.nifi.processors.standard.ControlRate - ControlRate[id=cc240f80-1797-4429-a146-e82ec75ed5a9] transferring FlowFile[641,91907329250744.mockFlowFile,13B] to 'success'
[pool-145-thread-1] INFO org.apache.nifi.processors.standard.ControlRate - ControlRate[id=cc240f80-1797-4429-a146-e82ec75ed5a9] transferring FlowFile[642,91907329263635.mockFlowFile,13B] to 'success'
[pool-145-thread-1] INFO org.apache.nifi.processors.standard.ControlRate - ControlRate[id=cc240f80-1797-4429-a146-e82ec75ed5a9] transferring FlowFile[643,91907329277406.mockFlowFile,13B] to 'success'
[pool-145-thread-1] INFO org.apache.nifi.processors.standard.ControlRate - ControlRate[id=cc240f80-1797-4429-a146-e82ec75ed5a9] transferring FlowFile[644,91907329290223.mockFlowFile,13B] to 'success'
[pool-145-thread-1] INFO org.apache.nifi.processors.standard.ControlRate - ControlRate[id=cc240f80-1797-4429-a146-e82ec75ed5a9] transferring FlowFile[645,91907329311009.mockFlowFile,13B] to 'success'
[pool-145-thread-1] INFO org.apache.nifi.processors.standard.ControlRate - ControlRate[id=cc240f80-1797-4429-a146-e82ec75ed5a9] transferring FlowFile[646,91907329329785.mockFlowFile,13B] to 'success'
[pool-145-thread-1] INFO org.apache.nifi.processors.standard.ControlRate - ControlRate[id=cc240f80-1797-4429-a146-e82ec75ed5a9] transferring FlowFile[647,91907329347451.mockFlowFile,13B] to 'success'
[pool-145-thread-1] INFO org.apache.nifi.processors.standard.ControlRate - ControlRate[id=cc240f80-1797-4429-a146-e82ec75ed5a9] transferring FlowFile[648,91907329362500.mockFlowFile,13B] to 'success'
[pool-145-thread-1] INFO org.apache.nifi.processors.standard.ControlRate - ControlRate[id=cc240f80-1797-4429-a146-e82ec75ed5a9] transferring FlowFile[649,91907329377228.mockFlowFile,13B] to 'success'
[pool-145-thread-1] INFO org.apache.nifi.processors.standard.ControlRate - ControlRate[id=cc240f80-1797-4429-a146-e82ec75ed5a9] transferring FlowFile[650,91907329389987.mockFlowFile,13B] to 'success'
[pool-145-thread-1] INFO org.apache.nifi.processors.standard.ControlRate - ControlRate[id=cc240f80-1797-4429-a146-e82ec75ed5a9] transferring FlowFile[651,91907329403458.mockFlowFile,13B] to 'success'
[pool-145-thread-1] INFO org.apache.nifi.processors.standard.ControlRate - ControlRate[id=cc240f80-1797-4429-a146-e82ec75ed5a9] transferring FlowFile[652,91907329417844.mockFlowFile,13B] to 'success'
[pool-145-thread-1] INFO org.apache.nifi.processors.standard.ControlRate - ControlRate[id=cc240f80-1797-4429-a146-e82ec75ed5a9] transferring FlowFile[653,91907329431007.mockFlowFile,13B] to 'success'
[pool-145-thread-1] INFO org.apache.nifi.processors.standard.ControlRate - ControlRate[id=cc240f80-1797-4429-a146-e82ec75ed5a9] transferring FlowFile[654,91907329443973.mockFlowFile,13B] to 'success'
[pool-145-thread-1] INFO org.apache.nifi.processors.standard.ControlRate - ControlRate[id=cc240f80-1797-4429-a146-e82ec75ed5a9] transferring FlowFile[655,91907329461781.mockFlowFile,13B] to 'success'
[pool-145-thread-1] INFO org.apache.nifi.processors.standard.ControlRate - ControlRate[id=cc240f80-1797-4429-a146-e82ec75ed5a9] transferring FlowFile[656,91907329475524.mockFlowFile,13B] to 'success'
[pool-145-thread-1] INFO org.apache.nifi.processors.standard.ControlRate - ControlRate[id=cc240f80-1797-4429-a146-e82ec75ed5a9] transferring FlowFile[657,91907329489955.mockFlowFile,13B] to 'success'
[pool-145-thread-1] INFO org.apache.nifi.processors.standard.ControlRate - ControlRate[id=cc240f80-1797-4429-a146-e82ec75ed5a9] transferring FlowFile[658,91907329503427.mockFlowFile,13B] to 'success'
[pool-145-thread-1] INFO org.apache.nifi.processors.standard.ControlRate - ControlRate[id=cc240f80-1797-4429-a146-e82ec75ed5a9] transferring FlowFile[659,91907329517050.mockFlowFile,13B] to 'success'
[pool-145-thread-1] INFO org.apache.nifi.processors.standard.ControlRate - ControlRate[id=cc240f80-1797-4429-a146-e82ec75ed5a9] transferring FlowFile[660,91907329530217.mockFlowFile,13B] to 'success'
[pool-145-thread-1] INFO org.apache.nifi.processors.standard.ControlRate - ControlRate[id=cc240f80-1797-4429-a146-e82ec75ed5a9] transferring FlowFile[661,91907329543257.mockFlowFile,13B] to 'success'
[pool-145-thread-1] INFO org.apache.nifi.processors.standard.ControlRate - ControlRate[id=cc240f80-1797-4429-a146-e82ec75ed5a9] transferring FlowFile[662,91907329559976.mockFlowFile,13B] to 'success'
[pool-145-thread-1] INFO org.apache.nifi.processors.standard.ControlRate - ControlRate[id=cc240f80-1797-4429-a146-e82ec75ed5a9] transferring FlowFile[663,91907329577675.mockFlowFile,13B] to 'success'
[pool-145-thread-1] INFO org.apache.nifi.processors.standard.ControlRate - ControlRate[id=cc240f80-1797-4429-a146-e82ec75ed5a9] transferring FlowFile[664,91907329593523.mockFlowFile,13B] to 'success'
[pool-145-thread-1] INFO org.apache.nifi.processors.standard.ControlRate - ControlRate[id=cc240f80-1797-4429-a146-e82ec75ed5a9] transferring FlowFile[665,91907329606527.mockFlowFile,13B] to 'success'
[pool-145-thread-1] INFO org.apache.nifi.processors.standard.ControlRate - ControlRate[id=cc240f80-1797-4429-a146-e82ec75ed5a9] transferring FlowFile[666,91907329619687.mockFlowFile,13B] to 'success'
[pool-145-thread-1] INFO org.apache.nifi.processors.standard.ControlRate - ControlRate[id=cc240f80-1797-4429-a146-e82ec75ed5a9] transferring FlowFile[667,91907329633531.mockFlowFile,13B] to 'success'
[pool-145-thread-1] INFO org.apache.nifi.processors.standard.ControlRate - ControlRate[id=cc240f80-1797-4429-a146-e82ec75ed5a9] transferring FlowFile[668,91907329646807.mockFlowFile,13B] to 'success'
[pool-145-thread-1] INFO org.apache.nifi.processors.standard.ControlRate - ControlRate[id=cc240f80-1797-4429-a146-e82ec75ed5a9] transferring FlowFile[669,91907329660073.mockFlowFile,13B] to 'success'
[pool-145-thread-1] INFO org.apache.nifi.processors.standard.ControlRate - ControlRate[id=cc240f80-1797-4429-a146-e82ec75ed5a9] transferring FlowFile[670,91907329672910.mockFlowFile,13B] to 'success'
[pool-145-thread-1] INFO org.apache.nifi.processors.standard.ControlRate - ControlRate[id=cc240f80-1797-4429-a146-e82ec75ed5a9] transferring FlowFile[671,91907329690645.mockFlowFile,13B] to 'success'
[pool-145-thread-1] INFO org.apache.nifi.processors.standard.ControlRate - ControlRate[id=cc240f80-1797-4429-a146-e82ec75ed5a9] transferring FlowFile[672,91907329702567.mockFlowFile,13B] to 'success'
[pool-145-thread-1] INFO org.apache.nifi.processors.standard.ControlRate - ControlRate[id=cc240f80-1797-4429-a146-e82ec75ed5a9] transferring FlowFile[673,91907329715776.mockFlowFile,13B] to 'success'
[pool-145-thread-1] INFO org.apache.nifi.processors.standard.ControlRate - ControlRate[id=cc240f80-1797-4429-a146-e82ec75ed5a9] transferring FlowFile[674,91907329728527.mockFlowFile,13B] to 'success'
[pool-145-thread-1] INFO org.apache.nifi.processors.standard.ControlRate - ControlRate[id=cc240f80-1797-4429-a146-e82ec75ed5a9] transferring FlowFile[675,91907329743305.mockFlowFile,13B] to 'success'
[pool-145-thread-1] INFO org.apache.nifi.processors.standard.ControlRate - ControlRate[id=cc240f80-1797-4429-a146-e82ec75ed5a9] transferring FlowFile[676,91907329756878.mockFlowFile,13B] to 'success'
[pool-145-thread-1] INFO org.apache.nifi.processors.standard.ControlRate - ControlRate[id=cc240f80-1797-4429-a146-e82ec75ed5a9] transferring FlowFile[677,91907329770160.mockFlowFile,13B] to 'success'
[pool-145-thread-1] INFO org.apache.nifi.processors.standard.ControlRate - ControlRate[id=cc240f80-1797-4429-a146-e82ec75ed5a9] transferring FlowFile[678,91907329783517.mockFlowFile,13B] to 'success'
[pool-145-thread-1] INFO org.apache.nifi.processors.standard.ControlRate - ControlRate[id=cc240f80-1797-4429-a146-e82ec75ed5a9] transferring FlowFile[679,91907329801999.mockFlowFile,13B] to 'success'
[pool-145-thread-1] INFO org.apache.nifi.processors.standard.ControlRate - ControlRate[id=cc240f80-1797-4429-a146-e82ec75ed5a9] transferring FlowFile[680,91907329815187.mockFlowFile,13B] to 'success'
[pool-145-thread-1] INFO org.apache.nifi.processors.standard.ControlRate - ControlRate[id=cc240f80-1797-4429-a146-e82ec75ed5a9] transferring FlowFile[681,91907329827527.mockFlowFile,13B] to 'success'
[pool-145-thread-1] INFO org.apache.nifi.processors.standard.ControlRate - ControlRate[id=cc240f80-1797-4429-a146-e82ec75ed5a9] transferring FlowFile[682,91907329839328.mockFlowFile,13B] to 'success'
[pool-145-thread-1] INFO org.apache.nifi.processors.standard.ControlRate - ControlRate[id=cc240f80-1797-4429-a146-e82ec75ed5a9] transferring FlowFile[683,91907329851935.mockFlowFile,13B] to 'success'
[pool-145-thread-1] INFO org.apache.nifi.processors.standard.ControlRate - ControlRate[id=cc240f80-1797-4429-a146-e82ec75ed5a9] transferring FlowFile[684,91907329865490.mockFlowFile,13B] to 'success'
[pool-145-thread-1] INFO org.apache.nifi.processors.standard.ControlRate - ControlRate[id=cc240f80-1797-4429-a146-e82ec75ed5a9] transferring FlowFile[685,91907329878376.mockFlowFile,13B] to 'success'
[pool-145-thread-1] INFO org.apache.nifi.processors.standard.ControlRate - ControlRate[id=cc240f80-1797-4429-a146-e82ec75ed5a9] transferring FlowFile[686,91907329892164.mockFlowFile,13B] to 'success'
[pool-145-thread-1] INFO org.apache.nifi.processors.standard.ControlRate - ControlRate[id=cc240f80-1797-4429-a146-e82ec75ed5a9] transferring FlowFile[687,91907329909016.mockFlowFile,13B] to 'success'
[pool-145-thread-1] INFO org.apache.nifi.processors.standard.ControlRate - ControlRate[id=cc240f80-1797-4429-a146-e82ec75ed5a9] transferring FlowFile[688,91907329922844.mockFlowFile,13B] to 'success'
[pool-145-thread-1] INFO org.apache.nifi.processors.standard.ControlRate - ControlRate[id=cc240f80-1797-4429-a146-e82ec75ed5a9] transferring FlowFile[689,91907329936017.mockFlowFile,13B] to 'success'
[pool-145-thread-1] INFO org.apache.nifi.processors.standard.ControlRate - ControlRate[id=cc240f80-1797-4429-a146-e82ec75ed5a9] transferring FlowFile[690,91907329948004.mockFlowFile,13B] to 'success'
[pool-145-thread-1] INFO org.apache.nifi.processors.standard.ControlRate - ControlRate[id=cc240f80-1797-4429-a146-e82ec75ed5a9] transferring FlowFile[691,91907329962466.mockFlowFile,13B] to 'success'
[pool-145-thread-1] INFO org.apache.nifi.processors.standard.ControlRate - ControlRate[id=cc240f80-1797-4429-a146-e82ec75ed5a9] transferring FlowFile[692,91907330053980.mockFlowFile,13B] to 'success'
[pool-145-thread-1] INFO org.apache.nifi.processors.standard.ControlRate - ControlRate[id=cc240f80-1797-4429-a146-e82ec75ed5a9] transferring FlowFile[693,91907330075456.mockFlowFile,13B] to 'success'
[pool-145-thread-1] INFO org.apache.nifi.processors.standard.ControlRate - ControlRate[id=cc240f80-1797-4429-a146-e82ec75ed5a9] transferring FlowFile[694,91907330090007.mockFlowFile,13B] to 'success'
[pool-145-thread-1] INFO org.apache.nifi.processors.standard.ControlRate - ControlRate[id=cc240f80-1797-4429-a146-e82ec75ed5a9] transferring FlowFile[695,91907330108290.mockFlowFile,13B] to 'success'
[pool-145-thread-1] INFO org.apache.nifi.processors.standard.ControlRate - ControlRate[id=cc240f80-1797-4429-a146-e82ec75ed5a9] transferring FlowFile[696,91907330122728.mockFlowFile,13B] to 'success'
[pool-145-thread-1] INFO org.apache.nifi.processors.standard.ControlRate - ControlRate[id=cc240f80-1797-4429-a146-e82ec75ed5a9] transferring FlowFile[697,91907330135972.mockFlowFile,13B] to 'success'
[pool-145-thread-1] INFO org.apache.nifi.processors.standard.ControlRate - ControlRate[id=cc240f80-1797-4429-a146-e82ec75ed5a9] transferring FlowFile[698,91907330150327.mockFlowFile,13B] to 'success'
[pool-145-thread-1] INFO org.apache.nifi.processors.standard.ControlRate - ControlRate[id=cc240f80-1797-4429-a146-e82ec75ed5a9] transferring FlowFile[699,91907330163283.mockFlowFile,13B] to 'success'
[pool-145-thread-1] INFO org.apache.nifi.processors.standard.ControlRate - ControlRate[id=cc240f80-1797-4429-a146-e82ec75ed5a9] transferring FlowFile[700,91907330175625.mockFlowFile,13B] to 'success'
[pool-145-thread-1] INFO org.apache.nifi.processors.standard.ControlRate - ControlRate[id=cc240f80-1797-4429-a146-e82ec75ed5a9] transferring FlowFile[701,91907330189071.mockFlowFile,13B] to 'success'
[pool-145-thread-1] INFO org.apache.nifi.processors.standard.ControlRate - ControlRate[id=cc240f80-1797-4429-a146-e82ec75ed5a9] transferring FlowFile[702,91907330201815.mockFlowFile,13B] to 'success'
[pool-145-thread-1] INFO org.apache.nifi.processors.standard.ControlRate - ControlRate[id=cc240f80-1797-4429-a146-e82ec75ed5a9] transferring FlowFile[703,91907330220542.mockFlowFile,13B] to 'success'
[pool-145-thread-1] INFO org.apache.nifi.processors.standard.ControlRate - ControlRate[id=cc240f80-1797-4429-a146-e82ec75ed5a9] transferring FlowFile[704,91907330235171.mockFlowFile,13B] to 'success'
[pool-145-thread-1] INFO org.apache.nifi.processors.standard.ControlRate - ControlRate[id=cc240f80-1797-4429-a146-e82ec75ed5a9] transferring FlowFile[705,91907330248427.mockFlowFile,13B] to 'success'
[pool-145-thread-1] INFO org.apache.nifi.processors.standard.ControlRate - ControlRate[id=cc240f80-1797-4429-a146-e82ec75ed5a9] transferring FlowFile[706,91907330268433.mockFlowFile,13B] to 'success'
[pool-145-thread-1] INFO org.apache.nifi.processors.standard.ControlRate - ControlRate[id=cc240f80-1797-4429-a146-e82ec75ed5a9] transferring FlowFile[707,91907330283214.mockFlowFile,13B] to 'success'
[pool-145-thread-1] INFO org.apache.nifi.processors.standard.ControlRate - ControlRate[id=cc240f80-1797-4429-a146-e82ec75ed5a9] transferring FlowFile[708,91907330296561.mockFlowFile,13B] to 'success'
[pool-145-thread-1] INFO org.apache.nifi.processors.standard.ControlRate - ControlRate[id=cc240f80-1797-4429-a146-e82ec75ed5a9] transferring FlowFile[709,91907330310256.mockFlowFile,13B] to 'success'
[pool-145-thread-1] INFO org.apache.nifi.processors.standard.ControlRate - ControlRate[id=cc240f80-1797-4429-a146-e82ec75ed5a9] transferring FlowFile[710,91907330323674.mockFlowFile,13B] to 'success'
[pool-145-thread-1] INFO org.apache.nifi.processors.standard.ControlRate - ControlRate[id=cc240f80-1797-4429-a146-e82ec75ed5a9] transferring FlowFile[711,91907330342652.mockFlowFile,13B] to 'success'
[pool-145-thread-1] INFO org.apache.nifi.processors.standard.ControlRate - ControlRate[id=cc240f80-1797-4429-a146-e82ec75ed5a9] transferring FlowFile[712,91907330354993.mockFlowFile,13B] to 'success'
[pool-145-thread-1] INFO org.apache.nifi.processors.standard.ControlRate - ControlRate[id=cc240f80-1797-4429-a146-e82ec75ed5a9] transferring FlowFile[713,91907330369261.mockFlowFile,13B] to 'success'
[pool-145-thread-1] INFO org.apache.nifi.processors.standard.ControlRate - ControlRate[id=cc240f80-1797-4429-a146-e82ec75ed5a9] transferring FlowFile[714,91907330382703.mockFlowFile,13B] to 'success'
[pool-145-thread-1] INFO org.apache.nifi.processors.standard.ControlRate - ControlRate[id=cc240f80-1797-4429-a146-e82ec75ed5a9] transferring FlowFile[715,91907330396235.mockFlowFile,13B] to 'success'
[pool-145-thread-1] INFO org.apache.nifi.processors.standard.ControlRate - ControlRate[id=cc240f80-1797-4429-a146-e82ec75ed5a9] transferring FlowFile[716,91907330409780.mockFlowFile,13B] to 'success'
[pool-145-thread-1] INFO org.apache.nifi.processors.standard.ControlRate - ControlRate[id=cc240f80-1797-4429-a146-e82ec75ed5a9] transferring FlowFile[717,91907330421865.mockFlowFile,13B] to 'success'
[pool-145-thread-1] INFO org.apache.nifi.processors.standard.ControlRate - ControlRate[id=cc240f80-1797-4429-a146-e82ec75ed5a9] transferring FlowFile[718,91907330435209.mockFlowFile,13B] to 'success'
[pool-145-thread-1] INFO org.apache.nifi.processors.standard.ControlRate - ControlRate[id=cc240f80-1797-4429-a146-e82ec75ed5a9] transferring FlowFile[719,91907330452388.mockFlowFile,13B] to 'success'
[pool-145-thread-1] INFO org.apache.nifi.processors.standard.ControlRate - ControlRate[id=cc240f80-1797-4429-a146-e82ec75ed5a9] transferring FlowFile[720,91907330465630.mockFlowFile,13B] to 'success'
[pool-145-thread-1] INFO org.apache.nifi.processors.standard.ControlRate - ControlRate[id=cc240f80-1797-4429-a146-e82ec75ed5a9] transferring FlowFile[721,91907330512130.mockFlowFile,13B] to 'success'
[pool-145-thread-1] INFO org.apache.nifi.processors.standard.ControlRate - ControlRate[id=cc240f80-1797-4429-a146-e82ec75ed5a9] transferring FlowFile[722,91907330525705.mockFlowFile,13B] to 'success'
[pool-145-thread-1] INFO org.apache.nifi.processors.standard.ControlRate - ControlRate[id=cc240f80-1797-4429-a146-e82ec75ed5a9] transferring FlowFile[723,91907330539669.mockFlowFile,13B] to 'success'
[pool-145-thread-1] INFO org.apache.nifi.processors.standard.ControlRate - ControlRate[id=cc240f80-1797-4429-a146-e82ec75ed5a9] transferring FlowFile[724,91907330552453.mockFlowFile,13B] to 'success'
[pool-145-thread-1] INFO org.apache.nifi.processors.standard.ControlRate - ControlRate[id=cc240f80-1797-4429-a146-e82ec75ed5a9] transferring FlowFile[725,91907330564483.mockFlowFile,13B] to 'success'
[pool-145-thread-1] INFO org.apache.nifi.processors.standard.ControlRate - ControlRate[id=cc240f80-1797-4429-a146-e82ec75ed5a9] transferring FlowFile[726,91907330577101.mockFlowFile,13B] to 'success'
[pool-145-thread-1] INFO org.apache.nifi.processors.standard.ControlRate - ControlRate[id=cc240f80-1797-4429-a146-e82ec75ed5a9] transferring FlowFile[727,91907330593801.mockFlowFile,13B] to 'success'
[pool-145-thread-1] INFO org.apache.nifi.processors.standard.ControlRate - ControlRate[id=cc240f80-1797-4429-a146-e82ec75ed5a9] transferring FlowFile[728,91907330607597.mockFlowFile,13B] to 'success'
[pool-145-thread-1] INFO org.apache.nifi.processors.standard.ControlRate - ControlRate[id=cc240f80-1797-4429-a146-e82ec75ed5a9] transferring FlowFile[729,91907330620400.mockFlowFile,13B] to 'success'
[pool-145-thread-1] INFO org.apache.nifi.processors.standard.ControlRate - ControlRate[id=cc240f80-1797-4429-a146-e82ec75ed5a9] transferring FlowFile[730,91907330634436.mockFlowFile,13B] to 'success'
[pool-145-thread-1] INFO org.apache.nifi.processors.standard.ControlRate - ControlRate[id=cc240f80-1797-4429-a146-e82ec75ed5a9] transferring FlowFile[731,91907330648675.mockFlowFile,13B] to 'success'
[pool-145-thread-1] INFO org.apache.nifi.processors.standard.ControlRate - ControlRate[id=cc240f80-1797-4429-a146-e82ec75ed5a9] transferring FlowFile[732,91907330661464.mockFlowFile,13B] to 'success'
[pool-145-thread-1] INFO org.apache.nifi.processors.standard.ControlRate - ControlRate[id=cc240f80-1797-4429-a146-e82ec75ed5a9] transferring FlowFile[733,91907330676002.mockFlowFile,13B] to 'success'
[pool-145-thread-1] INFO org.apache.nifi.processors.standard.ControlRate - ControlRate[id=cc240f80-1797-4429-a146-e82ec75ed5a9] transferring FlowFile[734,91907330689312.mockFlowFile,13B] to 'success'
[pool-145-thread-1] INFO org.apache.nifi.processors.standard.ControlRate - ControlRate[id=cc240f80-1797-4429-a146-e82ec75ed5a9] transferring FlowFile[735,91907330706572.mockFlowFile,13B] to 'success'
[pool-145-thread-1] INFO org.apache.nifi.processors.standard.ControlRate - ControlRate[id=cc240f80-1797-4429-a146-e82ec75ed5a9] transferring FlowFile[736,91907330721066.mockFlowFile,13B] to 'success'
[pool-145-thread-1] INFO org.apache.nifi.processors.standard.ControlRate - ControlRate[id=cc240f80-1797-4429-a146-e82ec75ed5a9] transferring FlowFile[737,91907330733121.mockFlowFile,13B] to 'success'
[pool-145-thread-1] INFO org.apache.nifi.processors.standard.ControlRate - ControlRate[id=cc240f80-1797-4429-a146-e82ec75ed5a9] transferring FlowFile[738,91907330746861.mockFlowFile,13B] to 'success'
[pool-145-thread-1] INFO org.apache.nifi.processors.standard.ControlRate - ControlRate[id=cc240f80-1797-4429-a146-e82ec75ed5a9] transferring FlowFile[739,91907330760287.mockFlowFile,13B] to 'success'
[pool-145-thread-1] INFO org.apache.nifi.processors.standard.ControlRate - ControlRate[id=cc240f80-1797-4429-a146-e82ec75ed5a9] transferring FlowFile[740,91907330773343.mockFlowFile,13B] to 'success'
[pool-145-thread-1] INFO org.apache.nifi.processors.standard.ControlRate - ControlRate[id=cc240f80-1797-4429-a146-e82ec75ed5a9] transferring FlowFile[741,91907330790320.mockFlowFile,13B] to 'success'
[pool-145-thread-1] INFO org.apache.nifi.processors.standard.ControlRate - ControlRate[id=cc240f80-1797-4429-a146-e82ec75ed5a9] transferring FlowFile[742,91907330804677.mockFlowFile,13B] to 'success'
[pool-145-thread-1] INFO org.apache.nifi.processors.standard.ControlRate - ControlRate[id=cc240f80-1797-4429-a146-e82ec75ed5a9] transferring FlowFile[743,91907330825225.mockFlowFile,13B] to 'success'
[pool-145-thread-1] INFO org.apache.nifi.processors.standard.ControlRate - ControlRate[id=cc240f80-1797-4429-a146-e82ec75ed5a9] transferring FlowFile[744,91907330839302.mockFlowFile,13B] to 'success'
[pool-145-thread-1] INFO org.apache.nifi.processors.standard.ControlRate - ControlRate[id=cc240f80-1797-4429-a146-e82ec75ed5a9] transferring FlowFile[745,91907330851824.mockFlowFile,13B] to 'success'
[pool-145-thread-1] INFO org.apache.nifi.processors.standard.ControlRate - ControlRate[id=cc240f80-1797-4429-a146-e82ec75ed5a9] transferring FlowFile[746,91907330864783.mockFlowFile,13B] to 'success'
[pool-145-thread-1] INFO org.apache.nifi.processors.standard.ControlRate - ControlRate[id=cc240f80-1797-4429-a146-e82ec75ed5a9] transferring FlowFile[747,91907330876625.mockFlowFile,13B] to 'success'
[pool-145-thread-1] INFO org.apache.nifi.processors.standard.ControlRate - ControlRate[id=cc240f80-1797-4429-a146-e82ec75ed5a9] transferring FlowFile[748,91907330890266.mockFlowFile,13B] to 'success'
[pool-145-thread-1] INFO org.apache.nifi.processors.standard.ControlRate - ControlRate[id=cc240f80-1797-4429-a146-e82ec75ed5a9] transferring FlowFile[749,91907330903679.mockFlowFile,13B] to 'success'
[pool-145-thread-1] INFO org.apache.nifi.processors.standard.ControlRate - ControlRate[id=cc240f80-1797-4429-a146-e82ec75ed5a9] transferring FlowFile[750,91907330915402.mockFlowFile,13B] to 'success'
[pool-145-thread-1] INFO org.apache.nifi.processors.standard.ControlRate - ControlRate[id=cc240f80-1797-4429-a146-e82ec75ed5a9] transferring FlowFile[751,91907330932587.mockFlowFile,13B] to 'success'
[pool-145-thread-1] INFO org.apache.nifi.processors.standard.ControlRate - ControlRate[id=cc240f80-1797-4429-a146-e82ec75ed5a9] transferring FlowFile[752,91907330944811.mockFlowFile,13B] to 'success'
[pool-145-thread-1] INFO org.apache.nifi.processors.standard.ControlRate - ControlRate[id=cc240f80-1797-4429-a146-e82ec75ed5a9] transferring FlowFile[753,91907330958203.mockFlowFile,13B] to 'success'
[pool-145-thread-1] INFO org.apache.nifi.processors.standard.ControlRate - ControlRate[id=cc240f80-1797-4429-a146-e82ec75ed5a9] transferring FlowFile[754,91907330971639.mockFlowFile,13B] to 'success'
[pool-145-thread-1] INFO org.apache.nifi.processors.standard.ControlRate - ControlRate[id=cc240f80-1797-4429-a146-e82ec75ed5a9] transferring FlowFile[755,91907330984012.mockFlowFile,13B] to 'success'
[pool-145-thread-1] INFO org.apache.nifi.processors.standard.ControlRate - ControlRate[id=cc240f80-1797-4429-a146-e82ec75ed5a9] transferring FlowFile[756,91907330996711.mockFlowFile,13B] to 'success'
[pool-145-thread-1] INFO org.apache.nifi.processors.standard.ControlRate - ControlRate[id=cc240f80-1797-4429-a146-e82ec75ed5a9] transferring FlowFile[757,91907331009463.mockFlowFile,13B] to 'success'
[pool-145-thread-1] INFO org.apache.nifi.processors.standard.ControlRate - ControlRate[id=cc240f80-1797-4429-a146-e82ec75ed5a9] transferring FlowFile[758,91907331023905.mockFlowFile,13B] to 'success'
[pool-145-thread-1] INFO org.apache.nifi.processors.standard.ControlRate - ControlRate[id=cc240f80-1797-4429-a146-e82ec75ed5a9] transferring FlowFile[759,91907331042481.mockFlowFile,13B] to 'success'
[pool-145-thread-1] INFO org.apache.nifi.processors.standard.ControlRate - ControlRate[id=cc240f80-1797-4429-a146-e82ec75ed5a9] transferring FlowFile[760,91907331055335.mockFlowFile,13B] to 'success'
[pool-145-thread-1] INFO org.apache.nifi.processors.standard.ControlRate - ControlRate[id=cc240f80-1797-4429-a146-e82ec75ed5a9] transferring FlowFile[761,91907331099211.mockFlowFile,13B] to 'success'
[pool-145-thread-1] INFO org.apache.nifi.processors.standard.ControlRate - ControlRate[id=cc240f80-1797-4429-a146-e82ec75ed5a9] transferring FlowFile[762,91907331123032.mockFlowFile,13B] to 'success'
[pool-145-thread-1] INFO org.apache.nifi.processors.standard.ControlRate - ControlRate[id=cc240f80-1797-4429-a146-e82ec75ed5a9] transferring FlowFile[763,91907331138060.mockFlowFile,13B] to 'success'
[pool-145-thread-1] INFO org.apache.nifi.processors.standard.ControlRate - ControlRate[id=cc240f80-1797-4429-a146-e82ec75ed5a9] transferring FlowFile[764,91907331151204.mockFlowFile,13B] to 'success'
[pool-145-thread-1] INFO org.apache.nifi.processors.standard.ControlRate - ControlRate[id=cc240f80-1797-4429-a146-e82ec75ed5a9] transferring FlowFile[765,91907331163575.mockFlowFile,13B] to 'success'
[pool-145-thread-1] INFO org.apache.nifi.processors.standard.ControlRate - ControlRate[id=cc240f80-1797-4429-a146-e82ec75ed5a9] transferring FlowFile[766,91907331180089.mockFlowFile,13B] to 'success'
[pool-145-thread-1] INFO org.apache.nifi.processors.standard.ControlRate - ControlRate[id=cc240f80-1797-4429-a146-e82ec75ed5a9] transferring FlowFile[767,91907331197323.mockFlowFile,13B] to 'success'
[pool-145-thread-1] INFO org.apache.nifi.processors.standard.ControlRate - ControlRate[id=cc240f80-1797-4429-a146-e82ec75ed5a9] transferring FlowFile[768,91907331211126.mockFlowFile,13B] to 'success'
[pool-145-thread-1] INFO org.apache.nifi.processors.standard.ControlRate - ControlRate[id=cc240f80-1797-4429-a146-e82ec75ed5a9] transferring FlowFile[769,91907331224901.mockFlowFile,13B] to 'success'
[pool-145-thread-1] INFO org.apache.nifi.processors.standard.ControlRate - ControlRate[id=cc240f80-1797-4429-a146-e82ec75ed5a9] transferring FlowFile[770,91907331241579.mockFlowFile,13B] to 'success'
[pool-145-thread-1] INFO org.apache.nifi.processors.standard.ControlRate - ControlRate[id=cc240f80-1797-4429-a146-e82ec75ed5a9] transferring FlowFile[771,91907331256235.mockFlowFile,13B] to 'success'
[pool-145-thread-1] INFO org.apache.nifi.processors.standard.ControlRate - ControlRate[id=cc240f80-1797-4429-a146-e82ec75ed5a9] transferring FlowFile[772,91907331269520.mockFlowFile,13B] to 'success'
[pool-145-thread-1] INFO org.apache.nifi.processors.standard.ControlRate - ControlRate[id=cc240f80-1797-4429-a146-e82ec75ed5a9] transferring FlowFile[773,91907331282462.mockFlowFile,13B] to 'success'
[pool-145-thread-1] INFO org.apache.nifi.processors.standard.ControlRate - ControlRate[id=cc240f80-1797-4429-a146-e82ec75ed5a9] transferring FlowFile[774,91907331295510.mockFlowFile,13B] to 'success'
[pool-145-thread-1] INFO org.apache.nifi.processors.standard.ControlRate - ControlRate[id=cc240f80-1797-4429-a146-e82ec75ed5a9] transferring FlowFile[775,91907331315836.mockFlowFile,13B] to 'success'
[pool-145-thread-1] INFO org.apache.nifi.processors.standard.ControlRate - ControlRate[id=cc240f80-1797-4429-a146-e82ec75ed5a9] transferring FlowFile[776,91907331333495.mockFlowFile,13B] to 'success'
[pool-145-thread-1] INFO org.apache.nifi.processors.standard.ControlRate - ControlRate[id=cc240f80-1797-4429-a146-e82ec75ed5a9] transferring FlowFile[777,91907331353248.mockFlowFile,13B] to 'success'
[pool-145-thread-1] INFO org.apache.nifi.processors.standard.ControlRate - ControlRate[id=cc240f80-1797-4429-a146-e82ec75ed5a9] transferring FlowFile[778,91907331372167.mockFlowFile,13B] to 'success'
[pool-145-thread-1] INFO org.apache.nifi.processors.standard.ControlRate - ControlRate[id=cc240f80-1797-4429-a146-e82ec75ed5a9] transferring FlowFile[779,91907331387058.mockFlowFile,13B] to 'success'
[pool-145-thread-1] INFO org.apache.nifi.processors.standard.ControlRate - ControlRate[id=cc240f80-1797-4429-a146-e82ec75ed5a9] transferring FlowFile[780,91907331400241.mockFlowFile,13B] to 'success'
[pool-145-thread-1] INFO org.apache.nifi.processors.standard.ControlRate - ControlRate[id=cc240f80-1797-4429-a146-e82ec75ed5a9] transferring FlowFile[781,91907331415174.mockFlowFile,13B] to 'success'
[pool-145-thread-1] INFO org.apache.nifi.processors.standard.ControlRate - ControlRate[id=cc240f80-1797-4429-a146-e82ec75ed5a9] transferring FlowFile[782,91907331427572.mockFlowFile,13B] to 'success'
[pool-145-thread-1] INFO org.apache.nifi.processors.standard.ControlRate - ControlRate[id=cc240f80-1797-4429-a146-e82ec75ed5a9] transferring FlowFile[783,91907331445467.mockFlowFile,13B] to 'success'
[pool-145-thread-1] INFO org.apache.nifi.processors.standard.ControlRate - ControlRate[id=cc240f80-1797-4429-a146-e82ec75ed5a9] transferring FlowFile[784,91907331459074.mockFlowFile,13B] to 'success'
[pool-145-thread-1] INFO org.apache.nifi.processors.standard.ControlRate - ControlRate[id=cc240f80-1797-4429-a146-e82ec75ed5a9] transferring FlowFile[785,91907331492527.mockFlowFile,13B] to 'success'
[pool-145-thread-1] INFO org.apache.nifi.processors.standard.ControlRate - ControlRate[id=cc240f80-1797-4429-a146-e82ec75ed5a9] transferring FlowFile[786,91907331515593.mockFlowFile,13B] to 'success'
[pool-145-thread-1] INFO org.apache.nifi.processors.standard.ControlRate - ControlRate[id=cc240f80-1797-4429-a146-e82ec75ed5a9] transferring FlowFile[787,91907331527985.mockFlowFile,13B] to 'success'
[pool-145-thread-1] INFO org.apache.nifi.processors.standard.ControlRate - ControlRate[id=cc240f80-1797-4429-a146-e82ec75ed5a9] transferring FlowFile[788,91907331540886.mockFlowFile,13B] to 'success'
[pool-145-thread-1] INFO org.apache.nifi.processors.standard.ControlRate - ControlRate[id=cc240f80-1797-4429-a146-e82ec75ed5a9] transferring FlowFile[789,91907331554146.mockFlowFile,13B] to 'success'
[pool-145-thread-1] INFO org.apache.nifi.processors.standard.ControlRate - ControlRate[id=cc240f80-1797-4429-a146-e82ec75ed5a9] transferring FlowFile[790,91907331571244.mockFlowFile,13B] to 'success'
[pool-145-thread-1] INFO org.apache.nifi.processors.standard.ControlRate - ControlRate[id=cc240f80-1797-4429-a146-e82ec75ed5a9] transferring FlowFile[791,91907331591026.mockFlowFile,13B] to 'success'
[pool-145-thread-1] INFO org.apache.nifi.processors.standard.ControlRate - ControlRate[id=cc240f80-1797-4429-a146-e82ec75ed5a9] transferring FlowFile[792,91907331604103.mockFlowFile,13B] to 'success'
[pool-145-thread-1] INFO org.apache.nifi.processors.standard.ControlRate - ControlRate[id=cc240f80-1797-4429-a146-e82ec75ed5a9] transferring FlowFile[793,91907331618132.mockFlowFile,13B] to 'success'
[pool-145-thread-1] INFO org.apache.nifi.processors.standard.ControlRate - ControlRate[id=cc240f80-1797-4429-a146-e82ec75ed5a9] transferring FlowFile[794,91907331631803.mockFlowFile,13B] to 'success'
[pool-145-thread-1] INFO org.apache.nifi.processors.standard.ControlRate - ControlRate[id=cc240f80-1797-4429-a146-e82ec75ed5a9] transferring FlowFile[795,91907331644471.mockFlowFile,13B] to 'success'
[pool-145-thread-1] INFO org.apache.nifi.processors.standard.ControlRate - ControlRate[id=cc240f80-1797-4429-a146-e82ec75ed5a9] transferring FlowFile[796,91907331657279.mockFlowFile,13B] to 'success'
[pool-145-thread-1] INFO org.apache.nifi.processors.standard.ControlRate - ControlRate[id=cc240f80-1797-4429-a146-e82ec75ed5a9] transferring FlowFile[797,91907331670184.mockFlowFile,13B] to 'success'
[pool-145-thread-1] INFO org.apache.nifi.processors.standard.ControlRate - ControlRate[id=cc240f80-1797-4429-a146-e82ec75ed5a9] transferring FlowFile[798,91907331683775.mockFlowFile,13B] to 'success'
[pool-145-thread-1] INFO org.apache.nifi.processors.standard.ControlRate - ControlRate[id=cc240f80-1797-4429-a146-e82ec75ed5a9] transferring FlowFile[799,91907331702006.mockFlowFile,13B] to 'success'
[pool-145-thread-1] INFO org.apache.nifi.processors.standard.ControlRate - ControlRate[id=cc240f80-1797-4429-a146-e82ec75ed5a9] transferring FlowFile[800,91907331715249.mockFlowFile,13B] to 'success'
[pool-145-thread-1] INFO org.apache.nifi.processors.standard.ControlRate - ControlRate[id=cc240f80-1797-4429-a146-e82ec75ed5a9] transferring FlowFile[801,91907331728351.mockFlowFile,13B] to 'success'
[pool-145-thread-1] INFO org.apache.nifi.processors.standard.ControlRate - ControlRate[id=cc240f80-1797-4429-a146-e82ec75ed5a9] transferring FlowFile[802,91907331740500.mockFlowFile,13B] to 'success'
[pool-145-thread-1] INFO org.apache.nifi.processors.standard.ControlRate - ControlRate[id=cc240f80-1797-4429-a146-e82ec75ed5a9] transferring FlowFile[803,91907331753732.mockFlowFile,13B] to 'success'
[pool-145-thread-1] INFO org.apache.nifi.processors.standard.ControlRate - ControlRate[id=cc240f80-1797-4429-a146-e82ec75ed5a9] transferring FlowFile[804,91907331767724.mockFlowFile,13B] to 'success'
[pool-145-thread-1] INFO org.apache.nifi.processors.standard.ControlRate - ControlRate[id=cc240f80-1797-4429-a146-e82ec75ed5a9] transferring FlowFile[805,91907331780789.mockFlowFile,13B] to 'success'
[pool-145-thread-1] INFO org.apache.nifi.processors.standard.ControlRate - ControlRate[id=cc240f80-1797-4429-a146-e82ec75ed5a9] transferring FlowFile[806,91907331795531.mockFlowFile,13B] to 'success'
[pool-145-thread-1] INFO org.apache.nifi.processors.standard.ControlRate - ControlRate[id=cc240f80-1797-4429-a146-e82ec75ed5a9] transferring FlowFile[807,91907331821060.mockFlowFile,13B] to 'success'
[pool-145-thread-1] INFO org.apache.nifi.processors.standard.ControlRate - ControlRate[id=cc240f80-1797-4429-a146-e82ec75ed5a9] transferring FlowFile[808,91907331835844.mockFlowFile,13B] to 'success'
[pool-145-thread-1] INFO org.apache.nifi.processors.standard.ControlRate - ControlRate[id=cc240f80-1797-4429-a146-e82ec75ed5a9] transferring FlowFile[809,91907331849959.mockFlowFile,13B] to 'success'
[pool-145-thread-1] INFO org.apache.nifi.processors.standard.ControlRate - ControlRate[id=cc240f80-1797-4429-a146-e82ec75ed5a9] transferring FlowFile[810,91907331862318.mockFlowFile,13B] to 'success'
[pool-145-thread-1] INFO org.apache.nifi.processors.standard.ControlRate - ControlRate[id=cc240f80-1797-4429-a146-e82ec75ed5a9] transferring FlowFile[811,91907331875985.mockFlowFile,13B] to 'success'
[pool-145-thread-1] INFO org.apache.nifi.processors.standard.ControlRate - ControlRate[id=cc240f80-1797-4429-a146-e82ec75ed5a9] transferring FlowFile[812,91907331888512.mockFlowFile,13B] to 'success'
[pool-145-thread-1] INFO org.apache.nifi.processors.standard.ControlRate - ControlRate[id=cc240f80-1797-4429-a146-e82ec75ed5a9] transferring FlowFile[813,91907331901851.mockFlowFile,13B] to 'success'
[pool-145-thread-1] INFO org.apache.nifi.processors.standard.ControlRate - ControlRate[id=cc240f80-1797-4429-a146-e82ec75ed5a9] transferring FlowFile[814,91907331916017.mockFlowFile,13B] to 'success'
[pool-145-thread-1] INFO org.apache.nifi.processors.standard.ControlRate - ControlRate[id=cc240f80-1797-4429-a146-e82ec75ed5a9] transferring FlowFile[815,91907331932824.mockFlowFile,13B] to 'success'
[pool-145-thread-1] INFO org.apache.nifi.processors.standard.ControlRate - ControlRate[id=cc240f80-1797-4429-a146-e82ec75ed5a9] transferring FlowFile[816,91907331947413.mockFlowFile,13B] to 'success'
[pool-145-thread-1] INFO org.apache.nifi.processors.standard.ControlRate - ControlRate[id=cc240f80-1797-4429-a146-e82ec75ed5a9] transferring FlowFile[817,91907331961054.mockFlowFile,13B] to 'success'
[pool-145-thread-1] INFO org.apache.nifi.processors.standard.ControlRate - ControlRate[id=cc240f80-1797-4429-a146-e82ec75ed5a9] transferring FlowFile[818,91907331974553.mockFlowFile,13B] to 'success'
[pool-145-thread-1] INFO org.apache.nifi.processors.standard.ControlRate - ControlRate[id=cc240f80-1797-4429-a146-e82ec75ed5a9] transferring FlowFile[819,91907331989008.mockFlowFile,13B] to 'success'
[pool-145-thread-1] INFO org.apache.nifi.processors.standard.ControlRate - ControlRate[id=cc240f80-1797-4429-a146-e82ec75ed5a9] transferring FlowFile[820,91907332026523.mockFlowFile,13B] to 'success'
[pool-145-thread-1] INFO org.apache.nifi.processors.standard.ControlRate - ControlRate[id=cc240f80-1797-4429-a146-e82ec75ed5a9] transferring FlowFile[821,91907332041782.mockFlowFile,13B] to 'success'
[pool-145-thread-1] INFO org.apache.nifi.processors.standard.ControlRate - ControlRate[id=cc240f80-1797-4429-a146-e82ec75ed5a9] transferring FlowFile[822,91907332054942.mockFlowFile,13B] to 'success'
[pool-145-thread-1] INFO org.apache.nifi.processors.standard.ControlRate - ControlRate[id=cc240f80-1797-4429-a146-e82ec75ed5a9] transferring FlowFile[823,91907332073984.mockFlowFile,13B] to 'success'
[pool-145-thread-1] INFO org.apache.nifi.processors.standard.ControlRate - ControlRate[id=cc240f80-1797-4429-a146-e82ec75ed5a9] transferring FlowFile[824,91907332089145.mockFlowFile,13B] to 'success'
[pool-145-thread-1] INFO org.apache.nifi.processors.standard.ControlRate - ControlRate[id=cc240f80-1797-4429-a146-e82ec75ed5a9] transferring FlowFile[825,91907332101862.mockFlowFile,13B] to 'success'
[pool-145-thread-1] INFO org.apache.nifi.processors.standard.ControlRate - ControlRate[id=cc240f80-1797-4429-a146-e82ec75ed5a9] transferring FlowFile[826,91907332114617.mockFlowFile,13B] to 'success'
[pool-145-thread-1] INFO org.apache.nifi.processors.standard.ControlRate - ControlRate[id=cc240f80-1797-4429-a146-e82ec75ed5a9] transferring FlowFile[827,91907332126374.mockFlowFile,13B] to 'success'
[pool-145-thread-1] INFO org.apache.nifi.processors.standard.ControlRate - ControlRate[id=cc240f80-1797-4429-a146-e82ec75ed5a9] transferring FlowFile[828,91907332142724.mockFlowFile,13B] to 'success'
[pool-145-thread-1] INFO org.apache.nifi.processors.standard.ControlRate - ControlRate[id=cc240f80-1797-4429-a146-e82ec75ed5a9] transferring FlowFile[829,91907332157198.mockFlowFile,13B] to 'success'
[pool-145-thread-1] INFO org.apache.nifi.processors.standard.ControlRate - ControlRate[id=cc240f80-1797-4429-a146-e82ec75ed5a9] transferring FlowFile[830,91907332170441.mockFlowFile,13B] to 'success'
[pool-145-thread-1] INFO org.apache.nifi.processors.standard.ControlRate - ControlRate[id=cc240f80-1797-4429-a146-e82ec75ed5a9] transferring FlowFile[831,91907332188540.mockFlowFile,13B] to 'success'
[pool-145-thread-1] INFO org.apache.nifi.processors.standard.ControlRate - ControlRate[id=cc240f80-1797-4429-a146-e82ec75ed5a9] transferring FlowFile[832,91907332202608.mockFlowFile,13B] to 'success'
[pool-145-thread-1] INFO org.apache.nifi.processors.standard.ControlRate - ControlRate[id=cc240f80-1797-4429-a146-e82ec75ed5a9] transferring FlowFile[833,91907332216862.mockFlowFile,13B] to 'success'
[pool-145-thread-1] INFO org.apache.nifi.processors.standard.ControlRate - ControlRate[id=cc240f80-1797-4429-a146-e82ec75ed5a9] transferring FlowFile[834,91907332233380.mockFlowFile,13B] to 'success'
[pool-145-thread-1] INFO org.apache.nifi.processors.standard.ControlRate - ControlRate[id=cc240f80-1797-4429-a146-e82ec75ed5a9] transferring FlowFile[835,91907332295050.mockFlowFile,13B] to 'success'
[pool-145-thread-1] INFO org.apache.nifi.processors.standard.ControlRate - ControlRate[id=cc240f80-1797-4429-a146-e82ec75ed5a9] transferring FlowFile[836,91907332319832.mockFlowFile,13B] to 'success'
[pool-145-thread-1] INFO org.apache.nifi.processors.standard.ControlRate - ControlRate[id=cc240f80-1797-4429-a146-e82ec75ed5a9] transferring FlowFile[837,91907332337448.mockFlowFile,13B] to 'success'
[pool-145-thread-1] INFO org.apache.nifi.processors.standard.ControlRate - ControlRate[id=cc240f80-1797-4429-a146-e82ec75ed5a9] transferring FlowFile[838,91907332351312.mockFlowFile,13B] to 'success'
[pool-145-thread-1] INFO org.apache.nifi.processors.standard.ControlRate - ControlRate[id=cc240f80-1797-4429-a146-e82ec75ed5a9] transferring FlowFile[839,91907332372355.mockFlowFile,13B] to 'success'
[pool-145-thread-1] INFO org.apache.nifi.processors.standard.ControlRate - ControlRate[id=cc240f80-1797-4429-a146-e82ec75ed5a9] transferring FlowFile[840,91907332393909.mockFlowFile,13B] to 'success'
[pool-145-thread-1] INFO org.apache.nifi.processors.standard.ControlRate - ControlRate[id=cc240f80-1797-4429-a146-e82ec75ed5a9] transferring FlowFile[841,91907332407653.mockFlowFile,13B] to 'success'
[pool-145-thread-1] INFO org.apache.nifi.processors.standard.ControlRate - ControlRate[id=cc240f80-1797-4429-a146-e82ec75ed5a9] transferring FlowFile[842,91907332420446.mockFlowFile,13B] to 'success'
[pool-145-thread-1] INFO org.apache.nifi.processors.standard.ControlRate - ControlRate[id=cc240f80-1797-4429-a146-e82ec75ed5a9] transferring FlowFile[843,91907332433993.mockFlowFile,13B] to 'success'
[pool-145-thread-1] INFO org.apache.nifi.processors.standard.ControlRate - ControlRate[id=cc240f80-1797-4429-a146-e82ec75ed5a9] transferring FlowFile[844,91907332448063.mockFlowFile,13B] to 'success'
[pool-145-thread-1] INFO org.apache.nifi.processors.standard.ControlRate - ControlRate[id=cc240f80-1797-4429-a146-e82ec75ed5a9] transferring FlowFile[845,91907332463618.mockFlowFile,13B] to 'success'
[pool-145-thread-1] INFO org.apache.nifi.processors.standard.ControlRate - ControlRate[id=cc240f80-1797-4429-a146-e82ec75ed5a9] transferring FlowFile[846,91907332477205.mockFlowFile,13B] to 'success'
[pool-145-thread-1] INFO org.apache.nifi.processors.standard.ControlRate - ControlRate[id=cc240f80-1797-4429-a146-e82ec75ed5a9] transferring FlowFile[847,91907332493969.mockFlowFile,13B] to 'success'
[pool-145-thread-1] INFO org.apache.nifi.processors.standard.ControlRate - ControlRate[id=cc240f80-1797-4429-a146-e82ec75ed5a9] transferring FlowFile[848,91907332507265.mockFlowFile,13B] to 'success'
[pool-145-thread-1] INFO org.apache.nifi.processors.standard.ControlRate - ControlRate[id=cc240f80-1797-4429-a146-e82ec75ed5a9] transferring FlowFile[849,91907332520684.mockFlowFile,13B] to 'success'
[pool-145-thread-1] INFO org.apache.nifi.processors.standard.ControlRate - ControlRate[id=cc240f80-1797-4429-a146-e82ec75ed5a9] transferring FlowFile[850,91907332533733.mockFlowFile,13B] to 'success'
[pool-145-thread-1] INFO org.apache.nifi.processors.standard.ControlRate - ControlRate[id=cc240f80-1797-4429-a146-e82ec75ed5a9] transferring FlowFile[851,91907332547368.mockFlowFile,13B] to 'success'
[pool-145-thread-1] INFO org.apache.nifi.processors.standard.ControlRate - ControlRate[id=cc240f80-1797-4429-a146-e82ec75ed5a9] transferring FlowFile[852,91907332561639.mockFlowFile,13B] to 'success'
[pool-145-thread-1] INFO org.apache.nifi.processors.standard.ControlRate - ControlRate[id=cc240f80-1797-4429-a146-e82ec75ed5a9] transferring FlowFile[853,91907332575162.mockFlowFile,13B] to 'success'
[pool-145-thread-1] INFO org.apache.nifi.processors.standard.ControlRate - ControlRate[id=cc240f80-1797-4429-a146-e82ec75ed5a9] transferring FlowFile[854,91907332589987.mockFlowFile,13B] to 'success'
[pool-145-thread-1] INFO org.apache.nifi.processors.standard.ControlRate - ControlRate[id=cc240f80-1797-4429-a146-e82ec75ed5a9] transferring FlowFile[855,91907332607378.mockFlowFile,13B] to 'success'
[pool-145-thread-1] INFO org.apache.nifi.processors.standard.ControlRate - ControlRate[id=cc240f80-1797-4429-a146-e82ec75ed5a9] transferring FlowFile[856,91907332621202.mockFlowFile,13B] to 'success'
[pool-145-thread-1] INFO org.apache.nifi.processors.standard.ControlRate - ControlRate[id=cc240f80-1797-4429-a146-e82ec75ed5a9] transferring FlowFile[857,91907332633803.mockFlowFile,13B] to 'success'
[pool-145-thread-1] INFO org.apache.nifi.processors.standard.ControlRate - ControlRate[id=cc240f80-1797-4429-a146-e82ec75ed5a9] transferring FlowFile[858,91907332648001.mockFlowFile,13B] to 'success'
[pool-145-thread-1] INFO org.apache.nifi.processors.standard.ControlRate - ControlRate[id=cc240f80-1797-4429-a146-e82ec75ed5a9] transferring FlowFile[859,91907332663548.mockFlowFile,13B] to 'success'
[pool-145-thread-1] INFO org.apache.nifi.processors.standard.ControlRate - ControlRate[id=cc240f80-1797-4429-a146-e82ec75ed5a9] transferring FlowFile[860,91907332675799.mockFlowFile,13B] to 'success'
[pool-145-thread-1] INFO org.apache.nifi.processors.standard.ControlRate - ControlRate[id=cc240f80-1797-4429-a146-e82ec75ed5a9] transferring FlowFile[861,91907332689071.mockFlowFile,13B] to 'success'
[pool-145-thread-1] INFO org.apache.nifi.processors.standard.ControlRate - ControlRate[id=cc240f80-1797-4429-a146-e82ec75ed5a9] transferring FlowFile[862,91907332701519.mockFlowFile,13B] to 'success'
[pool-145-thread-1] INFO org.apache.nifi.processors.standard.ControlRate - ControlRate[id=cc240f80-1797-4429-a146-e82ec75ed5a9] transferring FlowFile[863,91907332719623.mockFlowFile,13B] to 'success'
[pool-145-thread-1] INFO org.apache.nifi.processors.standard.ControlRate - ControlRate[id=cc240f80-1797-4429-a146-e82ec75ed5a9] transferring FlowFile[864,91907332745287.mockFlowFile,13B] to 'success'
[pool-145-thread-1] INFO org.apache.nifi.processors.standard.ControlRate - ControlRate[id=cc240f80-1797-4429-a146-e82ec75ed5a9] transferring FlowFile[865,91907332758979.mockFlowFile,13B] to 'success'
[pool-145-thread-1] INFO org.apache.nifi.processors.standard.ControlRate - ControlRate[id=cc240f80-1797-4429-a146-e82ec75ed5a9] transferring FlowFile[866,91907332774009.mockFlowFile,13B] to 'success'
[pool-145-thread-1] INFO org.apache.nifi.processors.standard.ControlRate - ControlRate[id=cc240f80-1797-4429-a146-e82ec75ed5a9] transferring FlowFile[867,91907332788113.mockFlowFile,13B] to 'success'
[pool-145-thread-1] INFO org.apache.nifi.processors.standard.ControlRate - ControlRate[id=cc240f80-1797-4429-a146-e82ec75ed5a9] transferring FlowFile[868,91907332802542.mockFlowFile,13B] to 'success'
[pool-145-thread-1] INFO org.apache.nifi.processors.standard.ControlRate - ControlRate[id=cc240f80-1797-4429-a146-e82ec75ed5a9] transferring FlowFile[869,91907332816936.mockFlowFile,13B] to 'success'
[pool-145-thread-1] INFO org.apache.nifi.processors.standard.ControlRate - ControlRate[id=cc240f80-1797-4429-a146-e82ec75ed5a9] transferring FlowFile[870,91907332830915.mockFlowFile,13B] to 'success'
[pool-145-thread-1] INFO org.apache.nifi.processors.standard.ControlRate - ControlRate[id=cc240f80-1797-4429-a146-e82ec75ed5a9] transferring FlowFile[871,91907332848895.mockFlowFile,13B] to 'success'
[pool-145-thread-1] INFO org.apache.nifi.processors.standard.ControlRate - ControlRate[id=cc240f80-1797-4429-a146-e82ec75ed5a9] transferring FlowFile[872,91907332862931.mockFlowFile,13B] to 'success'
[pool-145-thread-1] INFO org.apache.nifi.processors.standard.ControlRate - ControlRate[id=cc240f80-1797-4429-a146-e82ec75ed5a9] transferring FlowFile[873,91907332877417.mockFlowFile,13B] to 'success'
[pool-145-thread-1] INFO org.apache.nifi.processors.standard.ControlRate - ControlRate[id=cc240f80-1797-4429-a146-e82ec75ed5a9] transferring FlowFile[874,91907332891255.mockFlowFile,13B] to 'success'
[pool-145-thread-1] INFO org.apache.nifi.processors.standard.ControlRate - ControlRate[id=cc240f80-1797-4429-a146-e82ec75ed5a9] transferring FlowFile[875,91907332905082.mockFlowFile,13B] to 'success'
[pool-145-thread-1] INFO org.apache.nifi.processors.standard.ControlRate - ControlRate[id=cc240f80-1797-4429-a146-e82ec75ed5a9] transferring FlowFile[876,91907332918957.mockFlowFile,13B] to 'success'
[pool-145-thread-1] INFO org.apache.nifi.processors.standard.ControlRate - ControlRate[id=cc240f80-1797-4429-a146-e82ec75ed5a9] transferring FlowFile[877,91907332932249.mockFlowFile,13B] to 'success'
[pool-145-thread-1] INFO org.apache.nifi.processors.standard.ControlRate - ControlRate[id=cc240f80-1797-4429-a146-e82ec75ed5a9] transferring FlowFile[878,91907332946334.mockFlowFile,13B] to 'success'
[pool-145-thread-1] INFO org.apache.nifi.processors.standard.ControlRate - ControlRate[id=cc240f80-1797-4429-a146-e82ec75ed5a9] transferring FlowFile[879,91907332964636.mockFlowFile,13B] to 'success'
[pool-145-thread-1] INFO org.apache.nifi.processors.standard.ControlRate - ControlRate[id=cc240f80-1797-4429-a146-e82ec75ed5a9] transferring FlowFile[880,91907332979090.mockFlowFile,13B] to 'success'
[pool-145-thread-1] INFO org.apache.nifi.processors.standard.ControlRate - ControlRate[id=cc240f80-1797-4429-a146-e82ec75ed5a9] transferring FlowFile[881,91907332992610.mockFlowFile,13B] to 'success'
[pool-145-thread-1] INFO org.apache.nifi.processors.standard.ControlRate - ControlRate[id=cc240f80-1797-4429-a146-e82ec75ed5a9] transferring FlowFile[882,91907333005713.mockFlowFile,13B] to 'success'
[pool-145-thread-1] INFO org.apache.nifi.processors.standard.ControlRate - ControlRate[id=cc240f80-1797-4429-a146-e82ec75ed5a9] transferring FlowFile[883,91907333018802.mockFlowFile,13B] to 'success'
[pool-145-thread-1] INFO org.apache.nifi.processors.standard.ControlRate - ControlRate[id=cc240f80-1797-4429-a146-e82ec75ed5a9] transferring FlowFile[884,91907333031668.mockFlowFile,13B] to 'success'
[pool-145-thread-1] INFO org.apache.nifi.processors.standard.ControlRate - ControlRate[id=cc240f80-1797-4429-a146-e82ec75ed5a9] transferring FlowFile[885,91907333045043.mockFlowFile,13B] to 'success'
[pool-145-thread-1] INFO org.apache.nifi.processors.standard.ControlRate - ControlRate[id=cc240f80-1797-4429-a146-e82ec75ed5a9] transferring FlowFile[886,91907333058590.mockFlowFile,13B] to 'success'
[pool-145-thread-1] INFO org.apache.nifi.processors.standard.ControlRate - ControlRate[id=cc240f80-1797-4429-a146-e82ec75ed5a9] transferring FlowFile[887,91907333075987.mockFlowFile,13B] to 'success'
[pool-145-thread-1] INFO org.apache.nifi.processors.standard.ControlRate - ControlRate[id=cc240f80-1797-4429-a146-e82ec75ed5a9] transferring FlowFile[888,91907333089737.mockFlowFile,13B] to 'success'
[pool-145-thread-1] INFO org.apache.nifi.processors.standard.ControlRate - ControlRate[id=cc240f80-1797-4429-a146-e82ec75ed5a9] transferring FlowFile[889,91907333103020.mockFlowFile,13B] to 'success'
[pool-145-thread-1] INFO org.apache.nifi.processors.standard.ControlRate - ControlRate[id=cc240f80-1797-4429-a146-e82ec75ed5a9] transferring FlowFile[890,91907333115964.mockFlowFile,13B] to 'success'
[pool-145-thread-1] INFO org.apache.nifi.processors.standard.ControlRate - ControlRate[id=cc240f80-1797-4429-a146-e82ec75ed5a9] transferring FlowFile[891,91907333130214.mockFlowFile,13B] to 'success'
[pool-145-thread-1] INFO org.apache.nifi.processors.standard.ControlRate - ControlRate[id=cc240f80-1797-4429-a146-e82ec75ed5a9] transferring FlowFile[892,91907333143680.mockFlowFile,13B] to 'success'
[pool-145-thread-1] INFO org.apache.nifi.processors.standard.ControlRate - ControlRate[id=cc240f80-1797-4429-a146-e82ec75ed5a9] transferring FlowFile[893,91907333158281.mockFlowFile,13B] to 'success'
[pool-145-thread-1] INFO org.apache.nifi.processors.standard.ControlRate - ControlRate[id=cc240f80-1797-4429-a146-e82ec75ed5a9] transferring FlowFile[894,91907333171523.mockFlowFile,13B] to 'success'
[pool-145-thread-1] INFO org.apache.nifi.processors.standard.ControlRate - ControlRate[id=cc240f80-1797-4429-a146-e82ec75ed5a9] transferring FlowFile[895,91907333190971.mockFlowFile,13B] to 'success'
[pool-145-thread-1] INFO org.apache.nifi.processors.standard.ControlRate - ControlRate[id=cc240f80-1797-4429-a146-e82ec75ed5a9] transferring FlowFile[896,91907333205538.mockFlowFile,13B] to 'success'
[pool-145-thread-1] INFO org.apache.nifi.processors.standard.ControlRate - ControlRate[id=cc240f80-1797-4429-a146-e82ec75ed5a9] transferring FlowFile[897,91907333237397.mockFlowFile,13B] to 'success'
[pool-145-thread-1] INFO org.apache.nifi.processors.standard.ControlRate - ControlRate[id=cc240f80-1797-4429-a146-e82ec75ed5a9] transferring FlowFile[898,91907333252514.mockFlowFile,13B] to 'success'
[pool-145-thread-1] INFO org.apache.nifi.processors.standard.ControlRate - ControlRate[id=cc240f80-1797-4429-a146-e82ec75ed5a9] transferring FlowFile[899,91907333266415.mockFlowFile,13B] to 'success'
[pool-145-thread-1] INFO org.apache.nifi.processors.standard.ControlRate - ControlRate[id=cc240f80-1797-4429-a146-e82ec75ed5a9] transferring FlowFile[900,91907333279166.mockFlowFile,13B] to 'success'
[pool-145-thread-1] INFO org.apache.nifi.processors.standard.ControlRate - ControlRate[id=cc240f80-1797-4429-a146-e82ec75ed5a9] transferring FlowFile[901,91907333294955.mockFlowFile,13B] to 'success'
[pool-145-thread-1] INFO org.apache.nifi.processors.standard.ControlRate - ControlRate[id=cc240f80-1797-4429-a146-e82ec75ed5a9] transferring FlowFile[902,91907333306812.mockFlowFile,13B] to 'success'
[pool-145-thread-1] INFO org.apache.nifi.processors.standard.ControlRate - ControlRate[id=cc240f80-1797-4429-a146-e82ec75ed5a9] transferring FlowFile[903,91907333325030.mockFlowFile,13B] to 'success'
[pool-145-thread-1] INFO org.apache.nifi.processors.standard.ControlRate - ControlRate[id=cc240f80-1797-4429-a146-e82ec75ed5a9] transferring FlowFile[904,91907333338823.mockFlowFile,13B] to 'success'
[pool-145-thread-1] INFO org.apache.nifi.processors.standard.ControlRate - ControlRate[id=cc240f80-1797-4429-a146-e82ec75ed5a9] transferring FlowFile[905,91907333351176.mockFlowFile,13B] to 'success'
[pool-145-thread-1] INFO org.apache.nifi.processors.standard.ControlRate - ControlRate[id=cc240f80-1797-4429-a146-e82ec75ed5a9] transferring FlowFile[906,91907333364404.mockFlowFile,13B] to 'success'
[pool-145-thread-1] INFO org.apache.nifi.processors.standard.ControlRate - ControlRate[id=cc240f80-1797-4429-a146-e82ec75ed5a9] transferring FlowFile[907,91907333376214.mockFlowFile,13B] to 'success'
[pool-145-thread-1] INFO org.apache.nifi.processors.standard.ControlRate - ControlRate[id=cc240f80-1797-4429-a146-e82ec75ed5a9] transferring FlowFile[908,91907333391850.mockFlowFile,13B] to 'success'
[pool-145-thread-1] INFO org.apache.nifi.processors.standard.ControlRate - ControlRate[id=cc240f80-1797-4429-a146-e82ec75ed5a9] transferring FlowFile[909,91907333404658.mockFlowFile,13B] to 'success'
[pool-145-thread-1] INFO org.apache.nifi.processors.standard.ControlRate - ControlRate[id=cc240f80-1797-4429-a146-e82ec75ed5a9] transferring FlowFile[910,91907333416672.mockFlowFile,13B] to 'success'
[pool-145-thread-1] INFO org.apache.nifi.processors.standard.ControlRate - ControlRate[id=cc240f80-1797-4429-a146-e82ec75ed5a9] transferring FlowFile[911,91907333433929.mockFlowFile,13B] to 'success'
[pool-145-thread-1] INFO org.apache.nifi.processors.standard.ControlRate - ControlRate[id=cc240f80-1797-4429-a146-e82ec75ed5a9] transferring FlowFile[912,91907333454725.mockFlowFile,13B] to 'success'
[pool-145-thread-1] INFO org.apache.nifi.processors.standard.ControlRate - ControlRate[id=cc240f80-1797-4429-a146-e82ec75ed5a9] transferring FlowFile[913,91907333469916.mockFlowFile,13B] to 'success'
[pool-145-thread-1] INFO org.apache.nifi.processors.standard.ControlRate - ControlRate[id=cc240f80-1797-4429-a146-e82ec75ed5a9] transferring FlowFile[914,91907333483478.mockFlowFile,13B] to 'success'
[pool-145-thread-1] INFO org.apache.nifi.processors.standard.ControlRate - ControlRate[id=cc240f80-1797-4429-a146-e82ec75ed5a9] transferring FlowFile[915,91907333496873.mockFlowFile,13B] to 'success'
[pool-145-thread-1] INFO org.apache.nifi.processors.standard.ControlRate - ControlRate[id=cc240f80-1797-4429-a146-e82ec75ed5a9] transferring FlowFile[916,91907333512018.mockFlowFile,13B] to 'success'
[pool-145-thread-1] INFO org.apache.nifi.processors.standard.ControlRate - ControlRate[id=cc240f80-1797-4429-a146-e82ec75ed5a9] transferring FlowFile[917,91907333525888.mockFlowFile,13B] to 'success'
[pool-145-thread-1] INFO org.apache.nifi.processors.standard.ControlRate - ControlRate[id=cc240f80-1797-4429-a146-e82ec75ed5a9] transferring FlowFile[918,91907333540998.mockFlowFile,13B] to 'success'
[pool-145-thread-1] INFO org.apache.nifi.processors.standard.ControlRate - ControlRate[id=cc240f80-1797-4429-a146-e82ec75ed5a9] transferring FlowFile[919,91907333560565.mockFlowFile,13B] to 'success'
[pool-145-thread-1] INFO org.apache.nifi.processors.standard.ControlRate - ControlRate[id=cc240f80-1797-4429-a146-e82ec75ed5a9] transferring FlowFile[920,91907333573789.mockFlowFile,13B] to 'success'
[pool-145-thread-1] INFO org.apache.nifi.processors.standard.ControlRate - ControlRate[id=cc240f80-1797-4429-a146-e82ec75ed5a9] transferring FlowFile[921,91907333587821.mockFlowFile,13B] to 'success'
[pool-145-thread-1] INFO org.apache.nifi.processors.standard.ControlRate - ControlRate[id=cc240f80-1797-4429-a146-e82ec75ed5a9] transferring FlowFile[922,91907333601422.mockFlowFile,13B] to 'success'
[pool-145-thread-1] INFO org.apache.nifi.processors.standard.ControlRate - ControlRate[id=cc240f80-1797-4429-a146-e82ec75ed5a9] transferring FlowFile[923,91907333615085.mockFlowFile,13B] to 'success'
[pool-145-thread-1] INFO org.apache.nifi.processors.standard.ControlRate - ControlRate[id=cc240f80-1797-4429-a146-e82ec75ed5a9] transferring FlowFile[924,91907333627862.mockFlowFile,13B] to 'success'
[pool-145-thread-1] INFO org.apache.nifi.processors.standard.ControlRate - ControlRate[id=cc240f80-1797-4429-a146-e82ec75ed5a9] transferring FlowFile[925,91907333640233.mockFlowFile,13B] to 'success'
[pool-145-thread-1] INFO org.apache.nifi.processors.standard.ControlRate - ControlRate[id=cc240f80-1797-4429-a146-e82ec75ed5a9] transferring FlowFile[926,91907333655882.mockFlowFile,13B] to 'success'
[pool-145-thread-1] INFO org.apache.nifi.processors.standard.ControlRate - ControlRate[id=cc240f80-1797-4429-a146-e82ec75ed5a9] transferring FlowFile[927,91907333672767.mockFlowFile,13B] to 'success'
[pool-145-thread-1] INFO org.apache.nifi.processors.standard.ControlRate - ControlRate[id=cc240f80-1797-4429-a146-e82ec75ed5a9] transferring FlowFile[928,91907333686283.mockFlowFile,13B] to 'success'
[pool-145-thread-1] INFO org.apache.nifi.processors.standard.ControlRate - ControlRate[id=cc240f80-1797-4429-a146-e82ec75ed5a9] transferring FlowFile[929,91907333699253.mockFlowFile,13B] to 'success'
[pool-145-thread-1] INFO org.apache.nifi.processors.standard.ControlRate - ControlRate[id=cc240f80-1797-4429-a146-e82ec75ed5a9] transferring FlowFile[930,91907333712000.mockFlowFile,13B] to 'success'
[pool-145-thread-1] INFO org.apache.nifi.processors.standard.ControlRate - ControlRate[id=cc240f80-1797-4429-a146-e82ec75ed5a9] transferring FlowFile[931,91907333725880.mockFlowFile,13B] to 'success'
[pool-145-thread-1] INFO org.apache.nifi.processors.standard.ControlRate - ControlRate[id=cc240f80-1797-4429-a146-e82ec75ed5a9] transferring FlowFile[932,91907333738968.mockFlowFile,13B] to 'success'
[pool-145-thread-1] INFO org.apache.nifi.processors.standard.ControlRate - ControlRate[id=cc240f80-1797-4429-a146-e82ec75ed5a9] transferring FlowFile[933,91907333752281.mockFlowFile,13B] to 'success'
[pool-145-thread-1] INFO org.apache.nifi.processors.standard.ControlRate - ControlRate[id=cc240f80-1797-4429-a146-e82ec75ed5a9] transferring FlowFile[934,91907333765581.mockFlowFile,13B] to 'success'
[pool-145-thread-1] INFO org.apache.nifi.processors.standard.ControlRate - ControlRate[id=cc240f80-1797-4429-a146-e82ec75ed5a9] transferring FlowFile[935,91907333781865.mockFlowFile,13B] to 'success'
[pool-145-thread-1] INFO org.apache.nifi.processors.standard.ControlRate - ControlRate[id=cc240f80-1797-4429-a146-e82ec75ed5a9] transferring FlowFile[936,91907333800915.mockFlowFile,13B] to 'success'
[pool-145-thread-1] INFO org.apache.nifi.processors.standard.ControlRate - ControlRate[id=cc240f80-1797-4429-a146-e82ec75ed5a9] transferring FlowFile[937,91907333815527.mockFlowFile,13B] to 'success'
[pool-145-thread-1] INFO org.apache.nifi.processors.standard.ControlRate - ControlRate[id=cc240f80-1797-4429-a146-e82ec75ed5a9] transferring FlowFile[938,91907333829264.mockFlowFile,13B] to 'success'
[pool-145-thread-1] INFO org.apache.nifi.processors.standard.ControlRate - ControlRate[id=cc240f80-1797-4429-a146-e82ec75ed5a9] transferring FlowFile[939,91907333842014.mockFlowFile,13B] to 'success'
[pool-145-thread-1] INFO org.apache.nifi.processors.standard.ControlRate - ControlRate[id=cc240f80-1797-4429-a146-e82ec75ed5a9] transferring FlowFile[940,91907333853232.mockFlowFile,13B] to 'success'
[pool-145-thread-1] INFO org.apache.nifi.processors.standard.ControlRate - ControlRate[id=cc240f80-1797-4429-a146-e82ec75ed5a9] transferring FlowFile[941,91907333865956.mockFlowFile,13B] to 'success'
[pool-145-thread-1] INFO org.apache.nifi.processors.standard.ControlRate - ControlRate[id=cc240f80-1797-4429-a146-e82ec75ed5a9] transferring FlowFile[942,91907333877378.mockFlowFile,13B] to 'success'
[pool-145-thread-1] INFO org.apache.nifi.processors.standard.ControlRate - ControlRate[id=cc240f80-1797-4429-a146-e82ec75ed5a9] transferring FlowFile[943,91907333895314.mockFlowFile,13B] to 'success'
[pool-145-thread-1] INFO org.apache.nifi.processors.standard.ControlRate - ControlRate[id=cc240f80-1797-4429-a146-e82ec75ed5a9] transferring FlowFile[944,91907333909301.mockFlowFile,13B] to 'success'
[pool-145-thread-1] INFO org.apache.nifi.processors.standard.ControlRate - ControlRate[id=cc240f80-1797-4429-a146-e82ec75ed5a9] transferring FlowFile[945,91907333923115.mockFlowFile,13B] to 'success'
[pool-145-thread-1] INFO org.apache.nifi.processors.standard.ControlRate - ControlRate[id=cc240f80-1797-4429-a146-e82ec75ed5a9] transferring FlowFile[946,91907333935463.mockFlowFile,13B] to 'success'
[pool-145-thread-1] INFO org.apache.nifi.processors.standard.ControlRate - ControlRate[id=cc240f80-1797-4429-a146-e82ec75ed5a9] transferring FlowFile[947,91907333958770.mockFlowFile,13B] to 'success'
[pool-145-thread-1] INFO org.apache.nifi.processors.standard.ControlRate - ControlRate[id=cc240f80-1797-4429-a146-e82ec75ed5a9] transferring FlowFile[948,91907333971543.mockFlowFile,13B] to 'success'
[pool-145-thread-1] INFO org.apache.nifi.processors.standard.ControlRate - ControlRate[id=cc240f80-1797-4429-a146-e82ec75ed5a9] transferring FlowFile[949,91907333984951.mockFlowFile,13B] to 'success'
[pool-145-thread-1] INFO org.apache.nifi.processors.standard.ControlRate - ControlRate[id=cc240f80-1797-4429-a146-e82ec75ed5a9] transferring FlowFile[950,91907333998261.mockFlowFile,13B] to 'success'
[pool-145-thread-1] INFO org.apache.nifi.processors.standard.ControlRate - ControlRate[id=cc240f80-1797-4429-a146-e82ec75ed5a9] transferring FlowFile[951,91907334016471.mockFlowFile,13B] to 'success'
[pool-145-thread-1] INFO org.apache.nifi.processors.standard.ControlRate - ControlRate[id=cc240f80-1797-4429-a146-e82ec75ed5a9] transferring FlowFile[952,91907334028886.mockFlowFile,13B] to 'success'
[pool-145-thread-1] INFO org.apache.nifi.processors.standard.ControlRate - ControlRate[id=cc240f80-1797-4429-a146-e82ec75ed5a9] transferring FlowFile[953,91907334041655.mockFlowFile,13B] to 'success'
[pool-145-thread-1] INFO org.apache.nifi.processors.standard.ControlRate - ControlRate[id=cc240f80-1797-4429-a146-e82ec75ed5a9] transferring FlowFile[954,91907334053941.mockFlowFile,13B] to 'success'
[pool-145-thread-1] INFO org.apache.nifi.processors.standard.ControlRate - ControlRate[id=cc240f80-1797-4429-a146-e82ec75ed5a9] transferring FlowFile[955,91907334066735.mockFlowFile,13B] to 'success'
[pool-145-thread-1] INFO org.apache.nifi.processors.standard.ControlRate - ControlRate[id=cc240f80-1797-4429-a146-e82ec75ed5a9] transferring FlowFile[956,91907334079624.mockFlowFile,13B] to 'success'
[pool-145-thread-1] INFO org.apache.nifi.processors.standard.ControlRate - ControlRate[id=cc240f80-1797-4429-a146-e82ec75ed5a9] transferring FlowFile[957,91907334091342.mockFlowFile,13B] to 'success'
[pool-145-thread-1] INFO org.apache.nifi.processors.standard.ControlRate - ControlRate[id=cc240f80-1797-4429-a146-e82ec75ed5a9] transferring FlowFile[958,91907334104411.mockFlowFile,13B] to 'success'
[pool-145-thread-1] INFO org.apache.nifi.processors.standard.ControlRate - ControlRate[id=cc240f80-1797-4429-a146-e82ec75ed5a9] transferring FlowFile[959,91907334122953.mockFlowFile,13B] to 'success'
[pool-145-thread-1] INFO org.apache.nifi.processors.standard.ControlRate - ControlRate[id=cc240f80-1797-4429-a146-e82ec75ed5a9] transferring FlowFile[960,91907334136283.mockFlowFile,13B] to 'success'
[pool-145-thread-1] INFO org.apache.nifi.processors.standard.ControlRate - ControlRate[id=cc240f80-1797-4429-a146-e82ec75ed5a9] transferring FlowFile[961,91907334148604.mockFlowFile,13B] to 'success'
[pool-145-thread-1] INFO org.apache.nifi.processors.standard.ControlRate - ControlRate[id=cc240f80-1797-4429-a146-e82ec75ed5a9] transferring FlowFile[962,91907334162447.mockFlowFile,13B] to 'success'
[pool-145-thread-1] INFO org.apache.nifi.processors.standard.ControlRate - ControlRate[id=cc240f80-1797-4429-a146-e82ec75ed5a9] transferring FlowFile[963,91907334176238.mockFlowFile,13B] to 'success'
[pool-145-thread-1] INFO org.apache.nifi.processors.standard.ControlRate - ControlRate[id=cc240f80-1797-4429-a146-e82ec75ed5a9] transferring FlowFile[964,91907334189340.mockFlowFile,13B] to 'success'
[pool-145-thread-1] INFO org.apache.nifi.processors.standard.ControlRate - ControlRate[id=cc240f80-1797-4429-a146-e82ec75ed5a9] transferring FlowFile[965,91907334200903.mockFlowFile,13B] to 'success'
[pool-145-thread-1] INFO org.apache.nifi.processors.standard.ControlRate - ControlRate[id=cc240f80-1797-4429-a146-e82ec75ed5a9] transferring FlowFile[966,91907334213445.mockFlowFile,13B] to 'success'
[pool-145-thread-1] INFO org.apache.nifi.processors.standard.ControlRate - ControlRate[id=cc240f80-1797-4429-a146-e82ec75ed5a9] transferring FlowFile[967,91907334229993.mockFlowFile,13B] to 'success'
[pool-145-thread-1] INFO org.apache.nifi.processors.standard.ControlRate - ControlRate[id=cc240f80-1797-4429-a146-e82ec75ed5a9] transferring FlowFile[968,91907334243380.mockFlowFile,13B] to 'success'
[pool-145-thread-1] INFO org.apache.nifi.processors.standard.ControlRate - ControlRate[id=cc240f80-1797-4429-a146-e82ec75ed5a9] transferring FlowFile[969,91907334256185.mockFlowFile,13B] to 'success'
[pool-145-thread-1] INFO org.apache.nifi.processors.standard.ControlRate - ControlRate[id=cc240f80-1797-4429-a146-e82ec75ed5a9] transferring FlowFile[970,91907334267895.mockFlowFile,13B] to 'success'
[pool-145-thread-1] INFO org.apache.nifi.processors.standard.ControlRate - ControlRate[id=cc240f80-1797-4429-a146-e82ec75ed5a9] transferring FlowFile[971,91907334280487.mockFlowFile,13B] to 'success'
[pool-145-thread-1] INFO org.apache.nifi.processors.standard.ControlRate - ControlRate[id=cc240f80-1797-4429-a146-e82ec75ed5a9] transferring FlowFile[972,91907334293870.mockFlowFile,13B] to 'success'
[pool-145-thread-1] INFO org.apache.nifi.processors.standard.ControlRate - ControlRate[id=cc240f80-1797-4429-a146-e82ec75ed5a9] transferring FlowFile[973,91907334306906.mockFlowFile,13B] to 'success'
[pool-145-thread-1] INFO org.apache.nifi.processors.standard.ControlRate - ControlRate[id=cc240f80-1797-4429-a146-e82ec75ed5a9] transferring FlowFile[974,91907334319398.mockFlowFile,13B] to 'success'
[pool-145-thread-1] INFO org.apache.nifi.processors.standard.ControlRate - ControlRate[id=cc240f80-1797-4429-a146-e82ec75ed5a9] transferring FlowFile[975,91907334335992.mockFlowFile,13B] to 'success'
[pool-145-thread-1] INFO org.apache.nifi.processors.standard.ControlRate - ControlRate[id=cc240f80-1797-4429-a146-e82ec75ed5a9] transferring FlowFile[976,91907334349338.mockFlowFile,13B] to 'success'
[pool-145-thread-1] INFO org.apache.nifi.processors.standard.ControlRate - ControlRate[id=cc240f80-1797-4429-a146-e82ec75ed5a9] transferring FlowFile[977,91907334361335.mockFlowFile,13B] to 'success'
[pool-145-thread-1] INFO org.apache.nifi.processors.standard.ControlRate - ControlRate[id=cc240f80-1797-4429-a146-e82ec75ed5a9] transferring FlowFile[978,91907334373787.mockFlowFile,13B] to 'success'
[pool-145-thread-1] INFO org.apache.nifi.processors.standard.ControlRate - ControlRate[id=cc240f80-1797-4429-a146-e82ec75ed5a9] transferring FlowFile[979,91907334386403.mockFlowFile,13B] to 'success'
[pool-145-thread-1] INFO org.apache.nifi.processors.standard.ControlRate - ControlRate[id=cc240f80-1797-4429-a146-e82ec75ed5a9] transferring FlowFile[980,91907334397708.mockFlowFile,13B] to 'success'
[pool-145-thread-1] INFO org.apache.nifi.processors.standard.ControlRate - ControlRate[id=cc240f80-1797-4429-a146-e82ec75ed5a9] transferring FlowFile[981,91907334410602.mockFlowFile,13B] to 'success'
[pool-145-thread-1] INFO org.apache.nifi.processors.standard.ControlRate - ControlRate[id=cc240f80-1797-4429-a146-e82ec75ed5a9] transferring FlowFile[982,91907334422096.mockFlowFile,13B] to 'success'
[pool-145-thread-1] INFO org.apache.nifi.processors.standard.ControlRate - ControlRate[id=cc240f80-1797-4429-a146-e82ec75ed5a9] transferring FlowFile[983,91907334439287.mockFlowFile,13B] to 'success'
[pool-145-thread-1] INFO org.apache.nifi.processors.standard.ControlRate - ControlRate[id=cc240f80-1797-4429-a146-e82ec75ed5a9] transferring FlowFile[984,91907334453709.mockFlowFile,13B] to 'success'
[pool-145-thread-1] INFO org.apache.nifi.processors.standard.ControlRate - ControlRate[id=cc240f80-1797-4429-a146-e82ec75ed5a9] transferring FlowFile[985,91907334465229.mockFlowFile,13B] to 'success'
[pool-145-thread-1] INFO org.apache.nifi.processors.standard.ControlRate - ControlRate[id=cc240f80-1797-4429-a146-e82ec75ed5a9] transferring FlowFile[986,91907334478572.mockFlowFile,13B] to 'success'
[pool-145-thread-1] INFO org.apache.nifi.processors.standard.ControlRate - ControlRate[id=cc240f80-1797-4429-a146-e82ec75ed5a9] transferring FlowFile[987,91907334491554.mockFlowFile,13B] to 'success'
[pool-145-thread-1] INFO org.apache.nifi.processors.standard.ControlRate - ControlRate[id=cc240f80-1797-4429-a146-e82ec75ed5a9] transferring FlowFile[988,91907334504511.mockFlowFile,13B] to 'success'
[pool-145-thread-1] INFO org.apache.nifi.processors.standard.ControlRate - ControlRate[id=cc240f80-1797-4429-a146-e82ec75ed5a9] transferring FlowFile[989,91907334517321.mockFlowFile,13B] to 'success'
[pool-145-thread-1] INFO org.apache.nifi.processors.standard.ControlRate - ControlRate[id=cc240f80-1797-4429-a146-e82ec75ed5a9] transferring FlowFile[990,91907334528844.mockFlowFile,13B] to 'success'
[pool-145-thread-1] INFO org.apache.nifi.processors.standard.ControlRate - ControlRate[id=cc240f80-1797-4429-a146-e82ec75ed5a9] transferring FlowFile[991,91907334546286.mockFlowFile,13B] to 'success'
[pool-145-thread-1] INFO org.apache.nifi.processors.standard.ControlRate - ControlRate[id=cc240f80-1797-4429-a146-e82ec75ed5a9] transferring FlowFile[992,91907334558371.mockFlowFile,13B] to 'success'
[pool-145-thread-1] INFO org.apache.nifi.processors.standard.ControlRate - ControlRate[id=cc240f80-1797-4429-a146-e82ec75ed5a9] transferring FlowFile[993,91907334571186.mockFlowFile,13B] to 'success'
[pool-145-thread-1] INFO org.apache.nifi.processors.standard.ControlRate - ControlRate[id=cc240f80-1797-4429-a146-e82ec75ed5a9] transferring FlowFile[994,91907334583597.mockFlowFile,13B] to 'success'
[pool-145-thread-1] INFO org.apache.nifi.processors.standard.ControlRate - ControlRate[id=cc240f80-1797-4429-a146-e82ec75ed5a9] transferring FlowFile[995,91907334595660.mockFlowFile,13B] to 'success'
[pool-145-thread-1] INFO org.apache.nifi.processors.standard.ControlRate - ControlRate[id=cc240f80-1797-4429-a146-e82ec75ed5a9] transferring FlowFile[996,91907334608381.mockFlowFile,13B] to 'success'
[pool-145-thread-1] INFO org.apache.nifi.processors.standard.ControlRate - ControlRate[id=cc240f80-1797-4429-a146-e82ec75ed5a9] transferring FlowFile[997,91907334621747.mockFlowFile,13B] to 'success'
[pool-145-thread-1] INFO org.apache.nifi.processors.standard.ControlRate - ControlRate[id=cc240f80-1797-4429-a146-e82ec75ed5a9] transferring FlowFile[998,91907334636437.mockFlowFile,13B] to 'success'
[pool-145-thread-1] INFO org.apache.nifi.processors.standard.ControlRate - ControlRate[id=cc240f80-1797-4429-a146-e82ec75ed5a9] transferring FlowFile[999,91907334654761.mockFlowFile,13B] to 'success'
[pool-146-thread-1] INFO org.apache.nifi.processors.standard.ControlRate - ControlRate[id=cc240f80-1797-4429-a146-e82ec75ed5a9] transferring FlowFile[1000,91907334667584.mockFlowFile,14B] to 'success'
[pool-146-thread-1] INFO org.apache.nifi.processors.standard.ControlRate - ControlRate[id=cc240f80-1797-4429-a146-e82ec75ed5a9] transferring FlowFile[1001,91907334680697.mockFlowFile,14B] to 'success'
[pool-146-thread-1] INFO org.apache.nifi.processors.standard.ControlRate - ControlRate[id=cc240f80-1797-4429-a146-e82ec75ed5a9] transferring FlowFile[1002,91907334692146.mockFlowFile,14B] to 'success'
[pool-146-thread-1] INFO org.apache.nifi.processors.standard.ControlRate - ControlRate[id=cc240f80-1797-4429-a146-e82ec75ed5a9] transferring FlowFile[1003,91907334704715.mockFlowFile,14B] to 'success'
[pool-146-thread-1] INFO org.apache.nifi.processors.standard.ControlRate - ControlRate[id=cc240f80-1797-4429-a146-e82ec75ed5a9] transferring FlowFile[1004,91907334717442.mockFlowFile,14B] to 'success'
[pool-146-thread-1] INFO org.apache.nifi.processors.standard.ControlRate - ControlRate[id=cc240f80-1797-4429-a146-e82ec75ed5a9] transferring FlowFile[1005,91907334729429.mockFlowFile,14B] to 'success'
[pool-146-thread-1] INFO org.apache.nifi.processors.standard.ControlRate - ControlRate[id=cc240f80-1797-4429-a146-e82ec75ed5a9] transferring FlowFile[1006,91907334742187.mockFlowFile,14B] to 'success'
[pool-146-thread-1] INFO org.apache.nifi.processors.standard.ControlRate - ControlRate[id=cc240f80-1797-4429-a146-e82ec75ed5a9] transferring FlowFile[1007,91907334773365.mockFlowFile,14B] to 'success'
[pool-146-thread-1] INFO org.apache.nifi.processors.standard.ControlRate - ControlRate[id=cc240f80-1797-4429-a146-e82ec75ed5a9] transferring FlowFile[1008,91907334829967.mockFlowFile,14B] to 'success'
[pool-146-thread-1] INFO org.apache.nifi.processors.standard.ControlRate - ControlRate[id=cc240f80-1797-4429-a146-e82ec75ed5a9] transferring FlowFile[1009,91907334845351.mockFlowFile,14B] to 'success'
[pool-146-thread-1] INFO org.apache.nifi.processors.standard.ControlRate - ControlRate[id=cc240f80-1797-4429-a146-e82ec75ed5a9] transferring FlowFile[1010,91907334857438.mockFlowFile,14B] to 'success'
[pool-146-thread-1] INFO org.apache.nifi.processors.standard.ControlRate - ControlRate[id=cc240f80-1797-4429-a146-e82ec75ed5a9] transferring FlowFile[1011,91907334870918.mockFlowFile,14B] to 'success'
[pool-146-thread-1] INFO org.apache.nifi.processors.standard.ControlRate - ControlRate[id=cc240f80-1797-4429-a146-e82ec75ed5a9] transferring FlowFile[1012,91907334883063.mockFlowFile,14B] to 'success'
[pool-146-thread-1] INFO org.apache.nifi.processors.standard.ControlRate - ControlRate[id=cc240f80-1797-4429-a146-e82ec75ed5a9] transferring FlowFile[1013,91907334895588.mockFlowFile,14B] to 'success'
[pool-146-thread-1] INFO org.apache.nifi.processors.standard.ControlRate - ControlRate[id=cc240f80-1797-4429-a146-e82ec75ed5a9] transferring FlowFile[1014,91907334908241.mockFlowFile,14B] to 'success'
[pool-146-thread-1] INFO org.apache.nifi.processors.standard.ControlRate - ControlRate[id=cc240f80-1797-4429-a146-e82ec75ed5a9] transferring FlowFile[1015,91907334924551.mockFlowFile,14B] to 'success'
[pool-146-thread-1] INFO org.apache.nifi.processors.standard.ControlRate - ControlRate[id=cc240f80-1797-4429-a146-e82ec75ed5a9] transferring FlowFile[1016,91907334937711.mockFlowFile,14B] to 'success'
[pool-146-thread-1] INFO org.apache.nifi.processors.standard.ControlRate - ControlRate[id=cc240f80-1797-4429-a146-e82ec75ed5a9] transferring FlowFile[1017,91907334949587.mockFlowFile,14B] to 'success'
[pool-146-thread-1] INFO org.apache.nifi.processors.standard.ControlRate - ControlRate[id=cc240f80-1797-4429-a146-e82ec75ed5a9] transferring FlowFile[1018,91907334962096.mockFlowFile,14B] to 'success'
[pool-146-thread-1] INFO org.apache.nifi.processors.standard.ControlRate - ControlRate[id=cc240f80-1797-4429-a146-e82ec75ed5a9] transferring FlowFile[1019,91907334974383.mockFlowFile,14B] to 'success'
[pool-146-thread-1] INFO org.apache.nifi.processors.standard.ControlRate - ControlRate[id=cc240f80-1797-4429-a146-e82ec75ed5a9] transferring FlowFile[1020,91907334986198.mockFlowFile,14B] to 'success'
[pool-146-thread-1] INFO org.apache.nifi.processors.standard.ControlRate - ControlRate[id=cc240f80-1797-4429-a146-e82ec75ed5a9] transferring FlowFile[1021,91907334998583.mockFlowFile,14B] to 'success'
[pool-146-thread-1] INFO org.apache.nifi.processors.standard.ControlRate - ControlRate[id=cc240f80-1797-4429-a146-e82ec75ed5a9] transferring FlowFile[1022,91907335010381.mockFlowFile,14B] to 'success'
[pool-146-thread-1] INFO org.apache.nifi.processors.standard.ControlRate - ControlRate[id=cc240f80-1797-4429-a146-e82ec75ed5a9] transferring FlowFile[1023,91907335027824.mockFlowFile,14B] to 'success'
[pool-146-thread-1] INFO org.apache.nifi.processors.standard.ControlRate - ControlRate[id=cc240f80-1797-4429-a146-e82ec75ed5a9] transferring FlowFile[1024,91907335045347.mockFlowFile,14B] to 'success'
[pool-146-thread-1] INFO org.apache.nifi.processors.standard.ControlRate - ControlRate[id=cc240f80-1797-4429-a146-e82ec75ed5a9] transferring FlowFile[1025,91907335057024.mockFlowFile,14B] to 'success'
[pool-146-thread-1] INFO org.apache.nifi.processors.standard.ControlRate - ControlRate[id=cc240f80-1797-4429-a146-e82ec75ed5a9] transferring FlowFile[1026,91907335069366.mockFlowFile,14B] to 'success'
[pool-146-thread-1] INFO org.apache.nifi.processors.standard.ControlRate - ControlRate[id=cc240f80-1797-4429-a146-e82ec75ed5a9] transferring FlowFile[1027,91907335081328.mockFlowFile,14B] to 'success'
[pool-146-thread-1] INFO org.apache.nifi.processors.standard.ControlRate - ControlRate[id=cc240f80-1797-4429-a146-e82ec75ed5a9] transferring FlowFile[1028,91907335093733.mockFlowFile,14B] to 'success'
[pool-146-thread-1] INFO org.apache.nifi.processors.standard.ControlRate - ControlRate[id=cc240f80-1797-4429-a146-e82ec75ed5a9] transferring FlowFile[1029,91907335106126.mockFlowFile,14B] to 'success'
[pool-146-thread-1] INFO org.apache.nifi.processors.standard.ControlRate - ControlRate[id=cc240f80-1797-4429-a146-e82ec75ed5a9] transferring FlowFile[1030,91907335117885.mockFlowFile,14B] to 'success'
[pool-146-thread-1] INFO org.apache.nifi.processors.standard.ControlRate - ControlRate[id=cc240f80-1797-4429-a146-e82ec75ed5a9] transferring FlowFile[1031,91907335135078.mockFlowFile,14B] to 'success'
[pool-146-thread-1] INFO org.apache.nifi.processors.standard.ControlRate - ControlRate[id=cc240f80-1797-4429-a146-e82ec75ed5a9] transferring FlowFile[1032,91907335150118.mockFlowFile,14B] to 'success'
[pool-146-thread-1] INFO org.apache.nifi.processors.standard.ControlRate - ControlRate[id=cc240f80-1797-4429-a146-e82ec75ed5a9] transferring FlowFile[1033,91907335172565.mockFlowFile,14B] to 'success'
[pool-146-thread-1] INFO org.apache.nifi.processors.standard.ControlRate - ControlRate[id=cc240f80-1797-4429-a146-e82ec75ed5a9] transferring FlowFile[1034,91907335185711.mockFlowFile,14B] to 'success'
[pool-146-thread-1] INFO org.apache.nifi.processors.standard.ControlRate - ControlRate[id=cc240f80-1797-4429-a146-e82ec75ed5a9] transferring FlowFile[1035,91907335197267.mockFlowFile,14B] to 'success'
[pool-146-thread-1] INFO org.apache.nifi.processors.standard.ControlRate - ControlRate[id=cc240f80-1797-4429-a146-e82ec75ed5a9] transferring FlowFile[1036,91907335209269.mockFlowFile,14B] to 'success'
[pool-146-thread-1] INFO org.apache.nifi.processors.standard.ControlRate - ControlRate[id=cc240f80-1797-4429-a146-e82ec75ed5a9] transferring FlowFile[1037,91907335221258.mockFlowFile,14B] to 'success'
[pool-146-thread-1] INFO org.apache.nifi.processors.standard.ControlRate - ControlRate[id=cc240f80-1797-4429-a146-e82ec75ed5a9] transferring FlowFile[1038,91907335234672.mockFlowFile,14B] to 'success'
[pool-146-thread-1] INFO org.apache.nifi.processors.standard.ControlRate - ControlRate[id=cc240f80-1797-4429-a146-e82ec75ed5a9] transferring FlowFile[1039,91907335251430.mockFlowFile,14B] to 'success'
[pool-146-thread-1] INFO org.apache.nifi.processors.standard.ControlRate - ControlRate[id=cc240f80-1797-4429-a146-e82ec75ed5a9] transferring FlowFile[1040,91907335263650.mockFlowFile,14B] to 'success'
[pool-146-thread-1] INFO org.apache.nifi.processors.standard.ControlRate - ControlRate[id=cc240f80-1797-4429-a146-e82ec75ed5a9] transferring FlowFile[1041,91907335275910.mockFlowFile,14B] to 'success'
[pool-146-thread-1] INFO org.apache.nifi.processors.standard.ControlRate - ControlRate[id=cc240f80-1797-4429-a146-e82ec75ed5a9] transferring FlowFile[1042,91907335287153.mockFlowFile,14B] to 'success'
[pool-146-thread-1] INFO org.apache.nifi.processors.standard.ControlRate - ControlRate[id=cc240f80-1797-4429-a146-e82ec75ed5a9] transferring FlowFile[1043,91907335299099.mockFlowFile,14B] to 'success'
[pool-146-thread-1] INFO org.apache.nifi.processors.standard.ControlRate - ControlRate[id=cc240f80-1797-4429-a146-e82ec75ed5a9] transferring FlowFile[1044,91907335310912.mockFlowFile,14B] to 'success'
[pool-146-thread-1] INFO org.apache.nifi.processors.standard.ControlRate - ControlRate[id=cc240f80-1797-4429-a146-e82ec75ed5a9] transferring FlowFile[1045,91907335322740.mockFlowFile,14B] to 'success'
[pool-146-thread-1] INFO org.apache.nifi.processors.standard.ControlRate - ControlRate[id=cc240f80-1797-4429-a146-e82ec75ed5a9] transferring FlowFile[1046,91907335337410.mockFlowFile,14B] to 'success'
[pool-146-thread-1] INFO org.apache.nifi.processors.standard.ControlRate - ControlRate[id=cc240f80-1797-4429-a146-e82ec75ed5a9] transferring FlowFile[1047,91907335352975.mockFlowFile,14B] to 'success'
[pool-146-thread-1] INFO org.apache.nifi.processors.standard.ControlRate - ControlRate[id=cc240f80-1797-4429-a146-e82ec75ed5a9] transferring FlowFile[1048,91907335365992.mockFlowFile,14B] to 'success'
[pool-146-thread-1] INFO org.apache.nifi.processors.standard.ControlRate - ControlRate[id=cc240f80-1797-4429-a146-e82ec75ed5a9] transferring FlowFile[1049,91907335378201.mockFlowFile,14B] to 'success'
[pool-146-thread-1] INFO org.apache.nifi.processors.standard.ControlRate - ControlRate[id=cc240f80-1797-4429-a146-e82ec75ed5a9] transferring FlowFile[1050,91907335389616.mockFlowFile,14B] to 'success'
[pool-146-thread-1] INFO org.apache.nifi.processors.standard.ControlRate - ControlRate[id=cc240f80-1797-4429-a146-e82ec75ed5a9] transferring FlowFile[1051,91907335401475.mockFlowFile,14B] to 'success'
[pool-146-thread-1] INFO org.apache.nifi.processors.standard.ControlRate - ControlRate[id=cc240f80-1797-4429-a146-e82ec75ed5a9] transferring FlowFile[1052,91907335412669.mockFlowFile,14B] to 'success'
[pool-146-thread-1] INFO org.apache.nifi.processors.standard.ControlRate - ControlRate[id=cc240f80-1797-4429-a146-e82ec75ed5a9] transferring FlowFile[1053,91907335424854.mockFlowFile,14B] to 'success'
[pool-146-thread-1] INFO org.apache.nifi.processors.standard.ControlRate - ControlRate[id=cc240f80-1797-4429-a146-e82ec75ed5a9] transferring FlowFile[1054,91907335436596.mockFlowFile,14B] to 'success'
[pool-146-thread-1] INFO org.apache.nifi.processors.standard.ControlRate - ControlRate[id=cc240f80-1797-4429-a146-e82ec75ed5a9] transferring FlowFile[1055,91907335451980.mockFlowFile,14B] to 'success'
[pool-146-thread-1] INFO org.apache.nifi.processors.standard.ControlRate - ControlRate[id=cc240f80-1797-4429-a146-e82ec75ed5a9] transferring FlowFile[1056,91907335464816.mockFlowFile,14B] to 'success'
[pool-146-thread-1] INFO org.apache.nifi.processors.standard.ControlRate - ControlRate[id=cc240f80-1797-4429-a146-e82ec75ed5a9] transferring FlowFile[1057,91907335475712.mockFlowFile,14B] to 'success'
[pool-146-thread-1] INFO org.apache.nifi.processors.standard.ControlRate - ControlRate[id=cc240f80-1797-4429-a146-e82ec75ed5a9] transferring FlowFile[1058,91907335487963.mockFlowFile,14B] to 'success'
[pool-146-thread-1] INFO org.apache.nifi.processors.standard.ControlRate - ControlRate[id=cc240f80-1797-4429-a146-e82ec75ed5a9] transferring FlowFile[1059,91907335499848.mockFlowFile,14B] to 'success'
[pool-146-thread-1] INFO org.apache.nifi.processors.standard.ControlRate - ControlRate[id=cc240f80-1797-4429-a146-e82ec75ed5a9] transferring FlowFile[1060,91907335511154.mockFlowFile,14B] to 'success'
[pool-146-thread-1] INFO org.apache.nifi.processors.standard.ControlRate - ControlRate[id=cc240f80-1797-4429-a146-e82ec75ed5a9] transferring FlowFile[1061,91907335523194.mockFlowFile,14B] to 'success'
[pool-146-thread-1] INFO org.apache.nifi.processors.standard.ControlRate - ControlRate[id=cc240f80-1797-4429-a146-e82ec75ed5a9] transferring FlowFile[1062,91907335535131.mockFlowFile,14B] to 'success'
[pool-146-thread-1] INFO org.apache.nifi.processors.standard.ControlRate - ControlRate[id=cc240f80-1797-4429-a146-e82ec75ed5a9] transferring FlowFile[1063,91907335551745.mockFlowFile,14B] to 'success'
[pool-146-thread-1] INFO org.apache.nifi.processors.standard.ControlRate - ControlRate[id=cc240f80-1797-4429-a146-e82ec75ed5a9] transferring FlowFile[1064,91907335564900.mockFlowFile,14B] to 'success'
[pool-146-thread-1] INFO org.apache.nifi.processors.standard.ControlRate - ControlRate[id=cc240f80-1797-4429-a146-e82ec75ed5a9] transferring FlowFile[1065,91907335577353.mockFlowFile,14B] to 'success'
[pool-146-thread-1] INFO org.apache.nifi.processors.standard.ControlRate - ControlRate[id=cc240f80-1797-4429-a146-e82ec75ed5a9] transferring FlowFile[1066,91907335590196.mockFlowFile,14B] to 'success'
[pool-146-thread-1] INFO org.apache.nifi.processors.standard.ControlRate - ControlRate[id=cc240f80-1797-4429-a146-e82ec75ed5a9] transferring FlowFile[1067,91907335602602.mockFlowFile,14B] to 'success'
[pool-146-thread-1] INFO org.apache.nifi.processors.standard.ControlRate - ControlRate[id=cc240f80-1797-4429-a146-e82ec75ed5a9] transferring FlowFile[1068,91907335615561.mockFlowFile,14B] to 'success'
[pool-146-thread-1] INFO org.apache.nifi.processors.standard.ControlRate - ControlRate[id=cc240f80-1797-4429-a146-e82ec75ed5a9] transferring FlowFile[1069,91907335628035.mockFlowFile,14B] to 'success'
[pool-146-thread-1] INFO org.apache.nifi.processors.standard.ControlRate - ControlRate[id=cc240f80-1797-4429-a146-e82ec75ed5a9] transferring FlowFile[1070,91907335639984.mockFlowFile,14B] to 'success'
[pool-146-thread-1] INFO org.apache.nifi.processors.standard.ControlRate - ControlRate[id=cc240f80-1797-4429-a146-e82ec75ed5a9] transferring FlowFile[1071,91907335656750.mockFlowFile,14B] to 'success'
[pool-146-thread-1] INFO org.apache.nifi.processors.standard.ControlRate - ControlRate[id=cc240f80-1797-4429-a146-e82ec75ed5a9] transferring FlowFile[1072,91907335669297.mockFlowFile,14B] to 'success'
[pool-146-thread-1] INFO org.apache.nifi.processors.standard.ControlRate - ControlRate[id=cc240f80-1797-4429-a146-e82ec75ed5a9] transferring FlowFile[1073,91907335682790.mockFlowFile,14B] to 'success'
[pool-146-thread-1] INFO org.apache.nifi.processors.standard.ControlRate - ControlRate[id=cc240f80-1797-4429-a146-e82ec75ed5a9] transferring FlowFile[1074,91907335695848.mockFlowFile,14B] to 'success'
[pool-146-thread-1] INFO org.apache.nifi.processors.standard.ControlRate - ControlRate[id=cc240f80-1797-4429-a146-e82ec75ed5a9] transferring FlowFile[1075,91907335710515.mockFlowFile,14B] to 'success'
[pool-146-thread-1] INFO org.apache.nifi.processors.standard.ControlRate - ControlRate[id=cc240f80-1797-4429-a146-e82ec75ed5a9] transferring FlowFile[1076,91907335723520.mockFlowFile,14B] to 'success'
[pool-146-thread-1] INFO org.apache.nifi.processors.standard.ControlRate - ControlRate[id=cc240f80-1797-4429-a146-e82ec75ed5a9] transferring FlowFile[1077,91907335736070.mockFlowFile,14B] to 'success'
[pool-146-thread-1] INFO org.apache.nifi.processors.standard.ControlRate - ControlRate[id=cc240f80-1797-4429-a146-e82ec75ed5a9] transferring FlowFile[1078,91907335787714.mockFlowFile,14B] to 'success'
[pool-146-thread-1] INFO org.apache.nifi.processors.standard.ControlRate - ControlRate[id=cc240f80-1797-4429-a146-e82ec75ed5a9] transferring FlowFile[1079,91907335805527.mockFlowFile,14B] to 'success'
[pool-146-thread-1] INFO org.apache.nifi.processors.standard.ControlRate - ControlRate[id=cc240f80-1797-4429-a146-e82ec75ed5a9] transferring FlowFile[1080,91907335818262.mockFlowFile,14B] to 'success'
[pool-146-thread-1] INFO org.apache.nifi.processors.standard.ControlRate - ControlRate[id=cc240f80-1797-4429-a146-e82ec75ed5a9] transferring FlowFile[1081,91907335830444.mockFlowFile,14B] to 'success'
[pool-146-thread-1] INFO org.apache.nifi.processors.standard.ControlRate - ControlRate[id=cc240f80-1797-4429-a146-e82ec75ed5a9] transferring FlowFile[1082,91907335842085.mockFlowFile,14B] to 'success'
[pool-146-thread-1] INFO org.apache.nifi.processors.standard.ControlRate - ControlRate[id=cc240f80-1797-4429-a146-e82ec75ed5a9] transferring FlowFile[1083,91907335854132.mockFlowFile,14B] to 'success'
[pool-146-thread-1] INFO org.apache.nifi.processors.standard.ControlRate - ControlRate[id=cc240f80-1797-4429-a146-e82ec75ed5a9] transferring FlowFile[1084,91907335866084.mockFlowFile,14B] to 'success'
[pool-146-thread-1] INFO org.apache.nifi.processors.standard.ControlRate - ControlRate[id=cc240f80-1797-4429-a146-e82ec75ed5a9] transferring FlowFile[1085,91907335878416.mockFlowFile,14B] to 'success'
[pool-146-thread-1] INFO org.apache.nifi.processors.standard.ControlRate - ControlRate[id=cc240f80-1797-4429-a146-e82ec75ed5a9] transferring FlowFile[1086,91907335889984.mockFlowFile,14B] to 'success'
[pool-146-thread-1] INFO org.apache.nifi.processors.standard.ControlRate - ControlRate[id=cc240f80-1797-4429-a146-e82ec75ed5a9] transferring FlowFile[1087,91907335905953.mockFlowFile,14B] to 'success'
[pool-146-thread-1] INFO org.apache.nifi.processors.standard.ControlRate - ControlRate[id=cc240f80-1797-4429-a146-e82ec75ed5a9] transferring FlowFile[1088,91907335918511.mockFlowFile,14B] to 'success'
[pool-146-thread-1] INFO org.apache.nifi.processors.standard.ControlRate - ControlRate[id=cc240f80-1797-4429-a146-e82ec75ed5a9] transferring FlowFile[1089,91907335930562.mockFlowFile,14B] to 'success'
[pool-146-thread-1] INFO org.apache.nifi.processors.standard.ControlRate - ControlRate[id=cc240f80-1797-4429-a146-e82ec75ed5a9] transferring FlowFile[1090,91907335944420.mockFlowFile,14B] to 'success'
[pool-146-thread-1] INFO org.apache.nifi.processors.standard.ControlRate - ControlRate[id=cc240f80-1797-4429-a146-e82ec75ed5a9] transferring FlowFile[1091,91907335964255.mockFlowFile,14B] to 'success'
[pool-146-thread-1] INFO org.apache.nifi.processors.standard.ControlRate - ControlRate[id=cc240f80-1797-4429-a146-e82ec75ed5a9] transferring FlowFile[1092,91907335976488.mockFlowFile,14B] to 'success'
[pool-146-thread-1] INFO org.apache.nifi.processors.standard.ControlRate - ControlRate[id=cc240f80-1797-4429-a146-e82ec75ed5a9] transferring FlowFile[1093,91907335988998.mockFlowFile,14B] to 'success'
[pool-146-thread-1] INFO org.apache.nifi.processors.standard.ControlRate - ControlRate[id=cc240f80-1797-4429-a146-e82ec75ed5a9] transferring FlowFile[1094,91907336012006.mockFlowFile,14B] to 'success'
[pool-146-thread-1] INFO org.apache.nifi.processors.standard.ControlRate - ControlRate[id=cc240f80-1797-4429-a146-e82ec75ed5a9] transferring FlowFile[1095,91907336032303.mockFlowFile,14B] to 'success'
[pool-146-thread-1] INFO org.apache.nifi.processors.standard.ControlRate - ControlRate[id=cc240f80-1797-4429-a146-e82ec75ed5a9] transferring FlowFile[1096,91907336045383.mockFlowFile,14B] to 'success'
[pool-146-thread-1] INFO org.apache.nifi.processors.standard.ControlRate - ControlRate[id=cc240f80-1797-4429-a146-e82ec75ed5a9] transferring FlowFile[1097,91907336056573.mockFlowFile,14B] to 'success'
[pool-146-thread-1] INFO org.apache.nifi.processors.standard.ControlRate - ControlRate[id=cc240f80-1797-4429-a146-e82ec75ed5a9] transferring FlowFile[1098,91907336070636.mockFlowFile,14B] to 'success'
[pool-146-thread-1] INFO org.apache.nifi.processors.standard.ControlRate - ControlRate[id=cc240f80-1797-4429-a146-e82ec75ed5a9] transferring FlowFile[1099,91907336083983.mockFlowFile,14B] to 'success'
[pool-146-thread-1] INFO org.apache.nifi.processors.standard.ControlRate - ControlRate[id=cc240f80-1797-4429-a146-e82ec75ed5a9] transferring FlowFile[1100,91907336096035.mockFlowFile,14B] to 'success'
[pool-146-thread-1] INFO org.apache.nifi.processors.standard.ControlRate - ControlRate[id=cc240f80-1797-4429-a146-e82ec75ed5a9] transferring FlowFile[1101,91907336108218.mockFlowFile,14B] to 'success'
[pool-146-thread-1] INFO org.apache.nifi.processors.standard.ControlRate - ControlRate[id=cc240f80-1797-4429-a146-e82ec75ed5a9] transferring FlowFile[1102,91907336119914.mockFlowFile,14B] to 'success'
[pool-146-thread-1] INFO org.apache.nifi.processors.standard.ControlRate - ControlRate[id=cc240f80-1797-4429-a146-e82ec75ed5a9] transferring FlowFile[1103,91907336136690.mockFlowFile,14B] to 'success'
[pool-146-thread-1] INFO org.apache.nifi.processors.standard.ControlRate - ControlRate[id=cc240f80-1797-4429-a146-e82ec75ed5a9] transferring FlowFile[1104,91907336149174.mockFlowFile,14B] to 'success'
[pool-146-thread-1] INFO org.apache.nifi.processors.standard.ControlRate - ControlRate[id=cc240f80-1797-4429-a146-e82ec75ed5a9] transferring FlowFile[1105,91907336160735.mockFlowFile,14B] to 'success'
[pool-146-thread-1] INFO org.apache.nifi.processors.standard.ControlRate - ControlRate[id=cc240f80-1797-4429-a146-e82ec75ed5a9] transferring FlowFile[1106,91907336173180.mockFlowFile,14B] to 'success'
[pool-146-thread-1] INFO org.apache.nifi.processors.standard.ControlRate - ControlRate[id=cc240f80-1797-4429-a146-e82ec75ed5a9] transferring FlowFile[1107,91907336184228.mockFlowFile,14B] to 'success'
[pool-146-thread-1] INFO org.apache.nifi.processors.standard.ControlRate - ControlRate[id=cc240f80-1797-4429-a146-e82ec75ed5a9] transferring FlowFile[1108,91907336198847.mockFlowFile,14B] to 'success'
[pool-146-thread-1] INFO org.apache.nifi.processors.standard.ControlRate - ControlRate[id=cc240f80-1797-4429-a146-e82ec75ed5a9] transferring FlowFile[1109,91907336211062.mockFlowFile,14B] to 'success'
[pool-146-thread-1] INFO org.apache.nifi.processors.standard.ControlRate - ControlRate[id=cc240f80-1797-4429-a146-e82ec75ed5a9] transferring FlowFile[1110,91907336222316.mockFlowFile,14B] to 'success'
[pool-146-thread-1] INFO org.apache.nifi.processors.standard.ControlRate - ControlRate[id=cc240f80-1797-4429-a146-e82ec75ed5a9] transferring FlowFile[1111,91907336237960.mockFlowFile,14B] to 'success'
[pool-146-thread-1] INFO org.apache.nifi.processors.standard.ControlRate - ControlRate[id=cc240f80-1797-4429-a146-e82ec75ed5a9] transferring FlowFile[1112,91907336249371.mockFlowFile,14B] to 'success'
[pool-146-thread-1] INFO org.apache.nifi.processors.standard.ControlRate - ControlRate[id=cc240f80-1797-4429-a146-e82ec75ed5a9] transferring FlowFile[1113,91907336260562.mockFlowFile,14B] to 'success'
[pool-146-thread-1] INFO org.apache.nifi.processors.standard.ControlRate - ControlRate[id=cc240f80-1797-4429-a146-e82ec75ed5a9] transferring FlowFile[1114,91907336272826.mockFlowFile,14B] to 'success'
[pool-146-thread-1] INFO org.apache.nifi.processors.standard.ControlRate - ControlRate[id=cc240f80-1797-4429-a146-e82ec75ed5a9] transferring FlowFile[1115,91907336285245.mockFlowFile,14B] to 'success'
[pool-146-thread-1] INFO org.apache.nifi.processors.standard.ControlRate - ControlRate[id=cc240f80-1797-4429-a146-e82ec75ed5a9] transferring FlowFile[1116,91907336297747.mockFlowFile,14B] to 'success'
[pool-146-thread-1] INFO org.apache.nifi.processors.standard.ControlRate - ControlRate[id=cc240f80-1797-4429-a146-e82ec75ed5a9] transferring FlowFile[1117,91907336309118.mockFlowFile,14B] to 'success'
[pool-146-thread-1] INFO org.apache.nifi.processors.standard.ControlRate - ControlRate[id=cc240f80-1797-4429-a146-e82ec75ed5a9] transferring FlowFile[1118,91907336322207.mockFlowFile,14B] to 'success'
[pool-146-thread-1] INFO org.apache.nifi.processors.standard.ControlRate - ControlRate[id=cc240f80-1797-4429-a146-e82ec75ed5a9] transferring FlowFile[1119,91907336351593.mockFlowFile,14B] to 'success'
[pool-146-thread-1] INFO org.apache.nifi.processors.standard.ControlRate - ControlRate[id=cc240f80-1797-4429-a146-e82ec75ed5a9] transferring FlowFile[1120,91907336374566.mockFlowFile,14B] to 'success'
[pool-146-thread-1] INFO org.apache.nifi.processors.standard.ControlRate - ControlRate[id=cc240f80-1797-4429-a146-e82ec75ed5a9] transferring FlowFile[1121,91907336386104.mockFlowFile,14B] to 'success'
[pool-146-thread-1] INFO org.apache.nifi.processors.standard.ControlRate - ControlRate[id=cc240f80-1797-4429-a146-e82ec75ed5a9] transferring FlowFile[1122,91907336395606.mockFlowFile,14B] to 'success'
[pool-146-thread-1] INFO org.apache.nifi.processors.standard.ControlRate - ControlRate[id=cc240f80-1797-4429-a146-e82ec75ed5a9] transferring FlowFile[1123,91907336406095.mockFlowFile,14B] to 'success'
[pool-146-thread-1] INFO org.apache.nifi.processors.standard.ControlRate - ControlRate[id=cc240f80-1797-4429-a146-e82ec75ed5a9] transferring FlowFile[1124,91907336416713.mockFlowFile,14B] to 'success'
[pool-146-thread-1] INFO org.apache.nifi.processors.standard.ControlRate - ControlRate[id=cc240f80-1797-4429-a146-e82ec75ed5a9] transferring FlowFile[1125,91907336426697.mockFlowFile,14B] to 'success'
[pool-146-thread-1] INFO org.apache.nifi.processors.standard.ControlRate - ControlRate[id=cc240f80-1797-4429-a146-e82ec75ed5a9] transferring FlowFile[1126,91907336437030.mockFlowFile,14B] to 'success'
[pool-146-thread-1] INFO org.apache.nifi.processors.standard.ControlRate - ControlRate[id=cc240f80-1797-4429-a146-e82ec75ed5a9] transferring FlowFile[1127,91907336451750.mockFlowFile,14B] to 'success'
[pool-146-thread-1] INFO org.apache.nifi.processors.standard.ControlRate - ControlRate[id=cc240f80-1797-4429-a146-e82ec75ed5a9] transferring FlowFile[1128,91907336464583.mockFlowFile,14B] to 'success'
[pool-146-thread-1] INFO org.apache.nifi.processors.standard.ControlRate - ControlRate[id=cc240f80-1797-4429-a146-e82ec75ed5a9] transferring FlowFile[1129,91907336475447.mockFlowFile,14B] to 'success'
[pool-146-thread-1] INFO org.apache.nifi.processors.standard.ControlRate - ControlRate[id=cc240f80-1797-4429-a146-e82ec75ed5a9] transferring FlowFile[1130,91907336485101.mockFlowFile,14B] to 'success'
[pool-146-thread-1] INFO org.apache.nifi.processors.standard.ControlRate - ControlRate[id=cc240f80-1797-4429-a146-e82ec75ed5a9] transferring FlowFile[1131,91907336495662.mockFlowFile,14B] to 'success'
[pool-146-thread-1] INFO org.apache.nifi.processors.standard.ControlRate - ControlRate[id=cc240f80-1797-4429-a146-e82ec75ed5a9] transferring FlowFile[1132,91907336506638.mockFlowFile,14B] to 'success'
[pool-146-thread-1] INFO org.apache.nifi.processors.standard.ControlRate - ControlRate[id=cc240f80-1797-4429-a146-e82ec75ed5a9] transferring FlowFile[1133,91907336517707.mockFlowFile,14B] to 'success'
[pool-146-thread-1] INFO org.apache.nifi.processors.standard.ControlRate - ControlRate[id=cc240f80-1797-4429-a146-e82ec75ed5a9] transferring FlowFile[1134,91907336527899.mockFlowFile,14B] to 'success'
[pool-146-thread-1] INFO org.apache.nifi.processors.standard.ControlRate - ControlRate[id=cc240f80-1797-4429-a146-e82ec75ed5a9] transferring FlowFile[1135,91907336541607.mockFlowFile,14B] to 'success'
[pool-146-thread-1] INFO org.apache.nifi.processors.standard.ControlRate - ControlRate[id=cc240f80-1797-4429-a146-e82ec75ed5a9] transferring FlowFile[1136,91907336553876.mockFlowFile,14B] to 'success'
[pool-146-thread-1] INFO org.apache.nifi.processors.standard.ControlRate - ControlRate[id=cc240f80-1797-4429-a146-e82ec75ed5a9] transferring FlowFile[1137,91907336563855.mockFlowFile,14B] to 'success'
[pool-146-thread-1] INFO org.apache.nifi.processors.standard.ControlRate - ControlRate[id=cc240f80-1797-4429-a146-e82ec75ed5a9] transferring FlowFile[1138,91907336574374.mockFlowFile,14B] to 'success'
[pool-146-thread-1] INFO org.apache.nifi.processors.standard.ControlRate - ControlRate[id=cc240f80-1797-4429-a146-e82ec75ed5a9] transferring FlowFile[1139,91907336585139.mockFlowFile,14B] to 'success'
[pool-146-thread-1] INFO org.apache.nifi.processors.standard.ControlRate - ControlRate[id=cc240f80-1797-4429-a146-e82ec75ed5a9] transferring FlowFile[1140,91907336594496.mockFlowFile,14B] to 'success'
[pool-146-thread-1] INFO org.apache.nifi.processors.standard.ControlRate - ControlRate[id=cc240f80-1797-4429-a146-e82ec75ed5a9] transferring FlowFile[1141,91907336605216.mockFlowFile,14B] to 'success'
[pool-146-thread-1] INFO org.apache.nifi.processors.standard.ControlRate - ControlRate[id=cc240f80-1797-4429-a146-e82ec75ed5a9] transferring FlowFile[1142,91907336614783.mockFlowFile,14B] to 'success'
[pool-146-thread-1] INFO org.apache.nifi.processors.standard.ControlRate - ControlRate[id=cc240f80-1797-4429-a146-e82ec75ed5a9] transferring FlowFile[1143,91907336629494.mockFlowFile,14B] to 'success'
[pool-146-thread-1] INFO org.apache.nifi.processors.standard.ControlRate - ControlRate[id=cc240f80-1797-4429-a146-e82ec75ed5a9] transferring FlowFile[1144,91907336640525.mockFlowFile,14B] to 'success'
[pool-146-thread-1] INFO org.apache.nifi.processors.standard.ControlRate - ControlRate[id=cc240f80-1797-4429-a146-e82ec75ed5a9] transferring FlowFile[1145,91907336650143.mockFlowFile,14B] to 'success'
[pool-146-thread-1] INFO org.apache.nifi.processors.standard.ControlRate - ControlRate[id=cc240f80-1797-4429-a146-e82ec75ed5a9] transferring FlowFile[1146,91907336661673.mockFlowFile,14B] to 'success'
[pool-146-thread-1] INFO org.apache.nifi.processors.standard.ControlRate - ControlRate[id=cc240f80-1797-4429-a146-e82ec75ed5a9] transferring FlowFile[1147,91907336689834.mockFlowFile,14B] to 'success'
[pool-146-thread-1] INFO org.apache.nifi.processors.standard.ControlRate - ControlRate[id=cc240f80-1797-4429-a146-e82ec75ed5a9] transferring FlowFile[1148,91907336701582.mockFlowFile,14B] to 'success'
[pool-146-thread-1] INFO org.apache.nifi.processors.standard.ControlRate - ControlRate[id=cc240f80-1797-4429-a146-e82ec75ed5a9] transferring FlowFile[1149,91907336712079.mockFlowFile,14B] to 'success'
[pool-146-thread-1] INFO org.apache.nifi.processors.standard.ControlRate - ControlRate[id=cc240f80-1797-4429-a146-e82ec75ed5a9] transferring FlowFile[1150,91907336735824.mockFlowFile,14B] to 'success'
[pool-146-thread-1] INFO org.apache.nifi.processors.standard.ControlRate - ControlRate[id=cc240f80-1797-4429-a146-e82ec75ed5a9] transferring FlowFile[1151,91907336755160.mockFlowFile,14B] to 'success'
[pool-146-thread-1] INFO org.apache.nifi.processors.standard.ControlRate - ControlRate[id=cc240f80-1797-4429-a146-e82ec75ed5a9] transferring FlowFile[1152,91907336765438.mockFlowFile,14B] to 'success'
[pool-146-thread-1] INFO org.apache.nifi.processors.standard.ControlRate - ControlRate[id=cc240f80-1797-4429-a146-e82ec75ed5a9] transferring FlowFile[1153,91907336776166.mockFlowFile,14B] to 'success'
[pool-146-thread-1] INFO org.apache.nifi.processors.standard.ControlRate - ControlRate[id=cc240f80-1797-4429-a146-e82ec75ed5a9] transferring FlowFile[1154,91907336786946.mockFlowFile,14B] to 'success'
[pool-146-thread-1] INFO org.apache.nifi.processors.standard.ControlRate - ControlRate[id=cc240f80-1797-4429-a146-e82ec75ed5a9] transferring FlowFile[1155,91907336796256.mockFlowFile,14B] to 'success'
[pool-146-thread-1] INFO org.apache.nifi.processors.standard.ControlRate - ControlRate[id=cc240f80-1797-4429-a146-e82ec75ed5a9] transferring FlowFile[1156,91907336806407.mockFlowFile,14B] to 'success'
[pool-146-thread-1] INFO org.apache.nifi.processors.standard.ControlRate - ControlRate[id=cc240f80-1797-4429-a146-e82ec75ed5a9] transferring FlowFile[1157,91907336818756.mockFlowFile,14B] to 'success'
[pool-146-thread-1] INFO org.apache.nifi.processors.standard.ControlRate - ControlRate[id=cc240f80-1797-4429-a146-e82ec75ed5a9] transferring FlowFile[1158,91907336829842.mockFlowFile,14B] to 'success'
[pool-146-thread-1] INFO org.apache.nifi.processors.standard.ControlRate - ControlRate[id=cc240f80-1797-4429-a146-e82ec75ed5a9] transferring FlowFile[1159,91907336845482.mockFlowFile,14B] to 'success'
[pool-146-thread-1] INFO org.apache.nifi.processors.standard.ControlRate - ControlRate[id=cc240f80-1797-4429-a146-e82ec75ed5a9] transferring FlowFile[1160,91907336856240.mockFlowFile,14B] to 'success'
[pool-146-thread-1] INFO org.apache.nifi.processors.standard.ControlRate - ControlRate[id=cc240f80-1797-4429-a146-e82ec75ed5a9] transferring FlowFile[1161,91907336866657.mockFlowFile,14B] to 'success'
[pool-146-thread-1] INFO org.apache.nifi.processors.standard.ControlRate - ControlRate[id=cc240f80-1797-4429-a146-e82ec75ed5a9] transferring FlowFile[1162,91907336875847.mockFlowFile,14B] to 'success'
[pool-146-thread-1] INFO org.apache.nifi.processors.standard.ControlRate - ControlRate[id=cc240f80-1797-4429-a146-e82ec75ed5a9] transferring FlowFile[1163,91907336885810.mockFlowFile,14B] to 'success'
[pool-146-thread-1] INFO org.apache.nifi.processors.standard.ControlRate - ControlRate[id=cc240f80-1797-4429-a146-e82ec75ed5a9] transferring FlowFile[1164,91907336896937.mockFlowFile,14B] to 'success'
[pool-146-thread-1] INFO org.apache.nifi.processors.standard.ControlRate - ControlRate[id=cc240f80-1797-4429-a146-e82ec75ed5a9] transferring FlowFile[1165,91907336906414.mockFlowFile,14B] to 'success'
[pool-146-thread-1] INFO org.apache.nifi.processors.standard.ControlRate - ControlRate[id=cc240f80-1797-4429-a146-e82ec75ed5a9] transferring FlowFile[1166,91907336917229.mockFlowFile,14B] to 'success'
[pool-146-thread-1] INFO org.apache.nifi.processors.standard.ControlRate - ControlRate[id=cc240f80-1797-4429-a146-e82ec75ed5a9] transferring FlowFile[1167,91907336932018.mockFlowFile,14B] to 'success'
[pool-146-thread-1] INFO org.apache.nifi.processors.standard.ControlRate - ControlRate[id=cc240f80-1797-4429-a146-e82ec75ed5a9] transferring FlowFile[1168,91907336943966.mockFlowFile,14B] to 'success'
[pool-146-thread-1] INFO org.apache.nifi.processors.standard.ControlRate - ControlRate[id=cc240f80-1797-4429-a146-e82ec75ed5a9] transferring FlowFile[1169,91907336955469.mockFlowFile,14B] to 'success'
[pool-146-thread-1] INFO org.apache.nifi.processors.standard.ControlRate - ControlRate[id=cc240f80-1797-4429-a146-e82ec75ed5a9] transferring FlowFile[1170,91907336964377.mockFlowFile,14B] to 'success'
[pool-146-thread-1] INFO org.apache.nifi.processors.standard.ControlRate - ControlRate[id=cc240f80-1797-4429-a146-e82ec75ed5a9] transferring FlowFile[1171,91907336974141.mockFlowFile,14B] to 'success'
[pool-146-thread-1] INFO org.apache.nifi.processors.standard.ControlRate - ControlRate[id=cc240f80-1797-4429-a146-e82ec75ed5a9] transferring FlowFile[1172,91907336983100.mockFlowFile,14B] to 'success'
[pool-146-thread-1] INFO org.apache.nifi.processors.standard.ControlRate - ControlRate[id=cc240f80-1797-4429-a146-e82ec75ed5a9] transferring FlowFile[1173,91907336994111.mockFlowFile,14B] to 'success'
[pool-146-thread-1] INFO org.apache.nifi.processors.standard.ControlRate - ControlRate[id=cc240f80-1797-4429-a146-e82ec75ed5a9] transferring FlowFile[1174,91907337005695.mockFlowFile,14B] to 'success'
[pool-146-thread-1] INFO org.apache.nifi.processors.standard.ControlRate - ControlRate[id=cc240f80-1797-4429-a146-e82ec75ed5a9] transferring FlowFile[1175,91907337020117.mockFlowFile,14B] to 'success'
[pool-146-thread-1] INFO org.apache.nifi.processors.standard.ControlRate - ControlRate[id=cc240f80-1797-4429-a146-e82ec75ed5a9] transferring FlowFile[1176,91907337031758.mockFlowFile,14B] to 'success'
[pool-146-thread-1] INFO org.apache.nifi.processors.standard.ControlRate - ControlRate[id=cc240f80-1797-4429-a146-e82ec75ed5a9] transferring FlowFile[1177,91907337042122.mockFlowFile,14B] to 'success'
[pool-146-thread-1] INFO org.apache.nifi.processors.standard.ControlRate - ControlRate[id=cc240f80-1797-4429-a146-e82ec75ed5a9] transferring FlowFile[1178,91907337052462.mockFlowFile,14B] to 'success'
[pool-146-thread-1] INFO org.apache.nifi.processors.standard.ControlRate - ControlRate[id=cc240f80-1797-4429-a146-e82ec75ed5a9] transferring FlowFile[1179,91907337064425.mockFlowFile,14B] to 'success'
[pool-146-thread-1] INFO org.apache.nifi.processors.standard.ControlRate - ControlRate[id=cc240f80-1797-4429-a146-e82ec75ed5a9] transferring FlowFile[1180,91907337075279.mockFlowFile,14B] to 'success'
[pool-146-thread-1] INFO org.apache.nifi.processors.standard.ControlRate - ControlRate[id=cc240f80-1797-4429-a146-e82ec75ed5a9] transferring FlowFile[1181,91907337095747.mockFlowFile,14B] to 'success'
[pool-146-thread-1] INFO org.apache.nifi.processors.standard.ControlRate - ControlRate[id=cc240f80-1797-4429-a146-e82ec75ed5a9] transferring FlowFile[1182,91907337108525.mockFlowFile,14B] to 'success'
[pool-146-thread-1] INFO org.apache.nifi.processors.standard.ControlRate - ControlRate[id=cc240f80-1797-4429-a146-e82ec75ed5a9] transferring FlowFile[1183,91907337124824.mockFlowFile,14B] to 'success'
[pool-146-thread-1] INFO org.apache.nifi.processors.standard.ControlRate - ControlRate[id=cc240f80-1797-4429-a146-e82ec75ed5a9] transferring FlowFile[1184,91907337136442.mockFlowFile,14B] to 'success'
[pool-146-thread-1] INFO org.apache.nifi.processors.standard.ControlRate - ControlRate[id=cc240f80-1797-4429-a146-e82ec75ed5a9] transferring FlowFile[1185,91907337163891.mockFlowFile,14B] to 'success'
[pool-146-thread-1] INFO org.apache.nifi.processors.standard.ControlRate - ControlRate[id=cc240f80-1797-4429-a146-e82ec75ed5a9] transferring FlowFile[1186,91907337184020.mockFlowFile,14B] to 'success'
[pool-146-thread-1] INFO org.apache.nifi.processors.standard.ControlRate - ControlRate[id=cc240f80-1797-4429-a146-e82ec75ed5a9] transferring FlowFile[1187,91907337194076.mockFlowFile,14B] to 'success'
[pool-146-thread-1] INFO org.apache.nifi.processors.standard.ControlRate - ControlRate[id=cc240f80-1797-4429-a146-e82ec75ed5a9] transferring FlowFile[1188,91907337203974.mockFlowFile,14B] to 'success'
[pool-146-thread-1] INFO org.apache.nifi.processors.standard.ControlRate - ControlRate[id=cc240f80-1797-4429-a146-e82ec75ed5a9] transferring FlowFile[1189,91907337213639.mockFlowFile,14B] to 'success'
[pool-146-thread-1] INFO org.apache.nifi.processors.standard.ControlRate - ControlRate[id=cc240f80-1797-4429-a146-e82ec75ed5a9] transferring FlowFile[1190,91907337238673.mockFlowFile,14B] to 'success'
[pool-146-thread-1] INFO org.apache.nifi.processors.standard.ControlRate - ControlRate[id=cc240f80-1797-4429-a146-e82ec75ed5a9] transferring FlowFile[1191,91907337255481.mockFlowFile,14B] to 'success'
[pool-146-thread-1] INFO org.apache.nifi.processors.standard.ControlRate - ControlRate[id=cc240f80-1797-4429-a146-e82ec75ed5a9] transferring FlowFile[1192,91907337265269.mockFlowFile,14B] to 'success'
[pool-146-thread-1] INFO org.apache.nifi.processors.standard.ControlRate - ControlRate[id=cc240f80-1797-4429-a146-e82ec75ed5a9] transferring FlowFile[1193,91907337275681.mockFlowFile,14B] to 'success'
[pool-146-thread-1] INFO org.apache.nifi.processors.standard.ControlRate - ControlRate[id=cc240f80-1797-4429-a146-e82ec75ed5a9] transferring FlowFile[1194,91907337285161.mockFlowFile,14B] to 'success'
[pool-146-thread-1] INFO org.apache.nifi.processors.standard.ControlRate - ControlRate[id=cc240f80-1797-4429-a146-e82ec75ed5a9] transferring FlowFile[1195,91907337294296.mockFlowFile,14B] to 'success'
[pool-146-thread-1] INFO org.apache.nifi.processors.standard.ControlRate - ControlRate[id=cc240f80-1797-4429-a146-e82ec75ed5a9] transferring FlowFile[1196,91907337313815.mockFlowFile,14B] to 'success'
[pool-146-thread-1] INFO org.apache.nifi.processors.standard.ControlRate - ControlRate[id=cc240f80-1797-4429-a146-e82ec75ed5a9] transferring FlowFile[1197,91907337323117.mockFlowFile,14B] to 'success'
[pool-146-thread-1] INFO org.apache.nifi.processors.standard.ControlRate - ControlRate[id=cc240f80-1797-4429-a146-e82ec75ed5a9] transferring FlowFile[1198,91907337332882.mockFlowFile,14B] to 'success'
[pool-146-thread-1] INFO org.apache.nifi.processors.standard.ControlRate - ControlRate[id=cc240f80-1797-4429-a146-e82ec75ed5a9] transferring FlowFile[1199,91907337347627.mockFlowFile,14B] to 'success'
[pool-146-thread-1] INFO org.apache.nifi.processors.standard.ControlRate - ControlRate[id=cc240f80-1797-4429-a146-e82ec75ed5a9] transferring FlowFile[1200,91907337357130.mockFlowFile,14B] to 'success'
[pool-146-thread-1] INFO org.apache.nifi.processors.standard.ControlRate - ControlRate[id=cc240f80-1797-4429-a146-e82ec75ed5a9] transferring FlowFile[1201,91907337366862.mockFlowFile,14B] to 'success'
[pool-146-thread-1] INFO org.apache.nifi.processors.standard.ControlRate - ControlRate[id=cc240f80-1797-4429-a146-e82ec75ed5a9] transferring FlowFile[1202,91907337376288.mockFlowFile,14B] to 'success'
[pool-146-thread-1] INFO org.apache.nifi.processors.standard.ControlRate - ControlRate[id=cc240f80-1797-4429-a146-e82ec75ed5a9] transferring FlowFile[1203,91907337387608.mockFlowFile,14B] to 'success'
[pool-146-thread-1] INFO org.apache.nifi.processors.standard.ControlRate - ControlRate[id=cc240f80-1797-4429-a146-e82ec75ed5a9] transferring FlowFile[1204,91907337397767.mockFlowFile,14B] to 'success'
[pool-146-thread-1] INFO org.apache.nifi.processors.standard.ControlRate - ControlRate[id=cc240f80-1797-4429-a146-e82ec75ed5a9] transferring FlowFile[1205,91907337406685.mockFlowFile,14B] to 'success'
[pool-146-thread-1] INFO org.apache.nifi.processors.standard.ControlRate - ControlRate[id=cc240f80-1797-4429-a146-e82ec75ed5a9] transferring FlowFile[1206,91907337416263.mockFlowFile,14B] to 'success'
[pool-146-thread-1] INFO org.apache.nifi.processors.standard.ControlRate - ControlRate[id=cc240f80-1797-4429-a146-e82ec75ed5a9] transferring FlowFile[1207,91907337429167.mockFlowFile,14B] to 'success'
[pool-146-thread-1] INFO org.apache.nifi.processors.standard.ControlRate - ControlRate[id=cc240f80-1797-4429-a146-e82ec75ed5a9] transferring FlowFile[1208,91907337439108.mockFlowFile,14B] to 'success'
[pool-146-thread-1] INFO org.apache.nifi.processors.standard.ControlRate - ControlRate[id=cc240f80-1797-4429-a146-e82ec75ed5a9] transferring FlowFile[1209,91907337448699.mockFlowFile,14B] to 'success'
[pool-146-thread-1] INFO org.apache.nifi.processors.standard.ControlRate - ControlRate[id=cc240f80-1797-4429-a146-e82ec75ed5a9] transferring FlowFile[1210,91907337457788.mockFlowFile,14B] to 'success'
[pool-146-thread-1] INFO org.apache.nifi.processors.standard.ControlRate - ControlRate[id=cc240f80-1797-4429-a146-e82ec75ed5a9] transferring FlowFile[1211,91907337467187.mockFlowFile,14B] to 'success'
[pool-146-thread-1] INFO org.apache.nifi.processors.standard.ControlRate - ControlRate[id=cc240f80-1797-4429-a146-e82ec75ed5a9] transferring FlowFile[1212,91907337476256.mockFlowFile,14B] to 'success'
[pool-146-thread-1] INFO org.apache.nifi.processors.standard.ControlRate - ControlRate[id=cc240f80-1797-4429-a146-e82ec75ed5a9] transferring FlowFile[1213,91907337486360.mockFlowFile,14B] to 'success'
[pool-146-thread-1] INFO org.apache.nifi.processors.standard.ControlRate - ControlRate[id=cc240f80-1797-4429-a146-e82ec75ed5a9] transferring FlowFile[1214,91907337495853.mockFlowFile,14B] to 'success'
[pool-146-thread-1] INFO org.apache.nifi.processors.standard.ControlRate - ControlRate[id=cc240f80-1797-4429-a146-e82ec75ed5a9] transferring FlowFile[1215,91907337508937.mockFlowFile,14B] to 'success'
[pool-146-thread-1] INFO org.apache.nifi.processors.standard.ControlRate - ControlRate[id=cc240f80-1797-4429-a146-e82ec75ed5a9] transferring FlowFile[1216,91907337519072.mockFlowFile,14B] to 'success'
[pool-146-thread-1] INFO org.apache.nifi.processors.standard.ControlRate - ControlRate[id=cc240f80-1797-4429-a146-e82ec75ed5a9] transferring FlowFile[1217,91907337528019.mockFlowFile,14B] to 'success'
[pool-146-thread-1] INFO org.apache.nifi.processors.standard.ControlRate - ControlRate[id=cc240f80-1797-4429-a146-e82ec75ed5a9] transferring FlowFile[1218,91907337539381.mockFlowFile,14B] to 'success'
[pool-146-thread-1] INFO org.apache.nifi.processors.standard.ControlRate - ControlRate[id=cc240f80-1797-4429-a146-e82ec75ed5a9] transferring FlowFile[1219,91907337549258.mockFlowFile,14B] to 'success'
[pool-146-thread-1] INFO org.apache.nifi.processors.standard.ControlRate - ControlRate[id=cc240f80-1797-4429-a146-e82ec75ed5a9] transferring FlowFile[1220,91907337559269.mockFlowFile,14B] to 'success'
[pool-146-thread-1] INFO org.apache.nifi.processors.standard.ControlRate - ControlRate[id=cc240f80-1797-4429-a146-e82ec75ed5a9] transferring FlowFile[1221,91907337568936.mockFlowFile,14B] to 'success'
[pool-146-thread-1] INFO org.apache.nifi.processors.standard.ControlRate - ControlRate[id=cc240f80-1797-4429-a146-e82ec75ed5a9] transferring FlowFile[1222,91907337577596.mockFlowFile,14B] to 'success'
[pool-146-thread-1] INFO org.apache.nifi.processors.standard.ControlRate - ControlRate[id=cc240f80-1797-4429-a146-e82ec75ed5a9] transferring FlowFile[1223,91907337591684.mockFlowFile,14B] to 'success'
[pool-146-thread-1] INFO org.apache.nifi.processors.standard.ControlRate - ControlRate[id=cc240f80-1797-4429-a146-e82ec75ed5a9] transferring FlowFile[1224,91907337602145.mockFlowFile,14B] to 'success'
[pool-146-thread-1] INFO org.apache.nifi.processors.standard.ControlRate - ControlRate[id=cc240f80-1797-4429-a146-e82ec75ed5a9] transferring FlowFile[1225,91907337611179.mockFlowFile,14B] to 'success'
[pool-146-thread-1] INFO org.apache.nifi.processors.standard.ControlRate - ControlRate[id=cc240f80-1797-4429-a146-e82ec75ed5a9] transferring FlowFile[1226,91907337620766.mockFlowFile,14B] to 'success'
[pool-146-thread-1] INFO org.apache.nifi.processors.standard.ControlRate - ControlRate[id=cc240f80-1797-4429-a146-e82ec75ed5a9] transferring FlowFile[1227,91907337630192.mockFlowFile,14B] to 'success'
[pool-146-thread-1] INFO org.apache.nifi.processors.standard.ControlRate - ControlRate[id=cc240f80-1797-4429-a146-e82ec75ed5a9] transferring FlowFile[1228,91907337640235.mockFlowFile,14B] to 'success'
[pool-146-thread-1] INFO org.apache.nifi.processors.standard.ControlRate - ControlRate[id=cc240f80-1797-4429-a146-e82ec75ed5a9] transferring FlowFile[1229,91907337650541.mockFlowFile,14B] to 'success'
[pool-146-thread-1] INFO org.apache.nifi.processors.standard.ControlRate - ControlRate[id=cc240f80-1797-4429-a146-e82ec75ed5a9] transferring FlowFile[1230,91907337659915.mockFlowFile,14B] to 'success'
[pool-146-thread-1] INFO org.apache.nifi.processors.standard.ControlRate - ControlRate[id=cc240f80-1797-4429-a146-e82ec75ed5a9] transferring FlowFile[1231,91907337674323.mockFlowFile,14B] to 'success'
[pool-146-thread-1] INFO org.apache.nifi.processors.standard.ControlRate - ControlRate[id=cc240f80-1797-4429-a146-e82ec75ed5a9] transferring FlowFile[1232,91907337683752.mockFlowFile,14B] to 'success'
[pool-146-thread-1] INFO org.apache.nifi.processors.standard.ControlRate - ControlRate[id=cc240f80-1797-4429-a146-e82ec75ed5a9] transferring FlowFile[1233,91907337693454.mockFlowFile,14B] to 'success'
[pool-146-thread-1] INFO org.apache.nifi.processors.standard.ControlRate - ControlRate[id=cc240f80-1797-4429-a146-e82ec75ed5a9] transferring FlowFile[1234,91907337703036.mockFlowFile,14B] to 'success'
[pool-146-thread-1] INFO org.apache.nifi.processors.standard.ControlRate - ControlRate[id=cc240f80-1797-4429-a146-e82ec75ed5a9] transferring FlowFile[1235,91907337711914.mockFlowFile,14B] to 'success'
[pool-146-thread-1] INFO org.apache.nifi.processors.standard.ControlRate - ControlRate[id=cc240f80-1797-4429-a146-e82ec75ed5a9] transferring FlowFile[1236,91907337721693.mockFlowFile,14B] to 'success'
[pool-146-thread-1] INFO org.apache.nifi.processors.standard.ControlRate - ControlRate[id=cc240f80-1797-4429-a146-e82ec75ed5a9] transferring FlowFile[1237,91907337730524.mockFlowFile,14B] to 'success'
[pool-146-thread-1] INFO org.apache.nifi.processors.standard.ControlRate - ControlRate[id=cc240f80-1797-4429-a146-e82ec75ed5a9] transferring FlowFile[1238,91907337740527.mockFlowFile,14B] to 'success'
[pool-146-thread-1] INFO org.apache.nifi.processors.standard.ControlRate - ControlRate[id=cc240f80-1797-4429-a146-e82ec75ed5a9] transferring FlowFile[1239,91907337754633.mockFlowFile,14B] to 'success'
[pool-146-thread-1] INFO org.apache.nifi.processors.standard.ControlRate - ControlRate[id=cc240f80-1797-4429-a146-e82ec75ed5a9] transferring FlowFile[1240,91907337764056.mockFlowFile,14B] to 'success'
[pool-146-thread-1] INFO org.apache.nifi.processors.standard.ControlRate - ControlRate[id=cc240f80-1797-4429-a146-e82ec75ed5a9] transferring FlowFile[1241,91907337773770.mockFlowFile,14B] to 'success'
[pool-146-thread-1] INFO org.apache.nifi.processors.standard.ControlRate - ControlRate[id=cc240f80-1797-4429-a146-e82ec75ed5a9] transferring FlowFile[1242,91907337782419.mockFlowFile,14B] to 'success'
[pool-146-thread-1] INFO org.apache.nifi.processors.standard.ControlRate - ControlRate[id=cc240f80-1797-4429-a146-e82ec75ed5a9] transferring FlowFile[1243,91907337792109.mockFlowFile,14B] to 'success'
[pool-146-thread-1] INFO org.apache.nifi.processors.standard.ControlRate - ControlRate[id=cc240f80-1797-4429-a146-e82ec75ed5a9] transferring FlowFile[1244,91907337801890.mockFlowFile,14B] to 'success'
[pool-146-thread-1] INFO org.apache.nifi.processors.standard.ControlRate - ControlRate[id=cc240f80-1797-4429-a146-e82ec75ed5a9] transferring FlowFile[1245,91907337811304.mockFlowFile,14B] to 'success'
[pool-146-thread-1] INFO org.apache.nifi.processors.standard.ControlRate - ControlRate[id=cc240f80-1797-4429-a146-e82ec75ed5a9] transferring FlowFile[1246,91907337821162.mockFlowFile,14B] to 'success'
[pool-146-thread-1] INFO org.apache.nifi.processors.standard.ControlRate - ControlRate[id=cc240f80-1797-4429-a146-e82ec75ed5a9] transferring FlowFile[1247,91907337834434.mockFlowFile,14B] to 'success'
[pool-146-thread-1] INFO org.apache.nifi.processors.standard.ControlRate - ControlRate[id=cc240f80-1797-4429-a146-e82ec75ed5a9] transferring FlowFile[1248,91907337844662.mockFlowFile,14B] to 'success'
[pool-146-thread-1] INFO org.apache.nifi.processors.standard.ControlRate - ControlRate[id=cc240f80-1797-4429-a146-e82ec75ed5a9] transferring FlowFile[1249,91907337865400.mockFlowFile,14B] to 'success'
[pool-146-thread-1] INFO org.apache.nifi.processors.standard.ControlRate - ControlRate[id=cc240f80-1797-4429-a146-e82ec75ed5a9] transferring FlowFile[1250,91907337875735.mockFlowFile,14B] to 'success'
[pool-146-thread-1] INFO org.apache.nifi.processors.standard.ControlRate - ControlRate[id=cc240f80-1797-4429-a146-e82ec75ed5a9] transferring FlowFile[1251,91907337885656.mockFlowFile,14B] to 'success'
[pool-146-thread-1] INFO org.apache.nifi.processors.standard.ControlRate - ControlRate[id=cc240f80-1797-4429-a146-e82ec75ed5a9] transferring FlowFile[1252,91907337894576.mockFlowFile,14B] to 'success'
[pool-146-thread-1] INFO org.apache.nifi.processors.standard.ControlRate - ControlRate[id=cc240f80-1797-4429-a146-e82ec75ed5a9] transferring FlowFile[1253,91907337904239.mockFlowFile,14B] to 'success'
[pool-146-thread-1] INFO org.apache.nifi.processors.standard.ControlRate - ControlRate[id=cc240f80-1797-4429-a146-e82ec75ed5a9] transferring FlowFile[1254,91907337915422.mockFlowFile,14B] to 'success'
[pool-146-thread-1] INFO org.apache.nifi.processors.standard.ControlRate - ControlRate[id=cc240f80-1797-4429-a146-e82ec75ed5a9] transferring FlowFile[1255,91907337930402.mockFlowFile,14B] to 'success'
[pool-146-thread-1] INFO org.apache.nifi.processors.standard.ControlRate - ControlRate[id=cc240f80-1797-4429-a146-e82ec75ed5a9] transferring FlowFile[1256,91907337941979.mockFlowFile,14B] to 'success'
[pool-146-thread-1] INFO org.apache.nifi.processors.standard.ControlRate - ControlRate[id=cc240f80-1797-4429-a146-e82ec75ed5a9] transferring FlowFile[1257,91907337952074.mockFlowFile,14B] to 'success'
[pool-146-thread-1] INFO org.apache.nifi.processors.standard.ControlRate - ControlRate[id=cc240f80-1797-4429-a146-e82ec75ed5a9] transferring FlowFile[1258,91907337962712.mockFlowFile,14B] to 'success'
[pool-146-thread-1] INFO org.apache.nifi.processors.standard.ControlRate - ControlRate[id=cc240f80-1797-4429-a146-e82ec75ed5a9] transferring FlowFile[1259,91907337972363.mockFlowFile,14B] to 'success'
[pool-146-thread-1] INFO org.apache.nifi.processors.standard.ControlRate - ControlRate[id=cc240f80-1797-4429-a146-e82ec75ed5a9] transferring FlowFile[1260,91907337981940.mockFlowFile,14B] to 'success'
[pool-146-thread-1] INFO org.apache.nifi.processors.standard.ControlRate - ControlRate[id=cc240f80-1797-4429-a146-e82ec75ed5a9] transferring FlowFile[1261,91907338014029.mockFlowFile,14B] to 'success'
[pool-146-thread-1] INFO org.apache.nifi.processors.standard.ControlRate - ControlRate[id=cc240f80-1797-4429-a146-e82ec75ed5a9] transferring FlowFile[1262,91907338023913.mockFlowFile,14B] to 'success'
[pool-146-thread-1] INFO org.apache.nifi.processors.standard.ControlRate - ControlRate[id=cc240f80-1797-4429-a146-e82ec75ed5a9] transferring FlowFile[1263,91907338039823.mockFlowFile,14B] to 'success'
[pool-146-thread-1] INFO org.apache.nifi.processors.standard.ControlRate - ControlRate[id=cc240f80-1797-4429-a146-e82ec75ed5a9] transferring FlowFile[1264,91907338064031.mockFlowFile,14B] to 'success'
[pool-146-thread-1] INFO org.apache.nifi.processors.standard.ControlRate - ControlRate[id=cc240f80-1797-4429-a146-e82ec75ed5a9] transferring FlowFile[1265,91907338073382.mockFlowFile,14B] to 'success'
[pool-146-thread-1] INFO org.apache.nifi.processors.standard.ControlRate - ControlRate[id=cc240f80-1797-4429-a146-e82ec75ed5a9] transferring FlowFile[1266,91907338082685.mockFlowFile,14B] to 'success'
[pool-146-thread-1] INFO org.apache.nifi.processors.standard.ControlRate - ControlRate[id=cc240f80-1797-4429-a146-e82ec75ed5a9] transferring FlowFile[1267,91907338091314.mockFlowFile,14B] to 'success'
[pool-146-thread-1] INFO org.apache.nifi.processors.standard.ControlRate - ControlRate[id=cc240f80-1797-4429-a146-e82ec75ed5a9] transferring FlowFile[1268,91907338102280.mockFlowFile,14B] to 'success'
[pool-146-thread-1] INFO org.apache.nifi.processors.standard.ControlRate - ControlRate[id=cc240f80-1797-4429-a146-e82ec75ed5a9] transferring FlowFile[1269,91907338111477.mockFlowFile,14B] to 'success'
[pool-146-thread-1] INFO org.apache.nifi.processors.standard.ControlRate - ControlRate[id=cc240f80-1797-4429-a146-e82ec75ed5a9] transferring FlowFile[1270,91907338120472.mockFlowFile,14B] to 'success'
[pool-146-thread-1] INFO org.apache.nifi.processors.standard.ControlRate - ControlRate[id=cc240f80-1797-4429-a146-e82ec75ed5a9] transferring FlowFile[1271,91907338136401.mockFlowFile,14B] to 'success'
[pool-146-thread-1] INFO org.apache.nifi.processors.standard.ControlRate - ControlRate[id=cc240f80-1797-4429-a146-e82ec75ed5a9] transferring FlowFile[1272,91907338146094.mockFlowFile,14B] to 'success'
[pool-146-thread-1] INFO org.apache.nifi.processors.standard.ControlRate - ControlRate[id=cc240f80-1797-4429-a146-e82ec75ed5a9] transferring FlowFile[1273,91907338158715.mockFlowFile,14B] to 'success'
[pool-146-thread-1] INFO org.apache.nifi.processors.standard.ControlRate - ControlRate[id=cc240f80-1797-4429-a146-e82ec75ed5a9] transferring FlowFile[1274,91907338168567.mockFlowFile,14B] to 'success'
[pool-146-thread-1] INFO org.apache.nifi.processors.standard.ControlRate - ControlRate[id=cc240f80-1797-4429-a146-e82ec75ed5a9] transferring FlowFile[1275,91907338177862.mockFlowFile,14B] to 'success'
[pool-146-thread-1] INFO org.apache.nifi.processors.standard.ControlRate - ControlRate[id=cc240f80-1797-4429-a146-e82ec75ed5a9] transferring FlowFile[1276,91907338187198.mockFlowFile,14B] to 'success'
[pool-146-thread-1] INFO org.apache.nifi.processors.standard.ControlRate - ControlRate[id=cc240f80-1797-4429-a146-e82ec75ed5a9] transferring FlowFile[1277,91907338196819.mockFlowFile,14B] to 'success'
[pool-146-thread-1] INFO org.apache.nifi.processors.standard.ControlRate - ControlRate[id=cc240f80-1797-4429-a146-e82ec75ed5a9] transferring FlowFile[1278,91907338208018.mockFlowFile,14B] to 'success'
[pool-146-thread-1] INFO org.apache.nifi.processors.standard.ControlRate - ControlRate[id=cc240f80-1797-4429-a146-e82ec75ed5a9] transferring FlowFile[1279,91907338223947.mockFlowFile,14B] to 'success'
[pool-146-thread-1] INFO org.apache.nifi.processors.standard.ControlRate - ControlRate[id=cc240f80-1797-4429-a146-e82ec75ed5a9] transferring FlowFile[1280,91907338234348.mockFlowFile,14B] to 'success'
[pool-146-thread-1] INFO org.apache.nifi.processors.standard.ControlRate - ControlRate[id=cc240f80-1797-4429-a146-e82ec75ed5a9] transferring FlowFile[1281,91907338244935.mockFlowFile,14B] to 'success'
[pool-146-thread-1] INFO org.apache.nifi.processors.standard.ControlRate - ControlRate[id=cc240f80-1797-4429-a146-e82ec75ed5a9] transferring FlowFile[1282,91907338255140.mockFlowFile,14B] to 'success'
[pool-146-thread-1] INFO org.apache.nifi.processors.standard.ControlRate - ControlRate[id=cc240f80-1797-4429-a146-e82ec75ed5a9] transferring FlowFile[1283,91907338265644.mockFlowFile,14B] to 'success'
[pool-146-thread-1] INFO org.apache.nifi.processors.standard.ControlRate - ControlRate[id=cc240f80-1797-4429-a146-e82ec75ed5a9] transferring FlowFile[1284,91907338275297.mockFlowFile,14B] to 'success'
[pool-146-thread-1] INFO org.apache.nifi.processors.standard.ControlRate - ControlRate[id=cc240f80-1797-4429-a146-e82ec75ed5a9] transferring FlowFile[1285,91907338283637.mockFlowFile,14B] to 'success'
[pool-146-thread-1] INFO org.apache.nifi.processors.standard.ControlRate - ControlRate[id=cc240f80-1797-4429-a146-e82ec75ed5a9] transferring FlowFile[1286,91907338292768.mockFlowFile,14B] to 'success'
[pool-146-thread-1] INFO org.apache.nifi.processors.standard.ControlRate - ControlRate[id=cc240f80-1797-4429-a146-e82ec75ed5a9] transferring FlowFile[1287,91907338307135.mockFlowFile,14B] to 'success'
[pool-146-thread-1] INFO org.apache.nifi.processors.standard.ControlRate - ControlRate[id=cc240f80-1797-4429-a146-e82ec75ed5a9] transferring FlowFile[1288,91907338317789.mockFlowFile,14B] to 'success'
[pool-146-thread-1] INFO org.apache.nifi.processors.standard.ControlRate - ControlRate[id=cc240f80-1797-4429-a146-e82ec75ed5a9] transferring FlowFile[1289,91907338330615.mockFlowFile,14B] to 'success'
[pool-146-thread-1] INFO org.apache.nifi.processors.standard.ControlRate - ControlRate[id=cc240f80-1797-4429-a146-e82ec75ed5a9] transferring FlowFile[1290,91907338340064.mockFlowFile,14B] to 'success'
[pool-146-thread-1] INFO org.apache.nifi.processors.standard.ControlRate - ControlRate[id=cc240f80-1797-4429-a146-e82ec75ed5a9] transferring FlowFile[1291,91907338349949.mockFlowFile,14B] to 'success'
[pool-146-thread-1] INFO org.apache.nifi.processors.standard.ControlRate - ControlRate[id=cc240f80-1797-4429-a146-e82ec75ed5a9] transferring FlowFile[1292,91907338360334.mockFlowFile,14B] to 'success'
[pool-146-thread-1] INFO org.apache.nifi.processors.standard.ControlRate - ControlRate[id=cc240f80-1797-4429-a146-e82ec75ed5a9] transferring FlowFile[1293,91907338369699.mockFlowFile,14B] to 'success'
[pool-146-thread-1] INFO org.apache.nifi.processors.standard.ControlRate - ControlRate[id=cc240f80-1797-4429-a146-e82ec75ed5a9] transferring FlowFile[1294,91907338378955.mockFlowFile,14B] to 'success'
[pool-146-thread-1] INFO org.apache.nifi.processors.standard.ControlRate - ControlRate[id=cc240f80-1797-4429-a146-e82ec75ed5a9] transferring FlowFile[1295,91907338392226.mockFlowFile,14B] to 'success'
[pool-146-thread-1] INFO org.apache.nifi.processors.standard.ControlRate - ControlRate[id=cc240f80-1797-4429-a146-e82ec75ed5a9] transferring FlowFile[1296,91907338403886.mockFlowFile,14B] to 'success'
[pool-146-thread-1] INFO org.apache.nifi.processors.standard.ControlRate - ControlRate[id=cc240f80-1797-4429-a146-e82ec75ed5a9] transferring FlowFile[1297,91907338413671.mockFlowFile,14B] to 'success'
[pool-146-thread-1] INFO org.apache.nifi.processors.standard.ControlRate - ControlRate[id=cc240f80-1797-4429-a146-e82ec75ed5a9] transferring FlowFile[1298,91907338423477.mockFlowFile,14B] to 'success'
[pool-146-thread-1] INFO org.apache.nifi.processors.standard.ControlRate - ControlRate[id=cc240f80-1797-4429-a146-e82ec75ed5a9] transferring FlowFile[1299,91907338433435.mockFlowFile,14B] to 'success'
[pool-146-thread-1] INFO org.apache.nifi.processors.standard.ControlRate - ControlRate[id=cc240f80-1797-4429-a146-e82ec75ed5a9] transferring FlowFile[1300,91907338442090.mockFlowFile,14B] to 'success'
[pool-146-thread-1] INFO org.apache.nifi.processors.standard.ControlRate - ControlRate[id=cc240f80-1797-4429-a146-e82ec75ed5a9] transferring FlowFile[1301,91907338450867.mockFlowFile,14B] to 'success'
[pool-146-thread-1] INFO org.apache.nifi.processors.standard.ControlRate - ControlRate[id=cc240f80-1797-4429-a146-e82ec75ed5a9] transferring FlowFile[1302,91907338459271.mockFlowFile,14B] to 'success'
[pool-146-thread-1] INFO org.apache.nifi.processors.standard.ControlRate - ControlRate[id=cc240f80-1797-4429-a146-e82ec75ed5a9] transferring FlowFile[1303,91907338473278.mockFlowFile,14B] to 'success'
[pool-146-thread-1] INFO org.apache.nifi.processors.standard.ControlRate - ControlRate[id=cc240f80-1797-4429-a146-e82ec75ed5a9] transferring FlowFile[1304,91907338483108.mockFlowFile,14B] to 'success'
[pool-146-thread-1] INFO org.apache.nifi.processors.standard.ControlRate - ControlRate[id=cc240f80-1797-4429-a146-e82ec75ed5a9] transferring FlowFile[1305,91907338491638.mockFlowFile,14B] to 'success'
[pool-146-thread-1] INFO org.apache.nifi.processors.standard.ControlRate - ControlRate[id=cc240f80-1797-4429-a146-e82ec75ed5a9] transferring FlowFile[1306,91907338500732.mockFlowFile,14B] to 'success'
[pool-146-thread-1] INFO org.apache.nifi.processors.standard.ControlRate - ControlRate[id=cc240f80-1797-4429-a146-e82ec75ed5a9] transferring FlowFile[1307,91907338509323.mockFlowFile,14B] to 'success'
[pool-146-thread-1] INFO org.apache.nifi.processors.standard.ControlRate - ControlRate[id=cc240f80-1797-4429-a146-e82ec75ed5a9] transferring FlowFile[1308,91907338518470.mockFlowFile,14B] to 'success'
[pool-146-thread-1] INFO org.apache.nifi.processors.standard.ControlRate - ControlRate[id=cc240f80-1797-4429-a146-e82ec75ed5a9] transferring FlowFile[1309,91907338527493.mockFlowFile,14B] to 'success'
[pool-146-thread-1] INFO org.apache.nifi.processors.standard.ControlRate - ControlRate[id=cc240f80-1797-4429-a146-e82ec75ed5a9] transferring FlowFile[1310,91907338538217.mockFlowFile,14B] to 'success'
[pool-146-thread-1] INFO org.apache.nifi.processors.standard.ControlRate - ControlRate[id=cc240f80-1797-4429-a146-e82ec75ed5a9] transferring FlowFile[1311,91907338552471.mockFlowFile,14B] to 'success'
[pool-146-thread-1] INFO org.apache.nifi.processors.standard.ControlRate - ControlRate[id=cc240f80-1797-4429-a146-e82ec75ed5a9] transferring FlowFile[1312,91907338561408.mockFlowFile,14B] to 'success'
[pool-146-thread-1] INFO org.apache.nifi.processors.standard.ControlRate - ControlRate[id=cc240f80-1797-4429-a146-e82ec75ed5a9] transferring FlowFile[1313,91907338570693.mockFlowFile,14B] to 'success'
[pool-146-thread-1] INFO org.apache.nifi.processors.standard.ControlRate - ControlRate[id=cc240f80-1797-4429-a146-e82ec75ed5a9] transferring FlowFile[1314,91907338579604.mockFlowFile,14B] to 'success'
[pool-146-thread-1] INFO org.apache.nifi.processors.standard.ControlRate - ControlRate[id=cc240f80-1797-4429-a146-e82ec75ed5a9] transferring FlowFile[1315,91907338587707.mockFlowFile,14B] to 'success'
[pool-146-thread-1] INFO org.apache.nifi.processors.standard.ControlRate - ControlRate[id=cc240f80-1797-4429-a146-e82ec75ed5a9] transferring FlowFile[1316,91907338597091.mockFlowFile,14B] to 'success'
[pool-146-thread-1] INFO org.apache.nifi.processors.standard.ControlRate - ControlRate[id=cc240f80-1797-4429-a146-e82ec75ed5a9] transferring FlowFile[1317,91907338607405.mockFlowFile,14B] to 'success'
[pool-146-thread-1] INFO org.apache.nifi.processors.standard.ControlRate - ControlRate[id=cc240f80-1797-4429-a146-e82ec75ed5a9] transferring FlowFile[1318,91907338617842.mockFlowFile,14B] to 'success'
[pool-146-thread-1] INFO org.apache.nifi.processors.standard.ControlRate - ControlRate[id=cc240f80-1797-4429-a146-e82ec75ed5a9] transferring FlowFile[1319,91907338631402.mockFlowFile,14B] to 'success'
[pool-146-thread-1] INFO org.apache.nifi.processors.standard.ControlRate - ControlRate[id=cc240f80-1797-4429-a146-e82ec75ed5a9] transferring FlowFile[1320,91907338641016.mockFlowFile,14B] to 'success'
[pool-146-thread-1] INFO org.apache.nifi.processors.standard.ControlRate - ControlRate[id=cc240f80-1797-4429-a146-e82ec75ed5a9] transferring FlowFile[1321,91907338650272.mockFlowFile,14B] to 'success'
[pool-146-thread-1] INFO org.apache.nifi.processors.standard.ControlRate - ControlRate[id=cc240f80-1797-4429-a146-e82ec75ed5a9] transferring FlowFile[1322,91907338659542.mockFlowFile,14B] to 'success'
[pool-146-thread-1] INFO org.apache.nifi.processors.standard.ControlRate - ControlRate[id=cc240f80-1797-4429-a146-e82ec75ed5a9] transferring FlowFile[1323,91907338670198.mockFlowFile,14B] to 'success'
[pool-146-thread-1] INFO org.apache.nifi.processors.standard.ControlRate - ControlRate[id=cc240f80-1797-4429-a146-e82ec75ed5a9] transferring FlowFile[1324,91907338680015.mockFlowFile,14B] to 'success'
[pool-146-thread-1] INFO org.apache.nifi.processors.standard.ControlRate - ControlRate[id=cc240f80-1797-4429-a146-e82ec75ed5a9] transferring FlowFile[1325,91907338689199.mockFlowFile,14B] to 'success'
[pool-146-thread-1] INFO org.apache.nifi.processors.standard.ControlRate - ControlRate[id=cc240f80-1797-4429-a146-e82ec75ed5a9] transferring FlowFile[1326,91907338698952.mockFlowFile,14B] to 'success'
[pool-146-thread-1] INFO org.apache.nifi.processors.standard.ControlRate - ControlRate[id=cc240f80-1797-4429-a146-e82ec75ed5a9] transferring FlowFile[1327,91907338712228.mockFlowFile,14B] to 'success'
[pool-146-thread-1] INFO org.apache.nifi.processors.standard.ControlRate - ControlRate[id=cc240f80-1797-4429-a146-e82ec75ed5a9] transferring FlowFile[1328,91907338722324.mockFlowFile,14B] to 'success'
[pool-146-thread-1] INFO org.apache.nifi.processors.standard.ControlRate - ControlRate[id=cc240f80-1797-4429-a146-e82ec75ed5a9] transferring FlowFile[1329,91907338731623.mockFlowFile,14B] to 'success'
[pool-146-thread-1] INFO org.apache.nifi.processors.standard.ControlRate - ControlRate[id=cc240f80-1797-4429-a146-e82ec75ed5a9] transferring FlowFile[1330,91907338739838.mockFlowFile,14B] to 'success'
[pool-146-thread-1] INFO org.apache.nifi.processors.standard.ControlRate - ControlRate[id=cc240f80-1797-4429-a146-e82ec75ed5a9] transferring FlowFile[1331,91907338751617.mockFlowFile,14B] to 'success'
[pool-146-thread-1] INFO org.apache.nifi.processors.standard.ControlRate - ControlRate[id=cc240f80-1797-4429-a146-e82ec75ed5a9] transferring FlowFile[1332,91907338760208.mockFlowFile,14B] to 'success'
[pool-146-thread-1] INFO org.apache.nifi.processors.standard.ControlRate - ControlRate[id=cc240f80-1797-4429-a146-e82ec75ed5a9] transferring FlowFile[1333,91907338769474.mockFlowFile,14B] to 'success'
[pool-146-thread-1] INFO org.apache.nifi.processors.standard.ControlRate - ControlRate[id=cc240f80-1797-4429-a146-e82ec75ed5a9] transferring FlowFile[1334,91907338778260.mockFlowFile,14B] to 'success'
[pool-146-thread-1] INFO org.apache.nifi.processors.standard.ControlRate - ControlRate[id=cc240f80-1797-4429-a146-e82ec75ed5a9] transferring FlowFile[1335,91907338791498.mockFlowFile,14B] to 'success'
[pool-146-thread-1] INFO org.apache.nifi.processors.standard.ControlRate - ControlRate[id=cc240f80-1797-4429-a146-e82ec75ed5a9] transferring FlowFile[1336,91907338801006.mockFlowFile,14B] to 'success'
[pool-146-thread-1] INFO org.apache.nifi.processors.standard.ControlRate - ControlRate[id=cc240f80-1797-4429-a146-e82ec75ed5a9] transferring FlowFile[1337,91907338809225.mockFlowFile,14B] to 'success'
[pool-146-thread-1] INFO org.apache.nifi.processors.standard.ControlRate - ControlRate[id=cc240f80-1797-4429-a146-e82ec75ed5a9] transferring FlowFile[1338,91907338818513.mockFlowFile,14B] to 'success'
[pool-146-thread-1] INFO org.apache.nifi.processors.standard.ControlRate - ControlRate[id=cc240f80-1797-4429-a146-e82ec75ed5a9] transferring FlowFile[1339,91907338827809.mockFlowFile,14B] to 'success'
[pool-146-thread-1] INFO org.apache.nifi.processors.standard.ControlRate - ControlRate[id=cc240f80-1797-4429-a146-e82ec75ed5a9] transferring FlowFile[1340,91907338837887.mockFlowFile,14B] to 'success'
[pool-146-thread-1] INFO org.apache.nifi.processors.standard.ControlRate - ControlRate[id=cc240f80-1797-4429-a146-e82ec75ed5a9] transferring FlowFile[1341,91907338847643.mockFlowFile,14B] to 'success'
[pool-146-thread-1] INFO org.apache.nifi.processors.standard.ControlRate - ControlRate[id=cc240f80-1797-4429-a146-e82ec75ed5a9] transferring FlowFile[1342,91907338855875.mockFlowFile,14B] to 'success'
[pool-146-thread-1] INFO org.apache.nifi.processors.standard.ControlRate - ControlRate[id=cc240f80-1797-4429-a146-e82ec75ed5a9] transferring FlowFile[1343,91907338869937.mockFlowFile,14B] to 'success'
[pool-146-thread-1] INFO org.apache.nifi.processors.standard.ControlRate - ControlRate[id=cc240f80-1797-4429-a146-e82ec75ed5a9] transferring FlowFile[1344,91907338879902.mockFlowFile,14B] to 'success'
[pool-146-thread-1] INFO org.apache.nifi.processors.standard.ControlRate - ControlRate[id=cc240f80-1797-4429-a146-e82ec75ed5a9] transferring FlowFile[1345,91907338888712.mockFlowFile,14B] to 'success'
[pool-146-thread-1] INFO org.apache.nifi.processors.standard.ControlRate - ControlRate[id=cc240f80-1797-4429-a146-e82ec75ed5a9] transferring FlowFile[1346,91907338897897.mockFlowFile,14B] to 'success'
[pool-146-thread-1] INFO org.apache.nifi.processors.standard.ControlRate - ControlRate[id=cc240f80-1797-4429-a146-e82ec75ed5a9] transferring FlowFile[1347,91907338907973.mockFlowFile,14B] to 'success'
[pool-146-thread-1] INFO org.apache.nifi.processors.standard.ControlRate - ControlRate[id=cc240f80-1797-4429-a146-e82ec75ed5a9] transferring FlowFile[1348,91907338917919.mockFlowFile,14B] to 'success'
[pool-146-thread-1] INFO org.apache.nifi.processors.standard.ControlRate - ControlRate[id=cc240f80-1797-4429-a146-e82ec75ed5a9] transferring FlowFile[1349,91907338926965.mockFlowFile,14B] to 'success'
[pool-146-thread-1] INFO org.apache.nifi.processors.standard.ControlRate - ControlRate[id=cc240f80-1797-4429-a146-e82ec75ed5a9] transferring FlowFile[1350,91907338935421.mockFlowFile,14B] to 'success'
[pool-146-thread-1] INFO org.apache.nifi.processors.standard.ControlRate - ControlRate[id=cc240f80-1797-4429-a146-e82ec75ed5a9] transferring FlowFile[1351,91907338958965.mockFlowFile,14B] to 'success'
[pool-146-thread-1] INFO org.apache.nifi.processors.standard.ControlRate - ControlRate[id=cc240f80-1797-4429-a146-e82ec75ed5a9] transferring FlowFile[1352,91907338969144.mockFlowFile,14B] to 'success'
[pool-146-thread-1] INFO org.apache.nifi.processors.standard.ControlRate - ControlRate[id=cc240f80-1797-4429-a146-e82ec75ed5a9] transferring FlowFile[1353,91907338978383.mockFlowFile,14B] to 'success'
[pool-146-thread-1] INFO org.apache.nifi.processors.standard.ControlRate - ControlRate[id=cc240f80-1797-4429-a146-e82ec75ed5a9] transferring FlowFile[1354,91907338987839.mockFlowFile,14B] to 'success'
[pool-146-thread-1] INFO org.apache.nifi.processors.standard.ControlRate - ControlRate[id=cc240f80-1797-4429-a146-e82ec75ed5a9] transferring FlowFile[1355,91907338996261.mockFlowFile,14B] to 'success'
[pool-146-thread-1] INFO org.apache.nifi.processors.standard.ControlRate - ControlRate[id=cc240f80-1797-4429-a146-e82ec75ed5a9] transferring FlowFile[1356,91907339005895.mockFlowFile,14B] to 'success'
[pool-146-thread-1] INFO org.apache.nifi.processors.standard.ControlRate - ControlRate[id=cc240f80-1797-4429-a146-e82ec75ed5a9] transferring FlowFile[1357,91907339016022.mockFlowFile,14B] to 'success'
[pool-146-thread-1] INFO org.apache.nifi.processors.standard.ControlRate - ControlRate[id=cc240f80-1797-4429-a146-e82ec75ed5a9] transferring FlowFile[1358,91907339025499.mockFlowFile,14B] to 'success'
[pool-146-thread-1] INFO org.apache.nifi.processors.standard.ControlRate - ControlRate[id=cc240f80-1797-4429-a146-e82ec75ed5a9] transferring FlowFile[1359,91907339039328.mockFlowFile,14B] to 'success'
[pool-146-thread-1] INFO org.apache.nifi.processors.standard.ControlRate - ControlRate[id=cc240f80-1797-4429-a146-e82ec75ed5a9] transferring FlowFile[1360,91907339048440.mockFlowFile,14B] to 'success'
[pool-146-thread-1] INFO org.apache.nifi.processors.standard.ControlRate - ControlRate[id=cc240f80-1797-4429-a146-e82ec75ed5a9] transferring FlowFile[1361,91907339057722.mockFlowFile,14B] to 'success'
[pool-146-thread-1] INFO org.apache.nifi.processors.standard.ControlRate - ControlRate[id=cc240f80-1797-4429-a146-e82ec75ed5a9] transferring FlowFile[1362,91907339066539.mockFlowFile,14B] to 'success'
[pool-146-thread-1] INFO org.apache.nifi.processors.standard.ControlRate - ControlRate[id=cc240f80-1797-4429-a146-e82ec75ed5a9] transferring FlowFile[1363,91907339076232.mockFlowFile,14B] to 'success'
[pool-146-thread-1] INFO org.apache.nifi.processors.standard.ControlRate - ControlRate[id=cc240f80-1797-4429-a146-e82ec75ed5a9] transferring FlowFile[1364,91907339085203.mockFlowFile,14B] to 'success'
[pool-146-thread-1] INFO org.apache.nifi.processors.standard.ControlRate - ControlRate[id=cc240f80-1797-4429-a146-e82ec75ed5a9] transferring FlowFile[1365,91907339093675.mockFlowFile,14B] to 'success'
[pool-146-thread-1] INFO org.apache.nifi.processors.standard.ControlRate - ControlRate[id=cc240f80-1797-4429-a146-e82ec75ed5a9] transferring FlowFile[1366,91907339102990.mockFlowFile,14B] to 'success'
[pool-146-thread-1] INFO org.apache.nifi.processors.standard.ControlRate - ControlRate[id=cc240f80-1797-4429-a146-e82ec75ed5a9] transferring FlowFile[1367,91907339115773.mockFlowFile,14B] to 'success'
[pool-146-thread-1] INFO org.apache.nifi.processors.standard.ControlRate - ControlRate[id=cc240f80-1797-4429-a146-e82ec75ed5a9] transferring FlowFile[1368,91907339126062.mockFlowFile,14B] to 'success'
[pool-146-thread-1] INFO org.apache.nifi.processors.standard.ControlRate - ControlRate[id=cc240f80-1797-4429-a146-e82ec75ed5a9] transferring FlowFile[1369,91907339135264.mockFlowFile,14B] to 'success'
[pool-146-thread-1] INFO org.apache.nifi.processors.standard.ControlRate - ControlRate[id=cc240f80-1797-4429-a146-e82ec75ed5a9] transferring FlowFile[1370,91907339143848.mockFlowFile,14B] to 'success'
[pool-146-thread-1] INFO org.apache.nifi.processors.standard.ControlRate - ControlRate[id=cc240f80-1797-4429-a146-e82ec75ed5a9] transferring FlowFile[1371,91907339153050.mockFlowFile,14B] to 'success'
[pool-146-thread-1] INFO org.apache.nifi.processors.standard.ControlRate - ControlRate[id=cc240f80-1797-4429-a146-e82ec75ed5a9] transferring FlowFile[1372,91907339161713.mockFlowFile,14B] to 'success'
[pool-146-thread-1] INFO org.apache.nifi.processors.standard.ControlRate - ControlRate[id=cc240f80-1797-4429-a146-e82ec75ed5a9] transferring FlowFile[1373,91907339170671.mockFlowFile,14B] to 'success'
[pool-146-thread-1] INFO org.apache.nifi.processors.standard.ControlRate - ControlRate[id=cc240f80-1797-4429-a146-e82ec75ed5a9] transferring FlowFile[1374,91907339179914.mockFlowFile,14B] to 'success'
[pool-146-thread-1] INFO org.apache.nifi.processors.standard.ControlRate - ControlRate[id=cc240f80-1797-4429-a146-e82ec75ed5a9] transferring FlowFile[1375,91907339194221.mockFlowFile,14B] to 'success'
[pool-146-thread-1] INFO org.apache.nifi.processors.standard.ControlRate - ControlRate[id=cc240f80-1797-4429-a146-e82ec75ed5a9] transferring FlowFile[1376,91907339204075.mockFlowFile,14B] to 'success'
[pool-146-thread-1] INFO org.apache.nifi.processors.standard.ControlRate - ControlRate[id=cc240f80-1797-4429-a146-e82ec75ed5a9] transferring FlowFile[1377,91907339212926.mockFlowFile,14B] to 'success'
[pool-146-thread-1] INFO org.apache.nifi.processors.standard.ControlRate - ControlRate[id=cc240f80-1797-4429-a146-e82ec75ed5a9] transferring FlowFile[1378,91907339222633.mockFlowFile,14B] to 'success'
[pool-146-thread-1] INFO org.apache.nifi.processors.standard.ControlRate - ControlRate[id=cc240f80-1797-4429-a146-e82ec75ed5a9] transferring FlowFile[1379,91907339231752.mockFlowFile,14B] to 'success'
[pool-146-thread-1] INFO org.apache.nifi.processors.standard.ControlRate - ControlRate[id=cc240f80-1797-4429-a146-e82ec75ed5a9] transferring FlowFile[1380,91907339240205.mockFlowFile,14B] to 'success'
[pool-146-thread-1] INFO org.apache.nifi.processors.standard.ControlRate - ControlRate[id=cc240f80-1797-4429-a146-e82ec75ed5a9] transferring FlowFile[1381,91907339252180.mockFlowFile,14B] to 'success'
[pool-146-thread-1] INFO org.apache.nifi.processors.standard.ControlRate - ControlRate[id=cc240f80-1797-4429-a146-e82ec75ed5a9] transferring FlowFile[1382,91907339262464.mockFlowFile,14B] to 'success'
[pool-146-thread-1] INFO org.apache.nifi.processors.standard.ControlRate - ControlRate[id=cc240f80-1797-4429-a146-e82ec75ed5a9] transferring FlowFile[1383,91907339276543.mockFlowFile,14B] to 'success'
[pool-146-thread-1] INFO org.apache.nifi.processors.standard.ControlRate - ControlRate[id=cc240f80-1797-4429-a146-e82ec75ed5a9] transferring FlowFile[1384,91907339286542.mockFlowFile,14B] to 'success'
[pool-146-thread-1] INFO org.apache.nifi.processors.standard.ControlRate - ControlRate[id=cc240f80-1797-4429-a146-e82ec75ed5a9] transferring FlowFile[1385,91907339295255.mockFlowFile,14B] to 'success'
[pool-146-thread-1] INFO org.apache.nifi.processors.standard.ControlRate - ControlRate[id=cc240f80-1797-4429-a146-e82ec75ed5a9] transferring FlowFile[1386,91907339305125.mockFlowFile,14B] to 'success'
[pool-146-thread-1] INFO org.apache.nifi.processors.standard.ControlRate - ControlRate[id=cc240f80-1797-4429-a146-e82ec75ed5a9] transferring FlowFile[1387,91907339313566.mockFlowFile,14B] to 'success'
[pool-146-thread-1] INFO org.apache.nifi.processors.standard.ControlRate - ControlRate[id=cc240f80-1797-4429-a146-e82ec75ed5a9] transferring FlowFile[1388,91907339322836.mockFlowFile,14B] to 'success'
[pool-146-thread-1] INFO org.apache.nifi.processors.standard.ControlRate - ControlRate[id=cc240f80-1797-4429-a146-e82ec75ed5a9] transferring FlowFile[1389,91907339332289.mockFlowFile,14B] to 'success'
[pool-146-thread-1] INFO org.apache.nifi.processors.standard.ControlRate - ControlRate[id=cc240f80-1797-4429-a146-e82ec75ed5a9] transferring FlowFile[1390,91907339341382.mockFlowFile,14B] to 'success'
[pool-146-thread-1] INFO org.apache.nifi.processors.standard.ControlRate - ControlRate[id=cc240f80-1797-4429-a146-e82ec75ed5a9] transferring FlowFile[1391,91907339356454.mockFlowFile,14B] to 'success'
[pool-146-thread-1] INFO org.apache.nifi.processors.standard.ControlRate - ControlRate[id=cc240f80-1797-4429-a146-e82ec75ed5a9] transferring FlowFile[1392,91907339365772.mockFlowFile,14B] to 'success'
[pool-146-thread-1] INFO org.apache.nifi.processors.standard.ControlRate - ControlRate[id=cc240f80-1797-4429-a146-e82ec75ed5a9] transferring FlowFile[1393,91907339374920.mockFlowFile,14B] to 'success'
[pool-146-thread-1] INFO org.apache.nifi.processors.standard.ControlRate - ControlRate[id=cc240f80-1797-4429-a146-e82ec75ed5a9] transferring FlowFile[1394,91907339383945.mockFlowFile,14B] to 'success'
[pool-146-thread-1] INFO org.apache.nifi.processors.standard.ControlRate - ControlRate[id=cc240f80-1797-4429-a146-e82ec75ed5a9] transferring FlowFile[1395,91907339392547.mockFlowFile,14B] to 'success'
[pool-146-thread-1] INFO org.apache.nifi.processors.standard.ControlRate - ControlRate[id=cc240f80-1797-4429-a146-e82ec75ed5a9] transferring FlowFile[1396,91907339401831.mockFlowFile,14B] to 'success'
[pool-146-thread-1] INFO org.apache.nifi.processors.standard.ControlRate - ControlRate[id=cc240f80-1797-4429-a146-e82ec75ed5a9] transferring FlowFile[1397,91907339410407.mockFlowFile,14B] to 'success'
[pool-146-thread-1] INFO org.apache.nifi.processors.standard.ControlRate - ControlRate[id=cc240f80-1797-4429-a146-e82ec75ed5a9] transferring FlowFile[1398,91907339421710.mockFlowFile,14B] to 'success'
[pool-146-thread-1] INFO org.apache.nifi.processors.standard.ControlRate - ControlRate[id=cc240f80-1797-4429-a146-e82ec75ed5a9] transferring FlowFile[1399,91907339443258.mockFlowFile,14B] to 'success'
[pool-146-thread-1] INFO org.apache.nifi.processors.standard.ControlRate - ControlRate[id=cc240f80-1797-4429-a146-e82ec75ed5a9] transferring FlowFile[1400,91907339453276.mockFlowFile,14B] to 'success'
[pool-146-thread-1] INFO org.apache.nifi.processors.standard.ControlRate - ControlRate[id=cc240f80-1797-4429-a146-e82ec75ed5a9] transferring FlowFile[1401,91907339462440.mockFlowFile,14B] to 'success'
[pool-146-thread-1] INFO org.apache.nifi.processors.standard.ControlRate - ControlRate[id=cc240f80-1797-4429-a146-e82ec75ed5a9] transferring FlowFile[1402,91907339470671.mockFlowFile,14B] to 'success'
[pool-146-thread-1] INFO org.apache.nifi.processors.standard.ControlRate - ControlRate[id=cc240f80-1797-4429-a146-e82ec75ed5a9] transferring FlowFile[1403,91907339479892.mockFlowFile,14B] to 'success'
[pool-146-thread-1] INFO org.apache.nifi.processors.standard.ControlRate - ControlRate[id=cc240f80-1797-4429-a146-e82ec75ed5a9] transferring FlowFile[1404,91907339488921.mockFlowFile,14B] to 'success'
[pool-146-thread-1] INFO org.apache.nifi.processors.standard.ControlRate - ControlRate[id=cc240f80-1797-4429-a146-e82ec75ed5a9] transferring FlowFile[1405,91907339497382.mockFlowFile,14B] to 'success'
[pool-146-thread-1] INFO org.apache.nifi.processors.standard.ControlRate - ControlRate[id=cc240f80-1797-4429-a146-e82ec75ed5a9] transferring FlowFile[1406,91907339506674.mockFlowFile,14B] to 'success'
[pool-146-thread-1] INFO org.apache.nifi.processors.standard.ControlRate - ControlRate[id=cc240f80-1797-4429-a146-e82ec75ed5a9] transferring FlowFile[1407,91907339519478.mockFlowFile,14B] to 'success'
[pool-146-thread-1] INFO org.apache.nifi.processors.standard.ControlRate - ControlRate[id=cc240f80-1797-4429-a146-e82ec75ed5a9] transferring FlowFile[1408,91907339529488.mockFlowFile,14B] to 'success'
[pool-146-thread-1] INFO org.apache.nifi.processors.standard.ControlRate - ControlRate[id=cc240f80-1797-4429-a146-e82ec75ed5a9] transferring FlowFile[1409,91907339539226.mockFlowFile,14B] to 'success'
[pool-146-thread-1] INFO org.apache.nifi.processors.standard.ControlRate - ControlRate[id=cc240f80-1797-4429-a146-e82ec75ed5a9] transferring FlowFile[1410,91907339547717.mockFlowFile,14B] to 'success'
[pool-146-thread-1] INFO org.apache.nifi.processors.standard.ControlRate - ControlRate[id=cc240f80-1797-4429-a146-e82ec75ed5a9] transferring FlowFile[1411,91907339556683.mockFlowFile,14B] to 'success'
[pool-146-thread-1] INFO org.apache.nifi.processors.standard.ControlRate - ControlRate[id=cc240f80-1797-4429-a146-e82ec75ed5a9] transferring FlowFile[1412,91907339564807.mockFlowFile,14B] to 'success'
[pool-146-thread-1] INFO org.apache.nifi.processors.standard.ControlRate - ControlRate[id=cc240f80-1797-4429-a146-e82ec75ed5a9] transferring FlowFile[1413,91907339573821.mockFlowFile,14B] to 'success'
[pool-146-thread-1] INFO org.apache.nifi.processors.standard.ControlRate - ControlRate[id=cc240f80-1797-4429-a146-e82ec75ed5a9] transferring FlowFile[1414,91907339582964.mockFlowFile,14B] to 'success'
[pool-146-thread-1] INFO org.apache.nifi.processors.standard.ControlRate - ControlRate[id=cc240f80-1797-4429-a146-e82ec75ed5a9] transferring FlowFile[1415,91907339595341.mockFlowFile,14B] to 'success'
[pool-146-thread-1] INFO org.apache.nifi.processors.standard.ControlRate - ControlRate[id=cc240f80-1797-4429-a146-e82ec75ed5a9] transferring FlowFile[1416,91907339604902.mockFlowFile,14B] to 'success'
[pool-146-thread-1] INFO org.apache.nifi.processors.standard.ControlRate - ControlRate[id=cc240f80-1797-4429-a146-e82ec75ed5a9] transferring FlowFile[1417,91907339613556.mockFlowFile,14B] to 'success'
[pool-146-thread-1] INFO org.apache.nifi.processors.standard.ControlRate - ControlRate[id=cc240f80-1797-4429-a146-e82ec75ed5a9] transferring FlowFile[1418,91907339622894.mockFlowFile,14B] to 'success'
[pool-146-thread-1] INFO org.apache.nifi.processors.standard.ControlRate - ControlRate[id=cc240f80-1797-4429-a146-e82ec75ed5a9] transferring FlowFile[1419,91907339632484.mockFlowFile,14B] to 'success'
[pool-146-thread-1] INFO org.apache.nifi.processors.standard.ControlRate - ControlRate[id=cc240f80-1797-4429-a146-e82ec75ed5a9] transferring FlowFile[1420,91907339641079.mockFlowFile,14B] to 'success'
[pool-146-thread-1] INFO org.apache.nifi.processors.standard.ControlRate - ControlRate[id=cc240f80-1797-4429-a146-e82ec75ed5a9] transferring FlowFile[1421,91907339650243.mockFlowFile,14B] to 'success'
[pool-146-thread-1] INFO org.apache.nifi.processors.standard.ControlRate - ControlRate[id=cc240f80-1797-4429-a146-e82ec75ed5a9] transferring FlowFile[1422,91907339658562.mockFlowFile,14B] to 'success'
[pool-146-thread-1] INFO org.apache.nifi.processors.standard.ControlRate - ControlRate[id=cc240f80-1797-4429-a146-e82ec75ed5a9] transferring FlowFile[1423,91907339671914.mockFlowFile,14B] to 'success'
[pool-146-thread-1] INFO org.apache.nifi.processors.standard.ControlRate - ControlRate[id=cc240f80-1797-4429-a146-e82ec75ed5a9] transferring FlowFile[1424,91907339682924.mockFlowFile,14B] to 'success'
[pool-146-thread-1] INFO org.apache.nifi.processors.standard.ControlRate - ControlRate[id=cc240f80-1797-4429-a146-e82ec75ed5a9] transferring FlowFile[1425,91907339691510.mockFlowFile,14B] to 'success'
[pool-146-thread-1] INFO org.apache.nifi.processors.standard.ControlRate - ControlRate[id=cc240f80-1797-4429-a146-e82ec75ed5a9] transferring FlowFile[1426,91907339700538.mockFlowFile,14B] to 'success'
[pool-146-thread-1] INFO org.apache.nifi.processors.standard.ControlRate - ControlRate[id=cc240f80-1797-4429-a146-e82ec75ed5a9] transferring FlowFile[1427,91907339708993.mockFlowFile,14B] to 'success'
[pool-146-thread-1] INFO org.apache.nifi.processors.standard.ControlRate - ControlRate[id=cc240f80-1797-4429-a146-e82ec75ed5a9] transferring FlowFile[1428,91907339718052.mockFlowFile,14B] to 'success'
[pool-146-thread-1] INFO org.apache.nifi.processors.standard.ControlRate - ControlRate[id=cc240f80-1797-4429-a146-e82ec75ed5a9] transferring FlowFile[1429,91907339727414.mockFlowFile,14B] to 'success'
[pool-146-thread-1] INFO org.apache.nifi.processors.standard.ControlRate - ControlRate[id=cc240f80-1797-4429-a146-e82ec75ed5a9] transferring FlowFile[1430,91907339739319.mockFlowFile,14B] to 'success'
[pool-146-thread-1] INFO org.apache.nifi.processors.standard.ControlRate - ControlRate[id=cc240f80-1797-4429-a146-e82ec75ed5a9] transferring FlowFile[1431,91907339752071.mockFlowFile,14B] to 'success'
[pool-146-thread-1] INFO org.apache.nifi.processors.standard.ControlRate - ControlRate[id=cc240f80-1797-4429-a146-e82ec75ed5a9] transferring FlowFile[1432,91907339762423.mockFlowFile,14B] to 'success'
[pool-146-thread-1] INFO org.apache.nifi.processors.standard.ControlRate - ControlRate[id=cc240f80-1797-4429-a146-e82ec75ed5a9] transferring FlowFile[1433,91907339771968.mockFlowFile,14B] to 'success'
[pool-146-thread-1] INFO org.apache.nifi.processors.standard.ControlRate - ControlRate[id=cc240f80-1797-4429-a146-e82ec75ed5a9] transferring FlowFile[1434,91907339781176.mockFlowFile,14B] to 'success'
[pool-146-thread-1] INFO org.apache.nifi.processors.standard.ControlRate - ControlRate[id=cc240f80-1797-4429-a146-e82ec75ed5a9] transferring FlowFile[1435,91907339789532.mockFlowFile,14B] to 'success'
[pool-146-thread-1] INFO org.apache.nifi.processors.standard.ControlRate - ControlRate[id=cc240f80-1797-4429-a146-e82ec75ed5a9] transferring FlowFile[1436,91907339798521.mockFlowFile,14B] to 'success'
[pool-146-thread-1] INFO org.apache.nifi.processors.standard.ControlRate - ControlRate[id=cc240f80-1797-4429-a146-e82ec75ed5a9] transferring FlowFile[1437,91907339807264.mockFlowFile,14B] to 'success'
[pool-146-thread-1] INFO org.apache.nifi.processors.standard.ControlRate - ControlRate[id=cc240f80-1797-4429-a146-e82ec75ed5a9] transferring FlowFile[1438,91907339816480.mockFlowFile,14B] to 'success'
[pool-146-thread-1] INFO org.apache.nifi.processors.standard.ControlRate - ControlRate[id=cc240f80-1797-4429-a146-e82ec75ed5a9] transferring FlowFile[1439,91907339829802.mockFlowFile,14B] to 'success'
[pool-146-thread-1] INFO org.apache.nifi.processors.standard.ControlRate - ControlRate[id=cc240f80-1797-4429-a146-e82ec75ed5a9] transferring FlowFile[1440,91907339838632.mockFlowFile,14B] to 'success'
[pool-146-thread-1] INFO org.apache.nifi.processors.standard.ControlRate - ControlRate[id=cc240f80-1797-4429-a146-e82ec75ed5a9] transferring FlowFile[1441,91907339847961.mockFlowFile,14B] to 'success'
[pool-146-thread-1] INFO org.apache.nifi.processors.standard.ControlRate - ControlRate[id=cc240f80-1797-4429-a146-e82ec75ed5a9] transferring FlowFile[1442,91907339856142.mockFlowFile,14B] to 'success'
[pool-146-thread-1] INFO org.apache.nifi.processors.standard.ControlRate - ControlRate[id=cc240f80-1797-4429-a146-e82ec75ed5a9] transferring FlowFile[1443,91907339865626.mockFlowFile,14B] to 'success'
[pool-146-thread-1] INFO org.apache.nifi.processors.standard.ControlRate - ControlRate[id=cc240f80-1797-4429-a146-e82ec75ed5a9] transferring FlowFile[1444,91907339874791.mockFlowFile,14B] to 'success'
[pool-146-thread-1] INFO org.apache.nifi.processors.standard.ControlRate - ControlRate[id=cc240f80-1797-4429-a146-e82ec75ed5a9] transferring FlowFile[1445,91907339883597.mockFlowFile,14B] to 'success'
[pool-146-thread-1] INFO org.apache.nifi.processors.standard.ControlRate - ControlRate[id=cc240f80-1797-4429-a146-e82ec75ed5a9] transferring FlowFile[1446,91907345935868.mockFlowFile,14B] to 'success'
[pool-146-thread-1] INFO org.apache.nifi.processors.standard.ControlRate - ControlRate[id=cc240f80-1797-4429-a146-e82ec75ed5a9] transferring FlowFile[1447,91907346112865.mockFlowFile,14B] to 'success'
[pool-146-thread-1] INFO org.apache.nifi.processors.standard.ControlRate - ControlRate[id=cc240f80-1797-4429-a146-e82ec75ed5a9] transferring FlowFile[1448,91907346139050.mockFlowFile,14B] to 'success'
[pool-146-thread-1] INFO org.apache.nifi.processors.standard.ControlRate - ControlRate[id=cc240f80-1797-4429-a146-e82ec75ed5a9] transferring FlowFile[1449,91907346150868.mockFlowFile,14B] to 'success'
[pool-146-thread-1] INFO org.apache.nifi.processors.standard.ControlRate - ControlRate[id=cc240f80-1797-4429-a146-e82ec75ed5a9] transferring FlowFile[1450,91907346160308.mockFlowFile,14B] to 'success'
[pool-146-thread-1] INFO org.apache.nifi.processors.standard.ControlRate - ControlRate[id=cc240f80-1797-4429-a146-e82ec75ed5a9] transferring FlowFile[1451,91907346196058.mockFlowFile,14B] to 'success'
[pool-146-thread-1] INFO org.apache.nifi.processors.standard.ControlRate - ControlRate[id=cc240f80-1797-4429-a146-e82ec75ed5a9] transferring FlowFile[1452,91907346206759.mockFlowFile,14B] to 'success'
[pool-146-thread-1] INFO org.apache.nifi.processors.standard.ControlRate - ControlRate[id=cc240f80-1797-4429-a146-e82ec75ed5a9] transferring FlowFile[1453,91907346217397.mockFlowFile,14B] to 'success'
[pool-146-thread-1] INFO org.apache.nifi.processors.standard.ControlRate - ControlRate[id=cc240f80-1797-4429-a146-e82ec75ed5a9] transferring FlowFile[1454,91907346228244.mockFlowFile,14B] to 'success'
[pool-146-thread-1] INFO org.apache.nifi.processors.standard.ControlRate - ControlRate[id=cc240f80-1797-4429-a146-e82ec75ed5a9] transferring FlowFile[1455,91907346244910.mockFlowFile,14B] to 'success'
[pool-146-thread-1] INFO org.apache.nifi.processors.standard.ControlRate - ControlRate[id=cc240f80-1797-4429-a146-e82ec75ed5a9] transferring FlowFile[1456,91907346456707.mockFlowFile,14B] to 'success'
[pool-146-thread-1] INFO org.apache.nifi.processors.standard.ControlRate - ControlRate[id=cc240f80-1797-4429-a146-e82ec75ed5a9] transferring FlowFile[1457,91907346474990.mockFlowFile,14B] to 'success'
[pool-146-thread-1] INFO org.apache.nifi.processors.standard.ControlRate - ControlRate[id=cc240f80-1797-4429-a146-e82ec75ed5a9] transferring FlowFile[1458,91907346486725.mockFlowFile,14B] to 'success'
[pool-146-thread-1] INFO org.apache.nifi.processors.standard.ControlRate - ControlRate[id=cc240f80-1797-4429-a146-e82ec75ed5a9] transferring FlowFile[1459,91907346497979.mockFlowFile,14B] to 'success'
[pool-146-thread-1] INFO org.apache.nifi.processors.standard.ControlRate - ControlRate[id=cc240f80-1797-4429-a146-e82ec75ed5a9] transferring FlowFile[1460,91907346568660.mockFlowFile,14B] to 'success'
[pool-146-thread-1] INFO org.apache.nifi.processors.standard.ControlRate - ControlRate[id=cc240f80-1797-4429-a146-e82ec75ed5a9] transferring FlowFile[1461,91907346636635.mockFlowFile,14B] to 'success'
[pool-146-thread-1] INFO org.apache.nifi.processors.standard.ControlRate - ControlRate[id=cc240f80-1797-4429-a146-e82ec75ed5a9] transferring FlowFile[1462,91907346697345.mockFlowFile,14B] to 'success'
[pool-146-thread-1] INFO org.apache.nifi.processors.standard.ControlRate - ControlRate[id=cc240f80-1797-4429-a146-e82ec75ed5a9] transferring FlowFile[1463,91907346833770.mockFlowFile,14B] to 'success'
[pool-146-thread-1] INFO org.apache.nifi.processors.standard.ControlRate - ControlRate[id=cc240f80-1797-4429-a146-e82ec75ed5a9] transferring FlowFile[1464,91907346982709.mockFlowFile,14B] to 'success'
[pool-146-thread-1] INFO org.apache.nifi.processors.standard.ControlRate - ControlRate[id=cc240f80-1797-4429-a146-e82ec75ed5a9] transferring FlowFile[1465,91907347052836.mockFlowFile,14B] to 'success'
[pool-146-thread-1] INFO org.apache.nifi.processors.standard.ControlRate - ControlRate[id=cc240f80-1797-4429-a146-e82ec75ed5a9] transferring FlowFile[1466,91907347121653.mockFlowFile,14B] to 'success'
[pool-146-thread-1] INFO org.apache.nifi.processors.standard.ControlRate - ControlRate[id=cc240f80-1797-4429-a146-e82ec75ed5a9] transferring FlowFile[1467,91907347248816.mockFlowFile,14B] to 'success'
[pool-146-thread-1] INFO org.apache.nifi.processors.standard.ControlRate - ControlRate[id=cc240f80-1797-4429-a146-e82ec75ed5a9] transferring FlowFile[1468,91907347323046.mockFlowFile,14B] to 'success'
[pool-146-thread-1] INFO org.apache.nifi.processors.standard.ControlRate - ControlRate[id=cc240f80-1797-4429-a146-e82ec75ed5a9] transferring FlowFile[1469,91907347395685.mockFlowFile,14B] to 'success'
[pool-146-thread-1] INFO org.apache.nifi.processors.standard.ControlRate - ControlRate[id=cc240f80-1797-4429-a146-e82ec75ed5a9] transferring FlowFile[1470,91907347479303.mockFlowFile,14B] to 'success'
[pool-146-thread-1] INFO org.apache.nifi.processors.standard.ControlRate - ControlRate[id=cc240f80-1797-4429-a146-e82ec75ed5a9] transferring FlowFile[1471,91907347711270.mockFlowFile,14B] to 'success'
[pool-146-thread-1] INFO org.apache.nifi.processors.standard.ControlRate - ControlRate[id=cc240f80-1797-4429-a146-e82ec75ed5a9] transferring FlowFile[1472,91907347932824.mockFlowFile,14B] to 'success'
[pool-146-thread-1] INFO org.apache.nifi.processors.standard.ControlRate - ControlRate[id=cc240f80-1797-4429-a146-e82ec75ed5a9] transferring FlowFile[1473,91907347952780.mockFlowFile,14B] to 'success'
[pool-146-thread-1] INFO org.apache.nifi.processors.standard.ControlRate - ControlRate[id=cc240f80-1797-4429-a146-e82ec75ed5a9] transferring FlowFile[1474,91907347968026.mockFlowFile,14B] to 'success'
[pool-146-thread-1] INFO org.apache.nifi.processors.standard.ControlRate - ControlRate[id=cc240f80-1797-4429-a146-e82ec75ed5a9] transferring FlowFile[1475,91907347979932.mockFlowFile,14B] to 'success'
[pool-146-thread-1] INFO org.apache.nifi.processors.standard.ControlRate - ControlRate[id=cc240f80-1797-4429-a146-e82ec75ed5a9] transferring FlowFile[1476,91907347990680.mockFlowFile,14B] to 'success'
[pool-146-thread-1] INFO org.apache.nifi.processors.standard.ControlRate - ControlRate[id=cc240f80-1797-4429-a146-e82ec75ed5a9] transferring FlowFile[1477,91907348010107.mockFlowFile,14B] to 'success'
[pool-146-thread-1] INFO org.apache.nifi.processors.standard.ControlRate - ControlRate[id=cc240f80-1797-4429-a146-e82ec75ed5a9] transferring FlowFile[1478,91907348022661.mockFlowFile,14B] to 'success'
[pool-146-thread-1] INFO org.apache.nifi.processors.standard.ControlRate - ControlRate[id=cc240f80-1797-4429-a146-e82ec75ed5a9] transferring FlowFile[1479,91907348040140.mockFlowFile,14B] to 'success'
[pool-146-thread-1] INFO org.apache.nifi.processors.standard.ControlRate - ControlRate[id=cc240f80-1797-4429-a146-e82ec75ed5a9] transferring FlowFile[1480,91907348050373.mockFlowFile,14B] to 'success'
[pool-146-thread-1] INFO org.apache.nifi.processors.standard.ControlRate - ControlRate[id=cc240f80-1797-4429-a146-e82ec75ed5a9] transferring FlowFile[1481,91907348060851.mockFlowFile,14B] to 'success'
[pool-146-thread-1] INFO org.apache.nifi.processors.standard.ControlRate - ControlRate[id=cc240f80-1797-4429-a146-e82ec75ed5a9] transferring FlowFile[1482,91907348070678.mockFlowFile,14B] to 'success'
[pool-146-thread-1] INFO org.apache.nifi.processors.standard.ControlRate - ControlRate[id=cc240f80-1797-4429-a146-e82ec75ed5a9] transferring FlowFile[1483,91907348082347.mockFlowFile,14B] to 'success'
[pool-146-thread-1] INFO org.apache.nifi.processors.standard.ControlRate - ControlRate[id=cc240f80-1797-4429-a146-e82ec75ed5a9] transferring FlowFile[1484,91907348093076.mockFlowFile,14B] to 'success'
[pool-146-thread-1] INFO org.apache.nifi.processors.standard.ControlRate - ControlRate[id=cc240f80-1797-4429-a146-e82ec75ed5a9] transferring FlowFile[1485,91907348103781.mockFlowFile,14B] to 'success'
[pool-146-thread-1] INFO org.apache.nifi.processors.standard.ControlRate - ControlRate[id=cc240f80-1797-4429-a146-e82ec75ed5a9] transferring FlowFile[1486,91907348114973.mockFlowFile,14B] to 'success'
[pool-146-thread-1] INFO org.apache.nifi.processors.standard.ControlRate - ControlRate[id=cc240f80-1797-4429-a146-e82ec75ed5a9] transferring FlowFile[1487,91907348129809.mockFlowFile,14B] to 'success'
[pool-146-thread-1] INFO org.apache.nifi.processors.standard.ControlRate - ControlRate[id=cc240f80-1797-4429-a146-e82ec75ed5a9] transferring FlowFile[1488,91907348140829.mockFlowFile,14B] to 'success'
[pool-146-thread-1] INFO org.apache.nifi.processors.standard.ControlRate - ControlRate[id=cc240f80-1797-4429-a146-e82ec75ed5a9] transferring FlowFile[1489,91907348151804.mockFlowFile,14B] to 'success'
[pool-146-thread-1] INFO org.apache.nifi.processors.standard.ControlRate - ControlRate[id=cc240f80-1797-4429-a146-e82ec75ed5a9] transferring FlowFile[1490,91907348161313.mockFlowFile,14B] to 'success'
[pool-146-thread-1] INFO org.apache.nifi.processors.standard.ControlRate - ControlRate[id=cc240f80-1797-4429-a146-e82ec75ed5a9] transferring FlowFile[1491,91907348171449.mockFlowFile,14B] to 'success'
[pool-146-thread-1] INFO org.apache.nifi.processors.standard.ControlRate - ControlRate[id=cc240f80-1797-4429-a146-e82ec75ed5a9] transferring FlowFile[1492,91907348180922.mockFlowFile,14B] to 'success'
[pool-146-thread-1] INFO org.apache.nifi.processors.standard.ControlRate - ControlRate[id=cc240f80-1797-4429-a146-e82ec75ed5a9] transferring FlowFile[1493,91907348191050.mockFlowFile,14B] to 'success'
[pool-146-thread-1] INFO org.apache.nifi.processors.standard.ControlRate - ControlRate[id=cc240f80-1797-4429-a146-e82ec75ed5a9] transferring FlowFile[1494,91907348201212.mockFlowFile,14B] to 'success'
[pool-146-thread-1] INFO org.apache.nifi.processors.standard.ControlRate - ControlRate[id=cc240f80-1797-4429-a146-e82ec75ed5a9] transferring FlowFile[1495,91907348215215.mockFlowFile,14B] to 'success'
[pool-146-thread-1] INFO org.apache.nifi.processors.standard.ControlRate - ControlRate[id=cc240f80-1797-4429-a146-e82ec75ed5a9] transferring FlowFile[1496,91907348227320.mockFlowFile,14B] to 'success'
[pool-146-thread-1] INFO org.apache.nifi.processors.standard.ControlRate - ControlRate[id=cc240f80-1797-4429-a146-e82ec75ed5a9] transferring FlowFile[1497,91907348237152.mockFlowFile,14B] to 'success'
[pool-146-thread-1] INFO org.apache.nifi.processors.standard.ControlRate - ControlRate[id=cc240f80-1797-4429-a146-e82ec75ed5a9] transferring FlowFile[1498,91907348248434.mockFlowFile,14B] to 'success'
[pool-146-thread-1] INFO org.apache.nifi.processors.standard.ControlRate - ControlRate[id=cc240f80-1797-4429-a146-e82ec75ed5a9] transferring FlowFile[1499,91907348258728.mockFlowFile,14B] to 'success'
]]></system-err>
  </testcase>
  <testcase name="testViaAttribute" classname="org.apache.nifi.processors.standard.TestControlRate" time="1.806">
    <system-err><![CDATA[[pool-147-thread-1] INFO org.apache.nifi.processors.standard.ControlRate - ControlRate[id=3de80a77-2c4c-4596-b59d-4ce5da205e3f] transferring FlowFile[0,91907396057372.mockFlowFile,0B] to 'success'
[pool-147-thread-1] INFO org.apache.nifi.processors.standard.ControlRate - ControlRate[id=3de80a77-2c4c-4596-b59d-4ce5da205e3f] transferring FlowFile[1,91907396113810.mockFlowFile,0B] to 'success'
[pool-147-thread-1] INFO org.apache.nifi.processors.standard.ControlRate - ControlRate[id=3de80a77-2c4c-4596-b59d-4ce5da205e3f] transferring FlowFile[2,91907396142495.mockFlowFile,0B] to 'success'
[pool-147-thread-1] INFO org.apache.nifi.processors.standard.ControlRate - ControlRate[id=3de80a77-2c4c-4596-b59d-4ce5da205e3f] transferring FlowFile[3,91907396154605.mockFlowFile,0B] to 'success'
[pool-150-thread-1] INFO org.apache.nifi.processors.standard.ControlRate - ControlRate[id=3de80a77-2c4c-4596-b59d-4ce5da205e3f] transferring FlowFile[4,91907396164587.mockFlowFile,0B] to 'success'
]]></system-err>
  </testcase>
  <testcase name="testNonExistingGroupAttribute" classname="org.apache.nifi.processors.standard.TestControlRate" time="0.001">
    <system-err><![CDATA[[pool-151-thread-1] INFO org.apache.nifi.processors.standard.ControlRate - ControlRate[id=796a655b-5760-4c03-a075-0931a6f73798] transferring FlowFile[0,91909201375038.mockFlowFile,0B] to 'success'
[pool-151-thread-1] INFO org.apache.nifi.processors.standard.ControlRate - ControlRate[id=796a655b-5760-4c03-a075-0931a6f73798] transferring FlowFile[1,91909201399280.mockFlowFile,0B] to 'success'
[pool-151-thread-1] INFO org.apache.nifi.processors.standard.ControlRate - ControlRate[id=796a655b-5760-4c03-a075-0931a6f73798] transferring FlowFile[2,91909201410336.mockFlowFile,0B] to 'success'
[pool-151-thread-1] INFO org.apache.nifi.processors.standard.ControlRate - ControlRate[id=796a655b-5760-4c03-a075-0931a6f73798] transferring FlowFile[3,91909201415728.mockFlowFile,0B] to 'success'
]]></system-err>
  </testcase>
  <testcase name="testLimitExceededThenOtherLimitNotExceeded" classname="org.apache.nifi.processors.standard.TestControlRate" time="0.004">
    <system-err><![CDATA[[pool-152-thread-1] INFO org.apache.nifi.processors.standard.ControlRate - ControlRate[id=367fe26e-7ffb-43cb-b30b-4a69c80b47ff] transferring FlowFile[0,91909202552288.mockFlowFile,9B] to 'success'
[pool-152-thread-1] INFO org.apache.nifi.processors.standard.ControlRate - ControlRate[id=367fe26e-7ffb-43cb-b30b-4a69c80b47ff] transferring FlowFile[1,91909202575820.mockFlowFile,9B] to 'success'
[pool-152-thread-1] INFO org.apache.nifi.processors.standard.ControlRate - ControlRate[id=367fe26e-7ffb-43cb-b30b-4a69c80b47ff] transferring FlowFile[2,91909202589578.mockFlowFile,9B] to 'success'
[pool-152-thread-1] INFO org.apache.nifi.processors.standard.ControlRate - ControlRate[id=367fe26e-7ffb-43cb-b30b-4a69c80b47ff] transferring FlowFile[5,91909202608917.mockFlowFile,9B] to 'success'
]]></system-err>
  </testcase>
  <testcase name="testFileCountWithGrouping" classname="org.apache.nifi.processors.standard.TestControlRate" time="1.103">
    <system-err><![CDATA[[pool-153-thread-1] INFO org.apache.nifi.processors.standard.ControlRate - ControlRate[id=12fb28c3-2b2b-48c3-9462-439104024ad6] transferring FlowFile[0,91909207442464.mockFlowFile,0B] to 'success'
[pool-153-thread-1] INFO org.apache.nifi.processors.standard.ControlRate - ControlRate[id=12fb28c3-2b2b-48c3-9462-439104024ad6] transferring FlowFile[1,91909207465975.mockFlowFile,0B] to 'success'
[pool-153-thread-1] INFO org.apache.nifi.processors.standard.ControlRate - ControlRate[id=12fb28c3-2b2b-48c3-9462-439104024ad6] transferring FlowFile[2,91909207473234.mockFlowFile,0B] to 'success'
[pool-153-thread-1] INFO org.apache.nifi.processors.standard.ControlRate - ControlRate[id=12fb28c3-2b2b-48c3-9462-439104024ad6] transferring FlowFile[3,91909207486637.mockFlowFile,0B] to 'success'
[pool-155-thread-1] INFO org.apache.nifi.processors.standard.ControlRate - ControlRate[id=12fb28c3-2b2b-48c3-9462-439104024ad6] transferring FlowFile[4,91909207494092.mockFlowFile,0B] to 'success'
[pool-155-thread-1] INFO org.apache.nifi.processors.standard.ControlRate - ControlRate[id=12fb28c3-2b2b-48c3-9462-439104024ad6] transferring FlowFile[5,91909207500360.mockFlowFile,0B] to 'success'
]]></system-err>
  </testcase>
  <testcase name="testBadAttributeRate" classname="org.apache.nifi.processors.standard.TestControlRate" time="0.001">
    <system-err><![CDATA[[pool-156-thread-1] ERROR org.apache.nifi.processors.standard.ControlRate - ControlRate[id=7d821e3c-6b95-4533-8764-89a9dd3c9b4f] Routing FlowFile[0,91910310825776.mockFlowFile,0B] to 'failure' due to missing or invalid attribute
]]></system-err>
  </testcase>
</testsuite>