<?xml version="1.0" encoding="UTF-8"?>
<testsuite xmlns:xsi="http://www.w3.org/2001/XMLSchema-instance" xsi:noNamespaceSchemaLocation="https://maven.apache.org/surefire/maven-surefire-plugin/xsd/surefire-test-report-3.0.xsd" version="3.0" name="org.apache.nifi.minifi.bootstrap.configuration.ingestors.PullHttpChangeIngestorSSLTest" time="1.545" tests="7" errors="0" skipped="0" failures="0">
  <properties>
    <property name="sun.desktop" value="gnome"/>
    <property name="awt.toolkit" value="sun.awt.X11.XToolkit"/>
    <property name="file.encoding.pkg" value="sun.io"/>
    <property name="java.specification.version" value="1.8"/>
    <property name="sun.cpu.isalist" value=""/>
    <property name="sun.jnu.encoding" value="UTF-8"/>
    <property name="java.class.path" value="/home/alex/Repositories/nifi/minifi/minifi-bootstrap/target/test-classes:/home/alex/Repositories/nifi/minifi/minifi-bootstrap/target/classes:/home/alex/.m2/repository/org/slf4j/slf4j-api/1.7.32/slf4j-api-1.7.32.jar:/home/alex/.m2/repository/ch/qos/logback/logback-classic/1.2.6/logback-classic-1.2.6.jar:/home/alex/.m2/repository/ch/qos/logback/logback-core/1.2.6/logback-core-1.2.6.jar:/home/alex/Repositories/nifi/nifi-api/target/classes:/home/alex/Repositories/nifi/nifi-commons/nifi-bootstrap-utils/target/classes:/home/alex/.m2/repository/net/java/dev/jna/jna-platform/4.4.0/jna-platform-4.4.0.jar:/home/alex/.m2/repository/net/java/dev/jna/jna/4.4.0/jna-4.4.0.jar:/home/alex/Repositories/nifi/nifi-nar-bundles/nifi-extension-utils/nifi-processor-utils/target/classes:/home/alex/Repositories/nifi/nifi-commons/nifi-security-socket-ssl/target/classes:/home/alex/.m2/repository/org/apache/commons/commons-lang3/3.9/commons-lang3-3.9.jar:/home/alex/.m2/repository/com/fasterxml/jackson/core/jackson-databind/2.12.3/jackson-databind-2.12.3.jar:/home/alex/.m2/repository/com/fasterxml/jackson/core/jackson-annotations/2.12.3/jackson-annotations-2.12.3.jar:/home/alex/.m2/repository/com/fasterxml/jackson/core/jackson-core/2.12.3/jackson-core-2.12.3.jar:/home/alex/Repositories/nifi/nifi-nar-bundles/nifi-standard-services/nifi-record-serialization-service-api/target/classes:/home/alex/Repositories/nifi/nifi-commons/nifi-record/target/classes:/home/alex/Repositories/nifi/nifi-nar-bundles/nifi-extension-utils/nifi-event-transport/target/classes:/home/alex/.m2/repository/io/netty/netty-handler/4.1.69.Final/netty-handler-4.1.69.Final.jar:/home/alex/.m2/repository/io/netty/netty-common/4.1.69.Final/netty-common-4.1.69.Final.jar:/home/alex/.m2/repository/io/netty/netty-resolver/4.1.69.Final/netty-resolver-4.1.69.Final.jar:/home/alex/.m2/repository/io/netty/netty-buffer/4.1.69.Final/netty-buffer-4.1.69.Final.jar:/home/alex/.m2/repository/io/netty/netty-transport/4.1.69.Final/netty-transport-4.1.69.Final.jar:/home/alex/.m2/repository/io/netty/netty-codec/4.1.69.Final/netty-codec-4.1.69.Final.jar:/home/alex/Repositories/nifi/nifi-commons/nifi-expression-language/target/classes:/home/alex/.m2/repository/org/antlr/antlr-runtime/3.5.2/antlr-runtime-3.5.2.jar:/home/alex/Repositories/nifi/nifi-commons/nifi-parameter/target/classes:/home/alex/Repositories/nifi/nifi-commons/nifi-uuid5/target/classes:/home/alex/.m2/repository/com/jayway/jsonpath/json-path/2.6.0/json-path-2.6.0.jar:/home/alex/.m2/repository/net/minidev/json-smart/2.4.7/json-smart-2.4.7.jar:/home/alex/.m2/repository/net/minidev/accessors-smart/2.4.7/accessors-smart-2.4.7.jar:/home/alex/.m2/repository/org/ow2/asm/asm/9.1/asm-9.1.jar:/home/alex/.m2/repository/org/apache/commons/commons-text/1.8/commons-text-1.8.jar:/home/alex/.m2/repository/commons-codec/commons-codec/1.10/commons-codec-1.10.jar:/home/alex/Repositories/nifi/minifi/minifi-commons/minifi-utils/target/classes:/home/alex/Repositories/nifi/nifi-commons/nifi-utils/target/classes:/home/alex/Repositories/nifi/nifi-commons/nifi-properties/target/classes:/home/alex/Repositories/nifi/nifi-commons/nifi-property-utils/target/classes:/home/alex/.m2/repository/org/yaml/snakeyaml/1.29/snakeyaml-1.29.jar:/home/alex/Repositories/nifi/minifi/minifi-commons/minifi-commons-schema/target/classes:/home/alex/.m2/repository/org/eclipse/jetty/jetty-server/9.4.44.v20210927/jetty-server-9.4.44.v20210927.jar:/home/alex/.m2/repository/javax/servlet/javax.servlet-api/3.1.0/javax.servlet-api-3.1.0.jar:/home/alex/.m2/repository/org/eclipse/jetty/jetty-http/9.4.44.v20210927/jetty-http-9.4.44.v20210927.jar:/home/alex/.m2/repository/org/eclipse/jetty/jetty-util/9.4.44.v20210927/jetty-util-9.4.44.v20210927.jar:/home/alex/.m2/repository/org/eclipse/jetty/jetty-io/9.4.44.v20210927/jetty-io-9.4.44.v20210927.jar:/home/alex/.m2/repository/org/eclipse/jetty/jetty-servlet/9.4.44.v20210927/jetty-servlet-9.4.44.v20210927.jar:/home/alex/.m2/repository/org/eclipse/jetty/jetty-security/9.4.44.v20210927/jetty-security-9.4.44.v20210927.jar:/home/alex/.m2/repository/org/eclipse/jetty/jetty-util-ajax/9.4.44.v20210927/jetty-util-ajax-9.4.44.v20210927.jar:/home/alex/.m2/repository/com/squareup/okhttp3/okhttp/3.12.3/okhttp-3.12.3.jar:/home/alex/.m2/repository/com/squareup/okio/okio/1.15.0/okio-1.15.0.jar:/home/alex/.m2/repository/commons-io/commons-io/2.10.0/commons-io-2.10.0.jar:/home/alex/.m2/repository/junit/junit/4.13.2/junit-4.13.2.jar:/home/alex/.m2/repository/org/hamcrest/hamcrest-core/1.3/hamcrest-core-1.3.jar:/home/alex/.m2/repository/org/mockito/mockito-all/1.10.19/mockito-all-1.10.19.jar:/home/alex/.m2/repository/org/slf4j/slf4j-simple/1.7.32/slf4j-simple-1.7.32.jar:/home/alex/.m2/repository/org/junit/jupiter/junit-jupiter-api/5.7.2/junit-jupiter-api-5.7.2.jar:/home/alex/.m2/repository/org/apiguardian/apiguardian-api/1.1.0/apiguardian-api-1.1.0.jar:/home/alex/.m2/repository/org/opentest4j/opentest4j/1.2.0/opentest4j-1.2.0.jar:/home/alex/.m2/repository/org/junit/platform/junit-platform-commons/1.7.2/junit-platform-commons-1.7.2.jar:/home/alex/.m2/repository/org/junit/jupiter/junit-jupiter-engine/5.7.2/junit-jupiter-engine-5.7.2.jar:/home/alex/.m2/repository/org/junit/platform/junit-platform-engine/1.7.2/junit-platform-engine-1.7.2.jar:/home/alex/.m2/repository/org/junit/vintage/junit-vintage-engine/5.7.2/junit-vintage-engine-5.7.2.jar:/home/alex/.m2/repository/org/junit/jupiter/junit-jupiter-params/5.7.2/junit-jupiter-params-5.7.2.jar:/home/alex/.m2/repository/org/mockito/mockito-core/3.11.2/mockito-core-3.11.2.jar:/home/alex/.m2/repository/net/bytebuddy/byte-buddy/1.11.3/byte-buddy-1.11.3.jar:/home/alex/.m2/repository/net/bytebuddy/byte-buddy-agent/1.11.3/byte-buddy-agent-1.11.3.jar:/home/alex/.m2/repository/org/objenesis/objenesis/3.2/objenesis-3.2.jar:/home/alex/.m2/repository/org/mockito/mockito-junit-jupiter/3.11.2/mockito-junit-jupiter-3.11.2.jar:/home/alex/.m2/repository/org/codehaus/groovy/groovy-test/2.5.14/groovy-test-2.5.14.jar:/home/alex/.m2/repository/org/codehaus/groovy/groovy/2.5.14/groovy-2.5.14.jar:"/>
    <property name="java.vm.vendor" value="Private Build"/>
    <property name="sun.arch.data.model" value="64"/>
    <property name="java.vendor.url" value="http://java.oracle.com/"/>
    <property name="user.timezone" value="Europe/Lisbon"/>
    <property name="java.vm.specification.version" value="1.8"/>
    <property name="os.name" value="Linux"/>
    <property name="user.country" value="US"/>
    <property name="sun.java.launcher" value="SUN_STANDARD"/>
    <property name="sun.boot.library.path" value="/usr/lib/jvm/java-8-openjdk-amd64/jre/lib/amd64"/>
    <property name="sun.java.command" value="/home/alex/Repositories/nifi/minifi/minifi-bootstrap/target/surefire/surefirebooter5432777125661131233.jar /home/alex/Repositories/nifi/minifi/minifi-bootstrap/target/surefire 2024-05-02T01-50-21_887-jvmRun1 surefire8183153446110970896tmp surefire_1825538260954521000602tmp"/>
    <property name="surefire.test.class.path" value="/home/alex/Repositories/nifi/minifi/minifi-bootstrap/target/test-classes:/home/alex/Repositories/nifi/minifi/minifi-bootstrap/target/classes:/home/alex/.m2/repository/org/slf4j/slf4j-api/1.7.32/slf4j-api-1.7.32.jar:/home/alex/.m2/repository/ch/qos/logback/logback-classic/1.2.6/logback-classic-1.2.6.jar:/home/alex/.m2/repository/ch/qos/logback/logback-core/1.2.6/logback-core-1.2.6.jar:/home/alex/Repositories/nifi/nifi-api/target/classes:/home/alex/Repositories/nifi/nifi-commons/nifi-bootstrap-utils/target/classes:/home/alex/.m2/repository/net/java/dev/jna/jna-platform/4.4.0/jna-platform-4.4.0.jar:/home/alex/.m2/repository/net/java/dev/jna/jna/4.4.0/jna-4.4.0.jar:/home/alex/Repositories/nifi/nifi-nar-bundles/nifi-extension-utils/nifi-processor-utils/target/classes:/home/alex/Repositories/nifi/nifi-commons/nifi-security-socket-ssl/target/classes:/home/alex/.m2/repository/org/apache/commons/commons-lang3/3.9/commons-lang3-3.9.jar:/home/alex/.m2/repository/com/fasterxml/jackson/core/jackson-databind/2.12.3/jackson-databind-2.12.3.jar:/home/alex/.m2/repository/com/fasterxml/jackson/core/jackson-annotations/2.12.3/jackson-annotations-2.12.3.jar:/home/alex/.m2/repository/com/fasterxml/jackson/core/jackson-core/2.12.3/jackson-core-2.12.3.jar:/home/alex/Repositories/nifi/nifi-nar-bundles/nifi-standard-services/nifi-record-serialization-service-api/target/classes:/home/alex/Repositories/nifi/nifi-commons/nifi-record/target/classes:/home/alex/Repositories/nifi/nifi-nar-bundles/nifi-extension-utils/nifi-event-transport/target/classes:/home/alex/.m2/repository/io/netty/netty-handler/4.1.69.Final/netty-handler-4.1.69.Final.jar:/home/alex/.m2/repository/io/netty/netty-common/4.1.69.Final/netty-common-4.1.69.Final.jar:/home/alex/.m2/repository/io/netty/netty-resolver/4.1.69.Final/netty-resolver-4.1.69.Final.jar:/home/alex/.m2/repository/io/netty/netty-buffer/4.1.69.Final/netty-buffer-4.1.69.Final.jar:/home/alex/.m2/repository/io/netty/netty-transport/4.1.69.Final/netty-transport-4.1.69.Final.jar:/home/alex/.m2/repository/io/netty/netty-codec/4.1.69.Final/netty-codec-4.1.69.Final.jar:/home/alex/Repositories/nifi/nifi-commons/nifi-expression-language/target/classes:/home/alex/.m2/repository/org/antlr/antlr-runtime/3.5.2/antlr-runtime-3.5.2.jar:/home/alex/Repositories/nifi/nifi-commons/nifi-parameter/target/classes:/home/alex/Repositories/nifi/nifi-commons/nifi-uuid5/target/classes:/home/alex/.m2/repository/com/jayway/jsonpath/json-path/2.6.0/json-path-2.6.0.jar:/home/alex/.m2/repository/net/minidev/json-smart/2.4.7/json-smart-2.4.7.jar:/home/alex/.m2/repository/net/minidev/accessors-smart/2.4.7/accessors-smart-2.4.7.jar:/home/alex/.m2/repository/org/ow2/asm/asm/9.1/asm-9.1.jar:/home/alex/.m2/repository/org/apache/commons/commons-text/1.8/commons-text-1.8.jar:/home/alex/.m2/repository/commons-codec/commons-codec/1.10/commons-codec-1.10.jar:/home/alex/Repositories/nifi/minifi/minifi-commons/minifi-utils/target/classes:/home/alex/Repositories/nifi/nifi-commons/nifi-utils/target/classes:/home/alex/Repositories/nifi/nifi-commons/nifi-properties/target/classes:/home/alex/Repositories/nifi/nifi-commons/nifi-property-utils/target/classes:/home/alex/.m2/repository/org/yaml/snakeyaml/1.29/snakeyaml-1.29.jar:/home/alex/Repositories/nifi/minifi/minifi-commons/minifi-commons-schema/target/classes:/home/alex/.m2/repository/org/eclipse/jetty/jetty-server/9.4.44.v20210927/jetty-server-9.4.44.v20210927.jar:/home/alex/.m2/repository/javax/servlet/javax.servlet-api/3.1.0/javax.servlet-api-3.1.0.jar:/home/alex/.m2/repository/org/eclipse/jetty/jetty-http/9.4.44.v20210927/jetty-http-9.4.44.v20210927.jar:/home/alex/.m2/repository/org/eclipse/jetty/jetty-util/9.4.44.v20210927/jetty-util-9.4.44.v20210927.jar:/home/alex/.m2/repository/org/eclipse/jetty/jetty-io/9.4.44.v20210927/jetty-io-9.4.44.v20210927.jar:/home/alex/.m2/repository/org/eclipse/jetty/jetty-servlet/9.4.44.v20210927/jetty-servlet-9.4.44.v20210927.jar:/home/alex/.m2/repository/org/eclipse/jetty/jetty-security/9.4.44.v20210927/jetty-security-9.4.44.v20210927.jar:/home/alex/.m2/repository/org/eclipse/jetty/jetty-util-ajax/9.4.44.v20210927/jetty-util-ajax-9.4.44.v20210927.jar:/home/alex/.m2/repository/com/squareup/okhttp3/okhttp/3.12.3/okhttp-3.12.3.jar:/home/alex/.m2/repository/com/squareup/okio/okio/1.15.0/okio-1.15.0.jar:/home/alex/.m2/repository/commons-io/commons-io/2.10.0/commons-io-2.10.0.jar:/home/alex/.m2/repository/junit/junit/4.13.2/junit-4.13.2.jar:/home/alex/.m2/repository/org/hamcrest/hamcrest-core/1.3/hamcrest-core-1.3.jar:/home/alex/.m2/repository/org/mockito/mockito-all/1.10.19/mockito-all-1.10.19.jar:/home/alex/.m2/repository/org/slf4j/slf4j-simple/1.7.32/slf4j-simple-1.7.32.jar:/home/alex/.m2/repository/org/junit/jupiter/junit-jupiter-api/5.7.2/junit-jupiter-api-5.7.2.jar:/home/alex/.m2/repository/org/apiguardian/apiguardian-api/1.1.0/apiguardian-api-1.1.0.jar:/home/alex/.m2/repository/org/opentest4j/opentest4j/1.2.0/opentest4j-1.2.0.jar:/home/alex/.m2/repository/org/junit/platform/junit-platform-commons/1.7.2/junit-platform-commons-1.7.2.jar:/home/alex/.m2/repository/org/junit/jupiter/junit-jupiter-engine/5.7.2/junit-jupiter-engine-5.7.2.jar:/home/alex/.m2/repository/org/junit/platform/junit-platform-engine/1.7.2/junit-platform-engine-1.7.2.jar:/home/alex/.m2/repository/org/junit/vintage/junit-vintage-engine/5.7.2/junit-vintage-engine-5.7.2.jar:/home/alex/.m2/repository/org/junit/jupiter/junit-jupiter-params/5.7.2/junit-jupiter-params-5.7.2.jar:/home/alex/.m2/repository/org/mockito/mockito-core/3.11.2/mockito-core-3.11.2.jar:/home/alex/.m2/repository/net/bytebuddy/byte-buddy/1.11.3/byte-buddy-1.11.3.jar:/home/alex/.m2/repository/net/bytebuddy/byte-buddy-agent/1.11.3/byte-buddy-agent-1.11.3.jar:/home/alex/.m2/repository/org/objenesis/objenesis/3.2/objenesis-3.2.jar:/home/alex/.m2/repository/org/mockito/mockito-junit-jupiter/3.11.2/mockito-junit-jupiter-3.11.2.jar:/home/alex/.m2/repository/org/codehaus/groovy/groovy-test/2.5.14/groovy-test-2.5.14.jar:/home/alex/.m2/repository/org/codehaus/groovy/groovy/2.5.14/groovy-2.5.14.jar:"/>
    <property name="sun.cpu.endian" value="little"/>
    <property name="user.home" value="/home/alex"/>
    <property name="user.language" value="en"/>
    <property name="java.specification.vendor" value="Oracle Corporation"/>
    <property name="java.home" value="/usr/lib/jvm/java-8-openjdk-amd64/jre"/>
    <property name="basedir" value="/home/alex/Repositories/nifi/minifi/minifi-bootstrap"/>
    <property name="file.separator" value="/"/>
    <property name="line.separator" value="&#10;"/>
    <property name="java.vm.specification.vendor" value="Oracle Corporation"/>
    <property name="java.specification.name" value="Java Platform API Specification"/>
    <property name="java.awt.graphicsenv" value="sun.awt.X11GraphicsEnvironment"/>
    <property name="java.awt.headless" value="true"/>
    <property name="surefire.real.class.path" value="/home/alex/Repositories/nifi/minifi/minifi-bootstrap/target/surefire/surefirebooter5432777125661131233.jar"/>
    <property name="sun.boot.class.path" value="/usr/lib/jvm/java-8-openjdk-amd64/jre/lib/resources.jar:/usr/lib/jvm/java-8-openjdk-amd64/jre/lib/rt.jar:/usr/lib/jvm/java-8-openjdk-amd64/jre/lib/sunrsasign.jar:/usr/lib/jvm/java-8-openjdk-amd64/jre/lib/jsse.jar:/usr/lib/jvm/java-8-openjdk-amd64/jre/lib/jce.jar:/usr/lib/jvm/java-8-openjdk-amd64/jre/lib/charsets.jar:/usr/lib/jvm/java-8-openjdk-amd64/jre/lib/jfr.jar:/usr/lib/jvm/java-8-openjdk-amd64/jre/classes"/>
    <property name="sun.management.compiler" value="HotSpot 64-Bit Tiered Compilers"/>
    <property name="java.runtime.version" value="1.8.0_402-8u402-ga-2ubuntu1~22.04-b06"/>
    <property name="java.net.preferIPv4Stack" value="true"/>
    <property name="user.name" value="alex"/>
    <property name="path.separator" value=":"/>
    <property name="os.version" value="6.5.0-28-generic"/>
    <property name="java.endorsed.dirs" value="/usr/lib/jvm/java-8-openjdk-amd64/jre/lib/endorsed"/>
    <property name="java.runtime.name" value="OpenJDK Runtime Environment"/>
    <property name="file.encoding" value="UTF-8"/>
    <property name="java.vm.name" value="OpenJDK 64-Bit Server VM"/>
    <property name="localRepository" value="/home/alex/.m2/repository"/>
    <property name="java.vendor.url.bug" value="http://bugreport.sun.com/bugreport/"/>
    <property name="jetty.git.hash" value="8da83308eeca865e495e53ef315a249d63ba9332"/>
    <property name="java.io.tmpdir" value="/tmp"/>
    <property name="java.version" value="1.8.0_402"/>
    <property name="user.dir" value="/home/alex/Repositories/nifi/minifi/minifi-bootstrap"/>
    <property name="os.arch" value="amd64"/>
    <property name="java.vm.specification.name" value="Java Virtual Machine Specification"/>
    <property name="java.awt.printerjob" value="sun.print.PSPrinterJob"/>
    <property name="sun.os.patch.level" value="unknown"/>
    <property name="java.library.path" value="/usr/java/packages/lib/amd64:/usr/lib/x86_64-linux-gnu/jni:/lib/x86_64-linux-gnu:/usr/lib/x86_64-linux-gnu:/usr/lib/jni:/lib:/usr/lib"/>
    <property name="java.vm.info" value="mixed mode"/>
    <property name="java.vendor" value="Private Build"/>
    <property name="java.vm.version" value="25.402-b06"/>
    <property name="java.specification.maintenance.version" value="5"/>
    <property name="java.ext.dirs" value="/usr/lib/jvm/java-8-openjdk-amd64/jre/lib/ext:/usr/java/packages/lib/ext"/>
    <property name="sun.io.unicode.encoding" value="UnicodeLittle"/>
    <property name="java.class.version" value="52.0"/>
  </properties>
  <testcase name="testNewUpdateWithPath" classname="org.apache.nifi.minifi.bootstrap.configuration.ingestors.PullHttpChangeIngestorSSLTest" time="0.088">
    <system-out><![CDATA[02:10:02.003 [main] DEBUG org.eclipse.jetty.util.component.ContainerLifeCycle - QueuedThreadPool[qtp399373008]@17cdf2d0{STOPPED,8<=0<=200,i=0,r=-1,q=0}[NO_TRY] added {org.eclipse.jetty.util.thread.ThreadPoolBudget@1755e85b,POJO}
02:10:02.003 [main] DEBUG org.eclipse.jetty.util.component.ContainerLifeCycle - Server@736d6a5c{STOPPED}[9.4.44.v20210927] added {QueuedThreadPool[qtp399373008]@17cdf2d0{STOPPED,8<=0<=200,i=0,r=-1,q=0}[NO_TRY],AUTO}
02:10:02.003 [main] DEBUG org.eclipse.jetty.util.component.ContainerLifeCycle - HandlerCollection@2371aaca{STOPPED} added {JettyHandler@5b529706{STOPPED},AUTO}
02:10:02.003 [main] DEBUG org.eclipse.jetty.util.component.ContainerLifeCycle - Server@736d6a5c{STOPPED}[9.4.44.v20210927] added {HandlerCollection@2371aaca{STOPPED},MANAGED}
02:10:02.005 [main] DEBUG org.eclipse.jetty.util.component.ContainerLifeCycle - HttpConnectionFactory@5553d0f5[HTTP/1.1] added {HttpConfiguration@1af687fe{32768/8192,8192/8192,https://:0,[]},POJO}
02:10:02.006 [main] DEBUG org.eclipse.jetty.util.component.ContainerLifeCycle - SslConnectionFactory@14dda234{SSL->HTTP/1.1} added {Server@5a411614[provider=null,keyStore=file:///home/alex/Repositories/nifi/minifi/minifi-bootstrap/src/test/resources/localhost-ks.jks,trustStore=file:///home/alex/Repositories/nifi/minifi/minifi-bootstrap/src/test/resources/localhost-ts.jks],AUTO}
02:10:02.006 [main] DEBUG org.eclipse.jetty.util.component.ContainerLifeCycle - ServerConnector@2374d36a{null, ()}{0.0.0.0:0} added {Server@736d6a5c{STOPPED}[9.4.44.v20210927],UNMANAGED}
02:10:02.006 [main] DEBUG org.eclipse.jetty.util.component.ContainerLifeCycle - ServerConnector@2374d36a{null, ()}{0.0.0.0:0} added {QueuedThreadPool[qtp399373008]@17cdf2d0{STOPPED,8<=0<=200,i=0,r=-1,q=0}[NO_TRY],AUTO}
02:10:02.006 [main] DEBUG org.eclipse.jetty.util.component.ContainerLifeCycle - ServerConnector@2374d36a{null, ()}{0.0.0.0:0} added {ScheduledExecutorScheduler@54d18072{STOPPED},AUTO}
02:10:02.006 [main] DEBUG org.eclipse.jetty.util.component.ContainerLifeCycle - ServerConnector@2374d36a{null, ()}{0.0.0.0:0} added {org.eclipse.jetty.io.ArrayByteBufferPool@1506f20f,POJO}
02:10:02.006 [main] DEBUG org.eclipse.jetty.util.component.ContainerLifeCycle - ServerConnector@2374d36a{null, (ssl)}{0.0.0.0:0} added {SslConnectionFactory@14dda234{SSL->HTTP/1.1},AUTO}
02:10:02.006 [main] DEBUG org.eclipse.jetty.server.AbstractConnector - ServerConnector@2374d36a{SSL, (ssl)}{0.0.0.0:0} added SslConnectionFactory@14dda234{SSL->HTTP/1.1}
02:10:02.006 [main] DEBUG org.eclipse.jetty.util.component.ContainerLifeCycle - ServerConnector@2374d36a{SSL, (ssl, http/1.1)}{0.0.0.0:0} added {HttpConnectionFactory@5553d0f5[HTTP/1.1],AUTO}
02:10:02.006 [main] DEBUG org.eclipse.jetty.server.AbstractConnector - ServerConnector@2374d36a{SSL, (ssl, http/1.1)}{0.0.0.0:0} added HttpConnectionFactory@5553d0f5[HTTP/1.1]
02:10:02.007 [main] DEBUG org.eclipse.jetty.util.component.ContainerLifeCycle - ServerConnector@2374d36a{SSL, (ssl, http/1.1)}{0.0.0.0:0} added {SelectorManager@ServerConnector@2374d36a{SSL, (ssl, http/1.1)}{0.0.0.0:0},MANAGED}
02:10:02.007 [main] DEBUG org.eclipse.jetty.util.component.ContainerLifeCycle - Server@736d6a5c{STOPPED}[9.4.44.v20210927] added {ServerConnector@2374d36a{SSL, (ssl, http/1.1)}{localhost:0},AUTO}
02:10:02.007 [main] DEBUG org.eclipse.jetty.util.component.AbstractLifeCycle - starting Server@736d6a5c{STOPPED}[9.4.44.v20210927]
02:10:02.007 [main] DEBUG org.eclipse.jetty.util.component.ContainerLifeCycle - Server@736d6a5c{STARTING}[9.4.44.v20210927] added {ErrorHandler@47a5b70d{STOPPED},AUTO}
02:10:02.007 [main] INFO org.eclipse.jetty.server.Server - jetty-9.4.44.v20210927; built: 2021-09-27T23:02:44.612Z; git: 8da83308eeca865e495e53ef315a249d63ba9332; jvm 1.8.0_402-8u402-ga-2ubuntu1~22.04-b06
02:10:02.007 [main] DEBUG org.eclipse.jetty.server.handler.AbstractHandler - starting Server@736d6a5c{STARTING}[9.4.44.v20210927]
02:10:02.007 [main] DEBUG org.eclipse.jetty.util.component.AbstractLifeCycle - starting QueuedThreadPool[qtp399373008]@17cdf2d0{STOPPED,8<=0<=200,i=0,r=-1,q=0}[NO_TRY]
02:10:02.007 [main] DEBUG org.eclipse.jetty.util.thread.ReservedThreadExecutor - ReservedThreadExecutor@424fd310{reserved=0/8,pending=0}
02:10:02.007 [main] DEBUG org.eclipse.jetty.util.component.ContainerLifeCycle - QueuedThreadPool[qtp399373008]@17cdf2d0{STARTING,8<=0<=200,i=0,r=-1,q=0}[ReservedThreadExecutor@424fd310{reserved=0/8,pending=0}] added {ReservedThreadExecutor@424fd310{reserved=0/8,pending=0},AUTO}
02:10:02.007 [main] DEBUG org.eclipse.jetty.util.component.AbstractLifeCycle - starting ReservedThreadExecutor@424fd310{reserved=0/8,pending=0}
02:10:02.007 [main] DEBUG org.eclipse.jetty.util.component.AbstractLifeCycle - STARTED @4830ms ReservedThreadExecutor@424fd310{reserved=0/8,pending=0}
02:10:02.007 [main] DEBUG org.eclipse.jetty.util.thread.QueuedThreadPool - Starting Thread[qtp399373008-55,5,main]
02:10:02.007 [main] DEBUG org.eclipse.jetty.util.thread.QueuedThreadPool - Starting Thread[qtp399373008-56,5,main]
02:10:02.007 [main] DEBUG org.eclipse.jetty.util.thread.QueuedThreadPool - Starting Thread[qtp399373008-57,5,main]
02:10:02.007 [qtp399373008-55] DEBUG org.eclipse.jetty.util.thread.QueuedThreadPool - Runner started for QueuedThreadPool[qtp399373008]@17cdf2d0{STARTING,8<=2<=200,i=2,r=-1,q=0}[ReservedThreadExecutor@424fd310{reserved=0/8,pending=0}]
02:10:02.007 [main] DEBUG org.eclipse.jetty.util.thread.QueuedThreadPool - Starting Thread[qtp399373008-58,5,main]
02:10:02.007 [qtp399373008-57] DEBUG org.eclipse.jetty.util.thread.QueuedThreadPool - Runner started for QueuedThreadPool[qtp399373008]@17cdf2d0{STARTING,8<=4<=200,i=4,r=-1,q=0}[ReservedThreadExecutor@424fd310{reserved=0/8,pending=0}]
02:10:02.008 [main] DEBUG org.eclipse.jetty.util.thread.QueuedThreadPool - Starting Thread[qtp399373008-59,5,main]
02:10:02.008 [qtp399373008-58] DEBUG org.eclipse.jetty.util.thread.QueuedThreadPool - Runner started for QueuedThreadPool[qtp399373008]@17cdf2d0{STARTING,8<=5<=200,i=5,r=-1,q=0}[ReservedThreadExecutor@424fd310{reserved=0/8,pending=0}]
02:10:02.007 [qtp399373008-56] DEBUG org.eclipse.jetty.util.thread.QueuedThreadPool - Runner started for QueuedThreadPool[qtp399373008]@17cdf2d0{STARTING,8<=4<=200,i=4,r=-1,q=0}[ReservedThreadExecutor@424fd310{reserved=0/8,pending=0}]
02:10:02.008 [main] DEBUG org.eclipse.jetty.util.thread.QueuedThreadPool - Starting Thread[qtp399373008-60,5,main]
02:10:02.008 [qtp399373008-59] DEBUG org.eclipse.jetty.util.thread.QueuedThreadPool - Runner started for QueuedThreadPool[qtp399373008]@17cdf2d0{STARTING,8<=6<=200,i=6,r=-1,q=0}[ReservedThreadExecutor@424fd310{reserved=0/8,pending=0}]
02:10:02.008 [main] DEBUG org.eclipse.jetty.util.thread.QueuedThreadPool - Starting Thread[qtp399373008-61,5,main]
02:10:02.008 [qtp399373008-60] DEBUG org.eclipse.jetty.util.thread.QueuedThreadPool - Runner started for QueuedThreadPool[qtp399373008]@17cdf2d0{STARTING,8<=7<=200,i=7,r=-1,q=0}[ReservedThreadExecutor@424fd310{reserved=0/8,pending=0}]
02:10:02.008 [main] DEBUG org.eclipse.jetty.util.thread.QueuedThreadPool - Starting Thread[qtp399373008-62,5,main]
02:10:02.008 [main] DEBUG org.eclipse.jetty.util.component.AbstractLifeCycle - STARTED @4831ms QueuedThreadPool[qtp399373008]@17cdf2d0{STARTED,8<=8<=200,i=8,r=-1,q=0}[ReservedThreadExecutor@424fd310{reserved=0/8,pending=0}]
02:10:02.008 [main] DEBUG org.eclipse.jetty.util.component.AbstractLifeCycle - starting HandlerCollection@2371aaca{STOPPED}
02:10:02.008 [main] DEBUG org.eclipse.jetty.server.handler.AbstractHandler - starting HandlerCollection@2371aaca{STARTING}
02:10:02.008 [main] DEBUG org.eclipse.jetty.util.component.AbstractLifeCycle - starting JettyHandler@5b529706{STOPPED}
02:10:02.008 [main] DEBUG org.eclipse.jetty.server.handler.AbstractHandler - starting JettyHandler@5b529706{STARTING}
02:10:02.008 [main] DEBUG org.eclipse.jetty.util.component.AbstractLifeCycle - STARTED @4831ms JettyHandler@5b529706{STARTED}
02:10:02.008 [main] DEBUG org.eclipse.jetty.util.component.AbstractLifeCycle - STARTED @4831ms HandlerCollection@2371aaca{STARTED}
02:10:02.008 [main] DEBUG org.eclipse.jetty.util.component.AbstractLifeCycle - starting ErrorHandler@47a5b70d{STOPPED}
02:10:02.008 [main] DEBUG org.eclipse.jetty.server.handler.AbstractHandler - starting ErrorHandler@47a5b70d{STARTING}
02:10:02.008 [main] DEBUG org.eclipse.jetty.util.component.AbstractLifeCycle - STARTED @4831ms ErrorHandler@47a5b70d{STARTED}
02:10:02.009 [main] DEBUG org.eclipse.jetty.util.component.AbstractLifeCycle - starting ServerConnector@2374d36a{SSL, (ssl, http/1.1)}{localhost:0}
02:10:02.009 [main] DEBUG org.eclipse.jetty.util.component.ContainerLifeCycle - ServerConnector@2374d36a{SSL, (ssl, http/1.1)}{localhost:33277} added {sun.nio.ch.ServerSocketChannelImpl[/127.0.0.1:33277],POJO}
02:10:02.009 [main] DEBUG org.eclipse.jetty.util.component.AbstractLifeCycle - starting ScheduledExecutorScheduler@54d18072{STOPPED}
02:10:02.009 [main] DEBUG org.eclipse.jetty.util.component.AbstractLifeCycle - STARTED @4832ms ScheduledExecutorScheduler@54d18072{STARTED}
02:10:02.009 [main] DEBUG org.eclipse.jetty.util.component.AbstractLifeCycle - starting SslConnectionFactory@14dda234{SSL->HTTP/1.1}
02:10:02.009 [main] DEBUG org.eclipse.jetty.util.component.AbstractLifeCycle - starting Server@5a411614[provider=null,keyStore=file:///home/alex/Repositories/nifi/minifi/minifi-bootstrap/src/test/resources/localhost-ks.jks,trustStore=file:///home/alex/Repositories/nifi/minifi/minifi-bootstrap/src/test/resources/localhost-ts.jks]
02:10:02.009 [qtp399373008-61] DEBUG org.eclipse.jetty.util.thread.QueuedThreadPool - Runner started for QueuedThreadPool[qtp399373008]@17cdf2d0{STARTED,8<=8<=200,i=8,r=-1,q=0}[ReservedThreadExecutor@424fd310{reserved=0/8,pending=0}]
02:10:02.009 [qtp399373008-62] DEBUG org.eclipse.jetty.util.thread.QueuedThreadPool - Runner started for QueuedThreadPool[qtp399373008]@17cdf2d0{STARTED,8<=8<=200,i=8,r=-1,q=0}[ReservedThreadExecutor@424fd310{reserved=0/8,pending=0}]
02:10:02.011 [main] DEBUG org.eclipse.jetty.util.ssl.SslContextFactory - Skipping [
[
  Version: V3
  Subject: CN=localhost, OU=Apache NiFi, O=Apache, L=Santa Monica, ST=CA, C=US
  Signature Algorithm: SHA256withRSA, OID = 1.2.840.113549.1.1.11

  Key:  Sun RSA public key, 2048 bits
  params: null
  modulus: 30814356967964143889979985530055364514699394643854733747998343669441470253519148017443938086010371890735549349346219651337818702185332874291515054870079563226954918193849616960862684868242286307978102369612841123949572244550174312189783512432514374223942259755501453758648376374577329063158223919569981746956302768359932779930568567551025861141698242321770321797245641831546024352966190839853333380405862111836548816513307103278129669977363291361980989435025931448076674220589578916708474451915467598527744638059964817414583177679616410437042552549854073395960578135618251112100328624274333297476918645698689757444387
  public exponent: 65537
  Validity: [From: Wed Sep 11 16:38:57 WEST 2019,
               To: Thu Sep 10 16:38:57 WEST 2020]
  Issuer: CN=localhost, OU=Apache NiFi, O=Apache, L=Santa Monica, ST=CA, C=US
  SerialNumber: [    5d791511]

Certificate Extensions: 2
[1]: ObjectId: 2.5.29.15 Criticality=false
KeyUsage [
  DigitalSignature
  Non_repudiation
  Key_Encipherment
  Data_Encipherment
  Key_Agreement
  Key_CertSign
]

[2]: ObjectId: 2.5.29.17 Criticality=false
SubjectAlternativeName [
  DNSName: localhost
]

]
  Algorithm: [SHA256withRSA]
  Signature:
0000: BD 60 51 3B 2B 7F 6A 1F   07 27 5B 95 90 71 12 AA  .`Q;+.j..'[..q..
0010: E2 51 88 19 F1 3D BF D9   70 36 DE BE 2E D0 E6 CB  .Q...=..p6......
0020: F9 37 23 D4 B2 67 1D FA   F6 06 D0 05 A4 C4 D8 BF  .7#..g..........
0030: 25 30 00 BC 98 A7 DC 41   D4 42 76 94 DB AD 9B DD  %0.....A.Bv.....
0040: E8 4A DA 97 40 4D 22 7F   8A B2 D2 F8 08 28 76 9F  .J..@M"......(v.
0050: AF 21 73 EC 37 D2 F2 3B   96 20 AE 8B E0 F8 F7 E9  .!s.7..;. ......
0060: E8 22 85 21 82 19 0F D1   C5 8A BE 7C CC FE D7 6F  .".!...........o
0070: A9 4E 62 69 45 A5 2D 50   33 31 06 6A 0F 61 1E F7  .NbiE.-P31.j.a..
0080: 8D 9F 60 68 D7 61 D6 32   25 64 43 76 B1 1B 7A 21  ..`h.a.2%dCv..z!
0090: 59 6F A3 FA BC D5 A9 28   6C A8 EF 30 F2 67 5E 1D  Yo.....(l..0.g^.
00A0: B9 AD A0 03 53 6E 83 6D   C4 CE CE 0C 66 10 73 39  ....Sn.m....f.s9
00B0: CE 73 1D BD 4D 8C 13 18   84 E7 E5 41 97 68 C1 53  .s..M......A.h.S
00C0: 81 CD B5 40 25 73 EC 05   E4 23 01 BA 4D 20 78 6B  ...@%s...#..M xk
00D0: 84 14 EB FF F2 82 AD 99   1F B9 34 99 3B BD 1D 3E  ..........4.;..>
00E0: 1B 14 48 1E E6 ED F9 7B   82 EE 15 33 57 CE B3 44  ..H........3W..D
00F0: 86 C7 F4 99 89 34 CE F3   88 BB AC F6 35 F2 80 59  .....4......5..Y

]
02:10:02.011 [main] DEBUG org.eclipse.jetty.util.ssl.X509 - Certificate CN alias=mykey CN=localhost in X509@48a12036(mykey,h=[],a=[],w=[])
02:10:02.011 [main] INFO org.eclipse.jetty.util.ssl.SslContextFactory - x509=X509@48a12036(mykey,h=[localhost],a=[],w=[]) for Server@5a411614[provider=null,keyStore=file:///home/alex/Repositories/nifi/minifi/minifi-bootstrap/src/test/resources/localhost-ks.jks,trustStore=file:///home/alex/Repositories/nifi/minifi/minifi-bootstrap/src/test/resources/localhost-ts.jks]
02:10:02.012 [main] DEBUG org.eclipse.jetty.util.ssl.SslContextFactory - managers=[sun.security.ssl.SunX509KeyManagerImpl@70efb718] for Server@5a411614[provider=null,keyStore=file:///home/alex/Repositories/nifi/minifi/minifi-bootstrap/src/test/resources/localhost-ks.jks,trustStore=file:///home/alex/Repositories/nifi/minifi/minifi-bootstrap/src/test/resources/localhost-ts.jks]
02:10:02.012 [main] DEBUG org.eclipse.jetty.util.ssl.SslContextFactory - Selected Protocols [TLSv1.3, TLSv1.2] of [TLSv1.3, TLSv1.2, TLSv1.1, TLSv1, SSLv3, SSLv2Hello]
02:10:02.012 [main] DEBUG org.eclipse.jetty.util.ssl.SslContextFactory - Selected Ciphers   [TLS_AES_256_GCM_SHA384, TLS_AES_128_GCM_SHA256, TLS_ECDHE_ECDSA_WITH_AES_256_GCM_SHA384, TLS_ECDHE_ECDSA_WITH_AES_128_GCM_SHA256, TLS_ECDHE_RSA_WITH_AES_256_GCM_SHA384, TLS_ECDHE_RSA_WITH_AES_128_GCM_SHA256, TLS_DHE_RSA_WITH_AES_256_GCM_SHA384, TLS_DHE_DSS_WITH_AES_256_GCM_SHA384, TLS_DHE_RSA_WITH_AES_128_GCM_SHA256, TLS_DHE_DSS_WITH_AES_128_GCM_SHA256, TLS_ECDHE_ECDSA_WITH_AES_256_CBC_SHA384, TLS_ECDHE_RSA_WITH_AES_256_CBC_SHA384, TLS_ECDHE_ECDSA_WITH_AES_128_CBC_SHA256, TLS_ECDHE_RSA_WITH_AES_128_CBC_SHA256, TLS_DHE_RSA_WITH_AES_256_CBC_SHA256, TLS_DHE_DSS_WITH_AES_256_CBC_SHA256, TLS_DHE_RSA_WITH_AES_128_CBC_SHA256, TLS_DHE_DSS_WITH_AES_128_CBC_SHA256, TLS_ECDH_ECDSA_WITH_AES_256_GCM_SHA384, TLS_ECDH_RSA_WITH_AES_256_GCM_SHA384, TLS_ECDH_ECDSA_WITH_AES_128_GCM_SHA256, TLS_ECDH_RSA_WITH_AES_128_GCM_SHA256, TLS_ECDH_ECDSA_WITH_AES_256_CBC_SHA384, TLS_ECDH_RSA_WITH_AES_256_CBC_SHA384, TLS_ECDH_ECDSA_WITH_AES_128_CBC_SHA256, TLS_ECDH_RSA_WITH_AES_128_CBC_SHA256, TLS_EMPTY_RENEGOTIATION_INFO_SCSV] of [TLS_AES_256_GCM_SHA384, TLS_AES_128_GCM_SHA256, TLS_ECDHE_ECDSA_WITH_AES_256_GCM_SHA384, TLS_ECDHE_ECDSA_WITH_AES_128_GCM_SHA256, TLS_ECDHE_RSA_WITH_AES_256_GCM_SHA384, TLS_ECDHE_RSA_WITH_AES_128_GCM_SHA256, TLS_DHE_RSA_WITH_AES_256_GCM_SHA384, TLS_DHE_DSS_WITH_AES_256_GCM_SHA384, TLS_DHE_RSA_WITH_AES_128_GCM_SHA256, TLS_DHE_DSS_WITH_AES_128_GCM_SHA256, TLS_ECDHE_ECDSA_WITH_AES_256_CBC_SHA384, TLS_ECDHE_RSA_WITH_AES_256_CBC_SHA384, TLS_ECDHE_ECDSA_WITH_AES_128_CBC_SHA256, TLS_ECDHE_RSA_WITH_AES_128_CBC_SHA256, TLS_DHE_RSA_WITH_AES_256_CBC_SHA256, TLS_DHE_DSS_WITH_AES_256_CBC_SHA256, TLS_DHE_RSA_WITH_AES_128_CBC_SHA256, TLS_DHE_DSS_WITH_AES_128_CBC_SHA256, TLS_ECDH_ECDSA_WITH_AES_256_GCM_SHA384, TLS_ECDH_RSA_WITH_AES_256_GCM_SHA384, TLS_ECDH_ECDSA_WITH_AES_128_GCM_SHA256, TLS_ECDH_RSA_WITH_AES_128_GCM_SHA256, TLS_ECDH_ECDSA_WITH_AES_256_CBC_SHA384, TLS_ECDH_RSA_WITH_AES_256_CBC_SHA384, TLS_ECDH_ECDSA_WITH_AES_128_CBC_SHA256, TLS_ECDH_RSA_WITH_AES_128_CBC_SHA256, TLS_ECDHE_ECDSA_WITH_AES_256_CBC_SHA, TLS_ECDHE_RSA_WITH_AES_256_CBC_SHA, TLS_ECDHE_ECDSA_WITH_AES_128_CBC_SHA, TLS_ECDHE_RSA_WITH_AES_128_CBC_SHA, TLS_DHE_RSA_WITH_AES_256_CBC_SHA, TLS_DHE_DSS_WITH_AES_256_CBC_SHA, TLS_DHE_RSA_WITH_AES_128_CBC_SHA, TLS_DHE_DSS_WITH_AES_128_CBC_SHA, TLS_ECDH_ECDSA_WITH_AES_256_CBC_SHA, TLS_ECDH_RSA_WITH_AES_256_CBC_SHA, TLS_ECDH_ECDSA_WITH_AES_128_CBC_SHA, TLS_ECDH_RSA_WITH_AES_128_CBC_SHA, TLS_RSA_WITH_AES_256_GCM_SHA384, TLS_RSA_WITH_AES_128_GCM_SHA256, TLS_RSA_WITH_AES_256_CBC_SHA256, TLS_RSA_WITH_AES_128_CBC_SHA256, TLS_RSA_WITH_AES_256_CBC_SHA, TLS_RSA_WITH_AES_128_CBC_SHA, TLS_EMPTY_RENEGOTIATION_INFO_SCSV]
02:10:02.013 [main] DEBUG org.eclipse.jetty.util.ssl.SslContextFactory - Customize sun.security.ssl.SSLEngineImpl@b70da4c
02:10:02.013 [main] DEBUG org.eclipse.jetty.util.component.AbstractLifeCycle - STARTED @4836ms Server@5a411614[provider=null,keyStore=file:///home/alex/Repositories/nifi/minifi/minifi-bootstrap/src/test/resources/localhost-ks.jks,trustStore=file:///home/alex/Repositories/nifi/minifi/minifi-bootstrap/src/test/resources/localhost-ts.jks]
02:10:02.013 [main] DEBUG org.eclipse.jetty.util.ssl.SslContextFactory - Customize sun.security.ssl.SSLEngineImpl@4a11eb84
02:10:02.013 [main] DEBUG org.eclipse.jetty.util.component.AbstractLifeCycle - STARTED @4836ms SslConnectionFactory@14dda234{SSL->HTTP/1.1}
02:10:02.013 [main] DEBUG org.eclipse.jetty.util.component.AbstractLifeCycle - starting HttpConnectionFactory@5553d0f5[HTTP/1.1]
02:10:02.013 [main] DEBUG org.eclipse.jetty.util.component.AbstractLifeCycle - STARTED @4836ms HttpConnectionFactory@5553d0f5[HTTP/1.1]
02:10:02.013 [main] DEBUG org.eclipse.jetty.util.component.AbstractLifeCycle - starting SelectorManager@ServerConnector@2374d36a{SSL, (ssl, http/1.1)}{localhost:33277}
02:10:02.013 [main] DEBUG org.eclipse.jetty.util.component.ContainerLifeCycle - EatWhatYouKill@4e858e0a/SelectorProducer@435fb7b5/IDLE/p=false/QueuedThreadPool[qtp399373008]@17cdf2d0{STARTED,8<=8<=200,i=8,r=-1,q=0}[ReservedThreadExecutor@424fd310{reserved=0/8,pending=0}][pc=0,pic=0,pec=0,epc=0]@2024-05-02T02:10:02.013+01:00 added {SelectorProducer@435fb7b5,POJO}
02:10:02.013 [main] DEBUG org.eclipse.jetty.util.component.ContainerLifeCycle - EatWhatYouKill@4e858e0a/SelectorProducer@435fb7b5/IDLE/p=false/QueuedThreadPool[qtp399373008]@17cdf2d0{STARTED,8<=8<=200,i=8,r=-1,q=0}[ReservedThreadExecutor@424fd310{reserved=0/8,pending=0}][pc=0,pic=0,pec=0,epc=0]@2024-05-02T02:10:02.013+01:00 added {QueuedThreadPool[qtp399373008]@17cdf2d0{STARTED,8<=8<=200,i=8,r=-1,q=0}[ReservedThreadExecutor@424fd310{reserved=0/8,pending=0}],UNMANAGED}
02:10:02.014 [main] DEBUG org.eclipse.jetty.util.thread.strategy.EatWhatYouKill - EatWhatYouKill@4e858e0a/SelectorProducer@435fb7b5/IDLE/p=false/QueuedThreadPool[qtp399373008]@17cdf2d0{STARTED,8<=8<=200,i=8,r=-1,q=0}[ReservedThreadExecutor@424fd310{reserved=0/8,pending=0}][pc=0,pic=0,pec=0,epc=0]@2024-05-02T02:10:02.013+01:00 created
02:10:02.014 [main] DEBUG org.eclipse.jetty.util.component.ContainerLifeCycle - ManagedSelector@4e70a728{STOPPED} id=0 keys=-1 selected=-1 updates=0 added {EatWhatYouKill@4e858e0a/SelectorProducer@435fb7b5/IDLE/p=false/QueuedThreadPool[qtp399373008]@17cdf2d0{STARTED,8<=8<=200,i=8,r=-1,q=0}[ReservedThreadExecutor@424fd310{reserved=0/8,pending=0}][pc=0,pic=0,pec=0,epc=0]@2024-05-02T02:10:02.014+01:00,MANAGED}
02:10:02.014 [main] DEBUG org.eclipse.jetty.util.component.ContainerLifeCycle - SelectorManager@ServerConnector@2374d36a{SSL, (ssl, http/1.1)}{localhost:33277} added {ManagedSelector@4e70a728{STOPPED} id=0 keys=-1 selected=-1 updates=0,AUTO}
02:10:02.014 [main] DEBUG org.eclipse.jetty.util.component.ContainerLifeCycle - EatWhatYouKill@b7838a9/SelectorProducer@696f0212/IDLE/p=false/QueuedThreadPool[qtp399373008]@17cdf2d0{STARTED,8<=8<=200,i=8,r=-1,q=0}[ReservedThreadExecutor@424fd310{reserved=0/8,pending=0}][pc=0,pic=0,pec=0,epc=0]@2024-05-02T02:10:02.014+01:00 added {SelectorProducer@696f0212,POJO}
02:10:02.014 [main] DEBUG org.eclipse.jetty.util.component.ContainerLifeCycle - EatWhatYouKill@b7838a9/SelectorProducer@696f0212/IDLE/p=false/QueuedThreadPool[qtp399373008]@17cdf2d0{STARTED,8<=8<=200,i=8,r=-1,q=0}[ReservedThreadExecutor@424fd310{reserved=0/8,pending=0}][pc=0,pic=0,pec=0,epc=0]@2024-05-02T02:10:02.014+01:00 added {QueuedThreadPool[qtp399373008]@17cdf2d0{STARTED,8<=8<=200,i=8,r=-1,q=0}[ReservedThreadExecutor@424fd310{reserved=0/8,pending=0}],UNMANAGED}
02:10:02.014 [main] DEBUG org.eclipse.jetty.util.thread.strategy.EatWhatYouKill - EatWhatYouKill@b7838a9/SelectorProducer@696f0212/IDLE/p=false/QueuedThreadPool[qtp399373008]@17cdf2d0{STARTED,8<=8<=200,i=8,r=-1,q=0}[ReservedThreadExecutor@424fd310{reserved=0/8,pending=0}][pc=0,pic=0,pec=0,epc=0]@2024-05-02T02:10:02.014+01:00 created
02:10:02.014 [main] DEBUG org.eclipse.jetty.util.component.ContainerLifeCycle - ManagedSelector@5733f295{STOPPED} id=1 keys=-1 selected=-1 updates=0 added {EatWhatYouKill@b7838a9/SelectorProducer@696f0212/IDLE/p=false/QueuedThreadPool[qtp399373008]@17cdf2d0{STARTED,8<=8<=200,i=8,r=-1,q=0}[ReservedThreadExecutor@424fd310{reserved=0/8,pending=0}][pc=0,pic=0,pec=0,epc=0]@2024-05-02T02:10:02.014+01:00,MANAGED}
02:10:02.014 [main] DEBUG org.eclipse.jetty.util.component.ContainerLifeCycle - SelectorManager@ServerConnector@2374d36a{SSL, (ssl, http/1.1)}{localhost:33277} added {ManagedSelector@5733f295{STOPPED} id=1 keys=-1 selected=-1 updates=0,AUTO}
02:10:02.014 [main] DEBUG org.eclipse.jetty.util.component.ContainerLifeCycle - EatWhatYouKill@1c3146bc/SelectorProducer@56c698e3/IDLE/p=false/QueuedThreadPool[qtp399373008]@17cdf2d0{STARTED,8<=8<=200,i=8,r=-1,q=0}[ReservedThreadExecutor@424fd310{reserved=0/8,pending=0}][pc=0,pic=0,pec=0,epc=0]@2024-05-02T02:10:02.014+01:00 added {SelectorProducer@56c698e3,POJO}
02:10:02.014 [main] DEBUG org.eclipse.jetty.util.component.ContainerLifeCycle - EatWhatYouKill@1c3146bc/SelectorProducer@56c698e3/IDLE/p=false/QueuedThreadPool[qtp399373008]@17cdf2d0{STARTED,8<=8<=200,i=8,r=-1,q=0}[ReservedThreadExecutor@424fd310{reserved=0/8,pending=0}][pc=0,pic=0,pec=0,epc=0]@2024-05-02T02:10:02.014+01:00 added {QueuedThreadPool[qtp399373008]@17cdf2d0{STARTED,8<=8<=200,i=8,r=-1,q=0}[ReservedThreadExecutor@424fd310{reserved=0/8,pending=0}],UNMANAGED}
02:10:02.014 [main] DEBUG org.eclipse.jetty.util.thread.strategy.EatWhatYouKill - EatWhatYouKill@1c3146bc/SelectorProducer@56c698e3/IDLE/p=false/QueuedThreadPool[qtp399373008]@17cdf2d0{STARTED,8<=8<=200,i=8,r=-1,q=0}[ReservedThreadExecutor@424fd310{reserved=0/8,pending=0}][pc=0,pic=0,pec=0,epc=0]@2024-05-02T02:10:02.014+01:00 created
02:10:02.014 [main] DEBUG org.eclipse.jetty.util.component.ContainerLifeCycle - ManagedSelector@47a86fbb{STOPPED} id=2 keys=-1 selected=-1 updates=0 added {EatWhatYouKill@1c3146bc/SelectorProducer@56c698e3/IDLE/p=false/QueuedThreadPool[qtp399373008]@17cdf2d0{STARTED,8<=8<=200,i=8,r=-1,q=0}[ReservedThreadExecutor@424fd310{reserved=0/8,pending=0}][pc=0,pic=0,pec=0,epc=0]@2024-05-02T02:10:02.014+01:00,MANAGED}
02:10:02.014 [main] DEBUG org.eclipse.jetty.util.component.ContainerLifeCycle - SelectorManager@ServerConnector@2374d36a{SSL, (ssl, http/1.1)}{localhost:33277} added {ManagedSelector@47a86fbb{STOPPED} id=2 keys=-1 selected=-1 updates=0,AUTO}
02:10:02.014 [main] DEBUG org.eclipse.jetty.util.component.ContainerLifeCycle - EatWhatYouKill@f478a81/SelectorProducer@19553973/IDLE/p=false/QueuedThreadPool[qtp399373008]@17cdf2d0{STARTED,8<=8<=200,i=8,r=-1,q=0}[ReservedThreadExecutor@424fd310{reserved=0/8,pending=0}][pc=0,pic=0,pec=0,epc=0]@2024-05-02T02:10:02.014+01:00 added {SelectorProducer@19553973,POJO}
02:10:02.014 [main] DEBUG org.eclipse.jetty.util.component.ContainerLifeCycle - EatWhatYouKill@f478a81/SelectorProducer@19553973/IDLE/p=false/QueuedThreadPool[qtp399373008]@17cdf2d0{STARTED,8<=8<=200,i=8,r=-1,q=0}[ReservedThreadExecutor@424fd310{reserved=0/8,pending=0}][pc=0,pic=0,pec=0,epc=0]@2024-05-02T02:10:02.014+01:00 added {QueuedThreadPool[qtp399373008]@17cdf2d0{STARTED,8<=8<=200,i=8,r=-1,q=0}[ReservedThreadExecutor@424fd310{reserved=0/8,pending=0}],UNMANAGED}
02:10:02.015 [main] DEBUG org.eclipse.jetty.util.thread.strategy.EatWhatYouKill - EatWhatYouKill@f478a81/SelectorProducer@19553973/IDLE/p=false/QueuedThreadPool[qtp399373008]@17cdf2d0{STARTED,8<=8<=200,i=8,r=-1,q=0}[ReservedThreadExecutor@424fd310{reserved=0/8,pending=0}][pc=0,pic=0,pec=0,epc=0]@2024-05-02T02:10:02.015+01:00 created
02:10:02.015 [main] DEBUG org.eclipse.jetty.util.component.ContainerLifeCycle - ManagedSelector@7bb6ab3a{STOPPED} id=3 keys=-1 selected=-1 updates=0 added {EatWhatYouKill@f478a81/SelectorProducer@19553973/IDLE/p=false/QueuedThreadPool[qtp399373008]@17cdf2d0{STARTED,8<=8<=200,i=8,r=-1,q=0}[ReservedThreadExecutor@424fd310{reserved=0/8,pending=0}][pc=0,pic=0,pec=0,epc=0]@2024-05-02T02:10:02.015+01:00,MANAGED}
02:10:02.015 [main] DEBUG org.eclipse.jetty.util.component.ContainerLifeCycle - SelectorManager@ServerConnector@2374d36a{SSL, (ssl, http/1.1)}{localhost:33277} added {ManagedSelector@7bb6ab3a{STOPPED} id=3 keys=-1 selected=-1 updates=0,AUTO}
02:10:02.015 [main] DEBUG org.eclipse.jetty.util.component.AbstractLifeCycle - starting ManagedSelector@4e70a728{STOPPED} id=0 keys=-1 selected=-1 updates=0
02:10:02.015 [main] DEBUG org.eclipse.jetty.util.component.AbstractLifeCycle - starting EatWhatYouKill@4e858e0a/SelectorProducer@435fb7b5/IDLE/p=false/QueuedThreadPool[qtp399373008]@17cdf2d0{STARTED,8<=8<=200,i=8,r=-1,q=0}[ReservedThreadExecutor@424fd310{reserved=0/8,pending=0}][pc=0,pic=0,pec=0,epc=0]@2024-05-02T02:10:02.015+01:00
02:10:02.015 [main] DEBUG org.eclipse.jetty.util.component.AbstractLifeCycle - STARTED @4838ms EatWhatYouKill@4e858e0a/SelectorProducer@435fb7b5/IDLE/p=false/QueuedThreadPool[qtp399373008]@17cdf2d0{STARTED,8<=8<=200,i=8,r=-1,q=0}[ReservedThreadExecutor@424fd310{reserved=0/8,pending=0}][pc=0,pic=0,pec=0,epc=0]@2024-05-02T02:10:02.015+01:00
02:10:02.015 [main] DEBUG org.eclipse.jetty.util.thread.QueuedThreadPool - queue org.eclipse.jetty.io.ManagedSelector$$Lambda$253/838473569@7fe7c640 startThread=0
02:10:02.015 [main] DEBUG org.eclipse.jetty.io.ManagedSelector - Queued change lazy=false org.eclipse.jetty.io.ManagedSelector$Start@4c4748bf on ManagedSelector@4e70a728{STARTING} id=0 keys=0 selected=0 updates=0
02:10:02.015 [qtp399373008-55] DEBUG org.eclipse.jetty.util.thread.QueuedThreadPool - run org.eclipse.jetty.io.ManagedSelector$$Lambda$253/838473569@7fe7c640 in QueuedThreadPool[qtp399373008]@17cdf2d0{STARTED,8<=8<=200,i=7,r=-1,q=0}[ReservedThreadExecutor@424fd310{reserved=0/8,pending=0}]
02:10:02.015 [qtp399373008-55] DEBUG org.eclipse.jetty.util.thread.strategy.EatWhatYouKill - EatWhatYouKill@4e858e0a/SelectorProducer@435fb7b5/IDLE/p=false/QueuedThreadPool[qtp399373008]@17cdf2d0{STARTED,8<=8<=200,i=7,r=-1,q=0}[ReservedThreadExecutor@424fd310{reserved=0/8,pending=0}][pc=0,pic=0,pec=0,epc=0]@2024-05-02T02:10:02.015+01:00 tryProduce false
02:10:02.015 [qtp399373008-55] DEBUG org.eclipse.jetty.io.ManagedSelector - updateable 1
02:10:02.015 [qtp399373008-55] DEBUG org.eclipse.jetty.io.ManagedSelector - update org.eclipse.jetty.io.ManagedSelector$Start@4c4748bf
02:10:02.015 [qtp399373008-55] DEBUG org.eclipse.jetty.io.ManagedSelector - updates 0
02:10:02.015 [qtp399373008-55] DEBUG org.eclipse.jetty.io.ManagedSelector - Selector sun.nio.ch.EPollSelectorImpl@724c02dc waiting with 0 keys
02:10:02.015 [main] DEBUG org.eclipse.jetty.util.component.AbstractLifeCycle - STARTED @4838ms ManagedSelector@4e70a728{STARTED} id=0 keys=0 selected=0 updates=0
02:10:02.015 [main] DEBUG org.eclipse.jetty.util.component.AbstractLifeCycle - starting ManagedSelector@5733f295{STOPPED} id=1 keys=-1 selected=-1 updates=0
02:10:02.015 [main] DEBUG org.eclipse.jetty.util.component.AbstractLifeCycle - starting EatWhatYouKill@b7838a9/SelectorProducer@696f0212/IDLE/p=false/QueuedThreadPool[qtp399373008]@17cdf2d0{STARTED,8<=8<=200,i=7,r=-1,q=0}[ReservedThreadExecutor@424fd310{reserved=0/8,pending=0}][pc=0,pic=0,pec=0,epc=0]@2024-05-02T02:10:02.015+01:00
02:10:02.015 [main] DEBUG org.eclipse.jetty.util.component.AbstractLifeCycle - STARTED @4838ms EatWhatYouKill@b7838a9/SelectorProducer@696f0212/IDLE/p=false/QueuedThreadPool[qtp399373008]@17cdf2d0{STARTED,8<=8<=200,i=7,r=-1,q=0}[ReservedThreadExecutor@424fd310{reserved=0/8,pending=0}][pc=0,pic=0,pec=0,epc=0]@2024-05-02T02:10:02.015+01:00
02:10:02.015 [main] DEBUG org.eclipse.jetty.util.thread.QueuedThreadPool - queue org.eclipse.jetty.io.ManagedSelector$$Lambda$253/838473569@7ce97ee5 startThread=0
02:10:02.015 [main] DEBUG org.eclipse.jetty.io.ManagedSelector - Queued change lazy=false org.eclipse.jetty.io.ManagedSelector$Start@32c8e539 on ManagedSelector@5733f295{STARTING} id=1 keys=0 selected=0 updates=0
02:10:02.015 [qtp399373008-57] DEBUG org.eclipse.jetty.util.thread.QueuedThreadPool - run org.eclipse.jetty.io.ManagedSelector$$Lambda$253/838473569@7ce97ee5 in QueuedThreadPool[qtp399373008]@17cdf2d0{STARTED,8<=8<=200,i=6,r=-1,q=0}[ReservedThreadExecutor@424fd310{reserved=0/8,pending=0}]
02:10:02.015 [qtp399373008-57] DEBUG org.eclipse.jetty.util.thread.strategy.EatWhatYouKill - EatWhatYouKill@b7838a9/SelectorProducer@696f0212/IDLE/p=false/QueuedThreadPool[qtp399373008]@17cdf2d0{STARTED,8<=8<=200,i=6,r=-1,q=0}[ReservedThreadExecutor@424fd310{reserved=0/8,pending=0}][pc=0,pic=0,pec=0,epc=0]@2024-05-02T02:10:02.015+01:00 tryProduce false
02:10:02.016 [qtp399373008-57] DEBUG org.eclipse.jetty.io.ManagedSelector - updateable 1
02:10:02.016 [qtp399373008-57] DEBUG org.eclipse.jetty.io.ManagedSelector - update org.eclipse.jetty.io.ManagedSelector$Start@32c8e539
02:10:02.016 [qtp399373008-57] DEBUG org.eclipse.jetty.io.ManagedSelector - updates 0
02:10:02.016 [qtp399373008-57] DEBUG org.eclipse.jetty.io.ManagedSelector - Selector sun.nio.ch.EPollSelectorImpl@79e51817 waiting with 0 keys
02:10:02.016 [main] DEBUG org.eclipse.jetty.util.component.AbstractLifeCycle - STARTED @4838ms ManagedSelector@5733f295{STARTED} id=1 keys=0 selected=0 updates=0
02:10:02.016 [main] DEBUG org.eclipse.jetty.util.component.AbstractLifeCycle - starting ManagedSelector@47a86fbb{STOPPED} id=2 keys=-1 selected=-1 updates=0
02:10:02.016 [main] DEBUG org.eclipse.jetty.util.component.AbstractLifeCycle - starting EatWhatYouKill@1c3146bc/SelectorProducer@56c698e3/IDLE/p=false/QueuedThreadPool[qtp399373008]@17cdf2d0{STARTED,8<=8<=200,i=6,r=-1,q=0}[ReservedThreadExecutor@424fd310{reserved=0/8,pending=0}][pc=0,pic=0,pec=0,epc=0]@2024-05-02T02:10:02.016+01:00
02:10:02.016 [main] DEBUG org.eclipse.jetty.util.component.AbstractLifeCycle - STARTED @4839ms EatWhatYouKill@1c3146bc/SelectorProducer@56c698e3/IDLE/p=false/QueuedThreadPool[qtp399373008]@17cdf2d0{STARTED,8<=8<=200,i=6,r=-1,q=0}[ReservedThreadExecutor@424fd310{reserved=0/8,pending=0}][pc=0,pic=0,pec=0,epc=0]@2024-05-02T02:10:02.016+01:00
02:10:02.016 [main] DEBUG org.eclipse.jetty.util.thread.QueuedThreadPool - queue org.eclipse.jetty.io.ManagedSelector$$Lambda$253/838473569@73dce0e6 startThread=0
02:10:02.016 [main] DEBUG org.eclipse.jetty.io.ManagedSelector - Queued change lazy=false org.eclipse.jetty.io.ManagedSelector$Start@5a85c92 on ManagedSelector@47a86fbb{STARTING} id=2 keys=0 selected=0 updates=0
02:10:02.016 [qtp399373008-58] DEBUG org.eclipse.jetty.util.thread.QueuedThreadPool - run org.eclipse.jetty.io.ManagedSelector$$Lambda$253/838473569@73dce0e6 in QueuedThreadPool[qtp399373008]@17cdf2d0{STARTED,8<=8<=200,i=5,r=-1,q=0}[ReservedThreadExecutor@424fd310{reserved=0/8,pending=0}]
02:10:02.016 [qtp399373008-58] DEBUG org.eclipse.jetty.util.thread.strategy.EatWhatYouKill - EatWhatYouKill@1c3146bc/SelectorProducer@56c698e3/IDLE/p=false/QueuedThreadPool[qtp399373008]@17cdf2d0{STARTED,8<=8<=200,i=5,r=-1,q=0}[ReservedThreadExecutor@424fd310{reserved=0/8,pending=0}][pc=0,pic=0,pec=0,epc=0]@2024-05-02T02:10:02.016+01:00 tryProduce false
02:10:02.016 [qtp399373008-58] DEBUG org.eclipse.jetty.io.ManagedSelector - updateable 1
02:10:02.016 [qtp399373008-58] DEBUG org.eclipse.jetty.io.ManagedSelector - update org.eclipse.jetty.io.ManagedSelector$Start@5a85c92
02:10:02.016 [qtp399373008-58] DEBUG org.eclipse.jetty.io.ManagedSelector - updates 0
02:10:02.016 [qtp399373008-58] DEBUG org.eclipse.jetty.io.ManagedSelector - Selector sun.nio.ch.EPollSelectorImpl@5b063887 waiting with 0 keys
02:10:02.016 [main] DEBUG org.eclipse.jetty.util.component.AbstractLifeCycle - STARTED @4839ms ManagedSelector@47a86fbb{STARTED} id=2 keys=0 selected=0 updates=0
02:10:02.016 [main] DEBUG org.eclipse.jetty.util.component.AbstractLifeCycle - starting ManagedSelector@7bb6ab3a{STOPPED} id=3 keys=-1 selected=-1 updates=0
02:10:02.016 [main] DEBUG org.eclipse.jetty.util.component.AbstractLifeCycle - starting EatWhatYouKill@f478a81/SelectorProducer@19553973/IDLE/p=false/QueuedThreadPool[qtp399373008]@17cdf2d0{STARTED,8<=8<=200,i=5,r=-1,q=0}[ReservedThreadExecutor@424fd310{reserved=0/8,pending=0}][pc=0,pic=0,pec=0,epc=0]@2024-05-02T02:10:02.016+01:00
02:10:02.016 [main] DEBUG org.eclipse.jetty.util.component.AbstractLifeCycle - STARTED @4839ms EatWhatYouKill@f478a81/SelectorProducer@19553973/IDLE/p=false/QueuedThreadPool[qtp399373008]@17cdf2d0{STARTED,8<=8<=200,i=5,r=-1,q=0}[ReservedThreadExecutor@424fd310{reserved=0/8,pending=0}][pc=0,pic=0,pec=0,epc=0]@2024-05-02T02:10:02.016+01:00
02:10:02.016 [main] DEBUG org.eclipse.jetty.util.thread.QueuedThreadPool - queue org.eclipse.jetty.io.ManagedSelector$$Lambda$253/838473569@32811494 startThread=0
02:10:02.016 [main] DEBUG org.eclipse.jetty.io.ManagedSelector - Queued change lazy=false org.eclipse.jetty.io.ManagedSelector$Start@4795ded0 on ManagedSelector@7bb6ab3a{STARTING} id=3 keys=0 selected=0 updates=0
02:10:02.016 [qtp399373008-59] DEBUG org.eclipse.jetty.util.thread.QueuedThreadPool - run org.eclipse.jetty.io.ManagedSelector$$Lambda$253/838473569@32811494 in QueuedThreadPool[qtp399373008]@17cdf2d0{STARTED,8<=8<=200,i=4,r=-1,q=0}[ReservedThreadExecutor@424fd310{reserved=0/8,pending=0}]
02:10:02.016 [qtp399373008-59] DEBUG org.eclipse.jetty.util.thread.strategy.EatWhatYouKill - EatWhatYouKill@f478a81/SelectorProducer@19553973/IDLE/p=false/QueuedThreadPool[qtp399373008]@17cdf2d0{STARTED,8<=8<=200,i=4,r=-1,q=0}[ReservedThreadExecutor@424fd310{reserved=0/8,pending=0}][pc=0,pic=0,pec=0,epc=0]@2024-05-02T02:10:02.016+01:00 tryProduce false
02:10:02.017 [qtp399373008-59] DEBUG org.eclipse.jetty.io.ManagedSelector - updateable 1
02:10:02.017 [qtp399373008-59] DEBUG org.eclipse.jetty.io.ManagedSelector - update org.eclipse.jetty.io.ManagedSelector$Start@4795ded0
02:10:02.017 [qtp399373008-59] DEBUG org.eclipse.jetty.io.ManagedSelector - updates 0
02:10:02.017 [qtp399373008-59] DEBUG org.eclipse.jetty.io.ManagedSelector - Selector sun.nio.ch.EPollSelectorImpl@9718d65 waiting with 0 keys
02:10:02.017 [main] DEBUG org.eclipse.jetty.util.component.AbstractLifeCycle - STARTED @4839ms ManagedSelector@7bb6ab3a{STARTED} id=3 keys=0 selected=0 updates=0
02:10:02.017 [main] DEBUG org.eclipse.jetty.util.component.AbstractLifeCycle - STARTED @4839ms SelectorManager@ServerConnector@2374d36a{SSL, (ssl, http/1.1)}{localhost:33277}
02:10:02.017 [main] DEBUG org.eclipse.jetty.util.component.ContainerLifeCycle - ServerConnector@2374d36a{SSL, (ssl, http/1.1)}{localhost:33277} added {acceptor-0@53dacd14,POJO}
02:10:02.017 [main] DEBUG org.eclipse.jetty.util.thread.QueuedThreadPool - queue acceptor-0@53dacd14 startThread=0
02:10:02.017 [main] INFO org.eclipse.jetty.server.AbstractConnector - Started ServerConnector@2374d36a{SSL, (ssl, http/1.1)}{localhost:33277}
02:10:02.017 [qtp399373008-56] DEBUG org.eclipse.jetty.util.thread.QueuedThreadPool - run acceptor-0@53dacd14 in QueuedThreadPool[qtp399373008]@17cdf2d0{STARTED,8<=8<=200,i=3,r=-1,q=0}[ReservedThreadExecutor@424fd310{reserved=0/8,pending=0}]
02:10:02.017 [main] DEBUG org.eclipse.jetty.util.component.AbstractLifeCycle - STARTED @4840ms ServerConnector@2374d36a{SSL, (ssl, http/1.1)}{localhost:33277}
02:10:02.017 [main] INFO org.eclipse.jetty.server.Server - Started @4840ms
02:10:02.017 [main] DEBUG org.eclipse.jetty.util.component.AbstractLifeCycle - STARTED @4840ms Server@736d6a5c{STARTED}[9.4.44.v20210927]
02:10:03.020 [main] DEBUG org.apache.nifi.minifi.bootstrap.configuration.ingestors.PullHttpChangeIngestor - Attempting to pull new config
02:10:03.021 [qtp399373008-56-acceptor-0@53dacd14-ServerConnector@2374d36a{SSL, (ssl, http/1.1)}{localhost:33277}] DEBUG org.eclipse.jetty.io.ManagedSelector - Queued change lazy=false Accept@383171f8[java.nio.channels.SocketChannel[connected local=/127.0.0.1:33277 remote=/127.0.0.1:47692]] on ManagedSelector@5733f295{STARTED} id=1 keys=0 selected=0 updates=0
02:10:03.021 [qtp399373008-56-acceptor-0@53dacd14-ServerConnector@2374d36a{SSL, (ssl, http/1.1)}{localhost:33277}] DEBUG org.eclipse.jetty.io.ManagedSelector - Wakeup on submit ManagedSelector@5733f295{STARTED} id=1 keys=0 selected=0 updates=1
02:10:03.021 [qtp399373008-57] DEBUG org.eclipse.jetty.io.ManagedSelector - Selector sun.nio.ch.EPollSelectorImpl@79e51817 woken with none selected
02:10:03.021 [qtp399373008-57] DEBUG org.eclipse.jetty.io.ManagedSelector - Selector sun.nio.ch.EPollSelectorImpl@79e51817 woken up from select, 0/0/0 selected
02:10:03.021 [qtp399373008-57] DEBUG org.eclipse.jetty.io.ManagedSelector - Selector sun.nio.ch.EPollSelectorImpl@79e51817 processing 0 keys, 1 updates
02:10:03.022 [qtp399373008-57] DEBUG org.eclipse.jetty.io.ManagedSelector - updateable 1
02:10:03.022 [qtp399373008-57] DEBUG org.eclipse.jetty.io.ManagedSelector - update Accept@383171f8[java.nio.channels.SocketChannel[connected local=/127.0.0.1:33277 remote=/127.0.0.1:47692]]
02:10:03.022 [qtp399373008-57] DEBUG org.eclipse.jetty.util.thread.QueuedThreadPool - queue Accept@383171f8[java.nio.channels.SocketChannel[connected local=/127.0.0.1:33277 remote=/127.0.0.1:47692]] startThread=0
02:10:03.022 [qtp399373008-57] DEBUG org.eclipse.jetty.io.ManagedSelector - updates 0
02:10:03.022 [qtp399373008-57] DEBUG org.eclipse.jetty.io.ManagedSelector - Selector sun.nio.ch.EPollSelectorImpl@79e51817 waiting with 1 keys
02:10:03.022 [qtp399373008-60] DEBUG org.eclipse.jetty.util.thread.QueuedThreadPool - run Accept@383171f8[java.nio.channels.SocketChannel[connected local=/127.0.0.1:33277 remote=/127.0.0.1:47692]] in QueuedThreadPool[qtp399373008]@17cdf2d0{STARTED,8<=8<=200,i=2,r=-1,q=0}[ReservedThreadExecutor@424fd310{reserved=0/8,pending=0}]
02:10:03.022 [qtp399373008-60] DEBUG org.eclipse.jetty.io.IdleTimeout - SocketChannelEndPoint@4985b9d4{l=/127.0.0.1:33277,r=/127.0.0.1:47692,OPEN,fill=-,flush=-,to=0/30000}{io=0/0,kio=0,kro=0}-><null> idle timeout check, elapsed: 0 ms, remaining: 30000 ms
02:10:03.022 [qtp399373008-60] DEBUG org.eclipse.jetty.util.ssl.SslContextFactory - Customize sun.security.ssl.SSLEngineImpl@437dd2a4
02:10:03.022 [qtp399373008-60] DEBUG org.eclipse.jetty.server.HttpChannel - new HttpChannelOverHttp@67f54af{s=HttpChannelState@62d006ad{s=IDLE rs=BLOCKING os=OPEN is=IDLE awp=false se=false i=true al=0},r=0,c=false/false,a=IDLE,uri=null,age=0} -> DecryptedEndPoint@3733529d{l=/127.0.0.1:33277,r=/127.0.0.1:47692,OPEN,fill=-,flush=-,to=0/30000},null,HttpChannelState@62d006ad{s=IDLE rs=BLOCKING os=OPEN is=IDLE awp=false se=false i=true al=0}
02:10:03.023 [qtp399373008-60] DEBUG org.eclipse.jetty.server.HttpConnection - New HTTP Connection HttpConnection@1a765e2d::DecryptedEndPoint@3733529d{l=/127.0.0.1:33277,r=/127.0.0.1:47692,OPEN,fill=-,flush=-,to=0/30000}
02:10:03.023 [qtp399373008-60] DEBUG org.eclipse.jetty.io.ManagedSelector - Queued change lazy=true org.eclipse.jetty.io.ManagedSelector$$Lambda$258/615682846@6650abe0 on ManagedSelector@5733f295{STARTED} id=1 keys=1 selected=0 updates=0
02:10:03.023 [qtp399373008-60] DEBUG org.eclipse.jetty.io.AbstractEndPoint - onOpen SocketChannelEndPoint@4985b9d4{l=/127.0.0.1:33277,r=/127.0.0.1:47692,OPEN,fill=-,flush=-,to=0/30000}{io=0/0,kio=0,kro=0}->SslConnection@4d73ce9{NOT_HANDSHAKING,eio=-1/-1,di=-1,fill=IDLE,flush=IDLE}~>DecryptedEndPoint@3733529d{l=/127.0.0.1:33277,r=/127.0.0.1:47692,OPEN,fill=-,flush=-,to=0/30000}=>HttpConnection@1a765e2d[p=HttpParser{s=START,0 of -1},g=HttpGenerator@295d3154{s=START}]=>HttpChannelOverHttp@67f54af{s=HttpChannelState@62d006ad{s=IDLE rs=BLOCKING os=OPEN is=IDLE awp=false se=false i=true al=0},r=0,c=false/false,a=IDLE,uri=null,age=0}
02:10:03.023 [qtp399373008-60] DEBUG org.eclipse.jetty.io.AbstractConnection - onOpen SslConnection@4d73ce9::SocketChannelEndPoint@4985b9d4{l=/127.0.0.1:33277,r=/127.0.0.1:47692,OPEN,fill=-,flush=-,to=0/30000}{io=0/0,kio=0,kro=0}->SslConnection@4d73ce9{NOT_HANDSHAKING,eio=-1/-1,di=-1,fill=IDLE,flush=IDLE}~>DecryptedEndPoint@3733529d{l=/127.0.0.1:33277,r=/127.0.0.1:47692,OPEN,fill=-,flush=-,to=0/30000}=>HttpConnection@1a765e2d[p=HttpParser{s=START,0 of -1},g=HttpGenerator@295d3154{s=START}]=>HttpChannelOverHttp@67f54af{s=HttpChannelState@62d006ad{s=IDLE rs=BLOCKING os=OPEN is=IDLE awp=false se=false i=true al=0},r=0,c=false/false,a=IDLE,uri=null,age=0}
02:10:03.023 [qtp399373008-60] DEBUG org.eclipse.jetty.io.AbstractConnection - onOpen HttpConnection@1a765e2d::DecryptedEndPoint@3733529d{l=/127.0.0.1:33277,r=/127.0.0.1:47692,OPEN,fill=-,flush=-,to=0/30000}
02:10:03.023 [qtp399373008-60] DEBUG org.eclipse.jetty.io.AbstractConnection - fillInterested HttpConnection@1a765e2d::DecryptedEndPoint@3733529d{l=/127.0.0.1:33277,r=/127.0.0.1:47692,OPEN,fill=-,flush=-,to=0/30000}
02:10:03.023 [qtp399373008-60] DEBUG org.eclipse.jetty.io.FillInterest - interested FillInterest@1729564{AC.ReadCB@1a765e2d{HttpConnection@1a765e2d::DecryptedEndPoint@3733529d{l=/127.0.0.1:33277,r=/127.0.0.1:47692,OPEN,fill=FI,flush=-,to=0/30000}}}
02:10:03.023 [qtp399373008-60] DEBUG org.eclipse.jetty.io.ssl.SslConnection - >needFillInterest s=IDLE/IDLE uf=false ei=null di=null SslConnection@4d73ce9::SocketChannelEndPoint@4985b9d4{l=/127.0.0.1:33277,r=/127.0.0.1:47692,OPEN,fill=-,flush=-,to=0/30000}{io=0/0,kio=0,kro=0}->SslConnection@4d73ce9{NOT_HANDSHAKING,eio=-1/-1,di=-1,fill=IDLE,flush=IDLE}~>DecryptedEndPoint@3733529d{l=/127.0.0.1:33277,r=/127.0.0.1:47692,OPEN,fill=FI,flush=-,to=0/30000}=>HttpConnection@1a765e2d[p=HttpParser{s=START,0 of -1},g=HttpGenerator@295d3154{s=START}]=>HttpChannelOverHttp@67f54af{s=HttpChannelState@62d006ad{s=IDLE rs=BLOCKING os=OPEN is=IDLE awp=false se=false i=true al=0},r=0,c=false/false,a=IDLE,uri=null,age=0}
02:10:03.023 [qtp399373008-60] DEBUG org.eclipse.jetty.io.ssl.SslConnection - <needFillInterest s=IDLE/INTERESTED f=false i=true w=null
02:10:03.023 [qtp399373008-60] DEBUG org.eclipse.jetty.io.ssl.SslConnection - ensureFillInterested SslConnection@4d73ce9::SocketChannelEndPoint@4985b9d4{l=/127.0.0.1:33277,r=/127.0.0.1:47692,OPEN,fill=-,flush=-,to=1/30000}{io=0/0,kio=0,kro=0}->SslConnection@4d73ce9{NOT_HANDSHAKING,eio=-1/-1,di=-1,fill=INTERESTED,flush=IDLE}~>DecryptedEndPoint@3733529d{l=/127.0.0.1:33277,r=/127.0.0.1:47692,OPEN,fill=FI,flush=-,to=0/30000}=>HttpConnection@1a765e2d[p=HttpParser{s=START,0 of -1},g=HttpGenerator@295d3154{s=START}]=>HttpChannelOverHttp@67f54af{s=HttpChannelState@62d006ad{s=IDLE rs=BLOCKING os=OPEN is=IDLE awp=false se=false i=true al=0},r=0,c=false/false,a=IDLE,uri=null,age=0}
02:10:03.023 [qtp399373008-60] DEBUG org.eclipse.jetty.io.FillInterest - interested FillInterest@621e3101{SSLC.NBReadCB@4d73ce9{SslConnection@4d73ce9::SocketChannelEndPoint@4985b9d4{l=/127.0.0.1:33277,r=/127.0.0.1:47692,OPEN,fill=FI,flush=-,to=0/30000}{io=0/0,kio=0,kro=0}->SslConnection@4d73ce9{NOT_HANDSHAKING,eio=-1/-1,di=-1,fill=INTERESTED,flush=IDLE}~>DecryptedEndPoint@3733529d{l=/127.0.0.1:33277,r=/127.0.0.1:47692,OPEN,fill=FI,flush=-,to=0/30000}=>HttpConnection@1a765e2d[p=HttpParser{s=START,0 of -1},g=HttpGenerator@295d3154{s=START}]=>HttpChannelOverHttp@67f54af{s=HttpChannelState@62d006ad{s=IDLE rs=BLOCKING os=OPEN is=IDLE awp=false se=false i=true al=0},r=0,c=false/false,a=IDLE,uri=null,age=0}}}
02:10:03.023 [qtp399373008-60] DEBUG org.eclipse.jetty.io.ChannelEndPoint - changeInterests p=false 0->1 for SocketChannelEndPoint@4985b9d4{l=/127.0.0.1:33277,r=/127.0.0.1:47692,OPEN,fill=FI,flush=-,to=0/30000}{io=0/1,kio=0,kro=0}->SslConnection@4d73ce9{NOT_HANDSHAKING,eio=-1/-1,di=-1,fill=INTERESTED,flush=IDLE}~>DecryptedEndPoint@3733529d{l=/127.0.0.1:33277,r=/127.0.0.1:47692,OPEN,fill=FI,flush=-,to=0/30000}=>HttpConnection@1a765e2d[p=HttpParser{s=START,0 of -1},g=HttpGenerator@295d3154{s=START}]=>HttpChannelOverHttp@67f54af{s=HttpChannelState@62d006ad{s=IDLE rs=BLOCKING os=OPEN is=IDLE awp=false se=false i=true al=0},r=0,c=false/false,a=IDLE,uri=null,age=0}
02:10:03.023 [qtp399373008-60] DEBUG org.eclipse.jetty.io.ManagedSelector - Queued change lazy=false org.eclipse.jetty.io.ChannelEndPoint$$Lambda$255/1830220082@5f1379df on ManagedSelector@5733f295{STARTED} id=1 keys=1 selected=0 updates=1
02:10:03.023 [qtp399373008-60] DEBUG org.eclipse.jetty.io.ManagedSelector - Wakeup on submit ManagedSelector@5733f295{STARTED} id=1 keys=1 selected=0 updates=2
02:10:03.024 [qtp399373008-60] DEBUG org.eclipse.jetty.io.ManagedSelector - Created SocketChannelEndPoint@4985b9d4{l=/127.0.0.1:33277,r=/127.0.0.1:47692,OPEN,fill=FI,flush=-,to=0/30000}{io=0/1,kio=0,kro=0}->SslConnection@4d73ce9{NOT_HANDSHAKING,eio=-1/-1,di=-1,fill=INTERESTED,flush=IDLE}~>DecryptedEndPoint@3733529d{l=/127.0.0.1:33277,r=/127.0.0.1:47692,OPEN,fill=FI,flush=-,to=0/30000}=>HttpConnection@1a765e2d[p=HttpParser{s=START,0 of -1},g=HttpGenerator@295d3154{s=START}]=>HttpChannelOverHttp@67f54af{s=HttpChannelState@62d006ad{s=IDLE rs=BLOCKING os=OPEN is=IDLE awp=false se=false i=true al=0},r=0,c=false/false,a=IDLE,uri=null,age=0}
02:10:03.024 [qtp399373008-60] DEBUG org.eclipse.jetty.util.thread.QueuedThreadPool - ran Accept@383171f8[java.nio.channels.SocketChannel[connected local=/127.0.0.1:33277 remote=/127.0.0.1:47692]] in QueuedThreadPool[qtp399373008]@17cdf2d0{STARTED,8<=8<=200,i=2,r=-1,q=0}[ReservedThreadExecutor@424fd310{reserved=0/8,pending=0}]
02:10:03.024 [qtp399373008-57] DEBUG org.eclipse.jetty.io.ManagedSelector - Selector sun.nio.ch.EPollSelectorImpl@79e51817 woken with none selected
02:10:03.024 [qtp399373008-57] DEBUG org.eclipse.jetty.io.ManagedSelector - Selector sun.nio.ch.EPollSelectorImpl@79e51817 woken up from select, 0/0/1 selected
02:10:03.024 [qtp399373008-57] DEBUG org.eclipse.jetty.io.ManagedSelector - Selector sun.nio.ch.EPollSelectorImpl@79e51817 processing 0 keys, 2 updates
02:10:03.024 [qtp399373008-57] DEBUG org.eclipse.jetty.io.ManagedSelector - updateable 2
02:10:03.024 [qtp399373008-57] DEBUG org.eclipse.jetty.io.ManagedSelector - update org.eclipse.jetty.io.ManagedSelector$$Lambda$258/615682846@6650abe0
02:10:03.024 [qtp399373008-57] DEBUG org.eclipse.jetty.io.ManagedSelector - update org.eclipse.jetty.io.ChannelEndPoint$$Lambda$255/1830220082@5f1379df
02:10:03.024 [qtp399373008-57] DEBUG org.eclipse.jetty.io.ChannelEndPoint - Key interests updated 0 -> 1 on SocketChannelEndPoint@4985b9d4{l=/127.0.0.1:33277,r=/127.0.0.1:47692,OPEN,fill=FI,flush=-,to=0/30000}{io=1/1,kio=1,kro=0}->SslConnection@4d73ce9{NOT_HANDSHAKING,eio=-1/-1,di=-1,fill=INTERESTED,flush=IDLE}~>DecryptedEndPoint@3733529d{l=/127.0.0.1:33277,r=/127.0.0.1:47692,OPEN,fill=FI,flush=-,to=0/30000}=>HttpConnection@1a765e2d[p=HttpParser{s=START,0 of -1},g=HttpGenerator@295d3154{s=START}]=>HttpChannelOverHttp@67f54af{s=HttpChannelState@62d006ad{s=IDLE rs=BLOCKING os=OPEN is=IDLE awp=false se=false i=true al=0},r=0,c=false/false,a=IDLE,uri=null,age=0}
02:10:03.024 [qtp399373008-57] DEBUG org.eclipse.jetty.io.ManagedSelector - updates 0
02:10:03.024 [qtp399373008-57] DEBUG org.eclipse.jetty.io.ManagedSelector - Selector sun.nio.ch.EPollSelectorImpl@79e51817 waiting with 1 keys
02:10:03.024 [qtp399373008-57] DEBUG org.eclipse.jetty.io.ManagedSelector - Selector sun.nio.ch.EPollSelectorImpl@79e51817 woken up from select, 1/1/1 selected
02:10:03.024 [qtp399373008-57] DEBUG org.eclipse.jetty.io.ManagedSelector - Selector sun.nio.ch.EPollSelectorImpl@79e51817 processing 1 keys, 0 updates
02:10:03.025 [qtp399373008-57] DEBUG org.eclipse.jetty.io.ManagedSelector - selected 1 sun.nio.ch.SelectionKeyImpl@7722e95b SocketChannelEndPoint@4985b9d4{l=/127.0.0.1:33277,r=/127.0.0.1:47692,OPEN,fill=FI,flush=-,to=1/30000}{io=1/1,kio=1,kro=1}->SslConnection@4d73ce9{NOT_HANDSHAKING,eio=-1/-1,di=-1,fill=INTERESTED,flush=IDLE}~>DecryptedEndPoint@3733529d{l=/127.0.0.1:33277,r=/127.0.0.1:47692,OPEN,fill=FI,flush=-,to=1/30000}=>HttpConnection@1a765e2d[p=HttpParser{s=START,0 of -1},g=HttpGenerator@295d3154{s=START}]=>HttpChannelOverHttp@67f54af{s=HttpChannelState@62d006ad{s=IDLE rs=BLOCKING os=OPEN is=IDLE awp=false se=false i=true al=0},r=0,c=false/false,a=IDLE,uri=null,age=0} 
02:10:03.025 [qtp399373008-57] DEBUG org.eclipse.jetty.io.ChannelEndPoint - onSelected 1->0 r=true w=false for SocketChannelEndPoint@4985b9d4{l=/127.0.0.1:33277,r=/127.0.0.1:47692,OPEN,fill=FI,flush=-,to=1/30000}{io=1/0,kio=1,kro=1}->SslConnection@4d73ce9{NOT_HANDSHAKING,eio=-1/-1,di=-1,fill=INTERESTED,flush=IDLE}~>DecryptedEndPoint@3733529d{l=/127.0.0.1:33277,r=/127.0.0.1:47692,OPEN,fill=FI,flush=-,to=1/30000}=>HttpConnection@1a765e2d[p=HttpParser{s=START,0 of -1},g=HttpGenerator@295d3154{s=START}]=>HttpChannelOverHttp@67f54af{s=HttpChannelState@62d006ad{s=IDLE rs=BLOCKING os=OPEN is=IDLE awp=false se=false i=true al=0},r=0,c=false/false,a=IDLE,uri=null,age=0}
02:10:03.025 [qtp399373008-57] DEBUG org.eclipse.jetty.io.ChannelEndPoint - task CEP:SocketChannelEndPoint@4985b9d4{l=/127.0.0.1:33277,r=/127.0.0.1:47692,OPEN,fill=FI,flush=-,to=1/30000}{io=1/0,kio=1,kro=1}->SslConnection@4d73ce9{NOT_HANDSHAKING,eio=-1/-1,di=-1,fill=INTERESTED,flush=IDLE}~>DecryptedEndPoint@3733529d{l=/127.0.0.1:33277,r=/127.0.0.1:47692,OPEN,fill=FI,flush=-,to=1/30000}=>HttpConnection@1a765e2d[p=HttpParser{s=START,0 of -1},g=HttpGenerator@295d3154{s=START}]=>HttpChannelOverHttp@67f54af{s=HttpChannelState@62d006ad{s=IDLE rs=BLOCKING os=OPEN is=IDLE awp=false se=false i=true al=0},r=0,c=false/false,a=IDLE,uri=null,age=0}:runFillable:BLOCKING
02:10:03.025 [qtp399373008-57] DEBUG org.eclipse.jetty.util.thread.ReservedThreadExecutor - ReservedThreadExecutor@424fd310{reserved=0/8,pending=0} tryExecute EatWhatYouKill@b7838a9/SelectorProducer@696f0212/PRODUCING/p=false/QueuedThreadPool[qtp399373008]@17cdf2d0{STARTED,8<=8<=200,i=3,r=-1,q=0}[ReservedThreadExecutor@424fd310{reserved=0/8,pending=0}][pc=0,pic=0,pec=0,epc=0]@2024-05-02T02:10:03.025+01:00
02:10:03.025 [qtp399373008-57] DEBUG org.eclipse.jetty.util.thread.ReservedThreadExecutor - ReservedThreadExecutor@424fd310{reserved=0/8,pending=1} startReservedThread p=1
02:10:03.025 [qtp399373008-57] DEBUG org.eclipse.jetty.util.thread.QueuedThreadPool - queue ReservedThread@731d7367{PENDING,thread=null} startThread=0
02:10:03.025 [qtp399373008-61] DEBUG org.eclipse.jetty.util.thread.QueuedThreadPool - run ReservedThread@731d7367{PENDING,thread=null} in QueuedThreadPool[qtp399373008]@17cdf2d0{STARTED,8<=8<=200,i=2,r=-1,q=0}[ReservedThreadExecutor@424fd310{reserved=0/8,pending=1}]
02:10:03.025 [qtp399373008-61] DEBUG org.eclipse.jetty.util.thread.ReservedThreadExecutor - ReservedThread@731d7367{PENDING,thread=Thread[qtp399373008-61,5,main]} was=PENDING next=RESERVED size=0+1 capacity=8
02:10:03.025 [qtp399373008-61] DEBUG org.eclipse.jetty.util.thread.ReservedThreadExecutor - ReservedThread@731d7367{RESERVED,thread=Thread[qtp399373008-61,5,main]} waiting ReservedThreadExecutor@424fd310{reserved=1/8,pending=0}
02:10:03.025 [qtp399373008-57] DEBUG org.eclipse.jetty.util.thread.strategy.EatWhatYouKill - EatWhatYouKill@b7838a9/SelectorProducer@696f0212/PRODUCING/p=false/QueuedThreadPool[qtp399373008]@17cdf2d0{STARTED,8<=8<=200,i=2,r=-1,q=0}[ReservedThreadExecutor@424fd310{reserved=0/8,pending=1}][pc=0,pic=0,pec=0,epc=0]@2024-05-02T02:10:03.025+01:00 m=PRODUCE_EXECUTE_CONSUME t=CEP:SocketChannelEndPoint@4985b9d4{l=/127.0.0.1:33277,r=/127.0.0.1:47692,OPEN,fill=FI,flush=-,to=2/30000}{io=1/0,kio=1,kro=1}->SslConnection@4d73ce9{NOT_HANDSHAKING,eio=-1/-1,di=-1,fill=INTERESTED,flush=IDLE}~>DecryptedEndPoint@3733529d{l=/127.0.0.1:33277,r=/127.0.0.1:47692,OPEN,fill=FI,flush=-,to=2/30000}=>HttpConnection@1a765e2d[p=HttpParser{s=START,0 of -1},g=HttpGenerator@295d3154{s=START}]=>HttpChannelOverHttp@67f54af{s=HttpChannelState@62d006ad{s=IDLE rs=BLOCKING os=OPEN is=IDLE awp=false se=false i=true al=0},r=0,c=false/false,a=IDLE,uri=null,age=0}:runFillable:BLOCKING/BLOCKING
02:10:03.025 [qtp399373008-57] DEBUG org.eclipse.jetty.util.thread.QueuedThreadPool - queue CEP:SocketChannelEndPoint@4985b9d4{l=/127.0.0.1:33277,r=/127.0.0.1:47692,OPEN,fill=FI,flush=-,to=2/30000}{io=1/0,kio=1,kro=1}->SslConnection@4d73ce9{NOT_HANDSHAKING,eio=-1/-1,di=-1,fill=INTERESTED,flush=IDLE}~>DecryptedEndPoint@3733529d{l=/127.0.0.1:33277,r=/127.0.0.1:47692,OPEN,fill=FI,flush=-,to=2/30000}=>HttpConnection@1a765e2d[p=HttpParser{s=START,0 of -1},g=HttpGenerator@295d3154{s=START}]=>HttpChannelOverHttp@67f54af{s=HttpChannelState@62d006ad{s=IDLE rs=BLOCKING os=OPEN is=IDLE awp=false se=false i=true al=0},r=0,c=false/false,a=IDLE,uri=null,age=0}:runFillable:BLOCKING startThread=0
02:10:03.025 [qtp399373008-57] DEBUG org.eclipse.jetty.io.ManagedSelector - updateable 0
02:10:03.025 [qtp399373008-62] DEBUG org.eclipse.jetty.util.thread.QueuedThreadPool - run CEP:SocketChannelEndPoint@4985b9d4{l=/127.0.0.1:33277,r=/127.0.0.1:47692,OPEN,fill=FI,flush=-,to=2/30000}{io=1/0,kio=1,kro=1}->SslConnection@4d73ce9{NOT_HANDSHAKING,eio=-1/-1,di=-1,fill=INTERESTED,flush=IDLE}~>DecryptedEndPoint@3733529d{l=/127.0.0.1:33277,r=/127.0.0.1:47692,OPEN,fill=FI,flush=-,to=2/30000}=>HttpConnection@1a765e2d[p=HttpParser{s=START,0 of -1},g=HttpGenerator@295d3154{s=START}]=>HttpChannelOverHttp@67f54af{s=HttpChannelState@62d006ad{s=IDLE rs=BLOCKING os=OPEN is=IDLE awp=false se=false i=true al=0},r=0,c=false/false,a=IDLE,uri=null,age=0}:runFillable:BLOCKING in QueuedThreadPool[qtp399373008]@17cdf2d0{STARTED,8<=8<=200,i=1,r=-1,q=0}[ReservedThreadExecutor@424fd310{reserved=1/8,pending=0}]
02:10:03.025 [qtp399373008-57] DEBUG org.eclipse.jetty.io.ManagedSelector - updates 0
02:10:03.026 [qtp399373008-62] DEBUG org.eclipse.jetty.io.FillInterest - fillable FillInterest@621e3101{SSLC.NBReadCB@4d73ce9{SslConnection@4d73ce9::SocketChannelEndPoint@4985b9d4{l=/127.0.0.1:33277,r=/127.0.0.1:47692,OPEN,fill=FI,flush=-,to=2/30000}{io=0/0,kio=0,kro=1}->SslConnection@4d73ce9{NOT_HANDSHAKING,eio=-1/-1,di=-1,fill=INTERESTED,flush=IDLE}~>DecryptedEndPoint@3733529d{l=/127.0.0.1:33277,r=/127.0.0.1:47692,OPEN,fill=FI,flush=-,to=2/30000}=>HttpConnection@1a765e2d[p=HttpParser{s=START,0 of -1},g=HttpGenerator@295d3154{s=START}]=>HttpChannelOverHttp@67f54af{s=HttpChannelState@62d006ad{s=IDLE rs=BLOCKING os=OPEN is=IDLE awp=false se=false i=true al=0},r=0,c=false/false,a=IDLE,uri=null,age=0}}}
02:10:03.026 [qtp399373008-57] DEBUG org.eclipse.jetty.io.ChannelEndPoint - Key interests updated 1 -> 0 on SocketChannelEndPoint@4985b9d4{l=/127.0.0.1:33277,r=/127.0.0.1:47692,OPEN,fill=FI,flush=-,to=2/30000}{io=0/0,kio=0,kro=1}->SslConnection@4d73ce9{NOT_HANDSHAKING,eio=-1/-1,di=-1,fill=INTERESTED,flush=IDLE}~>DecryptedEndPoint@3733529d{l=/127.0.0.1:33277,r=/127.0.0.1:47692,OPEN,fill=FI,flush=-,to=2/30000}=>HttpConnection@1a765e2d[p=HttpParser{s=START,0 of -1},g=HttpGenerator@295d3154{s=START}]=>HttpChannelOverHttp@67f54af{s=HttpChannelState@62d006ad{s=IDLE rs=BLOCKING os=OPEN is=IDLE awp=false se=false i=true al=0},r=0,c=false/false,a=IDLE,uri=null,age=0}
02:10:03.026 [qtp399373008-57] DEBUG org.eclipse.jetty.io.ManagedSelector - Selector sun.nio.ch.EPollSelectorImpl@79e51817 waiting with 1 keys
02:10:03.026 [qtp399373008-62] DEBUG org.eclipse.jetty.io.ssl.SslConnection - >c.onFillable SslConnection@4d73ce9::SocketChannelEndPoint@4985b9d4{l=/127.0.0.1:33277,r=/127.0.0.1:47692,OPEN,fill=-,flush=-,to=2/30000}{io=0/0,kio=0,kro=1}->SslConnection@4d73ce9{NOT_HANDSHAKING,eio=-1/-1,di=-1,fill=INTERESTED,flush=IDLE}~>DecryptedEndPoint@3733529d{l=/127.0.0.1:33277,r=/127.0.0.1:47692,OPEN,fill=FI,flush=-,to=2/30000}=>HttpConnection@1a765e2d[p=HttpParser{s=START,0 of -1},g=HttpGenerator@295d3154{s=START}]=>HttpChannelOverHttp@67f54af{s=HttpChannelState@62d006ad{s=IDLE rs=BLOCKING os=OPEN is=IDLE awp=false se=false i=true al=0},r=0,c=false/false,a=IDLE,uri=null,age=0}
02:10:03.026 [qtp399373008-62] DEBUG org.eclipse.jetty.io.ssl.SslConnection - onFillable SslConnection@4d73ce9::SocketChannelEndPoint@4985b9d4{l=/127.0.0.1:33277,r=/127.0.0.1:47692,OPEN,fill=-,flush=-,to=2/30000}{io=0/0,kio=0,kro=1}->SslConnection@4d73ce9{NOT_HANDSHAKING,eio=-1/-1,di=-1,fill=INTERESTED,flush=IDLE}~>DecryptedEndPoint@3733529d{l=/127.0.0.1:33277,r=/127.0.0.1:47692,OPEN,fill=FI,flush=-,to=2/30000}=>HttpConnection@1a765e2d[p=HttpParser{s=START,0 of -1},g=HttpGenerator@295d3154{s=START}]=>HttpChannelOverHttp@67f54af{s=HttpChannelState@62d006ad{s=IDLE rs=BLOCKING os=OPEN is=IDLE awp=false se=false i=true al=0},r=0,c=false/false,a=IDLE,uri=null,age=0}
02:10:03.026 [qtp399373008-62] DEBUG org.eclipse.jetty.io.FillInterest - fillable FillInterest@1729564{AC.ReadCB@1a765e2d{HttpConnection@1a765e2d::DecryptedEndPoint@3733529d{l=/127.0.0.1:33277,r=/127.0.0.1:47692,OPEN,fill=FI,flush=-,to=2/30000}}}
02:10:03.026 [qtp399373008-62] DEBUG org.eclipse.jetty.server.HttpConnection - HttpConnection@1a765e2d::DecryptedEndPoint@3733529d{l=/127.0.0.1:33277,r=/127.0.0.1:47692,OPEN,fill=-,flush=-,to=2/30000} onFillable enter HttpChannelState@62d006ad{s=IDLE rs=BLOCKING os=OPEN is=IDLE awp=false se=false i=true al=0} null
02:10:03.026 [qtp399373008-62] DEBUG org.eclipse.jetty.io.ssl.SslConnection - >fill SslConnection@4d73ce9::SocketChannelEndPoint@4985b9d4{l=/127.0.0.1:33277,r=/127.0.0.1:47692,OPEN,fill=-,flush=-,to=2/30000}{io=0/0,kio=0,kro=1}->SslConnection@4d73ce9{NOT_HANDSHAKING,eio=-1/-1,di=-1,fill=IDLE,flush=IDLE}~>DecryptedEndPoint@3733529d{l=/127.0.0.1:33277,r=/127.0.0.1:47692,OPEN,fill=-,flush=-,to=3/30000}=>HttpConnection@1a765e2d[p=HttpParser{s=START,0 of -1},g=HttpGenerator@295d3154{s=START}]=>HttpChannelOverHttp@67f54af{s=HttpChannelState@62d006ad{s=IDLE rs=BLOCKING os=OPEN is=IDLE awp=false se=false i=true al=0},r=0,c=false/false,a=IDLE,uri=null,age=0}
02:10:03.026 [qtp399373008-62] DEBUG org.eclipse.jetty.io.ssl.SslConnection - fill NOT_HANDSHAKING
02:10:03.026 [qtp399373008-62] DEBUG org.eclipse.jetty.io.ChannelEndPoint - filled 339 HeapByteBuffer@ecff91a[p=0,l=339,c=17408,r=339]={<<<\x16\x03\x03\x01N\x01\x00\x01J\x03\x03&\x84\x81\x08\xB6MO \xD9\xF39\x92\xBd?...F\x9d\x7f\xEa\xF0p(\x10\xC8\xFa\xE0\xE7\xDd\x038]\x9e\x94\xFf\x01\x00\x01\x00>>>\x00\x00\x00\x00\x00\x00\x00\x00\x00...\x00\x00\x00\x00\x00\x00\x00}
02:10:03.026 [qtp399373008-62] DEBUG org.eclipse.jetty.io.ssl.SslConnection - net filled=339
02:10:03.026 [qtp399373008-62] DEBUG org.eclipse.jetty.io.ssl.SslConnection - fill starting handshake SslConnection@4d73ce9::SocketChannelEndPoint@4985b9d4{l=/127.0.0.1:33277,r=/127.0.0.1:47692,OPEN,fill=-,flush=-,to=0/30000}{io=0/0,kio=0,kro=1}->SslConnection@4d73ce9{NOT_HANDSHAKING,eio=339/-1,di=-1,fill=IDLE,flush=IDLE}~>DecryptedEndPoint@3733529d{l=/127.0.0.1:33277,r=/127.0.0.1:47692,OPEN,fill=-,flush=-,to=3/30000}=>HttpConnection@1a765e2d[p=HttpParser{s=START,0 of -1},g=HttpGenerator@295d3154{s=START}]=>HttpChannelOverHttp@67f54af{s=HttpChannelState@62d006ad{s=IDLE rs=BLOCKING os=OPEN is=IDLE awp=false se=false i=true al=0},r=0,c=false/false,a=IDLE,uri=null,age=0}
02:10:03.027 [qtp399373008-62] DEBUG org.eclipse.jetty.io.ssl.SslConnection - unwrap net_filled=339 Status = OK HandshakeStatus = NEED_TASK bytesConsumed = 339 bytesProduced = 0 encryptedBuffer=[p=339,l=339,c=17408,r=0] unwrapBuffer=HeapByteBuffer@816b3[p=0,l=0,c=17408,r=0]={<<<>>>\x00\x00\x00\x00\x00\x00\x00\x00\x00...\x00\x00\x00\x00\x00\x00\x00} appBuffer=HeapByteBuffer@816b3[p=0,l=0,c=17408,r=0]={<<<>>>\x00\x00\x00\x00\x00\x00\x00\x00\x00...\x00\x00\x00\x00\x00\x00\x00}
02:10:03.027 [qtp399373008-62] DEBUG org.eclipse.jetty.io.ssl.SslConnection - fill NEED_TASK
02:10:03.047 [qtp399373008-62] DEBUG org.eclipse.jetty.io.ssl.SslConnection - fill NEED_WRAP
02:10:03.047 [qtp399373008-62] DEBUG org.eclipse.jetty.io.ssl.SslConnection - >flush SslConnection@4d73ce9::SocketChannelEndPoint@4985b9d4{l=/127.0.0.1:33277,r=/127.0.0.1:47692,OPEN,fill=-,flush=-,to=21/30000}{io=0/0,kio=0,kro=1}->SslConnection@4d73ce9{NEED_WRAP,eio=0/-1,di=-1,fill=IDLE,flush=IDLE}~>DecryptedEndPoint@3733529d{l=/127.0.0.1:33277,r=/127.0.0.1:47692,OPEN,fill=-,flush=-,to=24/30000}=>HttpConnection@1a765e2d[p=HttpParser{s=START,0 of -1},g=HttpGenerator@295d3154{s=START}]=>HttpChannelOverHttp@67f54af{s=HttpChannelState@62d006ad{s=IDLE rs=BLOCKING os=OPEN is=IDLE awp=false se=false i=true al=0},r=0,c=false/false,a=IDLE,uri=null,age=0}
02:10:03.047 [qtp399373008-62] DEBUG org.eclipse.jetty.io.ssl.SslConnection - flush b[0]=HeapByteBuffer@58b1a525[p=0,l=0,c=0,r=0]={<<<>>>}
02:10:03.047 [qtp399373008-62] DEBUG org.eclipse.jetty.io.ssl.SslConnection - flush NEED_WRAP
02:10:03.048 [qtp399373008-62] DEBUG org.eclipse.jetty.io.ssl.SslConnection - wrap Status = OK HandshakeStatus = NEED_WRAP bytesConsumed = 0 bytesProduced = 160 [p=0,l=160,c=17408,r=160] ioDone=false/false
02:10:03.048 [qtp399373008-62] DEBUG org.eclipse.jetty.io.ChannelEndPoint - flushed 160 SocketChannelEndPoint@4985b9d4{l=/127.0.0.1:33277,r=/127.0.0.1:47692,OPEN,fill=-,flush=-,to=21/30000}{io=0/0,kio=0,kro=1}->SslConnection@4d73ce9{NEED_WRAP,eio=0/0,di=-1,fill=IDLE,flush=IDLE}~>DecryptedEndPoint@3733529d{l=/127.0.0.1:33277,r=/127.0.0.1:47692,OPEN,fill=-,flush=-,to=24/30000}=>HttpConnection@1a765e2d[p=HttpParser{s=START,0 of -1},g=HttpGenerator@295d3154{s=START}]=>HttpChannelOverHttp@67f54af{s=HttpChannelState@62d006ad{s=IDLE rs=BLOCKING os=OPEN is=IDLE awp=false se=false i=true al=0},r=0,c=false/false,a=IDLE,uri=null,age=0}
02:10:03.048 [qtp399373008-62] DEBUG org.eclipse.jetty.io.ssl.SslConnection - net flushed=true, ac=true
02:10:03.048 [qtp399373008-62] DEBUG org.eclipse.jetty.io.ssl.SslConnection - flush NEED_WRAP
02:10:03.048 [qtp399373008-62] DEBUG org.eclipse.jetty.io.ssl.SslConnection - wrap Status = OK HandshakeStatus = NEED_WRAP bytesConsumed = 0 bytesProduced = 6 [p=0,l=6,c=17408,r=6] ioDone=false/false
02:10:03.048 [qtp399373008-62] DEBUG org.eclipse.jetty.io.ChannelEndPoint - flushed 6 SocketChannelEndPoint@4985b9d4{l=/127.0.0.1:33277,r=/127.0.0.1:47692,OPEN,fill=-,flush=-,to=0/30000}{io=0/0,kio=0,kro=1}->SslConnection@4d73ce9{NEED_WRAP,eio=0/0,di=-1,fill=IDLE,flush=IDLE}~>DecryptedEndPoint@3733529d{l=/127.0.0.1:33277,r=/127.0.0.1:47692,OPEN,fill=-,flush=-,to=25/30000}=>HttpConnection@1a765e2d[p=HttpParser{s=START,0 of -1},g=HttpGenerator@295d3154{s=START}]=>HttpChannelOverHttp@67f54af{s=HttpChannelState@62d006ad{s=IDLE rs=BLOCKING os=OPEN is=IDLE awp=false se=false i=true al=0},r=0,c=false/false,a=IDLE,uri=null,age=0}
02:10:03.048 [qtp399373008-62] DEBUG org.eclipse.jetty.io.ssl.SslConnection - net flushed=true, ac=true
02:10:03.048 [qtp399373008-62] DEBUG org.eclipse.jetty.io.ssl.SslConnection - flush NEED_WRAP
02:10:03.049 [qtp399373008-62] DEBUG org.eclipse.jetty.io.ssl.SslConnection - wrap Status = OK HandshakeStatus = NEED_UNWRAP bytesConsumed = 0 bytesProduced = 1597 [p=0,l=1597,c=17408,r=1597] ioDone=false/false
02:10:03.049 [qtp399373008-62] DEBUG org.eclipse.jetty.io.ChannelEndPoint - flushed 1597 SocketChannelEndPoint@4985b9d4{l=/127.0.0.1:33277,r=/127.0.0.1:47692,OPEN,fill=-,flush=-,to=0/30000}{io=0/0,kio=0,kro=1}->SslConnection@4d73ce9{NEED_UNWRAP,eio=0/0,di=-1,fill=IDLE,flush=IDLE}~>DecryptedEndPoint@3733529d{l=/127.0.0.1:33277,r=/127.0.0.1:47692,OPEN,fill=-,flush=-,to=25/30000}=>HttpConnection@1a765e2d[p=HttpParser{s=START,0 of -1},g=HttpGenerator@295d3154{s=START}]=>HttpChannelOverHttp@67f54af{s=HttpChannelState@62d006ad{s=IDLE rs=BLOCKING os=OPEN is=IDLE awp=false se=false i=true al=0},r=0,c=false/false,a=IDLE,uri=null,age=0}
02:10:03.049 [qtp399373008-62] DEBUG org.eclipse.jetty.io.ssl.SslConnection - net flushed=true, ac=true
02:10:03.049 [qtp399373008-62] DEBUG org.eclipse.jetty.io.ssl.SslConnection - <flush true SslConnection@4d73ce9::SocketChannelEndPoint@4985b9d4{l=/127.0.0.1:33277,r=/127.0.0.1:47692,OPEN,fill=-,flush=-,to=0/30000}{io=0/0,kio=0,kro=1}->SslConnection@4d73ce9{NEED_UNWRAP,eio=0/-1,di=-1,fill=IDLE,flush=IDLE}~>DecryptedEndPoint@3733529d{l=/127.0.0.1:33277,r=/127.0.0.1:47692,OPEN,fill=-,flush=-,to=25/30000}=>HttpConnection@1a765e2d[p=HttpParser{s=START,0 of -1},g=HttpGenerator@295d3154{s=START}]=>HttpChannelOverHttp@67f54af{s=HttpChannelState@62d006ad{s=IDLE rs=BLOCKING os=OPEN is=IDLE awp=false se=false i=true al=0},r=0,c=false/false,a=IDLE,uri=null,age=0}
02:10:03.049 [qtp399373008-62] DEBUG org.eclipse.jetty.io.ssl.SslConnection - fill NEED_UNWRAP
02:10:03.049 [qtp399373008-62] DEBUG org.eclipse.jetty.io.ChannelEndPoint - filled 0 HeapByteBuffer@ecff91a[p=0,l=0,c=17408,r=0]={<<<>>>\x16\x03\x03\x01N\x01\x00\x01J...\x00\x00\x00\x00\x00\x00\x00}
02:10:03.049 [qtp399373008-62] DEBUG org.eclipse.jetty.io.ssl.SslConnection - net filled=0
02:10:03.049 [qtp399373008-62] DEBUG org.eclipse.jetty.io.ssl.SslConnection - unwrap net_filled=0 Status = BUFFER_UNDERFLOW HandshakeStatus = NEED_UNWRAP bytesConsumed = 0 bytesProduced = 0 encryptedBuffer=[p=0,l=0,c=17408,r=0] unwrapBuffer=HeapByteBuffer@816b3[p=0,l=0,c=17408,r=0]={<<<>>>\x00\x00\x00\x00\x00\x00\x00\x00\x00...\x00\x00\x00\x00\x00\x00\x00} appBuffer=HeapByteBuffer@816b3[p=0,l=0,c=17408,r=0]={<<<>>>\x00\x00\x00\x00\x00\x00\x00\x00\x00...\x00\x00\x00\x00\x00\x00\x00}
02:10:03.049 [qtp399373008-62] DEBUG org.eclipse.jetty.io.ssl.SslConnection - <fill f=0 uf=true SslConnection@4d73ce9::SocketChannelEndPoint@4985b9d4{l=/127.0.0.1:33277,r=/127.0.0.1:47692,OPEN,fill=-,flush=-,to=0/30000}{io=0/0,kio=0,kro=1}->SslConnection@4d73ce9{NEED_UNWRAP,eio=-1/-1,di=-1,fill=IDLE,flush=IDLE}~>DecryptedEndPoint@3733529d{l=/127.0.0.1:33277,r=/127.0.0.1:47692,OPEN,fill=-,flush=-,to=26/30000}=>HttpConnection@1a765e2d[p=HttpParser{s=START,0 of -1},g=HttpGenerator@295d3154{s=START}]=>HttpChannelOverHttp@67f54af{s=HttpChannelState@62d006ad{s=IDLE rs=BLOCKING os=OPEN is=IDLE awp=false se=false i=true al=0},r=0,c=false/false,a=IDLE,uri=null,age=0}
02:10:03.049 [qtp399373008-62] DEBUG org.eclipse.jetty.io.ssl.SslConnection - >fill SslConnection@4d73ce9::SocketChannelEndPoint@4985b9d4{l=/127.0.0.1:33277,r=/127.0.0.1:47692,OPEN,fill=-,flush=-,to=0/30000}{io=0/0,kio=0,kro=1}->SslConnection@4d73ce9{NEED_UNWRAP,eio=-1/-1,di=-1,fill=IDLE,flush=IDLE}~>DecryptedEndPoint@3733529d{l=/127.0.0.1:33277,r=/127.0.0.1:47692,OPEN,fill=-,flush=-,to=26/30000}=>HttpConnection@1a765e2d[p=HttpParser{s=START,0 of -1},g=HttpGenerator@295d3154{s=START}]=>HttpChannelOverHttp@67f54af{s=HttpChannelState@62d006ad{s=IDLE rs=BLOCKING os=OPEN is=IDLE awp=false se=false i=true al=0},r=0,c=false/false,a=IDLE,uri=null,age=0}
02:10:03.049 [qtp399373008-62] DEBUG org.eclipse.jetty.io.ssl.SslConnection - fill NEED_UNWRAP
02:10:03.049 [qtp399373008-62] DEBUG org.eclipse.jetty.io.ChannelEndPoint - filled 0 HeapByteBuffer@30c33a9d[p=0,l=0,c=17408,r=0]={<<<>>>\x17\x03\x03\x068\x8b\x15\x8dh...\x00\x00\x00\x00\x00\x00\x00}
02:10:03.049 [qtp399373008-62] DEBUG org.eclipse.jetty.io.ssl.SslConnection - net filled=0
02:10:03.049 [qtp399373008-62] DEBUG org.eclipse.jetty.io.ssl.SslConnection - unwrap net_filled=0 Status = BUFFER_UNDERFLOW HandshakeStatus = NEED_UNWRAP bytesConsumed = 0 bytesProduced = 0 encryptedBuffer=[p=0,l=0,c=17408,r=0] unwrapBuffer=HeapByteBuffer@816b3[p=0,l=0,c=17408,r=0]={<<<>>>\x00\x00\x00\x00\x00\x00\x00\x00\x00...\x00\x00\x00\x00\x00\x00\x00} appBuffer=HeapByteBuffer@816b3[p=0,l=0,c=17408,r=0]={<<<>>>\x00\x00\x00\x00\x00\x00\x00\x00\x00...\x00\x00\x00\x00\x00\x00\x00}
02:10:03.049 [qtp399373008-62] DEBUG org.eclipse.jetty.io.ssl.SslConnection - <fill f=0 uf=true SslConnection@4d73ce9::SocketChannelEndPoint@4985b9d4{l=/127.0.0.1:33277,r=/127.0.0.1:47692,OPEN,fill=-,flush=-,to=0/30000}{io=0/0,kio=0,kro=1}->SslConnection@4d73ce9{NEED_UNWRAP,eio=-1/-1,di=-1,fill=IDLE,flush=IDLE}~>DecryptedEndPoint@3733529d{l=/127.0.0.1:33277,r=/127.0.0.1:47692,OPEN,fill=-,flush=-,to=26/30000}=>HttpConnection@1a765e2d[p=HttpParser{s=START,0 of -1},g=HttpGenerator@295d3154{s=START}]=>HttpChannelOverHttp@67f54af{s=HttpChannelState@62d006ad{s=IDLE rs=BLOCKING os=OPEN is=IDLE awp=false se=false i=true al=0},r=0,c=false/false,a=IDLE,uri=null,age=0}
02:10:03.050 [qtp399373008-62] DEBUG org.eclipse.jetty.server.HttpConnection - HttpConnection@1a765e2d::DecryptedEndPoint@3733529d{l=/127.0.0.1:33277,r=/127.0.0.1:47692,OPEN,fill=-,flush=-,to=26/30000} filled 0 HeapByteBuffer@816b3[p=0,l=0,c=17408,r=0]={<<<>>>\x00\x00\x00\x00\x00\x00\x00\x00\x00...\x00\x00\x00\x00\x00\x00\x00}
02:10:03.050 [qtp399373008-62] DEBUG org.eclipse.jetty.server.HttpConnection - HttpConnection@1a765e2d::DecryptedEndPoint@3733529d{l=/127.0.0.1:33277,r=/127.0.0.1:47692,OPEN,fill=-,flush=-,to=26/30000} parse HeapByteBuffer@816b3[p=0,l=0,c=17408,r=0]={<<<>>>\x00\x00\x00\x00\x00\x00\x00\x00\x00...\x00\x00\x00\x00\x00\x00\x00} {}
02:10:03.050 [qtp399373008-62] DEBUG org.eclipse.jetty.http.HttpParser - parseNext s=START HeapByteBuffer@816b3[p=0,l=0,c=17408,r=0]={<<<>>>\x00\x00\x00\x00\x00\x00\x00\x00\x00...\x00\x00\x00\x00\x00\x00\x00}
02:10:03.050 [qtp399373008-62] DEBUG org.eclipse.jetty.server.HttpConnection - HttpConnection@1a765e2d::DecryptedEndPoint@3733529d{l=/127.0.0.1:33277,r=/127.0.0.1:47692,OPEN,fill=-,flush=-,to=26/30000} parsed false HttpParser{s=START,0 of -1}
02:10:03.050 [qtp399373008-62] DEBUG org.eclipse.jetty.server.HttpConnection - releaseRequestBuffer HttpConnection@1a765e2d::DecryptedEndPoint@3733529d{l=/127.0.0.1:33277,r=/127.0.0.1:47692,OPEN,fill=-,flush=-,to=26/30000}
02:10:03.050 [qtp399373008-62] DEBUG org.eclipse.jetty.io.AbstractConnection - fillInterested HttpConnection@1a765e2d::DecryptedEndPoint@3733529d{l=/127.0.0.1:33277,r=/127.0.0.1:47692,OPEN,fill=-,flush=-,to=26/30000}
02:10:03.050 [qtp399373008-62] DEBUG org.eclipse.jetty.io.FillInterest - interested FillInterest@1729564{AC.ReadCB@1a765e2d{HttpConnection@1a765e2d::DecryptedEndPoint@3733529d{l=/127.0.0.1:33277,r=/127.0.0.1:47692,OPEN,fill=FI,flush=-,to=0/30000}}}
02:10:03.050 [qtp399373008-62] DEBUG org.eclipse.jetty.io.ssl.SslConnection - >needFillInterest s=IDLE/IDLE uf=true ei=null di=null SslConnection@4d73ce9::SocketChannelEndPoint@4985b9d4{l=/127.0.0.1:33277,r=/127.0.0.1:47692,OPEN,fill=-,flush=-,to=0/30000}{io=0/0,kio=0,kro=1}->SslConnection@4d73ce9{NEED_UNWRAP,eio=-1/-1,di=-1,fill=IDLE,flush=IDLE}~>DecryptedEndPoint@3733529d{l=/127.0.0.1:33277,r=/127.0.0.1:47692,OPEN,fill=FI,flush=-,to=0/30000}=>HttpConnection@1a765e2d[p=HttpParser{s=START,0 of -1},g=HttpGenerator@295d3154{s=START}]=>HttpChannelOverHttp@67f54af{s=HttpChannelState@62d006ad{s=IDLE rs=BLOCKING os=OPEN is=IDLE awp=false se=false i=true al=0},r=0,c=false/false,a=IDLE,uri=null,age=0}
02:10:03.050 [qtp399373008-62] DEBUG org.eclipse.jetty.io.ssl.SslConnection - <needFillInterest s=IDLE/INTERESTED f=false i=true w=null
02:10:03.050 [qtp399373008-62] DEBUG org.eclipse.jetty.io.ssl.SslConnection - ensureFillInterested SslConnection@4d73ce9::SocketChannelEndPoint@4985b9d4{l=/127.0.0.1:33277,r=/127.0.0.1:47692,OPEN,fill=-,flush=-,to=1/30000}{io=0/0,kio=0,kro=1}->SslConnection@4d73ce9{NEED_UNWRAP,eio=-1/-1,di=-1,fill=INTERESTED,flush=IDLE}~>DecryptedEndPoint@3733529d{l=/127.0.0.1:33277,r=/127.0.0.1:47692,OPEN,fill=FI,flush=-,to=0/30000}=>HttpConnection@1a765e2d[p=HttpParser{s=START,0 of -1},g=HttpGenerator@295d3154{s=START}]=>HttpChannelOverHttp@67f54af{s=HttpChannelState@62d006ad{s=IDLE rs=BLOCKING os=OPEN is=IDLE awp=false se=false i=true al=0},r=0,c=false/false,a=IDLE,uri=null,age=0}
02:10:03.050 [qtp399373008-62] DEBUG org.eclipse.jetty.io.FillInterest - interested FillInterest@621e3101{SSLC.NBReadCB@4d73ce9{SslConnection@4d73ce9::SocketChannelEndPoint@4985b9d4{l=/127.0.0.1:33277,r=/127.0.0.1:47692,OPEN,fill=FI,flush=-,to=0/30000}{io=0/0,kio=0,kro=1}->SslConnection@4d73ce9{NEED_UNWRAP,eio=-1/-1,di=-1,fill=INTERESTED,flush=IDLE}~>DecryptedEndPoint@3733529d{l=/127.0.0.1:33277,r=/127.0.0.1:47692,OPEN,fill=FI,flush=-,to=0/30000}=>HttpConnection@1a765e2d[p=HttpParser{s=START,0 of -1},g=HttpGenerator@295d3154{s=START}]=>HttpChannelOverHttp@67f54af{s=HttpChannelState@62d006ad{s=IDLE rs=BLOCKING os=OPEN is=IDLE awp=false se=false i=true al=0},r=0,c=false/false,a=IDLE,uri=null,age=0}}}
02:10:03.050 [qtp399373008-62] DEBUG org.eclipse.jetty.io.ChannelEndPoint - changeInterests p=false 0->1 for SocketChannelEndPoint@4985b9d4{l=/127.0.0.1:33277,r=/127.0.0.1:47692,OPEN,fill=FI,flush=-,to=0/30000}{io=0/1,kio=0,kro=1}->SslConnection@4d73ce9{NEED_UNWRAP,eio=-1/-1,di=-1,fill=INTERESTED,flush=IDLE}~>DecryptedEndPoint@3733529d{l=/127.0.0.1:33277,r=/127.0.0.1:47692,OPEN,fill=FI,flush=-,to=0/30000}=>HttpConnection@1a765e2d[p=HttpParser{s=START,0 of -1},g=HttpGenerator@295d3154{s=START}]=>HttpChannelOverHttp@67f54af{s=HttpChannelState@62d006ad{s=IDLE rs=BLOCKING os=OPEN is=IDLE awp=false se=false i=true al=0},r=0,c=false/false,a=IDLE,uri=null,age=0}
02:10:03.050 [qtp399373008-62] DEBUG org.eclipse.jetty.io.ManagedSelector - Queued change lazy=false org.eclipse.jetty.io.ChannelEndPoint$$Lambda$255/1830220082@5f1379df on ManagedSelector@5733f295{STARTED} id=1 keys=1 selected=0 updates=0
02:10:03.050 [qtp399373008-62] DEBUG org.eclipse.jetty.io.ManagedSelector - Wakeup on submit ManagedSelector@5733f295{STARTED} id=1 keys=1 selected=0 updates=1
02:10:03.050 [qtp399373008-62] DEBUG org.eclipse.jetty.server.HttpConnection - HttpConnection@1a765e2d::DecryptedEndPoint@3733529d{l=/127.0.0.1:33277,r=/127.0.0.1:47692,OPEN,fill=FI,flush=-,to=0/30000} onFillable exit HttpChannelState@62d006ad{s=IDLE rs=BLOCKING os=OPEN is=IDLE awp=false se=false i=true al=0} null
02:10:03.050 [qtp399373008-57] DEBUG org.eclipse.jetty.io.ManagedSelector - Selector sun.nio.ch.EPollSelectorImpl@79e51817 woken with none selected
02:10:03.050 [qtp399373008-57] DEBUG org.eclipse.jetty.io.ManagedSelector - Selector sun.nio.ch.EPollSelectorImpl@79e51817 woken up from select, 0/0/1 selected
02:10:03.050 [qtp399373008-57] DEBUG org.eclipse.jetty.io.ManagedSelector - Selector sun.nio.ch.EPollSelectorImpl@79e51817 processing 0 keys, 1 updates
02:10:03.050 [qtp399373008-57] DEBUG org.eclipse.jetty.io.ManagedSelector - updateable 1
02:10:03.050 [qtp399373008-57] DEBUG org.eclipse.jetty.io.ManagedSelector - update org.eclipse.jetty.io.ChannelEndPoint$$Lambda$255/1830220082@5f1379df
02:10:03.050 [qtp399373008-62] DEBUG org.eclipse.jetty.io.ssl.SslConnection - <c.onFillable SslConnection@4d73ce9::SocketChannelEndPoint@4985b9d4{l=/127.0.0.1:33277,r=/127.0.0.1:47692,OPEN,fill=FI,flush=-,to=0/30000}{io=0/1,kio=0,kro=1}->SslConnection@4d73ce9{NEED_UNWRAP,eio=-1/-1,di=-1,fill=INTERESTED,flush=IDLE}~>DecryptedEndPoint@3733529d{l=/127.0.0.1:33277,r=/127.0.0.1:47692,OPEN,fill=FI,flush=-,to=0/30000}=>HttpConnection@1a765e2d[p=HttpParser{s=START,0 of -1},g=HttpGenerator@295d3154{s=START}]=>HttpChannelOverHttp@67f54af{s=HttpChannelState@62d006ad{s=IDLE rs=BLOCKING os=OPEN is=IDLE awp=false se=false i=true al=0},r=0,c=false/false,a=IDLE,uri=null,age=0}
02:10:03.051 [qtp399373008-57] DEBUG org.eclipse.jetty.io.ChannelEndPoint - Key interests updated 0 -> 1 on SocketChannelEndPoint@4985b9d4{l=/127.0.0.1:33277,r=/127.0.0.1:47692,OPEN,fill=FI,flush=-,to=0/30000}{io=1/1,kio=1,kro=1}->SslConnection@4d73ce9{NEED_UNWRAP,eio=-1/-1,di=-1,fill=INTERESTED,flush=IDLE}~>DecryptedEndPoint@3733529d{l=/127.0.0.1:33277,r=/127.0.0.1:47692,OPEN,fill=FI,flush=-,to=0/30000}=>HttpConnection@1a765e2d[p=HttpParser{s=START,0 of -1},g=HttpGenerator@295d3154{s=START}]=>HttpChannelOverHttp@67f54af{s=HttpChannelState@62d006ad{s=IDLE rs=BLOCKING os=OPEN is=IDLE awp=false se=false i=true al=0},r=0,c=false/false,a=IDLE,uri=null,age=0}
02:10:03.051 [qtp399373008-57] DEBUG org.eclipse.jetty.io.ManagedSelector - updates 0
02:10:03.051 [qtp399373008-57] DEBUG org.eclipse.jetty.io.ManagedSelector - Selector sun.nio.ch.EPollSelectorImpl@79e51817 waiting with 1 keys
02:10:03.051 [qtp399373008-62] DEBUG org.eclipse.jetty.util.thread.QueuedThreadPool - ran CEP:SocketChannelEndPoint@4985b9d4{l=/127.0.0.1:33277,r=/127.0.0.1:47692,OPEN,fill=FI,flush=-,to=0/30000}{io=1/1,kio=1,kro=1}->SslConnection@4d73ce9{NEED_UNWRAP,eio=-1/-1,di=-1,fill=INTERESTED,flush=IDLE}~>DecryptedEndPoint@3733529d{l=/127.0.0.1:33277,r=/127.0.0.1:47692,OPEN,fill=FI,flush=-,to=0/30000}=>HttpConnection@1a765e2d[p=HttpParser{s=START,0 of -1},g=HttpGenerator@295d3154{s=START}]=>HttpChannelOverHttp@67f54af{s=HttpChannelState@62d006ad{s=IDLE rs=BLOCKING os=OPEN is=IDLE awp=false se=false i=true al=0},r=0,c=false/false,a=IDLE,uri=null,age=0}:runFillable:BLOCKING in QueuedThreadPool[qtp399373008]@17cdf2d0{STARTED,8<=8<=200,i=1,r=-1,q=0}[ReservedThreadExecutor@424fd310{reserved=1/8,pending=0}]
02:10:03.052 [qtp399373008-57] DEBUG org.eclipse.jetty.io.ManagedSelector - Selector sun.nio.ch.EPollSelectorImpl@79e51817 woken up from select, 1/1/1 selected
02:10:03.052 [qtp399373008-57] DEBUG org.eclipse.jetty.io.ManagedSelector - Selector sun.nio.ch.EPollSelectorImpl@79e51817 processing 1 keys, 0 updates
02:10:03.052 [qtp399373008-57] DEBUG org.eclipse.jetty.io.ManagedSelector - selected 1 sun.nio.ch.SelectionKeyImpl@7722e95b SocketChannelEndPoint@4985b9d4{l=/127.0.0.1:33277,r=/127.0.0.1:47692,OPEN,fill=FI,flush=-,to=1/30000}{io=1/1,kio=1,kro=1}->SslConnection@4d73ce9{NEED_UNWRAP,eio=-1/-1,di=-1,fill=INTERESTED,flush=IDLE}~>DecryptedEndPoint@3733529d{l=/127.0.0.1:33277,r=/127.0.0.1:47692,OPEN,fill=FI,flush=-,to=2/30000}=>HttpConnection@1a765e2d[p=HttpParser{s=START,0 of -1},g=HttpGenerator@295d3154{s=START}]=>HttpChannelOverHttp@67f54af{s=HttpChannelState@62d006ad{s=IDLE rs=BLOCKING os=OPEN is=IDLE awp=false se=false i=true al=0},r=0,c=false/false,a=IDLE,uri=null,age=0} 
02:10:03.052 [qtp399373008-57] DEBUG org.eclipse.jetty.io.ChannelEndPoint - onSelected 1->0 r=true w=false for SocketChannelEndPoint@4985b9d4{l=/127.0.0.1:33277,r=/127.0.0.1:47692,OPEN,fill=FI,flush=-,to=1/30000}{io=1/0,kio=1,kro=1}->SslConnection@4d73ce9{NEED_UNWRAP,eio=-1/-1,di=-1,fill=INTERESTED,flush=IDLE}~>DecryptedEndPoint@3733529d{l=/127.0.0.1:33277,r=/127.0.0.1:47692,OPEN,fill=FI,flush=-,to=2/30000}=>HttpConnection@1a765e2d[p=HttpParser{s=START,0 of -1},g=HttpGenerator@295d3154{s=START}]=>HttpChannelOverHttp@67f54af{s=HttpChannelState@62d006ad{s=IDLE rs=BLOCKING os=OPEN is=IDLE awp=false se=false i=true al=0},r=0,c=false/false,a=IDLE,uri=null,age=0}
02:10:03.052 [qtp399373008-57] DEBUG org.eclipse.jetty.io.ChannelEndPoint - task CEP:SocketChannelEndPoint@4985b9d4{l=/127.0.0.1:33277,r=/127.0.0.1:47692,OPEN,fill=FI,flush=-,to=1/30000}{io=1/0,kio=1,kro=1}->SslConnection@4d73ce9{NEED_UNWRAP,eio=-1/-1,di=-1,fill=INTERESTED,flush=IDLE}~>DecryptedEndPoint@3733529d{l=/127.0.0.1:33277,r=/127.0.0.1:47692,OPEN,fill=FI,flush=-,to=2/30000}=>HttpConnection@1a765e2d[p=HttpParser{s=START,0 of -1},g=HttpGenerator@295d3154{s=START}]=>HttpChannelOverHttp@67f54af{s=HttpChannelState@62d006ad{s=IDLE rs=BLOCKING os=OPEN is=IDLE awp=false se=false i=true al=0},r=0,c=false/false,a=IDLE,uri=null,age=0}:runFillable:BLOCKING
02:10:03.052 [qtp399373008-57] DEBUG org.eclipse.jetty.util.thread.ReservedThreadExecutor - ReservedThreadExecutor@424fd310{reserved=1/8,pending=0} tryExecute EatWhatYouKill@b7838a9/SelectorProducer@696f0212/PRODUCING/p=false/QueuedThreadPool[qtp399373008]@17cdf2d0{STARTED,8<=8<=200,i=2,r=-1,q=0}[ReservedThreadExecutor@424fd310{reserved=1/8,pending=0}][pc=0,pic=0,pec=1,epc=0]@2024-05-02T02:10:03.052+01:00
02:10:03.052 [qtp399373008-57] DEBUG org.eclipse.jetty.util.thread.ReservedThreadExecutor - ReservedThreadExecutor@424fd310{reserved=0/8,pending=1} startReservedThread p=1
02:10:03.052 [qtp399373008-57] DEBUG org.eclipse.jetty.util.thread.QueuedThreadPool - queue ReservedThread@361fe360{PENDING,thread=null} startThread=0
02:10:03.052 [qtp399373008-60] DEBUG org.eclipse.jetty.util.thread.QueuedThreadPool - run ReservedThread@361fe360{PENDING,thread=null} in QueuedThreadPool[qtp399373008]@17cdf2d0{STARTED,8<=8<=200,i=1,r=-1,q=0}[ReservedThreadExecutor@424fd310{reserved=0/8,pending=1}]
02:10:03.052 [qtp399373008-60] DEBUG org.eclipse.jetty.util.thread.ReservedThreadExecutor - ReservedThread@361fe360{PENDING,thread=Thread[qtp399373008-60,5,main]} was=PENDING next=RESERVED size=0+1 capacity=8
02:10:03.052 [qtp399373008-60] DEBUG org.eclipse.jetty.util.thread.ReservedThreadExecutor - ReservedThread@361fe360{RESERVED,thread=Thread[qtp399373008-60,5,main]} waiting ReservedThreadExecutor@424fd310{reserved=1/8,pending=0}
02:10:03.053 [qtp399373008-61] DEBUG org.eclipse.jetty.util.thread.ReservedThreadExecutor - ReservedThread@731d7367{RESERVED,thread=Thread[qtp399373008-61,5,main]} task=EatWhatYouKill@b7838a9/SelectorProducer@696f0212/IDLE/p=true/QueuedThreadPool[qtp399373008]@17cdf2d0{STARTED,8<=8<=200,i=1,r=-1,q=0}[ReservedThreadExecutor@424fd310{reserved=1/8,pending=0}][pc=0,pic=0,pec=1,epc=0]@2024-05-02T02:10:03.052+01:00 ReservedThreadExecutor@424fd310{reserved=1/8,pending=0}
02:10:03.053 [qtp399373008-57] DEBUG org.eclipse.jetty.util.thread.strategy.EatWhatYouKill - EatWhatYouKill@b7838a9/SelectorProducer@696f0212/IDLE/p=true/QueuedThreadPool[qtp399373008]@17cdf2d0{STARTED,8<=8<=200,i=1,r=-1,q=0}[ReservedThreadExecutor@424fd310{reserved=0/8,pending=1}][pc=0,pic=0,pec=1,epc=0]@2024-05-02T02:10:03.052+01:00 m=EXECUTE_PRODUCE_CONSUME t=CEP:SocketChannelEndPoint@4985b9d4{l=/127.0.0.1:33277,r=/127.0.0.1:47692,OPEN,fill=FI,flush=-,to=2/30000}{io=1/0,kio=1,kro=1}->SslConnection@4d73ce9{NEED_UNWRAP,eio=-1/-1,di=-1,fill=INTERESTED,flush=IDLE}~>DecryptedEndPoint@3733529d{l=/127.0.0.1:33277,r=/127.0.0.1:47692,OPEN,fill=FI,flush=-,to=2/30000}=>HttpConnection@1a765e2d[p=HttpParser{s=START,0 of -1},g=HttpGenerator@295d3154{s=START}]=>HttpChannelOverHttp@67f54af{s=HttpChannelState@62d006ad{s=IDLE rs=BLOCKING os=OPEN is=IDLE awp=false se=false i=true al=0},r=0,c=false/false,a=IDLE,uri=null,age=0}:runFillable:BLOCKING/BLOCKING
02:10:03.053 [qtp399373008-61] DEBUG org.eclipse.jetty.util.thread.strategy.EatWhatYouKill - EatWhatYouKill@b7838a9/SelectorProducer@696f0212/IDLE/p=true/QueuedThreadPool[qtp399373008]@17cdf2d0{STARTED,8<=8<=200,i=1,r=-1,q=0}[ReservedThreadExecutor@424fd310{reserved=1/8,pending=0}][pc=0,pic=0,pec=1,epc=0]@2024-05-02T02:10:03.053+01:00 tryProduce true
02:10:03.053 [qtp399373008-61] DEBUG org.eclipse.jetty.io.ManagedSelector - updateable 0
02:10:03.053 [qtp399373008-61] DEBUG org.eclipse.jetty.io.ManagedSelector - updates 0
02:10:03.053 [qtp399373008-57] DEBUG org.eclipse.jetty.io.FillInterest - fillable FillInterest@621e3101{SSLC.NBReadCB@4d73ce9{SslConnection@4d73ce9::SocketChannelEndPoint@4985b9d4{l=/127.0.0.1:33277,r=/127.0.0.1:47692,OPEN,fill=FI,flush=-,to=2/30000}{io=1/0,kio=1,kro=1}->SslConnection@4d73ce9{NEED_UNWRAP,eio=-1/-1,di=-1,fill=INTERESTED,flush=IDLE}~>DecryptedEndPoint@3733529d{l=/127.0.0.1:33277,r=/127.0.0.1:47692,OPEN,fill=FI,flush=-,to=2/30000}=>HttpConnection@1a765e2d[p=HttpParser{s=START,0 of -1},g=HttpGenerator@295d3154{s=START}]=>HttpChannelOverHttp@67f54af{s=HttpChannelState@62d006ad{s=IDLE rs=BLOCKING os=OPEN is=IDLE awp=false se=false i=true al=0},r=0,c=false/false,a=IDLE,uri=null,age=0}}}
02:10:03.053 [qtp399373008-57] DEBUG org.eclipse.jetty.io.ssl.SslConnection - >c.onFillable SslConnection@4d73ce9::SocketChannelEndPoint@4985b9d4{l=/127.0.0.1:33277,r=/127.0.0.1:47692,OPEN,fill=-,flush=-,to=3/30000}{io=0/0,kio=0,kro=1}->SslConnection@4d73ce9{NEED_UNWRAP,eio=-1/-1,di=-1,fill=INTERESTED,flush=IDLE}~>DecryptedEndPoint@3733529d{l=/127.0.0.1:33277,r=/127.0.0.1:47692,OPEN,fill=FI,flush=-,to=3/30000}=>HttpConnection@1a765e2d[p=HttpParser{s=START,0 of -1},g=HttpGenerator@295d3154{s=START}]=>HttpChannelOverHttp@67f54af{s=HttpChannelState@62d006ad{s=IDLE rs=BLOCKING os=OPEN is=IDLE awp=false se=false i=true al=0},r=0,c=false/false,a=IDLE,uri=null,age=0}
02:10:03.053 [qtp399373008-61] DEBUG org.eclipse.jetty.io.ChannelEndPoint - Key interests updated 1 -> 0 on SocketChannelEndPoint@4985b9d4{l=/127.0.0.1:33277,r=/127.0.0.1:47692,OPEN,fill=-,flush=-,to=3/30000}{io=0/0,kio=0,kro=1}->SslConnection@4d73ce9{NEED_UNWRAP,eio=-1/-1,di=-1,fill=INTERESTED,flush=IDLE}~>DecryptedEndPoint@3733529d{l=/127.0.0.1:33277,r=/127.0.0.1:47692,OPEN,fill=FI,flush=-,to=3/30000}=>HttpConnection@1a765e2d[p=HttpParser{s=START,0 of -1},g=HttpGenerator@295d3154{s=START}]=>HttpChannelOverHttp@67f54af{s=HttpChannelState@62d006ad{s=IDLE rs=BLOCKING os=OPEN is=IDLE awp=false se=false i=true al=0},r=0,c=false/false,a=IDLE,uri=null,age=0}
02:10:03.053 [qtp399373008-61] DEBUG org.eclipse.jetty.io.ManagedSelector - Selector sun.nio.ch.EPollSelectorImpl@79e51817 waiting with 1 keys
02:10:03.054 [qtp399373008-57] DEBUG org.eclipse.jetty.io.ssl.SslConnection - onFillable SslConnection@4d73ce9::SocketChannelEndPoint@4985b9d4{l=/127.0.0.1:33277,r=/127.0.0.1:47692,OPEN,fill=-,flush=-,to=3/30000}{io=0/0,kio=0,kro=1}->SslConnection@4d73ce9{NEED_UNWRAP,eio=-1/-1,di=-1,fill=INTERESTED,flush=IDLE}~>DecryptedEndPoint@3733529d{l=/127.0.0.1:33277,r=/127.0.0.1:47692,OPEN,fill=FI,flush=-,to=3/30000}=>HttpConnection@1a765e2d[p=HttpParser{s=START,0 of -1},g=HttpGenerator@295d3154{s=START}]=>HttpChannelOverHttp@67f54af{s=HttpChannelState@62d006ad{s=IDLE rs=BLOCKING os=OPEN is=IDLE awp=false se=false i=true al=0},r=0,c=false/false,a=IDLE,uri=null,age=0}
02:10:03.054 [qtp399373008-57] DEBUG org.eclipse.jetty.io.FillInterest - fillable FillInterest@1729564{AC.ReadCB@1a765e2d{HttpConnection@1a765e2d::DecryptedEndPoint@3733529d{l=/127.0.0.1:33277,r=/127.0.0.1:47692,OPEN,fill=FI,flush=-,to=4/30000}}}
02:10:03.054 [qtp399373008-57] DEBUG org.eclipse.jetty.server.HttpConnection - HttpConnection@1a765e2d::DecryptedEndPoint@3733529d{l=/127.0.0.1:33277,r=/127.0.0.1:47692,OPEN,fill=-,flush=-,to=4/30000} onFillable enter HttpChannelState@62d006ad{s=IDLE rs=BLOCKING os=OPEN is=IDLE awp=false se=false i=true al=0} null
02:10:03.054 [qtp399373008-57] DEBUG org.eclipse.jetty.io.ssl.SslConnection - >fill SslConnection@4d73ce9::SocketChannelEndPoint@4985b9d4{l=/127.0.0.1:33277,r=/127.0.0.1:47692,OPEN,fill=-,flush=-,to=3/30000}{io=0/0,kio=0,kro=1}->SslConnection@4d73ce9{NEED_UNWRAP,eio=-1/-1,di=-1,fill=IDLE,flush=IDLE}~>DecryptedEndPoint@3733529d{l=/127.0.0.1:33277,r=/127.0.0.1:47692,OPEN,fill=-,flush=-,to=4/30000}=>HttpConnection@1a765e2d[p=HttpParser{s=START,0 of -1},g=HttpGenerator@295d3154{s=START}]=>HttpChannelOverHttp@67f54af{s=HttpChannelState@62d006ad{s=IDLE rs=BLOCKING os=OPEN is=IDLE awp=false se=false i=true al=0},r=0,c=false/false,a=IDLE,uri=null,age=0}
02:10:03.054 [qtp399373008-57] DEBUG org.eclipse.jetty.io.ssl.SslConnection - fill NEED_UNWRAP
02:10:03.054 [qtp399373008-57] DEBUG org.eclipse.jetty.io.ChannelEndPoint - filled 6 HeapByteBuffer@30c33a9d[p=0,l=6,c=17408,r=6]={<<<\x14\x03\x03\x00\x01\x01>>>\x15\x8dhb\x9e\x8b0\x80&...\x00\x00\x00\x00\x00\x00\x00}
02:10:03.054 [qtp399373008-57] DEBUG org.eclipse.jetty.io.ssl.SslConnection - net filled=6
02:10:03.054 [qtp399373008-57] DEBUG org.eclipse.jetty.io.ssl.SslConnection - unwrap net_filled=6 Status = OK HandshakeStatus = NEED_UNWRAP bytesConsumed = 6 bytesProduced = 0 encryptedBuffer=[p=6,l=6,c=17408,r=0] unwrapBuffer=HeapByteBuffer@ecff91a[p=0,l=0,c=17408,r=0]={<<<>>>\x16\x03\x03\x01N\x01\x00\x01J...\x00\x00\x00\x00\x00\x00\x00} appBuffer=HeapByteBuffer@ecff91a[p=0,l=0,c=17408,r=0]={<<<>>>\x16\x03\x03\x01N\x01\x00\x01J...\x00\x00\x00\x00\x00\x00\x00}
02:10:03.054 [qtp399373008-57] DEBUG org.eclipse.jetty.io.ssl.SslConnection - fill NEED_UNWRAP
02:10:03.054 [qtp399373008-57] DEBUG org.eclipse.jetty.io.ChannelEndPoint - filled 0 HeapByteBuffer@30c33a9d[p=0,l=0,c=17408,r=0]={<<<>>>\x14\x03\x03\x00\x01\x01\x15\x8dh...\x00\x00\x00\x00\x00\x00\x00}
02:10:03.054 [qtp399373008-57] DEBUG org.eclipse.jetty.io.ssl.SslConnection - net filled=0
02:10:03.054 [qtp399373008-57] DEBUG org.eclipse.jetty.io.ssl.SslConnection - unwrap net_filled=0 Status = BUFFER_UNDERFLOW HandshakeStatus = NEED_UNWRAP bytesConsumed = 0 bytesProduced = 0 encryptedBuffer=[p=0,l=0,c=17408,r=0] unwrapBuffer=HeapByteBuffer@ecff91a[p=0,l=0,c=17408,r=0]={<<<>>>\x16\x03\x03\x01N\x01\x00\x01J...\x00\x00\x00\x00\x00\x00\x00} appBuffer=HeapByteBuffer@ecff91a[p=0,l=0,c=17408,r=0]={<<<>>>\x16\x03\x03\x01N\x01\x00\x01J...\x00\x00\x00\x00\x00\x00\x00}
02:10:03.055 [qtp399373008-57] DEBUG org.eclipse.jetty.io.ssl.SslConnection - <fill f=0 uf=true SslConnection@4d73ce9::SocketChannelEndPoint@4985b9d4{l=/127.0.0.1:33277,r=/127.0.0.1:47692,OPEN,fill=-,flush=-,to=0/30000}{io=0/0,kio=0,kro=1}->SslConnection@4d73ce9{NEED_UNWRAP,eio=-1/-1,di=-1,fill=IDLE,flush=IDLE}~>DecryptedEndPoint@3733529d{l=/127.0.0.1:33277,r=/127.0.0.1:47692,OPEN,fill=-,flush=-,to=4/30000}=>HttpConnection@1a765e2d[p=HttpParser{s=START,0 of -1},g=HttpGenerator@295d3154{s=START}]=>HttpChannelOverHttp@67f54af{s=HttpChannelState@62d006ad{s=IDLE rs=BLOCKING os=OPEN is=IDLE awp=false se=false i=true al=0},r=0,c=false/false,a=IDLE,uri=null,age=0}
02:10:03.055 [qtp399373008-57] DEBUG org.eclipse.jetty.io.ssl.SslConnection - >fill SslConnection@4d73ce9::SocketChannelEndPoint@4985b9d4{l=/127.0.0.1:33277,r=/127.0.0.1:47692,OPEN,fill=-,flush=-,to=0/30000}{io=0/0,kio=0,kro=1}->SslConnection@4d73ce9{NEED_UNWRAP,eio=-1/-1,di=-1,fill=IDLE,flush=IDLE}~>DecryptedEndPoint@3733529d{l=/127.0.0.1:33277,r=/127.0.0.1:47692,OPEN,fill=-,flush=-,to=4/30000}=>HttpConnection@1a765e2d[p=HttpParser{s=START,0 of -1},g=HttpGenerator@295d3154{s=START}]=>HttpChannelOverHttp@67f54af{s=HttpChannelState@62d006ad{s=IDLE rs=BLOCKING os=OPEN is=IDLE awp=false se=false i=true al=0},r=0,c=false/false,a=IDLE,uri=null,age=0}
02:10:03.055 [qtp399373008-57] DEBUG org.eclipse.jetty.io.ssl.SslConnection - fill NEED_UNWRAP
02:10:03.055 [qtp399373008-57] DEBUG org.eclipse.jetty.io.ChannelEndPoint - filled 0 HeapByteBuffer@816b3[p=0,l=0,c=17408,r=0]={<<<>>>\x00\x00\x00\x00\x00\x00\x00\x00\x00...\x00\x00\x00\x00\x00\x00\x00}
02:10:03.055 [qtp399373008-57] DEBUG org.eclipse.jetty.io.ssl.SslConnection - net filled=0
02:10:03.055 [qtp399373008-57] DEBUG org.eclipse.jetty.io.ssl.SslConnection - unwrap net_filled=0 Status = BUFFER_UNDERFLOW HandshakeStatus = NEED_UNWRAP bytesConsumed = 0 bytesProduced = 0 encryptedBuffer=[p=0,l=0,c=17408,r=0] unwrapBuffer=HeapByteBuffer@ecff91a[p=0,l=0,c=17408,r=0]={<<<>>>\x16\x03\x03\x01N\x01\x00\x01J...\x00\x00\x00\x00\x00\x00\x00} appBuffer=HeapByteBuffer@ecff91a[p=0,l=0,c=17408,r=0]={<<<>>>\x16\x03\x03\x01N\x01\x00\x01J...\x00\x00\x00\x00\x00\x00\x00}
02:10:03.055 [qtp399373008-57] DEBUG org.eclipse.jetty.io.ssl.SslConnection - <fill f=0 uf=true SslConnection@4d73ce9::SocketChannelEndPoint@4985b9d4{l=/127.0.0.1:33277,r=/127.0.0.1:47692,OPEN,fill=-,flush=-,to=0/30000}{io=0/0,kio=0,kro=1}->SslConnection@4d73ce9{NEED_UNWRAP,eio=-1/-1,di=-1,fill=IDLE,flush=IDLE}~>DecryptedEndPoint@3733529d{l=/127.0.0.1:33277,r=/127.0.0.1:47692,OPEN,fill=-,flush=-,to=5/30000}=>HttpConnection@1a765e2d[p=HttpParser{s=START,0 of -1},g=HttpGenerator@295d3154{s=START}]=>HttpChannelOverHttp@67f54af{s=HttpChannelState@62d006ad{s=IDLE rs=BLOCKING os=OPEN is=IDLE awp=false se=false i=true al=0},r=0,c=false/false,a=IDLE,uri=null,age=0}
02:10:03.055 [qtp399373008-57] DEBUG org.eclipse.jetty.server.HttpConnection - HttpConnection@1a765e2d::DecryptedEndPoint@3733529d{l=/127.0.0.1:33277,r=/127.0.0.1:47692,OPEN,fill=-,flush=-,to=5/30000} filled 0 HeapByteBuffer@ecff91a[p=0,l=0,c=17408,r=0]={<<<>>>\x16\x03\x03\x01N\x01\x00\x01J...\x00\x00\x00\x00\x00\x00\x00}
02:10:03.055 [qtp399373008-57] DEBUG org.eclipse.jetty.server.HttpConnection - HttpConnection@1a765e2d::DecryptedEndPoint@3733529d{l=/127.0.0.1:33277,r=/127.0.0.1:47692,OPEN,fill=-,flush=-,to=5/30000} parse HeapByteBuffer@ecff91a[p=0,l=0,c=17408,r=0]={<<<>>>\x16\x03\x03\x01N\x01\x00\x01J...\x00\x00\x00\x00\x00\x00\x00} {}
02:10:03.055 [qtp399373008-57] DEBUG org.eclipse.jetty.http.HttpParser - parseNext s=START HeapByteBuffer@ecff91a[p=0,l=0,c=17408,r=0]={<<<>>>\x16\x03\x03\x01N\x01\x00\x01J...\x00\x00\x00\x00\x00\x00\x00}
02:10:03.055 [qtp399373008-57] DEBUG org.eclipse.jetty.server.HttpConnection - HttpConnection@1a765e2d::DecryptedEndPoint@3733529d{l=/127.0.0.1:33277,r=/127.0.0.1:47692,OPEN,fill=-,flush=-,to=5/30000} parsed false HttpParser{s=START,0 of -1}
02:10:03.055 [qtp399373008-57] DEBUG org.eclipse.jetty.server.HttpConnection - releaseRequestBuffer HttpConnection@1a765e2d::DecryptedEndPoint@3733529d{l=/127.0.0.1:33277,r=/127.0.0.1:47692,OPEN,fill=-,flush=-,to=5/30000}
02:10:03.055 [qtp399373008-57] DEBUG org.eclipse.jetty.io.AbstractConnection - fillInterested HttpConnection@1a765e2d::DecryptedEndPoint@3733529d{l=/127.0.0.1:33277,r=/127.0.0.1:47692,OPEN,fill=-,flush=-,to=5/30000}
02:10:03.055 [qtp399373008-57] DEBUG org.eclipse.jetty.io.FillInterest - interested FillInterest@1729564{AC.ReadCB@1a765e2d{HttpConnection@1a765e2d::DecryptedEndPoint@3733529d{l=/127.0.0.1:33277,r=/127.0.0.1:47692,OPEN,fill=FI,flush=-,to=0/30000}}}
02:10:03.055 [qtp399373008-57] DEBUG org.eclipse.jetty.io.ssl.SslConnection - >needFillInterest s=IDLE/IDLE uf=true ei=null di=null SslConnection@4d73ce9::SocketChannelEndPoint@4985b9d4{l=/127.0.0.1:33277,r=/127.0.0.1:47692,OPEN,fill=-,flush=-,to=0/30000}{io=0/0,kio=0,kro=1}->SslConnection@4d73ce9{NEED_UNWRAP,eio=-1/-1,di=-1,fill=IDLE,flush=IDLE}~>DecryptedEndPoint@3733529d{l=/127.0.0.1:33277,r=/127.0.0.1:47692,OPEN,fill=FI,flush=-,to=0/30000}=>HttpConnection@1a765e2d[p=HttpParser{s=START,0 of -1},g=HttpGenerator@295d3154{s=START}]=>HttpChannelOverHttp@67f54af{s=HttpChannelState@62d006ad{s=IDLE rs=BLOCKING os=OPEN is=IDLE awp=false se=false i=true al=0},r=0,c=false/false,a=IDLE,uri=null,age=0}
02:10:03.055 [qtp399373008-57] DEBUG org.eclipse.jetty.io.ssl.SslConnection - <needFillInterest s=IDLE/INTERESTED f=false i=true w=null
02:10:03.055 [qtp399373008-57] DEBUG org.eclipse.jetty.io.ssl.SslConnection - ensureFillInterested SslConnection@4d73ce9::SocketChannelEndPoint@4985b9d4{l=/127.0.0.1:33277,r=/127.0.0.1:47692,OPEN,fill=-,flush=-,to=0/30000}{io=0/0,kio=0,kro=1}->SslConnection@4d73ce9{NEED_UNWRAP,eio=-1/-1,di=-1,fill=INTERESTED,flush=IDLE}~>DecryptedEndPoint@3733529d{l=/127.0.0.1:33277,r=/127.0.0.1:47692,OPEN,fill=FI,flush=-,to=0/30000}=>HttpConnection@1a765e2d[p=HttpParser{s=START,0 of -1},g=HttpGenerator@295d3154{s=START}]=>HttpChannelOverHttp@67f54af{s=HttpChannelState@62d006ad{s=IDLE rs=BLOCKING os=OPEN is=IDLE awp=false se=false i=true al=0},r=0,c=false/false,a=IDLE,uri=null,age=0}
02:10:03.055 [qtp399373008-57] DEBUG org.eclipse.jetty.io.FillInterest - interested FillInterest@621e3101{SSLC.NBReadCB@4d73ce9{SslConnection@4d73ce9::SocketChannelEndPoint@4985b9d4{l=/127.0.0.1:33277,r=/127.0.0.1:47692,OPEN,fill=FI,flush=-,to=0/30000}{io=0/0,kio=0,kro=1}->SslConnection@4d73ce9{NEED_UNWRAP,eio=-1/-1,di=-1,fill=INTERESTED,flush=IDLE}~>DecryptedEndPoint@3733529d{l=/127.0.0.1:33277,r=/127.0.0.1:47692,OPEN,fill=FI,flush=-,to=0/30000}=>HttpConnection@1a765e2d[p=HttpParser{s=START,0 of -1},g=HttpGenerator@295d3154{s=START}]=>HttpChannelOverHttp@67f54af{s=HttpChannelState@62d006ad{s=IDLE rs=BLOCKING os=OPEN is=IDLE awp=false se=false i=true al=0},r=0,c=false/false,a=IDLE,uri=null,age=0}}}
02:10:03.055 [qtp399373008-57] DEBUG org.eclipse.jetty.io.ChannelEndPoint - changeInterests p=false 0->1 for SocketChannelEndPoint@4985b9d4{l=/127.0.0.1:33277,r=/127.0.0.1:47692,OPEN,fill=FI,flush=-,to=0/30000}{io=0/1,kio=0,kro=1}->SslConnection@4d73ce9{NEED_UNWRAP,eio=-1/-1,di=-1,fill=INTERESTED,flush=IDLE}~>DecryptedEndPoint@3733529d{l=/127.0.0.1:33277,r=/127.0.0.1:47692,OPEN,fill=FI,flush=-,to=0/30000}=>HttpConnection@1a765e2d[p=HttpParser{s=START,0 of -1},g=HttpGenerator@295d3154{s=START}]=>HttpChannelOverHttp@67f54af{s=HttpChannelState@62d006ad{s=IDLE rs=BLOCKING os=OPEN is=IDLE awp=false se=false i=true al=0},r=0,c=false/false,a=IDLE,uri=null,age=0}
02:10:03.055 [qtp399373008-57] DEBUG org.eclipse.jetty.io.ManagedSelector - Queued change lazy=false org.eclipse.jetty.io.ChannelEndPoint$$Lambda$255/1830220082@5f1379df on ManagedSelector@5733f295{STARTED} id=1 keys=1 selected=0 updates=0
02:10:03.055 [qtp399373008-57] DEBUG org.eclipse.jetty.io.ManagedSelector - Wakeup on submit ManagedSelector@5733f295{STARTED} id=1 keys=1 selected=0 updates=1
02:10:03.056 [qtp399373008-61] DEBUG org.eclipse.jetty.io.ManagedSelector - Selector sun.nio.ch.EPollSelectorImpl@79e51817 woken with none selected
02:10:03.056 [qtp399373008-61] DEBUG org.eclipse.jetty.io.ManagedSelector - Selector sun.nio.ch.EPollSelectorImpl@79e51817 woken up from select, 0/0/1 selected
02:10:03.056 [qtp399373008-57] DEBUG org.eclipse.jetty.server.HttpConnection - HttpConnection@1a765e2d::DecryptedEndPoint@3733529d{l=/127.0.0.1:33277,r=/127.0.0.1:47692,OPEN,fill=FI,flush=-,to=0/30000} onFillable exit HttpChannelState@62d006ad{s=IDLE rs=BLOCKING os=OPEN is=IDLE awp=false se=false i=true al=0} null
02:10:03.056 [qtp399373008-61] DEBUG org.eclipse.jetty.io.ManagedSelector - Selector sun.nio.ch.EPollSelectorImpl@79e51817 processing 0 keys, 1 updates
02:10:03.056 [qtp399373008-61] DEBUG org.eclipse.jetty.io.ManagedSelector - updateable 1
02:10:03.056 [qtp399373008-61] DEBUG org.eclipse.jetty.io.ManagedSelector - update org.eclipse.jetty.io.ChannelEndPoint$$Lambda$255/1830220082@5f1379df
02:10:03.056 [qtp399373008-57] DEBUG org.eclipse.jetty.io.ssl.SslConnection - <c.onFillable SslConnection@4d73ce9::SocketChannelEndPoint@4985b9d4{l=/127.0.0.1:33277,r=/127.0.0.1:47692,OPEN,fill=FI,flush=-,to=0/30000}{io=0/1,kio=0,kro=1}->SslConnection@4d73ce9{NEED_UNWRAP,eio=-1/-1,di=-1,fill=INTERESTED,flush=IDLE}~>DecryptedEndPoint@3733529d{l=/127.0.0.1:33277,r=/127.0.0.1:47692,OPEN,fill=FI,flush=-,to=0/30000}=>HttpConnection@1a765e2d[p=HttpParser{s=START,0 of -1},g=HttpGenerator@295d3154{s=START}]=>HttpChannelOverHttp@67f54af{s=HttpChannelState@62d006ad{s=IDLE rs=BLOCKING os=OPEN is=IDLE awp=false se=false i=true al=0},r=0,c=false/false,a=IDLE,uri=null,age=0}
02:10:03.056 [qtp399373008-57] DEBUG org.eclipse.jetty.util.thread.QueuedThreadPool - ran org.eclipse.jetty.io.ManagedSelector$$Lambda$253/838473569@7ce97ee5 in QueuedThreadPool[qtp399373008]@17cdf2d0{STARTED,8<=8<=200,i=1,r=-1,q=0}[ReservedThreadExecutor@424fd310{reserved=1/8,pending=0}]
02:10:03.056 [qtp399373008-61] DEBUG org.eclipse.jetty.io.ChannelEndPoint - Key interests updated 0 -> 1 on SocketChannelEndPoint@4985b9d4{l=/127.0.0.1:33277,r=/127.0.0.1:47692,OPEN,fill=FI,flush=-,to=0/30000}{io=1/1,kio=1,kro=1}->SslConnection@4d73ce9{NEED_UNWRAP,eio=-1/-1,di=-1,fill=INTERESTED,flush=IDLE}~>DecryptedEndPoint@3733529d{l=/127.0.0.1:33277,r=/127.0.0.1:47692,OPEN,fill=FI,flush=-,to=0/30000}=>HttpConnection@1a765e2d[p=HttpParser{s=START,0 of -1},g=HttpGenerator@295d3154{s=START}]=>HttpChannelOverHttp@67f54af{s=HttpChannelState@62d006ad{s=IDLE rs=BLOCKING os=OPEN is=IDLE awp=false se=false i=true al=0},r=0,c=false/false,a=IDLE,uri=null,age=0}
02:10:03.056 [qtp399373008-61] DEBUG org.eclipse.jetty.io.ManagedSelector - updates 0
02:10:03.056 [qtp399373008-61] DEBUG org.eclipse.jetty.io.ManagedSelector - Selector sun.nio.ch.EPollSelectorImpl@79e51817 waiting with 1 keys
02:10:03.097 [qtp399373008-61] DEBUG org.eclipse.jetty.io.ManagedSelector - Selector sun.nio.ch.EPollSelectorImpl@79e51817 woken up from select, 1/1/1 selected
02:10:03.097 [qtp399373008-61] DEBUG org.eclipse.jetty.io.ManagedSelector - Selector sun.nio.ch.EPollSelectorImpl@79e51817 processing 1 keys, 0 updates
02:10:03.097 [qtp399373008-61] DEBUG org.eclipse.jetty.io.ManagedSelector - selected 1 sun.nio.ch.SelectionKeyImpl@7722e95b SocketChannelEndPoint@4985b9d4{l=/127.0.0.1:33277,r=/127.0.0.1:47692,OPEN,fill=FI,flush=-,to=41/30000}{io=1/1,kio=1,kro=1}->SslConnection@4d73ce9{NEED_UNWRAP,eio=-1/-1,di=-1,fill=INTERESTED,flush=IDLE}~>DecryptedEndPoint@3733529d{l=/127.0.0.1:33277,r=/127.0.0.1:47692,OPEN,fill=FI,flush=-,to=41/30000}=>HttpConnection@1a765e2d[p=HttpParser{s=START,0 of -1},g=HttpGenerator@295d3154{s=START}]=>HttpChannelOverHttp@67f54af{s=HttpChannelState@62d006ad{s=IDLE rs=BLOCKING os=OPEN is=IDLE awp=false se=false i=true al=0},r=0,c=false/false,a=IDLE,uri=null,age=0} 
02:10:03.097 [qtp399373008-61] DEBUG org.eclipse.jetty.io.ChannelEndPoint - onSelected 1->0 r=true w=false for SocketChannelEndPoint@4985b9d4{l=/127.0.0.1:33277,r=/127.0.0.1:47692,OPEN,fill=FI,flush=-,to=41/30000}{io=1/0,kio=1,kro=1}->SslConnection@4d73ce9{NEED_UNWRAP,eio=-1/-1,di=-1,fill=INTERESTED,flush=IDLE}~>DecryptedEndPoint@3733529d{l=/127.0.0.1:33277,r=/127.0.0.1:47692,OPEN,fill=FI,flush=-,to=41/30000}=>HttpConnection@1a765e2d[p=HttpParser{s=START,0 of -1},g=HttpGenerator@295d3154{s=START}]=>HttpChannelOverHttp@67f54af{s=HttpChannelState@62d006ad{s=IDLE rs=BLOCKING os=OPEN is=IDLE awp=false se=false i=true al=0},r=0,c=false/false,a=IDLE,uri=null,age=0}
02:10:03.097 [qtp399373008-61] DEBUG org.eclipse.jetty.io.ChannelEndPoint - task CEP:SocketChannelEndPoint@4985b9d4{l=/127.0.0.1:33277,r=/127.0.0.1:47692,OPEN,fill=FI,flush=-,to=41/30000}{io=1/0,kio=1,kro=1}->SslConnection@4d73ce9{NEED_UNWRAP,eio=-1/-1,di=-1,fill=INTERESTED,flush=IDLE}~>DecryptedEndPoint@3733529d{l=/127.0.0.1:33277,r=/127.0.0.1:47692,OPEN,fill=FI,flush=-,to=41/30000}=>HttpConnection@1a765e2d[p=HttpParser{s=START,0 of -1},g=HttpGenerator@295d3154{s=START}]=>HttpChannelOverHttp@67f54af{s=HttpChannelState@62d006ad{s=IDLE rs=BLOCKING os=OPEN is=IDLE awp=false se=false i=true al=0},r=0,c=false/false,a=IDLE,uri=null,age=0}:runFillable:BLOCKING
02:10:03.097 [qtp399373008-61] DEBUG org.eclipse.jetty.util.thread.ReservedThreadExecutor - ReservedThreadExecutor@424fd310{reserved=1/8,pending=0} tryExecute EatWhatYouKill@b7838a9/SelectorProducer@696f0212/PRODUCING/p=false/QueuedThreadPool[qtp399373008]@17cdf2d0{STARTED,8<=8<=200,i=2,r=-1,q=0}[ReservedThreadExecutor@424fd310{reserved=1/8,pending=0}][pc=0,pic=0,pec=1,epc=1]@2024-05-02T02:10:03.097+01:00
02:10:03.097 [qtp399373008-61] DEBUG org.eclipse.jetty.util.thread.ReservedThreadExecutor - ReservedThreadExecutor@424fd310{reserved=0/8,pending=1} startReservedThread p=1
02:10:03.097 [qtp399373008-61] DEBUG org.eclipse.jetty.util.thread.QueuedThreadPool - queue ReservedThread@60af7bcf{PENDING,thread=null} startThread=0
02:10:03.097 [qtp399373008-62] DEBUG org.eclipse.jetty.util.thread.QueuedThreadPool - run ReservedThread@60af7bcf{PENDING,thread=null} in QueuedThreadPool[qtp399373008]@17cdf2d0{STARTED,8<=8<=200,i=1,r=-1,q=0}[ReservedThreadExecutor@424fd310{reserved=0/8,pending=1}]
02:10:03.097 [qtp399373008-62] DEBUG org.eclipse.jetty.util.thread.ReservedThreadExecutor - ReservedThread@60af7bcf{PENDING,thread=Thread[qtp399373008-62,5,main]} was=PENDING next=RESERVED size=0+1 capacity=8
02:10:03.097 [qtp399373008-60] DEBUG org.eclipse.jetty.util.thread.ReservedThreadExecutor - ReservedThread@361fe360{RESERVED,thread=Thread[qtp399373008-60,5,main]} task=EatWhatYouKill@b7838a9/SelectorProducer@696f0212/IDLE/p=true/QueuedThreadPool[qtp399373008]@17cdf2d0{STARTED,8<=8<=200,i=1,r=-1,q=0}[ReservedThreadExecutor@424fd310{reserved=0/8,pending=1}][pc=0,pic=0,pec=1,epc=1]@2024-05-02T02:10:03.097+01:00 ReservedThreadExecutor@424fd310{reserved=1/8,pending=0}
02:10:03.097 [qtp399373008-62] DEBUG org.eclipse.jetty.util.thread.ReservedThreadExecutor - ReservedThread@60af7bcf{RESERVED,thread=Thread[qtp399373008-62,5,main]} waiting ReservedThreadExecutor@424fd310{reserved=1/8,pending=0}
02:10:03.097 [qtp399373008-60] DEBUG org.eclipse.jetty.util.thread.strategy.EatWhatYouKill - EatWhatYouKill@b7838a9/SelectorProducer@696f0212/IDLE/p=true/QueuedThreadPool[qtp399373008]@17cdf2d0{STARTED,8<=8<=200,i=1,r=-1,q=0}[ReservedThreadExecutor@424fd310{reserved=1/8,pending=0}][pc=0,pic=0,pec=1,epc=1]@2024-05-02T02:10:03.097+01:00 tryProduce true
02:10:03.097 [qtp399373008-61] DEBUG org.eclipse.jetty.util.thread.strategy.EatWhatYouKill - EatWhatYouKill@b7838a9/SelectorProducer@696f0212/IDLE/p=true/QueuedThreadPool[qtp399373008]@17cdf2d0{STARTED,8<=8<=200,i=1,r=-1,q=0}[ReservedThreadExecutor@424fd310{reserved=1/8,pending=0}][pc=0,pic=0,pec=1,epc=1]@2024-05-02T02:10:03.097+01:00 m=EXECUTE_PRODUCE_CONSUME t=CEP:SocketChannelEndPoint@4985b9d4{l=/127.0.0.1:33277,r=/127.0.0.1:47692,OPEN,fill=FI,flush=-,to=42/30000}{io=1/0,kio=1,kro=1}->SslConnection@4d73ce9{NEED_UNWRAP,eio=-1/-1,di=-1,fill=INTERESTED,flush=IDLE}~>DecryptedEndPoint@3733529d{l=/127.0.0.1:33277,r=/127.0.0.1:47692,OPEN,fill=FI,flush=-,to=42/30000}=>HttpConnection@1a765e2d[p=HttpParser{s=START,0 of -1},g=HttpGenerator@295d3154{s=START}]=>HttpChannelOverHttp@67f54af{s=HttpChannelState@62d006ad{s=IDLE rs=BLOCKING os=OPEN is=IDLE awp=false se=false i=true al=0},r=0,c=false/false,a=IDLE,uri=null,age=0}:runFillable:BLOCKING/BLOCKING
02:10:03.097 [qtp399373008-60] DEBUG org.eclipse.jetty.io.ManagedSelector - updateable 0
02:10:03.097 [qtp399373008-60] DEBUG org.eclipse.jetty.io.ManagedSelector - updates 0
02:10:03.098 [qtp399373008-61] DEBUG org.eclipse.jetty.io.FillInterest - fillable FillInterest@621e3101{SSLC.NBReadCB@4d73ce9{SslConnection@4d73ce9::SocketChannelEndPoint@4985b9d4{l=/127.0.0.1:33277,r=/127.0.0.1:47692,OPEN,fill=FI,flush=-,to=42/30000}{io=1/0,kio=1,kro=1}->SslConnection@4d73ce9{NEED_UNWRAP,eio=-1/-1,di=-1,fill=INTERESTED,flush=IDLE}~>DecryptedEndPoint@3733529d{l=/127.0.0.1:33277,r=/127.0.0.1:47692,OPEN,fill=FI,flush=-,to=42/30000}=>HttpConnection@1a765e2d[p=HttpParser{s=START,0 of -1},g=HttpGenerator@295d3154{s=START}]=>HttpChannelOverHttp@67f54af{s=HttpChannelState@62d006ad{s=IDLE rs=BLOCKING os=OPEN is=IDLE awp=false se=false i=true al=0},r=0,c=false/false,a=IDLE,uri=null,age=0}}}
02:10:03.098 [qtp399373008-60] DEBUG org.eclipse.jetty.io.ChannelEndPoint - Key interests updated 1 -> 0 on SocketChannelEndPoint@4985b9d4{l=/127.0.0.1:33277,r=/127.0.0.1:47692,OPEN,fill=FI,flush=-,to=42/30000}{io=0/0,kio=0,kro=1}->SslConnection@4d73ce9{NEED_UNWRAP,eio=-1/-1,di=-1,fill=INTERESTED,flush=IDLE}~>DecryptedEndPoint@3733529d{l=/127.0.0.1:33277,r=/127.0.0.1:47692,OPEN,fill=FI,flush=-,to=42/30000}=>HttpConnection@1a765e2d[p=HttpParser{s=START,0 of -1},g=HttpGenerator@295d3154{s=START}]=>HttpChannelOverHttp@67f54af{s=HttpChannelState@62d006ad{s=IDLE rs=BLOCKING os=OPEN is=IDLE awp=false se=false i=true al=0},r=0,c=false/false,a=IDLE,uri=null,age=0}
02:10:03.098 [qtp399373008-60] DEBUG org.eclipse.jetty.io.ManagedSelector - Selector sun.nio.ch.EPollSelectorImpl@79e51817 waiting with 1 keys
02:10:03.098 [qtp399373008-61] DEBUG org.eclipse.jetty.io.ssl.SslConnection - >c.onFillable SslConnection@4d73ce9::SocketChannelEndPoint@4985b9d4{l=/127.0.0.1:33277,r=/127.0.0.1:47692,OPEN,fill=-,flush=-,to=42/30000}{io=0/0,kio=0,kro=1}->SslConnection@4d73ce9{NEED_UNWRAP,eio=-1/-1,di=-1,fill=INTERESTED,flush=IDLE}~>DecryptedEndPoint@3733529d{l=/127.0.0.1:33277,r=/127.0.0.1:47692,OPEN,fill=FI,flush=-,to=42/30000}=>HttpConnection@1a765e2d[p=HttpParser{s=START,0 of -1},g=HttpGenerator@295d3154{s=START}]=>HttpChannelOverHttp@67f54af{s=HttpChannelState@62d006ad{s=IDLE rs=BLOCKING os=OPEN is=IDLE awp=false se=false i=true al=0},r=0,c=false/false,a=IDLE,uri=null,age=0}
02:10:03.098 [qtp399373008-61] DEBUG org.eclipse.jetty.io.ssl.SslConnection - onFillable SslConnection@4d73ce9::SocketChannelEndPoint@4985b9d4{l=/127.0.0.1:33277,r=/127.0.0.1:47692,OPEN,fill=-,flush=-,to=42/30000}{io=0/0,kio=0,kro=1}->SslConnection@4d73ce9{NEED_UNWRAP,eio=-1/-1,di=-1,fill=INTERESTED,flush=IDLE}~>DecryptedEndPoint@3733529d{l=/127.0.0.1:33277,r=/127.0.0.1:47692,OPEN,fill=FI,flush=-,to=42/30000}=>HttpConnection@1a765e2d[p=HttpParser{s=START,0 of -1},g=HttpGenerator@295d3154{s=START}]=>HttpChannelOverHttp@67f54af{s=HttpChannelState@62d006ad{s=IDLE rs=BLOCKING os=OPEN is=IDLE awp=false se=false i=true al=0},r=0,c=false/false,a=IDLE,uri=null,age=0}
02:10:03.098 [qtp399373008-61] DEBUG org.eclipse.jetty.io.FillInterest - fillable FillInterest@1729564{AC.ReadCB@1a765e2d{HttpConnection@1a765e2d::DecryptedEndPoint@3733529d{l=/127.0.0.1:33277,r=/127.0.0.1:47692,OPEN,fill=FI,flush=-,to=42/30000}}}
02:10:03.098 [qtp399373008-61] DEBUG org.eclipse.jetty.server.HttpConnection - HttpConnection@1a765e2d::DecryptedEndPoint@3733529d{l=/127.0.0.1:33277,r=/127.0.0.1:47692,OPEN,fill=-,flush=-,to=42/30000} onFillable enter HttpChannelState@62d006ad{s=IDLE rs=BLOCKING os=OPEN is=IDLE awp=false se=false i=true al=0} null
02:10:03.098 [qtp399373008-61] DEBUG org.eclipse.jetty.io.ssl.SslConnection - >fill SslConnection@4d73ce9::SocketChannelEndPoint@4985b9d4{l=/127.0.0.1:33277,r=/127.0.0.1:47692,OPEN,fill=-,flush=-,to=42/30000}{io=0/0,kio=0,kro=1}->SslConnection@4d73ce9{NEED_UNWRAP,eio=-1/-1,di=-1,fill=IDLE,flush=IDLE}~>DecryptedEndPoint@3733529d{l=/127.0.0.1:33277,r=/127.0.0.1:47692,OPEN,fill=-,flush=-,to=42/30000}=>HttpConnection@1a765e2d[p=HttpParser{s=START,0 of -1},g=HttpGenerator@295d3154{s=START}]=>HttpChannelOverHttp@67f54af{s=HttpChannelState@62d006ad{s=IDLE rs=BLOCKING os=OPEN is=IDLE awp=false se=false i=true al=0},r=0,c=false/false,a=IDLE,uri=null,age=0}
02:10:03.098 [qtp399373008-61] DEBUG org.eclipse.jetty.io.ssl.SslConnection - fill NEED_UNWRAP
02:10:03.098 [qtp399373008-61] DEBUG org.eclipse.jetty.io.ChannelEndPoint - filled 1501 HeapByteBuffer@816b3[p=0,l=1501,c=17408,r=1501]={<<<\x17\x03\x03\x03\xAd\x95\xE7\xCb\xF1nnfM\x9e!T6\x05\x9b\xB6p\x88A\xD5q...\x9f\x8brX\x0fl\xAetl\xC7P\x82Q@@\xD4\x86i\x7f\xAbf\x0b\xF5>>>\x00\x00\x00\x00\x00\x00\x00\x00\x00...\x00\x00\x00\x00\x00\x00\x00}
02:10:03.098 [qtp399373008-61] DEBUG org.eclipse.jetty.io.ssl.SslConnection - net filled=1501
02:10:03.098 [qtp399373008-61] DEBUG org.eclipse.jetty.io.ssl.SslConnection - unwrap net_filled=1501 Status = OK HandshakeStatus = NEED_TASK bytesConsumed = 946 bytesProduced = 0 encryptedBuffer=[p=946,l=1501,c=17408,r=555] unwrapBuffer=HeapByteBuffer@30c33a9d[p=0,l=0,c=17408,r=0]={<<<>>>\x14\x03\x03\x00\x01\x01\x15\x8dh...\x00\x00\x00\x00\x00\x00\x00} appBuffer=HeapByteBuffer@30c33a9d[p=0,l=0,c=17408,r=0]={<<<>>>\x14\x03\x03\x00\x01\x01\x15\x8dh...\x00\x00\x00\x00\x00\x00\x00}
02:10:03.098 [qtp399373008-61] DEBUG org.eclipse.jetty.io.ssl.SslConnection - fill NEED_TASK
02:10:03.099 [qtp399373008-61] DEBUG org.eclipse.jetty.io.ssl.SslConnection - fill NEED_UNWRAP
02:10:03.099 [qtp399373008-61] DEBUG org.eclipse.jetty.io.ChannelEndPoint - filled 0 HeapByteBuffer@816b3[p=946,l=1501,c=17408,r=555]={\x17\x03\x03\x03\xAd\x0b\x00\x03\x88...\x17\\+L\xDf\x9d\xAa<<<\x17\x03\x03\x01)\xFb\xA2\x87\xB7h\xD7S\x14\xA5;\xC8\xB5\x18\x0f\x90\x9b\x12\x1b\x08x...\x9f\x8brX\x0fl\xAetl\xC7P\x82Q@@\xD4\x86i\x7f\xAbf\x0b\xF5>>>\x00\x00\x00\x00\x00\x00\x00\x00\x00...\x00\x00\x00\x00\x00\x00\x00}
02:10:03.099 [qtp399373008-61] DEBUG org.eclipse.jetty.io.ssl.SslConnection - net filled=0
02:10:03.099 [qtp399373008-61] DEBUG org.eclipse.jetty.io.ssl.SslConnection - unwrap net_filled=0 Status = OK HandshakeStatus = NEED_TASK bytesConsumed = 302 bytesProduced = 0 encryptedBuffer=[p=1248,l=1501,c=17408,r=253] unwrapBuffer=HeapByteBuffer@30c33a9d[p=0,l=0,c=17408,r=0]={<<<>>>\x14\x03\x03\x00\x01\x01\x15\x8dh...\x00\x00\x00\x00\x00\x00\x00} appBuffer=HeapByteBuffer@30c33a9d[p=0,l=0,c=17408,r=0]={<<<>>>\x14\x03\x03\x00\x01\x01\x15\x8dh...\x00\x00\x00\x00\x00\x00\x00}
02:10:03.099 [qtp399373008-61] DEBUG org.eclipse.jetty.io.ssl.SslConnection - fill NEED_TASK
02:10:03.099 [qtp399373008-61] DEBUG org.eclipse.jetty.io.ssl.SslConnection - fill NEED_UNWRAP
02:10:03.099 [qtp399373008-61] DEBUG org.eclipse.jetty.io.ChannelEndPoint - filled 0 HeapByteBuffer@816b3[p=1248,l=1501,c=17408,r=253]={\x17\x03\x03\x03\xAd\x0b\x00\x03\x88...\xCaM\xB7{?\xDd9<<<\x17\x03\x03\x00U|\x82\xD0?\x1d)|<\x8dS\n\x87\xDf\xC6\xA1(Q\xE4\x0e\xC9...\x9f\x8brX\x0fl\xAetl\xC7P\x82Q@@\xD4\x86i\x7f\xAbf\x0b\xF5>>>\x00\x00\x00\x00\x00\x00\x00\x00\x00...\x00\x00\x00\x00\x00\x00\x00}
02:10:03.099 [qtp399373008-61] DEBUG org.eclipse.jetty.io.ssl.SslConnection - net filled=0
02:10:03.100 [qtp399373008-61] DEBUG org.eclipse.jetty.io.ssl.SslConnection - unwrap net_filled=0 Status = OK HandshakeStatus = NEED_WRAP bytesConsumed = 90 bytesProduced = 0 encryptedBuffer=[p=1338,l=1501,c=17408,r=163] unwrapBuffer=HeapByteBuffer@30c33a9d[p=0,l=0,c=17408,r=0]={<<<>>>\x14\x03\x03\x00\x01\x01\x15\x8dh...\x00\x00\x00\x00\x00\x00\x00} appBuffer=HeapByteBuffer@30c33a9d[p=0,l=0,c=17408,r=0]={<<<>>>\x14\x03\x03\x00\x01\x01\x15\x8dh...\x00\x00\x00\x00\x00\x00\x00}
02:10:03.100 [qtp399373008-61] DEBUG org.eclipse.jetty.io.ssl.SslConnection - fill NEED_WRAP
02:10:03.100 [qtp399373008-61] DEBUG org.eclipse.jetty.io.ssl.SslConnection - >flush SslConnection@4d73ce9::SocketChannelEndPoint@4985b9d4{l=/127.0.0.1:33277,r=/127.0.0.1:47692,OPEN,fill=-,flush=-,to=2/30000}{io=0/0,kio=0,kro=1}->SslConnection@4d73ce9{NEED_WRAP,eio=163/-1,di=-1,fill=IDLE,flush=IDLE}~>DecryptedEndPoint@3733529d{l=/127.0.0.1:33277,r=/127.0.0.1:47692,OPEN,fill=-,flush=-,to=45/30000}=>HttpConnection@1a765e2d[p=HttpParser{s=START,0 of -1},g=HttpGenerator@295d3154{s=START}]=>HttpChannelOverHttp@67f54af{s=HttpChannelState@62d006ad{s=IDLE rs=BLOCKING os=OPEN is=IDLE awp=false se=false i=true al=0},r=0,c=false/false,a=IDLE,uri=null,age=0}
02:10:03.100 [qtp399373008-61] DEBUG org.eclipse.jetty.io.ssl.SslConnection - flush b[0]=HeapByteBuffer@58b1a525[p=0,l=0,c=0,r=0]={<<<>>>}
02:10:03.100 [qtp399373008-61] DEBUG org.eclipse.jetty.io.ssl.SslConnection - flush NEED_WRAP
02:10:03.101 [qtp399373008-61] DEBUG org.eclipse.jetty.io.ssl.SslConnection - wrap Status = OK HandshakeStatus = FINISHED bytesConsumed = 0 bytesProduced = 88 [p=0,l=88,c=17408,r=88] ioDone=false/false
02:10:03.101 [qtp399373008-61] DEBUG org.eclipse.jetty.io.ChannelEndPoint - flushed 88 SocketChannelEndPoint@4985b9d4{l=/127.0.0.1:33277,r=/127.0.0.1:47692,OPEN,fill=-,flush=-,to=3/30000}{io=0/0,kio=0,kro=1}->SslConnection@4d73ce9{NOT_HANDSHAKING,eio=163/0,di=-1,fill=IDLE,flush=IDLE}~>DecryptedEndPoint@3733529d{l=/127.0.0.1:33277,r=/127.0.0.1:47692,OPEN,fill=-,flush=-,to=45/30000}=>HttpConnection@1a765e2d[p=HttpParser{s=START,0 of -1},g=HttpGenerator@295d3154{s=START}]=>HttpChannelOverHttp@67f54af{s=HttpChannelState@62d006ad{s=IDLE rs=BLOCKING os=OPEN is=IDLE awp=false se=false i=true al=0},r=0,c=false/false,a=IDLE,uri=null,age=0}
02:10:03.101 [qtp399373008-61] DEBUG org.eclipse.jetty.io.ssl.SslConnection - net flushed=true, ac=true
02:10:03.101 [qtp399373008-61] DEBUG org.eclipse.jetty.io.ssl.SslConnection - handshake succeeded SslConnection@4d73ce9::SocketChannelEndPoint@4985b9d4{l=/127.0.0.1:33277,r=/127.0.0.1:47692,OPEN,fill=-,flush=-,to=0/30000}{io=0/0,kio=0,kro=1}->SslConnection@4d73ce9{NOT_HANDSHAKING,eio=163/0,di=-1,fill=IDLE,flush=IDLE}~>DecryptedEndPoint@3733529d{l=/127.0.0.1:33277,r=/127.0.0.1:47692,OPEN,fill=-,flush=-,to=46/30000}=>HttpConnection@1a765e2d[p=HttpParser{s=START,0 of -1},g=HttpGenerator@295d3154{s=START}]=>HttpChannelOverHttp@67f54af{s=HttpChannelState@62d006ad{s=IDLE rs=BLOCKING os=OPEN is=IDLE awp=false se=false i=true al=0},r=0,c=false/false,a=IDLE,uri=null,age=0} resumed server TLSv1.3/TLS_AES_256_GCM_SHA384
02:10:03.101 [qtp399373008-61] DEBUG org.eclipse.jetty.io.ssl.SslConnection - <flush true SslConnection@4d73ce9::SocketChannelEndPoint@4985b9d4{l=/127.0.0.1:33277,r=/127.0.0.1:47692,OPEN,fill=-,flush=-,to=0/30000}{io=0/0,kio=0,kro=1}->SslConnection@4d73ce9{NOT_HANDSHAKING,eio=163/-1,di=-1,fill=IDLE,flush=IDLE}~>DecryptedEndPoint@3733529d{l=/127.0.0.1:33277,r=/127.0.0.1:47692,OPEN,fill=-,flush=-,to=46/30000}=>HttpConnection@1a765e2d[p=HttpParser{s=START,0 of -1},g=HttpGenerator@295d3154{s=START}]=>HttpChannelOverHttp@67f54af{s=HttpChannelState@62d006ad{s=IDLE rs=BLOCKING os=OPEN is=IDLE awp=false se=false i=true al=0},r=0,c=false/false,a=IDLE,uri=null,age=0}
02:10:03.101 [qtp399373008-61] DEBUG org.eclipse.jetty.io.ssl.SslConnection - fill NOT_HANDSHAKING
02:10:03.101 [qtp399373008-61] DEBUG org.eclipse.jetty.io.ChannelEndPoint - filled 0 HeapByteBuffer@816b3[p=1338,l=1501,c=17408,r=163]={\x17\x03\x03\x03\xAd\x0b\x00\x03\x88...\xC2\xFbF\x9c\xC1I\x96<<<\x17\x03\x03\x00\x9e\xE6\x07\xBdj\xE6\xD3&y{\xD0U\x00T\xDb\xD6\x1c\xA3\x8b{\xBf...\x9f\x8brX\x0fl\xAetl\xC7P\x82Q@@\xD4\x86i\x7f\xAbf\x0b\xF5>>>\x00\x00\x00\x00\x00\x00\x00\x00\x00...\x00\x00\x00\x00\x00\x00\x00}
02:10:03.101 [qtp399373008-61] DEBUG org.eclipse.jetty.io.ssl.SslConnection - net filled=0
02:10:03.102 [qtp399373008-61] DEBUG org.eclipse.jetty.io.ssl.SslConnection - unwrap net_filled=0 Status = OK HandshakeStatus = NOT_HANDSHAKING bytesConsumed = 163 bytesProduced = 125 encryptedBuffer=[p=1501,l=1501,c=17408,r=0] unwrapBuffer=HeapByteBuffer@30c33a9d[p=0,l=125,c=17408,r=125]={<<<GET /config.yml HTTP/1.1\r...gent: okhttp/3.12.3\r\n\r\n>>>\xF0"\x92\x0buZ\x06o/...\x00\x00\x00\x00\x00\x00\x00} appBuffer=HeapByteBuffer@30c33a9d[p=0,l=125,c=17408,r=125]={<<<GET /config.yml HTTP/1.1\r...gent: okhttp/3.12.3\r\n\r\n>>>\xF0"\x92\x0buZ\x06o/...\x00\x00\x00\x00\x00\x00\x00}
02:10:03.102 [qtp399373008-61] DEBUG org.eclipse.jetty.io.ssl.SslConnection - <fill f=125 uf=false SslConnection@4d73ce9::SocketChannelEndPoint@4985b9d4{l=/127.0.0.1:33277,r=/127.0.0.1:47692,OPEN,fill=-,flush=-,to=0/30000}{io=0/0,kio=0,kro=1}->SslConnection@4d73ce9{NOT_HANDSHAKING,eio=-1/-1,di=-1,fill=IDLE,flush=IDLE}~>DecryptedEndPoint@3733529d{l=/127.0.0.1:33277,r=/127.0.0.1:47692,OPEN,fill=-,flush=-,to=46/30000}=>HttpConnection@1a765e2d[p=HttpParser{s=START,0 of -1},g=HttpGenerator@295d3154{s=START}]=>HttpChannelOverHttp@67f54af{s=HttpChannelState@62d006ad{s=IDLE rs=BLOCKING os=OPEN is=IDLE awp=false se=false i=true al=0},r=0,c=false/false,a=IDLE,uri=null,age=0}
02:10:03.102 [qtp399373008-61] DEBUG org.eclipse.jetty.server.HttpConnection - HttpConnection@1a765e2d::DecryptedEndPoint@3733529d{l=/127.0.0.1:33277,r=/127.0.0.1:47692,OPEN,fill=-,flush=-,to=46/30000} filled 125 HeapByteBuffer@30c33a9d[p=0,l=125,c=17408,r=125]={<<<GET /config.yml HTTP/1.1\r...gent: okhttp/3.12.3\r\n\r\n>>>\xF0"\x92\x0buZ\x06o/...\x00\x00\x00\x00\x00\x00\x00}
02:10:03.102 [qtp399373008-61] DEBUG org.eclipse.jetty.server.HttpConnection - HttpConnection@1a765e2d::DecryptedEndPoint@3733529d{l=/127.0.0.1:33277,r=/127.0.0.1:47692,OPEN,fill=-,flush=-,to=46/30000} parse HeapByteBuffer@30c33a9d[p=0,l=125,c=17408,r=125]={<<<GET /config.yml HTTP/1.1\r...gent: okhttp/3.12.3\r\n\r\n>>>\xF0"\x92\x0buZ\x06o/...\x00\x00\x00\x00\x00\x00\x00} {}
02:10:03.102 [qtp399373008-61] DEBUG org.eclipse.jetty.http.HttpParser - parseNext s=START HeapByteBuffer@30c33a9d[p=0,l=125,c=17408,r=125]={<<<GET /config.yml HTTP/1.1\r...gent: okhttp/3.12.3\r\n\r\n>>>\xF0"\x92\x0buZ\x06o/...\x00\x00\x00\x00\x00\x00\x00}
02:10:03.102 [qtp399373008-61] DEBUG org.eclipse.jetty.http.HttpParser - START --> SPACE1
02:10:03.102 [qtp399373008-61] DEBUG org.eclipse.jetty.http.HttpParser - SPACE1 --> URI
02:10:03.102 [qtp399373008-61] DEBUG org.eclipse.jetty.http.HttpParser - URI --> SPACE2
02:10:03.102 [qtp399373008-61] DEBUG org.eclipse.jetty.http.HttpParser - SPACE2 --> REQUEST_VERSION
02:10:03.102 [qtp399373008-61] DEBUG org.eclipse.jetty.http.HttpParser - REQUEST_VERSION --> HEADER
02:10:03.102 [qtp399373008-61] DEBUG org.eclipse.jetty.http.HttpParser - HEADER:Host --> VALUE
02:10:03.102 [qtp399373008-61] DEBUG org.eclipse.jetty.http.HttpParser - HEADER:Host --> IN_VALUE
02:10:03.102 [qtp399373008-61] DEBUG org.eclipse.jetty.http.HttpParser - HEADER:Host --> FIELD
02:10:03.102 [qtp399373008-61] DEBUG org.eclipse.jetty.http.HttpParser - HEADER:Connection: keep-alive --> IN_VALUE
02:10:03.102 [qtp399373008-61] DEBUG org.eclipse.jetty.http.HttpParser - HEADER:Connection: keep-alive --> FIELD
02:10:03.102 [qtp399373008-61] DEBUG org.eclipse.jetty.http.HttpParser - HEADER:Accept-Encoding: gzip --> IN_VALUE
02:10:03.102 [qtp399373008-61] DEBUG org.eclipse.jetty.http.HttpParser - HEADER:Accept-Encoding: gzip --> FIELD
02:10:03.102 [qtp399373008-61] DEBUG org.eclipse.jetty.http.HttpParser - HEADER:User-Agent --> VALUE
02:10:03.102 [qtp399373008-61] DEBUG org.eclipse.jetty.http.HttpParser - HEADER:User-Agent --> IN_VALUE
02:10:03.102 [qtp399373008-61] DEBUG org.eclipse.jetty.http.HttpParser - HEADER:User-Agent --> FIELD
02:10:03.102 [qtp399373008-61] DEBUG org.eclipse.jetty.http.HttpParser - HEADER --> CONTENT
02:10:03.102 [qtp399373008-61] DEBUG org.eclipse.jetty.server.HttpChannel - REQUEST for //localhost:33277/config.yml on HttpChannelOverHttp@67f54af{s=HttpChannelState@62d006ad{s=IDLE rs=BLOCKING os=OPEN is=IDLE awp=false se=false i=true al=0},r=1,c=false/false,a=IDLE,uri=//localhost:33277/config.yml,age=0}
GET //localhost:33277/config.yml HTTP/1.1
Host: localhost:33277
Connection: keep-alive
Accept-Encoding: gzip
User-Agent: okhttp/3.12.3


02:10:03.102 [qtp399373008-61] DEBUG org.eclipse.jetty.server.HttpConnection - HttpConnection@1a765e2d::DecryptedEndPoint@3733529d{l=/127.0.0.1:33277,r=/127.0.0.1:47692,OPEN,fill=-,flush=-,to=47/30000} parsed true HttpParser{s=CONTENT,0 of -1}
02:10:03.102 [qtp399373008-61] DEBUG org.eclipse.jetty.server.HttpConnection - releaseRequestBuffer HttpConnection@1a765e2d::DecryptedEndPoint@3733529d{l=/127.0.0.1:33277,r=/127.0.0.1:47692,OPEN,fill=-,flush=-,to=47/30000}
02:10:03.102 [qtp399373008-61] DEBUG org.eclipse.jetty.server.HttpChannel - handle //localhost:33277/config.yml HttpChannelOverHttp@67f54af{s=HttpChannelState@62d006ad{s=IDLE rs=BLOCKING os=OPEN is=IDLE awp=false se=false i=true al=0},r=1,c=false/false,a=IDLE,uri=//localhost:33277/config.yml,age=0} 
02:10:03.103 [qtp399373008-61] DEBUG org.eclipse.jetty.server.HttpChannelState - handling HttpChannelState@62d006ad{s=IDLE rs=BLOCKING os=OPEN is=IDLE awp=false se=false i=true al=0}
02:10:03.103 [qtp399373008-61] DEBUG org.eclipse.jetty.server.HttpChannel - action DISPATCH HttpChannelOverHttp@67f54af{s=HttpChannelState@62d006ad{s=HANDLING rs=BLOCKING os=OPEN is=IDLE awp=false se=false i=true al=0},r=1,c=false/false,a=HANDLING,uri=//localhost:33277/config.yml,age=1}
02:10:03.103 [qtp399373008-61] DEBUG org.eclipse.jetty.server.SecureRequestCustomizer - Host localhost with SNI null
02:10:03.103 [qtp399373008-61] DEBUG org.eclipse.jetty.server.Server - REQUEST GET /config.yml on HttpChannelOverHttp@67f54af{s=HttpChannelState@62d006ad{s=HANDLING rs=BLOCKING os=OPEN is=IDLE awp=false se=false i=true al=0},r=1,c=false/false,a=HANDLING,uri=https://localhost:33277/config.yml,age=1}
02:10:03.103 [qtp399373008-61] DEBUG org.eclipse.jetty.server.HttpOutput - write(array HeapByteBuffer@1e309e43[p=0,l=4,c=512,r=4]={<<<path>>>\x00\x00\x00\x00\x00\x00\x00\x00\x00...\x00\x00\x00\x00\x00\x00\x00})
02:10:03.103 [qtp399373008-61] DEBUG org.eclipse.jetty.server.HttpOutput - write(array) s=CLOSING,api=BLOCKED,sc=false,e=null last=true agg=false flush=true async=false, len=4 null
02:10:03.103 [qtp399373008-61] DEBUG org.eclipse.jetty.server.HttpChannel - sendResponse info=null content=HeapByteBuffer@4c30b7d2[p=0,l=4,c=512,r=4]={<<<path>>>\x00\x00\x00\x00\x00\x00\x00\x00\x00...\x00\x00\x00\x00\x00\x00\x00} complete=true committing=true callback=Blocker@4f7a6cde{null}
02:10:03.103 [qtp399373008-61] DEBUG org.eclipse.jetty.server.HttpChannel - COMMIT for /config.yml on HttpChannelOverHttp@67f54af{s=HttpChannelState@62d006ad{s=HANDLING rs=BLOCKING os=COMMITTED is=IDLE awp=false se=false i=true al=0},r=1,c=false/false,a=HANDLING,uri=https://localhost:33277/config.yml,age=1}
200 null HTTP/1.1
Date: Thu, 02 May 2024 01:10:03 GMT
ETag: testEtag
Content-Type: text/plain;charset=utf-8
Content-Length: 4


02:10:03.103 [qtp399373008-61] DEBUG org.eclipse.jetty.server.HttpConnection - generate: NEED_HEADER for SendCallback@4abb3da[PROCESSING][i=HTTP/1.1{s=200,h=4,cl=4},cb=org.eclipse.jetty.server.HttpChannel$SendCallback@1e73e78a] (null,[p=0,l=4,c=512,r=4],true)@START
02:10:03.103 [qtp399373008-61] DEBUG org.eclipse.jetty.http.HttpGenerator - generateHeaders HTTP/1.1{s=200,h=4,cl=4} last=true content=HeapByteBuffer@4c30b7d2[p=0,l=4,c=512,r=4]={<<<path>>>\x00\x00\x00\x00\x00\x00\x00\x00\x00...\x00\x00\x00\x00\x00\x00\x00}
02:10:03.103 [qtp399373008-61] DEBUG org.eclipse.jetty.http.HttpGenerator - Date: Thu, 02 May 2024 01:10:03 GMT
ETag: testEtag
Content-Type: text/plain;charset=utf-8
Content-Length: 4


02:10:03.103 [qtp399373008-61] DEBUG org.eclipse.jetty.http.HttpGenerator - CONTENT_LENGTH
02:10:03.103 [qtp399373008-61] DEBUG org.eclipse.jetty.server.HttpConnection - generate: FLUSH for SendCallback@4abb3da[PROCESSING][i=HTTP/1.1{s=200,h=4,cl=4},cb=org.eclipse.jetty.server.HttpChannel$SendCallback@1e73e78a] ([p=0,l=164,c=8192,r=164],[p=0,l=4,c=512,r=4],true)@COMPLETING
02:10:03.103 [qtp399373008-61] DEBUG org.eclipse.jetty.io.WriteFlusher - write: WriteFlusher@4b34d715{IDLE}->null [HeapByteBuffer@57345db1[p=0,l=164,c=8192,r=164]={<<<HTTP/1.1 200 OK\r\nDate: Th...y(9.4.44.v20210927)\r\n\r\n>>>\x00\x00\x00\x00\x00\x00\x00\x00\x00...\x00\x00\x00\x00\x00\x00\x00},HeapByteBuffer@4c30b7d2[p=0,l=4,c=512,r=4]={<<<path>>>\x00\x00\x00\x00\x00\x00\x00\x00\x00...\x00\x00\x00\x00\x00\x00\x00}]
02:10:03.104 [qtp399373008-61] DEBUG org.eclipse.jetty.io.WriteFlusher - update WriteFlusher@4b34d715{WRITING}->null:IDLE-->WRITING
02:10:03.104 [qtp399373008-61] DEBUG org.eclipse.jetty.io.ssl.SslConnection - >flush SslConnection@4d73ce9::SocketChannelEndPoint@4985b9d4{l=/127.0.0.1:33277,r=/127.0.0.1:47692,OPEN,fill=-,flush=-,to=2/30000}{io=0/0,kio=0,kro=1}->SslConnection@4d73ce9{NOT_HANDSHAKING,eio=-1/-1,di=-1,fill=IDLE,flush=IDLE}~>DecryptedEndPoint@3733529d{l=/127.0.0.1:33277,r=/127.0.0.1:47692,OPEN,fill=-,flush=W,to=48/30000}=>HttpConnection@1a765e2d[p=HttpParser{s=CONTENT,0 of -1},g=HttpGenerator@295d3154{s=COMPLETING}]=>HttpChannelOverHttp@67f54af{s=HttpChannelState@62d006ad{s=HANDLING rs=BLOCKING os=COMMITTED is=IDLE awp=false se=false i=true al=0},r=1,c=false/false,a=HANDLING,uri=https://localhost:33277/config.yml,age=2}
02:10:03.104 [qtp399373008-61] DEBUG org.eclipse.jetty.io.ssl.SslConnection - flush b[0]=HeapByteBuffer@57345db1[p=0,l=164,c=8192,r=164]={<<<HTTP/1.1 200 OK\r\nDate: Th...y(9.4.44.v20210927)\r\n\r\n>>>\x00\x00\x00\x00\x00\x00\x00\x00\x00...\x00\x00\x00\x00\x00\x00\x00}
02:10:03.104 [qtp399373008-61] DEBUG org.eclipse.jetty.io.ssl.SslConnection - flush b[1]=HeapByteBuffer@4c30b7d2[p=0,l=4,c=512,r=4]={<<<path>>>\x00\x00\x00\x00\x00\x00\x00\x00\x00...\x00\x00\x00\x00\x00\x00\x00}
02:10:03.104 [qtp399373008-61] DEBUG org.eclipse.jetty.io.ssl.SslConnection - flush NOT_HANDSHAKING
02:10:03.104 [qtp399373008-61] DEBUG org.eclipse.jetty.io.ssl.SslConnection - wrap Status = OK HandshakeStatus = NOT_HANDSHAKING bytesConsumed = 168 bytesProduced = 206 [p=0,l=206,c=17408,r=206] ioDone=false/false
02:10:03.104 [qtp399373008-61] DEBUG org.eclipse.jetty.io.ChannelEndPoint - flushed 206 SocketChannelEndPoint@4985b9d4{l=/127.0.0.1:33277,r=/127.0.0.1:47692,OPEN,fill=-,flush=-,to=2/30000}{io=0/0,kio=0,kro=1}->SslConnection@4d73ce9{NOT_HANDSHAKING,eio=-1/0,di=-1,fill=IDLE,flush=IDLE}~>DecryptedEndPoint@3733529d{l=/127.0.0.1:33277,r=/127.0.0.1:47692,OPEN,fill=-,flush=W,to=48/30000}=>HttpConnection@1a765e2d[p=HttpParser{s=CONTENT,0 of -1},g=HttpGenerator@295d3154{s=COMPLETING}]=>HttpChannelOverHttp@67f54af{s=HttpChannelState@62d006ad{s=HANDLING rs=BLOCKING os=COMMITTED is=IDLE awp=false se=false i=true al=0},r=1,c=false/false,a=HANDLING,uri=https://localhost:33277/config.yml,age=2}
02:10:03.104 [qtp399373008-61] DEBUG org.eclipse.jetty.io.ssl.SslConnection - net flushed=true, ac=true
02:10:03.104 [qtp399373008-61] DEBUG org.eclipse.jetty.io.ssl.SslConnection - <flush true SslConnection@4d73ce9::SocketChannelEndPoint@4985b9d4{l=/127.0.0.1:33277,r=/127.0.0.1:47692,OPEN,fill=-,flush=-,to=0/30000}{io=0/0,kio=0,kro=1}->SslConnection@4d73ce9{NOT_HANDSHAKING,eio=-1/-1,di=-1,fill=IDLE,flush=IDLE}~>DecryptedEndPoint@3733529d{l=/127.0.0.1:33277,r=/127.0.0.1:47692,OPEN,fill=-,flush=W,to=49/30000}=>HttpConnection@1a765e2d[p=HttpParser{s=CONTENT,0 of -1},g=HttpGenerator@295d3154{s=COMPLETING}]=>HttpChannelOverHttp@67f54af{s=HttpChannelState@62d006ad{s=HANDLING rs=BLOCKING os=COMMITTED is=IDLE awp=false se=false i=true al=0},r=1,c=false/false,a=HANDLING,uri=https://localhost:33277/config.yml,age=2}
02:10:03.104 [qtp399373008-61] DEBUG org.eclipse.jetty.io.WriteFlusher - Flushed=true written=168 remaining=0 WriteFlusher@4b34d715{WRITING}->null
02:10:03.104 [qtp399373008-61] DEBUG org.eclipse.jetty.io.WriteFlusher - update WriteFlusher@4b34d715{IDLE}->null:WRITING-->IDLE
02:10:03.104 [main] DEBUG org.apache.nifi.minifi.bootstrap.configuration.ingestors.PullHttpChangeIngestor - Response received: Response{protocol=http/1.1, code=200, message=OK, url=https://localhost:33277/config.yml}
02:10:03.104 [qtp399373008-61] DEBUG org.eclipse.jetty.server.HttpConnection - generate: DONE for SendCallback@4abb3da[PROCESSING][i=HTTP/1.1{s=200,h=4,cl=4},cb=org.eclipse.jetty.server.HttpChannel$SendCallback@1e73e78a] ([p=164,l=164,c=8192,r=0],[p=4,l=4,c=512,r=0],true)@END
02:10:03.104 [qtp399373008-61] DEBUG org.eclipse.jetty.server.HttpOutput - onWriteComplete(true,null) s=CLOSING,api=BLOCKED,sc=false,e=null->s=CLOSED,api=BLOCKING,sc=false,e=null c=null cb=null w=false
02:10:03.104 [qtp399373008-61] DEBUG org.eclipse.jetty.server.HttpOutput - close() s=CLOSED,api=BLOCKING,sc=false,e=null c=null b=null
02:10:03.104 [main] DEBUG org.apache.nifi.minifi.bootstrap.configuration.ingestors.PullHttpChangeIngestor - New change received, notifying listener
02:10:03.104 [qtp399373008-61] DEBUG org.eclipse.jetty.server.Server - handled=true async=false committed=true on HttpChannelOverHttp@67f54af{s=HttpChannelState@62d006ad{s=HANDLING rs=BLOCKING os=COMPLETED is=IDLE awp=false se=false i=true al=0},r=1,c=false/true,a=HANDLING,uri=https://localhost:33277/config.yml,age=2}
02:10:03.104 [qtp399373008-61] DEBUG org.eclipse.jetty.server.HttpChannelState - unhandle HttpChannelState@62d006ad{s=HANDLING rs=BLOCKING os=COMPLETED is=IDLE awp=false se=false i=true al=0}
02:10:03.104 [main] DEBUG org.apache.nifi.minifi.bootstrap.configuration.ingestors.PullHttpChangeIngestor - Listeners notified
02:10:03.104 [qtp399373008-61] DEBUG org.eclipse.jetty.server.HttpChannelState - nextAction(false) COMPLETE HttpChannelState@62d006ad{s=HANDLING rs=COMPLETING os=COMPLETED is=IDLE awp=false se=false i=false al=0}
02:10:03.105 [qtp399373008-61] DEBUG org.eclipse.jetty.server.HttpChannel - action COMPLETE HttpChannelOverHttp@67f54af{s=HttpChannelState@62d006ad{s=HANDLING rs=COMPLETING os=COMPLETED is=IDLE awp=false se=false i=false al=0},r=1,c=false/true,a=HANDLING,uri=https://localhost:33277/config.yml,age=2}
02:10:03.105 [qtp399373008-61] DEBUG org.eclipse.jetty.server.HttpOutput - complete(org.eclipse.jetty.util.Callback$3@12d888ca) s=CLOSED,api=BLOCKING,sc=false,e=null s=true e=null, c=null
02:10:03.105 [qtp399373008-61] DEBUG org.eclipse.jetty.server.HttpChannelState - completed HttpChannelState@62d006ad{s=HANDLING rs=COMPLETING os=COMPLETED is=IDLE awp=false se=false i=false al=0}
02:10:03.105 [qtp399373008-61] DEBUG org.eclipse.jetty.server.HttpChannelState - unhandle HttpChannelState@62d006ad{s=HANDLING rs=COMPLETED os=COMPLETED is=IDLE awp=false se=false i=false al=0}
02:10:03.105 [qtp399373008-61] DEBUG org.eclipse.jetty.server.HttpChannelState - nextAction(false) TERMINATED HttpChannelState@62d006ad{s=IDLE rs=COMPLETED os=COMPLETED is=IDLE awp=false se=false i=false al=0}
02:10:03.105 [qtp399373008-61] DEBUG org.eclipse.jetty.server.HttpChannel - action TERMINATED HttpChannelOverHttp@67f54af{s=HttpChannelState@62d006ad{s=IDLE rs=COMPLETED os=COMPLETED is=IDLE awp=false se=false i=false al=0},r=1,c=true/true,a=IDLE,uri=https://localhost:33277/config.yml,age=3}
02:10:03.105 [qtp399373008-61] DEBUG org.eclipse.jetty.server.HttpChannel - onCompleted for /config.yml written=4
]]></system-out>
  </testcase>
  <testcase name="testUseEtag" classname="org.apache.nifi.minifi.bootstrap.configuration.ingestors.PullHttpChangeIngestorSSLTest" time="0.076">
    <system-out><![CDATA[02:10:03.105 [qtp399373008-61] DEBUG org.eclipse.jetty.io.ssl.SslConnection - >fill SslConnection@4d73ce9::SocketChannelEndPoint@4985b9d4{l=/127.0.0.1:33277,r=/127.0.0.1:47692,OPEN,fill=-,flush=-,to=0/30000}{io=0/0,kio=0,kro=1}->SslConnection@4d73ce9{NOT_HANDSHAKING,eio=-1/-1,di=-1,fill=IDLE,flush=IDLE}~>DecryptedEndPoint@3733529d{l=/127.0.0.1:33277,r=/127.0.0.1:47692,OPEN,fill=-,flush=-,to=49/30000}=>HttpConnection@1a765e2d[p=HttpParser{s=CONTENT,0 of -1},g=HttpGenerator@295d3154{s=END}]=>HttpChannelOverHttp@67f54af{s=HttpChannelState@62d006ad{s=IDLE rs=COMPLETED os=COMPLETED is=IDLE awp=false se=false i=false al=0},r=1,c=true/true,a=IDLE,uri=https://localhost:33277/config.yml,age=3}
02:10:03.105 [qtp399373008-61] DEBUG org.eclipse.jetty.io.ssl.SslConnection - fill NOT_HANDSHAKING
02:10:03.105 [qtp399373008-61] DEBUG org.eclipse.jetty.io.ChannelEndPoint - filled 0 HeapByteBuffer@30c33a9d[p=0,l=0,c=17408,r=0]={<<<>>>GET /conf...\x00\x00\x00\x00\x00\x00\x00}
02:10:03.105 [qtp399373008-61] DEBUG org.eclipse.jetty.io.ssl.SslConnection - net filled=0
02:10:03.105 [qtp399373008-61] DEBUG org.eclipse.jetty.io.ssl.SslConnection - unwrap net_filled=0 Status = BUFFER_UNDERFLOW HandshakeStatus = NOT_HANDSHAKING bytesConsumed = 0 bytesProduced = 0 encryptedBuffer=[p=0,l=0,c=17408,r=0] unwrapBuffer=HeapByteBuffer@816b3[p=0,l=0,c=17408,r=0]={<<<>>>\x17\x03\x03\x03\xAd\x0b\x00\x03\x88...\x00\x00\x00\x00\x00\x00\x00} appBuffer=HeapByteBuffer@816b3[p=0,l=0,c=17408,r=0]={<<<>>>\x17\x03\x03\x03\xAd\x0b\x00\x03\x88...\x00\x00\x00\x00\x00\x00\x00}
02:10:03.105 [qtp399373008-61] DEBUG org.eclipse.jetty.io.ssl.SslConnection - <fill f=0 uf=true SslConnection@4d73ce9::SocketChannelEndPoint@4985b9d4{l=/127.0.0.1:33277,r=/127.0.0.1:47692,OPEN,fill=-,flush=-,to=1/30000}{io=0/0,kio=0,kro=1}->SslConnection@4d73ce9{NOT_HANDSHAKING,eio=-1/-1,di=-1,fill=IDLE,flush=IDLE}~>DecryptedEndPoint@3733529d{l=/127.0.0.1:33277,r=/127.0.0.1:47692,OPEN,fill=-,flush=-,to=50/30000}=>HttpConnection@1a765e2d[p=HttpParser{s=CONTENT,0 of -1},g=HttpGenerator@295d3154{s=END}]=>HttpChannelOverHttp@67f54af{s=HttpChannelState@62d006ad{s=IDLE rs=COMPLETED os=COMPLETED is=IDLE awp=false se=false i=false al=0},r=1,c=true/true,a=IDLE,uri=https://localhost:33277/config.yml,age=3}
02:10:03.105 [qtp399373008-61] DEBUG org.eclipse.jetty.io.ssl.SslConnection - >fill SslConnection@4d73ce9::SocketChannelEndPoint@4985b9d4{l=/127.0.0.1:33277,r=/127.0.0.1:47692,OPEN,fill=-,flush=-,to=1/30000}{io=0/0,kio=0,kro=1}->SslConnection@4d73ce9{NOT_HANDSHAKING,eio=-1/-1,di=-1,fill=IDLE,flush=IDLE}~>DecryptedEndPoint@3733529d{l=/127.0.0.1:33277,r=/127.0.0.1:47692,OPEN,fill=-,flush=-,to=50/30000}=>HttpConnection@1a765e2d[p=HttpParser{s=CONTENT,0 of -1},g=HttpGenerator@295d3154{s=END}]=>HttpChannelOverHttp@67f54af{s=HttpChannelState@62d006ad{s=IDLE rs=COMPLETED os=COMPLETED is=IDLE awp=false se=false i=false al=0},r=1,c=true/true,a=IDLE,uri=https://localhost:33277/config.yml,age=3}
02:10:03.105 [qtp399373008-61] DEBUG org.eclipse.jetty.io.ssl.SslConnection - fill NOT_HANDSHAKING
02:10:03.105 [qtp399373008-61] DEBUG org.eclipse.jetty.io.ChannelEndPoint - filled 0 HeapByteBuffer@ecff91a[p=0,l=0,c=17408,r=0]={<<<>>>\x17\x03\x03\x00\xC9E\x88\x99 ...\x00\x00\x00\x00\x00\x00\x00}
02:10:03.105 [qtp399373008-61] DEBUG org.eclipse.jetty.io.ssl.SslConnection - net filled=0
02:10:03.105 [qtp399373008-61] DEBUG org.eclipse.jetty.io.ssl.SslConnection - unwrap net_filled=0 Status = BUFFER_UNDERFLOW HandshakeStatus = NOT_HANDSHAKING bytesConsumed = 0 bytesProduced = 0 encryptedBuffer=[p=0,l=0,c=17408,r=0] unwrapBuffer=HeapByteBuffer@816b3[p=0,l=0,c=17408,r=0]={<<<>>>\x17\x03\x03\x03\xAd\x0b\x00\x03\x88...\x00\x00\x00\x00\x00\x00\x00} appBuffer=HeapByteBuffer@816b3[p=0,l=0,c=17408,r=0]={<<<>>>\x17\x03\x03\x03\xAd\x0b\x00\x03\x88...\x00\x00\x00\x00\x00\x00\x00}
02:10:03.106 [qtp399373008-61] DEBUG org.eclipse.jetty.io.ssl.SslConnection - <fill f=0 uf=true SslConnection@4d73ce9::SocketChannelEndPoint@4985b9d4{l=/127.0.0.1:33277,r=/127.0.0.1:47692,OPEN,fill=-,flush=-,to=1/30000}{io=0/0,kio=0,kro=1}->SslConnection@4d73ce9{NOT_HANDSHAKING,eio=-1/-1,di=-1,fill=IDLE,flush=IDLE}~>DecryptedEndPoint@3733529d{l=/127.0.0.1:33277,r=/127.0.0.1:47692,OPEN,fill=-,flush=-,to=50/30000}=>HttpConnection@1a765e2d[p=HttpParser{s=CONTENT,0 of -1},g=HttpGenerator@295d3154{s=END}]=>HttpChannelOverHttp@67f54af{s=HttpChannelState@62d006ad{s=IDLE rs=COMPLETED os=COMPLETED is=IDLE awp=false se=false i=false al=0},r=1,c=true/true,a=IDLE,uri=https://localhost:33277/config.yml,age=3}
02:10:03.106 [qtp399373008-61] DEBUG org.eclipse.jetty.server.HttpConnection - HttpConnection@1a765e2d::DecryptedEndPoint@3733529d{l=/127.0.0.1:33277,r=/127.0.0.1:47692,OPEN,fill=-,flush=-,to=50/30000} filled 0 HeapByteBuffer@816b3[p=0,l=0,c=17408,r=0]={<<<>>>\x17\x03\x03\x03\xAd\x0b\x00\x03\x88...\x00\x00\x00\x00\x00\x00\x00}
02:10:03.106 [qtp399373008-61] DEBUG org.eclipse.jetty.server.HttpConnection - HttpConnection@1a765e2d::DecryptedEndPoint@3733529d{l=/127.0.0.1:33277,r=/127.0.0.1:47692,OPEN,fill=-,flush=-,to=50/30000} parse HeapByteBuffer@816b3[p=0,l=0,c=17408,r=0]={<<<>>>\x17\x03\x03\x03\xAd\x0b\x00\x03\x88...\x00\x00\x00\x00\x00\x00\x00} {}
02:10:03.106 [qtp399373008-61] DEBUG org.eclipse.jetty.http.HttpParser - parseNext s=CONTENT HeapByteBuffer@816b3[p=0,l=0,c=17408,r=0]={<<<>>>\x17\x03\x03\x03\xAd\x0b\x00\x03\x88...\x00\x00\x00\x00\x00\x00\x00}
02:10:03.106 [qtp399373008-61] DEBUG org.eclipse.jetty.http.HttpParser - CONTENT --> CONTENT_END
02:10:03.106 [qtp399373008-61] DEBUG org.eclipse.jetty.server.HttpChannel - onContentComplete HttpChannelOverHttp@67f54af{s=HttpChannelState@62d006ad{s=IDLE rs=COMPLETED os=COMPLETED is=IDLE awp=false se=false i=false al=0},r=1,c=true/true,a=IDLE,uri=https://localhost:33277/config.yml,age=4}
02:10:03.106 [qtp399373008-61] DEBUG org.eclipse.jetty.http.HttpParser - CONTENT_END --> END
02:10:03.106 [qtp399373008-61] DEBUG org.eclipse.jetty.server.HttpChannel - onRequestComplete HttpChannelOverHttp@67f54af{s=HttpChannelState@62d006ad{s=IDLE rs=COMPLETED os=COMPLETED is=IDLE awp=false se=false i=false al=0},r=1,c=true/true,a=IDLE,uri=https://localhost:33277/config.yml,age=4}
02:10:03.106 [qtp399373008-61] DEBUG org.eclipse.jetty.server.HttpInput - HttpInputOverHTTP@139662ac[c=0,q=0,[0]=null,s=STREAM] addContent EOF
02:10:03.106 [qtp399373008-61] DEBUG org.eclipse.jetty.server.HttpConnection - HttpConnection@1a765e2d::DecryptedEndPoint@3733529d{l=/127.0.0.1:33277,r=/127.0.0.1:47692,OPEN,fill=-,flush=-,to=50/30000} parsed false HttpParser{s=END,0 of -1}
02:10:03.106 [qtp399373008-61] DEBUG org.eclipse.jetty.server.HttpConnection - releaseRequestBuffer HttpConnection@1a765e2d::DecryptedEndPoint@3733529d{l=/127.0.0.1:33277,r=/127.0.0.1:47692,OPEN,fill=-,flush=-,to=50/30000}
02:10:03.106 [qtp399373008-61] DEBUG org.eclipse.jetty.server.HttpChannelState - recycle HttpChannelState@62d006ad{s=IDLE rs=COMPLETED os=COMPLETED is=IDLE awp=false se=false i=false al=0}
02:10:03.106 [qtp399373008-61] DEBUG org.eclipse.jetty.http.HttpParser - reset HttpParser{s=END,0 of -1}
02:10:03.106 [qtp399373008-61] DEBUG org.eclipse.jetty.http.HttpParser - END --> START
02:10:03.106 [qtp399373008-61] DEBUG org.eclipse.jetty.server.HttpChannel - !handle TERMINATED HttpChannelOverHttp@67f54af{s=HttpChannelState@62d006ad{s=IDLE rs=BLOCKING os=OPEN is=IDLE awp=false se=false i=true al=0},r=1,c=false/false,a=IDLE,uri=null,age=0}
02:10:03.106 [qtp399373008-61] DEBUG org.eclipse.jetty.io.ssl.SslConnection - >fill SslConnection@4d73ce9::SocketChannelEndPoint@4985b9d4{l=/127.0.0.1:33277,r=/127.0.0.1:47692,OPEN,fill=-,flush=-,to=1/30000}{io=0/0,kio=0,kro=1}->SslConnection@4d73ce9{NOT_HANDSHAKING,eio=-1/-1,di=-1,fill=IDLE,flush=IDLE}~>DecryptedEndPoint@3733529d{l=/127.0.0.1:33277,r=/127.0.0.1:47692,OPEN,fill=-,flush=-,to=50/30000}=>HttpConnection@1a765e2d[p=HttpParser{s=START,0 of -1},g=HttpGenerator@295d3154{s=START}]=>HttpChannelOverHttp@67f54af{s=HttpChannelState@62d006ad{s=IDLE rs=BLOCKING os=OPEN is=IDLE awp=false se=false i=true al=0},r=1,c=false/false,a=IDLE,uri=null,age=0}
02:10:03.106 [qtp399373008-61] DEBUG org.eclipse.jetty.io.ssl.SslConnection - fill NOT_HANDSHAKING
02:10:03.106 [qtp399373008-61] DEBUG org.eclipse.jetty.io.ChannelEndPoint - filled 0 HeapByteBuffer@ecff91a[p=0,l=0,c=17408,r=0]={<<<>>>\x17\x03\x03\x00\xC9E\x88\x99 ...\x00\x00\x00\x00\x00\x00\x00}
02:10:03.106 [qtp399373008-61] DEBUG org.eclipse.jetty.io.ssl.SslConnection - net filled=0
02:10:03.106 [qtp399373008-61] DEBUG org.eclipse.jetty.io.ssl.SslConnection - unwrap net_filled=0 Status = BUFFER_UNDERFLOW HandshakeStatus = NOT_HANDSHAKING bytesConsumed = 0 bytesProduced = 0 encryptedBuffer=[p=0,l=0,c=17408,r=0] unwrapBuffer=HeapByteBuffer@30c33a9d[p=0,l=0,c=17408,r=0]={<<<>>>GET /conf...\x00\x00\x00\x00\x00\x00\x00} appBuffer=HeapByteBuffer@30c33a9d[p=0,l=0,c=17408,r=0]={<<<>>>GET /conf...\x00\x00\x00\x00\x00\x00\x00}
02:10:03.106 [main] DEBUG org.apache.nifi.minifi.bootstrap.configuration.ingestors.PullHttpChangeIngestor - Attempting to pull new config
02:10:03.106 [qtp399373008-61] DEBUG org.eclipse.jetty.io.ssl.SslConnection - <fill f=0 uf=true SslConnection@4d73ce9::SocketChannelEndPoint@4985b9d4{l=/127.0.0.1:33277,r=/127.0.0.1:47692,OPEN,fill=-,flush=-,to=2/30000}{io=0/0,kio=0,kro=1}->SslConnection@4d73ce9{NOT_HANDSHAKING,eio=-1/-1,di=-1,fill=IDLE,flush=IDLE}~>DecryptedEndPoint@3733529d{l=/127.0.0.1:33277,r=/127.0.0.1:47692,OPEN,fill=-,flush=-,to=51/30000}=>HttpConnection@1a765e2d[p=HttpParser{s=START,0 of -1},g=HttpGenerator@295d3154{s=START}]=>HttpChannelOverHttp@67f54af{s=HttpChannelState@62d006ad{s=IDLE rs=BLOCKING os=OPEN is=IDLE awp=false se=false i=true al=0},r=1,c=false/false,a=IDLE,uri=null,age=0}
02:10:03.106 [qtp399373008-61] DEBUG org.eclipse.jetty.io.ssl.SslConnection - >fill SslConnection@4d73ce9::SocketChannelEndPoint@4985b9d4{l=/127.0.0.1:33277,r=/127.0.0.1:47692,OPEN,fill=-,flush=-,to=2/30000}{io=0/0,kio=0,kro=1}->SslConnection@4d73ce9{NOT_HANDSHAKING,eio=-1/-1,di=-1,fill=IDLE,flush=IDLE}~>DecryptedEndPoint@3733529d{l=/127.0.0.1:33277,r=/127.0.0.1:47692,OPEN,fill=-,flush=-,to=51/30000}=>HttpConnection@1a765e2d[p=HttpParser{s=START,0 of -1},g=HttpGenerator@295d3154{s=START}]=>HttpChannelOverHttp@67f54af{s=HttpChannelState@62d006ad{s=IDLE rs=BLOCKING os=OPEN is=IDLE awp=false se=false i=true al=0},r=1,c=false/false,a=IDLE,uri=null,age=0}
02:10:03.106 [qtp399373008-61] DEBUG org.eclipse.jetty.io.ssl.SslConnection - fill NOT_HANDSHAKING
02:10:03.106 [qtp399373008-61] DEBUG org.eclipse.jetty.io.ChannelEndPoint - filled 0 HeapByteBuffer@816b3[p=0,l=0,c=17408,r=0]={<<<>>>\x17\x03\x03\x03\xAd\x0b\x00\x03\x88...\x00\x00\x00\x00\x00\x00\x00}
02:10:03.106 [qtp399373008-61] DEBUG org.eclipse.jetty.io.ssl.SslConnection - net filled=0
02:10:03.106 [qtp399373008-61] DEBUG org.eclipse.jetty.io.ssl.SslConnection - unwrap net_filled=0 Status = BUFFER_UNDERFLOW HandshakeStatus = NOT_HANDSHAKING bytesConsumed = 0 bytesProduced = 0 encryptedBuffer=[p=0,l=0,c=17408,r=0] unwrapBuffer=HeapByteBuffer@30c33a9d[p=0,l=0,c=17408,r=0]={<<<>>>GET /conf...\x00\x00\x00\x00\x00\x00\x00} appBuffer=HeapByteBuffer@30c33a9d[p=0,l=0,c=17408,r=0]={<<<>>>GET /conf...\x00\x00\x00\x00\x00\x00\x00}
02:10:03.107 [qtp399373008-61] DEBUG org.eclipse.jetty.io.ssl.SslConnection - <fill f=0 uf=true SslConnection@4d73ce9::SocketChannelEndPoint@4985b9d4{l=/127.0.0.1:33277,r=/127.0.0.1:47692,OPEN,fill=-,flush=-,to=2/30000}{io=0/0,kio=0,kro=1}->SslConnection@4d73ce9{NOT_HANDSHAKING,eio=-1/-1,di=-1,fill=IDLE,flush=IDLE}~>DecryptedEndPoint@3733529d{l=/127.0.0.1:33277,r=/127.0.0.1:47692,OPEN,fill=-,flush=-,to=51/30000}=>HttpConnection@1a765e2d[p=HttpParser{s=START,0 of -1},g=HttpGenerator@295d3154{s=START}]=>HttpChannelOverHttp@67f54af{s=HttpChannelState@62d006ad{s=IDLE rs=BLOCKING os=OPEN is=IDLE awp=false se=false i=true al=0},r=1,c=false/false,a=IDLE,uri=null,age=0}
02:10:03.107 [qtp399373008-61] DEBUG org.eclipse.jetty.server.HttpConnection - HttpConnection@1a765e2d::DecryptedEndPoint@3733529d{l=/127.0.0.1:33277,r=/127.0.0.1:47692,OPEN,fill=-,flush=-,to=51/30000} filled 0 HeapByteBuffer@30c33a9d[p=0,l=0,c=17408,r=0]={<<<>>>GET /conf...\x00\x00\x00\x00\x00\x00\x00}
02:10:03.107 [qtp399373008-61] DEBUG org.eclipse.jetty.server.HttpConnection - HttpConnection@1a765e2d::DecryptedEndPoint@3733529d{l=/127.0.0.1:33277,r=/127.0.0.1:47692,OPEN,fill=-,flush=-,to=51/30000} parse HeapByteBuffer@30c33a9d[p=0,l=0,c=17408,r=0]={<<<>>>GET /conf...\x00\x00\x00\x00\x00\x00\x00} {}
02:10:03.107 [qtp399373008-61] DEBUG org.eclipse.jetty.http.HttpParser - parseNext s=START HeapByteBuffer@30c33a9d[p=0,l=0,c=17408,r=0]={<<<>>>GET /conf...\x00\x00\x00\x00\x00\x00\x00}
02:10:03.107 [qtp399373008-56-acceptor-0@53dacd14-ServerConnector@2374d36a{SSL, (ssl, http/1.1)}{localhost:33277}] DEBUG org.eclipse.jetty.io.ManagedSelector - Queued change lazy=false Accept@36f6988e[java.nio.channels.SocketChannel[connected local=/127.0.0.1:33277 remote=/127.0.0.1:47700]] on ManagedSelector@47a86fbb{STARTED} id=2 keys=0 selected=0 updates=0
02:10:03.107 [qtp399373008-61] DEBUG org.eclipse.jetty.server.HttpConnection - HttpConnection@1a765e2d::DecryptedEndPoint@3733529d{l=/127.0.0.1:33277,r=/127.0.0.1:47692,OPEN,fill=-,flush=-,to=51/30000} parsed false HttpParser{s=START,0 of -1}
02:10:03.107 [qtp399373008-56-acceptor-0@53dacd14-ServerConnector@2374d36a{SSL, (ssl, http/1.1)}{localhost:33277}] DEBUG org.eclipse.jetty.io.ManagedSelector - Wakeup on submit ManagedSelector@47a86fbb{STARTED} id=2 keys=0 selected=0 updates=1
02:10:03.107 [qtp399373008-61] DEBUG org.eclipse.jetty.server.HttpConnection - releaseRequestBuffer HttpConnection@1a765e2d::DecryptedEndPoint@3733529d{l=/127.0.0.1:33277,r=/127.0.0.1:47692,OPEN,fill=-,flush=-,to=51/30000}
02:10:03.107 [qtp399373008-61] DEBUG org.eclipse.jetty.io.AbstractConnection - fillInterested HttpConnection@1a765e2d::DecryptedEndPoint@3733529d{l=/127.0.0.1:33277,r=/127.0.0.1:47692,OPEN,fill=-,flush=-,to=51/30000}
02:10:03.107 [qtp399373008-58] DEBUG org.eclipse.jetty.io.ManagedSelector - Selector sun.nio.ch.EPollSelectorImpl@5b063887 woken with none selected
02:10:03.107 [qtp399373008-58] DEBUG org.eclipse.jetty.io.ManagedSelector - Selector sun.nio.ch.EPollSelectorImpl@5b063887 woken up from select, 0/0/0 selected
02:10:03.107 [qtp399373008-61] DEBUG org.eclipse.jetty.io.FillInterest - interested FillInterest@1729564{AC.ReadCB@1a765e2d{HttpConnection@1a765e2d::DecryptedEndPoint@3733529d{l=/127.0.0.1:33277,r=/127.0.0.1:47692,OPEN,fill=FI,flush=-,to=0/30000}}}
02:10:03.107 [qtp399373008-58] DEBUG org.eclipse.jetty.io.ManagedSelector - Selector sun.nio.ch.EPollSelectorImpl@5b063887 processing 0 keys, 1 updates
02:10:03.107 [qtp399373008-58] DEBUG org.eclipse.jetty.io.ManagedSelector - updateable 1
02:10:03.107 [qtp399373008-58] DEBUG org.eclipse.jetty.io.ManagedSelector - update Accept@36f6988e[java.nio.channels.SocketChannel[connected local=/127.0.0.1:33277 remote=/127.0.0.1:47700]]
02:10:03.107 [qtp399373008-61] DEBUG org.eclipse.jetty.io.ssl.SslConnection - >needFillInterest s=IDLE/IDLE uf=true ei=null di=null SslConnection@4d73ce9::SocketChannelEndPoint@4985b9d4{l=/127.0.0.1:33277,r=/127.0.0.1:47692,OPEN,fill=-,flush=-,to=2/30000}{io=0/0,kio=0,kro=1}->SslConnection@4d73ce9{NOT_HANDSHAKING,eio=-1/-1,di=-1,fill=IDLE,flush=IDLE}~>DecryptedEndPoint@3733529d{l=/127.0.0.1:33277,r=/127.0.0.1:47692,OPEN,fill=FI,flush=-,to=0/30000}=>HttpConnection@1a765e2d[p=HttpParser{s=START,0 of -1},g=HttpGenerator@295d3154{s=START}]=>HttpChannelOverHttp@67f54af{s=HttpChannelState@62d006ad{s=IDLE rs=BLOCKING os=OPEN is=IDLE awp=false se=false i=true al=0},r=1,c=false/false,a=IDLE,uri=null,age=0}
02:10:03.107 [qtp399373008-61] DEBUG org.eclipse.jetty.io.ssl.SslConnection - <needFillInterest s=IDLE/INTERESTED f=false i=true w=null
02:10:03.107 [qtp399373008-58] DEBUG org.eclipse.jetty.util.thread.QueuedThreadPool - queue Accept@36f6988e[java.nio.channels.SocketChannel[connected local=/127.0.0.1:33277 remote=/127.0.0.1:47700]] startThread=0
02:10:03.107 [qtp399373008-58] DEBUG org.eclipse.jetty.io.ManagedSelector - updates 0
02:10:03.107 [qtp399373008-58] DEBUG org.eclipse.jetty.io.ManagedSelector - Selector sun.nio.ch.EPollSelectorImpl@5b063887 waiting with 1 keys
02:10:03.107 [qtp399373008-57] DEBUG org.eclipse.jetty.util.thread.QueuedThreadPool - run Accept@36f6988e[java.nio.channels.SocketChannel[connected local=/127.0.0.1:33277 remote=/127.0.0.1:47700]] in QueuedThreadPool[qtp399373008]@17cdf2d0{STARTED,8<=8<=200,i=0,r=-1,q=0}[ReservedThreadExecutor@424fd310{reserved=1/8,pending=0}]
02:10:03.107 [qtp399373008-61] DEBUG org.eclipse.jetty.io.ssl.SslConnection - ensureFillInterested SslConnection@4d73ce9::SocketChannelEndPoint@4985b9d4{l=/127.0.0.1:33277,r=/127.0.0.1:47692,OPEN,fill=-,flush=-,to=3/30000}{io=0/0,kio=0,kro=1}->SslConnection@4d73ce9{NOT_HANDSHAKING,eio=-1/-1,di=-1,fill=INTERESTED,flush=IDLE}~>DecryptedEndPoint@3733529d{l=/127.0.0.1:33277,r=/127.0.0.1:47692,OPEN,fill=FI,flush=-,to=0/30000}=>HttpConnection@1a765e2d[p=HttpParser{s=START,0 of -1},g=HttpGenerator@295d3154{s=START}]=>HttpChannelOverHttp@67f54af{s=HttpChannelState@62d006ad{s=IDLE rs=BLOCKING os=OPEN is=IDLE awp=false se=false i=true al=0},r=1,c=false/false,a=IDLE,uri=null,age=0}
02:10:03.107 [qtp399373008-57] DEBUG org.eclipse.jetty.io.IdleTimeout - SocketChannelEndPoint@676b7014{l=/127.0.0.1:33277,r=/127.0.0.1:47700,OPEN,fill=-,flush=-,to=0/30000}{io=0/0,kio=0,kro=0}-><null> idle timeout check, elapsed: 0 ms, remaining: 30000 ms
02:10:03.108 [qtp399373008-57] DEBUG org.eclipse.jetty.util.ssl.SslContextFactory - Customize sun.security.ssl.SSLEngineImpl@7e33593
02:10:03.108 [qtp399373008-61] DEBUG org.eclipse.jetty.io.FillInterest - interested FillInterest@621e3101{SSLC.NBReadCB@4d73ce9{SslConnection@4d73ce9::SocketChannelEndPoint@4985b9d4{l=/127.0.0.1:33277,r=/127.0.0.1:47692,OPEN,fill=FI,flush=-,to=0/30000}{io=0/0,kio=0,kro=1}->SslConnection@4d73ce9{NOT_HANDSHAKING,eio=-1/-1,di=-1,fill=INTERESTED,flush=IDLE}~>DecryptedEndPoint@3733529d{l=/127.0.0.1:33277,r=/127.0.0.1:47692,OPEN,fill=FI,flush=-,to=0/30000}=>HttpConnection@1a765e2d[p=HttpParser{s=START,0 of -1},g=HttpGenerator@295d3154{s=START}]=>HttpChannelOverHttp@67f54af{s=HttpChannelState@62d006ad{s=IDLE rs=BLOCKING os=OPEN is=IDLE awp=false se=false i=true al=0},r=1,c=false/false,a=IDLE,uri=null,age=0}}}
02:10:03.108 [qtp399373008-61] DEBUG org.eclipse.jetty.io.ChannelEndPoint - changeInterests p=false 0->1 for SocketChannelEndPoint@4985b9d4{l=/127.0.0.1:33277,r=/127.0.0.1:47692,OPEN,fill=FI,flush=-,to=0/30000}{io=0/1,kio=0,kro=1}->SslConnection@4d73ce9{NOT_HANDSHAKING,eio=-1/-1,di=-1,fill=INTERESTED,flush=IDLE}~>DecryptedEndPoint@3733529d{l=/127.0.0.1:33277,r=/127.0.0.1:47692,OPEN,fill=FI,flush=-,to=0/30000}=>HttpConnection@1a765e2d[p=HttpParser{s=START,0 of -1},g=HttpGenerator@295d3154{s=START}]=>HttpChannelOverHttp@67f54af{s=HttpChannelState@62d006ad{s=IDLE rs=BLOCKING os=OPEN is=IDLE awp=false se=false i=true al=0},r=1,c=false/false,a=IDLE,uri=null,age=0}
02:10:03.108 [qtp399373008-61] DEBUG org.eclipse.jetty.io.ManagedSelector - Queued change lazy=false org.eclipse.jetty.io.ChannelEndPoint$$Lambda$255/1830220082@5f1379df on ManagedSelector@5733f295{STARTED} id=1 keys=1 selected=0 updates=0
02:10:03.108 [qtp399373008-57] DEBUG org.eclipse.jetty.server.HttpChannel - new HttpChannelOverHttp@1f7df843{s=HttpChannelState@56301c2f{s=IDLE rs=BLOCKING os=OPEN is=IDLE awp=false se=false i=true al=0},r=0,c=false/false,a=IDLE,uri=null,age=0} -> DecryptedEndPoint@6a672d2d{l=/127.0.0.1:33277,r=/127.0.0.1:47700,OPEN,fill=-,flush=-,to=0/30000},null,HttpChannelState@56301c2f{s=IDLE rs=BLOCKING os=OPEN is=IDLE awp=false se=false i=true al=0}
02:10:03.108 [qtp399373008-61] DEBUG org.eclipse.jetty.io.ManagedSelector - Wakeup on submit ManagedSelector@5733f295{STARTED} id=1 keys=1 selected=0 updates=1
02:10:03.108 [qtp399373008-57] DEBUG org.eclipse.jetty.server.HttpConnection - New HTTP Connection HttpConnection@7436d25f::DecryptedEndPoint@6a672d2d{l=/127.0.0.1:33277,r=/127.0.0.1:47700,OPEN,fill=-,flush=-,to=0/30000}
02:10:03.108 [qtp399373008-60] DEBUG org.eclipse.jetty.io.ManagedSelector - Selector sun.nio.ch.EPollSelectorImpl@79e51817 woken with none selected
02:10:03.108 [qtp399373008-61] DEBUG org.eclipse.jetty.server.HttpConnection - HttpConnection@1a765e2d::DecryptedEndPoint@3733529d{l=/127.0.0.1:33277,r=/127.0.0.1:47692,OPEN,fill=FI,flush=-,to=1/30000} onFillable exit HttpChannelState@62d006ad{s=IDLE rs=BLOCKING os=OPEN is=IDLE awp=false se=false i=true al=0} null
02:10:03.108 [qtp399373008-60] DEBUG org.eclipse.jetty.io.ManagedSelector - Selector sun.nio.ch.EPollSelectorImpl@79e51817 woken up from select, 0/0/1 selected
02:10:03.108 [qtp399373008-57] DEBUG org.eclipse.jetty.io.ManagedSelector - Queued change lazy=true org.eclipse.jetty.io.ManagedSelector$$Lambda$258/615682846@479937a on ManagedSelector@47a86fbb{STARTED} id=2 keys=1 selected=0 updates=0
02:10:03.108 [qtp399373008-60] DEBUG org.eclipse.jetty.io.ManagedSelector - Selector sun.nio.ch.EPollSelectorImpl@79e51817 processing 0 keys, 1 updates
02:10:03.108 [qtp399373008-60] DEBUG org.eclipse.jetty.io.ManagedSelector - updateable 1
02:10:03.108 [qtp399373008-60] DEBUG org.eclipse.jetty.io.ManagedSelector - update org.eclipse.jetty.io.ChannelEndPoint$$Lambda$255/1830220082@5f1379df
02:10:03.108 [qtp399373008-61] DEBUG org.eclipse.jetty.io.ssl.SslConnection - <c.onFillable SslConnection@4d73ce9::SocketChannelEndPoint@4985b9d4{l=/127.0.0.1:33277,r=/127.0.0.1:47692,OPEN,fill=FI,flush=-,to=0/30000}{io=0/1,kio=0,kro=1}->SslConnection@4d73ce9{NOT_HANDSHAKING,eio=-1/-1,di=-1,fill=INTERESTED,flush=IDLE}~>DecryptedEndPoint@3733529d{l=/127.0.0.1:33277,r=/127.0.0.1:47692,OPEN,fill=FI,flush=-,to=1/30000}=>HttpConnection@1a765e2d[p=HttpParser{s=START,0 of -1},g=HttpGenerator@295d3154{s=START}]=>HttpChannelOverHttp@67f54af{s=HttpChannelState@62d006ad{s=IDLE rs=BLOCKING os=OPEN is=IDLE awp=false se=false i=true al=0},r=1,c=false/false,a=IDLE,uri=null,age=0}
02:10:03.108 [qtp399373008-57] DEBUG org.eclipse.jetty.io.AbstractEndPoint - onOpen SocketChannelEndPoint@676b7014{l=/127.0.0.1:33277,r=/127.0.0.1:47700,OPEN,fill=-,flush=-,to=0/30000}{io=0/0,kio=0,kro=0}->SslConnection@527e26be{NOT_HANDSHAKING,eio=-1/-1,di=-1,fill=IDLE,flush=IDLE}~>DecryptedEndPoint@6a672d2d{l=/127.0.0.1:33277,r=/127.0.0.1:47700,OPEN,fill=-,flush=-,to=0/30000}=>HttpConnection@7436d25f[p=HttpParser{s=START,0 of -1},g=HttpGenerator@1a37799{s=START}]=>HttpChannelOverHttp@1f7df843{s=HttpChannelState@56301c2f{s=IDLE rs=BLOCKING os=OPEN is=IDLE awp=false se=false i=true al=0},r=0,c=false/false,a=IDLE,uri=null,age=0}
02:10:03.108 [qtp399373008-61] DEBUG org.eclipse.jetty.util.thread.ReservedThreadExecutor - ReservedThread@731d7367{RUNNING,thread=Thread[qtp399373008-61,5,main]} was=RUNNING next=RESERVED size=0+2 capacity=8
02:10:03.108 [qtp399373008-61] DEBUG org.eclipse.jetty.util.thread.ReservedThreadExecutor - ReservedThread@731d7367{RESERVED,thread=Thread[qtp399373008-61,5,main]} waiting ReservedThreadExecutor@424fd310{reserved=2/8,pending=0}
02:10:03.108 [qtp399373008-60] DEBUG org.eclipse.jetty.io.ChannelEndPoint - Key interests updated 0 -> 1 on SocketChannelEndPoint@4985b9d4{l=/127.0.0.1:33277,r=/127.0.0.1:47692,OPEN,fill=FI,flush=-,to=0/30000}{io=1/1,kio=1,kro=1}->SslConnection@4d73ce9{NOT_HANDSHAKING,eio=-1/-1,di=-1,fill=INTERESTED,flush=IDLE}~>DecryptedEndPoint@3733529d{l=/127.0.0.1:33277,r=/127.0.0.1:47692,OPEN,fill=FI,flush=-,to=1/30000}=>HttpConnection@1a765e2d[p=HttpParser{s=START,0 of -1},g=HttpGenerator@295d3154{s=START}]=>HttpChannelOverHttp@67f54af{s=HttpChannelState@62d006ad{s=IDLE rs=BLOCKING os=OPEN is=IDLE awp=false se=false i=true al=0},r=1,c=false/false,a=IDLE,uri=null,age=0}
02:10:03.108 [qtp399373008-57] DEBUG org.eclipse.jetty.io.AbstractConnection - onOpen SslConnection@527e26be::SocketChannelEndPoint@676b7014{l=/127.0.0.1:33277,r=/127.0.0.1:47700,OPEN,fill=-,flush=-,to=0/30000}{io=0/0,kio=0,kro=0}->SslConnection@527e26be{NOT_HANDSHAKING,eio=-1/-1,di=-1,fill=IDLE,flush=IDLE}~>DecryptedEndPoint@6a672d2d{l=/127.0.0.1:33277,r=/127.0.0.1:47700,OPEN,fill=-,flush=-,to=0/30000}=>HttpConnection@7436d25f[p=HttpParser{s=START,0 of -1},g=HttpGenerator@1a37799{s=START}]=>HttpChannelOverHttp@1f7df843{s=HttpChannelState@56301c2f{s=IDLE rs=BLOCKING os=OPEN is=IDLE awp=false se=false i=true al=0},r=0,c=false/false,a=IDLE,uri=null,age=0}
02:10:03.108 [qtp399373008-60] DEBUG org.eclipse.jetty.io.ManagedSelector - updates 0
02:10:03.108 [qtp399373008-57] DEBUG org.eclipse.jetty.io.AbstractConnection - onOpen HttpConnection@7436d25f::DecryptedEndPoint@6a672d2d{l=/127.0.0.1:33277,r=/127.0.0.1:47700,OPEN,fill=-,flush=-,to=0/30000}
02:10:03.108 [qtp399373008-60] DEBUG org.eclipse.jetty.io.ManagedSelector - Selector sun.nio.ch.EPollSelectorImpl@79e51817 waiting with 1 keys
02:10:03.108 [qtp399373008-57] DEBUG org.eclipse.jetty.io.AbstractConnection - fillInterested HttpConnection@7436d25f::DecryptedEndPoint@6a672d2d{l=/127.0.0.1:33277,r=/127.0.0.1:47700,OPEN,fill=-,flush=-,to=0/30000}
02:10:03.108 [qtp399373008-57] DEBUG org.eclipse.jetty.io.FillInterest - interested FillInterest@4345f9d8{AC.ReadCB@7436d25f{HttpConnection@7436d25f::DecryptedEndPoint@6a672d2d{l=/127.0.0.1:33277,r=/127.0.0.1:47700,OPEN,fill=FI,flush=-,to=0/30000}}}
02:10:03.108 [qtp399373008-57] DEBUG org.eclipse.jetty.io.ssl.SslConnection - >needFillInterest s=IDLE/IDLE uf=false ei=null di=null SslConnection@527e26be::SocketChannelEndPoint@676b7014{l=/127.0.0.1:33277,r=/127.0.0.1:47700,OPEN,fill=-,flush=-,to=0/30000}{io=0/0,kio=0,kro=0}->SslConnection@527e26be{NOT_HANDSHAKING,eio=-1/-1,di=-1,fill=IDLE,flush=IDLE}~>DecryptedEndPoint@6a672d2d{l=/127.0.0.1:33277,r=/127.0.0.1:47700,OPEN,fill=FI,flush=-,to=0/30000}=>HttpConnection@7436d25f[p=HttpParser{s=START,0 of -1},g=HttpGenerator@1a37799{s=START}]=>HttpChannelOverHttp@1f7df843{s=HttpChannelState@56301c2f{s=IDLE rs=BLOCKING os=OPEN is=IDLE awp=false se=false i=true al=0},r=0,c=false/false,a=IDLE,uri=null,age=0}
02:10:03.108 [qtp399373008-57] DEBUG org.eclipse.jetty.io.ssl.SslConnection - <needFillInterest s=IDLE/INTERESTED f=false i=true w=null
02:10:03.108 [qtp399373008-57] DEBUG org.eclipse.jetty.io.ssl.SslConnection - ensureFillInterested SslConnection@527e26be::SocketChannelEndPoint@676b7014{l=/127.0.0.1:33277,r=/127.0.0.1:47700,OPEN,fill=-,flush=-,to=0/30000}{io=0/0,kio=0,kro=0}->SslConnection@527e26be{NOT_HANDSHAKING,eio=-1/-1,di=-1,fill=INTERESTED,flush=IDLE}~>DecryptedEndPoint@6a672d2d{l=/127.0.0.1:33277,r=/127.0.0.1:47700,OPEN,fill=FI,flush=-,to=0/30000}=>HttpConnection@7436d25f[p=HttpParser{s=START,0 of -1},g=HttpGenerator@1a37799{s=START}]=>HttpChannelOverHttp@1f7df843{s=HttpChannelState@56301c2f{s=IDLE rs=BLOCKING os=OPEN is=IDLE awp=false se=false i=true al=0},r=0,c=false/false,a=IDLE,uri=null,age=0}
02:10:03.108 [qtp399373008-57] DEBUG org.eclipse.jetty.io.FillInterest - interested FillInterest@b6f5089{SSLC.NBReadCB@527e26be{SslConnection@527e26be::SocketChannelEndPoint@676b7014{l=/127.0.0.1:33277,r=/127.0.0.1:47700,OPEN,fill=FI,flush=-,to=0/30000}{io=0/0,kio=0,kro=0}->SslConnection@527e26be{NOT_HANDSHAKING,eio=-1/-1,di=-1,fill=INTERESTED,flush=IDLE}~>DecryptedEndPoint@6a672d2d{l=/127.0.0.1:33277,r=/127.0.0.1:47700,OPEN,fill=FI,flush=-,to=0/30000}=>HttpConnection@7436d25f[p=HttpParser{s=START,0 of -1},g=HttpGenerator@1a37799{s=START}]=>HttpChannelOverHttp@1f7df843{s=HttpChannelState@56301c2f{s=IDLE rs=BLOCKING os=OPEN is=IDLE awp=false se=false i=true al=0},r=0,c=false/false,a=IDLE,uri=null,age=0}}}
02:10:03.108 [qtp399373008-57] DEBUG org.eclipse.jetty.io.ChannelEndPoint - changeInterests p=false 0->1 for SocketChannelEndPoint@676b7014{l=/127.0.0.1:33277,r=/127.0.0.1:47700,OPEN,fill=FI,flush=-,to=0/30000}{io=0/1,kio=0,kro=0}->SslConnection@527e26be{NOT_HANDSHAKING,eio=-1/-1,di=-1,fill=INTERESTED,flush=IDLE}~>DecryptedEndPoint@6a672d2d{l=/127.0.0.1:33277,r=/127.0.0.1:47700,OPEN,fill=FI,flush=-,to=0/30000}=>HttpConnection@7436d25f[p=HttpParser{s=START,0 of -1},g=HttpGenerator@1a37799{s=START}]=>HttpChannelOverHttp@1f7df843{s=HttpChannelState@56301c2f{s=IDLE rs=BLOCKING os=OPEN is=IDLE awp=false se=false i=true al=0},r=0,c=false/false,a=IDLE,uri=null,age=0}
02:10:03.108 [qtp399373008-57] DEBUG org.eclipse.jetty.io.ManagedSelector - Queued change lazy=false org.eclipse.jetty.io.ChannelEndPoint$$Lambda$255/1830220082@2807dc8c on ManagedSelector@47a86fbb{STARTED} id=2 keys=1 selected=0 updates=1
02:10:03.108 [qtp399373008-57] DEBUG org.eclipse.jetty.io.ManagedSelector - Wakeup on submit ManagedSelector@47a86fbb{STARTED} id=2 keys=1 selected=0 updates=2
02:10:03.108 [qtp399373008-58] DEBUG org.eclipse.jetty.io.ManagedSelector - Selector sun.nio.ch.EPollSelectorImpl@5b063887 woken with none selected
02:10:03.108 [qtp399373008-58] DEBUG org.eclipse.jetty.io.ManagedSelector - Selector sun.nio.ch.EPollSelectorImpl@5b063887 woken up from select, 0/0/1 selected
02:10:03.108 [qtp399373008-58] DEBUG org.eclipse.jetty.io.ManagedSelector - Selector sun.nio.ch.EPollSelectorImpl@5b063887 processing 0 keys, 2 updates
02:10:03.108 [qtp399373008-57] DEBUG org.eclipse.jetty.io.ManagedSelector - Created SocketChannelEndPoint@676b7014{l=/127.0.0.1:33277,r=/127.0.0.1:47700,OPEN,fill=FI,flush=-,to=0/30000}{io=0/1,kio=0,kro=0}->SslConnection@527e26be{NOT_HANDSHAKING,eio=-1/-1,di=-1,fill=INTERESTED,flush=IDLE}~>DecryptedEndPoint@6a672d2d{l=/127.0.0.1:33277,r=/127.0.0.1:47700,OPEN,fill=FI,flush=-,to=0/30000}=>HttpConnection@7436d25f[p=HttpParser{s=START,0 of -1},g=HttpGenerator@1a37799{s=START}]=>HttpChannelOverHttp@1f7df843{s=HttpChannelState@56301c2f{s=IDLE rs=BLOCKING os=OPEN is=IDLE awp=false se=false i=true al=0},r=0,c=false/false,a=IDLE,uri=null,age=0}
02:10:03.108 [qtp399373008-58] DEBUG org.eclipse.jetty.io.ManagedSelector - updateable 2
02:10:03.109 [qtp399373008-58] DEBUG org.eclipse.jetty.io.ManagedSelector - update org.eclipse.jetty.io.ManagedSelector$$Lambda$258/615682846@479937a
02:10:03.109 [qtp399373008-58] DEBUG org.eclipse.jetty.io.ManagedSelector - update org.eclipse.jetty.io.ChannelEndPoint$$Lambda$255/1830220082@2807dc8c
02:10:03.109 [qtp399373008-57] DEBUG org.eclipse.jetty.util.thread.QueuedThreadPool - ran Accept@36f6988e[java.nio.channels.SocketChannel[connected local=/127.0.0.1:33277 remote=/127.0.0.1:47700]] in QueuedThreadPool[qtp399373008]@17cdf2d0{STARTED,8<=8<=200,i=0,r=-1,q=0}[ReservedThreadExecutor@424fd310{reserved=2/8,pending=0}]
02:10:03.109 [qtp399373008-58] DEBUG org.eclipse.jetty.io.ChannelEndPoint - Key interests updated 0 -> 1 on SocketChannelEndPoint@676b7014{l=/127.0.0.1:33277,r=/127.0.0.1:47700,OPEN,fill=FI,flush=-,to=0/30000}{io=1/1,kio=1,kro=0}->SslConnection@527e26be{NOT_HANDSHAKING,eio=-1/-1,di=-1,fill=INTERESTED,flush=IDLE}~>DecryptedEndPoint@6a672d2d{l=/127.0.0.1:33277,r=/127.0.0.1:47700,OPEN,fill=FI,flush=-,to=0/30000}=>HttpConnection@7436d25f[p=HttpParser{s=START,0 of -1},g=HttpGenerator@1a37799{s=START}]=>HttpChannelOverHttp@1f7df843{s=HttpChannelState@56301c2f{s=IDLE rs=BLOCKING os=OPEN is=IDLE awp=false se=false i=true al=0},r=0,c=false/false,a=IDLE,uri=null,age=0}
02:10:03.109 [qtp399373008-58] DEBUG org.eclipse.jetty.io.ManagedSelector - updates 0
02:10:03.109 [qtp399373008-58] DEBUG org.eclipse.jetty.io.ManagedSelector - Selector sun.nio.ch.EPollSelectorImpl@5b063887 waiting with 1 keys
02:10:03.109 [qtp399373008-58] DEBUG org.eclipse.jetty.io.ManagedSelector - Selector sun.nio.ch.EPollSelectorImpl@5b063887 woken up from select, 1/1/1 selected
02:10:03.109 [qtp399373008-58] DEBUG org.eclipse.jetty.io.ManagedSelector - Selector sun.nio.ch.EPollSelectorImpl@5b063887 processing 1 keys, 0 updates
02:10:03.109 [qtp399373008-58] DEBUG org.eclipse.jetty.io.ManagedSelector - selected 1 sun.nio.ch.SelectionKeyImpl@55c1cd97 SocketChannelEndPoint@676b7014{l=/127.0.0.1:33277,r=/127.0.0.1:47700,OPEN,fill=FI,flush=-,to=0/30000}{io=1/1,kio=1,kro=1}->SslConnection@527e26be{NOT_HANDSHAKING,eio=-1/-1,di=-1,fill=INTERESTED,flush=IDLE}~>DecryptedEndPoint@6a672d2d{l=/127.0.0.1:33277,r=/127.0.0.1:47700,OPEN,fill=FI,flush=-,to=1/30000}=>HttpConnection@7436d25f[p=HttpParser{s=START,0 of -1},g=HttpGenerator@1a37799{s=START}]=>HttpChannelOverHttp@1f7df843{s=HttpChannelState@56301c2f{s=IDLE rs=BLOCKING os=OPEN is=IDLE awp=false se=false i=true al=0},r=0,c=false/false,a=IDLE,uri=null,age=0} 
02:10:03.109 [qtp399373008-58] DEBUG org.eclipse.jetty.io.ChannelEndPoint - onSelected 1->0 r=true w=false for SocketChannelEndPoint@676b7014{l=/127.0.0.1:33277,r=/127.0.0.1:47700,OPEN,fill=FI,flush=-,to=0/30000}{io=1/0,kio=1,kro=1}->SslConnection@527e26be{NOT_HANDSHAKING,eio=-1/-1,di=-1,fill=INTERESTED,flush=IDLE}~>DecryptedEndPoint@6a672d2d{l=/127.0.0.1:33277,r=/127.0.0.1:47700,OPEN,fill=FI,flush=-,to=1/30000}=>HttpConnection@7436d25f[p=HttpParser{s=START,0 of -1},g=HttpGenerator@1a37799{s=START}]=>HttpChannelOverHttp@1f7df843{s=HttpChannelState@56301c2f{s=IDLE rs=BLOCKING os=OPEN is=IDLE awp=false se=false i=true al=0},r=0,c=false/false,a=IDLE,uri=null,age=0}
02:10:03.109 [qtp399373008-58] DEBUG org.eclipse.jetty.io.ChannelEndPoint - task CEP:SocketChannelEndPoint@676b7014{l=/127.0.0.1:33277,r=/127.0.0.1:47700,OPEN,fill=FI,flush=-,to=1/30000}{io=1/0,kio=1,kro=1}->SslConnection@527e26be{NOT_HANDSHAKING,eio=-1/-1,di=-1,fill=INTERESTED,flush=IDLE}~>DecryptedEndPoint@6a672d2d{l=/127.0.0.1:33277,r=/127.0.0.1:47700,OPEN,fill=FI,flush=-,to=1/30000}=>HttpConnection@7436d25f[p=HttpParser{s=START,0 of -1},g=HttpGenerator@1a37799{s=START}]=>HttpChannelOverHttp@1f7df843{s=HttpChannelState@56301c2f{s=IDLE rs=BLOCKING os=OPEN is=IDLE awp=false se=false i=true al=0},r=0,c=false/false,a=IDLE,uri=null,age=0}:runFillable:BLOCKING
02:10:03.109 [qtp399373008-58] DEBUG org.eclipse.jetty.util.thread.ReservedThreadExecutor - ReservedThreadExecutor@424fd310{reserved=2/8,pending=0} tryExecute EatWhatYouKill@1c3146bc/SelectorProducer@56c698e3/PRODUCING/p=false/QueuedThreadPool[qtp399373008]@17cdf2d0{STARTED,8<=8<=200,i=1,r=-1,q=0}[ReservedThreadExecutor@424fd310{reserved=2/8,pending=0}][pc=0,pic=0,pec=0,epc=0]@2024-05-02T02:10:03.109+01:00
02:10:03.110 [qtp399373008-58] DEBUG org.eclipse.jetty.util.thread.strategy.EatWhatYouKill - EatWhatYouKill@1c3146bc/SelectorProducer@56c698e3/IDLE/p=true/QueuedThreadPool[qtp399373008]@17cdf2d0{STARTED,8<=8<=200,i=1,r=-1,q=0}[ReservedThreadExecutor@424fd310{reserved=1/8,pending=0}][pc=0,pic=0,pec=0,epc=0]@2024-05-02T02:10:03.11+01:00 m=EXECUTE_PRODUCE_CONSUME t=CEP:SocketChannelEndPoint@676b7014{l=/127.0.0.1:33277,r=/127.0.0.1:47700,OPEN,fill=FI,flush=-,to=1/30000}{io=1/0,kio=1,kro=1}->SslConnection@527e26be{NOT_HANDSHAKING,eio=-1/-1,di=-1,fill=INTERESTED,flush=IDLE}~>DecryptedEndPoint@6a672d2d{l=/127.0.0.1:33277,r=/127.0.0.1:47700,OPEN,fill=FI,flush=-,to=1/30000}=>HttpConnection@7436d25f[p=HttpParser{s=START,0 of -1},g=HttpGenerator@1a37799{s=START}]=>HttpChannelOverHttp@1f7df843{s=HttpChannelState@56301c2f{s=IDLE rs=BLOCKING os=OPEN is=IDLE awp=false se=false i=true al=0},r=0,c=false/false,a=IDLE,uri=null,age=0}:runFillable:BLOCKING/BLOCKING
02:10:03.110 [qtp399373008-61] DEBUG org.eclipse.jetty.util.thread.ReservedThreadExecutor - ReservedThread@731d7367{RESERVED,thread=Thread[qtp399373008-61,5,main]} task=EatWhatYouKill@1c3146bc/SelectorProducer@56c698e3/IDLE/p=true/QueuedThreadPool[qtp399373008]@17cdf2d0{STARTED,8<=8<=200,i=1,r=-1,q=0}[ReservedThreadExecutor@424fd310{reserved=1/8,pending=0}][pc=0,pic=0,pec=0,epc=0]@2024-05-02T02:10:03.11+01:00 ReservedThreadExecutor@424fd310{reserved=1/8,pending=0}
02:10:03.110 [qtp399373008-61] DEBUG org.eclipse.jetty.util.thread.strategy.EatWhatYouKill - EatWhatYouKill@1c3146bc/SelectorProducer@56c698e3/IDLE/p=true/QueuedThreadPool[qtp399373008]@17cdf2d0{STARTED,8<=8<=200,i=1,r=-1,q=0}[ReservedThreadExecutor@424fd310{reserved=1/8,pending=0}][pc=0,pic=0,pec=0,epc=1]@2024-05-02T02:10:03.11+01:00 tryProduce true
02:10:03.110 [qtp399373008-58] DEBUG org.eclipse.jetty.io.FillInterest - fillable FillInterest@b6f5089{SSLC.NBReadCB@527e26be{SslConnection@527e26be::SocketChannelEndPoint@676b7014{l=/127.0.0.1:33277,r=/127.0.0.1:47700,OPEN,fill=FI,flush=-,to=1/30000}{io=1/0,kio=1,kro=1}->SslConnection@527e26be{NOT_HANDSHAKING,eio=-1/-1,di=-1,fill=INTERESTED,flush=IDLE}~>DecryptedEndPoint@6a672d2d{l=/127.0.0.1:33277,r=/127.0.0.1:47700,OPEN,fill=FI,flush=-,to=1/30000}=>HttpConnection@7436d25f[p=HttpParser{s=START,0 of -1},g=HttpGenerator@1a37799{s=START}]=>HttpChannelOverHttp@1f7df843{s=HttpChannelState@56301c2f{s=IDLE rs=BLOCKING os=OPEN is=IDLE awp=false se=false i=true al=0},r=0,c=false/false,a=IDLE,uri=null,age=0}}}
02:10:03.110 [qtp399373008-61] DEBUG org.eclipse.jetty.io.ManagedSelector - updateable 0
02:10:03.110 [qtp399373008-61] DEBUG org.eclipse.jetty.io.ManagedSelector - updates 0
02:10:03.110 [qtp399373008-58] DEBUG org.eclipse.jetty.io.ssl.SslConnection - >c.onFillable SslConnection@527e26be::SocketChannelEndPoint@676b7014{l=/127.0.0.1:33277,r=/127.0.0.1:47700,OPEN,fill=-,flush=-,to=1/30000}{io=1/0,kio=1,kro=1}->SslConnection@527e26be{NOT_HANDSHAKING,eio=-1/-1,di=-1,fill=INTERESTED,flush=IDLE}~>DecryptedEndPoint@6a672d2d{l=/127.0.0.1:33277,r=/127.0.0.1:47700,OPEN,fill=FI,flush=-,to=1/30000}=>HttpConnection@7436d25f[p=HttpParser{s=START,0 of -1},g=HttpGenerator@1a37799{s=START}]=>HttpChannelOverHttp@1f7df843{s=HttpChannelState@56301c2f{s=IDLE rs=BLOCKING os=OPEN is=IDLE awp=false se=false i=true al=0},r=0,c=false/false,a=IDLE,uri=null,age=0}
02:10:03.110 [qtp399373008-61] DEBUG org.eclipse.jetty.io.ChannelEndPoint - Key interests updated 1 -> 0 on SocketChannelEndPoint@676b7014{l=/127.0.0.1:33277,r=/127.0.0.1:47700,OPEN,fill=-,flush=-,to=1/30000}{io=0/0,kio=0,kro=1}->SslConnection@527e26be{NOT_HANDSHAKING,eio=-1/-1,di=-1,fill=INTERESTED,flush=IDLE}~>DecryptedEndPoint@6a672d2d{l=/127.0.0.1:33277,r=/127.0.0.1:47700,OPEN,fill=FI,flush=-,to=2/30000}=>HttpConnection@7436d25f[p=HttpParser{s=START,0 of -1},g=HttpGenerator@1a37799{s=START}]=>HttpChannelOverHttp@1f7df843{s=HttpChannelState@56301c2f{s=IDLE rs=BLOCKING os=OPEN is=IDLE awp=false se=false i=true al=0},r=0,c=false/false,a=IDLE,uri=null,age=0}
02:10:03.110 [qtp399373008-61] DEBUG org.eclipse.jetty.io.ManagedSelector - Selector sun.nio.ch.EPollSelectorImpl@5b063887 waiting with 1 keys
02:10:03.110 [qtp399373008-58] DEBUG org.eclipse.jetty.io.ssl.SslConnection - onFillable SslConnection@527e26be::SocketChannelEndPoint@676b7014{l=/127.0.0.1:33277,r=/127.0.0.1:47700,OPEN,fill=-,flush=-,to=1/30000}{io=0/0,kio=0,kro=1}->SslConnection@527e26be{NOT_HANDSHAKING,eio=-1/-1,di=-1,fill=INTERESTED,flush=IDLE}~>DecryptedEndPoint@6a672d2d{l=/127.0.0.1:33277,r=/127.0.0.1:47700,OPEN,fill=FI,flush=-,to=2/30000}=>HttpConnection@7436d25f[p=HttpParser{s=START,0 of -1},g=HttpGenerator@1a37799{s=START}]=>HttpChannelOverHttp@1f7df843{s=HttpChannelState@56301c2f{s=IDLE rs=BLOCKING os=OPEN is=IDLE awp=false se=false i=true al=0},r=0,c=false/false,a=IDLE,uri=null,age=0}
02:10:03.110 [qtp399373008-58] DEBUG org.eclipse.jetty.io.FillInterest - fillable FillInterest@4345f9d8{AC.ReadCB@7436d25f{HttpConnection@7436d25f::DecryptedEndPoint@6a672d2d{l=/127.0.0.1:33277,r=/127.0.0.1:47700,OPEN,fill=FI,flush=-,to=2/30000}}}
02:10:03.110 [qtp399373008-58] DEBUG org.eclipse.jetty.server.HttpConnection - HttpConnection@7436d25f::DecryptedEndPoint@6a672d2d{l=/127.0.0.1:33277,r=/127.0.0.1:47700,OPEN,fill=-,flush=-,to=2/30000} onFillable enter HttpChannelState@56301c2f{s=IDLE rs=BLOCKING os=OPEN is=IDLE awp=false se=false i=true al=0} null
02:10:03.111 [qtp399373008-58] DEBUG org.eclipse.jetty.io.ssl.SslConnection - >fill SslConnection@527e26be::SocketChannelEndPoint@676b7014{l=/127.0.0.1:33277,r=/127.0.0.1:47700,OPEN,fill=-,flush=-,to=2/30000}{io=0/0,kio=0,kro=1}->SslConnection@527e26be{NOT_HANDSHAKING,eio=-1/-1,di=-1,fill=IDLE,flush=IDLE}~>DecryptedEndPoint@6a672d2d{l=/127.0.0.1:33277,r=/127.0.0.1:47700,OPEN,fill=-,flush=-,to=2/30000}=>HttpConnection@7436d25f[p=HttpParser{s=START,0 of -1},g=HttpGenerator@1a37799{s=START}]=>HttpChannelOverHttp@1f7df843{s=HttpChannelState@56301c2f{s=IDLE rs=BLOCKING os=OPEN is=IDLE awp=false se=false i=true al=0},r=0,c=false/false,a=IDLE,uri=null,age=0}
02:10:03.111 [qtp399373008-58] DEBUG org.eclipse.jetty.io.ssl.SslConnection - fill NOT_HANDSHAKING
02:10:03.111 [qtp399373008-58] DEBUG org.eclipse.jetty.io.ChannelEndPoint - filled 339 HeapByteBuffer@816b3[p=0,l=339,c=17408,r=339]={<<<\x16\x03\x03\x01N\x01\x00\x01J\x03\x03]\xD0\xFf\x87\xC5)\x08O%a\x00\x00\xE8\xA1...\xF1\xA7\xE5\xBd\x92R\x90\xC6\xB8h\r\nCtj\xC5m2\xFf\x01\x00\x01\x00>>>\xF9\xFb}{\xC0\xFag\xC6G...\x00\x00\x00\x00\x00\x00\x00}
02:10:03.111 [qtp399373008-58] DEBUG org.eclipse.jetty.io.ssl.SslConnection - net filled=339
02:10:03.114 [qtp399373008-58] DEBUG org.eclipse.jetty.io.ssl.SslConnection - fill starting handshake SslConnection@527e26be::SocketChannelEndPoint@676b7014{l=/127.0.0.1:33277,r=/127.0.0.1:47700,OPEN,fill=-,flush=-,to=0/30000}{io=0/0,kio=0,kro=1}->SslConnection@527e26be{NOT_HANDSHAKING,eio=339/-1,di=-1,fill=IDLE,flush=IDLE}~>DecryptedEndPoint@6a672d2d{l=/127.0.0.1:33277,r=/127.0.0.1:47700,OPEN,fill=-,flush=-,to=5/30000}=>HttpConnection@7436d25f[p=HttpParser{s=START,0 of -1},g=HttpGenerator@1a37799{s=START}]=>HttpChannelOverHttp@1f7df843{s=HttpChannelState@56301c2f{s=IDLE rs=BLOCKING os=OPEN is=IDLE awp=false se=false i=true al=0},r=0,c=false/false,a=IDLE,uri=null,age=0}
02:10:03.115 [qtp399373008-58] DEBUG org.eclipse.jetty.io.ssl.SslConnection - unwrap net_filled=339 Status = OK HandshakeStatus = NEED_TASK bytesConsumed = 339 bytesProduced = 0 encryptedBuffer=[p=339,l=339,c=17408,r=0] unwrapBuffer=HeapByteBuffer@ecff91a[p=0,l=0,c=17408,r=0]={<<<>>>\x17\x03\x03\x00\xC9E\x88\x99 ...\x00\x00\x00\x00\x00\x00\x00} appBuffer=HeapByteBuffer@ecff91a[p=0,l=0,c=17408,r=0]={<<<>>>\x17\x03\x03\x00\xC9E\x88\x99 ...\x00\x00\x00\x00\x00\x00\x00}
02:10:03.115 [qtp399373008-58] DEBUG org.eclipse.jetty.io.ssl.SslConnection - fill NEED_TASK
02:10:03.124 [qtp399373008-58] DEBUG org.eclipse.jetty.io.ssl.SslConnection - fill NEED_WRAP
02:10:03.124 [qtp399373008-58] DEBUG org.eclipse.jetty.io.ssl.SslConnection - >flush SslConnection@527e26be::SocketChannelEndPoint@676b7014{l=/127.0.0.1:33277,r=/127.0.0.1:47700,OPEN,fill=-,flush=-,to=13/30000}{io=0/0,kio=0,kro=1}->SslConnection@527e26be{NEED_WRAP,eio=0/-1,di=-1,fill=IDLE,flush=IDLE}~>DecryptedEndPoint@6a672d2d{l=/127.0.0.1:33277,r=/127.0.0.1:47700,OPEN,fill=-,flush=-,to=16/30000}=>HttpConnection@7436d25f[p=HttpParser{s=START,0 of -1},g=HttpGenerator@1a37799{s=START}]=>HttpChannelOverHttp@1f7df843{s=HttpChannelState@56301c2f{s=IDLE rs=BLOCKING os=OPEN is=IDLE awp=false se=false i=true al=0},r=0,c=false/false,a=IDLE,uri=null,age=0}
02:10:03.124 [qtp399373008-58] DEBUG org.eclipse.jetty.io.ssl.SslConnection - flush b[0]=HeapByteBuffer@58b1a525[p=0,l=0,c=0,r=0]={<<<>>>}
02:10:03.124 [qtp399373008-58] DEBUG org.eclipse.jetty.io.ssl.SslConnection - flush NEED_WRAP
02:10:03.124 [qtp399373008-58] DEBUG org.eclipse.jetty.io.ssl.SslConnection - wrap Status = OK HandshakeStatus = NEED_WRAP bytesConsumed = 0 bytesProduced = 160 [p=0,l=160,c=17408,r=160] ioDone=false/false
02:10:03.125 [qtp399373008-58] DEBUG org.eclipse.jetty.io.ChannelEndPoint - flushed 160 SocketChannelEndPoint@676b7014{l=/127.0.0.1:33277,r=/127.0.0.1:47700,OPEN,fill=-,flush=-,to=13/30000}{io=0/0,kio=0,kro=1}->SslConnection@527e26be{NEED_WRAP,eio=0/0,di=-1,fill=IDLE,flush=IDLE}~>DecryptedEndPoint@6a672d2d{l=/127.0.0.1:33277,r=/127.0.0.1:47700,OPEN,fill=-,flush=-,to=16/30000}=>HttpConnection@7436d25f[p=HttpParser{s=START,0 of -1},g=HttpGenerator@1a37799{s=START}]=>HttpChannelOverHttp@1f7df843{s=HttpChannelState@56301c2f{s=IDLE rs=BLOCKING os=OPEN is=IDLE awp=false se=false i=true al=0},r=0,c=false/false,a=IDLE,uri=null,age=0}
02:10:03.125 [qtp399373008-58] DEBUG org.eclipse.jetty.io.ssl.SslConnection - net flushed=true, ac=true
02:10:03.125 [qtp399373008-58] DEBUG org.eclipse.jetty.io.ssl.SslConnection - flush NEED_WRAP
02:10:03.125 [qtp399373008-58] DEBUG org.eclipse.jetty.io.ssl.SslConnection - wrap Status = OK HandshakeStatus = NEED_WRAP bytesConsumed = 0 bytesProduced = 6 [p=0,l=6,c=17408,r=6] ioDone=false/false
02:10:03.125 [qtp399373008-58] DEBUG org.eclipse.jetty.io.ChannelEndPoint - flushed 6 SocketChannelEndPoint@676b7014{l=/127.0.0.1:33277,r=/127.0.0.1:47700,OPEN,fill=-,flush=-,to=0/30000}{io=0/0,kio=0,kro=1}->SslConnection@527e26be{NEED_WRAP,eio=0/0,di=-1,fill=IDLE,flush=IDLE}~>DecryptedEndPoint@6a672d2d{l=/127.0.0.1:33277,r=/127.0.0.1:47700,OPEN,fill=-,flush=-,to=16/30000}=>HttpConnection@7436d25f[p=HttpParser{s=START,0 of -1},g=HttpGenerator@1a37799{s=START}]=>HttpChannelOverHttp@1f7df843{s=HttpChannelState@56301c2f{s=IDLE rs=BLOCKING os=OPEN is=IDLE awp=false se=false i=true al=0},r=0,c=false/false,a=IDLE,uri=null,age=0}
02:10:03.125 [qtp399373008-58] DEBUG org.eclipse.jetty.io.ssl.SslConnection - net flushed=true, ac=true
02:10:03.125 [qtp399373008-58] DEBUG org.eclipse.jetty.io.ssl.SslConnection - flush NEED_WRAP
02:10:03.125 [qtp399373008-58] DEBUG org.eclipse.jetty.io.ssl.SslConnection - wrap Status = OK HandshakeStatus = NEED_UNWRAP bytesConsumed = 0 bytesProduced = 1597 [p=0,l=1597,c=17408,r=1597] ioDone=false/false
02:10:03.126 [qtp399373008-58] DEBUG org.eclipse.jetty.io.ChannelEndPoint - flushed 1597 SocketChannelEndPoint@676b7014{l=/127.0.0.1:33277,r=/127.0.0.1:47700,OPEN,fill=-,flush=-,to=0/30000}{io=0/0,kio=0,kro=1}->SslConnection@527e26be{NEED_UNWRAP,eio=0/0,di=-1,fill=IDLE,flush=IDLE}~>DecryptedEndPoint@6a672d2d{l=/127.0.0.1:33277,r=/127.0.0.1:47700,OPEN,fill=-,flush=-,to=17/30000}=>HttpConnection@7436d25f[p=HttpParser{s=START,0 of -1},g=HttpGenerator@1a37799{s=START}]=>HttpChannelOverHttp@1f7df843{s=HttpChannelState@56301c2f{s=IDLE rs=BLOCKING os=OPEN is=IDLE awp=false se=false i=true al=0},r=0,c=false/false,a=IDLE,uri=null,age=0}
02:10:03.126 [qtp399373008-58] DEBUG org.eclipse.jetty.io.ssl.SslConnection - net flushed=true, ac=true
02:10:03.126 [qtp399373008-58] DEBUG org.eclipse.jetty.io.ssl.SslConnection - <flush true SslConnection@527e26be::SocketChannelEndPoint@676b7014{l=/127.0.0.1:33277,r=/127.0.0.1:47700,OPEN,fill=-,flush=-,to=0/30000}{io=0/0,kio=0,kro=1}->SslConnection@527e26be{NEED_UNWRAP,eio=0/-1,di=-1,fill=IDLE,flush=IDLE}~>DecryptedEndPoint@6a672d2d{l=/127.0.0.1:33277,r=/127.0.0.1:47700,OPEN,fill=-,flush=-,to=17/30000}=>HttpConnection@7436d25f[p=HttpParser{s=START,0 of -1},g=HttpGenerator@1a37799{s=START}]=>HttpChannelOverHttp@1f7df843{s=HttpChannelState@56301c2f{s=IDLE rs=BLOCKING os=OPEN is=IDLE awp=false se=false i=true al=0},r=0,c=false/false,a=IDLE,uri=null,age=0}
02:10:03.126 [qtp399373008-58] DEBUG org.eclipse.jetty.io.ssl.SslConnection - fill NEED_UNWRAP
02:10:03.126 [qtp399373008-58] DEBUG org.eclipse.jetty.io.ChannelEndPoint - filled 0 HeapByteBuffer@816b3[p=0,l=0,c=17408,r=0]={<<<>>>\x16\x03\x03\x01N\x01\x00\x01J...\x00\x00\x00\x00\x00\x00\x00}
02:10:03.126 [qtp399373008-58] DEBUG org.eclipse.jetty.io.ssl.SslConnection - net filled=0
02:10:03.126 [qtp399373008-58] DEBUG org.eclipse.jetty.io.ssl.SslConnection - unwrap net_filled=0 Status = BUFFER_UNDERFLOW HandshakeStatus = NEED_UNWRAP bytesConsumed = 0 bytesProduced = 0 encryptedBuffer=[p=0,l=0,c=17408,r=0] unwrapBuffer=HeapByteBuffer@ecff91a[p=0,l=0,c=17408,r=0]={<<<>>>\x17\x03\x03\x00\xC9E\x88\x99 ...\x00\x00\x00\x00\x00\x00\x00} appBuffer=HeapByteBuffer@ecff91a[p=0,l=0,c=17408,r=0]={<<<>>>\x17\x03\x03\x00\xC9E\x88\x99 ...\x00\x00\x00\x00\x00\x00\x00}
02:10:03.126 [qtp399373008-58] DEBUG org.eclipse.jetty.io.ssl.SslConnection - <fill f=0 uf=true SslConnection@527e26be::SocketChannelEndPoint@676b7014{l=/127.0.0.1:33277,r=/127.0.0.1:47700,OPEN,fill=-,flush=-,to=0/30000}{io=0/0,kio=0,kro=1}->SslConnection@527e26be{NEED_UNWRAP,eio=-1/-1,di=-1,fill=IDLE,flush=IDLE}~>DecryptedEndPoint@6a672d2d{l=/127.0.0.1:33277,r=/127.0.0.1:47700,OPEN,fill=-,flush=-,to=17/30000}=>HttpConnection@7436d25f[p=HttpParser{s=START,0 of -1},g=HttpGenerator@1a37799{s=START}]=>HttpChannelOverHttp@1f7df843{s=HttpChannelState@56301c2f{s=IDLE rs=BLOCKING os=OPEN is=IDLE awp=false se=false i=true al=0},r=0,c=false/false,a=IDLE,uri=null,age=0}
02:10:03.126 [qtp399373008-58] DEBUG org.eclipse.jetty.io.ssl.SslConnection - >fill SslConnection@527e26be::SocketChannelEndPoint@676b7014{l=/127.0.0.1:33277,r=/127.0.0.1:47700,OPEN,fill=-,flush=-,to=0/30000}{io=0/0,kio=0,kro=1}->SslConnection@527e26be{NEED_UNWRAP,eio=-1/-1,di=-1,fill=IDLE,flush=IDLE}~>DecryptedEndPoint@6a672d2d{l=/127.0.0.1:33277,r=/127.0.0.1:47700,OPEN,fill=-,flush=-,to=17/30000}=>HttpConnection@7436d25f[p=HttpParser{s=START,0 of -1},g=HttpGenerator@1a37799{s=START}]=>HttpChannelOverHttp@1f7df843{s=HttpChannelState@56301c2f{s=IDLE rs=BLOCKING os=OPEN is=IDLE awp=false se=false i=true al=0},r=0,c=false/false,a=IDLE,uri=null,age=0}
02:10:03.126 [qtp399373008-58] DEBUG org.eclipse.jetty.io.ssl.SslConnection - fill NEED_UNWRAP
02:10:03.126 [qtp399373008-58] DEBUG org.eclipse.jetty.io.ChannelEndPoint - filled 0 HeapByteBuffer@30c33a9d[p=0,l=0,c=17408,r=0]={<<<>>>\x17\x03\x03\x0683\x15\xAb\x86...\x00\x00\x00\x00\x00\x00\x00}
02:10:03.126 [qtp399373008-58] DEBUG org.eclipse.jetty.io.ssl.SslConnection - net filled=0
02:10:03.126 [qtp399373008-58] DEBUG org.eclipse.jetty.io.ssl.SslConnection - unwrap net_filled=0 Status = BUFFER_UNDERFLOW HandshakeStatus = NEED_UNWRAP bytesConsumed = 0 bytesProduced = 0 encryptedBuffer=[p=0,l=0,c=17408,r=0] unwrapBuffer=HeapByteBuffer@ecff91a[p=0,l=0,c=17408,r=0]={<<<>>>\x17\x03\x03\x00\xC9E\x88\x99 ...\x00\x00\x00\x00\x00\x00\x00} appBuffer=HeapByteBuffer@ecff91a[p=0,l=0,c=17408,r=0]={<<<>>>\x17\x03\x03\x00\xC9E\x88\x99 ...\x00\x00\x00\x00\x00\x00\x00}
02:10:03.126 [qtp399373008-58] DEBUG org.eclipse.jetty.io.ssl.SslConnection - <fill f=0 uf=true SslConnection@527e26be::SocketChannelEndPoint@676b7014{l=/127.0.0.1:33277,r=/127.0.0.1:47700,OPEN,fill=-,flush=-,to=0/30000}{io=0/0,kio=0,kro=1}->SslConnection@527e26be{NEED_UNWRAP,eio=-1/-1,di=-1,fill=IDLE,flush=IDLE}~>DecryptedEndPoint@6a672d2d{l=/127.0.0.1:33277,r=/127.0.0.1:47700,OPEN,fill=-,flush=-,to=18/30000}=>HttpConnection@7436d25f[p=HttpParser{s=START,0 of -1},g=HttpGenerator@1a37799{s=START}]=>HttpChannelOverHttp@1f7df843{s=HttpChannelState@56301c2f{s=IDLE rs=BLOCKING os=OPEN is=IDLE awp=false se=false i=true al=0},r=0,c=false/false,a=IDLE,uri=null,age=0}
02:10:03.126 [qtp399373008-58] DEBUG org.eclipse.jetty.server.HttpConnection - HttpConnection@7436d25f::DecryptedEndPoint@6a672d2d{l=/127.0.0.1:33277,r=/127.0.0.1:47700,OPEN,fill=-,flush=-,to=18/30000} filled 0 HeapByteBuffer@ecff91a[p=0,l=0,c=17408,r=0]={<<<>>>\x17\x03\x03\x00\xC9E\x88\x99 ...\x00\x00\x00\x00\x00\x00\x00}
02:10:03.126 [qtp399373008-58] DEBUG org.eclipse.jetty.server.HttpConnection - HttpConnection@7436d25f::DecryptedEndPoint@6a672d2d{l=/127.0.0.1:33277,r=/127.0.0.1:47700,OPEN,fill=-,flush=-,to=18/30000} parse HeapByteBuffer@ecff91a[p=0,l=0,c=17408,r=0]={<<<>>>\x17\x03\x03\x00\xC9E\x88\x99 ...\x00\x00\x00\x00\x00\x00\x00} {}
02:10:03.126 [qtp399373008-58] DEBUG org.eclipse.jetty.http.HttpParser - parseNext s=START HeapByteBuffer@ecff91a[p=0,l=0,c=17408,r=0]={<<<>>>\x17\x03\x03\x00\xC9E\x88\x99 ...\x00\x00\x00\x00\x00\x00\x00}
02:10:03.126 [qtp399373008-58] DEBUG org.eclipse.jetty.server.HttpConnection - HttpConnection@7436d25f::DecryptedEndPoint@6a672d2d{l=/127.0.0.1:33277,r=/127.0.0.1:47700,OPEN,fill=-,flush=-,to=18/30000} parsed false HttpParser{s=START,0 of -1}
02:10:03.126 [qtp399373008-58] DEBUG org.eclipse.jetty.server.HttpConnection - releaseRequestBuffer HttpConnection@7436d25f::DecryptedEndPoint@6a672d2d{l=/127.0.0.1:33277,r=/127.0.0.1:47700,OPEN,fill=-,flush=-,to=18/30000}
02:10:03.126 [qtp399373008-58] DEBUG org.eclipse.jetty.io.AbstractConnection - fillInterested HttpConnection@7436d25f::DecryptedEndPoint@6a672d2d{l=/127.0.0.1:33277,r=/127.0.0.1:47700,OPEN,fill=-,flush=-,to=18/30000}
02:10:03.126 [qtp399373008-58] DEBUG org.eclipse.jetty.io.FillInterest - interested FillInterest@4345f9d8{AC.ReadCB@7436d25f{HttpConnection@7436d25f::DecryptedEndPoint@6a672d2d{l=/127.0.0.1:33277,r=/127.0.0.1:47700,OPEN,fill=FI,flush=-,to=0/30000}}}
02:10:03.126 [qtp399373008-58] DEBUG org.eclipse.jetty.io.ssl.SslConnection - >needFillInterest s=IDLE/IDLE uf=true ei=null di=null SslConnection@527e26be::SocketChannelEndPoint@676b7014{l=/127.0.0.1:33277,r=/127.0.0.1:47700,OPEN,fill=-,flush=-,to=0/30000}{io=0/0,kio=0,kro=1}->SslConnection@527e26be{NEED_UNWRAP,eio=-1/-1,di=-1,fill=IDLE,flush=IDLE}~>DecryptedEndPoint@6a672d2d{l=/127.0.0.1:33277,r=/127.0.0.1:47700,OPEN,fill=FI,flush=-,to=0/30000}=>HttpConnection@7436d25f[p=HttpParser{s=START,0 of -1},g=HttpGenerator@1a37799{s=START}]=>HttpChannelOverHttp@1f7df843{s=HttpChannelState@56301c2f{s=IDLE rs=BLOCKING os=OPEN is=IDLE awp=false se=false i=true al=0},r=0,c=false/false,a=IDLE,uri=null,age=0}
02:10:03.127 [qtp399373008-58] DEBUG org.eclipse.jetty.io.ssl.SslConnection - <needFillInterest s=IDLE/INTERESTED f=false i=true w=null
02:10:03.127 [qtp399373008-58] DEBUG org.eclipse.jetty.io.ssl.SslConnection - ensureFillInterested SslConnection@527e26be::SocketChannelEndPoint@676b7014{l=/127.0.0.1:33277,r=/127.0.0.1:47700,OPEN,fill=-,flush=-,to=0/30000}{io=0/0,kio=0,kro=1}->SslConnection@527e26be{NEED_UNWRAP,eio=-1/-1,di=-1,fill=INTERESTED,flush=IDLE}~>DecryptedEndPoint@6a672d2d{l=/127.0.0.1:33277,r=/127.0.0.1:47700,OPEN,fill=FI,flush=-,to=0/30000}=>HttpConnection@7436d25f[p=HttpParser{s=START,0 of -1},g=HttpGenerator@1a37799{s=START}]=>HttpChannelOverHttp@1f7df843{s=HttpChannelState@56301c2f{s=IDLE rs=BLOCKING os=OPEN is=IDLE awp=false se=false i=true al=0},r=0,c=false/false,a=IDLE,uri=null,age=0}
02:10:03.127 [qtp399373008-58] DEBUG org.eclipse.jetty.io.FillInterest - interested FillInterest@b6f5089{SSLC.NBReadCB@527e26be{SslConnection@527e26be::SocketChannelEndPoint@676b7014{l=/127.0.0.1:33277,r=/127.0.0.1:47700,OPEN,fill=FI,flush=-,to=0/30000}{io=0/0,kio=0,kro=1}->SslConnection@527e26be{NEED_UNWRAP,eio=-1/-1,di=-1,fill=INTERESTED,flush=IDLE}~>DecryptedEndPoint@6a672d2d{l=/127.0.0.1:33277,r=/127.0.0.1:47700,OPEN,fill=FI,flush=-,to=0/30000}=>HttpConnection@7436d25f[p=HttpParser{s=START,0 of -1},g=HttpGenerator@1a37799{s=START}]=>HttpChannelOverHttp@1f7df843{s=HttpChannelState@56301c2f{s=IDLE rs=BLOCKING os=OPEN is=IDLE awp=false se=false i=true al=0},r=0,c=false/false,a=IDLE,uri=null,age=0}}}
02:10:03.127 [qtp399373008-58] DEBUG org.eclipse.jetty.io.ChannelEndPoint - changeInterests p=false 0->1 for SocketChannelEndPoint@676b7014{l=/127.0.0.1:33277,r=/127.0.0.1:47700,OPEN,fill=FI,flush=-,to=0/30000}{io=0/1,kio=0,kro=1}->SslConnection@527e26be{NEED_UNWRAP,eio=-1/-1,di=-1,fill=INTERESTED,flush=IDLE}~>DecryptedEndPoint@6a672d2d{l=/127.0.0.1:33277,r=/127.0.0.1:47700,OPEN,fill=FI,flush=-,to=0/30000}=>HttpConnection@7436d25f[p=HttpParser{s=START,0 of -1},g=HttpGenerator@1a37799{s=START}]=>HttpChannelOverHttp@1f7df843{s=HttpChannelState@56301c2f{s=IDLE rs=BLOCKING os=OPEN is=IDLE awp=false se=false i=true al=0},r=0,c=false/false,a=IDLE,uri=null,age=0}
02:10:03.127 [qtp399373008-58] DEBUG org.eclipse.jetty.io.ManagedSelector - Queued change lazy=false org.eclipse.jetty.io.ChannelEndPoint$$Lambda$255/1830220082@2807dc8c on ManagedSelector@47a86fbb{STARTED} id=2 keys=1 selected=0 updates=0
02:10:03.127 [qtp399373008-58] DEBUG org.eclipse.jetty.io.ManagedSelector - Wakeup on submit ManagedSelector@47a86fbb{STARTED} id=2 keys=1 selected=0 updates=1
02:10:03.127 [qtp399373008-61] DEBUG org.eclipse.jetty.io.ManagedSelector - Selector sun.nio.ch.EPollSelectorImpl@5b063887 woken with none selected
02:10:03.127 [qtp399373008-58] DEBUG org.eclipse.jetty.server.HttpConnection - HttpConnection@7436d25f::DecryptedEndPoint@6a672d2d{l=/127.0.0.1:33277,r=/127.0.0.1:47700,OPEN,fill=FI,flush=-,to=0/30000} onFillable exit HttpChannelState@56301c2f{s=IDLE rs=BLOCKING os=OPEN is=IDLE awp=false se=false i=true al=0} null
02:10:03.127 [qtp399373008-61] DEBUG org.eclipse.jetty.io.ManagedSelector - Selector sun.nio.ch.EPollSelectorImpl@5b063887 woken up from select, 0/0/1 selected
02:10:03.127 [qtp399373008-61] DEBUG org.eclipse.jetty.io.ManagedSelector - Selector sun.nio.ch.EPollSelectorImpl@5b063887 processing 0 keys, 1 updates
02:10:03.127 [qtp399373008-61] DEBUG org.eclipse.jetty.io.ManagedSelector - updateable 1
02:10:03.127 [qtp399373008-61] DEBUG org.eclipse.jetty.io.ManagedSelector - update org.eclipse.jetty.io.ChannelEndPoint$$Lambda$255/1830220082@2807dc8c
02:10:03.127 [qtp399373008-58] DEBUG org.eclipse.jetty.io.ssl.SslConnection - <c.onFillable SslConnection@527e26be::SocketChannelEndPoint@676b7014{l=/127.0.0.1:33277,r=/127.0.0.1:47700,OPEN,fill=FI,flush=-,to=0/30000}{io=0/1,kio=0,kro=1}->SslConnection@527e26be{NEED_UNWRAP,eio=-1/-1,di=-1,fill=INTERESTED,flush=IDLE}~>DecryptedEndPoint@6a672d2d{l=/127.0.0.1:33277,r=/127.0.0.1:47700,OPEN,fill=FI,flush=-,to=0/30000}=>HttpConnection@7436d25f[p=HttpParser{s=START,0 of -1},g=HttpGenerator@1a37799{s=START}]=>HttpChannelOverHttp@1f7df843{s=HttpChannelState@56301c2f{s=IDLE rs=BLOCKING os=OPEN is=IDLE awp=false se=false i=true al=0},r=0,c=false/false,a=IDLE,uri=null,age=0}
02:10:03.127 [qtp399373008-58] DEBUG org.eclipse.jetty.util.thread.QueuedThreadPool - ran org.eclipse.jetty.io.ManagedSelector$$Lambda$253/838473569@73dce0e6 in QueuedThreadPool[qtp399373008]@17cdf2d0{STARTED,8<=8<=200,i=1,r=-1,q=0}[ReservedThreadExecutor@424fd310{reserved=1/8,pending=0}]
02:10:03.127 [qtp399373008-61] DEBUG org.eclipse.jetty.io.ChannelEndPoint - Key interests updated 0 -> 1 on SocketChannelEndPoint@676b7014{l=/127.0.0.1:33277,r=/127.0.0.1:47700,OPEN,fill=FI,flush=-,to=0/30000}{io=1/1,kio=1,kro=1}->SslConnection@527e26be{NEED_UNWRAP,eio=-1/-1,di=-1,fill=INTERESTED,flush=IDLE}~>DecryptedEndPoint@6a672d2d{l=/127.0.0.1:33277,r=/127.0.0.1:47700,OPEN,fill=FI,flush=-,to=0/30000}=>HttpConnection@7436d25f[p=HttpParser{s=START,0 of -1},g=HttpGenerator@1a37799{s=START}]=>HttpChannelOverHttp@1f7df843{s=HttpChannelState@56301c2f{s=IDLE rs=BLOCKING os=OPEN is=IDLE awp=false se=false i=true al=0},r=0,c=false/false,a=IDLE,uri=null,age=0}
02:10:03.127 [qtp399373008-61] DEBUG org.eclipse.jetty.io.ManagedSelector - updates 0
02:10:03.127 [qtp399373008-61] DEBUG org.eclipse.jetty.io.ManagedSelector - Selector sun.nio.ch.EPollSelectorImpl@5b063887 waiting with 1 keys
02:10:03.128 [qtp399373008-61] DEBUG org.eclipse.jetty.io.ManagedSelector - Selector sun.nio.ch.EPollSelectorImpl@5b063887 woken up from select, 1/1/1 selected
02:10:03.128 [qtp399373008-61] DEBUG org.eclipse.jetty.io.ManagedSelector - Selector sun.nio.ch.EPollSelectorImpl@5b063887 processing 1 keys, 0 updates
02:10:03.128 [qtp399373008-61] DEBUG org.eclipse.jetty.io.ManagedSelector - selected 1 sun.nio.ch.SelectionKeyImpl@55c1cd97 SocketChannelEndPoint@676b7014{l=/127.0.0.1:33277,r=/127.0.0.1:47700,OPEN,fill=FI,flush=-,to=1/30000}{io=1/1,kio=1,kro=1}->SslConnection@527e26be{NEED_UNWRAP,eio=-1/-1,di=-1,fill=INTERESTED,flush=IDLE}~>DecryptedEndPoint@6a672d2d{l=/127.0.0.1:33277,r=/127.0.0.1:47700,OPEN,fill=FI,flush=-,to=2/30000}=>HttpConnection@7436d25f[p=HttpParser{s=START,0 of -1},g=HttpGenerator@1a37799{s=START}]=>HttpChannelOverHttp@1f7df843{s=HttpChannelState@56301c2f{s=IDLE rs=BLOCKING os=OPEN is=IDLE awp=false se=false i=true al=0},r=0,c=false/false,a=IDLE,uri=null,age=0} 
02:10:03.129 [qtp399373008-61] DEBUG org.eclipse.jetty.io.ChannelEndPoint - onSelected 1->0 r=true w=false for SocketChannelEndPoint@676b7014{l=/127.0.0.1:33277,r=/127.0.0.1:47700,OPEN,fill=FI,flush=-,to=1/30000}{io=1/0,kio=1,kro=1}->SslConnection@527e26be{NEED_UNWRAP,eio=-1/-1,di=-1,fill=INTERESTED,flush=IDLE}~>DecryptedEndPoint@6a672d2d{l=/127.0.0.1:33277,r=/127.0.0.1:47700,OPEN,fill=FI,flush=-,to=2/30000}=>HttpConnection@7436d25f[p=HttpParser{s=START,0 of -1},g=HttpGenerator@1a37799{s=START}]=>HttpChannelOverHttp@1f7df843{s=HttpChannelState@56301c2f{s=IDLE rs=BLOCKING os=OPEN is=IDLE awp=false se=false i=true al=0},r=0,c=false/false,a=IDLE,uri=null,age=0}
02:10:03.129 [qtp399373008-61] DEBUG org.eclipse.jetty.io.ChannelEndPoint - task CEP:SocketChannelEndPoint@676b7014{l=/127.0.0.1:33277,r=/127.0.0.1:47700,OPEN,fill=FI,flush=-,to=1/30000}{io=1/0,kio=1,kro=1}->SslConnection@527e26be{NEED_UNWRAP,eio=-1/-1,di=-1,fill=INTERESTED,flush=IDLE}~>DecryptedEndPoint@6a672d2d{l=/127.0.0.1:33277,r=/127.0.0.1:47700,OPEN,fill=FI,flush=-,to=2/30000}=>HttpConnection@7436d25f[p=HttpParser{s=START,0 of -1},g=HttpGenerator@1a37799{s=START}]=>HttpChannelOverHttp@1f7df843{s=HttpChannelState@56301c2f{s=IDLE rs=BLOCKING os=OPEN is=IDLE awp=false se=false i=true al=0},r=0,c=false/false,a=IDLE,uri=null,age=0}:runFillable:BLOCKING
02:10:03.129 [qtp399373008-61] DEBUG org.eclipse.jetty.util.thread.ReservedThreadExecutor - ReservedThreadExecutor@424fd310{reserved=1/8,pending=0} tryExecute EatWhatYouKill@1c3146bc/SelectorProducer@56c698e3/PRODUCING/p=false/QueuedThreadPool[qtp399373008]@17cdf2d0{STARTED,8<=8<=200,i=2,r=-1,q=0}[ReservedThreadExecutor@424fd310{reserved=1/8,pending=0}][pc=0,pic=0,pec=0,epc=1]@2024-05-02T02:10:03.129+01:00
02:10:03.129 [qtp399373008-61] DEBUG org.eclipse.jetty.util.thread.ReservedThreadExecutor - ReservedThreadExecutor@424fd310{reserved=0/8,pending=1} startReservedThread p=1
02:10:03.129 [qtp399373008-61] DEBUG org.eclipse.jetty.util.thread.QueuedThreadPool - queue ReservedThread@66ba7cba{PENDING,thread=null} startThread=0
02:10:03.129 [qtp399373008-57] DEBUG org.eclipse.jetty.util.thread.QueuedThreadPool - run ReservedThread@66ba7cba{PENDING,thread=null} in QueuedThreadPool[qtp399373008]@17cdf2d0{STARTED,8<=8<=200,i=1,r=-1,q=0}[ReservedThreadExecutor@424fd310{reserved=0/8,pending=1}]
02:10:03.129 [qtp399373008-57] DEBUG org.eclipse.jetty.util.thread.ReservedThreadExecutor - ReservedThread@66ba7cba{PENDING,thread=Thread[qtp399373008-57,5,main]} was=PENDING next=RESERVED size=0+1 capacity=8
02:10:03.129 [qtp399373008-57] DEBUG org.eclipse.jetty.util.thread.ReservedThreadExecutor - ReservedThread@66ba7cba{RESERVED,thread=Thread[qtp399373008-57,5,main]} waiting ReservedThreadExecutor@424fd310{reserved=1/8,pending=0}
02:10:03.129 [qtp399373008-62] DEBUG org.eclipse.jetty.util.thread.ReservedThreadExecutor - ReservedThread@60af7bcf{RESERVED,thread=Thread[qtp399373008-62,5,main]} task=EatWhatYouKill@1c3146bc/SelectorProducer@56c698e3/IDLE/p=true/QueuedThreadPool[qtp399373008]@17cdf2d0{STARTED,8<=8<=200,i=1,r=-1,q=0}[ReservedThreadExecutor@424fd310{reserved=0/8,pending=1}][pc=0,pic=0,pec=0,epc=1]@2024-05-02T02:10:03.129+01:00 ReservedThreadExecutor@424fd310{reserved=1/8,pending=0}
02:10:03.129 [qtp399373008-61] DEBUG org.eclipse.jetty.util.thread.strategy.EatWhatYouKill - EatWhatYouKill@1c3146bc/SelectorProducer@56c698e3/IDLE/p=true/QueuedThreadPool[qtp399373008]@17cdf2d0{STARTED,8<=8<=200,i=1,r=-1,q=0}[ReservedThreadExecutor@424fd310{reserved=1/8,pending=0}][pc=0,pic=0,pec=0,epc=1]@2024-05-02T02:10:03.129+01:00 m=EXECUTE_PRODUCE_CONSUME t=CEP:SocketChannelEndPoint@676b7014{l=/127.0.0.1:33277,r=/127.0.0.1:47700,OPEN,fill=FI,flush=-,to=2/30000}{io=1/0,kio=1,kro=1}->SslConnection@527e26be{NEED_UNWRAP,eio=-1/-1,di=-1,fill=INTERESTED,flush=IDLE}~>DecryptedEndPoint@6a672d2d{l=/127.0.0.1:33277,r=/127.0.0.1:47700,OPEN,fill=FI,flush=-,to=2/30000}=>HttpConnection@7436d25f[p=HttpParser{s=START,0 of -1},g=HttpGenerator@1a37799{s=START}]=>HttpChannelOverHttp@1f7df843{s=HttpChannelState@56301c2f{s=IDLE rs=BLOCKING os=OPEN is=IDLE awp=false se=false i=true al=0},r=0,c=false/false,a=IDLE,uri=null,age=0}:runFillable:BLOCKING/BLOCKING
02:10:03.129 [qtp399373008-62] DEBUG org.eclipse.jetty.util.thread.strategy.EatWhatYouKill - EatWhatYouKill@1c3146bc/SelectorProducer@56c698e3/IDLE/p=true/QueuedThreadPool[qtp399373008]@17cdf2d0{STARTED,8<=8<=200,i=1,r=-1,q=0}[ReservedThreadExecutor@424fd310{reserved=1/8,pending=0}][pc=0,pic=0,pec=0,epc=1]@2024-05-02T02:10:03.129+01:00 tryProduce true
02:10:03.129 [qtp399373008-62] DEBUG org.eclipse.jetty.io.ManagedSelector - updateable 0
02:10:03.129 [qtp399373008-62] DEBUG org.eclipse.jetty.io.ManagedSelector - updates 0
02:10:03.129 [qtp399373008-61] DEBUG org.eclipse.jetty.io.FillInterest - fillable FillInterest@b6f5089{SSLC.NBReadCB@527e26be{SslConnection@527e26be::SocketChannelEndPoint@676b7014{l=/127.0.0.1:33277,r=/127.0.0.1:47700,OPEN,fill=FI,flush=-,to=2/30000}{io=1/0,kio=1,kro=1}->SslConnection@527e26be{NEED_UNWRAP,eio=-1/-1,di=-1,fill=INTERESTED,flush=IDLE}~>DecryptedEndPoint@6a672d2d{l=/127.0.0.1:33277,r=/127.0.0.1:47700,OPEN,fill=FI,flush=-,to=2/30000}=>HttpConnection@7436d25f[p=HttpParser{s=START,0 of -1},g=HttpGenerator@1a37799{s=START}]=>HttpChannelOverHttp@1f7df843{s=HttpChannelState@56301c2f{s=IDLE rs=BLOCKING os=OPEN is=IDLE awp=false se=false i=true al=0},r=0,c=false/false,a=IDLE,uri=null,age=0}}}
02:10:03.129 [qtp399373008-61] DEBUG org.eclipse.jetty.io.ssl.SslConnection - >c.onFillable SslConnection@527e26be::SocketChannelEndPoint@676b7014{l=/127.0.0.1:33277,r=/127.0.0.1:47700,OPEN,fill=-,flush=-,to=2/30000}{io=0/0,kio=0,kro=1}->SslConnection@527e26be{NEED_UNWRAP,eio=-1/-1,di=-1,fill=INTERESTED,flush=IDLE}~>DecryptedEndPoint@6a672d2d{l=/127.0.0.1:33277,r=/127.0.0.1:47700,OPEN,fill=FI,flush=-,to=2/30000}=>HttpConnection@7436d25f[p=HttpParser{s=START,0 of -1},g=HttpGenerator@1a37799{s=START}]=>HttpChannelOverHttp@1f7df843{s=HttpChannelState@56301c2f{s=IDLE rs=BLOCKING os=OPEN is=IDLE awp=false se=false i=true al=0},r=0,c=false/false,a=IDLE,uri=null,age=0}
02:10:03.129 [qtp399373008-62] DEBUG org.eclipse.jetty.io.ChannelEndPoint - Key interests updated 1 -> 0 on SocketChannelEndPoint@676b7014{l=/127.0.0.1:33277,r=/127.0.0.1:47700,OPEN,fill=FI,flush=-,to=2/30000}{io=0/0,kio=0,kro=1}->SslConnection@527e26be{NEED_UNWRAP,eio=-1/-1,di=-1,fill=INTERESTED,flush=IDLE}~>DecryptedEndPoint@6a672d2d{l=/127.0.0.1:33277,r=/127.0.0.1:47700,OPEN,fill=FI,flush=-,to=2/30000}=>HttpConnection@7436d25f[p=HttpParser{s=START,0 of -1},g=HttpGenerator@1a37799{s=START}]=>HttpChannelOverHttp@1f7df843{s=HttpChannelState@56301c2f{s=IDLE rs=BLOCKING os=OPEN is=IDLE awp=false se=false i=true al=0},r=0,c=false/false,a=IDLE,uri=null,age=0}
02:10:03.129 [qtp399373008-62] DEBUG org.eclipse.jetty.io.ManagedSelector - Selector sun.nio.ch.EPollSelectorImpl@5b063887 waiting with 1 keys
02:10:03.129 [qtp399373008-61] DEBUG org.eclipse.jetty.io.ssl.SslConnection - onFillable SslConnection@527e26be::SocketChannelEndPoint@676b7014{l=/127.0.0.1:33277,r=/127.0.0.1:47700,OPEN,fill=-,flush=-,to=2/30000}{io=0/0,kio=0,kro=1}->SslConnection@527e26be{NEED_UNWRAP,eio=-1/-1,di=-1,fill=INTERESTED,flush=IDLE}~>DecryptedEndPoint@6a672d2d{l=/127.0.0.1:33277,r=/127.0.0.1:47700,OPEN,fill=FI,flush=-,to=2/30000}=>HttpConnection@7436d25f[p=HttpParser{s=START,0 of -1},g=HttpGenerator@1a37799{s=START}]=>HttpChannelOverHttp@1f7df843{s=HttpChannelState@56301c2f{s=IDLE rs=BLOCKING os=OPEN is=IDLE awp=false se=false i=true al=0},r=0,c=false/false,a=IDLE,uri=null,age=0}
02:10:03.129 [qtp399373008-61] DEBUG org.eclipse.jetty.io.FillInterest - fillable FillInterest@4345f9d8{AC.ReadCB@7436d25f{HttpConnection@7436d25f::DecryptedEndPoint@6a672d2d{l=/127.0.0.1:33277,r=/127.0.0.1:47700,OPEN,fill=FI,flush=-,to=2/30000}}}
02:10:03.129 [qtp399373008-61] DEBUG org.eclipse.jetty.server.HttpConnection - HttpConnection@7436d25f::DecryptedEndPoint@6a672d2d{l=/127.0.0.1:33277,r=/127.0.0.1:47700,OPEN,fill=-,flush=-,to=2/30000} onFillable enter HttpChannelState@56301c2f{s=IDLE rs=BLOCKING os=OPEN is=IDLE awp=false se=false i=true al=0} null
02:10:03.129 [qtp399373008-61] DEBUG org.eclipse.jetty.io.ssl.SslConnection - >fill SslConnection@527e26be::SocketChannelEndPoint@676b7014{l=/127.0.0.1:33277,r=/127.0.0.1:47700,OPEN,fill=-,flush=-,to=2/30000}{io=0/0,kio=0,kro=1}->SslConnection@527e26be{NEED_UNWRAP,eio=-1/-1,di=-1,fill=IDLE,flush=IDLE}~>DecryptedEndPoint@6a672d2d{l=/127.0.0.1:33277,r=/127.0.0.1:47700,OPEN,fill=-,flush=-,to=2/30000}=>HttpConnection@7436d25f[p=HttpParser{s=START,0 of -1},g=HttpGenerator@1a37799{s=START}]=>HttpChannelOverHttp@1f7df843{s=HttpChannelState@56301c2f{s=IDLE rs=BLOCKING os=OPEN is=IDLE awp=false se=false i=true al=0},r=0,c=false/false,a=IDLE,uri=null,age=0}
02:10:03.129 [qtp399373008-61] DEBUG org.eclipse.jetty.io.ssl.SslConnection - fill NEED_UNWRAP
02:10:03.130 [qtp399373008-61] DEBUG org.eclipse.jetty.io.ChannelEndPoint - filled 6 HeapByteBuffer@30c33a9d[p=0,l=6,c=17408,r=6]={<<<\x14\x03\x03\x00\x01\x01>>>\x15\xAb\x86\x14\x9b1\xE4S\xD3...\x00\x00\x00\x00\x00\x00\x00}
02:10:03.130 [qtp399373008-61] DEBUG org.eclipse.jetty.io.ssl.SslConnection - net filled=6
02:10:03.130 [qtp399373008-61] DEBUG org.eclipse.jetty.io.ssl.SslConnection - unwrap net_filled=6 Status = OK HandshakeStatus = NEED_UNWRAP bytesConsumed = 6 bytesProduced = 0 encryptedBuffer=[p=6,l=6,c=17408,r=0] unwrapBuffer=HeapByteBuffer@816b3[p=0,l=0,c=17408,r=0]={<<<>>>\x16\x03\x03\x01N\x01\x00\x01J...\x00\x00\x00\x00\x00\x00\x00} appBuffer=HeapByteBuffer@816b3[p=0,l=0,c=17408,r=0]={<<<>>>\x16\x03\x03\x01N\x01\x00\x01J...\x00\x00\x00\x00\x00\x00\x00}
02:10:03.130 [qtp399373008-61] DEBUG org.eclipse.jetty.io.ssl.SslConnection - fill NEED_UNWRAP
02:10:03.130 [qtp399373008-61] DEBUG org.eclipse.jetty.io.ChannelEndPoint - filled 0 HeapByteBuffer@30c33a9d[p=0,l=0,c=17408,r=0]={<<<>>>\x14\x03\x03\x00\x01\x01\x15\xAb\x86...\x00\x00\x00\x00\x00\x00\x00}
02:10:03.130 [qtp399373008-61] DEBUG org.eclipse.jetty.io.ssl.SslConnection - net filled=0
02:10:03.130 [qtp399373008-61] DEBUG org.eclipse.jetty.io.ssl.SslConnection - unwrap net_filled=0 Status = BUFFER_UNDERFLOW HandshakeStatus = NEED_UNWRAP bytesConsumed = 0 bytesProduced = 0 encryptedBuffer=[p=0,l=0,c=17408,r=0] unwrapBuffer=HeapByteBuffer@816b3[p=0,l=0,c=17408,r=0]={<<<>>>\x16\x03\x03\x01N\x01\x00\x01J...\x00\x00\x00\x00\x00\x00\x00} appBuffer=HeapByteBuffer@816b3[p=0,l=0,c=17408,r=0]={<<<>>>\x16\x03\x03\x01N\x01\x00\x01J...\x00\x00\x00\x00\x00\x00\x00}
02:10:03.130 [qtp399373008-61] DEBUG org.eclipse.jetty.io.ssl.SslConnection - <fill f=0 uf=true SslConnection@527e26be::SocketChannelEndPoint@676b7014{l=/127.0.0.1:33277,r=/127.0.0.1:47700,OPEN,fill=-,flush=-,to=0/30000}{io=0/0,kio=0,kro=1}->SslConnection@527e26be{NEED_UNWRAP,eio=-1/-1,di=-1,fill=IDLE,flush=IDLE}~>DecryptedEndPoint@6a672d2d{l=/127.0.0.1:33277,r=/127.0.0.1:47700,OPEN,fill=-,flush=-,to=3/30000}=>HttpConnection@7436d25f[p=HttpParser{s=START,0 of -1},g=HttpGenerator@1a37799{s=START}]=>HttpChannelOverHttp@1f7df843{s=HttpChannelState@56301c2f{s=IDLE rs=BLOCKING os=OPEN is=IDLE awp=false se=false i=true al=0},r=0,c=false/false,a=IDLE,uri=null,age=0}
02:10:03.130 [qtp399373008-61] DEBUG org.eclipse.jetty.io.ssl.SslConnection - >fill SslConnection@527e26be::SocketChannelEndPoint@676b7014{l=/127.0.0.1:33277,r=/127.0.0.1:47700,OPEN,fill=-,flush=-,to=0/30000}{io=0/0,kio=0,kro=1}->SslConnection@527e26be{NEED_UNWRAP,eio=-1/-1,di=-1,fill=IDLE,flush=IDLE}~>DecryptedEndPoint@6a672d2d{l=/127.0.0.1:33277,r=/127.0.0.1:47700,OPEN,fill=-,flush=-,to=3/30000}=>HttpConnection@7436d25f[p=HttpParser{s=START,0 of -1},g=HttpGenerator@1a37799{s=START}]=>HttpChannelOverHttp@1f7df843{s=HttpChannelState@56301c2f{s=IDLE rs=BLOCKING os=OPEN is=IDLE awp=false se=false i=true al=0},r=0,c=false/false,a=IDLE,uri=null,age=0}
02:10:03.130 [qtp399373008-61] DEBUG org.eclipse.jetty.io.ssl.SslConnection - fill NEED_UNWRAP
02:10:03.130 [qtp399373008-61] DEBUG org.eclipse.jetty.io.ChannelEndPoint - filled 0 HeapByteBuffer@ecff91a[p=0,l=0,c=17408,r=0]={<<<>>>\x17\x03\x03\x00\xC9E\x88\x99 ...\x00\x00\x00\x00\x00\x00\x00}
02:10:03.130 [qtp399373008-61] DEBUG org.eclipse.jetty.io.ssl.SslConnection - net filled=0
02:10:03.130 [qtp399373008-61] DEBUG org.eclipse.jetty.io.ssl.SslConnection - unwrap net_filled=0 Status = BUFFER_UNDERFLOW HandshakeStatus = NEED_UNWRAP bytesConsumed = 0 bytesProduced = 0 encryptedBuffer=[p=0,l=0,c=17408,r=0] unwrapBuffer=HeapByteBuffer@816b3[p=0,l=0,c=17408,r=0]={<<<>>>\x16\x03\x03\x01N\x01\x00\x01J...\x00\x00\x00\x00\x00\x00\x00} appBuffer=HeapByteBuffer@816b3[p=0,l=0,c=17408,r=0]={<<<>>>\x16\x03\x03\x01N\x01\x00\x01J...\x00\x00\x00\x00\x00\x00\x00}
02:10:03.130 [qtp399373008-61] DEBUG org.eclipse.jetty.io.ssl.SslConnection - <fill f=0 uf=true SslConnection@527e26be::SocketChannelEndPoint@676b7014{l=/127.0.0.1:33277,r=/127.0.0.1:47700,OPEN,fill=-,flush=-,to=0/30000}{io=0/0,kio=0,kro=1}->SslConnection@527e26be{NEED_UNWRAP,eio=-1/-1,di=-1,fill=IDLE,flush=IDLE}~>DecryptedEndPoint@6a672d2d{l=/127.0.0.1:33277,r=/127.0.0.1:47700,OPEN,fill=-,flush=-,to=3/30000}=>HttpConnection@7436d25f[p=HttpParser{s=START,0 of -1},g=HttpGenerator@1a37799{s=START}]=>HttpChannelOverHttp@1f7df843{s=HttpChannelState@56301c2f{s=IDLE rs=BLOCKING os=OPEN is=IDLE awp=false se=false i=true al=0},r=0,c=false/false,a=IDLE,uri=null,age=0}
02:10:03.130 [qtp399373008-61] DEBUG org.eclipse.jetty.server.HttpConnection - HttpConnection@7436d25f::DecryptedEndPoint@6a672d2d{l=/127.0.0.1:33277,r=/127.0.0.1:47700,OPEN,fill=-,flush=-,to=3/30000} filled 0 HeapByteBuffer@816b3[p=0,l=0,c=17408,r=0]={<<<>>>\x16\x03\x03\x01N\x01\x00\x01J...\x00\x00\x00\x00\x00\x00\x00}
02:10:03.130 [qtp399373008-61] DEBUG org.eclipse.jetty.server.HttpConnection - HttpConnection@7436d25f::DecryptedEndPoint@6a672d2d{l=/127.0.0.1:33277,r=/127.0.0.1:47700,OPEN,fill=-,flush=-,to=3/30000} parse HeapByteBuffer@816b3[p=0,l=0,c=17408,r=0]={<<<>>>\x16\x03\x03\x01N\x01\x00\x01J...\x00\x00\x00\x00\x00\x00\x00} {}
02:10:03.130 [qtp399373008-61] DEBUG org.eclipse.jetty.http.HttpParser - parseNext s=START HeapByteBuffer@816b3[p=0,l=0,c=17408,r=0]={<<<>>>\x16\x03\x03\x01N\x01\x00\x01J...\x00\x00\x00\x00\x00\x00\x00}
02:10:03.130 [qtp399373008-61] DEBUG org.eclipse.jetty.server.HttpConnection - HttpConnection@7436d25f::DecryptedEndPoint@6a672d2d{l=/127.0.0.1:33277,r=/127.0.0.1:47700,OPEN,fill=-,flush=-,to=4/30000} parsed false HttpParser{s=START,0 of -1}
02:10:03.130 [qtp399373008-61] DEBUG org.eclipse.jetty.server.HttpConnection - releaseRequestBuffer HttpConnection@7436d25f::DecryptedEndPoint@6a672d2d{l=/127.0.0.1:33277,r=/127.0.0.1:47700,OPEN,fill=-,flush=-,to=4/30000}
02:10:03.130 [qtp399373008-61] DEBUG org.eclipse.jetty.io.AbstractConnection - fillInterested HttpConnection@7436d25f::DecryptedEndPoint@6a672d2d{l=/127.0.0.1:33277,r=/127.0.0.1:47700,OPEN,fill=-,flush=-,to=4/30000}
02:10:03.130 [qtp399373008-61] DEBUG org.eclipse.jetty.io.FillInterest - interested FillInterest@4345f9d8{AC.ReadCB@7436d25f{HttpConnection@7436d25f::DecryptedEndPoint@6a672d2d{l=/127.0.0.1:33277,r=/127.0.0.1:47700,OPEN,fill=FI,flush=-,to=0/30000}}}
02:10:03.131 [qtp399373008-61] DEBUG org.eclipse.jetty.io.ssl.SslConnection - >needFillInterest s=IDLE/IDLE uf=true ei=null di=null SslConnection@527e26be::SocketChannelEndPoint@676b7014{l=/127.0.0.1:33277,r=/127.0.0.1:47700,OPEN,fill=-,flush=-,to=0/30000}{io=0/0,kio=0,kro=1}->SslConnection@527e26be{NEED_UNWRAP,eio=-1/-1,di=-1,fill=IDLE,flush=IDLE}~>DecryptedEndPoint@6a672d2d{l=/127.0.0.1:33277,r=/127.0.0.1:47700,OPEN,fill=FI,flush=-,to=0/30000}=>HttpConnection@7436d25f[p=HttpParser{s=START,0 of -1},g=HttpGenerator@1a37799{s=START}]=>HttpChannelOverHttp@1f7df843{s=HttpChannelState@56301c2f{s=IDLE rs=BLOCKING os=OPEN is=IDLE awp=false se=false i=true al=0},r=0,c=false/false,a=IDLE,uri=null,age=0}
02:10:03.131 [qtp399373008-61] DEBUG org.eclipse.jetty.io.ssl.SslConnection - <needFillInterest s=IDLE/INTERESTED f=false i=true w=null
02:10:03.131 [qtp399373008-61] DEBUG org.eclipse.jetty.io.ssl.SslConnection - ensureFillInterested SslConnection@527e26be::SocketChannelEndPoint@676b7014{l=/127.0.0.1:33277,r=/127.0.0.1:47700,OPEN,fill=-,flush=-,to=0/30000}{io=0/0,kio=0,kro=1}->SslConnection@527e26be{NEED_UNWRAP,eio=-1/-1,di=-1,fill=INTERESTED,flush=IDLE}~>DecryptedEndPoint@6a672d2d{l=/127.0.0.1:33277,r=/127.0.0.1:47700,OPEN,fill=FI,flush=-,to=0/30000}=>HttpConnection@7436d25f[p=HttpParser{s=START,0 of -1},g=HttpGenerator@1a37799{s=START}]=>HttpChannelOverHttp@1f7df843{s=HttpChannelState@56301c2f{s=IDLE rs=BLOCKING os=OPEN is=IDLE awp=false se=false i=true al=0},r=0,c=false/false,a=IDLE,uri=null,age=0}
02:10:03.131 [qtp399373008-61] DEBUG org.eclipse.jetty.io.FillInterest - interested FillInterest@b6f5089{SSLC.NBReadCB@527e26be{SslConnection@527e26be::SocketChannelEndPoint@676b7014{l=/127.0.0.1:33277,r=/127.0.0.1:47700,OPEN,fill=FI,flush=-,to=0/30000}{io=0/0,kio=0,kro=1}->SslConnection@527e26be{NEED_UNWRAP,eio=-1/-1,di=-1,fill=INTERESTED,flush=IDLE}~>DecryptedEndPoint@6a672d2d{l=/127.0.0.1:33277,r=/127.0.0.1:47700,OPEN,fill=FI,flush=-,to=0/30000}=>HttpConnection@7436d25f[p=HttpParser{s=START,0 of -1},g=HttpGenerator@1a37799{s=START}]=>HttpChannelOverHttp@1f7df843{s=HttpChannelState@56301c2f{s=IDLE rs=BLOCKING os=OPEN is=IDLE awp=false se=false i=true al=0},r=0,c=false/false,a=IDLE,uri=null,age=0}}}
02:10:03.131 [qtp399373008-61] DEBUG org.eclipse.jetty.io.ChannelEndPoint - changeInterests p=false 0->1 for SocketChannelEndPoint@676b7014{l=/127.0.0.1:33277,r=/127.0.0.1:47700,OPEN,fill=FI,flush=-,to=0/30000}{io=0/1,kio=0,kro=1}->SslConnection@527e26be{NEED_UNWRAP,eio=-1/-1,di=-1,fill=INTERESTED,flush=IDLE}~>DecryptedEndPoint@6a672d2d{l=/127.0.0.1:33277,r=/127.0.0.1:47700,OPEN,fill=FI,flush=-,to=0/30000}=>HttpConnection@7436d25f[p=HttpParser{s=START,0 of -1},g=HttpGenerator@1a37799{s=START}]=>HttpChannelOverHttp@1f7df843{s=HttpChannelState@56301c2f{s=IDLE rs=BLOCKING os=OPEN is=IDLE awp=false se=false i=true al=0},r=0,c=false/false,a=IDLE,uri=null,age=0}
02:10:03.131 [qtp399373008-61] DEBUG org.eclipse.jetty.io.ManagedSelector - Queued change lazy=false org.eclipse.jetty.io.ChannelEndPoint$$Lambda$255/1830220082@2807dc8c on ManagedSelector@47a86fbb{STARTED} id=2 keys=1 selected=0 updates=0
02:10:03.131 [qtp399373008-61] DEBUG org.eclipse.jetty.io.ManagedSelector - Wakeup on submit ManagedSelector@47a86fbb{STARTED} id=2 keys=1 selected=0 updates=1
02:10:03.131 [qtp399373008-61] DEBUG org.eclipse.jetty.server.HttpConnection - HttpConnection@7436d25f::DecryptedEndPoint@6a672d2d{l=/127.0.0.1:33277,r=/127.0.0.1:47700,OPEN,fill=FI,flush=-,to=0/30000} onFillable exit HttpChannelState@56301c2f{s=IDLE rs=BLOCKING os=OPEN is=IDLE awp=false se=false i=true al=0} null
02:10:03.131 [qtp399373008-62] DEBUG org.eclipse.jetty.io.ManagedSelector - Selector sun.nio.ch.EPollSelectorImpl@5b063887 woken with none selected
02:10:03.131 [qtp399373008-62] DEBUG org.eclipse.jetty.io.ManagedSelector - Selector sun.nio.ch.EPollSelectorImpl@5b063887 woken up from select, 0/0/1 selected
02:10:03.131 [qtp399373008-62] DEBUG org.eclipse.jetty.io.ManagedSelector - Selector sun.nio.ch.EPollSelectorImpl@5b063887 processing 0 keys, 1 updates
02:10:03.131 [qtp399373008-61] DEBUG org.eclipse.jetty.io.ssl.SslConnection - <c.onFillable SslConnection@527e26be::SocketChannelEndPoint@676b7014{l=/127.0.0.1:33277,r=/127.0.0.1:47700,OPEN,fill=FI,flush=-,to=0/30000}{io=0/1,kio=0,kro=1}->SslConnection@527e26be{NEED_UNWRAP,eio=-1/-1,di=-1,fill=INTERESTED,flush=IDLE}~>DecryptedEndPoint@6a672d2d{l=/127.0.0.1:33277,r=/127.0.0.1:47700,OPEN,fill=FI,flush=-,to=0/30000}=>HttpConnection@7436d25f[p=HttpParser{s=START,0 of -1},g=HttpGenerator@1a37799{s=START}]=>HttpChannelOverHttp@1f7df843{s=HttpChannelState@56301c2f{s=IDLE rs=BLOCKING os=OPEN is=IDLE awp=false se=false i=true al=0},r=0,c=false/false,a=IDLE,uri=null,age=0}
02:10:03.131 [qtp399373008-62] DEBUG org.eclipse.jetty.io.ManagedSelector - updateable 1
02:10:03.131 [qtp399373008-61] DEBUG org.eclipse.jetty.util.thread.ReservedThreadExecutor - ReservedThread@731d7367{RUNNING,thread=Thread[qtp399373008-61,5,main]} was=RUNNING next=RESERVED size=0+2 capacity=8
02:10:03.131 [qtp399373008-62] DEBUG org.eclipse.jetty.io.ManagedSelector - update org.eclipse.jetty.io.ChannelEndPoint$$Lambda$255/1830220082@2807dc8c
02:10:03.131 [qtp399373008-61] DEBUG org.eclipse.jetty.util.thread.ReservedThreadExecutor - ReservedThread@731d7367{RESERVED,thread=Thread[qtp399373008-61,5,main]} waiting ReservedThreadExecutor@424fd310{reserved=2/8,pending=0}
02:10:03.131 [qtp399373008-62] DEBUG org.eclipse.jetty.io.ChannelEndPoint - Key interests updated 0 -> 1 on SocketChannelEndPoint@676b7014{l=/127.0.0.1:33277,r=/127.0.0.1:47700,OPEN,fill=FI,flush=-,to=0/30000}{io=1/1,kio=1,kro=1}->SslConnection@527e26be{NEED_UNWRAP,eio=-1/-1,di=-1,fill=INTERESTED,flush=IDLE}~>DecryptedEndPoint@6a672d2d{l=/127.0.0.1:33277,r=/127.0.0.1:47700,OPEN,fill=FI,flush=-,to=0/30000}=>HttpConnection@7436d25f[p=HttpParser{s=START,0 of -1},g=HttpGenerator@1a37799{s=START}]=>HttpChannelOverHttp@1f7df843{s=HttpChannelState@56301c2f{s=IDLE rs=BLOCKING os=OPEN is=IDLE awp=false se=false i=true al=0},r=0,c=false/false,a=IDLE,uri=null,age=0}
02:10:03.131 [qtp399373008-62] DEBUG org.eclipse.jetty.io.ManagedSelector - updates 0
02:10:03.131 [qtp399373008-62] DEBUG org.eclipse.jetty.io.ManagedSelector - Selector sun.nio.ch.EPollSelectorImpl@5b063887 waiting with 1 keys
02:10:03.169 [qtp399373008-62] DEBUG org.eclipse.jetty.io.ManagedSelector - Selector sun.nio.ch.EPollSelectorImpl@5b063887 woken up from select, 1/1/1 selected
02:10:03.169 [qtp399373008-62] DEBUG org.eclipse.jetty.io.ManagedSelector - Selector sun.nio.ch.EPollSelectorImpl@5b063887 processing 1 keys, 0 updates
02:10:03.169 [qtp399373008-62] DEBUG org.eclipse.jetty.io.ManagedSelector - selected 1 sun.nio.ch.SelectionKeyImpl@55c1cd97 SocketChannelEndPoint@676b7014{l=/127.0.0.1:33277,r=/127.0.0.1:47700,OPEN,fill=FI,flush=-,to=38/30000}{io=1/1,kio=1,kro=1}->SslConnection@527e26be{NEED_UNWRAP,eio=-1/-1,di=-1,fill=INTERESTED,flush=IDLE}~>DecryptedEndPoint@6a672d2d{l=/127.0.0.1:33277,r=/127.0.0.1:47700,OPEN,fill=FI,flush=-,to=38/30000}=>HttpConnection@7436d25f[p=HttpParser{s=START,0 of -1},g=HttpGenerator@1a37799{s=START}]=>HttpChannelOverHttp@1f7df843{s=HttpChannelState@56301c2f{s=IDLE rs=BLOCKING os=OPEN is=IDLE awp=false se=false i=true al=0},r=0,c=false/false,a=IDLE,uri=null,age=0} 
02:10:03.169 [qtp399373008-62] DEBUG org.eclipse.jetty.io.ChannelEndPoint - onSelected 1->0 r=true w=false for SocketChannelEndPoint@676b7014{l=/127.0.0.1:33277,r=/127.0.0.1:47700,OPEN,fill=FI,flush=-,to=38/30000}{io=1/0,kio=1,kro=1}->SslConnection@527e26be{NEED_UNWRAP,eio=-1/-1,di=-1,fill=INTERESTED,flush=IDLE}~>DecryptedEndPoint@6a672d2d{l=/127.0.0.1:33277,r=/127.0.0.1:47700,OPEN,fill=FI,flush=-,to=38/30000}=>HttpConnection@7436d25f[p=HttpParser{s=START,0 of -1},g=HttpGenerator@1a37799{s=START}]=>HttpChannelOverHttp@1f7df843{s=HttpChannelState@56301c2f{s=IDLE rs=BLOCKING os=OPEN is=IDLE awp=false se=false i=true al=0},r=0,c=false/false,a=IDLE,uri=null,age=0}
02:10:03.169 [qtp399373008-62] DEBUG org.eclipse.jetty.io.ChannelEndPoint - task CEP:SocketChannelEndPoint@676b7014{l=/127.0.0.1:33277,r=/127.0.0.1:47700,OPEN,fill=FI,flush=-,to=38/30000}{io=1/0,kio=1,kro=1}->SslConnection@527e26be{NEED_UNWRAP,eio=-1/-1,di=-1,fill=INTERESTED,flush=IDLE}~>DecryptedEndPoint@6a672d2d{l=/127.0.0.1:33277,r=/127.0.0.1:47700,OPEN,fill=FI,flush=-,to=38/30000}=>HttpConnection@7436d25f[p=HttpParser{s=START,0 of -1},g=HttpGenerator@1a37799{s=START}]=>HttpChannelOverHttp@1f7df843{s=HttpChannelState@56301c2f{s=IDLE rs=BLOCKING os=OPEN is=IDLE awp=false se=false i=true al=0},r=0,c=false/false,a=IDLE,uri=null,age=0}:runFillable:BLOCKING
02:10:03.169 [qtp399373008-62] DEBUG org.eclipse.jetty.util.thread.ReservedThreadExecutor - ReservedThreadExecutor@424fd310{reserved=2/8,pending=0} tryExecute EatWhatYouKill@1c3146bc/SelectorProducer@56c698e3/PRODUCING/p=false/QueuedThreadPool[qtp399373008]@17cdf2d0{STARTED,8<=8<=200,i=1,r=-1,q=0}[ReservedThreadExecutor@424fd310{reserved=2/8,pending=0}][pc=0,pic=0,pec=0,epc=2]@2024-05-02T02:10:03.169+01:00
02:10:03.169 [qtp399373008-62] DEBUG org.eclipse.jetty.util.thread.strategy.EatWhatYouKill - EatWhatYouKill@1c3146bc/SelectorProducer@56c698e3/IDLE/p=true/QueuedThreadPool[qtp399373008]@17cdf2d0{STARTED,8<=8<=200,i=1,r=-1,q=0}[ReservedThreadExecutor@424fd310{reserved=1/8,pending=0}][pc=0,pic=0,pec=0,epc=2]@2024-05-02T02:10:03.169+01:00 m=EXECUTE_PRODUCE_CONSUME t=CEP:SocketChannelEndPoint@676b7014{l=/127.0.0.1:33277,r=/127.0.0.1:47700,OPEN,fill=FI,flush=-,to=38/30000}{io=1/0,kio=1,kro=1}->SslConnection@527e26be{NEED_UNWRAP,eio=-1/-1,di=-1,fill=INTERESTED,flush=IDLE}~>DecryptedEndPoint@6a672d2d{l=/127.0.0.1:33277,r=/127.0.0.1:47700,OPEN,fill=FI,flush=-,to=38/30000}=>HttpConnection@7436d25f[p=HttpParser{s=START,0 of -1},g=HttpGenerator@1a37799{s=START}]=>HttpChannelOverHttp@1f7df843{s=HttpChannelState@56301c2f{s=IDLE rs=BLOCKING os=OPEN is=IDLE awp=false se=false i=true al=0},r=0,c=false/false,a=IDLE,uri=null,age=0}:runFillable:BLOCKING/BLOCKING
02:10:03.169 [qtp399373008-61] DEBUG org.eclipse.jetty.util.thread.ReservedThreadExecutor - ReservedThread@731d7367{RESERVED,thread=Thread[qtp399373008-61,5,main]} task=EatWhatYouKill@1c3146bc/SelectorProducer@56c698e3/IDLE/p=true/QueuedThreadPool[qtp399373008]@17cdf2d0{STARTED,8<=8<=200,i=1,r=-1,q=0}[ReservedThreadExecutor@424fd310{reserved=1/8,pending=0}][pc=0,pic=0,pec=0,epc=2]@2024-05-02T02:10:03.169+01:00 ReservedThreadExecutor@424fd310{reserved=1/8,pending=0}
02:10:03.169 [qtp399373008-62] DEBUG org.eclipse.jetty.io.FillInterest - fillable FillInterest@b6f5089{SSLC.NBReadCB@527e26be{SslConnection@527e26be::SocketChannelEndPoint@676b7014{l=/127.0.0.1:33277,r=/127.0.0.1:47700,OPEN,fill=FI,flush=-,to=38/30000}{io=1/0,kio=1,kro=1}->SslConnection@527e26be{NEED_UNWRAP,eio=-1/-1,di=-1,fill=INTERESTED,flush=IDLE}~>DecryptedEndPoint@6a672d2d{l=/127.0.0.1:33277,r=/127.0.0.1:47700,OPEN,fill=FI,flush=-,to=38/30000}=>HttpConnection@7436d25f[p=HttpParser{s=START,0 of -1},g=HttpGenerator@1a37799{s=START}]=>HttpChannelOverHttp@1f7df843{s=HttpChannelState@56301c2f{s=IDLE rs=BLOCKING os=OPEN is=IDLE awp=false se=false i=true al=0},r=0,c=false/false,a=IDLE,uri=null,age=0}}}
02:10:03.169 [qtp399373008-62] DEBUG org.eclipse.jetty.io.ssl.SslConnection - >c.onFillable SslConnection@527e26be::SocketChannelEndPoint@676b7014{l=/127.0.0.1:33277,r=/127.0.0.1:47700,OPEN,fill=-,flush=-,to=38/30000}{io=1/0,kio=1,kro=1}->SslConnection@527e26be{NEED_UNWRAP,eio=-1/-1,di=-1,fill=INTERESTED,flush=IDLE}~>DecryptedEndPoint@6a672d2d{l=/127.0.0.1:33277,r=/127.0.0.1:47700,OPEN,fill=FI,flush=-,to=38/30000}=>HttpConnection@7436d25f[p=HttpParser{s=START,0 of -1},g=HttpGenerator@1a37799{s=START}]=>HttpChannelOverHttp@1f7df843{s=HttpChannelState@56301c2f{s=IDLE rs=BLOCKING os=OPEN is=IDLE awp=false se=false i=true al=0},r=0,c=false/false,a=IDLE,uri=null,age=0}
02:10:03.169 [qtp399373008-61] DEBUG org.eclipse.jetty.util.thread.strategy.EatWhatYouKill - EatWhatYouKill@1c3146bc/SelectorProducer@56c698e3/IDLE/p=true/QueuedThreadPool[qtp399373008]@17cdf2d0{STARTED,8<=8<=200,i=1,r=-1,q=0}[ReservedThreadExecutor@424fd310{reserved=1/8,pending=0}][pc=0,pic=0,pec=0,epc=3]@2024-05-02T02:10:03.169+01:00 tryProduce true
02:10:03.169 [qtp399373008-61] DEBUG org.eclipse.jetty.io.ManagedSelector - updateable 0
02:10:03.169 [qtp399373008-61] DEBUG org.eclipse.jetty.io.ManagedSelector - updates 0
02:10:03.169 [qtp399373008-62] DEBUG org.eclipse.jetty.io.ssl.SslConnection - onFillable SslConnection@527e26be::SocketChannelEndPoint@676b7014{l=/127.0.0.1:33277,r=/127.0.0.1:47700,OPEN,fill=-,flush=-,to=38/30000}{io=1/0,kio=1,kro=1}->SslConnection@527e26be{NEED_UNWRAP,eio=-1/-1,di=-1,fill=INTERESTED,flush=IDLE}~>DecryptedEndPoint@6a672d2d{l=/127.0.0.1:33277,r=/127.0.0.1:47700,OPEN,fill=FI,flush=-,to=38/30000}=>HttpConnection@7436d25f[p=HttpParser{s=START,0 of -1},g=HttpGenerator@1a37799{s=START}]=>HttpChannelOverHttp@1f7df843{s=HttpChannelState@56301c2f{s=IDLE rs=BLOCKING os=OPEN is=IDLE awp=false se=false i=true al=0},r=0,c=false/false,a=IDLE,uri=null,age=0}
02:10:03.169 [qtp399373008-62] DEBUG org.eclipse.jetty.io.FillInterest - fillable FillInterest@4345f9d8{AC.ReadCB@7436d25f{HttpConnection@7436d25f::DecryptedEndPoint@6a672d2d{l=/127.0.0.1:33277,r=/127.0.0.1:47700,OPEN,fill=FI,flush=-,to=39/30000}}}
02:10:03.170 [qtp399373008-62] DEBUG org.eclipse.jetty.server.HttpConnection - HttpConnection@7436d25f::DecryptedEndPoint@6a672d2d{l=/127.0.0.1:33277,r=/127.0.0.1:47700,OPEN,fill=-,flush=-,to=39/30000} onFillable enter HttpChannelState@56301c2f{s=IDLE rs=BLOCKING os=OPEN is=IDLE awp=false se=false i=true al=0} null
02:10:03.170 [qtp399373008-61] DEBUG org.eclipse.jetty.io.ChannelEndPoint - Key interests updated 1 -> 0 on SocketChannelEndPoint@676b7014{l=/127.0.0.1:33277,r=/127.0.0.1:47700,OPEN,fill=-,flush=-,to=38/30000}{io=0/0,kio=0,kro=1}->SslConnection@527e26be{NEED_UNWRAP,eio=-1/-1,di=-1,fill=IDLE,flush=IDLE}~>DecryptedEndPoint@6a672d2d{l=/127.0.0.1:33277,r=/127.0.0.1:47700,OPEN,fill=FI,flush=-,to=39/30000}=>HttpConnection@7436d25f[p=HttpParser{s=START,0 of -1},g=HttpGenerator@1a37799{s=START}]=>HttpChannelOverHttp@1f7df843{s=HttpChannelState@56301c2f{s=IDLE rs=BLOCKING os=OPEN is=IDLE awp=false se=false i=true al=0},r=0,c=false/false,a=IDLE,uri=null,age=0}
02:10:03.170 [qtp399373008-61] DEBUG org.eclipse.jetty.io.ManagedSelector - Selector sun.nio.ch.EPollSelectorImpl@5b063887 waiting with 1 keys
02:10:03.170 [qtp399373008-62] DEBUG org.eclipse.jetty.io.ssl.SslConnection - >fill SslConnection@527e26be::SocketChannelEndPoint@676b7014{l=/127.0.0.1:33277,r=/127.0.0.1:47700,OPEN,fill=-,flush=-,to=38/30000}{io=0/0,kio=0,kro=1}->SslConnection@527e26be{NEED_UNWRAP,eio=-1/-1,di=-1,fill=IDLE,flush=IDLE}~>DecryptedEndPoint@6a672d2d{l=/127.0.0.1:33277,r=/127.0.0.1:47700,OPEN,fill=-,flush=-,to=39/30000}=>HttpConnection@7436d25f[p=HttpParser{s=START,0 of -1},g=HttpGenerator@1a37799{s=START}]=>HttpChannelOverHttp@1f7df843{s=HttpChannelState@56301c2f{s=IDLE rs=BLOCKING os=OPEN is=IDLE awp=false se=false i=true al=0},r=0,c=false/false,a=IDLE,uri=null,age=0}
02:10:03.170 [qtp399373008-62] DEBUG org.eclipse.jetty.io.ssl.SslConnection - fill NEED_UNWRAP
02:10:03.170 [qtp399373008-62] DEBUG org.eclipse.jetty.io.ChannelEndPoint - filled 1508 HeapByteBuffer@ecff91a[p=0,l=1508,c=17408,r=1508]={<<<\x17\x03\x03\x03\xAd\xDdk\x10G\xB9\xE5\x01\xFd\x18\xF9f\x96c\x13\t\x97W\x84\xC8\xE6...J\xE4\xE1W\xDd\xC5\xAbj\xAc\xB9\rv\xF5\xB3\xD2+\xCf/$W\x9f\xC7B>>>\x00\x00\x00\x00\x00\x00\x00\x00\x00...\x00\x00\x00\x00\x00\x00\x00}
02:10:03.170 [qtp399373008-62] DEBUG org.eclipse.jetty.io.ssl.SslConnection - net filled=1508
02:10:03.170 [qtp399373008-62] DEBUG org.eclipse.jetty.io.ssl.SslConnection - unwrap net_filled=1508 Status = OK HandshakeStatus = NEED_TASK bytesConsumed = 946 bytesProduced = 0 encryptedBuffer=[p=946,l=1508,c=17408,r=562] unwrapBuffer=HeapByteBuffer@30c33a9d[p=0,l=0,c=17408,r=0]={<<<>>>\x14\x03\x03\x00\x01\x01\x15\xAb\x86...\x00\x00\x00\x00\x00\x00\x00} appBuffer=HeapByteBuffer@30c33a9d[p=0,l=0,c=17408,r=0]={<<<>>>\x14\x03\x03\x00\x01\x01\x15\xAb\x86...\x00\x00\x00\x00\x00\x00\x00}
02:10:03.170 [qtp399373008-62] DEBUG org.eclipse.jetty.io.ssl.SslConnection - fill NEED_TASK
02:10:03.171 [qtp399373008-62] DEBUG org.eclipse.jetty.io.ssl.SslConnection - fill NEED_UNWRAP
02:10:03.171 [qtp399373008-62] DEBUG org.eclipse.jetty.io.ChannelEndPoint - filled 0 HeapByteBuffer@ecff91a[p=946,l=1508,c=17408,r=562]={\x17\x03\x03\x03\xAd\x0b\x00\x03\x88...\x84\xBf\xE3\xBb\xE3F7<<<\x17\x03\x03\x01)4\xD3\xF2\x83\xBbz\xF7{\x80\xA7|\x8a\xE8\xBf\xAe\xC9\x89\xD7\x9f\x9b...J\xE4\xE1W\xDd\xC5\xAbj\xAc\xB9\rv\xF5\xB3\xD2+\xCf/$W\x9f\xC7B>>>\x00\x00\x00\x00\x00\x00\x00\x00\x00...\x00\x00\x00\x00\x00\x00\x00}
02:10:03.171 [qtp399373008-62] DEBUG org.eclipse.jetty.io.ssl.SslConnection - net filled=0
02:10:03.171 [qtp399373008-62] DEBUG org.eclipse.jetty.io.ssl.SslConnection - unwrap net_filled=0 Status = OK HandshakeStatus = NEED_TASK bytesConsumed = 302 bytesProduced = 0 encryptedBuffer=[p=1248,l=1508,c=17408,r=260] unwrapBuffer=HeapByteBuffer@30c33a9d[p=0,l=0,c=17408,r=0]={<<<>>>\x14\x03\x03\x00\x01\x01\x15\xAb\x86...\x00\x00\x00\x00\x00\x00\x00} appBuffer=HeapByteBuffer@30c33a9d[p=0,l=0,c=17408,r=0]={<<<>>>\x14\x03\x03\x00\x01\x01\x15\xAb\x86...\x00\x00\x00\x00\x00\x00\x00}
02:10:03.171 [qtp399373008-62] DEBUG org.eclipse.jetty.io.ssl.SslConnection - fill NEED_TASK
02:10:03.171 [qtp399373008-62] DEBUG org.eclipse.jetty.io.ssl.SslConnection - fill NEED_UNWRAP
02:10:03.171 [qtp399373008-62] DEBUG org.eclipse.jetty.io.ChannelEndPoint - filled 0 HeapByteBuffer@ecff91a[p=1248,l=1508,c=17408,r=260]={\x17\x03\x03\x03\xAd\x0b\x00\x03\x88...\xEe\xE77\xE8\xDd\xEe\xC5<<<\x17\x03\x03\x00U\x94r\x0bV\xDc}\xEfM\x94Cv\xE4+\xE7""\x8a\x90N\xA5...J\xE4\xE1W\xDd\xC5\xAbj\xAc\xB9\rv\xF5\xB3\xD2+\xCf/$W\x9f\xC7B>>>\x00\x00\x00\x00\x00\x00\x00\x00\x00...\x00\x00\x00\x00\x00\x00\x00}
02:10:03.171 [qtp399373008-62] DEBUG org.eclipse.jetty.io.ssl.SslConnection - net filled=0
02:10:03.173 [qtp399373008-62] DEBUG org.eclipse.jetty.io.ssl.SslConnection - unwrap net_filled=0 Status = OK HandshakeStatus = NEED_WRAP bytesConsumed = 90 bytesProduced = 0 encryptedBuffer=[p=1338,l=1508,c=17408,r=170] unwrapBuffer=HeapByteBuffer@30c33a9d[p=0,l=0,c=17408,r=0]={<<<>>>\x14\x03\x03\x00\x01\x01\x15\xAb\x86...\x00\x00\x00\x00\x00\x00\x00} appBuffer=HeapByteBuffer@30c33a9d[p=0,l=0,c=17408,r=0]={<<<>>>\x14\x03\x03\x00\x01\x01\x15\xAb\x86...\x00\x00\x00\x00\x00\x00\x00}
02:10:03.173 [qtp399373008-62] DEBUG org.eclipse.jetty.io.ssl.SslConnection - fill NEED_WRAP
02:10:03.173 [qtp399373008-62] DEBUG org.eclipse.jetty.io.ssl.SslConnection - >flush SslConnection@527e26be::SocketChannelEndPoint@676b7014{l=/127.0.0.1:33277,r=/127.0.0.1:47700,OPEN,fill=-,flush=-,to=2/30000}{io=0/0,kio=0,kro=1}->SslConnection@527e26be{NEED_WRAP,eio=170/-1,di=-1,fill=IDLE,flush=IDLE}~>DecryptedEndPoint@6a672d2d{l=/127.0.0.1:33277,r=/127.0.0.1:47700,OPEN,fill=-,flush=-,to=42/30000}=>HttpConnection@7436d25f[p=HttpParser{s=START,0 of -1},g=HttpGenerator@1a37799{s=START}]=>HttpChannelOverHttp@1f7df843{s=HttpChannelState@56301c2f{s=IDLE rs=BLOCKING os=OPEN is=IDLE awp=false se=false i=true al=0},r=0,c=false/false,a=IDLE,uri=null,age=0}
02:10:03.173 [qtp399373008-62] DEBUG org.eclipse.jetty.io.ssl.SslConnection - flush b[0]=HeapByteBuffer@58b1a525[p=0,l=0,c=0,r=0]={<<<>>>}
02:10:03.173 [qtp399373008-62] DEBUG org.eclipse.jetty.io.ssl.SslConnection - flush NEED_WRAP
02:10:03.173 [qtp399373008-62] DEBUG org.eclipse.jetty.io.ssl.SslConnection - wrap Status = OK HandshakeStatus = FINISHED bytesConsumed = 0 bytesProduced = 88 [p=0,l=88,c=17408,r=88] ioDone=false/false
02:10:03.174 [qtp399373008-62] DEBUG org.eclipse.jetty.io.ChannelEndPoint - flushed 88 SocketChannelEndPoint@676b7014{l=/127.0.0.1:33277,r=/127.0.0.1:47700,OPEN,fill=-,flush=-,to=3/30000}{io=0/0,kio=0,kro=1}->SslConnection@527e26be{NOT_HANDSHAKING,eio=170/0,di=-1,fill=IDLE,flush=IDLE}~>DecryptedEndPoint@6a672d2d{l=/127.0.0.1:33277,r=/127.0.0.1:47700,OPEN,fill=-,flush=-,to=43/30000}=>HttpConnection@7436d25f[p=HttpParser{s=START,0 of -1},g=HttpGenerator@1a37799{s=START}]=>HttpChannelOverHttp@1f7df843{s=HttpChannelState@56301c2f{s=IDLE rs=BLOCKING os=OPEN is=IDLE awp=false se=false i=true al=0},r=0,c=false/false,a=IDLE,uri=null,age=0}
02:10:03.174 [qtp399373008-62] DEBUG org.eclipse.jetty.io.ssl.SslConnection - net flushed=true, ac=true
02:10:03.174 [qtp399373008-62] DEBUG org.eclipse.jetty.io.ssl.SslConnection - handshake succeeded SslConnection@527e26be::SocketChannelEndPoint@676b7014{l=/127.0.0.1:33277,r=/127.0.0.1:47700,OPEN,fill=-,flush=-,to=0/30000}{io=0/0,kio=0,kro=1}->SslConnection@527e26be{NOT_HANDSHAKING,eio=170/0,di=-1,fill=IDLE,flush=IDLE}~>DecryptedEndPoint@6a672d2d{l=/127.0.0.1:33277,r=/127.0.0.1:47700,OPEN,fill=-,flush=-,to=43/30000}=>HttpConnection@7436d25f[p=HttpParser{s=START,0 of -1},g=HttpGenerator@1a37799{s=START}]=>HttpChannelOverHttp@1f7df843{s=HttpChannelState@56301c2f{s=IDLE rs=BLOCKING os=OPEN is=IDLE awp=false se=false i=true al=0},r=0,c=false/false,a=IDLE,uri=null,age=0} resumed server TLSv1.3/TLS_AES_256_GCM_SHA384
02:10:03.174 [qtp399373008-62] DEBUG org.eclipse.jetty.io.ssl.SslConnection - <flush true SslConnection@527e26be::SocketChannelEndPoint@676b7014{l=/127.0.0.1:33277,r=/127.0.0.1:47700,OPEN,fill=-,flush=-,to=0/30000}{io=0/0,kio=0,kro=1}->SslConnection@527e26be{NOT_HANDSHAKING,eio=170/-1,di=-1,fill=IDLE,flush=IDLE}~>DecryptedEndPoint@6a672d2d{l=/127.0.0.1:33277,r=/127.0.0.1:47700,OPEN,fill=-,flush=-,to=43/30000}=>HttpConnection@7436d25f[p=HttpParser{s=START,0 of -1},g=HttpGenerator@1a37799{s=START}]=>HttpChannelOverHttp@1f7df843{s=HttpChannelState@56301c2f{s=IDLE rs=BLOCKING os=OPEN is=IDLE awp=false se=false i=true al=0},r=0,c=false/false,a=IDLE,uri=null,age=0}
02:10:03.174 [qtp399373008-62] DEBUG org.eclipse.jetty.io.ssl.SslConnection - fill NOT_HANDSHAKING
02:10:03.174 [qtp399373008-62] DEBUG org.eclipse.jetty.io.ChannelEndPoint - filled 0 HeapByteBuffer@ecff91a[p=1338,l=1508,c=17408,r=170]={\x17\x03\x03\x03\xAd\x0b\x00\x03\x88...'\xDa"\xE8\xEfL\xC5<<<\x17\x03\x03\x00\xA5@\xA9\xA6-s:P#G\x0e\xB2\x03\xD0\xD9\x90\xF9\xB5\xCez\xF3...J\xE4\xE1W\xDd\xC5\xAbj\xAc\xB9\rv\xF5\xB3\xD2+\xCf/$W\x9f\xC7B>>>\x00\x00\x00\x00\x00\x00\x00\x00\x00...\x00\x00\x00\x00\x00\x00\x00}
02:10:03.174 [qtp399373008-62] DEBUG org.eclipse.jetty.io.ssl.SslConnection - net filled=0
02:10:03.174 [qtp399373008-62] DEBUG org.eclipse.jetty.io.ssl.SslConnection - unwrap net_filled=0 Status = OK HandshakeStatus = NOT_HANDSHAKING bytesConsumed = 170 bytesProduced = 132 encryptedBuffer=[p=1508,l=1508,c=17408,r=0] unwrapBuffer=HeapByteBuffer@30c33a9d[p=0,l=132,c=17408,r=132]={<<<GET / HTTP/1.1\r\nIf-None-M...gent: okhttp/3.12.3\r\n\r\n>>>\\{\x16Yd4pk\xB1...\x00\x00\x00\x00\x00\x00\x00} appBuffer=HeapByteBuffer@30c33a9d[p=0,l=132,c=17408,r=132]={<<<GET / HTTP/1.1\r\nIf-None-M...gent: okhttp/3.12.3\r\n\r\n>>>\\{\x16Yd4pk\xB1...\x00\x00\x00\x00\x00\x00\x00}
02:10:03.174 [qtp399373008-62] DEBUG org.eclipse.jetty.io.ssl.SslConnection - <fill f=132 uf=false SslConnection@527e26be::SocketChannelEndPoint@676b7014{l=/127.0.0.1:33277,r=/127.0.0.1:47700,OPEN,fill=-,flush=-,to=0/30000}{io=0/0,kio=0,kro=1}->SslConnection@527e26be{NOT_HANDSHAKING,eio=-1/-1,di=-1,fill=IDLE,flush=IDLE}~>DecryptedEndPoint@6a672d2d{l=/127.0.0.1:33277,r=/127.0.0.1:47700,OPEN,fill=-,flush=-,to=43/30000}=>HttpConnection@7436d25f[p=HttpParser{s=START,0 of -1},g=HttpGenerator@1a37799{s=START}]=>HttpChannelOverHttp@1f7df843{s=HttpChannelState@56301c2f{s=IDLE rs=BLOCKING os=OPEN is=IDLE awp=false se=false i=true al=0},r=0,c=false/false,a=IDLE,uri=null,age=0}
02:10:03.174 [qtp399373008-62] DEBUG org.eclipse.jetty.server.HttpConnection - HttpConnection@7436d25f::DecryptedEndPoint@6a672d2d{l=/127.0.0.1:33277,r=/127.0.0.1:47700,OPEN,fill=-,flush=-,to=43/30000} filled 132 HeapByteBuffer@30c33a9d[p=0,l=132,c=17408,r=132]={<<<GET / HTTP/1.1\r\nIf-None-M...gent: okhttp/3.12.3\r\n\r\n>>>\\{\x16Yd4pk\xB1...\x00\x00\x00\x00\x00\x00\x00}
02:10:03.174 [qtp399373008-62] DEBUG org.eclipse.jetty.server.HttpConnection - HttpConnection@7436d25f::DecryptedEndPoint@6a672d2d{l=/127.0.0.1:33277,r=/127.0.0.1:47700,OPEN,fill=-,flush=-,to=43/30000} parse HeapByteBuffer@30c33a9d[p=0,l=132,c=17408,r=132]={<<<GET / HTTP/1.1\r\nIf-None-M...gent: okhttp/3.12.3\r\n\r\n>>>\\{\x16Yd4pk\xB1...\x00\x00\x00\x00\x00\x00\x00} {}
02:10:03.174 [qtp399373008-62] DEBUG org.eclipse.jetty.http.HttpParser - parseNext s=START HeapByteBuffer@30c33a9d[p=0,l=132,c=17408,r=132]={<<<GET / HTTP/1.1\r\nIf-None-M...gent: okhttp/3.12.3\r\n\r\n>>>\\{\x16Yd4pk\xB1...\x00\x00\x00\x00\x00\x00\x00}
02:10:03.174 [qtp399373008-62] DEBUG org.eclipse.jetty.http.HttpParser - START --> SPACE1
02:10:03.174 [qtp399373008-62] DEBUG org.eclipse.jetty.http.HttpParser - SPACE1 --> URI
02:10:03.174 [qtp399373008-62] DEBUG org.eclipse.jetty.http.HttpParser - URI --> SPACE2
02:10:03.174 [qtp399373008-62] DEBUG org.eclipse.jetty.http.HttpParser - SPACE2 --> REQUEST_VERSION
02:10:03.174 [qtp399373008-62] DEBUG org.eclipse.jetty.http.HttpParser - REQUEST_VERSION --> HEADER
02:10:03.174 [qtp399373008-62] DEBUG org.eclipse.jetty.http.HttpParser - HEADER:If-None-Match --> VALUE
02:10:03.174 [qtp399373008-62] DEBUG org.eclipse.jetty.http.HttpParser - HEADER:If-None-Match --> FIELD
02:10:03.174 [qtp399373008-62] DEBUG org.eclipse.jetty.http.HttpParser - HEADER:Host --> VALUE
02:10:03.174 [qtp399373008-62] DEBUG org.eclipse.jetty.http.HttpParser - HEADER:Host --> IN_VALUE
02:10:03.174 [qtp399373008-62] DEBUG org.eclipse.jetty.http.HttpParser - HEADER:Host --> FIELD
02:10:03.174 [qtp399373008-62] DEBUG org.eclipse.jetty.http.HttpParser - HEADER:Connection: keep-alive --> IN_VALUE
02:10:03.174 [qtp399373008-62] DEBUG org.eclipse.jetty.http.HttpParser - HEADER:Connection: keep-alive --> FIELD
02:10:03.174 [qtp399373008-62] DEBUG org.eclipse.jetty.http.HttpParser - HEADER:Accept-Encoding: gzip --> IN_VALUE
02:10:03.174 [qtp399373008-62] DEBUG org.eclipse.jetty.http.HttpParser - HEADER:Accept-Encoding: gzip --> FIELD
02:10:03.175 [qtp399373008-62] DEBUG org.eclipse.jetty.http.HttpParser - HEADER:User-Agent --> VALUE
02:10:03.175 [qtp399373008-62] DEBUG org.eclipse.jetty.http.HttpParser - HEADER:User-Agent --> IN_VALUE
02:10:03.175 [qtp399373008-62] DEBUG org.eclipse.jetty.http.HttpParser - HEADER:User-Agent --> FIELD
02:10:03.175 [qtp399373008-62] DEBUG org.eclipse.jetty.http.HttpParser - HEADER --> CONTENT
02:10:03.175 [qtp399373008-62] DEBUG org.eclipse.jetty.server.HttpChannel - REQUEST for //localhost:33277/ on HttpChannelOverHttp@1f7df843{s=HttpChannelState@56301c2f{s=IDLE rs=BLOCKING os=OPEN is=IDLE awp=false se=false i=true al=0},r=1,c=false/false,a=IDLE,uri=//localhost:33277/,age=0}
GET //localhost:33277/ HTTP/1.1
If-None-Match: 
Host: localhost:33277
Connection: keep-alive
Accept-Encoding: gzip
User-Agent: okhttp/3.12.3


02:10:03.175 [qtp399373008-62] DEBUG org.eclipse.jetty.server.HttpConnection - HttpConnection@7436d25f::DecryptedEndPoint@6a672d2d{l=/127.0.0.1:33277,r=/127.0.0.1:47700,OPEN,fill=-,flush=-,to=44/30000} parsed true HttpParser{s=CONTENT,0 of -1}
02:10:03.175 [qtp399373008-62] DEBUG org.eclipse.jetty.server.HttpConnection - releaseRequestBuffer HttpConnection@7436d25f::DecryptedEndPoint@6a672d2d{l=/127.0.0.1:33277,r=/127.0.0.1:47700,OPEN,fill=-,flush=-,to=44/30000}
02:10:03.175 [qtp399373008-62] DEBUG org.eclipse.jetty.server.HttpChannel - handle //localhost:33277/ HttpChannelOverHttp@1f7df843{s=HttpChannelState@56301c2f{s=IDLE rs=BLOCKING os=OPEN is=IDLE awp=false se=false i=true al=0},r=1,c=false/false,a=IDLE,uri=//localhost:33277/,age=0} 
02:10:03.175 [qtp399373008-62] DEBUG org.eclipse.jetty.server.HttpChannelState - handling HttpChannelState@56301c2f{s=IDLE rs=BLOCKING os=OPEN is=IDLE awp=false se=false i=true al=0}
02:10:03.175 [qtp399373008-62] DEBUG org.eclipse.jetty.server.HttpChannel - action DISPATCH HttpChannelOverHttp@1f7df843{s=HttpChannelState@56301c2f{s=HANDLING rs=BLOCKING os=OPEN is=IDLE awp=false se=false i=true al=0},r=1,c=false/false,a=HANDLING,uri=//localhost:33277/,age=0}
02:10:03.175 [qtp399373008-62] DEBUG org.eclipse.jetty.server.SecureRequestCustomizer - Host localhost with SNI null
02:10:03.175 [qtp399373008-62] DEBUG org.eclipse.jetty.server.Server - REQUEST GET / on HttpChannelOverHttp@1f7df843{s=HttpChannelState@56301c2f{s=HANDLING rs=BLOCKING os=OPEN is=IDLE awp=false se=false i=true al=0},r=1,c=false/false,a=HANDLING,uri=https://localhost:33277/,age=0}
02:10:03.175 [qtp399373008-62] DEBUG org.eclipse.jetty.server.HttpOutput - write(array HeapByteBuffer@703e1fb8[p=0,l=4,c=512,r=4]={<<<test>>>\x00\x00\x00\x00\x00\x00\x00\x00\x00...\x00\x00\x00\x00\x00\x00\x00})
02:10:03.175 [qtp399373008-62] DEBUG org.eclipse.jetty.server.HttpOutput - write(array) s=CLOSING,api=BLOCKED,sc=false,e=null last=true agg=false flush=true async=false, len=4 null
02:10:03.175 [qtp399373008-62] DEBUG org.eclipse.jetty.server.HttpChannel - sendResponse info=null content=HeapByteBuffer@48226717[p=0,l=4,c=512,r=4]={<<<test>>>\x00\x00\x00\x00\x00\x00\x00\x00\x00...\x00\x00\x00\x00\x00\x00\x00} complete=true committing=true callback=Blocker@211ae3c7{null}
02:10:03.175 [qtp399373008-62] DEBUG org.eclipse.jetty.server.HttpChannel - COMMIT for / on HttpChannelOverHttp@1f7df843{s=HttpChannelState@56301c2f{s=HANDLING rs=BLOCKING os=COMMITTED is=IDLE awp=false se=false i=true al=0},r=1,c=false/false,a=HANDLING,uri=https://localhost:33277/,age=0}
200 null HTTP/1.1
Date: Thu, 02 May 2024 01:10:03 GMT
ETag: testEtag
Content-Type: text/plain;charset=utf-8
Content-Length: 4


02:10:03.175 [qtp399373008-62] DEBUG org.eclipse.jetty.server.HttpConnection - generate: NEED_HEADER for SendCallback@8a432ab[PROCESSING][i=HTTP/1.1{s=200,h=4,cl=4},cb=org.eclipse.jetty.server.HttpChannel$SendCallback@8672fd8] (null,[p=0,l=4,c=512,r=4],true)@START
02:10:03.175 [qtp399373008-62] DEBUG org.eclipse.jetty.http.HttpGenerator - generateHeaders HTTP/1.1{s=200,h=4,cl=4} last=true content=HeapByteBuffer@48226717[p=0,l=4,c=512,r=4]={<<<test>>>\x00\x00\x00\x00\x00\x00\x00\x00\x00...\x00\x00\x00\x00\x00\x00\x00}
02:10:03.175 [qtp399373008-62] DEBUG org.eclipse.jetty.http.HttpGenerator - Date: Thu, 02 May 2024 01:10:03 GMT
ETag: testEtag
Content-Type: text/plain;charset=utf-8
Content-Length: 4


02:10:03.175 [qtp399373008-62] DEBUG org.eclipse.jetty.http.HttpGenerator - CONTENT_LENGTH
02:10:03.175 [qtp399373008-62] DEBUG org.eclipse.jetty.server.HttpConnection - generate: FLUSH for SendCallback@8a432ab[PROCESSING][i=HTTP/1.1{s=200,h=4,cl=4},cb=org.eclipse.jetty.server.HttpChannel$SendCallback@8672fd8] ([p=0,l=164,c=8192,r=164],[p=0,l=4,c=512,r=4],true)@COMPLETING
02:10:03.175 [qtp399373008-62] DEBUG org.eclipse.jetty.io.WriteFlusher - write: WriteFlusher@5326eb1c{IDLE}->null [HeapByteBuffer@57345db1[p=0,l=164,c=8192,r=164]={<<<HTTP/1.1 200 OK\r\nDate: Th...y(9.4.44.v20210927)\r\n\r\n>>>\x00\x00\x00\x00\x00\x00\x00\x00\x00...\x00\x00\x00\x00\x00\x00\x00},HeapByteBuffer@48226717[p=0,l=4,c=512,r=4]={<<<test>>>\x00\x00\x00\x00\x00\x00\x00\x00\x00...\x00\x00\x00\x00\x00\x00\x00}]
02:10:03.175 [qtp399373008-62] DEBUG org.eclipse.jetty.io.WriteFlusher - update WriteFlusher@5326eb1c{WRITING}->null:IDLE-->WRITING
02:10:03.175 [qtp399373008-62] DEBUG org.eclipse.jetty.io.ssl.SslConnection - >flush SslConnection@527e26be::SocketChannelEndPoint@676b7014{l=/127.0.0.1:33277,r=/127.0.0.1:47700,OPEN,fill=-,flush=-,to=1/30000}{io=0/0,kio=0,kro=1}->SslConnection@527e26be{NOT_HANDSHAKING,eio=-1/-1,di=-1,fill=IDLE,flush=IDLE}~>DecryptedEndPoint@6a672d2d{l=/127.0.0.1:33277,r=/127.0.0.1:47700,OPEN,fill=-,flush=W,to=44/30000}=>HttpConnection@7436d25f[p=HttpParser{s=CONTENT,0 of -1},g=HttpGenerator@1a37799{s=COMPLETING}]=>HttpChannelOverHttp@1f7df843{s=HttpChannelState@56301c2f{s=HANDLING rs=BLOCKING os=COMMITTED is=IDLE awp=false se=false i=true al=0},r=1,c=false/false,a=HANDLING,uri=https://localhost:33277/,age=0}
02:10:03.176 [qtp399373008-62] DEBUG org.eclipse.jetty.io.ssl.SslConnection - flush b[0]=HeapByteBuffer@57345db1[p=0,l=164,c=8192,r=164]={<<<HTTP/1.1 200 OK\r\nDate: Th...y(9.4.44.v20210927)\r\n\r\n>>>\x00\x00\x00\x00\x00\x00\x00\x00\x00...\x00\x00\x00\x00\x00\x00\x00}
02:10:03.176 [qtp399373008-62] DEBUG org.eclipse.jetty.io.ssl.SslConnection - flush b[1]=HeapByteBuffer@48226717[p=0,l=4,c=512,r=4]={<<<test>>>\x00\x00\x00\x00\x00\x00\x00\x00\x00...\x00\x00\x00\x00\x00\x00\x00}
02:10:03.176 [qtp399373008-62] DEBUG org.eclipse.jetty.io.ssl.SslConnection - flush NOT_HANDSHAKING
02:10:03.176 [qtp399373008-62] DEBUG org.eclipse.jetty.io.ssl.SslConnection - wrap Status = OK HandshakeStatus = NOT_HANDSHAKING bytesConsumed = 168 bytesProduced = 206 [p=0,l=206,c=17408,r=206] ioDone=false/false
02:10:03.176 [qtp399373008-62] DEBUG org.eclipse.jetty.io.ChannelEndPoint - flushed 206 SocketChannelEndPoint@676b7014{l=/127.0.0.1:33277,r=/127.0.0.1:47700,OPEN,fill=-,flush=-,to=2/30000}{io=0/0,kio=0,kro=1}->SslConnection@527e26be{NOT_HANDSHAKING,eio=-1/0,di=-1,fill=IDLE,flush=IDLE}~>DecryptedEndPoint@6a672d2d{l=/127.0.0.1:33277,r=/127.0.0.1:47700,OPEN,fill=-,flush=W,to=45/30000}=>HttpConnection@7436d25f[p=HttpParser{s=CONTENT,0 of -1},g=HttpGenerator@1a37799{s=COMPLETING}]=>HttpChannelOverHttp@1f7df843{s=HttpChannelState@56301c2f{s=HANDLING rs=BLOCKING os=COMMITTED is=IDLE awp=false se=false i=true al=0},r=1,c=false/false,a=HANDLING,uri=https://localhost:33277/,age=1}
02:10:03.176 [qtp399373008-62] DEBUG org.eclipse.jetty.io.ssl.SslConnection - net flushed=true, ac=true
02:10:03.176 [qtp399373008-62] DEBUG org.eclipse.jetty.io.ssl.SslConnection - <flush true SslConnection@527e26be::SocketChannelEndPoint@676b7014{l=/127.0.0.1:33277,r=/127.0.0.1:47700,OPEN,fill=-,flush=-,to=0/30000}{io=0/0,kio=0,kro=1}->SslConnection@527e26be{NOT_HANDSHAKING,eio=-1/-1,di=-1,fill=IDLE,flush=IDLE}~>DecryptedEndPoint@6a672d2d{l=/127.0.0.1:33277,r=/127.0.0.1:47700,OPEN,fill=-,flush=W,to=45/30000}=>HttpConnection@7436d25f[p=HttpParser{s=CONTENT,0 of -1},g=HttpGenerator@1a37799{s=COMPLETING}]=>HttpChannelOverHttp@1f7df843{s=HttpChannelState@56301c2f{s=HANDLING rs=BLOCKING os=COMMITTED is=IDLE awp=false se=false i=true al=0},r=1,c=false/false,a=HANDLING,uri=https://localhost:33277/,age=1}
02:10:03.176 [qtp399373008-62] DEBUG org.eclipse.jetty.io.WriteFlusher - Flushed=true written=168 remaining=0 WriteFlusher@5326eb1c{WRITING}->null
02:10:03.176 [qtp399373008-62] DEBUG org.eclipse.jetty.io.WriteFlusher - update WriteFlusher@5326eb1c{IDLE}->null:WRITING-->IDLE
02:10:03.176 [qtp399373008-62] DEBUG org.eclipse.jetty.server.HttpConnection - generate: DONE for SendCallback@8a432ab[PROCESSING][i=HTTP/1.1{s=200,h=4,cl=4},cb=org.eclipse.jetty.server.HttpChannel$SendCallback@8672fd8] ([p=164,l=164,c=8192,r=0],[p=4,l=4,c=512,r=0],true)@END
02:10:03.176 [main] DEBUG org.apache.nifi.minifi.bootstrap.configuration.ingestors.PullHttpChangeIngestor - Response received: Response{protocol=http/1.1, code=200, message=OK, url=https://localhost:33277/}
02:10:03.176 [qtp399373008-62] DEBUG org.eclipse.jetty.server.HttpOutput - onWriteComplete(true,null) s=CLOSING,api=BLOCKED,sc=false,e=null->s=CLOSED,api=BLOCKING,sc=false,e=null c=null cb=null w=false
02:10:03.176 [qtp399373008-62] DEBUG org.eclipse.jetty.server.HttpOutput - close() s=CLOSED,api=BLOCKING,sc=false,e=null c=null b=null
02:10:03.176 [qtp399373008-62] DEBUG org.eclipse.jetty.server.Server - handled=true async=false committed=true on HttpChannelOverHttp@1f7df843{s=HttpChannelState@56301c2f{s=HANDLING rs=BLOCKING os=COMPLETED is=IDLE awp=false se=false i=true al=0},r=1,c=false/true,a=HANDLING,uri=https://localhost:33277/,age=1}
02:10:03.176 [qtp399373008-62] DEBUG org.eclipse.jetty.server.HttpChannelState - unhandle HttpChannelState@56301c2f{s=HANDLING rs=BLOCKING os=COMPLETED is=IDLE awp=false se=false i=true al=0}
02:10:03.176 [qtp399373008-62] DEBUG org.eclipse.jetty.server.HttpChannelState - nextAction(false) COMPLETE HttpChannelState@56301c2f{s=HANDLING rs=COMPLETING os=COMPLETED is=IDLE awp=false se=false i=false al=0}
02:10:03.176 [qtp399373008-62] DEBUG org.eclipse.jetty.server.HttpChannel - action COMPLETE HttpChannelOverHttp@1f7df843{s=HttpChannelState@56301c2f{s=HANDLING rs=COMPLETING os=COMPLETED is=IDLE awp=false se=false i=false al=0},r=1,c=false/true,a=HANDLING,uri=https://localhost:33277/,age=1}
02:10:03.176 [main] DEBUG org.apache.nifi.minifi.bootstrap.configuration.ingestors.PullHttpChangeIngestor - New change received, notifying listener
02:10:03.176 [qtp399373008-62] DEBUG org.eclipse.jetty.server.HttpOutput - complete(org.eclipse.jetty.util.Callback$3@25543e64) s=CLOSED,api=BLOCKING,sc=false,e=null s=true e=null, c=null
02:10:03.176 [qtp399373008-62] DEBUG org.eclipse.jetty.server.HttpChannelState - completed HttpChannelState@56301c2f{s=HANDLING rs=COMPLETING os=COMPLETED is=IDLE awp=false se=false i=false al=0}
02:10:03.176 [qtp399373008-62] DEBUG org.eclipse.jetty.server.HttpChannelState - unhandle HttpChannelState@56301c2f{s=HANDLING rs=COMPLETED os=COMPLETED is=IDLE awp=false se=false i=false al=0}
02:10:03.176 [main] DEBUG org.apache.nifi.minifi.bootstrap.configuration.ingestors.PullHttpChangeIngestor - Listeners notified
02:10:03.176 [qtp399373008-62] DEBUG org.eclipse.jetty.server.HttpChannelState - nextAction(false) TERMINATED HttpChannelState@56301c2f{s=IDLE rs=COMPLETED os=COMPLETED is=IDLE awp=false se=false i=false al=0}
02:10:03.176 [qtp399373008-62] DEBUG org.eclipse.jetty.server.HttpChannel - action TERMINATED HttpChannelOverHttp@1f7df843{s=HttpChannelState@56301c2f{s=IDLE rs=COMPLETED os=COMPLETED is=IDLE awp=false se=false i=false al=0},r=1,c=true/true,a=IDLE,uri=https://localhost:33277/,age=1}
02:10:03.176 [qtp399373008-62] DEBUG org.eclipse.jetty.server.HttpChannel - onCompleted for / written=4
02:10:03.176 [main] DEBUG org.apache.nifi.minifi.bootstrap.configuration.ingestors.PullHttpChangeIngestor - Attempting to pull new config
02:10:03.177 [qtp399373008-62] DEBUG org.eclipse.jetty.io.ssl.SslConnection - >fill SslConnection@527e26be::SocketChannelEndPoint@676b7014{l=/127.0.0.1:33277,r=/127.0.0.1:47700,OPEN,fill=-,flush=-,to=0/30000}{io=0/0,kio=0,kro=1}->SslConnection@527e26be{NOT_HANDSHAKING,eio=-1/-1,di=-1,fill=IDLE,flush=IDLE}~>DecryptedEndPoint@6a672d2d{l=/127.0.0.1:33277,r=/127.0.0.1:47700,OPEN,fill=-,flush=-,to=46/30000}=>HttpConnection@7436d25f[p=HttpParser{s=CONTENT,0 of -1},g=HttpGenerator@1a37799{s=END}]=>HttpChannelOverHttp@1f7df843{s=HttpChannelState@56301c2f{s=IDLE rs=COMPLETED os=COMPLETED is=IDLE awp=false se=false i=false al=0},r=1,c=true/true,a=IDLE,uri=https://localhost:33277/,age=1}
02:10:03.177 [qtp399373008-62] DEBUG org.eclipse.jetty.io.ssl.SslConnection - fill NOT_HANDSHAKING
02:10:03.177 [qtp399373008-62] DEBUG org.eclipse.jetty.io.ChannelEndPoint - filled 0 HeapByteBuffer@30c33a9d[p=0,l=0,c=17408,r=0]={<<<>>>GET / HTT...\x00\x00\x00\x00\x00\x00\x00}
02:10:03.177 [qtp399373008-62] DEBUG org.eclipse.jetty.io.ssl.SslConnection - net filled=0
02:10:03.177 [qtp399373008-62] DEBUG org.eclipse.jetty.io.ssl.SslConnection - unwrap net_filled=0 Status = BUFFER_UNDERFLOW HandshakeStatus = NOT_HANDSHAKING bytesConsumed = 0 bytesProduced = 0 encryptedBuffer=[p=0,l=0,c=17408,r=0] unwrapBuffer=HeapByteBuffer@ecff91a[p=0,l=0,c=17408,r=0]={<<<>>>\x17\x03\x03\x03\xAd\x0b\x00\x03\x88...\x00\x00\x00\x00\x00\x00\x00} appBuffer=HeapByteBuffer@ecff91a[p=0,l=0,c=17408,r=0]={<<<>>>\x17\x03\x03\x03\xAd\x0b\x00\x03\x88...\x00\x00\x00\x00\x00\x00\x00}
02:10:03.177 [qtp399373008-62] DEBUG org.eclipse.jetty.io.ssl.SslConnection - <fill f=0 uf=true SslConnection@527e26be::SocketChannelEndPoint@676b7014{l=/127.0.0.1:33277,r=/127.0.0.1:47700,OPEN,fill=-,flush=-,to=0/30000}{io=0/0,kio=0,kro=1}->SslConnection@527e26be{NOT_HANDSHAKING,eio=-1/-1,di=-1,fill=IDLE,flush=IDLE}~>DecryptedEndPoint@6a672d2d{l=/127.0.0.1:33277,r=/127.0.0.1:47700,OPEN,fill=-,flush=-,to=46/30000}=>HttpConnection@7436d25f[p=HttpParser{s=CONTENT,0 of -1},g=HttpGenerator@1a37799{s=END}]=>HttpChannelOverHttp@1f7df843{s=HttpChannelState@56301c2f{s=IDLE rs=COMPLETED os=COMPLETED is=IDLE awp=false se=false i=false al=0},r=1,c=true/true,a=IDLE,uri=https://localhost:33277/,age=2}
02:10:03.177 [qtp399373008-62] DEBUG org.eclipse.jetty.io.ssl.SslConnection - >fill SslConnection@527e26be::SocketChannelEndPoint@676b7014{l=/127.0.0.1:33277,r=/127.0.0.1:47700,OPEN,fill=-,flush=-,to=0/30000}{io=0/0,kio=0,kro=1}->SslConnection@527e26be{NOT_HANDSHAKING,eio=-1/-1,di=-1,fill=IDLE,flush=IDLE}~>DecryptedEndPoint@6a672d2d{l=/127.0.0.1:33277,r=/127.0.0.1:47700,OPEN,fill=-,flush=-,to=46/30000}=>HttpConnection@7436d25f[p=HttpParser{s=CONTENT,0 of -1},g=HttpGenerator@1a37799{s=END}]=>HttpChannelOverHttp@1f7df843{s=HttpChannelState@56301c2f{s=IDLE rs=COMPLETED os=COMPLETED is=IDLE awp=false se=false i=false al=0},r=1,c=true/true,a=IDLE,uri=https://localhost:33277/,age=2}
02:10:03.177 [qtp399373008-62] DEBUG org.eclipse.jetty.io.ssl.SslConnection - fill NOT_HANDSHAKING
02:10:03.177 [qtp399373008-62] DEBUG org.eclipse.jetty.io.ChannelEndPoint - filled 180 HeapByteBuffer@816b3[p=0,l=180,c=17408,r=180]={<<<\x17\x03\x03\x00\xAf\x88\x18q\x84\x00\r\xFf\xF6g\x85\xC2\xE9\nZ\xD4(\xEa\x81\x1cB...\xA6\xC1\xAe\xBd\xA5\x94\xC0\xB9*\x83\xD0\xEb\xA1\x98D\xA6\xEd\xE8/k\x88\xCc]>>>8\xD9`\xAac\xA4\x1e\xB5`...\x00\x00\x00\x00\x00\x00\x00}
02:10:03.177 [qtp399373008-62] DEBUG org.eclipse.jetty.io.ssl.SslConnection - net filled=180
02:10:03.177 [qtp399373008-62] DEBUG org.eclipse.jetty.io.ssl.SslConnection - unwrap net_filled=180 Status = OK HandshakeStatus = NOT_HANDSHAKING bytesConsumed = 180 bytesProduced = 142 encryptedBuffer=[p=180,l=180,c=17408,r=0] unwrapBuffer=HeapByteBuffer@ecff91a[p=0,l=142,c=17408,r=142]={<<<GET / HTTP/1.1\r\nIf-None-M...gent: okhttp/3.12.3\r\n\r\n>>>0\x10\x06\x03U\x04\x03\x0c\t...\x00\x00\x00\x00\x00\x00\x00} appBuffer=HeapByteBuffer@ecff91a[p=0,l=142,c=17408,r=142]={<<<GET / HTTP/1.1\r\nIf-None-M...gent: okhttp/3.12.3\r\n\r\n>>>0\x10\x06\x03U\x04\x03\x0c\t...\x00\x00\x00\x00\x00\x00\x00}
02:10:03.177 [qtp399373008-62] DEBUG org.eclipse.jetty.io.ssl.SslConnection - <fill f=142 uf=false SslConnection@527e26be::SocketChannelEndPoint@676b7014{l=/127.0.0.1:33277,r=/127.0.0.1:47700,OPEN,fill=-,flush=-,to=0/30000}{io=0/0,kio=0,kro=1}->SslConnection@527e26be{NOT_HANDSHAKING,eio=-1/-1,di=-1,fill=IDLE,flush=IDLE}~>DecryptedEndPoint@6a672d2d{l=/127.0.0.1:33277,r=/127.0.0.1:47700,OPEN,fill=-,flush=-,to=46/30000}=>HttpConnection@7436d25f[p=HttpParser{s=CONTENT,0 of -1},g=HttpGenerator@1a37799{s=END}]=>HttpChannelOverHttp@1f7df843{s=HttpChannelState@56301c2f{s=IDLE rs=COMPLETED os=COMPLETED is=IDLE awp=false se=false i=false al=0},r=1,c=true/true,a=IDLE,uri=https://localhost:33277/,age=2}
02:10:03.177 [qtp399373008-62] DEBUG org.eclipse.jetty.server.HttpConnection - HttpConnection@7436d25f::DecryptedEndPoint@6a672d2d{l=/127.0.0.1:33277,r=/127.0.0.1:47700,OPEN,fill=-,flush=-,to=46/30000} filled 142 HeapByteBuffer@ecff91a[p=0,l=142,c=17408,r=142]={<<<GET / HTTP/1.1\r\nIf-None-M...gent: okhttp/3.12.3\r\n\r\n>>>0\x10\x06\x03U\x04\x03\x0c\t...\x00\x00\x00\x00\x00\x00\x00}
02:10:03.177 [qtp399373008-62] DEBUG org.eclipse.jetty.server.HttpConnection - HttpConnection@7436d25f::DecryptedEndPoint@6a672d2d{l=/127.0.0.1:33277,r=/127.0.0.1:47700,OPEN,fill=-,flush=-,to=46/30000} parse HeapByteBuffer@ecff91a[p=0,l=142,c=17408,r=142]={<<<GET / HTTP/1.1\r\nIf-None-M...gent: okhttp/3.12.3\r\n\r\n>>>0\x10\x06\x03U\x04\x03\x0c\t...\x00\x00\x00\x00\x00\x00\x00} {}
02:10:03.177 [qtp399373008-62] DEBUG org.eclipse.jetty.http.HttpParser - parseNext s=CONTENT HeapByteBuffer@ecff91a[p=0,l=142,c=17408,r=142]={<<<GET / HTTP/1.1\r\nIf-None-M...gent: okhttp/3.12.3\r\n\r\n>>>0\x10\x06\x03U\x04\x03\x0c\t...\x00\x00\x00\x00\x00\x00\x00}
02:10:03.177 [qtp399373008-62] DEBUG org.eclipse.jetty.http.HttpParser - CONTENT --> CONTENT_END
02:10:03.177 [qtp399373008-62] DEBUG org.eclipse.jetty.server.HttpChannel - onContentComplete HttpChannelOverHttp@1f7df843{s=HttpChannelState@56301c2f{s=IDLE rs=COMPLETED os=COMPLETED is=IDLE awp=false se=false i=false al=0},r=1,c=true/true,a=IDLE,uri=https://localhost:33277/,age=2}
02:10:03.177 [qtp399373008-62] DEBUG org.eclipse.jetty.http.HttpParser - CONTENT_END --> END
02:10:03.177 [qtp399373008-62] DEBUG org.eclipse.jetty.server.HttpChannel - onRequestComplete HttpChannelOverHttp@1f7df843{s=HttpChannelState@56301c2f{s=IDLE rs=COMPLETED os=COMPLETED is=IDLE awp=false se=false i=false al=0},r=1,c=true/true,a=IDLE,uri=https://localhost:33277/,age=2}
02:10:03.177 [qtp399373008-62] DEBUG org.eclipse.jetty.server.HttpInput - HttpInputOverHTTP@c4c610f[c=0,q=0,[0]=null,s=STREAM] addContent EOF
02:10:03.177 [qtp399373008-62] DEBUG org.eclipse.jetty.server.HttpConnection - HttpConnection@7436d25f::DecryptedEndPoint@6a672d2d{l=/127.0.0.1:33277,r=/127.0.0.1:47700,OPEN,fill=-,flush=-,to=46/30000} parsed false HttpParser{s=END,0 of -1}
02:10:03.177 [qtp399373008-62] DEBUG org.eclipse.jetty.server.HttpChannelState - recycle HttpChannelState@56301c2f{s=IDLE rs=COMPLETED os=COMPLETED is=IDLE awp=false se=false i=false al=0}
02:10:03.178 [qtp399373008-62] DEBUG org.eclipse.jetty.http.HttpParser - reset HttpParser{s=END,0 of -1}
02:10:03.178 [qtp399373008-62] DEBUG org.eclipse.jetty.http.HttpParser - END --> START
02:10:03.178 [qtp399373008-62] DEBUG org.eclipse.jetty.server.HttpChannel - !handle TERMINATED HttpChannelOverHttp@1f7df843{s=HttpChannelState@56301c2f{s=IDLE rs=BLOCKING os=OPEN is=IDLE awp=false se=false i=true al=0},r=1,c=false/false,a=IDLE,uri=null,age=0}
02:10:03.178 [qtp399373008-62] DEBUG org.eclipse.jetty.server.HttpConnection - HttpConnection@7436d25f::DecryptedEndPoint@6a672d2d{l=/127.0.0.1:33277,r=/127.0.0.1:47700,OPEN,fill=-,flush=-,to=47/30000} parse HeapByteBuffer@ecff91a[p=0,l=142,c=17408,r=142]={<<<GET / HTTP/1.1\r\nIf-None-M...gent: okhttp/3.12.3\r\n\r\n>>>0\x10\x06\x03U\x04\x03\x0c\t...\x00\x00\x00\x00\x00\x00\x00} {}
02:10:03.178 [qtp399373008-62] DEBUG org.eclipse.jetty.http.HttpParser - parseNext s=START HeapByteBuffer@ecff91a[p=0,l=142,c=17408,r=142]={<<<GET / HTTP/1.1\r\nIf-None-M...gent: okhttp/3.12.3\r\n\r\n>>>0\x10\x06\x03U\x04\x03\x0c\t...\x00\x00\x00\x00\x00\x00\x00}
02:10:03.178 [qtp399373008-62] DEBUG org.eclipse.jetty.http.HttpParser - START --> SPACE1
02:10:03.178 [qtp399373008-62] DEBUG org.eclipse.jetty.http.HttpParser - SPACE1 --> URI
02:10:03.178 [qtp399373008-62] DEBUG org.eclipse.jetty.http.HttpParser - URI --> SPACE2
02:10:03.178 [qtp399373008-62] DEBUG org.eclipse.jetty.http.HttpParser - SPACE2 --> REQUEST_VERSION
02:10:03.178 [qtp399373008-62] DEBUG org.eclipse.jetty.http.HttpParser - REQUEST_VERSION --> HEADER
02:10:03.178 [qtp399373008-62] DEBUG org.eclipse.jetty.http.HttpParser - HEADER:If-None-Match --> VALUE
02:10:03.178 [qtp399373008-62] DEBUG org.eclipse.jetty.http.HttpParser - HEADER:If-None-Match --> IN_VALUE
02:10:03.178 [qtp399373008-62] DEBUG org.eclipse.jetty.http.HttpParser - HEADER:If-None-Match --> FIELD
02:10:03.178 [qtp399373008-62] DEBUG org.eclipse.jetty.http.HttpParser - HEADER:Host: localhost:33277 --> IN_VALUE
02:10:03.178 [qtp399373008-62] DEBUG org.eclipse.jetty.http.HttpParser - HEADER:Host: localhost:33277 --> FIELD
02:10:03.178 [qtp399373008-62] DEBUG org.eclipse.jetty.http.HttpParser - HEADER:Connection: keep-alive --> IN_VALUE
02:10:03.178 [qtp399373008-62] DEBUG org.eclipse.jetty.http.HttpParser - HEADER:Connection: keep-alive --> FIELD
02:10:03.178 [qtp399373008-62] DEBUG org.eclipse.jetty.http.HttpParser - HEADER:Accept-Encoding: gzip --> IN_VALUE
02:10:03.178 [qtp399373008-62] DEBUG org.eclipse.jetty.http.HttpParser - HEADER:Accept-Encoding: gzip --> FIELD
02:10:03.178 [qtp399373008-62] DEBUG org.eclipse.jetty.http.HttpParser - HEADER:User-Agent: okhttp/3.12.3 --> IN_VALUE
02:10:03.178 [qtp399373008-62] DEBUG org.eclipse.jetty.http.HttpParser - HEADER:User-Agent: okhttp/3.12.3 --> FIELD
02:10:03.178 [qtp399373008-62] DEBUG org.eclipse.jetty.http.HttpParser - HEADER --> CONTENT
02:10:03.178 [qtp399373008-62] DEBUG org.eclipse.jetty.server.HttpChannel - REQUEST for //localhost:33277/ on HttpChannelOverHttp@1f7df843{s=HttpChannelState@56301c2f{s=IDLE rs=BLOCKING os=OPEN is=IDLE awp=false se=false i=true al=0},r=2,c=false/false,a=IDLE,uri=//localhost:33277/,age=0}
GET //localhost:33277/ HTTP/1.1
If-None-Match: "testEtag"
Host: localhost:33277
Connection: keep-alive
Accept-Encoding: gzip
User-Agent: okhttp/3.12.3


02:10:03.178 [qtp399373008-62] DEBUG org.eclipse.jetty.server.HttpConnection - HttpConnection@7436d25f::DecryptedEndPoint@6a672d2d{l=/127.0.0.1:33277,r=/127.0.0.1:47700,OPEN,fill=-,flush=-,to=47/30000} parsed true HttpParser{s=CONTENT,0 of -1}
02:10:03.178 [qtp399373008-62] DEBUG org.eclipse.jetty.server.HttpConnection - releaseRequestBuffer HttpConnection@7436d25f::DecryptedEndPoint@6a672d2d{l=/127.0.0.1:33277,r=/127.0.0.1:47700,OPEN,fill=-,flush=-,to=47/30000}
02:10:03.178 [qtp399373008-62] DEBUG org.eclipse.jetty.server.HttpChannel - handle //localhost:33277/ HttpChannelOverHttp@1f7df843{s=HttpChannelState@56301c2f{s=IDLE rs=BLOCKING os=OPEN is=IDLE awp=false se=false i=true al=0},r=2,c=false/false,a=IDLE,uri=//localhost:33277/,age=0} 
02:10:03.178 [qtp399373008-62] DEBUG org.eclipse.jetty.server.HttpChannelState - handling HttpChannelState@56301c2f{s=IDLE rs=BLOCKING os=OPEN is=IDLE awp=false se=false i=true al=0}
02:10:03.178 [qtp399373008-62] DEBUG org.eclipse.jetty.server.HttpChannel - action DISPATCH HttpChannelOverHttp@1f7df843{s=HttpChannelState@56301c2f{s=HANDLING rs=BLOCKING os=OPEN is=IDLE awp=false se=false i=true al=0},r=2,c=false/false,a=HANDLING,uri=//localhost:33277/,age=0}
02:10:03.178 [qtp399373008-62] DEBUG org.eclipse.jetty.server.SecureRequestCustomizer - Host localhost with SNI null
02:10:03.178 [qtp399373008-62] DEBUG org.eclipse.jetty.server.Server - REQUEST GET / on HttpChannelOverHttp@1f7df843{s=HttpChannelState@56301c2f{s=HANDLING rs=BLOCKING os=OPEN is=IDLE awp=false se=false i=true al=0},r=2,c=false/false,a=HANDLING,uri=https://localhost:33277/,age=0}
02:10:03.178 [qtp399373008-62] DEBUG org.eclipse.jetty.server.Server - handled=true async=false committed=false on HttpChannelOverHttp@1f7df843{s=HttpChannelState@56301c2f{s=HANDLING rs=BLOCKING os=OPEN is=IDLE awp=false se=false i=true al=0},r=2,c=false/false,a=HANDLING,uri=https://localhost:33277/,age=0}
02:10:03.178 [qtp399373008-62] DEBUG org.eclipse.jetty.server.HttpChannelState - unhandle HttpChannelState@56301c2f{s=HANDLING rs=BLOCKING os=OPEN is=IDLE awp=false se=false i=true al=0}
02:10:03.178 [qtp399373008-62] DEBUG org.eclipse.jetty.server.HttpChannelState - nextAction(false) COMPLETE HttpChannelState@56301c2f{s=HANDLING rs=COMPLETING os=OPEN is=IDLE awp=false se=false i=false al=0}
02:10:03.178 [qtp399373008-62] DEBUG org.eclipse.jetty.server.HttpChannel - action COMPLETE HttpChannelOverHttp@1f7df843{s=HttpChannelState@56301c2f{s=HANDLING rs=COMPLETING os=OPEN is=IDLE awp=false se=false i=false al=0},r=2,c=false/false,a=HANDLING,uri=https://localhost:33277/,age=0}
02:10:03.178 [qtp399373008-62] DEBUG org.eclipse.jetty.io.ssl.SslConnection - >fill SslConnection@527e26be::SocketChannelEndPoint@676b7014{l=/127.0.0.1:33277,r=/127.0.0.1:47700,OPEN,fill=-,flush=-,to=1/30000}{io=0/0,kio=0,kro=1}->SslConnection@527e26be{NOT_HANDSHAKING,eio=-1/-1,di=-1,fill=IDLE,flush=IDLE}~>DecryptedEndPoint@6a672d2d{l=/127.0.0.1:33277,r=/127.0.0.1:47700,OPEN,fill=-,flush=-,to=47/30000}=>HttpConnection@7436d25f[p=HttpParser{s=CONTENT,0 of -1},g=HttpGenerator@1a37799{s=START}]=>HttpChannelOverHttp@1f7df843{s=HttpChannelState@56301c2f{s=HANDLING rs=COMPLETING os=OPEN is=IDLE awp=false se=false i=false al=0},r=2,c=false/false,a=HANDLING,uri=https://localhost:33277/,age=0}
02:10:03.178 [qtp399373008-62] DEBUG org.eclipse.jetty.io.ssl.SslConnection - fill NOT_HANDSHAKING
02:10:03.179 [qtp399373008-62] DEBUG org.eclipse.jetty.io.ChannelEndPoint - filled 0 HeapByteBuffer@816b3[p=0,l=0,c=17408,r=0]={<<<>>>\x17\x03\x03\x00\xAfGET ...\x00\x00\x00\x00\x00\x00\x00}
02:10:03.179 [qtp399373008-62] DEBUG org.eclipse.jetty.io.ssl.SslConnection - net filled=0
02:10:03.179 [qtp399373008-62] DEBUG org.eclipse.jetty.io.ssl.SslConnection - unwrap net_filled=0 Status = BUFFER_UNDERFLOW HandshakeStatus = NOT_HANDSHAKING bytesConsumed = 0 bytesProduced = 0 encryptedBuffer=[p=0,l=0,c=17408,r=0] unwrapBuffer=HeapByteBuffer@30c33a9d[p=0,l=0,c=17408,r=0]={<<<>>>GET / HTT...\x00\x00\x00\x00\x00\x00\x00} appBuffer=HeapByteBuffer@30c33a9d[p=0,l=0,c=17408,r=0]={<<<>>>GET / HTT...\x00\x00\x00\x00\x00\x00\x00}
02:10:03.179 [qtp399373008-62] DEBUG org.eclipse.jetty.io.ssl.SslConnection - <fill f=0 uf=true SslConnection@527e26be::SocketChannelEndPoint@676b7014{l=/127.0.0.1:33277,r=/127.0.0.1:47700,OPEN,fill=-,flush=-,to=1/30000}{io=0/0,kio=0,kro=1}->SslConnection@527e26be{NOT_HANDSHAKING,eio=-1/-1,di=-1,fill=IDLE,flush=IDLE}~>DecryptedEndPoint@6a672d2d{l=/127.0.0.1:33277,r=/127.0.0.1:47700,OPEN,fill=-,flush=-,to=48/30000}=>HttpConnection@7436d25f[p=HttpParser{s=CONTENT,0 of -1},g=HttpGenerator@1a37799{s=START}]=>HttpChannelOverHttp@1f7df843{s=HttpChannelState@56301c2f{s=HANDLING rs=COMPLETING os=OPEN is=IDLE awp=false se=false i=false al=0},r=2,c=false/false,a=HANDLING,uri=https://localhost:33277/,age=1}
02:10:03.179 [qtp399373008-62] DEBUG org.eclipse.jetty.io.ssl.SslConnection - >fill SslConnection@527e26be::SocketChannelEndPoint@676b7014{l=/127.0.0.1:33277,r=/127.0.0.1:47700,OPEN,fill=-,flush=-,to=1/30000}{io=0/0,kio=0,kro=1}->SslConnection@527e26be{NOT_HANDSHAKING,eio=-1/-1,di=-1,fill=IDLE,flush=IDLE}~>DecryptedEndPoint@6a672d2d{l=/127.0.0.1:33277,r=/127.0.0.1:47700,OPEN,fill=-,flush=-,to=48/30000}=>HttpConnection@7436d25f[p=HttpParser{s=CONTENT,0 of -1},g=HttpGenerator@1a37799{s=START}]=>HttpChannelOverHttp@1f7df843{s=HttpChannelState@56301c2f{s=HANDLING rs=COMPLETING os=OPEN is=IDLE awp=false se=false i=false al=0},r=2,c=false/false,a=HANDLING,uri=https://localhost:33277/,age=1}
02:10:03.179 [qtp399373008-62] DEBUG org.eclipse.jetty.io.ssl.SslConnection - fill NOT_HANDSHAKING
02:10:03.179 [qtp399373008-62] DEBUG org.eclipse.jetty.io.ChannelEndPoint - filled 0 HeapByteBuffer@ecff91a[p=0,l=0,c=17408,r=0]={<<<>>>GET / HTT...\x00\x00\x00\x00\x00\x00\x00}
02:10:03.179 [qtp399373008-62] DEBUG org.eclipse.jetty.io.ssl.SslConnection - net filled=0
02:10:03.179 [qtp399373008-62] DEBUG org.eclipse.jetty.io.ssl.SslConnection - unwrap net_filled=0 Status = BUFFER_UNDERFLOW HandshakeStatus = NOT_HANDSHAKING bytesConsumed = 0 bytesProduced = 0 encryptedBuffer=[p=0,l=0,c=17408,r=0] unwrapBuffer=HeapByteBuffer@30c33a9d[p=0,l=0,c=17408,r=0]={<<<>>>GET / HTT...\x00\x00\x00\x00\x00\x00\x00} appBuffer=HeapByteBuffer@30c33a9d[p=0,l=0,c=17408,r=0]={<<<>>>GET / HTT...\x00\x00\x00\x00\x00\x00\x00}
02:10:03.179 [qtp399373008-62] DEBUG org.eclipse.jetty.io.ssl.SslConnection - <fill f=0 uf=true SslConnection@527e26be::SocketChannelEndPoint@676b7014{l=/127.0.0.1:33277,r=/127.0.0.1:47700,OPEN,fill=-,flush=-,to=2/30000}{io=0/0,kio=0,kro=1}->SslConnection@527e26be{NOT_HANDSHAKING,eio=-1/-1,di=-1,fill=IDLE,flush=IDLE}~>DecryptedEndPoint@6a672d2d{l=/127.0.0.1:33277,r=/127.0.0.1:47700,OPEN,fill=-,flush=-,to=48/30000}=>HttpConnection@7436d25f[p=HttpParser{s=CONTENT,0 of -1},g=HttpGenerator@1a37799{s=START}]=>HttpChannelOverHttp@1f7df843{s=HttpChannelState@56301c2f{s=HANDLING rs=COMPLETING os=OPEN is=IDLE awp=false se=false i=false al=0},r=2,c=false/false,a=HANDLING,uri=https://localhost:33277/,age=1}
02:10:03.179 [qtp399373008-62] DEBUG org.eclipse.jetty.server.HttpConnection - HttpConnection@7436d25f::DecryptedEndPoint@6a672d2d{l=/127.0.0.1:33277,r=/127.0.0.1:47700,OPEN,fill=-,flush=-,to=48/30000} filled 0 HeapByteBuffer@30c33a9d[p=0,l=0,c=17408,r=0]={<<<>>>GET / HTT...\x00\x00\x00\x00\x00\x00\x00}
02:10:03.179 [qtp399373008-62] DEBUG org.eclipse.jetty.server.HttpConnection - HttpConnection@7436d25f::DecryptedEndPoint@6a672d2d{l=/127.0.0.1:33277,r=/127.0.0.1:47700,OPEN,fill=-,flush=-,to=48/30000} parse HeapByteBuffer@30c33a9d[p=0,l=0,c=17408,r=0]={<<<>>>GET / HTT...\x00\x00\x00\x00\x00\x00\x00} {}
02:10:03.179 [qtp399373008-62] DEBUG org.eclipse.jetty.http.HttpParser - parseNext s=CONTENT HeapByteBuffer@30c33a9d[p=0,l=0,c=17408,r=0]={<<<>>>GET / HTT...\x00\x00\x00\x00\x00\x00\x00}
02:10:03.179 [qtp399373008-62] DEBUG org.eclipse.jetty.http.HttpParser - CONTENT --> CONTENT_END
02:10:03.179 [qtp399373008-62] DEBUG org.eclipse.jetty.server.HttpChannel - onContentComplete HttpChannelOverHttp@1f7df843{s=HttpChannelState@56301c2f{s=HANDLING rs=COMPLETING os=OPEN is=IDLE awp=false se=false i=false al=0},r=2,c=false/false,a=HANDLING,uri=https://localhost:33277/,age=1}
02:10:03.179 [qtp399373008-62] DEBUG org.eclipse.jetty.http.HttpParser - CONTENT_END --> END
02:10:03.179 [qtp399373008-62] DEBUG org.eclipse.jetty.server.HttpChannel - onRequestComplete HttpChannelOverHttp@1f7df843{s=HttpChannelState@56301c2f{s=HANDLING rs=COMPLETING os=OPEN is=IDLE awp=false se=false i=false al=0},r=2,c=false/false,a=HANDLING,uri=https://localhost:33277/,age=1}
02:10:03.179 [qtp399373008-62] DEBUG org.eclipse.jetty.server.HttpInput - HttpInputOverHTTP@c4c610f[c=0,q=0,[0]=null,s=STREAM] addContent EOF
02:10:03.179 [qtp399373008-62] DEBUG org.eclipse.jetty.server.HttpConnection - HttpConnection@7436d25f::DecryptedEndPoint@6a672d2d{l=/127.0.0.1:33277,r=/127.0.0.1:47700,OPEN,fill=-,flush=-,to=48/30000} parsed false HttpParser{s=END,0 of -1}
02:10:03.179 [qtp399373008-62] DEBUG org.eclipse.jetty.server.HttpConnection - releaseRequestBuffer HttpConnection@7436d25f::DecryptedEndPoint@6a672d2d{l=/127.0.0.1:33277,r=/127.0.0.1:47700,OPEN,fill=-,flush=-,to=48/30000}
02:10:03.179 [qtp399373008-62] DEBUG org.eclipse.jetty.server.HttpOutput - complete(org.eclipse.jetty.util.Callback$3@3d6496b1) s=CLOSING,api=BLOCKED,sc=false,e=null s=false e=null, c=HeapByteBuffer@58b1a525[p=0,l=0,c=0,r=0]={<<<>>>}
02:10:03.179 [qtp399373008-62] DEBUG org.eclipse.jetty.server.HttpChannel - sendResponse info=null content=HeapByteBuffer@58b1a525[p=0,l=0,c=0,r=0]={<<<>>>} complete=true committing=true callback=org.eclipse.jetty.server.HttpOutput$WriteCompleteCB@597ee40a
02:10:03.180 [qtp399373008-62] DEBUG org.eclipse.jetty.server.HttpChannel - COMMIT for / on HttpChannelOverHttp@1f7df843{s=HttpChannelState@56301c2f{s=HANDLING rs=COMPLETING os=COMMITTED is=IDLE awp=false se=false i=false al=0},r=2,c=false/false,a=HANDLING,uri=https://localhost:33277/,age=1}
304 null HTTP/1.1
Date: Thu, 02 May 2024 01:10:03 GMT
ETag: testEtag


02:10:03.180 [qtp399373008-62] DEBUG org.eclipse.jetty.server.HttpConnection - generate: NEED_HEADER for SendCallback@8a432ab[PROCESSING][i=HTTP/1.1{s=304,h=2,cl=-1},cb=org.eclipse.jetty.server.HttpChannel$SendCallback@5d5d565f] (null,[p=0,l=0,c=0,r=0],true)@START
02:10:03.180 [qtp399373008-62] DEBUG org.eclipse.jetty.http.HttpGenerator - generateHeaders HTTP/1.1{s=304,h=2,cl=-1} last=true content=HeapByteBuffer@58b1a525[p=0,l=0,c=0,r=0]={<<<>>>}
02:10:03.180 [qtp399373008-62] DEBUG org.eclipse.jetty.http.HttpGenerator - Date: Thu, 02 May 2024 01:10:03 GMT
ETag: testEtag


02:10:03.180 [qtp399373008-62] DEBUG org.eclipse.jetty.http.HttpGenerator - NO_CONTENT
02:10:03.180 [qtp399373008-62] DEBUG org.eclipse.jetty.server.HttpConnection - generate: FLUSH for SendCallback@8a432ab[PROCESSING][i=HTTP/1.1{s=304,h=2,cl=-1},cb=org.eclipse.jetty.server.HttpChannel$SendCallback@5d5d565f] ([p=0,l=115,c=8192,r=115],[p=0,l=0,c=0,r=0],true)@COMPLETING
02:10:03.180 [qtp399373008-62] DEBUG org.eclipse.jetty.io.WriteFlusher - write: WriteFlusher@5326eb1c{IDLE}->null [HeapByteBuffer@57345db1[p=0,l=115,c=8192,r=115]={<<<HTTP/1.1 304 Not Modified...y(9.4.44.v20210927)\r\n\r\n>>>nt-Length...\x00\x00\x00\x00\x00\x00\x00}]
02:10:03.180 [qtp399373008-62] DEBUG org.eclipse.jetty.io.WriteFlusher - update WriteFlusher@5326eb1c{WRITING}->null:IDLE-->WRITING
02:10:03.180 [qtp399373008-62] DEBUG org.eclipse.jetty.io.ssl.SslConnection - >flush SslConnection@527e26be::SocketChannelEndPoint@676b7014{l=/127.0.0.1:33277,r=/127.0.0.1:47700,OPEN,fill=-,flush=-,to=2/30000}{io=0/0,kio=0,kro=1}->SslConnection@527e26be{NOT_HANDSHAKING,eio=-1/-1,di=-1,fill=IDLE,flush=IDLE}~>DecryptedEndPoint@6a672d2d{l=/127.0.0.1:33277,r=/127.0.0.1:47700,OPEN,fill=-,flush=W,to=49/30000}=>HttpConnection@7436d25f[p=HttpParser{s=END,0 of -1},g=HttpGenerator@1a37799{s=COMPLETING}]=>HttpChannelOverHttp@1f7df843{s=HttpChannelState@56301c2f{s=HANDLING rs=COMPLETING os=COMMITTED is=IDLE awp=false se=false i=false al=0},r=2,c=false/false,a=HANDLING,uri=https://localhost:33277/,age=2}
02:10:03.180 [qtp399373008-62] DEBUG org.eclipse.jetty.io.ssl.SslConnection - flush b[0]=HeapByteBuffer@57345db1[p=0,l=115,c=8192,r=115]={<<<HTTP/1.1 304 Not Modified...y(9.4.44.v20210927)\r\n\r\n>>>nt-Length...\x00\x00\x00\x00\x00\x00\x00}
02:10:03.180 [qtp399373008-62] DEBUG org.eclipse.jetty.io.ssl.SslConnection - flush NOT_HANDSHAKING
02:10:03.180 [qtp399373008-62] DEBUG org.eclipse.jetty.io.ssl.SslConnection - wrap Status = OK HandshakeStatus = NOT_HANDSHAKING bytesConsumed = 115 bytesProduced = 153 [p=0,l=153,c=17408,r=153] ioDone=false/false
02:10:03.180 [qtp399373008-62] DEBUG org.eclipse.jetty.io.ChannelEndPoint - flushed 153 SocketChannelEndPoint@676b7014{l=/127.0.0.1:33277,r=/127.0.0.1:47700,OPEN,fill=-,flush=-,to=3/30000}{io=0/0,kio=0,kro=1}->SslConnection@527e26be{NOT_HANDSHAKING,eio=-1/0,di=-1,fill=IDLE,flush=IDLE}~>DecryptedEndPoint@6a672d2d{l=/127.0.0.1:33277,r=/127.0.0.1:47700,OPEN,fill=-,flush=W,to=49/30000}=>HttpConnection@7436d25f[p=HttpParser{s=END,0 of -1},g=HttpGenerator@1a37799{s=COMPLETING}]=>HttpChannelOverHttp@1f7df843{s=HttpChannelState@56301c2f{s=HANDLING rs=COMPLETING os=COMMITTED is=IDLE awp=false se=false i=false al=0},r=2,c=false/false,a=HANDLING,uri=https://localhost:33277/,age=2}
02:10:03.180 [qtp399373008-62] DEBUG org.eclipse.jetty.io.ssl.SslConnection - net flushed=true, ac=true
02:10:03.180 [main] DEBUG org.apache.nifi.minifi.bootstrap.configuration.ingestors.PullHttpChangeIngestor - Response received: Response{protocol=http/1.1, code=304, message=Not Modified, url=https://localhost:33277/}
02:10:03.180 [qtp399373008-62] DEBUG org.eclipse.jetty.io.ssl.SslConnection - <flush true SslConnection@527e26be::SocketChannelEndPoint@676b7014{l=/127.0.0.1:33277,r=/127.0.0.1:47700,OPEN,fill=-,flush=-,to=0/30000}{io=0/0,kio=0,kro=1}->SslConnection@527e26be{NOT_HANDSHAKING,eio=-1/-1,di=-1,fill=IDLE,flush=IDLE}~>DecryptedEndPoint@6a672d2d{l=/127.0.0.1:33277,r=/127.0.0.1:47700,OPEN,fill=-,flush=W,to=49/30000}=>HttpConnection@7436d25f[p=HttpParser{s=END,0 of -1},g=HttpGenerator@1a37799{s=COMPLETING}]=>HttpChannelOverHttp@1f7df843{s=HttpChannelState@56301c2f{s=HANDLING rs=COMPLETING os=COMMITTED is=IDLE awp=false se=false i=false al=0},r=2,c=false/false,a=HANDLING,uri=https://localhost:33277/,age=2}
02:10:03.181 [qtp399373008-62] DEBUG org.eclipse.jetty.io.WriteFlusher - Flushed=true written=115 remaining=0 WriteFlusher@5326eb1c{WRITING}->null
02:10:03.181 [qtp399373008-62] DEBUG org.eclipse.jetty.io.WriteFlusher - update WriteFlusher@5326eb1c{IDLE}->null:WRITING-->IDLE
02:10:03.181 [qtp399373008-62] DEBUG org.eclipse.jetty.server.HttpConnection - generate: DONE for SendCallback@8a432ab[PROCESSING][i=HTTP/1.1{s=304,h=2,cl=-1},cb=org.eclipse.jetty.server.HttpChannel$SendCallback@5d5d565f] ([p=115,l=115,c=8192,r=0],[p=0,l=0,c=0,r=0],true)@END
02:10:03.181 [qtp399373008-62] DEBUG org.eclipse.jetty.server.HttpOutput - onWriteComplete(true,null) s=CLOSING,api=BLOCKED,sc=false,e=null->s=CLOSED,api=BLOCKING,sc=false,e=null c=null cb=org.eclipse.jetty.util.Callback$3@3d6496b1 w=false
02:10:03.181 [qtp399373008-62] DEBUG org.eclipse.jetty.server.HttpChannelState - completed HttpChannelState@56301c2f{s=HANDLING rs=COMPLETING os=COMPLETED is=IDLE awp=false se=false i=false al=0}
02:10:03.181 [qtp399373008-62] DEBUG org.eclipse.jetty.server.HttpChannelState - unhandle HttpChannelState@56301c2f{s=HANDLING rs=COMPLETED os=COMPLETED is=IDLE awp=false se=false i=false al=0}
]]></system-out>
  </testcase>
  <testcase name="testNewUpdate" classname="org.apache.nifi.minifi.bootstrap.configuration.ingestors.PullHttpChangeIngestorSSLTest" time="0.07">
    <system-out><![CDATA[02:10:03.181 [qtp399373008-62] DEBUG org.eclipse.jetty.server.HttpChannelState - nextAction(false) TERMINATED HttpChannelState@56301c2f{s=IDLE rs=COMPLETED os=COMPLETED is=IDLE awp=false se=false i=false al=0}
02:10:03.181 [qtp399373008-62] DEBUG org.eclipse.jetty.server.HttpChannel - action TERMINATED HttpChannelOverHttp@1f7df843{s=HttpChannelState@56301c2f{s=IDLE rs=COMPLETED os=COMPLETED is=IDLE awp=false se=false i=false al=0},r=2,c=true/true,a=IDLE,uri=https://localhost:33277/,age=3}
02:10:03.181 [qtp399373008-62] DEBUG org.eclipse.jetty.server.HttpChannel - onCompleted for / written=0
02:10:03.181 [qtp399373008-62] DEBUG org.eclipse.jetty.server.HttpChannelState - recycle HttpChannelState@56301c2f{s=IDLE rs=COMPLETED os=COMPLETED is=IDLE awp=false se=false i=false al=0}
02:10:03.181 [qtp399373008-62] DEBUG org.eclipse.jetty.http.HttpParser - reset HttpParser{s=END,0 of -1}
02:10:03.181 [qtp399373008-62] DEBUG org.eclipse.jetty.http.HttpParser - END --> START
02:10:03.181 [qtp399373008-62] DEBUG org.eclipse.jetty.server.HttpChannel - !handle TERMINATED HttpChannelOverHttp@1f7df843{s=HttpChannelState@56301c2f{s=IDLE rs=BLOCKING os=OPEN is=IDLE awp=false se=false i=true al=0},r=2,c=false/false,a=IDLE,uri=null,age=0}
02:10:03.181 [qtp399373008-62] DEBUG org.eclipse.jetty.io.ssl.SslConnection - >fill SslConnection@527e26be::SocketChannelEndPoint@676b7014{l=/127.0.0.1:33277,r=/127.0.0.1:47700,OPEN,fill=-,flush=-,to=1/30000}{io=0/0,kio=0,kro=1}->SslConnection@527e26be{NOT_HANDSHAKING,eio=-1/-1,di=-1,fill=IDLE,flush=IDLE}~>DecryptedEndPoint@6a672d2d{l=/127.0.0.1:33277,r=/127.0.0.1:47700,OPEN,fill=-,flush=-,to=50/30000}=>HttpConnection@7436d25f[p=HttpParser{s=START,0 of -1},g=HttpGenerator@1a37799{s=START}]=>HttpChannelOverHttp@1f7df843{s=HttpChannelState@56301c2f{s=IDLE rs=BLOCKING os=OPEN is=IDLE awp=false se=false i=true al=0},r=2,c=false/false,a=IDLE,uri=null,age=0}
02:10:03.181 [qtp399373008-62] DEBUG org.eclipse.jetty.io.ssl.SslConnection - fill NOT_HANDSHAKING
02:10:03.182 [qtp399373008-62] DEBUG org.eclipse.jetty.io.ChannelEndPoint - filled 0 HeapByteBuffer@30c33a9d[p=0,l=0,c=17408,r=0]={<<<>>>GET / HTT...\x00\x00\x00\x00\x00\x00\x00}
02:10:03.182 [qtp399373008-62] DEBUG org.eclipse.jetty.io.ssl.SslConnection - net filled=0
02:10:03.182 [qtp399373008-62] DEBUG org.eclipse.jetty.io.ssl.SslConnection - unwrap net_filled=0 Status = BUFFER_UNDERFLOW HandshakeStatus = NOT_HANDSHAKING bytesConsumed = 0 bytesProduced = 0 encryptedBuffer=[p=0,l=0,c=17408,r=0] unwrapBuffer=HeapByteBuffer@ecff91a[p=0,l=0,c=17408,r=0]={<<<>>>GET / HTT...\x00\x00\x00\x00\x00\x00\x00} appBuffer=HeapByteBuffer@ecff91a[p=0,l=0,c=17408,r=0]={<<<>>>GET / HTT...\x00\x00\x00\x00\x00\x00\x00}
02:10:03.182 [qtp399373008-62] DEBUG org.eclipse.jetty.io.ssl.SslConnection - <fill f=0 uf=true SslConnection@527e26be::SocketChannelEndPoint@676b7014{l=/127.0.0.1:33277,r=/127.0.0.1:47700,OPEN,fill=-,flush=-,to=1/30000}{io=0/0,kio=0,kro=1}->SslConnection@527e26be{NOT_HANDSHAKING,eio=-1/-1,di=-1,fill=IDLE,flush=IDLE}~>DecryptedEndPoint@6a672d2d{l=/127.0.0.1:33277,r=/127.0.0.1:47700,OPEN,fill=-,flush=-,to=51/30000}=>HttpConnection@7436d25f[p=HttpParser{s=START,0 of -1},g=HttpGenerator@1a37799{s=START}]=>HttpChannelOverHttp@1f7df843{s=HttpChannelState@56301c2f{s=IDLE rs=BLOCKING os=OPEN is=IDLE awp=false se=false i=true al=0},r=2,c=false/false,a=IDLE,uri=null,age=0}
02:10:03.182 [qtp399373008-62] DEBUG org.eclipse.jetty.io.ssl.SslConnection - >fill SslConnection@527e26be::SocketChannelEndPoint@676b7014{l=/127.0.0.1:33277,r=/127.0.0.1:47700,OPEN,fill=-,flush=-,to=1/30000}{io=0/0,kio=0,kro=1}->SslConnection@527e26be{NOT_HANDSHAKING,eio=-1/-1,di=-1,fill=IDLE,flush=IDLE}~>DecryptedEndPoint@6a672d2d{l=/127.0.0.1:33277,r=/127.0.0.1:47700,OPEN,fill=-,flush=-,to=51/30000}=>HttpConnection@7436d25f[p=HttpParser{s=START,0 of -1},g=HttpGenerator@1a37799{s=START}]=>HttpChannelOverHttp@1f7df843{s=HttpChannelState@56301c2f{s=IDLE rs=BLOCKING os=OPEN is=IDLE awp=false se=false i=true al=0},r=2,c=false/false,a=IDLE,uri=null,age=0}
02:10:03.182 [qtp399373008-62] DEBUG org.eclipse.jetty.io.ssl.SslConnection - fill NOT_HANDSHAKING
02:10:03.182 [qtp399373008-62] DEBUG org.eclipse.jetty.io.ChannelEndPoint - filled 0 HeapByteBuffer@816b3[p=0,l=0,c=17408,r=0]={<<<>>>\x17\x03\x03\x00\x94\x12y@=...\x00\x00\x00\x00\x00\x00\x00}
02:10:03.182 [qtp399373008-62] DEBUG org.eclipse.jetty.io.ssl.SslConnection - net filled=0
02:10:03.182 [qtp399373008-62] DEBUG org.eclipse.jetty.io.ssl.SslConnection - unwrap net_filled=0 Status = BUFFER_UNDERFLOW HandshakeStatus = NOT_HANDSHAKING bytesConsumed = 0 bytesProduced = 0 encryptedBuffer=[p=0,l=0,c=17408,r=0] unwrapBuffer=HeapByteBuffer@ecff91a[p=0,l=0,c=17408,r=0]={<<<>>>GET / HTT...\x00\x00\x00\x00\x00\x00\x00} appBuffer=HeapByteBuffer@ecff91a[p=0,l=0,c=17408,r=0]={<<<>>>GET / HTT...\x00\x00\x00\x00\x00\x00\x00}
02:10:03.182 [qtp399373008-62] DEBUG org.eclipse.jetty.io.ssl.SslConnection - <fill f=0 uf=true SslConnection@527e26be::SocketChannelEndPoint@676b7014{l=/127.0.0.1:33277,r=/127.0.0.1:47700,OPEN,fill=-,flush=-,to=1/30000}{io=0/0,kio=0,kro=1}->SslConnection@527e26be{NOT_HANDSHAKING,eio=-1/-1,di=-1,fill=IDLE,flush=IDLE}~>DecryptedEndPoint@6a672d2d{l=/127.0.0.1:33277,r=/127.0.0.1:47700,OPEN,fill=-,flush=-,to=51/30000}=>HttpConnection@7436d25f[p=HttpParser{s=START,0 of -1},g=HttpGenerator@1a37799{s=START}]=>HttpChannelOverHttp@1f7df843{s=HttpChannelState@56301c2f{s=IDLE rs=BLOCKING os=OPEN is=IDLE awp=false se=false i=true al=0},r=2,c=false/false,a=IDLE,uri=null,age=0}
02:10:03.182 [qtp399373008-62] DEBUG org.eclipse.jetty.server.HttpConnection - HttpConnection@7436d25f::DecryptedEndPoint@6a672d2d{l=/127.0.0.1:33277,r=/127.0.0.1:47700,OPEN,fill=-,flush=-,to=51/30000} filled 0 HeapByteBuffer@ecff91a[p=0,l=0,c=17408,r=0]={<<<>>>GET / HTT...\x00\x00\x00\x00\x00\x00\x00}
02:10:03.182 [qtp399373008-62] DEBUG org.eclipse.jetty.server.HttpConnection - HttpConnection@7436d25f::DecryptedEndPoint@6a672d2d{l=/127.0.0.1:33277,r=/127.0.0.1:47700,OPEN,fill=-,flush=-,to=51/30000} parse HeapByteBuffer@ecff91a[p=0,l=0,c=17408,r=0]={<<<>>>GET / HTT...\x00\x00\x00\x00\x00\x00\x00} {}
02:10:03.182 [qtp399373008-62] DEBUG org.eclipse.jetty.http.HttpParser - parseNext s=START HeapByteBuffer@ecff91a[p=0,l=0,c=17408,r=0]={<<<>>>GET / HTT...\x00\x00\x00\x00\x00\x00\x00}
02:10:03.182 [qtp399373008-62] DEBUG org.eclipse.jetty.server.HttpConnection - HttpConnection@7436d25f::DecryptedEndPoint@6a672d2d{l=/127.0.0.1:33277,r=/127.0.0.1:47700,OPEN,fill=-,flush=-,to=51/30000} parsed false HttpParser{s=START,0 of -1}
02:10:03.182 [qtp399373008-62] DEBUG org.eclipse.jetty.server.HttpConnection - releaseRequestBuffer HttpConnection@7436d25f::DecryptedEndPoint@6a672d2d{l=/127.0.0.1:33277,r=/127.0.0.1:47700,OPEN,fill=-,flush=-,to=51/30000}
02:10:03.182 [qtp399373008-62] DEBUG org.eclipse.jetty.io.AbstractConnection - fillInterested HttpConnection@7436d25f::DecryptedEndPoint@6a672d2d{l=/127.0.0.1:33277,r=/127.0.0.1:47700,OPEN,fill=-,flush=-,to=51/30000}
02:10:03.182 [qtp399373008-62] DEBUG org.eclipse.jetty.io.FillInterest - interested FillInterest@4345f9d8{AC.ReadCB@7436d25f{HttpConnection@7436d25f::DecryptedEndPoint@6a672d2d{l=/127.0.0.1:33277,r=/127.0.0.1:47700,OPEN,fill=FI,flush=-,to=0/30000}}}
02:10:03.182 [qtp399373008-62] DEBUG org.eclipse.jetty.io.ssl.SslConnection - >needFillInterest s=IDLE/IDLE uf=true ei=null di=null SslConnection@527e26be::SocketChannelEndPoint@676b7014{l=/127.0.0.1:33277,r=/127.0.0.1:47700,OPEN,fill=-,flush=-,to=1/30000}{io=0/0,kio=0,kro=1}->SslConnection@527e26be{NOT_HANDSHAKING,eio=-1/-1,di=-1,fill=IDLE,flush=IDLE}~>DecryptedEndPoint@6a672d2d{l=/127.0.0.1:33277,r=/127.0.0.1:47700,OPEN,fill=FI,flush=-,to=0/30000}=>HttpConnection@7436d25f[p=HttpParser{s=START,0 of -1},g=HttpGenerator@1a37799{s=START}]=>HttpChannelOverHttp@1f7df843{s=HttpChannelState@56301c2f{s=IDLE rs=BLOCKING os=OPEN is=IDLE awp=false se=false i=true al=0},r=2,c=false/false,a=IDLE,uri=null,age=0}
02:10:03.182 [qtp399373008-62] DEBUG org.eclipse.jetty.io.ssl.SslConnection - <needFillInterest s=IDLE/INTERESTED f=false i=true w=null
02:10:03.182 [qtp399373008-62] DEBUG org.eclipse.jetty.io.ssl.SslConnection - ensureFillInterested SslConnection@527e26be::SocketChannelEndPoint@676b7014{l=/127.0.0.1:33277,r=/127.0.0.1:47700,OPEN,fill=-,flush=-,to=1/30000}{io=0/0,kio=0,kro=1}->SslConnection@527e26be{NOT_HANDSHAKING,eio=-1/-1,di=-1,fill=INTERESTED,flush=IDLE}~>DecryptedEndPoint@6a672d2d{l=/127.0.0.1:33277,r=/127.0.0.1:47700,OPEN,fill=FI,flush=-,to=0/30000}=>HttpConnection@7436d25f[p=HttpParser{s=START,0 of -1},g=HttpGenerator@1a37799{s=START}]=>HttpChannelOverHttp@1f7df843{s=HttpChannelState@56301c2f{s=IDLE rs=BLOCKING os=OPEN is=IDLE awp=false se=false i=true al=0},r=2,c=false/false,a=IDLE,uri=null,age=0}
02:10:03.182 [qtp399373008-62] DEBUG org.eclipse.jetty.io.FillInterest - interested FillInterest@b6f5089{SSLC.NBReadCB@527e26be{SslConnection@527e26be::SocketChannelEndPoint@676b7014{l=/127.0.0.1:33277,r=/127.0.0.1:47700,OPEN,fill=FI,flush=-,to=0/30000}{io=0/0,kio=0,kro=1}->SslConnection@527e26be{NOT_HANDSHAKING,eio=-1/-1,di=-1,fill=INTERESTED,flush=IDLE}~>DecryptedEndPoint@6a672d2d{l=/127.0.0.1:33277,r=/127.0.0.1:47700,OPEN,fill=FI,flush=-,to=0/30000}=>HttpConnection@7436d25f[p=HttpParser{s=START,0 of -1},g=HttpGenerator@1a37799{s=START}]=>HttpChannelOverHttp@1f7df843{s=HttpChannelState@56301c2f{s=IDLE rs=BLOCKING os=OPEN is=IDLE awp=false se=false i=true al=0},r=2,c=false/false,a=IDLE,uri=null,age=0}}}
02:10:03.183 [qtp399373008-62] DEBUG org.eclipse.jetty.io.ChannelEndPoint - changeInterests p=false 0->1 for SocketChannelEndPoint@676b7014{l=/127.0.0.1:33277,r=/127.0.0.1:47700,OPEN,fill=FI,flush=-,to=0/30000}{io=0/1,kio=0,kro=1}->SslConnection@527e26be{NOT_HANDSHAKING,eio=-1/-1,di=-1,fill=INTERESTED,flush=IDLE}~>DecryptedEndPoint@6a672d2d{l=/127.0.0.1:33277,r=/127.0.0.1:47700,OPEN,fill=FI,flush=-,to=0/30000}=>HttpConnection@7436d25f[p=HttpParser{s=START,0 of -1},g=HttpGenerator@1a37799{s=START}]=>HttpChannelOverHttp@1f7df843{s=HttpChannelState@56301c2f{s=IDLE rs=BLOCKING os=OPEN is=IDLE awp=false se=false i=true al=0},r=2,c=false/false,a=IDLE,uri=null,age=0}
02:10:03.183 [main] DEBUG org.apache.nifi.minifi.bootstrap.configuration.ingestors.PullHttpChangeIngestor - Attempting to pull new config
02:10:03.183 [qtp399373008-62] DEBUG org.eclipse.jetty.io.ManagedSelector - Queued change lazy=false org.eclipse.jetty.io.ChannelEndPoint$$Lambda$255/1830220082@2807dc8c on ManagedSelector@47a86fbb{STARTED} id=2 keys=1 selected=0 updates=0
02:10:03.183 [qtp399373008-62] DEBUG org.eclipse.jetty.io.ManagedSelector - Wakeup on submit ManagedSelector@47a86fbb{STARTED} id=2 keys=1 selected=0 updates=1
02:10:03.183 [qtp399373008-61] DEBUG org.eclipse.jetty.io.ManagedSelector - Selector sun.nio.ch.EPollSelectorImpl@5b063887 woken with none selected
02:10:03.183 [qtp399373008-61] DEBUG org.eclipse.jetty.io.ManagedSelector - Selector sun.nio.ch.EPollSelectorImpl@5b063887 woken up from select, 0/0/1 selected
02:10:03.183 [qtp399373008-62] DEBUG org.eclipse.jetty.server.HttpConnection - HttpConnection@7436d25f::DecryptedEndPoint@6a672d2d{l=/127.0.0.1:33277,r=/127.0.0.1:47700,OPEN,fill=FI,flush=-,to=0/30000} onFillable exit HttpChannelState@56301c2f{s=IDLE rs=BLOCKING os=OPEN is=IDLE awp=false se=false i=true al=0} null
02:10:03.183 [qtp399373008-61] DEBUG org.eclipse.jetty.io.ManagedSelector - Selector sun.nio.ch.EPollSelectorImpl@5b063887 processing 0 keys, 1 updates
02:10:03.183 [qtp399373008-61] DEBUG org.eclipse.jetty.io.ManagedSelector - updateable 1
02:10:03.183 [qtp399373008-61] DEBUG org.eclipse.jetty.io.ManagedSelector - update org.eclipse.jetty.io.ChannelEndPoint$$Lambda$255/1830220082@2807dc8c
02:10:03.183 [qtp399373008-62] DEBUG org.eclipse.jetty.io.ssl.SslConnection - <c.onFillable SslConnection@527e26be::SocketChannelEndPoint@676b7014{l=/127.0.0.1:33277,r=/127.0.0.1:47700,OPEN,fill=FI,flush=-,to=0/30000}{io=0/1,kio=0,kro=1}->SslConnection@527e26be{NOT_HANDSHAKING,eio=-1/-1,di=-1,fill=INTERESTED,flush=IDLE}~>DecryptedEndPoint@6a672d2d{l=/127.0.0.1:33277,r=/127.0.0.1:47700,OPEN,fill=FI,flush=-,to=0/30000}=>HttpConnection@7436d25f[p=HttpParser{s=START,0 of -1},g=HttpGenerator@1a37799{s=START}]=>HttpChannelOverHttp@1f7df843{s=HttpChannelState@56301c2f{s=IDLE rs=BLOCKING os=OPEN is=IDLE awp=false se=false i=true al=0},r=2,c=false/false,a=IDLE,uri=null,age=0}
02:10:03.183 [qtp399373008-62] DEBUG org.eclipse.jetty.util.thread.ReservedThreadExecutor - ReservedThread@60af7bcf{RUNNING,thread=Thread[qtp399373008-62,5,main]} was=RUNNING next=RESERVED size=0+2 capacity=8
02:10:03.183 [qtp399373008-62] DEBUG org.eclipse.jetty.util.thread.ReservedThreadExecutor - ReservedThread@60af7bcf{RESERVED,thread=Thread[qtp399373008-62,5,main]} waiting ReservedThreadExecutor@424fd310{reserved=2/8,pending=0}
02:10:03.183 [qtp399373008-61] DEBUG org.eclipse.jetty.io.ChannelEndPoint - Key interests updated 0 -> 1 on SocketChannelEndPoint@676b7014{l=/127.0.0.1:33277,r=/127.0.0.1:47700,OPEN,fill=FI,flush=-,to=0/30000}{io=1/1,kio=1,kro=1}->SslConnection@527e26be{NOT_HANDSHAKING,eio=-1/-1,di=-1,fill=INTERESTED,flush=IDLE}~>DecryptedEndPoint@6a672d2d{l=/127.0.0.1:33277,r=/127.0.0.1:47700,OPEN,fill=FI,flush=-,to=0/30000}=>HttpConnection@7436d25f[p=HttpParser{s=START,0 of -1},g=HttpGenerator@1a37799{s=START}]=>HttpChannelOverHttp@1f7df843{s=HttpChannelState@56301c2f{s=IDLE rs=BLOCKING os=OPEN is=IDLE awp=false se=false i=true al=0},r=2,c=false/false,a=IDLE,uri=null,age=0}
02:10:03.183 [qtp399373008-61] DEBUG org.eclipse.jetty.io.ManagedSelector - updates 0
02:10:03.183 [qtp399373008-61] DEBUG org.eclipse.jetty.io.ManagedSelector - Selector sun.nio.ch.EPollSelectorImpl@5b063887 waiting with 1 keys
02:10:03.183 [qtp399373008-56-acceptor-0@53dacd14-ServerConnector@2374d36a{SSL, (ssl, http/1.1)}{localhost:33277}] DEBUG org.eclipse.jetty.io.ManagedSelector - Queued change lazy=false Accept@32c91a88[java.nio.channels.SocketChannel[connected local=/127.0.0.1:33277 remote=/127.0.0.1:47704]] on ManagedSelector@7bb6ab3a{STARTED} id=3 keys=0 selected=0 updates=0
02:10:03.183 [qtp399373008-56-acceptor-0@53dacd14-ServerConnector@2374d36a{SSL, (ssl, http/1.1)}{localhost:33277}] DEBUG org.eclipse.jetty.io.ManagedSelector - Wakeup on submit ManagedSelector@7bb6ab3a{STARTED} id=3 keys=0 selected=0 updates=1
02:10:03.183 [qtp399373008-59] DEBUG org.eclipse.jetty.io.ManagedSelector - Selector sun.nio.ch.EPollSelectorImpl@9718d65 woken with none selected
02:10:03.183 [qtp399373008-59] DEBUG org.eclipse.jetty.io.ManagedSelector - Selector sun.nio.ch.EPollSelectorImpl@9718d65 woken up from select, 0/0/0 selected
02:10:03.183 [qtp399373008-59] DEBUG org.eclipse.jetty.io.ManagedSelector - Selector sun.nio.ch.EPollSelectorImpl@9718d65 processing 0 keys, 1 updates
02:10:03.183 [qtp399373008-59] DEBUG org.eclipse.jetty.io.ManagedSelector - updateable 1
02:10:03.184 [qtp399373008-59] DEBUG org.eclipse.jetty.io.ManagedSelector - update Accept@32c91a88[java.nio.channels.SocketChannel[connected local=/127.0.0.1:33277 remote=/127.0.0.1:47704]]
02:10:03.184 [qtp399373008-59] DEBUG org.eclipse.jetty.util.thread.QueuedThreadPool - queue Accept@32c91a88[java.nio.channels.SocketChannel[connected local=/127.0.0.1:33277 remote=/127.0.0.1:47704]] startThread=0
02:10:03.184 [qtp399373008-59] DEBUG org.eclipse.jetty.io.ManagedSelector - updates 0
02:10:03.184 [qtp399373008-58] DEBUG org.eclipse.jetty.util.thread.QueuedThreadPool - run Accept@32c91a88[java.nio.channels.SocketChannel[connected local=/127.0.0.1:33277 remote=/127.0.0.1:47704]] in QueuedThreadPool[qtp399373008]@17cdf2d0{STARTED,8<=8<=200,i=0,r=-1,q=0}[ReservedThreadExecutor@424fd310{reserved=2/8,pending=0}]
02:10:03.184 [qtp399373008-59] DEBUG org.eclipse.jetty.io.ManagedSelector - Selector sun.nio.ch.EPollSelectorImpl@9718d65 waiting with 1 keys
02:10:03.184 [qtp399373008-58] DEBUG org.eclipse.jetty.io.IdleTimeout - SocketChannelEndPoint@14fcc7ac{l=/127.0.0.1:33277,r=/127.0.0.1:47704,OPEN,fill=-,flush=-,to=0/30000}{io=0/0,kio=0,kro=0}-><null> idle timeout check, elapsed: 0 ms, remaining: 30000 ms
02:10:03.184 [qtp399373008-58] DEBUG org.eclipse.jetty.util.ssl.SslContextFactory - Customize sun.security.ssl.SSLEngineImpl@7e5417b4
02:10:03.184 [qtp399373008-58] DEBUG org.eclipse.jetty.server.HttpChannel - new HttpChannelOverHttp@2522d09c{s=HttpChannelState@6605e24{s=IDLE rs=BLOCKING os=OPEN is=IDLE awp=false se=false i=true al=0},r=0,c=false/false,a=IDLE,uri=null,age=0} -> DecryptedEndPoint@74d338e3{l=/127.0.0.1:33277,r=/127.0.0.1:47704,OPEN,fill=-,flush=-,to=0/30000},null,HttpChannelState@6605e24{s=IDLE rs=BLOCKING os=OPEN is=IDLE awp=false se=false i=true al=0}
02:10:03.184 [qtp399373008-58] DEBUG org.eclipse.jetty.server.HttpConnection - New HTTP Connection HttpConnection@2a64687a::DecryptedEndPoint@74d338e3{l=/127.0.0.1:33277,r=/127.0.0.1:47704,OPEN,fill=-,flush=-,to=0/30000}
02:10:03.184 [qtp399373008-58] DEBUG org.eclipse.jetty.io.ManagedSelector - Queued change lazy=true org.eclipse.jetty.io.ManagedSelector$$Lambda$258/615682846@19f1fb9a on ManagedSelector@7bb6ab3a{STARTED} id=3 keys=1 selected=0 updates=0
02:10:03.184 [qtp399373008-58] DEBUG org.eclipse.jetty.io.AbstractEndPoint - onOpen SocketChannelEndPoint@14fcc7ac{l=/127.0.0.1:33277,r=/127.0.0.1:47704,OPEN,fill=-,flush=-,to=0/30000}{io=0/0,kio=0,kro=0}->SslConnection@1d6417fe{NOT_HANDSHAKING,eio=-1/-1,di=-1,fill=IDLE,flush=IDLE}~>DecryptedEndPoint@74d338e3{l=/127.0.0.1:33277,r=/127.0.0.1:47704,OPEN,fill=-,flush=-,to=0/30000}=>HttpConnection@2a64687a[p=HttpParser{s=START,0 of -1},g=HttpGenerator@709d2091{s=START}]=>HttpChannelOverHttp@2522d09c{s=HttpChannelState@6605e24{s=IDLE rs=BLOCKING os=OPEN is=IDLE awp=false se=false i=true al=0},r=0,c=false/false,a=IDLE,uri=null,age=0}
02:10:03.184 [qtp399373008-58] DEBUG org.eclipse.jetty.io.AbstractConnection - onOpen SslConnection@1d6417fe::SocketChannelEndPoint@14fcc7ac{l=/127.0.0.1:33277,r=/127.0.0.1:47704,OPEN,fill=-,flush=-,to=0/30000}{io=0/0,kio=0,kro=0}->SslConnection@1d6417fe{NOT_HANDSHAKING,eio=-1/-1,di=-1,fill=IDLE,flush=IDLE}~>DecryptedEndPoint@74d338e3{l=/127.0.0.1:33277,r=/127.0.0.1:47704,OPEN,fill=-,flush=-,to=0/30000}=>HttpConnection@2a64687a[p=HttpParser{s=START,0 of -1},g=HttpGenerator@709d2091{s=START}]=>HttpChannelOverHttp@2522d09c{s=HttpChannelState@6605e24{s=IDLE rs=BLOCKING os=OPEN is=IDLE awp=false se=false i=true al=0},r=0,c=false/false,a=IDLE,uri=null,age=0}
02:10:03.184 [qtp399373008-58] DEBUG org.eclipse.jetty.io.AbstractConnection - onOpen HttpConnection@2a64687a::DecryptedEndPoint@74d338e3{l=/127.0.0.1:33277,r=/127.0.0.1:47704,OPEN,fill=-,flush=-,to=0/30000}
02:10:03.184 [qtp399373008-58] DEBUG org.eclipse.jetty.io.AbstractConnection - fillInterested HttpConnection@2a64687a::DecryptedEndPoint@74d338e3{l=/127.0.0.1:33277,r=/127.0.0.1:47704,OPEN,fill=-,flush=-,to=0/30000}
02:10:03.184 [qtp399373008-58] DEBUG org.eclipse.jetty.io.FillInterest - interested FillInterest@79b3a140{AC.ReadCB@2a64687a{HttpConnection@2a64687a::DecryptedEndPoint@74d338e3{l=/127.0.0.1:33277,r=/127.0.0.1:47704,OPEN,fill=FI,flush=-,to=0/30000}}}
02:10:03.185 [qtp399373008-58] DEBUG org.eclipse.jetty.io.ssl.SslConnection - >needFillInterest s=IDLE/IDLE uf=false ei=null di=null SslConnection@1d6417fe::SocketChannelEndPoint@14fcc7ac{l=/127.0.0.1:33277,r=/127.0.0.1:47704,OPEN,fill=-,flush=-,to=0/30000}{io=0/0,kio=0,kro=0}->SslConnection@1d6417fe{NOT_HANDSHAKING,eio=-1/-1,di=-1,fill=IDLE,flush=IDLE}~>DecryptedEndPoint@74d338e3{l=/127.0.0.1:33277,r=/127.0.0.1:47704,OPEN,fill=FI,flush=-,to=0/30000}=>HttpConnection@2a64687a[p=HttpParser{s=START,0 of -1},g=HttpGenerator@709d2091{s=START}]=>HttpChannelOverHttp@2522d09c{s=HttpChannelState@6605e24{s=IDLE rs=BLOCKING os=OPEN is=IDLE awp=false se=false i=true al=0},r=0,c=false/false,a=IDLE,uri=null,age=0}
02:10:03.185 [qtp399373008-58] DEBUG org.eclipse.jetty.io.ssl.SslConnection - <needFillInterest s=IDLE/INTERESTED f=false i=true w=null
02:10:03.185 [qtp399373008-58] DEBUG org.eclipse.jetty.io.ssl.SslConnection - ensureFillInterested SslConnection@1d6417fe::SocketChannelEndPoint@14fcc7ac{l=/127.0.0.1:33277,r=/127.0.0.1:47704,OPEN,fill=-,flush=-,to=0/30000}{io=0/0,kio=0,kro=0}->SslConnection@1d6417fe{NOT_HANDSHAKING,eio=-1/-1,di=-1,fill=INTERESTED,flush=IDLE}~>DecryptedEndPoint@74d338e3{l=/127.0.0.1:33277,r=/127.0.0.1:47704,OPEN,fill=FI,flush=-,to=0/30000}=>HttpConnection@2a64687a[p=HttpParser{s=START,0 of -1},g=HttpGenerator@709d2091{s=START}]=>HttpChannelOverHttp@2522d09c{s=HttpChannelState@6605e24{s=IDLE rs=BLOCKING os=OPEN is=IDLE awp=false se=false i=true al=0},r=0,c=false/false,a=IDLE,uri=null,age=0}
02:10:03.185 [qtp399373008-58] DEBUG org.eclipse.jetty.io.FillInterest - interested FillInterest@6f08b8c7{SSLC.NBReadCB@1d6417fe{SslConnection@1d6417fe::SocketChannelEndPoint@14fcc7ac{l=/127.0.0.1:33277,r=/127.0.0.1:47704,OPEN,fill=FI,flush=-,to=0/30000}{io=0/0,kio=0,kro=0}->SslConnection@1d6417fe{NOT_HANDSHAKING,eio=-1/-1,di=-1,fill=INTERESTED,flush=IDLE}~>DecryptedEndPoint@74d338e3{l=/127.0.0.1:33277,r=/127.0.0.1:47704,OPEN,fill=FI,flush=-,to=0/30000}=>HttpConnection@2a64687a[p=HttpParser{s=START,0 of -1},g=HttpGenerator@709d2091{s=START}]=>HttpChannelOverHttp@2522d09c{s=HttpChannelState@6605e24{s=IDLE rs=BLOCKING os=OPEN is=IDLE awp=false se=false i=true al=0},r=0,c=false/false,a=IDLE,uri=null,age=0}}}
02:10:03.185 [qtp399373008-58] DEBUG org.eclipse.jetty.io.ChannelEndPoint - changeInterests p=false 0->1 for SocketChannelEndPoint@14fcc7ac{l=/127.0.0.1:33277,r=/127.0.0.1:47704,OPEN,fill=FI,flush=-,to=0/30000}{io=0/1,kio=0,kro=0}->SslConnection@1d6417fe{NOT_HANDSHAKING,eio=-1/-1,di=-1,fill=INTERESTED,flush=IDLE}~>DecryptedEndPoint@74d338e3{l=/127.0.0.1:33277,r=/127.0.0.1:47704,OPEN,fill=FI,flush=-,to=0/30000}=>HttpConnection@2a64687a[p=HttpParser{s=START,0 of -1},g=HttpGenerator@709d2091{s=START}]=>HttpChannelOverHttp@2522d09c{s=HttpChannelState@6605e24{s=IDLE rs=BLOCKING os=OPEN is=IDLE awp=false se=false i=true al=0},r=0,c=false/false,a=IDLE,uri=null,age=0}
02:10:03.185 [qtp399373008-58] DEBUG org.eclipse.jetty.io.ManagedSelector - Queued change lazy=false org.eclipse.jetty.io.ChannelEndPoint$$Lambda$255/1830220082@52ee893f on ManagedSelector@7bb6ab3a{STARTED} id=3 keys=1 selected=0 updates=1
02:10:03.185 [qtp399373008-58] DEBUG org.eclipse.jetty.io.ManagedSelector - Wakeup on submit ManagedSelector@7bb6ab3a{STARTED} id=3 keys=1 selected=0 updates=2
02:10:03.185 [qtp399373008-59] DEBUG org.eclipse.jetty.io.ManagedSelector - Selector sun.nio.ch.EPollSelectorImpl@9718d65 woken with none selected
02:10:03.185 [qtp399373008-59] DEBUG org.eclipse.jetty.io.ManagedSelector - Selector sun.nio.ch.EPollSelectorImpl@9718d65 woken up from select, 0/0/1 selected
02:10:03.185 [qtp399373008-59] DEBUG org.eclipse.jetty.io.ManagedSelector - Selector sun.nio.ch.EPollSelectorImpl@9718d65 processing 0 keys, 2 updates
02:10:03.185 [qtp399373008-59] DEBUG org.eclipse.jetty.io.ManagedSelector - updateable 2
02:10:03.185 [qtp399373008-59] DEBUG org.eclipse.jetty.io.ManagedSelector - update org.eclipse.jetty.io.ManagedSelector$$Lambda$258/615682846@19f1fb9a
02:10:03.185 [qtp399373008-59] DEBUG org.eclipse.jetty.io.ManagedSelector - update org.eclipse.jetty.io.ChannelEndPoint$$Lambda$255/1830220082@52ee893f
02:10:03.185 [qtp399373008-59] DEBUG org.eclipse.jetty.io.ChannelEndPoint - Key interests updated 0 -> 1 on SocketChannelEndPoint@14fcc7ac{l=/127.0.0.1:33277,r=/127.0.0.1:47704,OPEN,fill=FI,flush=-,to=0/30000}{io=1/1,kio=1,kro=0}->SslConnection@1d6417fe{NOT_HANDSHAKING,eio=-1/-1,di=-1,fill=INTERESTED,flush=IDLE}~>DecryptedEndPoint@74d338e3{l=/127.0.0.1:33277,r=/127.0.0.1:47704,OPEN,fill=FI,flush=-,to=0/30000}=>HttpConnection@2a64687a[p=HttpParser{s=START,0 of -1},g=HttpGenerator@709d2091{s=START}]=>HttpChannelOverHttp@2522d09c{s=HttpChannelState@6605e24{s=IDLE rs=BLOCKING os=OPEN is=IDLE awp=false se=false i=true al=0},r=0,c=false/false,a=IDLE,uri=null,age=0}
02:10:03.185 [qtp399373008-59] DEBUG org.eclipse.jetty.io.ManagedSelector - updates 0
02:10:03.185 [qtp399373008-59] DEBUG org.eclipse.jetty.io.ManagedSelector - Selector sun.nio.ch.EPollSelectorImpl@9718d65 waiting with 1 keys
02:10:03.185 [qtp399373008-59] DEBUG org.eclipse.jetty.io.ManagedSelector - Selector sun.nio.ch.EPollSelectorImpl@9718d65 woken up from select, 1/1/1 selected
02:10:03.185 [qtp399373008-59] DEBUG org.eclipse.jetty.io.ManagedSelector - Selector sun.nio.ch.EPollSelectorImpl@9718d65 processing 1 keys, 0 updates
02:10:03.185 [qtp399373008-58] DEBUG org.eclipse.jetty.io.ManagedSelector - Created SocketChannelEndPoint@14fcc7ac{l=/127.0.0.1:33277,r=/127.0.0.1:47704,OPEN,fill=FI,flush=-,to=0/30000}{io=1/1,kio=1,kro=0}->SslConnection@1d6417fe{NOT_HANDSHAKING,eio=-1/-1,di=-1,fill=INTERESTED,flush=IDLE}~>DecryptedEndPoint@74d338e3{l=/127.0.0.1:33277,r=/127.0.0.1:47704,OPEN,fill=FI,flush=-,to=0/30000}=>HttpConnection@2a64687a[p=HttpParser{s=START,0 of -1},g=HttpGenerator@709d2091{s=START}]=>HttpChannelOverHttp@2522d09c{s=HttpChannelState@6605e24{s=IDLE rs=BLOCKING os=OPEN is=IDLE awp=false se=false i=true al=0},r=0,c=false/false,a=IDLE,uri=null,age=0}
02:10:03.185 [qtp399373008-58] DEBUG org.eclipse.jetty.util.thread.QueuedThreadPool - ran Accept@32c91a88[java.nio.channels.SocketChannel[connected local=/127.0.0.1:33277 remote=/127.0.0.1:47704]] in QueuedThreadPool[qtp399373008]@17cdf2d0{STARTED,8<=8<=200,i=0,r=-1,q=0}[ReservedThreadExecutor@424fd310{reserved=2/8,pending=0}]
02:10:03.185 [qtp399373008-59] DEBUG org.eclipse.jetty.io.ManagedSelector - selected 1 sun.nio.ch.SelectionKeyImpl@7b6723b SocketChannelEndPoint@14fcc7ac{l=/127.0.0.1:33277,r=/127.0.0.1:47704,OPEN,fill=FI,flush=-,to=0/30000}{io=1/1,kio=1,kro=1}->SslConnection@1d6417fe{NOT_HANDSHAKING,eio=-1/-1,di=-1,fill=INTERESTED,flush=IDLE}~>DecryptedEndPoint@74d338e3{l=/127.0.0.1:33277,r=/127.0.0.1:47704,OPEN,fill=FI,flush=-,to=0/30000}=>HttpConnection@2a64687a[p=HttpParser{s=START,0 of -1},g=HttpGenerator@709d2091{s=START}]=>HttpChannelOverHttp@2522d09c{s=HttpChannelState@6605e24{s=IDLE rs=BLOCKING os=OPEN is=IDLE awp=false se=false i=true al=0},r=0,c=false/false,a=IDLE,uri=null,age=0} 
02:10:03.186 [qtp399373008-59] DEBUG org.eclipse.jetty.io.ChannelEndPoint - onSelected 1->0 r=true w=false for SocketChannelEndPoint@14fcc7ac{l=/127.0.0.1:33277,r=/127.0.0.1:47704,OPEN,fill=FI,flush=-,to=0/30000}{io=1/0,kio=1,kro=1}->SslConnection@1d6417fe{NOT_HANDSHAKING,eio=-1/-1,di=-1,fill=INTERESTED,flush=IDLE}~>DecryptedEndPoint@74d338e3{l=/127.0.0.1:33277,r=/127.0.0.1:47704,OPEN,fill=FI,flush=-,to=1/30000}=>HttpConnection@2a64687a[p=HttpParser{s=START,0 of -1},g=HttpGenerator@709d2091{s=START}]=>HttpChannelOverHttp@2522d09c{s=HttpChannelState@6605e24{s=IDLE rs=BLOCKING os=OPEN is=IDLE awp=false se=false i=true al=0},r=0,c=false/false,a=IDLE,uri=null,age=0}
02:10:03.186 [qtp399373008-59] DEBUG org.eclipse.jetty.io.ChannelEndPoint - task CEP:SocketChannelEndPoint@14fcc7ac{l=/127.0.0.1:33277,r=/127.0.0.1:47704,OPEN,fill=FI,flush=-,to=0/30000}{io=1/0,kio=1,kro=1}->SslConnection@1d6417fe{NOT_HANDSHAKING,eio=-1/-1,di=-1,fill=INTERESTED,flush=IDLE}~>DecryptedEndPoint@74d338e3{l=/127.0.0.1:33277,r=/127.0.0.1:47704,OPEN,fill=FI,flush=-,to=1/30000}=>HttpConnection@2a64687a[p=HttpParser{s=START,0 of -1},g=HttpGenerator@709d2091{s=START}]=>HttpChannelOverHttp@2522d09c{s=HttpChannelState@6605e24{s=IDLE rs=BLOCKING os=OPEN is=IDLE awp=false se=false i=true al=0},r=0,c=false/false,a=IDLE,uri=null,age=0}:runFillable:BLOCKING
02:10:03.186 [qtp399373008-59] DEBUG org.eclipse.jetty.util.thread.ReservedThreadExecutor - ReservedThreadExecutor@424fd310{reserved=2/8,pending=0} tryExecute EatWhatYouKill@f478a81/SelectorProducer@19553973/PRODUCING/p=false/QueuedThreadPool[qtp399373008]@17cdf2d0{STARTED,8<=8<=200,i=1,r=-1,q=0}[ReservedThreadExecutor@424fd310{reserved=2/8,pending=0}][pc=0,pic=0,pec=0,epc=0]@2024-05-02T02:10:03.186+01:00
02:10:03.186 [qtp399373008-62] DEBUG org.eclipse.jetty.util.thread.ReservedThreadExecutor - ReservedThread@60af7bcf{RESERVED,thread=Thread[qtp399373008-62,5,main]} task=EatWhatYouKill@f478a81/SelectorProducer@19553973/IDLE/p=true/QueuedThreadPool[qtp399373008]@17cdf2d0{STARTED,8<=8<=200,i=1,r=-1,q=0}[ReservedThreadExecutor@424fd310{reserved=1/8,pending=0}][pc=0,pic=0,pec=0,epc=0]@2024-05-02T02:10:03.186+01:00 ReservedThreadExecutor@424fd310{reserved=1/8,pending=0}
02:10:03.186 [qtp399373008-59] DEBUG org.eclipse.jetty.util.thread.strategy.EatWhatYouKill - EatWhatYouKill@f478a81/SelectorProducer@19553973/IDLE/p=true/QueuedThreadPool[qtp399373008]@17cdf2d0{STARTED,8<=8<=200,i=1,r=-1,q=0}[ReservedThreadExecutor@424fd310{reserved=1/8,pending=0}][pc=0,pic=0,pec=0,epc=0]@2024-05-02T02:10:03.186+01:00 m=EXECUTE_PRODUCE_CONSUME t=CEP:SocketChannelEndPoint@14fcc7ac{l=/127.0.0.1:33277,r=/127.0.0.1:47704,OPEN,fill=FI,flush=-,to=1/30000}{io=1/0,kio=1,kro=1}->SslConnection@1d6417fe{NOT_HANDSHAKING,eio=-1/-1,di=-1,fill=INTERESTED,flush=IDLE}~>DecryptedEndPoint@74d338e3{l=/127.0.0.1:33277,r=/127.0.0.1:47704,OPEN,fill=FI,flush=-,to=1/30000}=>HttpConnection@2a64687a[p=HttpParser{s=START,0 of -1},g=HttpGenerator@709d2091{s=START}]=>HttpChannelOverHttp@2522d09c{s=HttpChannelState@6605e24{s=IDLE rs=BLOCKING os=OPEN is=IDLE awp=false se=false i=true al=0},r=0,c=false/false,a=IDLE,uri=null,age=0}:runFillable:BLOCKING/BLOCKING
02:10:03.186 [qtp399373008-62] DEBUG org.eclipse.jetty.util.thread.strategy.EatWhatYouKill - EatWhatYouKill@f478a81/SelectorProducer@19553973/IDLE/p=true/QueuedThreadPool[qtp399373008]@17cdf2d0{STARTED,8<=8<=200,i=1,r=-1,q=0}[ReservedThreadExecutor@424fd310{reserved=1/8,pending=0}][pc=0,pic=0,pec=0,epc=0]@2024-05-02T02:10:03.186+01:00 tryProduce true
02:10:03.186 [qtp399373008-62] DEBUG org.eclipse.jetty.io.ManagedSelector - updateable 0
02:10:03.186 [qtp399373008-62] DEBUG org.eclipse.jetty.io.ManagedSelector - updates 0
02:10:03.186 [qtp399373008-59] DEBUG org.eclipse.jetty.io.FillInterest - fillable FillInterest@6f08b8c7{SSLC.NBReadCB@1d6417fe{SslConnection@1d6417fe::SocketChannelEndPoint@14fcc7ac{l=/127.0.0.1:33277,r=/127.0.0.1:47704,OPEN,fill=FI,flush=-,to=1/30000}{io=1/0,kio=1,kro=1}->SslConnection@1d6417fe{NOT_HANDSHAKING,eio=-1/-1,di=-1,fill=INTERESTED,flush=IDLE}~>DecryptedEndPoint@74d338e3{l=/127.0.0.1:33277,r=/127.0.0.1:47704,OPEN,fill=FI,flush=-,to=1/30000}=>HttpConnection@2a64687a[p=HttpParser{s=START,0 of -1},g=HttpGenerator@709d2091{s=START}]=>HttpChannelOverHttp@2522d09c{s=HttpChannelState@6605e24{s=IDLE rs=BLOCKING os=OPEN is=IDLE awp=false se=false i=true al=0},r=0,c=false/false,a=IDLE,uri=null,age=0}}}
02:10:03.186 [qtp399373008-62] DEBUG org.eclipse.jetty.io.ChannelEndPoint - Key interests updated 1 -> 0 on SocketChannelEndPoint@14fcc7ac{l=/127.0.0.1:33277,r=/127.0.0.1:47704,OPEN,fill=FI,flush=-,to=1/30000}{io=0/0,kio=0,kro=1}->SslConnection@1d6417fe{NOT_HANDSHAKING,eio=-1/-1,di=-1,fill=INTERESTED,flush=IDLE}~>DecryptedEndPoint@74d338e3{l=/127.0.0.1:33277,r=/127.0.0.1:47704,OPEN,fill=FI,flush=-,to=2/30000}=>HttpConnection@2a64687a[p=HttpParser{s=START,0 of -1},g=HttpGenerator@709d2091{s=START}]=>HttpChannelOverHttp@2522d09c{s=HttpChannelState@6605e24{s=IDLE rs=BLOCKING os=OPEN is=IDLE awp=false se=false i=true al=0},r=0,c=false/false,a=IDLE,uri=null,age=0}
02:10:03.186 [qtp399373008-62] DEBUG org.eclipse.jetty.io.ManagedSelector - Selector sun.nio.ch.EPollSelectorImpl@9718d65 waiting with 1 keys
02:10:03.186 [qtp399373008-59] DEBUG org.eclipse.jetty.io.ssl.SslConnection - >c.onFillable SslConnection@1d6417fe::SocketChannelEndPoint@14fcc7ac{l=/127.0.0.1:33277,r=/127.0.0.1:47704,OPEN,fill=-,flush=-,to=1/30000}{io=0/0,kio=0,kro=1}->SslConnection@1d6417fe{NOT_HANDSHAKING,eio=-1/-1,di=-1,fill=INTERESTED,flush=IDLE}~>DecryptedEndPoint@74d338e3{l=/127.0.0.1:33277,r=/127.0.0.1:47704,OPEN,fill=FI,flush=-,to=2/30000}=>HttpConnection@2a64687a[p=HttpParser{s=START,0 of -1},g=HttpGenerator@709d2091{s=START}]=>HttpChannelOverHttp@2522d09c{s=HttpChannelState@6605e24{s=IDLE rs=BLOCKING os=OPEN is=IDLE awp=false se=false i=true al=0},r=0,c=false/false,a=IDLE,uri=null,age=0}
02:10:03.187 [qtp399373008-59] DEBUG org.eclipse.jetty.io.ssl.SslConnection - onFillable SslConnection@1d6417fe::SocketChannelEndPoint@14fcc7ac{l=/127.0.0.1:33277,r=/127.0.0.1:47704,OPEN,fill=-,flush=-,to=2/30000}{io=0/0,kio=0,kro=1}->SslConnection@1d6417fe{NOT_HANDSHAKING,eio=-1/-1,di=-1,fill=INTERESTED,flush=IDLE}~>DecryptedEndPoint@74d338e3{l=/127.0.0.1:33277,r=/127.0.0.1:47704,OPEN,fill=FI,flush=-,to=2/30000}=>HttpConnection@2a64687a[p=HttpParser{s=START,0 of -1},g=HttpGenerator@709d2091{s=START}]=>HttpChannelOverHttp@2522d09c{s=HttpChannelState@6605e24{s=IDLE rs=BLOCKING os=OPEN is=IDLE awp=false se=false i=true al=0},r=0,c=false/false,a=IDLE,uri=null,age=0}
02:10:03.187 [qtp399373008-59] DEBUG org.eclipse.jetty.io.FillInterest - fillable FillInterest@79b3a140{AC.ReadCB@2a64687a{HttpConnection@2a64687a::DecryptedEndPoint@74d338e3{l=/127.0.0.1:33277,r=/127.0.0.1:47704,OPEN,fill=FI,flush=-,to=2/30000}}}
02:10:03.187 [qtp399373008-59] DEBUG org.eclipse.jetty.server.HttpConnection - HttpConnection@2a64687a::DecryptedEndPoint@74d338e3{l=/127.0.0.1:33277,r=/127.0.0.1:47704,OPEN,fill=-,flush=-,to=2/30000} onFillable enter HttpChannelState@6605e24{s=IDLE rs=BLOCKING os=OPEN is=IDLE awp=false se=false i=true al=0} null
02:10:03.187 [qtp399373008-59] DEBUG org.eclipse.jetty.io.ssl.SslConnection - >fill SslConnection@1d6417fe::SocketChannelEndPoint@14fcc7ac{l=/127.0.0.1:33277,r=/127.0.0.1:47704,OPEN,fill=-,flush=-,to=2/30000}{io=0/0,kio=0,kro=1}->SslConnection@1d6417fe{NOT_HANDSHAKING,eio=-1/-1,di=-1,fill=IDLE,flush=IDLE}~>DecryptedEndPoint@74d338e3{l=/127.0.0.1:33277,r=/127.0.0.1:47704,OPEN,fill=-,flush=-,to=2/30000}=>HttpConnection@2a64687a[p=HttpParser{s=START,0 of -1},g=HttpGenerator@709d2091{s=START}]=>HttpChannelOverHttp@2522d09c{s=HttpChannelState@6605e24{s=IDLE rs=BLOCKING os=OPEN is=IDLE awp=false se=false i=true al=0},r=0,c=false/false,a=IDLE,uri=null,age=0}
02:10:03.187 [qtp399373008-59] DEBUG org.eclipse.jetty.io.ssl.SslConnection - fill NOT_HANDSHAKING
02:10:03.187 [qtp399373008-59] DEBUG org.eclipse.jetty.io.ChannelEndPoint - filled 339 HeapByteBuffer@816b3[p=0,l=339,c=17408,r=339]={<<<\x16\x03\x03\x01N\x01\x00\x01J\x03\x03\x1d0R\xE1\xFe\xC0\xF3#\xB6\x82S\xAf\xD3\x03...\xC6\t\x18\x82\x1d\xE0\xA7P|\x9a\xD0Q\xC8\x06\xB7\xB0i\x89\xFf\x01\x00\x01\x00>>>\xF9\xFb}{\xC0\xFag\xC6G...\x00\x00\x00\x00\x00\x00\x00}
02:10:03.187 [qtp399373008-59] DEBUG org.eclipse.jetty.io.ssl.SslConnection - net filled=339
02:10:03.187 [qtp399373008-59] DEBUG org.eclipse.jetty.io.ssl.SslConnection - fill starting handshake SslConnection@1d6417fe::SocketChannelEndPoint@14fcc7ac{l=/127.0.0.1:33277,r=/127.0.0.1:47704,OPEN,fill=-,flush=-,to=0/30000}{io=0/0,kio=0,kro=1}->SslConnection@1d6417fe{NOT_HANDSHAKING,eio=339/-1,di=-1,fill=IDLE,flush=IDLE}~>DecryptedEndPoint@74d338e3{l=/127.0.0.1:33277,r=/127.0.0.1:47704,OPEN,fill=-,flush=-,to=3/30000}=>HttpConnection@2a64687a[p=HttpParser{s=START,0 of -1},g=HttpGenerator@709d2091{s=START}]=>HttpChannelOverHttp@2522d09c{s=HttpChannelState@6605e24{s=IDLE rs=BLOCKING os=OPEN is=IDLE awp=false se=false i=true al=0},r=0,c=false/false,a=IDLE,uri=null,age=0}
02:10:03.188 [qtp399373008-59] DEBUG org.eclipse.jetty.io.ssl.SslConnection - unwrap net_filled=339 Status = OK HandshakeStatus = NEED_TASK bytesConsumed = 339 bytesProduced = 0 encryptedBuffer=[p=339,l=339,c=17408,r=0] unwrapBuffer=HeapByteBuffer@30c33a9d[p=0,l=0,c=17408,r=0]={<<<>>>GET / HTT...\x00\x00\x00\x00\x00\x00\x00} appBuffer=HeapByteBuffer@30c33a9d[p=0,l=0,c=17408,r=0]={<<<>>>GET / HTT...\x00\x00\x00\x00\x00\x00\x00}
02:10:03.188 [qtp399373008-59] DEBUG org.eclipse.jetty.io.ssl.SslConnection - fill NEED_TASK
02:10:03.198 [qtp399373008-59] DEBUG org.eclipse.jetty.io.ssl.SslConnection - fill NEED_WRAP
02:10:03.198 [qtp399373008-59] DEBUG org.eclipse.jetty.io.ssl.SslConnection - >flush SslConnection@1d6417fe::SocketChannelEndPoint@14fcc7ac{l=/127.0.0.1:33277,r=/127.0.0.1:47704,OPEN,fill=-,flush=-,to=10/30000}{io=0/0,kio=0,kro=1}->SslConnection@1d6417fe{NEED_WRAP,eio=0/-1,di=-1,fill=IDLE,flush=IDLE}~>DecryptedEndPoint@74d338e3{l=/127.0.0.1:33277,r=/127.0.0.1:47704,OPEN,fill=-,flush=-,to=13/30000}=>HttpConnection@2a64687a[p=HttpParser{s=START,0 of -1},g=HttpGenerator@709d2091{s=START}]=>HttpChannelOverHttp@2522d09c{s=HttpChannelState@6605e24{s=IDLE rs=BLOCKING os=OPEN is=IDLE awp=false se=false i=true al=0},r=0,c=false/false,a=IDLE,uri=null,age=0}
02:10:03.198 [qtp399373008-59] DEBUG org.eclipse.jetty.io.ssl.SslConnection - flush b[0]=HeapByteBuffer@58b1a525[p=0,l=0,c=0,r=0]={<<<>>>}
02:10:03.198 [qtp399373008-59] DEBUG org.eclipse.jetty.io.ssl.SslConnection - flush NEED_WRAP
02:10:03.198 [qtp399373008-59] DEBUG org.eclipse.jetty.io.ssl.SslConnection - wrap Status = OK HandshakeStatus = NEED_WRAP bytesConsumed = 0 bytesProduced = 160 [p=0,l=160,c=17408,r=160] ioDone=false/false
02:10:03.198 [qtp399373008-59] DEBUG org.eclipse.jetty.io.ChannelEndPoint - flushed 160 SocketChannelEndPoint@14fcc7ac{l=/127.0.0.1:33277,r=/127.0.0.1:47704,OPEN,fill=-,flush=-,to=11/30000}{io=0/0,kio=0,kro=1}->SslConnection@1d6417fe{NEED_WRAP,eio=0/0,di=-1,fill=IDLE,flush=IDLE}~>DecryptedEndPoint@74d338e3{l=/127.0.0.1:33277,r=/127.0.0.1:47704,OPEN,fill=-,flush=-,to=14/30000}=>HttpConnection@2a64687a[p=HttpParser{s=START,0 of -1},g=HttpGenerator@709d2091{s=START}]=>HttpChannelOverHttp@2522d09c{s=HttpChannelState@6605e24{s=IDLE rs=BLOCKING os=OPEN is=IDLE awp=false se=false i=true al=0},r=0,c=false/false,a=IDLE,uri=null,age=0}
02:10:03.198 [qtp399373008-59] DEBUG org.eclipse.jetty.io.ssl.SslConnection - net flushed=true, ac=true
02:10:03.198 [qtp399373008-59] DEBUG org.eclipse.jetty.io.ssl.SslConnection - flush NEED_WRAP
02:10:03.199 [qtp399373008-59] DEBUG org.eclipse.jetty.io.ssl.SslConnection - wrap Status = OK HandshakeStatus = NEED_WRAP bytesConsumed = 0 bytesProduced = 6 [p=0,l=6,c=17408,r=6] ioDone=false/false
02:10:03.199 [qtp399373008-59] DEBUG org.eclipse.jetty.io.ChannelEndPoint - flushed 6 SocketChannelEndPoint@14fcc7ac{l=/127.0.0.1:33277,r=/127.0.0.1:47704,OPEN,fill=-,flush=-,to=0/30000}{io=0/0,kio=0,kro=1}->SslConnection@1d6417fe{NEED_WRAP,eio=0/0,di=-1,fill=IDLE,flush=IDLE}~>DecryptedEndPoint@74d338e3{l=/127.0.0.1:33277,r=/127.0.0.1:47704,OPEN,fill=-,flush=-,to=14/30000}=>HttpConnection@2a64687a[p=HttpParser{s=START,0 of -1},g=HttpGenerator@709d2091{s=START}]=>HttpChannelOverHttp@2522d09c{s=HttpChannelState@6605e24{s=IDLE rs=BLOCKING os=OPEN is=IDLE awp=false se=false i=true al=0},r=0,c=false/false,a=IDLE,uri=null,age=0}
02:10:03.199 [qtp399373008-59] DEBUG org.eclipse.jetty.io.ssl.SslConnection - net flushed=true, ac=true
02:10:03.199 [qtp399373008-59] DEBUG org.eclipse.jetty.io.ssl.SslConnection - flush NEED_WRAP
02:10:03.199 [qtp399373008-59] DEBUG org.eclipse.jetty.io.ssl.SslConnection - wrap Status = OK HandshakeStatus = NEED_UNWRAP bytesConsumed = 0 bytesProduced = 1597 [p=0,l=1597,c=17408,r=1597] ioDone=false/false
02:10:03.199 [qtp399373008-59] DEBUG org.eclipse.jetty.io.ChannelEndPoint - flushed 1597 SocketChannelEndPoint@14fcc7ac{l=/127.0.0.1:33277,r=/127.0.0.1:47704,OPEN,fill=-,flush=-,to=0/30000}{io=0/0,kio=0,kro=1}->SslConnection@1d6417fe{NEED_UNWRAP,eio=0/0,di=-1,fill=IDLE,flush=IDLE}~>DecryptedEndPoint@74d338e3{l=/127.0.0.1:33277,r=/127.0.0.1:47704,OPEN,fill=-,flush=-,to=14/30000}=>HttpConnection@2a64687a[p=HttpParser{s=START,0 of -1},g=HttpGenerator@709d2091{s=START}]=>HttpChannelOverHttp@2522d09c{s=HttpChannelState@6605e24{s=IDLE rs=BLOCKING os=OPEN is=IDLE awp=false se=false i=true al=0},r=0,c=false/false,a=IDLE,uri=null,age=0}
02:10:03.199 [qtp399373008-59] DEBUG org.eclipse.jetty.io.ssl.SslConnection - net flushed=true, ac=true
02:10:03.199 [qtp399373008-59] DEBUG org.eclipse.jetty.io.ssl.SslConnection - <flush true SslConnection@1d6417fe::SocketChannelEndPoint@14fcc7ac{l=/127.0.0.1:33277,r=/127.0.0.1:47704,OPEN,fill=-,flush=-,to=0/30000}{io=0/0,kio=0,kro=1}->SslConnection@1d6417fe{NEED_UNWRAP,eio=0/-1,di=-1,fill=IDLE,flush=IDLE}~>DecryptedEndPoint@74d338e3{l=/127.0.0.1:33277,r=/127.0.0.1:47704,OPEN,fill=-,flush=-,to=14/30000}=>HttpConnection@2a64687a[p=HttpParser{s=START,0 of -1},g=HttpGenerator@709d2091{s=START}]=>HttpChannelOverHttp@2522d09c{s=HttpChannelState@6605e24{s=IDLE rs=BLOCKING os=OPEN is=IDLE awp=false se=false i=true al=0},r=0,c=false/false,a=IDLE,uri=null,age=0}
02:10:03.199 [qtp399373008-59] DEBUG org.eclipse.jetty.io.ssl.SslConnection - fill NEED_UNWRAP
02:10:03.199 [qtp399373008-59] DEBUG org.eclipse.jetty.io.ChannelEndPoint - filled 0 HeapByteBuffer@816b3[p=0,l=0,c=17408,r=0]={<<<>>>\x16\x03\x03\x01N\x01\x00\x01J...\x00\x00\x00\x00\x00\x00\x00}
02:10:03.199 [qtp399373008-59] DEBUG org.eclipse.jetty.io.ssl.SslConnection - net filled=0
02:10:03.199 [qtp399373008-59] DEBUG org.eclipse.jetty.io.ssl.SslConnection - unwrap net_filled=0 Status = BUFFER_UNDERFLOW HandshakeStatus = NEED_UNWRAP bytesConsumed = 0 bytesProduced = 0 encryptedBuffer=[p=0,l=0,c=17408,r=0] unwrapBuffer=HeapByteBuffer@30c33a9d[p=0,l=0,c=17408,r=0]={<<<>>>GET / HTT...\x00\x00\x00\x00\x00\x00\x00} appBuffer=HeapByteBuffer@30c33a9d[p=0,l=0,c=17408,r=0]={<<<>>>GET / HTT...\x00\x00\x00\x00\x00\x00\x00}
02:10:03.199 [qtp399373008-59] DEBUG org.eclipse.jetty.io.ssl.SslConnection - <fill f=0 uf=true SslConnection@1d6417fe::SocketChannelEndPoint@14fcc7ac{l=/127.0.0.1:33277,r=/127.0.0.1:47704,OPEN,fill=-,flush=-,to=0/30000}{io=0/0,kio=0,kro=1}->SslConnection@1d6417fe{NEED_UNWRAP,eio=-1/-1,di=-1,fill=IDLE,flush=IDLE}~>DecryptedEndPoint@74d338e3{l=/127.0.0.1:33277,r=/127.0.0.1:47704,OPEN,fill=-,flush=-,to=14/30000}=>HttpConnection@2a64687a[p=HttpParser{s=START,0 of -1},g=HttpGenerator@709d2091{s=START}]=>HttpChannelOverHttp@2522d09c{s=HttpChannelState@6605e24{s=IDLE rs=BLOCKING os=OPEN is=IDLE awp=false se=false i=true al=0},r=0,c=false/false,a=IDLE,uri=null,age=0}
02:10:03.199 [qtp399373008-59] DEBUG org.eclipse.jetty.io.ssl.SslConnection - >fill SslConnection@1d6417fe::SocketChannelEndPoint@14fcc7ac{l=/127.0.0.1:33277,r=/127.0.0.1:47704,OPEN,fill=-,flush=-,to=0/30000}{io=0/0,kio=0,kro=1}->SslConnection@1d6417fe{NEED_UNWRAP,eio=-1/-1,di=-1,fill=IDLE,flush=IDLE}~>DecryptedEndPoint@74d338e3{l=/127.0.0.1:33277,r=/127.0.0.1:47704,OPEN,fill=-,flush=-,to=14/30000}=>HttpConnection@2a64687a[p=HttpParser{s=START,0 of -1},g=HttpGenerator@709d2091{s=START}]=>HttpChannelOverHttp@2522d09c{s=HttpChannelState@6605e24{s=IDLE rs=BLOCKING os=OPEN is=IDLE awp=false se=false i=true al=0},r=0,c=false/false,a=IDLE,uri=null,age=0}
02:10:03.199 [qtp399373008-59] DEBUG org.eclipse.jetty.io.ssl.SslConnection - fill NEED_UNWRAP
02:10:03.199 [qtp399373008-59] DEBUG org.eclipse.jetty.io.ChannelEndPoint - filled 0 HeapByteBuffer@ecff91a[p=0,l=0,c=17408,r=0]={<<<>>>\x17\x03\x03\x068\x08\xB3q\xD2...\x00\x00\x00\x00\x00\x00\x00}
02:10:03.199 [qtp399373008-59] DEBUG org.eclipse.jetty.io.ssl.SslConnection - net filled=0
02:10:03.199 [qtp399373008-59] DEBUG org.eclipse.jetty.io.ssl.SslConnection - unwrap net_filled=0 Status = BUFFER_UNDERFLOW HandshakeStatus = NEED_UNWRAP bytesConsumed = 0 bytesProduced = 0 encryptedBuffer=[p=0,l=0,c=17408,r=0] unwrapBuffer=HeapByteBuffer@30c33a9d[p=0,l=0,c=17408,r=0]={<<<>>>GET / HTT...\x00\x00\x00\x00\x00\x00\x00} appBuffer=HeapByteBuffer@30c33a9d[p=0,l=0,c=17408,r=0]={<<<>>>GET / HTT...\x00\x00\x00\x00\x00\x00\x00}
02:10:03.199 [qtp399373008-59] DEBUG org.eclipse.jetty.io.ssl.SslConnection - <fill f=0 uf=true SslConnection@1d6417fe::SocketChannelEndPoint@14fcc7ac{l=/127.0.0.1:33277,r=/127.0.0.1:47704,OPEN,fill=-,flush=-,to=0/30000}{io=0/0,kio=0,kro=1}->SslConnection@1d6417fe{NEED_UNWRAP,eio=-1/-1,di=-1,fill=IDLE,flush=IDLE}~>DecryptedEndPoint@74d338e3{l=/127.0.0.1:33277,r=/127.0.0.1:47704,OPEN,fill=-,flush=-,to=14/30000}=>HttpConnection@2a64687a[p=HttpParser{s=START,0 of -1},g=HttpGenerator@709d2091{s=START}]=>HttpChannelOverHttp@2522d09c{s=HttpChannelState@6605e24{s=IDLE rs=BLOCKING os=OPEN is=IDLE awp=false se=false i=true al=0},r=0,c=false/false,a=IDLE,uri=null,age=0}
02:10:03.199 [qtp399373008-59] DEBUG org.eclipse.jetty.server.HttpConnection - HttpConnection@2a64687a::DecryptedEndPoint@74d338e3{l=/127.0.0.1:33277,r=/127.0.0.1:47704,OPEN,fill=-,flush=-,to=14/30000} filled 0 HeapByteBuffer@30c33a9d[p=0,l=0,c=17408,r=0]={<<<>>>GET / HTT...\x00\x00\x00\x00\x00\x00\x00}
02:10:03.199 [qtp399373008-59] DEBUG org.eclipse.jetty.server.HttpConnection - HttpConnection@2a64687a::DecryptedEndPoint@74d338e3{l=/127.0.0.1:33277,r=/127.0.0.1:47704,OPEN,fill=-,flush=-,to=15/30000} parse HeapByteBuffer@30c33a9d[p=0,l=0,c=17408,r=0]={<<<>>>GET / HTT...\x00\x00\x00\x00\x00\x00\x00} {}
02:10:03.200 [qtp399373008-59] DEBUG org.eclipse.jetty.http.HttpParser - parseNext s=START HeapByteBuffer@30c33a9d[p=0,l=0,c=17408,r=0]={<<<>>>GET / HTT...\x00\x00\x00\x00\x00\x00\x00}
02:10:03.200 [qtp399373008-59] DEBUG org.eclipse.jetty.server.HttpConnection - HttpConnection@2a64687a::DecryptedEndPoint@74d338e3{l=/127.0.0.1:33277,r=/127.0.0.1:47704,OPEN,fill=-,flush=-,to=15/30000} parsed false HttpParser{s=START,0 of -1}
02:10:03.200 [qtp399373008-59] DEBUG org.eclipse.jetty.server.HttpConnection - releaseRequestBuffer HttpConnection@2a64687a::DecryptedEndPoint@74d338e3{l=/127.0.0.1:33277,r=/127.0.0.1:47704,OPEN,fill=-,flush=-,to=15/30000}
02:10:03.200 [qtp399373008-59] DEBUG org.eclipse.jetty.io.AbstractConnection - fillInterested HttpConnection@2a64687a::DecryptedEndPoint@74d338e3{l=/127.0.0.1:33277,r=/127.0.0.1:47704,OPEN,fill=-,flush=-,to=15/30000}
02:10:03.200 [qtp399373008-59] DEBUG org.eclipse.jetty.io.FillInterest - interested FillInterest@79b3a140{AC.ReadCB@2a64687a{HttpConnection@2a64687a::DecryptedEndPoint@74d338e3{l=/127.0.0.1:33277,r=/127.0.0.1:47704,OPEN,fill=FI,flush=-,to=0/30000}}}
02:10:03.200 [qtp399373008-59] DEBUG org.eclipse.jetty.io.ssl.SslConnection - >needFillInterest s=IDLE/IDLE uf=true ei=null di=null SslConnection@1d6417fe::SocketChannelEndPoint@14fcc7ac{l=/127.0.0.1:33277,r=/127.0.0.1:47704,OPEN,fill=-,flush=-,to=0/30000}{io=0/0,kio=0,kro=1}->SslConnection@1d6417fe{NEED_UNWRAP,eio=-1/-1,di=-1,fill=IDLE,flush=IDLE}~>DecryptedEndPoint@74d338e3{l=/127.0.0.1:33277,r=/127.0.0.1:47704,OPEN,fill=FI,flush=-,to=0/30000}=>HttpConnection@2a64687a[p=HttpParser{s=START,0 of -1},g=HttpGenerator@709d2091{s=START}]=>HttpChannelOverHttp@2522d09c{s=HttpChannelState@6605e24{s=IDLE rs=BLOCKING os=OPEN is=IDLE awp=false se=false i=true al=0},r=0,c=false/false,a=IDLE,uri=null,age=0}
02:10:03.200 [qtp399373008-59] DEBUG org.eclipse.jetty.io.ssl.SslConnection - <needFillInterest s=IDLE/INTERESTED f=false i=true w=null
02:10:03.200 [qtp399373008-59] DEBUG org.eclipse.jetty.io.ssl.SslConnection - ensureFillInterested SslConnection@1d6417fe::SocketChannelEndPoint@14fcc7ac{l=/127.0.0.1:33277,r=/127.0.0.1:47704,OPEN,fill=-,flush=-,to=0/30000}{io=0/0,kio=0,kro=1}->SslConnection@1d6417fe{NEED_UNWRAP,eio=-1/-1,di=-1,fill=INTERESTED,flush=IDLE}~>DecryptedEndPoint@74d338e3{l=/127.0.0.1:33277,r=/127.0.0.1:47704,OPEN,fill=FI,flush=-,to=0/30000}=>HttpConnection@2a64687a[p=HttpParser{s=START,0 of -1},g=HttpGenerator@709d2091{s=START}]=>HttpChannelOverHttp@2522d09c{s=HttpChannelState@6605e24{s=IDLE rs=BLOCKING os=OPEN is=IDLE awp=false se=false i=true al=0},r=0,c=false/false,a=IDLE,uri=null,age=0}
02:10:03.200 [qtp399373008-59] DEBUG org.eclipse.jetty.io.FillInterest - interested FillInterest@6f08b8c7{SSLC.NBReadCB@1d6417fe{SslConnection@1d6417fe::SocketChannelEndPoint@14fcc7ac{l=/127.0.0.1:33277,r=/127.0.0.1:47704,OPEN,fill=FI,flush=-,to=0/30000}{io=0/0,kio=0,kro=1}->SslConnection@1d6417fe{NEED_UNWRAP,eio=-1/-1,di=-1,fill=INTERESTED,flush=IDLE}~>DecryptedEndPoint@74d338e3{l=/127.0.0.1:33277,r=/127.0.0.1:47704,OPEN,fill=FI,flush=-,to=0/30000}=>HttpConnection@2a64687a[p=HttpParser{s=START,0 of -1},g=HttpGenerator@709d2091{s=START}]=>HttpChannelOverHttp@2522d09c{s=HttpChannelState@6605e24{s=IDLE rs=BLOCKING os=OPEN is=IDLE awp=false se=false i=true al=0},r=0,c=false/false,a=IDLE,uri=null,age=0}}}
02:10:03.200 [qtp399373008-59] DEBUG org.eclipse.jetty.io.ChannelEndPoint - changeInterests p=false 0->1 for SocketChannelEndPoint@14fcc7ac{l=/127.0.0.1:33277,r=/127.0.0.1:47704,OPEN,fill=FI,flush=-,to=0/30000}{io=0/1,kio=0,kro=1}->SslConnection@1d6417fe{NEED_UNWRAP,eio=-1/-1,di=-1,fill=INTERESTED,flush=IDLE}~>DecryptedEndPoint@74d338e3{l=/127.0.0.1:33277,r=/127.0.0.1:47704,OPEN,fill=FI,flush=-,to=0/30000}=>HttpConnection@2a64687a[p=HttpParser{s=START,0 of -1},g=HttpGenerator@709d2091{s=START}]=>HttpChannelOverHttp@2522d09c{s=HttpChannelState@6605e24{s=IDLE rs=BLOCKING os=OPEN is=IDLE awp=false se=false i=true al=0},r=0,c=false/false,a=IDLE,uri=null,age=0}
02:10:03.200 [qtp399373008-59] DEBUG org.eclipse.jetty.io.ManagedSelector - Queued change lazy=false org.eclipse.jetty.io.ChannelEndPoint$$Lambda$255/1830220082@52ee893f on ManagedSelector@7bb6ab3a{STARTED} id=3 keys=1 selected=0 updates=0
02:10:03.200 [qtp399373008-59] DEBUG org.eclipse.jetty.io.ManagedSelector - Wakeup on submit ManagedSelector@7bb6ab3a{STARTED} id=3 keys=1 selected=0 updates=1
02:10:03.200 [qtp399373008-59] DEBUG org.eclipse.jetty.server.HttpConnection - HttpConnection@2a64687a::DecryptedEndPoint@74d338e3{l=/127.0.0.1:33277,r=/127.0.0.1:47704,OPEN,fill=FI,flush=-,to=0/30000} onFillable exit HttpChannelState@6605e24{s=IDLE rs=BLOCKING os=OPEN is=IDLE awp=false se=false i=true al=0} null
02:10:03.200 [qtp399373008-62] DEBUG org.eclipse.jetty.io.ManagedSelector - Selector sun.nio.ch.EPollSelectorImpl@9718d65 woken with none selected
02:10:03.200 [qtp399373008-62] DEBUG org.eclipse.jetty.io.ManagedSelector - Selector sun.nio.ch.EPollSelectorImpl@9718d65 woken up from select, 0/0/1 selected
02:10:03.200 [qtp399373008-62] DEBUG org.eclipse.jetty.io.ManagedSelector - Selector sun.nio.ch.EPollSelectorImpl@9718d65 processing 0 keys, 1 updates
02:10:03.200 [qtp399373008-62] DEBUG org.eclipse.jetty.io.ManagedSelector - updateable 1
02:10:03.200 [qtp399373008-62] DEBUG org.eclipse.jetty.io.ManagedSelector - update org.eclipse.jetty.io.ChannelEndPoint$$Lambda$255/1830220082@52ee893f
02:10:03.200 [qtp399373008-59] DEBUG org.eclipse.jetty.io.ssl.SslConnection - <c.onFillable SslConnection@1d6417fe::SocketChannelEndPoint@14fcc7ac{l=/127.0.0.1:33277,r=/127.0.0.1:47704,OPEN,fill=FI,flush=-,to=0/30000}{io=0/1,kio=0,kro=1}->SslConnection@1d6417fe{NEED_UNWRAP,eio=-1/-1,di=-1,fill=INTERESTED,flush=IDLE}~>DecryptedEndPoint@74d338e3{l=/127.0.0.1:33277,r=/127.0.0.1:47704,OPEN,fill=FI,flush=-,to=0/30000}=>HttpConnection@2a64687a[p=HttpParser{s=START,0 of -1},g=HttpGenerator@709d2091{s=START}]=>HttpChannelOverHttp@2522d09c{s=HttpChannelState@6605e24{s=IDLE rs=BLOCKING os=OPEN is=IDLE awp=false se=false i=true al=0},r=0,c=false/false,a=IDLE,uri=null,age=0}
02:10:03.200 [qtp399373008-59] DEBUG org.eclipse.jetty.util.thread.QueuedThreadPool - ran org.eclipse.jetty.io.ManagedSelector$$Lambda$253/838473569@32811494 in QueuedThreadPool[qtp399373008]@17cdf2d0{STARTED,8<=8<=200,i=1,r=-1,q=0}[ReservedThreadExecutor@424fd310{reserved=1/8,pending=0}]
02:10:03.200 [qtp399373008-62] DEBUG org.eclipse.jetty.io.ChannelEndPoint - Key interests updated 0 -> 1 on SocketChannelEndPoint@14fcc7ac{l=/127.0.0.1:33277,r=/127.0.0.1:47704,OPEN,fill=FI,flush=-,to=0/30000}{io=1/1,kio=1,kro=1}->SslConnection@1d6417fe{NEED_UNWRAP,eio=-1/-1,di=-1,fill=INTERESTED,flush=IDLE}~>DecryptedEndPoint@74d338e3{l=/127.0.0.1:33277,r=/127.0.0.1:47704,OPEN,fill=FI,flush=-,to=0/30000}=>HttpConnection@2a64687a[p=HttpParser{s=START,0 of -1},g=HttpGenerator@709d2091{s=START}]=>HttpChannelOverHttp@2522d09c{s=HttpChannelState@6605e24{s=IDLE rs=BLOCKING os=OPEN is=IDLE awp=false se=false i=true al=0},r=0,c=false/false,a=IDLE,uri=null,age=0}
02:10:03.200 [qtp399373008-62] DEBUG org.eclipse.jetty.io.ManagedSelector - updates 0
02:10:03.200 [qtp399373008-62] DEBUG org.eclipse.jetty.io.ManagedSelector - Selector sun.nio.ch.EPollSelectorImpl@9718d65 waiting with 1 keys
02:10:03.202 [qtp399373008-62] DEBUG org.eclipse.jetty.io.ManagedSelector - Selector sun.nio.ch.EPollSelectorImpl@9718d65 woken up from select, 1/1/1 selected
02:10:03.202 [qtp399373008-62] DEBUG org.eclipse.jetty.io.ManagedSelector - Selector sun.nio.ch.EPollSelectorImpl@9718d65 processing 1 keys, 0 updates
02:10:03.202 [qtp399373008-62] DEBUG org.eclipse.jetty.io.ManagedSelector - selected 1 sun.nio.ch.SelectionKeyImpl@7b6723b SocketChannelEndPoint@14fcc7ac{l=/127.0.0.1:33277,r=/127.0.0.1:47704,OPEN,fill=FI,flush=-,to=2/30000}{io=1/1,kio=1,kro=1}->SslConnection@1d6417fe{NEED_UNWRAP,eio=-1/-1,di=-1,fill=INTERESTED,flush=IDLE}~>DecryptedEndPoint@74d338e3{l=/127.0.0.1:33277,r=/127.0.0.1:47704,OPEN,fill=FI,flush=-,to=2/30000}=>HttpConnection@2a64687a[p=HttpParser{s=START,0 of -1},g=HttpGenerator@709d2091{s=START}]=>HttpChannelOverHttp@2522d09c{s=HttpChannelState@6605e24{s=IDLE rs=BLOCKING os=OPEN is=IDLE awp=false se=false i=true al=0},r=0,c=false/false,a=IDLE,uri=null,age=0} 
02:10:03.202 [qtp399373008-62] DEBUG org.eclipse.jetty.io.ChannelEndPoint - onSelected 1->0 r=true w=false for SocketChannelEndPoint@14fcc7ac{l=/127.0.0.1:33277,r=/127.0.0.1:47704,OPEN,fill=FI,flush=-,to=2/30000}{io=1/0,kio=1,kro=1}->SslConnection@1d6417fe{NEED_UNWRAP,eio=-1/-1,di=-1,fill=INTERESTED,flush=IDLE}~>DecryptedEndPoint@74d338e3{l=/127.0.0.1:33277,r=/127.0.0.1:47704,OPEN,fill=FI,flush=-,to=2/30000}=>HttpConnection@2a64687a[p=HttpParser{s=START,0 of -1},g=HttpGenerator@709d2091{s=START}]=>HttpChannelOverHttp@2522d09c{s=HttpChannelState@6605e24{s=IDLE rs=BLOCKING os=OPEN is=IDLE awp=false se=false i=true al=0},r=0,c=false/false,a=IDLE,uri=null,age=0}
02:10:03.202 [qtp399373008-62] DEBUG org.eclipse.jetty.io.ChannelEndPoint - task CEP:SocketChannelEndPoint@14fcc7ac{l=/127.0.0.1:33277,r=/127.0.0.1:47704,OPEN,fill=FI,flush=-,to=2/30000}{io=1/0,kio=1,kro=1}->SslConnection@1d6417fe{NEED_UNWRAP,eio=-1/-1,di=-1,fill=INTERESTED,flush=IDLE}~>DecryptedEndPoint@74d338e3{l=/127.0.0.1:33277,r=/127.0.0.1:47704,OPEN,fill=FI,flush=-,to=2/30000}=>HttpConnection@2a64687a[p=HttpParser{s=START,0 of -1},g=HttpGenerator@709d2091{s=START}]=>HttpChannelOverHttp@2522d09c{s=HttpChannelState@6605e24{s=IDLE rs=BLOCKING os=OPEN is=IDLE awp=false se=false i=true al=0},r=0,c=false/false,a=IDLE,uri=null,age=0}:runFillable:BLOCKING
02:10:03.202 [qtp399373008-62] DEBUG org.eclipse.jetty.util.thread.ReservedThreadExecutor - ReservedThreadExecutor@424fd310{reserved=1/8,pending=0} tryExecute EatWhatYouKill@f478a81/SelectorProducer@19553973/PRODUCING/p=false/QueuedThreadPool[qtp399373008]@17cdf2d0{STARTED,8<=8<=200,i=2,r=-1,q=0}[ReservedThreadExecutor@424fd310{reserved=1/8,pending=0}][pc=0,pic=0,pec=0,epc=1]@2024-05-02T02:10:03.202+01:00
02:10:03.203 [qtp399373008-62] DEBUG org.eclipse.jetty.util.thread.ReservedThreadExecutor - ReservedThreadExecutor@424fd310{reserved=0/8,pending=1} startReservedThread p=1
02:10:03.203 [qtp399373008-62] DEBUG org.eclipse.jetty.util.thread.QueuedThreadPool - queue ReservedThread@327610e2{PENDING,thread=null} startThread=0
02:10:03.203 [qtp399373008-58] DEBUG org.eclipse.jetty.util.thread.QueuedThreadPool - run ReservedThread@327610e2{PENDING,thread=null} in QueuedThreadPool[qtp399373008]@17cdf2d0{STARTED,8<=8<=200,i=1,r=-1,q=0}[ReservedThreadExecutor@424fd310{reserved=0/8,pending=1}]
02:10:03.203 [qtp399373008-58] DEBUG org.eclipse.jetty.util.thread.ReservedThreadExecutor - ReservedThread@327610e2{PENDING,thread=Thread[qtp399373008-58,5,main]} was=PENDING next=RESERVED size=0+1 capacity=8
02:10:03.203 [qtp399373008-58] DEBUG org.eclipse.jetty.util.thread.ReservedThreadExecutor - ReservedThread@327610e2{RESERVED,thread=Thread[qtp399373008-58,5,main]} waiting ReservedThreadExecutor@424fd310{reserved=1/8,pending=0}
02:10:03.203 [qtp399373008-57] DEBUG org.eclipse.jetty.util.thread.ReservedThreadExecutor - ReservedThread@66ba7cba{RESERVED,thread=Thread[qtp399373008-57,5,main]} task=EatWhatYouKill@f478a81/SelectorProducer@19553973/IDLE/p=true/QueuedThreadPool[qtp399373008]@17cdf2d0{STARTED,8<=8<=200,i=1,r=-1,q=0}[ReservedThreadExecutor@424fd310{reserved=1/8,pending=0}][pc=0,pic=0,pec=0,epc=1]@2024-05-02T02:10:03.203+01:00 ReservedThreadExecutor@424fd310{reserved=1/8,pending=0}
02:10:03.203 [qtp399373008-62] DEBUG org.eclipse.jetty.util.thread.strategy.EatWhatYouKill - EatWhatYouKill@f478a81/SelectorProducer@19553973/IDLE/p=true/QueuedThreadPool[qtp399373008]@17cdf2d0{STARTED,8<=8<=200,i=1,r=-1,q=0}[ReservedThreadExecutor@424fd310{reserved=0/8,pending=1}][pc=0,pic=0,pec=0,epc=1]@2024-05-02T02:10:03.203+01:00 m=EXECUTE_PRODUCE_CONSUME t=CEP:SocketChannelEndPoint@14fcc7ac{l=/127.0.0.1:33277,r=/127.0.0.1:47704,OPEN,fill=FI,flush=-,to=3/30000}{io=1/0,kio=1,kro=1}->SslConnection@1d6417fe{NEED_UNWRAP,eio=-1/-1,di=-1,fill=INTERESTED,flush=IDLE}~>DecryptedEndPoint@74d338e3{l=/127.0.0.1:33277,r=/127.0.0.1:47704,OPEN,fill=FI,flush=-,to=3/30000}=>HttpConnection@2a64687a[p=HttpParser{s=START,0 of -1},g=HttpGenerator@709d2091{s=START}]=>HttpChannelOverHttp@2522d09c{s=HttpChannelState@6605e24{s=IDLE rs=BLOCKING os=OPEN is=IDLE awp=false se=false i=true al=0},r=0,c=false/false,a=IDLE,uri=null,age=0}:runFillable:BLOCKING/BLOCKING
02:10:03.203 [qtp399373008-57] DEBUG org.eclipse.jetty.util.thread.strategy.EatWhatYouKill - EatWhatYouKill@f478a81/SelectorProducer@19553973/IDLE/p=true/QueuedThreadPool[qtp399373008]@17cdf2d0{STARTED,8<=8<=200,i=1,r=-1,q=0}[ReservedThreadExecutor@424fd310{reserved=1/8,pending=0}][pc=0,pic=0,pec=0,epc=2]@2024-05-02T02:10:03.203+01:00 tryProduce true
02:10:03.203 [qtp399373008-57] DEBUG org.eclipse.jetty.io.ManagedSelector - updateable 0
02:10:03.203 [qtp399373008-57] DEBUG org.eclipse.jetty.io.ManagedSelector - updates 0
02:10:03.203 [qtp399373008-62] DEBUG org.eclipse.jetty.io.FillInterest - fillable FillInterest@6f08b8c7{SSLC.NBReadCB@1d6417fe{SslConnection@1d6417fe::SocketChannelEndPoint@14fcc7ac{l=/127.0.0.1:33277,r=/127.0.0.1:47704,OPEN,fill=FI,flush=-,to=3/30000}{io=1/0,kio=1,kro=1}->SslConnection@1d6417fe{NEED_UNWRAP,eio=-1/-1,di=-1,fill=INTERESTED,flush=IDLE}~>DecryptedEndPoint@74d338e3{l=/127.0.0.1:33277,r=/127.0.0.1:47704,OPEN,fill=FI,flush=-,to=3/30000}=>HttpConnection@2a64687a[p=HttpParser{s=START,0 of -1},g=HttpGenerator@709d2091{s=START}]=>HttpChannelOverHttp@2522d09c{s=HttpChannelState@6605e24{s=IDLE rs=BLOCKING os=OPEN is=IDLE awp=false se=false i=true al=0},r=0,c=false/false,a=IDLE,uri=null,age=0}}}
02:10:03.203 [qtp399373008-57] DEBUG org.eclipse.jetty.io.ChannelEndPoint - Key interests updated 1 -> 0 on SocketChannelEndPoint@14fcc7ac{l=/127.0.0.1:33277,r=/127.0.0.1:47704,OPEN,fill=FI,flush=-,to=3/30000}{io=0/0,kio=0,kro=1}->SslConnection@1d6417fe{NEED_UNWRAP,eio=-1/-1,di=-1,fill=INTERESTED,flush=IDLE}~>DecryptedEndPoint@74d338e3{l=/127.0.0.1:33277,r=/127.0.0.1:47704,OPEN,fill=FI,flush=-,to=3/30000}=>HttpConnection@2a64687a[p=HttpParser{s=START,0 of -1},g=HttpGenerator@709d2091{s=START}]=>HttpChannelOverHttp@2522d09c{s=HttpChannelState@6605e24{s=IDLE rs=BLOCKING os=OPEN is=IDLE awp=false se=false i=true al=0},r=0,c=false/false,a=IDLE,uri=null,age=0}
02:10:03.203 [qtp399373008-62] DEBUG org.eclipse.jetty.io.ssl.SslConnection - >c.onFillable SslConnection@1d6417fe::SocketChannelEndPoint@14fcc7ac{l=/127.0.0.1:33277,r=/127.0.0.1:47704,OPEN,fill=-,flush=-,to=3/30000}{io=0/0,kio=0,kro=1}->SslConnection@1d6417fe{NEED_UNWRAP,eio=-1/-1,di=-1,fill=INTERESTED,flush=IDLE}~>DecryptedEndPoint@74d338e3{l=/127.0.0.1:33277,r=/127.0.0.1:47704,OPEN,fill=FI,flush=-,to=3/30000}=>HttpConnection@2a64687a[p=HttpParser{s=START,0 of -1},g=HttpGenerator@709d2091{s=START}]=>HttpChannelOverHttp@2522d09c{s=HttpChannelState@6605e24{s=IDLE rs=BLOCKING os=OPEN is=IDLE awp=false se=false i=true al=0},r=0,c=false/false,a=IDLE,uri=null,age=0}
02:10:03.203 [qtp399373008-57] DEBUG org.eclipse.jetty.io.ManagedSelector - Selector sun.nio.ch.EPollSelectorImpl@9718d65 waiting with 1 keys
02:10:03.203 [qtp399373008-62] DEBUG org.eclipse.jetty.io.ssl.SslConnection - onFillable SslConnection@1d6417fe::SocketChannelEndPoint@14fcc7ac{l=/127.0.0.1:33277,r=/127.0.0.1:47704,OPEN,fill=-,flush=-,to=3/30000}{io=0/0,kio=0,kro=1}->SslConnection@1d6417fe{NEED_UNWRAP,eio=-1/-1,di=-1,fill=INTERESTED,flush=IDLE}~>DecryptedEndPoint@74d338e3{l=/127.0.0.1:33277,r=/127.0.0.1:47704,OPEN,fill=FI,flush=-,to=3/30000}=>HttpConnection@2a64687a[p=HttpParser{s=START,0 of -1},g=HttpGenerator@709d2091{s=START}]=>HttpChannelOverHttp@2522d09c{s=HttpChannelState@6605e24{s=IDLE rs=BLOCKING os=OPEN is=IDLE awp=false se=false i=true al=0},r=0,c=false/false,a=IDLE,uri=null,age=0}
02:10:03.203 [qtp399373008-62] DEBUG org.eclipse.jetty.io.FillInterest - fillable FillInterest@79b3a140{AC.ReadCB@2a64687a{HttpConnection@2a64687a::DecryptedEndPoint@74d338e3{l=/127.0.0.1:33277,r=/127.0.0.1:47704,OPEN,fill=FI,flush=-,to=3/30000}}}
02:10:03.203 [qtp399373008-62] DEBUG org.eclipse.jetty.server.HttpConnection - HttpConnection@2a64687a::DecryptedEndPoint@74d338e3{l=/127.0.0.1:33277,r=/127.0.0.1:47704,OPEN,fill=-,flush=-,to=3/30000} onFillable enter HttpChannelState@6605e24{s=IDLE rs=BLOCKING os=OPEN is=IDLE awp=false se=false i=true al=0} null
02:10:03.203 [qtp399373008-62] DEBUG org.eclipse.jetty.io.ssl.SslConnection - >fill SslConnection@1d6417fe::SocketChannelEndPoint@14fcc7ac{l=/127.0.0.1:33277,r=/127.0.0.1:47704,OPEN,fill=-,flush=-,to=3/30000}{io=0/0,kio=0,kro=1}->SslConnection@1d6417fe{NEED_UNWRAP,eio=-1/-1,di=-1,fill=IDLE,flush=IDLE}~>DecryptedEndPoint@74d338e3{l=/127.0.0.1:33277,r=/127.0.0.1:47704,OPEN,fill=-,flush=-,to=3/30000}=>HttpConnection@2a64687a[p=HttpParser{s=START,0 of -1},g=HttpGenerator@709d2091{s=START}]=>HttpChannelOverHttp@2522d09c{s=HttpChannelState@6605e24{s=IDLE rs=BLOCKING os=OPEN is=IDLE awp=false se=false i=true al=0},r=0,c=false/false,a=IDLE,uri=null,age=0}
02:10:03.203 [qtp399373008-62] DEBUG org.eclipse.jetty.io.ssl.SslConnection - fill NEED_UNWRAP
02:10:03.204 [qtp399373008-62] DEBUG org.eclipse.jetty.io.ChannelEndPoint - filled 6 HeapByteBuffer@ecff91a[p=0,l=6,c=17408,r=6]={<<<\x14\x03\x03\x00\x01\x01>>>\xB3q\xD2[\xAe\x81\xA7\xE5\xB0...\x00\x00\x00\x00\x00\x00\x00}
02:10:03.204 [qtp399373008-62] DEBUG org.eclipse.jetty.io.ssl.SslConnection - net filled=6
02:10:03.204 [qtp399373008-62] DEBUG org.eclipse.jetty.io.ssl.SslConnection - unwrap net_filled=6 Status = OK HandshakeStatus = NEED_UNWRAP bytesConsumed = 6 bytesProduced = 0 encryptedBuffer=[p=6,l=6,c=17408,r=0] unwrapBuffer=HeapByteBuffer@816b3[p=0,l=0,c=17408,r=0]={<<<>>>\x16\x03\x03\x01N\x01\x00\x01J...\x00\x00\x00\x00\x00\x00\x00} appBuffer=HeapByteBuffer@816b3[p=0,l=0,c=17408,r=0]={<<<>>>\x16\x03\x03\x01N\x01\x00\x01J...\x00\x00\x00\x00\x00\x00\x00}
02:10:03.204 [qtp399373008-62] DEBUG org.eclipse.jetty.io.ssl.SslConnection - fill NEED_UNWRAP
02:10:03.204 [qtp399373008-62] DEBUG org.eclipse.jetty.io.ChannelEndPoint - filled 0 HeapByteBuffer@ecff91a[p=0,l=0,c=17408,r=0]={<<<>>>\x14\x03\x03\x00\x01\x01\xB3q\xD2...\x00\x00\x00\x00\x00\x00\x00}
02:10:03.204 [qtp399373008-62] DEBUG org.eclipse.jetty.io.ssl.SslConnection - net filled=0
02:10:03.204 [qtp399373008-62] DEBUG org.eclipse.jetty.io.ssl.SslConnection - unwrap net_filled=0 Status = BUFFER_UNDERFLOW HandshakeStatus = NEED_UNWRAP bytesConsumed = 0 bytesProduced = 0 encryptedBuffer=[p=0,l=0,c=17408,r=0] unwrapBuffer=HeapByteBuffer@816b3[p=0,l=0,c=17408,r=0]={<<<>>>\x16\x03\x03\x01N\x01\x00\x01J...\x00\x00\x00\x00\x00\x00\x00} appBuffer=HeapByteBuffer@816b3[p=0,l=0,c=17408,r=0]={<<<>>>\x16\x03\x03\x01N\x01\x00\x01J...\x00\x00\x00\x00\x00\x00\x00}
02:10:03.204 [qtp399373008-62] DEBUG org.eclipse.jetty.io.ssl.SslConnection - <fill f=0 uf=true SslConnection@1d6417fe::SocketChannelEndPoint@14fcc7ac{l=/127.0.0.1:33277,r=/127.0.0.1:47704,OPEN,fill=-,flush=-,to=0/30000}{io=0/0,kio=0,kro=1}->SslConnection@1d6417fe{NEED_UNWRAP,eio=-1/-1,di=-1,fill=IDLE,flush=IDLE}~>DecryptedEndPoint@74d338e3{l=/127.0.0.1:33277,r=/127.0.0.1:47704,OPEN,fill=-,flush=-,to=4/30000}=>HttpConnection@2a64687a[p=HttpParser{s=START,0 of -1},g=HttpGenerator@709d2091{s=START}]=>HttpChannelOverHttp@2522d09c{s=HttpChannelState@6605e24{s=IDLE rs=BLOCKING os=OPEN is=IDLE awp=false se=false i=true al=0},r=0,c=false/false,a=IDLE,uri=null,age=0}
02:10:03.204 [qtp399373008-62] DEBUG org.eclipse.jetty.io.ssl.SslConnection - >fill SslConnection@1d6417fe::SocketChannelEndPoint@14fcc7ac{l=/127.0.0.1:33277,r=/127.0.0.1:47704,OPEN,fill=-,flush=-,to=0/30000}{io=0/0,kio=0,kro=1}->SslConnection@1d6417fe{NEED_UNWRAP,eio=-1/-1,di=-1,fill=IDLE,flush=IDLE}~>DecryptedEndPoint@74d338e3{l=/127.0.0.1:33277,r=/127.0.0.1:47704,OPEN,fill=-,flush=-,to=4/30000}=>HttpConnection@2a64687a[p=HttpParser{s=START,0 of -1},g=HttpGenerator@709d2091{s=START}]=>HttpChannelOverHttp@2522d09c{s=HttpChannelState@6605e24{s=IDLE rs=BLOCKING os=OPEN is=IDLE awp=false se=false i=true al=0},r=0,c=false/false,a=IDLE,uri=null,age=0}
02:10:03.204 [qtp399373008-62] DEBUG org.eclipse.jetty.io.ssl.SslConnection - fill NEED_UNWRAP
02:10:03.204 [qtp399373008-62] DEBUG org.eclipse.jetty.io.ChannelEndPoint - filled 0 HeapByteBuffer@30c33a9d[p=0,l=0,c=17408,r=0]={<<<>>>GET / HTT...\x00\x00\x00\x00\x00\x00\x00}
02:10:03.204 [qtp399373008-62] DEBUG org.eclipse.jetty.io.ssl.SslConnection - net filled=0
02:10:03.204 [qtp399373008-62] DEBUG org.eclipse.jetty.io.ssl.SslConnection - unwrap net_filled=0 Status = BUFFER_UNDERFLOW HandshakeStatus = NEED_UNWRAP bytesConsumed = 0 bytesProduced = 0 encryptedBuffer=[p=0,l=0,c=17408,r=0] unwrapBuffer=HeapByteBuffer@816b3[p=0,l=0,c=17408,r=0]={<<<>>>\x16\x03\x03\x01N\x01\x00\x01J...\x00\x00\x00\x00\x00\x00\x00} appBuffer=HeapByteBuffer@816b3[p=0,l=0,c=17408,r=0]={<<<>>>\x16\x03\x03\x01N\x01\x00\x01J...\x00\x00\x00\x00\x00\x00\x00}
02:10:03.204 [qtp399373008-62] DEBUG org.eclipse.jetty.io.ssl.SslConnection - <fill f=0 uf=true SslConnection@1d6417fe::SocketChannelEndPoint@14fcc7ac{l=/127.0.0.1:33277,r=/127.0.0.1:47704,OPEN,fill=-,flush=-,to=0/30000}{io=0/0,kio=0,kro=1}->SslConnection@1d6417fe{NEED_UNWRAP,eio=-1/-1,di=-1,fill=IDLE,flush=IDLE}~>DecryptedEndPoint@74d338e3{l=/127.0.0.1:33277,r=/127.0.0.1:47704,OPEN,fill=-,flush=-,to=4/30000}=>HttpConnection@2a64687a[p=HttpParser{s=START,0 of -1},g=HttpGenerator@709d2091{s=START}]=>HttpChannelOverHttp@2522d09c{s=HttpChannelState@6605e24{s=IDLE rs=BLOCKING os=OPEN is=IDLE awp=false se=false i=true al=0},r=0,c=false/false,a=IDLE,uri=null,age=0}
02:10:03.204 [qtp399373008-62] DEBUG org.eclipse.jetty.server.HttpConnection - HttpConnection@2a64687a::DecryptedEndPoint@74d338e3{l=/127.0.0.1:33277,r=/127.0.0.1:47704,OPEN,fill=-,flush=-,to=4/30000} filled 0 HeapByteBuffer@816b3[p=0,l=0,c=17408,r=0]={<<<>>>\x16\x03\x03\x01N\x01\x00\x01J...\x00\x00\x00\x00\x00\x00\x00}
02:10:03.204 [qtp399373008-62] DEBUG org.eclipse.jetty.server.HttpConnection - HttpConnection@2a64687a::DecryptedEndPoint@74d338e3{l=/127.0.0.1:33277,r=/127.0.0.1:47704,OPEN,fill=-,flush=-,to=4/30000} parse HeapByteBuffer@816b3[p=0,l=0,c=17408,r=0]={<<<>>>\x16\x03\x03\x01N\x01\x00\x01J...\x00\x00\x00\x00\x00\x00\x00} {}
02:10:03.204 [qtp399373008-62] DEBUG org.eclipse.jetty.http.HttpParser - parseNext s=START HeapByteBuffer@816b3[p=0,l=0,c=17408,r=0]={<<<>>>\x16\x03\x03\x01N\x01\x00\x01J...\x00\x00\x00\x00\x00\x00\x00}
02:10:03.204 [qtp399373008-62] DEBUG org.eclipse.jetty.server.HttpConnection - HttpConnection@2a64687a::DecryptedEndPoint@74d338e3{l=/127.0.0.1:33277,r=/127.0.0.1:47704,OPEN,fill=-,flush=-,to=4/30000} parsed false HttpParser{s=START,0 of -1}
02:10:03.204 [qtp399373008-62] DEBUG org.eclipse.jetty.server.HttpConnection - releaseRequestBuffer HttpConnection@2a64687a::DecryptedEndPoint@74d338e3{l=/127.0.0.1:33277,r=/127.0.0.1:47704,OPEN,fill=-,flush=-,to=4/30000}
02:10:03.204 [qtp399373008-62] DEBUG org.eclipse.jetty.io.AbstractConnection - fillInterested HttpConnection@2a64687a::DecryptedEndPoint@74d338e3{l=/127.0.0.1:33277,r=/127.0.0.1:47704,OPEN,fill=-,flush=-,to=4/30000}
02:10:03.204 [qtp399373008-62] DEBUG org.eclipse.jetty.io.FillInterest - interested FillInterest@79b3a140{AC.ReadCB@2a64687a{HttpConnection@2a64687a::DecryptedEndPoint@74d338e3{l=/127.0.0.1:33277,r=/127.0.0.1:47704,OPEN,fill=FI,flush=-,to=0/30000}}}
02:10:03.205 [qtp399373008-62] DEBUG org.eclipse.jetty.io.ssl.SslConnection - >needFillInterest s=IDLE/IDLE uf=true ei=null di=null SslConnection@1d6417fe::SocketChannelEndPoint@14fcc7ac{l=/127.0.0.1:33277,r=/127.0.0.1:47704,OPEN,fill=-,flush=-,to=0/30000}{io=0/0,kio=0,kro=1}->SslConnection@1d6417fe{NEED_UNWRAP,eio=-1/-1,di=-1,fill=IDLE,flush=IDLE}~>DecryptedEndPoint@74d338e3{l=/127.0.0.1:33277,r=/127.0.0.1:47704,OPEN,fill=FI,flush=-,to=0/30000}=>HttpConnection@2a64687a[p=HttpParser{s=START,0 of -1},g=HttpGenerator@709d2091{s=START}]=>HttpChannelOverHttp@2522d09c{s=HttpChannelState@6605e24{s=IDLE rs=BLOCKING os=OPEN is=IDLE awp=false se=false i=true al=0},r=0,c=false/false,a=IDLE,uri=null,age=0}
02:10:03.205 [qtp399373008-62] DEBUG org.eclipse.jetty.io.ssl.SslConnection - <needFillInterest s=IDLE/INTERESTED f=false i=true w=null
02:10:03.205 [qtp399373008-62] DEBUG org.eclipse.jetty.io.ssl.SslConnection - ensureFillInterested SslConnection@1d6417fe::SocketChannelEndPoint@14fcc7ac{l=/127.0.0.1:33277,r=/127.0.0.1:47704,OPEN,fill=-,flush=-,to=0/30000}{io=0/0,kio=0,kro=1}->SslConnection@1d6417fe{NEED_UNWRAP,eio=-1/-1,di=-1,fill=INTERESTED,flush=IDLE}~>DecryptedEndPoint@74d338e3{l=/127.0.0.1:33277,r=/127.0.0.1:47704,OPEN,fill=FI,flush=-,to=0/30000}=>HttpConnection@2a64687a[p=HttpParser{s=START,0 of -1},g=HttpGenerator@709d2091{s=START}]=>HttpChannelOverHttp@2522d09c{s=HttpChannelState@6605e24{s=IDLE rs=BLOCKING os=OPEN is=IDLE awp=false se=false i=true al=0},r=0,c=false/false,a=IDLE,uri=null,age=0}
02:10:03.205 [qtp399373008-62] DEBUG org.eclipse.jetty.io.FillInterest - interested FillInterest@6f08b8c7{SSLC.NBReadCB@1d6417fe{SslConnection@1d6417fe::SocketChannelEndPoint@14fcc7ac{l=/127.0.0.1:33277,r=/127.0.0.1:47704,OPEN,fill=FI,flush=-,to=0/30000}{io=0/0,kio=0,kro=1}->SslConnection@1d6417fe{NEED_UNWRAP,eio=-1/-1,di=-1,fill=INTERESTED,flush=IDLE}~>DecryptedEndPoint@74d338e3{l=/127.0.0.1:33277,r=/127.0.0.1:47704,OPEN,fill=FI,flush=-,to=0/30000}=>HttpConnection@2a64687a[p=HttpParser{s=START,0 of -1},g=HttpGenerator@709d2091{s=START}]=>HttpChannelOverHttp@2522d09c{s=HttpChannelState@6605e24{s=IDLE rs=BLOCKING os=OPEN is=IDLE awp=false se=false i=true al=0},r=0,c=false/false,a=IDLE,uri=null,age=0}}}
02:10:03.205 [qtp399373008-62] DEBUG org.eclipse.jetty.io.ChannelEndPoint - changeInterests p=false 0->1 for SocketChannelEndPoint@14fcc7ac{l=/127.0.0.1:33277,r=/127.0.0.1:47704,OPEN,fill=FI,flush=-,to=0/30000}{io=0/1,kio=0,kro=1}->SslConnection@1d6417fe{NEED_UNWRAP,eio=-1/-1,di=-1,fill=INTERESTED,flush=IDLE}~>DecryptedEndPoint@74d338e3{l=/127.0.0.1:33277,r=/127.0.0.1:47704,OPEN,fill=FI,flush=-,to=0/30000}=>HttpConnection@2a64687a[p=HttpParser{s=START,0 of -1},g=HttpGenerator@709d2091{s=START}]=>HttpChannelOverHttp@2522d09c{s=HttpChannelState@6605e24{s=IDLE rs=BLOCKING os=OPEN is=IDLE awp=false se=false i=true al=0},r=0,c=false/false,a=IDLE,uri=null,age=0}
02:10:03.205 [qtp399373008-62] DEBUG org.eclipse.jetty.io.ManagedSelector - Queued change lazy=false org.eclipse.jetty.io.ChannelEndPoint$$Lambda$255/1830220082@52ee893f on ManagedSelector@7bb6ab3a{STARTED} id=3 keys=1 selected=0 updates=0
02:10:03.205 [qtp399373008-62] DEBUG org.eclipse.jetty.io.ManagedSelector - Wakeup on submit ManagedSelector@7bb6ab3a{STARTED} id=3 keys=1 selected=0 updates=1
02:10:03.205 [qtp399373008-62] DEBUG org.eclipse.jetty.server.HttpConnection - HttpConnection@2a64687a::DecryptedEndPoint@74d338e3{l=/127.0.0.1:33277,r=/127.0.0.1:47704,OPEN,fill=FI,flush=-,to=0/30000} onFillable exit HttpChannelState@6605e24{s=IDLE rs=BLOCKING os=OPEN is=IDLE awp=false se=false i=true al=0} null
02:10:03.205 [qtp399373008-57] DEBUG org.eclipse.jetty.io.ManagedSelector - Selector sun.nio.ch.EPollSelectorImpl@9718d65 woken with none selected
02:10:03.205 [qtp399373008-57] DEBUG org.eclipse.jetty.io.ManagedSelector - Selector sun.nio.ch.EPollSelectorImpl@9718d65 woken up from select, 0/0/1 selected
02:10:03.205 [qtp399373008-57] DEBUG org.eclipse.jetty.io.ManagedSelector - Selector sun.nio.ch.EPollSelectorImpl@9718d65 processing 0 keys, 1 updates
02:10:03.205 [qtp399373008-57] DEBUG org.eclipse.jetty.io.ManagedSelector - updateable 1
02:10:03.205 [qtp399373008-57] DEBUG org.eclipse.jetty.io.ManagedSelector - update org.eclipse.jetty.io.ChannelEndPoint$$Lambda$255/1830220082@52ee893f
02:10:03.205 [qtp399373008-62] DEBUG org.eclipse.jetty.io.ssl.SslConnection - <c.onFillable SslConnection@1d6417fe::SocketChannelEndPoint@14fcc7ac{l=/127.0.0.1:33277,r=/127.0.0.1:47704,OPEN,fill=FI,flush=-,to=0/30000}{io=0/1,kio=0,kro=1}->SslConnection@1d6417fe{NEED_UNWRAP,eio=-1/-1,di=-1,fill=INTERESTED,flush=IDLE}~>DecryptedEndPoint@74d338e3{l=/127.0.0.1:33277,r=/127.0.0.1:47704,OPEN,fill=FI,flush=-,to=0/30000}=>HttpConnection@2a64687a[p=HttpParser{s=START,0 of -1},g=HttpGenerator@709d2091{s=START}]=>HttpChannelOverHttp@2522d09c{s=HttpChannelState@6605e24{s=IDLE rs=BLOCKING os=OPEN is=IDLE awp=false se=false i=true al=0},r=0,c=false/false,a=IDLE,uri=null,age=0}
02:10:03.205 [qtp399373008-62] DEBUG org.eclipse.jetty.util.thread.ReservedThreadExecutor - ReservedThread@60af7bcf{RUNNING,thread=Thread[qtp399373008-62,5,main]} was=RUNNING next=RESERVED size=0+2 capacity=8
02:10:03.205 [qtp399373008-62] DEBUG org.eclipse.jetty.util.thread.ReservedThreadExecutor - ReservedThread@60af7bcf{RESERVED,thread=Thread[qtp399373008-62,5,main]} waiting ReservedThreadExecutor@424fd310{reserved=2/8,pending=0}
02:10:03.205 [qtp399373008-57] DEBUG org.eclipse.jetty.io.ChannelEndPoint - Key interests updated 0 -> 1 on SocketChannelEndPoint@14fcc7ac{l=/127.0.0.1:33277,r=/127.0.0.1:47704,OPEN,fill=FI,flush=-,to=0/30000}{io=1/1,kio=1,kro=1}->SslConnection@1d6417fe{NEED_UNWRAP,eio=-1/-1,di=-1,fill=INTERESTED,flush=IDLE}~>DecryptedEndPoint@74d338e3{l=/127.0.0.1:33277,r=/127.0.0.1:47704,OPEN,fill=FI,flush=-,to=0/30000}=>HttpConnection@2a64687a[p=HttpParser{s=START,0 of -1},g=HttpGenerator@709d2091{s=START}]=>HttpChannelOverHttp@2522d09c{s=HttpChannelState@6605e24{s=IDLE rs=BLOCKING os=OPEN is=IDLE awp=false se=false i=true al=0},r=0,c=false/false,a=IDLE,uri=null,age=0}
02:10:03.205 [qtp399373008-57] DEBUG org.eclipse.jetty.io.ManagedSelector - updates 0
02:10:03.205 [qtp399373008-57] DEBUG org.eclipse.jetty.io.ManagedSelector - Selector sun.nio.ch.EPollSelectorImpl@9718d65 waiting with 1 keys
02:10:03.245 [qtp399373008-57] DEBUG org.eclipse.jetty.io.ManagedSelector - Selector sun.nio.ch.EPollSelectorImpl@9718d65 woken up from select, 1/1/1 selected
02:10:03.245 [qtp399373008-57] DEBUG org.eclipse.jetty.io.ManagedSelector - Selector sun.nio.ch.EPollSelectorImpl@9718d65 processing 1 keys, 0 updates
02:10:03.245 [qtp399373008-57] DEBUG org.eclipse.jetty.io.ManagedSelector - selected 1 sun.nio.ch.SelectionKeyImpl@7b6723b SocketChannelEndPoint@14fcc7ac{l=/127.0.0.1:33277,r=/127.0.0.1:47704,OPEN,fill=FI,flush=-,to=40/30000}{io=1/1,kio=1,kro=1}->SslConnection@1d6417fe{NEED_UNWRAP,eio=-1/-1,di=-1,fill=INTERESTED,flush=IDLE}~>DecryptedEndPoint@74d338e3{l=/127.0.0.1:33277,r=/127.0.0.1:47704,OPEN,fill=FI,flush=-,to=40/30000}=>HttpConnection@2a64687a[p=HttpParser{s=START,0 of -1},g=HttpGenerator@709d2091{s=START}]=>HttpChannelOverHttp@2522d09c{s=HttpChannelState@6605e24{s=IDLE rs=BLOCKING os=OPEN is=IDLE awp=false se=false i=true al=0},r=0,c=false/false,a=IDLE,uri=null,age=0} 
02:10:03.245 [qtp399373008-57] DEBUG org.eclipse.jetty.io.ChannelEndPoint - onSelected 1->0 r=true w=false for SocketChannelEndPoint@14fcc7ac{l=/127.0.0.1:33277,r=/127.0.0.1:47704,OPEN,fill=FI,flush=-,to=40/30000}{io=1/0,kio=1,kro=1}->SslConnection@1d6417fe{NEED_UNWRAP,eio=-1/-1,di=-1,fill=INTERESTED,flush=IDLE}~>DecryptedEndPoint@74d338e3{l=/127.0.0.1:33277,r=/127.0.0.1:47704,OPEN,fill=FI,flush=-,to=40/30000}=>HttpConnection@2a64687a[p=HttpParser{s=START,0 of -1},g=HttpGenerator@709d2091{s=START}]=>HttpChannelOverHttp@2522d09c{s=HttpChannelState@6605e24{s=IDLE rs=BLOCKING os=OPEN is=IDLE awp=false se=false i=true al=0},r=0,c=false/false,a=IDLE,uri=null,age=0}
02:10:03.245 [qtp399373008-57] DEBUG org.eclipse.jetty.io.ChannelEndPoint - task CEP:SocketChannelEndPoint@14fcc7ac{l=/127.0.0.1:33277,r=/127.0.0.1:47704,OPEN,fill=FI,flush=-,to=40/30000}{io=1/0,kio=1,kro=1}->SslConnection@1d6417fe{NEED_UNWRAP,eio=-1/-1,di=-1,fill=INTERESTED,flush=IDLE}~>DecryptedEndPoint@74d338e3{l=/127.0.0.1:33277,r=/127.0.0.1:47704,OPEN,fill=FI,flush=-,to=40/30000}=>HttpConnection@2a64687a[p=HttpParser{s=START,0 of -1},g=HttpGenerator@709d2091{s=START}]=>HttpChannelOverHttp@2522d09c{s=HttpChannelState@6605e24{s=IDLE rs=BLOCKING os=OPEN is=IDLE awp=false se=false i=true al=0},r=0,c=false/false,a=IDLE,uri=null,age=0}:runFillable:BLOCKING
02:10:03.245 [qtp399373008-57] DEBUG org.eclipse.jetty.util.thread.ReservedThreadExecutor - ReservedThreadExecutor@424fd310{reserved=2/8,pending=0} tryExecute EatWhatYouKill@f478a81/SelectorProducer@19553973/PRODUCING/p=false/QueuedThreadPool[qtp399373008]@17cdf2d0{STARTED,8<=8<=200,i=1,r=-1,q=0}[ReservedThreadExecutor@424fd310{reserved=2/8,pending=0}][pc=0,pic=0,pec=0,epc=2]@2024-05-02T02:10:03.245+01:00
02:10:03.245 [qtp399373008-57] DEBUG org.eclipse.jetty.util.thread.strategy.EatWhatYouKill - EatWhatYouKill@f478a81/SelectorProducer@19553973/IDLE/p=true/QueuedThreadPool[qtp399373008]@17cdf2d0{STARTED,8<=8<=200,i=1,r=-1,q=0}[ReservedThreadExecutor@424fd310{reserved=1/8,pending=0}][pc=0,pic=0,pec=0,epc=2]@2024-05-02T02:10:03.245+01:00 m=EXECUTE_PRODUCE_CONSUME t=CEP:SocketChannelEndPoint@14fcc7ac{l=/127.0.0.1:33277,r=/127.0.0.1:47704,OPEN,fill=FI,flush=-,to=40/30000}{io=1/0,kio=1,kro=1}->SslConnection@1d6417fe{NEED_UNWRAP,eio=-1/-1,di=-1,fill=INTERESTED,flush=IDLE}~>DecryptedEndPoint@74d338e3{l=/127.0.0.1:33277,r=/127.0.0.1:47704,OPEN,fill=FI,flush=-,to=40/30000}=>HttpConnection@2a64687a[p=HttpParser{s=START,0 of -1},g=HttpGenerator@709d2091{s=START}]=>HttpChannelOverHttp@2522d09c{s=HttpChannelState@6605e24{s=IDLE rs=BLOCKING os=OPEN is=IDLE awp=false se=false i=true al=0},r=0,c=false/false,a=IDLE,uri=null,age=0}:runFillable:BLOCKING/BLOCKING
02:10:03.245 [qtp399373008-62] DEBUG org.eclipse.jetty.util.thread.ReservedThreadExecutor - ReservedThread@60af7bcf{RESERVED,thread=Thread[qtp399373008-62,5,main]} task=EatWhatYouKill@f478a81/SelectorProducer@19553973/IDLE/p=true/QueuedThreadPool[qtp399373008]@17cdf2d0{STARTED,8<=8<=200,i=1,r=-1,q=0}[ReservedThreadExecutor@424fd310{reserved=1/8,pending=0}][pc=0,pic=0,pec=0,epc=2]@2024-05-02T02:10:03.245+01:00 ReservedThreadExecutor@424fd310{reserved=1/8,pending=0}
02:10:03.245 [qtp399373008-57] DEBUG org.eclipse.jetty.io.FillInterest - fillable FillInterest@6f08b8c7{SSLC.NBReadCB@1d6417fe{SslConnection@1d6417fe::SocketChannelEndPoint@14fcc7ac{l=/127.0.0.1:33277,r=/127.0.0.1:47704,OPEN,fill=FI,flush=-,to=40/30000}{io=1/0,kio=1,kro=1}->SslConnection@1d6417fe{NEED_UNWRAP,eio=-1/-1,di=-1,fill=INTERESTED,flush=IDLE}~>DecryptedEndPoint@74d338e3{l=/127.0.0.1:33277,r=/127.0.0.1:47704,OPEN,fill=FI,flush=-,to=40/30000}=>HttpConnection@2a64687a[p=HttpParser{s=START,0 of -1},g=HttpGenerator@709d2091{s=START}]=>HttpChannelOverHttp@2522d09c{s=HttpChannelState@6605e24{s=IDLE rs=BLOCKING os=OPEN is=IDLE awp=false se=false i=true al=0},r=0,c=false/false,a=IDLE,uri=null,age=0}}}
02:10:03.245 [qtp399373008-57] DEBUG org.eclipse.jetty.io.ssl.SslConnection - >c.onFillable SslConnection@1d6417fe::SocketChannelEndPoint@14fcc7ac{l=/127.0.0.1:33277,r=/127.0.0.1:47704,OPEN,fill=-,flush=-,to=40/30000}{io=1/0,kio=1,kro=1}->SslConnection@1d6417fe{NEED_UNWRAP,eio=-1/-1,di=-1,fill=INTERESTED,flush=IDLE}~>DecryptedEndPoint@74d338e3{l=/127.0.0.1:33277,r=/127.0.0.1:47704,OPEN,fill=FI,flush=-,to=40/30000}=>HttpConnection@2a64687a[p=HttpParser{s=START,0 of -1},g=HttpGenerator@709d2091{s=START}]=>HttpChannelOverHttp@2522d09c{s=HttpChannelState@6605e24{s=IDLE rs=BLOCKING os=OPEN is=IDLE awp=false se=false i=true al=0},r=0,c=false/false,a=IDLE,uri=null,age=0}
02:10:03.245 [qtp399373008-62] DEBUG org.eclipse.jetty.util.thread.strategy.EatWhatYouKill - EatWhatYouKill@f478a81/SelectorProducer@19553973/IDLE/p=true/QueuedThreadPool[qtp399373008]@17cdf2d0{STARTED,8<=8<=200,i=1,r=-1,q=0}[ReservedThreadExecutor@424fd310{reserved=1/8,pending=0}][pc=0,pic=0,pec=0,epc=3]@2024-05-02T02:10:03.245+01:00 tryProduce true
02:10:03.245 [qtp399373008-62] DEBUG org.eclipse.jetty.io.ManagedSelector - updateable 0
02:10:03.245 [qtp399373008-62] DEBUG org.eclipse.jetty.io.ManagedSelector - updates 0
02:10:03.245 [qtp399373008-57] DEBUG org.eclipse.jetty.io.ssl.SslConnection - onFillable SslConnection@1d6417fe::SocketChannelEndPoint@14fcc7ac{l=/127.0.0.1:33277,r=/127.0.0.1:47704,OPEN,fill=-,flush=-,to=40/30000}{io=1/0,kio=1,kro=1}->SslConnection@1d6417fe{NEED_UNWRAP,eio=-1/-1,di=-1,fill=INTERESTED,flush=IDLE}~>DecryptedEndPoint@74d338e3{l=/127.0.0.1:33277,r=/127.0.0.1:47704,OPEN,fill=FI,flush=-,to=40/30000}=>HttpConnection@2a64687a[p=HttpParser{s=START,0 of -1},g=HttpGenerator@709d2091{s=START}]=>HttpChannelOverHttp@2522d09c{s=HttpChannelState@6605e24{s=IDLE rs=BLOCKING os=OPEN is=IDLE awp=false se=false i=true al=0},r=0,c=false/false,a=IDLE,uri=null,age=0}
02:10:03.245 [qtp399373008-57] DEBUG org.eclipse.jetty.io.FillInterest - fillable FillInterest@79b3a140{AC.ReadCB@2a64687a{HttpConnection@2a64687a::DecryptedEndPoint@74d338e3{l=/127.0.0.1:33277,r=/127.0.0.1:47704,OPEN,fill=FI,flush=-,to=40/30000}}}
02:10:03.245 [qtp399373008-57] DEBUG org.eclipse.jetty.server.HttpConnection - HttpConnection@2a64687a::DecryptedEndPoint@74d338e3{l=/127.0.0.1:33277,r=/127.0.0.1:47704,OPEN,fill=-,flush=-,to=40/30000} onFillable enter HttpChannelState@6605e24{s=IDLE rs=BLOCKING os=OPEN is=IDLE awp=false se=false i=true al=0} null
02:10:03.245 [qtp399373008-62] DEBUG org.eclipse.jetty.io.ChannelEndPoint - Key interests updated 1 -> 0 on SocketChannelEndPoint@14fcc7ac{l=/127.0.0.1:33277,r=/127.0.0.1:47704,OPEN,fill=-,flush=-,to=40/30000}{io=0/0,kio=0,kro=1}->SslConnection@1d6417fe{NEED_UNWRAP,eio=-1/-1,di=-1,fill=IDLE,flush=IDLE}~>DecryptedEndPoint@74d338e3{l=/127.0.0.1:33277,r=/127.0.0.1:47704,OPEN,fill=-,flush=-,to=40/30000}=>HttpConnection@2a64687a[p=HttpParser{s=START,0 of -1},g=HttpGenerator@709d2091{s=START}]=>HttpChannelOverHttp@2522d09c{s=HttpChannelState@6605e24{s=IDLE rs=BLOCKING os=OPEN is=IDLE awp=false se=false i=true al=0},r=0,c=false/false,a=IDLE,uri=null,age=0}
02:10:03.245 [qtp399373008-57] DEBUG org.eclipse.jetty.io.ssl.SslConnection - >fill SslConnection@1d6417fe::SocketChannelEndPoint@14fcc7ac{l=/127.0.0.1:33277,r=/127.0.0.1:47704,OPEN,fill=-,flush=-,to=40/30000}{io=0/0,kio=0,kro=1}->SslConnection@1d6417fe{NEED_UNWRAP,eio=-1/-1,di=-1,fill=IDLE,flush=IDLE}~>DecryptedEndPoint@74d338e3{l=/127.0.0.1:33277,r=/127.0.0.1:47704,OPEN,fill=-,flush=-,to=40/30000}=>HttpConnection@2a64687a[p=HttpParser{s=START,0 of -1},g=HttpGenerator@709d2091{s=START}]=>HttpChannelOverHttp@2522d09c{s=HttpChannelState@6605e24{s=IDLE rs=BLOCKING os=OPEN is=IDLE awp=false se=false i=true al=0},r=0,c=false/false,a=IDLE,uri=null,age=0}
02:10:03.245 [qtp399373008-57] DEBUG org.eclipse.jetty.io.ssl.SslConnection - fill NEED_UNWRAP
02:10:03.245 [qtp399373008-62] DEBUG org.eclipse.jetty.io.ManagedSelector - Selector sun.nio.ch.EPollSelectorImpl@9718d65 waiting with 1 keys
02:10:03.246 [qtp399373008-57] DEBUG org.eclipse.jetty.io.ChannelEndPoint - filled 1491 HeapByteBuffer@30c33a9d[p=0,l=1491,c=17408,r=1491]={<<<\x17\x03\x03\x03\xAd\xCcS\xFec\x0f\xAd\xE4\x0cN\xE6\x07aO=q"\x8bo\xA7\xF7...\x1a\xDc\x01P\xD3\xF3}qm\xA4\xD0\x12\xA4\x0f\xCf\xE2.RT\xBa\xEd$0>>>I_8e\x0e\xA0\xAe\x0e\xAf...\x00\x00\x00\x00\x00\x00\x00}
02:10:03.246 [qtp399373008-57] DEBUG org.eclipse.jetty.io.ssl.SslConnection - net filled=1491
02:10:03.246 [qtp399373008-57] DEBUG org.eclipse.jetty.io.ssl.SslConnection - unwrap net_filled=1491 Status = OK HandshakeStatus = NEED_TASK bytesConsumed = 946 bytesProduced = 0 encryptedBuffer=[p=946,l=1491,c=17408,r=545] unwrapBuffer=HeapByteBuffer@ecff91a[p=0,l=0,c=17408,r=0]={<<<>>>\x14\x03\x03\x00\x01\x01\xB3q\xD2...\x00\x00\x00\x00\x00\x00\x00} appBuffer=HeapByteBuffer@ecff91a[p=0,l=0,c=17408,r=0]={<<<>>>\x14\x03\x03\x00\x01\x01\xB3q\xD2...\x00\x00\x00\x00\x00\x00\x00}
02:10:03.246 [qtp399373008-57] DEBUG org.eclipse.jetty.io.ssl.SslConnection - fill NEED_TASK
02:10:03.246 [qtp399373008-57] DEBUG org.eclipse.jetty.io.ssl.SslConnection - fill NEED_UNWRAP
02:10:03.246 [qtp399373008-57] DEBUG org.eclipse.jetty.io.ChannelEndPoint - filled 0 HeapByteBuffer@30c33a9d[p=946,l=1491,c=17408,r=545]={\x17\x03\x03\x03\xAd\x0b\x00\x03\x88...\xB9\xFd\xA0i&\xDaW<<<\x17\x03\x03\x01)\x07\xA8\xE0\x8f\xD3\xD2s\xCb\xAa\x1aGmx]\x1a\xC4\x8c\x88\x90\x89...\x1a\xDc\x01P\xD3\xF3}qm\xA4\xD0\x12\xA4\x0f\xCf\xE2.RT\xBa\xEd$0>>>I_8e\x0e\xA0\xAe\x0e\xAf...\x00\x00\x00\x00\x00\x00\x00}
02:10:03.246 [qtp399373008-57] DEBUG org.eclipse.jetty.io.ssl.SslConnection - net filled=0
02:10:03.246 [qtp399373008-57] DEBUG org.eclipse.jetty.io.ssl.SslConnection - unwrap net_filled=0 Status = OK HandshakeStatus = NEED_TASK bytesConsumed = 302 bytesProduced = 0 encryptedBuffer=[p=1248,l=1491,c=17408,r=243] unwrapBuffer=HeapByteBuffer@ecff91a[p=0,l=0,c=17408,r=0]={<<<>>>\x14\x03\x03\x00\x01\x01\xB3q\xD2...\x00\x00\x00\x00\x00\x00\x00} appBuffer=HeapByteBuffer@ecff91a[p=0,l=0,c=17408,r=0]={<<<>>>\x14\x03\x03\x00\x01\x01\xB3q\xD2...\x00\x00\x00\x00\x00\x00\x00}
02:10:03.246 [qtp399373008-57] DEBUG org.eclipse.jetty.io.ssl.SslConnection - fill NEED_TASK
02:10:03.246 [qtp399373008-57] DEBUG org.eclipse.jetty.io.ssl.SslConnection - fill NEED_UNWRAP
02:10:03.247 [qtp399373008-57] DEBUG org.eclipse.jetty.io.ChannelEndPoint - filled 0 HeapByteBuffer@30c33a9d[p=1248,l=1491,c=17408,r=243]={\x17\x03\x03\x03\xAd\x0b\x00\x03\x88...\x90hz\xBf\xAb\x95D<<<\x17\x03\x03\x00U=\xC7 \x80*\xD2\xAf\r_\xC45W\xAa\n\x87D\x14\x9a\xF8\xB6...\x1a\xDc\x01P\xD3\xF3}qm\xA4\xD0\x12\xA4\x0f\xCf\xE2.RT\xBa\xEd$0>>>I_8e\x0e\xA0\xAe\x0e\xAf...\x00\x00\x00\x00\x00\x00\x00}
02:10:03.247 [qtp399373008-57] DEBUG org.eclipse.jetty.io.ssl.SslConnection - net filled=0
02:10:03.247 [qtp399373008-57] DEBUG org.eclipse.jetty.io.ssl.SslConnection - unwrap net_filled=0 Status = OK HandshakeStatus = NEED_WRAP bytesConsumed = 90 bytesProduced = 0 encryptedBuffer=[p=1338,l=1491,c=17408,r=153] unwrapBuffer=HeapByteBuffer@ecff91a[p=0,l=0,c=17408,r=0]={<<<>>>\x14\x03\x03\x00\x01\x01\xB3q\xD2...\x00\x00\x00\x00\x00\x00\x00} appBuffer=HeapByteBuffer@ecff91a[p=0,l=0,c=17408,r=0]={<<<>>>\x14\x03\x03\x00\x01\x01\xB3q\xD2...\x00\x00\x00\x00\x00\x00\x00}
02:10:03.247 [qtp399373008-57] DEBUG org.eclipse.jetty.io.ssl.SslConnection - fill NEED_WRAP
02:10:03.247 [qtp399373008-57] DEBUG org.eclipse.jetty.io.ssl.SslConnection - >flush SslConnection@1d6417fe::SocketChannelEndPoint@14fcc7ac{l=/127.0.0.1:33277,r=/127.0.0.1:47704,OPEN,fill=-,flush=-,to=1/30000}{io=0/0,kio=0,kro=1}->SslConnection@1d6417fe{NEED_WRAP,eio=153/-1,di=-1,fill=IDLE,flush=IDLE}~>DecryptedEndPoint@74d338e3{l=/127.0.0.1:33277,r=/127.0.0.1:47704,OPEN,fill=-,flush=-,to=42/30000}=>HttpConnection@2a64687a[p=HttpParser{s=START,0 of -1},g=HttpGenerator@709d2091{s=START}]=>HttpChannelOverHttp@2522d09c{s=HttpChannelState@6605e24{s=IDLE rs=BLOCKING os=OPEN is=IDLE awp=false se=false i=true al=0},r=0,c=false/false,a=IDLE,uri=null,age=0}
02:10:03.247 [qtp399373008-57] DEBUG org.eclipse.jetty.io.ssl.SslConnection - flush b[0]=HeapByteBuffer@58b1a525[p=0,l=0,c=0,r=0]={<<<>>>}
02:10:03.247 [qtp399373008-57] DEBUG org.eclipse.jetty.io.ssl.SslConnection - flush NEED_WRAP
02:10:03.247 [qtp399373008-57] DEBUG org.eclipse.jetty.io.ssl.SslConnection - wrap Status = OK HandshakeStatus = FINISHED bytesConsumed = 0 bytesProduced = 88 [p=0,l=88,c=17408,r=88] ioDone=false/false
02:10:03.248 [qtp399373008-57] DEBUG org.eclipse.jetty.io.ChannelEndPoint - flushed 88 SocketChannelEndPoint@14fcc7ac{l=/127.0.0.1:33277,r=/127.0.0.1:47704,OPEN,fill=-,flush=-,to=2/30000}{io=0/0,kio=0,kro=1}->SslConnection@1d6417fe{NOT_HANDSHAKING,eio=153/0,di=-1,fill=IDLE,flush=IDLE}~>DecryptedEndPoint@74d338e3{l=/127.0.0.1:33277,r=/127.0.0.1:47704,OPEN,fill=-,flush=-,to=43/30000}=>HttpConnection@2a64687a[p=HttpParser{s=START,0 of -1},g=HttpGenerator@709d2091{s=START}]=>HttpChannelOverHttp@2522d09c{s=HttpChannelState@6605e24{s=IDLE rs=BLOCKING os=OPEN is=IDLE awp=false se=false i=true al=0},r=0,c=false/false,a=IDLE,uri=null,age=0}
02:10:03.248 [qtp399373008-57] DEBUG org.eclipse.jetty.io.ssl.SslConnection - net flushed=true, ac=true
02:10:03.248 [qtp399373008-57] DEBUG org.eclipse.jetty.io.ssl.SslConnection - handshake succeeded SslConnection@1d6417fe::SocketChannelEndPoint@14fcc7ac{l=/127.0.0.1:33277,r=/127.0.0.1:47704,OPEN,fill=-,flush=-,to=0/30000}{io=0/0,kio=0,kro=1}->SslConnection@1d6417fe{NOT_HANDSHAKING,eio=153/0,di=-1,fill=IDLE,flush=IDLE}~>DecryptedEndPoint@74d338e3{l=/127.0.0.1:33277,r=/127.0.0.1:47704,OPEN,fill=-,flush=-,to=43/30000}=>HttpConnection@2a64687a[p=HttpParser{s=START,0 of -1},g=HttpGenerator@709d2091{s=START}]=>HttpChannelOverHttp@2522d09c{s=HttpChannelState@6605e24{s=IDLE rs=BLOCKING os=OPEN is=IDLE awp=false se=false i=true al=0},r=0,c=false/false,a=IDLE,uri=null,age=0} resumed server TLSv1.3/TLS_AES_256_GCM_SHA384
02:10:03.248 [qtp399373008-57] DEBUG org.eclipse.jetty.io.ssl.SslConnection - <flush true SslConnection@1d6417fe::SocketChannelEndPoint@14fcc7ac{l=/127.0.0.1:33277,r=/127.0.0.1:47704,OPEN,fill=-,flush=-,to=0/30000}{io=0/0,kio=0,kro=1}->SslConnection@1d6417fe{NOT_HANDSHAKING,eio=153/-1,di=-1,fill=IDLE,flush=IDLE}~>DecryptedEndPoint@74d338e3{l=/127.0.0.1:33277,r=/127.0.0.1:47704,OPEN,fill=-,flush=-,to=43/30000}=>HttpConnection@2a64687a[p=HttpParser{s=START,0 of -1},g=HttpGenerator@709d2091{s=START}]=>HttpChannelOverHttp@2522d09c{s=HttpChannelState@6605e24{s=IDLE rs=BLOCKING os=OPEN is=IDLE awp=false se=false i=true al=0},r=0,c=false/false,a=IDLE,uri=null,age=0}
02:10:03.248 [qtp399373008-57] DEBUG org.eclipse.jetty.io.ssl.SslConnection - fill NOT_HANDSHAKING
02:10:03.248 [qtp399373008-57] DEBUG org.eclipse.jetty.io.ChannelEndPoint - filled 0 HeapByteBuffer@30c33a9d[p=1338,l=1491,c=17408,r=153]={\x17\x03\x03\x03\xAd\x0b\x00\x03\x88...\x9b\xEe\xE8\x02\xCeK\xF0<<<\x17\x03\x03\x00\x94\x9e\xC1\xB3.\x80\x19\xAa;\x03\xB0[\xDe<\n\x11\xE6\x12\xAb\xCc\xC0...\x1a\xDc\x01P\xD3\xF3}qm\xA4\xD0\x12\xA4\x0f\xCf\xE2.RT\xBa\xEd$0>>>I_8e\x0e\xA0\xAe\x0e\xAf...\x00\x00\x00\x00\x00\x00\x00}
02:10:03.248 [qtp399373008-57] DEBUG org.eclipse.jetty.io.ssl.SslConnection - net filled=0
02:10:03.248 [qtp399373008-57] DEBUG org.eclipse.jetty.io.ssl.SslConnection - unwrap net_filled=0 Status = OK HandshakeStatus = NOT_HANDSHAKING bytesConsumed = 153 bytesProduced = 115 encryptedBuffer=[p=1491,l=1491,c=17408,r=0] unwrapBuffer=HeapByteBuffer@ecff91a[p=0,l=115,c=17408,r=115]={<<<GET / HTTP/1.1\r\nHost: loc...gent: okhttp/3.12.3\r\n\r\n>>>\xBf\x9f\x97\xBbK\xEey1x...\x00\x00\x00\x00\x00\x00\x00} appBuffer=HeapByteBuffer@ecff91a[p=0,l=115,c=17408,r=115]={<<<GET / HTTP/1.1\r\nHost: loc...gent: okhttp/3.12.3\r\n\r\n>>>\xBf\x9f\x97\xBbK\xEey1x...\x00\x00\x00\x00\x00\x00\x00}
02:10:03.248 [qtp399373008-57] DEBUG org.eclipse.jetty.io.ssl.SslConnection - <fill f=115 uf=false SslConnection@1d6417fe::SocketChannelEndPoint@14fcc7ac{l=/127.0.0.1:33277,r=/127.0.0.1:47704,OPEN,fill=-,flush=-,to=0/30000}{io=0/0,kio=0,kro=1}->SslConnection@1d6417fe{NOT_HANDSHAKING,eio=-1/-1,di=-1,fill=IDLE,flush=IDLE}~>DecryptedEndPoint@74d338e3{l=/127.0.0.1:33277,r=/127.0.0.1:47704,OPEN,fill=-,flush=-,to=43/30000}=>HttpConnection@2a64687a[p=HttpParser{s=START,0 of -1},g=HttpGenerator@709d2091{s=START}]=>HttpChannelOverHttp@2522d09c{s=HttpChannelState@6605e24{s=IDLE rs=BLOCKING os=OPEN is=IDLE awp=false se=false i=true al=0},r=0,c=false/false,a=IDLE,uri=null,age=0}
02:10:03.248 [qtp399373008-57] DEBUG org.eclipse.jetty.server.HttpConnection - HttpConnection@2a64687a::DecryptedEndPoint@74d338e3{l=/127.0.0.1:33277,r=/127.0.0.1:47704,OPEN,fill=-,flush=-,to=44/30000} filled 115 HeapByteBuffer@ecff91a[p=0,l=115,c=17408,r=115]={<<<GET / HTTP/1.1\r\nHost: loc...gent: okhttp/3.12.3\r\n\r\n>>>\xBf\x9f\x97\xBbK\xEey1x...\x00\x00\x00\x00\x00\x00\x00}
02:10:03.249 [qtp399373008-57] DEBUG org.eclipse.jetty.server.HttpConnection - HttpConnection@2a64687a::DecryptedEndPoint@74d338e3{l=/127.0.0.1:33277,r=/127.0.0.1:47704,OPEN,fill=-,flush=-,to=44/30000} parse HeapByteBuffer@ecff91a[p=0,l=115,c=17408,r=115]={<<<GET / HTTP/1.1\r\nHost: loc...gent: okhttp/3.12.3\r\n\r\n>>>\xBf\x9f\x97\xBbK\xEey1x...\x00\x00\x00\x00\x00\x00\x00} {}
02:10:03.249 [qtp399373008-57] DEBUG org.eclipse.jetty.http.HttpParser - parseNext s=START HeapByteBuffer@ecff91a[p=0,l=115,c=17408,r=115]={<<<GET / HTTP/1.1\r\nHost: loc...gent: okhttp/3.12.3\r\n\r\n>>>\xBf\x9f\x97\xBbK\xEey1x...\x00\x00\x00\x00\x00\x00\x00}
02:10:03.249 [qtp399373008-57] DEBUG org.eclipse.jetty.http.HttpParser - START --> SPACE1
02:10:03.249 [qtp399373008-57] DEBUG org.eclipse.jetty.http.HttpParser - SPACE1 --> URI
02:10:03.249 [qtp399373008-57] DEBUG org.eclipse.jetty.http.HttpParser - URI --> SPACE2
02:10:03.249 [qtp399373008-57] DEBUG org.eclipse.jetty.http.HttpParser - SPACE2 --> REQUEST_VERSION
02:10:03.249 [qtp399373008-57] DEBUG org.eclipse.jetty.http.HttpParser - REQUEST_VERSION --> HEADER
02:10:03.249 [qtp399373008-57] DEBUG org.eclipse.jetty.http.HttpParser - HEADER:Host --> VALUE
02:10:03.249 [qtp399373008-57] DEBUG org.eclipse.jetty.http.HttpParser - HEADER:Host --> IN_VALUE
02:10:03.249 [qtp399373008-57] DEBUG org.eclipse.jetty.http.HttpParser - HEADER:Host --> FIELD
02:10:03.249 [qtp399373008-57] DEBUG org.eclipse.jetty.http.HttpParser - HEADER:Connection: keep-alive --> IN_VALUE
02:10:03.249 [qtp399373008-57] DEBUG org.eclipse.jetty.http.HttpParser - HEADER:Connection: keep-alive --> FIELD
02:10:03.249 [qtp399373008-57] DEBUG org.eclipse.jetty.http.HttpParser - HEADER:Accept-Encoding: gzip --> IN_VALUE
02:10:03.249 [qtp399373008-57] DEBUG org.eclipse.jetty.http.HttpParser - HEADER:Accept-Encoding: gzip --> FIELD
02:10:03.249 [qtp399373008-57] DEBUG org.eclipse.jetty.http.HttpParser - HEADER:User-Agent --> VALUE
02:10:03.249 [qtp399373008-57] DEBUG org.eclipse.jetty.http.HttpParser - HEADER:User-Agent --> IN_VALUE
02:10:03.249 [qtp399373008-57] DEBUG org.eclipse.jetty.http.HttpParser - HEADER:User-Agent --> FIELD
02:10:03.249 [qtp399373008-57] DEBUG org.eclipse.jetty.http.HttpParser - HEADER --> CONTENT
02:10:03.249 [qtp399373008-57] DEBUG org.eclipse.jetty.server.HttpChannel - REQUEST for //localhost:33277/ on HttpChannelOverHttp@2522d09c{s=HttpChannelState@6605e24{s=IDLE rs=BLOCKING os=OPEN is=IDLE awp=false se=false i=true al=0},r=1,c=false/false,a=IDLE,uri=//localhost:33277/,age=0}
GET //localhost:33277/ HTTP/1.1
Host: localhost:33277
Connection: keep-alive
Accept-Encoding: gzip
User-Agent: okhttp/3.12.3


02:10:03.249 [qtp399373008-57] DEBUG org.eclipse.jetty.server.HttpConnection - HttpConnection@2a64687a::DecryptedEndPoint@74d338e3{l=/127.0.0.1:33277,r=/127.0.0.1:47704,OPEN,fill=-,flush=-,to=44/30000} parsed true HttpParser{s=CONTENT,0 of -1}
02:10:03.249 [qtp399373008-57] DEBUG org.eclipse.jetty.server.HttpConnection - releaseRequestBuffer HttpConnection@2a64687a::DecryptedEndPoint@74d338e3{l=/127.0.0.1:33277,r=/127.0.0.1:47704,OPEN,fill=-,flush=-,to=44/30000}
02:10:03.249 [qtp399373008-57] DEBUG org.eclipse.jetty.server.HttpChannel - handle //localhost:33277/ HttpChannelOverHttp@2522d09c{s=HttpChannelState@6605e24{s=IDLE rs=BLOCKING os=OPEN is=IDLE awp=false se=false i=true al=0},r=1,c=false/false,a=IDLE,uri=//localhost:33277/,age=0} 
02:10:03.249 [qtp399373008-57] DEBUG org.eclipse.jetty.server.HttpChannelState - handling HttpChannelState@6605e24{s=IDLE rs=BLOCKING os=OPEN is=IDLE awp=false se=false i=true al=0}
02:10:03.249 [qtp399373008-57] DEBUG org.eclipse.jetty.server.HttpChannel - action DISPATCH HttpChannelOverHttp@2522d09c{s=HttpChannelState@6605e24{s=HANDLING rs=BLOCKING os=OPEN is=IDLE awp=false se=false i=true al=0},r=1,c=false/false,a=HANDLING,uri=//localhost:33277/,age=0}
02:10:03.249 [qtp399373008-57] DEBUG org.eclipse.jetty.server.SecureRequestCustomizer - Host localhost with SNI null
02:10:03.249 [qtp399373008-57] DEBUG org.eclipse.jetty.server.Server - REQUEST GET / on HttpChannelOverHttp@2522d09c{s=HttpChannelState@6605e24{s=HANDLING rs=BLOCKING os=OPEN is=IDLE awp=false se=false i=true al=0},r=1,c=false/false,a=HANDLING,uri=https://localhost:33277/,age=0}
02:10:03.249 [qtp399373008-57] DEBUG org.eclipse.jetty.server.HttpOutput - write(array HeapByteBuffer@320269aa[p=0,l=4,c=512,r=4]={<<<test>>>\x00\x00\x00\x00\x00\x00\x00\x00\x00...\x00\x00\x00\x00\x00\x00\x00})
02:10:03.249 [qtp399373008-57] DEBUG org.eclipse.jetty.server.HttpOutput - write(array) s=CLOSING,api=BLOCKED,sc=false,e=null last=true agg=false flush=true async=false, len=4 null
02:10:03.249 [qtp399373008-57] DEBUG org.eclipse.jetty.server.HttpChannel - sendResponse info=null content=HeapByteBuffer@5ee5cd0b[p=0,l=4,c=512,r=4]={<<<test>>>\x00\x00\x00\x00\x00\x00\x00\x00\x00...\x00\x00\x00\x00\x00\x00\x00} complete=true committing=true callback=Blocker@2fff2546{null}
02:10:03.249 [qtp399373008-57] DEBUG org.eclipse.jetty.server.HttpChannel - COMMIT for / on HttpChannelOverHttp@2522d09c{s=HttpChannelState@6605e24{s=HANDLING rs=BLOCKING os=COMMITTED is=IDLE awp=false se=false i=true al=0},r=1,c=false/false,a=HANDLING,uri=https://localhost:33277/,age=0}
200 null HTTP/1.1
Date: Thu, 02 May 2024 01:10:03 GMT
ETag: testEtag
Content-Type: text/plain;charset=utf-8
Content-Length: 4


02:10:03.249 [qtp399373008-57] DEBUG org.eclipse.jetty.server.HttpConnection - generate: NEED_HEADER for SendCallback@398a7f89[PROCESSING][i=HTTP/1.1{s=200,h=4,cl=4},cb=org.eclipse.jetty.server.HttpChannel$SendCallback@18641e2b] (null,[p=0,l=4,c=512,r=4],true)@START
02:10:03.249 [qtp399373008-57] DEBUG org.eclipse.jetty.http.HttpGenerator - generateHeaders HTTP/1.1{s=200,h=4,cl=4} last=true content=HeapByteBuffer@5ee5cd0b[p=0,l=4,c=512,r=4]={<<<test>>>\x00\x00\x00\x00\x00\x00\x00\x00\x00...\x00\x00\x00\x00\x00\x00\x00}
02:10:03.249 [qtp399373008-57] DEBUG org.eclipse.jetty.http.HttpGenerator - Date: Thu, 02 May 2024 01:10:03 GMT
ETag: testEtag
Content-Type: text/plain;charset=utf-8
Content-Length: 4


02:10:03.249 [qtp399373008-57] DEBUG org.eclipse.jetty.http.HttpGenerator - CONTENT_LENGTH
02:10:03.249 [qtp399373008-57] DEBUG org.eclipse.jetty.server.HttpConnection - generate: FLUSH for SendCallback@398a7f89[PROCESSING][i=HTTP/1.1{s=200,h=4,cl=4},cb=org.eclipse.jetty.server.HttpChannel$SendCallback@18641e2b] ([p=0,l=164,c=8192,r=164],[p=0,l=4,c=512,r=4],true)@COMPLETING
02:10:03.250 [qtp399373008-57] DEBUG org.eclipse.jetty.io.WriteFlusher - write: WriteFlusher@681905b9{IDLE}->null [HeapByteBuffer@57345db1[p=0,l=164,c=8192,r=164]={<<<HTTP/1.1 200 OK\r\nDate: Th...y(9.4.44.v20210927)\r\n\r\n>>>\x00\x00\x00\x00\x00\x00\x00\x00\x00...\x00\x00\x00\x00\x00\x00\x00},HeapByteBuffer@5ee5cd0b[p=0,l=4,c=512,r=4]={<<<test>>>\x00\x00\x00\x00\x00\x00\x00\x00\x00...\x00\x00\x00\x00\x00\x00\x00}]
02:10:03.250 [qtp399373008-57] DEBUG org.eclipse.jetty.io.WriteFlusher - update WriteFlusher@681905b9{WRITING}->null:IDLE-->WRITING
02:10:03.250 [qtp399373008-57] DEBUG org.eclipse.jetty.io.ssl.SslConnection - >flush SslConnection@1d6417fe::SocketChannelEndPoint@14fcc7ac{l=/127.0.0.1:33277,r=/127.0.0.1:47704,OPEN,fill=-,flush=-,to=1/30000}{io=0/0,kio=0,kro=1}->SslConnection@1d6417fe{NOT_HANDSHAKING,eio=-1/-1,di=-1,fill=IDLE,flush=IDLE}~>DecryptedEndPoint@74d338e3{l=/127.0.0.1:33277,r=/127.0.0.1:47704,OPEN,fill=-,flush=W,to=45/30000}=>HttpConnection@2a64687a[p=HttpParser{s=CONTENT,0 of -1},g=HttpGenerator@709d2091{s=COMPLETING}]=>HttpChannelOverHttp@2522d09c{s=HttpChannelState@6605e24{s=HANDLING rs=BLOCKING os=COMMITTED is=IDLE awp=false se=false i=true al=0},r=1,c=false/false,a=HANDLING,uri=https://localhost:33277/,age=1}
02:10:03.250 [qtp399373008-57] DEBUG org.eclipse.jetty.io.ssl.SslConnection - flush b[0]=HeapByteBuffer@57345db1[p=0,l=164,c=8192,r=164]={<<<HTTP/1.1 200 OK\r\nDate: Th...y(9.4.44.v20210927)\r\n\r\n>>>\x00\x00\x00\x00\x00\x00\x00\x00\x00...\x00\x00\x00\x00\x00\x00\x00}
02:10:03.250 [qtp399373008-57] DEBUG org.eclipse.jetty.io.ssl.SslConnection - flush b[1]=HeapByteBuffer@5ee5cd0b[p=0,l=4,c=512,r=4]={<<<test>>>\x00\x00\x00\x00\x00\x00\x00\x00\x00...\x00\x00\x00\x00\x00\x00\x00}
02:10:03.250 [qtp399373008-57] DEBUG org.eclipse.jetty.io.ssl.SslConnection - flush NOT_HANDSHAKING
02:10:03.250 [qtp399373008-57] DEBUG org.eclipse.jetty.io.ssl.SslConnection - wrap Status = OK HandshakeStatus = NOT_HANDSHAKING bytesConsumed = 168 bytesProduced = 206 [p=0,l=206,c=17408,r=206] ioDone=false/false
02:10:03.250 [qtp399373008-57] DEBUG org.eclipse.jetty.io.ChannelEndPoint - flushed 206 SocketChannelEndPoint@14fcc7ac{l=/127.0.0.1:33277,r=/127.0.0.1:47704,OPEN,fill=-,flush=-,to=2/30000}{io=0/0,kio=0,kro=1}->SslConnection@1d6417fe{NOT_HANDSHAKING,eio=-1/0,di=-1,fill=IDLE,flush=IDLE}~>DecryptedEndPoint@74d338e3{l=/127.0.0.1:33277,r=/127.0.0.1:47704,OPEN,fill=-,flush=W,to=45/30000}=>HttpConnection@2a64687a[p=HttpParser{s=CONTENT,0 of -1},g=HttpGenerator@709d2091{s=COMPLETING}]=>HttpChannelOverHttp@2522d09c{s=HttpChannelState@6605e24{s=HANDLING rs=BLOCKING os=COMMITTED is=IDLE awp=false se=false i=true al=0},r=1,c=false/false,a=HANDLING,uri=https://localhost:33277/,age=1}
02:10:03.250 [qtp399373008-57] DEBUG org.eclipse.jetty.io.ssl.SslConnection - net flushed=true, ac=true
02:10:03.250 [qtp399373008-57] DEBUG org.eclipse.jetty.io.ssl.SslConnection - <flush true SslConnection@1d6417fe::SocketChannelEndPoint@14fcc7ac{l=/127.0.0.1:33277,r=/127.0.0.1:47704,OPEN,fill=-,flush=-,to=0/30000}{io=0/0,kio=0,kro=1}->SslConnection@1d6417fe{NOT_HANDSHAKING,eio=-1/-1,di=-1,fill=IDLE,flush=IDLE}~>DecryptedEndPoint@74d338e3{l=/127.0.0.1:33277,r=/127.0.0.1:47704,OPEN,fill=-,flush=W,to=45/30000}=>HttpConnection@2a64687a[p=HttpParser{s=CONTENT,0 of -1},g=HttpGenerator@709d2091{s=COMPLETING}]=>HttpChannelOverHttp@2522d09c{s=HttpChannelState@6605e24{s=HANDLING rs=BLOCKING os=COMMITTED is=IDLE awp=false se=false i=true al=0},r=1,c=false/false,a=HANDLING,uri=https://localhost:33277/,age=1}
02:10:03.250 [qtp399373008-57] DEBUG org.eclipse.jetty.io.WriteFlusher - Flushed=true written=168 remaining=0 WriteFlusher@681905b9{WRITING}->null
02:10:03.250 [qtp399373008-57] DEBUG org.eclipse.jetty.io.WriteFlusher - update WriteFlusher@681905b9{IDLE}->null:WRITING-->IDLE
02:10:03.250 [qtp399373008-57] DEBUG org.eclipse.jetty.server.HttpConnection - generate: DONE for SendCallback@398a7f89[PROCESSING][i=HTTP/1.1{s=200,h=4,cl=4},cb=org.eclipse.jetty.server.HttpChannel$SendCallback@18641e2b] ([p=164,l=164,c=8192,r=0],[p=4,l=4,c=512,r=0],true)@END
02:10:03.250 [qtp399373008-57] DEBUG org.eclipse.jetty.server.HttpOutput - onWriteComplete(true,null) s=CLOSING,api=BLOCKED,sc=false,e=null->s=CLOSED,api=BLOCKING,sc=false,e=null c=null cb=null w=false
02:10:03.250 [qtp399373008-57] DEBUG org.eclipse.jetty.server.HttpOutput - close() s=CLOSED,api=BLOCKING,sc=false,e=null c=null b=null
02:10:03.250 [qtp399373008-57] DEBUG org.eclipse.jetty.server.Server - handled=true async=false committed=true on HttpChannelOverHttp@2522d09c{s=HttpChannelState@6605e24{s=HANDLING rs=BLOCKING os=COMPLETED is=IDLE awp=false se=false i=true al=0},r=1,c=false/true,a=HANDLING,uri=https://localhost:33277/,age=1}
02:10:03.250 [qtp399373008-57] DEBUG org.eclipse.jetty.server.HttpChannelState - unhandle HttpChannelState@6605e24{s=HANDLING rs=BLOCKING os=COMPLETED is=IDLE awp=false se=false i=true al=0}
02:10:03.250 [qtp399373008-57] DEBUG org.eclipse.jetty.server.HttpChannelState - nextAction(false) COMPLETE HttpChannelState@6605e24{s=HANDLING rs=COMPLETING os=COMPLETED is=IDLE awp=false se=false i=false al=0}
02:10:03.250 [qtp399373008-57] DEBUG org.eclipse.jetty.server.HttpChannel - action COMPLETE HttpChannelOverHttp@2522d09c{s=HttpChannelState@6605e24{s=HANDLING rs=COMPLETING os=COMPLETED is=IDLE awp=false se=false i=false al=0},r=1,c=false/true,a=HANDLING,uri=https://localhost:33277/,age=1}
02:10:03.250 [main] DEBUG org.apache.nifi.minifi.bootstrap.configuration.ingestors.PullHttpChangeIngestor - Response received: Response{protocol=http/1.1, code=200, message=OK, url=https://localhost:33277/}
02:10:03.250 [qtp399373008-57] DEBUG org.eclipse.jetty.server.HttpOutput - complete(org.eclipse.jetty.util.Callback$3@3e1ad8e9) s=CLOSED,api=BLOCKING,sc=false,e=null s=true e=null, c=null
02:10:03.250 [qtp399373008-57] DEBUG org.eclipse.jetty.server.HttpChannelState - completed HttpChannelState@6605e24{s=HANDLING rs=COMPLETING os=COMPLETED is=IDLE awp=false se=false i=false al=0}
02:10:03.250 [qtp399373008-57] DEBUG org.eclipse.jetty.server.HttpChannelState - unhandle HttpChannelState@6605e24{s=HANDLING rs=COMPLETED os=COMPLETED is=IDLE awp=false se=false i=false al=0}
02:10:03.250 [qtp399373008-57] DEBUG org.eclipse.jetty.server.HttpChannelState - nextAction(false) TERMINATED HttpChannelState@6605e24{s=IDLE rs=COMPLETED os=COMPLETED is=IDLE awp=false se=false i=false al=0}
02:10:03.250 [qtp399373008-57] DEBUG org.eclipse.jetty.server.HttpChannel - action TERMINATED HttpChannelOverHttp@2522d09c{s=HttpChannelState@6605e24{s=IDLE rs=COMPLETED os=COMPLETED is=IDLE awp=false se=false i=false al=0},r=1,c=true/true,a=IDLE,uri=https://localhost:33277/,age=1}
02:10:03.250 [qtp399373008-57] DEBUG org.eclipse.jetty.server.HttpChannel - onCompleted for / written=4
02:10:03.250 [main] DEBUG org.apache.nifi.minifi.bootstrap.configuration.ingestors.PullHttpChangeIngestor - New change received, notifying listener
02:10:03.251 [main] DEBUG org.apache.nifi.minifi.bootstrap.configuration.ingestors.PullHttpChangeIngestor - Listeners notified
02:10:03.251 [qtp399373008-57] DEBUG org.eclipse.jetty.io.ssl.SslConnection - >fill SslConnection@1d6417fe::SocketChannelEndPoint@14fcc7ac{l=/127.0.0.1:33277,r=/127.0.0.1:47704,OPEN,fill=-,flush=-,to=0/30000}{io=0/0,kio=0,kro=1}->SslConnection@1d6417fe{NOT_HANDSHAKING,eio=-1/-1,di=-1,fill=IDLE,flush=IDLE}~>DecryptedEndPoint@74d338e3{l=/127.0.0.1:33277,r=/127.0.0.1:47704,OPEN,fill=-,flush=-,to=46/30000}=>HttpConnection@2a64687a[p=HttpParser{s=CONTENT,0 of -1},g=HttpGenerator@709d2091{s=END}]=>HttpChannelOverHttp@2522d09c{s=HttpChannelState@6605e24{s=IDLE rs=COMPLETED os=COMPLETED is=IDLE awp=false se=false i=false al=0},r=1,c=true/true,a=IDLE,uri=https://localhost:33277/,age=2}
02:10:03.251 [qtp399373008-57] DEBUG org.eclipse.jetty.io.ssl.SslConnection - fill NOT_HANDSHAKING
02:10:03.251 [qtp399373008-57] DEBUG org.eclipse.jetty.io.ChannelEndPoint - filled 0 HeapByteBuffer@ecff91a[p=0,l=0,c=17408,r=0]={<<<>>>GET / HTT...\x00\x00\x00\x00\x00\x00\x00}
02:10:03.251 [qtp399373008-57] DEBUG org.eclipse.jetty.io.ssl.SslConnection - net filled=0
02:10:03.251 [qtp399373008-57] DEBUG org.eclipse.jetty.io.ssl.SslConnection - unwrap net_filled=0 Status = BUFFER_UNDERFLOW HandshakeStatus = NOT_HANDSHAKING bytesConsumed = 0 bytesProduced = 0 encryptedBuffer=[p=0,l=0,c=17408,r=0] unwrapBuffer=HeapByteBuffer@30c33a9d[p=0,l=0,c=17408,r=0]={<<<>>>\x17\x03\x03\x03\xAd\x0b\x00\x03\x88...\x00\x00\x00\x00\x00\x00\x00} appBuffer=HeapByteBuffer@30c33a9d[p=0,l=0,c=17408,r=0]={<<<>>>\x17\x03\x03\x03\xAd\x0b\x00\x03\x88...\x00\x00\x00\x00\x00\x00\x00}
02:10:03.251 [qtp399373008-57] DEBUG org.eclipse.jetty.io.ssl.SslConnection - <fill f=0 uf=true SslConnection@1d6417fe::SocketChannelEndPoint@14fcc7ac{l=/127.0.0.1:33277,r=/127.0.0.1:47704,OPEN,fill=-,flush=-,to=0/30000}{io=0/0,kio=0,kro=1}->SslConnection@1d6417fe{NOT_HANDSHAKING,eio=-1/-1,di=-1,fill=IDLE,flush=IDLE}~>DecryptedEndPoint@74d338e3{l=/127.0.0.1:33277,r=/127.0.0.1:47704,OPEN,fill=-,flush=-,to=46/30000}=>HttpConnection@2a64687a[p=HttpParser{s=CONTENT,0 of -1},g=HttpGenerator@709d2091{s=END}]=>HttpChannelOverHttp@2522d09c{s=HttpChannelState@6605e24{s=IDLE rs=COMPLETED os=COMPLETED is=IDLE awp=false se=false i=false al=0},r=1,c=true/true,a=IDLE,uri=https://localhost:33277/,age=2}
]]></system-out>
  </testcase>
  <testcase name="testUseEtagWithPath" classname="org.apache.nifi.minifi.bootstrap.configuration.ingestors.PullHttpChangeIngestorSSLTest" time="0.07">
    <system-out><![CDATA[02:10:03.251 [qtp399373008-57] DEBUG org.eclipse.jetty.io.ssl.SslConnection - >fill SslConnection@1d6417fe::SocketChannelEndPoint@14fcc7ac{l=/127.0.0.1:33277,r=/127.0.0.1:47704,OPEN,fill=-,flush=-,to=0/30000}{io=0/0,kio=0,kro=1}->SslConnection@1d6417fe{NOT_HANDSHAKING,eio=-1/-1,di=-1,fill=IDLE,flush=IDLE}~>DecryptedEndPoint@74d338e3{l=/127.0.0.1:33277,r=/127.0.0.1:47704,OPEN,fill=-,flush=-,to=46/30000}=>HttpConnection@2a64687a[p=HttpParser{s=CONTENT,0 of -1},g=HttpGenerator@709d2091{s=END}]=>HttpChannelOverHttp@2522d09c{s=HttpChannelState@6605e24{s=IDLE rs=COMPLETED os=COMPLETED is=IDLE awp=false se=false i=false al=0},r=1,c=true/true,a=IDLE,uri=https://localhost:33277/,age=2}
02:10:03.251 [qtp399373008-57] DEBUG org.eclipse.jetty.io.ssl.SslConnection - fill NOT_HANDSHAKING
02:10:03.251 [qtp399373008-57] DEBUG org.eclipse.jetty.io.ChannelEndPoint - filled 0 HeapByteBuffer@816b3[p=0,l=0,c=17408,r=0]={<<<>>>\x17\x03\x03\x00\xC9=\xCf\xD0\xFf...\x00\x00\x00\x00\x00\x00\x00}
02:10:03.251 [qtp399373008-57] DEBUG org.eclipse.jetty.io.ssl.SslConnection - net filled=0
02:10:03.251 [qtp399373008-57] DEBUG org.eclipse.jetty.io.ssl.SslConnection - unwrap net_filled=0 Status = BUFFER_UNDERFLOW HandshakeStatus = NOT_HANDSHAKING bytesConsumed = 0 bytesProduced = 0 encryptedBuffer=[p=0,l=0,c=17408,r=0] unwrapBuffer=HeapByteBuffer@30c33a9d[p=0,l=0,c=17408,r=0]={<<<>>>\x17\x03\x03\x03\xAd\x0b\x00\x03\x88...\x00\x00\x00\x00\x00\x00\x00} appBuffer=HeapByteBuffer@30c33a9d[p=0,l=0,c=17408,r=0]={<<<>>>\x17\x03\x03\x03\xAd\x0b\x00\x03\x88...\x00\x00\x00\x00\x00\x00\x00}
02:10:03.251 [qtp399373008-57] DEBUG org.eclipse.jetty.io.ssl.SslConnection - <fill f=0 uf=true SslConnection@1d6417fe::SocketChannelEndPoint@14fcc7ac{l=/127.0.0.1:33277,r=/127.0.0.1:47704,OPEN,fill=-,flush=-,to=0/30000}{io=0/0,kio=0,kro=1}->SslConnection@1d6417fe{NOT_HANDSHAKING,eio=-1/-1,di=-1,fill=IDLE,flush=IDLE}~>DecryptedEndPoint@74d338e3{l=/127.0.0.1:33277,r=/127.0.0.1:47704,OPEN,fill=-,flush=-,to=46/30000}=>HttpConnection@2a64687a[p=HttpParser{s=CONTENT,0 of -1},g=HttpGenerator@709d2091{s=END}]=>HttpChannelOverHttp@2522d09c{s=HttpChannelState@6605e24{s=IDLE rs=COMPLETED os=COMPLETED is=IDLE awp=false se=false i=false al=0},r=1,c=true/true,a=IDLE,uri=https://localhost:33277/,age=2}
02:10:03.251 [qtp399373008-57] DEBUG org.eclipse.jetty.server.HttpConnection - HttpConnection@2a64687a::DecryptedEndPoint@74d338e3{l=/127.0.0.1:33277,r=/127.0.0.1:47704,OPEN,fill=-,flush=-,to=46/30000} filled 0 HeapByteBuffer@30c33a9d[p=0,l=0,c=17408,r=0]={<<<>>>\x17\x03\x03\x03\xAd\x0b\x00\x03\x88...\x00\x00\x00\x00\x00\x00\x00}
02:10:03.251 [qtp399373008-57] DEBUG org.eclipse.jetty.server.HttpConnection - HttpConnection@2a64687a::DecryptedEndPoint@74d338e3{l=/127.0.0.1:33277,r=/127.0.0.1:47704,OPEN,fill=-,flush=-,to=46/30000} parse HeapByteBuffer@30c33a9d[p=0,l=0,c=17408,r=0]={<<<>>>\x17\x03\x03\x03\xAd\x0b\x00\x03\x88...\x00\x00\x00\x00\x00\x00\x00} {}
02:10:03.251 [qtp399373008-57] DEBUG org.eclipse.jetty.http.HttpParser - parseNext s=CONTENT HeapByteBuffer@30c33a9d[p=0,l=0,c=17408,r=0]={<<<>>>\x17\x03\x03\x03\xAd\x0b\x00\x03\x88...\x00\x00\x00\x00\x00\x00\x00}
02:10:03.251 [qtp399373008-57] DEBUG org.eclipse.jetty.http.HttpParser - CONTENT --> CONTENT_END
02:10:03.251 [qtp399373008-57] DEBUG org.eclipse.jetty.server.HttpChannel - onContentComplete HttpChannelOverHttp@2522d09c{s=HttpChannelState@6605e24{s=IDLE rs=COMPLETED os=COMPLETED is=IDLE awp=false se=false i=false al=0},r=1,c=true/true,a=IDLE,uri=https://localhost:33277/,age=2}
02:10:03.251 [qtp399373008-57] DEBUG org.eclipse.jetty.http.HttpParser - CONTENT_END --> END
02:10:03.251 [qtp399373008-57] DEBUG org.eclipse.jetty.server.HttpChannel - onRequestComplete HttpChannelOverHttp@2522d09c{s=HttpChannelState@6605e24{s=IDLE rs=COMPLETED os=COMPLETED is=IDLE awp=false se=false i=false al=0},r=1,c=true/true,a=IDLE,uri=https://localhost:33277/,age=2}
02:10:03.251 [qtp399373008-57] DEBUG org.eclipse.jetty.server.HttpInput - HttpInputOverHTTP@54869e94[c=0,q=0,[0]=null,s=STREAM] addContent EOF
02:10:03.251 [qtp399373008-57] DEBUG org.eclipse.jetty.server.HttpConnection - HttpConnection@2a64687a::DecryptedEndPoint@74d338e3{l=/127.0.0.1:33277,r=/127.0.0.1:47704,OPEN,fill=-,flush=-,to=46/30000} parsed false HttpParser{s=END,0 of -1}
02:10:03.251 [qtp399373008-57] DEBUG org.eclipse.jetty.server.HttpConnection - releaseRequestBuffer HttpConnection@2a64687a::DecryptedEndPoint@74d338e3{l=/127.0.0.1:33277,r=/127.0.0.1:47704,OPEN,fill=-,flush=-,to=46/30000}
02:10:03.251 [qtp399373008-57] DEBUG org.eclipse.jetty.server.HttpChannelState - recycle HttpChannelState@6605e24{s=IDLE rs=COMPLETED os=COMPLETED is=IDLE awp=false se=false i=false al=0}
02:10:03.251 [qtp399373008-57] DEBUG org.eclipse.jetty.http.HttpParser - reset HttpParser{s=END,0 of -1}
02:10:03.251 [qtp399373008-57] DEBUG org.eclipse.jetty.http.HttpParser - END --> START
02:10:03.251 [qtp399373008-57] DEBUG org.eclipse.jetty.server.HttpChannel - !handle TERMINATED HttpChannelOverHttp@2522d09c{s=HttpChannelState@6605e24{s=IDLE rs=BLOCKING os=OPEN is=IDLE awp=false se=false i=true al=0},r=1,c=false/false,a=IDLE,uri=null,age=0}
02:10:03.252 [qtp399373008-57] DEBUG org.eclipse.jetty.io.ssl.SslConnection - >fill SslConnection@1d6417fe::SocketChannelEndPoint@14fcc7ac{l=/127.0.0.1:33277,r=/127.0.0.1:47704,OPEN,fill=-,flush=-,to=1/30000}{io=0/0,kio=0,kro=1}->SslConnection@1d6417fe{NOT_HANDSHAKING,eio=-1/-1,di=-1,fill=IDLE,flush=IDLE}~>DecryptedEndPoint@74d338e3{l=/127.0.0.1:33277,r=/127.0.0.1:47704,OPEN,fill=-,flush=-,to=47/30000}=>HttpConnection@2a64687a[p=HttpParser{s=START,0 of -1},g=HttpGenerator@709d2091{s=START}]=>HttpChannelOverHttp@2522d09c{s=HttpChannelState@6605e24{s=IDLE rs=BLOCKING os=OPEN is=IDLE awp=false se=false i=true al=0},r=1,c=false/false,a=IDLE,uri=null,age=0}
02:10:03.252 [qtp399373008-57] DEBUG org.eclipse.jetty.io.ssl.SslConnection - fill NOT_HANDSHAKING
02:10:03.252 [qtp399373008-57] DEBUG org.eclipse.jetty.io.ChannelEndPoint - filled 0 HeapByteBuffer@816b3[p=0,l=0,c=17408,r=0]={<<<>>>\x17\x03\x03\x00\xC9=\xCf\xD0\xFf...\x00\x00\x00\x00\x00\x00\x00}
02:10:03.252 [qtp399373008-57] DEBUG org.eclipse.jetty.io.ssl.SslConnection - net filled=0
02:10:03.252 [qtp399373008-57] DEBUG org.eclipse.jetty.io.ssl.SslConnection - unwrap net_filled=0 Status = BUFFER_UNDERFLOW HandshakeStatus = NOT_HANDSHAKING bytesConsumed = 0 bytesProduced = 0 encryptedBuffer=[p=0,l=0,c=17408,r=0] unwrapBuffer=HeapByteBuffer@ecff91a[p=0,l=0,c=17408,r=0]={<<<>>>GET / HTT...\x00\x00\x00\x00\x00\x00\x00} appBuffer=HeapByteBuffer@ecff91a[p=0,l=0,c=17408,r=0]={<<<>>>GET / HTT...\x00\x00\x00\x00\x00\x00\x00}
02:10:03.252 [qtp399373008-57] DEBUG org.eclipse.jetty.io.ssl.SslConnection - <fill f=0 uf=true SslConnection@1d6417fe::SocketChannelEndPoint@14fcc7ac{l=/127.0.0.1:33277,r=/127.0.0.1:47704,OPEN,fill=-,flush=-,to=1/30000}{io=0/0,kio=0,kro=1}->SslConnection@1d6417fe{NOT_HANDSHAKING,eio=-1/-1,di=-1,fill=IDLE,flush=IDLE}~>DecryptedEndPoint@74d338e3{l=/127.0.0.1:33277,r=/127.0.0.1:47704,OPEN,fill=-,flush=-,to=47/30000}=>HttpConnection@2a64687a[p=HttpParser{s=START,0 of -1},g=HttpGenerator@709d2091{s=START}]=>HttpChannelOverHttp@2522d09c{s=HttpChannelState@6605e24{s=IDLE rs=BLOCKING os=OPEN is=IDLE awp=false se=false i=true al=0},r=1,c=false/false,a=IDLE,uri=null,age=0}
02:10:03.252 [qtp399373008-57] DEBUG org.eclipse.jetty.io.ssl.SslConnection - >fill SslConnection@1d6417fe::SocketChannelEndPoint@14fcc7ac{l=/127.0.0.1:33277,r=/127.0.0.1:47704,OPEN,fill=-,flush=-,to=1/30000}{io=0/0,kio=0,kro=1}->SslConnection@1d6417fe{NOT_HANDSHAKING,eio=-1/-1,di=-1,fill=IDLE,flush=IDLE}~>DecryptedEndPoint@74d338e3{l=/127.0.0.1:33277,r=/127.0.0.1:47704,OPEN,fill=-,flush=-,to=47/30000}=>HttpConnection@2a64687a[p=HttpParser{s=START,0 of -1},g=HttpGenerator@709d2091{s=START}]=>HttpChannelOverHttp@2522d09c{s=HttpChannelState@6605e24{s=IDLE rs=BLOCKING os=OPEN is=IDLE awp=false se=false i=true al=0},r=1,c=false/false,a=IDLE,uri=null,age=0}
02:10:03.252 [qtp399373008-57] DEBUG org.eclipse.jetty.io.ssl.SslConnection - fill NOT_HANDSHAKING
02:10:03.252 [qtp399373008-57] DEBUG org.eclipse.jetty.io.ChannelEndPoint - filled 0 HeapByteBuffer@30c33a9d[p=0,l=0,c=17408,r=0]={<<<>>>\x17\x03\x03\x03\xAd\x0b\x00\x03\x88...\x00\x00\x00\x00\x00\x00\x00}
02:10:03.252 [qtp399373008-57] DEBUG org.eclipse.jetty.io.ssl.SslConnection - net filled=0
02:10:03.252 [qtp399373008-57] DEBUG org.eclipse.jetty.io.ssl.SslConnection - unwrap net_filled=0 Status = BUFFER_UNDERFLOW HandshakeStatus = NOT_HANDSHAKING bytesConsumed = 0 bytesProduced = 0 encryptedBuffer=[p=0,l=0,c=17408,r=0] unwrapBuffer=HeapByteBuffer@ecff91a[p=0,l=0,c=17408,r=0]={<<<>>>GET / HTT...\x00\x00\x00\x00\x00\x00\x00} appBuffer=HeapByteBuffer@ecff91a[p=0,l=0,c=17408,r=0]={<<<>>>GET / HTT...\x00\x00\x00\x00\x00\x00\x00}
02:10:03.252 [qtp399373008-57] DEBUG org.eclipse.jetty.io.ssl.SslConnection - <fill f=0 uf=true SslConnection@1d6417fe::SocketChannelEndPoint@14fcc7ac{l=/127.0.0.1:33277,r=/127.0.0.1:47704,OPEN,fill=-,flush=-,to=1/30000}{io=0/0,kio=0,kro=1}->SslConnection@1d6417fe{NOT_HANDSHAKING,eio=-1/-1,di=-1,fill=IDLE,flush=IDLE}~>DecryptedEndPoint@74d338e3{l=/127.0.0.1:33277,r=/127.0.0.1:47704,OPEN,fill=-,flush=-,to=47/30000}=>HttpConnection@2a64687a[p=HttpParser{s=START,0 of -1},g=HttpGenerator@709d2091{s=START}]=>HttpChannelOverHttp@2522d09c{s=HttpChannelState@6605e24{s=IDLE rs=BLOCKING os=OPEN is=IDLE awp=false se=false i=true al=0},r=1,c=false/false,a=IDLE,uri=null,age=0}
02:10:03.252 [qtp399373008-57] DEBUG org.eclipse.jetty.server.HttpConnection - HttpConnection@2a64687a::DecryptedEndPoint@74d338e3{l=/127.0.0.1:33277,r=/127.0.0.1:47704,OPEN,fill=-,flush=-,to=47/30000} filled 0 HeapByteBuffer@ecff91a[p=0,l=0,c=17408,r=0]={<<<>>>GET / HTT...\x00\x00\x00\x00\x00\x00\x00}
02:10:03.252 [qtp399373008-57] DEBUG org.eclipse.jetty.server.HttpConnection - HttpConnection@2a64687a::DecryptedEndPoint@74d338e3{l=/127.0.0.1:33277,r=/127.0.0.1:47704,OPEN,fill=-,flush=-,to=47/30000} parse HeapByteBuffer@ecff91a[p=0,l=0,c=17408,r=0]={<<<>>>GET / HTT...\x00\x00\x00\x00\x00\x00\x00} {}
02:10:03.252 [qtp399373008-57] DEBUG org.eclipse.jetty.http.HttpParser - parseNext s=START HeapByteBuffer@ecff91a[p=0,l=0,c=17408,r=0]={<<<>>>GET / HTT...\x00\x00\x00\x00\x00\x00\x00}
02:10:03.252 [qtp399373008-57] DEBUG org.eclipse.jetty.server.HttpConnection - HttpConnection@2a64687a::DecryptedEndPoint@74d338e3{l=/127.0.0.1:33277,r=/127.0.0.1:47704,OPEN,fill=-,flush=-,to=47/30000} parsed false HttpParser{s=START,0 of -1}
02:10:03.252 [qtp399373008-57] DEBUG org.eclipse.jetty.server.HttpConnection - releaseRequestBuffer HttpConnection@2a64687a::DecryptedEndPoint@74d338e3{l=/127.0.0.1:33277,r=/127.0.0.1:47704,OPEN,fill=-,flush=-,to=47/30000}
02:10:03.252 [qtp399373008-57] DEBUG org.eclipse.jetty.io.AbstractConnection - fillInterested HttpConnection@2a64687a::DecryptedEndPoint@74d338e3{l=/127.0.0.1:33277,r=/127.0.0.1:47704,OPEN,fill=-,flush=-,to=47/30000}
02:10:03.252 [qtp399373008-57] DEBUG org.eclipse.jetty.io.FillInterest - interested FillInterest@79b3a140{AC.ReadCB@2a64687a{HttpConnection@2a64687a::DecryptedEndPoint@74d338e3{l=/127.0.0.1:33277,r=/127.0.0.1:47704,OPEN,fill=FI,flush=-,to=0/30000}}}
02:10:03.252 [qtp399373008-57] DEBUG org.eclipse.jetty.io.ssl.SslConnection - >needFillInterest s=IDLE/IDLE uf=true ei=null di=null SslConnection@1d6417fe::SocketChannelEndPoint@14fcc7ac{l=/127.0.0.1:33277,r=/127.0.0.1:47704,OPEN,fill=-,flush=-,to=2/30000}{io=0/0,kio=0,kro=1}->SslConnection@1d6417fe{NOT_HANDSHAKING,eio=-1/-1,di=-1,fill=IDLE,flush=IDLE}~>DecryptedEndPoint@74d338e3{l=/127.0.0.1:33277,r=/127.0.0.1:47704,OPEN,fill=FI,flush=-,to=0/30000}=>HttpConnection@2a64687a[p=HttpParser{s=START,0 of -1},g=HttpGenerator@709d2091{s=START}]=>HttpChannelOverHttp@2522d09c{s=HttpChannelState@6605e24{s=IDLE rs=BLOCKING os=OPEN is=IDLE awp=false se=false i=true al=0},r=1,c=false/false,a=IDLE,uri=null,age=0}
02:10:03.252 [qtp399373008-57] DEBUG org.eclipse.jetty.io.ssl.SslConnection - <needFillInterest s=IDLE/INTERESTED f=false i=true w=null
02:10:03.252 [qtp399373008-57] DEBUG org.eclipse.jetty.io.ssl.SslConnection - ensureFillInterested SslConnection@1d6417fe::SocketChannelEndPoint@14fcc7ac{l=/127.0.0.1:33277,r=/127.0.0.1:47704,OPEN,fill=-,flush=-,to=2/30000}{io=0/0,kio=0,kro=1}->SslConnection@1d6417fe{NOT_HANDSHAKING,eio=-1/-1,di=-1,fill=INTERESTED,flush=IDLE}~>DecryptedEndPoint@74d338e3{l=/127.0.0.1:33277,r=/127.0.0.1:47704,OPEN,fill=FI,flush=-,to=0/30000}=>HttpConnection@2a64687a[p=HttpParser{s=START,0 of -1},g=HttpGenerator@709d2091{s=START}]=>HttpChannelOverHttp@2522d09c{s=HttpChannelState@6605e24{s=IDLE rs=BLOCKING os=OPEN is=IDLE awp=false se=false i=true al=0},r=1,c=false/false,a=IDLE,uri=null,age=0}
02:10:03.253 [qtp399373008-57] DEBUG org.eclipse.jetty.io.FillInterest - interested FillInterest@6f08b8c7{SSLC.NBReadCB@1d6417fe{SslConnection@1d6417fe::SocketChannelEndPoint@14fcc7ac{l=/127.0.0.1:33277,r=/127.0.0.1:47704,OPEN,fill=FI,flush=-,to=0/30000}{io=0/0,kio=0,kro=1}->SslConnection@1d6417fe{NOT_HANDSHAKING,eio=-1/-1,di=-1,fill=INTERESTED,flush=IDLE}~>DecryptedEndPoint@74d338e3{l=/127.0.0.1:33277,r=/127.0.0.1:47704,OPEN,fill=FI,flush=-,to=0/30000}=>HttpConnection@2a64687a[p=HttpParser{s=START,0 of -1},g=HttpGenerator@709d2091{s=START}]=>HttpChannelOverHttp@2522d09c{s=HttpChannelState@6605e24{s=IDLE rs=BLOCKING os=OPEN is=IDLE awp=false se=false i=true al=0},r=1,c=false/false,a=IDLE,uri=null,age=0}}}
02:10:03.253 [qtp399373008-57] DEBUG org.eclipse.jetty.io.ChannelEndPoint - changeInterests p=false 0->1 for SocketChannelEndPoint@14fcc7ac{l=/127.0.0.1:33277,r=/127.0.0.1:47704,OPEN,fill=FI,flush=-,to=0/30000}{io=0/1,kio=0,kro=1}->SslConnection@1d6417fe{NOT_HANDSHAKING,eio=-1/-1,di=-1,fill=INTERESTED,flush=IDLE}~>DecryptedEndPoint@74d338e3{l=/127.0.0.1:33277,r=/127.0.0.1:47704,OPEN,fill=FI,flush=-,to=0/30000}=>HttpConnection@2a64687a[p=HttpParser{s=START,0 of -1},g=HttpGenerator@709d2091{s=START}]=>HttpChannelOverHttp@2522d09c{s=HttpChannelState@6605e24{s=IDLE rs=BLOCKING os=OPEN is=IDLE awp=false se=false i=true al=0},r=1,c=false/false,a=IDLE,uri=null,age=0}
02:10:03.253 [qtp399373008-57] DEBUG org.eclipse.jetty.io.ManagedSelector - Queued change lazy=false org.eclipse.jetty.io.ChannelEndPoint$$Lambda$255/1830220082@52ee893f on ManagedSelector@7bb6ab3a{STARTED} id=3 keys=1 selected=0 updates=0
02:10:03.253 [qtp399373008-57] DEBUG org.eclipse.jetty.io.ManagedSelector - Wakeup on submit ManagedSelector@7bb6ab3a{STARTED} id=3 keys=1 selected=0 updates=1
02:10:03.253 [qtp399373008-62] DEBUG org.eclipse.jetty.io.ManagedSelector - Selector sun.nio.ch.EPollSelectorImpl@9718d65 woken with none selected
02:10:03.253 [qtp399373008-57] DEBUG org.eclipse.jetty.server.HttpConnection - HttpConnection@2a64687a::DecryptedEndPoint@74d338e3{l=/127.0.0.1:33277,r=/127.0.0.1:47704,OPEN,fill=FI,flush=-,to=0/30000} onFillable exit HttpChannelState@6605e24{s=IDLE rs=BLOCKING os=OPEN is=IDLE awp=false se=false i=true al=0} null
02:10:03.253 [qtp399373008-62] DEBUG org.eclipse.jetty.io.ManagedSelector - Selector sun.nio.ch.EPollSelectorImpl@9718d65 woken up from select, 0/0/1 selected
02:10:03.253 [qtp399373008-62] DEBUG org.eclipse.jetty.io.ManagedSelector - Selector sun.nio.ch.EPollSelectorImpl@9718d65 processing 0 keys, 1 updates
02:10:03.253 [qtp399373008-62] DEBUG org.eclipse.jetty.io.ManagedSelector - updateable 1
02:10:03.253 [qtp399373008-62] DEBUG org.eclipse.jetty.io.ManagedSelector - update org.eclipse.jetty.io.ChannelEndPoint$$Lambda$255/1830220082@52ee893f
02:10:03.253 [main] DEBUG org.apache.nifi.minifi.bootstrap.configuration.ingestors.PullHttpChangeIngestor - Attempting to pull new config
02:10:03.253 [qtp399373008-57] DEBUG org.eclipse.jetty.io.ssl.SslConnection - <c.onFillable SslConnection@1d6417fe::SocketChannelEndPoint@14fcc7ac{l=/127.0.0.1:33277,r=/127.0.0.1:47704,OPEN,fill=FI,flush=-,to=0/30000}{io=0/1,kio=0,kro=1}->SslConnection@1d6417fe{NOT_HANDSHAKING,eio=-1/-1,di=-1,fill=INTERESTED,flush=IDLE}~>DecryptedEndPoint@74d338e3{l=/127.0.0.1:33277,r=/127.0.0.1:47704,OPEN,fill=FI,flush=-,to=0/30000}=>HttpConnection@2a64687a[p=HttpParser{s=START,0 of -1},g=HttpGenerator@709d2091{s=START}]=>HttpChannelOverHttp@2522d09c{s=HttpChannelState@6605e24{s=IDLE rs=BLOCKING os=OPEN is=IDLE awp=false se=false i=true al=0},r=1,c=false/false,a=IDLE,uri=null,age=0}
02:10:03.253 [qtp399373008-57] DEBUG org.eclipse.jetty.util.thread.ReservedThreadExecutor - ReservedThread@66ba7cba{RUNNING,thread=Thread[qtp399373008-57,5,main]} was=RUNNING next=RESERVED size=0+2 capacity=8
02:10:03.253 [qtp399373008-62] DEBUG org.eclipse.jetty.io.ChannelEndPoint - Key interests updated 0 -> 1 on SocketChannelEndPoint@14fcc7ac{l=/127.0.0.1:33277,r=/127.0.0.1:47704,OPEN,fill=FI,flush=-,to=0/30000}{io=1/1,kio=1,kro=1}->SslConnection@1d6417fe{NOT_HANDSHAKING,eio=-1/-1,di=-1,fill=INTERESTED,flush=IDLE}~>DecryptedEndPoint@74d338e3{l=/127.0.0.1:33277,r=/127.0.0.1:47704,OPEN,fill=FI,flush=-,to=0/30000}=>HttpConnection@2a64687a[p=HttpParser{s=START,0 of -1},g=HttpGenerator@709d2091{s=START}]=>HttpChannelOverHttp@2522d09c{s=HttpChannelState@6605e24{s=IDLE rs=BLOCKING os=OPEN is=IDLE awp=false se=false i=true al=0},r=1,c=false/false,a=IDLE,uri=null,age=0}
02:10:03.253 [qtp399373008-57] DEBUG org.eclipse.jetty.util.thread.ReservedThreadExecutor - ReservedThread@66ba7cba{RESERVED,thread=Thread[qtp399373008-57,5,main]} waiting ReservedThreadExecutor@424fd310{reserved=2/8,pending=0}
02:10:03.253 [qtp399373008-62] DEBUG org.eclipse.jetty.io.ManagedSelector - updates 0
02:10:03.253 [qtp399373008-62] DEBUG org.eclipse.jetty.io.ManagedSelector - Selector sun.nio.ch.EPollSelectorImpl@9718d65 waiting with 1 keys
02:10:03.253 [qtp399373008-56-acceptor-0@53dacd14-ServerConnector@2374d36a{SSL, (ssl, http/1.1)}{localhost:33277}] DEBUG org.eclipse.jetty.io.ManagedSelector - Queued change lazy=false Accept@77cb92b5[java.nio.channels.SocketChannel[connected local=/127.0.0.1:33277 remote=/127.0.0.1:47714]] on ManagedSelector@4e70a728{STARTED} id=0 keys=0 selected=0 updates=0
02:10:03.253 [qtp399373008-56-acceptor-0@53dacd14-ServerConnector@2374d36a{SSL, (ssl, http/1.1)}{localhost:33277}] DEBUG org.eclipse.jetty.io.ManagedSelector - Wakeup on submit ManagedSelector@4e70a728{STARTED} id=0 keys=0 selected=0 updates=1
02:10:03.254 [qtp399373008-55] DEBUG org.eclipse.jetty.io.ManagedSelector - Selector sun.nio.ch.EPollSelectorImpl@724c02dc woken with none selected
02:10:03.254 [qtp399373008-55] DEBUG org.eclipse.jetty.io.ManagedSelector - Selector sun.nio.ch.EPollSelectorImpl@724c02dc woken up from select, 0/0/0 selected
02:10:03.254 [qtp399373008-55] DEBUG org.eclipse.jetty.io.ManagedSelector - Selector sun.nio.ch.EPollSelectorImpl@724c02dc processing 0 keys, 1 updates
02:10:03.254 [qtp399373008-55] DEBUG org.eclipse.jetty.io.ManagedSelector - updateable 1
02:10:03.254 [qtp399373008-55] DEBUG org.eclipse.jetty.io.ManagedSelector - update Accept@77cb92b5[java.nio.channels.SocketChannel[connected local=/127.0.0.1:33277 remote=/127.0.0.1:47714]]
02:10:03.254 [qtp399373008-55] DEBUG org.eclipse.jetty.util.thread.QueuedThreadPool - queue Accept@77cb92b5[java.nio.channels.SocketChannel[connected local=/127.0.0.1:33277 remote=/127.0.0.1:47714]] startThread=0
02:10:03.254 [qtp399373008-55] DEBUG org.eclipse.jetty.io.ManagedSelector - updates 0
02:10:03.254 [qtp399373008-55] DEBUG org.eclipse.jetty.io.ManagedSelector - Selector sun.nio.ch.EPollSelectorImpl@724c02dc waiting with 1 keys
02:10:03.254 [qtp399373008-59] DEBUG org.eclipse.jetty.util.thread.QueuedThreadPool - run Accept@77cb92b5[java.nio.channels.SocketChannel[connected local=/127.0.0.1:33277 remote=/127.0.0.1:47714]] in QueuedThreadPool[qtp399373008]@17cdf2d0{STARTED,8<=8<=200,i=0,r=-1,q=0}[ReservedThreadExecutor@424fd310{reserved=2/8,pending=0}]
02:10:03.254 [qtp399373008-59] DEBUG org.eclipse.jetty.io.IdleTimeout - SocketChannelEndPoint@389e615{l=/127.0.0.1:33277,r=/127.0.0.1:47714,OPEN,fill=-,flush=-,to=0/30000}{io=0/0,kio=0,kro=0}-><null> idle timeout check, elapsed: 0 ms, remaining: 30000 ms
02:10:03.254 [qtp399373008-59] DEBUG org.eclipse.jetty.util.ssl.SslContextFactory - Customize sun.security.ssl.SSLEngineImpl@468b7800
02:10:03.254 [qtp399373008-59] DEBUG org.eclipse.jetty.server.HttpChannel - new HttpChannelOverHttp@4314df11{s=HttpChannelState@77075ae2{s=IDLE rs=BLOCKING os=OPEN is=IDLE awp=false se=false i=true al=0},r=0,c=false/false,a=IDLE,uri=null,age=0} -> DecryptedEndPoint@3b72a359{l=/127.0.0.1:33277,r=/127.0.0.1:47714,OPEN,fill=-,flush=-,to=0/30000},null,HttpChannelState@77075ae2{s=IDLE rs=BLOCKING os=OPEN is=IDLE awp=false se=false i=true al=0}
02:10:03.254 [qtp399373008-59] DEBUG org.eclipse.jetty.server.HttpConnection - New HTTP Connection HttpConnection@26a4874f::DecryptedEndPoint@3b72a359{l=/127.0.0.1:33277,r=/127.0.0.1:47714,OPEN,fill=-,flush=-,to=0/30000}
02:10:03.254 [qtp399373008-59] DEBUG org.eclipse.jetty.io.ManagedSelector - Queued change lazy=true org.eclipse.jetty.io.ManagedSelector$$Lambda$258/615682846@43ad38dd on ManagedSelector@4e70a728{STARTED} id=0 keys=1 selected=0 updates=0
02:10:03.255 [qtp399373008-59] DEBUG org.eclipse.jetty.io.AbstractEndPoint - onOpen SocketChannelEndPoint@389e615{l=/127.0.0.1:33277,r=/127.0.0.1:47714,OPEN,fill=-,flush=-,to=0/30000}{io=0/0,kio=0,kro=0}->SslConnection@e30ba00{NOT_HANDSHAKING,eio=-1/-1,di=-1,fill=IDLE,flush=IDLE}~>DecryptedEndPoint@3b72a359{l=/127.0.0.1:33277,r=/127.0.0.1:47714,OPEN,fill=-,flush=-,to=0/30000}=>HttpConnection@26a4874f[p=HttpParser{s=START,0 of -1},g=HttpGenerator@2076a8f4{s=START}]=>HttpChannelOverHttp@4314df11{s=HttpChannelState@77075ae2{s=IDLE rs=BLOCKING os=OPEN is=IDLE awp=false se=false i=true al=0},r=0,c=false/false,a=IDLE,uri=null,age=0}
02:10:03.255 [qtp399373008-59] DEBUG org.eclipse.jetty.io.AbstractConnection - onOpen SslConnection@e30ba00::SocketChannelEndPoint@389e615{l=/127.0.0.1:33277,r=/127.0.0.1:47714,OPEN,fill=-,flush=-,to=0/30000}{io=0/0,kio=0,kro=0}->SslConnection@e30ba00{NOT_HANDSHAKING,eio=-1/-1,di=-1,fill=IDLE,flush=IDLE}~>DecryptedEndPoint@3b72a359{l=/127.0.0.1:33277,r=/127.0.0.1:47714,OPEN,fill=-,flush=-,to=0/30000}=>HttpConnection@26a4874f[p=HttpParser{s=START,0 of -1},g=HttpGenerator@2076a8f4{s=START}]=>HttpChannelOverHttp@4314df11{s=HttpChannelState@77075ae2{s=IDLE rs=BLOCKING os=OPEN is=IDLE awp=false se=false i=true al=0},r=0,c=false/false,a=IDLE,uri=null,age=0}
02:10:03.255 [qtp399373008-59] DEBUG org.eclipse.jetty.io.AbstractConnection - onOpen HttpConnection@26a4874f::DecryptedEndPoint@3b72a359{l=/127.0.0.1:33277,r=/127.0.0.1:47714,OPEN,fill=-,flush=-,to=0/30000}
02:10:03.255 [qtp399373008-59] DEBUG org.eclipse.jetty.io.AbstractConnection - fillInterested HttpConnection@26a4874f::DecryptedEndPoint@3b72a359{l=/127.0.0.1:33277,r=/127.0.0.1:47714,OPEN,fill=-,flush=-,to=0/30000}
02:10:03.255 [qtp399373008-59] DEBUG org.eclipse.jetty.io.FillInterest - interested FillInterest@22eadd4a{AC.ReadCB@26a4874f{HttpConnection@26a4874f::DecryptedEndPoint@3b72a359{l=/127.0.0.1:33277,r=/127.0.0.1:47714,OPEN,fill=FI,flush=-,to=0/30000}}}
02:10:03.255 [qtp399373008-59] DEBUG org.eclipse.jetty.io.ssl.SslConnection - >needFillInterest s=IDLE/IDLE uf=false ei=null di=null SslConnection@e30ba00::SocketChannelEndPoint@389e615{l=/127.0.0.1:33277,r=/127.0.0.1:47714,OPEN,fill=-,flush=-,to=0/30000}{io=0/0,kio=0,kro=0}->SslConnection@e30ba00{NOT_HANDSHAKING,eio=-1/-1,di=-1,fill=IDLE,flush=IDLE}~>DecryptedEndPoint@3b72a359{l=/127.0.0.1:33277,r=/127.0.0.1:47714,OPEN,fill=FI,flush=-,to=0/30000}=>HttpConnection@26a4874f[p=HttpParser{s=START,0 of -1},g=HttpGenerator@2076a8f4{s=START}]=>HttpChannelOverHttp@4314df11{s=HttpChannelState@77075ae2{s=IDLE rs=BLOCKING os=OPEN is=IDLE awp=false se=false i=true al=0},r=0,c=false/false,a=IDLE,uri=null,age=0}
02:10:03.255 [qtp399373008-59] DEBUG org.eclipse.jetty.io.ssl.SslConnection - <needFillInterest s=IDLE/INTERESTED f=false i=true w=null
02:10:03.255 [qtp399373008-59] DEBUG org.eclipse.jetty.io.ssl.SslConnection - ensureFillInterested SslConnection@e30ba00::SocketChannelEndPoint@389e615{l=/127.0.0.1:33277,r=/127.0.0.1:47714,OPEN,fill=-,flush=-,to=0/30000}{io=0/0,kio=0,kro=0}->SslConnection@e30ba00{NOT_HANDSHAKING,eio=-1/-1,di=-1,fill=INTERESTED,flush=IDLE}~>DecryptedEndPoint@3b72a359{l=/127.0.0.1:33277,r=/127.0.0.1:47714,OPEN,fill=FI,flush=-,to=0/30000}=>HttpConnection@26a4874f[p=HttpParser{s=START,0 of -1},g=HttpGenerator@2076a8f4{s=START}]=>HttpChannelOverHttp@4314df11{s=HttpChannelState@77075ae2{s=IDLE rs=BLOCKING os=OPEN is=IDLE awp=false se=false i=true al=0},r=0,c=false/false,a=IDLE,uri=null,age=0}
02:10:03.255 [qtp399373008-59] DEBUG org.eclipse.jetty.io.FillInterest - interested FillInterest@82b721a{SSLC.NBReadCB@e30ba00{SslConnection@e30ba00::SocketChannelEndPoint@389e615{l=/127.0.0.1:33277,r=/127.0.0.1:47714,OPEN,fill=FI,flush=-,to=0/30000}{io=0/0,kio=0,kro=0}->SslConnection@e30ba00{NOT_HANDSHAKING,eio=-1/-1,di=-1,fill=INTERESTED,flush=IDLE}~>DecryptedEndPoint@3b72a359{l=/127.0.0.1:33277,r=/127.0.0.1:47714,OPEN,fill=FI,flush=-,to=0/30000}=>HttpConnection@26a4874f[p=HttpParser{s=START,0 of -1},g=HttpGenerator@2076a8f4{s=START}]=>HttpChannelOverHttp@4314df11{s=HttpChannelState@77075ae2{s=IDLE rs=BLOCKING os=OPEN is=IDLE awp=false se=false i=true al=0},r=0,c=false/false,a=IDLE,uri=null,age=0}}}
02:10:03.255 [qtp399373008-59] DEBUG org.eclipse.jetty.io.ChannelEndPoint - changeInterests p=false 0->1 for SocketChannelEndPoint@389e615{l=/127.0.0.1:33277,r=/127.0.0.1:47714,OPEN,fill=FI,flush=-,to=0/30000}{io=0/1,kio=0,kro=0}->SslConnection@e30ba00{NOT_HANDSHAKING,eio=-1/-1,di=-1,fill=INTERESTED,flush=IDLE}~>DecryptedEndPoint@3b72a359{l=/127.0.0.1:33277,r=/127.0.0.1:47714,OPEN,fill=FI,flush=-,to=0/30000}=>HttpConnection@26a4874f[p=HttpParser{s=START,0 of -1},g=HttpGenerator@2076a8f4{s=START}]=>HttpChannelOverHttp@4314df11{s=HttpChannelState@77075ae2{s=IDLE rs=BLOCKING os=OPEN is=IDLE awp=false se=false i=true al=0},r=0,c=false/false,a=IDLE,uri=null,age=0}
02:10:03.255 [qtp399373008-59] DEBUG org.eclipse.jetty.io.ManagedSelector - Queued change lazy=false org.eclipse.jetty.io.ChannelEndPoint$$Lambda$255/1830220082@3c029a5 on ManagedSelector@4e70a728{STARTED} id=0 keys=1 selected=0 updates=1
02:10:03.255 [qtp399373008-59] DEBUG org.eclipse.jetty.io.ManagedSelector - Wakeup on submit ManagedSelector@4e70a728{STARTED} id=0 keys=1 selected=0 updates=2
02:10:03.255 [qtp399373008-55] DEBUG org.eclipse.jetty.io.ManagedSelector - Selector sun.nio.ch.EPollSelectorImpl@724c02dc woken with none selected
02:10:03.255 [qtp399373008-55] DEBUG org.eclipse.jetty.io.ManagedSelector - Selector sun.nio.ch.EPollSelectorImpl@724c02dc woken up from select, 0/0/1 selected
02:10:03.255 [qtp399373008-55] DEBUG org.eclipse.jetty.io.ManagedSelector - Selector sun.nio.ch.EPollSelectorImpl@724c02dc processing 0 keys, 2 updates
02:10:03.255 [qtp399373008-55] DEBUG org.eclipse.jetty.io.ManagedSelector - updateable 2
02:10:03.255 [qtp399373008-55] DEBUG org.eclipse.jetty.io.ManagedSelector - update org.eclipse.jetty.io.ManagedSelector$$Lambda$258/615682846@43ad38dd
02:10:03.255 [qtp399373008-55] DEBUG org.eclipse.jetty.io.ManagedSelector - update org.eclipse.jetty.io.ChannelEndPoint$$Lambda$255/1830220082@3c029a5
02:10:03.256 [qtp399373008-55] DEBUG org.eclipse.jetty.io.ChannelEndPoint - Key interests updated 0 -> 1 on SocketChannelEndPoint@389e615{l=/127.0.0.1:33277,r=/127.0.0.1:47714,OPEN,fill=FI,flush=-,to=0/30000}{io=1/1,kio=1,kro=0}->SslConnection@e30ba00{NOT_HANDSHAKING,eio=-1/-1,di=-1,fill=INTERESTED,flush=IDLE}~>DecryptedEndPoint@3b72a359{l=/127.0.0.1:33277,r=/127.0.0.1:47714,OPEN,fill=FI,flush=-,to=0/30000}=>HttpConnection@26a4874f[p=HttpParser{s=START,0 of -1},g=HttpGenerator@2076a8f4{s=START}]=>HttpChannelOverHttp@4314df11{s=HttpChannelState@77075ae2{s=IDLE rs=BLOCKING os=OPEN is=IDLE awp=false se=false i=true al=0},r=0,c=false/false,a=IDLE,uri=null,age=0}
02:10:03.256 [qtp399373008-55] DEBUG org.eclipse.jetty.io.ManagedSelector - updates 0
02:10:03.256 [qtp399373008-55] DEBUG org.eclipse.jetty.io.ManagedSelector - Selector sun.nio.ch.EPollSelectorImpl@724c02dc waiting with 1 keys
02:10:03.256 [qtp399373008-59] DEBUG org.eclipse.jetty.io.ManagedSelector - Created SocketChannelEndPoint@389e615{l=/127.0.0.1:33277,r=/127.0.0.1:47714,OPEN,fill=FI,flush=-,to=0/30000}{io=1/1,kio=1,kro=0}->SslConnection@e30ba00{NOT_HANDSHAKING,eio=-1/-1,di=-1,fill=INTERESTED,flush=IDLE}~>DecryptedEndPoint@3b72a359{l=/127.0.0.1:33277,r=/127.0.0.1:47714,OPEN,fill=FI,flush=-,to=0/30000}=>HttpConnection@26a4874f[p=HttpParser{s=START,0 of -1},g=HttpGenerator@2076a8f4{s=START}]=>HttpChannelOverHttp@4314df11{s=HttpChannelState@77075ae2{s=IDLE rs=BLOCKING os=OPEN is=IDLE awp=false se=false i=true al=0},r=0,c=false/false,a=IDLE,uri=null,age=0}
02:10:03.256 [qtp399373008-55] DEBUG org.eclipse.jetty.io.ManagedSelector - Selector sun.nio.ch.EPollSelectorImpl@724c02dc woken up from select, 1/1/1 selected
02:10:03.256 [qtp399373008-55] DEBUG org.eclipse.jetty.io.ManagedSelector - Selector sun.nio.ch.EPollSelectorImpl@724c02dc processing 1 keys, 0 updates
02:10:03.256 [qtp399373008-55] DEBUG org.eclipse.jetty.io.ManagedSelector - selected 1 sun.nio.ch.SelectionKeyImpl@7c8bf2e5 SocketChannelEndPoint@389e615{l=/127.0.0.1:33277,r=/127.0.0.1:47714,OPEN,fill=FI,flush=-,to=0/30000}{io=1/1,kio=1,kro=1}->SslConnection@e30ba00{NOT_HANDSHAKING,eio=-1/-1,di=-1,fill=INTERESTED,flush=IDLE}~>DecryptedEndPoint@3b72a359{l=/127.0.0.1:33277,r=/127.0.0.1:47714,OPEN,fill=FI,flush=-,to=1/30000}=>HttpConnection@26a4874f[p=HttpParser{s=START,0 of -1},g=HttpGenerator@2076a8f4{s=START}]=>HttpChannelOverHttp@4314df11{s=HttpChannelState@77075ae2{s=IDLE rs=BLOCKING os=OPEN is=IDLE awp=false se=false i=true al=0},r=0,c=false/false,a=IDLE,uri=null,age=0} 
02:10:03.256 [qtp399373008-55] DEBUG org.eclipse.jetty.io.ChannelEndPoint - onSelected 1->0 r=true w=false for SocketChannelEndPoint@389e615{l=/127.0.0.1:33277,r=/127.0.0.1:47714,OPEN,fill=FI,flush=-,to=0/30000}{io=1/0,kio=1,kro=1}->SslConnection@e30ba00{NOT_HANDSHAKING,eio=-1/-1,di=-1,fill=INTERESTED,flush=IDLE}~>DecryptedEndPoint@3b72a359{l=/127.0.0.1:33277,r=/127.0.0.1:47714,OPEN,fill=FI,flush=-,to=1/30000}=>HttpConnection@26a4874f[p=HttpParser{s=START,0 of -1},g=HttpGenerator@2076a8f4{s=START}]=>HttpChannelOverHttp@4314df11{s=HttpChannelState@77075ae2{s=IDLE rs=BLOCKING os=OPEN is=IDLE awp=false se=false i=true al=0},r=0,c=false/false,a=IDLE,uri=null,age=0}
02:10:03.256 [qtp399373008-55] DEBUG org.eclipse.jetty.io.ChannelEndPoint - task CEP:SocketChannelEndPoint@389e615{l=/127.0.0.1:33277,r=/127.0.0.1:47714,OPEN,fill=FI,flush=-,to=1/30000}{io=1/0,kio=1,kro=1}->SslConnection@e30ba00{NOT_HANDSHAKING,eio=-1/-1,di=-1,fill=INTERESTED,flush=IDLE}~>DecryptedEndPoint@3b72a359{l=/127.0.0.1:33277,r=/127.0.0.1:47714,OPEN,fill=FI,flush=-,to=1/30000}=>HttpConnection@26a4874f[p=HttpParser{s=START,0 of -1},g=HttpGenerator@2076a8f4{s=START}]=>HttpChannelOverHttp@4314df11{s=HttpChannelState@77075ae2{s=IDLE rs=BLOCKING os=OPEN is=IDLE awp=false se=false i=true al=0},r=0,c=false/false,a=IDLE,uri=null,age=0}:runFillable:BLOCKING
02:10:03.256 [qtp399373008-55] DEBUG org.eclipse.jetty.util.thread.ReservedThreadExecutor - ReservedThreadExecutor@424fd310{reserved=2/8,pending=0} tryExecute EatWhatYouKill@4e858e0a/SelectorProducer@435fb7b5/PRODUCING/p=false/QueuedThreadPool[qtp399373008]@17cdf2d0{STARTED,8<=8<=200,i=0,r=-1,q=0}[ReservedThreadExecutor@424fd310{reserved=2/8,pending=0}][pc=0,pic=0,pec=0,epc=0]@2024-05-02T02:10:03.256+01:00
02:10:03.256 [qtp399373008-55] DEBUG org.eclipse.jetty.util.thread.strategy.EatWhatYouKill - EatWhatYouKill@4e858e0a/SelectorProducer@435fb7b5/IDLE/p=true/QueuedThreadPool[qtp399373008]@17cdf2d0{STARTED,8<=8<=200,i=0,r=-1,q=0}[ReservedThreadExecutor@424fd310{reserved=1/8,pending=0}][pc=0,pic=0,pec=0,epc=0]@2024-05-02T02:10:03.256+01:00 m=EXECUTE_PRODUCE_CONSUME t=CEP:SocketChannelEndPoint@389e615{l=/127.0.0.1:33277,r=/127.0.0.1:47714,OPEN,fill=FI,flush=-,to=1/30000}{io=1/0,kio=1,kro=1}->SslConnection@e30ba00{NOT_HANDSHAKING,eio=-1/-1,di=-1,fill=INTERESTED,flush=IDLE}~>DecryptedEndPoint@3b72a359{l=/127.0.0.1:33277,r=/127.0.0.1:47714,OPEN,fill=FI,flush=-,to=1/30000}=>HttpConnection@26a4874f[p=HttpParser{s=START,0 of -1},g=HttpGenerator@2076a8f4{s=START}]=>HttpChannelOverHttp@4314df11{s=HttpChannelState@77075ae2{s=IDLE rs=BLOCKING os=OPEN is=IDLE awp=false se=false i=true al=0},r=0,c=false/false,a=IDLE,uri=null,age=0}:runFillable:BLOCKING/BLOCKING
02:10:03.256 [qtp399373008-57] DEBUG org.eclipse.jetty.util.thread.ReservedThreadExecutor - ReservedThread@66ba7cba{RESERVED,thread=Thread[qtp399373008-57,5,main]} task=EatWhatYouKill@4e858e0a/SelectorProducer@435fb7b5/IDLE/p=true/QueuedThreadPool[qtp399373008]@17cdf2d0{STARTED,8<=8<=200,i=0,r=-1,q=0}[ReservedThreadExecutor@424fd310{reserved=1/8,pending=0}][pc=0,pic=0,pec=0,epc=0]@2024-05-02T02:10:03.256+01:00 ReservedThreadExecutor@424fd310{reserved=1/8,pending=0}
02:10:03.256 [qtp399373008-55] DEBUG org.eclipse.jetty.io.FillInterest - fillable FillInterest@82b721a{SSLC.NBReadCB@e30ba00{SslConnection@e30ba00::SocketChannelEndPoint@389e615{l=/127.0.0.1:33277,r=/127.0.0.1:47714,OPEN,fill=FI,flush=-,to=1/30000}{io=1/0,kio=1,kro=1}->SslConnection@e30ba00{NOT_HANDSHAKING,eio=-1/-1,di=-1,fill=INTERESTED,flush=IDLE}~>DecryptedEndPoint@3b72a359{l=/127.0.0.1:33277,r=/127.0.0.1:47714,OPEN,fill=FI,flush=-,to=1/30000}=>HttpConnection@26a4874f[p=HttpParser{s=START,0 of -1},g=HttpGenerator@2076a8f4{s=START}]=>HttpChannelOverHttp@4314df11{s=HttpChannelState@77075ae2{s=IDLE rs=BLOCKING os=OPEN is=IDLE awp=false se=false i=true al=0},r=0,c=false/false,a=IDLE,uri=null,age=0}}}
02:10:03.256 [qtp399373008-57] DEBUG org.eclipse.jetty.util.thread.strategy.EatWhatYouKill - EatWhatYouKill@4e858e0a/SelectorProducer@435fb7b5/IDLE/p=true/QueuedThreadPool[qtp399373008]@17cdf2d0{STARTED,8<=8<=200,i=0,r=-1,q=0}[ReservedThreadExecutor@424fd310{reserved=1/8,pending=0}][pc=0,pic=0,pec=0,epc=1]@2024-05-02T02:10:03.256+01:00 tryProduce true
02:10:03.257 [qtp399373008-57] DEBUG org.eclipse.jetty.io.ManagedSelector - updateable 0
02:10:03.257 [qtp399373008-57] DEBUG org.eclipse.jetty.io.ManagedSelector - updates 0
02:10:03.257 [qtp399373008-55] DEBUG org.eclipse.jetty.io.ssl.SslConnection - >c.onFillable SslConnection@e30ba00::SocketChannelEndPoint@389e615{l=/127.0.0.1:33277,r=/127.0.0.1:47714,OPEN,fill=-,flush=-,to=1/30000}{io=1/0,kio=1,kro=1}->SslConnection@e30ba00{NOT_HANDSHAKING,eio=-1/-1,di=-1,fill=INTERESTED,flush=IDLE}~>DecryptedEndPoint@3b72a359{l=/127.0.0.1:33277,r=/127.0.0.1:47714,OPEN,fill=FI,flush=-,to=1/30000}=>HttpConnection@26a4874f[p=HttpParser{s=START,0 of -1},g=HttpGenerator@2076a8f4{s=START}]=>HttpChannelOverHttp@4314df11{s=HttpChannelState@77075ae2{s=IDLE rs=BLOCKING os=OPEN is=IDLE awp=false se=false i=true al=0},r=0,c=false/false,a=IDLE,uri=null,age=0}
02:10:03.257 [qtp399373008-59] DEBUG org.eclipse.jetty.util.thread.QueuedThreadPool - ran Accept@77cb92b5[java.nio.channels.SocketChannel[connected local=/127.0.0.1:33277 remote=/127.0.0.1:47714]] in QueuedThreadPool[qtp399373008]@17cdf2d0{STARTED,8<=8<=200,i=0,r=-1,q=0}[ReservedThreadExecutor@424fd310{reserved=1/8,pending=0}]
02:10:03.257 [qtp399373008-55] DEBUG org.eclipse.jetty.io.ssl.SslConnection - onFillable SslConnection@e30ba00::SocketChannelEndPoint@389e615{l=/127.0.0.1:33277,r=/127.0.0.1:47714,OPEN,fill=-,flush=-,to=1/30000}{io=0/0,kio=1,kro=1}->SslConnection@e30ba00{NOT_HANDSHAKING,eio=-1/-1,di=-1,fill=INTERESTED,flush=IDLE}~>DecryptedEndPoint@3b72a359{l=/127.0.0.1:33277,r=/127.0.0.1:47714,OPEN,fill=FI,flush=-,to=2/30000}=>HttpConnection@26a4874f[p=HttpParser{s=START,0 of -1},g=HttpGenerator@2076a8f4{s=START}]=>HttpChannelOverHttp@4314df11{s=HttpChannelState@77075ae2{s=IDLE rs=BLOCKING os=OPEN is=IDLE awp=false se=false i=true al=0},r=0,c=false/false,a=IDLE,uri=null,age=0}
02:10:03.257 [qtp399373008-55] DEBUG org.eclipse.jetty.io.FillInterest - fillable FillInterest@22eadd4a{AC.ReadCB@26a4874f{HttpConnection@26a4874f::DecryptedEndPoint@3b72a359{l=/127.0.0.1:33277,r=/127.0.0.1:47714,OPEN,fill=FI,flush=-,to=2/30000}}}
02:10:03.257 [qtp399373008-57] DEBUG org.eclipse.jetty.io.ChannelEndPoint - Key interests updated 1 -> 0 on SocketChannelEndPoint@389e615{l=/127.0.0.1:33277,r=/127.0.0.1:47714,OPEN,fill=-,flush=-,to=1/30000}{io=0/0,kio=0,kro=1}->SslConnection@e30ba00{NOT_HANDSHAKING,eio=-1/-1,di=-1,fill=INTERESTED,flush=IDLE}~>DecryptedEndPoint@3b72a359{l=/127.0.0.1:33277,r=/127.0.0.1:47714,OPEN,fill=FI,flush=-,to=2/30000}=>HttpConnection@26a4874f[p=HttpParser{s=START,0 of -1},g=HttpGenerator@2076a8f4{s=START}]=>HttpChannelOverHttp@4314df11{s=HttpChannelState@77075ae2{s=IDLE rs=BLOCKING os=OPEN is=IDLE awp=false se=false i=true al=0},r=0,c=false/false,a=IDLE,uri=null,age=0}
02:10:03.257 [qtp399373008-55] DEBUG org.eclipse.jetty.server.HttpConnection - HttpConnection@26a4874f::DecryptedEndPoint@3b72a359{l=/127.0.0.1:33277,r=/127.0.0.1:47714,OPEN,fill=-,flush=-,to=2/30000} onFillable enter HttpChannelState@77075ae2{s=IDLE rs=BLOCKING os=OPEN is=IDLE awp=false se=false i=true al=0} null
02:10:03.257 [qtp399373008-57] DEBUG org.eclipse.jetty.io.ManagedSelector - Selector sun.nio.ch.EPollSelectorImpl@724c02dc waiting with 1 keys
02:10:03.257 [qtp399373008-55] DEBUG org.eclipse.jetty.io.ssl.SslConnection - >fill SslConnection@e30ba00::SocketChannelEndPoint@389e615{l=/127.0.0.1:33277,r=/127.0.0.1:47714,OPEN,fill=-,flush=-,to=1/30000}{io=0/0,kio=0,kro=1}->SslConnection@e30ba00{NOT_HANDSHAKING,eio=-1/-1,di=-1,fill=IDLE,flush=IDLE}~>DecryptedEndPoint@3b72a359{l=/127.0.0.1:33277,r=/127.0.0.1:47714,OPEN,fill=-,flush=-,to=2/30000}=>HttpConnection@26a4874f[p=HttpParser{s=START,0 of -1},g=HttpGenerator@2076a8f4{s=START}]=>HttpChannelOverHttp@4314df11{s=HttpChannelState@77075ae2{s=IDLE rs=BLOCKING os=OPEN is=IDLE awp=false se=false i=true al=0},r=0,c=false/false,a=IDLE,uri=null,age=0}
02:10:03.257 [qtp399373008-55] DEBUG org.eclipse.jetty.io.ssl.SslConnection - fill NOT_HANDSHAKING
02:10:03.258 [qtp399373008-55] DEBUG org.eclipse.jetty.io.ChannelEndPoint - filled 339 HeapByteBuffer@30c33a9d[p=0,l=339,c=17408,r=339]={<<<\x16\x03\x03\x01N\x01\x00\x01J\x03\x03\x87W'O\x89\x8a@\xBfC\xC5\x1e\xFaC\x17...v\x19\x8f\x87\xD0\x18\x8f\xA0\xE6\x96\x08\x82\xBfC\x1d\xC9\xB6C\xFf\x01\x00\x01\x00>>>\xF9\xFb}{\xC0\xFag\xC6G...\x00\x00\x00\x00\x00\x00\x00}
02:10:03.258 [qtp399373008-55] DEBUG org.eclipse.jetty.io.ssl.SslConnection - net filled=339
02:10:03.258 [qtp399373008-55] DEBUG org.eclipse.jetty.io.ssl.SslConnection - fill starting handshake SslConnection@e30ba00::SocketChannelEndPoint@389e615{l=/127.0.0.1:33277,r=/127.0.0.1:47714,OPEN,fill=-,flush=-,to=0/30000}{io=0/0,kio=0,kro=1}->SslConnection@e30ba00{NOT_HANDSHAKING,eio=339/-1,di=-1,fill=IDLE,flush=IDLE}~>DecryptedEndPoint@3b72a359{l=/127.0.0.1:33277,r=/127.0.0.1:47714,OPEN,fill=-,flush=-,to=2/30000}=>HttpConnection@26a4874f[p=HttpParser{s=START,0 of -1},g=HttpGenerator@2076a8f4{s=START}]=>HttpChannelOverHttp@4314df11{s=HttpChannelState@77075ae2{s=IDLE rs=BLOCKING os=OPEN is=IDLE awp=false se=false i=true al=0},r=0,c=false/false,a=IDLE,uri=null,age=0}
02:10:03.258 [qtp399373008-55] DEBUG org.eclipse.jetty.io.ssl.SslConnection - unwrap net_filled=339 Status = OK HandshakeStatus = NEED_TASK bytesConsumed = 339 bytesProduced = 0 encryptedBuffer=[p=339,l=339,c=17408,r=0] unwrapBuffer=HeapByteBuffer@816b3[p=0,l=0,c=17408,r=0]={<<<>>>\x17\x03\x03\x00\xC9=\xCf\xD0\xFf...\x00\x00\x00\x00\x00\x00\x00} appBuffer=HeapByteBuffer@816b3[p=0,l=0,c=17408,r=0]={<<<>>>\x17\x03\x03\x00\xC9=\xCf\xD0\xFf...\x00\x00\x00\x00\x00\x00\x00}
02:10:03.258 [qtp399373008-55] DEBUG org.eclipse.jetty.io.ssl.SslConnection - fill NEED_TASK
02:10:03.265 [qtp399373008-55] DEBUG org.eclipse.jetty.io.ssl.SslConnection - fill NEED_WRAP
02:10:03.265 [qtp399373008-55] DEBUG org.eclipse.jetty.io.ssl.SslConnection - >flush SslConnection@e30ba00::SocketChannelEndPoint@389e615{l=/127.0.0.1:33277,r=/127.0.0.1:47714,OPEN,fill=-,flush=-,to=7/30000}{io=0/0,kio=0,kro=1}->SslConnection@e30ba00{NEED_WRAP,eio=0/-1,di=-1,fill=IDLE,flush=IDLE}~>DecryptedEndPoint@3b72a359{l=/127.0.0.1:33277,r=/127.0.0.1:47714,OPEN,fill=-,flush=-,to=10/30000}=>HttpConnection@26a4874f[p=HttpParser{s=START,0 of -1},g=HttpGenerator@2076a8f4{s=START}]=>HttpChannelOverHttp@4314df11{s=HttpChannelState@77075ae2{s=IDLE rs=BLOCKING os=OPEN is=IDLE awp=false se=false i=true al=0},r=0,c=false/false,a=IDLE,uri=null,age=0}
02:10:03.265 [qtp399373008-55] DEBUG org.eclipse.jetty.io.ssl.SslConnection - flush b[0]=HeapByteBuffer@58b1a525[p=0,l=0,c=0,r=0]={<<<>>>}
02:10:03.265 [qtp399373008-55] DEBUG org.eclipse.jetty.io.ssl.SslConnection - flush NEED_WRAP
02:10:03.265 [qtp399373008-55] DEBUG org.eclipse.jetty.io.ssl.SslConnection - wrap Status = OK HandshakeStatus = NEED_WRAP bytesConsumed = 0 bytesProduced = 160 [p=0,l=160,c=17408,r=160] ioDone=false/false
02:10:03.265 [qtp399373008-55] DEBUG org.eclipse.jetty.io.ChannelEndPoint - flushed 160 SocketChannelEndPoint@389e615{l=/127.0.0.1:33277,r=/127.0.0.1:47714,OPEN,fill=-,flush=-,to=7/30000}{io=0/0,kio=0,kro=1}->SslConnection@e30ba00{NEED_WRAP,eio=0/0,di=-1,fill=IDLE,flush=IDLE}~>DecryptedEndPoint@3b72a359{l=/127.0.0.1:33277,r=/127.0.0.1:47714,OPEN,fill=-,flush=-,to=10/30000}=>HttpConnection@26a4874f[p=HttpParser{s=START,0 of -1},g=HttpGenerator@2076a8f4{s=START}]=>HttpChannelOverHttp@4314df11{s=HttpChannelState@77075ae2{s=IDLE rs=BLOCKING os=OPEN is=IDLE awp=false se=false i=true al=0},r=0,c=false/false,a=IDLE,uri=null,age=0}
02:10:03.265 [qtp399373008-55] DEBUG org.eclipse.jetty.io.ssl.SslConnection - net flushed=true, ac=true
02:10:03.265 [qtp399373008-55] DEBUG org.eclipse.jetty.io.ssl.SslConnection - flush NEED_WRAP
02:10:03.266 [qtp399373008-55] DEBUG org.eclipse.jetty.io.ssl.SslConnection - wrap Status = OK HandshakeStatus = NEED_WRAP bytesConsumed = 0 bytesProduced = 6 [p=0,l=6,c=17408,r=6] ioDone=false/false
02:10:03.266 [qtp399373008-55] DEBUG org.eclipse.jetty.io.ChannelEndPoint - flushed 6 SocketChannelEndPoint@389e615{l=/127.0.0.1:33277,r=/127.0.0.1:47714,OPEN,fill=-,flush=-,to=0/30000}{io=0/0,kio=0,kro=1}->SslConnection@e30ba00{NEED_WRAP,eio=0/0,di=-1,fill=IDLE,flush=IDLE}~>DecryptedEndPoint@3b72a359{l=/127.0.0.1:33277,r=/127.0.0.1:47714,OPEN,fill=-,flush=-,to=10/30000}=>HttpConnection@26a4874f[p=HttpParser{s=START,0 of -1},g=HttpGenerator@2076a8f4{s=START}]=>HttpChannelOverHttp@4314df11{s=HttpChannelState@77075ae2{s=IDLE rs=BLOCKING os=OPEN is=IDLE awp=false se=false i=true al=0},r=0,c=false/false,a=IDLE,uri=null,age=0}
02:10:03.266 [qtp399373008-55] DEBUG org.eclipse.jetty.io.ssl.SslConnection - net flushed=true, ac=true
02:10:03.266 [qtp399373008-55] DEBUG org.eclipse.jetty.io.ssl.SslConnection - flush NEED_WRAP
02:10:03.266 [qtp399373008-55] DEBUG org.eclipse.jetty.io.ssl.SslConnection - wrap Status = OK HandshakeStatus = NEED_UNWRAP bytesConsumed = 0 bytesProduced = 1597 [p=0,l=1597,c=17408,r=1597] ioDone=false/false
02:10:03.266 [qtp399373008-55] DEBUG org.eclipse.jetty.io.ChannelEndPoint - flushed 1597 SocketChannelEndPoint@389e615{l=/127.0.0.1:33277,r=/127.0.0.1:47714,OPEN,fill=-,flush=-,to=0/30000}{io=0/0,kio=0,kro=1}->SslConnection@e30ba00{NEED_UNWRAP,eio=0/0,di=-1,fill=IDLE,flush=IDLE}~>DecryptedEndPoint@3b72a359{l=/127.0.0.1:33277,r=/127.0.0.1:47714,OPEN,fill=-,flush=-,to=11/30000}=>HttpConnection@26a4874f[p=HttpParser{s=START,0 of -1},g=HttpGenerator@2076a8f4{s=START}]=>HttpChannelOverHttp@4314df11{s=HttpChannelState@77075ae2{s=IDLE rs=BLOCKING os=OPEN is=IDLE awp=false se=false i=true al=0},r=0,c=false/false,a=IDLE,uri=null,age=0}
02:10:03.266 [qtp399373008-55] DEBUG org.eclipse.jetty.io.ssl.SslConnection - net flushed=true, ac=true
02:10:03.266 [qtp399373008-55] DEBUG org.eclipse.jetty.io.ssl.SslConnection - <flush true SslConnection@e30ba00::SocketChannelEndPoint@389e615{l=/127.0.0.1:33277,r=/127.0.0.1:47714,OPEN,fill=-,flush=-,to=0/30000}{io=0/0,kio=0,kro=1}->SslConnection@e30ba00{NEED_UNWRAP,eio=0/-1,di=-1,fill=IDLE,flush=IDLE}~>DecryptedEndPoint@3b72a359{l=/127.0.0.1:33277,r=/127.0.0.1:47714,OPEN,fill=-,flush=-,to=11/30000}=>HttpConnection@26a4874f[p=HttpParser{s=START,0 of -1},g=HttpGenerator@2076a8f4{s=START}]=>HttpChannelOverHttp@4314df11{s=HttpChannelState@77075ae2{s=IDLE rs=BLOCKING os=OPEN is=IDLE awp=false se=false i=true al=0},r=0,c=false/false,a=IDLE,uri=null,age=0}
02:10:03.266 [qtp399373008-55] DEBUG org.eclipse.jetty.io.ssl.SslConnection - fill NEED_UNWRAP
02:10:03.266 [qtp399373008-55] DEBUG org.eclipse.jetty.io.ChannelEndPoint - filled 0 HeapByteBuffer@30c33a9d[p=0,l=0,c=17408,r=0]={<<<>>>\x16\x03\x03\x01N\x01\x00\x01J...\x00\x00\x00\x00\x00\x00\x00}
02:10:03.266 [qtp399373008-55] DEBUG org.eclipse.jetty.io.ssl.SslConnection - net filled=0
02:10:03.266 [qtp399373008-55] DEBUG org.eclipse.jetty.io.ssl.SslConnection - unwrap net_filled=0 Status = BUFFER_UNDERFLOW HandshakeStatus = NEED_UNWRAP bytesConsumed = 0 bytesProduced = 0 encryptedBuffer=[p=0,l=0,c=17408,r=0] unwrapBuffer=HeapByteBuffer@816b3[p=0,l=0,c=17408,r=0]={<<<>>>\x17\x03\x03\x00\xC9=\xCf\xD0\xFf...\x00\x00\x00\x00\x00\x00\x00} appBuffer=HeapByteBuffer@816b3[p=0,l=0,c=17408,r=0]={<<<>>>\x17\x03\x03\x00\xC9=\xCf\xD0\xFf...\x00\x00\x00\x00\x00\x00\x00}
02:10:03.266 [qtp399373008-55] DEBUG org.eclipse.jetty.io.ssl.SslConnection - <fill f=0 uf=true SslConnection@e30ba00::SocketChannelEndPoint@389e615{l=/127.0.0.1:33277,r=/127.0.0.1:47714,OPEN,fill=-,flush=-,to=0/30000}{io=0/0,kio=0,kro=1}->SslConnection@e30ba00{NEED_UNWRAP,eio=-1/-1,di=-1,fill=IDLE,flush=IDLE}~>DecryptedEndPoint@3b72a359{l=/127.0.0.1:33277,r=/127.0.0.1:47714,OPEN,fill=-,flush=-,to=11/30000}=>HttpConnection@26a4874f[p=HttpParser{s=START,0 of -1},g=HttpGenerator@2076a8f4{s=START}]=>HttpChannelOverHttp@4314df11{s=HttpChannelState@77075ae2{s=IDLE rs=BLOCKING os=OPEN is=IDLE awp=false se=false i=true al=0},r=0,c=false/false,a=IDLE,uri=null,age=0}
02:10:03.266 [qtp399373008-55] DEBUG org.eclipse.jetty.io.ssl.SslConnection - >fill SslConnection@e30ba00::SocketChannelEndPoint@389e615{l=/127.0.0.1:33277,r=/127.0.0.1:47714,OPEN,fill=-,flush=-,to=0/30000}{io=0/0,kio=0,kro=1}->SslConnection@e30ba00{NEED_UNWRAP,eio=-1/-1,di=-1,fill=IDLE,flush=IDLE}~>DecryptedEndPoint@3b72a359{l=/127.0.0.1:33277,r=/127.0.0.1:47714,OPEN,fill=-,flush=-,to=11/30000}=>HttpConnection@26a4874f[p=HttpParser{s=START,0 of -1},g=HttpGenerator@2076a8f4{s=START}]=>HttpChannelOverHttp@4314df11{s=HttpChannelState@77075ae2{s=IDLE rs=BLOCKING os=OPEN is=IDLE awp=false se=false i=true al=0},r=0,c=false/false,a=IDLE,uri=null,age=0}
02:10:03.266 [qtp399373008-55] DEBUG org.eclipse.jetty.io.ssl.SslConnection - fill NEED_UNWRAP
02:10:03.267 [qtp399373008-55] DEBUG org.eclipse.jetty.io.ChannelEndPoint - filled 0 HeapByteBuffer@ecff91a[p=0,l=0,c=17408,r=0]={<<<>>>\x17\x03\x03\x068 \x91\xCb1...\x00\x00\x00\x00\x00\x00\x00}
02:10:03.267 [qtp399373008-55] DEBUG org.eclipse.jetty.io.ssl.SslConnection - net filled=0
02:10:03.267 [qtp399373008-55] DEBUG org.eclipse.jetty.io.ssl.SslConnection - unwrap net_filled=0 Status = BUFFER_UNDERFLOW HandshakeStatus = NEED_UNWRAP bytesConsumed = 0 bytesProduced = 0 encryptedBuffer=[p=0,l=0,c=17408,r=0] unwrapBuffer=HeapByteBuffer@816b3[p=0,l=0,c=17408,r=0]={<<<>>>\x17\x03\x03\x00\xC9=\xCf\xD0\xFf...\x00\x00\x00\x00\x00\x00\x00} appBuffer=HeapByteBuffer@816b3[p=0,l=0,c=17408,r=0]={<<<>>>\x17\x03\x03\x00\xC9=\xCf\xD0\xFf...\x00\x00\x00\x00\x00\x00\x00}
02:10:03.267 [qtp399373008-55] DEBUG org.eclipse.jetty.io.ssl.SslConnection - <fill f=0 uf=true SslConnection@e30ba00::SocketChannelEndPoint@389e615{l=/127.0.0.1:33277,r=/127.0.0.1:47714,OPEN,fill=-,flush=-,to=0/30000}{io=0/0,kio=0,kro=1}->SslConnection@e30ba00{NEED_UNWRAP,eio=-1/-1,di=-1,fill=IDLE,flush=IDLE}~>DecryptedEndPoint@3b72a359{l=/127.0.0.1:33277,r=/127.0.0.1:47714,OPEN,fill=-,flush=-,to=11/30000}=>HttpConnection@26a4874f[p=HttpParser{s=START,0 of -1},g=HttpGenerator@2076a8f4{s=START}]=>HttpChannelOverHttp@4314df11{s=HttpChannelState@77075ae2{s=IDLE rs=BLOCKING os=OPEN is=IDLE awp=false se=false i=true al=0},r=0,c=false/false,a=IDLE,uri=null,age=0}
02:10:03.267 [qtp399373008-55] DEBUG org.eclipse.jetty.server.HttpConnection - HttpConnection@26a4874f::DecryptedEndPoint@3b72a359{l=/127.0.0.1:33277,r=/127.0.0.1:47714,OPEN,fill=-,flush=-,to=12/30000} filled 0 HeapByteBuffer@816b3[p=0,l=0,c=17408,r=0]={<<<>>>\x17\x03\x03\x00\xC9=\xCf\xD0\xFf...\x00\x00\x00\x00\x00\x00\x00}
02:10:03.267 [qtp399373008-55] DEBUG org.eclipse.jetty.server.HttpConnection - HttpConnection@26a4874f::DecryptedEndPoint@3b72a359{l=/127.0.0.1:33277,r=/127.0.0.1:47714,OPEN,fill=-,flush=-,to=12/30000} parse HeapByteBuffer@816b3[p=0,l=0,c=17408,r=0]={<<<>>>\x17\x03\x03\x00\xC9=\xCf\xD0\xFf...\x00\x00\x00\x00\x00\x00\x00} {}
02:10:03.267 [qtp399373008-55] DEBUG org.eclipse.jetty.http.HttpParser - parseNext s=START HeapByteBuffer@816b3[p=0,l=0,c=17408,r=0]={<<<>>>\x17\x03\x03\x00\xC9=\xCf\xD0\xFf...\x00\x00\x00\x00\x00\x00\x00}
02:10:03.267 [qtp399373008-55] DEBUG org.eclipse.jetty.server.HttpConnection - HttpConnection@26a4874f::DecryptedEndPoint@3b72a359{l=/127.0.0.1:33277,r=/127.0.0.1:47714,OPEN,fill=-,flush=-,to=12/30000} parsed false HttpParser{s=START,0 of -1}
02:10:03.267 [qtp399373008-55] DEBUG org.eclipse.jetty.server.HttpConnection - releaseRequestBuffer HttpConnection@26a4874f::DecryptedEndPoint@3b72a359{l=/127.0.0.1:33277,r=/127.0.0.1:47714,OPEN,fill=-,flush=-,to=12/30000}
02:10:03.267 [qtp399373008-55] DEBUG org.eclipse.jetty.io.AbstractConnection - fillInterested HttpConnection@26a4874f::DecryptedEndPoint@3b72a359{l=/127.0.0.1:33277,r=/127.0.0.1:47714,OPEN,fill=-,flush=-,to=12/30000}
02:10:03.267 [qtp399373008-55] DEBUG org.eclipse.jetty.io.FillInterest - interested FillInterest@22eadd4a{AC.ReadCB@26a4874f{HttpConnection@26a4874f::DecryptedEndPoint@3b72a359{l=/127.0.0.1:33277,r=/127.0.0.1:47714,OPEN,fill=FI,flush=-,to=0/30000}}}
02:10:03.267 [qtp399373008-55] DEBUG org.eclipse.jetty.io.ssl.SslConnection - >needFillInterest s=IDLE/IDLE uf=true ei=null di=null SslConnection@e30ba00::SocketChannelEndPoint@389e615{l=/127.0.0.1:33277,r=/127.0.0.1:47714,OPEN,fill=-,flush=-,to=1/30000}{io=0/0,kio=0,kro=1}->SslConnection@e30ba00{NEED_UNWRAP,eio=-1/-1,di=-1,fill=IDLE,flush=IDLE}~>DecryptedEndPoint@3b72a359{l=/127.0.0.1:33277,r=/127.0.0.1:47714,OPEN,fill=FI,flush=-,to=0/30000}=>HttpConnection@26a4874f[p=HttpParser{s=START,0 of -1},g=HttpGenerator@2076a8f4{s=START}]=>HttpChannelOverHttp@4314df11{s=HttpChannelState@77075ae2{s=IDLE rs=BLOCKING os=OPEN is=IDLE awp=false se=false i=true al=0},r=0,c=false/false,a=IDLE,uri=null,age=0}
02:10:03.267 [qtp399373008-55] DEBUG org.eclipse.jetty.io.ssl.SslConnection - <needFillInterest s=IDLE/INTERESTED f=false i=true w=null
02:10:03.267 [qtp399373008-55] DEBUG org.eclipse.jetty.io.ssl.SslConnection - ensureFillInterested SslConnection@e30ba00::SocketChannelEndPoint@389e615{l=/127.0.0.1:33277,r=/127.0.0.1:47714,OPEN,fill=-,flush=-,to=1/30000}{io=0/0,kio=0,kro=1}->SslConnection@e30ba00{NEED_UNWRAP,eio=-1/-1,di=-1,fill=INTERESTED,flush=IDLE}~>DecryptedEndPoint@3b72a359{l=/127.0.0.1:33277,r=/127.0.0.1:47714,OPEN,fill=FI,flush=-,to=0/30000}=>HttpConnection@26a4874f[p=HttpParser{s=START,0 of -1},g=HttpGenerator@2076a8f4{s=START}]=>HttpChannelOverHttp@4314df11{s=HttpChannelState@77075ae2{s=IDLE rs=BLOCKING os=OPEN is=IDLE awp=false se=false i=true al=0},r=0,c=false/false,a=IDLE,uri=null,age=0}
02:10:03.267 [qtp399373008-55] DEBUG org.eclipse.jetty.io.FillInterest - interested FillInterest@82b721a{SSLC.NBReadCB@e30ba00{SslConnection@e30ba00::SocketChannelEndPoint@389e615{l=/127.0.0.1:33277,r=/127.0.0.1:47714,OPEN,fill=FI,flush=-,to=0/30000}{io=0/0,kio=0,kro=1}->SslConnection@e30ba00{NEED_UNWRAP,eio=-1/-1,di=-1,fill=INTERESTED,flush=IDLE}~>DecryptedEndPoint@3b72a359{l=/127.0.0.1:33277,r=/127.0.0.1:47714,OPEN,fill=FI,flush=-,to=0/30000}=>HttpConnection@26a4874f[p=HttpParser{s=START,0 of -1},g=HttpGenerator@2076a8f4{s=START}]=>HttpChannelOverHttp@4314df11{s=HttpChannelState@77075ae2{s=IDLE rs=BLOCKING os=OPEN is=IDLE awp=false se=false i=true al=0},r=0,c=false/false,a=IDLE,uri=null,age=0}}}
02:10:03.267 [qtp399373008-55] DEBUG org.eclipse.jetty.io.ChannelEndPoint - changeInterests p=false 0->1 for SocketChannelEndPoint@389e615{l=/127.0.0.1:33277,r=/127.0.0.1:47714,OPEN,fill=FI,flush=-,to=0/30000}{io=0/1,kio=0,kro=1}->SslConnection@e30ba00{NEED_UNWRAP,eio=-1/-1,di=-1,fill=INTERESTED,flush=IDLE}~>DecryptedEndPoint@3b72a359{l=/127.0.0.1:33277,r=/127.0.0.1:47714,OPEN,fill=FI,flush=-,to=0/30000}=>HttpConnection@26a4874f[p=HttpParser{s=START,0 of -1},g=HttpGenerator@2076a8f4{s=START}]=>HttpChannelOverHttp@4314df11{s=HttpChannelState@77075ae2{s=IDLE rs=BLOCKING os=OPEN is=IDLE awp=false se=false i=true al=0},r=0,c=false/false,a=IDLE,uri=null,age=0}
02:10:03.267 [qtp399373008-55] DEBUG org.eclipse.jetty.io.ManagedSelector - Queued change lazy=false org.eclipse.jetty.io.ChannelEndPoint$$Lambda$255/1830220082@3c029a5 on ManagedSelector@4e70a728{STARTED} id=0 keys=1 selected=0 updates=0
02:10:03.267 [qtp399373008-55] DEBUG org.eclipse.jetty.io.ManagedSelector - Wakeup on submit ManagedSelector@4e70a728{STARTED} id=0 keys=1 selected=0 updates=1
02:10:03.268 [qtp399373008-57] DEBUG org.eclipse.jetty.io.ManagedSelector - Selector sun.nio.ch.EPollSelectorImpl@724c02dc woken with none selected
02:10:03.268 [qtp399373008-55] DEBUG org.eclipse.jetty.server.HttpConnection - HttpConnection@26a4874f::DecryptedEndPoint@3b72a359{l=/127.0.0.1:33277,r=/127.0.0.1:47714,OPEN,fill=FI,flush=-,to=0/30000} onFillable exit HttpChannelState@77075ae2{s=IDLE rs=BLOCKING os=OPEN is=IDLE awp=false se=false i=true al=0} null
02:10:03.268 [qtp399373008-57] DEBUG org.eclipse.jetty.io.ManagedSelector - Selector sun.nio.ch.EPollSelectorImpl@724c02dc woken up from select, 0/0/1 selected
02:10:03.268 [qtp399373008-57] DEBUG org.eclipse.jetty.io.ManagedSelector - Selector sun.nio.ch.EPollSelectorImpl@724c02dc processing 0 keys, 1 updates
02:10:03.268 [qtp399373008-57] DEBUG org.eclipse.jetty.io.ManagedSelector - updateable 1
02:10:03.268 [qtp399373008-57] DEBUG org.eclipse.jetty.io.ManagedSelector - update org.eclipse.jetty.io.ChannelEndPoint$$Lambda$255/1830220082@3c029a5
02:10:03.268 [qtp399373008-55] DEBUG org.eclipse.jetty.io.ssl.SslConnection - <c.onFillable SslConnection@e30ba00::SocketChannelEndPoint@389e615{l=/127.0.0.1:33277,r=/127.0.0.1:47714,OPEN,fill=FI,flush=-,to=0/30000}{io=0/1,kio=0,kro=1}->SslConnection@e30ba00{NEED_UNWRAP,eio=-1/-1,di=-1,fill=INTERESTED,flush=IDLE}~>DecryptedEndPoint@3b72a359{l=/127.0.0.1:33277,r=/127.0.0.1:47714,OPEN,fill=FI,flush=-,to=0/30000}=>HttpConnection@26a4874f[p=HttpParser{s=START,0 of -1},g=HttpGenerator@2076a8f4{s=START}]=>HttpChannelOverHttp@4314df11{s=HttpChannelState@77075ae2{s=IDLE rs=BLOCKING os=OPEN is=IDLE awp=false se=false i=true al=0},r=0,c=false/false,a=IDLE,uri=null,age=0}
02:10:03.268 [qtp399373008-55] DEBUG org.eclipse.jetty.util.thread.QueuedThreadPool - ran org.eclipse.jetty.io.ManagedSelector$$Lambda$253/838473569@7fe7c640 in QueuedThreadPool[qtp399373008]@17cdf2d0{STARTED,8<=8<=200,i=1,r=-1,q=0}[ReservedThreadExecutor@424fd310{reserved=1/8,pending=0}]
02:10:03.268 [qtp399373008-57] DEBUG org.eclipse.jetty.io.ChannelEndPoint - Key interests updated 0 -> 1 on SocketChannelEndPoint@389e615{l=/127.0.0.1:33277,r=/127.0.0.1:47714,OPEN,fill=FI,flush=-,to=0/30000}{io=1/1,kio=1,kro=1}->SslConnection@e30ba00{NEED_UNWRAP,eio=-1/-1,di=-1,fill=INTERESTED,flush=IDLE}~>DecryptedEndPoint@3b72a359{l=/127.0.0.1:33277,r=/127.0.0.1:47714,OPEN,fill=FI,flush=-,to=0/30000}=>HttpConnection@26a4874f[p=HttpParser{s=START,0 of -1},g=HttpGenerator@2076a8f4{s=START}]=>HttpChannelOverHttp@4314df11{s=HttpChannelState@77075ae2{s=IDLE rs=BLOCKING os=OPEN is=IDLE awp=false se=false i=true al=0},r=0,c=false/false,a=IDLE,uri=null,age=0}
02:10:03.268 [qtp399373008-57] DEBUG org.eclipse.jetty.io.ManagedSelector - updates 0
02:10:03.268 [qtp399373008-57] DEBUG org.eclipse.jetty.io.ManagedSelector - Selector sun.nio.ch.EPollSelectorImpl@724c02dc waiting with 1 keys
02:10:03.269 [qtp399373008-57] DEBUG org.eclipse.jetty.io.ManagedSelector - Selector sun.nio.ch.EPollSelectorImpl@724c02dc woken up from select, 1/1/1 selected
02:10:03.269 [qtp399373008-57] DEBUG org.eclipse.jetty.io.ManagedSelector - Selector sun.nio.ch.EPollSelectorImpl@724c02dc processing 1 keys, 0 updates
02:10:03.269 [qtp399373008-57] DEBUG org.eclipse.jetty.io.ManagedSelector - selected 1 sun.nio.ch.SelectionKeyImpl@7c8bf2e5 SocketChannelEndPoint@389e615{l=/127.0.0.1:33277,r=/127.0.0.1:47714,OPEN,fill=FI,flush=-,to=1/30000}{io=1/1,kio=1,kro=1}->SslConnection@e30ba00{NEED_UNWRAP,eio=-1/-1,di=-1,fill=INTERESTED,flush=IDLE}~>DecryptedEndPoint@3b72a359{l=/127.0.0.1:33277,r=/127.0.0.1:47714,OPEN,fill=FI,flush=-,to=2/30000}=>HttpConnection@26a4874f[p=HttpParser{s=START,0 of -1},g=HttpGenerator@2076a8f4{s=START}]=>HttpChannelOverHttp@4314df11{s=HttpChannelState@77075ae2{s=IDLE rs=BLOCKING os=OPEN is=IDLE awp=false se=false i=true al=0},r=0,c=false/false,a=IDLE,uri=null,age=0} 
02:10:03.269 [qtp399373008-57] DEBUG org.eclipse.jetty.io.ChannelEndPoint - onSelected 1->0 r=true w=false for SocketChannelEndPoint@389e615{l=/127.0.0.1:33277,r=/127.0.0.1:47714,OPEN,fill=FI,flush=-,to=1/30000}{io=1/0,kio=1,kro=1}->SslConnection@e30ba00{NEED_UNWRAP,eio=-1/-1,di=-1,fill=INTERESTED,flush=IDLE}~>DecryptedEndPoint@3b72a359{l=/127.0.0.1:33277,r=/127.0.0.1:47714,OPEN,fill=FI,flush=-,to=2/30000}=>HttpConnection@26a4874f[p=HttpParser{s=START,0 of -1},g=HttpGenerator@2076a8f4{s=START}]=>HttpChannelOverHttp@4314df11{s=HttpChannelState@77075ae2{s=IDLE rs=BLOCKING os=OPEN is=IDLE awp=false se=false i=true al=0},r=0,c=false/false,a=IDLE,uri=null,age=0}
02:10:03.269 [qtp399373008-57] DEBUG org.eclipse.jetty.io.ChannelEndPoint - task CEP:SocketChannelEndPoint@389e615{l=/127.0.0.1:33277,r=/127.0.0.1:47714,OPEN,fill=FI,flush=-,to=2/30000}{io=1/0,kio=1,kro=1}->SslConnection@e30ba00{NEED_UNWRAP,eio=-1/-1,di=-1,fill=INTERESTED,flush=IDLE}~>DecryptedEndPoint@3b72a359{l=/127.0.0.1:33277,r=/127.0.0.1:47714,OPEN,fill=FI,flush=-,to=2/30000}=>HttpConnection@26a4874f[p=HttpParser{s=START,0 of -1},g=HttpGenerator@2076a8f4{s=START}]=>HttpChannelOverHttp@4314df11{s=HttpChannelState@77075ae2{s=IDLE rs=BLOCKING os=OPEN is=IDLE awp=false se=false i=true al=0},r=0,c=false/false,a=IDLE,uri=null,age=0}:runFillable:BLOCKING
02:10:03.269 [qtp399373008-57] DEBUG org.eclipse.jetty.util.thread.ReservedThreadExecutor - ReservedThreadExecutor@424fd310{reserved=1/8,pending=0} tryExecute EatWhatYouKill@4e858e0a/SelectorProducer@435fb7b5/PRODUCING/p=false/QueuedThreadPool[qtp399373008]@17cdf2d0{STARTED,8<=8<=200,i=2,r=-1,q=0}[ReservedThreadExecutor@424fd310{reserved=1/8,pending=0}][pc=0,pic=0,pec=0,epc=1]@2024-05-02T02:10:03.269+01:00
02:10:03.269 [qtp399373008-57] DEBUG org.eclipse.jetty.util.thread.ReservedThreadExecutor - ReservedThreadExecutor@424fd310{reserved=0/8,pending=1} startReservedThread p=1
02:10:03.269 [qtp399373008-57] DEBUG org.eclipse.jetty.util.thread.QueuedThreadPool - queue ReservedThread@6c2b5769{PENDING,thread=null} startThread=0
02:10:03.269 [qtp399373008-59] DEBUG org.eclipse.jetty.util.thread.QueuedThreadPool - run ReservedThread@6c2b5769{PENDING,thread=null} in QueuedThreadPool[qtp399373008]@17cdf2d0{STARTED,8<=8<=200,i=1,r=-1,q=0}[ReservedThreadExecutor@424fd310{reserved=0/8,pending=1}]
02:10:03.269 [qtp399373008-59] DEBUG org.eclipse.jetty.util.thread.ReservedThreadExecutor - ReservedThread@6c2b5769{PENDING,thread=Thread[qtp399373008-59,5,main]} was=PENDING next=RESERVED size=0+1 capacity=8
02:10:03.269 [qtp399373008-59] DEBUG org.eclipse.jetty.util.thread.ReservedThreadExecutor - ReservedThread@6c2b5769{RESERVED,thread=Thread[qtp399373008-59,5,main]} waiting ReservedThreadExecutor@424fd310{reserved=1/8,pending=0}
02:10:03.270 [qtp399373008-58] DEBUG org.eclipse.jetty.util.thread.ReservedThreadExecutor - ReservedThread@327610e2{RESERVED,thread=Thread[qtp399373008-58,5,main]} task=EatWhatYouKill@4e858e0a/SelectorProducer@435fb7b5/IDLE/p=true/QueuedThreadPool[qtp399373008]@17cdf2d0{STARTED,8<=8<=200,i=1,r=-1,q=0}[ReservedThreadExecutor@424fd310{reserved=0/8,pending=1}][pc=0,pic=0,pec=0,epc=1]@2024-05-02T02:10:03.269+01:00 ReservedThreadExecutor@424fd310{reserved=1/8,pending=0}
02:10:03.270 [qtp399373008-57] DEBUG org.eclipse.jetty.util.thread.strategy.EatWhatYouKill - EatWhatYouKill@4e858e0a/SelectorProducer@435fb7b5/IDLE/p=true/QueuedThreadPool[qtp399373008]@17cdf2d0{STARTED,8<=8<=200,i=1,r=-1,q=0}[ReservedThreadExecutor@424fd310{reserved=1/8,pending=0}][pc=0,pic=0,pec=0,epc=1]@2024-05-02T02:10:03.27+01:00 m=EXECUTE_PRODUCE_CONSUME t=CEP:SocketChannelEndPoint@389e615{l=/127.0.0.1:33277,r=/127.0.0.1:47714,OPEN,fill=FI,flush=-,to=2/30000}{io=1/0,kio=1,kro=1}->SslConnection@e30ba00{NEED_UNWRAP,eio=-1/-1,di=-1,fill=INTERESTED,flush=IDLE}~>DecryptedEndPoint@3b72a359{l=/127.0.0.1:33277,r=/127.0.0.1:47714,OPEN,fill=FI,flush=-,to=2/30000}=>HttpConnection@26a4874f[p=HttpParser{s=START,0 of -1},g=HttpGenerator@2076a8f4{s=START}]=>HttpChannelOverHttp@4314df11{s=HttpChannelState@77075ae2{s=IDLE rs=BLOCKING os=OPEN is=IDLE awp=false se=false i=true al=0},r=0,c=false/false,a=IDLE,uri=null,age=0}:runFillable:BLOCKING/BLOCKING
02:10:03.270 [qtp399373008-58] DEBUG org.eclipse.jetty.util.thread.strategy.EatWhatYouKill - EatWhatYouKill@4e858e0a/SelectorProducer@435fb7b5/IDLE/p=true/QueuedThreadPool[qtp399373008]@17cdf2d0{STARTED,8<=8<=200,i=1,r=-1,q=0}[ReservedThreadExecutor@424fd310{reserved=1/8,pending=0}][pc=0,pic=0,pec=0,epc=1]@2024-05-02T02:10:03.27+01:00 tryProduce true
02:10:03.270 [qtp399373008-58] DEBUG org.eclipse.jetty.io.ManagedSelector - updateable 0
02:10:03.270 [qtp399373008-58] DEBUG org.eclipse.jetty.io.ManagedSelector - updates 0
02:10:03.270 [qtp399373008-57] DEBUG org.eclipse.jetty.io.FillInterest - fillable FillInterest@82b721a{SSLC.NBReadCB@e30ba00{SslConnection@e30ba00::SocketChannelEndPoint@389e615{l=/127.0.0.1:33277,r=/127.0.0.1:47714,OPEN,fill=FI,flush=-,to=2/30000}{io=1/0,kio=1,kro=1}->SslConnection@e30ba00{NEED_UNWRAP,eio=-1/-1,di=-1,fill=INTERESTED,flush=IDLE}~>DecryptedEndPoint@3b72a359{l=/127.0.0.1:33277,r=/127.0.0.1:47714,OPEN,fill=FI,flush=-,to=2/30000}=>HttpConnection@26a4874f[p=HttpParser{s=START,0 of -1},g=HttpGenerator@2076a8f4{s=START}]=>HttpChannelOverHttp@4314df11{s=HttpChannelState@77075ae2{s=IDLE rs=BLOCKING os=OPEN is=IDLE awp=false se=false i=true al=0},r=0,c=false/false,a=IDLE,uri=null,age=0}}}
02:10:03.270 [qtp399373008-57] DEBUG org.eclipse.jetty.io.ssl.SslConnection - >c.onFillable SslConnection@e30ba00::SocketChannelEndPoint@389e615{l=/127.0.0.1:33277,r=/127.0.0.1:47714,OPEN,fill=-,flush=-,to=2/30000}{io=0/0,kio=0,kro=1}->SslConnection@e30ba00{NEED_UNWRAP,eio=-1/-1,di=-1,fill=INTERESTED,flush=IDLE}~>DecryptedEndPoint@3b72a359{l=/127.0.0.1:33277,r=/127.0.0.1:47714,OPEN,fill=FI,flush=-,to=2/30000}=>HttpConnection@26a4874f[p=HttpParser{s=START,0 of -1},g=HttpGenerator@2076a8f4{s=START}]=>HttpChannelOverHttp@4314df11{s=HttpChannelState@77075ae2{s=IDLE rs=BLOCKING os=OPEN is=IDLE awp=false se=false i=true al=0},r=0,c=false/false,a=IDLE,uri=null,age=0}
02:10:03.270 [qtp399373008-58] DEBUG org.eclipse.jetty.io.ChannelEndPoint - Key interests updated 1 -> 0 on SocketChannelEndPoint@389e615{l=/127.0.0.1:33277,r=/127.0.0.1:47714,OPEN,fill=FI,flush=-,to=2/30000}{io=0/0,kio=0,kro=1}->SslConnection@e30ba00{NEED_UNWRAP,eio=-1/-1,di=-1,fill=INTERESTED,flush=IDLE}~>DecryptedEndPoint@3b72a359{l=/127.0.0.1:33277,r=/127.0.0.1:47714,OPEN,fill=FI,flush=-,to=2/30000}=>HttpConnection@26a4874f[p=HttpParser{s=START,0 of -1},g=HttpGenerator@2076a8f4{s=START}]=>HttpChannelOverHttp@4314df11{s=HttpChannelState@77075ae2{s=IDLE rs=BLOCKING os=OPEN is=IDLE awp=false se=false i=true al=0},r=0,c=false/false,a=IDLE,uri=null,age=0}
02:10:03.270 [qtp399373008-57] DEBUG org.eclipse.jetty.io.ssl.SslConnection - onFillable SslConnection@e30ba00::SocketChannelEndPoint@389e615{l=/127.0.0.1:33277,r=/127.0.0.1:47714,OPEN,fill=-,flush=-,to=2/30000}{io=0/0,kio=0,kro=1}->SslConnection@e30ba00{NEED_UNWRAP,eio=-1/-1,di=-1,fill=INTERESTED,flush=IDLE}~>DecryptedEndPoint@3b72a359{l=/127.0.0.1:33277,r=/127.0.0.1:47714,OPEN,fill=FI,flush=-,to=2/30000}=>HttpConnection@26a4874f[p=HttpParser{s=START,0 of -1},g=HttpGenerator@2076a8f4{s=START}]=>HttpChannelOverHttp@4314df11{s=HttpChannelState@77075ae2{s=IDLE rs=BLOCKING os=OPEN is=IDLE awp=false se=false i=true al=0},r=0,c=false/false,a=IDLE,uri=null,age=0}
02:10:03.270 [qtp399373008-58] DEBUG org.eclipse.jetty.io.ManagedSelector - Selector sun.nio.ch.EPollSelectorImpl@724c02dc waiting with 1 keys
02:10:03.270 [qtp399373008-57] DEBUG org.eclipse.jetty.io.FillInterest - fillable FillInterest@22eadd4a{AC.ReadCB@26a4874f{HttpConnection@26a4874f::DecryptedEndPoint@3b72a359{l=/127.0.0.1:33277,r=/127.0.0.1:47714,OPEN,fill=FI,flush=-,to=2/30000}}}
02:10:03.270 [qtp399373008-57] DEBUG org.eclipse.jetty.server.HttpConnection - HttpConnection@26a4874f::DecryptedEndPoint@3b72a359{l=/127.0.0.1:33277,r=/127.0.0.1:47714,OPEN,fill=-,flush=-,to=2/30000} onFillable enter HttpChannelState@77075ae2{s=IDLE rs=BLOCKING os=OPEN is=IDLE awp=false se=false i=true al=0} null
02:10:03.270 [qtp399373008-57] DEBUG org.eclipse.jetty.io.ssl.SslConnection - >fill SslConnection@e30ba00::SocketChannelEndPoint@389e615{l=/127.0.0.1:33277,r=/127.0.0.1:47714,OPEN,fill=-,flush=-,to=2/30000}{io=0/0,kio=0,kro=1}->SslConnection@e30ba00{NEED_UNWRAP,eio=-1/-1,di=-1,fill=IDLE,flush=IDLE}~>DecryptedEndPoint@3b72a359{l=/127.0.0.1:33277,r=/127.0.0.1:47714,OPEN,fill=-,flush=-,to=2/30000}=>HttpConnection@26a4874f[p=HttpParser{s=START,0 of -1},g=HttpGenerator@2076a8f4{s=START}]=>HttpChannelOverHttp@4314df11{s=HttpChannelState@77075ae2{s=IDLE rs=BLOCKING os=OPEN is=IDLE awp=false se=false i=true al=0},r=0,c=false/false,a=IDLE,uri=null,age=0}
02:10:03.270 [qtp399373008-57] DEBUG org.eclipse.jetty.io.ssl.SslConnection - fill NEED_UNWRAP
02:10:03.270 [qtp399373008-57] DEBUG org.eclipse.jetty.io.ChannelEndPoint - filled 6 HeapByteBuffer@ecff91a[p=0,l=6,c=17408,r=6]={<<<\x14\x03\x03\x00\x01\x01>>>\x91\xCb1hv\xA7Ip[...\x00\x00\x00\x00\x00\x00\x00}
02:10:03.270 [qtp399373008-57] DEBUG org.eclipse.jetty.io.ssl.SslConnection - net filled=6
02:10:03.270 [qtp399373008-57] DEBUG org.eclipse.jetty.io.ssl.SslConnection - unwrap net_filled=6 Status = OK HandshakeStatus = NEED_UNWRAP bytesConsumed = 6 bytesProduced = 0 encryptedBuffer=[p=6,l=6,c=17408,r=0] unwrapBuffer=HeapByteBuffer@30c33a9d[p=0,l=0,c=17408,r=0]={<<<>>>\x16\x03\x03\x01N\x01\x00\x01J...\x00\x00\x00\x00\x00\x00\x00} appBuffer=HeapByteBuffer@30c33a9d[p=0,l=0,c=17408,r=0]={<<<>>>\x16\x03\x03\x01N\x01\x00\x01J...\x00\x00\x00\x00\x00\x00\x00}
02:10:03.270 [qtp399373008-57] DEBUG org.eclipse.jetty.io.ssl.SslConnection - fill NEED_UNWRAP
02:10:03.270 [qtp399373008-57] DEBUG org.eclipse.jetty.io.ChannelEndPoint - filled 0 HeapByteBuffer@ecff91a[p=0,l=0,c=17408,r=0]={<<<>>>\x14\x03\x03\x00\x01\x01\x91\xCb1...\x00\x00\x00\x00\x00\x00\x00}
02:10:03.270 [qtp399373008-57] DEBUG org.eclipse.jetty.io.ssl.SslConnection - net filled=0
02:10:03.271 [qtp399373008-57] DEBUG org.eclipse.jetty.io.ssl.SslConnection - unwrap net_filled=0 Status = BUFFER_UNDERFLOW HandshakeStatus = NEED_UNWRAP bytesConsumed = 0 bytesProduced = 0 encryptedBuffer=[p=0,l=0,c=17408,r=0] unwrapBuffer=HeapByteBuffer@30c33a9d[p=0,l=0,c=17408,r=0]={<<<>>>\x16\x03\x03\x01N\x01\x00\x01J...\x00\x00\x00\x00\x00\x00\x00} appBuffer=HeapByteBuffer@30c33a9d[p=0,l=0,c=17408,r=0]={<<<>>>\x16\x03\x03\x01N\x01\x00\x01J...\x00\x00\x00\x00\x00\x00\x00}
02:10:03.271 [qtp399373008-57] DEBUG org.eclipse.jetty.io.ssl.SslConnection - <fill f=0 uf=true SslConnection@e30ba00::SocketChannelEndPoint@389e615{l=/127.0.0.1:33277,r=/127.0.0.1:47714,OPEN,fill=-,flush=-,to=0/30000}{io=0/0,kio=0,kro=1}->SslConnection@e30ba00{NEED_UNWRAP,eio=-1/-1,di=-1,fill=IDLE,flush=IDLE}~>DecryptedEndPoint@3b72a359{l=/127.0.0.1:33277,r=/127.0.0.1:47714,OPEN,fill=-,flush=-,to=3/30000}=>HttpConnection@26a4874f[p=HttpParser{s=START,0 of -1},g=HttpGenerator@2076a8f4{s=START}]=>HttpChannelOverHttp@4314df11{s=HttpChannelState@77075ae2{s=IDLE rs=BLOCKING os=OPEN is=IDLE awp=false se=false i=true al=0},r=0,c=false/false,a=IDLE,uri=null,age=0}
02:10:03.271 [qtp399373008-57] DEBUG org.eclipse.jetty.io.ssl.SslConnection - >fill SslConnection@e30ba00::SocketChannelEndPoint@389e615{l=/127.0.0.1:33277,r=/127.0.0.1:47714,OPEN,fill=-,flush=-,to=0/30000}{io=0/0,kio=0,kro=1}->SslConnection@e30ba00{NEED_UNWRAP,eio=-1/-1,di=-1,fill=IDLE,flush=IDLE}~>DecryptedEndPoint@3b72a359{l=/127.0.0.1:33277,r=/127.0.0.1:47714,OPEN,fill=-,flush=-,to=3/30000}=>HttpConnection@26a4874f[p=HttpParser{s=START,0 of -1},g=HttpGenerator@2076a8f4{s=START}]=>HttpChannelOverHttp@4314df11{s=HttpChannelState@77075ae2{s=IDLE rs=BLOCKING os=OPEN is=IDLE awp=false se=false i=true al=0},r=0,c=false/false,a=IDLE,uri=null,age=0}
02:10:03.271 [qtp399373008-57] DEBUG org.eclipse.jetty.io.ssl.SslConnection - fill NEED_UNWRAP
02:10:03.271 [qtp399373008-57] DEBUG org.eclipse.jetty.io.ChannelEndPoint - filled 0 HeapByteBuffer@816b3[p=0,l=0,c=17408,r=0]={<<<>>>\x17\x03\x03\x00\xC9=\xCf\xD0\xFf...\x00\x00\x00\x00\x00\x00\x00}
02:10:03.271 [qtp399373008-57] DEBUG org.eclipse.jetty.io.ssl.SslConnection - net filled=0
02:10:03.271 [qtp399373008-57] DEBUG org.eclipse.jetty.io.ssl.SslConnection - unwrap net_filled=0 Status = BUFFER_UNDERFLOW HandshakeStatus = NEED_UNWRAP bytesConsumed = 0 bytesProduced = 0 encryptedBuffer=[p=0,l=0,c=17408,r=0] unwrapBuffer=HeapByteBuffer@30c33a9d[p=0,l=0,c=17408,r=0]={<<<>>>\x16\x03\x03\x01N\x01\x00\x01J...\x00\x00\x00\x00\x00\x00\x00} appBuffer=HeapByteBuffer@30c33a9d[p=0,l=0,c=17408,r=0]={<<<>>>\x16\x03\x03\x01N\x01\x00\x01J...\x00\x00\x00\x00\x00\x00\x00}
02:10:03.271 [qtp399373008-57] DEBUG org.eclipse.jetty.io.ssl.SslConnection - <fill f=0 uf=true SslConnection@e30ba00::SocketChannelEndPoint@389e615{l=/127.0.0.1:33277,r=/127.0.0.1:47714,OPEN,fill=-,flush=-,to=0/30000}{io=0/0,kio=0,kro=1}->SslConnection@e30ba00{NEED_UNWRAP,eio=-1/-1,di=-1,fill=IDLE,flush=IDLE}~>DecryptedEndPoint@3b72a359{l=/127.0.0.1:33277,r=/127.0.0.1:47714,OPEN,fill=-,flush=-,to=3/30000}=>HttpConnection@26a4874f[p=HttpParser{s=START,0 of -1},g=HttpGenerator@2076a8f4{s=START}]=>HttpChannelOverHttp@4314df11{s=HttpChannelState@77075ae2{s=IDLE rs=BLOCKING os=OPEN is=IDLE awp=false se=false i=true al=0},r=0,c=false/false,a=IDLE,uri=null,age=0}
02:10:03.271 [qtp399373008-57] DEBUG org.eclipse.jetty.server.HttpConnection - HttpConnection@26a4874f::DecryptedEndPoint@3b72a359{l=/127.0.0.1:33277,r=/127.0.0.1:47714,OPEN,fill=-,flush=-,to=3/30000} filled 0 HeapByteBuffer@30c33a9d[p=0,l=0,c=17408,r=0]={<<<>>>\x16\x03\x03\x01N\x01\x00\x01J...\x00\x00\x00\x00\x00\x00\x00}
02:10:03.271 [qtp399373008-57] DEBUG org.eclipse.jetty.server.HttpConnection - HttpConnection@26a4874f::DecryptedEndPoint@3b72a359{l=/127.0.0.1:33277,r=/127.0.0.1:47714,OPEN,fill=-,flush=-,to=3/30000} parse HeapByteBuffer@30c33a9d[p=0,l=0,c=17408,r=0]={<<<>>>\x16\x03\x03\x01N\x01\x00\x01J...\x00\x00\x00\x00\x00\x00\x00} {}
02:10:03.271 [qtp399373008-57] DEBUG org.eclipse.jetty.http.HttpParser - parseNext s=START HeapByteBuffer@30c33a9d[p=0,l=0,c=17408,r=0]={<<<>>>\x16\x03\x03\x01N\x01\x00\x01J...\x00\x00\x00\x00\x00\x00\x00}
02:10:03.271 [qtp399373008-57] DEBUG org.eclipse.jetty.server.HttpConnection - HttpConnection@26a4874f::DecryptedEndPoint@3b72a359{l=/127.0.0.1:33277,r=/127.0.0.1:47714,OPEN,fill=-,flush=-,to=3/30000} parsed false HttpParser{s=START,0 of -1}
02:10:03.271 [qtp399373008-57] DEBUG org.eclipse.jetty.server.HttpConnection - releaseRequestBuffer HttpConnection@26a4874f::DecryptedEndPoint@3b72a359{l=/127.0.0.1:33277,r=/127.0.0.1:47714,OPEN,fill=-,flush=-,to=3/30000}
02:10:03.271 [qtp399373008-57] DEBUG org.eclipse.jetty.io.AbstractConnection - fillInterested HttpConnection@26a4874f::DecryptedEndPoint@3b72a359{l=/127.0.0.1:33277,r=/127.0.0.1:47714,OPEN,fill=-,flush=-,to=4/30000}
02:10:03.271 [qtp399373008-57] DEBUG org.eclipse.jetty.io.FillInterest - interested FillInterest@22eadd4a{AC.ReadCB@26a4874f{HttpConnection@26a4874f::DecryptedEndPoint@3b72a359{l=/127.0.0.1:33277,r=/127.0.0.1:47714,OPEN,fill=FI,flush=-,to=0/30000}}}
02:10:03.271 [qtp399373008-57] DEBUG org.eclipse.jetty.io.ssl.SslConnection - >needFillInterest s=IDLE/IDLE uf=true ei=null di=null SslConnection@e30ba00::SocketChannelEndPoint@389e615{l=/127.0.0.1:33277,r=/127.0.0.1:47714,OPEN,fill=-,flush=-,to=0/30000}{io=0/0,kio=0,kro=1}->SslConnection@e30ba00{NEED_UNWRAP,eio=-1/-1,di=-1,fill=IDLE,flush=IDLE}~>DecryptedEndPoint@3b72a359{l=/127.0.0.1:33277,r=/127.0.0.1:47714,OPEN,fill=FI,flush=-,to=0/30000}=>HttpConnection@26a4874f[p=HttpParser{s=START,0 of -1},g=HttpGenerator@2076a8f4{s=START}]=>HttpChannelOverHttp@4314df11{s=HttpChannelState@77075ae2{s=IDLE rs=BLOCKING os=OPEN is=IDLE awp=false se=false i=true al=0},r=0,c=false/false,a=IDLE,uri=null,age=0}
02:10:03.271 [qtp399373008-57] DEBUG org.eclipse.jetty.io.ssl.SslConnection - <needFillInterest s=IDLE/INTERESTED f=false i=true w=null
02:10:03.271 [qtp399373008-57] DEBUG org.eclipse.jetty.io.ssl.SslConnection - ensureFillInterested SslConnection@e30ba00::SocketChannelEndPoint@389e615{l=/127.0.0.1:33277,r=/127.0.0.1:47714,OPEN,fill=-,flush=-,to=0/30000}{io=0/0,kio=0,kro=1}->SslConnection@e30ba00{NEED_UNWRAP,eio=-1/-1,di=-1,fill=INTERESTED,flush=IDLE}~>DecryptedEndPoint@3b72a359{l=/127.0.0.1:33277,r=/127.0.0.1:47714,OPEN,fill=FI,flush=-,to=0/30000}=>HttpConnection@26a4874f[p=HttpParser{s=START,0 of -1},g=HttpGenerator@2076a8f4{s=START}]=>HttpChannelOverHttp@4314df11{s=HttpChannelState@77075ae2{s=IDLE rs=BLOCKING os=OPEN is=IDLE awp=false se=false i=true al=0},r=0,c=false/false,a=IDLE,uri=null,age=0}
02:10:03.271 [qtp399373008-57] DEBUG org.eclipse.jetty.io.FillInterest - interested FillInterest@82b721a{SSLC.NBReadCB@e30ba00{SslConnection@e30ba00::SocketChannelEndPoint@389e615{l=/127.0.0.1:33277,r=/127.0.0.1:47714,OPEN,fill=FI,flush=-,to=0/30000}{io=0/0,kio=0,kro=1}->SslConnection@e30ba00{NEED_UNWRAP,eio=-1/-1,di=-1,fill=INTERESTED,flush=IDLE}~>DecryptedEndPoint@3b72a359{l=/127.0.0.1:33277,r=/127.0.0.1:47714,OPEN,fill=FI,flush=-,to=0/30000}=>HttpConnection@26a4874f[p=HttpParser{s=START,0 of -1},g=HttpGenerator@2076a8f4{s=START}]=>HttpChannelOverHttp@4314df11{s=HttpChannelState@77075ae2{s=IDLE rs=BLOCKING os=OPEN is=IDLE awp=false se=false i=true al=0},r=0,c=false/false,a=IDLE,uri=null,age=0}}}
02:10:03.271 [qtp399373008-57] DEBUG org.eclipse.jetty.io.ChannelEndPoint - changeInterests p=false 0->1 for SocketChannelEndPoint@389e615{l=/127.0.0.1:33277,r=/127.0.0.1:47714,OPEN,fill=FI,flush=-,to=0/30000}{io=0/1,kio=0,kro=1}->SslConnection@e30ba00{NEED_UNWRAP,eio=-1/-1,di=-1,fill=INTERESTED,flush=IDLE}~>DecryptedEndPoint@3b72a359{l=/127.0.0.1:33277,r=/127.0.0.1:47714,OPEN,fill=FI,flush=-,to=0/30000}=>HttpConnection@26a4874f[p=HttpParser{s=START,0 of -1},g=HttpGenerator@2076a8f4{s=START}]=>HttpChannelOverHttp@4314df11{s=HttpChannelState@77075ae2{s=IDLE rs=BLOCKING os=OPEN is=IDLE awp=false se=false i=true al=0},r=0,c=false/false,a=IDLE,uri=null,age=0}
02:10:03.271 [qtp399373008-57] DEBUG org.eclipse.jetty.io.ManagedSelector - Queued change lazy=false org.eclipse.jetty.io.ChannelEndPoint$$Lambda$255/1830220082@3c029a5 on ManagedSelector@4e70a728{STARTED} id=0 keys=1 selected=0 updates=0
02:10:03.271 [qtp399373008-57] DEBUG org.eclipse.jetty.io.ManagedSelector - Wakeup on submit ManagedSelector@4e70a728{STARTED} id=0 keys=1 selected=0 updates=1
02:10:03.271 [qtp399373008-57] DEBUG org.eclipse.jetty.server.HttpConnection - HttpConnection@26a4874f::DecryptedEndPoint@3b72a359{l=/127.0.0.1:33277,r=/127.0.0.1:47714,OPEN,fill=FI,flush=-,to=0/30000} onFillable exit HttpChannelState@77075ae2{s=IDLE rs=BLOCKING os=OPEN is=IDLE awp=false se=false i=true al=0} null
02:10:03.271 [qtp399373008-58] DEBUG org.eclipse.jetty.io.ManagedSelector - Selector sun.nio.ch.EPollSelectorImpl@724c02dc woken with none selected
02:10:03.271 [qtp399373008-58] DEBUG org.eclipse.jetty.io.ManagedSelector - Selector sun.nio.ch.EPollSelectorImpl@724c02dc woken up from select, 0/0/1 selected
02:10:03.271 [qtp399373008-58] DEBUG org.eclipse.jetty.io.ManagedSelector - Selector sun.nio.ch.EPollSelectorImpl@724c02dc processing 0 keys, 1 updates
02:10:03.271 [qtp399373008-57] DEBUG org.eclipse.jetty.io.ssl.SslConnection - <c.onFillable SslConnection@e30ba00::SocketChannelEndPoint@389e615{l=/127.0.0.1:33277,r=/127.0.0.1:47714,OPEN,fill=FI,flush=-,to=0/30000}{io=0/1,kio=0,kro=1}->SslConnection@e30ba00{NEED_UNWRAP,eio=-1/-1,di=-1,fill=INTERESTED,flush=IDLE}~>DecryptedEndPoint@3b72a359{l=/127.0.0.1:33277,r=/127.0.0.1:47714,OPEN,fill=FI,flush=-,to=0/30000}=>HttpConnection@26a4874f[p=HttpParser{s=START,0 of -1},g=HttpGenerator@2076a8f4{s=START}]=>HttpChannelOverHttp@4314df11{s=HttpChannelState@77075ae2{s=IDLE rs=BLOCKING os=OPEN is=IDLE awp=false se=false i=true al=0},r=0,c=false/false,a=IDLE,uri=null,age=0}
02:10:03.271 [qtp399373008-58] DEBUG org.eclipse.jetty.io.ManagedSelector - updateable 1
02:10:03.271 [qtp399373008-57] DEBUG org.eclipse.jetty.util.thread.ReservedThreadExecutor - ReservedThread@66ba7cba{RUNNING,thread=Thread[qtp399373008-57,5,main]} was=RUNNING next=RESERVED size=0+2 capacity=8
02:10:03.271 [qtp399373008-58] DEBUG org.eclipse.jetty.io.ManagedSelector - update org.eclipse.jetty.io.ChannelEndPoint$$Lambda$255/1830220082@3c029a5
02:10:03.271 [qtp399373008-57] DEBUG org.eclipse.jetty.util.thread.ReservedThreadExecutor - ReservedThread@66ba7cba{RESERVED,thread=Thread[qtp399373008-57,5,main]} waiting ReservedThreadExecutor@424fd310{reserved=2/8,pending=0}
02:10:03.271 [qtp399373008-58] DEBUG org.eclipse.jetty.io.ChannelEndPoint - Key interests updated 0 -> 1 on SocketChannelEndPoint@389e615{l=/127.0.0.1:33277,r=/127.0.0.1:47714,OPEN,fill=FI,flush=-,to=0/30000}{io=1/1,kio=1,kro=1}->SslConnection@e30ba00{NEED_UNWRAP,eio=-1/-1,di=-1,fill=INTERESTED,flush=IDLE}~>DecryptedEndPoint@3b72a359{l=/127.0.0.1:33277,r=/127.0.0.1:47714,OPEN,fill=FI,flush=-,to=0/30000}=>HttpConnection@26a4874f[p=HttpParser{s=START,0 of -1},g=HttpGenerator@2076a8f4{s=START}]=>HttpChannelOverHttp@4314df11{s=HttpChannelState@77075ae2{s=IDLE rs=BLOCKING os=OPEN is=IDLE awp=false se=false i=true al=0},r=0,c=false/false,a=IDLE,uri=null,age=0}
02:10:03.271 [qtp399373008-58] DEBUG org.eclipse.jetty.io.ManagedSelector - updates 0
02:10:03.271 [qtp399373008-58] DEBUG org.eclipse.jetty.io.ManagedSelector - Selector sun.nio.ch.EPollSelectorImpl@724c02dc waiting with 1 keys
02:10:03.313 [qtp399373008-58] DEBUG org.eclipse.jetty.io.ManagedSelector - Selector sun.nio.ch.EPollSelectorImpl@724c02dc woken up from select, 1/1/1 selected
02:10:03.313 [qtp399373008-58] DEBUG org.eclipse.jetty.io.ManagedSelector - Selector sun.nio.ch.EPollSelectorImpl@724c02dc processing 1 keys, 0 updates
02:10:03.313 [qtp399373008-58] DEBUG org.eclipse.jetty.io.ManagedSelector - selected 1 sun.nio.ch.SelectionKeyImpl@7c8bf2e5 SocketChannelEndPoint@389e615{l=/127.0.0.1:33277,r=/127.0.0.1:47714,OPEN,fill=FI,flush=-,to=41/30000}{io=1/1,kio=1,kro=1}->SslConnection@e30ba00{NEED_UNWRAP,eio=-1/-1,di=-1,fill=INTERESTED,flush=IDLE}~>DecryptedEndPoint@3b72a359{l=/127.0.0.1:33277,r=/127.0.0.1:47714,OPEN,fill=FI,flush=-,to=41/30000}=>HttpConnection@26a4874f[p=HttpParser{s=START,0 of -1},g=HttpGenerator@2076a8f4{s=START}]=>HttpChannelOverHttp@4314df11{s=HttpChannelState@77075ae2{s=IDLE rs=BLOCKING os=OPEN is=IDLE awp=false se=false i=true al=0},r=0,c=false/false,a=IDLE,uri=null,age=0} 
02:10:03.313 [qtp399373008-58] DEBUG org.eclipse.jetty.io.ChannelEndPoint - onSelected 1->0 r=true w=false for SocketChannelEndPoint@389e615{l=/127.0.0.1:33277,r=/127.0.0.1:47714,OPEN,fill=FI,flush=-,to=41/30000}{io=1/0,kio=1,kro=1}->SslConnection@e30ba00{NEED_UNWRAP,eio=-1/-1,di=-1,fill=INTERESTED,flush=IDLE}~>DecryptedEndPoint@3b72a359{l=/127.0.0.1:33277,r=/127.0.0.1:47714,OPEN,fill=FI,flush=-,to=41/30000}=>HttpConnection@26a4874f[p=HttpParser{s=START,0 of -1},g=HttpGenerator@2076a8f4{s=START}]=>HttpChannelOverHttp@4314df11{s=HttpChannelState@77075ae2{s=IDLE rs=BLOCKING os=OPEN is=IDLE awp=false se=false i=true al=0},r=0,c=false/false,a=IDLE,uri=null,age=0}
02:10:03.313 [qtp399373008-58] DEBUG org.eclipse.jetty.io.ChannelEndPoint - task CEP:SocketChannelEndPoint@389e615{l=/127.0.0.1:33277,r=/127.0.0.1:47714,OPEN,fill=FI,flush=-,to=41/30000}{io=1/0,kio=1,kro=1}->SslConnection@e30ba00{NEED_UNWRAP,eio=-1/-1,di=-1,fill=INTERESTED,flush=IDLE}~>DecryptedEndPoint@3b72a359{l=/127.0.0.1:33277,r=/127.0.0.1:47714,OPEN,fill=FI,flush=-,to=42/30000}=>HttpConnection@26a4874f[p=HttpParser{s=START,0 of -1},g=HttpGenerator@2076a8f4{s=START}]=>HttpChannelOverHttp@4314df11{s=HttpChannelState@77075ae2{s=IDLE rs=BLOCKING os=OPEN is=IDLE awp=false se=false i=true al=0},r=0,c=false/false,a=IDLE,uri=null,age=0}:runFillable:BLOCKING
02:10:03.313 [qtp399373008-58] DEBUG org.eclipse.jetty.util.thread.ReservedThreadExecutor - ReservedThreadExecutor@424fd310{reserved=2/8,pending=0} tryExecute EatWhatYouKill@4e858e0a/SelectorProducer@435fb7b5/PRODUCING/p=false/QueuedThreadPool[qtp399373008]@17cdf2d0{STARTED,8<=8<=200,i=1,r=-1,q=0}[ReservedThreadExecutor@424fd310{reserved=2/8,pending=0}][pc=0,pic=0,pec=0,epc=2]@2024-05-02T02:10:03.313+01:00
02:10:03.313 [qtp399373008-58] DEBUG org.eclipse.jetty.util.thread.strategy.EatWhatYouKill - EatWhatYouKill@4e858e0a/SelectorProducer@435fb7b5/IDLE/p=true/QueuedThreadPool[qtp399373008]@17cdf2d0{STARTED,8<=8<=200,i=1,r=-1,q=0}[ReservedThreadExecutor@424fd310{reserved=1/8,pending=0}][pc=0,pic=0,pec=0,epc=2]@2024-05-02T02:10:03.313+01:00 m=EXECUTE_PRODUCE_CONSUME t=CEP:SocketChannelEndPoint@389e615{l=/127.0.0.1:33277,r=/127.0.0.1:47714,OPEN,fill=FI,flush=-,to=42/30000}{io=1/0,kio=1,kro=1}->SslConnection@e30ba00{NEED_UNWRAP,eio=-1/-1,di=-1,fill=INTERESTED,flush=IDLE}~>DecryptedEndPoint@3b72a359{l=/127.0.0.1:33277,r=/127.0.0.1:47714,OPEN,fill=FI,flush=-,to=42/30000}=>HttpConnection@26a4874f[p=HttpParser{s=START,0 of -1},g=HttpGenerator@2076a8f4{s=START}]=>HttpChannelOverHttp@4314df11{s=HttpChannelState@77075ae2{s=IDLE rs=BLOCKING os=OPEN is=IDLE awp=false se=false i=true al=0},r=0,c=false/false,a=IDLE,uri=null,age=0}:runFillable:BLOCKING/BLOCKING
02:10:03.313 [qtp399373008-57] DEBUG org.eclipse.jetty.util.thread.ReservedThreadExecutor - ReservedThread@66ba7cba{RESERVED,thread=Thread[qtp399373008-57,5,main]} task=EatWhatYouKill@4e858e0a/SelectorProducer@435fb7b5/IDLE/p=true/QueuedThreadPool[qtp399373008]@17cdf2d0{STARTED,8<=8<=200,i=1,r=-1,q=0}[ReservedThreadExecutor@424fd310{reserved=1/8,pending=0}][pc=0,pic=0,pec=0,epc=2]@2024-05-02T02:10:03.313+01:00 ReservedThreadExecutor@424fd310{reserved=1/8,pending=0}
02:10:03.313 [qtp399373008-58] DEBUG org.eclipse.jetty.io.FillInterest - fillable FillInterest@82b721a{SSLC.NBReadCB@e30ba00{SslConnection@e30ba00::SocketChannelEndPoint@389e615{l=/127.0.0.1:33277,r=/127.0.0.1:47714,OPEN,fill=FI,flush=-,to=42/30000}{io=1/0,kio=1,kro=1}->SslConnection@e30ba00{NEED_UNWRAP,eio=-1/-1,di=-1,fill=INTERESTED,flush=IDLE}~>DecryptedEndPoint@3b72a359{l=/127.0.0.1:33277,r=/127.0.0.1:47714,OPEN,fill=FI,flush=-,to=42/30000}=>HttpConnection@26a4874f[p=HttpParser{s=START,0 of -1},g=HttpGenerator@2076a8f4{s=START}]=>HttpChannelOverHttp@4314df11{s=HttpChannelState@77075ae2{s=IDLE rs=BLOCKING os=OPEN is=IDLE awp=false se=false i=true al=0},r=0,c=false/false,a=IDLE,uri=null,age=0}}}
02:10:03.313 [qtp399373008-57] DEBUG org.eclipse.jetty.util.thread.strategy.EatWhatYouKill - EatWhatYouKill@4e858e0a/SelectorProducer@435fb7b5/IDLE/p=true/QueuedThreadPool[qtp399373008]@17cdf2d0{STARTED,8<=8<=200,i=1,r=-1,q=0}[ReservedThreadExecutor@424fd310{reserved=1/8,pending=0}][pc=0,pic=0,pec=0,epc=3]@2024-05-02T02:10:03.313+01:00 tryProduce true
02:10:03.313 [qtp399373008-57] DEBUG org.eclipse.jetty.io.ManagedSelector - updateable 0
02:10:03.313 [qtp399373008-57] DEBUG org.eclipse.jetty.io.ManagedSelector - updates 0
02:10:03.313 [qtp399373008-58] DEBUG org.eclipse.jetty.io.ssl.SslConnection - >c.onFillable SslConnection@e30ba00::SocketChannelEndPoint@389e615{l=/127.0.0.1:33277,r=/127.0.0.1:47714,OPEN,fill=-,flush=-,to=42/30000}{io=1/0,kio=1,kro=1}->SslConnection@e30ba00{NEED_UNWRAP,eio=-1/-1,di=-1,fill=INTERESTED,flush=IDLE}~>DecryptedEndPoint@3b72a359{l=/127.0.0.1:33277,r=/127.0.0.1:47714,OPEN,fill=FI,flush=-,to=42/30000}=>HttpConnection@26a4874f[p=HttpParser{s=START,0 of -1},g=HttpGenerator@2076a8f4{s=START}]=>HttpChannelOverHttp@4314df11{s=HttpChannelState@77075ae2{s=IDLE rs=BLOCKING os=OPEN is=IDLE awp=false se=false i=true al=0},r=0,c=false/false,a=IDLE,uri=null,age=0}
02:10:03.313 [qtp399373008-58] DEBUG org.eclipse.jetty.io.ssl.SslConnection - onFillable SslConnection@e30ba00::SocketChannelEndPoint@389e615{l=/127.0.0.1:33277,r=/127.0.0.1:47714,OPEN,fill=-,flush=-,to=42/30000}{io=0/0,kio=0,kro=1}->SslConnection@e30ba00{NEED_UNWRAP,eio=-1/-1,di=-1,fill=INTERESTED,flush=IDLE}~>DecryptedEndPoint@3b72a359{l=/127.0.0.1:33277,r=/127.0.0.1:47714,OPEN,fill=FI,flush=-,to=42/30000}=>HttpConnection@26a4874f[p=HttpParser{s=START,0 of -1},g=HttpGenerator@2076a8f4{s=START}]=>HttpChannelOverHttp@4314df11{s=HttpChannelState@77075ae2{s=IDLE rs=BLOCKING os=OPEN is=IDLE awp=false se=false i=true al=0},r=0,c=false/false,a=IDLE,uri=null,age=0}
02:10:03.313 [qtp399373008-57] DEBUG org.eclipse.jetty.io.ChannelEndPoint - Key interests updated 1 -> 0 on SocketChannelEndPoint@389e615{l=/127.0.0.1:33277,r=/127.0.0.1:47714,OPEN,fill=-,flush=-,to=42/30000}{io=0/0,kio=0,kro=1}->SslConnection@e30ba00{NEED_UNWRAP,eio=-1/-1,di=-1,fill=INTERESTED,flush=IDLE}~>DecryptedEndPoint@3b72a359{l=/127.0.0.1:33277,r=/127.0.0.1:47714,OPEN,fill=FI,flush=-,to=42/30000}=>HttpConnection@26a4874f[p=HttpParser{s=START,0 of -1},g=HttpGenerator@2076a8f4{s=START}]=>HttpChannelOverHttp@4314df11{s=HttpChannelState@77075ae2{s=IDLE rs=BLOCKING os=OPEN is=IDLE awp=false se=false i=true al=0},r=0,c=false/false,a=IDLE,uri=null,age=0}
02:10:03.313 [qtp399373008-58] DEBUG org.eclipse.jetty.io.FillInterest - fillable FillInterest@22eadd4a{AC.ReadCB@26a4874f{HttpConnection@26a4874f::DecryptedEndPoint@3b72a359{l=/127.0.0.1:33277,r=/127.0.0.1:47714,OPEN,fill=FI,flush=-,to=42/30000}}}
02:10:03.313 [qtp399373008-57] DEBUG org.eclipse.jetty.io.ManagedSelector - Selector sun.nio.ch.EPollSelectorImpl@724c02dc waiting with 1 keys
02:10:03.313 [qtp399373008-58] DEBUG org.eclipse.jetty.server.HttpConnection - HttpConnection@26a4874f::DecryptedEndPoint@3b72a359{l=/127.0.0.1:33277,r=/127.0.0.1:47714,OPEN,fill=-,flush=-,to=42/30000} onFillable enter HttpChannelState@77075ae2{s=IDLE rs=BLOCKING os=OPEN is=IDLE awp=false se=false i=true al=0} null
02:10:03.314 [qtp399373008-58] DEBUG org.eclipse.jetty.io.ssl.SslConnection - >fill SslConnection@e30ba00::SocketChannelEndPoint@389e615{l=/127.0.0.1:33277,r=/127.0.0.1:47714,OPEN,fill=-,flush=-,to=42/30000}{io=0/0,kio=0,kro=1}->SslConnection@e30ba00{NEED_UNWRAP,eio=-1/-1,di=-1,fill=IDLE,flush=IDLE}~>DecryptedEndPoint@3b72a359{l=/127.0.0.1:33277,r=/127.0.0.1:47714,OPEN,fill=-,flush=-,to=42/30000}=>HttpConnection@26a4874f[p=HttpParser{s=START,0 of -1},g=HttpGenerator@2076a8f4{s=START}]=>HttpChannelOverHttp@4314df11{s=HttpChannelState@77075ae2{s=IDLE rs=BLOCKING os=OPEN is=IDLE awp=false se=false i=true al=0},r=0,c=false/false,a=IDLE,uri=null,age=0}
02:10:03.314 [qtp399373008-58] DEBUG org.eclipse.jetty.io.ssl.SslConnection - fill NEED_UNWRAP
02:10:03.314 [qtp399373008-58] DEBUG org.eclipse.jetty.io.ChannelEndPoint - filled 1518 HeapByteBuffer@816b3[p=0,l=1518,c=17408,r=1518]={<<<\x17\x03\x03\x03\xAdKi}x\x16F\xE6\xE4\x06u_\xE2*3\x12\xA1\x87X\xC5t...R\x88\xAa\xF7\xEa\xDe\xDf3y\xAdQ\xDa\x14\x01\x19O\x8a\xCf\x17\x9f:z\x98>>>\x00\x00\x00\x00\x00\x00\x00\x00\x00...\x00\x00\x00\x00\x00\x00\x00}
02:10:03.314 [qtp399373008-58] DEBUG org.eclipse.jetty.io.ssl.SslConnection - net filled=1518
02:10:03.314 [qtp399373008-58] DEBUG org.eclipse.jetty.io.ssl.SslConnection - unwrap net_filled=1518 Status = OK HandshakeStatus = NEED_TASK bytesConsumed = 946 bytesProduced = 0 encryptedBuffer=[p=946,l=1518,c=17408,r=572] unwrapBuffer=HeapByteBuffer@ecff91a[p=0,l=0,c=17408,r=0]={<<<>>>\x14\x03\x03\x00\x01\x01\x91\xCb1...\x00\x00\x00\x00\x00\x00\x00} appBuffer=HeapByteBuffer@ecff91a[p=0,l=0,c=17408,r=0]={<<<>>>\x14\x03\x03\x00\x01\x01\x91\xCb1...\x00\x00\x00\x00\x00\x00\x00}
02:10:03.314 [qtp399373008-58] DEBUG org.eclipse.jetty.io.ssl.SslConnection - fill NEED_TASK
02:10:03.314 [qtp399373008-58] DEBUG org.eclipse.jetty.io.ssl.SslConnection - fill NEED_UNWRAP
02:10:03.314 [qtp399373008-58] DEBUG org.eclipse.jetty.io.ChannelEndPoint - filled 0 HeapByteBuffer@816b3[p=946,l=1518,c=17408,r=572]={\x17\x03\x03\x03\xAd\x0b\x00\x03\x88...=-\xF7\xA3cH\xAe<<<\x17\x03\x03\x01)\xBe\x8f\xF1\xF6\x0e\xAe\x1c\xB4\xDc\t\x15M\xE8ya\xF01\xB7u\xA0...R\x88\xAa\xF7\xEa\xDe\xDf3y\xAdQ\xDa\x14\x01\x19O\x8a\xCf\x17\x9f:z\x98>>>\x00\x00\x00\x00\x00\x00\x00\x00\x00...\x00\x00\x00\x00\x00\x00\x00}
02:10:03.314 [qtp399373008-58] DEBUG org.eclipse.jetty.io.ssl.SslConnection - net filled=0
02:10:03.315 [qtp399373008-58] DEBUG org.eclipse.jetty.io.ssl.SslConnection - unwrap net_filled=0 Status = OK HandshakeStatus = NEED_TASK bytesConsumed = 302 bytesProduced = 0 encryptedBuffer=[p=1248,l=1518,c=17408,r=270] unwrapBuffer=HeapByteBuffer@ecff91a[p=0,l=0,c=17408,r=0]={<<<>>>\x14\x03\x03\x00\x01\x01\x91\xCb1...\x00\x00\x00\x00\x00\x00\x00} appBuffer=HeapByteBuffer@ecff91a[p=0,l=0,c=17408,r=0]={<<<>>>\x14\x03\x03\x00\x01\x01\x91\xCb1...\x00\x00\x00\x00\x00\x00\x00}
02:10:03.315 [qtp399373008-58] DEBUG org.eclipse.jetty.io.ssl.SslConnection - fill NEED_TASK
02:10:03.315 [qtp399373008-58] DEBUG org.eclipse.jetty.io.ssl.SslConnection - fill NEED_UNWRAP
02:10:03.315 [qtp399373008-58] DEBUG org.eclipse.jetty.io.ChannelEndPoint - filled 0 HeapByteBuffer@816b3[p=1248,l=1518,c=17408,r=270]={\x17\x03\x03\x03\xAd\x0b\x00\x03\x88...@=\x08N\xD8/\x93<<<\x17\x03\x03\x00U\x82\xC0\x0e\xC7\xFcbt\x94-\xB4r\x8e\xCe\xCc\xC1\x16&AQ\xAd...R\x88\xAa\xF7\xEa\xDe\xDf3y\xAdQ\xDa\x14\x01\x19O\x8a\xCf\x17\x9f:z\x98>>>\x00\x00\x00\x00\x00\x00\x00\x00\x00...\x00\x00\x00\x00\x00\x00\x00}
02:10:03.315 [qtp399373008-58] DEBUG org.eclipse.jetty.io.ssl.SslConnection - net filled=0
02:10:03.316 [qtp399373008-58] DEBUG org.eclipse.jetty.io.ssl.SslConnection - unwrap net_filled=0 Status = OK HandshakeStatus = NEED_WRAP bytesConsumed = 90 bytesProduced = 0 encryptedBuffer=[p=1338,l=1518,c=17408,r=180] unwrapBuffer=HeapByteBuffer@ecff91a[p=0,l=0,c=17408,r=0]={<<<>>>\x14\x03\x03\x00\x01\x01\x91\xCb1...\x00\x00\x00\x00\x00\x00\x00} appBuffer=HeapByteBuffer@ecff91a[p=0,l=0,c=17408,r=0]={<<<>>>\x14\x03\x03\x00\x01\x01\x91\xCb1...\x00\x00\x00\x00\x00\x00\x00}
02:10:03.316 [qtp399373008-58] DEBUG org.eclipse.jetty.io.ssl.SslConnection - fill NEED_WRAP
02:10:03.316 [qtp399373008-58] DEBUG org.eclipse.jetty.io.ssl.SslConnection - >flush SslConnection@e30ba00::SocketChannelEndPoint@389e615{l=/127.0.0.1:33277,r=/127.0.0.1:47714,OPEN,fill=-,flush=-,to=2/30000}{io=0/0,kio=0,kro=1}->SslConnection@e30ba00{NEED_WRAP,eio=180/-1,di=-1,fill=IDLE,flush=IDLE}~>DecryptedEndPoint@3b72a359{l=/127.0.0.1:33277,r=/127.0.0.1:47714,OPEN,fill=-,flush=-,to=44/30000}=>HttpConnection@26a4874f[p=HttpParser{s=START,0 of -1},g=HttpGenerator@2076a8f4{s=START}]=>HttpChannelOverHttp@4314df11{s=HttpChannelState@77075ae2{s=IDLE rs=BLOCKING os=OPEN is=IDLE awp=false se=false i=true al=0},r=0,c=false/false,a=IDLE,uri=null,age=0}
02:10:03.316 [qtp399373008-58] DEBUG org.eclipse.jetty.io.ssl.SslConnection - flush b[0]=HeapByteBuffer@58b1a525[p=0,l=0,c=0,r=0]={<<<>>>}
02:10:03.316 [qtp399373008-58] DEBUG org.eclipse.jetty.io.ssl.SslConnection - flush NEED_WRAP
02:10:03.316 [qtp399373008-58] DEBUG org.eclipse.jetty.io.ssl.SslConnection - wrap Status = OK HandshakeStatus = FINISHED bytesConsumed = 0 bytesProduced = 88 [p=0,l=88,c=17408,r=88] ioDone=false/false
02:10:03.316 [qtp399373008-58] DEBUG org.eclipse.jetty.io.ChannelEndPoint - flushed 88 SocketChannelEndPoint@389e615{l=/127.0.0.1:33277,r=/127.0.0.1:47714,OPEN,fill=-,flush=-,to=2/30000}{io=0/0,kio=0,kro=1}->SslConnection@e30ba00{NOT_HANDSHAKING,eio=180/0,di=-1,fill=IDLE,flush=IDLE}~>DecryptedEndPoint@3b72a359{l=/127.0.0.1:33277,r=/127.0.0.1:47714,OPEN,fill=-,flush=-,to=45/30000}=>HttpConnection@26a4874f[p=HttpParser{s=START,0 of -1},g=HttpGenerator@2076a8f4{s=START}]=>HttpChannelOverHttp@4314df11{s=HttpChannelState@77075ae2{s=IDLE rs=BLOCKING os=OPEN is=IDLE awp=false se=false i=true al=0},r=0,c=false/false,a=IDLE,uri=null,age=0}
02:10:03.316 [qtp399373008-58] DEBUG org.eclipse.jetty.io.ssl.SslConnection - net flushed=true, ac=true
02:10:03.316 [qtp399373008-58] DEBUG org.eclipse.jetty.io.ssl.SslConnection - handshake succeeded SslConnection@e30ba00::SocketChannelEndPoint@389e615{l=/127.0.0.1:33277,r=/127.0.0.1:47714,OPEN,fill=-,flush=-,to=0/30000}{io=0/0,kio=0,kro=1}->SslConnection@e30ba00{NOT_HANDSHAKING,eio=180/0,di=-1,fill=IDLE,flush=IDLE}~>DecryptedEndPoint@3b72a359{l=/127.0.0.1:33277,r=/127.0.0.1:47714,OPEN,fill=-,flush=-,to=45/30000}=>HttpConnection@26a4874f[p=HttpParser{s=START,0 of -1},g=HttpGenerator@2076a8f4{s=START}]=>HttpChannelOverHttp@4314df11{s=HttpChannelState@77075ae2{s=IDLE rs=BLOCKING os=OPEN is=IDLE awp=false se=false i=true al=0},r=0,c=false/false,a=IDLE,uri=null,age=0} resumed server TLSv1.3/TLS_AES_256_GCM_SHA384
02:10:03.316 [qtp399373008-58] DEBUG org.eclipse.jetty.io.ssl.SslConnection - <flush true SslConnection@e30ba00::SocketChannelEndPoint@389e615{l=/127.0.0.1:33277,r=/127.0.0.1:47714,OPEN,fill=-,flush=-,to=0/30000}{io=0/0,kio=0,kro=1}->SslConnection@e30ba00{NOT_HANDSHAKING,eio=180/-1,di=-1,fill=IDLE,flush=IDLE}~>DecryptedEndPoint@3b72a359{l=/127.0.0.1:33277,r=/127.0.0.1:47714,OPEN,fill=-,flush=-,to=45/30000}=>HttpConnection@26a4874f[p=HttpParser{s=START,0 of -1},g=HttpGenerator@2076a8f4{s=START}]=>HttpChannelOverHttp@4314df11{s=HttpChannelState@77075ae2{s=IDLE rs=BLOCKING os=OPEN is=IDLE awp=false se=false i=true al=0},r=0,c=false/false,a=IDLE,uri=null,age=0}
02:10:03.316 [qtp399373008-58] DEBUG org.eclipse.jetty.io.ssl.SslConnection - fill NOT_HANDSHAKING
02:10:03.317 [qtp399373008-58] DEBUG org.eclipse.jetty.io.ChannelEndPoint - filled 0 HeapByteBuffer@816b3[p=1338,l=1518,c=17408,r=180]={\x17\x03\x03\x03\xAd\x0b\x00\x03\x88...\xF8\x7f>\x83\xCaT\x08<<<\x17\x03\x03\x00\xAfxa3\xCf\xB8/\xCe\xEd\x8c\xBd5\x8b\xEf?Kg\x0b\xBf\xF2\xF1...R\x88\xAa\xF7\xEa\xDe\xDf3y\xAdQ\xDa\x14\x01\x19O\x8a\xCf\x17\x9f:z\x98>>>\x00\x00\x00\x00\x00\x00\x00\x00\x00...\x00\x00\x00\x00\x00\x00\x00}
02:10:03.317 [qtp399373008-58] DEBUG org.eclipse.jetty.io.ssl.SslConnection - net filled=0
02:10:03.317 [qtp399373008-58] DEBUG org.eclipse.jetty.io.ssl.SslConnection - unwrap net_filled=0 Status = OK HandshakeStatus = NOT_HANDSHAKING bytesConsumed = 180 bytesProduced = 142 encryptedBuffer=[p=1518,l=1518,c=17408,r=0] unwrapBuffer=HeapByteBuffer@ecff91a[p=0,l=142,c=17408,r=142]={<<<GET /config.yml HTTP/1.1\r...gent: okhttp/3.12.3\r\n\r\n>>>\x14\xF5\xC9B\xB9\xEd\xA6\xB8\xBc...\x00\x00\x00\x00\x00\x00\x00} appBuffer=HeapByteBuffer@ecff91a[p=0,l=142,c=17408,r=142]={<<<GET /config.yml HTTP/1.1\r...gent: okhttp/3.12.3\r\n\r\n>>>\x14\xF5\xC9B\xB9\xEd\xA6\xB8\xBc...\x00\x00\x00\x00\x00\x00\x00}
02:10:03.317 [qtp399373008-58] DEBUG org.eclipse.jetty.io.ssl.SslConnection - <fill f=142 uf=false SslConnection@e30ba00::SocketChannelEndPoint@389e615{l=/127.0.0.1:33277,r=/127.0.0.1:47714,OPEN,fill=-,flush=-,to=0/30000}{io=0/0,kio=0,kro=1}->SslConnection@e30ba00{NOT_HANDSHAKING,eio=-1/-1,di=-1,fill=IDLE,flush=IDLE}~>DecryptedEndPoint@3b72a359{l=/127.0.0.1:33277,r=/127.0.0.1:47714,OPEN,fill=-,flush=-,to=45/30000}=>HttpConnection@26a4874f[p=HttpParser{s=START,0 of -1},g=HttpGenerator@2076a8f4{s=START}]=>HttpChannelOverHttp@4314df11{s=HttpChannelState@77075ae2{s=IDLE rs=BLOCKING os=OPEN is=IDLE awp=false se=false i=true al=0},r=0,c=false/false,a=IDLE,uri=null,age=0}
02:10:03.317 [qtp399373008-58] DEBUG org.eclipse.jetty.server.HttpConnection - HttpConnection@26a4874f::DecryptedEndPoint@3b72a359{l=/127.0.0.1:33277,r=/127.0.0.1:47714,OPEN,fill=-,flush=-,to=45/30000} filled 142 HeapByteBuffer@ecff91a[p=0,l=142,c=17408,r=142]={<<<GET /config.yml HTTP/1.1\r...gent: okhttp/3.12.3\r\n\r\n>>>\x14\xF5\xC9B\xB9\xEd\xA6\xB8\xBc...\x00\x00\x00\x00\x00\x00\x00}
02:10:03.317 [qtp399373008-58] DEBUG org.eclipse.jetty.server.HttpConnection - HttpConnection@26a4874f::DecryptedEndPoint@3b72a359{l=/127.0.0.1:33277,r=/127.0.0.1:47714,OPEN,fill=-,flush=-,to=45/30000} parse HeapByteBuffer@ecff91a[p=0,l=142,c=17408,r=142]={<<<GET /config.yml HTTP/1.1\r...gent: okhttp/3.12.3\r\n\r\n>>>\x14\xF5\xC9B\xB9\xEd\xA6\xB8\xBc...\x00\x00\x00\x00\x00\x00\x00} {}
02:10:03.317 [qtp399373008-58] DEBUG org.eclipse.jetty.http.HttpParser - parseNext s=START HeapByteBuffer@ecff91a[p=0,l=142,c=17408,r=142]={<<<GET /config.yml HTTP/1.1\r...gent: okhttp/3.12.3\r\n\r\n>>>\x14\xF5\xC9B\xB9\xEd\xA6\xB8\xBc...\x00\x00\x00\x00\x00\x00\x00}
02:10:03.317 [qtp399373008-58] DEBUG org.eclipse.jetty.http.HttpParser - START --> SPACE1
02:10:03.317 [qtp399373008-58] DEBUG org.eclipse.jetty.http.HttpParser - SPACE1 --> URI
02:10:03.317 [qtp399373008-58] DEBUG org.eclipse.jetty.http.HttpParser - URI --> SPACE2
02:10:03.317 [qtp399373008-58] DEBUG org.eclipse.jetty.http.HttpParser - SPACE2 --> REQUEST_VERSION
02:10:03.317 [qtp399373008-58] DEBUG org.eclipse.jetty.http.HttpParser - REQUEST_VERSION --> HEADER
02:10:03.317 [qtp399373008-58] DEBUG org.eclipse.jetty.http.HttpParser - HEADER:If-None-Match --> VALUE
02:10:03.317 [qtp399373008-58] DEBUG org.eclipse.jetty.http.HttpParser - HEADER:If-None-Match --> FIELD
02:10:03.317 [qtp399373008-58] DEBUG org.eclipse.jetty.http.HttpParser - HEADER:Host --> VALUE
02:10:03.317 [qtp399373008-58] DEBUG org.eclipse.jetty.http.HttpParser - HEADER:Host --> IN_VALUE
02:10:03.317 [qtp399373008-58] DEBUG org.eclipse.jetty.http.HttpParser - HEADER:Host --> FIELD
02:10:03.317 [qtp399373008-58] DEBUG org.eclipse.jetty.http.HttpParser - HEADER:Connection: keep-alive --> IN_VALUE
02:10:03.317 [qtp399373008-58] DEBUG org.eclipse.jetty.http.HttpParser - HEADER:Connection: keep-alive --> FIELD
02:10:03.317 [qtp399373008-58] DEBUG org.eclipse.jetty.http.HttpParser - HEADER:Accept-Encoding: gzip --> IN_VALUE
02:10:03.317 [qtp399373008-58] DEBUG org.eclipse.jetty.http.HttpParser - HEADER:Accept-Encoding: gzip --> FIELD
02:10:03.317 [qtp399373008-58] DEBUG org.eclipse.jetty.http.HttpParser - HEADER:User-Agent --> VALUE
02:10:03.317 [qtp399373008-58] DEBUG org.eclipse.jetty.http.HttpParser - HEADER:User-Agent --> IN_VALUE
02:10:03.317 [qtp399373008-58] DEBUG org.eclipse.jetty.http.HttpParser - HEADER:User-Agent --> FIELD
02:10:03.317 [qtp399373008-58] DEBUG org.eclipse.jetty.http.HttpParser - HEADER --> CONTENT
02:10:03.317 [qtp399373008-58] DEBUG org.eclipse.jetty.server.HttpChannel - REQUEST for //localhost:33277/config.yml on HttpChannelOverHttp@4314df11{s=HttpChannelState@77075ae2{s=IDLE rs=BLOCKING os=OPEN is=IDLE awp=false se=false i=true al=0},r=1,c=false/false,a=IDLE,uri=//localhost:33277/config.yml,age=0}
GET //localhost:33277/config.yml HTTP/1.1
If-None-Match: 
Host: localhost:33277
Connection: keep-alive
Accept-Encoding: gzip
User-Agent: okhttp/3.12.3


02:10:03.317 [qtp399373008-58] DEBUG org.eclipse.jetty.server.HttpConnection - HttpConnection@26a4874f::DecryptedEndPoint@3b72a359{l=/127.0.0.1:33277,r=/127.0.0.1:47714,OPEN,fill=-,flush=-,to=46/30000} parsed true HttpParser{s=CONTENT,0 of -1}
02:10:03.317 [qtp399373008-58] DEBUG org.eclipse.jetty.server.HttpConnection - releaseRequestBuffer HttpConnection@26a4874f::DecryptedEndPoint@3b72a359{l=/127.0.0.1:33277,r=/127.0.0.1:47714,OPEN,fill=-,flush=-,to=46/30000}
02:10:03.317 [qtp399373008-58] DEBUG org.eclipse.jetty.server.HttpChannel - handle //localhost:33277/config.yml HttpChannelOverHttp@4314df11{s=HttpChannelState@77075ae2{s=IDLE rs=BLOCKING os=OPEN is=IDLE awp=false se=false i=true al=0},r=1,c=false/false,a=IDLE,uri=//localhost:33277/config.yml,age=0} 
02:10:03.317 [qtp399373008-58] DEBUG org.eclipse.jetty.server.HttpChannelState - handling HttpChannelState@77075ae2{s=IDLE rs=BLOCKING os=OPEN is=IDLE awp=false se=false i=true al=0}
02:10:03.317 [qtp399373008-58] DEBUG org.eclipse.jetty.server.HttpChannel - action DISPATCH HttpChannelOverHttp@4314df11{s=HttpChannelState@77075ae2{s=HANDLING rs=BLOCKING os=OPEN is=IDLE awp=false se=false i=true al=0},r=1,c=false/false,a=HANDLING,uri=//localhost:33277/config.yml,age=0}
02:10:03.317 [qtp399373008-58] DEBUG org.eclipse.jetty.server.SecureRequestCustomizer - Host localhost with SNI null
02:10:03.317 [qtp399373008-58] DEBUG org.eclipse.jetty.server.Server - REQUEST GET /config.yml on HttpChannelOverHttp@4314df11{s=HttpChannelState@77075ae2{s=HANDLING rs=BLOCKING os=OPEN is=IDLE awp=false se=false i=true al=0},r=1,c=false/false,a=HANDLING,uri=https://localhost:33277/config.yml,age=0}
02:10:03.317 [qtp399373008-58] DEBUG org.eclipse.jetty.server.HttpOutput - write(array HeapByteBuffer@4b6eb25b[p=0,l=4,c=512,r=4]={<<<path>>>\x00\x00\x00\x00\x00\x00\x00\x00\x00...\x00\x00\x00\x00\x00\x00\x00})
02:10:03.317 [qtp399373008-58] DEBUG org.eclipse.jetty.server.HttpOutput - write(array) s=CLOSING,api=BLOCKED,sc=false,e=null last=true agg=false flush=true async=false, len=4 null
02:10:03.317 [qtp399373008-58] DEBUG org.eclipse.jetty.server.HttpChannel - sendResponse info=null content=HeapByteBuffer@2fb3a3d7[p=0,l=4,c=512,r=4]={<<<path>>>\x00\x00\x00\x00\x00\x00\x00\x00\x00...\x00\x00\x00\x00\x00\x00\x00} complete=true committing=true callback=Blocker@557e866{null}
02:10:03.317 [qtp399373008-58] DEBUG org.eclipse.jetty.server.HttpChannel - COMMIT for /config.yml on HttpChannelOverHttp@4314df11{s=HttpChannelState@77075ae2{s=HANDLING rs=BLOCKING os=COMMITTED is=IDLE awp=false se=false i=true al=0},r=1,c=false/false,a=HANDLING,uri=https://localhost:33277/config.yml,age=0}
200 null HTTP/1.1
Date: Thu, 02 May 2024 01:10:03 GMT
ETag: testEtag
Content-Type: text/plain;charset=utf-8
Content-Length: 4


02:10:03.317 [qtp399373008-58] DEBUG org.eclipse.jetty.server.HttpConnection - generate: NEED_HEADER for SendCallback@23d63e82[PROCESSING][i=HTTP/1.1{s=200,h=4,cl=4},cb=org.eclipse.jetty.server.HttpChannel$SendCallback@1d14acc9] (null,[p=0,l=4,c=512,r=4],true)@START
02:10:03.317 [qtp399373008-58] DEBUG org.eclipse.jetty.http.HttpGenerator - generateHeaders HTTP/1.1{s=200,h=4,cl=4} last=true content=HeapByteBuffer@2fb3a3d7[p=0,l=4,c=512,r=4]={<<<path>>>\x00\x00\x00\x00\x00\x00\x00\x00\x00...\x00\x00\x00\x00\x00\x00\x00}
02:10:03.317 [qtp399373008-58] DEBUG org.eclipse.jetty.http.HttpGenerator - Date: Thu, 02 May 2024 01:10:03 GMT
ETag: testEtag
Content-Type: text/plain;charset=utf-8
Content-Length: 4


02:10:03.317 [qtp399373008-58] DEBUG org.eclipse.jetty.http.HttpGenerator - CONTENT_LENGTH
02:10:03.317 [qtp399373008-58] DEBUG org.eclipse.jetty.server.HttpConnection - generate: FLUSH for SendCallback@23d63e82[PROCESSING][i=HTTP/1.1{s=200,h=4,cl=4},cb=org.eclipse.jetty.server.HttpChannel$SendCallback@1d14acc9] ([p=0,l=164,c=8192,r=164],[p=0,l=4,c=512,r=4],true)@COMPLETING
02:10:03.317 [qtp399373008-58] DEBUG org.eclipse.jetty.io.WriteFlusher - write: WriteFlusher@2f0b19a7{IDLE}->null [HeapByteBuffer@57345db1[p=0,l=164,c=8192,r=164]={<<<HTTP/1.1 200 OK\r\nDate: Th...y(9.4.44.v20210927)\r\n\r\n>>>\x00\x00\x00\x00\x00\x00\x00\x00\x00...\x00\x00\x00\x00\x00\x00\x00},HeapByteBuffer@2fb3a3d7[p=0,l=4,c=512,r=4]={<<<path>>>\x00\x00\x00\x00\x00\x00\x00\x00\x00...\x00\x00\x00\x00\x00\x00\x00}]
02:10:03.317 [qtp399373008-58] DEBUG org.eclipse.jetty.io.WriteFlusher - update WriteFlusher@2f0b19a7{WRITING}->null:IDLE-->WRITING
02:10:03.317 [qtp399373008-58] DEBUG org.eclipse.jetty.io.ssl.SslConnection - >flush SslConnection@e30ba00::SocketChannelEndPoint@389e615{l=/127.0.0.1:33277,r=/127.0.0.1:47714,OPEN,fill=-,flush=-,to=1/30000}{io=0/0,kio=0,kro=1}->SslConnection@e30ba00{NOT_HANDSHAKING,eio=-1/-1,di=-1,fill=IDLE,flush=IDLE}~>DecryptedEndPoint@3b72a359{l=/127.0.0.1:33277,r=/127.0.0.1:47714,OPEN,fill=-,flush=W,to=46/30000}=>HttpConnection@26a4874f[p=HttpParser{s=CONTENT,0 of -1},g=HttpGenerator@2076a8f4{s=COMPLETING}]=>HttpChannelOverHttp@4314df11{s=HttpChannelState@77075ae2{s=HANDLING rs=BLOCKING os=COMMITTED is=IDLE awp=false se=false i=true al=0},r=1,c=false/false,a=HANDLING,uri=https://localhost:33277/config.yml,age=0}
02:10:03.317 [qtp399373008-58] DEBUG org.eclipse.jetty.io.ssl.SslConnection - flush b[0]=HeapByteBuffer@57345db1[p=0,l=164,c=8192,r=164]={<<<HTTP/1.1 200 OK\r\nDate: Th...y(9.4.44.v20210927)\r\n\r\n>>>\x00\x00\x00\x00\x00\x00\x00\x00\x00...\x00\x00\x00\x00\x00\x00\x00}
02:10:03.317 [qtp399373008-58] DEBUG org.eclipse.jetty.io.ssl.SslConnection - flush b[1]=HeapByteBuffer@2fb3a3d7[p=0,l=4,c=512,r=4]={<<<path>>>\x00\x00\x00\x00\x00\x00\x00\x00\x00...\x00\x00\x00\x00\x00\x00\x00}
02:10:03.317 [qtp399373008-58] DEBUG org.eclipse.jetty.io.ssl.SslConnection - flush NOT_HANDSHAKING
02:10:03.318 [qtp399373008-58] DEBUG org.eclipse.jetty.io.ssl.SslConnection - wrap Status = OK HandshakeStatus = NOT_HANDSHAKING bytesConsumed = 168 bytesProduced = 206 [p=0,l=206,c=17408,r=206] ioDone=false/false
02:10:03.318 [qtp399373008-58] DEBUG org.eclipse.jetty.io.ChannelEndPoint - flushed 206 SocketChannelEndPoint@389e615{l=/127.0.0.1:33277,r=/127.0.0.1:47714,OPEN,fill=-,flush=-,to=1/30000}{io=0/0,kio=0,kro=1}->SslConnection@e30ba00{NOT_HANDSHAKING,eio=-1/0,di=-1,fill=IDLE,flush=IDLE}~>DecryptedEndPoint@3b72a359{l=/127.0.0.1:33277,r=/127.0.0.1:47714,OPEN,fill=-,flush=W,to=46/30000}=>HttpConnection@26a4874f[p=HttpParser{s=CONTENT,0 of -1},g=HttpGenerator@2076a8f4{s=COMPLETING}]=>HttpChannelOverHttp@4314df11{s=HttpChannelState@77075ae2{s=HANDLING rs=BLOCKING os=COMMITTED is=IDLE awp=false se=false i=true al=0},r=1,c=false/false,a=HANDLING,uri=https://localhost:33277/config.yml,age=1}
02:10:03.318 [qtp399373008-58] DEBUG org.eclipse.jetty.io.ssl.SslConnection - net flushed=true, ac=true
02:10:03.318 [qtp399373008-58] DEBUG org.eclipse.jetty.io.ssl.SslConnection - <flush true SslConnection@e30ba00::SocketChannelEndPoint@389e615{l=/127.0.0.1:33277,r=/127.0.0.1:47714,OPEN,fill=-,flush=-,to=0/30000}{io=0/0,kio=0,kro=1}->SslConnection@e30ba00{NOT_HANDSHAKING,eio=-1/-1,di=-1,fill=IDLE,flush=IDLE}~>DecryptedEndPoint@3b72a359{l=/127.0.0.1:33277,r=/127.0.0.1:47714,OPEN,fill=-,flush=W,to=46/30000}=>HttpConnection@26a4874f[p=HttpParser{s=CONTENT,0 of -1},g=HttpGenerator@2076a8f4{s=COMPLETING}]=>HttpChannelOverHttp@4314df11{s=HttpChannelState@77075ae2{s=HANDLING rs=BLOCKING os=COMMITTED is=IDLE awp=false se=false i=true al=0},r=1,c=false/false,a=HANDLING,uri=https://localhost:33277/config.yml,age=1}
02:10:03.318 [qtp399373008-58] DEBUG org.eclipse.jetty.io.WriteFlusher - Flushed=true written=168 remaining=0 WriteFlusher@2f0b19a7{WRITING}->null
02:10:03.318 [qtp399373008-58] DEBUG org.eclipse.jetty.io.WriteFlusher - update WriteFlusher@2f0b19a7{IDLE}->null:WRITING-->IDLE
02:10:03.318 [qtp399373008-58] DEBUG org.eclipse.jetty.server.HttpConnection - generate: DONE for SendCallback@23d63e82[PROCESSING][i=HTTP/1.1{s=200,h=4,cl=4},cb=org.eclipse.jetty.server.HttpChannel$SendCallback@1d14acc9] ([p=164,l=164,c=8192,r=0],[p=4,l=4,c=512,r=0],true)@END
02:10:03.318 [qtp399373008-58] DEBUG org.eclipse.jetty.server.HttpOutput - onWriteComplete(true,null) s=CLOSING,api=BLOCKED,sc=false,e=null->s=CLOSED,api=BLOCKING,sc=false,e=null c=null cb=null w=false
02:10:03.318 [qtp399373008-58] DEBUG org.eclipse.jetty.server.HttpOutput - close() s=CLOSED,api=BLOCKING,sc=false,e=null c=null b=null
02:10:03.318 [qtp399373008-58] DEBUG org.eclipse.jetty.server.Server - handled=true async=false committed=true on HttpChannelOverHttp@4314df11{s=HttpChannelState@77075ae2{s=HANDLING rs=BLOCKING os=COMPLETED is=IDLE awp=false se=false i=true al=0},r=1,c=false/true,a=HANDLING,uri=https://localhost:33277/config.yml,age=1}
02:10:03.318 [qtp399373008-58] DEBUG org.eclipse.jetty.server.HttpChannelState - unhandle HttpChannelState@77075ae2{s=HANDLING rs=BLOCKING os=COMPLETED is=IDLE awp=false se=false i=true al=0}
02:10:03.318 [qtp399373008-58] DEBUG org.eclipse.jetty.server.HttpChannelState - nextAction(false) COMPLETE HttpChannelState@77075ae2{s=HANDLING rs=COMPLETING os=COMPLETED is=IDLE awp=false se=false i=false al=0}
02:10:03.318 [qtp399373008-58] DEBUG org.eclipse.jetty.server.HttpChannel - action COMPLETE HttpChannelOverHttp@4314df11{s=HttpChannelState@77075ae2{s=HANDLING rs=COMPLETING os=COMPLETED is=IDLE awp=false se=false i=false al=0},r=1,c=false/true,a=HANDLING,uri=https://localhost:33277/config.yml,age=1}
02:10:03.318 [qtp399373008-58] DEBUG org.eclipse.jetty.server.HttpOutput - complete(org.eclipse.jetty.util.Callback$3@15a5c0f8) s=CLOSED,api=BLOCKING,sc=false,e=null s=true e=null, c=null
02:10:03.318 [main] DEBUG org.apache.nifi.minifi.bootstrap.configuration.ingestors.PullHttpChangeIngestor - Response received: Response{protocol=http/1.1, code=200, message=OK, url=https://localhost:33277/config.yml}
02:10:03.318 [qtp399373008-58] DEBUG org.eclipse.jetty.server.HttpChannelState - completed HttpChannelState@77075ae2{s=HANDLING rs=COMPLETING os=COMPLETED is=IDLE awp=false se=false i=false al=0}
02:10:03.318 [qtp399373008-58] DEBUG org.eclipse.jetty.server.HttpChannelState - unhandle HttpChannelState@77075ae2{s=HANDLING rs=COMPLETED os=COMPLETED is=IDLE awp=false se=false i=false al=0}
02:10:03.318 [qtp399373008-58] DEBUG org.eclipse.jetty.server.HttpChannelState - nextAction(false) TERMINATED HttpChannelState@77075ae2{s=IDLE rs=COMPLETED os=COMPLETED is=IDLE awp=false se=false i=false al=0}
02:10:03.318 [qtp399373008-58] DEBUG org.eclipse.jetty.server.HttpChannel - action TERMINATED HttpChannelOverHttp@4314df11{s=HttpChannelState@77075ae2{s=IDLE rs=COMPLETED os=COMPLETED is=IDLE awp=false se=false i=false al=0},r=1,c=true/true,a=IDLE,uri=https://localhost:33277/config.yml,age=1}
02:10:03.318 [qtp399373008-58] DEBUG org.eclipse.jetty.server.HttpChannel - onCompleted for /config.yml written=4
02:10:03.318 [qtp399373008-58] DEBUG org.eclipse.jetty.io.ssl.SslConnection - >fill SslConnection@e30ba00::SocketChannelEndPoint@389e615{l=/127.0.0.1:33277,r=/127.0.0.1:47714,OPEN,fill=-,flush=-,to=0/30000}{io=0/0,kio=0,kro=1}->SslConnection@e30ba00{NOT_HANDSHAKING,eio=-1/-1,di=-1,fill=IDLE,flush=IDLE}~>DecryptedEndPoint@3b72a359{l=/127.0.0.1:33277,r=/127.0.0.1:47714,OPEN,fill=-,flush=-,to=47/30000}=>HttpConnection@26a4874f[p=HttpParser{s=CONTENT,0 of -1},g=HttpGenerator@2076a8f4{s=END}]=>HttpChannelOverHttp@4314df11{s=HttpChannelState@77075ae2{s=IDLE rs=COMPLETED os=COMPLETED is=IDLE awp=false se=false i=false al=0},r=1,c=true/true,a=IDLE,uri=https://localhost:33277/config.yml,age=1}
02:10:03.318 [qtp399373008-58] DEBUG org.eclipse.jetty.io.ssl.SslConnection - fill NOT_HANDSHAKING
02:10:03.318 [main] DEBUG org.apache.nifi.minifi.bootstrap.configuration.ingestors.PullHttpChangeIngestor - New change received, notifying listener
02:10:03.318 [qtp399373008-58] DEBUG org.eclipse.jetty.io.ChannelEndPoint - filled 0 HeapByteBuffer@ecff91a[p=0,l=0,c=17408,r=0]={<<<>>>GET /conf...\x00\x00\x00\x00\x00\x00\x00}
02:10:03.318 [qtp399373008-58] DEBUG org.eclipse.jetty.io.ssl.SslConnection - net filled=0
02:10:03.318 [main] DEBUG org.apache.nifi.minifi.bootstrap.configuration.ingestors.PullHttpChangeIngestor - Listeners notified
02:10:03.318 [qtp399373008-58] DEBUG org.eclipse.jetty.io.ssl.SslConnection - unwrap net_filled=0 Status = BUFFER_UNDERFLOW HandshakeStatus = NOT_HANDSHAKING bytesConsumed = 0 bytesProduced = 0 encryptedBuffer=[p=0,l=0,c=17408,r=0] unwrapBuffer=HeapByteBuffer@816b3[p=0,l=0,c=17408,r=0]={<<<>>>\x17\x03\x03\x03\xAd\x0b\x00\x03\x88...\x00\x00\x00\x00\x00\x00\x00} appBuffer=HeapByteBuffer@816b3[p=0,l=0,c=17408,r=0]={<<<>>>\x17\x03\x03\x03\xAd\x0b\x00\x03\x88...\x00\x00\x00\x00\x00\x00\x00}
02:10:03.318 [qtp399373008-58] DEBUG org.eclipse.jetty.io.ssl.SslConnection - <fill f=0 uf=true SslConnection@e30ba00::SocketChannelEndPoint@389e615{l=/127.0.0.1:33277,r=/127.0.0.1:47714,OPEN,fill=-,flush=-,to=0/30000}{io=0/0,kio=0,kro=1}->SslConnection@e30ba00{NOT_HANDSHAKING,eio=-1/-1,di=-1,fill=IDLE,flush=IDLE}~>DecryptedEndPoint@3b72a359{l=/127.0.0.1:33277,r=/127.0.0.1:47714,OPEN,fill=-,flush=-,to=47/30000}=>HttpConnection@26a4874f[p=HttpParser{s=CONTENT,0 of -1},g=HttpGenerator@2076a8f4{s=END}]=>HttpChannelOverHttp@4314df11{s=HttpChannelState@77075ae2{s=IDLE rs=COMPLETED os=COMPLETED is=IDLE awp=false se=false i=false al=0},r=1,c=true/true,a=IDLE,uri=https://localhost:33277/config.yml,age=1}
02:10:03.318 [main] DEBUG org.apache.nifi.minifi.bootstrap.configuration.ingestors.PullHttpChangeIngestor - Attempting to pull new config
02:10:03.318 [qtp399373008-58] DEBUG org.eclipse.jetty.io.ssl.SslConnection - >fill SslConnection@e30ba00::SocketChannelEndPoint@389e615{l=/127.0.0.1:33277,r=/127.0.0.1:47714,OPEN,fill=-,flush=-,to=0/30000}{io=0/0,kio=0,kro=1}->SslConnection@e30ba00{NOT_HANDSHAKING,eio=-1/-1,di=-1,fill=IDLE,flush=IDLE}~>DecryptedEndPoint@3b72a359{l=/127.0.0.1:33277,r=/127.0.0.1:47714,OPEN,fill=-,flush=-,to=47/30000}=>HttpConnection@26a4874f[p=HttpParser{s=CONTENT,0 of -1},g=HttpGenerator@2076a8f4{s=END}]=>HttpChannelOverHttp@4314df11{s=HttpChannelState@77075ae2{s=IDLE rs=COMPLETED os=COMPLETED is=IDLE awp=false se=false i=false al=0},r=1,c=true/true,a=IDLE,uri=https://localhost:33277/config.yml,age=1}
02:10:03.318 [qtp399373008-58] DEBUG org.eclipse.jetty.io.ssl.SslConnection - fill NOT_HANDSHAKING
02:10:03.318 [qtp399373008-58] DEBUG org.eclipse.jetty.io.ChannelEndPoint - filled 0 HeapByteBuffer@30c33a9d[p=0,l=0,c=17408,r=0]={<<<>>>\x17\x03\x03\x00\xC9\xC8\xC8\x9d\xF9...\x00\x00\x00\x00\x00\x00\x00}
02:10:03.318 [qtp399373008-58] DEBUG org.eclipse.jetty.io.ssl.SslConnection - net filled=0
02:10:03.318 [qtp399373008-58] DEBUG org.eclipse.jetty.io.ssl.SslConnection - unwrap net_filled=0 Status = BUFFER_UNDERFLOW HandshakeStatus = NOT_HANDSHAKING bytesConsumed = 0 bytesProduced = 0 encryptedBuffer=[p=0,l=0,c=17408,r=0] unwrapBuffer=HeapByteBuffer@816b3[p=0,l=0,c=17408,r=0]={<<<>>>\x17\x03\x03\x03\xAd\x0b\x00\x03\x88...\x00\x00\x00\x00\x00\x00\x00} appBuffer=HeapByteBuffer@816b3[p=0,l=0,c=17408,r=0]={<<<>>>\x17\x03\x03\x03\xAd\x0b\x00\x03\x88...\x00\x00\x00\x00\x00\x00\x00}
02:10:03.318 [qtp399373008-58] DEBUG org.eclipse.jetty.io.ssl.SslConnection - <fill f=0 uf=true SslConnection@e30ba00::SocketChannelEndPoint@389e615{l=/127.0.0.1:33277,r=/127.0.0.1:47714,OPEN,fill=-,flush=-,to=0/30000}{io=0/0,kio=0,kro=1}->SslConnection@e30ba00{NOT_HANDSHAKING,eio=-1/-1,di=-1,fill=IDLE,flush=IDLE}~>DecryptedEndPoint@3b72a359{l=/127.0.0.1:33277,r=/127.0.0.1:47714,OPEN,fill=-,flush=-,to=47/30000}=>HttpConnection@26a4874f[p=HttpParser{s=CONTENT,0 of -1},g=HttpGenerator@2076a8f4{s=END}]=>HttpChannelOverHttp@4314df11{s=HttpChannelState@77075ae2{s=IDLE rs=COMPLETED os=COMPLETED is=IDLE awp=false se=false i=false al=0},r=1,c=true/true,a=IDLE,uri=https://localhost:33277/config.yml,age=1}
02:10:03.318 [qtp399373008-58] DEBUG org.eclipse.jetty.server.HttpConnection - HttpConnection@26a4874f::DecryptedEndPoint@3b72a359{l=/127.0.0.1:33277,r=/127.0.0.1:47714,OPEN,fill=-,flush=-,to=47/30000} filled 0 HeapByteBuffer@816b3[p=0,l=0,c=17408,r=0]={<<<>>>\x17\x03\x03\x03\xAd\x0b\x00\x03\x88...\x00\x00\x00\x00\x00\x00\x00}
02:10:03.318 [qtp399373008-58] DEBUG org.eclipse.jetty.server.HttpConnection - HttpConnection@26a4874f::DecryptedEndPoint@3b72a359{l=/127.0.0.1:33277,r=/127.0.0.1:47714,OPEN,fill=-,flush=-,to=47/30000} parse HeapByteBuffer@816b3[p=0,l=0,c=17408,r=0]={<<<>>>\x17\x03\x03\x03\xAd\x0b\x00\x03\x88...\x00\x00\x00\x00\x00\x00\x00} {}
02:10:03.318 [qtp399373008-58] DEBUG org.eclipse.jetty.http.HttpParser - parseNext s=CONTENT HeapByteBuffer@816b3[p=0,l=0,c=17408,r=0]={<<<>>>\x17\x03\x03\x03\xAd\x0b\x00\x03\x88...\x00\x00\x00\x00\x00\x00\x00}
02:10:03.318 [qtp399373008-58] DEBUG org.eclipse.jetty.http.HttpParser - CONTENT --> CONTENT_END
02:10:03.318 [qtp399373008-58] DEBUG org.eclipse.jetty.server.HttpChannel - onContentComplete HttpChannelOverHttp@4314df11{s=HttpChannelState@77075ae2{s=IDLE rs=COMPLETED os=COMPLETED is=IDLE awp=false se=false i=false al=0},r=1,c=true/true,a=IDLE,uri=https://localhost:33277/config.yml,age=1}
02:10:03.318 [qtp399373008-58] DEBUG org.eclipse.jetty.http.HttpParser - CONTENT_END --> END
02:10:03.318 [qtp399373008-58] DEBUG org.eclipse.jetty.server.HttpChannel - onRequestComplete HttpChannelOverHttp@4314df11{s=HttpChannelState@77075ae2{s=IDLE rs=COMPLETED os=COMPLETED is=IDLE awp=false se=false i=false al=0},r=1,c=true/true,a=IDLE,uri=https://localhost:33277/config.yml,age=1}
02:10:03.318 [qtp399373008-58] DEBUG org.eclipse.jetty.server.HttpInput - HttpInputOverHTTP@715cee0[c=0,q=0,[0]=null,s=STREAM] addContent EOF
02:10:03.318 [qtp399373008-58] DEBUG org.eclipse.jetty.server.HttpConnection - HttpConnection@26a4874f::DecryptedEndPoint@3b72a359{l=/127.0.0.1:33277,r=/127.0.0.1:47714,OPEN,fill=-,flush=-,to=47/30000} parsed false HttpParser{s=END,0 of -1}
02:10:03.318 [qtp399373008-58] DEBUG org.eclipse.jetty.server.HttpConnection - releaseRequestBuffer HttpConnection@26a4874f::DecryptedEndPoint@3b72a359{l=/127.0.0.1:33277,r=/127.0.0.1:47714,OPEN,fill=-,flush=-,to=47/30000}
02:10:03.318 [qtp399373008-58] DEBUG org.eclipse.jetty.server.HttpChannelState - recycle HttpChannelState@77075ae2{s=IDLE rs=COMPLETED os=COMPLETED is=IDLE awp=false se=false i=false al=0}
02:10:03.319 [qtp399373008-58] DEBUG org.eclipse.jetty.http.HttpParser - reset HttpParser{s=END,0 of -1}
02:10:03.319 [qtp399373008-58] DEBUG org.eclipse.jetty.http.HttpParser - END --> START
02:10:03.319 [qtp399373008-58] DEBUG org.eclipse.jetty.server.HttpChannel - !handle TERMINATED HttpChannelOverHttp@4314df11{s=HttpChannelState@77075ae2{s=IDLE rs=BLOCKING os=OPEN is=IDLE awp=false se=false i=true al=0},r=1,c=false/false,a=IDLE,uri=null,age=0}
02:10:03.319 [qtp399373008-58] DEBUG org.eclipse.jetty.io.ssl.SslConnection - >fill SslConnection@e30ba00::SocketChannelEndPoint@389e615{l=/127.0.0.1:33277,r=/127.0.0.1:47714,OPEN,fill=-,flush=-,to=0/30000}{io=0/0,kio=0,kro=1}->SslConnection@e30ba00{NOT_HANDSHAKING,eio=-1/-1,di=-1,fill=IDLE,flush=IDLE}~>DecryptedEndPoint@3b72a359{l=/127.0.0.1:33277,r=/127.0.0.1:47714,OPEN,fill=-,flush=-,to=47/30000}=>HttpConnection@26a4874f[p=HttpParser{s=START,0 of -1},g=HttpGenerator@2076a8f4{s=START}]=>HttpChannelOverHttp@4314df11{s=HttpChannelState@77075ae2{s=IDLE rs=BLOCKING os=OPEN is=IDLE awp=false se=false i=true al=0},r=1,c=false/false,a=IDLE,uri=null,age=0}
02:10:03.319 [qtp399373008-58] DEBUG org.eclipse.jetty.io.ssl.SslConnection - fill NOT_HANDSHAKING
02:10:03.319 [qtp399373008-58] DEBUG org.eclipse.jetty.io.ChannelEndPoint - filled 190 HeapByteBuffer@30c33a9d[p=0,l=190,c=17408,r=190]={<<<\x17\x03\x03\x00\xB9f,\x9aTT\xCa\x0f \x8cv\x97Q\xA1W{ |F\xFa\x1e...=S\x1b\xC2\xF5Sd\xA1"n\x13E\xF9\x0b\x1f\xB1\xDa\x98\xBfxo\xFfr>>>\xEd\x7f\xF9\x9e\xB4\xDe\xE4.\x11...\x00\x00\x00\x00\x00\x00\x00}
02:10:03.319 [qtp399373008-58] DEBUG org.eclipse.jetty.io.ssl.SslConnection - net filled=190
02:10:03.319 [qtp399373008-58] DEBUG org.eclipse.jetty.io.ssl.SslConnection - unwrap net_filled=190 Status = OK HandshakeStatus = NOT_HANDSHAKING bytesConsumed = 190 bytesProduced = 152 encryptedBuffer=[p=190,l=190,c=17408,r=0] unwrapBuffer=HeapByteBuffer@ecff91a[p=0,l=152,c=17408,r=152]={<<<GET /config.yml HTTP/1.1\r...gent: okhttp/3.12.3\r\n\r\n>>>9c\xD4\xA4\xAb\x96'\x9bC...\x00\x00\x00\x00\x00\x00\x00} appBuffer=HeapByteBuffer@ecff91a[p=0,l=152,c=17408,r=152]={<<<GET /config.yml HTTP/1.1\r...gent: okhttp/3.12.3\r\n\r\n>>>9c\xD4\xA4\xAb\x96'\x9bC...\x00\x00\x00\x00\x00\x00\x00}
02:10:03.319 [qtp399373008-58] DEBUG org.eclipse.jetty.io.ssl.SslConnection - <fill f=152 uf=false SslConnection@e30ba00::SocketChannelEndPoint@389e615{l=/127.0.0.1:33277,r=/127.0.0.1:47714,OPEN,fill=-,flush=-,to=0/30000}{io=0/0,kio=0,kro=1}->SslConnection@e30ba00{NOT_HANDSHAKING,eio=-1/-1,di=-1,fill=IDLE,flush=IDLE}~>DecryptedEndPoint@3b72a359{l=/127.0.0.1:33277,r=/127.0.0.1:47714,OPEN,fill=-,flush=-,to=47/30000}=>HttpConnection@26a4874f[p=HttpParser{s=START,0 of -1},g=HttpGenerator@2076a8f4{s=START}]=>HttpChannelOverHttp@4314df11{s=HttpChannelState@77075ae2{s=IDLE rs=BLOCKING os=OPEN is=IDLE awp=false se=false i=true al=0},r=1,c=false/false,a=IDLE,uri=null,age=0}
02:10:03.319 [qtp399373008-58] DEBUG org.eclipse.jetty.server.HttpConnection - HttpConnection@26a4874f::DecryptedEndPoint@3b72a359{l=/127.0.0.1:33277,r=/127.0.0.1:47714,OPEN,fill=-,flush=-,to=47/30000} filled 152 HeapByteBuffer@ecff91a[p=0,l=152,c=17408,r=152]={<<<GET /config.yml HTTP/1.1\r...gent: okhttp/3.12.3\r\n\r\n>>>9c\xD4\xA4\xAb\x96'\x9bC...\x00\x00\x00\x00\x00\x00\x00}
02:10:03.319 [qtp399373008-58] DEBUG org.eclipse.jetty.server.HttpConnection - HttpConnection@26a4874f::DecryptedEndPoint@3b72a359{l=/127.0.0.1:33277,r=/127.0.0.1:47714,OPEN,fill=-,flush=-,to=47/30000} parse HeapByteBuffer@ecff91a[p=0,l=152,c=17408,r=152]={<<<GET /config.yml HTTP/1.1\r...gent: okhttp/3.12.3\r\n\r\n>>>9c\xD4\xA4\xAb\x96'\x9bC...\x00\x00\x00\x00\x00\x00\x00} {}
02:10:03.319 [qtp399373008-58] DEBUG org.eclipse.jetty.http.HttpParser - parseNext s=START HeapByteBuffer@ecff91a[p=0,l=152,c=17408,r=152]={<<<GET /config.yml HTTP/1.1\r...gent: okhttp/3.12.3\r\n\r\n>>>9c\xD4\xA4\xAb\x96'\x9bC...\x00\x00\x00\x00\x00\x00\x00}
02:10:03.319 [qtp399373008-58] DEBUG org.eclipse.jetty.http.HttpParser - START --> SPACE1
02:10:03.319 [qtp399373008-58] DEBUG org.eclipse.jetty.http.HttpParser - SPACE1 --> URI
02:10:03.319 [qtp399373008-58] DEBUG org.eclipse.jetty.http.HttpParser - URI --> SPACE2
02:10:03.319 [qtp399373008-58] DEBUG org.eclipse.jetty.http.HttpParser - SPACE2 --> REQUEST_VERSION
02:10:03.319 [qtp399373008-58] DEBUG org.eclipse.jetty.http.HttpParser - REQUEST_VERSION --> HEADER
02:10:03.319 [qtp399373008-58] DEBUG org.eclipse.jetty.http.HttpParser - HEADER:If-None-Match --> VALUE
02:10:03.319 [qtp399373008-58] DEBUG org.eclipse.jetty.http.HttpParser - HEADER:If-None-Match --> IN_VALUE
02:10:03.319 [qtp399373008-58] DEBUG org.eclipse.jetty.http.HttpParser - HEADER:If-None-Match --> FIELD
02:10:03.319 [qtp399373008-58] DEBUG org.eclipse.jetty.http.HttpParser - HEADER:Host: localhost:33277 --> IN_VALUE
02:10:03.319 [qtp399373008-58] DEBUG org.eclipse.jetty.http.HttpParser - HEADER:Host: localhost:33277 --> FIELD
02:10:03.319 [qtp399373008-58] DEBUG org.eclipse.jetty.http.HttpParser - HEADER:Connection: keep-alive --> IN_VALUE
02:10:03.319 [qtp399373008-58] DEBUG org.eclipse.jetty.http.HttpParser - HEADER:Connection: keep-alive --> FIELD
02:10:03.319 [qtp399373008-58] DEBUG org.eclipse.jetty.http.HttpParser - HEADER:Accept-Encoding: gzip --> IN_VALUE
02:10:03.319 [qtp399373008-58] DEBUG org.eclipse.jetty.http.HttpParser - HEADER:Accept-Encoding: gzip --> FIELD
02:10:03.319 [qtp399373008-58] DEBUG org.eclipse.jetty.http.HttpParser - HEADER:User-Agent: okhttp/3.12.3 --> IN_VALUE
02:10:03.319 [qtp399373008-58] DEBUG org.eclipse.jetty.http.HttpParser - HEADER:User-Agent: okhttp/3.12.3 --> FIELD
02:10:03.319 [qtp399373008-58] DEBUG org.eclipse.jetty.http.HttpParser - HEADER --> CONTENT
02:10:03.319 [qtp399373008-58] DEBUG org.eclipse.jetty.server.HttpChannel - REQUEST for //localhost:33277/config.yml on HttpChannelOverHttp@4314df11{s=HttpChannelState@77075ae2{s=IDLE rs=BLOCKING os=OPEN is=IDLE awp=false se=false i=true al=0},r=2,c=false/false,a=IDLE,uri=//localhost:33277/config.yml,age=0}
GET //localhost:33277/config.yml HTTP/1.1
If-None-Match: "testEtag"
Host: localhost:33277
Connection: keep-alive
Accept-Encoding: gzip
User-Agent: okhttp/3.12.3


02:10:03.319 [qtp399373008-58] DEBUG org.eclipse.jetty.server.HttpConnection - HttpConnection@26a4874f::DecryptedEndPoint@3b72a359{l=/127.0.0.1:33277,r=/127.0.0.1:47714,OPEN,fill=-,flush=-,to=48/30000} parsed true HttpParser{s=CONTENT,0 of -1}
02:10:03.319 [qtp399373008-58] DEBUG org.eclipse.jetty.server.HttpConnection - releaseRequestBuffer HttpConnection@26a4874f::DecryptedEndPoint@3b72a359{l=/127.0.0.1:33277,r=/127.0.0.1:47714,OPEN,fill=-,flush=-,to=48/30000}
02:10:03.319 [qtp399373008-58] DEBUG org.eclipse.jetty.server.HttpChannel - handle //localhost:33277/config.yml HttpChannelOverHttp@4314df11{s=HttpChannelState@77075ae2{s=IDLE rs=BLOCKING os=OPEN is=IDLE awp=false se=false i=true al=0},r=2,c=false/false,a=IDLE,uri=//localhost:33277/config.yml,age=0} 
02:10:03.319 [qtp399373008-58] DEBUG org.eclipse.jetty.server.HttpChannelState - handling HttpChannelState@77075ae2{s=IDLE rs=BLOCKING os=OPEN is=IDLE awp=false se=false i=true al=0}
02:10:03.319 [qtp399373008-58] DEBUG org.eclipse.jetty.server.HttpChannel - action DISPATCH HttpChannelOverHttp@4314df11{s=HttpChannelState@77075ae2{s=HANDLING rs=BLOCKING os=OPEN is=IDLE awp=false se=false i=true al=0},r=2,c=false/false,a=HANDLING,uri=//localhost:33277/config.yml,age=0}
02:10:03.319 [qtp399373008-58] DEBUG org.eclipse.jetty.server.SecureRequestCustomizer - Host localhost with SNI null
02:10:03.319 [qtp399373008-58] DEBUG org.eclipse.jetty.server.Server - REQUEST GET /config.yml on HttpChannelOverHttp@4314df11{s=HttpChannelState@77075ae2{s=HANDLING rs=BLOCKING os=OPEN is=IDLE awp=false se=false i=true al=0},r=2,c=false/false,a=HANDLING,uri=https://localhost:33277/config.yml,age=0}
02:10:03.319 [qtp399373008-58] DEBUG org.eclipse.jetty.server.Server - handled=true async=false committed=false on HttpChannelOverHttp@4314df11{s=HttpChannelState@77075ae2{s=HANDLING rs=BLOCKING os=OPEN is=IDLE awp=false se=false i=true al=0},r=2,c=false/false,a=HANDLING,uri=https://localhost:33277/config.yml,age=0}
02:10:03.319 [qtp399373008-58] DEBUG org.eclipse.jetty.server.HttpChannelState - unhandle HttpChannelState@77075ae2{s=HANDLING rs=BLOCKING os=OPEN is=IDLE awp=false se=false i=true al=0}
02:10:03.319 [qtp399373008-58] DEBUG org.eclipse.jetty.server.HttpChannelState - nextAction(false) COMPLETE HttpChannelState@77075ae2{s=HANDLING rs=COMPLETING os=OPEN is=IDLE awp=false se=false i=false al=0}
02:10:03.319 [qtp399373008-58] DEBUG org.eclipse.jetty.server.HttpChannel - action COMPLETE HttpChannelOverHttp@4314df11{s=HttpChannelState@77075ae2{s=HANDLING rs=COMPLETING os=OPEN is=IDLE awp=false se=false i=false al=0},r=2,c=false/false,a=HANDLING,uri=https://localhost:33277/config.yml,age=0}
02:10:03.319 [qtp399373008-58] DEBUG org.eclipse.jetty.io.ssl.SslConnection - >fill SslConnection@e30ba00::SocketChannelEndPoint@389e615{l=/127.0.0.1:33277,r=/127.0.0.1:47714,OPEN,fill=-,flush=-,to=0/30000}{io=0/0,kio=0,kro=1}->SslConnection@e30ba00{NOT_HANDSHAKING,eio=-1/-1,di=-1,fill=IDLE,flush=IDLE}~>DecryptedEndPoint@3b72a359{l=/127.0.0.1:33277,r=/127.0.0.1:47714,OPEN,fill=-,flush=-,to=48/30000}=>HttpConnection@26a4874f[p=HttpParser{s=CONTENT,0 of -1},g=HttpGenerator@2076a8f4{s=START}]=>HttpChannelOverHttp@4314df11{s=HttpChannelState@77075ae2{s=HANDLING rs=COMPLETING os=OPEN is=IDLE awp=false se=false i=false al=0},r=2,c=false/false,a=HANDLING,uri=https://localhost:33277/config.yml,age=0}
02:10:03.319 [qtp399373008-58] DEBUG org.eclipse.jetty.io.ssl.SslConnection - fill NOT_HANDSHAKING
02:10:03.319 [qtp399373008-58] DEBUG org.eclipse.jetty.io.ChannelEndPoint - filled 0 HeapByteBuffer@30c33a9d[p=0,l=0,c=17408,r=0]={<<<>>>\x17\x03\x03\x00\xB9GET ...\x00\x00\x00\x00\x00\x00\x00}
02:10:03.319 [qtp399373008-58] DEBUG org.eclipse.jetty.io.ssl.SslConnection - net filled=0
02:10:03.319 [qtp399373008-58] DEBUG org.eclipse.jetty.io.ssl.SslConnection - unwrap net_filled=0 Status = BUFFER_UNDERFLOW HandshakeStatus = NOT_HANDSHAKING bytesConsumed = 0 bytesProduced = 0 encryptedBuffer=[p=0,l=0,c=17408,r=0] unwrapBuffer=HeapByteBuffer@816b3[p=0,l=0,c=17408,r=0]={<<<>>>\x17\x03\x03\x03\xAd\x0b\x00\x03\x88...\x00\x00\x00\x00\x00\x00\x00} appBuffer=HeapByteBuffer@816b3[p=0,l=0,c=17408,r=0]={<<<>>>\x17\x03\x03\x03\xAd\x0b\x00\x03\x88...\x00\x00\x00\x00\x00\x00\x00}
02:10:03.319 [qtp399373008-58] DEBUG org.eclipse.jetty.io.ssl.SslConnection - <fill f=0 uf=true SslConnection@e30ba00::SocketChannelEndPoint@389e615{l=/127.0.0.1:33277,r=/127.0.0.1:47714,OPEN,fill=-,flush=-,to=0/30000}{io=0/0,kio=0,kro=1}->SslConnection@e30ba00{NOT_HANDSHAKING,eio=-1/-1,di=-1,fill=IDLE,flush=IDLE}~>DecryptedEndPoint@3b72a359{l=/127.0.0.1:33277,r=/127.0.0.1:47714,OPEN,fill=-,flush=-,to=48/30000}=>HttpConnection@26a4874f[p=HttpParser{s=CONTENT,0 of -1},g=HttpGenerator@2076a8f4{s=START}]=>HttpChannelOverHttp@4314df11{s=HttpChannelState@77075ae2{s=HANDLING rs=COMPLETING os=OPEN is=IDLE awp=false se=false i=false al=0},r=2,c=false/false,a=HANDLING,uri=https://localhost:33277/config.yml,age=0}
02:10:03.319 [qtp399373008-58] DEBUG org.eclipse.jetty.io.ssl.SslConnection - >fill SslConnection@e30ba00::SocketChannelEndPoint@389e615{l=/127.0.0.1:33277,r=/127.0.0.1:47714,OPEN,fill=-,flush=-,to=0/30000}{io=0/0,kio=0,kro=1}->SslConnection@e30ba00{NOT_HANDSHAKING,eio=-1/-1,di=-1,fill=IDLE,flush=IDLE}~>DecryptedEndPoint@3b72a359{l=/127.0.0.1:33277,r=/127.0.0.1:47714,OPEN,fill=-,flush=-,to=48/30000}=>HttpConnection@26a4874f[p=HttpParser{s=CONTENT,0 of -1},g=HttpGenerator@2076a8f4{s=START}]=>HttpChannelOverHttp@4314df11{s=HttpChannelState@77075ae2{s=HANDLING rs=COMPLETING os=OPEN is=IDLE awp=false se=false i=false al=0},r=2,c=false/false,a=HANDLING,uri=https://localhost:33277/config.yml,age=0}
02:10:03.319 [qtp399373008-58] DEBUG org.eclipse.jetty.io.ssl.SslConnection - fill NOT_HANDSHAKING
02:10:03.320 [qtp399373008-58] DEBUG org.eclipse.jetty.io.ChannelEndPoint - filled 0 HeapByteBuffer@ecff91a[p=0,l=0,c=17408,r=0]={<<<>>>GET /conf...\x00\x00\x00\x00\x00\x00\x00}
02:10:03.320 [qtp399373008-58] DEBUG org.eclipse.jetty.io.ssl.SslConnection - net filled=0
02:10:03.320 [qtp399373008-58] DEBUG org.eclipse.jetty.io.ssl.SslConnection - unwrap net_filled=0 Status = BUFFER_UNDERFLOW HandshakeStatus = NOT_HANDSHAKING bytesConsumed = 0 bytesProduced = 0 encryptedBuffer=[p=0,l=0,c=17408,r=0] unwrapBuffer=HeapByteBuffer@816b3[p=0,l=0,c=17408,r=0]={<<<>>>\x17\x03\x03\x03\xAd\x0b\x00\x03\x88...\x00\x00\x00\x00\x00\x00\x00} appBuffer=HeapByteBuffer@816b3[p=0,l=0,c=17408,r=0]={<<<>>>\x17\x03\x03\x03\xAd\x0b\x00\x03\x88...\x00\x00\x00\x00\x00\x00\x00}
02:10:03.320 [qtp399373008-58] DEBUG org.eclipse.jetty.io.ssl.SslConnection - <fill f=0 uf=true SslConnection@e30ba00::SocketChannelEndPoint@389e615{l=/127.0.0.1:33277,r=/127.0.0.1:47714,OPEN,fill=-,flush=-,to=0/30000}{io=0/0,kio=0,kro=1}->SslConnection@e30ba00{NOT_HANDSHAKING,eio=-1/-1,di=-1,fill=IDLE,flush=IDLE}~>DecryptedEndPoint@3b72a359{l=/127.0.0.1:33277,r=/127.0.0.1:47714,OPEN,fill=-,flush=-,to=48/30000}=>HttpConnection@26a4874f[p=HttpParser{s=CONTENT,0 of -1},g=HttpGenerator@2076a8f4{s=START}]=>HttpChannelOverHttp@4314df11{s=HttpChannelState@77075ae2{s=HANDLING rs=COMPLETING os=OPEN is=IDLE awp=false se=false i=false al=0},r=2,c=false/false,a=HANDLING,uri=https://localhost:33277/config.yml,age=1}
02:10:03.320 [qtp399373008-58] DEBUG org.eclipse.jetty.server.HttpConnection - HttpConnection@26a4874f::DecryptedEndPoint@3b72a359{l=/127.0.0.1:33277,r=/127.0.0.1:47714,OPEN,fill=-,flush=-,to=48/30000} filled 0 HeapByteBuffer@816b3[p=0,l=0,c=17408,r=0]={<<<>>>\x17\x03\x03\x03\xAd\x0b\x00\x03\x88...\x00\x00\x00\x00\x00\x00\x00}
02:10:03.320 [qtp399373008-58] DEBUG org.eclipse.jetty.server.HttpConnection - HttpConnection@26a4874f::DecryptedEndPoint@3b72a359{l=/127.0.0.1:33277,r=/127.0.0.1:47714,OPEN,fill=-,flush=-,to=48/30000} parse HeapByteBuffer@816b3[p=0,l=0,c=17408,r=0]={<<<>>>\x17\x03\x03\x03\xAd\x0b\x00\x03\x88...\x00\x00\x00\x00\x00\x00\x00} {}
02:10:03.320 [qtp399373008-58] DEBUG org.eclipse.jetty.http.HttpParser - parseNext s=CONTENT HeapByteBuffer@816b3[p=0,l=0,c=17408,r=0]={<<<>>>\x17\x03\x03\x03\xAd\x0b\x00\x03\x88...\x00\x00\x00\x00\x00\x00\x00}
02:10:03.320 [qtp399373008-58] DEBUG org.eclipse.jetty.http.HttpParser - CONTENT --> CONTENT_END
02:10:03.320 [qtp399373008-58] DEBUG org.eclipse.jetty.server.HttpChannel - onContentComplete HttpChannelOverHttp@4314df11{s=HttpChannelState@77075ae2{s=HANDLING rs=COMPLETING os=OPEN is=IDLE awp=false se=false i=false al=0},r=2,c=false/false,a=HANDLING,uri=https://localhost:33277/config.yml,age=1}
02:10:03.320 [qtp399373008-58] DEBUG org.eclipse.jetty.http.HttpParser - CONTENT_END --> END
02:10:03.320 [qtp399373008-58] DEBUG org.eclipse.jetty.server.HttpChannel - onRequestComplete HttpChannelOverHttp@4314df11{s=HttpChannelState@77075ae2{s=HANDLING rs=COMPLETING os=OPEN is=IDLE awp=false se=false i=false al=0},r=2,c=false/false,a=HANDLING,uri=https://localhost:33277/config.yml,age=1}
02:10:03.320 [qtp399373008-58] DEBUG org.eclipse.jetty.server.HttpInput - HttpInputOverHTTP@715cee0[c=0,q=0,[0]=null,s=STREAM] addContent EOF
02:10:03.320 [qtp399373008-58] DEBUG org.eclipse.jetty.server.HttpConnection - HttpConnection@26a4874f::DecryptedEndPoint@3b72a359{l=/127.0.0.1:33277,r=/127.0.0.1:47714,OPEN,fill=-,flush=-,to=48/30000} parsed false HttpParser{s=END,0 of -1}
02:10:03.320 [qtp399373008-58] DEBUG org.eclipse.jetty.server.HttpConnection - releaseRequestBuffer HttpConnection@26a4874f::DecryptedEndPoint@3b72a359{l=/127.0.0.1:33277,r=/127.0.0.1:47714,OPEN,fill=-,flush=-,to=48/30000}
02:10:03.320 [qtp399373008-58] DEBUG org.eclipse.jetty.server.HttpOutput - complete(org.eclipse.jetty.util.Callback$3@3fdf482f) s=CLOSING,api=BLOCKED,sc=false,e=null s=false e=null, c=HeapByteBuffer@58b1a525[p=0,l=0,c=0,r=0]={<<<>>>}
02:10:03.320 [qtp399373008-58] DEBUG org.eclipse.jetty.server.HttpChannel - sendResponse info=null content=HeapByteBuffer@58b1a525[p=0,l=0,c=0,r=0]={<<<>>>} complete=true committing=true callback=org.eclipse.jetty.server.HttpOutput$WriteCompleteCB@48eea852
02:10:03.320 [qtp399373008-58] DEBUG org.eclipse.jetty.server.HttpChannel - COMMIT for /config.yml on HttpChannelOverHttp@4314df11{s=HttpChannelState@77075ae2{s=HANDLING rs=COMPLETING os=COMMITTED is=IDLE awp=false se=false i=false al=0},r=2,c=false/false,a=HANDLING,uri=https://localhost:33277/config.yml,age=1}
304 null HTTP/1.1
Date: Thu, 02 May 2024 01:10:03 GMT
ETag: testEtag


02:10:03.320 [qtp399373008-58] DEBUG org.eclipse.jetty.server.HttpConnection - generate: NEED_HEADER for SendCallback@23d63e82[PROCESSING][i=HTTP/1.1{s=304,h=2,cl=-1},cb=org.eclipse.jetty.server.HttpChannel$SendCallback@737713b7] (null,[p=0,l=0,c=0,r=0],true)@START
02:10:03.320 [qtp399373008-58] DEBUG org.eclipse.jetty.http.HttpGenerator - generateHeaders HTTP/1.1{s=304,h=2,cl=-1} last=true content=HeapByteBuffer@58b1a525[p=0,l=0,c=0,r=0]={<<<>>>}
02:10:03.320 [qtp399373008-58] DEBUG org.eclipse.jetty.http.HttpGenerator - Date: Thu, 02 May 2024 01:10:03 GMT
ETag: testEtag


02:10:03.320 [qtp399373008-58] DEBUG org.eclipse.jetty.http.HttpGenerator - NO_CONTENT
02:10:03.320 [qtp399373008-58] DEBUG org.eclipse.jetty.server.HttpConnection - generate: FLUSH for SendCallback@23d63e82[PROCESSING][i=HTTP/1.1{s=304,h=2,cl=-1},cb=org.eclipse.jetty.server.HttpChannel$SendCallback@737713b7] ([p=0,l=115,c=8192,r=115],[p=0,l=0,c=0,r=0],true)@COMPLETING
02:10:03.320 [qtp399373008-58] DEBUG org.eclipse.jetty.io.WriteFlusher - write: WriteFlusher@2f0b19a7{IDLE}->null [HeapByteBuffer@57345db1[p=0,l=115,c=8192,r=115]={<<<HTTP/1.1 304 Not Modified...y(9.4.44.v20210927)\r\n\r\n>>>nt-Length...\x00\x00\x00\x00\x00\x00\x00}]
02:10:03.320 [qtp399373008-58] DEBUG org.eclipse.jetty.io.WriteFlusher - update WriteFlusher@2f0b19a7{WRITING}->null:IDLE-->WRITING
02:10:03.320 [qtp399373008-58] DEBUG org.eclipse.jetty.io.ssl.SslConnection - >flush SslConnection@e30ba00::SocketChannelEndPoint@389e615{l=/127.0.0.1:33277,r=/127.0.0.1:47714,OPEN,fill=-,flush=-,to=1/30000}{io=0/0,kio=0,kro=1}->SslConnection@e30ba00{NOT_HANDSHAKING,eio=-1/-1,di=-1,fill=IDLE,flush=IDLE}~>DecryptedEndPoint@3b72a359{l=/127.0.0.1:33277,r=/127.0.0.1:47714,OPEN,fill=-,flush=W,to=49/30000}=>HttpConnection@26a4874f[p=HttpParser{s=END,0 of -1},g=HttpGenerator@2076a8f4{s=COMPLETING}]=>HttpChannelOverHttp@4314df11{s=HttpChannelState@77075ae2{s=HANDLING rs=COMPLETING os=COMMITTED is=IDLE awp=false se=false i=false al=0},r=2,c=false/false,a=HANDLING,uri=https://localhost:33277/config.yml,age=1}
02:10:03.320 [qtp399373008-58] DEBUG org.eclipse.jetty.io.ssl.SslConnection - flush b[0]=HeapByteBuffer@57345db1[p=0,l=115,c=8192,r=115]={<<<HTTP/1.1 304 Not Modified...y(9.4.44.v20210927)\r\n\r\n>>>nt-Length...\x00\x00\x00\x00\x00\x00\x00}
02:10:03.320 [qtp399373008-58] DEBUG org.eclipse.jetty.io.ssl.SslConnection - flush NOT_HANDSHAKING
02:10:03.320 [qtp399373008-58] DEBUG org.eclipse.jetty.io.ssl.SslConnection - wrap Status = OK HandshakeStatus = NOT_HANDSHAKING bytesConsumed = 115 bytesProduced = 153 [p=0,l=153,c=17408,r=153] ioDone=false/false
02:10:03.321 [qtp399373008-58] DEBUG org.eclipse.jetty.io.ChannelEndPoint - flushed 153 SocketChannelEndPoint@389e615{l=/127.0.0.1:33277,r=/127.0.0.1:47714,OPEN,fill=-,flush=-,to=1/30000}{io=0/0,kio=0,kro=1}->SslConnection@e30ba00{NOT_HANDSHAKING,eio=-1/0,di=-1,fill=IDLE,flush=IDLE}~>DecryptedEndPoint@3b72a359{l=/127.0.0.1:33277,r=/127.0.0.1:47714,OPEN,fill=-,flush=W,to=49/30000}=>HttpConnection@26a4874f[p=HttpParser{s=END,0 of -1},g=HttpGenerator@2076a8f4{s=COMPLETING}]=>HttpChannelOverHttp@4314df11{s=HttpChannelState@77075ae2{s=HANDLING rs=COMPLETING os=COMMITTED is=IDLE awp=false se=false i=false al=0},r=2,c=false/false,a=HANDLING,uri=https://localhost:33277/config.yml,age=2}
02:10:03.321 [qtp399373008-58] DEBUG org.eclipse.jetty.io.ssl.SslConnection - net flushed=true, ac=true
02:10:03.321 [qtp399373008-58] DEBUG org.eclipse.jetty.io.ssl.SslConnection - <flush true SslConnection@e30ba00::SocketChannelEndPoint@389e615{l=/127.0.0.1:33277,r=/127.0.0.1:47714,OPEN,fill=-,flush=-,to=0/30000}{io=0/0,kio=0,kro=1}->SslConnection@e30ba00{NOT_HANDSHAKING,eio=-1/-1,di=-1,fill=IDLE,flush=IDLE}~>DecryptedEndPoint@3b72a359{l=/127.0.0.1:33277,r=/127.0.0.1:47714,OPEN,fill=-,flush=W,to=49/30000}=>HttpConnection@26a4874f[p=HttpParser{s=END,0 of -1},g=HttpGenerator@2076a8f4{s=COMPLETING}]=>HttpChannelOverHttp@4314df11{s=HttpChannelState@77075ae2{s=HANDLING rs=COMPLETING os=COMMITTED is=IDLE awp=false se=false i=false al=0},r=2,c=false/false,a=HANDLING,uri=https://localhost:33277/config.yml,age=2}
02:10:03.321 [qtp399373008-58] DEBUG org.eclipse.jetty.io.WriteFlusher - Flushed=true written=115 remaining=0 WriteFlusher@2f0b19a7{WRITING}->null
02:10:03.321 [main] DEBUG org.apache.nifi.minifi.bootstrap.configuration.ingestors.PullHttpChangeIngestor - Response received: Response{protocol=http/1.1, code=304, message=Not Modified, url=https://localhost:33277/config.yml}
02:10:03.321 [qtp399373008-58] DEBUG org.eclipse.jetty.io.WriteFlusher - update WriteFlusher@2f0b19a7{IDLE}->null:WRITING-->IDLE
02:10:03.321 [qtp399373008-58] DEBUG org.eclipse.jetty.server.HttpConnection - generate: DONE for SendCallback@23d63e82[PROCESSING][i=HTTP/1.1{s=304,h=2,cl=-1},cb=org.eclipse.jetty.server.HttpChannel$SendCallback@737713b7] ([p=115,l=115,c=8192,r=0],[p=0,l=0,c=0,r=0],true)@END
02:10:03.321 [qtp399373008-58] DEBUG org.eclipse.jetty.server.HttpOutput - onWriteComplete(true,null) s=CLOSING,api=BLOCKED,sc=false,e=null->s=CLOSED,api=BLOCKING,sc=false,e=null c=null cb=org.eclipse.jetty.util.Callback$3@3fdf482f w=false
02:10:03.321 [qtp399373008-58] DEBUG org.eclipse.jetty.server.HttpChannelState - completed HttpChannelState@77075ae2{s=HANDLING rs=COMPLETING os=COMPLETED is=IDLE awp=false se=false i=false al=0}
02:10:03.321 [qtp399373008-58] DEBUG org.eclipse.jetty.server.HttpChannelState - unhandle HttpChannelState@77075ae2{s=HANDLING rs=COMPLETED os=COMPLETED is=IDLE awp=false se=false i=false al=0}
02:10:03.321 [qtp399373008-58] DEBUG org.eclipse.jetty.server.HttpChannelState - nextAction(false) TERMINATED HttpChannelState@77075ae2{s=IDLE rs=COMPLETED os=COMPLETED is=IDLE awp=false se=false i=false al=0}
02:10:03.321 [qtp399373008-58] DEBUG org.eclipse.jetty.server.HttpChannel - action TERMINATED HttpChannelOverHttp@4314df11{s=HttpChannelState@77075ae2{s=IDLE rs=COMPLETED os=COMPLETED is=IDLE awp=false se=false i=false al=0},r=2,c=true/true,a=IDLE,uri=https://localhost:33277/config.yml,age=2}
02:10:03.321 [qtp399373008-58] DEBUG org.eclipse.jetty.server.HttpChannel - onCompleted for /config.yml written=0
02:10:03.321 [qtp399373008-58] DEBUG org.eclipse.jetty.server.HttpChannelState - recycle HttpChannelState@77075ae2{s=IDLE rs=COMPLETED os=COMPLETED is=IDLE awp=false se=false i=false al=0}
]]></system-out>
  </testcase>
  <testcase name="testSecurityOverride" classname="org.apache.nifi.minifi.bootstrap.configuration.ingestors.PullHttpChangeIngestorSSLTest" time="0.068">
    <system-out><![CDATA[02:10:03.321 [qtp399373008-58] DEBUG org.eclipse.jetty.http.HttpParser - reset HttpParser{s=END,0 of -1}
02:10:03.321 [qtp399373008-58] DEBUG org.eclipse.jetty.http.HttpParser - END --> START
02:10:03.321 [qtp399373008-58] DEBUG org.eclipse.jetty.server.HttpChannel - !handle TERMINATED HttpChannelOverHttp@4314df11{s=HttpChannelState@77075ae2{s=IDLE rs=BLOCKING os=OPEN is=IDLE awp=false se=false i=true al=0},r=2,c=false/false,a=IDLE,uri=null,age=0}
02:10:03.321 [qtp399373008-58] DEBUG org.eclipse.jetty.io.ssl.SslConnection - >fill SslConnection@e30ba00::SocketChannelEndPoint@389e615{l=/127.0.0.1:33277,r=/127.0.0.1:47714,OPEN,fill=-,flush=-,to=0/30000}{io=0/0,kio=0,kro=1}->SslConnection@e30ba00{NOT_HANDSHAKING,eio=-1/-1,di=-1,fill=IDLE,flush=IDLE}~>DecryptedEndPoint@3b72a359{l=/127.0.0.1:33277,r=/127.0.0.1:47714,OPEN,fill=-,flush=-,to=50/30000}=>HttpConnection@26a4874f[p=HttpParser{s=START,0 of -1},g=HttpGenerator@2076a8f4{s=START}]=>HttpChannelOverHttp@4314df11{s=HttpChannelState@77075ae2{s=IDLE rs=BLOCKING os=OPEN is=IDLE awp=false se=false i=true al=0},r=2,c=false/false,a=IDLE,uri=null,age=0}
02:10:03.321 [qtp399373008-58] DEBUG org.eclipse.jetty.io.ssl.SslConnection - fill NOT_HANDSHAKING
02:10:03.321 [qtp399373008-58] DEBUG org.eclipse.jetty.io.ChannelEndPoint - filled 0 HeapByteBuffer@816b3[p=0,l=0,c=17408,r=0]={<<<>>>\x17\x03\x03\x03\xAd\x0b\x00\x03\x88...\x00\x00\x00\x00\x00\x00\x00}
02:10:03.321 [qtp399373008-58] DEBUG org.eclipse.jetty.io.ssl.SslConnection - net filled=0
02:10:03.321 [qtp399373008-58] DEBUG org.eclipse.jetty.io.ssl.SslConnection - unwrap net_filled=0 Status = BUFFER_UNDERFLOW HandshakeStatus = NOT_HANDSHAKING bytesConsumed = 0 bytesProduced = 0 encryptedBuffer=[p=0,l=0,c=17408,r=0] unwrapBuffer=HeapByteBuffer@ecff91a[p=0,l=0,c=17408,r=0]={<<<>>>GET /conf...\x00\x00\x00\x00\x00\x00\x00} appBuffer=HeapByteBuffer@ecff91a[p=0,l=0,c=17408,r=0]={<<<>>>GET /conf...\x00\x00\x00\x00\x00\x00\x00}
02:10:03.321 [qtp399373008-58] DEBUG org.eclipse.jetty.io.ssl.SslConnection - <fill f=0 uf=true SslConnection@e30ba00::SocketChannelEndPoint@389e615{l=/127.0.0.1:33277,r=/127.0.0.1:47714,OPEN,fill=-,flush=-,to=0/30000}{io=0/0,kio=0,kro=1}->SslConnection@e30ba00{NOT_HANDSHAKING,eio=-1/-1,di=-1,fill=IDLE,flush=IDLE}~>DecryptedEndPoint@3b72a359{l=/127.0.0.1:33277,r=/127.0.0.1:47714,OPEN,fill=-,flush=-,to=50/30000}=>HttpConnection@26a4874f[p=HttpParser{s=START,0 of -1},g=HttpGenerator@2076a8f4{s=START}]=>HttpChannelOverHttp@4314df11{s=HttpChannelState@77075ae2{s=IDLE rs=BLOCKING os=OPEN is=IDLE awp=false se=false i=true al=0},r=2,c=false/false,a=IDLE,uri=null,age=0}
02:10:03.322 [qtp399373008-58] DEBUG org.eclipse.jetty.io.ssl.SslConnection - >fill SslConnection@e30ba00::SocketChannelEndPoint@389e615{l=/127.0.0.1:33277,r=/127.0.0.1:47714,OPEN,fill=-,flush=-,to=0/30000}{io=0/0,kio=0,kro=1}->SslConnection@e30ba00{NOT_HANDSHAKING,eio=-1/-1,di=-1,fill=IDLE,flush=IDLE}~>DecryptedEndPoint@3b72a359{l=/127.0.0.1:33277,r=/127.0.0.1:47714,OPEN,fill=-,flush=-,to=50/30000}=>HttpConnection@26a4874f[p=HttpParser{s=START,0 of -1},g=HttpGenerator@2076a8f4{s=START}]=>HttpChannelOverHttp@4314df11{s=HttpChannelState@77075ae2{s=IDLE rs=BLOCKING os=OPEN is=IDLE awp=false se=false i=true al=0},r=2,c=false/false,a=IDLE,uri=null,age=0}
02:10:03.322 [qtp399373008-58] DEBUG org.eclipse.jetty.io.ssl.SslConnection - fill NOT_HANDSHAKING
02:10:03.322 [qtp399373008-58] DEBUG org.eclipse.jetty.io.ChannelEndPoint - filled 0 HeapByteBuffer@30c33a9d[p=0,l=0,c=17408,r=0]={<<<>>>\x17\x03\x03\x00\x94\xDf\xD2\xBb\xEa...\x00\x00\x00\x00\x00\x00\x00}
02:10:03.322 [qtp399373008-58] DEBUG org.eclipse.jetty.io.ssl.SslConnection - net filled=0
02:10:03.322 [qtp399373008-58] DEBUG org.eclipse.jetty.io.ssl.SslConnection - unwrap net_filled=0 Status = BUFFER_UNDERFLOW HandshakeStatus = NOT_HANDSHAKING bytesConsumed = 0 bytesProduced = 0 encryptedBuffer=[p=0,l=0,c=17408,r=0] unwrapBuffer=HeapByteBuffer@ecff91a[p=0,l=0,c=17408,r=0]={<<<>>>GET /conf...\x00\x00\x00\x00\x00\x00\x00} appBuffer=HeapByteBuffer@ecff91a[p=0,l=0,c=17408,r=0]={<<<>>>GET /conf...\x00\x00\x00\x00\x00\x00\x00}
02:10:03.322 [qtp399373008-58] DEBUG org.eclipse.jetty.io.ssl.SslConnection - <fill f=0 uf=true SslConnection@e30ba00::SocketChannelEndPoint@389e615{l=/127.0.0.1:33277,r=/127.0.0.1:47714,OPEN,fill=-,flush=-,to=1/30000}{io=0/0,kio=0,kro=1}->SslConnection@e30ba00{NOT_HANDSHAKING,eio=-1/-1,di=-1,fill=IDLE,flush=IDLE}~>DecryptedEndPoint@3b72a359{l=/127.0.0.1:33277,r=/127.0.0.1:47714,OPEN,fill=-,flush=-,to=50/30000}=>HttpConnection@26a4874f[p=HttpParser{s=START,0 of -1},g=HttpGenerator@2076a8f4{s=START}]=>HttpChannelOverHttp@4314df11{s=HttpChannelState@77075ae2{s=IDLE rs=BLOCKING os=OPEN is=IDLE awp=false se=false i=true al=0},r=2,c=false/false,a=IDLE,uri=null,age=0}
02:10:03.322 [qtp399373008-58] DEBUG org.eclipse.jetty.server.HttpConnection - HttpConnection@26a4874f::DecryptedEndPoint@3b72a359{l=/127.0.0.1:33277,r=/127.0.0.1:47714,OPEN,fill=-,flush=-,to=50/30000} filled 0 HeapByteBuffer@ecff91a[p=0,l=0,c=17408,r=0]={<<<>>>GET /conf...\x00\x00\x00\x00\x00\x00\x00}
02:10:03.322 [qtp399373008-58] DEBUG org.eclipse.jetty.server.HttpConnection - HttpConnection@26a4874f::DecryptedEndPoint@3b72a359{l=/127.0.0.1:33277,r=/127.0.0.1:47714,OPEN,fill=-,flush=-,to=50/30000} parse HeapByteBuffer@ecff91a[p=0,l=0,c=17408,r=0]={<<<>>>GET /conf...\x00\x00\x00\x00\x00\x00\x00} {}
02:10:03.322 [qtp399373008-58] DEBUG org.eclipse.jetty.http.HttpParser - parseNext s=START HeapByteBuffer@ecff91a[p=0,l=0,c=17408,r=0]={<<<>>>GET /conf...\x00\x00\x00\x00\x00\x00\x00}
02:10:03.322 [qtp399373008-58] DEBUG org.eclipse.jetty.server.HttpConnection - HttpConnection@26a4874f::DecryptedEndPoint@3b72a359{l=/127.0.0.1:33277,r=/127.0.0.1:47714,OPEN,fill=-,flush=-,to=50/30000} parsed false HttpParser{s=START,0 of -1}
02:10:03.322 [qtp399373008-58] DEBUG org.eclipse.jetty.server.HttpConnection - releaseRequestBuffer HttpConnection@26a4874f::DecryptedEndPoint@3b72a359{l=/127.0.0.1:33277,r=/127.0.0.1:47714,OPEN,fill=-,flush=-,to=50/30000}
02:10:03.322 [qtp399373008-58] DEBUG org.eclipse.jetty.io.AbstractConnection - fillInterested HttpConnection@26a4874f::DecryptedEndPoint@3b72a359{l=/127.0.0.1:33277,r=/127.0.0.1:47714,OPEN,fill=-,flush=-,to=50/30000}
02:10:03.322 [qtp399373008-58] DEBUG org.eclipse.jetty.io.FillInterest - interested FillInterest@22eadd4a{AC.ReadCB@26a4874f{HttpConnection@26a4874f::DecryptedEndPoint@3b72a359{l=/127.0.0.1:33277,r=/127.0.0.1:47714,OPEN,fill=FI,flush=-,to=0/30000}}}
02:10:03.322 [qtp399373008-58] DEBUG org.eclipse.jetty.io.ssl.SslConnection - >needFillInterest s=IDLE/IDLE uf=true ei=null di=null SslConnection@e30ba00::SocketChannelEndPoint@389e615{l=/127.0.0.1:33277,r=/127.0.0.1:47714,OPEN,fill=-,flush=-,to=1/30000}{io=0/0,kio=0,kro=1}->SslConnection@e30ba00{NOT_HANDSHAKING,eio=-1/-1,di=-1,fill=IDLE,flush=IDLE}~>DecryptedEndPoint@3b72a359{l=/127.0.0.1:33277,r=/127.0.0.1:47714,OPEN,fill=FI,flush=-,to=0/30000}=>HttpConnection@26a4874f[p=HttpParser{s=START,0 of -1},g=HttpGenerator@2076a8f4{s=START}]=>HttpChannelOverHttp@4314df11{s=HttpChannelState@77075ae2{s=IDLE rs=BLOCKING os=OPEN is=IDLE awp=false se=false i=true al=0},r=2,c=false/false,a=IDLE,uri=null,age=0}
02:10:03.322 [qtp399373008-58] DEBUG org.eclipse.jetty.io.ssl.SslConnection - <needFillInterest s=IDLE/INTERESTED f=false i=true w=null
02:10:03.322 [qtp399373008-58] DEBUG org.eclipse.jetty.io.ssl.SslConnection - ensureFillInterested SslConnection@e30ba00::SocketChannelEndPoint@389e615{l=/127.0.0.1:33277,r=/127.0.0.1:47714,OPEN,fill=-,flush=-,to=1/30000}{io=0/0,kio=0,kro=1}->SslConnection@e30ba00{NOT_HANDSHAKING,eio=-1/-1,di=-1,fill=INTERESTED,flush=IDLE}~>DecryptedEndPoint@3b72a359{l=/127.0.0.1:33277,r=/127.0.0.1:47714,OPEN,fill=FI,flush=-,to=0/30000}=>HttpConnection@26a4874f[p=HttpParser{s=START,0 of -1},g=HttpGenerator@2076a8f4{s=START}]=>HttpChannelOverHttp@4314df11{s=HttpChannelState@77075ae2{s=IDLE rs=BLOCKING os=OPEN is=IDLE awp=false se=false i=true al=0},r=2,c=false/false,a=IDLE,uri=null,age=0}
02:10:03.322 [qtp399373008-58] DEBUG org.eclipse.jetty.io.FillInterest - interested FillInterest@82b721a{SSLC.NBReadCB@e30ba00{SslConnection@e30ba00::SocketChannelEndPoint@389e615{l=/127.0.0.1:33277,r=/127.0.0.1:47714,OPEN,fill=FI,flush=-,to=0/30000}{io=0/0,kio=0,kro=1}->SslConnection@e30ba00{NOT_HANDSHAKING,eio=-1/-1,di=-1,fill=INTERESTED,flush=IDLE}~>DecryptedEndPoint@3b72a359{l=/127.0.0.1:33277,r=/127.0.0.1:47714,OPEN,fill=FI,flush=-,to=0/30000}=>HttpConnection@26a4874f[p=HttpParser{s=START,0 of -1},g=HttpGenerator@2076a8f4{s=START}]=>HttpChannelOverHttp@4314df11{s=HttpChannelState@77075ae2{s=IDLE rs=BLOCKING os=OPEN is=IDLE awp=false se=false i=true al=0},r=2,c=false/false,a=IDLE,uri=null,age=0}}}
02:10:03.322 [qtp399373008-58] DEBUG org.eclipse.jetty.io.ChannelEndPoint - changeInterests p=false 0->1 for SocketChannelEndPoint@389e615{l=/127.0.0.1:33277,r=/127.0.0.1:47714,OPEN,fill=FI,flush=-,to=0/30000}{io=0/1,kio=0,kro=1}->SslConnection@e30ba00{NOT_HANDSHAKING,eio=-1/-1,di=-1,fill=INTERESTED,flush=IDLE}~>DecryptedEndPoint@3b72a359{l=/127.0.0.1:33277,r=/127.0.0.1:47714,OPEN,fill=FI,flush=-,to=0/30000}=>HttpConnection@26a4874f[p=HttpParser{s=START,0 of -1},g=HttpGenerator@2076a8f4{s=START}]=>HttpChannelOverHttp@4314df11{s=HttpChannelState@77075ae2{s=IDLE rs=BLOCKING os=OPEN is=IDLE awp=false se=false i=true al=0},r=2,c=false/false,a=IDLE,uri=null,age=0}
02:10:03.322 [qtp399373008-58] DEBUG org.eclipse.jetty.io.ManagedSelector - Queued change lazy=false org.eclipse.jetty.io.ChannelEndPoint$$Lambda$255/1830220082@3c029a5 on ManagedSelector@4e70a728{STARTED} id=0 keys=1 selected=0 updates=0
02:10:03.322 [qtp399373008-58] DEBUG org.eclipse.jetty.io.ManagedSelector - Wakeup on submit ManagedSelector@4e70a728{STARTED} id=0 keys=1 selected=0 updates=1
02:10:03.322 [qtp399373008-58] DEBUG org.eclipse.jetty.server.HttpConnection - HttpConnection@26a4874f::DecryptedEndPoint@3b72a359{l=/127.0.0.1:33277,r=/127.0.0.1:47714,OPEN,fill=FI,flush=-,to=0/30000} onFillable exit HttpChannelState@77075ae2{s=IDLE rs=BLOCKING os=OPEN is=IDLE awp=false se=false i=true al=0} null
02:10:03.322 [qtp399373008-57] DEBUG org.eclipse.jetty.io.ManagedSelector - Selector sun.nio.ch.EPollSelectorImpl@724c02dc woken with none selected
02:10:03.322 [qtp399373008-58] DEBUG org.eclipse.jetty.io.ssl.SslConnection - <c.onFillable SslConnection@e30ba00::SocketChannelEndPoint@389e615{l=/127.0.0.1:33277,r=/127.0.0.1:47714,OPEN,fill=FI,flush=-,to=0/30000}{io=0/1,kio=0,kro=1}->SslConnection@e30ba00{NOT_HANDSHAKING,eio=-1/-1,di=-1,fill=INTERESTED,flush=IDLE}~>DecryptedEndPoint@3b72a359{l=/127.0.0.1:33277,r=/127.0.0.1:47714,OPEN,fill=FI,flush=-,to=0/30000}=>HttpConnection@26a4874f[p=HttpParser{s=START,0 of -1},g=HttpGenerator@2076a8f4{s=START}]=>HttpChannelOverHttp@4314df11{s=HttpChannelState@77075ae2{s=IDLE rs=BLOCKING os=OPEN is=IDLE awp=false se=false i=true al=0},r=2,c=false/false,a=IDLE,uri=null,age=0}
02:10:03.323 [qtp399373008-57] DEBUG org.eclipse.jetty.io.ManagedSelector - Selector sun.nio.ch.EPollSelectorImpl@724c02dc woken up from select, 0/0/1 selected
02:10:03.323 [qtp399373008-57] DEBUG org.eclipse.jetty.io.ManagedSelector - Selector sun.nio.ch.EPollSelectorImpl@724c02dc processing 0 keys, 1 updates
02:10:03.323 [qtp399373008-57] DEBUG org.eclipse.jetty.io.ManagedSelector - updateable 1
02:10:03.323 [qtp399373008-58] DEBUG org.eclipse.jetty.util.thread.ReservedThreadExecutor - ReservedThread@327610e2{RUNNING,thread=Thread[qtp399373008-58,5,main]} was=RUNNING next=RESERVED size=0+2 capacity=8
02:10:03.323 [qtp399373008-57] DEBUG org.eclipse.jetty.io.ManagedSelector - update org.eclipse.jetty.io.ChannelEndPoint$$Lambda$255/1830220082@3c029a5
02:10:03.323 [qtp399373008-58] DEBUG org.eclipse.jetty.util.thread.ReservedThreadExecutor - ReservedThread@327610e2{RESERVED,thread=Thread[qtp399373008-58,5,main]} waiting ReservedThreadExecutor@424fd310{reserved=2/8,pending=0}
02:10:03.323 [qtp399373008-57] DEBUG org.eclipse.jetty.io.ChannelEndPoint - Key interests updated 0 -> 1 on SocketChannelEndPoint@389e615{l=/127.0.0.1:33277,r=/127.0.0.1:47714,OPEN,fill=FI,flush=-,to=0/30000}{io=1/1,kio=1,kro=1}->SslConnection@e30ba00{NOT_HANDSHAKING,eio=-1/-1,di=-1,fill=INTERESTED,flush=IDLE}~>DecryptedEndPoint@3b72a359{l=/127.0.0.1:33277,r=/127.0.0.1:47714,OPEN,fill=FI,flush=-,to=0/30000}=>HttpConnection@26a4874f[p=HttpParser{s=START,0 of -1},g=HttpGenerator@2076a8f4{s=START}]=>HttpChannelOverHttp@4314df11{s=HttpChannelState@77075ae2{s=IDLE rs=BLOCKING os=OPEN is=IDLE awp=false se=false i=true al=0},r=2,c=false/false,a=IDLE,uri=null,age=0}
02:10:03.323 [qtp399373008-57] DEBUG org.eclipse.jetty.io.ManagedSelector - updates 0
02:10:03.323 [qtp399373008-57] DEBUG org.eclipse.jetty.io.ManagedSelector - Selector sun.nio.ch.EPollSelectorImpl@724c02dc waiting with 1 keys
02:10:03.324 [main] DEBUG org.apache.nifi.minifi.bootstrap.configuration.ingestors.PullHttpChangeIngestor - Attempting to pull new config
02:10:03.324 [qtp399373008-56-acceptor-0@53dacd14-ServerConnector@2374d36a{SSL, (ssl, http/1.1)}{localhost:33277}] DEBUG org.eclipse.jetty.io.ManagedSelector - Queued change lazy=false Accept@44469305[java.nio.channels.SocketChannel[connected local=/127.0.0.1:33277 remote=/127.0.0.1:47726]] on ManagedSelector@5733f295{STARTED} id=1 keys=1 selected=0 updates=0
02:10:03.324 [qtp399373008-56-acceptor-0@53dacd14-ServerConnector@2374d36a{SSL, (ssl, http/1.1)}{localhost:33277}] DEBUG org.eclipse.jetty.io.ManagedSelector - Wakeup on submit ManagedSelector@5733f295{STARTED} id=1 keys=1 selected=0 updates=1
02:10:03.324 [qtp399373008-60] DEBUG org.eclipse.jetty.io.ManagedSelector - Selector sun.nio.ch.EPollSelectorImpl@79e51817 woken with none selected
02:10:03.324 [qtp399373008-60] DEBUG org.eclipse.jetty.io.ManagedSelector - Selector sun.nio.ch.EPollSelectorImpl@79e51817 woken up from select, 0/0/1 selected
02:10:03.324 [qtp399373008-60] DEBUG org.eclipse.jetty.io.ManagedSelector - Selector sun.nio.ch.EPollSelectorImpl@79e51817 processing 0 keys, 1 updates
02:10:03.324 [qtp399373008-60] DEBUG org.eclipse.jetty.io.ManagedSelector - updateable 1
02:10:03.325 [qtp399373008-60] DEBUG org.eclipse.jetty.io.ManagedSelector - update Accept@44469305[java.nio.channels.SocketChannel[connected local=/127.0.0.1:33277 remote=/127.0.0.1:47726]]
02:10:03.325 [qtp399373008-60] DEBUG org.eclipse.jetty.util.thread.QueuedThreadPool - queue Accept@44469305[java.nio.channels.SocketChannel[connected local=/127.0.0.1:33277 remote=/127.0.0.1:47726]] startThread=0
02:10:03.325 [qtp399373008-60] DEBUG org.eclipse.jetty.io.ManagedSelector - updates 0
02:10:03.325 [qtp399373008-55] DEBUG org.eclipse.jetty.util.thread.QueuedThreadPool - run Accept@44469305[java.nio.channels.SocketChannel[connected local=/127.0.0.1:33277 remote=/127.0.0.1:47726]] in QueuedThreadPool[qtp399373008]@17cdf2d0{STARTED,8<=8<=200,i=0,r=-1,q=0}[ReservedThreadExecutor@424fd310{reserved=2/8,pending=0}]
02:10:03.325 [qtp399373008-60] DEBUG org.eclipse.jetty.io.ManagedSelector - Selector sun.nio.ch.EPollSelectorImpl@79e51817 waiting with 2 keys
02:10:03.325 [qtp399373008-55] DEBUG org.eclipse.jetty.io.IdleTimeout - SocketChannelEndPoint@78b469ac{l=/127.0.0.1:33277,r=/127.0.0.1:47726,OPEN,fill=-,flush=-,to=0/30000}{io=0/0,kio=0,kro=0}-><null> idle timeout check, elapsed: 0 ms, remaining: 30000 ms
02:10:03.325 [qtp399373008-55] DEBUG org.eclipse.jetty.util.ssl.SslContextFactory - Customize sun.security.ssl.SSLEngineImpl@3db6f8de
02:10:03.325 [qtp399373008-55] DEBUG org.eclipse.jetty.server.HttpChannel - new HttpChannelOverHttp@2ffe5756{s=HttpChannelState@c418496{s=IDLE rs=BLOCKING os=OPEN is=IDLE awp=false se=false i=true al=0},r=0,c=false/false,a=IDLE,uri=null,age=0} -> DecryptedEndPoint@57e375bb{l=/127.0.0.1:33277,r=/127.0.0.1:47726,OPEN,fill=-,flush=-,to=0/30000},null,HttpChannelState@c418496{s=IDLE rs=BLOCKING os=OPEN is=IDLE awp=false se=false i=true al=0}
02:10:03.325 [qtp399373008-55] DEBUG org.eclipse.jetty.server.HttpConnection - New HTTP Connection HttpConnection@5d990791::DecryptedEndPoint@57e375bb{l=/127.0.0.1:33277,r=/127.0.0.1:47726,OPEN,fill=-,flush=-,to=0/30000}
02:10:03.325 [qtp399373008-55] DEBUG org.eclipse.jetty.io.ManagedSelector - Queued change lazy=true org.eclipse.jetty.io.ManagedSelector$$Lambda$258/615682846@80af93 on ManagedSelector@5733f295{STARTED} id=1 keys=2 selected=0 updates=0
02:10:03.325 [qtp399373008-55] DEBUG org.eclipse.jetty.io.AbstractEndPoint - onOpen SocketChannelEndPoint@78b469ac{l=/127.0.0.1:33277,r=/127.0.0.1:47726,OPEN,fill=-,flush=-,to=0/30000}{io=0/0,kio=0,kro=0}->SslConnection@e5fe21{NOT_HANDSHAKING,eio=-1/-1,di=-1,fill=IDLE,flush=IDLE}~>DecryptedEndPoint@57e375bb{l=/127.0.0.1:33277,r=/127.0.0.1:47726,OPEN,fill=-,flush=-,to=0/30000}=>HttpConnection@5d990791[p=HttpParser{s=START,0 of -1},g=HttpGenerator@4ce71d2b{s=START}]=>HttpChannelOverHttp@2ffe5756{s=HttpChannelState@c418496{s=IDLE rs=BLOCKING os=OPEN is=IDLE awp=false se=false i=true al=0},r=0,c=false/false,a=IDLE,uri=null,age=0}
02:10:03.326 [qtp399373008-55] DEBUG org.eclipse.jetty.io.AbstractConnection - onOpen SslConnection@e5fe21::SocketChannelEndPoint@78b469ac{l=/127.0.0.1:33277,r=/127.0.0.1:47726,OPEN,fill=-,flush=-,to=0/30000}{io=0/0,kio=0,kro=0}->SslConnection@e5fe21{NOT_HANDSHAKING,eio=-1/-1,di=-1,fill=IDLE,flush=IDLE}~>DecryptedEndPoint@57e375bb{l=/127.0.0.1:33277,r=/127.0.0.1:47726,OPEN,fill=-,flush=-,to=0/30000}=>HttpConnection@5d990791[p=HttpParser{s=START,0 of -1},g=HttpGenerator@4ce71d2b{s=START}]=>HttpChannelOverHttp@2ffe5756{s=HttpChannelState@c418496{s=IDLE rs=BLOCKING os=OPEN is=IDLE awp=false se=false i=true al=0},r=0,c=false/false,a=IDLE,uri=null,age=0}
02:10:03.326 [qtp399373008-55] DEBUG org.eclipse.jetty.io.AbstractConnection - onOpen HttpConnection@5d990791::DecryptedEndPoint@57e375bb{l=/127.0.0.1:33277,r=/127.0.0.1:47726,OPEN,fill=-,flush=-,to=0/30000}
02:10:03.326 [qtp399373008-55] DEBUG org.eclipse.jetty.io.AbstractConnection - fillInterested HttpConnection@5d990791::DecryptedEndPoint@57e375bb{l=/127.0.0.1:33277,r=/127.0.0.1:47726,OPEN,fill=-,flush=-,to=0/30000}
02:10:03.326 [qtp399373008-55] DEBUG org.eclipse.jetty.io.FillInterest - interested FillInterest@59d73ea9{AC.ReadCB@5d990791{HttpConnection@5d990791::DecryptedEndPoint@57e375bb{l=/127.0.0.1:33277,r=/127.0.0.1:47726,OPEN,fill=FI,flush=-,to=0/30000}}}
02:10:03.326 [qtp399373008-55] DEBUG org.eclipse.jetty.io.ssl.SslConnection - >needFillInterest s=IDLE/IDLE uf=false ei=null di=null SslConnection@e5fe21::SocketChannelEndPoint@78b469ac{l=/127.0.0.1:33277,r=/127.0.0.1:47726,OPEN,fill=-,flush=-,to=0/30000}{io=0/0,kio=0,kro=0}->SslConnection@e5fe21{NOT_HANDSHAKING,eio=-1/-1,di=-1,fill=IDLE,flush=IDLE}~>DecryptedEndPoint@57e375bb{l=/127.0.0.1:33277,r=/127.0.0.1:47726,OPEN,fill=FI,flush=-,to=0/30000}=>HttpConnection@5d990791[p=HttpParser{s=START,0 of -1},g=HttpGenerator@4ce71d2b{s=START}]=>HttpChannelOverHttp@2ffe5756{s=HttpChannelState@c418496{s=IDLE rs=BLOCKING os=OPEN is=IDLE awp=false se=false i=true al=0},r=0,c=false/false,a=IDLE,uri=null,age=0}
02:10:03.326 [qtp399373008-55] DEBUG org.eclipse.jetty.io.ssl.SslConnection - <needFillInterest s=IDLE/INTERESTED f=false i=true w=null
02:10:03.326 [qtp399373008-55] DEBUG org.eclipse.jetty.io.ssl.SslConnection - ensureFillInterested SslConnection@e5fe21::SocketChannelEndPoint@78b469ac{l=/127.0.0.1:33277,r=/127.0.0.1:47726,OPEN,fill=-,flush=-,to=0/30000}{io=0/0,kio=0,kro=0}->SslConnection@e5fe21{NOT_HANDSHAKING,eio=-1/-1,di=-1,fill=INTERESTED,flush=IDLE}~>DecryptedEndPoint@57e375bb{l=/127.0.0.1:33277,r=/127.0.0.1:47726,OPEN,fill=FI,flush=-,to=0/30000}=>HttpConnection@5d990791[p=HttpParser{s=START,0 of -1},g=HttpGenerator@4ce71d2b{s=START}]=>HttpChannelOverHttp@2ffe5756{s=HttpChannelState@c418496{s=IDLE rs=BLOCKING os=OPEN is=IDLE awp=false se=false i=true al=0},r=0,c=false/false,a=IDLE,uri=null,age=0}
02:10:03.326 [qtp399373008-55] DEBUG org.eclipse.jetty.io.FillInterest - interested FillInterest@5c2eee37{SSLC.NBReadCB@e5fe21{SslConnection@e5fe21::SocketChannelEndPoint@78b469ac{l=/127.0.0.1:33277,r=/127.0.0.1:47726,OPEN,fill=FI,flush=-,to=0/30000}{io=0/0,kio=0,kro=0}->SslConnection@e5fe21{NOT_HANDSHAKING,eio=-1/-1,di=-1,fill=INTERESTED,flush=IDLE}~>DecryptedEndPoint@57e375bb{l=/127.0.0.1:33277,r=/127.0.0.1:47726,OPEN,fill=FI,flush=-,to=0/30000}=>HttpConnection@5d990791[p=HttpParser{s=START,0 of -1},g=HttpGenerator@4ce71d2b{s=START}]=>HttpChannelOverHttp@2ffe5756{s=HttpChannelState@c418496{s=IDLE rs=BLOCKING os=OPEN is=IDLE awp=false se=false i=true al=0},r=0,c=false/false,a=IDLE,uri=null,age=0}}}
02:10:03.326 [qtp399373008-55] DEBUG org.eclipse.jetty.io.ChannelEndPoint - changeInterests p=false 0->1 for SocketChannelEndPoint@78b469ac{l=/127.0.0.1:33277,r=/127.0.0.1:47726,OPEN,fill=FI,flush=-,to=0/30000}{io=0/1,kio=0,kro=0}->SslConnection@e5fe21{NOT_HANDSHAKING,eio=-1/-1,di=-1,fill=INTERESTED,flush=IDLE}~>DecryptedEndPoint@57e375bb{l=/127.0.0.1:33277,r=/127.0.0.1:47726,OPEN,fill=FI,flush=-,to=0/30000}=>HttpConnection@5d990791[p=HttpParser{s=START,0 of -1},g=HttpGenerator@4ce71d2b{s=START}]=>HttpChannelOverHttp@2ffe5756{s=HttpChannelState@c418496{s=IDLE rs=BLOCKING os=OPEN is=IDLE awp=false se=false i=true al=0},r=0,c=false/false,a=IDLE,uri=null,age=0}
02:10:03.326 [qtp399373008-55] DEBUG org.eclipse.jetty.io.ManagedSelector - Queued change lazy=false org.eclipse.jetty.io.ChannelEndPoint$$Lambda$255/1830220082@73151765 on ManagedSelector@5733f295{STARTED} id=1 keys=2 selected=0 updates=1
02:10:03.326 [qtp399373008-55] DEBUG org.eclipse.jetty.io.ManagedSelector - Wakeup on submit ManagedSelector@5733f295{STARTED} id=1 keys=2 selected=0 updates=2
02:10:03.326 [qtp399373008-60] DEBUG org.eclipse.jetty.io.ManagedSelector - Selector sun.nio.ch.EPollSelectorImpl@79e51817 woken with none selected
02:10:03.326 [qtp399373008-60] DEBUG org.eclipse.jetty.io.ManagedSelector - Selector sun.nio.ch.EPollSelectorImpl@79e51817 woken up from select, 0/0/2 selected
02:10:03.326 [qtp399373008-60] DEBUG org.eclipse.jetty.io.ManagedSelector - Selector sun.nio.ch.EPollSelectorImpl@79e51817 processing 0 keys, 2 updates
02:10:03.326 [qtp399373008-55] DEBUG org.eclipse.jetty.io.ManagedSelector - Created SocketChannelEndPoint@78b469ac{l=/127.0.0.1:33277,r=/127.0.0.1:47726,OPEN,fill=FI,flush=-,to=0/30000}{io=0/1,kio=0,kro=0}->SslConnection@e5fe21{NOT_HANDSHAKING,eio=-1/-1,di=-1,fill=INTERESTED,flush=IDLE}~>DecryptedEndPoint@57e375bb{l=/127.0.0.1:33277,r=/127.0.0.1:47726,OPEN,fill=FI,flush=-,to=0/30000}=>HttpConnection@5d990791[p=HttpParser{s=START,0 of -1},g=HttpGenerator@4ce71d2b{s=START}]=>HttpChannelOverHttp@2ffe5756{s=HttpChannelState@c418496{s=IDLE rs=BLOCKING os=OPEN is=IDLE awp=false se=false i=true al=0},r=0,c=false/false,a=IDLE,uri=null,age=0}
02:10:03.326 [qtp399373008-60] DEBUG org.eclipse.jetty.io.ManagedSelector - updateable 2
02:10:03.326 [qtp399373008-60] DEBUG org.eclipse.jetty.io.ManagedSelector - update org.eclipse.jetty.io.ManagedSelector$$Lambda$258/615682846@80af93
02:10:03.326 [qtp399373008-60] DEBUG org.eclipse.jetty.io.ManagedSelector - update org.eclipse.jetty.io.ChannelEndPoint$$Lambda$255/1830220082@73151765
02:10:03.326 [qtp399373008-55] DEBUG org.eclipse.jetty.util.thread.QueuedThreadPool - ran Accept@44469305[java.nio.channels.SocketChannel[connected local=/127.0.0.1:33277 remote=/127.0.0.1:47726]] in QueuedThreadPool[qtp399373008]@17cdf2d0{STARTED,8<=8<=200,i=0,r=-1,q=0}[ReservedThreadExecutor@424fd310{reserved=2/8,pending=0}]
02:10:03.326 [qtp399373008-60] DEBUG org.eclipse.jetty.io.ChannelEndPoint - Key interests updated 0 -> 1 on SocketChannelEndPoint@78b469ac{l=/127.0.0.1:33277,r=/127.0.0.1:47726,OPEN,fill=FI,flush=-,to=0/30000}{io=1/1,kio=1,kro=0}->SslConnection@e5fe21{NOT_HANDSHAKING,eio=-1/-1,di=-1,fill=INTERESTED,flush=IDLE}~>DecryptedEndPoint@57e375bb{l=/127.0.0.1:33277,r=/127.0.0.1:47726,OPEN,fill=FI,flush=-,to=0/30000}=>HttpConnection@5d990791[p=HttpParser{s=START,0 of -1},g=HttpGenerator@4ce71d2b{s=START}]=>HttpChannelOverHttp@2ffe5756{s=HttpChannelState@c418496{s=IDLE rs=BLOCKING os=OPEN is=IDLE awp=false se=false i=true al=0},r=0,c=false/false,a=IDLE,uri=null,age=0}
02:10:03.326 [qtp399373008-60] DEBUG org.eclipse.jetty.io.ManagedSelector - updates 0
02:10:03.326 [qtp399373008-60] DEBUG org.eclipse.jetty.io.ManagedSelector - Selector sun.nio.ch.EPollSelectorImpl@79e51817 waiting with 2 keys
02:10:03.327 [qtp399373008-60] DEBUG org.eclipse.jetty.io.ManagedSelector - Selector sun.nio.ch.EPollSelectorImpl@79e51817 woken up from select, 1/1/2 selected
02:10:03.327 [qtp399373008-60] DEBUG org.eclipse.jetty.io.ManagedSelector - Selector sun.nio.ch.EPollSelectorImpl@79e51817 processing 1 keys, 0 updates
02:10:03.327 [qtp399373008-60] DEBUG org.eclipse.jetty.io.ManagedSelector - selected 1 sun.nio.ch.SelectionKeyImpl@1f8434f8 SocketChannelEndPoint@78b469ac{l=/127.0.0.1:33277,r=/127.0.0.1:47726,OPEN,fill=FI,flush=-,to=0/30000}{io=1/1,kio=1,kro=1}->SslConnection@e5fe21{NOT_HANDSHAKING,eio=-1/-1,di=-1,fill=INTERESTED,flush=IDLE}~>DecryptedEndPoint@57e375bb{l=/127.0.0.1:33277,r=/127.0.0.1:47726,OPEN,fill=FI,flush=-,to=1/30000}=>HttpConnection@5d990791[p=HttpParser{s=START,0 of -1},g=HttpGenerator@4ce71d2b{s=START}]=>HttpChannelOverHttp@2ffe5756{s=HttpChannelState@c418496{s=IDLE rs=BLOCKING os=OPEN is=IDLE awp=false se=false i=true al=0},r=0,c=false/false,a=IDLE,uri=null,age=0} 
02:10:03.327 [qtp399373008-60] DEBUG org.eclipse.jetty.io.ChannelEndPoint - onSelected 1->0 r=true w=false for SocketChannelEndPoint@78b469ac{l=/127.0.0.1:33277,r=/127.0.0.1:47726,OPEN,fill=FI,flush=-,to=0/30000}{io=1/0,kio=1,kro=1}->SslConnection@e5fe21{NOT_HANDSHAKING,eio=-1/-1,di=-1,fill=INTERESTED,flush=IDLE}~>DecryptedEndPoint@57e375bb{l=/127.0.0.1:33277,r=/127.0.0.1:47726,OPEN,fill=FI,flush=-,to=1/30000}=>HttpConnection@5d990791[p=HttpParser{s=START,0 of -1},g=HttpGenerator@4ce71d2b{s=START}]=>HttpChannelOverHttp@2ffe5756{s=HttpChannelState@c418496{s=IDLE rs=BLOCKING os=OPEN is=IDLE awp=false se=false i=true al=0},r=0,c=false/false,a=IDLE,uri=null,age=0}
02:10:03.327 [qtp399373008-60] DEBUG org.eclipse.jetty.io.ChannelEndPoint - task CEP:SocketChannelEndPoint@78b469ac{l=/127.0.0.1:33277,r=/127.0.0.1:47726,OPEN,fill=FI,flush=-,to=0/30000}{io=1/0,kio=1,kro=1}->SslConnection@e5fe21{NOT_HANDSHAKING,eio=-1/-1,di=-1,fill=INTERESTED,flush=IDLE}~>DecryptedEndPoint@57e375bb{l=/127.0.0.1:33277,r=/127.0.0.1:47726,OPEN,fill=FI,flush=-,to=1/30000}=>HttpConnection@5d990791[p=HttpParser{s=START,0 of -1},g=HttpGenerator@4ce71d2b{s=START}]=>HttpChannelOverHttp@2ffe5756{s=HttpChannelState@c418496{s=IDLE rs=BLOCKING os=OPEN is=IDLE awp=false se=false i=true al=0},r=0,c=false/false,a=IDLE,uri=null,age=0}:runFillable:BLOCKING
02:10:03.327 [qtp399373008-60] DEBUG org.eclipse.jetty.util.thread.ReservedThreadExecutor - ReservedThreadExecutor@424fd310{reserved=2/8,pending=0} tryExecute EatWhatYouKill@b7838a9/SelectorProducer@696f0212/PRODUCING/p=false/QueuedThreadPool[qtp399373008]@17cdf2d0{STARTED,8<=8<=200,i=1,r=-1,q=0}[ReservedThreadExecutor@424fd310{reserved=2/8,pending=0}][pc=0,pic=0,pec=1,epc=2]@2024-05-02T02:10:03.327+01:00
02:10:03.327 [qtp399373008-58] DEBUG org.eclipse.jetty.util.thread.ReservedThreadExecutor - ReservedThread@327610e2{RESERVED,thread=Thread[qtp399373008-58,5,main]} task=EatWhatYouKill@b7838a9/SelectorProducer@696f0212/IDLE/p=true/QueuedThreadPool[qtp399373008]@17cdf2d0{STARTED,8<=8<=200,i=1,r=-1,q=0}[ReservedThreadExecutor@424fd310{reserved=1/8,pending=0}][pc=0,pic=0,pec=1,epc=2]@2024-05-02T02:10:03.327+01:00 ReservedThreadExecutor@424fd310{reserved=1/8,pending=0}
02:10:03.327 [qtp399373008-60] DEBUG org.eclipse.jetty.util.thread.strategy.EatWhatYouKill - EatWhatYouKill@b7838a9/SelectorProducer@696f0212/IDLE/p=true/QueuedThreadPool[qtp399373008]@17cdf2d0{STARTED,8<=8<=200,i=1,r=-1,q=0}[ReservedThreadExecutor@424fd310{reserved=1/8,pending=0}][pc=0,pic=0,pec=1,epc=2]@2024-05-02T02:10:03.327+01:00 m=EXECUTE_PRODUCE_CONSUME t=CEP:SocketChannelEndPoint@78b469ac{l=/127.0.0.1:33277,r=/127.0.0.1:47726,OPEN,fill=FI,flush=-,to=1/30000}{io=1/0,kio=1,kro=1}->SslConnection@e5fe21{NOT_HANDSHAKING,eio=-1/-1,di=-1,fill=INTERESTED,flush=IDLE}~>DecryptedEndPoint@57e375bb{l=/127.0.0.1:33277,r=/127.0.0.1:47726,OPEN,fill=FI,flush=-,to=1/30000}=>HttpConnection@5d990791[p=HttpParser{s=START,0 of -1},g=HttpGenerator@4ce71d2b{s=START}]=>HttpChannelOverHttp@2ffe5756{s=HttpChannelState@c418496{s=IDLE rs=BLOCKING os=OPEN is=IDLE awp=false se=false i=true al=0},r=0,c=false/false,a=IDLE,uri=null,age=0}:runFillable:BLOCKING/BLOCKING
02:10:03.327 [qtp399373008-58] DEBUG org.eclipse.jetty.util.thread.strategy.EatWhatYouKill - EatWhatYouKill@b7838a9/SelectorProducer@696f0212/IDLE/p=true/QueuedThreadPool[qtp399373008]@17cdf2d0{STARTED,8<=8<=200,i=1,r=-1,q=0}[ReservedThreadExecutor@424fd310{reserved=1/8,pending=0}][pc=0,pic=0,pec=1,epc=3]@2024-05-02T02:10:03.327+01:00 tryProduce true
02:10:03.327 [qtp399373008-58] DEBUG org.eclipse.jetty.io.ManagedSelector - updateable 0
02:10:03.327 [qtp399373008-60] DEBUG org.eclipse.jetty.io.FillInterest - fillable FillInterest@5c2eee37{SSLC.NBReadCB@e5fe21{SslConnection@e5fe21::SocketChannelEndPoint@78b469ac{l=/127.0.0.1:33277,r=/127.0.0.1:47726,OPEN,fill=FI,flush=-,to=1/30000}{io=1/0,kio=1,kro=1}->SslConnection@e5fe21{NOT_HANDSHAKING,eio=-1/-1,di=-1,fill=INTERESTED,flush=IDLE}~>DecryptedEndPoint@57e375bb{l=/127.0.0.1:33277,r=/127.0.0.1:47726,OPEN,fill=FI,flush=-,to=1/30000}=>HttpConnection@5d990791[p=HttpParser{s=START,0 of -1},g=HttpGenerator@4ce71d2b{s=START}]=>HttpChannelOverHttp@2ffe5756{s=HttpChannelState@c418496{s=IDLE rs=BLOCKING os=OPEN is=IDLE awp=false se=false i=true al=0},r=0,c=false/false,a=IDLE,uri=null,age=0}}}
02:10:03.327 [qtp399373008-58] DEBUG org.eclipse.jetty.io.ManagedSelector - updates 0
02:10:03.327 [qtp399373008-60] DEBUG org.eclipse.jetty.io.ssl.SslConnection - >c.onFillable SslConnection@e5fe21::SocketChannelEndPoint@78b469ac{l=/127.0.0.1:33277,r=/127.0.0.1:47726,OPEN,fill=-,flush=-,to=1/30000}{io=1/0,kio=1,kro=1}->SslConnection@e5fe21{NOT_HANDSHAKING,eio=-1/-1,di=-1,fill=INTERESTED,flush=IDLE}~>DecryptedEndPoint@57e375bb{l=/127.0.0.1:33277,r=/127.0.0.1:47726,OPEN,fill=FI,flush=-,to=1/30000}=>HttpConnection@5d990791[p=HttpParser{s=START,0 of -1},g=HttpGenerator@4ce71d2b{s=START}]=>HttpChannelOverHttp@2ffe5756{s=HttpChannelState@c418496{s=IDLE rs=BLOCKING os=OPEN is=IDLE awp=false se=false i=true al=0},r=0,c=false/false,a=IDLE,uri=null,age=0}
02:10:03.327 [qtp399373008-58] DEBUG org.eclipse.jetty.io.ChannelEndPoint - Key interests updated 1 -> 0 on SocketChannelEndPoint@78b469ac{l=/127.0.0.1:33277,r=/127.0.0.1:47726,OPEN,fill=-,flush=-,to=1/30000}{io=0/0,kio=0,kro=1}->SslConnection@e5fe21{NOT_HANDSHAKING,eio=-1/-1,di=-1,fill=INTERESTED,flush=IDLE}~>DecryptedEndPoint@57e375bb{l=/127.0.0.1:33277,r=/127.0.0.1:47726,OPEN,fill=FI,flush=-,to=1/30000}=>HttpConnection@5d990791[p=HttpParser{s=START,0 of -1},g=HttpGenerator@4ce71d2b{s=START}]=>HttpChannelOverHttp@2ffe5756{s=HttpChannelState@c418496{s=IDLE rs=BLOCKING os=OPEN is=IDLE awp=false se=false i=true al=0},r=0,c=false/false,a=IDLE,uri=null,age=0}
02:10:03.328 [qtp399373008-60] DEBUG org.eclipse.jetty.io.ssl.SslConnection - onFillable SslConnection@e5fe21::SocketChannelEndPoint@78b469ac{l=/127.0.0.1:33277,r=/127.0.0.1:47726,OPEN,fill=-,flush=-,to=1/30000}{io=0/0,kio=0,kro=1}->SslConnection@e5fe21{NOT_HANDSHAKING,eio=-1/-1,di=-1,fill=INTERESTED,flush=IDLE}~>DecryptedEndPoint@57e375bb{l=/127.0.0.1:33277,r=/127.0.0.1:47726,OPEN,fill=FI,flush=-,to=1/30000}=>HttpConnection@5d990791[p=HttpParser{s=START,0 of -1},g=HttpGenerator@4ce71d2b{s=START}]=>HttpChannelOverHttp@2ffe5756{s=HttpChannelState@c418496{s=IDLE rs=BLOCKING os=OPEN is=IDLE awp=false se=false i=true al=0},r=0,c=false/false,a=IDLE,uri=null,age=0}
02:10:03.328 [qtp399373008-58] DEBUG org.eclipse.jetty.io.ManagedSelector - Selector sun.nio.ch.EPollSelectorImpl@79e51817 waiting with 2 keys
02:10:03.328 [qtp399373008-60] DEBUG org.eclipse.jetty.io.FillInterest - fillable FillInterest@59d73ea9{AC.ReadCB@5d990791{HttpConnection@5d990791::DecryptedEndPoint@57e375bb{l=/127.0.0.1:33277,r=/127.0.0.1:47726,OPEN,fill=FI,flush=-,to=1/30000}}}
02:10:03.328 [qtp399373008-60] DEBUG org.eclipse.jetty.server.HttpConnection - HttpConnection@5d990791::DecryptedEndPoint@57e375bb{l=/127.0.0.1:33277,r=/127.0.0.1:47726,OPEN,fill=-,flush=-,to=1/30000} onFillable enter HttpChannelState@c418496{s=IDLE rs=BLOCKING os=OPEN is=IDLE awp=false se=false i=true al=0} null
02:10:03.328 [qtp399373008-60] DEBUG org.eclipse.jetty.io.ssl.SslConnection - >fill SslConnection@e5fe21::SocketChannelEndPoint@78b469ac{l=/127.0.0.1:33277,r=/127.0.0.1:47726,OPEN,fill=-,flush=-,to=1/30000}{io=0/0,kio=0,kro=1}->SslConnection@e5fe21{NOT_HANDSHAKING,eio=-1/-1,di=-1,fill=IDLE,flush=IDLE}~>DecryptedEndPoint@57e375bb{l=/127.0.0.1:33277,r=/127.0.0.1:47726,OPEN,fill=-,flush=-,to=2/30000}=>HttpConnection@5d990791[p=HttpParser{s=START,0 of -1},g=HttpGenerator@4ce71d2b{s=START}]=>HttpChannelOverHttp@2ffe5756{s=HttpChannelState@c418496{s=IDLE rs=BLOCKING os=OPEN is=IDLE awp=false se=false i=true al=0},r=0,c=false/false,a=IDLE,uri=null,age=0}
02:10:03.328 [qtp399373008-60] DEBUG org.eclipse.jetty.io.ssl.SslConnection - fill NOT_HANDSHAKING
02:10:03.328 [qtp399373008-60] DEBUG org.eclipse.jetty.io.ChannelEndPoint - filled 339 HeapByteBuffer@30c33a9d[p=0,l=339,c=17408,r=339]={<<<\x16\x03\x03\x01N\x01\x00\x01J\x03\x03\xDf\xA6G\x05j\xB2u\x1d\xF2\xE5\xBd>\x82\xE9...\x0f\x90V\xC3.\x9b\xE7r\x8f5\x9a{\xE9\xB9\xA1b\x05 \xFf\x01\x00\x01\x00>>>\xF9\xFb}{\xC0\xFag\xC6G...\x00\x00\x00\x00\x00\x00\x00}
02:10:03.328 [qtp399373008-60] DEBUG org.eclipse.jetty.io.ssl.SslConnection - net filled=339
02:10:03.328 [qtp399373008-60] DEBUG org.eclipse.jetty.io.ssl.SslConnection - fill starting handshake SslConnection@e5fe21::SocketChannelEndPoint@78b469ac{l=/127.0.0.1:33277,r=/127.0.0.1:47726,OPEN,fill=-,flush=-,to=0/30000}{io=0/0,kio=0,kro=1}->SslConnection@e5fe21{NOT_HANDSHAKING,eio=339/-1,di=-1,fill=IDLE,flush=IDLE}~>DecryptedEndPoint@57e375bb{l=/127.0.0.1:33277,r=/127.0.0.1:47726,OPEN,fill=-,flush=-,to=2/30000}=>HttpConnection@5d990791[p=HttpParser{s=START,0 of -1},g=HttpGenerator@4ce71d2b{s=START}]=>HttpChannelOverHttp@2ffe5756{s=HttpChannelState@c418496{s=IDLE rs=BLOCKING os=OPEN is=IDLE awp=false se=false i=true al=0},r=0,c=false/false,a=IDLE,uri=null,age=0}
02:10:03.328 [qtp399373008-60] DEBUG org.eclipse.jetty.io.ssl.SslConnection - unwrap net_filled=339 Status = OK HandshakeStatus = NEED_TASK bytesConsumed = 339 bytesProduced = 0 encryptedBuffer=[p=339,l=339,c=17408,r=0] unwrapBuffer=HeapByteBuffer@816b3[p=0,l=0,c=17408,r=0]={<<<>>>\x17\x03\x03\x03\xAd\x0b\x00\x03\x88...\x00\x00\x00\x00\x00\x00\x00} appBuffer=HeapByteBuffer@816b3[p=0,l=0,c=17408,r=0]={<<<>>>\x17\x03\x03\x03\xAd\x0b\x00\x03\x88...\x00\x00\x00\x00\x00\x00\x00}
02:10:03.328 [qtp399373008-60] DEBUG org.eclipse.jetty.io.ssl.SslConnection - fill NEED_TASK
02:10:03.336 [qtp399373008-60] DEBUG org.eclipse.jetty.io.ssl.SslConnection - fill NEED_WRAP
02:10:03.336 [qtp399373008-60] DEBUG org.eclipse.jetty.io.ssl.SslConnection - >flush SslConnection@e5fe21::SocketChannelEndPoint@78b469ac{l=/127.0.0.1:33277,r=/127.0.0.1:47726,OPEN,fill=-,flush=-,to=8/30000}{io=0/0,kio=0,kro=1}->SslConnection@e5fe21{NEED_WRAP,eio=0/-1,di=-1,fill=IDLE,flush=IDLE}~>DecryptedEndPoint@57e375bb{l=/127.0.0.1:33277,r=/127.0.0.1:47726,OPEN,fill=-,flush=-,to=10/30000}=>HttpConnection@5d990791[p=HttpParser{s=START,0 of -1},g=HttpGenerator@4ce71d2b{s=START}]=>HttpChannelOverHttp@2ffe5756{s=HttpChannelState@c418496{s=IDLE rs=BLOCKING os=OPEN is=IDLE awp=false se=false i=true al=0},r=0,c=false/false,a=IDLE,uri=null,age=0}
02:10:03.336 [qtp399373008-60] DEBUG org.eclipse.jetty.io.ssl.SslConnection - flush b[0]=HeapByteBuffer@58b1a525[p=0,l=0,c=0,r=0]={<<<>>>}
02:10:03.336 [qtp399373008-60] DEBUG org.eclipse.jetty.io.ssl.SslConnection - flush NEED_WRAP
02:10:03.336 [qtp399373008-60] DEBUG org.eclipse.jetty.io.ssl.SslConnection - wrap Status = OK HandshakeStatus = NEED_WRAP bytesConsumed = 0 bytesProduced = 160 [p=0,l=160,c=17408,r=160] ioDone=false/false
02:10:03.337 [qtp399373008-60] DEBUG org.eclipse.jetty.io.ChannelEndPoint - flushed 160 SocketChannelEndPoint@78b469ac{l=/127.0.0.1:33277,r=/127.0.0.1:47726,OPEN,fill=-,flush=-,to=8/30000}{io=0/0,kio=0,kro=1}->SslConnection@e5fe21{NEED_WRAP,eio=0/0,di=-1,fill=IDLE,flush=IDLE}~>DecryptedEndPoint@57e375bb{l=/127.0.0.1:33277,r=/127.0.0.1:47726,OPEN,fill=-,flush=-,to=10/30000}=>HttpConnection@5d990791[p=HttpParser{s=START,0 of -1},g=HttpGenerator@4ce71d2b{s=START}]=>HttpChannelOverHttp@2ffe5756{s=HttpChannelState@c418496{s=IDLE rs=BLOCKING os=OPEN is=IDLE awp=false se=false i=true al=0},r=0,c=false/false,a=IDLE,uri=null,age=0}
02:10:03.337 [qtp399373008-60] DEBUG org.eclipse.jetty.io.ssl.SslConnection - net flushed=true, ac=true
02:10:03.337 [qtp399373008-60] DEBUG org.eclipse.jetty.io.ssl.SslConnection - flush NEED_WRAP
02:10:03.337 [qtp399373008-60] DEBUG org.eclipse.jetty.io.ssl.SslConnection - wrap Status = OK HandshakeStatus = NEED_WRAP bytesConsumed = 0 bytesProduced = 6 [p=0,l=6,c=17408,r=6] ioDone=false/false
02:10:03.337 [qtp399373008-60] DEBUG org.eclipse.jetty.io.ChannelEndPoint - flushed 6 SocketChannelEndPoint@78b469ac{l=/127.0.0.1:33277,r=/127.0.0.1:47726,OPEN,fill=-,flush=-,to=0/30000}{io=0/0,kio=0,kro=1}->SslConnection@e5fe21{NEED_WRAP,eio=0/0,di=-1,fill=IDLE,flush=IDLE}~>DecryptedEndPoint@57e375bb{l=/127.0.0.1:33277,r=/127.0.0.1:47726,OPEN,fill=-,flush=-,to=11/30000}=>HttpConnection@5d990791[p=HttpParser{s=START,0 of -1},g=HttpGenerator@4ce71d2b{s=START}]=>HttpChannelOverHttp@2ffe5756{s=HttpChannelState@c418496{s=IDLE rs=BLOCKING os=OPEN is=IDLE awp=false se=false i=true al=0},r=0,c=false/false,a=IDLE,uri=null,age=0}
02:10:03.337 [qtp399373008-60] DEBUG org.eclipse.jetty.io.ssl.SslConnection - net flushed=true, ac=true
02:10:03.337 [qtp399373008-60] DEBUG org.eclipse.jetty.io.ssl.SslConnection - flush NEED_WRAP
02:10:03.337 [qtp399373008-60] DEBUG org.eclipse.jetty.io.ssl.SslConnection - wrap Status = OK HandshakeStatus = NEED_UNWRAP bytesConsumed = 0 bytesProduced = 1597 [p=0,l=1597,c=17408,r=1597] ioDone=false/false
02:10:03.337 [qtp399373008-60] DEBUG org.eclipse.jetty.io.ChannelEndPoint - flushed 1597 SocketChannelEndPoint@78b469ac{l=/127.0.0.1:33277,r=/127.0.0.1:47726,OPEN,fill=-,flush=-,to=0/30000}{io=0/0,kio=0,kro=1}->SslConnection@e5fe21{NEED_UNWRAP,eio=0/0,di=-1,fill=IDLE,flush=IDLE}~>DecryptedEndPoint@57e375bb{l=/127.0.0.1:33277,r=/127.0.0.1:47726,OPEN,fill=-,flush=-,to=11/30000}=>HttpConnection@5d990791[p=HttpParser{s=START,0 of -1},g=HttpGenerator@4ce71d2b{s=START}]=>HttpChannelOverHttp@2ffe5756{s=HttpChannelState@c418496{s=IDLE rs=BLOCKING os=OPEN is=IDLE awp=false se=false i=true al=0},r=0,c=false/false,a=IDLE,uri=null,age=0}
02:10:03.337 [qtp399373008-60] DEBUG org.eclipse.jetty.io.ssl.SslConnection - net flushed=true, ac=true
02:10:03.337 [qtp399373008-60] DEBUG org.eclipse.jetty.io.ssl.SslConnection - <flush true SslConnection@e5fe21::SocketChannelEndPoint@78b469ac{l=/127.0.0.1:33277,r=/127.0.0.1:47726,OPEN,fill=-,flush=-,to=0/30000}{io=0/0,kio=0,kro=1}->SslConnection@e5fe21{NEED_UNWRAP,eio=0/-1,di=-1,fill=IDLE,flush=IDLE}~>DecryptedEndPoint@57e375bb{l=/127.0.0.1:33277,r=/127.0.0.1:47726,OPEN,fill=-,flush=-,to=11/30000}=>HttpConnection@5d990791[p=HttpParser{s=START,0 of -1},g=HttpGenerator@4ce71d2b{s=START}]=>HttpChannelOverHttp@2ffe5756{s=HttpChannelState@c418496{s=IDLE rs=BLOCKING os=OPEN is=IDLE awp=false se=false i=true al=0},r=0,c=false/false,a=IDLE,uri=null,age=0}
02:10:03.337 [qtp399373008-60] DEBUG org.eclipse.jetty.io.ssl.SslConnection - fill NEED_UNWRAP
02:10:03.337 [qtp399373008-60] DEBUG org.eclipse.jetty.io.ChannelEndPoint - filled 0 HeapByteBuffer@30c33a9d[p=0,l=0,c=17408,r=0]={<<<>>>\x16\x03\x03\x01N\x01\x00\x01J...\x00\x00\x00\x00\x00\x00\x00}
02:10:03.337 [qtp399373008-60] DEBUG org.eclipse.jetty.io.ssl.SslConnection - net filled=0
02:10:03.338 [qtp399373008-60] DEBUG org.eclipse.jetty.io.ssl.SslConnection - unwrap net_filled=0 Status = BUFFER_UNDERFLOW HandshakeStatus = NEED_UNWRAP bytesConsumed = 0 bytesProduced = 0 encryptedBuffer=[p=0,l=0,c=17408,r=0] unwrapBuffer=HeapByteBuffer@816b3[p=0,l=0,c=17408,r=0]={<<<>>>\x17\x03\x03\x03\xAd\x0b\x00\x03\x88...\x00\x00\x00\x00\x00\x00\x00} appBuffer=HeapByteBuffer@816b3[p=0,l=0,c=17408,r=0]={<<<>>>\x17\x03\x03\x03\xAd\x0b\x00\x03\x88...\x00\x00\x00\x00\x00\x00\x00}
02:10:03.338 [qtp399373008-60] DEBUG org.eclipse.jetty.io.ssl.SslConnection - <fill f=0 uf=true SslConnection@e5fe21::SocketChannelEndPoint@78b469ac{l=/127.0.0.1:33277,r=/127.0.0.1:47726,OPEN,fill=-,flush=-,to=0/30000}{io=0/0,kio=0,kro=1}->SslConnection@e5fe21{NEED_UNWRAP,eio=-1/-1,di=-1,fill=IDLE,flush=IDLE}~>DecryptedEndPoint@57e375bb{l=/127.0.0.1:33277,r=/127.0.0.1:47726,OPEN,fill=-,flush=-,to=11/30000}=>HttpConnection@5d990791[p=HttpParser{s=START,0 of -1},g=HttpGenerator@4ce71d2b{s=START}]=>HttpChannelOverHttp@2ffe5756{s=HttpChannelState@c418496{s=IDLE rs=BLOCKING os=OPEN is=IDLE awp=false se=false i=true al=0},r=0,c=false/false,a=IDLE,uri=null,age=0}
02:10:03.338 [qtp399373008-60] DEBUG org.eclipse.jetty.io.ssl.SslConnection - >fill SslConnection@e5fe21::SocketChannelEndPoint@78b469ac{l=/127.0.0.1:33277,r=/127.0.0.1:47726,OPEN,fill=-,flush=-,to=0/30000}{io=0/0,kio=0,kro=1}->SslConnection@e5fe21{NEED_UNWRAP,eio=-1/-1,di=-1,fill=IDLE,flush=IDLE}~>DecryptedEndPoint@57e375bb{l=/127.0.0.1:33277,r=/127.0.0.1:47726,OPEN,fill=-,flush=-,to=12/30000}=>HttpConnection@5d990791[p=HttpParser{s=START,0 of -1},g=HttpGenerator@4ce71d2b{s=START}]=>HttpChannelOverHttp@2ffe5756{s=HttpChannelState@c418496{s=IDLE rs=BLOCKING os=OPEN is=IDLE awp=false se=false i=true al=0},r=0,c=false/false,a=IDLE,uri=null,age=0}
02:10:03.338 [qtp399373008-60] DEBUG org.eclipse.jetty.io.ssl.SslConnection - fill NEED_UNWRAP
02:10:03.338 [qtp399373008-60] DEBUG org.eclipse.jetty.io.ChannelEndPoint - filled 0 HeapByteBuffer@ecff91a[p=0,l=0,c=17408,r=0]={<<<>>>\x17\x03\x03\x068\xEd\x87g\x9a...\x00\x00\x00\x00\x00\x00\x00}
02:10:03.338 [qtp399373008-60] DEBUG org.eclipse.jetty.io.ssl.SslConnection - net filled=0
02:10:03.338 [qtp399373008-60] DEBUG org.eclipse.jetty.io.ssl.SslConnection - unwrap net_filled=0 Status = BUFFER_UNDERFLOW HandshakeStatus = NEED_UNWRAP bytesConsumed = 0 bytesProduced = 0 encryptedBuffer=[p=0,l=0,c=17408,r=0] unwrapBuffer=HeapByteBuffer@816b3[p=0,l=0,c=17408,r=0]={<<<>>>\x17\x03\x03\x03\xAd\x0b\x00\x03\x88...\x00\x00\x00\x00\x00\x00\x00} appBuffer=HeapByteBuffer@816b3[p=0,l=0,c=17408,r=0]={<<<>>>\x17\x03\x03\x03\xAd\x0b\x00\x03\x88...\x00\x00\x00\x00\x00\x00\x00}
02:10:03.338 [qtp399373008-60] DEBUG org.eclipse.jetty.io.ssl.SslConnection - <fill f=0 uf=true SslConnection@e5fe21::SocketChannelEndPoint@78b469ac{l=/127.0.0.1:33277,r=/127.0.0.1:47726,OPEN,fill=-,flush=-,to=0/30000}{io=0/0,kio=0,kro=1}->SslConnection@e5fe21{NEED_UNWRAP,eio=-1/-1,di=-1,fill=IDLE,flush=IDLE}~>DecryptedEndPoint@57e375bb{l=/127.0.0.1:33277,r=/127.0.0.1:47726,OPEN,fill=-,flush=-,to=12/30000}=>HttpConnection@5d990791[p=HttpParser{s=START,0 of -1},g=HttpGenerator@4ce71d2b{s=START}]=>HttpChannelOverHttp@2ffe5756{s=HttpChannelState@c418496{s=IDLE rs=BLOCKING os=OPEN is=IDLE awp=false se=false i=true al=0},r=0,c=false/false,a=IDLE,uri=null,age=0}
02:10:03.338 [qtp399373008-60] DEBUG org.eclipse.jetty.server.HttpConnection - HttpConnection@5d990791::DecryptedEndPoint@57e375bb{l=/127.0.0.1:33277,r=/127.0.0.1:47726,OPEN,fill=-,flush=-,to=12/30000} filled 0 HeapByteBuffer@816b3[p=0,l=0,c=17408,r=0]={<<<>>>\x17\x03\x03\x03\xAd\x0b\x00\x03\x88...\x00\x00\x00\x00\x00\x00\x00}
02:10:03.338 [qtp399373008-60] DEBUG org.eclipse.jetty.server.HttpConnection - HttpConnection@5d990791::DecryptedEndPoint@57e375bb{l=/127.0.0.1:33277,r=/127.0.0.1:47726,OPEN,fill=-,flush=-,to=12/30000} parse HeapByteBuffer@816b3[p=0,l=0,c=17408,r=0]={<<<>>>\x17\x03\x03\x03\xAd\x0b\x00\x03\x88...\x00\x00\x00\x00\x00\x00\x00} {}
02:10:03.338 [qtp399373008-60] DEBUG org.eclipse.jetty.http.HttpParser - parseNext s=START HeapByteBuffer@816b3[p=0,l=0,c=17408,r=0]={<<<>>>\x17\x03\x03\x03\xAd\x0b\x00\x03\x88...\x00\x00\x00\x00\x00\x00\x00}
02:10:03.338 [qtp399373008-60] DEBUG org.eclipse.jetty.server.HttpConnection - HttpConnection@5d990791::DecryptedEndPoint@57e375bb{l=/127.0.0.1:33277,r=/127.0.0.1:47726,OPEN,fill=-,flush=-,to=12/30000} parsed false HttpParser{s=START,0 of -1}
02:10:03.338 [qtp399373008-60] DEBUG org.eclipse.jetty.server.HttpConnection - releaseRequestBuffer HttpConnection@5d990791::DecryptedEndPoint@57e375bb{l=/127.0.0.1:33277,r=/127.0.0.1:47726,OPEN,fill=-,flush=-,to=12/30000}
02:10:03.338 [qtp399373008-60] DEBUG org.eclipse.jetty.io.AbstractConnection - fillInterested HttpConnection@5d990791::DecryptedEndPoint@57e375bb{l=/127.0.0.1:33277,r=/127.0.0.1:47726,OPEN,fill=-,flush=-,to=12/30000}
02:10:03.338 [qtp399373008-60] DEBUG org.eclipse.jetty.io.FillInterest - interested FillInterest@59d73ea9{AC.ReadCB@5d990791{HttpConnection@5d990791::DecryptedEndPoint@57e375bb{l=/127.0.0.1:33277,r=/127.0.0.1:47726,OPEN,fill=FI,flush=-,to=0/30000}}}
02:10:03.339 [qtp399373008-60] DEBUG org.eclipse.jetty.io.ssl.SslConnection - >needFillInterest s=IDLE/IDLE uf=true ei=null di=null SslConnection@e5fe21::SocketChannelEndPoint@78b469ac{l=/127.0.0.1:33277,r=/127.0.0.1:47726,OPEN,fill=-,flush=-,to=1/30000}{io=0/0,kio=0,kro=1}->SslConnection@e5fe21{NEED_UNWRAP,eio=-1/-1,di=-1,fill=IDLE,flush=IDLE}~>DecryptedEndPoint@57e375bb{l=/127.0.0.1:33277,r=/127.0.0.1:47726,OPEN,fill=FI,flush=-,to=0/30000}=>HttpConnection@5d990791[p=HttpParser{s=START,0 of -1},g=HttpGenerator@4ce71d2b{s=START}]=>HttpChannelOverHttp@2ffe5756{s=HttpChannelState@c418496{s=IDLE rs=BLOCKING os=OPEN is=IDLE awp=false se=false i=true al=0},r=0,c=false/false,a=IDLE,uri=null,age=0}
02:10:03.339 [qtp399373008-60] DEBUG org.eclipse.jetty.io.ssl.SslConnection - <needFillInterest s=IDLE/INTERESTED f=false i=true w=null
02:10:03.339 [qtp399373008-60] DEBUG org.eclipse.jetty.io.ssl.SslConnection - ensureFillInterested SslConnection@e5fe21::SocketChannelEndPoint@78b469ac{l=/127.0.0.1:33277,r=/127.0.0.1:47726,OPEN,fill=-,flush=-,to=1/30000}{io=0/0,kio=0,kro=1}->SslConnection@e5fe21{NEED_UNWRAP,eio=-1/-1,di=-1,fill=INTERESTED,flush=IDLE}~>DecryptedEndPoint@57e375bb{l=/127.0.0.1:33277,r=/127.0.0.1:47726,OPEN,fill=FI,flush=-,to=0/30000}=>HttpConnection@5d990791[p=HttpParser{s=START,0 of -1},g=HttpGenerator@4ce71d2b{s=START}]=>HttpChannelOverHttp@2ffe5756{s=HttpChannelState@c418496{s=IDLE rs=BLOCKING os=OPEN is=IDLE awp=false se=false i=true al=0},r=0,c=false/false,a=IDLE,uri=null,age=0}
02:10:03.339 [qtp399373008-60] DEBUG org.eclipse.jetty.io.FillInterest - interested FillInterest@5c2eee37{SSLC.NBReadCB@e5fe21{SslConnection@e5fe21::SocketChannelEndPoint@78b469ac{l=/127.0.0.1:33277,r=/127.0.0.1:47726,OPEN,fill=FI,flush=-,to=0/30000}{io=0/0,kio=0,kro=1}->SslConnection@e5fe21{NEED_UNWRAP,eio=-1/-1,di=-1,fill=INTERESTED,flush=IDLE}~>DecryptedEndPoint@57e375bb{l=/127.0.0.1:33277,r=/127.0.0.1:47726,OPEN,fill=FI,flush=-,to=0/30000}=>HttpConnection@5d990791[p=HttpParser{s=START,0 of -1},g=HttpGenerator@4ce71d2b{s=START}]=>HttpChannelOverHttp@2ffe5756{s=HttpChannelState@c418496{s=IDLE rs=BLOCKING os=OPEN is=IDLE awp=false se=false i=true al=0},r=0,c=false/false,a=IDLE,uri=null,age=0}}}
02:10:03.339 [qtp399373008-60] DEBUG org.eclipse.jetty.io.ChannelEndPoint - changeInterests p=false 0->1 for SocketChannelEndPoint@78b469ac{l=/127.0.0.1:33277,r=/127.0.0.1:47726,OPEN,fill=FI,flush=-,to=0/30000}{io=0/1,kio=0,kro=1}->SslConnection@e5fe21{NEED_UNWRAP,eio=-1/-1,di=-1,fill=INTERESTED,flush=IDLE}~>DecryptedEndPoint@57e375bb{l=/127.0.0.1:33277,r=/127.0.0.1:47726,OPEN,fill=FI,flush=-,to=0/30000}=>HttpConnection@5d990791[p=HttpParser{s=START,0 of -1},g=HttpGenerator@4ce71d2b{s=START}]=>HttpChannelOverHttp@2ffe5756{s=HttpChannelState@c418496{s=IDLE rs=BLOCKING os=OPEN is=IDLE awp=false se=false i=true al=0},r=0,c=false/false,a=IDLE,uri=null,age=0}
02:10:03.339 [qtp399373008-60] DEBUG org.eclipse.jetty.io.ManagedSelector - Queued change lazy=false org.eclipse.jetty.io.ChannelEndPoint$$Lambda$255/1830220082@73151765 on ManagedSelector@5733f295{STARTED} id=1 keys=2 selected=0 updates=0
02:10:03.339 [qtp399373008-60] DEBUG org.eclipse.jetty.io.ManagedSelector - Wakeup on submit ManagedSelector@5733f295{STARTED} id=1 keys=2 selected=0 updates=1
02:10:03.339 [qtp399373008-60] DEBUG org.eclipse.jetty.server.HttpConnection - HttpConnection@5d990791::DecryptedEndPoint@57e375bb{l=/127.0.0.1:33277,r=/127.0.0.1:47726,OPEN,fill=FI,flush=-,to=0/30000} onFillable exit HttpChannelState@c418496{s=IDLE rs=BLOCKING os=OPEN is=IDLE awp=false se=false i=true al=0} null
02:10:03.339 [qtp399373008-60] DEBUG org.eclipse.jetty.io.ssl.SslConnection - <c.onFillable SslConnection@e5fe21::SocketChannelEndPoint@78b469ac{l=/127.0.0.1:33277,r=/127.0.0.1:47726,OPEN,fill=FI,flush=-,to=0/30000}{io=0/1,kio=0,kro=1}->SslConnection@e5fe21{NEED_UNWRAP,eio=-1/-1,di=-1,fill=INTERESTED,flush=IDLE}~>DecryptedEndPoint@57e375bb{l=/127.0.0.1:33277,r=/127.0.0.1:47726,OPEN,fill=FI,flush=-,to=0/30000}=>HttpConnection@5d990791[p=HttpParser{s=START,0 of -1},g=HttpGenerator@4ce71d2b{s=START}]=>HttpChannelOverHttp@2ffe5756{s=HttpChannelState@c418496{s=IDLE rs=BLOCKING os=OPEN is=IDLE awp=false se=false i=true al=0},r=0,c=false/false,a=IDLE,uri=null,age=0}
02:10:03.339 [qtp399373008-60] DEBUG org.eclipse.jetty.util.thread.ReservedThreadExecutor - ReservedThread@361fe360{RUNNING,thread=Thread[qtp399373008-60,5,main]} was=RUNNING next=RESERVED size=0+2 capacity=8
02:10:03.339 [qtp399373008-60] DEBUG org.eclipse.jetty.util.thread.ReservedThreadExecutor - ReservedThread@361fe360{RESERVED,thread=Thread[qtp399373008-60,5,main]} waiting ReservedThreadExecutor@424fd310{reserved=2/8,pending=0}
02:10:03.341 [qtp399373008-58] DEBUG org.eclipse.jetty.io.ManagedSelector - Selector sun.nio.ch.EPollSelectorImpl@79e51817 woken with none selected
02:10:03.341 [qtp399373008-58] DEBUG org.eclipse.jetty.io.ManagedSelector - Selector sun.nio.ch.EPollSelectorImpl@79e51817 woken up from select, 0/0/2 selected
02:10:03.341 [qtp399373008-58] DEBUG org.eclipse.jetty.io.ManagedSelector - Selector sun.nio.ch.EPollSelectorImpl@79e51817 processing 0 keys, 1 updates
02:10:03.341 [qtp399373008-58] DEBUG org.eclipse.jetty.io.ManagedSelector - updateable 1
02:10:03.341 [qtp399373008-58] DEBUG org.eclipse.jetty.io.ManagedSelector - update org.eclipse.jetty.io.ChannelEndPoint$$Lambda$255/1830220082@73151765
02:10:03.341 [qtp399373008-58] DEBUG org.eclipse.jetty.io.ChannelEndPoint - Key interests updated 0 -> 1 on SocketChannelEndPoint@78b469ac{l=/127.0.0.1:33277,r=/127.0.0.1:47726,OPEN,fill=FI,flush=-,to=2/30000}{io=1/1,kio=1,kro=1}->SslConnection@e5fe21{NEED_UNWRAP,eio=-1/-1,di=-1,fill=INTERESTED,flush=IDLE}~>DecryptedEndPoint@57e375bb{l=/127.0.0.1:33277,r=/127.0.0.1:47726,OPEN,fill=FI,flush=-,to=2/30000}=>HttpConnection@5d990791[p=HttpParser{s=START,0 of -1},g=HttpGenerator@4ce71d2b{s=START}]=>HttpChannelOverHttp@2ffe5756{s=HttpChannelState@c418496{s=IDLE rs=BLOCKING os=OPEN is=IDLE awp=false se=false i=true al=0},r=0,c=false/false,a=IDLE,uri=null,age=0}
02:10:03.341 [qtp399373008-58] DEBUG org.eclipse.jetty.io.ManagedSelector - updates 0
02:10:03.341 [qtp399373008-58] DEBUG org.eclipse.jetty.io.ManagedSelector - Selector sun.nio.ch.EPollSelectorImpl@79e51817 waiting with 2 keys
02:10:03.341 [qtp399373008-58] DEBUG org.eclipse.jetty.io.ManagedSelector - Selector sun.nio.ch.EPollSelectorImpl@79e51817 woken up from select, 1/1/2 selected
02:10:03.341 [qtp399373008-58] DEBUG org.eclipse.jetty.io.ManagedSelector - Selector sun.nio.ch.EPollSelectorImpl@79e51817 processing 1 keys, 0 updates
02:10:03.341 [qtp399373008-58] DEBUG org.eclipse.jetty.io.ManagedSelector - selected 1 sun.nio.ch.SelectionKeyImpl@1f8434f8 SocketChannelEndPoint@78b469ac{l=/127.0.0.1:33277,r=/127.0.0.1:47726,OPEN,fill=FI,flush=-,to=2/30000}{io=1/1,kio=1,kro=1}->SslConnection@e5fe21{NEED_UNWRAP,eio=-1/-1,di=-1,fill=INTERESTED,flush=IDLE}~>DecryptedEndPoint@57e375bb{l=/127.0.0.1:33277,r=/127.0.0.1:47726,OPEN,fill=FI,flush=-,to=3/30000}=>HttpConnection@5d990791[p=HttpParser{s=START,0 of -1},g=HttpGenerator@4ce71d2b{s=START}]=>HttpChannelOverHttp@2ffe5756{s=HttpChannelState@c418496{s=IDLE rs=BLOCKING os=OPEN is=IDLE awp=false se=false i=true al=0},r=0,c=false/false,a=IDLE,uri=null,age=0} 
02:10:03.342 [qtp399373008-58] DEBUG org.eclipse.jetty.io.ChannelEndPoint - onSelected 1->0 r=true w=false for SocketChannelEndPoint@78b469ac{l=/127.0.0.1:33277,r=/127.0.0.1:47726,OPEN,fill=FI,flush=-,to=2/30000}{io=1/0,kio=1,kro=1}->SslConnection@e5fe21{NEED_UNWRAP,eio=-1/-1,di=-1,fill=INTERESTED,flush=IDLE}~>DecryptedEndPoint@57e375bb{l=/127.0.0.1:33277,r=/127.0.0.1:47726,OPEN,fill=FI,flush=-,to=3/30000}=>HttpConnection@5d990791[p=HttpParser{s=START,0 of -1},g=HttpGenerator@4ce71d2b{s=START}]=>HttpChannelOverHttp@2ffe5756{s=HttpChannelState@c418496{s=IDLE rs=BLOCKING os=OPEN is=IDLE awp=false se=false i=true al=0},r=0,c=false/false,a=IDLE,uri=null,age=0}
02:10:03.342 [qtp399373008-58] DEBUG org.eclipse.jetty.io.ChannelEndPoint - task CEP:SocketChannelEndPoint@78b469ac{l=/127.0.0.1:33277,r=/127.0.0.1:47726,OPEN,fill=FI,flush=-,to=2/30000}{io=1/0,kio=1,kro=1}->SslConnection@e5fe21{NEED_UNWRAP,eio=-1/-1,di=-1,fill=INTERESTED,flush=IDLE}~>DecryptedEndPoint@57e375bb{l=/127.0.0.1:33277,r=/127.0.0.1:47726,OPEN,fill=FI,flush=-,to=3/30000}=>HttpConnection@5d990791[p=HttpParser{s=START,0 of -1},g=HttpGenerator@4ce71d2b{s=START}]=>HttpChannelOverHttp@2ffe5756{s=HttpChannelState@c418496{s=IDLE rs=BLOCKING os=OPEN is=IDLE awp=false se=false i=true al=0},r=0,c=false/false,a=IDLE,uri=null,age=0}:runFillable:BLOCKING
02:10:03.342 [qtp399373008-58] DEBUG org.eclipse.jetty.util.thread.ReservedThreadExecutor - ReservedThreadExecutor@424fd310{reserved=2/8,pending=0} tryExecute EatWhatYouKill@b7838a9/SelectorProducer@696f0212/PRODUCING/p=false/QueuedThreadPool[qtp399373008]@17cdf2d0{STARTED,8<=8<=200,i=1,r=-1,q=0}[ReservedThreadExecutor@424fd310{reserved=2/8,pending=0}][pc=0,pic=0,pec=1,epc=3]@2024-05-02T02:10:03.342+01:00
02:10:03.342 [qtp399373008-58] DEBUG org.eclipse.jetty.util.thread.strategy.EatWhatYouKill - EatWhatYouKill@b7838a9/SelectorProducer@696f0212/IDLE/p=true/QueuedThreadPool[qtp399373008]@17cdf2d0{STARTED,8<=8<=200,i=1,r=-1,q=0}[ReservedThreadExecutor@424fd310{reserved=1/8,pending=0}][pc=0,pic=0,pec=1,epc=3]@2024-05-02T02:10:03.342+01:00 m=EXECUTE_PRODUCE_CONSUME t=CEP:SocketChannelEndPoint@78b469ac{l=/127.0.0.1:33277,r=/127.0.0.1:47726,OPEN,fill=FI,flush=-,to=3/30000}{io=1/0,kio=1,kro=1}->SslConnection@e5fe21{NEED_UNWRAP,eio=-1/-1,di=-1,fill=INTERESTED,flush=IDLE}~>DecryptedEndPoint@57e375bb{l=/127.0.0.1:33277,r=/127.0.0.1:47726,OPEN,fill=FI,flush=-,to=3/30000}=>HttpConnection@5d990791[p=HttpParser{s=START,0 of -1},g=HttpGenerator@4ce71d2b{s=START}]=>HttpChannelOverHttp@2ffe5756{s=HttpChannelState@c418496{s=IDLE rs=BLOCKING os=OPEN is=IDLE awp=false se=false i=true al=0},r=0,c=false/false,a=IDLE,uri=null,age=0}:runFillable:BLOCKING/BLOCKING
02:10:03.342 [qtp399373008-60] DEBUG org.eclipse.jetty.util.thread.ReservedThreadExecutor - ReservedThread@361fe360{RESERVED,thread=Thread[qtp399373008-60,5,main]} task=EatWhatYouKill@b7838a9/SelectorProducer@696f0212/IDLE/p=true/QueuedThreadPool[qtp399373008]@17cdf2d0{STARTED,8<=8<=200,i=1,r=-1,q=0}[ReservedThreadExecutor@424fd310{reserved=1/8,pending=0}][pc=0,pic=0,pec=1,epc=3]@2024-05-02T02:10:03.342+01:00 ReservedThreadExecutor@424fd310{reserved=1/8,pending=0}
02:10:03.342 [qtp399373008-58] DEBUG org.eclipse.jetty.io.FillInterest - fillable FillInterest@5c2eee37{SSLC.NBReadCB@e5fe21{SslConnection@e5fe21::SocketChannelEndPoint@78b469ac{l=/127.0.0.1:33277,r=/127.0.0.1:47726,OPEN,fill=FI,flush=-,to=3/30000}{io=1/0,kio=1,kro=1}->SslConnection@e5fe21{NEED_UNWRAP,eio=-1/-1,di=-1,fill=INTERESTED,flush=IDLE}~>DecryptedEndPoint@57e375bb{l=/127.0.0.1:33277,r=/127.0.0.1:47726,OPEN,fill=FI,flush=-,to=3/30000}=>HttpConnection@5d990791[p=HttpParser{s=START,0 of -1},g=HttpGenerator@4ce71d2b{s=START}]=>HttpChannelOverHttp@2ffe5756{s=HttpChannelState@c418496{s=IDLE rs=BLOCKING os=OPEN is=IDLE awp=false se=false i=true al=0},r=0,c=false/false,a=IDLE,uri=null,age=0}}}
02:10:03.342 [qtp399373008-60] DEBUG org.eclipse.jetty.util.thread.strategy.EatWhatYouKill - EatWhatYouKill@b7838a9/SelectorProducer@696f0212/IDLE/p=true/QueuedThreadPool[qtp399373008]@17cdf2d0{STARTED,8<=8<=200,i=1,r=-1,q=0}[ReservedThreadExecutor@424fd310{reserved=1/8,pending=0}][pc=0,pic=0,pec=1,epc=4]@2024-05-02T02:10:03.342+01:00 tryProduce true
02:10:03.342 [qtp399373008-60] DEBUG org.eclipse.jetty.io.ManagedSelector - updateable 0
02:10:03.342 [qtp399373008-60] DEBUG org.eclipse.jetty.io.ManagedSelector - updates 0
02:10:03.342 [qtp399373008-58] DEBUG org.eclipse.jetty.io.ssl.SslConnection - >c.onFillable SslConnection@e5fe21::SocketChannelEndPoint@78b469ac{l=/127.0.0.1:33277,r=/127.0.0.1:47726,OPEN,fill=-,flush=-,to=3/30000}{io=1/0,kio=1,kro=1}->SslConnection@e5fe21{NEED_UNWRAP,eio=-1/-1,di=-1,fill=INTERESTED,flush=IDLE}~>DecryptedEndPoint@57e375bb{l=/127.0.0.1:33277,r=/127.0.0.1:47726,OPEN,fill=FI,flush=-,to=3/30000}=>HttpConnection@5d990791[p=HttpParser{s=START,0 of -1},g=HttpGenerator@4ce71d2b{s=START}]=>HttpChannelOverHttp@2ffe5756{s=HttpChannelState@c418496{s=IDLE rs=BLOCKING os=OPEN is=IDLE awp=false se=false i=true al=0},r=0,c=false/false,a=IDLE,uri=null,age=0}
02:10:03.342 [qtp399373008-60] DEBUG org.eclipse.jetty.io.ChannelEndPoint - Key interests updated 1 -> 0 on SocketChannelEndPoint@78b469ac{l=/127.0.0.1:33277,r=/127.0.0.1:47726,OPEN,fill=-,flush=-,to=3/30000}{io=0/0,kio=0,kro=1}->SslConnection@e5fe21{NEED_UNWRAP,eio=-1/-1,di=-1,fill=INTERESTED,flush=IDLE}~>DecryptedEndPoint@57e375bb{l=/127.0.0.1:33277,r=/127.0.0.1:47726,OPEN,fill=FI,flush=-,to=3/30000}=>HttpConnection@5d990791[p=HttpParser{s=START,0 of -1},g=HttpGenerator@4ce71d2b{s=START}]=>HttpChannelOverHttp@2ffe5756{s=HttpChannelState@c418496{s=IDLE rs=BLOCKING os=OPEN is=IDLE awp=false se=false i=true al=0},r=0,c=false/false,a=IDLE,uri=null,age=0}
02:10:03.342 [qtp399373008-58] DEBUG org.eclipse.jetty.io.ssl.SslConnection - onFillable SslConnection@e5fe21::SocketChannelEndPoint@78b469ac{l=/127.0.0.1:33277,r=/127.0.0.1:47726,OPEN,fill=-,flush=-,to=3/30000}{io=0/0,kio=0,kro=1}->SslConnection@e5fe21{NEED_UNWRAP,eio=-1/-1,di=-1,fill=INTERESTED,flush=IDLE}~>DecryptedEndPoint@57e375bb{l=/127.0.0.1:33277,r=/127.0.0.1:47726,OPEN,fill=FI,flush=-,to=3/30000}=>HttpConnection@5d990791[p=HttpParser{s=START,0 of -1},g=HttpGenerator@4ce71d2b{s=START}]=>HttpChannelOverHttp@2ffe5756{s=HttpChannelState@c418496{s=IDLE rs=BLOCKING os=OPEN is=IDLE awp=false se=false i=true al=0},r=0,c=false/false,a=IDLE,uri=null,age=0}
02:10:03.342 [qtp399373008-60] DEBUG org.eclipse.jetty.io.ManagedSelector - Selector sun.nio.ch.EPollSelectorImpl@79e51817 waiting with 2 keys
02:10:03.342 [qtp399373008-58] DEBUG org.eclipse.jetty.io.FillInterest - fillable FillInterest@59d73ea9{AC.ReadCB@5d990791{HttpConnection@5d990791::DecryptedEndPoint@57e375bb{l=/127.0.0.1:33277,r=/127.0.0.1:47726,OPEN,fill=FI,flush=-,to=3/30000}}}
02:10:03.342 [qtp399373008-58] DEBUG org.eclipse.jetty.server.HttpConnection - HttpConnection@5d990791::DecryptedEndPoint@57e375bb{l=/127.0.0.1:33277,r=/127.0.0.1:47726,OPEN,fill=-,flush=-,to=3/30000} onFillable enter HttpChannelState@c418496{s=IDLE rs=BLOCKING os=OPEN is=IDLE awp=false se=false i=true al=0} null
02:10:03.342 [qtp399373008-58] DEBUG org.eclipse.jetty.io.ssl.SslConnection - >fill SslConnection@e5fe21::SocketChannelEndPoint@78b469ac{l=/127.0.0.1:33277,r=/127.0.0.1:47726,OPEN,fill=-,flush=-,to=3/30000}{io=0/0,kio=0,kro=1}->SslConnection@e5fe21{NEED_UNWRAP,eio=-1/-1,di=-1,fill=IDLE,flush=IDLE}~>DecryptedEndPoint@57e375bb{l=/127.0.0.1:33277,r=/127.0.0.1:47726,OPEN,fill=-,flush=-,to=4/30000}=>HttpConnection@5d990791[p=HttpParser{s=START,0 of -1},g=HttpGenerator@4ce71d2b{s=START}]=>HttpChannelOverHttp@2ffe5756{s=HttpChannelState@c418496{s=IDLE rs=BLOCKING os=OPEN is=IDLE awp=false se=false i=true al=0},r=0,c=false/false,a=IDLE,uri=null,age=0}
02:10:03.343 [qtp399373008-58] DEBUG org.eclipse.jetty.io.ssl.SslConnection - fill NEED_UNWRAP
02:10:03.343 [qtp399373008-58] DEBUG org.eclipse.jetty.io.ChannelEndPoint - filled 6 HeapByteBuffer@ecff91a[p=0,l=6,c=17408,r=6]={<<<\x14\x03\x03\x00\x01\x01>>>\x87g\x9a\x10\xEb\x8b\xDd\xD8*...\x00\x00\x00\x00\x00\x00\x00}
02:10:03.343 [qtp399373008-58] DEBUG org.eclipse.jetty.io.ssl.SslConnection - net filled=6
02:10:03.343 [qtp399373008-58] DEBUG org.eclipse.jetty.io.ssl.SslConnection - unwrap net_filled=6 Status = OK HandshakeStatus = NEED_UNWRAP bytesConsumed = 6 bytesProduced = 0 encryptedBuffer=[p=6,l=6,c=17408,r=0] unwrapBuffer=HeapByteBuffer@30c33a9d[p=0,l=0,c=17408,r=0]={<<<>>>\x16\x03\x03\x01N\x01\x00\x01J...\x00\x00\x00\x00\x00\x00\x00} appBuffer=HeapByteBuffer@30c33a9d[p=0,l=0,c=17408,r=0]={<<<>>>\x16\x03\x03\x01N\x01\x00\x01J...\x00\x00\x00\x00\x00\x00\x00}
02:10:03.343 [qtp399373008-58] DEBUG org.eclipse.jetty.io.ssl.SslConnection - fill NEED_UNWRAP
02:10:03.343 [qtp399373008-58] DEBUG org.eclipse.jetty.io.ChannelEndPoint - filled 0 HeapByteBuffer@ecff91a[p=0,l=0,c=17408,r=0]={<<<>>>\x14\x03\x03\x00\x01\x01\x87g\x9a...\x00\x00\x00\x00\x00\x00\x00}
02:10:03.343 [qtp399373008-58] DEBUG org.eclipse.jetty.io.ssl.SslConnection - net filled=0
02:10:03.343 [qtp399373008-58] DEBUG org.eclipse.jetty.io.ssl.SslConnection - unwrap net_filled=0 Status = BUFFER_UNDERFLOW HandshakeStatus = NEED_UNWRAP bytesConsumed = 0 bytesProduced = 0 encryptedBuffer=[p=0,l=0,c=17408,r=0] unwrapBuffer=HeapByteBuffer@30c33a9d[p=0,l=0,c=17408,r=0]={<<<>>>\x16\x03\x03\x01N\x01\x00\x01J...\x00\x00\x00\x00\x00\x00\x00} appBuffer=HeapByteBuffer@30c33a9d[p=0,l=0,c=17408,r=0]={<<<>>>\x16\x03\x03\x01N\x01\x00\x01J...\x00\x00\x00\x00\x00\x00\x00}
02:10:03.343 [qtp399373008-58] DEBUG org.eclipse.jetty.io.ssl.SslConnection - <fill f=0 uf=true SslConnection@e5fe21::SocketChannelEndPoint@78b469ac{l=/127.0.0.1:33277,r=/127.0.0.1:47726,OPEN,fill=-,flush=-,to=0/30000}{io=0/0,kio=0,kro=1}->SslConnection@e5fe21{NEED_UNWRAP,eio=-1/-1,di=-1,fill=IDLE,flush=IDLE}~>DecryptedEndPoint@57e375bb{l=/127.0.0.1:33277,r=/127.0.0.1:47726,OPEN,fill=-,flush=-,to=4/30000}=>HttpConnection@5d990791[p=HttpParser{s=START,0 of -1},g=HttpGenerator@4ce71d2b{s=START}]=>HttpChannelOverHttp@2ffe5756{s=HttpChannelState@c418496{s=IDLE rs=BLOCKING os=OPEN is=IDLE awp=false se=false i=true al=0},r=0,c=false/false,a=IDLE,uri=null,age=0}
02:10:03.343 [qtp399373008-58] DEBUG org.eclipse.jetty.io.ssl.SslConnection - >fill SslConnection@e5fe21::SocketChannelEndPoint@78b469ac{l=/127.0.0.1:33277,r=/127.0.0.1:47726,OPEN,fill=-,flush=-,to=0/30000}{io=0/0,kio=0,kro=1}->SslConnection@e5fe21{NEED_UNWRAP,eio=-1/-1,di=-1,fill=IDLE,flush=IDLE}~>DecryptedEndPoint@57e375bb{l=/127.0.0.1:33277,r=/127.0.0.1:47726,OPEN,fill=-,flush=-,to=4/30000}=>HttpConnection@5d990791[p=HttpParser{s=START,0 of -1},g=HttpGenerator@4ce71d2b{s=START}]=>HttpChannelOverHttp@2ffe5756{s=HttpChannelState@c418496{s=IDLE rs=BLOCKING os=OPEN is=IDLE awp=false se=false i=true al=0},r=0,c=false/false,a=IDLE,uri=null,age=0}
02:10:03.343 [qtp399373008-58] DEBUG org.eclipse.jetty.io.ssl.SslConnection - fill NEED_UNWRAP
02:10:03.343 [qtp399373008-58] DEBUG org.eclipse.jetty.io.ChannelEndPoint - filled 0 HeapByteBuffer@816b3[p=0,l=0,c=17408,r=0]={<<<>>>\x17\x03\x03\x03\xAd\x0b\x00\x03\x88...\x00\x00\x00\x00\x00\x00\x00}
02:10:03.343 [qtp399373008-58] DEBUG org.eclipse.jetty.io.ssl.SslConnection - net filled=0
02:10:03.344 [qtp399373008-58] DEBUG org.eclipse.jetty.io.ssl.SslConnection - unwrap net_filled=0 Status = BUFFER_UNDERFLOW HandshakeStatus = NEED_UNWRAP bytesConsumed = 0 bytesProduced = 0 encryptedBuffer=[p=0,l=0,c=17408,r=0] unwrapBuffer=HeapByteBuffer@30c33a9d[p=0,l=0,c=17408,r=0]={<<<>>>\x16\x03\x03\x01N\x01\x00\x01J...\x00\x00\x00\x00\x00\x00\x00} appBuffer=HeapByteBuffer@30c33a9d[p=0,l=0,c=17408,r=0]={<<<>>>\x16\x03\x03\x01N\x01\x00\x01J...\x00\x00\x00\x00\x00\x00\x00}
02:10:03.344 [qtp399373008-58] DEBUG org.eclipse.jetty.io.ssl.SslConnection - <fill f=0 uf=true SslConnection@e5fe21::SocketChannelEndPoint@78b469ac{l=/127.0.0.1:33277,r=/127.0.0.1:47726,OPEN,fill=-,flush=-,to=0/30000}{io=0/0,kio=0,kro=1}->SslConnection@e5fe21{NEED_UNWRAP,eio=-1/-1,di=-1,fill=IDLE,flush=IDLE}~>DecryptedEndPoint@57e375bb{l=/127.0.0.1:33277,r=/127.0.0.1:47726,OPEN,fill=-,flush=-,to=5/30000}=>HttpConnection@5d990791[p=HttpParser{s=START,0 of -1},g=HttpGenerator@4ce71d2b{s=START}]=>HttpChannelOverHttp@2ffe5756{s=HttpChannelState@c418496{s=IDLE rs=BLOCKING os=OPEN is=IDLE awp=false se=false i=true al=0},r=0,c=false/false,a=IDLE,uri=null,age=0}
02:10:03.344 [qtp399373008-58] DEBUG org.eclipse.jetty.server.HttpConnection - HttpConnection@5d990791::DecryptedEndPoint@57e375bb{l=/127.0.0.1:33277,r=/127.0.0.1:47726,OPEN,fill=-,flush=-,to=5/30000} filled 0 HeapByteBuffer@30c33a9d[p=0,l=0,c=17408,r=0]={<<<>>>\x16\x03\x03\x01N\x01\x00\x01J...\x00\x00\x00\x00\x00\x00\x00}
02:10:03.344 [qtp399373008-58] DEBUG org.eclipse.jetty.server.HttpConnection - HttpConnection@5d990791::DecryptedEndPoint@57e375bb{l=/127.0.0.1:33277,r=/127.0.0.1:47726,OPEN,fill=-,flush=-,to=5/30000} parse HeapByteBuffer@30c33a9d[p=0,l=0,c=17408,r=0]={<<<>>>\x16\x03\x03\x01N\x01\x00\x01J...\x00\x00\x00\x00\x00\x00\x00} {}
02:10:03.344 [qtp399373008-58] DEBUG org.eclipse.jetty.http.HttpParser - parseNext s=START HeapByteBuffer@30c33a9d[p=0,l=0,c=17408,r=0]={<<<>>>\x16\x03\x03\x01N\x01\x00\x01J...\x00\x00\x00\x00\x00\x00\x00}
02:10:03.344 [qtp399373008-58] DEBUG org.eclipse.jetty.server.HttpConnection - HttpConnection@5d990791::DecryptedEndPoint@57e375bb{l=/127.0.0.1:33277,r=/127.0.0.1:47726,OPEN,fill=-,flush=-,to=5/30000} parsed false HttpParser{s=START,0 of -1}
02:10:03.344 [qtp399373008-58] DEBUG org.eclipse.jetty.server.HttpConnection - releaseRequestBuffer HttpConnection@5d990791::DecryptedEndPoint@57e375bb{l=/127.0.0.1:33277,r=/127.0.0.1:47726,OPEN,fill=-,flush=-,to=5/30000}
02:10:03.344 [qtp399373008-58] DEBUG org.eclipse.jetty.io.AbstractConnection - fillInterested HttpConnection@5d990791::DecryptedEndPoint@57e375bb{l=/127.0.0.1:33277,r=/127.0.0.1:47726,OPEN,fill=-,flush=-,to=5/30000}
02:10:03.344 [qtp399373008-58] DEBUG org.eclipse.jetty.io.FillInterest - interested FillInterest@59d73ea9{AC.ReadCB@5d990791{HttpConnection@5d990791::DecryptedEndPoint@57e375bb{l=/127.0.0.1:33277,r=/127.0.0.1:47726,OPEN,fill=FI,flush=-,to=0/30000}}}
02:10:03.344 [qtp399373008-58] DEBUG org.eclipse.jetty.io.ssl.SslConnection - >needFillInterest s=IDLE/IDLE uf=true ei=null di=null SslConnection@e5fe21::SocketChannelEndPoint@78b469ac{l=/127.0.0.1:33277,r=/127.0.0.1:47726,OPEN,fill=-,flush=-,to=0/30000}{io=0/0,kio=0,kro=1}->SslConnection@e5fe21{NEED_UNWRAP,eio=-1/-1,di=-1,fill=IDLE,flush=IDLE}~>DecryptedEndPoint@57e375bb{l=/127.0.0.1:33277,r=/127.0.0.1:47726,OPEN,fill=FI,flush=-,to=0/30000}=>HttpConnection@5d990791[p=HttpParser{s=START,0 of -1},g=HttpGenerator@4ce71d2b{s=START}]=>HttpChannelOverHttp@2ffe5756{s=HttpChannelState@c418496{s=IDLE rs=BLOCKING os=OPEN is=IDLE awp=false se=false i=true al=0},r=0,c=false/false,a=IDLE,uri=null,age=0}
02:10:03.344 [qtp399373008-58] DEBUG org.eclipse.jetty.io.ssl.SslConnection - <needFillInterest s=IDLE/INTERESTED f=false i=true w=null
02:10:03.344 [qtp399373008-58] DEBUG org.eclipse.jetty.io.ssl.SslConnection - ensureFillInterested SslConnection@e5fe21::SocketChannelEndPoint@78b469ac{l=/127.0.0.1:33277,r=/127.0.0.1:47726,OPEN,fill=-,flush=-,to=0/30000}{io=0/0,kio=0,kro=1}->SslConnection@e5fe21{NEED_UNWRAP,eio=-1/-1,di=-1,fill=INTERESTED,flush=IDLE}~>DecryptedEndPoint@57e375bb{l=/127.0.0.1:33277,r=/127.0.0.1:47726,OPEN,fill=FI,flush=-,to=0/30000}=>HttpConnection@5d990791[p=HttpParser{s=START,0 of -1},g=HttpGenerator@4ce71d2b{s=START}]=>HttpChannelOverHttp@2ffe5756{s=HttpChannelState@c418496{s=IDLE rs=BLOCKING os=OPEN is=IDLE awp=false se=false i=true al=0},r=0,c=false/false,a=IDLE,uri=null,age=0}
02:10:03.344 [qtp399373008-58] DEBUG org.eclipse.jetty.io.FillInterest - interested FillInterest@5c2eee37{SSLC.NBReadCB@e5fe21{SslConnection@e5fe21::SocketChannelEndPoint@78b469ac{l=/127.0.0.1:33277,r=/127.0.0.1:47726,OPEN,fill=FI,flush=-,to=0/30000}{io=0/0,kio=0,kro=1}->SslConnection@e5fe21{NEED_UNWRAP,eio=-1/-1,di=-1,fill=INTERESTED,flush=IDLE}~>DecryptedEndPoint@57e375bb{l=/127.0.0.1:33277,r=/127.0.0.1:47726,OPEN,fill=FI,flush=-,to=0/30000}=>HttpConnection@5d990791[p=HttpParser{s=START,0 of -1},g=HttpGenerator@4ce71d2b{s=START}]=>HttpChannelOverHttp@2ffe5756{s=HttpChannelState@c418496{s=IDLE rs=BLOCKING os=OPEN is=IDLE awp=false se=false i=true al=0},r=0,c=false/false,a=IDLE,uri=null,age=0}}}
02:10:03.344 [qtp399373008-58] DEBUG org.eclipse.jetty.io.ChannelEndPoint - changeInterests p=false 0->1 for SocketChannelEndPoint@78b469ac{l=/127.0.0.1:33277,r=/127.0.0.1:47726,OPEN,fill=FI,flush=-,to=0/30000}{io=0/1,kio=0,kro=1}->SslConnection@e5fe21{NEED_UNWRAP,eio=-1/-1,di=-1,fill=INTERESTED,flush=IDLE}~>DecryptedEndPoint@57e375bb{l=/127.0.0.1:33277,r=/127.0.0.1:47726,OPEN,fill=FI,flush=-,to=0/30000}=>HttpConnection@5d990791[p=HttpParser{s=START,0 of -1},g=HttpGenerator@4ce71d2b{s=START}]=>HttpChannelOverHttp@2ffe5756{s=HttpChannelState@c418496{s=IDLE rs=BLOCKING os=OPEN is=IDLE awp=false se=false i=true al=0},r=0,c=false/false,a=IDLE,uri=null,age=0}
02:10:03.344 [qtp399373008-58] DEBUG org.eclipse.jetty.io.ManagedSelector - Queued change lazy=false org.eclipse.jetty.io.ChannelEndPoint$$Lambda$255/1830220082@73151765 on ManagedSelector@5733f295{STARTED} id=1 keys=2 selected=0 updates=0
02:10:03.344 [qtp399373008-58] DEBUG org.eclipse.jetty.io.ManagedSelector - Wakeup on submit ManagedSelector@5733f295{STARTED} id=1 keys=2 selected=0 updates=1
02:10:03.344 [qtp399373008-60] DEBUG org.eclipse.jetty.io.ManagedSelector - Selector sun.nio.ch.EPollSelectorImpl@79e51817 woken with none selected
02:10:03.344 [qtp399373008-58] DEBUG org.eclipse.jetty.server.HttpConnection - HttpConnection@5d990791::DecryptedEndPoint@57e375bb{l=/127.0.0.1:33277,r=/127.0.0.1:47726,OPEN,fill=FI,flush=-,to=0/30000} onFillable exit HttpChannelState@c418496{s=IDLE rs=BLOCKING os=OPEN is=IDLE awp=false se=false i=true al=0} null
02:10:03.344 [qtp399373008-60] DEBUG org.eclipse.jetty.io.ManagedSelector - Selector sun.nio.ch.EPollSelectorImpl@79e51817 woken up from select, 0/0/2 selected
02:10:03.344 [qtp399373008-60] DEBUG org.eclipse.jetty.io.ManagedSelector - Selector sun.nio.ch.EPollSelectorImpl@79e51817 processing 0 keys, 1 updates
02:10:03.344 [qtp399373008-60] DEBUG org.eclipse.jetty.io.ManagedSelector - updateable 1
02:10:03.344 [qtp399373008-60] DEBUG org.eclipse.jetty.io.ManagedSelector - update org.eclipse.jetty.io.ChannelEndPoint$$Lambda$255/1830220082@73151765
02:10:03.344 [qtp399373008-58] DEBUG org.eclipse.jetty.io.ssl.SslConnection - <c.onFillable SslConnection@e5fe21::SocketChannelEndPoint@78b469ac{l=/127.0.0.1:33277,r=/127.0.0.1:47726,OPEN,fill=FI,flush=-,to=0/30000}{io=0/1,kio=0,kro=1}->SslConnection@e5fe21{NEED_UNWRAP,eio=-1/-1,di=-1,fill=INTERESTED,flush=IDLE}~>DecryptedEndPoint@57e375bb{l=/127.0.0.1:33277,r=/127.0.0.1:47726,OPEN,fill=FI,flush=-,to=0/30000}=>HttpConnection@5d990791[p=HttpParser{s=START,0 of -1},g=HttpGenerator@4ce71d2b{s=START}]=>HttpChannelOverHttp@2ffe5756{s=HttpChannelState@c418496{s=IDLE rs=BLOCKING os=OPEN is=IDLE awp=false se=false i=true al=0},r=0,c=false/false,a=IDLE,uri=null,age=0}
02:10:03.344 [qtp399373008-58] DEBUG org.eclipse.jetty.util.thread.ReservedThreadExecutor - ReservedThread@327610e2{RUNNING,thread=Thread[qtp399373008-58,5,main]} was=RUNNING next=RESERVED size=0+2 capacity=8
02:10:03.344 [qtp399373008-60] DEBUG org.eclipse.jetty.io.ChannelEndPoint - Key interests updated 0 -> 1 on SocketChannelEndPoint@78b469ac{l=/127.0.0.1:33277,r=/127.0.0.1:47726,OPEN,fill=FI,flush=-,to=0/30000}{io=1/1,kio=1,kro=1}->SslConnection@e5fe21{NEED_UNWRAP,eio=-1/-1,di=-1,fill=INTERESTED,flush=IDLE}~>DecryptedEndPoint@57e375bb{l=/127.0.0.1:33277,r=/127.0.0.1:47726,OPEN,fill=FI,flush=-,to=0/30000}=>HttpConnection@5d990791[p=HttpParser{s=START,0 of -1},g=HttpGenerator@4ce71d2b{s=START}]=>HttpChannelOverHttp@2ffe5756{s=HttpChannelState@c418496{s=IDLE rs=BLOCKING os=OPEN is=IDLE awp=false se=false i=true al=0},r=0,c=false/false,a=IDLE,uri=null,age=0}
02:10:03.344 [qtp399373008-60] DEBUG org.eclipse.jetty.io.ManagedSelector - updates 0
02:10:03.344 [qtp399373008-58] DEBUG org.eclipse.jetty.util.thread.ReservedThreadExecutor - ReservedThread@327610e2{RESERVED,thread=Thread[qtp399373008-58,5,main]} waiting ReservedThreadExecutor@424fd310{reserved=2/8,pending=0}
02:10:03.345 [qtp399373008-60] DEBUG org.eclipse.jetty.io.ManagedSelector - Selector sun.nio.ch.EPollSelectorImpl@79e51817 waiting with 2 keys
02:10:03.381 [qtp399373008-60] DEBUG org.eclipse.jetty.io.ManagedSelector - Selector sun.nio.ch.EPollSelectorImpl@79e51817 woken up from select, 1/1/2 selected
02:10:03.381 [qtp399373008-60] DEBUG org.eclipse.jetty.io.ManagedSelector - Selector sun.nio.ch.EPollSelectorImpl@79e51817 processing 1 keys, 0 updates
02:10:03.381 [qtp399373008-60] DEBUG org.eclipse.jetty.io.ManagedSelector - selected 1 sun.nio.ch.SelectionKeyImpl@1f8434f8 SocketChannelEndPoint@78b469ac{l=/127.0.0.1:33277,r=/127.0.0.1:47726,OPEN,fill=FI,flush=-,to=36/30000}{io=1/1,kio=1,kro=1}->SslConnection@e5fe21{NEED_UNWRAP,eio=-1/-1,di=-1,fill=INTERESTED,flush=IDLE}~>DecryptedEndPoint@57e375bb{l=/127.0.0.1:33277,r=/127.0.0.1:47726,OPEN,fill=FI,flush=-,to=37/30000}=>HttpConnection@5d990791[p=HttpParser{s=START,0 of -1},g=HttpGenerator@4ce71d2b{s=START}]=>HttpChannelOverHttp@2ffe5756{s=HttpChannelState@c418496{s=IDLE rs=BLOCKING os=OPEN is=IDLE awp=false se=false i=true al=0},r=0,c=false/false,a=IDLE,uri=null,age=0} 
02:10:03.381 [qtp399373008-60] DEBUG org.eclipse.jetty.io.ChannelEndPoint - onSelected 1->0 r=true w=false for SocketChannelEndPoint@78b469ac{l=/127.0.0.1:33277,r=/127.0.0.1:47726,OPEN,fill=FI,flush=-,to=36/30000}{io=1/0,kio=1,kro=1}->SslConnection@e5fe21{NEED_UNWRAP,eio=-1/-1,di=-1,fill=INTERESTED,flush=IDLE}~>DecryptedEndPoint@57e375bb{l=/127.0.0.1:33277,r=/127.0.0.1:47726,OPEN,fill=FI,flush=-,to=37/30000}=>HttpConnection@5d990791[p=HttpParser{s=START,0 of -1},g=HttpGenerator@4ce71d2b{s=START}]=>HttpChannelOverHttp@2ffe5756{s=HttpChannelState@c418496{s=IDLE rs=BLOCKING os=OPEN is=IDLE awp=false se=false i=true al=0},r=0,c=false/false,a=IDLE,uri=null,age=0}
02:10:03.381 [qtp399373008-60] DEBUG org.eclipse.jetty.io.ChannelEndPoint - task CEP:SocketChannelEndPoint@78b469ac{l=/127.0.0.1:33277,r=/127.0.0.1:47726,OPEN,fill=FI,flush=-,to=36/30000}{io=1/0,kio=1,kro=1}->SslConnection@e5fe21{NEED_UNWRAP,eio=-1/-1,di=-1,fill=INTERESTED,flush=IDLE}~>DecryptedEndPoint@57e375bb{l=/127.0.0.1:33277,r=/127.0.0.1:47726,OPEN,fill=FI,flush=-,to=37/30000}=>HttpConnection@5d990791[p=HttpParser{s=START,0 of -1},g=HttpGenerator@4ce71d2b{s=START}]=>HttpChannelOverHttp@2ffe5756{s=HttpChannelState@c418496{s=IDLE rs=BLOCKING os=OPEN is=IDLE awp=false se=false i=true al=0},r=0,c=false/false,a=IDLE,uri=null,age=0}:runFillable:BLOCKING
02:10:03.381 [qtp399373008-60] DEBUG org.eclipse.jetty.util.thread.ReservedThreadExecutor - ReservedThreadExecutor@424fd310{reserved=2/8,pending=0} tryExecute EatWhatYouKill@b7838a9/SelectorProducer@696f0212/PRODUCING/p=false/QueuedThreadPool[qtp399373008]@17cdf2d0{STARTED,8<=8<=200,i=1,r=-1,q=0}[ReservedThreadExecutor@424fd310{reserved=2/8,pending=0}][pc=0,pic=0,pec=1,epc=4]@2024-05-02T02:10:03.381+01:00
02:10:03.381 [qtp399373008-60] DEBUG org.eclipse.jetty.util.thread.strategy.EatWhatYouKill - EatWhatYouKill@b7838a9/SelectorProducer@696f0212/IDLE/p=true/QueuedThreadPool[qtp399373008]@17cdf2d0{STARTED,8<=8<=200,i=1,r=-1,q=0}[ReservedThreadExecutor@424fd310{reserved=1/8,pending=0}][pc=0,pic=0,pec=1,epc=4]@2024-05-02T02:10:03.381+01:00 m=EXECUTE_PRODUCE_CONSUME t=CEP:SocketChannelEndPoint@78b469ac{l=/127.0.0.1:33277,r=/127.0.0.1:47726,OPEN,fill=FI,flush=-,to=37/30000}{io=1/0,kio=1,kro=1}->SslConnection@e5fe21{NEED_UNWRAP,eio=-1/-1,di=-1,fill=INTERESTED,flush=IDLE}~>DecryptedEndPoint@57e375bb{l=/127.0.0.1:33277,r=/127.0.0.1:47726,OPEN,fill=FI,flush=-,to=37/30000}=>HttpConnection@5d990791[p=HttpParser{s=START,0 of -1},g=HttpGenerator@4ce71d2b{s=START}]=>HttpChannelOverHttp@2ffe5756{s=HttpChannelState@c418496{s=IDLE rs=BLOCKING os=OPEN is=IDLE awp=false se=false i=true al=0},r=0,c=false/false,a=IDLE,uri=null,age=0}:runFillable:BLOCKING/BLOCKING
02:10:03.381 [qtp399373008-58] DEBUG org.eclipse.jetty.util.thread.ReservedThreadExecutor - ReservedThread@327610e2{RESERVED,thread=Thread[qtp399373008-58,5,main]} task=EatWhatYouKill@b7838a9/SelectorProducer@696f0212/IDLE/p=true/QueuedThreadPool[qtp399373008]@17cdf2d0{STARTED,8<=8<=200,i=1,r=-1,q=0}[ReservedThreadExecutor@424fd310{reserved=1/8,pending=0}][pc=0,pic=0,pec=1,epc=4]@2024-05-02T02:10:03.381+01:00 ReservedThreadExecutor@424fd310{reserved=1/8,pending=0}
02:10:03.381 [qtp399373008-60] DEBUG org.eclipse.jetty.io.FillInterest - fillable FillInterest@5c2eee37{SSLC.NBReadCB@e5fe21{SslConnection@e5fe21::SocketChannelEndPoint@78b469ac{l=/127.0.0.1:33277,r=/127.0.0.1:47726,OPEN,fill=FI,flush=-,to=37/30000}{io=1/0,kio=1,kro=1}->SslConnection@e5fe21{NEED_UNWRAP,eio=-1/-1,di=-1,fill=INTERESTED,flush=IDLE}~>DecryptedEndPoint@57e375bb{l=/127.0.0.1:33277,r=/127.0.0.1:47726,OPEN,fill=FI,flush=-,to=37/30000}=>HttpConnection@5d990791[p=HttpParser{s=START,0 of -1},g=HttpGenerator@4ce71d2b{s=START}]=>HttpChannelOverHttp@2ffe5756{s=HttpChannelState@c418496{s=IDLE rs=BLOCKING os=OPEN is=IDLE awp=false se=false i=true al=0},r=0,c=false/false,a=IDLE,uri=null,age=0}}}
02:10:03.381 [qtp399373008-58] DEBUG org.eclipse.jetty.util.thread.strategy.EatWhatYouKill - EatWhatYouKill@b7838a9/SelectorProducer@696f0212/IDLE/p=true/QueuedThreadPool[qtp399373008]@17cdf2d0{STARTED,8<=8<=200,i=1,r=-1,q=0}[ReservedThreadExecutor@424fd310{reserved=1/8,pending=0}][pc=0,pic=0,pec=1,epc=5]@2024-05-02T02:10:03.381+01:00 tryProduce true
02:10:03.381 [qtp399373008-58] DEBUG org.eclipse.jetty.io.ManagedSelector - updateable 0
02:10:03.381 [qtp399373008-58] DEBUG org.eclipse.jetty.io.ManagedSelector - updates 0
02:10:03.381 [qtp399373008-60] DEBUG org.eclipse.jetty.io.ssl.SslConnection - >c.onFillable SslConnection@e5fe21::SocketChannelEndPoint@78b469ac{l=/127.0.0.1:33277,r=/127.0.0.1:47726,OPEN,fill=-,flush=-,to=37/30000}{io=1/0,kio=1,kro=1}->SslConnection@e5fe21{NEED_UNWRAP,eio=-1/-1,di=-1,fill=INTERESTED,flush=IDLE}~>DecryptedEndPoint@57e375bb{l=/127.0.0.1:33277,r=/127.0.0.1:47726,OPEN,fill=FI,flush=-,to=37/30000}=>HttpConnection@5d990791[p=HttpParser{s=START,0 of -1},g=HttpGenerator@4ce71d2b{s=START}]=>HttpChannelOverHttp@2ffe5756{s=HttpChannelState@c418496{s=IDLE rs=BLOCKING os=OPEN is=IDLE awp=false se=false i=true al=0},r=0,c=false/false,a=IDLE,uri=null,age=0}
02:10:03.381 [qtp399373008-58] DEBUG org.eclipse.jetty.io.ChannelEndPoint - Key interests updated 1 -> 0 on SocketChannelEndPoint@78b469ac{l=/127.0.0.1:33277,r=/127.0.0.1:47726,OPEN,fill=-,flush=-,to=37/30000}{io=0/0,kio=0,kro=1}->SslConnection@e5fe21{NEED_UNWRAP,eio=-1/-1,di=-1,fill=INTERESTED,flush=IDLE}~>DecryptedEndPoint@57e375bb{l=/127.0.0.1:33277,r=/127.0.0.1:47726,OPEN,fill=FI,flush=-,to=37/30000}=>HttpConnection@5d990791[p=HttpParser{s=START,0 of -1},g=HttpGenerator@4ce71d2b{s=START}]=>HttpChannelOverHttp@2ffe5756{s=HttpChannelState@c418496{s=IDLE rs=BLOCKING os=OPEN is=IDLE awp=false se=false i=true al=0},r=0,c=false/false,a=IDLE,uri=null,age=0}
02:10:03.381 [qtp399373008-60] DEBUG org.eclipse.jetty.io.ssl.SslConnection - onFillable SslConnection@e5fe21::SocketChannelEndPoint@78b469ac{l=/127.0.0.1:33277,r=/127.0.0.1:47726,OPEN,fill=-,flush=-,to=37/30000}{io=0/0,kio=0,kro=1}->SslConnection@e5fe21{NEED_UNWRAP,eio=-1/-1,di=-1,fill=INTERESTED,flush=IDLE}~>DecryptedEndPoint@57e375bb{l=/127.0.0.1:33277,r=/127.0.0.1:47726,OPEN,fill=FI,flush=-,to=37/30000}=>HttpConnection@5d990791[p=HttpParser{s=START,0 of -1},g=HttpGenerator@4ce71d2b{s=START}]=>HttpChannelOverHttp@2ffe5756{s=HttpChannelState@c418496{s=IDLE rs=BLOCKING os=OPEN is=IDLE awp=false se=false i=true al=0},r=0,c=false/false,a=IDLE,uri=null,age=0}
02:10:03.381 [qtp399373008-58] DEBUG org.eclipse.jetty.io.ManagedSelector - Selector sun.nio.ch.EPollSelectorImpl@79e51817 waiting with 2 keys
02:10:03.382 [qtp399373008-60] DEBUG org.eclipse.jetty.io.FillInterest - fillable FillInterest@59d73ea9{AC.ReadCB@5d990791{HttpConnection@5d990791::DecryptedEndPoint@57e375bb{l=/127.0.0.1:33277,r=/127.0.0.1:47726,OPEN,fill=FI,flush=-,to=37/30000}}}
02:10:03.382 [qtp399373008-60] DEBUG org.eclipse.jetty.server.HttpConnection - HttpConnection@5d990791::DecryptedEndPoint@57e375bb{l=/127.0.0.1:33277,r=/127.0.0.1:47726,OPEN,fill=-,flush=-,to=37/30000} onFillable enter HttpChannelState@c418496{s=IDLE rs=BLOCKING os=OPEN is=IDLE awp=false se=false i=true al=0} null
02:10:03.382 [qtp399373008-60] DEBUG org.eclipse.jetty.io.ssl.SslConnection - >fill SslConnection@e5fe21::SocketChannelEndPoint@78b469ac{l=/127.0.0.1:33277,r=/127.0.0.1:47726,OPEN,fill=-,flush=-,to=37/30000}{io=0/0,kio=0,kro=1}->SslConnection@e5fe21{NEED_UNWRAP,eio=-1/-1,di=-1,fill=IDLE,flush=IDLE}~>DecryptedEndPoint@57e375bb{l=/127.0.0.1:33277,r=/127.0.0.1:47726,OPEN,fill=-,flush=-,to=37/30000}=>HttpConnection@5d990791[p=HttpParser{s=START,0 of -1},g=HttpGenerator@4ce71d2b{s=START}]=>HttpChannelOverHttp@2ffe5756{s=HttpChannelState@c418496{s=IDLE rs=BLOCKING os=OPEN is=IDLE awp=false se=false i=true al=0},r=0,c=false/false,a=IDLE,uri=null,age=0}
02:10:03.382 [qtp399373008-60] DEBUG org.eclipse.jetty.io.ssl.SslConnection - fill NEED_UNWRAP
02:10:03.382 [qtp399373008-60] DEBUG org.eclipse.jetty.io.ChannelEndPoint - filled 1509 HeapByteBuffer@816b3[p=0,l=1509,c=17408,r=1509]={<<<\x17\x03\x03\x03\xAd\x1aNSf\xD9"o\xA04)\n\xAd7\xF4\xDd\xF4\xC0\x1a\x01\xE2...\xE8\x12\xBa4\xDa<\x85\xAa\xD3\xAc^\xB1E\x82\xAaY\xD5\xC2K?\xBc\x12W>>>\x19O\x8a\xCf\x17\x9f:z\x98...\x00\x00\x00\x00\x00\x00\x00}
02:10:03.382 [qtp399373008-60] DEBUG org.eclipse.jetty.io.ssl.SslConnection - net filled=1509
02:10:03.382 [qtp399373008-60] DEBUG org.eclipse.jetty.io.ssl.SslConnection - unwrap net_filled=1509 Status = OK HandshakeStatus = NEED_TASK bytesConsumed = 946 bytesProduced = 0 encryptedBuffer=[p=946,l=1509,c=17408,r=563] unwrapBuffer=HeapByteBuffer@ecff91a[p=0,l=0,c=17408,r=0]={<<<>>>\x14\x03\x03\x00\x01\x01\x87g\x9a...\x00\x00\x00\x00\x00\x00\x00} appBuffer=HeapByteBuffer@ecff91a[p=0,l=0,c=17408,r=0]={<<<>>>\x14\x03\x03\x00\x01\x01\x87g\x9a...\x00\x00\x00\x00\x00\x00\x00}
02:10:03.382 [qtp399373008-60] DEBUG org.eclipse.jetty.io.ssl.SslConnection - fill NEED_TASK
02:10:03.382 [qtp399373008-60] DEBUG org.eclipse.jetty.io.ssl.SslConnection - fill NEED_UNWRAP
02:10:03.382 [qtp399373008-60] DEBUG org.eclipse.jetty.io.ChannelEndPoint - filled 0 HeapByteBuffer@816b3[p=946,l=1509,c=17408,r=563]={\x17\x03\x03\x03\xAd\x0b\x00\x03\x88...M\xFe\xB8F}\xC1\xD8<<<\x17\x03\x03\x01)\xD8h\x8b`}\xEc\xDft\x02K\xDd\xE7\x10\xD5Q\x10r\x1d\xA1\xA5...\xE8\x12\xBa4\xDa<\x85\xAa\xD3\xAc^\xB1E\x82\xAaY\xD5\xC2K?\xBc\x12W>>>\x19O\x8a\xCf\x17\x9f:z\x98...\x00\x00\x00\x00\x00\x00\x00}
02:10:03.382 [qtp399373008-60] DEBUG org.eclipse.jetty.io.ssl.SslConnection - net filled=0
02:10:03.382 [qtp399373008-60] DEBUG org.eclipse.jetty.io.ssl.SslConnection - unwrap net_filled=0 Status = OK HandshakeStatus = NEED_TASK bytesConsumed = 302 bytesProduced = 0 encryptedBuffer=[p=1248,l=1509,c=17408,r=261] unwrapBuffer=HeapByteBuffer@ecff91a[p=0,l=0,c=17408,r=0]={<<<>>>\x14\x03\x03\x00\x01\x01\x87g\x9a...\x00\x00\x00\x00\x00\x00\x00} appBuffer=HeapByteBuffer@ecff91a[p=0,l=0,c=17408,r=0]={<<<>>>\x14\x03\x03\x00\x01\x01\x87g\x9a...\x00\x00\x00\x00\x00\x00\x00}
02:10:03.382 [qtp399373008-60] DEBUG org.eclipse.jetty.io.ssl.SslConnection - fill NEED_TASK
02:10:03.382 [qtp399373008-60] DEBUG org.eclipse.jetty.io.ssl.SslConnection - fill NEED_UNWRAP
02:10:03.382 [qtp399373008-60] DEBUG org.eclipse.jetty.io.ChannelEndPoint - filled 0 HeapByteBuffer@816b3[p=1248,l=1509,c=17408,r=261]={\x17\x03\x03\x03\xAd\x0b\x00\x03\x88...\xB3\x00\x99\xA3\xAcH\x9c<<<\x17\x03\x03\x00U|\xDcx\xDc\x81\x07\xBb\xDc\xFa\xC4\x85\xAc\xEd\xB4\xB2\xF6 \x00H|...\xE8\x12\xBa4\xDa<\x85\xAa\xD3\xAc^\xB1E\x82\xAaY\xD5\xC2K?\xBc\x12W>>>\x19O\x8a\xCf\x17\x9f:z\x98...\x00\x00\x00\x00\x00\x00\x00}
02:10:03.382 [qtp399373008-60] DEBUG org.eclipse.jetty.io.ssl.SslConnection - net filled=0
02:10:03.383 [qtp399373008-60] DEBUG org.eclipse.jetty.io.ssl.SslConnection - unwrap net_filled=0 Status = OK HandshakeStatus = NEED_WRAP bytesConsumed = 90 bytesProduced = 0 encryptedBuffer=[p=1338,l=1509,c=17408,r=171] unwrapBuffer=HeapByteBuffer@ecff91a[p=0,l=0,c=17408,r=0]={<<<>>>\x14\x03\x03\x00\x01\x01\x87g\x9a...\x00\x00\x00\x00\x00\x00\x00} appBuffer=HeapByteBuffer@ecff91a[p=0,l=0,c=17408,r=0]={<<<>>>\x14\x03\x03\x00\x01\x01\x87g\x9a...\x00\x00\x00\x00\x00\x00\x00}
02:10:03.383 [qtp399373008-60] DEBUG org.eclipse.jetty.io.ssl.SslConnection - fill NEED_WRAP
02:10:03.383 [qtp399373008-60] DEBUG org.eclipse.jetty.io.ssl.SslConnection - >flush SslConnection@e5fe21::SocketChannelEndPoint@78b469ac{l=/127.0.0.1:33277,r=/127.0.0.1:47726,OPEN,fill=-,flush=-,to=1/30000}{io=0/0,kio=0,kro=1}->SslConnection@e5fe21{NEED_WRAP,eio=171/-1,di=-1,fill=IDLE,flush=IDLE}~>DecryptedEndPoint@57e375bb{l=/127.0.0.1:33277,r=/127.0.0.1:47726,OPEN,fill=-,flush=-,to=39/30000}=>HttpConnection@5d990791[p=HttpParser{s=START,0 of -1},g=HttpGenerator@4ce71d2b{s=START}]=>HttpChannelOverHttp@2ffe5756{s=HttpChannelState@c418496{s=IDLE rs=BLOCKING os=OPEN is=IDLE awp=false se=false i=true al=0},r=0,c=false/false,a=IDLE,uri=null,age=0}
02:10:03.383 [qtp399373008-60] DEBUG org.eclipse.jetty.io.ssl.SslConnection - flush b[0]=HeapByteBuffer@58b1a525[p=0,l=0,c=0,r=0]={<<<>>>}
02:10:03.383 [qtp399373008-60] DEBUG org.eclipse.jetty.io.ssl.SslConnection - flush NEED_WRAP
02:10:03.383 [qtp399373008-60] DEBUG org.eclipse.jetty.io.ssl.SslConnection - wrap Status = OK HandshakeStatus = FINISHED bytesConsumed = 0 bytesProduced = 88 [p=0,l=88,c=17408,r=88] ioDone=false/false
02:10:03.383 [qtp399373008-60] DEBUG org.eclipse.jetty.io.ChannelEndPoint - flushed 88 SocketChannelEndPoint@78b469ac{l=/127.0.0.1:33277,r=/127.0.0.1:47726,OPEN,fill=-,flush=-,to=1/30000}{io=0/0,kio=0,kro=1}->SslConnection@e5fe21{NOT_HANDSHAKING,eio=171/0,di=-1,fill=IDLE,flush=IDLE}~>DecryptedEndPoint@57e375bb{l=/127.0.0.1:33277,r=/127.0.0.1:47726,OPEN,fill=-,flush=-,to=39/30000}=>HttpConnection@5d990791[p=HttpParser{s=START,0 of -1},g=HttpGenerator@4ce71d2b{s=START}]=>HttpChannelOverHttp@2ffe5756{s=HttpChannelState@c418496{s=IDLE rs=BLOCKING os=OPEN is=IDLE awp=false se=false i=true al=0},r=0,c=false/false,a=IDLE,uri=null,age=0}
02:10:03.383 [qtp399373008-60] DEBUG org.eclipse.jetty.io.ssl.SslConnection - net flushed=true, ac=true
02:10:03.383 [qtp399373008-60] DEBUG org.eclipse.jetty.io.ssl.SslConnection - handshake succeeded SslConnection@e5fe21::SocketChannelEndPoint@78b469ac{l=/127.0.0.1:33277,r=/127.0.0.1:47726,OPEN,fill=-,flush=-,to=0/30000}{io=0/0,kio=0,kro=1}->SslConnection@e5fe21{NOT_HANDSHAKING,eio=171/0,di=-1,fill=IDLE,flush=IDLE}~>DecryptedEndPoint@57e375bb{l=/127.0.0.1:33277,r=/127.0.0.1:47726,OPEN,fill=-,flush=-,to=39/30000}=>HttpConnection@5d990791[p=HttpParser{s=START,0 of -1},g=HttpGenerator@4ce71d2b{s=START}]=>HttpChannelOverHttp@2ffe5756{s=HttpChannelState@c418496{s=IDLE rs=BLOCKING os=OPEN is=IDLE awp=false se=false i=true al=0},r=0,c=false/false,a=IDLE,uri=null,age=0} resumed server TLSv1.3/TLS_AES_256_GCM_SHA384
02:10:03.384 [qtp399373008-60] DEBUG org.eclipse.jetty.io.ssl.SslConnection - <flush true SslConnection@e5fe21::SocketChannelEndPoint@78b469ac{l=/127.0.0.1:33277,r=/127.0.0.1:47726,OPEN,fill=-,flush=-,to=0/30000}{io=0/0,kio=0,kro=1}->SslConnection@e5fe21{NOT_HANDSHAKING,eio=171/-1,di=-1,fill=IDLE,flush=IDLE}~>DecryptedEndPoint@57e375bb{l=/127.0.0.1:33277,r=/127.0.0.1:47726,OPEN,fill=-,flush=-,to=39/30000}=>HttpConnection@5d990791[p=HttpParser{s=START,0 of -1},g=HttpGenerator@4ce71d2b{s=START}]=>HttpChannelOverHttp@2ffe5756{s=HttpChannelState@c418496{s=IDLE rs=BLOCKING os=OPEN is=IDLE awp=false se=false i=true al=0},r=0,c=false/false,a=IDLE,uri=null,age=0}
02:10:03.384 [qtp399373008-60] DEBUG org.eclipse.jetty.io.ssl.SslConnection - fill NOT_HANDSHAKING
02:10:03.384 [qtp399373008-60] DEBUG org.eclipse.jetty.io.ChannelEndPoint - filled 0 HeapByteBuffer@816b3[p=1338,l=1509,c=17408,r=171]={\x17\x03\x03\x03\xAd\x0b\x00\x03\x88...*m\xBc\x7f(\xFd\x80<<<\x17\x03\x03\x00\xA68]\xFb\x03\xC3o\x8c\xE6\xBb\xDc\xD6J\xD9^.\xA4_\x04\xF91...\xE8\x12\xBa4\xDa<\x85\xAa\xD3\xAc^\xB1E\x82\xAaY\xD5\xC2K?\xBc\x12W>>>\x19O\x8a\xCf\x17\x9f:z\x98...\x00\x00\x00\x00\x00\x00\x00}
02:10:03.384 [qtp399373008-60] DEBUG org.eclipse.jetty.io.ssl.SslConnection - net filled=0
02:10:03.384 [qtp399373008-60] DEBUG org.eclipse.jetty.io.ssl.SslConnection - unwrap net_filled=0 Status = OK HandshakeStatus = NOT_HANDSHAKING bytesConsumed = 171 bytesProduced = 133 encryptedBuffer=[p=1509,l=1509,c=17408,r=0] unwrapBuffer=HeapByteBuffer@ecff91a[p=0,l=133,c=17408,r=133]={<<<GET /config-minimal.yml H...gent: okhttp/3.12.3\r\n\r\n>>>HT<|\x12\xE4\xE5\x91\xD4...\x00\x00\x00\x00\x00\x00\x00} appBuffer=HeapByteBuffer@ecff91a[p=0,l=133,c=17408,r=133]={<<<GET /config-minimal.yml H...gent: okhttp/3.12.3\r\n\r\n>>>HT<|\x12\xE4\xE5\x91\xD4...\x00\x00\x00\x00\x00\x00\x00}
02:10:03.384 [qtp399373008-60] DEBUG org.eclipse.jetty.io.ssl.SslConnection - <fill f=133 uf=false SslConnection@e5fe21::SocketChannelEndPoint@78b469ac{l=/127.0.0.1:33277,r=/127.0.0.1:47726,OPEN,fill=-,flush=-,to=0/30000}{io=0/0,kio=0,kro=1}->SslConnection@e5fe21{NOT_HANDSHAKING,eio=-1/-1,di=-1,fill=IDLE,flush=IDLE}~>DecryptedEndPoint@57e375bb{l=/127.0.0.1:33277,r=/127.0.0.1:47726,OPEN,fill=-,flush=-,to=40/30000}=>HttpConnection@5d990791[p=HttpParser{s=START,0 of -1},g=HttpGenerator@4ce71d2b{s=START}]=>HttpChannelOverHttp@2ffe5756{s=HttpChannelState@c418496{s=IDLE rs=BLOCKING os=OPEN is=IDLE awp=false se=false i=true al=0},r=0,c=false/false,a=IDLE,uri=null,age=0}
02:10:03.384 [qtp399373008-60] DEBUG org.eclipse.jetty.server.HttpConnection - HttpConnection@5d990791::DecryptedEndPoint@57e375bb{l=/127.0.0.1:33277,r=/127.0.0.1:47726,OPEN,fill=-,flush=-,to=40/30000} filled 133 HeapByteBuffer@ecff91a[p=0,l=133,c=17408,r=133]={<<<GET /config-minimal.yml H...gent: okhttp/3.12.3\r\n\r\n>>>HT<|\x12\xE4\xE5\x91\xD4...\x00\x00\x00\x00\x00\x00\x00}
02:10:03.384 [qtp399373008-60] DEBUG org.eclipse.jetty.server.HttpConnection - HttpConnection@5d990791::DecryptedEndPoint@57e375bb{l=/127.0.0.1:33277,r=/127.0.0.1:47726,OPEN,fill=-,flush=-,to=40/30000} parse HeapByteBuffer@ecff91a[p=0,l=133,c=17408,r=133]={<<<GET /config-minimal.yml H...gent: okhttp/3.12.3\r\n\r\n>>>HT<|\x12\xE4\xE5\x91\xD4...\x00\x00\x00\x00\x00\x00\x00} {}
02:10:03.384 [qtp399373008-60] DEBUG org.eclipse.jetty.http.HttpParser - parseNext s=START HeapByteBuffer@ecff91a[p=0,l=133,c=17408,r=133]={<<<GET /config-minimal.yml H...gent: okhttp/3.12.3\r\n\r\n>>>HT<|\x12\xE4\xE5\x91\xD4...\x00\x00\x00\x00\x00\x00\x00}
02:10:03.384 [qtp399373008-60] DEBUG org.eclipse.jetty.http.HttpParser - START --> SPACE1
02:10:03.384 [qtp399373008-60] DEBUG org.eclipse.jetty.http.HttpParser - SPACE1 --> URI
02:10:03.384 [qtp399373008-60] DEBUG org.eclipse.jetty.http.HttpParser - URI --> SPACE2
02:10:03.384 [qtp399373008-60] DEBUG org.eclipse.jetty.http.HttpParser - SPACE2 --> REQUEST_VERSION
02:10:03.384 [qtp399373008-60] DEBUG org.eclipse.jetty.http.HttpParser - REQUEST_VERSION --> HEADER
02:10:03.384 [qtp399373008-60] DEBUG org.eclipse.jetty.http.HttpParser - HEADER:Host --> VALUE
02:10:03.384 [qtp399373008-60] DEBUG org.eclipse.jetty.http.HttpParser - HEADER:Host --> IN_VALUE
02:10:03.384 [qtp399373008-60] DEBUG org.eclipse.jetty.http.HttpParser - HEADER:Host --> FIELD
02:10:03.384 [qtp399373008-60] DEBUG org.eclipse.jetty.http.HttpParser - HEADER:Connection: keep-alive --> IN_VALUE
02:10:03.384 [qtp399373008-60] DEBUG org.eclipse.jetty.http.HttpParser - HEADER:Connection: keep-alive --> FIELD
02:10:03.384 [qtp399373008-60] DEBUG org.eclipse.jetty.http.HttpParser - HEADER:Accept-Encoding: gzip --> IN_VALUE
02:10:03.384 [qtp399373008-60] DEBUG org.eclipse.jetty.http.HttpParser - HEADER:Accept-Encoding: gzip --> FIELD
02:10:03.384 [qtp399373008-60] DEBUG org.eclipse.jetty.http.HttpParser - HEADER:User-Agent --> VALUE
02:10:03.384 [qtp399373008-60] DEBUG org.eclipse.jetty.http.HttpParser - HEADER:User-Agent --> IN_VALUE
02:10:03.384 [qtp399373008-60] DEBUG org.eclipse.jetty.http.HttpParser - HEADER:User-Agent --> FIELD
02:10:03.384 [qtp399373008-60] DEBUG org.eclipse.jetty.http.HttpParser - HEADER --> CONTENT
02:10:03.384 [qtp399373008-60] DEBUG org.eclipse.jetty.server.HttpChannel - REQUEST for //localhost:33277/config-minimal.yml on HttpChannelOverHttp@2ffe5756{s=HttpChannelState@c418496{s=IDLE rs=BLOCKING os=OPEN is=IDLE awp=false se=false i=true al=0},r=1,c=false/false,a=IDLE,uri=//localhost:33277/config-minimal.yml,age=0}
GET //localhost:33277/config-minimal.yml HTTP/1.1
Host: localhost:33277
Connection: keep-alive
Accept-Encoding: gzip
User-Agent: okhttp/3.12.3


02:10:03.384 [qtp399373008-60] DEBUG org.eclipse.jetty.server.HttpConnection - HttpConnection@5d990791::DecryptedEndPoint@57e375bb{l=/127.0.0.1:33277,r=/127.0.0.1:47726,OPEN,fill=-,flush=-,to=40/30000} parsed true HttpParser{s=CONTENT,0 of -1}
02:10:03.384 [qtp399373008-60] DEBUG org.eclipse.jetty.server.HttpConnection - releaseRequestBuffer HttpConnection@5d990791::DecryptedEndPoint@57e375bb{l=/127.0.0.1:33277,r=/127.0.0.1:47726,OPEN,fill=-,flush=-,to=40/30000}
02:10:03.384 [qtp399373008-60] DEBUG org.eclipse.jetty.server.HttpChannel - handle //localhost:33277/config-minimal.yml HttpChannelOverHttp@2ffe5756{s=HttpChannelState@c418496{s=IDLE rs=BLOCKING os=OPEN is=IDLE awp=false se=false i=true al=0},r=1,c=false/false,a=IDLE,uri=//localhost:33277/config-minimal.yml,age=0} 
02:10:03.384 [qtp399373008-60] DEBUG org.eclipse.jetty.server.HttpChannelState - handling HttpChannelState@c418496{s=IDLE rs=BLOCKING os=OPEN is=IDLE awp=false se=false i=true al=0}
02:10:03.384 [qtp399373008-60] DEBUG org.eclipse.jetty.server.HttpChannel - action DISPATCH HttpChannelOverHttp@2ffe5756{s=HttpChannelState@c418496{s=HANDLING rs=BLOCKING os=OPEN is=IDLE awp=false se=false i=true al=0},r=1,c=false/false,a=HANDLING,uri=//localhost:33277/config-minimal.yml,age=0}
02:10:03.384 [qtp399373008-60] DEBUG org.eclipse.jetty.server.SecureRequestCustomizer - Host localhost with SNI null
02:10:03.384 [qtp399373008-60] DEBUG org.eclipse.jetty.server.Server - REQUEST GET /config-minimal.yml on HttpChannelOverHttp@2ffe5756{s=HttpChannelState@c418496{s=HANDLING rs=BLOCKING os=OPEN is=IDLE awp=false se=false i=true al=0},r=1,c=false/false,a=HANDLING,uri=https://localhost:33277/config-minimal.yml,age=0}
02:10:03.385 [qtp399373008-60] DEBUG org.eclipse.jetty.server.HttpOutput - write(array HeapByteBuffer@ac85bd9[p=0,l=1469,c=262144,r=1469]={<<<# Licensed to the Apache ...tination name: PutFile\n>>>\x00\x00\x00\x00\x00\x00\x00\x00\x00...\x00\x00\x00\x00\x00\x00\x00})
02:10:03.385 [qtp399373008-60] DEBUG org.eclipse.jetty.server.HttpOutput - write(array) s=CLOSING,api=BLOCKED,sc=false,e=null last=true agg=false flush=true async=false, len=1469 null
02:10:03.385 [qtp399373008-60] DEBUG org.eclipse.jetty.server.HttpChannel - sendResponse info=null content=HeapByteBuffer@19cde5b8[p=0,l=1469,c=262144,r=1469]={<<<# Licensed to the Apache ...tination name: PutFile\n>>>\x00\x00\x00\x00\x00\x00\x00\x00\x00...\x00\x00\x00\x00\x00\x00\x00} complete=true committing=true callback=Blocker@5dd4badf{null}
02:10:03.385 [qtp399373008-60] DEBUG org.eclipse.jetty.server.HttpChannel - COMMIT for /config-minimal.yml on HttpChannelOverHttp@2ffe5756{s=HttpChannelState@c418496{s=HANDLING rs=BLOCKING os=COMMITTED is=IDLE awp=false se=false i=true al=0},r=1,c=false/false,a=HANDLING,uri=https://localhost:33277/config-minimal.yml,age=1}
200 null HTTP/1.1
Date: Thu, 02 May 2024 01:10:03 GMT
ETag: testEtag
Content-Type: text/plain;charset=utf-8
Content-Length: 1469


02:10:03.385 [qtp399373008-60] DEBUG org.eclipse.jetty.server.HttpConnection - generate: NEED_HEADER for SendCallback@63c97669[PROCESSING][i=HTTP/1.1{s=200,h=4,cl=1469},cb=org.eclipse.jetty.server.HttpChannel$SendCallback@2b17ef5a] (null,[p=0,l=1469,c=262144,r=1469],true)@START
02:10:03.385 [qtp399373008-60] DEBUG org.eclipse.jetty.http.HttpGenerator - generateHeaders HTTP/1.1{s=200,h=4,cl=1469} last=true content=HeapByteBuffer@19cde5b8[p=0,l=1469,c=262144,r=1469]={<<<# Licensed to the Apache ...tination name: PutFile\n>>>\x00\x00\x00\x00\x00\x00\x00\x00\x00...\x00\x00\x00\x00\x00\x00\x00}
02:10:03.385 [qtp399373008-60] DEBUG org.eclipse.jetty.http.HttpGenerator - Date: Thu, 02 May 2024 01:10:03 GMT
ETag: testEtag
Content-Type: text/plain;charset=utf-8
Content-Length: 1469


02:10:03.385 [qtp399373008-60] DEBUG org.eclipse.jetty.http.HttpGenerator - CONTENT_LENGTH
02:10:03.385 [qtp399373008-60] DEBUG org.eclipse.jetty.server.HttpConnection - generate: FLUSH for SendCallback@63c97669[PROCESSING][i=HTTP/1.1{s=200,h=4,cl=1469},cb=org.eclipse.jetty.server.HttpChannel$SendCallback@2b17ef5a] ([p=0,l=167,c=8192,r=167],[p=0,l=1469,c=262144,r=1469],true)@COMPLETING
02:10:03.385 [qtp399373008-60] DEBUG org.eclipse.jetty.io.WriteFlusher - write: WriteFlusher@5d812fa5{IDLE}->null [HeapByteBuffer@57345db1[p=0,l=167,c=8192,r=167]={<<<HTTP/1.1 200 OK\r\nDate: Th...y(9.4.44.v20210927)\r\n\r\n>>>\x00\x00\x00\x00\x00\x00\x00\x00\x00...\x00\x00\x00\x00\x00\x00\x00},HeapByteBuffer@19cde5b8[p=0,l=1469,c=262144,r=1469]={<<<# Licensed to the Apache ...tination name: PutFile\n>>>\x00\x00\x00\x00\x00\x00\x00\x00\x00...\x00\x00\x00\x00\x00\x00\x00}]
02:10:03.385 [qtp399373008-60] DEBUG org.eclipse.jetty.io.WriteFlusher - update WriteFlusher@5d812fa5{WRITING}->null:IDLE-->WRITING
02:10:03.385 [qtp399373008-60] DEBUG org.eclipse.jetty.io.ssl.SslConnection - >flush SslConnection@e5fe21::SocketChannelEndPoint@78b469ac{l=/127.0.0.1:33277,r=/127.0.0.1:47726,OPEN,fill=-,flush=-,to=1/30000}{io=0/0,kio=0,kro=1}->SslConnection@e5fe21{NOT_HANDSHAKING,eio=-1/-1,di=-1,fill=IDLE,flush=IDLE}~>DecryptedEndPoint@57e375bb{l=/127.0.0.1:33277,r=/127.0.0.1:47726,OPEN,fill=-,flush=W,to=41/30000}=>HttpConnection@5d990791[p=HttpParser{s=CONTENT,0 of -1},g=HttpGenerator@4ce71d2b{s=COMPLETING}]=>HttpChannelOverHttp@2ffe5756{s=HttpChannelState@c418496{s=HANDLING rs=BLOCKING os=COMMITTED is=IDLE awp=false se=false i=true al=0},r=1,c=false/false,a=HANDLING,uri=https://localhost:33277/config-minimal.yml,age=1}
02:10:03.385 [qtp399373008-60] DEBUG org.eclipse.jetty.io.ssl.SslConnection - flush b[0]=HeapByteBuffer@57345db1[p=0,l=167,c=8192,r=167]={<<<HTTP/1.1 200 OK\r\nDate: Th...y(9.4.44.v20210927)\r\n\r\n>>>\x00\x00\x00\x00\x00\x00\x00\x00\x00...\x00\x00\x00\x00\x00\x00\x00}
02:10:03.385 [qtp399373008-60] DEBUG org.eclipse.jetty.io.ssl.SslConnection - flush b[1]=HeapByteBuffer@19cde5b8[p=0,l=1469,c=262144,r=1469]={<<<# Licensed to the Apache ...tination name: PutFile\n>>>\x00\x00\x00\x00\x00\x00\x00\x00\x00...\x00\x00\x00\x00\x00\x00\x00}
02:10:03.385 [qtp399373008-60] DEBUG org.eclipse.jetty.io.ssl.SslConnection - flush NOT_HANDSHAKING
02:10:03.385 [qtp399373008-60] DEBUG org.eclipse.jetty.io.ssl.SslConnection - wrap Status = OK HandshakeStatus = NOT_HANDSHAKING bytesConsumed = 1636 bytesProduced = 1674 [p=0,l=1674,c=17408,r=1674] ioDone=false/false
02:10:03.385 [qtp399373008-60] DEBUG org.eclipse.jetty.io.ChannelEndPoint - flushed 1674 SocketChannelEndPoint@78b469ac{l=/127.0.0.1:33277,r=/127.0.0.1:47726,OPEN,fill=-,flush=-,to=1/30000}{io=0/0,kio=0,kro=1}->SslConnection@e5fe21{NOT_HANDSHAKING,eio=-1/0,di=-1,fill=IDLE,flush=IDLE}~>DecryptedEndPoint@57e375bb{l=/127.0.0.1:33277,r=/127.0.0.1:47726,OPEN,fill=-,flush=W,to=41/30000}=>HttpConnection@5d990791[p=HttpParser{s=CONTENT,0 of -1},g=HttpGenerator@4ce71d2b{s=COMPLETING}]=>HttpChannelOverHttp@2ffe5756{s=HttpChannelState@c418496{s=HANDLING rs=BLOCKING os=COMMITTED is=IDLE awp=false se=false i=true al=0},r=1,c=false/false,a=HANDLING,uri=https://localhost:33277/config-minimal.yml,age=1}
02:10:03.385 [qtp399373008-60] DEBUG org.eclipse.jetty.io.ssl.SslConnection - net flushed=true, ac=true
02:10:03.385 [qtp399373008-60] DEBUG org.eclipse.jetty.io.ssl.SslConnection - <flush true SslConnection@e5fe21::SocketChannelEndPoint@78b469ac{l=/127.0.0.1:33277,r=/127.0.0.1:47726,OPEN,fill=-,flush=-,to=0/30000}{io=0/0,kio=0,kro=1}->SslConnection@e5fe21{NOT_HANDSHAKING,eio=-1/-1,di=-1,fill=IDLE,flush=IDLE}~>DecryptedEndPoint@57e375bb{l=/127.0.0.1:33277,r=/127.0.0.1:47726,OPEN,fill=-,flush=W,to=41/30000}=>HttpConnection@5d990791[p=HttpParser{s=CONTENT,0 of -1},g=HttpGenerator@4ce71d2b{s=COMPLETING}]=>HttpChannelOverHttp@2ffe5756{s=HttpChannelState@c418496{s=HANDLING rs=BLOCKING os=COMMITTED is=IDLE awp=false se=false i=true al=0},r=1,c=false/false,a=HANDLING,uri=https://localhost:33277/config-minimal.yml,age=1}
02:10:03.385 [qtp399373008-60] DEBUG org.eclipse.jetty.io.WriteFlusher - Flushed=true written=1636 remaining=0 WriteFlusher@5d812fa5{WRITING}->null
02:10:03.386 [qtp399373008-60] DEBUG org.eclipse.jetty.io.WriteFlusher - update WriteFlusher@5d812fa5{IDLE}->null:WRITING-->IDLE
02:10:03.386 [qtp399373008-60] DEBUG org.eclipse.jetty.server.HttpConnection - generate: DONE for SendCallback@63c97669[PROCESSING][i=HTTP/1.1{s=200,h=4,cl=1469},cb=org.eclipse.jetty.server.HttpChannel$SendCallback@2b17ef5a] ([p=167,l=167,c=8192,r=0],[p=1469,l=1469,c=262144,r=0],true)@END
02:10:03.386 [main] DEBUG org.apache.nifi.minifi.bootstrap.configuration.ingestors.PullHttpChangeIngestor - Response received: Response{protocol=http/1.1, code=200, message=OK, url=https://localhost:33277/config-minimal.yml}
02:10:03.386 [qtp399373008-60] DEBUG org.eclipse.jetty.server.HttpOutput - onWriteComplete(true,null) s=CLOSING,api=BLOCKED,sc=false,e=null->s=CLOSED,api=BLOCKING,sc=false,e=null c=null cb=null w=false
02:10:03.386 [main] DEBUG org.apache.nifi.minifi.bootstrap.configuration.ingestors.PullHttpChangeIngestor - New change received, notifying listener
02:10:03.386 [main] DEBUG org.apache.nifi.minifi.bootstrap.configuration.ingestors.PullHttpChangeIngestor - Listeners notified
02:10:03.386 [qtp399373008-60] DEBUG org.eclipse.jetty.server.HttpOutput - close() s=CLOSED,api=BLOCKING,sc=false,e=null c=null b=null
02:10:03.386 [qtp399373008-60] DEBUG org.eclipse.jetty.server.Server - handled=true async=false committed=true on HttpChannelOverHttp@2ffe5756{s=HttpChannelState@c418496{s=HANDLING rs=BLOCKING os=COMPLETED is=IDLE awp=false se=false i=true al=0},r=1,c=false/true,a=HANDLING,uri=https://localhost:33277/config-minimal.yml,age=2}
02:10:03.386 [qtp399373008-60] DEBUG org.eclipse.jetty.server.HttpChannelState - unhandle HttpChannelState@c418496{s=HANDLING rs=BLOCKING os=COMPLETED is=IDLE awp=false se=false i=true al=0}
02:10:03.386 [qtp399373008-60] DEBUG org.eclipse.jetty.server.HttpChannelState - nextAction(false) COMPLETE HttpChannelState@c418496{s=HANDLING rs=COMPLETING os=COMPLETED is=IDLE awp=false se=false i=false al=0}
02:10:03.386 [qtp399373008-60] DEBUG org.eclipse.jetty.server.HttpChannel - action COMPLETE HttpChannelOverHttp@2ffe5756{s=HttpChannelState@c418496{s=HANDLING rs=COMPLETING os=COMPLETED is=IDLE awp=false se=false i=false al=0},r=1,c=false/true,a=HANDLING,uri=https://localhost:33277/config-minimal.yml,age=2}
02:10:03.386 [qtp399373008-60] DEBUG org.eclipse.jetty.server.HttpOutput - complete(org.eclipse.jetty.util.Callback$3@25fb6488) s=CLOSED,api=BLOCKING,sc=false,e=null s=true e=null, c=null
02:10:03.386 [qtp399373008-60] DEBUG org.eclipse.jetty.server.HttpChannelState - completed HttpChannelState@c418496{s=HANDLING rs=COMPLETING os=COMPLETED is=IDLE awp=false se=false i=false al=0}
02:10:03.386 [qtp399373008-60] DEBUG org.eclipse.jetty.server.HttpChannelState - unhandle HttpChannelState@c418496{s=HANDLING rs=COMPLETED os=COMPLETED is=IDLE awp=false se=false i=false al=0}
02:10:03.386 [qtp399373008-60] DEBUG org.eclipse.jetty.server.HttpChannelState - nextAction(false) TERMINATED HttpChannelState@c418496{s=IDLE rs=COMPLETED os=COMPLETED is=IDLE awp=false se=false i=false al=0}
02:10:03.386 [qtp399373008-60] DEBUG org.eclipse.jetty.server.HttpChannel - action TERMINATED HttpChannelOverHttp@2ffe5756{s=HttpChannelState@c418496{s=IDLE rs=COMPLETED os=COMPLETED is=IDLE awp=false se=false i=false al=0},r=1,c=true/true,a=IDLE,uri=https://localhost:33277/config-minimal.yml,age=2}
02:10:03.386 [qtp399373008-60] DEBUG org.eclipse.jetty.server.HttpChannel - onCompleted for /config-minimal.yml written=1469
02:10:03.387 [qtp399373008-60] DEBUG org.eclipse.jetty.io.ssl.SslConnection - >fill SslConnection@e5fe21::SocketChannelEndPoint@78b469ac{l=/127.0.0.1:33277,r=/127.0.0.1:47726,OPEN,fill=-,flush=-,to=1/30000}{io=0/0,kio=0,kro=1}->SslConnection@e5fe21{NOT_HANDSHAKING,eio=-1/-1,di=-1,fill=IDLE,flush=IDLE}~>DecryptedEndPoint@57e375bb{l=/127.0.0.1:33277,r=/127.0.0.1:47726,OPEN,fill=-,flush=-,to=42/30000}=>HttpConnection@5d990791[p=HttpParser{s=CONTENT,0 of -1},g=HttpGenerator@4ce71d2b{s=END}]=>HttpChannelOverHttp@2ffe5756{s=HttpChannelState@c418496{s=IDLE rs=COMPLETED os=COMPLETED is=IDLE awp=false se=false i=false al=0},r=1,c=true/true,a=IDLE,uri=https://localhost:33277/config-minimal.yml,age=2}
02:10:03.387 [qtp399373008-60] DEBUG org.eclipse.jetty.io.ssl.SslConnection - fill NOT_HANDSHAKING
02:10:03.387 [qtp399373008-60] DEBUG org.eclipse.jetty.io.ChannelEndPoint - filled 0 HeapByteBuffer@ecff91a[p=0,l=0,c=17408,r=0]={<<<>>>GET /conf...\x00\x00\x00\x00\x00\x00\x00}
02:10:03.387 [qtp399373008-60] DEBUG org.eclipse.jetty.io.ssl.SslConnection - net filled=0
02:10:03.387 [qtp399373008-60] DEBUG org.eclipse.jetty.io.ssl.SslConnection - unwrap net_filled=0 Status = BUFFER_UNDERFLOW HandshakeStatus = NOT_HANDSHAKING bytesConsumed = 0 bytesProduced = 0 encryptedBuffer=[p=0,l=0,c=17408,r=0] unwrapBuffer=HeapByteBuffer@816b3[p=0,l=0,c=17408,r=0]={<<<>>>\x17\x03\x03\x03\xAd\x0b\x00\x03\x88...\x00\x00\x00\x00\x00\x00\x00} appBuffer=HeapByteBuffer@816b3[p=0,l=0,c=17408,r=0]={<<<>>>\x17\x03\x03\x03\xAd\x0b\x00\x03\x88...\x00\x00\x00\x00\x00\x00\x00}
02:10:03.387 [qtp399373008-60] DEBUG org.eclipse.jetty.io.ssl.SslConnection - <fill f=0 uf=true SslConnection@e5fe21::SocketChannelEndPoint@78b469ac{l=/127.0.0.1:33277,r=/127.0.0.1:47726,OPEN,fill=-,flush=-,to=1/30000}{io=0/0,kio=0,kro=1}->SslConnection@e5fe21{NOT_HANDSHAKING,eio=-1/-1,di=-1,fill=IDLE,flush=IDLE}~>DecryptedEndPoint@57e375bb{l=/127.0.0.1:33277,r=/127.0.0.1:47726,OPEN,fill=-,flush=-,to=42/30000}=>HttpConnection@5d990791[p=HttpParser{s=CONTENT,0 of -1},g=HttpGenerator@4ce71d2b{s=END}]=>HttpChannelOverHttp@2ffe5756{s=HttpChannelState@c418496{s=IDLE rs=COMPLETED os=COMPLETED is=IDLE awp=false se=false i=false al=0},r=1,c=true/true,a=IDLE,uri=https://localhost:33277/config-minimal.yml,age=3}
02:10:03.387 [qtp399373008-60] DEBUG org.eclipse.jetty.io.ssl.SslConnection - >fill SslConnection@e5fe21::SocketChannelEndPoint@78b469ac{l=/127.0.0.1:33277,r=/127.0.0.1:47726,OPEN,fill=-,flush=-,to=1/30000}{io=0/0,kio=0,kro=1}->SslConnection@e5fe21{NOT_HANDSHAKING,eio=-1/-1,di=-1,fill=IDLE,flush=IDLE}~>DecryptedEndPoint@57e375bb{l=/127.0.0.1:33277,r=/127.0.0.1:47726,OPEN,fill=-,flush=-,to=42/30000}=>HttpConnection@5d990791[p=HttpParser{s=CONTENT,0 of -1},g=HttpGenerator@4ce71d2b{s=END}]=>HttpChannelOverHttp@2ffe5756{s=HttpChannelState@c418496{s=IDLE rs=COMPLETED os=COMPLETED is=IDLE awp=false se=false i=false al=0},r=1,c=true/true,a=IDLE,uri=https://localhost:33277/config-minimal.yml,age=3}
02:10:03.387 [qtp399373008-60] DEBUG org.eclipse.jetty.io.ssl.SslConnection - fill NOT_HANDSHAKING
02:10:03.387 [qtp399373008-60] DEBUG org.eclipse.jetty.io.ChannelEndPoint - filled 0 HeapByteBuffer@30c33a9d[p=0,l=0,c=17408,r=0]={<<<>>>\x17\x03\x03\x06\x85\xCbr\xC5\xB8...\x00\x00\x00\x00\x00\x00\x00}
02:10:03.387 [qtp399373008-60] DEBUG org.eclipse.jetty.io.ssl.SslConnection - net filled=0
02:10:03.387 [qtp399373008-60] DEBUG org.eclipse.jetty.io.ssl.SslConnection - unwrap net_filled=0 Status = BUFFER_UNDERFLOW HandshakeStatus = NOT_HANDSHAKING bytesConsumed = 0 bytesProduced = 0 encryptedBuffer=[p=0,l=0,c=17408,r=0] unwrapBuffer=HeapByteBuffer@816b3[p=0,l=0,c=17408,r=0]={<<<>>>\x17\x03\x03\x03\xAd\x0b\x00\x03\x88...\x00\x00\x00\x00\x00\x00\x00} appBuffer=HeapByteBuffer@816b3[p=0,l=0,c=17408,r=0]={<<<>>>\x17\x03\x03\x03\xAd\x0b\x00\x03\x88...\x00\x00\x00\x00\x00\x00\x00}
02:10:03.387 [qtp399373008-60] DEBUG org.eclipse.jetty.io.ssl.SslConnection - <fill f=0 uf=true SslConnection@e5fe21::SocketChannelEndPoint@78b469ac{l=/127.0.0.1:33277,r=/127.0.0.1:47726,OPEN,fill=-,flush=-,to=1/30000}{io=0/0,kio=0,kro=1}->SslConnection@e5fe21{NOT_HANDSHAKING,eio=-1/-1,di=-1,fill=IDLE,flush=IDLE}~>DecryptedEndPoint@57e375bb{l=/127.0.0.1:33277,r=/127.0.0.1:47726,OPEN,fill=-,flush=-,to=43/30000}=>HttpConnection@5d990791[p=HttpParser{s=CONTENT,0 of -1},g=HttpGenerator@4ce71d2b{s=END}]=>HttpChannelOverHttp@2ffe5756{s=HttpChannelState@c418496{s=IDLE rs=COMPLETED os=COMPLETED is=IDLE awp=false se=false i=false al=0},r=1,c=true/true,a=IDLE,uri=https://localhost:33277/config-minimal.yml,age=3}
02:10:03.387 [qtp399373008-60] DEBUG org.eclipse.jetty.server.HttpConnection - HttpConnection@5d990791::DecryptedEndPoint@57e375bb{l=/127.0.0.1:33277,r=/127.0.0.1:47726,OPEN,fill=-,flush=-,to=43/30000} filled 0 HeapByteBuffer@816b3[p=0,l=0,c=17408,r=0]={<<<>>>\x17\x03\x03\x03\xAd\x0b\x00\x03\x88...\x00\x00\x00\x00\x00\x00\x00}
02:10:03.387 [qtp399373008-60] DEBUG org.eclipse.jetty.server.HttpConnection - HttpConnection@5d990791::DecryptedEndPoint@57e375bb{l=/127.0.0.1:33277,r=/127.0.0.1:47726,OPEN,fill=-,flush=-,to=43/30000} parse HeapByteBuffer@816b3[p=0,l=0,c=17408,r=0]={<<<>>>\x17\x03\x03\x03\xAd\x0b\x00\x03\x88...\x00\x00\x00\x00\x00\x00\x00} {}
02:10:03.387 [qtp399373008-60] DEBUG org.eclipse.jetty.http.HttpParser - parseNext s=CONTENT HeapByteBuffer@816b3[p=0,l=0,c=17408,r=0]={<<<>>>\x17\x03\x03\x03\xAd\x0b\x00\x03\x88...\x00\x00\x00\x00\x00\x00\x00}
02:10:03.387 [qtp399373008-60] DEBUG org.eclipse.jetty.http.HttpParser - CONTENT --> CONTENT_END
02:10:03.387 [qtp399373008-60] DEBUG org.eclipse.jetty.server.HttpChannel - onContentComplete HttpChannelOverHttp@2ffe5756{s=HttpChannelState@c418496{s=IDLE rs=COMPLETED os=COMPLETED is=IDLE awp=false se=false i=false al=0},r=1,c=true/true,a=IDLE,uri=https://localhost:33277/config-minimal.yml,age=3}
02:10:03.387 [qtp399373008-60] DEBUG org.eclipse.jetty.http.HttpParser - CONTENT_END --> END
02:10:03.387 [qtp399373008-60] DEBUG org.eclipse.jetty.server.HttpChannel - onRequestComplete HttpChannelOverHttp@2ffe5756{s=HttpChannelState@c418496{s=IDLE rs=COMPLETED os=COMPLETED is=IDLE awp=false se=false i=false al=0},r=1,c=true/true,a=IDLE,uri=https://localhost:33277/config-minimal.yml,age=3}
02:10:03.387 [qtp399373008-60] DEBUG org.eclipse.jetty.server.HttpInput - HttpInputOverHTTP@d292460[c=0,q=0,[0]=null,s=STREAM] addContent EOF
02:10:03.387 [qtp399373008-60] DEBUG org.eclipse.jetty.server.HttpConnection - HttpConnection@5d990791::DecryptedEndPoint@57e375bb{l=/127.0.0.1:33277,r=/127.0.0.1:47726,OPEN,fill=-,flush=-,to=43/30000} parsed false HttpParser{s=END,0 of -1}
02:10:03.387 [qtp399373008-60] DEBUG org.eclipse.jetty.server.HttpConnection - releaseRequestBuffer HttpConnection@5d990791::DecryptedEndPoint@57e375bb{l=/127.0.0.1:33277,r=/127.0.0.1:47726,OPEN,fill=-,flush=-,to=43/30000}
02:10:03.388 [qtp399373008-60] DEBUG org.eclipse.jetty.server.HttpChannelState - recycle HttpChannelState@c418496{s=IDLE rs=COMPLETED os=COMPLETED is=IDLE awp=false se=false i=false al=0}
02:10:03.388 [qtp399373008-60] DEBUG org.eclipse.jetty.http.HttpParser - reset HttpParser{s=END,0 of -1}
02:10:03.388 [qtp399373008-60] DEBUG org.eclipse.jetty.http.HttpParser - END --> START
02:10:03.388 [qtp399373008-60] DEBUG org.eclipse.jetty.server.HttpChannel - !handle TERMINATED HttpChannelOverHttp@2ffe5756{s=HttpChannelState@c418496{s=IDLE rs=BLOCKING os=OPEN is=IDLE awp=false se=false i=true al=0},r=1,c=false/false,a=IDLE,uri=null,age=0}
02:10:03.388 [qtp399373008-60] DEBUG org.eclipse.jetty.io.ssl.SslConnection - >fill SslConnection@e5fe21::SocketChannelEndPoint@78b469ac{l=/127.0.0.1:33277,r=/127.0.0.1:47726,OPEN,fill=-,flush=-,to=2/30000}{io=0/0,kio=0,kro=1}->SslConnection@e5fe21{NOT_HANDSHAKING,eio=-1/-1,di=-1,fill=IDLE,flush=IDLE}~>DecryptedEndPoint@57e375bb{l=/127.0.0.1:33277,r=/127.0.0.1:47726,OPEN,fill=-,flush=-,to=43/30000}=>HttpConnection@5d990791[p=HttpParser{s=START,0 of -1},g=HttpGenerator@4ce71d2b{s=START}]=>HttpChannelOverHttp@2ffe5756{s=HttpChannelState@c418496{s=IDLE rs=BLOCKING os=OPEN is=IDLE awp=false se=false i=true al=0},r=1,c=false/false,a=IDLE,uri=null,age=0}
02:10:03.388 [qtp399373008-60] DEBUG org.eclipse.jetty.io.ssl.SslConnection - fill NOT_HANDSHAKING
02:10:03.388 [qtp399373008-60] DEBUG org.eclipse.jetty.io.ChannelEndPoint - filled 0 HeapByteBuffer@30c33a9d[p=0,l=0,c=17408,r=0]={<<<>>>\x17\x03\x03\x06\x85\xCbr\xC5\xB8...\x00\x00\x00\x00\x00\x00\x00}
02:10:03.388 [qtp399373008-60] DEBUG org.eclipse.jetty.io.ssl.SslConnection - net filled=0
02:10:03.388 [qtp399373008-60] DEBUG org.eclipse.jetty.io.ssl.SslConnection - unwrap net_filled=0 Status = BUFFER_UNDERFLOW HandshakeStatus = NOT_HANDSHAKING bytesConsumed = 0 bytesProduced = 0 encryptedBuffer=[p=0,l=0,c=17408,r=0] unwrapBuffer=HeapByteBuffer@ecff91a[p=0,l=0,c=17408,r=0]={<<<>>>GET /conf...\x00\x00\x00\x00\x00\x00\x00} appBuffer=HeapByteBuffer@ecff91a[p=0,l=0,c=17408,r=0]={<<<>>>GET /conf...\x00\x00\x00\x00\x00\x00\x00}
02:10:03.388 [qtp399373008-60] DEBUG org.eclipse.jetty.io.ssl.SslConnection - <fill f=0 uf=true SslConnection@e5fe21::SocketChannelEndPoint@78b469ac{l=/127.0.0.1:33277,r=/127.0.0.1:47726,OPEN,fill=-,flush=-,to=2/30000}{io=0/0,kio=0,kro=1}->SslConnection@e5fe21{NOT_HANDSHAKING,eio=-1/-1,di=-1,fill=IDLE,flush=IDLE}~>DecryptedEndPoint@57e375bb{l=/127.0.0.1:33277,r=/127.0.0.1:47726,OPEN,fill=-,flush=-,to=44/30000}=>HttpConnection@5d990791[p=HttpParser{s=START,0 of -1},g=HttpGenerator@4ce71d2b{s=START}]=>HttpChannelOverHttp@2ffe5756{s=HttpChannelState@c418496{s=IDLE rs=BLOCKING os=OPEN is=IDLE awp=false se=false i=true al=0},r=1,c=false/false,a=IDLE,uri=null,age=0}
02:10:03.388 [qtp399373008-60] DEBUG org.eclipse.jetty.io.ssl.SslConnection - >fill SslConnection@e5fe21::SocketChannelEndPoint@78b469ac{l=/127.0.0.1:33277,r=/127.0.0.1:47726,OPEN,fill=-,flush=-,to=2/30000}{io=0/0,kio=0,kro=1}->SslConnection@e5fe21{NOT_HANDSHAKING,eio=-1/-1,di=-1,fill=IDLE,flush=IDLE}~>DecryptedEndPoint@57e375bb{l=/127.0.0.1:33277,r=/127.0.0.1:47726,OPEN,fill=-,flush=-,to=44/30000}=>HttpConnection@5d990791[p=HttpParser{s=START,0 of -1},g=HttpGenerator@4ce71d2b{s=START}]=>HttpChannelOverHttp@2ffe5756{s=HttpChannelState@c418496{s=IDLE rs=BLOCKING os=OPEN is=IDLE awp=false se=false i=true al=0},r=1,c=false/false,a=IDLE,uri=null,age=0}
02:10:03.388 [qtp399373008-60] DEBUG org.eclipse.jetty.io.ssl.SslConnection - fill NOT_HANDSHAKING
02:10:03.388 [qtp399373008-60] DEBUG org.eclipse.jetty.io.ChannelEndPoint - filled 0 HeapByteBuffer@816b3[p=0,l=0,c=17408,r=0]={<<<>>>\x17\x03\x03\x03\xAd\x0b\x00\x03\x88...\x00\x00\x00\x00\x00\x00\x00}
02:10:03.388 [qtp399373008-60] DEBUG org.eclipse.jetty.io.ssl.SslConnection - net filled=0
02:10:03.388 [qtp399373008-60] DEBUG org.eclipse.jetty.io.ssl.SslConnection - unwrap net_filled=0 Status = BUFFER_UNDERFLOW HandshakeStatus = NOT_HANDSHAKING bytesConsumed = 0 bytesProduced = 0 encryptedBuffer=[p=0,l=0,c=17408,r=0] unwrapBuffer=HeapByteBuffer@ecff91a[p=0,l=0,c=17408,r=0]={<<<>>>GET /conf...\x00\x00\x00\x00\x00\x00\x00} appBuffer=HeapByteBuffer@ecff91a[p=0,l=0,c=17408,r=0]={<<<>>>GET /conf...\x00\x00\x00\x00\x00\x00\x00}
02:10:03.388 [qtp399373008-60] DEBUG org.eclipse.jetty.io.ssl.SslConnection - <fill f=0 uf=true SslConnection@e5fe21::SocketChannelEndPoint@78b469ac{l=/127.0.0.1:33277,r=/127.0.0.1:47726,OPEN,fill=-,flush=-,to=2/30000}{io=0/0,kio=0,kro=1}->SslConnection@e5fe21{NOT_HANDSHAKING,eio=-1/-1,di=-1,fill=IDLE,flush=IDLE}~>DecryptedEndPoint@57e375bb{l=/127.0.0.1:33277,r=/127.0.0.1:47726,OPEN,fill=-,flush=-,to=44/30000}=>HttpConnection@5d990791[p=HttpParser{s=START,0 of -1},g=HttpGenerator@4ce71d2b{s=START}]=>HttpChannelOverHttp@2ffe5756{s=HttpChannelState@c418496{s=IDLE rs=BLOCKING os=OPEN is=IDLE awp=false se=false i=true al=0},r=1,c=false/false,a=IDLE,uri=null,age=0}
02:10:03.388 [qtp399373008-60] DEBUG org.eclipse.jetty.server.HttpConnection - HttpConnection@5d990791::DecryptedEndPoint@57e375bb{l=/127.0.0.1:33277,r=/127.0.0.1:47726,OPEN,fill=-,flush=-,to=44/30000} filled 0 HeapByteBuffer@ecff91a[p=0,l=0,c=17408,r=0]={<<<>>>GET /conf...\x00\x00\x00\x00\x00\x00\x00}
02:10:03.388 [qtp399373008-60] DEBUG org.eclipse.jetty.server.HttpConnection - HttpConnection@5d990791::DecryptedEndPoint@57e375bb{l=/127.0.0.1:33277,r=/127.0.0.1:47726,OPEN,fill=-,flush=-,to=44/30000} parse HeapByteBuffer@ecff91a[p=0,l=0,c=17408,r=0]={<<<>>>GET /conf...\x00\x00\x00\x00\x00\x00\x00} {}
02:10:03.388 [qtp399373008-60] DEBUG org.eclipse.jetty.http.HttpParser - parseNext s=START HeapByteBuffer@ecff91a[p=0,l=0,c=17408,r=0]={<<<>>>GET /conf...\x00\x00\x00\x00\x00\x00\x00}
02:10:03.388 [qtp399373008-60] DEBUG org.eclipse.jetty.server.HttpConnection - HttpConnection@5d990791::DecryptedEndPoint@57e375bb{l=/127.0.0.1:33277,r=/127.0.0.1:47726,OPEN,fill=-,flush=-,to=44/30000} parsed false HttpParser{s=START,0 of -1}
02:10:03.388 [qtp399373008-60] DEBUG org.eclipse.jetty.server.HttpConnection - releaseRequestBuffer HttpConnection@5d990791::DecryptedEndPoint@57e375bb{l=/127.0.0.1:33277,r=/127.0.0.1:47726,OPEN,fill=-,flush=-,to=44/30000}
02:10:03.388 [qtp399373008-60] DEBUG org.eclipse.jetty.io.AbstractConnection - fillInterested HttpConnection@5d990791::DecryptedEndPoint@57e375bb{l=/127.0.0.1:33277,r=/127.0.0.1:47726,OPEN,fill=-,flush=-,to=44/30000}
02:10:03.388 [qtp399373008-60] DEBUG org.eclipse.jetty.io.FillInterest - interested FillInterest@59d73ea9{AC.ReadCB@5d990791{HttpConnection@5d990791::DecryptedEndPoint@57e375bb{l=/127.0.0.1:33277,r=/127.0.0.1:47726,OPEN,fill=FI,flush=-,to=0/30000}}}
02:10:03.389 [qtp399373008-60] DEBUG org.eclipse.jetty.io.ssl.SslConnection - >needFillInterest s=IDLE/IDLE uf=true ei=null di=null SslConnection@e5fe21::SocketChannelEndPoint@78b469ac{l=/127.0.0.1:33277,r=/127.0.0.1:47726,OPEN,fill=-,flush=-,to=3/30000}{io=0/0,kio=0,kro=1}->SslConnection@e5fe21{NOT_HANDSHAKING,eio=-1/-1,di=-1,fill=IDLE,flush=IDLE}~>DecryptedEndPoint@57e375bb{l=/127.0.0.1:33277,r=/127.0.0.1:47726,OPEN,fill=FI,flush=-,to=0/30000}=>HttpConnection@5d990791[p=HttpParser{s=START,0 of -1},g=HttpGenerator@4ce71d2b{s=START}]=>HttpChannelOverHttp@2ffe5756{s=HttpChannelState@c418496{s=IDLE rs=BLOCKING os=OPEN is=IDLE awp=false se=false i=true al=0},r=1,c=false/false,a=IDLE,uri=null,age=0}
02:10:03.389 [qtp399373008-60] DEBUG org.eclipse.jetty.io.ssl.SslConnection - <needFillInterest s=IDLE/INTERESTED f=false i=true w=null
02:10:03.389 [qtp399373008-60] DEBUG org.eclipse.jetty.io.ssl.SslConnection - ensureFillInterested SslConnection@e5fe21::SocketChannelEndPoint@78b469ac{l=/127.0.0.1:33277,r=/127.0.0.1:47726,OPEN,fill=-,flush=-,to=3/30000}{io=0/0,kio=0,kro=1}->SslConnection@e5fe21{NOT_HANDSHAKING,eio=-1/-1,di=-1,fill=INTERESTED,flush=IDLE}~>DecryptedEndPoint@57e375bb{l=/127.0.0.1:33277,r=/127.0.0.1:47726,OPEN,fill=FI,flush=-,to=0/30000}=>HttpConnection@5d990791[p=HttpParser{s=START,0 of -1},g=HttpGenerator@4ce71d2b{s=START}]=>HttpChannelOverHttp@2ffe5756{s=HttpChannelState@c418496{s=IDLE rs=BLOCKING os=OPEN is=IDLE awp=false se=false i=true al=0},r=1,c=false/false,a=IDLE,uri=null,age=0}
02:10:03.389 [qtp399373008-60] DEBUG org.eclipse.jetty.io.FillInterest - interested FillInterest@5c2eee37{SSLC.NBReadCB@e5fe21{SslConnection@e5fe21::SocketChannelEndPoint@78b469ac{l=/127.0.0.1:33277,r=/127.0.0.1:47726,OPEN,fill=FI,flush=-,to=0/30000}{io=0/0,kio=0,kro=1}->SslConnection@e5fe21{NOT_HANDSHAKING,eio=-1/-1,di=-1,fill=INTERESTED,flush=IDLE}~>DecryptedEndPoint@57e375bb{l=/127.0.0.1:33277,r=/127.0.0.1:47726,OPEN,fill=FI,flush=-,to=0/30000}=>HttpConnection@5d990791[p=HttpParser{s=START,0 of -1},g=HttpGenerator@4ce71d2b{s=START}]=>HttpChannelOverHttp@2ffe5756{s=HttpChannelState@c418496{s=IDLE rs=BLOCKING os=OPEN is=IDLE awp=false se=false i=true al=0},r=1,c=false/false,a=IDLE,uri=null,age=0}}}
02:10:03.389 [qtp399373008-60] DEBUG org.eclipse.jetty.io.ChannelEndPoint - changeInterests p=false 0->1 for SocketChannelEndPoint@78b469ac{l=/127.0.0.1:33277,r=/127.0.0.1:47726,OPEN,fill=FI,flush=-,to=0/30000}{io=0/1,kio=0,kro=1}->SslConnection@e5fe21{NOT_HANDSHAKING,eio=-1/-1,di=-1,fill=INTERESTED,flush=IDLE}~>DecryptedEndPoint@57e375bb{l=/127.0.0.1:33277,r=/127.0.0.1:47726,OPEN,fill=FI,flush=-,to=0/30000}=>HttpConnection@5d990791[p=HttpParser{s=START,0 of -1},g=HttpGenerator@4ce71d2b{s=START}]=>HttpChannelOverHttp@2ffe5756{s=HttpChannelState@c418496{s=IDLE rs=BLOCKING os=OPEN is=IDLE awp=false se=false i=true al=0},r=1,c=false/false,a=IDLE,uri=null,age=0}
02:10:03.389 [qtp399373008-60] DEBUG org.eclipse.jetty.io.ManagedSelector - Queued change lazy=false org.eclipse.jetty.io.ChannelEndPoint$$Lambda$255/1830220082@73151765 on ManagedSelector@5733f295{STARTED} id=1 keys=2 selected=0 updates=0
02:10:03.389 [qtp399373008-60] DEBUG org.eclipse.jetty.io.ManagedSelector - Wakeup on submit ManagedSelector@5733f295{STARTED} id=1 keys=2 selected=0 updates=1
02:10:03.389 [qtp399373008-60] DEBUG org.eclipse.jetty.server.HttpConnection - HttpConnection@5d990791::DecryptedEndPoint@57e375bb{l=/127.0.0.1:33277,r=/127.0.0.1:47726,OPEN,fill=FI,flush=-,to=0/30000} onFillable exit HttpChannelState@c418496{s=IDLE rs=BLOCKING os=OPEN is=IDLE awp=false se=false i=true al=0} null
02:10:03.389 [qtp399373008-58] DEBUG org.eclipse.jetty.io.ManagedSelector - Selector sun.nio.ch.EPollSelectorImpl@79e51817 woken with none selected
02:10:03.389 [qtp399373008-58] DEBUG org.eclipse.jetty.io.ManagedSelector - Selector sun.nio.ch.EPollSelectorImpl@79e51817 woken up from select, 0/0/2 selected
02:10:03.389 [qtp399373008-58] DEBUG org.eclipse.jetty.io.ManagedSelector - Selector sun.nio.ch.EPollSelectorImpl@79e51817 processing 0 keys, 1 updates
02:10:03.389 [qtp399373008-58] DEBUG org.eclipse.jetty.io.ManagedSelector - updateable 1
02:10:03.389 [qtp399373008-58] DEBUG org.eclipse.jetty.io.ManagedSelector - update org.eclipse.jetty.io.ChannelEndPoint$$Lambda$255/1830220082@73151765
02:10:03.389 [qtp399373008-60] DEBUG org.eclipse.jetty.io.ssl.SslConnection - <c.onFillable SslConnection@e5fe21::SocketChannelEndPoint@78b469ac{l=/127.0.0.1:33277,r=/127.0.0.1:47726,OPEN,fill=FI,flush=-,to=0/30000}{io=0/1,kio=0,kro=1}->SslConnection@e5fe21{NOT_HANDSHAKING,eio=-1/-1,di=-1,fill=INTERESTED,flush=IDLE}~>DecryptedEndPoint@57e375bb{l=/127.0.0.1:33277,r=/127.0.0.1:47726,OPEN,fill=FI,flush=-,to=0/30000}=>HttpConnection@5d990791[p=HttpParser{s=START,0 of -1},g=HttpGenerator@4ce71d2b{s=START}]=>HttpChannelOverHttp@2ffe5756{s=HttpChannelState@c418496{s=IDLE rs=BLOCKING os=OPEN is=IDLE awp=false se=false i=true al=0},r=1,c=false/false,a=IDLE,uri=null,age=0}
02:10:03.389 [qtp399373008-60] DEBUG org.eclipse.jetty.util.thread.ReservedThreadExecutor - ReservedThread@361fe360{RUNNING,thread=Thread[qtp399373008-60,5,main]} was=RUNNING next=RESERVED size=0+2 capacity=8
02:10:03.389 [qtp399373008-58] DEBUG org.eclipse.jetty.io.ChannelEndPoint - Key interests updated 0 -> 1 on SocketChannelEndPoint@78b469ac{l=/127.0.0.1:33277,r=/127.0.0.1:47726,OPEN,fill=FI,flush=-,to=0/30000}{io=1/1,kio=1,kro=1}->SslConnection@e5fe21{NOT_HANDSHAKING,eio=-1/-1,di=-1,fill=INTERESTED,flush=IDLE}~>DecryptedEndPoint@57e375bb{l=/127.0.0.1:33277,r=/127.0.0.1:47726,OPEN,fill=FI,flush=-,to=0/30000}=>HttpConnection@5d990791[p=HttpParser{s=START,0 of -1},g=HttpGenerator@4ce71d2b{s=START}]=>HttpChannelOverHttp@2ffe5756{s=HttpChannelState@c418496{s=IDLE rs=BLOCKING os=OPEN is=IDLE awp=false se=false i=true al=0},r=1,c=false/false,a=IDLE,uri=null,age=0}
02:10:03.389 [qtp399373008-60] DEBUG org.eclipse.jetty.util.thread.ReservedThreadExecutor - ReservedThread@361fe360{RESERVED,thread=Thread[qtp399373008-60,5,main]} waiting ReservedThreadExecutor@424fd310{reserved=2/8,pending=0}
02:10:03.389 [qtp399373008-58] DEBUG org.eclipse.jetty.io.ManagedSelector - updates 0
02:10:03.389 [qtp399373008-58] DEBUG org.eclipse.jetty.io.ManagedSelector - Selector sun.nio.ch.EPollSelectorImpl@79e51817 waiting with 2 keys
]]></system-out>
  </testcase>
  <testcase name="testNoUpdate" classname="org.apache.nifi.minifi.bootstrap.configuration.ingestors.PullHttpChangeIngestorSSLTest" time="0.067">
    <system-out><![CDATA[02:10:03.391 [main] DEBUG org.apache.nifi.minifi.bootstrap.configuration.ingestors.PullHttpChangeIngestor - Attempting to pull new config
02:10:03.391 [qtp399373008-56-acceptor-0@53dacd14-ServerConnector@2374d36a{SSL, (ssl, http/1.1)}{localhost:33277}] DEBUG org.eclipse.jetty.io.ManagedSelector - Queued change lazy=false Accept@46f641eb[java.nio.channels.SocketChannel[connected local=/127.0.0.1:33277 remote=/127.0.0.1:47728]] on ManagedSelector@47a86fbb{STARTED} id=2 keys=1 selected=0 updates=0
02:10:03.391 [qtp399373008-56-acceptor-0@53dacd14-ServerConnector@2374d36a{SSL, (ssl, http/1.1)}{localhost:33277}] DEBUG org.eclipse.jetty.io.ManagedSelector - Wakeup on submit ManagedSelector@47a86fbb{STARTED} id=2 keys=1 selected=0 updates=1
02:10:03.392 [qtp399373008-61] DEBUG org.eclipse.jetty.io.ManagedSelector - Selector sun.nio.ch.EPollSelectorImpl@5b063887 woken with none selected
02:10:03.392 [qtp399373008-61] DEBUG org.eclipse.jetty.io.ManagedSelector - Selector sun.nio.ch.EPollSelectorImpl@5b063887 woken up from select, 0/0/1 selected
02:10:03.392 [qtp399373008-61] DEBUG org.eclipse.jetty.io.ManagedSelector - Selector sun.nio.ch.EPollSelectorImpl@5b063887 processing 0 keys, 1 updates
02:10:03.392 [qtp399373008-61] DEBUG org.eclipse.jetty.io.ManagedSelector - updateable 1
02:10:03.392 [qtp399373008-61] DEBUG org.eclipse.jetty.io.ManagedSelector - update Accept@46f641eb[java.nio.channels.SocketChannel[connected local=/127.0.0.1:33277 remote=/127.0.0.1:47728]]
02:10:03.392 [qtp399373008-61] DEBUG org.eclipse.jetty.util.thread.QueuedThreadPool - queue Accept@46f641eb[java.nio.channels.SocketChannel[connected local=/127.0.0.1:33277 remote=/127.0.0.1:47728]] startThread=0
02:10:03.392 [qtp399373008-61] DEBUG org.eclipse.jetty.io.ManagedSelector - updates 0
02:10:03.392 [qtp399373008-61] DEBUG org.eclipse.jetty.io.ManagedSelector - Selector sun.nio.ch.EPollSelectorImpl@5b063887 waiting with 2 keys
02:10:03.392 [qtp399373008-55] DEBUG org.eclipse.jetty.util.thread.QueuedThreadPool - run Accept@46f641eb[java.nio.channels.SocketChannel[connected local=/127.0.0.1:33277 remote=/127.0.0.1:47728]] in QueuedThreadPool[qtp399373008]@17cdf2d0{STARTED,8<=8<=200,i=0,r=-1,q=0}[ReservedThreadExecutor@424fd310{reserved=2/8,pending=0}]
02:10:03.392 [qtp399373008-55] DEBUG org.eclipse.jetty.io.IdleTimeout - SocketChannelEndPoint@76f4269{l=/127.0.0.1:33277,r=/127.0.0.1:47728,OPEN,fill=-,flush=-,to=0/30000}{io=0/0,kio=0,kro=0}-><null> idle timeout check, elapsed: 0 ms, remaining: 30000 ms
02:10:03.392 [qtp399373008-55] DEBUG org.eclipse.jetty.util.ssl.SslContextFactory - Customize sun.security.ssl.SSLEngineImpl@672d065b
02:10:03.392 [qtp399373008-55] DEBUG org.eclipse.jetty.server.HttpChannel - new HttpChannelOverHttp@4cd913df{s=HttpChannelState@172c8b1e{s=IDLE rs=BLOCKING os=OPEN is=IDLE awp=false se=false i=true al=0},r=0,c=false/false,a=IDLE,uri=null,age=0} -> DecryptedEndPoint@6aadff98{l=/127.0.0.1:33277,r=/127.0.0.1:47728,OPEN,fill=-,flush=-,to=0/30000},null,HttpChannelState@172c8b1e{s=IDLE rs=BLOCKING os=OPEN is=IDLE awp=false se=false i=true al=0}
02:10:03.392 [qtp399373008-55] DEBUG org.eclipse.jetty.server.HttpConnection - New HTTP Connection HttpConnection@653d2348::DecryptedEndPoint@6aadff98{l=/127.0.0.1:33277,r=/127.0.0.1:47728,OPEN,fill=-,flush=-,to=0/30000}
02:10:03.392 [qtp399373008-55] DEBUG org.eclipse.jetty.io.ManagedSelector - Queued change lazy=true org.eclipse.jetty.io.ManagedSelector$$Lambda$258/615682846@61fe83db on ManagedSelector@47a86fbb{STARTED} id=2 keys=2 selected=0 updates=0
02:10:03.393 [qtp399373008-55] DEBUG org.eclipse.jetty.io.AbstractEndPoint - onOpen SocketChannelEndPoint@76f4269{l=/127.0.0.1:33277,r=/127.0.0.1:47728,OPEN,fill=-,flush=-,to=0/30000}{io=0/0,kio=0,kro=0}->SslConnection@12f99081{NOT_HANDSHAKING,eio=-1/-1,di=-1,fill=IDLE,flush=IDLE}~>DecryptedEndPoint@6aadff98{l=/127.0.0.1:33277,r=/127.0.0.1:47728,OPEN,fill=-,flush=-,to=0/30000}=>HttpConnection@653d2348[p=HttpParser{s=START,0 of -1},g=HttpGenerator@172dec79{s=START}]=>HttpChannelOverHttp@4cd913df{s=HttpChannelState@172c8b1e{s=IDLE rs=BLOCKING os=OPEN is=IDLE awp=false se=false i=true al=0},r=0,c=false/false,a=IDLE,uri=null,age=0}
02:10:03.393 [qtp399373008-55] DEBUG org.eclipse.jetty.io.AbstractConnection - onOpen SslConnection@12f99081::SocketChannelEndPoint@76f4269{l=/127.0.0.1:33277,r=/127.0.0.1:47728,OPEN,fill=-,flush=-,to=0/30000}{io=0/0,kio=0,kro=0}->SslConnection@12f99081{NOT_HANDSHAKING,eio=-1/-1,di=-1,fill=IDLE,flush=IDLE}~>DecryptedEndPoint@6aadff98{l=/127.0.0.1:33277,r=/127.0.0.1:47728,OPEN,fill=-,flush=-,to=0/30000}=>HttpConnection@653d2348[p=HttpParser{s=START,0 of -1},g=HttpGenerator@172dec79{s=START}]=>HttpChannelOverHttp@4cd913df{s=HttpChannelState@172c8b1e{s=IDLE rs=BLOCKING os=OPEN is=IDLE awp=false se=false i=true al=0},r=0,c=false/false,a=IDLE,uri=null,age=0}
02:10:03.393 [qtp399373008-55] DEBUG org.eclipse.jetty.io.AbstractConnection - onOpen HttpConnection@653d2348::DecryptedEndPoint@6aadff98{l=/127.0.0.1:33277,r=/127.0.0.1:47728,OPEN,fill=-,flush=-,to=0/30000}
02:10:03.393 [qtp399373008-55] DEBUG org.eclipse.jetty.io.AbstractConnection - fillInterested HttpConnection@653d2348::DecryptedEndPoint@6aadff98{l=/127.0.0.1:33277,r=/127.0.0.1:47728,OPEN,fill=-,flush=-,to=0/30000}
02:10:03.393 [qtp399373008-55] DEBUG org.eclipse.jetty.io.FillInterest - interested FillInterest@1b86aab7{AC.ReadCB@653d2348{HttpConnection@653d2348::DecryptedEndPoint@6aadff98{l=/127.0.0.1:33277,r=/127.0.0.1:47728,OPEN,fill=FI,flush=-,to=0/30000}}}
02:10:03.393 [qtp399373008-55] DEBUG org.eclipse.jetty.io.ssl.SslConnection - >needFillInterest s=IDLE/IDLE uf=false ei=null di=null SslConnection@12f99081::SocketChannelEndPoint@76f4269{l=/127.0.0.1:33277,r=/127.0.0.1:47728,OPEN,fill=-,flush=-,to=0/30000}{io=0/0,kio=0,kro=0}->SslConnection@12f99081{NOT_HANDSHAKING,eio=-1/-1,di=-1,fill=IDLE,flush=IDLE}~>DecryptedEndPoint@6aadff98{l=/127.0.0.1:33277,r=/127.0.0.1:47728,OPEN,fill=FI,flush=-,to=0/30000}=>HttpConnection@653d2348[p=HttpParser{s=START,0 of -1},g=HttpGenerator@172dec79{s=START}]=>HttpChannelOverHttp@4cd913df{s=HttpChannelState@172c8b1e{s=IDLE rs=BLOCKING os=OPEN is=IDLE awp=false se=false i=true al=0},r=0,c=false/false,a=IDLE,uri=null,age=0}
02:10:03.393 [qtp399373008-55] DEBUG org.eclipse.jetty.io.ssl.SslConnection - <needFillInterest s=IDLE/INTERESTED f=false i=true w=null
02:10:03.393 [qtp399373008-55] DEBUG org.eclipse.jetty.io.ssl.SslConnection - ensureFillInterested SslConnection@12f99081::SocketChannelEndPoint@76f4269{l=/127.0.0.1:33277,r=/127.0.0.1:47728,OPEN,fill=-,flush=-,to=0/30000}{io=0/0,kio=0,kro=0}->SslConnection@12f99081{NOT_HANDSHAKING,eio=-1/-1,di=-1,fill=INTERESTED,flush=IDLE}~>DecryptedEndPoint@6aadff98{l=/127.0.0.1:33277,r=/127.0.0.1:47728,OPEN,fill=FI,flush=-,to=0/30000}=>HttpConnection@653d2348[p=HttpParser{s=START,0 of -1},g=HttpGenerator@172dec79{s=START}]=>HttpChannelOverHttp@4cd913df{s=HttpChannelState@172c8b1e{s=IDLE rs=BLOCKING os=OPEN is=IDLE awp=false se=false i=true al=0},r=0,c=false/false,a=IDLE,uri=null,age=0}
02:10:03.393 [qtp399373008-55] DEBUG org.eclipse.jetty.io.FillInterest - interested FillInterest@e730247{SSLC.NBReadCB@12f99081{SslConnection@12f99081::SocketChannelEndPoint@76f4269{l=/127.0.0.1:33277,r=/127.0.0.1:47728,OPEN,fill=FI,flush=-,to=0/30000}{io=0/0,kio=0,kro=0}->SslConnection@12f99081{NOT_HANDSHAKING,eio=-1/-1,di=-1,fill=INTERESTED,flush=IDLE}~>DecryptedEndPoint@6aadff98{l=/127.0.0.1:33277,r=/127.0.0.1:47728,OPEN,fill=FI,flush=-,to=0/30000}=>HttpConnection@653d2348[p=HttpParser{s=START,0 of -1},g=HttpGenerator@172dec79{s=START}]=>HttpChannelOverHttp@4cd913df{s=HttpChannelState@172c8b1e{s=IDLE rs=BLOCKING os=OPEN is=IDLE awp=false se=false i=true al=0},r=0,c=false/false,a=IDLE,uri=null,age=0}}}
02:10:03.393 [qtp399373008-55] DEBUG org.eclipse.jetty.io.ChannelEndPoint - changeInterests p=false 0->1 for SocketChannelEndPoint@76f4269{l=/127.0.0.1:33277,r=/127.0.0.1:47728,OPEN,fill=FI,flush=-,to=0/30000}{io=0/1,kio=0,kro=0}->SslConnection@12f99081{NOT_HANDSHAKING,eio=-1/-1,di=-1,fill=INTERESTED,flush=IDLE}~>DecryptedEndPoint@6aadff98{l=/127.0.0.1:33277,r=/127.0.0.1:47728,OPEN,fill=FI,flush=-,to=0/30000}=>HttpConnection@653d2348[p=HttpParser{s=START,0 of -1},g=HttpGenerator@172dec79{s=START}]=>HttpChannelOverHttp@4cd913df{s=HttpChannelState@172c8b1e{s=IDLE rs=BLOCKING os=OPEN is=IDLE awp=false se=false i=true al=0},r=0,c=false/false,a=IDLE,uri=null,age=0}
02:10:03.393 [qtp399373008-55] DEBUG org.eclipse.jetty.io.ManagedSelector - Queued change lazy=false org.eclipse.jetty.io.ChannelEndPoint$$Lambda$255/1830220082@5050f690 on ManagedSelector@47a86fbb{STARTED} id=2 keys=2 selected=0 updates=1
02:10:03.393 [qtp399373008-55] DEBUG org.eclipse.jetty.io.ManagedSelector - Wakeup on submit ManagedSelector@47a86fbb{STARTED} id=2 keys=2 selected=0 updates=2
02:10:03.393 [qtp399373008-61] DEBUG org.eclipse.jetty.io.ManagedSelector - Selector sun.nio.ch.EPollSelectorImpl@5b063887 woken with none selected
02:10:03.393 [qtp399373008-61] DEBUG org.eclipse.jetty.io.ManagedSelector - Selector sun.nio.ch.EPollSelectorImpl@5b063887 woken up from select, 0/0/2 selected
02:10:03.393 [qtp399373008-61] DEBUG org.eclipse.jetty.io.ManagedSelector - Selector sun.nio.ch.EPollSelectorImpl@5b063887 processing 0 keys, 2 updates
02:10:03.393 [qtp399373008-61] DEBUG org.eclipse.jetty.io.ManagedSelector - updateable 2
02:10:03.393 [qtp399373008-55] DEBUG org.eclipse.jetty.io.ManagedSelector - Created SocketChannelEndPoint@76f4269{l=/127.0.0.1:33277,r=/127.0.0.1:47728,OPEN,fill=FI,flush=-,to=0/30000}{io=0/1,kio=0,kro=0}->SslConnection@12f99081{NOT_HANDSHAKING,eio=-1/-1,di=-1,fill=INTERESTED,flush=IDLE}~>DecryptedEndPoint@6aadff98{l=/127.0.0.1:33277,r=/127.0.0.1:47728,OPEN,fill=FI,flush=-,to=0/30000}=>HttpConnection@653d2348[p=HttpParser{s=START,0 of -1},g=HttpGenerator@172dec79{s=START}]=>HttpChannelOverHttp@4cd913df{s=HttpChannelState@172c8b1e{s=IDLE rs=BLOCKING os=OPEN is=IDLE awp=false se=false i=true al=0},r=0,c=false/false,a=IDLE,uri=null,age=0}
02:10:03.393 [qtp399373008-61] DEBUG org.eclipse.jetty.io.ManagedSelector - update org.eclipse.jetty.io.ManagedSelector$$Lambda$258/615682846@61fe83db
02:10:03.393 [qtp399373008-61] DEBUG org.eclipse.jetty.io.ManagedSelector - update org.eclipse.jetty.io.ChannelEndPoint$$Lambda$255/1830220082@5050f690
02:10:03.393 [qtp399373008-55] DEBUG org.eclipse.jetty.util.thread.QueuedThreadPool - ran Accept@46f641eb[java.nio.channels.SocketChannel[connected local=/127.0.0.1:33277 remote=/127.0.0.1:47728]] in QueuedThreadPool[qtp399373008]@17cdf2d0{STARTED,8<=8<=200,i=0,r=-1,q=0}[ReservedThreadExecutor@424fd310{reserved=2/8,pending=0}]
02:10:03.394 [qtp399373008-61] DEBUG org.eclipse.jetty.io.ChannelEndPoint - Key interests updated 0 -> 1 on SocketChannelEndPoint@76f4269{l=/127.0.0.1:33277,r=/127.0.0.1:47728,OPEN,fill=FI,flush=-,to=0/30000}{io=1/1,kio=1,kro=0}->SslConnection@12f99081{NOT_HANDSHAKING,eio=-1/-1,di=-1,fill=INTERESTED,flush=IDLE}~>DecryptedEndPoint@6aadff98{l=/127.0.0.1:33277,r=/127.0.0.1:47728,OPEN,fill=FI,flush=-,to=0/30000}=>HttpConnection@653d2348[p=HttpParser{s=START,0 of -1},g=HttpGenerator@172dec79{s=START}]=>HttpChannelOverHttp@4cd913df{s=HttpChannelState@172c8b1e{s=IDLE rs=BLOCKING os=OPEN is=IDLE awp=false se=false i=true al=0},r=0,c=false/false,a=IDLE,uri=null,age=0}
02:10:03.394 [qtp399373008-61] DEBUG org.eclipse.jetty.io.ManagedSelector - updates 0
02:10:03.394 [qtp399373008-61] DEBUG org.eclipse.jetty.io.ManagedSelector - Selector sun.nio.ch.EPollSelectorImpl@5b063887 waiting with 2 keys
02:10:03.394 [qtp399373008-61] DEBUG org.eclipse.jetty.io.ManagedSelector - Selector sun.nio.ch.EPollSelectorImpl@5b063887 woken up from select, 1/1/2 selected
02:10:03.394 [qtp399373008-61] DEBUG org.eclipse.jetty.io.ManagedSelector - Selector sun.nio.ch.EPollSelectorImpl@5b063887 processing 1 keys, 0 updates
02:10:03.394 [qtp399373008-61] DEBUG org.eclipse.jetty.io.ManagedSelector - selected 1 sun.nio.ch.SelectionKeyImpl@bdb8307 SocketChannelEndPoint@76f4269{l=/127.0.0.1:33277,r=/127.0.0.1:47728,OPEN,fill=FI,flush=-,to=1/30000}{io=1/1,kio=1,kro=1}->SslConnection@12f99081{NOT_HANDSHAKING,eio=-1/-1,di=-1,fill=INTERESTED,flush=IDLE}~>DecryptedEndPoint@6aadff98{l=/127.0.0.1:33277,r=/127.0.0.1:47728,OPEN,fill=FI,flush=-,to=1/30000}=>HttpConnection@653d2348[p=HttpParser{s=START,0 of -1},g=HttpGenerator@172dec79{s=START}]=>HttpChannelOverHttp@4cd913df{s=HttpChannelState@172c8b1e{s=IDLE rs=BLOCKING os=OPEN is=IDLE awp=false se=false i=true al=0},r=0,c=false/false,a=IDLE,uri=null,age=0} 
02:10:03.394 [qtp399373008-61] DEBUG org.eclipse.jetty.io.ChannelEndPoint - onSelected 1->0 r=true w=false for SocketChannelEndPoint@76f4269{l=/127.0.0.1:33277,r=/127.0.0.1:47728,OPEN,fill=FI,flush=-,to=1/30000}{io=1/0,kio=1,kro=1}->SslConnection@12f99081{NOT_HANDSHAKING,eio=-1/-1,di=-1,fill=INTERESTED,flush=IDLE}~>DecryptedEndPoint@6aadff98{l=/127.0.0.1:33277,r=/127.0.0.1:47728,OPEN,fill=FI,flush=-,to=1/30000}=>HttpConnection@653d2348[p=HttpParser{s=START,0 of -1},g=HttpGenerator@172dec79{s=START}]=>HttpChannelOverHttp@4cd913df{s=HttpChannelState@172c8b1e{s=IDLE rs=BLOCKING os=OPEN is=IDLE awp=false se=false i=true al=0},r=0,c=false/false,a=IDLE,uri=null,age=0}
02:10:03.394 [qtp399373008-61] DEBUG org.eclipse.jetty.io.ChannelEndPoint - task CEP:SocketChannelEndPoint@76f4269{l=/127.0.0.1:33277,r=/127.0.0.1:47728,OPEN,fill=FI,flush=-,to=1/30000}{io=1/0,kio=1,kro=1}->SslConnection@12f99081{NOT_HANDSHAKING,eio=-1/-1,di=-1,fill=INTERESTED,flush=IDLE}~>DecryptedEndPoint@6aadff98{l=/127.0.0.1:33277,r=/127.0.0.1:47728,OPEN,fill=FI,flush=-,to=1/30000}=>HttpConnection@653d2348[p=HttpParser{s=START,0 of -1},g=HttpGenerator@172dec79{s=START}]=>HttpChannelOverHttp@4cd913df{s=HttpChannelState@172c8b1e{s=IDLE rs=BLOCKING os=OPEN is=IDLE awp=false se=false i=true al=0},r=0,c=false/false,a=IDLE,uri=null,age=0}:runFillable:BLOCKING
02:10:03.395 [qtp399373008-61] DEBUG org.eclipse.jetty.util.thread.ReservedThreadExecutor - ReservedThreadExecutor@424fd310{reserved=2/8,pending=0} tryExecute EatWhatYouKill@1c3146bc/SelectorProducer@56c698e3/PRODUCING/p=false/QueuedThreadPool[qtp399373008]@17cdf2d0{STARTED,8<=8<=200,i=1,r=-1,q=0}[ReservedThreadExecutor@424fd310{reserved=2/8,pending=0}][pc=0,pic=0,pec=0,epc=3]@2024-05-02T02:10:03.395+01:00
02:10:03.395 [qtp399373008-60] DEBUG org.eclipse.jetty.util.thread.ReservedThreadExecutor - ReservedThread@361fe360{RESERVED,thread=Thread[qtp399373008-60,5,main]} task=EatWhatYouKill@1c3146bc/SelectorProducer@56c698e3/IDLE/p=true/QueuedThreadPool[qtp399373008]@17cdf2d0{STARTED,8<=8<=200,i=1,r=-1,q=0}[ReservedThreadExecutor@424fd310{reserved=1/8,pending=0}][pc=0,pic=0,pec=0,epc=3]@2024-05-02T02:10:03.395+01:00 ReservedThreadExecutor@424fd310{reserved=1/8,pending=0}
02:10:03.395 [qtp399373008-61] DEBUG org.eclipse.jetty.util.thread.strategy.EatWhatYouKill - EatWhatYouKill@1c3146bc/SelectorProducer@56c698e3/IDLE/p=true/QueuedThreadPool[qtp399373008]@17cdf2d0{STARTED,8<=8<=200,i=1,r=-1,q=0}[ReservedThreadExecutor@424fd310{reserved=1/8,pending=0}][pc=0,pic=0,pec=0,epc=3]@2024-05-02T02:10:03.395+01:00 m=EXECUTE_PRODUCE_CONSUME t=CEP:SocketChannelEndPoint@76f4269{l=/127.0.0.1:33277,r=/127.0.0.1:47728,OPEN,fill=FI,flush=-,to=1/30000}{io=1/0,kio=1,kro=1}->SslConnection@12f99081{NOT_HANDSHAKING,eio=-1/-1,di=-1,fill=INTERESTED,flush=IDLE}~>DecryptedEndPoint@6aadff98{l=/127.0.0.1:33277,r=/127.0.0.1:47728,OPEN,fill=FI,flush=-,to=2/30000}=>HttpConnection@653d2348[p=HttpParser{s=START,0 of -1},g=HttpGenerator@172dec79{s=START}]=>HttpChannelOverHttp@4cd913df{s=HttpChannelState@172c8b1e{s=IDLE rs=BLOCKING os=OPEN is=IDLE awp=false se=false i=true al=0},r=0,c=false/false,a=IDLE,uri=null,age=0}:runFillable:BLOCKING/BLOCKING
02:10:03.395 [qtp399373008-60] DEBUG org.eclipse.jetty.util.thread.strategy.EatWhatYouKill - EatWhatYouKill@1c3146bc/SelectorProducer@56c698e3/IDLE/p=true/QueuedThreadPool[qtp399373008]@17cdf2d0{STARTED,8<=8<=200,i=1,r=-1,q=0}[ReservedThreadExecutor@424fd310{reserved=1/8,pending=0}][pc=0,pic=0,pec=0,epc=4]@2024-05-02T02:10:03.395+01:00 tryProduce true
02:10:03.395 [qtp399373008-60] DEBUG org.eclipse.jetty.io.ManagedSelector - updateable 0
02:10:03.395 [qtp399373008-60] DEBUG org.eclipse.jetty.io.ManagedSelector - updates 0
02:10:03.395 [qtp399373008-61] DEBUG org.eclipse.jetty.io.FillInterest - fillable FillInterest@e730247{SSLC.NBReadCB@12f99081{SslConnection@12f99081::SocketChannelEndPoint@76f4269{l=/127.0.0.1:33277,r=/127.0.0.1:47728,OPEN,fill=FI,flush=-,to=1/30000}{io=1/0,kio=1,kro=1}->SslConnection@12f99081{NOT_HANDSHAKING,eio=-1/-1,di=-1,fill=INTERESTED,flush=IDLE}~>DecryptedEndPoint@6aadff98{l=/127.0.0.1:33277,r=/127.0.0.1:47728,OPEN,fill=FI,flush=-,to=2/30000}=>HttpConnection@653d2348[p=HttpParser{s=START,0 of -1},g=HttpGenerator@172dec79{s=START}]=>HttpChannelOverHttp@4cd913df{s=HttpChannelState@172c8b1e{s=IDLE rs=BLOCKING os=OPEN is=IDLE awp=false se=false i=true al=0},r=0,c=false/false,a=IDLE,uri=null,age=0}}}
02:10:03.395 [qtp399373008-60] DEBUG org.eclipse.jetty.io.ChannelEndPoint - Key interests updated 1 -> 0 on SocketChannelEndPoint@76f4269{l=/127.0.0.1:33277,r=/127.0.0.1:47728,OPEN,fill=FI,flush=-,to=2/30000}{io=0/0,kio=0,kro=1}->SslConnection@12f99081{NOT_HANDSHAKING,eio=-1/-1,di=-1,fill=INTERESTED,flush=IDLE}~>DecryptedEndPoint@6aadff98{l=/127.0.0.1:33277,r=/127.0.0.1:47728,OPEN,fill=FI,flush=-,to=2/30000}=>HttpConnection@653d2348[p=HttpParser{s=START,0 of -1},g=HttpGenerator@172dec79{s=START}]=>HttpChannelOverHttp@4cd913df{s=HttpChannelState@172c8b1e{s=IDLE rs=BLOCKING os=OPEN is=IDLE awp=false se=false i=true al=0},r=0,c=false/false,a=IDLE,uri=null,age=0}
02:10:03.395 [qtp399373008-61] DEBUG org.eclipse.jetty.io.ssl.SslConnection - >c.onFillable SslConnection@12f99081::SocketChannelEndPoint@76f4269{l=/127.0.0.1:33277,r=/127.0.0.1:47728,OPEN,fill=-,flush=-,to=2/30000}{io=0/0,kio=0,kro=1}->SslConnection@12f99081{NOT_HANDSHAKING,eio=-1/-1,di=-1,fill=INTERESTED,flush=IDLE}~>DecryptedEndPoint@6aadff98{l=/127.0.0.1:33277,r=/127.0.0.1:47728,OPEN,fill=FI,flush=-,to=2/30000}=>HttpConnection@653d2348[p=HttpParser{s=START,0 of -1},g=HttpGenerator@172dec79{s=START}]=>HttpChannelOverHttp@4cd913df{s=HttpChannelState@172c8b1e{s=IDLE rs=BLOCKING os=OPEN is=IDLE awp=false se=false i=true al=0},r=0,c=false/false,a=IDLE,uri=null,age=0}
02:10:03.395 [qtp399373008-60] DEBUG org.eclipse.jetty.io.ManagedSelector - Selector sun.nio.ch.EPollSelectorImpl@5b063887 waiting with 2 keys
02:10:03.395 [qtp399373008-61] DEBUG org.eclipse.jetty.io.ssl.SslConnection - onFillable SslConnection@12f99081::SocketChannelEndPoint@76f4269{l=/127.0.0.1:33277,r=/127.0.0.1:47728,OPEN,fill=-,flush=-,to=2/30000}{io=0/0,kio=0,kro=1}->SslConnection@12f99081{NOT_HANDSHAKING,eio=-1/-1,di=-1,fill=INTERESTED,flush=IDLE}~>DecryptedEndPoint@6aadff98{l=/127.0.0.1:33277,r=/127.0.0.1:47728,OPEN,fill=FI,flush=-,to=2/30000}=>HttpConnection@653d2348[p=HttpParser{s=START,0 of -1},g=HttpGenerator@172dec79{s=START}]=>HttpChannelOverHttp@4cd913df{s=HttpChannelState@172c8b1e{s=IDLE rs=BLOCKING os=OPEN is=IDLE awp=false se=false i=true al=0},r=0,c=false/false,a=IDLE,uri=null,age=0}
02:10:03.395 [qtp399373008-61] DEBUG org.eclipse.jetty.io.FillInterest - fillable FillInterest@1b86aab7{AC.ReadCB@653d2348{HttpConnection@653d2348::DecryptedEndPoint@6aadff98{l=/127.0.0.1:33277,r=/127.0.0.1:47728,OPEN,fill=FI,flush=-,to=2/30000}}}
02:10:03.395 [qtp399373008-61] DEBUG org.eclipse.jetty.server.HttpConnection - HttpConnection@653d2348::DecryptedEndPoint@6aadff98{l=/127.0.0.1:33277,r=/127.0.0.1:47728,OPEN,fill=-,flush=-,to=2/30000} onFillable enter HttpChannelState@172c8b1e{s=IDLE rs=BLOCKING os=OPEN is=IDLE awp=false se=false i=true al=0} null
02:10:03.395 [qtp399373008-61] DEBUG org.eclipse.jetty.io.ssl.SslConnection - >fill SslConnection@12f99081::SocketChannelEndPoint@76f4269{l=/127.0.0.1:33277,r=/127.0.0.1:47728,OPEN,fill=-,flush=-,to=2/30000}{io=0/0,kio=0,kro=1}->SslConnection@12f99081{NOT_HANDSHAKING,eio=-1/-1,di=-1,fill=IDLE,flush=IDLE}~>DecryptedEndPoint@6aadff98{l=/127.0.0.1:33277,r=/127.0.0.1:47728,OPEN,fill=-,flush=-,to=2/30000}=>HttpConnection@653d2348[p=HttpParser{s=START,0 of -1},g=HttpGenerator@172dec79{s=START}]=>HttpChannelOverHttp@4cd913df{s=HttpChannelState@172c8b1e{s=IDLE rs=BLOCKING os=OPEN is=IDLE awp=false se=false i=true al=0},r=0,c=false/false,a=IDLE,uri=null,age=0}
02:10:03.395 [qtp399373008-61] DEBUG org.eclipse.jetty.io.ssl.SslConnection - fill NOT_HANDSHAKING
02:10:03.396 [qtp399373008-61] DEBUG org.eclipse.jetty.io.ChannelEndPoint - filled 339 HeapByteBuffer@816b3[p=0,l=339,c=17408,r=339]={<<<\x16\x03\x03\x01N\x01\x00\x01J\x03\x03\x8a{\xB7\xDc~w\xF32\xEb\xC9x\x9a\x0c\xB9...op`\x97/\x8c\xEc\x03T\x84\xC1\x0eh\x81\x07AH7\xFf\x01\x00\x01\x00>>>\xF9\xFb}{\xC0\xFag\xC6G...\x00\x00\x00\x00\x00\x00\x00}
02:10:03.396 [qtp399373008-61] DEBUG org.eclipse.jetty.io.ssl.SslConnection - net filled=339
02:10:03.396 [qtp399373008-61] DEBUG org.eclipse.jetty.io.ssl.SslConnection - fill starting handshake SslConnection@12f99081::SocketChannelEndPoint@76f4269{l=/127.0.0.1:33277,r=/127.0.0.1:47728,OPEN,fill=-,flush=-,to=0/30000}{io=0/0,kio=0,kro=1}->SslConnection@12f99081{NOT_HANDSHAKING,eio=339/-1,di=-1,fill=IDLE,flush=IDLE}~>DecryptedEndPoint@6aadff98{l=/127.0.0.1:33277,r=/127.0.0.1:47728,OPEN,fill=-,flush=-,to=3/30000}=>HttpConnection@653d2348[p=HttpParser{s=START,0 of -1},g=HttpGenerator@172dec79{s=START}]=>HttpChannelOverHttp@4cd913df{s=HttpChannelState@172c8b1e{s=IDLE rs=BLOCKING os=OPEN is=IDLE awp=false se=false i=true al=0},r=0,c=false/false,a=IDLE,uri=null,age=0}
02:10:03.396 [qtp399373008-61] DEBUG org.eclipse.jetty.io.ssl.SslConnection - unwrap net_filled=339 Status = OK HandshakeStatus = NEED_TASK bytesConsumed = 339 bytesProduced = 0 encryptedBuffer=[p=339,l=339,c=17408,r=0] unwrapBuffer=HeapByteBuffer@30c33a9d[p=0,l=0,c=17408,r=0]={<<<>>>\x17\x03\x03\x06\x85\xCbr\xC5\xB8...\x00\x00\x00\x00\x00\x00\x00} appBuffer=HeapByteBuffer@30c33a9d[p=0,l=0,c=17408,r=0]={<<<>>>\x17\x03\x03\x06\x85\xCbr\xC5\xB8...\x00\x00\x00\x00\x00\x00\x00}
02:10:03.396 [qtp399373008-61] DEBUG org.eclipse.jetty.io.ssl.SslConnection - fill NEED_TASK
02:10:03.406 [qtp399373008-61] DEBUG org.eclipse.jetty.io.ssl.SslConnection - fill NEED_WRAP
02:10:03.407 [qtp399373008-61] DEBUG org.eclipse.jetty.io.ssl.SslConnection - >flush SslConnection@12f99081::SocketChannelEndPoint@76f4269{l=/127.0.0.1:33277,r=/127.0.0.1:47728,OPEN,fill=-,flush=-,to=10/30000}{io=0/0,kio=0,kro=1}->SslConnection@12f99081{NEED_WRAP,eio=0/-1,di=-1,fill=IDLE,flush=IDLE}~>DecryptedEndPoint@6aadff98{l=/127.0.0.1:33277,r=/127.0.0.1:47728,OPEN,fill=-,flush=-,to=13/30000}=>HttpConnection@653d2348[p=HttpParser{s=START,0 of -1},g=HttpGenerator@172dec79{s=START}]=>HttpChannelOverHttp@4cd913df{s=HttpChannelState@172c8b1e{s=IDLE rs=BLOCKING os=OPEN is=IDLE awp=false se=false i=true al=0},r=0,c=false/false,a=IDLE,uri=null,age=0}
02:10:03.407 [qtp399373008-61] DEBUG org.eclipse.jetty.io.ssl.SslConnection - flush b[0]=HeapByteBuffer@58b1a525[p=0,l=0,c=0,r=0]={<<<>>>}
02:10:03.407 [qtp399373008-61] DEBUG org.eclipse.jetty.io.ssl.SslConnection - flush NEED_WRAP
02:10:03.407 [qtp399373008-61] DEBUG org.eclipse.jetty.io.ssl.SslConnection - wrap Status = OK HandshakeStatus = NEED_WRAP bytesConsumed = 0 bytesProduced = 160 [p=0,l=160,c=17408,r=160] ioDone=false/false
02:10:03.407 [qtp399373008-61] DEBUG org.eclipse.jetty.io.ChannelEndPoint - flushed 160 SocketChannelEndPoint@76f4269{l=/127.0.0.1:33277,r=/127.0.0.1:47728,OPEN,fill=-,flush=-,to=10/30000}{io=0/0,kio=0,kro=1}->SslConnection@12f99081{NEED_WRAP,eio=0/0,di=-1,fill=IDLE,flush=IDLE}~>DecryptedEndPoint@6aadff98{l=/127.0.0.1:33277,r=/127.0.0.1:47728,OPEN,fill=-,flush=-,to=13/30000}=>HttpConnection@653d2348[p=HttpParser{s=START,0 of -1},g=HttpGenerator@172dec79{s=START}]=>HttpChannelOverHttp@4cd913df{s=HttpChannelState@172c8b1e{s=IDLE rs=BLOCKING os=OPEN is=IDLE awp=false se=false i=true al=0},r=0,c=false/false,a=IDLE,uri=null,age=0}
02:10:03.407 [qtp399373008-61] DEBUG org.eclipse.jetty.io.ssl.SslConnection - net flushed=true, ac=true
02:10:03.407 [qtp399373008-61] DEBUG org.eclipse.jetty.io.ssl.SslConnection - flush NEED_WRAP
02:10:03.407 [qtp399373008-61] DEBUG org.eclipse.jetty.io.ssl.SslConnection - wrap Status = OK HandshakeStatus = NEED_WRAP bytesConsumed = 0 bytesProduced = 6 [p=0,l=6,c=17408,r=6] ioDone=false/false
02:10:03.407 [qtp399373008-61] DEBUG org.eclipse.jetty.io.ChannelEndPoint - flushed 6 SocketChannelEndPoint@76f4269{l=/127.0.0.1:33277,r=/127.0.0.1:47728,OPEN,fill=-,flush=-,to=0/30000}{io=0/0,kio=0,kro=1}->SslConnection@12f99081{NEED_WRAP,eio=0/0,di=-1,fill=IDLE,flush=IDLE}~>DecryptedEndPoint@6aadff98{l=/127.0.0.1:33277,r=/127.0.0.1:47728,OPEN,fill=-,flush=-,to=14/30000}=>HttpConnection@653d2348[p=HttpParser{s=START,0 of -1},g=HttpGenerator@172dec79{s=START}]=>HttpChannelOverHttp@4cd913df{s=HttpChannelState@172c8b1e{s=IDLE rs=BLOCKING os=OPEN is=IDLE awp=false se=false i=true al=0},r=0,c=false/false,a=IDLE,uri=null,age=0}
02:10:03.407 [qtp399373008-61] DEBUG org.eclipse.jetty.io.ssl.SslConnection - net flushed=true, ac=true
02:10:03.407 [qtp399373008-61] DEBUG org.eclipse.jetty.io.ssl.SslConnection - flush NEED_WRAP
02:10:03.407 [qtp399373008-61] DEBUG org.eclipse.jetty.io.ssl.SslConnection - wrap Status = OK HandshakeStatus = NEED_UNWRAP bytesConsumed = 0 bytesProduced = 1597 [p=0,l=1597,c=17408,r=1597] ioDone=false/false
02:10:03.407 [qtp399373008-61] DEBUG org.eclipse.jetty.io.ChannelEndPoint - flushed 1597 SocketChannelEndPoint@76f4269{l=/127.0.0.1:33277,r=/127.0.0.1:47728,OPEN,fill=-,flush=-,to=0/30000}{io=0/0,kio=0,kro=1}->SslConnection@12f99081{NEED_UNWRAP,eio=0/0,di=-1,fill=IDLE,flush=IDLE}~>DecryptedEndPoint@6aadff98{l=/127.0.0.1:33277,r=/127.0.0.1:47728,OPEN,fill=-,flush=-,to=14/30000}=>HttpConnection@653d2348[p=HttpParser{s=START,0 of -1},g=HttpGenerator@172dec79{s=START}]=>HttpChannelOverHttp@4cd913df{s=HttpChannelState@172c8b1e{s=IDLE rs=BLOCKING os=OPEN is=IDLE awp=false se=false i=true al=0},r=0,c=false/false,a=IDLE,uri=null,age=0}
02:10:03.407 [qtp399373008-61] DEBUG org.eclipse.jetty.io.ssl.SslConnection - net flushed=true, ac=true
02:10:03.408 [qtp399373008-61] DEBUG org.eclipse.jetty.io.ssl.SslConnection - <flush true SslConnection@12f99081::SocketChannelEndPoint@76f4269{l=/127.0.0.1:33277,r=/127.0.0.1:47728,OPEN,fill=-,flush=-,to=0/30000}{io=0/0,kio=0,kro=1}->SslConnection@12f99081{NEED_UNWRAP,eio=0/-1,di=-1,fill=IDLE,flush=IDLE}~>DecryptedEndPoint@6aadff98{l=/127.0.0.1:33277,r=/127.0.0.1:47728,OPEN,fill=-,flush=-,to=14/30000}=>HttpConnection@653d2348[p=HttpParser{s=START,0 of -1},g=HttpGenerator@172dec79{s=START}]=>HttpChannelOverHttp@4cd913df{s=HttpChannelState@172c8b1e{s=IDLE rs=BLOCKING os=OPEN is=IDLE awp=false se=false i=true al=0},r=0,c=false/false,a=IDLE,uri=null,age=0}
02:10:03.408 [qtp399373008-61] DEBUG org.eclipse.jetty.io.ssl.SslConnection - fill NEED_UNWRAP
02:10:03.408 [qtp399373008-61] DEBUG org.eclipse.jetty.io.ChannelEndPoint - filled 0 HeapByteBuffer@816b3[p=0,l=0,c=17408,r=0]={<<<>>>\x16\x03\x03\x01N\x01\x00\x01J...\x00\x00\x00\x00\x00\x00\x00}
02:10:03.408 [qtp399373008-61] DEBUG org.eclipse.jetty.io.ssl.SslConnection - net filled=0
02:10:03.408 [qtp399373008-61] DEBUG org.eclipse.jetty.io.ssl.SslConnection - unwrap net_filled=0 Status = BUFFER_UNDERFLOW HandshakeStatus = NEED_UNWRAP bytesConsumed = 0 bytesProduced = 0 encryptedBuffer=[p=0,l=0,c=17408,r=0] unwrapBuffer=HeapByteBuffer@30c33a9d[p=0,l=0,c=17408,r=0]={<<<>>>\x17\x03\x03\x06\x85\xCbr\xC5\xB8...\x00\x00\x00\x00\x00\x00\x00} appBuffer=HeapByteBuffer@30c33a9d[p=0,l=0,c=17408,r=0]={<<<>>>\x17\x03\x03\x06\x85\xCbr\xC5\xB8...\x00\x00\x00\x00\x00\x00\x00}
02:10:03.408 [qtp399373008-61] DEBUG org.eclipse.jetty.io.ssl.SslConnection - <fill f=0 uf=true SslConnection@12f99081::SocketChannelEndPoint@76f4269{l=/127.0.0.1:33277,r=/127.0.0.1:47728,OPEN,fill=-,flush=-,to=0/30000}{io=0/0,kio=0,kro=1}->SslConnection@12f99081{NEED_UNWRAP,eio=-1/-1,di=-1,fill=IDLE,flush=IDLE}~>DecryptedEndPoint@6aadff98{l=/127.0.0.1:33277,r=/127.0.0.1:47728,OPEN,fill=-,flush=-,to=14/30000}=>HttpConnection@653d2348[p=HttpParser{s=START,0 of -1},g=HttpGenerator@172dec79{s=START}]=>HttpChannelOverHttp@4cd913df{s=HttpChannelState@172c8b1e{s=IDLE rs=BLOCKING os=OPEN is=IDLE awp=false se=false i=true al=0},r=0,c=false/false,a=IDLE,uri=null,age=0}
02:10:03.408 [qtp399373008-61] DEBUG org.eclipse.jetty.io.ssl.SslConnection - >fill SslConnection@12f99081::SocketChannelEndPoint@76f4269{l=/127.0.0.1:33277,r=/127.0.0.1:47728,OPEN,fill=-,flush=-,to=0/30000}{io=0/0,kio=0,kro=1}->SslConnection@12f99081{NEED_UNWRAP,eio=-1/-1,di=-1,fill=IDLE,flush=IDLE}~>DecryptedEndPoint@6aadff98{l=/127.0.0.1:33277,r=/127.0.0.1:47728,OPEN,fill=-,flush=-,to=15/30000}=>HttpConnection@653d2348[p=HttpParser{s=START,0 of -1},g=HttpGenerator@172dec79{s=START}]=>HttpChannelOverHttp@4cd913df{s=HttpChannelState@172c8b1e{s=IDLE rs=BLOCKING os=OPEN is=IDLE awp=false se=false i=true al=0},r=0,c=false/false,a=IDLE,uri=null,age=0}
02:10:03.408 [qtp399373008-61] DEBUG org.eclipse.jetty.io.ssl.SslConnection - fill NEED_UNWRAP
02:10:03.408 [qtp399373008-61] DEBUG org.eclipse.jetty.io.ChannelEndPoint - filled 0 HeapByteBuffer@ecff91a[p=0,l=0,c=17408,r=0]={<<<>>>\x17\x03\x03\x068\xEeg\x10\xD4...\x00\x00\x00\x00\x00\x00\x00}
02:10:03.408 [qtp399373008-61] DEBUG org.eclipse.jetty.io.ssl.SslConnection - net filled=0
02:10:03.408 [qtp399373008-61] DEBUG org.eclipse.jetty.io.ssl.SslConnection - unwrap net_filled=0 Status = BUFFER_UNDERFLOW HandshakeStatus = NEED_UNWRAP bytesConsumed = 0 bytesProduced = 0 encryptedBuffer=[p=0,l=0,c=17408,r=0] unwrapBuffer=HeapByteBuffer@30c33a9d[p=0,l=0,c=17408,r=0]={<<<>>>\x17\x03\x03\x06\x85\xCbr\xC5\xB8...\x00\x00\x00\x00\x00\x00\x00} appBuffer=HeapByteBuffer@30c33a9d[p=0,l=0,c=17408,r=0]={<<<>>>\x17\x03\x03\x06\x85\xCbr\xC5\xB8...\x00\x00\x00\x00\x00\x00\x00}
02:10:03.408 [qtp399373008-61] DEBUG org.eclipse.jetty.io.ssl.SslConnection - <fill f=0 uf=true SslConnection@12f99081::SocketChannelEndPoint@76f4269{l=/127.0.0.1:33277,r=/127.0.0.1:47728,OPEN,fill=-,flush=-,to=0/30000}{io=0/0,kio=0,kro=1}->SslConnection@12f99081{NEED_UNWRAP,eio=-1/-1,di=-1,fill=IDLE,flush=IDLE}~>DecryptedEndPoint@6aadff98{l=/127.0.0.1:33277,r=/127.0.0.1:47728,OPEN,fill=-,flush=-,to=15/30000}=>HttpConnection@653d2348[p=HttpParser{s=START,0 of -1},g=HttpGenerator@172dec79{s=START}]=>HttpChannelOverHttp@4cd913df{s=HttpChannelState@172c8b1e{s=IDLE rs=BLOCKING os=OPEN is=IDLE awp=false se=false i=true al=0},r=0,c=false/false,a=IDLE,uri=null,age=0}
02:10:03.408 [qtp399373008-61] DEBUG org.eclipse.jetty.server.HttpConnection - HttpConnection@653d2348::DecryptedEndPoint@6aadff98{l=/127.0.0.1:33277,r=/127.0.0.1:47728,OPEN,fill=-,flush=-,to=15/30000} filled 0 HeapByteBuffer@30c33a9d[p=0,l=0,c=17408,r=0]={<<<>>>\x17\x03\x03\x06\x85\xCbr\xC5\xB8...\x00\x00\x00\x00\x00\x00\x00}
02:10:03.408 [qtp399373008-61] DEBUG org.eclipse.jetty.server.HttpConnection - HttpConnection@653d2348::DecryptedEndPoint@6aadff98{l=/127.0.0.1:33277,r=/127.0.0.1:47728,OPEN,fill=-,flush=-,to=15/30000} parse HeapByteBuffer@30c33a9d[p=0,l=0,c=17408,r=0]={<<<>>>\x17\x03\x03\x06\x85\xCbr\xC5\xB8...\x00\x00\x00\x00\x00\x00\x00} {}
02:10:03.408 [qtp399373008-61] DEBUG org.eclipse.jetty.http.HttpParser - parseNext s=START HeapByteBuffer@30c33a9d[p=0,l=0,c=17408,r=0]={<<<>>>\x17\x03\x03\x06\x85\xCbr\xC5\xB8...\x00\x00\x00\x00\x00\x00\x00}
02:10:03.408 [qtp399373008-61] DEBUG org.eclipse.jetty.server.HttpConnection - HttpConnection@653d2348::DecryptedEndPoint@6aadff98{l=/127.0.0.1:33277,r=/127.0.0.1:47728,OPEN,fill=-,flush=-,to=15/30000} parsed false HttpParser{s=START,0 of -1}
02:10:03.408 [qtp399373008-61] DEBUG org.eclipse.jetty.server.HttpConnection - releaseRequestBuffer HttpConnection@653d2348::DecryptedEndPoint@6aadff98{l=/127.0.0.1:33277,r=/127.0.0.1:47728,OPEN,fill=-,flush=-,to=15/30000}
02:10:03.408 [qtp399373008-61] DEBUG org.eclipse.jetty.io.AbstractConnection - fillInterested HttpConnection@653d2348::DecryptedEndPoint@6aadff98{l=/127.0.0.1:33277,r=/127.0.0.1:47728,OPEN,fill=-,flush=-,to=15/30000}
02:10:03.408 [qtp399373008-61] DEBUG org.eclipse.jetty.io.FillInterest - interested FillInterest@1b86aab7{AC.ReadCB@653d2348{HttpConnection@653d2348::DecryptedEndPoint@6aadff98{l=/127.0.0.1:33277,r=/127.0.0.1:47728,OPEN,fill=FI,flush=-,to=0/30000}}}
02:10:03.408 [qtp399373008-61] DEBUG org.eclipse.jetty.io.ssl.SslConnection - >needFillInterest s=IDLE/IDLE uf=true ei=null di=null SslConnection@12f99081::SocketChannelEndPoint@76f4269{l=/127.0.0.1:33277,r=/127.0.0.1:47728,OPEN,fill=-,flush=-,to=0/30000}{io=0/0,kio=0,kro=1}->SslConnection@12f99081{NEED_UNWRAP,eio=-1/-1,di=-1,fill=IDLE,flush=IDLE}~>DecryptedEndPoint@6aadff98{l=/127.0.0.1:33277,r=/127.0.0.1:47728,OPEN,fill=FI,flush=-,to=0/30000}=>HttpConnection@653d2348[p=HttpParser{s=START,0 of -1},g=HttpGenerator@172dec79{s=START}]=>HttpChannelOverHttp@4cd913df{s=HttpChannelState@172c8b1e{s=IDLE rs=BLOCKING os=OPEN is=IDLE awp=false se=false i=true al=0},r=0,c=false/false,a=IDLE,uri=null,age=0}
02:10:03.408 [qtp399373008-61] DEBUG org.eclipse.jetty.io.ssl.SslConnection - <needFillInterest s=IDLE/INTERESTED f=false i=true w=null
02:10:03.408 [qtp399373008-61] DEBUG org.eclipse.jetty.io.ssl.SslConnection - ensureFillInterested SslConnection@12f99081::SocketChannelEndPoint@76f4269{l=/127.0.0.1:33277,r=/127.0.0.1:47728,OPEN,fill=-,flush=-,to=0/30000}{io=0/0,kio=0,kro=1}->SslConnection@12f99081{NEED_UNWRAP,eio=-1/-1,di=-1,fill=INTERESTED,flush=IDLE}~>DecryptedEndPoint@6aadff98{l=/127.0.0.1:33277,r=/127.0.0.1:47728,OPEN,fill=FI,flush=-,to=0/30000}=>HttpConnection@653d2348[p=HttpParser{s=START,0 of -1},g=HttpGenerator@172dec79{s=START}]=>HttpChannelOverHttp@4cd913df{s=HttpChannelState@172c8b1e{s=IDLE rs=BLOCKING os=OPEN is=IDLE awp=false se=false i=true al=0},r=0,c=false/false,a=IDLE,uri=null,age=0}
02:10:03.409 [qtp399373008-61] DEBUG org.eclipse.jetty.io.FillInterest - interested FillInterest@e730247{SSLC.NBReadCB@12f99081{SslConnection@12f99081::SocketChannelEndPoint@76f4269{l=/127.0.0.1:33277,r=/127.0.0.1:47728,OPEN,fill=FI,flush=-,to=0/30000}{io=0/0,kio=0,kro=1}->SslConnection@12f99081{NEED_UNWRAP,eio=-1/-1,di=-1,fill=INTERESTED,flush=IDLE}~>DecryptedEndPoint@6aadff98{l=/127.0.0.1:33277,r=/127.0.0.1:47728,OPEN,fill=FI,flush=-,to=0/30000}=>HttpConnection@653d2348[p=HttpParser{s=START,0 of -1},g=HttpGenerator@172dec79{s=START}]=>HttpChannelOverHttp@4cd913df{s=HttpChannelState@172c8b1e{s=IDLE rs=BLOCKING os=OPEN is=IDLE awp=false se=false i=true al=0},r=0,c=false/false,a=IDLE,uri=null,age=0}}}
02:10:03.409 [qtp399373008-61] DEBUG org.eclipse.jetty.io.ChannelEndPoint - changeInterests p=false 0->1 for SocketChannelEndPoint@76f4269{l=/127.0.0.1:33277,r=/127.0.0.1:47728,OPEN,fill=FI,flush=-,to=0/30000}{io=0/1,kio=0,kro=1}->SslConnection@12f99081{NEED_UNWRAP,eio=-1/-1,di=-1,fill=INTERESTED,flush=IDLE}~>DecryptedEndPoint@6aadff98{l=/127.0.0.1:33277,r=/127.0.0.1:47728,OPEN,fill=FI,flush=-,to=0/30000}=>HttpConnection@653d2348[p=HttpParser{s=START,0 of -1},g=HttpGenerator@172dec79{s=START}]=>HttpChannelOverHttp@4cd913df{s=HttpChannelState@172c8b1e{s=IDLE rs=BLOCKING os=OPEN is=IDLE awp=false se=false i=true al=0},r=0,c=false/false,a=IDLE,uri=null,age=0}
02:10:03.409 [qtp399373008-61] DEBUG org.eclipse.jetty.io.ManagedSelector - Queued change lazy=false org.eclipse.jetty.io.ChannelEndPoint$$Lambda$255/1830220082@5050f690 on ManagedSelector@47a86fbb{STARTED} id=2 keys=2 selected=0 updates=0
02:10:03.409 [qtp399373008-61] DEBUG org.eclipse.jetty.io.ManagedSelector - Wakeup on submit ManagedSelector@47a86fbb{STARTED} id=2 keys=2 selected=0 updates=1
02:10:03.409 [qtp399373008-61] DEBUG org.eclipse.jetty.server.HttpConnection - HttpConnection@653d2348::DecryptedEndPoint@6aadff98{l=/127.0.0.1:33277,r=/127.0.0.1:47728,OPEN,fill=FI,flush=-,to=0/30000} onFillable exit HttpChannelState@172c8b1e{s=IDLE rs=BLOCKING os=OPEN is=IDLE awp=false se=false i=true al=0} null
02:10:03.409 [qtp399373008-60] DEBUG org.eclipse.jetty.io.ManagedSelector - Selector sun.nio.ch.EPollSelectorImpl@5b063887 woken with none selected
02:10:03.409 [qtp399373008-60] DEBUG org.eclipse.jetty.io.ManagedSelector - Selector sun.nio.ch.EPollSelectorImpl@5b063887 woken up from select, 0/0/2 selected
02:10:03.409 [qtp399373008-60] DEBUG org.eclipse.jetty.io.ManagedSelector - Selector sun.nio.ch.EPollSelectorImpl@5b063887 processing 0 keys, 1 updates
02:10:03.409 [qtp399373008-60] DEBUG org.eclipse.jetty.io.ManagedSelector - updateable 1
02:10:03.409 [qtp399373008-60] DEBUG org.eclipse.jetty.io.ManagedSelector - update org.eclipse.jetty.io.ChannelEndPoint$$Lambda$255/1830220082@5050f690
02:10:03.409 [qtp399373008-61] DEBUG org.eclipse.jetty.io.ssl.SslConnection - <c.onFillable SslConnection@12f99081::SocketChannelEndPoint@76f4269{l=/127.0.0.1:33277,r=/127.0.0.1:47728,OPEN,fill=FI,flush=-,to=0/30000}{io=0/1,kio=0,kro=1}->SslConnection@12f99081{NEED_UNWRAP,eio=-1/-1,di=-1,fill=INTERESTED,flush=IDLE}~>DecryptedEndPoint@6aadff98{l=/127.0.0.1:33277,r=/127.0.0.1:47728,OPEN,fill=FI,flush=-,to=0/30000}=>HttpConnection@653d2348[p=HttpParser{s=START,0 of -1},g=HttpGenerator@172dec79{s=START}]=>HttpChannelOverHttp@4cd913df{s=HttpChannelState@172c8b1e{s=IDLE rs=BLOCKING os=OPEN is=IDLE awp=false se=false i=true al=0},r=0,c=false/false,a=IDLE,uri=null,age=0}
02:10:03.409 [qtp399373008-61] DEBUG org.eclipse.jetty.util.thread.ReservedThreadExecutor - ReservedThread@731d7367{RUNNING,thread=Thread[qtp399373008-61,5,main]} was=RUNNING next=RESERVED size=0+2 capacity=8
02:10:03.409 [qtp399373008-61] DEBUG org.eclipse.jetty.util.thread.ReservedThreadExecutor - ReservedThread@731d7367{RESERVED,thread=Thread[qtp399373008-61,5,main]} waiting ReservedThreadExecutor@424fd310{reserved=2/8,pending=0}
02:10:03.409 [qtp399373008-60] DEBUG org.eclipse.jetty.io.ChannelEndPoint - Key interests updated 0 -> 1 on SocketChannelEndPoint@76f4269{l=/127.0.0.1:33277,r=/127.0.0.1:47728,OPEN,fill=FI,flush=-,to=0/30000}{io=1/1,kio=1,kro=1}->SslConnection@12f99081{NEED_UNWRAP,eio=-1/-1,di=-1,fill=INTERESTED,flush=IDLE}~>DecryptedEndPoint@6aadff98{l=/127.0.0.1:33277,r=/127.0.0.1:47728,OPEN,fill=FI,flush=-,to=0/30000}=>HttpConnection@653d2348[p=HttpParser{s=START,0 of -1},g=HttpGenerator@172dec79{s=START}]=>HttpChannelOverHttp@4cd913df{s=HttpChannelState@172c8b1e{s=IDLE rs=BLOCKING os=OPEN is=IDLE awp=false se=false i=true al=0},r=0,c=false/false,a=IDLE,uri=null,age=0}
02:10:03.409 [qtp399373008-60] DEBUG org.eclipse.jetty.io.ManagedSelector - updates 0
02:10:03.409 [qtp399373008-60] DEBUG org.eclipse.jetty.io.ManagedSelector - Selector sun.nio.ch.EPollSelectorImpl@5b063887 waiting with 2 keys
02:10:03.410 [qtp399373008-60] DEBUG org.eclipse.jetty.io.ManagedSelector - Selector sun.nio.ch.EPollSelectorImpl@5b063887 woken up from select, 1/1/2 selected
02:10:03.410 [qtp399373008-60] DEBUG org.eclipse.jetty.io.ManagedSelector - Selector sun.nio.ch.EPollSelectorImpl@5b063887 processing 1 keys, 0 updates
02:10:03.410 [qtp399373008-60] DEBUG org.eclipse.jetty.io.ManagedSelector - selected 1 sun.nio.ch.SelectionKeyImpl@bdb8307 SocketChannelEndPoint@76f4269{l=/127.0.0.1:33277,r=/127.0.0.1:47728,OPEN,fill=FI,flush=-,to=1/30000}{io=1/1,kio=1,kro=1}->SslConnection@12f99081{NEED_UNWRAP,eio=-1/-1,di=-1,fill=INTERESTED,flush=IDLE}~>DecryptedEndPoint@6aadff98{l=/127.0.0.1:33277,r=/127.0.0.1:47728,OPEN,fill=FI,flush=-,to=2/30000}=>HttpConnection@653d2348[p=HttpParser{s=START,0 of -1},g=HttpGenerator@172dec79{s=START}]=>HttpChannelOverHttp@4cd913df{s=HttpChannelState@172c8b1e{s=IDLE rs=BLOCKING os=OPEN is=IDLE awp=false se=false i=true al=0},r=0,c=false/false,a=IDLE,uri=null,age=0} 
02:10:03.410 [qtp399373008-60] DEBUG org.eclipse.jetty.io.ChannelEndPoint - onSelected 1->0 r=true w=false for SocketChannelEndPoint@76f4269{l=/127.0.0.1:33277,r=/127.0.0.1:47728,OPEN,fill=FI,flush=-,to=1/30000}{io=1/0,kio=1,kro=1}->SslConnection@12f99081{NEED_UNWRAP,eio=-1/-1,di=-1,fill=INTERESTED,flush=IDLE}~>DecryptedEndPoint@6aadff98{l=/127.0.0.1:33277,r=/127.0.0.1:47728,OPEN,fill=FI,flush=-,to=2/30000}=>HttpConnection@653d2348[p=HttpParser{s=START,0 of -1},g=HttpGenerator@172dec79{s=START}]=>HttpChannelOverHttp@4cd913df{s=HttpChannelState@172c8b1e{s=IDLE rs=BLOCKING os=OPEN is=IDLE awp=false se=false i=true al=0},r=0,c=false/false,a=IDLE,uri=null,age=0}
02:10:03.411 [qtp399373008-60] DEBUG org.eclipse.jetty.io.ChannelEndPoint - task CEP:SocketChannelEndPoint@76f4269{l=/127.0.0.1:33277,r=/127.0.0.1:47728,OPEN,fill=FI,flush=-,to=1/30000}{io=1/0,kio=1,kro=1}->SslConnection@12f99081{NEED_UNWRAP,eio=-1/-1,di=-1,fill=INTERESTED,flush=IDLE}~>DecryptedEndPoint@6aadff98{l=/127.0.0.1:33277,r=/127.0.0.1:47728,OPEN,fill=FI,flush=-,to=2/30000}=>HttpConnection@653d2348[p=HttpParser{s=START,0 of -1},g=HttpGenerator@172dec79{s=START}]=>HttpChannelOverHttp@4cd913df{s=HttpChannelState@172c8b1e{s=IDLE rs=BLOCKING os=OPEN is=IDLE awp=false se=false i=true al=0},r=0,c=false/false,a=IDLE,uri=null,age=0}:runFillable:BLOCKING
02:10:03.411 [qtp399373008-60] DEBUG org.eclipse.jetty.util.thread.ReservedThreadExecutor - ReservedThreadExecutor@424fd310{reserved=2/8,pending=0} tryExecute EatWhatYouKill@1c3146bc/SelectorProducer@56c698e3/PRODUCING/p=false/QueuedThreadPool[qtp399373008]@17cdf2d0{STARTED,8<=8<=200,i=1,r=-1,q=0}[ReservedThreadExecutor@424fd310{reserved=2/8,pending=0}][pc=0,pic=0,pec=0,epc=4]@2024-05-02T02:10:03.411+01:00
02:10:03.411 [qtp399373008-60] DEBUG org.eclipse.jetty.util.thread.strategy.EatWhatYouKill - EatWhatYouKill@1c3146bc/SelectorProducer@56c698e3/IDLE/p=true/QueuedThreadPool[qtp399373008]@17cdf2d0{STARTED,8<=8<=200,i=1,r=-1,q=0}[ReservedThreadExecutor@424fd310{reserved=1/8,pending=0}][pc=0,pic=0,pec=0,epc=4]@2024-05-02T02:10:03.411+01:00 m=EXECUTE_PRODUCE_CONSUME t=CEP:SocketChannelEndPoint@76f4269{l=/127.0.0.1:33277,r=/127.0.0.1:47728,OPEN,fill=FI,flush=-,to=2/30000}{io=1/0,kio=1,kro=1}->SslConnection@12f99081{NEED_UNWRAP,eio=-1/-1,di=-1,fill=INTERESTED,flush=IDLE}~>DecryptedEndPoint@6aadff98{l=/127.0.0.1:33277,r=/127.0.0.1:47728,OPEN,fill=FI,flush=-,to=2/30000}=>HttpConnection@653d2348[p=HttpParser{s=START,0 of -1},g=HttpGenerator@172dec79{s=START}]=>HttpChannelOverHttp@4cd913df{s=HttpChannelState@172c8b1e{s=IDLE rs=BLOCKING os=OPEN is=IDLE awp=false se=false i=true al=0},r=0,c=false/false,a=IDLE,uri=null,age=0}:runFillable:BLOCKING/BLOCKING
02:10:03.411 [qtp399373008-61] DEBUG org.eclipse.jetty.util.thread.ReservedThreadExecutor - ReservedThread@731d7367{RESERVED,thread=Thread[qtp399373008-61,5,main]} task=EatWhatYouKill@1c3146bc/SelectorProducer@56c698e3/IDLE/p=true/QueuedThreadPool[qtp399373008]@17cdf2d0{STARTED,8<=8<=200,i=1,r=-1,q=0}[ReservedThreadExecutor@424fd310{reserved=1/8,pending=0}][pc=0,pic=0,pec=0,epc=4]@2024-05-02T02:10:03.411+01:00 ReservedThreadExecutor@424fd310{reserved=1/8,pending=0}
02:10:03.411 [qtp399373008-60] DEBUG org.eclipse.jetty.io.FillInterest - fillable FillInterest@e730247{SSLC.NBReadCB@12f99081{SslConnection@12f99081::SocketChannelEndPoint@76f4269{l=/127.0.0.1:33277,r=/127.0.0.1:47728,OPEN,fill=FI,flush=-,to=2/30000}{io=1/0,kio=1,kro=1}->SslConnection@12f99081{NEED_UNWRAP,eio=-1/-1,di=-1,fill=INTERESTED,flush=IDLE}~>DecryptedEndPoint@6aadff98{l=/127.0.0.1:33277,r=/127.0.0.1:47728,OPEN,fill=FI,flush=-,to=2/30000}=>HttpConnection@653d2348[p=HttpParser{s=START,0 of -1},g=HttpGenerator@172dec79{s=START}]=>HttpChannelOverHttp@4cd913df{s=HttpChannelState@172c8b1e{s=IDLE rs=BLOCKING os=OPEN is=IDLE awp=false se=false i=true al=0},r=0,c=false/false,a=IDLE,uri=null,age=0}}}
02:10:03.411 [qtp399373008-61] DEBUG org.eclipse.jetty.util.thread.strategy.EatWhatYouKill - EatWhatYouKill@1c3146bc/SelectorProducer@56c698e3/IDLE/p=true/QueuedThreadPool[qtp399373008]@17cdf2d0{STARTED,8<=8<=200,i=1,r=-1,q=0}[ReservedThreadExecutor@424fd310{reserved=1/8,pending=0}][pc=0,pic=0,pec=0,epc=5]@2024-05-02T02:10:03.411+01:00 tryProduce true
02:10:03.411 [qtp399373008-60] DEBUG org.eclipse.jetty.io.ssl.SslConnection - >c.onFillable SslConnection@12f99081::SocketChannelEndPoint@76f4269{l=/127.0.0.1:33277,r=/127.0.0.1:47728,OPEN,fill=-,flush=-,to=2/30000}{io=1/0,kio=1,kro=1}->SslConnection@12f99081{NEED_UNWRAP,eio=-1/-1,di=-1,fill=INTERESTED,flush=IDLE}~>DecryptedEndPoint@6aadff98{l=/127.0.0.1:33277,r=/127.0.0.1:47728,OPEN,fill=FI,flush=-,to=2/30000}=>HttpConnection@653d2348[p=HttpParser{s=START,0 of -1},g=HttpGenerator@172dec79{s=START}]=>HttpChannelOverHttp@4cd913df{s=HttpChannelState@172c8b1e{s=IDLE rs=BLOCKING os=OPEN is=IDLE awp=false se=false i=true al=0},r=0,c=false/false,a=IDLE,uri=null,age=0}
02:10:03.411 [qtp399373008-60] DEBUG org.eclipse.jetty.io.ssl.SslConnection - onFillable SslConnection@12f99081::SocketChannelEndPoint@76f4269{l=/127.0.0.1:33277,r=/127.0.0.1:47728,OPEN,fill=-,flush=-,to=2/30000}{io=1/0,kio=1,kro=1}->SslConnection@12f99081{NEED_UNWRAP,eio=-1/-1,di=-1,fill=INTERESTED,flush=IDLE}~>DecryptedEndPoint@6aadff98{l=/127.0.0.1:33277,r=/127.0.0.1:47728,OPEN,fill=FI,flush=-,to=2/30000}=>HttpConnection@653d2348[p=HttpParser{s=START,0 of -1},g=HttpGenerator@172dec79{s=START}]=>HttpChannelOverHttp@4cd913df{s=HttpChannelState@172c8b1e{s=IDLE rs=BLOCKING os=OPEN is=IDLE awp=false se=false i=true al=0},r=0,c=false/false,a=IDLE,uri=null,age=0}
02:10:03.411 [qtp399373008-60] DEBUG org.eclipse.jetty.io.FillInterest - fillable FillInterest@1b86aab7{AC.ReadCB@653d2348{HttpConnection@653d2348::DecryptedEndPoint@6aadff98{l=/127.0.0.1:33277,r=/127.0.0.1:47728,OPEN,fill=FI,flush=-,to=3/30000}}}
02:10:03.411 [qtp399373008-60] DEBUG org.eclipse.jetty.server.HttpConnection - HttpConnection@653d2348::DecryptedEndPoint@6aadff98{l=/127.0.0.1:33277,r=/127.0.0.1:47728,OPEN,fill=-,flush=-,to=3/30000} onFillable enter HttpChannelState@172c8b1e{s=IDLE rs=BLOCKING os=OPEN is=IDLE awp=false se=false i=true al=0} null
02:10:03.411 [qtp399373008-60] DEBUG org.eclipse.jetty.io.ssl.SslConnection - >fill SslConnection@12f99081::SocketChannelEndPoint@76f4269{l=/127.0.0.1:33277,r=/127.0.0.1:47728,OPEN,fill=-,flush=-,to=2/30000}{io=1/0,kio=1,kro=1}->SslConnection@12f99081{NEED_UNWRAP,eio=-1/-1,di=-1,fill=IDLE,flush=IDLE}~>DecryptedEndPoint@6aadff98{l=/127.0.0.1:33277,r=/127.0.0.1:47728,OPEN,fill=-,flush=-,to=3/30000}=>HttpConnection@653d2348[p=HttpParser{s=START,0 of -1},g=HttpGenerator@172dec79{s=START}]=>HttpChannelOverHttp@4cd913df{s=HttpChannelState@172c8b1e{s=IDLE rs=BLOCKING os=OPEN is=IDLE awp=false se=false i=true al=0},r=0,c=false/false,a=IDLE,uri=null,age=0}
02:10:03.411 [qtp399373008-60] DEBUG org.eclipse.jetty.io.ssl.SslConnection - fill NEED_UNWRAP
02:10:03.413 [qtp399373008-61] DEBUG org.eclipse.jetty.io.ManagedSelector - updateable 0
02:10:03.414 [qtp399373008-61] DEBUG org.eclipse.jetty.io.ManagedSelector - updates 0
02:10:03.414 [qtp399373008-61] DEBUG org.eclipse.jetty.io.ChannelEndPoint - Key interests updated 1 -> 0 on SocketChannelEndPoint@76f4269{l=/127.0.0.1:33277,r=/127.0.0.1:47728,OPEN,fill=-,flush=-,to=0/30000}{io=0/0,kio=0,kro=1}->SslConnection@12f99081{NEED_UNWRAP,eio=6/-1,di=-1,fill=IDLE,flush=IDLE}~>DecryptedEndPoint@6aadff98{l=/127.0.0.1:33277,r=/127.0.0.1:47728,OPEN,fill=-,flush=-,to=5/30000}=>HttpConnection@653d2348[p=HttpParser{s=START,0 of -1},g=HttpGenerator@172dec79{s=START}]=>HttpChannelOverHttp@4cd913df{s=HttpChannelState@172c8b1e{s=IDLE rs=BLOCKING os=OPEN is=IDLE awp=false se=false i=true al=0},r=0,c=false/false,a=IDLE,uri=null,age=0}
02:10:03.414 [qtp399373008-61] DEBUG org.eclipse.jetty.io.ManagedSelector - Selector sun.nio.ch.EPollSelectorImpl@5b063887 waiting with 2 keys
02:10:03.414 [qtp399373008-60] DEBUG org.eclipse.jetty.io.ChannelEndPoint - filled 6 HeapByteBuffer@ecff91a[p=0,l=6,c=17408,r=6]={<<<\x14\x03\x03\x00\x01\x01>>>g\x10\xD4\xA9\xC04h\xC2\xD3...\x00\x00\x00\x00\x00\x00\x00}
02:10:03.414 [qtp399373008-60] DEBUG org.eclipse.jetty.io.ssl.SslConnection - net filled=6
02:10:03.414 [qtp399373008-60] DEBUG org.eclipse.jetty.io.ssl.SslConnection - unwrap net_filled=6 Status = OK HandshakeStatus = NEED_UNWRAP bytesConsumed = 6 bytesProduced = 0 encryptedBuffer=[p=6,l=6,c=17408,r=0] unwrapBuffer=HeapByteBuffer@816b3[p=0,l=0,c=17408,r=0]={<<<>>>\x16\x03\x03\x01N\x01\x00\x01J...\x00\x00\x00\x00\x00\x00\x00} appBuffer=HeapByteBuffer@816b3[p=0,l=0,c=17408,r=0]={<<<>>>\x16\x03\x03\x01N\x01\x00\x01J...\x00\x00\x00\x00\x00\x00\x00}
02:10:03.414 [qtp399373008-60] DEBUG org.eclipse.jetty.io.ssl.SslConnection - fill NEED_UNWRAP
02:10:03.414 [qtp399373008-60] DEBUG org.eclipse.jetty.io.ChannelEndPoint - filled 0 HeapByteBuffer@ecff91a[p=0,l=0,c=17408,r=0]={<<<>>>\x14\x03\x03\x00\x01\x01g\x10\xD4...\x00\x00\x00\x00\x00\x00\x00}
02:10:03.414 [qtp399373008-60] DEBUG org.eclipse.jetty.io.ssl.SslConnection - net filled=0
02:10:03.414 [qtp399373008-60] DEBUG org.eclipse.jetty.io.ssl.SslConnection - unwrap net_filled=0 Status = BUFFER_UNDERFLOW HandshakeStatus = NEED_UNWRAP bytesConsumed = 0 bytesProduced = 0 encryptedBuffer=[p=0,l=0,c=17408,r=0] unwrapBuffer=HeapByteBuffer@816b3[p=0,l=0,c=17408,r=0]={<<<>>>\x16\x03\x03\x01N\x01\x00\x01J...\x00\x00\x00\x00\x00\x00\x00} appBuffer=HeapByteBuffer@816b3[p=0,l=0,c=17408,r=0]={<<<>>>\x16\x03\x03\x01N\x01\x00\x01J...\x00\x00\x00\x00\x00\x00\x00}
02:10:03.414 [qtp399373008-60] DEBUG org.eclipse.jetty.io.ssl.SslConnection - <fill f=0 uf=true SslConnection@12f99081::SocketChannelEndPoint@76f4269{l=/127.0.0.1:33277,r=/127.0.0.1:47728,OPEN,fill=-,flush=-,to=0/30000}{io=0/0,kio=0,kro=1}->SslConnection@12f99081{NEED_UNWRAP,eio=-1/-1,di=-1,fill=IDLE,flush=IDLE}~>DecryptedEndPoint@6aadff98{l=/127.0.0.1:33277,r=/127.0.0.1:47728,OPEN,fill=-,flush=-,to=6/30000}=>HttpConnection@653d2348[p=HttpParser{s=START,0 of -1},g=HttpGenerator@172dec79{s=START}]=>HttpChannelOverHttp@4cd913df{s=HttpChannelState@172c8b1e{s=IDLE rs=BLOCKING os=OPEN is=IDLE awp=false se=false i=true al=0},r=0,c=false/false,a=IDLE,uri=null,age=0}
02:10:03.414 [qtp399373008-60] DEBUG org.eclipse.jetty.io.ssl.SslConnection - >fill SslConnection@12f99081::SocketChannelEndPoint@76f4269{l=/127.0.0.1:33277,r=/127.0.0.1:47728,OPEN,fill=-,flush=-,to=0/30000}{io=0/0,kio=0,kro=1}->SslConnection@12f99081{NEED_UNWRAP,eio=-1/-1,di=-1,fill=IDLE,flush=IDLE}~>DecryptedEndPoint@6aadff98{l=/127.0.0.1:33277,r=/127.0.0.1:47728,OPEN,fill=-,flush=-,to=6/30000}=>HttpConnection@653d2348[p=HttpParser{s=START,0 of -1},g=HttpGenerator@172dec79{s=START}]=>HttpChannelOverHttp@4cd913df{s=HttpChannelState@172c8b1e{s=IDLE rs=BLOCKING os=OPEN is=IDLE awp=false se=false i=true al=0},r=0,c=false/false,a=IDLE,uri=null,age=0}
02:10:03.414 [qtp399373008-60] DEBUG org.eclipse.jetty.io.ssl.SslConnection - fill NEED_UNWRAP
02:10:03.415 [qtp399373008-60] DEBUG org.eclipse.jetty.io.ChannelEndPoint - filled 0 HeapByteBuffer@30c33a9d[p=0,l=0,c=17408,r=0]={<<<>>>\x17\x03\x03\x06\x85\xCbr\xC5\xB8...\x00\x00\x00\x00\x00\x00\x00}
02:10:03.415 [qtp399373008-60] DEBUG org.eclipse.jetty.io.ssl.SslConnection - net filled=0
02:10:03.415 [qtp399373008-60] DEBUG org.eclipse.jetty.io.ssl.SslConnection - unwrap net_filled=0 Status = BUFFER_UNDERFLOW HandshakeStatus = NEED_UNWRAP bytesConsumed = 0 bytesProduced = 0 encryptedBuffer=[p=0,l=0,c=17408,r=0] unwrapBuffer=HeapByteBuffer@816b3[p=0,l=0,c=17408,r=0]={<<<>>>\x16\x03\x03\x01N\x01\x00\x01J...\x00\x00\x00\x00\x00\x00\x00} appBuffer=HeapByteBuffer@816b3[p=0,l=0,c=17408,r=0]={<<<>>>\x16\x03\x03\x01N\x01\x00\x01J...\x00\x00\x00\x00\x00\x00\x00}
02:10:03.415 [qtp399373008-60] DEBUG org.eclipse.jetty.io.ssl.SslConnection - <fill f=0 uf=true SslConnection@12f99081::SocketChannelEndPoint@76f4269{l=/127.0.0.1:33277,r=/127.0.0.1:47728,OPEN,fill=-,flush=-,to=0/30000}{io=0/0,kio=0,kro=1}->SslConnection@12f99081{NEED_UNWRAP,eio=-1/-1,di=-1,fill=IDLE,flush=IDLE}~>DecryptedEndPoint@6aadff98{l=/127.0.0.1:33277,r=/127.0.0.1:47728,OPEN,fill=-,flush=-,to=6/30000}=>HttpConnection@653d2348[p=HttpParser{s=START,0 of -1},g=HttpGenerator@172dec79{s=START}]=>HttpChannelOverHttp@4cd913df{s=HttpChannelState@172c8b1e{s=IDLE rs=BLOCKING os=OPEN is=IDLE awp=false se=false i=true al=0},r=0,c=false/false,a=IDLE,uri=null,age=0}
02:10:03.415 [qtp399373008-60] DEBUG org.eclipse.jetty.server.HttpConnection - HttpConnection@653d2348::DecryptedEndPoint@6aadff98{l=/127.0.0.1:33277,r=/127.0.0.1:47728,OPEN,fill=-,flush=-,to=6/30000} filled 0 HeapByteBuffer@816b3[p=0,l=0,c=17408,r=0]={<<<>>>\x16\x03\x03\x01N\x01\x00\x01J...\x00\x00\x00\x00\x00\x00\x00}
02:10:03.415 [qtp399373008-60] DEBUG org.eclipse.jetty.server.HttpConnection - HttpConnection@653d2348::DecryptedEndPoint@6aadff98{l=/127.0.0.1:33277,r=/127.0.0.1:47728,OPEN,fill=-,flush=-,to=6/30000} parse HeapByteBuffer@816b3[p=0,l=0,c=17408,r=0]={<<<>>>\x16\x03\x03\x01N\x01\x00\x01J...\x00\x00\x00\x00\x00\x00\x00} {}
02:10:03.415 [qtp399373008-60] DEBUG org.eclipse.jetty.http.HttpParser - parseNext s=START HeapByteBuffer@816b3[p=0,l=0,c=17408,r=0]={<<<>>>\x16\x03\x03\x01N\x01\x00\x01J...\x00\x00\x00\x00\x00\x00\x00}
02:10:03.415 [qtp399373008-60] DEBUG org.eclipse.jetty.server.HttpConnection - HttpConnection@653d2348::DecryptedEndPoint@6aadff98{l=/127.0.0.1:33277,r=/127.0.0.1:47728,OPEN,fill=-,flush=-,to=6/30000} parsed false HttpParser{s=START,0 of -1}
02:10:03.415 [qtp399373008-60] DEBUG org.eclipse.jetty.server.HttpConnection - releaseRequestBuffer HttpConnection@653d2348::DecryptedEndPoint@6aadff98{l=/127.0.0.1:33277,r=/127.0.0.1:47728,OPEN,fill=-,flush=-,to=6/30000}
02:10:03.415 [qtp399373008-60] DEBUG org.eclipse.jetty.io.AbstractConnection - fillInterested HttpConnection@653d2348::DecryptedEndPoint@6aadff98{l=/127.0.0.1:33277,r=/127.0.0.1:47728,OPEN,fill=-,flush=-,to=6/30000}
02:10:03.415 [qtp399373008-60] DEBUG org.eclipse.jetty.io.FillInterest - interested FillInterest@1b86aab7{AC.ReadCB@653d2348{HttpConnection@653d2348::DecryptedEndPoint@6aadff98{l=/127.0.0.1:33277,r=/127.0.0.1:47728,OPEN,fill=FI,flush=-,to=0/30000}}}
02:10:03.415 [qtp399373008-60] DEBUG org.eclipse.jetty.io.ssl.SslConnection - >needFillInterest s=IDLE/IDLE uf=true ei=null di=null SslConnection@12f99081::SocketChannelEndPoint@76f4269{l=/127.0.0.1:33277,r=/127.0.0.1:47728,OPEN,fill=-,flush=-,to=1/30000}{io=0/0,kio=0,kro=1}->SslConnection@12f99081{NEED_UNWRAP,eio=-1/-1,di=-1,fill=IDLE,flush=IDLE}~>DecryptedEndPoint@6aadff98{l=/127.0.0.1:33277,r=/127.0.0.1:47728,OPEN,fill=FI,flush=-,to=0/30000}=>HttpConnection@653d2348[p=HttpParser{s=START,0 of -1},g=HttpGenerator@172dec79{s=START}]=>HttpChannelOverHttp@4cd913df{s=HttpChannelState@172c8b1e{s=IDLE rs=BLOCKING os=OPEN is=IDLE awp=false se=false i=true al=0},r=0,c=false/false,a=IDLE,uri=null,age=0}
02:10:03.415 [qtp399373008-60] DEBUG org.eclipse.jetty.io.ssl.SslConnection - <needFillInterest s=IDLE/INTERESTED f=false i=true w=null
02:10:03.415 [qtp399373008-60] DEBUG org.eclipse.jetty.io.ssl.SslConnection - ensureFillInterested SslConnection@12f99081::SocketChannelEndPoint@76f4269{l=/127.0.0.1:33277,r=/127.0.0.1:47728,OPEN,fill=-,flush=-,to=1/30000}{io=0/0,kio=0,kro=1}->SslConnection@12f99081{NEED_UNWRAP,eio=-1/-1,di=-1,fill=INTERESTED,flush=IDLE}~>DecryptedEndPoint@6aadff98{l=/127.0.0.1:33277,r=/127.0.0.1:47728,OPEN,fill=FI,flush=-,to=0/30000}=>HttpConnection@653d2348[p=HttpParser{s=START,0 of -1},g=HttpGenerator@172dec79{s=START}]=>HttpChannelOverHttp@4cd913df{s=HttpChannelState@172c8b1e{s=IDLE rs=BLOCKING os=OPEN is=IDLE awp=false se=false i=true al=0},r=0,c=false/false,a=IDLE,uri=null,age=0}
02:10:03.415 [qtp399373008-60] DEBUG org.eclipse.jetty.io.FillInterest - interested FillInterest@e730247{SSLC.NBReadCB@12f99081{SslConnection@12f99081::SocketChannelEndPoint@76f4269{l=/127.0.0.1:33277,r=/127.0.0.1:47728,OPEN,fill=FI,flush=-,to=0/30000}{io=0/0,kio=0,kro=1}->SslConnection@12f99081{NEED_UNWRAP,eio=-1/-1,di=-1,fill=INTERESTED,flush=IDLE}~>DecryptedEndPoint@6aadff98{l=/127.0.0.1:33277,r=/127.0.0.1:47728,OPEN,fill=FI,flush=-,to=0/30000}=>HttpConnection@653d2348[p=HttpParser{s=START,0 of -1},g=HttpGenerator@172dec79{s=START}]=>HttpChannelOverHttp@4cd913df{s=HttpChannelState@172c8b1e{s=IDLE rs=BLOCKING os=OPEN is=IDLE awp=false se=false i=true al=0},r=0,c=false/false,a=IDLE,uri=null,age=0}}}
02:10:03.415 [qtp399373008-60] DEBUG org.eclipse.jetty.io.ChannelEndPoint - changeInterests p=false 0->1 for SocketChannelEndPoint@76f4269{l=/127.0.0.1:33277,r=/127.0.0.1:47728,OPEN,fill=FI,flush=-,to=0/30000}{io=0/1,kio=0,kro=1}->SslConnection@12f99081{NEED_UNWRAP,eio=-1/-1,di=-1,fill=INTERESTED,flush=IDLE}~>DecryptedEndPoint@6aadff98{l=/127.0.0.1:33277,r=/127.0.0.1:47728,OPEN,fill=FI,flush=-,to=0/30000}=>HttpConnection@653d2348[p=HttpParser{s=START,0 of -1},g=HttpGenerator@172dec79{s=START}]=>HttpChannelOverHttp@4cd913df{s=HttpChannelState@172c8b1e{s=IDLE rs=BLOCKING os=OPEN is=IDLE awp=false se=false i=true al=0},r=0,c=false/false,a=IDLE,uri=null,age=0}
02:10:03.415 [qtp399373008-60] DEBUG org.eclipse.jetty.io.ManagedSelector - Queued change lazy=false org.eclipse.jetty.io.ChannelEndPoint$$Lambda$255/1830220082@5050f690 on ManagedSelector@47a86fbb{STARTED} id=2 keys=2 selected=0 updates=0
02:10:03.415 [qtp399373008-60] DEBUG org.eclipse.jetty.io.ManagedSelector - Wakeup on submit ManagedSelector@47a86fbb{STARTED} id=2 keys=2 selected=0 updates=1
02:10:03.415 [qtp399373008-60] DEBUG org.eclipse.jetty.server.HttpConnection - HttpConnection@653d2348::DecryptedEndPoint@6aadff98{l=/127.0.0.1:33277,r=/127.0.0.1:47728,OPEN,fill=FI,flush=-,to=0/30000} onFillable exit HttpChannelState@172c8b1e{s=IDLE rs=BLOCKING os=OPEN is=IDLE awp=false se=false i=true al=0} null
02:10:03.415 [qtp399373008-60] DEBUG org.eclipse.jetty.io.ssl.SslConnection - <c.onFillable SslConnection@12f99081::SocketChannelEndPoint@76f4269{l=/127.0.0.1:33277,r=/127.0.0.1:47728,OPEN,fill=FI,flush=-,to=0/30000}{io=0/1,kio=0,kro=1}->SslConnection@12f99081{NEED_UNWRAP,eio=-1/-1,di=-1,fill=INTERESTED,flush=IDLE}~>DecryptedEndPoint@6aadff98{l=/127.0.0.1:33277,r=/127.0.0.1:47728,OPEN,fill=FI,flush=-,to=0/30000}=>HttpConnection@653d2348[p=HttpParser{s=START,0 of -1},g=HttpGenerator@172dec79{s=START}]=>HttpChannelOverHttp@4cd913df{s=HttpChannelState@172c8b1e{s=IDLE rs=BLOCKING os=OPEN is=IDLE awp=false se=false i=true al=0},r=0,c=false/false,a=IDLE,uri=null,age=0}
02:10:03.415 [qtp399373008-60] DEBUG org.eclipse.jetty.util.thread.ReservedThreadExecutor - ReservedThread@361fe360{RUNNING,thread=Thread[qtp399373008-60,5,main]} was=RUNNING next=RESERVED size=0+2 capacity=8
02:10:03.415 [qtp399373008-60] DEBUG org.eclipse.jetty.util.thread.ReservedThreadExecutor - ReservedThread@361fe360{RESERVED,thread=Thread[qtp399373008-60,5,main]} waiting ReservedThreadExecutor@424fd310{reserved=2/8,pending=0}
02:10:03.416 [qtp399373008-61] DEBUG org.eclipse.jetty.io.ManagedSelector - Selector sun.nio.ch.EPollSelectorImpl@5b063887 woken with none selected
02:10:03.416 [qtp399373008-61] DEBUG org.eclipse.jetty.io.ManagedSelector - Selector sun.nio.ch.EPollSelectorImpl@5b063887 woken up from select, 0/0/2 selected
02:10:03.416 [qtp399373008-61] DEBUG org.eclipse.jetty.io.ManagedSelector - Selector sun.nio.ch.EPollSelectorImpl@5b063887 processing 0 keys, 1 updates
02:10:03.416 [qtp399373008-61] DEBUG org.eclipse.jetty.io.ManagedSelector - updateable 1
02:10:03.416 [qtp399373008-61] DEBUG org.eclipse.jetty.io.ManagedSelector - update org.eclipse.jetty.io.ChannelEndPoint$$Lambda$255/1830220082@5050f690
02:10:03.416 [qtp399373008-61] DEBUG org.eclipse.jetty.io.ChannelEndPoint - Key interests updated 0 -> 1 on SocketChannelEndPoint@76f4269{l=/127.0.0.1:33277,r=/127.0.0.1:47728,OPEN,fill=FI,flush=-,to=0/30000}{io=1/1,kio=1,kro=1}->SslConnection@12f99081{NEED_UNWRAP,eio=-1/-1,di=-1,fill=INTERESTED,flush=IDLE}~>DecryptedEndPoint@6aadff98{l=/127.0.0.1:33277,r=/127.0.0.1:47728,OPEN,fill=FI,flush=-,to=0/30000}=>HttpConnection@653d2348[p=HttpParser{s=START,0 of -1},g=HttpGenerator@172dec79{s=START}]=>HttpChannelOverHttp@4cd913df{s=HttpChannelState@172c8b1e{s=IDLE rs=BLOCKING os=OPEN is=IDLE awp=false se=false i=true al=0},r=0,c=false/false,a=IDLE,uri=null,age=0}
02:10:03.416 [qtp399373008-61] DEBUG org.eclipse.jetty.io.ManagedSelector - updates 0
02:10:03.416 [qtp399373008-61] DEBUG org.eclipse.jetty.io.ManagedSelector - Selector sun.nio.ch.EPollSelectorImpl@5b063887 waiting with 2 keys
02:10:03.453 [qtp399373008-61] DEBUG org.eclipse.jetty.io.ManagedSelector - Selector sun.nio.ch.EPollSelectorImpl@5b063887 woken up from select, 1/1/2 selected
02:10:03.453 [qtp399373008-61] DEBUG org.eclipse.jetty.io.ManagedSelector - Selector sun.nio.ch.EPollSelectorImpl@5b063887 processing 1 keys, 0 updates
02:10:03.453 [qtp399373008-61] DEBUG org.eclipse.jetty.io.ManagedSelector - selected 1 sun.nio.ch.SelectionKeyImpl@bdb8307 SocketChannelEndPoint@76f4269{l=/127.0.0.1:33277,r=/127.0.0.1:47728,OPEN,fill=FI,flush=-,to=37/30000}{io=1/1,kio=1,kro=1}->SslConnection@12f99081{NEED_UNWRAP,eio=-1/-1,di=-1,fill=INTERESTED,flush=IDLE}~>DecryptedEndPoint@6aadff98{l=/127.0.0.1:33277,r=/127.0.0.1:47728,OPEN,fill=FI,flush=-,to=38/30000}=>HttpConnection@653d2348[p=HttpParser{s=START,0 of -1},g=HttpGenerator@172dec79{s=START}]=>HttpChannelOverHttp@4cd913df{s=HttpChannelState@172c8b1e{s=IDLE rs=BLOCKING os=OPEN is=IDLE awp=false se=false i=true al=0},r=0,c=false/false,a=IDLE,uri=null,age=0} 
02:10:03.453 [qtp399373008-61] DEBUG org.eclipse.jetty.io.ChannelEndPoint - onSelected 1->0 r=true w=false for SocketChannelEndPoint@76f4269{l=/127.0.0.1:33277,r=/127.0.0.1:47728,OPEN,fill=FI,flush=-,to=37/30000}{io=1/0,kio=1,kro=1}->SslConnection@12f99081{NEED_UNWRAP,eio=-1/-1,di=-1,fill=INTERESTED,flush=IDLE}~>DecryptedEndPoint@6aadff98{l=/127.0.0.1:33277,r=/127.0.0.1:47728,OPEN,fill=FI,flush=-,to=38/30000}=>HttpConnection@653d2348[p=HttpParser{s=START,0 of -1},g=HttpGenerator@172dec79{s=START}]=>HttpChannelOverHttp@4cd913df{s=HttpChannelState@172c8b1e{s=IDLE rs=BLOCKING os=OPEN is=IDLE awp=false se=false i=true al=0},r=0,c=false/false,a=IDLE,uri=null,age=0}
02:10:03.453 [qtp399373008-61] DEBUG org.eclipse.jetty.io.ChannelEndPoint - task CEP:SocketChannelEndPoint@76f4269{l=/127.0.0.1:33277,r=/127.0.0.1:47728,OPEN,fill=FI,flush=-,to=37/30000}{io=1/0,kio=1,kro=1}->SslConnection@12f99081{NEED_UNWRAP,eio=-1/-1,di=-1,fill=INTERESTED,flush=IDLE}~>DecryptedEndPoint@6aadff98{l=/127.0.0.1:33277,r=/127.0.0.1:47728,OPEN,fill=FI,flush=-,to=38/30000}=>HttpConnection@653d2348[p=HttpParser{s=START,0 of -1},g=HttpGenerator@172dec79{s=START}]=>HttpChannelOverHttp@4cd913df{s=HttpChannelState@172c8b1e{s=IDLE rs=BLOCKING os=OPEN is=IDLE awp=false se=false i=true al=0},r=0,c=false/false,a=IDLE,uri=null,age=0}:runFillable:BLOCKING
02:10:03.453 [qtp399373008-61] DEBUG org.eclipse.jetty.util.thread.ReservedThreadExecutor - ReservedThreadExecutor@424fd310{reserved=2/8,pending=0} tryExecute EatWhatYouKill@1c3146bc/SelectorProducer@56c698e3/PRODUCING/p=false/QueuedThreadPool[qtp399373008]@17cdf2d0{STARTED,8<=8<=200,i=1,r=-1,q=0}[ReservedThreadExecutor@424fd310{reserved=2/8,pending=0}][pc=0,pic=0,pec=0,epc=5]@2024-05-02T02:10:03.453+01:00
02:10:03.453 [qtp399373008-61] DEBUG org.eclipse.jetty.util.thread.strategy.EatWhatYouKill - EatWhatYouKill@1c3146bc/SelectorProducer@56c698e3/IDLE/p=true/QueuedThreadPool[qtp399373008]@17cdf2d0{STARTED,8<=8<=200,i=1,r=-1,q=0}[ReservedThreadExecutor@424fd310{reserved=1/8,pending=0}][pc=0,pic=0,pec=0,epc=5]@2024-05-02T02:10:03.453+01:00 m=EXECUTE_PRODUCE_CONSUME t=CEP:SocketChannelEndPoint@76f4269{l=/127.0.0.1:33277,r=/127.0.0.1:47728,OPEN,fill=FI,flush=-,to=38/30000}{io=1/0,kio=1,kro=1}->SslConnection@12f99081{NEED_UNWRAP,eio=-1/-1,di=-1,fill=INTERESTED,flush=IDLE}~>DecryptedEndPoint@6aadff98{l=/127.0.0.1:33277,r=/127.0.0.1:47728,OPEN,fill=FI,flush=-,to=38/30000}=>HttpConnection@653d2348[p=HttpParser{s=START,0 of -1},g=HttpGenerator@172dec79{s=START}]=>HttpChannelOverHttp@4cd913df{s=HttpChannelState@172c8b1e{s=IDLE rs=BLOCKING os=OPEN is=IDLE awp=false se=false i=true al=0},r=0,c=false/false,a=IDLE,uri=null,age=0}:runFillable:BLOCKING/BLOCKING
02:10:03.453 [qtp399373008-60] DEBUG org.eclipse.jetty.util.thread.ReservedThreadExecutor - ReservedThread@361fe360{RESERVED,thread=Thread[qtp399373008-60,5,main]} task=EatWhatYouKill@1c3146bc/SelectorProducer@56c698e3/IDLE/p=true/QueuedThreadPool[qtp399373008]@17cdf2d0{STARTED,8<=8<=200,i=1,r=-1,q=0}[ReservedThreadExecutor@424fd310{reserved=1/8,pending=0}][pc=0,pic=0,pec=0,epc=5]@2024-05-02T02:10:03.453+01:00 ReservedThreadExecutor@424fd310{reserved=1/8,pending=0}
02:10:03.453 [qtp399373008-61] DEBUG org.eclipse.jetty.io.FillInterest - fillable FillInterest@e730247{SSLC.NBReadCB@12f99081{SslConnection@12f99081::SocketChannelEndPoint@76f4269{l=/127.0.0.1:33277,r=/127.0.0.1:47728,OPEN,fill=FI,flush=-,to=38/30000}{io=1/0,kio=1,kro=1}->SslConnection@12f99081{NEED_UNWRAP,eio=-1/-1,di=-1,fill=INTERESTED,flush=IDLE}~>DecryptedEndPoint@6aadff98{l=/127.0.0.1:33277,r=/127.0.0.1:47728,OPEN,fill=FI,flush=-,to=38/30000}=>HttpConnection@653d2348[p=HttpParser{s=START,0 of -1},g=HttpGenerator@172dec79{s=START}]=>HttpChannelOverHttp@4cd913df{s=HttpChannelState@172c8b1e{s=IDLE rs=BLOCKING os=OPEN is=IDLE awp=false se=false i=true al=0},r=0,c=false/false,a=IDLE,uri=null,age=0}}}
02:10:03.454 [qtp399373008-61] DEBUG org.eclipse.jetty.io.ssl.SslConnection - >c.onFillable SslConnection@12f99081::SocketChannelEndPoint@76f4269{l=/127.0.0.1:33277,r=/127.0.0.1:47728,OPEN,fill=-,flush=-,to=38/30000}{io=1/0,kio=1,kro=1}->SslConnection@12f99081{NEED_UNWRAP,eio=-1/-1,di=-1,fill=INTERESTED,flush=IDLE}~>DecryptedEndPoint@6aadff98{l=/127.0.0.1:33277,r=/127.0.0.1:47728,OPEN,fill=FI,flush=-,to=38/30000}=>HttpConnection@653d2348[p=HttpParser{s=START,0 of -1},g=HttpGenerator@172dec79{s=START}]=>HttpChannelOverHttp@4cd913df{s=HttpChannelState@172c8b1e{s=IDLE rs=BLOCKING os=OPEN is=IDLE awp=false se=false i=true al=0},r=0,c=false/false,a=IDLE,uri=null,age=0}
02:10:03.454 [qtp399373008-61] DEBUG org.eclipse.jetty.io.ssl.SslConnection - onFillable SslConnection@12f99081::SocketChannelEndPoint@76f4269{l=/127.0.0.1:33277,r=/127.0.0.1:47728,OPEN,fill=-,flush=-,to=38/30000}{io=1/0,kio=1,kro=1}->SslConnection@12f99081{NEED_UNWRAP,eio=-1/-1,di=-1,fill=INTERESTED,flush=IDLE}~>DecryptedEndPoint@6aadff98{l=/127.0.0.1:33277,r=/127.0.0.1:47728,OPEN,fill=FI,flush=-,to=38/30000}=>HttpConnection@653d2348[p=HttpParser{s=START,0 of -1},g=HttpGenerator@172dec79{s=START}]=>HttpChannelOverHttp@4cd913df{s=HttpChannelState@172c8b1e{s=IDLE rs=BLOCKING os=OPEN is=IDLE awp=false se=false i=true al=0},r=0,c=false/false,a=IDLE,uri=null,age=0}
02:10:03.454 [qtp399373008-61] DEBUG org.eclipse.jetty.io.FillInterest - fillable FillInterest@1b86aab7{AC.ReadCB@653d2348{HttpConnection@653d2348::DecryptedEndPoint@6aadff98{l=/127.0.0.1:33277,r=/127.0.0.1:47728,OPEN,fill=FI,flush=-,to=38/30000}}}
02:10:03.454 [qtp399373008-60] DEBUG org.eclipse.jetty.util.thread.strategy.EatWhatYouKill - EatWhatYouKill@1c3146bc/SelectorProducer@56c698e3/IDLE/p=true/QueuedThreadPool[qtp399373008]@17cdf2d0{STARTED,8<=8<=200,i=1,r=-1,q=0}[ReservedThreadExecutor@424fd310{reserved=1/8,pending=0}][pc=0,pic=0,pec=0,epc=6]@2024-05-02T02:10:03.453+01:00 tryProduce true
02:10:03.454 [qtp399373008-61] DEBUG org.eclipse.jetty.server.HttpConnection - HttpConnection@653d2348::DecryptedEndPoint@6aadff98{l=/127.0.0.1:33277,r=/127.0.0.1:47728,OPEN,fill=-,flush=-,to=38/30000} onFillable enter HttpChannelState@172c8b1e{s=IDLE rs=BLOCKING os=OPEN is=IDLE awp=false se=false i=true al=0} null
02:10:03.454 [qtp399373008-60] DEBUG org.eclipse.jetty.io.ManagedSelector - updateable 0
02:10:03.454 [qtp399373008-60] DEBUG org.eclipse.jetty.io.ManagedSelector - updates 0
02:10:03.454 [qtp399373008-61] DEBUG org.eclipse.jetty.io.ssl.SslConnection - >fill SslConnection@12f99081::SocketChannelEndPoint@76f4269{l=/127.0.0.1:33277,r=/127.0.0.1:47728,OPEN,fill=-,flush=-,to=38/30000}{io=1/0,kio=1,kro=1}->SslConnection@12f99081{NEED_UNWRAP,eio=-1/-1,di=-1,fill=IDLE,flush=IDLE}~>DecryptedEndPoint@6aadff98{l=/127.0.0.1:33277,r=/127.0.0.1:47728,OPEN,fill=-,flush=-,to=38/30000}=>HttpConnection@653d2348[p=HttpParser{s=START,0 of -1},g=HttpGenerator@172dec79{s=START}]=>HttpChannelOverHttp@4cd913df{s=HttpChannelState@172c8b1e{s=IDLE rs=BLOCKING os=OPEN is=IDLE awp=false se=false i=true al=0},r=0,c=false/false,a=IDLE,uri=null,age=0}
02:10:03.454 [qtp399373008-61] DEBUG org.eclipse.jetty.io.ssl.SslConnection - fill NEED_UNWRAP
02:10:03.454 [qtp399373008-60] DEBUG org.eclipse.jetty.io.ChannelEndPoint - Key interests updated 1 -> 0 on SocketChannelEndPoint@76f4269{l=/127.0.0.1:33277,r=/127.0.0.1:47728,OPEN,fill=-,flush=-,to=38/30000}{io=0/0,kio=0,kro=1}->SslConnection@12f99081{NEED_UNWRAP,eio=-1/-1,di=-1,fill=IDLE,flush=IDLE}~>DecryptedEndPoint@6aadff98{l=/127.0.0.1:33277,r=/127.0.0.1:47728,OPEN,fill=-,flush=-,to=38/30000}=>HttpConnection@653d2348[p=HttpParser{s=START,0 of -1},g=HttpGenerator@172dec79{s=START}]=>HttpChannelOverHttp@4cd913df{s=HttpChannelState@172c8b1e{s=IDLE rs=BLOCKING os=OPEN is=IDLE awp=false se=false i=true al=0},r=0,c=false/false,a=IDLE,uri=null,age=0}
02:10:03.454 [qtp399373008-60] DEBUG org.eclipse.jetty.io.ManagedSelector - Selector sun.nio.ch.EPollSelectorImpl@5b063887 waiting with 2 keys
02:10:03.454 [qtp399373008-61] DEBUG org.eclipse.jetty.io.ChannelEndPoint - filled 1491 HeapByteBuffer@30c33a9d[p=0,l=1491,c=17408,r=1491]={<<<\x17\x03\x03\x03\xAd\xC7"MZ\x07\xA0\xD3\x04\xD9\x9d\xDe\xEe\xC6W\xF4\xFd\x9d\xF1\xE8\x91...K\x877\xB4\xC8\xE1\x90\xA1\xD5 0N\x05\xDe,\x0f\x7f \x95\xF2m\x9c\x17>>>\x01\xA1\xA5\xA2/\xFf\x96_p...\x00\x00\x00\x00\x00\x00\x00}
02:10:03.454 [qtp399373008-61] DEBUG org.eclipse.jetty.io.ssl.SslConnection - net filled=1491
02:10:03.454 [qtp399373008-61] DEBUG org.eclipse.jetty.io.ssl.SslConnection - unwrap net_filled=1491 Status = OK HandshakeStatus = NEED_TASK bytesConsumed = 946 bytesProduced = 0 encryptedBuffer=[p=946,l=1491,c=17408,r=545] unwrapBuffer=HeapByteBuffer@ecff91a[p=0,l=0,c=17408,r=0]={<<<>>>\x14\x03\x03\x00\x01\x01g\x10\xD4...\x00\x00\x00\x00\x00\x00\x00} appBuffer=HeapByteBuffer@ecff91a[p=0,l=0,c=17408,r=0]={<<<>>>\x14\x03\x03\x00\x01\x01g\x10\xD4...\x00\x00\x00\x00\x00\x00\x00}
02:10:03.454 [qtp399373008-61] DEBUG org.eclipse.jetty.io.ssl.SslConnection - fill NEED_TASK
02:10:03.454 [qtp399373008-61] DEBUG org.eclipse.jetty.io.ssl.SslConnection - fill NEED_UNWRAP
02:10:03.454 [qtp399373008-61] DEBUG org.eclipse.jetty.io.ChannelEndPoint - filled 0 HeapByteBuffer@30c33a9d[p=946,l=1491,c=17408,r=545]={\x17\x03\x03\x03\xAd\x0b\x00\x03\x88...~\xEe\xEf\x7f\xE2\xD7\x05<<<\x17\x03\x03\x01)\x9bx}\x969-\xAb9\x82\x18\x8em7B\xFe%qe\x84\xC0...K\x877\xB4\xC8\xE1\x90\xA1\xD5 0N\x05\xDe,\x0f\x7f \x95\xF2m\x9c\x17>>>\x01\xA1\xA5\xA2/\xFf\x96_p...\x00\x00\x00\x00\x00\x00\x00}
02:10:03.454 [qtp399373008-61] DEBUG org.eclipse.jetty.io.ssl.SslConnection - net filled=0
02:10:03.454 [qtp399373008-61] DEBUG org.eclipse.jetty.io.ssl.SslConnection - unwrap net_filled=0 Status = OK HandshakeStatus = NEED_TASK bytesConsumed = 302 bytesProduced = 0 encryptedBuffer=[p=1248,l=1491,c=17408,r=243] unwrapBuffer=HeapByteBuffer@ecff91a[p=0,l=0,c=17408,r=0]={<<<>>>\x14\x03\x03\x00\x01\x01g\x10\xD4...\x00\x00\x00\x00\x00\x00\x00} appBuffer=HeapByteBuffer@ecff91a[p=0,l=0,c=17408,r=0]={<<<>>>\x14\x03\x03\x00\x01\x01g\x10\xD4...\x00\x00\x00\x00\x00\x00\x00}
02:10:03.454 [qtp399373008-61] DEBUG org.eclipse.jetty.io.ssl.SslConnection - fill NEED_TASK
02:10:03.454 [qtp399373008-61] DEBUG org.eclipse.jetty.io.ssl.SslConnection - fill NEED_UNWRAP
02:10:03.454 [qtp399373008-61] DEBUG org.eclipse.jetty.io.ChannelEndPoint - filled 0 HeapByteBuffer@30c33a9d[p=1248,l=1491,c=17408,r=243]={\x17\x03\x03\x03\xAd\x0b\x00\x03\x88.../\xB5\x1d\x14`\xB0o<<<\x17\x03\x03\x00U:\xC1\xFe\xAc\xC9'\xCb'\x07\x8ann\x8dr$A\xE5?\x0b\xEa...K\x877\xB4\xC8\xE1\x90\xA1\xD5 0N\x05\xDe,\x0f\x7f \x95\xF2m\x9c\x17>>>\x01\xA1\xA5\xA2/\xFf\x96_p...\x00\x00\x00\x00\x00\x00\x00}
02:10:03.454 [qtp399373008-61] DEBUG org.eclipse.jetty.io.ssl.SslConnection - net filled=0
02:10:03.455 [qtp399373008-61] DEBUG org.eclipse.jetty.io.ssl.SslConnection - unwrap net_filled=0 Status = OK HandshakeStatus = NEED_WRAP bytesConsumed = 90 bytesProduced = 0 encryptedBuffer=[p=1338,l=1491,c=17408,r=153] unwrapBuffer=HeapByteBuffer@ecff91a[p=0,l=0,c=17408,r=0]={<<<>>>\x14\x03\x03\x00\x01\x01g\x10\xD4...\x00\x00\x00\x00\x00\x00\x00} appBuffer=HeapByteBuffer@ecff91a[p=0,l=0,c=17408,r=0]={<<<>>>\x14\x03\x03\x00\x01\x01g\x10\xD4...\x00\x00\x00\x00\x00\x00\x00}
02:10:03.455 [qtp399373008-61] DEBUG org.eclipse.jetty.io.ssl.SslConnection - fill NEED_WRAP
02:10:03.455 [qtp399373008-61] DEBUG org.eclipse.jetty.io.ssl.SslConnection - >flush SslConnection@12f99081::SocketChannelEndPoint@76f4269{l=/127.0.0.1:33277,r=/127.0.0.1:47728,OPEN,fill=-,flush=-,to=1/30000}{io=0/0,kio=0,kro=1}->SslConnection@12f99081{NEED_WRAP,eio=153/-1,di=-1,fill=IDLE,flush=IDLE}~>DecryptedEndPoint@6aadff98{l=/127.0.0.1:33277,r=/127.0.0.1:47728,OPEN,fill=-,flush=-,to=40/30000}=>HttpConnection@653d2348[p=HttpParser{s=START,0 of -1},g=HttpGenerator@172dec79{s=START}]=>HttpChannelOverHttp@4cd913df{s=HttpChannelState@172c8b1e{s=IDLE rs=BLOCKING os=OPEN is=IDLE awp=false se=false i=true al=0},r=0,c=false/false,a=IDLE,uri=null,age=0}
02:10:03.455 [qtp399373008-61] DEBUG org.eclipse.jetty.io.ssl.SslConnection - flush b[0]=HeapByteBuffer@58b1a525[p=0,l=0,c=0,r=0]={<<<>>>}
02:10:03.455 [qtp399373008-61] DEBUG org.eclipse.jetty.io.ssl.SslConnection - flush NEED_WRAP
02:10:03.455 [qtp399373008-61] DEBUG org.eclipse.jetty.io.ssl.SslConnection - wrap Status = OK HandshakeStatus = FINISHED bytesConsumed = 0 bytesProduced = 88 [p=0,l=88,c=17408,r=88] ioDone=false/false
02:10:03.455 [qtp399373008-61] DEBUG org.eclipse.jetty.io.ChannelEndPoint - flushed 88 SocketChannelEndPoint@76f4269{l=/127.0.0.1:33277,r=/127.0.0.1:47728,OPEN,fill=-,flush=-,to=1/30000}{io=0/0,kio=0,kro=1}->SslConnection@12f99081{NOT_HANDSHAKING,eio=153/0,di=-1,fill=IDLE,flush=IDLE}~>DecryptedEndPoint@6aadff98{l=/127.0.0.1:33277,r=/127.0.0.1:47728,OPEN,fill=-,flush=-,to=40/30000}=>HttpConnection@653d2348[p=HttpParser{s=START,0 of -1},g=HttpGenerator@172dec79{s=START}]=>HttpChannelOverHttp@4cd913df{s=HttpChannelState@172c8b1e{s=IDLE rs=BLOCKING os=OPEN is=IDLE awp=false se=false i=true al=0},r=0,c=false/false,a=IDLE,uri=null,age=0}
02:10:03.455 [qtp399373008-61] DEBUG org.eclipse.jetty.io.ssl.SslConnection - net flushed=true, ac=true
02:10:03.455 [qtp399373008-61] DEBUG org.eclipse.jetty.io.ssl.SslConnection - handshake succeeded SslConnection@12f99081::SocketChannelEndPoint@76f4269{l=/127.0.0.1:33277,r=/127.0.0.1:47728,OPEN,fill=-,flush=-,to=0/30000}{io=0/0,kio=0,kro=1}->SslConnection@12f99081{NOT_HANDSHAKING,eio=153/0,di=-1,fill=IDLE,flush=IDLE}~>DecryptedEndPoint@6aadff98{l=/127.0.0.1:33277,r=/127.0.0.1:47728,OPEN,fill=-,flush=-,to=40/30000}=>HttpConnection@653d2348[p=HttpParser{s=START,0 of -1},g=HttpGenerator@172dec79{s=START}]=>HttpChannelOverHttp@4cd913df{s=HttpChannelState@172c8b1e{s=IDLE rs=BLOCKING os=OPEN is=IDLE awp=false se=false i=true al=0},r=0,c=false/false,a=IDLE,uri=null,age=0} resumed server TLSv1.3/TLS_AES_256_GCM_SHA384
02:10:03.455 [qtp399373008-61] DEBUG org.eclipse.jetty.io.ssl.SslConnection - <flush true SslConnection@12f99081::SocketChannelEndPoint@76f4269{l=/127.0.0.1:33277,r=/127.0.0.1:47728,OPEN,fill=-,flush=-,to=0/30000}{io=0/0,kio=0,kro=1}->SslConnection@12f99081{NOT_HANDSHAKING,eio=153/-1,di=-1,fill=IDLE,flush=IDLE}~>DecryptedEndPoint@6aadff98{l=/127.0.0.1:33277,r=/127.0.0.1:47728,OPEN,fill=-,flush=-,to=40/30000}=>HttpConnection@653d2348[p=HttpParser{s=START,0 of -1},g=HttpGenerator@172dec79{s=START}]=>HttpChannelOverHttp@4cd913df{s=HttpChannelState@172c8b1e{s=IDLE rs=BLOCKING os=OPEN is=IDLE awp=false se=false i=true al=0},r=0,c=false/false,a=IDLE,uri=null,age=0}
02:10:03.455 [qtp399373008-61] DEBUG org.eclipse.jetty.io.ssl.SslConnection - fill NOT_HANDSHAKING
02:10:03.455 [qtp399373008-61] DEBUG org.eclipse.jetty.io.ChannelEndPoint - filled 0 HeapByteBuffer@30c33a9d[p=1338,l=1491,c=17408,r=153]={\x17\x03\x03\x03\xAd\x0b\x00\x03\x88...\x12\x0f\x17\x86\xA4\xE4\x95<<<\x17\x03\x03\x00\x94\x1e\x91\x1b\xA9\xEa\xA5\xF0z\xA9\xD2O\\\xE0\x96\xB4\xB0\xEfo\x14\x90...K\x877\xB4\xC8\xE1\x90\xA1\xD5 0N\x05\xDe,\x0f\x7f \x95\xF2m\x9c\x17>>>\x01\xA1\xA5\xA2/\xFf\x96_p...\x00\x00\x00\x00\x00\x00\x00}
02:10:03.455 [qtp399373008-61] DEBUG org.eclipse.jetty.io.ssl.SslConnection - net filled=0
02:10:03.455 [qtp399373008-61] DEBUG org.eclipse.jetty.io.ssl.SslConnection - unwrap net_filled=0 Status = OK HandshakeStatus = NOT_HANDSHAKING bytesConsumed = 153 bytesProduced = 115 encryptedBuffer=[p=1491,l=1491,c=17408,r=0] unwrapBuffer=HeapByteBuffer@ecff91a[p=0,l=115,c=17408,r=115]={<<<GET / HTTP/1.1\r\nHost: loc...gent: okhttp/3.12.3\r\n\r\n>>>\x90\xCb\x0f\xB7\x1c8"\xDb\x17...\x00\x00\x00\x00\x00\x00\x00} appBuffer=HeapByteBuffer@ecff91a[p=0,l=115,c=17408,r=115]={<<<GET / HTTP/1.1\r\nHost: loc...gent: okhttp/3.12.3\r\n\r\n>>>\x90\xCb\x0f\xB7\x1c8"\xDb\x17...\x00\x00\x00\x00\x00\x00\x00}
02:10:03.455 [qtp399373008-61] DEBUG org.eclipse.jetty.io.ssl.SslConnection - <fill f=115 uf=false SslConnection@12f99081::SocketChannelEndPoint@76f4269{l=/127.0.0.1:33277,r=/127.0.0.1:47728,OPEN,fill=-,flush=-,to=0/30000}{io=0/0,kio=0,kro=1}->SslConnection@12f99081{NOT_HANDSHAKING,eio=-1/-1,di=-1,fill=IDLE,flush=IDLE}~>DecryptedEndPoint@6aadff98{l=/127.0.0.1:33277,r=/127.0.0.1:47728,OPEN,fill=-,flush=-,to=40/30000}=>HttpConnection@653d2348[p=HttpParser{s=START,0 of -1},g=HttpGenerator@172dec79{s=START}]=>HttpChannelOverHttp@4cd913df{s=HttpChannelState@172c8b1e{s=IDLE rs=BLOCKING os=OPEN is=IDLE awp=false se=false i=true al=0},r=0,c=false/false,a=IDLE,uri=null,age=0}
02:10:03.456 [qtp399373008-61] DEBUG org.eclipse.jetty.server.HttpConnection - HttpConnection@653d2348::DecryptedEndPoint@6aadff98{l=/127.0.0.1:33277,r=/127.0.0.1:47728,OPEN,fill=-,flush=-,to=40/30000} filled 115 HeapByteBuffer@ecff91a[p=0,l=115,c=17408,r=115]={<<<GET / HTTP/1.1\r\nHost: loc...gent: okhttp/3.12.3\r\n\r\n>>>\x90\xCb\x0f\xB7\x1c8"\xDb\x17...\x00\x00\x00\x00\x00\x00\x00}
02:10:03.456 [qtp399373008-61] DEBUG org.eclipse.jetty.server.HttpConnection - HttpConnection@653d2348::DecryptedEndPoint@6aadff98{l=/127.0.0.1:33277,r=/127.0.0.1:47728,OPEN,fill=-,flush=-,to=40/30000} parse HeapByteBuffer@ecff91a[p=0,l=115,c=17408,r=115]={<<<GET / HTTP/1.1\r\nHost: loc...gent: okhttp/3.12.3\r\n\r\n>>>\x90\xCb\x0f\xB7\x1c8"\xDb\x17...\x00\x00\x00\x00\x00\x00\x00} {}
02:10:03.456 [qtp399373008-61] DEBUG org.eclipse.jetty.http.HttpParser - parseNext s=START HeapByteBuffer@ecff91a[p=0,l=115,c=17408,r=115]={<<<GET / HTTP/1.1\r\nHost: loc...gent: okhttp/3.12.3\r\n\r\n>>>\x90\xCb\x0f\xB7\x1c8"\xDb\x17...\x00\x00\x00\x00\x00\x00\x00}
02:10:03.456 [qtp399373008-61] DEBUG org.eclipse.jetty.http.HttpParser - START --> SPACE1
02:10:03.456 [qtp399373008-61] DEBUG org.eclipse.jetty.http.HttpParser - SPACE1 --> URI
02:10:03.456 [qtp399373008-61] DEBUG org.eclipse.jetty.http.HttpParser - URI --> SPACE2
02:10:03.456 [qtp399373008-61] DEBUG org.eclipse.jetty.http.HttpParser - SPACE2 --> REQUEST_VERSION
02:10:03.456 [qtp399373008-61] DEBUG org.eclipse.jetty.http.HttpParser - REQUEST_VERSION --> HEADER
02:10:03.456 [qtp399373008-61] DEBUG org.eclipse.jetty.http.HttpParser - HEADER:Host --> VALUE
02:10:03.456 [qtp399373008-61] DEBUG org.eclipse.jetty.http.HttpParser - HEADER:Host --> IN_VALUE
02:10:03.456 [qtp399373008-61] DEBUG org.eclipse.jetty.http.HttpParser - HEADER:Host --> FIELD
02:10:03.456 [qtp399373008-61] DEBUG org.eclipse.jetty.http.HttpParser - HEADER:Connection: keep-alive --> IN_VALUE
02:10:03.456 [qtp399373008-61] DEBUG org.eclipse.jetty.http.HttpParser - HEADER:Connection: keep-alive --> FIELD
02:10:03.456 [qtp399373008-61] DEBUG org.eclipse.jetty.http.HttpParser - HEADER:Accept-Encoding: gzip --> IN_VALUE
02:10:03.456 [qtp399373008-61] DEBUG org.eclipse.jetty.http.HttpParser - HEADER:Accept-Encoding: gzip --> FIELD
02:10:03.456 [qtp399373008-61] DEBUG org.eclipse.jetty.http.HttpParser - HEADER:User-Agent --> VALUE
02:10:03.456 [qtp399373008-61] DEBUG org.eclipse.jetty.http.HttpParser - HEADER:User-Agent --> IN_VALUE
02:10:03.456 [qtp399373008-61] DEBUG org.eclipse.jetty.http.HttpParser - HEADER:User-Agent --> FIELD
02:10:03.456 [qtp399373008-61] DEBUG org.eclipse.jetty.http.HttpParser - HEADER --> CONTENT
02:10:03.456 [qtp399373008-61] DEBUG org.eclipse.jetty.server.HttpChannel - REQUEST for //localhost:33277/ on HttpChannelOverHttp@4cd913df{s=HttpChannelState@172c8b1e{s=IDLE rs=BLOCKING os=OPEN is=IDLE awp=false se=false i=true al=0},r=1,c=false/false,a=IDLE,uri=//localhost:33277/,age=0}
GET //localhost:33277/ HTTP/1.1
Host: localhost:33277
Connection: keep-alive
Accept-Encoding: gzip
User-Agent: okhttp/3.12.3


02:10:03.456 [qtp399373008-61] DEBUG org.eclipse.jetty.server.HttpConnection - HttpConnection@653d2348::DecryptedEndPoint@6aadff98{l=/127.0.0.1:33277,r=/127.0.0.1:47728,OPEN,fill=-,flush=-,to=40/30000} parsed true HttpParser{s=CONTENT,0 of -1}
02:10:03.456 [qtp399373008-61] DEBUG org.eclipse.jetty.server.HttpConnection - releaseRequestBuffer HttpConnection@653d2348::DecryptedEndPoint@6aadff98{l=/127.0.0.1:33277,r=/127.0.0.1:47728,OPEN,fill=-,flush=-,to=40/30000}
02:10:03.456 [qtp399373008-61] DEBUG org.eclipse.jetty.server.HttpChannel - handle //localhost:33277/ HttpChannelOverHttp@4cd913df{s=HttpChannelState@172c8b1e{s=IDLE rs=BLOCKING os=OPEN is=IDLE awp=false se=false i=true al=0},r=1,c=false/false,a=IDLE,uri=//localhost:33277/,age=0} 
02:10:03.456 [qtp399373008-61] DEBUG org.eclipse.jetty.server.HttpChannelState - handling HttpChannelState@172c8b1e{s=IDLE rs=BLOCKING os=OPEN is=IDLE awp=false se=false i=true al=0}
02:10:03.456 [qtp399373008-61] DEBUG org.eclipse.jetty.server.HttpChannel - action DISPATCH HttpChannelOverHttp@4cd913df{s=HttpChannelState@172c8b1e{s=HANDLING rs=BLOCKING os=OPEN is=IDLE awp=false se=false i=true al=0},r=1,c=false/false,a=HANDLING,uri=//localhost:33277/,age=0}
02:10:03.456 [qtp399373008-61] DEBUG org.eclipse.jetty.server.SecureRequestCustomizer - Host localhost with SNI null
02:10:03.456 [qtp399373008-61] DEBUG org.eclipse.jetty.server.Server - REQUEST GET / on HttpChannelOverHttp@4cd913df{s=HttpChannelState@172c8b1e{s=HANDLING rs=BLOCKING os=OPEN is=IDLE awp=false se=false i=true al=0},r=1,c=false/false,a=HANDLING,uri=https://localhost:33277/,age=0}
02:10:03.456 [qtp399373008-61] DEBUG org.eclipse.jetty.server.HttpOutput - write(array HeapByteBuffer@5d13d46e[p=0,l=4,c=512,r=4]={<<<test>>>\x00\x00\x00\x00\x00\x00\x00\x00\x00...\x00\x00\x00\x00\x00\x00\x00})
02:10:03.456 [qtp399373008-61] DEBUG org.eclipse.jetty.server.HttpOutput - write(array) s=CLOSING,api=BLOCKED,sc=false,e=null last=true agg=false flush=true async=false, len=4 null
02:10:03.456 [qtp399373008-61] DEBUG org.eclipse.jetty.server.HttpChannel - sendResponse info=null content=HeapByteBuffer@7db04e62[p=0,l=4,c=512,r=4]={<<<test>>>\x00\x00\x00\x00\x00\x00\x00\x00\x00...\x00\x00\x00\x00\x00\x00\x00} complete=true committing=true callback=Blocker@485aa2c2{null}
02:10:03.456 [qtp399373008-61] DEBUG org.eclipse.jetty.server.HttpChannel - COMMIT for / on HttpChannelOverHttp@4cd913df{s=HttpChannelState@172c8b1e{s=HANDLING rs=BLOCKING os=COMMITTED is=IDLE awp=false se=false i=true al=0},r=1,c=false/false,a=HANDLING,uri=https://localhost:33277/,age=0}
200 null HTTP/1.1
Date: Thu, 02 May 2024 01:10:03 GMT
ETag: testEtag
Content-Type: text/plain;charset=utf-8
Content-Length: 4


02:10:03.456 [qtp399373008-61] DEBUG org.eclipse.jetty.server.HttpConnection - generate: NEED_HEADER for SendCallback@1fced375[PROCESSING][i=HTTP/1.1{s=200,h=4,cl=4},cb=org.eclipse.jetty.server.HttpChannel$SendCallback@5c3dc446] (null,[p=0,l=4,c=512,r=4],true)@START
02:10:03.456 [qtp399373008-61] DEBUG org.eclipse.jetty.http.HttpGenerator - generateHeaders HTTP/1.1{s=200,h=4,cl=4} last=true content=HeapByteBuffer@7db04e62[p=0,l=4,c=512,r=4]={<<<test>>>\x00\x00\x00\x00\x00\x00\x00\x00\x00...\x00\x00\x00\x00\x00\x00\x00}
02:10:03.456 [qtp399373008-61] DEBUG org.eclipse.jetty.http.HttpGenerator - Date: Thu, 02 May 2024 01:10:03 GMT
ETag: testEtag
Content-Type: text/plain;charset=utf-8
Content-Length: 4


02:10:03.456 [qtp399373008-61] DEBUG org.eclipse.jetty.http.HttpGenerator - CONTENT_LENGTH
02:10:03.456 [qtp399373008-61] DEBUG org.eclipse.jetty.server.HttpConnection - generate: FLUSH for SendCallback@1fced375[PROCESSING][i=HTTP/1.1{s=200,h=4,cl=4},cb=org.eclipse.jetty.server.HttpChannel$SendCallback@5c3dc446] ([p=0,l=164,c=8192,r=164],[p=0,l=4,c=512,r=4],true)@COMPLETING
02:10:03.456 [qtp399373008-61] DEBUG org.eclipse.jetty.io.WriteFlusher - write: WriteFlusher@238152fd{IDLE}->null [HeapByteBuffer@57345db1[p=0,l=164,c=8192,r=164]={<<<HTTP/1.1 200 OK\r\nDate: Th...y(9.4.44.v20210927)\r\n\r\n>>>\n\r\n\x00\x00\x00\x00\x00\x00...\x00\x00\x00\x00\x00\x00\x00},HeapByteBuffer@7db04e62[p=0,l=4,c=512,r=4]={<<<test>>>\x00\x00\x00\x00\x00\x00\x00\x00\x00...\x00\x00\x00\x00\x00\x00\x00}]
02:10:03.456 [qtp399373008-61] DEBUG org.eclipse.jetty.io.WriteFlusher - update WriteFlusher@238152fd{WRITING}->null:IDLE-->WRITING
02:10:03.456 [qtp399373008-61] DEBUG org.eclipse.jetty.io.ssl.SslConnection - >flush SslConnection@12f99081::SocketChannelEndPoint@76f4269{l=/127.0.0.1:33277,r=/127.0.0.1:47728,OPEN,fill=-,flush=-,to=1/30000}{io=0/0,kio=0,kro=1}->SslConnection@12f99081{NOT_HANDSHAKING,eio=-1/-1,di=-1,fill=IDLE,flush=IDLE}~>DecryptedEndPoint@6aadff98{l=/127.0.0.1:33277,r=/127.0.0.1:47728,OPEN,fill=-,flush=W,to=41/30000}=>HttpConnection@653d2348[p=HttpParser{s=CONTENT,0 of -1},g=HttpGenerator@172dec79{s=COMPLETING}]=>HttpChannelOverHttp@4cd913df{s=HttpChannelState@172c8b1e{s=HANDLING rs=BLOCKING os=COMMITTED is=IDLE awp=false se=false i=true al=0},r=1,c=false/false,a=HANDLING,uri=https://localhost:33277/,age=0}
02:10:03.456 [qtp399373008-61] DEBUG org.eclipse.jetty.io.ssl.SslConnection - flush b[0]=HeapByteBuffer@57345db1[p=0,l=164,c=8192,r=164]={<<<HTTP/1.1 200 OK\r\nDate: Th...y(9.4.44.v20210927)\r\n\r\n>>>\n\r\n\x00\x00\x00\x00\x00\x00...\x00\x00\x00\x00\x00\x00\x00}
02:10:03.456 [qtp399373008-61] DEBUG org.eclipse.jetty.io.ssl.SslConnection - flush b[1]=HeapByteBuffer@7db04e62[p=0,l=4,c=512,r=4]={<<<test>>>\x00\x00\x00\x00\x00\x00\x00\x00\x00...\x00\x00\x00\x00\x00\x00\x00}
02:10:03.456 [qtp399373008-61] DEBUG org.eclipse.jetty.io.ssl.SslConnection - flush NOT_HANDSHAKING
02:10:03.456 [qtp399373008-61] DEBUG org.eclipse.jetty.io.ssl.SslConnection - wrap Status = OK HandshakeStatus = NOT_HANDSHAKING bytesConsumed = 168 bytesProduced = 206 [p=0,l=206,c=17408,r=206] ioDone=false/false
02:10:03.456 [qtp399373008-61] DEBUG org.eclipse.jetty.io.ChannelEndPoint - flushed 206 SocketChannelEndPoint@76f4269{l=/127.0.0.1:33277,r=/127.0.0.1:47728,OPEN,fill=-,flush=-,to=1/30000}{io=0/0,kio=0,kro=1}->SslConnection@12f99081{NOT_HANDSHAKING,eio=-1/0,di=-1,fill=IDLE,flush=IDLE}~>DecryptedEndPoint@6aadff98{l=/127.0.0.1:33277,r=/127.0.0.1:47728,OPEN,fill=-,flush=W,to=41/30000}=>HttpConnection@653d2348[p=HttpParser{s=CONTENT,0 of -1},g=HttpGenerator@172dec79{s=COMPLETING}]=>HttpChannelOverHttp@4cd913df{s=HttpChannelState@172c8b1e{s=HANDLING rs=BLOCKING os=COMMITTED is=IDLE awp=false se=false i=true al=0},r=1,c=false/false,a=HANDLING,uri=https://localhost:33277/,age=0}
02:10:03.457 [qtp399373008-61] DEBUG org.eclipse.jetty.io.ssl.SslConnection - net flushed=true, ac=true
02:10:03.457 [qtp399373008-61] DEBUG org.eclipse.jetty.io.ssl.SslConnection - <flush true SslConnection@12f99081::SocketChannelEndPoint@76f4269{l=/127.0.0.1:33277,r=/127.0.0.1:47728,OPEN,fill=-,flush=-,to=0/30000}{io=0/0,kio=0,kro=1}->SslConnection@12f99081{NOT_HANDSHAKING,eio=-1/-1,di=-1,fill=IDLE,flush=IDLE}~>DecryptedEndPoint@6aadff98{l=/127.0.0.1:33277,r=/127.0.0.1:47728,OPEN,fill=-,flush=W,to=41/30000}=>HttpConnection@653d2348[p=HttpParser{s=CONTENT,0 of -1},g=HttpGenerator@172dec79{s=COMPLETING}]=>HttpChannelOverHttp@4cd913df{s=HttpChannelState@172c8b1e{s=HANDLING rs=BLOCKING os=COMMITTED is=IDLE awp=false se=false i=true al=0},r=1,c=false/false,a=HANDLING,uri=https://localhost:33277/,age=1}
02:10:03.457 [qtp399373008-61] DEBUG org.eclipse.jetty.io.WriteFlusher - Flushed=true written=168 remaining=0 WriteFlusher@238152fd{WRITING}->null
02:10:03.457 [qtp399373008-61] DEBUG org.eclipse.jetty.io.WriteFlusher - update WriteFlusher@238152fd{IDLE}->null:WRITING-->IDLE
02:10:03.457 [qtp399373008-61] DEBUG org.eclipse.jetty.server.HttpConnection - generate: DONE for SendCallback@1fced375[PROCESSING][i=HTTP/1.1{s=200,h=4,cl=4},cb=org.eclipse.jetty.server.HttpChannel$SendCallback@5c3dc446] ([p=164,l=164,c=8192,r=0],[p=4,l=4,c=512,r=0],true)@END
02:10:03.457 [qtp399373008-61] DEBUG org.eclipse.jetty.server.HttpOutput - onWriteComplete(true,null) s=CLOSING,api=BLOCKED,sc=false,e=null->s=CLOSED,api=BLOCKING,sc=false,e=null c=null cb=null w=false
02:10:03.457 [main] DEBUG org.apache.nifi.minifi.bootstrap.configuration.ingestors.PullHttpChangeIngestor - Response received: Response{protocol=http/1.1, code=200, message=OK, url=https://localhost:33277/}
02:10:03.457 [qtp399373008-61] DEBUG org.eclipse.jetty.server.HttpOutput - close() s=CLOSED,api=BLOCKING,sc=false,e=null c=null b=null
02:10:03.457 [qtp399373008-61] DEBUG org.eclipse.jetty.server.Server - handled=true async=false committed=true on HttpChannelOverHttp@4cd913df{s=HttpChannelState@172c8b1e{s=HANDLING rs=BLOCKING os=COMPLETED is=IDLE awp=false se=false i=true al=0},r=1,c=false/true,a=HANDLING,uri=https://localhost:33277/,age=1}
02:10:03.457 [qtp399373008-61] DEBUG org.eclipse.jetty.server.HttpChannelState - unhandle HttpChannelState@172c8b1e{s=HANDLING rs=BLOCKING os=COMPLETED is=IDLE awp=false se=false i=true al=0}
02:10:03.457 [qtp399373008-61] DEBUG org.eclipse.jetty.server.HttpChannelState - nextAction(false) COMPLETE HttpChannelState@172c8b1e{s=HANDLING rs=COMPLETING os=COMPLETED is=IDLE awp=false se=false i=false al=0}
02:10:03.457 [qtp399373008-61] DEBUG org.eclipse.jetty.server.HttpChannel - action COMPLETE HttpChannelOverHttp@4cd913df{s=HttpChannelState@172c8b1e{s=HANDLING rs=COMPLETING os=COMPLETED is=IDLE awp=false se=false i=false al=0},r=1,c=false/true,a=HANDLING,uri=https://localhost:33277/,age=1}
02:10:03.457 [qtp399373008-61] DEBUG org.eclipse.jetty.server.HttpOutput - complete(org.eclipse.jetty.util.Callback$3@3e50a8fd) s=CLOSED,api=BLOCKING,sc=false,e=null s=true e=null, c=null
02:10:03.457 [qtp399373008-61] DEBUG org.eclipse.jetty.server.HttpChannelState - completed HttpChannelState@172c8b1e{s=HANDLING rs=COMPLETING os=COMPLETED is=IDLE awp=false se=false i=false al=0}
02:10:03.457 [qtp399373008-61] DEBUG org.eclipse.jetty.server.HttpChannelState - unhandle HttpChannelState@172c8b1e{s=HANDLING rs=COMPLETED os=COMPLETED is=IDLE awp=false se=false i=false al=0}
02:10:03.457 [qtp399373008-61] DEBUG org.eclipse.jetty.server.HttpChannelState - nextAction(false) TERMINATED HttpChannelState@172c8b1e{s=IDLE rs=COMPLETED os=COMPLETED is=IDLE awp=false se=false i=false al=0}
02:10:03.457 [qtp399373008-61] DEBUG org.eclipse.jetty.server.HttpChannel - action TERMINATED HttpChannelOverHttp@4cd913df{s=HttpChannelState@172c8b1e{s=IDLE rs=COMPLETED os=COMPLETED is=IDLE awp=false se=false i=false al=0},r=1,c=true/true,a=IDLE,uri=https://localhost:33277/,age=1}
02:10:03.457 [main] DEBUG org.apache.nifi.minifi.bootstrap.configuration.ingestors.PullHttpChangeIngestor - Pulled config same as currently running.
02:10:03.457 [qtp399373008-61] DEBUG org.eclipse.jetty.server.HttpChannel - onCompleted for / written=4
02:10:03.457 [qtp399373008-61] DEBUG org.eclipse.jetty.io.ssl.SslConnection - >fill SslConnection@12f99081::SocketChannelEndPoint@76f4269{l=/127.0.0.1:33277,r=/127.0.0.1:47728,OPEN,fill=-,flush=-,to=0/30000}{io=0/0,kio=0,kro=1}->SslConnection@12f99081{NOT_HANDSHAKING,eio=-1/-1,di=-1,fill=IDLE,flush=IDLE}~>DecryptedEndPoint@6aadff98{l=/127.0.0.1:33277,r=/127.0.0.1:47728,OPEN,fill=-,flush=-,to=42/30000}=>HttpConnection@653d2348[p=HttpParser{s=CONTENT,0 of -1},g=HttpGenerator@172dec79{s=END}]=>HttpChannelOverHttp@4cd913df{s=HttpChannelState@172c8b1e{s=IDLE rs=COMPLETED os=COMPLETED is=IDLE awp=false se=false i=false al=0},r=1,c=true/true,a=IDLE,uri=https://localhost:33277/,age=1}
02:10:03.457 [qtp399373008-61] DEBUG org.eclipse.jetty.io.ssl.SslConnection - fill NOT_HANDSHAKING
02:10:03.457 [qtp399373008-61] DEBUG org.eclipse.jetty.io.ChannelEndPoint - filled 0 HeapByteBuffer@ecff91a[p=0,l=0,c=17408,r=0]={<<<>>>GET / HTT...\x00\x00\x00\x00\x00\x00\x00}
02:10:03.457 [qtp399373008-61] DEBUG org.eclipse.jetty.io.ssl.SslConnection - net filled=0
02:10:03.457 [qtp399373008-61] DEBUG org.eclipse.jetty.io.ssl.SslConnection - unwrap net_filled=0 Status = BUFFER_UNDERFLOW HandshakeStatus = NOT_HANDSHAKING bytesConsumed = 0 bytesProduced = 0 encryptedBuffer=[p=0,l=0,c=17408,r=0] unwrapBuffer=HeapByteBuffer@30c33a9d[p=0,l=0,c=17408,r=0]={<<<>>>\x17\x03\x03\x03\xAd\x0b\x00\x03\x88...\x00\x00\x00\x00\x00\x00\x00} appBuffer=HeapByteBuffer@30c33a9d[p=0,l=0,c=17408,r=0]={<<<>>>\x17\x03\x03\x03\xAd\x0b\x00\x03\x88...\x00\x00\x00\x00\x00\x00\x00}
02:10:03.457 [qtp399373008-61] DEBUG org.eclipse.jetty.io.ssl.SslConnection - <fill f=0 uf=true SslConnection@12f99081::SocketChannelEndPoint@76f4269{l=/127.0.0.1:33277,r=/127.0.0.1:47728,OPEN,fill=-,flush=-,to=0/30000}{io=0/0,kio=0,kro=1}->SslConnection@12f99081{NOT_HANDSHAKING,eio=-1/-1,di=-1,fill=IDLE,flush=IDLE}~>DecryptedEndPoint@6aadff98{l=/127.0.0.1:33277,r=/127.0.0.1:47728,OPEN,fill=-,flush=-,to=42/30000}=>HttpConnection@653d2348[p=HttpParser{s=CONTENT,0 of -1},g=HttpGenerator@172dec79{s=END}]=>HttpChannelOverHttp@4cd913df{s=HttpChannelState@172c8b1e{s=IDLE rs=COMPLETED os=COMPLETED is=IDLE awp=false se=false i=false al=0},r=1,c=true/true,a=IDLE,uri=https://localhost:33277/,age=1}
]]></system-out>
  </testcase>
  <testcase name="testNoUpdateWithPath" classname="org.apache.nifi.minifi.bootstrap.configuration.ingestors.PullHttpChangeIngestorSSLTest" time="0.065">
    <system-out><![CDATA[02:10:03.457 [qtp399373008-61] DEBUG org.eclipse.jetty.io.ssl.SslConnection - >fill SslConnection@12f99081::SocketChannelEndPoint@76f4269{l=/127.0.0.1:33277,r=/127.0.0.1:47728,OPEN,fill=-,flush=-,to=0/30000}{io=0/0,kio=0,kro=1}->SslConnection@12f99081{NOT_HANDSHAKING,eio=-1/-1,di=-1,fill=IDLE,flush=IDLE}~>DecryptedEndPoint@6aadff98{l=/127.0.0.1:33277,r=/127.0.0.1:47728,OPEN,fill=-,flush=-,to=42/30000}=>HttpConnection@653d2348[p=HttpParser{s=CONTENT,0 of -1},g=HttpGenerator@172dec79{s=END}]=>HttpChannelOverHttp@4cd913df{s=HttpChannelState@172c8b1e{s=IDLE rs=COMPLETED os=COMPLETED is=IDLE awp=false se=false i=false al=0},r=1,c=true/true,a=IDLE,uri=https://localhost:33277/,age=1}
02:10:03.457 [qtp399373008-61] DEBUG org.eclipse.jetty.io.ssl.SslConnection - fill NOT_HANDSHAKING
02:10:03.457 [qtp399373008-61] DEBUG org.eclipse.jetty.io.ChannelEndPoint - filled 0 HeapByteBuffer@816b3[p=0,l=0,c=17408,r=0]={<<<>>>\x17\x03\x03\x00\xC9\x84=\x9bF...\x00\x00\x00\x00\x00\x00\x00}
02:10:03.457 [qtp399373008-61] DEBUG org.eclipse.jetty.io.ssl.SslConnection - net filled=0
02:10:03.457 [qtp399373008-61] DEBUG org.eclipse.jetty.io.ssl.SslConnection - unwrap net_filled=0 Status = BUFFER_UNDERFLOW HandshakeStatus = NOT_HANDSHAKING bytesConsumed = 0 bytesProduced = 0 encryptedBuffer=[p=0,l=0,c=17408,r=0] unwrapBuffer=HeapByteBuffer@30c33a9d[p=0,l=0,c=17408,r=0]={<<<>>>\x17\x03\x03\x03\xAd\x0b\x00\x03\x88...\x00\x00\x00\x00\x00\x00\x00} appBuffer=HeapByteBuffer@30c33a9d[p=0,l=0,c=17408,r=0]={<<<>>>\x17\x03\x03\x03\xAd\x0b\x00\x03\x88...\x00\x00\x00\x00\x00\x00\x00}
02:10:03.457 [qtp399373008-61] DEBUG org.eclipse.jetty.io.ssl.SslConnection - <fill f=0 uf=true SslConnection@12f99081::SocketChannelEndPoint@76f4269{l=/127.0.0.1:33277,r=/127.0.0.1:47728,OPEN,fill=-,flush=-,to=0/30000}{io=0/0,kio=0,kro=1}->SslConnection@12f99081{NOT_HANDSHAKING,eio=-1/-1,di=-1,fill=IDLE,flush=IDLE}~>DecryptedEndPoint@6aadff98{l=/127.0.0.1:33277,r=/127.0.0.1:47728,OPEN,fill=-,flush=-,to=42/30000}=>HttpConnection@653d2348[p=HttpParser{s=CONTENT,0 of -1},g=HttpGenerator@172dec79{s=END}]=>HttpChannelOverHttp@4cd913df{s=HttpChannelState@172c8b1e{s=IDLE rs=COMPLETED os=COMPLETED is=IDLE awp=false se=false i=false al=0},r=1,c=true/true,a=IDLE,uri=https://localhost:33277/,age=1}
02:10:03.457 [qtp399373008-61] DEBUG org.eclipse.jetty.server.HttpConnection - HttpConnection@653d2348::DecryptedEndPoint@6aadff98{l=/127.0.0.1:33277,r=/127.0.0.1:47728,OPEN,fill=-,flush=-,to=42/30000} filled 0 HeapByteBuffer@30c33a9d[p=0,l=0,c=17408,r=0]={<<<>>>\x17\x03\x03\x03\xAd\x0b\x00\x03\x88...\x00\x00\x00\x00\x00\x00\x00}
02:10:03.457 [qtp399373008-61] DEBUG org.eclipse.jetty.server.HttpConnection - HttpConnection@653d2348::DecryptedEndPoint@6aadff98{l=/127.0.0.1:33277,r=/127.0.0.1:47728,OPEN,fill=-,flush=-,to=42/30000} parse HeapByteBuffer@30c33a9d[p=0,l=0,c=17408,r=0]={<<<>>>\x17\x03\x03\x03\xAd\x0b\x00\x03\x88...\x00\x00\x00\x00\x00\x00\x00} {}
02:10:03.457 [qtp399373008-61] DEBUG org.eclipse.jetty.http.HttpParser - parseNext s=CONTENT HeapByteBuffer@30c33a9d[p=0,l=0,c=17408,r=0]={<<<>>>\x17\x03\x03\x03\xAd\x0b\x00\x03\x88...\x00\x00\x00\x00\x00\x00\x00}
02:10:03.457 [qtp399373008-61] DEBUG org.eclipse.jetty.http.HttpParser - CONTENT --> CONTENT_END
02:10:03.457 [qtp399373008-61] DEBUG org.eclipse.jetty.server.HttpChannel - onContentComplete HttpChannelOverHttp@4cd913df{s=HttpChannelState@172c8b1e{s=IDLE rs=COMPLETED os=COMPLETED is=IDLE awp=false se=false i=false al=0},r=1,c=true/true,a=IDLE,uri=https://localhost:33277/,age=1}
02:10:03.457 [qtp399373008-61] DEBUG org.eclipse.jetty.http.HttpParser - CONTENT_END --> END
02:10:03.457 [qtp399373008-61] DEBUG org.eclipse.jetty.server.HttpChannel - onRequestComplete HttpChannelOverHttp@4cd913df{s=HttpChannelState@172c8b1e{s=IDLE rs=COMPLETED os=COMPLETED is=IDLE awp=false se=false i=false al=0},r=1,c=true/true,a=IDLE,uri=https://localhost:33277/,age=1}
02:10:03.457 [qtp399373008-61] DEBUG org.eclipse.jetty.server.HttpInput - HttpInputOverHTTP@576c9139[c=0,q=0,[0]=null,s=STREAM] addContent EOF
02:10:03.457 [qtp399373008-61] DEBUG org.eclipse.jetty.server.HttpConnection - HttpConnection@653d2348::DecryptedEndPoint@6aadff98{l=/127.0.0.1:33277,r=/127.0.0.1:47728,OPEN,fill=-,flush=-,to=42/30000} parsed false HttpParser{s=END,0 of -1}
02:10:03.457 [qtp399373008-61] DEBUG org.eclipse.jetty.server.HttpConnection - releaseRequestBuffer HttpConnection@653d2348::DecryptedEndPoint@6aadff98{l=/127.0.0.1:33277,r=/127.0.0.1:47728,OPEN,fill=-,flush=-,to=42/30000}
02:10:03.457 [qtp399373008-61] DEBUG org.eclipse.jetty.server.HttpChannelState - recycle HttpChannelState@172c8b1e{s=IDLE rs=COMPLETED os=COMPLETED is=IDLE awp=false se=false i=false al=0}
02:10:03.458 [qtp399373008-61] DEBUG org.eclipse.jetty.http.HttpParser - reset HttpParser{s=END,0 of -1}
02:10:03.458 [qtp399373008-61] DEBUG org.eclipse.jetty.http.HttpParser - END --> START
02:10:03.458 [qtp399373008-61] DEBUG org.eclipse.jetty.server.HttpChannel - !handle TERMINATED HttpChannelOverHttp@4cd913df{s=HttpChannelState@172c8b1e{s=IDLE rs=BLOCKING os=OPEN is=IDLE awp=false se=false i=true al=0},r=1,c=false/false,a=IDLE,uri=null,age=0}
02:10:03.458 [qtp399373008-61] DEBUG org.eclipse.jetty.io.ssl.SslConnection - >fill SslConnection@12f99081::SocketChannelEndPoint@76f4269{l=/127.0.0.1:33277,r=/127.0.0.1:47728,OPEN,fill=-,flush=-,to=1/30000}{io=0/0,kio=0,kro=1}->SslConnection@12f99081{NOT_HANDSHAKING,eio=-1/-1,di=-1,fill=IDLE,flush=IDLE}~>DecryptedEndPoint@6aadff98{l=/127.0.0.1:33277,r=/127.0.0.1:47728,OPEN,fill=-,flush=-,to=42/30000}=>HttpConnection@653d2348[p=HttpParser{s=START,0 of -1},g=HttpGenerator@172dec79{s=START}]=>HttpChannelOverHttp@4cd913df{s=HttpChannelState@172c8b1e{s=IDLE rs=BLOCKING os=OPEN is=IDLE awp=false se=false i=true al=0},r=1,c=false/false,a=IDLE,uri=null,age=0}
02:10:03.458 [qtp399373008-61] DEBUG org.eclipse.jetty.io.ssl.SslConnection - fill NOT_HANDSHAKING
02:10:03.458 [qtp399373008-61] DEBUG org.eclipse.jetty.io.ChannelEndPoint - filled 0 HeapByteBuffer@816b3[p=0,l=0,c=17408,r=0]={<<<>>>\x17\x03\x03\x00\xC9\x84=\x9bF...\x00\x00\x00\x00\x00\x00\x00}
02:10:03.458 [qtp399373008-61] DEBUG org.eclipse.jetty.io.ssl.SslConnection - net filled=0
02:10:03.458 [qtp399373008-61] DEBUG org.eclipse.jetty.io.ssl.SslConnection - unwrap net_filled=0 Status = BUFFER_UNDERFLOW HandshakeStatus = NOT_HANDSHAKING bytesConsumed = 0 bytesProduced = 0 encryptedBuffer=[p=0,l=0,c=17408,r=0] unwrapBuffer=HeapByteBuffer@ecff91a[p=0,l=0,c=17408,r=0]={<<<>>>GET / HTT...\x00\x00\x00\x00\x00\x00\x00} appBuffer=HeapByteBuffer@ecff91a[p=0,l=0,c=17408,r=0]={<<<>>>GET / HTT...\x00\x00\x00\x00\x00\x00\x00}
02:10:03.458 [qtp399373008-61] DEBUG org.eclipse.jetty.io.ssl.SslConnection - <fill f=0 uf=true SslConnection@12f99081::SocketChannelEndPoint@76f4269{l=/127.0.0.1:33277,r=/127.0.0.1:47728,OPEN,fill=-,flush=-,to=1/30000}{io=0/0,kio=0,kro=1}->SslConnection@12f99081{NOT_HANDSHAKING,eio=-1/-1,di=-1,fill=IDLE,flush=IDLE}~>DecryptedEndPoint@6aadff98{l=/127.0.0.1:33277,r=/127.0.0.1:47728,OPEN,fill=-,flush=-,to=42/30000}=>HttpConnection@653d2348[p=HttpParser{s=START,0 of -1},g=HttpGenerator@172dec79{s=START}]=>HttpChannelOverHttp@4cd913df{s=HttpChannelState@172c8b1e{s=IDLE rs=BLOCKING os=OPEN is=IDLE awp=false se=false i=true al=0},r=1,c=false/false,a=IDLE,uri=null,age=0}
02:10:03.458 [qtp399373008-61] DEBUG org.eclipse.jetty.io.ssl.SslConnection - >fill SslConnection@12f99081::SocketChannelEndPoint@76f4269{l=/127.0.0.1:33277,r=/127.0.0.1:47728,OPEN,fill=-,flush=-,to=1/30000}{io=0/0,kio=0,kro=1}->SslConnection@12f99081{NOT_HANDSHAKING,eio=-1/-1,di=-1,fill=IDLE,flush=IDLE}~>DecryptedEndPoint@6aadff98{l=/127.0.0.1:33277,r=/127.0.0.1:47728,OPEN,fill=-,flush=-,to=42/30000}=>HttpConnection@653d2348[p=HttpParser{s=START,0 of -1},g=HttpGenerator@172dec79{s=START}]=>HttpChannelOverHttp@4cd913df{s=HttpChannelState@172c8b1e{s=IDLE rs=BLOCKING os=OPEN is=IDLE awp=false se=false i=true al=0},r=1,c=false/false,a=IDLE,uri=null,age=0}
02:10:03.458 [qtp399373008-61] DEBUG org.eclipse.jetty.io.ssl.SslConnection - fill NOT_HANDSHAKING
02:10:03.458 [qtp399373008-61] DEBUG org.eclipse.jetty.io.ChannelEndPoint - filled 0 HeapByteBuffer@30c33a9d[p=0,l=0,c=17408,r=0]={<<<>>>\x17\x03\x03\x03\xAd\x0b\x00\x03\x88...\x00\x00\x00\x00\x00\x00\x00}
02:10:03.458 [qtp399373008-61] DEBUG org.eclipse.jetty.io.ssl.SslConnection - net filled=0
02:10:03.458 [qtp399373008-61] DEBUG org.eclipse.jetty.io.ssl.SslConnection - unwrap net_filled=0 Status = BUFFER_UNDERFLOW HandshakeStatus = NOT_HANDSHAKING bytesConsumed = 0 bytesProduced = 0 encryptedBuffer=[p=0,l=0,c=17408,r=0] unwrapBuffer=HeapByteBuffer@ecff91a[p=0,l=0,c=17408,r=0]={<<<>>>GET / HTT...\x00\x00\x00\x00\x00\x00\x00} appBuffer=HeapByteBuffer@ecff91a[p=0,l=0,c=17408,r=0]={<<<>>>GET / HTT...\x00\x00\x00\x00\x00\x00\x00}
02:10:03.458 [qtp399373008-61] DEBUG org.eclipse.jetty.io.ssl.SslConnection - <fill f=0 uf=true SslConnection@12f99081::SocketChannelEndPoint@76f4269{l=/127.0.0.1:33277,r=/127.0.0.1:47728,OPEN,fill=-,flush=-,to=1/30000}{io=0/0,kio=0,kro=1}->SslConnection@12f99081{NOT_HANDSHAKING,eio=-1/-1,di=-1,fill=IDLE,flush=IDLE}~>DecryptedEndPoint@6aadff98{l=/127.0.0.1:33277,r=/127.0.0.1:47728,OPEN,fill=-,flush=-,to=43/30000}=>HttpConnection@653d2348[p=HttpParser{s=START,0 of -1},g=HttpGenerator@172dec79{s=START}]=>HttpChannelOverHttp@4cd913df{s=HttpChannelState@172c8b1e{s=IDLE rs=BLOCKING os=OPEN is=IDLE awp=false se=false i=true al=0},r=1,c=false/false,a=IDLE,uri=null,age=0}
02:10:03.458 [qtp399373008-61] DEBUG org.eclipse.jetty.server.HttpConnection - HttpConnection@653d2348::DecryptedEndPoint@6aadff98{l=/127.0.0.1:33277,r=/127.0.0.1:47728,OPEN,fill=-,flush=-,to=43/30000} filled 0 HeapByteBuffer@ecff91a[p=0,l=0,c=17408,r=0]={<<<>>>GET / HTT...\x00\x00\x00\x00\x00\x00\x00}
02:10:03.458 [qtp399373008-61] DEBUG org.eclipse.jetty.server.HttpConnection - HttpConnection@653d2348::DecryptedEndPoint@6aadff98{l=/127.0.0.1:33277,r=/127.0.0.1:47728,OPEN,fill=-,flush=-,to=43/30000} parse HeapByteBuffer@ecff91a[p=0,l=0,c=17408,r=0]={<<<>>>GET / HTT...\x00\x00\x00\x00\x00\x00\x00} {}
02:10:03.458 [qtp399373008-61] DEBUG org.eclipse.jetty.http.HttpParser - parseNext s=START HeapByteBuffer@ecff91a[p=0,l=0,c=17408,r=0]={<<<>>>GET / HTT...\x00\x00\x00\x00\x00\x00\x00}
02:10:03.458 [qtp399373008-61] DEBUG org.eclipse.jetty.server.HttpConnection - HttpConnection@653d2348::DecryptedEndPoint@6aadff98{l=/127.0.0.1:33277,r=/127.0.0.1:47728,OPEN,fill=-,flush=-,to=43/30000} parsed false HttpParser{s=START,0 of -1}
02:10:03.458 [qtp399373008-61] DEBUG org.eclipse.jetty.server.HttpConnection - releaseRequestBuffer HttpConnection@653d2348::DecryptedEndPoint@6aadff98{l=/127.0.0.1:33277,r=/127.0.0.1:47728,OPEN,fill=-,flush=-,to=43/30000}
02:10:03.458 [qtp399373008-61] DEBUG org.eclipse.jetty.io.AbstractConnection - fillInterested HttpConnection@653d2348::DecryptedEndPoint@6aadff98{l=/127.0.0.1:33277,r=/127.0.0.1:47728,OPEN,fill=-,flush=-,to=43/30000}
02:10:03.458 [qtp399373008-61] DEBUG org.eclipse.jetty.io.FillInterest - interested FillInterest@1b86aab7{AC.ReadCB@653d2348{HttpConnection@653d2348::DecryptedEndPoint@6aadff98{l=/127.0.0.1:33277,r=/127.0.0.1:47728,OPEN,fill=FI,flush=-,to=0/30000}}}
02:10:03.458 [qtp399373008-61] DEBUG org.eclipse.jetty.io.ssl.SslConnection - >needFillInterest s=IDLE/IDLE uf=true ei=null di=null SslConnection@12f99081::SocketChannelEndPoint@76f4269{l=/127.0.0.1:33277,r=/127.0.0.1:47728,OPEN,fill=-,flush=-,to=1/30000}{io=0/0,kio=0,kro=1}->SslConnection@12f99081{NOT_HANDSHAKING,eio=-1/-1,di=-1,fill=IDLE,flush=IDLE}~>DecryptedEndPoint@6aadff98{l=/127.0.0.1:33277,r=/127.0.0.1:47728,OPEN,fill=FI,flush=-,to=0/30000}=>HttpConnection@653d2348[p=HttpParser{s=START,0 of -1},g=HttpGenerator@172dec79{s=START}]=>HttpChannelOverHttp@4cd913df{s=HttpChannelState@172c8b1e{s=IDLE rs=BLOCKING os=OPEN is=IDLE awp=false se=false i=true al=0},r=1,c=false/false,a=IDLE,uri=null,age=0}
02:10:03.458 [qtp399373008-61] DEBUG org.eclipse.jetty.io.ssl.SslConnection - <needFillInterest s=IDLE/INTERESTED f=false i=true w=null
02:10:03.458 [qtp399373008-61] DEBUG org.eclipse.jetty.io.ssl.SslConnection - ensureFillInterested SslConnection@12f99081::SocketChannelEndPoint@76f4269{l=/127.0.0.1:33277,r=/127.0.0.1:47728,OPEN,fill=-,flush=-,to=1/30000}{io=0/0,kio=0,kro=1}->SslConnection@12f99081{NOT_HANDSHAKING,eio=-1/-1,di=-1,fill=INTERESTED,flush=IDLE}~>DecryptedEndPoint@6aadff98{l=/127.0.0.1:33277,r=/127.0.0.1:47728,OPEN,fill=FI,flush=-,to=0/30000}=>HttpConnection@653d2348[p=HttpParser{s=START,0 of -1},g=HttpGenerator@172dec79{s=START}]=>HttpChannelOverHttp@4cd913df{s=HttpChannelState@172c8b1e{s=IDLE rs=BLOCKING os=OPEN is=IDLE awp=false se=false i=true al=0},r=1,c=false/false,a=IDLE,uri=null,age=0}
02:10:03.458 [qtp399373008-61] DEBUG org.eclipse.jetty.io.FillInterest - interested FillInterest@e730247{SSLC.NBReadCB@12f99081{SslConnection@12f99081::SocketChannelEndPoint@76f4269{l=/127.0.0.1:33277,r=/127.0.0.1:47728,OPEN,fill=FI,flush=-,to=0/30000}{io=0/0,kio=0,kro=1}->SslConnection@12f99081{NOT_HANDSHAKING,eio=-1/-1,di=-1,fill=INTERESTED,flush=IDLE}~>DecryptedEndPoint@6aadff98{l=/127.0.0.1:33277,r=/127.0.0.1:47728,OPEN,fill=FI,flush=-,to=0/30000}=>HttpConnection@653d2348[p=HttpParser{s=START,0 of -1},g=HttpGenerator@172dec79{s=START}]=>HttpChannelOverHttp@4cd913df{s=HttpChannelState@172c8b1e{s=IDLE rs=BLOCKING os=OPEN is=IDLE awp=false se=false i=true al=0},r=1,c=false/false,a=IDLE,uri=null,age=0}}}
02:10:03.458 [qtp399373008-61] DEBUG org.eclipse.jetty.io.ChannelEndPoint - changeInterests p=false 0->1 for SocketChannelEndPoint@76f4269{l=/127.0.0.1:33277,r=/127.0.0.1:47728,OPEN,fill=FI,flush=-,to=0/30000}{io=0/1,kio=0,kro=1}->SslConnection@12f99081{NOT_HANDSHAKING,eio=-1/-1,di=-1,fill=INTERESTED,flush=IDLE}~>DecryptedEndPoint@6aadff98{l=/127.0.0.1:33277,r=/127.0.0.1:47728,OPEN,fill=FI,flush=-,to=0/30000}=>HttpConnection@653d2348[p=HttpParser{s=START,0 of -1},g=HttpGenerator@172dec79{s=START}]=>HttpChannelOverHttp@4cd913df{s=HttpChannelState@172c8b1e{s=IDLE rs=BLOCKING os=OPEN is=IDLE awp=false se=false i=true al=0},r=1,c=false/false,a=IDLE,uri=null,age=0}
02:10:03.458 [qtp399373008-61] DEBUG org.eclipse.jetty.io.ManagedSelector - Queued change lazy=false org.eclipse.jetty.io.ChannelEndPoint$$Lambda$255/1830220082@5050f690 on ManagedSelector@47a86fbb{STARTED} id=2 keys=2 selected=0 updates=0
02:10:03.458 [qtp399373008-61] DEBUG org.eclipse.jetty.io.ManagedSelector - Wakeup on submit ManagedSelector@47a86fbb{STARTED} id=2 keys=2 selected=0 updates=1
02:10:03.458 [qtp399373008-61] DEBUG org.eclipse.jetty.server.HttpConnection - HttpConnection@653d2348::DecryptedEndPoint@6aadff98{l=/127.0.0.1:33277,r=/127.0.0.1:47728,OPEN,fill=FI,flush=-,to=0/30000} onFillable exit HttpChannelState@172c8b1e{s=IDLE rs=BLOCKING os=OPEN is=IDLE awp=false se=false i=true al=0} null
02:10:03.458 [qtp399373008-60] DEBUG org.eclipse.jetty.io.ManagedSelector - Selector sun.nio.ch.EPollSelectorImpl@5b063887 woken with none selected
02:10:03.458 [qtp399373008-60] DEBUG org.eclipse.jetty.io.ManagedSelector - Selector sun.nio.ch.EPollSelectorImpl@5b063887 woken up from select, 0/0/2 selected
02:10:03.458 [qtp399373008-60] DEBUG org.eclipse.jetty.io.ManagedSelector - Selector sun.nio.ch.EPollSelectorImpl@5b063887 processing 0 keys, 1 updates
02:10:03.458 [qtp399373008-60] DEBUG org.eclipse.jetty.io.ManagedSelector - updateable 1
02:10:03.458 [qtp399373008-60] DEBUG org.eclipse.jetty.io.ManagedSelector - update org.eclipse.jetty.io.ChannelEndPoint$$Lambda$255/1830220082@5050f690
02:10:03.458 [qtp399373008-61] DEBUG org.eclipse.jetty.io.ssl.SslConnection - <c.onFillable SslConnection@12f99081::SocketChannelEndPoint@76f4269{l=/127.0.0.1:33277,r=/127.0.0.1:47728,OPEN,fill=FI,flush=-,to=0/30000}{io=0/1,kio=0,kro=1}->SslConnection@12f99081{NOT_HANDSHAKING,eio=-1/-1,di=-1,fill=INTERESTED,flush=IDLE}~>DecryptedEndPoint@6aadff98{l=/127.0.0.1:33277,r=/127.0.0.1:47728,OPEN,fill=FI,flush=-,to=0/30000}=>HttpConnection@653d2348[p=HttpParser{s=START,0 of -1},g=HttpGenerator@172dec79{s=START}]=>HttpChannelOverHttp@4cd913df{s=HttpChannelState@172c8b1e{s=IDLE rs=BLOCKING os=OPEN is=IDLE awp=false se=false i=true al=0},r=1,c=false/false,a=IDLE,uri=null,age=0}
02:10:03.458 [qtp399373008-61] DEBUG org.eclipse.jetty.util.thread.ReservedThreadExecutor - ReservedThread@731d7367{RUNNING,thread=Thread[qtp399373008-61,5,main]} was=RUNNING next=RESERVED size=0+2 capacity=8
02:10:03.458 [qtp399373008-61] DEBUG org.eclipse.jetty.util.thread.ReservedThreadExecutor - ReservedThread@731d7367{RESERVED,thread=Thread[qtp399373008-61,5,main]} waiting ReservedThreadExecutor@424fd310{reserved=2/8,pending=0}
02:10:03.459 [qtp399373008-60] DEBUG org.eclipse.jetty.io.ChannelEndPoint - Key interests updated 0 -> 1 on SocketChannelEndPoint@76f4269{l=/127.0.0.1:33277,r=/127.0.0.1:47728,OPEN,fill=FI,flush=-,to=0/30000}{io=1/1,kio=1,kro=1}->SslConnection@12f99081{NOT_HANDSHAKING,eio=-1/-1,di=-1,fill=INTERESTED,flush=IDLE}~>DecryptedEndPoint@6aadff98{l=/127.0.0.1:33277,r=/127.0.0.1:47728,OPEN,fill=FI,flush=-,to=0/30000}=>HttpConnection@653d2348[p=HttpParser{s=START,0 of -1},g=HttpGenerator@172dec79{s=START}]=>HttpChannelOverHttp@4cd913df{s=HttpChannelState@172c8b1e{s=IDLE rs=BLOCKING os=OPEN is=IDLE awp=false se=false i=true al=0},r=1,c=false/false,a=IDLE,uri=null,age=0}
02:10:03.459 [qtp399373008-60] DEBUG org.eclipse.jetty.io.ManagedSelector - updates 0
02:10:03.459 [qtp399373008-60] DEBUG org.eclipse.jetty.io.ManagedSelector - Selector sun.nio.ch.EPollSelectorImpl@5b063887 waiting with 2 keys
02:10:03.459 [main] DEBUG org.apache.nifi.minifi.bootstrap.configuration.ingestors.PullHttpChangeIngestor - Attempting to pull new config
02:10:03.460 [qtp399373008-56-acceptor-0@53dacd14-ServerConnector@2374d36a{SSL, (ssl, http/1.1)}{localhost:33277}] DEBUG org.eclipse.jetty.io.ManagedSelector - Queued change lazy=false Accept@3c911ee7[java.nio.channels.SocketChannel[connected local=/127.0.0.1:33277 remote=/127.0.0.1:47730]] on ManagedSelector@7bb6ab3a{STARTED} id=3 keys=1 selected=0 updates=0
02:10:03.460 [qtp399373008-56-acceptor-0@53dacd14-ServerConnector@2374d36a{SSL, (ssl, http/1.1)}{localhost:33277}] DEBUG org.eclipse.jetty.io.ManagedSelector - Wakeup on submit ManagedSelector@7bb6ab3a{STARTED} id=3 keys=1 selected=0 updates=1
02:10:03.460 [qtp399373008-62] DEBUG org.eclipse.jetty.io.ManagedSelector - Selector sun.nio.ch.EPollSelectorImpl@9718d65 woken with none selected
02:10:03.460 [qtp399373008-62] DEBUG org.eclipse.jetty.io.ManagedSelector - Selector sun.nio.ch.EPollSelectorImpl@9718d65 woken up from select, 0/0/1 selected
02:10:03.460 [qtp399373008-62] DEBUG org.eclipse.jetty.io.ManagedSelector - Selector sun.nio.ch.EPollSelectorImpl@9718d65 processing 0 keys, 1 updates
02:10:03.460 [qtp399373008-62] DEBUG org.eclipse.jetty.io.ManagedSelector - updateable 1
02:10:03.460 [qtp399373008-62] DEBUG org.eclipse.jetty.io.ManagedSelector - update Accept@3c911ee7[java.nio.channels.SocketChannel[connected local=/127.0.0.1:33277 remote=/127.0.0.1:47730]]
02:10:03.460 [qtp399373008-62] DEBUG org.eclipse.jetty.util.thread.QueuedThreadPool - queue Accept@3c911ee7[java.nio.channels.SocketChannel[connected local=/127.0.0.1:33277 remote=/127.0.0.1:47730]] startThread=0
02:10:03.460 [qtp399373008-62] DEBUG org.eclipse.jetty.io.ManagedSelector - updates 0
02:10:03.460 [qtp399373008-62] DEBUG org.eclipse.jetty.io.ManagedSelector - Selector sun.nio.ch.EPollSelectorImpl@9718d65 waiting with 2 keys
02:10:03.460 [qtp399373008-55] DEBUG org.eclipse.jetty.util.thread.QueuedThreadPool - run Accept@3c911ee7[java.nio.channels.SocketChannel[connected local=/127.0.0.1:33277 remote=/127.0.0.1:47730]] in QueuedThreadPool[qtp399373008]@17cdf2d0{STARTED,8<=8<=200,i=0,r=-1,q=0}[ReservedThreadExecutor@424fd310{reserved=2/8,pending=0}]
02:10:03.460 [qtp399373008-55] DEBUG org.eclipse.jetty.io.IdleTimeout - SocketChannelEndPoint@286686c7{l=/127.0.0.1:33277,r=/127.0.0.1:47730,OPEN,fill=-,flush=-,to=0/30000}{io=0/0,kio=0,kro=0}-><null> idle timeout check, elapsed: 0 ms, remaining: 30000 ms
02:10:03.460 [qtp399373008-55] DEBUG org.eclipse.jetty.util.ssl.SslContextFactory - Customize sun.security.ssl.SSLEngineImpl@61b526e
02:10:03.460 [qtp399373008-55] DEBUG org.eclipse.jetty.server.HttpChannel - new HttpChannelOverHttp@106c09d0{s=HttpChannelState@47df993b{s=IDLE rs=BLOCKING os=OPEN is=IDLE awp=false se=false i=true al=0},r=0,c=false/false,a=IDLE,uri=null,age=0} -> DecryptedEndPoint@5b137fb9{l=/127.0.0.1:33277,r=/127.0.0.1:47730,OPEN,fill=-,flush=-,to=0/30000},null,HttpChannelState@47df993b{s=IDLE rs=BLOCKING os=OPEN is=IDLE awp=false se=false i=true al=0}
02:10:03.460 [qtp399373008-55] DEBUG org.eclipse.jetty.server.HttpConnection - New HTTP Connection HttpConnection@747ce97::DecryptedEndPoint@5b137fb9{l=/127.0.0.1:33277,r=/127.0.0.1:47730,OPEN,fill=-,flush=-,to=0/30000}
02:10:03.460 [qtp399373008-55] DEBUG org.eclipse.jetty.io.ManagedSelector - Queued change lazy=true org.eclipse.jetty.io.ManagedSelector$$Lambda$258/615682846@77156526 on ManagedSelector@7bb6ab3a{STARTED} id=3 keys=2 selected=0 updates=0
02:10:03.461 [qtp399373008-55] DEBUG org.eclipse.jetty.io.AbstractEndPoint - onOpen SocketChannelEndPoint@286686c7{l=/127.0.0.1:33277,r=/127.0.0.1:47730,OPEN,fill=-,flush=-,to=0/30000}{io=0/0,kio=0,kro=0}->SslConnection@4cb83cbe{NOT_HANDSHAKING,eio=-1/-1,di=-1,fill=IDLE,flush=IDLE}~>DecryptedEndPoint@5b137fb9{l=/127.0.0.1:33277,r=/127.0.0.1:47730,OPEN,fill=-,flush=-,to=0/30000}=>HttpConnection@747ce97[p=HttpParser{s=START,0 of -1},g=HttpGenerator@c167c27{s=START}]=>HttpChannelOverHttp@106c09d0{s=HttpChannelState@47df993b{s=IDLE rs=BLOCKING os=OPEN is=IDLE awp=false se=false i=true al=0},r=0,c=false/false,a=IDLE,uri=null,age=0}
02:10:03.461 [qtp399373008-55] DEBUG org.eclipse.jetty.io.AbstractConnection - onOpen SslConnection@4cb83cbe::SocketChannelEndPoint@286686c7{l=/127.0.0.1:33277,r=/127.0.0.1:47730,OPEN,fill=-,flush=-,to=0/30000}{io=0/0,kio=0,kro=0}->SslConnection@4cb83cbe{NOT_HANDSHAKING,eio=-1/-1,di=-1,fill=IDLE,flush=IDLE}~>DecryptedEndPoint@5b137fb9{l=/127.0.0.1:33277,r=/127.0.0.1:47730,OPEN,fill=-,flush=-,to=0/30000}=>HttpConnection@747ce97[p=HttpParser{s=START,0 of -1},g=HttpGenerator@c167c27{s=START}]=>HttpChannelOverHttp@106c09d0{s=HttpChannelState@47df993b{s=IDLE rs=BLOCKING os=OPEN is=IDLE awp=false se=false i=true al=0},r=0,c=false/false,a=IDLE,uri=null,age=0}
02:10:03.461 [qtp399373008-55] DEBUG org.eclipse.jetty.io.AbstractConnection - onOpen HttpConnection@747ce97::DecryptedEndPoint@5b137fb9{l=/127.0.0.1:33277,r=/127.0.0.1:47730,OPEN,fill=-,flush=-,to=0/30000}
02:10:03.461 [qtp399373008-55] DEBUG org.eclipse.jetty.io.AbstractConnection - fillInterested HttpConnection@747ce97::DecryptedEndPoint@5b137fb9{l=/127.0.0.1:33277,r=/127.0.0.1:47730,OPEN,fill=-,flush=-,to=0/30000}
02:10:03.461 [qtp399373008-55] DEBUG org.eclipse.jetty.io.FillInterest - interested FillInterest@351c2844{AC.ReadCB@747ce97{HttpConnection@747ce97::DecryptedEndPoint@5b137fb9{l=/127.0.0.1:33277,r=/127.0.0.1:47730,OPEN,fill=FI,flush=-,to=0/30000}}}
02:10:03.461 [qtp399373008-55] DEBUG org.eclipse.jetty.io.ssl.SslConnection - >needFillInterest s=IDLE/IDLE uf=false ei=null di=null SslConnection@4cb83cbe::SocketChannelEndPoint@286686c7{l=/127.0.0.1:33277,r=/127.0.0.1:47730,OPEN,fill=-,flush=-,to=0/30000}{io=0/0,kio=0,kro=0}->SslConnection@4cb83cbe{NOT_HANDSHAKING,eio=-1/-1,di=-1,fill=IDLE,flush=IDLE}~>DecryptedEndPoint@5b137fb9{l=/127.0.0.1:33277,r=/127.0.0.1:47730,OPEN,fill=FI,flush=-,to=0/30000}=>HttpConnection@747ce97[p=HttpParser{s=START,0 of -1},g=HttpGenerator@c167c27{s=START}]=>HttpChannelOverHttp@106c09d0{s=HttpChannelState@47df993b{s=IDLE rs=BLOCKING os=OPEN is=IDLE awp=false se=false i=true al=0},r=0,c=false/false,a=IDLE,uri=null,age=0}
02:10:03.461 [qtp399373008-55] DEBUG org.eclipse.jetty.io.ssl.SslConnection - <needFillInterest s=IDLE/INTERESTED f=false i=true w=null
02:10:03.461 [qtp399373008-55] DEBUG org.eclipse.jetty.io.ssl.SslConnection - ensureFillInterested SslConnection@4cb83cbe::SocketChannelEndPoint@286686c7{l=/127.0.0.1:33277,r=/127.0.0.1:47730,OPEN,fill=-,flush=-,to=0/30000}{io=0/0,kio=0,kro=0}->SslConnection@4cb83cbe{NOT_HANDSHAKING,eio=-1/-1,di=-1,fill=INTERESTED,flush=IDLE}~>DecryptedEndPoint@5b137fb9{l=/127.0.0.1:33277,r=/127.0.0.1:47730,OPEN,fill=FI,flush=-,to=0/30000}=>HttpConnection@747ce97[p=HttpParser{s=START,0 of -1},g=HttpGenerator@c167c27{s=START}]=>HttpChannelOverHttp@106c09d0{s=HttpChannelState@47df993b{s=IDLE rs=BLOCKING os=OPEN is=IDLE awp=false se=false i=true al=0},r=0,c=false/false,a=IDLE,uri=null,age=0}
02:10:03.461 [qtp399373008-55] DEBUG org.eclipse.jetty.io.FillInterest - interested FillInterest@69fc5794{SSLC.NBReadCB@4cb83cbe{SslConnection@4cb83cbe::SocketChannelEndPoint@286686c7{l=/127.0.0.1:33277,r=/127.0.0.1:47730,OPEN,fill=FI,flush=-,to=0/30000}{io=0/0,kio=0,kro=0}->SslConnection@4cb83cbe{NOT_HANDSHAKING,eio=-1/-1,di=-1,fill=INTERESTED,flush=IDLE}~>DecryptedEndPoint@5b137fb9{l=/127.0.0.1:33277,r=/127.0.0.1:47730,OPEN,fill=FI,flush=-,to=0/30000}=>HttpConnection@747ce97[p=HttpParser{s=START,0 of -1},g=HttpGenerator@c167c27{s=START}]=>HttpChannelOverHttp@106c09d0{s=HttpChannelState@47df993b{s=IDLE rs=BLOCKING os=OPEN is=IDLE awp=false se=false i=true al=0},r=0,c=false/false,a=IDLE,uri=null,age=0}}}
02:10:03.461 [qtp399373008-55] DEBUG org.eclipse.jetty.io.ChannelEndPoint - changeInterests p=false 0->1 for SocketChannelEndPoint@286686c7{l=/127.0.0.1:33277,r=/127.0.0.1:47730,OPEN,fill=FI,flush=-,to=0/30000}{io=0/1,kio=0,kro=0}->SslConnection@4cb83cbe{NOT_HANDSHAKING,eio=-1/-1,di=-1,fill=INTERESTED,flush=IDLE}~>DecryptedEndPoint@5b137fb9{l=/127.0.0.1:33277,r=/127.0.0.1:47730,OPEN,fill=FI,flush=-,to=0/30000}=>HttpConnection@747ce97[p=HttpParser{s=START,0 of -1},g=HttpGenerator@c167c27{s=START}]=>HttpChannelOverHttp@106c09d0{s=HttpChannelState@47df993b{s=IDLE rs=BLOCKING os=OPEN is=IDLE awp=false se=false i=true al=0},r=0,c=false/false,a=IDLE,uri=null,age=0}
02:10:03.461 [qtp399373008-55] DEBUG org.eclipse.jetty.io.ManagedSelector - Queued change lazy=false org.eclipse.jetty.io.ChannelEndPoint$$Lambda$255/1830220082@64accbd9 on ManagedSelector@7bb6ab3a{STARTED} id=3 keys=2 selected=0 updates=1
02:10:03.461 [qtp399373008-55] DEBUG org.eclipse.jetty.io.ManagedSelector - Wakeup on submit ManagedSelector@7bb6ab3a{STARTED} id=3 keys=2 selected=0 updates=2
02:10:03.461 [qtp399373008-62] DEBUG org.eclipse.jetty.io.ManagedSelector - Selector sun.nio.ch.EPollSelectorImpl@9718d65 woken with none selected
02:10:03.461 [qtp399373008-62] DEBUG org.eclipse.jetty.io.ManagedSelector - Selector sun.nio.ch.EPollSelectorImpl@9718d65 woken up from select, 0/0/2 selected
02:10:03.461 [qtp399373008-62] DEBUG org.eclipse.jetty.io.ManagedSelector - Selector sun.nio.ch.EPollSelectorImpl@9718d65 processing 0 keys, 2 updates
02:10:03.461 [qtp399373008-62] DEBUG org.eclipse.jetty.io.ManagedSelector - updateable 2
02:10:03.461 [qtp399373008-62] DEBUG org.eclipse.jetty.io.ManagedSelector - update org.eclipse.jetty.io.ManagedSelector$$Lambda$258/615682846@77156526
02:10:03.461 [qtp399373008-55] DEBUG org.eclipse.jetty.io.ManagedSelector - Created SocketChannelEndPoint@286686c7{l=/127.0.0.1:33277,r=/127.0.0.1:47730,OPEN,fill=FI,flush=-,to=0/30000}{io=0/1,kio=0,kro=0}->SslConnection@4cb83cbe{NOT_HANDSHAKING,eio=-1/-1,di=-1,fill=INTERESTED,flush=IDLE}~>DecryptedEndPoint@5b137fb9{l=/127.0.0.1:33277,r=/127.0.0.1:47730,OPEN,fill=FI,flush=-,to=0/30000}=>HttpConnection@747ce97[p=HttpParser{s=START,0 of -1},g=HttpGenerator@c167c27{s=START}]=>HttpChannelOverHttp@106c09d0{s=HttpChannelState@47df993b{s=IDLE rs=BLOCKING os=OPEN is=IDLE awp=false se=false i=true al=0},r=0,c=false/false,a=IDLE,uri=null,age=0}
02:10:03.461 [qtp399373008-62] DEBUG org.eclipse.jetty.io.ManagedSelector - update org.eclipse.jetty.io.ChannelEndPoint$$Lambda$255/1830220082@64accbd9
02:10:03.461 [qtp399373008-55] DEBUG org.eclipse.jetty.util.thread.QueuedThreadPool - ran Accept@3c911ee7[java.nio.channels.SocketChannel[connected local=/127.0.0.1:33277 remote=/127.0.0.1:47730]] in QueuedThreadPool[qtp399373008]@17cdf2d0{STARTED,8<=8<=200,i=0,r=-1,q=0}[ReservedThreadExecutor@424fd310{reserved=2/8,pending=0}]
02:10:03.461 [qtp399373008-62] DEBUG org.eclipse.jetty.io.ChannelEndPoint - Key interests updated 0 -> 1 on SocketChannelEndPoint@286686c7{l=/127.0.0.1:33277,r=/127.0.0.1:47730,OPEN,fill=FI,flush=-,to=0/30000}{io=1/1,kio=1,kro=0}->SslConnection@4cb83cbe{NOT_HANDSHAKING,eio=-1/-1,di=-1,fill=INTERESTED,flush=IDLE}~>DecryptedEndPoint@5b137fb9{l=/127.0.0.1:33277,r=/127.0.0.1:47730,OPEN,fill=FI,flush=-,to=0/30000}=>HttpConnection@747ce97[p=HttpParser{s=START,0 of -1},g=HttpGenerator@c167c27{s=START}]=>HttpChannelOverHttp@106c09d0{s=HttpChannelState@47df993b{s=IDLE rs=BLOCKING os=OPEN is=IDLE awp=false se=false i=true al=0},r=0,c=false/false,a=IDLE,uri=null,age=0}
02:10:03.461 [qtp399373008-62] DEBUG org.eclipse.jetty.io.ManagedSelector - updates 0
02:10:03.461 [qtp399373008-62] DEBUG org.eclipse.jetty.io.ManagedSelector - Selector sun.nio.ch.EPollSelectorImpl@9718d65 waiting with 2 keys
02:10:03.462 [qtp399373008-62] DEBUG org.eclipse.jetty.io.ManagedSelector - Selector sun.nio.ch.EPollSelectorImpl@9718d65 woken up from select, 1/1/2 selected
02:10:03.462 [qtp399373008-62] DEBUG org.eclipse.jetty.io.ManagedSelector - Selector sun.nio.ch.EPollSelectorImpl@9718d65 processing 1 keys, 0 updates
02:10:03.462 [qtp399373008-62] DEBUG org.eclipse.jetty.io.ManagedSelector - selected 1 sun.nio.ch.SelectionKeyImpl@2bbec903 SocketChannelEndPoint@286686c7{l=/127.0.0.1:33277,r=/127.0.0.1:47730,OPEN,fill=FI,flush=-,to=1/30000}{io=1/1,kio=1,kro=1}->SslConnection@4cb83cbe{NOT_HANDSHAKING,eio=-1/-1,di=-1,fill=INTERESTED,flush=IDLE}~>DecryptedEndPoint@5b137fb9{l=/127.0.0.1:33277,r=/127.0.0.1:47730,OPEN,fill=FI,flush=-,to=1/30000}=>HttpConnection@747ce97[p=HttpParser{s=START,0 of -1},g=HttpGenerator@c167c27{s=START}]=>HttpChannelOverHttp@106c09d0{s=HttpChannelState@47df993b{s=IDLE rs=BLOCKING os=OPEN is=IDLE awp=false se=false i=true al=0},r=0,c=false/false,a=IDLE,uri=null,age=0} 
02:10:03.462 [qtp399373008-62] DEBUG org.eclipse.jetty.io.ChannelEndPoint - onSelected 1->0 r=true w=false for SocketChannelEndPoint@286686c7{l=/127.0.0.1:33277,r=/127.0.0.1:47730,OPEN,fill=FI,flush=-,to=1/30000}{io=1/0,kio=1,kro=1}->SslConnection@4cb83cbe{NOT_HANDSHAKING,eio=-1/-1,di=-1,fill=INTERESTED,flush=IDLE}~>DecryptedEndPoint@5b137fb9{l=/127.0.0.1:33277,r=/127.0.0.1:47730,OPEN,fill=FI,flush=-,to=1/30000}=>HttpConnection@747ce97[p=HttpParser{s=START,0 of -1},g=HttpGenerator@c167c27{s=START}]=>HttpChannelOverHttp@106c09d0{s=HttpChannelState@47df993b{s=IDLE rs=BLOCKING os=OPEN is=IDLE awp=false se=false i=true al=0},r=0,c=false/false,a=IDLE,uri=null,age=0}
02:10:03.462 [qtp399373008-62] DEBUG org.eclipse.jetty.io.ChannelEndPoint - task CEP:SocketChannelEndPoint@286686c7{l=/127.0.0.1:33277,r=/127.0.0.1:47730,OPEN,fill=FI,flush=-,to=1/30000}{io=1/0,kio=1,kro=1}->SslConnection@4cb83cbe{NOT_HANDSHAKING,eio=-1/-1,di=-1,fill=INTERESTED,flush=IDLE}~>DecryptedEndPoint@5b137fb9{l=/127.0.0.1:33277,r=/127.0.0.1:47730,OPEN,fill=FI,flush=-,to=1/30000}=>HttpConnection@747ce97[p=HttpParser{s=START,0 of -1},g=HttpGenerator@c167c27{s=START}]=>HttpChannelOverHttp@106c09d0{s=HttpChannelState@47df993b{s=IDLE rs=BLOCKING os=OPEN is=IDLE awp=false se=false i=true al=0},r=0,c=false/false,a=IDLE,uri=null,age=0}:runFillable:BLOCKING
02:10:03.463 [qtp399373008-62] DEBUG org.eclipse.jetty.util.thread.ReservedThreadExecutor - ReservedThreadExecutor@424fd310{reserved=2/8,pending=0} tryExecute EatWhatYouKill@f478a81/SelectorProducer@19553973/PRODUCING/p=false/QueuedThreadPool[qtp399373008]@17cdf2d0{STARTED,8<=8<=200,i=1,r=-1,q=0}[ReservedThreadExecutor@424fd310{reserved=2/8,pending=0}][pc=0,pic=0,pec=0,epc=3]@2024-05-02T02:10:03.463+01:00
02:10:03.463 [qtp399373008-61] DEBUG org.eclipse.jetty.util.thread.ReservedThreadExecutor - ReservedThread@731d7367{RESERVED,thread=Thread[qtp399373008-61,5,main]} task=EatWhatYouKill@f478a81/SelectorProducer@19553973/IDLE/p=true/QueuedThreadPool[qtp399373008]@17cdf2d0{STARTED,8<=8<=200,i=1,r=-1,q=0}[ReservedThreadExecutor@424fd310{reserved=1/8,pending=0}][pc=0,pic=0,pec=0,epc=3]@2024-05-02T02:10:03.463+01:00 ReservedThreadExecutor@424fd310{reserved=1/8,pending=0}
02:10:03.463 [qtp399373008-62] DEBUG org.eclipse.jetty.util.thread.strategy.EatWhatYouKill - EatWhatYouKill@f478a81/SelectorProducer@19553973/IDLE/p=true/QueuedThreadPool[qtp399373008]@17cdf2d0{STARTED,8<=8<=200,i=1,r=-1,q=0}[ReservedThreadExecutor@424fd310{reserved=1/8,pending=0}][pc=0,pic=0,pec=0,epc=3]@2024-05-02T02:10:03.463+01:00 m=EXECUTE_PRODUCE_CONSUME t=CEP:SocketChannelEndPoint@286686c7{l=/127.0.0.1:33277,r=/127.0.0.1:47730,OPEN,fill=FI,flush=-,to=1/30000}{io=1/0,kio=1,kro=1}->SslConnection@4cb83cbe{NOT_HANDSHAKING,eio=-1/-1,di=-1,fill=INTERESTED,flush=IDLE}~>DecryptedEndPoint@5b137fb9{l=/127.0.0.1:33277,r=/127.0.0.1:47730,OPEN,fill=FI,flush=-,to=2/30000}=>HttpConnection@747ce97[p=HttpParser{s=START,0 of -1},g=HttpGenerator@c167c27{s=START}]=>HttpChannelOverHttp@106c09d0{s=HttpChannelState@47df993b{s=IDLE rs=BLOCKING os=OPEN is=IDLE awp=false se=false i=true al=0},r=0,c=false/false,a=IDLE,uri=null,age=0}:runFillable:BLOCKING/BLOCKING
02:10:03.463 [qtp399373008-61] DEBUG org.eclipse.jetty.util.thread.strategy.EatWhatYouKill - EatWhatYouKill@f478a81/SelectorProducer@19553973/IDLE/p=true/QueuedThreadPool[qtp399373008]@17cdf2d0{STARTED,8<=8<=200,i=1,r=-1,q=0}[ReservedThreadExecutor@424fd310{reserved=1/8,pending=0}][pc=0,pic=0,pec=0,epc=3]@2024-05-02T02:10:03.463+01:00 tryProduce true
02:10:03.463 [qtp399373008-61] DEBUG org.eclipse.jetty.io.ManagedSelector - updateable 0
02:10:03.463 [qtp399373008-61] DEBUG org.eclipse.jetty.io.ManagedSelector - updates 0
02:10:03.463 [qtp399373008-62] DEBUG org.eclipse.jetty.io.FillInterest - fillable FillInterest@69fc5794{SSLC.NBReadCB@4cb83cbe{SslConnection@4cb83cbe::SocketChannelEndPoint@286686c7{l=/127.0.0.1:33277,r=/127.0.0.1:47730,OPEN,fill=FI,flush=-,to=2/30000}{io=1/0,kio=1,kro=1}->SslConnection@4cb83cbe{NOT_HANDSHAKING,eio=-1/-1,di=-1,fill=INTERESTED,flush=IDLE}~>DecryptedEndPoint@5b137fb9{l=/127.0.0.1:33277,r=/127.0.0.1:47730,OPEN,fill=FI,flush=-,to=2/30000}=>HttpConnection@747ce97[p=HttpParser{s=START,0 of -1},g=HttpGenerator@c167c27{s=START}]=>HttpChannelOverHttp@106c09d0{s=HttpChannelState@47df993b{s=IDLE rs=BLOCKING os=OPEN is=IDLE awp=false se=false i=true al=0},r=0,c=false/false,a=IDLE,uri=null,age=0}}}
02:10:03.463 [qtp399373008-61] DEBUG org.eclipse.jetty.io.ChannelEndPoint - Key interests updated 1 -> 0 on SocketChannelEndPoint@286686c7{l=/127.0.0.1:33277,r=/127.0.0.1:47730,OPEN,fill=FI,flush=-,to=2/30000}{io=0/0,kio=0,kro=1}->SslConnection@4cb83cbe{NOT_HANDSHAKING,eio=-1/-1,di=-1,fill=INTERESTED,flush=IDLE}~>DecryptedEndPoint@5b137fb9{l=/127.0.0.1:33277,r=/127.0.0.1:47730,OPEN,fill=FI,flush=-,to=2/30000}=>HttpConnection@747ce97[p=HttpParser{s=START,0 of -1},g=HttpGenerator@c167c27{s=START}]=>HttpChannelOverHttp@106c09d0{s=HttpChannelState@47df993b{s=IDLE rs=BLOCKING os=OPEN is=IDLE awp=false se=false i=true al=0},r=0,c=false/false,a=IDLE,uri=null,age=0}
02:10:03.463 [qtp399373008-61] DEBUG org.eclipse.jetty.io.ManagedSelector - Selector sun.nio.ch.EPollSelectorImpl@9718d65 waiting with 2 keys
02:10:03.463 [qtp399373008-62] DEBUG org.eclipse.jetty.io.ssl.SslConnection - >c.onFillable SslConnection@4cb83cbe::SocketChannelEndPoint@286686c7{l=/127.0.0.1:33277,r=/127.0.0.1:47730,OPEN,fill=-,flush=-,to=2/30000}{io=0/0,kio=0,kro=1}->SslConnection@4cb83cbe{NOT_HANDSHAKING,eio=-1/-1,di=-1,fill=INTERESTED,flush=IDLE}~>DecryptedEndPoint@5b137fb9{l=/127.0.0.1:33277,r=/127.0.0.1:47730,OPEN,fill=FI,flush=-,to=2/30000}=>HttpConnection@747ce97[p=HttpParser{s=START,0 of -1},g=HttpGenerator@c167c27{s=START}]=>HttpChannelOverHttp@106c09d0{s=HttpChannelState@47df993b{s=IDLE rs=BLOCKING os=OPEN is=IDLE awp=false se=false i=true al=0},r=0,c=false/false,a=IDLE,uri=null,age=0}
02:10:03.463 [qtp399373008-62] DEBUG org.eclipse.jetty.io.ssl.SslConnection - onFillable SslConnection@4cb83cbe::SocketChannelEndPoint@286686c7{l=/127.0.0.1:33277,r=/127.0.0.1:47730,OPEN,fill=-,flush=-,to=2/30000}{io=0/0,kio=0,kro=1}->SslConnection@4cb83cbe{NOT_HANDSHAKING,eio=-1/-1,di=-1,fill=INTERESTED,flush=IDLE}~>DecryptedEndPoint@5b137fb9{l=/127.0.0.1:33277,r=/127.0.0.1:47730,OPEN,fill=FI,flush=-,to=2/30000}=>HttpConnection@747ce97[p=HttpParser{s=START,0 of -1},g=HttpGenerator@c167c27{s=START}]=>HttpChannelOverHttp@106c09d0{s=HttpChannelState@47df993b{s=IDLE rs=BLOCKING os=OPEN is=IDLE awp=false se=false i=true al=0},r=0,c=false/false,a=IDLE,uri=null,age=0}
02:10:03.463 [qtp399373008-62] DEBUG org.eclipse.jetty.io.FillInterest - fillable FillInterest@351c2844{AC.ReadCB@747ce97{HttpConnection@747ce97::DecryptedEndPoint@5b137fb9{l=/127.0.0.1:33277,r=/127.0.0.1:47730,OPEN,fill=FI,flush=-,to=2/30000}}}
02:10:03.463 [qtp399373008-62] DEBUG org.eclipse.jetty.server.HttpConnection - HttpConnection@747ce97::DecryptedEndPoint@5b137fb9{l=/127.0.0.1:33277,r=/127.0.0.1:47730,OPEN,fill=-,flush=-,to=2/30000} onFillable enter HttpChannelState@47df993b{s=IDLE rs=BLOCKING os=OPEN is=IDLE awp=false se=false i=true al=0} null
02:10:03.463 [qtp399373008-62] DEBUG org.eclipse.jetty.io.ssl.SslConnection - >fill SslConnection@4cb83cbe::SocketChannelEndPoint@286686c7{l=/127.0.0.1:33277,r=/127.0.0.1:47730,OPEN,fill=-,flush=-,to=2/30000}{io=0/0,kio=0,kro=1}->SslConnection@4cb83cbe{NOT_HANDSHAKING,eio=-1/-1,di=-1,fill=IDLE,flush=IDLE}~>DecryptedEndPoint@5b137fb9{l=/127.0.0.1:33277,r=/127.0.0.1:47730,OPEN,fill=-,flush=-,to=2/30000}=>HttpConnection@747ce97[p=HttpParser{s=START,0 of -1},g=HttpGenerator@c167c27{s=START}]=>HttpChannelOverHttp@106c09d0{s=HttpChannelState@47df993b{s=IDLE rs=BLOCKING os=OPEN is=IDLE awp=false se=false i=true al=0},r=0,c=false/false,a=IDLE,uri=null,age=0}
02:10:03.463 [qtp399373008-62] DEBUG org.eclipse.jetty.io.ssl.SslConnection - fill NOT_HANDSHAKING
02:10:03.464 [qtp399373008-62] DEBUG org.eclipse.jetty.io.ChannelEndPoint - filled 339 HeapByteBuffer@30c33a9d[p=0,l=339,c=17408,r=339]={<<<\x16\x03\x03\x01N\x01\x00\x01J\x03\x031\x04\x1a\x03AY\x15\xBa\xB8'w\xB8)\xDd...<\x95\x9f\x0f\xF0(*/e\xE2\x9b`[\xA2A\xCcQ5\xFf\x01\x00\x01\x00>>>\xF9\xFb}{\xC0\xFag\xC6G...\x00\x00\x00\x00\x00\x00\x00}
02:10:03.464 [qtp399373008-62] DEBUG org.eclipse.jetty.io.ssl.SslConnection - net filled=339
02:10:03.464 [qtp399373008-62] DEBUG org.eclipse.jetty.io.ssl.SslConnection - fill starting handshake SslConnection@4cb83cbe::SocketChannelEndPoint@286686c7{l=/127.0.0.1:33277,r=/127.0.0.1:47730,OPEN,fill=-,flush=-,to=0/30000}{io=0/0,kio=0,kro=1}->SslConnection@4cb83cbe{NOT_HANDSHAKING,eio=339/-1,di=-1,fill=IDLE,flush=IDLE}~>DecryptedEndPoint@5b137fb9{l=/127.0.0.1:33277,r=/127.0.0.1:47730,OPEN,fill=-,flush=-,to=3/30000}=>HttpConnection@747ce97[p=HttpParser{s=START,0 of -1},g=HttpGenerator@c167c27{s=START}]=>HttpChannelOverHttp@106c09d0{s=HttpChannelState@47df993b{s=IDLE rs=BLOCKING os=OPEN is=IDLE awp=false se=false i=true al=0},r=0,c=false/false,a=IDLE,uri=null,age=0}
02:10:03.464 [qtp399373008-62] DEBUG org.eclipse.jetty.io.ssl.SslConnection - unwrap net_filled=339 Status = OK HandshakeStatus = NEED_TASK bytesConsumed = 339 bytesProduced = 0 encryptedBuffer=[p=339,l=339,c=17408,r=0] unwrapBuffer=HeapByteBuffer@816b3[p=0,l=0,c=17408,r=0]={<<<>>>\x17\x03\x03\x00\xC9\x84=\x9bF...\x00\x00\x00\x00\x00\x00\x00} appBuffer=HeapByteBuffer@816b3[p=0,l=0,c=17408,r=0]={<<<>>>\x17\x03\x03\x00\xC9\x84=\x9bF...\x00\x00\x00\x00\x00\x00\x00}
02:10:03.464 [qtp399373008-62] DEBUG org.eclipse.jetty.io.ssl.SslConnection - fill NEED_TASK
02:10:03.470 [qtp399373008-62] DEBUG org.eclipse.jetty.io.ssl.SslConnection - fill NEED_WRAP
02:10:03.470 [qtp399373008-62] DEBUG org.eclipse.jetty.io.ssl.SslConnection - >flush SslConnection@4cb83cbe::SocketChannelEndPoint@286686c7{l=/127.0.0.1:33277,r=/127.0.0.1:47730,OPEN,fill=-,flush=-,to=6/30000}{io=0/0,kio=0,kro=1}->SslConnection@4cb83cbe{NEED_WRAP,eio=0/-1,di=-1,fill=IDLE,flush=IDLE}~>DecryptedEndPoint@5b137fb9{l=/127.0.0.1:33277,r=/127.0.0.1:47730,OPEN,fill=-,flush=-,to=9/30000}=>HttpConnection@747ce97[p=HttpParser{s=START,0 of -1},g=HttpGenerator@c167c27{s=START}]=>HttpChannelOverHttp@106c09d0{s=HttpChannelState@47df993b{s=IDLE rs=BLOCKING os=OPEN is=IDLE awp=false se=false i=true al=0},r=0,c=false/false,a=IDLE,uri=null,age=0}
02:10:03.470 [qtp399373008-62] DEBUG org.eclipse.jetty.io.ssl.SslConnection - flush b[0]=HeapByteBuffer@58b1a525[p=0,l=0,c=0,r=0]={<<<>>>}
02:10:03.470 [qtp399373008-62] DEBUG org.eclipse.jetty.io.ssl.SslConnection - flush NEED_WRAP
02:10:03.470 [qtp399373008-62] DEBUG org.eclipse.jetty.io.ssl.SslConnection - wrap Status = OK HandshakeStatus = NEED_WRAP bytesConsumed = 0 bytesProduced = 160 [p=0,l=160,c=17408,r=160] ioDone=false/false
02:10:03.470 [qtp399373008-62] DEBUG org.eclipse.jetty.io.ChannelEndPoint - flushed 160 SocketChannelEndPoint@286686c7{l=/127.0.0.1:33277,r=/127.0.0.1:47730,OPEN,fill=-,flush=-,to=6/30000}{io=0/0,kio=0,kro=1}->SslConnection@4cb83cbe{NEED_WRAP,eio=0/0,di=-1,fill=IDLE,flush=IDLE}~>DecryptedEndPoint@5b137fb9{l=/127.0.0.1:33277,r=/127.0.0.1:47730,OPEN,fill=-,flush=-,to=9/30000}=>HttpConnection@747ce97[p=HttpParser{s=START,0 of -1},g=HttpGenerator@c167c27{s=START}]=>HttpChannelOverHttp@106c09d0{s=HttpChannelState@47df993b{s=IDLE rs=BLOCKING os=OPEN is=IDLE awp=false se=false i=true al=0},r=0,c=false/false,a=IDLE,uri=null,age=0}
02:10:03.470 [qtp399373008-62] DEBUG org.eclipse.jetty.io.ssl.SslConnection - net flushed=true, ac=true
02:10:03.470 [qtp399373008-62] DEBUG org.eclipse.jetty.io.ssl.SslConnection - flush NEED_WRAP
02:10:03.471 [qtp399373008-62] DEBUG org.eclipse.jetty.io.ssl.SslConnection - wrap Status = OK HandshakeStatus = NEED_WRAP bytesConsumed = 0 bytesProduced = 6 [p=0,l=6,c=17408,r=6] ioDone=false/false
02:10:03.471 [qtp399373008-62] DEBUG org.eclipse.jetty.io.ChannelEndPoint - flushed 6 SocketChannelEndPoint@286686c7{l=/127.0.0.1:33277,r=/127.0.0.1:47730,OPEN,fill=-,flush=-,to=0/30000}{io=0/0,kio=0,kro=1}->SslConnection@4cb83cbe{NEED_WRAP,eio=0/0,di=-1,fill=IDLE,flush=IDLE}~>DecryptedEndPoint@5b137fb9{l=/127.0.0.1:33277,r=/127.0.0.1:47730,OPEN,fill=-,flush=-,to=9/30000}=>HttpConnection@747ce97[p=HttpParser{s=START,0 of -1},g=HttpGenerator@c167c27{s=START}]=>HttpChannelOverHttp@106c09d0{s=HttpChannelState@47df993b{s=IDLE rs=BLOCKING os=OPEN is=IDLE awp=false se=false i=true al=0},r=0,c=false/false,a=IDLE,uri=null,age=0}
02:10:03.471 [qtp399373008-62] DEBUG org.eclipse.jetty.io.ssl.SslConnection - net flushed=true, ac=true
02:10:03.471 [qtp399373008-62] DEBUG org.eclipse.jetty.io.ssl.SslConnection - flush NEED_WRAP
02:10:03.471 [qtp399373008-62] DEBUG org.eclipse.jetty.io.ssl.SslConnection - wrap Status = OK HandshakeStatus = NEED_UNWRAP bytesConsumed = 0 bytesProduced = 1597 [p=0,l=1597,c=17408,r=1597] ioDone=false/false
02:10:03.471 [qtp399373008-62] DEBUG org.eclipse.jetty.io.ChannelEndPoint - flushed 1597 SocketChannelEndPoint@286686c7{l=/127.0.0.1:33277,r=/127.0.0.1:47730,OPEN,fill=-,flush=-,to=0/30000}{io=0/0,kio=0,kro=1}->SslConnection@4cb83cbe{NEED_UNWRAP,eio=0/0,di=-1,fill=IDLE,flush=IDLE}~>DecryptedEndPoint@5b137fb9{l=/127.0.0.1:33277,r=/127.0.0.1:47730,OPEN,fill=-,flush=-,to=10/30000}=>HttpConnection@747ce97[p=HttpParser{s=START,0 of -1},g=HttpGenerator@c167c27{s=START}]=>HttpChannelOverHttp@106c09d0{s=HttpChannelState@47df993b{s=IDLE rs=BLOCKING os=OPEN is=IDLE awp=false se=false i=true al=0},r=0,c=false/false,a=IDLE,uri=null,age=0}
02:10:03.471 [qtp399373008-62] DEBUG org.eclipse.jetty.io.ssl.SslConnection - net flushed=true, ac=true
02:10:03.471 [qtp399373008-62] DEBUG org.eclipse.jetty.io.ssl.SslConnection - <flush true SslConnection@4cb83cbe::SocketChannelEndPoint@286686c7{l=/127.0.0.1:33277,r=/127.0.0.1:47730,OPEN,fill=-,flush=-,to=0/30000}{io=0/0,kio=0,kro=1}->SslConnection@4cb83cbe{NEED_UNWRAP,eio=0/-1,di=-1,fill=IDLE,flush=IDLE}~>DecryptedEndPoint@5b137fb9{l=/127.0.0.1:33277,r=/127.0.0.1:47730,OPEN,fill=-,flush=-,to=10/30000}=>HttpConnection@747ce97[p=HttpParser{s=START,0 of -1},g=HttpGenerator@c167c27{s=START}]=>HttpChannelOverHttp@106c09d0{s=HttpChannelState@47df993b{s=IDLE rs=BLOCKING os=OPEN is=IDLE awp=false se=false i=true al=0},r=0,c=false/false,a=IDLE,uri=null,age=0}
02:10:03.471 [qtp399373008-62] DEBUG org.eclipse.jetty.io.ssl.SslConnection - fill NEED_UNWRAP
02:10:03.471 [qtp399373008-62] DEBUG org.eclipse.jetty.io.ChannelEndPoint - filled 0 HeapByteBuffer@30c33a9d[p=0,l=0,c=17408,r=0]={<<<>>>\x16\x03\x03\x01N\x01\x00\x01J...\x00\x00\x00\x00\x00\x00\x00}
02:10:03.471 [qtp399373008-62] DEBUG org.eclipse.jetty.io.ssl.SslConnection - net filled=0
02:10:03.471 [qtp399373008-62] DEBUG org.eclipse.jetty.io.ssl.SslConnection - unwrap net_filled=0 Status = BUFFER_UNDERFLOW HandshakeStatus = NEED_UNWRAP bytesConsumed = 0 bytesProduced = 0 encryptedBuffer=[p=0,l=0,c=17408,r=0] unwrapBuffer=HeapByteBuffer@816b3[p=0,l=0,c=17408,r=0]={<<<>>>\x17\x03\x03\x00\xC9\x84=\x9bF...\x00\x00\x00\x00\x00\x00\x00} appBuffer=HeapByteBuffer@816b3[p=0,l=0,c=17408,r=0]={<<<>>>\x17\x03\x03\x00\xC9\x84=\x9bF...\x00\x00\x00\x00\x00\x00\x00}
02:10:03.471 [qtp399373008-62] DEBUG org.eclipse.jetty.io.ssl.SslConnection - <fill f=0 uf=true SslConnection@4cb83cbe::SocketChannelEndPoint@286686c7{l=/127.0.0.1:33277,r=/127.0.0.1:47730,OPEN,fill=-,flush=-,to=0/30000}{io=0/0,kio=0,kro=1}->SslConnection@4cb83cbe{NEED_UNWRAP,eio=-1/-1,di=-1,fill=IDLE,flush=IDLE}~>DecryptedEndPoint@5b137fb9{l=/127.0.0.1:33277,r=/127.0.0.1:47730,OPEN,fill=-,flush=-,to=10/30000}=>HttpConnection@747ce97[p=HttpParser{s=START,0 of -1},g=HttpGenerator@c167c27{s=START}]=>HttpChannelOverHttp@106c09d0{s=HttpChannelState@47df993b{s=IDLE rs=BLOCKING os=OPEN is=IDLE awp=false se=false i=true al=0},r=0,c=false/false,a=IDLE,uri=null,age=0}
02:10:03.472 [qtp399373008-62] DEBUG org.eclipse.jetty.io.ssl.SslConnection - >fill SslConnection@4cb83cbe::SocketChannelEndPoint@286686c7{l=/127.0.0.1:33277,r=/127.0.0.1:47730,OPEN,fill=-,flush=-,to=0/30000}{io=0/0,kio=0,kro=1}->SslConnection@4cb83cbe{NEED_UNWRAP,eio=-1/-1,di=-1,fill=IDLE,flush=IDLE}~>DecryptedEndPoint@5b137fb9{l=/127.0.0.1:33277,r=/127.0.0.1:47730,OPEN,fill=-,flush=-,to=10/30000}=>HttpConnection@747ce97[p=HttpParser{s=START,0 of -1},g=HttpGenerator@c167c27{s=START}]=>HttpChannelOverHttp@106c09d0{s=HttpChannelState@47df993b{s=IDLE rs=BLOCKING os=OPEN is=IDLE awp=false se=false i=true al=0},r=0,c=false/false,a=IDLE,uri=null,age=0}
02:10:03.472 [qtp399373008-62] DEBUG org.eclipse.jetty.io.ssl.SslConnection - fill NEED_UNWRAP
02:10:03.472 [qtp399373008-62] DEBUG org.eclipse.jetty.io.ChannelEndPoint - filled 0 HeapByteBuffer@ecff91a[p=0,l=0,c=17408,r=0]={<<<>>>\x17\x03\x03\x068\x10b+\x19...\x00\x00\x00\x00\x00\x00\x00}
02:10:03.472 [qtp399373008-62] DEBUG org.eclipse.jetty.io.ssl.SslConnection - net filled=0
02:10:03.472 [qtp399373008-62] DEBUG org.eclipse.jetty.io.ssl.SslConnection - unwrap net_filled=0 Status = BUFFER_UNDERFLOW HandshakeStatus = NEED_UNWRAP bytesConsumed = 0 bytesProduced = 0 encryptedBuffer=[p=0,l=0,c=17408,r=0] unwrapBuffer=HeapByteBuffer@816b3[p=0,l=0,c=17408,r=0]={<<<>>>\x17\x03\x03\x00\xC9\x84=\x9bF...\x00\x00\x00\x00\x00\x00\x00} appBuffer=HeapByteBuffer@816b3[p=0,l=0,c=17408,r=0]={<<<>>>\x17\x03\x03\x00\xC9\x84=\x9bF...\x00\x00\x00\x00\x00\x00\x00}
02:10:03.472 [qtp399373008-62] DEBUG org.eclipse.jetty.io.ssl.SslConnection - <fill f=0 uf=true SslConnection@4cb83cbe::SocketChannelEndPoint@286686c7{l=/127.0.0.1:33277,r=/127.0.0.1:47730,OPEN,fill=-,flush=-,to=0/30000}{io=0/0,kio=0,kro=1}->SslConnection@4cb83cbe{NEED_UNWRAP,eio=-1/-1,di=-1,fill=IDLE,flush=IDLE}~>DecryptedEndPoint@5b137fb9{l=/127.0.0.1:33277,r=/127.0.0.1:47730,OPEN,fill=-,flush=-,to=11/30000}=>HttpConnection@747ce97[p=HttpParser{s=START,0 of -1},g=HttpGenerator@c167c27{s=START}]=>HttpChannelOverHttp@106c09d0{s=HttpChannelState@47df993b{s=IDLE rs=BLOCKING os=OPEN is=IDLE awp=false se=false i=true al=0},r=0,c=false/false,a=IDLE,uri=null,age=0}
02:10:03.472 [qtp399373008-62] DEBUG org.eclipse.jetty.server.HttpConnection - HttpConnection@747ce97::DecryptedEndPoint@5b137fb9{l=/127.0.0.1:33277,r=/127.0.0.1:47730,OPEN,fill=-,flush=-,to=11/30000} filled 0 HeapByteBuffer@816b3[p=0,l=0,c=17408,r=0]={<<<>>>\x17\x03\x03\x00\xC9\x84=\x9bF...\x00\x00\x00\x00\x00\x00\x00}
02:10:03.472 [qtp399373008-62] DEBUG org.eclipse.jetty.server.HttpConnection - HttpConnection@747ce97::DecryptedEndPoint@5b137fb9{l=/127.0.0.1:33277,r=/127.0.0.1:47730,OPEN,fill=-,flush=-,to=11/30000} parse HeapByteBuffer@816b3[p=0,l=0,c=17408,r=0]={<<<>>>\x17\x03\x03\x00\xC9\x84=\x9bF...\x00\x00\x00\x00\x00\x00\x00} {}
02:10:03.472 [qtp399373008-62] DEBUG org.eclipse.jetty.http.HttpParser - parseNext s=START HeapByteBuffer@816b3[p=0,l=0,c=17408,r=0]={<<<>>>\x17\x03\x03\x00\xC9\x84=\x9bF...\x00\x00\x00\x00\x00\x00\x00}
02:10:03.472 [qtp399373008-62] DEBUG org.eclipse.jetty.server.HttpConnection - HttpConnection@747ce97::DecryptedEndPoint@5b137fb9{l=/127.0.0.1:33277,r=/127.0.0.1:47730,OPEN,fill=-,flush=-,to=11/30000} parsed false HttpParser{s=START,0 of -1}
02:10:03.472 [qtp399373008-62] DEBUG org.eclipse.jetty.server.HttpConnection - releaseRequestBuffer HttpConnection@747ce97::DecryptedEndPoint@5b137fb9{l=/127.0.0.1:33277,r=/127.0.0.1:47730,OPEN,fill=-,flush=-,to=11/30000}
02:10:03.472 [qtp399373008-62] DEBUG org.eclipse.jetty.io.AbstractConnection - fillInterested HttpConnection@747ce97::DecryptedEndPoint@5b137fb9{l=/127.0.0.1:33277,r=/127.0.0.1:47730,OPEN,fill=-,flush=-,to=11/30000}
02:10:03.472 [qtp399373008-62] DEBUG org.eclipse.jetty.io.FillInterest - interested FillInterest@351c2844{AC.ReadCB@747ce97{HttpConnection@747ce97::DecryptedEndPoint@5b137fb9{l=/127.0.0.1:33277,r=/127.0.0.1:47730,OPEN,fill=FI,flush=-,to=0/30000}}}
02:10:03.472 [qtp399373008-62] DEBUG org.eclipse.jetty.io.ssl.SslConnection - >needFillInterest s=IDLE/IDLE uf=true ei=null di=null SslConnection@4cb83cbe::SocketChannelEndPoint@286686c7{l=/127.0.0.1:33277,r=/127.0.0.1:47730,OPEN,fill=-,flush=-,to=0/30000}{io=0/0,kio=0,kro=1}->SslConnection@4cb83cbe{NEED_UNWRAP,eio=-1/-1,di=-1,fill=IDLE,flush=IDLE}~>DecryptedEndPoint@5b137fb9{l=/127.0.0.1:33277,r=/127.0.0.1:47730,OPEN,fill=FI,flush=-,to=0/30000}=>HttpConnection@747ce97[p=HttpParser{s=START,0 of -1},g=HttpGenerator@c167c27{s=START}]=>HttpChannelOverHttp@106c09d0{s=HttpChannelState@47df993b{s=IDLE rs=BLOCKING os=OPEN is=IDLE awp=false se=false i=true al=0},r=0,c=false/false,a=IDLE,uri=null,age=0}
02:10:03.472 [qtp399373008-62] DEBUG org.eclipse.jetty.io.ssl.SslConnection - <needFillInterest s=IDLE/INTERESTED f=false i=true w=null
02:10:03.472 [qtp399373008-62] DEBUG org.eclipse.jetty.io.ssl.SslConnection - ensureFillInterested SslConnection@4cb83cbe::SocketChannelEndPoint@286686c7{l=/127.0.0.1:33277,r=/127.0.0.1:47730,OPEN,fill=-,flush=-,to=1/30000}{io=0/0,kio=0,kro=1}->SslConnection@4cb83cbe{NEED_UNWRAP,eio=-1/-1,di=-1,fill=INTERESTED,flush=IDLE}~>DecryptedEndPoint@5b137fb9{l=/127.0.0.1:33277,r=/127.0.0.1:47730,OPEN,fill=FI,flush=-,to=0/30000}=>HttpConnection@747ce97[p=HttpParser{s=START,0 of -1},g=HttpGenerator@c167c27{s=START}]=>HttpChannelOverHttp@106c09d0{s=HttpChannelState@47df993b{s=IDLE rs=BLOCKING os=OPEN is=IDLE awp=false se=false i=true al=0},r=0,c=false/false,a=IDLE,uri=null,age=0}
02:10:03.472 [qtp399373008-62] DEBUG org.eclipse.jetty.io.FillInterest - interested FillInterest@69fc5794{SSLC.NBReadCB@4cb83cbe{SslConnection@4cb83cbe::SocketChannelEndPoint@286686c7{l=/127.0.0.1:33277,r=/127.0.0.1:47730,OPEN,fill=FI,flush=-,to=0/30000}{io=0/0,kio=0,kro=1}->SslConnection@4cb83cbe{NEED_UNWRAP,eio=-1/-1,di=-1,fill=INTERESTED,flush=IDLE}~>DecryptedEndPoint@5b137fb9{l=/127.0.0.1:33277,r=/127.0.0.1:47730,OPEN,fill=FI,flush=-,to=0/30000}=>HttpConnection@747ce97[p=HttpParser{s=START,0 of -1},g=HttpGenerator@c167c27{s=START}]=>HttpChannelOverHttp@106c09d0{s=HttpChannelState@47df993b{s=IDLE rs=BLOCKING os=OPEN is=IDLE awp=false se=false i=true al=0},r=0,c=false/false,a=IDLE,uri=null,age=0}}}
02:10:03.472 [qtp399373008-62] DEBUG org.eclipse.jetty.io.ChannelEndPoint - changeInterests p=false 0->1 for SocketChannelEndPoint@286686c7{l=/127.0.0.1:33277,r=/127.0.0.1:47730,OPEN,fill=FI,flush=-,to=0/30000}{io=0/1,kio=0,kro=1}->SslConnection@4cb83cbe{NEED_UNWRAP,eio=-1/-1,di=-1,fill=INTERESTED,flush=IDLE}~>DecryptedEndPoint@5b137fb9{l=/127.0.0.1:33277,r=/127.0.0.1:47730,OPEN,fill=FI,flush=-,to=0/30000}=>HttpConnection@747ce97[p=HttpParser{s=START,0 of -1},g=HttpGenerator@c167c27{s=START}]=>HttpChannelOverHttp@106c09d0{s=HttpChannelState@47df993b{s=IDLE rs=BLOCKING os=OPEN is=IDLE awp=false se=false i=true al=0},r=0,c=false/false,a=IDLE,uri=null,age=0}
02:10:03.472 [qtp399373008-62] DEBUG org.eclipse.jetty.io.ManagedSelector - Queued change lazy=false org.eclipse.jetty.io.ChannelEndPoint$$Lambda$255/1830220082@64accbd9 on ManagedSelector@7bb6ab3a{STARTED} id=3 keys=2 selected=0 updates=0
02:10:03.473 [qtp399373008-62] DEBUG org.eclipse.jetty.io.ManagedSelector - Wakeup on submit ManagedSelector@7bb6ab3a{STARTED} id=3 keys=2 selected=0 updates=1
02:10:03.473 [qtp399373008-62] DEBUG org.eclipse.jetty.server.HttpConnection - HttpConnection@747ce97::DecryptedEndPoint@5b137fb9{l=/127.0.0.1:33277,r=/127.0.0.1:47730,OPEN,fill=FI,flush=-,to=0/30000} onFillable exit HttpChannelState@47df993b{s=IDLE rs=BLOCKING os=OPEN is=IDLE awp=false se=false i=true al=0} null
02:10:03.473 [qtp399373008-62] DEBUG org.eclipse.jetty.io.ssl.SslConnection - <c.onFillable SslConnection@4cb83cbe::SocketChannelEndPoint@286686c7{l=/127.0.0.1:33277,r=/127.0.0.1:47730,OPEN,fill=FI,flush=-,to=0/30000}{io=0/1,kio=0,kro=1}->SslConnection@4cb83cbe{NEED_UNWRAP,eio=-1/-1,di=-1,fill=INTERESTED,flush=IDLE}~>DecryptedEndPoint@5b137fb9{l=/127.0.0.1:33277,r=/127.0.0.1:47730,OPEN,fill=FI,flush=-,to=0/30000}=>HttpConnection@747ce97[p=HttpParser{s=START,0 of -1},g=HttpGenerator@c167c27{s=START}]=>HttpChannelOverHttp@106c09d0{s=HttpChannelState@47df993b{s=IDLE rs=BLOCKING os=OPEN is=IDLE awp=false se=false i=true al=0},r=0,c=false/false,a=IDLE,uri=null,age=0}
02:10:03.473 [qtp399373008-62] DEBUG org.eclipse.jetty.util.thread.ReservedThreadExecutor - ReservedThread@60af7bcf{RUNNING,thread=Thread[qtp399373008-62,5,main]} was=RUNNING next=RESERVED size=0+2 capacity=8
02:10:03.473 [qtp399373008-62] DEBUG org.eclipse.jetty.util.thread.ReservedThreadExecutor - ReservedThread@60af7bcf{RESERVED,thread=Thread[qtp399373008-62,5,main]} waiting ReservedThreadExecutor@424fd310{reserved=2/8,pending=0}
02:10:03.473 [qtp399373008-61] DEBUG org.eclipse.jetty.io.ManagedSelector - Selector sun.nio.ch.EPollSelectorImpl@9718d65 woken with none selected
02:10:03.473 [qtp399373008-61] DEBUG org.eclipse.jetty.io.ManagedSelector - Selector sun.nio.ch.EPollSelectorImpl@9718d65 woken up from select, 0/0/2 selected
02:10:03.473 [qtp399373008-61] DEBUG org.eclipse.jetty.io.ManagedSelector - Selector sun.nio.ch.EPollSelectorImpl@9718d65 processing 0 keys, 1 updates
02:10:03.473 [qtp399373008-61] DEBUG org.eclipse.jetty.io.ManagedSelector - updateable 1
02:10:03.473 [qtp399373008-61] DEBUG org.eclipse.jetty.io.ManagedSelector - update org.eclipse.jetty.io.ChannelEndPoint$$Lambda$255/1830220082@64accbd9
02:10:03.473 [qtp399373008-61] DEBUG org.eclipse.jetty.io.ChannelEndPoint - Key interests updated 0 -> 1 on SocketChannelEndPoint@286686c7{l=/127.0.0.1:33277,r=/127.0.0.1:47730,OPEN,fill=FI,flush=-,to=0/30000}{io=1/1,kio=1,kro=1}->SslConnection@4cb83cbe{NEED_UNWRAP,eio=-1/-1,di=-1,fill=INTERESTED,flush=IDLE}~>DecryptedEndPoint@5b137fb9{l=/127.0.0.1:33277,r=/127.0.0.1:47730,OPEN,fill=FI,flush=-,to=1/30000}=>HttpConnection@747ce97[p=HttpParser{s=START,0 of -1},g=HttpGenerator@c167c27{s=START}]=>HttpChannelOverHttp@106c09d0{s=HttpChannelState@47df993b{s=IDLE rs=BLOCKING os=OPEN is=IDLE awp=false se=false i=true al=0},r=0,c=false/false,a=IDLE,uri=null,age=0}
02:10:03.473 [qtp399373008-61] DEBUG org.eclipse.jetty.io.ManagedSelector - updates 0
02:10:03.473 [qtp399373008-61] DEBUG org.eclipse.jetty.io.ManagedSelector - Selector sun.nio.ch.EPollSelectorImpl@9718d65 waiting with 2 keys
02:10:03.474 [qtp399373008-61] DEBUG org.eclipse.jetty.io.ManagedSelector - Selector sun.nio.ch.EPollSelectorImpl@9718d65 woken up from select, 1/1/2 selected
02:10:03.474 [qtp399373008-61] DEBUG org.eclipse.jetty.io.ManagedSelector - Selector sun.nio.ch.EPollSelectorImpl@9718d65 processing 1 keys, 0 updates
02:10:03.474 [qtp399373008-61] DEBUG org.eclipse.jetty.io.ManagedSelector - selected 1 sun.nio.ch.SelectionKeyImpl@2bbec903 SocketChannelEndPoint@286686c7{l=/127.0.0.1:33277,r=/127.0.0.1:47730,OPEN,fill=FI,flush=-,to=1/30000}{io=1/1,kio=1,kro=1}->SslConnection@4cb83cbe{NEED_UNWRAP,eio=-1/-1,di=-1,fill=INTERESTED,flush=IDLE}~>DecryptedEndPoint@5b137fb9{l=/127.0.0.1:33277,r=/127.0.0.1:47730,OPEN,fill=FI,flush=-,to=1/30000}=>HttpConnection@747ce97[p=HttpParser{s=START,0 of -1},g=HttpGenerator@c167c27{s=START}]=>HttpChannelOverHttp@106c09d0{s=HttpChannelState@47df993b{s=IDLE rs=BLOCKING os=OPEN is=IDLE awp=false se=false i=true al=0},r=0,c=false/false,a=IDLE,uri=null,age=0} 
02:10:03.474 [qtp399373008-61] DEBUG org.eclipse.jetty.io.ChannelEndPoint - onSelected 1->0 r=true w=false for SocketChannelEndPoint@286686c7{l=/127.0.0.1:33277,r=/127.0.0.1:47730,OPEN,fill=FI,flush=-,to=1/30000}{io=1/0,kio=1,kro=1}->SslConnection@4cb83cbe{NEED_UNWRAP,eio=-1/-1,di=-1,fill=INTERESTED,flush=IDLE}~>DecryptedEndPoint@5b137fb9{l=/127.0.0.1:33277,r=/127.0.0.1:47730,OPEN,fill=FI,flush=-,to=1/30000}=>HttpConnection@747ce97[p=HttpParser{s=START,0 of -1},g=HttpGenerator@c167c27{s=START}]=>HttpChannelOverHttp@106c09d0{s=HttpChannelState@47df993b{s=IDLE rs=BLOCKING os=OPEN is=IDLE awp=false se=false i=true al=0},r=0,c=false/false,a=IDLE,uri=null,age=0}
02:10:03.474 [qtp399373008-61] DEBUG org.eclipse.jetty.io.ChannelEndPoint - task CEP:SocketChannelEndPoint@286686c7{l=/127.0.0.1:33277,r=/127.0.0.1:47730,OPEN,fill=FI,flush=-,to=1/30000}{io=1/0,kio=1,kro=1}->SslConnection@4cb83cbe{NEED_UNWRAP,eio=-1/-1,di=-1,fill=INTERESTED,flush=IDLE}~>DecryptedEndPoint@5b137fb9{l=/127.0.0.1:33277,r=/127.0.0.1:47730,OPEN,fill=FI,flush=-,to=1/30000}=>HttpConnection@747ce97[p=HttpParser{s=START,0 of -1},g=HttpGenerator@c167c27{s=START}]=>HttpChannelOverHttp@106c09d0{s=HttpChannelState@47df993b{s=IDLE rs=BLOCKING os=OPEN is=IDLE awp=false se=false i=true al=0},r=0,c=false/false,a=IDLE,uri=null,age=0}:runFillable:BLOCKING
02:10:03.474 [qtp399373008-61] DEBUG org.eclipse.jetty.util.thread.ReservedThreadExecutor - ReservedThreadExecutor@424fd310{reserved=2/8,pending=0} tryExecute EatWhatYouKill@f478a81/SelectorProducer@19553973/PRODUCING/p=false/QueuedThreadPool[qtp399373008]@17cdf2d0{STARTED,8<=8<=200,i=1,r=-1,q=0}[ReservedThreadExecutor@424fd310{reserved=2/8,pending=0}][pc=0,pic=0,pec=0,epc=4]@2024-05-02T02:10:03.474+01:00
02:10:03.474 [qtp399373008-61] DEBUG org.eclipse.jetty.util.thread.strategy.EatWhatYouKill - EatWhatYouKill@f478a81/SelectorProducer@19553973/IDLE/p=true/QueuedThreadPool[qtp399373008]@17cdf2d0{STARTED,8<=8<=200,i=1,r=-1,q=0}[ReservedThreadExecutor@424fd310{reserved=1/8,pending=0}][pc=0,pic=0,pec=0,epc=4]@2024-05-02T02:10:03.474+01:00 m=EXECUTE_PRODUCE_CONSUME t=CEP:SocketChannelEndPoint@286686c7{l=/127.0.0.1:33277,r=/127.0.0.1:47730,OPEN,fill=FI,flush=-,to=2/30000}{io=1/0,kio=1,kro=1}->SslConnection@4cb83cbe{NEED_UNWRAP,eio=-1/-1,di=-1,fill=INTERESTED,flush=IDLE}~>DecryptedEndPoint@5b137fb9{l=/127.0.0.1:33277,r=/127.0.0.1:47730,OPEN,fill=FI,flush=-,to=2/30000}=>HttpConnection@747ce97[p=HttpParser{s=START,0 of -1},g=HttpGenerator@c167c27{s=START}]=>HttpChannelOverHttp@106c09d0{s=HttpChannelState@47df993b{s=IDLE rs=BLOCKING os=OPEN is=IDLE awp=false se=false i=true al=0},r=0,c=false/false,a=IDLE,uri=null,age=0}:runFillable:BLOCKING/BLOCKING
02:10:03.474 [qtp399373008-62] DEBUG org.eclipse.jetty.util.thread.ReservedThreadExecutor - ReservedThread@60af7bcf{RESERVED,thread=Thread[qtp399373008-62,5,main]} task=EatWhatYouKill@f478a81/SelectorProducer@19553973/IDLE/p=true/QueuedThreadPool[qtp399373008]@17cdf2d0{STARTED,8<=8<=200,i=1,r=-1,q=0}[ReservedThreadExecutor@424fd310{reserved=1/8,pending=0}][pc=0,pic=0,pec=0,epc=4]@2024-05-02T02:10:03.474+01:00 ReservedThreadExecutor@424fd310{reserved=1/8,pending=0}
02:10:03.475 [qtp399373008-62] DEBUG org.eclipse.jetty.util.thread.strategy.EatWhatYouKill - EatWhatYouKill@f478a81/SelectorProducer@19553973/IDLE/p=true/QueuedThreadPool[qtp399373008]@17cdf2d0{STARTED,8<=8<=200,i=1,r=-1,q=0}[ReservedThreadExecutor@424fd310{reserved=1/8,pending=0}][pc=0,pic=0,pec=0,epc=5]@2024-05-02T02:10:03.474+01:00 tryProduce true
02:10:03.475 [qtp399373008-61] DEBUG org.eclipse.jetty.io.FillInterest - fillable FillInterest@69fc5794{SSLC.NBReadCB@4cb83cbe{SslConnection@4cb83cbe::SocketChannelEndPoint@286686c7{l=/127.0.0.1:33277,r=/127.0.0.1:47730,OPEN,fill=FI,flush=-,to=2/30000}{io=1/0,kio=1,kro=1}->SslConnection@4cb83cbe{NEED_UNWRAP,eio=-1/-1,di=-1,fill=INTERESTED,flush=IDLE}~>DecryptedEndPoint@5b137fb9{l=/127.0.0.1:33277,r=/127.0.0.1:47730,OPEN,fill=FI,flush=-,to=2/30000}=>HttpConnection@747ce97[p=HttpParser{s=START,0 of -1},g=HttpGenerator@c167c27{s=START}]=>HttpChannelOverHttp@106c09d0{s=HttpChannelState@47df993b{s=IDLE rs=BLOCKING os=OPEN is=IDLE awp=false se=false i=true al=0},r=0,c=false/false,a=IDLE,uri=null,age=0}}}
02:10:03.475 [qtp399373008-62] DEBUG org.eclipse.jetty.io.ManagedSelector - updateable 0
02:10:03.475 [qtp399373008-62] DEBUG org.eclipse.jetty.io.ManagedSelector - updates 0
02:10:03.475 [qtp399373008-61] DEBUG org.eclipse.jetty.io.ssl.SslConnection - >c.onFillable SslConnection@4cb83cbe::SocketChannelEndPoint@286686c7{l=/127.0.0.1:33277,r=/127.0.0.1:47730,OPEN,fill=-,flush=-,to=2/30000}{io=1/0,kio=1,kro=1}->SslConnection@4cb83cbe{NEED_UNWRAP,eio=-1/-1,di=-1,fill=INTERESTED,flush=IDLE}~>DecryptedEndPoint@5b137fb9{l=/127.0.0.1:33277,r=/127.0.0.1:47730,OPEN,fill=FI,flush=-,to=2/30000}=>HttpConnection@747ce97[p=HttpParser{s=START,0 of -1},g=HttpGenerator@c167c27{s=START}]=>HttpChannelOverHttp@106c09d0{s=HttpChannelState@47df993b{s=IDLE rs=BLOCKING os=OPEN is=IDLE awp=false se=false i=true al=0},r=0,c=false/false,a=IDLE,uri=null,age=0}
02:10:03.475 [qtp399373008-62] DEBUG org.eclipse.jetty.io.ChannelEndPoint - Key interests updated 1 -> 0 on SocketChannelEndPoint@286686c7{l=/127.0.0.1:33277,r=/127.0.0.1:47730,OPEN,fill=-,flush=-,to=2/30000}{io=0/0,kio=0,kro=1}->SslConnection@4cb83cbe{NEED_UNWRAP,eio=-1/-1,di=-1,fill=INTERESTED,flush=IDLE}~>DecryptedEndPoint@5b137fb9{l=/127.0.0.1:33277,r=/127.0.0.1:47730,OPEN,fill=FI,flush=-,to=2/30000}=>HttpConnection@747ce97[p=HttpParser{s=START,0 of -1},g=HttpGenerator@c167c27{s=START}]=>HttpChannelOverHttp@106c09d0{s=HttpChannelState@47df993b{s=IDLE rs=BLOCKING os=OPEN is=IDLE awp=false se=false i=true al=0},r=0,c=false/false,a=IDLE,uri=null,age=0}
02:10:03.475 [qtp399373008-62] DEBUG org.eclipse.jetty.io.ManagedSelector - Selector sun.nio.ch.EPollSelectorImpl@9718d65 waiting with 2 keys
02:10:03.475 [qtp399373008-61] DEBUG org.eclipse.jetty.io.ssl.SslConnection - onFillable SslConnection@4cb83cbe::SocketChannelEndPoint@286686c7{l=/127.0.0.1:33277,r=/127.0.0.1:47730,OPEN,fill=-,flush=-,to=2/30000}{io=0/0,kio=0,kro=1}->SslConnection@4cb83cbe{NEED_UNWRAP,eio=-1/-1,di=-1,fill=INTERESTED,flush=IDLE}~>DecryptedEndPoint@5b137fb9{l=/127.0.0.1:33277,r=/127.0.0.1:47730,OPEN,fill=FI,flush=-,to=2/30000}=>HttpConnection@747ce97[p=HttpParser{s=START,0 of -1},g=HttpGenerator@c167c27{s=START}]=>HttpChannelOverHttp@106c09d0{s=HttpChannelState@47df993b{s=IDLE rs=BLOCKING os=OPEN is=IDLE awp=false se=false i=true al=0},r=0,c=false/false,a=IDLE,uri=null,age=0}
02:10:03.475 [qtp399373008-61] DEBUG org.eclipse.jetty.io.FillInterest - fillable FillInterest@351c2844{AC.ReadCB@747ce97{HttpConnection@747ce97::DecryptedEndPoint@5b137fb9{l=/127.0.0.1:33277,r=/127.0.0.1:47730,OPEN,fill=FI,flush=-,to=2/30000}}}
02:10:03.475 [qtp399373008-61] DEBUG org.eclipse.jetty.server.HttpConnection - HttpConnection@747ce97::DecryptedEndPoint@5b137fb9{l=/127.0.0.1:33277,r=/127.0.0.1:47730,OPEN,fill=-,flush=-,to=2/30000} onFillable enter HttpChannelState@47df993b{s=IDLE rs=BLOCKING os=OPEN is=IDLE awp=false se=false i=true al=0} null
02:10:03.475 [qtp399373008-61] DEBUG org.eclipse.jetty.io.ssl.SslConnection - >fill SslConnection@4cb83cbe::SocketChannelEndPoint@286686c7{l=/127.0.0.1:33277,r=/127.0.0.1:47730,OPEN,fill=-,flush=-,to=2/30000}{io=0/0,kio=0,kro=1}->SslConnection@4cb83cbe{NEED_UNWRAP,eio=-1/-1,di=-1,fill=IDLE,flush=IDLE}~>DecryptedEndPoint@5b137fb9{l=/127.0.0.1:33277,r=/127.0.0.1:47730,OPEN,fill=-,flush=-,to=2/30000}=>HttpConnection@747ce97[p=HttpParser{s=START,0 of -1},g=HttpGenerator@c167c27{s=START}]=>HttpChannelOverHttp@106c09d0{s=HttpChannelState@47df993b{s=IDLE rs=BLOCKING os=OPEN is=IDLE awp=false se=false i=true al=0},r=0,c=false/false,a=IDLE,uri=null,age=0}
02:10:03.475 [qtp399373008-61] DEBUG org.eclipse.jetty.io.ssl.SslConnection - fill NEED_UNWRAP
02:10:03.475 [qtp399373008-61] DEBUG org.eclipse.jetty.io.ChannelEndPoint - filled 6 HeapByteBuffer@ecff91a[p=0,l=6,c=17408,r=6]={<<<\x14\x03\x03\x00\x01\x01>>>b+\x19\xD9\x1f\xF9P\xCe\xE8...\x00\x00\x00\x00\x00\x00\x00}
02:10:03.475 [qtp399373008-61] DEBUG org.eclipse.jetty.io.ssl.SslConnection - net filled=6
02:10:03.475 [qtp399373008-61] DEBUG org.eclipse.jetty.io.ssl.SslConnection - unwrap net_filled=6 Status = OK HandshakeStatus = NEED_UNWRAP bytesConsumed = 6 bytesProduced = 0 encryptedBuffer=[p=6,l=6,c=17408,r=0] unwrapBuffer=HeapByteBuffer@30c33a9d[p=0,l=0,c=17408,r=0]={<<<>>>\x16\x03\x03\x01N\x01\x00\x01J...\x00\x00\x00\x00\x00\x00\x00} appBuffer=HeapByteBuffer@30c33a9d[p=0,l=0,c=17408,r=0]={<<<>>>\x16\x03\x03\x01N\x01\x00\x01J...\x00\x00\x00\x00\x00\x00\x00}
02:10:03.475 [qtp399373008-61] DEBUG org.eclipse.jetty.io.ssl.SslConnection - fill NEED_UNWRAP
02:10:03.475 [qtp399373008-61] DEBUG org.eclipse.jetty.io.ChannelEndPoint - filled 0 HeapByteBuffer@ecff91a[p=0,l=0,c=17408,r=0]={<<<>>>\x14\x03\x03\x00\x01\x01b+\x19...\x00\x00\x00\x00\x00\x00\x00}
02:10:03.475 [qtp399373008-61] DEBUG org.eclipse.jetty.io.ssl.SslConnection - net filled=0
02:10:03.475 [qtp399373008-61] DEBUG org.eclipse.jetty.io.ssl.SslConnection - unwrap net_filled=0 Status = BUFFER_UNDERFLOW HandshakeStatus = NEED_UNWRAP bytesConsumed = 0 bytesProduced = 0 encryptedBuffer=[p=0,l=0,c=17408,r=0] unwrapBuffer=HeapByteBuffer@30c33a9d[p=0,l=0,c=17408,r=0]={<<<>>>\x16\x03\x03\x01N\x01\x00\x01J...\x00\x00\x00\x00\x00\x00\x00} appBuffer=HeapByteBuffer@30c33a9d[p=0,l=0,c=17408,r=0]={<<<>>>\x16\x03\x03\x01N\x01\x00\x01J...\x00\x00\x00\x00\x00\x00\x00}
02:10:03.476 [qtp399373008-61] DEBUG org.eclipse.jetty.io.ssl.SslConnection - <fill f=0 uf=true SslConnection@4cb83cbe::SocketChannelEndPoint@286686c7{l=/127.0.0.1:33277,r=/127.0.0.1:47730,OPEN,fill=-,flush=-,to=0/30000}{io=0/0,kio=0,kro=1}->SslConnection@4cb83cbe{NEED_UNWRAP,eio=-1/-1,di=-1,fill=IDLE,flush=IDLE}~>DecryptedEndPoint@5b137fb9{l=/127.0.0.1:33277,r=/127.0.0.1:47730,OPEN,fill=-,flush=-,to=3/30000}=>HttpConnection@747ce97[p=HttpParser{s=START,0 of -1},g=HttpGenerator@c167c27{s=START}]=>HttpChannelOverHttp@106c09d0{s=HttpChannelState@47df993b{s=IDLE rs=BLOCKING os=OPEN is=IDLE awp=false se=false i=true al=0},r=0,c=false/false,a=IDLE,uri=null,age=0}
02:10:03.476 [qtp399373008-61] DEBUG org.eclipse.jetty.io.ssl.SslConnection - >fill SslConnection@4cb83cbe::SocketChannelEndPoint@286686c7{l=/127.0.0.1:33277,r=/127.0.0.1:47730,OPEN,fill=-,flush=-,to=0/30000}{io=0/0,kio=0,kro=1}->SslConnection@4cb83cbe{NEED_UNWRAP,eio=-1/-1,di=-1,fill=IDLE,flush=IDLE}~>DecryptedEndPoint@5b137fb9{l=/127.0.0.1:33277,r=/127.0.0.1:47730,OPEN,fill=-,flush=-,to=3/30000}=>HttpConnection@747ce97[p=HttpParser{s=START,0 of -1},g=HttpGenerator@c167c27{s=START}]=>HttpChannelOverHttp@106c09d0{s=HttpChannelState@47df993b{s=IDLE rs=BLOCKING os=OPEN is=IDLE awp=false se=false i=true al=0},r=0,c=false/false,a=IDLE,uri=null,age=0}
02:10:03.476 [qtp399373008-61] DEBUG org.eclipse.jetty.io.ssl.SslConnection - fill NEED_UNWRAP
02:10:03.476 [qtp399373008-61] DEBUG org.eclipse.jetty.io.ChannelEndPoint - filled 0 HeapByteBuffer@816b3[p=0,l=0,c=17408,r=0]={<<<>>>\x17\x03\x03\x00\xC9\x84=\x9bF...\x00\x00\x00\x00\x00\x00\x00}
02:10:03.476 [qtp399373008-61] DEBUG org.eclipse.jetty.io.ssl.SslConnection - net filled=0
02:10:03.476 [qtp399373008-61] DEBUG org.eclipse.jetty.io.ssl.SslConnection - unwrap net_filled=0 Status = BUFFER_UNDERFLOW HandshakeStatus = NEED_UNWRAP bytesConsumed = 0 bytesProduced = 0 encryptedBuffer=[p=0,l=0,c=17408,r=0] unwrapBuffer=HeapByteBuffer@30c33a9d[p=0,l=0,c=17408,r=0]={<<<>>>\x16\x03\x03\x01N\x01\x00\x01J...\x00\x00\x00\x00\x00\x00\x00} appBuffer=HeapByteBuffer@30c33a9d[p=0,l=0,c=17408,r=0]={<<<>>>\x16\x03\x03\x01N\x01\x00\x01J...\x00\x00\x00\x00\x00\x00\x00}
02:10:03.476 [qtp399373008-61] DEBUG org.eclipse.jetty.io.ssl.SslConnection - <fill f=0 uf=true SslConnection@4cb83cbe::SocketChannelEndPoint@286686c7{l=/127.0.0.1:33277,r=/127.0.0.1:47730,OPEN,fill=-,flush=-,to=0/30000}{io=0/0,kio=0,kro=1}->SslConnection@4cb83cbe{NEED_UNWRAP,eio=-1/-1,di=-1,fill=IDLE,flush=IDLE}~>DecryptedEndPoint@5b137fb9{l=/127.0.0.1:33277,r=/127.0.0.1:47730,OPEN,fill=-,flush=-,to=3/30000}=>HttpConnection@747ce97[p=HttpParser{s=START,0 of -1},g=HttpGenerator@c167c27{s=START}]=>HttpChannelOverHttp@106c09d0{s=HttpChannelState@47df993b{s=IDLE rs=BLOCKING os=OPEN is=IDLE awp=false se=false i=true al=0},r=0,c=false/false,a=IDLE,uri=null,age=0}
02:10:03.476 [qtp399373008-61] DEBUG org.eclipse.jetty.server.HttpConnection - HttpConnection@747ce97::DecryptedEndPoint@5b137fb9{l=/127.0.0.1:33277,r=/127.0.0.1:47730,OPEN,fill=-,flush=-,to=3/30000} filled 0 HeapByteBuffer@30c33a9d[p=0,l=0,c=17408,r=0]={<<<>>>\x16\x03\x03\x01N\x01\x00\x01J...\x00\x00\x00\x00\x00\x00\x00}
02:10:03.476 [qtp399373008-61] DEBUG org.eclipse.jetty.server.HttpConnection - HttpConnection@747ce97::DecryptedEndPoint@5b137fb9{l=/127.0.0.1:33277,r=/127.0.0.1:47730,OPEN,fill=-,flush=-,to=3/30000} parse HeapByteBuffer@30c33a9d[p=0,l=0,c=17408,r=0]={<<<>>>\x16\x03\x03\x01N\x01\x00\x01J...\x00\x00\x00\x00\x00\x00\x00} {}
02:10:03.476 [qtp399373008-61] DEBUG org.eclipse.jetty.http.HttpParser - parseNext s=START HeapByteBuffer@30c33a9d[p=0,l=0,c=17408,r=0]={<<<>>>\x16\x03\x03\x01N\x01\x00\x01J...\x00\x00\x00\x00\x00\x00\x00}
02:10:03.476 [qtp399373008-61] DEBUG org.eclipse.jetty.server.HttpConnection - HttpConnection@747ce97::DecryptedEndPoint@5b137fb9{l=/127.0.0.1:33277,r=/127.0.0.1:47730,OPEN,fill=-,flush=-,to=3/30000} parsed false HttpParser{s=START,0 of -1}
02:10:03.476 [qtp399373008-61] DEBUG org.eclipse.jetty.server.HttpConnection - releaseRequestBuffer HttpConnection@747ce97::DecryptedEndPoint@5b137fb9{l=/127.0.0.1:33277,r=/127.0.0.1:47730,OPEN,fill=-,flush=-,to=3/30000}
02:10:03.476 [qtp399373008-61] DEBUG org.eclipse.jetty.io.AbstractConnection - fillInterested HttpConnection@747ce97::DecryptedEndPoint@5b137fb9{l=/127.0.0.1:33277,r=/127.0.0.1:47730,OPEN,fill=-,flush=-,to=3/30000}
02:10:03.476 [qtp399373008-61] DEBUG org.eclipse.jetty.io.FillInterest - interested FillInterest@351c2844{AC.ReadCB@747ce97{HttpConnection@747ce97::DecryptedEndPoint@5b137fb9{l=/127.0.0.1:33277,r=/127.0.0.1:47730,OPEN,fill=FI,flush=-,to=0/30000}}}
02:10:03.476 [qtp399373008-61] DEBUG org.eclipse.jetty.io.ssl.SslConnection - >needFillInterest s=IDLE/IDLE uf=true ei=null di=null SslConnection@4cb83cbe::SocketChannelEndPoint@286686c7{l=/127.0.0.1:33277,r=/127.0.0.1:47730,OPEN,fill=-,flush=-,to=0/30000}{io=0/0,kio=0,kro=1}->SslConnection@4cb83cbe{NEED_UNWRAP,eio=-1/-1,di=-1,fill=IDLE,flush=IDLE}~>DecryptedEndPoint@5b137fb9{l=/127.0.0.1:33277,r=/127.0.0.1:47730,OPEN,fill=FI,flush=-,to=0/30000}=>HttpConnection@747ce97[p=HttpParser{s=START,0 of -1},g=HttpGenerator@c167c27{s=START}]=>HttpChannelOverHttp@106c09d0{s=HttpChannelState@47df993b{s=IDLE rs=BLOCKING os=OPEN is=IDLE awp=false se=false i=true al=0},r=0,c=false/false,a=IDLE,uri=null,age=0}
02:10:03.476 [qtp399373008-61] DEBUG org.eclipse.jetty.io.ssl.SslConnection - <needFillInterest s=IDLE/INTERESTED f=false i=true w=null
02:10:03.476 [qtp399373008-61] DEBUG org.eclipse.jetty.io.ssl.SslConnection - ensureFillInterested SslConnection@4cb83cbe::SocketChannelEndPoint@286686c7{l=/127.0.0.1:33277,r=/127.0.0.1:47730,OPEN,fill=-,flush=-,to=0/30000}{io=0/0,kio=0,kro=1}->SslConnection@4cb83cbe{NEED_UNWRAP,eio=-1/-1,di=-1,fill=INTERESTED,flush=IDLE}~>DecryptedEndPoint@5b137fb9{l=/127.0.0.1:33277,r=/127.0.0.1:47730,OPEN,fill=FI,flush=-,to=0/30000}=>HttpConnection@747ce97[p=HttpParser{s=START,0 of -1},g=HttpGenerator@c167c27{s=START}]=>HttpChannelOverHttp@106c09d0{s=HttpChannelState@47df993b{s=IDLE rs=BLOCKING os=OPEN is=IDLE awp=false se=false i=true al=0},r=0,c=false/false,a=IDLE,uri=null,age=0}
02:10:03.476 [qtp399373008-61] DEBUG org.eclipse.jetty.io.FillInterest - interested FillInterest@69fc5794{SSLC.NBReadCB@4cb83cbe{SslConnection@4cb83cbe::SocketChannelEndPoint@286686c7{l=/127.0.0.1:33277,r=/127.0.0.1:47730,OPEN,fill=FI,flush=-,to=0/30000}{io=0/0,kio=0,kro=1}->SslConnection@4cb83cbe{NEED_UNWRAP,eio=-1/-1,di=-1,fill=INTERESTED,flush=IDLE}~>DecryptedEndPoint@5b137fb9{l=/127.0.0.1:33277,r=/127.0.0.1:47730,OPEN,fill=FI,flush=-,to=0/30000}=>HttpConnection@747ce97[p=HttpParser{s=START,0 of -1},g=HttpGenerator@c167c27{s=START}]=>HttpChannelOverHttp@106c09d0{s=HttpChannelState@47df993b{s=IDLE rs=BLOCKING os=OPEN is=IDLE awp=false se=false i=true al=0},r=0,c=false/false,a=IDLE,uri=null,age=0}}}
02:10:03.476 [qtp399373008-61] DEBUG org.eclipse.jetty.io.ChannelEndPoint - changeInterests p=false 0->1 for SocketChannelEndPoint@286686c7{l=/127.0.0.1:33277,r=/127.0.0.1:47730,OPEN,fill=FI,flush=-,to=0/30000}{io=0/1,kio=0,kro=1}->SslConnection@4cb83cbe{NEED_UNWRAP,eio=-1/-1,di=-1,fill=INTERESTED,flush=IDLE}~>DecryptedEndPoint@5b137fb9{l=/127.0.0.1:33277,r=/127.0.0.1:47730,OPEN,fill=FI,flush=-,to=0/30000}=>HttpConnection@747ce97[p=HttpParser{s=START,0 of -1},g=HttpGenerator@c167c27{s=START}]=>HttpChannelOverHttp@106c09d0{s=HttpChannelState@47df993b{s=IDLE rs=BLOCKING os=OPEN is=IDLE awp=false se=false i=true al=0},r=0,c=false/false,a=IDLE,uri=null,age=0}
02:10:03.476 [qtp399373008-61] DEBUG org.eclipse.jetty.io.ManagedSelector - Queued change lazy=false org.eclipse.jetty.io.ChannelEndPoint$$Lambda$255/1830220082@64accbd9 on ManagedSelector@7bb6ab3a{STARTED} id=3 keys=2 selected=0 updates=0
02:10:03.476 [qtp399373008-61] DEBUG org.eclipse.jetty.io.ManagedSelector - Wakeup on submit ManagedSelector@7bb6ab3a{STARTED} id=3 keys=2 selected=0 updates=1
02:10:03.477 [qtp399373008-62] DEBUG org.eclipse.jetty.io.ManagedSelector - Selector sun.nio.ch.EPollSelectorImpl@9718d65 woken with none selected
02:10:03.477 [qtp399373008-61] DEBUG org.eclipse.jetty.server.HttpConnection - HttpConnection@747ce97::DecryptedEndPoint@5b137fb9{l=/127.0.0.1:33277,r=/127.0.0.1:47730,OPEN,fill=FI,flush=-,to=0/30000} onFillable exit HttpChannelState@47df993b{s=IDLE rs=BLOCKING os=OPEN is=IDLE awp=false se=false i=true al=0} null
02:10:03.477 [qtp399373008-62] DEBUG org.eclipse.jetty.io.ManagedSelector - Selector sun.nio.ch.EPollSelectorImpl@9718d65 woken up from select, 0/0/2 selected
02:10:03.477 [qtp399373008-62] DEBUG org.eclipse.jetty.io.ManagedSelector - Selector sun.nio.ch.EPollSelectorImpl@9718d65 processing 0 keys, 1 updates
02:10:03.477 [qtp399373008-62] DEBUG org.eclipse.jetty.io.ManagedSelector - updateable 1
02:10:03.477 [qtp399373008-62] DEBUG org.eclipse.jetty.io.ManagedSelector - update org.eclipse.jetty.io.ChannelEndPoint$$Lambda$255/1830220082@64accbd9
02:10:03.477 [qtp399373008-61] DEBUG org.eclipse.jetty.io.ssl.SslConnection - <c.onFillable SslConnection@4cb83cbe::SocketChannelEndPoint@286686c7{l=/127.0.0.1:33277,r=/127.0.0.1:47730,OPEN,fill=FI,flush=-,to=0/30000}{io=0/1,kio=0,kro=1}->SslConnection@4cb83cbe{NEED_UNWRAP,eio=-1/-1,di=-1,fill=INTERESTED,flush=IDLE}~>DecryptedEndPoint@5b137fb9{l=/127.0.0.1:33277,r=/127.0.0.1:47730,OPEN,fill=FI,flush=-,to=0/30000}=>HttpConnection@747ce97[p=HttpParser{s=START,0 of -1},g=HttpGenerator@c167c27{s=START}]=>HttpChannelOverHttp@106c09d0{s=HttpChannelState@47df993b{s=IDLE rs=BLOCKING os=OPEN is=IDLE awp=false se=false i=true al=0},r=0,c=false/false,a=IDLE,uri=null,age=0}
02:10:03.477 [qtp399373008-62] DEBUG org.eclipse.jetty.io.ChannelEndPoint - Key interests updated 0 -> 1 on SocketChannelEndPoint@286686c7{l=/127.0.0.1:33277,r=/127.0.0.1:47730,OPEN,fill=FI,flush=-,to=0/30000}{io=1/1,kio=1,kro=1}->SslConnection@4cb83cbe{NEED_UNWRAP,eio=-1/-1,di=-1,fill=INTERESTED,flush=IDLE}~>DecryptedEndPoint@5b137fb9{l=/127.0.0.1:33277,r=/127.0.0.1:47730,OPEN,fill=FI,flush=-,to=0/30000}=>HttpConnection@747ce97[p=HttpParser{s=START,0 of -1},g=HttpGenerator@c167c27{s=START}]=>HttpChannelOverHttp@106c09d0{s=HttpChannelState@47df993b{s=IDLE rs=BLOCKING os=OPEN is=IDLE awp=false se=false i=true al=0},r=0,c=false/false,a=IDLE,uri=null,age=0}
02:10:03.477 [qtp399373008-62] DEBUG org.eclipse.jetty.io.ManagedSelector - updates 0
02:10:03.477 [qtp399373008-61] DEBUG org.eclipse.jetty.util.thread.ReservedThreadExecutor - ReservedThread@731d7367{RUNNING,thread=Thread[qtp399373008-61,5,main]} was=RUNNING next=RESERVED size=0+2 capacity=8
02:10:03.477 [qtp399373008-62] DEBUG org.eclipse.jetty.io.ManagedSelector - Selector sun.nio.ch.EPollSelectorImpl@9718d65 waiting with 2 keys
02:10:03.477 [qtp399373008-61] DEBUG org.eclipse.jetty.util.thread.ReservedThreadExecutor - ReservedThread@731d7367{RESERVED,thread=Thread[qtp399373008-61,5,main]} waiting ReservedThreadExecutor@424fd310{reserved=2/8,pending=0}
02:10:03.517 [qtp399373008-62] DEBUG org.eclipse.jetty.io.ManagedSelector - Selector sun.nio.ch.EPollSelectorImpl@9718d65 woken up from select, 1/1/2 selected
02:10:03.517 [qtp399373008-62] DEBUG org.eclipse.jetty.io.ManagedSelector - Selector sun.nio.ch.EPollSelectorImpl@9718d65 processing 1 keys, 0 updates
02:10:03.517 [qtp399373008-62] DEBUG org.eclipse.jetty.io.ManagedSelector - selected 1 sun.nio.ch.SelectionKeyImpl@2bbec903 SocketChannelEndPoint@286686c7{l=/127.0.0.1:33277,r=/127.0.0.1:47730,OPEN,fill=FI,flush=-,to=40/30000}{io=1/1,kio=1,kro=1}->SslConnection@4cb83cbe{NEED_UNWRAP,eio=-1/-1,di=-1,fill=INTERESTED,flush=IDLE}~>DecryptedEndPoint@5b137fb9{l=/127.0.0.1:33277,r=/127.0.0.1:47730,OPEN,fill=FI,flush=-,to=40/30000}=>HttpConnection@747ce97[p=HttpParser{s=START,0 of -1},g=HttpGenerator@c167c27{s=START}]=>HttpChannelOverHttp@106c09d0{s=HttpChannelState@47df993b{s=IDLE rs=BLOCKING os=OPEN is=IDLE awp=false se=false i=true al=0},r=0,c=false/false,a=IDLE,uri=null,age=0} 
02:10:03.517 [qtp399373008-62] DEBUG org.eclipse.jetty.io.ChannelEndPoint - onSelected 1->0 r=true w=false for SocketChannelEndPoint@286686c7{l=/127.0.0.1:33277,r=/127.0.0.1:47730,OPEN,fill=FI,flush=-,to=40/30000}{io=1/0,kio=1,kro=1}->SslConnection@4cb83cbe{NEED_UNWRAP,eio=-1/-1,di=-1,fill=INTERESTED,flush=IDLE}~>DecryptedEndPoint@5b137fb9{l=/127.0.0.1:33277,r=/127.0.0.1:47730,OPEN,fill=FI,flush=-,to=40/30000}=>HttpConnection@747ce97[p=HttpParser{s=START,0 of -1},g=HttpGenerator@c167c27{s=START}]=>HttpChannelOverHttp@106c09d0{s=HttpChannelState@47df993b{s=IDLE rs=BLOCKING os=OPEN is=IDLE awp=false se=false i=true al=0},r=0,c=false/false,a=IDLE,uri=null,age=0}
02:10:03.517 [qtp399373008-62] DEBUG org.eclipse.jetty.io.ChannelEndPoint - task CEP:SocketChannelEndPoint@286686c7{l=/127.0.0.1:33277,r=/127.0.0.1:47730,OPEN,fill=FI,flush=-,to=40/30000}{io=1/0,kio=1,kro=1}->SslConnection@4cb83cbe{NEED_UNWRAP,eio=-1/-1,di=-1,fill=INTERESTED,flush=IDLE}~>DecryptedEndPoint@5b137fb9{l=/127.0.0.1:33277,r=/127.0.0.1:47730,OPEN,fill=FI,flush=-,to=40/30000}=>HttpConnection@747ce97[p=HttpParser{s=START,0 of -1},g=HttpGenerator@c167c27{s=START}]=>HttpChannelOverHttp@106c09d0{s=HttpChannelState@47df993b{s=IDLE rs=BLOCKING os=OPEN is=IDLE awp=false se=false i=true al=0},r=0,c=false/false,a=IDLE,uri=null,age=0}:runFillable:BLOCKING
02:10:03.517 [qtp399373008-62] DEBUG org.eclipse.jetty.util.thread.ReservedThreadExecutor - ReservedThreadExecutor@424fd310{reserved=2/8,pending=0} tryExecute EatWhatYouKill@f478a81/SelectorProducer@19553973/PRODUCING/p=false/QueuedThreadPool[qtp399373008]@17cdf2d0{STARTED,8<=8<=200,i=1,r=-1,q=0}[ReservedThreadExecutor@424fd310{reserved=2/8,pending=0}][pc=0,pic=0,pec=0,epc=5]@2024-05-02T02:10:03.517+01:00
02:10:03.517 [qtp399373008-61] DEBUG org.eclipse.jetty.util.thread.ReservedThreadExecutor - ReservedThread@731d7367{RESERVED,thread=Thread[qtp399373008-61,5,main]} task=EatWhatYouKill@f478a81/SelectorProducer@19553973/IDLE/p=true/QueuedThreadPool[qtp399373008]@17cdf2d0{STARTED,8<=8<=200,i=1,r=-1,q=0}[ReservedThreadExecutor@424fd310{reserved=1/8,pending=0}][pc=0,pic=0,pec=0,epc=5]@2024-05-02T02:10:03.517+01:00 ReservedThreadExecutor@424fd310{reserved=1/8,pending=0}
02:10:03.517 [qtp399373008-62] DEBUG org.eclipse.jetty.util.thread.strategy.EatWhatYouKill - EatWhatYouKill@f478a81/SelectorProducer@19553973/IDLE/p=true/QueuedThreadPool[qtp399373008]@17cdf2d0{STARTED,8<=8<=200,i=1,r=-1,q=0}[ReservedThreadExecutor@424fd310{reserved=1/8,pending=0}][pc=0,pic=0,pec=0,epc=5]@2024-05-02T02:10:03.517+01:00 m=EXECUTE_PRODUCE_CONSUME t=CEP:SocketChannelEndPoint@286686c7{l=/127.0.0.1:33277,r=/127.0.0.1:47730,OPEN,fill=FI,flush=-,to=40/30000}{io=1/0,kio=1,kro=1}->SslConnection@4cb83cbe{NEED_UNWRAP,eio=-1/-1,di=-1,fill=INTERESTED,flush=IDLE}~>DecryptedEndPoint@5b137fb9{l=/127.0.0.1:33277,r=/127.0.0.1:47730,OPEN,fill=FI,flush=-,to=41/30000}=>HttpConnection@747ce97[p=HttpParser{s=START,0 of -1},g=HttpGenerator@c167c27{s=START}]=>HttpChannelOverHttp@106c09d0{s=HttpChannelState@47df993b{s=IDLE rs=BLOCKING os=OPEN is=IDLE awp=false se=false i=true al=0},r=0,c=false/false,a=IDLE,uri=null,age=0}:runFillable:BLOCKING/BLOCKING
02:10:03.517 [qtp399373008-61] DEBUG org.eclipse.jetty.util.thread.strategy.EatWhatYouKill - EatWhatYouKill@f478a81/SelectorProducer@19553973/IDLE/p=true/QueuedThreadPool[qtp399373008]@17cdf2d0{STARTED,8<=8<=200,i=1,r=-1,q=0}[ReservedThreadExecutor@424fd310{reserved=1/8,pending=0}][pc=0,pic=0,pec=0,epc=6]@2024-05-02T02:10:03.517+01:00 tryProduce true
02:10:03.517 [qtp399373008-61] DEBUG org.eclipse.jetty.io.ManagedSelector - updateable 0
02:10:03.517 [qtp399373008-61] DEBUG org.eclipse.jetty.io.ManagedSelector - updates 0
02:10:03.517 [qtp399373008-62] DEBUG org.eclipse.jetty.io.FillInterest - fillable FillInterest@69fc5794{SSLC.NBReadCB@4cb83cbe{SslConnection@4cb83cbe::SocketChannelEndPoint@286686c7{l=/127.0.0.1:33277,r=/127.0.0.1:47730,OPEN,fill=FI,flush=-,to=41/30000}{io=1/0,kio=1,kro=1}->SslConnection@4cb83cbe{NEED_UNWRAP,eio=-1/-1,di=-1,fill=INTERESTED,flush=IDLE}~>DecryptedEndPoint@5b137fb9{l=/127.0.0.1:33277,r=/127.0.0.1:47730,OPEN,fill=FI,flush=-,to=41/30000}=>HttpConnection@747ce97[p=HttpParser{s=START,0 of -1},g=HttpGenerator@c167c27{s=START}]=>HttpChannelOverHttp@106c09d0{s=HttpChannelState@47df993b{s=IDLE rs=BLOCKING os=OPEN is=IDLE awp=false se=false i=true al=0},r=0,c=false/false,a=IDLE,uri=null,age=0}}}
02:10:03.517 [qtp399373008-61] DEBUG org.eclipse.jetty.io.ChannelEndPoint - Key interests updated 1 -> 0 on SocketChannelEndPoint@286686c7{l=/127.0.0.1:33277,r=/127.0.0.1:47730,OPEN,fill=FI,flush=-,to=41/30000}{io=0/0,kio=0,kro=1}->SslConnection@4cb83cbe{NEED_UNWRAP,eio=-1/-1,di=-1,fill=INTERESTED,flush=IDLE}~>DecryptedEndPoint@5b137fb9{l=/127.0.0.1:33277,r=/127.0.0.1:47730,OPEN,fill=FI,flush=-,to=41/30000}=>HttpConnection@747ce97[p=HttpParser{s=START,0 of -1},g=HttpGenerator@c167c27{s=START}]=>HttpChannelOverHttp@106c09d0{s=HttpChannelState@47df993b{s=IDLE rs=BLOCKING os=OPEN is=IDLE awp=false se=false i=true al=0},r=0,c=false/false,a=IDLE,uri=null,age=0}
02:10:03.517 [qtp399373008-62] DEBUG org.eclipse.jetty.io.ssl.SslConnection - >c.onFillable SslConnection@4cb83cbe::SocketChannelEndPoint@286686c7{l=/127.0.0.1:33277,r=/127.0.0.1:47730,OPEN,fill=-,flush=-,to=41/30000}{io=0/0,kio=0,kro=1}->SslConnection@4cb83cbe{NEED_UNWRAP,eio=-1/-1,di=-1,fill=INTERESTED,flush=IDLE}~>DecryptedEndPoint@5b137fb9{l=/127.0.0.1:33277,r=/127.0.0.1:47730,OPEN,fill=FI,flush=-,to=41/30000}=>HttpConnection@747ce97[p=HttpParser{s=START,0 of -1},g=HttpGenerator@c167c27{s=START}]=>HttpChannelOverHttp@106c09d0{s=HttpChannelState@47df993b{s=IDLE rs=BLOCKING os=OPEN is=IDLE awp=false se=false i=true al=0},r=0,c=false/false,a=IDLE,uri=null,age=0}
02:10:03.517 [qtp399373008-61] DEBUG org.eclipse.jetty.io.ManagedSelector - Selector sun.nio.ch.EPollSelectorImpl@9718d65 waiting with 2 keys
02:10:03.518 [qtp399373008-62] DEBUG org.eclipse.jetty.io.ssl.SslConnection - onFillable SslConnection@4cb83cbe::SocketChannelEndPoint@286686c7{l=/127.0.0.1:33277,r=/127.0.0.1:47730,OPEN,fill=-,flush=-,to=41/30000}{io=0/0,kio=0,kro=1}->SslConnection@4cb83cbe{NEED_UNWRAP,eio=-1/-1,di=-1,fill=INTERESTED,flush=IDLE}~>DecryptedEndPoint@5b137fb9{l=/127.0.0.1:33277,r=/127.0.0.1:47730,OPEN,fill=FI,flush=-,to=41/30000}=>HttpConnection@747ce97[p=HttpParser{s=START,0 of -1},g=HttpGenerator@c167c27{s=START}]=>HttpChannelOverHttp@106c09d0{s=HttpChannelState@47df993b{s=IDLE rs=BLOCKING os=OPEN is=IDLE awp=false se=false i=true al=0},r=0,c=false/false,a=IDLE,uri=null,age=0}
02:10:03.518 [qtp399373008-62] DEBUG org.eclipse.jetty.io.FillInterest - fillable FillInterest@351c2844{AC.ReadCB@747ce97{HttpConnection@747ce97::DecryptedEndPoint@5b137fb9{l=/127.0.0.1:33277,r=/127.0.0.1:47730,OPEN,fill=FI,flush=-,to=41/30000}}}
02:10:03.518 [qtp399373008-62] DEBUG org.eclipse.jetty.server.HttpConnection - HttpConnection@747ce97::DecryptedEndPoint@5b137fb9{l=/127.0.0.1:33277,r=/127.0.0.1:47730,OPEN,fill=-,flush=-,to=41/30000} onFillable enter HttpChannelState@47df993b{s=IDLE rs=BLOCKING os=OPEN is=IDLE awp=false se=false i=true al=0} null
02:10:03.518 [qtp399373008-62] DEBUG org.eclipse.jetty.io.ssl.SslConnection - >fill SslConnection@4cb83cbe::SocketChannelEndPoint@286686c7{l=/127.0.0.1:33277,r=/127.0.0.1:47730,OPEN,fill=-,flush=-,to=41/30000}{io=0/0,kio=0,kro=1}->SslConnection@4cb83cbe{NEED_UNWRAP,eio=-1/-1,di=-1,fill=IDLE,flush=IDLE}~>DecryptedEndPoint@5b137fb9{l=/127.0.0.1:33277,r=/127.0.0.1:47730,OPEN,fill=-,flush=-,to=41/30000}=>HttpConnection@747ce97[p=HttpParser{s=START,0 of -1},g=HttpGenerator@c167c27{s=START}]=>HttpChannelOverHttp@106c09d0{s=HttpChannelState@47df993b{s=IDLE rs=BLOCKING os=OPEN is=IDLE awp=false se=false i=true al=0},r=0,c=false/false,a=IDLE,uri=null,age=0}
02:10:03.518 [qtp399373008-62] DEBUG org.eclipse.jetty.io.ssl.SslConnection - fill NEED_UNWRAP
02:10:03.518 [qtp399373008-62] DEBUG org.eclipse.jetty.io.ChannelEndPoint - filled 1501 HeapByteBuffer@816b3[p=0,l=1501,c=17408,r=1501]={<<<\x17\x03\x03\x03\xAd\xBd\xF6C\x80\xCf\x04\xCa\xE9\x08\n\xC9\x8dxX\xBe\x19l\x8c\xB7\xB7...\xD4\xB2\x8dsW7\x0e'\xAd\xE9\xA3\xB8\x1e1\xB0\xCe\x04\xFb\xFe\xEcR7T>>>Y\xD5\xC2K?\xBc\x12W\x19...\x00\x00\x00\x00\x00\x00\x00}
02:10:03.518 [qtp399373008-62] DEBUG org.eclipse.jetty.io.ssl.SslConnection - net filled=1501
02:10:03.518 [qtp399373008-62] DEBUG org.eclipse.jetty.io.ssl.SslConnection - unwrap net_filled=1501 Status = OK HandshakeStatus = NEED_TASK bytesConsumed = 946 bytesProduced = 0 encryptedBuffer=[p=946,l=1501,c=17408,r=555] unwrapBuffer=HeapByteBuffer@ecff91a[p=0,l=0,c=17408,r=0]={<<<>>>\x14\x03\x03\x00\x01\x01b+\x19...\x00\x00\x00\x00\x00\x00\x00} appBuffer=HeapByteBuffer@ecff91a[p=0,l=0,c=17408,r=0]={<<<>>>\x14\x03\x03\x00\x01\x01b+\x19...\x00\x00\x00\x00\x00\x00\x00}
02:10:03.518 [qtp399373008-62] DEBUG org.eclipse.jetty.io.ssl.SslConnection - fill NEED_TASK
02:10:03.518 [qtp399373008-62] DEBUG org.eclipse.jetty.io.ssl.SslConnection - fill NEED_UNWRAP
02:10:03.518 [qtp399373008-62] DEBUG org.eclipse.jetty.io.ChannelEndPoint - filled 0 HeapByteBuffer@816b3[p=946,l=1501,c=17408,r=555]={\x17\x03\x03\x03\xAd\x0b\x00\x03\x88...Y%\xF2$\x03\x80#<<<\x17\x03\x03\x01)\x1aVG\x97Z\x90\x91\x89\x9f\x81\xF0\xAdW\xF6=\xFc\x87\x9bk\x1c...\xD4\xB2\x8dsW7\x0e'\xAd\xE9\xA3\xB8\x1e1\xB0\xCe\x04\xFb\xFe\xEcR7T>>>Y\xD5\xC2K?\xBc\x12W\x19...\x00\x00\x00\x00\x00\x00\x00}
02:10:03.518 [qtp399373008-62] DEBUG org.eclipse.jetty.io.ssl.SslConnection - net filled=0
02:10:03.518 [qtp399373008-62] DEBUG org.eclipse.jetty.io.ssl.SslConnection - unwrap net_filled=0 Status = OK HandshakeStatus = NEED_TASK bytesConsumed = 302 bytesProduced = 0 encryptedBuffer=[p=1248,l=1501,c=17408,r=253] unwrapBuffer=HeapByteBuffer@ecff91a[p=0,l=0,c=17408,r=0]={<<<>>>\x14\x03\x03\x00\x01\x01b+\x19...\x00\x00\x00\x00\x00\x00\x00} appBuffer=HeapByteBuffer@ecff91a[p=0,l=0,c=17408,r=0]={<<<>>>\x14\x03\x03\x00\x01\x01b+\x19...\x00\x00\x00\x00\x00\x00\x00}
02:10:03.518 [qtp399373008-62] DEBUG org.eclipse.jetty.io.ssl.SslConnection - fill NEED_TASK
02:10:03.518 [qtp399373008-62] DEBUG org.eclipse.jetty.io.ssl.SslConnection - fill NEED_UNWRAP
02:10:03.518 [qtp399373008-62] DEBUG org.eclipse.jetty.io.ChannelEndPoint - filled 0 HeapByteBuffer@816b3[p=1248,l=1501,c=17408,r=253]={\x17\x03\x03\x03\xAd\x0b\x00\x03\x88...\xB78\x93\xB5\xBf\xBf\xB6<<<\x17\x03\x03\x00U\xA5\xCa\xEf\x0c\xCf\x00\xEc\xEc\xAfI\xD3\xE6\xCa\xCe\xE5\xD1\xE4\x1fsI...\xD4\xB2\x8dsW7\x0e'\xAd\xE9\xA3\xB8\x1e1\xB0\xCe\x04\xFb\xFe\xEcR7T>>>Y\xD5\xC2K?\xBc\x12W\x19...\x00\x00\x00\x00\x00\x00\x00}
02:10:03.518 [qtp399373008-62] DEBUG org.eclipse.jetty.io.ssl.SslConnection - net filled=0
02:10:03.519 [qtp399373008-62] DEBUG org.eclipse.jetty.io.ssl.SslConnection - unwrap net_filled=0 Status = OK HandshakeStatus = NEED_WRAP bytesConsumed = 90 bytesProduced = 0 encryptedBuffer=[p=1338,l=1501,c=17408,r=163] unwrapBuffer=HeapByteBuffer@ecff91a[p=0,l=0,c=17408,r=0]={<<<>>>\x14\x03\x03\x00\x01\x01b+\x19...\x00\x00\x00\x00\x00\x00\x00} appBuffer=HeapByteBuffer@ecff91a[p=0,l=0,c=17408,r=0]={<<<>>>\x14\x03\x03\x00\x01\x01b+\x19...\x00\x00\x00\x00\x00\x00\x00}
02:10:03.519 [qtp399373008-62] DEBUG org.eclipse.jetty.io.ssl.SslConnection - fill NEED_WRAP
02:10:03.519 [qtp399373008-62] DEBUG org.eclipse.jetty.io.ssl.SslConnection - >flush SslConnection@4cb83cbe::SocketChannelEndPoint@286686c7{l=/127.0.0.1:33277,r=/127.0.0.1:47730,OPEN,fill=-,flush=-,to=1/30000}{io=0/0,kio=0,kro=1}->SslConnection@4cb83cbe{NEED_WRAP,eio=163/-1,di=-1,fill=IDLE,flush=IDLE}~>DecryptedEndPoint@5b137fb9{l=/127.0.0.1:33277,r=/127.0.0.1:47730,OPEN,fill=-,flush=-,to=42/30000}=>HttpConnection@747ce97[p=HttpParser{s=START,0 of -1},g=HttpGenerator@c167c27{s=START}]=>HttpChannelOverHttp@106c09d0{s=HttpChannelState@47df993b{s=IDLE rs=BLOCKING os=OPEN is=IDLE awp=false se=false i=true al=0},r=0,c=false/false,a=IDLE,uri=null,age=0}
02:10:03.519 [qtp399373008-62] DEBUG org.eclipse.jetty.io.ssl.SslConnection - flush b[0]=HeapByteBuffer@58b1a525[p=0,l=0,c=0,r=0]={<<<>>>}
02:10:03.519 [qtp399373008-62] DEBUG org.eclipse.jetty.io.ssl.SslConnection - flush NEED_WRAP
02:10:03.519 [qtp399373008-62] DEBUG org.eclipse.jetty.io.ssl.SslConnection - wrap Status = OK HandshakeStatus = FINISHED bytesConsumed = 0 bytesProduced = 88 [p=0,l=88,c=17408,r=88] ioDone=false/false
02:10:03.520 [qtp399373008-62] DEBUG org.eclipse.jetty.io.ChannelEndPoint - flushed 88 SocketChannelEndPoint@286686c7{l=/127.0.0.1:33277,r=/127.0.0.1:47730,OPEN,fill=-,flush=-,to=1/30000}{io=0/0,kio=0,kro=1}->SslConnection@4cb83cbe{NOT_HANDSHAKING,eio=163/0,di=-1,fill=IDLE,flush=IDLE}~>DecryptedEndPoint@5b137fb9{l=/127.0.0.1:33277,r=/127.0.0.1:47730,OPEN,fill=-,flush=-,to=43/30000}=>HttpConnection@747ce97[p=HttpParser{s=START,0 of -1},g=HttpGenerator@c167c27{s=START}]=>HttpChannelOverHttp@106c09d0{s=HttpChannelState@47df993b{s=IDLE rs=BLOCKING os=OPEN is=IDLE awp=false se=false i=true al=0},r=0,c=false/false,a=IDLE,uri=null,age=0}
02:10:03.520 [qtp399373008-62] DEBUG org.eclipse.jetty.io.ssl.SslConnection - net flushed=true, ac=true
02:10:03.520 [qtp399373008-62] DEBUG org.eclipse.jetty.io.ssl.SslConnection - handshake succeeded SslConnection@4cb83cbe::SocketChannelEndPoint@286686c7{l=/127.0.0.1:33277,r=/127.0.0.1:47730,OPEN,fill=-,flush=-,to=0/30000}{io=0/0,kio=0,kro=1}->SslConnection@4cb83cbe{NOT_HANDSHAKING,eio=163/0,di=-1,fill=IDLE,flush=IDLE}~>DecryptedEndPoint@5b137fb9{l=/127.0.0.1:33277,r=/127.0.0.1:47730,OPEN,fill=-,flush=-,to=43/30000}=>HttpConnection@747ce97[p=HttpParser{s=START,0 of -1},g=HttpGenerator@c167c27{s=START}]=>HttpChannelOverHttp@106c09d0{s=HttpChannelState@47df993b{s=IDLE rs=BLOCKING os=OPEN is=IDLE awp=false se=false i=true al=0},r=0,c=false/false,a=IDLE,uri=null,age=0} resumed server TLSv1.3/TLS_AES_256_GCM_SHA384
02:10:03.520 [qtp399373008-62] DEBUG org.eclipse.jetty.io.ssl.SslConnection - <flush true SslConnection@4cb83cbe::SocketChannelEndPoint@286686c7{l=/127.0.0.1:33277,r=/127.0.0.1:47730,OPEN,fill=-,flush=-,to=0/30000}{io=0/0,kio=0,kro=1}->SslConnection@4cb83cbe{NOT_HANDSHAKING,eio=163/-1,di=-1,fill=IDLE,flush=IDLE}~>DecryptedEndPoint@5b137fb9{l=/127.0.0.1:33277,r=/127.0.0.1:47730,OPEN,fill=-,flush=-,to=43/30000}=>HttpConnection@747ce97[p=HttpParser{s=START,0 of -1},g=HttpGenerator@c167c27{s=START}]=>HttpChannelOverHttp@106c09d0{s=HttpChannelState@47df993b{s=IDLE rs=BLOCKING os=OPEN is=IDLE awp=false se=false i=true al=0},r=0,c=false/false,a=IDLE,uri=null,age=0}
02:10:03.520 [qtp399373008-62] DEBUG org.eclipse.jetty.io.ssl.SslConnection - fill NOT_HANDSHAKING
02:10:03.520 [qtp399373008-62] DEBUG org.eclipse.jetty.io.ChannelEndPoint - filled 0 HeapByteBuffer@816b3[p=1338,l=1501,c=17408,r=163]={\x17\x03\x03\x03\xAd\x0b\x00\x03\x88...dm\x08\xAa\x8b\x10:<<<\x17\x03\x03\x00\x9e{U\x08\x8b\x00^'\xAd]\xB2\x10\xC2 \xE2\x8c\xF8\xF8M\x14\x9a...\xD4\xB2\x8dsW7\x0e'\xAd\xE9\xA3\xB8\x1e1\xB0\xCe\x04\xFb\xFe\xEcR7T>>>Y\xD5\xC2K?\xBc\x12W\x19...\x00\x00\x00\x00\x00\x00\x00}
02:10:03.520 [qtp399373008-62] DEBUG org.eclipse.jetty.io.ssl.SslConnection - net filled=0
02:10:03.520 [qtp399373008-62] DEBUG org.eclipse.jetty.io.ssl.SslConnection - unwrap net_filled=0 Status = OK HandshakeStatus = NOT_HANDSHAKING bytesConsumed = 163 bytesProduced = 125 encryptedBuffer=[p=1501,l=1501,c=17408,r=0] unwrapBuffer=HeapByteBuffer@ecff91a[p=0,l=125,c=17408,r=125]={<<<GET /config.yml HTTP/1.1\r...gent: okhttp/3.12.3\r\n\r\n>>>\xB5\xB3\xD9\xE7\x9141\xD9n...\x00\x00\x00\x00\x00\x00\x00} appBuffer=HeapByteBuffer@ecff91a[p=0,l=125,c=17408,r=125]={<<<GET /config.yml HTTP/1.1\r...gent: okhttp/3.12.3\r\n\r\n>>>\xB5\xB3\xD9\xE7\x9141\xD9n...\x00\x00\x00\x00\x00\x00\x00}
02:10:03.520 [qtp399373008-62] DEBUG org.eclipse.jetty.io.ssl.SslConnection - <fill f=125 uf=false SslConnection@4cb83cbe::SocketChannelEndPoint@286686c7{l=/127.0.0.1:33277,r=/127.0.0.1:47730,OPEN,fill=-,flush=-,to=0/30000}{io=0/0,kio=0,kro=1}->SslConnection@4cb83cbe{NOT_HANDSHAKING,eio=-1/-1,di=-1,fill=IDLE,flush=IDLE}~>DecryptedEndPoint@5b137fb9{l=/127.0.0.1:33277,r=/127.0.0.1:47730,OPEN,fill=-,flush=-,to=43/30000}=>HttpConnection@747ce97[p=HttpParser{s=START,0 of -1},g=HttpGenerator@c167c27{s=START}]=>HttpChannelOverHttp@106c09d0{s=HttpChannelState@47df993b{s=IDLE rs=BLOCKING os=OPEN is=IDLE awp=false se=false i=true al=0},r=0,c=false/false,a=IDLE,uri=null,age=0}
02:10:03.520 [qtp399373008-62] DEBUG org.eclipse.jetty.server.HttpConnection - HttpConnection@747ce97::DecryptedEndPoint@5b137fb9{l=/127.0.0.1:33277,r=/127.0.0.1:47730,OPEN,fill=-,flush=-,to=43/30000} filled 125 HeapByteBuffer@ecff91a[p=0,l=125,c=17408,r=125]={<<<GET /config.yml HTTP/1.1\r...gent: okhttp/3.12.3\r\n\r\n>>>\xB5\xB3\xD9\xE7\x9141\xD9n...\x00\x00\x00\x00\x00\x00\x00}
02:10:03.520 [qtp399373008-62] DEBUG org.eclipse.jetty.server.HttpConnection - HttpConnection@747ce97::DecryptedEndPoint@5b137fb9{l=/127.0.0.1:33277,r=/127.0.0.1:47730,OPEN,fill=-,flush=-,to=43/30000} parse HeapByteBuffer@ecff91a[p=0,l=125,c=17408,r=125]={<<<GET /config.yml HTTP/1.1\r...gent: okhttp/3.12.3\r\n\r\n>>>\xB5\xB3\xD9\xE7\x9141\xD9n...\x00\x00\x00\x00\x00\x00\x00} {}
02:10:03.520 [qtp399373008-62] DEBUG org.eclipse.jetty.http.HttpParser - parseNext s=START HeapByteBuffer@ecff91a[p=0,l=125,c=17408,r=125]={<<<GET /config.yml HTTP/1.1\r...gent: okhttp/3.12.3\r\n\r\n>>>\xB5\xB3\xD9\xE7\x9141\xD9n...\x00\x00\x00\x00\x00\x00\x00}
02:10:03.520 [qtp399373008-62] DEBUG org.eclipse.jetty.http.HttpParser - START --> SPACE1
02:10:03.520 [qtp399373008-62] DEBUG org.eclipse.jetty.http.HttpParser - SPACE1 --> URI
02:10:03.520 [qtp399373008-62] DEBUG org.eclipse.jetty.http.HttpParser - URI --> SPACE2
02:10:03.520 [qtp399373008-62] DEBUG org.eclipse.jetty.http.HttpParser - SPACE2 --> REQUEST_VERSION
02:10:03.520 [qtp399373008-62] DEBUG org.eclipse.jetty.http.HttpParser - REQUEST_VERSION --> HEADER
02:10:03.520 [qtp399373008-62] DEBUG org.eclipse.jetty.http.HttpParser - HEADER:Host --> VALUE
02:10:03.520 [qtp399373008-62] DEBUG org.eclipse.jetty.http.HttpParser - HEADER:Host --> IN_VALUE
02:10:03.520 [qtp399373008-62] DEBUG org.eclipse.jetty.http.HttpParser - HEADER:Host --> FIELD
02:10:03.520 [qtp399373008-62] DEBUG org.eclipse.jetty.http.HttpParser - HEADER:Connection: keep-alive --> IN_VALUE
02:10:03.520 [qtp399373008-62] DEBUG org.eclipse.jetty.http.HttpParser - HEADER:Connection: keep-alive --> FIELD
02:10:03.520 [qtp399373008-62] DEBUG org.eclipse.jetty.http.HttpParser - HEADER:Accept-Encoding: gzip --> IN_VALUE
02:10:03.520 [qtp399373008-62] DEBUG org.eclipse.jetty.http.HttpParser - HEADER:Accept-Encoding: gzip --> FIELD
02:10:03.520 [qtp399373008-62] DEBUG org.eclipse.jetty.http.HttpParser - HEADER:User-Agent --> VALUE
02:10:03.520 [qtp399373008-62] DEBUG org.eclipse.jetty.http.HttpParser - HEADER:User-Agent --> IN_VALUE
02:10:03.520 [qtp399373008-62] DEBUG org.eclipse.jetty.http.HttpParser - HEADER:User-Agent --> FIELD
02:10:03.520 [qtp399373008-62] DEBUG org.eclipse.jetty.http.HttpParser - HEADER --> CONTENT
02:10:03.520 [qtp399373008-62] DEBUG org.eclipse.jetty.server.HttpChannel - REQUEST for //localhost:33277/config.yml on HttpChannelOverHttp@106c09d0{s=HttpChannelState@47df993b{s=IDLE rs=BLOCKING os=OPEN is=IDLE awp=false se=false i=true al=0},r=1,c=false/false,a=IDLE,uri=//localhost:33277/config.yml,age=0}
GET //localhost:33277/config.yml HTTP/1.1
Host: localhost:33277
Connection: keep-alive
Accept-Encoding: gzip
User-Agent: okhttp/3.12.3


02:10:03.520 [qtp399373008-62] DEBUG org.eclipse.jetty.server.HttpConnection - HttpConnection@747ce97::DecryptedEndPoint@5b137fb9{l=/127.0.0.1:33277,r=/127.0.0.1:47730,OPEN,fill=-,flush=-,to=44/30000} parsed true HttpParser{s=CONTENT,0 of -1}
02:10:03.520 [qtp399373008-62] DEBUG org.eclipse.jetty.server.HttpConnection - releaseRequestBuffer HttpConnection@747ce97::DecryptedEndPoint@5b137fb9{l=/127.0.0.1:33277,r=/127.0.0.1:47730,OPEN,fill=-,flush=-,to=44/30000}
02:10:03.520 [qtp399373008-62] DEBUG org.eclipse.jetty.server.HttpChannel - handle //localhost:33277/config.yml HttpChannelOverHttp@106c09d0{s=HttpChannelState@47df993b{s=IDLE rs=BLOCKING os=OPEN is=IDLE awp=false se=false i=true al=0},r=1,c=false/false,a=IDLE,uri=//localhost:33277/config.yml,age=0} 
02:10:03.520 [qtp399373008-62] DEBUG org.eclipse.jetty.server.HttpChannelState - handling HttpChannelState@47df993b{s=IDLE rs=BLOCKING os=OPEN is=IDLE awp=false se=false i=true al=0}
02:10:03.520 [qtp399373008-62] DEBUG org.eclipse.jetty.server.HttpChannel - action DISPATCH HttpChannelOverHttp@106c09d0{s=HttpChannelState@47df993b{s=HANDLING rs=BLOCKING os=OPEN is=IDLE awp=false se=false i=true al=0},r=1,c=false/false,a=HANDLING,uri=//localhost:33277/config.yml,age=0}
02:10:03.520 [qtp399373008-62] DEBUG org.eclipse.jetty.server.SecureRequestCustomizer - Host localhost with SNI null
02:10:03.520 [qtp399373008-62] DEBUG org.eclipse.jetty.server.Server - REQUEST GET /config.yml on HttpChannelOverHttp@106c09d0{s=HttpChannelState@47df993b{s=HANDLING rs=BLOCKING os=OPEN is=IDLE awp=false se=false i=true al=0},r=1,c=false/false,a=HANDLING,uri=https://localhost:33277/config.yml,age=0}
02:10:03.521 [qtp399373008-62] DEBUG org.eclipse.jetty.server.HttpOutput - write(array HeapByteBuffer@54e36ca[p=0,l=4,c=512,r=4]={<<<path>>>\x00\x00\x00\x00\x00\x00\x00\x00\x00...\x00\x00\x00\x00\x00\x00\x00})
02:10:03.521 [qtp399373008-62] DEBUG org.eclipse.jetty.server.HttpOutput - write(array) s=CLOSING,api=BLOCKED,sc=false,e=null last=true agg=false flush=true async=false, len=4 null
02:10:03.521 [qtp399373008-62] DEBUG org.eclipse.jetty.server.HttpChannel - sendResponse info=null content=HeapByteBuffer@32967792[p=0,l=4,c=512,r=4]={<<<path>>>\x00\x00\x00\x00\x00\x00\x00\x00\x00...\x00\x00\x00\x00\x00\x00\x00} complete=true committing=true callback=Blocker@30658022{null}
02:10:03.521 [qtp399373008-62] DEBUG org.eclipse.jetty.server.HttpChannel - COMMIT for /config.yml on HttpChannelOverHttp@106c09d0{s=HttpChannelState@47df993b{s=HANDLING rs=BLOCKING os=COMMITTED is=IDLE awp=false se=false i=true al=0},r=1,c=false/false,a=HANDLING,uri=https://localhost:33277/config.yml,age=1}
200 null HTTP/1.1
Date: Thu, 02 May 2024 01:10:03 GMT
ETag: testEtag
Content-Type: text/plain;charset=utf-8
Content-Length: 4


02:10:03.521 [qtp399373008-62] DEBUG org.eclipse.jetty.server.HttpConnection - generate: NEED_HEADER for SendCallback@6dcea1fc[PROCESSING][i=HTTP/1.1{s=200,h=4,cl=4},cb=org.eclipse.jetty.server.HttpChannel$SendCallback@194232e9] (null,[p=0,l=4,c=512,r=4],true)@START
02:10:03.521 [qtp399373008-62] DEBUG org.eclipse.jetty.http.HttpGenerator - generateHeaders HTTP/1.1{s=200,h=4,cl=4} last=true content=HeapByteBuffer@32967792[p=0,l=4,c=512,r=4]={<<<path>>>\x00\x00\x00\x00\x00\x00\x00\x00\x00...\x00\x00\x00\x00\x00\x00\x00}
02:10:03.521 [qtp399373008-62] DEBUG org.eclipse.jetty.http.HttpGenerator - Date: Thu, 02 May 2024 01:10:03 GMT
ETag: testEtag
Content-Type: text/plain;charset=utf-8
Content-Length: 4


02:10:03.521 [qtp399373008-62] DEBUG org.eclipse.jetty.http.HttpGenerator - CONTENT_LENGTH
02:10:03.521 [qtp399373008-62] DEBUG org.eclipse.jetty.server.HttpConnection - generate: FLUSH for SendCallback@6dcea1fc[PROCESSING][i=HTTP/1.1{s=200,h=4,cl=4},cb=org.eclipse.jetty.server.HttpChannel$SendCallback@194232e9] ([p=0,l=164,c=8192,r=164],[p=0,l=4,c=512,r=4],true)@COMPLETING
02:10:03.521 [qtp399373008-62] DEBUG org.eclipse.jetty.io.WriteFlusher - write: WriteFlusher@18e9fcb4{IDLE}->null [HeapByteBuffer@57345db1[p=0,l=164,c=8192,r=164]={<<<HTTP/1.1 200 OK\r\nDate: Th...y(9.4.44.v20210927)\r\n\r\n>>>\n\r\n\x00\x00\x00\x00\x00\x00...\x00\x00\x00\x00\x00\x00\x00},HeapByteBuffer@32967792[p=0,l=4,c=512,r=4]={<<<path>>>\x00\x00\x00\x00\x00\x00\x00\x00\x00...\x00\x00\x00\x00\x00\x00\x00}]
02:10:03.521 [qtp399373008-62] DEBUG org.eclipse.jetty.io.WriteFlusher - update WriteFlusher@18e9fcb4{WRITING}->null:IDLE-->WRITING
02:10:03.521 [qtp399373008-62] DEBUG org.eclipse.jetty.io.ssl.SslConnection - >flush SslConnection@4cb83cbe::SocketChannelEndPoint@286686c7{l=/127.0.0.1:33277,r=/127.0.0.1:47730,OPEN,fill=-,flush=-,to=1/30000}{io=0/0,kio=0,kro=1}->SslConnection@4cb83cbe{NOT_HANDSHAKING,eio=-1/-1,di=-1,fill=IDLE,flush=IDLE}~>DecryptedEndPoint@5b137fb9{l=/127.0.0.1:33277,r=/127.0.0.1:47730,OPEN,fill=-,flush=W,to=44/30000}=>HttpConnection@747ce97[p=HttpParser{s=CONTENT,0 of -1},g=HttpGenerator@c167c27{s=COMPLETING}]=>HttpChannelOverHttp@106c09d0{s=HttpChannelState@47df993b{s=HANDLING rs=BLOCKING os=COMMITTED is=IDLE awp=false se=false i=true al=0},r=1,c=false/false,a=HANDLING,uri=https://localhost:33277/config.yml,age=1}
02:10:03.521 [qtp399373008-62] DEBUG org.eclipse.jetty.io.ssl.SslConnection - flush b[0]=HeapByteBuffer@57345db1[p=0,l=164,c=8192,r=164]={<<<HTTP/1.1 200 OK\r\nDate: Th...y(9.4.44.v20210927)\r\n\r\n>>>\n\r\n\x00\x00\x00\x00\x00\x00...\x00\x00\x00\x00\x00\x00\x00}
02:10:03.521 [qtp399373008-62] DEBUG org.eclipse.jetty.io.ssl.SslConnection - flush b[1]=HeapByteBuffer@32967792[p=0,l=4,c=512,r=4]={<<<path>>>\x00\x00\x00\x00\x00\x00\x00\x00\x00...\x00\x00\x00\x00\x00\x00\x00}
02:10:03.521 [qtp399373008-62] DEBUG org.eclipse.jetty.io.ssl.SslConnection - flush NOT_HANDSHAKING
02:10:03.521 [qtp399373008-62] DEBUG org.eclipse.jetty.io.ssl.SslConnection - wrap Status = OK HandshakeStatus = NOT_HANDSHAKING bytesConsumed = 168 bytesProduced = 206 [p=0,l=206,c=17408,r=206] ioDone=false/false
02:10:03.521 [qtp399373008-62] DEBUG org.eclipse.jetty.io.ChannelEndPoint - flushed 206 SocketChannelEndPoint@286686c7{l=/127.0.0.1:33277,r=/127.0.0.1:47730,OPEN,fill=-,flush=-,to=1/30000}{io=0/0,kio=0,kro=1}->SslConnection@4cb83cbe{NOT_HANDSHAKING,eio=-1/0,di=-1,fill=IDLE,flush=IDLE}~>DecryptedEndPoint@5b137fb9{l=/127.0.0.1:33277,r=/127.0.0.1:47730,OPEN,fill=-,flush=W,to=44/30000}=>HttpConnection@747ce97[p=HttpParser{s=CONTENT,0 of -1},g=HttpGenerator@c167c27{s=COMPLETING}]=>HttpChannelOverHttp@106c09d0{s=HttpChannelState@47df993b{s=HANDLING rs=BLOCKING os=COMMITTED is=IDLE awp=false se=false i=true al=0},r=1,c=false/false,a=HANDLING,uri=https://localhost:33277/config.yml,age=1}
02:10:03.521 [qtp399373008-62] DEBUG org.eclipse.jetty.io.ssl.SslConnection - net flushed=true, ac=true
02:10:03.521 [qtp399373008-62] DEBUG org.eclipse.jetty.io.ssl.SslConnection - <flush true SslConnection@4cb83cbe::SocketChannelEndPoint@286686c7{l=/127.0.0.1:33277,r=/127.0.0.1:47730,OPEN,fill=-,flush=-,to=0/30000}{io=0/0,kio=0,kro=1}->SslConnection@4cb83cbe{NOT_HANDSHAKING,eio=-1/-1,di=-1,fill=IDLE,flush=IDLE}~>DecryptedEndPoint@5b137fb9{l=/127.0.0.1:33277,r=/127.0.0.1:47730,OPEN,fill=-,flush=W,to=45/30000}=>HttpConnection@747ce97[p=HttpParser{s=CONTENT,0 of -1},g=HttpGenerator@c167c27{s=COMPLETING}]=>HttpChannelOverHttp@106c09d0{s=HttpChannelState@47df993b{s=HANDLING rs=BLOCKING os=COMMITTED is=IDLE awp=false se=false i=true al=0},r=1,c=false/false,a=HANDLING,uri=https://localhost:33277/config.yml,age=1}
02:10:03.521 [qtp399373008-62] DEBUG org.eclipse.jetty.io.WriteFlusher - Flushed=true written=168 remaining=0 WriteFlusher@18e9fcb4{WRITING}->null
02:10:03.521 [qtp399373008-62] DEBUG org.eclipse.jetty.io.WriteFlusher - update WriteFlusher@18e9fcb4{IDLE}->null:WRITING-->IDLE
02:10:03.521 [qtp399373008-62] DEBUG org.eclipse.jetty.server.HttpConnection - generate: DONE for SendCallback@6dcea1fc[PROCESSING][i=HTTP/1.1{s=200,h=4,cl=4},cb=org.eclipse.jetty.server.HttpChannel$SendCallback@194232e9] ([p=164,l=164,c=8192,r=0],[p=4,l=4,c=512,r=0],true)@END
02:10:03.521 [qtp399373008-62] DEBUG org.eclipse.jetty.server.HttpOutput - onWriteComplete(true,null) s=CLOSING,api=BLOCKED,sc=false,e=null->s=CLOSED,api=BLOCKING,sc=false,e=null c=null cb=null w=false
02:10:03.521 [qtp399373008-62] DEBUG org.eclipse.jetty.server.HttpOutput - close() s=CLOSED,api=BLOCKING,sc=false,e=null c=null b=null
02:10:03.521 [main] DEBUG org.apache.nifi.minifi.bootstrap.configuration.ingestors.PullHttpChangeIngestor - Response received: Response{protocol=http/1.1, code=200, message=OK, url=https://localhost:33277/config.yml}
02:10:03.521 [qtp399373008-62] DEBUG org.eclipse.jetty.server.Server - handled=true async=false committed=true on HttpChannelOverHttp@106c09d0{s=HttpChannelState@47df993b{s=HANDLING rs=BLOCKING os=COMPLETED is=IDLE awp=false se=false i=true al=0},r=1,c=false/true,a=HANDLING,uri=https://localhost:33277/config.yml,age=1}
02:10:03.521 [qtp399373008-62] DEBUG org.eclipse.jetty.server.HttpChannelState - unhandle HttpChannelState@47df993b{s=HANDLING rs=BLOCKING os=COMPLETED is=IDLE awp=false se=false i=true al=0}
02:10:03.521 [qtp399373008-62] DEBUG org.eclipse.jetty.server.HttpChannelState - nextAction(false) COMPLETE HttpChannelState@47df993b{s=HANDLING rs=COMPLETING os=COMPLETED is=IDLE awp=false se=false i=false al=0}
02:10:03.521 [qtp399373008-62] DEBUG org.eclipse.jetty.server.HttpChannel - action COMPLETE HttpChannelOverHttp@106c09d0{s=HttpChannelState@47df993b{s=HANDLING rs=COMPLETING os=COMPLETED is=IDLE awp=false se=false i=false al=0},r=1,c=false/true,a=HANDLING,uri=https://localhost:33277/config.yml,age=1}
02:10:03.521 [qtp399373008-62] DEBUG org.eclipse.jetty.server.HttpOutput - complete(org.eclipse.jetty.util.Callback$3@4911b1b) s=CLOSED,api=BLOCKING,sc=false,e=null s=true e=null, c=null
02:10:03.521 [qtp399373008-62] DEBUG org.eclipse.jetty.server.HttpChannelState - completed HttpChannelState@47df993b{s=HANDLING rs=COMPLETING os=COMPLETED is=IDLE awp=false se=false i=false al=0}
02:10:03.521 [qtp399373008-62] DEBUG org.eclipse.jetty.server.HttpChannelState - unhandle HttpChannelState@47df993b{s=HANDLING rs=COMPLETED os=COMPLETED is=IDLE awp=false se=false i=false al=0}
02:10:03.521 [qtp399373008-62] DEBUG org.eclipse.jetty.server.HttpChannelState - nextAction(false) TERMINATED HttpChannelState@47df993b{s=IDLE rs=COMPLETED os=COMPLETED is=IDLE awp=false se=false i=false al=0}
02:10:03.521 [main] DEBUG org.apache.nifi.minifi.bootstrap.configuration.ingestors.PullHttpChangeIngestor - Pulled config same as currently running.
02:10:03.521 [qtp399373008-62] DEBUG org.eclipse.jetty.server.HttpChannel - action TERMINATED HttpChannelOverHttp@106c09d0{s=HttpChannelState@47df993b{s=IDLE rs=COMPLETED os=COMPLETED is=IDLE awp=false se=false i=false al=0},r=1,c=true/true,a=IDLE,uri=https://localhost:33277/config.yml,age=1}
02:10:03.521 [qtp399373008-62] DEBUG org.eclipse.jetty.server.HttpChannel - onCompleted for /config.yml written=4
02:10:03.522 [qtp399373008-62] DEBUG org.eclipse.jetty.io.ssl.SslConnection - >fill SslConnection@4cb83cbe::SocketChannelEndPoint@286686c7{l=/127.0.0.1:33277,r=/127.0.0.1:47730,OPEN,fill=-,flush=-,to=0/30000}{io=0/0,kio=0,kro=1}->SslConnection@4cb83cbe{NOT_HANDSHAKING,eio=-1/-1,di=-1,fill=IDLE,flush=IDLE}~>DecryptedEndPoint@5b137fb9{l=/127.0.0.1:33277,r=/127.0.0.1:47730,OPEN,fill=-,flush=-,to=45/30000}=>HttpConnection@747ce97[p=HttpParser{s=CONTENT,0 of -1},g=HttpGenerator@c167c27{s=END}]=>HttpChannelOverHttp@106c09d0{s=HttpChannelState@47df993b{s=IDLE rs=COMPLETED os=COMPLETED is=IDLE awp=false se=false i=false al=0},r=1,c=true/true,a=IDLE,uri=https://localhost:33277/config.yml,age=1}
02:10:03.522 [qtp399373008-62] DEBUG org.eclipse.jetty.io.ssl.SslConnection - fill NOT_HANDSHAKING
]]></system-out>
  </testcase>
</testsuite>