<?xml version="1.0" encoding="UTF-8"?>
<testsuite xmlns:xsi="http://www.w3.org/2001/XMLSchema-instance" xsi:noNamespaceSchemaLocation="https://maven.apache.org/surefire/maven-surefire-plugin/xsd/surefire-test-report-3.0.xsd" version="3.0" name="org.apache.nifi.properties.AESSensitivePropertyProviderTest" time="0.069" tests="16" errors="0" skipped="0" failures="0">
  <properties>
    <property name="sun.desktop" value="gnome"/>
    <property name="awt.toolkit" value="sun.awt.X11.XToolkit"/>
    <property name="file.encoding.pkg" value="sun.io"/>
    <property name="java.specification.version" value="1.8"/>
    <property name="sun.cpu.isalist" value=""/>
    <property name="sun.jnu.encoding" value="UTF-8"/>
    <property name="java.class.path" value="/home/alex/Repositories/nifi/nifi-commons/nifi-sensitive-property-provider/target/test-classes:/home/alex/Repositories/nifi/nifi-commons/nifi-sensitive-property-provider/target/classes:/home/alex/Repositories/nifi/nifi-commons/nifi-properties/target/classes:/home/alex/Repositories/nifi/nifi-commons/nifi-property-utils/target/classes:/home/alex/.m2/repository/org/bouncycastle/bcprov-jdk15on/1.69/bcprov-jdk15on-1.69.jar:/home/alex/.m2/repository/org/apache/commons/commons-lang3/3.12.0/commons-lang3-3.12.0.jar:/home/alex/Repositories/nifi/nifi-commons/nifi-security-utils/target/classes:/home/alex/Repositories/nifi/nifi-api/target/classes:/home/alex/Repositories/nifi/nifi-commons/nifi-utils/target/classes:/home/alex/Repositories/nifi/nifi-commons/nifi-security-utils-api/target/classes:/home/alex/Repositories/nifi/nifi-commons/nifi-security-kms/target/classes:/home/alex/.m2/repository/commons-codec/commons-codec/1.14/commons-codec-1.14.jar:/home/alex/.m2/repository/org/bouncycastle/bcpkix-jdk15on/1.69/bcpkix-jdk15on-1.69.jar:/home/alex/.m2/repository/org/bouncycastle/bcutil-jdk15on/1.69/bcutil-jdk15on-1.69.jar:/home/alex/.m2/repository/at/favre/lib/bcrypt/0.9.0/bcrypt-0.9.0.jar:/home/alex/.m2/repository/at/favre/lib/bytes/1.3.0/bytes-1.3.0.jar:/home/alex/.m2/repository/org/apache/commons/commons-configuration2/2.7/commons-configuration2-2.7.jar:/home/alex/.m2/repository/org/apache/commons/commons-text/1.8/commons-text-1.8.jar:/home/alex/.m2/repository/software/amazon/awssdk/kms/2.17.1/kms-2.17.1.jar:/home/alex/.m2/repository/software/amazon/awssdk/aws-json-protocol/2.17.1/aws-json-protocol-2.17.1.jar:/home/alex/.m2/repository/software/amazon/awssdk/third-party-jackson-core/2.17.1/third-party-jackson-core-2.17.1.jar:/home/alex/.m2/repository/software/amazon/awssdk/json-utils/2.17.1/json-utils-2.17.1.jar:/home/alex/.m2/repository/software/amazon/awssdk/protocol-core/2.17.1/protocol-core-2.17.1.jar:/home/alex/.m2/repository/software/amazon/awssdk/sdk-core/2.17.1/sdk-core-2.17.1.jar:/home/alex/.m2/repository/software/amazon/awssdk/profiles/2.17.1/profiles-2.17.1.jar:/home/alex/.m2/repository/org/reactivestreams/reactive-streams/1.0.3/reactive-streams-1.0.3.jar:/home/alex/.m2/repository/software/amazon/awssdk/auth/2.17.1/auth-2.17.1.jar:/home/alex/.m2/repository/software/amazon/eventstream/eventstream/1.0.1/eventstream-1.0.1.jar:/home/alex/.m2/repository/software/amazon/awssdk/http-client-spi/2.17.1/http-client-spi-2.17.1.jar:/home/alex/.m2/repository/software/amazon/awssdk/regions/2.17.1/regions-2.17.1.jar:/home/alex/.m2/repository/software/amazon/awssdk/annotations/2.17.1/annotations-2.17.1.jar:/home/alex/.m2/repository/software/amazon/awssdk/utils/2.17.1/utils-2.17.1.jar:/home/alex/.m2/repository/software/amazon/awssdk/aws-core/2.17.1/aws-core-2.17.1.jar:/home/alex/.m2/repository/software/amazon/awssdk/metrics-spi/2.17.1/metrics-spi-2.17.1.jar:/home/alex/.m2/repository/software/amazon/awssdk/secretsmanager/2.17.1/secretsmanager-2.17.1.jar:/home/alex/.m2/repository/com/azure/azure-security-keyvault-secrets/4.3.3/azure-security-keyvault-secrets-4.3.3.jar:/home/alex/.m2/repository/com/azure/azure-core/1.20.0/azure-core-1.20.0.jar:/home/alex/.m2/repository/com/fasterxml/jackson/core/jackson-annotations/2.12.4/jackson-annotations-2.12.4.jar:/home/alex/.m2/repository/com/fasterxml/jackson/core/jackson-core/2.12.4/jackson-core-2.12.4.jar:/home/alex/.m2/repository/com/fasterxml/jackson/core/jackson-databind/2.12.4/jackson-databind-2.12.4.jar:/home/alex/.m2/repository/com/fasterxml/jackson/datatype/jackson-datatype-jsr310/2.12.4/jackson-datatype-jsr310-2.12.4.jar:/home/alex/.m2/repository/com/fasterxml/jackson/dataformat/jackson-dataformat-xml/2.12.4/jackson-dataformat-xml-2.12.4.jar:/home/alex/.m2/repository/com/fasterxml/jackson/module/jackson-module-jaxb-annotations/2.12.4/jackson-module-jaxb-annotations-2.12.4.jar:/home/alex/.m2/repository/jakarta/xml/bind/jakarta.xml.bind-api/2.3.2/jakarta.xml.bind-api-2.3.2.jar:/home/alex/.m2/repository/jakarta/activation/jakarta.activation-api/1.2.1/jakarta.activation-api-1.2.1.jar:/home/alex/.m2/repository/io/projectreactor/reactor-core/3.4.9/reactor-core-3.4.9.jar:/home/alex/.m2/repository/com/azure/azure-security-keyvault-keys/4.3.3/azure-security-keyvault-keys-4.3.3.jar:/home/alex/.m2/repository/com/azure/azure-identity/1.3.4/azure-identity-1.3.4.jar:/home/alex/.m2/repository/com/microsoft/azure/msal4j/1.10.1/msal4j-1.10.1.jar:/home/alex/.m2/repository/com/nimbusds/oauth2-oidc-sdk/9.7/oauth2-oidc-sdk-9.7.jar:/home/alex/.m2/repository/com/github/stephenc/jcip/jcip-annotations/1.0-1/jcip-annotations-1.0-1.jar:/home/alex/.m2/repository/com/nimbusds/content-type/2.1/content-type-2.1.jar:/home/alex/.m2/repository/com/nimbusds/lang-tag/1.5/lang-tag-1.5.jar:/home/alex/.m2/repository/com/nimbusds/nimbus-jose-jwt/9.9.3/nimbus-jose-jwt-9.9.3.jar:/home/alex/.m2/repository/com/microsoft/azure/msal4j-persistence-extension/1.1.0/msal4j-persistence-extension-1.1.0.jar:/home/alex/.m2/repository/net/java/dev/jna/jna/5.5.0/jna-5.5.0.jar:/home/alex/.m2/repository/net/java/dev/jna/jna-platform/5.6.0/jna-platform-5.6.0.jar:/home/alex/.m2/repository/net/minidev/json-smart/2.4.7/json-smart-2.4.7.jar:/home/alex/.m2/repository/net/minidev/accessors-smart/2.4.7/accessors-smart-2.4.7.jar:/home/alex/.m2/repository/org/ow2/asm/asm/9.1/asm-9.1.jar:/home/alex/.m2/repository/com/azure/azure-core-http-okhttp/1.7.1/azure-core-http-okhttp-1.7.1.jar:/home/alex/.m2/repository/com/squareup/okhttp3/okhttp/4.8.1/okhttp-4.8.1.jar:/home/alex/.m2/repository/com/squareup/okio/okio/2.7.0/okio-2.7.0.jar:/home/alex/.m2/repository/org/jetbrains/kotlin/kotlin-stdlib-common/1.3.70/kotlin-stdlib-common-1.3.70.jar:/home/alex/.m2/repository/org/jetbrains/kotlin/kotlin-stdlib/1.3.72/kotlin-stdlib-1.3.72.jar:/home/alex/.m2/repository/org/jetbrains/annotations/13.0/annotations-13.0.jar:/home/alex/.m2/repository/software/amazon/awssdk/url-connection-client/2.17.1/url-connection-client-2.17.1.jar:/home/alex/.m2/repository/com/google/cloud/google-cloud-kms/2.0.2/google-cloud-kms-2.0.2.jar:/home/alex/.m2/repository/io/grpc/grpc-api/1.40.0/grpc-api-1.40.0.jar:/home/alex/.m2/repository/io/grpc/grpc-context/1.40.0/grpc-context-1.40.0.jar:/home/alex/.m2/repository/com/google/code/findbugs/jsr305/3.0.2/jsr305-3.0.2.jar:/home/alex/.m2/repository/io/grpc/grpc-stub/1.40.0/grpc-stub-1.40.0.jar:/home/alex/.m2/repository/io/grpc/grpc-protobuf/1.40.0/grpc-protobuf-1.40.0.jar:/home/alex/.m2/repository/io/grpc/grpc-protobuf-lite/1.40.0/grpc-protobuf-lite-1.40.0.jar:/home/alex/.m2/repository/com/google/api/api-common/2.0.1/api-common-2.0.1.jar:/home/alex/.m2/repository/javax/annotation/javax.annotation-api/1.3.2/javax.annotation-api-1.3.2.jar:/home/alex/.m2/repository/com/google/auto/value/auto-value-annotations/1.8.2/auto-value-annotations-1.8.2.jar:/home/alex/.m2/repository/com/google/protobuf/protobuf-java/3.17.3/protobuf-java-3.17.3.jar:/home/alex/.m2/repository/com/google/api/grpc/proto-google-common-protos/2.3.2/proto-google-common-protos-2.3.2.jar:/home/alex/.m2/repository/com/google/api/grpc/proto-google-cloud-kms-v1/0.91.2/proto-google-cloud-kms-v1-0.91.2.jar:/home/alex/.m2/repository/com/google/guava/guava/30.1.1-jre/guava-30.1.1-jre.jar:/home/alex/.m2/repository/com/google/guava/failureaccess/1.0.1/failureaccess-1.0.1.jar:/home/alex/.m2/repository/com/google/guava/listenablefuture/9999.0-empty-to-avoid-conflict-with-guava/listenablefuture-9999.0-empty-to-avoid-conflict-with-guava.jar:/home/alex/.m2/repository/org/checkerframework/checker-qual/3.8.0/checker-qual-3.8.0.jar:/home/alex/.m2/repository/com/google/errorprone/error_prone_annotations/2.9.0/error_prone_annotations-2.9.0.jar:/home/alex/.m2/repository/com/google/j2objc/j2objc-annotations/1.3/j2objc-annotations-1.3.jar:/home/alex/.m2/repository/com/google/api/gax/2.3.0/gax-2.3.0.jar:/home/alex/.m2/repository/io/opencensus/opencensus-api/0.28.0/opencensus-api-0.28.0.jar:/home/alex/.m2/repository/com/google/api/gax-grpc/2.3.0/gax-grpc-2.3.0.jar:/home/alex/.m2/repository/com/google/auth/google-auth-library-credentials/1.1.0/google-auth-library-credentials-1.1.0.jar:/home/alex/.m2/repository/io/grpc/grpc-netty-shaded/1.40.0/grpc-netty-shaded-1.40.0.jar:/home/alex/.m2/repository/io/perfmark/perfmark-api/0.23.0/perfmark-api-0.23.0.jar:/home/alex/.m2/repository/io/grpc/grpc-core/1.40.0/grpc-core-1.40.0.jar:/home/alex/.m2/repository/com/google/android/annotations/4.1.1.4/annotations-4.1.1.4.jar:/home/alex/.m2/repository/org/codehaus/mojo/animal-sniffer-annotations/1.20/animal-sniffer-annotations-1.20.jar:/home/alex/.m2/repository/io/grpc/grpc-alts/1.40.0/grpc-alts-1.40.0.jar:/home/alex/.m2/repository/io/grpc/grpc-grpclb/1.40.0/grpc-grpclb-1.40.0.jar:/home/alex/.m2/repository/com/google/protobuf/protobuf-java-util/3.17.3/protobuf-java-util-3.17.3.jar:/home/alex/.m2/repository/org/conscrypt/conscrypt-openjdk-uber/2.5.1/conscrypt-openjdk-uber-2.5.1.jar:/home/alex/.m2/repository/org/threeten/threetenbp/1.5.1/threetenbp-1.5.1.jar:/home/alex/.m2/repository/io/grpc/grpc-auth/1.40.0/grpc-auth-1.40.0.jar:/home/alex/.m2/repository/com/google/api/grpc/proto-google-iam-v1/1.0.14/proto-google-iam-v1-1.0.14.jar:/home/alex/.m2/repository/com/google/auth/google-auth-library-oauth2-http/1.1.0/google-auth-library-oauth2-http-1.1.0.jar:/home/alex/.m2/repository/com/google/http-client/google-http-client/1.39.2/google-http-client-1.39.2.jar:/home/alex/.m2/repository/org/apache/httpcomponents/httpclient/4.5.13/httpclient-4.5.13.jar:/home/alex/.m2/repository/org/apache/httpcomponents/httpcore/4.4.14/httpcore-4.4.14.jar:/home/alex/.m2/repository/io/opencensus/opencensus-contrib-http-util/0.28.0/opencensus-contrib-http-util-0.28.0.jar:/home/alex/.m2/repository/com/google/http-client/google-http-client-gson/1.39.2/google-http-client-gson-1.39.2.jar:/home/alex/.m2/repository/com/google/code/gson/gson/2.8.8/gson-2.8.8.jar:/home/alex/Repositories/nifi/nifi-commons/nifi-vault-utils/target/classes:/home/alex/.m2/repository/org/springframework/vault/spring-vault-core/2.3.2/spring-vault-core-2.3.2.jar:/home/alex/.m2/repository/org/springframework/spring-core/5.3.11/spring-core-5.3.11.jar:/home/alex/.m2/repository/org/springframework/spring-jcl/5.3.11/spring-jcl-5.3.11.jar:/home/alex/.m2/repository/org/springframework/spring-context/5.3.11/spring-context-5.3.11.jar:/home/alex/.m2/repository/org/springframework/spring-aop/5.3.11/spring-aop-5.3.11.jar:/home/alex/.m2/repository/org/springframework/spring-expression/5.3.11/spring-expression-5.3.11.jar:/home/alex/.m2/repository/org/springframework/spring-beans/5.3.11/spring-beans-5.3.11.jar:/home/alex/.m2/repository/org/springframework/spring-web/5.3.11/spring-web-5.3.11.jar:/home/alex/.m2/repository/commons-io/commons-io/2.10.0/commons-io-2.10.0.jar:/home/alex/.m2/repository/org/mockito/mockito-inline/3.11.2/mockito-inline-3.11.2.jar:/home/alex/.m2/repository/org/junit/jupiter/junit-jupiter-api/5.7.2/junit-jupiter-api-5.7.2.jar:/home/alex/.m2/repository/org/apiguardian/apiguardian-api/1.1.0/apiguardian-api-1.1.0.jar:/home/alex/.m2/repository/org/opentest4j/opentest4j/1.2.0/opentest4j-1.2.0.jar:/home/alex/.m2/repository/org/junit/platform/junit-platform-commons/1.7.2/junit-platform-commons-1.7.2.jar:/home/alex/.m2/repository/org/junit/jupiter/junit-jupiter-engine/5.7.2/junit-jupiter-engine-5.7.2.jar:/home/alex/.m2/repository/org/junit/platform/junit-platform-engine/1.7.2/junit-platform-engine-1.7.2.jar:/home/alex/.m2/repository/org/junit/vintage/junit-vintage-engine/5.7.2/junit-vintage-engine-5.7.2.jar:/home/alex/.m2/repository/junit/junit/4.13.2/junit-4.13.2.jar:/home/alex/.m2/repository/org/hamcrest/hamcrest-core/1.3/hamcrest-core-1.3.jar:/home/alex/.m2/repository/org/junit/jupiter/junit-jupiter-params/5.7.2/junit-jupiter-params-5.7.2.jar:/home/alex/.m2/repository/org/mockito/mockito-core/3.11.2/mockito-core-3.11.2.jar:/home/alex/.m2/repository/net/bytebuddy/byte-buddy/1.11.3/byte-buddy-1.11.3.jar:/home/alex/.m2/repository/net/bytebuddy/byte-buddy-agent/1.11.3/byte-buddy-agent-1.11.3.jar:/home/alex/.m2/repository/org/objenesis/objenesis/3.2/objenesis-3.2.jar:/home/alex/.m2/repository/org/mockito/mockito-junit-jupiter/3.11.2/mockito-junit-jupiter-3.11.2.jar:/home/alex/.m2/repository/org/slf4j/slf4j-simple/1.7.32/slf4j-simple-1.7.32.jar:/home/alex/.m2/repository/org/slf4j/slf4j-api/1.7.32/slf4j-api-1.7.32.jar:/home/alex/.m2/repository/org/codehaus/groovy/groovy-test/2.5.14/groovy-test-2.5.14.jar:/home/alex/.m2/repository/org/codehaus/groovy/groovy/2.5.14/groovy-2.5.14.jar:"/>
    <property name="java.vm.vendor" value="Private Build"/>
    <property name="sun.arch.data.model" value="64"/>
    <property name="java.vendor.url" value="http://java.oracle.com/"/>
    <property name="user.timezone" value="Europe/Lisbon"/>
    <property name="java.vm.specification.version" value="1.8"/>
    <property name="os.name" value="Linux"/>
    <property name="user.country" value="US"/>
    <property name="sun.java.launcher" value="SUN_STANDARD"/>
    <property name="sun.boot.library.path" value="/usr/lib/jvm/java-8-openjdk-amd64/jre/lib/amd64"/>
    <property name="sun.java.command" value="/home/alex/Repositories/nifi/nifi-commons/nifi-sensitive-property-provider/target/surefire/surefirebooter3695948680760387650.jar /home/alex/Repositories/nifi/nifi-commons/nifi-sensitive-property-provider/target/surefire 2024-05-02T01-50-21_887-jvmRun1 surefire483093724739279902tmp surefire_162093343684132500789tmp"/>
    <property name="surefire.test.class.path" value="/home/alex/Repositories/nifi/nifi-commons/nifi-sensitive-property-provider/target/test-classes:/home/alex/Repositories/nifi/nifi-commons/nifi-sensitive-property-provider/target/classes:/home/alex/Repositories/nifi/nifi-commons/nifi-properties/target/classes:/home/alex/Repositories/nifi/nifi-commons/nifi-property-utils/target/classes:/home/alex/.m2/repository/org/bouncycastle/bcprov-jdk15on/1.69/bcprov-jdk15on-1.69.jar:/home/alex/.m2/repository/org/apache/commons/commons-lang3/3.12.0/commons-lang3-3.12.0.jar:/home/alex/Repositories/nifi/nifi-commons/nifi-security-utils/target/classes:/home/alex/Repositories/nifi/nifi-api/target/classes:/home/alex/Repositories/nifi/nifi-commons/nifi-utils/target/classes:/home/alex/Repositories/nifi/nifi-commons/nifi-security-utils-api/target/classes:/home/alex/Repositories/nifi/nifi-commons/nifi-security-kms/target/classes:/home/alex/.m2/repository/commons-codec/commons-codec/1.14/commons-codec-1.14.jar:/home/alex/.m2/repository/org/bouncycastle/bcpkix-jdk15on/1.69/bcpkix-jdk15on-1.69.jar:/home/alex/.m2/repository/org/bouncycastle/bcutil-jdk15on/1.69/bcutil-jdk15on-1.69.jar:/home/alex/.m2/repository/at/favre/lib/bcrypt/0.9.0/bcrypt-0.9.0.jar:/home/alex/.m2/repository/at/favre/lib/bytes/1.3.0/bytes-1.3.0.jar:/home/alex/.m2/repository/org/apache/commons/commons-configuration2/2.7/commons-configuration2-2.7.jar:/home/alex/.m2/repository/org/apache/commons/commons-text/1.8/commons-text-1.8.jar:/home/alex/.m2/repository/software/amazon/awssdk/kms/2.17.1/kms-2.17.1.jar:/home/alex/.m2/repository/software/amazon/awssdk/aws-json-protocol/2.17.1/aws-json-protocol-2.17.1.jar:/home/alex/.m2/repository/software/amazon/awssdk/third-party-jackson-core/2.17.1/third-party-jackson-core-2.17.1.jar:/home/alex/.m2/repository/software/amazon/awssdk/json-utils/2.17.1/json-utils-2.17.1.jar:/home/alex/.m2/repository/software/amazon/awssdk/protocol-core/2.17.1/protocol-core-2.17.1.jar:/home/alex/.m2/repository/software/amazon/awssdk/sdk-core/2.17.1/sdk-core-2.17.1.jar:/home/alex/.m2/repository/software/amazon/awssdk/profiles/2.17.1/profiles-2.17.1.jar:/home/alex/.m2/repository/org/reactivestreams/reactive-streams/1.0.3/reactive-streams-1.0.3.jar:/home/alex/.m2/repository/software/amazon/awssdk/auth/2.17.1/auth-2.17.1.jar:/home/alex/.m2/repository/software/amazon/eventstream/eventstream/1.0.1/eventstream-1.0.1.jar:/home/alex/.m2/repository/software/amazon/awssdk/http-client-spi/2.17.1/http-client-spi-2.17.1.jar:/home/alex/.m2/repository/software/amazon/awssdk/regions/2.17.1/regions-2.17.1.jar:/home/alex/.m2/repository/software/amazon/awssdk/annotations/2.17.1/annotations-2.17.1.jar:/home/alex/.m2/repository/software/amazon/awssdk/utils/2.17.1/utils-2.17.1.jar:/home/alex/.m2/repository/software/amazon/awssdk/aws-core/2.17.1/aws-core-2.17.1.jar:/home/alex/.m2/repository/software/amazon/awssdk/metrics-spi/2.17.1/metrics-spi-2.17.1.jar:/home/alex/.m2/repository/software/amazon/awssdk/secretsmanager/2.17.1/secretsmanager-2.17.1.jar:/home/alex/.m2/repository/com/azure/azure-security-keyvault-secrets/4.3.3/azure-security-keyvault-secrets-4.3.3.jar:/home/alex/.m2/repository/com/azure/azure-core/1.20.0/azure-core-1.20.0.jar:/home/alex/.m2/repository/com/fasterxml/jackson/core/jackson-annotations/2.12.4/jackson-annotations-2.12.4.jar:/home/alex/.m2/repository/com/fasterxml/jackson/core/jackson-core/2.12.4/jackson-core-2.12.4.jar:/home/alex/.m2/repository/com/fasterxml/jackson/core/jackson-databind/2.12.4/jackson-databind-2.12.4.jar:/home/alex/.m2/repository/com/fasterxml/jackson/datatype/jackson-datatype-jsr310/2.12.4/jackson-datatype-jsr310-2.12.4.jar:/home/alex/.m2/repository/com/fasterxml/jackson/dataformat/jackson-dataformat-xml/2.12.4/jackson-dataformat-xml-2.12.4.jar:/home/alex/.m2/repository/com/fasterxml/jackson/module/jackson-module-jaxb-annotations/2.12.4/jackson-module-jaxb-annotations-2.12.4.jar:/home/alex/.m2/repository/jakarta/xml/bind/jakarta.xml.bind-api/2.3.2/jakarta.xml.bind-api-2.3.2.jar:/home/alex/.m2/repository/jakarta/activation/jakarta.activation-api/1.2.1/jakarta.activation-api-1.2.1.jar:/home/alex/.m2/repository/io/projectreactor/reactor-core/3.4.9/reactor-core-3.4.9.jar:/home/alex/.m2/repository/com/azure/azure-security-keyvault-keys/4.3.3/azure-security-keyvault-keys-4.3.3.jar:/home/alex/.m2/repository/com/azure/azure-identity/1.3.4/azure-identity-1.3.4.jar:/home/alex/.m2/repository/com/microsoft/azure/msal4j/1.10.1/msal4j-1.10.1.jar:/home/alex/.m2/repository/com/nimbusds/oauth2-oidc-sdk/9.7/oauth2-oidc-sdk-9.7.jar:/home/alex/.m2/repository/com/github/stephenc/jcip/jcip-annotations/1.0-1/jcip-annotations-1.0-1.jar:/home/alex/.m2/repository/com/nimbusds/content-type/2.1/content-type-2.1.jar:/home/alex/.m2/repository/com/nimbusds/lang-tag/1.5/lang-tag-1.5.jar:/home/alex/.m2/repository/com/nimbusds/nimbus-jose-jwt/9.9.3/nimbus-jose-jwt-9.9.3.jar:/home/alex/.m2/repository/com/microsoft/azure/msal4j-persistence-extension/1.1.0/msal4j-persistence-extension-1.1.0.jar:/home/alex/.m2/repository/net/java/dev/jna/jna/5.5.0/jna-5.5.0.jar:/home/alex/.m2/repository/net/java/dev/jna/jna-platform/5.6.0/jna-platform-5.6.0.jar:/home/alex/.m2/repository/net/minidev/json-smart/2.4.7/json-smart-2.4.7.jar:/home/alex/.m2/repository/net/minidev/accessors-smart/2.4.7/accessors-smart-2.4.7.jar:/home/alex/.m2/repository/org/ow2/asm/asm/9.1/asm-9.1.jar:/home/alex/.m2/repository/com/azure/azure-core-http-okhttp/1.7.1/azure-core-http-okhttp-1.7.1.jar:/home/alex/.m2/repository/com/squareup/okhttp3/okhttp/4.8.1/okhttp-4.8.1.jar:/home/alex/.m2/repository/com/squareup/okio/okio/2.7.0/okio-2.7.0.jar:/home/alex/.m2/repository/org/jetbrains/kotlin/kotlin-stdlib-common/1.3.70/kotlin-stdlib-common-1.3.70.jar:/home/alex/.m2/repository/org/jetbrains/kotlin/kotlin-stdlib/1.3.72/kotlin-stdlib-1.3.72.jar:/home/alex/.m2/repository/org/jetbrains/annotations/13.0/annotations-13.0.jar:/home/alex/.m2/repository/software/amazon/awssdk/url-connection-client/2.17.1/url-connection-client-2.17.1.jar:/home/alex/.m2/repository/com/google/cloud/google-cloud-kms/2.0.2/google-cloud-kms-2.0.2.jar:/home/alex/.m2/repository/io/grpc/grpc-api/1.40.0/grpc-api-1.40.0.jar:/home/alex/.m2/repository/io/grpc/grpc-context/1.40.0/grpc-context-1.40.0.jar:/home/alex/.m2/repository/com/google/code/findbugs/jsr305/3.0.2/jsr305-3.0.2.jar:/home/alex/.m2/repository/io/grpc/grpc-stub/1.40.0/grpc-stub-1.40.0.jar:/home/alex/.m2/repository/io/grpc/grpc-protobuf/1.40.0/grpc-protobuf-1.40.0.jar:/home/alex/.m2/repository/io/grpc/grpc-protobuf-lite/1.40.0/grpc-protobuf-lite-1.40.0.jar:/home/alex/.m2/repository/com/google/api/api-common/2.0.1/api-common-2.0.1.jar:/home/alex/.m2/repository/javax/annotation/javax.annotation-api/1.3.2/javax.annotation-api-1.3.2.jar:/home/alex/.m2/repository/com/google/auto/value/auto-value-annotations/1.8.2/auto-value-annotations-1.8.2.jar:/home/alex/.m2/repository/com/google/protobuf/protobuf-java/3.17.3/protobuf-java-3.17.3.jar:/home/alex/.m2/repository/com/google/api/grpc/proto-google-common-protos/2.3.2/proto-google-common-protos-2.3.2.jar:/home/alex/.m2/repository/com/google/api/grpc/proto-google-cloud-kms-v1/0.91.2/proto-google-cloud-kms-v1-0.91.2.jar:/home/alex/.m2/repository/com/google/guava/guava/30.1.1-jre/guava-30.1.1-jre.jar:/home/alex/.m2/repository/com/google/guava/failureaccess/1.0.1/failureaccess-1.0.1.jar:/home/alex/.m2/repository/com/google/guava/listenablefuture/9999.0-empty-to-avoid-conflict-with-guava/listenablefuture-9999.0-empty-to-avoid-conflict-with-guava.jar:/home/alex/.m2/repository/org/checkerframework/checker-qual/3.8.0/checker-qual-3.8.0.jar:/home/alex/.m2/repository/com/google/errorprone/error_prone_annotations/2.9.0/error_prone_annotations-2.9.0.jar:/home/alex/.m2/repository/com/google/j2objc/j2objc-annotations/1.3/j2objc-annotations-1.3.jar:/home/alex/.m2/repository/com/google/api/gax/2.3.0/gax-2.3.0.jar:/home/alex/.m2/repository/io/opencensus/opencensus-api/0.28.0/opencensus-api-0.28.0.jar:/home/alex/.m2/repository/com/google/api/gax-grpc/2.3.0/gax-grpc-2.3.0.jar:/home/alex/.m2/repository/com/google/auth/google-auth-library-credentials/1.1.0/google-auth-library-credentials-1.1.0.jar:/home/alex/.m2/repository/io/grpc/grpc-netty-shaded/1.40.0/grpc-netty-shaded-1.40.0.jar:/home/alex/.m2/repository/io/perfmark/perfmark-api/0.23.0/perfmark-api-0.23.0.jar:/home/alex/.m2/repository/io/grpc/grpc-core/1.40.0/grpc-core-1.40.0.jar:/home/alex/.m2/repository/com/google/android/annotations/4.1.1.4/annotations-4.1.1.4.jar:/home/alex/.m2/repository/org/codehaus/mojo/animal-sniffer-annotations/1.20/animal-sniffer-annotations-1.20.jar:/home/alex/.m2/repository/io/grpc/grpc-alts/1.40.0/grpc-alts-1.40.0.jar:/home/alex/.m2/repository/io/grpc/grpc-grpclb/1.40.0/grpc-grpclb-1.40.0.jar:/home/alex/.m2/repository/com/google/protobuf/protobuf-java-util/3.17.3/protobuf-java-util-3.17.3.jar:/home/alex/.m2/repository/org/conscrypt/conscrypt-openjdk-uber/2.5.1/conscrypt-openjdk-uber-2.5.1.jar:/home/alex/.m2/repository/org/threeten/threetenbp/1.5.1/threetenbp-1.5.1.jar:/home/alex/.m2/repository/io/grpc/grpc-auth/1.40.0/grpc-auth-1.40.0.jar:/home/alex/.m2/repository/com/google/api/grpc/proto-google-iam-v1/1.0.14/proto-google-iam-v1-1.0.14.jar:/home/alex/.m2/repository/com/google/auth/google-auth-library-oauth2-http/1.1.0/google-auth-library-oauth2-http-1.1.0.jar:/home/alex/.m2/repository/com/google/http-client/google-http-client/1.39.2/google-http-client-1.39.2.jar:/home/alex/.m2/repository/org/apache/httpcomponents/httpclient/4.5.13/httpclient-4.5.13.jar:/home/alex/.m2/repository/org/apache/httpcomponents/httpcore/4.4.14/httpcore-4.4.14.jar:/home/alex/.m2/repository/io/opencensus/opencensus-contrib-http-util/0.28.0/opencensus-contrib-http-util-0.28.0.jar:/home/alex/.m2/repository/com/google/http-client/google-http-client-gson/1.39.2/google-http-client-gson-1.39.2.jar:/home/alex/.m2/repository/com/google/code/gson/gson/2.8.8/gson-2.8.8.jar:/home/alex/Repositories/nifi/nifi-commons/nifi-vault-utils/target/classes:/home/alex/.m2/repository/org/springframework/vault/spring-vault-core/2.3.2/spring-vault-core-2.3.2.jar:/home/alex/.m2/repository/org/springframework/spring-core/5.3.11/spring-core-5.3.11.jar:/home/alex/.m2/repository/org/springframework/spring-jcl/5.3.11/spring-jcl-5.3.11.jar:/home/alex/.m2/repository/org/springframework/spring-context/5.3.11/spring-context-5.3.11.jar:/home/alex/.m2/repository/org/springframework/spring-aop/5.3.11/spring-aop-5.3.11.jar:/home/alex/.m2/repository/org/springframework/spring-expression/5.3.11/spring-expression-5.3.11.jar:/home/alex/.m2/repository/org/springframework/spring-beans/5.3.11/spring-beans-5.3.11.jar:/home/alex/.m2/repository/org/springframework/spring-web/5.3.11/spring-web-5.3.11.jar:/home/alex/.m2/repository/commons-io/commons-io/2.10.0/commons-io-2.10.0.jar:/home/alex/.m2/repository/org/mockito/mockito-inline/3.11.2/mockito-inline-3.11.2.jar:/home/alex/.m2/repository/org/junit/jupiter/junit-jupiter-api/5.7.2/junit-jupiter-api-5.7.2.jar:/home/alex/.m2/repository/org/apiguardian/apiguardian-api/1.1.0/apiguardian-api-1.1.0.jar:/home/alex/.m2/repository/org/opentest4j/opentest4j/1.2.0/opentest4j-1.2.0.jar:/home/alex/.m2/repository/org/junit/platform/junit-platform-commons/1.7.2/junit-platform-commons-1.7.2.jar:/home/alex/.m2/repository/org/junit/jupiter/junit-jupiter-engine/5.7.2/junit-jupiter-engine-5.7.2.jar:/home/alex/.m2/repository/org/junit/platform/junit-platform-engine/1.7.2/junit-platform-engine-1.7.2.jar:/home/alex/.m2/repository/org/junit/vintage/junit-vintage-engine/5.7.2/junit-vintage-engine-5.7.2.jar:/home/alex/.m2/repository/junit/junit/4.13.2/junit-4.13.2.jar:/home/alex/.m2/repository/org/hamcrest/hamcrest-core/1.3/hamcrest-core-1.3.jar:/home/alex/.m2/repository/org/junit/jupiter/junit-jupiter-params/5.7.2/junit-jupiter-params-5.7.2.jar:/home/alex/.m2/repository/org/mockito/mockito-core/3.11.2/mockito-core-3.11.2.jar:/home/alex/.m2/repository/net/bytebuddy/byte-buddy/1.11.3/byte-buddy-1.11.3.jar:/home/alex/.m2/repository/net/bytebuddy/byte-buddy-agent/1.11.3/byte-buddy-agent-1.11.3.jar:/home/alex/.m2/repository/org/objenesis/objenesis/3.2/objenesis-3.2.jar:/home/alex/.m2/repository/org/mockito/mockito-junit-jupiter/3.11.2/mockito-junit-jupiter-3.11.2.jar:/home/alex/.m2/repository/org/slf4j/slf4j-simple/1.7.32/slf4j-simple-1.7.32.jar:/home/alex/.m2/repository/org/slf4j/slf4j-api/1.7.32/slf4j-api-1.7.32.jar:/home/alex/.m2/repository/org/codehaus/groovy/groovy-test/2.5.14/groovy-test-2.5.14.jar:/home/alex/.m2/repository/org/codehaus/groovy/groovy/2.5.14/groovy-2.5.14.jar:"/>
    <property name="sun.cpu.endian" value="little"/>
    <property name="user.home" value="/home/alex"/>
    <property name="user.language" value="en"/>
    <property name="java.specification.vendor" value="Oracle Corporation"/>
    <property name="java.home" value="/usr/lib/jvm/java-8-openjdk-amd64/jre"/>
    <property name="basedir" value="/home/alex/Repositories/nifi/nifi-commons/nifi-sensitive-property-provider"/>
    <property name="file.separator" value="/"/>
    <property name="line.separator" value="&#10;"/>
    <property name="java.vm.specification.vendor" value="Oracle Corporation"/>
    <property name="java.specification.name" value="Java Platform API Specification"/>
    <property name="java.awt.graphicsenv" value="sun.awt.X11GraphicsEnvironment"/>
    <property name="java.awt.headless" value="true"/>
    <property name="surefire.real.class.path" value="/home/alex/Repositories/nifi/nifi-commons/nifi-sensitive-property-provider/target/surefire/surefirebooter3695948680760387650.jar"/>
    <property name="sun.boot.class.path" value="/usr/lib/jvm/java-8-openjdk-amd64/jre/lib/resources.jar:/usr/lib/jvm/java-8-openjdk-amd64/jre/lib/rt.jar:/usr/lib/jvm/java-8-openjdk-amd64/jre/lib/sunrsasign.jar:/usr/lib/jvm/java-8-openjdk-amd64/jre/lib/jsse.jar:/usr/lib/jvm/java-8-openjdk-amd64/jre/lib/jce.jar:/usr/lib/jvm/java-8-openjdk-amd64/jre/lib/charsets.jar:/usr/lib/jvm/java-8-openjdk-amd64/jre/lib/jfr.jar:/usr/lib/jvm/java-8-openjdk-amd64/jre/classes"/>
    <property name="sun.management.compiler" value="HotSpot 64-Bit Tiered Compilers"/>
    <property name="java.runtime.version" value="1.8.0_402-8u402-ga-2ubuntu1~22.04-b06"/>
    <property name="java.net.preferIPv4Stack" value="true"/>
    <property name="user.name" value="alex"/>
    <property name="path.separator" value=":"/>
    <property name="os.version" value="6.5.0-28-generic"/>
    <property name="java.endorsed.dirs" value="/usr/lib/jvm/java-8-openjdk-amd64/jre/lib/endorsed"/>
    <property name="java.runtime.name" value="OpenJDK Runtime Environment"/>
    <property name="file.encoding" value="UTF-8"/>
    <property name="java.vm.name" value="OpenJDK 64-Bit Server VM"/>
    <property name="localRepository" value="/home/alex/.m2/repository"/>
    <property name="java.vendor.url.bug" value="http://bugreport.sun.com/bugreport/"/>
    <property name="java.io.tmpdir" value="/tmp"/>
    <property name="java.version" value="1.8.0_402"/>
    <property name="user.dir" value="/home/alex/Repositories/nifi/nifi-commons/nifi-sensitive-property-provider"/>
    <property name="os.arch" value="amd64"/>
    <property name="java.vm.specification.name" value="Java Virtual Machine Specification"/>
    <property name="java.awt.printerjob" value="sun.print.PSPrinterJob"/>
    <property name="sun.os.patch.level" value="unknown"/>
    <property name="java.library.path" value="/usr/java/packages/lib/amd64:/usr/lib/x86_64-linux-gnu/jni:/lib/x86_64-linux-gnu:/usr/lib/x86_64-linux-gnu:/usr/lib/jni:/lib:/usr/lib"/>
    <property name="java.vm.info" value="mixed mode"/>
    <property name="java.vendor" value="Private Build"/>
    <property name="java.vm.version" value="25.402-b06"/>
    <property name="java.specification.maintenance.version" value="5"/>
    <property name="java.ext.dirs" value="/usr/lib/jvm/java-8-openjdk-amd64/jre/lib/ext:/usr/java/packages/lib/ext"/>
    <property name="sun.io.unicode.encoding" value="UnicodeLittle"/>
    <property name="java.class.version" value="52.0"/>
  </properties>
  <testcase name="testShouldNotAllowIncorrectlySizedKey" classname="org.apache.nifi.properties.AESSensitivePropertyProviderTest" time="0.013"/>
  <testcase name="testShouldNotAllowIncorrectlySizedKey" classname="org.apache.nifi.properties.AESSensitivePropertyProviderTest" time="0.002"/>
  <testcase name="testShouldHandleUnprotectMalformedIV" classname="org.apache.nifi.properties.AESSensitivePropertyProviderTest" time="0.108">
    <system-err><![CDATA[[main] INFO org.apache.nifi.properties.AESSensitivePropertyProviderTest - Initialized AES Sensitive Property Provider with key size 128
[main] INFO org.apache.nifi.properties.AESSensitivePropertyProviderTest - Manipulated kP9p7Gd2k4Q2Sxde||YOdIA7qtRz6WoTCqf5uxWW/2gz8tVAI3UaTmaQ9OZegvVHx3cvhR3h4 to
                                                                                          kP9p7Gd24Qk2Sxde||YOdIA7qtRz6WoTCqf5uxWW/2gz8tVAI3UaTmaQ9OZegvVHx3cvhR3h4
[main] ERROR org.apache.nifi.properties.AESSensitivePropertyProvider - Error decrypting a protected value
javax.crypto.AEADBadTagException: mac check in GCM failed
	at sun.reflect.NativeConstructorAccessorImpl.newInstance0(Native Method)
	at sun.reflect.NativeConstructorAccessorImpl.newInstance(NativeConstructorAccessorImpl.java:62)
	at sun.reflect.DelegatingConstructorAccessorImpl.newInstance(DelegatingConstructorAccessorImpl.java:45)
	at java.lang.reflect.Constructor.newInstance(Constructor.java:423)
	at org.bouncycastle.jcajce.provider.symmetric.util.BaseBlockCipher$AEADGenericBlockCipher.doFinal(Unknown Source)
	at org.bouncycastle.jcajce.provider.symmetric.util.BaseBlockCipher.engineDoFinal(Unknown Source)
	at javax.crypto.Cipher.doFinal(Cipher.java:2168)
	at org.apache.nifi.properties.AESSensitivePropertyProvider.unprotect(AESSensitivePropertyProvider.java:241)
	at org.apache.nifi.properties.SensitivePropertyProvider$unprotect$0.call(Unknown Source)
	at org.codehaus.groovy.runtime.callsite.CallSiteArray.defaultCall(CallSiteArray.java:47)
	at org.codehaus.groovy.runtime.callsite.AbstractCallSite.call(AbstractCallSite.java:115)
	at org.codehaus.groovy.runtime.callsite.AbstractCallSite.call(AbstractCallSite.java:135)
	at org.apache.nifi.properties.AESSensitivePropertyProviderTest$_testShouldHandleUnprotectMalformedIV_closure27$_closure44.doCall(AESSensitivePropertyProviderTest.groovy:375)
	at org.apache.nifi.properties.AESSensitivePropertyProviderTest$_testShouldHandleUnprotectMalformedIV_closure27$_closure44.doCall(AESSensitivePropertyProviderTest.groovy)
	at sun.reflect.NativeMethodAccessorImpl.invoke0(Native Method)
	at sun.reflect.NativeMethodAccessorImpl.invoke(NativeMethodAccessorImpl.java:62)
	at sun.reflect.DelegatingMethodAccessorImpl.invoke(DelegatingMethodAccessorImpl.java:43)
	at java.lang.reflect.Method.invoke(Method.java:498)
	at org.codehaus.groovy.reflection.CachedMethod.invoke(CachedMethod.java:101)
	at groovy.lang.MetaMethod.doMethodInvoke(MetaMethod.java:323)
	at org.codehaus.groovy.runtime.metaclass.ClosureMetaClass.invokeMethod(ClosureMetaClass.java:263)
	at groovy.lang.MetaClassImpl.invokeMethod(MetaClassImpl.java:1041)
	at groovy.lang.Closure.call(Closure.java:405)
	at groovy.lang.Closure.call(Closure.java:399)
	at groovy.test.GroovyAssert.shouldFail(GroovyAssert.java:118)
	at groovy.util.GroovyTestCase.shouldFail(GroovyTestCase.java:216)
	at sun.reflect.NativeMethodAccessorImpl.invoke0(Native Method)
	at sun.reflect.NativeMethodAccessorImpl.invoke(NativeMethodAccessorImpl.java:62)
	at sun.reflect.DelegatingMethodAccessorImpl.invoke(DelegatingMethodAccessorImpl.java:43)
	at java.lang.reflect.Method.invoke(Method.java:498)
	at org.codehaus.groovy.reflection.CachedMethod.invoke(CachedMethod.java:101)
	at groovy.lang.MetaMethod.doMethodInvoke(MetaMethod.java:323)
	at org.codehaus.groovy.runtime.metaclass.ClosureMetaClass.invokeMethod(ClosureMetaClass.java:351)
	at org.codehaus.groovy.runtime.callsite.PogoMetaClassSite.callCurrent(PogoMetaClassSite.java:64)
	at org.codehaus.groovy.runtime.callsite.CallSiteArray.defaultCallCurrent(CallSiteArray.java:51)
	at org.codehaus.groovy.runtime.callsite.AbstractCallSite.callCurrent(AbstractCallSite.java:156)
	at org.codehaus.groovy.runtime.callsite.AbstractCallSite.callCurrent(AbstractCallSite.java:176)
	at org.apache.nifi.properties.AESSensitivePropertyProviderTest$_testShouldHandleUnprotectMalformedIV_closure27.doCall(AESSensitivePropertyProviderTest.groovy:374)
	at sun.reflect.NativeMethodAccessorImpl.invoke0(Native Method)
	at sun.reflect.NativeMethodAccessorImpl.invoke(NativeMethodAccessorImpl.java:62)
	at sun.reflect.DelegatingMethodAccessorImpl.invoke(DelegatingMethodAccessorImpl.java:43)
	at java.lang.reflect.Method.invoke(Method.java:498)
	at org.codehaus.groovy.reflection.CachedMethod.invoke(CachedMethod.java:101)
	at groovy.lang.MetaMethod.doMethodInvoke(MetaMethod.java:323)
	at org.codehaus.groovy.runtime.metaclass.ClosureMetaClass.invokeMethod(ClosureMetaClass.java:263)
	at groovy.lang.MetaClassImpl.invokeMethod(MetaClassImpl.java:1041)
	at groovy.lang.Closure.call(Closure.java:405)
	at groovy.lang.Closure.call(Closure.java:421)
	at org.codehaus.groovy.runtime.DefaultGroovyMethods.each(DefaultGroovyMethods.java:2330)
	at org.codehaus.groovy.runtime.DefaultGroovyMethods.each(DefaultGroovyMethods.java:2315)
	at org.codehaus.groovy.runtime.DefaultGroovyMethods.each(DefaultGroovyMethods.java:2356)
	at org.codehaus.groovy.runtime.dgm$186.invoke(Unknown Source)
	at org.codehaus.groovy.runtime.callsite.PojoMetaMethodSite$PojoMetaMethodSiteNoUnwrapNoCoerce.invoke(PojoMetaMethodSite.java:244)
	at org.codehaus.groovy.runtime.callsite.PojoMetaMethodSite.call(PojoMetaMethodSite.java:53)
	at org.codehaus.groovy.runtime.callsite.CallSiteArray.defaultCall(CallSiteArray.java:47)
	at org.codehaus.groovy.runtime.callsite.AbstractCallSite.call(AbstractCallSite.java:115)
	at org.codehaus.groovy.runtime.callsite.AbstractCallSite.call(AbstractCallSite.java:127)
	at org.apache.nifi.properties.AESSensitivePropertyProviderTest.testShouldHandleUnprotectMalformedIV(AESSensitivePropertyProviderTest.groovy:366)
	at sun.reflect.NativeMethodAccessorImpl.invoke0(Native Method)
	at sun.reflect.NativeMethodAccessorImpl.invoke(NativeMethodAccessorImpl.java:62)
	at sun.reflect.DelegatingMethodAccessorImpl.invoke(DelegatingMethodAccessorImpl.java:43)
	at java.lang.reflect.Method.invoke(Method.java:498)
	at org.junit.platform.commons.util.ReflectionUtils.invokeMethod(ReflectionUtils.java:688)
	at org.junit.jupiter.engine.execution.MethodInvocation.proceed(MethodInvocation.java:60)
	at org.junit.jupiter.engine.execution.InvocationInterceptorChain$ValidatingInvocation.proceed(InvocationInterceptorChain.java:131)
	at org.junit.jupiter.engine.extension.TimeoutExtension.intercept(TimeoutExtension.java:149)
	at org.junit.jupiter.engine.extension.TimeoutExtension.interceptTestableMethod(TimeoutExtension.java:140)
	at org.junit.jupiter.engine.extension.TimeoutExtension.interceptTestMethod(TimeoutExtension.java:84)
	at org.junit.jupiter.engine.execution.ExecutableInvoker$ReflectiveInterceptorCall.lambda$ofVoidMethod$0(ExecutableInvoker.java:115)
	at org.junit.jupiter.engine.execution.ExecutableInvoker.lambda$invoke$0(ExecutableInvoker.java:105)
	at org.junit.jupiter.engine.execution.InvocationInterceptorChain$InterceptedInvocation.proceed(InvocationInterceptorChain.java:106)
	at org.junit.jupiter.engine.execution.InvocationInterceptorChain.proceed(InvocationInterceptorChain.java:64)
	at org.junit.jupiter.engine.execution.InvocationInterceptorChain.chainAndInvoke(InvocationInterceptorChain.java:45)
	at org.junit.jupiter.engine.execution.InvocationInterceptorChain.invoke(InvocationInterceptorChain.java:37)
	at org.junit.jupiter.engine.execution.ExecutableInvoker.invoke(ExecutableInvoker.java:104)
	at org.junit.jupiter.engine.execution.ExecutableInvoker.invoke(ExecutableInvoker.java:98)
	at org.junit.jupiter.engine.descriptor.TestMethodTestDescriptor.lambda$invokeTestMethod$6(TestMethodTestDescriptor.java:210)
	at org.junit.platform.engine.support.hierarchical.ThrowableCollector.execute(ThrowableCollector.java:73)
	at org.junit.jupiter.engine.descriptor.TestMethodTestDescriptor.invokeTestMethod(TestMethodTestDescriptor.java:206)
	at org.junit.jupiter.engine.descriptor.TestMethodTestDescriptor.execute(TestMethodTestDescriptor.java:131)
	at org.junit.jupiter.engine.descriptor.TestMethodTestDescriptor.execute(TestMethodTestDescriptor.java:65)
	at org.junit.platform.engine.support.hierarchical.NodeTestTask.lambda$executeRecursively$5(NodeTestTask.java:139)
	at org.junit.platform.engine.support.hierarchical.ThrowableCollector.execute(ThrowableCollector.java:73)
	at org.junit.platform.engine.support.hierarchical.NodeTestTask.lambda$executeRecursively$7(NodeTestTask.java:129)
	at org.junit.platform.engine.support.hierarchical.Node.around(Node.java:137)
	at org.junit.platform.engine.support.hierarchical.NodeTestTask.lambda$executeRecursively$8(NodeTestTask.java:127)
	at org.junit.platform.engine.support.hierarchical.ThrowableCollector.execute(ThrowableCollector.java:73)
	at org.junit.platform.engine.support.hierarchical.NodeTestTask.executeRecursively(NodeTestTask.java:126)
	at org.junit.platform.engine.support.hierarchical.NodeTestTask.execute(NodeTestTask.java:84)
	at java.util.ArrayList.forEach(ArrayList.java:1259)
	at org.junit.platform.engine.support.hierarchical.SameThreadHierarchicalTestExecutorService.invokeAll(SameThreadHierarchicalTestExecutorService.java:38)
	at org.junit.platform.engine.support.hierarchical.NodeTestTask.lambda$executeRecursively$5(NodeTestTask.java:143)
	at org.junit.platform.engine.support.hierarchical.ThrowableCollector.execute(ThrowableCollector.java:73)
	at org.junit.platform.engine.support.hierarchical.NodeTestTask.lambda$executeRecursively$7(NodeTestTask.java:129)
	at org.junit.platform.engine.support.hierarchical.Node.around(Node.java:137)
	at org.junit.platform.engine.support.hierarchical.NodeTestTask.lambda$executeRecursively$8(NodeTestTask.java:127)
	at org.junit.platform.engine.support.hierarchical.ThrowableCollector.execute(ThrowableCollector.java:73)
	at org.junit.platform.engine.support.hierarchical.NodeTestTask.executeRecursively(NodeTestTask.java:126)
	at org.junit.platform.engine.support.hierarchical.NodeTestTask.execute(NodeTestTask.java:84)
	at java.util.ArrayList.forEach(ArrayList.java:1259)
	at org.junit.platform.engine.support.hierarchical.SameThreadHierarchicalTestExecutorService.invokeAll(SameThreadHierarchicalTestExecutorService.java:38)
	at org.junit.platform.engine.support.hierarchical.NodeTestTask.lambda$executeRecursively$5(NodeTestTask.java:143)
	at org.junit.platform.engine.support.hierarchical.ThrowableCollector.execute(ThrowableCollector.java:73)
	at org.junit.platform.engine.support.hierarchical.NodeTestTask.lambda$executeRecursively$7(NodeTestTask.java:129)
	at org.junit.platform.engine.support.hierarchical.Node.around(Node.java:137)
	at org.junit.platform.engine.support.hierarchical.NodeTestTask.lambda$executeRecursively$8(NodeTestTask.java:127)
	at org.junit.platform.engine.support.hierarchical.ThrowableCollector.execute(ThrowableCollector.java:73)
	at org.junit.platform.engine.support.hierarchical.NodeTestTask.executeRecursively(NodeTestTask.java:126)
	at org.junit.platform.engine.support.hierarchical.NodeTestTask.execute(NodeTestTask.java:84)
	at org.junit.platform.engine.support.hierarchical.SameThreadHierarchicalTestExecutorService.submit(SameThreadHierarchicalTestExecutorService.java:32)
	at org.junit.platform.engine.support.hierarchical.HierarchicalTestExecutor.execute(HierarchicalTestExecutor.java:57)
	at org.junit.platform.engine.support.hierarchical.HierarchicalTestEngine.execute(HierarchicalTestEngine.java:51)
	at org.junit.platform.launcher.core.EngineExecutionOrchestrator.execute(EngineExecutionOrchestrator.java:108)
	at org.junit.platform.launcher.core.EngineExecutionOrchestrator.execute(EngineExecutionOrchestrator.java:88)
	at org.junit.platform.launcher.core.EngineExecutionOrchestrator.lambda$execute$0(EngineExecutionOrchestrator.java:54)
	at org.junit.platform.launcher.core.EngineExecutionOrchestrator.withInterceptedStreams(EngineExecutionOrchestrator.java:67)
	at org.junit.platform.launcher.core.EngineExecutionOrchestrator.execute(EngineExecutionOrchestrator.java:52)
	at org.junit.platform.launcher.core.DefaultLauncher.execute(DefaultLauncher.java:96)
	at org.junit.platform.launcher.core.DefaultLauncher.execute(DefaultLauncher.java:75)
	at org.apache.maven.surefire.junitplatform.JUnitPlatformProvider.execute(JUnitPlatformProvider.java:188)
	at org.apache.maven.surefire.junitplatform.JUnitPlatformProvider.invokeAllTests(JUnitPlatformProvider.java:154)
	at org.apache.maven.surefire.junitplatform.JUnitPlatformProvider.invoke(JUnitPlatformProvider.java:128)
	at org.apache.maven.surefire.booter.ForkedBooter.runSuitesInProcess(ForkedBooter.java:428)
	at org.apache.maven.surefire.booter.ForkedBooter.execute(ForkedBooter.java:162)
	at org.apache.maven.surefire.booter.ForkedBooter.run(ForkedBooter.java:562)
	at org.apache.maven.surefire.booter.ForkedBooter.main(ForkedBooter.java:548)
[main] INFO org.apache.nifi.properties.AESSensitivePropertyProviderTest - [EXPECTED] Error decrypting a protected value for keySize 128 and cipher text [kP9p7Gd24Qk2Sxde||YOdIA7qtRz6WoTCqf5uxWW/2gz8tVAI3UaTmaQ9OZegvVHx3cvhR3h4]
[main] INFO org.apache.nifi.properties.AESSensitivePropertyProviderTest - Initialized AES Sensitive Property Provider with key size 192
[main] INFO org.apache.nifi.properties.AESSensitivePropertyProviderTest - Manipulated PhzqO+SQPiTov0Na||NZ21qsVxDShp3f8UiUQWN82iY2TSplCIkSqo0Rnv7m7oiwdkof8RgZs to
                                                                                          PhzqO+SQoiPTv0Na||NZ21qsVxDShp3f8UiUQWN82iY2TSplCIkSqo0Rnv7m7oiwdkof8RgZs
[main] ERROR org.apache.nifi.properties.AESSensitivePropertyProvider - Error decrypting a protected value
javax.crypto.AEADBadTagException: mac check in GCM failed
	at sun.reflect.NativeConstructorAccessorImpl.newInstance0(Native Method)
	at sun.reflect.NativeConstructorAccessorImpl.newInstance(NativeConstructorAccessorImpl.java:62)
	at sun.reflect.DelegatingConstructorAccessorImpl.newInstance(DelegatingConstructorAccessorImpl.java:45)
	at java.lang.reflect.Constructor.newInstance(Constructor.java:423)
	at org.bouncycastle.jcajce.provider.symmetric.util.BaseBlockCipher$AEADGenericBlockCipher.doFinal(Unknown Source)
	at org.bouncycastle.jcajce.provider.symmetric.util.BaseBlockCipher.engineDoFinal(Unknown Source)
	at javax.crypto.Cipher.doFinal(Cipher.java:2168)
	at org.apache.nifi.properties.AESSensitivePropertyProvider.unprotect(AESSensitivePropertyProvider.java:241)
	at org.apache.nifi.properties.SensitivePropertyProvider$unprotect$0.call(Unknown Source)
	at org.apache.nifi.properties.AESSensitivePropertyProviderTest$_testShouldHandleUnprotectMalformedIV_closure27$_closure44.doCall(AESSensitivePropertyProviderTest.groovy:375)
	at org.apache.nifi.properties.AESSensitivePropertyProviderTest$_testShouldHandleUnprotectMalformedIV_closure27$_closure44.doCall(AESSensitivePropertyProviderTest.groovy)
	at sun.reflect.NativeMethodAccessorImpl.invoke0(Native Method)
	at sun.reflect.NativeMethodAccessorImpl.invoke(NativeMethodAccessorImpl.java:62)
	at sun.reflect.DelegatingMethodAccessorImpl.invoke(DelegatingMethodAccessorImpl.java:43)
	at java.lang.reflect.Method.invoke(Method.java:498)
	at org.codehaus.groovy.reflection.CachedMethod.invoke(CachedMethod.java:101)
	at groovy.lang.MetaMethod.doMethodInvoke(MetaMethod.java:323)
	at org.codehaus.groovy.runtime.metaclass.ClosureMetaClass.invokeMethod(ClosureMetaClass.java:263)
	at groovy.lang.MetaClassImpl.invokeMethod(MetaClassImpl.java:1041)
	at groovy.lang.Closure.call(Closure.java:405)
	at groovy.lang.Closure.call(Closure.java:399)
	at groovy.test.GroovyAssert.shouldFail(GroovyAssert.java:118)
	at groovy.util.GroovyTestCase.shouldFail(GroovyTestCase.java:216)
	at sun.reflect.NativeMethodAccessorImpl.invoke0(Native Method)
	at sun.reflect.NativeMethodAccessorImpl.invoke(NativeMethodAccessorImpl.java:62)
	at sun.reflect.DelegatingMethodAccessorImpl.invoke(DelegatingMethodAccessorImpl.java:43)
	at java.lang.reflect.Method.invoke(Method.java:498)
	at org.codehaus.groovy.reflection.CachedMethod.invoke(CachedMethod.java:101)
	at groovy.lang.MetaMethod.doMethodInvoke(MetaMethod.java:323)
	at org.codehaus.groovy.runtime.metaclass.ClosureMetaClass.invokeMethod(ClosureMetaClass.java:351)
	at org.codehaus.groovy.runtime.callsite.PogoMetaClassSite.callCurrent(PogoMetaClassSite.java:64)
	at org.codehaus.groovy.runtime.callsite.AbstractCallSite.callCurrent(AbstractCallSite.java:176)
	at org.apache.nifi.properties.AESSensitivePropertyProviderTest$_testShouldHandleUnprotectMalformedIV_closure27.doCall(AESSensitivePropertyProviderTest.groovy:374)
	at sun.reflect.NativeMethodAccessorImpl.invoke0(Native Method)
	at sun.reflect.NativeMethodAccessorImpl.invoke(NativeMethodAccessorImpl.java:62)
	at sun.reflect.DelegatingMethodAccessorImpl.invoke(DelegatingMethodAccessorImpl.java:43)
	at java.lang.reflect.Method.invoke(Method.java:498)
	at org.codehaus.groovy.reflection.CachedMethod.invoke(CachedMethod.java:101)
	at groovy.lang.MetaMethod.doMethodInvoke(MetaMethod.java:323)
	at org.codehaus.groovy.runtime.metaclass.ClosureMetaClass.invokeMethod(ClosureMetaClass.java:263)
	at groovy.lang.MetaClassImpl.invokeMethod(MetaClassImpl.java:1041)
	at groovy.lang.Closure.call(Closure.java:405)
	at groovy.lang.Closure.call(Closure.java:421)
	at org.codehaus.groovy.runtime.DefaultGroovyMethods.each(DefaultGroovyMethods.java:2330)
	at org.codehaus.groovy.runtime.DefaultGroovyMethods.each(DefaultGroovyMethods.java:2315)
	at org.codehaus.groovy.runtime.DefaultGroovyMethods.each(DefaultGroovyMethods.java:2356)
	at org.codehaus.groovy.runtime.dgm$186.invoke(Unknown Source)
	at org.codehaus.groovy.runtime.callsite.PojoMetaMethodSite$PojoMetaMethodSiteNoUnwrapNoCoerce.invoke(PojoMetaMethodSite.java:244)
	at org.codehaus.groovy.runtime.callsite.PojoMetaMethodSite.call(PojoMetaMethodSite.java:53)
	at org.codehaus.groovy.runtime.callsite.CallSiteArray.defaultCall(CallSiteArray.java:47)
	at org.codehaus.groovy.runtime.callsite.AbstractCallSite.call(AbstractCallSite.java:115)
	at org.codehaus.groovy.runtime.callsite.AbstractCallSite.call(AbstractCallSite.java:127)
	at org.apache.nifi.properties.AESSensitivePropertyProviderTest.testShouldHandleUnprotectMalformedIV(AESSensitivePropertyProviderTest.groovy:366)
	at sun.reflect.NativeMethodAccessorImpl.invoke0(Native Method)
	at sun.reflect.NativeMethodAccessorImpl.invoke(NativeMethodAccessorImpl.java:62)
	at sun.reflect.DelegatingMethodAccessorImpl.invoke(DelegatingMethodAccessorImpl.java:43)
	at java.lang.reflect.Method.invoke(Method.java:498)
	at org.junit.platform.commons.util.ReflectionUtils.invokeMethod(ReflectionUtils.java:688)
	at org.junit.jupiter.engine.execution.MethodInvocation.proceed(MethodInvocation.java:60)
	at org.junit.jupiter.engine.execution.InvocationInterceptorChain$ValidatingInvocation.proceed(InvocationInterceptorChain.java:131)
	at org.junit.jupiter.engine.extension.TimeoutExtension.intercept(TimeoutExtension.java:149)
	at org.junit.jupiter.engine.extension.TimeoutExtension.interceptTestableMethod(TimeoutExtension.java:140)
	at org.junit.jupiter.engine.extension.TimeoutExtension.interceptTestMethod(TimeoutExtension.java:84)
	at org.junit.jupiter.engine.execution.ExecutableInvoker$ReflectiveInterceptorCall.lambda$ofVoidMethod$0(ExecutableInvoker.java:115)
	at org.junit.jupiter.engine.execution.ExecutableInvoker.lambda$invoke$0(ExecutableInvoker.java:105)
	at org.junit.jupiter.engine.execution.InvocationInterceptorChain$InterceptedInvocation.proceed(InvocationInterceptorChain.java:106)
	at org.junit.jupiter.engine.execution.InvocationInterceptorChain.proceed(InvocationInterceptorChain.java:64)
	at org.junit.jupiter.engine.execution.InvocationInterceptorChain.chainAndInvoke(InvocationInterceptorChain.java:45)
	at org.junit.jupiter.engine.execution.InvocationInterceptorChain.invoke(InvocationInterceptorChain.java:37)
	at org.junit.jupiter.engine.execution.ExecutableInvoker.invoke(ExecutableInvoker.java:104)
	at org.junit.jupiter.engine.execution.ExecutableInvoker.invoke(ExecutableInvoker.java:98)
	at org.junit.jupiter.engine.descriptor.TestMethodTestDescriptor.lambda$invokeTestMethod$6(TestMethodTestDescriptor.java:210)
	at org.junit.platform.engine.support.hierarchical.ThrowableCollector.execute(ThrowableCollector.java:73)
	at org.junit.jupiter.engine.descriptor.TestMethodTestDescriptor.invokeTestMethod(TestMethodTestDescriptor.java:206)
	at org.junit.jupiter.engine.descriptor.TestMethodTestDescriptor.execute(TestMethodTestDescriptor.java:131)
	at org.junit.jupiter.engine.descriptor.TestMethodTestDescriptor.execute(TestMethodTestDescriptor.java:65)
	at org.junit.platform.engine.support.hierarchical.NodeTestTask.lambda$executeRecursively$5(NodeTestTask.java:139)
	at org.junit.platform.engine.support.hierarchical.ThrowableCollector.execute(ThrowableCollector.java:73)
	at org.junit.platform.engine.support.hierarchical.NodeTestTask.lambda$executeRecursively$7(NodeTestTask.java:129)
	at org.junit.platform.engine.support.hierarchical.Node.around(Node.java:137)
	at org.junit.platform.engine.support.hierarchical.NodeTestTask.lambda$executeRecursively$8(NodeTestTask.java:127)
	at org.junit.platform.engine.support.hierarchical.ThrowableCollector.execute(ThrowableCollector.java:73)
	at org.junit.platform.engine.support.hierarchical.NodeTestTask.executeRecursively(NodeTestTask.java:126)
	at org.junit.platform.engine.support.hierarchical.NodeTestTask.execute(NodeTestTask.java:84)
	at java.util.ArrayList.forEach(ArrayList.java:1259)
	at org.junit.platform.engine.support.hierarchical.SameThreadHierarchicalTestExecutorService.invokeAll(SameThreadHierarchicalTestExecutorService.java:38)
	at org.junit.platform.engine.support.hierarchical.NodeTestTask.lambda$executeRecursively$5(NodeTestTask.java:143)
	at org.junit.platform.engine.support.hierarchical.ThrowableCollector.execute(ThrowableCollector.java:73)
	at org.junit.platform.engine.support.hierarchical.NodeTestTask.lambda$executeRecursively$7(NodeTestTask.java:129)
	at org.junit.platform.engine.support.hierarchical.Node.around(Node.java:137)
	at org.junit.platform.engine.support.hierarchical.NodeTestTask.lambda$executeRecursively$8(NodeTestTask.java:127)
	at org.junit.platform.engine.support.hierarchical.ThrowableCollector.execute(ThrowableCollector.java:73)
	at org.junit.platform.engine.support.hierarchical.NodeTestTask.executeRecursively(NodeTestTask.java:126)
	at org.junit.platform.engine.support.hierarchical.NodeTestTask.execute(NodeTestTask.java:84)
	at java.util.ArrayList.forEach(ArrayList.java:1259)
	at org.junit.platform.engine.support.hierarchical.SameThreadHierarchicalTestExecutorService.invokeAll(SameThreadHierarchicalTestExecutorService.java:38)
	at org.junit.platform.engine.support.hierarchical.NodeTestTask.lambda$executeRecursively$5(NodeTestTask.java:143)
	at org.junit.platform.engine.support.hierarchical.ThrowableCollector.execute(ThrowableCollector.java:73)
	at org.junit.platform.engine.support.hierarchical.NodeTestTask.lambda$executeRecursively$7(NodeTestTask.java:129)
	at org.junit.platform.engine.support.hierarchical.Node.around(Node.java:137)
	at org.junit.platform.engine.support.hierarchical.NodeTestTask.lambda$executeRecursively$8(NodeTestTask.java:127)
	at org.junit.platform.engine.support.hierarchical.ThrowableCollector.execute(ThrowableCollector.java:73)
	at org.junit.platform.engine.support.hierarchical.NodeTestTask.executeRecursively(NodeTestTask.java:126)
	at org.junit.platform.engine.support.hierarchical.NodeTestTask.execute(NodeTestTask.java:84)
	at org.junit.platform.engine.support.hierarchical.SameThreadHierarchicalTestExecutorService.submit(SameThreadHierarchicalTestExecutorService.java:32)
	at org.junit.platform.engine.support.hierarchical.HierarchicalTestExecutor.execute(HierarchicalTestExecutor.java:57)
	at org.junit.platform.engine.support.hierarchical.HierarchicalTestEngine.execute(HierarchicalTestEngine.java:51)
	at org.junit.platform.launcher.core.EngineExecutionOrchestrator.execute(EngineExecutionOrchestrator.java:108)
	at org.junit.platform.launcher.core.EngineExecutionOrchestrator.execute(EngineExecutionOrchestrator.java:88)
	at org.junit.platform.launcher.core.EngineExecutionOrchestrator.lambda$execute$0(EngineExecutionOrchestrator.java:54)
	at org.junit.platform.launcher.core.EngineExecutionOrchestrator.withInterceptedStreams(EngineExecutionOrchestrator.java:67)
	at org.junit.platform.launcher.core.EngineExecutionOrchestrator.execute(EngineExecutionOrchestrator.java:52)
	at org.junit.platform.launcher.core.DefaultLauncher.execute(DefaultLauncher.java:96)
	at org.junit.platform.launcher.core.DefaultLauncher.execute(DefaultLauncher.java:75)
	at org.apache.maven.surefire.junitplatform.JUnitPlatformProvider.execute(JUnitPlatformProvider.java:188)
	at org.apache.maven.surefire.junitplatform.JUnitPlatformProvider.invokeAllTests(JUnitPlatformProvider.java:154)
	at org.apache.maven.surefire.junitplatform.JUnitPlatformProvider.invoke(JUnitPlatformProvider.java:128)
	at org.apache.maven.surefire.booter.ForkedBooter.runSuitesInProcess(ForkedBooter.java:428)
	at org.apache.maven.surefire.booter.ForkedBooter.execute(ForkedBooter.java:162)
	at org.apache.maven.surefire.booter.ForkedBooter.run(ForkedBooter.java:562)
	at org.apache.maven.surefire.booter.ForkedBooter.main(ForkedBooter.java:548)
[main] INFO org.apache.nifi.properties.AESSensitivePropertyProviderTest - [EXPECTED] Error decrypting a protected value for keySize 192 and cipher text [PhzqO+SQoiPTv0Na||NZ21qsVxDShp3f8UiUQWN82iY2TSplCIkSqo0Rnv7m7oiwdkof8RgZs]
[main] INFO org.apache.nifi.properties.AESSensitivePropertyProviderTest - Initialized AES Sensitive Property Provider with key size 256
[main] INFO org.apache.nifi.properties.AESSensitivePropertyProviderTest - Manipulated e9/55W+IOHOnC2KQ||rVBaHYy4VK43oxE0pq2iIX8zek/1U7AKYfN4jceW3knL8aN4g/qu3ZQ to
                                                                                          e9/55W+InOHOC2KQ||rVBaHYy4VK43oxE0pq2iIX8zek/1U7AKYfN4jceW3knL8aN4g/qu3ZQ
[main] ERROR org.apache.nifi.properties.AESSensitivePropertyProvider - Error decrypting a protected value
javax.crypto.AEADBadTagException: mac check in GCM failed
	at sun.reflect.NativeConstructorAccessorImpl.newInstance0(Native Method)
	at sun.reflect.NativeConstructorAccessorImpl.newInstance(NativeConstructorAccessorImpl.java:62)
	at sun.reflect.DelegatingConstructorAccessorImpl.newInstance(DelegatingConstructorAccessorImpl.java:45)
	at java.lang.reflect.Constructor.newInstance(Constructor.java:423)
	at org.bouncycastle.jcajce.provider.symmetric.util.BaseBlockCipher$AEADGenericBlockCipher.doFinal(Unknown Source)
	at org.bouncycastle.jcajce.provider.symmetric.util.BaseBlockCipher.engineDoFinal(Unknown Source)
	at javax.crypto.Cipher.doFinal(Cipher.java:2168)
	at org.apache.nifi.properties.AESSensitivePropertyProvider.unprotect(AESSensitivePropertyProvider.java:241)
	at org.apache.nifi.properties.SensitivePropertyProvider$unprotect$0.call(Unknown Source)
	at org.apache.nifi.properties.AESSensitivePropertyProviderTest$_testShouldHandleUnprotectMalformedIV_closure27$_closure44.doCall(AESSensitivePropertyProviderTest.groovy:375)
	at org.apache.nifi.properties.AESSensitivePropertyProviderTest$_testShouldHandleUnprotectMalformedIV_closure27$_closure44.doCall(AESSensitivePropertyProviderTest.groovy)
	at sun.reflect.NativeMethodAccessorImpl.invoke0(Native Method)
	at sun.reflect.NativeMethodAccessorImpl.invoke(NativeMethodAccessorImpl.java:62)
	at sun.reflect.DelegatingMethodAccessorImpl.invoke(DelegatingMethodAccessorImpl.java:43)
	at java.lang.reflect.Method.invoke(Method.java:498)
	at org.codehaus.groovy.reflection.CachedMethod.invoke(CachedMethod.java:101)
	at groovy.lang.MetaMethod.doMethodInvoke(MetaMethod.java:323)
	at org.codehaus.groovy.runtime.metaclass.ClosureMetaClass.invokeMethod(ClosureMetaClass.java:263)
	at groovy.lang.MetaClassImpl.invokeMethod(MetaClassImpl.java:1041)
	at groovy.lang.Closure.call(Closure.java:405)
	at groovy.lang.Closure.call(Closure.java:399)
	at groovy.test.GroovyAssert.shouldFail(GroovyAssert.java:118)
	at groovy.util.GroovyTestCase.shouldFail(GroovyTestCase.java:216)
	at sun.reflect.NativeMethodAccessorImpl.invoke0(Native Method)
	at sun.reflect.NativeMethodAccessorImpl.invoke(NativeMethodAccessorImpl.java:62)
	at sun.reflect.DelegatingMethodAccessorImpl.invoke(DelegatingMethodAccessorImpl.java:43)
	at java.lang.reflect.Method.invoke(Method.java:498)
	at org.codehaus.groovy.reflection.CachedMethod.invoke(CachedMethod.java:101)
	at groovy.lang.MetaMethod.doMethodInvoke(MetaMethod.java:323)
	at org.codehaus.groovy.runtime.metaclass.ClosureMetaClass.invokeMethod(ClosureMetaClass.java:351)
	at org.codehaus.groovy.runtime.callsite.PogoMetaClassSite.callCurrent(PogoMetaClassSite.java:64)
	at org.codehaus.groovy.runtime.callsite.AbstractCallSite.callCurrent(AbstractCallSite.java:176)
	at org.apache.nifi.properties.AESSensitivePropertyProviderTest$_testShouldHandleUnprotectMalformedIV_closure27.doCall(AESSensitivePropertyProviderTest.groovy:374)
	at sun.reflect.NativeMethodAccessorImpl.invoke0(Native Method)
	at sun.reflect.NativeMethodAccessorImpl.invoke(NativeMethodAccessorImpl.java:62)
	at sun.reflect.DelegatingMethodAccessorImpl.invoke(DelegatingMethodAccessorImpl.java:43)
	at java.lang.reflect.Method.invoke(Method.java:498)
	at org.codehaus.groovy.reflection.CachedMethod.invoke(CachedMethod.java:101)
	at groovy.lang.MetaMethod.doMethodInvoke(MetaMethod.java:323)
	at org.codehaus.groovy.runtime.metaclass.ClosureMetaClass.invokeMethod(ClosureMetaClass.java:263)
	at groovy.lang.MetaClassImpl.invokeMethod(MetaClassImpl.java:1041)
	at groovy.lang.Closure.call(Closure.java:405)
	at groovy.lang.Closure.call(Closure.java:421)
	at org.codehaus.groovy.runtime.DefaultGroovyMethods.each(DefaultGroovyMethods.java:2330)
	at org.codehaus.groovy.runtime.DefaultGroovyMethods.each(DefaultGroovyMethods.java:2315)
	at org.codehaus.groovy.runtime.DefaultGroovyMethods.each(DefaultGroovyMethods.java:2356)
	at org.codehaus.groovy.runtime.dgm$186.invoke(Unknown Source)
	at org.codehaus.groovy.runtime.callsite.PojoMetaMethodSite$PojoMetaMethodSiteNoUnwrapNoCoerce.invoke(PojoMetaMethodSite.java:244)
	at org.codehaus.groovy.runtime.callsite.PojoMetaMethodSite.call(PojoMetaMethodSite.java:53)
	at org.codehaus.groovy.runtime.callsite.CallSiteArray.defaultCall(CallSiteArray.java:47)
	at org.codehaus.groovy.runtime.callsite.AbstractCallSite.call(AbstractCallSite.java:115)
	at org.codehaus.groovy.runtime.callsite.AbstractCallSite.call(AbstractCallSite.java:127)
	at org.apache.nifi.properties.AESSensitivePropertyProviderTest.testShouldHandleUnprotectMalformedIV(AESSensitivePropertyProviderTest.groovy:366)
	at sun.reflect.NativeMethodAccessorImpl.invoke0(Native Method)
	at sun.reflect.NativeMethodAccessorImpl.invoke(NativeMethodAccessorImpl.java:62)
	at sun.reflect.DelegatingMethodAccessorImpl.invoke(DelegatingMethodAccessorImpl.java:43)
	at java.lang.reflect.Method.invoke(Method.java:498)
	at org.junit.platform.commons.util.ReflectionUtils.invokeMethod(ReflectionUtils.java:688)
	at org.junit.jupiter.engine.execution.MethodInvocation.proceed(MethodInvocation.java:60)
	at org.junit.jupiter.engine.execution.InvocationInterceptorChain$ValidatingInvocation.proceed(InvocationInterceptorChain.java:131)
	at org.junit.jupiter.engine.extension.TimeoutExtension.intercept(TimeoutExtension.java:149)
	at org.junit.jupiter.engine.extension.TimeoutExtension.interceptTestableMethod(TimeoutExtension.java:140)
	at org.junit.jupiter.engine.extension.TimeoutExtension.interceptTestMethod(TimeoutExtension.java:84)
	at org.junit.jupiter.engine.execution.ExecutableInvoker$ReflectiveInterceptorCall.lambda$ofVoidMethod$0(ExecutableInvoker.java:115)
	at org.junit.jupiter.engine.execution.ExecutableInvoker.lambda$invoke$0(ExecutableInvoker.java:105)
	at org.junit.jupiter.engine.execution.InvocationInterceptorChain$InterceptedInvocation.proceed(InvocationInterceptorChain.java:106)
	at org.junit.jupiter.engine.execution.InvocationInterceptorChain.proceed(InvocationInterceptorChain.java:64)
	at org.junit.jupiter.engine.execution.InvocationInterceptorChain.chainAndInvoke(InvocationInterceptorChain.java:45)
	at org.junit.jupiter.engine.execution.InvocationInterceptorChain.invoke(InvocationInterceptorChain.java:37)
	at org.junit.jupiter.engine.execution.ExecutableInvoker.invoke(ExecutableInvoker.java:104)
	at org.junit.jupiter.engine.execution.ExecutableInvoker.invoke(ExecutableInvoker.java:98)
	at org.junit.jupiter.engine.descriptor.TestMethodTestDescriptor.lambda$invokeTestMethod$6(TestMethodTestDescriptor.java:210)
	at org.junit.platform.engine.support.hierarchical.ThrowableCollector.execute(ThrowableCollector.java:73)
	at org.junit.jupiter.engine.descriptor.TestMethodTestDescriptor.invokeTestMethod(TestMethodTestDescriptor.java:206)
	at org.junit.jupiter.engine.descriptor.TestMethodTestDescriptor.execute(TestMethodTestDescriptor.java:131)
	at org.junit.jupiter.engine.descriptor.TestMethodTestDescriptor.execute(TestMethodTestDescriptor.java:65)
	at org.junit.platform.engine.support.hierarchical.NodeTestTask.lambda$executeRecursively$5(NodeTestTask.java:139)
	at org.junit.platform.engine.support.hierarchical.ThrowableCollector.execute(ThrowableCollector.java:73)
	at org.junit.platform.engine.support.hierarchical.NodeTestTask.lambda$executeRecursively$7(NodeTestTask.java:129)
	at org.junit.platform.engine.support.hierarchical.Node.around(Node.java:137)
	at org.junit.platform.engine.support.hierarchical.NodeTestTask.lambda$executeRecursively$8(NodeTestTask.java:127)
	at org.junit.platform.engine.support.hierarchical.ThrowableCollector.execute(ThrowableCollector.java:73)
	at org.junit.platform.engine.support.hierarchical.NodeTestTask.executeRecursively(NodeTestTask.java:126)
	at org.junit.platform.engine.support.hierarchical.NodeTestTask.execute(NodeTestTask.java:84)
	at java.util.ArrayList.forEach(ArrayList.java:1259)
	at org.junit.platform.engine.support.hierarchical.SameThreadHierarchicalTestExecutorService.invokeAll(SameThreadHierarchicalTestExecutorService.java:38)
	at org.junit.platform.engine.support.hierarchical.NodeTestTask.lambda$executeRecursively$5(NodeTestTask.java:143)
	at org.junit.platform.engine.support.hierarchical.ThrowableCollector.execute(ThrowableCollector.java:73)
	at org.junit.platform.engine.support.hierarchical.NodeTestTask.lambda$executeRecursively$7(NodeTestTask.java:129)
	at org.junit.platform.engine.support.hierarchical.Node.around(Node.java:137)
	at org.junit.platform.engine.support.hierarchical.NodeTestTask.lambda$executeRecursively$8(NodeTestTask.java:127)
	at org.junit.platform.engine.support.hierarchical.ThrowableCollector.execute(ThrowableCollector.java:73)
	at org.junit.platform.engine.support.hierarchical.NodeTestTask.executeRecursively(NodeTestTask.java:126)
	at org.junit.platform.engine.support.hierarchical.NodeTestTask.execute(NodeTestTask.java:84)
	at java.util.ArrayList.forEach(ArrayList.java:1259)
	at org.junit.platform.engine.support.hierarchical.SameThreadHierarchicalTestExecutorService.invokeAll(SameThreadHierarchicalTestExecutorService.java:38)
	at org.junit.platform.engine.support.hierarchical.NodeTestTask.lambda$executeRecursively$5(NodeTestTask.java:143)
	at org.junit.platform.engine.support.hierarchical.ThrowableCollector.execute(ThrowableCollector.java:73)
	at org.junit.platform.engine.support.hierarchical.NodeTestTask.lambda$executeRecursively$7(NodeTestTask.java:129)
	at org.junit.platform.engine.support.hierarchical.Node.around(Node.java:137)
	at org.junit.platform.engine.support.hierarchical.NodeTestTask.lambda$executeRecursively$8(NodeTestTask.java:127)
	at org.junit.platform.engine.support.hierarchical.ThrowableCollector.execute(ThrowableCollector.java:73)
	at org.junit.platform.engine.support.hierarchical.NodeTestTask.executeRecursively(NodeTestTask.java:126)
	at org.junit.platform.engine.support.hierarchical.NodeTestTask.execute(NodeTestTask.java:84)
	at org.junit.platform.engine.support.hierarchical.SameThreadHierarchicalTestExecutorService.submit(SameThreadHierarchicalTestExecutorService.java:32)
	at org.junit.platform.engine.support.hierarchical.HierarchicalTestExecutor.execute(HierarchicalTestExecutor.java:57)
	at org.junit.platform.engine.support.hierarchical.HierarchicalTestEngine.execute(HierarchicalTestEngine.java:51)
	at org.junit.platform.launcher.core.EngineExecutionOrchestrator.execute(EngineExecutionOrchestrator.java:108)
	at org.junit.platform.launcher.core.EngineExecutionOrchestrator.execute(EngineExecutionOrchestrator.java:88)
	at org.junit.platform.launcher.core.EngineExecutionOrchestrator.lambda$execute$0(EngineExecutionOrchestrator.java:54)
	at org.junit.platform.launcher.core.EngineExecutionOrchestrator.withInterceptedStreams(EngineExecutionOrchestrator.java:67)
	at org.junit.platform.launcher.core.EngineExecutionOrchestrator.execute(EngineExecutionOrchestrator.java:52)
	at org.junit.platform.launcher.core.DefaultLauncher.execute(DefaultLauncher.java:96)
	at org.junit.platform.launcher.core.DefaultLauncher.execute(DefaultLauncher.java:75)
	at org.apache.maven.surefire.junitplatform.JUnitPlatformProvider.execute(JUnitPlatformProvider.java:188)
	at org.apache.maven.surefire.junitplatform.JUnitPlatformProvider.invokeAllTests(JUnitPlatformProvider.java:154)
	at org.apache.maven.surefire.junitplatform.JUnitPlatformProvider.invoke(JUnitPlatformProvider.java:128)
	at org.apache.maven.surefire.booter.ForkedBooter.runSuitesInProcess(ForkedBooter.java:428)
	at org.apache.maven.surefire.booter.ForkedBooter.execute(ForkedBooter.java:162)
	at org.apache.maven.surefire.booter.ForkedBooter.run(ForkedBooter.java:562)
	at org.apache.maven.surefire.booter.ForkedBooter.main(ForkedBooter.java:548)
[main] INFO org.apache.nifi.properties.AESSensitivePropertyProviderTest - [EXPECTED] Error decrypting a protected value for keySize 256 and cipher text [e9/55W+InOHOC2KQ||rVBaHYy4VK43oxE0pq2iIX8zek/1U7AKYfN4jceW3knL8aN4g/qu3ZQ]
]]></system-err>
  </testcase>
  <testcase name="testShouldHandleUnprotectMalformedIV" classname="org.apache.nifi.properties.AESSensitivePropertyProviderTest" time="0.006">
    <system-err><![CDATA[[main] INFO org.apache.nifi.properties.AESSensitivePropertyProviderTest - Initialized AES Sensitive Property Provider with key size 128
[main] INFO org.apache.nifi.properties.AESSensitivePropertyProviderTest - Manipulated t15RcXHjiManAcmA||b8rlKnJ4uRTdgj6cqPTsgLrBwIOFLceuS6Zyou2dDkOozWSefLx14hI to
                                                                                          t15RcXHjnMiaAcmA||b8rlKnJ4uRTdgj6cqPTsgLrBwIOFLceuS6Zyou2dDkOozWSefLx14hI
[main] ERROR org.apache.nifi.properties.AESSensitivePropertyProvider - Error decrypting a protected value
javax.crypto.AEADBadTagException: mac check in GCM failed
	at sun.reflect.NativeConstructorAccessorImpl.newInstance0(Native Method)
	at sun.reflect.NativeConstructorAccessorImpl.newInstance(NativeConstructorAccessorImpl.java:62)
	at sun.reflect.DelegatingConstructorAccessorImpl.newInstance(DelegatingConstructorAccessorImpl.java:45)
	at java.lang.reflect.Constructor.newInstance(Constructor.java:423)
	at org.bouncycastle.jcajce.provider.symmetric.util.BaseBlockCipher$AEADGenericBlockCipher.doFinal(Unknown Source)
	at org.bouncycastle.jcajce.provider.symmetric.util.BaseBlockCipher.engineDoFinal(Unknown Source)
	at javax.crypto.Cipher.doFinal(Cipher.java:2168)
	at org.apache.nifi.properties.AESSensitivePropertyProvider.unprotect(AESSensitivePropertyProvider.java:241)
	at org.apache.nifi.properties.SensitivePropertyProvider$unprotect$0.call(Unknown Source)
	at org.apache.nifi.properties.AESSensitivePropertyProviderTest$_testShouldHandleUnprotectMalformedIV_closure27$_closure44.doCall(AESSensitivePropertyProviderTest.groovy:375)
	at org.apache.nifi.properties.AESSensitivePropertyProviderTest$_testShouldHandleUnprotectMalformedIV_closure27$_closure44.doCall(AESSensitivePropertyProviderTest.groovy)
	at sun.reflect.NativeMethodAccessorImpl.invoke0(Native Method)
	at sun.reflect.NativeMethodAccessorImpl.invoke(NativeMethodAccessorImpl.java:62)
	at sun.reflect.DelegatingMethodAccessorImpl.invoke(DelegatingMethodAccessorImpl.java:43)
	at java.lang.reflect.Method.invoke(Method.java:498)
	at org.codehaus.groovy.reflection.CachedMethod.invoke(CachedMethod.java:101)
	at groovy.lang.MetaMethod.doMethodInvoke(MetaMethod.java:323)
	at org.codehaus.groovy.runtime.metaclass.ClosureMetaClass.invokeMethod(ClosureMetaClass.java:263)
	at groovy.lang.MetaClassImpl.invokeMethod(MetaClassImpl.java:1041)
	at groovy.lang.Closure.call(Closure.java:405)
	at groovy.lang.Closure.call(Closure.java:399)
	at groovy.test.GroovyAssert.shouldFail(GroovyAssert.java:118)
	at groovy.util.GroovyTestCase.shouldFail(GroovyTestCase.java:216)
	at sun.reflect.GeneratedMethodAccessor14.invoke(Unknown Source)
	at sun.reflect.DelegatingMethodAccessorImpl.invoke(DelegatingMethodAccessorImpl.java:43)
	at java.lang.reflect.Method.invoke(Method.java:498)
	at org.codehaus.groovy.reflection.CachedMethod.invoke(CachedMethod.java:101)
	at groovy.lang.MetaMethod.doMethodInvoke(MetaMethod.java:323)
	at org.codehaus.groovy.runtime.metaclass.ClosureMetaClass.invokeMethod(ClosureMetaClass.java:351)
	at org.codehaus.groovy.runtime.callsite.PogoMetaClassSite.callCurrent(PogoMetaClassSite.java:64)
	at org.codehaus.groovy.runtime.callsite.AbstractCallSite.callCurrent(AbstractCallSite.java:176)
	at org.apache.nifi.properties.AESSensitivePropertyProviderTest$_testShouldHandleUnprotectMalformedIV_closure27.doCall(AESSensitivePropertyProviderTest.groovy:374)
	at sun.reflect.NativeMethodAccessorImpl.invoke0(Native Method)
	at sun.reflect.NativeMethodAccessorImpl.invoke(NativeMethodAccessorImpl.java:62)
	at sun.reflect.DelegatingMethodAccessorImpl.invoke(DelegatingMethodAccessorImpl.java:43)
	at java.lang.reflect.Method.invoke(Method.java:498)
	at org.codehaus.groovy.reflection.CachedMethod.invoke(CachedMethod.java:101)
	at groovy.lang.MetaMethod.doMethodInvoke(MetaMethod.java:323)
	at org.codehaus.groovy.runtime.metaclass.ClosureMetaClass.invokeMethod(ClosureMetaClass.java:263)
	at groovy.lang.MetaClassImpl.invokeMethod(MetaClassImpl.java:1041)
	at groovy.lang.Closure.call(Closure.java:405)
	at groovy.lang.Closure.call(Closure.java:421)
	at org.codehaus.groovy.runtime.DefaultGroovyMethods.each(DefaultGroovyMethods.java:2330)
	at org.codehaus.groovy.runtime.DefaultGroovyMethods.each(DefaultGroovyMethods.java:2315)
	at org.codehaus.groovy.runtime.DefaultGroovyMethods.each(DefaultGroovyMethods.java:2356)
	at org.codehaus.groovy.runtime.dgm$186.invoke(Unknown Source)
	at org.codehaus.groovy.runtime.callsite.PojoMetaMethodSite$PojoMetaMethodSiteNoUnwrapNoCoerce.invoke(PojoMetaMethodSite.java:244)
	at org.codehaus.groovy.runtime.callsite.PojoMetaMethodSite.call(PojoMetaMethodSite.java:53)
	at org.codehaus.groovy.runtime.callsite.AbstractCallSite.call(AbstractCallSite.java:127)
	at org.apache.nifi.properties.AESSensitivePropertyProviderTest.testShouldHandleUnprotectMalformedIV(AESSensitivePropertyProviderTest.groovy:366)
	at sun.reflect.NativeMethodAccessorImpl.invoke0(Native Method)
	at sun.reflect.NativeMethodAccessorImpl.invoke(NativeMethodAccessorImpl.java:62)
	at sun.reflect.DelegatingMethodAccessorImpl.invoke(DelegatingMethodAccessorImpl.java:43)
	at java.lang.reflect.Method.invoke(Method.java:498)
	at junit.framework.TestCase.runTest(TestCase.java:177)
	at junit.framework.TestCase.runBare(TestCase.java:142)
	at junit.framework.TestResult$1.protect(TestResult.java:122)
	at junit.framework.TestResult.runProtected(TestResult.java:142)
	at junit.framework.TestResult.run(TestResult.java:125)
	at junit.framework.TestCase.run(TestCase.java:130)
	at junit.framework.TestSuite.runTest(TestSuite.java:241)
	at junit.framework.TestSuite.run(TestSuite.java:236)
	at org.junit.internal.runners.JUnit38ClassRunner.run(JUnit38ClassRunner.java:90)
	at org.junit.runner.JUnitCore.run(JUnitCore.java:137)
	at org.junit.runner.JUnitCore.run(JUnitCore.java:115)
	at org.junit.vintage.engine.execution.RunnerExecutor.execute(RunnerExecutor.java:43)
	at java.util.stream.ForEachOps$ForEachOp$OfRef.accept(ForEachOps.java:183)
	at java.util.stream.ReferencePipeline$3$1.accept(ReferencePipeline.java:193)
	at java.util.Iterator.forEachRemaining(Iterator.java:116)
	at java.util.Spliterators$IteratorSpliterator.forEachRemaining(Spliterators.java:1801)
	at java.util.stream.AbstractPipeline.copyInto(AbstractPipeline.java:482)
	at java.util.stream.AbstractPipeline.wrapAndCopyInto(AbstractPipeline.java:472)
	at java.util.stream.ForEachOps$ForEachOp.evaluateSequential(ForEachOps.java:150)
	at java.util.stream.ForEachOps$ForEachOp$OfRef.evaluateSequential(ForEachOps.java:173)
	at java.util.stream.AbstractPipeline.evaluate(AbstractPipeline.java:234)
	at java.util.stream.ReferencePipeline.forEach(ReferencePipeline.java:485)
	at org.junit.vintage.engine.VintageTestEngine.executeAllChildren(VintageTestEngine.java:82)
	at org.junit.vintage.engine.VintageTestEngine.execute(VintageTestEngine.java:73)
	at org.junit.platform.launcher.core.EngineExecutionOrchestrator.execute(EngineExecutionOrchestrator.java:108)
	at org.junit.platform.launcher.core.EngineExecutionOrchestrator.execute(EngineExecutionOrchestrator.java:88)
	at org.junit.platform.launcher.core.EngineExecutionOrchestrator.lambda$execute$0(EngineExecutionOrchestrator.java:54)
	at org.junit.platform.launcher.core.EngineExecutionOrchestrator.withInterceptedStreams(EngineExecutionOrchestrator.java:67)
	at org.junit.platform.launcher.core.EngineExecutionOrchestrator.execute(EngineExecutionOrchestrator.java:52)
	at org.junit.platform.launcher.core.DefaultLauncher.execute(DefaultLauncher.java:96)
	at org.junit.platform.launcher.core.DefaultLauncher.execute(DefaultLauncher.java:75)
	at org.apache.maven.surefire.junitplatform.JUnitPlatformProvider.execute(JUnitPlatformProvider.java:188)
	at org.apache.maven.surefire.junitplatform.JUnitPlatformProvider.invokeAllTests(JUnitPlatformProvider.java:154)
	at org.apache.maven.surefire.junitplatform.JUnitPlatformProvider.invoke(JUnitPlatformProvider.java:128)
	at org.apache.maven.surefire.booter.ForkedBooter.runSuitesInProcess(ForkedBooter.java:428)
	at org.apache.maven.surefire.booter.ForkedBooter.execute(ForkedBooter.java:162)
	at org.apache.maven.surefire.booter.ForkedBooter.run(ForkedBooter.java:562)
	at org.apache.maven.surefire.booter.ForkedBooter.main(ForkedBooter.java:548)
[main] INFO org.apache.nifi.properties.AESSensitivePropertyProviderTest - [EXPECTED] Error decrypting a protected value for keySize 128 and cipher text [t15RcXHjnMiaAcmA||b8rlKnJ4uRTdgj6cqPTsgLrBwIOFLceuS6Zyou2dDkOozWSefLx14hI]
[main] INFO org.apache.nifi.properties.AESSensitivePropertyProviderTest - Initialized AES Sensitive Property Provider with key size 192
[main] INFO org.apache.nifi.properties.AESSensitivePropertyProviderTest - Manipulated nOoHBsccQw30YuT7||3XXd8H9H/iZGK1Mu16in9/6feJJo4s2F77OGYZgeAikWHl6Z3nXdEgA to
                                                                                          nOoHBsccwQ03YuT7||3XXd8H9H/iZGK1Mu16in9/6feJJo4s2F77OGYZgeAikWHl6Z3nXdEgA
[main] ERROR org.apache.nifi.properties.AESSensitivePropertyProvider - Error decrypting a protected value
javax.crypto.AEADBadTagException: mac check in GCM failed
	at sun.reflect.NativeConstructorAccessorImpl.newInstance0(Native Method)
	at sun.reflect.NativeConstructorAccessorImpl.newInstance(NativeConstructorAccessorImpl.java:62)
	at sun.reflect.DelegatingConstructorAccessorImpl.newInstance(DelegatingConstructorAccessorImpl.java:45)
	at java.lang.reflect.Constructor.newInstance(Constructor.java:423)
	at org.bouncycastle.jcajce.provider.symmetric.util.BaseBlockCipher$AEADGenericBlockCipher.doFinal(Unknown Source)
	at org.bouncycastle.jcajce.provider.symmetric.util.BaseBlockCipher.engineDoFinal(Unknown Source)
	at javax.crypto.Cipher.doFinal(Cipher.java:2168)
	at org.apache.nifi.properties.AESSensitivePropertyProvider.unprotect(AESSensitivePropertyProvider.java:241)
	at org.apache.nifi.properties.SensitivePropertyProvider$unprotect$0.call(Unknown Source)
	at org.apache.nifi.properties.AESSensitivePropertyProviderTest$_testShouldHandleUnprotectMalformedIV_closure27$_closure44.doCall(AESSensitivePropertyProviderTest.groovy:375)
	at org.apache.nifi.properties.AESSensitivePropertyProviderTest$_testShouldHandleUnprotectMalformedIV_closure27$_closure44.doCall(AESSensitivePropertyProviderTest.groovy)
	at sun.reflect.NativeMethodAccessorImpl.invoke0(Native Method)
	at sun.reflect.NativeMethodAccessorImpl.invoke(NativeMethodAccessorImpl.java:62)
	at sun.reflect.DelegatingMethodAccessorImpl.invoke(DelegatingMethodAccessorImpl.java:43)
	at java.lang.reflect.Method.invoke(Method.java:498)
	at org.codehaus.groovy.reflection.CachedMethod.invoke(CachedMethod.java:101)
	at groovy.lang.MetaMethod.doMethodInvoke(MetaMethod.java:323)
	at org.codehaus.groovy.runtime.metaclass.ClosureMetaClass.invokeMethod(ClosureMetaClass.java:263)
	at groovy.lang.MetaClassImpl.invokeMethod(MetaClassImpl.java:1041)
	at groovy.lang.Closure.call(Closure.java:405)
	at groovy.lang.Closure.call(Closure.java:399)
	at groovy.test.GroovyAssert.shouldFail(GroovyAssert.java:118)
	at groovy.util.GroovyTestCase.shouldFail(GroovyTestCase.java:216)
	at sun.reflect.GeneratedMethodAccessor14.invoke(Unknown Source)
	at sun.reflect.DelegatingMethodAccessorImpl.invoke(DelegatingMethodAccessorImpl.java:43)
	at java.lang.reflect.Method.invoke(Method.java:498)
	at org.codehaus.groovy.reflection.CachedMethod.invoke(CachedMethod.java:101)
	at groovy.lang.MetaMethod.doMethodInvoke(MetaMethod.java:323)
	at org.codehaus.groovy.runtime.metaclass.ClosureMetaClass.invokeMethod(ClosureMetaClass.java:351)
	at org.codehaus.groovy.runtime.callsite.PogoMetaClassSite.callCurrent(PogoMetaClassSite.java:64)
	at org.codehaus.groovy.runtime.callsite.AbstractCallSite.callCurrent(AbstractCallSite.java:176)
	at org.apache.nifi.properties.AESSensitivePropertyProviderTest$_testShouldHandleUnprotectMalformedIV_closure27.doCall(AESSensitivePropertyProviderTest.groovy:374)
	at sun.reflect.NativeMethodAccessorImpl.invoke0(Native Method)
	at sun.reflect.NativeMethodAccessorImpl.invoke(NativeMethodAccessorImpl.java:62)
	at sun.reflect.DelegatingMethodAccessorImpl.invoke(DelegatingMethodAccessorImpl.java:43)
	at java.lang.reflect.Method.invoke(Method.java:498)
	at org.codehaus.groovy.reflection.CachedMethod.invoke(CachedMethod.java:101)
	at groovy.lang.MetaMethod.doMethodInvoke(MetaMethod.java:323)
	at org.codehaus.groovy.runtime.metaclass.ClosureMetaClass.invokeMethod(ClosureMetaClass.java:263)
	at groovy.lang.MetaClassImpl.invokeMethod(MetaClassImpl.java:1041)
	at groovy.lang.Closure.call(Closure.java:405)
	at groovy.lang.Closure.call(Closure.java:421)
	at org.codehaus.groovy.runtime.DefaultGroovyMethods.each(DefaultGroovyMethods.java:2330)
	at org.codehaus.groovy.runtime.DefaultGroovyMethods.each(DefaultGroovyMethods.java:2315)
	at org.codehaus.groovy.runtime.DefaultGroovyMethods.each(DefaultGroovyMethods.java:2356)
	at org.codehaus.groovy.runtime.dgm$186.invoke(Unknown Source)
	at org.codehaus.groovy.runtime.callsite.PojoMetaMethodSite$PojoMetaMethodSiteNoUnwrapNoCoerce.invoke(PojoMetaMethodSite.java:244)
	at org.codehaus.groovy.runtime.callsite.PojoMetaMethodSite.call(PojoMetaMethodSite.java:53)
	at org.codehaus.groovy.runtime.callsite.AbstractCallSite.call(AbstractCallSite.java:127)
	at org.apache.nifi.properties.AESSensitivePropertyProviderTest.testShouldHandleUnprotectMalformedIV(AESSensitivePropertyProviderTest.groovy:366)
	at sun.reflect.NativeMethodAccessorImpl.invoke0(Native Method)
	at sun.reflect.NativeMethodAccessorImpl.invoke(NativeMethodAccessorImpl.java:62)
	at sun.reflect.DelegatingMethodAccessorImpl.invoke(DelegatingMethodAccessorImpl.java:43)
	at java.lang.reflect.Method.invoke(Method.java:498)
	at junit.framework.TestCase.runTest(TestCase.java:177)
	at junit.framework.TestCase.runBare(TestCase.java:142)
	at junit.framework.TestResult$1.protect(TestResult.java:122)
	at junit.framework.TestResult.runProtected(TestResult.java:142)
	at junit.framework.TestResult.run(TestResult.java:125)
	at junit.framework.TestCase.run(TestCase.java:130)
	at junit.framework.TestSuite.runTest(TestSuite.java:241)
	at junit.framework.TestSuite.run(TestSuite.java:236)
	at org.junit.internal.runners.JUnit38ClassRunner.run(JUnit38ClassRunner.java:90)
	at org.junit.runner.JUnitCore.run(JUnitCore.java:137)
	at org.junit.runner.JUnitCore.run(JUnitCore.java:115)
	at org.junit.vintage.engine.execution.RunnerExecutor.execute(RunnerExecutor.java:43)
	at java.util.stream.ForEachOps$ForEachOp$OfRef.accept(ForEachOps.java:183)
	at java.util.stream.ReferencePipeline$3$1.accept(ReferencePipeline.java:193)
	at java.util.Iterator.forEachRemaining(Iterator.java:116)
	at java.util.Spliterators$IteratorSpliterator.forEachRemaining(Spliterators.java:1801)
	at java.util.stream.AbstractPipeline.copyInto(AbstractPipeline.java:482)
	at java.util.stream.AbstractPipeline.wrapAndCopyInto(AbstractPipeline.java:472)
	at java.util.stream.ForEachOps$ForEachOp.evaluateSequential(ForEachOps.java:150)
	at java.util.stream.ForEachOps$ForEachOp$OfRef.evaluateSequential(ForEachOps.java:173)
	at java.util.stream.AbstractPipeline.evaluate(AbstractPipeline.java:234)
	at java.util.stream.ReferencePipeline.forEach(ReferencePipeline.java:485)
	at org.junit.vintage.engine.VintageTestEngine.executeAllChildren(VintageTestEngine.java:82)
	at org.junit.vintage.engine.VintageTestEngine.execute(VintageTestEngine.java:73)
	at org.junit.platform.launcher.core.EngineExecutionOrchestrator.execute(EngineExecutionOrchestrator.java:108)
	at org.junit.platform.launcher.core.EngineExecutionOrchestrator.execute(EngineExecutionOrchestrator.java:88)
	at org.junit.platform.launcher.core.EngineExecutionOrchestrator.lambda$execute$0(EngineExecutionOrchestrator.java:54)
	at org.junit.platform.launcher.core.EngineExecutionOrchestrator.withInterceptedStreams(EngineExecutionOrchestrator.java:67)
	at org.junit.platform.launcher.core.EngineExecutionOrchestrator.execute(EngineExecutionOrchestrator.java:52)
	at org.junit.platform.launcher.core.DefaultLauncher.execute(DefaultLauncher.java:96)
	at org.junit.platform.launcher.core.DefaultLauncher.execute(DefaultLauncher.java:75)
	at org.apache.maven.surefire.junitplatform.JUnitPlatformProvider.execute(JUnitPlatformProvider.java:188)
	at org.apache.maven.surefire.junitplatform.JUnitPlatformProvider.invokeAllTests(JUnitPlatformProvider.java:154)
	at org.apache.maven.surefire.junitplatform.JUnitPlatformProvider.invoke(JUnitPlatformProvider.java:128)
	at org.apache.maven.surefire.booter.ForkedBooter.runSuitesInProcess(ForkedBooter.java:428)
	at org.apache.maven.surefire.booter.ForkedBooter.execute(ForkedBooter.java:162)
	at org.apache.maven.surefire.booter.ForkedBooter.run(ForkedBooter.java:562)
	at org.apache.maven.surefire.booter.ForkedBooter.main(ForkedBooter.java:548)
[main] INFO org.apache.nifi.properties.AESSensitivePropertyProviderTest - [EXPECTED] Error decrypting a protected value for keySize 192 and cipher text [nOoHBsccwQ03YuT7||3XXd8H9H/iZGK1Mu16in9/6feJJo4s2F77OGYZgeAikWHl6Z3nXdEgA]
[main] INFO org.apache.nifi.properties.AESSensitivePropertyProviderTest - Initialized AES Sensitive Property Provider with key size 256
[main] INFO org.apache.nifi.properties.AESSensitivePropertyProviderTest - Manipulated jrujQam461hrubm9||ZgRdxzKPz2LjzuzNJDlh94OVD2Kfz9gMEHIgNy57iB9UKXSKMk6d6L0 to
                                                                                          jrujQam416rhubm9||ZgRdxzKPz2LjzuzNJDlh94OVD2Kfz9gMEHIgNy57iB9UKXSKMk6d6L0
[main] ERROR org.apache.nifi.properties.AESSensitivePropertyProvider - Error decrypting a protected value
javax.crypto.AEADBadTagException: mac check in GCM failed
	at sun.reflect.NativeConstructorAccessorImpl.newInstance0(Native Method)
	at sun.reflect.NativeConstructorAccessorImpl.newInstance(NativeConstructorAccessorImpl.java:62)
	at sun.reflect.DelegatingConstructorAccessorImpl.newInstance(DelegatingConstructorAccessorImpl.java:45)
	at java.lang.reflect.Constructor.newInstance(Constructor.java:423)
	at org.bouncycastle.jcajce.provider.symmetric.util.BaseBlockCipher$AEADGenericBlockCipher.doFinal(Unknown Source)
	at org.bouncycastle.jcajce.provider.symmetric.util.BaseBlockCipher.engineDoFinal(Unknown Source)
	at javax.crypto.Cipher.doFinal(Cipher.java:2168)
	at org.apache.nifi.properties.AESSensitivePropertyProvider.unprotect(AESSensitivePropertyProvider.java:241)
	at org.apache.nifi.properties.SensitivePropertyProvider$unprotect$0.call(Unknown Source)
	at org.apache.nifi.properties.AESSensitivePropertyProviderTest$_testShouldHandleUnprotectMalformedIV_closure27$_closure44.doCall(AESSensitivePropertyProviderTest.groovy:375)
	at org.apache.nifi.properties.AESSensitivePropertyProviderTest$_testShouldHandleUnprotectMalformedIV_closure27$_closure44.doCall(AESSensitivePropertyProviderTest.groovy)
	at sun.reflect.NativeMethodAccessorImpl.invoke0(Native Method)
	at sun.reflect.NativeMethodAccessorImpl.invoke(NativeMethodAccessorImpl.java:62)
	at sun.reflect.DelegatingMethodAccessorImpl.invoke(DelegatingMethodAccessorImpl.java:43)
	at java.lang.reflect.Method.invoke(Method.java:498)
	at org.codehaus.groovy.reflection.CachedMethod.invoke(CachedMethod.java:101)
	at groovy.lang.MetaMethod.doMethodInvoke(MetaMethod.java:323)
	at org.codehaus.groovy.runtime.metaclass.ClosureMetaClass.invokeMethod(ClosureMetaClass.java:263)
	at groovy.lang.MetaClassImpl.invokeMethod(MetaClassImpl.java:1041)
	at groovy.lang.Closure.call(Closure.java:405)
	at groovy.lang.Closure.call(Closure.java:399)
	at groovy.test.GroovyAssert.shouldFail(GroovyAssert.java:118)
	at groovy.util.GroovyTestCase.shouldFail(GroovyTestCase.java:216)
	at sun.reflect.GeneratedMethodAccessor14.invoke(Unknown Source)
	at sun.reflect.DelegatingMethodAccessorImpl.invoke(DelegatingMethodAccessorImpl.java:43)
	at java.lang.reflect.Method.invoke(Method.java:498)
	at org.codehaus.groovy.reflection.CachedMethod.invoke(CachedMethod.java:101)
	at groovy.lang.MetaMethod.doMethodInvoke(MetaMethod.java:323)
	at org.codehaus.groovy.runtime.metaclass.ClosureMetaClass.invokeMethod(ClosureMetaClass.java:351)
	at org.codehaus.groovy.runtime.callsite.PogoMetaClassSite.callCurrent(PogoMetaClassSite.java:64)
	at org.codehaus.groovy.runtime.callsite.AbstractCallSite.callCurrent(AbstractCallSite.java:176)
	at org.apache.nifi.properties.AESSensitivePropertyProviderTest$_testShouldHandleUnprotectMalformedIV_closure27.doCall(AESSensitivePropertyProviderTest.groovy:374)
	at sun.reflect.NativeMethodAccessorImpl.invoke0(Native Method)
	at sun.reflect.NativeMethodAccessorImpl.invoke(NativeMethodAccessorImpl.java:62)
	at sun.reflect.DelegatingMethodAccessorImpl.invoke(DelegatingMethodAccessorImpl.java:43)
	at java.lang.reflect.Method.invoke(Method.java:498)
	at org.codehaus.groovy.reflection.CachedMethod.invoke(CachedMethod.java:101)
	at groovy.lang.MetaMethod.doMethodInvoke(MetaMethod.java:323)
	at org.codehaus.groovy.runtime.metaclass.ClosureMetaClass.invokeMethod(ClosureMetaClass.java:263)
	at groovy.lang.MetaClassImpl.invokeMethod(MetaClassImpl.java:1041)
	at groovy.lang.Closure.call(Closure.java:405)
	at groovy.lang.Closure.call(Closure.java:421)
	at org.codehaus.groovy.runtime.DefaultGroovyMethods.each(DefaultGroovyMethods.java:2330)
	at org.codehaus.groovy.runtime.DefaultGroovyMethods.each(DefaultGroovyMethods.java:2315)
	at org.codehaus.groovy.runtime.DefaultGroovyMethods.each(DefaultGroovyMethods.java:2356)
	at org.codehaus.groovy.runtime.dgm$186.invoke(Unknown Source)
	at org.codehaus.groovy.runtime.callsite.PojoMetaMethodSite$PojoMetaMethodSiteNoUnwrapNoCoerce.invoke(PojoMetaMethodSite.java:244)
	at org.codehaus.groovy.runtime.callsite.PojoMetaMethodSite.call(PojoMetaMethodSite.java:53)
	at org.codehaus.groovy.runtime.callsite.AbstractCallSite.call(AbstractCallSite.java:127)
	at org.apache.nifi.properties.AESSensitivePropertyProviderTest.testShouldHandleUnprotectMalformedIV(AESSensitivePropertyProviderTest.groovy:366)
	at sun.reflect.NativeMethodAccessorImpl.invoke0(Native Method)
	at sun.reflect.NativeMethodAccessorImpl.invoke(NativeMethodAccessorImpl.java:62)
	at sun.reflect.DelegatingMethodAccessorImpl.invoke(DelegatingMethodAccessorImpl.java:43)
	at java.lang.reflect.Method.invoke(Method.java:498)
	at junit.framework.TestCase.runTest(TestCase.java:177)
	at junit.framework.TestCase.runBare(TestCase.java:142)
	at junit.framework.TestResult$1.protect(TestResult.java:122)
	at junit.framework.TestResult.runProtected(TestResult.java:142)
	at junit.framework.TestResult.run(TestResult.java:125)
	at junit.framework.TestCase.run(TestCase.java:130)
	at junit.framework.TestSuite.runTest(TestSuite.java:241)
	at junit.framework.TestSuite.run(TestSuite.java:236)
	at org.junit.internal.runners.JUnit38ClassRunner.run(JUnit38ClassRunner.java:90)
	at org.junit.runner.JUnitCore.run(JUnitCore.java:137)
	at org.junit.runner.JUnitCore.run(JUnitCore.java:115)
	at org.junit.vintage.engine.execution.RunnerExecutor.execute(RunnerExecutor.java:43)
	at java.util.stream.ForEachOps$ForEachOp$OfRef.accept(ForEachOps.java:183)
	at java.util.stream.ReferencePipeline$3$1.accept(ReferencePipeline.java:193)
	at java.util.Iterator.forEachRemaining(Iterator.java:116)
	at java.util.Spliterators$IteratorSpliterator.forEachRemaining(Spliterators.java:1801)
	at java.util.stream.AbstractPipeline.copyInto(AbstractPipeline.java:482)
	at java.util.stream.AbstractPipeline.wrapAndCopyInto(AbstractPipeline.java:472)
	at java.util.stream.ForEachOps$ForEachOp.evaluateSequential(ForEachOps.java:150)
	at java.util.stream.ForEachOps$ForEachOp$OfRef.evaluateSequential(ForEachOps.java:173)
	at java.util.stream.AbstractPipeline.evaluate(AbstractPipeline.java:234)
	at java.util.stream.ReferencePipeline.forEach(ReferencePipeline.java:485)
	at org.junit.vintage.engine.VintageTestEngine.executeAllChildren(VintageTestEngine.java:82)
	at org.junit.vintage.engine.VintageTestEngine.execute(VintageTestEngine.java:73)
	at org.junit.platform.launcher.core.EngineExecutionOrchestrator.execute(EngineExecutionOrchestrator.java:108)
	at org.junit.platform.launcher.core.EngineExecutionOrchestrator.execute(EngineExecutionOrchestrator.java:88)
	at org.junit.platform.launcher.core.EngineExecutionOrchestrator.lambda$execute$0(EngineExecutionOrchestrator.java:54)
	at org.junit.platform.launcher.core.EngineExecutionOrchestrator.withInterceptedStreams(EngineExecutionOrchestrator.java:67)
	at org.junit.platform.launcher.core.EngineExecutionOrchestrator.execute(EngineExecutionOrchestrator.java:52)
	at org.junit.platform.launcher.core.DefaultLauncher.execute(DefaultLauncher.java:96)
	at org.junit.platform.launcher.core.DefaultLauncher.execute(DefaultLauncher.java:75)
	at org.apache.maven.surefire.junitplatform.JUnitPlatformProvider.execute(JUnitPlatformProvider.java:188)
	at org.apache.maven.surefire.junitplatform.JUnitPlatformProvider.invokeAllTests(JUnitPlatformProvider.java:154)
	at org.apache.maven.surefire.junitplatform.JUnitPlatformProvider.invoke(JUnitPlatformProvider.java:128)
	at org.apache.maven.surefire.booter.ForkedBooter.runSuitesInProcess(ForkedBooter.java:428)
	at org.apache.maven.surefire.booter.ForkedBooter.execute(ForkedBooter.java:162)
	at org.apache.maven.surefire.booter.ForkedBooter.run(ForkedBooter.java:562)
	at org.apache.maven.surefire.booter.ForkedBooter.main(ForkedBooter.java:548)
[main] INFO org.apache.nifi.properties.AESSensitivePropertyProviderTest - [EXPECTED] Error decrypting a protected value for keySize 256 and cipher text [jrujQam416rhubm9||ZgRdxzKPz2LjzuzNJDlh94OVD2Kfz9gMEHIgNy57iB9UKXSKMk6d6L0]
]]></system-err>
  </testcase>
  <testcase name="testShouldHandleUnprotectEmptyCipherText" classname="org.apache.nifi.properties.AESSensitivePropertyProviderTest" time="0.017">
    <system-err><![CDATA[[main] INFO org.apache.nifi.properties.AESSensitivePropertyProviderTest - IV and delimiter: QmFkIElWIHZhbHVl||
[main] INFO org.apache.nifi.properties.AESSensitivePropertyProviderTest - Initialized AES Sensitive Property Provider with key size 128
[main] INFO org.apache.nifi.properties.AESSensitivePropertyProviderTest - [EXPECTED] Cannot decrypt a cipher text shorter than 19 chars for keySize 128 and cipher text [QmFkIElWIHZhbHVl||]
[main] INFO org.apache.nifi.properties.AESSensitivePropertyProviderTest - [EXPECTED] Cannot decrypt a cipher text shorter than 19 chars for keySize 128 and cipher text [QmFkIElWIHZhbHVl||      ]
[main] INFO org.apache.nifi.properties.AESSensitivePropertyProviderTest - [EXPECTED] Cannot decrypt a cipher text shorter than 19 chars for keySize 128 and cipher text [QmFkIElWIHZhbHVl||
]
[main] INFO org.apache.nifi.properties.AESSensitivePropertyProviderTest - Initialized AES Sensitive Property Provider with key size 192
[main] INFO org.apache.nifi.properties.AESSensitivePropertyProviderTest - [EXPECTED] Cannot decrypt a cipher text shorter than 19 chars for keySize 192 and cipher text [QmFkIElWIHZhbHVl||]
[main] INFO org.apache.nifi.properties.AESSensitivePropertyProviderTest - [EXPECTED] Cannot decrypt a cipher text shorter than 19 chars for keySize 192 and cipher text [QmFkIElWIHZhbHVl||      ]
[main] INFO org.apache.nifi.properties.AESSensitivePropertyProviderTest - [EXPECTED] Cannot decrypt a cipher text shorter than 19 chars for keySize 192 and cipher text [QmFkIElWIHZhbHVl||
]
[main] INFO org.apache.nifi.properties.AESSensitivePropertyProviderTest - Initialized AES Sensitive Property Provider with key size 256
[main] INFO org.apache.nifi.properties.AESSensitivePropertyProviderTest - [EXPECTED] Cannot decrypt a cipher text shorter than 19 chars for keySize 256 and cipher text [QmFkIElWIHZhbHVl||]
[main] INFO org.apache.nifi.properties.AESSensitivePropertyProviderTest - [EXPECTED] Cannot decrypt a cipher text shorter than 19 chars for keySize 256 and cipher text [QmFkIElWIHZhbHVl||      ]
[main] INFO org.apache.nifi.properties.AESSensitivePropertyProviderTest - [EXPECTED] Cannot decrypt a cipher text shorter than 19 chars for keySize 256 and cipher text [QmFkIElWIHZhbHVl||
]
]]></system-err>
  </testcase>
  <testcase name="testShouldHandleUnprotectEmptyCipherText" classname="org.apache.nifi.properties.AESSensitivePropertyProviderTest" time="0.004">
    <system-err><![CDATA[[main] INFO org.apache.nifi.properties.AESSensitivePropertyProviderTest - IV and delimiter: QmFkIElWIHZhbHVl||
[main] INFO org.apache.nifi.properties.AESSensitivePropertyProviderTest - Initialized AES Sensitive Property Provider with key size 128
[main] INFO org.apache.nifi.properties.AESSensitivePropertyProviderTest - [EXPECTED] Cannot decrypt a cipher text shorter than 19 chars for keySize 128 and cipher text [QmFkIElWIHZhbHVl||]
[main] INFO org.apache.nifi.properties.AESSensitivePropertyProviderTest - [EXPECTED] Cannot decrypt a cipher text shorter than 19 chars for keySize 128 and cipher text [QmFkIElWIHZhbHVl||      ]
[main] INFO org.apache.nifi.properties.AESSensitivePropertyProviderTest - [EXPECTED] Cannot decrypt a cipher text shorter than 19 chars for keySize 128 and cipher text [QmFkIElWIHZhbHVl||
]
[main] INFO org.apache.nifi.properties.AESSensitivePropertyProviderTest - Initialized AES Sensitive Property Provider with key size 192
[main] INFO org.apache.nifi.properties.AESSensitivePropertyProviderTest - [EXPECTED] Cannot decrypt a cipher text shorter than 19 chars for keySize 192 and cipher text [QmFkIElWIHZhbHVl||]
[main] INFO org.apache.nifi.properties.AESSensitivePropertyProviderTest - [EXPECTED] Cannot decrypt a cipher text shorter than 19 chars for keySize 192 and cipher text [QmFkIElWIHZhbHVl||      ]
[main] INFO org.apache.nifi.properties.AESSensitivePropertyProviderTest - [EXPECTED] Cannot decrypt a cipher text shorter than 19 chars for keySize 192 and cipher text [QmFkIElWIHZhbHVl||
]
[main] INFO org.apache.nifi.properties.AESSensitivePropertyProviderTest - Initialized AES Sensitive Property Provider with key size 256
[main] INFO org.apache.nifi.properties.AESSensitivePropertyProviderTest - [EXPECTED] Cannot decrypt a cipher text shorter than 19 chars for keySize 256 and cipher text [QmFkIElWIHZhbHVl||]
[main] INFO org.apache.nifi.properties.AESSensitivePropertyProviderTest - [EXPECTED] Cannot decrypt a cipher text shorter than 19 chars for keySize 256 and cipher text [QmFkIElWIHZhbHVl||      ]
[main] INFO org.apache.nifi.properties.AESSensitivePropertyProviderTest - [EXPECTED] Cannot decrypt a cipher text shorter than 19 chars for keySize 256 and cipher text [QmFkIElWIHZhbHVl||
]
]]></system-err>
  </testcase>
  <testcase name="testShouldThrowExceptionOnInitializationWithoutBouncyCastle" classname="org.apache.nifi.properties.AESSensitivePropertyProviderTest" time="0.013">
    <system-err><![CDATA[[main] ERROR org.apache.nifi.properties.AESSensitivePropertyProvider - Encountered an error initializing the AES Sensitive Property Provider: No such provider: BC
]]></system-err>
  </testcase>
  <testcase name="testShouldThrowExceptionOnInitializationWithoutBouncyCastle" classname="org.apache.nifi.properties.AESSensitivePropertyProviderTest" time="0.008">
    <system-err><![CDATA[[main] ERROR org.apache.nifi.properties.AESSensitivePropertyProvider - Encountered an error initializing the AES Sensitive Property Provider: No such provider: BC
]]></system-err>
  </testcase>
  <testcase name="testShouldNotAllowInvalidKey" classname="org.apache.nifi.properties.AESSensitivePropertyProviderTest" time="0.002"/>
  <testcase name="testShouldNotAllowInvalidKey" classname="org.apache.nifi.properties.AESSensitivePropertyProviderTest" time="0"/>
  <testcase name="testShouldUnprotectValueWithWhitespace" classname="org.apache.nifi.properties.AESSensitivePropertyProviderTest" time="0.064">
    <system-err><![CDATA[[main] INFO org.apache.nifi.properties.AESSensitivePropertyProviderTest - [SETUP] Initialized a cipher in encrypt mode with a key of length 128 bits
[main] INFO org.apache.nifi.properties.AESSensitivePropertyProviderTest - [SETUP] Initialized a cipher in encrypt mode with a key of length 192 bits
[main] INFO org.apache.nifi.properties.AESSensitivePropertyProviderTest - [SETUP] Initialized a cipher in encrypt mode with a key of length 256 bits
[main] INFO org.apache.nifi.properties.AESSensitivePropertyProviderTest - [EXPECTED] Cipher text for 128 length key: STIgNh4somJv3jvE||fS/Fe1/NJ2vksawURqPH+bYQSB93oIUBf20h8WOgES6D107rU3XNIjE=
[main] INFO org.apache.nifi.properties.AESSensitivePropertyProviderTest - [EXPECTED] Cipher text for 192 length key: CX9jlggpxH4MOUSK||1hiiegf8LCHjfoSteH3f0EUWWTc7V+YylBlvwUZuFmaWA76WTK/pzb0=
[main] INFO org.apache.nifi.properties.AESSensitivePropertyProviderTest - [EXPECTED] Cipher text for 256 length key: RN0dGsnWoS6CcAcB||GOTKQhXoGa3eMjBxETDfPycvgMKm7nWH6S9EZIaulbnvITxaRWzeTw0=
[main] INFO org.apache.nifi.properties.AESSensitivePropertyProviderTest - Initialized AES Sensitive Property Provider with key size 128
[main] INFO org.apache.nifi.properties.AESSensitivePropertyProviderTest - Initialized AES Sensitive Property Provider with key size 192
[main] INFO org.apache.nifi.properties.AESSensitivePropertyProviderTest - Initialized AES Sensitive Property Provider with key size 256
[main] INFO org.apache.nifi.properties.AESSensitivePropertyProviderTest - Decrypted for 128 length key: This is a plaintext value
[main] INFO org.apache.nifi.properties.AESSensitivePropertyProviderTest - Decrypted for 192 length key: This is a plaintext value
[main] INFO org.apache.nifi.properties.AESSensitivePropertyProviderTest - Decrypted for 256 length key: This is a plaintext value
]]></system-err>
  </testcase>
  <testcase name="testShouldUnprotectValueWithWhitespace" classname="org.apache.nifi.properties.AESSensitivePropertyProviderTest" time="0.014">
    <system-err><![CDATA[[main] INFO org.apache.nifi.properties.AESSensitivePropertyProviderTest - [SETUP] Initialized a cipher in encrypt mode with a key of length 128 bits
[main] INFO org.apache.nifi.properties.AESSensitivePropertyProviderTest - [SETUP] Initialized a cipher in encrypt mode with a key of length 192 bits
[main] INFO org.apache.nifi.properties.AESSensitivePropertyProviderTest - [SETUP] Initialized a cipher in encrypt mode with a key of length 256 bits
[main] INFO org.apache.nifi.properties.AESSensitivePropertyProviderTest - [EXPECTED] Cipher text for 128 length key: 5yRl5N0UA9lrSaof||F1yiigTuFwyJCvz1Ghcwqrn8UdpN5AHaa7iicfbmrrL4rax7dbw8jAA=
[main] INFO org.apache.nifi.properties.AESSensitivePropertyProviderTest - [EXPECTED] Cipher text for 192 length key: RsMrTvWXsqoFbNk7||HqbyMjImSHBStGIFqIp1nAPgKbvNkiE1MFUI+xHGI51dI1idXp5FlpE=
[main] INFO org.apache.nifi.properties.AESSensitivePropertyProviderTest - [EXPECTED] Cipher text for 256 length key: NIVSDOLlPgGQ6u1s||DN7UcXSZP3ZEwc0b8ZVL6i2zjTM+dNE2T59YszS0gcy+876eN8QAu5I=
[main] INFO org.apache.nifi.properties.AESSensitivePropertyProviderTest - Initialized AES Sensitive Property Provider with key size 128
[main] INFO org.apache.nifi.properties.AESSensitivePropertyProviderTest - Initialized AES Sensitive Property Provider with key size 192
[main] INFO org.apache.nifi.properties.AESSensitivePropertyProviderTest - Initialized AES Sensitive Property Provider with key size 256
[main] INFO org.apache.nifi.properties.AESSensitivePropertyProviderTest - Decrypted for 128 length key: This is a plaintext value
[main] INFO org.apache.nifi.properties.AESSensitivePropertyProviderTest - Decrypted for 192 length key: This is a plaintext value
[main] INFO org.apache.nifi.properties.AESSensitivePropertyProviderTest - Decrypted for 256 length key: This is a plaintext value
]]></system-err>
  </testcase>
  <testcase name="testShouldProtectValue" classname="org.apache.nifi.properties.AESSensitivePropertyProviderTest" time="0.014">
    <system-err><![CDATA[[main] INFO org.apache.nifi.properties.AESSensitivePropertyProviderTest - Initialized AES Sensitive Property Provider with key size 128
[main] INFO org.apache.nifi.properties.AESSensitivePropertyProviderTest - Initialized AES Sensitive Property Provider with key size 192
[main] INFO org.apache.nifi.properties.AESSensitivePropertyProviderTest - Initialized AES Sensitive Property Provider with key size 256
[main] INFO org.apache.nifi.properties.AESSensitivePropertyProviderTest - Encrypted for 128 length key: 3dR6fxckDOyxF/B+||lEgehTIKQe+DWpUkaK3RU4thuAGYnC0xhzoZUB435XYdcwg7J4aKAxQ
[main] INFO org.apache.nifi.properties.AESSensitivePropertyProviderTest - Encrypted for 192 length key: RaGihLS/E4s7uJmJ||a5TTWw+e/ZUblolH9liSKazwi8RSmGhitvhNBeOullfp7lW7m10zy+w
[main] INFO org.apache.nifi.properties.AESSensitivePropertyProviderTest - Encrypted for 256 length key: euXbmkfLuIzkztH1||6SWBsA8aUe1XS+VtsADX6U8k/DSjQQtI4G0LNoRJdKAwL+qe/TCpHDk
[main] INFO org.apache.nifi.properties.AESSensitivePropertyProviderTest - [SETUP] Initialized a cipher in decrypt mode with a key of length 128 bits
[main] INFO org.apache.nifi.properties.AESSensitivePropertyProviderTest - [SETUP] Initialized a cipher in decrypt mode with a key of length 192 bits
[main] INFO org.apache.nifi.properties.AESSensitivePropertyProviderTest - [SETUP] Initialized a cipher in decrypt mode with a key of length 256 bits
[main] INFO org.apache.nifi.properties.AESSensitivePropertyProviderTest - [EXPECTED] Cipher text for 128 length key: 3dR6fxckDOyxF/B+||lEgehTIKQe+DWpUkaK3RU4thuAGYnC0xhzoZUB435XYdcwg7J4aKAxQ
[main] INFO org.apache.nifi.properties.AESSensitivePropertyProviderTest - [EXPECTED] Cipher text for 192 length key: RaGihLS/E4s7uJmJ||a5TTWw+e/ZUblolH9liSKazwi8RSmGhitvhNBeOullfp7lW7m10zy+w
[main] INFO org.apache.nifi.properties.AESSensitivePropertyProviderTest - [EXPECTED] Cipher text for 256 length key: euXbmkfLuIzkztH1||6SWBsA8aUe1XS+VtsADX6U8k/DSjQQtI4G0LNoRJdKAwL+qe/TCpHDk
]]></system-err>
  </testcase>
  <testcase name="testShouldProtectValue" classname="org.apache.nifi.properties.AESSensitivePropertyProviderTest" time="0.004">
    <system-err><![CDATA[[main] INFO org.apache.nifi.properties.AESSensitivePropertyProviderTest - Initialized AES Sensitive Property Provider with key size 128
[main] INFO org.apache.nifi.properties.AESSensitivePropertyProviderTest - Initialized AES Sensitive Property Provider with key size 192
[main] INFO org.apache.nifi.properties.AESSensitivePropertyProviderTest - Initialized AES Sensitive Property Provider with key size 256
[main] INFO org.apache.nifi.properties.AESSensitivePropertyProviderTest - Encrypted for 128 length key: 1FPk6PjCmfuQGv9g||qwqP7LYEU6E4JrOlL3kHY8TJSm67RoKJNeVBYZ6rtUS6ckBvW0haDFQ
[main] INFO org.apache.nifi.properties.AESSensitivePropertyProviderTest - Encrypted for 192 length key: /dO3EX/If/zjNheS||kvEBHYRAJDWghg3Q/zxey73/zojVDEE3nCXKR4/kiR9qPHu6B76Iv/4
[main] INFO org.apache.nifi.properties.AESSensitivePropertyProviderTest - Encrypted for 256 length key: vNGdr5aDmiIf/FG1||hbYdWoNrA+RvW4A1uKMpfm53wbmSNU9j6E8PdPFhYKOrkrbqkMTPqJ0
[main] INFO org.apache.nifi.properties.AESSensitivePropertyProviderTest - [SETUP] Initialized a cipher in decrypt mode with a key of length 128 bits
[main] INFO org.apache.nifi.properties.AESSensitivePropertyProviderTest - [SETUP] Initialized a cipher in decrypt mode with a key of length 192 bits
[main] INFO org.apache.nifi.properties.AESSensitivePropertyProviderTest - [SETUP] Initialized a cipher in decrypt mode with a key of length 256 bits
[main] INFO org.apache.nifi.properties.AESSensitivePropertyProviderTest - [EXPECTED] Cipher text for 128 length key: 1FPk6PjCmfuQGv9g||qwqP7LYEU6E4JrOlL3kHY8TJSm67RoKJNeVBYZ6rtUS6ckBvW0haDFQ
[main] INFO org.apache.nifi.properties.AESSensitivePropertyProviderTest - [EXPECTED] Cipher text for 192 length key: /dO3EX/If/zjNheS||kvEBHYRAJDWghg3Q/zxey73/zojVDEE3nCXKR4/kiR9qPHu6B76Iv/4
[main] INFO org.apache.nifi.properties.AESSensitivePropertyProviderTest - [EXPECTED] Cipher text for 256 length key: vNGdr5aDmiIf/FG1||hbYdWoNrA+RvW4A1uKMpfm53wbmSNU9j6E8PdPFhYKOrkrbqkMTPqJ0
]]></system-err>
  </testcase>
  <testcase name="testShouldUnprotectValue" classname="org.apache.nifi.properties.AESSensitivePropertyProviderTest" time="0.011">
    <system-err><![CDATA[[main] INFO org.apache.nifi.properties.AESSensitivePropertyProviderTest - [SETUP] Initialized a cipher in encrypt mode with a key of length 128 bits
[main] INFO org.apache.nifi.properties.AESSensitivePropertyProviderTest - [SETUP] Initialized a cipher in encrypt mode with a key of length 192 bits
[main] INFO org.apache.nifi.properties.AESSensitivePropertyProviderTest - [SETUP] Initialized a cipher in encrypt mode with a key of length 256 bits
[main] INFO org.apache.nifi.properties.AESSensitivePropertyProviderTest - [EXPECTED] Cipher text for 128 length key: zYPbsQhXEwnHT5dg||aqhrsVkwC8J55YPWV4Ae2jkEwX9g4g59rMndnikIZgm2J3XLIxTIJIs=
[main] INFO org.apache.nifi.properties.AESSensitivePropertyProviderTest - [EXPECTED] Cipher text for 192 length key: ijl5nKZtps8aafN1||2hnbvOud/QElowAnklOaDxT8kWh/83Gjb0Fd/UzbiVn/Y/WJQSctcOU=
[main] INFO org.apache.nifi.properties.AESSensitivePropertyProviderTest - [EXPECTED] Cipher text for 256 length key: kGnG5SiysRpqK6/n||QiR1YJfI3GOyVe16/MQ3PII/CZdwqJ0iglpha3UxCgfr3IijiqIv1JU=
[main] INFO org.apache.nifi.properties.AESSensitivePropertyProviderTest - Initialized AES Sensitive Property Provider with key size 128
[main] INFO org.apache.nifi.properties.AESSensitivePropertyProviderTest - Initialized AES Sensitive Property Provider with key size 192
[main] INFO org.apache.nifi.properties.AESSensitivePropertyProviderTest - Initialized AES Sensitive Property Provider with key size 256
[main] INFO org.apache.nifi.properties.AESSensitivePropertyProviderTest - Decrypted for 128 length key: This is a plaintext value
[main] INFO org.apache.nifi.properties.AESSensitivePropertyProviderTest - Decrypted for 192 length key: This is a plaintext value
[main] INFO org.apache.nifi.properties.AESSensitivePropertyProviderTest - Decrypted for 256 length key: This is a plaintext value
]]></system-err>
  </testcase>
  <testcase name="testShouldUnprotectValue" classname="org.apache.nifi.properties.AESSensitivePropertyProviderTest" time="0.005">
    <system-err><![CDATA[[main] INFO org.apache.nifi.properties.AESSensitivePropertyProviderTest - [SETUP] Initialized a cipher in encrypt mode with a key of length 128 bits
[main] INFO org.apache.nifi.properties.AESSensitivePropertyProviderTest - [SETUP] Initialized a cipher in encrypt mode with a key of length 192 bits
[main] INFO org.apache.nifi.properties.AESSensitivePropertyProviderTest - [SETUP] Initialized a cipher in encrypt mode with a key of length 256 bits
[main] INFO org.apache.nifi.properties.AESSensitivePropertyProviderTest - [EXPECTED] Cipher text for 128 length key: 58nwdKsWueruM+Gq||qwz1IyY+BQ+ZzrQ2Ii3NnqcqYWdwBdq4ZxA56BuUYj9ENmUurXMXtnI=
[main] INFO org.apache.nifi.properties.AESSensitivePropertyProviderTest - [EXPECTED] Cipher text for 192 length key: pDaVT6VpfDQ0nBu3||o2rcizHO3yFywWV/C5M4TopPXmB+OfbD4vbi123EtBdvbMoFpzmtOww=
[main] INFO org.apache.nifi.properties.AESSensitivePropertyProviderTest - [EXPECTED] Cipher text for 256 length key: fAMRTadpu7VB74Mf||6X617QiZrXNRRYvShLTl/XK32lnssZweR/ZO/iFUlCaW4CZxdSMrpW4=
[main] INFO org.apache.nifi.properties.AESSensitivePropertyProviderTest - Initialized AES Sensitive Property Provider with key size 128
[main] INFO org.apache.nifi.properties.AESSensitivePropertyProviderTest - Initialized AES Sensitive Property Provider with key size 192
[main] INFO org.apache.nifi.properties.AESSensitivePropertyProviderTest - Initialized AES Sensitive Property Provider with key size 256
[main] INFO org.apache.nifi.properties.AESSensitivePropertyProviderTest - Decrypted for 128 length key: This is a plaintext value
[main] INFO org.apache.nifi.properties.AESSensitivePropertyProviderTest - Decrypted for 192 length key: This is a plaintext value
[main] INFO org.apache.nifi.properties.AESSensitivePropertyProviderTest - Decrypted for 256 length key: This is a plaintext value
]]></system-err>
  </testcase>
  <testcase name="testShouldHandleUnprotectMalformedValue" classname="org.apache.nifi.properties.AESSensitivePropertyProviderTest" time="0.011">
    <system-err><![CDATA[[main] INFO org.apache.nifi.properties.AESSensitivePropertyProviderTest - Initialized AES Sensitive Property Provider with key size 128
[main] INFO org.apache.nifi.properties.AESSensitivePropertyProviderTest - Manipulated 98vRFTjslIADRTHD||RU7HLvt4fe0Y+zVWLNHdfDl2AUe3re0FN3mMMmV/JTqcjTKr/N03zlc to
                                                                                          98vRFTjslIADRTHD||RU7HLvtf04eY+zVWLNHdfDl2AUe3re0FN3mMMmV/JTqcjTKr/N03zlc
[main] ERROR org.apache.nifi.properties.AESSensitivePropertyProvider - Error decrypting a protected value
javax.crypto.AEADBadTagException: mac check in GCM failed
	at sun.reflect.NativeConstructorAccessorImpl.newInstance0(Native Method)
	at sun.reflect.NativeConstructorAccessorImpl.newInstance(NativeConstructorAccessorImpl.java:62)
	at sun.reflect.DelegatingConstructorAccessorImpl.newInstance(DelegatingConstructorAccessorImpl.java:45)
	at java.lang.reflect.Constructor.newInstance(Constructor.java:423)
	at org.bouncycastle.jcajce.provider.symmetric.util.BaseBlockCipher$AEADGenericBlockCipher.doFinal(Unknown Source)
	at org.bouncycastle.jcajce.provider.symmetric.util.BaseBlockCipher.engineDoFinal(Unknown Source)
	at javax.crypto.Cipher.doFinal(Cipher.java:2168)
	at org.apache.nifi.properties.AESSensitivePropertyProvider.unprotect(AESSensitivePropertyProvider.java:241)
	at org.apache.nifi.properties.SensitivePropertyProvider$unprotect$0.call(Unknown Source)
	at org.codehaus.groovy.runtime.callsite.CallSiteArray.defaultCall(CallSiteArray.java:47)
	at org.codehaus.groovy.runtime.callsite.AbstractCallSite.call(AbstractCallSite.java:115)
	at org.codehaus.groovy.runtime.callsite.AbstractCallSite.call(AbstractCallSite.java:135)
	at org.apache.nifi.properties.AESSensitivePropertyProviderTest$_testShouldHandleUnprotectMalformedValue_closure23$_closure39.doCall(AESSensitivePropertyProviderTest.groovy:285)
	at org.apache.nifi.properties.AESSensitivePropertyProviderTest$_testShouldHandleUnprotectMalformedValue_closure23$_closure39.doCall(AESSensitivePropertyProviderTest.groovy)
	at sun.reflect.NativeMethodAccessorImpl.invoke0(Native Method)
	at sun.reflect.NativeMethodAccessorImpl.invoke(NativeMethodAccessorImpl.java:62)
	at sun.reflect.DelegatingMethodAccessorImpl.invoke(DelegatingMethodAccessorImpl.java:43)
	at java.lang.reflect.Method.invoke(Method.java:498)
	at org.codehaus.groovy.reflection.CachedMethod.invoke(CachedMethod.java:101)
	at groovy.lang.MetaMethod.doMethodInvoke(MetaMethod.java:323)
	at org.codehaus.groovy.runtime.metaclass.ClosureMetaClass.invokeMethod(ClosureMetaClass.java:263)
	at groovy.lang.MetaClassImpl.invokeMethod(MetaClassImpl.java:1041)
	at groovy.lang.Closure.call(Closure.java:405)
	at groovy.lang.Closure.call(Closure.java:399)
	at groovy.test.GroovyAssert.shouldFail(GroovyAssert.java:118)
	at groovy.util.GroovyTestCase.shouldFail(GroovyTestCase.java:216)
	at sun.reflect.NativeMethodAccessorImpl.invoke0(Native Method)
	at sun.reflect.NativeMethodAccessorImpl.invoke(NativeMethodAccessorImpl.java:62)
	at sun.reflect.DelegatingMethodAccessorImpl.invoke(DelegatingMethodAccessorImpl.java:43)
	at java.lang.reflect.Method.invoke(Method.java:498)
	at org.codehaus.groovy.reflection.CachedMethod.invoke(CachedMethod.java:101)
	at groovy.lang.MetaMethod.doMethodInvoke(MetaMethod.java:323)
	at org.codehaus.groovy.runtime.metaclass.ClosureMetaClass.invokeMethod(ClosureMetaClass.java:351)
	at org.codehaus.groovy.runtime.callsite.PogoMetaClassSite.callCurrent(PogoMetaClassSite.java:64)
	at org.codehaus.groovy.runtime.callsite.CallSiteArray.defaultCallCurrent(CallSiteArray.java:51)
	at org.codehaus.groovy.runtime.callsite.AbstractCallSite.callCurrent(AbstractCallSite.java:156)
	at org.codehaus.groovy.runtime.callsite.AbstractCallSite.callCurrent(AbstractCallSite.java:176)
	at org.apache.nifi.properties.AESSensitivePropertyProviderTest$_testShouldHandleUnprotectMalformedValue_closure23.doCall(AESSensitivePropertyProviderTest.groovy:284)
	at sun.reflect.NativeMethodAccessorImpl.invoke0(Native Method)
	at sun.reflect.NativeMethodAccessorImpl.invoke(NativeMethodAccessorImpl.java:62)
	at sun.reflect.DelegatingMethodAccessorImpl.invoke(DelegatingMethodAccessorImpl.java:43)
	at java.lang.reflect.Method.invoke(Method.java:498)
	at org.codehaus.groovy.reflection.CachedMethod.invoke(CachedMethod.java:101)
	at groovy.lang.MetaMethod.doMethodInvoke(MetaMethod.java:323)
	at org.codehaus.groovy.runtime.metaclass.ClosureMetaClass.invokeMethod(ClosureMetaClass.java:263)
	at groovy.lang.MetaClassImpl.invokeMethod(MetaClassImpl.java:1041)
	at groovy.lang.Closure.call(Closure.java:405)
	at groovy.lang.Closure.call(Closure.java:421)
	at org.codehaus.groovy.runtime.DefaultGroovyMethods.each(DefaultGroovyMethods.java:2330)
	at org.codehaus.groovy.runtime.DefaultGroovyMethods.each(DefaultGroovyMethods.java:2315)
	at org.codehaus.groovy.runtime.DefaultGroovyMethods.each(DefaultGroovyMethods.java:2356)
	at org.codehaus.groovy.runtime.dgm$186.invoke(Unknown Source)
	at org.codehaus.groovy.runtime.callsite.PojoMetaMethodSite$PojoMetaMethodSiteNoUnwrapNoCoerce.invoke(PojoMetaMethodSite.java:244)
	at org.codehaus.groovy.runtime.callsite.PojoMetaMethodSite.call(PojoMetaMethodSite.java:53)
	at org.codehaus.groovy.runtime.callsite.CallSiteArray.defaultCall(CallSiteArray.java:47)
	at org.codehaus.groovy.runtime.callsite.AbstractCallSite.call(AbstractCallSite.java:115)
	at org.codehaus.groovy.runtime.callsite.AbstractCallSite.call(AbstractCallSite.java:127)
	at org.apache.nifi.properties.AESSensitivePropertyProviderTest.testShouldHandleUnprotectMalformedValue(AESSensitivePropertyProviderTest.groovy:276)
	at sun.reflect.NativeMethodAccessorImpl.invoke0(Native Method)
	at sun.reflect.NativeMethodAccessorImpl.invoke(NativeMethodAccessorImpl.java:62)
	at sun.reflect.DelegatingMethodAccessorImpl.invoke(DelegatingMethodAccessorImpl.java:43)
	at java.lang.reflect.Method.invoke(Method.java:498)
	at org.junit.platform.commons.util.ReflectionUtils.invokeMethod(ReflectionUtils.java:688)
	at org.junit.jupiter.engine.execution.MethodInvocation.proceed(MethodInvocation.java:60)
	at org.junit.jupiter.engine.execution.InvocationInterceptorChain$ValidatingInvocation.proceed(InvocationInterceptorChain.java:131)
	at org.junit.jupiter.engine.extension.TimeoutExtension.intercept(TimeoutExtension.java:149)
	at org.junit.jupiter.engine.extension.TimeoutExtension.interceptTestableMethod(TimeoutExtension.java:140)
	at org.junit.jupiter.engine.extension.TimeoutExtension.interceptTestMethod(TimeoutExtension.java:84)
	at org.junit.jupiter.engine.execution.ExecutableInvoker$ReflectiveInterceptorCall.lambda$ofVoidMethod$0(ExecutableInvoker.java:115)
	at org.junit.jupiter.engine.execution.ExecutableInvoker.lambda$invoke$0(ExecutableInvoker.java:105)
	at org.junit.jupiter.engine.execution.InvocationInterceptorChain$InterceptedInvocation.proceed(InvocationInterceptorChain.java:106)
	at org.junit.jupiter.engine.execution.InvocationInterceptorChain.proceed(InvocationInterceptorChain.java:64)
	at org.junit.jupiter.engine.execution.InvocationInterceptorChain.chainAndInvoke(InvocationInterceptorChain.java:45)
	at org.junit.jupiter.engine.execution.InvocationInterceptorChain.invoke(InvocationInterceptorChain.java:37)
	at org.junit.jupiter.engine.execution.ExecutableInvoker.invoke(ExecutableInvoker.java:104)
	at org.junit.jupiter.engine.execution.ExecutableInvoker.invoke(ExecutableInvoker.java:98)
	at org.junit.jupiter.engine.descriptor.TestMethodTestDescriptor.lambda$invokeTestMethod$6(TestMethodTestDescriptor.java:210)
	at org.junit.platform.engine.support.hierarchical.ThrowableCollector.execute(ThrowableCollector.java:73)
	at org.junit.jupiter.engine.descriptor.TestMethodTestDescriptor.invokeTestMethod(TestMethodTestDescriptor.java:206)
	at org.junit.jupiter.engine.descriptor.TestMethodTestDescriptor.execute(TestMethodTestDescriptor.java:131)
	at org.junit.jupiter.engine.descriptor.TestMethodTestDescriptor.execute(TestMethodTestDescriptor.java:65)
	at org.junit.platform.engine.support.hierarchical.NodeTestTask.lambda$executeRecursively$5(NodeTestTask.java:139)
	at org.junit.platform.engine.support.hierarchical.ThrowableCollector.execute(ThrowableCollector.java:73)
	at org.junit.platform.engine.support.hierarchical.NodeTestTask.lambda$executeRecursively$7(NodeTestTask.java:129)
	at org.junit.platform.engine.support.hierarchical.Node.around(Node.java:137)
	at org.junit.platform.engine.support.hierarchical.NodeTestTask.lambda$executeRecursively$8(NodeTestTask.java:127)
	at org.junit.platform.engine.support.hierarchical.ThrowableCollector.execute(ThrowableCollector.java:73)
	at org.junit.platform.engine.support.hierarchical.NodeTestTask.executeRecursively(NodeTestTask.java:126)
	at org.junit.platform.engine.support.hierarchical.NodeTestTask.execute(NodeTestTask.java:84)
	at java.util.ArrayList.forEach(ArrayList.java:1259)
	at org.junit.platform.engine.support.hierarchical.SameThreadHierarchicalTestExecutorService.invokeAll(SameThreadHierarchicalTestExecutorService.java:38)
	at org.junit.platform.engine.support.hierarchical.NodeTestTask.lambda$executeRecursively$5(NodeTestTask.java:143)
	at org.junit.platform.engine.support.hierarchical.ThrowableCollector.execute(ThrowableCollector.java:73)
	at org.junit.platform.engine.support.hierarchical.NodeTestTask.lambda$executeRecursively$7(NodeTestTask.java:129)
	at org.junit.platform.engine.support.hierarchical.Node.around(Node.java:137)
	at org.junit.platform.engine.support.hierarchical.NodeTestTask.lambda$executeRecursively$8(NodeTestTask.java:127)
	at org.junit.platform.engine.support.hierarchical.ThrowableCollector.execute(ThrowableCollector.java:73)
	at org.junit.platform.engine.support.hierarchical.NodeTestTask.executeRecursively(NodeTestTask.java:126)
	at org.junit.platform.engine.support.hierarchical.NodeTestTask.execute(NodeTestTask.java:84)
	at java.util.ArrayList.forEach(ArrayList.java:1259)
	at org.junit.platform.engine.support.hierarchical.SameThreadHierarchicalTestExecutorService.invokeAll(SameThreadHierarchicalTestExecutorService.java:38)
	at org.junit.platform.engine.support.hierarchical.NodeTestTask.lambda$executeRecursively$5(NodeTestTask.java:143)
	at org.junit.platform.engine.support.hierarchical.ThrowableCollector.execute(ThrowableCollector.java:73)
	at org.junit.platform.engine.support.hierarchical.NodeTestTask.lambda$executeRecursively$7(NodeTestTask.java:129)
	at org.junit.platform.engine.support.hierarchical.Node.around(Node.java:137)
	at org.junit.platform.engine.support.hierarchical.NodeTestTask.lambda$executeRecursively$8(NodeTestTask.java:127)
	at org.junit.platform.engine.support.hierarchical.ThrowableCollector.execute(ThrowableCollector.java:73)
	at org.junit.platform.engine.support.hierarchical.NodeTestTask.executeRecursively(NodeTestTask.java:126)
	at org.junit.platform.engine.support.hierarchical.NodeTestTask.execute(NodeTestTask.java:84)
	at org.junit.platform.engine.support.hierarchical.SameThreadHierarchicalTestExecutorService.submit(SameThreadHierarchicalTestExecutorService.java:32)
	at org.junit.platform.engine.support.hierarchical.HierarchicalTestExecutor.execute(HierarchicalTestExecutor.java:57)
	at org.junit.platform.engine.support.hierarchical.HierarchicalTestEngine.execute(HierarchicalTestEngine.java:51)
	at org.junit.platform.launcher.core.EngineExecutionOrchestrator.execute(EngineExecutionOrchestrator.java:108)
	at org.junit.platform.launcher.core.EngineExecutionOrchestrator.execute(EngineExecutionOrchestrator.java:88)
	at org.junit.platform.launcher.core.EngineExecutionOrchestrator.lambda$execute$0(EngineExecutionOrchestrator.java:54)
	at org.junit.platform.launcher.core.EngineExecutionOrchestrator.withInterceptedStreams(EngineExecutionOrchestrator.java:67)
	at org.junit.platform.launcher.core.EngineExecutionOrchestrator.execute(EngineExecutionOrchestrator.java:52)
	at org.junit.platform.launcher.core.DefaultLauncher.execute(DefaultLauncher.java:96)
	at org.junit.platform.launcher.core.DefaultLauncher.execute(DefaultLauncher.java:75)
	at org.apache.maven.surefire.junitplatform.JUnitPlatformProvider.execute(JUnitPlatformProvider.java:188)
	at org.apache.maven.surefire.junitplatform.JUnitPlatformProvider.invokeAllTests(JUnitPlatformProvider.java:154)
	at org.apache.maven.surefire.junitplatform.JUnitPlatformProvider.invoke(JUnitPlatformProvider.java:128)
	at org.apache.maven.surefire.booter.ForkedBooter.runSuitesInProcess(ForkedBooter.java:428)
	at org.apache.maven.surefire.booter.ForkedBooter.execute(ForkedBooter.java:162)
	at org.apache.maven.surefire.booter.ForkedBooter.run(ForkedBooter.java:562)
	at org.apache.maven.surefire.booter.ForkedBooter.main(ForkedBooter.java:548)
[main] INFO org.apache.nifi.properties.AESSensitivePropertyProviderTest - [EXPECTED] Error decrypting a protected value for keySize 128 and cipher text [98vRFTjslIADRTHD||RU7HLvtf04eY+zVWLNHdfDl2AUe3re0FN3mMMmV/JTqcjTKr/N03zlc]
[main] INFO org.apache.nifi.properties.AESSensitivePropertyProviderTest - Initialized AES Sensitive Property Provider with key size 192
[main] INFO org.apache.nifi.properties.AESSensitivePropertyProviderTest - Manipulated ZTdeEH7a2CLWyo5s||Ms3+TX2h7C+kPHZrtCw1mq0riNj6QxJOEu2NKiYGqd0X/tj8ZRMITDc to
                                                                                          ZTdeEH7a2CLWyo5s||Ms3+TX2h+C7kPHZrtCw1mq0riNj6QxJOEu2NKiYGqd0X/tj8ZRMITDc
[main] ERROR org.apache.nifi.properties.AESSensitivePropertyProvider - Error decrypting a protected value
javax.crypto.AEADBadTagException: mac check in GCM failed
	at sun.reflect.NativeConstructorAccessorImpl.newInstance0(Native Method)
	at sun.reflect.NativeConstructorAccessorImpl.newInstance(NativeConstructorAccessorImpl.java:62)
	at sun.reflect.DelegatingConstructorAccessorImpl.newInstance(DelegatingConstructorAccessorImpl.java:45)
	at java.lang.reflect.Constructor.newInstance(Constructor.java:423)
	at org.bouncycastle.jcajce.provider.symmetric.util.BaseBlockCipher$AEADGenericBlockCipher.doFinal(Unknown Source)
	at org.bouncycastle.jcajce.provider.symmetric.util.BaseBlockCipher.engineDoFinal(Unknown Source)
	at javax.crypto.Cipher.doFinal(Cipher.java:2168)
	at org.apache.nifi.properties.AESSensitivePropertyProvider.unprotect(AESSensitivePropertyProvider.java:241)
	at org.apache.nifi.properties.SensitivePropertyProvider$unprotect$0.call(Unknown Source)
	at org.apache.nifi.properties.AESSensitivePropertyProviderTest$_testShouldHandleUnprotectMalformedValue_closure23$_closure39.doCall(AESSensitivePropertyProviderTest.groovy:285)
	at org.apache.nifi.properties.AESSensitivePropertyProviderTest$_testShouldHandleUnprotectMalformedValue_closure23$_closure39.doCall(AESSensitivePropertyProviderTest.groovy)
	at sun.reflect.NativeMethodAccessorImpl.invoke0(Native Method)
	at sun.reflect.NativeMethodAccessorImpl.invoke(NativeMethodAccessorImpl.java:62)
	at sun.reflect.DelegatingMethodAccessorImpl.invoke(DelegatingMethodAccessorImpl.java:43)
	at java.lang.reflect.Method.invoke(Method.java:498)
	at org.codehaus.groovy.reflection.CachedMethod.invoke(CachedMethod.java:101)
	at groovy.lang.MetaMethod.doMethodInvoke(MetaMethod.java:323)
	at org.codehaus.groovy.runtime.metaclass.ClosureMetaClass.invokeMethod(ClosureMetaClass.java:263)
	at groovy.lang.MetaClassImpl.invokeMethod(MetaClassImpl.java:1041)
	at groovy.lang.Closure.call(Closure.java:405)
	at groovy.lang.Closure.call(Closure.java:399)
	at groovy.test.GroovyAssert.shouldFail(GroovyAssert.java:118)
	at groovy.util.GroovyTestCase.shouldFail(GroovyTestCase.java:216)
	at sun.reflect.GeneratedMethodAccessor14.invoke(Unknown Source)
	at sun.reflect.DelegatingMethodAccessorImpl.invoke(DelegatingMethodAccessorImpl.java:43)
	at java.lang.reflect.Method.invoke(Method.java:498)
	at org.codehaus.groovy.reflection.CachedMethod.invoke(CachedMethod.java:101)
	at groovy.lang.MetaMethod.doMethodInvoke(MetaMethod.java:323)
	at org.codehaus.groovy.runtime.metaclass.ClosureMetaClass.invokeMethod(ClosureMetaClass.java:351)
	at org.codehaus.groovy.runtime.callsite.PogoMetaClassSite.callCurrent(PogoMetaClassSite.java:64)
	at org.codehaus.groovy.runtime.callsite.AbstractCallSite.callCurrent(AbstractCallSite.java:176)
	at org.apache.nifi.properties.AESSensitivePropertyProviderTest$_testShouldHandleUnprotectMalformedValue_closure23.doCall(AESSensitivePropertyProviderTest.groovy:284)
	at sun.reflect.NativeMethodAccessorImpl.invoke0(Native Method)
	at sun.reflect.NativeMethodAccessorImpl.invoke(NativeMethodAccessorImpl.java:62)
	at sun.reflect.DelegatingMethodAccessorImpl.invoke(DelegatingMethodAccessorImpl.java:43)
	at java.lang.reflect.Method.invoke(Method.java:498)
	at org.codehaus.groovy.reflection.CachedMethod.invoke(CachedMethod.java:101)
	at groovy.lang.MetaMethod.doMethodInvoke(MetaMethod.java:323)
	at org.codehaus.groovy.runtime.metaclass.ClosureMetaClass.invokeMethod(ClosureMetaClass.java:263)
	at groovy.lang.MetaClassImpl.invokeMethod(MetaClassImpl.java:1041)
	at groovy.lang.Closure.call(Closure.java:405)
	at groovy.lang.Closure.call(Closure.java:421)
	at org.codehaus.groovy.runtime.DefaultGroovyMethods.each(DefaultGroovyMethods.java:2330)
	at org.codehaus.groovy.runtime.DefaultGroovyMethods.each(DefaultGroovyMethods.java:2315)
	at org.codehaus.groovy.runtime.DefaultGroovyMethods.each(DefaultGroovyMethods.java:2356)
	at org.codehaus.groovy.runtime.dgm$186.invoke(Unknown Source)
	at org.codehaus.groovy.runtime.callsite.PojoMetaMethodSite$PojoMetaMethodSiteNoUnwrapNoCoerce.invoke(PojoMetaMethodSite.java:244)
	at org.codehaus.groovy.runtime.callsite.PojoMetaMethodSite.call(PojoMetaMethodSite.java:53)
	at org.codehaus.groovy.runtime.callsite.CallSiteArray.defaultCall(CallSiteArray.java:47)
	at org.codehaus.groovy.runtime.callsite.AbstractCallSite.call(AbstractCallSite.java:115)
	at org.codehaus.groovy.runtime.callsite.AbstractCallSite.call(AbstractCallSite.java:127)
	at org.apache.nifi.properties.AESSensitivePropertyProviderTest.testShouldHandleUnprotectMalformedValue(AESSensitivePropertyProviderTest.groovy:276)
	at sun.reflect.NativeMethodAccessorImpl.invoke0(Native Method)
	at sun.reflect.NativeMethodAccessorImpl.invoke(NativeMethodAccessorImpl.java:62)
	at sun.reflect.DelegatingMethodAccessorImpl.invoke(DelegatingMethodAccessorImpl.java:43)
	at java.lang.reflect.Method.invoke(Method.java:498)
	at org.junit.platform.commons.util.ReflectionUtils.invokeMethod(ReflectionUtils.java:688)
	at org.junit.jupiter.engine.execution.MethodInvocation.proceed(MethodInvocation.java:60)
	at org.junit.jupiter.engine.execution.InvocationInterceptorChain$ValidatingInvocation.proceed(InvocationInterceptorChain.java:131)
	at org.junit.jupiter.engine.extension.TimeoutExtension.intercept(TimeoutExtension.java:149)
	at org.junit.jupiter.engine.extension.TimeoutExtension.interceptTestableMethod(TimeoutExtension.java:140)
	at org.junit.jupiter.engine.extension.TimeoutExtension.interceptTestMethod(TimeoutExtension.java:84)
	at org.junit.jupiter.engine.execution.ExecutableInvoker$ReflectiveInterceptorCall.lambda$ofVoidMethod$0(ExecutableInvoker.java:115)
	at org.junit.jupiter.engine.execution.ExecutableInvoker.lambda$invoke$0(ExecutableInvoker.java:105)
	at org.junit.jupiter.engine.execution.InvocationInterceptorChain$InterceptedInvocation.proceed(InvocationInterceptorChain.java:106)
	at org.junit.jupiter.engine.execution.InvocationInterceptorChain.proceed(InvocationInterceptorChain.java:64)
	at org.junit.jupiter.engine.execution.InvocationInterceptorChain.chainAndInvoke(InvocationInterceptorChain.java:45)
	at org.junit.jupiter.engine.execution.InvocationInterceptorChain.invoke(InvocationInterceptorChain.java:37)
	at org.junit.jupiter.engine.execution.ExecutableInvoker.invoke(ExecutableInvoker.java:104)
	at org.junit.jupiter.engine.execution.ExecutableInvoker.invoke(ExecutableInvoker.java:98)
	at org.junit.jupiter.engine.descriptor.TestMethodTestDescriptor.lambda$invokeTestMethod$6(TestMethodTestDescriptor.java:210)
	at org.junit.platform.engine.support.hierarchical.ThrowableCollector.execute(ThrowableCollector.java:73)
	at org.junit.jupiter.engine.descriptor.TestMethodTestDescriptor.invokeTestMethod(TestMethodTestDescriptor.java:206)
	at org.junit.jupiter.engine.descriptor.TestMethodTestDescriptor.execute(TestMethodTestDescriptor.java:131)
	at org.junit.jupiter.engine.descriptor.TestMethodTestDescriptor.execute(TestMethodTestDescriptor.java:65)
	at org.junit.platform.engine.support.hierarchical.NodeTestTask.lambda$executeRecursively$5(NodeTestTask.java:139)
	at org.junit.platform.engine.support.hierarchical.ThrowableCollector.execute(ThrowableCollector.java:73)
	at org.junit.platform.engine.support.hierarchical.NodeTestTask.lambda$executeRecursively$7(NodeTestTask.java:129)
	at org.junit.platform.engine.support.hierarchical.Node.around(Node.java:137)
	at org.junit.platform.engine.support.hierarchical.NodeTestTask.lambda$executeRecursively$8(NodeTestTask.java:127)
	at org.junit.platform.engine.support.hierarchical.ThrowableCollector.execute(ThrowableCollector.java:73)
	at org.junit.platform.engine.support.hierarchical.NodeTestTask.executeRecursively(NodeTestTask.java:126)
	at org.junit.platform.engine.support.hierarchical.NodeTestTask.execute(NodeTestTask.java:84)
	at java.util.ArrayList.forEach(ArrayList.java:1259)
	at org.junit.platform.engine.support.hierarchical.SameThreadHierarchicalTestExecutorService.invokeAll(SameThreadHierarchicalTestExecutorService.java:38)
	at org.junit.platform.engine.support.hierarchical.NodeTestTask.lambda$executeRecursively$5(NodeTestTask.java:143)
	at org.junit.platform.engine.support.hierarchical.ThrowableCollector.execute(ThrowableCollector.java:73)
	at org.junit.platform.engine.support.hierarchical.NodeTestTask.lambda$executeRecursively$7(NodeTestTask.java:129)
	at org.junit.platform.engine.support.hierarchical.Node.around(Node.java:137)
	at org.junit.platform.engine.support.hierarchical.NodeTestTask.lambda$executeRecursively$8(NodeTestTask.java:127)
	at org.junit.platform.engine.support.hierarchical.ThrowableCollector.execute(ThrowableCollector.java:73)
	at org.junit.platform.engine.support.hierarchical.NodeTestTask.executeRecursively(NodeTestTask.java:126)
	at org.junit.platform.engine.support.hierarchical.NodeTestTask.execute(NodeTestTask.java:84)
	at java.util.ArrayList.forEach(ArrayList.java:1259)
	at org.junit.platform.engine.support.hierarchical.SameThreadHierarchicalTestExecutorService.invokeAll(SameThreadHierarchicalTestExecutorService.java:38)
	at org.junit.platform.engine.support.hierarchical.NodeTestTask.lambda$executeRecursively$5(NodeTestTask.java:143)
	at org.junit.platform.engine.support.hierarchical.ThrowableCollector.execute(ThrowableCollector.java:73)
	at org.junit.platform.engine.support.hierarchical.NodeTestTask.lambda$executeRecursively$7(NodeTestTask.java:129)
	at org.junit.platform.engine.support.hierarchical.Node.around(Node.java:137)
	at org.junit.platform.engine.support.hierarchical.NodeTestTask.lambda$executeRecursively$8(NodeTestTask.java:127)
	at org.junit.platform.engine.support.hierarchical.ThrowableCollector.execute(ThrowableCollector.java:73)
	at org.junit.platform.engine.support.hierarchical.NodeTestTask.executeRecursively(NodeTestTask.java:126)
	at org.junit.platform.engine.support.hierarchical.NodeTestTask.execute(NodeTestTask.java:84)
	at org.junit.platform.engine.support.hierarchical.SameThreadHierarchicalTestExecutorService.submit(SameThreadHierarchicalTestExecutorService.java:32)
	at org.junit.platform.engine.support.hierarchical.HierarchicalTestExecutor.execute(HierarchicalTestExecutor.java:57)
	at org.junit.platform.engine.support.hierarchical.HierarchicalTestEngine.execute(HierarchicalTestEngine.java:51)
	at org.junit.platform.launcher.core.EngineExecutionOrchestrator.execute(EngineExecutionOrchestrator.java:108)
	at org.junit.platform.launcher.core.EngineExecutionOrchestrator.execute(EngineExecutionOrchestrator.java:88)
	at org.junit.platform.launcher.core.EngineExecutionOrchestrator.lambda$execute$0(EngineExecutionOrchestrator.java:54)
	at org.junit.platform.launcher.core.EngineExecutionOrchestrator.withInterceptedStreams(EngineExecutionOrchestrator.java:67)
	at org.junit.platform.launcher.core.EngineExecutionOrchestrator.execute(EngineExecutionOrchestrator.java:52)
	at org.junit.platform.launcher.core.DefaultLauncher.execute(DefaultLauncher.java:96)
	at org.junit.platform.launcher.core.DefaultLauncher.execute(DefaultLauncher.java:75)
	at org.apache.maven.surefire.junitplatform.JUnitPlatformProvider.execute(JUnitPlatformProvider.java:188)
	at org.apache.maven.surefire.junitplatform.JUnitPlatformProvider.invokeAllTests(JUnitPlatformProvider.java:154)
	at org.apache.maven.surefire.junitplatform.JUnitPlatformProvider.invoke(JUnitPlatformProvider.java:128)
	at org.apache.maven.surefire.booter.ForkedBooter.runSuitesInProcess(ForkedBooter.java:428)
	at org.apache.maven.surefire.booter.ForkedBooter.execute(ForkedBooter.java:162)
	at org.apache.maven.surefire.booter.ForkedBooter.run(ForkedBooter.java:562)
	at org.apache.maven.surefire.booter.ForkedBooter.main(ForkedBooter.java:548)
[main] INFO org.apache.nifi.properties.AESSensitivePropertyProviderTest - [EXPECTED] Error decrypting a protected value for keySize 192 and cipher text [ZTdeEH7a2CLWyo5s||Ms3+TX2h+C7kPHZrtCw1mq0riNj6QxJOEu2NKiYGqd0X/tj8ZRMITDc]
[main] INFO org.apache.nifi.properties.AESSensitivePropertyProviderTest - Initialized AES Sensitive Property Provider with key size 256
[main] INFO org.apache.nifi.properties.AESSensitivePropertyProviderTest - Manipulated 9B7P8AWCU6WIx+Iz||ySxEN3mFI1UD9z/JxF3J/V8T2mfJqU/7XbMAHEt8lU/rLbeKLFO0v3A to
                                                                                          9B7P8AWCU6WIx+Iz||ySxEN3m1IFUD9z/JxF3J/V8T2mfJqU/7XbMAHEt8lU/rLbeKLFO0v3A
[main] ERROR org.apache.nifi.properties.AESSensitivePropertyProvider - Error decrypting a protected value
javax.crypto.AEADBadTagException: mac check in GCM failed
	at sun.reflect.NativeConstructorAccessorImpl.newInstance0(Native Method)
	at sun.reflect.NativeConstructorAccessorImpl.newInstance(NativeConstructorAccessorImpl.java:62)
	at sun.reflect.DelegatingConstructorAccessorImpl.newInstance(DelegatingConstructorAccessorImpl.java:45)
	at java.lang.reflect.Constructor.newInstance(Constructor.java:423)
	at org.bouncycastle.jcajce.provider.symmetric.util.BaseBlockCipher$AEADGenericBlockCipher.doFinal(Unknown Source)
	at org.bouncycastle.jcajce.provider.symmetric.util.BaseBlockCipher.engineDoFinal(Unknown Source)
	at javax.crypto.Cipher.doFinal(Cipher.java:2168)
	at org.apache.nifi.properties.AESSensitivePropertyProvider.unprotect(AESSensitivePropertyProvider.java:241)
	at org.apache.nifi.properties.SensitivePropertyProvider$unprotect$0.call(Unknown Source)
	at org.apache.nifi.properties.AESSensitivePropertyProviderTest$_testShouldHandleUnprotectMalformedValue_closure23$_closure39.doCall(AESSensitivePropertyProviderTest.groovy:285)
	at org.apache.nifi.properties.AESSensitivePropertyProviderTest$_testShouldHandleUnprotectMalformedValue_closure23$_closure39.doCall(AESSensitivePropertyProviderTest.groovy)
	at sun.reflect.NativeMethodAccessorImpl.invoke0(Native Method)
	at sun.reflect.NativeMethodAccessorImpl.invoke(NativeMethodAccessorImpl.java:62)
	at sun.reflect.DelegatingMethodAccessorImpl.invoke(DelegatingMethodAccessorImpl.java:43)
	at java.lang.reflect.Method.invoke(Method.java:498)
	at org.codehaus.groovy.reflection.CachedMethod.invoke(CachedMethod.java:101)
	at groovy.lang.MetaMethod.doMethodInvoke(MetaMethod.java:323)
	at org.codehaus.groovy.runtime.metaclass.ClosureMetaClass.invokeMethod(ClosureMetaClass.java:263)
	at groovy.lang.MetaClassImpl.invokeMethod(MetaClassImpl.java:1041)
	at groovy.lang.Closure.call(Closure.java:405)
	at groovy.lang.Closure.call(Closure.java:399)
	at groovy.test.GroovyAssert.shouldFail(GroovyAssert.java:118)
	at groovy.util.GroovyTestCase.shouldFail(GroovyTestCase.java:216)
	at sun.reflect.GeneratedMethodAccessor14.invoke(Unknown Source)
	at sun.reflect.DelegatingMethodAccessorImpl.invoke(DelegatingMethodAccessorImpl.java:43)
	at java.lang.reflect.Method.invoke(Method.java:498)
	at org.codehaus.groovy.reflection.CachedMethod.invoke(CachedMethod.java:101)
	at groovy.lang.MetaMethod.doMethodInvoke(MetaMethod.java:323)
	at org.codehaus.groovy.runtime.metaclass.ClosureMetaClass.invokeMethod(ClosureMetaClass.java:351)
	at org.codehaus.groovy.runtime.callsite.PogoMetaClassSite.callCurrent(PogoMetaClassSite.java:64)
	at org.codehaus.groovy.runtime.callsite.AbstractCallSite.callCurrent(AbstractCallSite.java:176)
	at org.apache.nifi.properties.AESSensitivePropertyProviderTest$_testShouldHandleUnprotectMalformedValue_closure23.doCall(AESSensitivePropertyProviderTest.groovy:284)
	at sun.reflect.NativeMethodAccessorImpl.invoke0(Native Method)
	at sun.reflect.NativeMethodAccessorImpl.invoke(NativeMethodAccessorImpl.java:62)
	at sun.reflect.DelegatingMethodAccessorImpl.invoke(DelegatingMethodAccessorImpl.java:43)
	at java.lang.reflect.Method.invoke(Method.java:498)
	at org.codehaus.groovy.reflection.CachedMethod.invoke(CachedMethod.java:101)
	at groovy.lang.MetaMethod.doMethodInvoke(MetaMethod.java:323)
	at org.codehaus.groovy.runtime.metaclass.ClosureMetaClass.invokeMethod(ClosureMetaClass.java:263)
	at groovy.lang.MetaClassImpl.invokeMethod(MetaClassImpl.java:1041)
	at groovy.lang.Closure.call(Closure.java:405)
	at groovy.lang.Closure.call(Closure.java:421)
	at org.codehaus.groovy.runtime.DefaultGroovyMethods.each(DefaultGroovyMethods.java:2330)
	at org.codehaus.groovy.runtime.DefaultGroovyMethods.each(DefaultGroovyMethods.java:2315)
	at org.codehaus.groovy.runtime.DefaultGroovyMethods.each(DefaultGroovyMethods.java:2356)
	at org.codehaus.groovy.runtime.dgm$186.invoke(Unknown Source)
	at org.codehaus.groovy.runtime.callsite.PojoMetaMethodSite$PojoMetaMethodSiteNoUnwrapNoCoerce.invoke(PojoMetaMethodSite.java:244)
	at org.codehaus.groovy.runtime.callsite.PojoMetaMethodSite.call(PojoMetaMethodSite.java:53)
	at org.codehaus.groovy.runtime.callsite.CallSiteArray.defaultCall(CallSiteArray.java:47)
	at org.codehaus.groovy.runtime.callsite.AbstractCallSite.call(AbstractCallSite.java:115)
	at org.codehaus.groovy.runtime.callsite.AbstractCallSite.call(AbstractCallSite.java:127)
	at org.apache.nifi.properties.AESSensitivePropertyProviderTest.testShouldHandleUnprotectMalformedValue(AESSensitivePropertyProviderTest.groovy:276)
	at sun.reflect.NativeMethodAccessorImpl.invoke0(Native Method)
	at sun.reflect.NativeMethodAccessorImpl.invoke(NativeMethodAccessorImpl.java:62)
	at sun.reflect.DelegatingMethodAccessorImpl.invoke(DelegatingMethodAccessorImpl.java:43)
	at java.lang.reflect.Method.invoke(Method.java:498)
	at org.junit.platform.commons.util.ReflectionUtils.invokeMethod(ReflectionUtils.java:688)
	at org.junit.jupiter.engine.execution.MethodInvocation.proceed(MethodInvocation.java:60)
	at org.junit.jupiter.engine.execution.InvocationInterceptorChain$ValidatingInvocation.proceed(InvocationInterceptorChain.java:131)
	at org.junit.jupiter.engine.extension.TimeoutExtension.intercept(TimeoutExtension.java:149)
	at org.junit.jupiter.engine.extension.TimeoutExtension.interceptTestableMethod(TimeoutExtension.java:140)
	at org.junit.jupiter.engine.extension.TimeoutExtension.interceptTestMethod(TimeoutExtension.java:84)
	at org.junit.jupiter.engine.execution.ExecutableInvoker$ReflectiveInterceptorCall.lambda$ofVoidMethod$0(ExecutableInvoker.java:115)
	at org.junit.jupiter.engine.execution.ExecutableInvoker.lambda$invoke$0(ExecutableInvoker.java:105)
	at org.junit.jupiter.engine.execution.InvocationInterceptorChain$InterceptedInvocation.proceed(InvocationInterceptorChain.java:106)
	at org.junit.jupiter.engine.execution.InvocationInterceptorChain.proceed(InvocationInterceptorChain.java:64)
	at org.junit.jupiter.engine.execution.InvocationInterceptorChain.chainAndInvoke(InvocationInterceptorChain.java:45)
	at org.junit.jupiter.engine.execution.InvocationInterceptorChain.invoke(InvocationInterceptorChain.java:37)
	at org.junit.jupiter.engine.execution.ExecutableInvoker.invoke(ExecutableInvoker.java:104)
	at org.junit.jupiter.engine.execution.ExecutableInvoker.invoke(ExecutableInvoker.java:98)
	at org.junit.jupiter.engine.descriptor.TestMethodTestDescriptor.lambda$invokeTestMethod$6(TestMethodTestDescriptor.java:210)
	at org.junit.platform.engine.support.hierarchical.ThrowableCollector.execute(ThrowableCollector.java:73)
	at org.junit.jupiter.engine.descriptor.TestMethodTestDescriptor.invokeTestMethod(TestMethodTestDescriptor.java:206)
	at org.junit.jupiter.engine.descriptor.TestMethodTestDescriptor.execute(TestMethodTestDescriptor.java:131)
	at org.junit.jupiter.engine.descriptor.TestMethodTestDescriptor.execute(TestMethodTestDescriptor.java:65)
	at org.junit.platform.engine.support.hierarchical.NodeTestTask.lambda$executeRecursively$5(NodeTestTask.java:139)
	at org.junit.platform.engine.support.hierarchical.ThrowableCollector.execute(ThrowableCollector.java:73)
	at org.junit.platform.engine.support.hierarchical.NodeTestTask.lambda$executeRecursively$7(NodeTestTask.java:129)
	at org.junit.platform.engine.support.hierarchical.Node.around(Node.java:137)
	at org.junit.platform.engine.support.hierarchical.NodeTestTask.lambda$executeRecursively$8(NodeTestTask.java:127)
	at org.junit.platform.engine.support.hierarchical.ThrowableCollector.execute(ThrowableCollector.java:73)
	at org.junit.platform.engine.support.hierarchical.NodeTestTask.executeRecursively(NodeTestTask.java:126)
	at org.junit.platform.engine.support.hierarchical.NodeTestTask.execute(NodeTestTask.java:84)
	at java.util.ArrayList.forEach(ArrayList.java:1259)
	at org.junit.platform.engine.support.hierarchical.SameThreadHierarchicalTestExecutorService.invokeAll(SameThreadHierarchicalTestExecutorService.java:38)
	at org.junit.platform.engine.support.hierarchical.NodeTestTask.lambda$executeRecursively$5(NodeTestTask.java:143)
	at org.junit.platform.engine.support.hierarchical.ThrowableCollector.execute(ThrowableCollector.java:73)
	at org.junit.platform.engine.support.hierarchical.NodeTestTask.lambda$executeRecursively$7(NodeTestTask.java:129)
	at org.junit.platform.engine.support.hierarchical.Node.around(Node.java:137)
	at org.junit.platform.engine.support.hierarchical.NodeTestTask.lambda$executeRecursively$8(NodeTestTask.java:127)
	at org.junit.platform.engine.support.hierarchical.ThrowableCollector.execute(ThrowableCollector.java:73)
	at org.junit.platform.engine.support.hierarchical.NodeTestTask.executeRecursively(NodeTestTask.java:126)
	at org.junit.platform.engine.support.hierarchical.NodeTestTask.execute(NodeTestTask.java:84)
	at java.util.ArrayList.forEach(ArrayList.java:1259)
	at org.junit.platform.engine.support.hierarchical.SameThreadHierarchicalTestExecutorService.invokeAll(SameThreadHierarchicalTestExecutorService.java:38)
	at org.junit.platform.engine.support.hierarchical.NodeTestTask.lambda$executeRecursively$5(NodeTestTask.java:143)
	at org.junit.platform.engine.support.hierarchical.ThrowableCollector.execute(ThrowableCollector.java:73)
	at org.junit.platform.engine.support.hierarchical.NodeTestTask.lambda$executeRecursively$7(NodeTestTask.java:129)
	at org.junit.platform.engine.support.hierarchical.Node.around(Node.java:137)
	at org.junit.platform.engine.support.hierarchical.NodeTestTask.lambda$executeRecursively$8(NodeTestTask.java:127)
	at org.junit.platform.engine.support.hierarchical.ThrowableCollector.execute(ThrowableCollector.java:73)
	at org.junit.platform.engine.support.hierarchical.NodeTestTask.executeRecursively(NodeTestTask.java:126)
	at org.junit.platform.engine.support.hierarchical.NodeTestTask.execute(NodeTestTask.java:84)
	at org.junit.platform.engine.support.hierarchical.SameThreadHierarchicalTestExecutorService.submit(SameThreadHierarchicalTestExecutorService.java:32)
	at org.junit.platform.engine.support.hierarchical.HierarchicalTestExecutor.execute(HierarchicalTestExecutor.java:57)
	at org.junit.platform.engine.support.hierarchical.HierarchicalTestEngine.execute(HierarchicalTestEngine.java:51)
	at org.junit.platform.launcher.core.EngineExecutionOrchestrator.execute(EngineExecutionOrchestrator.java:108)
	at org.junit.platform.launcher.core.EngineExecutionOrchestrator.execute(EngineExecutionOrchestrator.java:88)
	at org.junit.platform.launcher.core.EngineExecutionOrchestrator.lambda$execute$0(EngineExecutionOrchestrator.java:54)
	at org.junit.platform.launcher.core.EngineExecutionOrchestrator.withInterceptedStreams(EngineExecutionOrchestrator.java:67)
	at org.junit.platform.launcher.core.EngineExecutionOrchestrator.execute(EngineExecutionOrchestrator.java:52)
	at org.junit.platform.launcher.core.DefaultLauncher.execute(DefaultLauncher.java:96)
	at org.junit.platform.launcher.core.DefaultLauncher.execute(DefaultLauncher.java:75)
	at org.apache.maven.surefire.junitplatform.JUnitPlatformProvider.execute(JUnitPlatformProvider.java:188)
	at org.apache.maven.surefire.junitplatform.JUnitPlatformProvider.invokeAllTests(JUnitPlatformProvider.java:154)
	at org.apache.maven.surefire.junitplatform.JUnitPlatformProvider.invoke(JUnitPlatformProvider.java:128)
	at org.apache.maven.surefire.booter.ForkedBooter.runSuitesInProcess(ForkedBooter.java:428)
	at org.apache.maven.surefire.booter.ForkedBooter.execute(ForkedBooter.java:162)
	at org.apache.maven.surefire.booter.ForkedBooter.run(ForkedBooter.java:562)
	at org.apache.maven.surefire.booter.ForkedBooter.main(ForkedBooter.java:548)
[main] INFO org.apache.nifi.properties.AESSensitivePropertyProviderTest - [EXPECTED] Error decrypting a protected value for keySize 256 and cipher text [9B7P8AWCU6WIx+Iz||ySxEN3m1IFUD9z/JxF3J/V8T2mfJqU/7XbMAHEt8lU/rLbeKLFO0v3A]
]]></system-err>
  </testcase>
  <testcase name="testShouldHandleUnprotectMalformedValue" classname="org.apache.nifi.properties.AESSensitivePropertyProviderTest" time="0.005">
    <system-err><![CDATA[[main] INFO org.apache.nifi.properties.AESSensitivePropertyProviderTest - Initialized AES Sensitive Property Provider with key size 128
[main] INFO org.apache.nifi.properties.AESSensitivePropertyProviderTest - Manipulated 8hNISf1i3bbfARZf||Tc0Mk3E/CgMTRk59W1TqvyhiOZEie/RleyibehFlB+uly1qNhxuZYLY to
                                                                                          8hNISf1i3bbfARZf||Tc0Mk3Eg/MCTRk59W1TqvyhiOZEie/RleyibehFlB+uly1qNhxuZYLY
[main] ERROR org.apache.nifi.properties.AESSensitivePropertyProvider - Error decrypting a protected value
javax.crypto.AEADBadTagException: mac check in GCM failed
	at sun.reflect.NativeConstructorAccessorImpl.newInstance0(Native Method)
	at sun.reflect.NativeConstructorAccessorImpl.newInstance(NativeConstructorAccessorImpl.java:62)
	at sun.reflect.DelegatingConstructorAccessorImpl.newInstance(DelegatingConstructorAccessorImpl.java:45)
	at java.lang.reflect.Constructor.newInstance(Constructor.java:423)
	at org.bouncycastle.jcajce.provider.symmetric.util.BaseBlockCipher$AEADGenericBlockCipher.doFinal(Unknown Source)
	at org.bouncycastle.jcajce.provider.symmetric.util.BaseBlockCipher.engineDoFinal(Unknown Source)
	at javax.crypto.Cipher.doFinal(Cipher.java:2168)
	at org.apache.nifi.properties.AESSensitivePropertyProvider.unprotect(AESSensitivePropertyProvider.java:241)
	at org.apache.nifi.properties.SensitivePropertyProvider$unprotect$0.call(Unknown Source)
	at org.apache.nifi.properties.AESSensitivePropertyProviderTest$_testShouldHandleUnprotectMalformedValue_closure23$_closure39.doCall(AESSensitivePropertyProviderTest.groovy:285)
	at org.apache.nifi.properties.AESSensitivePropertyProviderTest$_testShouldHandleUnprotectMalformedValue_closure23$_closure39.doCall(AESSensitivePropertyProviderTest.groovy)
	at sun.reflect.NativeMethodAccessorImpl.invoke0(Native Method)
	at sun.reflect.NativeMethodAccessorImpl.invoke(NativeMethodAccessorImpl.java:62)
	at sun.reflect.DelegatingMethodAccessorImpl.invoke(DelegatingMethodAccessorImpl.java:43)
	at java.lang.reflect.Method.invoke(Method.java:498)
	at org.codehaus.groovy.reflection.CachedMethod.invoke(CachedMethod.java:101)
	at groovy.lang.MetaMethod.doMethodInvoke(MetaMethod.java:323)
	at org.codehaus.groovy.runtime.metaclass.ClosureMetaClass.invokeMethod(ClosureMetaClass.java:263)
	at groovy.lang.MetaClassImpl.invokeMethod(MetaClassImpl.java:1041)
	at groovy.lang.Closure.call(Closure.java:405)
	at groovy.lang.Closure.call(Closure.java:399)
	at groovy.test.GroovyAssert.shouldFail(GroovyAssert.java:118)
	at groovy.util.GroovyTestCase.shouldFail(GroovyTestCase.java:216)
	at sun.reflect.GeneratedMethodAccessor14.invoke(Unknown Source)
	at sun.reflect.DelegatingMethodAccessorImpl.invoke(DelegatingMethodAccessorImpl.java:43)
	at java.lang.reflect.Method.invoke(Method.java:498)
	at org.codehaus.groovy.reflection.CachedMethod.invoke(CachedMethod.java:101)
	at groovy.lang.MetaMethod.doMethodInvoke(MetaMethod.java:323)
	at org.codehaus.groovy.runtime.metaclass.ClosureMetaClass.invokeMethod(ClosureMetaClass.java:351)
	at org.codehaus.groovy.runtime.callsite.PogoMetaClassSite.callCurrent(PogoMetaClassSite.java:64)
	at org.codehaus.groovy.runtime.callsite.AbstractCallSite.callCurrent(AbstractCallSite.java:176)
	at org.apache.nifi.properties.AESSensitivePropertyProviderTest$_testShouldHandleUnprotectMalformedValue_closure23.doCall(AESSensitivePropertyProviderTest.groovy:284)
	at sun.reflect.NativeMethodAccessorImpl.invoke0(Native Method)
	at sun.reflect.NativeMethodAccessorImpl.invoke(NativeMethodAccessorImpl.java:62)
	at sun.reflect.DelegatingMethodAccessorImpl.invoke(DelegatingMethodAccessorImpl.java:43)
	at java.lang.reflect.Method.invoke(Method.java:498)
	at org.codehaus.groovy.reflection.CachedMethod.invoke(CachedMethod.java:101)
	at groovy.lang.MetaMethod.doMethodInvoke(MetaMethod.java:323)
	at org.codehaus.groovy.runtime.metaclass.ClosureMetaClass.invokeMethod(ClosureMetaClass.java:263)
	at groovy.lang.MetaClassImpl.invokeMethod(MetaClassImpl.java:1041)
	at groovy.lang.Closure.call(Closure.java:405)
	at groovy.lang.Closure.call(Closure.java:421)
	at org.codehaus.groovy.runtime.DefaultGroovyMethods.each(DefaultGroovyMethods.java:2330)
	at org.codehaus.groovy.runtime.DefaultGroovyMethods.each(DefaultGroovyMethods.java:2315)
	at org.codehaus.groovy.runtime.DefaultGroovyMethods.each(DefaultGroovyMethods.java:2356)
	at org.codehaus.groovy.runtime.dgm$186.invoke(Unknown Source)
	at org.codehaus.groovy.runtime.callsite.PojoMetaMethodSite$PojoMetaMethodSiteNoUnwrapNoCoerce.invoke(PojoMetaMethodSite.java:244)
	at org.codehaus.groovy.runtime.callsite.PojoMetaMethodSite.call(PojoMetaMethodSite.java:53)
	at org.codehaus.groovy.runtime.callsite.AbstractCallSite.call(AbstractCallSite.java:127)
	at org.apache.nifi.properties.AESSensitivePropertyProviderTest.testShouldHandleUnprotectMalformedValue(AESSensitivePropertyProviderTest.groovy:276)
	at sun.reflect.NativeMethodAccessorImpl.invoke0(Native Method)
	at sun.reflect.NativeMethodAccessorImpl.invoke(NativeMethodAccessorImpl.java:62)
	at sun.reflect.DelegatingMethodAccessorImpl.invoke(DelegatingMethodAccessorImpl.java:43)
	at java.lang.reflect.Method.invoke(Method.java:498)
	at junit.framework.TestCase.runTest(TestCase.java:177)
	at junit.framework.TestCase.runBare(TestCase.java:142)
	at junit.framework.TestResult$1.protect(TestResult.java:122)
	at junit.framework.TestResult.runProtected(TestResult.java:142)
	at junit.framework.TestResult.run(TestResult.java:125)
	at junit.framework.TestCase.run(TestCase.java:130)
	at junit.framework.TestSuite.runTest(TestSuite.java:241)
	at junit.framework.TestSuite.run(TestSuite.java:236)
	at org.junit.internal.runners.JUnit38ClassRunner.run(JUnit38ClassRunner.java:90)
	at org.junit.runner.JUnitCore.run(JUnitCore.java:137)
	at org.junit.runner.JUnitCore.run(JUnitCore.java:115)
	at org.junit.vintage.engine.execution.RunnerExecutor.execute(RunnerExecutor.java:43)
	at java.util.stream.ForEachOps$ForEachOp$OfRef.accept(ForEachOps.java:183)
	at java.util.stream.ReferencePipeline$3$1.accept(ReferencePipeline.java:193)
	at java.util.Iterator.forEachRemaining(Iterator.java:116)
	at java.util.Spliterators$IteratorSpliterator.forEachRemaining(Spliterators.java:1801)
	at java.util.stream.AbstractPipeline.copyInto(AbstractPipeline.java:482)
	at java.util.stream.AbstractPipeline.wrapAndCopyInto(AbstractPipeline.java:472)
	at java.util.stream.ForEachOps$ForEachOp.evaluateSequential(ForEachOps.java:150)
	at java.util.stream.ForEachOps$ForEachOp$OfRef.evaluateSequential(ForEachOps.java:173)
	at java.util.stream.AbstractPipeline.evaluate(AbstractPipeline.java:234)
	at java.util.stream.ReferencePipeline.forEach(ReferencePipeline.java:485)
	at org.junit.vintage.engine.VintageTestEngine.executeAllChildren(VintageTestEngine.java:82)
	at org.junit.vintage.engine.VintageTestEngine.execute(VintageTestEngine.java:73)
	at org.junit.platform.launcher.core.EngineExecutionOrchestrator.execute(EngineExecutionOrchestrator.java:108)
	at org.junit.platform.launcher.core.EngineExecutionOrchestrator.execute(EngineExecutionOrchestrator.java:88)
	at org.junit.platform.launcher.core.EngineExecutionOrchestrator.lambda$execute$0(EngineExecutionOrchestrator.java:54)
	at org.junit.platform.launcher.core.EngineExecutionOrchestrator.withInterceptedStreams(EngineExecutionOrchestrator.java:67)
	at org.junit.platform.launcher.core.EngineExecutionOrchestrator.execute(EngineExecutionOrchestrator.java:52)
	at org.junit.platform.launcher.core.DefaultLauncher.execute(DefaultLauncher.java:96)
	at org.junit.platform.launcher.core.DefaultLauncher.execute(DefaultLauncher.java:75)
	at org.apache.maven.surefire.junitplatform.JUnitPlatformProvider.execute(JUnitPlatformProvider.java:188)
	at org.apache.maven.surefire.junitplatform.JUnitPlatformProvider.invokeAllTests(JUnitPlatformProvider.java:154)
	at org.apache.maven.surefire.junitplatform.JUnitPlatformProvider.invoke(JUnitPlatformProvider.java:128)
	at org.apache.maven.surefire.booter.ForkedBooter.runSuitesInProcess(ForkedBooter.java:428)
	at org.apache.maven.surefire.booter.ForkedBooter.execute(ForkedBooter.java:162)
	at org.apache.maven.surefire.booter.ForkedBooter.run(ForkedBooter.java:562)
	at org.apache.maven.surefire.booter.ForkedBooter.main(ForkedBooter.java:548)
[main] INFO org.apache.nifi.properties.AESSensitivePropertyProviderTest - [EXPECTED] Error decrypting a protected value for keySize 128 and cipher text [8hNISf1i3bbfARZf||Tc0Mk3Eg/MCTRk59W1TqvyhiOZEie/RleyibehFlB+uly1qNhxuZYLY]
[main] INFO org.apache.nifi.properties.AESSensitivePropertyProviderTest - Initialized AES Sensitive Property Provider with key size 192
[main] INFO org.apache.nifi.properties.AESSensitivePropertyProviderTest - Manipulated 2c4v0CCA4b2PyYVP||7FIjq+hPkfG0gVGqP1M5+1D3pkJl35nK3JG2lvGh3OobfYfB/VukmSU to
                                                                                          2c4v0CCA4b2PyYVP||7FIjq+hkPfG0gVGqP1M5+1D3pkJl35nK3JG2lvGh3OobfYfB/VukmSU
[main] ERROR org.apache.nifi.properties.AESSensitivePropertyProvider - Error decrypting a protected value
javax.crypto.AEADBadTagException: mac check in GCM failed
	at sun.reflect.NativeConstructorAccessorImpl.newInstance0(Native Method)
	at sun.reflect.NativeConstructorAccessorImpl.newInstance(NativeConstructorAccessorImpl.java:62)
	at sun.reflect.DelegatingConstructorAccessorImpl.newInstance(DelegatingConstructorAccessorImpl.java:45)
	at java.lang.reflect.Constructor.newInstance(Constructor.java:423)
	at org.bouncycastle.jcajce.provider.symmetric.util.BaseBlockCipher$AEADGenericBlockCipher.doFinal(Unknown Source)
	at org.bouncycastle.jcajce.provider.symmetric.util.BaseBlockCipher.engineDoFinal(Unknown Source)
	at javax.crypto.Cipher.doFinal(Cipher.java:2168)
	at org.apache.nifi.properties.AESSensitivePropertyProvider.unprotect(AESSensitivePropertyProvider.java:241)
	at org.apache.nifi.properties.SensitivePropertyProvider$unprotect$0.call(Unknown Source)
	at org.apache.nifi.properties.AESSensitivePropertyProviderTest$_testShouldHandleUnprotectMalformedValue_closure23$_closure39.doCall(AESSensitivePropertyProviderTest.groovy:285)
	at org.apache.nifi.properties.AESSensitivePropertyProviderTest$_testShouldHandleUnprotectMalformedValue_closure23$_closure39.doCall(AESSensitivePropertyProviderTest.groovy)
	at sun.reflect.NativeMethodAccessorImpl.invoke0(Native Method)
	at sun.reflect.NativeMethodAccessorImpl.invoke(NativeMethodAccessorImpl.java:62)
	at sun.reflect.DelegatingMethodAccessorImpl.invoke(DelegatingMethodAccessorImpl.java:43)
	at java.lang.reflect.Method.invoke(Method.java:498)
	at org.codehaus.groovy.reflection.CachedMethod.invoke(CachedMethod.java:101)
	at groovy.lang.MetaMethod.doMethodInvoke(MetaMethod.java:323)
	at org.codehaus.groovy.runtime.metaclass.ClosureMetaClass.invokeMethod(ClosureMetaClass.java:263)
	at groovy.lang.MetaClassImpl.invokeMethod(MetaClassImpl.java:1041)
	at groovy.lang.Closure.call(Closure.java:405)
	at groovy.lang.Closure.call(Closure.java:399)
	at groovy.test.GroovyAssert.shouldFail(GroovyAssert.java:118)
	at groovy.util.GroovyTestCase.shouldFail(GroovyTestCase.java:216)
	at sun.reflect.GeneratedMethodAccessor14.invoke(Unknown Source)
	at sun.reflect.DelegatingMethodAccessorImpl.invoke(DelegatingMethodAccessorImpl.java:43)
	at java.lang.reflect.Method.invoke(Method.java:498)
	at org.codehaus.groovy.reflection.CachedMethod.invoke(CachedMethod.java:101)
	at groovy.lang.MetaMethod.doMethodInvoke(MetaMethod.java:323)
	at org.codehaus.groovy.runtime.metaclass.ClosureMetaClass.invokeMethod(ClosureMetaClass.java:351)
	at org.codehaus.groovy.runtime.callsite.PogoMetaClassSite.callCurrent(PogoMetaClassSite.java:64)
	at org.codehaus.groovy.runtime.callsite.AbstractCallSite.callCurrent(AbstractCallSite.java:176)
	at org.apache.nifi.properties.AESSensitivePropertyProviderTest$_testShouldHandleUnprotectMalformedValue_closure23.doCall(AESSensitivePropertyProviderTest.groovy:284)
	at sun.reflect.NativeMethodAccessorImpl.invoke0(Native Method)
	at sun.reflect.NativeMethodAccessorImpl.invoke(NativeMethodAccessorImpl.java:62)
	at sun.reflect.DelegatingMethodAccessorImpl.invoke(DelegatingMethodAccessorImpl.java:43)
	at java.lang.reflect.Method.invoke(Method.java:498)
	at org.codehaus.groovy.reflection.CachedMethod.invoke(CachedMethod.java:101)
	at groovy.lang.MetaMethod.doMethodInvoke(MetaMethod.java:323)
	at org.codehaus.groovy.runtime.metaclass.ClosureMetaClass.invokeMethod(ClosureMetaClass.java:263)
	at groovy.lang.MetaClassImpl.invokeMethod(MetaClassImpl.java:1041)
	at groovy.lang.Closure.call(Closure.java:405)
	at groovy.lang.Closure.call(Closure.java:421)
	at org.codehaus.groovy.runtime.DefaultGroovyMethods.each(DefaultGroovyMethods.java:2330)
	at org.codehaus.groovy.runtime.DefaultGroovyMethods.each(DefaultGroovyMethods.java:2315)
	at org.codehaus.groovy.runtime.DefaultGroovyMethods.each(DefaultGroovyMethods.java:2356)
	at org.codehaus.groovy.runtime.dgm$186.invoke(Unknown Source)
	at org.codehaus.groovy.runtime.callsite.PojoMetaMethodSite$PojoMetaMethodSiteNoUnwrapNoCoerce.invoke(PojoMetaMethodSite.java:244)
	at org.codehaus.groovy.runtime.callsite.PojoMetaMethodSite.call(PojoMetaMethodSite.java:53)
	at org.codehaus.groovy.runtime.callsite.AbstractCallSite.call(AbstractCallSite.java:127)
	at org.apache.nifi.properties.AESSensitivePropertyProviderTest.testShouldHandleUnprotectMalformedValue(AESSensitivePropertyProviderTest.groovy:276)
	at sun.reflect.NativeMethodAccessorImpl.invoke0(Native Method)
	at sun.reflect.NativeMethodAccessorImpl.invoke(NativeMethodAccessorImpl.java:62)
	at sun.reflect.DelegatingMethodAccessorImpl.invoke(DelegatingMethodAccessorImpl.java:43)
	at java.lang.reflect.Method.invoke(Method.java:498)
	at junit.framework.TestCase.runTest(TestCase.java:177)
	at junit.framework.TestCase.runBare(TestCase.java:142)
	at junit.framework.TestResult$1.protect(TestResult.java:122)
	at junit.framework.TestResult.runProtected(TestResult.java:142)
	at junit.framework.TestResult.run(TestResult.java:125)
	at junit.framework.TestCase.run(TestCase.java:130)
	at junit.framework.TestSuite.runTest(TestSuite.java:241)
	at junit.framework.TestSuite.run(TestSuite.java:236)
	at org.junit.internal.runners.JUnit38ClassRunner.run(JUnit38ClassRunner.java:90)
	at org.junit.runner.JUnitCore.run(JUnitCore.java:137)
	at org.junit.runner.JUnitCore.run(JUnitCore.java:115)
	at org.junit.vintage.engine.execution.RunnerExecutor.execute(RunnerExecutor.java:43)
	at java.util.stream.ForEachOps$ForEachOp$OfRef.accept(ForEachOps.java:183)
	at java.util.stream.ReferencePipeline$3$1.accept(ReferencePipeline.java:193)
	at java.util.Iterator.forEachRemaining(Iterator.java:116)
	at java.util.Spliterators$IteratorSpliterator.forEachRemaining(Spliterators.java:1801)
	at java.util.stream.AbstractPipeline.copyInto(AbstractPipeline.java:482)
	at java.util.stream.AbstractPipeline.wrapAndCopyInto(AbstractPipeline.java:472)
	at java.util.stream.ForEachOps$ForEachOp.evaluateSequential(ForEachOps.java:150)
	at java.util.stream.ForEachOps$ForEachOp$OfRef.evaluateSequential(ForEachOps.java:173)
	at java.util.stream.AbstractPipeline.evaluate(AbstractPipeline.java:234)
	at java.util.stream.ReferencePipeline.forEach(ReferencePipeline.java:485)
	at org.junit.vintage.engine.VintageTestEngine.executeAllChildren(VintageTestEngine.java:82)
	at org.junit.vintage.engine.VintageTestEngine.execute(VintageTestEngine.java:73)
	at org.junit.platform.launcher.core.EngineExecutionOrchestrator.execute(EngineExecutionOrchestrator.java:108)
	at org.junit.platform.launcher.core.EngineExecutionOrchestrator.execute(EngineExecutionOrchestrator.java:88)
	at org.junit.platform.launcher.core.EngineExecutionOrchestrator.lambda$execute$0(EngineExecutionOrchestrator.java:54)
	at org.junit.platform.launcher.core.EngineExecutionOrchestrator.withInterceptedStreams(EngineExecutionOrchestrator.java:67)
	at org.junit.platform.launcher.core.EngineExecutionOrchestrator.execute(EngineExecutionOrchestrator.java:52)
	at org.junit.platform.launcher.core.DefaultLauncher.execute(DefaultLauncher.java:96)
	at org.junit.platform.launcher.core.DefaultLauncher.execute(DefaultLauncher.java:75)
	at org.apache.maven.surefire.junitplatform.JUnitPlatformProvider.execute(JUnitPlatformProvider.java:188)
	at org.apache.maven.surefire.junitplatform.JUnitPlatformProvider.invokeAllTests(JUnitPlatformProvider.java:154)
	at org.apache.maven.surefire.junitplatform.JUnitPlatformProvider.invoke(JUnitPlatformProvider.java:128)
	at org.apache.maven.surefire.booter.ForkedBooter.runSuitesInProcess(ForkedBooter.java:428)
	at org.apache.maven.surefire.booter.ForkedBooter.execute(ForkedBooter.java:162)
	at org.apache.maven.surefire.booter.ForkedBooter.run(ForkedBooter.java:562)
	at org.apache.maven.surefire.booter.ForkedBooter.main(ForkedBooter.java:548)
[main] INFO org.apache.nifi.properties.AESSensitivePropertyProviderTest - [EXPECTED] Error decrypting a protected value for keySize 192 and cipher text [2c4v0CCA4b2PyYVP||7FIjq+hkPfG0gVGqP1M5+1D3pkJl35nK3JG2lvGh3OobfYfB/VukmSU]
[main] INFO org.apache.nifi.properties.AESSensitivePropertyProviderTest - Initialized AES Sensitive Property Provider with key size 256
[main] INFO org.apache.nifi.properties.AESSensitivePropertyProviderTest - Manipulated X9AEQTHHrnnKeF2w||7mm5L9ajshQN11f/LJ3a1m92JWx1D/HU3A270oSLKritgfQpVHa6g0E to
                                                                                          X9AEQTHHrnnKeF2w||7mm5L9ajhsQN11f/LJ3a1m92JWx1D/HU3A270oSLKritgfQpVHa6g0E
[main] ERROR org.apache.nifi.properties.AESSensitivePropertyProvider - Error decrypting a protected value
javax.crypto.AEADBadTagException: mac check in GCM failed
	at sun.reflect.NativeConstructorAccessorImpl.newInstance0(Native Method)
	at sun.reflect.NativeConstructorAccessorImpl.newInstance(NativeConstructorAccessorImpl.java:62)
	at sun.reflect.DelegatingConstructorAccessorImpl.newInstance(DelegatingConstructorAccessorImpl.java:45)
	at java.lang.reflect.Constructor.newInstance(Constructor.java:423)
	at org.bouncycastle.jcajce.provider.symmetric.util.BaseBlockCipher$AEADGenericBlockCipher.doFinal(Unknown Source)
	at org.bouncycastle.jcajce.provider.symmetric.util.BaseBlockCipher.engineDoFinal(Unknown Source)
	at javax.crypto.Cipher.doFinal(Cipher.java:2168)
	at org.apache.nifi.properties.AESSensitivePropertyProvider.unprotect(AESSensitivePropertyProvider.java:241)
	at org.apache.nifi.properties.SensitivePropertyProvider$unprotect$0.call(Unknown Source)
	at org.apache.nifi.properties.AESSensitivePropertyProviderTest$_testShouldHandleUnprotectMalformedValue_closure23$_closure39.doCall(AESSensitivePropertyProviderTest.groovy:285)
	at org.apache.nifi.properties.AESSensitivePropertyProviderTest$_testShouldHandleUnprotectMalformedValue_closure23$_closure39.doCall(AESSensitivePropertyProviderTest.groovy)
	at sun.reflect.NativeMethodAccessorImpl.invoke0(Native Method)
	at sun.reflect.NativeMethodAccessorImpl.invoke(NativeMethodAccessorImpl.java:62)
	at sun.reflect.DelegatingMethodAccessorImpl.invoke(DelegatingMethodAccessorImpl.java:43)
	at java.lang.reflect.Method.invoke(Method.java:498)
	at org.codehaus.groovy.reflection.CachedMethod.invoke(CachedMethod.java:101)
	at groovy.lang.MetaMethod.doMethodInvoke(MetaMethod.java:323)
	at org.codehaus.groovy.runtime.metaclass.ClosureMetaClass.invokeMethod(ClosureMetaClass.java:263)
	at groovy.lang.MetaClassImpl.invokeMethod(MetaClassImpl.java:1041)
	at groovy.lang.Closure.call(Closure.java:405)
	at groovy.lang.Closure.call(Closure.java:399)
	at groovy.test.GroovyAssert.shouldFail(GroovyAssert.java:118)
	at groovy.util.GroovyTestCase.shouldFail(GroovyTestCase.java:216)
	at sun.reflect.GeneratedMethodAccessor14.invoke(Unknown Source)
	at sun.reflect.DelegatingMethodAccessorImpl.invoke(DelegatingMethodAccessorImpl.java:43)
	at java.lang.reflect.Method.invoke(Method.java:498)
	at org.codehaus.groovy.reflection.CachedMethod.invoke(CachedMethod.java:101)
	at groovy.lang.MetaMethod.doMethodInvoke(MetaMethod.java:323)
	at org.codehaus.groovy.runtime.metaclass.ClosureMetaClass.invokeMethod(ClosureMetaClass.java:351)
	at org.codehaus.groovy.runtime.callsite.PogoMetaClassSite.callCurrent(PogoMetaClassSite.java:64)
	at org.codehaus.groovy.runtime.callsite.AbstractCallSite.callCurrent(AbstractCallSite.java:176)
	at org.apache.nifi.properties.AESSensitivePropertyProviderTest$_testShouldHandleUnprotectMalformedValue_closure23.doCall(AESSensitivePropertyProviderTest.groovy:284)
	at sun.reflect.NativeMethodAccessorImpl.invoke0(Native Method)
	at sun.reflect.NativeMethodAccessorImpl.invoke(NativeMethodAccessorImpl.java:62)
	at sun.reflect.DelegatingMethodAccessorImpl.invoke(DelegatingMethodAccessorImpl.java:43)
	at java.lang.reflect.Method.invoke(Method.java:498)
	at org.codehaus.groovy.reflection.CachedMethod.invoke(CachedMethod.java:101)
	at groovy.lang.MetaMethod.doMethodInvoke(MetaMethod.java:323)
	at org.codehaus.groovy.runtime.metaclass.ClosureMetaClass.invokeMethod(ClosureMetaClass.java:263)
	at groovy.lang.MetaClassImpl.invokeMethod(MetaClassImpl.java:1041)
	at groovy.lang.Closure.call(Closure.java:405)
	at groovy.lang.Closure.call(Closure.java:421)
	at org.codehaus.groovy.runtime.DefaultGroovyMethods.each(DefaultGroovyMethods.java:2330)
	at org.codehaus.groovy.runtime.DefaultGroovyMethods.each(DefaultGroovyMethods.java:2315)
	at org.codehaus.groovy.runtime.DefaultGroovyMethods.each(DefaultGroovyMethods.java:2356)
	at org.codehaus.groovy.runtime.dgm$186.invoke(Unknown Source)
	at org.codehaus.groovy.runtime.callsite.PojoMetaMethodSite$PojoMetaMethodSiteNoUnwrapNoCoerce.invoke(PojoMetaMethodSite.java:244)
	at org.codehaus.groovy.runtime.callsite.PojoMetaMethodSite.call(PojoMetaMethodSite.java:53)
	at org.codehaus.groovy.runtime.callsite.AbstractCallSite.call(AbstractCallSite.java:127)
	at org.apache.nifi.properties.AESSensitivePropertyProviderTest.testShouldHandleUnprotectMalformedValue(AESSensitivePropertyProviderTest.groovy:276)
	at sun.reflect.NativeMethodAccessorImpl.invoke0(Native Method)
	at sun.reflect.NativeMethodAccessorImpl.invoke(NativeMethodAccessorImpl.java:62)
	at sun.reflect.DelegatingMethodAccessorImpl.invoke(DelegatingMethodAccessorImpl.java:43)
	at java.lang.reflect.Method.invoke(Method.java:498)
	at junit.framework.TestCase.runTest(TestCase.java:177)
	at junit.framework.TestCase.runBare(TestCase.java:142)
	at junit.framework.TestResult$1.protect(TestResult.java:122)
	at junit.framework.TestResult.runProtected(TestResult.java:142)
	at junit.framework.TestResult.run(TestResult.java:125)
	at junit.framework.TestCase.run(TestCase.java:130)
	at junit.framework.TestSuite.runTest(TestSuite.java:241)
	at junit.framework.TestSuite.run(TestSuite.java:236)
	at org.junit.internal.runners.JUnit38ClassRunner.run(JUnit38ClassRunner.java:90)
	at org.junit.runner.JUnitCore.run(JUnitCore.java:137)
	at org.junit.runner.JUnitCore.run(JUnitCore.java:115)
	at org.junit.vintage.engine.execution.RunnerExecutor.execute(RunnerExecutor.java:43)
	at java.util.stream.ForEachOps$ForEachOp$OfRef.accept(ForEachOps.java:183)
	at java.util.stream.ReferencePipeline$3$1.accept(ReferencePipeline.java:193)
	at java.util.Iterator.forEachRemaining(Iterator.java:116)
	at java.util.Spliterators$IteratorSpliterator.forEachRemaining(Spliterators.java:1801)
	at java.util.stream.AbstractPipeline.copyInto(AbstractPipeline.java:482)
	at java.util.stream.AbstractPipeline.wrapAndCopyInto(AbstractPipeline.java:472)
	at java.util.stream.ForEachOps$ForEachOp.evaluateSequential(ForEachOps.java:150)
	at java.util.stream.ForEachOps$ForEachOp$OfRef.evaluateSequential(ForEachOps.java:173)
	at java.util.stream.AbstractPipeline.evaluate(AbstractPipeline.java:234)
	at java.util.stream.ReferencePipeline.forEach(ReferencePipeline.java:485)
	at org.junit.vintage.engine.VintageTestEngine.executeAllChildren(VintageTestEngine.java:82)
	at org.junit.vintage.engine.VintageTestEngine.execute(VintageTestEngine.java:73)
	at org.junit.platform.launcher.core.EngineExecutionOrchestrator.execute(EngineExecutionOrchestrator.java:108)
	at org.junit.platform.launcher.core.EngineExecutionOrchestrator.execute(EngineExecutionOrchestrator.java:88)
	at org.junit.platform.launcher.core.EngineExecutionOrchestrator.lambda$execute$0(EngineExecutionOrchestrator.java:54)
	at org.junit.platform.launcher.core.EngineExecutionOrchestrator.withInterceptedStreams(EngineExecutionOrchestrator.java:67)
	at org.junit.platform.launcher.core.EngineExecutionOrchestrator.execute(EngineExecutionOrchestrator.java:52)
	at org.junit.platform.launcher.core.DefaultLauncher.execute(DefaultLauncher.java:96)
	at org.junit.platform.launcher.core.DefaultLauncher.execute(DefaultLauncher.java:75)
	at org.apache.maven.surefire.junitplatform.JUnitPlatformProvider.execute(JUnitPlatformProvider.java:188)
	at org.apache.maven.surefire.junitplatform.JUnitPlatformProvider.invokeAllTests(JUnitPlatformProvider.java:154)
	at org.apache.maven.surefire.junitplatform.JUnitPlatformProvider.invoke(JUnitPlatformProvider.java:128)
	at org.apache.maven.surefire.booter.ForkedBooter.runSuitesInProcess(ForkedBooter.java:428)
	at org.apache.maven.surefire.booter.ForkedBooter.execute(ForkedBooter.java:162)
	at org.apache.maven.surefire.booter.ForkedBooter.run(ForkedBooter.java:562)
	at org.apache.maven.surefire.booter.ForkedBooter.main(ForkedBooter.java:548)
[main] INFO org.apache.nifi.properties.AESSensitivePropertyProviderTest - [EXPECTED] Error decrypting a protected value for keySize 256 and cipher text [X9AEQTHHrnnKeF2w||7mm5L9ajhsQN11f/LJ3a1m92JWx1D/HU3A270oSLKritgfQpVHa6g0E]
]]></system-err>
  </testcase>
  <testcase name="testShouldNotAllowEmptyKey" classname="org.apache.nifi.properties.AESSensitivePropertyProviderTest" time="0.002"/>
  <testcase name="testShouldNotAllowEmptyKey" classname="org.apache.nifi.properties.AESSensitivePropertyProviderTest" time="0"/>
  <testcase name="testShouldHandleUnprotectEmptyValue" classname="org.apache.nifi.properties.AESSensitivePropertyProviderTest" time="0.018">
    <system-err><![CDATA[[main] INFO org.apache.nifi.properties.AESSensitivePropertyProviderTest - Initialized AES Sensitive Property Provider with key size 128
[main] INFO org.apache.nifi.properties.AESSensitivePropertyProviderTest - [EXPECTED] Cannot decrypt a cipher text shorter than 19 chars for keySize 128 and cipher text []
[main] INFO org.apache.nifi.properties.AESSensitivePropertyProviderTest - [EXPECTED] Cannot decrypt a cipher text shorter than 19 chars for keySize 128 and cipher text [    ]
[main] INFO org.apache.nifi.properties.AESSensitivePropertyProviderTest - [EXPECTED] Cannot decrypt a cipher text shorter than 19 chars for keySize 128 and cipher text [null]
[main] INFO org.apache.nifi.properties.AESSensitivePropertyProviderTest - Initialized AES Sensitive Property Provider with key size 192
[main] INFO org.apache.nifi.properties.AESSensitivePropertyProviderTest - [EXPECTED] Cannot decrypt a cipher text shorter than 19 chars for keySize 192 and cipher text []
[main] INFO org.apache.nifi.properties.AESSensitivePropertyProviderTest - [EXPECTED] Cannot decrypt a cipher text shorter than 19 chars for keySize 192 and cipher text [    ]
[main] INFO org.apache.nifi.properties.AESSensitivePropertyProviderTest - [EXPECTED] Cannot decrypt a cipher text shorter than 19 chars for keySize 192 and cipher text [null]
[main] INFO org.apache.nifi.properties.AESSensitivePropertyProviderTest - Initialized AES Sensitive Property Provider with key size 256
[main] INFO org.apache.nifi.properties.AESSensitivePropertyProviderTest - [EXPECTED] Cannot decrypt a cipher text shorter than 19 chars for keySize 256 and cipher text []
[main] INFO org.apache.nifi.properties.AESSensitivePropertyProviderTest - [EXPECTED] Cannot decrypt a cipher text shorter than 19 chars for keySize 256 and cipher text [    ]
[main] INFO org.apache.nifi.properties.AESSensitivePropertyProviderTest - [EXPECTED] Cannot decrypt a cipher text shorter than 19 chars for keySize 256 and cipher text [null]
]]></system-err>
  </testcase>
  <testcase name="testShouldHandleUnprotectEmptyValue" classname="org.apache.nifi.properties.AESSensitivePropertyProviderTest" time="0.003">
    <system-err><![CDATA[[main] INFO org.apache.nifi.properties.AESSensitivePropertyProviderTest - Initialized AES Sensitive Property Provider with key size 128
[main] INFO org.apache.nifi.properties.AESSensitivePropertyProviderTest - [EXPECTED] Cannot decrypt a cipher text shorter than 19 chars for keySize 128 and cipher text []
[main] INFO org.apache.nifi.properties.AESSensitivePropertyProviderTest - [EXPECTED] Cannot decrypt a cipher text shorter than 19 chars for keySize 128 and cipher text [    ]
[main] INFO org.apache.nifi.properties.AESSensitivePropertyProviderTest - [EXPECTED] Cannot decrypt a cipher text shorter than 19 chars for keySize 128 and cipher text [null]
[main] INFO org.apache.nifi.properties.AESSensitivePropertyProviderTest - Initialized AES Sensitive Property Provider with key size 192
[main] INFO org.apache.nifi.properties.AESSensitivePropertyProviderTest - [EXPECTED] Cannot decrypt a cipher text shorter than 19 chars for keySize 192 and cipher text []
[main] INFO org.apache.nifi.properties.AESSensitivePropertyProviderTest - [EXPECTED] Cannot decrypt a cipher text shorter than 19 chars for keySize 192 and cipher text [    ]
[main] INFO org.apache.nifi.properties.AESSensitivePropertyProviderTest - [EXPECTED] Cannot decrypt a cipher text shorter than 19 chars for keySize 192 and cipher text [null]
[main] INFO org.apache.nifi.properties.AESSensitivePropertyProviderTest - Initialized AES Sensitive Property Provider with key size 256
[main] INFO org.apache.nifi.properties.AESSensitivePropertyProviderTest - [EXPECTED] Cannot decrypt a cipher text shorter than 19 chars for keySize 256 and cipher text []
[main] INFO org.apache.nifi.properties.AESSensitivePropertyProviderTest - [EXPECTED] Cannot decrypt a cipher text shorter than 19 chars for keySize 256 and cipher text [    ]
[main] INFO org.apache.nifi.properties.AESSensitivePropertyProviderTest - [EXPECTED] Cannot decrypt a cipher text shorter than 19 chars for keySize 256 and cipher text [null]
]]></system-err>
  </testcase>
  <testcase name="testShouldEncryptArbitraryValues" classname="org.apache.nifi.properties.AESSensitivePropertyProviderTest" time="0.009">
    <system-err><![CDATA[[main] INFO org.apache.nifi.properties.AESSensitivePropertyProviderTest - thisIsABadPassword -> OH57YU77QwDPbPqS||el8f1Pt9iHYaSS1y1WRFqaid0/YvwvXDEli7uG1mp60c2w
[main] INFO org.apache.nifi.properties.AESSensitivePropertyProviderTest - Normal Base64 encoding would be OH57YU77QwDPbPqS||el8f1Pt9iHYaSS1y1WRFqaid0/YvwvXDEli7uG1mp60c2w==
[main] INFO org.apache.nifi.properties.AESSensitivePropertyProviderTest - thisIsABadSensitiveKeyPassword -> Tsg2JVGJ6xUfS2ZI||NQkuIkWs79nOYe+3syal7OoX2SzvEQrMrtfZ3UtW5MLdRRdd5l6bGmwkClRU3Q
[main] INFO org.apache.nifi.properties.AESSensitivePropertyProviderTest - Normal Base64 encoding would be Tsg2JVGJ6xUfS2ZI||NQkuIkWs79nOYe+3syal7OoX2SzvEQrMrtfZ3UtW5MLdRRdd5l6bGmwkClRU3Q==
[main] INFO org.apache.nifi.properties.AESSensitivePropertyProviderTest - thisIsABadKeystorePassword -> JTH1LNkeXhriPNdg||kiC3VhVKsU49yH9VUguTIlaSYkKxFQ+NdFANZ7riDmTcb6ddadG2/huw
[main] INFO org.apache.nifi.properties.AESSensitivePropertyProviderTest - Normal Base64 encoding would be JTH1LNkeXhriPNdg||kiC3VhVKsU49yH9VUguTIlaSYkKxFQ+NdFANZ7riDmTcb6ddadG2/huw
[main] INFO org.apache.nifi.properties.AESSensitivePropertyProviderTest - thisIsABadKeyPassword -> IsFoiSlSa/KcE6wf||jGBGvYA7mgITh+v8CGFsHYmsh8iJ1JqfKhuqHvFgeK1DoLqNNQ
[main] INFO org.apache.nifi.properties.AESSensitivePropertyProviderTest - Normal Base64 encoding would be IsFoiSlSa/KcE6wf||jGBGvYA7mgITh+v8CGFsHYmsh8iJ1JqfKhuqHvFgeK1DoLqNNQ==
[main] INFO org.apache.nifi.properties.AESSensitivePropertyProviderTest - thisIsABadTruststorePassword -> ZyMGXmVnimGCFk8D||6fC9fCNi+wSbZ60bZ525YGy7bIIdr7+OR7jOEpC76vzy1uewFWFUvBDrWrU
[main] INFO org.apache.nifi.properties.AESSensitivePropertyProviderTest - Normal Base64 encoding would be ZyMGXmVnimGCFk8D||6fC9fCNi+wSbZ60bZ525YGy7bIIdr7+OR7jOEpC76vzy1uewFWFUvBDrWrU=
[main] INFO org.apache.nifi.properties.AESSensitivePropertyProviderTest - This is an encrypted banner message -> LdfgKYcCIcZAjJXR||EvCLATUrxFSXaZd/fL6tDU2DtYmXqqJYuXWHmbM91ozrg6cxXZvQ+z8t/aoUfwdFlORp
[main] INFO org.apache.nifi.properties.AESSensitivePropertyProviderTest - Normal Base64 encoding would be LdfgKYcCIcZAjJXR||EvCLATUrxFSXaZd/fL6tDU2DtYmXqqJYuXWHmbM91ozrg6cxXZvQ+z8t/aoUfwdFlORp
]]></system-err>
  </testcase>
  <testcase name="testShouldEncryptArbitraryValues" classname="org.apache.nifi.properties.AESSensitivePropertyProviderTest" time="0.003">
    <system-err><![CDATA[[main] INFO org.apache.nifi.properties.AESSensitivePropertyProviderTest - thisIsABadPassword -> 3lqizALQ9J6aPJUy||/BhSyLxYIWD2aH3qydE4HOnEl6yzYR78jOQ/8WIvm2MhHQ
[main] INFO org.apache.nifi.properties.AESSensitivePropertyProviderTest - Normal Base64 encoding would be 3lqizALQ9J6aPJUy||/BhSyLxYIWD2aH3qydE4HOnEl6yzYR78jOQ/8WIvm2MhHQ==
[main] INFO org.apache.nifi.properties.AESSensitivePropertyProviderTest - thisIsABadSensitiveKeyPassword -> xv9f5tuVF+x21N8J||Q6pSHWvfN7aiFzrXUhAb8oNZbU12x+gYDW4UUr83OoDmfFWMwR9uko7VnCwzww
[main] INFO org.apache.nifi.properties.AESSensitivePropertyProviderTest - Normal Base64 encoding would be xv9f5tuVF+x21N8J||Q6pSHWvfN7aiFzrXUhAb8oNZbU12x+gYDW4UUr83OoDmfFWMwR9uko7VnCwzww==
[main] INFO org.apache.nifi.properties.AESSensitivePropertyProviderTest - thisIsABadKeystorePassword -> S9n7Axip/1P1g8uV||IQTeRzpoTg73hfWDOQ8eyQ17ObTGic8q2ao49pLK/ZNaybxbMcCPdiAE
[main] INFO org.apache.nifi.properties.AESSensitivePropertyProviderTest - Normal Base64 encoding would be S9n7Axip/1P1g8uV||IQTeRzpoTg73hfWDOQ8eyQ17ObTGic8q2ao49pLK/ZNaybxbMcCPdiAE
[main] INFO org.apache.nifi.properties.AESSensitivePropertyProviderTest - thisIsABadKeyPassword -> EvZMxTn4l4ZDwL6H||IGaEO0l4f5aSRHRa9Bwmd23fdd7Twb+gDvUz6PUIiiJciYbJgA
[main] INFO org.apache.nifi.properties.AESSensitivePropertyProviderTest - Normal Base64 encoding would be EvZMxTn4l4ZDwL6H||IGaEO0l4f5aSRHRa9Bwmd23fdd7Twb+gDvUz6PUIiiJciYbJgA==
[main] INFO org.apache.nifi.properties.AESSensitivePropertyProviderTest - thisIsABadTruststorePassword -> rPfXPCqsRuydEfx/||O0hn84tq/IP9uRB72nFhB6H2HOzjnioYclTnAaM/fMeDxtEIUy9JqzR0m94
[main] INFO org.apache.nifi.properties.AESSensitivePropertyProviderTest - Normal Base64 encoding would be rPfXPCqsRuydEfx/||O0hn84tq/IP9uRB72nFhB6H2HOzjnioYclTnAaM/fMeDxtEIUy9JqzR0m94=
[main] INFO org.apache.nifi.properties.AESSensitivePropertyProviderTest - This is an encrypted banner message -> Tje3cNBQT6TtK15S||IfiSlnEJb2iSLcO7JnP2xImStVCv/ymSgTmFuiMF9ofqdpCEdylo92JcO9mMNAaD008C
[main] INFO org.apache.nifi.properties.AESSensitivePropertyProviderTest - Normal Base64 encoding would be Tje3cNBQT6TtK15S||IfiSlnEJb2iSLcO7JnP2xImStVCv/ymSgTmFuiMF9ofqdpCEdylo92JcO9mMNAaD008C
]]></system-err>
  </testcase>
  <testcase name="testShouldHandleUnprotectMissingIV" classname="org.apache.nifi.properties.AESSensitivePropertyProviderTest" time="0.006">
    <system-err><![CDATA[[main] INFO org.apache.nifi.properties.AESSensitivePropertyProviderTest - Initialized AES Sensitive Property Provider with key size 128
[main] INFO org.apache.nifi.properties.AESSensitivePropertyProviderTest - Manipulated pS7jKlQtU9v4FPg+||9qDXYP65cvA2j18inGuyce3/bTZOZWmupGnlqh77F8mQRpggQqf812U to
                                                                                                                     9qDXYP65cvA2j18inGuyce3/bTZOZWmupGnlqh77F8mQRpggQqf812U
[main] INFO org.apache.nifi.properties.AESSensitivePropertyProviderTest - [EXPECTED] The cipher text does not contain the delimiter || -- it should be of the form Base64(IV) || Base64(cipherText) for keySize 128 and cipher text [9qDXYP65cvA2j18inGuyce3/bTZOZWmupGnlqh77F8mQRpggQqf812U]
[main] INFO org.apache.nifi.properties.AESSensitivePropertyProviderTest - Manipulated pS7jKlQtU9v4FPg+||9qDXYP65cvA2j18inGuyce3/bTZOZWmupGnlqh77F8mQRpggQqf812U to
                                                                                                                   ||9qDXYP65cvA2j18inGuyce3/bTZOZWmupGnlqh77F8mQRpggQqf812U
[main] INFO org.apache.nifi.properties.AESSensitivePropertyProviderTest - [EXPECTED] The IV (0 bytes) must be at least 12 bytes for keySize 128 and cipher text [||9qDXYP65cvA2j18inGuyce3/bTZOZWmupGnlqh77F8mQRpggQqf812U]
[main] INFO org.apache.nifi.properties.AESSensitivePropertyProviderTest - Initialized AES Sensitive Property Provider with key size 192
[main] INFO org.apache.nifi.properties.AESSensitivePropertyProviderTest - Manipulated 6Vymt52Twac5on5L||/j6rc4+YRj7JpxbBQb3MYwkJUrcvonp/xuZNjetSX5NKlKZvwSzlSTk to
                                                                                                                     /j6rc4+YRj7JpxbBQb3MYwkJUrcvonp/xuZNjetSX5NKlKZvwSzlSTk
[main] INFO org.apache.nifi.properties.AESSensitivePropertyProviderTest - [EXPECTED] The cipher text does not contain the delimiter || -- it should be of the form Base64(IV) || Base64(cipherText) for keySize 192 and cipher text [/j6rc4+YRj7JpxbBQb3MYwkJUrcvonp/xuZNjetSX5NKlKZvwSzlSTk]
[main] INFO org.apache.nifi.properties.AESSensitivePropertyProviderTest - Manipulated 6Vymt52Twac5on5L||/j6rc4+YRj7JpxbBQb3MYwkJUrcvonp/xuZNjetSX5NKlKZvwSzlSTk to
                                                                                                                   ||/j6rc4+YRj7JpxbBQb3MYwkJUrcvonp/xuZNjetSX5NKlKZvwSzlSTk
[main] INFO org.apache.nifi.properties.AESSensitivePropertyProviderTest - [EXPECTED] The IV (0 bytes) must be at least 12 bytes for keySize 192 and cipher text [||/j6rc4+YRj7JpxbBQb3MYwkJUrcvonp/xuZNjetSX5NKlKZvwSzlSTk]
[main] INFO org.apache.nifi.properties.AESSensitivePropertyProviderTest - Initialized AES Sensitive Property Provider with key size 256
[main] INFO org.apache.nifi.properties.AESSensitivePropertyProviderTest - Manipulated IlHKUQ2Hkrpp7eDy||/63L1cXWepK4MdzHA0kYG4DkFcGn/RY4JHZve0NFp9ftJYk1qAYsznQ to
                                                                                                                     /63L1cXWepK4MdzHA0kYG4DkFcGn/RY4JHZve0NFp9ftJYk1qAYsznQ
[main] INFO org.apache.nifi.properties.AESSensitivePropertyProviderTest - [EXPECTED] The cipher text does not contain the delimiter || -- it should be of the form Base64(IV) || Base64(cipherText) for keySize 256 and cipher text [/63L1cXWepK4MdzHA0kYG4DkFcGn/RY4JHZve0NFp9ftJYk1qAYsznQ]
[main] INFO org.apache.nifi.properties.AESSensitivePropertyProviderTest - Manipulated IlHKUQ2Hkrpp7eDy||/63L1cXWepK4MdzHA0kYG4DkFcGn/RY4JHZve0NFp9ftJYk1qAYsznQ to
                                                                                                                   ||/63L1cXWepK4MdzHA0kYG4DkFcGn/RY4JHZve0NFp9ftJYk1qAYsznQ
[main] INFO org.apache.nifi.properties.AESSensitivePropertyProviderTest - [EXPECTED] The IV (0 bytes) must be at least 12 bytes for keySize 256 and cipher text [||/63L1cXWepK4MdzHA0kYG4DkFcGn/RY4JHZve0NFp9ftJYk1qAYsznQ]
]]></system-err>
  </testcase>
  <testcase name="testShouldHandleUnprotectMissingIV" classname="org.apache.nifi.properties.AESSensitivePropertyProviderTest" time="0.003">
    <system-err><![CDATA[[main] INFO org.apache.nifi.properties.AESSensitivePropertyProviderTest - Initialized AES Sensitive Property Provider with key size 128
[main] INFO org.apache.nifi.properties.AESSensitivePropertyProviderTest - Manipulated SgKsWm1yz/mteerb||C1FwTLPsvb366GjgvKlQV7dJHvnber5o313ft5jdxrFOIWHIkfrNDfg to
                                                                                                                     C1FwTLPsvb366GjgvKlQV7dJHvnber5o313ft5jdxrFOIWHIkfrNDfg
[main] INFO org.apache.nifi.properties.AESSensitivePropertyProviderTest - [EXPECTED] The cipher text does not contain the delimiter || -- it should be of the form Base64(IV) || Base64(cipherText) for keySize 128 and cipher text [C1FwTLPsvb366GjgvKlQV7dJHvnber5o313ft5jdxrFOIWHIkfrNDfg]
[main] INFO org.apache.nifi.properties.AESSensitivePropertyProviderTest - Manipulated SgKsWm1yz/mteerb||C1FwTLPsvb366GjgvKlQV7dJHvnber5o313ft5jdxrFOIWHIkfrNDfg to
                                                                                                                   ||C1FwTLPsvb366GjgvKlQV7dJHvnber5o313ft5jdxrFOIWHIkfrNDfg
[main] INFO org.apache.nifi.properties.AESSensitivePropertyProviderTest - [EXPECTED] The IV (0 bytes) must be at least 12 bytes for keySize 128 and cipher text [||C1FwTLPsvb366GjgvKlQV7dJHvnber5o313ft5jdxrFOIWHIkfrNDfg]
[main] INFO org.apache.nifi.properties.AESSensitivePropertyProviderTest - Initialized AES Sensitive Property Provider with key size 192
[main] INFO org.apache.nifi.properties.AESSensitivePropertyProviderTest - Manipulated kTJlioUaq4tNyQo8||C+00Grw5ZnQQEDRqGbh13hTdsMIkDbTuzwRkW2Zmxz4cefF3sEYTbdU to
                                                                                                                     C+00Grw5ZnQQEDRqGbh13hTdsMIkDbTuzwRkW2Zmxz4cefF3sEYTbdU
[main] INFO org.apache.nifi.properties.AESSensitivePropertyProviderTest - [EXPECTED] The cipher text does not contain the delimiter || -- it should be of the form Base64(IV) || Base64(cipherText) for keySize 192 and cipher text [C+00Grw5ZnQQEDRqGbh13hTdsMIkDbTuzwRkW2Zmxz4cefF3sEYTbdU]
[main] INFO org.apache.nifi.properties.AESSensitivePropertyProviderTest - Manipulated kTJlioUaq4tNyQo8||C+00Grw5ZnQQEDRqGbh13hTdsMIkDbTuzwRkW2Zmxz4cefF3sEYTbdU to
                                                                                                                   ||C+00Grw5ZnQQEDRqGbh13hTdsMIkDbTuzwRkW2Zmxz4cefF3sEYTbdU
[main] INFO org.apache.nifi.properties.AESSensitivePropertyProviderTest - [EXPECTED] The IV (0 bytes) must be at least 12 bytes for keySize 192 and cipher text [||C+00Grw5ZnQQEDRqGbh13hTdsMIkDbTuzwRkW2Zmxz4cefF3sEYTbdU]
[main] INFO org.apache.nifi.properties.AESSensitivePropertyProviderTest - Initialized AES Sensitive Property Provider with key size 256
[main] INFO org.apache.nifi.properties.AESSensitivePropertyProviderTest - Manipulated +tmDap+yueUEJI8/||aqwV0nnpl9gASnlp4z4dXSdD+YPUMjvCPNJ7NtOBvp406vEksjV5X+o to
                                                                                                                     aqwV0nnpl9gASnlp4z4dXSdD+YPUMjvCPNJ7NtOBvp406vEksjV5X+o
[main] INFO org.apache.nifi.properties.AESSensitivePropertyProviderTest - [EXPECTED] The cipher text does not contain the delimiter || -- it should be of the form Base64(IV) || Base64(cipherText) for keySize 256 and cipher text [aqwV0nnpl9gASnlp4z4dXSdD+YPUMjvCPNJ7NtOBvp406vEksjV5X+o]
[main] INFO org.apache.nifi.properties.AESSensitivePropertyProviderTest - Manipulated +tmDap+yueUEJI8/||aqwV0nnpl9gASnlp4z4dXSdD+YPUMjvCPNJ7NtOBvp406vEksjV5X+o to
                                                                                                                   ||aqwV0nnpl9gASnlp4z4dXSdD+YPUMjvCPNJ7NtOBvp406vEksjV5X+o
[main] INFO org.apache.nifi.properties.AESSensitivePropertyProviderTest - [EXPECTED] The IV (0 bytes) must be at least 12 bytes for keySize 256 and cipher text [||aqwV0nnpl9gASnlp4z4dXSdD+YPUMjvCPNJ7NtOBvp406vEksjV5X+o]
]]></system-err>
  </testcase>
  <testcase name="testShouldGetIdentifierKeyWithDifferentMaxKeyLengths" classname="org.apache.nifi.properties.AESSensitivePropertyProviderTest" time="0.003">
    <system-err><![CDATA[[main] INFO org.apache.nifi.properties.AESSensitivePropertyProviderTest - Keys: [128:0123456789ABCDEFFEDCBA9876543210, 192:0123456789ABCDEFFEDCBA98765432100123456789ABCDEF, 256:0123456789ABCDEFFEDCBA98765432100123456789ABCDEFFEDCBA9876543210]
[main] INFO org.apache.nifi.properties.AESSensitivePropertyProviderTest - Identifier key: aes/gcm/128 for size 128
[main] INFO org.apache.nifi.properties.AESSensitivePropertyProviderTest - Identifier key: aes/gcm/192 for size 192
[main] INFO org.apache.nifi.properties.AESSensitivePropertyProviderTest - Identifier key: aes/gcm/256 for size 256
]]></system-err>
  </testcase>
  <testcase name="testShouldGetIdentifierKeyWithDifferentMaxKeyLengths" classname="org.apache.nifi.properties.AESSensitivePropertyProviderTest" time="0.001">
    <system-err><![CDATA[[main] INFO org.apache.nifi.properties.AESSensitivePropertyProviderTest - Keys: [128:0123456789ABCDEFFEDCBA9876543210, 192:0123456789ABCDEFFEDCBA98765432100123456789ABCDEF, 256:0123456789ABCDEFFEDCBA98765432100123456789ABCDEFFEDCBA9876543210]
[main] INFO org.apache.nifi.properties.AESSensitivePropertyProviderTest - Identifier key: aes/gcm/128 for size 128
[main] INFO org.apache.nifi.properties.AESSensitivePropertyProviderTest - Identifier key: aes/gcm/192 for size 192
[main] INFO org.apache.nifi.properties.AESSensitivePropertyProviderTest - Identifier key: aes/gcm/256 for size 256
]]></system-err>
  </testcase>
  <testcase name="testShouldHandleProtectEmptyValue" classname="org.apache.nifi.properties.AESSensitivePropertyProviderTest" time="0.005">
    <system-err><![CDATA[[main] INFO org.apache.nifi.properties.AESSensitivePropertyProviderTest - Initialized AES Sensitive Property Provider with key size 128
[main] INFO org.apache.nifi.properties.AESSensitivePropertyProviderTest - [EXPECTED] Cannot encrypt an empty value for keySize 128 and plaintext []
[main] INFO org.apache.nifi.properties.AESSensitivePropertyProviderTest - [EXPECTED] Cannot encrypt an empty value for keySize 128 and plaintext [    ]
[main] INFO org.apache.nifi.properties.AESSensitivePropertyProviderTest - [EXPECTED] Cannot encrypt an empty value for keySize 128 and plaintext [null]
[main] INFO org.apache.nifi.properties.AESSensitivePropertyProviderTest - Initialized AES Sensitive Property Provider with key size 192
[main] INFO org.apache.nifi.properties.AESSensitivePropertyProviderTest - [EXPECTED] Cannot encrypt an empty value for keySize 192 and plaintext []
[main] INFO org.apache.nifi.properties.AESSensitivePropertyProviderTest - [EXPECTED] Cannot encrypt an empty value for keySize 192 and plaintext [    ]
[main] INFO org.apache.nifi.properties.AESSensitivePropertyProviderTest - [EXPECTED] Cannot encrypt an empty value for keySize 192 and plaintext [null]
[main] INFO org.apache.nifi.properties.AESSensitivePropertyProviderTest - Initialized AES Sensitive Property Provider with key size 256
[main] INFO org.apache.nifi.properties.AESSensitivePropertyProviderTest - [EXPECTED] Cannot encrypt an empty value for keySize 256 and plaintext []
[main] INFO org.apache.nifi.properties.AESSensitivePropertyProviderTest - [EXPECTED] Cannot encrypt an empty value for keySize 256 and plaintext [    ]
[main] INFO org.apache.nifi.properties.AESSensitivePropertyProviderTest - [EXPECTED] Cannot encrypt an empty value for keySize 256 and plaintext [null]
]]></system-err>
  </testcase>
  <testcase name="testShouldHandleProtectEmptyValue" classname="org.apache.nifi.properties.AESSensitivePropertyProviderTest" time="0.003">
    <system-err><![CDATA[[main] INFO org.apache.nifi.properties.AESSensitivePropertyProviderTest - Initialized AES Sensitive Property Provider with key size 128
[main] INFO org.apache.nifi.properties.AESSensitivePropertyProviderTest - [EXPECTED] Cannot encrypt an empty value for keySize 128 and plaintext []
[main] INFO org.apache.nifi.properties.AESSensitivePropertyProviderTest - [EXPECTED] Cannot encrypt an empty value for keySize 128 and plaintext [    ]
[main] INFO org.apache.nifi.properties.AESSensitivePropertyProviderTest - [EXPECTED] Cannot encrypt an empty value for keySize 128 and plaintext [null]
[main] INFO org.apache.nifi.properties.AESSensitivePropertyProviderTest - Initialized AES Sensitive Property Provider with key size 192
[main] INFO org.apache.nifi.properties.AESSensitivePropertyProviderTest - [EXPECTED] Cannot encrypt an empty value for keySize 192 and plaintext []
[main] INFO org.apache.nifi.properties.AESSensitivePropertyProviderTest - [EXPECTED] Cannot encrypt an empty value for keySize 192 and plaintext [    ]
[main] INFO org.apache.nifi.properties.AESSensitivePropertyProviderTest - [EXPECTED] Cannot encrypt an empty value for keySize 192 and plaintext [null]
[main] INFO org.apache.nifi.properties.AESSensitivePropertyProviderTest - Initialized AES Sensitive Property Provider with key size 256
[main] INFO org.apache.nifi.properties.AESSensitivePropertyProviderTest - [EXPECTED] Cannot encrypt an empty value for keySize 256 and plaintext []
[main] INFO org.apache.nifi.properties.AESSensitivePropertyProviderTest - [EXPECTED] Cannot encrypt an empty value for keySize 256 and plaintext [    ]
[main] INFO org.apache.nifi.properties.AESSensitivePropertyProviderTest - [EXPECTED] Cannot encrypt an empty value for keySize 256 and plaintext [null]
]]></system-err>
  </testcase>
  <testcase name="testShouldDecryptPaddedValue" classname="org.apache.nifi.properties.AESSensitivePropertyProviderTest" time="0.006">
    <system-err><![CDATA[[main] INFO org.apache.nifi.properties.AESSensitivePropertyProviderTest - Decrypted aYDkDKys1ENr3gp+||sTBPpMlIvHcOLTGZlfWct8r9RY8BuDlDkoaYmGJ/9m9af9tZIVzcnDwvYQAaIKxRGF7vI2yrY7Xd6x9GTDnWGiGiRXlaP458BBMMgfzH2O8 to 0123456789ABCDEFFEDCBA98765432100123456789ABCDEFFEDCBA9876543210
[main] INFO org.apache.nifi.properties.AESSensitivePropertyProviderTest - Decrypted aYDkDKys1ENr3gp+||sTBPpMlIvHcOLTGZlfWct8r9RY8BuDlDkoaYmGJ/9m9af9tZIVzcnDwvYQAaIKxRGF7vI2yrY7Xd6x9GTDnWGiGiRXlaP458BBMMgfzH2O8 to 0123456789ABCDEFFEDCBA98765432100123456789ABCDEFFEDCBA9876543210
]]></system-err>
  </testcase>
  <testcase name="testShouldDecryptPaddedValue" classname="org.apache.nifi.properties.AESSensitivePropertyProviderTest" time="0.001">
    <system-err><![CDATA[[main] INFO org.apache.nifi.properties.AESSensitivePropertyProviderTest - Decrypted aYDkDKys1ENr3gp+||sTBPpMlIvHcOLTGZlfWct8r9RY8BuDlDkoaYmGJ/9m9af9tZIVzcnDwvYQAaIKxRGF7vI2yrY7Xd6x9GTDnWGiGiRXlaP458BBMMgfzH2O8 to 0123456789ABCDEFFEDCBA98765432100123456789ABCDEFFEDCBA9876543210
[main] INFO org.apache.nifi.properties.AESSensitivePropertyProviderTest - Decrypted aYDkDKys1ENr3gp+||sTBPpMlIvHcOLTGZlfWct8r9RY8BuDlDkoaYmGJ/9m9af9tZIVzcnDwvYQAaIKxRGF7vI2yrY7Xd6x9GTDnWGiGiRXlaP458BBMMgfzH2O8 to 0123456789ABCDEFFEDCBA98765432100123456789ABCDEFFEDCBA9876543210
]]></system-err>
  </testcase>
</testsuite>