<?xml version="1.0" encoding="UTF-8"?>
<testsuite xmlns:xsi="http://www.w3.org/2001/XMLSchema-instance" xsi:noNamespaceSchemaLocation="https://maven.apache.org/surefire/maven-surefire-plugin/xsd/surefire-test-report-3.0.xsd" version="3.0" name="org.apache.nifi.processors.kudu.TestPutKudu" time="1.7" tests="29" errors="0" skipped="0" failures="0">
  <properties>
    <property name="sun.desktop" value="gnome"/>
    <property name="awt.toolkit" value="sun.awt.X11.XToolkit"/>
    <property name="file.encoding.pkg" value="sun.io"/>
    <property name="java.specification.version" value="1.8"/>
    <property name="sun.cpu.isalist" value=""/>
    <property name="sun.jnu.encoding" value="UTF-8"/>
    <property name="java.class.path" value="/home/alex/Repositories/nifi/nifi-nar-bundles/nifi-kudu-bundle/nifi-kudu-processors/target/test-classes:/home/alex/Repositories/nifi/nifi-nar-bundles/nifi-kudu-bundle/nifi-kudu-processors/target/classes:/home/alex/Repositories/nifi/nifi-api/target/classes:/home/alex/Repositories/nifi/nifi-nar-bundles/nifi-extension-utils/nifi-processor-utils/target/classes:/home/alex/Repositories/nifi/nifi-commons/nifi-security-socket-ssl/target/classes:/home/alex/.m2/repository/commons-io/commons-io/2.10.0/commons-io-2.10.0.jar:/home/alex/.m2/repository/org/apache/commons/commons-lang3/3.11/commons-lang3-3.11.jar:/home/alex/.m2/repository/com/fasterxml/jackson/core/jackson-databind/2.12.3/jackson-databind-2.12.3.jar:/home/alex/.m2/repository/com/fasterxml/jackson/core/jackson-annotations/2.12.3/jackson-annotations-2.12.3.jar:/home/alex/Repositories/nifi/nifi-nar-bundles/nifi-extension-utils/nifi-event-transport/target/classes:/home/alex/.m2/repository/io/netty/netty-handler/4.1.69.Final/netty-handler-4.1.69.Final.jar:/home/alex/.m2/repository/io/netty/netty-common/4.1.69.Final/netty-common-4.1.69.Final.jar:/home/alex/.m2/repository/io/netty/netty-resolver/4.1.69.Final/netty-resolver-4.1.69.Final.jar:/home/alex/.m2/repository/io/netty/netty-buffer/4.1.69.Final/netty-buffer-4.1.69.Final.jar:/home/alex/.m2/repository/io/netty/netty-transport/4.1.69.Final/netty-transport-4.1.69.Final.jar:/home/alex/.m2/repository/io/netty/netty-codec/4.1.69.Final/netty-codec-4.1.69.Final.jar:/home/alex/Repositories/nifi/nifi-nar-bundles/nifi-standard-services/nifi-kerberos-credentials-service-api/target/classes:/home/alex/Repositories/nifi/nifi-nar-bundles/nifi-standard-services/nifi-kerberos-user-service-api/target/classes:/home/alex/Repositories/nifi/nifi-nar-bundles/nifi-standard-services/nifi-record-serialization-service-api/target/classes:/home/alex/.m2/repository/org/apache/kudu/kudu-client/1.15.0/kudu-client-1.15.0.jar:/home/alex/.m2/repository/com/stumbleupon/async/1.4.1/async-1.4.1.jar:/home/alex/.m2/repository/org/slf4j/slf4j-api/1.7.32/slf4j-api-1.7.32.jar:/home/alex/Repositories/nifi/nifi-commons/nifi-utils/target/classes:/home/alex/Repositories/nifi/nifi-commons/nifi-record/target/classes:/home/alex/Repositories/nifi/nifi-commons/nifi-record-path/target/classes:/home/alex/Repositories/nifi/nifi-commons/nifi-properties/target/classes:/home/alex/Repositories/nifi/nifi-commons/nifi-property-utils/target/classes:/home/alex/Repositories/nifi/nifi-commons/nifi-uuid5/target/classes:/home/alex/.m2/repository/org/antlr/antlr-runtime/3.5.2/antlr-runtime-3.5.2.jar:/home/alex/.m2/repository/com/github/ben-manes/caffeine/caffeine/2.8.1/caffeine-2.8.1.jar:/home/alex/.m2/repository/org/checkerframework/checker-qual/3.1.0/checker-qual-3.1.0.jar:/home/alex/.m2/repository/com/google/errorprone/error_prone_annotations/2.3.4/error_prone_annotations-2.3.4.jar:/home/alex/.m2/repository/commons-codec/commons-codec/1.14/commons-codec-1.14.jar:/home/alex/Repositories/nifi/nifi-commons/nifi-security-kerberos/target/classes:/home/alex/Repositories/nifi/nifi-commons/nifi-security-kerberos-api/target/classes:/home/alex/.m2/repository/org/apache/kudu/kudu-test-utils/1.15.0/kudu-test-utils-1.15.0.jar:/home/alex/.m2/repository/junit/junit/4.13.2/junit-4.13.2.jar:/home/alex/.m2/repository/org/hamcrest/hamcrest/2.2/hamcrest-2.2.jar:/home/alex/Repositories/nifi/nifi-nar-bundles/nifi-extension-utils/nifi-record-utils/nifi-mock-record-utils/target/classes:/home/alex/Repositories/nifi/nifi-mock/target/classes:/home/alex/Repositories/nifi/nifi-framework-api/target/classes:/home/alex/Repositories/nifi/nifi-commons/nifi-parameter/target/classes:/home/alex/Repositories/nifi/nifi-nar-bundles/nifi-framework-bundle/nifi-framework/nifi-framework-core-api/target/classes:/home/alex/Repositories/nifi/nifi-nar-bundles/nifi-framework-bundle/nifi-framework/nifi-framework-nar-utils/target/classes:/home/alex/Repositories/nifi/nifi-nar-bundles/nifi-framework-bundle/nifi-framework/nifi-client-dto/target/classes:/home/alex/.m2/repository/io/swagger/swagger-annotations/1.6.0/swagger-annotations-1.6.0.jar:/home/alex/Repositories/nifi/nifi-commons/nifi-site-to-site-client/target/classes:/home/alex/Repositories/nifi/nifi-commons/nifi-security-utils/target/classes:/home/alex/Repositories/nifi/nifi-commons/nifi-security-utils-api/target/classes:/home/alex/Repositories/nifi/nifi-commons/nifi-security-kms/target/classes:/home/alex/.m2/repository/org/bouncycastle/bcprov-jdk15on/1.69/bcprov-jdk15on-1.69.jar:/home/alex/.m2/repository/org/bouncycastle/bcpkix-jdk15on/1.69/bcpkix-jdk15on-1.69.jar:/home/alex/.m2/repository/org/bouncycastle/bcutil-jdk15on/1.69/bcutil-jdk15on-1.69.jar:/home/alex/.m2/repository/at/favre/lib/bcrypt/0.9.0/bcrypt-0.9.0.jar:/home/alex/.m2/repository/at/favre/lib/bytes/1.3.0/bytes-1.3.0.jar:/home/alex/.m2/repository/org/apache/commons/commons-configuration2/2.7/commons-configuration2-2.7.jar:/home/alex/.m2/repository/org/apache/httpcomponents/httpclient/4.5.5/httpclient-4.5.5.jar:/home/alex/.m2/repository/org/apache/httpcomponents/httpcore/4.4.9/httpcore-4.4.9.jar:/home/alex/.m2/repository/org/apache/httpcomponents/httpasyncclient/4.1.4/httpasyncclient-4.1.4.jar:/home/alex/.m2/repository/org/apache/httpcomponents/httpcore-nio/4.4.10/httpcore-nio-4.4.10.jar:/home/alex/Repositories/nifi/nifi-nar-bundles/nifi-framework-bundle/nifi-framework/nifi-framework-authorization/target/classes:/home/alex/Repositories/nifi/nifi-registry/nifi-registry-core/nifi-registry-data-model/target/classes:/home/alex/.m2/repository/javax/validation/validation-api/2.0.1.Final/validation-api-2.0.1.Final.jar:/home/alex/.m2/repository/javax/ws/rs/javax.ws.rs-api/2.1/javax.ws.rs-api-2.1.jar:/home/alex/Repositories/nifi/nifi-registry/nifi-registry-core/nifi-registry-revision/nifi-registry-revision-entity-model/target/classes:/home/alex/Repositories/nifi/nifi-registry/nifi-registry-core/nifi-registry-client/target/classes:/home/alex/Repositories/nifi/nifi-registry/nifi-registry-core/nifi-registry-security-utils/target/classes:/home/alex/.m2/repository/org/glassfish/jersey/core/jersey-client/2.33/jersey-client-2.33.jar:/home/alex/.m2/repository/jakarta/ws/rs/jakarta.ws.rs-api/2.1.6/jakarta.ws.rs-api-2.1.6.jar:/home/alex/.m2/repository/org/glassfish/hk2/external/jakarta.inject/2.6.1/jakarta.inject-2.6.1.jar:/home/alex/.m2/repository/org/glassfish/jersey/media/jersey-media-json-jackson/2.33/jersey-media-json-jackson-2.33.jar:/home/alex/.m2/repository/org/glassfish/jersey/ext/jersey-entity-filtering/2.33/jersey-entity-filtering-2.33.jar:/home/alex/.m2/repository/com/fasterxml/jackson/module/jackson-module-jaxb-annotations/2.11.3/jackson-module-jaxb-annotations-2.11.3.jar:/home/alex/.m2/repository/jakarta/xml/bind/jakarta.xml.bind-api/2.3.2/jakarta.xml.bind-api-2.3.2.jar:/home/alex/.m2/repository/jakarta/activation/jakarta.activation-api/1.2.1/jakarta.activation-api-1.2.1.jar:/home/alex/.m2/repository/org/glassfish/jersey/inject/jersey-hk2/2.33/jersey-hk2-2.33.jar:/home/alex/.m2/repository/org/glassfish/hk2/hk2-locator/2.6.1/hk2-locator-2.6.1.jar:/home/alex/.m2/repository/org/glassfish/hk2/external/aopalliance-repackaged/2.6.1/aopalliance-repackaged-2.6.1.jar:/home/alex/.m2/repository/org/glassfish/hk2/hk2-api/2.6.1/hk2-api-2.6.1.jar:/home/alex/.m2/repository/org/glassfish/hk2/hk2-utils/2.6.1/hk2-utils-2.6.1.jar:/home/alex/.m2/repository/org/javassist/javassist/3.25.0-GA/javassist-3.25.0-GA.jar:/home/alex/.m2/repository/org/glassfish/jersey/core/jersey-common/2.33/jersey-common-2.33.jar:/home/alex/.m2/repository/jakarta/annotation/jakarta.annotation-api/1.3.5/jakarta.annotation-api-1.3.5.jar:/home/alex/.m2/repository/org/glassfish/hk2/osgi-resource-locator/1.0.3/osgi-resource-locator-1.0.3.jar:/home/alex/.m2/repository/org/glassfish/jersey/media/jersey-media-multipart/2.33/jersey-media-multipart-2.33.jar:/home/alex/.m2/repository/org/jvnet/mimepull/mimepull/1.9.13/mimepull-1.9.13.jar:/home/alex/Repositories/nifi/nifi-commons/nifi-expression-language/target/classes:/home/alex/.m2/repository/com/jayway/jsonpath/json-path/2.6.0/json-path-2.6.0.jar:/home/alex/.m2/repository/net/minidev/json-smart/2.4.7/json-smart-2.4.7.jar:/home/alex/.m2/repository/net/minidev/accessors-smart/2.4.7/accessors-smart-2.4.7.jar:/home/alex/.m2/repository/org/ow2/asm/asm/9.1/asm-9.1.jar:/home/alex/.m2/repository/org/apache/commons/commons-text/1.8/commons-text-1.8.jar:/home/alex/Repositories/nifi/nifi-commons/nifi-data-provenance-utils/target/classes:/home/alex/.m2/repository/com/fasterxml/jackson/core/jackson-core/2.12.3/jackson-core-2.12.3.jar:/home/alex/.m2/repository/org/apache/kudu/kudu-binary/1.15.0/kudu-binary-1.15.0-linux-x86_64.jar:/home/alex/.m2/repository/org/junit/jupiter/junit-jupiter-api/5.7.2/junit-jupiter-api-5.7.2.jar:/home/alex/.m2/repository/org/apiguardian/apiguardian-api/1.1.0/apiguardian-api-1.1.0.jar:/home/alex/.m2/repository/org/opentest4j/opentest4j/1.2.0/opentest4j-1.2.0.jar:/home/alex/.m2/repository/org/junit/platform/junit-platform-commons/1.7.2/junit-platform-commons-1.7.2.jar:/home/alex/.m2/repository/org/junit/jupiter/junit-jupiter-engine/5.7.2/junit-jupiter-engine-5.7.2.jar:/home/alex/.m2/repository/org/junit/platform/junit-platform-engine/1.7.2/junit-platform-engine-1.7.2.jar:/home/alex/.m2/repository/org/junit/vintage/junit-vintage-engine/5.7.2/junit-vintage-engine-5.7.2.jar:/home/alex/.m2/repository/org/junit/jupiter/junit-jupiter-params/5.7.2/junit-jupiter-params-5.7.2.jar:/home/alex/.m2/repository/org/mockito/mockito-core/3.11.2/mockito-core-3.11.2.jar:/home/alex/.m2/repository/net/bytebuddy/byte-buddy/1.11.3/byte-buddy-1.11.3.jar:/home/alex/.m2/repository/net/bytebuddy/byte-buddy-agent/1.11.3/byte-buddy-agent-1.11.3.jar:/home/alex/.m2/repository/org/objenesis/objenesis/3.2/objenesis-3.2.jar:/home/alex/.m2/repository/org/mockito/mockito-junit-jupiter/3.11.2/mockito-junit-jupiter-3.11.2.jar:/home/alex/.m2/repository/org/slf4j/slf4j-simple/1.7.32/slf4j-simple-1.7.32.jar:/home/alex/.m2/repository/org/codehaus/groovy/groovy-test/2.5.14/groovy-test-2.5.14.jar:/home/alex/.m2/repository/org/codehaus/groovy/groovy/2.5.14/groovy-2.5.14.jar:"/>
    <property name="java.vm.vendor" value="Private Build"/>
    <property name="sun.arch.data.model" value="64"/>
    <property name="java.vendor.url" value="http://java.oracle.com/"/>
    <property name="user.timezone" value="Europe/Lisbon"/>
    <property name="java.vm.specification.version" value="1.8"/>
    <property name="os.name" value="Linux"/>
    <property name="user.country" value="US"/>
    <property name="sun.java.launcher" value="SUN_STANDARD"/>
    <property name="sun.boot.library.path" value="/usr/lib/jvm/java-8-openjdk-amd64/jre/lib/amd64"/>
    <property name="sun.java.command" value="/home/alex/Repositories/nifi/nifi-nar-bundles/nifi-kudu-bundle/nifi-kudu-processors/target/surefire/surefirebooter5179766502330664245.jar /home/alex/Repositories/nifi/nifi-nar-bundles/nifi-kudu-bundle/nifi-kudu-processors/target/surefire 2024-05-02T02-02-33_765-jvmRun1 surefire276157529893744248tmp surefire_01001220095561244465tmp"/>
    <property name="surefire.test.class.path" value="/home/alex/Repositories/nifi/nifi-nar-bundles/nifi-kudu-bundle/nifi-kudu-processors/target/test-classes:/home/alex/Repositories/nifi/nifi-nar-bundles/nifi-kudu-bundle/nifi-kudu-processors/target/classes:/home/alex/Repositories/nifi/nifi-api/target/classes:/home/alex/Repositories/nifi/nifi-nar-bundles/nifi-extension-utils/nifi-processor-utils/target/classes:/home/alex/Repositories/nifi/nifi-commons/nifi-security-socket-ssl/target/classes:/home/alex/.m2/repository/commons-io/commons-io/2.10.0/commons-io-2.10.0.jar:/home/alex/.m2/repository/org/apache/commons/commons-lang3/3.11/commons-lang3-3.11.jar:/home/alex/.m2/repository/com/fasterxml/jackson/core/jackson-databind/2.12.3/jackson-databind-2.12.3.jar:/home/alex/.m2/repository/com/fasterxml/jackson/core/jackson-annotations/2.12.3/jackson-annotations-2.12.3.jar:/home/alex/Repositories/nifi/nifi-nar-bundles/nifi-extension-utils/nifi-event-transport/target/classes:/home/alex/.m2/repository/io/netty/netty-handler/4.1.69.Final/netty-handler-4.1.69.Final.jar:/home/alex/.m2/repository/io/netty/netty-common/4.1.69.Final/netty-common-4.1.69.Final.jar:/home/alex/.m2/repository/io/netty/netty-resolver/4.1.69.Final/netty-resolver-4.1.69.Final.jar:/home/alex/.m2/repository/io/netty/netty-buffer/4.1.69.Final/netty-buffer-4.1.69.Final.jar:/home/alex/.m2/repository/io/netty/netty-transport/4.1.69.Final/netty-transport-4.1.69.Final.jar:/home/alex/.m2/repository/io/netty/netty-codec/4.1.69.Final/netty-codec-4.1.69.Final.jar:/home/alex/Repositories/nifi/nifi-nar-bundles/nifi-standard-services/nifi-kerberos-credentials-service-api/target/classes:/home/alex/Repositories/nifi/nifi-nar-bundles/nifi-standard-services/nifi-kerberos-user-service-api/target/classes:/home/alex/Repositories/nifi/nifi-nar-bundles/nifi-standard-services/nifi-record-serialization-service-api/target/classes:/home/alex/.m2/repository/org/apache/kudu/kudu-client/1.15.0/kudu-client-1.15.0.jar:/home/alex/.m2/repository/com/stumbleupon/async/1.4.1/async-1.4.1.jar:/home/alex/.m2/repository/org/slf4j/slf4j-api/1.7.32/slf4j-api-1.7.32.jar:/home/alex/Repositories/nifi/nifi-commons/nifi-utils/target/classes:/home/alex/Repositories/nifi/nifi-commons/nifi-record/target/classes:/home/alex/Repositories/nifi/nifi-commons/nifi-record-path/target/classes:/home/alex/Repositories/nifi/nifi-commons/nifi-properties/target/classes:/home/alex/Repositories/nifi/nifi-commons/nifi-property-utils/target/classes:/home/alex/Repositories/nifi/nifi-commons/nifi-uuid5/target/classes:/home/alex/.m2/repository/org/antlr/antlr-runtime/3.5.2/antlr-runtime-3.5.2.jar:/home/alex/.m2/repository/com/github/ben-manes/caffeine/caffeine/2.8.1/caffeine-2.8.1.jar:/home/alex/.m2/repository/org/checkerframework/checker-qual/3.1.0/checker-qual-3.1.0.jar:/home/alex/.m2/repository/com/google/errorprone/error_prone_annotations/2.3.4/error_prone_annotations-2.3.4.jar:/home/alex/.m2/repository/commons-codec/commons-codec/1.14/commons-codec-1.14.jar:/home/alex/Repositories/nifi/nifi-commons/nifi-security-kerberos/target/classes:/home/alex/Repositories/nifi/nifi-commons/nifi-security-kerberos-api/target/classes:/home/alex/.m2/repository/org/apache/kudu/kudu-test-utils/1.15.0/kudu-test-utils-1.15.0.jar:/home/alex/.m2/repository/junit/junit/4.13.2/junit-4.13.2.jar:/home/alex/.m2/repository/org/hamcrest/hamcrest/2.2/hamcrest-2.2.jar:/home/alex/Repositories/nifi/nifi-nar-bundles/nifi-extension-utils/nifi-record-utils/nifi-mock-record-utils/target/classes:/home/alex/Repositories/nifi/nifi-mock/target/classes:/home/alex/Repositories/nifi/nifi-framework-api/target/classes:/home/alex/Repositories/nifi/nifi-commons/nifi-parameter/target/classes:/home/alex/Repositories/nifi/nifi-nar-bundles/nifi-framework-bundle/nifi-framework/nifi-framework-core-api/target/classes:/home/alex/Repositories/nifi/nifi-nar-bundles/nifi-framework-bundle/nifi-framework/nifi-framework-nar-utils/target/classes:/home/alex/Repositories/nifi/nifi-nar-bundles/nifi-framework-bundle/nifi-framework/nifi-client-dto/target/classes:/home/alex/.m2/repository/io/swagger/swagger-annotations/1.6.0/swagger-annotations-1.6.0.jar:/home/alex/Repositories/nifi/nifi-commons/nifi-site-to-site-client/target/classes:/home/alex/Repositories/nifi/nifi-commons/nifi-security-utils/target/classes:/home/alex/Repositories/nifi/nifi-commons/nifi-security-utils-api/target/classes:/home/alex/Repositories/nifi/nifi-commons/nifi-security-kms/target/classes:/home/alex/.m2/repository/org/bouncycastle/bcprov-jdk15on/1.69/bcprov-jdk15on-1.69.jar:/home/alex/.m2/repository/org/bouncycastle/bcpkix-jdk15on/1.69/bcpkix-jdk15on-1.69.jar:/home/alex/.m2/repository/org/bouncycastle/bcutil-jdk15on/1.69/bcutil-jdk15on-1.69.jar:/home/alex/.m2/repository/at/favre/lib/bcrypt/0.9.0/bcrypt-0.9.0.jar:/home/alex/.m2/repository/at/favre/lib/bytes/1.3.0/bytes-1.3.0.jar:/home/alex/.m2/repository/org/apache/commons/commons-configuration2/2.7/commons-configuration2-2.7.jar:/home/alex/.m2/repository/org/apache/httpcomponents/httpclient/4.5.5/httpclient-4.5.5.jar:/home/alex/.m2/repository/org/apache/httpcomponents/httpcore/4.4.9/httpcore-4.4.9.jar:/home/alex/.m2/repository/org/apache/httpcomponents/httpasyncclient/4.1.4/httpasyncclient-4.1.4.jar:/home/alex/.m2/repository/org/apache/httpcomponents/httpcore-nio/4.4.10/httpcore-nio-4.4.10.jar:/home/alex/Repositories/nifi/nifi-nar-bundles/nifi-framework-bundle/nifi-framework/nifi-framework-authorization/target/classes:/home/alex/Repositories/nifi/nifi-registry/nifi-registry-core/nifi-registry-data-model/target/classes:/home/alex/.m2/repository/javax/validation/validation-api/2.0.1.Final/validation-api-2.0.1.Final.jar:/home/alex/.m2/repository/javax/ws/rs/javax.ws.rs-api/2.1/javax.ws.rs-api-2.1.jar:/home/alex/Repositories/nifi/nifi-registry/nifi-registry-core/nifi-registry-revision/nifi-registry-revision-entity-model/target/classes:/home/alex/Repositories/nifi/nifi-registry/nifi-registry-core/nifi-registry-client/target/classes:/home/alex/Repositories/nifi/nifi-registry/nifi-registry-core/nifi-registry-security-utils/target/classes:/home/alex/.m2/repository/org/glassfish/jersey/core/jersey-client/2.33/jersey-client-2.33.jar:/home/alex/.m2/repository/jakarta/ws/rs/jakarta.ws.rs-api/2.1.6/jakarta.ws.rs-api-2.1.6.jar:/home/alex/.m2/repository/org/glassfish/hk2/external/jakarta.inject/2.6.1/jakarta.inject-2.6.1.jar:/home/alex/.m2/repository/org/glassfish/jersey/media/jersey-media-json-jackson/2.33/jersey-media-json-jackson-2.33.jar:/home/alex/.m2/repository/org/glassfish/jersey/ext/jersey-entity-filtering/2.33/jersey-entity-filtering-2.33.jar:/home/alex/.m2/repository/com/fasterxml/jackson/module/jackson-module-jaxb-annotations/2.11.3/jackson-module-jaxb-annotations-2.11.3.jar:/home/alex/.m2/repository/jakarta/xml/bind/jakarta.xml.bind-api/2.3.2/jakarta.xml.bind-api-2.3.2.jar:/home/alex/.m2/repository/jakarta/activation/jakarta.activation-api/1.2.1/jakarta.activation-api-1.2.1.jar:/home/alex/.m2/repository/org/glassfish/jersey/inject/jersey-hk2/2.33/jersey-hk2-2.33.jar:/home/alex/.m2/repository/org/glassfish/hk2/hk2-locator/2.6.1/hk2-locator-2.6.1.jar:/home/alex/.m2/repository/org/glassfish/hk2/external/aopalliance-repackaged/2.6.1/aopalliance-repackaged-2.6.1.jar:/home/alex/.m2/repository/org/glassfish/hk2/hk2-api/2.6.1/hk2-api-2.6.1.jar:/home/alex/.m2/repository/org/glassfish/hk2/hk2-utils/2.6.1/hk2-utils-2.6.1.jar:/home/alex/.m2/repository/org/javassist/javassist/3.25.0-GA/javassist-3.25.0-GA.jar:/home/alex/.m2/repository/org/glassfish/jersey/core/jersey-common/2.33/jersey-common-2.33.jar:/home/alex/.m2/repository/jakarta/annotation/jakarta.annotation-api/1.3.5/jakarta.annotation-api-1.3.5.jar:/home/alex/.m2/repository/org/glassfish/hk2/osgi-resource-locator/1.0.3/osgi-resource-locator-1.0.3.jar:/home/alex/.m2/repository/org/glassfish/jersey/media/jersey-media-multipart/2.33/jersey-media-multipart-2.33.jar:/home/alex/.m2/repository/org/jvnet/mimepull/mimepull/1.9.13/mimepull-1.9.13.jar:/home/alex/Repositories/nifi/nifi-commons/nifi-expression-language/target/classes:/home/alex/.m2/repository/com/jayway/jsonpath/json-path/2.6.0/json-path-2.6.0.jar:/home/alex/.m2/repository/net/minidev/json-smart/2.4.7/json-smart-2.4.7.jar:/home/alex/.m2/repository/net/minidev/accessors-smart/2.4.7/accessors-smart-2.4.7.jar:/home/alex/.m2/repository/org/ow2/asm/asm/9.1/asm-9.1.jar:/home/alex/.m2/repository/org/apache/commons/commons-text/1.8/commons-text-1.8.jar:/home/alex/Repositories/nifi/nifi-commons/nifi-data-provenance-utils/target/classes:/home/alex/.m2/repository/com/fasterxml/jackson/core/jackson-core/2.12.3/jackson-core-2.12.3.jar:/home/alex/.m2/repository/org/apache/kudu/kudu-binary/1.15.0/kudu-binary-1.15.0-linux-x86_64.jar:/home/alex/.m2/repository/org/junit/jupiter/junit-jupiter-api/5.7.2/junit-jupiter-api-5.7.2.jar:/home/alex/.m2/repository/org/apiguardian/apiguardian-api/1.1.0/apiguardian-api-1.1.0.jar:/home/alex/.m2/repository/org/opentest4j/opentest4j/1.2.0/opentest4j-1.2.0.jar:/home/alex/.m2/repository/org/junit/platform/junit-platform-commons/1.7.2/junit-platform-commons-1.7.2.jar:/home/alex/.m2/repository/org/junit/jupiter/junit-jupiter-engine/5.7.2/junit-jupiter-engine-5.7.2.jar:/home/alex/.m2/repository/org/junit/platform/junit-platform-engine/1.7.2/junit-platform-engine-1.7.2.jar:/home/alex/.m2/repository/org/junit/vintage/junit-vintage-engine/5.7.2/junit-vintage-engine-5.7.2.jar:/home/alex/.m2/repository/org/junit/jupiter/junit-jupiter-params/5.7.2/junit-jupiter-params-5.7.2.jar:/home/alex/.m2/repository/org/mockito/mockito-core/3.11.2/mockito-core-3.11.2.jar:/home/alex/.m2/repository/net/bytebuddy/byte-buddy/1.11.3/byte-buddy-1.11.3.jar:/home/alex/.m2/repository/net/bytebuddy/byte-buddy-agent/1.11.3/byte-buddy-agent-1.11.3.jar:/home/alex/.m2/repository/org/objenesis/objenesis/3.2/objenesis-3.2.jar:/home/alex/.m2/repository/org/mockito/mockito-junit-jupiter/3.11.2/mockito-junit-jupiter-3.11.2.jar:/home/alex/.m2/repository/org/slf4j/slf4j-simple/1.7.32/slf4j-simple-1.7.32.jar:/home/alex/.m2/repository/org/codehaus/groovy/groovy-test/2.5.14/groovy-test-2.5.14.jar:/home/alex/.m2/repository/org/codehaus/groovy/groovy/2.5.14/groovy-2.5.14.jar:"/>
    <property name="sun.cpu.endian" value="little"/>
    <property name="user.home" value="/home/alex"/>
    <property name="user.language" value="en"/>
    <property name="java.specification.vendor" value="Oracle Corporation"/>
    <property name="java.home" value="/usr/lib/jvm/java-8-openjdk-amd64/jre"/>
    <property name="basedir" value="/home/alex/Repositories/nifi/nifi-nar-bundles/nifi-kudu-bundle/nifi-kudu-processors"/>
    <property name="file.separator" value="/"/>
    <property name="line.separator" value="&#10;"/>
    <property name="java.vm.specification.vendor" value="Oracle Corporation"/>
    <property name="java.specification.name" value="Java Platform API Specification"/>
    <property name="java.awt.graphicsenv" value="sun.awt.X11GraphicsEnvironment"/>
    <property name="java.awt.headless" value="true"/>
    <property name="surefire.real.class.path" value="/home/alex/Repositories/nifi/nifi-nar-bundles/nifi-kudu-bundle/nifi-kudu-processors/target/surefire/surefirebooter5179766502330664245.jar"/>
    <property name="sun.boot.class.path" value="/usr/lib/jvm/java-8-openjdk-amd64/jre/lib/resources.jar:/usr/lib/jvm/java-8-openjdk-amd64/jre/lib/rt.jar:/usr/lib/jvm/java-8-openjdk-amd64/jre/lib/sunrsasign.jar:/usr/lib/jvm/java-8-openjdk-amd64/jre/lib/jsse.jar:/usr/lib/jvm/java-8-openjdk-amd64/jre/lib/jce.jar:/usr/lib/jvm/java-8-openjdk-amd64/jre/lib/charsets.jar:/usr/lib/jvm/java-8-openjdk-amd64/jre/lib/jfr.jar:/usr/lib/jvm/java-8-openjdk-amd64/jre/classes"/>
    <property name="sun.management.compiler" value="HotSpot 64-Bit Tiered Compilers"/>
    <property name="java.runtime.version" value="1.8.0_402-8u402-ga-2ubuntu1~22.04-b06"/>
    <property name="java.net.preferIPv4Stack" value="true"/>
    <property name="user.name" value="alex"/>
    <property name="path.separator" value=":"/>
    <property name="os.version" value="6.5.0-28-generic"/>
    <property name="java.endorsed.dirs" value="/usr/lib/jvm/java-8-openjdk-amd64/jre/lib/endorsed"/>
    <property name="java.runtime.name" value="OpenJDK Runtime Environment"/>
    <property name="file.encoding" value="UTF-8"/>
    <property name="java.vm.name" value="OpenJDK 64-Bit Server VM"/>
    <property name="localRepository" value="/home/alex/.m2/repository"/>
    <property name="java.vendor.url.bug" value="http://bugreport.sun.com/bugreport/"/>
    <property name="java.io.tmpdir" value="/tmp"/>
    <property name="java.version" value="1.8.0_402"/>
    <property name="user.dir" value="/home/alex/Repositories/nifi/nifi-nar-bundles/nifi-kudu-bundle/nifi-kudu-processors"/>
    <property name="os.arch" value="amd64"/>
    <property name="java.vm.specification.name" value="Java Virtual Machine Specification"/>
    <property name="java.awt.printerjob" value="sun.print.PSPrinterJob"/>
    <property name="sun.os.patch.level" value="unknown"/>
    <property name="java.library.path" value="/usr/java/packages/lib/amd64:/usr/lib/x86_64-linux-gnu/jni:/lib/x86_64-linux-gnu:/usr/lib/x86_64-linux-gnu:/usr/lib/jni:/lib:/usr/lib"/>
    <property name="java.vm.info" value="mixed mode"/>
    <property name="java.vendor" value="Private Build"/>
    <property name="java.vm.version" value="25.402-b06"/>
    <property name="java.specification.maintenance.version" value="5"/>
    <property name="java.ext.dirs" value="/usr/lib/jvm/java-8-openjdk-amd64/jre/lib/ext:/usr/java/packages/lib/ext"/>
    <property name="sun.io.unicode.encoding" value="UnicodeLittle"/>
    <property name="java.class.version" value="52.0"/>
  </properties>
  <testcase name="testBuildPartialRowLowercaseFields" classname="org.apache.nifi.processors.kudu.TestPutKudu" time="0.644"/>
  <testcase name="testValidSchemaShouldBeSuccessful" classname="org.apache.nifi.processors.kudu.TestPutKudu" time="0.305"/>
  <testcase name="testAddingMissingFieldsWhenHandleSchemaDriftIsAllowed" classname="org.apache.nifi.processors.kudu.TestPutKudu" time="0.056">
    <system-err><![CDATA[[pool-3-thread-1] INFO org.apache.nifi.processors.kudu.MockPutKudu - MockPutKudu[id=15811c77-a344-483f-9e17-97ee29f55125] Adding 6 columns to table 'null' to handle schema drift
]]></system-err>
  </testcase>
  <testcase name="testBuildPartialRowLowercaseFieldsFalse" classname="org.apache.nifi.processors.kudu.TestPutKudu" time="0.001"/>
  <testcase name="testBuildPartialRowNullable" classname="org.apache.nifi.processors.kudu.TestPutKudu" time="0.001"/>
  <testcase name="testBuildPartialRowWithDateDefaultTimeZone" classname="org.apache.nifi.processors.kudu.TestPutKudu" time="0.032"/>
  <testcase name="testBuildPartialRowLowercaseFieldsKuduUpperFail" classname="org.apache.nifi.processors.kudu.TestPutKudu" time="0.002"/>
  <testcase name="testCustomValidate" classname="org.apache.nifi.processors.kudu.TestPutKudu" time="0.024"/>
  <testcase name="testMissingColumnInReader" classname="org.apache.nifi.processors.kudu.TestPutKudu" time="0.041">
    <system-err><![CDATA[[pool-4-thread-1] ERROR org.apache.nifi.processors.kudu.MockPutKudu - MockPutKudu[id=94804a6a-a499-41db-8cbc-427f618b6bd5] Failed to push FlowFile[0,testMissingColumnInReader-1714611755567,7B] to Kudu: java.lang.ArrayIndexOutOfBoundsException: 3
java.lang.ArrayIndexOutOfBoundsException: 3
	at org.apache.nifi.serialization.record.MockRecordParser$1.nextRecord(MockRecordParser.java:106)
	at org.apache.nifi.serialization.RecordReader.nextRecord(RecordReader.java:50)
	at org.apache.nifi.serialization.RecordReader$1.next(RecordReader.java:96)
	at org.apache.nifi.processors.kudu.PutKudu.processRecords(PutKudu.java:432)
	at org.apache.nifi.processors.kudu.PutKudu.processFlowFiles(PutKudu.java:372)
	at org.apache.nifi.processors.kudu.PutKudu.lambda$onTrigger$0(PutKudu.java:351)
	at org.apache.nifi.processors.kudu.MockPutKudu.executeOnKuduClient(MockPutKudu.java:140)
	at org.apache.nifi.processors.kudu.PutKudu.onTrigger(PutKudu.java:351)
	at org.apache.nifi.processor.AbstractProcessor.onTrigger(AbstractProcessor.java:27)
	at org.apache.nifi.util.StandardProcessorTestRunner$RunProcessor.call(StandardProcessorTestRunner.java:284)
	at org.apache.nifi.util.StandardProcessorTestRunner$RunProcessor.call(StandardProcessorTestRunner.java:278)
	at java.util.concurrent.FutureTask.run(FutureTask.java:266)
	at java.util.concurrent.ScheduledThreadPoolExecutor$ScheduledFutureTask.access$201(ScheduledThreadPoolExecutor.java:180)
	at java.util.concurrent.ScheduledThreadPoolExecutor$ScheduledFutureTask.run(ScheduledThreadPoolExecutor.java:293)
	at java.util.concurrent.ThreadPoolExecutor.runWorker(ThreadPoolExecutor.java:1149)
	at java.util.concurrent.ThreadPoolExecutor$Worker.run(ThreadPoolExecutor.java:624)
	at java.lang.Thread.run(Thread.java:750)
[pool-4-thread-1] ERROR org.apache.nifi.processors.kudu.MockPutKudu - MockPutKudu[id=94804a6a-a499-41db-8cbc-427f618b6bd5] Failed to write due to java.lang.ArrayIndexOutOfBoundsException: 3: java.lang.ArrayIndexOutOfBoundsException: 3
java.lang.ArrayIndexOutOfBoundsException: 3
	at org.apache.nifi.serialization.record.MockRecordParser$1.nextRecord(MockRecordParser.java:106)
	at org.apache.nifi.serialization.RecordReader.nextRecord(RecordReader.java:50)
	at org.apache.nifi.serialization.RecordReader$1.next(RecordReader.java:96)
	at org.apache.nifi.processors.kudu.PutKudu.processRecords(PutKudu.java:432)
	at org.apache.nifi.processors.kudu.PutKudu.processFlowFiles(PutKudu.java:372)
	at org.apache.nifi.processors.kudu.PutKudu.lambda$onTrigger$0(PutKudu.java:351)
	at org.apache.nifi.processors.kudu.MockPutKudu.executeOnKuduClient(MockPutKudu.java:140)
	at org.apache.nifi.processors.kudu.PutKudu.onTrigger(PutKudu.java:351)
	at org.apache.nifi.processor.AbstractProcessor.onTrigger(AbstractProcessor.java:27)
	at org.apache.nifi.util.StandardProcessorTestRunner$RunProcessor.call(StandardProcessorTestRunner.java:284)
	at org.apache.nifi.util.StandardProcessorTestRunner$RunProcessor.call(StandardProcessorTestRunner.java:278)
	at java.util.concurrent.FutureTask.run(FutureTask.java:266)
	at java.util.concurrent.ScheduledThreadPoolExecutor$ScheduledFutureTask.access$201(ScheduledThreadPoolExecutor.java:180)
	at java.util.concurrent.ScheduledThreadPoolExecutor$ScheduledFutureTask.run(ScheduledThreadPoolExecutor.java:293)
	at java.util.concurrent.ThreadPoolExecutor.runWorker(ThreadPoolExecutor.java:1149)
	at java.util.concurrent.ThreadPoolExecutor$Worker.run(ThreadPoolExecutor.java:624)
	at java.lang.Thread.run(Thread.java:750)
]]></system-err>
  </testcase>
  <testcase name="testKuduPartialFailuresOnAutoFlushBackground" classname="org.apache.nifi.processors.kudu.TestPutKudu" time="0.209">
    <system-err><![CDATA[[pool-5-thread-1] ERROR org.apache.nifi.processors.kudu.MockPutKudu - MockPutKudu[id=a4c9e64a-9b43-47c9-a8ae-b7ae4e6fc94b] Failed to write due to Mock for RowError, hashCode: 636929401
[pool-5-thread-1] ERROR org.apache.nifi.processors.kudu.MockPutKudu - MockPutKudu[id=a4c9e64a-9b43-47c9-a8ae-b7ae4e6fc94b] Failed to write due to Mock for RowError, hashCode: 1217703262
[pool-5-thread-1] ERROR org.apache.nifi.processors.kudu.MockPutKudu - MockPutKudu[id=a4c9e64a-9b43-47c9-a8ae-b7ae4e6fc94b] Failed to push FlowFile[3,92175633596599.mockFlowFile,0B] to Kudu: Mock for KuduException, hashCode: 1900289110
[pool-5-thread-1] ERROR org.apache.nifi.processors.kudu.MockPutKudu - MockPutKudu[id=a4c9e64a-9b43-47c9-a8ae-b7ae4e6fc94b] Failed to write due to Mock for KuduException, hashCode: 1900289110: Mock for KuduException, hashCode: 1900289110
[pool-6-thread-1] ERROR org.apache.nifi.processors.kudu.MockPutKudu - MockPutKudu[id=7c66321d-9ddb-4478-88d2-bc12fc0734a3] Failed to write due to Mock for RowError, hashCode: 274324332
[pool-6-thread-1] ERROR org.apache.nifi.processors.kudu.MockPutKudu - MockPutKudu[id=7c66321d-9ddb-4478-88d2-bc12fc0734a3] Failed to write due to Mock for RowError, hashCode: 1722937160
[pool-6-thread-1] ERROR org.apache.nifi.processors.kudu.MockPutKudu - MockPutKudu[id=7c66321d-9ddb-4478-88d2-bc12fc0734a3] Failed to push FlowFile[3,92175650354758.mockFlowFile,0B] to Kudu: Mock for KuduException, hashCode: 853239805
[pool-6-thread-1] ERROR org.apache.nifi.processors.kudu.MockPutKudu - MockPutKudu[id=7c66321d-9ddb-4478-88d2-bc12fc0734a3] Failed to write due to Mock for KuduException, hashCode: 853239805: Mock for KuduException, hashCode: 853239805
[pool-7-thread-1] ERROR org.apache.nifi.processors.kudu.MockPutKudu - MockPutKudu[id=b566771c-4d3b-4a5a-8848-562a25f8742c] Failed to write due to Mock for RowError, hashCode: 1675738621
[pool-7-thread-1] ERROR org.apache.nifi.processors.kudu.MockPutKudu - MockPutKudu[id=b566771c-4d3b-4a5a-8848-562a25f8742c] Failed to write due to Mock for RowError, hashCode: 1801152203
[pool-7-thread-1] ERROR org.apache.nifi.processors.kudu.MockPutKudu - MockPutKudu[id=b566771c-4d3b-4a5a-8848-562a25f8742c] Failed to push FlowFile[3,92175663163834.mockFlowFile,0B] to Kudu: Mock for KuduException, hashCode: 752111066
[pool-7-thread-1] ERROR org.apache.nifi.processors.kudu.MockPutKudu - MockPutKudu[id=b566771c-4d3b-4a5a-8848-562a25f8742c] Failed to write due to Mock for KuduException, hashCode: 752111066: Mock for KuduException, hashCode: 752111066
[pool-8-thread-1] ERROR org.apache.nifi.processors.kudu.MockPutKudu - MockPutKudu[id=ede78b55-9e53-440e-ba38-0d0e70f59e31] Failed to push FlowFile[3,92175674975949.mockFlowFile,0B] to Kudu: Mock for KuduException, hashCode: 329371782
[pool-8-thread-1] ERROR org.apache.nifi.processors.kudu.MockPutKudu - MockPutKudu[id=ede78b55-9e53-440e-ba38-0d0e70f59e31] Failed to write due to Mock for RowError, hashCode: 671681696
[pool-8-thread-1] ERROR org.apache.nifi.processors.kudu.MockPutKudu - MockPutKudu[id=ede78b55-9e53-440e-ba38-0d0e70f59e31] Failed to write due to Mock for RowError, hashCode: 46985805
[pool-8-thread-1] ERROR org.apache.nifi.processors.kudu.MockPutKudu - MockPutKudu[id=ede78b55-9e53-440e-ba38-0d0e70f59e31] Failed to write due to Mock for KuduException, hashCode: 329371782: Mock for KuduException, hashCode: 329371782
[pool-9-thread-1] ERROR org.apache.nifi.processors.kudu.MockPutKudu - MockPutKudu[id=98f11bb3-afe5-4717-acfb-9b1d5d1a86e3] Failed to push FlowFile[3,92175686089920.mockFlowFile,0B] to Kudu: Mock for KuduException, hashCode: 1773929376
[pool-9-thread-1] ERROR org.apache.nifi.processors.kudu.MockPutKudu - MockPutKudu[id=98f11bb3-afe5-4717-acfb-9b1d5d1a86e3] Failed to write due to Mock for RowError, hashCode: 1474895786
[pool-9-thread-1] ERROR org.apache.nifi.processors.kudu.MockPutKudu - MockPutKudu[id=98f11bb3-afe5-4717-acfb-9b1d5d1a86e3] Failed to write due to Mock for RowError, hashCode: 35668281
[pool-9-thread-1] ERROR org.apache.nifi.processors.kudu.MockPutKudu - MockPutKudu[id=98f11bb3-afe5-4717-acfb-9b1d5d1a86e3] Failed to write due to Mock for KuduException, hashCode: 1773929376: Mock for KuduException, hashCode: 1773929376
[pool-10-thread-1] ERROR org.apache.nifi.processors.kudu.MockPutKudu - MockPutKudu[id=9d0da457-d870-4e8b-98fd-70501d03255b] Failed to push FlowFile[3,92175697501630.mockFlowFile,0B] to Kudu: Mock for KuduException, hashCode: 1922268292
[pool-10-thread-1] ERROR org.apache.nifi.processors.kudu.MockPutKudu - MockPutKudu[id=9d0da457-d870-4e8b-98fd-70501d03255b] Failed to write due to Mock for RowError, hashCode: 1631338674
[pool-10-thread-1] ERROR org.apache.nifi.processors.kudu.MockPutKudu - MockPutKudu[id=9d0da457-d870-4e8b-98fd-70501d03255b] Failed to write due to Mock for RowError, hashCode: 1535896590
[pool-10-thread-1] ERROR org.apache.nifi.processors.kudu.MockPutKudu - MockPutKudu[id=9d0da457-d870-4e8b-98fd-70501d03255b] Failed to write due to Mock for KuduException, hashCode: 1922268292: Mock for KuduException, hashCode: 1922268292
[pool-11-thread-1] ERROR org.apache.nifi.processors.kudu.MockPutKudu - MockPutKudu[id=40cd634d-3f29-411d-ac98-3f163bb63173] Failed to push FlowFile[3,92175705587947.mockFlowFile,0B] to Kudu: Mock for KuduException, hashCode: 967852585
[pool-11-thread-1] ERROR org.apache.nifi.processors.kudu.MockPutKudu - MockPutKudu[id=40cd634d-3f29-411d-ac98-3f163bb63173] Failed to write due to Mock for RowError, hashCode: 1107690061
[pool-11-thread-1] ERROR org.apache.nifi.processors.kudu.MockPutKudu - MockPutKudu[id=40cd634d-3f29-411d-ac98-3f163bb63173] Failed to write due to Mock for RowError, hashCode: 1899156096
[pool-11-thread-1] ERROR org.apache.nifi.processors.kudu.MockPutKudu - MockPutKudu[id=40cd634d-3f29-411d-ac98-3f163bb63173] Failed to write due to Mock for KuduException, hashCode: 967852585: Mock for KuduException, hashCode: 967852585
[pool-12-thread-1] ERROR org.apache.nifi.processors.kudu.MockPutKudu - MockPutKudu[id=2ca4c081-9cf7-4227-b5e4-840acc1dc8b0] Failed to push FlowFile[3,92175712329187.mockFlowFile,0B] to Kudu: Mock for KuduException, hashCode: 617251155
[pool-12-thread-1] ERROR org.apache.nifi.processors.kudu.MockPutKudu - MockPutKudu[id=2ca4c081-9cf7-4227-b5e4-840acc1dc8b0] Failed to write due to Mock for RowError, hashCode: 897228796
[pool-12-thread-1] ERROR org.apache.nifi.processors.kudu.MockPutKudu - MockPutKudu[id=2ca4c081-9cf7-4227-b5e4-840acc1dc8b0] Failed to write due to Mock for RowError, hashCode: 1026819452
[pool-12-thread-1] ERROR org.apache.nifi.processors.kudu.MockPutKudu - MockPutKudu[id=2ca4c081-9cf7-4227-b5e4-840acc1dc8b0] Failed to write due to Mock for KuduException, hashCode: 617251155: Mock for KuduException, hashCode: 617251155
[pool-13-thread-1] ERROR org.apache.nifi.processors.kudu.MockPutKudu - MockPutKudu[id=b22eb876-4c4f-4f9b-a7e8-bdf1c9a042e9] Failed to push FlowFile[3,92175719167761.mockFlowFile,0B] to Kudu: Mock for KuduException, hashCode: 1907112164
[pool-13-thread-1] ERROR org.apache.nifi.processors.kudu.MockPutKudu - MockPutKudu[id=b22eb876-4c4f-4f9b-a7e8-bdf1c9a042e9] Failed to write due to Mock for RowError, hashCode: 657140399
[pool-13-thread-1] ERROR org.apache.nifi.processors.kudu.MockPutKudu - MockPutKudu[id=b22eb876-4c4f-4f9b-a7e8-bdf1c9a042e9] Failed to write due to Mock for RowError, hashCode: 330358304
[pool-13-thread-1] ERROR org.apache.nifi.processors.kudu.MockPutKudu - MockPutKudu[id=b22eb876-4c4f-4f9b-a7e8-bdf1c9a042e9] Failed to write due to Mock for KuduException, hashCode: 1907112164: Mock for KuduException, hashCode: 1907112164
[pool-14-thread-1] ERROR org.apache.nifi.processors.kudu.MockPutKudu - MockPutKudu[id=e865852e-1372-46a6-ba78-bd70785b2b3b] Failed to push FlowFile[3,92175725656263.mockFlowFile,0B] to Kudu: Mock for KuduException, hashCode: 1339550361
[pool-14-thread-1] ERROR org.apache.nifi.processors.kudu.MockPutKudu - MockPutKudu[id=e865852e-1372-46a6-ba78-bd70785b2b3b] Failed to write due to Mock for RowError, hashCode: 2113608758
[pool-14-thread-1] ERROR org.apache.nifi.processors.kudu.MockPutKudu - MockPutKudu[id=e865852e-1372-46a6-ba78-bd70785b2b3b] Failed to write due to Mock for RowError, hashCode: 1320060233
[pool-14-thread-1] ERROR org.apache.nifi.processors.kudu.MockPutKudu - MockPutKudu[id=e865852e-1372-46a6-ba78-bd70785b2b3b] Failed to write due to Mock for KuduException, hashCode: 1339550361: Mock for KuduException, hashCode: 1339550361
[pool-15-thread-1] ERROR org.apache.nifi.processors.kudu.MockPutKudu - MockPutKudu[id=0fd111a0-869c-4b01-bc28-d999787c5a2c] Failed to push FlowFile[3,92175732422927.mockFlowFile,0B] to Kudu: Mock for KuduException, hashCode: 673910842
[pool-15-thread-1] ERROR org.apache.nifi.processors.kudu.MockPutKudu - MockPutKudu[id=0fd111a0-869c-4b01-bc28-d999787c5a2c] Failed to write due to Mock for RowError, hashCode: 624412950
[pool-15-thread-1] ERROR org.apache.nifi.processors.kudu.MockPutKudu - MockPutKudu[id=0fd111a0-869c-4b01-bc28-d999787c5a2c] Failed to write due to Mock for RowError, hashCode: 960797855
[pool-15-thread-1] ERROR org.apache.nifi.processors.kudu.MockPutKudu - MockPutKudu[id=0fd111a0-869c-4b01-bc28-d999787c5a2c] Failed to write due to Mock for KuduException, hashCode: 673910842: Mock for KuduException, hashCode: 673910842
]]></system-err>
  </testcase>
  <testcase name="testBuildPartialRowLowercaseFieldsKuduUpper" classname="org.apache.nifi.processors.kudu.TestPutKudu" time="0.001"/>
  <testcase name="testDeleteFlowFiles" classname="org.apache.nifi.processors.kudu.TestPutKudu" time="0.107"/>
  <testcase name="testBuildRow" classname="org.apache.nifi.processors.kudu.TestPutKudu" time="0.001"/>
  <testcase name="testBuildPartialRowWithDate" classname="org.apache.nifi.processors.kudu.TestPutKudu" time="0.001"/>
  <testcase name="testInsecureClient" classname="org.apache.nifi.processors.kudu.TestPutKudu" time="0.003"/>
  <testcase name="testUpdateFlowFiles" classname="org.apache.nifi.processors.kudu.TestPutKudu" time="0.035"/>
  <testcase name="testBuildPartialRowNullPrimaryKey" classname="org.apache.nifi.processors.kudu.TestPutKudu" time="0.001"/>
  <testcase name="testBuildPartialRowWithDateString" classname="org.apache.nifi.processors.kudu.TestPutKudu" time="0"/>
  <testcase name="testReadAsStringAndWriteAsInt" classname="org.apache.nifi.processors.kudu.TestPutKudu" time="0.002"/>
  <testcase name="testBuildPartialRowNotNullable" classname="org.apache.nifi.processors.kudu.TestPutKudu" time="0.001"/>
  <testcase name="testUpsertFlowFiles" classname="org.apache.nifi.processors.kudu.TestPutKudu" time="0.031"/>
  <testcase name="testKuduPartialFailuresOnManualFlush" classname="org.apache.nifi.processors.kudu.TestPutKudu" time="0.062">
    <system-err><![CDATA[[pool-22-thread-1] ERROR org.apache.nifi.processors.kudu.MockPutKudu - MockPutKudu[id=ee821b50-401a-440f-a5ca-2bf968489e9d] Failed to write due to Mock for RowError, hashCode: 708544090
[pool-22-thread-1] ERROR org.apache.nifi.processors.kudu.MockPutKudu - MockPutKudu[id=ee821b50-401a-440f-a5ca-2bf968489e9d] Failed to write due to Mock for RowError, hashCode: 1242855701
[pool-22-thread-1] ERROR org.apache.nifi.processors.kudu.MockPutKudu - MockPutKudu[id=ee821b50-401a-440f-a5ca-2bf968489e9d] Failed to push FlowFile[3,92175927855150.mockFlowFile,0B] to Kudu: Mock for KuduException, hashCode: 1808247338
[pool-22-thread-1] ERROR org.apache.nifi.processors.kudu.MockPutKudu - MockPutKudu[id=ee821b50-401a-440f-a5ca-2bf968489e9d] Failed to write due to Mock for KuduException, hashCode: 1808247338: Mock for KuduException, hashCode: 1808247338
[pool-23-thread-1] ERROR org.apache.nifi.processors.kudu.MockPutKudu - MockPutKudu[id=91877cae-64e4-4762-93ef-77aea7840b64] Failed to write due to Mock for RowError, hashCode: 2144489021
[pool-23-thread-1] ERROR org.apache.nifi.processors.kudu.MockPutKudu - MockPutKudu[id=91877cae-64e4-4762-93ef-77aea7840b64] Failed to write due to Mock for RowError, hashCode: 132915170
[pool-23-thread-1] ERROR org.apache.nifi.processors.kudu.MockPutKudu - MockPutKudu[id=91877cae-64e4-4762-93ef-77aea7840b64] Failed to push FlowFile[3,92175936639128.mockFlowFile,0B] to Kudu: Mock for KuduException, hashCode: 717068907
[pool-23-thread-1] ERROR org.apache.nifi.processors.kudu.MockPutKudu - MockPutKudu[id=91877cae-64e4-4762-93ef-77aea7840b64] Failed to write due to Mock for KuduException, hashCode: 717068907: Mock for KuduException, hashCode: 717068907
[pool-24-thread-1] ERROR org.apache.nifi.processors.kudu.MockPutKudu - MockPutKudu[id=5b44875a-1477-4cc5-9a30-24f7ff3c4de9] Failed to write due to Mock for RowError, hashCode: 546942821
[pool-24-thread-1] ERROR org.apache.nifi.processors.kudu.MockPutKudu - MockPutKudu[id=5b44875a-1477-4cc5-9a30-24f7ff3c4de9] Failed to write due to Mock for RowError, hashCode: 1524828082
[pool-24-thread-1] ERROR org.apache.nifi.processors.kudu.MockPutKudu - MockPutKudu[id=5b44875a-1477-4cc5-9a30-24f7ff3c4de9] Failed to push FlowFile[3,92175943872659.mockFlowFile,0B] to Kudu: Mock for KuduException, hashCode: 1709514143
[pool-24-thread-1] ERROR org.apache.nifi.processors.kudu.MockPutKudu - MockPutKudu[id=5b44875a-1477-4cc5-9a30-24f7ff3c4de9] Failed to write due to Mock for KuduException, hashCode: 1709514143: Mock for KuduException, hashCode: 1709514143
[pool-25-thread-1] ERROR org.apache.nifi.processors.kudu.MockPutKudu - MockPutKudu[id=b417b2bd-7e01-45ec-b95b-1b2a7dadd3c0] Failed to push FlowFile[3,92175949649991.mockFlowFile,0B] to Kudu: Mock for KuduException, hashCode: 138170549
[pool-25-thread-1] ERROR org.apache.nifi.processors.kudu.MockPutKudu - MockPutKudu[id=b417b2bd-7e01-45ec-b95b-1b2a7dadd3c0] Failed to write due to Mock for RowError, hashCode: 1832033807
[pool-25-thread-1] ERROR org.apache.nifi.processors.kudu.MockPutKudu - MockPutKudu[id=b417b2bd-7e01-45ec-b95b-1b2a7dadd3c0] Failed to write due to Mock for RowError, hashCode: 320128947
[pool-25-thread-1] ERROR org.apache.nifi.processors.kudu.MockPutKudu - MockPutKudu[id=b417b2bd-7e01-45ec-b95b-1b2a7dadd3c0] Failed to write due to Mock for KuduException, hashCode: 138170549: Mock for KuduException, hashCode: 138170549
[pool-26-thread-1] ERROR org.apache.nifi.processors.kudu.MockPutKudu - MockPutKudu[id=4f2aff3a-87bb-4571-a656-92d170537a09] Failed to push FlowFile[3,92175954234216.mockFlowFile,0B] to Kudu: Mock for KuduException, hashCode: 33248968
[pool-26-thread-1] ERROR org.apache.nifi.processors.kudu.MockPutKudu - MockPutKudu[id=4f2aff3a-87bb-4571-a656-92d170537a09] Failed to write due to Mock for RowError, hashCode: 270168311
[pool-26-thread-1] ERROR org.apache.nifi.processors.kudu.MockPutKudu - MockPutKudu[id=4f2aff3a-87bb-4571-a656-92d170537a09] Failed to write due to Mock for RowError, hashCode: 859670503
[pool-26-thread-1] ERROR org.apache.nifi.processors.kudu.MockPutKudu - MockPutKudu[id=4f2aff3a-87bb-4571-a656-92d170537a09] Failed to write due to Mock for KuduException, hashCode: 33248968: Mock for KuduException, hashCode: 33248968
[pool-27-thread-1] ERROR org.apache.nifi.processors.kudu.MockPutKudu - MockPutKudu[id=1ef3cab8-07ae-47a9-8594-c0ce09901404] Failed to push FlowFile[3,92175958695116.mockFlowFile,0B] to Kudu: Mock for KuduException, hashCode: 575760254
[pool-27-thread-1] ERROR org.apache.nifi.processors.kudu.MockPutKudu - MockPutKudu[id=1ef3cab8-07ae-47a9-8594-c0ce09901404] Failed to write due to Mock for RowError, hashCode: 1897455717
[pool-27-thread-1] ERROR org.apache.nifi.processors.kudu.MockPutKudu - MockPutKudu[id=1ef3cab8-07ae-47a9-8594-c0ce09901404] Failed to write due to Mock for RowError, hashCode: 53549636
[pool-27-thread-1] ERROR org.apache.nifi.processors.kudu.MockPutKudu - MockPutKudu[id=1ef3cab8-07ae-47a9-8594-c0ce09901404] Failed to write due to Mock for KuduException, hashCode: 575760254: Mock for KuduException, hashCode: 575760254
[pool-28-thread-1] ERROR org.apache.nifi.processors.kudu.MockPutKudu - MockPutKudu[id=4b88196d-2dd1-4483-a3fa-44ef1207b4a6] Failed to push FlowFile[3,92175963244123.mockFlowFile,0B] to Kudu: Mock for KuduException, hashCode: 840052214
[pool-28-thread-1] ERROR org.apache.nifi.processors.kudu.MockPutKudu - MockPutKudu[id=4b88196d-2dd1-4483-a3fa-44ef1207b4a6] Failed to write due to Mock for RowError, hashCode: 1894615292
[pool-28-thread-1] ERROR org.apache.nifi.processors.kudu.MockPutKudu - MockPutKudu[id=4b88196d-2dd1-4483-a3fa-44ef1207b4a6] Failed to write due to Mock for RowError, hashCode: 856408761
[pool-28-thread-1] ERROR org.apache.nifi.processors.kudu.MockPutKudu - MockPutKudu[id=4b88196d-2dd1-4483-a3fa-44ef1207b4a6] Failed to write due to Mock for KuduException, hashCode: 840052214: Mock for KuduException, hashCode: 840052214
[pool-29-thread-1] ERROR org.apache.nifi.processors.kudu.MockPutKudu - MockPutKudu[id=5cf00fda-a310-4272-b354-5d24e9c92108] Failed to push FlowFile[3,92175967864950.mockFlowFile,0B] to Kudu: Mock for KuduException, hashCode: 918921745
[pool-29-thread-1] ERROR org.apache.nifi.processors.kudu.MockPutKudu - MockPutKudu[id=5cf00fda-a310-4272-b354-5d24e9c92108] Failed to write due to Mock for RowError, hashCode: 1939603524
[pool-29-thread-1] ERROR org.apache.nifi.processors.kudu.MockPutKudu - MockPutKudu[id=5cf00fda-a310-4272-b354-5d24e9c92108] Failed to write due to Mock for RowError, hashCode: 2085473790
[pool-29-thread-1] ERROR org.apache.nifi.processors.kudu.MockPutKudu - MockPutKudu[id=5cf00fda-a310-4272-b354-5d24e9c92108] Failed to write due to Mock for KuduException, hashCode: 918921745: Mock for KuduException, hashCode: 918921745
[pool-30-thread-1] ERROR org.apache.nifi.processors.kudu.MockPutKudu - MockPutKudu[id=c4b14d0d-8d8d-461d-b993-b33cec82f564] Failed to push FlowFile[3,92175972209293.mockFlowFile,0B] to Kudu: Mock for KuduException, hashCode: 149553549
[pool-30-thread-1] ERROR org.apache.nifi.processors.kudu.MockPutKudu - MockPutKudu[id=c4b14d0d-8d8d-461d-b993-b33cec82f564] Failed to write due to Mock for RowError, hashCode: 2126345023
[pool-30-thread-1] ERROR org.apache.nifi.processors.kudu.MockPutKudu - MockPutKudu[id=c4b14d0d-8d8d-461d-b993-b33cec82f564] Failed to write due to Mock for RowError, hashCode: 1789845512
[pool-30-thread-1] ERROR org.apache.nifi.processors.kudu.MockPutKudu - MockPutKudu[id=c4b14d0d-8d8d-461d-b993-b33cec82f564] Failed to write due to Mock for KuduException, hashCode: 149553549: Mock for KuduException, hashCode: 149553549
[pool-31-thread-1] ERROR org.apache.nifi.processors.kudu.MockPutKudu - MockPutKudu[id=6df8b83a-306c-4a94-b437-989408cfe6b3] Failed to push FlowFile[3,92175976749674.mockFlowFile,0B] to Kudu: Mock for KuduException, hashCode: 1116630922
[pool-31-thread-1] ERROR org.apache.nifi.processors.kudu.MockPutKudu - MockPutKudu[id=6df8b83a-306c-4a94-b437-989408cfe6b3] Failed to write due to Mock for RowError, hashCode: 174781241
[pool-31-thread-1] ERROR org.apache.nifi.processors.kudu.MockPutKudu - MockPutKudu[id=6df8b83a-306c-4a94-b437-989408cfe6b3] Failed to write due to Mock for RowError, hashCode: 300527880
[pool-31-thread-1] ERROR org.apache.nifi.processors.kudu.MockPutKudu - MockPutKudu[id=6df8b83a-306c-4a94-b437-989408cfe6b3] Failed to write due to Mock for KuduException, hashCode: 1116630922: Mock for KuduException, hashCode: 1116630922
[pool-32-thread-1] ERROR org.apache.nifi.processors.kudu.MockPutKudu - MockPutKudu[id=ed3f1548-b102-4cfc-bd71-6c4b313f2699] Failed to push FlowFile[3,92175981551150.mockFlowFile,0B] to Kudu: Mock for KuduException, hashCode: 1841263428
[pool-32-thread-1] ERROR org.apache.nifi.processors.kudu.MockPutKudu - MockPutKudu[id=ed3f1548-b102-4cfc-bd71-6c4b313f2699] Failed to write due to Mock for RowError, hashCode: 454211063
[pool-32-thread-1] ERROR org.apache.nifi.processors.kudu.MockPutKudu - MockPutKudu[id=ed3f1548-b102-4cfc-bd71-6c4b313f2699] Failed to write due to Mock for RowError, hashCode: 973602714
[pool-32-thread-1] ERROR org.apache.nifi.processors.kudu.MockPutKudu - MockPutKudu[id=ed3f1548-b102-4cfc-bd71-6c4b313f2699] Failed to write due to Mock for KuduException, hashCode: 1841263428: Mock for KuduException, hashCode: 1841263428
]]></system-err>
  </testcase>
  <testcase name="testInsertManyFlowFiles" classname="org.apache.nifi.processors.kudu.TestPutKudu" time="0.011"/>
  <testcase name="testKerberosEnabled" classname="org.apache.nifi.processors.kudu.TestPutKudu" time="0.003"/>
  <testcase name="testBuildPartialRowVarCharTooLong" classname="org.apache.nifi.processors.kudu.TestPutKudu" time="0"/>
  <testcase name="testMalformedRecordExceptionFromReaderShouldRouteToFailure" classname="org.apache.nifi.processors.kudu.TestPutKudu" time="0.02">
    <system-err><![CDATA[[pool-36-thread-1] ERROR org.apache.nifi.processors.kudu.MockPutKudu - MockPutKudu[id=92849811-fd17-4004-a391-4377948e5ce1] Failed to push FlowFile[0,testMalformedRecordExceptionShouldRouteToFailure-1714611756096,7B] to Kudu: java.lang.NullPointerException
java.lang.NullPointerException
	at org.apache.nifi.processors.kudu.PutKudu.processRecords(PutKudu.java:432)
	at org.apache.nifi.processors.kudu.PutKudu.processFlowFiles(PutKudu.java:372)
	at org.apache.nifi.processors.kudu.PutKudu.lambda$onTrigger$0(PutKudu.java:351)
	at org.apache.nifi.processors.kudu.MockPutKudu.executeOnKuduClient(MockPutKudu.java:140)
	at org.apache.nifi.processors.kudu.PutKudu.onTrigger(PutKudu.java:351)
	at org.apache.nifi.processor.AbstractProcessor.onTrigger(AbstractProcessor.java:27)
	at org.apache.nifi.util.StandardProcessorTestRunner$RunProcessor.call(StandardProcessorTestRunner.java:284)
	at org.apache.nifi.util.StandardProcessorTestRunner$RunProcessor.call(StandardProcessorTestRunner.java:278)
	at java.util.concurrent.FutureTask.run(FutureTask.java:266)
	at java.util.concurrent.ScheduledThreadPoolExecutor$ScheduledFutureTask.access$201(ScheduledThreadPoolExecutor.java:180)
	at java.util.concurrent.ScheduledThreadPoolExecutor$ScheduledFutureTask.run(ScheduledThreadPoolExecutor.java:293)
	at java.util.concurrent.ThreadPoolExecutor.runWorker(ThreadPoolExecutor.java:1149)
	at java.util.concurrent.ThreadPoolExecutor$Worker.run(ThreadPoolExecutor.java:624)
	at java.lang.Thread.run(Thread.java:750)
[pool-36-thread-1] ERROR org.apache.nifi.processors.kudu.MockPutKudu - MockPutKudu[id=92849811-fd17-4004-a391-4377948e5ce1] Failed to write due to java.lang.NullPointerException: java.lang.NullPointerException
java.lang.NullPointerException
	at org.apache.nifi.processors.kudu.PutKudu.processRecords(PutKudu.java:432)
	at org.apache.nifi.processors.kudu.PutKudu.processFlowFiles(PutKudu.java:372)
	at org.apache.nifi.processors.kudu.PutKudu.lambda$onTrigger$0(PutKudu.java:351)
	at org.apache.nifi.processors.kudu.MockPutKudu.executeOnKuduClient(MockPutKudu.java:140)
	at org.apache.nifi.processors.kudu.PutKudu.onTrigger(PutKudu.java:351)
	at org.apache.nifi.processor.AbstractProcessor.onTrigger(AbstractProcessor.java:27)
	at org.apache.nifi.util.StandardProcessorTestRunner$RunProcessor.call(StandardProcessorTestRunner.java:284)
	at org.apache.nifi.util.StandardProcessorTestRunner$RunProcessor.call(StandardProcessorTestRunner.java:278)
	at java.util.concurrent.FutureTask.run(FutureTask.java:266)
	at java.util.concurrent.ScheduledThreadPoolExecutor$ScheduledFutureTask.access$201(ScheduledThreadPoolExecutor.java:180)
	at java.util.concurrent.ScheduledThreadPoolExecutor$ScheduledFutureTask.run(ScheduledThreadPoolExecutor.java:293)
	at java.util.concurrent.ThreadPoolExecutor.runWorker(ThreadPoolExecutor.java:1149)
	at java.util.concurrent.ThreadPoolExecutor$Worker.run(ThreadPoolExecutor.java:624)
	at java.lang.Thread.run(Thread.java:750)
]]></system-err>
  </testcase>
  <testcase name="testInvalidReaderShouldRouteToFailure" classname="org.apache.nifi.processors.kudu.TestPutKudu" time="0.005">
    <system-err><![CDATA[[pool-37-thread-1] ERROR org.apache.nifi.processors.kudu.MockPutKudu - MockPutKudu[id=c9555134-aa0b-4389-86fe-fed2b3730633] Failed to push FlowFile[0,testInvalidAvroShouldRouteToFailure-1714611756102,7B] to Kudu: java.io.IOException: NOT AVRO
java.io.IOException: NOT AVRO
	at org.apache.nifi.processors.kudu.PutKudu.processRecords(PutKudu.java:413)
	at org.apache.nifi.processors.kudu.PutKudu.processFlowFiles(PutKudu.java:372)
	at org.apache.nifi.processors.kudu.PutKudu.lambda$onTrigger$0(PutKudu.java:351)
	at org.apache.nifi.processors.kudu.MockPutKudu.executeOnKuduClient(MockPutKudu.java:140)
	at org.apache.nifi.processors.kudu.PutKudu.onTrigger(PutKudu.java:351)
	at org.apache.nifi.processor.AbstractProcessor.onTrigger(AbstractProcessor.java:27)
	at org.apache.nifi.util.StandardProcessorTestRunner$RunProcessor.call(StandardProcessorTestRunner.java:284)
	at org.apache.nifi.util.StandardProcessorTestRunner$RunProcessor.call(StandardProcessorTestRunner.java:278)
	at java.util.concurrent.FutureTask.run(FutureTask.java:266)
	at java.util.concurrent.ScheduledThreadPoolExecutor$ScheduledFutureTask.access$201(ScheduledThreadPoolExecutor.java:180)
	at java.util.concurrent.ScheduledThreadPoolExecutor$ScheduledFutureTask.run(ScheduledThreadPoolExecutor.java:293)
	at java.util.concurrent.ThreadPoolExecutor.runWorker(ThreadPoolExecutor.java:1149)
	at java.util.concurrent.ThreadPoolExecutor$Worker.run(ThreadPoolExecutor.java:624)
	at java.lang.Thread.run(Thread.java:750)
[pool-37-thread-1] ERROR org.apache.nifi.processors.kudu.MockPutKudu - MockPutKudu[id=c9555134-aa0b-4389-86fe-fed2b3730633] Failed to write due to java.io.IOException: NOT AVRO: java.io.IOException: NOT AVRO
java.io.IOException: NOT AVRO
	at org.apache.nifi.processors.kudu.PutKudu.processRecords(PutKudu.java:413)
	at org.apache.nifi.processors.kudu.PutKudu.processFlowFiles(PutKudu.java:372)
	at org.apache.nifi.processors.kudu.PutKudu.lambda$onTrigger$0(PutKudu.java:351)
	at org.apache.nifi.processors.kudu.MockPutKudu.executeOnKuduClient(MockPutKudu.java:140)
	at org.apache.nifi.processors.kudu.PutKudu.onTrigger(PutKudu.java:351)
	at org.apache.nifi.processor.AbstractProcessor.onTrigger(AbstractProcessor.java:27)
	at org.apache.nifi.util.StandardProcessorTestRunner$RunProcessor.call(StandardProcessorTestRunner.java:284)
	at org.apache.nifi.util.StandardProcessorTestRunner$RunProcessor.call(StandardProcessorTestRunner.java:278)
	at java.util.concurrent.FutureTask.run(FutureTask.java:266)
	at java.util.concurrent.ScheduledThreadPoolExecutor$ScheduledFutureTask.access$201(ScheduledThreadPoolExecutor.java:180)
	at java.util.concurrent.ScheduledThreadPoolExecutor$ScheduledFutureTask.run(ScheduledThreadPoolExecutor.java:293)
	at java.util.concurrent.ThreadPoolExecutor.runWorker(ThreadPoolExecutor.java:1149)
	at java.util.concurrent.ThreadPoolExecutor$Worker.run(ThreadPoolExecutor.java:624)
	at java.lang.Thread.run(Thread.java:750)
]]></system-err>
  </testcase>
  <testcase name="testWriteKuduWithDefaults" classname="org.apache.nifi.processors.kudu.TestPutKudu" time="0.007"/>
  <testcase name="testKuduPartialFailuresOnAutoFlushSync" classname="org.apache.nifi.processors.kudu.TestPutKudu" time="0.074">
    <system-err><![CDATA[[pool-39-thread-1] ERROR org.apache.nifi.processors.kudu.MockPutKudu - MockPutKudu[id=38ff519e-541b-46db-bf92-e7aa7e507406] Failed to write due to Mock for RowError, hashCode: 1791310487
[pool-39-thread-1] ERROR org.apache.nifi.processors.kudu.MockPutKudu - MockPutKudu[id=38ff519e-541b-46db-bf92-e7aa7e507406] Failed to write due to Mock for RowError, hashCode: 1228427242
[pool-39-thread-1] ERROR org.apache.nifi.processors.kudu.MockPutKudu - MockPutKudu[id=38ff519e-541b-46db-bf92-e7aa7e507406] Failed to push FlowFile[3,92176036275132.mockFlowFile,0B] to Kudu: Mock for KuduException, hashCode: 400133199
[pool-39-thread-1] ERROR org.apache.nifi.processors.kudu.MockPutKudu - MockPutKudu[id=38ff519e-541b-46db-bf92-e7aa7e507406] Failed to write due to Mock for KuduException, hashCode: 400133199: Mock for KuduException, hashCode: 400133199
[pool-40-thread-1] ERROR org.apache.nifi.processors.kudu.MockPutKudu - MockPutKudu[id=441fa576-04af-4469-96d5-aa914414c5a8] Failed to write due to Mock for RowError, hashCode: 884600127
[pool-40-thread-1] ERROR org.apache.nifi.processors.kudu.MockPutKudu - MockPutKudu[id=441fa576-04af-4469-96d5-aa914414c5a8] Failed to write due to Mock for RowError, hashCode: 1397801540
[pool-40-thread-1] ERROR org.apache.nifi.processors.kudu.MockPutKudu - MockPutKudu[id=441fa576-04af-4469-96d5-aa914414c5a8] Failed to push FlowFile[3,92176043928525.mockFlowFile,0B] to Kudu: Mock for KuduException, hashCode: 1079583889
[pool-40-thread-1] ERROR org.apache.nifi.processors.kudu.MockPutKudu - MockPutKudu[id=441fa576-04af-4469-96d5-aa914414c5a8] Failed to write due to Mock for KuduException, hashCode: 1079583889: Mock for KuduException, hashCode: 1079583889
[pool-41-thread-1] ERROR org.apache.nifi.processors.kudu.MockPutKudu - MockPutKudu[id=156d18a7-8a56-4175-bef6-73599fe4fdc5] Failed to write due to Mock for RowError, hashCode: 933064436
[pool-41-thread-1] ERROR org.apache.nifi.processors.kudu.MockPutKudu - MockPutKudu[id=156d18a7-8a56-4175-bef6-73599fe4fdc5] Failed to write due to Mock for RowError, hashCode: 1729280477
[pool-41-thread-1] ERROR org.apache.nifi.processors.kudu.MockPutKudu - MockPutKudu[id=156d18a7-8a56-4175-bef6-73599fe4fdc5] Failed to push FlowFile[3,92176050726700.mockFlowFile,0B] to Kudu: Mock for KuduException, hashCode: 337172508
[pool-41-thread-1] ERROR org.apache.nifi.processors.kudu.MockPutKudu - MockPutKudu[id=156d18a7-8a56-4175-bef6-73599fe4fdc5] Failed to write due to Mock for KuduException, hashCode: 337172508: Mock for KuduException, hashCode: 337172508
[pool-42-thread-1] ERROR org.apache.nifi.processors.kudu.MockPutKudu - MockPutKudu[id=9c8e7dea-8d99-4903-8296-3b3dda0805a9] Failed to push FlowFile[3,92176058554408.mockFlowFile,0B] to Kudu: Mock for KuduException, hashCode: 660798262
[pool-42-thread-1] ERROR org.apache.nifi.processors.kudu.MockPutKudu - MockPutKudu[id=9c8e7dea-8d99-4903-8296-3b3dda0805a9] Failed to write due to Mock for RowError, hashCode: 932886764
[pool-42-thread-1] ERROR org.apache.nifi.processors.kudu.MockPutKudu - MockPutKudu[id=9c8e7dea-8d99-4903-8296-3b3dda0805a9] Failed to write due to Mock for RowError, hashCode: 819969530
[pool-42-thread-1] ERROR org.apache.nifi.processors.kudu.MockPutKudu - MockPutKudu[id=9c8e7dea-8d99-4903-8296-3b3dda0805a9] Failed to write due to Mock for KuduException, hashCode: 660798262: Mock for KuduException, hashCode: 660798262
[pool-43-thread-1] ERROR org.apache.nifi.processors.kudu.MockPutKudu - MockPutKudu[id=01ced022-7573-4f7e-a86a-90198321724a] Failed to push FlowFile[3,92176063449608.mockFlowFile,0B] to Kudu: Mock for KuduException, hashCode: 747187094
[pool-43-thread-1] ERROR org.apache.nifi.processors.kudu.MockPutKudu - MockPutKudu[id=01ced022-7573-4f7e-a86a-90198321724a] Failed to write due to Mock for RowError, hashCode: 829149895
[pool-43-thread-1] ERROR org.apache.nifi.processors.kudu.MockPutKudu - MockPutKudu[id=01ced022-7573-4f7e-a86a-90198321724a] Failed to write due to Mock for RowError, hashCode: 1355564432
[pool-43-thread-1] ERROR org.apache.nifi.processors.kudu.MockPutKudu - MockPutKudu[id=01ced022-7573-4f7e-a86a-90198321724a] Failed to write due to Mock for KuduException, hashCode: 747187094: Mock for KuduException, hashCode: 747187094
[pool-44-thread-1] ERROR org.apache.nifi.processors.kudu.MockPutKudu - MockPutKudu[id=a3653dd5-57db-4797-a923-6bceabe86402] Failed to push FlowFile[3,92176068242317.mockFlowFile,0B] to Kudu: Mock for KuduException, hashCode: 201568697
[pool-44-thread-1] ERROR org.apache.nifi.processors.kudu.MockPutKudu - MockPutKudu[id=a3653dd5-57db-4797-a923-6bceabe86402] Failed to write due to Mock for RowError, hashCode: 1305427114
[pool-44-thread-1] ERROR org.apache.nifi.processors.kudu.MockPutKudu - MockPutKudu[id=a3653dd5-57db-4797-a923-6bceabe86402] Failed to write due to Mock for RowError, hashCode: 1426460659
[pool-44-thread-1] ERROR org.apache.nifi.processors.kudu.MockPutKudu - MockPutKudu[id=a3653dd5-57db-4797-a923-6bceabe86402] Failed to write due to Mock for KuduException, hashCode: 201568697: Mock for KuduException, hashCode: 201568697
[pool-45-thread-1] ERROR org.apache.nifi.processors.kudu.MockPutKudu - MockPutKudu[id=8c357670-b251-4460-8551-a360085d3b00] Failed to push FlowFile[3,92176080874608.mockFlowFile,0B] to Kudu: Mock for KuduException, hashCode: 1497801131
[pool-45-thread-1] ERROR org.apache.nifi.processors.kudu.MockPutKudu - MockPutKudu[id=8c357670-b251-4460-8551-a360085d3b00] Failed to write due to Mock for RowError, hashCode: 417677630
[pool-45-thread-1] ERROR org.apache.nifi.processors.kudu.MockPutKudu - MockPutKudu[id=8c357670-b251-4460-8551-a360085d3b00] Failed to write due to Mock for RowError, hashCode: 1596077060
[pool-45-thread-1] ERROR org.apache.nifi.processors.kudu.MockPutKudu - MockPutKudu[id=8c357670-b251-4460-8551-a360085d3b00] Failed to write due to Mock for KuduException, hashCode: 1497801131: Mock for KuduException, hashCode: 1497801131
[pool-46-thread-1] ERROR org.apache.nifi.processors.kudu.MockPutKudu - MockPutKudu[id=3a4a3e24-fb66-42ed-ac76-c1f7d1c37a4c] Failed to push FlowFile[3,92176086881843.mockFlowFile,0B] to Kudu: Mock for KuduException, hashCode: 2024186095
[pool-46-thread-1] ERROR org.apache.nifi.processors.kudu.MockPutKudu - MockPutKudu[id=3a4a3e24-fb66-42ed-ac76-c1f7d1c37a4c] Failed to write due to Mock for RowError, hashCode: 940695022
[pool-46-thread-1] ERROR org.apache.nifi.processors.kudu.MockPutKudu - MockPutKudu[id=3a4a3e24-fb66-42ed-ac76-c1f7d1c37a4c] Failed to write due to Mock for RowError, hashCode: 840001635
[pool-46-thread-1] ERROR org.apache.nifi.processors.kudu.MockPutKudu - MockPutKudu[id=3a4a3e24-fb66-42ed-ac76-c1f7d1c37a4c] Failed to write due to Mock for KuduException, hashCode: 2024186095: Mock for KuduException, hashCode: 2024186095
[pool-47-thread-1] ERROR org.apache.nifi.processors.kudu.MockPutKudu - MockPutKudu[id=df06ada9-96a3-4b86-bce5-ac5d4d310a95] Failed to push FlowFile[3,92176092171430.mockFlowFile,0B] to Kudu: Mock for KuduException, hashCode: 1822634367
[pool-47-thread-1] ERROR org.apache.nifi.processors.kudu.MockPutKudu - MockPutKudu[id=df06ada9-96a3-4b86-bce5-ac5d4d310a95] Failed to write due to Mock for RowError, hashCode: 1049872780
[pool-47-thread-1] ERROR org.apache.nifi.processors.kudu.MockPutKudu - MockPutKudu[id=df06ada9-96a3-4b86-bce5-ac5d4d310a95] Failed to write due to Mock for RowError, hashCode: 317799154
[pool-47-thread-1] ERROR org.apache.nifi.processors.kudu.MockPutKudu - MockPutKudu[id=df06ada9-96a3-4b86-bce5-ac5d4d310a95] Failed to write due to Mock for KuduException, hashCode: 1822634367: Mock for KuduException, hashCode: 1822634367
[pool-48-thread-1] ERROR org.apache.nifi.processors.kudu.MockPutKudu - MockPutKudu[id=a449fe92-03d1-45b7-859c-458e5e5c5583] Failed to push FlowFile[3,92176097913444.mockFlowFile,0B] to Kudu: Mock for KuduException, hashCode: 100686038
[pool-48-thread-1] ERROR org.apache.nifi.processors.kudu.MockPutKudu - MockPutKudu[id=a449fe92-03d1-45b7-859c-458e5e5c5583] Failed to write due to Mock for RowError, hashCode: 855545176
[pool-48-thread-1] ERROR org.apache.nifi.processors.kudu.MockPutKudu - MockPutKudu[id=a449fe92-03d1-45b7-859c-458e5e5c5583] Failed to write due to Mock for RowError, hashCode: 941977023
[pool-48-thread-1] ERROR org.apache.nifi.processors.kudu.MockPutKudu - MockPutKudu[id=a449fe92-03d1-45b7-859c-458e5e5c5583] Failed to write due to Mock for KuduException, hashCode: 100686038: Mock for KuduException, hashCode: 100686038
[pool-49-thread-1] ERROR org.apache.nifi.processors.kudu.MockPutKudu - MockPutKudu[id=b05b663f-f85a-4bf8-9326-308c714801c5] Failed to push FlowFile[3,92176103466697.mockFlowFile,0B] to Kudu: Mock for KuduException, hashCode: 831073939
[pool-49-thread-1] ERROR org.apache.nifi.processors.kudu.MockPutKudu - MockPutKudu[id=b05b663f-f85a-4bf8-9326-308c714801c5] Failed to write due to Mock for RowError, hashCode: 1590201146
[pool-49-thread-1] ERROR org.apache.nifi.processors.kudu.MockPutKudu - MockPutKudu[id=b05b663f-f85a-4bf8-9326-308c714801c5] Failed to write due to Mock for RowError, hashCode: 2013795977
[pool-49-thread-1] ERROR org.apache.nifi.processors.kudu.MockPutKudu - MockPutKudu[id=b05b663f-f85a-4bf8-9326-308c714801c5] Failed to write due to Mock for KuduException, hashCode: 831073939: Mock for KuduException, hashCode: 831073939
]]></system-err>
  </testcase>
</testsuite>