<?xml version="1.0" encoding="UTF-8"?>
<testsuite xmlns:xsi="http://www.w3.org/2001/XMLSchema-instance" xsi:noNamespaceSchemaLocation="https://maven.apache.org/surefire/maven-surefire-plugin/xsd/surefire-test-report-3.0.xsd" version="3.0" name="org.apache.nifi.processors.cassandra.PutCassandraQLTest" time="0.492" tests="12" errors="0" skipped="0" failures="0">
  <properties>
    <property name="sun.desktop" value="gnome"/>
    <property name="awt.toolkit" value="sun.awt.X11.XToolkit"/>
    <property name="file.encoding.pkg" value="sun.io"/>
    <property name="java.specification.version" value="1.8"/>
    <property name="sun.cpu.isalist" value=""/>
    <property name="sun.jnu.encoding" value="UTF-8"/>
    <property name="java.class.path" value="/home/alex/Repositories/nifi/nifi-nar-bundles/nifi-cassandra-bundle/nifi-cassandra-processors/target/test-classes:/home/alex/Repositories/nifi/nifi-nar-bundles/nifi-cassandra-bundle/nifi-cassandra-processors/target/classes:/home/alex/Repositories/nifi/nifi-api/target/classes:/home/alex/Repositories/nifi/nifi-nar-bundles/nifi-extension-utils/nifi-processor-utils/target/classes:/home/alex/Repositories/nifi/nifi-commons/nifi-utils/target/classes:/home/alex/Repositories/nifi/nifi-commons/nifi-security-socket-ssl/target/classes:/home/alex/.m2/repository/commons-io/commons-io/2.10.0/commons-io-2.10.0.jar:/home/alex/.m2/repository/org/apache/commons/commons-lang3/3.11/commons-lang3-3.11.jar:/home/alex/.m2/repository/com/fasterxml/jackson/core/jackson-databind/2.12.3/jackson-databind-2.12.3.jar:/home/alex/.m2/repository/com/fasterxml/jackson/core/jackson-annotations/2.12.3/jackson-annotations-2.12.3.jar:/home/alex/.m2/repository/com/fasterxml/jackson/core/jackson-core/2.12.3/jackson-core-2.12.3.jar:/home/alex/Repositories/nifi/nifi-nar-bundles/nifi-extension-utils/nifi-event-transport/target/classes:/home/alex/Repositories/nifi/nifi-commons/nifi-properties/target/classes:/home/alex/Repositories/nifi/nifi-commons/nifi-property-utils/target/classes:/home/alex/.m2/repository/com/datastax/cassandra/cassandra-driver-core/3.10.2/cassandra-driver-core-3.10.2.jar:/home/alex/.m2/repository/io/netty/netty-handler/4.0.56.Final/netty-handler-4.0.56.Final.jar:/home/alex/.m2/repository/io/netty/netty-buffer/4.0.56.Final/netty-buffer-4.0.56.Final.jar:/home/alex/.m2/repository/io/netty/netty-common/4.0.56.Final/netty-common-4.0.56.Final.jar:/home/alex/.m2/repository/io/netty/netty-transport/4.0.56.Final/netty-transport-4.0.56.Final.jar:/home/alex/.m2/repository/io/netty/netty-codec/4.0.56.Final/netty-codec-4.0.56.Final.jar:/home/alex/.m2/repository/com/google/guava/guava/19.0/guava-19.0.jar:/home/alex/.m2/repository/io/dropwizard/metrics/metrics-core/3.2.2/metrics-core-3.2.2.jar:/home/alex/.m2/repository/org/slf4j/slf4j-api/1.7.32/slf4j-api-1.7.32.jar:/home/alex/.m2/repository/com/github/jnr/jnr-ffi/2.1.7/jnr-ffi-2.1.7.jar:/home/alex/.m2/repository/com/github/jnr/jffi/1.2.16/jffi-1.2.16.jar:/home/alex/.m2/repository/com/github/jnr/jffi/1.2.16/jffi-1.2.16-native.jar:/home/alex/.m2/repository/org/ow2/asm/asm/5.0.3/asm-5.0.3.jar:/home/alex/.m2/repository/org/ow2/asm/asm-commons/5.0.3/asm-commons-5.0.3.jar:/home/alex/.m2/repository/org/ow2/asm/asm-analysis/5.0.3/asm-analysis-5.0.3.jar:/home/alex/.m2/repository/org/ow2/asm/asm-tree/5.0.3/asm-tree-5.0.3.jar:/home/alex/.m2/repository/org/ow2/asm/asm-util/5.0.3/asm-util-5.0.3.jar:/home/alex/.m2/repository/com/github/jnr/jnr-x86asm/1.0.2/jnr-x86asm-1.0.2.jar:/home/alex/.m2/repository/com/github/jnr/jnr-posix/3.0.44/jnr-posix-3.0.44.jar:/home/alex/.m2/repository/com/github/jnr/jnr-constants/0.9.9/jnr-constants-0.9.9.jar:/home/alex/.m2/repository/com/datastax/cassandra/cassandra-driver-extras/3.10.2/cassandra-driver-extras-3.10.2.jar:/home/alex/Repositories/nifi/nifi-nar-bundles/nifi-standard-services/nifi-ssl-context-service-api/target/classes:/home/alex/Repositories/nifi/nifi-commons/nifi-security-utils-api/target/classes:/home/alex/.m2/repository/org/apache/avro/avro/1.8.1/avro-1.8.1.jar:/home/alex/.m2/repository/org/codehaus/jackson/jackson-core-asl/1.9.13/jackson-core-asl-1.9.13.jar:/home/alex/.m2/repository/org/codehaus/jackson/jackson-mapper-asl/1.9.13/jackson-mapper-asl-1.9.13.jar:/home/alex/.m2/repository/com/thoughtworks/paranamer/paranamer/2.7/paranamer-2.7.jar:/home/alex/.m2/repository/org/xerial/snappy/snappy-java/1.1.1.3/snappy-java-1.1.1.3.jar:/home/alex/.m2/repository/org/apache/commons/commons-compress/1.21/commons-compress-1.21.jar:/home/alex/.m2/repository/org/tukaani/xz/1.5/xz-1.5.jar:/home/alex/Repositories/nifi/nifi-nar-bundles/nifi-cassandra-bundle/nifi-cassandra-services-api/target/classes:/home/alex/Repositories/nifi/nifi-nar-bundles/nifi-cassandra-bundle/nifi-cassandra-services/target/classes:/home/alex/Repositories/nifi/nifi-nar-bundles/nifi-standard-services/nifi-record-serialization-service-api/target/classes:/home/alex/Repositories/nifi/nifi-commons/nifi-record/target/classes:/home/alex/Repositories/nifi/nifi-mock/target/classes:/home/alex/Repositories/nifi/nifi-framework-api/target/classes:/home/alex/Repositories/nifi/nifi-commons/nifi-parameter/target/classes:/home/alex/Repositories/nifi/nifi-nar-bundles/nifi-framework-bundle/nifi-framework/nifi-framework-core-api/target/classes:/home/alex/Repositories/nifi/nifi-nar-bundles/nifi-framework-bundle/nifi-framework/nifi-framework-nar-utils/target/classes:/home/alex/Repositories/nifi/nifi-nar-bundles/nifi-framework-bundle/nifi-framework/nifi-client-dto/target/classes:/home/alex/.m2/repository/io/swagger/swagger-annotations/1.6.0/swagger-annotations-1.6.0.jar:/home/alex/Repositories/nifi/nifi-commons/nifi-site-to-site-client/target/classes:/home/alex/Repositories/nifi/nifi-commons/nifi-security-utils/target/classes:/home/alex/Repositories/nifi/nifi-commons/nifi-security-kms/target/classes:/home/alex/.m2/repository/org/bouncycastle/bcprov-jdk15on/1.69/bcprov-jdk15on-1.69.jar:/home/alex/.m2/repository/org/bouncycastle/bcpkix-jdk15on/1.69/bcpkix-jdk15on-1.69.jar:/home/alex/.m2/repository/org/bouncycastle/bcutil-jdk15on/1.69/bcutil-jdk15on-1.69.jar:/home/alex/.m2/repository/at/favre/lib/bcrypt/0.9.0/bcrypt-0.9.0.jar:/home/alex/.m2/repository/at/favre/lib/bytes/1.3.0/bytes-1.3.0.jar:/home/alex/.m2/repository/org/apache/commons/commons-configuration2/2.7/commons-configuration2-2.7.jar:/home/alex/.m2/repository/org/apache/httpcomponents/httpclient/4.5.5/httpclient-4.5.5.jar:/home/alex/.m2/repository/org/apache/httpcomponents/httpcore/4.4.9/httpcore-4.4.9.jar:/home/alex/.m2/repository/org/apache/httpcomponents/httpasyncclient/4.1.4/httpasyncclient-4.1.4.jar:/home/alex/.m2/repository/org/apache/httpcomponents/httpcore-nio/4.4.10/httpcore-nio-4.4.10.jar:/home/alex/Repositories/nifi/nifi-nar-bundles/nifi-framework-bundle/nifi-framework/nifi-framework-authorization/target/classes:/home/alex/Repositories/nifi/nifi-registry/nifi-registry-core/nifi-registry-data-model/target/classes:/home/alex/.m2/repository/javax/validation/validation-api/2.0.1.Final/validation-api-2.0.1.Final.jar:/home/alex/.m2/repository/javax/ws/rs/javax.ws.rs-api/2.1/javax.ws.rs-api-2.1.jar:/home/alex/Repositories/nifi/nifi-registry/nifi-registry-core/nifi-registry-revision/nifi-registry-revision-entity-model/target/classes:/home/alex/Repositories/nifi/nifi-registry/nifi-registry-core/nifi-registry-client/target/classes:/home/alex/Repositories/nifi/nifi-registry/nifi-registry-core/nifi-registry-security-utils/target/classes:/home/alex/.m2/repository/org/glassfish/jersey/core/jersey-client/2.33/jersey-client-2.33.jar:/home/alex/.m2/repository/jakarta/ws/rs/jakarta.ws.rs-api/2.1.6/jakarta.ws.rs-api-2.1.6.jar:/home/alex/.m2/repository/org/glassfish/hk2/external/jakarta.inject/2.6.1/jakarta.inject-2.6.1.jar:/home/alex/.m2/repository/org/glassfish/jersey/media/jersey-media-json-jackson/2.33/jersey-media-json-jackson-2.33.jar:/home/alex/.m2/repository/org/glassfish/jersey/ext/jersey-entity-filtering/2.33/jersey-entity-filtering-2.33.jar:/home/alex/.m2/repository/com/fasterxml/jackson/module/jackson-module-jaxb-annotations/2.11.3/jackson-module-jaxb-annotations-2.11.3.jar:/home/alex/.m2/repository/jakarta/xml/bind/jakarta.xml.bind-api/2.3.2/jakarta.xml.bind-api-2.3.2.jar:/home/alex/.m2/repository/jakarta/activation/jakarta.activation-api/1.2.1/jakarta.activation-api-1.2.1.jar:/home/alex/.m2/repository/org/glassfish/jersey/inject/jersey-hk2/2.33/jersey-hk2-2.33.jar:/home/alex/.m2/repository/org/glassfish/hk2/hk2-locator/2.6.1/hk2-locator-2.6.1.jar:/home/alex/.m2/repository/org/glassfish/hk2/external/aopalliance-repackaged/2.6.1/aopalliance-repackaged-2.6.1.jar:/home/alex/.m2/repository/org/glassfish/hk2/hk2-api/2.6.1/hk2-api-2.6.1.jar:/home/alex/.m2/repository/org/glassfish/hk2/hk2-utils/2.6.1/hk2-utils-2.6.1.jar:/home/alex/.m2/repository/org/javassist/javassist/3.25.0-GA/javassist-3.25.0-GA.jar:/home/alex/.m2/repository/org/glassfish/jersey/core/jersey-common/2.33/jersey-common-2.33.jar:/home/alex/.m2/repository/jakarta/annotation/jakarta.annotation-api/1.3.5/jakarta.annotation-api-1.3.5.jar:/home/alex/.m2/repository/org/glassfish/hk2/osgi-resource-locator/1.0.3/osgi-resource-locator-1.0.3.jar:/home/alex/.m2/repository/org/glassfish/jersey/media/jersey-media-multipart/2.33/jersey-media-multipart-2.33.jar:/home/alex/.m2/repository/org/jvnet/mimepull/mimepull/1.9.13/mimepull-1.9.13.jar:/home/alex/Repositories/nifi/nifi-commons/nifi-expression-language/target/classes:/home/alex/.m2/repository/org/antlr/antlr-runtime/3.5.2/antlr-runtime-3.5.2.jar:/home/alex/Repositories/nifi/nifi-commons/nifi-uuid5/target/classes:/home/alex/.m2/repository/com/jayway/jsonpath/json-path/2.6.0/json-path-2.6.0.jar:/home/alex/.m2/repository/net/minidev/json-smart/2.4.7/json-smart-2.4.7.jar:/home/alex/.m2/repository/net/minidev/accessors-smart/2.4.7/accessors-smart-2.4.7.jar:/home/alex/.m2/repository/commons-codec/commons-codec/1.14/commons-codec-1.14.jar:/home/alex/Repositories/nifi/nifi-commons/nifi-data-provenance-utils/target/classes:/home/alex/Repositories/nifi/nifi-nar-bundles/nifi-extension-utils/nifi-record-utils/nifi-mock-record-utils/target/classes:/home/alex/.m2/repository/org/apache/commons/commons-text/1.8/commons-text-1.8.jar:/home/alex/.m2/repository/org/junit/jupiter/junit-jupiter-api/5.7.2/junit-jupiter-api-5.7.2.jar:/home/alex/.m2/repository/org/apiguardian/apiguardian-api/1.1.0/apiguardian-api-1.1.0.jar:/home/alex/.m2/repository/org/opentest4j/opentest4j/1.2.0/opentest4j-1.2.0.jar:/home/alex/.m2/repository/org/junit/platform/junit-platform-commons/1.7.2/junit-platform-commons-1.7.2.jar:/home/alex/.m2/repository/org/junit/jupiter/junit-jupiter-engine/5.7.2/junit-jupiter-engine-5.7.2.jar:/home/alex/.m2/repository/org/junit/platform/junit-platform-engine/1.7.2/junit-platform-engine-1.7.2.jar:/home/alex/.m2/repository/org/junit/vintage/junit-vintage-engine/5.7.2/junit-vintage-engine-5.7.2.jar:/home/alex/.m2/repository/junit/junit/4.13.2/junit-4.13.2.jar:/home/alex/.m2/repository/org/hamcrest/hamcrest-core/1.3/hamcrest-core-1.3.jar:/home/alex/.m2/repository/org/junit/jupiter/junit-jupiter-params/5.7.2/junit-jupiter-params-5.7.2.jar:/home/alex/.m2/repository/org/mockito/mockito-core/3.11.2/mockito-core-3.11.2.jar:/home/alex/.m2/repository/net/bytebuddy/byte-buddy/1.11.3/byte-buddy-1.11.3.jar:/home/alex/.m2/repository/net/bytebuddy/byte-buddy-agent/1.11.3/byte-buddy-agent-1.11.3.jar:/home/alex/.m2/repository/org/objenesis/objenesis/3.2/objenesis-3.2.jar:/home/alex/.m2/repository/org/mockito/mockito-junit-jupiter/3.11.2/mockito-junit-jupiter-3.11.2.jar:/home/alex/.m2/repository/org/slf4j/slf4j-simple/1.7.32/slf4j-simple-1.7.32.jar:/home/alex/.m2/repository/org/codehaus/groovy/groovy-test/2.5.14/groovy-test-2.5.14.jar:/home/alex/.m2/repository/org/codehaus/groovy/groovy/2.5.14/groovy-2.5.14.jar:"/>
    <property name="java.vm.vendor" value="Private Build"/>
    <property name="sun.arch.data.model" value="64"/>
    <property name="java.vendor.url" value="http://java.oracle.com/"/>
    <property name="user.timezone" value="Europe/Lisbon"/>
    <property name="java.vm.specification.version" value="1.8"/>
    <property name="os.name" value="Linux"/>
    <property name="user.country" value="US"/>
    <property name="sun.java.launcher" value="SUN_STANDARD"/>
    <property name="sun.boot.library.path" value="/usr/lib/jvm/java-8-openjdk-amd64/jre/lib/amd64"/>
    <property name="sun.java.command" value="/home/alex/Repositories/nifi/nifi-nar-bundles/nifi-cassandra-bundle/nifi-cassandra-processors/target/surefire/surefirebooter341838778878142421.jar /home/alex/Repositories/nifi/nifi-nar-bundles/nifi-cassandra-bundle/nifi-cassandra-processors/target/surefire 2024-05-02T01-50-21_887-jvmRun1 surefire8326783467589468460tmp surefire_1258811830664535750408tmp"/>
    <property name="surefire.test.class.path" value="/home/alex/Repositories/nifi/nifi-nar-bundles/nifi-cassandra-bundle/nifi-cassandra-processors/target/test-classes:/home/alex/Repositories/nifi/nifi-nar-bundles/nifi-cassandra-bundle/nifi-cassandra-processors/target/classes:/home/alex/Repositories/nifi/nifi-api/target/classes:/home/alex/Repositories/nifi/nifi-nar-bundles/nifi-extension-utils/nifi-processor-utils/target/classes:/home/alex/Repositories/nifi/nifi-commons/nifi-utils/target/classes:/home/alex/Repositories/nifi/nifi-commons/nifi-security-socket-ssl/target/classes:/home/alex/.m2/repository/commons-io/commons-io/2.10.0/commons-io-2.10.0.jar:/home/alex/.m2/repository/org/apache/commons/commons-lang3/3.11/commons-lang3-3.11.jar:/home/alex/.m2/repository/com/fasterxml/jackson/core/jackson-databind/2.12.3/jackson-databind-2.12.3.jar:/home/alex/.m2/repository/com/fasterxml/jackson/core/jackson-annotations/2.12.3/jackson-annotations-2.12.3.jar:/home/alex/.m2/repository/com/fasterxml/jackson/core/jackson-core/2.12.3/jackson-core-2.12.3.jar:/home/alex/Repositories/nifi/nifi-nar-bundles/nifi-extension-utils/nifi-event-transport/target/classes:/home/alex/Repositories/nifi/nifi-commons/nifi-properties/target/classes:/home/alex/Repositories/nifi/nifi-commons/nifi-property-utils/target/classes:/home/alex/.m2/repository/com/datastax/cassandra/cassandra-driver-core/3.10.2/cassandra-driver-core-3.10.2.jar:/home/alex/.m2/repository/io/netty/netty-handler/4.0.56.Final/netty-handler-4.0.56.Final.jar:/home/alex/.m2/repository/io/netty/netty-buffer/4.0.56.Final/netty-buffer-4.0.56.Final.jar:/home/alex/.m2/repository/io/netty/netty-common/4.0.56.Final/netty-common-4.0.56.Final.jar:/home/alex/.m2/repository/io/netty/netty-transport/4.0.56.Final/netty-transport-4.0.56.Final.jar:/home/alex/.m2/repository/io/netty/netty-codec/4.0.56.Final/netty-codec-4.0.56.Final.jar:/home/alex/.m2/repository/com/google/guava/guava/19.0/guava-19.0.jar:/home/alex/.m2/repository/io/dropwizard/metrics/metrics-core/3.2.2/metrics-core-3.2.2.jar:/home/alex/.m2/repository/org/slf4j/slf4j-api/1.7.32/slf4j-api-1.7.32.jar:/home/alex/.m2/repository/com/github/jnr/jnr-ffi/2.1.7/jnr-ffi-2.1.7.jar:/home/alex/.m2/repository/com/github/jnr/jffi/1.2.16/jffi-1.2.16.jar:/home/alex/.m2/repository/com/github/jnr/jffi/1.2.16/jffi-1.2.16-native.jar:/home/alex/.m2/repository/org/ow2/asm/asm/5.0.3/asm-5.0.3.jar:/home/alex/.m2/repository/org/ow2/asm/asm-commons/5.0.3/asm-commons-5.0.3.jar:/home/alex/.m2/repository/org/ow2/asm/asm-analysis/5.0.3/asm-analysis-5.0.3.jar:/home/alex/.m2/repository/org/ow2/asm/asm-tree/5.0.3/asm-tree-5.0.3.jar:/home/alex/.m2/repository/org/ow2/asm/asm-util/5.0.3/asm-util-5.0.3.jar:/home/alex/.m2/repository/com/github/jnr/jnr-x86asm/1.0.2/jnr-x86asm-1.0.2.jar:/home/alex/.m2/repository/com/github/jnr/jnr-posix/3.0.44/jnr-posix-3.0.44.jar:/home/alex/.m2/repository/com/github/jnr/jnr-constants/0.9.9/jnr-constants-0.9.9.jar:/home/alex/.m2/repository/com/datastax/cassandra/cassandra-driver-extras/3.10.2/cassandra-driver-extras-3.10.2.jar:/home/alex/Repositories/nifi/nifi-nar-bundles/nifi-standard-services/nifi-ssl-context-service-api/target/classes:/home/alex/Repositories/nifi/nifi-commons/nifi-security-utils-api/target/classes:/home/alex/.m2/repository/org/apache/avro/avro/1.8.1/avro-1.8.1.jar:/home/alex/.m2/repository/org/codehaus/jackson/jackson-core-asl/1.9.13/jackson-core-asl-1.9.13.jar:/home/alex/.m2/repository/org/codehaus/jackson/jackson-mapper-asl/1.9.13/jackson-mapper-asl-1.9.13.jar:/home/alex/.m2/repository/com/thoughtworks/paranamer/paranamer/2.7/paranamer-2.7.jar:/home/alex/.m2/repository/org/xerial/snappy/snappy-java/1.1.1.3/snappy-java-1.1.1.3.jar:/home/alex/.m2/repository/org/apache/commons/commons-compress/1.21/commons-compress-1.21.jar:/home/alex/.m2/repository/org/tukaani/xz/1.5/xz-1.5.jar:/home/alex/Repositories/nifi/nifi-nar-bundles/nifi-cassandra-bundle/nifi-cassandra-services-api/target/classes:/home/alex/Repositories/nifi/nifi-nar-bundles/nifi-cassandra-bundle/nifi-cassandra-services/target/classes:/home/alex/Repositories/nifi/nifi-nar-bundles/nifi-standard-services/nifi-record-serialization-service-api/target/classes:/home/alex/Repositories/nifi/nifi-commons/nifi-record/target/classes:/home/alex/Repositories/nifi/nifi-mock/target/classes:/home/alex/Repositories/nifi/nifi-framework-api/target/classes:/home/alex/Repositories/nifi/nifi-commons/nifi-parameter/target/classes:/home/alex/Repositories/nifi/nifi-nar-bundles/nifi-framework-bundle/nifi-framework/nifi-framework-core-api/target/classes:/home/alex/Repositories/nifi/nifi-nar-bundles/nifi-framework-bundle/nifi-framework/nifi-framework-nar-utils/target/classes:/home/alex/Repositories/nifi/nifi-nar-bundles/nifi-framework-bundle/nifi-framework/nifi-client-dto/target/classes:/home/alex/.m2/repository/io/swagger/swagger-annotations/1.6.0/swagger-annotations-1.6.0.jar:/home/alex/Repositories/nifi/nifi-commons/nifi-site-to-site-client/target/classes:/home/alex/Repositories/nifi/nifi-commons/nifi-security-utils/target/classes:/home/alex/Repositories/nifi/nifi-commons/nifi-security-kms/target/classes:/home/alex/.m2/repository/org/bouncycastle/bcprov-jdk15on/1.69/bcprov-jdk15on-1.69.jar:/home/alex/.m2/repository/org/bouncycastle/bcpkix-jdk15on/1.69/bcpkix-jdk15on-1.69.jar:/home/alex/.m2/repository/org/bouncycastle/bcutil-jdk15on/1.69/bcutil-jdk15on-1.69.jar:/home/alex/.m2/repository/at/favre/lib/bcrypt/0.9.0/bcrypt-0.9.0.jar:/home/alex/.m2/repository/at/favre/lib/bytes/1.3.0/bytes-1.3.0.jar:/home/alex/.m2/repository/org/apache/commons/commons-configuration2/2.7/commons-configuration2-2.7.jar:/home/alex/.m2/repository/org/apache/httpcomponents/httpclient/4.5.5/httpclient-4.5.5.jar:/home/alex/.m2/repository/org/apache/httpcomponents/httpcore/4.4.9/httpcore-4.4.9.jar:/home/alex/.m2/repository/org/apache/httpcomponents/httpasyncclient/4.1.4/httpasyncclient-4.1.4.jar:/home/alex/.m2/repository/org/apache/httpcomponents/httpcore-nio/4.4.10/httpcore-nio-4.4.10.jar:/home/alex/Repositories/nifi/nifi-nar-bundles/nifi-framework-bundle/nifi-framework/nifi-framework-authorization/target/classes:/home/alex/Repositories/nifi/nifi-registry/nifi-registry-core/nifi-registry-data-model/target/classes:/home/alex/.m2/repository/javax/validation/validation-api/2.0.1.Final/validation-api-2.0.1.Final.jar:/home/alex/.m2/repository/javax/ws/rs/javax.ws.rs-api/2.1/javax.ws.rs-api-2.1.jar:/home/alex/Repositories/nifi/nifi-registry/nifi-registry-core/nifi-registry-revision/nifi-registry-revision-entity-model/target/classes:/home/alex/Repositories/nifi/nifi-registry/nifi-registry-core/nifi-registry-client/target/classes:/home/alex/Repositories/nifi/nifi-registry/nifi-registry-core/nifi-registry-security-utils/target/classes:/home/alex/.m2/repository/org/glassfish/jersey/core/jersey-client/2.33/jersey-client-2.33.jar:/home/alex/.m2/repository/jakarta/ws/rs/jakarta.ws.rs-api/2.1.6/jakarta.ws.rs-api-2.1.6.jar:/home/alex/.m2/repository/org/glassfish/hk2/external/jakarta.inject/2.6.1/jakarta.inject-2.6.1.jar:/home/alex/.m2/repository/org/glassfish/jersey/media/jersey-media-json-jackson/2.33/jersey-media-json-jackson-2.33.jar:/home/alex/.m2/repository/org/glassfish/jersey/ext/jersey-entity-filtering/2.33/jersey-entity-filtering-2.33.jar:/home/alex/.m2/repository/com/fasterxml/jackson/module/jackson-module-jaxb-annotations/2.11.3/jackson-module-jaxb-annotations-2.11.3.jar:/home/alex/.m2/repository/jakarta/xml/bind/jakarta.xml.bind-api/2.3.2/jakarta.xml.bind-api-2.3.2.jar:/home/alex/.m2/repository/jakarta/activation/jakarta.activation-api/1.2.1/jakarta.activation-api-1.2.1.jar:/home/alex/.m2/repository/org/glassfish/jersey/inject/jersey-hk2/2.33/jersey-hk2-2.33.jar:/home/alex/.m2/repository/org/glassfish/hk2/hk2-locator/2.6.1/hk2-locator-2.6.1.jar:/home/alex/.m2/repository/org/glassfish/hk2/external/aopalliance-repackaged/2.6.1/aopalliance-repackaged-2.6.1.jar:/home/alex/.m2/repository/org/glassfish/hk2/hk2-api/2.6.1/hk2-api-2.6.1.jar:/home/alex/.m2/repository/org/glassfish/hk2/hk2-utils/2.6.1/hk2-utils-2.6.1.jar:/home/alex/.m2/repository/org/javassist/javassist/3.25.0-GA/javassist-3.25.0-GA.jar:/home/alex/.m2/repository/org/glassfish/jersey/core/jersey-common/2.33/jersey-common-2.33.jar:/home/alex/.m2/repository/jakarta/annotation/jakarta.annotation-api/1.3.5/jakarta.annotation-api-1.3.5.jar:/home/alex/.m2/repository/org/glassfish/hk2/osgi-resource-locator/1.0.3/osgi-resource-locator-1.0.3.jar:/home/alex/.m2/repository/org/glassfish/jersey/media/jersey-media-multipart/2.33/jersey-media-multipart-2.33.jar:/home/alex/.m2/repository/org/jvnet/mimepull/mimepull/1.9.13/mimepull-1.9.13.jar:/home/alex/Repositories/nifi/nifi-commons/nifi-expression-language/target/classes:/home/alex/.m2/repository/org/antlr/antlr-runtime/3.5.2/antlr-runtime-3.5.2.jar:/home/alex/Repositories/nifi/nifi-commons/nifi-uuid5/target/classes:/home/alex/.m2/repository/com/jayway/jsonpath/json-path/2.6.0/json-path-2.6.0.jar:/home/alex/.m2/repository/net/minidev/json-smart/2.4.7/json-smart-2.4.7.jar:/home/alex/.m2/repository/net/minidev/accessors-smart/2.4.7/accessors-smart-2.4.7.jar:/home/alex/.m2/repository/commons-codec/commons-codec/1.14/commons-codec-1.14.jar:/home/alex/Repositories/nifi/nifi-commons/nifi-data-provenance-utils/target/classes:/home/alex/Repositories/nifi/nifi-nar-bundles/nifi-extension-utils/nifi-record-utils/nifi-mock-record-utils/target/classes:/home/alex/.m2/repository/org/apache/commons/commons-text/1.8/commons-text-1.8.jar:/home/alex/.m2/repository/org/junit/jupiter/junit-jupiter-api/5.7.2/junit-jupiter-api-5.7.2.jar:/home/alex/.m2/repository/org/apiguardian/apiguardian-api/1.1.0/apiguardian-api-1.1.0.jar:/home/alex/.m2/repository/org/opentest4j/opentest4j/1.2.0/opentest4j-1.2.0.jar:/home/alex/.m2/repository/org/junit/platform/junit-platform-commons/1.7.2/junit-platform-commons-1.7.2.jar:/home/alex/.m2/repository/org/junit/jupiter/junit-jupiter-engine/5.7.2/junit-jupiter-engine-5.7.2.jar:/home/alex/.m2/repository/org/junit/platform/junit-platform-engine/1.7.2/junit-platform-engine-1.7.2.jar:/home/alex/.m2/repository/org/junit/vintage/junit-vintage-engine/5.7.2/junit-vintage-engine-5.7.2.jar:/home/alex/.m2/repository/junit/junit/4.13.2/junit-4.13.2.jar:/home/alex/.m2/repository/org/hamcrest/hamcrest-core/1.3/hamcrest-core-1.3.jar:/home/alex/.m2/repository/org/junit/jupiter/junit-jupiter-params/5.7.2/junit-jupiter-params-5.7.2.jar:/home/alex/.m2/repository/org/mockito/mockito-core/3.11.2/mockito-core-3.11.2.jar:/home/alex/.m2/repository/net/bytebuddy/byte-buddy/1.11.3/byte-buddy-1.11.3.jar:/home/alex/.m2/repository/net/bytebuddy/byte-buddy-agent/1.11.3/byte-buddy-agent-1.11.3.jar:/home/alex/.m2/repository/org/objenesis/objenesis/3.2/objenesis-3.2.jar:/home/alex/.m2/repository/org/mockito/mockito-junit-jupiter/3.11.2/mockito-junit-jupiter-3.11.2.jar:/home/alex/.m2/repository/org/slf4j/slf4j-simple/1.7.32/slf4j-simple-1.7.32.jar:/home/alex/.m2/repository/org/codehaus/groovy/groovy-test/2.5.14/groovy-test-2.5.14.jar:/home/alex/.m2/repository/org/codehaus/groovy/groovy/2.5.14/groovy-2.5.14.jar:"/>
    <property name="sun.cpu.endian" value="little"/>
    <property name="user.home" value="/home/alex"/>
    <property name="user.language" value="en"/>
    <property name="java.specification.vendor" value="Oracle Corporation"/>
    <property name="java.home" value="/usr/lib/jvm/java-8-openjdk-amd64/jre"/>
    <property name="basedir" value="/home/alex/Repositories/nifi/nifi-nar-bundles/nifi-cassandra-bundle/nifi-cassandra-processors"/>
    <property name="file.separator" value="/"/>
    <property name="line.separator" value="&#10;"/>
    <property name="java.vm.specification.vendor" value="Oracle Corporation"/>
    <property name="java.specification.name" value="Java Platform API Specification"/>
    <property name="java.awt.graphicsenv" value="sun.awt.X11GraphicsEnvironment"/>
    <property name="java.awt.headless" value="true"/>
    <property name="surefire.real.class.path" value="/home/alex/Repositories/nifi/nifi-nar-bundles/nifi-cassandra-bundle/nifi-cassandra-processors/target/surefire/surefirebooter341838778878142421.jar"/>
    <property name="sun.boot.class.path" value="/usr/lib/jvm/java-8-openjdk-amd64/jre/lib/resources.jar:/usr/lib/jvm/java-8-openjdk-amd64/jre/lib/rt.jar:/usr/lib/jvm/java-8-openjdk-amd64/jre/lib/sunrsasign.jar:/usr/lib/jvm/java-8-openjdk-amd64/jre/lib/jsse.jar:/usr/lib/jvm/java-8-openjdk-amd64/jre/lib/jce.jar:/usr/lib/jvm/java-8-openjdk-amd64/jre/lib/charsets.jar:/usr/lib/jvm/java-8-openjdk-amd64/jre/lib/jfr.jar:/usr/lib/jvm/java-8-openjdk-amd64/jre/classes"/>
    <property name="sun.management.compiler" value="HotSpot 64-Bit Tiered Compilers"/>
    <property name="java.runtime.version" value="1.8.0_402-8u402-ga-2ubuntu1~22.04-b06"/>
    <property name="java.net.preferIPv4Stack" value="true"/>
    <property name="user.name" value="alex"/>
    <property name="path.separator" value=":"/>
    <property name="os.version" value="6.5.0-28-generic"/>
    <property name="java.endorsed.dirs" value="/usr/lib/jvm/java-8-openjdk-amd64/jre/lib/endorsed"/>
    <property name="java.runtime.name" value="OpenJDK Runtime Environment"/>
    <property name="file.encoding" value="UTF-8"/>
    <property name="java.vm.name" value="OpenJDK 64-Bit Server VM"/>
    <property name="localRepository" value="/home/alex/.m2/repository"/>
    <property name="java.vendor.url.bug" value="http://bugreport.sun.com/bugreport/"/>
    <property name="java.io.tmpdir" value="/tmp"/>
    <property name="java.version" value="1.8.0_402"/>
    <property name="user.dir" value="/home/alex/Repositories/nifi/nifi-nar-bundles/nifi-cassandra-bundle/nifi-cassandra-processors"/>
    <property name="os.arch" value="amd64"/>
    <property name="java.vm.specification.name" value="Java Virtual Machine Specification"/>
    <property name="java.awt.printerjob" value="sun.print.PSPrinterJob"/>
    <property name="sun.os.patch.level" value="unknown"/>
    <property name="java.library.path" value="/usr/java/packages/lib/amd64:/usr/lib/x86_64-linux-gnu/jni:/lib/x86_64-linux-gnu:/usr/lib/x86_64-linux-gnu:/usr/lib/jni:/lib:/usr/lib"/>
    <property name="java.vm.info" value="mixed mode"/>
    <property name="java.vendor" value="Private Build"/>
    <property name="java.vm.version" value="25.402-b06"/>
    <property name="java.specification.maintenance.version" value="5"/>
    <property name="java.ext.dirs" value="/usr/lib/jvm/java-8-openjdk-amd64/jre/lib/ext:/usr/java/packages/lib/ext"/>
    <property name="sun.io.unicode.encoding" value="UnicodeLittle"/>
    <property name="java.class.version" value="52.0"/>
  </properties>
  <testcase name="testProcessorHappyPathELConfig" classname="org.apache.nifi.processors.cassandra.PutCassandraQLTest" time="0.397">
    <system-err><![CDATA[[main] WARN com.datastax.driver.core.CodecRegistry - Ignoring codec ObjectArrayCodec [list<varchar> <-> [Ljava.lang.String;] because it collides with previously registered codec ObjectArrayCodec [list<varchar> <-> [Ljava.lang.String;]
[main] INFO com.datastax.driver.core.ClockFactory - Using native clock to generate timestamps.
[main] INFO org.apache.nifi.processors.cassandra.PutCassandraQLTest$MockPutCassandraQL - MockPutCassandraQL[id=c4dbb410-2fc7-40af-9f3a-05f38c610962] Connected to Cassandra cluster: cluster1
]]></system-err>
  </testcase>
  <testcase name="testProcessorConfigValidity" classname="org.apache.nifi.processors.cassandra.PutCassandraQLTest" time="0.002"/>
  <testcase name="testProcessorUnavailableException" classname="org.apache.nifi.processors.cassandra.PutCassandraQLTest" time="0.013">
    <system-err><![CDATA[[main] WARN com.datastax.driver.core.CodecRegistry - Ignoring codec ObjectArrayCodec [list<varchar> <-> [Ljava.lang.String;] because it collides with previously registered codec ObjectArrayCodec [list<varchar> <-> [Ljava.lang.String;]
[main] INFO com.datastax.driver.core.ClockFactory - Using native clock to generate timestamps.
[main] INFO org.apache.nifi.processors.cassandra.PutCassandraQLTest$MockPutCassandraQL - MockPutCassandraQL[id=dc5a787e-9adc-458b-b3b4-03dadd4c80ba] Connected to Cassandra cluster: cluster1
[pool-3-thread-1] ERROR org.apache.nifi.processors.cassandra.PutCassandraQLTest$MockPutCassandraQL - [MockPutCassandraQL[id=dc5a787e-9adc-458b-b3b4-03dadd4c80ba]] Cannot execute the statement with the requested consistency level successfully
com.datastax.driver.core.exceptions.UnavailableException: Not enough replicas available for query at consistency ALL (5 required but only 2 alive)
	at org.apache.nifi.processors.cassandra.PutCassandraQL.onTrigger(PutCassandraQL.java:226)
	at org.apache.nifi.processor.AbstractProcessor.onTrigger(AbstractProcessor.java:27)
	at org.apache.nifi.util.StandardProcessorTestRunner$RunProcessor.call(StandardProcessorTestRunner.java:284)
	at org.apache.nifi.util.StandardProcessorTestRunner$RunProcessor.call(StandardProcessorTestRunner.java:278)
	at java.util.concurrent.FutureTask.run(FutureTask.java:266)
	at java.util.concurrent.ScheduledThreadPoolExecutor$ScheduledFutureTask.access$201(ScheduledThreadPoolExecutor.java:180)
	at java.util.concurrent.ScheduledThreadPoolExecutor$ScheduledFutureTask.run(ScheduledThreadPoolExecutor.java:293)
	at java.util.concurrent.ThreadPoolExecutor.runWorker(ThreadPoolExecutor.java:1149)
	at java.util.concurrent.ThreadPoolExecutor$Worker.run(ThreadPoolExecutor.java:624)
	at java.lang.Thread.run(Thread.java:750)
]]></system-err>
  </testcase>
  <testcase name="testProcessorInvalidQueryException" classname="org.apache.nifi.processors.cassandra.PutCassandraQLTest" time="0.01">
    <system-err><![CDATA[[main] WARN com.datastax.driver.core.CodecRegistry - Ignoring codec ObjectArrayCodec [list<varchar> <-> [Ljava.lang.String;] because it collides with previously registered codec ObjectArrayCodec [list<varchar> <-> [Ljava.lang.String;]
[main] INFO com.datastax.driver.core.ClockFactory - Using native clock to generate timestamps.
[main] INFO org.apache.nifi.processors.cassandra.PutCassandraQLTest$MockPutCassandraQL - MockPutCassandraQL[id=b665adf8-215d-442b-8035-9538eaad79f3] Connected to Cassandra cluster: cluster1
[pool-4-thread-1] ERROR org.apache.nifi.processors.cassandra.PutCassandraQLTest$MockPutCassandraQL - MockPutCassandraQL[id=b665adf8-215d-442b-8035-9538eaad79f3] The CQL statement UPDATE users SET cities = [ 'New York', 'Los Angeles' ] WHERE user_id = 'coast2coast'; is invalid due to syntax error, authorization issue, or another validation problem; routing FlowFile[0,92390320130237.mockFlowFile,86B] to failure: com.datastax.driver.core.exceptions.InvalidQueryException: invalid query
com.datastax.driver.core.exceptions.InvalidQueryException: invalid query
	at org.apache.nifi.processors.cassandra.PutCassandraQL.onTrigger(PutCassandraQL.java:226)
	at org.apache.nifi.processor.AbstractProcessor.onTrigger(AbstractProcessor.java:27)
	at org.apache.nifi.util.StandardProcessorTestRunner$RunProcessor.call(StandardProcessorTestRunner.java:284)
	at org.apache.nifi.util.StandardProcessorTestRunner$RunProcessor.call(StandardProcessorTestRunner.java:278)
	at java.util.concurrent.FutureTask.run(FutureTask.java:266)
	at java.util.concurrent.ScheduledThreadPoolExecutor$ScheduledFutureTask.access$201(ScheduledThreadPoolExecutor.java:180)
	at java.util.concurrent.ScheduledThreadPoolExecutor$ScheduledFutureTask.run(ScheduledThreadPoolExecutor.java:293)
	at java.util.concurrent.ThreadPoolExecutor.runWorker(ThreadPoolExecutor.java:1149)
	at java.util.concurrent.ThreadPoolExecutor$Worker.run(ThreadPoolExecutor.java:624)
	at java.lang.Thread.run(Thread.java:750)
]]></system-err>
  </testcase>
  <testcase name="testProcessorProcessException" classname="org.apache.nifi.processors.cassandra.PutCassandraQLTest" time="0.01">
    <system-err><![CDATA[[main] WARN com.datastax.driver.core.CodecRegistry - Ignoring codec ObjectArrayCodec [list<varchar> <-> [Ljava.lang.String;] because it collides with previously registered codec ObjectArrayCodec [list<varchar> <-> [Ljava.lang.String;]
[main] INFO com.datastax.driver.core.ClockFactory - Using native clock to generate timestamps.
[main] INFO org.apache.nifi.processors.cassandra.PutCassandraQLTest$MockPutCassandraQL - MockPutCassandraQL[id=498be470-a85a-4f72-af50-b05bbb55cff7] Connected to Cassandra cluster: cluster1
[pool-5-thread-1] ERROR org.apache.nifi.processors.cassandra.PutCassandraQLTest$MockPutCassandraQL - MockPutCassandraQL[id=498be470-a85a-4f72-af50-b05bbb55cff7] Unable to execute CQL select statement UPDATE users SET cities = [ 'New York', 'Los Angeles' ] WHERE user_id = 'coast2coast'; for FlowFile[0,92390329533780.mockFlowFile,86B] due to org.apache.nifi.processor.exception.ProcessException; routing to failure: org.apache.nifi.processor.exception.ProcessException
org.apache.nifi.processor.exception.ProcessException
	at org.apache.nifi.processors.cassandra.PutCassandraQL.onTrigger(PutCassandraQL.java:226)
	at org.apache.nifi.processor.AbstractProcessor.onTrigger(AbstractProcessor.java:27)
	at org.apache.nifi.util.StandardProcessorTestRunner$RunProcessor.call(StandardProcessorTestRunner.java:284)
	at org.apache.nifi.util.StandardProcessorTestRunner$RunProcessor.call(StandardProcessorTestRunner.java:278)
	at java.util.concurrent.FutureTask.run(FutureTask.java:266)
	at java.util.concurrent.ScheduledThreadPoolExecutor$ScheduledFutureTask.access$201(ScheduledThreadPoolExecutor.java:180)
	at java.util.concurrent.ScheduledThreadPoolExecutor$ScheduledFutureTask.run(ScheduledThreadPoolExecutor.java:293)
	at java.util.concurrent.ThreadPoolExecutor.runWorker(ThreadPoolExecutor.java:1149)
	at java.util.concurrent.ThreadPoolExecutor$Worker.run(ThreadPoolExecutor.java:624)
	at java.lang.Thread.run(Thread.java:750)
]]></system-err>
  </testcase>
  <testcase name="testProcessorELConfigValidity" classname="org.apache.nifi.processors.cassandra.PutCassandraQLTest" time="0.003"/>
  <testcase name="testProcessorBadTimestamp" classname="org.apache.nifi.processors.cassandra.PutCassandraQLTest" time="0.011">
    <system-err><![CDATA[[main] WARN com.datastax.driver.core.CodecRegistry - Ignoring codec ObjectArrayCodec [list<varchar> <-> [Ljava.lang.String;] because it collides with previously registered codec ObjectArrayCodec [list<varchar> <-> [Ljava.lang.String;]
[main] INFO com.datastax.driver.core.ClockFactory - Using native clock to generate timestamps.
[main] INFO org.apache.nifi.processors.cassandra.PutCassandraQLTest$MockPutCassandraQL - MockPutCassandraQL[id=84888ca8-36ed-4a33-9de1-2c2bb452af64] Connected to Cassandra cluster: cluster1
[pool-6-thread-1] ERROR org.apache.nifi.processors.cassandra.PutCassandraQLTest$MockPutCassandraQL - MockPutCassandraQL[id=84888ca8-36ed-4a33-9de1-2c2bb452af64] Unable to execute CQL select statement INSERT INTO users (user_id, first_name, last_name, properties, bits, scaleset, largenum, scale, byteobject, ts) VALUES ?, ?, ?, ?, ?, ?, ?, ?, ?, ? for FlowFile[0,92390343165703.mockFlowFile,147B] due to org.apache.nifi.processor.exception.ProcessException: The value of the cql.args.10.value is 'not a timestamp', which cannot be converted into the necessary data type: timestamp; routing to failure: org.apache.nifi.processor.exception.ProcessException: The value of the cql.args.10.value is 'not a timestamp', which cannot be converted into the necessary data type: timestamp
org.apache.nifi.processor.exception.ProcessException: The value of the cql.args.10.value is 'not a timestamp', which cannot be converted into the necessary data type: timestamp
	at org.apache.nifi.processors.cassandra.PutCassandraQL.onTrigger(PutCassandraQL.java:219)
	at org.apache.nifi.processor.AbstractProcessor.onTrigger(AbstractProcessor.java:27)
	at org.apache.nifi.util.StandardProcessorTestRunner$RunProcessor.call(StandardProcessorTestRunner.java:284)
	at org.apache.nifi.util.StandardProcessorTestRunner$RunProcessor.call(StandardProcessorTestRunner.java:278)
	at java.util.concurrent.FutureTask.run(FutureTask.java:266)
	at java.util.concurrent.ScheduledThreadPoolExecutor$ScheduledFutureTask.access$201(ScheduledThreadPoolExecutor.java:180)
	at java.util.concurrent.ScheduledThreadPoolExecutor$ScheduledFutureTask.run(ScheduledThreadPoolExecutor.java:293)
	at java.util.concurrent.ThreadPoolExecutor.runWorker(ThreadPoolExecutor.java:1149)
	at java.util.concurrent.ThreadPoolExecutor$Worker.run(ThreadPoolExecutor.java:624)
	at java.lang.Thread.run(Thread.java:750)
Caused by: com.datastax.driver.core.exceptions.InvalidTypeException: Cannot parse timestamp value from "not a timestamp"
	at com.datastax.driver.core.TypeCodec$TimestampCodec.parse(TypeCodec.java:1497)
	at com.datastax.driver.core.TypeCodec$TimestampCodec.parse(TypeCodec.java:1470)
	at org.apache.nifi.processors.cassandra.PutCassandraQL.setStatementObject(PutCassandraQL.java:356)
	at org.apache.nifi.processors.cassandra.PutCassandraQL.onTrigger(PutCassandraQL.java:217)
	... 9 more
]]></system-err>
  </testcase>
  <testcase name="testProcessorUuid" classname="org.apache.nifi.processors.cassandra.PutCassandraQLTest" time="0.008">
    <system-err><![CDATA[[main] WARN com.datastax.driver.core.CodecRegistry - Ignoring codec ObjectArrayCodec [list<varchar> <-> [Ljava.lang.String;] because it collides with previously registered codec ObjectArrayCodec [list<varchar> <-> [Ljava.lang.String;]
[main] INFO com.datastax.driver.core.ClockFactory - Using native clock to generate timestamps.
[main] INFO org.apache.nifi.processors.cassandra.PutCassandraQLTest$MockPutCassandraQL - MockPutCassandraQL[id=ea8c0990-6154-4f9c-9184-6f72d6020ba8] Connected to Cassandra cluster: cluster1
]]></system-err>
  </testcase>
  <testcase name="testProcessorHappyPath" classname="org.apache.nifi.processors.cassandra.PutCassandraQLTest" time="0.008">
    <system-err><![CDATA[[main] WARN com.datastax.driver.core.CodecRegistry - Ignoring codec ObjectArrayCodec [list<varchar> <-> [Ljava.lang.String;] because it collides with previously registered codec ObjectArrayCodec [list<varchar> <-> [Ljava.lang.String;]
[main] INFO com.datastax.driver.core.ClockFactory - Using native clock to generate timestamps.
[main] INFO org.apache.nifi.processors.cassandra.PutCassandraQLTest$MockPutCassandraQL - MockPutCassandraQL[id=23daf0d2-8fca-4d09-a986-a5ce8556eefe] Connected to Cassandra cluster: cluster1
]]></system-err>
  </testcase>
  <testcase name="testProcessorBadUuid" classname="org.apache.nifi.processors.cassandra.PutCassandraQLTest" time="0.009">
    <system-err><![CDATA[[main] WARN com.datastax.driver.core.CodecRegistry - Ignoring codec ObjectArrayCodec [list<varchar> <-> [Ljava.lang.String;] because it collides with previously registered codec ObjectArrayCodec [list<varchar> <-> [Ljava.lang.String;]
[main] INFO com.datastax.driver.core.ClockFactory - Using native clock to generate timestamps.
[main] INFO org.apache.nifi.processors.cassandra.PutCassandraQLTest$MockPutCassandraQL - MockPutCassandraQL[id=2357d461-7fa0-4c5b-834c-fa7316b6d5d2] Connected to Cassandra cluster: cluster1
[pool-9-thread-1] ERROR org.apache.nifi.processors.cassandra.PutCassandraQLTest$MockPutCassandraQL - MockPutCassandraQL[id=2357d461-7fa0-4c5b-834c-fa7316b6d5d2] Unable to execute CQL select statement INSERT INTO users (user_id, first_name, last_name, properties, bits, scaleset, largenum, scale, byteobject, ts) VALUES ?, ?, ?, ?, ?, ?, ?, ?, ?, ? for FlowFile[0,92390369820223.mockFlowFile,147B] due to org.apache.nifi.processor.exception.ProcessException: The value of the cql.args.10.value is 'bad-uuid', which cannot be converted into the necessary data type: uuid; routing to failure: org.apache.nifi.processor.exception.ProcessException: The value of the cql.args.10.value is 'bad-uuid', which cannot be converted into the necessary data type: uuid
org.apache.nifi.processor.exception.ProcessException: The value of the cql.args.10.value is 'bad-uuid', which cannot be converted into the necessary data type: uuid
	at org.apache.nifi.processors.cassandra.PutCassandraQL.onTrigger(PutCassandraQL.java:219)
	at org.apache.nifi.processor.AbstractProcessor.onTrigger(AbstractProcessor.java:27)
	at org.apache.nifi.util.StandardProcessorTestRunner$RunProcessor.call(StandardProcessorTestRunner.java:284)
	at org.apache.nifi.util.StandardProcessorTestRunner$RunProcessor.call(StandardProcessorTestRunner.java:278)
	at java.util.concurrent.FutureTask.run(FutureTask.java:266)
	at java.util.concurrent.ScheduledThreadPoolExecutor$ScheduledFutureTask.access$201(ScheduledThreadPoolExecutor.java:180)
	at java.util.concurrent.ScheduledThreadPoolExecutor$ScheduledFutureTask.run(ScheduledThreadPoolExecutor.java:293)
	at java.util.concurrent.ThreadPoolExecutor.runWorker(ThreadPoolExecutor.java:1149)
	at java.util.concurrent.ThreadPoolExecutor$Worker.run(ThreadPoolExecutor.java:624)
	at java.lang.Thread.run(Thread.java:750)
Caused by: com.datastax.driver.core.exceptions.InvalidTypeException: Cannot parse UUID value from "bad-uuid"
	at com.datastax.driver.core.TypeCodec$AbstractUUIDCodec.parse(TypeCodec.java:1649)
	at com.datastax.driver.core.TypeCodec$AbstractUUIDCodec.parse(TypeCodec.java:1635)
	at org.apache.nifi.processors.cassandra.PutCassandraQL.setStatementObject(PutCassandraQL.java:359)
	at org.apache.nifi.processors.cassandra.PutCassandraQL.onTrigger(PutCassandraQL.java:217)
	... 9 more
Caused by: java.lang.IllegalArgumentException: Invalid UUID string: bad-uuid
	at java.util.UUID.fromString(UUID.java:194)
	at com.datastax.driver.core.TypeCodec$AbstractUUIDCodec.parse(TypeCodec.java:1646)
	... 12 more
]]></system-err>
  </testcase>
  <testcase name="testMultipleQuery" classname="org.apache.nifi.processors.cassandra.PutCassandraQLTest" time="0.013">
    <system-err><![CDATA[[main] WARN com.datastax.driver.core.CodecRegistry - Ignoring codec ObjectArrayCodec [list<varchar> <-> [Ljava.lang.String;] because it collides with previously registered codec ObjectArrayCodec [list<varchar> <-> [Ljava.lang.String;]
[main] INFO com.datastax.driver.core.ClockFactory - Using native clock to generate timestamps.
[main] INFO org.apache.nifi.processors.cassandra.PutCassandraQLTest$MockPutCassandraQL - MockPutCassandraQL[id=4675f5fb-9dc4-49a5-920f-543b47eac2c5] Connected to Cassandra cluster: cluster1
]]></system-err>
  </testcase>
  <testcase name="testProcessorNoHostAvailableException" classname="org.apache.nifi.processors.cassandra.PutCassandraQLTest" time="0.008">
    <system-err><![CDATA[[main] WARN com.datastax.driver.core.CodecRegistry - Ignoring codec ObjectArrayCodec [list<varchar> <-> [Ljava.lang.String;] because it collides with previously registered codec ObjectArrayCodec [list<varchar> <-> [Ljava.lang.String;]
[main] INFO com.datastax.driver.core.ClockFactory - Using native clock to generate timestamps.
[main] INFO org.apache.nifi.processors.cassandra.PutCassandraQLTest$MockPutCassandraQL - MockPutCassandraQL[id=fe995261-dd40-4a24-a8a4-529fc41182b7] Connected to Cassandra cluster: cluster1
[pool-11-thread-1] ERROR org.apache.nifi.processors.cassandra.PutCassandraQLTest$MockPutCassandraQL - [MockPutCassandraQL[id=fe995261-dd40-4a24-a8a4-529fc41182b7]] No host in the Cassandra cluster can be contacted successfully to execute this statement
com.datastax.driver.core.exceptions.NoHostAvailableException: All host(s) tried for query failed (no host was tried)
	at org.apache.nifi.processors.cassandra.PutCassandraQL.onTrigger(PutCassandraQL.java:226)
	at org.apache.nifi.processor.AbstractProcessor.onTrigger(AbstractProcessor.java:27)
	at org.apache.nifi.util.StandardProcessorTestRunner$RunProcessor.call(StandardProcessorTestRunner.java:284)
	at org.apache.nifi.util.StandardProcessorTestRunner$RunProcessor.call(StandardProcessorTestRunner.java:278)
	at java.util.concurrent.FutureTask.run(FutureTask.java:266)
	at java.util.concurrent.ScheduledThreadPoolExecutor$ScheduledFutureTask.access$201(ScheduledThreadPoolExecutor.java:180)
	at java.util.concurrent.ScheduledThreadPoolExecutor$ScheduledFutureTask.run(ScheduledThreadPoolExecutor.java:293)
	at java.util.concurrent.ThreadPoolExecutor.runWorker(ThreadPoolExecutor.java:1149)
	at java.util.concurrent.ThreadPoolExecutor$Worker.run(ThreadPoolExecutor.java:624)
	at java.lang.Thread.run(Thread.java:750)
[pool-11-thread-1] ERROR org.apache.nifi.processors.cassandra.PutCassandraQLTest$MockPutCassandraQL - MockPutCassandraQL[id=fe995261-dd40-4a24-a8a4-529fc41182b7] All host(s) tried for query failed (no host was tried)
]]></system-err>
  </testcase>
</testsuite>